<?xml version="1.0" encoding="UTF-8"?>
<TestRun id="5ced2ab0-7e9b-41ab-a6bb-872f6c38c0fd" name="Test Run 34" runUser="Oles Galatsan" xmlns="http://microsoft.com/schemas/VisualStudio/TeamTest/2010">
  <Times creation="2025-05-14T13:20:31.3125482Z" queuing="2025-05-14T13:20:31.3125482Z" start="2025-05-14T13:20:31.3146610Z" finish="2025-05-14T13:25:31.3147553Z" />
  <TestSettings name="Test Settings 34" id="c429ed71-9e26-4d4b-882d-c006f07a8abd" />
  <Results>
    <UnitTestResult executionId="0a488ca9-56ac-456c-8ed1-9c6e2198b71c" testId="455aacd9-4c55-42d2-b6aa-f8131775e999" testName="Test3301" computerName="UA-LPT-OGA2" duration="00:00:01.8020000" startTime="2025-05-14T13:20:31.3146610Z" endTime="2025-05-14T13:25:31.3147553Z" testType="13cdc9d9-ddb5-4fa4-a97d-d965ccfc6d4b" outcome="Passed" testListId="31099e9e-8ede-427b-a4f0-7f76c8aa3b70" />
    <UnitTestResult executionId="9112703a-f70f-465b-820b-f977f1c6c5c9" testId="dcfd3d6f-88a4-4e99-bb71-536ad5df8a3f" testName="Test3302" computerName="UA-LPT-OGA2" duration="00:00:01.8390000" startTime="2025-05-14T13:20:31.3146610Z" endTime="2025-05-14T13:25:31.3147553Z" testType="13cdc9d9-ddb5-4fa4-a97d-d965ccfc6d4b" outcome="Passed" testListId="31099e9e-8ede-427b-a4f0-7f76c8aa3b70" />
    <UnitTestResult executionId="fdcfb9bd-7288-4c19-b20d-77bf6d667f3b" testId="f7074c17-1820-4e57-93da-f6181641e1dc" testName="Test3303" computerName="UA-LPT-OGA2" duration="00:00:00.9420000" startTime="2025-05-14T13:20:31.3146610Z" endTime="2025-05-14T13:25:31.3147553Z" testType="13cdc9d9-ddb5-4fa4-a97d-d965ccfc6d4b" outcome="Passed" testListId="31099e9e-8ede-427b-a4f0-7f76c8aa3b70" />
    <UnitTestResult executionId="67a0db1b-b2ce-4c02-91ec-98e2a6c78871" testId="844f276c-2995-496b-a1bb-a3aab031c0fa" testName="Test3304" computerName="UA-LPT-OGA2" duration="00:00:00.0430000" startTime="2025-05-14T13:20:31.3146610Z" endTime="2025-05-14T13:25:31.3147553Z" testType="13cdc9d9-ddb5-4fa4-a97d-d965ccfc6d4b" outcome="Failed" testListId="31099e9e-8ede-427b-a4f0-7f76c8aa3b70">
      <Output>
        <ErrorInfo>
          <Message>Assertion failed: Expected value did not match actual value.</Message>
          <StackTrace>   at TestNamespace.TestClass.Test() in TestClass.cs:line 177</StackTrace>
        </ErrorInfo>
      </Output>
    </UnitTestResult>
    <UnitTestResult executionId="8b847c47-4c19-4412-9626-99b20e3872bd" testId="e1c59b6a-438f-443e-b1e6-e38d9b14b016" testName="Test3305" computerName="UA-LPT-OGA2" duration="00:00:00.2800000" startTime="2025-05-14T13:20:31.3146610Z" endTime="2025-05-14T13:25:31.3147553Z" testType="13cdc9d9-ddb5-4fa4-a97d-d965ccfc6d4b" outcome="Passed" testListId="31099e9e-8ede-427b-a4f0-7f76c8aa3b70" />
    <UnitTestResult executionId="563cafc4-1427-4edd-a268-c8086316a144" testId="7c8afe2e-50ba-4569-a199-9e7eaea8071b" testName="Test3306" computerName="UA-LPT-OGA2" duration="00:00:01.5950000" startTime="2025-05-14T13:20:31.3146610Z" endTime="2025-05-14T13:25:31.3147553Z" testType="13cdc9d9-ddb5-4fa4-a97d-d965ccfc6d4b" outcome="Passed" testListId="31099e9e-8ede-427b-a4f0-7f76c8aa3b70" />
    <UnitTestResult executionId="c34b2b09-173f-4b9d-b944-1584a5fb466a" testId="47b06104-bf40-4045-b46a-41970c927de7" testName="Test3307" computerName="UA-LPT-OGA2" duration="00:00:01.5320000" startTime="2025-05-14T13:20:31.3146610Z" endTime="2025-05-14T13:25:31.3147553Z" testType="13cdc9d9-ddb5-4fa4-a97d-d965ccfc6d4b" outcome="Passed" testListId="31099e9e-8ede-427b-a4f0-7f76c8aa3b70" />
    <UnitTestResult executionId="543aa96a-4ee5-428c-b941-bb7a26c6e9b6" testId="92c021c7-79ca-4b59-adab-befcd4de9091" testName="Test3308" computerName="UA-LPT-OGA2" duration="00:00:00.7600000" startTime="2025-05-14T13:20:31.3146610Z" endTime="2025-05-14T13:25:31.3147553Z" testType="13cdc9d9-ddb5-4fa4-a97d-d965ccfc6d4b" outcome="Passed" testListId="31099e9e-8ede-427b-a4f0-7f76c8aa3b70" />
    <UnitTestResult executionId="9ef15925-a4fd-417d-8664-874453a01dfe" testId="924eba40-d4ec-4012-8f4c-3db87d9e9825" testName="Test3309" computerName="UA-LPT-OGA2" duration="00:00:01.4730000" startTime="2025-05-14T13:20:31.3146610Z" endTime="2025-05-14T13:25:31.3147553Z" testType="13cdc9d9-ddb5-4fa4-a97d-d965ccfc6d4b" outcome="Passed" testListId="31099e9e-8ede-427b-a4f0-7f76c8aa3b70" />
    <UnitTestResult executionId="b9d0047a-f2d4-4170-881d-4408997198b9" testId="be287ea7-04a5-43dc-a076-14f79ed3033c" testName="Test3310" computerName="UA-LPT-OGA2" duration="00:00:01.8820000" startTime="2025-05-14T13:20:31.3146610Z" endTime="2025-05-14T13:25:31.3147553Z" testType="13cdc9d9-ddb5-4fa4-a97d-d965ccfc6d4b" outcome="Passed" testListId="31099e9e-8ede-427b-a4f0-7f76c8aa3b70" />
    <UnitTestResult executionId="9b692721-0667-4025-b349-3753c16e649f" testId="a60180f0-f57a-41fe-87e4-9151bd836b72" testName="Test3311" computerName="UA-LPT-OGA2" duration="00:00:01.5450000" startTime="2025-05-14T13:20:31.3146610Z" endTime="2025-05-14T13:25:31.3147553Z" testType="13cdc9d9-ddb5-4fa4-a97d-d965ccfc6d4b" outcome="Passed" testListId="31099e9e-8ede-427b-a4f0-7f76c8aa3b70" />
    <UnitTestResult executionId="5aed76a8-1f53-4951-9aab-c1a4fc946f45" testId="1133d70c-b440-47c7-955d-86c1c2c4b2bf" testName="Test3312" computerName="UA-LPT-OGA2" duration="00:00:00.2520000" startTime="2025-05-14T13:20:31.3146610Z" endTime="2025-05-14T13:25:31.3147553Z" testType="13cdc9d9-ddb5-4fa4-a97d-d965ccfc6d4b" outcome="Failed" testListId="31099e9e-8ede-427b-a4f0-7f76c8aa3b70">
      <Output>
        <ErrorInfo>
          <Message>Assertion failed: Expected value did not match actual value.</Message>
          <StackTrace>   at TestNamespace.TestClass.Test() in TestClass.cs:line 437</StackTrace>
        </ErrorInfo>
      </Output>
    </UnitTestResult>
    <UnitTestResult executionId="a2bc9bc9-4069-4592-899c-fbab0c3d1c0c" testId="fe86e2e3-61e9-435f-9893-69565681cc60" testName="Test3313" computerName="UA-LPT-OGA2" duration="00:00:00.0830000" startTime="2025-05-14T13:20:31.3146610Z" endTime="2025-05-14T13:25:31.3147553Z" testType="13cdc9d9-ddb5-4fa4-a97d-d965ccfc6d4b" outcome="Passed" testListId="31099e9e-8ede-427b-a4f0-7f76c8aa3b70" />
    <UnitTestResult executionId="295ad152-f520-4686-a88c-0b89193c0575" testId="e4f08134-686a-4052-bce6-c8abb97f571c" testName="Test3314" computerName="UA-LPT-OGA2" duration="00:00:01.6580000" startTime="2025-05-14T13:20:31.3146610Z" endTime="2025-05-14T13:25:31.3147553Z" testType="13cdc9d9-ddb5-4fa4-a97d-d965ccfc6d4b" outcome="Passed" testListId="31099e9e-8ede-427b-a4f0-7f76c8aa3b70" />
    <UnitTestResult executionId="a1e57f04-cf4c-4da0-9cf2-bd72066d2a0a" testId="118666eb-3509-4a6f-b888-960b11da5ba1" testName="Test3315" computerName="UA-LPT-OGA2" duration="00:00:00.6570000" startTime="2025-05-14T13:20:31.3146610Z" endTime="2025-05-14T13:25:31.3147553Z" testType="13cdc9d9-ddb5-4fa4-a97d-d965ccfc6d4b" outcome="Passed" testListId="31099e9e-8ede-427b-a4f0-7f76c8aa3b70" />
    <UnitTestResult executionId="a0f2c2e1-6f78-4db2-a255-d835bc2013b5" testId="fa9778b6-f52c-4cf8-a886-7cd0d936c201" testName="Test3316" computerName="UA-LPT-OGA2" duration="00:00:01.8750000" startTime="2025-05-14T13:20:31.3146610Z" endTime="2025-05-14T13:25:31.3147553Z" testType="13cdc9d9-ddb5-4fa4-a97d-d965ccfc6d4b" outcome="Failed" testListId="31099e9e-8ede-427b-a4f0-7f76c8aa3b70">
      <Output>
        <ErrorInfo>
          <Message>Assertion failed: Expected value did not match actual value.</Message>
          <StackTrace>   at TestNamespace.TestClass.Test() in TestClass.cs:line 362</StackTrace>
        </ErrorInfo>
      </Output>
    </UnitTestResult>
    <UnitTestResult executionId="ebd8e450-a2f5-4d77-bac1-3f6e47545685" testId="fb362d8a-34e8-4081-bf6f-183e5a72e00c" testName="Test3317" computerName="UA-LPT-OGA2" duration="00:00:01.4460000" startTime="2025-05-14T13:20:31.3146610Z" endTime="2025-05-14T13:25:31.3147553Z" testType="13cdc9d9-ddb5-4fa4-a97d-d965ccfc6d4b" outcome="Passed" testListId="31099e9e-8ede-427b-a4f0-7f76c8aa3b70" />
    <UnitTestResult executionId="e92a4641-30c5-4cff-a107-bf8992407bad" testId="c648caed-d4de-4cd7-a9a8-19a99dd2102f" testName="Test3318" computerName="UA-LPT-OGA2" duration="00:00:00.2340000" startTime="2025-05-14T13:20:31.3146610Z" endTime="2025-05-14T13:25:31.3147553Z" testType="13cdc9d9-ddb5-4fa4-a97d-d965ccfc6d4b" outcome="Passed" testListId="31099e9e-8ede-427b-a4f0-7f76c8aa3b70" />
    <UnitTestResult executionId="341cf96e-8d1f-439f-9e2c-57e5f96ae2c8" testId="66406031-ad04-48b3-969a-9d158443039f" testName="Test3319" computerName="UA-LPT-OGA2" duration="00:00:00.8110000" startTime="2025-05-14T13:20:31.3146610Z" endTime="2025-05-14T13:25:31.3147553Z" testType="13cdc9d9-ddb5-4fa4-a97d-d965ccfc6d4b" outcome="Passed" testListId="31099e9e-8ede-427b-a4f0-7f76c8aa3b70" />
    <UnitTestResult executionId="e6655e67-270b-4dde-a648-e123270d9c24" testId="f7ced66e-9490-4893-a0d4-314c0222f3d8" testName="Test3320" computerName="UA-LPT-OGA2" duration="00:00:00.6930000" startTime="2025-05-14T13:20:31.3146610Z" endTime="2025-05-14T13:25:31.3147553Z" testType="13cdc9d9-ddb5-4fa4-a97d-d965ccfc6d4b" outcome="Passed" testListId="31099e9e-8ede-427b-a4f0-7f76c8aa3b70" />
    <UnitTestResult executionId="a403143e-4909-4a95-9c85-6739cb54e02c" testId="c22b1d0a-88b8-44ec-bf01-9884f879fa47" testName="Test3321" computerName="UA-LPT-OGA2" duration="00:00:01.9060000" startTime="2025-05-14T13:20:31.3146610Z" endTime="2025-05-14T13:25:31.3147553Z" testType="13cdc9d9-ddb5-4fa4-a97d-d965ccfc6d4b" outcome="Passed" testListId="31099e9e-8ede-427b-a4f0-7f76c8aa3b70" />
    <UnitTestResult executionId="c59587c8-d3bb-4dab-aa56-593a64b22f44" testId="7597991b-b97c-42c9-9bc8-81b8514b7b83" testName="Test3322" computerName="UA-LPT-OGA2" duration="00:00:01.6370000" startTime="2025-05-14T13:20:31.3146610Z" endTime="2025-05-14T13:25:31.3147553Z" testType="13cdc9d9-ddb5-4fa4-a97d-d965ccfc6d4b" outcome="Passed" testListId="31099e9e-8ede-427b-a4f0-7f76c8aa3b70" />
    <UnitTestResult executionId="705e290e-7f8c-4e69-898e-c26754879977" testId="1b464648-e661-4fe4-857b-877cd3eb372b" testName="Test3323" computerName="UA-LPT-OGA2" duration="00:00:00.1270000" startTime="2025-05-14T13:20:31.3146610Z" endTime="2025-05-14T13:25:31.3147553Z" testType="13cdc9d9-ddb5-4fa4-a97d-d965ccfc6d4b" outcome="Passed" testListId="31099e9e-8ede-427b-a4f0-7f76c8aa3b70" />
    <UnitTestResult executionId="e7497a58-3277-44ee-9a31-1c3220d89df2" testId="bd3d061c-b0ec-4bda-b21e-2cfd09d7ccc1" testName="Test3324" computerName="UA-LPT-OGA2" duration="00:00:01.1010000" startTime="2025-05-14T13:20:31.3146610Z" endTime="2025-05-14T13:25:31.3147553Z" testType="13cdc9d9-ddb5-4fa4-a97d-d965ccfc6d4b" outcome="Passed" testListId="31099e9e-8ede-427b-a4f0-7f76c8aa3b70" />
    <UnitTestResult executionId="3afc0923-f538-4277-9989-88a18666e183" testId="427089da-af08-4ae3-bff3-4a89b85281ed" testName="Test3325" computerName="UA-LPT-OGA2" duration="00:00:00.6210000" startTime="2025-05-14T13:20:31.3146610Z" endTime="2025-05-14T13:25:31.3147553Z" testType="13cdc9d9-ddb5-4fa4-a97d-d965ccfc6d4b" outcome="Passed" testListId="31099e9e-8ede-427b-a4f0-7f76c8aa3b70" />
    <UnitTestResult executionId="231042d7-5701-4d3b-97cd-5ad7230f906f" testId="a6c844e9-103f-4c29-b16d-39ecd583edc2" testName="Test3326" computerName="UA-LPT-OGA2" duration="00:00:01.9490000" startTime="2025-05-14T13:20:31.3146610Z" endTime="2025-05-14T13:25:31.3147553Z" testType="13cdc9d9-ddb5-4fa4-a97d-d965ccfc6d4b" outcome="Passed" testListId="31099e9e-8ede-427b-a4f0-7f76c8aa3b70" />
    <UnitTestResult executionId="2b8abc35-68a2-48b4-b951-3d8503c24d44" testId="f7235d58-b4ec-42ac-91e5-35756a5d0ae1" testName="Test3327" computerName="UA-LPT-OGA2" duration="00:00:00.9470000" startTime="2025-05-14T13:20:31.3146610Z" endTime="2025-05-14T13:25:31.3147553Z" testType="13cdc9d9-ddb5-4fa4-a97d-d965ccfc6d4b" outcome="Passed" testListId="31099e9e-8ede-427b-a4f0-7f76c8aa3b70" />
    <UnitTestResult executionId="3892875b-8e47-4bd7-80d2-adb736f6acf7" testId="ce52a7cb-5b35-4efb-9bc9-410f80e9b90a" testName="Test3328" computerName="UA-LPT-OGA2" duration="00:00:01.7510000" startTime="2025-05-14T13:20:31.3146610Z" endTime="2025-05-14T13:25:31.3147553Z" testType="13cdc9d9-ddb5-4fa4-a97d-d965ccfc6d4b" outcome="Passed" testListId="31099e9e-8ede-427b-a4f0-7f76c8aa3b70" />
    <UnitTestResult executionId="44295001-a49f-4e13-8c81-c8f3482b2ddc" testId="d779ada2-9bd6-4a20-ae4c-55b0d5ec717f" testName="Test3329" computerName="UA-LPT-OGA2" duration="00:00:00.6160000" startTime="2025-05-14T13:20:31.3146610Z" endTime="2025-05-14T13:25:31.3147553Z" testType="13cdc9d9-ddb5-4fa4-a97d-d965ccfc6d4b" outcome="Failed" testListId="31099e9e-8ede-427b-a4f0-7f76c8aa3b70">
      <Output>
        <ErrorInfo>
          <Message>Assertion failed: Expected value did not match actual value.</Message>
          <StackTrace>   at TestNamespace.TestClass.Test() in TestClass.cs:line 250</StackTrace>
        </ErrorInfo>
      </Output>
    </UnitTestResult>
    <UnitTestResult executionId="7d3c172f-2902-467d-9eda-a9808079c9eb" testId="4baf4763-c2df-4bc8-8e77-d3d67a56122b" testName="Test3330" computerName="UA-LPT-OGA2" duration="00:00:00.5250000" startTime="2025-05-14T13:20:31.3146610Z" endTime="2025-05-14T13:25:31.3147553Z" testType="13cdc9d9-ddb5-4fa4-a97d-d965ccfc6d4b" outcome="Passed" testListId="31099e9e-8ede-427b-a4f0-7f76c8aa3b70" />
    <UnitTestResult executionId="0482e6bc-c461-4296-b3fb-df9a22769231" testId="dc3ed980-8431-496d-960a-d7f80c5ff387" testName="Test3331" computerName="UA-LPT-OGA2" duration="00:00:00.4650000" startTime="2025-05-14T13:20:31.3146610Z" endTime="2025-05-14T13:25:31.3147553Z" testType="13cdc9d9-ddb5-4fa4-a97d-d965ccfc6d4b" outcome="Failed" testListId="31099e9e-8ede-427b-a4f0-7f76c8aa3b70">
      <Output>
        <ErrorInfo>
          <Message>Assertion failed: Expected value did not match actual value.</Message>
          <StackTrace>   at TestNamespace.TestClass.Test() in TestClass.cs:line 437</StackTrace>
        </ErrorInfo>
      </Output>
    </UnitTestResult>
    <UnitTestResult executionId="d9271366-e9df-4bac-85b6-a26bc0c263bc" testId="ca448c5f-a527-40ba-852f-458437f36863" testName="Test3332" computerName="UA-LPT-OGA2" duration="00:00:00.6670000" startTime="2025-05-14T13:20:31.3146610Z" endTime="2025-05-14T13:25:31.3147553Z" testType="13cdc9d9-ddb5-4fa4-a97d-d965ccfc6d4b" outcome="Failed" testListId="31099e9e-8ede-427b-a4f0-7f76c8aa3b70">
      <Output>
        <ErrorInfo>
          <Message>Assertion failed: Expected value did not match actual value.</Message>
          <StackTrace>   at TestNamespace.TestClass.Test() in TestClass.cs:line 496</StackTrace>
        </ErrorInfo>
      </Output>
    </UnitTestResult>
    <UnitTestResult executionId="ba3f2448-645a-4d6f-9212-2a38d7bd0e6f" testId="d6b22ef2-8bc5-4846-b6fc-521e1351a429" testName="Test3333" computerName="UA-LPT-OGA2" duration="00:00:01.9130000" startTime="2025-05-14T13:20:31.3146610Z" endTime="2025-05-14T13:25:31.3147553Z" testType="13cdc9d9-ddb5-4fa4-a97d-d965ccfc6d4b" outcome="Passed" testListId="31099e9e-8ede-427b-a4f0-7f76c8aa3b70" />
    <UnitTestResult executionId="9c4e27db-9bea-4cac-b117-bac966256b83" testId="af4e93b3-a6c6-4146-a1a9-2fe397332eb3" testName="Test3334" computerName="UA-LPT-OGA2" duration="00:00:01.0160000" startTime="2025-05-14T13:20:31.3146610Z" endTime="2025-05-14T13:25:31.3147553Z" testType="13cdc9d9-ddb5-4fa4-a97d-d965ccfc6d4b" outcome="Passed" testListId="31099e9e-8ede-427b-a4f0-7f76c8aa3b70" />
    <UnitTestResult executionId="95c137c5-d831-44e8-84c8-183db1d8975f" testId="03ee304a-9c40-4f42-a8fa-5ea52fe0a900" testName="Test3335" computerName="UA-LPT-OGA2" duration="00:00:00.8540000" startTime="2025-05-14T13:20:31.3146610Z" endTime="2025-05-14T13:25:31.3147553Z" testType="13cdc9d9-ddb5-4fa4-a97d-d965ccfc6d4b" outcome="Passed" testListId="31099e9e-8ede-427b-a4f0-7f76c8aa3b70" />
    <UnitTestResult executionId="85e881f6-190b-498a-907e-7c4769b5e245" testId="5590e456-403f-48f9-a555-9e6a9fab8ed5" testName="Test3336" computerName="UA-LPT-OGA2" duration="00:00:01.9600000" startTime="2025-05-14T13:20:31.3146610Z" endTime="2025-05-14T13:25:31.3147553Z" testType="13cdc9d9-ddb5-4fa4-a97d-d965ccfc6d4b" outcome="Passed" testListId="31099e9e-8ede-427b-a4f0-7f76c8aa3b70" />
    <UnitTestResult executionId="7cb31a47-f719-47d3-9562-656e4d548e6d" testId="312cdb2b-3261-49da-a23e-075a0e772258" testName="Test3337" computerName="UA-LPT-OGA2" duration="00:00:01.7910000" startTime="2025-05-14T13:20:31.3146610Z" endTime="2025-05-14T13:25:31.3147553Z" testType="13cdc9d9-ddb5-4fa4-a97d-d965ccfc6d4b" outcome="Passed" testListId="31099e9e-8ede-427b-a4f0-7f76c8aa3b70" />
    <UnitTestResult executionId="75ad2561-8248-409b-be3a-85649a40707c" testId="ae697d57-0cd0-4080-b5bd-f5d5383fc89f" testName="Test3338" computerName="UA-LPT-OGA2" duration="00:00:00.4900000" startTime="2025-05-14T13:20:31.3146610Z" endTime="2025-05-14T13:25:31.3147553Z" testType="13cdc9d9-ddb5-4fa4-a97d-d965ccfc6d4b" outcome="Failed" testListId="31099e9e-8ede-427b-a4f0-7f76c8aa3b70">
      <Output>
        <ErrorInfo>
          <Message>Assertion failed: Expected value did not match actual value.</Message>
          <StackTrace>   at TestNamespace.TestClass.Test() in TestClass.cs:line 31</StackTrace>
        </ErrorInfo>
      </Output>
    </UnitTestResult>
    <UnitTestResult executionId="5ab8e771-02b1-43b1-a5ba-509148fe8800" testId="ffa5af83-90f7-4d29-8046-fa758698bb75" testName="Test3339" computerName="UA-LPT-OGA2" duration="00:00:00.0410000" startTime="2025-05-14T13:20:31.3146610Z" endTime="2025-05-14T13:25:31.3147553Z" testType="13cdc9d9-ddb5-4fa4-a97d-d965ccfc6d4b" outcome="Failed" testListId="31099e9e-8ede-427b-a4f0-7f76c8aa3b70">
      <Output>
        <ErrorInfo>
          <Message>Assertion failed: Expected value did not match actual value.</Message>
          <StackTrace>   at TestNamespace.TestClass.Test() in TestClass.cs:line 30</StackTrace>
        </ErrorInfo>
      </Output>
    </UnitTestResult>
    <UnitTestResult executionId="2246f6cc-1ece-4b78-98db-b76fd5a305d1" testId="19f3fb0d-ed34-4beb-b57a-d5f34cf898b9" testName="Test3340" computerName="UA-LPT-OGA2" duration="00:00:00.2070000" startTime="2025-05-14T13:20:31.3146610Z" endTime="2025-05-14T13:25:31.3147553Z" testType="13cdc9d9-ddb5-4fa4-a97d-d965ccfc6d4b" outcome="Passed" testListId="31099e9e-8ede-427b-a4f0-7f76c8aa3b70" />
    <UnitTestResult executionId="105416fc-277d-4dc7-bb45-c73f7e193857" testId="582276d9-64fe-497b-8ed3-1f87b162ad3c" testName="Test3341" computerName="UA-LPT-OGA2" duration="00:00:01.8950000" startTime="2025-05-14T13:20:31.3146610Z" endTime="2025-05-14T13:25:31.3147553Z" testType="13cdc9d9-ddb5-4fa4-a97d-d965ccfc6d4b" outcome="Passed" testListId="31099e9e-8ede-427b-a4f0-7f76c8aa3b70" />
    <UnitTestResult executionId="671436c3-b4ee-4412-aba5-eea2101b1aa1" testId="3036be56-a635-41e0-a060-3be885541788" testName="Test3342" computerName="UA-LPT-OGA2" duration="00:00:01.7690000" startTime="2025-05-14T13:20:31.3146610Z" endTime="2025-05-14T13:25:31.3147553Z" testType="13cdc9d9-ddb5-4fa4-a97d-d965ccfc6d4b" outcome="Passed" testListId="31099e9e-8ede-427b-a4f0-7f76c8aa3b70" />
    <UnitTestResult executionId="d1dc9a34-fe0a-48c9-8695-f1f4716f28de" testId="e8251b1c-c36e-4291-b6fe-973a1727faae" testName="Test3343" computerName="UA-LPT-OGA2" duration="00:00:00.8470000" startTime="2025-05-14T13:20:31.3146610Z" endTime="2025-05-14T13:25:31.3147553Z" testType="13cdc9d9-ddb5-4fa4-a97d-d965ccfc6d4b" outcome="Passed" testListId="31099e9e-8ede-427b-a4f0-7f76c8aa3b70" />
    <UnitTestResult executionId="78f0c0cc-f594-47bf-8199-9f653e3b173f" testId="ccb41cd8-2690-4169-bd69-d1b20bdae8c4" testName="Test3344" computerName="UA-LPT-OGA2" duration="00:00:01.8750000" startTime="2025-05-14T13:20:31.3146610Z" endTime="2025-05-14T13:25:31.3147553Z" testType="13cdc9d9-ddb5-4fa4-a97d-d965ccfc6d4b" outcome="Failed" testListId="31099e9e-8ede-427b-a4f0-7f76c8aa3b70">
      <Output>
        <ErrorInfo>
          <Message>Assertion failed: Expected value did not match actual value.</Message>
          <StackTrace>   at TestNamespace.TestClass.Test() in TestClass.cs:line 45</StackTrace>
        </ErrorInfo>
      </Output>
    </UnitTestResult>
    <UnitTestResult executionId="4038d363-9e97-42fc-a98f-74a8a1bb323d" testId="a4fad475-ac48-4a25-96c1-f2034725dbf0" testName="Test3345" computerName="UA-LPT-OGA2" duration="00:00:01.1760000" startTime="2025-05-14T13:20:31.3146610Z" endTime="2025-05-14T13:25:31.3147553Z" testType="13cdc9d9-ddb5-4fa4-a97d-d965ccfc6d4b" outcome="Passed" testListId="31099e9e-8ede-427b-a4f0-7f76c8aa3b70" />
    <UnitTestResult executionId="69f820da-1b84-4ec9-ad48-131f18309239" testId="1341d12d-d279-4bb3-84dd-54685f1ef30f" testName="Test3346" computerName="UA-LPT-OGA2" duration="00:00:00.9120000" startTime="2025-05-14T13:20:31.3146610Z" endTime="2025-05-14T13:25:31.3147553Z" testType="13cdc9d9-ddb5-4fa4-a97d-d965ccfc6d4b" outcome="Passed" testListId="31099e9e-8ede-427b-a4f0-7f76c8aa3b70" />
    <UnitTestResult executionId="454707ef-cbb2-4b28-bb10-38c6c4d14080" testId="ed5c361e-8d40-4935-b024-46673170a4ea" testName="Test3347" computerName="UA-LPT-OGA2" duration="00:00:00.5690000" startTime="2025-05-14T13:20:31.3146610Z" endTime="2025-05-14T13:25:31.3147553Z" testType="13cdc9d9-ddb5-4fa4-a97d-d965ccfc6d4b" outcome="Passed" testListId="31099e9e-8ede-427b-a4f0-7f76c8aa3b70" />
    <UnitTestResult executionId="da55e37a-3c97-4af7-823b-49182b2685de" testId="1802bfb6-047f-4e5f-ac78-74cb7beedb5b" testName="Test3348" computerName="UA-LPT-OGA2" duration="00:00:01.3620000" startTime="2025-05-14T13:20:31.3146610Z" endTime="2025-05-14T13:25:31.3147553Z" testType="13cdc9d9-ddb5-4fa4-a97d-d965ccfc6d4b" outcome="Passed" testListId="31099e9e-8ede-427b-a4f0-7f76c8aa3b70" />
    <UnitTestResult executionId="fdfea023-a1d0-4b9e-b54e-68da5f74afa4" testId="2b2d1266-1ba5-4a5f-a53f-64fdda0843d2" testName="Test3349" computerName="UA-LPT-OGA2" duration="00:00:01.0560000" startTime="2025-05-14T13:20:31.3146610Z" endTime="2025-05-14T13:25:31.3147553Z" testType="13cdc9d9-ddb5-4fa4-a97d-d965ccfc6d4b" outcome="Passed" testListId="31099e9e-8ede-427b-a4f0-7f76c8aa3b70" />
    <UnitTestResult executionId="6b4afbc8-e171-4076-9d4a-b09f78c5e3fa" testId="cd1dfd89-875b-4039-9097-e03eb74b05b9" testName="Test3350" computerName="UA-LPT-OGA2" duration="00:00:01.2880000" startTime="2025-05-14T13:20:31.3146610Z" endTime="2025-05-14T13:25:31.3147553Z" testType="13cdc9d9-ddb5-4fa4-a97d-d965ccfc6d4b" outcome="Passed" testListId="31099e9e-8ede-427b-a4f0-7f76c8aa3b70" />
    <UnitTestResult executionId="2fc70144-7d87-4611-99f0-bd622d2b33c0" testId="5d1712b2-0d34-431d-8881-a59a180bb9ee" testName="Test3351" computerName="UA-LPT-OGA2" duration="00:00:00.0330000" startTime="2025-05-14T13:20:31.3146610Z" endTime="2025-05-14T13:25:31.3147553Z" testType="13cdc9d9-ddb5-4fa4-a97d-d965ccfc6d4b" outcome="Passed" testListId="31099e9e-8ede-427b-a4f0-7f76c8aa3b70" />
    <UnitTestResult executionId="721428d6-ab9c-4e6a-bfc7-6b89df8060c4" testId="b35e43fb-edb9-46bb-9a85-19adff279fc5" testName="Test3352" computerName="UA-LPT-OGA2" duration="00:00:01.5220000" startTime="2025-05-14T13:20:31.3146610Z" endTime="2025-05-14T13:25:31.3147553Z" testType="13cdc9d9-ddb5-4fa4-a97d-d965ccfc6d4b" outcome="Passed" testListId="31099e9e-8ede-427b-a4f0-7f76c8aa3b70" />
    <UnitTestResult executionId="96d13ab4-cfc1-45e4-b85d-0a210dc2b91c" testId="57c12caa-fbdb-4d65-bfc3-d47de86857b6" testName="Test3353" computerName="UA-LPT-OGA2" duration="00:00:00.2570000" startTime="2025-05-14T13:20:31.3146610Z" endTime="2025-05-14T13:25:31.3147553Z" testType="13cdc9d9-ddb5-4fa4-a97d-d965ccfc6d4b" outcome="Passed" testListId="31099e9e-8ede-427b-a4f0-7f76c8aa3b70" />
    <UnitTestResult executionId="8f0f20b8-222d-4d29-a0b0-f9240018ce30" testId="daa2d5f5-626b-470e-bfb1-f3cc07db1155" testName="Test3354" computerName="UA-LPT-OGA2" duration="00:00:00.9360000" startTime="2025-05-14T13:20:31.3146610Z" endTime="2025-05-14T13:25:31.3147553Z" testType="13cdc9d9-ddb5-4fa4-a97d-d965ccfc6d4b" outcome="Passed" testListId="31099e9e-8ede-427b-a4f0-7f76c8aa3b70" />
    <UnitTestResult executionId="fdec141b-4457-47cc-a73a-0c2149e1b3d3" testId="4511b4e9-e4f3-4543-9f54-748ecb5019f5" testName="Test3355" computerName="UA-LPT-OGA2" duration="00:00:01.1390000" startTime="2025-05-14T13:20:31.3146610Z" endTime="2025-05-14T13:25:31.3147553Z" testType="13cdc9d9-ddb5-4fa4-a97d-d965ccfc6d4b" outcome="Passed" testListId="31099e9e-8ede-427b-a4f0-7f76c8aa3b70" />
    <UnitTestResult executionId="1844c230-f79b-4bef-87a5-bb7056db13c5" testId="59fe6e0d-715d-4ce1-8a9c-d05a5ab0e16c" testName="Test3356" computerName="UA-LPT-OGA2" duration="00:00:01.7580000" startTime="2025-05-14T13:20:31.3146610Z" endTime="2025-05-14T13:25:31.3147553Z" testType="13cdc9d9-ddb5-4fa4-a97d-d965ccfc6d4b" outcome="Passed" testListId="31099e9e-8ede-427b-a4f0-7f76c8aa3b70" />
    <UnitTestResult executionId="7475973c-270b-4a58-9f24-cb7110b1991d" testId="1ffd7ac7-1863-4131-aced-cac22b4eda25" testName="Test3357" computerName="UA-LPT-OGA2" duration="00:00:01.0070000" startTime="2025-05-14T13:20:31.3146610Z" endTime="2025-05-14T13:25:31.3147553Z" testType="13cdc9d9-ddb5-4fa4-a97d-d965ccfc6d4b" outcome="Inconclusive" testListId="31099e9e-8ede-427b-a4f0-7f76c8aa3b70" />
    <UnitTestResult executionId="b6fa954e-6168-4b73-8652-a83f3e3a43b4" testId="351ab058-4546-4920-aad3-e333b14f9518" testName="Test3358" computerName="UA-LPT-OGA2" duration="00:00:01.3920000" startTime="2025-05-14T13:20:31.3146610Z" endTime="2025-05-14T13:25:31.3147553Z" testType="13cdc9d9-ddb5-4fa4-a97d-d965ccfc6d4b" outcome="Passed" testListId="31099e9e-8ede-427b-a4f0-7f76c8aa3b70" />
    <UnitTestResult executionId="36330da2-6901-4ee0-924c-a90208b2e6ea" testId="1e806d43-081e-47ef-bb04-5ea19deb6f0f" testName="Test3359" computerName="UA-LPT-OGA2" duration="00:00:00.3590000" startTime="2025-05-14T13:20:31.3146610Z" endTime="2025-05-14T13:25:31.3147553Z" testType="13cdc9d9-ddb5-4fa4-a97d-d965ccfc6d4b" outcome="Passed" testListId="31099e9e-8ede-427b-a4f0-7f76c8aa3b70" />
    <UnitTestResult executionId="8b510b6e-5fe5-48c9-baae-3a914bbd6c75" testId="fc218c09-e8ec-406a-9fcb-e0ebb859885c" testName="Test3360" computerName="UA-LPT-OGA2" duration="00:00:01.2890000" startTime="2025-05-14T13:20:31.3146610Z" endTime="2025-05-14T13:25:31.3147553Z" testType="13cdc9d9-ddb5-4fa4-a97d-d965ccfc6d4b" outcome="Failed" testListId="31099e9e-8ede-427b-a4f0-7f76c8aa3b70">
      <Output>
        <ErrorInfo>
          <Message>Assertion failed: Expected value did not match actual value.</Message>
          <StackTrace>   at TestNamespace.TestClass.Test() in TestClass.cs:line 414</StackTrace>
        </ErrorInfo>
      </Output>
    </UnitTestResult>
    <UnitTestResult executionId="564cd673-17d6-4dc6-a1c0-b0bd14b95080" testId="88a99a72-619b-4266-a860-a614eea9a3c6" testName="Test3361" computerName="UA-LPT-OGA2" duration="00:00:01.9830000" startTime="2025-05-14T13:20:31.3146610Z" endTime="2025-05-14T13:25:31.3147553Z" testType="13cdc9d9-ddb5-4fa4-a97d-d965ccfc6d4b" outcome="Passed" testListId="31099e9e-8ede-427b-a4f0-7f76c8aa3b70" />
    <UnitTestResult executionId="d998a748-adb3-4a53-9bd4-86dbcc37f042" testId="ec8c36b8-2637-4bde-9c2c-eefb6281766a" testName="Test3362" computerName="UA-LPT-OGA2" duration="00:00:00.0740000" startTime="2025-05-14T13:20:31.3146610Z" endTime="2025-05-14T13:25:31.3147553Z" testType="13cdc9d9-ddb5-4fa4-a97d-d965ccfc6d4b" outcome="Passed" testListId="31099e9e-8ede-427b-a4f0-7f76c8aa3b70" />
    <UnitTestResult executionId="3dae6e4d-3942-456e-bc0b-f9f291b2ec42" testId="ade8353f-6291-4f4d-9989-fa0a0ebf4a08" testName="Test3363" computerName="UA-LPT-OGA2" duration="00:00:01.9510000" startTime="2025-05-14T13:20:31.3146610Z" endTime="2025-05-14T13:25:31.3147553Z" testType="13cdc9d9-ddb5-4fa4-a97d-d965ccfc6d4b" outcome="Passed" testListId="31099e9e-8ede-427b-a4f0-7f76c8aa3b70" />
    <UnitTestResult executionId="0cd007fb-f5ad-4d3b-b48d-f02b3c9a25fa" testId="cf9a92c6-dd29-4914-bc3a-308ff7b090de" testName="Test3364" computerName="UA-LPT-OGA2" duration="00:00:00.9360000" startTime="2025-05-14T13:20:31.3146610Z" endTime="2025-05-14T13:25:31.3147553Z" testType="13cdc9d9-ddb5-4fa4-a97d-d965ccfc6d4b" outcome="Passed" testListId="31099e9e-8ede-427b-a4f0-7f76c8aa3b70" />
    <UnitTestResult executionId="6d795f2c-74b8-4d4e-897e-eda187cf2930" testId="7557267a-070e-4fc9-8db9-d52e21a76827" testName="Test3365" computerName="UA-LPT-OGA2" duration="00:00:01.4050000" startTime="2025-05-14T13:20:31.3146610Z" endTime="2025-05-14T13:25:31.3147553Z" testType="13cdc9d9-ddb5-4fa4-a97d-d965ccfc6d4b" outcome="Passed" testListId="31099e9e-8ede-427b-a4f0-7f76c8aa3b70" />
    <UnitTestResult executionId="d56da18d-712e-4aa6-8f3e-2eb4b9ea6e87" testId="78ce8907-9fe0-400d-b1fd-42d6a82dc059" testName="Test3366" computerName="UA-LPT-OGA2" duration="00:00:01.7070000" startTime="2025-05-14T13:20:31.3146610Z" endTime="2025-05-14T13:25:31.3147553Z" testType="13cdc9d9-ddb5-4fa4-a97d-d965ccfc6d4b" outcome="Passed" testListId="31099e9e-8ede-427b-a4f0-7f76c8aa3b70" />
    <UnitTestResult executionId="7d386ca2-6367-4451-8806-902164133840" testId="48401d14-f76c-4616-a887-04912243b244" testName="Test3367" computerName="UA-LPT-OGA2" duration="00:00:01.8330000" startTime="2025-05-14T13:20:31.3146610Z" endTime="2025-05-14T13:25:31.3147553Z" testType="13cdc9d9-ddb5-4fa4-a97d-d965ccfc6d4b" outcome="Passed" testListId="31099e9e-8ede-427b-a4f0-7f76c8aa3b70" />
    <UnitTestResult executionId="2136654f-26e6-47eb-8efa-545bcb2ce342" testId="970a959b-42c9-455b-a971-6dabd02f7630" testName="Test3368" computerName="UA-LPT-OGA2" duration="00:00:00.6800000" startTime="2025-05-14T13:20:31.3146610Z" endTime="2025-05-14T13:25:31.3147553Z" testType="13cdc9d9-ddb5-4fa4-a97d-d965ccfc6d4b" outcome="Passed" testListId="31099e9e-8ede-427b-a4f0-7f76c8aa3b70" />
    <UnitTestResult executionId="aabb879a-08af-4918-954d-2f19da3bde60" testId="25e68b14-8622-4c21-a543-8630af1b3a37" testName="Test3369" computerName="UA-LPT-OGA2" duration="00:00:01.5720000" startTime="2025-05-14T13:20:31.3146610Z" endTime="2025-05-14T13:25:31.3147553Z" testType="13cdc9d9-ddb5-4fa4-a97d-d965ccfc6d4b" outcome="Passed" testListId="31099e9e-8ede-427b-a4f0-7f76c8aa3b70" />
    <UnitTestResult executionId="8d4e54b4-2dfa-4c36-b56d-bf3f8f073082" testId="7ed7308b-dc3f-43f4-9a42-81e6d5f0f2f6" testName="Test3370" computerName="UA-LPT-OGA2" duration="00:00:00.2680000" startTime="2025-05-14T13:20:31.3146610Z" endTime="2025-05-14T13:25:31.3147553Z" testType="13cdc9d9-ddb5-4fa4-a97d-d965ccfc6d4b" outcome="Passed" testListId="31099e9e-8ede-427b-a4f0-7f76c8aa3b70" />
    <UnitTestResult executionId="b91d2e80-a718-49ae-89f7-7d0e26e8da91" testId="dac84b91-944c-40ab-9dbe-5f42404b0937" testName="Test3371" computerName="UA-LPT-OGA2" duration="00:00:01.7120000" startTime="2025-05-14T13:20:31.3146610Z" endTime="2025-05-14T13:25:31.3147553Z" testType="13cdc9d9-ddb5-4fa4-a97d-d965ccfc6d4b" outcome="Passed" testListId="31099e9e-8ede-427b-a4f0-7f76c8aa3b70" />
    <UnitTestResult executionId="5deb623c-6002-4c49-94e7-5b2987a0e96b" testId="246d2059-768e-4641-ba6b-c06fdb6da46b" testName="Test3372" computerName="UA-LPT-OGA2" duration="00:00:00.2660000" startTime="2025-05-14T13:20:31.3146610Z" endTime="2025-05-14T13:25:31.3147553Z" testType="13cdc9d9-ddb5-4fa4-a97d-d965ccfc6d4b" outcome="Passed" testListId="31099e9e-8ede-427b-a4f0-7f76c8aa3b70" />
    <UnitTestResult executionId="d23658d8-f1e7-45ff-aedc-428247f203c2" testId="618c3576-a43b-4583-bb2d-ed471381a0ec" testName="Test3373" computerName="UA-LPT-OGA2" duration="00:00:00.1210000" startTime="2025-05-14T13:20:31.3146610Z" endTime="2025-05-14T13:25:31.3147553Z" testType="13cdc9d9-ddb5-4fa4-a97d-d965ccfc6d4b" outcome="Passed" testListId="31099e9e-8ede-427b-a4f0-7f76c8aa3b70" />
    <UnitTestResult executionId="999c0448-0bb5-4caf-8534-fdbea581d679" testId="55a95dc9-92e4-4e66-aecb-f2f7d8e776d0" testName="Test3374" computerName="UA-LPT-OGA2" duration="00:00:00.1890000" startTime="2025-05-14T13:20:31.3146610Z" endTime="2025-05-14T13:25:31.3147553Z" testType="13cdc9d9-ddb5-4fa4-a97d-d965ccfc6d4b" outcome="Passed" testListId="31099e9e-8ede-427b-a4f0-7f76c8aa3b70" />
    <UnitTestResult executionId="48e54d07-3c14-4655-9c50-7058d80628e9" testId="246f6877-21d2-4f37-920d-568a3eae31d0" testName="Test3375" computerName="UA-LPT-OGA2" duration="00:00:00.6210000" startTime="2025-05-14T13:20:31.3146610Z" endTime="2025-05-14T13:25:31.3147553Z" testType="13cdc9d9-ddb5-4fa4-a97d-d965ccfc6d4b" outcome="Passed" testListId="31099e9e-8ede-427b-a4f0-7f76c8aa3b70" />
    <UnitTestResult executionId="23b64d94-a10d-46e3-8821-db3245654256" testId="38fd6a39-007b-4e4a-baaf-04744dadee67" testName="Test3376" computerName="UA-LPT-OGA2" duration="00:00:01.0590000" startTime="2025-05-14T13:20:31.3146610Z" endTime="2025-05-14T13:25:31.3147553Z" testType="13cdc9d9-ddb5-4fa4-a97d-d965ccfc6d4b" outcome="Passed" testListId="31099e9e-8ede-427b-a4f0-7f76c8aa3b70" />
    <UnitTestResult executionId="ac76fa06-3c3a-4216-9aca-2b59fa2b9178" testId="585cd87b-25a1-4844-bd45-ec5bc0d6d3f7" testName="Test3377" computerName="UA-LPT-OGA2" duration="00:00:00.7970000" startTime="2025-05-14T13:20:31.3146610Z" endTime="2025-05-14T13:25:31.3147553Z" testType="13cdc9d9-ddb5-4fa4-a97d-d965ccfc6d4b" outcome="Passed" testListId="31099e9e-8ede-427b-a4f0-7f76c8aa3b70" />
    <UnitTestResult executionId="7866ea4c-8a95-44f8-90be-e2e03ae4b810" testId="a1ca817a-61f5-4b84-9eb4-f77d465eb33f" testName="Test3378" computerName="UA-LPT-OGA2" duration="00:00:01.3250000" startTime="2025-05-14T13:20:31.3146610Z" endTime="2025-05-14T13:25:31.3147553Z" testType="13cdc9d9-ddb5-4fa4-a97d-d965ccfc6d4b" outcome="Passed" testListId="31099e9e-8ede-427b-a4f0-7f76c8aa3b70" />
    <UnitTestResult executionId="cd09e544-8339-4c8e-840e-59f0dbf6d309" testId="927452fe-cd47-4e58-b8c3-6747d01e7776" testName="Test3379" computerName="UA-LPT-OGA2" duration="00:00:01.7310000" startTime="2025-05-14T13:20:31.3146610Z" endTime="2025-05-14T13:25:31.3147553Z" testType="13cdc9d9-ddb5-4fa4-a97d-d965ccfc6d4b" outcome="Passed" testListId="31099e9e-8ede-427b-a4f0-7f76c8aa3b70" />
    <UnitTestResult executionId="1c076cfb-504c-4234-911a-080cd3bec66b" testId="9654a355-8e93-421c-adcf-715fd57cd28e" testName="Test3380" computerName="UA-LPT-OGA2" duration="00:00:01.0910000" startTime="2025-05-14T13:20:31.3146610Z" endTime="2025-05-14T13:25:31.3147553Z" testType="13cdc9d9-ddb5-4fa4-a97d-d965ccfc6d4b" outcome="Passed" testListId="31099e9e-8ede-427b-a4f0-7f76c8aa3b70" />
    <UnitTestResult executionId="29074d5a-c17a-4de3-a65b-656c1c75a069" testId="9a8372b2-d052-4fe5-8e23-2732d0262166" testName="Test3381" computerName="UA-LPT-OGA2" duration="00:00:01.4280000" startTime="2025-05-14T13:20:31.3146610Z" endTime="2025-05-14T13:25:31.3147553Z" testType="13cdc9d9-ddb5-4fa4-a97d-d965ccfc6d4b" outcome="Passed" testListId="31099e9e-8ede-427b-a4f0-7f76c8aa3b70" />
    <UnitTestResult executionId="86940c88-bfb1-4dc1-a8ba-7683e2b544c4" testId="17ca2ef9-0a74-4cb9-8ee2-c8a03008d90f" testName="Test3382" computerName="UA-LPT-OGA2" duration="00:00:01.3940000" startTime="2025-05-14T13:20:31.3146610Z" endTime="2025-05-14T13:25:31.3147553Z" testType="13cdc9d9-ddb5-4fa4-a97d-d965ccfc6d4b" outcome="Passed" testListId="31099e9e-8ede-427b-a4f0-7f76c8aa3b70" />
    <UnitTestResult executionId="b9d0cc61-66a0-4a03-ba97-47b19d248753" testId="14ca499f-0254-4bea-8710-db3665dbe538" testName="Test3383" computerName="UA-LPT-OGA2" duration="00:00:00.2890000" startTime="2025-05-14T13:20:31.3146610Z" endTime="2025-05-14T13:25:31.3147553Z" testType="13cdc9d9-ddb5-4fa4-a97d-d965ccfc6d4b" outcome="Passed" testListId="31099e9e-8ede-427b-a4f0-7f76c8aa3b70" />
    <UnitTestResult executionId="f4589647-b187-4c43-8296-5531535f8f16" testId="d578878e-173b-4f74-a4fb-0574bb43b6f4" testName="Test3384" computerName="UA-LPT-OGA2" duration="00:00:01.7840000" startTime="2025-05-14T13:20:31.3146610Z" endTime="2025-05-14T13:25:31.3147553Z" testType="13cdc9d9-ddb5-4fa4-a97d-d965ccfc6d4b" outcome="Inconclusive" testListId="31099e9e-8ede-427b-a4f0-7f76c8aa3b70" />
    <UnitTestResult executionId="f2a1e36d-9df4-41fb-aa7f-c4f055c8cad7" testId="aa8ec781-f424-41fd-8859-2cf0c1ed86c8" testName="Test3385" computerName="UA-LPT-OGA2" duration="00:00:01.9940000" startTime="2025-05-14T13:20:31.3146610Z" endTime="2025-05-14T13:25:31.3147553Z" testType="13cdc9d9-ddb5-4fa4-a97d-d965ccfc6d4b" outcome="Passed" testListId="31099e9e-8ede-427b-a4f0-7f76c8aa3b70" />
    <UnitTestResult executionId="7185a526-b931-4e03-babb-4c03e5f416ad" testId="60c1922b-dc6d-4a9a-a5d3-40d11ff3ffa8" testName="Test3386" computerName="UA-LPT-OGA2" duration="00:00:01.4470000" startTime="2025-05-14T13:20:31.3146610Z" endTime="2025-05-14T13:25:31.3147553Z" testType="13cdc9d9-ddb5-4fa4-a97d-d965ccfc6d4b" outcome="Passed" testListId="31099e9e-8ede-427b-a4f0-7f76c8aa3b70" />
    <UnitTestResult executionId="0912de28-33fb-4d26-93e0-f78c321d3f8a" testId="acac04e4-bf98-4554-827b-ee8f4dea12c5" testName="Test3387" computerName="UA-LPT-OGA2" duration="00:00:01.1860000" startTime="2025-05-14T13:20:31.3146610Z" endTime="2025-05-14T13:25:31.3147553Z" testType="13cdc9d9-ddb5-4fa4-a97d-d965ccfc6d4b" outcome="Passed" testListId="31099e9e-8ede-427b-a4f0-7f76c8aa3b70" />
    <UnitTestResult executionId="22d3e588-62da-4855-a492-e2e5cc717786" testId="e99d661c-f9a5-445f-9a02-52d0c5b85c87" testName="Test3388" computerName="UA-LPT-OGA2" duration="00:00:01.9320000" startTime="2025-05-14T13:20:31.3146610Z" endTime="2025-05-14T13:25:31.3147553Z" testType="13cdc9d9-ddb5-4fa4-a97d-d965ccfc6d4b" outcome="Passed" testListId="31099e9e-8ede-427b-a4f0-7f76c8aa3b70" />
    <UnitTestResult executionId="3d0fd063-86d3-4bda-aec2-614d6226bf10" testId="2017a8bb-10f4-4524-bca6-9747973a67df" testName="Test3389" computerName="UA-LPT-OGA2" duration="00:00:01.8540000" startTime="2025-05-14T13:20:31.3146610Z" endTime="2025-05-14T13:25:31.3147553Z" testType="13cdc9d9-ddb5-4fa4-a97d-d965ccfc6d4b" outcome="Passed" testListId="31099e9e-8ede-427b-a4f0-7f76c8aa3b70" />
    <UnitTestResult executionId="7629b1b0-a27a-492a-ba8c-4b00f6a4b4b6" testId="f3d4d019-80ba-4d3a-9a3b-e8c2fb53c1d3" testName="Test3390" computerName="UA-LPT-OGA2" duration="00:00:01.2610000" startTime="2025-05-14T13:20:31.3146610Z" endTime="2025-05-14T13:25:31.3147553Z" testType="13cdc9d9-ddb5-4fa4-a97d-d965ccfc6d4b" outcome="Passed" testListId="31099e9e-8ede-427b-a4f0-7f76c8aa3b70" />
    <UnitTestResult executionId="35621530-84ee-4a60-a1d9-5f14640f76c3" testId="8051bc82-9e10-472b-b5ef-011a8924f180" testName="Test3391" computerName="UA-LPT-OGA2" duration="00:00:01.1890000" startTime="2025-05-14T13:20:31.3146610Z" endTime="2025-05-14T13:25:31.3147553Z" testType="13cdc9d9-ddb5-4fa4-a97d-d965ccfc6d4b" outcome="Passed" testListId="31099e9e-8ede-427b-a4f0-7f76c8aa3b70" />
    <UnitTestResult executionId="e16444df-ff93-417f-9285-ab9575671b8b" testId="456effac-9acd-41f9-a7cb-02798f59e254" testName="Test3392" computerName="UA-LPT-OGA2" duration="00:00:01.3530000" startTime="2025-05-14T13:20:31.3146610Z" endTime="2025-05-14T13:25:31.3147553Z" testType="13cdc9d9-ddb5-4fa4-a97d-d965ccfc6d4b" outcome="Passed" testListId="31099e9e-8ede-427b-a4f0-7f76c8aa3b70" />
    <UnitTestResult executionId="5e1395af-e169-4f03-85db-323f944f7352" testId="a86ec3b1-3ebe-44d0-9bf4-0ab583d90340" testName="Test3393" computerName="UA-LPT-OGA2" duration="00:00:00.4610000" startTime="2025-05-14T13:20:31.3146610Z" endTime="2025-05-14T13:25:31.3147553Z" testType="13cdc9d9-ddb5-4fa4-a97d-d965ccfc6d4b" outcome="Passed" testListId="31099e9e-8ede-427b-a4f0-7f76c8aa3b70" />
    <UnitTestResult executionId="3325debb-3b79-4a2c-a189-0889adff913e" testId="2e37d3e0-f5ad-4322-bb4e-55083d0d8f4f" testName="Test3394" computerName="UA-LPT-OGA2" duration="00:00:00.9200000" startTime="2025-05-14T13:20:31.3146610Z" endTime="2025-05-14T13:25:31.3147553Z" testType="13cdc9d9-ddb5-4fa4-a97d-d965ccfc6d4b" outcome="Passed" testListId="31099e9e-8ede-427b-a4f0-7f76c8aa3b70" />
    <UnitTestResult executionId="5d1130f7-9865-4a77-a34f-53352ec64bf5" testId="fc2c6252-234c-44f8-a39c-4fcae7bd5491" testName="Test3395" computerName="UA-LPT-OGA2" duration="00:00:00.3490000" startTime="2025-05-14T13:20:31.3146610Z" endTime="2025-05-14T13:25:31.3147553Z" testType="13cdc9d9-ddb5-4fa4-a97d-d965ccfc6d4b" outcome="Passed" testListId="31099e9e-8ede-427b-a4f0-7f76c8aa3b70" />
    <UnitTestResult executionId="dd4e5434-04b5-412f-bd51-0c1612b6a863" testId="ba8c5da4-0729-45c3-b0d5-70c2533dcb55" testName="Test3396" computerName="UA-LPT-OGA2" duration="00:00:01.7260000" startTime="2025-05-14T13:20:31.3146610Z" endTime="2025-05-14T13:25:31.3147553Z" testType="13cdc9d9-ddb5-4fa4-a97d-d965ccfc6d4b" outcome="Passed" testListId="31099e9e-8ede-427b-a4f0-7f76c8aa3b70" />
    <UnitTestResult executionId="0742d987-f982-42d8-ab6d-435e49fe534f" testId="281d8456-f672-4c27-aa86-d610bf114e82" testName="Test3397" computerName="UA-LPT-OGA2" duration="00:00:01.3580000" startTime="2025-05-14T13:20:31.3146610Z" endTime="2025-05-14T13:25:31.3147553Z" testType="13cdc9d9-ddb5-4fa4-a97d-d965ccfc6d4b" outcome="Passed" testListId="31099e9e-8ede-427b-a4f0-7f76c8aa3b70" />
    <UnitTestResult executionId="e2bd6224-5577-4181-8f86-1ff9c05fa70b" testId="df865c85-4c9a-442f-9533-facbe3f3aa54" testName="Test3398" computerName="UA-LPT-OGA2" duration="00:00:01.3210000" startTime="2025-05-14T13:20:31.3146610Z" endTime="2025-05-14T13:25:31.3147553Z" testType="13cdc9d9-ddb5-4fa4-a97d-d965ccfc6d4b" outcome="Failed" testListId="31099e9e-8ede-427b-a4f0-7f76c8aa3b70">
      <Output>
        <ErrorInfo>
          <Message>Assertion failed: Expected value did not match actual value.</Message>
          <StackTrace>   at TestNamespace.TestClass.Test() in TestClass.cs:line 460</StackTrace>
        </ErrorInfo>
      </Output>
    </UnitTestResult>
    <UnitTestResult executionId="a9f31ff7-a9bc-40f3-9968-d78b20eb708f" testId="dca85894-550f-41b7-8cc5-4a5d1fdfafed" testName="Test3399" computerName="UA-LPT-OGA2" duration="00:00:01.2880000" startTime="2025-05-14T13:20:31.3146610Z" endTime="2025-05-14T13:25:31.3147553Z" testType="13cdc9d9-ddb5-4fa4-a97d-d965ccfc6d4b" outcome="Passed" testListId="31099e9e-8ede-427b-a4f0-7f76c8aa3b70" />
    <UnitTestResult executionId="69a76ee6-626e-4fc6-888d-b0a599d257f5" testId="35309715-2d29-4783-9da6-14c20813c5e9" testName="Test3400" computerName="UA-LPT-OGA2" duration="00:00:00.6240000" startTime="2025-05-14T13:20:31.3146610Z" endTime="2025-05-14T13:25:31.3147553Z" testType="13cdc9d9-ddb5-4fa4-a97d-d965ccfc6d4b" outcome="Passed" testListId="31099e9e-8ede-427b-a4f0-7f76c8aa3b70" />
  </Results>
  <TestDefinitions>
    <UnitTest name="Test3301" id="455aacd9-4c55-42d2-b6aa-f8131775e999" storage="TestAssembly.dll">
      <Execution id="0a488ca9-56ac-456c-8ed1-9c6e2198b71c" />
      <TestMethod codeBase="TestAssembly.dll" className="TestNamespace.TestClass1" name="Test3301" />
    </UnitTest>
    <UnitTest name="Test3302" id="dcfd3d6f-88a4-4e99-bb71-536ad5df8a3f" storage="TestAssembly.dll">
      <Execution id="9112703a-f70f-465b-820b-f977f1c6c5c9" />
      <TestMethod codeBase="TestAssembly.dll" className="TestNamespace.TestClass1" name="Test3302" />
    </UnitTest>
    <UnitTest name="Test3303" id="f7074c17-1820-4e57-93da-f6181641e1dc" storage="TestAssembly.dll">
      <Execution id="fdcfb9bd-7288-4c19-b20d-77bf6d667f3b" />
      <TestMethod codeBase="TestAssembly.dll" className="TestNamespace.TestClass1" name="Test3303" />
    </UnitTest>
    <UnitTest name="Test3304" id="844f276c-2995-496b-a1bb-a3aab031c0fa" storage="TestAssembly.dll">
      <Execution id="67a0db1b-b2ce-4c02-91ec-98e2a6c78871" />
      <TestMethod codeBase="TestAssembly.dll" className="TestNamespace.TestClass1" name="Test3304" />
    </UnitTest>
    <UnitTest name="Test3305" id="e1c59b6a-438f-443e-b1e6-e38d9b14b016" storage="TestAssembly.dll">
      <Execution id="8b847c47-4c19-4412-9626-99b20e3872bd" />
      <TestMethod codeBase="TestAssembly.dll" className="TestNamespace.TestClass1" name="Test3305" />
    </UnitTest>
    <UnitTest name="Test3306" id="7c8afe2e-50ba-4569-a199-9e7eaea8071b" storage="TestAssembly.dll">
      <Execution id="563cafc4-1427-4edd-a268-c8086316a144" />
      <TestMethod codeBase="TestAssembly.dll" className="TestNamespace.TestClass1" name="Test3306" />
    </UnitTest>
    <UnitTest name="Test3307" id="47b06104-bf40-4045-b46a-41970c927de7" storage="TestAssembly.dll">
      <Execution id="c34b2b09-173f-4b9d-b944-1584a5fb466a" />
      <TestMethod codeBase="TestAssembly.dll" className="TestNamespace.TestClass1" name="Test3307" />
    </UnitTest>
    <UnitTest name="Test3308" id="92c021c7-79ca-4b59-adab-befcd4de9091" storage="TestAssembly.dll">
      <Execution id="543aa96a-4ee5-428c-b941-bb7a26c6e9b6" />
      <TestMethod codeBase="TestAssembly.dll" className="TestNamespace.TestClass1" name="Test3308" />
    </UnitTest>
    <UnitTest name="Test3309" id="924eba40-d4ec-4012-8f4c-3db87d9e9825" storage="TestAssembly.dll">
      <Execution id="9ef15925-a4fd-417d-8664-874453a01dfe" />
      <TestMethod codeBase="TestAssembly.dll" className="TestNamespace.TestClass1" name="Test3309" />
    </UnitTest>
    <UnitTest name="Test3310" id="be287ea7-04a5-43dc-a076-14f79ed3033c" storage="TestAssembly.dll">
      <Execution id="b9d0047a-f2d4-4170-881d-4408997198b9" />
      <TestMethod codeBase="TestAssembly.dll" className="TestNamespace.TestClass1" name="Test3310" />
    </UnitTest>
    <UnitTest name="Test3311" id="a60180f0-f57a-41fe-87e4-9151bd836b72" storage="TestAssembly.dll">
      <Execution id="9b692721-0667-4025-b349-3753c16e649f" />
      <TestMethod codeBase="TestAssembly.dll" className="TestNamespace.TestClass2" name="Test3311" />
    </UnitTest>
    <UnitTest name="Test3312" id="1133d70c-b440-47c7-955d-86c1c2c4b2bf" storage="TestAssembly.dll">
      <Execution id="5aed76a8-1f53-4951-9aab-c1a4fc946f45" />
      <TestMethod codeBase="TestAssembly.dll" className="TestNamespace.TestClass2" name="Test3312" />
    </UnitTest>
    <UnitTest name="Test3313" id="fe86e2e3-61e9-435f-9893-69565681cc60" storage="TestAssembly.dll">
      <Execution id="a2bc9bc9-4069-4592-899c-fbab0c3d1c0c" />
      <TestMethod codeBase="TestAssembly.dll" className="TestNamespace.TestClass2" name="Test3313" />
    </UnitTest>
    <UnitTest name="Test3314" id="e4f08134-686a-4052-bce6-c8abb97f571c" storage="TestAssembly.dll">
      <Execution id="295ad152-f520-4686-a88c-0b89193c0575" />
      <TestMethod codeBase="TestAssembly.dll" className="TestNamespace.TestClass2" name="Test3314" />
    </UnitTest>
    <UnitTest name="Test3315" id="118666eb-3509-4a6f-b888-960b11da5ba1" storage="TestAssembly.dll">
      <Execution id="a1e57f04-cf4c-4da0-9cf2-bd72066d2a0a" />
      <TestMethod codeBase="TestAssembly.dll" className="TestNamespace.TestClass2" name="Test3315" />
    </UnitTest>
    <UnitTest name="Test3316" id="fa9778b6-f52c-4cf8-a886-7cd0d936c201" storage="TestAssembly.dll">
      <Execution id="a0f2c2e1-6f78-4db2-a255-d835bc2013b5" />
      <TestMethod codeBase="TestAssembly.dll" className="TestNamespace.TestClass2" name="Test3316" />
    </UnitTest>
    <UnitTest name="Test3317" id="fb362d8a-34e8-4081-bf6f-183e5a72e00c" storage="TestAssembly.dll">
      <Execution id="ebd8e450-a2f5-4d77-bac1-3f6e47545685" />
      <TestMethod codeBase="TestAssembly.dll" className="TestNamespace.TestClass2" name="Test3317" />
    </UnitTest>
    <UnitTest name="Test3318" id="c648caed-d4de-4cd7-a9a8-19a99dd2102f" storage="TestAssembly.dll">
      <Execution id="e92a4641-30c5-4cff-a107-bf8992407bad" />
      <TestMethod codeBase="TestAssembly.dll" className="TestNamespace.TestClass2" name="Test3318" />
    </UnitTest>
    <UnitTest name="Test3319" id="66406031-ad04-48b3-969a-9d158443039f" storage="TestAssembly.dll">
      <Execution id="341cf96e-8d1f-439f-9e2c-57e5f96ae2c8" />
      <TestMethod codeBase="TestAssembly.dll" className="TestNamespace.TestClass2" name="Test3319" />
    </UnitTest>
    <UnitTest name="Test3320" id="f7ced66e-9490-4893-a0d4-314c0222f3d8" storage="TestAssembly.dll">
      <Execution id="e6655e67-270b-4dde-a648-e123270d9c24" />
      <TestMethod codeBase="TestAssembly.dll" className="TestNamespace.TestClass2" name="Test3320" />
    </UnitTest>
    <UnitTest name="Test3321" id="c22b1d0a-88b8-44ec-bf01-9884f879fa47" storage="TestAssembly.dll">
      <Execution id="a403143e-4909-4a95-9c85-6739cb54e02c" />
      <TestMethod codeBase="TestAssembly.dll" className="TestNamespace.TestClass3" name="Test3321" />
    </UnitTest>
    <UnitTest name="Test3322" id="7597991b-b97c-42c9-9bc8-81b8514b7b83" storage="TestAssembly.dll">
      <Execution id="c59587c8-d3bb-4dab-aa56-593a64b22f44" />
      <TestMethod codeBase="TestAssembly.dll" className="TestNamespace.TestClass3" name="Test3322" />
    </UnitTest>
    <UnitTest name="Test3323" id="1b464648-e661-4fe4-857b-877cd3eb372b" storage="TestAssembly.dll">
      <Execution id="705e290e-7f8c-4e69-898e-c26754879977" />
      <TestMethod codeBase="TestAssembly.dll" className="TestNamespace.TestClass3" name="Test3323" />
    </UnitTest>
    <UnitTest name="Test3324" id="bd3d061c-b0ec-4bda-b21e-2cfd09d7ccc1" storage="TestAssembly.dll">
      <Execution id="e7497a58-3277-44ee-9a31-1c3220d89df2" />
      <TestMethod codeBase="TestAssembly.dll" className="TestNamespace.TestClass3" name="Test3324" />
    </UnitTest>
    <UnitTest name="Test3325" id="427089da-af08-4ae3-bff3-4a89b85281ed" storage="TestAssembly.dll">
      <Execution id="3afc0923-f538-4277-9989-88a18666e183" />
      <TestMethod codeBase="TestAssembly.dll" className="TestNamespace.TestClass3" name="Test3325" />
    </UnitTest>
    <UnitTest name="Test3326" id="a6c844e9-103f-4c29-b16d-39ecd583edc2" storage="TestAssembly.dll">
      <Execution id="231042d7-5701-4d3b-97cd-5ad7230f906f" />
      <TestMethod codeBase="TestAssembly.dll" className="TestNamespace.TestClass3" name="Test3326" />
    </UnitTest>
    <UnitTest name="Test3327" id="f7235d58-b4ec-42ac-91e5-35756a5d0ae1" storage="TestAssembly.dll">
      <Execution id="2b8abc35-68a2-48b4-b951-3d8503c24d44" />
      <TestMethod codeBase="TestAssembly.dll" className="TestNamespace.TestClass3" name="Test3327" />
    </UnitTest>
    <UnitTest name="Test3328" id="ce52a7cb-5b35-4efb-9bc9-410f80e9b90a" storage="TestAssembly.dll">
      <Execution id="3892875b-8e47-4bd7-80d2-adb736f6acf7" />
      <TestMethod codeBase="TestAssembly.dll" className="TestNamespace.TestClass3" name="Test3328" />
    </UnitTest>
    <UnitTest name="Test3329" id="d779ada2-9bd6-4a20-ae4c-55b0d5ec717f" storage="TestAssembly.dll">
      <Execution id="44295001-a49f-4e13-8c81-c8f3482b2ddc" />
      <TestMethod codeBase="TestAssembly.dll" className="TestNamespace.TestClass3" name="Test3329" />
    </UnitTest>
    <UnitTest name="Test3330" id="4baf4763-c2df-4bc8-8e77-d3d67a56122b" storage="TestAssembly.dll">
      <Execution id="7d3c172f-2902-467d-9eda-a9808079c9eb" />
      <TestMethod codeBase="TestAssembly.dll" className="TestNamespace.TestClass3" name="Test3330" />
    </UnitTest>
    <UnitTest name="Test3331" id="dc3ed980-8431-496d-960a-d7f80c5ff387" storage="TestAssembly.dll">
      <Execution id="0482e6bc-c461-4296-b3fb-df9a22769231" />
      <TestMethod codeBase="TestAssembly.dll" className="TestNamespace.TestClass4" name="Test3331" />
    </UnitTest>
    <UnitTest name="Test3332" id="ca448c5f-a527-40ba-852f-458437f36863" storage="TestAssembly.dll">
      <Execution id="d9271366-e9df-4bac-85b6-a26bc0c263bc" />
      <TestMethod codeBase="TestAssembly.dll" className="TestNamespace.TestClass4" name="Test3332" />
    </UnitTest>
    <UnitTest name="Test3333" id="d6b22ef2-8bc5-4846-b6fc-521e1351a429" storage="TestAssembly.dll">
      <Execution id="ba3f2448-645a-4d6f-9212-2a38d7bd0e6f" />
      <TestMethod codeBase="TestAssembly.dll" className="TestNamespace.TestClass4" name="Test3333" />
    </UnitTest>
    <UnitTest name="Test3334" id="af4e93b3-a6c6-4146-a1a9-2fe397332eb3" storage="TestAssembly.dll">
      <Execution id="9c4e27db-9bea-4cac-b117-bac966256b83" />
      <TestMethod codeBase="TestAssembly.dll" className="TestNamespace.TestClass4" name="Test3334" />
    </UnitTest>
    <UnitTest name="Test3335" id="03ee304a-9c40-4f42-a8fa-5ea52fe0a900" storage="TestAssembly.dll">
      <Execution id="95c137c5-d831-44e8-84c8-183db1d8975f" />
      <TestMethod codeBase="TestAssembly.dll" className="TestNamespace.TestClass4" name="Test3335" />
    </UnitTest>
    <UnitTest name="Test3336" id="5590e456-403f-48f9-a555-9e6a9fab8ed5" storage="TestAssembly.dll">
      <Execution id="85e881f6-190b-498a-907e-7c4769b5e245" />
      <TestMethod codeBase="TestAssembly.dll" className="TestNamespace.TestClass4" name="Test3336" />
    </UnitTest>
    <UnitTest name="Test3337" id="312cdb2b-3261-49da-a23e-075a0e772258" storage="TestAssembly.dll">
      <Execution id="7cb31a47-f719-47d3-9562-656e4d548e6d" />
      <TestMethod codeBase="TestAssembly.dll" className="TestNamespace.TestClass4" name="Test3337" />
    </UnitTest>
    <UnitTest name="Test3338" id="ae697d57-0cd0-4080-b5bd-f5d5383fc89f" storage="TestAssembly.dll">
      <Execution id="75ad2561-8248-409b-be3a-85649a40707c" />
      <TestMethod codeBase="TestAssembly.dll" className="TestNamespace.TestClass4" name="Test3338" />
    </UnitTest>
    <UnitTest name="Test3339" id="ffa5af83-90f7-4d29-8046-fa758698bb75" storage="TestAssembly.dll">
      <Execution id="5ab8e771-02b1-43b1-a5ba-509148fe8800" />
      <TestMethod codeBase="TestAssembly.dll" className="TestNamespace.TestClass4" name="Test3339" />
    </UnitTest>
    <UnitTest name="Test3340" id="19f3fb0d-ed34-4beb-b57a-d5f34cf898b9" storage="TestAssembly.dll">
      <Execution id="2246f6cc-1ece-4b78-98db-b76fd5a305d1" />
      <TestMethod codeBase="TestAssembly.dll" className="TestNamespace.TestClass4" name="Test3340" />
    </UnitTest>
    <UnitTest name="Test3341" id="582276d9-64fe-497b-8ed3-1f87b162ad3c" storage="TestAssembly.dll">
      <Execution id="105416fc-277d-4dc7-bb45-c73f7e193857" />
      <TestMethod codeBase="TestAssembly.dll" className="TestNamespace.TestClass5" name="Test3341" />
    </UnitTest>
    <UnitTest name="Test3342" id="3036be56-a635-41e0-a060-3be885541788" storage="TestAssembly.dll">
      <Execution id="671436c3-b4ee-4412-aba5-eea2101b1aa1" />
      <TestMethod codeBase="TestAssembly.dll" className="TestNamespace.TestClass5" name="Test3342" />
    </UnitTest>
    <UnitTest name="Test3343" id="e8251b1c-c36e-4291-b6fe-973a1727faae" storage="TestAssembly.dll">
      <Execution id="d1dc9a34-fe0a-48c9-8695-f1f4716f28de" />
      <TestMethod codeBase="TestAssembly.dll" className="TestNamespace.TestClass5" name="Test3343" />
    </UnitTest>
    <UnitTest name="Test3344" id="ccb41cd8-2690-4169-bd69-d1b20bdae8c4" storage="TestAssembly.dll">
      <Execution id="78f0c0cc-f594-47bf-8199-9f653e3b173f" />
      <TestMethod codeBase="TestAssembly.dll" className="TestNamespace.TestClass5" name="Test3344" />
    </UnitTest>
    <UnitTest name="Test3345" id="a4fad475-ac48-4a25-96c1-f2034725dbf0" storage="TestAssembly.dll">
      <Execution id="4038d363-9e97-42fc-a98f-74a8a1bb323d" />
      <TestMethod codeBase="TestAssembly.dll" className="TestNamespace.TestClass5" name="Test3345" />
    </UnitTest>
    <UnitTest name="Test3346" id="1341d12d-d279-4bb3-84dd-54685f1ef30f" storage="TestAssembly.dll">
      <Execution id="69f820da-1b84-4ec9-ad48-131f18309239" />
      <TestMethod codeBase="TestAssembly.dll" className="TestNamespace.TestClass5" name="Test3346" />
    </UnitTest>
    <UnitTest name="Test3347" id="ed5c361e-8d40-4935-b024-46673170a4ea" storage="TestAssembly.dll">
      <Execution id="454707ef-cbb2-4b28-bb10-38c6c4d14080" />
      <TestMethod codeBase="TestAssembly.dll" className="TestNamespace.TestClass5" name="Test3347" />
    </UnitTest>
    <UnitTest name="Test3348" id="1802bfb6-047f-4e5f-ac78-74cb7beedb5b" storage="TestAssembly.dll">
      <Execution id="da55e37a-3c97-4af7-823b-49182b2685de" />
      <TestMethod codeBase="TestAssembly.dll" className="TestNamespace.TestClass5" name="Test3348" />
    </UnitTest>
    <UnitTest name="Test3349" id="2b2d1266-1ba5-4a5f-a53f-64fdda0843d2" storage="TestAssembly.dll">
      <Execution id="fdfea023-a1d0-4b9e-b54e-68da5f74afa4" />
      <TestMethod codeBase="TestAssembly.dll" className="TestNamespace.TestClass5" name="Test3349" />
    </UnitTest>
    <UnitTest name="Test3350" id="cd1dfd89-875b-4039-9097-e03eb74b05b9" storage="TestAssembly.dll">
      <Execution id="6b4afbc8-e171-4076-9d4a-b09f78c5e3fa" />
      <TestMethod codeBase="TestAssembly.dll" className="TestNamespace.TestClass5" name="Test3350" />
    </UnitTest>
    <UnitTest name="Test3351" id="5d1712b2-0d34-431d-8881-a59a180bb9ee" storage="TestAssembly.dll">
      <Execution id="2fc70144-7d87-4611-99f0-bd622d2b33c0" />
      <TestMethod codeBase="TestAssembly.dll" className="TestNamespace.TestClass6" name="Test3351" />
    </UnitTest>
    <UnitTest name="Test3352" id="b35e43fb-edb9-46bb-9a85-19adff279fc5" storage="TestAssembly.dll">
      <Execution id="721428d6-ab9c-4e6a-bfc7-6b89df8060c4" />
      <TestMethod codeBase="TestAssembly.dll" className="TestNamespace.TestClass6" name="Test3352" />
    </UnitTest>
    <UnitTest name="Test3353" id="57c12caa-fbdb-4d65-bfc3-d47de86857b6" storage="TestAssembly.dll">
      <Execution id="96d13ab4-cfc1-45e4-b85d-0a210dc2b91c" />
      <TestMethod codeBase="TestAssembly.dll" className="TestNamespace.TestClass6" name="Test3353" />
    </UnitTest>
    <UnitTest name="Test3354" id="daa2d5f5-626b-470e-bfb1-f3cc07db1155" storage="TestAssembly.dll">
      <Execution id="8f0f20b8-222d-4d29-a0b0-f9240018ce30" />
      <TestMethod codeBase="TestAssembly.dll" className="TestNamespace.TestClass6" name="Test3354" />
    </UnitTest>
    <UnitTest name="Test3355" id="4511b4e9-e4f3-4543-9f54-748ecb5019f5" storage="TestAssembly.dll">
      <Execution id="fdec141b-4457-47cc-a73a-0c2149e1b3d3" />
      <TestMethod codeBase="TestAssembly.dll" className="TestNamespace.TestClass6" name="Test3355" />
    </UnitTest>
    <UnitTest name="Test3356" id="59fe6e0d-715d-4ce1-8a9c-d05a5ab0e16c" storage="TestAssembly.dll">
      <Execution id="1844c230-f79b-4bef-87a5-bb7056db13c5" />
      <TestMethod codeBase="TestAssembly.dll" className="TestNamespace.TestClass6" name="Test3356" />
    </UnitTest>
    <UnitTest name="Test3357" id="1ffd7ac7-1863-4131-aced-cac22b4eda25" storage="TestAssembly.dll">
      <Execution id="7475973c-270b-4a58-9f24-cb7110b1991d" />
      <TestMethod codeBase="TestAssembly.dll" className="TestNamespace.TestClass6" name="Test3357" />
    </UnitTest>
    <UnitTest name="Test3358" id="351ab058-4546-4920-aad3-e333b14f9518" storage="TestAssembly.dll">
      <Execution id="b6fa954e-6168-4b73-8652-a83f3e3a43b4" />
      <TestMethod codeBase="TestAssembly.dll" className="TestNamespace.TestClass6" name="Test3358" />
    </UnitTest>
    <UnitTest name="Test3359" id="1e806d43-081e-47ef-bb04-5ea19deb6f0f" storage="TestAssembly.dll">
      <Execution id="36330da2-6901-4ee0-924c-a90208b2e6ea" />
      <TestMethod codeBase="TestAssembly.dll" className="TestNamespace.TestClass6" name="Test3359" />
    </UnitTest>
    <UnitTest name="Test3360" id="fc218c09-e8ec-406a-9fcb-e0ebb859885c" storage="TestAssembly.dll">
      <Execution id="8b510b6e-5fe5-48c9-baae-3a914bbd6c75" />
      <TestMethod codeBase="TestAssembly.dll" className="TestNamespace.TestClass6" name="Test3360" />
    </UnitTest>
    <UnitTest name="Test3361" id="88a99a72-619b-4266-a860-a614eea9a3c6" storage="TestAssembly.dll">
      <Execution id="564cd673-17d6-4dc6-a1c0-b0bd14b95080" />
      <TestMethod codeBase="TestAssembly.dll" className="TestNamespace.TestClass7" name="Test3361" />
    </UnitTest>
    <UnitTest name="Test3362" id="ec8c36b8-2637-4bde-9c2c-eefb6281766a" storage="TestAssembly.dll">
      <Execution id="d998a748-adb3-4a53-9bd4-86dbcc37f042" />
      <TestMethod codeBase="TestAssembly.dll" className="TestNamespace.TestClass7" name="Test3362" />
    </UnitTest>
    <UnitTest name="Test3363" id="ade8353f-6291-4f4d-9989-fa0a0ebf4a08" storage="TestAssembly.dll">
      <Execution id="3dae6e4d-3942-456e-bc0b-f9f291b2ec42" />
      <TestMethod codeBase="TestAssembly.dll" className="TestNamespace.TestClass7" name="Test3363" />
    </UnitTest>
    <UnitTest name="Test3364" id="cf9a92c6-dd29-4914-bc3a-308ff7b090de" storage="TestAssembly.dll">
      <Execution id="0cd007fb-f5ad-4d3b-b48d-f02b3c9a25fa" />
      <TestMethod codeBase="TestAssembly.dll" className="TestNamespace.TestClass7" name="Test3364" />
    </UnitTest>
    <UnitTest name="Test3365" id="7557267a-070e-4fc9-8db9-d52e21a76827" storage="TestAssembly.dll">
      <Execution id="6d795f2c-74b8-4d4e-897e-eda187cf2930" />
      <TestMethod codeBase="TestAssembly.dll" className="TestNamespace.TestClass7" name="Test3365" />
    </UnitTest>
    <UnitTest name="Test3366" id="78ce8907-9fe0-400d-b1fd-42d6a82dc059" storage="TestAssembly.dll">
      <Execution id="d56da18d-712e-4aa6-8f3e-2eb4b9ea6e87" />
      <TestMethod codeBase="TestAssembly.dll" className="TestNamespace.TestClass7" name="Test3366" />
    </UnitTest>
    <UnitTest name="Test3367" id="48401d14-f76c-4616-a887-04912243b244" storage="TestAssembly.dll">
      <Execution id="7d386ca2-6367-4451-8806-902164133840" />
      <TestMethod codeBase="TestAssembly.dll" className="TestNamespace.TestClass7" name="Test3367" />
    </UnitTest>
    <UnitTest name="Test3368" id="970a959b-42c9-455b-a971-6dabd02f7630" storage="TestAssembly.dll">
      <Execution id="2136654f-26e6-47eb-8efa-545bcb2ce342" />
      <TestMethod codeBase="TestAssembly.dll" className="TestNamespace.TestClass7" name="Test3368" />
    </UnitTest>
    <UnitTest name="Test3369" id="25e68b14-8622-4c21-a543-8630af1b3a37" storage="TestAssembly.dll">
      <Execution id="aabb879a-08af-4918-954d-2f19da3bde60" />
      <TestMethod codeBase="TestAssembly.dll" className="TestNamespace.TestClass7" name="Test3369" />
    </UnitTest>
    <UnitTest name="Test3370" id="7ed7308b-dc3f-43f4-9a42-81e6d5f0f2f6" storage="TestAssembly.dll">
      <Execution id="8d4e54b4-2dfa-4c36-b56d-bf3f8f073082" />
      <TestMethod codeBase="TestAssembly.dll" className="TestNamespace.TestClass7" name="Test3370" />
    </UnitTest>
    <UnitTest name="Test3371" id="dac84b91-944c-40ab-9dbe-5f42404b0937" storage="TestAssembly.dll">
      <Execution id="b91d2e80-a718-49ae-89f7-7d0e26e8da91" />
      <TestMethod codeBase="TestAssembly.dll" className="TestNamespace.TestClass8" name="Test3371" />
    </UnitTest>
    <UnitTest name="Test3372" id="246d2059-768e-4641-ba6b-c06fdb6da46b" storage="TestAssembly.dll">
      <Execution id="5deb623c-6002-4c49-94e7-5b2987a0e96b" />
      <TestMethod codeBase="TestAssembly.dll" className="TestNamespace.TestClass8" name="Test3372" />
    </UnitTest>
    <UnitTest name="Test3373" id="618c3576-a43b-4583-bb2d-ed471381a0ec" storage="TestAssembly.dll">
      <Execution id="d23658d8-f1e7-45ff-aedc-428247f203c2" />
      <TestMethod codeBase="TestAssembly.dll" className="TestNamespace.TestClass8" name="Test3373" />
    </UnitTest>
    <UnitTest name="Test3374" id="55a95dc9-92e4-4e66-aecb-f2f7d8e776d0" storage="TestAssembly.dll">
      <Execution id="999c0448-0bb5-4caf-8534-fdbea581d679" />
      <TestMethod codeBase="TestAssembly.dll" className="TestNamespace.TestClass8" name="Test3374" />
    </UnitTest>
    <UnitTest name="Test3375" id="246f6877-21d2-4f37-920d-568a3eae31d0" storage="TestAssembly.dll">
      <Execution id="48e54d07-3c14-4655-9c50-7058d80628e9" />
      <TestMethod codeBase="TestAssembly.dll" className="TestNamespace.TestClass8" name="Test3375" />
    </UnitTest>
    <UnitTest name="Test3376" id="38fd6a39-007b-4e4a-baaf-04744dadee67" storage="TestAssembly.dll">
      <Execution id="23b64d94-a10d-46e3-8821-db3245654256" />
      <TestMethod codeBase="TestAssembly.dll" className="TestNamespace.TestClass8" name="Test3376" />
    </UnitTest>
    <UnitTest name="Test3377" id="585cd87b-25a1-4844-bd45-ec5bc0d6d3f7" storage="TestAssembly.dll">
      <Execution id="ac76fa06-3c3a-4216-9aca-2b59fa2b9178" />
      <TestMethod codeBase="TestAssembly.dll" className="TestNamespace.TestClass8" name="Test3377" />
    </UnitTest>
    <UnitTest name="Test3378" id="a1ca817a-61f5-4b84-9eb4-f77d465eb33f" storage="TestAssembly.dll">
      <Execution id="7866ea4c-8a95-44f8-90be-e2e03ae4b810" />
      <TestMethod codeBase="TestAssembly.dll" className="TestNamespace.TestClass8" name="Test3378" />
    </UnitTest>
    <UnitTest name="Test3379" id="927452fe-cd47-4e58-b8c3-6747d01e7776" storage="TestAssembly.dll">
      <Execution id="cd09e544-8339-4c8e-840e-59f0dbf6d309" />
      <TestMethod codeBase="TestAssembly.dll" className="TestNamespace.TestClass8" name="Test3379" />
    </UnitTest>
    <UnitTest name="Test3380" id="9654a355-8e93-421c-adcf-715fd57cd28e" storage="TestAssembly.dll">
      <Execution id="1c076cfb-504c-4234-911a-080cd3bec66b" />
      <TestMethod codeBase="TestAssembly.dll" className="TestNamespace.TestClass8" name="Test3380" />
    </UnitTest>
    <UnitTest name="Test3381" id="9a8372b2-d052-4fe5-8e23-2732d0262166" storage="TestAssembly.dll">
      <Execution id="29074d5a-c17a-4de3-a65b-656c1c75a069" />
      <TestMethod codeBase="TestAssembly.dll" className="TestNamespace.TestClass9" name="Test3381" />
    </UnitTest>
    <UnitTest name="Test3382" id="17ca2ef9-0a74-4cb9-8ee2-c8a03008d90f" storage="TestAssembly.dll">
      <Execution id="86940c88-bfb1-4dc1-a8ba-7683e2b544c4" />
      <TestMethod codeBase="TestAssembly.dll" className="TestNamespace.TestClass9" name="Test3382" />
    </UnitTest>
    <UnitTest name="Test3383" id="14ca499f-0254-4bea-8710-db3665dbe538" storage="TestAssembly.dll">
      <Execution id="b9d0cc61-66a0-4a03-ba97-47b19d248753" />
      <TestMethod codeBase="TestAssembly.dll" className="TestNamespace.TestClass9" name="Test3383" />
    </UnitTest>
    <UnitTest name="Test3384" id="d578878e-173b-4f74-a4fb-0574bb43b6f4" storage="TestAssembly.dll">
      <Execution id="f4589647-b187-4c43-8296-5531535f8f16" />
      <TestMethod codeBase="TestAssembly.dll" className="TestNamespace.TestClass9" name="Test3384" />
    </UnitTest>
    <UnitTest name="Test3385" id="aa8ec781-f424-41fd-8859-2cf0c1ed86c8" storage="TestAssembly.dll">
      <Execution id="f2a1e36d-9df4-41fb-aa7f-c4f055c8cad7" />
      <TestMethod codeBase="TestAssembly.dll" className="TestNamespace.TestClass9" name="Test3385" />
    </UnitTest>
    <UnitTest name="Test3386" id="60c1922b-dc6d-4a9a-a5d3-40d11ff3ffa8" storage="TestAssembly.dll">
      <Execution id="7185a526-b931-4e03-babb-4c03e5f416ad" />
      <TestMethod codeBase="TestAssembly.dll" className="TestNamespace.TestClass9" name="Test3386" />
    </UnitTest>
    <UnitTest name="Test3387" id="acac04e4-bf98-4554-827b-ee8f4dea12c5" storage="TestAssembly.dll">
      <Execution id="0912de28-33fb-4d26-93e0-f78c321d3f8a" />
      <TestMethod codeBase="TestAssembly.dll" className="TestNamespace.TestClass9" name="Test3387" />
    </UnitTest>
    <UnitTest name="Test3388" id="e99d661c-f9a5-445f-9a02-52d0c5b85c87" storage="TestAssembly.dll">
      <Execution id="22d3e588-62da-4855-a492-e2e5cc717786" />
      <TestMethod codeBase="TestAssembly.dll" className="TestNamespace.TestClass9" name="Test3388" />
    </UnitTest>
    <UnitTest name="Test3389" id="2017a8bb-10f4-4524-bca6-9747973a67df" storage="TestAssembly.dll">
      <Execution id="3d0fd063-86d3-4bda-aec2-614d6226bf10" />
      <TestMethod codeBase="TestAssembly.dll" className="TestNamespace.TestClass9" name="Test3389" />
    </UnitTest>
    <UnitTest name="Test3390" id="f3d4d019-80ba-4d3a-9a3b-e8c2fb53c1d3" storage="TestAssembly.dll">
      <Execution id="7629b1b0-a27a-492a-ba8c-4b00f6a4b4b6" />
      <TestMethod codeBase="TestAssembly.dll" className="TestNamespace.TestClass9" name="Test3390" />
    </UnitTest>
    <UnitTest name="Test3391" id="8051bc82-9e10-472b-b5ef-011a8924f180" storage="TestAssembly.dll">
      <Execution id="35621530-84ee-4a60-a1d9-5f14640f76c3" />
      <TestMethod codeBase="TestAssembly.dll" className="TestNamespace.TestClass10" name="Test3391" />
    </UnitTest>
    <UnitTest name="Test3392" id="456effac-9acd-41f9-a7cb-02798f59e254" storage="TestAssembly.dll">
      <Execution id="e16444df-ff93-417f-9285-ab9575671b8b" />
      <TestMethod codeBase="TestAssembly.dll" className="TestNamespace.TestClass10" name="Test3392" />
    </UnitTest>
    <UnitTest name="Test3393" id="a86ec3b1-3ebe-44d0-9bf4-0ab583d90340" storage="TestAssembly.dll">
      <Execution id="5e1395af-e169-4f03-85db-323f944f7352" />
      <TestMethod codeBase="TestAssembly.dll" className="TestNamespace.TestClass10" name="Test3393" />
    </UnitTest>
    <UnitTest name="Test3394" id="2e37d3e0-f5ad-4322-bb4e-55083d0d8f4f" storage="TestAssembly.dll">
      <Execution id="3325debb-3b79-4a2c-a189-0889adff913e" />
      <TestMethod codeBase="TestAssembly.dll" className="TestNamespace.TestClass10" name="Test3394" />
    </UnitTest>
    <UnitTest name="Test3395" id="fc2c6252-234c-44f8-a39c-4fcae7bd5491" storage="TestAssembly.dll">
      <Execution id="5d1130f7-9865-4a77-a34f-53352ec64bf5" />
      <TestMethod codeBase="TestAssembly.dll" className="TestNamespace.TestClass10" name="Test3395" />
    </UnitTest>
    <UnitTest name="Test3396" id="ba8c5da4-0729-45c3-b0d5-70c2533dcb55" storage="TestAssembly.dll">
      <Execution id="dd4e5434-04b5-412f-bd51-0c1612b6a863" />
      <TestMethod codeBase="TestAssembly.dll" className="TestNamespace.TestClass10" name="Test3396" />
    </UnitTest>
    <UnitTest name="Test3397" id="281d8456-f672-4c27-aa86-d610bf114e82" storage="TestAssembly.dll">
      <Execution id="0742d987-f982-42d8-ab6d-435e49fe534f" />
      <TestMethod codeBase="TestAssembly.dll" className="TestNamespace.TestClass10" name="Test3397" />
    </UnitTest>
    <UnitTest name="Test3398" id="df865c85-4c9a-442f-9533-facbe3f3aa54" storage="TestAssembly.dll">
      <Execution id="e2bd6224-5577-4181-8f86-1ff9c05fa70b" />
      <TestMethod codeBase="TestAssembly.dll" className="TestNamespace.TestClass10" name="Test3398" />
    </UnitTest>
    <UnitTest name="Test3399" id="dca85894-550f-41b7-8cc5-4a5d1fdfafed" storage="TestAssembly.dll">
      <Execution id="a9f31ff7-a9bc-40f3-9968-d78b20eb708f" />
      <TestMethod codeBase="TestAssembly.dll" className="TestNamespace.TestClass10" name="Test3399" />
    </UnitTest>
    <UnitTest name="Test3400" id="35309715-2d29-4783-9da6-14c20813c5e9" storage="TestAssembly.dll">
      <Execution id="69a76ee6-626e-4fc6-888d-b0a599d257f5" />
      <TestMethod codeBase="TestAssembly.dll" className="TestNamespace.TestClass10" name="Test3400" />
    </UnitTest>
  </TestDefinitions>
  <TestEntries>
    <TestEntry testId="455aacd9-4c55-42d2-b6aa-f8131775e999" executionId="0a488ca9-56ac-456c-8ed1-9c6e2198b71c" testListId="31099e9e-8ede-427b-a4f0-7f76c8aa3b70" />
    <TestEntry testId="dcfd3d6f-88a4-4e99-bb71-536ad5df8a3f" executionId="9112703a-f70f-465b-820b-f977f1c6c5c9" testListId="31099e9e-8ede-427b-a4f0-7f76c8aa3b70" />
    <TestEntry testId="f7074c17-1820-4e57-93da-f6181641e1dc" executionId="fdcfb9bd-7288-4c19-b20d-77bf6d667f3b" testListId="31099e9e-8ede-427b-a4f0-7f76c8aa3b70" />
    <TestEntry testId="844f276c-2995-496b-a1bb-a3aab031c0fa" executionId="67a0db1b-b2ce-4c02-91ec-98e2a6c78871" testListId="31099e9e-8ede-427b-a4f0-7f76c8aa3b70" />
    <TestEntry testId="e1c59b6a-438f-443e-b1e6-e38d9b14b016" executionId="8b847c47-4c19-4412-9626-99b20e3872bd" testListId="31099e9e-8ede-427b-a4f0-7f76c8aa3b70" />
    <TestEntry testId="7c8afe2e-50ba-4569-a199-9e7eaea8071b" executionId="563cafc4-1427-4edd-a268-c8086316a144" testListId="31099e9e-8ede-427b-a4f0-7f76c8aa3b70" />
    <TestEntry testId="47b06104-bf40-4045-b46a-41970c927de7" executionId="c34b2b09-173f-4b9d-b944-1584a5fb466a" testListId="31099e9e-8ede-427b-a4f0-7f76c8aa3b70" />
    <TestEntry testId="92c021c7-79ca-4b59-adab-befcd4de9091" executionId="543aa96a-4ee5-428c-b941-bb7a26c6e9b6" testListId="31099e9e-8ede-427b-a4f0-7f76c8aa3b70" />
    <TestEntry testId="924eba40-d4ec-4012-8f4c-3db87d9e9825" executionId="9ef15925-a4fd-417d-8664-874453a01dfe" testListId="31099e9e-8ede-427b-a4f0-7f76c8aa3b70" />
    <TestEntry testId="be287ea7-04a5-43dc-a076-14f79ed3033c" executionId="b9d0047a-f2d4-4170-881d-4408997198b9" testListId="31099e9e-8ede-427b-a4f0-7f76c8aa3b70" />
    <TestEntry testId="a60180f0-f57a-41fe-87e4-9151bd836b72" executionId="9b692721-0667-4025-b349-3753c16e649f" testListId="31099e9e-8ede-427b-a4f0-7f76c8aa3b70" />
    <TestEntry testId="1133d70c-b440-47c7-955d-86c1c2c4b2bf" executionId="5aed76a8-1f53-4951-9aab-c1a4fc946f45" testListId="31099e9e-8ede-427b-a4f0-7f76c8aa3b70" />
    <TestEntry testId="fe86e2e3-61e9-435f-9893-69565681cc60" executionId="a2bc9bc9-4069-4592-899c-fbab0c3d1c0c" testListId="31099e9e-8ede-427b-a4f0-7f76c8aa3b70" />
    <TestEntry testId="e4f08134-686a-4052-bce6-c8abb97f571c" executionId="295ad152-f520-4686-a88c-0b89193c0575" testListId="31099e9e-8ede-427b-a4f0-7f76c8aa3b70" />
    <TestEntry testId="118666eb-3509-4a6f-b888-960b11da5ba1" executionId="a1e57f04-cf4c-4da0-9cf2-bd72066d2a0a" testListId="31099e9e-8ede-427b-a4f0-7f76c8aa3b70" />
    <TestEntry testId="fa9778b6-f52c-4cf8-a886-7cd0d936c201" executionId="a0f2c2e1-6f78-4db2-a255-d835bc2013b5" testListId="31099e9e-8ede-427b-a4f0-7f76c8aa3b70" />
    <TestEntry testId="fb362d8a-34e8-4081-bf6f-183e5a72e00c" executionId="ebd8e450-a2f5-4d77-bac1-3f6e47545685" testListId="31099e9e-8ede-427b-a4f0-7f76c8aa3b70" />
    <TestEntry testId="c648caed-d4de-4cd7-a9a8-19a99dd2102f" executionId="e92a4641-30c5-4cff-a107-bf8992407bad" testListId="31099e9e-8ede-427b-a4f0-7f76c8aa3b70" />
    <TestEntry testId="66406031-ad04-48b3-969a-9d158443039f" executionId="341cf96e-8d1f-439f-9e2c-57e5f96ae2c8" testListId="31099e9e-8ede-427b-a4f0-7f76c8aa3b70" />
    <TestEntry testId="f7ced66e-9490-4893-a0d4-314c0222f3d8" executionId="e6655e67-270b-4dde-a648-e123270d9c24" testListId="31099e9e-8ede-427b-a4f0-7f76c8aa3b70" />
    <TestEntry testId="c22b1d0a-88b8-44ec-bf01-9884f879fa47" executionId="a403143e-4909-4a95-9c85-6739cb54e02c" testListId="31099e9e-8ede-427b-a4f0-7f76c8aa3b70" />
    <TestEntry testId="7597991b-b97c-42c9-9bc8-81b8514b7b83" executionId="c59587c8-d3bb-4dab-aa56-593a64b22f44" testListId="31099e9e-8ede-427b-a4f0-7f76c8aa3b70" />
    <TestEntry testId="1b464648-e661-4fe4-857b-877cd3eb372b" executionId="705e290e-7f8c-4e69-898e-c26754879977" testListId="31099e9e-8ede-427b-a4f0-7f76c8aa3b70" />
    <TestEntry testId="bd3d061c-b0ec-4bda-b21e-2cfd09d7ccc1" executionId="e7497a58-3277-44ee-9a31-1c3220d89df2" testListId="31099e9e-8ede-427b-a4f0-7f76c8aa3b70" />
    <TestEntry testId="427089da-af08-4ae3-bff3-4a89b85281ed" executionId="3afc0923-f538-4277-9989-88a18666e183" testListId="31099e9e-8ede-427b-a4f0-7f76c8aa3b70" />
    <TestEntry testId="a6c844e9-103f-4c29-b16d-39ecd583edc2" executionId="231042d7-5701-4d3b-97cd-5ad7230f906f" testListId="31099e9e-8ede-427b-a4f0-7f76c8aa3b70" />
    <TestEntry testId="f7235d58-b4ec-42ac-91e5-35756a5d0ae1" executionId="2b8abc35-68a2-48b4-b951-3d8503c24d44" testListId="31099e9e-8ede-427b-a4f0-7f76c8aa3b70" />
    <TestEntry testId="ce52a7cb-5b35-4efb-9bc9-410f80e9b90a" executionId="3892875b-8e47-4bd7-80d2-adb736f6acf7" testListId="31099e9e-8ede-427b-a4f0-7f76c8aa3b70" />
    <TestEntry testId="d779ada2-9bd6-4a20-ae4c-55b0d5ec717f" executionId="44295001-a49f-4e13-8c81-c8f3482b2ddc" testListId="31099e9e-8ede-427b-a4f0-7f76c8aa3b70" />
    <TestEntry testId="4baf4763-c2df-4bc8-8e77-d3d67a56122b" executionId="7d3c172f-2902-467d-9eda-a9808079c9eb" testListId="31099e9e-8ede-427b-a4f0-7f76c8aa3b70" />
    <TestEntry testId="dc3ed980-8431-496d-960a-d7f80c5ff387" executionId="0482e6bc-c461-4296-b3fb-df9a22769231" testListId="31099e9e-8ede-427b-a4f0-7f76c8aa3b70" />
    <TestEntry testId="ca448c5f-a527-40ba-852f-458437f36863" executionId="d9271366-e9df-4bac-85b6-a26bc0c263bc" testListId="31099e9e-8ede-427b-a4f0-7f76c8aa3b70" />
    <TestEntry testId="d6b22ef2-8bc5-4846-b6fc-521e1351a429" executionId="ba3f2448-645a-4d6f-9212-2a38d7bd0e6f" testListId="31099e9e-8ede-427b-a4f0-7f76c8aa3b70" />
    <TestEntry testId="af4e93b3-a6c6-4146-a1a9-2fe397332eb3" executionId="9c4e27db-9bea-4cac-b117-bac966256b83" testListId="31099e9e-8ede-427b-a4f0-7f76c8aa3b70" />
    <TestEntry testId="03ee304a-9c40-4f42-a8fa-5ea52fe0a900" executionId="95c137c5-d831-44e8-84c8-183db1d8975f" testListId="31099e9e-8ede-427b-a4f0-7f76c8aa3b70" />
    <TestEntry testId="5590e456-403f-48f9-a555-9e6a9fab8ed5" executionId="85e881f6-190b-498a-907e-7c4769b5e245" testListId="31099e9e-8ede-427b-a4f0-7f76c8aa3b70" />
    <TestEntry testId="312cdb2b-3261-49da-a23e-075a0e772258" executionId="7cb31a47-f719-47d3-9562-656e4d548e6d" testListId="31099e9e-8ede-427b-a4f0-7f76c8aa3b70" />
    <TestEntry testId="ae697d57-0cd0-4080-b5bd-f5d5383fc89f" executionId="75ad2561-8248-409b-be3a-85649a40707c" testListId="31099e9e-8ede-427b-a4f0-7f76c8aa3b70" />
    <TestEntry testId="ffa5af83-90f7-4d29-8046-fa758698bb75" executionId="5ab8e771-02b1-43b1-a5ba-509148fe8800" testListId="31099e9e-8ede-427b-a4f0-7f76c8aa3b70" />
    <TestEntry testId="19f3fb0d-ed34-4beb-b57a-d5f34cf898b9" executionId="2246f6cc-1ece-4b78-98db-b76fd5a305d1" testListId="31099e9e-8ede-427b-a4f0-7f76c8aa3b70" />
    <TestEntry testId="582276d9-64fe-497b-8ed3-1f87b162ad3c" executionId="105416fc-277d-4dc7-bb45-c73f7e193857" testListId="31099e9e-8ede-427b-a4f0-7f76c8aa3b70" />
    <TestEntry testId="3036be56-a635-41e0-a060-3be885541788" executionId="671436c3-b4ee-4412-aba5-eea2101b1aa1" testListId="31099e9e-8ede-427b-a4f0-7f76c8aa3b70" />
    <TestEntry testId="e8251b1c-c36e-4291-b6fe-973a1727faae" executionId="d1dc9a34-fe0a-48c9-8695-f1f4716f28de" testListId="31099e9e-8ede-427b-a4f0-7f76c8aa3b70" />
    <TestEntry testId="ccb41cd8-2690-4169-bd69-d1b20bdae8c4" executionId="78f0c0cc-f594-47bf-8199-9f653e3b173f" testListId="31099e9e-8ede-427b-a4f0-7f76c8aa3b70" />
    <TestEntry testId="a4fad475-ac48-4a25-96c1-f2034725dbf0" executionId="4038d363-9e97-42fc-a98f-74a8a1bb323d" testListId="31099e9e-8ede-427b-a4f0-7f76c8aa3b70" />
    <TestEntry testId="1341d12d-d279-4bb3-84dd-54685f1ef30f" executionId="69f820da-1b84-4ec9-ad48-131f18309239" testListId="31099e9e-8ede-427b-a4f0-7f76c8aa3b70" />
    <TestEntry testId="ed5c361e-8d40-4935-b024-46673170a4ea" executionId="454707ef-cbb2-4b28-bb10-38c6c4d14080" testListId="31099e9e-8ede-427b-a4f0-7f76c8aa3b70" />
    <TestEntry testId="1802bfb6-047f-4e5f-ac78-74cb7beedb5b" executionId="da55e37a-3c97-4af7-823b-49182b2685de" testListId="31099e9e-8ede-427b-a4f0-7f76c8aa3b70" />
    <TestEntry testId="2b2d1266-1ba5-4a5f-a53f-64fdda0843d2" executionId="fdfea023-a1d0-4b9e-b54e-68da5f74afa4" testListId="31099e9e-8ede-427b-a4f0-7f76c8aa3b70" />
    <TestEntry testId="cd1dfd89-875b-4039-9097-e03eb74b05b9" executionId="6b4afbc8-e171-4076-9d4a-b09f78c5e3fa" testListId="31099e9e-8ede-427b-a4f0-7f76c8aa3b70" />
    <TestEntry testId="5d1712b2-0d34-431d-8881-a59a180bb9ee" executionId="2fc70144-7d87-4611-99f0-bd622d2b33c0" testListId="31099e9e-8ede-427b-a4f0-7f76c8aa3b70" />
    <TestEntry testId="b35e43fb-edb9-46bb-9a85-19adff279fc5" executionId="721428d6-ab9c-4e6a-bfc7-6b89df8060c4" testListId="31099e9e-8ede-427b-a4f0-7f76c8aa3b70" />
    <TestEntry testId="57c12caa-fbdb-4d65-bfc3-d47de86857b6" executionId="96d13ab4-cfc1-45e4-b85d-0a210dc2b91c" testListId="31099e9e-8ede-427b-a4f0-7f76c8aa3b70" />
    <TestEntry testId="daa2d5f5-626b-470e-bfb1-f3cc07db1155" executionId="8f0f20b8-222d-4d29-a0b0-f9240018ce30" testListId="31099e9e-8ede-427b-a4f0-7f76c8aa3b70" />
    <TestEntry testId="4511b4e9-e4f3-4543-9f54-748ecb5019f5" executionId="fdec141b-4457-47cc-a73a-0c2149e1b3d3" testListId="31099e9e-8ede-427b-a4f0-7f76c8aa3b70" />
    <TestEntry testId="59fe6e0d-715d-4ce1-8a9c-d05a5ab0e16c" executionId="1844c230-f79b-4bef-87a5-bb7056db13c5" testListId="31099e9e-8ede-427b-a4f0-7f76c8aa3b70" />
    <TestEntry testId="1ffd7ac7-1863-4131-aced-cac22b4eda25" executionId="7475973c-270b-4a58-9f24-cb7110b1991d" testListId="31099e9e-8ede-427b-a4f0-7f76c8aa3b70" />
    <TestEntry testId="351ab058-4546-4920-aad3-e333b14f9518" executionId="b6fa954e-6168-4b73-8652-a83f3e3a43b4" testListId="31099e9e-8ede-427b-a4f0-7f76c8aa3b70" />
    <TestEntry testId="1e806d43-081e-47ef-bb04-5ea19deb6f0f" executionId="36330da2-6901-4ee0-924c-a90208b2e6ea" testListId="31099e9e-8ede-427b-a4f0-7f76c8aa3b70" />
    <TestEntry testId="fc218c09-e8ec-406a-9fcb-e0ebb859885c" executionId="8b510b6e-5fe5-48c9-baae-3a914bbd6c75" testListId="31099e9e-8ede-427b-a4f0-7f76c8aa3b70" />
    <TestEntry testId="88a99a72-619b-4266-a860-a614eea9a3c6" executionId="564cd673-17d6-4dc6-a1c0-b0bd14b95080" testListId="31099e9e-8ede-427b-a4f0-7f76c8aa3b70" />
    <TestEntry testId="ec8c36b8-2637-4bde-9c2c-eefb6281766a" executionId="d998a748-adb3-4a53-9bd4-86dbcc37f042" testListId="31099e9e-8ede-427b-a4f0-7f76c8aa3b70" />
    <TestEntry testId="ade8353f-6291-4f4d-9989-fa0a0ebf4a08" executionId="3dae6e4d-3942-456e-bc0b-f9f291b2ec42" testListId="31099e9e-8ede-427b-a4f0-7f76c8aa3b70" />
    <TestEntry testId="cf9a92c6-dd29-4914-bc3a-308ff7b090de" executionId="0cd007fb-f5ad-4d3b-b48d-f02b3c9a25fa" testListId="31099e9e-8ede-427b-a4f0-7f76c8aa3b70" />
    <TestEntry testId="7557267a-070e-4fc9-8db9-d52e21a76827" executionId="6d795f2c-74b8-4d4e-897e-eda187cf2930" testListId="31099e9e-8ede-427b-a4f0-7f76c8aa3b70" />
    <TestEntry testId="78ce8907-9fe0-400d-b1fd-42d6a82dc059" executionId="d56da18d-712e-4aa6-8f3e-2eb4b9ea6e87" testListId="31099e9e-8ede-427b-a4f0-7f76c8aa3b70" />
    <TestEntry testId="48401d14-f76c-4616-a887-04912243b244" executionId="7d386ca2-6367-4451-8806-902164133840" testListId="31099e9e-8ede-427b-a4f0-7f76c8aa3b70" />
    <TestEntry testId="970a959b-42c9-455b-a971-6dabd02f7630" executionId="2136654f-26e6-47eb-8efa-545bcb2ce342" testListId="31099e9e-8ede-427b-a4f0-7f76c8aa3b70" />
    <TestEntry testId="25e68b14-8622-4c21-a543-8630af1b3a37" executionId="aabb879a-08af-4918-954d-2f19da3bde60" testListId="31099e9e-8ede-427b-a4f0-7f76c8aa3b70" />
    <TestEntry testId="7ed7308b-dc3f-43f4-9a42-81e6d5f0f2f6" executionId="8d4e54b4-2dfa-4c36-b56d-bf3f8f073082" testListId="31099e9e-8ede-427b-a4f0-7f76c8aa3b70" />
    <TestEntry testId="dac84b91-944c-40ab-9dbe-5f42404b0937" executionId="b91d2e80-a718-49ae-89f7-7d0e26e8da91" testListId="31099e9e-8ede-427b-a4f0-7f76c8aa3b70" />
    <TestEntry testId="246d2059-768e-4641-ba6b-c06fdb6da46b" executionId="5deb623c-6002-4c49-94e7-5b2987a0e96b" testListId="31099e9e-8ede-427b-a4f0-7f76c8aa3b70" />
    <TestEntry testId="618c3576-a43b-4583-bb2d-ed471381a0ec" executionId="d23658d8-f1e7-45ff-aedc-428247f203c2" testListId="31099e9e-8ede-427b-a4f0-7f76c8aa3b70" />
    <TestEntry testId="55a95dc9-92e4-4e66-aecb-f2f7d8e776d0" executionId="999c0448-0bb5-4caf-8534-fdbea581d679" testListId="31099e9e-8ede-427b-a4f0-7f76c8aa3b70" />
    <TestEntry testId="246f6877-21d2-4f37-920d-568a3eae31d0" executionId="48e54d07-3c14-4655-9c50-7058d80628e9" testListId="31099e9e-8ede-427b-a4f0-7f76c8aa3b70" />
    <TestEntry testId="38fd6a39-007b-4e4a-baaf-04744dadee67" executionId="23b64d94-a10d-46e3-8821-db3245654256" testListId="31099e9e-8ede-427b-a4f0-7f76c8aa3b70" />
    <TestEntry testId="585cd87b-25a1-4844-bd45-ec5bc0d6d3f7" executionId="ac76fa06-3c3a-4216-9aca-2b59fa2b9178" testListId="31099e9e-8ede-427b-a4f0-7f76c8aa3b70" />
    <TestEntry testId="a1ca817a-61f5-4b84-9eb4-f77d465eb33f" executionId="7866ea4c-8a95-44f8-90be-e2e03ae4b810" testListId="31099e9e-8ede-427b-a4f0-7f76c8aa3b70" />
    <TestEntry testId="927452fe-cd47-4e58-b8c3-6747d01e7776" executionId="cd09e544-8339-4c8e-840e-59f0dbf6d309" testListId="31099e9e-8ede-427b-a4f0-7f76c8aa3b70" />
    <TestEntry testId="9654a355-8e93-421c-adcf-715fd57cd28e" executionId="1c076cfb-504c-4234-911a-080cd3bec66b" testListId="31099e9e-8ede-427b-a4f0-7f76c8aa3b70" />
    <TestEntry testId="9a8372b2-d052-4fe5-8e23-2732d0262166" executionId="29074d5a-c17a-4de3-a65b-656c1c75a069" testListId="31099e9e-8ede-427b-a4f0-7f76c8aa3b70" />
    <TestEntry testId="17ca2ef9-0a74-4cb9-8ee2-c8a03008d90f" executionId="86940c88-bfb1-4dc1-a8ba-7683e2b544c4" testListId="31099e9e-8ede-427b-a4f0-7f76c8aa3b70" />
    <TestEntry testId="14ca499f-0254-4bea-8710-db3665dbe538" executionId="b9d0cc61-66a0-4a03-ba97-47b19d248753" testListId="31099e9e-8ede-427b-a4f0-7f76c8aa3b70" />
    <TestEntry testId="d578878e-173b-4f74-a4fb-0574bb43b6f4" executionId="f4589647-b187-4c43-8296-5531535f8f16" testListId="31099e9e-8ede-427b-a4f0-7f76c8aa3b70" />
    <TestEntry testId="aa8ec781-f424-41fd-8859-2cf0c1ed86c8" executionId="f2a1e36d-9df4-41fb-aa7f-c4f055c8cad7" testListId="31099e9e-8ede-427b-a4f0-7f76c8aa3b70" />
    <TestEntry testId="60c1922b-dc6d-4a9a-a5d3-40d11ff3ffa8" executionId="7185a526-b931-4e03-babb-4c03e5f416ad" testListId="31099e9e-8ede-427b-a4f0-7f76c8aa3b70" />
    <TestEntry testId="acac04e4-bf98-4554-827b-ee8f4dea12c5" executionId="0912de28-33fb-4d26-93e0-f78c321d3f8a" testListId="31099e9e-8ede-427b-a4f0-7f76c8aa3b70" />
    <TestEntry testId="e99d661c-f9a5-445f-9a02-52d0c5b85c87" executionId="22d3e588-62da-4855-a492-e2e5cc717786" testListId="31099e9e-8ede-427b-a4f0-7f76c8aa3b70" />
    <TestEntry testId="2017a8bb-10f4-4524-bca6-9747973a67df" executionId="3d0fd063-86d3-4bda-aec2-614d6226bf10" testListId="31099e9e-8ede-427b-a4f0-7f76c8aa3b70" />
    <TestEntry testId="f3d4d019-80ba-4d3a-9a3b-e8c2fb53c1d3" executionId="7629b1b0-a27a-492a-ba8c-4b00f6a4b4b6" testListId="31099e9e-8ede-427b-a4f0-7f76c8aa3b70" />
    <TestEntry testId="8051bc82-9e10-472b-b5ef-011a8924f180" executionId="35621530-84ee-4a60-a1d9-5f14640f76c3" testListId="31099e9e-8ede-427b-a4f0-7f76c8aa3b70" />
    <TestEntry testId="456effac-9acd-41f9-a7cb-02798f59e254" executionId="e16444df-ff93-417f-9285-ab9575671b8b" testListId="31099e9e-8ede-427b-a4f0-7f76c8aa3b70" />
    <TestEntry testId="a86ec3b1-3ebe-44d0-9bf4-0ab583d90340" executionId="5e1395af-e169-4f03-85db-323f944f7352" testListId="31099e9e-8ede-427b-a4f0-7f76c8aa3b70" />
    <TestEntry testId="2e37d3e0-f5ad-4322-bb4e-55083d0d8f4f" executionId="3325debb-3b79-4a2c-a189-0889adff913e" testListId="31099e9e-8ede-427b-a4f0-7f76c8aa3b70" />
    <TestEntry testId="fc2c6252-234c-44f8-a39c-4fcae7bd5491" executionId="5d1130f7-9865-4a77-a34f-53352ec64bf5" testListId="31099e9e-8ede-427b-a4f0-7f76c8aa3b70" />
    <TestEntry testId="ba8c5da4-0729-45c3-b0d5-70c2533dcb55" executionId="dd4e5434-04b5-412f-bd51-0c1612b6a863" testListId="31099e9e-8ede-427b-a4f0-7f76c8aa3b70" />
    <TestEntry testId="281d8456-f672-4c27-aa86-d610bf114e82" executionId="0742d987-f982-42d8-ab6d-435e49fe534f" testListId="31099e9e-8ede-427b-a4f0-7f76c8aa3b70" />
    <TestEntry testId="df865c85-4c9a-442f-9533-facbe3f3aa54" executionId="e2bd6224-5577-4181-8f86-1ff9c05fa70b" testListId="31099e9e-8ede-427b-a4f0-7f76c8aa3b70" />
    <TestEntry testId="dca85894-550f-41b7-8cc5-4a5d1fdfafed" executionId="a9f31ff7-a9bc-40f3-9968-d78b20eb708f" testListId="31099e9e-8ede-427b-a4f0-7f76c8aa3b70" />
    <TestEntry testId="35309715-2d29-4783-9da6-14c20813c5e9" executionId="69a76ee6-626e-4fc6-888d-b0a599d257f5" testListId="31099e9e-8ede-427b-a4f0-7f76c8aa3b70" />
  </TestEntries>
  <TestLists>
    <TestList name="Results Not in a List" id="31099e9e-8ede-427b-a4f0-7f76c8aa3b70" />
    <TestList name="All Loaded Results" id="e3b04f82-85e2-41c0-adde-de91f82b99ae" />
  </TestLists>
</TestRun>