<?xml version="1.0" encoding="UTF-8"?>
<TestRun id="c0e6f97b-58f2-4918-8cc2-33bab78ee68a" name="Test Run 26" runUser="Oles Galatsan" xmlns="http://microsoft.com/schemas/VisualStudio/TeamTest/2010">
  <Times creation="2025-05-14T13:20:31.3125482Z" queuing="2025-05-14T13:20:31.3125482Z" start="2025-05-14T13:20:31.3146610Z" finish="2025-05-14T13:25:31.3147553Z" />
  <TestSettings name="Test Settings 26" id="83f20d11-a988-4d9b-9888-1f97cd9a83ed" />
  <Results>
    <UnitTestResult executionId="70cbd54b-93d9-456c-9b80-6482e8f0ce66" testId="db685a5d-4ff2-41bb-8496-24cb356bbcc8" testName="Test2501" computerName="UA-LPT-OGA2" duration="00:00:01.7190000" startTime="2025-05-14T13:20:31.3146610Z" endTime="2025-05-14T13:25:31.3147553Z" testType="13cdc9d9-ddb5-4fa4-a97d-d965ccfc6d4b" outcome="Passed" testListId="63c34efe-b2ee-401a-87c3-8462859f1a83" />
    <UnitTestResult executionId="66988e33-a225-48bc-b8ec-7d1c51322d03" testId="3f76153a-426e-4d98-b139-dac453f5bc99" testName="Test2502" computerName="UA-LPT-OGA2" duration="00:00:00.6500000" startTime="2025-05-14T13:20:31.3146610Z" endTime="2025-05-14T13:25:31.3147553Z" testType="13cdc9d9-ddb5-4fa4-a97d-d965ccfc6d4b" outcome="Passed" testListId="63c34efe-b2ee-401a-87c3-8462859f1a83" />
    <UnitTestResult executionId="986dcaad-f4e2-4181-b777-e4913c4622db" testId="cf498526-c4e8-4e5d-a574-4929e0e8585d" testName="Test2503" computerName="UA-LPT-OGA2" duration="00:00:01.0310000" startTime="2025-05-14T13:20:31.3146610Z" endTime="2025-05-14T13:25:31.3147553Z" testType="13cdc9d9-ddb5-4fa4-a97d-d965ccfc6d4b" outcome="Passed" testListId="63c34efe-b2ee-401a-87c3-8462859f1a83" />
    <UnitTestResult executionId="a79ff85c-7726-4ee5-8521-3bf42d2afb50" testId="0410492e-358a-460f-9abc-616c659ee7b6" testName="Test2504" computerName="UA-LPT-OGA2" duration="00:00:00.7110000" startTime="2025-05-14T13:20:31.3146610Z" endTime="2025-05-14T13:25:31.3147553Z" testType="13cdc9d9-ddb5-4fa4-a97d-d965ccfc6d4b" outcome="Passed" testListId="63c34efe-b2ee-401a-87c3-8462859f1a83" />
    <UnitTestResult executionId="0c75ed16-d29b-413e-b540-af2263ef5454" testId="907cf286-7dfc-4da3-bd27-88ca16080047" testName="Test2505" computerName="UA-LPT-OGA2" duration="00:00:01.9360000" startTime="2025-05-14T13:20:31.3146610Z" endTime="2025-05-14T13:25:31.3147553Z" testType="13cdc9d9-ddb5-4fa4-a97d-d965ccfc6d4b" outcome="Passed" testListId="63c34efe-b2ee-401a-87c3-8462859f1a83" />
    <UnitTestResult executionId="e22c087d-fed5-441b-9e2c-1ddd46f0dd21" testId="bdff566b-3e8b-40f0-b4d2-d9a6b9cf98ff" testName="Test2506" computerName="UA-LPT-OGA2" duration="00:00:00.4590000" startTime="2025-05-14T13:20:31.3146610Z" endTime="2025-05-14T13:25:31.3147553Z" testType="13cdc9d9-ddb5-4fa4-a97d-d965ccfc6d4b" outcome="Passed" testListId="63c34efe-b2ee-401a-87c3-8462859f1a83" />
    <UnitTestResult executionId="93f0c809-afeb-4662-b711-4cc281bda925" testId="c229efc1-afb3-4e34-a336-bd635a339e0e" testName="Test2507" computerName="UA-LPT-OGA2" duration="00:00:01.9720000" startTime="2025-05-14T13:20:31.3146610Z" endTime="2025-05-14T13:25:31.3147553Z" testType="13cdc9d9-ddb5-4fa4-a97d-d965ccfc6d4b" outcome="Failed" testListId="63c34efe-b2ee-401a-87c3-8462859f1a83">
      <Output>
        <ErrorInfo>
          <Message>Assertion failed: Expected value did not match actual value.</Message>
          <StackTrace>   at TestNamespace.TestClass.Test() in TestClass.cs:line 322</StackTrace>
        </ErrorInfo>
      </Output>
    </UnitTestResult>
    <UnitTestResult executionId="3fde96c3-4088-4ef5-90e7-6346934f44ca" testId="70a81711-348a-47c6-8621-7eaf62371b10" testName="Test2508" computerName="UA-LPT-OGA2" duration="00:00:00.9370000" startTime="2025-05-14T13:20:31.3146610Z" endTime="2025-05-14T13:25:31.3147553Z" testType="13cdc9d9-ddb5-4fa4-a97d-d965ccfc6d4b" outcome="Passed" testListId="63c34efe-b2ee-401a-87c3-8462859f1a83" />
    <UnitTestResult executionId="c4b045f1-2b7e-4b35-814a-171ef8c34702" testId="58911ef3-f5fa-41a6-b743-8e8e4dff482d" testName="Test2509" computerName="UA-LPT-OGA2" duration="00:00:00.4090000" startTime="2025-05-14T13:20:31.3146610Z" endTime="2025-05-14T13:25:31.3147553Z" testType="13cdc9d9-ddb5-4fa4-a97d-d965ccfc6d4b" outcome="Passed" testListId="63c34efe-b2ee-401a-87c3-8462859f1a83" />
    <UnitTestResult executionId="f5e559b3-11e8-43c6-821b-9754be184b0d" testId="344e7212-4d31-4fde-9958-1e55541e8af7" testName="Test2510" computerName="UA-LPT-OGA2" duration="00:00:00.5600000" startTime="2025-05-14T13:20:31.3146610Z" endTime="2025-05-14T13:25:31.3147553Z" testType="13cdc9d9-ddb5-4fa4-a97d-d965ccfc6d4b" outcome="Passed" testListId="63c34efe-b2ee-401a-87c3-8462859f1a83" />
    <UnitTestResult executionId="5659848e-360e-4c60-bd97-9101f08ba108" testId="40c34c09-d7a0-4af2-8037-0a44f013cce1" testName="Test2511" computerName="UA-LPT-OGA2" duration="00:00:01.5410000" startTime="2025-05-14T13:20:31.3146610Z" endTime="2025-05-14T13:25:31.3147553Z" testType="13cdc9d9-ddb5-4fa4-a97d-d965ccfc6d4b" outcome="Passed" testListId="63c34efe-b2ee-401a-87c3-8462859f1a83" />
    <UnitTestResult executionId="8f4f9fd4-887b-4af7-8431-cc8a52c3861b" testId="159cd4d9-822c-49ef-8427-34d813f69246" testName="Test2512" computerName="UA-LPT-OGA2" duration="00:00:01.0820000" startTime="2025-05-14T13:20:31.3146610Z" endTime="2025-05-14T13:25:31.3147553Z" testType="13cdc9d9-ddb5-4fa4-a97d-d965ccfc6d4b" outcome="Passed" testListId="63c34efe-b2ee-401a-87c3-8462859f1a83" />
    <UnitTestResult executionId="f8ea0b4a-a895-4904-aa88-e8f6927123a5" testId="0023adb8-6fa3-413f-95be-675150207ec7" testName="Test2513" computerName="UA-LPT-OGA2" duration="00:00:00.2910000" startTime="2025-05-14T13:20:31.3146610Z" endTime="2025-05-14T13:25:31.3147553Z" testType="13cdc9d9-ddb5-4fa4-a97d-d965ccfc6d4b" outcome="Failed" testListId="63c34efe-b2ee-401a-87c3-8462859f1a83">
      <Output>
        <ErrorInfo>
          <Message>Assertion failed: Expected value did not match actual value.</Message>
          <StackTrace>   at TestNamespace.TestClass.Test() in TestClass.cs:line 107</StackTrace>
        </ErrorInfo>
      </Output>
    </UnitTestResult>
    <UnitTestResult executionId="e3a1ddaa-8914-4713-b021-21175cd39b27" testId="e7b3a23b-5cf3-4e26-8b28-fdbcd105595f" testName="Test2514" computerName="UA-LPT-OGA2" duration="00:00:01.1780000" startTime="2025-05-14T13:20:31.3146610Z" endTime="2025-05-14T13:25:31.3147553Z" testType="13cdc9d9-ddb5-4fa4-a97d-d965ccfc6d4b" outcome="Passed" testListId="63c34efe-b2ee-401a-87c3-8462859f1a83" />
    <UnitTestResult executionId="83843fcd-f62c-441a-b9d0-9391c0fdc989" testId="6807d876-cdf8-44c3-95d8-953e99e6fc93" testName="Test2515" computerName="UA-LPT-OGA2" duration="00:00:01.6550000" startTime="2025-05-14T13:20:31.3146610Z" endTime="2025-05-14T13:25:31.3147553Z" testType="13cdc9d9-ddb5-4fa4-a97d-d965ccfc6d4b" outcome="Passed" testListId="63c34efe-b2ee-401a-87c3-8462859f1a83" />
    <UnitTestResult executionId="a97fc202-ef16-407f-ad4f-a1e84b008a5f" testId="d627f429-5ea6-45cb-bc68-dba69147756d" testName="Test2516" computerName="UA-LPT-OGA2" duration="00:00:00.7680000" startTime="2025-05-14T13:20:31.3146610Z" endTime="2025-05-14T13:25:31.3147553Z" testType="13cdc9d9-ddb5-4fa4-a97d-d965ccfc6d4b" outcome="Passed" testListId="63c34efe-b2ee-401a-87c3-8462859f1a83" />
    <UnitTestResult executionId="59131400-6798-4f09-a3e2-736685625c33" testId="63aa4c7b-68b8-4df9-8793-d1a948963c18" testName="Test2517" computerName="UA-LPT-OGA2" duration="00:00:00.7260000" startTime="2025-05-14T13:20:31.3146610Z" endTime="2025-05-14T13:25:31.3147553Z" testType="13cdc9d9-ddb5-4fa4-a97d-d965ccfc6d4b" outcome="Passed" testListId="63c34efe-b2ee-401a-87c3-8462859f1a83" />
    <UnitTestResult executionId="60287b03-ec96-4620-8e25-3199a3215283" testId="fa5ac24d-eaee-475a-9867-66d8eae416a1" testName="Test2518" computerName="UA-LPT-OGA2" duration="00:00:00.1600000" startTime="2025-05-14T13:20:31.3146610Z" endTime="2025-05-14T13:25:31.3147553Z" testType="13cdc9d9-ddb5-4fa4-a97d-d965ccfc6d4b" outcome="Passed" testListId="63c34efe-b2ee-401a-87c3-8462859f1a83" />
    <UnitTestResult executionId="193c9c49-8bea-4a12-a106-307940a93572" testId="d0ba4599-5146-430c-aeda-a4b78b7382ca" testName="Test2519" computerName="UA-LPT-OGA2" duration="00:00:00.2960000" startTime="2025-05-14T13:20:31.3146610Z" endTime="2025-05-14T13:25:31.3147553Z" testType="13cdc9d9-ddb5-4fa4-a97d-d965ccfc6d4b" outcome="Passed" testListId="63c34efe-b2ee-401a-87c3-8462859f1a83" />
    <UnitTestResult executionId="ab94d9b6-4fc4-4119-a3b1-75de15cbc270" testId="8d4b96e6-954f-43a2-973e-c03b66169f64" testName="Test2520" computerName="UA-LPT-OGA2" duration="00:00:01.2700000" startTime="2025-05-14T13:20:31.3146610Z" endTime="2025-05-14T13:25:31.3147553Z" testType="13cdc9d9-ddb5-4fa4-a97d-d965ccfc6d4b" outcome="Passed" testListId="63c34efe-b2ee-401a-87c3-8462859f1a83" />
    <UnitTestResult executionId="01ce3752-d194-4cd9-80f8-a13b71ce2558" testId="204da159-17aa-4b41-9957-fe81d5ad2446" testName="Test2521" computerName="UA-LPT-OGA2" duration="00:00:00.9410000" startTime="2025-05-14T13:20:31.3146610Z" endTime="2025-05-14T13:25:31.3147553Z" testType="13cdc9d9-ddb5-4fa4-a97d-d965ccfc6d4b" outcome="Passed" testListId="63c34efe-b2ee-401a-87c3-8462859f1a83" />
    <UnitTestResult executionId="053111cc-6c00-410f-b57f-72dfa8117808" testId="1a1b8841-62a4-437e-a485-e8aa8bc5b2ff" testName="Test2522" computerName="UA-LPT-OGA2" duration="00:00:01.9250000" startTime="2025-05-14T13:20:31.3146610Z" endTime="2025-05-14T13:25:31.3147553Z" testType="13cdc9d9-ddb5-4fa4-a97d-d965ccfc6d4b" outcome="Passed" testListId="63c34efe-b2ee-401a-87c3-8462859f1a83" />
    <UnitTestResult executionId="3e575400-35cf-4d18-a52e-0a6ce603a36c" testId="61d4caf8-f40f-418e-83ff-ded79a00eca5" testName="Test2523" computerName="UA-LPT-OGA2" duration="00:00:00.1000000" startTime="2025-05-14T13:20:31.3146610Z" endTime="2025-05-14T13:25:31.3147553Z" testType="13cdc9d9-ddb5-4fa4-a97d-d965ccfc6d4b" outcome="Passed" testListId="63c34efe-b2ee-401a-87c3-8462859f1a83" />
    <UnitTestResult executionId="296135c4-81a9-4277-9c9b-23483d783367" testId="e88054e2-e675-43eb-9bd1-93bbb7bfcbef" testName="Test2524" computerName="UA-LPT-OGA2" duration="00:00:00.6710000" startTime="2025-05-14T13:20:31.3146610Z" endTime="2025-05-14T13:25:31.3147553Z" testType="13cdc9d9-ddb5-4fa4-a97d-d965ccfc6d4b" outcome="Passed" testListId="63c34efe-b2ee-401a-87c3-8462859f1a83" />
    <UnitTestResult executionId="f8c31130-7fcf-48a6-a96a-15b1b70d97d5" testId="6e193311-55e3-4bd7-b2cb-3c5d22a66b99" testName="Test2525" computerName="UA-LPT-OGA2" duration="00:00:01.8660000" startTime="2025-05-14T13:20:31.3146610Z" endTime="2025-05-14T13:25:31.3147553Z" testType="13cdc9d9-ddb5-4fa4-a97d-d965ccfc6d4b" outcome="Passed" testListId="63c34efe-b2ee-401a-87c3-8462859f1a83" />
    <UnitTestResult executionId="d0fd10c7-1e1a-466d-8a4f-17993d11e4a7" testId="31c4ec38-f86e-4e19-b17a-2c942c5c961e" testName="Test2526" computerName="UA-LPT-OGA2" duration="00:00:00.2240000" startTime="2025-05-14T13:20:31.3146610Z" endTime="2025-05-14T13:25:31.3147553Z" testType="13cdc9d9-ddb5-4fa4-a97d-d965ccfc6d4b" outcome="Passed" testListId="63c34efe-b2ee-401a-87c3-8462859f1a83" />
    <UnitTestResult executionId="2461d6a1-9b5c-4a58-8ef9-32e9dd8cfbda" testId="83f224d1-881f-42ef-818d-f32165e13c2f" testName="Test2527" computerName="UA-LPT-OGA2" duration="00:00:00.7690000" startTime="2025-05-14T13:20:31.3146610Z" endTime="2025-05-14T13:25:31.3147553Z" testType="13cdc9d9-ddb5-4fa4-a97d-d965ccfc6d4b" outcome="Passed" testListId="63c34efe-b2ee-401a-87c3-8462859f1a83" />
    <UnitTestResult executionId="9470ef6b-ac7b-423e-aa14-50f8246f9f07" testId="0467b9c3-9bec-4c8c-b3a4-d3f6f1662901" testName="Test2528" computerName="UA-LPT-OGA2" duration="00:00:00.9810000" startTime="2025-05-14T13:20:31.3146610Z" endTime="2025-05-14T13:25:31.3147553Z" testType="13cdc9d9-ddb5-4fa4-a97d-d965ccfc6d4b" outcome="Passed" testListId="63c34efe-b2ee-401a-87c3-8462859f1a83" />
    <UnitTestResult executionId="7642d7b1-f4ab-41c4-8943-2b4f2155da81" testId="85c6810c-a388-4409-bb03-e84fb681dc9b" testName="Test2529" computerName="UA-LPT-OGA2" duration="00:00:01.8930000" startTime="2025-05-14T13:20:31.3146610Z" endTime="2025-05-14T13:25:31.3147553Z" testType="13cdc9d9-ddb5-4fa4-a97d-d965ccfc6d4b" outcome="Passed" testListId="63c34efe-b2ee-401a-87c3-8462859f1a83" />
    <UnitTestResult executionId="0cde7b7f-1a6f-44b1-b7c8-ed4b08ffed55" testId="d68c5f81-7213-4018-9514-ad7f748a36bc" testName="Test2530" computerName="UA-LPT-OGA2" duration="00:00:01.9630000" startTime="2025-05-14T13:20:31.3146610Z" endTime="2025-05-14T13:25:31.3147553Z" testType="13cdc9d9-ddb5-4fa4-a97d-d965ccfc6d4b" outcome="Passed" testListId="63c34efe-b2ee-401a-87c3-8462859f1a83" />
    <UnitTestResult executionId="f790a444-cac5-42b6-8f91-699070e21c6b" testId="5889ed45-12f5-4f66-9e24-d02e1effe15d" testName="Test2531" computerName="UA-LPT-OGA2" duration="00:00:00.4960000" startTime="2025-05-14T13:20:31.3146610Z" endTime="2025-05-14T13:25:31.3147553Z" testType="13cdc9d9-ddb5-4fa4-a97d-d965ccfc6d4b" outcome="Passed" testListId="63c34efe-b2ee-401a-87c3-8462859f1a83" />
    <UnitTestResult executionId="9f7c92e0-034a-4394-b2da-982568d680c0" testId="90d088d4-2558-4cc5-a0e7-727a4611963b" testName="Test2532" computerName="UA-LPT-OGA2" duration="00:00:01.0370000" startTime="2025-05-14T13:20:31.3146610Z" endTime="2025-05-14T13:25:31.3147553Z" testType="13cdc9d9-ddb5-4fa4-a97d-d965ccfc6d4b" outcome="Passed" testListId="63c34efe-b2ee-401a-87c3-8462859f1a83" />
    <UnitTestResult executionId="261291ed-f332-4c68-a4b8-6702e99f9939" testId="6b2e3ddd-c0f7-476c-bd71-0d4d68cb8821" testName="Test2533" computerName="UA-LPT-OGA2" duration="00:00:00.2660000" startTime="2025-05-14T13:20:31.3146610Z" endTime="2025-05-14T13:25:31.3147553Z" testType="13cdc9d9-ddb5-4fa4-a97d-d965ccfc6d4b" outcome="Passed" testListId="63c34efe-b2ee-401a-87c3-8462859f1a83" />
    <UnitTestResult executionId="c021e66d-8595-4b9c-b127-b6790ebe2962" testId="db958fae-3a55-43eb-8524-7eefdf30f288" testName="Test2534" computerName="UA-LPT-OGA2" duration="00:00:00.2160000" startTime="2025-05-14T13:20:31.3146610Z" endTime="2025-05-14T13:25:31.3147553Z" testType="13cdc9d9-ddb5-4fa4-a97d-d965ccfc6d4b" outcome="Passed" testListId="63c34efe-b2ee-401a-87c3-8462859f1a83" />
    <UnitTestResult executionId="407d8a31-4bd2-4981-a4e8-864b0f3f21d5" testId="e1fd3201-1339-44e2-9793-b917c2aaa217" testName="Test2535" computerName="UA-LPT-OGA2" duration="00:00:01.6490000" startTime="2025-05-14T13:20:31.3146610Z" endTime="2025-05-14T13:25:31.3147553Z" testType="13cdc9d9-ddb5-4fa4-a97d-d965ccfc6d4b" outcome="Passed" testListId="63c34efe-b2ee-401a-87c3-8462859f1a83" />
    <UnitTestResult executionId="d1fbb344-7303-4425-87a1-3673fd756b8a" testId="33baa948-31b6-473f-bb5c-ba2fc6decbf6" testName="Test2536" computerName="UA-LPT-OGA2" duration="00:00:01.3150000" startTime="2025-05-14T13:20:31.3146610Z" endTime="2025-05-14T13:25:31.3147553Z" testType="13cdc9d9-ddb5-4fa4-a97d-d965ccfc6d4b" outcome="Passed" testListId="63c34efe-b2ee-401a-87c3-8462859f1a83" />
    <UnitTestResult executionId="a4e7a5a7-9f88-45aa-b1f9-a852081b456e" testId="eb6988b2-7716-4f22-8312-79cc3de14e50" testName="Test2537" computerName="UA-LPT-OGA2" duration="00:00:00.6180000" startTime="2025-05-14T13:20:31.3146610Z" endTime="2025-05-14T13:25:31.3147553Z" testType="13cdc9d9-ddb5-4fa4-a97d-d965ccfc6d4b" outcome="Passed" testListId="63c34efe-b2ee-401a-87c3-8462859f1a83" />
    <UnitTestResult executionId="79aac506-6edb-43b9-9710-a2ca171c88be" testId="9446d93e-7127-4d98-8d20-e7fb7680a460" testName="Test2538" computerName="UA-LPT-OGA2" duration="00:00:00.8780000" startTime="2025-05-14T13:20:31.3146610Z" endTime="2025-05-14T13:25:31.3147553Z" testType="13cdc9d9-ddb5-4fa4-a97d-d965ccfc6d4b" outcome="Passed" testListId="63c34efe-b2ee-401a-87c3-8462859f1a83" />
    <UnitTestResult executionId="69fb159e-9bdd-488b-8fe6-65e9d9e17e30" testId="8df04dba-144e-4f2c-bba7-14c6eaebc9a5" testName="Test2539" computerName="UA-LPT-OGA2" duration="00:00:00.4960000" startTime="2025-05-14T13:20:31.3146610Z" endTime="2025-05-14T13:25:31.3147553Z" testType="13cdc9d9-ddb5-4fa4-a97d-d965ccfc6d4b" outcome="Passed" testListId="63c34efe-b2ee-401a-87c3-8462859f1a83" />
    <UnitTestResult executionId="3d38e016-3c32-4f20-936b-40c15d2e51f5" testId="b9e00a1b-59f5-47af-b9cb-36585468ffb4" testName="Test2540" computerName="UA-LPT-OGA2" duration="00:00:01.1550000" startTime="2025-05-14T13:20:31.3146610Z" endTime="2025-05-14T13:25:31.3147553Z" testType="13cdc9d9-ddb5-4fa4-a97d-d965ccfc6d4b" outcome="Passed" testListId="63c34efe-b2ee-401a-87c3-8462859f1a83" />
    <UnitTestResult executionId="4445b836-6325-4fa1-9e96-398bd93b8403" testId="7060961b-38b0-4450-b642-5445767850ae" testName="Test2541" computerName="UA-LPT-OGA2" duration="00:00:00.4570000" startTime="2025-05-14T13:20:31.3146610Z" endTime="2025-05-14T13:25:31.3147553Z" testType="13cdc9d9-ddb5-4fa4-a97d-d965ccfc6d4b" outcome="Passed" testListId="63c34efe-b2ee-401a-87c3-8462859f1a83" />
    <UnitTestResult executionId="655664d4-5007-4f2f-8e25-c2f3a9cbc552" testId="dcaa33ef-1ce0-4388-af67-4e481dbe8a32" testName="Test2542" computerName="UA-LPT-OGA2" duration="00:00:00.3320000" startTime="2025-05-14T13:20:31.3146610Z" endTime="2025-05-14T13:25:31.3147553Z" testType="13cdc9d9-ddb5-4fa4-a97d-d965ccfc6d4b" outcome="Passed" testListId="63c34efe-b2ee-401a-87c3-8462859f1a83" />
    <UnitTestResult executionId="dfec0194-2297-411e-90b0-45146482e9f7" testId="a0829d43-7d19-45c4-a664-b4deee2cc3c1" testName="Test2543" computerName="UA-LPT-OGA2" duration="00:00:00.2750000" startTime="2025-05-14T13:20:31.3146610Z" endTime="2025-05-14T13:25:31.3147553Z" testType="13cdc9d9-ddb5-4fa4-a97d-d965ccfc6d4b" outcome="Passed" testListId="63c34efe-b2ee-401a-87c3-8462859f1a83" />
    <UnitTestResult executionId="08b79a6b-309e-4a71-8b5e-03b99cbf0fb6" testId="c71e4a56-9a16-45c0-8c97-d0db169e90da" testName="Test2544" computerName="UA-LPT-OGA2" duration="00:00:01.2430000" startTime="2025-05-14T13:20:31.3146610Z" endTime="2025-05-14T13:25:31.3147553Z" testType="13cdc9d9-ddb5-4fa4-a97d-d965ccfc6d4b" outcome="Passed" testListId="63c34efe-b2ee-401a-87c3-8462859f1a83" />
    <UnitTestResult executionId="6968c011-c035-4035-944c-84060511a5c9" testId="75cf7a27-ab73-43b4-ba93-5dfc22294284" testName="Test2545" computerName="UA-LPT-OGA2" duration="00:00:01.9310000" startTime="2025-05-14T13:20:31.3146610Z" endTime="2025-05-14T13:25:31.3147553Z" testType="13cdc9d9-ddb5-4fa4-a97d-d965ccfc6d4b" outcome="Passed" testListId="63c34efe-b2ee-401a-87c3-8462859f1a83" />
    <UnitTestResult executionId="7bc9f0a3-a150-4337-a8b4-b3fce478c903" testId="6c70c5b6-70c1-4a98-bf9e-a6355fcc9b23" testName="Test2546" computerName="UA-LPT-OGA2" duration="00:00:01.7830000" startTime="2025-05-14T13:20:31.3146610Z" endTime="2025-05-14T13:25:31.3147553Z" testType="13cdc9d9-ddb5-4fa4-a97d-d965ccfc6d4b" outcome="Passed" testListId="63c34efe-b2ee-401a-87c3-8462859f1a83" />
    <UnitTestResult executionId="967b03c0-9303-4eca-b5cd-21651e59af06" testId="f429cf82-4f4c-43b7-823c-d840190d6fda" testName="Test2547" computerName="UA-LPT-OGA2" duration="00:00:01.2460000" startTime="2025-05-14T13:20:31.3146610Z" endTime="2025-05-14T13:25:31.3147553Z" testType="13cdc9d9-ddb5-4fa4-a97d-d965ccfc6d4b" outcome="Passed" testListId="63c34efe-b2ee-401a-87c3-8462859f1a83" />
    <UnitTestResult executionId="d498ad0b-7d94-4e2e-ae82-476275f1d02d" testId="f5ce6f5b-384b-4669-ba2c-4b153cc41472" testName="Test2548" computerName="UA-LPT-OGA2" duration="00:00:01.8900000" startTime="2025-05-14T13:20:31.3146610Z" endTime="2025-05-14T13:25:31.3147553Z" testType="13cdc9d9-ddb5-4fa4-a97d-d965ccfc6d4b" outcome="Passed" testListId="63c34efe-b2ee-401a-87c3-8462859f1a83" />
    <UnitTestResult executionId="dafb6d28-d9d9-435c-a686-ef0b8d2e8c2d" testId="320cd4d9-9778-4cc3-be8f-c9c1cb001c6d" testName="Test2549" computerName="UA-LPT-OGA2" duration="00:00:01.8260000" startTime="2025-05-14T13:20:31.3146610Z" endTime="2025-05-14T13:25:31.3147553Z" testType="13cdc9d9-ddb5-4fa4-a97d-d965ccfc6d4b" outcome="Passed" testListId="63c34efe-b2ee-401a-87c3-8462859f1a83" />
    <UnitTestResult executionId="99838015-b033-453e-9aef-93261f164ced" testId="7ba85eda-39c9-41a8-9e50-300f627c81cd" testName="Test2550" computerName="UA-LPT-OGA2" duration="00:00:01.8180000" startTime="2025-05-14T13:20:31.3146610Z" endTime="2025-05-14T13:25:31.3147553Z" testType="13cdc9d9-ddb5-4fa4-a97d-d965ccfc6d4b" outcome="Passed" testListId="63c34efe-b2ee-401a-87c3-8462859f1a83" />
    <UnitTestResult executionId="4f7f16bc-a012-406d-a837-1ac95a16eb7c" testId="29f5ca59-6159-4af4-9342-0b2a9f1a7256" testName="Test2551" computerName="UA-LPT-OGA2" duration="00:00:01.3800000" startTime="2025-05-14T13:20:31.3146610Z" endTime="2025-05-14T13:25:31.3147553Z" testType="13cdc9d9-ddb5-4fa4-a97d-d965ccfc6d4b" outcome="Passed" testListId="63c34efe-b2ee-401a-87c3-8462859f1a83" />
    <UnitTestResult executionId="cd5bcefd-6a3f-4b47-8a7b-810fd4a62788" testId="55d49482-ce8d-490e-b831-5314fc7cde98" testName="Test2552" computerName="UA-LPT-OGA2" duration="00:00:01.3510000" startTime="2025-05-14T13:20:31.3146610Z" endTime="2025-05-14T13:25:31.3147553Z" testType="13cdc9d9-ddb5-4fa4-a97d-d965ccfc6d4b" outcome="Passed" testListId="63c34efe-b2ee-401a-87c3-8462859f1a83" />
    <UnitTestResult executionId="475ddb7b-fc00-4cdb-8269-c4ed789f1bf5" testId="0703705d-610f-4474-b0d8-4f964aa8e664" testName="Test2553" computerName="UA-LPT-OGA2" duration="00:00:01.3220000" startTime="2025-05-14T13:20:31.3146610Z" endTime="2025-05-14T13:25:31.3147553Z" testType="13cdc9d9-ddb5-4fa4-a97d-d965ccfc6d4b" outcome="Passed" testListId="63c34efe-b2ee-401a-87c3-8462859f1a83" />
    <UnitTestResult executionId="9ea7384e-fd38-4752-baef-4138268f35a3" testId="b6cf2ba2-6c39-4be6-85ac-b09c051012f7" testName="Test2554" computerName="UA-LPT-OGA2" duration="00:00:01.9940000" startTime="2025-05-14T13:20:31.3146610Z" endTime="2025-05-14T13:25:31.3147553Z" testType="13cdc9d9-ddb5-4fa4-a97d-d965ccfc6d4b" outcome="Passed" testListId="63c34efe-b2ee-401a-87c3-8462859f1a83" />
    <UnitTestResult executionId="5ff51ae0-098b-4f24-adce-73a1ae3e9b0f" testId="191ea1e0-c4be-42d3-ad8f-c7b083834a4c" testName="Test2555" computerName="UA-LPT-OGA2" duration="00:00:01.1860000" startTime="2025-05-14T13:20:31.3146610Z" endTime="2025-05-14T13:25:31.3147553Z" testType="13cdc9d9-ddb5-4fa4-a97d-d965ccfc6d4b" outcome="Passed" testListId="63c34efe-b2ee-401a-87c3-8462859f1a83" />
    <UnitTestResult executionId="61147147-6d9d-4620-bc81-57d1bf533dd0" testId="07fd89a1-26cb-4e6d-ac70-d189e8fe0f0b" testName="Test2556" computerName="UA-LPT-OGA2" duration="00:00:00.3010000" startTime="2025-05-14T13:20:31.3146610Z" endTime="2025-05-14T13:25:31.3147553Z" testType="13cdc9d9-ddb5-4fa4-a97d-d965ccfc6d4b" outcome="Passed" testListId="63c34efe-b2ee-401a-87c3-8462859f1a83" />
    <UnitTestResult executionId="13f720a4-ad37-4df4-8155-6e655b314fb3" testId="ec8db07c-6058-438b-a6d0-a045ce83d567" testName="Test2557" computerName="UA-LPT-OGA2" duration="00:00:01.9510000" startTime="2025-05-14T13:20:31.3146610Z" endTime="2025-05-14T13:25:31.3147553Z" testType="13cdc9d9-ddb5-4fa4-a97d-d965ccfc6d4b" outcome="Passed" testListId="63c34efe-b2ee-401a-87c3-8462859f1a83" />
    <UnitTestResult executionId="d4c1c382-ef1e-4e0b-9c6c-aee52a47c563" testId="ca17fdea-a85a-4d69-bb26-101394ead524" testName="Test2558" computerName="UA-LPT-OGA2" duration="00:00:01.1220000" startTime="2025-05-14T13:20:31.3146610Z" endTime="2025-05-14T13:25:31.3147553Z" testType="13cdc9d9-ddb5-4fa4-a97d-d965ccfc6d4b" outcome="Passed" testListId="63c34efe-b2ee-401a-87c3-8462859f1a83" />
    <UnitTestResult executionId="970e286a-cd84-4d7c-acc6-08f1432d0d02" testId="d99f4281-ca6e-43f1-b525-26bf237f0472" testName="Test2559" computerName="UA-LPT-OGA2" duration="00:00:01.6750000" startTime="2025-05-14T13:20:31.3146610Z" endTime="2025-05-14T13:25:31.3147553Z" testType="13cdc9d9-ddb5-4fa4-a97d-d965ccfc6d4b" outcome="Passed" testListId="63c34efe-b2ee-401a-87c3-8462859f1a83" />
    <UnitTestResult executionId="0f73f5b5-83ee-4f59-a7cb-b62c6e7130ae" testId="51fff8f0-8638-43a7-a226-89013f77b32f" testName="Test2560" computerName="UA-LPT-OGA2" duration="00:00:01.1060000" startTime="2025-05-14T13:20:31.3146610Z" endTime="2025-05-14T13:25:31.3147553Z" testType="13cdc9d9-ddb5-4fa4-a97d-d965ccfc6d4b" outcome="Passed" testListId="63c34efe-b2ee-401a-87c3-8462859f1a83" />
    <UnitTestResult executionId="faf94ed5-521a-41f1-a0a5-a527f0d84a1f" testId="e91581d6-cf38-44e2-a8e3-1ffd44dcd004" testName="Test2561" computerName="UA-LPT-OGA2" duration="00:00:00.8850000" startTime="2025-05-14T13:20:31.3146610Z" endTime="2025-05-14T13:25:31.3147553Z" testType="13cdc9d9-ddb5-4fa4-a97d-d965ccfc6d4b" outcome="Passed" testListId="63c34efe-b2ee-401a-87c3-8462859f1a83" />
    <UnitTestResult executionId="3e2a163c-9180-4798-9fb4-449afc3d4deb" testId="574c5928-8fe1-406e-a414-a45d7d28f6eb" testName="Test2562" computerName="UA-LPT-OGA2" duration="00:00:00.1870000" startTime="2025-05-14T13:20:31.3146610Z" endTime="2025-05-14T13:25:31.3147553Z" testType="13cdc9d9-ddb5-4fa4-a97d-d965ccfc6d4b" outcome="Passed" testListId="63c34efe-b2ee-401a-87c3-8462859f1a83" />
    <UnitTestResult executionId="1666f6ea-e10c-4e77-8d67-70268a619349" testId="a066b8ee-ba41-4ff5-ae1f-f5258650dd93" testName="Test2563" computerName="UA-LPT-OGA2" duration="00:00:00.2430000" startTime="2025-05-14T13:20:31.3146610Z" endTime="2025-05-14T13:25:31.3147553Z" testType="13cdc9d9-ddb5-4fa4-a97d-d965ccfc6d4b" outcome="Passed" testListId="63c34efe-b2ee-401a-87c3-8462859f1a83" />
    <UnitTestResult executionId="6480e6b8-fd54-40d3-8c8f-672ba51dbd72" testId="4283bfe0-9ebe-4fab-ad95-f0ff87e27588" testName="Test2564" computerName="UA-LPT-OGA2" duration="00:00:00.0440000" startTime="2025-05-14T13:20:31.3146610Z" endTime="2025-05-14T13:25:31.3147553Z" testType="13cdc9d9-ddb5-4fa4-a97d-d965ccfc6d4b" outcome="Passed" testListId="63c34efe-b2ee-401a-87c3-8462859f1a83" />
    <UnitTestResult executionId="2a216ac6-42eb-4dc2-b89c-712086187761" testId="36b3807b-addf-4f6d-a036-e5ada7892070" testName="Test2565" computerName="UA-LPT-OGA2" duration="00:00:01.6390000" startTime="2025-05-14T13:20:31.3146610Z" endTime="2025-05-14T13:25:31.3147553Z" testType="13cdc9d9-ddb5-4fa4-a97d-d965ccfc6d4b" outcome="Passed" testListId="63c34efe-b2ee-401a-87c3-8462859f1a83" />
    <UnitTestResult executionId="26dd17e2-439c-474f-a861-73d873b7de85" testId="41f73344-33bb-4ea0-96f7-a98867ee7b08" testName="Test2566" computerName="UA-LPT-OGA2" duration="00:00:01.6240000" startTime="2025-05-14T13:20:31.3146610Z" endTime="2025-05-14T13:25:31.3147553Z" testType="13cdc9d9-ddb5-4fa4-a97d-d965ccfc6d4b" outcome="Passed" testListId="63c34efe-b2ee-401a-87c3-8462859f1a83" />
    <UnitTestResult executionId="523bea90-e73e-4b94-8d63-6cc7e7a955ff" testId="69d5223c-ef33-408d-81d2-06858ef10cec" testName="Test2567" computerName="UA-LPT-OGA2" duration="00:00:00.5760000" startTime="2025-05-14T13:20:31.3146610Z" endTime="2025-05-14T13:25:31.3147553Z" testType="13cdc9d9-ddb5-4fa4-a97d-d965ccfc6d4b" outcome="Passed" testListId="63c34efe-b2ee-401a-87c3-8462859f1a83" />
    <UnitTestResult executionId="e698435f-8b2c-4211-84ec-1c0b4100fafc" testId="c9744cb0-892b-4929-8839-8f05e37afee2" testName="Test2568" computerName="UA-LPT-OGA2" duration="00:00:00.2440000" startTime="2025-05-14T13:20:31.3146610Z" endTime="2025-05-14T13:25:31.3147553Z" testType="13cdc9d9-ddb5-4fa4-a97d-d965ccfc6d4b" outcome="Passed" testListId="63c34efe-b2ee-401a-87c3-8462859f1a83" />
    <UnitTestResult executionId="184afae9-7d3f-49d3-833c-9325f7cc1f4c" testId="04c64ee4-761e-4980-bc1e-0e2241bde605" testName="Test2569" computerName="UA-LPT-OGA2" duration="00:00:01.7800000" startTime="2025-05-14T13:20:31.3146610Z" endTime="2025-05-14T13:25:31.3147553Z" testType="13cdc9d9-ddb5-4fa4-a97d-d965ccfc6d4b" outcome="Passed" testListId="63c34efe-b2ee-401a-87c3-8462859f1a83" />
    <UnitTestResult executionId="fbea1556-aa40-4951-bf68-842ebdd50771" testId="ba2adfe7-742e-44ae-b2ef-af4b91807a11" testName="Test2570" computerName="UA-LPT-OGA2" duration="00:00:01.3950000" startTime="2025-05-14T13:20:31.3146610Z" endTime="2025-05-14T13:25:31.3147553Z" testType="13cdc9d9-ddb5-4fa4-a97d-d965ccfc6d4b" outcome="Passed" testListId="63c34efe-b2ee-401a-87c3-8462859f1a83" />
    <UnitTestResult executionId="77c5b84c-f52d-40f0-b442-ea995adba049" testId="9c4ad5b6-2f85-4827-b6da-d009dda63d39" testName="Test2571" computerName="UA-LPT-OGA2" duration="00:00:01.5740000" startTime="2025-05-14T13:20:31.3146610Z" endTime="2025-05-14T13:25:31.3147553Z" testType="13cdc9d9-ddb5-4fa4-a97d-d965ccfc6d4b" outcome="Passed" testListId="63c34efe-b2ee-401a-87c3-8462859f1a83" />
    <UnitTestResult executionId="c845d472-5e20-4669-82e5-4fddfb4583e3" testId="f9a8354f-80f0-4d6a-8286-2402174db2a5" testName="Test2572" computerName="UA-LPT-OGA2" duration="00:00:00.6900000" startTime="2025-05-14T13:20:31.3146610Z" endTime="2025-05-14T13:25:31.3147553Z" testType="13cdc9d9-ddb5-4fa4-a97d-d965ccfc6d4b" outcome="Passed" testListId="63c34efe-b2ee-401a-87c3-8462859f1a83" />
    <UnitTestResult executionId="badf3b38-e63f-4c47-b034-67e02caac18f" testId="aec08271-7c9a-4bc0-8231-9c02d244f8c9" testName="Test2573" computerName="UA-LPT-OGA2" duration="00:00:00.1550000" startTime="2025-05-14T13:20:31.3146610Z" endTime="2025-05-14T13:25:31.3147553Z" testType="13cdc9d9-ddb5-4fa4-a97d-d965ccfc6d4b" outcome="Passed" testListId="63c34efe-b2ee-401a-87c3-8462859f1a83" />
    <UnitTestResult executionId="5f376fe1-5799-4390-92fc-707006549766" testId="1cc54c24-6f80-4de8-8ef9-8943dd0e7929" testName="Test2574" computerName="UA-LPT-OGA2" duration="00:00:00.1920000" startTime="2025-05-14T13:20:31.3146610Z" endTime="2025-05-14T13:25:31.3147553Z" testType="13cdc9d9-ddb5-4fa4-a97d-d965ccfc6d4b" outcome="Passed" testListId="63c34efe-b2ee-401a-87c3-8462859f1a83" />
    <UnitTestResult executionId="5c508e37-9c9e-46f1-b0e6-ff5d3de7e382" testId="c473b864-1c0e-4b2a-8f88-71bcdfb3ee72" testName="Test2575" computerName="UA-LPT-OGA2" duration="00:00:00.9920000" startTime="2025-05-14T13:20:31.3146610Z" endTime="2025-05-14T13:25:31.3147553Z" testType="13cdc9d9-ddb5-4fa4-a97d-d965ccfc6d4b" outcome="Passed" testListId="63c34efe-b2ee-401a-87c3-8462859f1a83" />
    <UnitTestResult executionId="f0fa0a12-0cc8-4229-bbde-54c2a14fe548" testId="c0d806b9-e4ab-4e7f-909b-965d4c37260e" testName="Test2576" computerName="UA-LPT-OGA2" duration="00:00:00.1410000" startTime="2025-05-14T13:20:31.3146610Z" endTime="2025-05-14T13:25:31.3147553Z" testType="13cdc9d9-ddb5-4fa4-a97d-d965ccfc6d4b" outcome="Passed" testListId="63c34efe-b2ee-401a-87c3-8462859f1a83" />
    <UnitTestResult executionId="9e29257d-65d5-41c7-b033-c5c3aebc836a" testId="2f6419a9-0c0a-4440-82cb-ea4bbe292c9d" testName="Test2577" computerName="UA-LPT-OGA2" duration="00:00:01.0000000" startTime="2025-05-14T13:20:31.3146610Z" endTime="2025-05-14T13:25:31.3147553Z" testType="13cdc9d9-ddb5-4fa4-a97d-d965ccfc6d4b" outcome="Inconclusive" testListId="63c34efe-b2ee-401a-87c3-8462859f1a83" />
    <UnitTestResult executionId="0f8db171-d8ac-4c92-bac7-1dbfeaee250c" testId="e64891d4-62cc-4e7e-9926-e9f9274ca899" testName="Test2578" computerName="UA-LPT-OGA2" duration="00:00:00.0480000" startTime="2025-05-14T13:20:31.3146610Z" endTime="2025-05-14T13:25:31.3147553Z" testType="13cdc9d9-ddb5-4fa4-a97d-d965ccfc6d4b" outcome="Passed" testListId="63c34efe-b2ee-401a-87c3-8462859f1a83" />
    <UnitTestResult executionId="86f6c105-125a-45b7-b4e1-c7d8bc300178" testId="7aa7f8ba-9732-4f9a-b1e7-28950c1008cd" testName="Test2579" computerName="UA-LPT-OGA2" duration="00:00:01.4770000" startTime="2025-05-14T13:20:31.3146610Z" endTime="2025-05-14T13:25:31.3147553Z" testType="13cdc9d9-ddb5-4fa4-a97d-d965ccfc6d4b" outcome="Passed" testListId="63c34efe-b2ee-401a-87c3-8462859f1a83" />
    <UnitTestResult executionId="69e0585a-b33f-4c1c-8e76-535f58c7e7d2" testId="15262fa5-dc0b-4dd4-a50b-45eea06d39b9" testName="Test2580" computerName="UA-LPT-OGA2" duration="00:00:00.0740000" startTime="2025-05-14T13:20:31.3146610Z" endTime="2025-05-14T13:25:31.3147553Z" testType="13cdc9d9-ddb5-4fa4-a97d-d965ccfc6d4b" outcome="Passed" testListId="63c34efe-b2ee-401a-87c3-8462859f1a83" />
    <UnitTestResult executionId="3f1ed4b8-0a35-43a5-acce-e666c891fd45" testId="26bebac3-89e7-4eed-8deb-6aa10f97fca2" testName="Test2581" computerName="UA-LPT-OGA2" duration="00:00:00.0660000" startTime="2025-05-14T13:20:31.3146610Z" endTime="2025-05-14T13:25:31.3147553Z" testType="13cdc9d9-ddb5-4fa4-a97d-d965ccfc6d4b" outcome="Passed" testListId="63c34efe-b2ee-401a-87c3-8462859f1a83" />
    <UnitTestResult executionId="11fe9d5b-d7d7-4556-ace7-366b98e63811" testId="27019157-2456-4efc-96a5-029f614c0fed" testName="Test2582" computerName="UA-LPT-OGA2" duration="00:00:00.1160000" startTime="2025-05-14T13:20:31.3146610Z" endTime="2025-05-14T13:25:31.3147553Z" testType="13cdc9d9-ddb5-4fa4-a97d-d965ccfc6d4b" outcome="Passed" testListId="63c34efe-b2ee-401a-87c3-8462859f1a83" />
    <UnitTestResult executionId="ee9a2a78-3328-48da-8ab8-aab6f0703a22" testId="798e12eb-0bc2-4dfb-bf8a-f018b7120cd5" testName="Test2583" computerName="UA-LPT-OGA2" duration="00:00:00.3410000" startTime="2025-05-14T13:20:31.3146610Z" endTime="2025-05-14T13:25:31.3147553Z" testType="13cdc9d9-ddb5-4fa4-a97d-d965ccfc6d4b" outcome="Passed" testListId="63c34efe-b2ee-401a-87c3-8462859f1a83" />
    <UnitTestResult executionId="b6452f33-276a-4730-8b61-5dc5f5d746c8" testId="86eccd22-1484-4a0a-8cd8-fc88ca3cc7e1" testName="Test2584" computerName="UA-LPT-OGA2" duration="00:00:01.4580000" startTime="2025-05-14T13:20:31.3146610Z" endTime="2025-05-14T13:25:31.3147553Z" testType="13cdc9d9-ddb5-4fa4-a97d-d965ccfc6d4b" outcome="Passed" testListId="63c34efe-b2ee-401a-87c3-8462859f1a83" />
    <UnitTestResult executionId="b963272f-9a84-4557-8523-7c51b7d582b5" testId="9063bf3c-24ef-46eb-a24d-922198f4acc6" testName="Test2585" computerName="UA-LPT-OGA2" duration="00:00:00.8900000" startTime="2025-05-14T13:20:31.3146610Z" endTime="2025-05-14T13:25:31.3147553Z" testType="13cdc9d9-ddb5-4fa4-a97d-d965ccfc6d4b" outcome="Passed" testListId="63c34efe-b2ee-401a-87c3-8462859f1a83" />
    <UnitTestResult executionId="5db8cfaf-348b-46fe-9dc1-286ea1a6bbf5" testId="2ef13ec0-3771-402e-ba42-1804a69bc3a9" testName="Test2586" computerName="UA-LPT-OGA2" duration="00:00:00.3310000" startTime="2025-05-14T13:20:31.3146610Z" endTime="2025-05-14T13:25:31.3147553Z" testType="13cdc9d9-ddb5-4fa4-a97d-d965ccfc6d4b" outcome="Passed" testListId="63c34efe-b2ee-401a-87c3-8462859f1a83" />
    <UnitTestResult executionId="83eb3821-1ee2-4e19-89ad-98ccbb7a021f" testId="670f8130-c8b8-4b39-98cc-5ab630a8b99b" testName="Test2587" computerName="UA-LPT-OGA2" duration="00:00:01.6460000" startTime="2025-05-14T13:20:31.3146610Z" endTime="2025-05-14T13:25:31.3147553Z" testType="13cdc9d9-ddb5-4fa4-a97d-d965ccfc6d4b" outcome="Passed" testListId="63c34efe-b2ee-401a-87c3-8462859f1a83" />
    <UnitTestResult executionId="9f1eec1c-8a31-44fe-b343-244f639a0199" testId="20591b79-40a9-4ace-922e-561bd489c7d8" testName="Test2588" computerName="UA-LPT-OGA2" duration="00:00:00.8510000" startTime="2025-05-14T13:20:31.3146610Z" endTime="2025-05-14T13:25:31.3147553Z" testType="13cdc9d9-ddb5-4fa4-a97d-d965ccfc6d4b" outcome="Passed" testListId="63c34efe-b2ee-401a-87c3-8462859f1a83" />
    <UnitTestResult executionId="e88ae5c2-fdf2-4fd3-b31f-93601cafcb76" testId="8c08449a-237b-4ce4-a32b-f5f5dc786a75" testName="Test2589" computerName="UA-LPT-OGA2" duration="00:00:01.5800000" startTime="2025-05-14T13:20:31.3146610Z" endTime="2025-05-14T13:25:31.3147553Z" testType="13cdc9d9-ddb5-4fa4-a97d-d965ccfc6d4b" outcome="Passed" testListId="63c34efe-b2ee-401a-87c3-8462859f1a83" />
    <UnitTestResult executionId="c7ec783e-32e5-4f44-8995-80b79b421c67" testId="4e5d5bf7-16f4-41e1-9d42-62fea4c92fd8" testName="Test2590" computerName="UA-LPT-OGA2" duration="00:00:00.4890000" startTime="2025-05-14T13:20:31.3146610Z" endTime="2025-05-14T13:25:31.3147553Z" testType="13cdc9d9-ddb5-4fa4-a97d-d965ccfc6d4b" outcome="Passed" testListId="63c34efe-b2ee-401a-87c3-8462859f1a83" />
    <UnitTestResult executionId="a46cbe2e-71a4-44f4-b9e5-704a87aa33bd" testId="04e22f29-e7cd-4f1d-a67e-8009af936984" testName="Test2591" computerName="UA-LPT-OGA2" duration="00:00:01.0800000" startTime="2025-05-14T13:20:31.3146610Z" endTime="2025-05-14T13:25:31.3147553Z" testType="13cdc9d9-ddb5-4fa4-a97d-d965ccfc6d4b" outcome="Passed" testListId="63c34efe-b2ee-401a-87c3-8462859f1a83" />
    <UnitTestResult executionId="0a01b755-aaa0-4afd-87a9-89611ee2ea84" testId="5556adb6-49ae-4f7b-a181-c685b2dbd8bc" testName="Test2592" computerName="UA-LPT-OGA2" duration="00:00:00.0190000" startTime="2025-05-14T13:20:31.3146610Z" endTime="2025-05-14T13:25:31.3147553Z" testType="13cdc9d9-ddb5-4fa4-a97d-d965ccfc6d4b" outcome="Passed" testListId="63c34efe-b2ee-401a-87c3-8462859f1a83" />
    <UnitTestResult executionId="4059a3b2-ac6a-4d69-82ae-d518b59d024e" testId="92bc9ed4-76aa-4631-a5dc-434d5563f9a2" testName="Test2593" computerName="UA-LPT-OGA2" duration="00:00:01.5200000" startTime="2025-05-14T13:20:31.3146610Z" endTime="2025-05-14T13:25:31.3147553Z" testType="13cdc9d9-ddb5-4fa4-a97d-d965ccfc6d4b" outcome="Passed" testListId="63c34efe-b2ee-401a-87c3-8462859f1a83" />
    <UnitTestResult executionId="6c5647eb-0c35-44b9-8a48-983751238dd8" testId="c6695a3a-45e9-46b4-9d76-239edb364764" testName="Test2594" computerName="UA-LPT-OGA2" duration="00:00:00.4030000" startTime="2025-05-14T13:20:31.3146610Z" endTime="2025-05-14T13:25:31.3147553Z" testType="13cdc9d9-ddb5-4fa4-a97d-d965ccfc6d4b" outcome="Passed" testListId="63c34efe-b2ee-401a-87c3-8462859f1a83" />
    <UnitTestResult executionId="8cf31016-c53d-4704-9bac-f28571a53bb1" testId="f531072a-414b-4e8f-8ea6-e00b1680d155" testName="Test2595" computerName="UA-LPT-OGA2" duration="00:00:00.6320000" startTime="2025-05-14T13:20:31.3146610Z" endTime="2025-05-14T13:25:31.3147553Z" testType="13cdc9d9-ddb5-4fa4-a97d-d965ccfc6d4b" outcome="Passed" testListId="63c34efe-b2ee-401a-87c3-8462859f1a83" />
    <UnitTestResult executionId="b6a8ebdc-2e13-417e-afd6-9ad7e3bbbd5f" testId="c2907a5d-d981-4f3b-9a60-dfd37a63df31" testName="Test2596" computerName="UA-LPT-OGA2" duration="00:00:00.8060000" startTime="2025-05-14T13:20:31.3146610Z" endTime="2025-05-14T13:25:31.3147553Z" testType="13cdc9d9-ddb5-4fa4-a97d-d965ccfc6d4b" outcome="Passed" testListId="63c34efe-b2ee-401a-87c3-8462859f1a83" />
    <UnitTestResult executionId="400a8ed0-42a7-484d-831c-1f02670aaa88" testId="d6b806e9-d0e9-473d-b7f4-c6a367724a02" testName="Test2597" computerName="UA-LPT-OGA2" duration="00:00:01.6360000" startTime="2025-05-14T13:20:31.3146610Z" endTime="2025-05-14T13:25:31.3147553Z" testType="13cdc9d9-ddb5-4fa4-a97d-d965ccfc6d4b" outcome="Failed" testListId="63c34efe-b2ee-401a-87c3-8462859f1a83">
      <Output>
        <ErrorInfo>
          <Message>Assertion failed: Expected value did not match actual value.</Message>
          <StackTrace>   at TestNamespace.TestClass.Test() in TestClass.cs:line 327</StackTrace>
        </ErrorInfo>
      </Output>
    </UnitTestResult>
    <UnitTestResult executionId="9c30c511-bd80-4d28-9c94-9c6f54cf735c" testId="4117fb38-6614-449f-a391-d00c70a765bf" testName="Test2598" computerName="UA-LPT-OGA2" duration="00:00:00.4450000" startTime="2025-05-14T13:20:31.3146610Z" endTime="2025-05-14T13:25:31.3147553Z" testType="13cdc9d9-ddb5-4fa4-a97d-d965ccfc6d4b" outcome="Passed" testListId="63c34efe-b2ee-401a-87c3-8462859f1a83" />
    <UnitTestResult executionId="101df5eb-5f69-4ce6-b6f7-f2a4f16d5498" testId="338aca4f-17e6-4a32-bd8c-5fc7b11d2c52" testName="Test2599" computerName="UA-LPT-OGA2" duration="00:00:00.2110000" startTime="2025-05-14T13:20:31.3146610Z" endTime="2025-05-14T13:25:31.3147553Z" testType="13cdc9d9-ddb5-4fa4-a97d-d965ccfc6d4b" outcome="Passed" testListId="63c34efe-b2ee-401a-87c3-8462859f1a83" />
    <UnitTestResult executionId="b31f51ef-fdcd-4863-bdb9-4b60b3ce123d" testId="d0bc2e2a-76e5-44f5-9e78-7f409dbfb384" testName="Test2600" computerName="UA-LPT-OGA2" duration="00:00:01.9710000" startTime="2025-05-14T13:20:31.3146610Z" endTime="2025-05-14T13:25:31.3147553Z" testType="13cdc9d9-ddb5-4fa4-a97d-d965ccfc6d4b" outcome="Passed" testListId="63c34efe-b2ee-401a-87c3-8462859f1a83" />
  </Results>
  <TestDefinitions>
    <UnitTest name="Test2501" id="db685a5d-4ff2-41bb-8496-24cb356bbcc8" storage="TestAssembly.dll">
      <Execution id="70cbd54b-93d9-456c-9b80-6482e8f0ce66" />
      <TestMethod codeBase="TestAssembly.dll" className="TestNamespace.TestClass1" name="Test2501" />
    </UnitTest>
    <UnitTest name="Test2502" id="3f76153a-426e-4d98-b139-dac453f5bc99" storage="TestAssembly.dll">
      <Execution id="66988e33-a225-48bc-b8ec-7d1c51322d03" />
      <TestMethod codeBase="TestAssembly.dll" className="TestNamespace.TestClass1" name="Test2502" />
    </UnitTest>
    <UnitTest name="Test2503" id="cf498526-c4e8-4e5d-a574-4929e0e8585d" storage="TestAssembly.dll">
      <Execution id="986dcaad-f4e2-4181-b777-e4913c4622db" />
      <TestMethod codeBase="TestAssembly.dll" className="TestNamespace.TestClass1" name="Test2503" />
    </UnitTest>
    <UnitTest name="Test2504" id="0410492e-358a-460f-9abc-616c659ee7b6" storage="TestAssembly.dll">
      <Execution id="a79ff85c-7726-4ee5-8521-3bf42d2afb50" />
      <TestMethod codeBase="TestAssembly.dll" className="TestNamespace.TestClass1" name="Test2504" />
    </UnitTest>
    <UnitTest name="Test2505" id="907cf286-7dfc-4da3-bd27-88ca16080047" storage="TestAssembly.dll">
      <Execution id="0c75ed16-d29b-413e-b540-af2263ef5454" />
      <TestMethod codeBase="TestAssembly.dll" className="TestNamespace.TestClass1" name="Test2505" />
    </UnitTest>
    <UnitTest name="Test2506" id="bdff566b-3e8b-40f0-b4d2-d9a6b9cf98ff" storage="TestAssembly.dll">
      <Execution id="e22c087d-fed5-441b-9e2c-1ddd46f0dd21" />
      <TestMethod codeBase="TestAssembly.dll" className="TestNamespace.TestClass1" name="Test2506" />
    </UnitTest>
    <UnitTest name="Test2507" id="c229efc1-afb3-4e34-a336-bd635a339e0e" storage="TestAssembly.dll">
      <Execution id="93f0c809-afeb-4662-b711-4cc281bda925" />
      <TestMethod codeBase="TestAssembly.dll" className="TestNamespace.TestClass1" name="Test2507" />
    </UnitTest>
    <UnitTest name="Test2508" id="70a81711-348a-47c6-8621-7eaf62371b10" storage="TestAssembly.dll">
      <Execution id="3fde96c3-4088-4ef5-90e7-6346934f44ca" />
      <TestMethod codeBase="TestAssembly.dll" className="TestNamespace.TestClass1" name="Test2508" />
    </UnitTest>
    <UnitTest name="Test2509" id="58911ef3-f5fa-41a6-b743-8e8e4dff482d" storage="TestAssembly.dll">
      <Execution id="c4b045f1-2b7e-4b35-814a-171ef8c34702" />
      <TestMethod codeBase="TestAssembly.dll" className="TestNamespace.TestClass1" name="Test2509" />
    </UnitTest>
    <UnitTest name="Test2510" id="344e7212-4d31-4fde-9958-1e55541e8af7" storage="TestAssembly.dll">
      <Execution id="f5e559b3-11e8-43c6-821b-9754be184b0d" />
      <TestMethod codeBase="TestAssembly.dll" className="TestNamespace.TestClass1" name="Test2510" />
    </UnitTest>
    <UnitTest name="Test2511" id="40c34c09-d7a0-4af2-8037-0a44f013cce1" storage="TestAssembly.dll">
      <Execution id="5659848e-360e-4c60-bd97-9101f08ba108" />
      <TestMethod codeBase="TestAssembly.dll" className="TestNamespace.TestClass2" name="Test2511" />
    </UnitTest>
    <UnitTest name="Test2512" id="159cd4d9-822c-49ef-8427-34d813f69246" storage="TestAssembly.dll">
      <Execution id="8f4f9fd4-887b-4af7-8431-cc8a52c3861b" />
      <TestMethod codeBase="TestAssembly.dll" className="TestNamespace.TestClass2" name="Test2512" />
    </UnitTest>
    <UnitTest name="Test2513" id="0023adb8-6fa3-413f-95be-675150207ec7" storage="TestAssembly.dll">
      <Execution id="f8ea0b4a-a895-4904-aa88-e8f6927123a5" />
      <TestMethod codeBase="TestAssembly.dll" className="TestNamespace.TestClass2" name="Test2513" />
    </UnitTest>
    <UnitTest name="Test2514" id="e7b3a23b-5cf3-4e26-8b28-fdbcd105595f" storage="TestAssembly.dll">
      <Execution id="e3a1ddaa-8914-4713-b021-21175cd39b27" />
      <TestMethod codeBase="TestAssembly.dll" className="TestNamespace.TestClass2" name="Test2514" />
    </UnitTest>
    <UnitTest name="Test2515" id="6807d876-cdf8-44c3-95d8-953e99e6fc93" storage="TestAssembly.dll">
      <Execution id="83843fcd-f62c-441a-b9d0-9391c0fdc989" />
      <TestMethod codeBase="TestAssembly.dll" className="TestNamespace.TestClass2" name="Test2515" />
    </UnitTest>
    <UnitTest name="Test2516" id="d627f429-5ea6-45cb-bc68-dba69147756d" storage="TestAssembly.dll">
      <Execution id="a97fc202-ef16-407f-ad4f-a1e84b008a5f" />
      <TestMethod codeBase="TestAssembly.dll" className="TestNamespace.TestClass2" name="Test2516" />
    </UnitTest>
    <UnitTest name="Test2517" id="63aa4c7b-68b8-4df9-8793-d1a948963c18" storage="TestAssembly.dll">
      <Execution id="59131400-6798-4f09-a3e2-736685625c33" />
      <TestMethod codeBase="TestAssembly.dll" className="TestNamespace.TestClass2" name="Test2517" />
    </UnitTest>
    <UnitTest name="Test2518" id="fa5ac24d-eaee-475a-9867-66d8eae416a1" storage="TestAssembly.dll">
      <Execution id="60287b03-ec96-4620-8e25-3199a3215283" />
      <TestMethod codeBase="TestAssembly.dll" className="TestNamespace.TestClass2" name="Test2518" />
    </UnitTest>
    <UnitTest name="Test2519" id="d0ba4599-5146-430c-aeda-a4b78b7382ca" storage="TestAssembly.dll">
      <Execution id="193c9c49-8bea-4a12-a106-307940a93572" />
      <TestMethod codeBase="TestAssembly.dll" className="TestNamespace.TestClass2" name="Test2519" />
    </UnitTest>
    <UnitTest name="Test2520" id="8d4b96e6-954f-43a2-973e-c03b66169f64" storage="TestAssembly.dll">
      <Execution id="ab94d9b6-4fc4-4119-a3b1-75de15cbc270" />
      <TestMethod codeBase="TestAssembly.dll" className="TestNamespace.TestClass2" name="Test2520" />
    </UnitTest>
    <UnitTest name="Test2521" id="204da159-17aa-4b41-9957-fe81d5ad2446" storage="TestAssembly.dll">
      <Execution id="01ce3752-d194-4cd9-80f8-a13b71ce2558" />
      <TestMethod codeBase="TestAssembly.dll" className="TestNamespace.TestClass3" name="Test2521" />
    </UnitTest>
    <UnitTest name="Test2522" id="1a1b8841-62a4-437e-a485-e8aa8bc5b2ff" storage="TestAssembly.dll">
      <Execution id="053111cc-6c00-410f-b57f-72dfa8117808" />
      <TestMethod codeBase="TestAssembly.dll" className="TestNamespace.TestClass3" name="Test2522" />
    </UnitTest>
    <UnitTest name="Test2523" id="61d4caf8-f40f-418e-83ff-ded79a00eca5" storage="TestAssembly.dll">
      <Execution id="3e575400-35cf-4d18-a52e-0a6ce603a36c" />
      <TestMethod codeBase="TestAssembly.dll" className="TestNamespace.TestClass3" name="Test2523" />
    </UnitTest>
    <UnitTest name="Test2524" id="e88054e2-e675-43eb-9bd1-93bbb7bfcbef" storage="TestAssembly.dll">
      <Execution id="296135c4-81a9-4277-9c9b-23483d783367" />
      <TestMethod codeBase="TestAssembly.dll" className="TestNamespace.TestClass3" name="Test2524" />
    </UnitTest>
    <UnitTest name="Test2525" id="6e193311-55e3-4bd7-b2cb-3c5d22a66b99" storage="TestAssembly.dll">
      <Execution id="f8c31130-7fcf-48a6-a96a-15b1b70d97d5" />
      <TestMethod codeBase="TestAssembly.dll" className="TestNamespace.TestClass3" name="Test2525" />
    </UnitTest>
    <UnitTest name="Test2526" id="31c4ec38-f86e-4e19-b17a-2c942c5c961e" storage="TestAssembly.dll">
      <Execution id="d0fd10c7-1e1a-466d-8a4f-17993d11e4a7" />
      <TestMethod codeBase="TestAssembly.dll" className="TestNamespace.TestClass3" name="Test2526" />
    </UnitTest>
    <UnitTest name="Test2527" id="83f224d1-881f-42ef-818d-f32165e13c2f" storage="TestAssembly.dll">
      <Execution id="2461d6a1-9b5c-4a58-8ef9-32e9dd8cfbda" />
      <TestMethod codeBase="TestAssembly.dll" className="TestNamespace.TestClass3" name="Test2527" />
    </UnitTest>
    <UnitTest name="Test2528" id="0467b9c3-9bec-4c8c-b3a4-d3f6f1662901" storage="TestAssembly.dll">
      <Execution id="9470ef6b-ac7b-423e-aa14-50f8246f9f07" />
      <TestMethod codeBase="TestAssembly.dll" className="TestNamespace.TestClass3" name="Test2528" />
    </UnitTest>
    <UnitTest name="Test2529" id="85c6810c-a388-4409-bb03-e84fb681dc9b" storage="TestAssembly.dll">
      <Execution id="7642d7b1-f4ab-41c4-8943-2b4f2155da81" />
      <TestMethod codeBase="TestAssembly.dll" className="TestNamespace.TestClass3" name="Test2529" />
    </UnitTest>
    <UnitTest name="Test2530" id="d68c5f81-7213-4018-9514-ad7f748a36bc" storage="TestAssembly.dll">
      <Execution id="0cde7b7f-1a6f-44b1-b7c8-ed4b08ffed55" />
      <TestMethod codeBase="TestAssembly.dll" className="TestNamespace.TestClass3" name="Test2530" />
    </UnitTest>
    <UnitTest name="Test2531" id="5889ed45-12f5-4f66-9e24-d02e1effe15d" storage="TestAssembly.dll">
      <Execution id="f790a444-cac5-42b6-8f91-699070e21c6b" />
      <TestMethod codeBase="TestAssembly.dll" className="TestNamespace.TestClass4" name="Test2531" />
    </UnitTest>
    <UnitTest name="Test2532" id="90d088d4-2558-4cc5-a0e7-727a4611963b" storage="TestAssembly.dll">
      <Execution id="9f7c92e0-034a-4394-b2da-982568d680c0" />
      <TestMethod codeBase="TestAssembly.dll" className="TestNamespace.TestClass4" name="Test2532" />
    </UnitTest>
    <UnitTest name="Test2533" id="6b2e3ddd-c0f7-476c-bd71-0d4d68cb8821" storage="TestAssembly.dll">
      <Execution id="261291ed-f332-4c68-a4b8-6702e99f9939" />
      <TestMethod codeBase="TestAssembly.dll" className="TestNamespace.TestClass4" name="Test2533" />
    </UnitTest>
    <UnitTest name="Test2534" id="db958fae-3a55-43eb-8524-7eefdf30f288" storage="TestAssembly.dll">
      <Execution id="c021e66d-8595-4b9c-b127-b6790ebe2962" />
      <TestMethod codeBase="TestAssembly.dll" className="TestNamespace.TestClass4" name="Test2534" />
    </UnitTest>
    <UnitTest name="Test2535" id="e1fd3201-1339-44e2-9793-b917c2aaa217" storage="TestAssembly.dll">
      <Execution id="407d8a31-4bd2-4981-a4e8-864b0f3f21d5" />
      <TestMethod codeBase="TestAssembly.dll" className="TestNamespace.TestClass4" name="Test2535" />
    </UnitTest>
    <UnitTest name="Test2536" id="33baa948-31b6-473f-bb5c-ba2fc6decbf6" storage="TestAssembly.dll">
      <Execution id="d1fbb344-7303-4425-87a1-3673fd756b8a" />
      <TestMethod codeBase="TestAssembly.dll" className="TestNamespace.TestClass4" name="Test2536" />
    </UnitTest>
    <UnitTest name="Test2537" id="eb6988b2-7716-4f22-8312-79cc3de14e50" storage="TestAssembly.dll">
      <Execution id="a4e7a5a7-9f88-45aa-b1f9-a852081b456e" />
      <TestMethod codeBase="TestAssembly.dll" className="TestNamespace.TestClass4" name="Test2537" />
    </UnitTest>
    <UnitTest name="Test2538" id="9446d93e-7127-4d98-8d20-e7fb7680a460" storage="TestAssembly.dll">
      <Execution id="79aac506-6edb-43b9-9710-a2ca171c88be" />
      <TestMethod codeBase="TestAssembly.dll" className="TestNamespace.TestClass4" name="Test2538" />
    </UnitTest>
    <UnitTest name="Test2539" id="8df04dba-144e-4f2c-bba7-14c6eaebc9a5" storage="TestAssembly.dll">
      <Execution id="69fb159e-9bdd-488b-8fe6-65e9d9e17e30" />
      <TestMethod codeBase="TestAssembly.dll" className="TestNamespace.TestClass4" name="Test2539" />
    </UnitTest>
    <UnitTest name="Test2540" id="b9e00a1b-59f5-47af-b9cb-36585468ffb4" storage="TestAssembly.dll">
      <Execution id="3d38e016-3c32-4f20-936b-40c15d2e51f5" />
      <TestMethod codeBase="TestAssembly.dll" className="TestNamespace.TestClass4" name="Test2540" />
    </UnitTest>
    <UnitTest name="Test2541" id="7060961b-38b0-4450-b642-5445767850ae" storage="TestAssembly.dll">
      <Execution id="4445b836-6325-4fa1-9e96-398bd93b8403" />
      <TestMethod codeBase="TestAssembly.dll" className="TestNamespace.TestClass5" name="Test2541" />
    </UnitTest>
    <UnitTest name="Test2542" id="dcaa33ef-1ce0-4388-af67-4e481dbe8a32" storage="TestAssembly.dll">
      <Execution id="655664d4-5007-4f2f-8e25-c2f3a9cbc552" />
      <TestMethod codeBase="TestAssembly.dll" className="TestNamespace.TestClass5" name="Test2542" />
    </UnitTest>
    <UnitTest name="Test2543" id="a0829d43-7d19-45c4-a664-b4deee2cc3c1" storage="TestAssembly.dll">
      <Execution id="dfec0194-2297-411e-90b0-45146482e9f7" />
      <TestMethod codeBase="TestAssembly.dll" className="TestNamespace.TestClass5" name="Test2543" />
    </UnitTest>
    <UnitTest name="Test2544" id="c71e4a56-9a16-45c0-8c97-d0db169e90da" storage="TestAssembly.dll">
      <Execution id="08b79a6b-309e-4a71-8b5e-03b99cbf0fb6" />
      <TestMethod codeBase="TestAssembly.dll" className="TestNamespace.TestClass5" name="Test2544" />
    </UnitTest>
    <UnitTest name="Test2545" id="75cf7a27-ab73-43b4-ba93-5dfc22294284" storage="TestAssembly.dll">
      <Execution id="6968c011-c035-4035-944c-84060511a5c9" />
      <TestMethod codeBase="TestAssembly.dll" className="TestNamespace.TestClass5" name="Test2545" />
    </UnitTest>
    <UnitTest name="Test2546" id="6c70c5b6-70c1-4a98-bf9e-a6355fcc9b23" storage="TestAssembly.dll">
      <Execution id="7bc9f0a3-a150-4337-a8b4-b3fce478c903" />
      <TestMethod codeBase="TestAssembly.dll" className="TestNamespace.TestClass5" name="Test2546" />
    </UnitTest>
    <UnitTest name="Test2547" id="f429cf82-4f4c-43b7-823c-d840190d6fda" storage="TestAssembly.dll">
      <Execution id="967b03c0-9303-4eca-b5cd-21651e59af06" />
      <TestMethod codeBase="TestAssembly.dll" className="TestNamespace.TestClass5" name="Test2547" />
    </UnitTest>
    <UnitTest name="Test2548" id="f5ce6f5b-384b-4669-ba2c-4b153cc41472" storage="TestAssembly.dll">
      <Execution id="d498ad0b-7d94-4e2e-ae82-476275f1d02d" />
      <TestMethod codeBase="TestAssembly.dll" className="TestNamespace.TestClass5" name="Test2548" />
    </UnitTest>
    <UnitTest name="Test2549" id="320cd4d9-9778-4cc3-be8f-c9c1cb001c6d" storage="TestAssembly.dll">
      <Execution id="dafb6d28-d9d9-435c-a686-ef0b8d2e8c2d" />
      <TestMethod codeBase="TestAssembly.dll" className="TestNamespace.TestClass5" name="Test2549" />
    </UnitTest>
    <UnitTest name="Test2550" id="7ba85eda-39c9-41a8-9e50-300f627c81cd" storage="TestAssembly.dll">
      <Execution id="99838015-b033-453e-9aef-93261f164ced" />
      <TestMethod codeBase="TestAssembly.dll" className="TestNamespace.TestClass5" name="Test2550" />
    </UnitTest>
    <UnitTest name="Test2551" id="29f5ca59-6159-4af4-9342-0b2a9f1a7256" storage="TestAssembly.dll">
      <Execution id="4f7f16bc-a012-406d-a837-1ac95a16eb7c" />
      <TestMethod codeBase="TestAssembly.dll" className="TestNamespace.TestClass6" name="Test2551" />
    </UnitTest>
    <UnitTest name="Test2552" id="55d49482-ce8d-490e-b831-5314fc7cde98" storage="TestAssembly.dll">
      <Execution id="cd5bcefd-6a3f-4b47-8a7b-810fd4a62788" />
      <TestMethod codeBase="TestAssembly.dll" className="TestNamespace.TestClass6" name="Test2552" />
    </UnitTest>
    <UnitTest name="Test2553" id="0703705d-610f-4474-b0d8-4f964aa8e664" storage="TestAssembly.dll">
      <Execution id="475ddb7b-fc00-4cdb-8269-c4ed789f1bf5" />
      <TestMethod codeBase="TestAssembly.dll" className="TestNamespace.TestClass6" name="Test2553" />
    </UnitTest>
    <UnitTest name="Test2554" id="b6cf2ba2-6c39-4be6-85ac-b09c051012f7" storage="TestAssembly.dll">
      <Execution id="9ea7384e-fd38-4752-baef-4138268f35a3" />
      <TestMethod codeBase="TestAssembly.dll" className="TestNamespace.TestClass6" name="Test2554" />
    </UnitTest>
    <UnitTest name="Test2555" id="191ea1e0-c4be-42d3-ad8f-c7b083834a4c" storage="TestAssembly.dll">
      <Execution id="5ff51ae0-098b-4f24-adce-73a1ae3e9b0f" />
      <TestMethod codeBase="TestAssembly.dll" className="TestNamespace.TestClass6" name="Test2555" />
    </UnitTest>
    <UnitTest name="Test2556" id="07fd89a1-26cb-4e6d-ac70-d189e8fe0f0b" storage="TestAssembly.dll">
      <Execution id="61147147-6d9d-4620-bc81-57d1bf533dd0" />
      <TestMethod codeBase="TestAssembly.dll" className="TestNamespace.TestClass6" name="Test2556" />
    </UnitTest>
    <UnitTest name="Test2557" id="ec8db07c-6058-438b-a6d0-a045ce83d567" storage="TestAssembly.dll">
      <Execution id="13f720a4-ad37-4df4-8155-6e655b314fb3" />
      <TestMethod codeBase="TestAssembly.dll" className="TestNamespace.TestClass6" name="Test2557" />
    </UnitTest>
    <UnitTest name="Test2558" id="ca17fdea-a85a-4d69-bb26-101394ead524" storage="TestAssembly.dll">
      <Execution id="d4c1c382-ef1e-4e0b-9c6c-aee52a47c563" />
      <TestMethod codeBase="TestAssembly.dll" className="TestNamespace.TestClass6" name="Test2558" />
    </UnitTest>
    <UnitTest name="Test2559" id="d99f4281-ca6e-43f1-b525-26bf237f0472" storage="TestAssembly.dll">
      <Execution id="970e286a-cd84-4d7c-acc6-08f1432d0d02" />
      <TestMethod codeBase="TestAssembly.dll" className="TestNamespace.TestClass6" name="Test2559" />
    </UnitTest>
    <UnitTest name="Test2560" id="51fff8f0-8638-43a7-a226-89013f77b32f" storage="TestAssembly.dll">
      <Execution id="0f73f5b5-83ee-4f59-a7cb-b62c6e7130ae" />
      <TestMethod codeBase="TestAssembly.dll" className="TestNamespace.TestClass6" name="Test2560" />
    </UnitTest>
    <UnitTest name="Test2561" id="e91581d6-cf38-44e2-a8e3-1ffd44dcd004" storage="TestAssembly.dll">
      <Execution id="faf94ed5-521a-41f1-a0a5-a527f0d84a1f" />
      <TestMethod codeBase="TestAssembly.dll" className="TestNamespace.TestClass7" name="Test2561" />
    </UnitTest>
    <UnitTest name="Test2562" id="574c5928-8fe1-406e-a414-a45d7d28f6eb" storage="TestAssembly.dll">
      <Execution id="3e2a163c-9180-4798-9fb4-449afc3d4deb" />
      <TestMethod codeBase="TestAssembly.dll" className="TestNamespace.TestClass7" name="Test2562" />
    </UnitTest>
    <UnitTest name="Test2563" id="a066b8ee-ba41-4ff5-ae1f-f5258650dd93" storage="TestAssembly.dll">
      <Execution id="1666f6ea-e10c-4e77-8d67-70268a619349" />
      <TestMethod codeBase="TestAssembly.dll" className="TestNamespace.TestClass7" name="Test2563" />
    </UnitTest>
    <UnitTest name="Test2564" id="4283bfe0-9ebe-4fab-ad95-f0ff87e27588" storage="TestAssembly.dll">
      <Execution id="6480e6b8-fd54-40d3-8c8f-672ba51dbd72" />
      <TestMethod codeBase="TestAssembly.dll" className="TestNamespace.TestClass7" name="Test2564" />
    </UnitTest>
    <UnitTest name="Test2565" id="36b3807b-addf-4f6d-a036-e5ada7892070" storage="TestAssembly.dll">
      <Execution id="2a216ac6-42eb-4dc2-b89c-712086187761" />
      <TestMethod codeBase="TestAssembly.dll" className="TestNamespace.TestClass7" name="Test2565" />
    </UnitTest>
    <UnitTest name="Test2566" id="41f73344-33bb-4ea0-96f7-a98867ee7b08" storage="TestAssembly.dll">
      <Execution id="26dd17e2-439c-474f-a861-73d873b7de85" />
      <TestMethod codeBase="TestAssembly.dll" className="TestNamespace.TestClass7" name="Test2566" />
    </UnitTest>
    <UnitTest name="Test2567" id="69d5223c-ef33-408d-81d2-06858ef10cec" storage="TestAssembly.dll">
      <Execution id="523bea90-e73e-4b94-8d63-6cc7e7a955ff" />
      <TestMethod codeBase="TestAssembly.dll" className="TestNamespace.TestClass7" name="Test2567" />
    </UnitTest>
    <UnitTest name="Test2568" id="c9744cb0-892b-4929-8839-8f05e37afee2" storage="TestAssembly.dll">
      <Execution id="e698435f-8b2c-4211-84ec-1c0b4100fafc" />
      <TestMethod codeBase="TestAssembly.dll" className="TestNamespace.TestClass7" name="Test2568" />
    </UnitTest>
    <UnitTest name="Test2569" id="04c64ee4-761e-4980-bc1e-0e2241bde605" storage="TestAssembly.dll">
      <Execution id="184afae9-7d3f-49d3-833c-9325f7cc1f4c" />
      <TestMethod codeBase="TestAssembly.dll" className="TestNamespace.TestClass7" name="Test2569" />
    </UnitTest>
    <UnitTest name="Test2570" id="ba2adfe7-742e-44ae-b2ef-af4b91807a11" storage="TestAssembly.dll">
      <Execution id="fbea1556-aa40-4951-bf68-842ebdd50771" />
      <TestMethod codeBase="TestAssembly.dll" className="TestNamespace.TestClass7" name="Test2570" />
    </UnitTest>
    <UnitTest name="Test2571" id="9c4ad5b6-2f85-4827-b6da-d009dda63d39" storage="TestAssembly.dll">
      <Execution id="77c5b84c-f52d-40f0-b442-ea995adba049" />
      <TestMethod codeBase="TestAssembly.dll" className="TestNamespace.TestClass8" name="Test2571" />
    </UnitTest>
    <UnitTest name="Test2572" id="f9a8354f-80f0-4d6a-8286-2402174db2a5" storage="TestAssembly.dll">
      <Execution id="c845d472-5e20-4669-82e5-4fddfb4583e3" />
      <TestMethod codeBase="TestAssembly.dll" className="TestNamespace.TestClass8" name="Test2572" />
    </UnitTest>
    <UnitTest name="Test2573" id="aec08271-7c9a-4bc0-8231-9c02d244f8c9" storage="TestAssembly.dll">
      <Execution id="badf3b38-e63f-4c47-b034-67e02caac18f" />
      <TestMethod codeBase="TestAssembly.dll" className="TestNamespace.TestClass8" name="Test2573" />
    </UnitTest>
    <UnitTest name="Test2574" id="1cc54c24-6f80-4de8-8ef9-8943dd0e7929" storage="TestAssembly.dll">
      <Execution id="5f376fe1-5799-4390-92fc-707006549766" />
      <TestMethod codeBase="TestAssembly.dll" className="TestNamespace.TestClass8" name="Test2574" />
    </UnitTest>
    <UnitTest name="Test2575" id="c473b864-1c0e-4b2a-8f88-71bcdfb3ee72" storage="TestAssembly.dll">
      <Execution id="5c508e37-9c9e-46f1-b0e6-ff5d3de7e382" />
      <TestMethod codeBase="TestAssembly.dll" className="TestNamespace.TestClass8" name="Test2575" />
    </UnitTest>
    <UnitTest name="Test2576" id="c0d806b9-e4ab-4e7f-909b-965d4c37260e" storage="TestAssembly.dll">
      <Execution id="f0fa0a12-0cc8-4229-bbde-54c2a14fe548" />
      <TestMethod codeBase="TestAssembly.dll" className="TestNamespace.TestClass8" name="Test2576" />
    </UnitTest>
    <UnitTest name="Test2577" id="2f6419a9-0c0a-4440-82cb-ea4bbe292c9d" storage="TestAssembly.dll">
      <Execution id="9e29257d-65d5-41c7-b033-c5c3aebc836a" />
      <TestMethod codeBase="TestAssembly.dll" className="TestNamespace.TestClass8" name="Test2577" />
    </UnitTest>
    <UnitTest name="Test2578" id="e64891d4-62cc-4e7e-9926-e9f9274ca899" storage="TestAssembly.dll">
      <Execution id="0f8db171-d8ac-4c92-bac7-1dbfeaee250c" />
      <TestMethod codeBase="TestAssembly.dll" className="TestNamespace.TestClass8" name="Test2578" />
    </UnitTest>
    <UnitTest name="Test2579" id="7aa7f8ba-9732-4f9a-b1e7-28950c1008cd" storage="TestAssembly.dll">
      <Execution id="86f6c105-125a-45b7-b4e1-c7d8bc300178" />
      <TestMethod codeBase="TestAssembly.dll" className="TestNamespace.TestClass8" name="Test2579" />
    </UnitTest>
    <UnitTest name="Test2580" id="15262fa5-dc0b-4dd4-a50b-45eea06d39b9" storage="TestAssembly.dll">
      <Execution id="69e0585a-b33f-4c1c-8e76-535f58c7e7d2" />
      <TestMethod codeBase="TestAssembly.dll" className="TestNamespace.TestClass8" name="Test2580" />
    </UnitTest>
    <UnitTest name="Test2581" id="26bebac3-89e7-4eed-8deb-6aa10f97fca2" storage="TestAssembly.dll">
      <Execution id="3f1ed4b8-0a35-43a5-acce-e666c891fd45" />
      <TestMethod codeBase="TestAssembly.dll" className="TestNamespace.TestClass9" name="Test2581" />
    </UnitTest>
    <UnitTest name="Test2582" id="27019157-2456-4efc-96a5-029f614c0fed" storage="TestAssembly.dll">
      <Execution id="11fe9d5b-d7d7-4556-ace7-366b98e63811" />
      <TestMethod codeBase="TestAssembly.dll" className="TestNamespace.TestClass9" name="Test2582" />
    </UnitTest>
    <UnitTest name="Test2583" id="798e12eb-0bc2-4dfb-bf8a-f018b7120cd5" storage="TestAssembly.dll">
      <Execution id="ee9a2a78-3328-48da-8ab8-aab6f0703a22" />
      <TestMethod codeBase="TestAssembly.dll" className="TestNamespace.TestClass9" name="Test2583" />
    </UnitTest>
    <UnitTest name="Test2584" id="86eccd22-1484-4a0a-8cd8-fc88ca3cc7e1" storage="TestAssembly.dll">
      <Execution id="b6452f33-276a-4730-8b61-5dc5f5d746c8" />
      <TestMethod codeBase="TestAssembly.dll" className="TestNamespace.TestClass9" name="Test2584" />
    </UnitTest>
    <UnitTest name="Test2585" id="9063bf3c-24ef-46eb-a24d-922198f4acc6" storage="TestAssembly.dll">
      <Execution id="b963272f-9a84-4557-8523-7c51b7d582b5" />
      <TestMethod codeBase="TestAssembly.dll" className="TestNamespace.TestClass9" name="Test2585" />
    </UnitTest>
    <UnitTest name="Test2586" id="2ef13ec0-3771-402e-ba42-1804a69bc3a9" storage="TestAssembly.dll">
      <Execution id="5db8cfaf-348b-46fe-9dc1-286ea1a6bbf5" />
      <TestMethod codeBase="TestAssembly.dll" className="TestNamespace.TestClass9" name="Test2586" />
    </UnitTest>
    <UnitTest name="Test2587" id="670f8130-c8b8-4b39-98cc-5ab630a8b99b" storage="TestAssembly.dll">
      <Execution id="83eb3821-1ee2-4e19-89ad-98ccbb7a021f" />
      <TestMethod codeBase="TestAssembly.dll" className="TestNamespace.TestClass9" name="Test2587" />
    </UnitTest>
    <UnitTest name="Test2588" id="20591b79-40a9-4ace-922e-561bd489c7d8" storage="TestAssembly.dll">
      <Execution id="9f1eec1c-8a31-44fe-b343-244f639a0199" />
      <TestMethod codeBase="TestAssembly.dll" className="TestNamespace.TestClass9" name="Test2588" />
    </UnitTest>
    <UnitTest name="Test2589" id="8c08449a-237b-4ce4-a32b-f5f5dc786a75" storage="TestAssembly.dll">
      <Execution id="e88ae5c2-fdf2-4fd3-b31f-93601cafcb76" />
      <TestMethod codeBase="TestAssembly.dll" className="TestNamespace.TestClass9" name="Test2589" />
    </UnitTest>
    <UnitTest name="Test2590" id="4e5d5bf7-16f4-41e1-9d42-62fea4c92fd8" storage="TestAssembly.dll">
      <Execution id="c7ec783e-32e5-4f44-8995-80b79b421c67" />
      <TestMethod codeBase="TestAssembly.dll" className="TestNamespace.TestClass9" name="Test2590" />
    </UnitTest>
    <UnitTest name="Test2591" id="04e22f29-e7cd-4f1d-a67e-8009af936984" storage="TestAssembly.dll">
      <Execution id="a46cbe2e-71a4-44f4-b9e5-704a87aa33bd" />
      <TestMethod codeBase="TestAssembly.dll" className="TestNamespace.TestClass10" name="Test2591" />
    </UnitTest>
    <UnitTest name="Test2592" id="5556adb6-49ae-4f7b-a181-c685b2dbd8bc" storage="TestAssembly.dll">
      <Execution id="0a01b755-aaa0-4afd-87a9-89611ee2ea84" />
      <TestMethod codeBase="TestAssembly.dll" className="TestNamespace.TestClass10" name="Test2592" />
    </UnitTest>
    <UnitTest name="Test2593" id="92bc9ed4-76aa-4631-a5dc-434d5563f9a2" storage="TestAssembly.dll">
      <Execution id="4059a3b2-ac6a-4d69-82ae-d518b59d024e" />
      <TestMethod codeBase="TestAssembly.dll" className="TestNamespace.TestClass10" name="Test2593" />
    </UnitTest>
    <UnitTest name="Test2594" id="c6695a3a-45e9-46b4-9d76-239edb364764" storage="TestAssembly.dll">
      <Execution id="6c5647eb-0c35-44b9-8a48-983751238dd8" />
      <TestMethod codeBase="TestAssembly.dll" className="TestNamespace.TestClass10" name="Test2594" />
    </UnitTest>
    <UnitTest name="Test2595" id="f531072a-414b-4e8f-8ea6-e00b1680d155" storage="TestAssembly.dll">
      <Execution id="8cf31016-c53d-4704-9bac-f28571a53bb1" />
      <TestMethod codeBase="TestAssembly.dll" className="TestNamespace.TestClass10" name="Test2595" />
    </UnitTest>
    <UnitTest name="Test2596" id="c2907a5d-d981-4f3b-9a60-dfd37a63df31" storage="TestAssembly.dll">
      <Execution id="b6a8ebdc-2e13-417e-afd6-9ad7e3bbbd5f" />
      <TestMethod codeBase="TestAssembly.dll" className="TestNamespace.TestClass10" name="Test2596" />
    </UnitTest>
    <UnitTest name="Test2597" id="d6b806e9-d0e9-473d-b7f4-c6a367724a02" storage="TestAssembly.dll">
      <Execution id="400a8ed0-42a7-484d-831c-1f02670aaa88" />
      <TestMethod codeBase="TestAssembly.dll" className="TestNamespace.TestClass10" name="Test2597" />
    </UnitTest>
    <UnitTest name="Test2598" id="4117fb38-6614-449f-a391-d00c70a765bf" storage="TestAssembly.dll">
      <Execution id="9c30c511-bd80-4d28-9c94-9c6f54cf735c" />
      <TestMethod codeBase="TestAssembly.dll" className="TestNamespace.TestClass10" name="Test2598" />
    </UnitTest>
    <UnitTest name="Test2599" id="338aca4f-17e6-4a32-bd8c-5fc7b11d2c52" storage="TestAssembly.dll">
      <Execution id="101df5eb-5f69-4ce6-b6f7-f2a4f16d5498" />
      <TestMethod codeBase="TestAssembly.dll" className="TestNamespace.TestClass10" name="Test2599" />
    </UnitTest>
    <UnitTest name="Test2600" id="d0bc2e2a-76e5-44f5-9e78-7f409dbfb384" storage="TestAssembly.dll">
      <Execution id="b31f51ef-fdcd-4863-bdb9-4b60b3ce123d" />
      <TestMethod codeBase="TestAssembly.dll" className="TestNamespace.TestClass10" name="Test2600" />
    </UnitTest>
  </TestDefinitions>
  <TestEntries>
    <TestEntry testId="db685a5d-4ff2-41bb-8496-24cb356bbcc8" executionId="70cbd54b-93d9-456c-9b80-6482e8f0ce66" testListId="63c34efe-b2ee-401a-87c3-8462859f1a83" />
    <TestEntry testId="3f76153a-426e-4d98-b139-dac453f5bc99" executionId="66988e33-a225-48bc-b8ec-7d1c51322d03" testListId="63c34efe-b2ee-401a-87c3-8462859f1a83" />
    <TestEntry testId="cf498526-c4e8-4e5d-a574-4929e0e8585d" executionId="986dcaad-f4e2-4181-b777-e4913c4622db" testListId="63c34efe-b2ee-401a-87c3-8462859f1a83" />
    <TestEntry testId="0410492e-358a-460f-9abc-616c659ee7b6" executionId="a79ff85c-7726-4ee5-8521-3bf42d2afb50" testListId="63c34efe-b2ee-401a-87c3-8462859f1a83" />
    <TestEntry testId="907cf286-7dfc-4da3-bd27-88ca16080047" executionId="0c75ed16-d29b-413e-b540-af2263ef5454" testListId="63c34efe-b2ee-401a-87c3-8462859f1a83" />
    <TestEntry testId="bdff566b-3e8b-40f0-b4d2-d9a6b9cf98ff" executionId="e22c087d-fed5-441b-9e2c-1ddd46f0dd21" testListId="63c34efe-b2ee-401a-87c3-8462859f1a83" />
    <TestEntry testId="c229efc1-afb3-4e34-a336-bd635a339e0e" executionId="93f0c809-afeb-4662-b711-4cc281bda925" testListId="63c34efe-b2ee-401a-87c3-8462859f1a83" />
    <TestEntry testId="70a81711-348a-47c6-8621-7eaf62371b10" executionId="3fde96c3-4088-4ef5-90e7-6346934f44ca" testListId="63c34efe-b2ee-401a-87c3-8462859f1a83" />
    <TestEntry testId="58911ef3-f5fa-41a6-b743-8e8e4dff482d" executionId="c4b045f1-2b7e-4b35-814a-171ef8c34702" testListId="63c34efe-b2ee-401a-87c3-8462859f1a83" />
    <TestEntry testId="344e7212-4d31-4fde-9958-1e55541e8af7" executionId="f5e559b3-11e8-43c6-821b-9754be184b0d" testListId="63c34efe-b2ee-401a-87c3-8462859f1a83" />
    <TestEntry testId="40c34c09-d7a0-4af2-8037-0a44f013cce1" executionId="5659848e-360e-4c60-bd97-9101f08ba108" testListId="63c34efe-b2ee-401a-87c3-8462859f1a83" />
    <TestEntry testId="159cd4d9-822c-49ef-8427-34d813f69246" executionId="8f4f9fd4-887b-4af7-8431-cc8a52c3861b" testListId="63c34efe-b2ee-401a-87c3-8462859f1a83" />
    <TestEntry testId="0023adb8-6fa3-413f-95be-675150207ec7" executionId="f8ea0b4a-a895-4904-aa88-e8f6927123a5" testListId="63c34efe-b2ee-401a-87c3-8462859f1a83" />
    <TestEntry testId="e7b3a23b-5cf3-4e26-8b28-fdbcd105595f" executionId="e3a1ddaa-8914-4713-b021-21175cd39b27" testListId="63c34efe-b2ee-401a-87c3-8462859f1a83" />
    <TestEntry testId="6807d876-cdf8-44c3-95d8-953e99e6fc93" executionId="83843fcd-f62c-441a-b9d0-9391c0fdc989" testListId="63c34efe-b2ee-401a-87c3-8462859f1a83" />
    <TestEntry testId="d627f429-5ea6-45cb-bc68-dba69147756d" executionId="a97fc202-ef16-407f-ad4f-a1e84b008a5f" testListId="63c34efe-b2ee-401a-87c3-8462859f1a83" />
    <TestEntry testId="63aa4c7b-68b8-4df9-8793-d1a948963c18" executionId="59131400-6798-4f09-a3e2-736685625c33" testListId="63c34efe-b2ee-401a-87c3-8462859f1a83" />
    <TestEntry testId="fa5ac24d-eaee-475a-9867-66d8eae416a1" executionId="60287b03-ec96-4620-8e25-3199a3215283" testListId="63c34efe-b2ee-401a-87c3-8462859f1a83" />
    <TestEntry testId="d0ba4599-5146-430c-aeda-a4b78b7382ca" executionId="193c9c49-8bea-4a12-a106-307940a93572" testListId="63c34efe-b2ee-401a-87c3-8462859f1a83" />
    <TestEntry testId="8d4b96e6-954f-43a2-973e-c03b66169f64" executionId="ab94d9b6-4fc4-4119-a3b1-75de15cbc270" testListId="63c34efe-b2ee-401a-87c3-8462859f1a83" />
    <TestEntry testId="204da159-17aa-4b41-9957-fe81d5ad2446" executionId="01ce3752-d194-4cd9-80f8-a13b71ce2558" testListId="63c34efe-b2ee-401a-87c3-8462859f1a83" />
    <TestEntry testId="1a1b8841-62a4-437e-a485-e8aa8bc5b2ff" executionId="053111cc-6c00-410f-b57f-72dfa8117808" testListId="63c34efe-b2ee-401a-87c3-8462859f1a83" />
    <TestEntry testId="61d4caf8-f40f-418e-83ff-ded79a00eca5" executionId="3e575400-35cf-4d18-a52e-0a6ce603a36c" testListId="63c34efe-b2ee-401a-87c3-8462859f1a83" />
    <TestEntry testId="e88054e2-e675-43eb-9bd1-93bbb7bfcbef" executionId="296135c4-81a9-4277-9c9b-23483d783367" testListId="63c34efe-b2ee-401a-87c3-8462859f1a83" />
    <TestEntry testId="6e193311-55e3-4bd7-b2cb-3c5d22a66b99" executionId="f8c31130-7fcf-48a6-a96a-15b1b70d97d5" testListId="63c34efe-b2ee-401a-87c3-8462859f1a83" />
    <TestEntry testId="31c4ec38-f86e-4e19-b17a-2c942c5c961e" executionId="d0fd10c7-1e1a-466d-8a4f-17993d11e4a7" testListId="63c34efe-b2ee-401a-87c3-8462859f1a83" />
    <TestEntry testId="83f224d1-881f-42ef-818d-f32165e13c2f" executionId="2461d6a1-9b5c-4a58-8ef9-32e9dd8cfbda" testListId="63c34efe-b2ee-401a-87c3-8462859f1a83" />
    <TestEntry testId="0467b9c3-9bec-4c8c-b3a4-d3f6f1662901" executionId="9470ef6b-ac7b-423e-aa14-50f8246f9f07" testListId="63c34efe-b2ee-401a-87c3-8462859f1a83" />
    <TestEntry testId="85c6810c-a388-4409-bb03-e84fb681dc9b" executionId="7642d7b1-f4ab-41c4-8943-2b4f2155da81" testListId="63c34efe-b2ee-401a-87c3-8462859f1a83" />
    <TestEntry testId="d68c5f81-7213-4018-9514-ad7f748a36bc" executionId="0cde7b7f-1a6f-44b1-b7c8-ed4b08ffed55" testListId="63c34efe-b2ee-401a-87c3-8462859f1a83" />
    <TestEntry testId="5889ed45-12f5-4f66-9e24-d02e1effe15d" executionId="f790a444-cac5-42b6-8f91-699070e21c6b" testListId="63c34efe-b2ee-401a-87c3-8462859f1a83" />
    <TestEntry testId="90d088d4-2558-4cc5-a0e7-727a4611963b" executionId="9f7c92e0-034a-4394-b2da-982568d680c0" testListId="63c34efe-b2ee-401a-87c3-8462859f1a83" />
    <TestEntry testId="6b2e3ddd-c0f7-476c-bd71-0d4d68cb8821" executionId="261291ed-f332-4c68-a4b8-6702e99f9939" testListId="63c34efe-b2ee-401a-87c3-8462859f1a83" />
    <TestEntry testId="db958fae-3a55-43eb-8524-7eefdf30f288" executionId="c021e66d-8595-4b9c-b127-b6790ebe2962" testListId="63c34efe-b2ee-401a-87c3-8462859f1a83" />
    <TestEntry testId="e1fd3201-1339-44e2-9793-b917c2aaa217" executionId="407d8a31-4bd2-4981-a4e8-864b0f3f21d5" testListId="63c34efe-b2ee-401a-87c3-8462859f1a83" />
    <TestEntry testId="33baa948-31b6-473f-bb5c-ba2fc6decbf6" executionId="d1fbb344-7303-4425-87a1-3673fd756b8a" testListId="63c34efe-b2ee-401a-87c3-8462859f1a83" />
    <TestEntry testId="eb6988b2-7716-4f22-8312-79cc3de14e50" executionId="a4e7a5a7-9f88-45aa-b1f9-a852081b456e" testListId="63c34efe-b2ee-401a-87c3-8462859f1a83" />
    <TestEntry testId="9446d93e-7127-4d98-8d20-e7fb7680a460" executionId="79aac506-6edb-43b9-9710-a2ca171c88be" testListId="63c34efe-b2ee-401a-87c3-8462859f1a83" />
    <TestEntry testId="8df04dba-144e-4f2c-bba7-14c6eaebc9a5" executionId="69fb159e-9bdd-488b-8fe6-65e9d9e17e30" testListId="63c34efe-b2ee-401a-87c3-8462859f1a83" />
    <TestEntry testId="b9e00a1b-59f5-47af-b9cb-36585468ffb4" executionId="3d38e016-3c32-4f20-936b-40c15d2e51f5" testListId="63c34efe-b2ee-401a-87c3-8462859f1a83" />
    <TestEntry testId="7060961b-38b0-4450-b642-5445767850ae" executionId="4445b836-6325-4fa1-9e96-398bd93b8403" testListId="63c34efe-b2ee-401a-87c3-8462859f1a83" />
    <TestEntry testId="dcaa33ef-1ce0-4388-af67-4e481dbe8a32" executionId="655664d4-5007-4f2f-8e25-c2f3a9cbc552" testListId="63c34efe-b2ee-401a-87c3-8462859f1a83" />
    <TestEntry testId="a0829d43-7d19-45c4-a664-b4deee2cc3c1" executionId="dfec0194-2297-411e-90b0-45146482e9f7" testListId="63c34efe-b2ee-401a-87c3-8462859f1a83" />
    <TestEntry testId="c71e4a56-9a16-45c0-8c97-d0db169e90da" executionId="08b79a6b-309e-4a71-8b5e-03b99cbf0fb6" testListId="63c34efe-b2ee-401a-87c3-8462859f1a83" />
    <TestEntry testId="75cf7a27-ab73-43b4-ba93-5dfc22294284" executionId="6968c011-c035-4035-944c-84060511a5c9" testListId="63c34efe-b2ee-401a-87c3-8462859f1a83" />
    <TestEntry testId="6c70c5b6-70c1-4a98-bf9e-a6355fcc9b23" executionId="7bc9f0a3-a150-4337-a8b4-b3fce478c903" testListId="63c34efe-b2ee-401a-87c3-8462859f1a83" />
    <TestEntry testId="f429cf82-4f4c-43b7-823c-d840190d6fda" executionId="967b03c0-9303-4eca-b5cd-21651e59af06" testListId="63c34efe-b2ee-401a-87c3-8462859f1a83" />
    <TestEntry testId="f5ce6f5b-384b-4669-ba2c-4b153cc41472" executionId="d498ad0b-7d94-4e2e-ae82-476275f1d02d" testListId="63c34efe-b2ee-401a-87c3-8462859f1a83" />
    <TestEntry testId="320cd4d9-9778-4cc3-be8f-c9c1cb001c6d" executionId="dafb6d28-d9d9-435c-a686-ef0b8d2e8c2d" testListId="63c34efe-b2ee-401a-87c3-8462859f1a83" />
    <TestEntry testId="7ba85eda-39c9-41a8-9e50-300f627c81cd" executionId="99838015-b033-453e-9aef-93261f164ced" testListId="63c34efe-b2ee-401a-87c3-8462859f1a83" />
    <TestEntry testId="29f5ca59-6159-4af4-9342-0b2a9f1a7256" executionId="4f7f16bc-a012-406d-a837-1ac95a16eb7c" testListId="63c34efe-b2ee-401a-87c3-8462859f1a83" />
    <TestEntry testId="55d49482-ce8d-490e-b831-5314fc7cde98" executionId="cd5bcefd-6a3f-4b47-8a7b-810fd4a62788" testListId="63c34efe-b2ee-401a-87c3-8462859f1a83" />
    <TestEntry testId="0703705d-610f-4474-b0d8-4f964aa8e664" executionId="475ddb7b-fc00-4cdb-8269-c4ed789f1bf5" testListId="63c34efe-b2ee-401a-87c3-8462859f1a83" />
    <TestEntry testId="b6cf2ba2-6c39-4be6-85ac-b09c051012f7" executionId="9ea7384e-fd38-4752-baef-4138268f35a3" testListId="63c34efe-b2ee-401a-87c3-8462859f1a83" />
    <TestEntry testId="191ea1e0-c4be-42d3-ad8f-c7b083834a4c" executionId="5ff51ae0-098b-4f24-adce-73a1ae3e9b0f" testListId="63c34efe-b2ee-401a-87c3-8462859f1a83" />
    <TestEntry testId="07fd89a1-26cb-4e6d-ac70-d189e8fe0f0b" executionId="61147147-6d9d-4620-bc81-57d1bf533dd0" testListId="63c34efe-b2ee-401a-87c3-8462859f1a83" />
    <TestEntry testId="ec8db07c-6058-438b-a6d0-a045ce83d567" executionId="13f720a4-ad37-4df4-8155-6e655b314fb3" testListId="63c34efe-b2ee-401a-87c3-8462859f1a83" />
    <TestEntry testId="ca17fdea-a85a-4d69-bb26-101394ead524" executionId="d4c1c382-ef1e-4e0b-9c6c-aee52a47c563" testListId="63c34efe-b2ee-401a-87c3-8462859f1a83" />
    <TestEntry testId="d99f4281-ca6e-43f1-b525-26bf237f0472" executionId="970e286a-cd84-4d7c-acc6-08f1432d0d02" testListId="63c34efe-b2ee-401a-87c3-8462859f1a83" />
    <TestEntry testId="51fff8f0-8638-43a7-a226-89013f77b32f" executionId="0f73f5b5-83ee-4f59-a7cb-b62c6e7130ae" testListId="63c34efe-b2ee-401a-87c3-8462859f1a83" />
    <TestEntry testId="e91581d6-cf38-44e2-a8e3-1ffd44dcd004" executionId="faf94ed5-521a-41f1-a0a5-a527f0d84a1f" testListId="63c34efe-b2ee-401a-87c3-8462859f1a83" />
    <TestEntry testId="574c5928-8fe1-406e-a414-a45d7d28f6eb" executionId="3e2a163c-9180-4798-9fb4-449afc3d4deb" testListId="63c34efe-b2ee-401a-87c3-8462859f1a83" />
    <TestEntry testId="a066b8ee-ba41-4ff5-ae1f-f5258650dd93" executionId="1666f6ea-e10c-4e77-8d67-70268a619349" testListId="63c34efe-b2ee-401a-87c3-8462859f1a83" />
    <TestEntry testId="4283bfe0-9ebe-4fab-ad95-f0ff87e27588" executionId="6480e6b8-fd54-40d3-8c8f-672ba51dbd72" testListId="63c34efe-b2ee-401a-87c3-8462859f1a83" />
    <TestEntry testId="36b3807b-addf-4f6d-a036-e5ada7892070" executionId="2a216ac6-42eb-4dc2-b89c-712086187761" testListId="63c34efe-b2ee-401a-87c3-8462859f1a83" />
    <TestEntry testId="41f73344-33bb-4ea0-96f7-a98867ee7b08" executionId="26dd17e2-439c-474f-a861-73d873b7de85" testListId="63c34efe-b2ee-401a-87c3-8462859f1a83" />
    <TestEntry testId="69d5223c-ef33-408d-81d2-06858ef10cec" executionId="523bea90-e73e-4b94-8d63-6cc7e7a955ff" testListId="63c34efe-b2ee-401a-87c3-8462859f1a83" />
    <TestEntry testId="c9744cb0-892b-4929-8839-8f05e37afee2" executionId="e698435f-8b2c-4211-84ec-1c0b4100fafc" testListId="63c34efe-b2ee-401a-87c3-8462859f1a83" />
    <TestEntry testId="04c64ee4-761e-4980-bc1e-0e2241bde605" executionId="184afae9-7d3f-49d3-833c-9325f7cc1f4c" testListId="63c34efe-b2ee-401a-87c3-8462859f1a83" />
    <TestEntry testId="ba2adfe7-742e-44ae-b2ef-af4b91807a11" executionId="fbea1556-aa40-4951-bf68-842ebdd50771" testListId="63c34efe-b2ee-401a-87c3-8462859f1a83" />
    <TestEntry testId="9c4ad5b6-2f85-4827-b6da-d009dda63d39" executionId="77c5b84c-f52d-40f0-b442-ea995adba049" testListId="63c34efe-b2ee-401a-87c3-8462859f1a83" />
    <TestEntry testId="f9a8354f-80f0-4d6a-8286-2402174db2a5" executionId="c845d472-5e20-4669-82e5-4fddfb4583e3" testListId="63c34efe-b2ee-401a-87c3-8462859f1a83" />
    <TestEntry testId="aec08271-7c9a-4bc0-8231-9c02d244f8c9" executionId="badf3b38-e63f-4c47-b034-67e02caac18f" testListId="63c34efe-b2ee-401a-87c3-8462859f1a83" />
    <TestEntry testId="1cc54c24-6f80-4de8-8ef9-8943dd0e7929" executionId="5f376fe1-5799-4390-92fc-707006549766" testListId="63c34efe-b2ee-401a-87c3-8462859f1a83" />
    <TestEntry testId="c473b864-1c0e-4b2a-8f88-71bcdfb3ee72" executionId="5c508e37-9c9e-46f1-b0e6-ff5d3de7e382" testListId="63c34efe-b2ee-401a-87c3-8462859f1a83" />
    <TestEntry testId="c0d806b9-e4ab-4e7f-909b-965d4c37260e" executionId="f0fa0a12-0cc8-4229-bbde-54c2a14fe548" testListId="63c34efe-b2ee-401a-87c3-8462859f1a83" />
    <TestEntry testId="2f6419a9-0c0a-4440-82cb-ea4bbe292c9d" executionId="9e29257d-65d5-41c7-b033-c5c3aebc836a" testListId="63c34efe-b2ee-401a-87c3-8462859f1a83" />
    <TestEntry testId="e64891d4-62cc-4e7e-9926-e9f9274ca899" executionId="0f8db171-d8ac-4c92-bac7-1dbfeaee250c" testListId="63c34efe-b2ee-401a-87c3-8462859f1a83" />
    <TestEntry testId="7aa7f8ba-9732-4f9a-b1e7-28950c1008cd" executionId="86f6c105-125a-45b7-b4e1-c7d8bc300178" testListId="63c34efe-b2ee-401a-87c3-8462859f1a83" />
    <TestEntry testId="15262fa5-dc0b-4dd4-a50b-45eea06d39b9" executionId="69e0585a-b33f-4c1c-8e76-535f58c7e7d2" testListId="63c34efe-b2ee-401a-87c3-8462859f1a83" />
    <TestEntry testId="26bebac3-89e7-4eed-8deb-6aa10f97fca2" executionId="3f1ed4b8-0a35-43a5-acce-e666c891fd45" testListId="63c34efe-b2ee-401a-87c3-8462859f1a83" />
    <TestEntry testId="27019157-2456-4efc-96a5-029f614c0fed" executionId="11fe9d5b-d7d7-4556-ace7-366b98e63811" testListId="63c34efe-b2ee-401a-87c3-8462859f1a83" />
    <TestEntry testId="798e12eb-0bc2-4dfb-bf8a-f018b7120cd5" executionId="ee9a2a78-3328-48da-8ab8-aab6f0703a22" testListId="63c34efe-b2ee-401a-87c3-8462859f1a83" />
    <TestEntry testId="86eccd22-1484-4a0a-8cd8-fc88ca3cc7e1" executionId="b6452f33-276a-4730-8b61-5dc5f5d746c8" testListId="63c34efe-b2ee-401a-87c3-8462859f1a83" />
    <TestEntry testId="9063bf3c-24ef-46eb-a24d-922198f4acc6" executionId="b963272f-9a84-4557-8523-7c51b7d582b5" testListId="63c34efe-b2ee-401a-87c3-8462859f1a83" />
    <TestEntry testId="2ef13ec0-3771-402e-ba42-1804a69bc3a9" executionId="5db8cfaf-348b-46fe-9dc1-286ea1a6bbf5" testListId="63c34efe-b2ee-401a-87c3-8462859f1a83" />
    <TestEntry testId="670f8130-c8b8-4b39-98cc-5ab630a8b99b" executionId="83eb3821-1ee2-4e19-89ad-98ccbb7a021f" testListId="63c34efe-b2ee-401a-87c3-8462859f1a83" />
    <TestEntry testId="20591b79-40a9-4ace-922e-561bd489c7d8" executionId="9f1eec1c-8a31-44fe-b343-244f639a0199" testListId="63c34efe-b2ee-401a-87c3-8462859f1a83" />
    <TestEntry testId="8c08449a-237b-4ce4-a32b-f5f5dc786a75" executionId="e88ae5c2-fdf2-4fd3-b31f-93601cafcb76" testListId="63c34efe-b2ee-401a-87c3-8462859f1a83" />
    <TestEntry testId="4e5d5bf7-16f4-41e1-9d42-62fea4c92fd8" executionId="c7ec783e-32e5-4f44-8995-80b79b421c67" testListId="63c34efe-b2ee-401a-87c3-8462859f1a83" />
    <TestEntry testId="04e22f29-e7cd-4f1d-a67e-8009af936984" executionId="a46cbe2e-71a4-44f4-b9e5-704a87aa33bd" testListId="63c34efe-b2ee-401a-87c3-8462859f1a83" />
    <TestEntry testId="5556adb6-49ae-4f7b-a181-c685b2dbd8bc" executionId="0a01b755-aaa0-4afd-87a9-89611ee2ea84" testListId="63c34efe-b2ee-401a-87c3-8462859f1a83" />
    <TestEntry testId="92bc9ed4-76aa-4631-a5dc-434d5563f9a2" executionId="4059a3b2-ac6a-4d69-82ae-d518b59d024e" testListId="63c34efe-b2ee-401a-87c3-8462859f1a83" />
    <TestEntry testId="c6695a3a-45e9-46b4-9d76-239edb364764" executionId="6c5647eb-0c35-44b9-8a48-983751238dd8" testListId="63c34efe-b2ee-401a-87c3-8462859f1a83" />
    <TestEntry testId="f531072a-414b-4e8f-8ea6-e00b1680d155" executionId="8cf31016-c53d-4704-9bac-f28571a53bb1" testListId="63c34efe-b2ee-401a-87c3-8462859f1a83" />
    <TestEntry testId="c2907a5d-d981-4f3b-9a60-dfd37a63df31" executionId="b6a8ebdc-2e13-417e-afd6-9ad7e3bbbd5f" testListId="63c34efe-b2ee-401a-87c3-8462859f1a83" />
    <TestEntry testId="d6b806e9-d0e9-473d-b7f4-c6a367724a02" executionId="400a8ed0-42a7-484d-831c-1f02670aaa88" testListId="63c34efe-b2ee-401a-87c3-8462859f1a83" />
    <TestEntry testId="4117fb38-6614-449f-a391-d00c70a765bf" executionId="9c30c511-bd80-4d28-9c94-9c6f54cf735c" testListId="63c34efe-b2ee-401a-87c3-8462859f1a83" />
    <TestEntry testId="338aca4f-17e6-4a32-bd8c-5fc7b11d2c52" executionId="101df5eb-5f69-4ce6-b6f7-f2a4f16d5498" testListId="63c34efe-b2ee-401a-87c3-8462859f1a83" />
    <TestEntry testId="d0bc2e2a-76e5-44f5-9e78-7f409dbfb384" executionId="b31f51ef-fdcd-4863-bdb9-4b60b3ce123d" testListId="63c34efe-b2ee-401a-87c3-8462859f1a83" />
  </TestEntries>
  <TestLists>
    <TestList name="Results Not in a List" id="63c34efe-b2ee-401a-87c3-8462859f1a83" />
    <TestList name="All Loaded Results" id="255eea50-1ee4-4a21-a486-8e35b474a964" />
  </TestLists>
</TestRun>