<?xml version="1.0" encoding="UTF-8"?>
<TestRun id="daa62010-1cde-4d0d-b0b7-e5a0c5cf260c" name="Test Run 58" runUser="Oles Galatsan" xmlns="http://microsoft.com/schemas/VisualStudio/TeamTest/2010">
  <Times creation="2025-05-14T13:20:31.3125482Z" queuing="2025-05-14T13:20:31.3125482Z" start="2025-05-14T13:20:31.3146610Z" finish="2025-05-14T13:25:31.3147553Z" />
  <TestSettings name="Test Settings 58" id="12599353-d379-46c8-87c3-57a5b1d1ca1f" />
  <Results>
    <UnitTestResult executionId="21b37e0d-ad33-4f24-8a26-042b8acce94a" testId="16587f3c-eb30-469e-9144-86a34c0e482e" testName="Test5701" computerName="UA-LPT-OGA2" duration="00:00:01.4400000" startTime="2025-05-14T13:20:31.3146610Z" endTime="2025-05-14T13:25:31.3147553Z" testType="13cdc9d9-ddb5-4fa4-a97d-d965ccfc6d4b" outcome="Passed" testListId="8b52dc2e-501b-4929-b229-6a7c441f2708" />
    <UnitTestResult executionId="df6b8cfa-db45-480f-a57c-837e07ba6bfc" testId="627dbf2e-dc82-49b4-b5df-6060bcd8f761" testName="Test5702" computerName="UA-LPT-OGA2" duration="00:00:00.2080000" startTime="2025-05-14T13:20:31.3146610Z" endTime="2025-05-14T13:25:31.3147553Z" testType="13cdc9d9-ddb5-4fa4-a97d-d965ccfc6d4b" outcome="Passed" testListId="8b52dc2e-501b-4929-b229-6a7c441f2708" />
    <UnitTestResult executionId="a8bb353d-179f-446e-a84a-27e9ab1bfd0d" testId="0bfd1a33-7ea7-4dd9-852f-ea2122bbed75" testName="Test5703" computerName="UA-LPT-OGA2" duration="00:00:00.3940000" startTime="2025-05-14T13:20:31.3146610Z" endTime="2025-05-14T13:25:31.3147553Z" testType="13cdc9d9-ddb5-4fa4-a97d-d965ccfc6d4b" outcome="Passed" testListId="8b52dc2e-501b-4929-b229-6a7c441f2708" />
    <UnitTestResult executionId="c9557190-d735-4293-a277-f7cde7975de5" testId="8d6b1f3f-c348-4ad2-ad49-e29dcca0be05" testName="Test5704" computerName="UA-LPT-OGA2" duration="00:00:01.6350000" startTime="2025-05-14T13:20:31.3146610Z" endTime="2025-05-14T13:25:31.3147553Z" testType="13cdc9d9-ddb5-4fa4-a97d-d965ccfc6d4b" outcome="Passed" testListId="8b52dc2e-501b-4929-b229-6a7c441f2708" />
    <UnitTestResult executionId="85094697-b26f-4203-a4c3-bbd98da60976" testId="60682d45-aa3e-4ef0-9b7e-074d480755e5" testName="Test5705" computerName="UA-LPT-OGA2" duration="00:00:00.9580000" startTime="2025-05-14T13:20:31.3146610Z" endTime="2025-05-14T13:25:31.3147553Z" testType="13cdc9d9-ddb5-4fa4-a97d-d965ccfc6d4b" outcome="Passed" testListId="8b52dc2e-501b-4929-b229-6a7c441f2708" />
    <UnitTestResult executionId="952642d2-2be0-4c97-bb08-f935c0807408" testId="1af943bb-e9dc-4358-93ca-330947f1d18c" testName="Test5706" computerName="UA-LPT-OGA2" duration="00:00:00.6970000" startTime="2025-05-14T13:20:31.3146610Z" endTime="2025-05-14T13:25:31.3147553Z" testType="13cdc9d9-ddb5-4fa4-a97d-d965ccfc6d4b" outcome="Passed" testListId="8b52dc2e-501b-4929-b229-6a7c441f2708" />
    <UnitTestResult executionId="b75a8199-78e3-4a88-b1fc-831b9e362302" testId="1ee3cf9d-b6c0-45ca-8944-ef42ea34e5c2" testName="Test5707" computerName="UA-LPT-OGA2" duration="00:00:00.1080000" startTime="2025-05-14T13:20:31.3146610Z" endTime="2025-05-14T13:25:31.3147553Z" testType="13cdc9d9-ddb5-4fa4-a97d-d965ccfc6d4b" outcome="Failed" testListId="8b52dc2e-501b-4929-b229-6a7c441f2708">
      <Output>
        <ErrorInfo>
          <Message>Assertion failed: Expected value did not match actual value.</Message>
          <StackTrace>   at TestNamespace.TestClass.Test() in TestClass.cs:line 432</StackTrace>
        </ErrorInfo>
      </Output>
    </UnitTestResult>
    <UnitTestResult executionId="29f932f9-0240-42ea-afd3-6042a25e7d38" testId="f51a9a16-32a3-425b-b920-b215588579be" testName="Test5708" computerName="UA-LPT-OGA2" duration="00:00:00.1440000" startTime="2025-05-14T13:20:31.3146610Z" endTime="2025-05-14T13:25:31.3147553Z" testType="13cdc9d9-ddb5-4fa4-a97d-d965ccfc6d4b" outcome="Passed" testListId="8b52dc2e-501b-4929-b229-6a7c441f2708" />
    <UnitTestResult executionId="e28d759e-3e49-4a5b-b584-0a96c2dc9dd3" testId="3ee3aa54-0b17-4ed1-aa19-54e38e213f73" testName="Test5709" computerName="UA-LPT-OGA2" duration="00:00:01.7290000" startTime="2025-05-14T13:20:31.3146610Z" endTime="2025-05-14T13:25:31.3147553Z" testType="13cdc9d9-ddb5-4fa4-a97d-d965ccfc6d4b" outcome="Passed" testListId="8b52dc2e-501b-4929-b229-6a7c441f2708" />
    <UnitTestResult executionId="ac5e463e-3893-4d13-8f85-ff1d4fc6febb" testId="14e2db3f-0afa-4b24-8493-a1b505705e89" testName="Test5710" computerName="UA-LPT-OGA2" duration="00:00:00.7580000" startTime="2025-05-14T13:20:31.3146610Z" endTime="2025-05-14T13:25:31.3147553Z" testType="13cdc9d9-ddb5-4fa4-a97d-d965ccfc6d4b" outcome="Failed" testListId="8b52dc2e-501b-4929-b229-6a7c441f2708">
      <Output>
        <ErrorInfo>
          <Message>Assertion failed: Expected value did not match actual value.</Message>
          <StackTrace>   at TestNamespace.TestClass.Test() in TestClass.cs:line 40</StackTrace>
        </ErrorInfo>
      </Output>
    </UnitTestResult>
    <UnitTestResult executionId="3d518ddd-995f-41bd-8f44-1660246d9cc4" testId="9a22d15d-2f16-4e80-b3ac-ff574bb19855" testName="Test5711" computerName="UA-LPT-OGA2" duration="00:00:00.2290000" startTime="2025-05-14T13:20:31.3146610Z" endTime="2025-05-14T13:25:31.3147553Z" testType="13cdc9d9-ddb5-4fa4-a97d-d965ccfc6d4b" outcome="Passed" testListId="8b52dc2e-501b-4929-b229-6a7c441f2708" />
    <UnitTestResult executionId="fb434a38-481e-4cc1-a57d-c7e746cf20de" testId="0294f2fb-27b2-4519-b85f-95c35bd6e82a" testName="Test5712" computerName="UA-LPT-OGA2" duration="00:00:00.5740000" startTime="2025-05-14T13:20:31.3146610Z" endTime="2025-05-14T13:25:31.3147553Z" testType="13cdc9d9-ddb5-4fa4-a97d-d965ccfc6d4b" outcome="Failed" testListId="8b52dc2e-501b-4929-b229-6a7c441f2708">
      <Output>
        <ErrorInfo>
          <Message>Assertion failed: Expected value did not match actual value.</Message>
          <StackTrace>   at TestNamespace.TestClass.Test() in TestClass.cs:line 54</StackTrace>
        </ErrorInfo>
      </Output>
    </UnitTestResult>
    <UnitTestResult executionId="b0805e38-9a86-4a5f-b81f-6601d8c1573b" testId="34ec03b5-1ba4-4669-aef5-764746c17725" testName="Test5713" computerName="UA-LPT-OGA2" duration="00:00:00.5260000" startTime="2025-05-14T13:20:31.3146610Z" endTime="2025-05-14T13:25:31.3147553Z" testType="13cdc9d9-ddb5-4fa4-a97d-d965ccfc6d4b" outcome="Inconclusive" testListId="8b52dc2e-501b-4929-b229-6a7c441f2708" />
    <UnitTestResult executionId="0a5f9f93-d04d-47ef-a6e5-94483091d826" testId="716bffac-a8ce-4c5c-8b48-3ba80caa33cc" testName="Test5714" computerName="UA-LPT-OGA2" duration="00:00:00.4450000" startTime="2025-05-14T13:20:31.3146610Z" endTime="2025-05-14T13:25:31.3147553Z" testType="13cdc9d9-ddb5-4fa4-a97d-d965ccfc6d4b" outcome="Passed" testListId="8b52dc2e-501b-4929-b229-6a7c441f2708" />
    <UnitTestResult executionId="c86d9979-beff-49a5-8a40-db3726c6c472" testId="9eee0240-d365-404b-aeb7-9e3a8cfd91dc" testName="Test5715" computerName="UA-LPT-OGA2" duration="00:00:01.8910000" startTime="2025-05-14T13:20:31.3146610Z" endTime="2025-05-14T13:25:31.3147553Z" testType="13cdc9d9-ddb5-4fa4-a97d-d965ccfc6d4b" outcome="Passed" testListId="8b52dc2e-501b-4929-b229-6a7c441f2708" />
    <UnitTestResult executionId="e2cdef0b-915e-410b-adb0-077700960369" testId="8bc9ee30-c67e-4786-b6f7-0ab6dea8eaa5" testName="Test5716" computerName="UA-LPT-OGA2" duration="00:00:00.3000000" startTime="2025-05-14T13:20:31.3146610Z" endTime="2025-05-14T13:25:31.3147553Z" testType="13cdc9d9-ddb5-4fa4-a97d-d965ccfc6d4b" outcome="Passed" testListId="8b52dc2e-501b-4929-b229-6a7c441f2708" />
    <UnitTestResult executionId="80dea622-a059-465a-8a5e-66e959d5d225" testId="65d98e83-ae3d-45fe-b2dd-3e0b85db411b" testName="Test5717" computerName="UA-LPT-OGA2" duration="00:00:01.3320000" startTime="2025-05-14T13:20:31.3146610Z" endTime="2025-05-14T13:25:31.3147553Z" testType="13cdc9d9-ddb5-4fa4-a97d-d965ccfc6d4b" outcome="Passed" testListId="8b52dc2e-501b-4929-b229-6a7c441f2708" />
    <UnitTestResult executionId="8bec4783-1173-431c-bab1-65b1eb1fdc22" testId="935c113a-f943-4db9-a099-ba70be8afd1a" testName="Test5718" computerName="UA-LPT-OGA2" duration="00:00:00.4520000" startTime="2025-05-14T13:20:31.3146610Z" endTime="2025-05-14T13:25:31.3147553Z" testType="13cdc9d9-ddb5-4fa4-a97d-d965ccfc6d4b" outcome="Passed" testListId="8b52dc2e-501b-4929-b229-6a7c441f2708" />
    <UnitTestResult executionId="70d87ed5-d854-4645-b049-eb1b37819f62" testId="149a405e-1219-48a9-a88c-79f7dedec1f8" testName="Test5719" computerName="UA-LPT-OGA2" duration="00:00:01.5600000" startTime="2025-05-14T13:20:31.3146610Z" endTime="2025-05-14T13:25:31.3147553Z" testType="13cdc9d9-ddb5-4fa4-a97d-d965ccfc6d4b" outcome="Passed" testListId="8b52dc2e-501b-4929-b229-6a7c441f2708" />
    <UnitTestResult executionId="bd562f7d-5919-4be0-b534-275029418d84" testId="3b2ea46a-6e20-4cb6-b1ba-7b57e40489c1" testName="Test5720" computerName="UA-LPT-OGA2" duration="00:00:00.1250000" startTime="2025-05-14T13:20:31.3146610Z" endTime="2025-05-14T13:25:31.3147553Z" testType="13cdc9d9-ddb5-4fa4-a97d-d965ccfc6d4b" outcome="Passed" testListId="8b52dc2e-501b-4929-b229-6a7c441f2708" />
    <UnitTestResult executionId="412c5e8d-cef8-452a-b653-23b63ca42da1" testId="c71b6439-4488-4e5f-b641-f00d5be68730" testName="Test5721" computerName="UA-LPT-OGA2" duration="00:00:00.9080000" startTime="2025-05-14T13:20:31.3146610Z" endTime="2025-05-14T13:25:31.3147553Z" testType="13cdc9d9-ddb5-4fa4-a97d-d965ccfc6d4b" outcome="Passed" testListId="8b52dc2e-501b-4929-b229-6a7c441f2708" />
    <UnitTestResult executionId="5bc77269-feba-4d17-b01d-d09a996048a6" testId="f5b7bab3-3004-4bd3-8b66-ae2550817531" testName="Test5722" computerName="UA-LPT-OGA2" duration="00:00:00.3430000" startTime="2025-05-14T13:20:31.3146610Z" endTime="2025-05-14T13:25:31.3147553Z" testType="13cdc9d9-ddb5-4fa4-a97d-d965ccfc6d4b" outcome="Passed" testListId="8b52dc2e-501b-4929-b229-6a7c441f2708" />
    <UnitTestResult executionId="b8210857-056b-4fbe-92e2-443edb525ad9" testId="371fbd79-ff69-4d48-bc3b-37b6f68f73fa" testName="Test5723" computerName="UA-LPT-OGA2" duration="00:00:01.8770000" startTime="2025-05-14T13:20:31.3146610Z" endTime="2025-05-14T13:25:31.3147553Z" testType="13cdc9d9-ddb5-4fa4-a97d-d965ccfc6d4b" outcome="Passed" testListId="8b52dc2e-501b-4929-b229-6a7c441f2708" />
    <UnitTestResult executionId="4bfeb9ac-f9cd-423a-af11-35a6e1f0732c" testId="66ce3a02-ffcc-4833-a7aa-928048972e5d" testName="Test5724" computerName="UA-LPT-OGA2" duration="00:00:00.8700000" startTime="2025-05-14T13:20:31.3146610Z" endTime="2025-05-14T13:25:31.3147553Z" testType="13cdc9d9-ddb5-4fa4-a97d-d965ccfc6d4b" outcome="Passed" testListId="8b52dc2e-501b-4929-b229-6a7c441f2708" />
    <UnitTestResult executionId="29213dd3-2dae-4473-8f17-3726b3ef2da3" testId="71cbd834-e89c-420a-bf30-97fb012ac922" testName="Test5725" computerName="UA-LPT-OGA2" duration="00:00:00.9500000" startTime="2025-05-14T13:20:31.3146610Z" endTime="2025-05-14T13:25:31.3147553Z" testType="13cdc9d9-ddb5-4fa4-a97d-d965ccfc6d4b" outcome="Passed" testListId="8b52dc2e-501b-4929-b229-6a7c441f2708" />
    <UnitTestResult executionId="01fe4400-cb42-4fb9-9fd5-ae774c5b3d80" testId="94fd42b5-4cc3-4583-b9ea-fe1219878a04" testName="Test5726" computerName="UA-LPT-OGA2" duration="00:00:01.6860000" startTime="2025-05-14T13:20:31.3146610Z" endTime="2025-05-14T13:25:31.3147553Z" testType="13cdc9d9-ddb5-4fa4-a97d-d965ccfc6d4b" outcome="Passed" testListId="8b52dc2e-501b-4929-b229-6a7c441f2708" />
    <UnitTestResult executionId="f290b36a-f480-4639-8bd9-d613536cb0c5" testId="39ba3284-d0be-4907-be67-46ecedfb0313" testName="Test5727" computerName="UA-LPT-OGA2" duration="00:00:01.9090000" startTime="2025-05-14T13:20:31.3146610Z" endTime="2025-05-14T13:25:31.3147553Z" testType="13cdc9d9-ddb5-4fa4-a97d-d965ccfc6d4b" outcome="Passed" testListId="8b52dc2e-501b-4929-b229-6a7c441f2708" />
    <UnitTestResult executionId="c734b6d0-9672-40e6-9ca3-6d5658bc0fcd" testId="ae37961c-b471-4fe8-b6fb-e506f6f9c925" testName="Test5728" computerName="UA-LPT-OGA2" duration="00:00:01.0460000" startTime="2025-05-14T13:20:31.3146610Z" endTime="2025-05-14T13:25:31.3147553Z" testType="13cdc9d9-ddb5-4fa4-a97d-d965ccfc6d4b" outcome="Passed" testListId="8b52dc2e-501b-4929-b229-6a7c441f2708" />
    <UnitTestResult executionId="f0ba3e30-bc0b-4925-9e8a-67a67d8794b0" testId="58d9f2df-1900-4478-bccd-e80c249ef1ac" testName="Test5729" computerName="UA-LPT-OGA2" duration="00:00:01.9410000" startTime="2025-05-14T13:20:31.3146610Z" endTime="2025-05-14T13:25:31.3147553Z" testType="13cdc9d9-ddb5-4fa4-a97d-d965ccfc6d4b" outcome="Failed" testListId="8b52dc2e-501b-4929-b229-6a7c441f2708">
      <Output>
        <ErrorInfo>
          <Message>Assertion failed: Expected value did not match actual value.</Message>
          <StackTrace>   at TestNamespace.TestClass.Test() in TestClass.cs:line 376</StackTrace>
        </ErrorInfo>
      </Output>
    </UnitTestResult>
    <UnitTestResult executionId="e44a149d-6ab3-4105-9250-cf5f5749f223" testId="a4fb6aac-3e22-4d8f-b223-23cdbccf9104" testName="Test5730" computerName="UA-LPT-OGA2" duration="00:00:01.7770000" startTime="2025-05-14T13:20:31.3146610Z" endTime="2025-05-14T13:25:31.3147553Z" testType="13cdc9d9-ddb5-4fa4-a97d-d965ccfc6d4b" outcome="Passed" testListId="8b52dc2e-501b-4929-b229-6a7c441f2708" />
    <UnitTestResult executionId="ccaf5ab8-09f9-49a6-b971-5923efea1384" testId="a27e449a-98c7-4ede-a52e-ce74d80d0831" testName="Test5731" computerName="UA-LPT-OGA2" duration="00:00:00.7320000" startTime="2025-05-14T13:20:31.3146610Z" endTime="2025-05-14T13:25:31.3147553Z" testType="13cdc9d9-ddb5-4fa4-a97d-d965ccfc6d4b" outcome="Passed" testListId="8b52dc2e-501b-4929-b229-6a7c441f2708" />
    <UnitTestResult executionId="500bb4f9-b01a-4b94-85a3-a738e2831bd6" testId="c6ac6220-17ee-4d79-9672-14d5e2a66ca7" testName="Test5732" computerName="UA-LPT-OGA2" duration="00:00:00.6720000" startTime="2025-05-14T13:20:31.3146610Z" endTime="2025-05-14T13:25:31.3147553Z" testType="13cdc9d9-ddb5-4fa4-a97d-d965ccfc6d4b" outcome="Passed" testListId="8b52dc2e-501b-4929-b229-6a7c441f2708" />
    <UnitTestResult executionId="4c80bcbb-8aa3-46e3-b6c1-c1e510c7a5be" testId="571d85af-3f57-4860-ba04-0f25f7d25612" testName="Test5733" computerName="UA-LPT-OGA2" duration="00:00:01.9470000" startTime="2025-05-14T13:20:31.3146610Z" endTime="2025-05-14T13:25:31.3147553Z" testType="13cdc9d9-ddb5-4fa4-a97d-d965ccfc6d4b" outcome="Passed" testListId="8b52dc2e-501b-4929-b229-6a7c441f2708" />
    <UnitTestResult executionId="51ac330a-b6ab-46b1-aa5a-3f067e8b4d37" testId="ef837178-9024-42cf-b54a-4342465c1722" testName="Test5734" computerName="UA-LPT-OGA2" duration="00:00:01.3690000" startTime="2025-05-14T13:20:31.3146610Z" endTime="2025-05-14T13:25:31.3147553Z" testType="13cdc9d9-ddb5-4fa4-a97d-d965ccfc6d4b" outcome="Passed" testListId="8b52dc2e-501b-4929-b229-6a7c441f2708" />
    <UnitTestResult executionId="37833416-289d-4879-8abd-81df5685d03b" testId="140dc5e1-ddf5-45fa-8cb5-e7865a2f47bd" testName="Test5735" computerName="UA-LPT-OGA2" duration="00:00:00.0280000" startTime="2025-05-14T13:20:31.3146610Z" endTime="2025-05-14T13:25:31.3147553Z" testType="13cdc9d9-ddb5-4fa4-a97d-d965ccfc6d4b" outcome="Passed" testListId="8b52dc2e-501b-4929-b229-6a7c441f2708" />
    <UnitTestResult executionId="d7920338-e7c5-42b7-899b-a685f84d2cd0" testId="3f95f6b6-8920-4d04-acda-d92b6b53f338" testName="Test5736" computerName="UA-LPT-OGA2" duration="00:00:01.3170000" startTime="2025-05-14T13:20:31.3146610Z" endTime="2025-05-14T13:25:31.3147553Z" testType="13cdc9d9-ddb5-4fa4-a97d-d965ccfc6d4b" outcome="Passed" testListId="8b52dc2e-501b-4929-b229-6a7c441f2708" />
    <UnitTestResult executionId="06b6cf85-ae56-4553-b5c7-5e2a5750d2db" testId="be7f4804-6ba1-4af1-9dbe-f9a0482378d4" testName="Test5737" computerName="UA-LPT-OGA2" duration="00:00:00.9960000" startTime="2025-05-14T13:20:31.3146610Z" endTime="2025-05-14T13:25:31.3147553Z" testType="13cdc9d9-ddb5-4fa4-a97d-d965ccfc6d4b" outcome="Passed" testListId="8b52dc2e-501b-4929-b229-6a7c441f2708" />
    <UnitTestResult executionId="891dfd5c-0007-4145-90f5-b35ccf67083c" testId="7e9e669f-5f13-4d44-9e29-6ae9f6287c94" testName="Test5738" computerName="UA-LPT-OGA2" duration="00:00:01.5760000" startTime="2025-05-14T13:20:31.3146610Z" endTime="2025-05-14T13:25:31.3147553Z" testType="13cdc9d9-ddb5-4fa4-a97d-d965ccfc6d4b" outcome="Passed" testListId="8b52dc2e-501b-4929-b229-6a7c441f2708" />
    <UnitTestResult executionId="3d33103a-af69-4ce8-9ad6-5e7d2fd5b6ae" testId="9aaf15df-c3e0-4a06-85eb-12682398634e" testName="Test5739" computerName="UA-LPT-OGA2" duration="00:00:00.1710000" startTime="2025-05-14T13:20:31.3146610Z" endTime="2025-05-14T13:25:31.3147553Z" testType="13cdc9d9-ddb5-4fa4-a97d-d965ccfc6d4b" outcome="Passed" testListId="8b52dc2e-501b-4929-b229-6a7c441f2708" />
    <UnitTestResult executionId="69ce2c1c-a372-4d1e-a6ef-b37dd0d3e92a" testId="79d72170-29d0-4546-be65-9a3642a6db78" testName="Test5740" computerName="UA-LPT-OGA2" duration="00:00:01.4450000" startTime="2025-05-14T13:20:31.3146610Z" endTime="2025-05-14T13:25:31.3147553Z" testType="13cdc9d9-ddb5-4fa4-a97d-d965ccfc6d4b" outcome="Passed" testListId="8b52dc2e-501b-4929-b229-6a7c441f2708" />
    <UnitTestResult executionId="35ca702e-95cd-42b7-8e93-d4ce2615c8aa" testId="c41b437d-13d4-45ce-9544-11a15ee43b1d" testName="Test5741" computerName="UA-LPT-OGA2" duration="00:00:01.8070000" startTime="2025-05-14T13:20:31.3146610Z" endTime="2025-05-14T13:25:31.3147553Z" testType="13cdc9d9-ddb5-4fa4-a97d-d965ccfc6d4b" outcome="Passed" testListId="8b52dc2e-501b-4929-b229-6a7c441f2708" />
    <UnitTestResult executionId="24c85262-51cc-4f55-8884-372a11dbe061" testId="2abfc0c2-0382-45be-87a6-1c325ad69ba0" testName="Test5742" computerName="UA-LPT-OGA2" duration="00:00:01.0390000" startTime="2025-05-14T13:20:31.3146610Z" endTime="2025-05-14T13:25:31.3147553Z" testType="13cdc9d9-ddb5-4fa4-a97d-d965ccfc6d4b" outcome="Passed" testListId="8b52dc2e-501b-4929-b229-6a7c441f2708" />
    <UnitTestResult executionId="f0ae2206-360d-4912-93a7-c9a21fefe36f" testId="56c5ac0b-04b7-4d0e-917c-8818d2fb2fc1" testName="Test5743" computerName="UA-LPT-OGA2" duration="00:00:00.3010000" startTime="2025-05-14T13:20:31.3146610Z" endTime="2025-05-14T13:25:31.3147553Z" testType="13cdc9d9-ddb5-4fa4-a97d-d965ccfc6d4b" outcome="Passed" testListId="8b52dc2e-501b-4929-b229-6a7c441f2708" />
    <UnitTestResult executionId="a7bebbbc-c1ce-4b9c-ae04-cf9931db9b25" testId="4d13991e-455d-48ab-9442-fd389b20b951" testName="Test5744" computerName="UA-LPT-OGA2" duration="00:00:00.6510000" startTime="2025-05-14T13:20:31.3146610Z" endTime="2025-05-14T13:25:31.3147553Z" testType="13cdc9d9-ddb5-4fa4-a97d-d965ccfc6d4b" outcome="Passed" testListId="8b52dc2e-501b-4929-b229-6a7c441f2708" />
    <UnitTestResult executionId="15047ac6-f229-4003-886a-eb94fe372514" testId="56d7bd4f-7247-4fa6-9f2f-f281b08a8e7a" testName="Test5745" computerName="UA-LPT-OGA2" duration="00:00:00.1690000" startTime="2025-05-14T13:20:31.3146610Z" endTime="2025-05-14T13:25:31.3147553Z" testType="13cdc9d9-ddb5-4fa4-a97d-d965ccfc6d4b" outcome="Passed" testListId="8b52dc2e-501b-4929-b229-6a7c441f2708" />
    <UnitTestResult executionId="72893da3-f20c-4f07-800e-c043ac03ad0b" testId="01d8ad85-09e8-4000-8888-be6e8d7d47af" testName="Test5746" computerName="UA-LPT-OGA2" duration="00:00:00.8800000" startTime="2025-05-14T13:20:31.3146610Z" endTime="2025-05-14T13:25:31.3147553Z" testType="13cdc9d9-ddb5-4fa4-a97d-d965ccfc6d4b" outcome="Failed" testListId="8b52dc2e-501b-4929-b229-6a7c441f2708">
      <Output>
        <ErrorInfo>
          <Message>Assertion failed: Expected value did not match actual value.</Message>
          <StackTrace>   at TestNamespace.TestClass.Test() in TestClass.cs:line 282</StackTrace>
        </ErrorInfo>
      </Output>
    </UnitTestResult>
    <UnitTestResult executionId="c7a6ca62-6f6a-4c9a-9545-eff8e2c192ec" testId="84312678-8cc1-4251-86a8-d44ccf8e0fee" testName="Test5747" computerName="UA-LPT-OGA2" duration="00:00:00.4480000" startTime="2025-05-14T13:20:31.3146610Z" endTime="2025-05-14T13:25:31.3147553Z" testType="13cdc9d9-ddb5-4fa4-a97d-d965ccfc6d4b" outcome="Passed" testListId="8b52dc2e-501b-4929-b229-6a7c441f2708" />
    <UnitTestResult executionId="88f9388b-5157-4e9b-a1cb-cd134eb25943" testId="c351d0b5-0a9d-49ea-b0e9-08e0147481be" testName="Test5748" computerName="UA-LPT-OGA2" duration="00:00:01.4200000" startTime="2025-05-14T13:20:31.3146610Z" endTime="2025-05-14T13:25:31.3147553Z" testType="13cdc9d9-ddb5-4fa4-a97d-d965ccfc6d4b" outcome="Passed" testListId="8b52dc2e-501b-4929-b229-6a7c441f2708" />
    <UnitTestResult executionId="28f7afac-274b-4fbe-8e4e-2f6110de9cf0" testId="471af573-2b3b-4770-acaf-9a5d974d0bf0" testName="Test5749" computerName="UA-LPT-OGA2" duration="00:00:01.8800000" startTime="2025-05-14T13:20:31.3146610Z" endTime="2025-05-14T13:25:31.3147553Z" testType="13cdc9d9-ddb5-4fa4-a97d-d965ccfc6d4b" outcome="Passed" testListId="8b52dc2e-501b-4929-b229-6a7c441f2708" />
    <UnitTestResult executionId="c6e346a5-fab6-4c9c-b4e3-f8fc6ffe4631" testId="ade1be5d-f7e8-4ad2-a5ab-c5be000645c5" testName="Test5750" computerName="UA-LPT-OGA2" duration="00:00:01.5570000" startTime="2025-05-14T13:20:31.3146610Z" endTime="2025-05-14T13:25:31.3147553Z" testType="13cdc9d9-ddb5-4fa4-a97d-d965ccfc6d4b" outcome="Failed" testListId="8b52dc2e-501b-4929-b229-6a7c441f2708">
      <Output>
        <ErrorInfo>
          <Message>Assertion failed: Expected value did not match actual value.</Message>
          <StackTrace>   at TestNamespace.TestClass.Test() in TestClass.cs:line 76</StackTrace>
        </ErrorInfo>
      </Output>
    </UnitTestResult>
    <UnitTestResult executionId="54bf43e6-f8e8-48ab-94b5-f730545a2de2" testId="62ba8166-b4e2-4f5d-b870-27d8e800c0fb" testName="Test5751" computerName="UA-LPT-OGA2" duration="00:00:00.3840000" startTime="2025-05-14T13:20:31.3146610Z" endTime="2025-05-14T13:25:31.3147553Z" testType="13cdc9d9-ddb5-4fa4-a97d-d965ccfc6d4b" outcome="Passed" testListId="8b52dc2e-501b-4929-b229-6a7c441f2708" />
    <UnitTestResult executionId="c29b72f9-904d-4d89-a392-8a17d5cd34db" testId="73c5a045-49d9-457e-961a-3c65466db32c" testName="Test5752" computerName="UA-LPT-OGA2" duration="00:00:00.4150000" startTime="2025-05-14T13:20:31.3146610Z" endTime="2025-05-14T13:25:31.3147553Z" testType="13cdc9d9-ddb5-4fa4-a97d-d965ccfc6d4b" outcome="Passed" testListId="8b52dc2e-501b-4929-b229-6a7c441f2708" />
    <UnitTestResult executionId="77b02d75-ff83-4c4d-91cd-a27cc0fab122" testId="50aebe56-050b-4260-9ede-bce190fe8874" testName="Test5753" computerName="UA-LPT-OGA2" duration="00:00:01.3770000" startTime="2025-05-14T13:20:31.3146610Z" endTime="2025-05-14T13:25:31.3147553Z" testType="13cdc9d9-ddb5-4fa4-a97d-d965ccfc6d4b" outcome="Passed" testListId="8b52dc2e-501b-4929-b229-6a7c441f2708" />
    <UnitTestResult executionId="5c0482f5-ace6-4501-a27f-a8d074704238" testId="0ac20403-96e6-441d-91bd-3f910ac88791" testName="Test5754" computerName="UA-LPT-OGA2" duration="00:00:00.7650000" startTime="2025-05-14T13:20:31.3146610Z" endTime="2025-05-14T13:25:31.3147553Z" testType="13cdc9d9-ddb5-4fa4-a97d-d965ccfc6d4b" outcome="Passed" testListId="8b52dc2e-501b-4929-b229-6a7c441f2708" />
    <UnitTestResult executionId="126326a9-64bc-4b52-90c5-802488d77343" testId="f4fc6a84-15ce-4a27-a5b0-1c739df19b56" testName="Test5755" computerName="UA-LPT-OGA2" duration="00:00:01.9950000" startTime="2025-05-14T13:20:31.3146610Z" endTime="2025-05-14T13:25:31.3147553Z" testType="13cdc9d9-ddb5-4fa4-a97d-d965ccfc6d4b" outcome="Passed" testListId="8b52dc2e-501b-4929-b229-6a7c441f2708" />
    <UnitTestResult executionId="22bcf24c-8c71-45cd-9ab4-2facd11bd034" testId="25dba510-62d3-4a43-941c-f4707fe58c60" testName="Test5756" computerName="UA-LPT-OGA2" duration="00:00:01.1890000" startTime="2025-05-14T13:20:31.3146610Z" endTime="2025-05-14T13:25:31.3147553Z" testType="13cdc9d9-ddb5-4fa4-a97d-d965ccfc6d4b" outcome="Passed" testListId="8b52dc2e-501b-4929-b229-6a7c441f2708" />
    <UnitTestResult executionId="e786877b-5455-4657-9e5f-38242886a5c3" testId="57edb441-b8d2-4861-9b43-b2d11c34c947" testName="Test5757" computerName="UA-LPT-OGA2" duration="00:00:00.9670000" startTime="2025-05-14T13:20:31.3146610Z" endTime="2025-05-14T13:25:31.3147553Z" testType="13cdc9d9-ddb5-4fa4-a97d-d965ccfc6d4b" outcome="Passed" testListId="8b52dc2e-501b-4929-b229-6a7c441f2708" />
    <UnitTestResult executionId="9f4d78cb-f4d5-4ea1-9a6c-d8b4eaa3d32b" testId="7138c5db-631a-494f-abe4-2f5238598e03" testName="Test5758" computerName="UA-LPT-OGA2" duration="00:00:00.2020000" startTime="2025-05-14T13:20:31.3146610Z" endTime="2025-05-14T13:25:31.3147553Z" testType="13cdc9d9-ddb5-4fa4-a97d-d965ccfc6d4b" outcome="Passed" testListId="8b52dc2e-501b-4929-b229-6a7c441f2708" />
    <UnitTestResult executionId="7e34ef48-7028-421e-a3f9-fce609f82dd3" testId="781fe0db-748c-4ad0-99d4-26dc88b6a0f8" testName="Test5759" computerName="UA-LPT-OGA2" duration="00:00:01.7410000" startTime="2025-05-14T13:20:31.3146610Z" endTime="2025-05-14T13:25:31.3147553Z" testType="13cdc9d9-ddb5-4fa4-a97d-d965ccfc6d4b" outcome="Passed" testListId="8b52dc2e-501b-4929-b229-6a7c441f2708" />
    <UnitTestResult executionId="1aca6fbd-6de3-4f40-9eea-b74d9301fd64" testId="f60967ce-1f16-4005-868b-9b05cc0cddbe" testName="Test5760" computerName="UA-LPT-OGA2" duration="00:00:01.0020000" startTime="2025-05-14T13:20:31.3146610Z" endTime="2025-05-14T13:25:31.3147553Z" testType="13cdc9d9-ddb5-4fa4-a97d-d965ccfc6d4b" outcome="Failed" testListId="8b52dc2e-501b-4929-b229-6a7c441f2708">
      <Output>
        <ErrorInfo>
          <Message>Assertion failed: Expected value did not match actual value.</Message>
          <StackTrace>   at TestNamespace.TestClass.Test() in TestClass.cs:line 24</StackTrace>
        </ErrorInfo>
      </Output>
    </UnitTestResult>
    <UnitTestResult executionId="a99fe6b3-c6ef-45ee-82e8-477e01b350d5" testId="f4b5a4b0-ff70-41c2-a747-86e91bcf6644" testName="Test5761" computerName="UA-LPT-OGA2" duration="00:00:01.3110000" startTime="2025-05-14T13:20:31.3146610Z" endTime="2025-05-14T13:25:31.3147553Z" testType="13cdc9d9-ddb5-4fa4-a97d-d965ccfc6d4b" outcome="Passed" testListId="8b52dc2e-501b-4929-b229-6a7c441f2708" />
    <UnitTestResult executionId="51eea4f4-3c23-4fc5-a12e-a8a7171a7c55" testId="944302c7-58bb-480b-9175-0daddf2a4ee2" testName="Test5762" computerName="UA-LPT-OGA2" duration="00:00:00.3630000" startTime="2025-05-14T13:20:31.3146610Z" endTime="2025-05-14T13:25:31.3147553Z" testType="13cdc9d9-ddb5-4fa4-a97d-d965ccfc6d4b" outcome="Passed" testListId="8b52dc2e-501b-4929-b229-6a7c441f2708" />
    <UnitTestResult executionId="df57e9cb-fef0-484a-9b35-417cf8d967cd" testId="800d31b6-f2da-43bc-81bb-8d0d4950f7b3" testName="Test5763" computerName="UA-LPT-OGA2" duration="00:00:01.1870000" startTime="2025-05-14T13:20:31.3146610Z" endTime="2025-05-14T13:25:31.3147553Z" testType="13cdc9d9-ddb5-4fa4-a97d-d965ccfc6d4b" outcome="Passed" testListId="8b52dc2e-501b-4929-b229-6a7c441f2708" />
    <UnitTestResult executionId="5f64d0c7-dc1a-41ea-9394-c1bbbe706963" testId="405970b4-28ec-4a3a-88f9-11d79085faa8" testName="Test5764" computerName="UA-LPT-OGA2" duration="00:00:00.3480000" startTime="2025-05-14T13:20:31.3146610Z" endTime="2025-05-14T13:25:31.3147553Z" testType="13cdc9d9-ddb5-4fa4-a97d-d965ccfc6d4b" outcome="Passed" testListId="8b52dc2e-501b-4929-b229-6a7c441f2708" />
    <UnitTestResult executionId="a092efe9-1c19-4d1b-aa74-5489c6147b79" testId="7ab703c1-5e22-4b42-af86-8436d2715ce8" testName="Test5765" computerName="UA-LPT-OGA2" duration="00:00:00.4050000" startTime="2025-05-14T13:20:31.3146610Z" endTime="2025-05-14T13:25:31.3147553Z" testType="13cdc9d9-ddb5-4fa4-a97d-d965ccfc6d4b" outcome="Passed" testListId="8b52dc2e-501b-4929-b229-6a7c441f2708" />
    <UnitTestResult executionId="3bcc0f18-059a-47f1-9420-98ffc97af42e" testId="99916931-183f-459c-9ea0-6c9fc00133fc" testName="Test5766" computerName="UA-LPT-OGA2" duration="00:00:01.7780000" startTime="2025-05-14T13:20:31.3146610Z" endTime="2025-05-14T13:25:31.3147553Z" testType="13cdc9d9-ddb5-4fa4-a97d-d965ccfc6d4b" outcome="Passed" testListId="8b52dc2e-501b-4929-b229-6a7c441f2708" />
    <UnitTestResult executionId="2976c621-cb26-4263-9125-227628af152f" testId="b1227372-eba3-4d86-85e6-945bcb416a32" testName="Test5767" computerName="UA-LPT-OGA2" duration="00:00:00.6750000" startTime="2025-05-14T13:20:31.3146610Z" endTime="2025-05-14T13:25:31.3147553Z" testType="13cdc9d9-ddb5-4fa4-a97d-d965ccfc6d4b" outcome="Failed" testListId="8b52dc2e-501b-4929-b229-6a7c441f2708">
      <Output>
        <ErrorInfo>
          <Message>Assertion failed: Expected value did not match actual value.</Message>
          <StackTrace>   at TestNamespace.TestClass.Test() in TestClass.cs:line 110</StackTrace>
        </ErrorInfo>
      </Output>
    </UnitTestResult>
    <UnitTestResult executionId="cdfedbbe-27e5-4ea6-badd-1333b2416bff" testId="196107ea-8bb1-445b-ab2e-b27a59bf28b5" testName="Test5768" computerName="UA-LPT-OGA2" duration="00:00:00.5440000" startTime="2025-05-14T13:20:31.3146610Z" endTime="2025-05-14T13:25:31.3147553Z" testType="13cdc9d9-ddb5-4fa4-a97d-d965ccfc6d4b" outcome="Passed" testListId="8b52dc2e-501b-4929-b229-6a7c441f2708" />
    <UnitTestResult executionId="e83e28e7-e5cd-45a3-a933-d33292d93e7e" testId="7520ec7b-2613-4e76-ad2a-e57cbc3374e7" testName="Test5769" computerName="UA-LPT-OGA2" duration="00:00:01.2460000" startTime="2025-05-14T13:20:31.3146610Z" endTime="2025-05-14T13:25:31.3147553Z" testType="13cdc9d9-ddb5-4fa4-a97d-d965ccfc6d4b" outcome="Passed" testListId="8b52dc2e-501b-4929-b229-6a7c441f2708" />
    <UnitTestResult executionId="bab7ff91-faec-4c2f-a301-1dd672099364" testId="98f93b57-9bf0-465e-a26f-060100b22c57" testName="Test5770" computerName="UA-LPT-OGA2" duration="00:00:01.5060000" startTime="2025-05-14T13:20:31.3146610Z" endTime="2025-05-14T13:25:31.3147553Z" testType="13cdc9d9-ddb5-4fa4-a97d-d965ccfc6d4b" outcome="Passed" testListId="8b52dc2e-501b-4929-b229-6a7c441f2708" />
    <UnitTestResult executionId="78bab2ea-4226-4ef4-a9f2-a82b6c0ea982" testId="482e9ea8-55c0-46de-bd22-3a57db47535d" testName="Test5771" computerName="UA-LPT-OGA2" duration="00:00:00.7670000" startTime="2025-05-14T13:20:31.3146610Z" endTime="2025-05-14T13:25:31.3147553Z" testType="13cdc9d9-ddb5-4fa4-a97d-d965ccfc6d4b" outcome="Passed" testListId="8b52dc2e-501b-4929-b229-6a7c441f2708" />
    <UnitTestResult executionId="6e565069-c2d2-4f9d-85f5-6c90c2b2f80c" testId="50417226-2f97-4db8-8eaa-1b8dcff10bac" testName="Test5772" computerName="UA-LPT-OGA2" duration="00:00:01.5560000" startTime="2025-05-14T13:20:31.3146610Z" endTime="2025-05-14T13:25:31.3147553Z" testType="13cdc9d9-ddb5-4fa4-a97d-d965ccfc6d4b" outcome="Passed" testListId="8b52dc2e-501b-4929-b229-6a7c441f2708" />
    <UnitTestResult executionId="01c71e5d-20cb-4889-8bb8-167faa66b9ca" testId="8b28ece8-9a7b-40f7-8d3a-b812c1c3bd1a" testName="Test5773" computerName="UA-LPT-OGA2" duration="00:00:00.6580000" startTime="2025-05-14T13:20:31.3146610Z" endTime="2025-05-14T13:25:31.3147553Z" testType="13cdc9d9-ddb5-4fa4-a97d-d965ccfc6d4b" outcome="Passed" testListId="8b52dc2e-501b-4929-b229-6a7c441f2708" />
    <UnitTestResult executionId="e2734db9-9028-4ce3-8662-d69575c0efdc" testId="53daf36b-13e9-43d2-b6e1-646d80f0e21d" testName="Test5774" computerName="UA-LPT-OGA2" duration="00:00:00.2290000" startTime="2025-05-14T13:20:31.3146610Z" endTime="2025-05-14T13:25:31.3147553Z" testType="13cdc9d9-ddb5-4fa4-a97d-d965ccfc6d4b" outcome="Passed" testListId="8b52dc2e-501b-4929-b229-6a7c441f2708" />
    <UnitTestResult executionId="7eac6641-db0d-4406-b3bb-69498bdb2122" testId="b19328bf-eaa5-4ac1-9cd8-46ae30b69d71" testName="Test5775" computerName="UA-LPT-OGA2" duration="00:00:00.1060000" startTime="2025-05-14T13:20:31.3146610Z" endTime="2025-05-14T13:25:31.3147553Z" testType="13cdc9d9-ddb5-4fa4-a97d-d965ccfc6d4b" outcome="Passed" testListId="8b52dc2e-501b-4929-b229-6a7c441f2708" />
    <UnitTestResult executionId="ba866c85-320b-45f5-8f69-0ac3a4395891" testId="d7cc3b93-653c-4cd7-b0bb-0c5a4222de7c" testName="Test5776" computerName="UA-LPT-OGA2" duration="00:00:00.4220000" startTime="2025-05-14T13:20:31.3146610Z" endTime="2025-05-14T13:25:31.3147553Z" testType="13cdc9d9-ddb5-4fa4-a97d-d965ccfc6d4b" outcome="Passed" testListId="8b52dc2e-501b-4929-b229-6a7c441f2708" />
    <UnitTestResult executionId="39b4291d-baf1-4ce0-a3ae-16eaf26ea3c1" testId="7a6646af-72ea-4398-a697-11242fbc18dc" testName="Test5777" computerName="UA-LPT-OGA2" duration="00:00:00.0730000" startTime="2025-05-14T13:20:31.3146610Z" endTime="2025-05-14T13:25:31.3147553Z" testType="13cdc9d9-ddb5-4fa4-a97d-d965ccfc6d4b" outcome="Passed" testListId="8b52dc2e-501b-4929-b229-6a7c441f2708" />
    <UnitTestResult executionId="3b1fa713-d719-4e7c-bb07-bfe4d79113dd" testId="c996b323-c6d6-4411-bc31-1c72d1a90e59" testName="Test5778" computerName="UA-LPT-OGA2" duration="00:00:01.9520000" startTime="2025-05-14T13:20:31.3146610Z" endTime="2025-05-14T13:25:31.3147553Z" testType="13cdc9d9-ddb5-4fa4-a97d-d965ccfc6d4b" outcome="Passed" testListId="8b52dc2e-501b-4929-b229-6a7c441f2708" />
    <UnitTestResult executionId="e34c7172-0244-47af-8e00-6fccdd94a005" testId="03e5bf0f-19f7-4c1c-85df-98f75b22b280" testName="Test5779" computerName="UA-LPT-OGA2" duration="00:00:01.7230000" startTime="2025-05-14T13:20:31.3146610Z" endTime="2025-05-14T13:25:31.3147553Z" testType="13cdc9d9-ddb5-4fa4-a97d-d965ccfc6d4b" outcome="Failed" testListId="8b52dc2e-501b-4929-b229-6a7c441f2708">
      <Output>
        <ErrorInfo>
          <Message>Assertion failed: Expected value did not match actual value.</Message>
          <StackTrace>   at TestNamespace.TestClass.Test() in TestClass.cs:line 178</StackTrace>
        </ErrorInfo>
      </Output>
    </UnitTestResult>
    <UnitTestResult executionId="02c4871b-f91e-45ef-8794-273ad043e366" testId="c726f769-3144-449d-9940-2ac0cef4c7b2" testName="Test5780" computerName="UA-LPT-OGA2" duration="00:00:01.5950000" startTime="2025-05-14T13:20:31.3146610Z" endTime="2025-05-14T13:25:31.3147553Z" testType="13cdc9d9-ddb5-4fa4-a97d-d965ccfc6d4b" outcome="Passed" testListId="8b52dc2e-501b-4929-b229-6a7c441f2708" />
    <UnitTestResult executionId="80a649f0-4622-46c2-8dee-10b4fadebaba" testId="481faaec-0c31-4391-8bed-8269e7d98a84" testName="Test5781" computerName="UA-LPT-OGA2" duration="00:00:00.7950000" startTime="2025-05-14T13:20:31.3146610Z" endTime="2025-05-14T13:25:31.3147553Z" testType="13cdc9d9-ddb5-4fa4-a97d-d965ccfc6d4b" outcome="Passed" testListId="8b52dc2e-501b-4929-b229-6a7c441f2708" />
    <UnitTestResult executionId="3df19e63-a6e8-4ac7-9198-d37708e32d22" testId="b4e4da29-7d81-4886-87cc-7b947ac1176b" testName="Test5782" computerName="UA-LPT-OGA2" duration="00:00:00.3600000" startTime="2025-05-14T13:20:31.3146610Z" endTime="2025-05-14T13:25:31.3147553Z" testType="13cdc9d9-ddb5-4fa4-a97d-d965ccfc6d4b" outcome="Passed" testListId="8b52dc2e-501b-4929-b229-6a7c441f2708" />
    <UnitTestResult executionId="b238b183-ae32-4292-a4e5-fdc77e118b8e" testId="14018a21-5f45-46e0-8508-da6f8f4f5a73" testName="Test5783" computerName="UA-LPT-OGA2" duration="00:00:00.3890000" startTime="2025-05-14T13:20:31.3146610Z" endTime="2025-05-14T13:25:31.3147553Z" testType="13cdc9d9-ddb5-4fa4-a97d-d965ccfc6d4b" outcome="Passed" testListId="8b52dc2e-501b-4929-b229-6a7c441f2708" />
    <UnitTestResult executionId="422b69a5-ad79-407f-90a2-ebd4cc3b76dc" testId="0ae242c5-9ccc-4b13-8a3c-9248626e8bd6" testName="Test5784" computerName="UA-LPT-OGA2" duration="00:00:01.8880000" startTime="2025-05-14T13:20:31.3146610Z" endTime="2025-05-14T13:25:31.3147553Z" testType="13cdc9d9-ddb5-4fa4-a97d-d965ccfc6d4b" outcome="Failed" testListId="8b52dc2e-501b-4929-b229-6a7c441f2708">
      <Output>
        <ErrorInfo>
          <Message>Assertion failed: Expected value did not match actual value.</Message>
          <StackTrace>   at TestNamespace.TestClass.Test() in TestClass.cs:line 374</StackTrace>
        </ErrorInfo>
      </Output>
    </UnitTestResult>
    <UnitTestResult executionId="04a66948-ea41-4499-b460-9f1d66820c61" testId="c066e414-ddc4-43ca-9ab2-1b2f52192cd1" testName="Test5785" computerName="UA-LPT-OGA2" duration="00:00:01.8900000" startTime="2025-05-14T13:20:31.3146610Z" endTime="2025-05-14T13:25:31.3147553Z" testType="13cdc9d9-ddb5-4fa4-a97d-d965ccfc6d4b" outcome="Passed" testListId="8b52dc2e-501b-4929-b229-6a7c441f2708" />
    <UnitTestResult executionId="6cb87489-efad-4b40-ab74-cb0972ccc3b6" testId="941cd02a-d341-46c7-88a9-1649f2bc43f2" testName="Test5786" computerName="UA-LPT-OGA2" duration="00:00:00.3230000" startTime="2025-05-14T13:20:31.3146610Z" endTime="2025-05-14T13:25:31.3147553Z" testType="13cdc9d9-ddb5-4fa4-a97d-d965ccfc6d4b" outcome="Passed" testListId="8b52dc2e-501b-4929-b229-6a7c441f2708" />
    <UnitTestResult executionId="f0c9f350-1b69-4178-863d-26ef077925f0" testId="708ecb88-c6e4-4ae0-8af5-42f336d55d93" testName="Test5787" computerName="UA-LPT-OGA2" duration="00:00:01.9440000" startTime="2025-05-14T13:20:31.3146610Z" endTime="2025-05-14T13:25:31.3147553Z" testType="13cdc9d9-ddb5-4fa4-a97d-d965ccfc6d4b" outcome="Passed" testListId="8b52dc2e-501b-4929-b229-6a7c441f2708" />
    <UnitTestResult executionId="57113376-7830-473b-9e10-ef2cd44c0e41" testId="384f448a-ad96-48ad-9ee9-26d0dd1c1e98" testName="Test5788" computerName="UA-LPT-OGA2" duration="00:00:01.4100000" startTime="2025-05-14T13:20:31.3146610Z" endTime="2025-05-14T13:25:31.3147553Z" testType="13cdc9d9-ddb5-4fa4-a97d-d965ccfc6d4b" outcome="Passed" testListId="8b52dc2e-501b-4929-b229-6a7c441f2708" />
    <UnitTestResult executionId="40b61342-2978-4280-9294-67bda9c89261" testId="c7017bc1-2632-419c-b000-3b68b47d4fb1" testName="Test5789" computerName="UA-LPT-OGA2" duration="00:00:00.5310000" startTime="2025-05-14T13:20:31.3146610Z" endTime="2025-05-14T13:25:31.3147553Z" testType="13cdc9d9-ddb5-4fa4-a97d-d965ccfc6d4b" outcome="Passed" testListId="8b52dc2e-501b-4929-b229-6a7c441f2708" />
    <UnitTestResult executionId="244d1055-11f3-48c6-97be-ddd8125b77ce" testId="b2bf0129-9b99-42a3-9439-e834a2692dba" testName="Test5790" computerName="UA-LPT-OGA2" duration="00:00:00.4460000" startTime="2025-05-14T13:20:31.3146610Z" endTime="2025-05-14T13:25:31.3147553Z" testType="13cdc9d9-ddb5-4fa4-a97d-d965ccfc6d4b" outcome="Passed" testListId="8b52dc2e-501b-4929-b229-6a7c441f2708" />
    <UnitTestResult executionId="9afae8c5-6aca-4f1d-b8ec-b9d3efdcaf80" testId="ead959df-2e9b-4424-a14e-a578cfe485d7" testName="Test5791" computerName="UA-LPT-OGA2" duration="00:00:00.5890000" startTime="2025-05-14T13:20:31.3146610Z" endTime="2025-05-14T13:25:31.3147553Z" testType="13cdc9d9-ddb5-4fa4-a97d-d965ccfc6d4b" outcome="Passed" testListId="8b52dc2e-501b-4929-b229-6a7c441f2708" />
    <UnitTestResult executionId="ed741323-b4da-41f4-8615-8f496c483432" testId="c9fa49b2-1b16-44e5-907b-a8ead356b62a" testName="Test5792" computerName="UA-LPT-OGA2" duration="00:00:01.7160000" startTime="2025-05-14T13:20:31.3146610Z" endTime="2025-05-14T13:25:31.3147553Z" testType="13cdc9d9-ddb5-4fa4-a97d-d965ccfc6d4b" outcome="Failed" testListId="8b52dc2e-501b-4929-b229-6a7c441f2708">
      <Output>
        <ErrorInfo>
          <Message>Assertion failed: Expected value did not match actual value.</Message>
          <StackTrace>   at TestNamespace.TestClass.Test() in TestClass.cs:line 284</StackTrace>
        </ErrorInfo>
      </Output>
    </UnitTestResult>
    <UnitTestResult executionId="bd81f059-f9c2-4b72-a840-96d6ef6b4878" testId="fa594e2c-9acc-4e9a-834f-f738b3fdcf8b" testName="Test5793" computerName="UA-LPT-OGA2" duration="00:00:00.0430000" startTime="2025-05-14T13:20:31.3146610Z" endTime="2025-05-14T13:25:31.3147553Z" testType="13cdc9d9-ddb5-4fa4-a97d-d965ccfc6d4b" outcome="Passed" testListId="8b52dc2e-501b-4929-b229-6a7c441f2708" />
    <UnitTestResult executionId="ff27ba95-30c9-4541-a895-7202cb22e590" testId="2ebff900-90ad-458a-9157-5485f69cbdef" testName="Test5794" computerName="UA-LPT-OGA2" duration="00:00:01.9090000" startTime="2025-05-14T13:20:31.3146610Z" endTime="2025-05-14T13:25:31.3147553Z" testType="13cdc9d9-ddb5-4fa4-a97d-d965ccfc6d4b" outcome="Passed" testListId="8b52dc2e-501b-4929-b229-6a7c441f2708" />
    <UnitTestResult executionId="d8115cb2-dce2-4b67-ac3e-e1172b5d778e" testId="7e601771-5b8e-40aa-86d5-563bca1b5e33" testName="Test5795" computerName="UA-LPT-OGA2" duration="00:00:01.0000000" startTime="2025-05-14T13:20:31.3146610Z" endTime="2025-05-14T13:25:31.3147553Z" testType="13cdc9d9-ddb5-4fa4-a97d-d965ccfc6d4b" outcome="Passed" testListId="8b52dc2e-501b-4929-b229-6a7c441f2708" />
    <UnitTestResult executionId="c6affa06-a367-489c-b7f5-e0d2047624f5" testId="ad37729e-fad3-4830-9b09-a36ecdb94983" testName="Test5796" computerName="UA-LPT-OGA2" duration="00:00:01.3030000" startTime="2025-05-14T13:20:31.3146610Z" endTime="2025-05-14T13:25:31.3147553Z" testType="13cdc9d9-ddb5-4fa4-a97d-d965ccfc6d4b" outcome="Passed" testListId="8b52dc2e-501b-4929-b229-6a7c441f2708" />
    <UnitTestResult executionId="6f843d1f-67e5-4c61-836e-1b2ca7e79b7d" testId="91495683-a23f-475c-b435-b792fbf510d4" testName="Test5797" computerName="UA-LPT-OGA2" duration="00:00:00.1540000" startTime="2025-05-14T13:20:31.3146610Z" endTime="2025-05-14T13:25:31.3147553Z" testType="13cdc9d9-ddb5-4fa4-a97d-d965ccfc6d4b" outcome="Passed" testListId="8b52dc2e-501b-4929-b229-6a7c441f2708" />
    <UnitTestResult executionId="5c41f1d2-9ea9-48d4-818f-3dbe8381edd3" testId="2920fe1d-22bf-4162-9963-d5e3f6a9146d" testName="Test5798" computerName="UA-LPT-OGA2" duration="00:00:01.9990000" startTime="2025-05-14T13:20:31.3146610Z" endTime="2025-05-14T13:25:31.3147553Z" testType="13cdc9d9-ddb5-4fa4-a97d-d965ccfc6d4b" outcome="Passed" testListId="8b52dc2e-501b-4929-b229-6a7c441f2708" />
    <UnitTestResult executionId="620f4439-50b9-4f67-95b8-98f7092df741" testId="3d70f046-5915-46d8-a05c-088be9ae6fe5" testName="Test5799" computerName="UA-LPT-OGA2" duration="00:00:00.8280000" startTime="2025-05-14T13:20:31.3146610Z" endTime="2025-05-14T13:25:31.3147553Z" testType="13cdc9d9-ddb5-4fa4-a97d-d965ccfc6d4b" outcome="Failed" testListId="8b52dc2e-501b-4929-b229-6a7c441f2708">
      <Output>
        <ErrorInfo>
          <Message>Assertion failed: Expected value did not match actual value.</Message>
          <StackTrace>   at TestNamespace.TestClass.Test() in TestClass.cs:line 227</StackTrace>
        </ErrorInfo>
      </Output>
    </UnitTestResult>
    <UnitTestResult executionId="dccd1c72-a788-4f30-b286-78b24a74c0ee" testId="4e9399bb-4ca2-43f5-b4dd-a049a6aaea38" testName="Test5800" computerName="UA-LPT-OGA2" duration="00:00:01.7070000" startTime="2025-05-14T13:20:31.3146610Z" endTime="2025-05-14T13:25:31.3147553Z" testType="13cdc9d9-ddb5-4fa4-a97d-d965ccfc6d4b" outcome="Passed" testListId="8b52dc2e-501b-4929-b229-6a7c441f2708" />
  </Results>
  <TestDefinitions>
    <UnitTest name="Test5701" id="16587f3c-eb30-469e-9144-86a34c0e482e" storage="TestAssembly.dll">
      <Execution id="21b37e0d-ad33-4f24-8a26-042b8acce94a" />
      <TestMethod codeBase="TestAssembly.dll" className="TestNamespace.TestClass1" name="Test5701" />
    </UnitTest>
    <UnitTest name="Test5702" id="627dbf2e-dc82-49b4-b5df-6060bcd8f761" storage="TestAssembly.dll">
      <Execution id="df6b8cfa-db45-480f-a57c-837e07ba6bfc" />
      <TestMethod codeBase="TestAssembly.dll" className="TestNamespace.TestClass1" name="Test5702" />
    </UnitTest>
    <UnitTest name="Test5703" id="0bfd1a33-7ea7-4dd9-852f-ea2122bbed75" storage="TestAssembly.dll">
      <Execution id="a8bb353d-179f-446e-a84a-27e9ab1bfd0d" />
      <TestMethod codeBase="TestAssembly.dll" className="TestNamespace.TestClass1" name="Test5703" />
    </UnitTest>
    <UnitTest name="Test5704" id="8d6b1f3f-c348-4ad2-ad49-e29dcca0be05" storage="TestAssembly.dll">
      <Execution id="c9557190-d735-4293-a277-f7cde7975de5" />
      <TestMethod codeBase="TestAssembly.dll" className="TestNamespace.TestClass1" name="Test5704" />
    </UnitTest>
    <UnitTest name="Test5705" id="60682d45-aa3e-4ef0-9b7e-074d480755e5" storage="TestAssembly.dll">
      <Execution id="85094697-b26f-4203-a4c3-bbd98da60976" />
      <TestMethod codeBase="TestAssembly.dll" className="TestNamespace.TestClass1" name="Test5705" />
    </UnitTest>
    <UnitTest name="Test5706" id="1af943bb-e9dc-4358-93ca-330947f1d18c" storage="TestAssembly.dll">
      <Execution id="952642d2-2be0-4c97-bb08-f935c0807408" />
      <TestMethod codeBase="TestAssembly.dll" className="TestNamespace.TestClass1" name="Test5706" />
    </UnitTest>
    <UnitTest name="Test5707" id="1ee3cf9d-b6c0-45ca-8944-ef42ea34e5c2" storage="TestAssembly.dll">
      <Execution id="b75a8199-78e3-4a88-b1fc-831b9e362302" />
      <TestMethod codeBase="TestAssembly.dll" className="TestNamespace.TestClass1" name="Test5707" />
    </UnitTest>
    <UnitTest name="Test5708" id="f51a9a16-32a3-425b-b920-b215588579be" storage="TestAssembly.dll">
      <Execution id="29f932f9-0240-42ea-afd3-6042a25e7d38" />
      <TestMethod codeBase="TestAssembly.dll" className="TestNamespace.TestClass1" name="Test5708" />
    </UnitTest>
    <UnitTest name="Test5709" id="3ee3aa54-0b17-4ed1-aa19-54e38e213f73" storage="TestAssembly.dll">
      <Execution id="e28d759e-3e49-4a5b-b584-0a96c2dc9dd3" />
      <TestMethod codeBase="TestAssembly.dll" className="TestNamespace.TestClass1" name="Test5709" />
    </UnitTest>
    <UnitTest name="Test5710" id="14e2db3f-0afa-4b24-8493-a1b505705e89" storage="TestAssembly.dll">
      <Execution id="ac5e463e-3893-4d13-8f85-ff1d4fc6febb" />
      <TestMethod codeBase="TestAssembly.dll" className="TestNamespace.TestClass1" name="Test5710" />
    </UnitTest>
    <UnitTest name="Test5711" id="9a22d15d-2f16-4e80-b3ac-ff574bb19855" storage="TestAssembly.dll">
      <Execution id="3d518ddd-995f-41bd-8f44-1660246d9cc4" />
      <TestMethod codeBase="TestAssembly.dll" className="TestNamespace.TestClass2" name="Test5711" />
    </UnitTest>
    <UnitTest name="Test5712" id="0294f2fb-27b2-4519-b85f-95c35bd6e82a" storage="TestAssembly.dll">
      <Execution id="fb434a38-481e-4cc1-a57d-c7e746cf20de" />
      <TestMethod codeBase="TestAssembly.dll" className="TestNamespace.TestClass2" name="Test5712" />
    </UnitTest>
    <UnitTest name="Test5713" id="34ec03b5-1ba4-4669-aef5-764746c17725" storage="TestAssembly.dll">
      <Execution id="b0805e38-9a86-4a5f-b81f-6601d8c1573b" />
      <TestMethod codeBase="TestAssembly.dll" className="TestNamespace.TestClass2" name="Test5713" />
    </UnitTest>
    <UnitTest name="Test5714" id="716bffac-a8ce-4c5c-8b48-3ba80caa33cc" storage="TestAssembly.dll">
      <Execution id="0a5f9f93-d04d-47ef-a6e5-94483091d826" />
      <TestMethod codeBase="TestAssembly.dll" className="TestNamespace.TestClass2" name="Test5714" />
    </UnitTest>
    <UnitTest name="Test5715" id="9eee0240-d365-404b-aeb7-9e3a8cfd91dc" storage="TestAssembly.dll">
      <Execution id="c86d9979-beff-49a5-8a40-db3726c6c472" />
      <TestMethod codeBase="TestAssembly.dll" className="TestNamespace.TestClass2" name="Test5715" />
    </UnitTest>
    <UnitTest name="Test5716" id="8bc9ee30-c67e-4786-b6f7-0ab6dea8eaa5" storage="TestAssembly.dll">
      <Execution id="e2cdef0b-915e-410b-adb0-077700960369" />
      <TestMethod codeBase="TestAssembly.dll" className="TestNamespace.TestClass2" name="Test5716" />
    </UnitTest>
    <UnitTest name="Test5717" id="65d98e83-ae3d-45fe-b2dd-3e0b85db411b" storage="TestAssembly.dll">
      <Execution id="80dea622-a059-465a-8a5e-66e959d5d225" />
      <TestMethod codeBase="TestAssembly.dll" className="TestNamespace.TestClass2" name="Test5717" />
    </UnitTest>
    <UnitTest name="Test5718" id="935c113a-f943-4db9-a099-ba70be8afd1a" storage="TestAssembly.dll">
      <Execution id="8bec4783-1173-431c-bab1-65b1eb1fdc22" />
      <TestMethod codeBase="TestAssembly.dll" className="TestNamespace.TestClass2" name="Test5718" />
    </UnitTest>
    <UnitTest name="Test5719" id="149a405e-1219-48a9-a88c-79f7dedec1f8" storage="TestAssembly.dll">
      <Execution id="70d87ed5-d854-4645-b049-eb1b37819f62" />
      <TestMethod codeBase="TestAssembly.dll" className="TestNamespace.TestClass2" name="Test5719" />
    </UnitTest>
    <UnitTest name="Test5720" id="3b2ea46a-6e20-4cb6-b1ba-7b57e40489c1" storage="TestAssembly.dll">
      <Execution id="bd562f7d-5919-4be0-b534-275029418d84" />
      <TestMethod codeBase="TestAssembly.dll" className="TestNamespace.TestClass2" name="Test5720" />
    </UnitTest>
    <UnitTest name="Test5721" id="c71b6439-4488-4e5f-b641-f00d5be68730" storage="TestAssembly.dll">
      <Execution id="412c5e8d-cef8-452a-b653-23b63ca42da1" />
      <TestMethod codeBase="TestAssembly.dll" className="TestNamespace.TestClass3" name="Test5721" />
    </UnitTest>
    <UnitTest name="Test5722" id="f5b7bab3-3004-4bd3-8b66-ae2550817531" storage="TestAssembly.dll">
      <Execution id="5bc77269-feba-4d17-b01d-d09a996048a6" />
      <TestMethod codeBase="TestAssembly.dll" className="TestNamespace.TestClass3" name="Test5722" />
    </UnitTest>
    <UnitTest name="Test5723" id="371fbd79-ff69-4d48-bc3b-37b6f68f73fa" storage="TestAssembly.dll">
      <Execution id="b8210857-056b-4fbe-92e2-443edb525ad9" />
      <TestMethod codeBase="TestAssembly.dll" className="TestNamespace.TestClass3" name="Test5723" />
    </UnitTest>
    <UnitTest name="Test5724" id="66ce3a02-ffcc-4833-a7aa-928048972e5d" storage="TestAssembly.dll">
      <Execution id="4bfeb9ac-f9cd-423a-af11-35a6e1f0732c" />
      <TestMethod codeBase="TestAssembly.dll" className="TestNamespace.TestClass3" name="Test5724" />
    </UnitTest>
    <UnitTest name="Test5725" id="71cbd834-e89c-420a-bf30-97fb012ac922" storage="TestAssembly.dll">
      <Execution id="29213dd3-2dae-4473-8f17-3726b3ef2da3" />
      <TestMethod codeBase="TestAssembly.dll" className="TestNamespace.TestClass3" name="Test5725" />
    </UnitTest>
    <UnitTest name="Test5726" id="94fd42b5-4cc3-4583-b9ea-fe1219878a04" storage="TestAssembly.dll">
      <Execution id="01fe4400-cb42-4fb9-9fd5-ae774c5b3d80" />
      <TestMethod codeBase="TestAssembly.dll" className="TestNamespace.TestClass3" name="Test5726" />
    </UnitTest>
    <UnitTest name="Test5727" id="39ba3284-d0be-4907-be67-46ecedfb0313" storage="TestAssembly.dll">
      <Execution id="f290b36a-f480-4639-8bd9-d613536cb0c5" />
      <TestMethod codeBase="TestAssembly.dll" className="TestNamespace.TestClass3" name="Test5727" />
    </UnitTest>
    <UnitTest name="Test5728" id="ae37961c-b471-4fe8-b6fb-e506f6f9c925" storage="TestAssembly.dll">
      <Execution id="c734b6d0-9672-40e6-9ca3-6d5658bc0fcd" />
      <TestMethod codeBase="TestAssembly.dll" className="TestNamespace.TestClass3" name="Test5728" />
    </UnitTest>
    <UnitTest name="Test5729" id="58d9f2df-1900-4478-bccd-e80c249ef1ac" storage="TestAssembly.dll">
      <Execution id="f0ba3e30-bc0b-4925-9e8a-67a67d8794b0" />
      <TestMethod codeBase="TestAssembly.dll" className="TestNamespace.TestClass3" name="Test5729" />
    </UnitTest>
    <UnitTest name="Test5730" id="a4fb6aac-3e22-4d8f-b223-23cdbccf9104" storage="TestAssembly.dll">
      <Execution id="e44a149d-6ab3-4105-9250-cf5f5749f223" />
      <TestMethod codeBase="TestAssembly.dll" className="TestNamespace.TestClass3" name="Test5730" />
    </UnitTest>
    <UnitTest name="Test5731" id="a27e449a-98c7-4ede-a52e-ce74d80d0831" storage="TestAssembly.dll">
      <Execution id="ccaf5ab8-09f9-49a6-b971-5923efea1384" />
      <TestMethod codeBase="TestAssembly.dll" className="TestNamespace.TestClass4" name="Test5731" />
    </UnitTest>
    <UnitTest name="Test5732" id="c6ac6220-17ee-4d79-9672-14d5e2a66ca7" storage="TestAssembly.dll">
      <Execution id="500bb4f9-b01a-4b94-85a3-a738e2831bd6" />
      <TestMethod codeBase="TestAssembly.dll" className="TestNamespace.TestClass4" name="Test5732" />
    </UnitTest>
    <UnitTest name="Test5733" id="571d85af-3f57-4860-ba04-0f25f7d25612" storage="TestAssembly.dll">
      <Execution id="4c80bcbb-8aa3-46e3-b6c1-c1e510c7a5be" />
      <TestMethod codeBase="TestAssembly.dll" className="TestNamespace.TestClass4" name="Test5733" />
    </UnitTest>
    <UnitTest name="Test5734" id="ef837178-9024-42cf-b54a-4342465c1722" storage="TestAssembly.dll">
      <Execution id="51ac330a-b6ab-46b1-aa5a-3f067e8b4d37" />
      <TestMethod codeBase="TestAssembly.dll" className="TestNamespace.TestClass4" name="Test5734" />
    </UnitTest>
    <UnitTest name="Test5735" id="140dc5e1-ddf5-45fa-8cb5-e7865a2f47bd" storage="TestAssembly.dll">
      <Execution id="37833416-289d-4879-8abd-81df5685d03b" />
      <TestMethod codeBase="TestAssembly.dll" className="TestNamespace.TestClass4" name="Test5735" />
    </UnitTest>
    <UnitTest name="Test5736" id="3f95f6b6-8920-4d04-acda-d92b6b53f338" storage="TestAssembly.dll">
      <Execution id="d7920338-e7c5-42b7-899b-a685f84d2cd0" />
      <TestMethod codeBase="TestAssembly.dll" className="TestNamespace.TestClass4" name="Test5736" />
    </UnitTest>
    <UnitTest name="Test5737" id="be7f4804-6ba1-4af1-9dbe-f9a0482378d4" storage="TestAssembly.dll">
      <Execution id="06b6cf85-ae56-4553-b5c7-5e2a5750d2db" />
      <TestMethod codeBase="TestAssembly.dll" className="TestNamespace.TestClass4" name="Test5737" />
    </UnitTest>
    <UnitTest name="Test5738" id="7e9e669f-5f13-4d44-9e29-6ae9f6287c94" storage="TestAssembly.dll">
      <Execution id="891dfd5c-0007-4145-90f5-b35ccf67083c" />
      <TestMethod codeBase="TestAssembly.dll" className="TestNamespace.TestClass4" name="Test5738" />
    </UnitTest>
    <UnitTest name="Test5739" id="9aaf15df-c3e0-4a06-85eb-12682398634e" storage="TestAssembly.dll">
      <Execution id="3d33103a-af69-4ce8-9ad6-5e7d2fd5b6ae" />
      <TestMethod codeBase="TestAssembly.dll" className="TestNamespace.TestClass4" name="Test5739" />
    </UnitTest>
    <UnitTest name="Test5740" id="79d72170-29d0-4546-be65-9a3642a6db78" storage="TestAssembly.dll">
      <Execution id="69ce2c1c-a372-4d1e-a6ef-b37dd0d3e92a" />
      <TestMethod codeBase="TestAssembly.dll" className="TestNamespace.TestClass4" name="Test5740" />
    </UnitTest>
    <UnitTest name="Test5741" id="c41b437d-13d4-45ce-9544-11a15ee43b1d" storage="TestAssembly.dll">
      <Execution id="35ca702e-95cd-42b7-8e93-d4ce2615c8aa" />
      <TestMethod codeBase="TestAssembly.dll" className="TestNamespace.TestClass5" name="Test5741" />
    </UnitTest>
    <UnitTest name="Test5742" id="2abfc0c2-0382-45be-87a6-1c325ad69ba0" storage="TestAssembly.dll">
      <Execution id="24c85262-51cc-4f55-8884-372a11dbe061" />
      <TestMethod codeBase="TestAssembly.dll" className="TestNamespace.TestClass5" name="Test5742" />
    </UnitTest>
    <UnitTest name="Test5743" id="56c5ac0b-04b7-4d0e-917c-8818d2fb2fc1" storage="TestAssembly.dll">
      <Execution id="f0ae2206-360d-4912-93a7-c9a21fefe36f" />
      <TestMethod codeBase="TestAssembly.dll" className="TestNamespace.TestClass5" name="Test5743" />
    </UnitTest>
    <UnitTest name="Test5744" id="4d13991e-455d-48ab-9442-fd389b20b951" storage="TestAssembly.dll">
      <Execution id="a7bebbbc-c1ce-4b9c-ae04-cf9931db9b25" />
      <TestMethod codeBase="TestAssembly.dll" className="TestNamespace.TestClass5" name="Test5744" />
    </UnitTest>
    <UnitTest name="Test5745" id="56d7bd4f-7247-4fa6-9f2f-f281b08a8e7a" storage="TestAssembly.dll">
      <Execution id="15047ac6-f229-4003-886a-eb94fe372514" />
      <TestMethod codeBase="TestAssembly.dll" className="TestNamespace.TestClass5" name="Test5745" />
    </UnitTest>
    <UnitTest name="Test5746" id="01d8ad85-09e8-4000-8888-be6e8d7d47af" storage="TestAssembly.dll">
      <Execution id="72893da3-f20c-4f07-800e-c043ac03ad0b" />
      <TestMethod codeBase="TestAssembly.dll" className="TestNamespace.TestClass5" name="Test5746" />
    </UnitTest>
    <UnitTest name="Test5747" id="84312678-8cc1-4251-86a8-d44ccf8e0fee" storage="TestAssembly.dll">
      <Execution id="c7a6ca62-6f6a-4c9a-9545-eff8e2c192ec" />
      <TestMethod codeBase="TestAssembly.dll" className="TestNamespace.TestClass5" name="Test5747" />
    </UnitTest>
    <UnitTest name="Test5748" id="c351d0b5-0a9d-49ea-b0e9-08e0147481be" storage="TestAssembly.dll">
      <Execution id="88f9388b-5157-4e9b-a1cb-cd134eb25943" />
      <TestMethod codeBase="TestAssembly.dll" className="TestNamespace.TestClass5" name="Test5748" />
    </UnitTest>
    <UnitTest name="Test5749" id="471af573-2b3b-4770-acaf-9a5d974d0bf0" storage="TestAssembly.dll">
      <Execution id="28f7afac-274b-4fbe-8e4e-2f6110de9cf0" />
      <TestMethod codeBase="TestAssembly.dll" className="TestNamespace.TestClass5" name="Test5749" />
    </UnitTest>
    <UnitTest name="Test5750" id="ade1be5d-f7e8-4ad2-a5ab-c5be000645c5" storage="TestAssembly.dll">
      <Execution id="c6e346a5-fab6-4c9c-b4e3-f8fc6ffe4631" />
      <TestMethod codeBase="TestAssembly.dll" className="TestNamespace.TestClass5" name="Test5750" />
    </UnitTest>
    <UnitTest name="Test5751" id="62ba8166-b4e2-4f5d-b870-27d8e800c0fb" storage="TestAssembly.dll">
      <Execution id="54bf43e6-f8e8-48ab-94b5-f730545a2de2" />
      <TestMethod codeBase="TestAssembly.dll" className="TestNamespace.TestClass6" name="Test5751" />
    </UnitTest>
    <UnitTest name="Test5752" id="73c5a045-49d9-457e-961a-3c65466db32c" storage="TestAssembly.dll">
      <Execution id="c29b72f9-904d-4d89-a392-8a17d5cd34db" />
      <TestMethod codeBase="TestAssembly.dll" className="TestNamespace.TestClass6" name="Test5752" />
    </UnitTest>
    <UnitTest name="Test5753" id="50aebe56-050b-4260-9ede-bce190fe8874" storage="TestAssembly.dll">
      <Execution id="77b02d75-ff83-4c4d-91cd-a27cc0fab122" />
      <TestMethod codeBase="TestAssembly.dll" className="TestNamespace.TestClass6" name="Test5753" />
    </UnitTest>
    <UnitTest name="Test5754" id="0ac20403-96e6-441d-91bd-3f910ac88791" storage="TestAssembly.dll">
      <Execution id="5c0482f5-ace6-4501-a27f-a8d074704238" />
      <TestMethod codeBase="TestAssembly.dll" className="TestNamespace.TestClass6" name="Test5754" />
    </UnitTest>
    <UnitTest name="Test5755" id="f4fc6a84-15ce-4a27-a5b0-1c739df19b56" storage="TestAssembly.dll">
      <Execution id="126326a9-64bc-4b52-90c5-802488d77343" />
      <TestMethod codeBase="TestAssembly.dll" className="TestNamespace.TestClass6" name="Test5755" />
    </UnitTest>
    <UnitTest name="Test5756" id="25dba510-62d3-4a43-941c-f4707fe58c60" storage="TestAssembly.dll">
      <Execution id="22bcf24c-8c71-45cd-9ab4-2facd11bd034" />
      <TestMethod codeBase="TestAssembly.dll" className="TestNamespace.TestClass6" name="Test5756" />
    </UnitTest>
    <UnitTest name="Test5757" id="57edb441-b8d2-4861-9b43-b2d11c34c947" storage="TestAssembly.dll">
      <Execution id="e786877b-5455-4657-9e5f-38242886a5c3" />
      <TestMethod codeBase="TestAssembly.dll" className="TestNamespace.TestClass6" name="Test5757" />
    </UnitTest>
    <UnitTest name="Test5758" id="7138c5db-631a-494f-abe4-2f5238598e03" storage="TestAssembly.dll">
      <Execution id="9f4d78cb-f4d5-4ea1-9a6c-d8b4eaa3d32b" />
      <TestMethod codeBase="TestAssembly.dll" className="TestNamespace.TestClass6" name="Test5758" />
    </UnitTest>
    <UnitTest name="Test5759" id="781fe0db-748c-4ad0-99d4-26dc88b6a0f8" storage="TestAssembly.dll">
      <Execution id="7e34ef48-7028-421e-a3f9-fce609f82dd3" />
      <TestMethod codeBase="TestAssembly.dll" className="TestNamespace.TestClass6" name="Test5759" />
    </UnitTest>
    <UnitTest name="Test5760" id="f60967ce-1f16-4005-868b-9b05cc0cddbe" storage="TestAssembly.dll">
      <Execution id="1aca6fbd-6de3-4f40-9eea-b74d9301fd64" />
      <TestMethod codeBase="TestAssembly.dll" className="TestNamespace.TestClass6" name="Test5760" />
    </UnitTest>
    <UnitTest name="Test5761" id="f4b5a4b0-ff70-41c2-a747-86e91bcf6644" storage="TestAssembly.dll">
      <Execution id="a99fe6b3-c6ef-45ee-82e8-477e01b350d5" />
      <TestMethod codeBase="TestAssembly.dll" className="TestNamespace.TestClass7" name="Test5761" />
    </UnitTest>
    <UnitTest name="Test5762" id="944302c7-58bb-480b-9175-0daddf2a4ee2" storage="TestAssembly.dll">
      <Execution id="51eea4f4-3c23-4fc5-a12e-a8a7171a7c55" />
      <TestMethod codeBase="TestAssembly.dll" className="TestNamespace.TestClass7" name="Test5762" />
    </UnitTest>
    <UnitTest name="Test5763" id="800d31b6-f2da-43bc-81bb-8d0d4950f7b3" storage="TestAssembly.dll">
      <Execution id="df57e9cb-fef0-484a-9b35-417cf8d967cd" />
      <TestMethod codeBase="TestAssembly.dll" className="TestNamespace.TestClass7" name="Test5763" />
    </UnitTest>
    <UnitTest name="Test5764" id="405970b4-28ec-4a3a-88f9-11d79085faa8" storage="TestAssembly.dll">
      <Execution id="5f64d0c7-dc1a-41ea-9394-c1bbbe706963" />
      <TestMethod codeBase="TestAssembly.dll" className="TestNamespace.TestClass7" name="Test5764" />
    </UnitTest>
    <UnitTest name="Test5765" id="7ab703c1-5e22-4b42-af86-8436d2715ce8" storage="TestAssembly.dll">
      <Execution id="a092efe9-1c19-4d1b-aa74-5489c6147b79" />
      <TestMethod codeBase="TestAssembly.dll" className="TestNamespace.TestClass7" name="Test5765" />
    </UnitTest>
    <UnitTest name="Test5766" id="99916931-183f-459c-9ea0-6c9fc00133fc" storage="TestAssembly.dll">
      <Execution id="3bcc0f18-059a-47f1-9420-98ffc97af42e" />
      <TestMethod codeBase="TestAssembly.dll" className="TestNamespace.TestClass7" name="Test5766" />
    </UnitTest>
    <UnitTest name="Test5767" id="b1227372-eba3-4d86-85e6-945bcb416a32" storage="TestAssembly.dll">
      <Execution id="2976c621-cb26-4263-9125-227628af152f" />
      <TestMethod codeBase="TestAssembly.dll" className="TestNamespace.TestClass7" name="Test5767" />
    </UnitTest>
    <UnitTest name="Test5768" id="196107ea-8bb1-445b-ab2e-b27a59bf28b5" storage="TestAssembly.dll">
      <Execution id="cdfedbbe-27e5-4ea6-badd-1333b2416bff" />
      <TestMethod codeBase="TestAssembly.dll" className="TestNamespace.TestClass7" name="Test5768" />
    </UnitTest>
    <UnitTest name="Test5769" id="7520ec7b-2613-4e76-ad2a-e57cbc3374e7" storage="TestAssembly.dll">
      <Execution id="e83e28e7-e5cd-45a3-a933-d33292d93e7e" />
      <TestMethod codeBase="TestAssembly.dll" className="TestNamespace.TestClass7" name="Test5769" />
    </UnitTest>
    <UnitTest name="Test5770" id="98f93b57-9bf0-465e-a26f-060100b22c57" storage="TestAssembly.dll">
      <Execution id="bab7ff91-faec-4c2f-a301-1dd672099364" />
      <TestMethod codeBase="TestAssembly.dll" className="TestNamespace.TestClass7" name="Test5770" />
    </UnitTest>
    <UnitTest name="Test5771" id="482e9ea8-55c0-46de-bd22-3a57db47535d" storage="TestAssembly.dll">
      <Execution id="78bab2ea-4226-4ef4-a9f2-a82b6c0ea982" />
      <TestMethod codeBase="TestAssembly.dll" className="TestNamespace.TestClass8" name="Test5771" />
    </UnitTest>
    <UnitTest name="Test5772" id="50417226-2f97-4db8-8eaa-1b8dcff10bac" storage="TestAssembly.dll">
      <Execution id="6e565069-c2d2-4f9d-85f5-6c90c2b2f80c" />
      <TestMethod codeBase="TestAssembly.dll" className="TestNamespace.TestClass8" name="Test5772" />
    </UnitTest>
    <UnitTest name="Test5773" id="8b28ece8-9a7b-40f7-8d3a-b812c1c3bd1a" storage="TestAssembly.dll">
      <Execution id="01c71e5d-20cb-4889-8bb8-167faa66b9ca" />
      <TestMethod codeBase="TestAssembly.dll" className="TestNamespace.TestClass8" name="Test5773" />
    </UnitTest>
    <UnitTest name="Test5774" id="53daf36b-13e9-43d2-b6e1-646d80f0e21d" storage="TestAssembly.dll">
      <Execution id="e2734db9-9028-4ce3-8662-d69575c0efdc" />
      <TestMethod codeBase="TestAssembly.dll" className="TestNamespace.TestClass8" name="Test5774" />
    </UnitTest>
    <UnitTest name="Test5775" id="b19328bf-eaa5-4ac1-9cd8-46ae30b69d71" storage="TestAssembly.dll">
      <Execution id="7eac6641-db0d-4406-b3bb-69498bdb2122" />
      <TestMethod codeBase="TestAssembly.dll" className="TestNamespace.TestClass8" name="Test5775" />
    </UnitTest>
    <UnitTest name="Test5776" id="d7cc3b93-653c-4cd7-b0bb-0c5a4222de7c" storage="TestAssembly.dll">
      <Execution id="ba866c85-320b-45f5-8f69-0ac3a4395891" />
      <TestMethod codeBase="TestAssembly.dll" className="TestNamespace.TestClass8" name="Test5776" />
    </UnitTest>
    <UnitTest name="Test5777" id="7a6646af-72ea-4398-a697-11242fbc18dc" storage="TestAssembly.dll">
      <Execution id="39b4291d-baf1-4ce0-a3ae-16eaf26ea3c1" />
      <TestMethod codeBase="TestAssembly.dll" className="TestNamespace.TestClass8" name="Test5777" />
    </UnitTest>
    <UnitTest name="Test5778" id="c996b323-c6d6-4411-bc31-1c72d1a90e59" storage="TestAssembly.dll">
      <Execution id="3b1fa713-d719-4e7c-bb07-bfe4d79113dd" />
      <TestMethod codeBase="TestAssembly.dll" className="TestNamespace.TestClass8" name="Test5778" />
    </UnitTest>
    <UnitTest name="Test5779" id="03e5bf0f-19f7-4c1c-85df-98f75b22b280" storage="TestAssembly.dll">
      <Execution id="e34c7172-0244-47af-8e00-6fccdd94a005" />
      <TestMethod codeBase="TestAssembly.dll" className="TestNamespace.TestClass8" name="Test5779" />
    </UnitTest>
    <UnitTest name="Test5780" id="c726f769-3144-449d-9940-2ac0cef4c7b2" storage="TestAssembly.dll">
      <Execution id="02c4871b-f91e-45ef-8794-273ad043e366" />
      <TestMethod codeBase="TestAssembly.dll" className="TestNamespace.TestClass8" name="Test5780" />
    </UnitTest>
    <UnitTest name="Test5781" id="481faaec-0c31-4391-8bed-8269e7d98a84" storage="TestAssembly.dll">
      <Execution id="80a649f0-4622-46c2-8dee-10b4fadebaba" />
      <TestMethod codeBase="TestAssembly.dll" className="TestNamespace.TestClass9" name="Test5781" />
    </UnitTest>
    <UnitTest name="Test5782" id="b4e4da29-7d81-4886-87cc-7b947ac1176b" storage="TestAssembly.dll">
      <Execution id="3df19e63-a6e8-4ac7-9198-d37708e32d22" />
      <TestMethod codeBase="TestAssembly.dll" className="TestNamespace.TestClass9" name="Test5782" />
    </UnitTest>
    <UnitTest name="Test5783" id="14018a21-5f45-46e0-8508-da6f8f4f5a73" storage="TestAssembly.dll">
      <Execution id="b238b183-ae32-4292-a4e5-fdc77e118b8e" />
      <TestMethod codeBase="TestAssembly.dll" className="TestNamespace.TestClass9" name="Test5783" />
    </UnitTest>
    <UnitTest name="Test5784" id="0ae242c5-9ccc-4b13-8a3c-9248626e8bd6" storage="TestAssembly.dll">
      <Execution id="422b69a5-ad79-407f-90a2-ebd4cc3b76dc" />
      <TestMethod codeBase="TestAssembly.dll" className="TestNamespace.TestClass9" name="Test5784" />
    </UnitTest>
    <UnitTest name="Test5785" id="c066e414-ddc4-43ca-9ab2-1b2f52192cd1" storage="TestAssembly.dll">
      <Execution id="04a66948-ea41-4499-b460-9f1d66820c61" />
      <TestMethod codeBase="TestAssembly.dll" className="TestNamespace.TestClass9" name="Test5785" />
    </UnitTest>
    <UnitTest name="Test5786" id="941cd02a-d341-46c7-88a9-1649f2bc43f2" storage="TestAssembly.dll">
      <Execution id="6cb87489-efad-4b40-ab74-cb0972ccc3b6" />
      <TestMethod codeBase="TestAssembly.dll" className="TestNamespace.TestClass9" name="Test5786" />
    </UnitTest>
    <UnitTest name="Test5787" id="708ecb88-c6e4-4ae0-8af5-42f336d55d93" storage="TestAssembly.dll">
      <Execution id="f0c9f350-1b69-4178-863d-26ef077925f0" />
      <TestMethod codeBase="TestAssembly.dll" className="TestNamespace.TestClass9" name="Test5787" />
    </UnitTest>
    <UnitTest name="Test5788" id="384f448a-ad96-48ad-9ee9-26d0dd1c1e98" storage="TestAssembly.dll">
      <Execution id="57113376-7830-473b-9e10-ef2cd44c0e41" />
      <TestMethod codeBase="TestAssembly.dll" className="TestNamespace.TestClass9" name="Test5788" />
    </UnitTest>
    <UnitTest name="Test5789" id="c7017bc1-2632-419c-b000-3b68b47d4fb1" storage="TestAssembly.dll">
      <Execution id="40b61342-2978-4280-9294-67bda9c89261" />
      <TestMethod codeBase="TestAssembly.dll" className="TestNamespace.TestClass9" name="Test5789" />
    </UnitTest>
    <UnitTest name="Test5790" id="b2bf0129-9b99-42a3-9439-e834a2692dba" storage="TestAssembly.dll">
      <Execution id="244d1055-11f3-48c6-97be-ddd8125b77ce" />
      <TestMethod codeBase="TestAssembly.dll" className="TestNamespace.TestClass9" name="Test5790" />
    </UnitTest>
    <UnitTest name="Test5791" id="ead959df-2e9b-4424-a14e-a578cfe485d7" storage="TestAssembly.dll">
      <Execution id="9afae8c5-6aca-4f1d-b8ec-b9d3efdcaf80" />
      <TestMethod codeBase="TestAssembly.dll" className="TestNamespace.TestClass10" name="Test5791" />
    </UnitTest>
    <UnitTest name="Test5792" id="c9fa49b2-1b16-44e5-907b-a8ead356b62a" storage="TestAssembly.dll">
      <Execution id="ed741323-b4da-41f4-8615-8f496c483432" />
      <TestMethod codeBase="TestAssembly.dll" className="TestNamespace.TestClass10" name="Test5792" />
    </UnitTest>
    <UnitTest name="Test5793" id="fa594e2c-9acc-4e9a-834f-f738b3fdcf8b" storage="TestAssembly.dll">
      <Execution id="bd81f059-f9c2-4b72-a840-96d6ef6b4878" />
      <TestMethod codeBase="TestAssembly.dll" className="TestNamespace.TestClass10" name="Test5793" />
    </UnitTest>
    <UnitTest name="Test5794" id="2ebff900-90ad-458a-9157-5485f69cbdef" storage="TestAssembly.dll">
      <Execution id="ff27ba95-30c9-4541-a895-7202cb22e590" />
      <TestMethod codeBase="TestAssembly.dll" className="TestNamespace.TestClass10" name="Test5794" />
    </UnitTest>
    <UnitTest name="Test5795" id="7e601771-5b8e-40aa-86d5-563bca1b5e33" storage="TestAssembly.dll">
      <Execution id="d8115cb2-dce2-4b67-ac3e-e1172b5d778e" />
      <TestMethod codeBase="TestAssembly.dll" className="TestNamespace.TestClass10" name="Test5795" />
    </UnitTest>
    <UnitTest name="Test5796" id="ad37729e-fad3-4830-9b09-a36ecdb94983" storage="TestAssembly.dll">
      <Execution id="c6affa06-a367-489c-b7f5-e0d2047624f5" />
      <TestMethod codeBase="TestAssembly.dll" className="TestNamespace.TestClass10" name="Test5796" />
    </UnitTest>
    <UnitTest name="Test5797" id="91495683-a23f-475c-b435-b792fbf510d4" storage="TestAssembly.dll">
      <Execution id="6f843d1f-67e5-4c61-836e-1b2ca7e79b7d" />
      <TestMethod codeBase="TestAssembly.dll" className="TestNamespace.TestClass10" name="Test5797" />
    </UnitTest>
    <UnitTest name="Test5798" id="2920fe1d-22bf-4162-9963-d5e3f6a9146d" storage="TestAssembly.dll">
      <Execution id="5c41f1d2-9ea9-48d4-818f-3dbe8381edd3" />
      <TestMethod codeBase="TestAssembly.dll" className="TestNamespace.TestClass10" name="Test5798" />
    </UnitTest>
    <UnitTest name="Test5799" id="3d70f046-5915-46d8-a05c-088be9ae6fe5" storage="TestAssembly.dll">
      <Execution id="620f4439-50b9-4f67-95b8-98f7092df741" />
      <TestMethod codeBase="TestAssembly.dll" className="TestNamespace.TestClass10" name="Test5799" />
    </UnitTest>
    <UnitTest name="Test5800" id="4e9399bb-4ca2-43f5-b4dd-a049a6aaea38" storage="TestAssembly.dll">
      <Execution id="dccd1c72-a788-4f30-b286-78b24a74c0ee" />
      <TestMethod codeBase="TestAssembly.dll" className="TestNamespace.TestClass10" name="Test5800" />
    </UnitTest>
  </TestDefinitions>
  <TestEntries>
    <TestEntry testId="16587f3c-eb30-469e-9144-86a34c0e482e" executionId="21b37e0d-ad33-4f24-8a26-042b8acce94a" testListId="8b52dc2e-501b-4929-b229-6a7c441f2708" />
    <TestEntry testId="627dbf2e-dc82-49b4-b5df-6060bcd8f761" executionId="df6b8cfa-db45-480f-a57c-837e07ba6bfc" testListId="8b52dc2e-501b-4929-b229-6a7c441f2708" />
    <TestEntry testId="0bfd1a33-7ea7-4dd9-852f-ea2122bbed75" executionId="a8bb353d-179f-446e-a84a-27e9ab1bfd0d" testListId="8b52dc2e-501b-4929-b229-6a7c441f2708" />
    <TestEntry testId="8d6b1f3f-c348-4ad2-ad49-e29dcca0be05" executionId="c9557190-d735-4293-a277-f7cde7975de5" testListId="8b52dc2e-501b-4929-b229-6a7c441f2708" />
    <TestEntry testId="60682d45-aa3e-4ef0-9b7e-074d480755e5" executionId="85094697-b26f-4203-a4c3-bbd98da60976" testListId="8b52dc2e-501b-4929-b229-6a7c441f2708" />
    <TestEntry testId="1af943bb-e9dc-4358-93ca-330947f1d18c" executionId="952642d2-2be0-4c97-bb08-f935c0807408" testListId="8b52dc2e-501b-4929-b229-6a7c441f2708" />
    <TestEntry testId="1ee3cf9d-b6c0-45ca-8944-ef42ea34e5c2" executionId="b75a8199-78e3-4a88-b1fc-831b9e362302" testListId="8b52dc2e-501b-4929-b229-6a7c441f2708" />
    <TestEntry testId="f51a9a16-32a3-425b-b920-b215588579be" executionId="29f932f9-0240-42ea-afd3-6042a25e7d38" testListId="8b52dc2e-501b-4929-b229-6a7c441f2708" />
    <TestEntry testId="3ee3aa54-0b17-4ed1-aa19-54e38e213f73" executionId="e28d759e-3e49-4a5b-b584-0a96c2dc9dd3" testListId="8b52dc2e-501b-4929-b229-6a7c441f2708" />
    <TestEntry testId="14e2db3f-0afa-4b24-8493-a1b505705e89" executionId="ac5e463e-3893-4d13-8f85-ff1d4fc6febb" testListId="8b52dc2e-501b-4929-b229-6a7c441f2708" />
    <TestEntry testId="9a22d15d-2f16-4e80-b3ac-ff574bb19855" executionId="3d518ddd-995f-41bd-8f44-1660246d9cc4" testListId="8b52dc2e-501b-4929-b229-6a7c441f2708" />
    <TestEntry testId="0294f2fb-27b2-4519-b85f-95c35bd6e82a" executionId="fb434a38-481e-4cc1-a57d-c7e746cf20de" testListId="8b52dc2e-501b-4929-b229-6a7c441f2708" />
    <TestEntry testId="34ec03b5-1ba4-4669-aef5-764746c17725" executionId="b0805e38-9a86-4a5f-b81f-6601d8c1573b" testListId="8b52dc2e-501b-4929-b229-6a7c441f2708" />
    <TestEntry testId="716bffac-a8ce-4c5c-8b48-3ba80caa33cc" executionId="0a5f9f93-d04d-47ef-a6e5-94483091d826" testListId="8b52dc2e-501b-4929-b229-6a7c441f2708" />
    <TestEntry testId="9eee0240-d365-404b-aeb7-9e3a8cfd91dc" executionId="c86d9979-beff-49a5-8a40-db3726c6c472" testListId="8b52dc2e-501b-4929-b229-6a7c441f2708" />
    <TestEntry testId="8bc9ee30-c67e-4786-b6f7-0ab6dea8eaa5" executionId="e2cdef0b-915e-410b-adb0-077700960369" testListId="8b52dc2e-501b-4929-b229-6a7c441f2708" />
    <TestEntry testId="65d98e83-ae3d-45fe-b2dd-3e0b85db411b" executionId="80dea622-a059-465a-8a5e-66e959d5d225" testListId="8b52dc2e-501b-4929-b229-6a7c441f2708" />
    <TestEntry testId="935c113a-f943-4db9-a099-ba70be8afd1a" executionId="8bec4783-1173-431c-bab1-65b1eb1fdc22" testListId="8b52dc2e-501b-4929-b229-6a7c441f2708" />
    <TestEntry testId="149a405e-1219-48a9-a88c-79f7dedec1f8" executionId="70d87ed5-d854-4645-b049-eb1b37819f62" testListId="8b52dc2e-501b-4929-b229-6a7c441f2708" />
    <TestEntry testId="3b2ea46a-6e20-4cb6-b1ba-7b57e40489c1" executionId="bd562f7d-5919-4be0-b534-275029418d84" testListId="8b52dc2e-501b-4929-b229-6a7c441f2708" />
    <TestEntry testId="c71b6439-4488-4e5f-b641-f00d5be68730" executionId="412c5e8d-cef8-452a-b653-23b63ca42da1" testListId="8b52dc2e-501b-4929-b229-6a7c441f2708" />
    <TestEntry testId="f5b7bab3-3004-4bd3-8b66-ae2550817531" executionId="5bc77269-feba-4d17-b01d-d09a996048a6" testListId="8b52dc2e-501b-4929-b229-6a7c441f2708" />
    <TestEntry testId="371fbd79-ff69-4d48-bc3b-37b6f68f73fa" executionId="b8210857-056b-4fbe-92e2-443edb525ad9" testListId="8b52dc2e-501b-4929-b229-6a7c441f2708" />
    <TestEntry testId="66ce3a02-ffcc-4833-a7aa-928048972e5d" executionId="4bfeb9ac-f9cd-423a-af11-35a6e1f0732c" testListId="8b52dc2e-501b-4929-b229-6a7c441f2708" />
    <TestEntry testId="71cbd834-e89c-420a-bf30-97fb012ac922" executionId="29213dd3-2dae-4473-8f17-3726b3ef2da3" testListId="8b52dc2e-501b-4929-b229-6a7c441f2708" />
    <TestEntry testId="94fd42b5-4cc3-4583-b9ea-fe1219878a04" executionId="01fe4400-cb42-4fb9-9fd5-ae774c5b3d80" testListId="8b52dc2e-501b-4929-b229-6a7c441f2708" />
    <TestEntry testId="39ba3284-d0be-4907-be67-46ecedfb0313" executionId="f290b36a-f480-4639-8bd9-d613536cb0c5" testListId="8b52dc2e-501b-4929-b229-6a7c441f2708" />
    <TestEntry testId="ae37961c-b471-4fe8-b6fb-e506f6f9c925" executionId="c734b6d0-9672-40e6-9ca3-6d5658bc0fcd" testListId="8b52dc2e-501b-4929-b229-6a7c441f2708" />
    <TestEntry testId="58d9f2df-1900-4478-bccd-e80c249ef1ac" executionId="f0ba3e30-bc0b-4925-9e8a-67a67d8794b0" testListId="8b52dc2e-501b-4929-b229-6a7c441f2708" />
    <TestEntry testId="a4fb6aac-3e22-4d8f-b223-23cdbccf9104" executionId="e44a149d-6ab3-4105-9250-cf5f5749f223" testListId="8b52dc2e-501b-4929-b229-6a7c441f2708" />
    <TestEntry testId="a27e449a-98c7-4ede-a52e-ce74d80d0831" executionId="ccaf5ab8-09f9-49a6-b971-5923efea1384" testListId="8b52dc2e-501b-4929-b229-6a7c441f2708" />
    <TestEntry testId="c6ac6220-17ee-4d79-9672-14d5e2a66ca7" executionId="500bb4f9-b01a-4b94-85a3-a738e2831bd6" testListId="8b52dc2e-501b-4929-b229-6a7c441f2708" />
    <TestEntry testId="571d85af-3f57-4860-ba04-0f25f7d25612" executionId="4c80bcbb-8aa3-46e3-b6c1-c1e510c7a5be" testListId="8b52dc2e-501b-4929-b229-6a7c441f2708" />
    <TestEntry testId="ef837178-9024-42cf-b54a-4342465c1722" executionId="51ac330a-b6ab-46b1-aa5a-3f067e8b4d37" testListId="8b52dc2e-501b-4929-b229-6a7c441f2708" />
    <TestEntry testId="140dc5e1-ddf5-45fa-8cb5-e7865a2f47bd" executionId="37833416-289d-4879-8abd-81df5685d03b" testListId="8b52dc2e-501b-4929-b229-6a7c441f2708" />
    <TestEntry testId="3f95f6b6-8920-4d04-acda-d92b6b53f338" executionId="d7920338-e7c5-42b7-899b-a685f84d2cd0" testListId="8b52dc2e-501b-4929-b229-6a7c441f2708" />
    <TestEntry testId="be7f4804-6ba1-4af1-9dbe-f9a0482378d4" executionId="06b6cf85-ae56-4553-b5c7-5e2a5750d2db" testListId="8b52dc2e-501b-4929-b229-6a7c441f2708" />
    <TestEntry testId="7e9e669f-5f13-4d44-9e29-6ae9f6287c94" executionId="891dfd5c-0007-4145-90f5-b35ccf67083c" testListId="8b52dc2e-501b-4929-b229-6a7c441f2708" />
    <TestEntry testId="9aaf15df-c3e0-4a06-85eb-12682398634e" executionId="3d33103a-af69-4ce8-9ad6-5e7d2fd5b6ae" testListId="8b52dc2e-501b-4929-b229-6a7c441f2708" />
    <TestEntry testId="79d72170-29d0-4546-be65-9a3642a6db78" executionId="69ce2c1c-a372-4d1e-a6ef-b37dd0d3e92a" testListId="8b52dc2e-501b-4929-b229-6a7c441f2708" />
    <TestEntry testId="c41b437d-13d4-45ce-9544-11a15ee43b1d" executionId="35ca702e-95cd-42b7-8e93-d4ce2615c8aa" testListId="8b52dc2e-501b-4929-b229-6a7c441f2708" />
    <TestEntry testId="2abfc0c2-0382-45be-87a6-1c325ad69ba0" executionId="24c85262-51cc-4f55-8884-372a11dbe061" testListId="8b52dc2e-501b-4929-b229-6a7c441f2708" />
    <TestEntry testId="56c5ac0b-04b7-4d0e-917c-8818d2fb2fc1" executionId="f0ae2206-360d-4912-93a7-c9a21fefe36f" testListId="8b52dc2e-501b-4929-b229-6a7c441f2708" />
    <TestEntry testId="4d13991e-455d-48ab-9442-fd389b20b951" executionId="a7bebbbc-c1ce-4b9c-ae04-cf9931db9b25" testListId="8b52dc2e-501b-4929-b229-6a7c441f2708" />
    <TestEntry testId="56d7bd4f-7247-4fa6-9f2f-f281b08a8e7a" executionId="15047ac6-f229-4003-886a-eb94fe372514" testListId="8b52dc2e-501b-4929-b229-6a7c441f2708" />
    <TestEntry testId="01d8ad85-09e8-4000-8888-be6e8d7d47af" executionId="72893da3-f20c-4f07-800e-c043ac03ad0b" testListId="8b52dc2e-501b-4929-b229-6a7c441f2708" />
    <TestEntry testId="84312678-8cc1-4251-86a8-d44ccf8e0fee" executionId="c7a6ca62-6f6a-4c9a-9545-eff8e2c192ec" testListId="8b52dc2e-501b-4929-b229-6a7c441f2708" />
    <TestEntry testId="c351d0b5-0a9d-49ea-b0e9-08e0147481be" executionId="88f9388b-5157-4e9b-a1cb-cd134eb25943" testListId="8b52dc2e-501b-4929-b229-6a7c441f2708" />
    <TestEntry testId="471af573-2b3b-4770-acaf-9a5d974d0bf0" executionId="28f7afac-274b-4fbe-8e4e-2f6110de9cf0" testListId="8b52dc2e-501b-4929-b229-6a7c441f2708" />
    <TestEntry testId="ade1be5d-f7e8-4ad2-a5ab-c5be000645c5" executionId="c6e346a5-fab6-4c9c-b4e3-f8fc6ffe4631" testListId="8b52dc2e-501b-4929-b229-6a7c441f2708" />
    <TestEntry testId="62ba8166-b4e2-4f5d-b870-27d8e800c0fb" executionId="54bf43e6-f8e8-48ab-94b5-f730545a2de2" testListId="8b52dc2e-501b-4929-b229-6a7c441f2708" />
    <TestEntry testId="73c5a045-49d9-457e-961a-3c65466db32c" executionId="c29b72f9-904d-4d89-a392-8a17d5cd34db" testListId="8b52dc2e-501b-4929-b229-6a7c441f2708" />
    <TestEntry testId="50aebe56-050b-4260-9ede-bce190fe8874" executionId="77b02d75-ff83-4c4d-91cd-a27cc0fab122" testListId="8b52dc2e-501b-4929-b229-6a7c441f2708" />
    <TestEntry testId="0ac20403-96e6-441d-91bd-3f910ac88791" executionId="5c0482f5-ace6-4501-a27f-a8d074704238" testListId="8b52dc2e-501b-4929-b229-6a7c441f2708" />
    <TestEntry testId="f4fc6a84-15ce-4a27-a5b0-1c739df19b56" executionId="126326a9-64bc-4b52-90c5-802488d77343" testListId="8b52dc2e-501b-4929-b229-6a7c441f2708" />
    <TestEntry testId="25dba510-62d3-4a43-941c-f4707fe58c60" executionId="22bcf24c-8c71-45cd-9ab4-2facd11bd034" testListId="8b52dc2e-501b-4929-b229-6a7c441f2708" />
    <TestEntry testId="57edb441-b8d2-4861-9b43-b2d11c34c947" executionId="e786877b-5455-4657-9e5f-38242886a5c3" testListId="8b52dc2e-501b-4929-b229-6a7c441f2708" />
    <TestEntry testId="7138c5db-631a-494f-abe4-2f5238598e03" executionId="9f4d78cb-f4d5-4ea1-9a6c-d8b4eaa3d32b" testListId="8b52dc2e-501b-4929-b229-6a7c441f2708" />
    <TestEntry testId="781fe0db-748c-4ad0-99d4-26dc88b6a0f8" executionId="7e34ef48-7028-421e-a3f9-fce609f82dd3" testListId="8b52dc2e-501b-4929-b229-6a7c441f2708" />
    <TestEntry testId="f60967ce-1f16-4005-868b-9b05cc0cddbe" executionId="1aca6fbd-6de3-4f40-9eea-b74d9301fd64" testListId="8b52dc2e-501b-4929-b229-6a7c441f2708" />
    <TestEntry testId="f4b5a4b0-ff70-41c2-a747-86e91bcf6644" executionId="a99fe6b3-c6ef-45ee-82e8-477e01b350d5" testListId="8b52dc2e-501b-4929-b229-6a7c441f2708" />
    <TestEntry testId="944302c7-58bb-480b-9175-0daddf2a4ee2" executionId="51eea4f4-3c23-4fc5-a12e-a8a7171a7c55" testListId="8b52dc2e-501b-4929-b229-6a7c441f2708" />
    <TestEntry testId="800d31b6-f2da-43bc-81bb-8d0d4950f7b3" executionId="df57e9cb-fef0-484a-9b35-417cf8d967cd" testListId="8b52dc2e-501b-4929-b229-6a7c441f2708" />
    <TestEntry testId="405970b4-28ec-4a3a-88f9-11d79085faa8" executionId="5f64d0c7-dc1a-41ea-9394-c1bbbe706963" testListId="8b52dc2e-501b-4929-b229-6a7c441f2708" />
    <TestEntry testId="7ab703c1-5e22-4b42-af86-8436d2715ce8" executionId="a092efe9-1c19-4d1b-aa74-5489c6147b79" testListId="8b52dc2e-501b-4929-b229-6a7c441f2708" />
    <TestEntry testId="99916931-183f-459c-9ea0-6c9fc00133fc" executionId="3bcc0f18-059a-47f1-9420-98ffc97af42e" testListId="8b52dc2e-501b-4929-b229-6a7c441f2708" />
    <TestEntry testId="b1227372-eba3-4d86-85e6-945bcb416a32" executionId="2976c621-cb26-4263-9125-227628af152f" testListId="8b52dc2e-501b-4929-b229-6a7c441f2708" />
    <TestEntry testId="196107ea-8bb1-445b-ab2e-b27a59bf28b5" executionId="cdfedbbe-27e5-4ea6-badd-1333b2416bff" testListId="8b52dc2e-501b-4929-b229-6a7c441f2708" />
    <TestEntry testId="7520ec7b-2613-4e76-ad2a-e57cbc3374e7" executionId="e83e28e7-e5cd-45a3-a933-d33292d93e7e" testListId="8b52dc2e-501b-4929-b229-6a7c441f2708" />
    <TestEntry testId="98f93b57-9bf0-465e-a26f-060100b22c57" executionId="bab7ff91-faec-4c2f-a301-1dd672099364" testListId="8b52dc2e-501b-4929-b229-6a7c441f2708" />
    <TestEntry testId="482e9ea8-55c0-46de-bd22-3a57db47535d" executionId="78bab2ea-4226-4ef4-a9f2-a82b6c0ea982" testListId="8b52dc2e-501b-4929-b229-6a7c441f2708" />
    <TestEntry testId="50417226-2f97-4db8-8eaa-1b8dcff10bac" executionId="6e565069-c2d2-4f9d-85f5-6c90c2b2f80c" testListId="8b52dc2e-501b-4929-b229-6a7c441f2708" />
    <TestEntry testId="8b28ece8-9a7b-40f7-8d3a-b812c1c3bd1a" executionId="01c71e5d-20cb-4889-8bb8-167faa66b9ca" testListId="8b52dc2e-501b-4929-b229-6a7c441f2708" />
    <TestEntry testId="53daf36b-13e9-43d2-b6e1-646d80f0e21d" executionId="e2734db9-9028-4ce3-8662-d69575c0efdc" testListId="8b52dc2e-501b-4929-b229-6a7c441f2708" />
    <TestEntry testId="b19328bf-eaa5-4ac1-9cd8-46ae30b69d71" executionId="7eac6641-db0d-4406-b3bb-69498bdb2122" testListId="8b52dc2e-501b-4929-b229-6a7c441f2708" />
    <TestEntry testId="d7cc3b93-653c-4cd7-b0bb-0c5a4222de7c" executionId="ba866c85-320b-45f5-8f69-0ac3a4395891" testListId="8b52dc2e-501b-4929-b229-6a7c441f2708" />
    <TestEntry testId="7a6646af-72ea-4398-a697-11242fbc18dc" executionId="39b4291d-baf1-4ce0-a3ae-16eaf26ea3c1" testListId="8b52dc2e-501b-4929-b229-6a7c441f2708" />
    <TestEntry testId="c996b323-c6d6-4411-bc31-1c72d1a90e59" executionId="3b1fa713-d719-4e7c-bb07-bfe4d79113dd" testListId="8b52dc2e-501b-4929-b229-6a7c441f2708" />
    <TestEntry testId="03e5bf0f-19f7-4c1c-85df-98f75b22b280" executionId="e34c7172-0244-47af-8e00-6fccdd94a005" testListId="8b52dc2e-501b-4929-b229-6a7c441f2708" />
    <TestEntry testId="c726f769-3144-449d-9940-2ac0cef4c7b2" executionId="02c4871b-f91e-45ef-8794-273ad043e366" testListId="8b52dc2e-501b-4929-b229-6a7c441f2708" />
    <TestEntry testId="481faaec-0c31-4391-8bed-8269e7d98a84" executionId="80a649f0-4622-46c2-8dee-10b4fadebaba" testListId="8b52dc2e-501b-4929-b229-6a7c441f2708" />
    <TestEntry testId="b4e4da29-7d81-4886-87cc-7b947ac1176b" executionId="3df19e63-a6e8-4ac7-9198-d37708e32d22" testListId="8b52dc2e-501b-4929-b229-6a7c441f2708" />
    <TestEntry testId="14018a21-5f45-46e0-8508-da6f8f4f5a73" executionId="b238b183-ae32-4292-a4e5-fdc77e118b8e" testListId="8b52dc2e-501b-4929-b229-6a7c441f2708" />
    <TestEntry testId="0ae242c5-9ccc-4b13-8a3c-9248626e8bd6" executionId="422b69a5-ad79-407f-90a2-ebd4cc3b76dc" testListId="8b52dc2e-501b-4929-b229-6a7c441f2708" />
    <TestEntry testId="c066e414-ddc4-43ca-9ab2-1b2f52192cd1" executionId="04a66948-ea41-4499-b460-9f1d66820c61" testListId="8b52dc2e-501b-4929-b229-6a7c441f2708" />
    <TestEntry testId="941cd02a-d341-46c7-88a9-1649f2bc43f2" executionId="6cb87489-efad-4b40-ab74-cb0972ccc3b6" testListId="8b52dc2e-501b-4929-b229-6a7c441f2708" />
    <TestEntry testId="708ecb88-c6e4-4ae0-8af5-42f336d55d93" executionId="f0c9f350-1b69-4178-863d-26ef077925f0" testListId="8b52dc2e-501b-4929-b229-6a7c441f2708" />
    <TestEntry testId="384f448a-ad96-48ad-9ee9-26d0dd1c1e98" executionId="57113376-7830-473b-9e10-ef2cd44c0e41" testListId="8b52dc2e-501b-4929-b229-6a7c441f2708" />
    <TestEntry testId="c7017bc1-2632-419c-b000-3b68b47d4fb1" executionId="40b61342-2978-4280-9294-67bda9c89261" testListId="8b52dc2e-501b-4929-b229-6a7c441f2708" />
    <TestEntry testId="b2bf0129-9b99-42a3-9439-e834a2692dba" executionId="244d1055-11f3-48c6-97be-ddd8125b77ce" testListId="8b52dc2e-501b-4929-b229-6a7c441f2708" />
    <TestEntry testId="ead959df-2e9b-4424-a14e-a578cfe485d7" executionId="9afae8c5-6aca-4f1d-b8ec-b9d3efdcaf80" testListId="8b52dc2e-501b-4929-b229-6a7c441f2708" />
    <TestEntry testId="c9fa49b2-1b16-44e5-907b-a8ead356b62a" executionId="ed741323-b4da-41f4-8615-8f496c483432" testListId="8b52dc2e-501b-4929-b229-6a7c441f2708" />
    <TestEntry testId="fa594e2c-9acc-4e9a-834f-f738b3fdcf8b" executionId="bd81f059-f9c2-4b72-a840-96d6ef6b4878" testListId="8b52dc2e-501b-4929-b229-6a7c441f2708" />
    <TestEntry testId="2ebff900-90ad-458a-9157-5485f69cbdef" executionId="ff27ba95-30c9-4541-a895-7202cb22e590" testListId="8b52dc2e-501b-4929-b229-6a7c441f2708" />
    <TestEntry testId="7e601771-5b8e-40aa-86d5-563bca1b5e33" executionId="d8115cb2-dce2-4b67-ac3e-e1172b5d778e" testListId="8b52dc2e-501b-4929-b229-6a7c441f2708" />
    <TestEntry testId="ad37729e-fad3-4830-9b09-a36ecdb94983" executionId="c6affa06-a367-489c-b7f5-e0d2047624f5" testListId="8b52dc2e-501b-4929-b229-6a7c441f2708" />
    <TestEntry testId="91495683-a23f-475c-b435-b792fbf510d4" executionId="6f843d1f-67e5-4c61-836e-1b2ca7e79b7d" testListId="8b52dc2e-501b-4929-b229-6a7c441f2708" />
    <TestEntry testId="2920fe1d-22bf-4162-9963-d5e3f6a9146d" executionId="5c41f1d2-9ea9-48d4-818f-3dbe8381edd3" testListId="8b52dc2e-501b-4929-b229-6a7c441f2708" />
    <TestEntry testId="3d70f046-5915-46d8-a05c-088be9ae6fe5" executionId="620f4439-50b9-4f67-95b8-98f7092df741" testListId="8b52dc2e-501b-4929-b229-6a7c441f2708" />
    <TestEntry testId="4e9399bb-4ca2-43f5-b4dd-a049a6aaea38" executionId="dccd1c72-a788-4f30-b286-78b24a74c0ee" testListId="8b52dc2e-501b-4929-b229-6a7c441f2708" />
  </TestEntries>
  <TestLists>
    <TestList name="Results Not in a List" id="8b52dc2e-501b-4929-b229-6a7c441f2708" />
    <TestList name="All Loaded Results" id="1fd9e301-1cd7-461a-9b3e-388a2c23787a" />
  </TestLists>
</TestRun>