<?xml version="1.0" encoding="UTF-8"?>
<TestRun id="b4a11557-124e-421c-859d-6b56ea4a50eb" name="Test Run 98" runUser="Oles Galatsan" xmlns="http://microsoft.com/schemas/VisualStudio/TeamTest/2010">
  <Times creation="2025-05-14T13:20:31.3125482Z" queuing="2025-05-14T13:20:31.3125482Z" start="2025-05-14T13:20:31.3146610Z" finish="2025-05-14T13:25:31.3147553Z" />
  <TestSettings name="Test Settings 98" id="fda42ff7-c48b-47d5-901f-161f6a04de19" />
  <Results>
    <UnitTestResult executionId="327cc5f8-b456-4f62-9b0c-f0a60a2a443b" testId="da68df6d-0253-41ff-98b4-0feb0af0f6d1" testName="Test9701" computerName="UA-LPT-OGA2" duration="00:00:00.2280000" startTime="2025-05-14T13:20:31.3146610Z" endTime="2025-05-14T13:25:31.3147553Z" testType="13cdc9d9-ddb5-4fa4-a97d-d965ccfc6d4b" outcome="Passed" testListId="a5f878cd-cf92-4b61-b869-d77d3dba54d7" />
    <UnitTestResult executionId="dd83ee40-bf50-4318-bff2-7940c3ee9d7d" testId="4ee39181-fbab-431a-ba23-76ac8844b333" testName="Test9702" computerName="UA-LPT-OGA2" duration="00:00:00.2790000" startTime="2025-05-14T13:20:31.3146610Z" endTime="2025-05-14T13:25:31.3147553Z" testType="13cdc9d9-ddb5-4fa4-a97d-d965ccfc6d4b" outcome="Passed" testListId="a5f878cd-cf92-4b61-b869-d77d3dba54d7" />
    <UnitTestResult executionId="eb7aae44-a0c0-450d-b27d-6e21415df72d" testId="23c9f8bd-cf02-431a-af62-86e6c11187c2" testName="Test9703" computerName="UA-LPT-OGA2" duration="00:00:01.3740000" startTime="2025-05-14T13:20:31.3146610Z" endTime="2025-05-14T13:25:31.3147553Z" testType="13cdc9d9-ddb5-4fa4-a97d-d965ccfc6d4b" outcome="Passed" testListId="a5f878cd-cf92-4b61-b869-d77d3dba54d7" />
    <UnitTestResult executionId="fda8b524-b36f-4921-a20a-b5cb4cddc336" testId="51fd81c3-81be-42b1-af1e-fd9909845e38" testName="Test9704" computerName="UA-LPT-OGA2" duration="00:00:01.3750000" startTime="2025-05-14T13:20:31.3146610Z" endTime="2025-05-14T13:25:31.3147553Z" testType="13cdc9d9-ddb5-4fa4-a97d-d965ccfc6d4b" outcome="Passed" testListId="a5f878cd-cf92-4b61-b869-d77d3dba54d7" />
    <UnitTestResult executionId="dc0eeb87-3555-4501-aae7-071bdfd4f706" testId="c824a13c-86ca-469b-bd5e-9a5bfd6d0209" testName="Test9705" computerName="UA-LPT-OGA2" duration="00:00:01.1010000" startTime="2025-05-14T13:20:31.3146610Z" endTime="2025-05-14T13:25:31.3147553Z" testType="13cdc9d9-ddb5-4fa4-a97d-d965ccfc6d4b" outcome="Passed" testListId="a5f878cd-cf92-4b61-b869-d77d3dba54d7" />
    <UnitTestResult executionId="bed7f2c2-a224-45fa-8c99-6344b1272f01" testId="f7f88808-d2d8-47b6-bc7e-bcfc61886d17" testName="Test9706" computerName="UA-LPT-OGA2" duration="00:00:00.3420000" startTime="2025-05-14T13:20:31.3146610Z" endTime="2025-05-14T13:25:31.3147553Z" testType="13cdc9d9-ddb5-4fa4-a97d-d965ccfc6d4b" outcome="Passed" testListId="a5f878cd-cf92-4b61-b869-d77d3dba54d7" />
    <UnitTestResult executionId="e271bf6b-a401-43e0-a8a2-baffeadc3fe2" testId="0362e897-387a-40a6-9024-40708eb37cbb" testName="Test9707" computerName="UA-LPT-OGA2" duration="00:00:01.4190000" startTime="2025-05-14T13:20:31.3146610Z" endTime="2025-05-14T13:25:31.3147553Z" testType="13cdc9d9-ddb5-4fa4-a97d-d965ccfc6d4b" outcome="Inconclusive" testListId="a5f878cd-cf92-4b61-b869-d77d3dba54d7" />
    <UnitTestResult executionId="c60c5c37-7bb0-41f4-ad9d-d7d7a2e6102c" testId="fe6b3e29-972b-4d36-8f17-c0b8beea1c50" testName="Test9708" computerName="UA-LPT-OGA2" duration="00:00:01.6500000" startTime="2025-05-14T13:20:31.3146610Z" endTime="2025-05-14T13:25:31.3147553Z" testType="13cdc9d9-ddb5-4fa4-a97d-d965ccfc6d4b" outcome="Passed" testListId="a5f878cd-cf92-4b61-b869-d77d3dba54d7" />
    <UnitTestResult executionId="67673ba8-ec0a-48c8-a588-ba82bb9eef0f" testId="64cc3ce8-3548-40bf-b440-62837e24da7e" testName="Test9709" computerName="UA-LPT-OGA2" duration="00:00:01.0600000" startTime="2025-05-14T13:20:31.3146610Z" endTime="2025-05-14T13:25:31.3147553Z" testType="13cdc9d9-ddb5-4fa4-a97d-d965ccfc6d4b" outcome="Passed" testListId="a5f878cd-cf92-4b61-b869-d77d3dba54d7" />
    <UnitTestResult executionId="0113ff05-ef4c-46db-9b74-56a8e50160eb" testId="de090dd0-4aeb-4281-820a-235832c6985e" testName="Test9710" computerName="UA-LPT-OGA2" duration="00:00:00.5280000" startTime="2025-05-14T13:20:31.3146610Z" endTime="2025-05-14T13:25:31.3147553Z" testType="13cdc9d9-ddb5-4fa4-a97d-d965ccfc6d4b" outcome="Passed" testListId="a5f878cd-cf92-4b61-b869-d77d3dba54d7" />
    <UnitTestResult executionId="4dcb8935-0774-4ff3-b4af-b58a7a6b7037" testId="727aa189-ea4f-4f1d-978f-3f5c194c8e21" testName="Test9711" computerName="UA-LPT-OGA2" duration="00:00:00.4400000" startTime="2025-05-14T13:20:31.3146610Z" endTime="2025-05-14T13:25:31.3147553Z" testType="13cdc9d9-ddb5-4fa4-a97d-d965ccfc6d4b" outcome="Passed" testListId="a5f878cd-cf92-4b61-b869-d77d3dba54d7" />
    <UnitTestResult executionId="deda9725-f706-4000-a17d-2b5f61290ff9" testId="95953ea1-a0d4-4275-8d39-b00cdb9b3223" testName="Test9712" computerName="UA-LPT-OGA2" duration="00:00:00.3100000" startTime="2025-05-14T13:20:31.3146610Z" endTime="2025-05-14T13:25:31.3147553Z" testType="13cdc9d9-ddb5-4fa4-a97d-d965ccfc6d4b" outcome="Passed" testListId="a5f878cd-cf92-4b61-b869-d77d3dba54d7" />
    <UnitTestResult executionId="7399dd73-afeb-4924-a0c7-e3b10ee036a3" testId="cb7749d4-cc56-4ebb-b88e-eb16421e81e8" testName="Test9713" computerName="UA-LPT-OGA2" duration="00:00:01.2030000" startTime="2025-05-14T13:20:31.3146610Z" endTime="2025-05-14T13:25:31.3147553Z" testType="13cdc9d9-ddb5-4fa4-a97d-d965ccfc6d4b" outcome="Passed" testListId="a5f878cd-cf92-4b61-b869-d77d3dba54d7" />
    <UnitTestResult executionId="8f21316b-7577-45a1-baa9-54022f340305" testId="cc143f3c-966a-49ba-8aec-e662373e7668" testName="Test9714" computerName="UA-LPT-OGA2" duration="00:00:00.9120000" startTime="2025-05-14T13:20:31.3146610Z" endTime="2025-05-14T13:25:31.3147553Z" testType="13cdc9d9-ddb5-4fa4-a97d-d965ccfc6d4b" outcome="Passed" testListId="a5f878cd-cf92-4b61-b869-d77d3dba54d7" />
    <UnitTestResult executionId="d37705ff-df8e-4690-b76c-c796484a8857" testId="242efddb-c595-48f1-abd8-2700ae9c3ae9" testName="Test9715" computerName="UA-LPT-OGA2" duration="00:00:01.1020000" startTime="2025-05-14T13:20:31.3146610Z" endTime="2025-05-14T13:25:31.3147553Z" testType="13cdc9d9-ddb5-4fa4-a97d-d965ccfc6d4b" outcome="Passed" testListId="a5f878cd-cf92-4b61-b869-d77d3dba54d7" />
    <UnitTestResult executionId="72240b54-b938-4c26-aadd-a36bf2f3023b" testId="6f405688-2b45-48c7-8c46-5dd7cb303602" testName="Test9716" computerName="UA-LPT-OGA2" duration="00:00:00.9450000" startTime="2025-05-14T13:20:31.3146610Z" endTime="2025-05-14T13:25:31.3147553Z" testType="13cdc9d9-ddb5-4fa4-a97d-d965ccfc6d4b" outcome="Passed" testListId="a5f878cd-cf92-4b61-b869-d77d3dba54d7" />
    <UnitTestResult executionId="02fbd326-e56f-47bd-b4cb-0b470909f17d" testId="42b62aa4-34e3-4546-b1e1-da7d018344a5" testName="Test9717" computerName="UA-LPT-OGA2" duration="00:00:00.1420000" startTime="2025-05-14T13:20:31.3146610Z" endTime="2025-05-14T13:25:31.3147553Z" testType="13cdc9d9-ddb5-4fa4-a97d-d965ccfc6d4b" outcome="Passed" testListId="a5f878cd-cf92-4b61-b869-d77d3dba54d7" />
    <UnitTestResult executionId="b8e5cb35-7f21-4482-b487-02ad88cf073d" testId="3b256792-ec95-43c5-a96a-50f4efe06f35" testName="Test9718" computerName="UA-LPT-OGA2" duration="00:00:00.4000000" startTime="2025-05-14T13:20:31.3146610Z" endTime="2025-05-14T13:25:31.3147553Z" testType="13cdc9d9-ddb5-4fa4-a97d-d965ccfc6d4b" outcome="Passed" testListId="a5f878cd-cf92-4b61-b869-d77d3dba54d7" />
    <UnitTestResult executionId="ecb02aa4-99bf-49c4-99f7-ced2bed1b49b" testId="376d29b7-8dc1-4fe8-9fdc-fcdd74ed9375" testName="Test9719" computerName="UA-LPT-OGA2" duration="00:00:00.0880000" startTime="2025-05-14T13:20:31.3146610Z" endTime="2025-05-14T13:25:31.3147553Z" testType="13cdc9d9-ddb5-4fa4-a97d-d965ccfc6d4b" outcome="Passed" testListId="a5f878cd-cf92-4b61-b869-d77d3dba54d7" />
    <UnitTestResult executionId="87f4aa3b-6c2a-41ec-a35e-e22af5f6e943" testId="b54aa0c7-7b3f-432a-9e90-b755f315bd2c" testName="Test9720" computerName="UA-LPT-OGA2" duration="00:00:00.7010000" startTime="2025-05-14T13:20:31.3146610Z" endTime="2025-05-14T13:25:31.3147553Z" testType="13cdc9d9-ddb5-4fa4-a97d-d965ccfc6d4b" outcome="Failed" testListId="a5f878cd-cf92-4b61-b869-d77d3dba54d7">
      <Output>
        <ErrorInfo>
          <Message>Assertion failed: Expected value did not match actual value.</Message>
          <StackTrace>   at TestNamespace.TestClass.Test() in TestClass.cs:line 169</StackTrace>
        </ErrorInfo>
      </Output>
    </UnitTestResult>
    <UnitTestResult executionId="3e71fa8c-e977-4457-b540-7170412a7361" testId="c17fef8d-100e-4334-9f72-b3db7e81b3fa" testName="Test9721" computerName="UA-LPT-OGA2" duration="00:00:01.4560000" startTime="2025-05-14T13:20:31.3146610Z" endTime="2025-05-14T13:25:31.3147553Z" testType="13cdc9d9-ddb5-4fa4-a97d-d965ccfc6d4b" outcome="Failed" testListId="a5f878cd-cf92-4b61-b869-d77d3dba54d7">
      <Output>
        <ErrorInfo>
          <Message>Assertion failed: Expected value did not match actual value.</Message>
          <StackTrace>   at TestNamespace.TestClass.Test() in TestClass.cs:line 465</StackTrace>
        </ErrorInfo>
      </Output>
    </UnitTestResult>
    <UnitTestResult executionId="4ef3695f-4707-4534-949c-6c03a33d0a51" testId="acd561a7-1b07-4d0a-b686-6047bcb83772" testName="Test9722" computerName="UA-LPT-OGA2" duration="00:00:00.6190000" startTime="2025-05-14T13:20:31.3146610Z" endTime="2025-05-14T13:25:31.3147553Z" testType="13cdc9d9-ddb5-4fa4-a97d-d965ccfc6d4b" outcome="Passed" testListId="a5f878cd-cf92-4b61-b869-d77d3dba54d7" />
    <UnitTestResult executionId="28859d20-ad17-4c37-b262-c336316ff840" testId="51b0539d-d73f-4dc0-9d75-a00ffb8eb3e1" testName="Test9723" computerName="UA-LPT-OGA2" duration="00:00:00.2470000" startTime="2025-05-14T13:20:31.3146610Z" endTime="2025-05-14T13:25:31.3147553Z" testType="13cdc9d9-ddb5-4fa4-a97d-d965ccfc6d4b" outcome="Passed" testListId="a5f878cd-cf92-4b61-b869-d77d3dba54d7" />
    <UnitTestResult executionId="17c97a43-e583-44bc-8742-964fe31712c1" testId="6d9e07b3-34ea-4711-a9b7-95a93b467559" testName="Test9724" computerName="UA-LPT-OGA2" duration="00:00:00.8820000" startTime="2025-05-14T13:20:31.3146610Z" endTime="2025-05-14T13:25:31.3147553Z" testType="13cdc9d9-ddb5-4fa4-a97d-d965ccfc6d4b" outcome="Passed" testListId="a5f878cd-cf92-4b61-b869-d77d3dba54d7" />
    <UnitTestResult executionId="b2120768-9d02-4254-b147-43e24b3e36ec" testId="35dc1256-35f5-46a9-bd63-3cf6b418bdd3" testName="Test9725" computerName="UA-LPT-OGA2" duration="00:00:01.4720000" startTime="2025-05-14T13:20:31.3146610Z" endTime="2025-05-14T13:25:31.3147553Z" testType="13cdc9d9-ddb5-4fa4-a97d-d965ccfc6d4b" outcome="Passed" testListId="a5f878cd-cf92-4b61-b869-d77d3dba54d7" />
    <UnitTestResult executionId="0287f98b-960b-49c9-a28e-f3681241e962" testId="e3f0c22d-5a4f-490a-b215-310d1a0dba55" testName="Test9726" computerName="UA-LPT-OGA2" duration="00:00:01.4490000" startTime="2025-05-14T13:20:31.3146610Z" endTime="2025-05-14T13:25:31.3147553Z" testType="13cdc9d9-ddb5-4fa4-a97d-d965ccfc6d4b" outcome="Passed" testListId="a5f878cd-cf92-4b61-b869-d77d3dba54d7" />
    <UnitTestResult executionId="6379fc44-5493-4f9b-8830-ed6492f91ffd" testId="276a6c7d-9333-4803-9a39-4590f8a29cac" testName="Test9727" computerName="UA-LPT-OGA2" duration="00:00:00.5380000" startTime="2025-05-14T13:20:31.3146610Z" endTime="2025-05-14T13:25:31.3147553Z" testType="13cdc9d9-ddb5-4fa4-a97d-d965ccfc6d4b" outcome="Passed" testListId="a5f878cd-cf92-4b61-b869-d77d3dba54d7" />
    <UnitTestResult executionId="07e0eed4-80a4-4337-8aa2-53bdb7a14a8c" testId="5f81165b-5149-4fb6-a316-114f23440022" testName="Test9728" computerName="UA-LPT-OGA2" duration="00:00:01.5790000" startTime="2025-05-14T13:20:31.3146610Z" endTime="2025-05-14T13:25:31.3147553Z" testType="13cdc9d9-ddb5-4fa4-a97d-d965ccfc6d4b" outcome="Passed" testListId="a5f878cd-cf92-4b61-b869-d77d3dba54d7" />
    <UnitTestResult executionId="5e9980ad-657a-4157-89fd-fe08dafee4ed" testId="509a467e-b038-4216-a6ea-2d2059d60b1a" testName="Test9729" computerName="UA-LPT-OGA2" duration="00:00:01.2510000" startTime="2025-05-14T13:20:31.3146610Z" endTime="2025-05-14T13:25:31.3147553Z" testType="13cdc9d9-ddb5-4fa4-a97d-d965ccfc6d4b" outcome="Failed" testListId="a5f878cd-cf92-4b61-b869-d77d3dba54d7">
      <Output>
        <ErrorInfo>
          <Message>Assertion failed: Expected value did not match actual value.</Message>
          <StackTrace>   at TestNamespace.TestClass.Test() in TestClass.cs:line 38</StackTrace>
        </ErrorInfo>
      </Output>
    </UnitTestResult>
    <UnitTestResult executionId="078c1437-1680-4f52-96ef-bcbab0efc777" testId="5fc206be-8a8b-4022-bced-a5a6de632a22" testName="Test9730" computerName="UA-LPT-OGA2" duration="00:00:01.8770000" startTime="2025-05-14T13:20:31.3146610Z" endTime="2025-05-14T13:25:31.3147553Z" testType="13cdc9d9-ddb5-4fa4-a97d-d965ccfc6d4b" outcome="Passed" testListId="a5f878cd-cf92-4b61-b869-d77d3dba54d7" />
    <UnitTestResult executionId="6f54791c-18df-4c2a-adfb-8e9f13aed0a2" testId="75ae4e35-7fb6-4dad-a19f-fbf90608a0d8" testName="Test9731" computerName="UA-LPT-OGA2" duration="00:00:00.2410000" startTime="2025-05-14T13:20:31.3146610Z" endTime="2025-05-14T13:25:31.3147553Z" testType="13cdc9d9-ddb5-4fa4-a97d-d965ccfc6d4b" outcome="Passed" testListId="a5f878cd-cf92-4b61-b869-d77d3dba54d7" />
    <UnitTestResult executionId="f6322a0e-babe-40c4-ba97-da95604841ee" testId="f515a1fd-98d6-464d-bcb7-1f0b685f35eb" testName="Test9732" computerName="UA-LPT-OGA2" duration="00:00:00.1790000" startTime="2025-05-14T13:20:31.3146610Z" endTime="2025-05-14T13:25:31.3147553Z" testType="13cdc9d9-ddb5-4fa4-a97d-d965ccfc6d4b" outcome="Passed" testListId="a5f878cd-cf92-4b61-b869-d77d3dba54d7" />
    <UnitTestResult executionId="8b64b4d6-0cc6-4708-9862-d501933d4406" testId="50f351d1-f050-4aed-9bed-cdccbffa748d" testName="Test9733" computerName="UA-LPT-OGA2" duration="00:00:01.6790000" startTime="2025-05-14T13:20:31.3146610Z" endTime="2025-05-14T13:25:31.3147553Z" testType="13cdc9d9-ddb5-4fa4-a97d-d965ccfc6d4b" outcome="Passed" testListId="a5f878cd-cf92-4b61-b869-d77d3dba54d7" />
    <UnitTestResult executionId="b725fcf4-3237-4f40-9920-fae4d04ab936" testId="94a4392f-d55e-41ae-ab9b-c3edf8f028ac" testName="Test9734" computerName="UA-LPT-OGA2" duration="00:00:01.7970000" startTime="2025-05-14T13:20:31.3146610Z" endTime="2025-05-14T13:25:31.3147553Z" testType="13cdc9d9-ddb5-4fa4-a97d-d965ccfc6d4b" outcome="Passed" testListId="a5f878cd-cf92-4b61-b869-d77d3dba54d7" />
    <UnitTestResult executionId="0a543739-cdbb-463b-95e1-8fdc5fb757f4" testId="0310ad9f-da57-4752-9aad-bf23ba8323dd" testName="Test9735" computerName="UA-LPT-OGA2" duration="00:00:00.7840000" startTime="2025-05-14T13:20:31.3146610Z" endTime="2025-05-14T13:25:31.3147553Z" testType="13cdc9d9-ddb5-4fa4-a97d-d965ccfc6d4b" outcome="Passed" testListId="a5f878cd-cf92-4b61-b869-d77d3dba54d7" />
    <UnitTestResult executionId="84847bcb-708f-4ba9-853a-c7a436b49214" testId="0c75e5a2-4485-416b-a472-8b047f9dd097" testName="Test9736" computerName="UA-LPT-OGA2" duration="00:00:00.7690000" startTime="2025-05-14T13:20:31.3146610Z" endTime="2025-05-14T13:25:31.3147553Z" testType="13cdc9d9-ddb5-4fa4-a97d-d965ccfc6d4b" outcome="Passed" testListId="a5f878cd-cf92-4b61-b869-d77d3dba54d7" />
    <UnitTestResult executionId="424f3bbf-fa27-47eb-bd6f-b01dc86ec5ec" testId="40055cfb-ade8-42ad-b90e-c5ef10bbb240" testName="Test9737" computerName="UA-LPT-OGA2" duration="00:00:00.4110000" startTime="2025-05-14T13:20:31.3146610Z" endTime="2025-05-14T13:25:31.3147553Z" testType="13cdc9d9-ddb5-4fa4-a97d-d965ccfc6d4b" outcome="Passed" testListId="a5f878cd-cf92-4b61-b869-d77d3dba54d7" />
    <UnitTestResult executionId="d9406a48-8d59-4ba8-8b74-a51559c418af" testId="6bb37d05-0f84-4481-b8d8-8ade2156ba53" testName="Test9738" computerName="UA-LPT-OGA2" duration="00:00:00.9210000" startTime="2025-05-14T13:20:31.3146610Z" endTime="2025-05-14T13:25:31.3147553Z" testType="13cdc9d9-ddb5-4fa4-a97d-d965ccfc6d4b" outcome="Passed" testListId="a5f878cd-cf92-4b61-b869-d77d3dba54d7" />
    <UnitTestResult executionId="0d04aefd-ea0d-4317-99ed-9316d04d05a0" testId="a6b8b2ed-015b-483b-a2f3-c332d0a7606c" testName="Test9739" computerName="UA-LPT-OGA2" duration="00:00:00.8200000" startTime="2025-05-14T13:20:31.3146610Z" endTime="2025-05-14T13:25:31.3147553Z" testType="13cdc9d9-ddb5-4fa4-a97d-d965ccfc6d4b" outcome="Passed" testListId="a5f878cd-cf92-4b61-b869-d77d3dba54d7" />
    <UnitTestResult executionId="b151b92d-91bd-4d03-a67e-2d5cf9c293a4" testId="e95cb669-2114-4d89-b62c-508294c4dcd0" testName="Test9740" computerName="UA-LPT-OGA2" duration="00:00:01.3560000" startTime="2025-05-14T13:20:31.3146610Z" endTime="2025-05-14T13:25:31.3147553Z" testType="13cdc9d9-ddb5-4fa4-a97d-d965ccfc6d4b" outcome="Failed" testListId="a5f878cd-cf92-4b61-b869-d77d3dba54d7">
      <Output>
        <ErrorInfo>
          <Message>Assertion failed: Expected value did not match actual value.</Message>
          <StackTrace>   at TestNamespace.TestClass.Test() in TestClass.cs:line 346</StackTrace>
        </ErrorInfo>
      </Output>
    </UnitTestResult>
    <UnitTestResult executionId="aed6caf1-7c9d-4c9c-a58d-a6dc9629b490" testId="e9c2b19f-6cea-4dbd-a269-3c12dfdf8a03" testName="Test9741" computerName="UA-LPT-OGA2" duration="00:00:01.0910000" startTime="2025-05-14T13:20:31.3146610Z" endTime="2025-05-14T13:25:31.3147553Z" testType="13cdc9d9-ddb5-4fa4-a97d-d965ccfc6d4b" outcome="Passed" testListId="a5f878cd-cf92-4b61-b869-d77d3dba54d7" />
    <UnitTestResult executionId="b1422fc4-b698-4eb3-abd8-6a3ede062ba1" testId="efa47308-dbba-4696-b0f6-ebf68372f331" testName="Test9742" computerName="UA-LPT-OGA2" duration="00:00:01.7640000" startTime="2025-05-14T13:20:31.3146610Z" endTime="2025-05-14T13:25:31.3147553Z" testType="13cdc9d9-ddb5-4fa4-a97d-d965ccfc6d4b" outcome="Passed" testListId="a5f878cd-cf92-4b61-b869-d77d3dba54d7" />
    <UnitTestResult executionId="7deca835-8513-4f8f-a784-00e5f2f2ae96" testId="6120a303-c560-48b2-9414-a685f214a8f2" testName="Test9743" computerName="UA-LPT-OGA2" duration="00:00:00.4290000" startTime="2025-05-14T13:20:31.3146610Z" endTime="2025-05-14T13:25:31.3147553Z" testType="13cdc9d9-ddb5-4fa4-a97d-d965ccfc6d4b" outcome="Passed" testListId="a5f878cd-cf92-4b61-b869-d77d3dba54d7" />
    <UnitTestResult executionId="8f4912e9-8f57-4686-800d-ca8c2f6fa9df" testId="8494f3e5-7e6d-43a3-8f41-61c5c92722a6" testName="Test9744" computerName="UA-LPT-OGA2" duration="00:00:01.0800000" startTime="2025-05-14T13:20:31.3146610Z" endTime="2025-05-14T13:25:31.3147553Z" testType="13cdc9d9-ddb5-4fa4-a97d-d965ccfc6d4b" outcome="Passed" testListId="a5f878cd-cf92-4b61-b869-d77d3dba54d7" />
    <UnitTestResult executionId="63744fbe-78ec-45b7-b80e-84381ee34b9a" testId="033b245f-a0a9-4720-a3b5-1b109cd06fe5" testName="Test9745" computerName="UA-LPT-OGA2" duration="00:00:01.5440000" startTime="2025-05-14T13:20:31.3146610Z" endTime="2025-05-14T13:25:31.3147553Z" testType="13cdc9d9-ddb5-4fa4-a97d-d965ccfc6d4b" outcome="Passed" testListId="a5f878cd-cf92-4b61-b869-d77d3dba54d7" />
    <UnitTestResult executionId="f5ff8869-c033-4046-9db4-51df2118651e" testId="b1e51073-3f28-4bba-a5d0-4b6f5c00492e" testName="Test9746" computerName="UA-LPT-OGA2" duration="00:00:00.8270000" startTime="2025-05-14T13:20:31.3146610Z" endTime="2025-05-14T13:25:31.3147553Z" testType="13cdc9d9-ddb5-4fa4-a97d-d965ccfc6d4b" outcome="Passed" testListId="a5f878cd-cf92-4b61-b869-d77d3dba54d7" />
    <UnitTestResult executionId="34e2af8b-5e4f-4432-9cb1-eb4da69d5f63" testId="54560cdc-308f-44ff-ad62-a71600687b75" testName="Test9747" computerName="UA-LPT-OGA2" duration="00:00:00.3690000" startTime="2025-05-14T13:20:31.3146610Z" endTime="2025-05-14T13:25:31.3147553Z" testType="13cdc9d9-ddb5-4fa4-a97d-d965ccfc6d4b" outcome="Passed" testListId="a5f878cd-cf92-4b61-b869-d77d3dba54d7" />
    <UnitTestResult executionId="41151df8-eb28-4440-a480-7d3a873c1ace" testId="16923373-4fd2-41e2-a5a6-b23b3f58d5e6" testName="Test9748" computerName="UA-LPT-OGA2" duration="00:00:00.8500000" startTime="2025-05-14T13:20:31.3146610Z" endTime="2025-05-14T13:25:31.3147553Z" testType="13cdc9d9-ddb5-4fa4-a97d-d965ccfc6d4b" outcome="Passed" testListId="a5f878cd-cf92-4b61-b869-d77d3dba54d7" />
    <UnitTestResult executionId="8d4cf3d4-b813-4932-9f9e-131b5aa19f6c" testId="3ef32b06-4f65-4f46-85db-90ae428d9270" testName="Test9749" computerName="UA-LPT-OGA2" duration="00:00:00.2240000" startTime="2025-05-14T13:20:31.3146610Z" endTime="2025-05-14T13:25:31.3147553Z" testType="13cdc9d9-ddb5-4fa4-a97d-d965ccfc6d4b" outcome="Passed" testListId="a5f878cd-cf92-4b61-b869-d77d3dba54d7" />
    <UnitTestResult executionId="c3e70ac5-6fab-4d95-9d53-7600523bf281" testId="ac679855-1b25-4daa-bba2-40a18e1e0f54" testName="Test9750" computerName="UA-LPT-OGA2" duration="00:00:01.5240000" startTime="2025-05-14T13:20:31.3146610Z" endTime="2025-05-14T13:25:31.3147553Z" testType="13cdc9d9-ddb5-4fa4-a97d-d965ccfc6d4b" outcome="Passed" testListId="a5f878cd-cf92-4b61-b869-d77d3dba54d7" />
    <UnitTestResult executionId="234fe38b-203f-478f-b008-6f0403618e70" testId="59619bfe-0804-475f-946d-4dcabbddb859" testName="Test9751" computerName="UA-LPT-OGA2" duration="00:00:00.9700000" startTime="2025-05-14T13:20:31.3146610Z" endTime="2025-05-14T13:25:31.3147553Z" testType="13cdc9d9-ddb5-4fa4-a97d-d965ccfc6d4b" outcome="Failed" testListId="a5f878cd-cf92-4b61-b869-d77d3dba54d7">
      <Output>
        <ErrorInfo>
          <Message>Assertion failed: Expected value did not match actual value.</Message>
          <StackTrace>   at TestNamespace.TestClass.Test() in TestClass.cs:line 484</StackTrace>
        </ErrorInfo>
      </Output>
    </UnitTestResult>
    <UnitTestResult executionId="dd36ae8f-1f31-4aa9-97fc-c341e17b5014" testId="de7f2476-290e-421a-af3a-04c1a4471f31" testName="Test9752" computerName="UA-LPT-OGA2" duration="00:00:00.3560000" startTime="2025-05-14T13:20:31.3146610Z" endTime="2025-05-14T13:25:31.3147553Z" testType="13cdc9d9-ddb5-4fa4-a97d-d965ccfc6d4b" outcome="Passed" testListId="a5f878cd-cf92-4b61-b869-d77d3dba54d7" />
    <UnitTestResult executionId="ef77eec7-1e1c-4393-b85c-ef81f690453b" testId="35f07b44-adfc-415a-9bd5-b1516bbd26ed" testName="Test9753" computerName="UA-LPT-OGA2" duration="00:00:00.2010000" startTime="2025-05-14T13:20:31.3146610Z" endTime="2025-05-14T13:25:31.3147553Z" testType="13cdc9d9-ddb5-4fa4-a97d-d965ccfc6d4b" outcome="Passed" testListId="a5f878cd-cf92-4b61-b869-d77d3dba54d7" />
    <UnitTestResult executionId="ca2ecc11-6777-4d78-bc67-9fbc85dd572e" testId="95b127d7-7758-469c-b529-9f837adf45c4" testName="Test9754" computerName="UA-LPT-OGA2" duration="00:00:01.9060000" startTime="2025-05-14T13:20:31.3146610Z" endTime="2025-05-14T13:25:31.3147553Z" testType="13cdc9d9-ddb5-4fa4-a97d-d965ccfc6d4b" outcome="Passed" testListId="a5f878cd-cf92-4b61-b869-d77d3dba54d7" />
    <UnitTestResult executionId="4ed1b073-f03c-412b-a45c-02b642b6d9f0" testId="0e0ac477-61dd-471f-b8e5-d5d1dbaa5922" testName="Test9755" computerName="UA-LPT-OGA2" duration="00:00:00.2710000" startTime="2025-05-14T13:20:31.3146610Z" endTime="2025-05-14T13:25:31.3147553Z" testType="13cdc9d9-ddb5-4fa4-a97d-d965ccfc6d4b" outcome="Passed" testListId="a5f878cd-cf92-4b61-b869-d77d3dba54d7" />
    <UnitTestResult executionId="af15479b-89b1-47af-9119-7d96391a6877" testId="45bd2cf0-c398-4c05-9179-3f7daee1c20e" testName="Test9756" computerName="UA-LPT-OGA2" duration="00:00:01.7150000" startTime="2025-05-14T13:20:31.3146610Z" endTime="2025-05-14T13:25:31.3147553Z" testType="13cdc9d9-ddb5-4fa4-a97d-d965ccfc6d4b" outcome="Passed" testListId="a5f878cd-cf92-4b61-b869-d77d3dba54d7" />
    <UnitTestResult executionId="76fde9e7-65c4-434c-94a8-d0aa4275aed4" testId="39efebce-8477-46c9-ae27-9af121df135f" testName="Test9757" computerName="UA-LPT-OGA2" duration="00:00:00.6390000" startTime="2025-05-14T13:20:31.3146610Z" endTime="2025-05-14T13:25:31.3147553Z" testType="13cdc9d9-ddb5-4fa4-a97d-d965ccfc6d4b" outcome="Passed" testListId="a5f878cd-cf92-4b61-b869-d77d3dba54d7" />
    <UnitTestResult executionId="6ad3a01a-146c-4c69-ab8b-03cd8ae225a2" testId="aad99d25-0194-420c-93af-70cbfac15a4f" testName="Test9758" computerName="UA-LPT-OGA2" duration="00:00:01.6070000" startTime="2025-05-14T13:20:31.3146610Z" endTime="2025-05-14T13:25:31.3147553Z" testType="13cdc9d9-ddb5-4fa4-a97d-d965ccfc6d4b" outcome="Passed" testListId="a5f878cd-cf92-4b61-b869-d77d3dba54d7" />
    <UnitTestResult executionId="feaa15da-58d4-49c7-ae2f-4e6f02839b22" testId="2b8729b9-1113-41ee-a947-5c26596bae44" testName="Test9759" computerName="UA-LPT-OGA2" duration="00:00:01.1380000" startTime="2025-05-14T13:20:31.3146610Z" endTime="2025-05-14T13:25:31.3147553Z" testType="13cdc9d9-ddb5-4fa4-a97d-d965ccfc6d4b" outcome="Passed" testListId="a5f878cd-cf92-4b61-b869-d77d3dba54d7" />
    <UnitTestResult executionId="17f87efa-86fc-4ce3-bd27-011f87a0f1d1" testId="d15b5b5c-c9a1-480c-88e5-6ce11d0339f7" testName="Test9760" computerName="UA-LPT-OGA2" duration="00:00:00.3710000" startTime="2025-05-14T13:20:31.3146610Z" endTime="2025-05-14T13:25:31.3147553Z" testType="13cdc9d9-ddb5-4fa4-a97d-d965ccfc6d4b" outcome="Passed" testListId="a5f878cd-cf92-4b61-b869-d77d3dba54d7" />
    <UnitTestResult executionId="6d671ddb-8cc2-4a32-a113-0679ab22ab47" testId="83c8ebd3-766b-4d4a-ad57-30b7088460d3" testName="Test9761" computerName="UA-LPT-OGA2" duration="00:00:00.2520000" startTime="2025-05-14T13:20:31.3146610Z" endTime="2025-05-14T13:25:31.3147553Z" testType="13cdc9d9-ddb5-4fa4-a97d-d965ccfc6d4b" outcome="Passed" testListId="a5f878cd-cf92-4b61-b869-d77d3dba54d7" />
    <UnitTestResult executionId="a0181641-c4c4-4c90-a70f-a67adad06ded" testId="5c817a9c-7054-479c-8eb1-b00d4b5d5e68" testName="Test9762" computerName="UA-LPT-OGA2" duration="00:00:01.7690000" startTime="2025-05-14T13:20:31.3146610Z" endTime="2025-05-14T13:25:31.3147553Z" testType="13cdc9d9-ddb5-4fa4-a97d-d965ccfc6d4b" outcome="Passed" testListId="a5f878cd-cf92-4b61-b869-d77d3dba54d7" />
    <UnitTestResult executionId="bfc1fcc6-db09-4e59-aaf4-3eaba456614f" testId="11007889-1aa0-4b43-a7f6-263a778e49f2" testName="Test9763" computerName="UA-LPT-OGA2" duration="00:00:01.8410000" startTime="2025-05-14T13:20:31.3146610Z" endTime="2025-05-14T13:25:31.3147553Z" testType="13cdc9d9-ddb5-4fa4-a97d-d965ccfc6d4b" outcome="Passed" testListId="a5f878cd-cf92-4b61-b869-d77d3dba54d7" />
    <UnitTestResult executionId="b1d44bde-8f83-4a51-aab4-43c1dcab73f6" testId="9e983bcf-6cea-4d44-8cdb-edad0690f93f" testName="Test9764" computerName="UA-LPT-OGA2" duration="00:00:01.3350000" startTime="2025-05-14T13:20:31.3146610Z" endTime="2025-05-14T13:25:31.3147553Z" testType="13cdc9d9-ddb5-4fa4-a97d-d965ccfc6d4b" outcome="Passed" testListId="a5f878cd-cf92-4b61-b869-d77d3dba54d7" />
    <UnitTestResult executionId="fe94dd00-4396-4eb8-b7db-409b8c9e78cd" testId="ef449ac3-ddf5-41c5-8241-8f5d8dc5640a" testName="Test9765" computerName="UA-LPT-OGA2" duration="00:00:00.0900000" startTime="2025-05-14T13:20:31.3146610Z" endTime="2025-05-14T13:25:31.3147553Z" testType="13cdc9d9-ddb5-4fa4-a97d-d965ccfc6d4b" outcome="Passed" testListId="a5f878cd-cf92-4b61-b869-d77d3dba54d7" />
    <UnitTestResult executionId="c9d81e8e-eff3-4eca-a8a1-578075b99c9a" testId="95f75fb6-639d-42e3-887d-f90f7a69a768" testName="Test9766" computerName="UA-LPT-OGA2" duration="00:00:00.2720000" startTime="2025-05-14T13:20:31.3146610Z" endTime="2025-05-14T13:25:31.3147553Z" testType="13cdc9d9-ddb5-4fa4-a97d-d965ccfc6d4b" outcome="Passed" testListId="a5f878cd-cf92-4b61-b869-d77d3dba54d7" />
    <UnitTestResult executionId="7fc6e899-93f2-4909-98d2-6e97a01462e9" testId="b33f49f1-2ae8-41bb-95f4-ce7870af846e" testName="Test9767" computerName="UA-LPT-OGA2" duration="00:00:00.1360000" startTime="2025-05-14T13:20:31.3146610Z" endTime="2025-05-14T13:25:31.3147553Z" testType="13cdc9d9-ddb5-4fa4-a97d-d965ccfc6d4b" outcome="Passed" testListId="a5f878cd-cf92-4b61-b869-d77d3dba54d7" />
    <UnitTestResult executionId="9fc3cce5-a447-40b7-9fa9-3c6f3e824ee8" testId="1708fbbf-7d71-4893-a247-93de0844cab7" testName="Test9768" computerName="UA-LPT-OGA2" duration="00:00:01.5220000" startTime="2025-05-14T13:20:31.3146610Z" endTime="2025-05-14T13:25:31.3147553Z" testType="13cdc9d9-ddb5-4fa4-a97d-d965ccfc6d4b" outcome="Passed" testListId="a5f878cd-cf92-4b61-b869-d77d3dba54d7" />
    <UnitTestResult executionId="2def9a3f-c235-4177-b9d8-9a07f4da81a2" testId="aae55779-2acd-4de1-b793-d139e38daa52" testName="Test9769" computerName="UA-LPT-OGA2" duration="00:00:00.8460000" startTime="2025-05-14T13:20:31.3146610Z" endTime="2025-05-14T13:25:31.3147553Z" testType="13cdc9d9-ddb5-4fa4-a97d-d965ccfc6d4b" outcome="Passed" testListId="a5f878cd-cf92-4b61-b869-d77d3dba54d7" />
    <UnitTestResult executionId="ce4993cf-8980-4274-80fa-9656d2ef16a5" testId="1a10a5db-c949-4012-9a07-f9917c29faa9" testName="Test9770" computerName="UA-LPT-OGA2" duration="00:00:01.8310000" startTime="2025-05-14T13:20:31.3146610Z" endTime="2025-05-14T13:25:31.3147553Z" testType="13cdc9d9-ddb5-4fa4-a97d-d965ccfc6d4b" outcome="Passed" testListId="a5f878cd-cf92-4b61-b869-d77d3dba54d7" />
    <UnitTestResult executionId="f52a4908-8083-4616-bdf8-e21fa52da484" testId="751e496d-914e-4853-8e5e-5587fb588687" testName="Test9771" computerName="UA-LPT-OGA2" duration="00:00:01.3100000" startTime="2025-05-14T13:20:31.3146610Z" endTime="2025-05-14T13:25:31.3147553Z" testType="13cdc9d9-ddb5-4fa4-a97d-d965ccfc6d4b" outcome="Passed" testListId="a5f878cd-cf92-4b61-b869-d77d3dba54d7" />
    <UnitTestResult executionId="a72c401d-a9a1-4f92-8071-3d6efdbf5368" testId="926a95b9-7319-44b2-9ee8-366e7405c59a" testName="Test9772" computerName="UA-LPT-OGA2" duration="00:00:00.5520000" startTime="2025-05-14T13:20:31.3146610Z" endTime="2025-05-14T13:25:31.3147553Z" testType="13cdc9d9-ddb5-4fa4-a97d-d965ccfc6d4b" outcome="Passed" testListId="a5f878cd-cf92-4b61-b869-d77d3dba54d7" />
    <UnitTestResult executionId="2231820d-ebcf-41eb-a959-a0e316834bb1" testId="e1e11468-7202-42bc-9924-16540041b177" testName="Test9773" computerName="UA-LPT-OGA2" duration="00:00:01.2990000" startTime="2025-05-14T13:20:31.3146610Z" endTime="2025-05-14T13:25:31.3147553Z" testType="13cdc9d9-ddb5-4fa4-a97d-d965ccfc6d4b" outcome="Passed" testListId="a5f878cd-cf92-4b61-b869-d77d3dba54d7" />
    <UnitTestResult executionId="59110a20-044c-4d7a-a2d7-7be6ab6ca61d" testId="5defb7a7-5d25-414d-8b53-2289a167ab27" testName="Test9774" computerName="UA-LPT-OGA2" duration="00:00:00.5220000" startTime="2025-05-14T13:20:31.3146610Z" endTime="2025-05-14T13:25:31.3147553Z" testType="13cdc9d9-ddb5-4fa4-a97d-d965ccfc6d4b" outcome="Passed" testListId="a5f878cd-cf92-4b61-b869-d77d3dba54d7" />
    <UnitTestResult executionId="0931801f-38cb-427e-8a54-2dc68b9a0d71" testId="c74a5a64-4344-4450-876e-b3923efba8e2" testName="Test9775" computerName="UA-LPT-OGA2" duration="00:00:01.6060000" startTime="2025-05-14T13:20:31.3146610Z" endTime="2025-05-14T13:25:31.3147553Z" testType="13cdc9d9-ddb5-4fa4-a97d-d965ccfc6d4b" outcome="Failed" testListId="a5f878cd-cf92-4b61-b869-d77d3dba54d7">
      <Output>
        <ErrorInfo>
          <Message>Assertion failed: Expected value did not match actual value.</Message>
          <StackTrace>   at TestNamespace.TestClass.Test() in TestClass.cs:line 219</StackTrace>
        </ErrorInfo>
      </Output>
    </UnitTestResult>
    <UnitTestResult executionId="1dfb384e-ae94-454a-bdf2-afba4da958b1" testId="311d11f2-c043-44e5-9524-adb522923690" testName="Test9776" computerName="UA-LPT-OGA2" duration="00:00:00.3540000" startTime="2025-05-14T13:20:31.3146610Z" endTime="2025-05-14T13:25:31.3147553Z" testType="13cdc9d9-ddb5-4fa4-a97d-d965ccfc6d4b" outcome="Passed" testListId="a5f878cd-cf92-4b61-b869-d77d3dba54d7" />
    <UnitTestResult executionId="3a8cc19a-3d2f-4e3e-aaf9-8b2212bdbc98" testId="9967c749-d54b-4787-88b6-7808964f8849" testName="Test9777" computerName="UA-LPT-OGA2" duration="00:00:00.7530000" startTime="2025-05-14T13:20:31.3146610Z" endTime="2025-05-14T13:25:31.3147553Z" testType="13cdc9d9-ddb5-4fa4-a97d-d965ccfc6d4b" outcome="Passed" testListId="a5f878cd-cf92-4b61-b869-d77d3dba54d7" />
    <UnitTestResult executionId="ab91d2c2-0463-48f2-9e56-43c6c3b8e1ff" testId="49f2b6ce-9531-49c1-922e-56ada77add85" testName="Test9778" computerName="UA-LPT-OGA2" duration="00:00:00.4390000" startTime="2025-05-14T13:20:31.3146610Z" endTime="2025-05-14T13:25:31.3147553Z" testType="13cdc9d9-ddb5-4fa4-a97d-d965ccfc6d4b" outcome="Failed" testListId="a5f878cd-cf92-4b61-b869-d77d3dba54d7">
      <Output>
        <ErrorInfo>
          <Message>Assertion failed: Expected value did not match actual value.</Message>
          <StackTrace>   at TestNamespace.TestClass.Test() in TestClass.cs:line 475</StackTrace>
        </ErrorInfo>
      </Output>
    </UnitTestResult>
    <UnitTestResult executionId="8cf7f757-344b-4021-a7c5-440a9a4d3314" testId="7ca3f975-c270-490f-a215-4b009f7584a0" testName="Test9779" computerName="UA-LPT-OGA2" duration="00:00:01.6970000" startTime="2025-05-14T13:20:31.3146610Z" endTime="2025-05-14T13:25:31.3147553Z" testType="13cdc9d9-ddb5-4fa4-a97d-d965ccfc6d4b" outcome="Failed" testListId="a5f878cd-cf92-4b61-b869-d77d3dba54d7">
      <Output>
        <ErrorInfo>
          <Message>Assertion failed: Expected value did not match actual value.</Message>
          <StackTrace>   at TestNamespace.TestClass.Test() in TestClass.cs:line 54</StackTrace>
        </ErrorInfo>
      </Output>
    </UnitTestResult>
    <UnitTestResult executionId="70a2b6c2-a7c5-4308-9ea4-fade1141f554" testId="f15bb39f-faec-41ef-a83b-bd467f495f76" testName="Test9780" computerName="UA-LPT-OGA2" duration="00:00:01.6300000" startTime="2025-05-14T13:20:31.3146610Z" endTime="2025-05-14T13:25:31.3147553Z" testType="13cdc9d9-ddb5-4fa4-a97d-d965ccfc6d4b" outcome="Passed" testListId="a5f878cd-cf92-4b61-b869-d77d3dba54d7" />
    <UnitTestResult executionId="07f45c50-e6e5-4576-b742-103aedc0c67e" testId="c8c94631-0398-4a3e-8107-52bb8161ed7e" testName="Test9781" computerName="UA-LPT-OGA2" duration="00:00:01.4500000" startTime="2025-05-14T13:20:31.3146610Z" endTime="2025-05-14T13:25:31.3147553Z" testType="13cdc9d9-ddb5-4fa4-a97d-d965ccfc6d4b" outcome="Passed" testListId="a5f878cd-cf92-4b61-b869-d77d3dba54d7" />
    <UnitTestResult executionId="dbccc5c3-6509-438d-902b-9e3332a092d9" testId="8e007b36-4c9a-4cbd-9c05-7942f6b15a50" testName="Test9782" computerName="UA-LPT-OGA2" duration="00:00:01.1890000" startTime="2025-05-14T13:20:31.3146610Z" endTime="2025-05-14T13:25:31.3147553Z" testType="13cdc9d9-ddb5-4fa4-a97d-d965ccfc6d4b" outcome="Passed" testListId="a5f878cd-cf92-4b61-b869-d77d3dba54d7" />
    <UnitTestResult executionId="c5c24b70-30c8-4de0-85a3-0371b686a7bf" testId="90231cdb-9fc9-42a1-bad7-b1ed2883fa04" testName="Test9783" computerName="UA-LPT-OGA2" duration="00:00:01.5270000" startTime="2025-05-14T13:20:31.3146610Z" endTime="2025-05-14T13:25:31.3147553Z" testType="13cdc9d9-ddb5-4fa4-a97d-d965ccfc6d4b" outcome="Passed" testListId="a5f878cd-cf92-4b61-b869-d77d3dba54d7" />
    <UnitTestResult executionId="c728e573-0874-47af-9cb6-59b13cb8146a" testId="3834290e-c54d-4f1b-9603-878c2d5215a2" testName="Test9784" computerName="UA-LPT-OGA2" duration="00:00:00.5420000" startTime="2025-05-14T13:20:31.3146610Z" endTime="2025-05-14T13:25:31.3147553Z" testType="13cdc9d9-ddb5-4fa4-a97d-d965ccfc6d4b" outcome="Passed" testListId="a5f878cd-cf92-4b61-b869-d77d3dba54d7" />
    <UnitTestResult executionId="b07a6e12-53dd-41a1-8151-163ff2f30514" testId="874ae868-7505-42ce-87dc-6dc116a20a1f" testName="Test9785" computerName="UA-LPT-OGA2" duration="00:00:00.7250000" startTime="2025-05-14T13:20:31.3146610Z" endTime="2025-05-14T13:25:31.3147553Z" testType="13cdc9d9-ddb5-4fa4-a97d-d965ccfc6d4b" outcome="Passed" testListId="a5f878cd-cf92-4b61-b869-d77d3dba54d7" />
    <UnitTestResult executionId="975aca3e-5890-484c-91f7-8a0ef14f1340" testId="45f06e16-01d9-497a-8b99-ce3487ffe476" testName="Test9786" computerName="UA-LPT-OGA2" duration="00:00:00.6700000" startTime="2025-05-14T13:20:31.3146610Z" endTime="2025-05-14T13:25:31.3147553Z" testType="13cdc9d9-ddb5-4fa4-a97d-d965ccfc6d4b" outcome="Passed" testListId="a5f878cd-cf92-4b61-b869-d77d3dba54d7" />
    <UnitTestResult executionId="5bfa242a-6a8b-46fa-aa1e-f2ddafe615f5" testId="a1e66e00-39d4-4380-a9d8-54676e8a3281" testName="Test9787" computerName="UA-LPT-OGA2" duration="00:00:01.5220000" startTime="2025-05-14T13:20:31.3146610Z" endTime="2025-05-14T13:25:31.3147553Z" testType="13cdc9d9-ddb5-4fa4-a97d-d965ccfc6d4b" outcome="Passed" testListId="a5f878cd-cf92-4b61-b869-d77d3dba54d7" />
    <UnitTestResult executionId="4365f10b-1c3c-4928-9fda-838680260ab5" testId="7284851e-1748-4e71-a0f2-a4a4f73e157e" testName="Test9788" computerName="UA-LPT-OGA2" duration="00:00:01.3640000" startTime="2025-05-14T13:20:31.3146610Z" endTime="2025-05-14T13:25:31.3147553Z" testType="13cdc9d9-ddb5-4fa4-a97d-d965ccfc6d4b" outcome="Failed" testListId="a5f878cd-cf92-4b61-b869-d77d3dba54d7">
      <Output>
        <ErrorInfo>
          <Message>Assertion failed: Expected value did not match actual value.</Message>
          <StackTrace>   at TestNamespace.TestClass.Test() in TestClass.cs:line 148</StackTrace>
        </ErrorInfo>
      </Output>
    </UnitTestResult>
    <UnitTestResult executionId="39850fac-90f8-4664-9d71-c3b1d7573dd7" testId="db351d16-7b9a-4d6e-871e-0271737e063d" testName="Test9789" computerName="UA-LPT-OGA2" duration="00:00:01.6250000" startTime="2025-05-14T13:20:31.3146610Z" endTime="2025-05-14T13:25:31.3147553Z" testType="13cdc9d9-ddb5-4fa4-a97d-d965ccfc6d4b" outcome="Passed" testListId="a5f878cd-cf92-4b61-b869-d77d3dba54d7" />
    <UnitTestResult executionId="bc854ad4-8c65-4d26-a0d7-36d8f407fdc3" testId="55e3cd68-bc72-4af3-a653-e35259587df5" testName="Test9790" computerName="UA-LPT-OGA2" duration="00:00:01.4560000" startTime="2025-05-14T13:20:31.3146610Z" endTime="2025-05-14T13:25:31.3147553Z" testType="13cdc9d9-ddb5-4fa4-a97d-d965ccfc6d4b" outcome="Passed" testListId="a5f878cd-cf92-4b61-b869-d77d3dba54d7" />
    <UnitTestResult executionId="8b28c61d-a920-42d2-963a-00c98b224118" testId="050ae2a0-da89-4434-bc63-f8a82bbd004b" testName="Test9791" computerName="UA-LPT-OGA2" duration="00:00:00.6220000" startTime="2025-05-14T13:20:31.3146610Z" endTime="2025-05-14T13:25:31.3147553Z" testType="13cdc9d9-ddb5-4fa4-a97d-d965ccfc6d4b" outcome="Passed" testListId="a5f878cd-cf92-4b61-b869-d77d3dba54d7" />
    <UnitTestResult executionId="febcbaf2-b2a3-4873-9598-2aa0f69b97e6" testId="5ee07a79-9a0e-46b3-8eec-283d580eba85" testName="Test9792" computerName="UA-LPT-OGA2" duration="00:00:00.7910000" startTime="2025-05-14T13:20:31.3146610Z" endTime="2025-05-14T13:25:31.3147553Z" testType="13cdc9d9-ddb5-4fa4-a97d-d965ccfc6d4b" outcome="Passed" testListId="a5f878cd-cf92-4b61-b869-d77d3dba54d7" />
    <UnitTestResult executionId="1dd29e9a-c607-4f1d-aa8a-59df9a46c5fe" testId="6e479eb3-87c5-4dbc-94b7-c359b516f5b7" testName="Test9793" computerName="UA-LPT-OGA2" duration="00:00:00.3340000" startTime="2025-05-14T13:20:31.3146610Z" endTime="2025-05-14T13:25:31.3147553Z" testType="13cdc9d9-ddb5-4fa4-a97d-d965ccfc6d4b" outcome="Passed" testListId="a5f878cd-cf92-4b61-b869-d77d3dba54d7" />
    <UnitTestResult executionId="efffdbdb-d8fe-405a-936a-198f8118ddb4" testId="4868a31e-2884-40d3-97c8-ebf197b9462b" testName="Test9794" computerName="UA-LPT-OGA2" duration="00:00:00.6110000" startTime="2025-05-14T13:20:31.3146610Z" endTime="2025-05-14T13:25:31.3147553Z" testType="13cdc9d9-ddb5-4fa4-a97d-d965ccfc6d4b" outcome="Passed" testListId="a5f878cd-cf92-4b61-b869-d77d3dba54d7" />
    <UnitTestResult executionId="b66703ff-cbc5-4ec0-8b3f-1b3ac7b01f88" testId="e6fb7fd1-6850-4452-9691-1ab9fc1904b8" testName="Test9795" computerName="UA-LPT-OGA2" duration="00:00:01.8830000" startTime="2025-05-14T13:20:31.3146610Z" endTime="2025-05-14T13:25:31.3147553Z" testType="13cdc9d9-ddb5-4fa4-a97d-d965ccfc6d4b" outcome="Passed" testListId="a5f878cd-cf92-4b61-b869-d77d3dba54d7" />
    <UnitTestResult executionId="14ccc028-bd83-4c1d-b6f5-d403a622ee7c" testId="40c55008-4d14-4141-9ca3-574cad759f7d" testName="Test9796" computerName="UA-LPT-OGA2" duration="00:00:01.5310000" startTime="2025-05-14T13:20:31.3146610Z" endTime="2025-05-14T13:25:31.3147553Z" testType="13cdc9d9-ddb5-4fa4-a97d-d965ccfc6d4b" outcome="Passed" testListId="a5f878cd-cf92-4b61-b869-d77d3dba54d7" />
    <UnitTestResult executionId="954ed234-6fb3-4539-b50b-23c98f833a00" testId="2b826ccf-4552-4617-ad98-dd468ee4050e" testName="Test9797" computerName="UA-LPT-OGA2" duration="00:00:00.3130000" startTime="2025-05-14T13:20:31.3146610Z" endTime="2025-05-14T13:25:31.3147553Z" testType="13cdc9d9-ddb5-4fa4-a97d-d965ccfc6d4b" outcome="Passed" testListId="a5f878cd-cf92-4b61-b869-d77d3dba54d7" />
    <UnitTestResult executionId="7f8eb369-3da3-471f-98e1-3d1f3f592371" testId="5a233b03-cae0-427c-8500-c97cb2a53060" testName="Test9798" computerName="UA-LPT-OGA2" duration="00:00:00.7640000" startTime="2025-05-14T13:20:31.3146610Z" endTime="2025-05-14T13:25:31.3147553Z" testType="13cdc9d9-ddb5-4fa4-a97d-d965ccfc6d4b" outcome="Passed" testListId="a5f878cd-cf92-4b61-b869-d77d3dba54d7" />
    <UnitTestResult executionId="317318ed-26a2-46d4-90b1-560f28959bd0" testId="5ab6fe4c-36c5-46d4-be94-cb87cdb21b9a" testName="Test9799" computerName="UA-LPT-OGA2" duration="00:00:00.1050000" startTime="2025-05-14T13:20:31.3146610Z" endTime="2025-05-14T13:25:31.3147553Z" testType="13cdc9d9-ddb5-4fa4-a97d-d965ccfc6d4b" outcome="Passed" testListId="a5f878cd-cf92-4b61-b869-d77d3dba54d7" />
    <UnitTestResult executionId="5d18b256-8cca-47df-b16f-15ad78460473" testId="22d523e9-4ee4-47ba-b1cc-2b3264a51af4" testName="Test9800" computerName="UA-LPT-OGA2" duration="00:00:00.4800000" startTime="2025-05-14T13:20:31.3146610Z" endTime="2025-05-14T13:25:31.3147553Z" testType="13cdc9d9-ddb5-4fa4-a97d-d965ccfc6d4b" outcome="Passed" testListId="a5f878cd-cf92-4b61-b869-d77d3dba54d7" />
  </Results>
  <TestDefinitions>
    <UnitTest name="Test9701" id="da68df6d-0253-41ff-98b4-0feb0af0f6d1" storage="TestAssembly.dll">
      <Execution id="327cc5f8-b456-4f62-9b0c-f0a60a2a443b" />
      <TestMethod codeBase="TestAssembly.dll" className="TestNamespace.TestClass1" name="Test9701" />
    </UnitTest>
    <UnitTest name="Test9702" id="4ee39181-fbab-431a-ba23-76ac8844b333" storage="TestAssembly.dll">
      <Execution id="dd83ee40-bf50-4318-bff2-7940c3ee9d7d" />
      <TestMethod codeBase="TestAssembly.dll" className="TestNamespace.TestClass1" name="Test9702" />
    </UnitTest>
    <UnitTest name="Test9703" id="23c9f8bd-cf02-431a-af62-86e6c11187c2" storage="TestAssembly.dll">
      <Execution id="eb7aae44-a0c0-450d-b27d-6e21415df72d" />
      <TestMethod codeBase="TestAssembly.dll" className="TestNamespace.TestClass1" name="Test9703" />
    </UnitTest>
    <UnitTest name="Test9704" id="51fd81c3-81be-42b1-af1e-fd9909845e38" storage="TestAssembly.dll">
      <Execution id="fda8b524-b36f-4921-a20a-b5cb4cddc336" />
      <TestMethod codeBase="TestAssembly.dll" className="TestNamespace.TestClass1" name="Test9704" />
    </UnitTest>
    <UnitTest name="Test9705" id="c824a13c-86ca-469b-bd5e-9a5bfd6d0209" storage="TestAssembly.dll">
      <Execution id="dc0eeb87-3555-4501-aae7-071bdfd4f706" />
      <TestMethod codeBase="TestAssembly.dll" className="TestNamespace.TestClass1" name="Test9705" />
    </UnitTest>
    <UnitTest name="Test9706" id="f7f88808-d2d8-47b6-bc7e-bcfc61886d17" storage="TestAssembly.dll">
      <Execution id="bed7f2c2-a224-45fa-8c99-6344b1272f01" />
      <TestMethod codeBase="TestAssembly.dll" className="TestNamespace.TestClass1" name="Test9706" />
    </UnitTest>
    <UnitTest name="Test9707" id="0362e897-387a-40a6-9024-40708eb37cbb" storage="TestAssembly.dll">
      <Execution id="e271bf6b-a401-43e0-a8a2-baffeadc3fe2" />
      <TestMethod codeBase="TestAssembly.dll" className="TestNamespace.TestClass1" name="Test9707" />
    </UnitTest>
    <UnitTest name="Test9708" id="fe6b3e29-972b-4d36-8f17-c0b8beea1c50" storage="TestAssembly.dll">
      <Execution id="c60c5c37-7bb0-41f4-ad9d-d7d7a2e6102c" />
      <TestMethod codeBase="TestAssembly.dll" className="TestNamespace.TestClass1" name="Test9708" />
    </UnitTest>
    <UnitTest name="Test9709" id="64cc3ce8-3548-40bf-b440-62837e24da7e" storage="TestAssembly.dll">
      <Execution id="67673ba8-ec0a-48c8-a588-ba82bb9eef0f" />
      <TestMethod codeBase="TestAssembly.dll" className="TestNamespace.TestClass1" name="Test9709" />
    </UnitTest>
    <UnitTest name="Test9710" id="de090dd0-4aeb-4281-820a-235832c6985e" storage="TestAssembly.dll">
      <Execution id="0113ff05-ef4c-46db-9b74-56a8e50160eb" />
      <TestMethod codeBase="TestAssembly.dll" className="TestNamespace.TestClass1" name="Test9710" />
    </UnitTest>
    <UnitTest name="Test9711" id="727aa189-ea4f-4f1d-978f-3f5c194c8e21" storage="TestAssembly.dll">
      <Execution id="4dcb8935-0774-4ff3-b4af-b58a7a6b7037" />
      <TestMethod codeBase="TestAssembly.dll" className="TestNamespace.TestClass2" name="Test9711" />
    </UnitTest>
    <UnitTest name="Test9712" id="95953ea1-a0d4-4275-8d39-b00cdb9b3223" storage="TestAssembly.dll">
      <Execution id="deda9725-f706-4000-a17d-2b5f61290ff9" />
      <TestMethod codeBase="TestAssembly.dll" className="TestNamespace.TestClass2" name="Test9712" />
    </UnitTest>
    <UnitTest name="Test9713" id="cb7749d4-cc56-4ebb-b88e-eb16421e81e8" storage="TestAssembly.dll">
      <Execution id="7399dd73-afeb-4924-a0c7-e3b10ee036a3" />
      <TestMethod codeBase="TestAssembly.dll" className="TestNamespace.TestClass2" name="Test9713" />
    </UnitTest>
    <UnitTest name="Test9714" id="cc143f3c-966a-49ba-8aec-e662373e7668" storage="TestAssembly.dll">
      <Execution id="8f21316b-7577-45a1-baa9-54022f340305" />
      <TestMethod codeBase="TestAssembly.dll" className="TestNamespace.TestClass2" name="Test9714" />
    </UnitTest>
    <UnitTest name="Test9715" id="242efddb-c595-48f1-abd8-2700ae9c3ae9" storage="TestAssembly.dll">
      <Execution id="d37705ff-df8e-4690-b76c-c796484a8857" />
      <TestMethod codeBase="TestAssembly.dll" className="TestNamespace.TestClass2" name="Test9715" />
    </UnitTest>
    <UnitTest name="Test9716" id="6f405688-2b45-48c7-8c46-5dd7cb303602" storage="TestAssembly.dll">
      <Execution id="72240b54-b938-4c26-aadd-a36bf2f3023b" />
      <TestMethod codeBase="TestAssembly.dll" className="TestNamespace.TestClass2" name="Test9716" />
    </UnitTest>
    <UnitTest name="Test9717" id="42b62aa4-34e3-4546-b1e1-da7d018344a5" storage="TestAssembly.dll">
      <Execution id="02fbd326-e56f-47bd-b4cb-0b470909f17d" />
      <TestMethod codeBase="TestAssembly.dll" className="TestNamespace.TestClass2" name="Test9717" />
    </UnitTest>
    <UnitTest name="Test9718" id="3b256792-ec95-43c5-a96a-50f4efe06f35" storage="TestAssembly.dll">
      <Execution id="b8e5cb35-7f21-4482-b487-02ad88cf073d" />
      <TestMethod codeBase="TestAssembly.dll" className="TestNamespace.TestClass2" name="Test9718" />
    </UnitTest>
    <UnitTest name="Test9719" id="376d29b7-8dc1-4fe8-9fdc-fcdd74ed9375" storage="TestAssembly.dll">
      <Execution id="ecb02aa4-99bf-49c4-99f7-ced2bed1b49b" />
      <TestMethod codeBase="TestAssembly.dll" className="TestNamespace.TestClass2" name="Test9719" />
    </UnitTest>
    <UnitTest name="Test9720" id="b54aa0c7-7b3f-432a-9e90-b755f315bd2c" storage="TestAssembly.dll">
      <Execution id="87f4aa3b-6c2a-41ec-a35e-e22af5f6e943" />
      <TestMethod codeBase="TestAssembly.dll" className="TestNamespace.TestClass2" name="Test9720" />
    </UnitTest>
    <UnitTest name="Test9721" id="c17fef8d-100e-4334-9f72-b3db7e81b3fa" storage="TestAssembly.dll">
      <Execution id="3e71fa8c-e977-4457-b540-7170412a7361" />
      <TestMethod codeBase="TestAssembly.dll" className="TestNamespace.TestClass3" name="Test9721" />
    </UnitTest>
    <UnitTest name="Test9722" id="acd561a7-1b07-4d0a-b686-6047bcb83772" storage="TestAssembly.dll">
      <Execution id="4ef3695f-4707-4534-949c-6c03a33d0a51" />
      <TestMethod codeBase="TestAssembly.dll" className="TestNamespace.TestClass3" name="Test9722" />
    </UnitTest>
    <UnitTest name="Test9723" id="51b0539d-d73f-4dc0-9d75-a00ffb8eb3e1" storage="TestAssembly.dll">
      <Execution id="28859d20-ad17-4c37-b262-c336316ff840" />
      <TestMethod codeBase="TestAssembly.dll" className="TestNamespace.TestClass3" name="Test9723" />
    </UnitTest>
    <UnitTest name="Test9724" id="6d9e07b3-34ea-4711-a9b7-95a93b467559" storage="TestAssembly.dll">
      <Execution id="17c97a43-e583-44bc-8742-964fe31712c1" />
      <TestMethod codeBase="TestAssembly.dll" className="TestNamespace.TestClass3" name="Test9724" />
    </UnitTest>
    <UnitTest name="Test9725" id="35dc1256-35f5-46a9-bd63-3cf6b418bdd3" storage="TestAssembly.dll">
      <Execution id="b2120768-9d02-4254-b147-43e24b3e36ec" />
      <TestMethod codeBase="TestAssembly.dll" className="TestNamespace.TestClass3" name="Test9725" />
    </UnitTest>
    <UnitTest name="Test9726" id="e3f0c22d-5a4f-490a-b215-310d1a0dba55" storage="TestAssembly.dll">
      <Execution id="0287f98b-960b-49c9-a28e-f3681241e962" />
      <TestMethod codeBase="TestAssembly.dll" className="TestNamespace.TestClass3" name="Test9726" />
    </UnitTest>
    <UnitTest name="Test9727" id="276a6c7d-9333-4803-9a39-4590f8a29cac" storage="TestAssembly.dll">
      <Execution id="6379fc44-5493-4f9b-8830-ed6492f91ffd" />
      <TestMethod codeBase="TestAssembly.dll" className="TestNamespace.TestClass3" name="Test9727" />
    </UnitTest>
    <UnitTest name="Test9728" id="5f81165b-5149-4fb6-a316-114f23440022" storage="TestAssembly.dll">
      <Execution id="07e0eed4-80a4-4337-8aa2-53bdb7a14a8c" />
      <TestMethod codeBase="TestAssembly.dll" className="TestNamespace.TestClass3" name="Test9728" />
    </UnitTest>
    <UnitTest name="Test9729" id="509a467e-b038-4216-a6ea-2d2059d60b1a" storage="TestAssembly.dll">
      <Execution id="5e9980ad-657a-4157-89fd-fe08dafee4ed" />
      <TestMethod codeBase="TestAssembly.dll" className="TestNamespace.TestClass3" name="Test9729" />
    </UnitTest>
    <UnitTest name="Test9730" id="5fc206be-8a8b-4022-bced-a5a6de632a22" storage="TestAssembly.dll">
      <Execution id="078c1437-1680-4f52-96ef-bcbab0efc777" />
      <TestMethod codeBase="TestAssembly.dll" className="TestNamespace.TestClass3" name="Test9730" />
    </UnitTest>
    <UnitTest name="Test9731" id="75ae4e35-7fb6-4dad-a19f-fbf90608a0d8" storage="TestAssembly.dll">
      <Execution id="6f54791c-18df-4c2a-adfb-8e9f13aed0a2" />
      <TestMethod codeBase="TestAssembly.dll" className="TestNamespace.TestClass4" name="Test9731" />
    </UnitTest>
    <UnitTest name="Test9732" id="f515a1fd-98d6-464d-bcb7-1f0b685f35eb" storage="TestAssembly.dll">
      <Execution id="f6322a0e-babe-40c4-ba97-da95604841ee" />
      <TestMethod codeBase="TestAssembly.dll" className="TestNamespace.TestClass4" name="Test9732" />
    </UnitTest>
    <UnitTest name="Test9733" id="50f351d1-f050-4aed-9bed-cdccbffa748d" storage="TestAssembly.dll">
      <Execution id="8b64b4d6-0cc6-4708-9862-d501933d4406" />
      <TestMethod codeBase="TestAssembly.dll" className="TestNamespace.TestClass4" name="Test9733" />
    </UnitTest>
    <UnitTest name="Test9734" id="94a4392f-d55e-41ae-ab9b-c3edf8f028ac" storage="TestAssembly.dll">
      <Execution id="b725fcf4-3237-4f40-9920-fae4d04ab936" />
      <TestMethod codeBase="TestAssembly.dll" className="TestNamespace.TestClass4" name="Test9734" />
    </UnitTest>
    <UnitTest name="Test9735" id="0310ad9f-da57-4752-9aad-bf23ba8323dd" storage="TestAssembly.dll">
      <Execution id="0a543739-cdbb-463b-95e1-8fdc5fb757f4" />
      <TestMethod codeBase="TestAssembly.dll" className="TestNamespace.TestClass4" name="Test9735" />
    </UnitTest>
    <UnitTest name="Test9736" id="0c75e5a2-4485-416b-a472-8b047f9dd097" storage="TestAssembly.dll">
      <Execution id="84847bcb-708f-4ba9-853a-c7a436b49214" />
      <TestMethod codeBase="TestAssembly.dll" className="TestNamespace.TestClass4" name="Test9736" />
    </UnitTest>
    <UnitTest name="Test9737" id="40055cfb-ade8-42ad-b90e-c5ef10bbb240" storage="TestAssembly.dll">
      <Execution id="424f3bbf-fa27-47eb-bd6f-b01dc86ec5ec" />
      <TestMethod codeBase="TestAssembly.dll" className="TestNamespace.TestClass4" name="Test9737" />
    </UnitTest>
    <UnitTest name="Test9738" id="6bb37d05-0f84-4481-b8d8-8ade2156ba53" storage="TestAssembly.dll">
      <Execution id="d9406a48-8d59-4ba8-8b74-a51559c418af" />
      <TestMethod codeBase="TestAssembly.dll" className="TestNamespace.TestClass4" name="Test9738" />
    </UnitTest>
    <UnitTest name="Test9739" id="a6b8b2ed-015b-483b-a2f3-c332d0a7606c" storage="TestAssembly.dll">
      <Execution id="0d04aefd-ea0d-4317-99ed-9316d04d05a0" />
      <TestMethod codeBase="TestAssembly.dll" className="TestNamespace.TestClass4" name="Test9739" />
    </UnitTest>
    <UnitTest name="Test9740" id="e95cb669-2114-4d89-b62c-508294c4dcd0" storage="TestAssembly.dll">
      <Execution id="b151b92d-91bd-4d03-a67e-2d5cf9c293a4" />
      <TestMethod codeBase="TestAssembly.dll" className="TestNamespace.TestClass4" name="Test9740" />
    </UnitTest>
    <UnitTest name="Test9741" id="e9c2b19f-6cea-4dbd-a269-3c12dfdf8a03" storage="TestAssembly.dll">
      <Execution id="aed6caf1-7c9d-4c9c-a58d-a6dc9629b490" />
      <TestMethod codeBase="TestAssembly.dll" className="TestNamespace.TestClass5" name="Test9741" />
    </UnitTest>
    <UnitTest name="Test9742" id="efa47308-dbba-4696-b0f6-ebf68372f331" storage="TestAssembly.dll">
      <Execution id="b1422fc4-b698-4eb3-abd8-6a3ede062ba1" />
      <TestMethod codeBase="TestAssembly.dll" className="TestNamespace.TestClass5" name="Test9742" />
    </UnitTest>
    <UnitTest name="Test9743" id="6120a303-c560-48b2-9414-a685f214a8f2" storage="TestAssembly.dll">
      <Execution id="7deca835-8513-4f8f-a784-00e5f2f2ae96" />
      <TestMethod codeBase="TestAssembly.dll" className="TestNamespace.TestClass5" name="Test9743" />
    </UnitTest>
    <UnitTest name="Test9744" id="8494f3e5-7e6d-43a3-8f41-61c5c92722a6" storage="TestAssembly.dll">
      <Execution id="8f4912e9-8f57-4686-800d-ca8c2f6fa9df" />
      <TestMethod codeBase="TestAssembly.dll" className="TestNamespace.TestClass5" name="Test9744" />
    </UnitTest>
    <UnitTest name="Test9745" id="033b245f-a0a9-4720-a3b5-1b109cd06fe5" storage="TestAssembly.dll">
      <Execution id="63744fbe-78ec-45b7-b80e-84381ee34b9a" />
      <TestMethod codeBase="TestAssembly.dll" className="TestNamespace.TestClass5" name="Test9745" />
    </UnitTest>
    <UnitTest name="Test9746" id="b1e51073-3f28-4bba-a5d0-4b6f5c00492e" storage="TestAssembly.dll">
      <Execution id="f5ff8869-c033-4046-9db4-51df2118651e" />
      <TestMethod codeBase="TestAssembly.dll" className="TestNamespace.TestClass5" name="Test9746" />
    </UnitTest>
    <UnitTest name="Test9747" id="54560cdc-308f-44ff-ad62-a71600687b75" storage="TestAssembly.dll">
      <Execution id="34e2af8b-5e4f-4432-9cb1-eb4da69d5f63" />
      <TestMethod codeBase="TestAssembly.dll" className="TestNamespace.TestClass5" name="Test9747" />
    </UnitTest>
    <UnitTest name="Test9748" id="16923373-4fd2-41e2-a5a6-b23b3f58d5e6" storage="TestAssembly.dll">
      <Execution id="41151df8-eb28-4440-a480-7d3a873c1ace" />
      <TestMethod codeBase="TestAssembly.dll" className="TestNamespace.TestClass5" name="Test9748" />
    </UnitTest>
    <UnitTest name="Test9749" id="3ef32b06-4f65-4f46-85db-90ae428d9270" storage="TestAssembly.dll">
      <Execution id="8d4cf3d4-b813-4932-9f9e-131b5aa19f6c" />
      <TestMethod codeBase="TestAssembly.dll" className="TestNamespace.TestClass5" name="Test9749" />
    </UnitTest>
    <UnitTest name="Test9750" id="ac679855-1b25-4daa-bba2-40a18e1e0f54" storage="TestAssembly.dll">
      <Execution id="c3e70ac5-6fab-4d95-9d53-7600523bf281" />
      <TestMethod codeBase="TestAssembly.dll" className="TestNamespace.TestClass5" name="Test9750" />
    </UnitTest>
    <UnitTest name="Test9751" id="59619bfe-0804-475f-946d-4dcabbddb859" storage="TestAssembly.dll">
      <Execution id="234fe38b-203f-478f-b008-6f0403618e70" />
      <TestMethod codeBase="TestAssembly.dll" className="TestNamespace.TestClass6" name="Test9751" />
    </UnitTest>
    <UnitTest name="Test9752" id="de7f2476-290e-421a-af3a-04c1a4471f31" storage="TestAssembly.dll">
      <Execution id="dd36ae8f-1f31-4aa9-97fc-c341e17b5014" />
      <TestMethod codeBase="TestAssembly.dll" className="TestNamespace.TestClass6" name="Test9752" />
    </UnitTest>
    <UnitTest name="Test9753" id="35f07b44-adfc-415a-9bd5-b1516bbd26ed" storage="TestAssembly.dll">
      <Execution id="ef77eec7-1e1c-4393-b85c-ef81f690453b" />
      <TestMethod codeBase="TestAssembly.dll" className="TestNamespace.TestClass6" name="Test9753" />
    </UnitTest>
    <UnitTest name="Test9754" id="95b127d7-7758-469c-b529-9f837adf45c4" storage="TestAssembly.dll">
      <Execution id="ca2ecc11-6777-4d78-bc67-9fbc85dd572e" />
      <TestMethod codeBase="TestAssembly.dll" className="TestNamespace.TestClass6" name="Test9754" />
    </UnitTest>
    <UnitTest name="Test9755" id="0e0ac477-61dd-471f-b8e5-d5d1dbaa5922" storage="TestAssembly.dll">
      <Execution id="4ed1b073-f03c-412b-a45c-02b642b6d9f0" />
      <TestMethod codeBase="TestAssembly.dll" className="TestNamespace.TestClass6" name="Test9755" />
    </UnitTest>
    <UnitTest name="Test9756" id="45bd2cf0-c398-4c05-9179-3f7daee1c20e" storage="TestAssembly.dll">
      <Execution id="af15479b-89b1-47af-9119-7d96391a6877" />
      <TestMethod codeBase="TestAssembly.dll" className="TestNamespace.TestClass6" name="Test9756" />
    </UnitTest>
    <UnitTest name="Test9757" id="39efebce-8477-46c9-ae27-9af121df135f" storage="TestAssembly.dll">
      <Execution id="76fde9e7-65c4-434c-94a8-d0aa4275aed4" />
      <TestMethod codeBase="TestAssembly.dll" className="TestNamespace.TestClass6" name="Test9757" />
    </UnitTest>
    <UnitTest name="Test9758" id="aad99d25-0194-420c-93af-70cbfac15a4f" storage="TestAssembly.dll">
      <Execution id="6ad3a01a-146c-4c69-ab8b-03cd8ae225a2" />
      <TestMethod codeBase="TestAssembly.dll" className="TestNamespace.TestClass6" name="Test9758" />
    </UnitTest>
    <UnitTest name="Test9759" id="2b8729b9-1113-41ee-a947-5c26596bae44" storage="TestAssembly.dll">
      <Execution id="feaa15da-58d4-49c7-ae2f-4e6f02839b22" />
      <TestMethod codeBase="TestAssembly.dll" className="TestNamespace.TestClass6" name="Test9759" />
    </UnitTest>
    <UnitTest name="Test9760" id="d15b5b5c-c9a1-480c-88e5-6ce11d0339f7" storage="TestAssembly.dll">
      <Execution id="17f87efa-86fc-4ce3-bd27-011f87a0f1d1" />
      <TestMethod codeBase="TestAssembly.dll" className="TestNamespace.TestClass6" name="Test9760" />
    </UnitTest>
    <UnitTest name="Test9761" id="83c8ebd3-766b-4d4a-ad57-30b7088460d3" storage="TestAssembly.dll">
      <Execution id="6d671ddb-8cc2-4a32-a113-0679ab22ab47" />
      <TestMethod codeBase="TestAssembly.dll" className="TestNamespace.TestClass7" name="Test9761" />
    </UnitTest>
    <UnitTest name="Test9762" id="5c817a9c-7054-479c-8eb1-b00d4b5d5e68" storage="TestAssembly.dll">
      <Execution id="a0181641-c4c4-4c90-a70f-a67adad06ded" />
      <TestMethod codeBase="TestAssembly.dll" className="TestNamespace.TestClass7" name="Test9762" />
    </UnitTest>
    <UnitTest name="Test9763" id="11007889-1aa0-4b43-a7f6-263a778e49f2" storage="TestAssembly.dll">
      <Execution id="bfc1fcc6-db09-4e59-aaf4-3eaba456614f" />
      <TestMethod codeBase="TestAssembly.dll" className="TestNamespace.TestClass7" name="Test9763" />
    </UnitTest>
    <UnitTest name="Test9764" id="9e983bcf-6cea-4d44-8cdb-edad0690f93f" storage="TestAssembly.dll">
      <Execution id="b1d44bde-8f83-4a51-aab4-43c1dcab73f6" />
      <TestMethod codeBase="TestAssembly.dll" className="TestNamespace.TestClass7" name="Test9764" />
    </UnitTest>
    <UnitTest name="Test9765" id="ef449ac3-ddf5-41c5-8241-8f5d8dc5640a" storage="TestAssembly.dll">
      <Execution id="fe94dd00-4396-4eb8-b7db-409b8c9e78cd" />
      <TestMethod codeBase="TestAssembly.dll" className="TestNamespace.TestClass7" name="Test9765" />
    </UnitTest>
    <UnitTest name="Test9766" id="95f75fb6-639d-42e3-887d-f90f7a69a768" storage="TestAssembly.dll">
      <Execution id="c9d81e8e-eff3-4eca-a8a1-578075b99c9a" />
      <TestMethod codeBase="TestAssembly.dll" className="TestNamespace.TestClass7" name="Test9766" />
    </UnitTest>
    <UnitTest name="Test9767" id="b33f49f1-2ae8-41bb-95f4-ce7870af846e" storage="TestAssembly.dll">
      <Execution id="7fc6e899-93f2-4909-98d2-6e97a01462e9" />
      <TestMethod codeBase="TestAssembly.dll" className="TestNamespace.TestClass7" name="Test9767" />
    </UnitTest>
    <UnitTest name="Test9768" id="1708fbbf-7d71-4893-a247-93de0844cab7" storage="TestAssembly.dll">
      <Execution id="9fc3cce5-a447-40b7-9fa9-3c6f3e824ee8" />
      <TestMethod codeBase="TestAssembly.dll" className="TestNamespace.TestClass7" name="Test9768" />
    </UnitTest>
    <UnitTest name="Test9769" id="aae55779-2acd-4de1-b793-d139e38daa52" storage="TestAssembly.dll">
      <Execution id="2def9a3f-c235-4177-b9d8-9a07f4da81a2" />
      <TestMethod codeBase="TestAssembly.dll" className="TestNamespace.TestClass7" name="Test9769" />
    </UnitTest>
    <UnitTest name="Test9770" id="1a10a5db-c949-4012-9a07-f9917c29faa9" storage="TestAssembly.dll">
      <Execution id="ce4993cf-8980-4274-80fa-9656d2ef16a5" />
      <TestMethod codeBase="TestAssembly.dll" className="TestNamespace.TestClass7" name="Test9770" />
    </UnitTest>
    <UnitTest name="Test9771" id="751e496d-914e-4853-8e5e-5587fb588687" storage="TestAssembly.dll">
      <Execution id="f52a4908-8083-4616-bdf8-e21fa52da484" />
      <TestMethod codeBase="TestAssembly.dll" className="TestNamespace.TestClass8" name="Test9771" />
    </UnitTest>
    <UnitTest name="Test9772" id="926a95b9-7319-44b2-9ee8-366e7405c59a" storage="TestAssembly.dll">
      <Execution id="a72c401d-a9a1-4f92-8071-3d6efdbf5368" />
      <TestMethod codeBase="TestAssembly.dll" className="TestNamespace.TestClass8" name="Test9772" />
    </UnitTest>
    <UnitTest name="Test9773" id="e1e11468-7202-42bc-9924-16540041b177" storage="TestAssembly.dll">
      <Execution id="2231820d-ebcf-41eb-a959-a0e316834bb1" />
      <TestMethod codeBase="TestAssembly.dll" className="TestNamespace.TestClass8" name="Test9773" />
    </UnitTest>
    <UnitTest name="Test9774" id="5defb7a7-5d25-414d-8b53-2289a167ab27" storage="TestAssembly.dll">
      <Execution id="59110a20-044c-4d7a-a2d7-7be6ab6ca61d" />
      <TestMethod codeBase="TestAssembly.dll" className="TestNamespace.TestClass8" name="Test9774" />
    </UnitTest>
    <UnitTest name="Test9775" id="c74a5a64-4344-4450-876e-b3923efba8e2" storage="TestAssembly.dll">
      <Execution id="0931801f-38cb-427e-8a54-2dc68b9a0d71" />
      <TestMethod codeBase="TestAssembly.dll" className="TestNamespace.TestClass8" name="Test9775" />
    </UnitTest>
    <UnitTest name="Test9776" id="311d11f2-c043-44e5-9524-adb522923690" storage="TestAssembly.dll">
      <Execution id="1dfb384e-ae94-454a-bdf2-afba4da958b1" />
      <TestMethod codeBase="TestAssembly.dll" className="TestNamespace.TestClass8" name="Test9776" />
    </UnitTest>
    <UnitTest name="Test9777" id="9967c749-d54b-4787-88b6-7808964f8849" storage="TestAssembly.dll">
      <Execution id="3a8cc19a-3d2f-4e3e-aaf9-8b2212bdbc98" />
      <TestMethod codeBase="TestAssembly.dll" className="TestNamespace.TestClass8" name="Test9777" />
    </UnitTest>
    <UnitTest name="Test9778" id="49f2b6ce-9531-49c1-922e-56ada77add85" storage="TestAssembly.dll">
      <Execution id="ab91d2c2-0463-48f2-9e56-43c6c3b8e1ff" />
      <TestMethod codeBase="TestAssembly.dll" className="TestNamespace.TestClass8" name="Test9778" />
    </UnitTest>
    <UnitTest name="Test9779" id="7ca3f975-c270-490f-a215-4b009f7584a0" storage="TestAssembly.dll">
      <Execution id="8cf7f757-344b-4021-a7c5-440a9a4d3314" />
      <TestMethod codeBase="TestAssembly.dll" className="TestNamespace.TestClass8" name="Test9779" />
    </UnitTest>
    <UnitTest name="Test9780" id="f15bb39f-faec-41ef-a83b-bd467f495f76" storage="TestAssembly.dll">
      <Execution id="70a2b6c2-a7c5-4308-9ea4-fade1141f554" />
      <TestMethod codeBase="TestAssembly.dll" className="TestNamespace.TestClass8" name="Test9780" />
    </UnitTest>
    <UnitTest name="Test9781" id="c8c94631-0398-4a3e-8107-52bb8161ed7e" storage="TestAssembly.dll">
      <Execution id="07f45c50-e6e5-4576-b742-103aedc0c67e" />
      <TestMethod codeBase="TestAssembly.dll" className="TestNamespace.TestClass9" name="Test9781" />
    </UnitTest>
    <UnitTest name="Test9782" id="8e007b36-4c9a-4cbd-9c05-7942f6b15a50" storage="TestAssembly.dll">
      <Execution id="dbccc5c3-6509-438d-902b-9e3332a092d9" />
      <TestMethod codeBase="TestAssembly.dll" className="TestNamespace.TestClass9" name="Test9782" />
    </UnitTest>
    <UnitTest name="Test9783" id="90231cdb-9fc9-42a1-bad7-b1ed2883fa04" storage="TestAssembly.dll">
      <Execution id="c5c24b70-30c8-4de0-85a3-0371b686a7bf" />
      <TestMethod codeBase="TestAssembly.dll" className="TestNamespace.TestClass9" name="Test9783" />
    </UnitTest>
    <UnitTest name="Test9784" id="3834290e-c54d-4f1b-9603-878c2d5215a2" storage="TestAssembly.dll">
      <Execution id="c728e573-0874-47af-9cb6-59b13cb8146a" />
      <TestMethod codeBase="TestAssembly.dll" className="TestNamespace.TestClass9" name="Test9784" />
    </UnitTest>
    <UnitTest name="Test9785" id="874ae868-7505-42ce-87dc-6dc116a20a1f" storage="TestAssembly.dll">
      <Execution id="b07a6e12-53dd-41a1-8151-163ff2f30514" />
      <TestMethod codeBase="TestAssembly.dll" className="TestNamespace.TestClass9" name="Test9785" />
    </UnitTest>
    <UnitTest name="Test9786" id="45f06e16-01d9-497a-8b99-ce3487ffe476" storage="TestAssembly.dll">
      <Execution id="975aca3e-5890-484c-91f7-8a0ef14f1340" />
      <TestMethod codeBase="TestAssembly.dll" className="TestNamespace.TestClass9" name="Test9786" />
    </UnitTest>
    <UnitTest name="Test9787" id="a1e66e00-39d4-4380-a9d8-54676e8a3281" storage="TestAssembly.dll">
      <Execution id="5bfa242a-6a8b-46fa-aa1e-f2ddafe615f5" />
      <TestMethod codeBase="TestAssembly.dll" className="TestNamespace.TestClass9" name="Test9787" />
    </UnitTest>
    <UnitTest name="Test9788" id="7284851e-1748-4e71-a0f2-a4a4f73e157e" storage="TestAssembly.dll">
      <Execution id="4365f10b-1c3c-4928-9fda-838680260ab5" />
      <TestMethod codeBase="TestAssembly.dll" className="TestNamespace.TestClass9" name="Test9788" />
    </UnitTest>
    <UnitTest name="Test9789" id="db351d16-7b9a-4d6e-871e-0271737e063d" storage="TestAssembly.dll">
      <Execution id="39850fac-90f8-4664-9d71-c3b1d7573dd7" />
      <TestMethod codeBase="TestAssembly.dll" className="TestNamespace.TestClass9" name="Test9789" />
    </UnitTest>
    <UnitTest name="Test9790" id="55e3cd68-bc72-4af3-a653-e35259587df5" storage="TestAssembly.dll">
      <Execution id="bc854ad4-8c65-4d26-a0d7-36d8f407fdc3" />
      <TestMethod codeBase="TestAssembly.dll" className="TestNamespace.TestClass9" name="Test9790" />
    </UnitTest>
    <UnitTest name="Test9791" id="050ae2a0-da89-4434-bc63-f8a82bbd004b" storage="TestAssembly.dll">
      <Execution id="8b28c61d-a920-42d2-963a-00c98b224118" />
      <TestMethod codeBase="TestAssembly.dll" className="TestNamespace.TestClass10" name="Test9791" />
    </UnitTest>
    <UnitTest name="Test9792" id="5ee07a79-9a0e-46b3-8eec-283d580eba85" storage="TestAssembly.dll">
      <Execution id="febcbaf2-b2a3-4873-9598-2aa0f69b97e6" />
      <TestMethod codeBase="TestAssembly.dll" className="TestNamespace.TestClass10" name="Test9792" />
    </UnitTest>
    <UnitTest name="Test9793" id="6e479eb3-87c5-4dbc-94b7-c359b516f5b7" storage="TestAssembly.dll">
      <Execution id="1dd29e9a-c607-4f1d-aa8a-59df9a46c5fe" />
      <TestMethod codeBase="TestAssembly.dll" className="TestNamespace.TestClass10" name="Test9793" />
    </UnitTest>
    <UnitTest name="Test9794" id="4868a31e-2884-40d3-97c8-ebf197b9462b" storage="TestAssembly.dll">
      <Execution id="efffdbdb-d8fe-405a-936a-198f8118ddb4" />
      <TestMethod codeBase="TestAssembly.dll" className="TestNamespace.TestClass10" name="Test9794" />
    </UnitTest>
    <UnitTest name="Test9795" id="e6fb7fd1-6850-4452-9691-1ab9fc1904b8" storage="TestAssembly.dll">
      <Execution id="b66703ff-cbc5-4ec0-8b3f-1b3ac7b01f88" />
      <TestMethod codeBase="TestAssembly.dll" className="TestNamespace.TestClass10" name="Test9795" />
    </UnitTest>
    <UnitTest name="Test9796" id="40c55008-4d14-4141-9ca3-574cad759f7d" storage="TestAssembly.dll">
      <Execution id="14ccc028-bd83-4c1d-b6f5-d403a622ee7c" />
      <TestMethod codeBase="TestAssembly.dll" className="TestNamespace.TestClass10" name="Test9796" />
    </UnitTest>
    <UnitTest name="Test9797" id="2b826ccf-4552-4617-ad98-dd468ee4050e" storage="TestAssembly.dll">
      <Execution id="954ed234-6fb3-4539-b50b-23c98f833a00" />
      <TestMethod codeBase="TestAssembly.dll" className="TestNamespace.TestClass10" name="Test9797" />
    </UnitTest>
    <UnitTest name="Test9798" id="5a233b03-cae0-427c-8500-c97cb2a53060" storage="TestAssembly.dll">
      <Execution id="7f8eb369-3da3-471f-98e1-3d1f3f592371" />
      <TestMethod codeBase="TestAssembly.dll" className="TestNamespace.TestClass10" name="Test9798" />
    </UnitTest>
    <UnitTest name="Test9799" id="5ab6fe4c-36c5-46d4-be94-cb87cdb21b9a" storage="TestAssembly.dll">
      <Execution id="317318ed-26a2-46d4-90b1-560f28959bd0" />
      <TestMethod codeBase="TestAssembly.dll" className="TestNamespace.TestClass10" name="Test9799" />
    </UnitTest>
    <UnitTest name="Test9800" id="22d523e9-4ee4-47ba-b1cc-2b3264a51af4" storage="TestAssembly.dll">
      <Execution id="5d18b256-8cca-47df-b16f-15ad78460473" />
      <TestMethod codeBase="TestAssembly.dll" className="TestNamespace.TestClass10" name="Test9800" />
    </UnitTest>
  </TestDefinitions>
  <TestEntries>
    <TestEntry testId="da68df6d-0253-41ff-98b4-0feb0af0f6d1" executionId="327cc5f8-b456-4f62-9b0c-f0a60a2a443b" testListId="a5f878cd-cf92-4b61-b869-d77d3dba54d7" />
    <TestEntry testId="4ee39181-fbab-431a-ba23-76ac8844b333" executionId="dd83ee40-bf50-4318-bff2-7940c3ee9d7d" testListId="a5f878cd-cf92-4b61-b869-d77d3dba54d7" />
    <TestEntry testId="23c9f8bd-cf02-431a-af62-86e6c11187c2" executionId="eb7aae44-a0c0-450d-b27d-6e21415df72d" testListId="a5f878cd-cf92-4b61-b869-d77d3dba54d7" />
    <TestEntry testId="51fd81c3-81be-42b1-af1e-fd9909845e38" executionId="fda8b524-b36f-4921-a20a-b5cb4cddc336" testListId="a5f878cd-cf92-4b61-b869-d77d3dba54d7" />
    <TestEntry testId="c824a13c-86ca-469b-bd5e-9a5bfd6d0209" executionId="dc0eeb87-3555-4501-aae7-071bdfd4f706" testListId="a5f878cd-cf92-4b61-b869-d77d3dba54d7" />
    <TestEntry testId="f7f88808-d2d8-47b6-bc7e-bcfc61886d17" executionId="bed7f2c2-a224-45fa-8c99-6344b1272f01" testListId="a5f878cd-cf92-4b61-b869-d77d3dba54d7" />
    <TestEntry testId="0362e897-387a-40a6-9024-40708eb37cbb" executionId="e271bf6b-a401-43e0-a8a2-baffeadc3fe2" testListId="a5f878cd-cf92-4b61-b869-d77d3dba54d7" />
    <TestEntry testId="fe6b3e29-972b-4d36-8f17-c0b8beea1c50" executionId="c60c5c37-7bb0-41f4-ad9d-d7d7a2e6102c" testListId="a5f878cd-cf92-4b61-b869-d77d3dba54d7" />
    <TestEntry testId="64cc3ce8-3548-40bf-b440-62837e24da7e" executionId="67673ba8-ec0a-48c8-a588-ba82bb9eef0f" testListId="a5f878cd-cf92-4b61-b869-d77d3dba54d7" />
    <TestEntry testId="de090dd0-4aeb-4281-820a-235832c6985e" executionId="0113ff05-ef4c-46db-9b74-56a8e50160eb" testListId="a5f878cd-cf92-4b61-b869-d77d3dba54d7" />
    <TestEntry testId="727aa189-ea4f-4f1d-978f-3f5c194c8e21" executionId="4dcb8935-0774-4ff3-b4af-b58a7a6b7037" testListId="a5f878cd-cf92-4b61-b869-d77d3dba54d7" />
    <TestEntry testId="95953ea1-a0d4-4275-8d39-b00cdb9b3223" executionId="deda9725-f706-4000-a17d-2b5f61290ff9" testListId="a5f878cd-cf92-4b61-b869-d77d3dba54d7" />
    <TestEntry testId="cb7749d4-cc56-4ebb-b88e-eb16421e81e8" executionId="7399dd73-afeb-4924-a0c7-e3b10ee036a3" testListId="a5f878cd-cf92-4b61-b869-d77d3dba54d7" />
    <TestEntry testId="cc143f3c-966a-49ba-8aec-e662373e7668" executionId="8f21316b-7577-45a1-baa9-54022f340305" testListId="a5f878cd-cf92-4b61-b869-d77d3dba54d7" />
    <TestEntry testId="242efddb-c595-48f1-abd8-2700ae9c3ae9" executionId="d37705ff-df8e-4690-b76c-c796484a8857" testListId="a5f878cd-cf92-4b61-b869-d77d3dba54d7" />
    <TestEntry testId="6f405688-2b45-48c7-8c46-5dd7cb303602" executionId="72240b54-b938-4c26-aadd-a36bf2f3023b" testListId="a5f878cd-cf92-4b61-b869-d77d3dba54d7" />
    <TestEntry testId="42b62aa4-34e3-4546-b1e1-da7d018344a5" executionId="02fbd326-e56f-47bd-b4cb-0b470909f17d" testListId="a5f878cd-cf92-4b61-b869-d77d3dba54d7" />
    <TestEntry testId="3b256792-ec95-43c5-a96a-50f4efe06f35" executionId="b8e5cb35-7f21-4482-b487-02ad88cf073d" testListId="a5f878cd-cf92-4b61-b869-d77d3dba54d7" />
    <TestEntry testId="376d29b7-8dc1-4fe8-9fdc-fcdd74ed9375" executionId="ecb02aa4-99bf-49c4-99f7-ced2bed1b49b" testListId="a5f878cd-cf92-4b61-b869-d77d3dba54d7" />
    <TestEntry testId="b54aa0c7-7b3f-432a-9e90-b755f315bd2c" executionId="87f4aa3b-6c2a-41ec-a35e-e22af5f6e943" testListId="a5f878cd-cf92-4b61-b869-d77d3dba54d7" />
    <TestEntry testId="c17fef8d-100e-4334-9f72-b3db7e81b3fa" executionId="3e71fa8c-e977-4457-b540-7170412a7361" testListId="a5f878cd-cf92-4b61-b869-d77d3dba54d7" />
    <TestEntry testId="acd561a7-1b07-4d0a-b686-6047bcb83772" executionId="4ef3695f-4707-4534-949c-6c03a33d0a51" testListId="a5f878cd-cf92-4b61-b869-d77d3dba54d7" />
    <TestEntry testId="51b0539d-d73f-4dc0-9d75-a00ffb8eb3e1" executionId="28859d20-ad17-4c37-b262-c336316ff840" testListId="a5f878cd-cf92-4b61-b869-d77d3dba54d7" />
    <TestEntry testId="6d9e07b3-34ea-4711-a9b7-95a93b467559" executionId="17c97a43-e583-44bc-8742-964fe31712c1" testListId="a5f878cd-cf92-4b61-b869-d77d3dba54d7" />
    <TestEntry testId="35dc1256-35f5-46a9-bd63-3cf6b418bdd3" executionId="b2120768-9d02-4254-b147-43e24b3e36ec" testListId="a5f878cd-cf92-4b61-b869-d77d3dba54d7" />
    <TestEntry testId="e3f0c22d-5a4f-490a-b215-310d1a0dba55" executionId="0287f98b-960b-49c9-a28e-f3681241e962" testListId="a5f878cd-cf92-4b61-b869-d77d3dba54d7" />
    <TestEntry testId="276a6c7d-9333-4803-9a39-4590f8a29cac" executionId="6379fc44-5493-4f9b-8830-ed6492f91ffd" testListId="a5f878cd-cf92-4b61-b869-d77d3dba54d7" />
    <TestEntry testId="5f81165b-5149-4fb6-a316-114f23440022" executionId="07e0eed4-80a4-4337-8aa2-53bdb7a14a8c" testListId="a5f878cd-cf92-4b61-b869-d77d3dba54d7" />
    <TestEntry testId="509a467e-b038-4216-a6ea-2d2059d60b1a" executionId="5e9980ad-657a-4157-89fd-fe08dafee4ed" testListId="a5f878cd-cf92-4b61-b869-d77d3dba54d7" />
    <TestEntry testId="5fc206be-8a8b-4022-bced-a5a6de632a22" executionId="078c1437-1680-4f52-96ef-bcbab0efc777" testListId="a5f878cd-cf92-4b61-b869-d77d3dba54d7" />
    <TestEntry testId="75ae4e35-7fb6-4dad-a19f-fbf90608a0d8" executionId="6f54791c-18df-4c2a-adfb-8e9f13aed0a2" testListId="a5f878cd-cf92-4b61-b869-d77d3dba54d7" />
    <TestEntry testId="f515a1fd-98d6-464d-bcb7-1f0b685f35eb" executionId="f6322a0e-babe-40c4-ba97-da95604841ee" testListId="a5f878cd-cf92-4b61-b869-d77d3dba54d7" />
    <TestEntry testId="50f351d1-f050-4aed-9bed-cdccbffa748d" executionId="8b64b4d6-0cc6-4708-9862-d501933d4406" testListId="a5f878cd-cf92-4b61-b869-d77d3dba54d7" />
    <TestEntry testId="94a4392f-d55e-41ae-ab9b-c3edf8f028ac" executionId="b725fcf4-3237-4f40-9920-fae4d04ab936" testListId="a5f878cd-cf92-4b61-b869-d77d3dba54d7" />
    <TestEntry testId="0310ad9f-da57-4752-9aad-bf23ba8323dd" executionId="0a543739-cdbb-463b-95e1-8fdc5fb757f4" testListId="a5f878cd-cf92-4b61-b869-d77d3dba54d7" />
    <TestEntry testId="0c75e5a2-4485-416b-a472-8b047f9dd097" executionId="84847bcb-708f-4ba9-853a-c7a436b49214" testListId="a5f878cd-cf92-4b61-b869-d77d3dba54d7" />
    <TestEntry testId="40055cfb-ade8-42ad-b90e-c5ef10bbb240" executionId="424f3bbf-fa27-47eb-bd6f-b01dc86ec5ec" testListId="a5f878cd-cf92-4b61-b869-d77d3dba54d7" />
    <TestEntry testId="6bb37d05-0f84-4481-b8d8-8ade2156ba53" executionId="d9406a48-8d59-4ba8-8b74-a51559c418af" testListId="a5f878cd-cf92-4b61-b869-d77d3dba54d7" />
    <TestEntry testId="a6b8b2ed-015b-483b-a2f3-c332d0a7606c" executionId="0d04aefd-ea0d-4317-99ed-9316d04d05a0" testListId="a5f878cd-cf92-4b61-b869-d77d3dba54d7" />
    <TestEntry testId="e95cb669-2114-4d89-b62c-508294c4dcd0" executionId="b151b92d-91bd-4d03-a67e-2d5cf9c293a4" testListId="a5f878cd-cf92-4b61-b869-d77d3dba54d7" />
    <TestEntry testId="e9c2b19f-6cea-4dbd-a269-3c12dfdf8a03" executionId="aed6caf1-7c9d-4c9c-a58d-a6dc9629b490" testListId="a5f878cd-cf92-4b61-b869-d77d3dba54d7" />
    <TestEntry testId="efa47308-dbba-4696-b0f6-ebf68372f331" executionId="b1422fc4-b698-4eb3-abd8-6a3ede062ba1" testListId="a5f878cd-cf92-4b61-b869-d77d3dba54d7" />
    <TestEntry testId="6120a303-c560-48b2-9414-a685f214a8f2" executionId="7deca835-8513-4f8f-a784-00e5f2f2ae96" testListId="a5f878cd-cf92-4b61-b869-d77d3dba54d7" />
    <TestEntry testId="8494f3e5-7e6d-43a3-8f41-61c5c92722a6" executionId="8f4912e9-8f57-4686-800d-ca8c2f6fa9df" testListId="a5f878cd-cf92-4b61-b869-d77d3dba54d7" />
    <TestEntry testId="033b245f-a0a9-4720-a3b5-1b109cd06fe5" executionId="63744fbe-78ec-45b7-b80e-84381ee34b9a" testListId="a5f878cd-cf92-4b61-b869-d77d3dba54d7" />
    <TestEntry testId="b1e51073-3f28-4bba-a5d0-4b6f5c00492e" executionId="f5ff8869-c033-4046-9db4-51df2118651e" testListId="a5f878cd-cf92-4b61-b869-d77d3dba54d7" />
    <TestEntry testId="54560cdc-308f-44ff-ad62-a71600687b75" executionId="34e2af8b-5e4f-4432-9cb1-eb4da69d5f63" testListId="a5f878cd-cf92-4b61-b869-d77d3dba54d7" />
    <TestEntry testId="16923373-4fd2-41e2-a5a6-b23b3f58d5e6" executionId="41151df8-eb28-4440-a480-7d3a873c1ace" testListId="a5f878cd-cf92-4b61-b869-d77d3dba54d7" />
    <TestEntry testId="3ef32b06-4f65-4f46-85db-90ae428d9270" executionId="8d4cf3d4-b813-4932-9f9e-131b5aa19f6c" testListId="a5f878cd-cf92-4b61-b869-d77d3dba54d7" />
    <TestEntry testId="ac679855-1b25-4daa-bba2-40a18e1e0f54" executionId="c3e70ac5-6fab-4d95-9d53-7600523bf281" testListId="a5f878cd-cf92-4b61-b869-d77d3dba54d7" />
    <TestEntry testId="59619bfe-0804-475f-946d-4dcabbddb859" executionId="234fe38b-203f-478f-b008-6f0403618e70" testListId="a5f878cd-cf92-4b61-b869-d77d3dba54d7" />
    <TestEntry testId="de7f2476-290e-421a-af3a-04c1a4471f31" executionId="dd36ae8f-1f31-4aa9-97fc-c341e17b5014" testListId="a5f878cd-cf92-4b61-b869-d77d3dba54d7" />
    <TestEntry testId="35f07b44-adfc-415a-9bd5-b1516bbd26ed" executionId="ef77eec7-1e1c-4393-b85c-ef81f690453b" testListId="a5f878cd-cf92-4b61-b869-d77d3dba54d7" />
    <TestEntry testId="95b127d7-7758-469c-b529-9f837adf45c4" executionId="ca2ecc11-6777-4d78-bc67-9fbc85dd572e" testListId="a5f878cd-cf92-4b61-b869-d77d3dba54d7" />
    <TestEntry testId="0e0ac477-61dd-471f-b8e5-d5d1dbaa5922" executionId="4ed1b073-f03c-412b-a45c-02b642b6d9f0" testListId="a5f878cd-cf92-4b61-b869-d77d3dba54d7" />
    <TestEntry testId="45bd2cf0-c398-4c05-9179-3f7daee1c20e" executionId="af15479b-89b1-47af-9119-7d96391a6877" testListId="a5f878cd-cf92-4b61-b869-d77d3dba54d7" />
    <TestEntry testId="39efebce-8477-46c9-ae27-9af121df135f" executionId="76fde9e7-65c4-434c-94a8-d0aa4275aed4" testListId="a5f878cd-cf92-4b61-b869-d77d3dba54d7" />
    <TestEntry testId="aad99d25-0194-420c-93af-70cbfac15a4f" executionId="6ad3a01a-146c-4c69-ab8b-03cd8ae225a2" testListId="a5f878cd-cf92-4b61-b869-d77d3dba54d7" />
    <TestEntry testId="2b8729b9-1113-41ee-a947-5c26596bae44" executionId="feaa15da-58d4-49c7-ae2f-4e6f02839b22" testListId="a5f878cd-cf92-4b61-b869-d77d3dba54d7" />
    <TestEntry testId="d15b5b5c-c9a1-480c-88e5-6ce11d0339f7" executionId="17f87efa-86fc-4ce3-bd27-011f87a0f1d1" testListId="a5f878cd-cf92-4b61-b869-d77d3dba54d7" />
    <TestEntry testId="83c8ebd3-766b-4d4a-ad57-30b7088460d3" executionId="6d671ddb-8cc2-4a32-a113-0679ab22ab47" testListId="a5f878cd-cf92-4b61-b869-d77d3dba54d7" />
    <TestEntry testId="5c817a9c-7054-479c-8eb1-b00d4b5d5e68" executionId="a0181641-c4c4-4c90-a70f-a67adad06ded" testListId="a5f878cd-cf92-4b61-b869-d77d3dba54d7" />
    <TestEntry testId="11007889-1aa0-4b43-a7f6-263a778e49f2" executionId="bfc1fcc6-db09-4e59-aaf4-3eaba456614f" testListId="a5f878cd-cf92-4b61-b869-d77d3dba54d7" />
    <TestEntry testId="9e983bcf-6cea-4d44-8cdb-edad0690f93f" executionId="b1d44bde-8f83-4a51-aab4-43c1dcab73f6" testListId="a5f878cd-cf92-4b61-b869-d77d3dba54d7" />
    <TestEntry testId="ef449ac3-ddf5-41c5-8241-8f5d8dc5640a" executionId="fe94dd00-4396-4eb8-b7db-409b8c9e78cd" testListId="a5f878cd-cf92-4b61-b869-d77d3dba54d7" />
    <TestEntry testId="95f75fb6-639d-42e3-887d-f90f7a69a768" executionId="c9d81e8e-eff3-4eca-a8a1-578075b99c9a" testListId="a5f878cd-cf92-4b61-b869-d77d3dba54d7" />
    <TestEntry testId="b33f49f1-2ae8-41bb-95f4-ce7870af846e" executionId="7fc6e899-93f2-4909-98d2-6e97a01462e9" testListId="a5f878cd-cf92-4b61-b869-d77d3dba54d7" />
    <TestEntry testId="1708fbbf-7d71-4893-a247-93de0844cab7" executionId="9fc3cce5-a447-40b7-9fa9-3c6f3e824ee8" testListId="a5f878cd-cf92-4b61-b869-d77d3dba54d7" />
    <TestEntry testId="aae55779-2acd-4de1-b793-d139e38daa52" executionId="2def9a3f-c235-4177-b9d8-9a07f4da81a2" testListId="a5f878cd-cf92-4b61-b869-d77d3dba54d7" />
    <TestEntry testId="1a10a5db-c949-4012-9a07-f9917c29faa9" executionId="ce4993cf-8980-4274-80fa-9656d2ef16a5" testListId="a5f878cd-cf92-4b61-b869-d77d3dba54d7" />
    <TestEntry testId="751e496d-914e-4853-8e5e-5587fb588687" executionId="f52a4908-8083-4616-bdf8-e21fa52da484" testListId="a5f878cd-cf92-4b61-b869-d77d3dba54d7" />
    <TestEntry testId="926a95b9-7319-44b2-9ee8-366e7405c59a" executionId="a72c401d-a9a1-4f92-8071-3d6efdbf5368" testListId="a5f878cd-cf92-4b61-b869-d77d3dba54d7" />
    <TestEntry testId="e1e11468-7202-42bc-9924-16540041b177" executionId="2231820d-ebcf-41eb-a959-a0e316834bb1" testListId="a5f878cd-cf92-4b61-b869-d77d3dba54d7" />
    <TestEntry testId="5defb7a7-5d25-414d-8b53-2289a167ab27" executionId="59110a20-044c-4d7a-a2d7-7be6ab6ca61d" testListId="a5f878cd-cf92-4b61-b869-d77d3dba54d7" />
    <TestEntry testId="c74a5a64-4344-4450-876e-b3923efba8e2" executionId="0931801f-38cb-427e-8a54-2dc68b9a0d71" testListId="a5f878cd-cf92-4b61-b869-d77d3dba54d7" />
    <TestEntry testId="311d11f2-c043-44e5-9524-adb522923690" executionId="1dfb384e-ae94-454a-bdf2-afba4da958b1" testListId="a5f878cd-cf92-4b61-b869-d77d3dba54d7" />
    <TestEntry testId="9967c749-d54b-4787-88b6-7808964f8849" executionId="3a8cc19a-3d2f-4e3e-aaf9-8b2212bdbc98" testListId="a5f878cd-cf92-4b61-b869-d77d3dba54d7" />
    <TestEntry testId="49f2b6ce-9531-49c1-922e-56ada77add85" executionId="ab91d2c2-0463-48f2-9e56-43c6c3b8e1ff" testListId="a5f878cd-cf92-4b61-b869-d77d3dba54d7" />
    <TestEntry testId="7ca3f975-c270-490f-a215-4b009f7584a0" executionId="8cf7f757-344b-4021-a7c5-440a9a4d3314" testListId="a5f878cd-cf92-4b61-b869-d77d3dba54d7" />
    <TestEntry testId="f15bb39f-faec-41ef-a83b-bd467f495f76" executionId="70a2b6c2-a7c5-4308-9ea4-fade1141f554" testListId="a5f878cd-cf92-4b61-b869-d77d3dba54d7" />
    <TestEntry testId="c8c94631-0398-4a3e-8107-52bb8161ed7e" executionId="07f45c50-e6e5-4576-b742-103aedc0c67e" testListId="a5f878cd-cf92-4b61-b869-d77d3dba54d7" />
    <TestEntry testId="8e007b36-4c9a-4cbd-9c05-7942f6b15a50" executionId="dbccc5c3-6509-438d-902b-9e3332a092d9" testListId="a5f878cd-cf92-4b61-b869-d77d3dba54d7" />
    <TestEntry testId="90231cdb-9fc9-42a1-bad7-b1ed2883fa04" executionId="c5c24b70-30c8-4de0-85a3-0371b686a7bf" testListId="a5f878cd-cf92-4b61-b869-d77d3dba54d7" />
    <TestEntry testId="3834290e-c54d-4f1b-9603-878c2d5215a2" executionId="c728e573-0874-47af-9cb6-59b13cb8146a" testListId="a5f878cd-cf92-4b61-b869-d77d3dba54d7" />
    <TestEntry testId="874ae868-7505-42ce-87dc-6dc116a20a1f" executionId="b07a6e12-53dd-41a1-8151-163ff2f30514" testListId="a5f878cd-cf92-4b61-b869-d77d3dba54d7" />
    <TestEntry testId="45f06e16-01d9-497a-8b99-ce3487ffe476" executionId="975aca3e-5890-484c-91f7-8a0ef14f1340" testListId="a5f878cd-cf92-4b61-b869-d77d3dba54d7" />
    <TestEntry testId="a1e66e00-39d4-4380-a9d8-54676e8a3281" executionId="5bfa242a-6a8b-46fa-aa1e-f2ddafe615f5" testListId="a5f878cd-cf92-4b61-b869-d77d3dba54d7" />
    <TestEntry testId="7284851e-1748-4e71-a0f2-a4a4f73e157e" executionId="4365f10b-1c3c-4928-9fda-838680260ab5" testListId="a5f878cd-cf92-4b61-b869-d77d3dba54d7" />
    <TestEntry testId="db351d16-7b9a-4d6e-871e-0271737e063d" executionId="39850fac-90f8-4664-9d71-c3b1d7573dd7" testListId="a5f878cd-cf92-4b61-b869-d77d3dba54d7" />
    <TestEntry testId="55e3cd68-bc72-4af3-a653-e35259587df5" executionId="bc854ad4-8c65-4d26-a0d7-36d8f407fdc3" testListId="a5f878cd-cf92-4b61-b869-d77d3dba54d7" />
    <TestEntry testId="050ae2a0-da89-4434-bc63-f8a82bbd004b" executionId="8b28c61d-a920-42d2-963a-00c98b224118" testListId="a5f878cd-cf92-4b61-b869-d77d3dba54d7" />
    <TestEntry testId="5ee07a79-9a0e-46b3-8eec-283d580eba85" executionId="febcbaf2-b2a3-4873-9598-2aa0f69b97e6" testListId="a5f878cd-cf92-4b61-b869-d77d3dba54d7" />
    <TestEntry testId="6e479eb3-87c5-4dbc-94b7-c359b516f5b7" executionId="1dd29e9a-c607-4f1d-aa8a-59df9a46c5fe" testListId="a5f878cd-cf92-4b61-b869-d77d3dba54d7" />
    <TestEntry testId="4868a31e-2884-40d3-97c8-ebf197b9462b" executionId="efffdbdb-d8fe-405a-936a-198f8118ddb4" testListId="a5f878cd-cf92-4b61-b869-d77d3dba54d7" />
    <TestEntry testId="e6fb7fd1-6850-4452-9691-1ab9fc1904b8" executionId="b66703ff-cbc5-4ec0-8b3f-1b3ac7b01f88" testListId="a5f878cd-cf92-4b61-b869-d77d3dba54d7" />
    <TestEntry testId="40c55008-4d14-4141-9ca3-574cad759f7d" executionId="14ccc028-bd83-4c1d-b6f5-d403a622ee7c" testListId="a5f878cd-cf92-4b61-b869-d77d3dba54d7" />
    <TestEntry testId="2b826ccf-4552-4617-ad98-dd468ee4050e" executionId="954ed234-6fb3-4539-b50b-23c98f833a00" testListId="a5f878cd-cf92-4b61-b869-d77d3dba54d7" />
    <TestEntry testId="5a233b03-cae0-427c-8500-c97cb2a53060" executionId="7f8eb369-3da3-471f-98e1-3d1f3f592371" testListId="a5f878cd-cf92-4b61-b869-d77d3dba54d7" />
    <TestEntry testId="5ab6fe4c-36c5-46d4-be94-cb87cdb21b9a" executionId="317318ed-26a2-46d4-90b1-560f28959bd0" testListId="a5f878cd-cf92-4b61-b869-d77d3dba54d7" />
    <TestEntry testId="22d523e9-4ee4-47ba-b1cc-2b3264a51af4" executionId="5d18b256-8cca-47df-b16f-15ad78460473" testListId="a5f878cd-cf92-4b61-b869-d77d3dba54d7" />
  </TestEntries>
  <TestLists>
    <TestList name="Results Not in a List" id="a5f878cd-cf92-4b61-b869-d77d3dba54d7" />
    <TestList name="All Loaded Results" id="ddb47d32-696a-4dde-8212-11bc9ac04c8a" />
  </TestLists>
</TestRun>