<?xml version="1.0" encoding="UTF-8"?>
<TestRun id="21e1d11c-591b-4f79-b471-8114e6677aab" name="Test Run 15" runUser="Oles Galatsan" xmlns="http://microsoft.com/schemas/VisualStudio/TeamTest/2010">
  <Times creation="2025-05-14T13:20:31.3125482Z" queuing="2025-05-14T13:20:31.3125482Z" start="2025-05-14T13:20:31.3146610Z" finish="2025-05-14T13:25:31.3147553Z" />
  <TestSettings name="Test Settings 15" id="e0e11cc5-29c6-4a8f-b5dc-5f30ac877f9f" />
  <Results>
    <UnitTestResult executionId="4e965d82-cd81-4f01-b6de-c3dde74b6640" testId="53772e4d-33cf-4534-a6f5-9ef499ff31e2" testName="Test1401" computerName="UA-LPT-OGA2" duration="00:00:00.0110000" startTime="2025-05-14T13:20:31.3146610Z" endTime="2025-05-14T13:25:31.3147553Z" testType="13cdc9d9-ddb5-4fa4-a97d-d965ccfc6d4b" outcome="Passed" testListId="ef7f6e96-9654-4d09-b7a2-a5c23beffe5f" />
    <UnitTestResult executionId="983215f6-22d4-4b54-aa2e-6857a2caed83" testId="b03105ea-0c83-4f05-b668-4510a2f98e56" testName="Test1402" computerName="UA-LPT-OGA2" duration="00:00:01.3610000" startTime="2025-05-14T13:20:31.3146610Z" endTime="2025-05-14T13:25:31.3147553Z" testType="13cdc9d9-ddb5-4fa4-a97d-d965ccfc6d4b" outcome="Passed" testListId="ef7f6e96-9654-4d09-b7a2-a5c23beffe5f" />
    <UnitTestResult executionId="aede0f3d-14e9-4aa9-a76a-992489b0eb35" testId="046ef1e0-c034-4749-84fd-3028209c8ddb" testName="Test1403" computerName="UA-LPT-OGA2" duration="00:00:01.3200000" startTime="2025-05-14T13:20:31.3146610Z" endTime="2025-05-14T13:25:31.3147553Z" testType="13cdc9d9-ddb5-4fa4-a97d-d965ccfc6d4b" outcome="Passed" testListId="ef7f6e96-9654-4d09-b7a2-a5c23beffe5f" />
    <UnitTestResult executionId="761ce340-0b53-478a-92a6-04097b3489ff" testId="6bf3d006-79a1-42b4-9e74-3955bb822dfb" testName="Test1404" computerName="UA-LPT-OGA2" duration="00:00:00.7590000" startTime="2025-05-14T13:20:31.3146610Z" endTime="2025-05-14T13:25:31.3147553Z" testType="13cdc9d9-ddb5-4fa4-a97d-d965ccfc6d4b" outcome="Passed" testListId="ef7f6e96-9654-4d09-b7a2-a5c23beffe5f" />
    <UnitTestResult executionId="2b87cddf-f01a-4244-b86e-771a4b7a7787" testId="33a0a388-3aab-468c-b2db-8b9af487725b" testName="Test1405" computerName="UA-LPT-OGA2" duration="00:00:01.4560000" startTime="2025-05-14T13:20:31.3146610Z" endTime="2025-05-14T13:25:31.3147553Z" testType="13cdc9d9-ddb5-4fa4-a97d-d965ccfc6d4b" outcome="Passed" testListId="ef7f6e96-9654-4d09-b7a2-a5c23beffe5f" />
    <UnitTestResult executionId="612db288-30f6-4421-a948-0b34bbebf1f2" testId="e8bad3d5-5ebc-446b-8681-bce19231162f" testName="Test1406" computerName="UA-LPT-OGA2" duration="00:00:00.3450000" startTime="2025-05-14T13:20:31.3146610Z" endTime="2025-05-14T13:25:31.3147553Z" testType="13cdc9d9-ddb5-4fa4-a97d-d965ccfc6d4b" outcome="Failed" testListId="ef7f6e96-9654-4d09-b7a2-a5c23beffe5f">
      <Output>
        <ErrorInfo>
          <Message>Assertion failed: Expected value did not match actual value.</Message>
          <StackTrace>   at TestNamespace.TestClass.Test() in TestClass.cs:line 200</StackTrace>
        </ErrorInfo>
      </Output>
    </UnitTestResult>
    <UnitTestResult executionId="27182253-58ec-4f41-95ce-81d7ff976921" testId="d58cba3b-83c9-40bc-9a9e-56bdefda1045" testName="Test1407" computerName="UA-LPT-OGA2" duration="00:00:01.6360000" startTime="2025-05-14T13:20:31.3146610Z" endTime="2025-05-14T13:25:31.3147553Z" testType="13cdc9d9-ddb5-4fa4-a97d-d965ccfc6d4b" outcome="Passed" testListId="ef7f6e96-9654-4d09-b7a2-a5c23beffe5f" />
    <UnitTestResult executionId="8af7dea0-7bdd-4543-849b-2fdc67d18a4f" testId="443bbd11-6db6-4787-85ef-2e1c9fe5aefd" testName="Test1408" computerName="UA-LPT-OGA2" duration="00:00:01.9470000" startTime="2025-05-14T13:20:31.3146610Z" endTime="2025-05-14T13:25:31.3147553Z" testType="13cdc9d9-ddb5-4fa4-a97d-d965ccfc6d4b" outcome="Passed" testListId="ef7f6e96-9654-4d09-b7a2-a5c23beffe5f" />
    <UnitTestResult executionId="4ed76af2-e09b-43b4-ae3f-1f49e27a272c" testId="6d64ea6c-6040-4cb6-9c74-4c44d0f2372f" testName="Test1409" computerName="UA-LPT-OGA2" duration="00:00:00.2680000" startTime="2025-05-14T13:20:31.3146610Z" endTime="2025-05-14T13:25:31.3147553Z" testType="13cdc9d9-ddb5-4fa4-a97d-d965ccfc6d4b" outcome="Passed" testListId="ef7f6e96-9654-4d09-b7a2-a5c23beffe5f" />
    <UnitTestResult executionId="9bb364d3-6373-4ab1-9148-1911b882b076" testId="326f21a2-b70f-4c88-a8b3-25da3d57c164" testName="Test1410" computerName="UA-LPT-OGA2" duration="00:00:00.8640000" startTime="2025-05-14T13:20:31.3146610Z" endTime="2025-05-14T13:25:31.3147553Z" testType="13cdc9d9-ddb5-4fa4-a97d-d965ccfc6d4b" outcome="Passed" testListId="ef7f6e96-9654-4d09-b7a2-a5c23beffe5f" />
    <UnitTestResult executionId="2250caf6-40c8-457c-bc4d-777e1069f8a9" testId="cb2567f8-2966-4991-8e84-fbb4388b0dc2" testName="Test1411" computerName="UA-LPT-OGA2" duration="00:00:00.5240000" startTime="2025-05-14T13:20:31.3146610Z" endTime="2025-05-14T13:25:31.3147553Z" testType="13cdc9d9-ddb5-4fa4-a97d-d965ccfc6d4b" outcome="Passed" testListId="ef7f6e96-9654-4d09-b7a2-a5c23beffe5f" />
    <UnitTestResult executionId="5b7c813b-d155-4238-a984-4fcb1cda12a8" testId="19d8c43b-4f7a-447e-aa8a-68fd7cd7d1bf" testName="Test1412" computerName="UA-LPT-OGA2" duration="00:00:01.5540000" startTime="2025-05-14T13:20:31.3146610Z" endTime="2025-05-14T13:25:31.3147553Z" testType="13cdc9d9-ddb5-4fa4-a97d-d965ccfc6d4b" outcome="Passed" testListId="ef7f6e96-9654-4d09-b7a2-a5c23beffe5f" />
    <UnitTestResult executionId="94e998b8-9cdd-4c9b-9923-a5c046d6759c" testId="7a34fb35-8223-46e1-a6c0-cf2be523f6f6" testName="Test1413" computerName="UA-LPT-OGA2" duration="00:00:01.9630000" startTime="2025-05-14T13:20:31.3146610Z" endTime="2025-05-14T13:25:31.3147553Z" testType="13cdc9d9-ddb5-4fa4-a97d-d965ccfc6d4b" outcome="Passed" testListId="ef7f6e96-9654-4d09-b7a2-a5c23beffe5f" />
    <UnitTestResult executionId="683a24de-dd6f-4b5f-86e7-33c17b928fdb" testId="a7e331e6-6659-4826-be3a-936506327a81" testName="Test1414" computerName="UA-LPT-OGA2" duration="00:00:01.0100000" startTime="2025-05-14T13:20:31.3146610Z" endTime="2025-05-14T13:25:31.3147553Z" testType="13cdc9d9-ddb5-4fa4-a97d-d965ccfc6d4b" outcome="Passed" testListId="ef7f6e96-9654-4d09-b7a2-a5c23beffe5f" />
    <UnitTestResult executionId="7bd229eb-2d12-4e64-9597-da7929a63244" testId="050369e2-170f-4a59-91f5-f4cbffb2022c" testName="Test1415" computerName="UA-LPT-OGA2" duration="00:00:01.8570000" startTime="2025-05-14T13:20:31.3146610Z" endTime="2025-05-14T13:25:31.3147553Z" testType="13cdc9d9-ddb5-4fa4-a97d-d965ccfc6d4b" outcome="Passed" testListId="ef7f6e96-9654-4d09-b7a2-a5c23beffe5f" />
    <UnitTestResult executionId="f567bdb0-5897-4180-9fdd-b078271ec098" testId="cf4604d4-3a2e-4cf1-b589-8f3e248acfc4" testName="Test1416" computerName="UA-LPT-OGA2" duration="00:00:00.1230000" startTime="2025-05-14T13:20:31.3146610Z" endTime="2025-05-14T13:25:31.3147553Z" testType="13cdc9d9-ddb5-4fa4-a97d-d965ccfc6d4b" outcome="Failed" testListId="ef7f6e96-9654-4d09-b7a2-a5c23beffe5f">
      <Output>
        <ErrorInfo>
          <Message>Assertion failed: Expected value did not match actual value.</Message>
          <StackTrace>   at TestNamespace.TestClass.Test() in TestClass.cs:line 127</StackTrace>
        </ErrorInfo>
      </Output>
    </UnitTestResult>
    <UnitTestResult executionId="6e2b9de1-9834-4899-9fd2-7096e3e0bf13" testId="aef41b8b-7ff8-4d2e-8638-493006d31603" testName="Test1417" computerName="UA-LPT-OGA2" duration="00:00:01.8780000" startTime="2025-05-14T13:20:31.3146610Z" endTime="2025-05-14T13:25:31.3147553Z" testType="13cdc9d9-ddb5-4fa4-a97d-d965ccfc6d4b" outcome="Passed" testListId="ef7f6e96-9654-4d09-b7a2-a5c23beffe5f" />
    <UnitTestResult executionId="7c4162d5-5795-488e-b811-bf370a2bd551" testId="48952fd1-d2b9-4086-b22c-e13be14b8ba6" testName="Test1418" computerName="UA-LPT-OGA2" duration="00:00:01.6490000" startTime="2025-05-14T13:20:31.3146610Z" endTime="2025-05-14T13:25:31.3147553Z" testType="13cdc9d9-ddb5-4fa4-a97d-d965ccfc6d4b" outcome="Passed" testListId="ef7f6e96-9654-4d09-b7a2-a5c23beffe5f" />
    <UnitTestResult executionId="812e02c3-34a4-4a64-b13d-43997fce91a0" testId="d2fbba5d-be3f-4a9c-b969-1ad1e751634e" testName="Test1419" computerName="UA-LPT-OGA2" duration="00:00:00.0720000" startTime="2025-05-14T13:20:31.3146610Z" endTime="2025-05-14T13:25:31.3147553Z" testType="13cdc9d9-ddb5-4fa4-a97d-d965ccfc6d4b" outcome="Passed" testListId="ef7f6e96-9654-4d09-b7a2-a5c23beffe5f" />
    <UnitTestResult executionId="0f3fc3f0-df27-4466-bda4-128ff57a4eeb" testId="292b410f-82ad-4d60-ac8c-736856a3c03f" testName="Test1420" computerName="UA-LPT-OGA2" duration="00:00:00.3920000" startTime="2025-05-14T13:20:31.3146610Z" endTime="2025-05-14T13:25:31.3147553Z" testType="13cdc9d9-ddb5-4fa4-a97d-d965ccfc6d4b" outcome="Passed" testListId="ef7f6e96-9654-4d09-b7a2-a5c23beffe5f" />
    <UnitTestResult executionId="ce597f23-9768-4074-ab7a-b7de434ffd72" testId="d1226323-df00-48f9-a9f2-95f17b0b2dcc" testName="Test1421" computerName="UA-LPT-OGA2" duration="00:00:01.5280000" startTime="2025-05-14T13:20:31.3146610Z" endTime="2025-05-14T13:25:31.3147553Z" testType="13cdc9d9-ddb5-4fa4-a97d-d965ccfc6d4b" outcome="Passed" testListId="ef7f6e96-9654-4d09-b7a2-a5c23beffe5f" />
    <UnitTestResult executionId="7111eb03-8879-4f56-a5e6-fa7c848e286a" testId="f3993841-ff1e-4904-99be-49995e68ba48" testName="Test1422" computerName="UA-LPT-OGA2" duration="00:00:00.3430000" startTime="2025-05-14T13:20:31.3146610Z" endTime="2025-05-14T13:25:31.3147553Z" testType="13cdc9d9-ddb5-4fa4-a97d-d965ccfc6d4b" outcome="Passed" testListId="ef7f6e96-9654-4d09-b7a2-a5c23beffe5f" />
    <UnitTestResult executionId="ffd41c8b-c92f-4055-b719-6fec579814c4" testId="4c3755ea-a6e0-425b-864f-6cb8aba79f3c" testName="Test1423" computerName="UA-LPT-OGA2" duration="00:00:00.1790000" startTime="2025-05-14T13:20:31.3146610Z" endTime="2025-05-14T13:25:31.3147553Z" testType="13cdc9d9-ddb5-4fa4-a97d-d965ccfc6d4b" outcome="Passed" testListId="ef7f6e96-9654-4d09-b7a2-a5c23beffe5f" />
    <UnitTestResult executionId="38ab2a51-6d27-4b5d-bd83-ac1179ca8b38" testId="ad1e9932-7e36-488e-8892-a382ba796d9a" testName="Test1424" computerName="UA-LPT-OGA2" duration="00:00:01.5060000" startTime="2025-05-14T13:20:31.3146610Z" endTime="2025-05-14T13:25:31.3147553Z" testType="13cdc9d9-ddb5-4fa4-a97d-d965ccfc6d4b" outcome="Passed" testListId="ef7f6e96-9654-4d09-b7a2-a5c23beffe5f" />
    <UnitTestResult executionId="fd38519a-e36c-437a-bf74-298247942062" testId="6ee99811-05a2-4657-9a2f-bcc38dcad285" testName="Test1425" computerName="UA-LPT-OGA2" duration="00:00:01.6920000" startTime="2025-05-14T13:20:31.3146610Z" endTime="2025-05-14T13:25:31.3147553Z" testType="13cdc9d9-ddb5-4fa4-a97d-d965ccfc6d4b" outcome="Passed" testListId="ef7f6e96-9654-4d09-b7a2-a5c23beffe5f" />
    <UnitTestResult executionId="4423c68c-e11b-4a1c-bbdf-cd73469e7a4b" testId="f18dc754-72d8-4c45-8806-0131cdc5346d" testName="Test1426" computerName="UA-LPT-OGA2" duration="00:00:01.9780000" startTime="2025-05-14T13:20:31.3146610Z" endTime="2025-05-14T13:25:31.3147553Z" testType="13cdc9d9-ddb5-4fa4-a97d-d965ccfc6d4b" outcome="Passed" testListId="ef7f6e96-9654-4d09-b7a2-a5c23beffe5f" />
    <UnitTestResult executionId="7183c339-e4e5-41cb-8e95-86dcae2c289c" testId="132ae0ed-8ef8-4b69-b6a2-3b2cacf0d180" testName="Test1427" computerName="UA-LPT-OGA2" duration="00:00:01.5820000" startTime="2025-05-14T13:20:31.3146610Z" endTime="2025-05-14T13:25:31.3147553Z" testType="13cdc9d9-ddb5-4fa4-a97d-d965ccfc6d4b" outcome="Passed" testListId="ef7f6e96-9654-4d09-b7a2-a5c23beffe5f" />
    <UnitTestResult executionId="220e251d-212a-43ae-8247-0f56b0dce32a" testId="e2545fde-e1bd-4070-95bf-9a5abdb3493c" testName="Test1428" computerName="UA-LPT-OGA2" duration="00:00:00.8880000" startTime="2025-05-14T13:20:31.3146610Z" endTime="2025-05-14T13:25:31.3147553Z" testType="13cdc9d9-ddb5-4fa4-a97d-d965ccfc6d4b" outcome="Passed" testListId="ef7f6e96-9654-4d09-b7a2-a5c23beffe5f" />
    <UnitTestResult executionId="493f5c88-1762-4ad8-8fce-542b229ba02c" testId="f866e207-7e96-4955-a168-7495aa5eb85d" testName="Test1429" computerName="UA-LPT-OGA2" duration="00:00:01.8610000" startTime="2025-05-14T13:20:31.3146610Z" endTime="2025-05-14T13:25:31.3147553Z" testType="13cdc9d9-ddb5-4fa4-a97d-d965ccfc6d4b" outcome="Failed" testListId="ef7f6e96-9654-4d09-b7a2-a5c23beffe5f">
      <Output>
        <ErrorInfo>
          <Message>Assertion failed: Expected value did not match actual value.</Message>
          <StackTrace>   at TestNamespace.TestClass.Test() in TestClass.cs:line 238</StackTrace>
        </ErrorInfo>
      </Output>
    </UnitTestResult>
    <UnitTestResult executionId="609bdcbb-adee-4561-8ab4-56ada29e53c8" testId="e65a3acc-efff-4166-a416-c60d5f3fe922" testName="Test1430" computerName="UA-LPT-OGA2" duration="00:00:01.4780000" startTime="2025-05-14T13:20:31.3146610Z" endTime="2025-05-14T13:25:31.3147553Z" testType="13cdc9d9-ddb5-4fa4-a97d-d965ccfc6d4b" outcome="Passed" testListId="ef7f6e96-9654-4d09-b7a2-a5c23beffe5f" />
    <UnitTestResult executionId="978a63fc-86b8-4fda-bc68-e1409340a9e7" testId="a721c9cc-4b81-42c0-9e04-2ea17d940011" testName="Test1431" computerName="UA-LPT-OGA2" duration="00:00:00.9160000" startTime="2025-05-14T13:20:31.3146610Z" endTime="2025-05-14T13:25:31.3147553Z" testType="13cdc9d9-ddb5-4fa4-a97d-d965ccfc6d4b" outcome="Passed" testListId="ef7f6e96-9654-4d09-b7a2-a5c23beffe5f" />
    <UnitTestResult executionId="3e39acba-ebfc-4aa4-b564-184e412765e0" testId="5b982cb8-9276-4c77-8b86-44acca0fceea" testName="Test1432" computerName="UA-LPT-OGA2" duration="00:00:01.2680000" startTime="2025-05-14T13:20:31.3146610Z" endTime="2025-05-14T13:25:31.3147553Z" testType="13cdc9d9-ddb5-4fa4-a97d-d965ccfc6d4b" outcome="Passed" testListId="ef7f6e96-9654-4d09-b7a2-a5c23beffe5f" />
    <UnitTestResult executionId="d581b45d-14d3-4c92-a181-247d883fff91" testId="800013f6-9bde-427a-b678-bd0777b6614e" testName="Test1433" computerName="UA-LPT-OGA2" duration="00:00:01.6060000" startTime="2025-05-14T13:20:31.3146610Z" endTime="2025-05-14T13:25:31.3147553Z" testType="13cdc9d9-ddb5-4fa4-a97d-d965ccfc6d4b" outcome="Passed" testListId="ef7f6e96-9654-4d09-b7a2-a5c23beffe5f" />
    <UnitTestResult executionId="577e5c89-2b18-46b5-a219-abe8d96492a9" testId="ca66cc27-df0a-48e4-93dc-368adc14f1f9" testName="Test1434" computerName="UA-LPT-OGA2" duration="00:00:01.3150000" startTime="2025-05-14T13:20:31.3146610Z" endTime="2025-05-14T13:25:31.3147553Z" testType="13cdc9d9-ddb5-4fa4-a97d-d965ccfc6d4b" outcome="Passed" testListId="ef7f6e96-9654-4d09-b7a2-a5c23beffe5f" />
    <UnitTestResult executionId="a0a200d7-b237-4f46-b8b9-386609cdc261" testId="4c8d6bd8-caea-4c2e-9828-eda1f5548232" testName="Test1435" computerName="UA-LPT-OGA2" duration="00:00:01.0300000" startTime="2025-05-14T13:20:31.3146610Z" endTime="2025-05-14T13:25:31.3147553Z" testType="13cdc9d9-ddb5-4fa4-a97d-d965ccfc6d4b" outcome="Passed" testListId="ef7f6e96-9654-4d09-b7a2-a5c23beffe5f" />
    <UnitTestResult executionId="79c43c86-9dc9-48ca-b190-74c4d7953fdf" testId="20d25f37-87f9-40d0-9e93-e220274057a4" testName="Test1436" computerName="UA-LPT-OGA2" duration="00:00:00.6940000" startTime="2025-05-14T13:20:31.3146610Z" endTime="2025-05-14T13:25:31.3147553Z" testType="13cdc9d9-ddb5-4fa4-a97d-d965ccfc6d4b" outcome="Passed" testListId="ef7f6e96-9654-4d09-b7a2-a5c23beffe5f" />
    <UnitTestResult executionId="568f768c-7a41-40cc-bcf7-240a4682f22a" testId="e8d077d1-8f03-4dfc-88a3-78616d97cbcd" testName="Test1437" computerName="UA-LPT-OGA2" duration="00:00:01.6680000" startTime="2025-05-14T13:20:31.3146610Z" endTime="2025-05-14T13:25:31.3147553Z" testType="13cdc9d9-ddb5-4fa4-a97d-d965ccfc6d4b" outcome="Passed" testListId="ef7f6e96-9654-4d09-b7a2-a5c23beffe5f" />
    <UnitTestResult executionId="3454d0dd-c735-4d65-aa08-a309e666842e" testId="6601f64e-4d15-4b4c-aa5b-9f4240526294" testName="Test1438" computerName="UA-LPT-OGA2" duration="00:00:00.5950000" startTime="2025-05-14T13:20:31.3146610Z" endTime="2025-05-14T13:25:31.3147553Z" testType="13cdc9d9-ddb5-4fa4-a97d-d965ccfc6d4b" outcome="Passed" testListId="ef7f6e96-9654-4d09-b7a2-a5c23beffe5f" />
    <UnitTestResult executionId="4ad486b6-07b1-4581-a00b-bc117df8dcea" testId="66159351-a0e8-438f-9cb8-51dbc9b88f71" testName="Test1439" computerName="UA-LPT-OGA2" duration="00:00:01.5880000" startTime="2025-05-14T13:20:31.3146610Z" endTime="2025-05-14T13:25:31.3147553Z" testType="13cdc9d9-ddb5-4fa4-a97d-d965ccfc6d4b" outcome="Passed" testListId="ef7f6e96-9654-4d09-b7a2-a5c23beffe5f" />
    <UnitTestResult executionId="fbcf10e4-8537-4a60-ba55-200aff53d55e" testId="f82b0ed4-9f5d-49e0-aa57-504b44ca2176" testName="Test1440" computerName="UA-LPT-OGA2" duration="00:00:01.5440000" startTime="2025-05-14T13:20:31.3146610Z" endTime="2025-05-14T13:25:31.3147553Z" testType="13cdc9d9-ddb5-4fa4-a97d-d965ccfc6d4b" outcome="Passed" testListId="ef7f6e96-9654-4d09-b7a2-a5c23beffe5f" />
    <UnitTestResult executionId="22f56ac8-97b3-4c50-9b0d-23bc49370444" testId="bee40d7b-1345-4deb-9ac5-299798e425ce" testName="Test1441" computerName="UA-LPT-OGA2" duration="00:00:00.7880000" startTime="2025-05-14T13:20:31.3146610Z" endTime="2025-05-14T13:25:31.3147553Z" testType="13cdc9d9-ddb5-4fa4-a97d-d965ccfc6d4b" outcome="Passed" testListId="ef7f6e96-9654-4d09-b7a2-a5c23beffe5f" />
    <UnitTestResult executionId="e4db7d48-0cf4-4786-896c-ec7e488fe167" testId="98fa651d-8c5e-48c8-a3b9-a142b80d3985" testName="Test1442" computerName="UA-LPT-OGA2" duration="00:00:01.5470000" startTime="2025-05-14T13:20:31.3146610Z" endTime="2025-05-14T13:25:31.3147553Z" testType="13cdc9d9-ddb5-4fa4-a97d-d965ccfc6d4b" outcome="Passed" testListId="ef7f6e96-9654-4d09-b7a2-a5c23beffe5f" />
    <UnitTestResult executionId="096f4e4e-e06b-40c5-95b1-b243b66275b0" testId="8ac08f2e-20de-483c-81c3-b4ad84570000" testName="Test1443" computerName="UA-LPT-OGA2" duration="00:00:01.0050000" startTime="2025-05-14T13:20:31.3146610Z" endTime="2025-05-14T13:25:31.3147553Z" testType="13cdc9d9-ddb5-4fa4-a97d-d965ccfc6d4b" outcome="Passed" testListId="ef7f6e96-9654-4d09-b7a2-a5c23beffe5f" />
    <UnitTestResult executionId="eb2b971f-9d97-486d-b68b-b296525600c2" testId="621e754d-14db-4667-af7c-27f1681f810c" testName="Test1444" computerName="UA-LPT-OGA2" duration="00:00:01.0610000" startTime="2025-05-14T13:20:31.3146610Z" endTime="2025-05-14T13:25:31.3147553Z" testType="13cdc9d9-ddb5-4fa4-a97d-d965ccfc6d4b" outcome="Passed" testListId="ef7f6e96-9654-4d09-b7a2-a5c23beffe5f" />
    <UnitTestResult executionId="d8218bd6-0083-47ca-83d0-4ca7e710c997" testId="a4a4ff0e-c831-4c56-b22a-b153baacee5a" testName="Test1445" computerName="UA-LPT-OGA2" duration="00:00:00.8180000" startTime="2025-05-14T13:20:31.3146610Z" endTime="2025-05-14T13:25:31.3147553Z" testType="13cdc9d9-ddb5-4fa4-a97d-d965ccfc6d4b" outcome="Passed" testListId="ef7f6e96-9654-4d09-b7a2-a5c23beffe5f" />
    <UnitTestResult executionId="a709771e-689e-4a0e-a6a5-b40b097b4bdc" testId="2a874834-334c-4355-82fa-f3c5e0bbc965" testName="Test1446" computerName="UA-LPT-OGA2" duration="00:00:01.8600000" startTime="2025-05-14T13:20:31.3146610Z" endTime="2025-05-14T13:25:31.3147553Z" testType="13cdc9d9-ddb5-4fa4-a97d-d965ccfc6d4b" outcome="Passed" testListId="ef7f6e96-9654-4d09-b7a2-a5c23beffe5f" />
    <UnitTestResult executionId="57020e99-d251-47a1-a623-6d3f72f8f88f" testId="4bb967e5-a3eb-4799-ad7a-2776efefdf41" testName="Test1447" computerName="UA-LPT-OGA2" duration="00:00:00.8100000" startTime="2025-05-14T13:20:31.3146610Z" endTime="2025-05-14T13:25:31.3147553Z" testType="13cdc9d9-ddb5-4fa4-a97d-d965ccfc6d4b" outcome="Passed" testListId="ef7f6e96-9654-4d09-b7a2-a5c23beffe5f" />
    <UnitTestResult executionId="b918a303-5412-4837-9ca0-ec72026802e3" testId="228dc70f-0d66-4bf6-9d6b-46bf92a861a2" testName="Test1448" computerName="UA-LPT-OGA2" duration="00:00:01.5510000" startTime="2025-05-14T13:20:31.3146610Z" endTime="2025-05-14T13:25:31.3147553Z" testType="13cdc9d9-ddb5-4fa4-a97d-d965ccfc6d4b" outcome="Passed" testListId="ef7f6e96-9654-4d09-b7a2-a5c23beffe5f" />
    <UnitTestResult executionId="a04cd46d-360a-4e9f-96a1-61928168b73f" testId="71314278-3deb-4036-8edd-2bbcd5ae56be" testName="Test1449" computerName="UA-LPT-OGA2" duration="00:00:01.0120000" startTime="2025-05-14T13:20:31.3146610Z" endTime="2025-05-14T13:25:31.3147553Z" testType="13cdc9d9-ddb5-4fa4-a97d-d965ccfc6d4b" outcome="Passed" testListId="ef7f6e96-9654-4d09-b7a2-a5c23beffe5f" />
    <UnitTestResult executionId="9f90c59c-595b-4c84-81ea-bbf5c056df41" testId="78dfd1b7-5d00-4f29-a4a1-598e903b7eb9" testName="Test1450" computerName="UA-LPT-OGA2" duration="00:00:00.6750000" startTime="2025-05-14T13:20:31.3146610Z" endTime="2025-05-14T13:25:31.3147553Z" testType="13cdc9d9-ddb5-4fa4-a97d-d965ccfc6d4b" outcome="Passed" testListId="ef7f6e96-9654-4d09-b7a2-a5c23beffe5f" />
    <UnitTestResult executionId="19c56080-6ad6-42b8-8996-688deb7f33b0" testId="dffa5357-d4e2-46fe-9083-069edbbd21ff" testName="Test1451" computerName="UA-LPT-OGA2" duration="00:00:01.5720000" startTime="2025-05-14T13:20:31.3146610Z" endTime="2025-05-14T13:25:31.3147553Z" testType="13cdc9d9-ddb5-4fa4-a97d-d965ccfc6d4b" outcome="Passed" testListId="ef7f6e96-9654-4d09-b7a2-a5c23beffe5f" />
    <UnitTestResult executionId="3a74d188-1090-4179-946c-b51c82a99d5f" testId="164b40d7-3068-4245-b138-691f1fc18064" testName="Test1452" computerName="UA-LPT-OGA2" duration="00:00:01.7000000" startTime="2025-05-14T13:20:31.3146610Z" endTime="2025-05-14T13:25:31.3147553Z" testType="13cdc9d9-ddb5-4fa4-a97d-d965ccfc6d4b" outcome="Passed" testListId="ef7f6e96-9654-4d09-b7a2-a5c23beffe5f" />
    <UnitTestResult executionId="accc4c12-4f66-47be-a927-bb3dd081345c" testId="b7306253-b33d-4236-99b0-e4d77bfaa080" testName="Test1453" computerName="UA-LPT-OGA2" duration="00:00:00.9990000" startTime="2025-05-14T13:20:31.3146610Z" endTime="2025-05-14T13:25:31.3147553Z" testType="13cdc9d9-ddb5-4fa4-a97d-d965ccfc6d4b" outcome="Passed" testListId="ef7f6e96-9654-4d09-b7a2-a5c23beffe5f" />
    <UnitTestResult executionId="8d7b5653-4224-4df6-b340-27d416811842" testId="becd47fa-7596-40cf-bb98-077a120a263a" testName="Test1454" computerName="UA-LPT-OGA2" duration="00:00:00.2240000" startTime="2025-05-14T13:20:31.3146610Z" endTime="2025-05-14T13:25:31.3147553Z" testType="13cdc9d9-ddb5-4fa4-a97d-d965ccfc6d4b" outcome="Passed" testListId="ef7f6e96-9654-4d09-b7a2-a5c23beffe5f" />
    <UnitTestResult executionId="2f21e841-e226-43eb-afff-a94f1426d6bc" testId="d1a62392-b923-4c80-ae53-e1ce89527b3a" testName="Test1455" computerName="UA-LPT-OGA2" duration="00:00:01.2590000" startTime="2025-05-14T13:20:31.3146610Z" endTime="2025-05-14T13:25:31.3147553Z" testType="13cdc9d9-ddb5-4fa4-a97d-d965ccfc6d4b" outcome="Passed" testListId="ef7f6e96-9654-4d09-b7a2-a5c23beffe5f" />
    <UnitTestResult executionId="5cf4f230-32fa-44d6-9889-ff5d96c83ea1" testId="68b58001-efc8-45cc-8eed-ff53eaeb1abf" testName="Test1456" computerName="UA-LPT-OGA2" duration="00:00:00.8930000" startTime="2025-05-14T13:20:31.3146610Z" endTime="2025-05-14T13:25:31.3147553Z" testType="13cdc9d9-ddb5-4fa4-a97d-d965ccfc6d4b" outcome="Passed" testListId="ef7f6e96-9654-4d09-b7a2-a5c23beffe5f" />
    <UnitTestResult executionId="b5acbcf1-d1a3-4a49-a97d-bad683dedce4" testId="c61a3519-20b5-43df-adaf-e4cbcce2b406" testName="Test1457" computerName="UA-LPT-OGA2" duration="00:00:01.7670000" startTime="2025-05-14T13:20:31.3146610Z" endTime="2025-05-14T13:25:31.3147553Z" testType="13cdc9d9-ddb5-4fa4-a97d-d965ccfc6d4b" outcome="Passed" testListId="ef7f6e96-9654-4d09-b7a2-a5c23beffe5f" />
    <UnitTestResult executionId="25ff6d4a-434d-4733-98d2-304ef1d80d1f" testId="e472edf4-7f23-4c29-a4a2-1f6d348cf407" testName="Test1458" computerName="UA-LPT-OGA2" duration="00:00:00.0620000" startTime="2025-05-14T13:20:31.3146610Z" endTime="2025-05-14T13:25:31.3147553Z" testType="13cdc9d9-ddb5-4fa4-a97d-d965ccfc6d4b" outcome="Passed" testListId="ef7f6e96-9654-4d09-b7a2-a5c23beffe5f" />
    <UnitTestResult executionId="3e2780ca-21e6-4bbc-935a-60cc31c9b98e" testId="d9851075-d596-4b8f-9ccc-e710e21ae291" testName="Test1459" computerName="UA-LPT-OGA2" duration="00:00:01.5650000" startTime="2025-05-14T13:20:31.3146610Z" endTime="2025-05-14T13:25:31.3147553Z" testType="13cdc9d9-ddb5-4fa4-a97d-d965ccfc6d4b" outcome="Passed" testListId="ef7f6e96-9654-4d09-b7a2-a5c23beffe5f" />
    <UnitTestResult executionId="205060f5-23e7-42c3-9786-bed0a2ce0629" testId="71c571a0-ba16-4792-af09-835e6ec6bedb" testName="Test1460" computerName="UA-LPT-OGA2" duration="00:00:00.0890000" startTime="2025-05-14T13:20:31.3146610Z" endTime="2025-05-14T13:25:31.3147553Z" testType="13cdc9d9-ddb5-4fa4-a97d-d965ccfc6d4b" outcome="Passed" testListId="ef7f6e96-9654-4d09-b7a2-a5c23beffe5f" />
    <UnitTestResult executionId="b7345435-3655-4c0c-8148-f0d4db6d9b4f" testId="039c6622-1506-45cc-9757-1ed50ad31104" testName="Test1461" computerName="UA-LPT-OGA2" duration="00:00:01.9690000" startTime="2025-05-14T13:20:31.3146610Z" endTime="2025-05-14T13:25:31.3147553Z" testType="13cdc9d9-ddb5-4fa4-a97d-d965ccfc6d4b" outcome="Passed" testListId="ef7f6e96-9654-4d09-b7a2-a5c23beffe5f" />
    <UnitTestResult executionId="c1bf9c57-57ff-4717-8f3a-e8675cdc15c8" testId="c60fd129-6b04-475b-80f7-2883abd34f5f" testName="Test1462" computerName="UA-LPT-OGA2" duration="00:00:01.1120000" startTime="2025-05-14T13:20:31.3146610Z" endTime="2025-05-14T13:25:31.3147553Z" testType="13cdc9d9-ddb5-4fa4-a97d-d965ccfc6d4b" outcome="Passed" testListId="ef7f6e96-9654-4d09-b7a2-a5c23beffe5f" />
    <UnitTestResult executionId="281e03cb-be31-47b2-9332-74a354482ae5" testId="6229edd5-65bd-41f9-a118-deb7dfd3d30e" testName="Test1463" computerName="UA-LPT-OGA2" duration="00:00:01.2700000" startTime="2025-05-14T13:20:31.3146610Z" endTime="2025-05-14T13:25:31.3147553Z" testType="13cdc9d9-ddb5-4fa4-a97d-d965ccfc6d4b" outcome="Passed" testListId="ef7f6e96-9654-4d09-b7a2-a5c23beffe5f" />
    <UnitTestResult executionId="fec51ed1-8b77-40c7-8588-73dcf2d072a6" testId="e6e5fac6-5a45-48d8-98e5-7eebd9975a97" testName="Test1464" computerName="UA-LPT-OGA2" duration="00:00:00.0760000" startTime="2025-05-14T13:20:31.3146610Z" endTime="2025-05-14T13:25:31.3147553Z" testType="13cdc9d9-ddb5-4fa4-a97d-d965ccfc6d4b" outcome="Passed" testListId="ef7f6e96-9654-4d09-b7a2-a5c23beffe5f" />
    <UnitTestResult executionId="41fb00f3-89a6-46b3-b02a-aee80612a919" testId="85f499f6-ad50-43be-968e-c3e995ec7041" testName="Test1465" computerName="UA-LPT-OGA2" duration="00:00:01.8190000" startTime="2025-05-14T13:20:31.3146610Z" endTime="2025-05-14T13:25:31.3147553Z" testType="13cdc9d9-ddb5-4fa4-a97d-d965ccfc6d4b" outcome="Failed" testListId="ef7f6e96-9654-4d09-b7a2-a5c23beffe5f">
      <Output>
        <ErrorInfo>
          <Message>Assertion failed: Expected value did not match actual value.</Message>
          <StackTrace>   at TestNamespace.TestClass.Test() in TestClass.cs:line 99</StackTrace>
        </ErrorInfo>
      </Output>
    </UnitTestResult>
    <UnitTestResult executionId="c3c2101d-0bc3-46ea-8a90-28fcfecce6ff" testId="5e502abe-935e-47dc-814f-c24d4a61a6a6" testName="Test1466" computerName="UA-LPT-OGA2" duration="00:00:01.5010000" startTime="2025-05-14T13:20:31.3146610Z" endTime="2025-05-14T13:25:31.3147553Z" testType="13cdc9d9-ddb5-4fa4-a97d-d965ccfc6d4b" outcome="Passed" testListId="ef7f6e96-9654-4d09-b7a2-a5c23beffe5f" />
    <UnitTestResult executionId="9862032d-49f0-4b03-b5a1-ad64479a34a3" testId="67d71e2d-2735-4a89-a51e-418bf90f850b" testName="Test1467" computerName="UA-LPT-OGA2" duration="00:00:01.6930000" startTime="2025-05-14T13:20:31.3146610Z" endTime="2025-05-14T13:25:31.3147553Z" testType="13cdc9d9-ddb5-4fa4-a97d-d965ccfc6d4b" outcome="Passed" testListId="ef7f6e96-9654-4d09-b7a2-a5c23beffe5f" />
    <UnitTestResult executionId="431a77a5-1c71-44ab-a441-bab508aa1fd3" testId="65976993-c094-4e83-9b64-1f0420977fb8" testName="Test1468" computerName="UA-LPT-OGA2" duration="00:00:01.8630000" startTime="2025-05-14T13:20:31.3146610Z" endTime="2025-05-14T13:25:31.3147553Z" testType="13cdc9d9-ddb5-4fa4-a97d-d965ccfc6d4b" outcome="Passed" testListId="ef7f6e96-9654-4d09-b7a2-a5c23beffe5f" />
    <UnitTestResult executionId="ca08e2c4-3b3e-4a53-9e72-a35ab3e7fa66" testId="cd628c39-47fd-4091-a0ed-a02fc58e92e6" testName="Test1469" computerName="UA-LPT-OGA2" duration="00:00:01.4710000" startTime="2025-05-14T13:20:31.3146610Z" endTime="2025-05-14T13:25:31.3147553Z" testType="13cdc9d9-ddb5-4fa4-a97d-d965ccfc6d4b" outcome="Passed" testListId="ef7f6e96-9654-4d09-b7a2-a5c23beffe5f" />
    <UnitTestResult executionId="4f3c68a3-e4de-4dd3-89ba-492bcad8ad0f" testId="c6d5432d-e16d-4ef1-8bc0-4f7e6389cb2a" testName="Test1470" computerName="UA-LPT-OGA2" duration="00:00:01.7300000" startTime="2025-05-14T13:20:31.3146610Z" endTime="2025-05-14T13:25:31.3147553Z" testType="13cdc9d9-ddb5-4fa4-a97d-d965ccfc6d4b" outcome="Passed" testListId="ef7f6e96-9654-4d09-b7a2-a5c23beffe5f" />
    <UnitTestResult executionId="53992dfd-f9a3-4b51-a377-b5ec254ce43e" testId="34b37d21-3767-4308-8039-aea0a9eb502e" testName="Test1471" computerName="UA-LPT-OGA2" duration="00:00:00.4680000" startTime="2025-05-14T13:20:31.3146610Z" endTime="2025-05-14T13:25:31.3147553Z" testType="13cdc9d9-ddb5-4fa4-a97d-d965ccfc6d4b" outcome="Passed" testListId="ef7f6e96-9654-4d09-b7a2-a5c23beffe5f" />
    <UnitTestResult executionId="53df21d9-6619-4234-93c7-b9428c51aa26" testId="82b79ba6-7e02-4191-9afe-346ab51100e4" testName="Test1472" computerName="UA-LPT-OGA2" duration="00:00:01.6200000" startTime="2025-05-14T13:20:31.3146610Z" endTime="2025-05-14T13:25:31.3147553Z" testType="13cdc9d9-ddb5-4fa4-a97d-d965ccfc6d4b" outcome="Passed" testListId="ef7f6e96-9654-4d09-b7a2-a5c23beffe5f" />
    <UnitTestResult executionId="eb41990e-15a9-49b9-8ddf-b68306f5796f" testId="db2d4cca-7751-4231-8bf8-37e443ed4d4e" testName="Test1473" computerName="UA-LPT-OGA2" duration="00:00:01.2320000" startTime="2025-05-14T13:20:31.3146610Z" endTime="2025-05-14T13:25:31.3147553Z" testType="13cdc9d9-ddb5-4fa4-a97d-d965ccfc6d4b" outcome="Passed" testListId="ef7f6e96-9654-4d09-b7a2-a5c23beffe5f" />
    <UnitTestResult executionId="67bba7c4-4c47-4a68-a409-48c8adec4805" testId="81b0e96c-c0e5-4334-ad34-29c96f8b9ff0" testName="Test1474" computerName="UA-LPT-OGA2" duration="00:00:00.6250000" startTime="2025-05-14T13:20:31.3146610Z" endTime="2025-05-14T13:25:31.3147553Z" testType="13cdc9d9-ddb5-4fa4-a97d-d965ccfc6d4b" outcome="Passed" testListId="ef7f6e96-9654-4d09-b7a2-a5c23beffe5f" />
    <UnitTestResult executionId="f25c9115-dd0e-4daf-babe-f4a6aa4dcfa1" testId="3a87b3f1-9bd4-4029-bdc5-a51615e88711" testName="Test1475" computerName="UA-LPT-OGA2" duration="00:00:00.8260000" startTime="2025-05-14T13:20:31.3146610Z" endTime="2025-05-14T13:25:31.3147553Z" testType="13cdc9d9-ddb5-4fa4-a97d-d965ccfc6d4b" outcome="Passed" testListId="ef7f6e96-9654-4d09-b7a2-a5c23beffe5f" />
    <UnitTestResult executionId="50a8d09a-e7b7-4152-bf9d-0ed7848e99ed" testId="ebea0508-5d13-4fd9-b002-0d715f66efe6" testName="Test1476" computerName="UA-LPT-OGA2" duration="00:00:00.5090000" startTime="2025-05-14T13:20:31.3146610Z" endTime="2025-05-14T13:25:31.3147553Z" testType="13cdc9d9-ddb5-4fa4-a97d-d965ccfc6d4b" outcome="Passed" testListId="ef7f6e96-9654-4d09-b7a2-a5c23beffe5f" />
    <UnitTestResult executionId="d64757fd-683c-4a68-af20-be4b74995949" testId="f1c28be3-ea45-4f10-a76f-e6a27625bafb" testName="Test1477" computerName="UA-LPT-OGA2" duration="00:00:01.9940000" startTime="2025-05-14T13:20:31.3146610Z" endTime="2025-05-14T13:25:31.3147553Z" testType="13cdc9d9-ddb5-4fa4-a97d-d965ccfc6d4b" outcome="Passed" testListId="ef7f6e96-9654-4d09-b7a2-a5c23beffe5f" />
    <UnitTestResult executionId="f51445b0-6f18-464b-8136-f94335227339" testId="7ab0fdd5-ebe3-42c0-b1d3-79a971df7b05" testName="Test1478" computerName="UA-LPT-OGA2" duration="00:00:01.7150000" startTime="2025-05-14T13:20:31.3146610Z" endTime="2025-05-14T13:25:31.3147553Z" testType="13cdc9d9-ddb5-4fa4-a97d-d965ccfc6d4b" outcome="Passed" testListId="ef7f6e96-9654-4d09-b7a2-a5c23beffe5f" />
    <UnitTestResult executionId="056af926-4673-4c01-932c-8d87beec7143" testId="4e65db9b-3a05-48b6-9824-4d72c7e628fc" testName="Test1479" computerName="UA-LPT-OGA2" duration="00:00:01.5870000" startTime="2025-05-14T13:20:31.3146610Z" endTime="2025-05-14T13:25:31.3147553Z" testType="13cdc9d9-ddb5-4fa4-a97d-d965ccfc6d4b" outcome="Passed" testListId="ef7f6e96-9654-4d09-b7a2-a5c23beffe5f" />
    <UnitTestResult executionId="383fbe12-e89b-4641-8c30-4720ff7a4968" testId="3b8739d5-4434-464b-bd90-0f3235f4ed25" testName="Test1480" computerName="UA-LPT-OGA2" duration="00:00:01.8880000" startTime="2025-05-14T13:20:31.3146610Z" endTime="2025-05-14T13:25:31.3147553Z" testType="13cdc9d9-ddb5-4fa4-a97d-d965ccfc6d4b" outcome="Passed" testListId="ef7f6e96-9654-4d09-b7a2-a5c23beffe5f" />
    <UnitTestResult executionId="d5bcd69c-0201-45ed-b1bc-3dd9a97ad184" testId="99d44082-0c4f-4b0d-a15d-f6f8c8b9e07b" testName="Test1481" computerName="UA-LPT-OGA2" duration="00:00:01.6860000" startTime="2025-05-14T13:20:31.3146610Z" endTime="2025-05-14T13:25:31.3147553Z" testType="13cdc9d9-ddb5-4fa4-a97d-d965ccfc6d4b" outcome="Passed" testListId="ef7f6e96-9654-4d09-b7a2-a5c23beffe5f" />
    <UnitTestResult executionId="ccf1aceb-65b1-4bce-9e4d-a6cbaae0b093" testId="ffa0c9f4-366b-4bbe-bc06-5ee518aba0a8" testName="Test1482" computerName="UA-LPT-OGA2" duration="00:00:01.5030000" startTime="2025-05-14T13:20:31.3146610Z" endTime="2025-05-14T13:25:31.3147553Z" testType="13cdc9d9-ddb5-4fa4-a97d-d965ccfc6d4b" outcome="Passed" testListId="ef7f6e96-9654-4d09-b7a2-a5c23beffe5f" />
    <UnitTestResult executionId="5f975184-1fea-4221-83f1-6a6b2132c928" testId="7b4f8ed0-c4ae-4f16-9761-44b150750b4e" testName="Test1483" computerName="UA-LPT-OGA2" duration="00:00:01.7400000" startTime="2025-05-14T13:20:31.3146610Z" endTime="2025-05-14T13:25:31.3147553Z" testType="13cdc9d9-ddb5-4fa4-a97d-d965ccfc6d4b" outcome="Passed" testListId="ef7f6e96-9654-4d09-b7a2-a5c23beffe5f" />
    <UnitTestResult executionId="44a93345-0dc3-4022-abef-0b77bc8c0afa" testId="c5770452-d556-4630-82b4-5eddbb5bcf06" testName="Test1484" computerName="UA-LPT-OGA2" duration="00:00:01.3350000" startTime="2025-05-14T13:20:31.3146610Z" endTime="2025-05-14T13:25:31.3147553Z" testType="13cdc9d9-ddb5-4fa4-a97d-d965ccfc6d4b" outcome="Passed" testListId="ef7f6e96-9654-4d09-b7a2-a5c23beffe5f" />
    <UnitTestResult executionId="2d2c4f14-c0f3-457d-bcc1-a20e88277f71" testId="e717c613-f328-4b95-8860-77e889364300" testName="Test1485" computerName="UA-LPT-OGA2" duration="00:00:00.5980000" startTime="2025-05-14T13:20:31.3146610Z" endTime="2025-05-14T13:25:31.3147553Z" testType="13cdc9d9-ddb5-4fa4-a97d-d965ccfc6d4b" outcome="Passed" testListId="ef7f6e96-9654-4d09-b7a2-a5c23beffe5f" />
    <UnitTestResult executionId="15268164-9b8b-4947-afee-de53aa4893b1" testId="5dfc0d18-c3eb-459d-9f70-f86e83e45019" testName="Test1486" computerName="UA-LPT-OGA2" duration="00:00:01.6060000" startTime="2025-05-14T13:20:31.3146610Z" endTime="2025-05-14T13:25:31.3147553Z" testType="13cdc9d9-ddb5-4fa4-a97d-d965ccfc6d4b" outcome="Passed" testListId="ef7f6e96-9654-4d09-b7a2-a5c23beffe5f" />
    <UnitTestResult executionId="1de92b51-d6c4-45a9-b624-ab2769d08f79" testId="a11b45a9-71ee-4aad-9812-ef7549f56862" testName="Test1487" computerName="UA-LPT-OGA2" duration="00:00:01.4410000" startTime="2025-05-14T13:20:31.3146610Z" endTime="2025-05-14T13:25:31.3147553Z" testType="13cdc9d9-ddb5-4fa4-a97d-d965ccfc6d4b" outcome="Passed" testListId="ef7f6e96-9654-4d09-b7a2-a5c23beffe5f" />
    <UnitTestResult executionId="100b7c7d-4619-4e69-aba7-d5e6fc17fb20" testId="c964fad1-0957-4642-b1d9-c00282f10692" testName="Test1488" computerName="UA-LPT-OGA2" duration="00:00:01.8900000" startTime="2025-05-14T13:20:31.3146610Z" endTime="2025-05-14T13:25:31.3147553Z" testType="13cdc9d9-ddb5-4fa4-a97d-d965ccfc6d4b" outcome="Failed" testListId="ef7f6e96-9654-4d09-b7a2-a5c23beffe5f">
      <Output>
        <ErrorInfo>
          <Message>Assertion failed: Expected value did not match actual value.</Message>
          <StackTrace>   at TestNamespace.TestClass.Test() in TestClass.cs:line 69</StackTrace>
        </ErrorInfo>
      </Output>
    </UnitTestResult>
    <UnitTestResult executionId="161a40e3-421d-4b7b-b988-dc43823c908a" testId="bdfe50e1-45ee-4990-846b-eb791e9ed223" testName="Test1489" computerName="UA-LPT-OGA2" duration="00:00:01.2140000" startTime="2025-05-14T13:20:31.3146610Z" endTime="2025-05-14T13:25:31.3147553Z" testType="13cdc9d9-ddb5-4fa4-a97d-d965ccfc6d4b" outcome="Passed" testListId="ef7f6e96-9654-4d09-b7a2-a5c23beffe5f" />
    <UnitTestResult executionId="8d288c76-f87a-46d2-856e-d8b788a65cb7" testId="a6151147-b800-4622-8b13-fcc05000c6ce" testName="Test1490" computerName="UA-LPT-OGA2" duration="00:00:00.3280000" startTime="2025-05-14T13:20:31.3146610Z" endTime="2025-05-14T13:25:31.3147553Z" testType="13cdc9d9-ddb5-4fa4-a97d-d965ccfc6d4b" outcome="Passed" testListId="ef7f6e96-9654-4d09-b7a2-a5c23beffe5f" />
    <UnitTestResult executionId="24cca20e-82a1-46c8-9ee5-9d4615743164" testId="61bc9307-afea-4c42-8865-c25142ae37d3" testName="Test1491" computerName="UA-LPT-OGA2" duration="00:00:00.0490000" startTime="2025-05-14T13:20:31.3146610Z" endTime="2025-05-14T13:25:31.3147553Z" testType="13cdc9d9-ddb5-4fa4-a97d-d965ccfc6d4b" outcome="Passed" testListId="ef7f6e96-9654-4d09-b7a2-a5c23beffe5f" />
    <UnitTestResult executionId="53456d96-9531-4657-8193-1b53e41a5e63" testId="fdc050e5-0331-4f35-9a1e-3b12086a82c6" testName="Test1492" computerName="UA-LPT-OGA2" duration="00:00:01.2610000" startTime="2025-05-14T13:20:31.3146610Z" endTime="2025-05-14T13:25:31.3147553Z" testType="13cdc9d9-ddb5-4fa4-a97d-d965ccfc6d4b" outcome="Passed" testListId="ef7f6e96-9654-4d09-b7a2-a5c23beffe5f" />
    <UnitTestResult executionId="c25a6ec0-14c5-4066-859e-c2c8ce62d714" testId="4e7097ae-a015-4240-936b-716b74afba12" testName="Test1493" computerName="UA-LPT-OGA2" duration="00:00:00.1440000" startTime="2025-05-14T13:20:31.3146610Z" endTime="2025-05-14T13:25:31.3147553Z" testType="13cdc9d9-ddb5-4fa4-a97d-d965ccfc6d4b" outcome="Passed" testListId="ef7f6e96-9654-4d09-b7a2-a5c23beffe5f" />
    <UnitTestResult executionId="ed821ce3-b77b-407b-a06a-c188ddd76371" testId="f5826fbd-423b-4a86-9940-360d37f66979" testName="Test1494" computerName="UA-LPT-OGA2" duration="00:00:00.0640000" startTime="2025-05-14T13:20:31.3146610Z" endTime="2025-05-14T13:25:31.3147553Z" testType="13cdc9d9-ddb5-4fa4-a97d-d965ccfc6d4b" outcome="Passed" testListId="ef7f6e96-9654-4d09-b7a2-a5c23beffe5f" />
    <UnitTestResult executionId="5726e351-b707-4050-af77-e89a464c98e1" testId="bcf5e6a9-a619-4f0b-ba79-a06f7a02f2e1" testName="Test1495" computerName="UA-LPT-OGA2" duration="00:00:01.4200000" startTime="2025-05-14T13:20:31.3146610Z" endTime="2025-05-14T13:25:31.3147553Z" testType="13cdc9d9-ddb5-4fa4-a97d-d965ccfc6d4b" outcome="Passed" testListId="ef7f6e96-9654-4d09-b7a2-a5c23beffe5f" />
    <UnitTestResult executionId="bf1701b7-552b-4d74-b8aa-2b7d311099d6" testId="78268fcb-77b1-4047-be45-30fe41353aa9" testName="Test1496" computerName="UA-LPT-OGA2" duration="00:00:01.0020000" startTime="2025-05-14T13:20:31.3146610Z" endTime="2025-05-14T13:25:31.3147553Z" testType="13cdc9d9-ddb5-4fa4-a97d-d965ccfc6d4b" outcome="Passed" testListId="ef7f6e96-9654-4d09-b7a2-a5c23beffe5f" />
    <UnitTestResult executionId="642e21cf-b367-49c6-9aa8-b654ad7f025b" testId="2af6a350-3832-403d-93a5-1cf8f26ca6d7" testName="Test1497" computerName="UA-LPT-OGA2" duration="00:00:00.5290000" startTime="2025-05-14T13:20:31.3146610Z" endTime="2025-05-14T13:25:31.3147553Z" testType="13cdc9d9-ddb5-4fa4-a97d-d965ccfc6d4b" outcome="Passed" testListId="ef7f6e96-9654-4d09-b7a2-a5c23beffe5f" />
    <UnitTestResult executionId="dd35c86f-9502-415c-a1f4-0b2c4e6236bc" testId="1edae5d6-770c-4a00-b90a-ac740abf52a0" testName="Test1498" computerName="UA-LPT-OGA2" duration="00:00:01.1790000" startTime="2025-05-14T13:20:31.3146610Z" endTime="2025-05-14T13:25:31.3147553Z" testType="13cdc9d9-ddb5-4fa4-a97d-d965ccfc6d4b" outcome="Passed" testListId="ef7f6e96-9654-4d09-b7a2-a5c23beffe5f" />
    <UnitTestResult executionId="a375f068-bc94-429d-bb98-32921022f836" testId="d1b29486-3e61-46c1-8e83-346becadbf73" testName="Test1499" computerName="UA-LPT-OGA2" duration="00:00:01.8660000" startTime="2025-05-14T13:20:31.3146610Z" endTime="2025-05-14T13:25:31.3147553Z" testType="13cdc9d9-ddb5-4fa4-a97d-d965ccfc6d4b" outcome="Passed" testListId="ef7f6e96-9654-4d09-b7a2-a5c23beffe5f" />
    <UnitTestResult executionId="e0183f23-9c4d-4f3c-86cc-77b5ee7b4850" testId="63880496-f358-4326-a2f2-28c96b88c613" testName="Test1500" computerName="UA-LPT-OGA2" duration="00:00:01.4060000" startTime="2025-05-14T13:20:31.3146610Z" endTime="2025-05-14T13:25:31.3147553Z" testType="13cdc9d9-ddb5-4fa4-a97d-d965ccfc6d4b" outcome="Passed" testListId="ef7f6e96-9654-4d09-b7a2-a5c23beffe5f" />
  </Results>
  <TestDefinitions>
    <UnitTest name="Test1401" id="53772e4d-33cf-4534-a6f5-9ef499ff31e2" storage="TestAssembly.dll">
      <Execution id="4e965d82-cd81-4f01-b6de-c3dde74b6640" />
      <TestMethod codeBase="TestAssembly.dll" className="TestNamespace.TestClass1" name="Test1401" />
    </UnitTest>
    <UnitTest name="Test1402" id="b03105ea-0c83-4f05-b668-4510a2f98e56" storage="TestAssembly.dll">
      <Execution id="983215f6-22d4-4b54-aa2e-6857a2caed83" />
      <TestMethod codeBase="TestAssembly.dll" className="TestNamespace.TestClass1" name="Test1402" />
    </UnitTest>
    <UnitTest name="Test1403" id="046ef1e0-c034-4749-84fd-3028209c8ddb" storage="TestAssembly.dll">
      <Execution id="aede0f3d-14e9-4aa9-a76a-992489b0eb35" />
      <TestMethod codeBase="TestAssembly.dll" className="TestNamespace.TestClass1" name="Test1403" />
    </UnitTest>
    <UnitTest name="Test1404" id="6bf3d006-79a1-42b4-9e74-3955bb822dfb" storage="TestAssembly.dll">
      <Execution id="761ce340-0b53-478a-92a6-04097b3489ff" />
      <TestMethod codeBase="TestAssembly.dll" className="TestNamespace.TestClass1" name="Test1404" />
    </UnitTest>
    <UnitTest name="Test1405" id="33a0a388-3aab-468c-b2db-8b9af487725b" storage="TestAssembly.dll">
      <Execution id="2b87cddf-f01a-4244-b86e-771a4b7a7787" />
      <TestMethod codeBase="TestAssembly.dll" className="TestNamespace.TestClass1" name="Test1405" />
    </UnitTest>
    <UnitTest name="Test1406" id="e8bad3d5-5ebc-446b-8681-bce19231162f" storage="TestAssembly.dll">
      <Execution id="612db288-30f6-4421-a948-0b34bbebf1f2" />
      <TestMethod codeBase="TestAssembly.dll" className="TestNamespace.TestClass1" name="Test1406" />
    </UnitTest>
    <UnitTest name="Test1407" id="d58cba3b-83c9-40bc-9a9e-56bdefda1045" storage="TestAssembly.dll">
      <Execution id="27182253-58ec-4f41-95ce-81d7ff976921" />
      <TestMethod codeBase="TestAssembly.dll" className="TestNamespace.TestClass1" name="Test1407" />
    </UnitTest>
    <UnitTest name="Test1408" id="443bbd11-6db6-4787-85ef-2e1c9fe5aefd" storage="TestAssembly.dll">
      <Execution id="8af7dea0-7bdd-4543-849b-2fdc67d18a4f" />
      <TestMethod codeBase="TestAssembly.dll" className="TestNamespace.TestClass1" name="Test1408" />
    </UnitTest>
    <UnitTest name="Test1409" id="6d64ea6c-6040-4cb6-9c74-4c44d0f2372f" storage="TestAssembly.dll">
      <Execution id="4ed76af2-e09b-43b4-ae3f-1f49e27a272c" />
      <TestMethod codeBase="TestAssembly.dll" className="TestNamespace.TestClass1" name="Test1409" />
    </UnitTest>
    <UnitTest name="Test1410" id="326f21a2-b70f-4c88-a8b3-25da3d57c164" storage="TestAssembly.dll">
      <Execution id="9bb364d3-6373-4ab1-9148-1911b882b076" />
      <TestMethod codeBase="TestAssembly.dll" className="TestNamespace.TestClass1" name="Test1410" />
    </UnitTest>
    <UnitTest name="Test1411" id="cb2567f8-2966-4991-8e84-fbb4388b0dc2" storage="TestAssembly.dll">
      <Execution id="2250caf6-40c8-457c-bc4d-777e1069f8a9" />
      <TestMethod codeBase="TestAssembly.dll" className="TestNamespace.TestClass2" name="Test1411" />
    </UnitTest>
    <UnitTest name="Test1412" id="19d8c43b-4f7a-447e-aa8a-68fd7cd7d1bf" storage="TestAssembly.dll">
      <Execution id="5b7c813b-d155-4238-a984-4fcb1cda12a8" />
      <TestMethod codeBase="TestAssembly.dll" className="TestNamespace.TestClass2" name="Test1412" />
    </UnitTest>
    <UnitTest name="Test1413" id="7a34fb35-8223-46e1-a6c0-cf2be523f6f6" storage="TestAssembly.dll">
      <Execution id="94e998b8-9cdd-4c9b-9923-a5c046d6759c" />
      <TestMethod codeBase="TestAssembly.dll" className="TestNamespace.TestClass2" name="Test1413" />
    </UnitTest>
    <UnitTest name="Test1414" id="a7e331e6-6659-4826-be3a-936506327a81" storage="TestAssembly.dll">
      <Execution id="683a24de-dd6f-4b5f-86e7-33c17b928fdb" />
      <TestMethod codeBase="TestAssembly.dll" className="TestNamespace.TestClass2" name="Test1414" />
    </UnitTest>
    <UnitTest name="Test1415" id="050369e2-170f-4a59-91f5-f4cbffb2022c" storage="TestAssembly.dll">
      <Execution id="7bd229eb-2d12-4e64-9597-da7929a63244" />
      <TestMethod codeBase="TestAssembly.dll" className="TestNamespace.TestClass2" name="Test1415" />
    </UnitTest>
    <UnitTest name="Test1416" id="cf4604d4-3a2e-4cf1-b589-8f3e248acfc4" storage="TestAssembly.dll">
      <Execution id="f567bdb0-5897-4180-9fdd-b078271ec098" />
      <TestMethod codeBase="TestAssembly.dll" className="TestNamespace.TestClass2" name="Test1416" />
    </UnitTest>
    <UnitTest name="Test1417" id="aef41b8b-7ff8-4d2e-8638-493006d31603" storage="TestAssembly.dll">
      <Execution id="6e2b9de1-9834-4899-9fd2-7096e3e0bf13" />
      <TestMethod codeBase="TestAssembly.dll" className="TestNamespace.TestClass2" name="Test1417" />
    </UnitTest>
    <UnitTest name="Test1418" id="48952fd1-d2b9-4086-b22c-e13be14b8ba6" storage="TestAssembly.dll">
      <Execution id="7c4162d5-5795-488e-b811-bf370a2bd551" />
      <TestMethod codeBase="TestAssembly.dll" className="TestNamespace.TestClass2" name="Test1418" />
    </UnitTest>
    <UnitTest name="Test1419" id="d2fbba5d-be3f-4a9c-b969-1ad1e751634e" storage="TestAssembly.dll">
      <Execution id="812e02c3-34a4-4a64-b13d-43997fce91a0" />
      <TestMethod codeBase="TestAssembly.dll" className="TestNamespace.TestClass2" name="Test1419" />
    </UnitTest>
    <UnitTest name="Test1420" id="292b410f-82ad-4d60-ac8c-736856a3c03f" storage="TestAssembly.dll">
      <Execution id="0f3fc3f0-df27-4466-bda4-128ff57a4eeb" />
      <TestMethod codeBase="TestAssembly.dll" className="TestNamespace.TestClass2" name="Test1420" />
    </UnitTest>
    <UnitTest name="Test1421" id="d1226323-df00-48f9-a9f2-95f17b0b2dcc" storage="TestAssembly.dll">
      <Execution id="ce597f23-9768-4074-ab7a-b7de434ffd72" />
      <TestMethod codeBase="TestAssembly.dll" className="TestNamespace.TestClass3" name="Test1421" />
    </UnitTest>
    <UnitTest name="Test1422" id="f3993841-ff1e-4904-99be-49995e68ba48" storage="TestAssembly.dll">
      <Execution id="7111eb03-8879-4f56-a5e6-fa7c848e286a" />
      <TestMethod codeBase="TestAssembly.dll" className="TestNamespace.TestClass3" name="Test1422" />
    </UnitTest>
    <UnitTest name="Test1423" id="4c3755ea-a6e0-425b-864f-6cb8aba79f3c" storage="TestAssembly.dll">
      <Execution id="ffd41c8b-c92f-4055-b719-6fec579814c4" />
      <TestMethod codeBase="TestAssembly.dll" className="TestNamespace.TestClass3" name="Test1423" />
    </UnitTest>
    <UnitTest name="Test1424" id="ad1e9932-7e36-488e-8892-a382ba796d9a" storage="TestAssembly.dll">
      <Execution id="38ab2a51-6d27-4b5d-bd83-ac1179ca8b38" />
      <TestMethod codeBase="TestAssembly.dll" className="TestNamespace.TestClass3" name="Test1424" />
    </UnitTest>
    <UnitTest name="Test1425" id="6ee99811-05a2-4657-9a2f-bcc38dcad285" storage="TestAssembly.dll">
      <Execution id="fd38519a-e36c-437a-bf74-298247942062" />
      <TestMethod codeBase="TestAssembly.dll" className="TestNamespace.TestClass3" name="Test1425" />
    </UnitTest>
    <UnitTest name="Test1426" id="f18dc754-72d8-4c45-8806-0131cdc5346d" storage="TestAssembly.dll">
      <Execution id="4423c68c-e11b-4a1c-bbdf-cd73469e7a4b" />
      <TestMethod codeBase="TestAssembly.dll" className="TestNamespace.TestClass3" name="Test1426" />
    </UnitTest>
    <UnitTest name="Test1427" id="132ae0ed-8ef8-4b69-b6a2-3b2cacf0d180" storage="TestAssembly.dll">
      <Execution id="7183c339-e4e5-41cb-8e95-86dcae2c289c" />
      <TestMethod codeBase="TestAssembly.dll" className="TestNamespace.TestClass3" name="Test1427" />
    </UnitTest>
    <UnitTest name="Test1428" id="e2545fde-e1bd-4070-95bf-9a5abdb3493c" storage="TestAssembly.dll">
      <Execution id="220e251d-212a-43ae-8247-0f56b0dce32a" />
      <TestMethod codeBase="TestAssembly.dll" className="TestNamespace.TestClass3" name="Test1428" />
    </UnitTest>
    <UnitTest name="Test1429" id="f866e207-7e96-4955-a168-7495aa5eb85d" storage="TestAssembly.dll">
      <Execution id="493f5c88-1762-4ad8-8fce-542b229ba02c" />
      <TestMethod codeBase="TestAssembly.dll" className="TestNamespace.TestClass3" name="Test1429" />
    </UnitTest>
    <UnitTest name="Test1430" id="e65a3acc-efff-4166-a416-c60d5f3fe922" storage="TestAssembly.dll">
      <Execution id="609bdcbb-adee-4561-8ab4-56ada29e53c8" />
      <TestMethod codeBase="TestAssembly.dll" className="TestNamespace.TestClass3" name="Test1430" />
    </UnitTest>
    <UnitTest name="Test1431" id="a721c9cc-4b81-42c0-9e04-2ea17d940011" storage="TestAssembly.dll">
      <Execution id="978a63fc-86b8-4fda-bc68-e1409340a9e7" />
      <TestMethod codeBase="TestAssembly.dll" className="TestNamespace.TestClass4" name="Test1431" />
    </UnitTest>
    <UnitTest name="Test1432" id="5b982cb8-9276-4c77-8b86-44acca0fceea" storage="TestAssembly.dll">
      <Execution id="3e39acba-ebfc-4aa4-b564-184e412765e0" />
      <TestMethod codeBase="TestAssembly.dll" className="TestNamespace.TestClass4" name="Test1432" />
    </UnitTest>
    <UnitTest name="Test1433" id="800013f6-9bde-427a-b678-bd0777b6614e" storage="TestAssembly.dll">
      <Execution id="d581b45d-14d3-4c92-a181-247d883fff91" />
      <TestMethod codeBase="TestAssembly.dll" className="TestNamespace.TestClass4" name="Test1433" />
    </UnitTest>
    <UnitTest name="Test1434" id="ca66cc27-df0a-48e4-93dc-368adc14f1f9" storage="TestAssembly.dll">
      <Execution id="577e5c89-2b18-46b5-a219-abe8d96492a9" />
      <TestMethod codeBase="TestAssembly.dll" className="TestNamespace.TestClass4" name="Test1434" />
    </UnitTest>
    <UnitTest name="Test1435" id="4c8d6bd8-caea-4c2e-9828-eda1f5548232" storage="TestAssembly.dll">
      <Execution id="a0a200d7-b237-4f46-b8b9-386609cdc261" />
      <TestMethod codeBase="TestAssembly.dll" className="TestNamespace.TestClass4" name="Test1435" />
    </UnitTest>
    <UnitTest name="Test1436" id="20d25f37-87f9-40d0-9e93-e220274057a4" storage="TestAssembly.dll">
      <Execution id="79c43c86-9dc9-48ca-b190-74c4d7953fdf" />
      <TestMethod codeBase="TestAssembly.dll" className="TestNamespace.TestClass4" name="Test1436" />
    </UnitTest>
    <UnitTest name="Test1437" id="e8d077d1-8f03-4dfc-88a3-78616d97cbcd" storage="TestAssembly.dll">
      <Execution id="568f768c-7a41-40cc-bcf7-240a4682f22a" />
      <TestMethod codeBase="TestAssembly.dll" className="TestNamespace.TestClass4" name="Test1437" />
    </UnitTest>
    <UnitTest name="Test1438" id="6601f64e-4d15-4b4c-aa5b-9f4240526294" storage="TestAssembly.dll">
      <Execution id="3454d0dd-c735-4d65-aa08-a309e666842e" />
      <TestMethod codeBase="TestAssembly.dll" className="TestNamespace.TestClass4" name="Test1438" />
    </UnitTest>
    <UnitTest name="Test1439" id="66159351-a0e8-438f-9cb8-51dbc9b88f71" storage="TestAssembly.dll">
      <Execution id="4ad486b6-07b1-4581-a00b-bc117df8dcea" />
      <TestMethod codeBase="TestAssembly.dll" className="TestNamespace.TestClass4" name="Test1439" />
    </UnitTest>
    <UnitTest name="Test1440" id="f82b0ed4-9f5d-49e0-aa57-504b44ca2176" storage="TestAssembly.dll">
      <Execution id="fbcf10e4-8537-4a60-ba55-200aff53d55e" />
      <TestMethod codeBase="TestAssembly.dll" className="TestNamespace.TestClass4" name="Test1440" />
    </UnitTest>
    <UnitTest name="Test1441" id="bee40d7b-1345-4deb-9ac5-299798e425ce" storage="TestAssembly.dll">
      <Execution id="22f56ac8-97b3-4c50-9b0d-23bc49370444" />
      <TestMethod codeBase="TestAssembly.dll" className="TestNamespace.TestClass5" name="Test1441" />
    </UnitTest>
    <UnitTest name="Test1442" id="98fa651d-8c5e-48c8-a3b9-a142b80d3985" storage="TestAssembly.dll">
      <Execution id="e4db7d48-0cf4-4786-896c-ec7e488fe167" />
      <TestMethod codeBase="TestAssembly.dll" className="TestNamespace.TestClass5" name="Test1442" />
    </UnitTest>
    <UnitTest name="Test1443" id="8ac08f2e-20de-483c-81c3-b4ad84570000" storage="TestAssembly.dll">
      <Execution id="096f4e4e-e06b-40c5-95b1-b243b66275b0" />
      <TestMethod codeBase="TestAssembly.dll" className="TestNamespace.TestClass5" name="Test1443" />
    </UnitTest>
    <UnitTest name="Test1444" id="621e754d-14db-4667-af7c-27f1681f810c" storage="TestAssembly.dll">
      <Execution id="eb2b971f-9d97-486d-b68b-b296525600c2" />
      <TestMethod codeBase="TestAssembly.dll" className="TestNamespace.TestClass5" name="Test1444" />
    </UnitTest>
    <UnitTest name="Test1445" id="a4a4ff0e-c831-4c56-b22a-b153baacee5a" storage="TestAssembly.dll">
      <Execution id="d8218bd6-0083-47ca-83d0-4ca7e710c997" />
      <TestMethod codeBase="TestAssembly.dll" className="TestNamespace.TestClass5" name="Test1445" />
    </UnitTest>
    <UnitTest name="Test1446" id="2a874834-334c-4355-82fa-f3c5e0bbc965" storage="TestAssembly.dll">
      <Execution id="a709771e-689e-4a0e-a6a5-b40b097b4bdc" />
      <TestMethod codeBase="TestAssembly.dll" className="TestNamespace.TestClass5" name="Test1446" />
    </UnitTest>
    <UnitTest name="Test1447" id="4bb967e5-a3eb-4799-ad7a-2776efefdf41" storage="TestAssembly.dll">
      <Execution id="57020e99-d251-47a1-a623-6d3f72f8f88f" />
      <TestMethod codeBase="TestAssembly.dll" className="TestNamespace.TestClass5" name="Test1447" />
    </UnitTest>
    <UnitTest name="Test1448" id="228dc70f-0d66-4bf6-9d6b-46bf92a861a2" storage="TestAssembly.dll">
      <Execution id="b918a303-5412-4837-9ca0-ec72026802e3" />
      <TestMethod codeBase="TestAssembly.dll" className="TestNamespace.TestClass5" name="Test1448" />
    </UnitTest>
    <UnitTest name="Test1449" id="71314278-3deb-4036-8edd-2bbcd5ae56be" storage="TestAssembly.dll">
      <Execution id="a04cd46d-360a-4e9f-96a1-61928168b73f" />
      <TestMethod codeBase="TestAssembly.dll" className="TestNamespace.TestClass5" name="Test1449" />
    </UnitTest>
    <UnitTest name="Test1450" id="78dfd1b7-5d00-4f29-a4a1-598e903b7eb9" storage="TestAssembly.dll">
      <Execution id="9f90c59c-595b-4c84-81ea-bbf5c056df41" />
      <TestMethod codeBase="TestAssembly.dll" className="TestNamespace.TestClass5" name="Test1450" />
    </UnitTest>
    <UnitTest name="Test1451" id="dffa5357-d4e2-46fe-9083-069edbbd21ff" storage="TestAssembly.dll">
      <Execution id="19c56080-6ad6-42b8-8996-688deb7f33b0" />
      <TestMethod codeBase="TestAssembly.dll" className="TestNamespace.TestClass6" name="Test1451" />
    </UnitTest>
    <UnitTest name="Test1452" id="164b40d7-3068-4245-b138-691f1fc18064" storage="TestAssembly.dll">
      <Execution id="3a74d188-1090-4179-946c-b51c82a99d5f" />
      <TestMethod codeBase="TestAssembly.dll" className="TestNamespace.TestClass6" name="Test1452" />
    </UnitTest>
    <UnitTest name="Test1453" id="b7306253-b33d-4236-99b0-e4d77bfaa080" storage="TestAssembly.dll">
      <Execution id="accc4c12-4f66-47be-a927-bb3dd081345c" />
      <TestMethod codeBase="TestAssembly.dll" className="TestNamespace.TestClass6" name="Test1453" />
    </UnitTest>
    <UnitTest name="Test1454" id="becd47fa-7596-40cf-bb98-077a120a263a" storage="TestAssembly.dll">
      <Execution id="8d7b5653-4224-4df6-b340-27d416811842" />
      <TestMethod codeBase="TestAssembly.dll" className="TestNamespace.TestClass6" name="Test1454" />
    </UnitTest>
    <UnitTest name="Test1455" id="d1a62392-b923-4c80-ae53-e1ce89527b3a" storage="TestAssembly.dll">
      <Execution id="2f21e841-e226-43eb-afff-a94f1426d6bc" />
      <TestMethod codeBase="TestAssembly.dll" className="TestNamespace.TestClass6" name="Test1455" />
    </UnitTest>
    <UnitTest name="Test1456" id="68b58001-efc8-45cc-8eed-ff53eaeb1abf" storage="TestAssembly.dll">
      <Execution id="5cf4f230-32fa-44d6-9889-ff5d96c83ea1" />
      <TestMethod codeBase="TestAssembly.dll" className="TestNamespace.TestClass6" name="Test1456" />
    </UnitTest>
    <UnitTest name="Test1457" id="c61a3519-20b5-43df-adaf-e4cbcce2b406" storage="TestAssembly.dll">
      <Execution id="b5acbcf1-d1a3-4a49-a97d-bad683dedce4" />
      <TestMethod codeBase="TestAssembly.dll" className="TestNamespace.TestClass6" name="Test1457" />
    </UnitTest>
    <UnitTest name="Test1458" id="e472edf4-7f23-4c29-a4a2-1f6d348cf407" storage="TestAssembly.dll">
      <Execution id="25ff6d4a-434d-4733-98d2-304ef1d80d1f" />
      <TestMethod codeBase="TestAssembly.dll" className="TestNamespace.TestClass6" name="Test1458" />
    </UnitTest>
    <UnitTest name="Test1459" id="d9851075-d596-4b8f-9ccc-e710e21ae291" storage="TestAssembly.dll">
      <Execution id="3e2780ca-21e6-4bbc-935a-60cc31c9b98e" />
      <TestMethod codeBase="TestAssembly.dll" className="TestNamespace.TestClass6" name="Test1459" />
    </UnitTest>
    <UnitTest name="Test1460" id="71c571a0-ba16-4792-af09-835e6ec6bedb" storage="TestAssembly.dll">
      <Execution id="205060f5-23e7-42c3-9786-bed0a2ce0629" />
      <TestMethod codeBase="TestAssembly.dll" className="TestNamespace.TestClass6" name="Test1460" />
    </UnitTest>
    <UnitTest name="Test1461" id="039c6622-1506-45cc-9757-1ed50ad31104" storage="TestAssembly.dll">
      <Execution id="b7345435-3655-4c0c-8148-f0d4db6d9b4f" />
      <TestMethod codeBase="TestAssembly.dll" className="TestNamespace.TestClass7" name="Test1461" />
    </UnitTest>
    <UnitTest name="Test1462" id="c60fd129-6b04-475b-80f7-2883abd34f5f" storage="TestAssembly.dll">
      <Execution id="c1bf9c57-57ff-4717-8f3a-e8675cdc15c8" />
      <TestMethod codeBase="TestAssembly.dll" className="TestNamespace.TestClass7" name="Test1462" />
    </UnitTest>
    <UnitTest name="Test1463" id="6229edd5-65bd-41f9-a118-deb7dfd3d30e" storage="TestAssembly.dll">
      <Execution id="281e03cb-be31-47b2-9332-74a354482ae5" />
      <TestMethod codeBase="TestAssembly.dll" className="TestNamespace.TestClass7" name="Test1463" />
    </UnitTest>
    <UnitTest name="Test1464" id="e6e5fac6-5a45-48d8-98e5-7eebd9975a97" storage="TestAssembly.dll">
      <Execution id="fec51ed1-8b77-40c7-8588-73dcf2d072a6" />
      <TestMethod codeBase="TestAssembly.dll" className="TestNamespace.TestClass7" name="Test1464" />
    </UnitTest>
    <UnitTest name="Test1465" id="85f499f6-ad50-43be-968e-c3e995ec7041" storage="TestAssembly.dll">
      <Execution id="41fb00f3-89a6-46b3-b02a-aee80612a919" />
      <TestMethod codeBase="TestAssembly.dll" className="TestNamespace.TestClass7" name="Test1465" />
    </UnitTest>
    <UnitTest name="Test1466" id="5e502abe-935e-47dc-814f-c24d4a61a6a6" storage="TestAssembly.dll">
      <Execution id="c3c2101d-0bc3-46ea-8a90-28fcfecce6ff" />
      <TestMethod codeBase="TestAssembly.dll" className="TestNamespace.TestClass7" name="Test1466" />
    </UnitTest>
    <UnitTest name="Test1467" id="67d71e2d-2735-4a89-a51e-418bf90f850b" storage="TestAssembly.dll">
      <Execution id="9862032d-49f0-4b03-b5a1-ad64479a34a3" />
      <TestMethod codeBase="TestAssembly.dll" className="TestNamespace.TestClass7" name="Test1467" />
    </UnitTest>
    <UnitTest name="Test1468" id="65976993-c094-4e83-9b64-1f0420977fb8" storage="TestAssembly.dll">
      <Execution id="431a77a5-1c71-44ab-a441-bab508aa1fd3" />
      <TestMethod codeBase="TestAssembly.dll" className="TestNamespace.TestClass7" name="Test1468" />
    </UnitTest>
    <UnitTest name="Test1469" id="cd628c39-47fd-4091-a0ed-a02fc58e92e6" storage="TestAssembly.dll">
      <Execution id="ca08e2c4-3b3e-4a53-9e72-a35ab3e7fa66" />
      <TestMethod codeBase="TestAssembly.dll" className="TestNamespace.TestClass7" name="Test1469" />
    </UnitTest>
    <UnitTest name="Test1470" id="c6d5432d-e16d-4ef1-8bc0-4f7e6389cb2a" storage="TestAssembly.dll">
      <Execution id="4f3c68a3-e4de-4dd3-89ba-492bcad8ad0f" />
      <TestMethod codeBase="TestAssembly.dll" className="TestNamespace.TestClass7" name="Test1470" />
    </UnitTest>
    <UnitTest name="Test1471" id="34b37d21-3767-4308-8039-aea0a9eb502e" storage="TestAssembly.dll">
      <Execution id="53992dfd-f9a3-4b51-a377-b5ec254ce43e" />
      <TestMethod codeBase="TestAssembly.dll" className="TestNamespace.TestClass8" name="Test1471" />
    </UnitTest>
    <UnitTest name="Test1472" id="82b79ba6-7e02-4191-9afe-346ab51100e4" storage="TestAssembly.dll">
      <Execution id="53df21d9-6619-4234-93c7-b9428c51aa26" />
      <TestMethod codeBase="TestAssembly.dll" className="TestNamespace.TestClass8" name="Test1472" />
    </UnitTest>
    <UnitTest name="Test1473" id="db2d4cca-7751-4231-8bf8-37e443ed4d4e" storage="TestAssembly.dll">
      <Execution id="eb41990e-15a9-49b9-8ddf-b68306f5796f" />
      <TestMethod codeBase="TestAssembly.dll" className="TestNamespace.TestClass8" name="Test1473" />
    </UnitTest>
    <UnitTest name="Test1474" id="81b0e96c-c0e5-4334-ad34-29c96f8b9ff0" storage="TestAssembly.dll">
      <Execution id="67bba7c4-4c47-4a68-a409-48c8adec4805" />
      <TestMethod codeBase="TestAssembly.dll" className="TestNamespace.TestClass8" name="Test1474" />
    </UnitTest>
    <UnitTest name="Test1475" id="3a87b3f1-9bd4-4029-bdc5-a51615e88711" storage="TestAssembly.dll">
      <Execution id="f25c9115-dd0e-4daf-babe-f4a6aa4dcfa1" />
      <TestMethod codeBase="TestAssembly.dll" className="TestNamespace.TestClass8" name="Test1475" />
    </UnitTest>
    <UnitTest name="Test1476" id="ebea0508-5d13-4fd9-b002-0d715f66efe6" storage="TestAssembly.dll">
      <Execution id="50a8d09a-e7b7-4152-bf9d-0ed7848e99ed" />
      <TestMethod codeBase="TestAssembly.dll" className="TestNamespace.TestClass8" name="Test1476" />
    </UnitTest>
    <UnitTest name="Test1477" id="f1c28be3-ea45-4f10-a76f-e6a27625bafb" storage="TestAssembly.dll">
      <Execution id="d64757fd-683c-4a68-af20-be4b74995949" />
      <TestMethod codeBase="TestAssembly.dll" className="TestNamespace.TestClass8" name="Test1477" />
    </UnitTest>
    <UnitTest name="Test1478" id="7ab0fdd5-ebe3-42c0-b1d3-79a971df7b05" storage="TestAssembly.dll">
      <Execution id="f51445b0-6f18-464b-8136-f94335227339" />
      <TestMethod codeBase="TestAssembly.dll" className="TestNamespace.TestClass8" name="Test1478" />
    </UnitTest>
    <UnitTest name="Test1479" id="4e65db9b-3a05-48b6-9824-4d72c7e628fc" storage="TestAssembly.dll">
      <Execution id="056af926-4673-4c01-932c-8d87beec7143" />
      <TestMethod codeBase="TestAssembly.dll" className="TestNamespace.TestClass8" name="Test1479" />
    </UnitTest>
    <UnitTest name="Test1480" id="3b8739d5-4434-464b-bd90-0f3235f4ed25" storage="TestAssembly.dll">
      <Execution id="383fbe12-e89b-4641-8c30-4720ff7a4968" />
      <TestMethod codeBase="TestAssembly.dll" className="TestNamespace.TestClass8" name="Test1480" />
    </UnitTest>
    <UnitTest name="Test1481" id="99d44082-0c4f-4b0d-a15d-f6f8c8b9e07b" storage="TestAssembly.dll">
      <Execution id="d5bcd69c-0201-45ed-b1bc-3dd9a97ad184" />
      <TestMethod codeBase="TestAssembly.dll" className="TestNamespace.TestClass9" name="Test1481" />
    </UnitTest>
    <UnitTest name="Test1482" id="ffa0c9f4-366b-4bbe-bc06-5ee518aba0a8" storage="TestAssembly.dll">
      <Execution id="ccf1aceb-65b1-4bce-9e4d-a6cbaae0b093" />
      <TestMethod codeBase="TestAssembly.dll" className="TestNamespace.TestClass9" name="Test1482" />
    </UnitTest>
    <UnitTest name="Test1483" id="7b4f8ed0-c4ae-4f16-9761-44b150750b4e" storage="TestAssembly.dll">
      <Execution id="5f975184-1fea-4221-83f1-6a6b2132c928" />
      <TestMethod codeBase="TestAssembly.dll" className="TestNamespace.TestClass9" name="Test1483" />
    </UnitTest>
    <UnitTest name="Test1484" id="c5770452-d556-4630-82b4-5eddbb5bcf06" storage="TestAssembly.dll">
      <Execution id="44a93345-0dc3-4022-abef-0b77bc8c0afa" />
      <TestMethod codeBase="TestAssembly.dll" className="TestNamespace.TestClass9" name="Test1484" />
    </UnitTest>
    <UnitTest name="Test1485" id="e717c613-f328-4b95-8860-77e889364300" storage="TestAssembly.dll">
      <Execution id="2d2c4f14-c0f3-457d-bcc1-a20e88277f71" />
      <TestMethod codeBase="TestAssembly.dll" className="TestNamespace.TestClass9" name="Test1485" />
    </UnitTest>
    <UnitTest name="Test1486" id="5dfc0d18-c3eb-459d-9f70-f86e83e45019" storage="TestAssembly.dll">
      <Execution id="15268164-9b8b-4947-afee-de53aa4893b1" />
      <TestMethod codeBase="TestAssembly.dll" className="TestNamespace.TestClass9" name="Test1486" />
    </UnitTest>
    <UnitTest name="Test1487" id="a11b45a9-71ee-4aad-9812-ef7549f56862" storage="TestAssembly.dll">
      <Execution id="1de92b51-d6c4-45a9-b624-ab2769d08f79" />
      <TestMethod codeBase="TestAssembly.dll" className="TestNamespace.TestClass9" name="Test1487" />
    </UnitTest>
    <UnitTest name="Test1488" id="c964fad1-0957-4642-b1d9-c00282f10692" storage="TestAssembly.dll">
      <Execution id="100b7c7d-4619-4e69-aba7-d5e6fc17fb20" />
      <TestMethod codeBase="TestAssembly.dll" className="TestNamespace.TestClass9" name="Test1488" />
    </UnitTest>
    <UnitTest name="Test1489" id="bdfe50e1-45ee-4990-846b-eb791e9ed223" storage="TestAssembly.dll">
      <Execution id="161a40e3-421d-4b7b-b988-dc43823c908a" />
      <TestMethod codeBase="TestAssembly.dll" className="TestNamespace.TestClass9" name="Test1489" />
    </UnitTest>
    <UnitTest name="Test1490" id="a6151147-b800-4622-8b13-fcc05000c6ce" storage="TestAssembly.dll">
      <Execution id="8d288c76-f87a-46d2-856e-d8b788a65cb7" />
      <TestMethod codeBase="TestAssembly.dll" className="TestNamespace.TestClass9" name="Test1490" />
    </UnitTest>
    <UnitTest name="Test1491" id="61bc9307-afea-4c42-8865-c25142ae37d3" storage="TestAssembly.dll">
      <Execution id="24cca20e-82a1-46c8-9ee5-9d4615743164" />
      <TestMethod codeBase="TestAssembly.dll" className="TestNamespace.TestClass10" name="Test1491" />
    </UnitTest>
    <UnitTest name="Test1492" id="fdc050e5-0331-4f35-9a1e-3b12086a82c6" storage="TestAssembly.dll">
      <Execution id="53456d96-9531-4657-8193-1b53e41a5e63" />
      <TestMethod codeBase="TestAssembly.dll" className="TestNamespace.TestClass10" name="Test1492" />
    </UnitTest>
    <UnitTest name="Test1493" id="4e7097ae-a015-4240-936b-716b74afba12" storage="TestAssembly.dll">
      <Execution id="c25a6ec0-14c5-4066-859e-c2c8ce62d714" />
      <TestMethod codeBase="TestAssembly.dll" className="TestNamespace.TestClass10" name="Test1493" />
    </UnitTest>
    <UnitTest name="Test1494" id="f5826fbd-423b-4a86-9940-360d37f66979" storage="TestAssembly.dll">
      <Execution id="ed821ce3-b77b-407b-a06a-c188ddd76371" />
      <TestMethod codeBase="TestAssembly.dll" className="TestNamespace.TestClass10" name="Test1494" />
    </UnitTest>
    <UnitTest name="Test1495" id="bcf5e6a9-a619-4f0b-ba79-a06f7a02f2e1" storage="TestAssembly.dll">
      <Execution id="5726e351-b707-4050-af77-e89a464c98e1" />
      <TestMethod codeBase="TestAssembly.dll" className="TestNamespace.TestClass10" name="Test1495" />
    </UnitTest>
    <UnitTest name="Test1496" id="78268fcb-77b1-4047-be45-30fe41353aa9" storage="TestAssembly.dll">
      <Execution id="bf1701b7-552b-4d74-b8aa-2b7d311099d6" />
      <TestMethod codeBase="TestAssembly.dll" className="TestNamespace.TestClass10" name="Test1496" />
    </UnitTest>
    <UnitTest name="Test1497" id="2af6a350-3832-403d-93a5-1cf8f26ca6d7" storage="TestAssembly.dll">
      <Execution id="642e21cf-b367-49c6-9aa8-b654ad7f025b" />
      <TestMethod codeBase="TestAssembly.dll" className="TestNamespace.TestClass10" name="Test1497" />
    </UnitTest>
    <UnitTest name="Test1498" id="1edae5d6-770c-4a00-b90a-ac740abf52a0" storage="TestAssembly.dll">
      <Execution id="dd35c86f-9502-415c-a1f4-0b2c4e6236bc" />
      <TestMethod codeBase="TestAssembly.dll" className="TestNamespace.TestClass10" name="Test1498" />
    </UnitTest>
    <UnitTest name="Test1499" id="d1b29486-3e61-46c1-8e83-346becadbf73" storage="TestAssembly.dll">
      <Execution id="a375f068-bc94-429d-bb98-32921022f836" />
      <TestMethod codeBase="TestAssembly.dll" className="TestNamespace.TestClass10" name="Test1499" />
    </UnitTest>
    <UnitTest name="Test1500" id="63880496-f358-4326-a2f2-28c96b88c613" storage="TestAssembly.dll">
      <Execution id="e0183f23-9c4d-4f3c-86cc-77b5ee7b4850" />
      <TestMethod codeBase="TestAssembly.dll" className="TestNamespace.TestClass10" name="Test1500" />
    </UnitTest>
  </TestDefinitions>
  <TestEntries>
    <TestEntry testId="53772e4d-33cf-4534-a6f5-9ef499ff31e2" executionId="4e965d82-cd81-4f01-b6de-c3dde74b6640" testListId="ef7f6e96-9654-4d09-b7a2-a5c23beffe5f" />
    <TestEntry testId="b03105ea-0c83-4f05-b668-4510a2f98e56" executionId="983215f6-22d4-4b54-aa2e-6857a2caed83" testListId="ef7f6e96-9654-4d09-b7a2-a5c23beffe5f" />
    <TestEntry testId="046ef1e0-c034-4749-84fd-3028209c8ddb" executionId="aede0f3d-14e9-4aa9-a76a-992489b0eb35" testListId="ef7f6e96-9654-4d09-b7a2-a5c23beffe5f" />
    <TestEntry testId="6bf3d006-79a1-42b4-9e74-3955bb822dfb" executionId="761ce340-0b53-478a-92a6-04097b3489ff" testListId="ef7f6e96-9654-4d09-b7a2-a5c23beffe5f" />
    <TestEntry testId="33a0a388-3aab-468c-b2db-8b9af487725b" executionId="2b87cddf-f01a-4244-b86e-771a4b7a7787" testListId="ef7f6e96-9654-4d09-b7a2-a5c23beffe5f" />
    <TestEntry testId="e8bad3d5-5ebc-446b-8681-bce19231162f" executionId="612db288-30f6-4421-a948-0b34bbebf1f2" testListId="ef7f6e96-9654-4d09-b7a2-a5c23beffe5f" />
    <TestEntry testId="d58cba3b-83c9-40bc-9a9e-56bdefda1045" executionId="27182253-58ec-4f41-95ce-81d7ff976921" testListId="ef7f6e96-9654-4d09-b7a2-a5c23beffe5f" />
    <TestEntry testId="443bbd11-6db6-4787-85ef-2e1c9fe5aefd" executionId="8af7dea0-7bdd-4543-849b-2fdc67d18a4f" testListId="ef7f6e96-9654-4d09-b7a2-a5c23beffe5f" />
    <TestEntry testId="6d64ea6c-6040-4cb6-9c74-4c44d0f2372f" executionId="4ed76af2-e09b-43b4-ae3f-1f49e27a272c" testListId="ef7f6e96-9654-4d09-b7a2-a5c23beffe5f" />
    <TestEntry testId="326f21a2-b70f-4c88-a8b3-25da3d57c164" executionId="9bb364d3-6373-4ab1-9148-1911b882b076" testListId="ef7f6e96-9654-4d09-b7a2-a5c23beffe5f" />
    <TestEntry testId="cb2567f8-2966-4991-8e84-fbb4388b0dc2" executionId="2250caf6-40c8-457c-bc4d-777e1069f8a9" testListId="ef7f6e96-9654-4d09-b7a2-a5c23beffe5f" />
    <TestEntry testId="19d8c43b-4f7a-447e-aa8a-68fd7cd7d1bf" executionId="5b7c813b-d155-4238-a984-4fcb1cda12a8" testListId="ef7f6e96-9654-4d09-b7a2-a5c23beffe5f" />
    <TestEntry testId="7a34fb35-8223-46e1-a6c0-cf2be523f6f6" executionId="94e998b8-9cdd-4c9b-9923-a5c046d6759c" testListId="ef7f6e96-9654-4d09-b7a2-a5c23beffe5f" />
    <TestEntry testId="a7e331e6-6659-4826-be3a-936506327a81" executionId="683a24de-dd6f-4b5f-86e7-33c17b928fdb" testListId="ef7f6e96-9654-4d09-b7a2-a5c23beffe5f" />
    <TestEntry testId="050369e2-170f-4a59-91f5-f4cbffb2022c" executionId="7bd229eb-2d12-4e64-9597-da7929a63244" testListId="ef7f6e96-9654-4d09-b7a2-a5c23beffe5f" />
    <TestEntry testId="cf4604d4-3a2e-4cf1-b589-8f3e248acfc4" executionId="f567bdb0-5897-4180-9fdd-b078271ec098" testListId="ef7f6e96-9654-4d09-b7a2-a5c23beffe5f" />
    <TestEntry testId="aef41b8b-7ff8-4d2e-8638-493006d31603" executionId="6e2b9de1-9834-4899-9fd2-7096e3e0bf13" testListId="ef7f6e96-9654-4d09-b7a2-a5c23beffe5f" />
    <TestEntry testId="48952fd1-d2b9-4086-b22c-e13be14b8ba6" executionId="7c4162d5-5795-488e-b811-bf370a2bd551" testListId="ef7f6e96-9654-4d09-b7a2-a5c23beffe5f" />
    <TestEntry testId="d2fbba5d-be3f-4a9c-b969-1ad1e751634e" executionId="812e02c3-34a4-4a64-b13d-43997fce91a0" testListId="ef7f6e96-9654-4d09-b7a2-a5c23beffe5f" />
    <TestEntry testId="292b410f-82ad-4d60-ac8c-736856a3c03f" executionId="0f3fc3f0-df27-4466-bda4-128ff57a4eeb" testListId="ef7f6e96-9654-4d09-b7a2-a5c23beffe5f" />
    <TestEntry testId="d1226323-df00-48f9-a9f2-95f17b0b2dcc" executionId="ce597f23-9768-4074-ab7a-b7de434ffd72" testListId="ef7f6e96-9654-4d09-b7a2-a5c23beffe5f" />
    <TestEntry testId="f3993841-ff1e-4904-99be-49995e68ba48" executionId="7111eb03-8879-4f56-a5e6-fa7c848e286a" testListId="ef7f6e96-9654-4d09-b7a2-a5c23beffe5f" />
    <TestEntry testId="4c3755ea-a6e0-425b-864f-6cb8aba79f3c" executionId="ffd41c8b-c92f-4055-b719-6fec579814c4" testListId="ef7f6e96-9654-4d09-b7a2-a5c23beffe5f" />
    <TestEntry testId="ad1e9932-7e36-488e-8892-a382ba796d9a" executionId="38ab2a51-6d27-4b5d-bd83-ac1179ca8b38" testListId="ef7f6e96-9654-4d09-b7a2-a5c23beffe5f" />
    <TestEntry testId="6ee99811-05a2-4657-9a2f-bcc38dcad285" executionId="fd38519a-e36c-437a-bf74-298247942062" testListId="ef7f6e96-9654-4d09-b7a2-a5c23beffe5f" />
    <TestEntry testId="f18dc754-72d8-4c45-8806-0131cdc5346d" executionId="4423c68c-e11b-4a1c-bbdf-cd73469e7a4b" testListId="ef7f6e96-9654-4d09-b7a2-a5c23beffe5f" />
    <TestEntry testId="132ae0ed-8ef8-4b69-b6a2-3b2cacf0d180" executionId="7183c339-e4e5-41cb-8e95-86dcae2c289c" testListId="ef7f6e96-9654-4d09-b7a2-a5c23beffe5f" />
    <TestEntry testId="e2545fde-e1bd-4070-95bf-9a5abdb3493c" executionId="220e251d-212a-43ae-8247-0f56b0dce32a" testListId="ef7f6e96-9654-4d09-b7a2-a5c23beffe5f" />
    <TestEntry testId="f866e207-7e96-4955-a168-7495aa5eb85d" executionId="493f5c88-1762-4ad8-8fce-542b229ba02c" testListId="ef7f6e96-9654-4d09-b7a2-a5c23beffe5f" />
    <TestEntry testId="e65a3acc-efff-4166-a416-c60d5f3fe922" executionId="609bdcbb-adee-4561-8ab4-56ada29e53c8" testListId="ef7f6e96-9654-4d09-b7a2-a5c23beffe5f" />
    <TestEntry testId="a721c9cc-4b81-42c0-9e04-2ea17d940011" executionId="978a63fc-86b8-4fda-bc68-e1409340a9e7" testListId="ef7f6e96-9654-4d09-b7a2-a5c23beffe5f" />
    <TestEntry testId="5b982cb8-9276-4c77-8b86-44acca0fceea" executionId="3e39acba-ebfc-4aa4-b564-184e412765e0" testListId="ef7f6e96-9654-4d09-b7a2-a5c23beffe5f" />
    <TestEntry testId="800013f6-9bde-427a-b678-bd0777b6614e" executionId="d581b45d-14d3-4c92-a181-247d883fff91" testListId="ef7f6e96-9654-4d09-b7a2-a5c23beffe5f" />
    <TestEntry testId="ca66cc27-df0a-48e4-93dc-368adc14f1f9" executionId="577e5c89-2b18-46b5-a219-abe8d96492a9" testListId="ef7f6e96-9654-4d09-b7a2-a5c23beffe5f" />
    <TestEntry testId="4c8d6bd8-caea-4c2e-9828-eda1f5548232" executionId="a0a200d7-b237-4f46-b8b9-386609cdc261" testListId="ef7f6e96-9654-4d09-b7a2-a5c23beffe5f" />
    <TestEntry testId="20d25f37-87f9-40d0-9e93-e220274057a4" executionId="79c43c86-9dc9-48ca-b190-74c4d7953fdf" testListId="ef7f6e96-9654-4d09-b7a2-a5c23beffe5f" />
    <TestEntry testId="e8d077d1-8f03-4dfc-88a3-78616d97cbcd" executionId="568f768c-7a41-40cc-bcf7-240a4682f22a" testListId="ef7f6e96-9654-4d09-b7a2-a5c23beffe5f" />
    <TestEntry testId="6601f64e-4d15-4b4c-aa5b-9f4240526294" executionId="3454d0dd-c735-4d65-aa08-a309e666842e" testListId="ef7f6e96-9654-4d09-b7a2-a5c23beffe5f" />
    <TestEntry testId="66159351-a0e8-438f-9cb8-51dbc9b88f71" executionId="4ad486b6-07b1-4581-a00b-bc117df8dcea" testListId="ef7f6e96-9654-4d09-b7a2-a5c23beffe5f" />
    <TestEntry testId="f82b0ed4-9f5d-49e0-aa57-504b44ca2176" executionId="fbcf10e4-8537-4a60-ba55-200aff53d55e" testListId="ef7f6e96-9654-4d09-b7a2-a5c23beffe5f" />
    <TestEntry testId="bee40d7b-1345-4deb-9ac5-299798e425ce" executionId="22f56ac8-97b3-4c50-9b0d-23bc49370444" testListId="ef7f6e96-9654-4d09-b7a2-a5c23beffe5f" />
    <TestEntry testId="98fa651d-8c5e-48c8-a3b9-a142b80d3985" executionId="e4db7d48-0cf4-4786-896c-ec7e488fe167" testListId="ef7f6e96-9654-4d09-b7a2-a5c23beffe5f" />
    <TestEntry testId="8ac08f2e-20de-483c-81c3-b4ad84570000" executionId="096f4e4e-e06b-40c5-95b1-b243b66275b0" testListId="ef7f6e96-9654-4d09-b7a2-a5c23beffe5f" />
    <TestEntry testId="621e754d-14db-4667-af7c-27f1681f810c" executionId="eb2b971f-9d97-486d-b68b-b296525600c2" testListId="ef7f6e96-9654-4d09-b7a2-a5c23beffe5f" />
    <TestEntry testId="a4a4ff0e-c831-4c56-b22a-b153baacee5a" executionId="d8218bd6-0083-47ca-83d0-4ca7e710c997" testListId="ef7f6e96-9654-4d09-b7a2-a5c23beffe5f" />
    <TestEntry testId="2a874834-334c-4355-82fa-f3c5e0bbc965" executionId="a709771e-689e-4a0e-a6a5-b40b097b4bdc" testListId="ef7f6e96-9654-4d09-b7a2-a5c23beffe5f" />
    <TestEntry testId="4bb967e5-a3eb-4799-ad7a-2776efefdf41" executionId="57020e99-d251-47a1-a623-6d3f72f8f88f" testListId="ef7f6e96-9654-4d09-b7a2-a5c23beffe5f" />
    <TestEntry testId="228dc70f-0d66-4bf6-9d6b-46bf92a861a2" executionId="b918a303-5412-4837-9ca0-ec72026802e3" testListId="ef7f6e96-9654-4d09-b7a2-a5c23beffe5f" />
    <TestEntry testId="71314278-3deb-4036-8edd-2bbcd5ae56be" executionId="a04cd46d-360a-4e9f-96a1-61928168b73f" testListId="ef7f6e96-9654-4d09-b7a2-a5c23beffe5f" />
    <TestEntry testId="78dfd1b7-5d00-4f29-a4a1-598e903b7eb9" executionId="9f90c59c-595b-4c84-81ea-bbf5c056df41" testListId="ef7f6e96-9654-4d09-b7a2-a5c23beffe5f" />
    <TestEntry testId="dffa5357-d4e2-46fe-9083-069edbbd21ff" executionId="19c56080-6ad6-42b8-8996-688deb7f33b0" testListId="ef7f6e96-9654-4d09-b7a2-a5c23beffe5f" />
    <TestEntry testId="164b40d7-3068-4245-b138-691f1fc18064" executionId="3a74d188-1090-4179-946c-b51c82a99d5f" testListId="ef7f6e96-9654-4d09-b7a2-a5c23beffe5f" />
    <TestEntry testId="b7306253-b33d-4236-99b0-e4d77bfaa080" executionId="accc4c12-4f66-47be-a927-bb3dd081345c" testListId="ef7f6e96-9654-4d09-b7a2-a5c23beffe5f" />
    <TestEntry testId="becd47fa-7596-40cf-bb98-077a120a263a" executionId="8d7b5653-4224-4df6-b340-27d416811842" testListId="ef7f6e96-9654-4d09-b7a2-a5c23beffe5f" />
    <TestEntry testId="d1a62392-b923-4c80-ae53-e1ce89527b3a" executionId="2f21e841-e226-43eb-afff-a94f1426d6bc" testListId="ef7f6e96-9654-4d09-b7a2-a5c23beffe5f" />
    <TestEntry testId="68b58001-efc8-45cc-8eed-ff53eaeb1abf" executionId="5cf4f230-32fa-44d6-9889-ff5d96c83ea1" testListId="ef7f6e96-9654-4d09-b7a2-a5c23beffe5f" />
    <TestEntry testId="c61a3519-20b5-43df-adaf-e4cbcce2b406" executionId="b5acbcf1-d1a3-4a49-a97d-bad683dedce4" testListId="ef7f6e96-9654-4d09-b7a2-a5c23beffe5f" />
    <TestEntry testId="e472edf4-7f23-4c29-a4a2-1f6d348cf407" executionId="25ff6d4a-434d-4733-98d2-304ef1d80d1f" testListId="ef7f6e96-9654-4d09-b7a2-a5c23beffe5f" />
    <TestEntry testId="d9851075-d596-4b8f-9ccc-e710e21ae291" executionId="3e2780ca-21e6-4bbc-935a-60cc31c9b98e" testListId="ef7f6e96-9654-4d09-b7a2-a5c23beffe5f" />
    <TestEntry testId="71c571a0-ba16-4792-af09-835e6ec6bedb" executionId="205060f5-23e7-42c3-9786-bed0a2ce0629" testListId="ef7f6e96-9654-4d09-b7a2-a5c23beffe5f" />
    <TestEntry testId="039c6622-1506-45cc-9757-1ed50ad31104" executionId="b7345435-3655-4c0c-8148-f0d4db6d9b4f" testListId="ef7f6e96-9654-4d09-b7a2-a5c23beffe5f" />
    <TestEntry testId="c60fd129-6b04-475b-80f7-2883abd34f5f" executionId="c1bf9c57-57ff-4717-8f3a-e8675cdc15c8" testListId="ef7f6e96-9654-4d09-b7a2-a5c23beffe5f" />
    <TestEntry testId="6229edd5-65bd-41f9-a118-deb7dfd3d30e" executionId="281e03cb-be31-47b2-9332-74a354482ae5" testListId="ef7f6e96-9654-4d09-b7a2-a5c23beffe5f" />
    <TestEntry testId="e6e5fac6-5a45-48d8-98e5-7eebd9975a97" executionId="fec51ed1-8b77-40c7-8588-73dcf2d072a6" testListId="ef7f6e96-9654-4d09-b7a2-a5c23beffe5f" />
    <TestEntry testId="85f499f6-ad50-43be-968e-c3e995ec7041" executionId="41fb00f3-89a6-46b3-b02a-aee80612a919" testListId="ef7f6e96-9654-4d09-b7a2-a5c23beffe5f" />
    <TestEntry testId="5e502abe-935e-47dc-814f-c24d4a61a6a6" executionId="c3c2101d-0bc3-46ea-8a90-28fcfecce6ff" testListId="ef7f6e96-9654-4d09-b7a2-a5c23beffe5f" />
    <TestEntry testId="67d71e2d-2735-4a89-a51e-418bf90f850b" executionId="9862032d-49f0-4b03-b5a1-ad64479a34a3" testListId="ef7f6e96-9654-4d09-b7a2-a5c23beffe5f" />
    <TestEntry testId="65976993-c094-4e83-9b64-1f0420977fb8" executionId="431a77a5-1c71-44ab-a441-bab508aa1fd3" testListId="ef7f6e96-9654-4d09-b7a2-a5c23beffe5f" />
    <TestEntry testId="cd628c39-47fd-4091-a0ed-a02fc58e92e6" executionId="ca08e2c4-3b3e-4a53-9e72-a35ab3e7fa66" testListId="ef7f6e96-9654-4d09-b7a2-a5c23beffe5f" />
    <TestEntry testId="c6d5432d-e16d-4ef1-8bc0-4f7e6389cb2a" executionId="4f3c68a3-e4de-4dd3-89ba-492bcad8ad0f" testListId="ef7f6e96-9654-4d09-b7a2-a5c23beffe5f" />
    <TestEntry testId="34b37d21-3767-4308-8039-aea0a9eb502e" executionId="53992dfd-f9a3-4b51-a377-b5ec254ce43e" testListId="ef7f6e96-9654-4d09-b7a2-a5c23beffe5f" />
    <TestEntry testId="82b79ba6-7e02-4191-9afe-346ab51100e4" executionId="53df21d9-6619-4234-93c7-b9428c51aa26" testListId="ef7f6e96-9654-4d09-b7a2-a5c23beffe5f" />
    <TestEntry testId="db2d4cca-7751-4231-8bf8-37e443ed4d4e" executionId="eb41990e-15a9-49b9-8ddf-b68306f5796f" testListId="ef7f6e96-9654-4d09-b7a2-a5c23beffe5f" />
    <TestEntry testId="81b0e96c-c0e5-4334-ad34-29c96f8b9ff0" executionId="67bba7c4-4c47-4a68-a409-48c8adec4805" testListId="ef7f6e96-9654-4d09-b7a2-a5c23beffe5f" />
    <TestEntry testId="3a87b3f1-9bd4-4029-bdc5-a51615e88711" executionId="f25c9115-dd0e-4daf-babe-f4a6aa4dcfa1" testListId="ef7f6e96-9654-4d09-b7a2-a5c23beffe5f" />
    <TestEntry testId="ebea0508-5d13-4fd9-b002-0d715f66efe6" executionId="50a8d09a-e7b7-4152-bf9d-0ed7848e99ed" testListId="ef7f6e96-9654-4d09-b7a2-a5c23beffe5f" />
    <TestEntry testId="f1c28be3-ea45-4f10-a76f-e6a27625bafb" executionId="d64757fd-683c-4a68-af20-be4b74995949" testListId="ef7f6e96-9654-4d09-b7a2-a5c23beffe5f" />
    <TestEntry testId="7ab0fdd5-ebe3-42c0-b1d3-79a971df7b05" executionId="f51445b0-6f18-464b-8136-f94335227339" testListId="ef7f6e96-9654-4d09-b7a2-a5c23beffe5f" />
    <TestEntry testId="4e65db9b-3a05-48b6-9824-4d72c7e628fc" executionId="056af926-4673-4c01-932c-8d87beec7143" testListId="ef7f6e96-9654-4d09-b7a2-a5c23beffe5f" />
    <TestEntry testId="3b8739d5-4434-464b-bd90-0f3235f4ed25" executionId="383fbe12-e89b-4641-8c30-4720ff7a4968" testListId="ef7f6e96-9654-4d09-b7a2-a5c23beffe5f" />
    <TestEntry testId="99d44082-0c4f-4b0d-a15d-f6f8c8b9e07b" executionId="d5bcd69c-0201-45ed-b1bc-3dd9a97ad184" testListId="ef7f6e96-9654-4d09-b7a2-a5c23beffe5f" />
    <TestEntry testId="ffa0c9f4-366b-4bbe-bc06-5ee518aba0a8" executionId="ccf1aceb-65b1-4bce-9e4d-a6cbaae0b093" testListId="ef7f6e96-9654-4d09-b7a2-a5c23beffe5f" />
    <TestEntry testId="7b4f8ed0-c4ae-4f16-9761-44b150750b4e" executionId="5f975184-1fea-4221-83f1-6a6b2132c928" testListId="ef7f6e96-9654-4d09-b7a2-a5c23beffe5f" />
    <TestEntry testId="c5770452-d556-4630-82b4-5eddbb5bcf06" executionId="44a93345-0dc3-4022-abef-0b77bc8c0afa" testListId="ef7f6e96-9654-4d09-b7a2-a5c23beffe5f" />
    <TestEntry testId="e717c613-f328-4b95-8860-77e889364300" executionId="2d2c4f14-c0f3-457d-bcc1-a20e88277f71" testListId="ef7f6e96-9654-4d09-b7a2-a5c23beffe5f" />
    <TestEntry testId="5dfc0d18-c3eb-459d-9f70-f86e83e45019" executionId="15268164-9b8b-4947-afee-de53aa4893b1" testListId="ef7f6e96-9654-4d09-b7a2-a5c23beffe5f" />
    <TestEntry testId="a11b45a9-71ee-4aad-9812-ef7549f56862" executionId="1de92b51-d6c4-45a9-b624-ab2769d08f79" testListId="ef7f6e96-9654-4d09-b7a2-a5c23beffe5f" />
    <TestEntry testId="c964fad1-0957-4642-b1d9-c00282f10692" executionId="100b7c7d-4619-4e69-aba7-d5e6fc17fb20" testListId="ef7f6e96-9654-4d09-b7a2-a5c23beffe5f" />
    <TestEntry testId="bdfe50e1-45ee-4990-846b-eb791e9ed223" executionId="161a40e3-421d-4b7b-b988-dc43823c908a" testListId="ef7f6e96-9654-4d09-b7a2-a5c23beffe5f" />
    <TestEntry testId="a6151147-b800-4622-8b13-fcc05000c6ce" executionId="8d288c76-f87a-46d2-856e-d8b788a65cb7" testListId="ef7f6e96-9654-4d09-b7a2-a5c23beffe5f" />
    <TestEntry testId="61bc9307-afea-4c42-8865-c25142ae37d3" executionId="24cca20e-82a1-46c8-9ee5-9d4615743164" testListId="ef7f6e96-9654-4d09-b7a2-a5c23beffe5f" />
    <TestEntry testId="fdc050e5-0331-4f35-9a1e-3b12086a82c6" executionId="53456d96-9531-4657-8193-1b53e41a5e63" testListId="ef7f6e96-9654-4d09-b7a2-a5c23beffe5f" />
    <TestEntry testId="4e7097ae-a015-4240-936b-716b74afba12" executionId="c25a6ec0-14c5-4066-859e-c2c8ce62d714" testListId="ef7f6e96-9654-4d09-b7a2-a5c23beffe5f" />
    <TestEntry testId="f5826fbd-423b-4a86-9940-360d37f66979" executionId="ed821ce3-b77b-407b-a06a-c188ddd76371" testListId="ef7f6e96-9654-4d09-b7a2-a5c23beffe5f" />
    <TestEntry testId="bcf5e6a9-a619-4f0b-ba79-a06f7a02f2e1" executionId="5726e351-b707-4050-af77-e89a464c98e1" testListId="ef7f6e96-9654-4d09-b7a2-a5c23beffe5f" />
    <TestEntry testId="78268fcb-77b1-4047-be45-30fe41353aa9" executionId="bf1701b7-552b-4d74-b8aa-2b7d311099d6" testListId="ef7f6e96-9654-4d09-b7a2-a5c23beffe5f" />
    <TestEntry testId="2af6a350-3832-403d-93a5-1cf8f26ca6d7" executionId="642e21cf-b367-49c6-9aa8-b654ad7f025b" testListId="ef7f6e96-9654-4d09-b7a2-a5c23beffe5f" />
    <TestEntry testId="1edae5d6-770c-4a00-b90a-ac740abf52a0" executionId="dd35c86f-9502-415c-a1f4-0b2c4e6236bc" testListId="ef7f6e96-9654-4d09-b7a2-a5c23beffe5f" />
    <TestEntry testId="d1b29486-3e61-46c1-8e83-346becadbf73" executionId="a375f068-bc94-429d-bb98-32921022f836" testListId="ef7f6e96-9654-4d09-b7a2-a5c23beffe5f" />
    <TestEntry testId="63880496-f358-4326-a2f2-28c96b88c613" executionId="e0183f23-9c4d-4f3c-86cc-77b5ee7b4850" testListId="ef7f6e96-9654-4d09-b7a2-a5c23beffe5f" />
  </TestEntries>
  <TestLists>
    <TestList name="Results Not in a List" id="ef7f6e96-9654-4d09-b7a2-a5c23beffe5f" />
    <TestList name="All Loaded Results" id="2321b355-6eb8-4b15-a913-5496a1226f9f" />
  </TestLists>
</TestRun>