<?xml version="1.0" encoding="UTF-8"?>
<TestRun id="23220d8c-8c22-438d-8586-21c3fc229a03" name="Test Run 54" runUser="Oles Galatsan" xmlns="http://microsoft.com/schemas/VisualStudio/TeamTest/2010">
  <Times creation="2025-05-14T13:20:31.3125482Z" queuing="2025-05-14T13:20:31.3125482Z" start="2025-05-14T13:20:31.3146610Z" finish="2025-05-14T13:25:31.3147553Z" />
  <TestSettings name="Test Settings 54" id="5253a204-cf1c-4b75-b83e-ee0fd1a53db4" />
  <Results>
    <UnitTestResult executionId="ec745202-dab5-406b-9113-71d13a08499e" testId="32133da1-bdd3-477a-be4f-cb8eb35ed15a" testName="Test5301" computerName="UA-LPT-OGA2" duration="00:00:00.7850000" startTime="2025-05-14T13:20:31.3146610Z" endTime="2025-05-14T13:25:31.3147553Z" testType="13cdc9d9-ddb5-4fa4-a97d-d965ccfc6d4b" outcome="Passed" testListId="5284c3ad-adfc-4b4f-b6ef-bbf06c6bd8fc" />
    <UnitTestResult executionId="e321b950-69a5-4d10-ad69-ce988971af6c" testId="4b341ebf-8aab-443b-96ad-d6b4f2a008ad" testName="Test5302" computerName="UA-LPT-OGA2" duration="00:00:00.1220000" startTime="2025-05-14T13:20:31.3146610Z" endTime="2025-05-14T13:25:31.3147553Z" testType="13cdc9d9-ddb5-4fa4-a97d-d965ccfc6d4b" outcome="Passed" testListId="5284c3ad-adfc-4b4f-b6ef-bbf06c6bd8fc" />
    <UnitTestResult executionId="d6625721-8de9-465d-b9b1-03a0ab403355" testId="2ac7699c-a29e-449c-b8fa-7450bec3738f" testName="Test5303" computerName="UA-LPT-OGA2" duration="00:00:01.8060000" startTime="2025-05-14T13:20:31.3146610Z" endTime="2025-05-14T13:25:31.3147553Z" testType="13cdc9d9-ddb5-4fa4-a97d-d965ccfc6d4b" outcome="Passed" testListId="5284c3ad-adfc-4b4f-b6ef-bbf06c6bd8fc" />
    <UnitTestResult executionId="90d82310-a53a-48dd-a410-2181e94529c6" testId="259dfece-f3ab-4e4f-8a3f-22bc7320e2dd" testName="Test5304" computerName="UA-LPT-OGA2" duration="00:00:01.2850000" startTime="2025-05-14T13:20:31.3146610Z" endTime="2025-05-14T13:25:31.3147553Z" testType="13cdc9d9-ddb5-4fa4-a97d-d965ccfc6d4b" outcome="Passed" testListId="5284c3ad-adfc-4b4f-b6ef-bbf06c6bd8fc" />
    <UnitTestResult executionId="d67182d7-c2eb-4af3-9433-f7fcb6741037" testId="aba0ef1d-9c54-40e8-bdc1-5046b4152f19" testName="Test5305" computerName="UA-LPT-OGA2" duration="00:00:00.2470000" startTime="2025-05-14T13:20:31.3146610Z" endTime="2025-05-14T13:25:31.3147553Z" testType="13cdc9d9-ddb5-4fa4-a97d-d965ccfc6d4b" outcome="Passed" testListId="5284c3ad-adfc-4b4f-b6ef-bbf06c6bd8fc" />
    <UnitTestResult executionId="52658aed-7414-4e1c-959e-6b619945e802" testId="00f2a4fa-2f92-4049-bc64-766fe5126211" testName="Test5306" computerName="UA-LPT-OGA2" duration="00:00:01.7310000" startTime="2025-05-14T13:20:31.3146610Z" endTime="2025-05-14T13:25:31.3147553Z" testType="13cdc9d9-ddb5-4fa4-a97d-d965ccfc6d4b" outcome="Passed" testListId="5284c3ad-adfc-4b4f-b6ef-bbf06c6bd8fc" />
    <UnitTestResult executionId="31e290ab-0383-4568-a79f-7abe74f9025f" testId="35a3cac6-ea62-4790-aafa-ddb27cb4a036" testName="Test5307" computerName="UA-LPT-OGA2" duration="00:00:00.1080000" startTime="2025-05-14T13:20:31.3146610Z" endTime="2025-05-14T13:25:31.3147553Z" testType="13cdc9d9-ddb5-4fa4-a97d-d965ccfc6d4b" outcome="Passed" testListId="5284c3ad-adfc-4b4f-b6ef-bbf06c6bd8fc" />
    <UnitTestResult executionId="007fa16f-a555-45f6-a8b1-6937353c1734" testId="d2f49f36-cafc-47b6-b225-bd82c7a54e28" testName="Test5308" computerName="UA-LPT-OGA2" duration="00:00:00.1220000" startTime="2025-05-14T13:20:31.3146610Z" endTime="2025-05-14T13:25:31.3147553Z" testType="13cdc9d9-ddb5-4fa4-a97d-d965ccfc6d4b" outcome="Passed" testListId="5284c3ad-adfc-4b4f-b6ef-bbf06c6bd8fc" />
    <UnitTestResult executionId="e5c2dc75-06b8-496d-a422-1cd5b7636a61" testId="93eb8bd1-bbfa-43c2-9ca5-97cd2a19fbb4" testName="Test5309" computerName="UA-LPT-OGA2" duration="00:00:01.7290000" startTime="2025-05-14T13:20:31.3146610Z" endTime="2025-05-14T13:25:31.3147553Z" testType="13cdc9d9-ddb5-4fa4-a97d-d965ccfc6d4b" outcome="Passed" testListId="5284c3ad-adfc-4b4f-b6ef-bbf06c6bd8fc" />
    <UnitTestResult executionId="5aa0ca8d-3a63-4e50-bf1a-cfe93d59b8f7" testId="740d2629-9c64-4f57-ad26-9b1bb94f495e" testName="Test5310" computerName="UA-LPT-OGA2" duration="00:00:00.3910000" startTime="2025-05-14T13:20:31.3146610Z" endTime="2025-05-14T13:25:31.3147553Z" testType="13cdc9d9-ddb5-4fa4-a97d-d965ccfc6d4b" outcome="Passed" testListId="5284c3ad-adfc-4b4f-b6ef-bbf06c6bd8fc" />
    <UnitTestResult executionId="4f230c90-1811-4333-a716-58a6cffb8ff8" testId="9b8667ba-76e3-4da9-aa8c-1cb67c52b7cd" testName="Test5311" computerName="UA-LPT-OGA2" duration="00:00:00.7870000" startTime="2025-05-14T13:20:31.3146610Z" endTime="2025-05-14T13:25:31.3147553Z" testType="13cdc9d9-ddb5-4fa4-a97d-d965ccfc6d4b" outcome="Inconclusive" testListId="5284c3ad-adfc-4b4f-b6ef-bbf06c6bd8fc" />
    <UnitTestResult executionId="fead558c-37f2-41fa-91d8-f48c7e2c7519" testId="e39ed813-ba74-4912-b200-a84f6267081a" testName="Test5312" computerName="UA-LPT-OGA2" duration="00:00:00.2400000" startTime="2025-05-14T13:20:31.3146610Z" endTime="2025-05-14T13:25:31.3147553Z" testType="13cdc9d9-ddb5-4fa4-a97d-d965ccfc6d4b" outcome="Failed" testListId="5284c3ad-adfc-4b4f-b6ef-bbf06c6bd8fc">
      <Output>
        <ErrorInfo>
          <Message>Assertion failed: Expected value did not match actual value.</Message>
          <StackTrace>   at TestNamespace.TestClass.Test() in TestClass.cs:line 250</StackTrace>
        </ErrorInfo>
      </Output>
    </UnitTestResult>
    <UnitTestResult executionId="f0160b97-b7ee-49f0-930e-67834f0dc59d" testId="b97b3867-8332-4c1c-be29-234d5c6609b0" testName="Test5313" computerName="UA-LPT-OGA2" duration="00:00:01.4690000" startTime="2025-05-14T13:20:31.3146610Z" endTime="2025-05-14T13:25:31.3147553Z" testType="13cdc9d9-ddb5-4fa4-a97d-d965ccfc6d4b" outcome="Passed" testListId="5284c3ad-adfc-4b4f-b6ef-bbf06c6bd8fc" />
    <UnitTestResult executionId="0dd7388d-e583-4acf-934f-2fbc44ff40af" testId="4807e4be-9a9a-4c95-88f8-ca9c95bfe4e5" testName="Test5314" computerName="UA-LPT-OGA2" duration="00:00:01.9680000" startTime="2025-05-14T13:20:31.3146610Z" endTime="2025-05-14T13:25:31.3147553Z" testType="13cdc9d9-ddb5-4fa4-a97d-d965ccfc6d4b" outcome="Passed" testListId="5284c3ad-adfc-4b4f-b6ef-bbf06c6bd8fc" />
    <UnitTestResult executionId="e16b392e-2f3a-4012-918a-a52d53acd5f2" testId="4c9e31e5-0ab7-468d-8d52-fcc4a2dfce1c" testName="Test5315" computerName="UA-LPT-OGA2" duration="00:00:00.7710000" startTime="2025-05-14T13:20:31.3146610Z" endTime="2025-05-14T13:25:31.3147553Z" testType="13cdc9d9-ddb5-4fa4-a97d-d965ccfc6d4b" outcome="Passed" testListId="5284c3ad-adfc-4b4f-b6ef-bbf06c6bd8fc" />
    <UnitTestResult executionId="73b2f68a-d0f6-45a9-acb9-6a412926e5ca" testId="be6b8cd2-7afd-4538-966b-ab7244fd30f5" testName="Test5316" computerName="UA-LPT-OGA2" duration="00:00:00.4820000" startTime="2025-05-14T13:20:31.3146610Z" endTime="2025-05-14T13:25:31.3147553Z" testType="13cdc9d9-ddb5-4fa4-a97d-d965ccfc6d4b" outcome="Passed" testListId="5284c3ad-adfc-4b4f-b6ef-bbf06c6bd8fc" />
    <UnitTestResult executionId="594ff355-bd5b-456b-b2a0-d7c9acaece32" testId="23b1a994-f04e-4f55-af2a-6be54defc16f" testName="Test5317" computerName="UA-LPT-OGA2" duration="00:00:01.0170000" startTime="2025-05-14T13:20:31.3146610Z" endTime="2025-05-14T13:25:31.3147553Z" testType="13cdc9d9-ddb5-4fa4-a97d-d965ccfc6d4b" outcome="Passed" testListId="5284c3ad-adfc-4b4f-b6ef-bbf06c6bd8fc" />
    <UnitTestResult executionId="0ad61586-c8ed-4170-8c82-a2cfd248f4a2" testId="7adb38e2-660d-4046-a1e1-2b3a68cbe66c" testName="Test5318" computerName="UA-LPT-OGA2" duration="00:00:01.8140000" startTime="2025-05-14T13:20:31.3146610Z" endTime="2025-05-14T13:25:31.3147553Z" testType="13cdc9d9-ddb5-4fa4-a97d-d965ccfc6d4b" outcome="Passed" testListId="5284c3ad-adfc-4b4f-b6ef-bbf06c6bd8fc" />
    <UnitTestResult executionId="3b33ad2f-7c27-4306-b8e9-cb6cbed49826" testId="188d2d9c-76f8-475b-baef-98c166bae422" testName="Test5319" computerName="UA-LPT-OGA2" duration="00:00:01.4470000" startTime="2025-05-14T13:20:31.3146610Z" endTime="2025-05-14T13:25:31.3147553Z" testType="13cdc9d9-ddb5-4fa4-a97d-d965ccfc6d4b" outcome="Passed" testListId="5284c3ad-adfc-4b4f-b6ef-bbf06c6bd8fc" />
    <UnitTestResult executionId="743680dc-24b0-4973-a6b3-37072e4f508d" testId="ef9dc19a-f874-4a6f-84cd-856ccaea23df" testName="Test5320" computerName="UA-LPT-OGA2" duration="00:00:00.6900000" startTime="2025-05-14T13:20:31.3146610Z" endTime="2025-05-14T13:25:31.3147553Z" testType="13cdc9d9-ddb5-4fa4-a97d-d965ccfc6d4b" outcome="Passed" testListId="5284c3ad-adfc-4b4f-b6ef-bbf06c6bd8fc" />
    <UnitTestResult executionId="8b0969b1-32f6-4eeb-ab9d-74d16ac73d22" testId="a9a2d6ff-aabd-495e-9c5d-c29dc57783eb" testName="Test5321" computerName="UA-LPT-OGA2" duration="00:00:00.1420000" startTime="2025-05-14T13:20:31.3146610Z" endTime="2025-05-14T13:25:31.3147553Z" testType="13cdc9d9-ddb5-4fa4-a97d-d965ccfc6d4b" outcome="Passed" testListId="5284c3ad-adfc-4b4f-b6ef-bbf06c6bd8fc" />
    <UnitTestResult executionId="6889fccb-c964-4cbd-bc0d-f27420edb64f" testId="74adde77-b00e-491d-bfb6-4d0c4067bcd7" testName="Test5322" computerName="UA-LPT-OGA2" duration="00:00:01.3940000" startTime="2025-05-14T13:20:31.3146610Z" endTime="2025-05-14T13:25:31.3147553Z" testType="13cdc9d9-ddb5-4fa4-a97d-d965ccfc6d4b" outcome="Passed" testListId="5284c3ad-adfc-4b4f-b6ef-bbf06c6bd8fc" />
    <UnitTestResult executionId="71d3f77d-d881-4b32-b5b5-d48d89759840" testId="76a09478-b016-4623-9e20-9b435b351034" testName="Test5323" computerName="UA-LPT-OGA2" duration="00:00:00.0570000" startTime="2025-05-14T13:20:31.3146610Z" endTime="2025-05-14T13:25:31.3147553Z" testType="13cdc9d9-ddb5-4fa4-a97d-d965ccfc6d4b" outcome="Passed" testListId="5284c3ad-adfc-4b4f-b6ef-bbf06c6bd8fc" />
    <UnitTestResult executionId="f83a9c40-092f-4bf8-bd27-7dada511e153" testId="c36f988e-0754-434a-aa7c-8edf25dc21d4" testName="Test5324" computerName="UA-LPT-OGA2" duration="00:00:00.7570000" startTime="2025-05-14T13:20:31.3146610Z" endTime="2025-05-14T13:25:31.3147553Z" testType="13cdc9d9-ddb5-4fa4-a97d-d965ccfc6d4b" outcome="Passed" testListId="5284c3ad-adfc-4b4f-b6ef-bbf06c6bd8fc" />
    <UnitTestResult executionId="baee2646-af9c-496d-b971-8d906b2af60a" testId="1f90c328-c38a-40c9-8030-15aed0e1a7d9" testName="Test5325" computerName="UA-LPT-OGA2" duration="00:00:00.2340000" startTime="2025-05-14T13:20:31.3146610Z" endTime="2025-05-14T13:25:31.3147553Z" testType="13cdc9d9-ddb5-4fa4-a97d-d965ccfc6d4b" outcome="Passed" testListId="5284c3ad-adfc-4b4f-b6ef-bbf06c6bd8fc" />
    <UnitTestResult executionId="49817e94-8b8e-4554-ba67-e1f0cd931b06" testId="88444c2c-883e-4a38-ba28-6e4d94740d9d" testName="Test5326" computerName="UA-LPT-OGA2" duration="00:00:01.7550000" startTime="2025-05-14T13:20:31.3146610Z" endTime="2025-05-14T13:25:31.3147553Z" testType="13cdc9d9-ddb5-4fa4-a97d-d965ccfc6d4b" outcome="Passed" testListId="5284c3ad-adfc-4b4f-b6ef-bbf06c6bd8fc" />
    <UnitTestResult executionId="7964d044-2436-4ccd-bdbe-b55fe6a790ae" testId="50fa9b04-a3f3-46df-a18d-cb724fad70f1" testName="Test5327" computerName="UA-LPT-OGA2" duration="00:00:00.7240000" startTime="2025-05-14T13:20:31.3146610Z" endTime="2025-05-14T13:25:31.3147553Z" testType="13cdc9d9-ddb5-4fa4-a97d-d965ccfc6d4b" outcome="Passed" testListId="5284c3ad-adfc-4b4f-b6ef-bbf06c6bd8fc" />
    <UnitTestResult executionId="ecafc46e-c2e2-4b2a-9d8b-47eb65311dba" testId="82a9b796-d0dc-4b05-8336-2cb56f747dc5" testName="Test5328" computerName="UA-LPT-OGA2" duration="00:00:01.8450000" startTime="2025-05-14T13:20:31.3146610Z" endTime="2025-05-14T13:25:31.3147553Z" testType="13cdc9d9-ddb5-4fa4-a97d-d965ccfc6d4b" outcome="Passed" testListId="5284c3ad-adfc-4b4f-b6ef-bbf06c6bd8fc" />
    <UnitTestResult executionId="3b04e3d7-b62e-4f36-be59-f7516636e8f3" testId="87e9bb1d-7f16-4cf4-a0e9-94fe4a6c1267" testName="Test5329" computerName="UA-LPT-OGA2" duration="00:00:00.5420000" startTime="2025-05-14T13:20:31.3146610Z" endTime="2025-05-14T13:25:31.3147553Z" testType="13cdc9d9-ddb5-4fa4-a97d-d965ccfc6d4b" outcome="Passed" testListId="5284c3ad-adfc-4b4f-b6ef-bbf06c6bd8fc" />
    <UnitTestResult executionId="2c8ec17e-cc64-471c-a336-055f613c5609" testId="ab874535-6495-4c3c-b9ce-cdeaf6c54131" testName="Test5330" computerName="UA-LPT-OGA2" duration="00:00:01.1510000" startTime="2025-05-14T13:20:31.3146610Z" endTime="2025-05-14T13:25:31.3147553Z" testType="13cdc9d9-ddb5-4fa4-a97d-d965ccfc6d4b" outcome="Passed" testListId="5284c3ad-adfc-4b4f-b6ef-bbf06c6bd8fc" />
    <UnitTestResult executionId="6c057cfe-703a-4b16-9f31-bdf19342b90b" testId="e42556a5-7358-401a-8cd7-e1e680325a5d" testName="Test5331" computerName="UA-LPT-OGA2" duration="00:00:01.5720000" startTime="2025-05-14T13:20:31.3146610Z" endTime="2025-05-14T13:25:31.3147553Z" testType="13cdc9d9-ddb5-4fa4-a97d-d965ccfc6d4b" outcome="Failed" testListId="5284c3ad-adfc-4b4f-b6ef-bbf06c6bd8fc">
      <Output>
        <ErrorInfo>
          <Message>Assertion failed: Expected value did not match actual value.</Message>
          <StackTrace>   at TestNamespace.TestClass.Test() in TestClass.cs:line 419</StackTrace>
        </ErrorInfo>
      </Output>
    </UnitTestResult>
    <UnitTestResult executionId="5d427074-33ae-4c75-aaae-86df9cac6423" testId="9ade58f7-175e-4718-8dd8-ae3dd1481517" testName="Test5332" computerName="UA-LPT-OGA2" duration="00:00:01.0940000" startTime="2025-05-14T13:20:31.3146610Z" endTime="2025-05-14T13:25:31.3147553Z" testType="13cdc9d9-ddb5-4fa4-a97d-d965ccfc6d4b" outcome="Passed" testListId="5284c3ad-adfc-4b4f-b6ef-bbf06c6bd8fc" />
    <UnitTestResult executionId="2f74d6fb-1278-4bde-9df0-1126cfd5570c" testId="6f3af475-eb10-491d-9fa2-c77dba319762" testName="Test5333" computerName="UA-LPT-OGA2" duration="00:00:01.9000000" startTime="2025-05-14T13:20:31.3146610Z" endTime="2025-05-14T13:25:31.3147553Z" testType="13cdc9d9-ddb5-4fa4-a97d-d965ccfc6d4b" outcome="Passed" testListId="5284c3ad-adfc-4b4f-b6ef-bbf06c6bd8fc" />
    <UnitTestResult executionId="e351a9ba-4bd2-442c-9b13-4ebfba4c7904" testId="10c93963-6112-42b4-9244-5cc403c3df39" testName="Test5334" computerName="UA-LPT-OGA2" duration="00:00:01.7710000" startTime="2025-05-14T13:20:31.3146610Z" endTime="2025-05-14T13:25:31.3147553Z" testType="13cdc9d9-ddb5-4fa4-a97d-d965ccfc6d4b" outcome="Passed" testListId="5284c3ad-adfc-4b4f-b6ef-bbf06c6bd8fc" />
    <UnitTestResult executionId="6cfd4254-c110-42c6-80fd-905c025371b9" testId="d3a79619-e775-47de-8ea6-940f1e317c3b" testName="Test5335" computerName="UA-LPT-OGA2" duration="00:00:01.6750000" startTime="2025-05-14T13:20:31.3146610Z" endTime="2025-05-14T13:25:31.3147553Z" testType="13cdc9d9-ddb5-4fa4-a97d-d965ccfc6d4b" outcome="Passed" testListId="5284c3ad-adfc-4b4f-b6ef-bbf06c6bd8fc" />
    <UnitTestResult executionId="66d9c772-ac68-4783-9411-c19fa84e389c" testId="7639740c-d890-43f7-8ecb-539aad574f2f" testName="Test5336" computerName="UA-LPT-OGA2" duration="00:00:01.8070000" startTime="2025-05-14T13:20:31.3146610Z" endTime="2025-05-14T13:25:31.3147553Z" testType="13cdc9d9-ddb5-4fa4-a97d-d965ccfc6d4b" outcome="Passed" testListId="5284c3ad-adfc-4b4f-b6ef-bbf06c6bd8fc" />
    <UnitTestResult executionId="ad60ebdf-8279-4a5e-b4bb-28270dd36ff9" testId="44ba31ae-7cb2-4ae4-a8d2-8a0868047d8d" testName="Test5337" computerName="UA-LPT-OGA2" duration="00:00:00.1670000" startTime="2025-05-14T13:20:31.3146610Z" endTime="2025-05-14T13:25:31.3147553Z" testType="13cdc9d9-ddb5-4fa4-a97d-d965ccfc6d4b" outcome="Passed" testListId="5284c3ad-adfc-4b4f-b6ef-bbf06c6bd8fc" />
    <UnitTestResult executionId="fca95215-1d8a-46db-b847-ce56c07c0b8e" testId="03f69057-45e6-4e16-9603-c3d69c9553c1" testName="Test5338" computerName="UA-LPT-OGA2" duration="00:00:00.9180000" startTime="2025-05-14T13:20:31.3146610Z" endTime="2025-05-14T13:25:31.3147553Z" testType="13cdc9d9-ddb5-4fa4-a97d-d965ccfc6d4b" outcome="Passed" testListId="5284c3ad-adfc-4b4f-b6ef-bbf06c6bd8fc" />
    <UnitTestResult executionId="dcc02fe9-e945-4e8b-8918-06d19df4d07f" testId="d09d9c05-4316-4df0-bfa9-05f7ccf3ac35" testName="Test5339" computerName="UA-LPT-OGA2" duration="00:00:00.7410000" startTime="2025-05-14T13:20:31.3146610Z" endTime="2025-05-14T13:25:31.3147553Z" testType="13cdc9d9-ddb5-4fa4-a97d-d965ccfc6d4b" outcome="Failed" testListId="5284c3ad-adfc-4b4f-b6ef-bbf06c6bd8fc">
      <Output>
        <ErrorInfo>
          <Message>Assertion failed: Expected value did not match actual value.</Message>
          <StackTrace>   at TestNamespace.TestClass.Test() in TestClass.cs:line 292</StackTrace>
        </ErrorInfo>
      </Output>
    </UnitTestResult>
    <UnitTestResult executionId="4ddf52e9-8433-449d-9a3c-8faa4681333f" testId="3508b158-cc40-4b72-9c09-79dbe6ac8a1f" testName="Test5340" computerName="UA-LPT-OGA2" duration="00:00:01.9580000" startTime="2025-05-14T13:20:31.3146610Z" endTime="2025-05-14T13:25:31.3147553Z" testType="13cdc9d9-ddb5-4fa4-a97d-d965ccfc6d4b" outcome="Passed" testListId="5284c3ad-adfc-4b4f-b6ef-bbf06c6bd8fc" />
    <UnitTestResult executionId="f41b232c-0d18-4bcd-9d09-f8e242ce92aa" testId="ef4ed335-6454-4084-99f9-152b34505713" testName="Test5341" computerName="UA-LPT-OGA2" duration="00:00:00.8840000" startTime="2025-05-14T13:20:31.3146610Z" endTime="2025-05-14T13:25:31.3147553Z" testType="13cdc9d9-ddb5-4fa4-a97d-d965ccfc6d4b" outcome="Passed" testListId="5284c3ad-adfc-4b4f-b6ef-bbf06c6bd8fc" />
    <UnitTestResult executionId="3ae89b90-af05-4ab9-bcb1-1c37787ad59c" testId="97273e80-21e8-4ca3-ae45-e8e02d859f1a" testName="Test5342" computerName="UA-LPT-OGA2" duration="00:00:01.1540000" startTime="2025-05-14T13:20:31.3146610Z" endTime="2025-05-14T13:25:31.3147553Z" testType="13cdc9d9-ddb5-4fa4-a97d-d965ccfc6d4b" outcome="Passed" testListId="5284c3ad-adfc-4b4f-b6ef-bbf06c6bd8fc" />
    <UnitTestResult executionId="027cd778-5331-413c-a602-1b05a4ac6f4f" testId="427e0e99-538a-4c58-869d-3ac196274f76" testName="Test5343" computerName="UA-LPT-OGA2" duration="00:00:00.6970000" startTime="2025-05-14T13:20:31.3146610Z" endTime="2025-05-14T13:25:31.3147553Z" testType="13cdc9d9-ddb5-4fa4-a97d-d965ccfc6d4b" outcome="Passed" testListId="5284c3ad-adfc-4b4f-b6ef-bbf06c6bd8fc" />
    <UnitTestResult executionId="cd2aa9a5-603c-4bcb-99bf-c9f72fbfd60b" testId="36d871f8-6d24-4982-808f-467612e7f0d5" testName="Test5344" computerName="UA-LPT-OGA2" duration="00:00:01.1570000" startTime="2025-05-14T13:20:31.3146610Z" endTime="2025-05-14T13:25:31.3147553Z" testType="13cdc9d9-ddb5-4fa4-a97d-d965ccfc6d4b" outcome="Passed" testListId="5284c3ad-adfc-4b4f-b6ef-bbf06c6bd8fc" />
    <UnitTestResult executionId="a6b3d46a-828c-4038-8c41-de633efbeaef" testId="5f26e21c-9e84-404c-8b39-db8b83119dbc" testName="Test5345" computerName="UA-LPT-OGA2" duration="00:00:01.4660000" startTime="2025-05-14T13:20:31.3146610Z" endTime="2025-05-14T13:25:31.3147553Z" testType="13cdc9d9-ddb5-4fa4-a97d-d965ccfc6d4b" outcome="Passed" testListId="5284c3ad-adfc-4b4f-b6ef-bbf06c6bd8fc" />
    <UnitTestResult executionId="e3b351b4-d825-4f08-9874-2cce0ddef69e" testId="f881c391-d061-4a56-9961-e3f6f2cb0b59" testName="Test5346" computerName="UA-LPT-OGA2" duration="00:00:00.2880000" startTime="2025-05-14T13:20:31.3146610Z" endTime="2025-05-14T13:25:31.3147553Z" testType="13cdc9d9-ddb5-4fa4-a97d-d965ccfc6d4b" outcome="Passed" testListId="5284c3ad-adfc-4b4f-b6ef-bbf06c6bd8fc" />
    <UnitTestResult executionId="0337b9ee-09db-4af8-a75d-b8e3396714fa" testId="1581daf5-7b74-4272-83e0-8c3007be3c2e" testName="Test5347" computerName="UA-LPT-OGA2" duration="00:00:00.9840000" startTime="2025-05-14T13:20:31.3146610Z" endTime="2025-05-14T13:25:31.3147553Z" testType="13cdc9d9-ddb5-4fa4-a97d-d965ccfc6d4b" outcome="Passed" testListId="5284c3ad-adfc-4b4f-b6ef-bbf06c6bd8fc" />
    <UnitTestResult executionId="2086178f-a4b5-4fc5-a034-1a9f7df02838" testId="a41ead9e-6667-4308-ab50-fb2754d616e2" testName="Test5348" computerName="UA-LPT-OGA2" duration="00:00:00.8780000" startTime="2025-05-14T13:20:31.3146610Z" endTime="2025-05-14T13:25:31.3147553Z" testType="13cdc9d9-ddb5-4fa4-a97d-d965ccfc6d4b" outcome="Failed" testListId="5284c3ad-adfc-4b4f-b6ef-bbf06c6bd8fc">
      <Output>
        <ErrorInfo>
          <Message>Assertion failed: Expected value did not match actual value.</Message>
          <StackTrace>   at TestNamespace.TestClass.Test() in TestClass.cs:line 255</StackTrace>
        </ErrorInfo>
      </Output>
    </UnitTestResult>
    <UnitTestResult executionId="a90588ed-8bdf-4548-9084-3ab94ecb3811" testId="b4d52400-a6be-4719-8975-3ad633e82b41" testName="Test5349" computerName="UA-LPT-OGA2" duration="00:00:00.4710000" startTime="2025-05-14T13:20:31.3146610Z" endTime="2025-05-14T13:25:31.3147553Z" testType="13cdc9d9-ddb5-4fa4-a97d-d965ccfc6d4b" outcome="Passed" testListId="5284c3ad-adfc-4b4f-b6ef-bbf06c6bd8fc" />
    <UnitTestResult executionId="5b97e070-4de0-44b8-b21c-b45a65badae2" testId="54ff14c5-715d-46e2-b076-13f63da277b5" testName="Test5350" computerName="UA-LPT-OGA2" duration="00:00:00.6230000" startTime="2025-05-14T13:20:31.3146610Z" endTime="2025-05-14T13:25:31.3147553Z" testType="13cdc9d9-ddb5-4fa4-a97d-d965ccfc6d4b" outcome="Passed" testListId="5284c3ad-adfc-4b4f-b6ef-bbf06c6bd8fc" />
    <UnitTestResult executionId="fc358072-ba5a-429a-a9ba-b3587be868ab" testId="1b753885-7d79-4171-9daf-87f0a2ec457f" testName="Test5351" computerName="UA-LPT-OGA2" duration="00:00:00.6860000" startTime="2025-05-14T13:20:31.3146610Z" endTime="2025-05-14T13:25:31.3147553Z" testType="13cdc9d9-ddb5-4fa4-a97d-d965ccfc6d4b" outcome="Failed" testListId="5284c3ad-adfc-4b4f-b6ef-bbf06c6bd8fc">
      <Output>
        <ErrorInfo>
          <Message>Assertion failed: Expected value did not match actual value.</Message>
          <StackTrace>   at TestNamespace.TestClass.Test() in TestClass.cs:line 333</StackTrace>
        </ErrorInfo>
      </Output>
    </UnitTestResult>
    <UnitTestResult executionId="388f6799-0b5a-4b33-9c17-ed06e6dc6a92" testId="c57df0bf-087d-45a6-ad7c-adef664cbc22" testName="Test5352" computerName="UA-LPT-OGA2" duration="00:00:00.4280000" startTime="2025-05-14T13:20:31.3146610Z" endTime="2025-05-14T13:25:31.3147553Z" testType="13cdc9d9-ddb5-4fa4-a97d-d965ccfc6d4b" outcome="Passed" testListId="5284c3ad-adfc-4b4f-b6ef-bbf06c6bd8fc" />
    <UnitTestResult executionId="cb506829-6317-4916-bb1c-bbc5b7dfd9df" testId="1e788879-b212-447a-bab2-ffec84eac791" testName="Test5353" computerName="UA-LPT-OGA2" duration="00:00:01.4870000" startTime="2025-05-14T13:20:31.3146610Z" endTime="2025-05-14T13:25:31.3147553Z" testType="13cdc9d9-ddb5-4fa4-a97d-d965ccfc6d4b" outcome="Passed" testListId="5284c3ad-adfc-4b4f-b6ef-bbf06c6bd8fc" />
    <UnitTestResult executionId="afc12a57-efd1-49df-a95f-3a1578084136" testId="e1a005f5-7a8c-4eab-a52b-4d22e89df54c" testName="Test5354" computerName="UA-LPT-OGA2" duration="00:00:01.8490000" startTime="2025-05-14T13:20:31.3146610Z" endTime="2025-05-14T13:25:31.3147553Z" testType="13cdc9d9-ddb5-4fa4-a97d-d965ccfc6d4b" outcome="Failed" testListId="5284c3ad-adfc-4b4f-b6ef-bbf06c6bd8fc">
      <Output>
        <ErrorInfo>
          <Message>Assertion failed: Expected value did not match actual value.</Message>
          <StackTrace>   at TestNamespace.TestClass.Test() in TestClass.cs:line 114</StackTrace>
        </ErrorInfo>
      </Output>
    </UnitTestResult>
    <UnitTestResult executionId="94c8ac3c-b0d3-4720-8866-30188870b02e" testId="d711c408-11ea-4ba4-9db0-93f87092fed8" testName="Test5355" computerName="UA-LPT-OGA2" duration="00:00:00.3170000" startTime="2025-05-14T13:20:31.3146610Z" endTime="2025-05-14T13:25:31.3147553Z" testType="13cdc9d9-ddb5-4fa4-a97d-d965ccfc6d4b" outcome="Failed" testListId="5284c3ad-adfc-4b4f-b6ef-bbf06c6bd8fc">
      <Output>
        <ErrorInfo>
          <Message>Assertion failed: Expected value did not match actual value.</Message>
          <StackTrace>   at TestNamespace.TestClass.Test() in TestClass.cs:line 191</StackTrace>
        </ErrorInfo>
      </Output>
    </UnitTestResult>
    <UnitTestResult executionId="9734a684-0ea5-4fe5-87f6-65add1e2f607" testId="8a97b496-c1a6-44b3-8ea8-c06130e12123" testName="Test5356" computerName="UA-LPT-OGA2" duration="00:00:00.8390000" startTime="2025-05-14T13:20:31.3146610Z" endTime="2025-05-14T13:25:31.3147553Z" testType="13cdc9d9-ddb5-4fa4-a97d-d965ccfc6d4b" outcome="Passed" testListId="5284c3ad-adfc-4b4f-b6ef-bbf06c6bd8fc" />
    <UnitTestResult executionId="8885dc0f-08ad-4105-acc2-76bd8e998b57" testId="e2de9caa-be87-4136-a95f-5f55fb1e30a8" testName="Test5357" computerName="UA-LPT-OGA2" duration="00:00:01.4590000" startTime="2025-05-14T13:20:31.3146610Z" endTime="2025-05-14T13:25:31.3147553Z" testType="13cdc9d9-ddb5-4fa4-a97d-d965ccfc6d4b" outcome="Passed" testListId="5284c3ad-adfc-4b4f-b6ef-bbf06c6bd8fc" />
    <UnitTestResult executionId="9d1c294f-bb63-4832-b84e-c81478084fe7" testId="b0d2b46e-c17c-423d-b5f1-a4387ff17d5f" testName="Test5358" computerName="UA-LPT-OGA2" duration="00:00:00.9430000" startTime="2025-05-14T13:20:31.3146610Z" endTime="2025-05-14T13:25:31.3147553Z" testType="13cdc9d9-ddb5-4fa4-a97d-d965ccfc6d4b" outcome="Passed" testListId="5284c3ad-adfc-4b4f-b6ef-bbf06c6bd8fc" />
    <UnitTestResult executionId="747e6795-cb57-4880-8c81-0067dbc83bd9" testId="76f94477-2bfb-460e-b62e-1dba909992fa" testName="Test5359" computerName="UA-LPT-OGA2" duration="00:00:00.5310000" startTime="2025-05-14T13:20:31.3146610Z" endTime="2025-05-14T13:25:31.3147553Z" testType="13cdc9d9-ddb5-4fa4-a97d-d965ccfc6d4b" outcome="Failed" testListId="5284c3ad-adfc-4b4f-b6ef-bbf06c6bd8fc">
      <Output>
        <ErrorInfo>
          <Message>Assertion failed: Expected value did not match actual value.</Message>
          <StackTrace>   at TestNamespace.TestClass.Test() in TestClass.cs:line 263</StackTrace>
        </ErrorInfo>
      </Output>
    </UnitTestResult>
    <UnitTestResult executionId="f0d8b049-3c89-48d1-9117-016f9724c390" testId="9f51c838-5556-4399-bf19-195897e3308c" testName="Test5360" computerName="UA-LPT-OGA2" duration="00:00:00.8810000" startTime="2025-05-14T13:20:31.3146610Z" endTime="2025-05-14T13:25:31.3147553Z" testType="13cdc9d9-ddb5-4fa4-a97d-d965ccfc6d4b" outcome="Passed" testListId="5284c3ad-adfc-4b4f-b6ef-bbf06c6bd8fc" />
    <UnitTestResult executionId="23922540-37c8-4bf9-8878-30798d69fd09" testId="0d70bdcc-0ddf-4c90-9d65-d0b04a06224e" testName="Test5361" computerName="UA-LPT-OGA2" duration="00:00:01.5900000" startTime="2025-05-14T13:20:31.3146610Z" endTime="2025-05-14T13:25:31.3147553Z" testType="13cdc9d9-ddb5-4fa4-a97d-d965ccfc6d4b" outcome="Passed" testListId="5284c3ad-adfc-4b4f-b6ef-bbf06c6bd8fc" />
    <UnitTestResult executionId="28be2772-0001-4011-b8f0-28d5f05be4bf" testId="57c89433-897f-4a3b-b961-646cc6c0c4af" testName="Test5362" computerName="UA-LPT-OGA2" duration="00:00:00.2680000" startTime="2025-05-14T13:20:31.3146610Z" endTime="2025-05-14T13:25:31.3147553Z" testType="13cdc9d9-ddb5-4fa4-a97d-d965ccfc6d4b" outcome="Passed" testListId="5284c3ad-adfc-4b4f-b6ef-bbf06c6bd8fc" />
    <UnitTestResult executionId="b227e658-fcd8-4a75-9b40-e0fa90c95409" testId="a3bcc214-0fbb-40a1-90ec-cc2f30a3b001" testName="Test5363" computerName="UA-LPT-OGA2" duration="00:00:01.4180000" startTime="2025-05-14T13:20:31.3146610Z" endTime="2025-05-14T13:25:31.3147553Z" testType="13cdc9d9-ddb5-4fa4-a97d-d965ccfc6d4b" outcome="Passed" testListId="5284c3ad-adfc-4b4f-b6ef-bbf06c6bd8fc" />
    <UnitTestResult executionId="a5dc7681-1e0e-4d64-b033-c862b8e8e595" testId="e1aef85a-5d01-49bd-bf2f-0651e093a90d" testName="Test5364" computerName="UA-LPT-OGA2" duration="00:00:01.3460000" startTime="2025-05-14T13:20:31.3146610Z" endTime="2025-05-14T13:25:31.3147553Z" testType="13cdc9d9-ddb5-4fa4-a97d-d965ccfc6d4b" outcome="Passed" testListId="5284c3ad-adfc-4b4f-b6ef-bbf06c6bd8fc" />
    <UnitTestResult executionId="32689cc4-94a9-452d-9483-c2ca5aea3ed2" testId="e7f0e041-e86c-4b2d-9a83-ea5195789b08" testName="Test5365" computerName="UA-LPT-OGA2" duration="00:00:01.2900000" startTime="2025-05-14T13:20:31.3146610Z" endTime="2025-05-14T13:25:31.3147553Z" testType="13cdc9d9-ddb5-4fa4-a97d-d965ccfc6d4b" outcome="Passed" testListId="5284c3ad-adfc-4b4f-b6ef-bbf06c6bd8fc" />
    <UnitTestResult executionId="0dc01830-9dfe-4c98-95ed-3846e65c7312" testId="667afa01-25d4-4203-b124-021428ccbf46" testName="Test5366" computerName="UA-LPT-OGA2" duration="00:00:00.5640000" startTime="2025-05-14T13:20:31.3146610Z" endTime="2025-05-14T13:25:31.3147553Z" testType="13cdc9d9-ddb5-4fa4-a97d-d965ccfc6d4b" outcome="Passed" testListId="5284c3ad-adfc-4b4f-b6ef-bbf06c6bd8fc" />
    <UnitTestResult executionId="55ff6c12-45e9-493d-9314-4ea194a220a1" testId="af163618-70c9-4a77-9c09-79bd520b2b61" testName="Test5367" computerName="UA-LPT-OGA2" duration="00:00:01.2890000" startTime="2025-05-14T13:20:31.3146610Z" endTime="2025-05-14T13:25:31.3147553Z" testType="13cdc9d9-ddb5-4fa4-a97d-d965ccfc6d4b" outcome="Passed" testListId="5284c3ad-adfc-4b4f-b6ef-bbf06c6bd8fc" />
    <UnitTestResult executionId="fe0894ad-1f51-4417-a5bd-1159b27a2480" testId="c101f65e-06ca-428e-8b61-ac36afeb4e27" testName="Test5368" computerName="UA-LPT-OGA2" duration="00:00:00.5300000" startTime="2025-05-14T13:20:31.3146610Z" endTime="2025-05-14T13:25:31.3147553Z" testType="13cdc9d9-ddb5-4fa4-a97d-d965ccfc6d4b" outcome="Passed" testListId="5284c3ad-adfc-4b4f-b6ef-bbf06c6bd8fc" />
    <UnitTestResult executionId="d2847078-6e6e-4dd0-b301-7e7571e5aaac" testId="0a13d3f4-e2cb-4436-8d7d-68d1297a1ea0" testName="Test5369" computerName="UA-LPT-OGA2" duration="00:00:00.5720000" startTime="2025-05-14T13:20:31.3146610Z" endTime="2025-05-14T13:25:31.3147553Z" testType="13cdc9d9-ddb5-4fa4-a97d-d965ccfc6d4b" outcome="Passed" testListId="5284c3ad-adfc-4b4f-b6ef-bbf06c6bd8fc" />
    <UnitTestResult executionId="a50605be-a3f5-41bb-8fca-4e0aafc60c75" testId="a70cc9a5-c5f1-4986-b752-ae2f129307cc" testName="Test5370" computerName="UA-LPT-OGA2" duration="00:00:01.1390000" startTime="2025-05-14T13:20:31.3146610Z" endTime="2025-05-14T13:25:31.3147553Z" testType="13cdc9d9-ddb5-4fa4-a97d-d965ccfc6d4b" outcome="Passed" testListId="5284c3ad-adfc-4b4f-b6ef-bbf06c6bd8fc" />
    <UnitTestResult executionId="1efc9127-62b1-45cf-a189-5549e3f442ff" testId="6839684b-9b77-42c2-9e37-c32eaadeb630" testName="Test5371" computerName="UA-LPT-OGA2" duration="00:00:00.3030000" startTime="2025-05-14T13:20:31.3146610Z" endTime="2025-05-14T13:25:31.3147553Z" testType="13cdc9d9-ddb5-4fa4-a97d-d965ccfc6d4b" outcome="Passed" testListId="5284c3ad-adfc-4b4f-b6ef-bbf06c6bd8fc" />
    <UnitTestResult executionId="424ad23d-3617-4d10-9fdf-881329148694" testId="f6e366bc-edb7-440c-94a8-935a1e54bfac" testName="Test5372" computerName="UA-LPT-OGA2" duration="00:00:00.7390000" startTime="2025-05-14T13:20:31.3146610Z" endTime="2025-05-14T13:25:31.3147553Z" testType="13cdc9d9-ddb5-4fa4-a97d-d965ccfc6d4b" outcome="Passed" testListId="5284c3ad-adfc-4b4f-b6ef-bbf06c6bd8fc" />
    <UnitTestResult executionId="3e41554d-855c-4946-9437-173c716c59ac" testId="fda8a14c-406d-4b20-92b2-67669e01fdfd" testName="Test5373" computerName="UA-LPT-OGA2" duration="00:00:01.7110000" startTime="2025-05-14T13:20:31.3146610Z" endTime="2025-05-14T13:25:31.3147553Z" testType="13cdc9d9-ddb5-4fa4-a97d-d965ccfc6d4b" outcome="Passed" testListId="5284c3ad-adfc-4b4f-b6ef-bbf06c6bd8fc" />
    <UnitTestResult executionId="aba102c4-83bf-40c7-8a9c-495dff482b24" testId="75ae2d65-0d0d-44d7-8a76-7472cf059701" testName="Test5374" computerName="UA-LPT-OGA2" duration="00:00:01.3490000" startTime="2025-05-14T13:20:31.3146610Z" endTime="2025-05-14T13:25:31.3147553Z" testType="13cdc9d9-ddb5-4fa4-a97d-d965ccfc6d4b" outcome="Passed" testListId="5284c3ad-adfc-4b4f-b6ef-bbf06c6bd8fc" />
    <UnitTestResult executionId="d9bfb26a-3ae2-4b28-8e91-9905ee2f7cbc" testId="23e9e7ab-2638-4322-aec5-3fffaedeed4c" testName="Test5375" computerName="UA-LPT-OGA2" duration="00:00:01.1610000" startTime="2025-05-14T13:20:31.3146610Z" endTime="2025-05-14T13:25:31.3147553Z" testType="13cdc9d9-ddb5-4fa4-a97d-d965ccfc6d4b" outcome="Passed" testListId="5284c3ad-adfc-4b4f-b6ef-bbf06c6bd8fc" />
    <UnitTestResult executionId="6950d1eb-9f12-4b4e-bc9c-8a6abdac958b" testId="61770156-ef66-40eb-b77b-866ff0dc8d24" testName="Test5376" computerName="UA-LPT-OGA2" duration="00:00:01.6560000" startTime="2025-05-14T13:20:31.3146610Z" endTime="2025-05-14T13:25:31.3147553Z" testType="13cdc9d9-ddb5-4fa4-a97d-d965ccfc6d4b" outcome="Passed" testListId="5284c3ad-adfc-4b4f-b6ef-bbf06c6bd8fc" />
    <UnitTestResult executionId="08c919ba-67a8-4d62-9ebd-ad6e405dfcde" testId="78021c78-0fd2-4fb2-9930-ba33ae1735a4" testName="Test5377" computerName="UA-LPT-OGA2" duration="00:00:00.9790000" startTime="2025-05-14T13:20:31.3146610Z" endTime="2025-05-14T13:25:31.3147553Z" testType="13cdc9d9-ddb5-4fa4-a97d-d965ccfc6d4b" outcome="Passed" testListId="5284c3ad-adfc-4b4f-b6ef-bbf06c6bd8fc" />
    <UnitTestResult executionId="7056778a-d22f-4b94-bef2-2004f11eae17" testId="ff627146-57dc-46da-b423-cc0a7bd8d08b" testName="Test5378" computerName="UA-LPT-OGA2" duration="00:00:01.8690000" startTime="2025-05-14T13:20:31.3146610Z" endTime="2025-05-14T13:25:31.3147553Z" testType="13cdc9d9-ddb5-4fa4-a97d-d965ccfc6d4b" outcome="Passed" testListId="5284c3ad-adfc-4b4f-b6ef-bbf06c6bd8fc" />
    <UnitTestResult executionId="6f34f8d0-ac38-4ae7-ac8c-5a5345ae77b7" testId="261c2dfd-bced-40e4-bdcc-cb03671211ca" testName="Test5379" computerName="UA-LPT-OGA2" duration="00:00:01.1830000" startTime="2025-05-14T13:20:31.3146610Z" endTime="2025-05-14T13:25:31.3147553Z" testType="13cdc9d9-ddb5-4fa4-a97d-d965ccfc6d4b" outcome="Failed" testListId="5284c3ad-adfc-4b4f-b6ef-bbf06c6bd8fc">
      <Output>
        <ErrorInfo>
          <Message>Assertion failed: Expected value did not match actual value.</Message>
          <StackTrace>   at TestNamespace.TestClass.Test() in TestClass.cs:line 88</StackTrace>
        </ErrorInfo>
      </Output>
    </UnitTestResult>
    <UnitTestResult executionId="2eb518fa-f72f-4cd0-af70-a5f1bd09b058" testId="c3b7f4ba-21a4-48e9-9b46-a467a6ba9f9b" testName="Test5380" computerName="UA-LPT-OGA2" duration="00:00:01.3800000" startTime="2025-05-14T13:20:31.3146610Z" endTime="2025-05-14T13:25:31.3147553Z" testType="13cdc9d9-ddb5-4fa4-a97d-d965ccfc6d4b" outcome="Passed" testListId="5284c3ad-adfc-4b4f-b6ef-bbf06c6bd8fc" />
    <UnitTestResult executionId="43e4ecf1-91f6-415f-b694-b6d1b6dfcb95" testId="177c4142-7a43-47f9-a5db-4651b1e23493" testName="Test5381" computerName="UA-LPT-OGA2" duration="00:00:01.6370000" startTime="2025-05-14T13:20:31.3146610Z" endTime="2025-05-14T13:25:31.3147553Z" testType="13cdc9d9-ddb5-4fa4-a97d-d965ccfc6d4b" outcome="Passed" testListId="5284c3ad-adfc-4b4f-b6ef-bbf06c6bd8fc" />
    <UnitTestResult executionId="bab43fb2-a724-4ae5-9c42-57a34b880d3c" testId="36feef72-1705-4ca8-bdd0-6d5789bc2c33" testName="Test5382" computerName="UA-LPT-OGA2" duration="00:00:00.0110000" startTime="2025-05-14T13:20:31.3146610Z" endTime="2025-05-14T13:25:31.3147553Z" testType="13cdc9d9-ddb5-4fa4-a97d-d965ccfc6d4b" outcome="Passed" testListId="5284c3ad-adfc-4b4f-b6ef-bbf06c6bd8fc" />
    <UnitTestResult executionId="6c5b1dd4-b4fe-4a12-99d4-e29769863af4" testId="baee517c-90f5-4740-bcef-61bc16f169d3" testName="Test5383" computerName="UA-LPT-OGA2" duration="00:00:00.1920000" startTime="2025-05-14T13:20:31.3146610Z" endTime="2025-05-14T13:25:31.3147553Z" testType="13cdc9d9-ddb5-4fa4-a97d-d965ccfc6d4b" outcome="Passed" testListId="5284c3ad-adfc-4b4f-b6ef-bbf06c6bd8fc" />
    <UnitTestResult executionId="9193988f-9f06-4a95-9582-f045ef3b3d82" testId="6e1fd7fb-7bed-4554-821d-12a8a991633b" testName="Test5384" computerName="UA-LPT-OGA2" duration="00:00:01.3650000" startTime="2025-05-14T13:20:31.3146610Z" endTime="2025-05-14T13:25:31.3147553Z" testType="13cdc9d9-ddb5-4fa4-a97d-d965ccfc6d4b" outcome="Passed" testListId="5284c3ad-adfc-4b4f-b6ef-bbf06c6bd8fc" />
    <UnitTestResult executionId="640683a8-119f-4ea7-b3a8-62b9b57ff583" testId="038dfe1e-1c7a-4940-97d4-93c09bdaf39a" testName="Test5385" computerName="UA-LPT-OGA2" duration="00:00:00.3910000" startTime="2025-05-14T13:20:31.3146610Z" endTime="2025-05-14T13:25:31.3147553Z" testType="13cdc9d9-ddb5-4fa4-a97d-d965ccfc6d4b" outcome="Passed" testListId="5284c3ad-adfc-4b4f-b6ef-bbf06c6bd8fc" />
    <UnitTestResult executionId="9930451b-8f3e-4e8e-a6a6-34e7197a6068" testId="c2519d60-5651-4fc7-81a7-e91b8a06ee08" testName="Test5386" computerName="UA-LPT-OGA2" duration="00:00:00.9520000" startTime="2025-05-14T13:20:31.3146610Z" endTime="2025-05-14T13:25:31.3147553Z" testType="13cdc9d9-ddb5-4fa4-a97d-d965ccfc6d4b" outcome="Passed" testListId="5284c3ad-adfc-4b4f-b6ef-bbf06c6bd8fc" />
    <UnitTestResult executionId="22bb1210-1150-42a4-8520-2a868444c16d" testId="90d547d0-c744-4162-8451-ed6367de1c31" testName="Test5387" computerName="UA-LPT-OGA2" duration="00:00:01.1960000" startTime="2025-05-14T13:20:31.3146610Z" endTime="2025-05-14T13:25:31.3147553Z" testType="13cdc9d9-ddb5-4fa4-a97d-d965ccfc6d4b" outcome="Passed" testListId="5284c3ad-adfc-4b4f-b6ef-bbf06c6bd8fc" />
    <UnitTestResult executionId="b826d1b4-aa9b-4827-a965-77c8b7ec8536" testId="c9ed5d97-47e4-40a9-8fc3-903116af9717" testName="Test5388" computerName="UA-LPT-OGA2" duration="00:00:00.0460000" startTime="2025-05-14T13:20:31.3146610Z" endTime="2025-05-14T13:25:31.3147553Z" testType="13cdc9d9-ddb5-4fa4-a97d-d965ccfc6d4b" outcome="Passed" testListId="5284c3ad-adfc-4b4f-b6ef-bbf06c6bd8fc" />
    <UnitTestResult executionId="71ef39ea-8885-465b-80e6-004362b26111" testId="ef92f722-35e3-4e54-a9f0-6c5ff7ff1460" testName="Test5389" computerName="UA-LPT-OGA2" duration="00:00:01.3220000" startTime="2025-05-14T13:20:31.3146610Z" endTime="2025-05-14T13:25:31.3147553Z" testType="13cdc9d9-ddb5-4fa4-a97d-d965ccfc6d4b" outcome="Passed" testListId="5284c3ad-adfc-4b4f-b6ef-bbf06c6bd8fc" />
    <UnitTestResult executionId="0d11ce44-0c4a-4b81-b4ff-94cfd476f81a" testId="760837e0-72aa-47b7-be13-9140a3517a43" testName="Test5390" computerName="UA-LPT-OGA2" duration="00:00:00.1470000" startTime="2025-05-14T13:20:31.3146610Z" endTime="2025-05-14T13:25:31.3147553Z" testType="13cdc9d9-ddb5-4fa4-a97d-d965ccfc6d4b" outcome="Passed" testListId="5284c3ad-adfc-4b4f-b6ef-bbf06c6bd8fc" />
    <UnitTestResult executionId="ecf16953-cf77-4f27-bbdb-e2b582ab253e" testId="bd9cf880-1afd-4018-b348-b8e5de2612b8" testName="Test5391" computerName="UA-LPT-OGA2" duration="00:00:01.3470000" startTime="2025-05-14T13:20:31.3146610Z" endTime="2025-05-14T13:25:31.3147553Z" testType="13cdc9d9-ddb5-4fa4-a97d-d965ccfc6d4b" outcome="Passed" testListId="5284c3ad-adfc-4b4f-b6ef-bbf06c6bd8fc" />
    <UnitTestResult executionId="5e035e7a-4d61-4b21-8d11-21cfa0d88d9f" testId="f147643d-9eb1-470f-b200-8e5384d415a2" testName="Test5392" computerName="UA-LPT-OGA2" duration="00:00:00.1820000" startTime="2025-05-14T13:20:31.3146610Z" endTime="2025-05-14T13:25:31.3147553Z" testType="13cdc9d9-ddb5-4fa4-a97d-d965ccfc6d4b" outcome="Passed" testListId="5284c3ad-adfc-4b4f-b6ef-bbf06c6bd8fc" />
    <UnitTestResult executionId="14c4abc6-8483-4c73-b47c-7930f8bad9a9" testId="37a20949-75ae-4420-9eac-5fa6363ec230" testName="Test5393" computerName="UA-LPT-OGA2" duration="00:00:00.9960000" startTime="2025-05-14T13:20:31.3146610Z" endTime="2025-05-14T13:25:31.3147553Z" testType="13cdc9d9-ddb5-4fa4-a97d-d965ccfc6d4b" outcome="Passed" testListId="5284c3ad-adfc-4b4f-b6ef-bbf06c6bd8fc" />
    <UnitTestResult executionId="689cf802-34a1-43bf-aca8-45b9907e2f2e" testId="f72b5970-34af-47c5-9ef1-92f31dc2f694" testName="Test5394" computerName="UA-LPT-OGA2" duration="00:00:01.6810000" startTime="2025-05-14T13:20:31.3146610Z" endTime="2025-05-14T13:25:31.3147553Z" testType="13cdc9d9-ddb5-4fa4-a97d-d965ccfc6d4b" outcome="Passed" testListId="5284c3ad-adfc-4b4f-b6ef-bbf06c6bd8fc" />
    <UnitTestResult executionId="58c9db7b-f5ec-4eb5-8e37-6c4e8bb223c0" testId="0d9cfaa5-28c2-4604-89d4-d7aee6759eae" testName="Test5395" computerName="UA-LPT-OGA2" duration="00:00:00.6820000" startTime="2025-05-14T13:20:31.3146610Z" endTime="2025-05-14T13:25:31.3147553Z" testType="13cdc9d9-ddb5-4fa4-a97d-d965ccfc6d4b" outcome="Failed" testListId="5284c3ad-adfc-4b4f-b6ef-bbf06c6bd8fc">
      <Output>
        <ErrorInfo>
          <Message>Assertion failed: Expected value did not match actual value.</Message>
          <StackTrace>   at TestNamespace.TestClass.Test() in TestClass.cs:line 163</StackTrace>
        </ErrorInfo>
      </Output>
    </UnitTestResult>
    <UnitTestResult executionId="2dc7a814-1a2b-4939-9409-8acd010580b9" testId="300132c2-bcc2-4a30-87fe-5ab46c9ce565" testName="Test5396" computerName="UA-LPT-OGA2" duration="00:00:01.8210000" startTime="2025-05-14T13:20:31.3146610Z" endTime="2025-05-14T13:25:31.3147553Z" testType="13cdc9d9-ddb5-4fa4-a97d-d965ccfc6d4b" outcome="Passed" testListId="5284c3ad-adfc-4b4f-b6ef-bbf06c6bd8fc" />
    <UnitTestResult executionId="7ecaa913-271b-4c40-b384-ca4a02dfcb35" testId="02f79c8f-2f23-4d5e-a3da-59c1bb8e4095" testName="Test5397" computerName="UA-LPT-OGA2" duration="00:00:00.6950000" startTime="2025-05-14T13:20:31.3146610Z" endTime="2025-05-14T13:25:31.3147553Z" testType="13cdc9d9-ddb5-4fa4-a97d-d965ccfc6d4b" outcome="Passed" testListId="5284c3ad-adfc-4b4f-b6ef-bbf06c6bd8fc" />
    <UnitTestResult executionId="05938fab-964e-4f7e-8330-38dc1877a3dc" testId="1f6a5eb8-38f9-4e51-af2c-9d70457c8328" testName="Test5398" computerName="UA-LPT-OGA2" duration="00:00:01.0130000" startTime="2025-05-14T13:20:31.3146610Z" endTime="2025-05-14T13:25:31.3147553Z" testType="13cdc9d9-ddb5-4fa4-a97d-d965ccfc6d4b" outcome="Passed" testListId="5284c3ad-adfc-4b4f-b6ef-bbf06c6bd8fc" />
    <UnitTestResult executionId="9cf9bce7-4398-47bd-9108-2d4015689f3d" testId="bcf70685-3ca8-4690-9041-560dea7c6afa" testName="Test5399" computerName="UA-LPT-OGA2" duration="00:00:01.4350000" startTime="2025-05-14T13:20:31.3146610Z" endTime="2025-05-14T13:25:31.3147553Z" testType="13cdc9d9-ddb5-4fa4-a97d-d965ccfc6d4b" outcome="Passed" testListId="5284c3ad-adfc-4b4f-b6ef-bbf06c6bd8fc" />
    <UnitTestResult executionId="1977b5cc-088d-41ef-90fe-a2d14602576a" testId="1ee84ba6-de9c-4b01-8206-e9fce469a4bf" testName="Test5400" computerName="UA-LPT-OGA2" duration="00:00:01.9400000" startTime="2025-05-14T13:20:31.3146610Z" endTime="2025-05-14T13:25:31.3147553Z" testType="13cdc9d9-ddb5-4fa4-a97d-d965ccfc6d4b" outcome="Failed" testListId="5284c3ad-adfc-4b4f-b6ef-bbf06c6bd8fc">
      <Output>
        <ErrorInfo>
          <Message>Assertion failed: Expected value did not match actual value.</Message>
          <StackTrace>   at TestNamespace.TestClass.Test() in TestClass.cs:line 74</StackTrace>
        </ErrorInfo>
      </Output>
    </UnitTestResult>
  </Results>
  <TestDefinitions>
    <UnitTest name="Test5301" id="32133da1-bdd3-477a-be4f-cb8eb35ed15a" storage="TestAssembly.dll">
      <Execution id="ec745202-dab5-406b-9113-71d13a08499e" />
      <TestMethod codeBase="TestAssembly.dll" className="TestNamespace.TestClass1" name="Test5301" />
    </UnitTest>
    <UnitTest name="Test5302" id="4b341ebf-8aab-443b-96ad-d6b4f2a008ad" storage="TestAssembly.dll">
      <Execution id="e321b950-69a5-4d10-ad69-ce988971af6c" />
      <TestMethod codeBase="TestAssembly.dll" className="TestNamespace.TestClass1" name="Test5302" />
    </UnitTest>
    <UnitTest name="Test5303" id="2ac7699c-a29e-449c-b8fa-7450bec3738f" storage="TestAssembly.dll">
      <Execution id="d6625721-8de9-465d-b9b1-03a0ab403355" />
      <TestMethod codeBase="TestAssembly.dll" className="TestNamespace.TestClass1" name="Test5303" />
    </UnitTest>
    <UnitTest name="Test5304" id="259dfece-f3ab-4e4f-8a3f-22bc7320e2dd" storage="TestAssembly.dll">
      <Execution id="90d82310-a53a-48dd-a410-2181e94529c6" />
      <TestMethod codeBase="TestAssembly.dll" className="TestNamespace.TestClass1" name="Test5304" />
    </UnitTest>
    <UnitTest name="Test5305" id="aba0ef1d-9c54-40e8-bdc1-5046b4152f19" storage="TestAssembly.dll">
      <Execution id="d67182d7-c2eb-4af3-9433-f7fcb6741037" />
      <TestMethod codeBase="TestAssembly.dll" className="TestNamespace.TestClass1" name="Test5305" />
    </UnitTest>
    <UnitTest name="Test5306" id="00f2a4fa-2f92-4049-bc64-766fe5126211" storage="TestAssembly.dll">
      <Execution id="52658aed-7414-4e1c-959e-6b619945e802" />
      <TestMethod codeBase="TestAssembly.dll" className="TestNamespace.TestClass1" name="Test5306" />
    </UnitTest>
    <UnitTest name="Test5307" id="35a3cac6-ea62-4790-aafa-ddb27cb4a036" storage="TestAssembly.dll">
      <Execution id="31e290ab-0383-4568-a79f-7abe74f9025f" />
      <TestMethod codeBase="TestAssembly.dll" className="TestNamespace.TestClass1" name="Test5307" />
    </UnitTest>
    <UnitTest name="Test5308" id="d2f49f36-cafc-47b6-b225-bd82c7a54e28" storage="TestAssembly.dll">
      <Execution id="007fa16f-a555-45f6-a8b1-6937353c1734" />
      <TestMethod codeBase="TestAssembly.dll" className="TestNamespace.TestClass1" name="Test5308" />
    </UnitTest>
    <UnitTest name="Test5309" id="93eb8bd1-bbfa-43c2-9ca5-97cd2a19fbb4" storage="TestAssembly.dll">
      <Execution id="e5c2dc75-06b8-496d-a422-1cd5b7636a61" />
      <TestMethod codeBase="TestAssembly.dll" className="TestNamespace.TestClass1" name="Test5309" />
    </UnitTest>
    <UnitTest name="Test5310" id="740d2629-9c64-4f57-ad26-9b1bb94f495e" storage="TestAssembly.dll">
      <Execution id="5aa0ca8d-3a63-4e50-bf1a-cfe93d59b8f7" />
      <TestMethod codeBase="TestAssembly.dll" className="TestNamespace.TestClass1" name="Test5310" />
    </UnitTest>
    <UnitTest name="Test5311" id="9b8667ba-76e3-4da9-aa8c-1cb67c52b7cd" storage="TestAssembly.dll">
      <Execution id="4f230c90-1811-4333-a716-58a6cffb8ff8" />
      <TestMethod codeBase="TestAssembly.dll" className="TestNamespace.TestClass2" name="Test5311" />
    </UnitTest>
    <UnitTest name="Test5312" id="e39ed813-ba74-4912-b200-a84f6267081a" storage="TestAssembly.dll">
      <Execution id="fead558c-37f2-41fa-91d8-f48c7e2c7519" />
      <TestMethod codeBase="TestAssembly.dll" className="TestNamespace.TestClass2" name="Test5312" />
    </UnitTest>
    <UnitTest name="Test5313" id="b97b3867-8332-4c1c-be29-234d5c6609b0" storage="TestAssembly.dll">
      <Execution id="f0160b97-b7ee-49f0-930e-67834f0dc59d" />
      <TestMethod codeBase="TestAssembly.dll" className="TestNamespace.TestClass2" name="Test5313" />
    </UnitTest>
    <UnitTest name="Test5314" id="4807e4be-9a9a-4c95-88f8-ca9c95bfe4e5" storage="TestAssembly.dll">
      <Execution id="0dd7388d-e583-4acf-934f-2fbc44ff40af" />
      <TestMethod codeBase="TestAssembly.dll" className="TestNamespace.TestClass2" name="Test5314" />
    </UnitTest>
    <UnitTest name="Test5315" id="4c9e31e5-0ab7-468d-8d52-fcc4a2dfce1c" storage="TestAssembly.dll">
      <Execution id="e16b392e-2f3a-4012-918a-a52d53acd5f2" />
      <TestMethod codeBase="TestAssembly.dll" className="TestNamespace.TestClass2" name="Test5315" />
    </UnitTest>
    <UnitTest name="Test5316" id="be6b8cd2-7afd-4538-966b-ab7244fd30f5" storage="TestAssembly.dll">
      <Execution id="73b2f68a-d0f6-45a9-acb9-6a412926e5ca" />
      <TestMethod codeBase="TestAssembly.dll" className="TestNamespace.TestClass2" name="Test5316" />
    </UnitTest>
    <UnitTest name="Test5317" id="23b1a994-f04e-4f55-af2a-6be54defc16f" storage="TestAssembly.dll">
      <Execution id="594ff355-bd5b-456b-b2a0-d7c9acaece32" />
      <TestMethod codeBase="TestAssembly.dll" className="TestNamespace.TestClass2" name="Test5317" />
    </UnitTest>
    <UnitTest name="Test5318" id="7adb38e2-660d-4046-a1e1-2b3a68cbe66c" storage="TestAssembly.dll">
      <Execution id="0ad61586-c8ed-4170-8c82-a2cfd248f4a2" />
      <TestMethod codeBase="TestAssembly.dll" className="TestNamespace.TestClass2" name="Test5318" />
    </UnitTest>
    <UnitTest name="Test5319" id="188d2d9c-76f8-475b-baef-98c166bae422" storage="TestAssembly.dll">
      <Execution id="3b33ad2f-7c27-4306-b8e9-cb6cbed49826" />
      <TestMethod codeBase="TestAssembly.dll" className="TestNamespace.TestClass2" name="Test5319" />
    </UnitTest>
    <UnitTest name="Test5320" id="ef9dc19a-f874-4a6f-84cd-856ccaea23df" storage="TestAssembly.dll">
      <Execution id="743680dc-24b0-4973-a6b3-37072e4f508d" />
      <TestMethod codeBase="TestAssembly.dll" className="TestNamespace.TestClass2" name="Test5320" />
    </UnitTest>
    <UnitTest name="Test5321" id="a9a2d6ff-aabd-495e-9c5d-c29dc57783eb" storage="TestAssembly.dll">
      <Execution id="8b0969b1-32f6-4eeb-ab9d-74d16ac73d22" />
      <TestMethod codeBase="TestAssembly.dll" className="TestNamespace.TestClass3" name="Test5321" />
    </UnitTest>
    <UnitTest name="Test5322" id="74adde77-b00e-491d-bfb6-4d0c4067bcd7" storage="TestAssembly.dll">
      <Execution id="6889fccb-c964-4cbd-bc0d-f27420edb64f" />
      <TestMethod codeBase="TestAssembly.dll" className="TestNamespace.TestClass3" name="Test5322" />
    </UnitTest>
    <UnitTest name="Test5323" id="76a09478-b016-4623-9e20-9b435b351034" storage="TestAssembly.dll">
      <Execution id="71d3f77d-d881-4b32-b5b5-d48d89759840" />
      <TestMethod codeBase="TestAssembly.dll" className="TestNamespace.TestClass3" name="Test5323" />
    </UnitTest>
    <UnitTest name="Test5324" id="c36f988e-0754-434a-aa7c-8edf25dc21d4" storage="TestAssembly.dll">
      <Execution id="f83a9c40-092f-4bf8-bd27-7dada511e153" />
      <TestMethod codeBase="TestAssembly.dll" className="TestNamespace.TestClass3" name="Test5324" />
    </UnitTest>
    <UnitTest name="Test5325" id="1f90c328-c38a-40c9-8030-15aed0e1a7d9" storage="TestAssembly.dll">
      <Execution id="baee2646-af9c-496d-b971-8d906b2af60a" />
      <TestMethod codeBase="TestAssembly.dll" className="TestNamespace.TestClass3" name="Test5325" />
    </UnitTest>
    <UnitTest name="Test5326" id="88444c2c-883e-4a38-ba28-6e4d94740d9d" storage="TestAssembly.dll">
      <Execution id="49817e94-8b8e-4554-ba67-e1f0cd931b06" />
      <TestMethod codeBase="TestAssembly.dll" className="TestNamespace.TestClass3" name="Test5326" />
    </UnitTest>
    <UnitTest name="Test5327" id="50fa9b04-a3f3-46df-a18d-cb724fad70f1" storage="TestAssembly.dll">
      <Execution id="7964d044-2436-4ccd-bdbe-b55fe6a790ae" />
      <TestMethod codeBase="TestAssembly.dll" className="TestNamespace.TestClass3" name="Test5327" />
    </UnitTest>
    <UnitTest name="Test5328" id="82a9b796-d0dc-4b05-8336-2cb56f747dc5" storage="TestAssembly.dll">
      <Execution id="ecafc46e-c2e2-4b2a-9d8b-47eb65311dba" />
      <TestMethod codeBase="TestAssembly.dll" className="TestNamespace.TestClass3" name="Test5328" />
    </UnitTest>
    <UnitTest name="Test5329" id="87e9bb1d-7f16-4cf4-a0e9-94fe4a6c1267" storage="TestAssembly.dll">
      <Execution id="3b04e3d7-b62e-4f36-be59-f7516636e8f3" />
      <TestMethod codeBase="TestAssembly.dll" className="TestNamespace.TestClass3" name="Test5329" />
    </UnitTest>
    <UnitTest name="Test5330" id="ab874535-6495-4c3c-b9ce-cdeaf6c54131" storage="TestAssembly.dll">
      <Execution id="2c8ec17e-cc64-471c-a336-055f613c5609" />
      <TestMethod codeBase="TestAssembly.dll" className="TestNamespace.TestClass3" name="Test5330" />
    </UnitTest>
    <UnitTest name="Test5331" id="e42556a5-7358-401a-8cd7-e1e680325a5d" storage="TestAssembly.dll">
      <Execution id="6c057cfe-703a-4b16-9f31-bdf19342b90b" />
      <TestMethod codeBase="TestAssembly.dll" className="TestNamespace.TestClass4" name="Test5331" />
    </UnitTest>
    <UnitTest name="Test5332" id="9ade58f7-175e-4718-8dd8-ae3dd1481517" storage="TestAssembly.dll">
      <Execution id="5d427074-33ae-4c75-aaae-86df9cac6423" />
      <TestMethod codeBase="TestAssembly.dll" className="TestNamespace.TestClass4" name="Test5332" />
    </UnitTest>
    <UnitTest name="Test5333" id="6f3af475-eb10-491d-9fa2-c77dba319762" storage="TestAssembly.dll">
      <Execution id="2f74d6fb-1278-4bde-9df0-1126cfd5570c" />
      <TestMethod codeBase="TestAssembly.dll" className="TestNamespace.TestClass4" name="Test5333" />
    </UnitTest>
    <UnitTest name="Test5334" id="10c93963-6112-42b4-9244-5cc403c3df39" storage="TestAssembly.dll">
      <Execution id="e351a9ba-4bd2-442c-9b13-4ebfba4c7904" />
      <TestMethod codeBase="TestAssembly.dll" className="TestNamespace.TestClass4" name="Test5334" />
    </UnitTest>
    <UnitTest name="Test5335" id="d3a79619-e775-47de-8ea6-940f1e317c3b" storage="TestAssembly.dll">
      <Execution id="6cfd4254-c110-42c6-80fd-905c025371b9" />
      <TestMethod codeBase="TestAssembly.dll" className="TestNamespace.TestClass4" name="Test5335" />
    </UnitTest>
    <UnitTest name="Test5336" id="7639740c-d890-43f7-8ecb-539aad574f2f" storage="TestAssembly.dll">
      <Execution id="66d9c772-ac68-4783-9411-c19fa84e389c" />
      <TestMethod codeBase="TestAssembly.dll" className="TestNamespace.TestClass4" name="Test5336" />
    </UnitTest>
    <UnitTest name="Test5337" id="44ba31ae-7cb2-4ae4-a8d2-8a0868047d8d" storage="TestAssembly.dll">
      <Execution id="ad60ebdf-8279-4a5e-b4bb-28270dd36ff9" />
      <TestMethod codeBase="TestAssembly.dll" className="TestNamespace.TestClass4" name="Test5337" />
    </UnitTest>
    <UnitTest name="Test5338" id="03f69057-45e6-4e16-9603-c3d69c9553c1" storage="TestAssembly.dll">
      <Execution id="fca95215-1d8a-46db-b847-ce56c07c0b8e" />
      <TestMethod codeBase="TestAssembly.dll" className="TestNamespace.TestClass4" name="Test5338" />
    </UnitTest>
    <UnitTest name="Test5339" id="d09d9c05-4316-4df0-bfa9-05f7ccf3ac35" storage="TestAssembly.dll">
      <Execution id="dcc02fe9-e945-4e8b-8918-06d19df4d07f" />
      <TestMethod codeBase="TestAssembly.dll" className="TestNamespace.TestClass4" name="Test5339" />
    </UnitTest>
    <UnitTest name="Test5340" id="3508b158-cc40-4b72-9c09-79dbe6ac8a1f" storage="TestAssembly.dll">
      <Execution id="4ddf52e9-8433-449d-9a3c-8faa4681333f" />
      <TestMethod codeBase="TestAssembly.dll" className="TestNamespace.TestClass4" name="Test5340" />
    </UnitTest>
    <UnitTest name="Test5341" id="ef4ed335-6454-4084-99f9-152b34505713" storage="TestAssembly.dll">
      <Execution id="f41b232c-0d18-4bcd-9d09-f8e242ce92aa" />
      <TestMethod codeBase="TestAssembly.dll" className="TestNamespace.TestClass5" name="Test5341" />
    </UnitTest>
    <UnitTest name="Test5342" id="97273e80-21e8-4ca3-ae45-e8e02d859f1a" storage="TestAssembly.dll">
      <Execution id="3ae89b90-af05-4ab9-bcb1-1c37787ad59c" />
      <TestMethod codeBase="TestAssembly.dll" className="TestNamespace.TestClass5" name="Test5342" />
    </UnitTest>
    <UnitTest name="Test5343" id="427e0e99-538a-4c58-869d-3ac196274f76" storage="TestAssembly.dll">
      <Execution id="027cd778-5331-413c-a602-1b05a4ac6f4f" />
      <TestMethod codeBase="TestAssembly.dll" className="TestNamespace.TestClass5" name="Test5343" />
    </UnitTest>
    <UnitTest name="Test5344" id="36d871f8-6d24-4982-808f-467612e7f0d5" storage="TestAssembly.dll">
      <Execution id="cd2aa9a5-603c-4bcb-99bf-c9f72fbfd60b" />
      <TestMethod codeBase="TestAssembly.dll" className="TestNamespace.TestClass5" name="Test5344" />
    </UnitTest>
    <UnitTest name="Test5345" id="5f26e21c-9e84-404c-8b39-db8b83119dbc" storage="TestAssembly.dll">
      <Execution id="a6b3d46a-828c-4038-8c41-de633efbeaef" />
      <TestMethod codeBase="TestAssembly.dll" className="TestNamespace.TestClass5" name="Test5345" />
    </UnitTest>
    <UnitTest name="Test5346" id="f881c391-d061-4a56-9961-e3f6f2cb0b59" storage="TestAssembly.dll">
      <Execution id="e3b351b4-d825-4f08-9874-2cce0ddef69e" />
      <TestMethod codeBase="TestAssembly.dll" className="TestNamespace.TestClass5" name="Test5346" />
    </UnitTest>
    <UnitTest name="Test5347" id="1581daf5-7b74-4272-83e0-8c3007be3c2e" storage="TestAssembly.dll">
      <Execution id="0337b9ee-09db-4af8-a75d-b8e3396714fa" />
      <TestMethod codeBase="TestAssembly.dll" className="TestNamespace.TestClass5" name="Test5347" />
    </UnitTest>
    <UnitTest name="Test5348" id="a41ead9e-6667-4308-ab50-fb2754d616e2" storage="TestAssembly.dll">
      <Execution id="2086178f-a4b5-4fc5-a034-1a9f7df02838" />
      <TestMethod codeBase="TestAssembly.dll" className="TestNamespace.TestClass5" name="Test5348" />
    </UnitTest>
    <UnitTest name="Test5349" id="b4d52400-a6be-4719-8975-3ad633e82b41" storage="TestAssembly.dll">
      <Execution id="a90588ed-8bdf-4548-9084-3ab94ecb3811" />
      <TestMethod codeBase="TestAssembly.dll" className="TestNamespace.TestClass5" name="Test5349" />
    </UnitTest>
    <UnitTest name="Test5350" id="54ff14c5-715d-46e2-b076-13f63da277b5" storage="TestAssembly.dll">
      <Execution id="5b97e070-4de0-44b8-b21c-b45a65badae2" />
      <TestMethod codeBase="TestAssembly.dll" className="TestNamespace.TestClass5" name="Test5350" />
    </UnitTest>
    <UnitTest name="Test5351" id="1b753885-7d79-4171-9daf-87f0a2ec457f" storage="TestAssembly.dll">
      <Execution id="fc358072-ba5a-429a-a9ba-b3587be868ab" />
      <TestMethod codeBase="TestAssembly.dll" className="TestNamespace.TestClass6" name="Test5351" />
    </UnitTest>
    <UnitTest name="Test5352" id="c57df0bf-087d-45a6-ad7c-adef664cbc22" storage="TestAssembly.dll">
      <Execution id="388f6799-0b5a-4b33-9c17-ed06e6dc6a92" />
      <TestMethod codeBase="TestAssembly.dll" className="TestNamespace.TestClass6" name="Test5352" />
    </UnitTest>
    <UnitTest name="Test5353" id="1e788879-b212-447a-bab2-ffec84eac791" storage="TestAssembly.dll">
      <Execution id="cb506829-6317-4916-bb1c-bbc5b7dfd9df" />
      <TestMethod codeBase="TestAssembly.dll" className="TestNamespace.TestClass6" name="Test5353" />
    </UnitTest>
    <UnitTest name="Test5354" id="e1a005f5-7a8c-4eab-a52b-4d22e89df54c" storage="TestAssembly.dll">
      <Execution id="afc12a57-efd1-49df-a95f-3a1578084136" />
      <TestMethod codeBase="TestAssembly.dll" className="TestNamespace.TestClass6" name="Test5354" />
    </UnitTest>
    <UnitTest name="Test5355" id="d711c408-11ea-4ba4-9db0-93f87092fed8" storage="TestAssembly.dll">
      <Execution id="94c8ac3c-b0d3-4720-8866-30188870b02e" />
      <TestMethod codeBase="TestAssembly.dll" className="TestNamespace.TestClass6" name="Test5355" />
    </UnitTest>
    <UnitTest name="Test5356" id="8a97b496-c1a6-44b3-8ea8-c06130e12123" storage="TestAssembly.dll">
      <Execution id="9734a684-0ea5-4fe5-87f6-65add1e2f607" />
      <TestMethod codeBase="TestAssembly.dll" className="TestNamespace.TestClass6" name="Test5356" />
    </UnitTest>
    <UnitTest name="Test5357" id="e2de9caa-be87-4136-a95f-5f55fb1e30a8" storage="TestAssembly.dll">
      <Execution id="8885dc0f-08ad-4105-acc2-76bd8e998b57" />
      <TestMethod codeBase="TestAssembly.dll" className="TestNamespace.TestClass6" name="Test5357" />
    </UnitTest>
    <UnitTest name="Test5358" id="b0d2b46e-c17c-423d-b5f1-a4387ff17d5f" storage="TestAssembly.dll">
      <Execution id="9d1c294f-bb63-4832-b84e-c81478084fe7" />
      <TestMethod codeBase="TestAssembly.dll" className="TestNamespace.TestClass6" name="Test5358" />
    </UnitTest>
    <UnitTest name="Test5359" id="76f94477-2bfb-460e-b62e-1dba909992fa" storage="TestAssembly.dll">
      <Execution id="747e6795-cb57-4880-8c81-0067dbc83bd9" />
      <TestMethod codeBase="TestAssembly.dll" className="TestNamespace.TestClass6" name="Test5359" />
    </UnitTest>
    <UnitTest name="Test5360" id="9f51c838-5556-4399-bf19-195897e3308c" storage="TestAssembly.dll">
      <Execution id="f0d8b049-3c89-48d1-9117-016f9724c390" />
      <TestMethod codeBase="TestAssembly.dll" className="TestNamespace.TestClass6" name="Test5360" />
    </UnitTest>
    <UnitTest name="Test5361" id="0d70bdcc-0ddf-4c90-9d65-d0b04a06224e" storage="TestAssembly.dll">
      <Execution id="23922540-37c8-4bf9-8878-30798d69fd09" />
      <TestMethod codeBase="TestAssembly.dll" className="TestNamespace.TestClass7" name="Test5361" />
    </UnitTest>
    <UnitTest name="Test5362" id="57c89433-897f-4a3b-b961-646cc6c0c4af" storage="TestAssembly.dll">
      <Execution id="28be2772-0001-4011-b8f0-28d5f05be4bf" />
      <TestMethod codeBase="TestAssembly.dll" className="TestNamespace.TestClass7" name="Test5362" />
    </UnitTest>
    <UnitTest name="Test5363" id="a3bcc214-0fbb-40a1-90ec-cc2f30a3b001" storage="TestAssembly.dll">
      <Execution id="b227e658-fcd8-4a75-9b40-e0fa90c95409" />
      <TestMethod codeBase="TestAssembly.dll" className="TestNamespace.TestClass7" name="Test5363" />
    </UnitTest>
    <UnitTest name="Test5364" id="e1aef85a-5d01-49bd-bf2f-0651e093a90d" storage="TestAssembly.dll">
      <Execution id="a5dc7681-1e0e-4d64-b033-c862b8e8e595" />
      <TestMethod codeBase="TestAssembly.dll" className="TestNamespace.TestClass7" name="Test5364" />
    </UnitTest>
    <UnitTest name="Test5365" id="e7f0e041-e86c-4b2d-9a83-ea5195789b08" storage="TestAssembly.dll">
      <Execution id="32689cc4-94a9-452d-9483-c2ca5aea3ed2" />
      <TestMethod codeBase="TestAssembly.dll" className="TestNamespace.TestClass7" name="Test5365" />
    </UnitTest>
    <UnitTest name="Test5366" id="667afa01-25d4-4203-b124-021428ccbf46" storage="TestAssembly.dll">
      <Execution id="0dc01830-9dfe-4c98-95ed-3846e65c7312" />
      <TestMethod codeBase="TestAssembly.dll" className="TestNamespace.TestClass7" name="Test5366" />
    </UnitTest>
    <UnitTest name="Test5367" id="af163618-70c9-4a77-9c09-79bd520b2b61" storage="TestAssembly.dll">
      <Execution id="55ff6c12-45e9-493d-9314-4ea194a220a1" />
      <TestMethod codeBase="TestAssembly.dll" className="TestNamespace.TestClass7" name="Test5367" />
    </UnitTest>
    <UnitTest name="Test5368" id="c101f65e-06ca-428e-8b61-ac36afeb4e27" storage="TestAssembly.dll">
      <Execution id="fe0894ad-1f51-4417-a5bd-1159b27a2480" />
      <TestMethod codeBase="TestAssembly.dll" className="TestNamespace.TestClass7" name="Test5368" />
    </UnitTest>
    <UnitTest name="Test5369" id="0a13d3f4-e2cb-4436-8d7d-68d1297a1ea0" storage="TestAssembly.dll">
      <Execution id="d2847078-6e6e-4dd0-b301-7e7571e5aaac" />
      <TestMethod codeBase="TestAssembly.dll" className="TestNamespace.TestClass7" name="Test5369" />
    </UnitTest>
    <UnitTest name="Test5370" id="a70cc9a5-c5f1-4986-b752-ae2f129307cc" storage="TestAssembly.dll">
      <Execution id="a50605be-a3f5-41bb-8fca-4e0aafc60c75" />
      <TestMethod codeBase="TestAssembly.dll" className="TestNamespace.TestClass7" name="Test5370" />
    </UnitTest>
    <UnitTest name="Test5371" id="6839684b-9b77-42c2-9e37-c32eaadeb630" storage="TestAssembly.dll">
      <Execution id="1efc9127-62b1-45cf-a189-5549e3f442ff" />
      <TestMethod codeBase="TestAssembly.dll" className="TestNamespace.TestClass8" name="Test5371" />
    </UnitTest>
    <UnitTest name="Test5372" id="f6e366bc-edb7-440c-94a8-935a1e54bfac" storage="TestAssembly.dll">
      <Execution id="424ad23d-3617-4d10-9fdf-881329148694" />
      <TestMethod codeBase="TestAssembly.dll" className="TestNamespace.TestClass8" name="Test5372" />
    </UnitTest>
    <UnitTest name="Test5373" id="fda8a14c-406d-4b20-92b2-67669e01fdfd" storage="TestAssembly.dll">
      <Execution id="3e41554d-855c-4946-9437-173c716c59ac" />
      <TestMethod codeBase="TestAssembly.dll" className="TestNamespace.TestClass8" name="Test5373" />
    </UnitTest>
    <UnitTest name="Test5374" id="75ae2d65-0d0d-44d7-8a76-7472cf059701" storage="TestAssembly.dll">
      <Execution id="aba102c4-83bf-40c7-8a9c-495dff482b24" />
      <TestMethod codeBase="TestAssembly.dll" className="TestNamespace.TestClass8" name="Test5374" />
    </UnitTest>
    <UnitTest name="Test5375" id="23e9e7ab-2638-4322-aec5-3fffaedeed4c" storage="TestAssembly.dll">
      <Execution id="d9bfb26a-3ae2-4b28-8e91-9905ee2f7cbc" />
      <TestMethod codeBase="TestAssembly.dll" className="TestNamespace.TestClass8" name="Test5375" />
    </UnitTest>
    <UnitTest name="Test5376" id="61770156-ef66-40eb-b77b-866ff0dc8d24" storage="TestAssembly.dll">
      <Execution id="6950d1eb-9f12-4b4e-bc9c-8a6abdac958b" />
      <TestMethod codeBase="TestAssembly.dll" className="TestNamespace.TestClass8" name="Test5376" />
    </UnitTest>
    <UnitTest name="Test5377" id="78021c78-0fd2-4fb2-9930-ba33ae1735a4" storage="TestAssembly.dll">
      <Execution id="08c919ba-67a8-4d62-9ebd-ad6e405dfcde" />
      <TestMethod codeBase="TestAssembly.dll" className="TestNamespace.TestClass8" name="Test5377" />
    </UnitTest>
    <UnitTest name="Test5378" id="ff627146-57dc-46da-b423-cc0a7bd8d08b" storage="TestAssembly.dll">
      <Execution id="7056778a-d22f-4b94-bef2-2004f11eae17" />
      <TestMethod codeBase="TestAssembly.dll" className="TestNamespace.TestClass8" name="Test5378" />
    </UnitTest>
    <UnitTest name="Test5379" id="261c2dfd-bced-40e4-bdcc-cb03671211ca" storage="TestAssembly.dll">
      <Execution id="6f34f8d0-ac38-4ae7-ac8c-5a5345ae77b7" />
      <TestMethod codeBase="TestAssembly.dll" className="TestNamespace.TestClass8" name="Test5379" />
    </UnitTest>
    <UnitTest name="Test5380" id="c3b7f4ba-21a4-48e9-9b46-a467a6ba9f9b" storage="TestAssembly.dll">
      <Execution id="2eb518fa-f72f-4cd0-af70-a5f1bd09b058" />
      <TestMethod codeBase="TestAssembly.dll" className="TestNamespace.TestClass8" name="Test5380" />
    </UnitTest>
    <UnitTest name="Test5381" id="177c4142-7a43-47f9-a5db-4651b1e23493" storage="TestAssembly.dll">
      <Execution id="43e4ecf1-91f6-415f-b694-b6d1b6dfcb95" />
      <TestMethod codeBase="TestAssembly.dll" className="TestNamespace.TestClass9" name="Test5381" />
    </UnitTest>
    <UnitTest name="Test5382" id="36feef72-1705-4ca8-bdd0-6d5789bc2c33" storage="TestAssembly.dll">
      <Execution id="bab43fb2-a724-4ae5-9c42-57a34b880d3c" />
      <TestMethod codeBase="TestAssembly.dll" className="TestNamespace.TestClass9" name="Test5382" />
    </UnitTest>
    <UnitTest name="Test5383" id="baee517c-90f5-4740-bcef-61bc16f169d3" storage="TestAssembly.dll">
      <Execution id="6c5b1dd4-b4fe-4a12-99d4-e29769863af4" />
      <TestMethod codeBase="TestAssembly.dll" className="TestNamespace.TestClass9" name="Test5383" />
    </UnitTest>
    <UnitTest name="Test5384" id="6e1fd7fb-7bed-4554-821d-12a8a991633b" storage="TestAssembly.dll">
      <Execution id="9193988f-9f06-4a95-9582-f045ef3b3d82" />
      <TestMethod codeBase="TestAssembly.dll" className="TestNamespace.TestClass9" name="Test5384" />
    </UnitTest>
    <UnitTest name="Test5385" id="038dfe1e-1c7a-4940-97d4-93c09bdaf39a" storage="TestAssembly.dll">
      <Execution id="640683a8-119f-4ea7-b3a8-62b9b57ff583" />
      <TestMethod codeBase="TestAssembly.dll" className="TestNamespace.TestClass9" name="Test5385" />
    </UnitTest>
    <UnitTest name="Test5386" id="c2519d60-5651-4fc7-81a7-e91b8a06ee08" storage="TestAssembly.dll">
      <Execution id="9930451b-8f3e-4e8e-a6a6-34e7197a6068" />
      <TestMethod codeBase="TestAssembly.dll" className="TestNamespace.TestClass9" name="Test5386" />
    </UnitTest>
    <UnitTest name="Test5387" id="90d547d0-c744-4162-8451-ed6367de1c31" storage="TestAssembly.dll">
      <Execution id="22bb1210-1150-42a4-8520-2a868444c16d" />
      <TestMethod codeBase="TestAssembly.dll" className="TestNamespace.TestClass9" name="Test5387" />
    </UnitTest>
    <UnitTest name="Test5388" id="c9ed5d97-47e4-40a9-8fc3-903116af9717" storage="TestAssembly.dll">
      <Execution id="b826d1b4-aa9b-4827-a965-77c8b7ec8536" />
      <TestMethod codeBase="TestAssembly.dll" className="TestNamespace.TestClass9" name="Test5388" />
    </UnitTest>
    <UnitTest name="Test5389" id="ef92f722-35e3-4e54-a9f0-6c5ff7ff1460" storage="TestAssembly.dll">
      <Execution id="71ef39ea-8885-465b-80e6-004362b26111" />
      <TestMethod codeBase="TestAssembly.dll" className="TestNamespace.TestClass9" name="Test5389" />
    </UnitTest>
    <UnitTest name="Test5390" id="760837e0-72aa-47b7-be13-9140a3517a43" storage="TestAssembly.dll">
      <Execution id="0d11ce44-0c4a-4b81-b4ff-94cfd476f81a" />
      <TestMethod codeBase="TestAssembly.dll" className="TestNamespace.TestClass9" name="Test5390" />
    </UnitTest>
    <UnitTest name="Test5391" id="bd9cf880-1afd-4018-b348-b8e5de2612b8" storage="TestAssembly.dll">
      <Execution id="ecf16953-cf77-4f27-bbdb-e2b582ab253e" />
      <TestMethod codeBase="TestAssembly.dll" className="TestNamespace.TestClass10" name="Test5391" />
    </UnitTest>
    <UnitTest name="Test5392" id="f147643d-9eb1-470f-b200-8e5384d415a2" storage="TestAssembly.dll">
      <Execution id="5e035e7a-4d61-4b21-8d11-21cfa0d88d9f" />
      <TestMethod codeBase="TestAssembly.dll" className="TestNamespace.TestClass10" name="Test5392" />
    </UnitTest>
    <UnitTest name="Test5393" id="37a20949-75ae-4420-9eac-5fa6363ec230" storage="TestAssembly.dll">
      <Execution id="14c4abc6-8483-4c73-b47c-7930f8bad9a9" />
      <TestMethod codeBase="TestAssembly.dll" className="TestNamespace.TestClass10" name="Test5393" />
    </UnitTest>
    <UnitTest name="Test5394" id="f72b5970-34af-47c5-9ef1-92f31dc2f694" storage="TestAssembly.dll">
      <Execution id="689cf802-34a1-43bf-aca8-45b9907e2f2e" />
      <TestMethod codeBase="TestAssembly.dll" className="TestNamespace.TestClass10" name="Test5394" />
    </UnitTest>
    <UnitTest name="Test5395" id="0d9cfaa5-28c2-4604-89d4-d7aee6759eae" storage="TestAssembly.dll">
      <Execution id="58c9db7b-f5ec-4eb5-8e37-6c4e8bb223c0" />
      <TestMethod codeBase="TestAssembly.dll" className="TestNamespace.TestClass10" name="Test5395" />
    </UnitTest>
    <UnitTest name="Test5396" id="300132c2-bcc2-4a30-87fe-5ab46c9ce565" storage="TestAssembly.dll">
      <Execution id="2dc7a814-1a2b-4939-9409-8acd010580b9" />
      <TestMethod codeBase="TestAssembly.dll" className="TestNamespace.TestClass10" name="Test5396" />
    </UnitTest>
    <UnitTest name="Test5397" id="02f79c8f-2f23-4d5e-a3da-59c1bb8e4095" storage="TestAssembly.dll">
      <Execution id="7ecaa913-271b-4c40-b384-ca4a02dfcb35" />
      <TestMethod codeBase="TestAssembly.dll" className="TestNamespace.TestClass10" name="Test5397" />
    </UnitTest>
    <UnitTest name="Test5398" id="1f6a5eb8-38f9-4e51-af2c-9d70457c8328" storage="TestAssembly.dll">
      <Execution id="05938fab-964e-4f7e-8330-38dc1877a3dc" />
      <TestMethod codeBase="TestAssembly.dll" className="TestNamespace.TestClass10" name="Test5398" />
    </UnitTest>
    <UnitTest name="Test5399" id="bcf70685-3ca8-4690-9041-560dea7c6afa" storage="TestAssembly.dll">
      <Execution id="9cf9bce7-4398-47bd-9108-2d4015689f3d" />
      <TestMethod codeBase="TestAssembly.dll" className="TestNamespace.TestClass10" name="Test5399" />
    </UnitTest>
    <UnitTest name="Test5400" id="1ee84ba6-de9c-4b01-8206-e9fce469a4bf" storage="TestAssembly.dll">
      <Execution id="1977b5cc-088d-41ef-90fe-a2d14602576a" />
      <TestMethod codeBase="TestAssembly.dll" className="TestNamespace.TestClass10" name="Test5400" />
    </UnitTest>
  </TestDefinitions>
  <TestEntries>
    <TestEntry testId="32133da1-bdd3-477a-be4f-cb8eb35ed15a" executionId="ec745202-dab5-406b-9113-71d13a08499e" testListId="5284c3ad-adfc-4b4f-b6ef-bbf06c6bd8fc" />
    <TestEntry testId="4b341ebf-8aab-443b-96ad-d6b4f2a008ad" executionId="e321b950-69a5-4d10-ad69-ce988971af6c" testListId="5284c3ad-adfc-4b4f-b6ef-bbf06c6bd8fc" />
    <TestEntry testId="2ac7699c-a29e-449c-b8fa-7450bec3738f" executionId="d6625721-8de9-465d-b9b1-03a0ab403355" testListId="5284c3ad-adfc-4b4f-b6ef-bbf06c6bd8fc" />
    <TestEntry testId="259dfece-f3ab-4e4f-8a3f-22bc7320e2dd" executionId="90d82310-a53a-48dd-a410-2181e94529c6" testListId="5284c3ad-adfc-4b4f-b6ef-bbf06c6bd8fc" />
    <TestEntry testId="aba0ef1d-9c54-40e8-bdc1-5046b4152f19" executionId="d67182d7-c2eb-4af3-9433-f7fcb6741037" testListId="5284c3ad-adfc-4b4f-b6ef-bbf06c6bd8fc" />
    <TestEntry testId="00f2a4fa-2f92-4049-bc64-766fe5126211" executionId="52658aed-7414-4e1c-959e-6b619945e802" testListId="5284c3ad-adfc-4b4f-b6ef-bbf06c6bd8fc" />
    <TestEntry testId="35a3cac6-ea62-4790-aafa-ddb27cb4a036" executionId="31e290ab-0383-4568-a79f-7abe74f9025f" testListId="5284c3ad-adfc-4b4f-b6ef-bbf06c6bd8fc" />
    <TestEntry testId="d2f49f36-cafc-47b6-b225-bd82c7a54e28" executionId="007fa16f-a555-45f6-a8b1-6937353c1734" testListId="5284c3ad-adfc-4b4f-b6ef-bbf06c6bd8fc" />
    <TestEntry testId="93eb8bd1-bbfa-43c2-9ca5-97cd2a19fbb4" executionId="e5c2dc75-06b8-496d-a422-1cd5b7636a61" testListId="5284c3ad-adfc-4b4f-b6ef-bbf06c6bd8fc" />
    <TestEntry testId="740d2629-9c64-4f57-ad26-9b1bb94f495e" executionId="5aa0ca8d-3a63-4e50-bf1a-cfe93d59b8f7" testListId="5284c3ad-adfc-4b4f-b6ef-bbf06c6bd8fc" />
    <TestEntry testId="9b8667ba-76e3-4da9-aa8c-1cb67c52b7cd" executionId="4f230c90-1811-4333-a716-58a6cffb8ff8" testListId="5284c3ad-adfc-4b4f-b6ef-bbf06c6bd8fc" />
    <TestEntry testId="e39ed813-ba74-4912-b200-a84f6267081a" executionId="fead558c-37f2-41fa-91d8-f48c7e2c7519" testListId="5284c3ad-adfc-4b4f-b6ef-bbf06c6bd8fc" />
    <TestEntry testId="b97b3867-8332-4c1c-be29-234d5c6609b0" executionId="f0160b97-b7ee-49f0-930e-67834f0dc59d" testListId="5284c3ad-adfc-4b4f-b6ef-bbf06c6bd8fc" />
    <TestEntry testId="4807e4be-9a9a-4c95-88f8-ca9c95bfe4e5" executionId="0dd7388d-e583-4acf-934f-2fbc44ff40af" testListId="5284c3ad-adfc-4b4f-b6ef-bbf06c6bd8fc" />
    <TestEntry testId="4c9e31e5-0ab7-468d-8d52-fcc4a2dfce1c" executionId="e16b392e-2f3a-4012-918a-a52d53acd5f2" testListId="5284c3ad-adfc-4b4f-b6ef-bbf06c6bd8fc" />
    <TestEntry testId="be6b8cd2-7afd-4538-966b-ab7244fd30f5" executionId="73b2f68a-d0f6-45a9-acb9-6a412926e5ca" testListId="5284c3ad-adfc-4b4f-b6ef-bbf06c6bd8fc" />
    <TestEntry testId="23b1a994-f04e-4f55-af2a-6be54defc16f" executionId="594ff355-bd5b-456b-b2a0-d7c9acaece32" testListId="5284c3ad-adfc-4b4f-b6ef-bbf06c6bd8fc" />
    <TestEntry testId="7adb38e2-660d-4046-a1e1-2b3a68cbe66c" executionId="0ad61586-c8ed-4170-8c82-a2cfd248f4a2" testListId="5284c3ad-adfc-4b4f-b6ef-bbf06c6bd8fc" />
    <TestEntry testId="188d2d9c-76f8-475b-baef-98c166bae422" executionId="3b33ad2f-7c27-4306-b8e9-cb6cbed49826" testListId="5284c3ad-adfc-4b4f-b6ef-bbf06c6bd8fc" />
    <TestEntry testId="ef9dc19a-f874-4a6f-84cd-856ccaea23df" executionId="743680dc-24b0-4973-a6b3-37072e4f508d" testListId="5284c3ad-adfc-4b4f-b6ef-bbf06c6bd8fc" />
    <TestEntry testId="a9a2d6ff-aabd-495e-9c5d-c29dc57783eb" executionId="8b0969b1-32f6-4eeb-ab9d-74d16ac73d22" testListId="5284c3ad-adfc-4b4f-b6ef-bbf06c6bd8fc" />
    <TestEntry testId="74adde77-b00e-491d-bfb6-4d0c4067bcd7" executionId="6889fccb-c964-4cbd-bc0d-f27420edb64f" testListId="5284c3ad-adfc-4b4f-b6ef-bbf06c6bd8fc" />
    <TestEntry testId="76a09478-b016-4623-9e20-9b435b351034" executionId="71d3f77d-d881-4b32-b5b5-d48d89759840" testListId="5284c3ad-adfc-4b4f-b6ef-bbf06c6bd8fc" />
    <TestEntry testId="c36f988e-0754-434a-aa7c-8edf25dc21d4" executionId="f83a9c40-092f-4bf8-bd27-7dada511e153" testListId="5284c3ad-adfc-4b4f-b6ef-bbf06c6bd8fc" />
    <TestEntry testId="1f90c328-c38a-40c9-8030-15aed0e1a7d9" executionId="baee2646-af9c-496d-b971-8d906b2af60a" testListId="5284c3ad-adfc-4b4f-b6ef-bbf06c6bd8fc" />
    <TestEntry testId="88444c2c-883e-4a38-ba28-6e4d94740d9d" executionId="49817e94-8b8e-4554-ba67-e1f0cd931b06" testListId="5284c3ad-adfc-4b4f-b6ef-bbf06c6bd8fc" />
    <TestEntry testId="50fa9b04-a3f3-46df-a18d-cb724fad70f1" executionId="7964d044-2436-4ccd-bdbe-b55fe6a790ae" testListId="5284c3ad-adfc-4b4f-b6ef-bbf06c6bd8fc" />
    <TestEntry testId="82a9b796-d0dc-4b05-8336-2cb56f747dc5" executionId="ecafc46e-c2e2-4b2a-9d8b-47eb65311dba" testListId="5284c3ad-adfc-4b4f-b6ef-bbf06c6bd8fc" />
    <TestEntry testId="87e9bb1d-7f16-4cf4-a0e9-94fe4a6c1267" executionId="3b04e3d7-b62e-4f36-be59-f7516636e8f3" testListId="5284c3ad-adfc-4b4f-b6ef-bbf06c6bd8fc" />
    <TestEntry testId="ab874535-6495-4c3c-b9ce-cdeaf6c54131" executionId="2c8ec17e-cc64-471c-a336-055f613c5609" testListId="5284c3ad-adfc-4b4f-b6ef-bbf06c6bd8fc" />
    <TestEntry testId="e42556a5-7358-401a-8cd7-e1e680325a5d" executionId="6c057cfe-703a-4b16-9f31-bdf19342b90b" testListId="5284c3ad-adfc-4b4f-b6ef-bbf06c6bd8fc" />
    <TestEntry testId="9ade58f7-175e-4718-8dd8-ae3dd1481517" executionId="5d427074-33ae-4c75-aaae-86df9cac6423" testListId="5284c3ad-adfc-4b4f-b6ef-bbf06c6bd8fc" />
    <TestEntry testId="6f3af475-eb10-491d-9fa2-c77dba319762" executionId="2f74d6fb-1278-4bde-9df0-1126cfd5570c" testListId="5284c3ad-adfc-4b4f-b6ef-bbf06c6bd8fc" />
    <TestEntry testId="10c93963-6112-42b4-9244-5cc403c3df39" executionId="e351a9ba-4bd2-442c-9b13-4ebfba4c7904" testListId="5284c3ad-adfc-4b4f-b6ef-bbf06c6bd8fc" />
    <TestEntry testId="d3a79619-e775-47de-8ea6-940f1e317c3b" executionId="6cfd4254-c110-42c6-80fd-905c025371b9" testListId="5284c3ad-adfc-4b4f-b6ef-bbf06c6bd8fc" />
    <TestEntry testId="7639740c-d890-43f7-8ecb-539aad574f2f" executionId="66d9c772-ac68-4783-9411-c19fa84e389c" testListId="5284c3ad-adfc-4b4f-b6ef-bbf06c6bd8fc" />
    <TestEntry testId="44ba31ae-7cb2-4ae4-a8d2-8a0868047d8d" executionId="ad60ebdf-8279-4a5e-b4bb-28270dd36ff9" testListId="5284c3ad-adfc-4b4f-b6ef-bbf06c6bd8fc" />
    <TestEntry testId="03f69057-45e6-4e16-9603-c3d69c9553c1" executionId="fca95215-1d8a-46db-b847-ce56c07c0b8e" testListId="5284c3ad-adfc-4b4f-b6ef-bbf06c6bd8fc" />
    <TestEntry testId="d09d9c05-4316-4df0-bfa9-05f7ccf3ac35" executionId="dcc02fe9-e945-4e8b-8918-06d19df4d07f" testListId="5284c3ad-adfc-4b4f-b6ef-bbf06c6bd8fc" />
    <TestEntry testId="3508b158-cc40-4b72-9c09-79dbe6ac8a1f" executionId="4ddf52e9-8433-449d-9a3c-8faa4681333f" testListId="5284c3ad-adfc-4b4f-b6ef-bbf06c6bd8fc" />
    <TestEntry testId="ef4ed335-6454-4084-99f9-152b34505713" executionId="f41b232c-0d18-4bcd-9d09-f8e242ce92aa" testListId="5284c3ad-adfc-4b4f-b6ef-bbf06c6bd8fc" />
    <TestEntry testId="97273e80-21e8-4ca3-ae45-e8e02d859f1a" executionId="3ae89b90-af05-4ab9-bcb1-1c37787ad59c" testListId="5284c3ad-adfc-4b4f-b6ef-bbf06c6bd8fc" />
    <TestEntry testId="427e0e99-538a-4c58-869d-3ac196274f76" executionId="027cd778-5331-413c-a602-1b05a4ac6f4f" testListId="5284c3ad-adfc-4b4f-b6ef-bbf06c6bd8fc" />
    <TestEntry testId="36d871f8-6d24-4982-808f-467612e7f0d5" executionId="cd2aa9a5-603c-4bcb-99bf-c9f72fbfd60b" testListId="5284c3ad-adfc-4b4f-b6ef-bbf06c6bd8fc" />
    <TestEntry testId="5f26e21c-9e84-404c-8b39-db8b83119dbc" executionId="a6b3d46a-828c-4038-8c41-de633efbeaef" testListId="5284c3ad-adfc-4b4f-b6ef-bbf06c6bd8fc" />
    <TestEntry testId="f881c391-d061-4a56-9961-e3f6f2cb0b59" executionId="e3b351b4-d825-4f08-9874-2cce0ddef69e" testListId="5284c3ad-adfc-4b4f-b6ef-bbf06c6bd8fc" />
    <TestEntry testId="1581daf5-7b74-4272-83e0-8c3007be3c2e" executionId="0337b9ee-09db-4af8-a75d-b8e3396714fa" testListId="5284c3ad-adfc-4b4f-b6ef-bbf06c6bd8fc" />
    <TestEntry testId="a41ead9e-6667-4308-ab50-fb2754d616e2" executionId="2086178f-a4b5-4fc5-a034-1a9f7df02838" testListId="5284c3ad-adfc-4b4f-b6ef-bbf06c6bd8fc" />
    <TestEntry testId="b4d52400-a6be-4719-8975-3ad633e82b41" executionId="a90588ed-8bdf-4548-9084-3ab94ecb3811" testListId="5284c3ad-adfc-4b4f-b6ef-bbf06c6bd8fc" />
    <TestEntry testId="54ff14c5-715d-46e2-b076-13f63da277b5" executionId="5b97e070-4de0-44b8-b21c-b45a65badae2" testListId="5284c3ad-adfc-4b4f-b6ef-bbf06c6bd8fc" />
    <TestEntry testId="1b753885-7d79-4171-9daf-87f0a2ec457f" executionId="fc358072-ba5a-429a-a9ba-b3587be868ab" testListId="5284c3ad-adfc-4b4f-b6ef-bbf06c6bd8fc" />
    <TestEntry testId="c57df0bf-087d-45a6-ad7c-adef664cbc22" executionId="388f6799-0b5a-4b33-9c17-ed06e6dc6a92" testListId="5284c3ad-adfc-4b4f-b6ef-bbf06c6bd8fc" />
    <TestEntry testId="1e788879-b212-447a-bab2-ffec84eac791" executionId="cb506829-6317-4916-bb1c-bbc5b7dfd9df" testListId="5284c3ad-adfc-4b4f-b6ef-bbf06c6bd8fc" />
    <TestEntry testId="e1a005f5-7a8c-4eab-a52b-4d22e89df54c" executionId="afc12a57-efd1-49df-a95f-3a1578084136" testListId="5284c3ad-adfc-4b4f-b6ef-bbf06c6bd8fc" />
    <TestEntry testId="d711c408-11ea-4ba4-9db0-93f87092fed8" executionId="94c8ac3c-b0d3-4720-8866-30188870b02e" testListId="5284c3ad-adfc-4b4f-b6ef-bbf06c6bd8fc" />
    <TestEntry testId="8a97b496-c1a6-44b3-8ea8-c06130e12123" executionId="9734a684-0ea5-4fe5-87f6-65add1e2f607" testListId="5284c3ad-adfc-4b4f-b6ef-bbf06c6bd8fc" />
    <TestEntry testId="e2de9caa-be87-4136-a95f-5f55fb1e30a8" executionId="8885dc0f-08ad-4105-acc2-76bd8e998b57" testListId="5284c3ad-adfc-4b4f-b6ef-bbf06c6bd8fc" />
    <TestEntry testId="b0d2b46e-c17c-423d-b5f1-a4387ff17d5f" executionId="9d1c294f-bb63-4832-b84e-c81478084fe7" testListId="5284c3ad-adfc-4b4f-b6ef-bbf06c6bd8fc" />
    <TestEntry testId="76f94477-2bfb-460e-b62e-1dba909992fa" executionId="747e6795-cb57-4880-8c81-0067dbc83bd9" testListId="5284c3ad-adfc-4b4f-b6ef-bbf06c6bd8fc" />
    <TestEntry testId="9f51c838-5556-4399-bf19-195897e3308c" executionId="f0d8b049-3c89-48d1-9117-016f9724c390" testListId="5284c3ad-adfc-4b4f-b6ef-bbf06c6bd8fc" />
    <TestEntry testId="0d70bdcc-0ddf-4c90-9d65-d0b04a06224e" executionId="23922540-37c8-4bf9-8878-30798d69fd09" testListId="5284c3ad-adfc-4b4f-b6ef-bbf06c6bd8fc" />
    <TestEntry testId="57c89433-897f-4a3b-b961-646cc6c0c4af" executionId="28be2772-0001-4011-b8f0-28d5f05be4bf" testListId="5284c3ad-adfc-4b4f-b6ef-bbf06c6bd8fc" />
    <TestEntry testId="a3bcc214-0fbb-40a1-90ec-cc2f30a3b001" executionId="b227e658-fcd8-4a75-9b40-e0fa90c95409" testListId="5284c3ad-adfc-4b4f-b6ef-bbf06c6bd8fc" />
    <TestEntry testId="e1aef85a-5d01-49bd-bf2f-0651e093a90d" executionId="a5dc7681-1e0e-4d64-b033-c862b8e8e595" testListId="5284c3ad-adfc-4b4f-b6ef-bbf06c6bd8fc" />
    <TestEntry testId="e7f0e041-e86c-4b2d-9a83-ea5195789b08" executionId="32689cc4-94a9-452d-9483-c2ca5aea3ed2" testListId="5284c3ad-adfc-4b4f-b6ef-bbf06c6bd8fc" />
    <TestEntry testId="667afa01-25d4-4203-b124-021428ccbf46" executionId="0dc01830-9dfe-4c98-95ed-3846e65c7312" testListId="5284c3ad-adfc-4b4f-b6ef-bbf06c6bd8fc" />
    <TestEntry testId="af163618-70c9-4a77-9c09-79bd520b2b61" executionId="55ff6c12-45e9-493d-9314-4ea194a220a1" testListId="5284c3ad-adfc-4b4f-b6ef-bbf06c6bd8fc" />
    <TestEntry testId="c101f65e-06ca-428e-8b61-ac36afeb4e27" executionId="fe0894ad-1f51-4417-a5bd-1159b27a2480" testListId="5284c3ad-adfc-4b4f-b6ef-bbf06c6bd8fc" />
    <TestEntry testId="0a13d3f4-e2cb-4436-8d7d-68d1297a1ea0" executionId="d2847078-6e6e-4dd0-b301-7e7571e5aaac" testListId="5284c3ad-adfc-4b4f-b6ef-bbf06c6bd8fc" />
    <TestEntry testId="a70cc9a5-c5f1-4986-b752-ae2f129307cc" executionId="a50605be-a3f5-41bb-8fca-4e0aafc60c75" testListId="5284c3ad-adfc-4b4f-b6ef-bbf06c6bd8fc" />
    <TestEntry testId="6839684b-9b77-42c2-9e37-c32eaadeb630" executionId="1efc9127-62b1-45cf-a189-5549e3f442ff" testListId="5284c3ad-adfc-4b4f-b6ef-bbf06c6bd8fc" />
    <TestEntry testId="f6e366bc-edb7-440c-94a8-935a1e54bfac" executionId="424ad23d-3617-4d10-9fdf-881329148694" testListId="5284c3ad-adfc-4b4f-b6ef-bbf06c6bd8fc" />
    <TestEntry testId="fda8a14c-406d-4b20-92b2-67669e01fdfd" executionId="3e41554d-855c-4946-9437-173c716c59ac" testListId="5284c3ad-adfc-4b4f-b6ef-bbf06c6bd8fc" />
    <TestEntry testId="75ae2d65-0d0d-44d7-8a76-7472cf059701" executionId="aba102c4-83bf-40c7-8a9c-495dff482b24" testListId="5284c3ad-adfc-4b4f-b6ef-bbf06c6bd8fc" />
    <TestEntry testId="23e9e7ab-2638-4322-aec5-3fffaedeed4c" executionId="d9bfb26a-3ae2-4b28-8e91-9905ee2f7cbc" testListId="5284c3ad-adfc-4b4f-b6ef-bbf06c6bd8fc" />
    <TestEntry testId="61770156-ef66-40eb-b77b-866ff0dc8d24" executionId="6950d1eb-9f12-4b4e-bc9c-8a6abdac958b" testListId="5284c3ad-adfc-4b4f-b6ef-bbf06c6bd8fc" />
    <TestEntry testId="78021c78-0fd2-4fb2-9930-ba33ae1735a4" executionId="08c919ba-67a8-4d62-9ebd-ad6e405dfcde" testListId="5284c3ad-adfc-4b4f-b6ef-bbf06c6bd8fc" />
    <TestEntry testId="ff627146-57dc-46da-b423-cc0a7bd8d08b" executionId="7056778a-d22f-4b94-bef2-2004f11eae17" testListId="5284c3ad-adfc-4b4f-b6ef-bbf06c6bd8fc" />
    <TestEntry testId="261c2dfd-bced-40e4-bdcc-cb03671211ca" executionId="6f34f8d0-ac38-4ae7-ac8c-5a5345ae77b7" testListId="5284c3ad-adfc-4b4f-b6ef-bbf06c6bd8fc" />
    <TestEntry testId="c3b7f4ba-21a4-48e9-9b46-a467a6ba9f9b" executionId="2eb518fa-f72f-4cd0-af70-a5f1bd09b058" testListId="5284c3ad-adfc-4b4f-b6ef-bbf06c6bd8fc" />
    <TestEntry testId="177c4142-7a43-47f9-a5db-4651b1e23493" executionId="43e4ecf1-91f6-415f-b694-b6d1b6dfcb95" testListId="5284c3ad-adfc-4b4f-b6ef-bbf06c6bd8fc" />
    <TestEntry testId="36feef72-1705-4ca8-bdd0-6d5789bc2c33" executionId="bab43fb2-a724-4ae5-9c42-57a34b880d3c" testListId="5284c3ad-adfc-4b4f-b6ef-bbf06c6bd8fc" />
    <TestEntry testId="baee517c-90f5-4740-bcef-61bc16f169d3" executionId="6c5b1dd4-b4fe-4a12-99d4-e29769863af4" testListId="5284c3ad-adfc-4b4f-b6ef-bbf06c6bd8fc" />
    <TestEntry testId="6e1fd7fb-7bed-4554-821d-12a8a991633b" executionId="9193988f-9f06-4a95-9582-f045ef3b3d82" testListId="5284c3ad-adfc-4b4f-b6ef-bbf06c6bd8fc" />
    <TestEntry testId="038dfe1e-1c7a-4940-97d4-93c09bdaf39a" executionId="640683a8-119f-4ea7-b3a8-62b9b57ff583" testListId="5284c3ad-adfc-4b4f-b6ef-bbf06c6bd8fc" />
    <TestEntry testId="c2519d60-5651-4fc7-81a7-e91b8a06ee08" executionId="9930451b-8f3e-4e8e-a6a6-34e7197a6068" testListId="5284c3ad-adfc-4b4f-b6ef-bbf06c6bd8fc" />
    <TestEntry testId="90d547d0-c744-4162-8451-ed6367de1c31" executionId="22bb1210-1150-42a4-8520-2a868444c16d" testListId="5284c3ad-adfc-4b4f-b6ef-bbf06c6bd8fc" />
    <TestEntry testId="c9ed5d97-47e4-40a9-8fc3-903116af9717" executionId="b826d1b4-aa9b-4827-a965-77c8b7ec8536" testListId="5284c3ad-adfc-4b4f-b6ef-bbf06c6bd8fc" />
    <TestEntry testId="ef92f722-35e3-4e54-a9f0-6c5ff7ff1460" executionId="71ef39ea-8885-465b-80e6-004362b26111" testListId="5284c3ad-adfc-4b4f-b6ef-bbf06c6bd8fc" />
    <TestEntry testId="760837e0-72aa-47b7-be13-9140a3517a43" executionId="0d11ce44-0c4a-4b81-b4ff-94cfd476f81a" testListId="5284c3ad-adfc-4b4f-b6ef-bbf06c6bd8fc" />
    <TestEntry testId="bd9cf880-1afd-4018-b348-b8e5de2612b8" executionId="ecf16953-cf77-4f27-bbdb-e2b582ab253e" testListId="5284c3ad-adfc-4b4f-b6ef-bbf06c6bd8fc" />
    <TestEntry testId="f147643d-9eb1-470f-b200-8e5384d415a2" executionId="5e035e7a-4d61-4b21-8d11-21cfa0d88d9f" testListId="5284c3ad-adfc-4b4f-b6ef-bbf06c6bd8fc" />
    <TestEntry testId="37a20949-75ae-4420-9eac-5fa6363ec230" executionId="14c4abc6-8483-4c73-b47c-7930f8bad9a9" testListId="5284c3ad-adfc-4b4f-b6ef-bbf06c6bd8fc" />
    <TestEntry testId="f72b5970-34af-47c5-9ef1-92f31dc2f694" executionId="689cf802-34a1-43bf-aca8-45b9907e2f2e" testListId="5284c3ad-adfc-4b4f-b6ef-bbf06c6bd8fc" />
    <TestEntry testId="0d9cfaa5-28c2-4604-89d4-d7aee6759eae" executionId="58c9db7b-f5ec-4eb5-8e37-6c4e8bb223c0" testListId="5284c3ad-adfc-4b4f-b6ef-bbf06c6bd8fc" />
    <TestEntry testId="300132c2-bcc2-4a30-87fe-5ab46c9ce565" executionId="2dc7a814-1a2b-4939-9409-8acd010580b9" testListId="5284c3ad-adfc-4b4f-b6ef-bbf06c6bd8fc" />
    <TestEntry testId="02f79c8f-2f23-4d5e-a3da-59c1bb8e4095" executionId="7ecaa913-271b-4c40-b384-ca4a02dfcb35" testListId="5284c3ad-adfc-4b4f-b6ef-bbf06c6bd8fc" />
    <TestEntry testId="1f6a5eb8-38f9-4e51-af2c-9d70457c8328" executionId="05938fab-964e-4f7e-8330-38dc1877a3dc" testListId="5284c3ad-adfc-4b4f-b6ef-bbf06c6bd8fc" />
    <TestEntry testId="bcf70685-3ca8-4690-9041-560dea7c6afa" executionId="9cf9bce7-4398-47bd-9108-2d4015689f3d" testListId="5284c3ad-adfc-4b4f-b6ef-bbf06c6bd8fc" />
    <TestEntry testId="1ee84ba6-de9c-4b01-8206-e9fce469a4bf" executionId="1977b5cc-088d-41ef-90fe-a2d14602576a" testListId="5284c3ad-adfc-4b4f-b6ef-bbf06c6bd8fc" />
  </TestEntries>
  <TestLists>
    <TestList name="Results Not in a List" id="5284c3ad-adfc-4b4f-b6ef-bbf06c6bd8fc" />
    <TestList name="All Loaded Results" id="fe7af1da-d5da-4f6a-b65e-2e3aff99ec6c" />
  </TestLists>
</TestRun>