<?xml version="1.0" encoding="UTF-8"?>
<TestRun id="666127ed-4ca2-4015-a391-f75f367525cb" name="Test Run 61" runUser="Oles Galatsan" xmlns="http://microsoft.com/schemas/VisualStudio/TeamTest/2010">
  <Times creation="2025-05-14T13:20:31.3125482Z" queuing="2025-05-14T13:20:31.3125482Z" start="2025-05-14T13:20:31.3146610Z" finish="2025-05-14T13:25:31.3147553Z" />
  <TestSettings name="Test Settings 61" id="25a67a54-5f7a-4cbf-9805-b848a29e8e07" />
  <Results>
    <UnitTestResult executionId="1f831899-7055-4c38-956f-7ef9353b9ebf" testId="1aab3139-ae3a-45a2-a1ea-d3c6706e1968" testName="Test6001" computerName="UA-LPT-OGA2" duration="00:00:00.0480000" startTime="2025-05-14T13:20:31.3146610Z" endTime="2025-05-14T13:25:31.3147553Z" testType="13cdc9d9-ddb5-4fa4-a97d-d965ccfc6d4b" outcome="Passed" testListId="e0470424-53b1-489c-89ce-b9e8131f9c74" />
    <UnitTestResult executionId="b61a1007-794b-4809-8a62-21481a88745b" testId="966858e2-4019-47a0-98d9-8c70076e01b4" testName="Test6002" computerName="UA-LPT-OGA2" duration="00:00:01.6040000" startTime="2025-05-14T13:20:31.3146610Z" endTime="2025-05-14T13:25:31.3147553Z" testType="13cdc9d9-ddb5-4fa4-a97d-d965ccfc6d4b" outcome="Passed" testListId="e0470424-53b1-489c-89ce-b9e8131f9c74" />
    <UnitTestResult executionId="122e5596-e017-41d3-8e30-08c18c79e8dd" testId="9833c1b7-10cd-4827-a13b-f36b57b85828" testName="Test6003" computerName="UA-LPT-OGA2" duration="00:00:00.7650000" startTime="2025-05-14T13:20:31.3146610Z" endTime="2025-05-14T13:25:31.3147553Z" testType="13cdc9d9-ddb5-4fa4-a97d-d965ccfc6d4b" outcome="Passed" testListId="e0470424-53b1-489c-89ce-b9e8131f9c74" />
    <UnitTestResult executionId="e3915950-917b-4aa6-87c9-b98fe79ea0c8" testId="26c464a2-6396-4a47-9cbd-a69fb676cbdb" testName="Test6004" computerName="UA-LPT-OGA2" duration="00:00:01.1570000" startTime="2025-05-14T13:20:31.3146610Z" endTime="2025-05-14T13:25:31.3147553Z" testType="13cdc9d9-ddb5-4fa4-a97d-d965ccfc6d4b" outcome="Passed" testListId="e0470424-53b1-489c-89ce-b9e8131f9c74" />
    <UnitTestResult executionId="59dbc5f6-7712-4d66-afee-234f8e27c3cf" testId="9bfbc91c-5656-4a33-a2d9-f668b9c1b687" testName="Test6005" computerName="UA-LPT-OGA2" duration="00:00:00.2220000" startTime="2025-05-14T13:20:31.3146610Z" endTime="2025-05-14T13:25:31.3147553Z" testType="13cdc9d9-ddb5-4fa4-a97d-d965ccfc6d4b" outcome="Passed" testListId="e0470424-53b1-489c-89ce-b9e8131f9c74" />
    <UnitTestResult executionId="4cfa6423-5220-40a7-be7b-f1159377d424" testId="8cb44739-231a-4cf5-be8c-2d3dd91fe8cd" testName="Test6006" computerName="UA-LPT-OGA2" duration="00:00:01.8450000" startTime="2025-05-14T13:20:31.3146610Z" endTime="2025-05-14T13:25:31.3147553Z" testType="13cdc9d9-ddb5-4fa4-a97d-d965ccfc6d4b" outcome="Passed" testListId="e0470424-53b1-489c-89ce-b9e8131f9c74" />
    <UnitTestResult executionId="060be069-3ba4-4785-84a5-77cbaaa9785a" testId="2b77ef26-9bb8-422d-af1f-abc7fcc40ef2" testName="Test6007" computerName="UA-LPT-OGA2" duration="00:00:01.6400000" startTime="2025-05-14T13:20:31.3146610Z" endTime="2025-05-14T13:25:31.3147553Z" testType="13cdc9d9-ddb5-4fa4-a97d-d965ccfc6d4b" outcome="Passed" testListId="e0470424-53b1-489c-89ce-b9e8131f9c74" />
    <UnitTestResult executionId="c3694b95-d962-4b2d-b8b2-1ab922017ec9" testId="d229d9c6-04dd-4a49-87a7-3384d64bb902" testName="Test6008" computerName="UA-LPT-OGA2" duration="00:00:00.1790000" startTime="2025-05-14T13:20:31.3146610Z" endTime="2025-05-14T13:25:31.3147553Z" testType="13cdc9d9-ddb5-4fa4-a97d-d965ccfc6d4b" outcome="Passed" testListId="e0470424-53b1-489c-89ce-b9e8131f9c74" />
    <UnitTestResult executionId="c06fcc0a-0593-4273-bd77-4ad7ac3e3fb3" testId="9cb535d6-9609-4e17-9eca-49a7e6ca764a" testName="Test6009" computerName="UA-LPT-OGA2" duration="00:00:01.4170000" startTime="2025-05-14T13:20:31.3146610Z" endTime="2025-05-14T13:25:31.3147553Z" testType="13cdc9d9-ddb5-4fa4-a97d-d965ccfc6d4b" outcome="Inconclusive" testListId="e0470424-53b1-489c-89ce-b9e8131f9c74" />
    <UnitTestResult executionId="ded3ee7d-cb11-41ca-ac4f-2687dac29225" testId="ded00146-e5d9-425c-ae1c-c3d0f108c352" testName="Test6010" computerName="UA-LPT-OGA2" duration="00:00:01.1490000" startTime="2025-05-14T13:20:31.3146610Z" endTime="2025-05-14T13:25:31.3147553Z" testType="13cdc9d9-ddb5-4fa4-a97d-d965ccfc6d4b" outcome="Passed" testListId="e0470424-53b1-489c-89ce-b9e8131f9c74" />
    <UnitTestResult executionId="fdc49b38-f225-4a0d-9202-369edd5ac34d" testId="d2ce33fc-4e9b-4034-82aa-a6f8607d1ead" testName="Test6011" computerName="UA-LPT-OGA2" duration="00:00:00.3460000" startTime="2025-05-14T13:20:31.3146610Z" endTime="2025-05-14T13:25:31.3147553Z" testType="13cdc9d9-ddb5-4fa4-a97d-d965ccfc6d4b" outcome="Passed" testListId="e0470424-53b1-489c-89ce-b9e8131f9c74" />
    <UnitTestResult executionId="62b129b7-aa8e-42ab-9756-f786d2169a9d" testId="e8067838-15a7-453f-ac2d-88611b5704d2" testName="Test6012" computerName="UA-LPT-OGA2" duration="00:00:01.1260000" startTime="2025-05-14T13:20:31.3146610Z" endTime="2025-05-14T13:25:31.3147553Z" testType="13cdc9d9-ddb5-4fa4-a97d-d965ccfc6d4b" outcome="Passed" testListId="e0470424-53b1-489c-89ce-b9e8131f9c74" />
    <UnitTestResult executionId="7cf0ccce-a7fa-424e-bbec-e7e46d52081f" testId="8163c0a8-7370-4e14-bf61-faa2092d01d5" testName="Test6013" computerName="UA-LPT-OGA2" duration="00:00:01.0830000" startTime="2025-05-14T13:20:31.3146610Z" endTime="2025-05-14T13:25:31.3147553Z" testType="13cdc9d9-ddb5-4fa4-a97d-d965ccfc6d4b" outcome="Passed" testListId="e0470424-53b1-489c-89ce-b9e8131f9c74" />
    <UnitTestResult executionId="7a03bfea-b837-4c62-9da4-22d9fad13284" testId="5ccac826-104b-4ab5-bdc8-fe38de0c850c" testName="Test6014" computerName="UA-LPT-OGA2" duration="00:00:00.3570000" startTime="2025-05-14T13:20:31.3146610Z" endTime="2025-05-14T13:25:31.3147553Z" testType="13cdc9d9-ddb5-4fa4-a97d-d965ccfc6d4b" outcome="Passed" testListId="e0470424-53b1-489c-89ce-b9e8131f9c74" />
    <UnitTestResult executionId="735ae7d7-c924-4a98-b488-267ea3430dd6" testId="e932bf03-6ee6-48d8-93d6-3cd76bedf7fd" testName="Test6015" computerName="UA-LPT-OGA2" duration="00:00:00.2380000" startTime="2025-05-14T13:20:31.3146610Z" endTime="2025-05-14T13:25:31.3147553Z" testType="13cdc9d9-ddb5-4fa4-a97d-d965ccfc6d4b" outcome="Passed" testListId="e0470424-53b1-489c-89ce-b9e8131f9c74" />
    <UnitTestResult executionId="f1f8def2-203c-46c2-a5c7-5847ad564fd9" testId="1d22b500-1d51-49aa-a00a-62114655cbc0" testName="Test6016" computerName="UA-LPT-OGA2" duration="00:00:01.7350000" startTime="2025-05-14T13:20:31.3146610Z" endTime="2025-05-14T13:25:31.3147553Z" testType="13cdc9d9-ddb5-4fa4-a97d-d965ccfc6d4b" outcome="Passed" testListId="e0470424-53b1-489c-89ce-b9e8131f9c74" />
    <UnitTestResult executionId="71a7ba49-0cee-407c-9948-37cf0fc5f13d" testId="22fea23b-2ef6-47aa-98e5-74fdd666c668" testName="Test6017" computerName="UA-LPT-OGA2" duration="00:00:01.2630000" startTime="2025-05-14T13:20:31.3146610Z" endTime="2025-05-14T13:25:31.3147553Z" testType="13cdc9d9-ddb5-4fa4-a97d-d965ccfc6d4b" outcome="Passed" testListId="e0470424-53b1-489c-89ce-b9e8131f9c74" />
    <UnitTestResult executionId="b5467265-deaa-4bcc-ac66-94703e263d46" testId="c7d4643f-f336-4f89-901a-75ac3b1424fa" testName="Test6018" computerName="UA-LPT-OGA2" duration="00:00:00.5160000" startTime="2025-05-14T13:20:31.3146610Z" endTime="2025-05-14T13:25:31.3147553Z" testType="13cdc9d9-ddb5-4fa4-a97d-d965ccfc6d4b" outcome="Passed" testListId="e0470424-53b1-489c-89ce-b9e8131f9c74" />
    <UnitTestResult executionId="37feaa46-d9e3-4c2b-862f-245b9ce6ad6b" testId="27a1f7f5-3f08-4120-ae7d-95072162a269" testName="Test6019" computerName="UA-LPT-OGA2" duration="00:00:00.1980000" startTime="2025-05-14T13:20:31.3146610Z" endTime="2025-05-14T13:25:31.3147553Z" testType="13cdc9d9-ddb5-4fa4-a97d-d965ccfc6d4b" outcome="Passed" testListId="e0470424-53b1-489c-89ce-b9e8131f9c74" />
    <UnitTestResult executionId="097067df-7d85-44c1-a3e6-c43abc7e9047" testId="010b8463-7ed0-4eae-a91c-c2a741eaf740" testName="Test6020" computerName="UA-LPT-OGA2" duration="00:00:01.0000000" startTime="2025-05-14T13:20:31.3146610Z" endTime="2025-05-14T13:25:31.3147553Z" testType="13cdc9d9-ddb5-4fa4-a97d-d965ccfc6d4b" outcome="Passed" testListId="e0470424-53b1-489c-89ce-b9e8131f9c74" />
    <UnitTestResult executionId="1c0db5e1-35dc-42d0-8fa8-4558112cd84b" testId="449a42d5-d196-4040-bf2e-82cfd95c62a8" testName="Test6021" computerName="UA-LPT-OGA2" duration="00:00:01.2730000" startTime="2025-05-14T13:20:31.3146610Z" endTime="2025-05-14T13:25:31.3147553Z" testType="13cdc9d9-ddb5-4fa4-a97d-d965ccfc6d4b" outcome="Passed" testListId="e0470424-53b1-489c-89ce-b9e8131f9c74" />
    <UnitTestResult executionId="b64bff26-82d7-4051-9027-67fefcdf863b" testId="8e2072c2-5621-4cd1-a2c0-0ddb14dd3c78" testName="Test6022" computerName="UA-LPT-OGA2" duration="00:00:00.8700000" startTime="2025-05-14T13:20:31.3146610Z" endTime="2025-05-14T13:25:31.3147553Z" testType="13cdc9d9-ddb5-4fa4-a97d-d965ccfc6d4b" outcome="Passed" testListId="e0470424-53b1-489c-89ce-b9e8131f9c74" />
    <UnitTestResult executionId="e71dfed9-561d-4a74-8437-77305dc51f0e" testId="40c310ab-8b9f-447b-9055-8eff736800e6" testName="Test6023" computerName="UA-LPT-OGA2" duration="00:00:00.4850000" startTime="2025-05-14T13:20:31.3146610Z" endTime="2025-05-14T13:25:31.3147553Z" testType="13cdc9d9-ddb5-4fa4-a97d-d965ccfc6d4b" outcome="Passed" testListId="e0470424-53b1-489c-89ce-b9e8131f9c74" />
    <UnitTestResult executionId="97661288-160f-495e-b80e-405ffc875996" testId="95ec41b9-5f2c-469b-a351-659c54a211a6" testName="Test6024" computerName="UA-LPT-OGA2" duration="00:00:01.5730000" startTime="2025-05-14T13:20:31.3146610Z" endTime="2025-05-14T13:25:31.3147553Z" testType="13cdc9d9-ddb5-4fa4-a97d-d965ccfc6d4b" outcome="Passed" testListId="e0470424-53b1-489c-89ce-b9e8131f9c74" />
    <UnitTestResult executionId="ba8ddc80-a907-4774-8e38-c7547b677cfc" testId="d2835779-e651-4cdc-b6e2-228d7908b1f1" testName="Test6025" computerName="UA-LPT-OGA2" duration="00:00:00.6540000" startTime="2025-05-14T13:20:31.3146610Z" endTime="2025-05-14T13:25:31.3147553Z" testType="13cdc9d9-ddb5-4fa4-a97d-d965ccfc6d4b" outcome="Passed" testListId="e0470424-53b1-489c-89ce-b9e8131f9c74" />
    <UnitTestResult executionId="11d00251-2fcf-4401-9688-885b90daa9f3" testId="0e3caced-a442-473c-b9c3-acc6c648306b" testName="Test6026" computerName="UA-LPT-OGA2" duration="00:00:00.3320000" startTime="2025-05-14T13:20:31.3146610Z" endTime="2025-05-14T13:25:31.3147553Z" testType="13cdc9d9-ddb5-4fa4-a97d-d965ccfc6d4b" outcome="Passed" testListId="e0470424-53b1-489c-89ce-b9e8131f9c74" />
    <UnitTestResult executionId="a678187e-4cef-45a5-be29-9853b1c3db82" testId="b87b5917-b4ac-44a2-94e7-c37a7a9e8825" testName="Test6027" computerName="UA-LPT-OGA2" duration="00:00:01.2260000" startTime="2025-05-14T13:20:31.3146610Z" endTime="2025-05-14T13:25:31.3147553Z" testType="13cdc9d9-ddb5-4fa4-a97d-d965ccfc6d4b" outcome="Passed" testListId="e0470424-53b1-489c-89ce-b9e8131f9c74" />
    <UnitTestResult executionId="40091e59-e7f7-4a57-9c99-38db0b8ff10c" testId="baa228dd-6f0b-4542-970a-593faf418ff7" testName="Test6028" computerName="UA-LPT-OGA2" duration="00:00:00.8770000" startTime="2025-05-14T13:20:31.3146610Z" endTime="2025-05-14T13:25:31.3147553Z" testType="13cdc9d9-ddb5-4fa4-a97d-d965ccfc6d4b" outcome="Passed" testListId="e0470424-53b1-489c-89ce-b9e8131f9c74" />
    <UnitTestResult executionId="5880558d-d31f-4cba-9f20-dfa5b975dd78" testId="72de85f1-9026-452f-8348-dbdd6cb43173" testName="Test6029" computerName="UA-LPT-OGA2" duration="00:00:00.7140000" startTime="2025-05-14T13:20:31.3146610Z" endTime="2025-05-14T13:25:31.3147553Z" testType="13cdc9d9-ddb5-4fa4-a97d-d965ccfc6d4b" outcome="Passed" testListId="e0470424-53b1-489c-89ce-b9e8131f9c74" />
    <UnitTestResult executionId="5903e8f1-5c8e-48c5-a1b2-55bd35f0786d" testId="5a913d7b-af44-4c6d-88ca-ee39c7cef748" testName="Test6030" computerName="UA-LPT-OGA2" duration="00:00:01.8400000" startTime="2025-05-14T13:20:31.3146610Z" endTime="2025-05-14T13:25:31.3147553Z" testType="13cdc9d9-ddb5-4fa4-a97d-d965ccfc6d4b" outcome="Passed" testListId="e0470424-53b1-489c-89ce-b9e8131f9c74" />
    <UnitTestResult executionId="d4c77788-2a7f-4625-a0a9-8faa51c74f1a" testId="f26303c6-f6e2-4db9-a370-0f26a06cd745" testName="Test6031" computerName="UA-LPT-OGA2" duration="00:00:00.9580000" startTime="2025-05-14T13:20:31.3146610Z" endTime="2025-05-14T13:25:31.3147553Z" testType="13cdc9d9-ddb5-4fa4-a97d-d965ccfc6d4b" outcome="Passed" testListId="e0470424-53b1-489c-89ce-b9e8131f9c74" />
    <UnitTestResult executionId="f344a1e1-8265-4a43-8784-8cfc91c9fac0" testId="fbcb756b-22bc-49c9-b26d-c28b26a4d16c" testName="Test6032" computerName="UA-LPT-OGA2" duration="00:00:01.0120000" startTime="2025-05-14T13:20:31.3146610Z" endTime="2025-05-14T13:25:31.3147553Z" testType="13cdc9d9-ddb5-4fa4-a97d-d965ccfc6d4b" outcome="Passed" testListId="e0470424-53b1-489c-89ce-b9e8131f9c74" />
    <UnitTestResult executionId="bdb5e927-37f5-40ee-aefb-6ab246228b52" testId="a4f2138a-67c7-4190-8a9a-2d000f60250a" testName="Test6033" computerName="UA-LPT-OGA2" duration="00:00:01.1640000" startTime="2025-05-14T13:20:31.3146610Z" endTime="2025-05-14T13:25:31.3147553Z" testType="13cdc9d9-ddb5-4fa4-a97d-d965ccfc6d4b" outcome="Passed" testListId="e0470424-53b1-489c-89ce-b9e8131f9c74" />
    <UnitTestResult executionId="48e27d32-3ae0-426e-8666-c4a802f194b6" testId="bd08ed1a-63b9-4a84-a405-7d4d07dc80d7" testName="Test6034" computerName="UA-LPT-OGA2" duration="00:00:00.3080000" startTime="2025-05-14T13:20:31.3146610Z" endTime="2025-05-14T13:25:31.3147553Z" testType="13cdc9d9-ddb5-4fa4-a97d-d965ccfc6d4b" outcome="Passed" testListId="e0470424-53b1-489c-89ce-b9e8131f9c74" />
    <UnitTestResult executionId="df0e6d73-a780-4299-bd22-71b56fcd20f5" testId="42823db7-c0f8-4e36-b912-f73a3d54caba" testName="Test6035" computerName="UA-LPT-OGA2" duration="00:00:00.2480000" startTime="2025-05-14T13:20:31.3146610Z" endTime="2025-05-14T13:25:31.3147553Z" testType="13cdc9d9-ddb5-4fa4-a97d-d965ccfc6d4b" outcome="Passed" testListId="e0470424-53b1-489c-89ce-b9e8131f9c74" />
    <UnitTestResult executionId="5e7e2a1b-c7fb-4f93-8afa-f994482a96cc" testId="41b0bee2-0f14-4678-8c4b-687d53c0cc12" testName="Test6036" computerName="UA-LPT-OGA2" duration="00:00:01.9890000" startTime="2025-05-14T13:20:31.3146610Z" endTime="2025-05-14T13:25:31.3147553Z" testType="13cdc9d9-ddb5-4fa4-a97d-d965ccfc6d4b" outcome="Passed" testListId="e0470424-53b1-489c-89ce-b9e8131f9c74" />
    <UnitTestResult executionId="4ab8b119-7efd-4798-9be4-59e964ebea40" testId="681e2f63-50ab-4c05-9d73-6a051f90096d" testName="Test6037" computerName="UA-LPT-OGA2" duration="00:00:01.9080000" startTime="2025-05-14T13:20:31.3146610Z" endTime="2025-05-14T13:25:31.3147553Z" testType="13cdc9d9-ddb5-4fa4-a97d-d965ccfc6d4b" outcome="Passed" testListId="e0470424-53b1-489c-89ce-b9e8131f9c74" />
    <UnitTestResult executionId="e6bcdba5-2d9e-4deb-a862-05d650cc8754" testId="e450d2af-f5cf-4356-a998-b2edbbc31e77" testName="Test6038" computerName="UA-LPT-OGA2" duration="00:00:01.4420000" startTime="2025-05-14T13:20:31.3146610Z" endTime="2025-05-14T13:25:31.3147553Z" testType="13cdc9d9-ddb5-4fa4-a97d-d965ccfc6d4b" outcome="Passed" testListId="e0470424-53b1-489c-89ce-b9e8131f9c74" />
    <UnitTestResult executionId="a8fbfa0c-ef20-4423-ac6f-5655f0ab5f20" testId="53eda76e-e3e1-4122-880a-4f125873a443" testName="Test6039" computerName="UA-LPT-OGA2" duration="00:00:00.6430000" startTime="2025-05-14T13:20:31.3146610Z" endTime="2025-05-14T13:25:31.3147553Z" testType="13cdc9d9-ddb5-4fa4-a97d-d965ccfc6d4b" outcome="Passed" testListId="e0470424-53b1-489c-89ce-b9e8131f9c74" />
    <UnitTestResult executionId="3d91fbeb-d5df-4fe4-9f41-1bc90ac1cec4" testId="e1346529-583a-4602-9d6a-610df91acd1f" testName="Test6040" computerName="UA-LPT-OGA2" duration="00:00:01.1000000" startTime="2025-05-14T13:20:31.3146610Z" endTime="2025-05-14T13:25:31.3147553Z" testType="13cdc9d9-ddb5-4fa4-a97d-d965ccfc6d4b" outcome="Passed" testListId="e0470424-53b1-489c-89ce-b9e8131f9c74" />
    <UnitTestResult executionId="f4bbfa29-d40b-4188-99dd-619b563f4739" testId="228c4dcc-248f-4d61-af6c-7bd58791f462" testName="Test6041" computerName="UA-LPT-OGA2" duration="00:00:01.6410000" startTime="2025-05-14T13:20:31.3146610Z" endTime="2025-05-14T13:25:31.3147553Z" testType="13cdc9d9-ddb5-4fa4-a97d-d965ccfc6d4b" outcome="Passed" testListId="e0470424-53b1-489c-89ce-b9e8131f9c74" />
    <UnitTestResult executionId="c2d26f95-400d-4171-ac50-7743606c22d6" testId="3f797cc4-9ab7-4f8c-aca5-3afe76afcc3b" testName="Test6042" computerName="UA-LPT-OGA2" duration="00:00:00.0900000" startTime="2025-05-14T13:20:31.3146610Z" endTime="2025-05-14T13:25:31.3147553Z" testType="13cdc9d9-ddb5-4fa4-a97d-d965ccfc6d4b" outcome="Passed" testListId="e0470424-53b1-489c-89ce-b9e8131f9c74" />
    <UnitTestResult executionId="f36f37bd-1b3c-47e0-9309-b8f710516f36" testId="11c1a5a3-abd4-4395-becd-5785b662d1f9" testName="Test6043" computerName="UA-LPT-OGA2" duration="00:00:01.4970000" startTime="2025-05-14T13:20:31.3146610Z" endTime="2025-05-14T13:25:31.3147553Z" testType="13cdc9d9-ddb5-4fa4-a97d-d965ccfc6d4b" outcome="Passed" testListId="e0470424-53b1-489c-89ce-b9e8131f9c74" />
    <UnitTestResult executionId="8a29eb5d-34df-496c-b1a1-80ce6f9a814d" testId="3e50b5e9-ca4f-4652-9d0c-f58e4d205a38" testName="Test6044" computerName="UA-LPT-OGA2" duration="00:00:00.4520000" startTime="2025-05-14T13:20:31.3146610Z" endTime="2025-05-14T13:25:31.3147553Z" testType="13cdc9d9-ddb5-4fa4-a97d-d965ccfc6d4b" outcome="Passed" testListId="e0470424-53b1-489c-89ce-b9e8131f9c74" />
    <UnitTestResult executionId="1bd99c66-d0a0-4b96-9947-6d78e86bd3ca" testId="030cc87c-ad11-4588-95c4-f6585172089f" testName="Test6045" computerName="UA-LPT-OGA2" duration="00:00:00.0610000" startTime="2025-05-14T13:20:31.3146610Z" endTime="2025-05-14T13:25:31.3147553Z" testType="13cdc9d9-ddb5-4fa4-a97d-d965ccfc6d4b" outcome="Passed" testListId="e0470424-53b1-489c-89ce-b9e8131f9c74" />
    <UnitTestResult executionId="937104f1-9535-4b0d-88b7-7cd13cf932db" testId="8319e16e-be57-4393-bd96-6a13c113f032" testName="Test6046" computerName="UA-LPT-OGA2" duration="00:00:01.7640000" startTime="2025-05-14T13:20:31.3146610Z" endTime="2025-05-14T13:25:31.3147553Z" testType="13cdc9d9-ddb5-4fa4-a97d-d965ccfc6d4b" outcome="Passed" testListId="e0470424-53b1-489c-89ce-b9e8131f9c74" />
    <UnitTestResult executionId="1710e5c0-c675-4d8a-91a4-b99ae6890f33" testId="e5cac45a-46cc-4975-8a51-c153b4376648" testName="Test6047" computerName="UA-LPT-OGA2" duration="00:00:00.4950000" startTime="2025-05-14T13:20:31.3146610Z" endTime="2025-05-14T13:25:31.3147553Z" testType="13cdc9d9-ddb5-4fa4-a97d-d965ccfc6d4b" outcome="Passed" testListId="e0470424-53b1-489c-89ce-b9e8131f9c74" />
    <UnitTestResult executionId="649d4dfe-e34a-4f3c-8622-4925a9a4b419" testId="ab8b8795-de15-4af7-9013-1ad0e80c9b46" testName="Test6048" computerName="UA-LPT-OGA2" duration="00:00:00.3710000" startTime="2025-05-14T13:20:31.3146610Z" endTime="2025-05-14T13:25:31.3147553Z" testType="13cdc9d9-ddb5-4fa4-a97d-d965ccfc6d4b" outcome="Passed" testListId="e0470424-53b1-489c-89ce-b9e8131f9c74" />
    <UnitTestResult executionId="10c78c8f-2db2-4ebf-9133-85b814d7fd5d" testId="9a5ce658-7d67-49b9-848f-3c49ebd33a9e" testName="Test6049" computerName="UA-LPT-OGA2" duration="00:00:00.9590000" startTime="2025-05-14T13:20:31.3146610Z" endTime="2025-05-14T13:25:31.3147553Z" testType="13cdc9d9-ddb5-4fa4-a97d-d965ccfc6d4b" outcome="Passed" testListId="e0470424-53b1-489c-89ce-b9e8131f9c74" />
    <UnitTestResult executionId="824a1f47-297a-4ab1-8179-e5e045a1b53e" testId="be60bba8-5012-4094-ae46-47cf5043a2ca" testName="Test6050" computerName="UA-LPT-OGA2" duration="00:00:00.0850000" startTime="2025-05-14T13:20:31.3146610Z" endTime="2025-05-14T13:25:31.3147553Z" testType="13cdc9d9-ddb5-4fa4-a97d-d965ccfc6d4b" outcome="Passed" testListId="e0470424-53b1-489c-89ce-b9e8131f9c74" />
    <UnitTestResult executionId="11d3eb78-d01c-4980-b54c-461993aace44" testId="429329d0-79ba-44e3-8cfa-1f752d01ea01" testName="Test6051" computerName="UA-LPT-OGA2" duration="00:00:00.7090000" startTime="2025-05-14T13:20:31.3146610Z" endTime="2025-05-14T13:25:31.3147553Z" testType="13cdc9d9-ddb5-4fa4-a97d-d965ccfc6d4b" outcome="Passed" testListId="e0470424-53b1-489c-89ce-b9e8131f9c74" />
    <UnitTestResult executionId="5941689a-29d6-452b-a8cc-b35bb0875ad7" testId="bd8ae0d6-1e13-4fe1-89c5-e9507fb10095" testName="Test6052" computerName="UA-LPT-OGA2" duration="00:00:01.8480000" startTime="2025-05-14T13:20:31.3146610Z" endTime="2025-05-14T13:25:31.3147553Z" testType="13cdc9d9-ddb5-4fa4-a97d-d965ccfc6d4b" outcome="Passed" testListId="e0470424-53b1-489c-89ce-b9e8131f9c74" />
    <UnitTestResult executionId="b3418ef6-a9fa-4418-9212-39f19c06ee28" testId="e9793744-e708-4bea-b61a-94ecab868946" testName="Test6053" computerName="UA-LPT-OGA2" duration="00:00:00.9560000" startTime="2025-05-14T13:20:31.3146610Z" endTime="2025-05-14T13:25:31.3147553Z" testType="13cdc9d9-ddb5-4fa4-a97d-d965ccfc6d4b" outcome="Failed" testListId="e0470424-53b1-489c-89ce-b9e8131f9c74">
      <Output>
        <ErrorInfo>
          <Message>Assertion failed: Expected value did not match actual value.</Message>
          <StackTrace>   at TestNamespace.TestClass.Test() in TestClass.cs:line 141</StackTrace>
        </ErrorInfo>
      </Output>
    </UnitTestResult>
    <UnitTestResult executionId="c79a8527-d5fa-43ec-bf4b-accdc74886ba" testId="f3edd26a-86ab-4e97-a828-87c524ea714b" testName="Test6054" computerName="UA-LPT-OGA2" duration="00:00:01.6300000" startTime="2025-05-14T13:20:31.3146610Z" endTime="2025-05-14T13:25:31.3147553Z" testType="13cdc9d9-ddb5-4fa4-a97d-d965ccfc6d4b" outcome="Passed" testListId="e0470424-53b1-489c-89ce-b9e8131f9c74" />
    <UnitTestResult executionId="f2a548e0-295e-4894-a734-eb0faa6a8b1d" testId="785c7cad-96b0-4d73-bc75-245544321ec3" testName="Test6055" computerName="UA-LPT-OGA2" duration="00:00:00.2430000" startTime="2025-05-14T13:20:31.3146610Z" endTime="2025-05-14T13:25:31.3147553Z" testType="13cdc9d9-ddb5-4fa4-a97d-d965ccfc6d4b" outcome="Passed" testListId="e0470424-53b1-489c-89ce-b9e8131f9c74" />
    <UnitTestResult executionId="0fd388fa-9dac-41a4-b942-3a2742803e07" testId="0cc5777a-ee8b-4ac0-888a-3317dd94b4fd" testName="Test6056" computerName="UA-LPT-OGA2" duration="00:00:01.4080000" startTime="2025-05-14T13:20:31.3146610Z" endTime="2025-05-14T13:25:31.3147553Z" testType="13cdc9d9-ddb5-4fa4-a97d-d965ccfc6d4b" outcome="Passed" testListId="e0470424-53b1-489c-89ce-b9e8131f9c74" />
    <UnitTestResult executionId="4b5a545b-ff83-41d8-aa6f-37791379e3fa" testId="c36919e2-4deb-4bc6-9c24-3cf0a55f9aac" testName="Test6057" computerName="UA-LPT-OGA2" duration="00:00:00.8750000" startTime="2025-05-14T13:20:31.3146610Z" endTime="2025-05-14T13:25:31.3147553Z" testType="13cdc9d9-ddb5-4fa4-a97d-d965ccfc6d4b" outcome="Failed" testListId="e0470424-53b1-489c-89ce-b9e8131f9c74">
      <Output>
        <ErrorInfo>
          <Message>Assertion failed: Expected value did not match actual value.</Message>
          <StackTrace>   at TestNamespace.TestClass.Test() in TestClass.cs:line 326</StackTrace>
        </ErrorInfo>
      </Output>
    </UnitTestResult>
    <UnitTestResult executionId="049bfd60-7bed-456e-b8dd-19b167e20296" testId="16eb8428-73ec-4b50-bfd2-dccdf5b9de88" testName="Test6058" computerName="UA-LPT-OGA2" duration="00:00:01.4420000" startTime="2025-05-14T13:20:31.3146610Z" endTime="2025-05-14T13:25:31.3147553Z" testType="13cdc9d9-ddb5-4fa4-a97d-d965ccfc6d4b" outcome="Failed" testListId="e0470424-53b1-489c-89ce-b9e8131f9c74">
      <Output>
        <ErrorInfo>
          <Message>Assertion failed: Expected value did not match actual value.</Message>
          <StackTrace>   at TestNamespace.TestClass.Test() in TestClass.cs:line 325</StackTrace>
        </ErrorInfo>
      </Output>
    </UnitTestResult>
    <UnitTestResult executionId="f52a66c0-1a6b-4e3f-b854-81a81d873d95" testId="60ffb531-848e-4dbf-9ed3-4c808b8a8bb9" testName="Test6059" computerName="UA-LPT-OGA2" duration="00:00:01.9930000" startTime="2025-05-14T13:20:31.3146610Z" endTime="2025-05-14T13:25:31.3147553Z" testType="13cdc9d9-ddb5-4fa4-a97d-d965ccfc6d4b" outcome="Passed" testListId="e0470424-53b1-489c-89ce-b9e8131f9c74" />
    <UnitTestResult executionId="8a30a0ee-6b79-4b7e-8941-8cb3d3076959" testId="c64bdcc8-44ff-4cca-9e25-c7d9c27cc81d" testName="Test6060" computerName="UA-LPT-OGA2" duration="00:00:00.4540000" startTime="2025-05-14T13:20:31.3146610Z" endTime="2025-05-14T13:25:31.3147553Z" testType="13cdc9d9-ddb5-4fa4-a97d-d965ccfc6d4b" outcome="Passed" testListId="e0470424-53b1-489c-89ce-b9e8131f9c74" />
    <UnitTestResult executionId="74b215f8-2042-486e-8ad9-f4c58747a351" testId="caaeab65-6851-47f6-8f3b-84f24a049bb4" testName="Test6061" computerName="UA-LPT-OGA2" duration="00:00:01.7330000" startTime="2025-05-14T13:20:31.3146610Z" endTime="2025-05-14T13:25:31.3147553Z" testType="13cdc9d9-ddb5-4fa4-a97d-d965ccfc6d4b" outcome="Passed" testListId="e0470424-53b1-489c-89ce-b9e8131f9c74" />
    <UnitTestResult executionId="f2b14937-c5c8-48e2-b3e5-2ed911e6263d" testId="37b71ba9-51ce-4000-94d1-8f4c6ddab96d" testName="Test6062" computerName="UA-LPT-OGA2" duration="00:00:00.7010000" startTime="2025-05-14T13:20:31.3146610Z" endTime="2025-05-14T13:25:31.3147553Z" testType="13cdc9d9-ddb5-4fa4-a97d-d965ccfc6d4b" outcome="Passed" testListId="e0470424-53b1-489c-89ce-b9e8131f9c74" />
    <UnitTestResult executionId="c56425e8-1319-4731-abed-e2044846a282" testId="bcc862a2-6168-4823-ab68-cb44cb6985cf" testName="Test6063" computerName="UA-LPT-OGA2" duration="00:00:01.4700000" startTime="2025-05-14T13:20:31.3146610Z" endTime="2025-05-14T13:25:31.3147553Z" testType="13cdc9d9-ddb5-4fa4-a97d-d965ccfc6d4b" outcome="Passed" testListId="e0470424-53b1-489c-89ce-b9e8131f9c74" />
    <UnitTestResult executionId="ff3295a1-0378-473a-b840-617fe4fcaa57" testId="f0e4a424-b459-4093-8203-2eeef6a79be8" testName="Test6064" computerName="UA-LPT-OGA2" duration="00:00:01.0580000" startTime="2025-05-14T13:20:31.3146610Z" endTime="2025-05-14T13:25:31.3147553Z" testType="13cdc9d9-ddb5-4fa4-a97d-d965ccfc6d4b" outcome="Passed" testListId="e0470424-53b1-489c-89ce-b9e8131f9c74" />
    <UnitTestResult executionId="6e1a1f71-ebae-4aac-8237-72129ee50457" testId="3bb698b3-6144-47f7-900a-757b7ab52acf" testName="Test6065" computerName="UA-LPT-OGA2" duration="00:00:01.1010000" startTime="2025-05-14T13:20:31.3146610Z" endTime="2025-05-14T13:25:31.3147553Z" testType="13cdc9d9-ddb5-4fa4-a97d-d965ccfc6d4b" outcome="Passed" testListId="e0470424-53b1-489c-89ce-b9e8131f9c74" />
    <UnitTestResult executionId="bd84c056-68c2-4a3d-b899-7c51849cda8c" testId="34849e07-0616-4169-aa6b-6eb9b53deef1" testName="Test6066" computerName="UA-LPT-OGA2" duration="00:00:01.8370000" startTime="2025-05-14T13:20:31.3146610Z" endTime="2025-05-14T13:25:31.3147553Z" testType="13cdc9d9-ddb5-4fa4-a97d-d965ccfc6d4b" outcome="Passed" testListId="e0470424-53b1-489c-89ce-b9e8131f9c74" />
    <UnitTestResult executionId="e2541c04-d18b-4a4c-b9a1-1140d8151cd9" testId="5ac54082-6c07-4d94-9d51-07377a88532f" testName="Test6067" computerName="UA-LPT-OGA2" duration="00:00:00.6890000" startTime="2025-05-14T13:20:31.3146610Z" endTime="2025-05-14T13:25:31.3147553Z" testType="13cdc9d9-ddb5-4fa4-a97d-d965ccfc6d4b" outcome="Passed" testListId="e0470424-53b1-489c-89ce-b9e8131f9c74" />
    <UnitTestResult executionId="99dd8a67-2449-42df-a70d-420231fe35ba" testId="b92a15c9-7512-4a35-85a6-319b34c6a9ad" testName="Test6068" computerName="UA-LPT-OGA2" duration="00:00:01.1610000" startTime="2025-05-14T13:20:31.3146610Z" endTime="2025-05-14T13:25:31.3147553Z" testType="13cdc9d9-ddb5-4fa4-a97d-d965ccfc6d4b" outcome="Passed" testListId="e0470424-53b1-489c-89ce-b9e8131f9c74" />
    <UnitTestResult executionId="0d54e217-3b4c-4a16-b8d5-e16d578068a0" testId="5ffccab0-f168-4707-b187-0ae2661ae2d1" testName="Test6069" computerName="UA-LPT-OGA2" duration="00:00:01.1150000" startTime="2025-05-14T13:20:31.3146610Z" endTime="2025-05-14T13:25:31.3147553Z" testType="13cdc9d9-ddb5-4fa4-a97d-d965ccfc6d4b" outcome="Passed" testListId="e0470424-53b1-489c-89ce-b9e8131f9c74" />
    <UnitTestResult executionId="35e2d46a-9d02-459a-81f5-c7b9beabcd3e" testId="3144a791-61f1-46ff-8ba7-535010fbbabd" testName="Test6070" computerName="UA-LPT-OGA2" duration="00:00:00.3110000" startTime="2025-05-14T13:20:31.3146610Z" endTime="2025-05-14T13:25:31.3147553Z" testType="13cdc9d9-ddb5-4fa4-a97d-d965ccfc6d4b" outcome="Passed" testListId="e0470424-53b1-489c-89ce-b9e8131f9c74" />
    <UnitTestResult executionId="486298d2-bb2b-4922-aff1-c5a127cc0d4c" testId="aa534a7a-0702-4b5f-8578-cab4d392f376" testName="Test6071" computerName="UA-LPT-OGA2" duration="00:00:00.3900000" startTime="2025-05-14T13:20:31.3146610Z" endTime="2025-05-14T13:25:31.3147553Z" testType="13cdc9d9-ddb5-4fa4-a97d-d965ccfc6d4b" outcome="Passed" testListId="e0470424-53b1-489c-89ce-b9e8131f9c74" />
    <UnitTestResult executionId="8b1f0447-1a50-4cdb-90ca-5e6889181c59" testId="a7a42d34-c907-46c1-a569-e2836764e173" testName="Test6072" computerName="UA-LPT-OGA2" duration="00:00:01.0470000" startTime="2025-05-14T13:20:31.3146610Z" endTime="2025-05-14T13:25:31.3147553Z" testType="13cdc9d9-ddb5-4fa4-a97d-d965ccfc6d4b" outcome="Passed" testListId="e0470424-53b1-489c-89ce-b9e8131f9c74" />
    <UnitTestResult executionId="5d631290-8aa8-4e07-b037-5999d98be702" testId="68a09430-183a-4f36-8a8d-7c016dd67dea" testName="Test6073" computerName="UA-LPT-OGA2" duration="00:00:00.5590000" startTime="2025-05-14T13:20:31.3146610Z" endTime="2025-05-14T13:25:31.3147553Z" testType="13cdc9d9-ddb5-4fa4-a97d-d965ccfc6d4b" outcome="Passed" testListId="e0470424-53b1-489c-89ce-b9e8131f9c74" />
    <UnitTestResult executionId="bfad2f24-417f-4861-8e93-a0dab1f139ae" testId="612bcb53-62cd-49b5-9d96-b57d385395bc" testName="Test6074" computerName="UA-LPT-OGA2" duration="00:00:01.2040000" startTime="2025-05-14T13:20:31.3146610Z" endTime="2025-05-14T13:25:31.3147553Z" testType="13cdc9d9-ddb5-4fa4-a97d-d965ccfc6d4b" outcome="Passed" testListId="e0470424-53b1-489c-89ce-b9e8131f9c74" />
    <UnitTestResult executionId="d1f2b9ad-5bfe-411f-9a10-6f99face894e" testId="916395df-23da-49df-aff8-f5473d998cf0" testName="Test6075" computerName="UA-LPT-OGA2" duration="00:00:00.6270000" startTime="2025-05-14T13:20:31.3146610Z" endTime="2025-05-14T13:25:31.3147553Z" testType="13cdc9d9-ddb5-4fa4-a97d-d965ccfc6d4b" outcome="Passed" testListId="e0470424-53b1-489c-89ce-b9e8131f9c74" />
    <UnitTestResult executionId="fb79a9f1-05b5-4912-8af1-4e4d85acf975" testId="5d92142f-8c07-4d34-9b85-697c5ad163b6" testName="Test6076" computerName="UA-LPT-OGA2" duration="00:00:00.3000000" startTime="2025-05-14T13:20:31.3146610Z" endTime="2025-05-14T13:25:31.3147553Z" testType="13cdc9d9-ddb5-4fa4-a97d-d965ccfc6d4b" outcome="Passed" testListId="e0470424-53b1-489c-89ce-b9e8131f9c74" />
    <UnitTestResult executionId="265acace-9c27-4291-920d-25cbd618d7eb" testId="8fbbe149-a9d5-49be-b7e7-cef432817488" testName="Test6077" computerName="UA-LPT-OGA2" duration="00:00:00.1670000" startTime="2025-05-14T13:20:31.3146610Z" endTime="2025-05-14T13:25:31.3147553Z" testType="13cdc9d9-ddb5-4fa4-a97d-d965ccfc6d4b" outcome="Passed" testListId="e0470424-53b1-489c-89ce-b9e8131f9c74" />
    <UnitTestResult executionId="42a8ab32-dff0-451e-bb75-0030ba87be98" testId="c957010e-cdb7-4b4e-ab2a-3cfba087bcc5" testName="Test6078" computerName="UA-LPT-OGA2" duration="00:00:00.2170000" startTime="2025-05-14T13:20:31.3146610Z" endTime="2025-05-14T13:25:31.3147553Z" testType="13cdc9d9-ddb5-4fa4-a97d-d965ccfc6d4b" outcome="Passed" testListId="e0470424-53b1-489c-89ce-b9e8131f9c74" />
    <UnitTestResult executionId="993f0609-88f5-4e51-81b8-2ddfee20b457" testId="3057729d-9f0a-4329-ac78-97e9b1e074da" testName="Test6079" computerName="UA-LPT-OGA2" duration="00:00:00.6380000" startTime="2025-05-14T13:20:31.3146610Z" endTime="2025-05-14T13:25:31.3147553Z" testType="13cdc9d9-ddb5-4fa4-a97d-d965ccfc6d4b" outcome="Failed" testListId="e0470424-53b1-489c-89ce-b9e8131f9c74">
      <Output>
        <ErrorInfo>
          <Message>Assertion failed: Expected value did not match actual value.</Message>
          <StackTrace>   at TestNamespace.TestClass.Test() in TestClass.cs:line 326</StackTrace>
        </ErrorInfo>
      </Output>
    </UnitTestResult>
    <UnitTestResult executionId="142fcd15-1a90-4777-a369-b748b801213c" testId="006da394-ed5d-48a8-b5bd-ce987d997081" testName="Test6080" computerName="UA-LPT-OGA2" duration="00:00:01.0370000" startTime="2025-05-14T13:20:31.3146610Z" endTime="2025-05-14T13:25:31.3147553Z" testType="13cdc9d9-ddb5-4fa4-a97d-d965ccfc6d4b" outcome="Passed" testListId="e0470424-53b1-489c-89ce-b9e8131f9c74" />
    <UnitTestResult executionId="d23e002a-3637-4afc-b1bf-bf0285be5b47" testId="c20ccea2-b285-4743-9f6a-bb07c7f7d605" testName="Test6081" computerName="UA-LPT-OGA2" duration="00:00:01.9040000" startTime="2025-05-14T13:20:31.3146610Z" endTime="2025-05-14T13:25:31.3147553Z" testType="13cdc9d9-ddb5-4fa4-a97d-d965ccfc6d4b" outcome="Passed" testListId="e0470424-53b1-489c-89ce-b9e8131f9c74" />
    <UnitTestResult executionId="bbd7a820-13e4-419a-8255-e10661d0b39d" testId="a32686dd-56b0-4cba-a07a-d9c7e8b83196" testName="Test6082" computerName="UA-LPT-OGA2" duration="00:00:01.0540000" startTime="2025-05-14T13:20:31.3146610Z" endTime="2025-05-14T13:25:31.3147553Z" testType="13cdc9d9-ddb5-4fa4-a97d-d965ccfc6d4b" outcome="Passed" testListId="e0470424-53b1-489c-89ce-b9e8131f9c74" />
    <UnitTestResult executionId="d5ea7aff-493e-4a0e-97be-f16e5d1bfed1" testId="0a398fec-4530-4b7a-bf54-a025599de385" testName="Test6083" computerName="UA-LPT-OGA2" duration="00:00:01.3050000" startTime="2025-05-14T13:20:31.3146610Z" endTime="2025-05-14T13:25:31.3147553Z" testType="13cdc9d9-ddb5-4fa4-a97d-d965ccfc6d4b" outcome="Passed" testListId="e0470424-53b1-489c-89ce-b9e8131f9c74" />
    <UnitTestResult executionId="c5817de0-c2d0-45e1-8c6c-22ab63a02309" testId="8478fbd2-5205-4203-b669-9940f6209eb3" testName="Test6084" computerName="UA-LPT-OGA2" duration="00:00:00.0420000" startTime="2025-05-14T13:20:31.3146610Z" endTime="2025-05-14T13:25:31.3147553Z" testType="13cdc9d9-ddb5-4fa4-a97d-d965ccfc6d4b" outcome="Passed" testListId="e0470424-53b1-489c-89ce-b9e8131f9c74" />
    <UnitTestResult executionId="8816b58e-ca70-48f8-abfd-3266a366b235" testId="aff63971-347e-47d1-b9fc-98d283e556ea" testName="Test6085" computerName="UA-LPT-OGA2" duration="00:00:00.8900000" startTime="2025-05-14T13:20:31.3146610Z" endTime="2025-05-14T13:25:31.3147553Z" testType="13cdc9d9-ddb5-4fa4-a97d-d965ccfc6d4b" outcome="Passed" testListId="e0470424-53b1-489c-89ce-b9e8131f9c74" />
    <UnitTestResult executionId="7980f4ce-d53c-42f0-9b3c-91474b1365ad" testId="6d32f573-6734-49f2-88df-93acc74265b7" testName="Test6086" computerName="UA-LPT-OGA2" duration="00:00:00.5210000" startTime="2025-05-14T13:20:31.3146610Z" endTime="2025-05-14T13:25:31.3147553Z" testType="13cdc9d9-ddb5-4fa4-a97d-d965ccfc6d4b" outcome="Failed" testListId="e0470424-53b1-489c-89ce-b9e8131f9c74">
      <Output>
        <ErrorInfo>
          <Message>Assertion failed: Expected value did not match actual value.</Message>
          <StackTrace>   at TestNamespace.TestClass.Test() in TestClass.cs:line 45</StackTrace>
        </ErrorInfo>
      </Output>
    </UnitTestResult>
    <UnitTestResult executionId="a4b08f4e-ef0c-4c3b-ba60-b69ba44221ef" testId="0b484bc5-8475-4d16-b706-fdb89773d6ed" testName="Test6087" computerName="UA-LPT-OGA2" duration="00:00:00.0300000" startTime="2025-05-14T13:20:31.3146610Z" endTime="2025-05-14T13:25:31.3147553Z" testType="13cdc9d9-ddb5-4fa4-a97d-d965ccfc6d4b" outcome="Passed" testListId="e0470424-53b1-489c-89ce-b9e8131f9c74" />
    <UnitTestResult executionId="7f30c4cc-07c9-4527-8171-ef60cf71725d" testId="210ddf71-b00f-4638-a0d7-df333e7dc1a6" testName="Test6088" computerName="UA-LPT-OGA2" duration="00:00:00.8480000" startTime="2025-05-14T13:20:31.3146610Z" endTime="2025-05-14T13:25:31.3147553Z" testType="13cdc9d9-ddb5-4fa4-a97d-d965ccfc6d4b" outcome="Failed" testListId="e0470424-53b1-489c-89ce-b9e8131f9c74">
      <Output>
        <ErrorInfo>
          <Message>Assertion failed: Expected value did not match actual value.</Message>
          <StackTrace>   at TestNamespace.TestClass.Test() in TestClass.cs:line 360</StackTrace>
        </ErrorInfo>
      </Output>
    </UnitTestResult>
    <UnitTestResult executionId="dda43b20-e923-4b4a-bf55-f568543264da" testId="ff95d647-a5a1-4584-af74-39a7b7fddc07" testName="Test6089" computerName="UA-LPT-OGA2" duration="00:00:01.6980000" startTime="2025-05-14T13:20:31.3146610Z" endTime="2025-05-14T13:25:31.3147553Z" testType="13cdc9d9-ddb5-4fa4-a97d-d965ccfc6d4b" outcome="Passed" testListId="e0470424-53b1-489c-89ce-b9e8131f9c74" />
    <UnitTestResult executionId="b6416501-d32a-494f-a489-4715842b49c0" testId="d170c694-bd51-443e-9831-d65c37e41fad" testName="Test6090" computerName="UA-LPT-OGA2" duration="00:00:00.6830000" startTime="2025-05-14T13:20:31.3146610Z" endTime="2025-05-14T13:25:31.3147553Z" testType="13cdc9d9-ddb5-4fa4-a97d-d965ccfc6d4b" outcome="Passed" testListId="e0470424-53b1-489c-89ce-b9e8131f9c74" />
    <UnitTestResult executionId="75992a3e-64d5-46b5-b885-e340bfc57054" testId="cde57264-88e3-464e-8555-b3c434eb2343" testName="Test6091" computerName="UA-LPT-OGA2" duration="00:00:00.1950000" startTime="2025-05-14T13:20:31.3146610Z" endTime="2025-05-14T13:25:31.3147553Z" testType="13cdc9d9-ddb5-4fa4-a97d-d965ccfc6d4b" outcome="Passed" testListId="e0470424-53b1-489c-89ce-b9e8131f9c74" />
    <UnitTestResult executionId="8c25a140-4251-4f50-8369-d4bd24459c06" testId="7f011f8b-4abe-49d1-8fbe-7850eba1af3b" testName="Test6092" computerName="UA-LPT-OGA2" duration="00:00:00.5150000" startTime="2025-05-14T13:20:31.3146610Z" endTime="2025-05-14T13:25:31.3147553Z" testType="13cdc9d9-ddb5-4fa4-a97d-d965ccfc6d4b" outcome="Passed" testListId="e0470424-53b1-489c-89ce-b9e8131f9c74" />
    <UnitTestResult executionId="433f448c-ee50-4b9c-892d-655976c28324" testId="4cdb3559-84a6-414a-9b66-e1161144444d" testName="Test6093" computerName="UA-LPT-OGA2" duration="00:00:00.6370000" startTime="2025-05-14T13:20:31.3146610Z" endTime="2025-05-14T13:25:31.3147553Z" testType="13cdc9d9-ddb5-4fa4-a97d-d965ccfc6d4b" outcome="Passed" testListId="e0470424-53b1-489c-89ce-b9e8131f9c74" />
    <UnitTestResult executionId="f973ff1c-283f-4f4a-a5a5-9de02a998f2c" testId="c0d76bbb-0762-4c5e-b3a7-fe944d85abe1" testName="Test6094" computerName="UA-LPT-OGA2" duration="00:00:01.5580000" startTime="2025-05-14T13:20:31.3146610Z" endTime="2025-05-14T13:25:31.3147553Z" testType="13cdc9d9-ddb5-4fa4-a97d-d965ccfc6d4b" outcome="Passed" testListId="e0470424-53b1-489c-89ce-b9e8131f9c74" />
    <UnitTestResult executionId="307e694b-be5e-495a-906d-6e39502c6785" testId="458dcb09-0657-47f3-8761-9484f7814776" testName="Test6095" computerName="UA-LPT-OGA2" duration="00:00:00.4210000" startTime="2025-05-14T13:20:31.3146610Z" endTime="2025-05-14T13:25:31.3147553Z" testType="13cdc9d9-ddb5-4fa4-a97d-d965ccfc6d4b" outcome="Passed" testListId="e0470424-53b1-489c-89ce-b9e8131f9c74" />
    <UnitTestResult executionId="37e1398d-0569-4d5a-8d39-a733f388950d" testId="bc66f197-5af0-4435-a596-d989558f675e" testName="Test6096" computerName="UA-LPT-OGA2" duration="00:00:01.6580000" startTime="2025-05-14T13:20:31.3146610Z" endTime="2025-05-14T13:25:31.3147553Z" testType="13cdc9d9-ddb5-4fa4-a97d-d965ccfc6d4b" outcome="Passed" testListId="e0470424-53b1-489c-89ce-b9e8131f9c74" />
    <UnitTestResult executionId="d9c28b8d-8994-4e37-8ca9-5e4a090af278" testId="ddd3f0eb-d657-4298-9ab7-2c3d13a181b5" testName="Test6097" computerName="UA-LPT-OGA2" duration="00:00:01.5900000" startTime="2025-05-14T13:20:31.3146610Z" endTime="2025-05-14T13:25:31.3147553Z" testType="13cdc9d9-ddb5-4fa4-a97d-d965ccfc6d4b" outcome="Passed" testListId="e0470424-53b1-489c-89ce-b9e8131f9c74" />
    <UnitTestResult executionId="886830bd-a05a-41f8-a77a-b6b50d7b04c2" testId="848156c3-324e-45b9-aea1-443437253cd7" testName="Test6098" computerName="UA-LPT-OGA2" duration="00:00:01.8500000" startTime="2025-05-14T13:20:31.3146610Z" endTime="2025-05-14T13:25:31.3147553Z" testType="13cdc9d9-ddb5-4fa4-a97d-d965ccfc6d4b" outcome="Passed" testListId="e0470424-53b1-489c-89ce-b9e8131f9c74" />
    <UnitTestResult executionId="f37c190e-2f11-484d-bd5b-f5faa640f477" testId="ac5a0a89-757f-4a6b-8938-6a3dcda4de29" testName="Test6099" computerName="UA-LPT-OGA2" duration="00:00:01.0570000" startTime="2025-05-14T13:20:31.3146610Z" endTime="2025-05-14T13:25:31.3147553Z" testType="13cdc9d9-ddb5-4fa4-a97d-d965ccfc6d4b" outcome="Passed" testListId="e0470424-53b1-489c-89ce-b9e8131f9c74" />
    <UnitTestResult executionId="bbb9079c-ffc9-4b5b-a8a1-b1930ffa0bd5" testId="de0fac55-f76d-4400-9700-1a116ca8e328" testName="Test6100" computerName="UA-LPT-OGA2" duration="00:00:00.6980000" startTime="2025-05-14T13:20:31.3146610Z" endTime="2025-05-14T13:25:31.3147553Z" testType="13cdc9d9-ddb5-4fa4-a97d-d965ccfc6d4b" outcome="Passed" testListId="e0470424-53b1-489c-89ce-b9e8131f9c74" />
  </Results>
  <TestDefinitions>
    <UnitTest name="Test6001" id="1aab3139-ae3a-45a2-a1ea-d3c6706e1968" storage="TestAssembly.dll">
      <Execution id="1f831899-7055-4c38-956f-7ef9353b9ebf" />
      <TestMethod codeBase="TestAssembly.dll" className="TestNamespace.TestClass1" name="Test6001" />
    </UnitTest>
    <UnitTest name="Test6002" id="966858e2-4019-47a0-98d9-8c70076e01b4" storage="TestAssembly.dll">
      <Execution id="b61a1007-794b-4809-8a62-21481a88745b" />
      <TestMethod codeBase="TestAssembly.dll" className="TestNamespace.TestClass1" name="Test6002" />
    </UnitTest>
    <UnitTest name="Test6003" id="9833c1b7-10cd-4827-a13b-f36b57b85828" storage="TestAssembly.dll">
      <Execution id="122e5596-e017-41d3-8e30-08c18c79e8dd" />
      <TestMethod codeBase="TestAssembly.dll" className="TestNamespace.TestClass1" name="Test6003" />
    </UnitTest>
    <UnitTest name="Test6004" id="26c464a2-6396-4a47-9cbd-a69fb676cbdb" storage="TestAssembly.dll">
      <Execution id="e3915950-917b-4aa6-87c9-b98fe79ea0c8" />
      <TestMethod codeBase="TestAssembly.dll" className="TestNamespace.TestClass1" name="Test6004" />
    </UnitTest>
    <UnitTest name="Test6005" id="9bfbc91c-5656-4a33-a2d9-f668b9c1b687" storage="TestAssembly.dll">
      <Execution id="59dbc5f6-7712-4d66-afee-234f8e27c3cf" />
      <TestMethod codeBase="TestAssembly.dll" className="TestNamespace.TestClass1" name="Test6005" />
    </UnitTest>
    <UnitTest name="Test6006" id="8cb44739-231a-4cf5-be8c-2d3dd91fe8cd" storage="TestAssembly.dll">
      <Execution id="4cfa6423-5220-40a7-be7b-f1159377d424" />
      <TestMethod codeBase="TestAssembly.dll" className="TestNamespace.TestClass1" name="Test6006" />
    </UnitTest>
    <UnitTest name="Test6007" id="2b77ef26-9bb8-422d-af1f-abc7fcc40ef2" storage="TestAssembly.dll">
      <Execution id="060be069-3ba4-4785-84a5-77cbaaa9785a" />
      <TestMethod codeBase="TestAssembly.dll" className="TestNamespace.TestClass1" name="Test6007" />
    </UnitTest>
    <UnitTest name="Test6008" id="d229d9c6-04dd-4a49-87a7-3384d64bb902" storage="TestAssembly.dll">
      <Execution id="c3694b95-d962-4b2d-b8b2-1ab922017ec9" />
      <TestMethod codeBase="TestAssembly.dll" className="TestNamespace.TestClass1" name="Test6008" />
    </UnitTest>
    <UnitTest name="Test6009" id="9cb535d6-9609-4e17-9eca-49a7e6ca764a" storage="TestAssembly.dll">
      <Execution id="c06fcc0a-0593-4273-bd77-4ad7ac3e3fb3" />
      <TestMethod codeBase="TestAssembly.dll" className="TestNamespace.TestClass1" name="Test6009" />
    </UnitTest>
    <UnitTest name="Test6010" id="ded00146-e5d9-425c-ae1c-c3d0f108c352" storage="TestAssembly.dll">
      <Execution id="ded3ee7d-cb11-41ca-ac4f-2687dac29225" />
      <TestMethod codeBase="TestAssembly.dll" className="TestNamespace.TestClass1" name="Test6010" />
    </UnitTest>
    <UnitTest name="Test6011" id="d2ce33fc-4e9b-4034-82aa-a6f8607d1ead" storage="TestAssembly.dll">
      <Execution id="fdc49b38-f225-4a0d-9202-369edd5ac34d" />
      <TestMethod codeBase="TestAssembly.dll" className="TestNamespace.TestClass2" name="Test6011" />
    </UnitTest>
    <UnitTest name="Test6012" id="e8067838-15a7-453f-ac2d-88611b5704d2" storage="TestAssembly.dll">
      <Execution id="62b129b7-aa8e-42ab-9756-f786d2169a9d" />
      <TestMethod codeBase="TestAssembly.dll" className="TestNamespace.TestClass2" name="Test6012" />
    </UnitTest>
    <UnitTest name="Test6013" id="8163c0a8-7370-4e14-bf61-faa2092d01d5" storage="TestAssembly.dll">
      <Execution id="7cf0ccce-a7fa-424e-bbec-e7e46d52081f" />
      <TestMethod codeBase="TestAssembly.dll" className="TestNamespace.TestClass2" name="Test6013" />
    </UnitTest>
    <UnitTest name="Test6014" id="5ccac826-104b-4ab5-bdc8-fe38de0c850c" storage="TestAssembly.dll">
      <Execution id="7a03bfea-b837-4c62-9da4-22d9fad13284" />
      <TestMethod codeBase="TestAssembly.dll" className="TestNamespace.TestClass2" name="Test6014" />
    </UnitTest>
    <UnitTest name="Test6015" id="e932bf03-6ee6-48d8-93d6-3cd76bedf7fd" storage="TestAssembly.dll">
      <Execution id="735ae7d7-c924-4a98-b488-267ea3430dd6" />
      <TestMethod codeBase="TestAssembly.dll" className="TestNamespace.TestClass2" name="Test6015" />
    </UnitTest>
    <UnitTest name="Test6016" id="1d22b500-1d51-49aa-a00a-62114655cbc0" storage="TestAssembly.dll">
      <Execution id="f1f8def2-203c-46c2-a5c7-5847ad564fd9" />
      <TestMethod codeBase="TestAssembly.dll" className="TestNamespace.TestClass2" name="Test6016" />
    </UnitTest>
    <UnitTest name="Test6017" id="22fea23b-2ef6-47aa-98e5-74fdd666c668" storage="TestAssembly.dll">
      <Execution id="71a7ba49-0cee-407c-9948-37cf0fc5f13d" />
      <TestMethod codeBase="TestAssembly.dll" className="TestNamespace.TestClass2" name="Test6017" />
    </UnitTest>
    <UnitTest name="Test6018" id="c7d4643f-f336-4f89-901a-75ac3b1424fa" storage="TestAssembly.dll">
      <Execution id="b5467265-deaa-4bcc-ac66-94703e263d46" />
      <TestMethod codeBase="TestAssembly.dll" className="TestNamespace.TestClass2" name="Test6018" />
    </UnitTest>
    <UnitTest name="Test6019" id="27a1f7f5-3f08-4120-ae7d-95072162a269" storage="TestAssembly.dll">
      <Execution id="37feaa46-d9e3-4c2b-862f-245b9ce6ad6b" />
      <TestMethod codeBase="TestAssembly.dll" className="TestNamespace.TestClass2" name="Test6019" />
    </UnitTest>
    <UnitTest name="Test6020" id="010b8463-7ed0-4eae-a91c-c2a741eaf740" storage="TestAssembly.dll">
      <Execution id="097067df-7d85-44c1-a3e6-c43abc7e9047" />
      <TestMethod codeBase="TestAssembly.dll" className="TestNamespace.TestClass2" name="Test6020" />
    </UnitTest>
    <UnitTest name="Test6021" id="449a42d5-d196-4040-bf2e-82cfd95c62a8" storage="TestAssembly.dll">
      <Execution id="1c0db5e1-35dc-42d0-8fa8-4558112cd84b" />
      <TestMethod codeBase="TestAssembly.dll" className="TestNamespace.TestClass3" name="Test6021" />
    </UnitTest>
    <UnitTest name="Test6022" id="8e2072c2-5621-4cd1-a2c0-0ddb14dd3c78" storage="TestAssembly.dll">
      <Execution id="b64bff26-82d7-4051-9027-67fefcdf863b" />
      <TestMethod codeBase="TestAssembly.dll" className="TestNamespace.TestClass3" name="Test6022" />
    </UnitTest>
    <UnitTest name="Test6023" id="40c310ab-8b9f-447b-9055-8eff736800e6" storage="TestAssembly.dll">
      <Execution id="e71dfed9-561d-4a74-8437-77305dc51f0e" />
      <TestMethod codeBase="TestAssembly.dll" className="TestNamespace.TestClass3" name="Test6023" />
    </UnitTest>
    <UnitTest name="Test6024" id="95ec41b9-5f2c-469b-a351-659c54a211a6" storage="TestAssembly.dll">
      <Execution id="97661288-160f-495e-b80e-405ffc875996" />
      <TestMethod codeBase="TestAssembly.dll" className="TestNamespace.TestClass3" name="Test6024" />
    </UnitTest>
    <UnitTest name="Test6025" id="d2835779-e651-4cdc-b6e2-228d7908b1f1" storage="TestAssembly.dll">
      <Execution id="ba8ddc80-a907-4774-8e38-c7547b677cfc" />
      <TestMethod codeBase="TestAssembly.dll" className="TestNamespace.TestClass3" name="Test6025" />
    </UnitTest>
    <UnitTest name="Test6026" id="0e3caced-a442-473c-b9c3-acc6c648306b" storage="TestAssembly.dll">
      <Execution id="11d00251-2fcf-4401-9688-885b90daa9f3" />
      <TestMethod codeBase="TestAssembly.dll" className="TestNamespace.TestClass3" name="Test6026" />
    </UnitTest>
    <UnitTest name="Test6027" id="b87b5917-b4ac-44a2-94e7-c37a7a9e8825" storage="TestAssembly.dll">
      <Execution id="a678187e-4cef-45a5-be29-9853b1c3db82" />
      <TestMethod codeBase="TestAssembly.dll" className="TestNamespace.TestClass3" name="Test6027" />
    </UnitTest>
    <UnitTest name="Test6028" id="baa228dd-6f0b-4542-970a-593faf418ff7" storage="TestAssembly.dll">
      <Execution id="40091e59-e7f7-4a57-9c99-38db0b8ff10c" />
      <TestMethod codeBase="TestAssembly.dll" className="TestNamespace.TestClass3" name="Test6028" />
    </UnitTest>
    <UnitTest name="Test6029" id="72de85f1-9026-452f-8348-dbdd6cb43173" storage="TestAssembly.dll">
      <Execution id="5880558d-d31f-4cba-9f20-dfa5b975dd78" />
      <TestMethod codeBase="TestAssembly.dll" className="TestNamespace.TestClass3" name="Test6029" />
    </UnitTest>
    <UnitTest name="Test6030" id="5a913d7b-af44-4c6d-88ca-ee39c7cef748" storage="TestAssembly.dll">
      <Execution id="5903e8f1-5c8e-48c5-a1b2-55bd35f0786d" />
      <TestMethod codeBase="TestAssembly.dll" className="TestNamespace.TestClass3" name="Test6030" />
    </UnitTest>
    <UnitTest name="Test6031" id="f26303c6-f6e2-4db9-a370-0f26a06cd745" storage="TestAssembly.dll">
      <Execution id="d4c77788-2a7f-4625-a0a9-8faa51c74f1a" />
      <TestMethod codeBase="TestAssembly.dll" className="TestNamespace.TestClass4" name="Test6031" />
    </UnitTest>
    <UnitTest name="Test6032" id="fbcb756b-22bc-49c9-b26d-c28b26a4d16c" storage="TestAssembly.dll">
      <Execution id="f344a1e1-8265-4a43-8784-8cfc91c9fac0" />
      <TestMethod codeBase="TestAssembly.dll" className="TestNamespace.TestClass4" name="Test6032" />
    </UnitTest>
    <UnitTest name="Test6033" id="a4f2138a-67c7-4190-8a9a-2d000f60250a" storage="TestAssembly.dll">
      <Execution id="bdb5e927-37f5-40ee-aefb-6ab246228b52" />
      <TestMethod codeBase="TestAssembly.dll" className="TestNamespace.TestClass4" name="Test6033" />
    </UnitTest>
    <UnitTest name="Test6034" id="bd08ed1a-63b9-4a84-a405-7d4d07dc80d7" storage="TestAssembly.dll">
      <Execution id="48e27d32-3ae0-426e-8666-c4a802f194b6" />
      <TestMethod codeBase="TestAssembly.dll" className="TestNamespace.TestClass4" name="Test6034" />
    </UnitTest>
    <UnitTest name="Test6035" id="42823db7-c0f8-4e36-b912-f73a3d54caba" storage="TestAssembly.dll">
      <Execution id="df0e6d73-a780-4299-bd22-71b56fcd20f5" />
      <TestMethod codeBase="TestAssembly.dll" className="TestNamespace.TestClass4" name="Test6035" />
    </UnitTest>
    <UnitTest name="Test6036" id="41b0bee2-0f14-4678-8c4b-687d53c0cc12" storage="TestAssembly.dll">
      <Execution id="5e7e2a1b-c7fb-4f93-8afa-f994482a96cc" />
      <TestMethod codeBase="TestAssembly.dll" className="TestNamespace.TestClass4" name="Test6036" />
    </UnitTest>
    <UnitTest name="Test6037" id="681e2f63-50ab-4c05-9d73-6a051f90096d" storage="TestAssembly.dll">
      <Execution id="4ab8b119-7efd-4798-9be4-59e964ebea40" />
      <TestMethod codeBase="TestAssembly.dll" className="TestNamespace.TestClass4" name="Test6037" />
    </UnitTest>
    <UnitTest name="Test6038" id="e450d2af-f5cf-4356-a998-b2edbbc31e77" storage="TestAssembly.dll">
      <Execution id="e6bcdba5-2d9e-4deb-a862-05d650cc8754" />
      <TestMethod codeBase="TestAssembly.dll" className="TestNamespace.TestClass4" name="Test6038" />
    </UnitTest>
    <UnitTest name="Test6039" id="53eda76e-e3e1-4122-880a-4f125873a443" storage="TestAssembly.dll">
      <Execution id="a8fbfa0c-ef20-4423-ac6f-5655f0ab5f20" />
      <TestMethod codeBase="TestAssembly.dll" className="TestNamespace.TestClass4" name="Test6039" />
    </UnitTest>
    <UnitTest name="Test6040" id="e1346529-583a-4602-9d6a-610df91acd1f" storage="TestAssembly.dll">
      <Execution id="3d91fbeb-d5df-4fe4-9f41-1bc90ac1cec4" />
      <TestMethod codeBase="TestAssembly.dll" className="TestNamespace.TestClass4" name="Test6040" />
    </UnitTest>
    <UnitTest name="Test6041" id="228c4dcc-248f-4d61-af6c-7bd58791f462" storage="TestAssembly.dll">
      <Execution id="f4bbfa29-d40b-4188-99dd-619b563f4739" />
      <TestMethod codeBase="TestAssembly.dll" className="TestNamespace.TestClass5" name="Test6041" />
    </UnitTest>
    <UnitTest name="Test6042" id="3f797cc4-9ab7-4f8c-aca5-3afe76afcc3b" storage="TestAssembly.dll">
      <Execution id="c2d26f95-400d-4171-ac50-7743606c22d6" />
      <TestMethod codeBase="TestAssembly.dll" className="TestNamespace.TestClass5" name="Test6042" />
    </UnitTest>
    <UnitTest name="Test6043" id="11c1a5a3-abd4-4395-becd-5785b662d1f9" storage="TestAssembly.dll">
      <Execution id="f36f37bd-1b3c-47e0-9309-b8f710516f36" />
      <TestMethod codeBase="TestAssembly.dll" className="TestNamespace.TestClass5" name="Test6043" />
    </UnitTest>
    <UnitTest name="Test6044" id="3e50b5e9-ca4f-4652-9d0c-f58e4d205a38" storage="TestAssembly.dll">
      <Execution id="8a29eb5d-34df-496c-b1a1-80ce6f9a814d" />
      <TestMethod codeBase="TestAssembly.dll" className="TestNamespace.TestClass5" name="Test6044" />
    </UnitTest>
    <UnitTest name="Test6045" id="030cc87c-ad11-4588-95c4-f6585172089f" storage="TestAssembly.dll">
      <Execution id="1bd99c66-d0a0-4b96-9947-6d78e86bd3ca" />
      <TestMethod codeBase="TestAssembly.dll" className="TestNamespace.TestClass5" name="Test6045" />
    </UnitTest>
    <UnitTest name="Test6046" id="8319e16e-be57-4393-bd96-6a13c113f032" storage="TestAssembly.dll">
      <Execution id="937104f1-9535-4b0d-88b7-7cd13cf932db" />
      <TestMethod codeBase="TestAssembly.dll" className="TestNamespace.TestClass5" name="Test6046" />
    </UnitTest>
    <UnitTest name="Test6047" id="e5cac45a-46cc-4975-8a51-c153b4376648" storage="TestAssembly.dll">
      <Execution id="1710e5c0-c675-4d8a-91a4-b99ae6890f33" />
      <TestMethod codeBase="TestAssembly.dll" className="TestNamespace.TestClass5" name="Test6047" />
    </UnitTest>
    <UnitTest name="Test6048" id="ab8b8795-de15-4af7-9013-1ad0e80c9b46" storage="TestAssembly.dll">
      <Execution id="649d4dfe-e34a-4f3c-8622-4925a9a4b419" />
      <TestMethod codeBase="TestAssembly.dll" className="TestNamespace.TestClass5" name="Test6048" />
    </UnitTest>
    <UnitTest name="Test6049" id="9a5ce658-7d67-49b9-848f-3c49ebd33a9e" storage="TestAssembly.dll">
      <Execution id="10c78c8f-2db2-4ebf-9133-85b814d7fd5d" />
      <TestMethod codeBase="TestAssembly.dll" className="TestNamespace.TestClass5" name="Test6049" />
    </UnitTest>
    <UnitTest name="Test6050" id="be60bba8-5012-4094-ae46-47cf5043a2ca" storage="TestAssembly.dll">
      <Execution id="824a1f47-297a-4ab1-8179-e5e045a1b53e" />
      <TestMethod codeBase="TestAssembly.dll" className="TestNamespace.TestClass5" name="Test6050" />
    </UnitTest>
    <UnitTest name="Test6051" id="429329d0-79ba-44e3-8cfa-1f752d01ea01" storage="TestAssembly.dll">
      <Execution id="11d3eb78-d01c-4980-b54c-461993aace44" />
      <TestMethod codeBase="TestAssembly.dll" className="TestNamespace.TestClass6" name="Test6051" />
    </UnitTest>
    <UnitTest name="Test6052" id="bd8ae0d6-1e13-4fe1-89c5-e9507fb10095" storage="TestAssembly.dll">
      <Execution id="5941689a-29d6-452b-a8cc-b35bb0875ad7" />
      <TestMethod codeBase="TestAssembly.dll" className="TestNamespace.TestClass6" name="Test6052" />
    </UnitTest>
    <UnitTest name="Test6053" id="e9793744-e708-4bea-b61a-94ecab868946" storage="TestAssembly.dll">
      <Execution id="b3418ef6-a9fa-4418-9212-39f19c06ee28" />
      <TestMethod codeBase="TestAssembly.dll" className="TestNamespace.TestClass6" name="Test6053" />
    </UnitTest>
    <UnitTest name="Test6054" id="f3edd26a-86ab-4e97-a828-87c524ea714b" storage="TestAssembly.dll">
      <Execution id="c79a8527-d5fa-43ec-bf4b-accdc74886ba" />
      <TestMethod codeBase="TestAssembly.dll" className="TestNamespace.TestClass6" name="Test6054" />
    </UnitTest>
    <UnitTest name="Test6055" id="785c7cad-96b0-4d73-bc75-245544321ec3" storage="TestAssembly.dll">
      <Execution id="f2a548e0-295e-4894-a734-eb0faa6a8b1d" />
      <TestMethod codeBase="TestAssembly.dll" className="TestNamespace.TestClass6" name="Test6055" />
    </UnitTest>
    <UnitTest name="Test6056" id="0cc5777a-ee8b-4ac0-888a-3317dd94b4fd" storage="TestAssembly.dll">
      <Execution id="0fd388fa-9dac-41a4-b942-3a2742803e07" />
      <TestMethod codeBase="TestAssembly.dll" className="TestNamespace.TestClass6" name="Test6056" />
    </UnitTest>
    <UnitTest name="Test6057" id="c36919e2-4deb-4bc6-9c24-3cf0a55f9aac" storage="TestAssembly.dll">
      <Execution id="4b5a545b-ff83-41d8-aa6f-37791379e3fa" />
      <TestMethod codeBase="TestAssembly.dll" className="TestNamespace.TestClass6" name="Test6057" />
    </UnitTest>
    <UnitTest name="Test6058" id="16eb8428-73ec-4b50-bfd2-dccdf5b9de88" storage="TestAssembly.dll">
      <Execution id="049bfd60-7bed-456e-b8dd-19b167e20296" />
      <TestMethod codeBase="TestAssembly.dll" className="TestNamespace.TestClass6" name="Test6058" />
    </UnitTest>
    <UnitTest name="Test6059" id="60ffb531-848e-4dbf-9ed3-4c808b8a8bb9" storage="TestAssembly.dll">
      <Execution id="f52a66c0-1a6b-4e3f-b854-81a81d873d95" />
      <TestMethod codeBase="TestAssembly.dll" className="TestNamespace.TestClass6" name="Test6059" />
    </UnitTest>
    <UnitTest name="Test6060" id="c64bdcc8-44ff-4cca-9e25-c7d9c27cc81d" storage="TestAssembly.dll">
      <Execution id="8a30a0ee-6b79-4b7e-8941-8cb3d3076959" />
      <TestMethod codeBase="TestAssembly.dll" className="TestNamespace.TestClass6" name="Test6060" />
    </UnitTest>
    <UnitTest name="Test6061" id="caaeab65-6851-47f6-8f3b-84f24a049bb4" storage="TestAssembly.dll">
      <Execution id="74b215f8-2042-486e-8ad9-f4c58747a351" />
      <TestMethod codeBase="TestAssembly.dll" className="TestNamespace.TestClass7" name="Test6061" />
    </UnitTest>
    <UnitTest name="Test6062" id="37b71ba9-51ce-4000-94d1-8f4c6ddab96d" storage="TestAssembly.dll">
      <Execution id="f2b14937-c5c8-48e2-b3e5-2ed911e6263d" />
      <TestMethod codeBase="TestAssembly.dll" className="TestNamespace.TestClass7" name="Test6062" />
    </UnitTest>
    <UnitTest name="Test6063" id="bcc862a2-6168-4823-ab68-cb44cb6985cf" storage="TestAssembly.dll">
      <Execution id="c56425e8-1319-4731-abed-e2044846a282" />
      <TestMethod codeBase="TestAssembly.dll" className="TestNamespace.TestClass7" name="Test6063" />
    </UnitTest>
    <UnitTest name="Test6064" id="f0e4a424-b459-4093-8203-2eeef6a79be8" storage="TestAssembly.dll">
      <Execution id="ff3295a1-0378-473a-b840-617fe4fcaa57" />
      <TestMethod codeBase="TestAssembly.dll" className="TestNamespace.TestClass7" name="Test6064" />
    </UnitTest>
    <UnitTest name="Test6065" id="3bb698b3-6144-47f7-900a-757b7ab52acf" storage="TestAssembly.dll">
      <Execution id="6e1a1f71-ebae-4aac-8237-72129ee50457" />
      <TestMethod codeBase="TestAssembly.dll" className="TestNamespace.TestClass7" name="Test6065" />
    </UnitTest>
    <UnitTest name="Test6066" id="34849e07-0616-4169-aa6b-6eb9b53deef1" storage="TestAssembly.dll">
      <Execution id="bd84c056-68c2-4a3d-b899-7c51849cda8c" />
      <TestMethod codeBase="TestAssembly.dll" className="TestNamespace.TestClass7" name="Test6066" />
    </UnitTest>
    <UnitTest name="Test6067" id="5ac54082-6c07-4d94-9d51-07377a88532f" storage="TestAssembly.dll">
      <Execution id="e2541c04-d18b-4a4c-b9a1-1140d8151cd9" />
      <TestMethod codeBase="TestAssembly.dll" className="TestNamespace.TestClass7" name="Test6067" />
    </UnitTest>
    <UnitTest name="Test6068" id="b92a15c9-7512-4a35-85a6-319b34c6a9ad" storage="TestAssembly.dll">
      <Execution id="99dd8a67-2449-42df-a70d-420231fe35ba" />
      <TestMethod codeBase="TestAssembly.dll" className="TestNamespace.TestClass7" name="Test6068" />
    </UnitTest>
    <UnitTest name="Test6069" id="5ffccab0-f168-4707-b187-0ae2661ae2d1" storage="TestAssembly.dll">
      <Execution id="0d54e217-3b4c-4a16-b8d5-e16d578068a0" />
      <TestMethod codeBase="TestAssembly.dll" className="TestNamespace.TestClass7" name="Test6069" />
    </UnitTest>
    <UnitTest name="Test6070" id="3144a791-61f1-46ff-8ba7-535010fbbabd" storage="TestAssembly.dll">
      <Execution id="35e2d46a-9d02-459a-81f5-c7b9beabcd3e" />
      <TestMethod codeBase="TestAssembly.dll" className="TestNamespace.TestClass7" name="Test6070" />
    </UnitTest>
    <UnitTest name="Test6071" id="aa534a7a-0702-4b5f-8578-cab4d392f376" storage="TestAssembly.dll">
      <Execution id="486298d2-bb2b-4922-aff1-c5a127cc0d4c" />
      <TestMethod codeBase="TestAssembly.dll" className="TestNamespace.TestClass8" name="Test6071" />
    </UnitTest>
    <UnitTest name="Test6072" id="a7a42d34-c907-46c1-a569-e2836764e173" storage="TestAssembly.dll">
      <Execution id="8b1f0447-1a50-4cdb-90ca-5e6889181c59" />
      <TestMethod codeBase="TestAssembly.dll" className="TestNamespace.TestClass8" name="Test6072" />
    </UnitTest>
    <UnitTest name="Test6073" id="68a09430-183a-4f36-8a8d-7c016dd67dea" storage="TestAssembly.dll">
      <Execution id="5d631290-8aa8-4e07-b037-5999d98be702" />
      <TestMethod codeBase="TestAssembly.dll" className="TestNamespace.TestClass8" name="Test6073" />
    </UnitTest>
    <UnitTest name="Test6074" id="612bcb53-62cd-49b5-9d96-b57d385395bc" storage="TestAssembly.dll">
      <Execution id="bfad2f24-417f-4861-8e93-a0dab1f139ae" />
      <TestMethod codeBase="TestAssembly.dll" className="TestNamespace.TestClass8" name="Test6074" />
    </UnitTest>
    <UnitTest name="Test6075" id="916395df-23da-49df-aff8-f5473d998cf0" storage="TestAssembly.dll">
      <Execution id="d1f2b9ad-5bfe-411f-9a10-6f99face894e" />
      <TestMethod codeBase="TestAssembly.dll" className="TestNamespace.TestClass8" name="Test6075" />
    </UnitTest>
    <UnitTest name="Test6076" id="5d92142f-8c07-4d34-9b85-697c5ad163b6" storage="TestAssembly.dll">
      <Execution id="fb79a9f1-05b5-4912-8af1-4e4d85acf975" />
      <TestMethod codeBase="TestAssembly.dll" className="TestNamespace.TestClass8" name="Test6076" />
    </UnitTest>
    <UnitTest name="Test6077" id="8fbbe149-a9d5-49be-b7e7-cef432817488" storage="TestAssembly.dll">
      <Execution id="265acace-9c27-4291-920d-25cbd618d7eb" />
      <TestMethod codeBase="TestAssembly.dll" className="TestNamespace.TestClass8" name="Test6077" />
    </UnitTest>
    <UnitTest name="Test6078" id="c957010e-cdb7-4b4e-ab2a-3cfba087bcc5" storage="TestAssembly.dll">
      <Execution id="42a8ab32-dff0-451e-bb75-0030ba87be98" />
      <TestMethod codeBase="TestAssembly.dll" className="TestNamespace.TestClass8" name="Test6078" />
    </UnitTest>
    <UnitTest name="Test6079" id="3057729d-9f0a-4329-ac78-97e9b1e074da" storage="TestAssembly.dll">
      <Execution id="993f0609-88f5-4e51-81b8-2ddfee20b457" />
      <TestMethod codeBase="TestAssembly.dll" className="TestNamespace.TestClass8" name="Test6079" />
    </UnitTest>
    <UnitTest name="Test6080" id="006da394-ed5d-48a8-b5bd-ce987d997081" storage="TestAssembly.dll">
      <Execution id="142fcd15-1a90-4777-a369-b748b801213c" />
      <TestMethod codeBase="TestAssembly.dll" className="TestNamespace.TestClass8" name="Test6080" />
    </UnitTest>
    <UnitTest name="Test6081" id="c20ccea2-b285-4743-9f6a-bb07c7f7d605" storage="TestAssembly.dll">
      <Execution id="d23e002a-3637-4afc-b1bf-bf0285be5b47" />
      <TestMethod codeBase="TestAssembly.dll" className="TestNamespace.TestClass9" name="Test6081" />
    </UnitTest>
    <UnitTest name="Test6082" id="a32686dd-56b0-4cba-a07a-d9c7e8b83196" storage="TestAssembly.dll">
      <Execution id="bbd7a820-13e4-419a-8255-e10661d0b39d" />
      <TestMethod codeBase="TestAssembly.dll" className="TestNamespace.TestClass9" name="Test6082" />
    </UnitTest>
    <UnitTest name="Test6083" id="0a398fec-4530-4b7a-bf54-a025599de385" storage="TestAssembly.dll">
      <Execution id="d5ea7aff-493e-4a0e-97be-f16e5d1bfed1" />
      <TestMethod codeBase="TestAssembly.dll" className="TestNamespace.TestClass9" name="Test6083" />
    </UnitTest>
    <UnitTest name="Test6084" id="8478fbd2-5205-4203-b669-9940f6209eb3" storage="TestAssembly.dll">
      <Execution id="c5817de0-c2d0-45e1-8c6c-22ab63a02309" />
      <TestMethod codeBase="TestAssembly.dll" className="TestNamespace.TestClass9" name="Test6084" />
    </UnitTest>
    <UnitTest name="Test6085" id="aff63971-347e-47d1-b9fc-98d283e556ea" storage="TestAssembly.dll">
      <Execution id="8816b58e-ca70-48f8-abfd-3266a366b235" />
      <TestMethod codeBase="TestAssembly.dll" className="TestNamespace.TestClass9" name="Test6085" />
    </UnitTest>
    <UnitTest name="Test6086" id="6d32f573-6734-49f2-88df-93acc74265b7" storage="TestAssembly.dll">
      <Execution id="7980f4ce-d53c-42f0-9b3c-91474b1365ad" />
      <TestMethod codeBase="TestAssembly.dll" className="TestNamespace.TestClass9" name="Test6086" />
    </UnitTest>
    <UnitTest name="Test6087" id="0b484bc5-8475-4d16-b706-fdb89773d6ed" storage="TestAssembly.dll">
      <Execution id="a4b08f4e-ef0c-4c3b-ba60-b69ba44221ef" />
      <TestMethod codeBase="TestAssembly.dll" className="TestNamespace.TestClass9" name="Test6087" />
    </UnitTest>
    <UnitTest name="Test6088" id="210ddf71-b00f-4638-a0d7-df333e7dc1a6" storage="TestAssembly.dll">
      <Execution id="7f30c4cc-07c9-4527-8171-ef60cf71725d" />
      <TestMethod codeBase="TestAssembly.dll" className="TestNamespace.TestClass9" name="Test6088" />
    </UnitTest>
    <UnitTest name="Test6089" id="ff95d647-a5a1-4584-af74-39a7b7fddc07" storage="TestAssembly.dll">
      <Execution id="dda43b20-e923-4b4a-bf55-f568543264da" />
      <TestMethod codeBase="TestAssembly.dll" className="TestNamespace.TestClass9" name="Test6089" />
    </UnitTest>
    <UnitTest name="Test6090" id="d170c694-bd51-443e-9831-d65c37e41fad" storage="TestAssembly.dll">
      <Execution id="b6416501-d32a-494f-a489-4715842b49c0" />
      <TestMethod codeBase="TestAssembly.dll" className="TestNamespace.TestClass9" name="Test6090" />
    </UnitTest>
    <UnitTest name="Test6091" id="cde57264-88e3-464e-8555-b3c434eb2343" storage="TestAssembly.dll">
      <Execution id="75992a3e-64d5-46b5-b885-e340bfc57054" />
      <TestMethod codeBase="TestAssembly.dll" className="TestNamespace.TestClass10" name="Test6091" />
    </UnitTest>
    <UnitTest name="Test6092" id="7f011f8b-4abe-49d1-8fbe-7850eba1af3b" storage="TestAssembly.dll">
      <Execution id="8c25a140-4251-4f50-8369-d4bd24459c06" />
      <TestMethod codeBase="TestAssembly.dll" className="TestNamespace.TestClass10" name="Test6092" />
    </UnitTest>
    <UnitTest name="Test6093" id="4cdb3559-84a6-414a-9b66-e1161144444d" storage="TestAssembly.dll">
      <Execution id="433f448c-ee50-4b9c-892d-655976c28324" />
      <TestMethod codeBase="TestAssembly.dll" className="TestNamespace.TestClass10" name="Test6093" />
    </UnitTest>
    <UnitTest name="Test6094" id="c0d76bbb-0762-4c5e-b3a7-fe944d85abe1" storage="TestAssembly.dll">
      <Execution id="f973ff1c-283f-4f4a-a5a5-9de02a998f2c" />
      <TestMethod codeBase="TestAssembly.dll" className="TestNamespace.TestClass10" name="Test6094" />
    </UnitTest>
    <UnitTest name="Test6095" id="458dcb09-0657-47f3-8761-9484f7814776" storage="TestAssembly.dll">
      <Execution id="307e694b-be5e-495a-906d-6e39502c6785" />
      <TestMethod codeBase="TestAssembly.dll" className="TestNamespace.TestClass10" name="Test6095" />
    </UnitTest>
    <UnitTest name="Test6096" id="bc66f197-5af0-4435-a596-d989558f675e" storage="TestAssembly.dll">
      <Execution id="37e1398d-0569-4d5a-8d39-a733f388950d" />
      <TestMethod codeBase="TestAssembly.dll" className="TestNamespace.TestClass10" name="Test6096" />
    </UnitTest>
    <UnitTest name="Test6097" id="ddd3f0eb-d657-4298-9ab7-2c3d13a181b5" storage="TestAssembly.dll">
      <Execution id="d9c28b8d-8994-4e37-8ca9-5e4a090af278" />
      <TestMethod codeBase="TestAssembly.dll" className="TestNamespace.TestClass10" name="Test6097" />
    </UnitTest>
    <UnitTest name="Test6098" id="848156c3-324e-45b9-aea1-443437253cd7" storage="TestAssembly.dll">
      <Execution id="886830bd-a05a-41f8-a77a-b6b50d7b04c2" />
      <TestMethod codeBase="TestAssembly.dll" className="TestNamespace.TestClass10" name="Test6098" />
    </UnitTest>
    <UnitTest name="Test6099" id="ac5a0a89-757f-4a6b-8938-6a3dcda4de29" storage="TestAssembly.dll">
      <Execution id="f37c190e-2f11-484d-bd5b-f5faa640f477" />
      <TestMethod codeBase="TestAssembly.dll" className="TestNamespace.TestClass10" name="Test6099" />
    </UnitTest>
    <UnitTest name="Test6100" id="de0fac55-f76d-4400-9700-1a116ca8e328" storage="TestAssembly.dll">
      <Execution id="bbb9079c-ffc9-4b5b-a8a1-b1930ffa0bd5" />
      <TestMethod codeBase="TestAssembly.dll" className="TestNamespace.TestClass10" name="Test6100" />
    </UnitTest>
  </TestDefinitions>
  <TestEntries>
    <TestEntry testId="1aab3139-ae3a-45a2-a1ea-d3c6706e1968" executionId="1f831899-7055-4c38-956f-7ef9353b9ebf" testListId="e0470424-53b1-489c-89ce-b9e8131f9c74" />
    <TestEntry testId="966858e2-4019-47a0-98d9-8c70076e01b4" executionId="b61a1007-794b-4809-8a62-21481a88745b" testListId="e0470424-53b1-489c-89ce-b9e8131f9c74" />
    <TestEntry testId="9833c1b7-10cd-4827-a13b-f36b57b85828" executionId="122e5596-e017-41d3-8e30-08c18c79e8dd" testListId="e0470424-53b1-489c-89ce-b9e8131f9c74" />
    <TestEntry testId="26c464a2-6396-4a47-9cbd-a69fb676cbdb" executionId="e3915950-917b-4aa6-87c9-b98fe79ea0c8" testListId="e0470424-53b1-489c-89ce-b9e8131f9c74" />
    <TestEntry testId="9bfbc91c-5656-4a33-a2d9-f668b9c1b687" executionId="59dbc5f6-7712-4d66-afee-234f8e27c3cf" testListId="e0470424-53b1-489c-89ce-b9e8131f9c74" />
    <TestEntry testId="8cb44739-231a-4cf5-be8c-2d3dd91fe8cd" executionId="4cfa6423-5220-40a7-be7b-f1159377d424" testListId="e0470424-53b1-489c-89ce-b9e8131f9c74" />
    <TestEntry testId="2b77ef26-9bb8-422d-af1f-abc7fcc40ef2" executionId="060be069-3ba4-4785-84a5-77cbaaa9785a" testListId="e0470424-53b1-489c-89ce-b9e8131f9c74" />
    <TestEntry testId="d229d9c6-04dd-4a49-87a7-3384d64bb902" executionId="c3694b95-d962-4b2d-b8b2-1ab922017ec9" testListId="e0470424-53b1-489c-89ce-b9e8131f9c74" />
    <TestEntry testId="9cb535d6-9609-4e17-9eca-49a7e6ca764a" executionId="c06fcc0a-0593-4273-bd77-4ad7ac3e3fb3" testListId="e0470424-53b1-489c-89ce-b9e8131f9c74" />
    <TestEntry testId="ded00146-e5d9-425c-ae1c-c3d0f108c352" executionId="ded3ee7d-cb11-41ca-ac4f-2687dac29225" testListId="e0470424-53b1-489c-89ce-b9e8131f9c74" />
    <TestEntry testId="d2ce33fc-4e9b-4034-82aa-a6f8607d1ead" executionId="fdc49b38-f225-4a0d-9202-369edd5ac34d" testListId="e0470424-53b1-489c-89ce-b9e8131f9c74" />
    <TestEntry testId="e8067838-15a7-453f-ac2d-88611b5704d2" executionId="62b129b7-aa8e-42ab-9756-f786d2169a9d" testListId="e0470424-53b1-489c-89ce-b9e8131f9c74" />
    <TestEntry testId="8163c0a8-7370-4e14-bf61-faa2092d01d5" executionId="7cf0ccce-a7fa-424e-bbec-e7e46d52081f" testListId="e0470424-53b1-489c-89ce-b9e8131f9c74" />
    <TestEntry testId="5ccac826-104b-4ab5-bdc8-fe38de0c850c" executionId="7a03bfea-b837-4c62-9da4-22d9fad13284" testListId="e0470424-53b1-489c-89ce-b9e8131f9c74" />
    <TestEntry testId="e932bf03-6ee6-48d8-93d6-3cd76bedf7fd" executionId="735ae7d7-c924-4a98-b488-267ea3430dd6" testListId="e0470424-53b1-489c-89ce-b9e8131f9c74" />
    <TestEntry testId="1d22b500-1d51-49aa-a00a-62114655cbc0" executionId="f1f8def2-203c-46c2-a5c7-5847ad564fd9" testListId="e0470424-53b1-489c-89ce-b9e8131f9c74" />
    <TestEntry testId="22fea23b-2ef6-47aa-98e5-74fdd666c668" executionId="71a7ba49-0cee-407c-9948-37cf0fc5f13d" testListId="e0470424-53b1-489c-89ce-b9e8131f9c74" />
    <TestEntry testId="c7d4643f-f336-4f89-901a-75ac3b1424fa" executionId="b5467265-deaa-4bcc-ac66-94703e263d46" testListId="e0470424-53b1-489c-89ce-b9e8131f9c74" />
    <TestEntry testId="27a1f7f5-3f08-4120-ae7d-95072162a269" executionId="37feaa46-d9e3-4c2b-862f-245b9ce6ad6b" testListId="e0470424-53b1-489c-89ce-b9e8131f9c74" />
    <TestEntry testId="010b8463-7ed0-4eae-a91c-c2a741eaf740" executionId="097067df-7d85-44c1-a3e6-c43abc7e9047" testListId="e0470424-53b1-489c-89ce-b9e8131f9c74" />
    <TestEntry testId="449a42d5-d196-4040-bf2e-82cfd95c62a8" executionId="1c0db5e1-35dc-42d0-8fa8-4558112cd84b" testListId="e0470424-53b1-489c-89ce-b9e8131f9c74" />
    <TestEntry testId="8e2072c2-5621-4cd1-a2c0-0ddb14dd3c78" executionId="b64bff26-82d7-4051-9027-67fefcdf863b" testListId="e0470424-53b1-489c-89ce-b9e8131f9c74" />
    <TestEntry testId="40c310ab-8b9f-447b-9055-8eff736800e6" executionId="e71dfed9-561d-4a74-8437-77305dc51f0e" testListId="e0470424-53b1-489c-89ce-b9e8131f9c74" />
    <TestEntry testId="95ec41b9-5f2c-469b-a351-659c54a211a6" executionId="97661288-160f-495e-b80e-405ffc875996" testListId="e0470424-53b1-489c-89ce-b9e8131f9c74" />
    <TestEntry testId="d2835779-e651-4cdc-b6e2-228d7908b1f1" executionId="ba8ddc80-a907-4774-8e38-c7547b677cfc" testListId="e0470424-53b1-489c-89ce-b9e8131f9c74" />
    <TestEntry testId="0e3caced-a442-473c-b9c3-acc6c648306b" executionId="11d00251-2fcf-4401-9688-885b90daa9f3" testListId="e0470424-53b1-489c-89ce-b9e8131f9c74" />
    <TestEntry testId="b87b5917-b4ac-44a2-94e7-c37a7a9e8825" executionId="a678187e-4cef-45a5-be29-9853b1c3db82" testListId="e0470424-53b1-489c-89ce-b9e8131f9c74" />
    <TestEntry testId="baa228dd-6f0b-4542-970a-593faf418ff7" executionId="40091e59-e7f7-4a57-9c99-38db0b8ff10c" testListId="e0470424-53b1-489c-89ce-b9e8131f9c74" />
    <TestEntry testId="72de85f1-9026-452f-8348-dbdd6cb43173" executionId="5880558d-d31f-4cba-9f20-dfa5b975dd78" testListId="e0470424-53b1-489c-89ce-b9e8131f9c74" />
    <TestEntry testId="5a913d7b-af44-4c6d-88ca-ee39c7cef748" executionId="5903e8f1-5c8e-48c5-a1b2-55bd35f0786d" testListId="e0470424-53b1-489c-89ce-b9e8131f9c74" />
    <TestEntry testId="f26303c6-f6e2-4db9-a370-0f26a06cd745" executionId="d4c77788-2a7f-4625-a0a9-8faa51c74f1a" testListId="e0470424-53b1-489c-89ce-b9e8131f9c74" />
    <TestEntry testId="fbcb756b-22bc-49c9-b26d-c28b26a4d16c" executionId="f344a1e1-8265-4a43-8784-8cfc91c9fac0" testListId="e0470424-53b1-489c-89ce-b9e8131f9c74" />
    <TestEntry testId="a4f2138a-67c7-4190-8a9a-2d000f60250a" executionId="bdb5e927-37f5-40ee-aefb-6ab246228b52" testListId="e0470424-53b1-489c-89ce-b9e8131f9c74" />
    <TestEntry testId="bd08ed1a-63b9-4a84-a405-7d4d07dc80d7" executionId="48e27d32-3ae0-426e-8666-c4a802f194b6" testListId="e0470424-53b1-489c-89ce-b9e8131f9c74" />
    <TestEntry testId="42823db7-c0f8-4e36-b912-f73a3d54caba" executionId="df0e6d73-a780-4299-bd22-71b56fcd20f5" testListId="e0470424-53b1-489c-89ce-b9e8131f9c74" />
    <TestEntry testId="41b0bee2-0f14-4678-8c4b-687d53c0cc12" executionId="5e7e2a1b-c7fb-4f93-8afa-f994482a96cc" testListId="e0470424-53b1-489c-89ce-b9e8131f9c74" />
    <TestEntry testId="681e2f63-50ab-4c05-9d73-6a051f90096d" executionId="4ab8b119-7efd-4798-9be4-59e964ebea40" testListId="e0470424-53b1-489c-89ce-b9e8131f9c74" />
    <TestEntry testId="e450d2af-f5cf-4356-a998-b2edbbc31e77" executionId="e6bcdba5-2d9e-4deb-a862-05d650cc8754" testListId="e0470424-53b1-489c-89ce-b9e8131f9c74" />
    <TestEntry testId="53eda76e-e3e1-4122-880a-4f125873a443" executionId="a8fbfa0c-ef20-4423-ac6f-5655f0ab5f20" testListId="e0470424-53b1-489c-89ce-b9e8131f9c74" />
    <TestEntry testId="e1346529-583a-4602-9d6a-610df91acd1f" executionId="3d91fbeb-d5df-4fe4-9f41-1bc90ac1cec4" testListId="e0470424-53b1-489c-89ce-b9e8131f9c74" />
    <TestEntry testId="228c4dcc-248f-4d61-af6c-7bd58791f462" executionId="f4bbfa29-d40b-4188-99dd-619b563f4739" testListId="e0470424-53b1-489c-89ce-b9e8131f9c74" />
    <TestEntry testId="3f797cc4-9ab7-4f8c-aca5-3afe76afcc3b" executionId="c2d26f95-400d-4171-ac50-7743606c22d6" testListId="e0470424-53b1-489c-89ce-b9e8131f9c74" />
    <TestEntry testId="11c1a5a3-abd4-4395-becd-5785b662d1f9" executionId="f36f37bd-1b3c-47e0-9309-b8f710516f36" testListId="e0470424-53b1-489c-89ce-b9e8131f9c74" />
    <TestEntry testId="3e50b5e9-ca4f-4652-9d0c-f58e4d205a38" executionId="8a29eb5d-34df-496c-b1a1-80ce6f9a814d" testListId="e0470424-53b1-489c-89ce-b9e8131f9c74" />
    <TestEntry testId="030cc87c-ad11-4588-95c4-f6585172089f" executionId="1bd99c66-d0a0-4b96-9947-6d78e86bd3ca" testListId="e0470424-53b1-489c-89ce-b9e8131f9c74" />
    <TestEntry testId="8319e16e-be57-4393-bd96-6a13c113f032" executionId="937104f1-9535-4b0d-88b7-7cd13cf932db" testListId="e0470424-53b1-489c-89ce-b9e8131f9c74" />
    <TestEntry testId="e5cac45a-46cc-4975-8a51-c153b4376648" executionId="1710e5c0-c675-4d8a-91a4-b99ae6890f33" testListId="e0470424-53b1-489c-89ce-b9e8131f9c74" />
    <TestEntry testId="ab8b8795-de15-4af7-9013-1ad0e80c9b46" executionId="649d4dfe-e34a-4f3c-8622-4925a9a4b419" testListId="e0470424-53b1-489c-89ce-b9e8131f9c74" />
    <TestEntry testId="9a5ce658-7d67-49b9-848f-3c49ebd33a9e" executionId="10c78c8f-2db2-4ebf-9133-85b814d7fd5d" testListId="e0470424-53b1-489c-89ce-b9e8131f9c74" />
    <TestEntry testId="be60bba8-5012-4094-ae46-47cf5043a2ca" executionId="824a1f47-297a-4ab1-8179-e5e045a1b53e" testListId="e0470424-53b1-489c-89ce-b9e8131f9c74" />
    <TestEntry testId="429329d0-79ba-44e3-8cfa-1f752d01ea01" executionId="11d3eb78-d01c-4980-b54c-461993aace44" testListId="e0470424-53b1-489c-89ce-b9e8131f9c74" />
    <TestEntry testId="bd8ae0d6-1e13-4fe1-89c5-e9507fb10095" executionId="5941689a-29d6-452b-a8cc-b35bb0875ad7" testListId="e0470424-53b1-489c-89ce-b9e8131f9c74" />
    <TestEntry testId="e9793744-e708-4bea-b61a-94ecab868946" executionId="b3418ef6-a9fa-4418-9212-39f19c06ee28" testListId="e0470424-53b1-489c-89ce-b9e8131f9c74" />
    <TestEntry testId="f3edd26a-86ab-4e97-a828-87c524ea714b" executionId="c79a8527-d5fa-43ec-bf4b-accdc74886ba" testListId="e0470424-53b1-489c-89ce-b9e8131f9c74" />
    <TestEntry testId="785c7cad-96b0-4d73-bc75-245544321ec3" executionId="f2a548e0-295e-4894-a734-eb0faa6a8b1d" testListId="e0470424-53b1-489c-89ce-b9e8131f9c74" />
    <TestEntry testId="0cc5777a-ee8b-4ac0-888a-3317dd94b4fd" executionId="0fd388fa-9dac-41a4-b942-3a2742803e07" testListId="e0470424-53b1-489c-89ce-b9e8131f9c74" />
    <TestEntry testId="c36919e2-4deb-4bc6-9c24-3cf0a55f9aac" executionId="4b5a545b-ff83-41d8-aa6f-37791379e3fa" testListId="e0470424-53b1-489c-89ce-b9e8131f9c74" />
    <TestEntry testId="16eb8428-73ec-4b50-bfd2-dccdf5b9de88" executionId="049bfd60-7bed-456e-b8dd-19b167e20296" testListId="e0470424-53b1-489c-89ce-b9e8131f9c74" />
    <TestEntry testId="60ffb531-848e-4dbf-9ed3-4c808b8a8bb9" executionId="f52a66c0-1a6b-4e3f-b854-81a81d873d95" testListId="e0470424-53b1-489c-89ce-b9e8131f9c74" />
    <TestEntry testId="c64bdcc8-44ff-4cca-9e25-c7d9c27cc81d" executionId="8a30a0ee-6b79-4b7e-8941-8cb3d3076959" testListId="e0470424-53b1-489c-89ce-b9e8131f9c74" />
    <TestEntry testId="caaeab65-6851-47f6-8f3b-84f24a049bb4" executionId="74b215f8-2042-486e-8ad9-f4c58747a351" testListId="e0470424-53b1-489c-89ce-b9e8131f9c74" />
    <TestEntry testId="37b71ba9-51ce-4000-94d1-8f4c6ddab96d" executionId="f2b14937-c5c8-48e2-b3e5-2ed911e6263d" testListId="e0470424-53b1-489c-89ce-b9e8131f9c74" />
    <TestEntry testId="bcc862a2-6168-4823-ab68-cb44cb6985cf" executionId="c56425e8-1319-4731-abed-e2044846a282" testListId="e0470424-53b1-489c-89ce-b9e8131f9c74" />
    <TestEntry testId="f0e4a424-b459-4093-8203-2eeef6a79be8" executionId="ff3295a1-0378-473a-b840-617fe4fcaa57" testListId="e0470424-53b1-489c-89ce-b9e8131f9c74" />
    <TestEntry testId="3bb698b3-6144-47f7-900a-757b7ab52acf" executionId="6e1a1f71-ebae-4aac-8237-72129ee50457" testListId="e0470424-53b1-489c-89ce-b9e8131f9c74" />
    <TestEntry testId="34849e07-0616-4169-aa6b-6eb9b53deef1" executionId="bd84c056-68c2-4a3d-b899-7c51849cda8c" testListId="e0470424-53b1-489c-89ce-b9e8131f9c74" />
    <TestEntry testId="5ac54082-6c07-4d94-9d51-07377a88532f" executionId="e2541c04-d18b-4a4c-b9a1-1140d8151cd9" testListId="e0470424-53b1-489c-89ce-b9e8131f9c74" />
    <TestEntry testId="b92a15c9-7512-4a35-85a6-319b34c6a9ad" executionId="99dd8a67-2449-42df-a70d-420231fe35ba" testListId="e0470424-53b1-489c-89ce-b9e8131f9c74" />
    <TestEntry testId="5ffccab0-f168-4707-b187-0ae2661ae2d1" executionId="0d54e217-3b4c-4a16-b8d5-e16d578068a0" testListId="e0470424-53b1-489c-89ce-b9e8131f9c74" />
    <TestEntry testId="3144a791-61f1-46ff-8ba7-535010fbbabd" executionId="35e2d46a-9d02-459a-81f5-c7b9beabcd3e" testListId="e0470424-53b1-489c-89ce-b9e8131f9c74" />
    <TestEntry testId="aa534a7a-0702-4b5f-8578-cab4d392f376" executionId="486298d2-bb2b-4922-aff1-c5a127cc0d4c" testListId="e0470424-53b1-489c-89ce-b9e8131f9c74" />
    <TestEntry testId="a7a42d34-c907-46c1-a569-e2836764e173" executionId="8b1f0447-1a50-4cdb-90ca-5e6889181c59" testListId="e0470424-53b1-489c-89ce-b9e8131f9c74" />
    <TestEntry testId="68a09430-183a-4f36-8a8d-7c016dd67dea" executionId="5d631290-8aa8-4e07-b037-5999d98be702" testListId="e0470424-53b1-489c-89ce-b9e8131f9c74" />
    <TestEntry testId="612bcb53-62cd-49b5-9d96-b57d385395bc" executionId="bfad2f24-417f-4861-8e93-a0dab1f139ae" testListId="e0470424-53b1-489c-89ce-b9e8131f9c74" />
    <TestEntry testId="916395df-23da-49df-aff8-f5473d998cf0" executionId="d1f2b9ad-5bfe-411f-9a10-6f99face894e" testListId="e0470424-53b1-489c-89ce-b9e8131f9c74" />
    <TestEntry testId="5d92142f-8c07-4d34-9b85-697c5ad163b6" executionId="fb79a9f1-05b5-4912-8af1-4e4d85acf975" testListId="e0470424-53b1-489c-89ce-b9e8131f9c74" />
    <TestEntry testId="8fbbe149-a9d5-49be-b7e7-cef432817488" executionId="265acace-9c27-4291-920d-25cbd618d7eb" testListId="e0470424-53b1-489c-89ce-b9e8131f9c74" />
    <TestEntry testId="c957010e-cdb7-4b4e-ab2a-3cfba087bcc5" executionId="42a8ab32-dff0-451e-bb75-0030ba87be98" testListId="e0470424-53b1-489c-89ce-b9e8131f9c74" />
    <TestEntry testId="3057729d-9f0a-4329-ac78-97e9b1e074da" executionId="993f0609-88f5-4e51-81b8-2ddfee20b457" testListId="e0470424-53b1-489c-89ce-b9e8131f9c74" />
    <TestEntry testId="006da394-ed5d-48a8-b5bd-ce987d997081" executionId="142fcd15-1a90-4777-a369-b748b801213c" testListId="e0470424-53b1-489c-89ce-b9e8131f9c74" />
    <TestEntry testId="c20ccea2-b285-4743-9f6a-bb07c7f7d605" executionId="d23e002a-3637-4afc-b1bf-bf0285be5b47" testListId="e0470424-53b1-489c-89ce-b9e8131f9c74" />
    <TestEntry testId="a32686dd-56b0-4cba-a07a-d9c7e8b83196" executionId="bbd7a820-13e4-419a-8255-e10661d0b39d" testListId="e0470424-53b1-489c-89ce-b9e8131f9c74" />
    <TestEntry testId="0a398fec-4530-4b7a-bf54-a025599de385" executionId="d5ea7aff-493e-4a0e-97be-f16e5d1bfed1" testListId="e0470424-53b1-489c-89ce-b9e8131f9c74" />
    <TestEntry testId="8478fbd2-5205-4203-b669-9940f6209eb3" executionId="c5817de0-c2d0-45e1-8c6c-22ab63a02309" testListId="e0470424-53b1-489c-89ce-b9e8131f9c74" />
    <TestEntry testId="aff63971-347e-47d1-b9fc-98d283e556ea" executionId="8816b58e-ca70-48f8-abfd-3266a366b235" testListId="e0470424-53b1-489c-89ce-b9e8131f9c74" />
    <TestEntry testId="6d32f573-6734-49f2-88df-93acc74265b7" executionId="7980f4ce-d53c-42f0-9b3c-91474b1365ad" testListId="e0470424-53b1-489c-89ce-b9e8131f9c74" />
    <TestEntry testId="0b484bc5-8475-4d16-b706-fdb89773d6ed" executionId="a4b08f4e-ef0c-4c3b-ba60-b69ba44221ef" testListId="e0470424-53b1-489c-89ce-b9e8131f9c74" />
    <TestEntry testId="210ddf71-b00f-4638-a0d7-df333e7dc1a6" executionId="7f30c4cc-07c9-4527-8171-ef60cf71725d" testListId="e0470424-53b1-489c-89ce-b9e8131f9c74" />
    <TestEntry testId="ff95d647-a5a1-4584-af74-39a7b7fddc07" executionId="dda43b20-e923-4b4a-bf55-f568543264da" testListId="e0470424-53b1-489c-89ce-b9e8131f9c74" />
    <TestEntry testId="d170c694-bd51-443e-9831-d65c37e41fad" executionId="b6416501-d32a-494f-a489-4715842b49c0" testListId="e0470424-53b1-489c-89ce-b9e8131f9c74" />
    <TestEntry testId="cde57264-88e3-464e-8555-b3c434eb2343" executionId="75992a3e-64d5-46b5-b885-e340bfc57054" testListId="e0470424-53b1-489c-89ce-b9e8131f9c74" />
    <TestEntry testId="7f011f8b-4abe-49d1-8fbe-7850eba1af3b" executionId="8c25a140-4251-4f50-8369-d4bd24459c06" testListId="e0470424-53b1-489c-89ce-b9e8131f9c74" />
    <TestEntry testId="4cdb3559-84a6-414a-9b66-e1161144444d" executionId="433f448c-ee50-4b9c-892d-655976c28324" testListId="e0470424-53b1-489c-89ce-b9e8131f9c74" />
    <TestEntry testId="c0d76bbb-0762-4c5e-b3a7-fe944d85abe1" executionId="f973ff1c-283f-4f4a-a5a5-9de02a998f2c" testListId="e0470424-53b1-489c-89ce-b9e8131f9c74" />
    <TestEntry testId="458dcb09-0657-47f3-8761-9484f7814776" executionId="307e694b-be5e-495a-906d-6e39502c6785" testListId="e0470424-53b1-489c-89ce-b9e8131f9c74" />
    <TestEntry testId="bc66f197-5af0-4435-a596-d989558f675e" executionId="37e1398d-0569-4d5a-8d39-a733f388950d" testListId="e0470424-53b1-489c-89ce-b9e8131f9c74" />
    <TestEntry testId="ddd3f0eb-d657-4298-9ab7-2c3d13a181b5" executionId="d9c28b8d-8994-4e37-8ca9-5e4a090af278" testListId="e0470424-53b1-489c-89ce-b9e8131f9c74" />
    <TestEntry testId="848156c3-324e-45b9-aea1-443437253cd7" executionId="886830bd-a05a-41f8-a77a-b6b50d7b04c2" testListId="e0470424-53b1-489c-89ce-b9e8131f9c74" />
    <TestEntry testId="ac5a0a89-757f-4a6b-8938-6a3dcda4de29" executionId="f37c190e-2f11-484d-bd5b-f5faa640f477" testListId="e0470424-53b1-489c-89ce-b9e8131f9c74" />
    <TestEntry testId="de0fac55-f76d-4400-9700-1a116ca8e328" executionId="bbb9079c-ffc9-4b5b-a8a1-b1930ffa0bd5" testListId="e0470424-53b1-489c-89ce-b9e8131f9c74" />
  </TestEntries>
  <TestLists>
    <TestList name="Results Not in a List" id="e0470424-53b1-489c-89ce-b9e8131f9c74" />
    <TestList name="All Loaded Results" id="ddb63d6c-c519-4f6f-8353-30e20b786a3c" />
  </TestLists>
</TestRun>