<?xml version="1.0" encoding="UTF-8"?>
<TestRun id="c363d0d2-7e88-4591-9299-029724cf25e3" name="Test Run 27" runUser="Oles Galatsan" xmlns="http://microsoft.com/schemas/VisualStudio/TeamTest/2010">
  <Times creation="2025-05-14T13:20:31.3125482Z" queuing="2025-05-14T13:20:31.3125482Z" start="2025-05-14T13:20:31.3146610Z" finish="2025-05-14T13:25:31.3147553Z" />
  <TestSettings name="Test Settings 27" id="057f1c42-8686-4c05-9afe-47aaff724c9f" />
  <Results>
    <UnitTestResult executionId="d1303535-3bf2-4298-ae86-aee1ec471359" testId="20b38a2c-2a7b-4ff5-aa21-3a5d7ddd4599" testName="Test2601" computerName="UA-LPT-OGA2" duration="00:00:01.9780000" startTime="2025-05-14T13:20:31.3146610Z" endTime="2025-05-14T13:25:31.3147553Z" testType="13cdc9d9-ddb5-4fa4-a97d-d965ccfc6d4b" outcome="Passed" testListId="12687d44-b051-4779-ab23-786e61b78e70" />
    <UnitTestResult executionId="c1b37af1-f158-4bb6-ad75-58a2c5396a1c" testId="09d0bcc1-a007-4258-bc1d-45af77155183" testName="Test2602" computerName="UA-LPT-OGA2" duration="00:00:00.1380000" startTime="2025-05-14T13:20:31.3146610Z" endTime="2025-05-14T13:25:31.3147553Z" testType="13cdc9d9-ddb5-4fa4-a97d-d965ccfc6d4b" outcome="Passed" testListId="12687d44-b051-4779-ab23-786e61b78e70" />
    <UnitTestResult executionId="e05c50e2-a1f8-45c5-8a98-e22ba1101b59" testId="b74d01e0-04eb-424d-9f5d-b6f389de0e3e" testName="Test2603" computerName="UA-LPT-OGA2" duration="00:00:00.2480000" startTime="2025-05-14T13:20:31.3146610Z" endTime="2025-05-14T13:25:31.3147553Z" testType="13cdc9d9-ddb5-4fa4-a97d-d965ccfc6d4b" outcome="Passed" testListId="12687d44-b051-4779-ab23-786e61b78e70" />
    <UnitTestResult executionId="57056441-d9e3-4816-b907-f15f3c9d8dba" testId="2e40a27b-05ee-4a99-b4c0-36329a58444c" testName="Test2604" computerName="UA-LPT-OGA2" duration="00:00:01.2870000" startTime="2025-05-14T13:20:31.3146610Z" endTime="2025-05-14T13:25:31.3147553Z" testType="13cdc9d9-ddb5-4fa4-a97d-d965ccfc6d4b" outcome="Passed" testListId="12687d44-b051-4779-ab23-786e61b78e70" />
    <UnitTestResult executionId="0716aa5f-a3b2-4f9d-8e46-5223d5809417" testId="006d43bd-1526-4787-81f9-2034533c6dc2" testName="Test2605" computerName="UA-LPT-OGA2" duration="00:00:01.3010000" startTime="2025-05-14T13:20:31.3146610Z" endTime="2025-05-14T13:25:31.3147553Z" testType="13cdc9d9-ddb5-4fa4-a97d-d965ccfc6d4b" outcome="Passed" testListId="12687d44-b051-4779-ab23-786e61b78e70" />
    <UnitTestResult executionId="f54a24ec-ca9e-48ee-a5d7-befbdcbc86bb" testId="9e68869b-bcb2-4b2d-a511-20c0a5ec2d72" testName="Test2606" computerName="UA-LPT-OGA2" duration="00:00:01.0590000" startTime="2025-05-14T13:20:31.3146610Z" endTime="2025-05-14T13:25:31.3147553Z" testType="13cdc9d9-ddb5-4fa4-a97d-d965ccfc6d4b" outcome="Passed" testListId="12687d44-b051-4779-ab23-786e61b78e70" />
    <UnitTestResult executionId="1eb0605b-4b54-403f-a261-f800afb226f5" testId="19146e0c-12fd-42a7-93a2-25f3f3e31153" testName="Test2607" computerName="UA-LPT-OGA2" duration="00:00:01.1200000" startTime="2025-05-14T13:20:31.3146610Z" endTime="2025-05-14T13:25:31.3147553Z" testType="13cdc9d9-ddb5-4fa4-a97d-d965ccfc6d4b" outcome="Passed" testListId="12687d44-b051-4779-ab23-786e61b78e70" />
    <UnitTestResult executionId="02eff9ef-cd41-4ca4-b34a-fb515126a185" testId="06229523-8665-456d-8f98-07f90286952a" testName="Test2608" computerName="UA-LPT-OGA2" duration="00:00:01.5670000" startTime="2025-05-14T13:20:31.3146610Z" endTime="2025-05-14T13:25:31.3147553Z" testType="13cdc9d9-ddb5-4fa4-a97d-d965ccfc6d4b" outcome="Passed" testListId="12687d44-b051-4779-ab23-786e61b78e70" />
    <UnitTestResult executionId="628faa82-8161-4f99-be17-bbb24498ea75" testId="715992fe-7c80-44e1-8064-759c9bf2e6c1" testName="Test2609" computerName="UA-LPT-OGA2" duration="00:00:00.4770000" startTime="2025-05-14T13:20:31.3146610Z" endTime="2025-05-14T13:25:31.3147553Z" testType="13cdc9d9-ddb5-4fa4-a97d-d965ccfc6d4b" outcome="Passed" testListId="12687d44-b051-4779-ab23-786e61b78e70" />
    <UnitTestResult executionId="b13a9980-f02e-430a-b658-b01955597687" testId="d375ee1b-f2c4-4190-b9b4-fe6408a43ee5" testName="Test2610" computerName="UA-LPT-OGA2" duration="00:00:00.0250000" startTime="2025-05-14T13:20:31.3146610Z" endTime="2025-05-14T13:25:31.3147553Z" testType="13cdc9d9-ddb5-4fa4-a97d-d965ccfc6d4b" outcome="Passed" testListId="12687d44-b051-4779-ab23-786e61b78e70" />
    <UnitTestResult executionId="34889ad6-fd13-4102-98c5-b691a7e1f21e" testId="bd504540-3b8f-4682-84f1-955cc2cf19f6" testName="Test2611" computerName="UA-LPT-OGA2" duration="00:00:01.8110000" startTime="2025-05-14T13:20:31.3146610Z" endTime="2025-05-14T13:25:31.3147553Z" testType="13cdc9d9-ddb5-4fa4-a97d-d965ccfc6d4b" outcome="Passed" testListId="12687d44-b051-4779-ab23-786e61b78e70" />
    <UnitTestResult executionId="03002b25-a8b0-4a20-be21-060f32985b6b" testId="eec84061-8f6d-46af-be85-23e2f0b87c8f" testName="Test2612" computerName="UA-LPT-OGA2" duration="00:00:00.4990000" startTime="2025-05-14T13:20:31.3146610Z" endTime="2025-05-14T13:25:31.3147553Z" testType="13cdc9d9-ddb5-4fa4-a97d-d965ccfc6d4b" outcome="Passed" testListId="12687d44-b051-4779-ab23-786e61b78e70" />
    <UnitTestResult executionId="daa68d58-983e-4a0b-93fa-ebabbe314c3a" testId="3851f424-b250-472f-86ce-eb5d29393c87" testName="Test2613" computerName="UA-LPT-OGA2" duration="00:00:00.5670000" startTime="2025-05-14T13:20:31.3146610Z" endTime="2025-05-14T13:25:31.3147553Z" testType="13cdc9d9-ddb5-4fa4-a97d-d965ccfc6d4b" outcome="Passed" testListId="12687d44-b051-4779-ab23-786e61b78e70" />
    <UnitTestResult executionId="f52729f5-16d2-409e-8123-c4f65ef27416" testId="5f232114-0008-4189-8dfa-bd5fc06918cc" testName="Test2614" computerName="UA-LPT-OGA2" duration="00:00:01.9980000" startTime="2025-05-14T13:20:31.3146610Z" endTime="2025-05-14T13:25:31.3147553Z" testType="13cdc9d9-ddb5-4fa4-a97d-d965ccfc6d4b" outcome="Passed" testListId="12687d44-b051-4779-ab23-786e61b78e70" />
    <UnitTestResult executionId="770d4076-7455-4efc-bb28-047c7ad42d2c" testId="fbbf70b9-9fec-46a3-8805-b64e1d6bb4cf" testName="Test2615" computerName="UA-LPT-OGA2" duration="00:00:01.8220000" startTime="2025-05-14T13:20:31.3146610Z" endTime="2025-05-14T13:25:31.3147553Z" testType="13cdc9d9-ddb5-4fa4-a97d-d965ccfc6d4b" outcome="Passed" testListId="12687d44-b051-4779-ab23-786e61b78e70" />
    <UnitTestResult executionId="dfae975e-ed11-4aa2-91c1-6cf102f0ac9d" testId="6b8b1bbb-0f79-4397-8dfe-755babf4eaf3" testName="Test2616" computerName="UA-LPT-OGA2" duration="00:00:01.6510000" startTime="2025-05-14T13:20:31.3146610Z" endTime="2025-05-14T13:25:31.3147553Z" testType="13cdc9d9-ddb5-4fa4-a97d-d965ccfc6d4b" outcome="Passed" testListId="12687d44-b051-4779-ab23-786e61b78e70" />
    <UnitTestResult executionId="dd35bc90-3e19-4797-bc65-a6f361053d75" testId="ee8a76b2-43b7-44c3-b565-25ef7daf07e0" testName="Test2617" computerName="UA-LPT-OGA2" duration="00:00:01.3310000" startTime="2025-05-14T13:20:31.3146610Z" endTime="2025-05-14T13:25:31.3147553Z" testType="13cdc9d9-ddb5-4fa4-a97d-d965ccfc6d4b" outcome="Passed" testListId="12687d44-b051-4779-ab23-786e61b78e70" />
    <UnitTestResult executionId="c2cd7e9a-7d11-4b2a-a2be-d21045bb7240" testId="9f2ed543-0b91-41d9-a977-8bc86add38f4" testName="Test2618" computerName="UA-LPT-OGA2" duration="00:00:00.4240000" startTime="2025-05-14T13:20:31.3146610Z" endTime="2025-05-14T13:25:31.3147553Z" testType="13cdc9d9-ddb5-4fa4-a97d-d965ccfc6d4b" outcome="Passed" testListId="12687d44-b051-4779-ab23-786e61b78e70" />
    <UnitTestResult executionId="f8e1bfc8-4a24-41da-9889-8490925ab667" testId="1de33d7a-598e-4e67-965d-469bf45850c4" testName="Test2619" computerName="UA-LPT-OGA2" duration="00:00:01.2640000" startTime="2025-05-14T13:20:31.3146610Z" endTime="2025-05-14T13:25:31.3147553Z" testType="13cdc9d9-ddb5-4fa4-a97d-d965ccfc6d4b" outcome="Passed" testListId="12687d44-b051-4779-ab23-786e61b78e70" />
    <UnitTestResult executionId="937e5aaf-7f4b-4954-9506-531da26c0de4" testId="de041a23-d575-4a6f-9ce4-b5e495408439" testName="Test2620" computerName="UA-LPT-OGA2" duration="00:00:00.2490000" startTime="2025-05-14T13:20:31.3146610Z" endTime="2025-05-14T13:25:31.3147553Z" testType="13cdc9d9-ddb5-4fa4-a97d-d965ccfc6d4b" outcome="Passed" testListId="12687d44-b051-4779-ab23-786e61b78e70" />
    <UnitTestResult executionId="0b69d31e-ae3b-4ba9-874a-0adc58467565" testId="3bccbe7d-6eb1-4831-93e7-2f151ddd7d48" testName="Test2621" computerName="UA-LPT-OGA2" duration="00:00:01.0140000" startTime="2025-05-14T13:20:31.3146610Z" endTime="2025-05-14T13:25:31.3147553Z" testType="13cdc9d9-ddb5-4fa4-a97d-d965ccfc6d4b" outcome="Passed" testListId="12687d44-b051-4779-ab23-786e61b78e70" />
    <UnitTestResult executionId="87e4ef5c-738e-4a35-ac9a-a1ab86996287" testId="12ee23ed-67de-46f2-97b0-a420ba90627b" testName="Test2622" computerName="UA-LPT-OGA2" duration="00:00:00.9360000" startTime="2025-05-14T13:20:31.3146610Z" endTime="2025-05-14T13:25:31.3147553Z" testType="13cdc9d9-ddb5-4fa4-a97d-d965ccfc6d4b" outcome="Passed" testListId="12687d44-b051-4779-ab23-786e61b78e70" />
    <UnitTestResult executionId="833892e5-ce7e-4ff3-b934-938a5b4e97ce" testId="5ce0dee9-61a4-4551-97a1-5a7d86faccb7" testName="Test2623" computerName="UA-LPT-OGA2" duration="00:00:01.9920000" startTime="2025-05-14T13:20:31.3146610Z" endTime="2025-05-14T13:25:31.3147553Z" testType="13cdc9d9-ddb5-4fa4-a97d-d965ccfc6d4b" outcome="Passed" testListId="12687d44-b051-4779-ab23-786e61b78e70" />
    <UnitTestResult executionId="57ea1c51-d16e-4c24-865c-82e0c5140624" testId="960c57ff-42c4-4039-ae9a-2affff6f3707" testName="Test2624" computerName="UA-LPT-OGA2" duration="00:00:01.9470000" startTime="2025-05-14T13:20:31.3146610Z" endTime="2025-05-14T13:25:31.3147553Z" testType="13cdc9d9-ddb5-4fa4-a97d-d965ccfc6d4b" outcome="Passed" testListId="12687d44-b051-4779-ab23-786e61b78e70" />
    <UnitTestResult executionId="4e283da5-e4f6-4e8d-b4a0-c234034deb43" testId="08ab3bc0-7b2f-44c0-9354-45150c67b368" testName="Test2625" computerName="UA-LPT-OGA2" duration="00:00:01.3170000" startTime="2025-05-14T13:20:31.3146610Z" endTime="2025-05-14T13:25:31.3147553Z" testType="13cdc9d9-ddb5-4fa4-a97d-d965ccfc6d4b" outcome="Passed" testListId="12687d44-b051-4779-ab23-786e61b78e70" />
    <UnitTestResult executionId="dd1e3437-b178-48bc-8eb3-ddcabd3fb3c0" testId="f30d3ca2-cca0-46f9-901a-2208e501b9cd" testName="Test2626" computerName="UA-LPT-OGA2" duration="00:00:00.2070000" startTime="2025-05-14T13:20:31.3146610Z" endTime="2025-05-14T13:25:31.3147553Z" testType="13cdc9d9-ddb5-4fa4-a97d-d965ccfc6d4b" outcome="Passed" testListId="12687d44-b051-4779-ab23-786e61b78e70" />
    <UnitTestResult executionId="aca62aa5-b6e0-458e-aaee-4af2e43c04ff" testId="3b99fd22-f1d0-4cae-8f7e-357bee6b2a6b" testName="Test2627" computerName="UA-LPT-OGA2" duration="00:00:01.5820000" startTime="2025-05-14T13:20:31.3146610Z" endTime="2025-05-14T13:25:31.3147553Z" testType="13cdc9d9-ddb5-4fa4-a97d-d965ccfc6d4b" outcome="Passed" testListId="12687d44-b051-4779-ab23-786e61b78e70" />
    <UnitTestResult executionId="7acce416-ac61-4fe3-a76d-9cfba07ade60" testId="9a5aaf50-c34a-4c39-9fef-62f98fd100e1" testName="Test2628" computerName="UA-LPT-OGA2" duration="00:00:01.5160000" startTime="2025-05-14T13:20:31.3146610Z" endTime="2025-05-14T13:25:31.3147553Z" testType="13cdc9d9-ddb5-4fa4-a97d-d965ccfc6d4b" outcome="Passed" testListId="12687d44-b051-4779-ab23-786e61b78e70" />
    <UnitTestResult executionId="48e38af1-7158-48ce-aa0f-2478d14d6804" testId="bee57301-f9ab-44ba-8ab5-281903ffc339" testName="Test2629" computerName="UA-LPT-OGA2" duration="00:00:01.0690000" startTime="2025-05-14T13:20:31.3146610Z" endTime="2025-05-14T13:25:31.3147553Z" testType="13cdc9d9-ddb5-4fa4-a97d-d965ccfc6d4b" outcome="Passed" testListId="12687d44-b051-4779-ab23-786e61b78e70" />
    <UnitTestResult executionId="91a821ab-55b1-4119-9e2f-89ef62e79d33" testId="dbe95223-24b7-4001-87b1-804f2e449319" testName="Test2630" computerName="UA-LPT-OGA2" duration="00:00:00.2880000" startTime="2025-05-14T13:20:31.3146610Z" endTime="2025-05-14T13:25:31.3147553Z" testType="13cdc9d9-ddb5-4fa4-a97d-d965ccfc6d4b" outcome="Passed" testListId="12687d44-b051-4779-ab23-786e61b78e70" />
    <UnitTestResult executionId="0e12694f-d478-4375-a401-0ad8a458256e" testId="be92f244-4a32-4002-85b4-5cc4a8dc4d2c" testName="Test2631" computerName="UA-LPT-OGA2" duration="00:00:00.8120000" startTime="2025-05-14T13:20:31.3146610Z" endTime="2025-05-14T13:25:31.3147553Z" testType="13cdc9d9-ddb5-4fa4-a97d-d965ccfc6d4b" outcome="Failed" testListId="12687d44-b051-4779-ab23-786e61b78e70">
      <Output>
        <ErrorInfo>
          <Message>Assertion failed: Expected value did not match actual value.</Message>
          <StackTrace>   at TestNamespace.TestClass.Test() in TestClass.cs:line 145</StackTrace>
        </ErrorInfo>
      </Output>
    </UnitTestResult>
    <UnitTestResult executionId="90af07e1-f657-4b6d-bf32-50bf2b5f1c9f" testId="45439e8d-0b0c-44b0-87e9-8917554cc6f4" testName="Test2632" computerName="UA-LPT-OGA2" duration="00:00:01.1960000" startTime="2025-05-14T13:20:31.3146610Z" endTime="2025-05-14T13:25:31.3147553Z" testType="13cdc9d9-ddb5-4fa4-a97d-d965ccfc6d4b" outcome="Passed" testListId="12687d44-b051-4779-ab23-786e61b78e70" />
    <UnitTestResult executionId="7406d204-1878-434f-8333-4231d3f60d51" testId="54157ebc-4a3c-44ed-9c5e-dd9be89adb7e" testName="Test2633" computerName="UA-LPT-OGA2" duration="00:00:01.7450000" startTime="2025-05-14T13:20:31.3146610Z" endTime="2025-05-14T13:25:31.3147553Z" testType="13cdc9d9-ddb5-4fa4-a97d-d965ccfc6d4b" outcome="Passed" testListId="12687d44-b051-4779-ab23-786e61b78e70" />
    <UnitTestResult executionId="81d7523a-43e0-48a8-a892-9bc9105a7e52" testId="510e9a77-bac4-4b2e-ad7f-6aef79bbe843" testName="Test2634" computerName="UA-LPT-OGA2" duration="00:00:00.3310000" startTime="2025-05-14T13:20:31.3146610Z" endTime="2025-05-14T13:25:31.3147553Z" testType="13cdc9d9-ddb5-4fa4-a97d-d965ccfc6d4b" outcome="Passed" testListId="12687d44-b051-4779-ab23-786e61b78e70" />
    <UnitTestResult executionId="4a9f787a-77a4-4d99-8b07-1c7dfe05afc3" testId="a66d1579-4b3f-4435-84ed-d0d2f3c9b57f" testName="Test2635" computerName="UA-LPT-OGA2" duration="00:00:00.8370000" startTime="2025-05-14T13:20:31.3146610Z" endTime="2025-05-14T13:25:31.3147553Z" testType="13cdc9d9-ddb5-4fa4-a97d-d965ccfc6d4b" outcome="Passed" testListId="12687d44-b051-4779-ab23-786e61b78e70" />
    <UnitTestResult executionId="feb27068-d987-4c6c-9541-3876fdf165c5" testId="794f2ecb-ad51-4089-aea8-f1c34ca0cc8c" testName="Test2636" computerName="UA-LPT-OGA2" duration="00:00:00.8680000" startTime="2025-05-14T13:20:31.3146610Z" endTime="2025-05-14T13:25:31.3147553Z" testType="13cdc9d9-ddb5-4fa4-a97d-d965ccfc6d4b" outcome="Passed" testListId="12687d44-b051-4779-ab23-786e61b78e70" />
    <UnitTestResult executionId="d8034461-3551-48fe-b3bb-e37e2f219266" testId="10557853-5841-4c9b-a472-750d600bc200" testName="Test2637" computerName="UA-LPT-OGA2" duration="00:00:00.5430000" startTime="2025-05-14T13:20:31.3146610Z" endTime="2025-05-14T13:25:31.3147553Z" testType="13cdc9d9-ddb5-4fa4-a97d-d965ccfc6d4b" outcome="Passed" testListId="12687d44-b051-4779-ab23-786e61b78e70" />
    <UnitTestResult executionId="a6fcddc3-22b8-4dfa-8747-5f4daca693b7" testId="2a33f8c3-33ff-4444-8136-77f598e61fd1" testName="Test2638" computerName="UA-LPT-OGA2" duration="00:00:01.1270000" startTime="2025-05-14T13:20:31.3146610Z" endTime="2025-05-14T13:25:31.3147553Z" testType="13cdc9d9-ddb5-4fa4-a97d-d965ccfc6d4b" outcome="Passed" testListId="12687d44-b051-4779-ab23-786e61b78e70" />
    <UnitTestResult executionId="fb0d33b1-76ba-4d51-acf2-656df590ed26" testId="2f72a472-b1e5-4e37-a65e-3229cd4672c0" testName="Test2639" computerName="UA-LPT-OGA2" duration="00:00:00.3610000" startTime="2025-05-14T13:20:31.3146610Z" endTime="2025-05-14T13:25:31.3147553Z" testType="13cdc9d9-ddb5-4fa4-a97d-d965ccfc6d4b" outcome="Passed" testListId="12687d44-b051-4779-ab23-786e61b78e70" />
    <UnitTestResult executionId="048fb051-c436-49fc-beb3-5c786c78ad20" testId="206f299a-7d0f-4779-88dd-8109ac3f86d3" testName="Test2640" computerName="UA-LPT-OGA2" duration="00:00:01.4860000" startTime="2025-05-14T13:20:31.3146610Z" endTime="2025-05-14T13:25:31.3147553Z" testType="13cdc9d9-ddb5-4fa4-a97d-d965ccfc6d4b" outcome="Passed" testListId="12687d44-b051-4779-ab23-786e61b78e70" />
    <UnitTestResult executionId="5f7b6527-5c57-4145-b584-e074d9000be1" testId="46dd2a28-bdf4-4707-b401-681df53573bc" testName="Test2641" computerName="UA-LPT-OGA2" duration="00:00:01.4950000" startTime="2025-05-14T13:20:31.3146610Z" endTime="2025-05-14T13:25:31.3147553Z" testType="13cdc9d9-ddb5-4fa4-a97d-d965ccfc6d4b" outcome="Passed" testListId="12687d44-b051-4779-ab23-786e61b78e70" />
    <UnitTestResult executionId="b9ec8dad-a3f9-4fbf-9c00-df602ea3c3fc" testId="e5f14fda-8371-421c-96fe-d4ac73675f5d" testName="Test2642" computerName="UA-LPT-OGA2" duration="00:00:01.5470000" startTime="2025-05-14T13:20:31.3146610Z" endTime="2025-05-14T13:25:31.3147553Z" testType="13cdc9d9-ddb5-4fa4-a97d-d965ccfc6d4b" outcome="Failed" testListId="12687d44-b051-4779-ab23-786e61b78e70">
      <Output>
        <ErrorInfo>
          <Message>Assertion failed: Expected value did not match actual value.</Message>
          <StackTrace>   at TestNamespace.TestClass.Test() in TestClass.cs:line 242</StackTrace>
        </ErrorInfo>
      </Output>
    </UnitTestResult>
    <UnitTestResult executionId="0ee5bb1c-b45d-4c15-867b-80fc9f65ba2e" testId="dff2f9c8-f9b7-40a6-b82a-2539129f9d94" testName="Test2643" computerName="UA-LPT-OGA2" duration="00:00:01.3050000" startTime="2025-05-14T13:20:31.3146610Z" endTime="2025-05-14T13:25:31.3147553Z" testType="13cdc9d9-ddb5-4fa4-a97d-d965ccfc6d4b" outcome="Passed" testListId="12687d44-b051-4779-ab23-786e61b78e70" />
    <UnitTestResult executionId="6a6fa489-f8a9-49be-a4cd-755e37c1cdb5" testId="04682c0a-a7ed-4a2a-9ac4-74445cbf7fd1" testName="Test2644" computerName="UA-LPT-OGA2" duration="00:00:01.9230000" startTime="2025-05-14T13:20:31.3146610Z" endTime="2025-05-14T13:25:31.3147553Z" testType="13cdc9d9-ddb5-4fa4-a97d-d965ccfc6d4b" outcome="Passed" testListId="12687d44-b051-4779-ab23-786e61b78e70" />
    <UnitTestResult executionId="3f600e08-58b1-4ef4-b7ef-3edfd639ee4c" testId="dcd7ed19-0961-4601-994f-4a053d4b96de" testName="Test2645" computerName="UA-LPT-OGA2" duration="00:00:00.2770000" startTime="2025-05-14T13:20:31.3146610Z" endTime="2025-05-14T13:25:31.3147553Z" testType="13cdc9d9-ddb5-4fa4-a97d-d965ccfc6d4b" outcome="Passed" testListId="12687d44-b051-4779-ab23-786e61b78e70" />
    <UnitTestResult executionId="4eac3354-f92a-43bc-882f-ea1ce0e00941" testId="339291be-9f52-405e-a446-7ecbc5a1b715" testName="Test2646" computerName="UA-LPT-OGA2" duration="00:00:01.0920000" startTime="2025-05-14T13:20:31.3146610Z" endTime="2025-05-14T13:25:31.3147553Z" testType="13cdc9d9-ddb5-4fa4-a97d-d965ccfc6d4b" outcome="Passed" testListId="12687d44-b051-4779-ab23-786e61b78e70" />
    <UnitTestResult executionId="95cd8e8d-2803-4d35-ad84-047fc9f2e0c8" testId="7d4f5c02-719a-4f22-928a-9b14987e13ba" testName="Test2647" computerName="UA-LPT-OGA2" duration="00:00:01.5760000" startTime="2025-05-14T13:20:31.3146610Z" endTime="2025-05-14T13:25:31.3147553Z" testType="13cdc9d9-ddb5-4fa4-a97d-d965ccfc6d4b" outcome="Passed" testListId="12687d44-b051-4779-ab23-786e61b78e70" />
    <UnitTestResult executionId="6727c513-e724-4973-afb9-4b1a464628c3" testId="cc01c799-a6da-4aba-80d9-df05236285bc" testName="Test2648" computerName="UA-LPT-OGA2" duration="00:00:01.9070000" startTime="2025-05-14T13:20:31.3146610Z" endTime="2025-05-14T13:25:31.3147553Z" testType="13cdc9d9-ddb5-4fa4-a97d-d965ccfc6d4b" outcome="Passed" testListId="12687d44-b051-4779-ab23-786e61b78e70" />
    <UnitTestResult executionId="f87c55a2-161d-4bff-89c8-d41f1be08a03" testId="bc2ca3d2-7dd3-404b-91cb-d13d36da0c00" testName="Test2649" computerName="UA-LPT-OGA2" duration="00:00:00.8190000" startTime="2025-05-14T13:20:31.3146610Z" endTime="2025-05-14T13:25:31.3147553Z" testType="13cdc9d9-ddb5-4fa4-a97d-d965ccfc6d4b" outcome="Passed" testListId="12687d44-b051-4779-ab23-786e61b78e70" />
    <UnitTestResult executionId="8541a62e-bc09-4d73-9d95-352c38cfd7c3" testId="0eadab72-bcef-4fdc-85bc-82486bd9ab77" testName="Test2650" computerName="UA-LPT-OGA2" duration="00:00:01.7780000" startTime="2025-05-14T13:20:31.3146610Z" endTime="2025-05-14T13:25:31.3147553Z" testType="13cdc9d9-ddb5-4fa4-a97d-d965ccfc6d4b" outcome="Passed" testListId="12687d44-b051-4779-ab23-786e61b78e70" />
    <UnitTestResult executionId="87d04f88-88d3-47b2-ba4a-36b91152d317" testId="d5792762-1238-4312-9dc0-7084682d2263" testName="Test2651" computerName="UA-LPT-OGA2" duration="00:00:01.6530000" startTime="2025-05-14T13:20:31.3146610Z" endTime="2025-05-14T13:25:31.3147553Z" testType="13cdc9d9-ddb5-4fa4-a97d-d965ccfc6d4b" outcome="Passed" testListId="12687d44-b051-4779-ab23-786e61b78e70" />
    <UnitTestResult executionId="448bb7ca-073e-4016-9250-2330e637e02b" testId="ac818126-aff2-4a1e-b9a5-4fc1405c1830" testName="Test2652" computerName="UA-LPT-OGA2" duration="00:00:01.8770000" startTime="2025-05-14T13:20:31.3146610Z" endTime="2025-05-14T13:25:31.3147553Z" testType="13cdc9d9-ddb5-4fa4-a97d-d965ccfc6d4b" outcome="Passed" testListId="12687d44-b051-4779-ab23-786e61b78e70" />
    <UnitTestResult executionId="81ce684d-253f-4259-8555-e63bd9c3274c" testId="46a83488-1473-4ecd-a1bf-528ef03475c4" testName="Test2653" computerName="UA-LPT-OGA2" duration="00:00:00.7220000" startTime="2025-05-14T13:20:31.3146610Z" endTime="2025-05-14T13:25:31.3147553Z" testType="13cdc9d9-ddb5-4fa4-a97d-d965ccfc6d4b" outcome="Passed" testListId="12687d44-b051-4779-ab23-786e61b78e70" />
    <UnitTestResult executionId="b0e5a6e9-f088-4168-9851-da2c0a743339" testId="33ee774f-709a-4eb2-a495-08fc4d5c6049" testName="Test2654" computerName="UA-LPT-OGA2" duration="00:00:01.4130000" startTime="2025-05-14T13:20:31.3146610Z" endTime="2025-05-14T13:25:31.3147553Z" testType="13cdc9d9-ddb5-4fa4-a97d-d965ccfc6d4b" outcome="Passed" testListId="12687d44-b051-4779-ab23-786e61b78e70" />
    <UnitTestResult executionId="7ed9f109-ee44-4f73-b2fb-11d44a2f3399" testId="e31448f6-20a2-4f23-a58a-4aa20b28092d" testName="Test2655" computerName="UA-LPT-OGA2" duration="00:00:00.9430000" startTime="2025-05-14T13:20:31.3146610Z" endTime="2025-05-14T13:25:31.3147553Z" testType="13cdc9d9-ddb5-4fa4-a97d-d965ccfc6d4b" outcome="Passed" testListId="12687d44-b051-4779-ab23-786e61b78e70" />
    <UnitTestResult executionId="58a69056-9d0f-48e9-8e91-e478454c99cc" testId="0fa1be75-ad7d-4209-99d0-5539a5ced7c1" testName="Test2656" computerName="UA-LPT-OGA2" duration="00:00:01.3390000" startTime="2025-05-14T13:20:31.3146610Z" endTime="2025-05-14T13:25:31.3147553Z" testType="13cdc9d9-ddb5-4fa4-a97d-d965ccfc6d4b" outcome="Passed" testListId="12687d44-b051-4779-ab23-786e61b78e70" />
    <UnitTestResult executionId="f3da0527-4b64-4249-b8de-3471a69300e8" testId="9b23031b-3014-417e-8d27-4f0055ea8777" testName="Test2657" computerName="UA-LPT-OGA2" duration="00:00:00.4270000" startTime="2025-05-14T13:20:31.3146610Z" endTime="2025-05-14T13:25:31.3147553Z" testType="13cdc9d9-ddb5-4fa4-a97d-d965ccfc6d4b" outcome="Passed" testListId="12687d44-b051-4779-ab23-786e61b78e70" />
    <UnitTestResult executionId="41faaef1-9897-4cdd-b1ab-45be5cac75b9" testId="5cac35bd-b25e-4074-8a97-9908bbd464ea" testName="Test2658" computerName="UA-LPT-OGA2" duration="00:00:00.8610000" startTime="2025-05-14T13:20:31.3146610Z" endTime="2025-05-14T13:25:31.3147553Z" testType="13cdc9d9-ddb5-4fa4-a97d-d965ccfc6d4b" outcome="Passed" testListId="12687d44-b051-4779-ab23-786e61b78e70" />
    <UnitTestResult executionId="08ad8cb3-6e32-41b9-ad2c-51ef870be934" testId="a66b0f5f-57e7-475c-ad5a-d10cbdcea998" testName="Test2659" computerName="UA-LPT-OGA2" duration="00:00:01.6000000" startTime="2025-05-14T13:20:31.3146610Z" endTime="2025-05-14T13:25:31.3147553Z" testType="13cdc9d9-ddb5-4fa4-a97d-d965ccfc6d4b" outcome="Passed" testListId="12687d44-b051-4779-ab23-786e61b78e70" />
    <UnitTestResult executionId="a88294f0-ba74-49b5-b24c-ddbf217e51f7" testId="e3af6914-78c5-43f0-b957-f9ad9726a789" testName="Test2660" computerName="UA-LPT-OGA2" duration="00:00:01.8980000" startTime="2025-05-14T13:20:31.3146610Z" endTime="2025-05-14T13:25:31.3147553Z" testType="13cdc9d9-ddb5-4fa4-a97d-d965ccfc6d4b" outcome="Passed" testListId="12687d44-b051-4779-ab23-786e61b78e70" />
    <UnitTestResult executionId="e4a9cfe6-d7da-4931-b075-a516e4a6cddc" testId="97eb8698-f1f6-45ad-a5d1-38a0f6861d15" testName="Test2661" computerName="UA-LPT-OGA2" duration="00:00:00.4550000" startTime="2025-05-14T13:20:31.3146610Z" endTime="2025-05-14T13:25:31.3147553Z" testType="13cdc9d9-ddb5-4fa4-a97d-d965ccfc6d4b" outcome="Passed" testListId="12687d44-b051-4779-ab23-786e61b78e70" />
    <UnitTestResult executionId="515b6792-fda4-4b80-bfde-66d31a72289c" testId="7e973661-789e-4013-b553-a8ddd6312e09" testName="Test2662" computerName="UA-LPT-OGA2" duration="00:00:00.5380000" startTime="2025-05-14T13:20:31.3146610Z" endTime="2025-05-14T13:25:31.3147553Z" testType="13cdc9d9-ddb5-4fa4-a97d-d965ccfc6d4b" outcome="Passed" testListId="12687d44-b051-4779-ab23-786e61b78e70" />
    <UnitTestResult executionId="06cf378d-4d3d-4918-ae34-f14f1069a6df" testId="6beb4b2d-9e39-4e50-a5ce-74f266a4706e" testName="Test2663" computerName="UA-LPT-OGA2" duration="00:00:01.1620000" startTime="2025-05-14T13:20:31.3146610Z" endTime="2025-05-14T13:25:31.3147553Z" testType="13cdc9d9-ddb5-4fa4-a97d-d965ccfc6d4b" outcome="Inconclusive" testListId="12687d44-b051-4779-ab23-786e61b78e70" />
    <UnitTestResult executionId="ee8938f6-090b-4d1a-8aae-7c5bbf9f3aad" testId="5871f0ba-4f21-45e1-8f8f-26815014e4be" testName="Test2664" computerName="UA-LPT-OGA2" duration="00:00:00.0510000" startTime="2025-05-14T13:20:31.3146610Z" endTime="2025-05-14T13:25:31.3147553Z" testType="13cdc9d9-ddb5-4fa4-a97d-d965ccfc6d4b" outcome="Passed" testListId="12687d44-b051-4779-ab23-786e61b78e70" />
    <UnitTestResult executionId="16b20212-bf7e-4d88-ae39-8dd7f61c74db" testId="8f29a28e-92bd-45f7-aadd-99baa6176630" testName="Test2665" computerName="UA-LPT-OGA2" duration="00:00:00.0540000" startTime="2025-05-14T13:20:31.3146610Z" endTime="2025-05-14T13:25:31.3147553Z" testType="13cdc9d9-ddb5-4fa4-a97d-d965ccfc6d4b" outcome="Failed" testListId="12687d44-b051-4779-ab23-786e61b78e70">
      <Output>
        <ErrorInfo>
          <Message>Assertion failed: Expected value did not match actual value.</Message>
          <StackTrace>   at TestNamespace.TestClass.Test() in TestClass.cs:line 42</StackTrace>
        </ErrorInfo>
      </Output>
    </UnitTestResult>
    <UnitTestResult executionId="1129763c-abdd-47e6-a1db-1c224261264f" testId="09ba6058-eee3-4afa-9669-14668cb427c8" testName="Test2666" computerName="UA-LPT-OGA2" duration="00:00:01.8810000" startTime="2025-05-14T13:20:31.3146610Z" endTime="2025-05-14T13:25:31.3147553Z" testType="13cdc9d9-ddb5-4fa4-a97d-d965ccfc6d4b" outcome="Passed" testListId="12687d44-b051-4779-ab23-786e61b78e70" />
    <UnitTestResult executionId="46b8634f-9a05-4e97-aa9b-bde2a0a6aed0" testId="0cf66028-3a0b-4b5f-a185-60897a074d84" testName="Test2667" computerName="UA-LPT-OGA2" duration="00:00:00.2740000" startTime="2025-05-14T13:20:31.3146610Z" endTime="2025-05-14T13:25:31.3147553Z" testType="13cdc9d9-ddb5-4fa4-a97d-d965ccfc6d4b" outcome="Passed" testListId="12687d44-b051-4779-ab23-786e61b78e70" />
    <UnitTestResult executionId="8e9ac7ba-0585-46a3-b1b7-720acee515af" testId="91d3cf8c-5786-4872-a27a-594215137add" testName="Test2668" computerName="UA-LPT-OGA2" duration="00:00:00.3390000" startTime="2025-05-14T13:20:31.3146610Z" endTime="2025-05-14T13:25:31.3147553Z" testType="13cdc9d9-ddb5-4fa4-a97d-d965ccfc6d4b" outcome="Passed" testListId="12687d44-b051-4779-ab23-786e61b78e70" />
    <UnitTestResult executionId="ec182604-e736-42fc-a2cb-82cde208bbc6" testId="60039ab6-f386-4798-a171-c685b1f11f2c" testName="Test2669" computerName="UA-LPT-OGA2" duration="00:00:00.0560000" startTime="2025-05-14T13:20:31.3146610Z" endTime="2025-05-14T13:25:31.3147553Z" testType="13cdc9d9-ddb5-4fa4-a97d-d965ccfc6d4b" outcome="Passed" testListId="12687d44-b051-4779-ab23-786e61b78e70" />
    <UnitTestResult executionId="f14e2144-7d64-47f6-8e10-11cd7a35119f" testId="31f34a86-938e-4fee-b97f-3a860b733899" testName="Test2670" computerName="UA-LPT-OGA2" duration="00:00:00.7090000" startTime="2025-05-14T13:20:31.3146610Z" endTime="2025-05-14T13:25:31.3147553Z" testType="13cdc9d9-ddb5-4fa4-a97d-d965ccfc6d4b" outcome="Passed" testListId="12687d44-b051-4779-ab23-786e61b78e70" />
    <UnitTestResult executionId="525269d8-edd5-44e5-9416-57aa23fef33a" testId="ea32a8e8-2517-4d74-ac64-e5235fe3542b" testName="Test2671" computerName="UA-LPT-OGA2" duration="00:00:01.2100000" startTime="2025-05-14T13:20:31.3146610Z" endTime="2025-05-14T13:25:31.3147553Z" testType="13cdc9d9-ddb5-4fa4-a97d-d965ccfc6d4b" outcome="Passed" testListId="12687d44-b051-4779-ab23-786e61b78e70" />
    <UnitTestResult executionId="fc060083-a148-47c2-b325-ce1765198f39" testId="ac76baa9-4f5e-4ca6-a4f1-badd19ba0ef0" testName="Test2672" computerName="UA-LPT-OGA2" duration="00:00:01.3850000" startTime="2025-05-14T13:20:31.3146610Z" endTime="2025-05-14T13:25:31.3147553Z" testType="13cdc9d9-ddb5-4fa4-a97d-d965ccfc6d4b" outcome="Passed" testListId="12687d44-b051-4779-ab23-786e61b78e70" />
    <UnitTestResult executionId="a953cd81-6f0e-4d67-a4a8-905a69d030c3" testId="c34ebe09-14db-4261-a16f-3d35161e61e1" testName="Test2673" computerName="UA-LPT-OGA2" duration="00:00:01.3870000" startTime="2025-05-14T13:20:31.3146610Z" endTime="2025-05-14T13:25:31.3147553Z" testType="13cdc9d9-ddb5-4fa4-a97d-d965ccfc6d4b" outcome="Passed" testListId="12687d44-b051-4779-ab23-786e61b78e70" />
    <UnitTestResult executionId="e3fa2676-0dd5-4cbf-bb31-f6d4d0cc9c1e" testId="ce1f394c-0adf-47f9-9a8d-c57a9ca2d759" testName="Test2674" computerName="UA-LPT-OGA2" duration="00:00:00.4870000" startTime="2025-05-14T13:20:31.3146610Z" endTime="2025-05-14T13:25:31.3147553Z" testType="13cdc9d9-ddb5-4fa4-a97d-d965ccfc6d4b" outcome="Passed" testListId="12687d44-b051-4779-ab23-786e61b78e70" />
    <UnitTestResult executionId="2db92074-7298-497e-91b5-1cbcbddab3a8" testId="b36449b8-a98d-4aba-9120-529ee3e101c8" testName="Test2675" computerName="UA-LPT-OGA2" duration="00:00:00.4010000" startTime="2025-05-14T13:20:31.3146610Z" endTime="2025-05-14T13:25:31.3147553Z" testType="13cdc9d9-ddb5-4fa4-a97d-d965ccfc6d4b" outcome="Passed" testListId="12687d44-b051-4779-ab23-786e61b78e70" />
    <UnitTestResult executionId="f342285b-a0f7-42eb-84ba-c4002dba223f" testId="696aeac4-23da-4981-a630-1cfc0ec18a00" testName="Test2676" computerName="UA-LPT-OGA2" duration="00:00:01.0890000" startTime="2025-05-14T13:20:31.3146610Z" endTime="2025-05-14T13:25:31.3147553Z" testType="13cdc9d9-ddb5-4fa4-a97d-d965ccfc6d4b" outcome="Passed" testListId="12687d44-b051-4779-ab23-786e61b78e70" />
    <UnitTestResult executionId="94aba4cc-8896-422e-920e-be41728a6d31" testId="da0a48b3-3e49-46c5-b78e-8619febbc747" testName="Test2677" computerName="UA-LPT-OGA2" duration="00:00:01.3450000" startTime="2025-05-14T13:20:31.3146610Z" endTime="2025-05-14T13:25:31.3147553Z" testType="13cdc9d9-ddb5-4fa4-a97d-d965ccfc6d4b" outcome="Passed" testListId="12687d44-b051-4779-ab23-786e61b78e70" />
    <UnitTestResult executionId="ff8fd40d-212d-4023-8abb-dd4f8afac5ba" testId="93a9f313-e141-4032-8862-acbf60f679bf" testName="Test2678" computerName="UA-LPT-OGA2" duration="00:00:00.0730000" startTime="2025-05-14T13:20:31.3146610Z" endTime="2025-05-14T13:25:31.3147553Z" testType="13cdc9d9-ddb5-4fa4-a97d-d965ccfc6d4b" outcome="Passed" testListId="12687d44-b051-4779-ab23-786e61b78e70" />
    <UnitTestResult executionId="4cc32868-12f4-4335-b750-50f417561bbb" testId="7e152426-3965-4476-a2f1-cc4fc4a5f4ef" testName="Test2679" computerName="UA-LPT-OGA2" duration="00:00:00.4980000" startTime="2025-05-14T13:20:31.3146610Z" endTime="2025-05-14T13:25:31.3147553Z" testType="13cdc9d9-ddb5-4fa4-a97d-d965ccfc6d4b" outcome="Passed" testListId="12687d44-b051-4779-ab23-786e61b78e70" />
    <UnitTestResult executionId="0ba28684-4f60-425d-b859-7b46fe6a251a" testId="a8de1ed1-7057-48d8-a89b-b5a93d6c450a" testName="Test2680" computerName="UA-LPT-OGA2" duration="00:00:01.5470000" startTime="2025-05-14T13:20:31.3146610Z" endTime="2025-05-14T13:25:31.3147553Z" testType="13cdc9d9-ddb5-4fa4-a97d-d965ccfc6d4b" outcome="Passed" testListId="12687d44-b051-4779-ab23-786e61b78e70" />
    <UnitTestResult executionId="ebd84e5c-7309-4160-9bbe-612a56d2365f" testId="840392b5-a6cf-46cb-977e-172ea1e202e5" testName="Test2681" computerName="UA-LPT-OGA2" duration="00:00:00.2660000" startTime="2025-05-14T13:20:31.3146610Z" endTime="2025-05-14T13:25:31.3147553Z" testType="13cdc9d9-ddb5-4fa4-a97d-d965ccfc6d4b" outcome="Failed" testListId="12687d44-b051-4779-ab23-786e61b78e70">
      <Output>
        <ErrorInfo>
          <Message>Assertion failed: Expected value did not match actual value.</Message>
          <StackTrace>   at TestNamespace.TestClass.Test() in TestClass.cs:line 127</StackTrace>
        </ErrorInfo>
      </Output>
    </UnitTestResult>
    <UnitTestResult executionId="4443fa04-f0cf-4235-b864-764566b591c8" testId="3a0ec507-ab5f-4217-9166-c1badbe78cd1" testName="Test2682" computerName="UA-LPT-OGA2" duration="00:00:01.0450000" startTime="2025-05-14T13:20:31.3146610Z" endTime="2025-05-14T13:25:31.3147553Z" testType="13cdc9d9-ddb5-4fa4-a97d-d965ccfc6d4b" outcome="Passed" testListId="12687d44-b051-4779-ab23-786e61b78e70" />
    <UnitTestResult executionId="9bd24ebc-caff-404f-a200-bd2535168f01" testId="551a7476-2691-4798-9e28-5f3217ac130f" testName="Test2683" computerName="UA-LPT-OGA2" duration="00:00:00.6270000" startTime="2025-05-14T13:20:31.3146610Z" endTime="2025-05-14T13:25:31.3147553Z" testType="13cdc9d9-ddb5-4fa4-a97d-d965ccfc6d4b" outcome="Passed" testListId="12687d44-b051-4779-ab23-786e61b78e70" />
    <UnitTestResult executionId="fe1df321-ab91-4eb7-9501-ce16b72fc1c0" testId="fb1bf338-7c46-4492-8bdc-fc5cf678de3b" testName="Test2684" computerName="UA-LPT-OGA2" duration="00:00:00.8680000" startTime="2025-05-14T13:20:31.3146610Z" endTime="2025-05-14T13:25:31.3147553Z" testType="13cdc9d9-ddb5-4fa4-a97d-d965ccfc6d4b" outcome="Passed" testListId="12687d44-b051-4779-ab23-786e61b78e70" />
    <UnitTestResult executionId="bc9f7ec6-f6f2-4d74-95a8-1088e0afa029" testId="3848b9c5-ed8e-43d8-8ace-2fe33aac03bf" testName="Test2685" computerName="UA-LPT-OGA2" duration="00:00:00.6390000" startTime="2025-05-14T13:20:31.3146610Z" endTime="2025-05-14T13:25:31.3147553Z" testType="13cdc9d9-ddb5-4fa4-a97d-d965ccfc6d4b" outcome="Passed" testListId="12687d44-b051-4779-ab23-786e61b78e70" />
    <UnitTestResult executionId="2fbdc7f2-ec3b-4e09-9d98-d613dacf8486" testId="1fb19cdf-f0c3-4a19-bd2c-11bfdf91da80" testName="Test2686" computerName="UA-LPT-OGA2" duration="00:00:00.0720000" startTime="2025-05-14T13:20:31.3146610Z" endTime="2025-05-14T13:25:31.3147553Z" testType="13cdc9d9-ddb5-4fa4-a97d-d965ccfc6d4b" outcome="Passed" testListId="12687d44-b051-4779-ab23-786e61b78e70" />
    <UnitTestResult executionId="09b70854-0c1e-470c-a864-9ece9f646e7d" testId="39582fc0-ffbb-4802-a453-ae7ad3e454ea" testName="Test2687" computerName="UA-LPT-OGA2" duration="00:00:00.1400000" startTime="2025-05-14T13:20:31.3146610Z" endTime="2025-05-14T13:25:31.3147553Z" testType="13cdc9d9-ddb5-4fa4-a97d-d965ccfc6d4b" outcome="Failed" testListId="12687d44-b051-4779-ab23-786e61b78e70">
      <Output>
        <ErrorInfo>
          <Message>Assertion failed: Expected value did not match actual value.</Message>
          <StackTrace>   at TestNamespace.TestClass.Test() in TestClass.cs:line 50</StackTrace>
        </ErrorInfo>
      </Output>
    </UnitTestResult>
    <UnitTestResult executionId="853750e5-f939-4a85-8509-21314e237d89" testId="9f76c0ab-f3e7-46ce-80cf-2581eef0fe19" testName="Test2688" computerName="UA-LPT-OGA2" duration="00:00:00.1780000" startTime="2025-05-14T13:20:31.3146610Z" endTime="2025-05-14T13:25:31.3147553Z" testType="13cdc9d9-ddb5-4fa4-a97d-d965ccfc6d4b" outcome="Passed" testListId="12687d44-b051-4779-ab23-786e61b78e70" />
    <UnitTestResult executionId="b2349937-a9ad-4a28-9cfb-6ce891ad9d8b" testId="30aee1bb-47d7-4e8d-878d-e4cddc533e49" testName="Test2689" computerName="UA-LPT-OGA2" duration="00:00:01.7370000" startTime="2025-05-14T13:20:31.3146610Z" endTime="2025-05-14T13:25:31.3147553Z" testType="13cdc9d9-ddb5-4fa4-a97d-d965ccfc6d4b" outcome="Passed" testListId="12687d44-b051-4779-ab23-786e61b78e70" />
    <UnitTestResult executionId="176a9176-8c54-453d-8dee-6ed83c2ed8af" testId="feed970c-a754-4a29-9274-2f0019dcf50f" testName="Test2690" computerName="UA-LPT-OGA2" duration="00:00:00.7570000" startTime="2025-05-14T13:20:31.3146610Z" endTime="2025-05-14T13:25:31.3147553Z" testType="13cdc9d9-ddb5-4fa4-a97d-d965ccfc6d4b" outcome="Passed" testListId="12687d44-b051-4779-ab23-786e61b78e70" />
    <UnitTestResult executionId="6de463de-1238-4110-a252-ef23a7f9ecc9" testId="0a7291d2-27d5-4f0a-a7fc-ca822bf4b7f0" testName="Test2691" computerName="UA-LPT-OGA2" duration="00:00:01.1490000" startTime="2025-05-14T13:20:31.3146610Z" endTime="2025-05-14T13:25:31.3147553Z" testType="13cdc9d9-ddb5-4fa4-a97d-d965ccfc6d4b" outcome="Failed" testListId="12687d44-b051-4779-ab23-786e61b78e70">
      <Output>
        <ErrorInfo>
          <Message>Assertion failed: Expected value did not match actual value.</Message>
          <StackTrace>   at TestNamespace.TestClass.Test() in TestClass.cs:line 10</StackTrace>
        </ErrorInfo>
      </Output>
    </UnitTestResult>
    <UnitTestResult executionId="02d26048-d665-46cf-8f97-56d5b9350fb0" testId="bad8c7d4-3d79-4ed2-ac18-092f98172b14" testName="Test2692" computerName="UA-LPT-OGA2" duration="00:00:00.1230000" startTime="2025-05-14T13:20:31.3146610Z" endTime="2025-05-14T13:25:31.3147553Z" testType="13cdc9d9-ddb5-4fa4-a97d-d965ccfc6d4b" outcome="Passed" testListId="12687d44-b051-4779-ab23-786e61b78e70" />
    <UnitTestResult executionId="1feed89e-f602-423e-b867-dae2983db6db" testId="622b51bf-a2f8-4f9d-a95c-a3ff678fcaf7" testName="Test2693" computerName="UA-LPT-OGA2" duration="00:00:00.6260000" startTime="2025-05-14T13:20:31.3146610Z" endTime="2025-05-14T13:25:31.3147553Z" testType="13cdc9d9-ddb5-4fa4-a97d-d965ccfc6d4b" outcome="Failed" testListId="12687d44-b051-4779-ab23-786e61b78e70">
      <Output>
        <ErrorInfo>
          <Message>Assertion failed: Expected value did not match actual value.</Message>
          <StackTrace>   at TestNamespace.TestClass.Test() in TestClass.cs:line 241</StackTrace>
        </ErrorInfo>
      </Output>
    </UnitTestResult>
    <UnitTestResult executionId="3f20d426-3201-43fc-b9e8-247f2346423d" testId="25f7f3a9-12c6-4508-bef9-fe1f4a11a2cb" testName="Test2694" computerName="UA-LPT-OGA2" duration="00:00:00.7660000" startTime="2025-05-14T13:20:31.3146610Z" endTime="2025-05-14T13:25:31.3147553Z" testType="13cdc9d9-ddb5-4fa4-a97d-d965ccfc6d4b" outcome="Failed" testListId="12687d44-b051-4779-ab23-786e61b78e70">
      <Output>
        <ErrorInfo>
          <Message>Assertion failed: Expected value did not match actual value.</Message>
          <StackTrace>   at TestNamespace.TestClass.Test() in TestClass.cs:line 376</StackTrace>
        </ErrorInfo>
      </Output>
    </UnitTestResult>
    <UnitTestResult executionId="db4668da-51af-4142-b416-34682c191456" testId="76bc9516-5090-41e9-86c7-5ebb48aacc0c" testName="Test2695" computerName="UA-LPT-OGA2" duration="00:00:01.3130000" startTime="2025-05-14T13:20:31.3146610Z" endTime="2025-05-14T13:25:31.3147553Z" testType="13cdc9d9-ddb5-4fa4-a97d-d965ccfc6d4b" outcome="Passed" testListId="12687d44-b051-4779-ab23-786e61b78e70" />
    <UnitTestResult executionId="6798c978-46f6-4b9c-9cc0-820cb7a97c7d" testId="e7aeb41f-471f-439a-a5a6-d3d5ff2c0431" testName="Test2696" computerName="UA-LPT-OGA2" duration="00:00:01.9350000" startTime="2025-05-14T13:20:31.3146610Z" endTime="2025-05-14T13:25:31.3147553Z" testType="13cdc9d9-ddb5-4fa4-a97d-d965ccfc6d4b" outcome="Passed" testListId="12687d44-b051-4779-ab23-786e61b78e70" />
    <UnitTestResult executionId="babf188c-14d1-4cad-bacd-968a66b0bf0c" testId="b1d1465a-ddeb-4b91-a2e8-8218b1059b3b" testName="Test2697" computerName="UA-LPT-OGA2" duration="00:00:01.7560000" startTime="2025-05-14T13:20:31.3146610Z" endTime="2025-05-14T13:25:31.3147553Z" testType="13cdc9d9-ddb5-4fa4-a97d-d965ccfc6d4b" outcome="Passed" testListId="12687d44-b051-4779-ab23-786e61b78e70" />
    <UnitTestResult executionId="6a4a2886-4e43-427d-8395-7fc3cfadbedf" testId="426ad996-8f1a-4ad8-9035-bbfb37a89f6c" testName="Test2698" computerName="UA-LPT-OGA2" duration="00:00:00.7350000" startTime="2025-05-14T13:20:31.3146610Z" endTime="2025-05-14T13:25:31.3147553Z" testType="13cdc9d9-ddb5-4fa4-a97d-d965ccfc6d4b" outcome="Passed" testListId="12687d44-b051-4779-ab23-786e61b78e70" />
    <UnitTestResult executionId="b86ce19d-0d2d-4420-8392-80ca407bc617" testId="5a32e76f-bea2-4c4b-8ba6-a9c6892ccbe0" testName="Test2699" computerName="UA-LPT-OGA2" duration="00:00:01.6630000" startTime="2025-05-14T13:20:31.3146610Z" endTime="2025-05-14T13:25:31.3147553Z" testType="13cdc9d9-ddb5-4fa4-a97d-d965ccfc6d4b" outcome="Passed" testListId="12687d44-b051-4779-ab23-786e61b78e70" />
    <UnitTestResult executionId="e75eeb39-4c24-436a-9b94-bc76177bc048" testId="cf6264a3-32df-4be8-8e00-3a10f3b73467" testName="Test2700" computerName="UA-LPT-OGA2" duration="00:00:00.5470000" startTime="2025-05-14T13:20:31.3146610Z" endTime="2025-05-14T13:25:31.3147553Z" testType="13cdc9d9-ddb5-4fa4-a97d-d965ccfc6d4b" outcome="Passed" testListId="12687d44-b051-4779-ab23-786e61b78e70" />
  </Results>
  <TestDefinitions>
    <UnitTest name="Test2601" id="20b38a2c-2a7b-4ff5-aa21-3a5d7ddd4599" storage="TestAssembly.dll">
      <Execution id="d1303535-3bf2-4298-ae86-aee1ec471359" />
      <TestMethod codeBase="TestAssembly.dll" className="TestNamespace.TestClass1" name="Test2601" />
    </UnitTest>
    <UnitTest name="Test2602" id="09d0bcc1-a007-4258-bc1d-45af77155183" storage="TestAssembly.dll">
      <Execution id="c1b37af1-f158-4bb6-ad75-58a2c5396a1c" />
      <TestMethod codeBase="TestAssembly.dll" className="TestNamespace.TestClass1" name="Test2602" />
    </UnitTest>
    <UnitTest name="Test2603" id="b74d01e0-04eb-424d-9f5d-b6f389de0e3e" storage="TestAssembly.dll">
      <Execution id="e05c50e2-a1f8-45c5-8a98-e22ba1101b59" />
      <TestMethod codeBase="TestAssembly.dll" className="TestNamespace.TestClass1" name="Test2603" />
    </UnitTest>
    <UnitTest name="Test2604" id="2e40a27b-05ee-4a99-b4c0-36329a58444c" storage="TestAssembly.dll">
      <Execution id="57056441-d9e3-4816-b907-f15f3c9d8dba" />
      <TestMethod codeBase="TestAssembly.dll" className="TestNamespace.TestClass1" name="Test2604" />
    </UnitTest>
    <UnitTest name="Test2605" id="006d43bd-1526-4787-81f9-2034533c6dc2" storage="TestAssembly.dll">
      <Execution id="0716aa5f-a3b2-4f9d-8e46-5223d5809417" />
      <TestMethod codeBase="TestAssembly.dll" className="TestNamespace.TestClass1" name="Test2605" />
    </UnitTest>
    <UnitTest name="Test2606" id="9e68869b-bcb2-4b2d-a511-20c0a5ec2d72" storage="TestAssembly.dll">
      <Execution id="f54a24ec-ca9e-48ee-a5d7-befbdcbc86bb" />
      <TestMethod codeBase="TestAssembly.dll" className="TestNamespace.TestClass1" name="Test2606" />
    </UnitTest>
    <UnitTest name="Test2607" id="19146e0c-12fd-42a7-93a2-25f3f3e31153" storage="TestAssembly.dll">
      <Execution id="1eb0605b-4b54-403f-a261-f800afb226f5" />
      <TestMethod codeBase="TestAssembly.dll" className="TestNamespace.TestClass1" name="Test2607" />
    </UnitTest>
    <UnitTest name="Test2608" id="06229523-8665-456d-8f98-07f90286952a" storage="TestAssembly.dll">
      <Execution id="02eff9ef-cd41-4ca4-b34a-fb515126a185" />
      <TestMethod codeBase="TestAssembly.dll" className="TestNamespace.TestClass1" name="Test2608" />
    </UnitTest>
    <UnitTest name="Test2609" id="715992fe-7c80-44e1-8064-759c9bf2e6c1" storage="TestAssembly.dll">
      <Execution id="628faa82-8161-4f99-be17-bbb24498ea75" />
      <TestMethod codeBase="TestAssembly.dll" className="TestNamespace.TestClass1" name="Test2609" />
    </UnitTest>
    <UnitTest name="Test2610" id="d375ee1b-f2c4-4190-b9b4-fe6408a43ee5" storage="TestAssembly.dll">
      <Execution id="b13a9980-f02e-430a-b658-b01955597687" />
      <TestMethod codeBase="TestAssembly.dll" className="TestNamespace.TestClass1" name="Test2610" />
    </UnitTest>
    <UnitTest name="Test2611" id="bd504540-3b8f-4682-84f1-955cc2cf19f6" storage="TestAssembly.dll">
      <Execution id="34889ad6-fd13-4102-98c5-b691a7e1f21e" />
      <TestMethod codeBase="TestAssembly.dll" className="TestNamespace.TestClass2" name="Test2611" />
    </UnitTest>
    <UnitTest name="Test2612" id="eec84061-8f6d-46af-be85-23e2f0b87c8f" storage="TestAssembly.dll">
      <Execution id="03002b25-a8b0-4a20-be21-060f32985b6b" />
      <TestMethod codeBase="TestAssembly.dll" className="TestNamespace.TestClass2" name="Test2612" />
    </UnitTest>
    <UnitTest name="Test2613" id="3851f424-b250-472f-86ce-eb5d29393c87" storage="TestAssembly.dll">
      <Execution id="daa68d58-983e-4a0b-93fa-ebabbe314c3a" />
      <TestMethod codeBase="TestAssembly.dll" className="TestNamespace.TestClass2" name="Test2613" />
    </UnitTest>
    <UnitTest name="Test2614" id="5f232114-0008-4189-8dfa-bd5fc06918cc" storage="TestAssembly.dll">
      <Execution id="f52729f5-16d2-409e-8123-c4f65ef27416" />
      <TestMethod codeBase="TestAssembly.dll" className="TestNamespace.TestClass2" name="Test2614" />
    </UnitTest>
    <UnitTest name="Test2615" id="fbbf70b9-9fec-46a3-8805-b64e1d6bb4cf" storage="TestAssembly.dll">
      <Execution id="770d4076-7455-4efc-bb28-047c7ad42d2c" />
      <TestMethod codeBase="TestAssembly.dll" className="TestNamespace.TestClass2" name="Test2615" />
    </UnitTest>
    <UnitTest name="Test2616" id="6b8b1bbb-0f79-4397-8dfe-755babf4eaf3" storage="TestAssembly.dll">
      <Execution id="dfae975e-ed11-4aa2-91c1-6cf102f0ac9d" />
      <TestMethod codeBase="TestAssembly.dll" className="TestNamespace.TestClass2" name="Test2616" />
    </UnitTest>
    <UnitTest name="Test2617" id="ee8a76b2-43b7-44c3-b565-25ef7daf07e0" storage="TestAssembly.dll">
      <Execution id="dd35bc90-3e19-4797-bc65-a6f361053d75" />
      <TestMethod codeBase="TestAssembly.dll" className="TestNamespace.TestClass2" name="Test2617" />
    </UnitTest>
    <UnitTest name="Test2618" id="9f2ed543-0b91-41d9-a977-8bc86add38f4" storage="TestAssembly.dll">
      <Execution id="c2cd7e9a-7d11-4b2a-a2be-d21045bb7240" />
      <TestMethod codeBase="TestAssembly.dll" className="TestNamespace.TestClass2" name="Test2618" />
    </UnitTest>
    <UnitTest name="Test2619" id="1de33d7a-598e-4e67-965d-469bf45850c4" storage="TestAssembly.dll">
      <Execution id="f8e1bfc8-4a24-41da-9889-8490925ab667" />
      <TestMethod codeBase="TestAssembly.dll" className="TestNamespace.TestClass2" name="Test2619" />
    </UnitTest>
    <UnitTest name="Test2620" id="de041a23-d575-4a6f-9ce4-b5e495408439" storage="TestAssembly.dll">
      <Execution id="937e5aaf-7f4b-4954-9506-531da26c0de4" />
      <TestMethod codeBase="TestAssembly.dll" className="TestNamespace.TestClass2" name="Test2620" />
    </UnitTest>
    <UnitTest name="Test2621" id="3bccbe7d-6eb1-4831-93e7-2f151ddd7d48" storage="TestAssembly.dll">
      <Execution id="0b69d31e-ae3b-4ba9-874a-0adc58467565" />
      <TestMethod codeBase="TestAssembly.dll" className="TestNamespace.TestClass3" name="Test2621" />
    </UnitTest>
    <UnitTest name="Test2622" id="12ee23ed-67de-46f2-97b0-a420ba90627b" storage="TestAssembly.dll">
      <Execution id="87e4ef5c-738e-4a35-ac9a-a1ab86996287" />
      <TestMethod codeBase="TestAssembly.dll" className="TestNamespace.TestClass3" name="Test2622" />
    </UnitTest>
    <UnitTest name="Test2623" id="5ce0dee9-61a4-4551-97a1-5a7d86faccb7" storage="TestAssembly.dll">
      <Execution id="833892e5-ce7e-4ff3-b934-938a5b4e97ce" />
      <TestMethod codeBase="TestAssembly.dll" className="TestNamespace.TestClass3" name="Test2623" />
    </UnitTest>
    <UnitTest name="Test2624" id="960c57ff-42c4-4039-ae9a-2affff6f3707" storage="TestAssembly.dll">
      <Execution id="57ea1c51-d16e-4c24-865c-82e0c5140624" />
      <TestMethod codeBase="TestAssembly.dll" className="TestNamespace.TestClass3" name="Test2624" />
    </UnitTest>
    <UnitTest name="Test2625" id="08ab3bc0-7b2f-44c0-9354-45150c67b368" storage="TestAssembly.dll">
      <Execution id="4e283da5-e4f6-4e8d-b4a0-c234034deb43" />
      <TestMethod codeBase="TestAssembly.dll" className="TestNamespace.TestClass3" name="Test2625" />
    </UnitTest>
    <UnitTest name="Test2626" id="f30d3ca2-cca0-46f9-901a-2208e501b9cd" storage="TestAssembly.dll">
      <Execution id="dd1e3437-b178-48bc-8eb3-ddcabd3fb3c0" />
      <TestMethod codeBase="TestAssembly.dll" className="TestNamespace.TestClass3" name="Test2626" />
    </UnitTest>
    <UnitTest name="Test2627" id="3b99fd22-f1d0-4cae-8f7e-357bee6b2a6b" storage="TestAssembly.dll">
      <Execution id="aca62aa5-b6e0-458e-aaee-4af2e43c04ff" />
      <TestMethod codeBase="TestAssembly.dll" className="TestNamespace.TestClass3" name="Test2627" />
    </UnitTest>
    <UnitTest name="Test2628" id="9a5aaf50-c34a-4c39-9fef-62f98fd100e1" storage="TestAssembly.dll">
      <Execution id="7acce416-ac61-4fe3-a76d-9cfba07ade60" />
      <TestMethod codeBase="TestAssembly.dll" className="TestNamespace.TestClass3" name="Test2628" />
    </UnitTest>
    <UnitTest name="Test2629" id="bee57301-f9ab-44ba-8ab5-281903ffc339" storage="TestAssembly.dll">
      <Execution id="48e38af1-7158-48ce-aa0f-2478d14d6804" />
      <TestMethod codeBase="TestAssembly.dll" className="TestNamespace.TestClass3" name="Test2629" />
    </UnitTest>
    <UnitTest name="Test2630" id="dbe95223-24b7-4001-87b1-804f2e449319" storage="TestAssembly.dll">
      <Execution id="91a821ab-55b1-4119-9e2f-89ef62e79d33" />
      <TestMethod codeBase="TestAssembly.dll" className="TestNamespace.TestClass3" name="Test2630" />
    </UnitTest>
    <UnitTest name="Test2631" id="be92f244-4a32-4002-85b4-5cc4a8dc4d2c" storage="TestAssembly.dll">
      <Execution id="0e12694f-d478-4375-a401-0ad8a458256e" />
      <TestMethod codeBase="TestAssembly.dll" className="TestNamespace.TestClass4" name="Test2631" />
    </UnitTest>
    <UnitTest name="Test2632" id="45439e8d-0b0c-44b0-87e9-8917554cc6f4" storage="TestAssembly.dll">
      <Execution id="90af07e1-f657-4b6d-bf32-50bf2b5f1c9f" />
      <TestMethod codeBase="TestAssembly.dll" className="TestNamespace.TestClass4" name="Test2632" />
    </UnitTest>
    <UnitTest name="Test2633" id="54157ebc-4a3c-44ed-9c5e-dd9be89adb7e" storage="TestAssembly.dll">
      <Execution id="7406d204-1878-434f-8333-4231d3f60d51" />
      <TestMethod codeBase="TestAssembly.dll" className="TestNamespace.TestClass4" name="Test2633" />
    </UnitTest>
    <UnitTest name="Test2634" id="510e9a77-bac4-4b2e-ad7f-6aef79bbe843" storage="TestAssembly.dll">
      <Execution id="81d7523a-43e0-48a8-a892-9bc9105a7e52" />
      <TestMethod codeBase="TestAssembly.dll" className="TestNamespace.TestClass4" name="Test2634" />
    </UnitTest>
    <UnitTest name="Test2635" id="a66d1579-4b3f-4435-84ed-d0d2f3c9b57f" storage="TestAssembly.dll">
      <Execution id="4a9f787a-77a4-4d99-8b07-1c7dfe05afc3" />
      <TestMethod codeBase="TestAssembly.dll" className="TestNamespace.TestClass4" name="Test2635" />
    </UnitTest>
    <UnitTest name="Test2636" id="794f2ecb-ad51-4089-aea8-f1c34ca0cc8c" storage="TestAssembly.dll">
      <Execution id="feb27068-d987-4c6c-9541-3876fdf165c5" />
      <TestMethod codeBase="TestAssembly.dll" className="TestNamespace.TestClass4" name="Test2636" />
    </UnitTest>
    <UnitTest name="Test2637" id="10557853-5841-4c9b-a472-750d600bc200" storage="TestAssembly.dll">
      <Execution id="d8034461-3551-48fe-b3bb-e37e2f219266" />
      <TestMethod codeBase="TestAssembly.dll" className="TestNamespace.TestClass4" name="Test2637" />
    </UnitTest>
    <UnitTest name="Test2638" id="2a33f8c3-33ff-4444-8136-77f598e61fd1" storage="TestAssembly.dll">
      <Execution id="a6fcddc3-22b8-4dfa-8747-5f4daca693b7" />
      <TestMethod codeBase="TestAssembly.dll" className="TestNamespace.TestClass4" name="Test2638" />
    </UnitTest>
    <UnitTest name="Test2639" id="2f72a472-b1e5-4e37-a65e-3229cd4672c0" storage="TestAssembly.dll">
      <Execution id="fb0d33b1-76ba-4d51-acf2-656df590ed26" />
      <TestMethod codeBase="TestAssembly.dll" className="TestNamespace.TestClass4" name="Test2639" />
    </UnitTest>
    <UnitTest name="Test2640" id="206f299a-7d0f-4779-88dd-8109ac3f86d3" storage="TestAssembly.dll">
      <Execution id="048fb051-c436-49fc-beb3-5c786c78ad20" />
      <TestMethod codeBase="TestAssembly.dll" className="TestNamespace.TestClass4" name="Test2640" />
    </UnitTest>
    <UnitTest name="Test2641" id="46dd2a28-bdf4-4707-b401-681df53573bc" storage="TestAssembly.dll">
      <Execution id="5f7b6527-5c57-4145-b584-e074d9000be1" />
      <TestMethod codeBase="TestAssembly.dll" className="TestNamespace.TestClass5" name="Test2641" />
    </UnitTest>
    <UnitTest name="Test2642" id="e5f14fda-8371-421c-96fe-d4ac73675f5d" storage="TestAssembly.dll">
      <Execution id="b9ec8dad-a3f9-4fbf-9c00-df602ea3c3fc" />
      <TestMethod codeBase="TestAssembly.dll" className="TestNamespace.TestClass5" name="Test2642" />
    </UnitTest>
    <UnitTest name="Test2643" id="dff2f9c8-f9b7-40a6-b82a-2539129f9d94" storage="TestAssembly.dll">
      <Execution id="0ee5bb1c-b45d-4c15-867b-80fc9f65ba2e" />
      <TestMethod codeBase="TestAssembly.dll" className="TestNamespace.TestClass5" name="Test2643" />
    </UnitTest>
    <UnitTest name="Test2644" id="04682c0a-a7ed-4a2a-9ac4-74445cbf7fd1" storage="TestAssembly.dll">
      <Execution id="6a6fa489-f8a9-49be-a4cd-755e37c1cdb5" />
      <TestMethod codeBase="TestAssembly.dll" className="TestNamespace.TestClass5" name="Test2644" />
    </UnitTest>
    <UnitTest name="Test2645" id="dcd7ed19-0961-4601-994f-4a053d4b96de" storage="TestAssembly.dll">
      <Execution id="3f600e08-58b1-4ef4-b7ef-3edfd639ee4c" />
      <TestMethod codeBase="TestAssembly.dll" className="TestNamespace.TestClass5" name="Test2645" />
    </UnitTest>
    <UnitTest name="Test2646" id="339291be-9f52-405e-a446-7ecbc5a1b715" storage="TestAssembly.dll">
      <Execution id="4eac3354-f92a-43bc-882f-ea1ce0e00941" />
      <TestMethod codeBase="TestAssembly.dll" className="TestNamespace.TestClass5" name="Test2646" />
    </UnitTest>
    <UnitTest name="Test2647" id="7d4f5c02-719a-4f22-928a-9b14987e13ba" storage="TestAssembly.dll">
      <Execution id="95cd8e8d-2803-4d35-ad84-047fc9f2e0c8" />
      <TestMethod codeBase="TestAssembly.dll" className="TestNamespace.TestClass5" name="Test2647" />
    </UnitTest>
    <UnitTest name="Test2648" id="cc01c799-a6da-4aba-80d9-df05236285bc" storage="TestAssembly.dll">
      <Execution id="6727c513-e724-4973-afb9-4b1a464628c3" />
      <TestMethod codeBase="TestAssembly.dll" className="TestNamespace.TestClass5" name="Test2648" />
    </UnitTest>
    <UnitTest name="Test2649" id="bc2ca3d2-7dd3-404b-91cb-d13d36da0c00" storage="TestAssembly.dll">
      <Execution id="f87c55a2-161d-4bff-89c8-d41f1be08a03" />
      <TestMethod codeBase="TestAssembly.dll" className="TestNamespace.TestClass5" name="Test2649" />
    </UnitTest>
    <UnitTest name="Test2650" id="0eadab72-bcef-4fdc-85bc-82486bd9ab77" storage="TestAssembly.dll">
      <Execution id="8541a62e-bc09-4d73-9d95-352c38cfd7c3" />
      <TestMethod codeBase="TestAssembly.dll" className="TestNamespace.TestClass5" name="Test2650" />
    </UnitTest>
    <UnitTest name="Test2651" id="d5792762-1238-4312-9dc0-7084682d2263" storage="TestAssembly.dll">
      <Execution id="87d04f88-88d3-47b2-ba4a-36b91152d317" />
      <TestMethod codeBase="TestAssembly.dll" className="TestNamespace.TestClass6" name="Test2651" />
    </UnitTest>
    <UnitTest name="Test2652" id="ac818126-aff2-4a1e-b9a5-4fc1405c1830" storage="TestAssembly.dll">
      <Execution id="448bb7ca-073e-4016-9250-2330e637e02b" />
      <TestMethod codeBase="TestAssembly.dll" className="TestNamespace.TestClass6" name="Test2652" />
    </UnitTest>
    <UnitTest name="Test2653" id="46a83488-1473-4ecd-a1bf-528ef03475c4" storage="TestAssembly.dll">
      <Execution id="81ce684d-253f-4259-8555-e63bd9c3274c" />
      <TestMethod codeBase="TestAssembly.dll" className="TestNamespace.TestClass6" name="Test2653" />
    </UnitTest>
    <UnitTest name="Test2654" id="33ee774f-709a-4eb2-a495-08fc4d5c6049" storage="TestAssembly.dll">
      <Execution id="b0e5a6e9-f088-4168-9851-da2c0a743339" />
      <TestMethod codeBase="TestAssembly.dll" className="TestNamespace.TestClass6" name="Test2654" />
    </UnitTest>
    <UnitTest name="Test2655" id="e31448f6-20a2-4f23-a58a-4aa20b28092d" storage="TestAssembly.dll">
      <Execution id="7ed9f109-ee44-4f73-b2fb-11d44a2f3399" />
      <TestMethod codeBase="TestAssembly.dll" className="TestNamespace.TestClass6" name="Test2655" />
    </UnitTest>
    <UnitTest name="Test2656" id="0fa1be75-ad7d-4209-99d0-5539a5ced7c1" storage="TestAssembly.dll">
      <Execution id="58a69056-9d0f-48e9-8e91-e478454c99cc" />
      <TestMethod codeBase="TestAssembly.dll" className="TestNamespace.TestClass6" name="Test2656" />
    </UnitTest>
    <UnitTest name="Test2657" id="9b23031b-3014-417e-8d27-4f0055ea8777" storage="TestAssembly.dll">
      <Execution id="f3da0527-4b64-4249-b8de-3471a69300e8" />
      <TestMethod codeBase="TestAssembly.dll" className="TestNamespace.TestClass6" name="Test2657" />
    </UnitTest>
    <UnitTest name="Test2658" id="5cac35bd-b25e-4074-8a97-9908bbd464ea" storage="TestAssembly.dll">
      <Execution id="41faaef1-9897-4cdd-b1ab-45be5cac75b9" />
      <TestMethod codeBase="TestAssembly.dll" className="TestNamespace.TestClass6" name="Test2658" />
    </UnitTest>
    <UnitTest name="Test2659" id="a66b0f5f-57e7-475c-ad5a-d10cbdcea998" storage="TestAssembly.dll">
      <Execution id="08ad8cb3-6e32-41b9-ad2c-51ef870be934" />
      <TestMethod codeBase="TestAssembly.dll" className="TestNamespace.TestClass6" name="Test2659" />
    </UnitTest>
    <UnitTest name="Test2660" id="e3af6914-78c5-43f0-b957-f9ad9726a789" storage="TestAssembly.dll">
      <Execution id="a88294f0-ba74-49b5-b24c-ddbf217e51f7" />
      <TestMethod codeBase="TestAssembly.dll" className="TestNamespace.TestClass6" name="Test2660" />
    </UnitTest>
    <UnitTest name="Test2661" id="97eb8698-f1f6-45ad-a5d1-38a0f6861d15" storage="TestAssembly.dll">
      <Execution id="e4a9cfe6-d7da-4931-b075-a516e4a6cddc" />
      <TestMethod codeBase="TestAssembly.dll" className="TestNamespace.TestClass7" name="Test2661" />
    </UnitTest>
    <UnitTest name="Test2662" id="7e973661-789e-4013-b553-a8ddd6312e09" storage="TestAssembly.dll">
      <Execution id="515b6792-fda4-4b80-bfde-66d31a72289c" />
      <TestMethod codeBase="TestAssembly.dll" className="TestNamespace.TestClass7" name="Test2662" />
    </UnitTest>
    <UnitTest name="Test2663" id="6beb4b2d-9e39-4e50-a5ce-74f266a4706e" storage="TestAssembly.dll">
      <Execution id="06cf378d-4d3d-4918-ae34-f14f1069a6df" />
      <TestMethod codeBase="TestAssembly.dll" className="TestNamespace.TestClass7" name="Test2663" />
    </UnitTest>
    <UnitTest name="Test2664" id="5871f0ba-4f21-45e1-8f8f-26815014e4be" storage="TestAssembly.dll">
      <Execution id="ee8938f6-090b-4d1a-8aae-7c5bbf9f3aad" />
      <TestMethod codeBase="TestAssembly.dll" className="TestNamespace.TestClass7" name="Test2664" />
    </UnitTest>
    <UnitTest name="Test2665" id="8f29a28e-92bd-45f7-aadd-99baa6176630" storage="TestAssembly.dll">
      <Execution id="16b20212-bf7e-4d88-ae39-8dd7f61c74db" />
      <TestMethod codeBase="TestAssembly.dll" className="TestNamespace.TestClass7" name="Test2665" />
    </UnitTest>
    <UnitTest name="Test2666" id="09ba6058-eee3-4afa-9669-14668cb427c8" storage="TestAssembly.dll">
      <Execution id="1129763c-abdd-47e6-a1db-1c224261264f" />
      <TestMethod codeBase="TestAssembly.dll" className="TestNamespace.TestClass7" name="Test2666" />
    </UnitTest>
    <UnitTest name="Test2667" id="0cf66028-3a0b-4b5f-a185-60897a074d84" storage="TestAssembly.dll">
      <Execution id="46b8634f-9a05-4e97-aa9b-bde2a0a6aed0" />
      <TestMethod codeBase="TestAssembly.dll" className="TestNamespace.TestClass7" name="Test2667" />
    </UnitTest>
    <UnitTest name="Test2668" id="91d3cf8c-5786-4872-a27a-594215137add" storage="TestAssembly.dll">
      <Execution id="8e9ac7ba-0585-46a3-b1b7-720acee515af" />
      <TestMethod codeBase="TestAssembly.dll" className="TestNamespace.TestClass7" name="Test2668" />
    </UnitTest>
    <UnitTest name="Test2669" id="60039ab6-f386-4798-a171-c685b1f11f2c" storage="TestAssembly.dll">
      <Execution id="ec182604-e736-42fc-a2cb-82cde208bbc6" />
      <TestMethod codeBase="TestAssembly.dll" className="TestNamespace.TestClass7" name="Test2669" />
    </UnitTest>
    <UnitTest name="Test2670" id="31f34a86-938e-4fee-b97f-3a860b733899" storage="TestAssembly.dll">
      <Execution id="f14e2144-7d64-47f6-8e10-11cd7a35119f" />
      <TestMethod codeBase="TestAssembly.dll" className="TestNamespace.TestClass7" name="Test2670" />
    </UnitTest>
    <UnitTest name="Test2671" id="ea32a8e8-2517-4d74-ac64-e5235fe3542b" storage="TestAssembly.dll">
      <Execution id="525269d8-edd5-44e5-9416-57aa23fef33a" />
      <TestMethod codeBase="TestAssembly.dll" className="TestNamespace.TestClass8" name="Test2671" />
    </UnitTest>
    <UnitTest name="Test2672" id="ac76baa9-4f5e-4ca6-a4f1-badd19ba0ef0" storage="TestAssembly.dll">
      <Execution id="fc060083-a148-47c2-b325-ce1765198f39" />
      <TestMethod codeBase="TestAssembly.dll" className="TestNamespace.TestClass8" name="Test2672" />
    </UnitTest>
    <UnitTest name="Test2673" id="c34ebe09-14db-4261-a16f-3d35161e61e1" storage="TestAssembly.dll">
      <Execution id="a953cd81-6f0e-4d67-a4a8-905a69d030c3" />
      <TestMethod codeBase="TestAssembly.dll" className="TestNamespace.TestClass8" name="Test2673" />
    </UnitTest>
    <UnitTest name="Test2674" id="ce1f394c-0adf-47f9-9a8d-c57a9ca2d759" storage="TestAssembly.dll">
      <Execution id="e3fa2676-0dd5-4cbf-bb31-f6d4d0cc9c1e" />
      <TestMethod codeBase="TestAssembly.dll" className="TestNamespace.TestClass8" name="Test2674" />
    </UnitTest>
    <UnitTest name="Test2675" id="b36449b8-a98d-4aba-9120-529ee3e101c8" storage="TestAssembly.dll">
      <Execution id="2db92074-7298-497e-91b5-1cbcbddab3a8" />
      <TestMethod codeBase="TestAssembly.dll" className="TestNamespace.TestClass8" name="Test2675" />
    </UnitTest>
    <UnitTest name="Test2676" id="696aeac4-23da-4981-a630-1cfc0ec18a00" storage="TestAssembly.dll">
      <Execution id="f342285b-a0f7-42eb-84ba-c4002dba223f" />
      <TestMethod codeBase="TestAssembly.dll" className="TestNamespace.TestClass8" name="Test2676" />
    </UnitTest>
    <UnitTest name="Test2677" id="da0a48b3-3e49-46c5-b78e-8619febbc747" storage="TestAssembly.dll">
      <Execution id="94aba4cc-8896-422e-920e-be41728a6d31" />
      <TestMethod codeBase="TestAssembly.dll" className="TestNamespace.TestClass8" name="Test2677" />
    </UnitTest>
    <UnitTest name="Test2678" id="93a9f313-e141-4032-8862-acbf60f679bf" storage="TestAssembly.dll">
      <Execution id="ff8fd40d-212d-4023-8abb-dd4f8afac5ba" />
      <TestMethod codeBase="TestAssembly.dll" className="TestNamespace.TestClass8" name="Test2678" />
    </UnitTest>
    <UnitTest name="Test2679" id="7e152426-3965-4476-a2f1-cc4fc4a5f4ef" storage="TestAssembly.dll">
      <Execution id="4cc32868-12f4-4335-b750-50f417561bbb" />
      <TestMethod codeBase="TestAssembly.dll" className="TestNamespace.TestClass8" name="Test2679" />
    </UnitTest>
    <UnitTest name="Test2680" id="a8de1ed1-7057-48d8-a89b-b5a93d6c450a" storage="TestAssembly.dll">
      <Execution id="0ba28684-4f60-425d-b859-7b46fe6a251a" />
      <TestMethod codeBase="TestAssembly.dll" className="TestNamespace.TestClass8" name="Test2680" />
    </UnitTest>
    <UnitTest name="Test2681" id="840392b5-a6cf-46cb-977e-172ea1e202e5" storage="TestAssembly.dll">
      <Execution id="ebd84e5c-7309-4160-9bbe-612a56d2365f" />
      <TestMethod codeBase="TestAssembly.dll" className="TestNamespace.TestClass9" name="Test2681" />
    </UnitTest>
    <UnitTest name="Test2682" id="3a0ec507-ab5f-4217-9166-c1badbe78cd1" storage="TestAssembly.dll">
      <Execution id="4443fa04-f0cf-4235-b864-764566b591c8" />
      <TestMethod codeBase="TestAssembly.dll" className="TestNamespace.TestClass9" name="Test2682" />
    </UnitTest>
    <UnitTest name="Test2683" id="551a7476-2691-4798-9e28-5f3217ac130f" storage="TestAssembly.dll">
      <Execution id="9bd24ebc-caff-404f-a200-bd2535168f01" />
      <TestMethod codeBase="TestAssembly.dll" className="TestNamespace.TestClass9" name="Test2683" />
    </UnitTest>
    <UnitTest name="Test2684" id="fb1bf338-7c46-4492-8bdc-fc5cf678de3b" storage="TestAssembly.dll">
      <Execution id="fe1df321-ab91-4eb7-9501-ce16b72fc1c0" />
      <TestMethod codeBase="TestAssembly.dll" className="TestNamespace.TestClass9" name="Test2684" />
    </UnitTest>
    <UnitTest name="Test2685" id="3848b9c5-ed8e-43d8-8ace-2fe33aac03bf" storage="TestAssembly.dll">
      <Execution id="bc9f7ec6-f6f2-4d74-95a8-1088e0afa029" />
      <TestMethod codeBase="TestAssembly.dll" className="TestNamespace.TestClass9" name="Test2685" />
    </UnitTest>
    <UnitTest name="Test2686" id="1fb19cdf-f0c3-4a19-bd2c-11bfdf91da80" storage="TestAssembly.dll">
      <Execution id="2fbdc7f2-ec3b-4e09-9d98-d613dacf8486" />
      <TestMethod codeBase="TestAssembly.dll" className="TestNamespace.TestClass9" name="Test2686" />
    </UnitTest>
    <UnitTest name="Test2687" id="39582fc0-ffbb-4802-a453-ae7ad3e454ea" storage="TestAssembly.dll">
      <Execution id="09b70854-0c1e-470c-a864-9ece9f646e7d" />
      <TestMethod codeBase="TestAssembly.dll" className="TestNamespace.TestClass9" name="Test2687" />
    </UnitTest>
    <UnitTest name="Test2688" id="9f76c0ab-f3e7-46ce-80cf-2581eef0fe19" storage="TestAssembly.dll">
      <Execution id="853750e5-f939-4a85-8509-21314e237d89" />
      <TestMethod codeBase="TestAssembly.dll" className="TestNamespace.TestClass9" name="Test2688" />
    </UnitTest>
    <UnitTest name="Test2689" id="30aee1bb-47d7-4e8d-878d-e4cddc533e49" storage="TestAssembly.dll">
      <Execution id="b2349937-a9ad-4a28-9cfb-6ce891ad9d8b" />
      <TestMethod codeBase="TestAssembly.dll" className="TestNamespace.TestClass9" name="Test2689" />
    </UnitTest>
    <UnitTest name="Test2690" id="feed970c-a754-4a29-9274-2f0019dcf50f" storage="TestAssembly.dll">
      <Execution id="176a9176-8c54-453d-8dee-6ed83c2ed8af" />
      <TestMethod codeBase="TestAssembly.dll" className="TestNamespace.TestClass9" name="Test2690" />
    </UnitTest>
    <UnitTest name="Test2691" id="0a7291d2-27d5-4f0a-a7fc-ca822bf4b7f0" storage="TestAssembly.dll">
      <Execution id="6de463de-1238-4110-a252-ef23a7f9ecc9" />
      <TestMethod codeBase="TestAssembly.dll" className="TestNamespace.TestClass10" name="Test2691" />
    </UnitTest>
    <UnitTest name="Test2692" id="bad8c7d4-3d79-4ed2-ac18-092f98172b14" storage="TestAssembly.dll">
      <Execution id="02d26048-d665-46cf-8f97-56d5b9350fb0" />
      <TestMethod codeBase="TestAssembly.dll" className="TestNamespace.TestClass10" name="Test2692" />
    </UnitTest>
    <UnitTest name="Test2693" id="622b51bf-a2f8-4f9d-a95c-a3ff678fcaf7" storage="TestAssembly.dll">
      <Execution id="1feed89e-f602-423e-b867-dae2983db6db" />
      <TestMethod codeBase="TestAssembly.dll" className="TestNamespace.TestClass10" name="Test2693" />
    </UnitTest>
    <UnitTest name="Test2694" id="25f7f3a9-12c6-4508-bef9-fe1f4a11a2cb" storage="TestAssembly.dll">
      <Execution id="3f20d426-3201-43fc-b9e8-247f2346423d" />
      <TestMethod codeBase="TestAssembly.dll" className="TestNamespace.TestClass10" name="Test2694" />
    </UnitTest>
    <UnitTest name="Test2695" id="76bc9516-5090-41e9-86c7-5ebb48aacc0c" storage="TestAssembly.dll">
      <Execution id="db4668da-51af-4142-b416-34682c191456" />
      <TestMethod codeBase="TestAssembly.dll" className="TestNamespace.TestClass10" name="Test2695" />
    </UnitTest>
    <UnitTest name="Test2696" id="e7aeb41f-471f-439a-a5a6-d3d5ff2c0431" storage="TestAssembly.dll">
      <Execution id="6798c978-46f6-4b9c-9cc0-820cb7a97c7d" />
      <TestMethod codeBase="TestAssembly.dll" className="TestNamespace.TestClass10" name="Test2696" />
    </UnitTest>
    <UnitTest name="Test2697" id="b1d1465a-ddeb-4b91-a2e8-8218b1059b3b" storage="TestAssembly.dll">
      <Execution id="babf188c-14d1-4cad-bacd-968a66b0bf0c" />
      <TestMethod codeBase="TestAssembly.dll" className="TestNamespace.TestClass10" name="Test2697" />
    </UnitTest>
    <UnitTest name="Test2698" id="426ad996-8f1a-4ad8-9035-bbfb37a89f6c" storage="TestAssembly.dll">
      <Execution id="6a4a2886-4e43-427d-8395-7fc3cfadbedf" />
      <TestMethod codeBase="TestAssembly.dll" className="TestNamespace.TestClass10" name="Test2698" />
    </UnitTest>
    <UnitTest name="Test2699" id="5a32e76f-bea2-4c4b-8ba6-a9c6892ccbe0" storage="TestAssembly.dll">
      <Execution id="b86ce19d-0d2d-4420-8392-80ca407bc617" />
      <TestMethod codeBase="TestAssembly.dll" className="TestNamespace.TestClass10" name="Test2699" />
    </UnitTest>
    <UnitTest name="Test2700" id="cf6264a3-32df-4be8-8e00-3a10f3b73467" storage="TestAssembly.dll">
      <Execution id="e75eeb39-4c24-436a-9b94-bc76177bc048" />
      <TestMethod codeBase="TestAssembly.dll" className="TestNamespace.TestClass10" name="Test2700" />
    </UnitTest>
  </TestDefinitions>
  <TestEntries>
    <TestEntry testId="20b38a2c-2a7b-4ff5-aa21-3a5d7ddd4599" executionId="d1303535-3bf2-4298-ae86-aee1ec471359" testListId="12687d44-b051-4779-ab23-786e61b78e70" />
    <TestEntry testId="09d0bcc1-a007-4258-bc1d-45af77155183" executionId="c1b37af1-f158-4bb6-ad75-58a2c5396a1c" testListId="12687d44-b051-4779-ab23-786e61b78e70" />
    <TestEntry testId="b74d01e0-04eb-424d-9f5d-b6f389de0e3e" executionId="e05c50e2-a1f8-45c5-8a98-e22ba1101b59" testListId="12687d44-b051-4779-ab23-786e61b78e70" />
    <TestEntry testId="2e40a27b-05ee-4a99-b4c0-36329a58444c" executionId="57056441-d9e3-4816-b907-f15f3c9d8dba" testListId="12687d44-b051-4779-ab23-786e61b78e70" />
    <TestEntry testId="006d43bd-1526-4787-81f9-2034533c6dc2" executionId="0716aa5f-a3b2-4f9d-8e46-5223d5809417" testListId="12687d44-b051-4779-ab23-786e61b78e70" />
    <TestEntry testId="9e68869b-bcb2-4b2d-a511-20c0a5ec2d72" executionId="f54a24ec-ca9e-48ee-a5d7-befbdcbc86bb" testListId="12687d44-b051-4779-ab23-786e61b78e70" />
    <TestEntry testId="19146e0c-12fd-42a7-93a2-25f3f3e31153" executionId="1eb0605b-4b54-403f-a261-f800afb226f5" testListId="12687d44-b051-4779-ab23-786e61b78e70" />
    <TestEntry testId="06229523-8665-456d-8f98-07f90286952a" executionId="02eff9ef-cd41-4ca4-b34a-fb515126a185" testListId="12687d44-b051-4779-ab23-786e61b78e70" />
    <TestEntry testId="715992fe-7c80-44e1-8064-759c9bf2e6c1" executionId="628faa82-8161-4f99-be17-bbb24498ea75" testListId="12687d44-b051-4779-ab23-786e61b78e70" />
    <TestEntry testId="d375ee1b-f2c4-4190-b9b4-fe6408a43ee5" executionId="b13a9980-f02e-430a-b658-b01955597687" testListId="12687d44-b051-4779-ab23-786e61b78e70" />
    <TestEntry testId="bd504540-3b8f-4682-84f1-955cc2cf19f6" executionId="34889ad6-fd13-4102-98c5-b691a7e1f21e" testListId="12687d44-b051-4779-ab23-786e61b78e70" />
    <TestEntry testId="eec84061-8f6d-46af-be85-23e2f0b87c8f" executionId="03002b25-a8b0-4a20-be21-060f32985b6b" testListId="12687d44-b051-4779-ab23-786e61b78e70" />
    <TestEntry testId="3851f424-b250-472f-86ce-eb5d29393c87" executionId="daa68d58-983e-4a0b-93fa-ebabbe314c3a" testListId="12687d44-b051-4779-ab23-786e61b78e70" />
    <TestEntry testId="5f232114-0008-4189-8dfa-bd5fc06918cc" executionId="f52729f5-16d2-409e-8123-c4f65ef27416" testListId="12687d44-b051-4779-ab23-786e61b78e70" />
    <TestEntry testId="fbbf70b9-9fec-46a3-8805-b64e1d6bb4cf" executionId="770d4076-7455-4efc-bb28-047c7ad42d2c" testListId="12687d44-b051-4779-ab23-786e61b78e70" />
    <TestEntry testId="6b8b1bbb-0f79-4397-8dfe-755babf4eaf3" executionId="dfae975e-ed11-4aa2-91c1-6cf102f0ac9d" testListId="12687d44-b051-4779-ab23-786e61b78e70" />
    <TestEntry testId="ee8a76b2-43b7-44c3-b565-25ef7daf07e0" executionId="dd35bc90-3e19-4797-bc65-a6f361053d75" testListId="12687d44-b051-4779-ab23-786e61b78e70" />
    <TestEntry testId="9f2ed543-0b91-41d9-a977-8bc86add38f4" executionId="c2cd7e9a-7d11-4b2a-a2be-d21045bb7240" testListId="12687d44-b051-4779-ab23-786e61b78e70" />
    <TestEntry testId="1de33d7a-598e-4e67-965d-469bf45850c4" executionId="f8e1bfc8-4a24-41da-9889-8490925ab667" testListId="12687d44-b051-4779-ab23-786e61b78e70" />
    <TestEntry testId="de041a23-d575-4a6f-9ce4-b5e495408439" executionId="937e5aaf-7f4b-4954-9506-531da26c0de4" testListId="12687d44-b051-4779-ab23-786e61b78e70" />
    <TestEntry testId="3bccbe7d-6eb1-4831-93e7-2f151ddd7d48" executionId="0b69d31e-ae3b-4ba9-874a-0adc58467565" testListId="12687d44-b051-4779-ab23-786e61b78e70" />
    <TestEntry testId="12ee23ed-67de-46f2-97b0-a420ba90627b" executionId="87e4ef5c-738e-4a35-ac9a-a1ab86996287" testListId="12687d44-b051-4779-ab23-786e61b78e70" />
    <TestEntry testId="5ce0dee9-61a4-4551-97a1-5a7d86faccb7" executionId="833892e5-ce7e-4ff3-b934-938a5b4e97ce" testListId="12687d44-b051-4779-ab23-786e61b78e70" />
    <TestEntry testId="960c57ff-42c4-4039-ae9a-2affff6f3707" executionId="57ea1c51-d16e-4c24-865c-82e0c5140624" testListId="12687d44-b051-4779-ab23-786e61b78e70" />
    <TestEntry testId="08ab3bc0-7b2f-44c0-9354-45150c67b368" executionId="4e283da5-e4f6-4e8d-b4a0-c234034deb43" testListId="12687d44-b051-4779-ab23-786e61b78e70" />
    <TestEntry testId="f30d3ca2-cca0-46f9-901a-2208e501b9cd" executionId="dd1e3437-b178-48bc-8eb3-ddcabd3fb3c0" testListId="12687d44-b051-4779-ab23-786e61b78e70" />
    <TestEntry testId="3b99fd22-f1d0-4cae-8f7e-357bee6b2a6b" executionId="aca62aa5-b6e0-458e-aaee-4af2e43c04ff" testListId="12687d44-b051-4779-ab23-786e61b78e70" />
    <TestEntry testId="9a5aaf50-c34a-4c39-9fef-62f98fd100e1" executionId="7acce416-ac61-4fe3-a76d-9cfba07ade60" testListId="12687d44-b051-4779-ab23-786e61b78e70" />
    <TestEntry testId="bee57301-f9ab-44ba-8ab5-281903ffc339" executionId="48e38af1-7158-48ce-aa0f-2478d14d6804" testListId="12687d44-b051-4779-ab23-786e61b78e70" />
    <TestEntry testId="dbe95223-24b7-4001-87b1-804f2e449319" executionId="91a821ab-55b1-4119-9e2f-89ef62e79d33" testListId="12687d44-b051-4779-ab23-786e61b78e70" />
    <TestEntry testId="be92f244-4a32-4002-85b4-5cc4a8dc4d2c" executionId="0e12694f-d478-4375-a401-0ad8a458256e" testListId="12687d44-b051-4779-ab23-786e61b78e70" />
    <TestEntry testId="45439e8d-0b0c-44b0-87e9-8917554cc6f4" executionId="90af07e1-f657-4b6d-bf32-50bf2b5f1c9f" testListId="12687d44-b051-4779-ab23-786e61b78e70" />
    <TestEntry testId="54157ebc-4a3c-44ed-9c5e-dd9be89adb7e" executionId="7406d204-1878-434f-8333-4231d3f60d51" testListId="12687d44-b051-4779-ab23-786e61b78e70" />
    <TestEntry testId="510e9a77-bac4-4b2e-ad7f-6aef79bbe843" executionId="81d7523a-43e0-48a8-a892-9bc9105a7e52" testListId="12687d44-b051-4779-ab23-786e61b78e70" />
    <TestEntry testId="a66d1579-4b3f-4435-84ed-d0d2f3c9b57f" executionId="4a9f787a-77a4-4d99-8b07-1c7dfe05afc3" testListId="12687d44-b051-4779-ab23-786e61b78e70" />
    <TestEntry testId="794f2ecb-ad51-4089-aea8-f1c34ca0cc8c" executionId="feb27068-d987-4c6c-9541-3876fdf165c5" testListId="12687d44-b051-4779-ab23-786e61b78e70" />
    <TestEntry testId="10557853-5841-4c9b-a472-750d600bc200" executionId="d8034461-3551-48fe-b3bb-e37e2f219266" testListId="12687d44-b051-4779-ab23-786e61b78e70" />
    <TestEntry testId="2a33f8c3-33ff-4444-8136-77f598e61fd1" executionId="a6fcddc3-22b8-4dfa-8747-5f4daca693b7" testListId="12687d44-b051-4779-ab23-786e61b78e70" />
    <TestEntry testId="2f72a472-b1e5-4e37-a65e-3229cd4672c0" executionId="fb0d33b1-76ba-4d51-acf2-656df590ed26" testListId="12687d44-b051-4779-ab23-786e61b78e70" />
    <TestEntry testId="206f299a-7d0f-4779-88dd-8109ac3f86d3" executionId="048fb051-c436-49fc-beb3-5c786c78ad20" testListId="12687d44-b051-4779-ab23-786e61b78e70" />
    <TestEntry testId="46dd2a28-bdf4-4707-b401-681df53573bc" executionId="5f7b6527-5c57-4145-b584-e074d9000be1" testListId="12687d44-b051-4779-ab23-786e61b78e70" />
    <TestEntry testId="e5f14fda-8371-421c-96fe-d4ac73675f5d" executionId="b9ec8dad-a3f9-4fbf-9c00-df602ea3c3fc" testListId="12687d44-b051-4779-ab23-786e61b78e70" />
    <TestEntry testId="dff2f9c8-f9b7-40a6-b82a-2539129f9d94" executionId="0ee5bb1c-b45d-4c15-867b-80fc9f65ba2e" testListId="12687d44-b051-4779-ab23-786e61b78e70" />
    <TestEntry testId="04682c0a-a7ed-4a2a-9ac4-74445cbf7fd1" executionId="6a6fa489-f8a9-49be-a4cd-755e37c1cdb5" testListId="12687d44-b051-4779-ab23-786e61b78e70" />
    <TestEntry testId="dcd7ed19-0961-4601-994f-4a053d4b96de" executionId="3f600e08-58b1-4ef4-b7ef-3edfd639ee4c" testListId="12687d44-b051-4779-ab23-786e61b78e70" />
    <TestEntry testId="339291be-9f52-405e-a446-7ecbc5a1b715" executionId="4eac3354-f92a-43bc-882f-ea1ce0e00941" testListId="12687d44-b051-4779-ab23-786e61b78e70" />
    <TestEntry testId="7d4f5c02-719a-4f22-928a-9b14987e13ba" executionId="95cd8e8d-2803-4d35-ad84-047fc9f2e0c8" testListId="12687d44-b051-4779-ab23-786e61b78e70" />
    <TestEntry testId="cc01c799-a6da-4aba-80d9-df05236285bc" executionId="6727c513-e724-4973-afb9-4b1a464628c3" testListId="12687d44-b051-4779-ab23-786e61b78e70" />
    <TestEntry testId="bc2ca3d2-7dd3-404b-91cb-d13d36da0c00" executionId="f87c55a2-161d-4bff-89c8-d41f1be08a03" testListId="12687d44-b051-4779-ab23-786e61b78e70" />
    <TestEntry testId="0eadab72-bcef-4fdc-85bc-82486bd9ab77" executionId="8541a62e-bc09-4d73-9d95-352c38cfd7c3" testListId="12687d44-b051-4779-ab23-786e61b78e70" />
    <TestEntry testId="d5792762-1238-4312-9dc0-7084682d2263" executionId="87d04f88-88d3-47b2-ba4a-36b91152d317" testListId="12687d44-b051-4779-ab23-786e61b78e70" />
    <TestEntry testId="ac818126-aff2-4a1e-b9a5-4fc1405c1830" executionId="448bb7ca-073e-4016-9250-2330e637e02b" testListId="12687d44-b051-4779-ab23-786e61b78e70" />
    <TestEntry testId="46a83488-1473-4ecd-a1bf-528ef03475c4" executionId="81ce684d-253f-4259-8555-e63bd9c3274c" testListId="12687d44-b051-4779-ab23-786e61b78e70" />
    <TestEntry testId="33ee774f-709a-4eb2-a495-08fc4d5c6049" executionId="b0e5a6e9-f088-4168-9851-da2c0a743339" testListId="12687d44-b051-4779-ab23-786e61b78e70" />
    <TestEntry testId="e31448f6-20a2-4f23-a58a-4aa20b28092d" executionId="7ed9f109-ee44-4f73-b2fb-11d44a2f3399" testListId="12687d44-b051-4779-ab23-786e61b78e70" />
    <TestEntry testId="0fa1be75-ad7d-4209-99d0-5539a5ced7c1" executionId="58a69056-9d0f-48e9-8e91-e478454c99cc" testListId="12687d44-b051-4779-ab23-786e61b78e70" />
    <TestEntry testId="9b23031b-3014-417e-8d27-4f0055ea8777" executionId="f3da0527-4b64-4249-b8de-3471a69300e8" testListId="12687d44-b051-4779-ab23-786e61b78e70" />
    <TestEntry testId="5cac35bd-b25e-4074-8a97-9908bbd464ea" executionId="41faaef1-9897-4cdd-b1ab-45be5cac75b9" testListId="12687d44-b051-4779-ab23-786e61b78e70" />
    <TestEntry testId="a66b0f5f-57e7-475c-ad5a-d10cbdcea998" executionId="08ad8cb3-6e32-41b9-ad2c-51ef870be934" testListId="12687d44-b051-4779-ab23-786e61b78e70" />
    <TestEntry testId="e3af6914-78c5-43f0-b957-f9ad9726a789" executionId="a88294f0-ba74-49b5-b24c-ddbf217e51f7" testListId="12687d44-b051-4779-ab23-786e61b78e70" />
    <TestEntry testId="97eb8698-f1f6-45ad-a5d1-38a0f6861d15" executionId="e4a9cfe6-d7da-4931-b075-a516e4a6cddc" testListId="12687d44-b051-4779-ab23-786e61b78e70" />
    <TestEntry testId="7e973661-789e-4013-b553-a8ddd6312e09" executionId="515b6792-fda4-4b80-bfde-66d31a72289c" testListId="12687d44-b051-4779-ab23-786e61b78e70" />
    <TestEntry testId="6beb4b2d-9e39-4e50-a5ce-74f266a4706e" executionId="06cf378d-4d3d-4918-ae34-f14f1069a6df" testListId="12687d44-b051-4779-ab23-786e61b78e70" />
    <TestEntry testId="5871f0ba-4f21-45e1-8f8f-26815014e4be" executionId="ee8938f6-090b-4d1a-8aae-7c5bbf9f3aad" testListId="12687d44-b051-4779-ab23-786e61b78e70" />
    <TestEntry testId="8f29a28e-92bd-45f7-aadd-99baa6176630" executionId="16b20212-bf7e-4d88-ae39-8dd7f61c74db" testListId="12687d44-b051-4779-ab23-786e61b78e70" />
    <TestEntry testId="09ba6058-eee3-4afa-9669-14668cb427c8" executionId="1129763c-abdd-47e6-a1db-1c224261264f" testListId="12687d44-b051-4779-ab23-786e61b78e70" />
    <TestEntry testId="0cf66028-3a0b-4b5f-a185-60897a074d84" executionId="46b8634f-9a05-4e97-aa9b-bde2a0a6aed0" testListId="12687d44-b051-4779-ab23-786e61b78e70" />
    <TestEntry testId="91d3cf8c-5786-4872-a27a-594215137add" executionId="8e9ac7ba-0585-46a3-b1b7-720acee515af" testListId="12687d44-b051-4779-ab23-786e61b78e70" />
    <TestEntry testId="60039ab6-f386-4798-a171-c685b1f11f2c" executionId="ec182604-e736-42fc-a2cb-82cde208bbc6" testListId="12687d44-b051-4779-ab23-786e61b78e70" />
    <TestEntry testId="31f34a86-938e-4fee-b97f-3a860b733899" executionId="f14e2144-7d64-47f6-8e10-11cd7a35119f" testListId="12687d44-b051-4779-ab23-786e61b78e70" />
    <TestEntry testId="ea32a8e8-2517-4d74-ac64-e5235fe3542b" executionId="525269d8-edd5-44e5-9416-57aa23fef33a" testListId="12687d44-b051-4779-ab23-786e61b78e70" />
    <TestEntry testId="ac76baa9-4f5e-4ca6-a4f1-badd19ba0ef0" executionId="fc060083-a148-47c2-b325-ce1765198f39" testListId="12687d44-b051-4779-ab23-786e61b78e70" />
    <TestEntry testId="c34ebe09-14db-4261-a16f-3d35161e61e1" executionId="a953cd81-6f0e-4d67-a4a8-905a69d030c3" testListId="12687d44-b051-4779-ab23-786e61b78e70" />
    <TestEntry testId="ce1f394c-0adf-47f9-9a8d-c57a9ca2d759" executionId="e3fa2676-0dd5-4cbf-bb31-f6d4d0cc9c1e" testListId="12687d44-b051-4779-ab23-786e61b78e70" />
    <TestEntry testId="b36449b8-a98d-4aba-9120-529ee3e101c8" executionId="2db92074-7298-497e-91b5-1cbcbddab3a8" testListId="12687d44-b051-4779-ab23-786e61b78e70" />
    <TestEntry testId="696aeac4-23da-4981-a630-1cfc0ec18a00" executionId="f342285b-a0f7-42eb-84ba-c4002dba223f" testListId="12687d44-b051-4779-ab23-786e61b78e70" />
    <TestEntry testId="da0a48b3-3e49-46c5-b78e-8619febbc747" executionId="94aba4cc-8896-422e-920e-be41728a6d31" testListId="12687d44-b051-4779-ab23-786e61b78e70" />
    <TestEntry testId="93a9f313-e141-4032-8862-acbf60f679bf" executionId="ff8fd40d-212d-4023-8abb-dd4f8afac5ba" testListId="12687d44-b051-4779-ab23-786e61b78e70" />
    <TestEntry testId="7e152426-3965-4476-a2f1-cc4fc4a5f4ef" executionId="4cc32868-12f4-4335-b750-50f417561bbb" testListId="12687d44-b051-4779-ab23-786e61b78e70" />
    <TestEntry testId="a8de1ed1-7057-48d8-a89b-b5a93d6c450a" executionId="0ba28684-4f60-425d-b859-7b46fe6a251a" testListId="12687d44-b051-4779-ab23-786e61b78e70" />
    <TestEntry testId="840392b5-a6cf-46cb-977e-172ea1e202e5" executionId="ebd84e5c-7309-4160-9bbe-612a56d2365f" testListId="12687d44-b051-4779-ab23-786e61b78e70" />
    <TestEntry testId="3a0ec507-ab5f-4217-9166-c1badbe78cd1" executionId="4443fa04-f0cf-4235-b864-764566b591c8" testListId="12687d44-b051-4779-ab23-786e61b78e70" />
    <TestEntry testId="551a7476-2691-4798-9e28-5f3217ac130f" executionId="9bd24ebc-caff-404f-a200-bd2535168f01" testListId="12687d44-b051-4779-ab23-786e61b78e70" />
    <TestEntry testId="fb1bf338-7c46-4492-8bdc-fc5cf678de3b" executionId="fe1df321-ab91-4eb7-9501-ce16b72fc1c0" testListId="12687d44-b051-4779-ab23-786e61b78e70" />
    <TestEntry testId="3848b9c5-ed8e-43d8-8ace-2fe33aac03bf" executionId="bc9f7ec6-f6f2-4d74-95a8-1088e0afa029" testListId="12687d44-b051-4779-ab23-786e61b78e70" />
    <TestEntry testId="1fb19cdf-f0c3-4a19-bd2c-11bfdf91da80" executionId="2fbdc7f2-ec3b-4e09-9d98-d613dacf8486" testListId="12687d44-b051-4779-ab23-786e61b78e70" />
    <TestEntry testId="39582fc0-ffbb-4802-a453-ae7ad3e454ea" executionId="09b70854-0c1e-470c-a864-9ece9f646e7d" testListId="12687d44-b051-4779-ab23-786e61b78e70" />
    <TestEntry testId="9f76c0ab-f3e7-46ce-80cf-2581eef0fe19" executionId="853750e5-f939-4a85-8509-21314e237d89" testListId="12687d44-b051-4779-ab23-786e61b78e70" />
    <TestEntry testId="30aee1bb-47d7-4e8d-878d-e4cddc533e49" executionId="b2349937-a9ad-4a28-9cfb-6ce891ad9d8b" testListId="12687d44-b051-4779-ab23-786e61b78e70" />
    <TestEntry testId="feed970c-a754-4a29-9274-2f0019dcf50f" executionId="176a9176-8c54-453d-8dee-6ed83c2ed8af" testListId="12687d44-b051-4779-ab23-786e61b78e70" />
    <TestEntry testId="0a7291d2-27d5-4f0a-a7fc-ca822bf4b7f0" executionId="6de463de-1238-4110-a252-ef23a7f9ecc9" testListId="12687d44-b051-4779-ab23-786e61b78e70" />
    <TestEntry testId="bad8c7d4-3d79-4ed2-ac18-092f98172b14" executionId="02d26048-d665-46cf-8f97-56d5b9350fb0" testListId="12687d44-b051-4779-ab23-786e61b78e70" />
    <TestEntry testId="622b51bf-a2f8-4f9d-a95c-a3ff678fcaf7" executionId="1feed89e-f602-423e-b867-dae2983db6db" testListId="12687d44-b051-4779-ab23-786e61b78e70" />
    <TestEntry testId="25f7f3a9-12c6-4508-bef9-fe1f4a11a2cb" executionId="3f20d426-3201-43fc-b9e8-247f2346423d" testListId="12687d44-b051-4779-ab23-786e61b78e70" />
    <TestEntry testId="76bc9516-5090-41e9-86c7-5ebb48aacc0c" executionId="db4668da-51af-4142-b416-34682c191456" testListId="12687d44-b051-4779-ab23-786e61b78e70" />
    <TestEntry testId="e7aeb41f-471f-439a-a5a6-d3d5ff2c0431" executionId="6798c978-46f6-4b9c-9cc0-820cb7a97c7d" testListId="12687d44-b051-4779-ab23-786e61b78e70" />
    <TestEntry testId="b1d1465a-ddeb-4b91-a2e8-8218b1059b3b" executionId="babf188c-14d1-4cad-bacd-968a66b0bf0c" testListId="12687d44-b051-4779-ab23-786e61b78e70" />
    <TestEntry testId="426ad996-8f1a-4ad8-9035-bbfb37a89f6c" executionId="6a4a2886-4e43-427d-8395-7fc3cfadbedf" testListId="12687d44-b051-4779-ab23-786e61b78e70" />
    <TestEntry testId="5a32e76f-bea2-4c4b-8ba6-a9c6892ccbe0" executionId="b86ce19d-0d2d-4420-8392-80ca407bc617" testListId="12687d44-b051-4779-ab23-786e61b78e70" />
    <TestEntry testId="cf6264a3-32df-4be8-8e00-3a10f3b73467" executionId="e75eeb39-4c24-436a-9b94-bc76177bc048" testListId="12687d44-b051-4779-ab23-786e61b78e70" />
  </TestEntries>
  <TestLists>
    <TestList name="Results Not in a List" id="12687d44-b051-4779-ab23-786e61b78e70" />
    <TestList name="All Loaded Results" id="62349a37-e6e5-44b4-989b-495cc6142fe6" />
  </TestLists>
</TestRun>