<?xml version="1.0" encoding="UTF-8"?>
<TestRun id="781c547d-b785-4535-b5b5-cad8e5d4ee56" name="Test Run 68" runUser="Oles Galatsan" xmlns="http://microsoft.com/schemas/VisualStudio/TeamTest/2010">
  <Times creation="2025-05-14T13:20:31.3125482Z" queuing="2025-05-14T13:20:31.3125482Z" start="2025-05-14T13:20:31.3146610Z" finish="2025-05-14T13:25:31.3147553Z" />
  <TestSettings name="Test Settings 68" id="81418944-4ff4-4099-b7e8-8dbe7a87f325" />
  <Results>
    <UnitTestResult executionId="d7b4dee3-582b-448b-b066-8d069a78e717" testId="9ce232f2-ff53-4f01-a99e-e371a1a62e99" testName="Test6701" computerName="UA-LPT-OGA2" duration="00:00:01.7960000" startTime="2025-05-14T13:20:31.3146610Z" endTime="2025-05-14T13:25:31.3147553Z" testType="13cdc9d9-ddb5-4fa4-a97d-d965ccfc6d4b" outcome="Passed" testListId="fafec233-113b-460a-966a-1c91c39607d9" />
    <UnitTestResult executionId="bb37c919-d503-49bd-bfef-dc79c3205661" testId="2ca8820a-9298-42eb-8f36-2c75ea413e66" testName="Test6702" computerName="UA-LPT-OGA2" duration="00:00:01.9150000" startTime="2025-05-14T13:20:31.3146610Z" endTime="2025-05-14T13:25:31.3147553Z" testType="13cdc9d9-ddb5-4fa4-a97d-d965ccfc6d4b" outcome="Passed" testListId="fafec233-113b-460a-966a-1c91c39607d9" />
    <UnitTestResult executionId="47d37304-540e-4147-9e1c-d8c4e903735d" testId="51210156-130e-4150-b9d4-29e6966d0ab9" testName="Test6703" computerName="UA-LPT-OGA2" duration="00:00:01.6290000" startTime="2025-05-14T13:20:31.3146610Z" endTime="2025-05-14T13:25:31.3147553Z" testType="13cdc9d9-ddb5-4fa4-a97d-d965ccfc6d4b" outcome="Passed" testListId="fafec233-113b-460a-966a-1c91c39607d9" />
    <UnitTestResult executionId="4020b6d0-1f0e-456c-9ade-621b9de2be3d" testId="abdb0835-2686-4d73-b70c-5d1e0ee9f0c1" testName="Test6704" computerName="UA-LPT-OGA2" duration="00:00:00.0580000" startTime="2025-05-14T13:20:31.3146610Z" endTime="2025-05-14T13:25:31.3147553Z" testType="13cdc9d9-ddb5-4fa4-a97d-d965ccfc6d4b" outcome="Passed" testListId="fafec233-113b-460a-966a-1c91c39607d9" />
    <UnitTestResult executionId="9d921f23-396d-4ff3-81db-303040238bf4" testId="f1d3bd6d-d5d8-4ad5-933f-0e46505302f9" testName="Test6705" computerName="UA-LPT-OGA2" duration="00:00:00.9010000" startTime="2025-05-14T13:20:31.3146610Z" endTime="2025-05-14T13:25:31.3147553Z" testType="13cdc9d9-ddb5-4fa4-a97d-d965ccfc6d4b" outcome="Passed" testListId="fafec233-113b-460a-966a-1c91c39607d9" />
    <UnitTestResult executionId="3433a630-de03-48de-9d18-345d47af5c39" testId="be52e93f-2f35-4c87-aba4-d30132ece3bd" testName="Test6706" computerName="UA-LPT-OGA2" duration="00:00:00.8470000" startTime="2025-05-14T13:20:31.3146610Z" endTime="2025-05-14T13:25:31.3147553Z" testType="13cdc9d9-ddb5-4fa4-a97d-d965ccfc6d4b" outcome="Passed" testListId="fafec233-113b-460a-966a-1c91c39607d9" />
    <UnitTestResult executionId="b6174e77-6134-45fe-94d7-ac39e83d5324" testId="db7ad2fd-b764-4936-873d-e18502b3ee4d" testName="Test6707" computerName="UA-LPT-OGA2" duration="00:00:01.7360000" startTime="2025-05-14T13:20:31.3146610Z" endTime="2025-05-14T13:25:31.3147553Z" testType="13cdc9d9-ddb5-4fa4-a97d-d965ccfc6d4b" outcome="Passed" testListId="fafec233-113b-460a-966a-1c91c39607d9" />
    <UnitTestResult executionId="ca8b8e92-1d39-4eb4-bce3-b55dd96c743f" testId="81cd50da-b38f-4897-aa0c-8e99e406b7ab" testName="Test6708" computerName="UA-LPT-OGA2" duration="00:00:01.5220000" startTime="2025-05-14T13:20:31.3146610Z" endTime="2025-05-14T13:25:31.3147553Z" testType="13cdc9d9-ddb5-4fa4-a97d-d965ccfc6d4b" outcome="Passed" testListId="fafec233-113b-460a-966a-1c91c39607d9" />
    <UnitTestResult executionId="bfe2d032-3682-430f-99d5-4b3eeb6ff333" testId="553795eb-9519-4f3b-bcf7-1dbbb4315ed9" testName="Test6709" computerName="UA-LPT-OGA2" duration="00:00:01.0250000" startTime="2025-05-14T13:20:31.3146610Z" endTime="2025-05-14T13:25:31.3147553Z" testType="13cdc9d9-ddb5-4fa4-a97d-d965ccfc6d4b" outcome="Passed" testListId="fafec233-113b-460a-966a-1c91c39607d9" />
    <UnitTestResult executionId="0af29379-f4d3-46c9-99b8-7dc65bdc8cdc" testId="9f953fc3-59ca-4716-b81b-84a6d2dc5fe1" testName="Test6710" computerName="UA-LPT-OGA2" duration="00:00:01.8270000" startTime="2025-05-14T13:20:31.3146610Z" endTime="2025-05-14T13:25:31.3147553Z" testType="13cdc9d9-ddb5-4fa4-a97d-d965ccfc6d4b" outcome="Passed" testListId="fafec233-113b-460a-966a-1c91c39607d9" />
    <UnitTestResult executionId="0a250159-90fa-4427-9fd3-12161dc2787c" testId="0d6d6fd5-5cab-418d-8f43-caa5e5f37429" testName="Test6711" computerName="UA-LPT-OGA2" duration="00:00:01.8490000" startTime="2025-05-14T13:20:31.3146610Z" endTime="2025-05-14T13:25:31.3147553Z" testType="13cdc9d9-ddb5-4fa4-a97d-d965ccfc6d4b" outcome="Passed" testListId="fafec233-113b-460a-966a-1c91c39607d9" />
    <UnitTestResult executionId="5ee86bf6-5f1c-4130-81c5-e53171b8fb44" testId="b80242e0-37a9-4be2-a79e-a0e9a8db0f72" testName="Test6712" computerName="UA-LPT-OGA2" duration="00:00:00.7280000" startTime="2025-05-14T13:20:31.3146610Z" endTime="2025-05-14T13:25:31.3147553Z" testType="13cdc9d9-ddb5-4fa4-a97d-d965ccfc6d4b" outcome="Passed" testListId="fafec233-113b-460a-966a-1c91c39607d9" />
    <UnitTestResult executionId="978f70d7-a83d-4aa8-abc7-e60ec544195f" testId="aa5c6355-acd0-459a-8b90-26cb27d157c4" testName="Test6713" computerName="UA-LPT-OGA2" duration="00:00:01.3460000" startTime="2025-05-14T13:20:31.3146610Z" endTime="2025-05-14T13:25:31.3147553Z" testType="13cdc9d9-ddb5-4fa4-a97d-d965ccfc6d4b" outcome="Passed" testListId="fafec233-113b-460a-966a-1c91c39607d9" />
    <UnitTestResult executionId="b0293b9a-a5ca-4f92-a965-1671b8cc2e7b" testId="174150ec-024d-47ce-b002-4d41480dde05" testName="Test6714" computerName="UA-LPT-OGA2" duration="00:00:00.7830000" startTime="2025-05-14T13:20:31.3146610Z" endTime="2025-05-14T13:25:31.3147553Z" testType="13cdc9d9-ddb5-4fa4-a97d-d965ccfc6d4b" outcome="Passed" testListId="fafec233-113b-460a-966a-1c91c39607d9" />
    <UnitTestResult executionId="a9808afd-f505-4ce8-86d3-ab5400b0f862" testId="9af7d351-7d8a-46e3-9191-40ba042aba36" testName="Test6715" computerName="UA-LPT-OGA2" duration="00:00:01.8630000" startTime="2025-05-14T13:20:31.3146610Z" endTime="2025-05-14T13:25:31.3147553Z" testType="13cdc9d9-ddb5-4fa4-a97d-d965ccfc6d4b" outcome="Failed" testListId="fafec233-113b-460a-966a-1c91c39607d9">
      <Output>
        <ErrorInfo>
          <Message>Assertion failed: Expected value did not match actual value.</Message>
          <StackTrace>   at TestNamespace.TestClass.Test() in TestClass.cs:line 245</StackTrace>
        </ErrorInfo>
      </Output>
    </UnitTestResult>
    <UnitTestResult executionId="873ec342-e789-4422-85db-04ed8f9577ca" testId="5a1c72bd-91fe-4892-8601-7afab134a85e" testName="Test6716" computerName="UA-LPT-OGA2" duration="00:00:00.0280000" startTime="2025-05-14T13:20:31.3146610Z" endTime="2025-05-14T13:25:31.3147553Z" testType="13cdc9d9-ddb5-4fa4-a97d-d965ccfc6d4b" outcome="Passed" testListId="fafec233-113b-460a-966a-1c91c39607d9" />
    <UnitTestResult executionId="8dc2f6c2-0e42-483e-a079-9dd4b7dfb7e2" testId="9c76afa8-73fd-408f-9740-21356939e056" testName="Test6717" computerName="UA-LPT-OGA2" duration="00:00:00.6500000" startTime="2025-05-14T13:20:31.3146610Z" endTime="2025-05-14T13:25:31.3147553Z" testType="13cdc9d9-ddb5-4fa4-a97d-d965ccfc6d4b" outcome="Passed" testListId="fafec233-113b-460a-966a-1c91c39607d9" />
    <UnitTestResult executionId="ca324bb2-26a1-47b8-bd25-c77124361314" testId="6c1bbef2-a180-4a5e-bb1d-cb88064f1372" testName="Test6718" computerName="UA-LPT-OGA2" duration="00:00:00.4130000" startTime="2025-05-14T13:20:31.3146610Z" endTime="2025-05-14T13:25:31.3147553Z" testType="13cdc9d9-ddb5-4fa4-a97d-d965ccfc6d4b" outcome="Passed" testListId="fafec233-113b-460a-966a-1c91c39607d9" />
    <UnitTestResult executionId="432f17cf-ff13-40df-85ad-98efcc12683a" testId="4e21db0f-44ef-4dc2-b104-216a343aaaa4" testName="Test6719" computerName="UA-LPT-OGA2" duration="00:00:01.2560000" startTime="2025-05-14T13:20:31.3146610Z" endTime="2025-05-14T13:25:31.3147553Z" testType="13cdc9d9-ddb5-4fa4-a97d-d965ccfc6d4b" outcome="Passed" testListId="fafec233-113b-460a-966a-1c91c39607d9" />
    <UnitTestResult executionId="e7127964-3bac-4d6e-8b70-72f180d0fae2" testId="9b8e3bb8-f3ba-4b05-a5c5-66df2121ed6d" testName="Test6720" computerName="UA-LPT-OGA2" duration="00:00:00.2790000" startTime="2025-05-14T13:20:31.3146610Z" endTime="2025-05-14T13:25:31.3147553Z" testType="13cdc9d9-ddb5-4fa4-a97d-d965ccfc6d4b" outcome="Passed" testListId="fafec233-113b-460a-966a-1c91c39607d9" />
    <UnitTestResult executionId="f96d0972-d4bb-4bfc-92cb-1ef2a4126b01" testId="5a77360b-6886-4944-a1ec-6d16bed7ac71" testName="Test6721" computerName="UA-LPT-OGA2" duration="00:00:01.4650000" startTime="2025-05-14T13:20:31.3146610Z" endTime="2025-05-14T13:25:31.3147553Z" testType="13cdc9d9-ddb5-4fa4-a97d-d965ccfc6d4b" outcome="Passed" testListId="fafec233-113b-460a-966a-1c91c39607d9" />
    <UnitTestResult executionId="6a69496d-b807-42c1-bc96-25cc3cf5cf01" testId="8a9afb5d-b701-440b-a759-cdc0bc59cd0f" testName="Test6722" computerName="UA-LPT-OGA2" duration="00:00:00.6840000" startTime="2025-05-14T13:20:31.3146610Z" endTime="2025-05-14T13:25:31.3147553Z" testType="13cdc9d9-ddb5-4fa4-a97d-d965ccfc6d4b" outcome="Passed" testListId="fafec233-113b-460a-966a-1c91c39607d9" />
    <UnitTestResult executionId="4023785c-6a57-47b8-8b7c-e7b5dfd3fa35" testId="b1a1e5b9-4686-4d42-9cef-82359f6dbe06" testName="Test6723" computerName="UA-LPT-OGA2" duration="00:00:01.1910000" startTime="2025-05-14T13:20:31.3146610Z" endTime="2025-05-14T13:25:31.3147553Z" testType="13cdc9d9-ddb5-4fa4-a97d-d965ccfc6d4b" outcome="Passed" testListId="fafec233-113b-460a-966a-1c91c39607d9" />
    <UnitTestResult executionId="868ee101-b799-4fa6-a959-b1948876e956" testId="638c6e6e-1475-42e1-86ca-3ff073ea361b" testName="Test6724" computerName="UA-LPT-OGA2" duration="00:00:01.9850000" startTime="2025-05-14T13:20:31.3146610Z" endTime="2025-05-14T13:25:31.3147553Z" testType="13cdc9d9-ddb5-4fa4-a97d-d965ccfc6d4b" outcome="Passed" testListId="fafec233-113b-460a-966a-1c91c39607d9" />
    <UnitTestResult executionId="fe01b60b-c177-4677-815d-c27b6ba86d82" testId="390bcfbd-5495-4a5e-8b37-aa51aec36d92" testName="Test6725" computerName="UA-LPT-OGA2" duration="00:00:00.2760000" startTime="2025-05-14T13:20:31.3146610Z" endTime="2025-05-14T13:25:31.3147553Z" testType="13cdc9d9-ddb5-4fa4-a97d-d965ccfc6d4b" outcome="Failed" testListId="fafec233-113b-460a-966a-1c91c39607d9">
      <Output>
        <ErrorInfo>
          <Message>Assertion failed: Expected value did not match actual value.</Message>
          <StackTrace>   at TestNamespace.TestClass.Test() in TestClass.cs:line 452</StackTrace>
        </ErrorInfo>
      </Output>
    </UnitTestResult>
    <UnitTestResult executionId="039d7a85-c950-4647-a2e9-370121cd653e" testId="77a8a1e6-1a67-476b-b5e5-12c20edae62b" testName="Test6726" computerName="UA-LPT-OGA2" duration="00:00:01.5300000" startTime="2025-05-14T13:20:31.3146610Z" endTime="2025-05-14T13:25:31.3147553Z" testType="13cdc9d9-ddb5-4fa4-a97d-d965ccfc6d4b" outcome="Passed" testListId="fafec233-113b-460a-966a-1c91c39607d9" />
    <UnitTestResult executionId="8dcde9ac-6fe7-46e1-9149-38961ed31079" testId="362d2f36-d826-4c76-9c5e-b365eeebf315" testName="Test6727" computerName="UA-LPT-OGA2" duration="00:00:01.6460000" startTime="2025-05-14T13:20:31.3146610Z" endTime="2025-05-14T13:25:31.3147553Z" testType="13cdc9d9-ddb5-4fa4-a97d-d965ccfc6d4b" outcome="Passed" testListId="fafec233-113b-460a-966a-1c91c39607d9" />
    <UnitTestResult executionId="5425f8ea-3e2c-4dbe-ba13-09f63e2b1418" testId="5c603722-5ff9-4978-acc4-509592fba2d5" testName="Test6728" computerName="UA-LPT-OGA2" duration="00:00:00.9250000" startTime="2025-05-14T13:20:31.3146610Z" endTime="2025-05-14T13:25:31.3147553Z" testType="13cdc9d9-ddb5-4fa4-a97d-d965ccfc6d4b" outcome="Passed" testListId="fafec233-113b-460a-966a-1c91c39607d9" />
    <UnitTestResult executionId="4400a8fa-2b4b-415f-8d02-fe64627245f6" testId="73eaa501-e8cf-4e0f-9501-edb8498a5f64" testName="Test6729" computerName="UA-LPT-OGA2" duration="00:00:00.7790000" startTime="2025-05-14T13:20:31.3146610Z" endTime="2025-05-14T13:25:31.3147553Z" testType="13cdc9d9-ddb5-4fa4-a97d-d965ccfc6d4b" outcome="Passed" testListId="fafec233-113b-460a-966a-1c91c39607d9" />
    <UnitTestResult executionId="9297bbd6-44f5-4f4e-90e4-97df674a2e2c" testId="b081ee96-3876-4ff5-bea3-43abfd8cc2d3" testName="Test6730" computerName="UA-LPT-OGA2" duration="00:00:00.9600000" startTime="2025-05-14T13:20:31.3146610Z" endTime="2025-05-14T13:25:31.3147553Z" testType="13cdc9d9-ddb5-4fa4-a97d-d965ccfc6d4b" outcome="Passed" testListId="fafec233-113b-460a-966a-1c91c39607d9" />
    <UnitTestResult executionId="b0f186be-a3d0-4a8c-bbbf-b052b03dbc57" testId="73c4080d-0570-4b3c-9cf3-74026b782f27" testName="Test6731" computerName="UA-LPT-OGA2" duration="00:00:01.0780000" startTime="2025-05-14T13:20:31.3146610Z" endTime="2025-05-14T13:25:31.3147553Z" testType="13cdc9d9-ddb5-4fa4-a97d-d965ccfc6d4b" outcome="Failed" testListId="fafec233-113b-460a-966a-1c91c39607d9">
      <Output>
        <ErrorInfo>
          <Message>Assertion failed: Expected value did not match actual value.</Message>
          <StackTrace>   at TestNamespace.TestClass.Test() in TestClass.cs:line 84</StackTrace>
        </ErrorInfo>
      </Output>
    </UnitTestResult>
    <UnitTestResult executionId="9198f03c-e4df-4064-a76f-cadb8732cea4" testId="67599759-4cff-4a5e-9902-d67cab1e19e8" testName="Test6732" computerName="UA-LPT-OGA2" duration="00:00:00.7310000" startTime="2025-05-14T13:20:31.3146610Z" endTime="2025-05-14T13:25:31.3147553Z" testType="13cdc9d9-ddb5-4fa4-a97d-d965ccfc6d4b" outcome="Failed" testListId="fafec233-113b-460a-966a-1c91c39607d9">
      <Output>
        <ErrorInfo>
          <Message>Assertion failed: Expected value did not match actual value.</Message>
          <StackTrace>   at TestNamespace.TestClass.Test() in TestClass.cs:line 279</StackTrace>
        </ErrorInfo>
      </Output>
    </UnitTestResult>
    <UnitTestResult executionId="19ac4293-be4b-430e-b9ab-91f75b3b7483" testId="5e692b55-4a59-4b2f-8597-6efcba17aa7b" testName="Test6733" computerName="UA-LPT-OGA2" duration="00:00:01.2470000" startTime="2025-05-14T13:20:31.3146610Z" endTime="2025-05-14T13:25:31.3147553Z" testType="13cdc9d9-ddb5-4fa4-a97d-d965ccfc6d4b" outcome="Passed" testListId="fafec233-113b-460a-966a-1c91c39607d9" />
    <UnitTestResult executionId="897a6b20-b9fe-4f04-823b-ebc825ac732e" testId="377899c5-9e4a-43df-bb55-bfee66498eb2" testName="Test6734" computerName="UA-LPT-OGA2" duration="00:00:00.5210000" startTime="2025-05-14T13:20:31.3146610Z" endTime="2025-05-14T13:25:31.3147553Z" testType="13cdc9d9-ddb5-4fa4-a97d-d965ccfc6d4b" outcome="Passed" testListId="fafec233-113b-460a-966a-1c91c39607d9" />
    <UnitTestResult executionId="35f510a9-cef4-44d9-9324-44b060e965bc" testId="7e35c37d-5479-4bb7-af60-c709bcd4c9c9" testName="Test6735" computerName="UA-LPT-OGA2" duration="00:00:00.9260000" startTime="2025-05-14T13:20:31.3146610Z" endTime="2025-05-14T13:25:31.3147553Z" testType="13cdc9d9-ddb5-4fa4-a97d-d965ccfc6d4b" outcome="Passed" testListId="fafec233-113b-460a-966a-1c91c39607d9" />
    <UnitTestResult executionId="0c9a30c3-bb41-4751-a647-0a9403eba349" testId="c29e4610-0227-4a70-b8bb-bd07f9af5fbf" testName="Test6736" computerName="UA-LPT-OGA2" duration="00:00:01.5560000" startTime="2025-05-14T13:20:31.3146610Z" endTime="2025-05-14T13:25:31.3147553Z" testType="13cdc9d9-ddb5-4fa4-a97d-d965ccfc6d4b" outcome="Failed" testListId="fafec233-113b-460a-966a-1c91c39607d9">
      <Output>
        <ErrorInfo>
          <Message>Assertion failed: Expected value did not match actual value.</Message>
          <StackTrace>   at TestNamespace.TestClass.Test() in TestClass.cs:line 223</StackTrace>
        </ErrorInfo>
      </Output>
    </UnitTestResult>
    <UnitTestResult executionId="26dfb36e-108c-4f42-93d6-93fe58234942" testId="7253d5a9-ca2e-40fc-a844-d624df854606" testName="Test6737" computerName="UA-LPT-OGA2" duration="00:00:00.6610000" startTime="2025-05-14T13:20:31.3146610Z" endTime="2025-05-14T13:25:31.3147553Z" testType="13cdc9d9-ddb5-4fa4-a97d-d965ccfc6d4b" outcome="Passed" testListId="fafec233-113b-460a-966a-1c91c39607d9" />
    <UnitTestResult executionId="24af32b3-18d5-41b1-bbbd-e85c494dae7e" testId="2c031ea8-5f6d-4427-8ea2-e32b0a583aa5" testName="Test6738" computerName="UA-LPT-OGA2" duration="00:00:01.7240000" startTime="2025-05-14T13:20:31.3146610Z" endTime="2025-05-14T13:25:31.3147553Z" testType="13cdc9d9-ddb5-4fa4-a97d-d965ccfc6d4b" outcome="Passed" testListId="fafec233-113b-460a-966a-1c91c39607d9" />
    <UnitTestResult executionId="a12c0794-a6a4-4b88-ad21-1e64b7214da8" testId="bf4b93b8-4d3d-4d95-83e4-d3472d3f713d" testName="Test6739" computerName="UA-LPT-OGA2" duration="00:00:01.4270000" startTime="2025-05-14T13:20:31.3146610Z" endTime="2025-05-14T13:25:31.3147553Z" testType="13cdc9d9-ddb5-4fa4-a97d-d965ccfc6d4b" outcome="Passed" testListId="fafec233-113b-460a-966a-1c91c39607d9" />
    <UnitTestResult executionId="207c57d0-ad7d-44e6-b85b-4b5b84086315" testId="96bcc9f1-541f-4754-abdf-215e4a727787" testName="Test6740" computerName="UA-LPT-OGA2" duration="00:00:00.4780000" startTime="2025-05-14T13:20:31.3146610Z" endTime="2025-05-14T13:25:31.3147553Z" testType="13cdc9d9-ddb5-4fa4-a97d-d965ccfc6d4b" outcome="Passed" testListId="fafec233-113b-460a-966a-1c91c39607d9" />
    <UnitTestResult executionId="cbf4feda-dff8-45bf-8700-d82c287889c9" testId="dec2effd-c99f-49cc-9c93-e7bcf42925d6" testName="Test6741" computerName="UA-LPT-OGA2" duration="00:00:00.6530000" startTime="2025-05-14T13:20:31.3146610Z" endTime="2025-05-14T13:25:31.3147553Z" testType="13cdc9d9-ddb5-4fa4-a97d-d965ccfc6d4b" outcome="Passed" testListId="fafec233-113b-460a-966a-1c91c39607d9" />
    <UnitTestResult executionId="1d6e3136-e321-4755-a524-9b6c4a938a8c" testId="a1b8775c-206b-4145-9c06-12fed0910060" testName="Test6742" computerName="UA-LPT-OGA2" duration="00:00:01.1430000" startTime="2025-05-14T13:20:31.3146610Z" endTime="2025-05-14T13:25:31.3147553Z" testType="13cdc9d9-ddb5-4fa4-a97d-d965ccfc6d4b" outcome="Passed" testListId="fafec233-113b-460a-966a-1c91c39607d9" />
    <UnitTestResult executionId="09bea65d-607a-4f8d-8516-1a6cbaa384ec" testId="fe3509bf-f952-43ca-bd48-c83cd9c2b225" testName="Test6743" computerName="UA-LPT-OGA2" duration="00:00:00.3540000" startTime="2025-05-14T13:20:31.3146610Z" endTime="2025-05-14T13:25:31.3147553Z" testType="13cdc9d9-ddb5-4fa4-a97d-d965ccfc6d4b" outcome="Passed" testListId="fafec233-113b-460a-966a-1c91c39607d9" />
    <UnitTestResult executionId="e71075c8-b0d4-405f-9053-e698fce24503" testId="a87509fe-8fd6-4ccf-95a1-ea27845764da" testName="Test6744" computerName="UA-LPT-OGA2" duration="00:00:00.4310000" startTime="2025-05-14T13:20:31.3146610Z" endTime="2025-05-14T13:25:31.3147553Z" testType="13cdc9d9-ddb5-4fa4-a97d-d965ccfc6d4b" outcome="Passed" testListId="fafec233-113b-460a-966a-1c91c39607d9" />
    <UnitTestResult executionId="a77ecfab-d6ce-4a5e-8064-cfc8663dee33" testId="35c614e4-ea98-44a8-be4e-150de1f46821" testName="Test6745" computerName="UA-LPT-OGA2" duration="00:00:01.4020000" startTime="2025-05-14T13:20:31.3146610Z" endTime="2025-05-14T13:25:31.3147553Z" testType="13cdc9d9-ddb5-4fa4-a97d-d965ccfc6d4b" outcome="Passed" testListId="fafec233-113b-460a-966a-1c91c39607d9" />
    <UnitTestResult executionId="43c0f2c9-0cde-45cf-bd0f-afbd632f92da" testId="d4cccc29-716e-4876-a31f-5beeefea495c" testName="Test6746" computerName="UA-LPT-OGA2" duration="00:00:00.0990000" startTime="2025-05-14T13:20:31.3146610Z" endTime="2025-05-14T13:25:31.3147553Z" testType="13cdc9d9-ddb5-4fa4-a97d-d965ccfc6d4b" outcome="Passed" testListId="fafec233-113b-460a-966a-1c91c39607d9" />
    <UnitTestResult executionId="07177a72-762a-457e-b6d3-f3ed87631dcb" testId="e09d3aa0-0bf6-4596-a651-0125c9db480e" testName="Test6747" computerName="UA-LPT-OGA2" duration="00:00:00.4530000" startTime="2025-05-14T13:20:31.3146610Z" endTime="2025-05-14T13:25:31.3147553Z" testType="13cdc9d9-ddb5-4fa4-a97d-d965ccfc6d4b" outcome="Passed" testListId="fafec233-113b-460a-966a-1c91c39607d9" />
    <UnitTestResult executionId="d11028cd-3290-48fd-8f2e-8872e7b91508" testId="8335db73-32c7-40ae-abf6-4ac3fa8b1944" testName="Test6748" computerName="UA-LPT-OGA2" duration="00:00:01.5480000" startTime="2025-05-14T13:20:31.3146610Z" endTime="2025-05-14T13:25:31.3147553Z" testType="13cdc9d9-ddb5-4fa4-a97d-d965ccfc6d4b" outcome="Passed" testListId="fafec233-113b-460a-966a-1c91c39607d9" />
    <UnitTestResult executionId="9c992d28-bc57-4ffa-9e9e-3635d2f7da73" testId="ae78564b-7bff-45cf-82a2-73d718bb989e" testName="Test6749" computerName="UA-LPT-OGA2" duration="00:00:01.7710000" startTime="2025-05-14T13:20:31.3146610Z" endTime="2025-05-14T13:25:31.3147553Z" testType="13cdc9d9-ddb5-4fa4-a97d-d965ccfc6d4b" outcome="Passed" testListId="fafec233-113b-460a-966a-1c91c39607d9" />
    <UnitTestResult executionId="5edeefe9-86db-43f7-beb1-ac6e3fcb45b2" testId="7d7db9b4-1f18-426a-970e-fcaa675a2263" testName="Test6750" computerName="UA-LPT-OGA2" duration="00:00:01.3180000" startTime="2025-05-14T13:20:31.3146610Z" endTime="2025-05-14T13:25:31.3147553Z" testType="13cdc9d9-ddb5-4fa4-a97d-d965ccfc6d4b" outcome="Passed" testListId="fafec233-113b-460a-966a-1c91c39607d9" />
    <UnitTestResult executionId="bbeced3f-ce8f-4ed5-bb4e-a757db5c7de3" testId="26ffd9cf-e533-4bd8-aa34-dc06739c7b68" testName="Test6751" computerName="UA-LPT-OGA2" duration="00:00:00.5040000" startTime="2025-05-14T13:20:31.3146610Z" endTime="2025-05-14T13:25:31.3147553Z" testType="13cdc9d9-ddb5-4fa4-a97d-d965ccfc6d4b" outcome="Passed" testListId="fafec233-113b-460a-966a-1c91c39607d9" />
    <UnitTestResult executionId="ea96a257-c457-4505-8ccd-90410c348b06" testId="a6c29d5a-6059-49b7-a5c7-301aa95bfad5" testName="Test6752" computerName="UA-LPT-OGA2" duration="00:00:00.9970000" startTime="2025-05-14T13:20:31.3146610Z" endTime="2025-05-14T13:25:31.3147553Z" testType="13cdc9d9-ddb5-4fa4-a97d-d965ccfc6d4b" outcome="Passed" testListId="fafec233-113b-460a-966a-1c91c39607d9" />
    <UnitTestResult executionId="2966bad1-2e87-4867-b0ad-ff295390e521" testId="b1ceea71-e931-4213-a451-ae309038028c" testName="Test6753" computerName="UA-LPT-OGA2" duration="00:00:01.0530000" startTime="2025-05-14T13:20:31.3146610Z" endTime="2025-05-14T13:25:31.3147553Z" testType="13cdc9d9-ddb5-4fa4-a97d-d965ccfc6d4b" outcome="Failed" testListId="fafec233-113b-460a-966a-1c91c39607d9">
      <Output>
        <ErrorInfo>
          <Message>Assertion failed: Expected value did not match actual value.</Message>
          <StackTrace>   at TestNamespace.TestClass.Test() in TestClass.cs:line 222</StackTrace>
        </ErrorInfo>
      </Output>
    </UnitTestResult>
    <UnitTestResult executionId="3d1a5a56-642b-40ac-bf1a-02eecae04bb0" testId="cc5db02d-bfd7-4d6f-8fe7-186f43c42036" testName="Test6754" computerName="UA-LPT-OGA2" duration="00:00:01.4100000" startTime="2025-05-14T13:20:31.3146610Z" endTime="2025-05-14T13:25:31.3147553Z" testType="13cdc9d9-ddb5-4fa4-a97d-d965ccfc6d4b" outcome="Passed" testListId="fafec233-113b-460a-966a-1c91c39607d9" />
    <UnitTestResult executionId="aa426187-37c2-4bd2-b9c8-145fdf9e3dae" testId="77aa1cb7-5ea1-440e-9a20-3238d6d9453a" testName="Test6755" computerName="UA-LPT-OGA2" duration="00:00:01.2220000" startTime="2025-05-14T13:20:31.3146610Z" endTime="2025-05-14T13:25:31.3147553Z" testType="13cdc9d9-ddb5-4fa4-a97d-d965ccfc6d4b" outcome="Passed" testListId="fafec233-113b-460a-966a-1c91c39607d9" />
    <UnitTestResult executionId="cee66e44-7145-4efa-beac-3cbe5cc6c14a" testId="1bac42a4-3424-40bc-94d3-d1f824e62e68" testName="Test6756" computerName="UA-LPT-OGA2" duration="00:00:00.9680000" startTime="2025-05-14T13:20:31.3146610Z" endTime="2025-05-14T13:25:31.3147553Z" testType="13cdc9d9-ddb5-4fa4-a97d-d965ccfc6d4b" outcome="Passed" testListId="fafec233-113b-460a-966a-1c91c39607d9" />
    <UnitTestResult executionId="f3cdb8af-2fc0-4d4d-889d-1b31c763ccec" testId="3725edd7-2800-49ec-86e5-cac170e2e87f" testName="Test6757" computerName="UA-LPT-OGA2" duration="00:00:01.3550000" startTime="2025-05-14T13:20:31.3146610Z" endTime="2025-05-14T13:25:31.3147553Z" testType="13cdc9d9-ddb5-4fa4-a97d-d965ccfc6d4b" outcome="Passed" testListId="fafec233-113b-460a-966a-1c91c39607d9" />
    <UnitTestResult executionId="c94e800c-c707-4289-8913-d124d5a9ebb6" testId="9f0a177c-b768-4fb7-ae0a-ccf8a5bfb7bc" testName="Test6758" computerName="UA-LPT-OGA2" duration="00:00:00.0180000" startTime="2025-05-14T13:20:31.3146610Z" endTime="2025-05-14T13:25:31.3147553Z" testType="13cdc9d9-ddb5-4fa4-a97d-d965ccfc6d4b" outcome="Passed" testListId="fafec233-113b-460a-966a-1c91c39607d9" />
    <UnitTestResult executionId="04c6906d-c621-4ab2-9bec-d7b3f59b18e8" testId="f728e529-5037-4e67-a18c-33f80f665e07" testName="Test6759" computerName="UA-LPT-OGA2" duration="00:00:01.1530000" startTime="2025-05-14T13:20:31.3146610Z" endTime="2025-05-14T13:25:31.3147553Z" testType="13cdc9d9-ddb5-4fa4-a97d-d965ccfc6d4b" outcome="Passed" testListId="fafec233-113b-460a-966a-1c91c39607d9" />
    <UnitTestResult executionId="02ddc2bc-d724-4fb6-9c61-20619054db79" testId="c64fcfb3-c2b9-4753-92ac-f085d6dbdec9" testName="Test6760" computerName="UA-LPT-OGA2" duration="00:00:00.6810000" startTime="2025-05-14T13:20:31.3146610Z" endTime="2025-05-14T13:25:31.3147553Z" testType="13cdc9d9-ddb5-4fa4-a97d-d965ccfc6d4b" outcome="Passed" testListId="fafec233-113b-460a-966a-1c91c39607d9" />
    <UnitTestResult executionId="16325761-09d7-483a-b955-b55aa93e05f0" testId="f31e1321-e010-4df8-85ab-2809df0b128b" testName="Test6761" computerName="UA-LPT-OGA2" duration="00:00:00.5170000" startTime="2025-05-14T13:20:31.3146610Z" endTime="2025-05-14T13:25:31.3147553Z" testType="13cdc9d9-ddb5-4fa4-a97d-d965ccfc6d4b" outcome="Passed" testListId="fafec233-113b-460a-966a-1c91c39607d9" />
    <UnitTestResult executionId="74aa8cc1-a997-4730-9d98-104fcf228db3" testId="4b9b3362-f886-4d59-89b0-0c91e8cdd18c" testName="Test6762" computerName="UA-LPT-OGA2" duration="00:00:00.3260000" startTime="2025-05-14T13:20:31.3146610Z" endTime="2025-05-14T13:25:31.3147553Z" testType="13cdc9d9-ddb5-4fa4-a97d-d965ccfc6d4b" outcome="Passed" testListId="fafec233-113b-460a-966a-1c91c39607d9" />
    <UnitTestResult executionId="17d63e75-4415-4d63-9374-0a8a88b3a385" testId="81f2cc0f-1929-4254-826e-3efc9d6aa73e" testName="Test6763" computerName="UA-LPT-OGA2" duration="00:00:01.3110000" startTime="2025-05-14T13:20:31.3146610Z" endTime="2025-05-14T13:25:31.3147553Z" testType="13cdc9d9-ddb5-4fa4-a97d-d965ccfc6d4b" outcome="Passed" testListId="fafec233-113b-460a-966a-1c91c39607d9" />
    <UnitTestResult executionId="b0ab43bc-e405-4b52-aac9-79e30cc25f0c" testId="6306a62a-66d2-4b84-a5e6-ca701d9f2f45" testName="Test6764" computerName="UA-LPT-OGA2" duration="00:00:00.7010000" startTime="2025-05-14T13:20:31.3146610Z" endTime="2025-05-14T13:25:31.3147553Z" testType="13cdc9d9-ddb5-4fa4-a97d-d965ccfc6d4b" outcome="Passed" testListId="fafec233-113b-460a-966a-1c91c39607d9" />
    <UnitTestResult executionId="babd1c4c-2541-4e74-9ccf-ec5f326be14e" testId="4731c5f9-b273-4214-b03d-3efc2e3c753a" testName="Test6765" computerName="UA-LPT-OGA2" duration="00:00:01.3760000" startTime="2025-05-14T13:20:31.3146610Z" endTime="2025-05-14T13:25:31.3147553Z" testType="13cdc9d9-ddb5-4fa4-a97d-d965ccfc6d4b" outcome="Passed" testListId="fafec233-113b-460a-966a-1c91c39607d9" />
    <UnitTestResult executionId="5c726625-6aa4-46c6-a47d-11595b6be01e" testId="78be55ee-1aff-49f7-aea3-6e21c5943954" testName="Test6766" computerName="UA-LPT-OGA2" duration="00:00:00.0760000" startTime="2025-05-14T13:20:31.3146610Z" endTime="2025-05-14T13:25:31.3147553Z" testType="13cdc9d9-ddb5-4fa4-a97d-d965ccfc6d4b" outcome="Passed" testListId="fafec233-113b-460a-966a-1c91c39607d9" />
    <UnitTestResult executionId="339a6434-a635-4f5b-bea3-8516036731bd" testId="82d82ba1-86b6-422e-a662-d65cc82a3209" testName="Test6767" computerName="UA-LPT-OGA2" duration="00:00:01.8920000" startTime="2025-05-14T13:20:31.3146610Z" endTime="2025-05-14T13:25:31.3147553Z" testType="13cdc9d9-ddb5-4fa4-a97d-d965ccfc6d4b" outcome="Passed" testListId="fafec233-113b-460a-966a-1c91c39607d9" />
    <UnitTestResult executionId="31cf9475-abc1-4986-8905-95667d33e411" testId="3e5c8af1-df69-49fc-8dd8-70d02463dba7" testName="Test6768" computerName="UA-LPT-OGA2" duration="00:00:00.7720000" startTime="2025-05-14T13:20:31.3146610Z" endTime="2025-05-14T13:25:31.3147553Z" testType="13cdc9d9-ddb5-4fa4-a97d-d965ccfc6d4b" outcome="Passed" testListId="fafec233-113b-460a-966a-1c91c39607d9" />
    <UnitTestResult executionId="1a4c556c-a71c-444a-938d-bf4595dd97d9" testId="5980a367-c649-48e4-abfe-8eaa97c248c5" testName="Test6769" computerName="UA-LPT-OGA2" duration="00:00:00.6190000" startTime="2025-05-14T13:20:31.3146610Z" endTime="2025-05-14T13:25:31.3147553Z" testType="13cdc9d9-ddb5-4fa4-a97d-d965ccfc6d4b" outcome="Passed" testListId="fafec233-113b-460a-966a-1c91c39607d9" />
    <UnitTestResult executionId="585d84ad-cfe8-4c10-b974-cd7af60d41a8" testId="ff75bb92-8c00-413f-8070-24f1102e47f6" testName="Test6770" computerName="UA-LPT-OGA2" duration="00:00:01.8540000" startTime="2025-05-14T13:20:31.3146610Z" endTime="2025-05-14T13:25:31.3147553Z" testType="13cdc9d9-ddb5-4fa4-a97d-d965ccfc6d4b" outcome="Passed" testListId="fafec233-113b-460a-966a-1c91c39607d9" />
    <UnitTestResult executionId="1e605143-457f-4a34-bc27-9007ac2b0c0d" testId="15d3b9be-e5f8-43b0-b2ba-c3db6c3a4a46" testName="Test6771" computerName="UA-LPT-OGA2" duration="00:00:01.8580000" startTime="2025-05-14T13:20:31.3146610Z" endTime="2025-05-14T13:25:31.3147553Z" testType="13cdc9d9-ddb5-4fa4-a97d-d965ccfc6d4b" outcome="Passed" testListId="fafec233-113b-460a-966a-1c91c39607d9" />
    <UnitTestResult executionId="d014a630-c6a1-491f-97de-3bb45ddf5856" testId="5a2a2dcd-afec-4a2f-a250-df91c559e54e" testName="Test6772" computerName="UA-LPT-OGA2" duration="00:00:01.3100000" startTime="2025-05-14T13:20:31.3146610Z" endTime="2025-05-14T13:25:31.3147553Z" testType="13cdc9d9-ddb5-4fa4-a97d-d965ccfc6d4b" outcome="Passed" testListId="fafec233-113b-460a-966a-1c91c39607d9" />
    <UnitTestResult executionId="db113ce7-cd2e-41ee-91b1-9bdff32f733b" testId="7568cc10-f731-4ab0-8abe-ba06b189a2df" testName="Test6773" computerName="UA-LPT-OGA2" duration="00:00:01.2280000" startTime="2025-05-14T13:20:31.3146610Z" endTime="2025-05-14T13:25:31.3147553Z" testType="13cdc9d9-ddb5-4fa4-a97d-d965ccfc6d4b" outcome="Passed" testListId="fafec233-113b-460a-966a-1c91c39607d9" />
    <UnitTestResult executionId="1463da69-9897-41d4-bb9a-62295d1bd006" testId="f78b84e0-1f77-4bd8-ac8a-bd3afcfb7879" testName="Test6774" computerName="UA-LPT-OGA2" duration="00:00:01.3210000" startTime="2025-05-14T13:20:31.3146610Z" endTime="2025-05-14T13:25:31.3147553Z" testType="13cdc9d9-ddb5-4fa4-a97d-d965ccfc6d4b" outcome="Passed" testListId="fafec233-113b-460a-966a-1c91c39607d9" />
    <UnitTestResult executionId="dcb712fa-54e2-4353-a288-64601d7a2814" testId="608df444-a4d5-499f-b211-44c48aed8a53" testName="Test6775" computerName="UA-LPT-OGA2" duration="00:00:01.4670000" startTime="2025-05-14T13:20:31.3146610Z" endTime="2025-05-14T13:25:31.3147553Z" testType="13cdc9d9-ddb5-4fa4-a97d-d965ccfc6d4b" outcome="Failed" testListId="fafec233-113b-460a-966a-1c91c39607d9">
      <Output>
        <ErrorInfo>
          <Message>Assertion failed: Expected value did not match actual value.</Message>
          <StackTrace>   at TestNamespace.TestClass.Test() in TestClass.cs:line 160</StackTrace>
        </ErrorInfo>
      </Output>
    </UnitTestResult>
    <UnitTestResult executionId="18e57e17-882d-4c47-b313-2bbf59512d1c" testId="ba764388-4cdc-4978-8369-4d2f68773572" testName="Test6776" computerName="UA-LPT-OGA2" duration="00:00:00.3960000" startTime="2025-05-14T13:20:31.3146610Z" endTime="2025-05-14T13:25:31.3147553Z" testType="13cdc9d9-ddb5-4fa4-a97d-d965ccfc6d4b" outcome="Passed" testListId="fafec233-113b-460a-966a-1c91c39607d9" />
    <UnitTestResult executionId="08d6bb53-c698-4e35-8ac6-8d526efa8573" testId="ed31192c-3f2f-4157-afb3-0f40980da8d3" testName="Test6777" computerName="UA-LPT-OGA2" duration="00:00:00.1710000" startTime="2025-05-14T13:20:31.3146610Z" endTime="2025-05-14T13:25:31.3147553Z" testType="13cdc9d9-ddb5-4fa4-a97d-d965ccfc6d4b" outcome="Passed" testListId="fafec233-113b-460a-966a-1c91c39607d9" />
    <UnitTestResult executionId="6cf2ce36-cb66-40b2-94cf-faeeb0f1d10e" testId="41f52944-6f4d-406c-903c-7a3af79b968a" testName="Test6778" computerName="UA-LPT-OGA2" duration="00:00:00.1570000" startTime="2025-05-14T13:20:31.3146610Z" endTime="2025-05-14T13:25:31.3147553Z" testType="13cdc9d9-ddb5-4fa4-a97d-d965ccfc6d4b" outcome="Passed" testListId="fafec233-113b-460a-966a-1c91c39607d9" />
    <UnitTestResult executionId="60e5c8ae-5976-44ed-a5d9-b63e42d68d34" testId="caabe254-55c6-4062-8f2d-f99a540228b5" testName="Test6779" computerName="UA-LPT-OGA2" duration="00:00:01.1700000" startTime="2025-05-14T13:20:31.3146610Z" endTime="2025-05-14T13:25:31.3147553Z" testType="13cdc9d9-ddb5-4fa4-a97d-d965ccfc6d4b" outcome="Passed" testListId="fafec233-113b-460a-966a-1c91c39607d9" />
    <UnitTestResult executionId="28547598-c9f6-4d64-859a-9dcf9cda6953" testId="ecc330a2-2c48-4119-af2b-f9c4c134c8e6" testName="Test6780" computerName="UA-LPT-OGA2" duration="00:00:00.3040000" startTime="2025-05-14T13:20:31.3146610Z" endTime="2025-05-14T13:25:31.3147553Z" testType="13cdc9d9-ddb5-4fa4-a97d-d965ccfc6d4b" outcome="Passed" testListId="fafec233-113b-460a-966a-1c91c39607d9" />
    <UnitTestResult executionId="c4d0ebb6-1c49-4afa-8812-eb97c8313a24" testId="6d222a8e-a7d0-44cc-a935-3d09673f5b3a" testName="Test6781" computerName="UA-LPT-OGA2" duration="00:00:01.4190000" startTime="2025-05-14T13:20:31.3146610Z" endTime="2025-05-14T13:25:31.3147553Z" testType="13cdc9d9-ddb5-4fa4-a97d-d965ccfc6d4b" outcome="Passed" testListId="fafec233-113b-460a-966a-1c91c39607d9" />
    <UnitTestResult executionId="8ecff734-859e-40d6-a692-2c0163cd08b3" testId="ebee72bd-8a61-4656-9c9b-ee37ecc95c15" testName="Test6782" computerName="UA-LPT-OGA2" duration="00:00:01.3750000" startTime="2025-05-14T13:20:31.3146610Z" endTime="2025-05-14T13:25:31.3147553Z" testType="13cdc9d9-ddb5-4fa4-a97d-d965ccfc6d4b" outcome="Passed" testListId="fafec233-113b-460a-966a-1c91c39607d9" />
    <UnitTestResult executionId="1ee33b53-1815-4b87-b710-4dc9274c41e3" testId="09d604ea-e130-47ce-aa8b-b8e7d9a89c41" testName="Test6783" computerName="UA-LPT-OGA2" duration="00:00:01.4670000" startTime="2025-05-14T13:20:31.3146610Z" endTime="2025-05-14T13:25:31.3147553Z" testType="13cdc9d9-ddb5-4fa4-a97d-d965ccfc6d4b" outcome="Failed" testListId="fafec233-113b-460a-966a-1c91c39607d9">
      <Output>
        <ErrorInfo>
          <Message>Assertion failed: Expected value did not match actual value.</Message>
          <StackTrace>   at TestNamespace.TestClass.Test() in TestClass.cs:line 347</StackTrace>
        </ErrorInfo>
      </Output>
    </UnitTestResult>
    <UnitTestResult executionId="9502a22b-d36f-46a3-ac5a-096f0225fc0f" testId="cfd91f11-aa8c-4d65-b443-b1fa4b80d28e" testName="Test6784" computerName="UA-LPT-OGA2" duration="00:00:00.9540000" startTime="2025-05-14T13:20:31.3146610Z" endTime="2025-05-14T13:25:31.3147553Z" testType="13cdc9d9-ddb5-4fa4-a97d-d965ccfc6d4b" outcome="Passed" testListId="fafec233-113b-460a-966a-1c91c39607d9" />
    <UnitTestResult executionId="d1ea2cde-b021-4032-a232-7d3e6d20011a" testId="3e3676bb-5929-445f-8493-9aaa4052d94d" testName="Test6785" computerName="UA-LPT-OGA2" duration="00:00:00.6470000" startTime="2025-05-14T13:20:31.3146610Z" endTime="2025-05-14T13:25:31.3147553Z" testType="13cdc9d9-ddb5-4fa4-a97d-d965ccfc6d4b" outcome="Passed" testListId="fafec233-113b-460a-966a-1c91c39607d9" />
    <UnitTestResult executionId="0d7ae20b-c835-4a48-a25c-d4586f33be21" testId="bf38b297-5c6a-4d74-90ed-1e2f342ed6c2" testName="Test6786" computerName="UA-LPT-OGA2" duration="00:00:01.8360000" startTime="2025-05-14T13:20:31.3146610Z" endTime="2025-05-14T13:25:31.3147553Z" testType="13cdc9d9-ddb5-4fa4-a97d-d965ccfc6d4b" outcome="Passed" testListId="fafec233-113b-460a-966a-1c91c39607d9" />
    <UnitTestResult executionId="3f4bb8c9-e4c5-49cc-9a4b-59942e8386c0" testId="3ec8bbb5-f48a-4e3f-a4e4-f23e3fbe57e1" testName="Test6787" computerName="UA-LPT-OGA2" duration="00:00:01.0320000" startTime="2025-05-14T13:20:31.3146610Z" endTime="2025-05-14T13:25:31.3147553Z" testType="13cdc9d9-ddb5-4fa4-a97d-d965ccfc6d4b" outcome="Passed" testListId="fafec233-113b-460a-966a-1c91c39607d9" />
    <UnitTestResult executionId="6f2b3924-d0ee-44a8-b0d6-d7e7bd32a817" testId="2546e462-76ba-41f3-92e0-544f4100c235" testName="Test6788" computerName="UA-LPT-OGA2" duration="00:00:01.8970000" startTime="2025-05-14T13:20:31.3146610Z" endTime="2025-05-14T13:25:31.3147553Z" testType="13cdc9d9-ddb5-4fa4-a97d-d965ccfc6d4b" outcome="Passed" testListId="fafec233-113b-460a-966a-1c91c39607d9" />
    <UnitTestResult executionId="4de9364f-3cc2-4d9a-8daf-0ce2d9944453" testId="bf221d79-3e77-4759-a9be-d31962d795c4" testName="Test6789" computerName="UA-LPT-OGA2" duration="00:00:00.1250000" startTime="2025-05-14T13:20:31.3146610Z" endTime="2025-05-14T13:25:31.3147553Z" testType="13cdc9d9-ddb5-4fa4-a97d-d965ccfc6d4b" outcome="Passed" testListId="fafec233-113b-460a-966a-1c91c39607d9" />
    <UnitTestResult executionId="f71efccd-1f5c-4a55-9631-87448dbd6020" testId="723d2864-64b8-4ffd-b231-e259c49fc0f7" testName="Test6790" computerName="UA-LPT-OGA2" duration="00:00:00.4820000" startTime="2025-05-14T13:20:31.3146610Z" endTime="2025-05-14T13:25:31.3147553Z" testType="13cdc9d9-ddb5-4fa4-a97d-d965ccfc6d4b" outcome="Passed" testListId="fafec233-113b-460a-966a-1c91c39607d9" />
    <UnitTestResult executionId="30cf80e1-049b-4005-ae54-5ab2403c318f" testId="db9cdadd-aa88-4b01-b1cb-54b7ffdaa823" testName="Test6791" computerName="UA-LPT-OGA2" duration="00:00:00.0120000" startTime="2025-05-14T13:20:31.3146610Z" endTime="2025-05-14T13:25:31.3147553Z" testType="13cdc9d9-ddb5-4fa4-a97d-d965ccfc6d4b" outcome="Passed" testListId="fafec233-113b-460a-966a-1c91c39607d9" />
    <UnitTestResult executionId="bfd6aecd-41ec-48c7-a7fc-5d595cac337c" testId="3b28bf67-8a50-4cac-a240-2091e9b6e647" testName="Test6792" computerName="UA-LPT-OGA2" duration="00:00:00.7990000" startTime="2025-05-14T13:20:31.3146610Z" endTime="2025-05-14T13:25:31.3147553Z" testType="13cdc9d9-ddb5-4fa4-a97d-d965ccfc6d4b" outcome="Passed" testListId="fafec233-113b-460a-966a-1c91c39607d9" />
    <UnitTestResult executionId="8f4c867d-b9f4-4451-8182-752412e0d2eb" testId="87260446-5a2d-428d-9067-73cda481d6fa" testName="Test6793" computerName="UA-LPT-OGA2" duration="00:00:01.0430000" startTime="2025-05-14T13:20:31.3146610Z" endTime="2025-05-14T13:25:31.3147553Z" testType="13cdc9d9-ddb5-4fa4-a97d-d965ccfc6d4b" outcome="Passed" testListId="fafec233-113b-460a-966a-1c91c39607d9" />
    <UnitTestResult executionId="4fd74da0-aa3f-4de6-adea-e455f876d8d1" testId="b6a36127-61ba-4df9-a894-a7c612fc754b" testName="Test6794" computerName="UA-LPT-OGA2" duration="00:00:01.2440000" startTime="2025-05-14T13:20:31.3146610Z" endTime="2025-05-14T13:25:31.3147553Z" testType="13cdc9d9-ddb5-4fa4-a97d-d965ccfc6d4b" outcome="Passed" testListId="fafec233-113b-460a-966a-1c91c39607d9" />
    <UnitTestResult executionId="7607f528-f240-4ffd-b838-3efffb4e1955" testId="e0de50bc-b07a-4d07-98ad-3aa8ab11ff2f" testName="Test6795" computerName="UA-LPT-OGA2" duration="00:00:00.5250000" startTime="2025-05-14T13:20:31.3146610Z" endTime="2025-05-14T13:25:31.3147553Z" testType="13cdc9d9-ddb5-4fa4-a97d-d965ccfc6d4b" outcome="Failed" testListId="fafec233-113b-460a-966a-1c91c39607d9">
      <Output>
        <ErrorInfo>
          <Message>Assertion failed: Expected value did not match actual value.</Message>
          <StackTrace>   at TestNamespace.TestClass.Test() in TestClass.cs:line 106</StackTrace>
        </ErrorInfo>
      </Output>
    </UnitTestResult>
    <UnitTestResult executionId="b5815eb3-16e1-42b1-9727-d70f00264a91" testId="b87d744b-5456-4c8f-8fe4-9b434d72589a" testName="Test6796" computerName="UA-LPT-OGA2" duration="00:00:00.2410000" startTime="2025-05-14T13:20:31.3146610Z" endTime="2025-05-14T13:25:31.3147553Z" testType="13cdc9d9-ddb5-4fa4-a97d-d965ccfc6d4b" outcome="Passed" testListId="fafec233-113b-460a-966a-1c91c39607d9" />
    <UnitTestResult executionId="a3e44b5a-77ba-456b-8f94-3589ee5dfe10" testId="af2b102a-054f-4c9d-b964-0cf2523122fb" testName="Test6797" computerName="UA-LPT-OGA2" duration="00:00:01.6540000" startTime="2025-05-14T13:20:31.3146610Z" endTime="2025-05-14T13:25:31.3147553Z" testType="13cdc9d9-ddb5-4fa4-a97d-d965ccfc6d4b" outcome="Passed" testListId="fafec233-113b-460a-966a-1c91c39607d9" />
    <UnitTestResult executionId="1c7cc1a1-40cb-499a-a405-0feeb8585d63" testId="fdc9f49d-b1c7-41e5-b149-495337ecd3e1" testName="Test6798" computerName="UA-LPT-OGA2" duration="00:00:00.9330000" startTime="2025-05-14T13:20:31.3146610Z" endTime="2025-05-14T13:25:31.3147553Z" testType="13cdc9d9-ddb5-4fa4-a97d-d965ccfc6d4b" outcome="Passed" testListId="fafec233-113b-460a-966a-1c91c39607d9" />
    <UnitTestResult executionId="da4aeaf7-5c88-479b-b482-725bcbfc9ef7" testId="1000fc12-7355-4d5a-9fad-c8e02b8610cc" testName="Test6799" computerName="UA-LPT-OGA2" duration="00:00:00.0250000" startTime="2025-05-14T13:20:31.3146610Z" endTime="2025-05-14T13:25:31.3147553Z" testType="13cdc9d9-ddb5-4fa4-a97d-d965ccfc6d4b" outcome="Failed" testListId="fafec233-113b-460a-966a-1c91c39607d9">
      <Output>
        <ErrorInfo>
          <Message>Assertion failed: Expected value did not match actual value.</Message>
          <StackTrace>   at TestNamespace.TestClass.Test() in TestClass.cs:line 235</StackTrace>
        </ErrorInfo>
      </Output>
    </UnitTestResult>
    <UnitTestResult executionId="d3cea9af-05b3-452f-ae51-19f219daf6c3" testId="83200c9a-514f-461b-8ffe-f29a6c46d8b2" testName="Test6800" computerName="UA-LPT-OGA2" duration="00:00:00.1740000" startTime="2025-05-14T13:20:31.3146610Z" endTime="2025-05-14T13:25:31.3147553Z" testType="13cdc9d9-ddb5-4fa4-a97d-d965ccfc6d4b" outcome="Passed" testListId="fafec233-113b-460a-966a-1c91c39607d9" />
  </Results>
  <TestDefinitions>
    <UnitTest name="Test6701" id="9ce232f2-ff53-4f01-a99e-e371a1a62e99" storage="TestAssembly.dll">
      <Execution id="d7b4dee3-582b-448b-b066-8d069a78e717" />
      <TestMethod codeBase="TestAssembly.dll" className="TestNamespace.TestClass1" name="Test6701" />
    </UnitTest>
    <UnitTest name="Test6702" id="2ca8820a-9298-42eb-8f36-2c75ea413e66" storage="TestAssembly.dll">
      <Execution id="bb37c919-d503-49bd-bfef-dc79c3205661" />
      <TestMethod codeBase="TestAssembly.dll" className="TestNamespace.TestClass1" name="Test6702" />
    </UnitTest>
    <UnitTest name="Test6703" id="51210156-130e-4150-b9d4-29e6966d0ab9" storage="TestAssembly.dll">
      <Execution id="47d37304-540e-4147-9e1c-d8c4e903735d" />
      <TestMethod codeBase="TestAssembly.dll" className="TestNamespace.TestClass1" name="Test6703" />
    </UnitTest>
    <UnitTest name="Test6704" id="abdb0835-2686-4d73-b70c-5d1e0ee9f0c1" storage="TestAssembly.dll">
      <Execution id="4020b6d0-1f0e-456c-9ade-621b9de2be3d" />
      <TestMethod codeBase="TestAssembly.dll" className="TestNamespace.TestClass1" name="Test6704" />
    </UnitTest>
    <UnitTest name="Test6705" id="f1d3bd6d-d5d8-4ad5-933f-0e46505302f9" storage="TestAssembly.dll">
      <Execution id="9d921f23-396d-4ff3-81db-303040238bf4" />
      <TestMethod codeBase="TestAssembly.dll" className="TestNamespace.TestClass1" name="Test6705" />
    </UnitTest>
    <UnitTest name="Test6706" id="be52e93f-2f35-4c87-aba4-d30132ece3bd" storage="TestAssembly.dll">
      <Execution id="3433a630-de03-48de-9d18-345d47af5c39" />
      <TestMethod codeBase="TestAssembly.dll" className="TestNamespace.TestClass1" name="Test6706" />
    </UnitTest>
    <UnitTest name="Test6707" id="db7ad2fd-b764-4936-873d-e18502b3ee4d" storage="TestAssembly.dll">
      <Execution id="b6174e77-6134-45fe-94d7-ac39e83d5324" />
      <TestMethod codeBase="TestAssembly.dll" className="TestNamespace.TestClass1" name="Test6707" />
    </UnitTest>
    <UnitTest name="Test6708" id="81cd50da-b38f-4897-aa0c-8e99e406b7ab" storage="TestAssembly.dll">
      <Execution id="ca8b8e92-1d39-4eb4-bce3-b55dd96c743f" />
      <TestMethod codeBase="TestAssembly.dll" className="TestNamespace.TestClass1" name="Test6708" />
    </UnitTest>
    <UnitTest name="Test6709" id="553795eb-9519-4f3b-bcf7-1dbbb4315ed9" storage="TestAssembly.dll">
      <Execution id="bfe2d032-3682-430f-99d5-4b3eeb6ff333" />
      <TestMethod codeBase="TestAssembly.dll" className="TestNamespace.TestClass1" name="Test6709" />
    </UnitTest>
    <UnitTest name="Test6710" id="9f953fc3-59ca-4716-b81b-84a6d2dc5fe1" storage="TestAssembly.dll">
      <Execution id="0af29379-f4d3-46c9-99b8-7dc65bdc8cdc" />
      <TestMethod codeBase="TestAssembly.dll" className="TestNamespace.TestClass1" name="Test6710" />
    </UnitTest>
    <UnitTest name="Test6711" id="0d6d6fd5-5cab-418d-8f43-caa5e5f37429" storage="TestAssembly.dll">
      <Execution id="0a250159-90fa-4427-9fd3-12161dc2787c" />
      <TestMethod codeBase="TestAssembly.dll" className="TestNamespace.TestClass2" name="Test6711" />
    </UnitTest>
    <UnitTest name="Test6712" id="b80242e0-37a9-4be2-a79e-a0e9a8db0f72" storage="TestAssembly.dll">
      <Execution id="5ee86bf6-5f1c-4130-81c5-e53171b8fb44" />
      <TestMethod codeBase="TestAssembly.dll" className="TestNamespace.TestClass2" name="Test6712" />
    </UnitTest>
    <UnitTest name="Test6713" id="aa5c6355-acd0-459a-8b90-26cb27d157c4" storage="TestAssembly.dll">
      <Execution id="978f70d7-a83d-4aa8-abc7-e60ec544195f" />
      <TestMethod codeBase="TestAssembly.dll" className="TestNamespace.TestClass2" name="Test6713" />
    </UnitTest>
    <UnitTest name="Test6714" id="174150ec-024d-47ce-b002-4d41480dde05" storage="TestAssembly.dll">
      <Execution id="b0293b9a-a5ca-4f92-a965-1671b8cc2e7b" />
      <TestMethod codeBase="TestAssembly.dll" className="TestNamespace.TestClass2" name="Test6714" />
    </UnitTest>
    <UnitTest name="Test6715" id="9af7d351-7d8a-46e3-9191-40ba042aba36" storage="TestAssembly.dll">
      <Execution id="a9808afd-f505-4ce8-86d3-ab5400b0f862" />
      <TestMethod codeBase="TestAssembly.dll" className="TestNamespace.TestClass2" name="Test6715" />
    </UnitTest>
    <UnitTest name="Test6716" id="5a1c72bd-91fe-4892-8601-7afab134a85e" storage="TestAssembly.dll">
      <Execution id="873ec342-e789-4422-85db-04ed8f9577ca" />
      <TestMethod codeBase="TestAssembly.dll" className="TestNamespace.TestClass2" name="Test6716" />
    </UnitTest>
    <UnitTest name="Test6717" id="9c76afa8-73fd-408f-9740-21356939e056" storage="TestAssembly.dll">
      <Execution id="8dc2f6c2-0e42-483e-a079-9dd4b7dfb7e2" />
      <TestMethod codeBase="TestAssembly.dll" className="TestNamespace.TestClass2" name="Test6717" />
    </UnitTest>
    <UnitTest name="Test6718" id="6c1bbef2-a180-4a5e-bb1d-cb88064f1372" storage="TestAssembly.dll">
      <Execution id="ca324bb2-26a1-47b8-bd25-c77124361314" />
      <TestMethod codeBase="TestAssembly.dll" className="TestNamespace.TestClass2" name="Test6718" />
    </UnitTest>
    <UnitTest name="Test6719" id="4e21db0f-44ef-4dc2-b104-216a343aaaa4" storage="TestAssembly.dll">
      <Execution id="432f17cf-ff13-40df-85ad-98efcc12683a" />
      <TestMethod codeBase="TestAssembly.dll" className="TestNamespace.TestClass2" name="Test6719" />
    </UnitTest>
    <UnitTest name="Test6720" id="9b8e3bb8-f3ba-4b05-a5c5-66df2121ed6d" storage="TestAssembly.dll">
      <Execution id="e7127964-3bac-4d6e-8b70-72f180d0fae2" />
      <TestMethod codeBase="TestAssembly.dll" className="TestNamespace.TestClass2" name="Test6720" />
    </UnitTest>
    <UnitTest name="Test6721" id="5a77360b-6886-4944-a1ec-6d16bed7ac71" storage="TestAssembly.dll">
      <Execution id="f96d0972-d4bb-4bfc-92cb-1ef2a4126b01" />
      <TestMethod codeBase="TestAssembly.dll" className="TestNamespace.TestClass3" name="Test6721" />
    </UnitTest>
    <UnitTest name="Test6722" id="8a9afb5d-b701-440b-a759-cdc0bc59cd0f" storage="TestAssembly.dll">
      <Execution id="6a69496d-b807-42c1-bc96-25cc3cf5cf01" />
      <TestMethod codeBase="TestAssembly.dll" className="TestNamespace.TestClass3" name="Test6722" />
    </UnitTest>
    <UnitTest name="Test6723" id="b1a1e5b9-4686-4d42-9cef-82359f6dbe06" storage="TestAssembly.dll">
      <Execution id="4023785c-6a57-47b8-8b7c-e7b5dfd3fa35" />
      <TestMethod codeBase="TestAssembly.dll" className="TestNamespace.TestClass3" name="Test6723" />
    </UnitTest>
    <UnitTest name="Test6724" id="638c6e6e-1475-42e1-86ca-3ff073ea361b" storage="TestAssembly.dll">
      <Execution id="868ee101-b799-4fa6-a959-b1948876e956" />
      <TestMethod codeBase="TestAssembly.dll" className="TestNamespace.TestClass3" name="Test6724" />
    </UnitTest>
    <UnitTest name="Test6725" id="390bcfbd-5495-4a5e-8b37-aa51aec36d92" storage="TestAssembly.dll">
      <Execution id="fe01b60b-c177-4677-815d-c27b6ba86d82" />
      <TestMethod codeBase="TestAssembly.dll" className="TestNamespace.TestClass3" name="Test6725" />
    </UnitTest>
    <UnitTest name="Test6726" id="77a8a1e6-1a67-476b-b5e5-12c20edae62b" storage="TestAssembly.dll">
      <Execution id="039d7a85-c950-4647-a2e9-370121cd653e" />
      <TestMethod codeBase="TestAssembly.dll" className="TestNamespace.TestClass3" name="Test6726" />
    </UnitTest>
    <UnitTest name="Test6727" id="362d2f36-d826-4c76-9c5e-b365eeebf315" storage="TestAssembly.dll">
      <Execution id="8dcde9ac-6fe7-46e1-9149-38961ed31079" />
      <TestMethod codeBase="TestAssembly.dll" className="TestNamespace.TestClass3" name="Test6727" />
    </UnitTest>
    <UnitTest name="Test6728" id="5c603722-5ff9-4978-acc4-509592fba2d5" storage="TestAssembly.dll">
      <Execution id="5425f8ea-3e2c-4dbe-ba13-09f63e2b1418" />
      <TestMethod codeBase="TestAssembly.dll" className="TestNamespace.TestClass3" name="Test6728" />
    </UnitTest>
    <UnitTest name="Test6729" id="73eaa501-e8cf-4e0f-9501-edb8498a5f64" storage="TestAssembly.dll">
      <Execution id="4400a8fa-2b4b-415f-8d02-fe64627245f6" />
      <TestMethod codeBase="TestAssembly.dll" className="TestNamespace.TestClass3" name="Test6729" />
    </UnitTest>
    <UnitTest name="Test6730" id="b081ee96-3876-4ff5-bea3-43abfd8cc2d3" storage="TestAssembly.dll">
      <Execution id="9297bbd6-44f5-4f4e-90e4-97df674a2e2c" />
      <TestMethod codeBase="TestAssembly.dll" className="TestNamespace.TestClass3" name="Test6730" />
    </UnitTest>
    <UnitTest name="Test6731" id="73c4080d-0570-4b3c-9cf3-74026b782f27" storage="TestAssembly.dll">
      <Execution id="b0f186be-a3d0-4a8c-bbbf-b052b03dbc57" />
      <TestMethod codeBase="TestAssembly.dll" className="TestNamespace.TestClass4" name="Test6731" />
    </UnitTest>
    <UnitTest name="Test6732" id="67599759-4cff-4a5e-9902-d67cab1e19e8" storage="TestAssembly.dll">
      <Execution id="9198f03c-e4df-4064-a76f-cadb8732cea4" />
      <TestMethod codeBase="TestAssembly.dll" className="TestNamespace.TestClass4" name="Test6732" />
    </UnitTest>
    <UnitTest name="Test6733" id="5e692b55-4a59-4b2f-8597-6efcba17aa7b" storage="TestAssembly.dll">
      <Execution id="19ac4293-be4b-430e-b9ab-91f75b3b7483" />
      <TestMethod codeBase="TestAssembly.dll" className="TestNamespace.TestClass4" name="Test6733" />
    </UnitTest>
    <UnitTest name="Test6734" id="377899c5-9e4a-43df-bb55-bfee66498eb2" storage="TestAssembly.dll">
      <Execution id="897a6b20-b9fe-4f04-823b-ebc825ac732e" />
      <TestMethod codeBase="TestAssembly.dll" className="TestNamespace.TestClass4" name="Test6734" />
    </UnitTest>
    <UnitTest name="Test6735" id="7e35c37d-5479-4bb7-af60-c709bcd4c9c9" storage="TestAssembly.dll">
      <Execution id="35f510a9-cef4-44d9-9324-44b060e965bc" />
      <TestMethod codeBase="TestAssembly.dll" className="TestNamespace.TestClass4" name="Test6735" />
    </UnitTest>
    <UnitTest name="Test6736" id="c29e4610-0227-4a70-b8bb-bd07f9af5fbf" storage="TestAssembly.dll">
      <Execution id="0c9a30c3-bb41-4751-a647-0a9403eba349" />
      <TestMethod codeBase="TestAssembly.dll" className="TestNamespace.TestClass4" name="Test6736" />
    </UnitTest>
    <UnitTest name="Test6737" id="7253d5a9-ca2e-40fc-a844-d624df854606" storage="TestAssembly.dll">
      <Execution id="26dfb36e-108c-4f42-93d6-93fe58234942" />
      <TestMethod codeBase="TestAssembly.dll" className="TestNamespace.TestClass4" name="Test6737" />
    </UnitTest>
    <UnitTest name="Test6738" id="2c031ea8-5f6d-4427-8ea2-e32b0a583aa5" storage="TestAssembly.dll">
      <Execution id="24af32b3-18d5-41b1-bbbd-e85c494dae7e" />
      <TestMethod codeBase="TestAssembly.dll" className="TestNamespace.TestClass4" name="Test6738" />
    </UnitTest>
    <UnitTest name="Test6739" id="bf4b93b8-4d3d-4d95-83e4-d3472d3f713d" storage="TestAssembly.dll">
      <Execution id="a12c0794-a6a4-4b88-ad21-1e64b7214da8" />
      <TestMethod codeBase="TestAssembly.dll" className="TestNamespace.TestClass4" name="Test6739" />
    </UnitTest>
    <UnitTest name="Test6740" id="96bcc9f1-541f-4754-abdf-215e4a727787" storage="TestAssembly.dll">
      <Execution id="207c57d0-ad7d-44e6-b85b-4b5b84086315" />
      <TestMethod codeBase="TestAssembly.dll" className="TestNamespace.TestClass4" name="Test6740" />
    </UnitTest>
    <UnitTest name="Test6741" id="dec2effd-c99f-49cc-9c93-e7bcf42925d6" storage="TestAssembly.dll">
      <Execution id="cbf4feda-dff8-45bf-8700-d82c287889c9" />
      <TestMethod codeBase="TestAssembly.dll" className="TestNamespace.TestClass5" name="Test6741" />
    </UnitTest>
    <UnitTest name="Test6742" id="a1b8775c-206b-4145-9c06-12fed0910060" storage="TestAssembly.dll">
      <Execution id="1d6e3136-e321-4755-a524-9b6c4a938a8c" />
      <TestMethod codeBase="TestAssembly.dll" className="TestNamespace.TestClass5" name="Test6742" />
    </UnitTest>
    <UnitTest name="Test6743" id="fe3509bf-f952-43ca-bd48-c83cd9c2b225" storage="TestAssembly.dll">
      <Execution id="09bea65d-607a-4f8d-8516-1a6cbaa384ec" />
      <TestMethod codeBase="TestAssembly.dll" className="TestNamespace.TestClass5" name="Test6743" />
    </UnitTest>
    <UnitTest name="Test6744" id="a87509fe-8fd6-4ccf-95a1-ea27845764da" storage="TestAssembly.dll">
      <Execution id="e71075c8-b0d4-405f-9053-e698fce24503" />
      <TestMethod codeBase="TestAssembly.dll" className="TestNamespace.TestClass5" name="Test6744" />
    </UnitTest>
    <UnitTest name="Test6745" id="35c614e4-ea98-44a8-be4e-150de1f46821" storage="TestAssembly.dll">
      <Execution id="a77ecfab-d6ce-4a5e-8064-cfc8663dee33" />
      <TestMethod codeBase="TestAssembly.dll" className="TestNamespace.TestClass5" name="Test6745" />
    </UnitTest>
    <UnitTest name="Test6746" id="d4cccc29-716e-4876-a31f-5beeefea495c" storage="TestAssembly.dll">
      <Execution id="43c0f2c9-0cde-45cf-bd0f-afbd632f92da" />
      <TestMethod codeBase="TestAssembly.dll" className="TestNamespace.TestClass5" name="Test6746" />
    </UnitTest>
    <UnitTest name="Test6747" id="e09d3aa0-0bf6-4596-a651-0125c9db480e" storage="TestAssembly.dll">
      <Execution id="07177a72-762a-457e-b6d3-f3ed87631dcb" />
      <TestMethod codeBase="TestAssembly.dll" className="TestNamespace.TestClass5" name="Test6747" />
    </UnitTest>
    <UnitTest name="Test6748" id="8335db73-32c7-40ae-abf6-4ac3fa8b1944" storage="TestAssembly.dll">
      <Execution id="d11028cd-3290-48fd-8f2e-8872e7b91508" />
      <TestMethod codeBase="TestAssembly.dll" className="TestNamespace.TestClass5" name="Test6748" />
    </UnitTest>
    <UnitTest name="Test6749" id="ae78564b-7bff-45cf-82a2-73d718bb989e" storage="TestAssembly.dll">
      <Execution id="9c992d28-bc57-4ffa-9e9e-3635d2f7da73" />
      <TestMethod codeBase="TestAssembly.dll" className="TestNamespace.TestClass5" name="Test6749" />
    </UnitTest>
    <UnitTest name="Test6750" id="7d7db9b4-1f18-426a-970e-fcaa675a2263" storage="TestAssembly.dll">
      <Execution id="5edeefe9-86db-43f7-beb1-ac6e3fcb45b2" />
      <TestMethod codeBase="TestAssembly.dll" className="TestNamespace.TestClass5" name="Test6750" />
    </UnitTest>
    <UnitTest name="Test6751" id="26ffd9cf-e533-4bd8-aa34-dc06739c7b68" storage="TestAssembly.dll">
      <Execution id="bbeced3f-ce8f-4ed5-bb4e-a757db5c7de3" />
      <TestMethod codeBase="TestAssembly.dll" className="TestNamespace.TestClass6" name="Test6751" />
    </UnitTest>
    <UnitTest name="Test6752" id="a6c29d5a-6059-49b7-a5c7-301aa95bfad5" storage="TestAssembly.dll">
      <Execution id="ea96a257-c457-4505-8ccd-90410c348b06" />
      <TestMethod codeBase="TestAssembly.dll" className="TestNamespace.TestClass6" name="Test6752" />
    </UnitTest>
    <UnitTest name="Test6753" id="b1ceea71-e931-4213-a451-ae309038028c" storage="TestAssembly.dll">
      <Execution id="2966bad1-2e87-4867-b0ad-ff295390e521" />
      <TestMethod codeBase="TestAssembly.dll" className="TestNamespace.TestClass6" name="Test6753" />
    </UnitTest>
    <UnitTest name="Test6754" id="cc5db02d-bfd7-4d6f-8fe7-186f43c42036" storage="TestAssembly.dll">
      <Execution id="3d1a5a56-642b-40ac-bf1a-02eecae04bb0" />
      <TestMethod codeBase="TestAssembly.dll" className="TestNamespace.TestClass6" name="Test6754" />
    </UnitTest>
    <UnitTest name="Test6755" id="77aa1cb7-5ea1-440e-9a20-3238d6d9453a" storage="TestAssembly.dll">
      <Execution id="aa426187-37c2-4bd2-b9c8-145fdf9e3dae" />
      <TestMethod codeBase="TestAssembly.dll" className="TestNamespace.TestClass6" name="Test6755" />
    </UnitTest>
    <UnitTest name="Test6756" id="1bac42a4-3424-40bc-94d3-d1f824e62e68" storage="TestAssembly.dll">
      <Execution id="cee66e44-7145-4efa-beac-3cbe5cc6c14a" />
      <TestMethod codeBase="TestAssembly.dll" className="TestNamespace.TestClass6" name="Test6756" />
    </UnitTest>
    <UnitTest name="Test6757" id="3725edd7-2800-49ec-86e5-cac170e2e87f" storage="TestAssembly.dll">
      <Execution id="f3cdb8af-2fc0-4d4d-889d-1b31c763ccec" />
      <TestMethod codeBase="TestAssembly.dll" className="TestNamespace.TestClass6" name="Test6757" />
    </UnitTest>
    <UnitTest name="Test6758" id="9f0a177c-b768-4fb7-ae0a-ccf8a5bfb7bc" storage="TestAssembly.dll">
      <Execution id="c94e800c-c707-4289-8913-d124d5a9ebb6" />
      <TestMethod codeBase="TestAssembly.dll" className="TestNamespace.TestClass6" name="Test6758" />
    </UnitTest>
    <UnitTest name="Test6759" id="f728e529-5037-4e67-a18c-33f80f665e07" storage="TestAssembly.dll">
      <Execution id="04c6906d-c621-4ab2-9bec-d7b3f59b18e8" />
      <TestMethod codeBase="TestAssembly.dll" className="TestNamespace.TestClass6" name="Test6759" />
    </UnitTest>
    <UnitTest name="Test6760" id="c64fcfb3-c2b9-4753-92ac-f085d6dbdec9" storage="TestAssembly.dll">
      <Execution id="02ddc2bc-d724-4fb6-9c61-20619054db79" />
      <TestMethod codeBase="TestAssembly.dll" className="TestNamespace.TestClass6" name="Test6760" />
    </UnitTest>
    <UnitTest name="Test6761" id="f31e1321-e010-4df8-85ab-2809df0b128b" storage="TestAssembly.dll">
      <Execution id="16325761-09d7-483a-b955-b55aa93e05f0" />
      <TestMethod codeBase="TestAssembly.dll" className="TestNamespace.TestClass7" name="Test6761" />
    </UnitTest>
    <UnitTest name="Test6762" id="4b9b3362-f886-4d59-89b0-0c91e8cdd18c" storage="TestAssembly.dll">
      <Execution id="74aa8cc1-a997-4730-9d98-104fcf228db3" />
      <TestMethod codeBase="TestAssembly.dll" className="TestNamespace.TestClass7" name="Test6762" />
    </UnitTest>
    <UnitTest name="Test6763" id="81f2cc0f-1929-4254-826e-3efc9d6aa73e" storage="TestAssembly.dll">
      <Execution id="17d63e75-4415-4d63-9374-0a8a88b3a385" />
      <TestMethod codeBase="TestAssembly.dll" className="TestNamespace.TestClass7" name="Test6763" />
    </UnitTest>
    <UnitTest name="Test6764" id="6306a62a-66d2-4b84-a5e6-ca701d9f2f45" storage="TestAssembly.dll">
      <Execution id="b0ab43bc-e405-4b52-aac9-79e30cc25f0c" />
      <TestMethod codeBase="TestAssembly.dll" className="TestNamespace.TestClass7" name="Test6764" />
    </UnitTest>
    <UnitTest name="Test6765" id="4731c5f9-b273-4214-b03d-3efc2e3c753a" storage="TestAssembly.dll">
      <Execution id="babd1c4c-2541-4e74-9ccf-ec5f326be14e" />
      <TestMethod codeBase="TestAssembly.dll" className="TestNamespace.TestClass7" name="Test6765" />
    </UnitTest>
    <UnitTest name="Test6766" id="78be55ee-1aff-49f7-aea3-6e21c5943954" storage="TestAssembly.dll">
      <Execution id="5c726625-6aa4-46c6-a47d-11595b6be01e" />
      <TestMethod codeBase="TestAssembly.dll" className="TestNamespace.TestClass7" name="Test6766" />
    </UnitTest>
    <UnitTest name="Test6767" id="82d82ba1-86b6-422e-a662-d65cc82a3209" storage="TestAssembly.dll">
      <Execution id="339a6434-a635-4f5b-bea3-8516036731bd" />
      <TestMethod codeBase="TestAssembly.dll" className="TestNamespace.TestClass7" name="Test6767" />
    </UnitTest>
    <UnitTest name="Test6768" id="3e5c8af1-df69-49fc-8dd8-70d02463dba7" storage="TestAssembly.dll">
      <Execution id="31cf9475-abc1-4986-8905-95667d33e411" />
      <TestMethod codeBase="TestAssembly.dll" className="TestNamespace.TestClass7" name="Test6768" />
    </UnitTest>
    <UnitTest name="Test6769" id="5980a367-c649-48e4-abfe-8eaa97c248c5" storage="TestAssembly.dll">
      <Execution id="1a4c556c-a71c-444a-938d-bf4595dd97d9" />
      <TestMethod codeBase="TestAssembly.dll" className="TestNamespace.TestClass7" name="Test6769" />
    </UnitTest>
    <UnitTest name="Test6770" id="ff75bb92-8c00-413f-8070-24f1102e47f6" storage="TestAssembly.dll">
      <Execution id="585d84ad-cfe8-4c10-b974-cd7af60d41a8" />
      <TestMethod codeBase="TestAssembly.dll" className="TestNamespace.TestClass7" name="Test6770" />
    </UnitTest>
    <UnitTest name="Test6771" id="15d3b9be-e5f8-43b0-b2ba-c3db6c3a4a46" storage="TestAssembly.dll">
      <Execution id="1e605143-457f-4a34-bc27-9007ac2b0c0d" />
      <TestMethod codeBase="TestAssembly.dll" className="TestNamespace.TestClass8" name="Test6771" />
    </UnitTest>
    <UnitTest name="Test6772" id="5a2a2dcd-afec-4a2f-a250-df91c559e54e" storage="TestAssembly.dll">
      <Execution id="d014a630-c6a1-491f-97de-3bb45ddf5856" />
      <TestMethod codeBase="TestAssembly.dll" className="TestNamespace.TestClass8" name="Test6772" />
    </UnitTest>
    <UnitTest name="Test6773" id="7568cc10-f731-4ab0-8abe-ba06b189a2df" storage="TestAssembly.dll">
      <Execution id="db113ce7-cd2e-41ee-91b1-9bdff32f733b" />
      <TestMethod codeBase="TestAssembly.dll" className="TestNamespace.TestClass8" name="Test6773" />
    </UnitTest>
    <UnitTest name="Test6774" id="f78b84e0-1f77-4bd8-ac8a-bd3afcfb7879" storage="TestAssembly.dll">
      <Execution id="1463da69-9897-41d4-bb9a-62295d1bd006" />
      <TestMethod codeBase="TestAssembly.dll" className="TestNamespace.TestClass8" name="Test6774" />
    </UnitTest>
    <UnitTest name="Test6775" id="608df444-a4d5-499f-b211-44c48aed8a53" storage="TestAssembly.dll">
      <Execution id="dcb712fa-54e2-4353-a288-64601d7a2814" />
      <TestMethod codeBase="TestAssembly.dll" className="TestNamespace.TestClass8" name="Test6775" />
    </UnitTest>
    <UnitTest name="Test6776" id="ba764388-4cdc-4978-8369-4d2f68773572" storage="TestAssembly.dll">
      <Execution id="18e57e17-882d-4c47-b313-2bbf59512d1c" />
      <TestMethod codeBase="TestAssembly.dll" className="TestNamespace.TestClass8" name="Test6776" />
    </UnitTest>
    <UnitTest name="Test6777" id="ed31192c-3f2f-4157-afb3-0f40980da8d3" storage="TestAssembly.dll">
      <Execution id="08d6bb53-c698-4e35-8ac6-8d526efa8573" />
      <TestMethod codeBase="TestAssembly.dll" className="TestNamespace.TestClass8" name="Test6777" />
    </UnitTest>
    <UnitTest name="Test6778" id="41f52944-6f4d-406c-903c-7a3af79b968a" storage="TestAssembly.dll">
      <Execution id="6cf2ce36-cb66-40b2-94cf-faeeb0f1d10e" />
      <TestMethod codeBase="TestAssembly.dll" className="TestNamespace.TestClass8" name="Test6778" />
    </UnitTest>
    <UnitTest name="Test6779" id="caabe254-55c6-4062-8f2d-f99a540228b5" storage="TestAssembly.dll">
      <Execution id="60e5c8ae-5976-44ed-a5d9-b63e42d68d34" />
      <TestMethod codeBase="TestAssembly.dll" className="TestNamespace.TestClass8" name="Test6779" />
    </UnitTest>
    <UnitTest name="Test6780" id="ecc330a2-2c48-4119-af2b-f9c4c134c8e6" storage="TestAssembly.dll">
      <Execution id="28547598-c9f6-4d64-859a-9dcf9cda6953" />
      <TestMethod codeBase="TestAssembly.dll" className="TestNamespace.TestClass8" name="Test6780" />
    </UnitTest>
    <UnitTest name="Test6781" id="6d222a8e-a7d0-44cc-a935-3d09673f5b3a" storage="TestAssembly.dll">
      <Execution id="c4d0ebb6-1c49-4afa-8812-eb97c8313a24" />
      <TestMethod codeBase="TestAssembly.dll" className="TestNamespace.TestClass9" name="Test6781" />
    </UnitTest>
    <UnitTest name="Test6782" id="ebee72bd-8a61-4656-9c9b-ee37ecc95c15" storage="TestAssembly.dll">
      <Execution id="8ecff734-859e-40d6-a692-2c0163cd08b3" />
      <TestMethod codeBase="TestAssembly.dll" className="TestNamespace.TestClass9" name="Test6782" />
    </UnitTest>
    <UnitTest name="Test6783" id="09d604ea-e130-47ce-aa8b-b8e7d9a89c41" storage="TestAssembly.dll">
      <Execution id="1ee33b53-1815-4b87-b710-4dc9274c41e3" />
      <TestMethod codeBase="TestAssembly.dll" className="TestNamespace.TestClass9" name="Test6783" />
    </UnitTest>
    <UnitTest name="Test6784" id="cfd91f11-aa8c-4d65-b443-b1fa4b80d28e" storage="TestAssembly.dll">
      <Execution id="9502a22b-d36f-46a3-ac5a-096f0225fc0f" />
      <TestMethod codeBase="TestAssembly.dll" className="TestNamespace.TestClass9" name="Test6784" />
    </UnitTest>
    <UnitTest name="Test6785" id="3e3676bb-5929-445f-8493-9aaa4052d94d" storage="TestAssembly.dll">
      <Execution id="d1ea2cde-b021-4032-a232-7d3e6d20011a" />
      <TestMethod codeBase="TestAssembly.dll" className="TestNamespace.TestClass9" name="Test6785" />
    </UnitTest>
    <UnitTest name="Test6786" id="bf38b297-5c6a-4d74-90ed-1e2f342ed6c2" storage="TestAssembly.dll">
      <Execution id="0d7ae20b-c835-4a48-a25c-d4586f33be21" />
      <TestMethod codeBase="TestAssembly.dll" className="TestNamespace.TestClass9" name="Test6786" />
    </UnitTest>
    <UnitTest name="Test6787" id="3ec8bbb5-f48a-4e3f-a4e4-f23e3fbe57e1" storage="TestAssembly.dll">
      <Execution id="3f4bb8c9-e4c5-49cc-9a4b-59942e8386c0" />
      <TestMethod codeBase="TestAssembly.dll" className="TestNamespace.TestClass9" name="Test6787" />
    </UnitTest>
    <UnitTest name="Test6788" id="2546e462-76ba-41f3-92e0-544f4100c235" storage="TestAssembly.dll">
      <Execution id="6f2b3924-d0ee-44a8-b0d6-d7e7bd32a817" />
      <TestMethod codeBase="TestAssembly.dll" className="TestNamespace.TestClass9" name="Test6788" />
    </UnitTest>
    <UnitTest name="Test6789" id="bf221d79-3e77-4759-a9be-d31962d795c4" storage="TestAssembly.dll">
      <Execution id="4de9364f-3cc2-4d9a-8daf-0ce2d9944453" />
      <TestMethod codeBase="TestAssembly.dll" className="TestNamespace.TestClass9" name="Test6789" />
    </UnitTest>
    <UnitTest name="Test6790" id="723d2864-64b8-4ffd-b231-e259c49fc0f7" storage="TestAssembly.dll">
      <Execution id="f71efccd-1f5c-4a55-9631-87448dbd6020" />
      <TestMethod codeBase="TestAssembly.dll" className="TestNamespace.TestClass9" name="Test6790" />
    </UnitTest>
    <UnitTest name="Test6791" id="db9cdadd-aa88-4b01-b1cb-54b7ffdaa823" storage="TestAssembly.dll">
      <Execution id="30cf80e1-049b-4005-ae54-5ab2403c318f" />
      <TestMethod codeBase="TestAssembly.dll" className="TestNamespace.TestClass10" name="Test6791" />
    </UnitTest>
    <UnitTest name="Test6792" id="3b28bf67-8a50-4cac-a240-2091e9b6e647" storage="TestAssembly.dll">
      <Execution id="bfd6aecd-41ec-48c7-a7fc-5d595cac337c" />
      <TestMethod codeBase="TestAssembly.dll" className="TestNamespace.TestClass10" name="Test6792" />
    </UnitTest>
    <UnitTest name="Test6793" id="87260446-5a2d-428d-9067-73cda481d6fa" storage="TestAssembly.dll">
      <Execution id="8f4c867d-b9f4-4451-8182-752412e0d2eb" />
      <TestMethod codeBase="TestAssembly.dll" className="TestNamespace.TestClass10" name="Test6793" />
    </UnitTest>
    <UnitTest name="Test6794" id="b6a36127-61ba-4df9-a894-a7c612fc754b" storage="TestAssembly.dll">
      <Execution id="4fd74da0-aa3f-4de6-adea-e455f876d8d1" />
      <TestMethod codeBase="TestAssembly.dll" className="TestNamespace.TestClass10" name="Test6794" />
    </UnitTest>
    <UnitTest name="Test6795" id="e0de50bc-b07a-4d07-98ad-3aa8ab11ff2f" storage="TestAssembly.dll">
      <Execution id="7607f528-f240-4ffd-b838-3efffb4e1955" />
      <TestMethod codeBase="TestAssembly.dll" className="TestNamespace.TestClass10" name="Test6795" />
    </UnitTest>
    <UnitTest name="Test6796" id="b87d744b-5456-4c8f-8fe4-9b434d72589a" storage="TestAssembly.dll">
      <Execution id="b5815eb3-16e1-42b1-9727-d70f00264a91" />
      <TestMethod codeBase="TestAssembly.dll" className="TestNamespace.TestClass10" name="Test6796" />
    </UnitTest>
    <UnitTest name="Test6797" id="af2b102a-054f-4c9d-b964-0cf2523122fb" storage="TestAssembly.dll">
      <Execution id="a3e44b5a-77ba-456b-8f94-3589ee5dfe10" />
      <TestMethod codeBase="TestAssembly.dll" className="TestNamespace.TestClass10" name="Test6797" />
    </UnitTest>
    <UnitTest name="Test6798" id="fdc9f49d-b1c7-41e5-b149-495337ecd3e1" storage="TestAssembly.dll">
      <Execution id="1c7cc1a1-40cb-499a-a405-0feeb8585d63" />
      <TestMethod codeBase="TestAssembly.dll" className="TestNamespace.TestClass10" name="Test6798" />
    </UnitTest>
    <UnitTest name="Test6799" id="1000fc12-7355-4d5a-9fad-c8e02b8610cc" storage="TestAssembly.dll">
      <Execution id="da4aeaf7-5c88-479b-b482-725bcbfc9ef7" />
      <TestMethod codeBase="TestAssembly.dll" className="TestNamespace.TestClass10" name="Test6799" />
    </UnitTest>
    <UnitTest name="Test6800" id="83200c9a-514f-461b-8ffe-f29a6c46d8b2" storage="TestAssembly.dll">
      <Execution id="d3cea9af-05b3-452f-ae51-19f219daf6c3" />
      <TestMethod codeBase="TestAssembly.dll" className="TestNamespace.TestClass10" name="Test6800" />
    </UnitTest>
  </TestDefinitions>
  <TestEntries>
    <TestEntry testId="9ce232f2-ff53-4f01-a99e-e371a1a62e99" executionId="d7b4dee3-582b-448b-b066-8d069a78e717" testListId="fafec233-113b-460a-966a-1c91c39607d9" />
    <TestEntry testId="2ca8820a-9298-42eb-8f36-2c75ea413e66" executionId="bb37c919-d503-49bd-bfef-dc79c3205661" testListId="fafec233-113b-460a-966a-1c91c39607d9" />
    <TestEntry testId="51210156-130e-4150-b9d4-29e6966d0ab9" executionId="47d37304-540e-4147-9e1c-d8c4e903735d" testListId="fafec233-113b-460a-966a-1c91c39607d9" />
    <TestEntry testId="abdb0835-2686-4d73-b70c-5d1e0ee9f0c1" executionId="4020b6d0-1f0e-456c-9ade-621b9de2be3d" testListId="fafec233-113b-460a-966a-1c91c39607d9" />
    <TestEntry testId="f1d3bd6d-d5d8-4ad5-933f-0e46505302f9" executionId="9d921f23-396d-4ff3-81db-303040238bf4" testListId="fafec233-113b-460a-966a-1c91c39607d9" />
    <TestEntry testId="be52e93f-2f35-4c87-aba4-d30132ece3bd" executionId="3433a630-de03-48de-9d18-345d47af5c39" testListId="fafec233-113b-460a-966a-1c91c39607d9" />
    <TestEntry testId="db7ad2fd-b764-4936-873d-e18502b3ee4d" executionId="b6174e77-6134-45fe-94d7-ac39e83d5324" testListId="fafec233-113b-460a-966a-1c91c39607d9" />
    <TestEntry testId="81cd50da-b38f-4897-aa0c-8e99e406b7ab" executionId="ca8b8e92-1d39-4eb4-bce3-b55dd96c743f" testListId="fafec233-113b-460a-966a-1c91c39607d9" />
    <TestEntry testId="553795eb-9519-4f3b-bcf7-1dbbb4315ed9" executionId="bfe2d032-3682-430f-99d5-4b3eeb6ff333" testListId="fafec233-113b-460a-966a-1c91c39607d9" />
    <TestEntry testId="9f953fc3-59ca-4716-b81b-84a6d2dc5fe1" executionId="0af29379-f4d3-46c9-99b8-7dc65bdc8cdc" testListId="fafec233-113b-460a-966a-1c91c39607d9" />
    <TestEntry testId="0d6d6fd5-5cab-418d-8f43-caa5e5f37429" executionId="0a250159-90fa-4427-9fd3-12161dc2787c" testListId="fafec233-113b-460a-966a-1c91c39607d9" />
    <TestEntry testId="b80242e0-37a9-4be2-a79e-a0e9a8db0f72" executionId="5ee86bf6-5f1c-4130-81c5-e53171b8fb44" testListId="fafec233-113b-460a-966a-1c91c39607d9" />
    <TestEntry testId="aa5c6355-acd0-459a-8b90-26cb27d157c4" executionId="978f70d7-a83d-4aa8-abc7-e60ec544195f" testListId="fafec233-113b-460a-966a-1c91c39607d9" />
    <TestEntry testId="174150ec-024d-47ce-b002-4d41480dde05" executionId="b0293b9a-a5ca-4f92-a965-1671b8cc2e7b" testListId="fafec233-113b-460a-966a-1c91c39607d9" />
    <TestEntry testId="9af7d351-7d8a-46e3-9191-40ba042aba36" executionId="a9808afd-f505-4ce8-86d3-ab5400b0f862" testListId="fafec233-113b-460a-966a-1c91c39607d9" />
    <TestEntry testId="5a1c72bd-91fe-4892-8601-7afab134a85e" executionId="873ec342-e789-4422-85db-04ed8f9577ca" testListId="fafec233-113b-460a-966a-1c91c39607d9" />
    <TestEntry testId="9c76afa8-73fd-408f-9740-21356939e056" executionId="8dc2f6c2-0e42-483e-a079-9dd4b7dfb7e2" testListId="fafec233-113b-460a-966a-1c91c39607d9" />
    <TestEntry testId="6c1bbef2-a180-4a5e-bb1d-cb88064f1372" executionId="ca324bb2-26a1-47b8-bd25-c77124361314" testListId="fafec233-113b-460a-966a-1c91c39607d9" />
    <TestEntry testId="4e21db0f-44ef-4dc2-b104-216a343aaaa4" executionId="432f17cf-ff13-40df-85ad-98efcc12683a" testListId="fafec233-113b-460a-966a-1c91c39607d9" />
    <TestEntry testId="9b8e3bb8-f3ba-4b05-a5c5-66df2121ed6d" executionId="e7127964-3bac-4d6e-8b70-72f180d0fae2" testListId="fafec233-113b-460a-966a-1c91c39607d9" />
    <TestEntry testId="5a77360b-6886-4944-a1ec-6d16bed7ac71" executionId="f96d0972-d4bb-4bfc-92cb-1ef2a4126b01" testListId="fafec233-113b-460a-966a-1c91c39607d9" />
    <TestEntry testId="8a9afb5d-b701-440b-a759-cdc0bc59cd0f" executionId="6a69496d-b807-42c1-bc96-25cc3cf5cf01" testListId="fafec233-113b-460a-966a-1c91c39607d9" />
    <TestEntry testId="b1a1e5b9-4686-4d42-9cef-82359f6dbe06" executionId="4023785c-6a57-47b8-8b7c-e7b5dfd3fa35" testListId="fafec233-113b-460a-966a-1c91c39607d9" />
    <TestEntry testId="638c6e6e-1475-42e1-86ca-3ff073ea361b" executionId="868ee101-b799-4fa6-a959-b1948876e956" testListId="fafec233-113b-460a-966a-1c91c39607d9" />
    <TestEntry testId="390bcfbd-5495-4a5e-8b37-aa51aec36d92" executionId="fe01b60b-c177-4677-815d-c27b6ba86d82" testListId="fafec233-113b-460a-966a-1c91c39607d9" />
    <TestEntry testId="77a8a1e6-1a67-476b-b5e5-12c20edae62b" executionId="039d7a85-c950-4647-a2e9-370121cd653e" testListId="fafec233-113b-460a-966a-1c91c39607d9" />
    <TestEntry testId="362d2f36-d826-4c76-9c5e-b365eeebf315" executionId="8dcde9ac-6fe7-46e1-9149-38961ed31079" testListId="fafec233-113b-460a-966a-1c91c39607d9" />
    <TestEntry testId="5c603722-5ff9-4978-acc4-509592fba2d5" executionId="5425f8ea-3e2c-4dbe-ba13-09f63e2b1418" testListId="fafec233-113b-460a-966a-1c91c39607d9" />
    <TestEntry testId="73eaa501-e8cf-4e0f-9501-edb8498a5f64" executionId="4400a8fa-2b4b-415f-8d02-fe64627245f6" testListId="fafec233-113b-460a-966a-1c91c39607d9" />
    <TestEntry testId="b081ee96-3876-4ff5-bea3-43abfd8cc2d3" executionId="9297bbd6-44f5-4f4e-90e4-97df674a2e2c" testListId="fafec233-113b-460a-966a-1c91c39607d9" />
    <TestEntry testId="73c4080d-0570-4b3c-9cf3-74026b782f27" executionId="b0f186be-a3d0-4a8c-bbbf-b052b03dbc57" testListId="fafec233-113b-460a-966a-1c91c39607d9" />
    <TestEntry testId="67599759-4cff-4a5e-9902-d67cab1e19e8" executionId="9198f03c-e4df-4064-a76f-cadb8732cea4" testListId="fafec233-113b-460a-966a-1c91c39607d9" />
    <TestEntry testId="5e692b55-4a59-4b2f-8597-6efcba17aa7b" executionId="19ac4293-be4b-430e-b9ab-91f75b3b7483" testListId="fafec233-113b-460a-966a-1c91c39607d9" />
    <TestEntry testId="377899c5-9e4a-43df-bb55-bfee66498eb2" executionId="897a6b20-b9fe-4f04-823b-ebc825ac732e" testListId="fafec233-113b-460a-966a-1c91c39607d9" />
    <TestEntry testId="7e35c37d-5479-4bb7-af60-c709bcd4c9c9" executionId="35f510a9-cef4-44d9-9324-44b060e965bc" testListId="fafec233-113b-460a-966a-1c91c39607d9" />
    <TestEntry testId="c29e4610-0227-4a70-b8bb-bd07f9af5fbf" executionId="0c9a30c3-bb41-4751-a647-0a9403eba349" testListId="fafec233-113b-460a-966a-1c91c39607d9" />
    <TestEntry testId="7253d5a9-ca2e-40fc-a844-d624df854606" executionId="26dfb36e-108c-4f42-93d6-93fe58234942" testListId="fafec233-113b-460a-966a-1c91c39607d9" />
    <TestEntry testId="2c031ea8-5f6d-4427-8ea2-e32b0a583aa5" executionId="24af32b3-18d5-41b1-bbbd-e85c494dae7e" testListId="fafec233-113b-460a-966a-1c91c39607d9" />
    <TestEntry testId="bf4b93b8-4d3d-4d95-83e4-d3472d3f713d" executionId="a12c0794-a6a4-4b88-ad21-1e64b7214da8" testListId="fafec233-113b-460a-966a-1c91c39607d9" />
    <TestEntry testId="96bcc9f1-541f-4754-abdf-215e4a727787" executionId="207c57d0-ad7d-44e6-b85b-4b5b84086315" testListId="fafec233-113b-460a-966a-1c91c39607d9" />
    <TestEntry testId="dec2effd-c99f-49cc-9c93-e7bcf42925d6" executionId="cbf4feda-dff8-45bf-8700-d82c287889c9" testListId="fafec233-113b-460a-966a-1c91c39607d9" />
    <TestEntry testId="a1b8775c-206b-4145-9c06-12fed0910060" executionId="1d6e3136-e321-4755-a524-9b6c4a938a8c" testListId="fafec233-113b-460a-966a-1c91c39607d9" />
    <TestEntry testId="fe3509bf-f952-43ca-bd48-c83cd9c2b225" executionId="09bea65d-607a-4f8d-8516-1a6cbaa384ec" testListId="fafec233-113b-460a-966a-1c91c39607d9" />
    <TestEntry testId="a87509fe-8fd6-4ccf-95a1-ea27845764da" executionId="e71075c8-b0d4-405f-9053-e698fce24503" testListId="fafec233-113b-460a-966a-1c91c39607d9" />
    <TestEntry testId="35c614e4-ea98-44a8-be4e-150de1f46821" executionId="a77ecfab-d6ce-4a5e-8064-cfc8663dee33" testListId="fafec233-113b-460a-966a-1c91c39607d9" />
    <TestEntry testId="d4cccc29-716e-4876-a31f-5beeefea495c" executionId="43c0f2c9-0cde-45cf-bd0f-afbd632f92da" testListId="fafec233-113b-460a-966a-1c91c39607d9" />
    <TestEntry testId="e09d3aa0-0bf6-4596-a651-0125c9db480e" executionId="07177a72-762a-457e-b6d3-f3ed87631dcb" testListId="fafec233-113b-460a-966a-1c91c39607d9" />
    <TestEntry testId="8335db73-32c7-40ae-abf6-4ac3fa8b1944" executionId="d11028cd-3290-48fd-8f2e-8872e7b91508" testListId="fafec233-113b-460a-966a-1c91c39607d9" />
    <TestEntry testId="ae78564b-7bff-45cf-82a2-73d718bb989e" executionId="9c992d28-bc57-4ffa-9e9e-3635d2f7da73" testListId="fafec233-113b-460a-966a-1c91c39607d9" />
    <TestEntry testId="7d7db9b4-1f18-426a-970e-fcaa675a2263" executionId="5edeefe9-86db-43f7-beb1-ac6e3fcb45b2" testListId="fafec233-113b-460a-966a-1c91c39607d9" />
    <TestEntry testId="26ffd9cf-e533-4bd8-aa34-dc06739c7b68" executionId="bbeced3f-ce8f-4ed5-bb4e-a757db5c7de3" testListId="fafec233-113b-460a-966a-1c91c39607d9" />
    <TestEntry testId="a6c29d5a-6059-49b7-a5c7-301aa95bfad5" executionId="ea96a257-c457-4505-8ccd-90410c348b06" testListId="fafec233-113b-460a-966a-1c91c39607d9" />
    <TestEntry testId="b1ceea71-e931-4213-a451-ae309038028c" executionId="2966bad1-2e87-4867-b0ad-ff295390e521" testListId="fafec233-113b-460a-966a-1c91c39607d9" />
    <TestEntry testId="cc5db02d-bfd7-4d6f-8fe7-186f43c42036" executionId="3d1a5a56-642b-40ac-bf1a-02eecae04bb0" testListId="fafec233-113b-460a-966a-1c91c39607d9" />
    <TestEntry testId="77aa1cb7-5ea1-440e-9a20-3238d6d9453a" executionId="aa426187-37c2-4bd2-b9c8-145fdf9e3dae" testListId="fafec233-113b-460a-966a-1c91c39607d9" />
    <TestEntry testId="1bac42a4-3424-40bc-94d3-d1f824e62e68" executionId="cee66e44-7145-4efa-beac-3cbe5cc6c14a" testListId="fafec233-113b-460a-966a-1c91c39607d9" />
    <TestEntry testId="3725edd7-2800-49ec-86e5-cac170e2e87f" executionId="f3cdb8af-2fc0-4d4d-889d-1b31c763ccec" testListId="fafec233-113b-460a-966a-1c91c39607d9" />
    <TestEntry testId="9f0a177c-b768-4fb7-ae0a-ccf8a5bfb7bc" executionId="c94e800c-c707-4289-8913-d124d5a9ebb6" testListId="fafec233-113b-460a-966a-1c91c39607d9" />
    <TestEntry testId="f728e529-5037-4e67-a18c-33f80f665e07" executionId="04c6906d-c621-4ab2-9bec-d7b3f59b18e8" testListId="fafec233-113b-460a-966a-1c91c39607d9" />
    <TestEntry testId="c64fcfb3-c2b9-4753-92ac-f085d6dbdec9" executionId="02ddc2bc-d724-4fb6-9c61-20619054db79" testListId="fafec233-113b-460a-966a-1c91c39607d9" />
    <TestEntry testId="f31e1321-e010-4df8-85ab-2809df0b128b" executionId="16325761-09d7-483a-b955-b55aa93e05f0" testListId="fafec233-113b-460a-966a-1c91c39607d9" />
    <TestEntry testId="4b9b3362-f886-4d59-89b0-0c91e8cdd18c" executionId="74aa8cc1-a997-4730-9d98-104fcf228db3" testListId="fafec233-113b-460a-966a-1c91c39607d9" />
    <TestEntry testId="81f2cc0f-1929-4254-826e-3efc9d6aa73e" executionId="17d63e75-4415-4d63-9374-0a8a88b3a385" testListId="fafec233-113b-460a-966a-1c91c39607d9" />
    <TestEntry testId="6306a62a-66d2-4b84-a5e6-ca701d9f2f45" executionId="b0ab43bc-e405-4b52-aac9-79e30cc25f0c" testListId="fafec233-113b-460a-966a-1c91c39607d9" />
    <TestEntry testId="4731c5f9-b273-4214-b03d-3efc2e3c753a" executionId="babd1c4c-2541-4e74-9ccf-ec5f326be14e" testListId="fafec233-113b-460a-966a-1c91c39607d9" />
    <TestEntry testId="78be55ee-1aff-49f7-aea3-6e21c5943954" executionId="5c726625-6aa4-46c6-a47d-11595b6be01e" testListId="fafec233-113b-460a-966a-1c91c39607d9" />
    <TestEntry testId="82d82ba1-86b6-422e-a662-d65cc82a3209" executionId="339a6434-a635-4f5b-bea3-8516036731bd" testListId="fafec233-113b-460a-966a-1c91c39607d9" />
    <TestEntry testId="3e5c8af1-df69-49fc-8dd8-70d02463dba7" executionId="31cf9475-abc1-4986-8905-95667d33e411" testListId="fafec233-113b-460a-966a-1c91c39607d9" />
    <TestEntry testId="5980a367-c649-48e4-abfe-8eaa97c248c5" executionId="1a4c556c-a71c-444a-938d-bf4595dd97d9" testListId="fafec233-113b-460a-966a-1c91c39607d9" />
    <TestEntry testId="ff75bb92-8c00-413f-8070-24f1102e47f6" executionId="585d84ad-cfe8-4c10-b974-cd7af60d41a8" testListId="fafec233-113b-460a-966a-1c91c39607d9" />
    <TestEntry testId="15d3b9be-e5f8-43b0-b2ba-c3db6c3a4a46" executionId="1e605143-457f-4a34-bc27-9007ac2b0c0d" testListId="fafec233-113b-460a-966a-1c91c39607d9" />
    <TestEntry testId="5a2a2dcd-afec-4a2f-a250-df91c559e54e" executionId="d014a630-c6a1-491f-97de-3bb45ddf5856" testListId="fafec233-113b-460a-966a-1c91c39607d9" />
    <TestEntry testId="7568cc10-f731-4ab0-8abe-ba06b189a2df" executionId="db113ce7-cd2e-41ee-91b1-9bdff32f733b" testListId="fafec233-113b-460a-966a-1c91c39607d9" />
    <TestEntry testId="f78b84e0-1f77-4bd8-ac8a-bd3afcfb7879" executionId="1463da69-9897-41d4-bb9a-62295d1bd006" testListId="fafec233-113b-460a-966a-1c91c39607d9" />
    <TestEntry testId="608df444-a4d5-499f-b211-44c48aed8a53" executionId="dcb712fa-54e2-4353-a288-64601d7a2814" testListId="fafec233-113b-460a-966a-1c91c39607d9" />
    <TestEntry testId="ba764388-4cdc-4978-8369-4d2f68773572" executionId="18e57e17-882d-4c47-b313-2bbf59512d1c" testListId="fafec233-113b-460a-966a-1c91c39607d9" />
    <TestEntry testId="ed31192c-3f2f-4157-afb3-0f40980da8d3" executionId="08d6bb53-c698-4e35-8ac6-8d526efa8573" testListId="fafec233-113b-460a-966a-1c91c39607d9" />
    <TestEntry testId="41f52944-6f4d-406c-903c-7a3af79b968a" executionId="6cf2ce36-cb66-40b2-94cf-faeeb0f1d10e" testListId="fafec233-113b-460a-966a-1c91c39607d9" />
    <TestEntry testId="caabe254-55c6-4062-8f2d-f99a540228b5" executionId="60e5c8ae-5976-44ed-a5d9-b63e42d68d34" testListId="fafec233-113b-460a-966a-1c91c39607d9" />
    <TestEntry testId="ecc330a2-2c48-4119-af2b-f9c4c134c8e6" executionId="28547598-c9f6-4d64-859a-9dcf9cda6953" testListId="fafec233-113b-460a-966a-1c91c39607d9" />
    <TestEntry testId="6d222a8e-a7d0-44cc-a935-3d09673f5b3a" executionId="c4d0ebb6-1c49-4afa-8812-eb97c8313a24" testListId="fafec233-113b-460a-966a-1c91c39607d9" />
    <TestEntry testId="ebee72bd-8a61-4656-9c9b-ee37ecc95c15" executionId="8ecff734-859e-40d6-a692-2c0163cd08b3" testListId="fafec233-113b-460a-966a-1c91c39607d9" />
    <TestEntry testId="09d604ea-e130-47ce-aa8b-b8e7d9a89c41" executionId="1ee33b53-1815-4b87-b710-4dc9274c41e3" testListId="fafec233-113b-460a-966a-1c91c39607d9" />
    <TestEntry testId="cfd91f11-aa8c-4d65-b443-b1fa4b80d28e" executionId="9502a22b-d36f-46a3-ac5a-096f0225fc0f" testListId="fafec233-113b-460a-966a-1c91c39607d9" />
    <TestEntry testId="3e3676bb-5929-445f-8493-9aaa4052d94d" executionId="d1ea2cde-b021-4032-a232-7d3e6d20011a" testListId="fafec233-113b-460a-966a-1c91c39607d9" />
    <TestEntry testId="bf38b297-5c6a-4d74-90ed-1e2f342ed6c2" executionId="0d7ae20b-c835-4a48-a25c-d4586f33be21" testListId="fafec233-113b-460a-966a-1c91c39607d9" />
    <TestEntry testId="3ec8bbb5-f48a-4e3f-a4e4-f23e3fbe57e1" executionId="3f4bb8c9-e4c5-49cc-9a4b-59942e8386c0" testListId="fafec233-113b-460a-966a-1c91c39607d9" />
    <TestEntry testId="2546e462-76ba-41f3-92e0-544f4100c235" executionId="6f2b3924-d0ee-44a8-b0d6-d7e7bd32a817" testListId="fafec233-113b-460a-966a-1c91c39607d9" />
    <TestEntry testId="bf221d79-3e77-4759-a9be-d31962d795c4" executionId="4de9364f-3cc2-4d9a-8daf-0ce2d9944453" testListId="fafec233-113b-460a-966a-1c91c39607d9" />
    <TestEntry testId="723d2864-64b8-4ffd-b231-e259c49fc0f7" executionId="f71efccd-1f5c-4a55-9631-87448dbd6020" testListId="fafec233-113b-460a-966a-1c91c39607d9" />
    <TestEntry testId="db9cdadd-aa88-4b01-b1cb-54b7ffdaa823" executionId="30cf80e1-049b-4005-ae54-5ab2403c318f" testListId="fafec233-113b-460a-966a-1c91c39607d9" />
    <TestEntry testId="3b28bf67-8a50-4cac-a240-2091e9b6e647" executionId="bfd6aecd-41ec-48c7-a7fc-5d595cac337c" testListId="fafec233-113b-460a-966a-1c91c39607d9" />
    <TestEntry testId="87260446-5a2d-428d-9067-73cda481d6fa" executionId="8f4c867d-b9f4-4451-8182-752412e0d2eb" testListId="fafec233-113b-460a-966a-1c91c39607d9" />
    <TestEntry testId="b6a36127-61ba-4df9-a894-a7c612fc754b" executionId="4fd74da0-aa3f-4de6-adea-e455f876d8d1" testListId="fafec233-113b-460a-966a-1c91c39607d9" />
    <TestEntry testId="e0de50bc-b07a-4d07-98ad-3aa8ab11ff2f" executionId="7607f528-f240-4ffd-b838-3efffb4e1955" testListId="fafec233-113b-460a-966a-1c91c39607d9" />
    <TestEntry testId="b87d744b-5456-4c8f-8fe4-9b434d72589a" executionId="b5815eb3-16e1-42b1-9727-d70f00264a91" testListId="fafec233-113b-460a-966a-1c91c39607d9" />
    <TestEntry testId="af2b102a-054f-4c9d-b964-0cf2523122fb" executionId="a3e44b5a-77ba-456b-8f94-3589ee5dfe10" testListId="fafec233-113b-460a-966a-1c91c39607d9" />
    <TestEntry testId="fdc9f49d-b1c7-41e5-b149-495337ecd3e1" executionId="1c7cc1a1-40cb-499a-a405-0feeb8585d63" testListId="fafec233-113b-460a-966a-1c91c39607d9" />
    <TestEntry testId="1000fc12-7355-4d5a-9fad-c8e02b8610cc" executionId="da4aeaf7-5c88-479b-b482-725bcbfc9ef7" testListId="fafec233-113b-460a-966a-1c91c39607d9" />
    <TestEntry testId="83200c9a-514f-461b-8ffe-f29a6c46d8b2" executionId="d3cea9af-05b3-452f-ae51-19f219daf6c3" testListId="fafec233-113b-460a-966a-1c91c39607d9" />
  </TestEntries>
  <TestLists>
    <TestList name="Results Not in a List" id="fafec233-113b-460a-966a-1c91c39607d9" />
    <TestList name="All Loaded Results" id="0051eef2-d467-4e5b-8d4c-e4b56fb3e460" />
  </TestLists>
</TestRun>