<?xml version="1.0" encoding="UTF-8"?>
<TestRun id="410905a6-0c50-4c57-b19e-58ba672cc316" name="Test Run 30" runUser="Oles Galatsan" xmlns="http://microsoft.com/schemas/VisualStudio/TeamTest/2010">
  <Times creation="2025-05-14T13:20:31.3125482Z" queuing="2025-05-14T13:20:31.3125482Z" start="2025-05-14T13:20:31.3146610Z" finish="2025-05-14T13:25:31.3147553Z" />
  <TestSettings name="Test Settings 30" id="e2788a6a-5695-4064-9688-4fb7ec2ae474" />
  <Results>
    <UnitTestResult executionId="8daaa269-64c4-4aaa-a835-d94cf53fefe2" testId="e2e42a7d-564b-42ac-a8d3-3aebd96128d9" testName="Test2901" computerName="UA-LPT-OGA2" duration="00:00:00.8920000" startTime="2025-05-14T13:20:31.3146610Z" endTime="2025-05-14T13:25:31.3147553Z" testType="13cdc9d9-ddb5-4fa4-a97d-d965ccfc6d4b" outcome="Passed" testListId="5df82712-dc9f-407e-863d-74fe2d243bf0" />
    <UnitTestResult executionId="a4862176-af03-49ca-a689-ef365fdee12a" testId="920df0dd-17ba-48f3-a42d-ed88fe3d7a9a" testName="Test2902" computerName="UA-LPT-OGA2" duration="00:00:00.6880000" startTime="2025-05-14T13:20:31.3146610Z" endTime="2025-05-14T13:25:31.3147553Z" testType="13cdc9d9-ddb5-4fa4-a97d-d965ccfc6d4b" outcome="Failed" testListId="5df82712-dc9f-407e-863d-74fe2d243bf0">
      <Output>
        <ErrorInfo>
          <Message>Assertion failed: Expected value did not match actual value.</Message>
          <StackTrace>   at TestNamespace.TestClass.Test() in TestClass.cs:line 461</StackTrace>
        </ErrorInfo>
      </Output>
    </UnitTestResult>
    <UnitTestResult executionId="304ab9f4-a9f8-49db-adc3-2ae2f7f253db" testId="eab72342-90d1-4986-a9a3-92f81a44c97f" testName="Test2903" computerName="UA-LPT-OGA2" duration="00:00:00.4340000" startTime="2025-05-14T13:20:31.3146610Z" endTime="2025-05-14T13:25:31.3147553Z" testType="13cdc9d9-ddb5-4fa4-a97d-d965ccfc6d4b" outcome="Passed" testListId="5df82712-dc9f-407e-863d-74fe2d243bf0" />
    <UnitTestResult executionId="f782544f-0fa1-42c7-8822-71548adf3370" testId="e23d51f3-2847-4622-b180-10a139524218" testName="Test2904" computerName="UA-LPT-OGA2" duration="00:00:00.8510000" startTime="2025-05-14T13:20:31.3146610Z" endTime="2025-05-14T13:25:31.3147553Z" testType="13cdc9d9-ddb5-4fa4-a97d-d965ccfc6d4b" outcome="Passed" testListId="5df82712-dc9f-407e-863d-74fe2d243bf0" />
    <UnitTestResult executionId="3876304b-3182-4494-90a5-c28469e5d870" testId="9b5bef8d-b307-4ac7-86c4-4c5247e72022" testName="Test2905" computerName="UA-LPT-OGA2" duration="00:00:00.4530000" startTime="2025-05-14T13:20:31.3146610Z" endTime="2025-05-14T13:25:31.3147553Z" testType="13cdc9d9-ddb5-4fa4-a97d-d965ccfc6d4b" outcome="Passed" testListId="5df82712-dc9f-407e-863d-74fe2d243bf0" />
    <UnitTestResult executionId="820ccf36-c823-4862-8216-3f0af787b4f2" testId="2623d0ed-6e4b-4615-8f1c-d9dfbb236083" testName="Test2906" computerName="UA-LPT-OGA2" duration="00:00:00.2540000" startTime="2025-05-14T13:20:31.3146610Z" endTime="2025-05-14T13:25:31.3147553Z" testType="13cdc9d9-ddb5-4fa4-a97d-d965ccfc6d4b" outcome="Passed" testListId="5df82712-dc9f-407e-863d-74fe2d243bf0" />
    <UnitTestResult executionId="a965448e-04b1-4564-aac3-2816ba65e514" testId="d2e8731e-ca32-4a2f-8165-f3aa884767a3" testName="Test2907" computerName="UA-LPT-OGA2" duration="00:00:01.0420000" startTime="2025-05-14T13:20:31.3146610Z" endTime="2025-05-14T13:25:31.3147553Z" testType="13cdc9d9-ddb5-4fa4-a97d-d965ccfc6d4b" outcome="Passed" testListId="5df82712-dc9f-407e-863d-74fe2d243bf0" />
    <UnitTestResult executionId="f1839d2e-4c0c-4dd3-b792-2c6e242994f1" testId="ea980080-19d0-4f1e-967f-d9d2e7e26231" testName="Test2908" computerName="UA-LPT-OGA2" duration="00:00:01.4510000" startTime="2025-05-14T13:20:31.3146610Z" endTime="2025-05-14T13:25:31.3147553Z" testType="13cdc9d9-ddb5-4fa4-a97d-d965ccfc6d4b" outcome="Passed" testListId="5df82712-dc9f-407e-863d-74fe2d243bf0" />
    <UnitTestResult executionId="fcf71a20-0a49-4715-b936-f7e5871e4f56" testId="e8171151-a8c5-49e8-b984-cb2fedf5c152" testName="Test2909" computerName="UA-LPT-OGA2" duration="00:00:00.7820000" startTime="2025-05-14T13:20:31.3146610Z" endTime="2025-05-14T13:25:31.3147553Z" testType="13cdc9d9-ddb5-4fa4-a97d-d965ccfc6d4b" outcome="Passed" testListId="5df82712-dc9f-407e-863d-74fe2d243bf0" />
    <UnitTestResult executionId="4f9138ab-7588-4de9-bb2d-6ff4259fbda6" testId="a56b6610-c4e4-4616-a44a-ff66ecdf1b0e" testName="Test2910" computerName="UA-LPT-OGA2" duration="00:00:01.2220000" startTime="2025-05-14T13:20:31.3146610Z" endTime="2025-05-14T13:25:31.3147553Z" testType="13cdc9d9-ddb5-4fa4-a97d-d965ccfc6d4b" outcome="Inconclusive" testListId="5df82712-dc9f-407e-863d-74fe2d243bf0" />
    <UnitTestResult executionId="8a68ce6d-20d5-42f5-a1b7-f163f6ae9336" testId="9fd6aa6c-b618-4627-9664-54375b45ca64" testName="Test2911" computerName="UA-LPT-OGA2" duration="00:00:00.4500000" startTime="2025-05-14T13:20:31.3146610Z" endTime="2025-05-14T13:25:31.3147553Z" testType="13cdc9d9-ddb5-4fa4-a97d-d965ccfc6d4b" outcome="Passed" testListId="5df82712-dc9f-407e-863d-74fe2d243bf0" />
    <UnitTestResult executionId="5f906b48-0a56-4772-bcc0-fed9bb8eb349" testId="bced3083-f834-451b-ac0b-683d70452434" testName="Test2912" computerName="UA-LPT-OGA2" duration="00:00:01.9710000" startTime="2025-05-14T13:20:31.3146610Z" endTime="2025-05-14T13:25:31.3147553Z" testType="13cdc9d9-ddb5-4fa4-a97d-d965ccfc6d4b" outcome="Passed" testListId="5df82712-dc9f-407e-863d-74fe2d243bf0" />
    <UnitTestResult executionId="1b589d71-5adc-4355-8f9a-7f50bfa9acfc" testId="256a8c09-4fdd-4159-b772-af13fb452d7b" testName="Test2913" computerName="UA-LPT-OGA2" duration="00:00:01.4070000" startTime="2025-05-14T13:20:31.3146610Z" endTime="2025-05-14T13:25:31.3147553Z" testType="13cdc9d9-ddb5-4fa4-a97d-d965ccfc6d4b" outcome="Passed" testListId="5df82712-dc9f-407e-863d-74fe2d243bf0" />
    <UnitTestResult executionId="e8d19d78-402d-4fec-a8e6-bb68b02c8eb1" testId="dd802213-e8b9-402e-addd-aa741e6de159" testName="Test2914" computerName="UA-LPT-OGA2" duration="00:00:01.6110000" startTime="2025-05-14T13:20:31.3146610Z" endTime="2025-05-14T13:25:31.3147553Z" testType="13cdc9d9-ddb5-4fa4-a97d-d965ccfc6d4b" outcome="Passed" testListId="5df82712-dc9f-407e-863d-74fe2d243bf0" />
    <UnitTestResult executionId="fbb05bdd-92ac-474a-afaf-60506a80473b" testId="22f7c25f-06e7-4946-b648-12b4edcf1c43" testName="Test2915" computerName="UA-LPT-OGA2" duration="00:00:00.9040000" startTime="2025-05-14T13:20:31.3146610Z" endTime="2025-05-14T13:25:31.3147553Z" testType="13cdc9d9-ddb5-4fa4-a97d-d965ccfc6d4b" outcome="Passed" testListId="5df82712-dc9f-407e-863d-74fe2d243bf0" />
    <UnitTestResult executionId="5fdf2769-2ee5-4691-9f3b-41297c21f708" testId="8aafca0b-8dbe-4ef1-9861-97c70108afeb" testName="Test2916" computerName="UA-LPT-OGA2" duration="00:00:01.4380000" startTime="2025-05-14T13:20:31.3146610Z" endTime="2025-05-14T13:25:31.3147553Z" testType="13cdc9d9-ddb5-4fa4-a97d-d965ccfc6d4b" outcome="Passed" testListId="5df82712-dc9f-407e-863d-74fe2d243bf0" />
    <UnitTestResult executionId="698d15a8-ad21-4839-bd3c-3831f4180be5" testId="5385115f-0aef-4192-a182-eba520baa577" testName="Test2917" computerName="UA-LPT-OGA2" duration="00:00:01.5180000" startTime="2025-05-14T13:20:31.3146610Z" endTime="2025-05-14T13:25:31.3147553Z" testType="13cdc9d9-ddb5-4fa4-a97d-d965ccfc6d4b" outcome="Passed" testListId="5df82712-dc9f-407e-863d-74fe2d243bf0" />
    <UnitTestResult executionId="3cb4cd71-bfde-43ae-9627-5f7e2727a4c8" testId="ff1d084c-0409-49ce-9d30-8cee21a8a816" testName="Test2918" computerName="UA-LPT-OGA2" duration="00:00:01.5480000" startTime="2025-05-14T13:20:31.3146610Z" endTime="2025-05-14T13:25:31.3147553Z" testType="13cdc9d9-ddb5-4fa4-a97d-d965ccfc6d4b" outcome="Passed" testListId="5df82712-dc9f-407e-863d-74fe2d243bf0" />
    <UnitTestResult executionId="c15259df-eccb-4148-bd15-3033e0ab1f13" testId="276cf9f1-6cc0-446c-86f4-f9d2967a51fc" testName="Test2919" computerName="UA-LPT-OGA2" duration="00:00:00.7280000" startTime="2025-05-14T13:20:31.3146610Z" endTime="2025-05-14T13:25:31.3147553Z" testType="13cdc9d9-ddb5-4fa4-a97d-d965ccfc6d4b" outcome="Passed" testListId="5df82712-dc9f-407e-863d-74fe2d243bf0" />
    <UnitTestResult executionId="bcd389f9-ec6d-49de-9775-ea176effccf1" testId="b08c7736-9a77-4e3e-9bbb-103203a0e133" testName="Test2920" computerName="UA-LPT-OGA2" duration="00:00:01.2870000" startTime="2025-05-14T13:20:31.3146610Z" endTime="2025-05-14T13:25:31.3147553Z" testType="13cdc9d9-ddb5-4fa4-a97d-d965ccfc6d4b" outcome="Passed" testListId="5df82712-dc9f-407e-863d-74fe2d243bf0" />
    <UnitTestResult executionId="c92c7977-3050-4b96-ba3c-8825147746f5" testId="ddc72e92-4ee7-4c98-a77e-7553e424b604" testName="Test2921" computerName="UA-LPT-OGA2" duration="00:00:01.8320000" startTime="2025-05-14T13:20:31.3146610Z" endTime="2025-05-14T13:25:31.3147553Z" testType="13cdc9d9-ddb5-4fa4-a97d-d965ccfc6d4b" outcome="Passed" testListId="5df82712-dc9f-407e-863d-74fe2d243bf0" />
    <UnitTestResult executionId="78bdbee5-ea2e-4068-b831-e938847c034b" testId="275e1884-823f-456c-a5a3-47b5e5950271" testName="Test2922" computerName="UA-LPT-OGA2" duration="00:00:00.7740000" startTime="2025-05-14T13:20:31.3146610Z" endTime="2025-05-14T13:25:31.3147553Z" testType="13cdc9d9-ddb5-4fa4-a97d-d965ccfc6d4b" outcome="Passed" testListId="5df82712-dc9f-407e-863d-74fe2d243bf0" />
    <UnitTestResult executionId="c6777b76-a9b2-4c2c-80be-7cb209a1ea20" testId="a8cb9c28-d471-491e-aac5-1ca00dd71118" testName="Test2923" computerName="UA-LPT-OGA2" duration="00:00:00.5140000" startTime="2025-05-14T13:20:31.3146610Z" endTime="2025-05-14T13:25:31.3147553Z" testType="13cdc9d9-ddb5-4fa4-a97d-d965ccfc6d4b" outcome="Passed" testListId="5df82712-dc9f-407e-863d-74fe2d243bf0" />
    <UnitTestResult executionId="2ff8f629-27a4-44c1-b576-6bb3b178b80f" testId="806bbeb1-840f-4cbe-a10a-c671735504a5" testName="Test2924" computerName="UA-LPT-OGA2" duration="00:00:00.0640000" startTime="2025-05-14T13:20:31.3146610Z" endTime="2025-05-14T13:25:31.3147553Z" testType="13cdc9d9-ddb5-4fa4-a97d-d965ccfc6d4b" outcome="Passed" testListId="5df82712-dc9f-407e-863d-74fe2d243bf0" />
    <UnitTestResult executionId="48813ef1-5f4c-45ce-9543-40b8b5ac1e41" testId="7d4a8bb3-ce07-44a9-93f9-bb654aabeec4" testName="Test2925" computerName="UA-LPT-OGA2" duration="00:00:00.6020000" startTime="2025-05-14T13:20:31.3146610Z" endTime="2025-05-14T13:25:31.3147553Z" testType="13cdc9d9-ddb5-4fa4-a97d-d965ccfc6d4b" outcome="Passed" testListId="5df82712-dc9f-407e-863d-74fe2d243bf0" />
    <UnitTestResult executionId="f6c8bf53-d2e9-4b52-8c59-1b25d7cfdfa3" testId="e318bcac-24a7-4ede-9b52-a003cb018ddc" testName="Test2926" computerName="UA-LPT-OGA2" duration="00:00:00.8690000" startTime="2025-05-14T13:20:31.3146610Z" endTime="2025-05-14T13:25:31.3147553Z" testType="13cdc9d9-ddb5-4fa4-a97d-d965ccfc6d4b" outcome="Passed" testListId="5df82712-dc9f-407e-863d-74fe2d243bf0" />
    <UnitTestResult executionId="7f9449b5-6791-4a14-bc8b-e9466b377a75" testId="cf61ac46-36d3-418e-996d-cc44b30fe79e" testName="Test2927" computerName="UA-LPT-OGA2" duration="00:00:01.7100000" startTime="2025-05-14T13:20:31.3146610Z" endTime="2025-05-14T13:25:31.3147553Z" testType="13cdc9d9-ddb5-4fa4-a97d-d965ccfc6d4b" outcome="Failed" testListId="5df82712-dc9f-407e-863d-74fe2d243bf0">
      <Output>
        <ErrorInfo>
          <Message>Assertion failed: Expected value did not match actual value.</Message>
          <StackTrace>   at TestNamespace.TestClass.Test() in TestClass.cs:line 452</StackTrace>
        </ErrorInfo>
      </Output>
    </UnitTestResult>
    <UnitTestResult executionId="06c159ce-ca66-48bb-9ea5-0b66196848b6" testId="b8484fa0-48bb-4857-9442-b439c53bd029" testName="Test2928" computerName="UA-LPT-OGA2" duration="00:00:00.9040000" startTime="2025-05-14T13:20:31.3146610Z" endTime="2025-05-14T13:25:31.3147553Z" testType="13cdc9d9-ddb5-4fa4-a97d-d965ccfc6d4b" outcome="Passed" testListId="5df82712-dc9f-407e-863d-74fe2d243bf0" />
    <UnitTestResult executionId="f5e2e03d-cd8f-4fbb-abc3-ed6858653ca9" testId="9a10b96a-e904-47c0-8e94-28ca80f0fa5a" testName="Test2929" computerName="UA-LPT-OGA2" duration="00:00:00.7060000" startTime="2025-05-14T13:20:31.3146610Z" endTime="2025-05-14T13:25:31.3147553Z" testType="13cdc9d9-ddb5-4fa4-a97d-d965ccfc6d4b" outcome="Passed" testListId="5df82712-dc9f-407e-863d-74fe2d243bf0" />
    <UnitTestResult executionId="d9cfac71-7e5c-4523-be23-a6efe4c0cd9d" testId="36414610-8f2b-49c0-bc7c-73f8121b805f" testName="Test2930" computerName="UA-LPT-OGA2" duration="00:00:01.8350000" startTime="2025-05-14T13:20:31.3146610Z" endTime="2025-05-14T13:25:31.3147553Z" testType="13cdc9d9-ddb5-4fa4-a97d-d965ccfc6d4b" outcome="Passed" testListId="5df82712-dc9f-407e-863d-74fe2d243bf0" />
    <UnitTestResult executionId="2d53de17-03ea-41e4-820f-705b79334ffc" testId="60bea524-7ce9-4122-ab45-097d80706cc3" testName="Test2931" computerName="UA-LPT-OGA2" duration="00:00:01.1840000" startTime="2025-05-14T13:20:31.3146610Z" endTime="2025-05-14T13:25:31.3147553Z" testType="13cdc9d9-ddb5-4fa4-a97d-d965ccfc6d4b" outcome="Passed" testListId="5df82712-dc9f-407e-863d-74fe2d243bf0" />
    <UnitTestResult executionId="f2a6087f-4f0d-4441-a144-af36ebcc4dc4" testId="eedee14a-2afb-4cfb-ab3f-c1d49d84d5e3" testName="Test2932" computerName="UA-LPT-OGA2" duration="00:00:01.9450000" startTime="2025-05-14T13:20:31.3146610Z" endTime="2025-05-14T13:25:31.3147553Z" testType="13cdc9d9-ddb5-4fa4-a97d-d965ccfc6d4b" outcome="Passed" testListId="5df82712-dc9f-407e-863d-74fe2d243bf0" />
    <UnitTestResult executionId="5bb2f49d-7bce-404d-afe1-fa9fcd3882ce" testId="b3903cde-6015-4d4e-9821-f1352de7c246" testName="Test2933" computerName="UA-LPT-OGA2" duration="00:00:00.7540000" startTime="2025-05-14T13:20:31.3146610Z" endTime="2025-05-14T13:25:31.3147553Z" testType="13cdc9d9-ddb5-4fa4-a97d-d965ccfc6d4b" outcome="Passed" testListId="5df82712-dc9f-407e-863d-74fe2d243bf0" />
    <UnitTestResult executionId="d8bce87c-cf35-41ff-9781-fbe585509397" testId="efd6c0f6-40d6-4027-bb49-eb374bf11f7e" testName="Test2934" computerName="UA-LPT-OGA2" duration="00:00:00.5460000" startTime="2025-05-14T13:20:31.3146610Z" endTime="2025-05-14T13:25:31.3147553Z" testType="13cdc9d9-ddb5-4fa4-a97d-d965ccfc6d4b" outcome="Passed" testListId="5df82712-dc9f-407e-863d-74fe2d243bf0" />
    <UnitTestResult executionId="89dd5edc-f587-4987-91ce-ced0f37f10ae" testId="03bd7951-a5be-426a-9efb-5c83d4c6639f" testName="Test2935" computerName="UA-LPT-OGA2" duration="00:00:01.1560000" startTime="2025-05-14T13:20:31.3146610Z" endTime="2025-05-14T13:25:31.3147553Z" testType="13cdc9d9-ddb5-4fa4-a97d-d965ccfc6d4b" outcome="Failed" testListId="5df82712-dc9f-407e-863d-74fe2d243bf0">
      <Output>
        <ErrorInfo>
          <Message>Assertion failed: Expected value did not match actual value.</Message>
          <StackTrace>   at TestNamespace.TestClass.Test() in TestClass.cs:line 486</StackTrace>
        </ErrorInfo>
      </Output>
    </UnitTestResult>
    <UnitTestResult executionId="c06d26c9-7db9-49f0-82e5-055cb51bc758" testId="49e9d7d2-42a6-4d53-9193-34b45c8d5963" testName="Test2936" computerName="UA-LPT-OGA2" duration="00:00:01.3270000" startTime="2025-05-14T13:20:31.3146610Z" endTime="2025-05-14T13:25:31.3147553Z" testType="13cdc9d9-ddb5-4fa4-a97d-d965ccfc6d4b" outcome="Passed" testListId="5df82712-dc9f-407e-863d-74fe2d243bf0" />
    <UnitTestResult executionId="74ec49b2-4c4e-4018-9ed7-2115a1e2d3aa" testId="43d87965-39c6-4a0c-a73c-87953778b5ac" testName="Test2937" computerName="UA-LPT-OGA2" duration="00:00:01.7130000" startTime="2025-05-14T13:20:31.3146610Z" endTime="2025-05-14T13:25:31.3147553Z" testType="13cdc9d9-ddb5-4fa4-a97d-d965ccfc6d4b" outcome="Passed" testListId="5df82712-dc9f-407e-863d-74fe2d243bf0" />
    <UnitTestResult executionId="b082453d-b80e-485d-9b31-5ea1c0df4a26" testId="0e18de88-45cb-4e81-8a70-15050290b546" testName="Test2938" computerName="UA-LPT-OGA2" duration="00:00:01.8940000" startTime="2025-05-14T13:20:31.3146610Z" endTime="2025-05-14T13:25:31.3147553Z" testType="13cdc9d9-ddb5-4fa4-a97d-d965ccfc6d4b" outcome="Passed" testListId="5df82712-dc9f-407e-863d-74fe2d243bf0" />
    <UnitTestResult executionId="e8fcf632-dfe0-40eb-a908-231d682eddde" testId="422b3beb-90a8-428e-9039-5435e69c84e9" testName="Test2939" computerName="UA-LPT-OGA2" duration="00:00:01.8750000" startTime="2025-05-14T13:20:31.3146610Z" endTime="2025-05-14T13:25:31.3147553Z" testType="13cdc9d9-ddb5-4fa4-a97d-d965ccfc6d4b" outcome="Passed" testListId="5df82712-dc9f-407e-863d-74fe2d243bf0" />
    <UnitTestResult executionId="f4d0ba0a-2225-4f9f-ae73-97ed37e964c5" testId="c4e5230d-1c18-4690-8a63-577376c61fee" testName="Test2940" computerName="UA-LPT-OGA2" duration="00:00:00.2900000" startTime="2025-05-14T13:20:31.3146610Z" endTime="2025-05-14T13:25:31.3147553Z" testType="13cdc9d9-ddb5-4fa4-a97d-d965ccfc6d4b" outcome="Passed" testListId="5df82712-dc9f-407e-863d-74fe2d243bf0" />
    <UnitTestResult executionId="9d4b58bc-ee62-4712-b1c0-681275e41fcb" testId="29771291-183e-4ea8-b245-11f494114c67" testName="Test2941" computerName="UA-LPT-OGA2" duration="00:00:01.0410000" startTime="2025-05-14T13:20:31.3146610Z" endTime="2025-05-14T13:25:31.3147553Z" testType="13cdc9d9-ddb5-4fa4-a97d-d965ccfc6d4b" outcome="Passed" testListId="5df82712-dc9f-407e-863d-74fe2d243bf0" />
    <UnitTestResult executionId="71115f3b-cdbb-4d18-8382-48a5040cb4ad" testId="5d50e4ac-b9a2-4e44-8b9d-d49e3eaf43ae" testName="Test2942" computerName="UA-LPT-OGA2" duration="00:00:00.0960000" startTime="2025-05-14T13:20:31.3146610Z" endTime="2025-05-14T13:25:31.3147553Z" testType="13cdc9d9-ddb5-4fa4-a97d-d965ccfc6d4b" outcome="Passed" testListId="5df82712-dc9f-407e-863d-74fe2d243bf0" />
    <UnitTestResult executionId="c8294478-3f7d-4b2a-9865-32ab3958d71b" testId="83c95ffe-1d00-41ba-a5a7-eb4d1b92a4f8" testName="Test2943" computerName="UA-LPT-OGA2" duration="00:00:01.6620000" startTime="2025-05-14T13:20:31.3146610Z" endTime="2025-05-14T13:25:31.3147553Z" testType="13cdc9d9-ddb5-4fa4-a97d-d965ccfc6d4b" outcome="Passed" testListId="5df82712-dc9f-407e-863d-74fe2d243bf0" />
    <UnitTestResult executionId="3e8926f1-4834-41b3-90eb-b445548f597c" testId="e5b295fb-fd32-49da-bfc3-2fb08978a6ed" testName="Test2944" computerName="UA-LPT-OGA2" duration="00:00:01.7040000" startTime="2025-05-14T13:20:31.3146610Z" endTime="2025-05-14T13:25:31.3147553Z" testType="13cdc9d9-ddb5-4fa4-a97d-d965ccfc6d4b" outcome="Passed" testListId="5df82712-dc9f-407e-863d-74fe2d243bf0" />
    <UnitTestResult executionId="98b5a91e-fa3c-4486-9f36-6aed34d0edea" testId="baa04576-197e-47e7-8e89-3173c957278c" testName="Test2945" computerName="UA-LPT-OGA2" duration="00:00:01.9530000" startTime="2025-05-14T13:20:31.3146610Z" endTime="2025-05-14T13:25:31.3147553Z" testType="13cdc9d9-ddb5-4fa4-a97d-d965ccfc6d4b" outcome="Passed" testListId="5df82712-dc9f-407e-863d-74fe2d243bf0" />
    <UnitTestResult executionId="67afec67-5ad5-4612-a053-218a5a67705a" testId="9e124b78-58cb-48aa-8f06-b1a0562903e7" testName="Test2946" computerName="UA-LPT-OGA2" duration="00:00:01.7320000" startTime="2025-05-14T13:20:31.3146610Z" endTime="2025-05-14T13:25:31.3147553Z" testType="13cdc9d9-ddb5-4fa4-a97d-d965ccfc6d4b" outcome="Passed" testListId="5df82712-dc9f-407e-863d-74fe2d243bf0" />
    <UnitTestResult executionId="47fdfbdc-a76d-4fbb-a1ee-c4c078aa21e6" testId="58b8863d-27b8-4abd-a1ba-5f5f63e7da61" testName="Test2947" computerName="UA-LPT-OGA2" duration="00:00:00.0920000" startTime="2025-05-14T13:20:31.3146610Z" endTime="2025-05-14T13:25:31.3147553Z" testType="13cdc9d9-ddb5-4fa4-a97d-d965ccfc6d4b" outcome="Passed" testListId="5df82712-dc9f-407e-863d-74fe2d243bf0" />
    <UnitTestResult executionId="92a17d1a-c128-4e79-93ac-da107af3e230" testId="7ff86b43-0cfe-4435-b96e-d104ca516e4d" testName="Test2948" computerName="UA-LPT-OGA2" duration="00:00:00.3380000" startTime="2025-05-14T13:20:31.3146610Z" endTime="2025-05-14T13:25:31.3147553Z" testType="13cdc9d9-ddb5-4fa4-a97d-d965ccfc6d4b" outcome="Passed" testListId="5df82712-dc9f-407e-863d-74fe2d243bf0" />
    <UnitTestResult executionId="de0b08f8-fa97-4459-a0a4-15453a264173" testId="19b20a55-6dbb-4b0c-af2d-c14328ad25c9" testName="Test2949" computerName="UA-LPT-OGA2" duration="00:00:01.7310000" startTime="2025-05-14T13:20:31.3146610Z" endTime="2025-05-14T13:25:31.3147553Z" testType="13cdc9d9-ddb5-4fa4-a97d-d965ccfc6d4b" outcome="Passed" testListId="5df82712-dc9f-407e-863d-74fe2d243bf0" />
    <UnitTestResult executionId="590a1414-9b1b-4ca2-b7a4-abec6da1267d" testId="53fd4e0a-f6e6-49e5-bd63-0e26c29ebb65" testName="Test2950" computerName="UA-LPT-OGA2" duration="00:00:01.2140000" startTime="2025-05-14T13:20:31.3146610Z" endTime="2025-05-14T13:25:31.3147553Z" testType="13cdc9d9-ddb5-4fa4-a97d-d965ccfc6d4b" outcome="Failed" testListId="5df82712-dc9f-407e-863d-74fe2d243bf0">
      <Output>
        <ErrorInfo>
          <Message>Assertion failed: Expected value did not match actual value.</Message>
          <StackTrace>   at TestNamespace.TestClass.Test() in TestClass.cs:line 31</StackTrace>
        </ErrorInfo>
      </Output>
    </UnitTestResult>
    <UnitTestResult executionId="36d91801-d1f3-4cae-b4aa-b54a23f361e7" testId="49cd70fc-e0fe-4aaf-ac21-c57d1ea7334d" testName="Test2951" computerName="UA-LPT-OGA2" duration="00:00:01.8320000" startTime="2025-05-14T13:20:31.3146610Z" endTime="2025-05-14T13:25:31.3147553Z" testType="13cdc9d9-ddb5-4fa4-a97d-d965ccfc6d4b" outcome="Passed" testListId="5df82712-dc9f-407e-863d-74fe2d243bf0" />
    <UnitTestResult executionId="43ee671f-d030-4f6b-8773-fe9b12f2900b" testId="fe26aaaf-6fe0-42c0-a309-4396f70171bc" testName="Test2952" computerName="UA-LPT-OGA2" duration="00:00:01.4850000" startTime="2025-05-14T13:20:31.3146610Z" endTime="2025-05-14T13:25:31.3147553Z" testType="13cdc9d9-ddb5-4fa4-a97d-d965ccfc6d4b" outcome="Passed" testListId="5df82712-dc9f-407e-863d-74fe2d243bf0" />
    <UnitTestResult executionId="dce8537d-eb0b-45fd-886c-c98583a539bb" testId="b4fd3dde-13b1-4890-937c-c5c0ce3ed357" testName="Test2953" computerName="UA-LPT-OGA2" duration="00:00:01.8790000" startTime="2025-05-14T13:20:31.3146610Z" endTime="2025-05-14T13:25:31.3147553Z" testType="13cdc9d9-ddb5-4fa4-a97d-d965ccfc6d4b" outcome="Passed" testListId="5df82712-dc9f-407e-863d-74fe2d243bf0" />
    <UnitTestResult executionId="c775314d-740a-4ed7-951d-43dea2e4883a" testId="9149195b-90ba-4d01-ac6e-57c3e6e73ff7" testName="Test2954" computerName="UA-LPT-OGA2" duration="00:00:01.2650000" startTime="2025-05-14T13:20:31.3146610Z" endTime="2025-05-14T13:25:31.3147553Z" testType="13cdc9d9-ddb5-4fa4-a97d-d965ccfc6d4b" outcome="Passed" testListId="5df82712-dc9f-407e-863d-74fe2d243bf0" />
    <UnitTestResult executionId="f2db1715-90c9-4bae-83c1-7996113153b2" testId="9bd48dbe-14fd-42b2-921f-dd088d785c53" testName="Test2955" computerName="UA-LPT-OGA2" duration="00:00:01.0820000" startTime="2025-05-14T13:20:31.3146610Z" endTime="2025-05-14T13:25:31.3147553Z" testType="13cdc9d9-ddb5-4fa4-a97d-d965ccfc6d4b" outcome="Passed" testListId="5df82712-dc9f-407e-863d-74fe2d243bf0" />
    <UnitTestResult executionId="c95b4262-3856-476e-b950-cd8b99fb78c9" testId="76491cfa-9cf9-4b08-9350-f60fb0201e2c" testName="Test2956" computerName="UA-LPT-OGA2" duration="00:00:00.9990000" startTime="2025-05-14T13:20:31.3146610Z" endTime="2025-05-14T13:25:31.3147553Z" testType="13cdc9d9-ddb5-4fa4-a97d-d965ccfc6d4b" outcome="Passed" testListId="5df82712-dc9f-407e-863d-74fe2d243bf0" />
    <UnitTestResult executionId="99c2e318-b07d-4a7e-90d3-60fdc82b2f43" testId="80031e8d-9646-4d96-bd0d-e76ccfb5258a" testName="Test2957" computerName="UA-LPT-OGA2" duration="00:00:01.4560000" startTime="2025-05-14T13:20:31.3146610Z" endTime="2025-05-14T13:25:31.3147553Z" testType="13cdc9d9-ddb5-4fa4-a97d-d965ccfc6d4b" outcome="Passed" testListId="5df82712-dc9f-407e-863d-74fe2d243bf0" />
    <UnitTestResult executionId="b7021be1-1dae-45ba-a68d-d0bc132528ac" testId="2b5ebee9-6c7c-4f53-8be7-b22d762a308c" testName="Test2958" computerName="UA-LPT-OGA2" duration="00:00:00.1210000" startTime="2025-05-14T13:20:31.3146610Z" endTime="2025-05-14T13:25:31.3147553Z" testType="13cdc9d9-ddb5-4fa4-a97d-d965ccfc6d4b" outcome="Passed" testListId="5df82712-dc9f-407e-863d-74fe2d243bf0" />
    <UnitTestResult executionId="6deaa530-aa95-479f-82d8-022627bc71ec" testId="33900480-7ae2-4521-9ff3-acef8f1b37e5" testName="Test2959" computerName="UA-LPT-OGA2" duration="00:00:01.8580000" startTime="2025-05-14T13:20:31.3146610Z" endTime="2025-05-14T13:25:31.3147553Z" testType="13cdc9d9-ddb5-4fa4-a97d-d965ccfc6d4b" outcome="Passed" testListId="5df82712-dc9f-407e-863d-74fe2d243bf0" />
    <UnitTestResult executionId="e9b79fee-9a98-4a47-a16a-45072f6a371e" testId="d7506225-da3b-478a-b81d-9e27f9db4f11" testName="Test2960" computerName="UA-LPT-OGA2" duration="00:00:01.4040000" startTime="2025-05-14T13:20:31.3146610Z" endTime="2025-05-14T13:25:31.3147553Z" testType="13cdc9d9-ddb5-4fa4-a97d-d965ccfc6d4b" outcome="Passed" testListId="5df82712-dc9f-407e-863d-74fe2d243bf0" />
    <UnitTestResult executionId="641952f1-c27f-41f9-8ae3-d44dcfd837f0" testId="32eb81b1-9d12-4351-8941-711fcf5fc526" testName="Test2961" computerName="UA-LPT-OGA2" duration="00:00:01.0170000" startTime="2025-05-14T13:20:31.3146610Z" endTime="2025-05-14T13:25:31.3147553Z" testType="13cdc9d9-ddb5-4fa4-a97d-d965ccfc6d4b" outcome="Passed" testListId="5df82712-dc9f-407e-863d-74fe2d243bf0" />
    <UnitTestResult executionId="8c09d407-cd5c-4d7e-875d-af6f5727b6ae" testId="17a7c118-449a-440f-b9fd-e69a9846a689" testName="Test2962" computerName="UA-LPT-OGA2" duration="00:00:00.8660000" startTime="2025-05-14T13:20:31.3146610Z" endTime="2025-05-14T13:25:31.3147553Z" testType="13cdc9d9-ddb5-4fa4-a97d-d965ccfc6d4b" outcome="Passed" testListId="5df82712-dc9f-407e-863d-74fe2d243bf0" />
    <UnitTestResult executionId="7bc8d015-051b-44bd-93a9-8a01370a9a20" testId="64801465-f79b-4a78-9d47-737c1af1bc44" testName="Test2963" computerName="UA-LPT-OGA2" duration="00:00:01.3540000" startTime="2025-05-14T13:20:31.3146610Z" endTime="2025-05-14T13:25:31.3147553Z" testType="13cdc9d9-ddb5-4fa4-a97d-d965ccfc6d4b" outcome="Passed" testListId="5df82712-dc9f-407e-863d-74fe2d243bf0" />
    <UnitTestResult executionId="379f883e-38fd-4823-97ad-f85e6f724e10" testId="3e92c1b5-c440-4f58-998b-54f6f75d0354" testName="Test2964" computerName="UA-LPT-OGA2" duration="00:00:00.8960000" startTime="2025-05-14T13:20:31.3146610Z" endTime="2025-05-14T13:25:31.3147553Z" testType="13cdc9d9-ddb5-4fa4-a97d-d965ccfc6d4b" outcome="Passed" testListId="5df82712-dc9f-407e-863d-74fe2d243bf0" />
    <UnitTestResult executionId="4c6bc2be-473a-4cbf-8cd6-84f56b241a5f" testId="abf8c9e8-e3b4-498d-9fb5-4ebe70639684" testName="Test2965" computerName="UA-LPT-OGA2" duration="00:00:01.3520000" startTime="2025-05-14T13:20:31.3146610Z" endTime="2025-05-14T13:25:31.3147553Z" testType="13cdc9d9-ddb5-4fa4-a97d-d965ccfc6d4b" outcome="Passed" testListId="5df82712-dc9f-407e-863d-74fe2d243bf0" />
    <UnitTestResult executionId="efb66f22-ca0c-439b-bb34-1149c10c5cb3" testId="5d0a9618-b662-4d04-ab02-1f63999f1abe" testName="Test2966" computerName="UA-LPT-OGA2" duration="00:00:00.4450000" startTime="2025-05-14T13:20:31.3146610Z" endTime="2025-05-14T13:25:31.3147553Z" testType="13cdc9d9-ddb5-4fa4-a97d-d965ccfc6d4b" outcome="Passed" testListId="5df82712-dc9f-407e-863d-74fe2d243bf0" />
    <UnitTestResult executionId="08232ec1-aa93-43e3-b725-eb0563fd0092" testId="06eb6488-39d5-4d60-9b03-1e604e8473aa" testName="Test2967" computerName="UA-LPT-OGA2" duration="00:00:01.9760000" startTime="2025-05-14T13:20:31.3146610Z" endTime="2025-05-14T13:25:31.3147553Z" testType="13cdc9d9-ddb5-4fa4-a97d-d965ccfc6d4b" outcome="Passed" testListId="5df82712-dc9f-407e-863d-74fe2d243bf0" />
    <UnitTestResult executionId="a24c1e46-da5e-4def-8993-da6759a94086" testId="365f0b78-6566-49eb-ba5f-422ee00cb530" testName="Test2968" computerName="UA-LPT-OGA2" duration="00:00:00.4180000" startTime="2025-05-14T13:20:31.3146610Z" endTime="2025-05-14T13:25:31.3147553Z" testType="13cdc9d9-ddb5-4fa4-a97d-d965ccfc6d4b" outcome="Passed" testListId="5df82712-dc9f-407e-863d-74fe2d243bf0" />
    <UnitTestResult executionId="bc441460-3af6-4b0f-825f-0dccdf43f3f4" testId="eb73548b-a24a-49c4-96a7-e7ca5acc6108" testName="Test2969" computerName="UA-LPT-OGA2" duration="00:00:00.6310000" startTime="2025-05-14T13:20:31.3146610Z" endTime="2025-05-14T13:25:31.3147553Z" testType="13cdc9d9-ddb5-4fa4-a97d-d965ccfc6d4b" outcome="Failed" testListId="5df82712-dc9f-407e-863d-74fe2d243bf0">
      <Output>
        <ErrorInfo>
          <Message>Assertion failed: Expected value did not match actual value.</Message>
          <StackTrace>   at TestNamespace.TestClass.Test() in TestClass.cs:line 476</StackTrace>
        </ErrorInfo>
      </Output>
    </UnitTestResult>
    <UnitTestResult executionId="b02705c9-d6b5-4c2d-b65b-94f6e63d8709" testId="2753335a-a063-4442-bdcf-d5cf4accb9a1" testName="Test2970" computerName="UA-LPT-OGA2" duration="00:00:00.6170000" startTime="2025-05-14T13:20:31.3146610Z" endTime="2025-05-14T13:25:31.3147553Z" testType="13cdc9d9-ddb5-4fa4-a97d-d965ccfc6d4b" outcome="Passed" testListId="5df82712-dc9f-407e-863d-74fe2d243bf0" />
    <UnitTestResult executionId="808212e9-3add-4942-89d2-f806f3dd432e" testId="1c488caf-3a25-4603-bc69-90ac42e52b1c" testName="Test2971" computerName="UA-LPT-OGA2" duration="00:00:00.1270000" startTime="2025-05-14T13:20:31.3146610Z" endTime="2025-05-14T13:25:31.3147553Z" testType="13cdc9d9-ddb5-4fa4-a97d-d965ccfc6d4b" outcome="Passed" testListId="5df82712-dc9f-407e-863d-74fe2d243bf0" />
    <UnitTestResult executionId="e4cdccb0-2373-4aa7-91a0-06909fa24f7c" testId="f76af91b-64ee-4184-8a6c-708f75be503d" testName="Test2972" computerName="UA-LPT-OGA2" duration="00:00:01.2050000" startTime="2025-05-14T13:20:31.3146610Z" endTime="2025-05-14T13:25:31.3147553Z" testType="13cdc9d9-ddb5-4fa4-a97d-d965ccfc6d4b" outcome="Passed" testListId="5df82712-dc9f-407e-863d-74fe2d243bf0" />
    <UnitTestResult executionId="e2e0ea16-969d-4708-8494-5f8227cdc17e" testId="c3b681ea-006a-4d98-a4ea-46a47410c05d" testName="Test2973" computerName="UA-LPT-OGA2" duration="00:00:00.8830000" startTime="2025-05-14T13:20:31.3146610Z" endTime="2025-05-14T13:25:31.3147553Z" testType="13cdc9d9-ddb5-4fa4-a97d-d965ccfc6d4b" outcome="Failed" testListId="5df82712-dc9f-407e-863d-74fe2d243bf0">
      <Output>
        <ErrorInfo>
          <Message>Assertion failed: Expected value did not match actual value.</Message>
          <StackTrace>   at TestNamespace.TestClass.Test() in TestClass.cs:line 415</StackTrace>
        </ErrorInfo>
      </Output>
    </UnitTestResult>
    <UnitTestResult executionId="ec580997-de34-4ed8-81ee-2f71f9866b86" testId="5fc06f03-810f-46c7-a1c4-22242b88a02f" testName="Test2974" computerName="UA-LPT-OGA2" duration="00:00:01.1200000" startTime="2025-05-14T13:20:31.3146610Z" endTime="2025-05-14T13:25:31.3147553Z" testType="13cdc9d9-ddb5-4fa4-a97d-d965ccfc6d4b" outcome="Passed" testListId="5df82712-dc9f-407e-863d-74fe2d243bf0" />
    <UnitTestResult executionId="c71e93e4-a213-414d-9773-24f43094f663" testId="c8ca6d44-fa09-4893-b991-1b9ac69cdd24" testName="Test2975" computerName="UA-LPT-OGA2" duration="00:00:01.4880000" startTime="2025-05-14T13:20:31.3146610Z" endTime="2025-05-14T13:25:31.3147553Z" testType="13cdc9d9-ddb5-4fa4-a97d-d965ccfc6d4b" outcome="Failed" testListId="5df82712-dc9f-407e-863d-74fe2d243bf0">
      <Output>
        <ErrorInfo>
          <Message>Assertion failed: Expected value did not match actual value.</Message>
          <StackTrace>   at TestNamespace.TestClass.Test() in TestClass.cs:line 414</StackTrace>
        </ErrorInfo>
      </Output>
    </UnitTestResult>
    <UnitTestResult executionId="e1a98418-759f-4aa1-a1b4-ff1b71f8d502" testId="9ce99f46-f077-42fe-ac25-9fd0561c9d6c" testName="Test2976" computerName="UA-LPT-OGA2" duration="00:00:01.4250000" startTime="2025-05-14T13:20:31.3146610Z" endTime="2025-05-14T13:25:31.3147553Z" testType="13cdc9d9-ddb5-4fa4-a97d-d965ccfc6d4b" outcome="Passed" testListId="5df82712-dc9f-407e-863d-74fe2d243bf0" />
    <UnitTestResult executionId="b4c099e6-d5d6-4e65-8000-846653c79dea" testId="81d1e285-8731-41cd-b2b3-d47b09b12c1c" testName="Test2977" computerName="UA-LPT-OGA2" duration="00:00:01.6730000" startTime="2025-05-14T13:20:31.3146610Z" endTime="2025-05-14T13:25:31.3147553Z" testType="13cdc9d9-ddb5-4fa4-a97d-d965ccfc6d4b" outcome="Passed" testListId="5df82712-dc9f-407e-863d-74fe2d243bf0" />
    <UnitTestResult executionId="7ac083b0-4a52-4c8f-aef3-4f56d1d41b5a" testId="2f973ec8-2aff-4b72-9835-b6e811e64586" testName="Test2978" computerName="UA-LPT-OGA2" duration="00:00:01.5640000" startTime="2025-05-14T13:20:31.3146610Z" endTime="2025-05-14T13:25:31.3147553Z" testType="13cdc9d9-ddb5-4fa4-a97d-d965ccfc6d4b" outcome="Passed" testListId="5df82712-dc9f-407e-863d-74fe2d243bf0" />
    <UnitTestResult executionId="ade87082-83c3-4986-b536-4ef39a6c4ec8" testId="a651bbdb-28c8-4f3d-baac-be88ef253f82" testName="Test2979" computerName="UA-LPT-OGA2" duration="00:00:00.6920000" startTime="2025-05-14T13:20:31.3146610Z" endTime="2025-05-14T13:25:31.3147553Z" testType="13cdc9d9-ddb5-4fa4-a97d-d965ccfc6d4b" outcome="Passed" testListId="5df82712-dc9f-407e-863d-74fe2d243bf0" />
    <UnitTestResult executionId="eb5543c4-e263-4b41-a6eb-b06d35f56d25" testId="e8b15f8b-25d3-4aef-b27d-ebed07f7a706" testName="Test2980" computerName="UA-LPT-OGA2" duration="00:00:00.2080000" startTime="2025-05-14T13:20:31.3146610Z" endTime="2025-05-14T13:25:31.3147553Z" testType="13cdc9d9-ddb5-4fa4-a97d-d965ccfc6d4b" outcome="Passed" testListId="5df82712-dc9f-407e-863d-74fe2d243bf0" />
    <UnitTestResult executionId="4ec5f803-7296-45ab-96da-19f25432f0e5" testId="de992aed-9c62-448b-b32d-d797b40d858a" testName="Test2981" computerName="UA-LPT-OGA2" duration="00:00:01.6440000" startTime="2025-05-14T13:20:31.3146610Z" endTime="2025-05-14T13:25:31.3147553Z" testType="13cdc9d9-ddb5-4fa4-a97d-d965ccfc6d4b" outcome="Passed" testListId="5df82712-dc9f-407e-863d-74fe2d243bf0" />
    <UnitTestResult executionId="b0ecce19-7037-408e-986f-1d4588dce57b" testId="d7c443fe-9e12-47c8-aa33-23e373a934ba" testName="Test2982" computerName="UA-LPT-OGA2" duration="00:00:00.9830000" startTime="2025-05-14T13:20:31.3146610Z" endTime="2025-05-14T13:25:31.3147553Z" testType="13cdc9d9-ddb5-4fa4-a97d-d965ccfc6d4b" outcome="Passed" testListId="5df82712-dc9f-407e-863d-74fe2d243bf0" />
    <UnitTestResult executionId="bbda5aa6-4586-456b-9acb-6b90a9b9c5fe" testId="42008bd2-4dde-444b-9ceb-06a08db8ff59" testName="Test2983" computerName="UA-LPT-OGA2" duration="00:00:00.9620000" startTime="2025-05-14T13:20:31.3146610Z" endTime="2025-05-14T13:25:31.3147553Z" testType="13cdc9d9-ddb5-4fa4-a97d-d965ccfc6d4b" outcome="Passed" testListId="5df82712-dc9f-407e-863d-74fe2d243bf0" />
    <UnitTestResult executionId="1eb894f5-88ad-4f27-b630-67645cf2c77d" testId="8920f00c-947b-49c5-86ca-5344ffd7080a" testName="Test2984" computerName="UA-LPT-OGA2" duration="00:00:01.0730000" startTime="2025-05-14T13:20:31.3146610Z" endTime="2025-05-14T13:25:31.3147553Z" testType="13cdc9d9-ddb5-4fa4-a97d-d965ccfc6d4b" outcome="Passed" testListId="5df82712-dc9f-407e-863d-74fe2d243bf0" />
    <UnitTestResult executionId="a8974d70-cca6-4c41-b68c-c78a753acf90" testId="e1100f82-cc1c-4ac8-8c69-180ccb17acf7" testName="Test2985" computerName="UA-LPT-OGA2" duration="00:00:00.5840000" startTime="2025-05-14T13:20:31.3146610Z" endTime="2025-05-14T13:25:31.3147553Z" testType="13cdc9d9-ddb5-4fa4-a97d-d965ccfc6d4b" outcome="Passed" testListId="5df82712-dc9f-407e-863d-74fe2d243bf0" />
    <UnitTestResult executionId="d2495df0-9cab-4dd7-a8b2-2dc4e3f840c5" testId="eee84f30-0403-428f-bd3b-8bad553ba34e" testName="Test2986" computerName="UA-LPT-OGA2" duration="00:00:00.2630000" startTime="2025-05-14T13:20:31.3146610Z" endTime="2025-05-14T13:25:31.3147553Z" testType="13cdc9d9-ddb5-4fa4-a97d-d965ccfc6d4b" outcome="Passed" testListId="5df82712-dc9f-407e-863d-74fe2d243bf0" />
    <UnitTestResult executionId="4470bebd-e2e1-40ed-a210-1804147a9537" testId="f78f5d18-ff62-4707-a2de-8817bec0bd1e" testName="Test2987" computerName="UA-LPT-OGA2" duration="00:00:00.5410000" startTime="2025-05-14T13:20:31.3146610Z" endTime="2025-05-14T13:25:31.3147553Z" testType="13cdc9d9-ddb5-4fa4-a97d-d965ccfc6d4b" outcome="Failed" testListId="5df82712-dc9f-407e-863d-74fe2d243bf0">
      <Output>
        <ErrorInfo>
          <Message>Assertion failed: Expected value did not match actual value.</Message>
          <StackTrace>   at TestNamespace.TestClass.Test() in TestClass.cs:line 158</StackTrace>
        </ErrorInfo>
      </Output>
    </UnitTestResult>
    <UnitTestResult executionId="a0914fe5-e64a-4cfc-ae69-60f4f260ae0b" testId="13a845e2-d3ec-462a-adcb-28baf439bb40" testName="Test2988" computerName="UA-LPT-OGA2" duration="00:00:01.6970000" startTime="2025-05-14T13:20:31.3146610Z" endTime="2025-05-14T13:25:31.3147553Z" testType="13cdc9d9-ddb5-4fa4-a97d-d965ccfc6d4b" outcome="Passed" testListId="5df82712-dc9f-407e-863d-74fe2d243bf0" />
    <UnitTestResult executionId="a83166b4-2173-4b48-bcbb-8cf8fcd125bb" testId="fc5df2e1-f225-416c-a041-99801e447a95" testName="Test2989" computerName="UA-LPT-OGA2" duration="00:00:00.9050000" startTime="2025-05-14T13:20:31.3146610Z" endTime="2025-05-14T13:25:31.3147553Z" testType="13cdc9d9-ddb5-4fa4-a97d-d965ccfc6d4b" outcome="Passed" testListId="5df82712-dc9f-407e-863d-74fe2d243bf0" />
    <UnitTestResult executionId="cb7a789a-2097-4eb4-bca3-f95c75e06e79" testId="97f6e8ba-0451-4ee9-8504-1659717a8e0c" testName="Test2990" computerName="UA-LPT-OGA2" duration="00:00:00.6120000" startTime="2025-05-14T13:20:31.3146610Z" endTime="2025-05-14T13:25:31.3147553Z" testType="13cdc9d9-ddb5-4fa4-a97d-d965ccfc6d4b" outcome="Passed" testListId="5df82712-dc9f-407e-863d-74fe2d243bf0" />
    <UnitTestResult executionId="e3373da3-b8b3-4f18-aad0-7a83f699c1bb" testId="c0d72c84-5ed7-4e7a-a55b-20d631cb6d45" testName="Test2991" computerName="UA-LPT-OGA2" duration="00:00:01.9000000" startTime="2025-05-14T13:20:31.3146610Z" endTime="2025-05-14T13:25:31.3147553Z" testType="13cdc9d9-ddb5-4fa4-a97d-d965ccfc6d4b" outcome="Passed" testListId="5df82712-dc9f-407e-863d-74fe2d243bf0" />
    <UnitTestResult executionId="c645ad96-136f-4270-b213-6f2c2bc0f3b1" testId="6f6bc49e-adf0-4067-af64-37b1dc823399" testName="Test2992" computerName="UA-LPT-OGA2" duration="00:00:01.6840000" startTime="2025-05-14T13:20:31.3146610Z" endTime="2025-05-14T13:25:31.3147553Z" testType="13cdc9d9-ddb5-4fa4-a97d-d965ccfc6d4b" outcome="Passed" testListId="5df82712-dc9f-407e-863d-74fe2d243bf0" />
    <UnitTestResult executionId="1e938a74-1213-4535-b189-5f5f0222af76" testId="3187983a-c792-4486-b7d9-d38af760bc7f" testName="Test2993" computerName="UA-LPT-OGA2" duration="00:00:00.3610000" startTime="2025-05-14T13:20:31.3146610Z" endTime="2025-05-14T13:25:31.3147553Z" testType="13cdc9d9-ddb5-4fa4-a97d-d965ccfc6d4b" outcome="Passed" testListId="5df82712-dc9f-407e-863d-74fe2d243bf0" />
    <UnitTestResult executionId="64693e12-3c06-4f27-99e6-dfe85e5a5a8a" testId="332f07a5-38c8-4bd7-9154-994abd40bff3" testName="Test2994" computerName="UA-LPT-OGA2" duration="00:00:00.3000000" startTime="2025-05-14T13:20:31.3146610Z" endTime="2025-05-14T13:25:31.3147553Z" testType="13cdc9d9-ddb5-4fa4-a97d-d965ccfc6d4b" outcome="Passed" testListId="5df82712-dc9f-407e-863d-74fe2d243bf0" />
    <UnitTestResult executionId="a523f7f6-51fe-42c0-9fdd-0b6788939b47" testId="e3a84c33-6a2a-4e07-94f5-54d42a10b452" testName="Test2995" computerName="UA-LPT-OGA2" duration="00:00:00.7480000" startTime="2025-05-14T13:20:31.3146610Z" endTime="2025-05-14T13:25:31.3147553Z" testType="13cdc9d9-ddb5-4fa4-a97d-d965ccfc6d4b" outcome="Passed" testListId="5df82712-dc9f-407e-863d-74fe2d243bf0" />
    <UnitTestResult executionId="6176657b-7f55-43b0-a589-f478321ff0b4" testId="00590101-884d-4beb-b045-22857ded2b3d" testName="Test2996" computerName="UA-LPT-OGA2" duration="00:00:00.5950000" startTime="2025-05-14T13:20:31.3146610Z" endTime="2025-05-14T13:25:31.3147553Z" testType="13cdc9d9-ddb5-4fa4-a97d-d965ccfc6d4b" outcome="Passed" testListId="5df82712-dc9f-407e-863d-74fe2d243bf0" />
    <UnitTestResult executionId="e3cd0222-e902-4b45-a58a-340f3817bfef" testId="8d5d989b-f883-40e8-964f-3bde70814f10" testName="Test2997" computerName="UA-LPT-OGA2" duration="00:00:00.6230000" startTime="2025-05-14T13:20:31.3146610Z" endTime="2025-05-14T13:25:31.3147553Z" testType="13cdc9d9-ddb5-4fa4-a97d-d965ccfc6d4b" outcome="Passed" testListId="5df82712-dc9f-407e-863d-74fe2d243bf0" />
    <UnitTestResult executionId="4c128609-2bb3-4772-85b3-8519e88024f6" testId="5b2afa4c-b2cf-4392-96a9-6858a503d67a" testName="Test2998" computerName="UA-LPT-OGA2" duration="00:00:00.0490000" startTime="2025-05-14T13:20:31.3146610Z" endTime="2025-05-14T13:25:31.3147553Z" testType="13cdc9d9-ddb5-4fa4-a97d-d965ccfc6d4b" outcome="Failed" testListId="5df82712-dc9f-407e-863d-74fe2d243bf0">
      <Output>
        <ErrorInfo>
          <Message>Assertion failed: Expected value did not match actual value.</Message>
          <StackTrace>   at TestNamespace.TestClass.Test() in TestClass.cs:line 384</StackTrace>
        </ErrorInfo>
      </Output>
    </UnitTestResult>
    <UnitTestResult executionId="804fa286-54b5-4d53-a5e9-db0296a63985" testId="f941939e-6be2-4aa5-bf02-375cb1b9229f" testName="Test2999" computerName="UA-LPT-OGA2" duration="00:00:01.8240000" startTime="2025-05-14T13:20:31.3146610Z" endTime="2025-05-14T13:25:31.3147553Z" testType="13cdc9d9-ddb5-4fa4-a97d-d965ccfc6d4b" outcome="Passed" testListId="5df82712-dc9f-407e-863d-74fe2d243bf0" />
    <UnitTestResult executionId="d11a49c2-90b6-4832-8ffa-18dfffc3556e" testId="42e002a4-eefa-4471-9ea2-00a41b299776" testName="Test3000" computerName="UA-LPT-OGA2" duration="00:00:01.0140000" startTime="2025-05-14T13:20:31.3146610Z" endTime="2025-05-14T13:25:31.3147553Z" testType="13cdc9d9-ddb5-4fa4-a97d-d965ccfc6d4b" outcome="Passed" testListId="5df82712-dc9f-407e-863d-74fe2d243bf0" />
  </Results>
  <TestDefinitions>
    <UnitTest name="Test2901" id="e2e42a7d-564b-42ac-a8d3-3aebd96128d9" storage="TestAssembly.dll">
      <Execution id="8daaa269-64c4-4aaa-a835-d94cf53fefe2" />
      <TestMethod codeBase="TestAssembly.dll" className="TestNamespace.TestClass1" name="Test2901" />
    </UnitTest>
    <UnitTest name="Test2902" id="920df0dd-17ba-48f3-a42d-ed88fe3d7a9a" storage="TestAssembly.dll">
      <Execution id="a4862176-af03-49ca-a689-ef365fdee12a" />
      <TestMethod codeBase="TestAssembly.dll" className="TestNamespace.TestClass1" name="Test2902" />
    </UnitTest>
    <UnitTest name="Test2903" id="eab72342-90d1-4986-a9a3-92f81a44c97f" storage="TestAssembly.dll">
      <Execution id="304ab9f4-a9f8-49db-adc3-2ae2f7f253db" />
      <TestMethod codeBase="TestAssembly.dll" className="TestNamespace.TestClass1" name="Test2903" />
    </UnitTest>
    <UnitTest name="Test2904" id="e23d51f3-2847-4622-b180-10a139524218" storage="TestAssembly.dll">
      <Execution id="f782544f-0fa1-42c7-8822-71548adf3370" />
      <TestMethod codeBase="TestAssembly.dll" className="TestNamespace.TestClass1" name="Test2904" />
    </UnitTest>
    <UnitTest name="Test2905" id="9b5bef8d-b307-4ac7-86c4-4c5247e72022" storage="TestAssembly.dll">
      <Execution id="3876304b-3182-4494-90a5-c28469e5d870" />
      <TestMethod codeBase="TestAssembly.dll" className="TestNamespace.TestClass1" name="Test2905" />
    </UnitTest>
    <UnitTest name="Test2906" id="2623d0ed-6e4b-4615-8f1c-d9dfbb236083" storage="TestAssembly.dll">
      <Execution id="820ccf36-c823-4862-8216-3f0af787b4f2" />
      <TestMethod codeBase="TestAssembly.dll" className="TestNamespace.TestClass1" name="Test2906" />
    </UnitTest>
    <UnitTest name="Test2907" id="d2e8731e-ca32-4a2f-8165-f3aa884767a3" storage="TestAssembly.dll">
      <Execution id="a965448e-04b1-4564-aac3-2816ba65e514" />
      <TestMethod codeBase="TestAssembly.dll" className="TestNamespace.TestClass1" name="Test2907" />
    </UnitTest>
    <UnitTest name="Test2908" id="ea980080-19d0-4f1e-967f-d9d2e7e26231" storage="TestAssembly.dll">
      <Execution id="f1839d2e-4c0c-4dd3-b792-2c6e242994f1" />
      <TestMethod codeBase="TestAssembly.dll" className="TestNamespace.TestClass1" name="Test2908" />
    </UnitTest>
    <UnitTest name="Test2909" id="e8171151-a8c5-49e8-b984-cb2fedf5c152" storage="TestAssembly.dll">
      <Execution id="fcf71a20-0a49-4715-b936-f7e5871e4f56" />
      <TestMethod codeBase="TestAssembly.dll" className="TestNamespace.TestClass1" name="Test2909" />
    </UnitTest>
    <UnitTest name="Test2910" id="a56b6610-c4e4-4616-a44a-ff66ecdf1b0e" storage="TestAssembly.dll">
      <Execution id="4f9138ab-7588-4de9-bb2d-6ff4259fbda6" />
      <TestMethod codeBase="TestAssembly.dll" className="TestNamespace.TestClass1" name="Test2910" />
    </UnitTest>
    <UnitTest name="Test2911" id="9fd6aa6c-b618-4627-9664-54375b45ca64" storage="TestAssembly.dll">
      <Execution id="8a68ce6d-20d5-42f5-a1b7-f163f6ae9336" />
      <TestMethod codeBase="TestAssembly.dll" className="TestNamespace.TestClass2" name="Test2911" />
    </UnitTest>
    <UnitTest name="Test2912" id="bced3083-f834-451b-ac0b-683d70452434" storage="TestAssembly.dll">
      <Execution id="5f906b48-0a56-4772-bcc0-fed9bb8eb349" />
      <TestMethod codeBase="TestAssembly.dll" className="TestNamespace.TestClass2" name="Test2912" />
    </UnitTest>
    <UnitTest name="Test2913" id="256a8c09-4fdd-4159-b772-af13fb452d7b" storage="TestAssembly.dll">
      <Execution id="1b589d71-5adc-4355-8f9a-7f50bfa9acfc" />
      <TestMethod codeBase="TestAssembly.dll" className="TestNamespace.TestClass2" name="Test2913" />
    </UnitTest>
    <UnitTest name="Test2914" id="dd802213-e8b9-402e-addd-aa741e6de159" storage="TestAssembly.dll">
      <Execution id="e8d19d78-402d-4fec-a8e6-bb68b02c8eb1" />
      <TestMethod codeBase="TestAssembly.dll" className="TestNamespace.TestClass2" name="Test2914" />
    </UnitTest>
    <UnitTest name="Test2915" id="22f7c25f-06e7-4946-b648-12b4edcf1c43" storage="TestAssembly.dll">
      <Execution id="fbb05bdd-92ac-474a-afaf-60506a80473b" />
      <TestMethod codeBase="TestAssembly.dll" className="TestNamespace.TestClass2" name="Test2915" />
    </UnitTest>
    <UnitTest name="Test2916" id="8aafca0b-8dbe-4ef1-9861-97c70108afeb" storage="TestAssembly.dll">
      <Execution id="5fdf2769-2ee5-4691-9f3b-41297c21f708" />
      <TestMethod codeBase="TestAssembly.dll" className="TestNamespace.TestClass2" name="Test2916" />
    </UnitTest>
    <UnitTest name="Test2917" id="5385115f-0aef-4192-a182-eba520baa577" storage="TestAssembly.dll">
      <Execution id="698d15a8-ad21-4839-bd3c-3831f4180be5" />
      <TestMethod codeBase="TestAssembly.dll" className="TestNamespace.TestClass2" name="Test2917" />
    </UnitTest>
    <UnitTest name="Test2918" id="ff1d084c-0409-49ce-9d30-8cee21a8a816" storage="TestAssembly.dll">
      <Execution id="3cb4cd71-bfde-43ae-9627-5f7e2727a4c8" />
      <TestMethod codeBase="TestAssembly.dll" className="TestNamespace.TestClass2" name="Test2918" />
    </UnitTest>
    <UnitTest name="Test2919" id="276cf9f1-6cc0-446c-86f4-f9d2967a51fc" storage="TestAssembly.dll">
      <Execution id="c15259df-eccb-4148-bd15-3033e0ab1f13" />
      <TestMethod codeBase="TestAssembly.dll" className="TestNamespace.TestClass2" name="Test2919" />
    </UnitTest>
    <UnitTest name="Test2920" id="b08c7736-9a77-4e3e-9bbb-103203a0e133" storage="TestAssembly.dll">
      <Execution id="bcd389f9-ec6d-49de-9775-ea176effccf1" />
      <TestMethod codeBase="TestAssembly.dll" className="TestNamespace.TestClass2" name="Test2920" />
    </UnitTest>
    <UnitTest name="Test2921" id="ddc72e92-4ee7-4c98-a77e-7553e424b604" storage="TestAssembly.dll">
      <Execution id="c92c7977-3050-4b96-ba3c-8825147746f5" />
      <TestMethod codeBase="TestAssembly.dll" className="TestNamespace.TestClass3" name="Test2921" />
    </UnitTest>
    <UnitTest name="Test2922" id="275e1884-823f-456c-a5a3-47b5e5950271" storage="TestAssembly.dll">
      <Execution id="78bdbee5-ea2e-4068-b831-e938847c034b" />
      <TestMethod codeBase="TestAssembly.dll" className="TestNamespace.TestClass3" name="Test2922" />
    </UnitTest>
    <UnitTest name="Test2923" id="a8cb9c28-d471-491e-aac5-1ca00dd71118" storage="TestAssembly.dll">
      <Execution id="c6777b76-a9b2-4c2c-80be-7cb209a1ea20" />
      <TestMethod codeBase="TestAssembly.dll" className="TestNamespace.TestClass3" name="Test2923" />
    </UnitTest>
    <UnitTest name="Test2924" id="806bbeb1-840f-4cbe-a10a-c671735504a5" storage="TestAssembly.dll">
      <Execution id="2ff8f629-27a4-44c1-b576-6bb3b178b80f" />
      <TestMethod codeBase="TestAssembly.dll" className="TestNamespace.TestClass3" name="Test2924" />
    </UnitTest>
    <UnitTest name="Test2925" id="7d4a8bb3-ce07-44a9-93f9-bb654aabeec4" storage="TestAssembly.dll">
      <Execution id="48813ef1-5f4c-45ce-9543-40b8b5ac1e41" />
      <TestMethod codeBase="TestAssembly.dll" className="TestNamespace.TestClass3" name="Test2925" />
    </UnitTest>
    <UnitTest name="Test2926" id="e318bcac-24a7-4ede-9b52-a003cb018ddc" storage="TestAssembly.dll">
      <Execution id="f6c8bf53-d2e9-4b52-8c59-1b25d7cfdfa3" />
      <TestMethod codeBase="TestAssembly.dll" className="TestNamespace.TestClass3" name="Test2926" />
    </UnitTest>
    <UnitTest name="Test2927" id="cf61ac46-36d3-418e-996d-cc44b30fe79e" storage="TestAssembly.dll">
      <Execution id="7f9449b5-6791-4a14-bc8b-e9466b377a75" />
      <TestMethod codeBase="TestAssembly.dll" className="TestNamespace.TestClass3" name="Test2927" />
    </UnitTest>
    <UnitTest name="Test2928" id="b8484fa0-48bb-4857-9442-b439c53bd029" storage="TestAssembly.dll">
      <Execution id="06c159ce-ca66-48bb-9ea5-0b66196848b6" />
      <TestMethod codeBase="TestAssembly.dll" className="TestNamespace.TestClass3" name="Test2928" />
    </UnitTest>
    <UnitTest name="Test2929" id="9a10b96a-e904-47c0-8e94-28ca80f0fa5a" storage="TestAssembly.dll">
      <Execution id="f5e2e03d-cd8f-4fbb-abc3-ed6858653ca9" />
      <TestMethod codeBase="TestAssembly.dll" className="TestNamespace.TestClass3" name="Test2929" />
    </UnitTest>
    <UnitTest name="Test2930" id="36414610-8f2b-49c0-bc7c-73f8121b805f" storage="TestAssembly.dll">
      <Execution id="d9cfac71-7e5c-4523-be23-a6efe4c0cd9d" />
      <TestMethod codeBase="TestAssembly.dll" className="TestNamespace.TestClass3" name="Test2930" />
    </UnitTest>
    <UnitTest name="Test2931" id="60bea524-7ce9-4122-ab45-097d80706cc3" storage="TestAssembly.dll">
      <Execution id="2d53de17-03ea-41e4-820f-705b79334ffc" />
      <TestMethod codeBase="TestAssembly.dll" className="TestNamespace.TestClass4" name="Test2931" />
    </UnitTest>
    <UnitTest name="Test2932" id="eedee14a-2afb-4cfb-ab3f-c1d49d84d5e3" storage="TestAssembly.dll">
      <Execution id="f2a6087f-4f0d-4441-a144-af36ebcc4dc4" />
      <TestMethod codeBase="TestAssembly.dll" className="TestNamespace.TestClass4" name="Test2932" />
    </UnitTest>
    <UnitTest name="Test2933" id="b3903cde-6015-4d4e-9821-f1352de7c246" storage="TestAssembly.dll">
      <Execution id="5bb2f49d-7bce-404d-afe1-fa9fcd3882ce" />
      <TestMethod codeBase="TestAssembly.dll" className="TestNamespace.TestClass4" name="Test2933" />
    </UnitTest>
    <UnitTest name="Test2934" id="efd6c0f6-40d6-4027-bb49-eb374bf11f7e" storage="TestAssembly.dll">
      <Execution id="d8bce87c-cf35-41ff-9781-fbe585509397" />
      <TestMethod codeBase="TestAssembly.dll" className="TestNamespace.TestClass4" name="Test2934" />
    </UnitTest>
    <UnitTest name="Test2935" id="03bd7951-a5be-426a-9efb-5c83d4c6639f" storage="TestAssembly.dll">
      <Execution id="89dd5edc-f587-4987-91ce-ced0f37f10ae" />
      <TestMethod codeBase="TestAssembly.dll" className="TestNamespace.TestClass4" name="Test2935" />
    </UnitTest>
    <UnitTest name="Test2936" id="49e9d7d2-42a6-4d53-9193-34b45c8d5963" storage="TestAssembly.dll">
      <Execution id="c06d26c9-7db9-49f0-82e5-055cb51bc758" />
      <TestMethod codeBase="TestAssembly.dll" className="TestNamespace.TestClass4" name="Test2936" />
    </UnitTest>
    <UnitTest name="Test2937" id="43d87965-39c6-4a0c-a73c-87953778b5ac" storage="TestAssembly.dll">
      <Execution id="74ec49b2-4c4e-4018-9ed7-2115a1e2d3aa" />
      <TestMethod codeBase="TestAssembly.dll" className="TestNamespace.TestClass4" name="Test2937" />
    </UnitTest>
    <UnitTest name="Test2938" id="0e18de88-45cb-4e81-8a70-15050290b546" storage="TestAssembly.dll">
      <Execution id="b082453d-b80e-485d-9b31-5ea1c0df4a26" />
      <TestMethod codeBase="TestAssembly.dll" className="TestNamespace.TestClass4" name="Test2938" />
    </UnitTest>
    <UnitTest name="Test2939" id="422b3beb-90a8-428e-9039-5435e69c84e9" storage="TestAssembly.dll">
      <Execution id="e8fcf632-dfe0-40eb-a908-231d682eddde" />
      <TestMethod codeBase="TestAssembly.dll" className="TestNamespace.TestClass4" name="Test2939" />
    </UnitTest>
    <UnitTest name="Test2940" id="c4e5230d-1c18-4690-8a63-577376c61fee" storage="TestAssembly.dll">
      <Execution id="f4d0ba0a-2225-4f9f-ae73-97ed37e964c5" />
      <TestMethod codeBase="TestAssembly.dll" className="TestNamespace.TestClass4" name="Test2940" />
    </UnitTest>
    <UnitTest name="Test2941" id="29771291-183e-4ea8-b245-11f494114c67" storage="TestAssembly.dll">
      <Execution id="9d4b58bc-ee62-4712-b1c0-681275e41fcb" />
      <TestMethod codeBase="TestAssembly.dll" className="TestNamespace.TestClass5" name="Test2941" />
    </UnitTest>
    <UnitTest name="Test2942" id="5d50e4ac-b9a2-4e44-8b9d-d49e3eaf43ae" storage="TestAssembly.dll">
      <Execution id="71115f3b-cdbb-4d18-8382-48a5040cb4ad" />
      <TestMethod codeBase="TestAssembly.dll" className="TestNamespace.TestClass5" name="Test2942" />
    </UnitTest>
    <UnitTest name="Test2943" id="83c95ffe-1d00-41ba-a5a7-eb4d1b92a4f8" storage="TestAssembly.dll">
      <Execution id="c8294478-3f7d-4b2a-9865-32ab3958d71b" />
      <TestMethod codeBase="TestAssembly.dll" className="TestNamespace.TestClass5" name="Test2943" />
    </UnitTest>
    <UnitTest name="Test2944" id="e5b295fb-fd32-49da-bfc3-2fb08978a6ed" storage="TestAssembly.dll">
      <Execution id="3e8926f1-4834-41b3-90eb-b445548f597c" />
      <TestMethod codeBase="TestAssembly.dll" className="TestNamespace.TestClass5" name="Test2944" />
    </UnitTest>
    <UnitTest name="Test2945" id="baa04576-197e-47e7-8e89-3173c957278c" storage="TestAssembly.dll">
      <Execution id="98b5a91e-fa3c-4486-9f36-6aed34d0edea" />
      <TestMethod codeBase="TestAssembly.dll" className="TestNamespace.TestClass5" name="Test2945" />
    </UnitTest>
    <UnitTest name="Test2946" id="9e124b78-58cb-48aa-8f06-b1a0562903e7" storage="TestAssembly.dll">
      <Execution id="67afec67-5ad5-4612-a053-218a5a67705a" />
      <TestMethod codeBase="TestAssembly.dll" className="TestNamespace.TestClass5" name="Test2946" />
    </UnitTest>
    <UnitTest name="Test2947" id="58b8863d-27b8-4abd-a1ba-5f5f63e7da61" storage="TestAssembly.dll">
      <Execution id="47fdfbdc-a76d-4fbb-a1ee-c4c078aa21e6" />
      <TestMethod codeBase="TestAssembly.dll" className="TestNamespace.TestClass5" name="Test2947" />
    </UnitTest>
    <UnitTest name="Test2948" id="7ff86b43-0cfe-4435-b96e-d104ca516e4d" storage="TestAssembly.dll">
      <Execution id="92a17d1a-c128-4e79-93ac-da107af3e230" />
      <TestMethod codeBase="TestAssembly.dll" className="TestNamespace.TestClass5" name="Test2948" />
    </UnitTest>
    <UnitTest name="Test2949" id="19b20a55-6dbb-4b0c-af2d-c14328ad25c9" storage="TestAssembly.dll">
      <Execution id="de0b08f8-fa97-4459-a0a4-15453a264173" />
      <TestMethod codeBase="TestAssembly.dll" className="TestNamespace.TestClass5" name="Test2949" />
    </UnitTest>
    <UnitTest name="Test2950" id="53fd4e0a-f6e6-49e5-bd63-0e26c29ebb65" storage="TestAssembly.dll">
      <Execution id="590a1414-9b1b-4ca2-b7a4-abec6da1267d" />
      <TestMethod codeBase="TestAssembly.dll" className="TestNamespace.TestClass5" name="Test2950" />
    </UnitTest>
    <UnitTest name="Test2951" id="49cd70fc-e0fe-4aaf-ac21-c57d1ea7334d" storage="TestAssembly.dll">
      <Execution id="36d91801-d1f3-4cae-b4aa-b54a23f361e7" />
      <TestMethod codeBase="TestAssembly.dll" className="TestNamespace.TestClass6" name="Test2951" />
    </UnitTest>
    <UnitTest name="Test2952" id="fe26aaaf-6fe0-42c0-a309-4396f70171bc" storage="TestAssembly.dll">
      <Execution id="43ee671f-d030-4f6b-8773-fe9b12f2900b" />
      <TestMethod codeBase="TestAssembly.dll" className="TestNamespace.TestClass6" name="Test2952" />
    </UnitTest>
    <UnitTest name="Test2953" id="b4fd3dde-13b1-4890-937c-c5c0ce3ed357" storage="TestAssembly.dll">
      <Execution id="dce8537d-eb0b-45fd-886c-c98583a539bb" />
      <TestMethod codeBase="TestAssembly.dll" className="TestNamespace.TestClass6" name="Test2953" />
    </UnitTest>
    <UnitTest name="Test2954" id="9149195b-90ba-4d01-ac6e-57c3e6e73ff7" storage="TestAssembly.dll">
      <Execution id="c775314d-740a-4ed7-951d-43dea2e4883a" />
      <TestMethod codeBase="TestAssembly.dll" className="TestNamespace.TestClass6" name="Test2954" />
    </UnitTest>
    <UnitTest name="Test2955" id="9bd48dbe-14fd-42b2-921f-dd088d785c53" storage="TestAssembly.dll">
      <Execution id="f2db1715-90c9-4bae-83c1-7996113153b2" />
      <TestMethod codeBase="TestAssembly.dll" className="TestNamespace.TestClass6" name="Test2955" />
    </UnitTest>
    <UnitTest name="Test2956" id="76491cfa-9cf9-4b08-9350-f60fb0201e2c" storage="TestAssembly.dll">
      <Execution id="c95b4262-3856-476e-b950-cd8b99fb78c9" />
      <TestMethod codeBase="TestAssembly.dll" className="TestNamespace.TestClass6" name="Test2956" />
    </UnitTest>
    <UnitTest name="Test2957" id="80031e8d-9646-4d96-bd0d-e76ccfb5258a" storage="TestAssembly.dll">
      <Execution id="99c2e318-b07d-4a7e-90d3-60fdc82b2f43" />
      <TestMethod codeBase="TestAssembly.dll" className="TestNamespace.TestClass6" name="Test2957" />
    </UnitTest>
    <UnitTest name="Test2958" id="2b5ebee9-6c7c-4f53-8be7-b22d762a308c" storage="TestAssembly.dll">
      <Execution id="b7021be1-1dae-45ba-a68d-d0bc132528ac" />
      <TestMethod codeBase="TestAssembly.dll" className="TestNamespace.TestClass6" name="Test2958" />
    </UnitTest>
    <UnitTest name="Test2959" id="33900480-7ae2-4521-9ff3-acef8f1b37e5" storage="TestAssembly.dll">
      <Execution id="6deaa530-aa95-479f-82d8-022627bc71ec" />
      <TestMethod codeBase="TestAssembly.dll" className="TestNamespace.TestClass6" name="Test2959" />
    </UnitTest>
    <UnitTest name="Test2960" id="d7506225-da3b-478a-b81d-9e27f9db4f11" storage="TestAssembly.dll">
      <Execution id="e9b79fee-9a98-4a47-a16a-45072f6a371e" />
      <TestMethod codeBase="TestAssembly.dll" className="TestNamespace.TestClass6" name="Test2960" />
    </UnitTest>
    <UnitTest name="Test2961" id="32eb81b1-9d12-4351-8941-711fcf5fc526" storage="TestAssembly.dll">
      <Execution id="641952f1-c27f-41f9-8ae3-d44dcfd837f0" />
      <TestMethod codeBase="TestAssembly.dll" className="TestNamespace.TestClass7" name="Test2961" />
    </UnitTest>
    <UnitTest name="Test2962" id="17a7c118-449a-440f-b9fd-e69a9846a689" storage="TestAssembly.dll">
      <Execution id="8c09d407-cd5c-4d7e-875d-af6f5727b6ae" />
      <TestMethod codeBase="TestAssembly.dll" className="TestNamespace.TestClass7" name="Test2962" />
    </UnitTest>
    <UnitTest name="Test2963" id="64801465-f79b-4a78-9d47-737c1af1bc44" storage="TestAssembly.dll">
      <Execution id="7bc8d015-051b-44bd-93a9-8a01370a9a20" />
      <TestMethod codeBase="TestAssembly.dll" className="TestNamespace.TestClass7" name="Test2963" />
    </UnitTest>
    <UnitTest name="Test2964" id="3e92c1b5-c440-4f58-998b-54f6f75d0354" storage="TestAssembly.dll">
      <Execution id="379f883e-38fd-4823-97ad-f85e6f724e10" />
      <TestMethod codeBase="TestAssembly.dll" className="TestNamespace.TestClass7" name="Test2964" />
    </UnitTest>
    <UnitTest name="Test2965" id="abf8c9e8-e3b4-498d-9fb5-4ebe70639684" storage="TestAssembly.dll">
      <Execution id="4c6bc2be-473a-4cbf-8cd6-84f56b241a5f" />
      <TestMethod codeBase="TestAssembly.dll" className="TestNamespace.TestClass7" name="Test2965" />
    </UnitTest>
    <UnitTest name="Test2966" id="5d0a9618-b662-4d04-ab02-1f63999f1abe" storage="TestAssembly.dll">
      <Execution id="efb66f22-ca0c-439b-bb34-1149c10c5cb3" />
      <TestMethod codeBase="TestAssembly.dll" className="TestNamespace.TestClass7" name="Test2966" />
    </UnitTest>
    <UnitTest name="Test2967" id="06eb6488-39d5-4d60-9b03-1e604e8473aa" storage="TestAssembly.dll">
      <Execution id="08232ec1-aa93-43e3-b725-eb0563fd0092" />
      <TestMethod codeBase="TestAssembly.dll" className="TestNamespace.TestClass7" name="Test2967" />
    </UnitTest>
    <UnitTest name="Test2968" id="365f0b78-6566-49eb-ba5f-422ee00cb530" storage="TestAssembly.dll">
      <Execution id="a24c1e46-da5e-4def-8993-da6759a94086" />
      <TestMethod codeBase="TestAssembly.dll" className="TestNamespace.TestClass7" name="Test2968" />
    </UnitTest>
    <UnitTest name="Test2969" id="eb73548b-a24a-49c4-96a7-e7ca5acc6108" storage="TestAssembly.dll">
      <Execution id="bc441460-3af6-4b0f-825f-0dccdf43f3f4" />
      <TestMethod codeBase="TestAssembly.dll" className="TestNamespace.TestClass7" name="Test2969" />
    </UnitTest>
    <UnitTest name="Test2970" id="2753335a-a063-4442-bdcf-d5cf4accb9a1" storage="TestAssembly.dll">
      <Execution id="b02705c9-d6b5-4c2d-b65b-94f6e63d8709" />
      <TestMethod codeBase="TestAssembly.dll" className="TestNamespace.TestClass7" name="Test2970" />
    </UnitTest>
    <UnitTest name="Test2971" id="1c488caf-3a25-4603-bc69-90ac42e52b1c" storage="TestAssembly.dll">
      <Execution id="808212e9-3add-4942-89d2-f806f3dd432e" />
      <TestMethod codeBase="TestAssembly.dll" className="TestNamespace.TestClass8" name="Test2971" />
    </UnitTest>
    <UnitTest name="Test2972" id="f76af91b-64ee-4184-8a6c-708f75be503d" storage="TestAssembly.dll">
      <Execution id="e4cdccb0-2373-4aa7-91a0-06909fa24f7c" />
      <TestMethod codeBase="TestAssembly.dll" className="TestNamespace.TestClass8" name="Test2972" />
    </UnitTest>
    <UnitTest name="Test2973" id="c3b681ea-006a-4d98-a4ea-46a47410c05d" storage="TestAssembly.dll">
      <Execution id="e2e0ea16-969d-4708-8494-5f8227cdc17e" />
      <TestMethod codeBase="TestAssembly.dll" className="TestNamespace.TestClass8" name="Test2973" />
    </UnitTest>
    <UnitTest name="Test2974" id="5fc06f03-810f-46c7-a1c4-22242b88a02f" storage="TestAssembly.dll">
      <Execution id="ec580997-de34-4ed8-81ee-2f71f9866b86" />
      <TestMethod codeBase="TestAssembly.dll" className="TestNamespace.TestClass8" name="Test2974" />
    </UnitTest>
    <UnitTest name="Test2975" id="c8ca6d44-fa09-4893-b991-1b9ac69cdd24" storage="TestAssembly.dll">
      <Execution id="c71e93e4-a213-414d-9773-24f43094f663" />
      <TestMethod codeBase="TestAssembly.dll" className="TestNamespace.TestClass8" name="Test2975" />
    </UnitTest>
    <UnitTest name="Test2976" id="9ce99f46-f077-42fe-ac25-9fd0561c9d6c" storage="TestAssembly.dll">
      <Execution id="e1a98418-759f-4aa1-a1b4-ff1b71f8d502" />
      <TestMethod codeBase="TestAssembly.dll" className="TestNamespace.TestClass8" name="Test2976" />
    </UnitTest>
    <UnitTest name="Test2977" id="81d1e285-8731-41cd-b2b3-d47b09b12c1c" storage="TestAssembly.dll">
      <Execution id="b4c099e6-d5d6-4e65-8000-846653c79dea" />
      <TestMethod codeBase="TestAssembly.dll" className="TestNamespace.TestClass8" name="Test2977" />
    </UnitTest>
    <UnitTest name="Test2978" id="2f973ec8-2aff-4b72-9835-b6e811e64586" storage="TestAssembly.dll">
      <Execution id="7ac083b0-4a52-4c8f-aef3-4f56d1d41b5a" />
      <TestMethod codeBase="TestAssembly.dll" className="TestNamespace.TestClass8" name="Test2978" />
    </UnitTest>
    <UnitTest name="Test2979" id="a651bbdb-28c8-4f3d-baac-be88ef253f82" storage="TestAssembly.dll">
      <Execution id="ade87082-83c3-4986-b536-4ef39a6c4ec8" />
      <TestMethod codeBase="TestAssembly.dll" className="TestNamespace.TestClass8" name="Test2979" />
    </UnitTest>
    <UnitTest name="Test2980" id="e8b15f8b-25d3-4aef-b27d-ebed07f7a706" storage="TestAssembly.dll">
      <Execution id="eb5543c4-e263-4b41-a6eb-b06d35f56d25" />
      <TestMethod codeBase="TestAssembly.dll" className="TestNamespace.TestClass8" name="Test2980" />
    </UnitTest>
    <UnitTest name="Test2981" id="de992aed-9c62-448b-b32d-d797b40d858a" storage="TestAssembly.dll">
      <Execution id="4ec5f803-7296-45ab-96da-19f25432f0e5" />
      <TestMethod codeBase="TestAssembly.dll" className="TestNamespace.TestClass9" name="Test2981" />
    </UnitTest>
    <UnitTest name="Test2982" id="d7c443fe-9e12-47c8-aa33-23e373a934ba" storage="TestAssembly.dll">
      <Execution id="b0ecce19-7037-408e-986f-1d4588dce57b" />
      <TestMethod codeBase="TestAssembly.dll" className="TestNamespace.TestClass9" name="Test2982" />
    </UnitTest>
    <UnitTest name="Test2983" id="42008bd2-4dde-444b-9ceb-06a08db8ff59" storage="TestAssembly.dll">
      <Execution id="bbda5aa6-4586-456b-9acb-6b90a9b9c5fe" />
      <TestMethod codeBase="TestAssembly.dll" className="TestNamespace.TestClass9" name="Test2983" />
    </UnitTest>
    <UnitTest name="Test2984" id="8920f00c-947b-49c5-86ca-5344ffd7080a" storage="TestAssembly.dll">
      <Execution id="1eb894f5-88ad-4f27-b630-67645cf2c77d" />
      <TestMethod codeBase="TestAssembly.dll" className="TestNamespace.TestClass9" name="Test2984" />
    </UnitTest>
    <UnitTest name="Test2985" id="e1100f82-cc1c-4ac8-8c69-180ccb17acf7" storage="TestAssembly.dll">
      <Execution id="a8974d70-cca6-4c41-b68c-c78a753acf90" />
      <TestMethod codeBase="TestAssembly.dll" className="TestNamespace.TestClass9" name="Test2985" />
    </UnitTest>
    <UnitTest name="Test2986" id="eee84f30-0403-428f-bd3b-8bad553ba34e" storage="TestAssembly.dll">
      <Execution id="d2495df0-9cab-4dd7-a8b2-2dc4e3f840c5" />
      <TestMethod codeBase="TestAssembly.dll" className="TestNamespace.TestClass9" name="Test2986" />
    </UnitTest>
    <UnitTest name="Test2987" id="f78f5d18-ff62-4707-a2de-8817bec0bd1e" storage="TestAssembly.dll">
      <Execution id="4470bebd-e2e1-40ed-a210-1804147a9537" />
      <TestMethod codeBase="TestAssembly.dll" className="TestNamespace.TestClass9" name="Test2987" />
    </UnitTest>
    <UnitTest name="Test2988" id="13a845e2-d3ec-462a-adcb-28baf439bb40" storage="TestAssembly.dll">
      <Execution id="a0914fe5-e64a-4cfc-ae69-60f4f260ae0b" />
      <TestMethod codeBase="TestAssembly.dll" className="TestNamespace.TestClass9" name="Test2988" />
    </UnitTest>
    <UnitTest name="Test2989" id="fc5df2e1-f225-416c-a041-99801e447a95" storage="TestAssembly.dll">
      <Execution id="a83166b4-2173-4b48-bcbb-8cf8fcd125bb" />
      <TestMethod codeBase="TestAssembly.dll" className="TestNamespace.TestClass9" name="Test2989" />
    </UnitTest>
    <UnitTest name="Test2990" id="97f6e8ba-0451-4ee9-8504-1659717a8e0c" storage="TestAssembly.dll">
      <Execution id="cb7a789a-2097-4eb4-bca3-f95c75e06e79" />
      <TestMethod codeBase="TestAssembly.dll" className="TestNamespace.TestClass9" name="Test2990" />
    </UnitTest>
    <UnitTest name="Test2991" id="c0d72c84-5ed7-4e7a-a55b-20d631cb6d45" storage="TestAssembly.dll">
      <Execution id="e3373da3-b8b3-4f18-aad0-7a83f699c1bb" />
      <TestMethod codeBase="TestAssembly.dll" className="TestNamespace.TestClass10" name="Test2991" />
    </UnitTest>
    <UnitTest name="Test2992" id="6f6bc49e-adf0-4067-af64-37b1dc823399" storage="TestAssembly.dll">
      <Execution id="c645ad96-136f-4270-b213-6f2c2bc0f3b1" />
      <TestMethod codeBase="TestAssembly.dll" className="TestNamespace.TestClass10" name="Test2992" />
    </UnitTest>
    <UnitTest name="Test2993" id="3187983a-c792-4486-b7d9-d38af760bc7f" storage="TestAssembly.dll">
      <Execution id="1e938a74-1213-4535-b189-5f5f0222af76" />
      <TestMethod codeBase="TestAssembly.dll" className="TestNamespace.TestClass10" name="Test2993" />
    </UnitTest>
    <UnitTest name="Test2994" id="332f07a5-38c8-4bd7-9154-994abd40bff3" storage="TestAssembly.dll">
      <Execution id="64693e12-3c06-4f27-99e6-dfe85e5a5a8a" />
      <TestMethod codeBase="TestAssembly.dll" className="TestNamespace.TestClass10" name="Test2994" />
    </UnitTest>
    <UnitTest name="Test2995" id="e3a84c33-6a2a-4e07-94f5-54d42a10b452" storage="TestAssembly.dll">
      <Execution id="a523f7f6-51fe-42c0-9fdd-0b6788939b47" />
      <TestMethod codeBase="TestAssembly.dll" className="TestNamespace.TestClass10" name="Test2995" />
    </UnitTest>
    <UnitTest name="Test2996" id="00590101-884d-4beb-b045-22857ded2b3d" storage="TestAssembly.dll">
      <Execution id="6176657b-7f55-43b0-a589-f478321ff0b4" />
      <TestMethod codeBase="TestAssembly.dll" className="TestNamespace.TestClass10" name="Test2996" />
    </UnitTest>
    <UnitTest name="Test2997" id="8d5d989b-f883-40e8-964f-3bde70814f10" storage="TestAssembly.dll">
      <Execution id="e3cd0222-e902-4b45-a58a-340f3817bfef" />
      <TestMethod codeBase="TestAssembly.dll" className="TestNamespace.TestClass10" name="Test2997" />
    </UnitTest>
    <UnitTest name="Test2998" id="5b2afa4c-b2cf-4392-96a9-6858a503d67a" storage="TestAssembly.dll">
      <Execution id="4c128609-2bb3-4772-85b3-8519e88024f6" />
      <TestMethod codeBase="TestAssembly.dll" className="TestNamespace.TestClass10" name="Test2998" />
    </UnitTest>
    <UnitTest name="Test2999" id="f941939e-6be2-4aa5-bf02-375cb1b9229f" storage="TestAssembly.dll">
      <Execution id="804fa286-54b5-4d53-a5e9-db0296a63985" />
      <TestMethod codeBase="TestAssembly.dll" className="TestNamespace.TestClass10" name="Test2999" />
    </UnitTest>
    <UnitTest name="Test3000" id="42e002a4-eefa-4471-9ea2-00a41b299776" storage="TestAssembly.dll">
      <Execution id="d11a49c2-90b6-4832-8ffa-18dfffc3556e" />
      <TestMethod codeBase="TestAssembly.dll" className="TestNamespace.TestClass10" name="Test3000" />
    </UnitTest>
  </TestDefinitions>
  <TestEntries>
    <TestEntry testId="e2e42a7d-564b-42ac-a8d3-3aebd96128d9" executionId="8daaa269-64c4-4aaa-a835-d94cf53fefe2" testListId="5df82712-dc9f-407e-863d-74fe2d243bf0" />
    <TestEntry testId="920df0dd-17ba-48f3-a42d-ed88fe3d7a9a" executionId="a4862176-af03-49ca-a689-ef365fdee12a" testListId="5df82712-dc9f-407e-863d-74fe2d243bf0" />
    <TestEntry testId="eab72342-90d1-4986-a9a3-92f81a44c97f" executionId="304ab9f4-a9f8-49db-adc3-2ae2f7f253db" testListId="5df82712-dc9f-407e-863d-74fe2d243bf0" />
    <TestEntry testId="e23d51f3-2847-4622-b180-10a139524218" executionId="f782544f-0fa1-42c7-8822-71548adf3370" testListId="5df82712-dc9f-407e-863d-74fe2d243bf0" />
    <TestEntry testId="9b5bef8d-b307-4ac7-86c4-4c5247e72022" executionId="3876304b-3182-4494-90a5-c28469e5d870" testListId="5df82712-dc9f-407e-863d-74fe2d243bf0" />
    <TestEntry testId="2623d0ed-6e4b-4615-8f1c-d9dfbb236083" executionId="820ccf36-c823-4862-8216-3f0af787b4f2" testListId="5df82712-dc9f-407e-863d-74fe2d243bf0" />
    <TestEntry testId="d2e8731e-ca32-4a2f-8165-f3aa884767a3" executionId="a965448e-04b1-4564-aac3-2816ba65e514" testListId="5df82712-dc9f-407e-863d-74fe2d243bf0" />
    <TestEntry testId="ea980080-19d0-4f1e-967f-d9d2e7e26231" executionId="f1839d2e-4c0c-4dd3-b792-2c6e242994f1" testListId="5df82712-dc9f-407e-863d-74fe2d243bf0" />
    <TestEntry testId="e8171151-a8c5-49e8-b984-cb2fedf5c152" executionId="fcf71a20-0a49-4715-b936-f7e5871e4f56" testListId="5df82712-dc9f-407e-863d-74fe2d243bf0" />
    <TestEntry testId="a56b6610-c4e4-4616-a44a-ff66ecdf1b0e" executionId="4f9138ab-7588-4de9-bb2d-6ff4259fbda6" testListId="5df82712-dc9f-407e-863d-74fe2d243bf0" />
    <TestEntry testId="9fd6aa6c-b618-4627-9664-54375b45ca64" executionId="8a68ce6d-20d5-42f5-a1b7-f163f6ae9336" testListId="5df82712-dc9f-407e-863d-74fe2d243bf0" />
    <TestEntry testId="bced3083-f834-451b-ac0b-683d70452434" executionId="5f906b48-0a56-4772-bcc0-fed9bb8eb349" testListId="5df82712-dc9f-407e-863d-74fe2d243bf0" />
    <TestEntry testId="256a8c09-4fdd-4159-b772-af13fb452d7b" executionId="1b589d71-5adc-4355-8f9a-7f50bfa9acfc" testListId="5df82712-dc9f-407e-863d-74fe2d243bf0" />
    <TestEntry testId="dd802213-e8b9-402e-addd-aa741e6de159" executionId="e8d19d78-402d-4fec-a8e6-bb68b02c8eb1" testListId="5df82712-dc9f-407e-863d-74fe2d243bf0" />
    <TestEntry testId="22f7c25f-06e7-4946-b648-12b4edcf1c43" executionId="fbb05bdd-92ac-474a-afaf-60506a80473b" testListId="5df82712-dc9f-407e-863d-74fe2d243bf0" />
    <TestEntry testId="8aafca0b-8dbe-4ef1-9861-97c70108afeb" executionId="5fdf2769-2ee5-4691-9f3b-41297c21f708" testListId="5df82712-dc9f-407e-863d-74fe2d243bf0" />
    <TestEntry testId="5385115f-0aef-4192-a182-eba520baa577" executionId="698d15a8-ad21-4839-bd3c-3831f4180be5" testListId="5df82712-dc9f-407e-863d-74fe2d243bf0" />
    <TestEntry testId="ff1d084c-0409-49ce-9d30-8cee21a8a816" executionId="3cb4cd71-bfde-43ae-9627-5f7e2727a4c8" testListId="5df82712-dc9f-407e-863d-74fe2d243bf0" />
    <TestEntry testId="276cf9f1-6cc0-446c-86f4-f9d2967a51fc" executionId="c15259df-eccb-4148-bd15-3033e0ab1f13" testListId="5df82712-dc9f-407e-863d-74fe2d243bf0" />
    <TestEntry testId="b08c7736-9a77-4e3e-9bbb-103203a0e133" executionId="bcd389f9-ec6d-49de-9775-ea176effccf1" testListId="5df82712-dc9f-407e-863d-74fe2d243bf0" />
    <TestEntry testId="ddc72e92-4ee7-4c98-a77e-7553e424b604" executionId="c92c7977-3050-4b96-ba3c-8825147746f5" testListId="5df82712-dc9f-407e-863d-74fe2d243bf0" />
    <TestEntry testId="275e1884-823f-456c-a5a3-47b5e5950271" executionId="78bdbee5-ea2e-4068-b831-e938847c034b" testListId="5df82712-dc9f-407e-863d-74fe2d243bf0" />
    <TestEntry testId="a8cb9c28-d471-491e-aac5-1ca00dd71118" executionId="c6777b76-a9b2-4c2c-80be-7cb209a1ea20" testListId="5df82712-dc9f-407e-863d-74fe2d243bf0" />
    <TestEntry testId="806bbeb1-840f-4cbe-a10a-c671735504a5" executionId="2ff8f629-27a4-44c1-b576-6bb3b178b80f" testListId="5df82712-dc9f-407e-863d-74fe2d243bf0" />
    <TestEntry testId="7d4a8bb3-ce07-44a9-93f9-bb654aabeec4" executionId="48813ef1-5f4c-45ce-9543-40b8b5ac1e41" testListId="5df82712-dc9f-407e-863d-74fe2d243bf0" />
    <TestEntry testId="e318bcac-24a7-4ede-9b52-a003cb018ddc" executionId="f6c8bf53-d2e9-4b52-8c59-1b25d7cfdfa3" testListId="5df82712-dc9f-407e-863d-74fe2d243bf0" />
    <TestEntry testId="cf61ac46-36d3-418e-996d-cc44b30fe79e" executionId="7f9449b5-6791-4a14-bc8b-e9466b377a75" testListId="5df82712-dc9f-407e-863d-74fe2d243bf0" />
    <TestEntry testId="b8484fa0-48bb-4857-9442-b439c53bd029" executionId="06c159ce-ca66-48bb-9ea5-0b66196848b6" testListId="5df82712-dc9f-407e-863d-74fe2d243bf0" />
    <TestEntry testId="9a10b96a-e904-47c0-8e94-28ca80f0fa5a" executionId="f5e2e03d-cd8f-4fbb-abc3-ed6858653ca9" testListId="5df82712-dc9f-407e-863d-74fe2d243bf0" />
    <TestEntry testId="36414610-8f2b-49c0-bc7c-73f8121b805f" executionId="d9cfac71-7e5c-4523-be23-a6efe4c0cd9d" testListId="5df82712-dc9f-407e-863d-74fe2d243bf0" />
    <TestEntry testId="60bea524-7ce9-4122-ab45-097d80706cc3" executionId="2d53de17-03ea-41e4-820f-705b79334ffc" testListId="5df82712-dc9f-407e-863d-74fe2d243bf0" />
    <TestEntry testId="eedee14a-2afb-4cfb-ab3f-c1d49d84d5e3" executionId="f2a6087f-4f0d-4441-a144-af36ebcc4dc4" testListId="5df82712-dc9f-407e-863d-74fe2d243bf0" />
    <TestEntry testId="b3903cde-6015-4d4e-9821-f1352de7c246" executionId="5bb2f49d-7bce-404d-afe1-fa9fcd3882ce" testListId="5df82712-dc9f-407e-863d-74fe2d243bf0" />
    <TestEntry testId="efd6c0f6-40d6-4027-bb49-eb374bf11f7e" executionId="d8bce87c-cf35-41ff-9781-fbe585509397" testListId="5df82712-dc9f-407e-863d-74fe2d243bf0" />
    <TestEntry testId="03bd7951-a5be-426a-9efb-5c83d4c6639f" executionId="89dd5edc-f587-4987-91ce-ced0f37f10ae" testListId="5df82712-dc9f-407e-863d-74fe2d243bf0" />
    <TestEntry testId="49e9d7d2-42a6-4d53-9193-34b45c8d5963" executionId="c06d26c9-7db9-49f0-82e5-055cb51bc758" testListId="5df82712-dc9f-407e-863d-74fe2d243bf0" />
    <TestEntry testId="43d87965-39c6-4a0c-a73c-87953778b5ac" executionId="74ec49b2-4c4e-4018-9ed7-2115a1e2d3aa" testListId="5df82712-dc9f-407e-863d-74fe2d243bf0" />
    <TestEntry testId="0e18de88-45cb-4e81-8a70-15050290b546" executionId="b082453d-b80e-485d-9b31-5ea1c0df4a26" testListId="5df82712-dc9f-407e-863d-74fe2d243bf0" />
    <TestEntry testId="422b3beb-90a8-428e-9039-5435e69c84e9" executionId="e8fcf632-dfe0-40eb-a908-231d682eddde" testListId="5df82712-dc9f-407e-863d-74fe2d243bf0" />
    <TestEntry testId="c4e5230d-1c18-4690-8a63-577376c61fee" executionId="f4d0ba0a-2225-4f9f-ae73-97ed37e964c5" testListId="5df82712-dc9f-407e-863d-74fe2d243bf0" />
    <TestEntry testId="29771291-183e-4ea8-b245-11f494114c67" executionId="9d4b58bc-ee62-4712-b1c0-681275e41fcb" testListId="5df82712-dc9f-407e-863d-74fe2d243bf0" />
    <TestEntry testId="5d50e4ac-b9a2-4e44-8b9d-d49e3eaf43ae" executionId="71115f3b-cdbb-4d18-8382-48a5040cb4ad" testListId="5df82712-dc9f-407e-863d-74fe2d243bf0" />
    <TestEntry testId="83c95ffe-1d00-41ba-a5a7-eb4d1b92a4f8" executionId="c8294478-3f7d-4b2a-9865-32ab3958d71b" testListId="5df82712-dc9f-407e-863d-74fe2d243bf0" />
    <TestEntry testId="e5b295fb-fd32-49da-bfc3-2fb08978a6ed" executionId="3e8926f1-4834-41b3-90eb-b445548f597c" testListId="5df82712-dc9f-407e-863d-74fe2d243bf0" />
    <TestEntry testId="baa04576-197e-47e7-8e89-3173c957278c" executionId="98b5a91e-fa3c-4486-9f36-6aed34d0edea" testListId="5df82712-dc9f-407e-863d-74fe2d243bf0" />
    <TestEntry testId="9e124b78-58cb-48aa-8f06-b1a0562903e7" executionId="67afec67-5ad5-4612-a053-218a5a67705a" testListId="5df82712-dc9f-407e-863d-74fe2d243bf0" />
    <TestEntry testId="58b8863d-27b8-4abd-a1ba-5f5f63e7da61" executionId="47fdfbdc-a76d-4fbb-a1ee-c4c078aa21e6" testListId="5df82712-dc9f-407e-863d-74fe2d243bf0" />
    <TestEntry testId="7ff86b43-0cfe-4435-b96e-d104ca516e4d" executionId="92a17d1a-c128-4e79-93ac-da107af3e230" testListId="5df82712-dc9f-407e-863d-74fe2d243bf0" />
    <TestEntry testId="19b20a55-6dbb-4b0c-af2d-c14328ad25c9" executionId="de0b08f8-fa97-4459-a0a4-15453a264173" testListId="5df82712-dc9f-407e-863d-74fe2d243bf0" />
    <TestEntry testId="53fd4e0a-f6e6-49e5-bd63-0e26c29ebb65" executionId="590a1414-9b1b-4ca2-b7a4-abec6da1267d" testListId="5df82712-dc9f-407e-863d-74fe2d243bf0" />
    <TestEntry testId="49cd70fc-e0fe-4aaf-ac21-c57d1ea7334d" executionId="36d91801-d1f3-4cae-b4aa-b54a23f361e7" testListId="5df82712-dc9f-407e-863d-74fe2d243bf0" />
    <TestEntry testId="fe26aaaf-6fe0-42c0-a309-4396f70171bc" executionId="43ee671f-d030-4f6b-8773-fe9b12f2900b" testListId="5df82712-dc9f-407e-863d-74fe2d243bf0" />
    <TestEntry testId="b4fd3dde-13b1-4890-937c-c5c0ce3ed357" executionId="dce8537d-eb0b-45fd-886c-c98583a539bb" testListId="5df82712-dc9f-407e-863d-74fe2d243bf0" />
    <TestEntry testId="9149195b-90ba-4d01-ac6e-57c3e6e73ff7" executionId="c775314d-740a-4ed7-951d-43dea2e4883a" testListId="5df82712-dc9f-407e-863d-74fe2d243bf0" />
    <TestEntry testId="9bd48dbe-14fd-42b2-921f-dd088d785c53" executionId="f2db1715-90c9-4bae-83c1-7996113153b2" testListId="5df82712-dc9f-407e-863d-74fe2d243bf0" />
    <TestEntry testId="76491cfa-9cf9-4b08-9350-f60fb0201e2c" executionId="c95b4262-3856-476e-b950-cd8b99fb78c9" testListId="5df82712-dc9f-407e-863d-74fe2d243bf0" />
    <TestEntry testId="80031e8d-9646-4d96-bd0d-e76ccfb5258a" executionId="99c2e318-b07d-4a7e-90d3-60fdc82b2f43" testListId="5df82712-dc9f-407e-863d-74fe2d243bf0" />
    <TestEntry testId="2b5ebee9-6c7c-4f53-8be7-b22d762a308c" executionId="b7021be1-1dae-45ba-a68d-d0bc132528ac" testListId="5df82712-dc9f-407e-863d-74fe2d243bf0" />
    <TestEntry testId="33900480-7ae2-4521-9ff3-acef8f1b37e5" executionId="6deaa530-aa95-479f-82d8-022627bc71ec" testListId="5df82712-dc9f-407e-863d-74fe2d243bf0" />
    <TestEntry testId="d7506225-da3b-478a-b81d-9e27f9db4f11" executionId="e9b79fee-9a98-4a47-a16a-45072f6a371e" testListId="5df82712-dc9f-407e-863d-74fe2d243bf0" />
    <TestEntry testId="32eb81b1-9d12-4351-8941-711fcf5fc526" executionId="641952f1-c27f-41f9-8ae3-d44dcfd837f0" testListId="5df82712-dc9f-407e-863d-74fe2d243bf0" />
    <TestEntry testId="17a7c118-449a-440f-b9fd-e69a9846a689" executionId="8c09d407-cd5c-4d7e-875d-af6f5727b6ae" testListId="5df82712-dc9f-407e-863d-74fe2d243bf0" />
    <TestEntry testId="64801465-f79b-4a78-9d47-737c1af1bc44" executionId="7bc8d015-051b-44bd-93a9-8a01370a9a20" testListId="5df82712-dc9f-407e-863d-74fe2d243bf0" />
    <TestEntry testId="3e92c1b5-c440-4f58-998b-54f6f75d0354" executionId="379f883e-38fd-4823-97ad-f85e6f724e10" testListId="5df82712-dc9f-407e-863d-74fe2d243bf0" />
    <TestEntry testId="abf8c9e8-e3b4-498d-9fb5-4ebe70639684" executionId="4c6bc2be-473a-4cbf-8cd6-84f56b241a5f" testListId="5df82712-dc9f-407e-863d-74fe2d243bf0" />
    <TestEntry testId="5d0a9618-b662-4d04-ab02-1f63999f1abe" executionId="efb66f22-ca0c-439b-bb34-1149c10c5cb3" testListId="5df82712-dc9f-407e-863d-74fe2d243bf0" />
    <TestEntry testId="06eb6488-39d5-4d60-9b03-1e604e8473aa" executionId="08232ec1-aa93-43e3-b725-eb0563fd0092" testListId="5df82712-dc9f-407e-863d-74fe2d243bf0" />
    <TestEntry testId="365f0b78-6566-49eb-ba5f-422ee00cb530" executionId="a24c1e46-da5e-4def-8993-da6759a94086" testListId="5df82712-dc9f-407e-863d-74fe2d243bf0" />
    <TestEntry testId="eb73548b-a24a-49c4-96a7-e7ca5acc6108" executionId="bc441460-3af6-4b0f-825f-0dccdf43f3f4" testListId="5df82712-dc9f-407e-863d-74fe2d243bf0" />
    <TestEntry testId="2753335a-a063-4442-bdcf-d5cf4accb9a1" executionId="b02705c9-d6b5-4c2d-b65b-94f6e63d8709" testListId="5df82712-dc9f-407e-863d-74fe2d243bf0" />
    <TestEntry testId="1c488caf-3a25-4603-bc69-90ac42e52b1c" executionId="808212e9-3add-4942-89d2-f806f3dd432e" testListId="5df82712-dc9f-407e-863d-74fe2d243bf0" />
    <TestEntry testId="f76af91b-64ee-4184-8a6c-708f75be503d" executionId="e4cdccb0-2373-4aa7-91a0-06909fa24f7c" testListId="5df82712-dc9f-407e-863d-74fe2d243bf0" />
    <TestEntry testId="c3b681ea-006a-4d98-a4ea-46a47410c05d" executionId="e2e0ea16-969d-4708-8494-5f8227cdc17e" testListId="5df82712-dc9f-407e-863d-74fe2d243bf0" />
    <TestEntry testId="5fc06f03-810f-46c7-a1c4-22242b88a02f" executionId="ec580997-de34-4ed8-81ee-2f71f9866b86" testListId="5df82712-dc9f-407e-863d-74fe2d243bf0" />
    <TestEntry testId="c8ca6d44-fa09-4893-b991-1b9ac69cdd24" executionId="c71e93e4-a213-414d-9773-24f43094f663" testListId="5df82712-dc9f-407e-863d-74fe2d243bf0" />
    <TestEntry testId="9ce99f46-f077-42fe-ac25-9fd0561c9d6c" executionId="e1a98418-759f-4aa1-a1b4-ff1b71f8d502" testListId="5df82712-dc9f-407e-863d-74fe2d243bf0" />
    <TestEntry testId="81d1e285-8731-41cd-b2b3-d47b09b12c1c" executionId="b4c099e6-d5d6-4e65-8000-846653c79dea" testListId="5df82712-dc9f-407e-863d-74fe2d243bf0" />
    <TestEntry testId="2f973ec8-2aff-4b72-9835-b6e811e64586" executionId="7ac083b0-4a52-4c8f-aef3-4f56d1d41b5a" testListId="5df82712-dc9f-407e-863d-74fe2d243bf0" />
    <TestEntry testId="a651bbdb-28c8-4f3d-baac-be88ef253f82" executionId="ade87082-83c3-4986-b536-4ef39a6c4ec8" testListId="5df82712-dc9f-407e-863d-74fe2d243bf0" />
    <TestEntry testId="e8b15f8b-25d3-4aef-b27d-ebed07f7a706" executionId="eb5543c4-e263-4b41-a6eb-b06d35f56d25" testListId="5df82712-dc9f-407e-863d-74fe2d243bf0" />
    <TestEntry testId="de992aed-9c62-448b-b32d-d797b40d858a" executionId="4ec5f803-7296-45ab-96da-19f25432f0e5" testListId="5df82712-dc9f-407e-863d-74fe2d243bf0" />
    <TestEntry testId="d7c443fe-9e12-47c8-aa33-23e373a934ba" executionId="b0ecce19-7037-408e-986f-1d4588dce57b" testListId="5df82712-dc9f-407e-863d-74fe2d243bf0" />
    <TestEntry testId="42008bd2-4dde-444b-9ceb-06a08db8ff59" executionId="bbda5aa6-4586-456b-9acb-6b90a9b9c5fe" testListId="5df82712-dc9f-407e-863d-74fe2d243bf0" />
    <TestEntry testId="8920f00c-947b-49c5-86ca-5344ffd7080a" executionId="1eb894f5-88ad-4f27-b630-67645cf2c77d" testListId="5df82712-dc9f-407e-863d-74fe2d243bf0" />
    <TestEntry testId="e1100f82-cc1c-4ac8-8c69-180ccb17acf7" executionId="a8974d70-cca6-4c41-b68c-c78a753acf90" testListId="5df82712-dc9f-407e-863d-74fe2d243bf0" />
    <TestEntry testId="eee84f30-0403-428f-bd3b-8bad553ba34e" executionId="d2495df0-9cab-4dd7-a8b2-2dc4e3f840c5" testListId="5df82712-dc9f-407e-863d-74fe2d243bf0" />
    <TestEntry testId="f78f5d18-ff62-4707-a2de-8817bec0bd1e" executionId="4470bebd-e2e1-40ed-a210-1804147a9537" testListId="5df82712-dc9f-407e-863d-74fe2d243bf0" />
    <TestEntry testId="13a845e2-d3ec-462a-adcb-28baf439bb40" executionId="a0914fe5-e64a-4cfc-ae69-60f4f260ae0b" testListId="5df82712-dc9f-407e-863d-74fe2d243bf0" />
    <TestEntry testId="fc5df2e1-f225-416c-a041-99801e447a95" executionId="a83166b4-2173-4b48-bcbb-8cf8fcd125bb" testListId="5df82712-dc9f-407e-863d-74fe2d243bf0" />
    <TestEntry testId="97f6e8ba-0451-4ee9-8504-1659717a8e0c" executionId="cb7a789a-2097-4eb4-bca3-f95c75e06e79" testListId="5df82712-dc9f-407e-863d-74fe2d243bf0" />
    <TestEntry testId="c0d72c84-5ed7-4e7a-a55b-20d631cb6d45" executionId="e3373da3-b8b3-4f18-aad0-7a83f699c1bb" testListId="5df82712-dc9f-407e-863d-74fe2d243bf0" />
    <TestEntry testId="6f6bc49e-adf0-4067-af64-37b1dc823399" executionId="c645ad96-136f-4270-b213-6f2c2bc0f3b1" testListId="5df82712-dc9f-407e-863d-74fe2d243bf0" />
    <TestEntry testId="3187983a-c792-4486-b7d9-d38af760bc7f" executionId="1e938a74-1213-4535-b189-5f5f0222af76" testListId="5df82712-dc9f-407e-863d-74fe2d243bf0" />
    <TestEntry testId="332f07a5-38c8-4bd7-9154-994abd40bff3" executionId="64693e12-3c06-4f27-99e6-dfe85e5a5a8a" testListId="5df82712-dc9f-407e-863d-74fe2d243bf0" />
    <TestEntry testId="e3a84c33-6a2a-4e07-94f5-54d42a10b452" executionId="a523f7f6-51fe-42c0-9fdd-0b6788939b47" testListId="5df82712-dc9f-407e-863d-74fe2d243bf0" />
    <TestEntry testId="00590101-884d-4beb-b045-22857ded2b3d" executionId="6176657b-7f55-43b0-a589-f478321ff0b4" testListId="5df82712-dc9f-407e-863d-74fe2d243bf0" />
    <TestEntry testId="8d5d989b-f883-40e8-964f-3bde70814f10" executionId="e3cd0222-e902-4b45-a58a-340f3817bfef" testListId="5df82712-dc9f-407e-863d-74fe2d243bf0" />
    <TestEntry testId="5b2afa4c-b2cf-4392-96a9-6858a503d67a" executionId="4c128609-2bb3-4772-85b3-8519e88024f6" testListId="5df82712-dc9f-407e-863d-74fe2d243bf0" />
    <TestEntry testId="f941939e-6be2-4aa5-bf02-375cb1b9229f" executionId="804fa286-54b5-4d53-a5e9-db0296a63985" testListId="5df82712-dc9f-407e-863d-74fe2d243bf0" />
    <TestEntry testId="42e002a4-eefa-4471-9ea2-00a41b299776" executionId="d11a49c2-90b6-4832-8ffa-18dfffc3556e" testListId="5df82712-dc9f-407e-863d-74fe2d243bf0" />
  </TestEntries>
  <TestLists>
    <TestList name="Results Not in a List" id="5df82712-dc9f-407e-863d-74fe2d243bf0" />
    <TestList name="All Loaded Results" id="26526520-b88f-49ea-974d-6c911a73b6a9" />
  </TestLists>
</TestRun>