<?xml version="1.0" encoding="UTF-8"?>
<TestRun id="97f3a7d4-87bf-42b0-af2c-d946670f65f6" name="Test Run 97" runUser="Oles Galatsan" xmlns="http://microsoft.com/schemas/VisualStudio/TeamTest/2010">
  <Times creation="2025-05-14T13:20:31.3125482Z" queuing="2025-05-14T13:20:31.3125482Z" start="2025-05-14T13:20:31.3146610Z" finish="2025-05-14T13:25:31.3147553Z" />
  <TestSettings name="Test Settings 97" id="57b5d0d5-125a-494b-b3b3-29efaad36556" />
  <Results>
    <UnitTestResult executionId="7c8ea5b1-8428-4e83-814c-2c7e268ea4a5" testId="8b07451a-6beb-4346-ab9f-061d77df72ce" testName="Test9601" computerName="UA-LPT-OGA2" duration="00:00:01.8390000" startTime="2025-05-14T13:20:31.3146610Z" endTime="2025-05-14T13:25:31.3147553Z" testType="13cdc9d9-ddb5-4fa4-a97d-d965ccfc6d4b" outcome="Passed" testListId="08d9590a-90fb-4ccc-a9e6-5269aad89fe8" />
    <UnitTestResult executionId="1d603e13-792b-4453-8dc9-a721637509bb" testId="58c773af-8142-4246-91f4-5a40d4f0fd88" testName="Test9602" computerName="UA-LPT-OGA2" duration="00:00:00.0220000" startTime="2025-05-14T13:20:31.3146610Z" endTime="2025-05-14T13:25:31.3147553Z" testType="13cdc9d9-ddb5-4fa4-a97d-d965ccfc6d4b" outcome="Passed" testListId="08d9590a-90fb-4ccc-a9e6-5269aad89fe8" />
    <UnitTestResult executionId="290d77f2-ef97-459e-9711-d871d3d1393d" testId="497a350b-0bf9-4728-8ae4-cdca4d6bb471" testName="Test9603" computerName="UA-LPT-OGA2" duration="00:00:00.3210000" startTime="2025-05-14T13:20:31.3146610Z" endTime="2025-05-14T13:25:31.3147553Z" testType="13cdc9d9-ddb5-4fa4-a97d-d965ccfc6d4b" outcome="Failed" testListId="08d9590a-90fb-4ccc-a9e6-5269aad89fe8">
      <Output>
        <ErrorInfo>
          <Message>Assertion failed: Expected value did not match actual value.</Message>
          <StackTrace>   at TestNamespace.TestClass.Test() in TestClass.cs:line 154</StackTrace>
        </ErrorInfo>
      </Output>
    </UnitTestResult>
    <UnitTestResult executionId="77594abb-80af-4232-84fa-88a809a72731" testId="05a9d218-bf51-4103-930c-ff7badda1e02" testName="Test9604" computerName="UA-LPT-OGA2" duration="00:00:01.1640000" startTime="2025-05-14T13:20:31.3146610Z" endTime="2025-05-14T13:25:31.3147553Z" testType="13cdc9d9-ddb5-4fa4-a97d-d965ccfc6d4b" outcome="Passed" testListId="08d9590a-90fb-4ccc-a9e6-5269aad89fe8" />
    <UnitTestResult executionId="e0f3113b-7289-4274-89ad-61530a2f4348" testId="c899f80f-31d9-4773-9a92-dd2f426e75ff" testName="Test9605" computerName="UA-LPT-OGA2" duration="00:00:01.1220000" startTime="2025-05-14T13:20:31.3146610Z" endTime="2025-05-14T13:25:31.3147553Z" testType="13cdc9d9-ddb5-4fa4-a97d-d965ccfc6d4b" outcome="Passed" testListId="08d9590a-90fb-4ccc-a9e6-5269aad89fe8" />
    <UnitTestResult executionId="61bdce21-6953-4858-8f06-ab315e3947e8" testId="774aece2-f8f3-4112-a84f-4283813053b1" testName="Test9606" computerName="UA-LPT-OGA2" duration="00:00:01.6330000" startTime="2025-05-14T13:20:31.3146610Z" endTime="2025-05-14T13:25:31.3147553Z" testType="13cdc9d9-ddb5-4fa4-a97d-d965ccfc6d4b" outcome="Passed" testListId="08d9590a-90fb-4ccc-a9e6-5269aad89fe8" />
    <UnitTestResult executionId="c5d914dc-f509-4641-b2cb-11b56b35f604" testId="033bc13b-f8ca-4ad4-ae64-1b135c25bc31" testName="Test9607" computerName="UA-LPT-OGA2" duration="00:00:01.1710000" startTime="2025-05-14T13:20:31.3146610Z" endTime="2025-05-14T13:25:31.3147553Z" testType="13cdc9d9-ddb5-4fa4-a97d-d965ccfc6d4b" outcome="Passed" testListId="08d9590a-90fb-4ccc-a9e6-5269aad89fe8" />
    <UnitTestResult executionId="d4bd80cd-e0d4-4366-bdf6-5bbf7d3702d9" testId="d1be7c35-afd5-4fe6-a388-f48efd21611e" testName="Test9608" computerName="UA-LPT-OGA2" duration="00:00:00.7700000" startTime="2025-05-14T13:20:31.3146610Z" endTime="2025-05-14T13:25:31.3147553Z" testType="13cdc9d9-ddb5-4fa4-a97d-d965ccfc6d4b" outcome="Inconclusive" testListId="08d9590a-90fb-4ccc-a9e6-5269aad89fe8" />
    <UnitTestResult executionId="9bb9d2f6-1643-4a43-b641-037927aece79" testId="9f78cce7-e327-4138-8307-8aa1b1c4ab99" testName="Test9609" computerName="UA-LPT-OGA2" duration="00:00:00.4990000" startTime="2025-05-14T13:20:31.3146610Z" endTime="2025-05-14T13:25:31.3147553Z" testType="13cdc9d9-ddb5-4fa4-a97d-d965ccfc6d4b" outcome="Passed" testListId="08d9590a-90fb-4ccc-a9e6-5269aad89fe8" />
    <UnitTestResult executionId="03a3c884-b12a-456a-bea4-2cf713dba247" testId="cb21df79-5034-40bb-8610-bc1b0a32105f" testName="Test9610" computerName="UA-LPT-OGA2" duration="00:00:01.2530000" startTime="2025-05-14T13:20:31.3146610Z" endTime="2025-05-14T13:25:31.3147553Z" testType="13cdc9d9-ddb5-4fa4-a97d-d965ccfc6d4b" outcome="Passed" testListId="08d9590a-90fb-4ccc-a9e6-5269aad89fe8" />
    <UnitTestResult executionId="c9a07366-e9aa-4b1b-8f78-05ad4ee8dcc5" testId="ac24af00-f584-4c52-a37e-ec77bf1b00c7" testName="Test9611" computerName="UA-LPT-OGA2" duration="00:00:01.0620000" startTime="2025-05-14T13:20:31.3146610Z" endTime="2025-05-14T13:25:31.3147553Z" testType="13cdc9d9-ddb5-4fa4-a97d-d965ccfc6d4b" outcome="Passed" testListId="08d9590a-90fb-4ccc-a9e6-5269aad89fe8" />
    <UnitTestResult executionId="6f3865f4-354d-4fd4-83ba-dd118369383d" testId="3498140d-927c-4dd4-8c7c-261215ff761b" testName="Test9612" computerName="UA-LPT-OGA2" duration="00:00:00.7560000" startTime="2025-05-14T13:20:31.3146610Z" endTime="2025-05-14T13:25:31.3147553Z" testType="13cdc9d9-ddb5-4fa4-a97d-d965ccfc6d4b" outcome="Passed" testListId="08d9590a-90fb-4ccc-a9e6-5269aad89fe8" />
    <UnitTestResult executionId="10fcf9db-cb51-4138-8fe3-40a8307c6c76" testId="d7c2544a-f89c-4c6d-be68-12b806964696" testName="Test9613" computerName="UA-LPT-OGA2" duration="00:00:01.4530000" startTime="2025-05-14T13:20:31.3146610Z" endTime="2025-05-14T13:25:31.3147553Z" testType="13cdc9d9-ddb5-4fa4-a97d-d965ccfc6d4b" outcome="Passed" testListId="08d9590a-90fb-4ccc-a9e6-5269aad89fe8" />
    <UnitTestResult executionId="319c9bf6-2716-4b47-883e-56d23a1f3b0b" testId="3da73fc7-9fe7-4af4-85a2-427510d47563" testName="Test9614" computerName="UA-LPT-OGA2" duration="00:00:01.1770000" startTime="2025-05-14T13:20:31.3146610Z" endTime="2025-05-14T13:25:31.3147553Z" testType="13cdc9d9-ddb5-4fa4-a97d-d965ccfc6d4b" outcome="Passed" testListId="08d9590a-90fb-4ccc-a9e6-5269aad89fe8" />
    <UnitTestResult executionId="4f3d7fe6-7ec9-4422-b663-393e146e910d" testId="21b69f73-f5be-4877-8d1d-be576f47dedc" testName="Test9615" computerName="UA-LPT-OGA2" duration="00:00:01.6520000" startTime="2025-05-14T13:20:31.3146610Z" endTime="2025-05-14T13:25:31.3147553Z" testType="13cdc9d9-ddb5-4fa4-a97d-d965ccfc6d4b" outcome="Inconclusive" testListId="08d9590a-90fb-4ccc-a9e6-5269aad89fe8" />
    <UnitTestResult executionId="66323740-0e0f-473e-aef2-9f389b14cd9d" testId="c60cb921-4699-4d08-a990-a7a8d55abebb" testName="Test9616" computerName="UA-LPT-OGA2" duration="00:00:01.3880000" startTime="2025-05-14T13:20:31.3146610Z" endTime="2025-05-14T13:25:31.3147553Z" testType="13cdc9d9-ddb5-4fa4-a97d-d965ccfc6d4b" outcome="Passed" testListId="08d9590a-90fb-4ccc-a9e6-5269aad89fe8" />
    <UnitTestResult executionId="73a1d801-2583-4fab-80ad-b1f3747dfc39" testId="ec38652b-4b62-4fc9-a494-bc55f92d67df" testName="Test9617" computerName="UA-LPT-OGA2" duration="00:00:00.2890000" startTime="2025-05-14T13:20:31.3146610Z" endTime="2025-05-14T13:25:31.3147553Z" testType="13cdc9d9-ddb5-4fa4-a97d-d965ccfc6d4b" outcome="Passed" testListId="08d9590a-90fb-4ccc-a9e6-5269aad89fe8" />
    <UnitTestResult executionId="6f953f00-38b0-42a1-9713-35ec159bf799" testId="a7ebad65-a4bb-4c16-afb9-fa2aed5f203c" testName="Test9618" computerName="UA-LPT-OGA2" duration="00:00:00.2260000" startTime="2025-05-14T13:20:31.3146610Z" endTime="2025-05-14T13:25:31.3147553Z" testType="13cdc9d9-ddb5-4fa4-a97d-d965ccfc6d4b" outcome="Passed" testListId="08d9590a-90fb-4ccc-a9e6-5269aad89fe8" />
    <UnitTestResult executionId="02ad1e51-418f-4e40-81d8-06829ef63be3" testId="963d849e-c83e-4ca3-bd95-74b646ccdf41" testName="Test9619" computerName="UA-LPT-OGA2" duration="00:00:01.9910000" startTime="2025-05-14T13:20:31.3146610Z" endTime="2025-05-14T13:25:31.3147553Z" testType="13cdc9d9-ddb5-4fa4-a97d-d965ccfc6d4b" outcome="Passed" testListId="08d9590a-90fb-4ccc-a9e6-5269aad89fe8" />
    <UnitTestResult executionId="cd1362c4-9825-401e-b4e3-70fbfa36d2ca" testId="2f50e0fc-9075-4f5b-8085-89ced78d855d" testName="Test9620" computerName="UA-LPT-OGA2" duration="00:00:01.6470000" startTime="2025-05-14T13:20:31.3146610Z" endTime="2025-05-14T13:25:31.3147553Z" testType="13cdc9d9-ddb5-4fa4-a97d-d965ccfc6d4b" outcome="Failed" testListId="08d9590a-90fb-4ccc-a9e6-5269aad89fe8">
      <Output>
        <ErrorInfo>
          <Message>Assertion failed: Expected value did not match actual value.</Message>
          <StackTrace>   at TestNamespace.TestClass.Test() in TestClass.cs:line 428</StackTrace>
        </ErrorInfo>
      </Output>
    </UnitTestResult>
    <UnitTestResult executionId="cb9c7f86-d2e3-49fa-90a9-aa4efa75fee8" testId="51a2172f-06a1-424a-8a53-8ed0d36f8074" testName="Test9621" computerName="UA-LPT-OGA2" duration="00:00:01.8280000" startTime="2025-05-14T13:20:31.3146610Z" endTime="2025-05-14T13:25:31.3147553Z" testType="13cdc9d9-ddb5-4fa4-a97d-d965ccfc6d4b" outcome="Passed" testListId="08d9590a-90fb-4ccc-a9e6-5269aad89fe8" />
    <UnitTestResult executionId="519de6e4-93f1-4694-bccc-36cd76ee024d" testId="42e5c308-1c8b-424c-b9fb-e85773054e97" testName="Test9622" computerName="UA-LPT-OGA2" duration="00:00:01.4100000" startTime="2025-05-14T13:20:31.3146610Z" endTime="2025-05-14T13:25:31.3147553Z" testType="13cdc9d9-ddb5-4fa4-a97d-d965ccfc6d4b" outcome="Passed" testListId="08d9590a-90fb-4ccc-a9e6-5269aad89fe8" />
    <UnitTestResult executionId="f9bd0fdb-847e-449d-b5db-1dfca0d3a6c5" testId="14140e5a-dab5-41fa-9916-8477119ae9ca" testName="Test9623" computerName="UA-LPT-OGA2" duration="00:00:01.3260000" startTime="2025-05-14T13:20:31.3146610Z" endTime="2025-05-14T13:25:31.3147553Z" testType="13cdc9d9-ddb5-4fa4-a97d-d965ccfc6d4b" outcome="Passed" testListId="08d9590a-90fb-4ccc-a9e6-5269aad89fe8" />
    <UnitTestResult executionId="1ca133f4-965a-4f4e-bbbc-699391dfa781" testId="fa7c6787-4866-461c-8be3-e738ef25ebb1" testName="Test9624" computerName="UA-LPT-OGA2" duration="00:00:00.5260000" startTime="2025-05-14T13:20:31.3146610Z" endTime="2025-05-14T13:25:31.3147553Z" testType="13cdc9d9-ddb5-4fa4-a97d-d965ccfc6d4b" outcome="Passed" testListId="08d9590a-90fb-4ccc-a9e6-5269aad89fe8" />
    <UnitTestResult executionId="a41dea92-63a5-45f7-8953-879891d52342" testId="5092571f-b497-44a0-800d-adf180e595e5" testName="Test9625" computerName="UA-LPT-OGA2" duration="00:00:01.3970000" startTime="2025-05-14T13:20:31.3146610Z" endTime="2025-05-14T13:25:31.3147553Z" testType="13cdc9d9-ddb5-4fa4-a97d-d965ccfc6d4b" outcome="Passed" testListId="08d9590a-90fb-4ccc-a9e6-5269aad89fe8" />
    <UnitTestResult executionId="a2c34b9a-b3cf-4922-9034-9b3efa5cfdc1" testId="2493d6e6-5e73-41aa-bbcd-8ccc1d76f91f" testName="Test9626" computerName="UA-LPT-OGA2" duration="00:00:00.2010000" startTime="2025-05-14T13:20:31.3146610Z" endTime="2025-05-14T13:25:31.3147553Z" testType="13cdc9d9-ddb5-4fa4-a97d-d965ccfc6d4b" outcome="Passed" testListId="08d9590a-90fb-4ccc-a9e6-5269aad89fe8" />
    <UnitTestResult executionId="5c2a6029-9e46-495d-9ced-1961ff45dc5a" testId="3c121e42-0e5b-48e1-9f44-96cbcf32ba5b" testName="Test9627" computerName="UA-LPT-OGA2" duration="00:00:01.7090000" startTime="2025-05-14T13:20:31.3146610Z" endTime="2025-05-14T13:25:31.3147553Z" testType="13cdc9d9-ddb5-4fa4-a97d-d965ccfc6d4b" outcome="Passed" testListId="08d9590a-90fb-4ccc-a9e6-5269aad89fe8" />
    <UnitTestResult executionId="8ec349d1-1af8-4600-aae8-beab307c97c7" testId="2f7e29db-ef88-4abe-896a-13bde586e7d9" testName="Test9628" computerName="UA-LPT-OGA2" duration="00:00:00.5550000" startTime="2025-05-14T13:20:31.3146610Z" endTime="2025-05-14T13:25:31.3147553Z" testType="13cdc9d9-ddb5-4fa4-a97d-d965ccfc6d4b" outcome="Passed" testListId="08d9590a-90fb-4ccc-a9e6-5269aad89fe8" />
    <UnitTestResult executionId="7d9f5e1f-6c18-4da7-be45-fa3b13744343" testId="e94962ca-8634-42de-aabc-76515d99ffe3" testName="Test9629" computerName="UA-LPT-OGA2" duration="00:00:01.2070000" startTime="2025-05-14T13:20:31.3146610Z" endTime="2025-05-14T13:25:31.3147553Z" testType="13cdc9d9-ddb5-4fa4-a97d-d965ccfc6d4b" outcome="Passed" testListId="08d9590a-90fb-4ccc-a9e6-5269aad89fe8" />
    <UnitTestResult executionId="0014d674-9055-4b22-97b7-07660fd74b85" testId="f1ea2171-df79-4daa-8277-631558aa8d62" testName="Test9630" computerName="UA-LPT-OGA2" duration="00:00:00.3330000" startTime="2025-05-14T13:20:31.3146610Z" endTime="2025-05-14T13:25:31.3147553Z" testType="13cdc9d9-ddb5-4fa4-a97d-d965ccfc6d4b" outcome="Passed" testListId="08d9590a-90fb-4ccc-a9e6-5269aad89fe8" />
    <UnitTestResult executionId="ba3c45c7-5da8-4b9f-8192-384ddf17e257" testId="b1099032-fbc4-4138-a018-5b52e478eea9" testName="Test9631" computerName="UA-LPT-OGA2" duration="00:00:00.1710000" startTime="2025-05-14T13:20:31.3146610Z" endTime="2025-05-14T13:25:31.3147553Z" testType="13cdc9d9-ddb5-4fa4-a97d-d965ccfc6d4b" outcome="Passed" testListId="08d9590a-90fb-4ccc-a9e6-5269aad89fe8" />
    <UnitTestResult executionId="c714b7ae-7912-478c-8c9c-28e597b778fd" testId="5d3f6b6b-d61e-4401-9ed2-ecefa4a8e502" testName="Test9632" computerName="UA-LPT-OGA2" duration="00:00:01.1620000" startTime="2025-05-14T13:20:31.3146610Z" endTime="2025-05-14T13:25:31.3147553Z" testType="13cdc9d9-ddb5-4fa4-a97d-d965ccfc6d4b" outcome="Failed" testListId="08d9590a-90fb-4ccc-a9e6-5269aad89fe8">
      <Output>
        <ErrorInfo>
          <Message>Assertion failed: Expected value did not match actual value.</Message>
          <StackTrace>   at TestNamespace.TestClass.Test() in TestClass.cs:line 25</StackTrace>
        </ErrorInfo>
      </Output>
    </UnitTestResult>
    <UnitTestResult executionId="571a4889-d4e2-4c35-bf8f-3812024dcc90" testId="fe1b53a3-a873-4457-9d73-d0af3ae4f415" testName="Test9633" computerName="UA-LPT-OGA2" duration="00:00:00.0840000" startTime="2025-05-14T13:20:31.3146610Z" endTime="2025-05-14T13:25:31.3147553Z" testType="13cdc9d9-ddb5-4fa4-a97d-d965ccfc6d4b" outcome="Passed" testListId="08d9590a-90fb-4ccc-a9e6-5269aad89fe8" />
    <UnitTestResult executionId="905a30f6-1fe1-4af2-9753-95d53d24fada" testId="0cf945eb-06ae-495c-805b-197772036eac" testName="Test9634" computerName="UA-LPT-OGA2" duration="00:00:01.9190000" startTime="2025-05-14T13:20:31.3146610Z" endTime="2025-05-14T13:25:31.3147553Z" testType="13cdc9d9-ddb5-4fa4-a97d-d965ccfc6d4b" outcome="Passed" testListId="08d9590a-90fb-4ccc-a9e6-5269aad89fe8" />
    <UnitTestResult executionId="d6fea0b1-b316-4e27-a364-abb879290736" testId="c424a532-a056-4967-8b94-81e75eb5a6ec" testName="Test9635" computerName="UA-LPT-OGA2" duration="00:00:00.4580000" startTime="2025-05-14T13:20:31.3146610Z" endTime="2025-05-14T13:25:31.3147553Z" testType="13cdc9d9-ddb5-4fa4-a97d-d965ccfc6d4b" outcome="Passed" testListId="08d9590a-90fb-4ccc-a9e6-5269aad89fe8" />
    <UnitTestResult executionId="aa6cc90c-3cf6-4fb9-8ea5-8968029b9849" testId="2250f0d7-b183-45cf-91fa-cfa36c699e2e" testName="Test9636" computerName="UA-LPT-OGA2" duration="00:00:01.5200000" startTime="2025-05-14T13:20:31.3146610Z" endTime="2025-05-14T13:25:31.3147553Z" testType="13cdc9d9-ddb5-4fa4-a97d-d965ccfc6d4b" outcome="Passed" testListId="08d9590a-90fb-4ccc-a9e6-5269aad89fe8" />
    <UnitTestResult executionId="12dec34e-0e69-4943-a221-5c4d30e4309f" testId="5143aff9-0b78-47cb-af55-605521b5e9e1" testName="Test9637" computerName="UA-LPT-OGA2" duration="00:00:01.6680000" startTime="2025-05-14T13:20:31.3146610Z" endTime="2025-05-14T13:25:31.3147553Z" testType="13cdc9d9-ddb5-4fa4-a97d-d965ccfc6d4b" outcome="Passed" testListId="08d9590a-90fb-4ccc-a9e6-5269aad89fe8" />
    <UnitTestResult executionId="31de9213-b150-4558-b691-dae8fd25a946" testId="394a72b8-9057-4df3-832a-64a820f7b9f8" testName="Test9638" computerName="UA-LPT-OGA2" duration="00:00:01.1940000" startTime="2025-05-14T13:20:31.3146610Z" endTime="2025-05-14T13:25:31.3147553Z" testType="13cdc9d9-ddb5-4fa4-a97d-d965ccfc6d4b" outcome="Passed" testListId="08d9590a-90fb-4ccc-a9e6-5269aad89fe8" />
    <UnitTestResult executionId="fcb61e7b-682d-4b7f-abd7-1c2bb3d37478" testId="33c41179-26c6-4820-929e-0d84b2bbdf5e" testName="Test9639" computerName="UA-LPT-OGA2" duration="00:00:01.1250000" startTime="2025-05-14T13:20:31.3146610Z" endTime="2025-05-14T13:25:31.3147553Z" testType="13cdc9d9-ddb5-4fa4-a97d-d965ccfc6d4b" outcome="Passed" testListId="08d9590a-90fb-4ccc-a9e6-5269aad89fe8" />
    <UnitTestResult executionId="985e40af-f345-482d-be52-e72aae6451a9" testId="2f6e0647-2421-4aef-a694-f1c98d990b07" testName="Test9640" computerName="UA-LPT-OGA2" duration="00:00:00.4380000" startTime="2025-05-14T13:20:31.3146610Z" endTime="2025-05-14T13:25:31.3147553Z" testType="13cdc9d9-ddb5-4fa4-a97d-d965ccfc6d4b" outcome="Passed" testListId="08d9590a-90fb-4ccc-a9e6-5269aad89fe8" />
    <UnitTestResult executionId="fd45b821-50f0-4c57-b834-8126a4fdbf73" testId="ee28536b-dc35-4929-b340-be89ea02433f" testName="Test9641" computerName="UA-LPT-OGA2" duration="00:00:00.4030000" startTime="2025-05-14T13:20:31.3146610Z" endTime="2025-05-14T13:25:31.3147553Z" testType="13cdc9d9-ddb5-4fa4-a97d-d965ccfc6d4b" outcome="Passed" testListId="08d9590a-90fb-4ccc-a9e6-5269aad89fe8" />
    <UnitTestResult executionId="7c69f32b-b669-4b39-9e56-37c29847a23a" testId="fa6d48f6-33e4-419a-9c90-75d8d863f24e" testName="Test9642" computerName="UA-LPT-OGA2" duration="00:00:00.4950000" startTime="2025-05-14T13:20:31.3146610Z" endTime="2025-05-14T13:25:31.3147553Z" testType="13cdc9d9-ddb5-4fa4-a97d-d965ccfc6d4b" outcome="Passed" testListId="08d9590a-90fb-4ccc-a9e6-5269aad89fe8" />
    <UnitTestResult executionId="e2cce78b-8bd6-4363-bd19-cc2e87e08779" testId="a42c1a18-0b42-4b89-8a82-9e7867754491" testName="Test9643" computerName="UA-LPT-OGA2" duration="00:00:00.6870000" startTime="2025-05-14T13:20:31.3146610Z" endTime="2025-05-14T13:25:31.3147553Z" testType="13cdc9d9-ddb5-4fa4-a97d-d965ccfc6d4b" outcome="Passed" testListId="08d9590a-90fb-4ccc-a9e6-5269aad89fe8" />
    <UnitTestResult executionId="80e5f16a-07a0-45de-bfb5-67558e780b26" testId="5436b2e4-6612-477b-9eee-6e5f379df100" testName="Test9644" computerName="UA-LPT-OGA2" duration="00:00:01.7810000" startTime="2025-05-14T13:20:31.3146610Z" endTime="2025-05-14T13:25:31.3147553Z" testType="13cdc9d9-ddb5-4fa4-a97d-d965ccfc6d4b" outcome="Passed" testListId="08d9590a-90fb-4ccc-a9e6-5269aad89fe8" />
    <UnitTestResult executionId="0ef4922d-bfaf-40e2-9d6b-bd1ec382d4c5" testId="b4c186b5-e67a-46aa-817e-362a38b9cf7c" testName="Test9645" computerName="UA-LPT-OGA2" duration="00:00:00.4820000" startTime="2025-05-14T13:20:31.3146610Z" endTime="2025-05-14T13:25:31.3147553Z" testType="13cdc9d9-ddb5-4fa4-a97d-d965ccfc6d4b" outcome="Passed" testListId="08d9590a-90fb-4ccc-a9e6-5269aad89fe8" />
    <UnitTestResult executionId="3cb778ec-17d1-4c00-af4b-dc19f3cee3d5" testId="ff840bb7-6c28-40f2-a834-2e4b77008068" testName="Test9646" computerName="UA-LPT-OGA2" duration="00:00:01.5530000" startTime="2025-05-14T13:20:31.3146610Z" endTime="2025-05-14T13:25:31.3147553Z" testType="13cdc9d9-ddb5-4fa4-a97d-d965ccfc6d4b" outcome="Passed" testListId="08d9590a-90fb-4ccc-a9e6-5269aad89fe8" />
    <UnitTestResult executionId="b69aab15-ac41-4054-b538-86734561a73f" testId="9d821ef2-ca17-4fdb-acd3-91a385c28d1c" testName="Test9647" computerName="UA-LPT-OGA2" duration="00:00:00.0200000" startTime="2025-05-14T13:20:31.3146610Z" endTime="2025-05-14T13:25:31.3147553Z" testType="13cdc9d9-ddb5-4fa4-a97d-d965ccfc6d4b" outcome="Passed" testListId="08d9590a-90fb-4ccc-a9e6-5269aad89fe8" />
    <UnitTestResult executionId="795e37d9-fc68-4f5b-8281-3dde91a5f50d" testId="f624ba1b-74c1-470e-9aab-7982e25e5280" testName="Test9648" computerName="UA-LPT-OGA2" duration="00:00:01.5070000" startTime="2025-05-14T13:20:31.3146610Z" endTime="2025-05-14T13:25:31.3147553Z" testType="13cdc9d9-ddb5-4fa4-a97d-d965ccfc6d4b" outcome="Passed" testListId="08d9590a-90fb-4ccc-a9e6-5269aad89fe8" />
    <UnitTestResult executionId="46de21fa-06f7-4f41-b1bc-02098a718c56" testId="acf4e78d-508e-4dc3-b90a-db99b23d8f67" testName="Test9649" computerName="UA-LPT-OGA2" duration="00:00:01.8060000" startTime="2025-05-14T13:20:31.3146610Z" endTime="2025-05-14T13:25:31.3147553Z" testType="13cdc9d9-ddb5-4fa4-a97d-d965ccfc6d4b" outcome="Passed" testListId="08d9590a-90fb-4ccc-a9e6-5269aad89fe8" />
    <UnitTestResult executionId="3dcf2821-3807-47db-b287-28358ff9d82a" testId="0a4907f1-9976-488c-8f5a-6d522b7d64c5" testName="Test9650" computerName="UA-LPT-OGA2" duration="00:00:01.9900000" startTime="2025-05-14T13:20:31.3146610Z" endTime="2025-05-14T13:25:31.3147553Z" testType="13cdc9d9-ddb5-4fa4-a97d-d965ccfc6d4b" outcome="Passed" testListId="08d9590a-90fb-4ccc-a9e6-5269aad89fe8" />
    <UnitTestResult executionId="eda72b53-d3d1-46b6-a6bf-8b03036ea06e" testId="f5b685e9-782b-48a0-8d78-52bc5c6d88a3" testName="Test9651" computerName="UA-LPT-OGA2" duration="00:00:01.3710000" startTime="2025-05-14T13:20:31.3146610Z" endTime="2025-05-14T13:25:31.3147553Z" testType="13cdc9d9-ddb5-4fa4-a97d-d965ccfc6d4b" outcome="Passed" testListId="08d9590a-90fb-4ccc-a9e6-5269aad89fe8" />
    <UnitTestResult executionId="2647b3b1-4d57-462c-9dce-5a266164538f" testId="28943dbb-4562-4f68-9118-333e5af7cf36" testName="Test9652" computerName="UA-LPT-OGA2" duration="00:00:00.5160000" startTime="2025-05-14T13:20:31.3146610Z" endTime="2025-05-14T13:25:31.3147553Z" testType="13cdc9d9-ddb5-4fa4-a97d-d965ccfc6d4b" outcome="Passed" testListId="08d9590a-90fb-4ccc-a9e6-5269aad89fe8" />
    <UnitTestResult executionId="23a08517-be77-4149-b076-7d58ed83f9f3" testId="f40e08ee-636c-40fc-b0ac-6a24d51dc289" testName="Test9653" computerName="UA-LPT-OGA2" duration="00:00:01.3990000" startTime="2025-05-14T13:20:31.3146610Z" endTime="2025-05-14T13:25:31.3147553Z" testType="13cdc9d9-ddb5-4fa4-a97d-d965ccfc6d4b" outcome="Passed" testListId="08d9590a-90fb-4ccc-a9e6-5269aad89fe8" />
    <UnitTestResult executionId="6cb95bc2-211c-4f6e-b31d-ffeb401d6c18" testId="a2252ed2-df3b-414d-a132-09ede022fa12" testName="Test9654" computerName="UA-LPT-OGA2" duration="00:00:00.7180000" startTime="2025-05-14T13:20:31.3146610Z" endTime="2025-05-14T13:25:31.3147553Z" testType="13cdc9d9-ddb5-4fa4-a97d-d965ccfc6d4b" outcome="Passed" testListId="08d9590a-90fb-4ccc-a9e6-5269aad89fe8" />
    <UnitTestResult executionId="b98258af-3d95-4305-bc05-40afe6452882" testId="4dbdb435-5a08-4269-91ee-5d870f90bf7a" testName="Test9655" computerName="UA-LPT-OGA2" duration="00:00:00.4530000" startTime="2025-05-14T13:20:31.3146610Z" endTime="2025-05-14T13:25:31.3147553Z" testType="13cdc9d9-ddb5-4fa4-a97d-d965ccfc6d4b" outcome="Passed" testListId="08d9590a-90fb-4ccc-a9e6-5269aad89fe8" />
    <UnitTestResult executionId="9eb79649-0a1b-4de7-9ca6-41e8653cd45b" testId="20f7da6f-e0d7-4fb9-88dd-e3f8988ca3e7" testName="Test9656" computerName="UA-LPT-OGA2" duration="00:00:00.6790000" startTime="2025-05-14T13:20:31.3146610Z" endTime="2025-05-14T13:25:31.3147553Z" testType="13cdc9d9-ddb5-4fa4-a97d-d965ccfc6d4b" outcome="Passed" testListId="08d9590a-90fb-4ccc-a9e6-5269aad89fe8" />
    <UnitTestResult executionId="65c8e4e9-023c-472a-8e3e-88b1652e0746" testId="88bd80ef-9e78-4d59-a210-9903fe20993e" testName="Test9657" computerName="UA-LPT-OGA2" duration="00:00:00.7640000" startTime="2025-05-14T13:20:31.3146610Z" endTime="2025-05-14T13:25:31.3147553Z" testType="13cdc9d9-ddb5-4fa4-a97d-d965ccfc6d4b" outcome="Passed" testListId="08d9590a-90fb-4ccc-a9e6-5269aad89fe8" />
    <UnitTestResult executionId="a49e4802-7cc7-4149-be9b-33cfc422c082" testId="04bb608d-db25-4fb1-892b-d0130634d22a" testName="Test9658" computerName="UA-LPT-OGA2" duration="00:00:00.8260000" startTime="2025-05-14T13:20:31.3146610Z" endTime="2025-05-14T13:25:31.3147553Z" testType="13cdc9d9-ddb5-4fa4-a97d-d965ccfc6d4b" outcome="Passed" testListId="08d9590a-90fb-4ccc-a9e6-5269aad89fe8" />
    <UnitTestResult executionId="263cdb8d-39f5-473f-ad6f-7a5a72e001d8" testId="d24f8153-b665-46d8-9bcc-f7a058a6b7b4" testName="Test9659" computerName="UA-LPT-OGA2" duration="00:00:01.7700000" startTime="2025-05-14T13:20:31.3146610Z" endTime="2025-05-14T13:25:31.3147553Z" testType="13cdc9d9-ddb5-4fa4-a97d-d965ccfc6d4b" outcome="Passed" testListId="08d9590a-90fb-4ccc-a9e6-5269aad89fe8" />
    <UnitTestResult executionId="bbecbcde-2a34-4ff8-9a92-6a8843f0677e" testId="ee8d5cfc-9c74-42e0-9253-1d02e1a930a8" testName="Test9660" computerName="UA-LPT-OGA2" duration="00:00:00.0600000" startTime="2025-05-14T13:20:31.3146610Z" endTime="2025-05-14T13:25:31.3147553Z" testType="13cdc9d9-ddb5-4fa4-a97d-d965ccfc6d4b" outcome="Passed" testListId="08d9590a-90fb-4ccc-a9e6-5269aad89fe8" />
    <UnitTestResult executionId="86ec686c-9511-4e7f-8084-a2f86e83a66d" testId="99ef1024-d228-4e56-aa24-ebc1d5a265c3" testName="Test9661" computerName="UA-LPT-OGA2" duration="00:00:01.2290000" startTime="2025-05-14T13:20:31.3146610Z" endTime="2025-05-14T13:25:31.3147553Z" testType="13cdc9d9-ddb5-4fa4-a97d-d965ccfc6d4b" outcome="Passed" testListId="08d9590a-90fb-4ccc-a9e6-5269aad89fe8" />
    <UnitTestResult executionId="367a7663-89d3-47e8-9123-efdb503a9c4e" testId="56c9c1b8-1448-48b1-b68a-4a1bb386f40c" testName="Test9662" computerName="UA-LPT-OGA2" duration="00:00:00.4320000" startTime="2025-05-14T13:20:31.3146610Z" endTime="2025-05-14T13:25:31.3147553Z" testType="13cdc9d9-ddb5-4fa4-a97d-d965ccfc6d4b" outcome="Passed" testListId="08d9590a-90fb-4ccc-a9e6-5269aad89fe8" />
    <UnitTestResult executionId="868f890f-c961-4475-a201-6bc5150817a4" testId="a78a69d9-a7f6-4327-8925-fd3209e02783" testName="Test9663" computerName="UA-LPT-OGA2" duration="00:00:00.7870000" startTime="2025-05-14T13:20:31.3146610Z" endTime="2025-05-14T13:25:31.3147553Z" testType="13cdc9d9-ddb5-4fa4-a97d-d965ccfc6d4b" outcome="Passed" testListId="08d9590a-90fb-4ccc-a9e6-5269aad89fe8" />
    <UnitTestResult executionId="feb4f7d1-1d91-43a0-833f-789b52ce976d" testId="d6c0fbb0-5ca5-4d07-b4cf-6c03b01eca3c" testName="Test9664" computerName="UA-LPT-OGA2" duration="00:00:01.2510000" startTime="2025-05-14T13:20:31.3146610Z" endTime="2025-05-14T13:25:31.3147553Z" testType="13cdc9d9-ddb5-4fa4-a97d-d965ccfc6d4b" outcome="Passed" testListId="08d9590a-90fb-4ccc-a9e6-5269aad89fe8" />
    <UnitTestResult executionId="64140db3-dc41-47fc-9ef1-49071de65849" testId="c13f9a01-6f0e-4c87-a5cf-a5c76407f6cf" testName="Test9665" computerName="UA-LPT-OGA2" duration="00:00:01.8520000" startTime="2025-05-14T13:20:31.3146610Z" endTime="2025-05-14T13:25:31.3147553Z" testType="13cdc9d9-ddb5-4fa4-a97d-d965ccfc6d4b" outcome="Passed" testListId="08d9590a-90fb-4ccc-a9e6-5269aad89fe8" />
    <UnitTestResult executionId="f0d167fe-a6dd-4bdf-812d-3bd59fbed8d0" testId="7c13cb01-930c-4fdd-8563-b53f0a6a77a9" testName="Test9666" computerName="UA-LPT-OGA2" duration="00:00:00.5780000" startTime="2025-05-14T13:20:31.3146610Z" endTime="2025-05-14T13:25:31.3147553Z" testType="13cdc9d9-ddb5-4fa4-a97d-d965ccfc6d4b" outcome="Passed" testListId="08d9590a-90fb-4ccc-a9e6-5269aad89fe8" />
    <UnitTestResult executionId="f8ed2597-02d9-4f54-bd11-20bfb6ad590f" testId="f480c883-a6a4-49bc-b62e-81786e46ad17" testName="Test9667" computerName="UA-LPT-OGA2" duration="00:00:01.2680000" startTime="2025-05-14T13:20:31.3146610Z" endTime="2025-05-14T13:25:31.3147553Z" testType="13cdc9d9-ddb5-4fa4-a97d-d965ccfc6d4b" outcome="Passed" testListId="08d9590a-90fb-4ccc-a9e6-5269aad89fe8" />
    <UnitTestResult executionId="0008bac5-123d-423c-b831-10675a3ef647" testId="5278a954-f8ca-47a7-aecc-ad02ee88b222" testName="Test9668" computerName="UA-LPT-OGA2" duration="00:00:01.5770000" startTime="2025-05-14T13:20:31.3146610Z" endTime="2025-05-14T13:25:31.3147553Z" testType="13cdc9d9-ddb5-4fa4-a97d-d965ccfc6d4b" outcome="Inconclusive" testListId="08d9590a-90fb-4ccc-a9e6-5269aad89fe8" />
    <UnitTestResult executionId="483d1b6f-30e5-440c-87cc-11f7e6aa3079" testId="42308909-7892-4791-b79f-48589450dac4" testName="Test9669" computerName="UA-LPT-OGA2" duration="00:00:00.6680000" startTime="2025-05-14T13:20:31.3146610Z" endTime="2025-05-14T13:25:31.3147553Z" testType="13cdc9d9-ddb5-4fa4-a97d-d965ccfc6d4b" outcome="Passed" testListId="08d9590a-90fb-4ccc-a9e6-5269aad89fe8" />
    <UnitTestResult executionId="3fb19704-5eb2-45ff-99bd-f14f5d97936a" testId="e8fa079f-bdce-445f-8752-58135cff1c7a" testName="Test9670" computerName="UA-LPT-OGA2" duration="00:00:01.0390000" startTime="2025-05-14T13:20:31.3146610Z" endTime="2025-05-14T13:25:31.3147553Z" testType="13cdc9d9-ddb5-4fa4-a97d-d965ccfc6d4b" outcome="Passed" testListId="08d9590a-90fb-4ccc-a9e6-5269aad89fe8" />
    <UnitTestResult executionId="fd055383-078d-4994-9765-657e73d48798" testId="57bff027-c980-48e3-a4a7-57b05d1ce7fe" testName="Test9671" computerName="UA-LPT-OGA2" duration="00:00:01.6760000" startTime="2025-05-14T13:20:31.3146610Z" endTime="2025-05-14T13:25:31.3147553Z" testType="13cdc9d9-ddb5-4fa4-a97d-d965ccfc6d4b" outcome="Failed" testListId="08d9590a-90fb-4ccc-a9e6-5269aad89fe8">
      <Output>
        <ErrorInfo>
          <Message>Assertion failed: Expected value did not match actual value.</Message>
          <StackTrace>   at TestNamespace.TestClass.Test() in TestClass.cs:line 106</StackTrace>
        </ErrorInfo>
      </Output>
    </UnitTestResult>
    <UnitTestResult executionId="b727642c-e2b9-4ef2-b2f7-5305c685dfde" testId="a3a54fda-a085-458a-a475-16da25cf4b46" testName="Test9672" computerName="UA-LPT-OGA2" duration="00:00:01.6590000" startTime="2025-05-14T13:20:31.3146610Z" endTime="2025-05-14T13:25:31.3147553Z" testType="13cdc9d9-ddb5-4fa4-a97d-d965ccfc6d4b" outcome="Passed" testListId="08d9590a-90fb-4ccc-a9e6-5269aad89fe8" />
    <UnitTestResult executionId="ed82b55d-79ba-4e17-942d-69af5971ec06" testId="8c9930b9-e4b2-4503-bf7f-1866e63fc35d" testName="Test9673" computerName="UA-LPT-OGA2" duration="00:00:01.8470000" startTime="2025-05-14T13:20:31.3146610Z" endTime="2025-05-14T13:25:31.3147553Z" testType="13cdc9d9-ddb5-4fa4-a97d-d965ccfc6d4b" outcome="Passed" testListId="08d9590a-90fb-4ccc-a9e6-5269aad89fe8" />
    <UnitTestResult executionId="fdbfef1c-7a18-44b3-9be0-2caeee22afc4" testId="9eee46c4-dcee-4226-9209-dbf06ce3f9cf" testName="Test9674" computerName="UA-LPT-OGA2" duration="00:00:00.4580000" startTime="2025-05-14T13:20:31.3146610Z" endTime="2025-05-14T13:25:31.3147553Z" testType="13cdc9d9-ddb5-4fa4-a97d-d965ccfc6d4b" outcome="Passed" testListId="08d9590a-90fb-4ccc-a9e6-5269aad89fe8" />
    <UnitTestResult executionId="1efa1817-ae6c-4721-a4f0-7f584c612f0a" testId="b6959c9d-422d-42b4-99f6-642466a08cf6" testName="Test9675" computerName="UA-LPT-OGA2" duration="00:00:00.5580000" startTime="2025-05-14T13:20:31.3146610Z" endTime="2025-05-14T13:25:31.3147553Z" testType="13cdc9d9-ddb5-4fa4-a97d-d965ccfc6d4b" outcome="Passed" testListId="08d9590a-90fb-4ccc-a9e6-5269aad89fe8" />
    <UnitTestResult executionId="616b42dd-fc2b-4704-8173-dee1458b598b" testId="9929c751-b5ac-46f3-be70-0278b06a250a" testName="Test9676" computerName="UA-LPT-OGA2" duration="00:00:00.8410000" startTime="2025-05-14T13:20:31.3146610Z" endTime="2025-05-14T13:25:31.3147553Z" testType="13cdc9d9-ddb5-4fa4-a97d-d965ccfc6d4b" outcome="Passed" testListId="08d9590a-90fb-4ccc-a9e6-5269aad89fe8" />
    <UnitTestResult executionId="3b6fce6f-e361-4533-8eb4-71d44cc07ee1" testId="6b7437e3-5855-4e78-ae4c-58a970009cf2" testName="Test9677" computerName="UA-LPT-OGA2" duration="00:00:00.8460000" startTime="2025-05-14T13:20:31.3146610Z" endTime="2025-05-14T13:25:31.3147553Z" testType="13cdc9d9-ddb5-4fa4-a97d-d965ccfc6d4b" outcome="Failed" testListId="08d9590a-90fb-4ccc-a9e6-5269aad89fe8">
      <Output>
        <ErrorInfo>
          <Message>Assertion failed: Expected value did not match actual value.</Message>
          <StackTrace>   at TestNamespace.TestClass.Test() in TestClass.cs:line 495</StackTrace>
        </ErrorInfo>
      </Output>
    </UnitTestResult>
    <UnitTestResult executionId="bb31370e-3c0a-41fb-bc05-f6f074fca536" testId="219669cc-b10a-4af1-8531-604e1c9efc3f" testName="Test9678" computerName="UA-LPT-OGA2" duration="00:00:01.4930000" startTime="2025-05-14T13:20:31.3146610Z" endTime="2025-05-14T13:25:31.3147553Z" testType="13cdc9d9-ddb5-4fa4-a97d-d965ccfc6d4b" outcome="Failed" testListId="08d9590a-90fb-4ccc-a9e6-5269aad89fe8">
      <Output>
        <ErrorInfo>
          <Message>Assertion failed: Expected value did not match actual value.</Message>
          <StackTrace>   at TestNamespace.TestClass.Test() in TestClass.cs:line 18</StackTrace>
        </ErrorInfo>
      </Output>
    </UnitTestResult>
    <UnitTestResult executionId="a3cde43a-6c97-4ad7-91a8-c9d8c659987e" testId="313fd361-8947-4aab-9ead-00c2ce319d1d" testName="Test9679" computerName="UA-LPT-OGA2" duration="00:00:01.6750000" startTime="2025-05-14T13:20:31.3146610Z" endTime="2025-05-14T13:25:31.3147553Z" testType="13cdc9d9-ddb5-4fa4-a97d-d965ccfc6d4b" outcome="Passed" testListId="08d9590a-90fb-4ccc-a9e6-5269aad89fe8" />
    <UnitTestResult executionId="1458d6ab-53a9-4f51-b867-a8c5119e1ce3" testId="45ffb5ee-41d0-406f-93c1-2c3221f80025" testName="Test9680" computerName="UA-LPT-OGA2" duration="00:00:00.8790000" startTime="2025-05-14T13:20:31.3146610Z" endTime="2025-05-14T13:25:31.3147553Z" testType="13cdc9d9-ddb5-4fa4-a97d-d965ccfc6d4b" outcome="Passed" testListId="08d9590a-90fb-4ccc-a9e6-5269aad89fe8" />
    <UnitTestResult executionId="c83d8948-62ae-42b2-9112-966ab370098a" testId="9a3374dc-9bd1-47b5-8d38-2ee7bd93c762" testName="Test9681" computerName="UA-LPT-OGA2" duration="00:00:01.2790000" startTime="2025-05-14T13:20:31.3146610Z" endTime="2025-05-14T13:25:31.3147553Z" testType="13cdc9d9-ddb5-4fa4-a97d-d965ccfc6d4b" outcome="Inconclusive" testListId="08d9590a-90fb-4ccc-a9e6-5269aad89fe8" />
    <UnitTestResult executionId="02e53b5e-075c-4152-8eb4-a03196e3ccab" testId="ee83a743-6fc2-479e-805d-b58404042b70" testName="Test9682" computerName="UA-LPT-OGA2" duration="00:00:01.7170000" startTime="2025-05-14T13:20:31.3146610Z" endTime="2025-05-14T13:25:31.3147553Z" testType="13cdc9d9-ddb5-4fa4-a97d-d965ccfc6d4b" outcome="Passed" testListId="08d9590a-90fb-4ccc-a9e6-5269aad89fe8" />
    <UnitTestResult executionId="3dc45a78-ac4e-4e09-8452-b92da1252f64" testId="710274fb-a069-427b-8b4e-51d419319993" testName="Test9683" computerName="UA-LPT-OGA2" duration="00:00:01.8570000" startTime="2025-05-14T13:20:31.3146610Z" endTime="2025-05-14T13:25:31.3147553Z" testType="13cdc9d9-ddb5-4fa4-a97d-d965ccfc6d4b" outcome="Inconclusive" testListId="08d9590a-90fb-4ccc-a9e6-5269aad89fe8" />
    <UnitTestResult executionId="475a55c7-6f5c-48e1-8373-43e5705e2eff" testId="5e9583ef-ccde-41b0-9029-86ea47b663f2" testName="Test9684" computerName="UA-LPT-OGA2" duration="00:00:01.4600000" startTime="2025-05-14T13:20:31.3146610Z" endTime="2025-05-14T13:25:31.3147553Z" testType="13cdc9d9-ddb5-4fa4-a97d-d965ccfc6d4b" outcome="Passed" testListId="08d9590a-90fb-4ccc-a9e6-5269aad89fe8" />
    <UnitTestResult executionId="f473a1ca-deba-4681-b34e-d07ca2267029" testId="3916763d-d0e4-485a-8601-2fa50e9c2d93" testName="Test9685" computerName="UA-LPT-OGA2" duration="00:00:00.4930000" startTime="2025-05-14T13:20:31.3146610Z" endTime="2025-05-14T13:25:31.3147553Z" testType="13cdc9d9-ddb5-4fa4-a97d-d965ccfc6d4b" outcome="Passed" testListId="08d9590a-90fb-4ccc-a9e6-5269aad89fe8" />
    <UnitTestResult executionId="ef292b62-5e1d-4be0-b379-2af9a382bc23" testId="bbbd7e31-24f3-49c5-80fc-2d9ebdcbfdd7" testName="Test9686" computerName="UA-LPT-OGA2" duration="00:00:00.5350000" startTime="2025-05-14T13:20:31.3146610Z" endTime="2025-05-14T13:25:31.3147553Z" testType="13cdc9d9-ddb5-4fa4-a97d-d965ccfc6d4b" outcome="Passed" testListId="08d9590a-90fb-4ccc-a9e6-5269aad89fe8" />
    <UnitTestResult executionId="c96226ee-3606-42ce-ba7d-0d187ba06619" testId="5e8c37c8-cf8b-4516-b62f-db98a648d792" testName="Test9687" computerName="UA-LPT-OGA2" duration="00:00:00.4650000" startTime="2025-05-14T13:20:31.3146610Z" endTime="2025-05-14T13:25:31.3147553Z" testType="13cdc9d9-ddb5-4fa4-a97d-d965ccfc6d4b" outcome="Passed" testListId="08d9590a-90fb-4ccc-a9e6-5269aad89fe8" />
    <UnitTestResult executionId="5c0795d4-3173-44d5-93dc-52304112bf51" testId="191909ab-62a1-410f-9788-398c0d44a74f" testName="Test9688" computerName="UA-LPT-OGA2" duration="00:00:01.9410000" startTime="2025-05-14T13:20:31.3146610Z" endTime="2025-05-14T13:25:31.3147553Z" testType="13cdc9d9-ddb5-4fa4-a97d-d965ccfc6d4b" outcome="Failed" testListId="08d9590a-90fb-4ccc-a9e6-5269aad89fe8">
      <Output>
        <ErrorInfo>
          <Message>Assertion failed: Expected value did not match actual value.</Message>
          <StackTrace>   at TestNamespace.TestClass.Test() in TestClass.cs:line 59</StackTrace>
        </ErrorInfo>
      </Output>
    </UnitTestResult>
    <UnitTestResult executionId="9bef5d93-f833-433b-ac80-b6db57758381" testId="92921abc-c84c-4919-89fe-2fb24d3e59bc" testName="Test9689" computerName="UA-LPT-OGA2" duration="00:00:01.6950000" startTime="2025-05-14T13:20:31.3146610Z" endTime="2025-05-14T13:25:31.3147553Z" testType="13cdc9d9-ddb5-4fa4-a97d-d965ccfc6d4b" outcome="Passed" testListId="08d9590a-90fb-4ccc-a9e6-5269aad89fe8" />
    <UnitTestResult executionId="43a159ec-97ac-4f08-add9-df5631b07005" testId="b1b10010-e934-4ae3-bc90-ec09382593a8" testName="Test9690" computerName="UA-LPT-OGA2" duration="00:00:01.4270000" startTime="2025-05-14T13:20:31.3146610Z" endTime="2025-05-14T13:25:31.3147553Z" testType="13cdc9d9-ddb5-4fa4-a97d-d965ccfc6d4b" outcome="Passed" testListId="08d9590a-90fb-4ccc-a9e6-5269aad89fe8" />
    <UnitTestResult executionId="075551b3-c8c6-4e4b-942c-3a8aad453417" testId="613a3a9e-b229-4399-9b31-bf43241b942f" testName="Test9691" computerName="UA-LPT-OGA2" duration="00:00:00.1990000" startTime="2025-05-14T13:20:31.3146610Z" endTime="2025-05-14T13:25:31.3147553Z" testType="13cdc9d9-ddb5-4fa4-a97d-d965ccfc6d4b" outcome="Passed" testListId="08d9590a-90fb-4ccc-a9e6-5269aad89fe8" />
    <UnitTestResult executionId="b36b4cec-49c9-448e-be76-b8a7f774d61a" testId="f617b433-3e12-4389-ba6b-a3e0e956e0ef" testName="Test9692" computerName="UA-LPT-OGA2" duration="00:00:00.3850000" startTime="2025-05-14T13:20:31.3146610Z" endTime="2025-05-14T13:25:31.3147553Z" testType="13cdc9d9-ddb5-4fa4-a97d-d965ccfc6d4b" outcome="Passed" testListId="08d9590a-90fb-4ccc-a9e6-5269aad89fe8" />
    <UnitTestResult executionId="b8c06c87-e4a0-4a43-8a4b-595483d59b30" testId="e3713878-41ae-4e43-9e6e-7307dde87c04" testName="Test9693" computerName="UA-LPT-OGA2" duration="00:00:00.6380000" startTime="2025-05-14T13:20:31.3146610Z" endTime="2025-05-14T13:25:31.3147553Z" testType="13cdc9d9-ddb5-4fa4-a97d-d965ccfc6d4b" outcome="Passed" testListId="08d9590a-90fb-4ccc-a9e6-5269aad89fe8" />
    <UnitTestResult executionId="0e10158c-de76-47e7-a772-d7b78ae8dacd" testId="1981ce99-aa93-4fa5-9688-2076cca8bc0d" testName="Test9694" computerName="UA-LPT-OGA2" duration="00:00:01.7690000" startTime="2025-05-14T13:20:31.3146610Z" endTime="2025-05-14T13:25:31.3147553Z" testType="13cdc9d9-ddb5-4fa4-a97d-d965ccfc6d4b" outcome="Passed" testListId="08d9590a-90fb-4ccc-a9e6-5269aad89fe8" />
    <UnitTestResult executionId="7946c71b-c75b-4feb-93e6-5ddca675a5ed" testId="b10b0e96-f95e-468a-8891-e37442581b82" testName="Test9695" computerName="UA-LPT-OGA2" duration="00:00:01.2750000" startTime="2025-05-14T13:20:31.3146610Z" endTime="2025-05-14T13:25:31.3147553Z" testType="13cdc9d9-ddb5-4fa4-a97d-d965ccfc6d4b" outcome="Passed" testListId="08d9590a-90fb-4ccc-a9e6-5269aad89fe8" />
    <UnitTestResult executionId="853507dd-e451-4cd0-997b-7df5c8f2a6d9" testId="51661417-a9d5-4d6a-8ee5-e9ccb9045c40" testName="Test9696" computerName="UA-LPT-OGA2" duration="00:00:01.8640000" startTime="2025-05-14T13:20:31.3146610Z" endTime="2025-05-14T13:25:31.3147553Z" testType="13cdc9d9-ddb5-4fa4-a97d-d965ccfc6d4b" outcome="Passed" testListId="08d9590a-90fb-4ccc-a9e6-5269aad89fe8" />
    <UnitTestResult executionId="0cf798f4-58f8-49cc-832c-ad42872988b4" testId="ccd068d2-d28b-4b69-99bb-4acc27ee60db" testName="Test9697" computerName="UA-LPT-OGA2" duration="00:00:00.0370000" startTime="2025-05-14T13:20:31.3146610Z" endTime="2025-05-14T13:25:31.3147553Z" testType="13cdc9d9-ddb5-4fa4-a97d-d965ccfc6d4b" outcome="Passed" testListId="08d9590a-90fb-4ccc-a9e6-5269aad89fe8" />
    <UnitTestResult executionId="66e21568-f949-4541-854c-b33b7e8fb604" testId="49711360-d536-46be-b077-295003b7a665" testName="Test9698" computerName="UA-LPT-OGA2" duration="00:00:01.6960000" startTime="2025-05-14T13:20:31.3146610Z" endTime="2025-05-14T13:25:31.3147553Z" testType="13cdc9d9-ddb5-4fa4-a97d-d965ccfc6d4b" outcome="Passed" testListId="08d9590a-90fb-4ccc-a9e6-5269aad89fe8" />
    <UnitTestResult executionId="9134a16a-8cef-44ec-a9ed-59f6b103e221" testId="336068eb-e466-4c30-b68d-f8bfc6ea4ee3" testName="Test9699" computerName="UA-LPT-OGA2" duration="00:00:00.1360000" startTime="2025-05-14T13:20:31.3146610Z" endTime="2025-05-14T13:25:31.3147553Z" testType="13cdc9d9-ddb5-4fa4-a97d-d965ccfc6d4b" outcome="Passed" testListId="08d9590a-90fb-4ccc-a9e6-5269aad89fe8" />
    <UnitTestResult executionId="c97b2cfb-242e-4d87-b940-36086a86d2d2" testId="896b365c-92d3-490a-bf2f-25f05dac41a6" testName="Test9700" computerName="UA-LPT-OGA2" duration="00:00:00.8060000" startTime="2025-05-14T13:20:31.3146610Z" endTime="2025-05-14T13:25:31.3147553Z" testType="13cdc9d9-ddb5-4fa4-a97d-d965ccfc6d4b" outcome="Passed" testListId="08d9590a-90fb-4ccc-a9e6-5269aad89fe8" />
  </Results>
  <TestDefinitions>
    <UnitTest name="Test9601" id="8b07451a-6beb-4346-ab9f-061d77df72ce" storage="TestAssembly.dll">
      <Execution id="7c8ea5b1-8428-4e83-814c-2c7e268ea4a5" />
      <TestMethod codeBase="TestAssembly.dll" className="TestNamespace.TestClass1" name="Test9601" />
    </UnitTest>
    <UnitTest name="Test9602" id="58c773af-8142-4246-91f4-5a40d4f0fd88" storage="TestAssembly.dll">
      <Execution id="1d603e13-792b-4453-8dc9-a721637509bb" />
      <TestMethod codeBase="TestAssembly.dll" className="TestNamespace.TestClass1" name="Test9602" />
    </UnitTest>
    <UnitTest name="Test9603" id="497a350b-0bf9-4728-8ae4-cdca4d6bb471" storage="TestAssembly.dll">
      <Execution id="290d77f2-ef97-459e-9711-d871d3d1393d" />
      <TestMethod codeBase="TestAssembly.dll" className="TestNamespace.TestClass1" name="Test9603" />
    </UnitTest>
    <UnitTest name="Test9604" id="05a9d218-bf51-4103-930c-ff7badda1e02" storage="TestAssembly.dll">
      <Execution id="77594abb-80af-4232-84fa-88a809a72731" />
      <TestMethod codeBase="TestAssembly.dll" className="TestNamespace.TestClass1" name="Test9604" />
    </UnitTest>
    <UnitTest name="Test9605" id="c899f80f-31d9-4773-9a92-dd2f426e75ff" storage="TestAssembly.dll">
      <Execution id="e0f3113b-7289-4274-89ad-61530a2f4348" />
      <TestMethod codeBase="TestAssembly.dll" className="TestNamespace.TestClass1" name="Test9605" />
    </UnitTest>
    <UnitTest name="Test9606" id="774aece2-f8f3-4112-a84f-4283813053b1" storage="TestAssembly.dll">
      <Execution id="61bdce21-6953-4858-8f06-ab315e3947e8" />
      <TestMethod codeBase="TestAssembly.dll" className="TestNamespace.TestClass1" name="Test9606" />
    </UnitTest>
    <UnitTest name="Test9607" id="033bc13b-f8ca-4ad4-ae64-1b135c25bc31" storage="TestAssembly.dll">
      <Execution id="c5d914dc-f509-4641-b2cb-11b56b35f604" />
      <TestMethod codeBase="TestAssembly.dll" className="TestNamespace.TestClass1" name="Test9607" />
    </UnitTest>
    <UnitTest name="Test9608" id="d1be7c35-afd5-4fe6-a388-f48efd21611e" storage="TestAssembly.dll">
      <Execution id="d4bd80cd-e0d4-4366-bdf6-5bbf7d3702d9" />
      <TestMethod codeBase="TestAssembly.dll" className="TestNamespace.TestClass1" name="Test9608" />
    </UnitTest>
    <UnitTest name="Test9609" id="9f78cce7-e327-4138-8307-8aa1b1c4ab99" storage="TestAssembly.dll">
      <Execution id="9bb9d2f6-1643-4a43-b641-037927aece79" />
      <TestMethod codeBase="TestAssembly.dll" className="TestNamespace.TestClass1" name="Test9609" />
    </UnitTest>
    <UnitTest name="Test9610" id="cb21df79-5034-40bb-8610-bc1b0a32105f" storage="TestAssembly.dll">
      <Execution id="03a3c884-b12a-456a-bea4-2cf713dba247" />
      <TestMethod codeBase="TestAssembly.dll" className="TestNamespace.TestClass1" name="Test9610" />
    </UnitTest>
    <UnitTest name="Test9611" id="ac24af00-f584-4c52-a37e-ec77bf1b00c7" storage="TestAssembly.dll">
      <Execution id="c9a07366-e9aa-4b1b-8f78-05ad4ee8dcc5" />
      <TestMethod codeBase="TestAssembly.dll" className="TestNamespace.TestClass2" name="Test9611" />
    </UnitTest>
    <UnitTest name="Test9612" id="3498140d-927c-4dd4-8c7c-261215ff761b" storage="TestAssembly.dll">
      <Execution id="6f3865f4-354d-4fd4-83ba-dd118369383d" />
      <TestMethod codeBase="TestAssembly.dll" className="TestNamespace.TestClass2" name="Test9612" />
    </UnitTest>
    <UnitTest name="Test9613" id="d7c2544a-f89c-4c6d-be68-12b806964696" storage="TestAssembly.dll">
      <Execution id="10fcf9db-cb51-4138-8fe3-40a8307c6c76" />
      <TestMethod codeBase="TestAssembly.dll" className="TestNamespace.TestClass2" name="Test9613" />
    </UnitTest>
    <UnitTest name="Test9614" id="3da73fc7-9fe7-4af4-85a2-427510d47563" storage="TestAssembly.dll">
      <Execution id="319c9bf6-2716-4b47-883e-56d23a1f3b0b" />
      <TestMethod codeBase="TestAssembly.dll" className="TestNamespace.TestClass2" name="Test9614" />
    </UnitTest>
    <UnitTest name="Test9615" id="21b69f73-f5be-4877-8d1d-be576f47dedc" storage="TestAssembly.dll">
      <Execution id="4f3d7fe6-7ec9-4422-b663-393e146e910d" />
      <TestMethod codeBase="TestAssembly.dll" className="TestNamespace.TestClass2" name="Test9615" />
    </UnitTest>
    <UnitTest name="Test9616" id="c60cb921-4699-4d08-a990-a7a8d55abebb" storage="TestAssembly.dll">
      <Execution id="66323740-0e0f-473e-aef2-9f389b14cd9d" />
      <TestMethod codeBase="TestAssembly.dll" className="TestNamespace.TestClass2" name="Test9616" />
    </UnitTest>
    <UnitTest name="Test9617" id="ec38652b-4b62-4fc9-a494-bc55f92d67df" storage="TestAssembly.dll">
      <Execution id="73a1d801-2583-4fab-80ad-b1f3747dfc39" />
      <TestMethod codeBase="TestAssembly.dll" className="TestNamespace.TestClass2" name="Test9617" />
    </UnitTest>
    <UnitTest name="Test9618" id="a7ebad65-a4bb-4c16-afb9-fa2aed5f203c" storage="TestAssembly.dll">
      <Execution id="6f953f00-38b0-42a1-9713-35ec159bf799" />
      <TestMethod codeBase="TestAssembly.dll" className="TestNamespace.TestClass2" name="Test9618" />
    </UnitTest>
    <UnitTest name="Test9619" id="963d849e-c83e-4ca3-bd95-74b646ccdf41" storage="TestAssembly.dll">
      <Execution id="02ad1e51-418f-4e40-81d8-06829ef63be3" />
      <TestMethod codeBase="TestAssembly.dll" className="TestNamespace.TestClass2" name="Test9619" />
    </UnitTest>
    <UnitTest name="Test9620" id="2f50e0fc-9075-4f5b-8085-89ced78d855d" storage="TestAssembly.dll">
      <Execution id="cd1362c4-9825-401e-b4e3-70fbfa36d2ca" />
      <TestMethod codeBase="TestAssembly.dll" className="TestNamespace.TestClass2" name="Test9620" />
    </UnitTest>
    <UnitTest name="Test9621" id="51a2172f-06a1-424a-8a53-8ed0d36f8074" storage="TestAssembly.dll">
      <Execution id="cb9c7f86-d2e3-49fa-90a9-aa4efa75fee8" />
      <TestMethod codeBase="TestAssembly.dll" className="TestNamespace.TestClass3" name="Test9621" />
    </UnitTest>
    <UnitTest name="Test9622" id="42e5c308-1c8b-424c-b9fb-e85773054e97" storage="TestAssembly.dll">
      <Execution id="519de6e4-93f1-4694-bccc-36cd76ee024d" />
      <TestMethod codeBase="TestAssembly.dll" className="TestNamespace.TestClass3" name="Test9622" />
    </UnitTest>
    <UnitTest name="Test9623" id="14140e5a-dab5-41fa-9916-8477119ae9ca" storage="TestAssembly.dll">
      <Execution id="f9bd0fdb-847e-449d-b5db-1dfca0d3a6c5" />
      <TestMethod codeBase="TestAssembly.dll" className="TestNamespace.TestClass3" name="Test9623" />
    </UnitTest>
    <UnitTest name="Test9624" id="fa7c6787-4866-461c-8be3-e738ef25ebb1" storage="TestAssembly.dll">
      <Execution id="1ca133f4-965a-4f4e-bbbc-699391dfa781" />
      <TestMethod codeBase="TestAssembly.dll" className="TestNamespace.TestClass3" name="Test9624" />
    </UnitTest>
    <UnitTest name="Test9625" id="5092571f-b497-44a0-800d-adf180e595e5" storage="TestAssembly.dll">
      <Execution id="a41dea92-63a5-45f7-8953-879891d52342" />
      <TestMethod codeBase="TestAssembly.dll" className="TestNamespace.TestClass3" name="Test9625" />
    </UnitTest>
    <UnitTest name="Test9626" id="2493d6e6-5e73-41aa-bbcd-8ccc1d76f91f" storage="TestAssembly.dll">
      <Execution id="a2c34b9a-b3cf-4922-9034-9b3efa5cfdc1" />
      <TestMethod codeBase="TestAssembly.dll" className="TestNamespace.TestClass3" name="Test9626" />
    </UnitTest>
    <UnitTest name="Test9627" id="3c121e42-0e5b-48e1-9f44-96cbcf32ba5b" storage="TestAssembly.dll">
      <Execution id="5c2a6029-9e46-495d-9ced-1961ff45dc5a" />
      <TestMethod codeBase="TestAssembly.dll" className="TestNamespace.TestClass3" name="Test9627" />
    </UnitTest>
    <UnitTest name="Test9628" id="2f7e29db-ef88-4abe-896a-13bde586e7d9" storage="TestAssembly.dll">
      <Execution id="8ec349d1-1af8-4600-aae8-beab307c97c7" />
      <TestMethod codeBase="TestAssembly.dll" className="TestNamespace.TestClass3" name="Test9628" />
    </UnitTest>
    <UnitTest name="Test9629" id="e94962ca-8634-42de-aabc-76515d99ffe3" storage="TestAssembly.dll">
      <Execution id="7d9f5e1f-6c18-4da7-be45-fa3b13744343" />
      <TestMethod codeBase="TestAssembly.dll" className="TestNamespace.TestClass3" name="Test9629" />
    </UnitTest>
    <UnitTest name="Test9630" id="f1ea2171-df79-4daa-8277-631558aa8d62" storage="TestAssembly.dll">
      <Execution id="0014d674-9055-4b22-97b7-07660fd74b85" />
      <TestMethod codeBase="TestAssembly.dll" className="TestNamespace.TestClass3" name="Test9630" />
    </UnitTest>
    <UnitTest name="Test9631" id="b1099032-fbc4-4138-a018-5b52e478eea9" storage="TestAssembly.dll">
      <Execution id="ba3c45c7-5da8-4b9f-8192-384ddf17e257" />
      <TestMethod codeBase="TestAssembly.dll" className="TestNamespace.TestClass4" name="Test9631" />
    </UnitTest>
    <UnitTest name="Test9632" id="5d3f6b6b-d61e-4401-9ed2-ecefa4a8e502" storage="TestAssembly.dll">
      <Execution id="c714b7ae-7912-478c-8c9c-28e597b778fd" />
      <TestMethod codeBase="TestAssembly.dll" className="TestNamespace.TestClass4" name="Test9632" />
    </UnitTest>
    <UnitTest name="Test9633" id="fe1b53a3-a873-4457-9d73-d0af3ae4f415" storage="TestAssembly.dll">
      <Execution id="571a4889-d4e2-4c35-bf8f-3812024dcc90" />
      <TestMethod codeBase="TestAssembly.dll" className="TestNamespace.TestClass4" name="Test9633" />
    </UnitTest>
    <UnitTest name="Test9634" id="0cf945eb-06ae-495c-805b-197772036eac" storage="TestAssembly.dll">
      <Execution id="905a30f6-1fe1-4af2-9753-95d53d24fada" />
      <TestMethod codeBase="TestAssembly.dll" className="TestNamespace.TestClass4" name="Test9634" />
    </UnitTest>
    <UnitTest name="Test9635" id="c424a532-a056-4967-8b94-81e75eb5a6ec" storage="TestAssembly.dll">
      <Execution id="d6fea0b1-b316-4e27-a364-abb879290736" />
      <TestMethod codeBase="TestAssembly.dll" className="TestNamespace.TestClass4" name="Test9635" />
    </UnitTest>
    <UnitTest name="Test9636" id="2250f0d7-b183-45cf-91fa-cfa36c699e2e" storage="TestAssembly.dll">
      <Execution id="aa6cc90c-3cf6-4fb9-8ea5-8968029b9849" />
      <TestMethod codeBase="TestAssembly.dll" className="TestNamespace.TestClass4" name="Test9636" />
    </UnitTest>
    <UnitTest name="Test9637" id="5143aff9-0b78-47cb-af55-605521b5e9e1" storage="TestAssembly.dll">
      <Execution id="12dec34e-0e69-4943-a221-5c4d30e4309f" />
      <TestMethod codeBase="TestAssembly.dll" className="TestNamespace.TestClass4" name="Test9637" />
    </UnitTest>
    <UnitTest name="Test9638" id="394a72b8-9057-4df3-832a-64a820f7b9f8" storage="TestAssembly.dll">
      <Execution id="31de9213-b150-4558-b691-dae8fd25a946" />
      <TestMethod codeBase="TestAssembly.dll" className="TestNamespace.TestClass4" name="Test9638" />
    </UnitTest>
    <UnitTest name="Test9639" id="33c41179-26c6-4820-929e-0d84b2bbdf5e" storage="TestAssembly.dll">
      <Execution id="fcb61e7b-682d-4b7f-abd7-1c2bb3d37478" />
      <TestMethod codeBase="TestAssembly.dll" className="TestNamespace.TestClass4" name="Test9639" />
    </UnitTest>
    <UnitTest name="Test9640" id="2f6e0647-2421-4aef-a694-f1c98d990b07" storage="TestAssembly.dll">
      <Execution id="985e40af-f345-482d-be52-e72aae6451a9" />
      <TestMethod codeBase="TestAssembly.dll" className="TestNamespace.TestClass4" name="Test9640" />
    </UnitTest>
    <UnitTest name="Test9641" id="ee28536b-dc35-4929-b340-be89ea02433f" storage="TestAssembly.dll">
      <Execution id="fd45b821-50f0-4c57-b834-8126a4fdbf73" />
      <TestMethod codeBase="TestAssembly.dll" className="TestNamespace.TestClass5" name="Test9641" />
    </UnitTest>
    <UnitTest name="Test9642" id="fa6d48f6-33e4-419a-9c90-75d8d863f24e" storage="TestAssembly.dll">
      <Execution id="7c69f32b-b669-4b39-9e56-37c29847a23a" />
      <TestMethod codeBase="TestAssembly.dll" className="TestNamespace.TestClass5" name="Test9642" />
    </UnitTest>
    <UnitTest name="Test9643" id="a42c1a18-0b42-4b89-8a82-9e7867754491" storage="TestAssembly.dll">
      <Execution id="e2cce78b-8bd6-4363-bd19-cc2e87e08779" />
      <TestMethod codeBase="TestAssembly.dll" className="TestNamespace.TestClass5" name="Test9643" />
    </UnitTest>
    <UnitTest name="Test9644" id="5436b2e4-6612-477b-9eee-6e5f379df100" storage="TestAssembly.dll">
      <Execution id="80e5f16a-07a0-45de-bfb5-67558e780b26" />
      <TestMethod codeBase="TestAssembly.dll" className="TestNamespace.TestClass5" name="Test9644" />
    </UnitTest>
    <UnitTest name="Test9645" id="b4c186b5-e67a-46aa-817e-362a38b9cf7c" storage="TestAssembly.dll">
      <Execution id="0ef4922d-bfaf-40e2-9d6b-bd1ec382d4c5" />
      <TestMethod codeBase="TestAssembly.dll" className="TestNamespace.TestClass5" name="Test9645" />
    </UnitTest>
    <UnitTest name="Test9646" id="ff840bb7-6c28-40f2-a834-2e4b77008068" storage="TestAssembly.dll">
      <Execution id="3cb778ec-17d1-4c00-af4b-dc19f3cee3d5" />
      <TestMethod codeBase="TestAssembly.dll" className="TestNamespace.TestClass5" name="Test9646" />
    </UnitTest>
    <UnitTest name="Test9647" id="9d821ef2-ca17-4fdb-acd3-91a385c28d1c" storage="TestAssembly.dll">
      <Execution id="b69aab15-ac41-4054-b538-86734561a73f" />
      <TestMethod codeBase="TestAssembly.dll" className="TestNamespace.TestClass5" name="Test9647" />
    </UnitTest>
    <UnitTest name="Test9648" id="f624ba1b-74c1-470e-9aab-7982e25e5280" storage="TestAssembly.dll">
      <Execution id="795e37d9-fc68-4f5b-8281-3dde91a5f50d" />
      <TestMethod codeBase="TestAssembly.dll" className="TestNamespace.TestClass5" name="Test9648" />
    </UnitTest>
    <UnitTest name="Test9649" id="acf4e78d-508e-4dc3-b90a-db99b23d8f67" storage="TestAssembly.dll">
      <Execution id="46de21fa-06f7-4f41-b1bc-02098a718c56" />
      <TestMethod codeBase="TestAssembly.dll" className="TestNamespace.TestClass5" name="Test9649" />
    </UnitTest>
    <UnitTest name="Test9650" id="0a4907f1-9976-488c-8f5a-6d522b7d64c5" storage="TestAssembly.dll">
      <Execution id="3dcf2821-3807-47db-b287-28358ff9d82a" />
      <TestMethod codeBase="TestAssembly.dll" className="TestNamespace.TestClass5" name="Test9650" />
    </UnitTest>
    <UnitTest name="Test9651" id="f5b685e9-782b-48a0-8d78-52bc5c6d88a3" storage="TestAssembly.dll">
      <Execution id="eda72b53-d3d1-46b6-a6bf-8b03036ea06e" />
      <TestMethod codeBase="TestAssembly.dll" className="TestNamespace.TestClass6" name="Test9651" />
    </UnitTest>
    <UnitTest name="Test9652" id="28943dbb-4562-4f68-9118-333e5af7cf36" storage="TestAssembly.dll">
      <Execution id="2647b3b1-4d57-462c-9dce-5a266164538f" />
      <TestMethod codeBase="TestAssembly.dll" className="TestNamespace.TestClass6" name="Test9652" />
    </UnitTest>
    <UnitTest name="Test9653" id="f40e08ee-636c-40fc-b0ac-6a24d51dc289" storage="TestAssembly.dll">
      <Execution id="23a08517-be77-4149-b076-7d58ed83f9f3" />
      <TestMethod codeBase="TestAssembly.dll" className="TestNamespace.TestClass6" name="Test9653" />
    </UnitTest>
    <UnitTest name="Test9654" id="a2252ed2-df3b-414d-a132-09ede022fa12" storage="TestAssembly.dll">
      <Execution id="6cb95bc2-211c-4f6e-b31d-ffeb401d6c18" />
      <TestMethod codeBase="TestAssembly.dll" className="TestNamespace.TestClass6" name="Test9654" />
    </UnitTest>
    <UnitTest name="Test9655" id="4dbdb435-5a08-4269-91ee-5d870f90bf7a" storage="TestAssembly.dll">
      <Execution id="b98258af-3d95-4305-bc05-40afe6452882" />
      <TestMethod codeBase="TestAssembly.dll" className="TestNamespace.TestClass6" name="Test9655" />
    </UnitTest>
    <UnitTest name="Test9656" id="20f7da6f-e0d7-4fb9-88dd-e3f8988ca3e7" storage="TestAssembly.dll">
      <Execution id="9eb79649-0a1b-4de7-9ca6-41e8653cd45b" />
      <TestMethod codeBase="TestAssembly.dll" className="TestNamespace.TestClass6" name="Test9656" />
    </UnitTest>
    <UnitTest name="Test9657" id="88bd80ef-9e78-4d59-a210-9903fe20993e" storage="TestAssembly.dll">
      <Execution id="65c8e4e9-023c-472a-8e3e-88b1652e0746" />
      <TestMethod codeBase="TestAssembly.dll" className="TestNamespace.TestClass6" name="Test9657" />
    </UnitTest>
    <UnitTest name="Test9658" id="04bb608d-db25-4fb1-892b-d0130634d22a" storage="TestAssembly.dll">
      <Execution id="a49e4802-7cc7-4149-be9b-33cfc422c082" />
      <TestMethod codeBase="TestAssembly.dll" className="TestNamespace.TestClass6" name="Test9658" />
    </UnitTest>
    <UnitTest name="Test9659" id="d24f8153-b665-46d8-9bcc-f7a058a6b7b4" storage="TestAssembly.dll">
      <Execution id="263cdb8d-39f5-473f-ad6f-7a5a72e001d8" />
      <TestMethod codeBase="TestAssembly.dll" className="TestNamespace.TestClass6" name="Test9659" />
    </UnitTest>
    <UnitTest name="Test9660" id="ee8d5cfc-9c74-42e0-9253-1d02e1a930a8" storage="TestAssembly.dll">
      <Execution id="bbecbcde-2a34-4ff8-9a92-6a8843f0677e" />
      <TestMethod codeBase="TestAssembly.dll" className="TestNamespace.TestClass6" name="Test9660" />
    </UnitTest>
    <UnitTest name="Test9661" id="99ef1024-d228-4e56-aa24-ebc1d5a265c3" storage="TestAssembly.dll">
      <Execution id="86ec686c-9511-4e7f-8084-a2f86e83a66d" />
      <TestMethod codeBase="TestAssembly.dll" className="TestNamespace.TestClass7" name="Test9661" />
    </UnitTest>
    <UnitTest name="Test9662" id="56c9c1b8-1448-48b1-b68a-4a1bb386f40c" storage="TestAssembly.dll">
      <Execution id="367a7663-89d3-47e8-9123-efdb503a9c4e" />
      <TestMethod codeBase="TestAssembly.dll" className="TestNamespace.TestClass7" name="Test9662" />
    </UnitTest>
    <UnitTest name="Test9663" id="a78a69d9-a7f6-4327-8925-fd3209e02783" storage="TestAssembly.dll">
      <Execution id="868f890f-c961-4475-a201-6bc5150817a4" />
      <TestMethod codeBase="TestAssembly.dll" className="TestNamespace.TestClass7" name="Test9663" />
    </UnitTest>
    <UnitTest name="Test9664" id="d6c0fbb0-5ca5-4d07-b4cf-6c03b01eca3c" storage="TestAssembly.dll">
      <Execution id="feb4f7d1-1d91-43a0-833f-789b52ce976d" />
      <TestMethod codeBase="TestAssembly.dll" className="TestNamespace.TestClass7" name="Test9664" />
    </UnitTest>
    <UnitTest name="Test9665" id="c13f9a01-6f0e-4c87-a5cf-a5c76407f6cf" storage="TestAssembly.dll">
      <Execution id="64140db3-dc41-47fc-9ef1-49071de65849" />
      <TestMethod codeBase="TestAssembly.dll" className="TestNamespace.TestClass7" name="Test9665" />
    </UnitTest>
    <UnitTest name="Test9666" id="7c13cb01-930c-4fdd-8563-b53f0a6a77a9" storage="TestAssembly.dll">
      <Execution id="f0d167fe-a6dd-4bdf-812d-3bd59fbed8d0" />
      <TestMethod codeBase="TestAssembly.dll" className="TestNamespace.TestClass7" name="Test9666" />
    </UnitTest>
    <UnitTest name="Test9667" id="f480c883-a6a4-49bc-b62e-81786e46ad17" storage="TestAssembly.dll">
      <Execution id="f8ed2597-02d9-4f54-bd11-20bfb6ad590f" />
      <TestMethod codeBase="TestAssembly.dll" className="TestNamespace.TestClass7" name="Test9667" />
    </UnitTest>
    <UnitTest name="Test9668" id="5278a954-f8ca-47a7-aecc-ad02ee88b222" storage="TestAssembly.dll">
      <Execution id="0008bac5-123d-423c-b831-10675a3ef647" />
      <TestMethod codeBase="TestAssembly.dll" className="TestNamespace.TestClass7" name="Test9668" />
    </UnitTest>
    <UnitTest name="Test9669" id="42308909-7892-4791-b79f-48589450dac4" storage="TestAssembly.dll">
      <Execution id="483d1b6f-30e5-440c-87cc-11f7e6aa3079" />
      <TestMethod codeBase="TestAssembly.dll" className="TestNamespace.TestClass7" name="Test9669" />
    </UnitTest>
    <UnitTest name="Test9670" id="e8fa079f-bdce-445f-8752-58135cff1c7a" storage="TestAssembly.dll">
      <Execution id="3fb19704-5eb2-45ff-99bd-f14f5d97936a" />
      <TestMethod codeBase="TestAssembly.dll" className="TestNamespace.TestClass7" name="Test9670" />
    </UnitTest>
    <UnitTest name="Test9671" id="57bff027-c980-48e3-a4a7-57b05d1ce7fe" storage="TestAssembly.dll">
      <Execution id="fd055383-078d-4994-9765-657e73d48798" />
      <TestMethod codeBase="TestAssembly.dll" className="TestNamespace.TestClass8" name="Test9671" />
    </UnitTest>
    <UnitTest name="Test9672" id="a3a54fda-a085-458a-a475-16da25cf4b46" storage="TestAssembly.dll">
      <Execution id="b727642c-e2b9-4ef2-b2f7-5305c685dfde" />
      <TestMethod codeBase="TestAssembly.dll" className="TestNamespace.TestClass8" name="Test9672" />
    </UnitTest>
    <UnitTest name="Test9673" id="8c9930b9-e4b2-4503-bf7f-1866e63fc35d" storage="TestAssembly.dll">
      <Execution id="ed82b55d-79ba-4e17-942d-69af5971ec06" />
      <TestMethod codeBase="TestAssembly.dll" className="TestNamespace.TestClass8" name="Test9673" />
    </UnitTest>
    <UnitTest name="Test9674" id="9eee46c4-dcee-4226-9209-dbf06ce3f9cf" storage="TestAssembly.dll">
      <Execution id="fdbfef1c-7a18-44b3-9be0-2caeee22afc4" />
      <TestMethod codeBase="TestAssembly.dll" className="TestNamespace.TestClass8" name="Test9674" />
    </UnitTest>
    <UnitTest name="Test9675" id="b6959c9d-422d-42b4-99f6-642466a08cf6" storage="TestAssembly.dll">
      <Execution id="1efa1817-ae6c-4721-a4f0-7f584c612f0a" />
      <TestMethod codeBase="TestAssembly.dll" className="TestNamespace.TestClass8" name="Test9675" />
    </UnitTest>
    <UnitTest name="Test9676" id="9929c751-b5ac-46f3-be70-0278b06a250a" storage="TestAssembly.dll">
      <Execution id="616b42dd-fc2b-4704-8173-dee1458b598b" />
      <TestMethod codeBase="TestAssembly.dll" className="TestNamespace.TestClass8" name="Test9676" />
    </UnitTest>
    <UnitTest name="Test9677" id="6b7437e3-5855-4e78-ae4c-58a970009cf2" storage="TestAssembly.dll">
      <Execution id="3b6fce6f-e361-4533-8eb4-71d44cc07ee1" />
      <TestMethod codeBase="TestAssembly.dll" className="TestNamespace.TestClass8" name="Test9677" />
    </UnitTest>
    <UnitTest name="Test9678" id="219669cc-b10a-4af1-8531-604e1c9efc3f" storage="TestAssembly.dll">
      <Execution id="bb31370e-3c0a-41fb-bc05-f6f074fca536" />
      <TestMethod codeBase="TestAssembly.dll" className="TestNamespace.TestClass8" name="Test9678" />
    </UnitTest>
    <UnitTest name="Test9679" id="313fd361-8947-4aab-9ead-00c2ce319d1d" storage="TestAssembly.dll">
      <Execution id="a3cde43a-6c97-4ad7-91a8-c9d8c659987e" />
      <TestMethod codeBase="TestAssembly.dll" className="TestNamespace.TestClass8" name="Test9679" />
    </UnitTest>
    <UnitTest name="Test9680" id="45ffb5ee-41d0-406f-93c1-2c3221f80025" storage="TestAssembly.dll">
      <Execution id="1458d6ab-53a9-4f51-b867-a8c5119e1ce3" />
      <TestMethod codeBase="TestAssembly.dll" className="TestNamespace.TestClass8" name="Test9680" />
    </UnitTest>
    <UnitTest name="Test9681" id="9a3374dc-9bd1-47b5-8d38-2ee7bd93c762" storage="TestAssembly.dll">
      <Execution id="c83d8948-62ae-42b2-9112-966ab370098a" />
      <TestMethod codeBase="TestAssembly.dll" className="TestNamespace.TestClass9" name="Test9681" />
    </UnitTest>
    <UnitTest name="Test9682" id="ee83a743-6fc2-479e-805d-b58404042b70" storage="TestAssembly.dll">
      <Execution id="02e53b5e-075c-4152-8eb4-a03196e3ccab" />
      <TestMethod codeBase="TestAssembly.dll" className="TestNamespace.TestClass9" name="Test9682" />
    </UnitTest>
    <UnitTest name="Test9683" id="710274fb-a069-427b-8b4e-51d419319993" storage="TestAssembly.dll">
      <Execution id="3dc45a78-ac4e-4e09-8452-b92da1252f64" />
      <TestMethod codeBase="TestAssembly.dll" className="TestNamespace.TestClass9" name="Test9683" />
    </UnitTest>
    <UnitTest name="Test9684" id="5e9583ef-ccde-41b0-9029-86ea47b663f2" storage="TestAssembly.dll">
      <Execution id="475a55c7-6f5c-48e1-8373-43e5705e2eff" />
      <TestMethod codeBase="TestAssembly.dll" className="TestNamespace.TestClass9" name="Test9684" />
    </UnitTest>
    <UnitTest name="Test9685" id="3916763d-d0e4-485a-8601-2fa50e9c2d93" storage="TestAssembly.dll">
      <Execution id="f473a1ca-deba-4681-b34e-d07ca2267029" />
      <TestMethod codeBase="TestAssembly.dll" className="TestNamespace.TestClass9" name="Test9685" />
    </UnitTest>
    <UnitTest name="Test9686" id="bbbd7e31-24f3-49c5-80fc-2d9ebdcbfdd7" storage="TestAssembly.dll">
      <Execution id="ef292b62-5e1d-4be0-b379-2af9a382bc23" />
      <TestMethod codeBase="TestAssembly.dll" className="TestNamespace.TestClass9" name="Test9686" />
    </UnitTest>
    <UnitTest name="Test9687" id="5e8c37c8-cf8b-4516-b62f-db98a648d792" storage="TestAssembly.dll">
      <Execution id="c96226ee-3606-42ce-ba7d-0d187ba06619" />
      <TestMethod codeBase="TestAssembly.dll" className="TestNamespace.TestClass9" name="Test9687" />
    </UnitTest>
    <UnitTest name="Test9688" id="191909ab-62a1-410f-9788-398c0d44a74f" storage="TestAssembly.dll">
      <Execution id="5c0795d4-3173-44d5-93dc-52304112bf51" />
      <TestMethod codeBase="TestAssembly.dll" className="TestNamespace.TestClass9" name="Test9688" />
    </UnitTest>
    <UnitTest name="Test9689" id="92921abc-c84c-4919-89fe-2fb24d3e59bc" storage="TestAssembly.dll">
      <Execution id="9bef5d93-f833-433b-ac80-b6db57758381" />
      <TestMethod codeBase="TestAssembly.dll" className="TestNamespace.TestClass9" name="Test9689" />
    </UnitTest>
    <UnitTest name="Test9690" id="b1b10010-e934-4ae3-bc90-ec09382593a8" storage="TestAssembly.dll">
      <Execution id="43a159ec-97ac-4f08-add9-df5631b07005" />
      <TestMethod codeBase="TestAssembly.dll" className="TestNamespace.TestClass9" name="Test9690" />
    </UnitTest>
    <UnitTest name="Test9691" id="613a3a9e-b229-4399-9b31-bf43241b942f" storage="TestAssembly.dll">
      <Execution id="075551b3-c8c6-4e4b-942c-3a8aad453417" />
      <TestMethod codeBase="TestAssembly.dll" className="TestNamespace.TestClass10" name="Test9691" />
    </UnitTest>
    <UnitTest name="Test9692" id="f617b433-3e12-4389-ba6b-a3e0e956e0ef" storage="TestAssembly.dll">
      <Execution id="b36b4cec-49c9-448e-be76-b8a7f774d61a" />
      <TestMethod codeBase="TestAssembly.dll" className="TestNamespace.TestClass10" name="Test9692" />
    </UnitTest>
    <UnitTest name="Test9693" id="e3713878-41ae-4e43-9e6e-7307dde87c04" storage="TestAssembly.dll">
      <Execution id="b8c06c87-e4a0-4a43-8a4b-595483d59b30" />
      <TestMethod codeBase="TestAssembly.dll" className="TestNamespace.TestClass10" name="Test9693" />
    </UnitTest>
    <UnitTest name="Test9694" id="1981ce99-aa93-4fa5-9688-2076cca8bc0d" storage="TestAssembly.dll">
      <Execution id="0e10158c-de76-47e7-a772-d7b78ae8dacd" />
      <TestMethod codeBase="TestAssembly.dll" className="TestNamespace.TestClass10" name="Test9694" />
    </UnitTest>
    <UnitTest name="Test9695" id="b10b0e96-f95e-468a-8891-e37442581b82" storage="TestAssembly.dll">
      <Execution id="7946c71b-c75b-4feb-93e6-5ddca675a5ed" />
      <TestMethod codeBase="TestAssembly.dll" className="TestNamespace.TestClass10" name="Test9695" />
    </UnitTest>
    <UnitTest name="Test9696" id="51661417-a9d5-4d6a-8ee5-e9ccb9045c40" storage="TestAssembly.dll">
      <Execution id="853507dd-e451-4cd0-997b-7df5c8f2a6d9" />
      <TestMethod codeBase="TestAssembly.dll" className="TestNamespace.TestClass10" name="Test9696" />
    </UnitTest>
    <UnitTest name="Test9697" id="ccd068d2-d28b-4b69-99bb-4acc27ee60db" storage="TestAssembly.dll">
      <Execution id="0cf798f4-58f8-49cc-832c-ad42872988b4" />
      <TestMethod codeBase="TestAssembly.dll" className="TestNamespace.TestClass10" name="Test9697" />
    </UnitTest>
    <UnitTest name="Test9698" id="49711360-d536-46be-b077-295003b7a665" storage="TestAssembly.dll">
      <Execution id="66e21568-f949-4541-854c-b33b7e8fb604" />
      <TestMethod codeBase="TestAssembly.dll" className="TestNamespace.TestClass10" name="Test9698" />
    </UnitTest>
    <UnitTest name="Test9699" id="336068eb-e466-4c30-b68d-f8bfc6ea4ee3" storage="TestAssembly.dll">
      <Execution id="9134a16a-8cef-44ec-a9ed-59f6b103e221" />
      <TestMethod codeBase="TestAssembly.dll" className="TestNamespace.TestClass10" name="Test9699" />
    </UnitTest>
    <UnitTest name="Test9700" id="896b365c-92d3-490a-bf2f-25f05dac41a6" storage="TestAssembly.dll">
      <Execution id="c97b2cfb-242e-4d87-b940-36086a86d2d2" />
      <TestMethod codeBase="TestAssembly.dll" className="TestNamespace.TestClass10" name="Test9700" />
    </UnitTest>
  </TestDefinitions>
  <TestEntries>
    <TestEntry testId="8b07451a-6beb-4346-ab9f-061d77df72ce" executionId="7c8ea5b1-8428-4e83-814c-2c7e268ea4a5" testListId="08d9590a-90fb-4ccc-a9e6-5269aad89fe8" />
    <TestEntry testId="58c773af-8142-4246-91f4-5a40d4f0fd88" executionId="1d603e13-792b-4453-8dc9-a721637509bb" testListId="08d9590a-90fb-4ccc-a9e6-5269aad89fe8" />
    <TestEntry testId="497a350b-0bf9-4728-8ae4-cdca4d6bb471" executionId="290d77f2-ef97-459e-9711-d871d3d1393d" testListId="08d9590a-90fb-4ccc-a9e6-5269aad89fe8" />
    <TestEntry testId="05a9d218-bf51-4103-930c-ff7badda1e02" executionId="77594abb-80af-4232-84fa-88a809a72731" testListId="08d9590a-90fb-4ccc-a9e6-5269aad89fe8" />
    <TestEntry testId="c899f80f-31d9-4773-9a92-dd2f426e75ff" executionId="e0f3113b-7289-4274-89ad-61530a2f4348" testListId="08d9590a-90fb-4ccc-a9e6-5269aad89fe8" />
    <TestEntry testId="774aece2-f8f3-4112-a84f-4283813053b1" executionId="61bdce21-6953-4858-8f06-ab315e3947e8" testListId="08d9590a-90fb-4ccc-a9e6-5269aad89fe8" />
    <TestEntry testId="033bc13b-f8ca-4ad4-ae64-1b135c25bc31" executionId="c5d914dc-f509-4641-b2cb-11b56b35f604" testListId="08d9590a-90fb-4ccc-a9e6-5269aad89fe8" />
    <TestEntry testId="d1be7c35-afd5-4fe6-a388-f48efd21611e" executionId="d4bd80cd-e0d4-4366-bdf6-5bbf7d3702d9" testListId="08d9590a-90fb-4ccc-a9e6-5269aad89fe8" />
    <TestEntry testId="9f78cce7-e327-4138-8307-8aa1b1c4ab99" executionId="9bb9d2f6-1643-4a43-b641-037927aece79" testListId="08d9590a-90fb-4ccc-a9e6-5269aad89fe8" />
    <TestEntry testId="cb21df79-5034-40bb-8610-bc1b0a32105f" executionId="03a3c884-b12a-456a-bea4-2cf713dba247" testListId="08d9590a-90fb-4ccc-a9e6-5269aad89fe8" />
    <TestEntry testId="ac24af00-f584-4c52-a37e-ec77bf1b00c7" executionId="c9a07366-e9aa-4b1b-8f78-05ad4ee8dcc5" testListId="08d9590a-90fb-4ccc-a9e6-5269aad89fe8" />
    <TestEntry testId="3498140d-927c-4dd4-8c7c-261215ff761b" executionId="6f3865f4-354d-4fd4-83ba-dd118369383d" testListId="08d9590a-90fb-4ccc-a9e6-5269aad89fe8" />
    <TestEntry testId="d7c2544a-f89c-4c6d-be68-12b806964696" executionId="10fcf9db-cb51-4138-8fe3-40a8307c6c76" testListId="08d9590a-90fb-4ccc-a9e6-5269aad89fe8" />
    <TestEntry testId="3da73fc7-9fe7-4af4-85a2-427510d47563" executionId="319c9bf6-2716-4b47-883e-56d23a1f3b0b" testListId="08d9590a-90fb-4ccc-a9e6-5269aad89fe8" />
    <TestEntry testId="21b69f73-f5be-4877-8d1d-be576f47dedc" executionId="4f3d7fe6-7ec9-4422-b663-393e146e910d" testListId="08d9590a-90fb-4ccc-a9e6-5269aad89fe8" />
    <TestEntry testId="c60cb921-4699-4d08-a990-a7a8d55abebb" executionId="66323740-0e0f-473e-aef2-9f389b14cd9d" testListId="08d9590a-90fb-4ccc-a9e6-5269aad89fe8" />
    <TestEntry testId="ec38652b-4b62-4fc9-a494-bc55f92d67df" executionId="73a1d801-2583-4fab-80ad-b1f3747dfc39" testListId="08d9590a-90fb-4ccc-a9e6-5269aad89fe8" />
    <TestEntry testId="a7ebad65-a4bb-4c16-afb9-fa2aed5f203c" executionId="6f953f00-38b0-42a1-9713-35ec159bf799" testListId="08d9590a-90fb-4ccc-a9e6-5269aad89fe8" />
    <TestEntry testId="963d849e-c83e-4ca3-bd95-74b646ccdf41" executionId="02ad1e51-418f-4e40-81d8-06829ef63be3" testListId="08d9590a-90fb-4ccc-a9e6-5269aad89fe8" />
    <TestEntry testId="2f50e0fc-9075-4f5b-8085-89ced78d855d" executionId="cd1362c4-9825-401e-b4e3-70fbfa36d2ca" testListId="08d9590a-90fb-4ccc-a9e6-5269aad89fe8" />
    <TestEntry testId="51a2172f-06a1-424a-8a53-8ed0d36f8074" executionId="cb9c7f86-d2e3-49fa-90a9-aa4efa75fee8" testListId="08d9590a-90fb-4ccc-a9e6-5269aad89fe8" />
    <TestEntry testId="42e5c308-1c8b-424c-b9fb-e85773054e97" executionId="519de6e4-93f1-4694-bccc-36cd76ee024d" testListId="08d9590a-90fb-4ccc-a9e6-5269aad89fe8" />
    <TestEntry testId="14140e5a-dab5-41fa-9916-8477119ae9ca" executionId="f9bd0fdb-847e-449d-b5db-1dfca0d3a6c5" testListId="08d9590a-90fb-4ccc-a9e6-5269aad89fe8" />
    <TestEntry testId="fa7c6787-4866-461c-8be3-e738ef25ebb1" executionId="1ca133f4-965a-4f4e-bbbc-699391dfa781" testListId="08d9590a-90fb-4ccc-a9e6-5269aad89fe8" />
    <TestEntry testId="5092571f-b497-44a0-800d-adf180e595e5" executionId="a41dea92-63a5-45f7-8953-879891d52342" testListId="08d9590a-90fb-4ccc-a9e6-5269aad89fe8" />
    <TestEntry testId="2493d6e6-5e73-41aa-bbcd-8ccc1d76f91f" executionId="a2c34b9a-b3cf-4922-9034-9b3efa5cfdc1" testListId="08d9590a-90fb-4ccc-a9e6-5269aad89fe8" />
    <TestEntry testId="3c121e42-0e5b-48e1-9f44-96cbcf32ba5b" executionId="5c2a6029-9e46-495d-9ced-1961ff45dc5a" testListId="08d9590a-90fb-4ccc-a9e6-5269aad89fe8" />
    <TestEntry testId="2f7e29db-ef88-4abe-896a-13bde586e7d9" executionId="8ec349d1-1af8-4600-aae8-beab307c97c7" testListId="08d9590a-90fb-4ccc-a9e6-5269aad89fe8" />
    <TestEntry testId="e94962ca-8634-42de-aabc-76515d99ffe3" executionId="7d9f5e1f-6c18-4da7-be45-fa3b13744343" testListId="08d9590a-90fb-4ccc-a9e6-5269aad89fe8" />
    <TestEntry testId="f1ea2171-df79-4daa-8277-631558aa8d62" executionId="0014d674-9055-4b22-97b7-07660fd74b85" testListId="08d9590a-90fb-4ccc-a9e6-5269aad89fe8" />
    <TestEntry testId="b1099032-fbc4-4138-a018-5b52e478eea9" executionId="ba3c45c7-5da8-4b9f-8192-384ddf17e257" testListId="08d9590a-90fb-4ccc-a9e6-5269aad89fe8" />
    <TestEntry testId="5d3f6b6b-d61e-4401-9ed2-ecefa4a8e502" executionId="c714b7ae-7912-478c-8c9c-28e597b778fd" testListId="08d9590a-90fb-4ccc-a9e6-5269aad89fe8" />
    <TestEntry testId="fe1b53a3-a873-4457-9d73-d0af3ae4f415" executionId="571a4889-d4e2-4c35-bf8f-3812024dcc90" testListId="08d9590a-90fb-4ccc-a9e6-5269aad89fe8" />
    <TestEntry testId="0cf945eb-06ae-495c-805b-197772036eac" executionId="905a30f6-1fe1-4af2-9753-95d53d24fada" testListId="08d9590a-90fb-4ccc-a9e6-5269aad89fe8" />
    <TestEntry testId="c424a532-a056-4967-8b94-81e75eb5a6ec" executionId="d6fea0b1-b316-4e27-a364-abb879290736" testListId="08d9590a-90fb-4ccc-a9e6-5269aad89fe8" />
    <TestEntry testId="2250f0d7-b183-45cf-91fa-cfa36c699e2e" executionId="aa6cc90c-3cf6-4fb9-8ea5-8968029b9849" testListId="08d9590a-90fb-4ccc-a9e6-5269aad89fe8" />
    <TestEntry testId="5143aff9-0b78-47cb-af55-605521b5e9e1" executionId="12dec34e-0e69-4943-a221-5c4d30e4309f" testListId="08d9590a-90fb-4ccc-a9e6-5269aad89fe8" />
    <TestEntry testId="394a72b8-9057-4df3-832a-64a820f7b9f8" executionId="31de9213-b150-4558-b691-dae8fd25a946" testListId="08d9590a-90fb-4ccc-a9e6-5269aad89fe8" />
    <TestEntry testId="33c41179-26c6-4820-929e-0d84b2bbdf5e" executionId="fcb61e7b-682d-4b7f-abd7-1c2bb3d37478" testListId="08d9590a-90fb-4ccc-a9e6-5269aad89fe8" />
    <TestEntry testId="2f6e0647-2421-4aef-a694-f1c98d990b07" executionId="985e40af-f345-482d-be52-e72aae6451a9" testListId="08d9590a-90fb-4ccc-a9e6-5269aad89fe8" />
    <TestEntry testId="ee28536b-dc35-4929-b340-be89ea02433f" executionId="fd45b821-50f0-4c57-b834-8126a4fdbf73" testListId="08d9590a-90fb-4ccc-a9e6-5269aad89fe8" />
    <TestEntry testId="fa6d48f6-33e4-419a-9c90-75d8d863f24e" executionId="7c69f32b-b669-4b39-9e56-37c29847a23a" testListId="08d9590a-90fb-4ccc-a9e6-5269aad89fe8" />
    <TestEntry testId="a42c1a18-0b42-4b89-8a82-9e7867754491" executionId="e2cce78b-8bd6-4363-bd19-cc2e87e08779" testListId="08d9590a-90fb-4ccc-a9e6-5269aad89fe8" />
    <TestEntry testId="5436b2e4-6612-477b-9eee-6e5f379df100" executionId="80e5f16a-07a0-45de-bfb5-67558e780b26" testListId="08d9590a-90fb-4ccc-a9e6-5269aad89fe8" />
    <TestEntry testId="b4c186b5-e67a-46aa-817e-362a38b9cf7c" executionId="0ef4922d-bfaf-40e2-9d6b-bd1ec382d4c5" testListId="08d9590a-90fb-4ccc-a9e6-5269aad89fe8" />
    <TestEntry testId="ff840bb7-6c28-40f2-a834-2e4b77008068" executionId="3cb778ec-17d1-4c00-af4b-dc19f3cee3d5" testListId="08d9590a-90fb-4ccc-a9e6-5269aad89fe8" />
    <TestEntry testId="9d821ef2-ca17-4fdb-acd3-91a385c28d1c" executionId="b69aab15-ac41-4054-b538-86734561a73f" testListId="08d9590a-90fb-4ccc-a9e6-5269aad89fe8" />
    <TestEntry testId="f624ba1b-74c1-470e-9aab-7982e25e5280" executionId="795e37d9-fc68-4f5b-8281-3dde91a5f50d" testListId="08d9590a-90fb-4ccc-a9e6-5269aad89fe8" />
    <TestEntry testId="acf4e78d-508e-4dc3-b90a-db99b23d8f67" executionId="46de21fa-06f7-4f41-b1bc-02098a718c56" testListId="08d9590a-90fb-4ccc-a9e6-5269aad89fe8" />
    <TestEntry testId="0a4907f1-9976-488c-8f5a-6d522b7d64c5" executionId="3dcf2821-3807-47db-b287-28358ff9d82a" testListId="08d9590a-90fb-4ccc-a9e6-5269aad89fe8" />
    <TestEntry testId="f5b685e9-782b-48a0-8d78-52bc5c6d88a3" executionId="eda72b53-d3d1-46b6-a6bf-8b03036ea06e" testListId="08d9590a-90fb-4ccc-a9e6-5269aad89fe8" />
    <TestEntry testId="28943dbb-4562-4f68-9118-333e5af7cf36" executionId="2647b3b1-4d57-462c-9dce-5a266164538f" testListId="08d9590a-90fb-4ccc-a9e6-5269aad89fe8" />
    <TestEntry testId="f40e08ee-636c-40fc-b0ac-6a24d51dc289" executionId="23a08517-be77-4149-b076-7d58ed83f9f3" testListId="08d9590a-90fb-4ccc-a9e6-5269aad89fe8" />
    <TestEntry testId="a2252ed2-df3b-414d-a132-09ede022fa12" executionId="6cb95bc2-211c-4f6e-b31d-ffeb401d6c18" testListId="08d9590a-90fb-4ccc-a9e6-5269aad89fe8" />
    <TestEntry testId="4dbdb435-5a08-4269-91ee-5d870f90bf7a" executionId="b98258af-3d95-4305-bc05-40afe6452882" testListId="08d9590a-90fb-4ccc-a9e6-5269aad89fe8" />
    <TestEntry testId="20f7da6f-e0d7-4fb9-88dd-e3f8988ca3e7" executionId="9eb79649-0a1b-4de7-9ca6-41e8653cd45b" testListId="08d9590a-90fb-4ccc-a9e6-5269aad89fe8" />
    <TestEntry testId="88bd80ef-9e78-4d59-a210-9903fe20993e" executionId="65c8e4e9-023c-472a-8e3e-88b1652e0746" testListId="08d9590a-90fb-4ccc-a9e6-5269aad89fe8" />
    <TestEntry testId="04bb608d-db25-4fb1-892b-d0130634d22a" executionId="a49e4802-7cc7-4149-be9b-33cfc422c082" testListId="08d9590a-90fb-4ccc-a9e6-5269aad89fe8" />
    <TestEntry testId="d24f8153-b665-46d8-9bcc-f7a058a6b7b4" executionId="263cdb8d-39f5-473f-ad6f-7a5a72e001d8" testListId="08d9590a-90fb-4ccc-a9e6-5269aad89fe8" />
    <TestEntry testId="ee8d5cfc-9c74-42e0-9253-1d02e1a930a8" executionId="bbecbcde-2a34-4ff8-9a92-6a8843f0677e" testListId="08d9590a-90fb-4ccc-a9e6-5269aad89fe8" />
    <TestEntry testId="99ef1024-d228-4e56-aa24-ebc1d5a265c3" executionId="86ec686c-9511-4e7f-8084-a2f86e83a66d" testListId="08d9590a-90fb-4ccc-a9e6-5269aad89fe8" />
    <TestEntry testId="56c9c1b8-1448-48b1-b68a-4a1bb386f40c" executionId="367a7663-89d3-47e8-9123-efdb503a9c4e" testListId="08d9590a-90fb-4ccc-a9e6-5269aad89fe8" />
    <TestEntry testId="a78a69d9-a7f6-4327-8925-fd3209e02783" executionId="868f890f-c961-4475-a201-6bc5150817a4" testListId="08d9590a-90fb-4ccc-a9e6-5269aad89fe8" />
    <TestEntry testId="d6c0fbb0-5ca5-4d07-b4cf-6c03b01eca3c" executionId="feb4f7d1-1d91-43a0-833f-789b52ce976d" testListId="08d9590a-90fb-4ccc-a9e6-5269aad89fe8" />
    <TestEntry testId="c13f9a01-6f0e-4c87-a5cf-a5c76407f6cf" executionId="64140db3-dc41-47fc-9ef1-49071de65849" testListId="08d9590a-90fb-4ccc-a9e6-5269aad89fe8" />
    <TestEntry testId="7c13cb01-930c-4fdd-8563-b53f0a6a77a9" executionId="f0d167fe-a6dd-4bdf-812d-3bd59fbed8d0" testListId="08d9590a-90fb-4ccc-a9e6-5269aad89fe8" />
    <TestEntry testId="f480c883-a6a4-49bc-b62e-81786e46ad17" executionId="f8ed2597-02d9-4f54-bd11-20bfb6ad590f" testListId="08d9590a-90fb-4ccc-a9e6-5269aad89fe8" />
    <TestEntry testId="5278a954-f8ca-47a7-aecc-ad02ee88b222" executionId="0008bac5-123d-423c-b831-10675a3ef647" testListId="08d9590a-90fb-4ccc-a9e6-5269aad89fe8" />
    <TestEntry testId="42308909-7892-4791-b79f-48589450dac4" executionId="483d1b6f-30e5-440c-87cc-11f7e6aa3079" testListId="08d9590a-90fb-4ccc-a9e6-5269aad89fe8" />
    <TestEntry testId="e8fa079f-bdce-445f-8752-58135cff1c7a" executionId="3fb19704-5eb2-45ff-99bd-f14f5d97936a" testListId="08d9590a-90fb-4ccc-a9e6-5269aad89fe8" />
    <TestEntry testId="57bff027-c980-48e3-a4a7-57b05d1ce7fe" executionId="fd055383-078d-4994-9765-657e73d48798" testListId="08d9590a-90fb-4ccc-a9e6-5269aad89fe8" />
    <TestEntry testId="a3a54fda-a085-458a-a475-16da25cf4b46" executionId="b727642c-e2b9-4ef2-b2f7-5305c685dfde" testListId="08d9590a-90fb-4ccc-a9e6-5269aad89fe8" />
    <TestEntry testId="8c9930b9-e4b2-4503-bf7f-1866e63fc35d" executionId="ed82b55d-79ba-4e17-942d-69af5971ec06" testListId="08d9590a-90fb-4ccc-a9e6-5269aad89fe8" />
    <TestEntry testId="9eee46c4-dcee-4226-9209-dbf06ce3f9cf" executionId="fdbfef1c-7a18-44b3-9be0-2caeee22afc4" testListId="08d9590a-90fb-4ccc-a9e6-5269aad89fe8" />
    <TestEntry testId="b6959c9d-422d-42b4-99f6-642466a08cf6" executionId="1efa1817-ae6c-4721-a4f0-7f584c612f0a" testListId="08d9590a-90fb-4ccc-a9e6-5269aad89fe8" />
    <TestEntry testId="9929c751-b5ac-46f3-be70-0278b06a250a" executionId="616b42dd-fc2b-4704-8173-dee1458b598b" testListId="08d9590a-90fb-4ccc-a9e6-5269aad89fe8" />
    <TestEntry testId="6b7437e3-5855-4e78-ae4c-58a970009cf2" executionId="3b6fce6f-e361-4533-8eb4-71d44cc07ee1" testListId="08d9590a-90fb-4ccc-a9e6-5269aad89fe8" />
    <TestEntry testId="219669cc-b10a-4af1-8531-604e1c9efc3f" executionId="bb31370e-3c0a-41fb-bc05-f6f074fca536" testListId="08d9590a-90fb-4ccc-a9e6-5269aad89fe8" />
    <TestEntry testId="313fd361-8947-4aab-9ead-00c2ce319d1d" executionId="a3cde43a-6c97-4ad7-91a8-c9d8c659987e" testListId="08d9590a-90fb-4ccc-a9e6-5269aad89fe8" />
    <TestEntry testId="45ffb5ee-41d0-406f-93c1-2c3221f80025" executionId="1458d6ab-53a9-4f51-b867-a8c5119e1ce3" testListId="08d9590a-90fb-4ccc-a9e6-5269aad89fe8" />
    <TestEntry testId="9a3374dc-9bd1-47b5-8d38-2ee7bd93c762" executionId="c83d8948-62ae-42b2-9112-966ab370098a" testListId="08d9590a-90fb-4ccc-a9e6-5269aad89fe8" />
    <TestEntry testId="ee83a743-6fc2-479e-805d-b58404042b70" executionId="02e53b5e-075c-4152-8eb4-a03196e3ccab" testListId="08d9590a-90fb-4ccc-a9e6-5269aad89fe8" />
    <TestEntry testId="710274fb-a069-427b-8b4e-51d419319993" executionId="3dc45a78-ac4e-4e09-8452-b92da1252f64" testListId="08d9590a-90fb-4ccc-a9e6-5269aad89fe8" />
    <TestEntry testId="5e9583ef-ccde-41b0-9029-86ea47b663f2" executionId="475a55c7-6f5c-48e1-8373-43e5705e2eff" testListId="08d9590a-90fb-4ccc-a9e6-5269aad89fe8" />
    <TestEntry testId="3916763d-d0e4-485a-8601-2fa50e9c2d93" executionId="f473a1ca-deba-4681-b34e-d07ca2267029" testListId="08d9590a-90fb-4ccc-a9e6-5269aad89fe8" />
    <TestEntry testId="bbbd7e31-24f3-49c5-80fc-2d9ebdcbfdd7" executionId="ef292b62-5e1d-4be0-b379-2af9a382bc23" testListId="08d9590a-90fb-4ccc-a9e6-5269aad89fe8" />
    <TestEntry testId="5e8c37c8-cf8b-4516-b62f-db98a648d792" executionId="c96226ee-3606-42ce-ba7d-0d187ba06619" testListId="08d9590a-90fb-4ccc-a9e6-5269aad89fe8" />
    <TestEntry testId="191909ab-62a1-410f-9788-398c0d44a74f" executionId="5c0795d4-3173-44d5-93dc-52304112bf51" testListId="08d9590a-90fb-4ccc-a9e6-5269aad89fe8" />
    <TestEntry testId="92921abc-c84c-4919-89fe-2fb24d3e59bc" executionId="9bef5d93-f833-433b-ac80-b6db57758381" testListId="08d9590a-90fb-4ccc-a9e6-5269aad89fe8" />
    <TestEntry testId="b1b10010-e934-4ae3-bc90-ec09382593a8" executionId="43a159ec-97ac-4f08-add9-df5631b07005" testListId="08d9590a-90fb-4ccc-a9e6-5269aad89fe8" />
    <TestEntry testId="613a3a9e-b229-4399-9b31-bf43241b942f" executionId="075551b3-c8c6-4e4b-942c-3a8aad453417" testListId="08d9590a-90fb-4ccc-a9e6-5269aad89fe8" />
    <TestEntry testId="f617b433-3e12-4389-ba6b-a3e0e956e0ef" executionId="b36b4cec-49c9-448e-be76-b8a7f774d61a" testListId="08d9590a-90fb-4ccc-a9e6-5269aad89fe8" />
    <TestEntry testId="e3713878-41ae-4e43-9e6e-7307dde87c04" executionId="b8c06c87-e4a0-4a43-8a4b-595483d59b30" testListId="08d9590a-90fb-4ccc-a9e6-5269aad89fe8" />
    <TestEntry testId="1981ce99-aa93-4fa5-9688-2076cca8bc0d" executionId="0e10158c-de76-47e7-a772-d7b78ae8dacd" testListId="08d9590a-90fb-4ccc-a9e6-5269aad89fe8" />
    <TestEntry testId="b10b0e96-f95e-468a-8891-e37442581b82" executionId="7946c71b-c75b-4feb-93e6-5ddca675a5ed" testListId="08d9590a-90fb-4ccc-a9e6-5269aad89fe8" />
    <TestEntry testId="51661417-a9d5-4d6a-8ee5-e9ccb9045c40" executionId="853507dd-e451-4cd0-997b-7df5c8f2a6d9" testListId="08d9590a-90fb-4ccc-a9e6-5269aad89fe8" />
    <TestEntry testId="ccd068d2-d28b-4b69-99bb-4acc27ee60db" executionId="0cf798f4-58f8-49cc-832c-ad42872988b4" testListId="08d9590a-90fb-4ccc-a9e6-5269aad89fe8" />
    <TestEntry testId="49711360-d536-46be-b077-295003b7a665" executionId="66e21568-f949-4541-854c-b33b7e8fb604" testListId="08d9590a-90fb-4ccc-a9e6-5269aad89fe8" />
    <TestEntry testId="336068eb-e466-4c30-b68d-f8bfc6ea4ee3" executionId="9134a16a-8cef-44ec-a9ed-59f6b103e221" testListId="08d9590a-90fb-4ccc-a9e6-5269aad89fe8" />
    <TestEntry testId="896b365c-92d3-490a-bf2f-25f05dac41a6" executionId="c97b2cfb-242e-4d87-b940-36086a86d2d2" testListId="08d9590a-90fb-4ccc-a9e6-5269aad89fe8" />
  </TestEntries>
  <TestLists>
    <TestList name="Results Not in a List" id="08d9590a-90fb-4ccc-a9e6-5269aad89fe8" />
    <TestList name="All Loaded Results" id="514b282c-1396-4fcd-b931-01c1588f4748" />
  </TestLists>
</TestRun>