<?xml version="1.0" encoding="UTF-8"?>
<TestRun id="0ce17316-05ed-4efb-96f0-56c34727c587" name="Test Run 6" runUser="Oles Galatsan" xmlns="http://microsoft.com/schemas/VisualStudio/TeamTest/2010">
  <Times creation="2025-05-14T13:20:31.3125482Z" queuing="2025-05-14T13:20:31.3125482Z" start="2025-05-14T13:20:31.3146610Z" finish="2025-05-14T13:25:31.3147553Z" />
  <TestSettings name="Test Settings 6" id="3ff9fb0c-b703-41d4-843e-1dc75af725c6" />
  <Results>
    <UnitTestResult executionId="581a4b91-1749-4335-b9d1-cd86c5fee6e2" testId="5c75c603-b610-4f12-9c9f-54828dcc1dd7" testName="Test501" computerName="UA-LPT-OGA2" duration="00:00:00.6020000" startTime="2025-05-14T13:20:31.3146610Z" endTime="2025-05-14T13:25:31.3147553Z" testType="13cdc9d9-ddb5-4fa4-a97d-d965ccfc6d4b" outcome="Passed" testListId="b0d67efb-4459-46e2-b165-abd5f1eb0a86" />
    <UnitTestResult executionId="3d0e6f61-b7e1-472a-b3df-6bfc8bf72f73" testId="15c54dc4-f281-4ad2-8269-b59ca11fc7da" testName="Test502" computerName="UA-LPT-OGA2" duration="00:00:00.3940000" startTime="2025-05-14T13:20:31.3146610Z" endTime="2025-05-14T13:25:31.3147553Z" testType="13cdc9d9-ddb5-4fa4-a97d-d965ccfc6d4b" outcome="Passed" testListId="b0d67efb-4459-46e2-b165-abd5f1eb0a86" />
    <UnitTestResult executionId="b468ee4c-8ab7-4a0b-a525-626599856625" testId="8b444241-fb5d-40c9-a893-746c96f69461" testName="Test503" computerName="UA-LPT-OGA2" duration="00:00:00.3900000" startTime="2025-05-14T13:20:31.3146610Z" endTime="2025-05-14T13:25:31.3147553Z" testType="13cdc9d9-ddb5-4fa4-a97d-d965ccfc6d4b" outcome="Passed" testListId="b0d67efb-4459-46e2-b165-abd5f1eb0a86" />
    <UnitTestResult executionId="a4e65e23-e4f1-4fa7-a7b8-cbc308c9167d" testId="2b718a92-a9d8-477c-a89d-b2241323967e" testName="Test504" computerName="UA-LPT-OGA2" duration="00:00:00.2380000" startTime="2025-05-14T13:20:31.3146610Z" endTime="2025-05-14T13:25:31.3147553Z" testType="13cdc9d9-ddb5-4fa4-a97d-d965ccfc6d4b" outcome="Failed" testListId="b0d67efb-4459-46e2-b165-abd5f1eb0a86">
      <Output>
        <ErrorInfo>
          <Message>Assertion failed: Expected value did not match actual value.</Message>
          <StackTrace>   at TestNamespace.TestClass.Test() in TestClass.cs:line 456</StackTrace>
        </ErrorInfo>
      </Output>
    </UnitTestResult>
    <UnitTestResult executionId="103ea929-952b-497c-9c4b-ccfd9a385d30" testId="c6d507d9-9cfb-46a9-8b95-1afaa202a14b" testName="Test505" computerName="UA-LPT-OGA2" duration="00:00:00.2900000" startTime="2025-05-14T13:20:31.3146610Z" endTime="2025-05-14T13:25:31.3147553Z" testType="13cdc9d9-ddb5-4fa4-a97d-d965ccfc6d4b" outcome="Passed" testListId="b0d67efb-4459-46e2-b165-abd5f1eb0a86" />
    <UnitTestResult executionId="8660a1ee-c117-4671-a496-46de13178b69" testId="41c1d221-e6c7-4131-b993-6393cd16175c" testName="Test506" computerName="UA-LPT-OGA2" duration="00:00:01.7650000" startTime="2025-05-14T13:20:31.3146610Z" endTime="2025-05-14T13:25:31.3147553Z" testType="13cdc9d9-ddb5-4fa4-a97d-d965ccfc6d4b" outcome="Passed" testListId="b0d67efb-4459-46e2-b165-abd5f1eb0a86" />
    <UnitTestResult executionId="0c04e3df-613e-40a4-8501-21a84ffeb53c" testId="0d6000e0-7551-4d80-9964-70542b5ca453" testName="Test507" computerName="UA-LPT-OGA2" duration="00:00:00.9730000" startTime="2025-05-14T13:20:31.3146610Z" endTime="2025-05-14T13:25:31.3147553Z" testType="13cdc9d9-ddb5-4fa4-a97d-d965ccfc6d4b" outcome="Passed" testListId="b0d67efb-4459-46e2-b165-abd5f1eb0a86" />
    <UnitTestResult executionId="67539f52-f481-4b7c-b760-66c50ee522f5" testId="4cc03897-2bdb-419a-bd22-f15e06f17dc8" testName="Test508" computerName="UA-LPT-OGA2" duration="00:00:01.0180000" startTime="2025-05-14T13:20:31.3146610Z" endTime="2025-05-14T13:25:31.3147553Z" testType="13cdc9d9-ddb5-4fa4-a97d-d965ccfc6d4b" outcome="Passed" testListId="b0d67efb-4459-46e2-b165-abd5f1eb0a86" />
    <UnitTestResult executionId="4712f127-a9cf-4b69-b4b0-fe3f61df3aa5" testId="7377950c-ce8c-4921-b405-c2eb7519f3ba" testName="Test509" computerName="UA-LPT-OGA2" duration="00:00:00.7850000" startTime="2025-05-14T13:20:31.3146610Z" endTime="2025-05-14T13:25:31.3147553Z" testType="13cdc9d9-ddb5-4fa4-a97d-d965ccfc6d4b" outcome="Passed" testListId="b0d67efb-4459-46e2-b165-abd5f1eb0a86" />
    <UnitTestResult executionId="989af325-d5a6-4c0d-ad42-9822165a2b78" testId="70ffed71-0856-4939-9e59-0a574bd898bf" testName="Test510" computerName="UA-LPT-OGA2" duration="00:00:01.6080000" startTime="2025-05-14T13:20:31.3146610Z" endTime="2025-05-14T13:25:31.3147553Z" testType="13cdc9d9-ddb5-4fa4-a97d-d965ccfc6d4b" outcome="Passed" testListId="b0d67efb-4459-46e2-b165-abd5f1eb0a86" />
    <UnitTestResult executionId="7a7aa024-bf52-4e64-aa98-ac48f82ae144" testId="9f7e03f5-84f8-4e83-8b74-378b1b242aa3" testName="Test511" computerName="UA-LPT-OGA2" duration="00:00:01.4710000" startTime="2025-05-14T13:20:31.3146610Z" endTime="2025-05-14T13:25:31.3147553Z" testType="13cdc9d9-ddb5-4fa4-a97d-d965ccfc6d4b" outcome="Passed" testListId="b0d67efb-4459-46e2-b165-abd5f1eb0a86" />
    <UnitTestResult executionId="e4861997-a491-4679-9020-608c912064c5" testId="a03f38b0-6666-406a-a323-cbe051eecaa6" testName="Test512" computerName="UA-LPT-OGA2" duration="00:00:00.9600000" startTime="2025-05-14T13:20:31.3146610Z" endTime="2025-05-14T13:25:31.3147553Z" testType="13cdc9d9-ddb5-4fa4-a97d-d965ccfc6d4b" outcome="Passed" testListId="b0d67efb-4459-46e2-b165-abd5f1eb0a86" />
    <UnitTestResult executionId="b1ef0ce9-6367-4743-8a9f-af723b981795" testId="4c474798-ebb8-4f2e-9048-3e184ff9b628" testName="Test513" computerName="UA-LPT-OGA2" duration="00:00:01.0530000" startTime="2025-05-14T13:20:31.3146610Z" endTime="2025-05-14T13:25:31.3147553Z" testType="13cdc9d9-ddb5-4fa4-a97d-d965ccfc6d4b" outcome="Passed" testListId="b0d67efb-4459-46e2-b165-abd5f1eb0a86" />
    <UnitTestResult executionId="60ac9dd4-f280-453f-b355-76a614585a18" testId="092c7c1a-9b9b-4bd4-abbe-5e6da0d6209f" testName="Test514" computerName="UA-LPT-OGA2" duration="00:00:01.4420000" startTime="2025-05-14T13:20:31.3146610Z" endTime="2025-05-14T13:25:31.3147553Z" testType="13cdc9d9-ddb5-4fa4-a97d-d965ccfc6d4b" outcome="Passed" testListId="b0d67efb-4459-46e2-b165-abd5f1eb0a86" />
    <UnitTestResult executionId="d6fd2b3a-5414-4b61-a01a-63c28b04e429" testId="678e251f-e5b3-449c-be7b-6a43fdfadedd" testName="Test515" computerName="UA-LPT-OGA2" duration="00:00:00.7810000" startTime="2025-05-14T13:20:31.3146610Z" endTime="2025-05-14T13:25:31.3147553Z" testType="13cdc9d9-ddb5-4fa4-a97d-d965ccfc6d4b" outcome="Passed" testListId="b0d67efb-4459-46e2-b165-abd5f1eb0a86" />
    <UnitTestResult executionId="ae9a093a-61c5-4f0d-9495-67741f6485d1" testId="28d66023-e0b5-45c9-9bf6-55c5cc68c482" testName="Test516" computerName="UA-LPT-OGA2" duration="00:00:01.1670000" startTime="2025-05-14T13:20:31.3146610Z" endTime="2025-05-14T13:25:31.3147553Z" testType="13cdc9d9-ddb5-4fa4-a97d-d965ccfc6d4b" outcome="Passed" testListId="b0d67efb-4459-46e2-b165-abd5f1eb0a86" />
    <UnitTestResult executionId="0ce59d0e-ac33-4c31-847b-fa089cef2e45" testId="ecc989cd-119a-4150-8979-2fff1f5b6b73" testName="Test517" computerName="UA-LPT-OGA2" duration="00:00:00.0230000" startTime="2025-05-14T13:20:31.3146610Z" endTime="2025-05-14T13:25:31.3147553Z" testType="13cdc9d9-ddb5-4fa4-a97d-d965ccfc6d4b" outcome="Passed" testListId="b0d67efb-4459-46e2-b165-abd5f1eb0a86" />
    <UnitTestResult executionId="dd1d82b4-a64d-4f63-90cf-06332cedd44e" testId="d4ff1ea8-5ab6-4c21-b8ce-151d4fcd3798" testName="Test518" computerName="UA-LPT-OGA2" duration="00:00:01.9320000" startTime="2025-05-14T13:20:31.3146610Z" endTime="2025-05-14T13:25:31.3147553Z" testType="13cdc9d9-ddb5-4fa4-a97d-d965ccfc6d4b" outcome="Passed" testListId="b0d67efb-4459-46e2-b165-abd5f1eb0a86" />
    <UnitTestResult executionId="6d43e018-3872-4a43-9217-1a381c23ffbd" testId="3a262a01-b741-4746-a182-848e29da327e" testName="Test519" computerName="UA-LPT-OGA2" duration="00:00:00.7160000" startTime="2025-05-14T13:20:31.3146610Z" endTime="2025-05-14T13:25:31.3147553Z" testType="13cdc9d9-ddb5-4fa4-a97d-d965ccfc6d4b" outcome="Passed" testListId="b0d67efb-4459-46e2-b165-abd5f1eb0a86" />
    <UnitTestResult executionId="def46cc7-6bd7-4e44-8a10-d68fc5ee2a39" testId="c2444d58-c9ad-4299-813f-e88d90bb5428" testName="Test520" computerName="UA-LPT-OGA2" duration="00:00:00.9810000" startTime="2025-05-14T13:20:31.3146610Z" endTime="2025-05-14T13:25:31.3147553Z" testType="13cdc9d9-ddb5-4fa4-a97d-d965ccfc6d4b" outcome="Passed" testListId="b0d67efb-4459-46e2-b165-abd5f1eb0a86" />
    <UnitTestResult executionId="fe971542-7200-4054-9c81-fb1c3c0e239a" testId="fe911e98-e34f-4110-8490-903d218dbb40" testName="Test521" computerName="UA-LPT-OGA2" duration="00:00:00.9240000" startTime="2025-05-14T13:20:31.3146610Z" endTime="2025-05-14T13:25:31.3147553Z" testType="13cdc9d9-ddb5-4fa4-a97d-d965ccfc6d4b" outcome="Passed" testListId="b0d67efb-4459-46e2-b165-abd5f1eb0a86" />
    <UnitTestResult executionId="1383d106-8a4e-4b70-991d-db111e74d1cd" testId="694f354b-2521-4e6a-83f6-0e490602d23f" testName="Test522" computerName="UA-LPT-OGA2" duration="00:00:00.2230000" startTime="2025-05-14T13:20:31.3146610Z" endTime="2025-05-14T13:25:31.3147553Z" testType="13cdc9d9-ddb5-4fa4-a97d-d965ccfc6d4b" outcome="Passed" testListId="b0d67efb-4459-46e2-b165-abd5f1eb0a86" />
    <UnitTestResult executionId="4d61d0c7-9e07-4344-827c-eccb64571004" testId="0d65f0ad-0abe-4337-bc72-917f264c1785" testName="Test523" computerName="UA-LPT-OGA2" duration="00:00:01.4960000" startTime="2025-05-14T13:20:31.3146610Z" endTime="2025-05-14T13:25:31.3147553Z" testType="13cdc9d9-ddb5-4fa4-a97d-d965ccfc6d4b" outcome="Passed" testListId="b0d67efb-4459-46e2-b165-abd5f1eb0a86" />
    <UnitTestResult executionId="2e267a37-0d45-4097-9e60-c937bccd81f1" testId="a975da68-73d8-4b73-b354-9bb14bf652f0" testName="Test524" computerName="UA-LPT-OGA2" duration="00:00:01.7330000" startTime="2025-05-14T13:20:31.3146610Z" endTime="2025-05-14T13:25:31.3147553Z" testType="13cdc9d9-ddb5-4fa4-a97d-d965ccfc6d4b" outcome="Passed" testListId="b0d67efb-4459-46e2-b165-abd5f1eb0a86" />
    <UnitTestResult executionId="e1556602-b919-4103-9515-86e820508976" testId="481aa626-2eab-44d3-a508-e9ac53ead69e" testName="Test525" computerName="UA-LPT-OGA2" duration="00:00:00.1080000" startTime="2025-05-14T13:20:31.3146610Z" endTime="2025-05-14T13:25:31.3147553Z" testType="13cdc9d9-ddb5-4fa4-a97d-d965ccfc6d4b" outcome="Passed" testListId="b0d67efb-4459-46e2-b165-abd5f1eb0a86" />
    <UnitTestResult executionId="9609e12d-4577-40f1-93fb-fcf1fdb8676f" testId="462cab64-eb3a-4067-bf18-82c990ed54b4" testName="Test526" computerName="UA-LPT-OGA2" duration="00:00:01.6000000" startTime="2025-05-14T13:20:31.3146610Z" endTime="2025-05-14T13:25:31.3147553Z" testType="13cdc9d9-ddb5-4fa4-a97d-d965ccfc6d4b" outcome="Passed" testListId="b0d67efb-4459-46e2-b165-abd5f1eb0a86" />
    <UnitTestResult executionId="76ed0684-b662-4112-ba73-497d7e07a78f" testId="ed5581a4-8c64-47ca-920b-9d582797841b" testName="Test527" computerName="UA-LPT-OGA2" duration="00:00:00.7520000" startTime="2025-05-14T13:20:31.3146610Z" endTime="2025-05-14T13:25:31.3147553Z" testType="13cdc9d9-ddb5-4fa4-a97d-d965ccfc6d4b" outcome="Passed" testListId="b0d67efb-4459-46e2-b165-abd5f1eb0a86" />
    <UnitTestResult executionId="49d8df37-e6c1-4f3c-8dda-7f583b18ad69" testId="19dd716b-9cb1-42f8-81d8-2fc3ac852f10" testName="Test528" computerName="UA-LPT-OGA2" duration="00:00:01.1240000" startTime="2025-05-14T13:20:31.3146610Z" endTime="2025-05-14T13:25:31.3147553Z" testType="13cdc9d9-ddb5-4fa4-a97d-d965ccfc6d4b" outcome="Passed" testListId="b0d67efb-4459-46e2-b165-abd5f1eb0a86" />
    <UnitTestResult executionId="ec44927b-2c5d-4608-839c-da3269aac872" testId="b4279fef-9261-4cfd-9533-2cd104d9fc83" testName="Test529" computerName="UA-LPT-OGA2" duration="00:00:00.4980000" startTime="2025-05-14T13:20:31.3146610Z" endTime="2025-05-14T13:25:31.3147553Z" testType="13cdc9d9-ddb5-4fa4-a97d-d965ccfc6d4b" outcome="Passed" testListId="b0d67efb-4459-46e2-b165-abd5f1eb0a86" />
    <UnitTestResult executionId="74466e70-4c74-415d-a787-b36bfd5dc133" testId="eaa5c141-8877-4462-8214-9e22dd8cdbc8" testName="Test530" computerName="UA-LPT-OGA2" duration="00:00:01.7870000" startTime="2025-05-14T13:20:31.3146610Z" endTime="2025-05-14T13:25:31.3147553Z" testType="13cdc9d9-ddb5-4fa4-a97d-d965ccfc6d4b" outcome="Passed" testListId="b0d67efb-4459-46e2-b165-abd5f1eb0a86" />
    <UnitTestResult executionId="d6b4ac9d-b1ac-4f88-8888-e40abb4a82a8" testId="6e041d17-ebb6-428f-bf2e-b9bca442d8e3" testName="Test531" computerName="UA-LPT-OGA2" duration="00:00:00.1070000" startTime="2025-05-14T13:20:31.3146610Z" endTime="2025-05-14T13:25:31.3147553Z" testType="13cdc9d9-ddb5-4fa4-a97d-d965ccfc6d4b" outcome="Passed" testListId="b0d67efb-4459-46e2-b165-abd5f1eb0a86" />
    <UnitTestResult executionId="f75e4665-0ffa-4409-817b-2c0bf4fdefc2" testId="4783cdf1-f41b-41a6-b0a5-3fdb2d83018c" testName="Test532" computerName="UA-LPT-OGA2" duration="00:00:00.3680000" startTime="2025-05-14T13:20:31.3146610Z" endTime="2025-05-14T13:25:31.3147553Z" testType="13cdc9d9-ddb5-4fa4-a97d-d965ccfc6d4b" outcome="Passed" testListId="b0d67efb-4459-46e2-b165-abd5f1eb0a86" />
    <UnitTestResult executionId="f39749fa-4263-4be6-b3bf-ea9338503604" testId="cefe90aa-5006-46f8-9e3b-4ec9f61cd4b7" testName="Test533" computerName="UA-LPT-OGA2" duration="00:00:01.1790000" startTime="2025-05-14T13:20:31.3146610Z" endTime="2025-05-14T13:25:31.3147553Z" testType="13cdc9d9-ddb5-4fa4-a97d-d965ccfc6d4b" outcome="Passed" testListId="b0d67efb-4459-46e2-b165-abd5f1eb0a86" />
    <UnitTestResult executionId="266d7752-dcd3-4f0e-aeda-174b3d4d1ea2" testId="69f48d3d-db1d-4b8f-a982-f86ba897ec4f" testName="Test534" computerName="UA-LPT-OGA2" duration="00:00:00.1450000" startTime="2025-05-14T13:20:31.3146610Z" endTime="2025-05-14T13:25:31.3147553Z" testType="13cdc9d9-ddb5-4fa4-a97d-d965ccfc6d4b" outcome="Passed" testListId="b0d67efb-4459-46e2-b165-abd5f1eb0a86" />
    <UnitTestResult executionId="52a68864-4ba5-4634-ad11-7ad160d17a48" testId="7645a425-34db-4b85-a4f4-93be2557a179" testName="Test535" computerName="UA-LPT-OGA2" duration="00:00:00.4370000" startTime="2025-05-14T13:20:31.3146610Z" endTime="2025-05-14T13:25:31.3147553Z" testType="13cdc9d9-ddb5-4fa4-a97d-d965ccfc6d4b" outcome="Passed" testListId="b0d67efb-4459-46e2-b165-abd5f1eb0a86" />
    <UnitTestResult executionId="242f5208-22aa-41ea-a1b1-5e1622531e60" testId="572d41cc-a5c2-40ec-8d69-8bcac17f497d" testName="Test536" computerName="UA-LPT-OGA2" duration="00:00:01.3890000" startTime="2025-05-14T13:20:31.3146610Z" endTime="2025-05-14T13:25:31.3147553Z" testType="13cdc9d9-ddb5-4fa4-a97d-d965ccfc6d4b" outcome="Passed" testListId="b0d67efb-4459-46e2-b165-abd5f1eb0a86" />
    <UnitTestResult executionId="f37bde6a-9b43-4309-834e-4b5391dde891" testId="b600dc6e-665c-4334-98bd-de418100189f" testName="Test537" computerName="UA-LPT-OGA2" duration="00:00:00.3110000" startTime="2025-05-14T13:20:31.3146610Z" endTime="2025-05-14T13:25:31.3147553Z" testType="13cdc9d9-ddb5-4fa4-a97d-d965ccfc6d4b" outcome="Passed" testListId="b0d67efb-4459-46e2-b165-abd5f1eb0a86" />
    <UnitTestResult executionId="98155667-1454-4579-87a3-11b56ef57f1a" testId="5b08f9d2-e4f8-4307-a00a-9d9f256de03e" testName="Test538" computerName="UA-LPT-OGA2" duration="00:00:00.0650000" startTime="2025-05-14T13:20:31.3146610Z" endTime="2025-05-14T13:25:31.3147553Z" testType="13cdc9d9-ddb5-4fa4-a97d-d965ccfc6d4b" outcome="Passed" testListId="b0d67efb-4459-46e2-b165-abd5f1eb0a86" />
    <UnitTestResult executionId="43d2255f-48ec-4563-8367-ccb655be3f79" testId="3394ae19-22bb-4bb3-9386-6e87c57c0faa" testName="Test539" computerName="UA-LPT-OGA2" duration="00:00:01.1140000" startTime="2025-05-14T13:20:31.3146610Z" endTime="2025-05-14T13:25:31.3147553Z" testType="13cdc9d9-ddb5-4fa4-a97d-d965ccfc6d4b" outcome="Passed" testListId="b0d67efb-4459-46e2-b165-abd5f1eb0a86" />
    <UnitTestResult executionId="a4dbceba-a785-4b5a-a20f-5c91d27a9a84" testId="6efae327-c463-453b-a437-8f99e3bcefda" testName="Test540" computerName="UA-LPT-OGA2" duration="00:00:00.4100000" startTime="2025-05-14T13:20:31.3146610Z" endTime="2025-05-14T13:25:31.3147553Z" testType="13cdc9d9-ddb5-4fa4-a97d-d965ccfc6d4b" outcome="Passed" testListId="b0d67efb-4459-46e2-b165-abd5f1eb0a86" />
    <UnitTestResult executionId="ee375864-3082-4439-9751-d84fec705cb9" testId="e5a0a929-3a37-471f-b297-2af35d539b61" testName="Test541" computerName="UA-LPT-OGA2" duration="00:00:00.6420000" startTime="2025-05-14T13:20:31.3146610Z" endTime="2025-05-14T13:25:31.3147553Z" testType="13cdc9d9-ddb5-4fa4-a97d-d965ccfc6d4b" outcome="Failed" testListId="b0d67efb-4459-46e2-b165-abd5f1eb0a86">
      <Output>
        <ErrorInfo>
          <Message>Assertion failed: Expected value did not match actual value.</Message>
          <StackTrace>   at TestNamespace.TestClass.Test() in TestClass.cs:line 288</StackTrace>
        </ErrorInfo>
      </Output>
    </UnitTestResult>
    <UnitTestResult executionId="7ce868db-6516-475b-b30d-e4bc73ac6e41" testId="bf949093-1947-42e4-8cf8-200df66edb68" testName="Test542" computerName="UA-LPT-OGA2" duration="00:00:01.9540000" startTime="2025-05-14T13:20:31.3146610Z" endTime="2025-05-14T13:25:31.3147553Z" testType="13cdc9d9-ddb5-4fa4-a97d-d965ccfc6d4b" outcome="Passed" testListId="b0d67efb-4459-46e2-b165-abd5f1eb0a86" />
    <UnitTestResult executionId="add98d09-5e5f-4e9f-8b9a-d439a5b146e6" testId="ca5ae18a-2af1-4874-a506-cbc303fe2db4" testName="Test543" computerName="UA-LPT-OGA2" duration="00:00:00.1240000" startTime="2025-05-14T13:20:31.3146610Z" endTime="2025-05-14T13:25:31.3147553Z" testType="13cdc9d9-ddb5-4fa4-a97d-d965ccfc6d4b" outcome="Passed" testListId="b0d67efb-4459-46e2-b165-abd5f1eb0a86" />
    <UnitTestResult executionId="3d211b02-7f6a-4eda-90c0-93642289cc2c" testId="a99875b4-3b93-4dc3-aaf5-2e69eea11ea2" testName="Test544" computerName="UA-LPT-OGA2" duration="00:00:00.1670000" startTime="2025-05-14T13:20:31.3146610Z" endTime="2025-05-14T13:25:31.3147553Z" testType="13cdc9d9-ddb5-4fa4-a97d-d965ccfc6d4b" outcome="Passed" testListId="b0d67efb-4459-46e2-b165-abd5f1eb0a86" />
    <UnitTestResult executionId="e95180da-abcd-47fe-bab1-820538a5abae" testId="5d1b0a49-bdfc-4b17-bac7-9d702137bd92" testName="Test545" computerName="UA-LPT-OGA2" duration="00:00:01.3830000" startTime="2025-05-14T13:20:31.3146610Z" endTime="2025-05-14T13:25:31.3147553Z" testType="13cdc9d9-ddb5-4fa4-a97d-d965ccfc6d4b" outcome="Passed" testListId="b0d67efb-4459-46e2-b165-abd5f1eb0a86" />
    <UnitTestResult executionId="698171a2-2cfb-45fb-a526-3b99733ca584" testId="6c3aad22-cccf-437a-8f55-957bbfb0f9e4" testName="Test546" computerName="UA-LPT-OGA2" duration="00:00:00.7110000" startTime="2025-05-14T13:20:31.3146610Z" endTime="2025-05-14T13:25:31.3147553Z" testType="13cdc9d9-ddb5-4fa4-a97d-d965ccfc6d4b" outcome="Passed" testListId="b0d67efb-4459-46e2-b165-abd5f1eb0a86" />
    <UnitTestResult executionId="f3f99706-9f99-48e8-ae62-4b282a04be5c" testId="109fd759-b5fd-42a5-b05e-7938638a2482" testName="Test547" computerName="UA-LPT-OGA2" duration="00:00:01.4420000" startTime="2025-05-14T13:20:31.3146610Z" endTime="2025-05-14T13:25:31.3147553Z" testType="13cdc9d9-ddb5-4fa4-a97d-d965ccfc6d4b" outcome="Passed" testListId="b0d67efb-4459-46e2-b165-abd5f1eb0a86" />
    <UnitTestResult executionId="0c5d05bd-4ced-49e7-bbf7-04ac9aea2da2" testId="cbfb3f02-af58-4f00-bd92-f4171281e46d" testName="Test548" computerName="UA-LPT-OGA2" duration="00:00:00.6880000" startTime="2025-05-14T13:20:31.3146610Z" endTime="2025-05-14T13:25:31.3147553Z" testType="13cdc9d9-ddb5-4fa4-a97d-d965ccfc6d4b" outcome="Passed" testListId="b0d67efb-4459-46e2-b165-abd5f1eb0a86" />
    <UnitTestResult executionId="202eff7e-ea9a-4149-8e77-583d6498d775" testId="1010cd3d-6035-43a2-91cc-59801399147f" testName="Test549" computerName="UA-LPT-OGA2" duration="00:00:00.7350000" startTime="2025-05-14T13:20:31.3146610Z" endTime="2025-05-14T13:25:31.3147553Z" testType="13cdc9d9-ddb5-4fa4-a97d-d965ccfc6d4b" outcome="Passed" testListId="b0d67efb-4459-46e2-b165-abd5f1eb0a86" />
    <UnitTestResult executionId="91287ac3-169f-4592-a1f7-669bc5c420c0" testId="8752900b-d4e5-4f65-93ac-3db68ef222ad" testName="Test550" computerName="UA-LPT-OGA2" duration="00:00:01.0630000" startTime="2025-05-14T13:20:31.3146610Z" endTime="2025-05-14T13:25:31.3147553Z" testType="13cdc9d9-ddb5-4fa4-a97d-d965ccfc6d4b" outcome="Failed" testListId="b0d67efb-4459-46e2-b165-abd5f1eb0a86">
      <Output>
        <ErrorInfo>
          <Message>Assertion failed: Expected value did not match actual value.</Message>
          <StackTrace>   at TestNamespace.TestClass.Test() in TestClass.cs:line 67</StackTrace>
        </ErrorInfo>
      </Output>
    </UnitTestResult>
    <UnitTestResult executionId="5ccd0c41-ca72-4a4c-9b1c-02638dcf86a1" testId="e6daf6a6-af97-4d2a-97a4-75d134c68d87" testName="Test551" computerName="UA-LPT-OGA2" duration="00:00:00.0570000" startTime="2025-05-14T13:20:31.3146610Z" endTime="2025-05-14T13:25:31.3147553Z" testType="13cdc9d9-ddb5-4fa4-a97d-d965ccfc6d4b" outcome="Passed" testListId="b0d67efb-4459-46e2-b165-abd5f1eb0a86" />
    <UnitTestResult executionId="50abd4c4-4c56-4278-9bf9-972e3026360b" testId="ebf98a6a-0c39-467f-9158-a24d706d60c3" testName="Test552" computerName="UA-LPT-OGA2" duration="00:00:01.0440000" startTime="2025-05-14T13:20:31.3146610Z" endTime="2025-05-14T13:25:31.3147553Z" testType="13cdc9d9-ddb5-4fa4-a97d-d965ccfc6d4b" outcome="Passed" testListId="b0d67efb-4459-46e2-b165-abd5f1eb0a86" />
    <UnitTestResult executionId="8095569c-6abb-4496-a059-e571b32109b9" testId="3a658c3b-3b1d-40e0-b584-36700ec983e1" testName="Test553" computerName="UA-LPT-OGA2" duration="00:00:00.8070000" startTime="2025-05-14T13:20:31.3146610Z" endTime="2025-05-14T13:25:31.3147553Z" testType="13cdc9d9-ddb5-4fa4-a97d-d965ccfc6d4b" outcome="Passed" testListId="b0d67efb-4459-46e2-b165-abd5f1eb0a86" />
    <UnitTestResult executionId="6832b93e-7408-4902-9408-526cbeb58dcc" testId="6b3750c9-45c1-4e96-be3a-3e593b0d3784" testName="Test554" computerName="UA-LPT-OGA2" duration="00:00:01.9870000" startTime="2025-05-14T13:20:31.3146610Z" endTime="2025-05-14T13:25:31.3147553Z" testType="13cdc9d9-ddb5-4fa4-a97d-d965ccfc6d4b" outcome="Passed" testListId="b0d67efb-4459-46e2-b165-abd5f1eb0a86" />
    <UnitTestResult executionId="ce2b9e14-9334-4214-ba52-550d996c256f" testId="bec51a2d-1fe9-4dfd-b6b5-456195252531" testName="Test555" computerName="UA-LPT-OGA2" duration="00:00:01.3030000" startTime="2025-05-14T13:20:31.3146610Z" endTime="2025-05-14T13:25:31.3147553Z" testType="13cdc9d9-ddb5-4fa4-a97d-d965ccfc6d4b" outcome="Inconclusive" testListId="b0d67efb-4459-46e2-b165-abd5f1eb0a86" />
    <UnitTestResult executionId="56efb5f7-8830-4b9a-a67e-6faaf9997a92" testId="0124ab14-a6b6-4238-ac19-f04d99d39b13" testName="Test556" computerName="UA-LPT-OGA2" duration="00:00:00.8100000" startTime="2025-05-14T13:20:31.3146610Z" endTime="2025-05-14T13:25:31.3147553Z" testType="13cdc9d9-ddb5-4fa4-a97d-d965ccfc6d4b" outcome="Passed" testListId="b0d67efb-4459-46e2-b165-abd5f1eb0a86" />
    <UnitTestResult executionId="6153ae38-b570-4a1a-a397-a224aa8374df" testId="30d58e97-f4a7-49bf-9015-899445a3728c" testName="Test557" computerName="UA-LPT-OGA2" duration="00:00:00.6670000" startTime="2025-05-14T13:20:31.3146610Z" endTime="2025-05-14T13:25:31.3147553Z" testType="13cdc9d9-ddb5-4fa4-a97d-d965ccfc6d4b" outcome="Passed" testListId="b0d67efb-4459-46e2-b165-abd5f1eb0a86" />
    <UnitTestResult executionId="02cfdadf-24f6-426b-b97d-da9926c12027" testId="dcc0a607-f19d-45f4-9db5-15214ae50358" testName="Test558" computerName="UA-LPT-OGA2" duration="00:00:00.5230000" startTime="2025-05-14T13:20:31.3146610Z" endTime="2025-05-14T13:25:31.3147553Z" testType="13cdc9d9-ddb5-4fa4-a97d-d965ccfc6d4b" outcome="Passed" testListId="b0d67efb-4459-46e2-b165-abd5f1eb0a86" />
    <UnitTestResult executionId="c48ee7f9-ea9b-4837-b7d8-db49277bcb2c" testId="3065a874-4ebe-467c-8c20-d21e461745b4" testName="Test559" computerName="UA-LPT-OGA2" duration="00:00:01.8970000" startTime="2025-05-14T13:20:31.3146610Z" endTime="2025-05-14T13:25:31.3147553Z" testType="13cdc9d9-ddb5-4fa4-a97d-d965ccfc6d4b" outcome="Passed" testListId="b0d67efb-4459-46e2-b165-abd5f1eb0a86" />
    <UnitTestResult executionId="a083a0f9-2825-4162-a045-03b1d953d0fa" testId="f7b38278-f36f-47e9-ba90-6162d8b53398" testName="Test560" computerName="UA-LPT-OGA2" duration="00:00:00.6610000" startTime="2025-05-14T13:20:31.3146610Z" endTime="2025-05-14T13:25:31.3147553Z" testType="13cdc9d9-ddb5-4fa4-a97d-d965ccfc6d4b" outcome="Passed" testListId="b0d67efb-4459-46e2-b165-abd5f1eb0a86" />
    <UnitTestResult executionId="3c677b38-0f8f-44d7-b006-92c75d060689" testId="b85e978b-066e-45ef-8338-da211dec31ce" testName="Test561" computerName="UA-LPT-OGA2" duration="00:00:00.5460000" startTime="2025-05-14T13:20:31.3146610Z" endTime="2025-05-14T13:25:31.3147553Z" testType="13cdc9d9-ddb5-4fa4-a97d-d965ccfc6d4b" outcome="Passed" testListId="b0d67efb-4459-46e2-b165-abd5f1eb0a86" />
    <UnitTestResult executionId="08e4fa80-f871-4601-b4b7-0b792252bebd" testId="5a5baf74-61b4-48c2-b205-3b56ab78bdab" testName="Test562" computerName="UA-LPT-OGA2" duration="00:00:00.1980000" startTime="2025-05-14T13:20:31.3146610Z" endTime="2025-05-14T13:25:31.3147553Z" testType="13cdc9d9-ddb5-4fa4-a97d-d965ccfc6d4b" outcome="Passed" testListId="b0d67efb-4459-46e2-b165-abd5f1eb0a86" />
    <UnitTestResult executionId="1984fdf8-cc2a-41d1-b3ff-7ad3c5146cdd" testId="0f5e2d0c-8d87-4ef8-8472-7a106f1f1329" testName="Test563" computerName="UA-LPT-OGA2" duration="00:00:01.5730000" startTime="2025-05-14T13:20:31.3146610Z" endTime="2025-05-14T13:25:31.3147553Z" testType="13cdc9d9-ddb5-4fa4-a97d-d965ccfc6d4b" outcome="Passed" testListId="b0d67efb-4459-46e2-b165-abd5f1eb0a86" />
    <UnitTestResult executionId="14cd86ae-6e93-40d2-aaca-123f56fc8dc3" testId="32a04048-1fdf-40c4-94fe-41427b464e4f" testName="Test564" computerName="UA-LPT-OGA2" duration="00:00:00.9980000" startTime="2025-05-14T13:20:31.3146610Z" endTime="2025-05-14T13:25:31.3147553Z" testType="13cdc9d9-ddb5-4fa4-a97d-d965ccfc6d4b" outcome="Passed" testListId="b0d67efb-4459-46e2-b165-abd5f1eb0a86" />
    <UnitTestResult executionId="a9b6f0e6-6e2b-4db9-b515-8c540dd19d8a" testId="17c660b1-6118-44bc-81d5-e4d24d6d163f" testName="Test565" computerName="UA-LPT-OGA2" duration="00:00:00.1470000" startTime="2025-05-14T13:20:31.3146610Z" endTime="2025-05-14T13:25:31.3147553Z" testType="13cdc9d9-ddb5-4fa4-a97d-d965ccfc6d4b" outcome="Passed" testListId="b0d67efb-4459-46e2-b165-abd5f1eb0a86" />
    <UnitTestResult executionId="ca5ffbf1-b2dc-4bc1-a092-3191eb2fc54e" testId="7ae4233e-0138-4ea9-a392-d3e171983fd9" testName="Test566" computerName="UA-LPT-OGA2" duration="00:00:01.7120000" startTime="2025-05-14T13:20:31.3146610Z" endTime="2025-05-14T13:25:31.3147553Z" testType="13cdc9d9-ddb5-4fa4-a97d-d965ccfc6d4b" outcome="Failed" testListId="b0d67efb-4459-46e2-b165-abd5f1eb0a86">
      <Output>
        <ErrorInfo>
          <Message>Assertion failed: Expected value did not match actual value.</Message>
          <StackTrace>   at TestNamespace.TestClass.Test() in TestClass.cs:line 356</StackTrace>
        </ErrorInfo>
      </Output>
    </UnitTestResult>
    <UnitTestResult executionId="2693eb7a-19bc-4147-9af4-cbc2a18f796f" testId="92261d27-fbc0-4450-a319-d8ac240a7ab4" testName="Test567" computerName="UA-LPT-OGA2" duration="00:00:01.2710000" startTime="2025-05-14T13:20:31.3146610Z" endTime="2025-05-14T13:25:31.3147553Z" testType="13cdc9d9-ddb5-4fa4-a97d-d965ccfc6d4b" outcome="Passed" testListId="b0d67efb-4459-46e2-b165-abd5f1eb0a86" />
    <UnitTestResult executionId="83413e7e-33aa-4a59-9cdb-65d0935f5459" testId="8302aa13-d01c-4103-be4c-cd513a3fad81" testName="Test568" computerName="UA-LPT-OGA2" duration="00:00:01.3190000" startTime="2025-05-14T13:20:31.3146610Z" endTime="2025-05-14T13:25:31.3147553Z" testType="13cdc9d9-ddb5-4fa4-a97d-d965ccfc6d4b" outcome="Passed" testListId="b0d67efb-4459-46e2-b165-abd5f1eb0a86" />
    <UnitTestResult executionId="7bcef5c3-96ef-4136-8a2d-4deb6bbbe57c" testId="037b3142-fa06-452b-a240-eb43cd9e7a30" testName="Test569" computerName="UA-LPT-OGA2" duration="00:00:01.7860000" startTime="2025-05-14T13:20:31.3146610Z" endTime="2025-05-14T13:25:31.3147553Z" testType="13cdc9d9-ddb5-4fa4-a97d-d965ccfc6d4b" outcome="Passed" testListId="b0d67efb-4459-46e2-b165-abd5f1eb0a86" />
    <UnitTestResult executionId="ea27c8b8-505d-4c1a-afd0-43b1e689cd70" testId="4e5fa70e-4811-4cec-a493-5ad580a37d84" testName="Test570" computerName="UA-LPT-OGA2" duration="00:00:01.4360000" startTime="2025-05-14T13:20:31.3146610Z" endTime="2025-05-14T13:25:31.3147553Z" testType="13cdc9d9-ddb5-4fa4-a97d-d965ccfc6d4b" outcome="Passed" testListId="b0d67efb-4459-46e2-b165-abd5f1eb0a86" />
    <UnitTestResult executionId="48701e9b-3e3f-4a67-833a-8d1743321cb7" testId="eb8adbc9-7531-425b-8620-61ee14141b8b" testName="Test571" computerName="UA-LPT-OGA2" duration="00:00:00.6910000" startTime="2025-05-14T13:20:31.3146610Z" endTime="2025-05-14T13:25:31.3147553Z" testType="13cdc9d9-ddb5-4fa4-a97d-d965ccfc6d4b" outcome="Passed" testListId="b0d67efb-4459-46e2-b165-abd5f1eb0a86" />
    <UnitTestResult executionId="aaa3e011-7a23-44de-b3d1-3957c3485d5e" testId="40f3fbe6-7737-4164-ba59-6e2ecb1cd175" testName="Test572" computerName="UA-LPT-OGA2" duration="00:00:00.6060000" startTime="2025-05-14T13:20:31.3146610Z" endTime="2025-05-14T13:25:31.3147553Z" testType="13cdc9d9-ddb5-4fa4-a97d-d965ccfc6d4b" outcome="Passed" testListId="b0d67efb-4459-46e2-b165-abd5f1eb0a86" />
    <UnitTestResult executionId="93f2fb4d-378f-4bc9-b3c6-e411b72c27e9" testId="c3308762-74de-41fe-9247-38e8855216ad" testName="Test573" computerName="UA-LPT-OGA2" duration="00:00:01.7650000" startTime="2025-05-14T13:20:31.3146610Z" endTime="2025-05-14T13:25:31.3147553Z" testType="13cdc9d9-ddb5-4fa4-a97d-d965ccfc6d4b" outcome="Passed" testListId="b0d67efb-4459-46e2-b165-abd5f1eb0a86" />
    <UnitTestResult executionId="a5867e2e-1681-485c-be04-d215757a6415" testId="c452495b-47ec-4a5e-953d-8df69216a560" testName="Test574" computerName="UA-LPT-OGA2" duration="00:00:00.6290000" startTime="2025-05-14T13:20:31.3146610Z" endTime="2025-05-14T13:25:31.3147553Z" testType="13cdc9d9-ddb5-4fa4-a97d-d965ccfc6d4b" outcome="Passed" testListId="b0d67efb-4459-46e2-b165-abd5f1eb0a86" />
    <UnitTestResult executionId="e7346be8-c4c2-4293-aa97-58e7062bb7a7" testId="098ae4be-9be0-47c7-8b15-f9a81bb8203e" testName="Test575" computerName="UA-LPT-OGA2" duration="00:00:00.0150000" startTime="2025-05-14T13:20:31.3146610Z" endTime="2025-05-14T13:25:31.3147553Z" testType="13cdc9d9-ddb5-4fa4-a97d-d965ccfc6d4b" outcome="Passed" testListId="b0d67efb-4459-46e2-b165-abd5f1eb0a86" />
    <UnitTestResult executionId="2d328ba4-4a05-4e92-960a-afdcea50e5f0" testId="87ff58fa-2952-4591-b958-342261d25c11" testName="Test576" computerName="UA-LPT-OGA2" duration="00:00:01.8020000" startTime="2025-05-14T13:20:31.3146610Z" endTime="2025-05-14T13:25:31.3147553Z" testType="13cdc9d9-ddb5-4fa4-a97d-d965ccfc6d4b" outcome="Passed" testListId="b0d67efb-4459-46e2-b165-abd5f1eb0a86" />
    <UnitTestResult executionId="300c6825-45a4-4c51-a94e-42f313074274" testId="3c94d055-9010-458c-b214-db0bd078312e" testName="Test577" computerName="UA-LPT-OGA2" duration="00:00:00.9540000" startTime="2025-05-14T13:20:31.3146610Z" endTime="2025-05-14T13:25:31.3147553Z" testType="13cdc9d9-ddb5-4fa4-a97d-d965ccfc6d4b" outcome="Passed" testListId="b0d67efb-4459-46e2-b165-abd5f1eb0a86" />
    <UnitTestResult executionId="b8a5e9bd-8bee-4379-ac82-608bd95d1481" testId="a6bfae63-70ee-47ba-bf68-cb7b6fe95e56" testName="Test578" computerName="UA-LPT-OGA2" duration="00:00:01.7310000" startTime="2025-05-14T13:20:31.3146610Z" endTime="2025-05-14T13:25:31.3147553Z" testType="13cdc9d9-ddb5-4fa4-a97d-d965ccfc6d4b" outcome="Passed" testListId="b0d67efb-4459-46e2-b165-abd5f1eb0a86" />
    <UnitTestResult executionId="0ce151d5-a0ff-4283-913b-bb57435b33fa" testId="9e68b966-8d54-4f36-ac08-3b31d0b1b580" testName="Test579" computerName="UA-LPT-OGA2" duration="00:00:01.7060000" startTime="2025-05-14T13:20:31.3146610Z" endTime="2025-05-14T13:25:31.3147553Z" testType="13cdc9d9-ddb5-4fa4-a97d-d965ccfc6d4b" outcome="Failed" testListId="b0d67efb-4459-46e2-b165-abd5f1eb0a86">
      <Output>
        <ErrorInfo>
          <Message>Assertion failed: Expected value did not match actual value.</Message>
          <StackTrace>   at TestNamespace.TestClass.Test() in TestClass.cs:line 89</StackTrace>
        </ErrorInfo>
      </Output>
    </UnitTestResult>
    <UnitTestResult executionId="efe8c40c-1bb6-415a-b155-b5fa2670a284" testId="c8cf7229-8e10-48b9-8732-751b3472192b" testName="Test580" computerName="UA-LPT-OGA2" duration="00:00:01.9380000" startTime="2025-05-14T13:20:31.3146610Z" endTime="2025-05-14T13:25:31.3147553Z" testType="13cdc9d9-ddb5-4fa4-a97d-d965ccfc6d4b" outcome="Passed" testListId="b0d67efb-4459-46e2-b165-abd5f1eb0a86" />
    <UnitTestResult executionId="9538fc90-b828-4f86-96c9-66f9a428cd6a" testId="03cbfa5f-f76f-4440-8267-381db87d033a" testName="Test581" computerName="UA-LPT-OGA2" duration="00:00:00.4450000" startTime="2025-05-14T13:20:31.3146610Z" endTime="2025-05-14T13:25:31.3147553Z" testType="13cdc9d9-ddb5-4fa4-a97d-d965ccfc6d4b" outcome="Passed" testListId="b0d67efb-4459-46e2-b165-abd5f1eb0a86" />
    <UnitTestResult executionId="bd7c3747-8820-445e-b1d5-12055634706d" testId="8bc341b8-1088-43cd-a9d3-c550f740a753" testName="Test582" computerName="UA-LPT-OGA2" duration="00:00:01.8490000" startTime="2025-05-14T13:20:31.3146610Z" endTime="2025-05-14T13:25:31.3147553Z" testType="13cdc9d9-ddb5-4fa4-a97d-d965ccfc6d4b" outcome="Passed" testListId="b0d67efb-4459-46e2-b165-abd5f1eb0a86" />
    <UnitTestResult executionId="8bed2012-ae23-4112-87e8-030bf879b536" testId="ce3aa082-2225-467a-af16-ae9c0ea31af1" testName="Test583" computerName="UA-LPT-OGA2" duration="00:00:00.0230000" startTime="2025-05-14T13:20:31.3146610Z" endTime="2025-05-14T13:25:31.3147553Z" testType="13cdc9d9-ddb5-4fa4-a97d-d965ccfc6d4b" outcome="Passed" testListId="b0d67efb-4459-46e2-b165-abd5f1eb0a86" />
    <UnitTestResult executionId="3b74f55a-62e9-43f3-8529-5c2b362420d3" testId="74d7da45-3b09-4e1e-9328-37ba99921da3" testName="Test584" computerName="UA-LPT-OGA2" duration="00:00:01.1780000" startTime="2025-05-14T13:20:31.3146610Z" endTime="2025-05-14T13:25:31.3147553Z" testType="13cdc9d9-ddb5-4fa4-a97d-d965ccfc6d4b" outcome="Passed" testListId="b0d67efb-4459-46e2-b165-abd5f1eb0a86" />
    <UnitTestResult executionId="b3bdb5f4-e042-4b59-9466-2e9e7dd06206" testId="682a0143-c0b3-4328-a5e4-6f1843fa4db2" testName="Test585" computerName="UA-LPT-OGA2" duration="00:00:01.5590000" startTime="2025-05-14T13:20:31.3146610Z" endTime="2025-05-14T13:25:31.3147553Z" testType="13cdc9d9-ddb5-4fa4-a97d-d965ccfc6d4b" outcome="Passed" testListId="b0d67efb-4459-46e2-b165-abd5f1eb0a86" />
    <UnitTestResult executionId="8f92c256-abe4-4fed-8efd-7ae90f637078" testId="99a8d06b-69ae-431a-80fd-c064eb72bede" testName="Test586" computerName="UA-LPT-OGA2" duration="00:00:00.4370000" startTime="2025-05-14T13:20:31.3146610Z" endTime="2025-05-14T13:25:31.3147553Z" testType="13cdc9d9-ddb5-4fa4-a97d-d965ccfc6d4b" outcome="Passed" testListId="b0d67efb-4459-46e2-b165-abd5f1eb0a86" />
    <UnitTestResult executionId="8fd8a048-0ba0-4d45-b757-e9298c85ee30" testId="c95dc5e7-3744-4c5c-8282-bbbdfbf0d7bd" testName="Test587" computerName="UA-LPT-OGA2" duration="00:00:00.2530000" startTime="2025-05-14T13:20:31.3146610Z" endTime="2025-05-14T13:25:31.3147553Z" testType="13cdc9d9-ddb5-4fa4-a97d-d965ccfc6d4b" outcome="Passed" testListId="b0d67efb-4459-46e2-b165-abd5f1eb0a86" />
    <UnitTestResult executionId="e3584af7-f799-4a5d-8dbf-7cddbea7e680" testId="49bca13e-512d-458c-a82d-59c1d8ffe362" testName="Test588" computerName="UA-LPT-OGA2" duration="00:00:00.8590000" startTime="2025-05-14T13:20:31.3146610Z" endTime="2025-05-14T13:25:31.3147553Z" testType="13cdc9d9-ddb5-4fa4-a97d-d965ccfc6d4b" outcome="Passed" testListId="b0d67efb-4459-46e2-b165-abd5f1eb0a86" />
    <UnitTestResult executionId="0f75f944-3e59-4211-8330-d1b17057b719" testId="5b88c50a-9e16-4c7f-a352-e0415ed0cf45" testName="Test589" computerName="UA-LPT-OGA2" duration="00:00:00.1290000" startTime="2025-05-14T13:20:31.3146610Z" endTime="2025-05-14T13:25:31.3147553Z" testType="13cdc9d9-ddb5-4fa4-a97d-d965ccfc6d4b" outcome="Passed" testListId="b0d67efb-4459-46e2-b165-abd5f1eb0a86" />
    <UnitTestResult executionId="27fe8d40-c414-4c83-b9f0-4387b94c7bb0" testId="0ec96ac4-2726-4521-a7ba-ffeab6a696c3" testName="Test590" computerName="UA-LPT-OGA2" duration="00:00:00.9720000" startTime="2025-05-14T13:20:31.3146610Z" endTime="2025-05-14T13:25:31.3147553Z" testType="13cdc9d9-ddb5-4fa4-a97d-d965ccfc6d4b" outcome="Failed" testListId="b0d67efb-4459-46e2-b165-abd5f1eb0a86">
      <Output>
        <ErrorInfo>
          <Message>Assertion failed: Expected value did not match actual value.</Message>
          <StackTrace>   at TestNamespace.TestClass.Test() in TestClass.cs:line 99</StackTrace>
        </ErrorInfo>
      </Output>
    </UnitTestResult>
    <UnitTestResult executionId="0528254c-2f7b-4f3e-b2d8-f65a74e5c778" testId="44dd4746-50a0-4a05-b048-bf8aba8c36f0" testName="Test591" computerName="UA-LPT-OGA2" duration="00:00:01.3720000" startTime="2025-05-14T13:20:31.3146610Z" endTime="2025-05-14T13:25:31.3147553Z" testType="13cdc9d9-ddb5-4fa4-a97d-d965ccfc6d4b" outcome="Passed" testListId="b0d67efb-4459-46e2-b165-abd5f1eb0a86" />
    <UnitTestResult executionId="d3f917ed-9b22-485e-898e-ee85f86f77a7" testId="95ee2ffc-fde4-4349-a887-88657b6ba9b0" testName="Test592" computerName="UA-LPT-OGA2" duration="00:00:01.7960000" startTime="2025-05-14T13:20:31.3146610Z" endTime="2025-05-14T13:25:31.3147553Z" testType="13cdc9d9-ddb5-4fa4-a97d-d965ccfc6d4b" outcome="Passed" testListId="b0d67efb-4459-46e2-b165-abd5f1eb0a86" />
    <UnitTestResult executionId="860c94b0-fdc5-4b6c-bcae-28ddcdba3534" testId="c4927523-faeb-47d5-a7f7-2908b445da87" testName="Test593" computerName="UA-LPT-OGA2" duration="00:00:00.7740000" startTime="2025-05-14T13:20:31.3146610Z" endTime="2025-05-14T13:25:31.3147553Z" testType="13cdc9d9-ddb5-4fa4-a97d-d965ccfc6d4b" outcome="Passed" testListId="b0d67efb-4459-46e2-b165-abd5f1eb0a86" />
    <UnitTestResult executionId="45bf46da-9a71-4114-8b2b-bc864d268a9a" testId="7fc2e834-ab68-4206-b152-04348d89738e" testName="Test594" computerName="UA-LPT-OGA2" duration="00:00:00.7070000" startTime="2025-05-14T13:20:31.3146610Z" endTime="2025-05-14T13:25:31.3147553Z" testType="13cdc9d9-ddb5-4fa4-a97d-d965ccfc6d4b" outcome="Passed" testListId="b0d67efb-4459-46e2-b165-abd5f1eb0a86" />
    <UnitTestResult executionId="e2c0476e-3d8f-42d0-a69c-26ba5c85913d" testId="7ace43b4-b487-473c-86e7-765b2a6261c6" testName="Test595" computerName="UA-LPT-OGA2" duration="00:00:00.9970000" startTime="2025-05-14T13:20:31.3146610Z" endTime="2025-05-14T13:25:31.3147553Z" testType="13cdc9d9-ddb5-4fa4-a97d-d965ccfc6d4b" outcome="Passed" testListId="b0d67efb-4459-46e2-b165-abd5f1eb0a86" />
    <UnitTestResult executionId="a962cade-ec57-429c-a521-9eac413351f3" testId="19477587-70bf-4f48-9c0d-90fca05830bb" testName="Test596" computerName="UA-LPT-OGA2" duration="00:00:01.9420000" startTime="2025-05-14T13:20:31.3146610Z" endTime="2025-05-14T13:25:31.3147553Z" testType="13cdc9d9-ddb5-4fa4-a97d-d965ccfc6d4b" outcome="Passed" testListId="b0d67efb-4459-46e2-b165-abd5f1eb0a86" />
    <UnitTestResult executionId="0a0e2731-cbad-4d3e-9a1a-cf21fa23617f" testId="40a73ca4-b70e-4a4f-b061-81bdd9291f30" testName="Test597" computerName="UA-LPT-OGA2" duration="00:00:00.3430000" startTime="2025-05-14T13:20:31.3146610Z" endTime="2025-05-14T13:25:31.3147553Z" testType="13cdc9d9-ddb5-4fa4-a97d-d965ccfc6d4b" outcome="Passed" testListId="b0d67efb-4459-46e2-b165-abd5f1eb0a86" />
    <UnitTestResult executionId="47fa27d7-2258-4a41-8cd0-10c80e5f7bd9" testId="680117e5-527c-4333-a431-80c166c7949d" testName="Test598" computerName="UA-LPT-OGA2" duration="00:00:00.1840000" startTime="2025-05-14T13:20:31.3146610Z" endTime="2025-05-14T13:25:31.3147553Z" testType="13cdc9d9-ddb5-4fa4-a97d-d965ccfc6d4b" outcome="Passed" testListId="b0d67efb-4459-46e2-b165-abd5f1eb0a86" />
    <UnitTestResult executionId="8e8672ca-973f-49a9-b560-9f40ef1163af" testId="d34b0e95-1e95-4430-81ad-740545f7d578" testName="Test599" computerName="UA-LPT-OGA2" duration="00:00:01.2080000" startTime="2025-05-14T13:20:31.3146610Z" endTime="2025-05-14T13:25:31.3147553Z" testType="13cdc9d9-ddb5-4fa4-a97d-d965ccfc6d4b" outcome="Passed" testListId="b0d67efb-4459-46e2-b165-abd5f1eb0a86" />
    <UnitTestResult executionId="2da3a8d1-0d71-4f33-bb70-50dc75055de3" testId="aa7474f3-e1d3-414e-af3a-685a2be1fd53" testName="Test600" computerName="UA-LPT-OGA2" duration="00:00:01.5160000" startTime="2025-05-14T13:20:31.3146610Z" endTime="2025-05-14T13:25:31.3147553Z" testType="13cdc9d9-ddb5-4fa4-a97d-d965ccfc6d4b" outcome="Passed" testListId="b0d67efb-4459-46e2-b165-abd5f1eb0a86" />
  </Results>
  <TestDefinitions>
    <UnitTest name="Test501" id="5c75c603-b610-4f12-9c9f-54828dcc1dd7" storage="TestAssembly.dll">
      <Execution id="581a4b91-1749-4335-b9d1-cd86c5fee6e2" />
      <TestMethod codeBase="TestAssembly.dll" className="TestNamespace.TestClass1" name="Test501" />
    </UnitTest>
    <UnitTest name="Test502" id="15c54dc4-f281-4ad2-8269-b59ca11fc7da" storage="TestAssembly.dll">
      <Execution id="3d0e6f61-b7e1-472a-b3df-6bfc8bf72f73" />
      <TestMethod codeBase="TestAssembly.dll" className="TestNamespace.TestClass1" name="Test502" />
    </UnitTest>
    <UnitTest name="Test503" id="8b444241-fb5d-40c9-a893-746c96f69461" storage="TestAssembly.dll">
      <Execution id="b468ee4c-8ab7-4a0b-a525-626599856625" />
      <TestMethod codeBase="TestAssembly.dll" className="TestNamespace.TestClass1" name="Test503" />
    </UnitTest>
    <UnitTest name="Test504" id="2b718a92-a9d8-477c-a89d-b2241323967e" storage="TestAssembly.dll">
      <Execution id="a4e65e23-e4f1-4fa7-a7b8-cbc308c9167d" />
      <TestMethod codeBase="TestAssembly.dll" className="TestNamespace.TestClass1" name="Test504" />
    </UnitTest>
    <UnitTest name="Test505" id="c6d507d9-9cfb-46a9-8b95-1afaa202a14b" storage="TestAssembly.dll">
      <Execution id="103ea929-952b-497c-9c4b-ccfd9a385d30" />
      <TestMethod codeBase="TestAssembly.dll" className="TestNamespace.TestClass1" name="Test505" />
    </UnitTest>
    <UnitTest name="Test506" id="41c1d221-e6c7-4131-b993-6393cd16175c" storage="TestAssembly.dll">
      <Execution id="8660a1ee-c117-4671-a496-46de13178b69" />
      <TestMethod codeBase="TestAssembly.dll" className="TestNamespace.TestClass1" name="Test506" />
    </UnitTest>
    <UnitTest name="Test507" id="0d6000e0-7551-4d80-9964-70542b5ca453" storage="TestAssembly.dll">
      <Execution id="0c04e3df-613e-40a4-8501-21a84ffeb53c" />
      <TestMethod codeBase="TestAssembly.dll" className="TestNamespace.TestClass1" name="Test507" />
    </UnitTest>
    <UnitTest name="Test508" id="4cc03897-2bdb-419a-bd22-f15e06f17dc8" storage="TestAssembly.dll">
      <Execution id="67539f52-f481-4b7c-b760-66c50ee522f5" />
      <TestMethod codeBase="TestAssembly.dll" className="TestNamespace.TestClass1" name="Test508" />
    </UnitTest>
    <UnitTest name="Test509" id="7377950c-ce8c-4921-b405-c2eb7519f3ba" storage="TestAssembly.dll">
      <Execution id="4712f127-a9cf-4b69-b4b0-fe3f61df3aa5" />
      <TestMethod codeBase="TestAssembly.dll" className="TestNamespace.TestClass1" name="Test509" />
    </UnitTest>
    <UnitTest name="Test510" id="70ffed71-0856-4939-9e59-0a574bd898bf" storage="TestAssembly.dll">
      <Execution id="989af325-d5a6-4c0d-ad42-9822165a2b78" />
      <TestMethod codeBase="TestAssembly.dll" className="TestNamespace.TestClass1" name="Test510" />
    </UnitTest>
    <UnitTest name="Test511" id="9f7e03f5-84f8-4e83-8b74-378b1b242aa3" storage="TestAssembly.dll">
      <Execution id="7a7aa024-bf52-4e64-aa98-ac48f82ae144" />
      <TestMethod codeBase="TestAssembly.dll" className="TestNamespace.TestClass2" name="Test511" />
    </UnitTest>
    <UnitTest name="Test512" id="a03f38b0-6666-406a-a323-cbe051eecaa6" storage="TestAssembly.dll">
      <Execution id="e4861997-a491-4679-9020-608c912064c5" />
      <TestMethod codeBase="TestAssembly.dll" className="TestNamespace.TestClass2" name="Test512" />
    </UnitTest>
    <UnitTest name="Test513" id="4c474798-ebb8-4f2e-9048-3e184ff9b628" storage="TestAssembly.dll">
      <Execution id="b1ef0ce9-6367-4743-8a9f-af723b981795" />
      <TestMethod codeBase="TestAssembly.dll" className="TestNamespace.TestClass2" name="Test513" />
    </UnitTest>
    <UnitTest name="Test514" id="092c7c1a-9b9b-4bd4-abbe-5e6da0d6209f" storage="TestAssembly.dll">
      <Execution id="60ac9dd4-f280-453f-b355-76a614585a18" />
      <TestMethod codeBase="TestAssembly.dll" className="TestNamespace.TestClass2" name="Test514" />
    </UnitTest>
    <UnitTest name="Test515" id="678e251f-e5b3-449c-be7b-6a43fdfadedd" storage="TestAssembly.dll">
      <Execution id="d6fd2b3a-5414-4b61-a01a-63c28b04e429" />
      <TestMethod codeBase="TestAssembly.dll" className="TestNamespace.TestClass2" name="Test515" />
    </UnitTest>
    <UnitTest name="Test516" id="28d66023-e0b5-45c9-9bf6-55c5cc68c482" storage="TestAssembly.dll">
      <Execution id="ae9a093a-61c5-4f0d-9495-67741f6485d1" />
      <TestMethod codeBase="TestAssembly.dll" className="TestNamespace.TestClass2" name="Test516" />
    </UnitTest>
    <UnitTest name="Test517" id="ecc989cd-119a-4150-8979-2fff1f5b6b73" storage="TestAssembly.dll">
      <Execution id="0ce59d0e-ac33-4c31-847b-fa089cef2e45" />
      <TestMethod codeBase="TestAssembly.dll" className="TestNamespace.TestClass2" name="Test517" />
    </UnitTest>
    <UnitTest name="Test518" id="d4ff1ea8-5ab6-4c21-b8ce-151d4fcd3798" storage="TestAssembly.dll">
      <Execution id="dd1d82b4-a64d-4f63-90cf-06332cedd44e" />
      <TestMethod codeBase="TestAssembly.dll" className="TestNamespace.TestClass2" name="Test518" />
    </UnitTest>
    <UnitTest name="Test519" id="3a262a01-b741-4746-a182-848e29da327e" storage="TestAssembly.dll">
      <Execution id="6d43e018-3872-4a43-9217-1a381c23ffbd" />
      <TestMethod codeBase="TestAssembly.dll" className="TestNamespace.TestClass2" name="Test519" />
    </UnitTest>
    <UnitTest name="Test520" id="c2444d58-c9ad-4299-813f-e88d90bb5428" storage="TestAssembly.dll">
      <Execution id="def46cc7-6bd7-4e44-8a10-d68fc5ee2a39" />
      <TestMethod codeBase="TestAssembly.dll" className="TestNamespace.TestClass2" name="Test520" />
    </UnitTest>
    <UnitTest name="Test521" id="fe911e98-e34f-4110-8490-903d218dbb40" storage="TestAssembly.dll">
      <Execution id="fe971542-7200-4054-9c81-fb1c3c0e239a" />
      <TestMethod codeBase="TestAssembly.dll" className="TestNamespace.TestClass3" name="Test521" />
    </UnitTest>
    <UnitTest name="Test522" id="694f354b-2521-4e6a-83f6-0e490602d23f" storage="TestAssembly.dll">
      <Execution id="1383d106-8a4e-4b70-991d-db111e74d1cd" />
      <TestMethod codeBase="TestAssembly.dll" className="TestNamespace.TestClass3" name="Test522" />
    </UnitTest>
    <UnitTest name="Test523" id="0d65f0ad-0abe-4337-bc72-917f264c1785" storage="TestAssembly.dll">
      <Execution id="4d61d0c7-9e07-4344-827c-eccb64571004" />
      <TestMethod codeBase="TestAssembly.dll" className="TestNamespace.TestClass3" name="Test523" />
    </UnitTest>
    <UnitTest name="Test524" id="a975da68-73d8-4b73-b354-9bb14bf652f0" storage="TestAssembly.dll">
      <Execution id="2e267a37-0d45-4097-9e60-c937bccd81f1" />
      <TestMethod codeBase="TestAssembly.dll" className="TestNamespace.TestClass3" name="Test524" />
    </UnitTest>
    <UnitTest name="Test525" id="481aa626-2eab-44d3-a508-e9ac53ead69e" storage="TestAssembly.dll">
      <Execution id="e1556602-b919-4103-9515-86e820508976" />
      <TestMethod codeBase="TestAssembly.dll" className="TestNamespace.TestClass3" name="Test525" />
    </UnitTest>
    <UnitTest name="Test526" id="462cab64-eb3a-4067-bf18-82c990ed54b4" storage="TestAssembly.dll">
      <Execution id="9609e12d-4577-40f1-93fb-fcf1fdb8676f" />
      <TestMethod codeBase="TestAssembly.dll" className="TestNamespace.TestClass3" name="Test526" />
    </UnitTest>
    <UnitTest name="Test527" id="ed5581a4-8c64-47ca-920b-9d582797841b" storage="TestAssembly.dll">
      <Execution id="76ed0684-b662-4112-ba73-497d7e07a78f" />
      <TestMethod codeBase="TestAssembly.dll" className="TestNamespace.TestClass3" name="Test527" />
    </UnitTest>
    <UnitTest name="Test528" id="19dd716b-9cb1-42f8-81d8-2fc3ac852f10" storage="TestAssembly.dll">
      <Execution id="49d8df37-e6c1-4f3c-8dda-7f583b18ad69" />
      <TestMethod codeBase="TestAssembly.dll" className="TestNamespace.TestClass3" name="Test528" />
    </UnitTest>
    <UnitTest name="Test529" id="b4279fef-9261-4cfd-9533-2cd104d9fc83" storage="TestAssembly.dll">
      <Execution id="ec44927b-2c5d-4608-839c-da3269aac872" />
      <TestMethod codeBase="TestAssembly.dll" className="TestNamespace.TestClass3" name="Test529" />
    </UnitTest>
    <UnitTest name="Test530" id="eaa5c141-8877-4462-8214-9e22dd8cdbc8" storage="TestAssembly.dll">
      <Execution id="74466e70-4c74-415d-a787-b36bfd5dc133" />
      <TestMethod codeBase="TestAssembly.dll" className="TestNamespace.TestClass3" name="Test530" />
    </UnitTest>
    <UnitTest name="Test531" id="6e041d17-ebb6-428f-bf2e-b9bca442d8e3" storage="TestAssembly.dll">
      <Execution id="d6b4ac9d-b1ac-4f88-8888-e40abb4a82a8" />
      <TestMethod codeBase="TestAssembly.dll" className="TestNamespace.TestClass4" name="Test531" />
    </UnitTest>
    <UnitTest name="Test532" id="4783cdf1-f41b-41a6-b0a5-3fdb2d83018c" storage="TestAssembly.dll">
      <Execution id="f75e4665-0ffa-4409-817b-2c0bf4fdefc2" />
      <TestMethod codeBase="TestAssembly.dll" className="TestNamespace.TestClass4" name="Test532" />
    </UnitTest>
    <UnitTest name="Test533" id="cefe90aa-5006-46f8-9e3b-4ec9f61cd4b7" storage="TestAssembly.dll">
      <Execution id="f39749fa-4263-4be6-b3bf-ea9338503604" />
      <TestMethod codeBase="TestAssembly.dll" className="TestNamespace.TestClass4" name="Test533" />
    </UnitTest>
    <UnitTest name="Test534" id="69f48d3d-db1d-4b8f-a982-f86ba897ec4f" storage="TestAssembly.dll">
      <Execution id="266d7752-dcd3-4f0e-aeda-174b3d4d1ea2" />
      <TestMethod codeBase="TestAssembly.dll" className="TestNamespace.TestClass4" name="Test534" />
    </UnitTest>
    <UnitTest name="Test535" id="7645a425-34db-4b85-a4f4-93be2557a179" storage="TestAssembly.dll">
      <Execution id="52a68864-4ba5-4634-ad11-7ad160d17a48" />
      <TestMethod codeBase="TestAssembly.dll" className="TestNamespace.TestClass4" name="Test535" />
    </UnitTest>
    <UnitTest name="Test536" id="572d41cc-a5c2-40ec-8d69-8bcac17f497d" storage="TestAssembly.dll">
      <Execution id="242f5208-22aa-41ea-a1b1-5e1622531e60" />
      <TestMethod codeBase="TestAssembly.dll" className="TestNamespace.TestClass4" name="Test536" />
    </UnitTest>
    <UnitTest name="Test537" id="b600dc6e-665c-4334-98bd-de418100189f" storage="TestAssembly.dll">
      <Execution id="f37bde6a-9b43-4309-834e-4b5391dde891" />
      <TestMethod codeBase="TestAssembly.dll" className="TestNamespace.TestClass4" name="Test537" />
    </UnitTest>
    <UnitTest name="Test538" id="5b08f9d2-e4f8-4307-a00a-9d9f256de03e" storage="TestAssembly.dll">
      <Execution id="98155667-1454-4579-87a3-11b56ef57f1a" />
      <TestMethod codeBase="TestAssembly.dll" className="TestNamespace.TestClass4" name="Test538" />
    </UnitTest>
    <UnitTest name="Test539" id="3394ae19-22bb-4bb3-9386-6e87c57c0faa" storage="TestAssembly.dll">
      <Execution id="43d2255f-48ec-4563-8367-ccb655be3f79" />
      <TestMethod codeBase="TestAssembly.dll" className="TestNamespace.TestClass4" name="Test539" />
    </UnitTest>
    <UnitTest name="Test540" id="6efae327-c463-453b-a437-8f99e3bcefda" storage="TestAssembly.dll">
      <Execution id="a4dbceba-a785-4b5a-a20f-5c91d27a9a84" />
      <TestMethod codeBase="TestAssembly.dll" className="TestNamespace.TestClass4" name="Test540" />
    </UnitTest>
    <UnitTest name="Test541" id="e5a0a929-3a37-471f-b297-2af35d539b61" storage="TestAssembly.dll">
      <Execution id="ee375864-3082-4439-9751-d84fec705cb9" />
      <TestMethod codeBase="TestAssembly.dll" className="TestNamespace.TestClass5" name="Test541" />
    </UnitTest>
    <UnitTest name="Test542" id="bf949093-1947-42e4-8cf8-200df66edb68" storage="TestAssembly.dll">
      <Execution id="7ce868db-6516-475b-b30d-e4bc73ac6e41" />
      <TestMethod codeBase="TestAssembly.dll" className="TestNamespace.TestClass5" name="Test542" />
    </UnitTest>
    <UnitTest name="Test543" id="ca5ae18a-2af1-4874-a506-cbc303fe2db4" storage="TestAssembly.dll">
      <Execution id="add98d09-5e5f-4e9f-8b9a-d439a5b146e6" />
      <TestMethod codeBase="TestAssembly.dll" className="TestNamespace.TestClass5" name="Test543" />
    </UnitTest>
    <UnitTest name="Test544" id="a99875b4-3b93-4dc3-aaf5-2e69eea11ea2" storage="TestAssembly.dll">
      <Execution id="3d211b02-7f6a-4eda-90c0-93642289cc2c" />
      <TestMethod codeBase="TestAssembly.dll" className="TestNamespace.TestClass5" name="Test544" />
    </UnitTest>
    <UnitTest name="Test545" id="5d1b0a49-bdfc-4b17-bac7-9d702137bd92" storage="TestAssembly.dll">
      <Execution id="e95180da-abcd-47fe-bab1-820538a5abae" />
      <TestMethod codeBase="TestAssembly.dll" className="TestNamespace.TestClass5" name="Test545" />
    </UnitTest>
    <UnitTest name="Test546" id="6c3aad22-cccf-437a-8f55-957bbfb0f9e4" storage="TestAssembly.dll">
      <Execution id="698171a2-2cfb-45fb-a526-3b99733ca584" />
      <TestMethod codeBase="TestAssembly.dll" className="TestNamespace.TestClass5" name="Test546" />
    </UnitTest>
    <UnitTest name="Test547" id="109fd759-b5fd-42a5-b05e-7938638a2482" storage="TestAssembly.dll">
      <Execution id="f3f99706-9f99-48e8-ae62-4b282a04be5c" />
      <TestMethod codeBase="TestAssembly.dll" className="TestNamespace.TestClass5" name="Test547" />
    </UnitTest>
    <UnitTest name="Test548" id="cbfb3f02-af58-4f00-bd92-f4171281e46d" storage="TestAssembly.dll">
      <Execution id="0c5d05bd-4ced-49e7-bbf7-04ac9aea2da2" />
      <TestMethod codeBase="TestAssembly.dll" className="TestNamespace.TestClass5" name="Test548" />
    </UnitTest>
    <UnitTest name="Test549" id="1010cd3d-6035-43a2-91cc-59801399147f" storage="TestAssembly.dll">
      <Execution id="202eff7e-ea9a-4149-8e77-583d6498d775" />
      <TestMethod codeBase="TestAssembly.dll" className="TestNamespace.TestClass5" name="Test549" />
    </UnitTest>
    <UnitTest name="Test550" id="8752900b-d4e5-4f65-93ac-3db68ef222ad" storage="TestAssembly.dll">
      <Execution id="91287ac3-169f-4592-a1f7-669bc5c420c0" />
      <TestMethod codeBase="TestAssembly.dll" className="TestNamespace.TestClass5" name="Test550" />
    </UnitTest>
    <UnitTest name="Test551" id="e6daf6a6-af97-4d2a-97a4-75d134c68d87" storage="TestAssembly.dll">
      <Execution id="5ccd0c41-ca72-4a4c-9b1c-02638dcf86a1" />
      <TestMethod codeBase="TestAssembly.dll" className="TestNamespace.TestClass6" name="Test551" />
    </UnitTest>
    <UnitTest name="Test552" id="ebf98a6a-0c39-467f-9158-a24d706d60c3" storage="TestAssembly.dll">
      <Execution id="50abd4c4-4c56-4278-9bf9-972e3026360b" />
      <TestMethod codeBase="TestAssembly.dll" className="TestNamespace.TestClass6" name="Test552" />
    </UnitTest>
    <UnitTest name="Test553" id="3a658c3b-3b1d-40e0-b584-36700ec983e1" storage="TestAssembly.dll">
      <Execution id="8095569c-6abb-4496-a059-e571b32109b9" />
      <TestMethod codeBase="TestAssembly.dll" className="TestNamespace.TestClass6" name="Test553" />
    </UnitTest>
    <UnitTest name="Test554" id="6b3750c9-45c1-4e96-be3a-3e593b0d3784" storage="TestAssembly.dll">
      <Execution id="6832b93e-7408-4902-9408-526cbeb58dcc" />
      <TestMethod codeBase="TestAssembly.dll" className="TestNamespace.TestClass6" name="Test554" />
    </UnitTest>
    <UnitTest name="Test555" id="bec51a2d-1fe9-4dfd-b6b5-456195252531" storage="TestAssembly.dll">
      <Execution id="ce2b9e14-9334-4214-ba52-550d996c256f" />
      <TestMethod codeBase="TestAssembly.dll" className="TestNamespace.TestClass6" name="Test555" />
    </UnitTest>
    <UnitTest name="Test556" id="0124ab14-a6b6-4238-ac19-f04d99d39b13" storage="TestAssembly.dll">
      <Execution id="56efb5f7-8830-4b9a-a67e-6faaf9997a92" />
      <TestMethod codeBase="TestAssembly.dll" className="TestNamespace.TestClass6" name="Test556" />
    </UnitTest>
    <UnitTest name="Test557" id="30d58e97-f4a7-49bf-9015-899445a3728c" storage="TestAssembly.dll">
      <Execution id="6153ae38-b570-4a1a-a397-a224aa8374df" />
      <TestMethod codeBase="TestAssembly.dll" className="TestNamespace.TestClass6" name="Test557" />
    </UnitTest>
    <UnitTest name="Test558" id="dcc0a607-f19d-45f4-9db5-15214ae50358" storage="TestAssembly.dll">
      <Execution id="02cfdadf-24f6-426b-b97d-da9926c12027" />
      <TestMethod codeBase="TestAssembly.dll" className="TestNamespace.TestClass6" name="Test558" />
    </UnitTest>
    <UnitTest name="Test559" id="3065a874-4ebe-467c-8c20-d21e461745b4" storage="TestAssembly.dll">
      <Execution id="c48ee7f9-ea9b-4837-b7d8-db49277bcb2c" />
      <TestMethod codeBase="TestAssembly.dll" className="TestNamespace.TestClass6" name="Test559" />
    </UnitTest>
    <UnitTest name="Test560" id="f7b38278-f36f-47e9-ba90-6162d8b53398" storage="TestAssembly.dll">
      <Execution id="a083a0f9-2825-4162-a045-03b1d953d0fa" />
      <TestMethod codeBase="TestAssembly.dll" className="TestNamespace.TestClass6" name="Test560" />
    </UnitTest>
    <UnitTest name="Test561" id="b85e978b-066e-45ef-8338-da211dec31ce" storage="TestAssembly.dll">
      <Execution id="3c677b38-0f8f-44d7-b006-92c75d060689" />
      <TestMethod codeBase="TestAssembly.dll" className="TestNamespace.TestClass7" name="Test561" />
    </UnitTest>
    <UnitTest name="Test562" id="5a5baf74-61b4-48c2-b205-3b56ab78bdab" storage="TestAssembly.dll">
      <Execution id="08e4fa80-f871-4601-b4b7-0b792252bebd" />
      <TestMethod codeBase="TestAssembly.dll" className="TestNamespace.TestClass7" name="Test562" />
    </UnitTest>
    <UnitTest name="Test563" id="0f5e2d0c-8d87-4ef8-8472-7a106f1f1329" storage="TestAssembly.dll">
      <Execution id="1984fdf8-cc2a-41d1-b3ff-7ad3c5146cdd" />
      <TestMethod codeBase="TestAssembly.dll" className="TestNamespace.TestClass7" name="Test563" />
    </UnitTest>
    <UnitTest name="Test564" id="32a04048-1fdf-40c4-94fe-41427b464e4f" storage="TestAssembly.dll">
      <Execution id="14cd86ae-6e93-40d2-aaca-123f56fc8dc3" />
      <TestMethod codeBase="TestAssembly.dll" className="TestNamespace.TestClass7" name="Test564" />
    </UnitTest>
    <UnitTest name="Test565" id="17c660b1-6118-44bc-81d5-e4d24d6d163f" storage="TestAssembly.dll">
      <Execution id="a9b6f0e6-6e2b-4db9-b515-8c540dd19d8a" />
      <TestMethod codeBase="TestAssembly.dll" className="TestNamespace.TestClass7" name="Test565" />
    </UnitTest>
    <UnitTest name="Test566" id="7ae4233e-0138-4ea9-a392-d3e171983fd9" storage="TestAssembly.dll">
      <Execution id="ca5ffbf1-b2dc-4bc1-a092-3191eb2fc54e" />
      <TestMethod codeBase="TestAssembly.dll" className="TestNamespace.TestClass7" name="Test566" />
    </UnitTest>
    <UnitTest name="Test567" id="92261d27-fbc0-4450-a319-d8ac240a7ab4" storage="TestAssembly.dll">
      <Execution id="2693eb7a-19bc-4147-9af4-cbc2a18f796f" />
      <TestMethod codeBase="TestAssembly.dll" className="TestNamespace.TestClass7" name="Test567" />
    </UnitTest>
    <UnitTest name="Test568" id="8302aa13-d01c-4103-be4c-cd513a3fad81" storage="TestAssembly.dll">
      <Execution id="83413e7e-33aa-4a59-9cdb-65d0935f5459" />
      <TestMethod codeBase="TestAssembly.dll" className="TestNamespace.TestClass7" name="Test568" />
    </UnitTest>
    <UnitTest name="Test569" id="037b3142-fa06-452b-a240-eb43cd9e7a30" storage="TestAssembly.dll">
      <Execution id="7bcef5c3-96ef-4136-8a2d-4deb6bbbe57c" />
      <TestMethod codeBase="TestAssembly.dll" className="TestNamespace.TestClass7" name="Test569" />
    </UnitTest>
    <UnitTest name="Test570" id="4e5fa70e-4811-4cec-a493-5ad580a37d84" storage="TestAssembly.dll">
      <Execution id="ea27c8b8-505d-4c1a-afd0-43b1e689cd70" />
      <TestMethod codeBase="TestAssembly.dll" className="TestNamespace.TestClass7" name="Test570" />
    </UnitTest>
    <UnitTest name="Test571" id="eb8adbc9-7531-425b-8620-61ee14141b8b" storage="TestAssembly.dll">
      <Execution id="48701e9b-3e3f-4a67-833a-8d1743321cb7" />
      <TestMethod codeBase="TestAssembly.dll" className="TestNamespace.TestClass8" name="Test571" />
    </UnitTest>
    <UnitTest name="Test572" id="40f3fbe6-7737-4164-ba59-6e2ecb1cd175" storage="TestAssembly.dll">
      <Execution id="aaa3e011-7a23-44de-b3d1-3957c3485d5e" />
      <TestMethod codeBase="TestAssembly.dll" className="TestNamespace.TestClass8" name="Test572" />
    </UnitTest>
    <UnitTest name="Test573" id="c3308762-74de-41fe-9247-38e8855216ad" storage="TestAssembly.dll">
      <Execution id="93f2fb4d-378f-4bc9-b3c6-e411b72c27e9" />
      <TestMethod codeBase="TestAssembly.dll" className="TestNamespace.TestClass8" name="Test573" />
    </UnitTest>
    <UnitTest name="Test574" id="c452495b-47ec-4a5e-953d-8df69216a560" storage="TestAssembly.dll">
      <Execution id="a5867e2e-1681-485c-be04-d215757a6415" />
      <TestMethod codeBase="TestAssembly.dll" className="TestNamespace.TestClass8" name="Test574" />
    </UnitTest>
    <UnitTest name="Test575" id="098ae4be-9be0-47c7-8b15-f9a81bb8203e" storage="TestAssembly.dll">
      <Execution id="e7346be8-c4c2-4293-aa97-58e7062bb7a7" />
      <TestMethod codeBase="TestAssembly.dll" className="TestNamespace.TestClass8" name="Test575" />
    </UnitTest>
    <UnitTest name="Test576" id="87ff58fa-2952-4591-b958-342261d25c11" storage="TestAssembly.dll">
      <Execution id="2d328ba4-4a05-4e92-960a-afdcea50e5f0" />
      <TestMethod codeBase="TestAssembly.dll" className="TestNamespace.TestClass8" name="Test576" />
    </UnitTest>
    <UnitTest name="Test577" id="3c94d055-9010-458c-b214-db0bd078312e" storage="TestAssembly.dll">
      <Execution id="300c6825-45a4-4c51-a94e-42f313074274" />
      <TestMethod codeBase="TestAssembly.dll" className="TestNamespace.TestClass8" name="Test577" />
    </UnitTest>
    <UnitTest name="Test578" id="a6bfae63-70ee-47ba-bf68-cb7b6fe95e56" storage="TestAssembly.dll">
      <Execution id="b8a5e9bd-8bee-4379-ac82-608bd95d1481" />
      <TestMethod codeBase="TestAssembly.dll" className="TestNamespace.TestClass8" name="Test578" />
    </UnitTest>
    <UnitTest name="Test579" id="9e68b966-8d54-4f36-ac08-3b31d0b1b580" storage="TestAssembly.dll">
      <Execution id="0ce151d5-a0ff-4283-913b-bb57435b33fa" />
      <TestMethod codeBase="TestAssembly.dll" className="TestNamespace.TestClass8" name="Test579" />
    </UnitTest>
    <UnitTest name="Test580" id="c8cf7229-8e10-48b9-8732-751b3472192b" storage="TestAssembly.dll">
      <Execution id="efe8c40c-1bb6-415a-b155-b5fa2670a284" />
      <TestMethod codeBase="TestAssembly.dll" className="TestNamespace.TestClass8" name="Test580" />
    </UnitTest>
    <UnitTest name="Test581" id="03cbfa5f-f76f-4440-8267-381db87d033a" storage="TestAssembly.dll">
      <Execution id="9538fc90-b828-4f86-96c9-66f9a428cd6a" />
      <TestMethod codeBase="TestAssembly.dll" className="TestNamespace.TestClass9" name="Test581" />
    </UnitTest>
    <UnitTest name="Test582" id="8bc341b8-1088-43cd-a9d3-c550f740a753" storage="TestAssembly.dll">
      <Execution id="bd7c3747-8820-445e-b1d5-12055634706d" />
      <TestMethod codeBase="TestAssembly.dll" className="TestNamespace.TestClass9" name="Test582" />
    </UnitTest>
    <UnitTest name="Test583" id="ce3aa082-2225-467a-af16-ae9c0ea31af1" storage="TestAssembly.dll">
      <Execution id="8bed2012-ae23-4112-87e8-030bf879b536" />
      <TestMethod codeBase="TestAssembly.dll" className="TestNamespace.TestClass9" name="Test583" />
    </UnitTest>
    <UnitTest name="Test584" id="74d7da45-3b09-4e1e-9328-37ba99921da3" storage="TestAssembly.dll">
      <Execution id="3b74f55a-62e9-43f3-8529-5c2b362420d3" />
      <TestMethod codeBase="TestAssembly.dll" className="TestNamespace.TestClass9" name="Test584" />
    </UnitTest>
    <UnitTest name="Test585" id="682a0143-c0b3-4328-a5e4-6f1843fa4db2" storage="TestAssembly.dll">
      <Execution id="b3bdb5f4-e042-4b59-9466-2e9e7dd06206" />
      <TestMethod codeBase="TestAssembly.dll" className="TestNamespace.TestClass9" name="Test585" />
    </UnitTest>
    <UnitTest name="Test586" id="99a8d06b-69ae-431a-80fd-c064eb72bede" storage="TestAssembly.dll">
      <Execution id="8f92c256-abe4-4fed-8efd-7ae90f637078" />
      <TestMethod codeBase="TestAssembly.dll" className="TestNamespace.TestClass9" name="Test586" />
    </UnitTest>
    <UnitTest name="Test587" id="c95dc5e7-3744-4c5c-8282-bbbdfbf0d7bd" storage="TestAssembly.dll">
      <Execution id="8fd8a048-0ba0-4d45-b757-e9298c85ee30" />
      <TestMethod codeBase="TestAssembly.dll" className="TestNamespace.TestClass9" name="Test587" />
    </UnitTest>
    <UnitTest name="Test588" id="49bca13e-512d-458c-a82d-59c1d8ffe362" storage="TestAssembly.dll">
      <Execution id="e3584af7-f799-4a5d-8dbf-7cddbea7e680" />
      <TestMethod codeBase="TestAssembly.dll" className="TestNamespace.TestClass9" name="Test588" />
    </UnitTest>
    <UnitTest name="Test589" id="5b88c50a-9e16-4c7f-a352-e0415ed0cf45" storage="TestAssembly.dll">
      <Execution id="0f75f944-3e59-4211-8330-d1b17057b719" />
      <TestMethod codeBase="TestAssembly.dll" className="TestNamespace.TestClass9" name="Test589" />
    </UnitTest>
    <UnitTest name="Test590" id="0ec96ac4-2726-4521-a7ba-ffeab6a696c3" storage="TestAssembly.dll">
      <Execution id="27fe8d40-c414-4c83-b9f0-4387b94c7bb0" />
      <TestMethod codeBase="TestAssembly.dll" className="TestNamespace.TestClass9" name="Test590" />
    </UnitTest>
    <UnitTest name="Test591" id="44dd4746-50a0-4a05-b048-bf8aba8c36f0" storage="TestAssembly.dll">
      <Execution id="0528254c-2f7b-4f3e-b2d8-f65a74e5c778" />
      <TestMethod codeBase="TestAssembly.dll" className="TestNamespace.TestClass10" name="Test591" />
    </UnitTest>
    <UnitTest name="Test592" id="95ee2ffc-fde4-4349-a887-88657b6ba9b0" storage="TestAssembly.dll">
      <Execution id="d3f917ed-9b22-485e-898e-ee85f86f77a7" />
      <TestMethod codeBase="TestAssembly.dll" className="TestNamespace.TestClass10" name="Test592" />
    </UnitTest>
    <UnitTest name="Test593" id="c4927523-faeb-47d5-a7f7-2908b445da87" storage="TestAssembly.dll">
      <Execution id="860c94b0-fdc5-4b6c-bcae-28ddcdba3534" />
      <TestMethod codeBase="TestAssembly.dll" className="TestNamespace.TestClass10" name="Test593" />
    </UnitTest>
    <UnitTest name="Test594" id="7fc2e834-ab68-4206-b152-04348d89738e" storage="TestAssembly.dll">
      <Execution id="45bf46da-9a71-4114-8b2b-bc864d268a9a" />
      <TestMethod codeBase="TestAssembly.dll" className="TestNamespace.TestClass10" name="Test594" />
    </UnitTest>
    <UnitTest name="Test595" id="7ace43b4-b487-473c-86e7-765b2a6261c6" storage="TestAssembly.dll">
      <Execution id="e2c0476e-3d8f-42d0-a69c-26ba5c85913d" />
      <TestMethod codeBase="TestAssembly.dll" className="TestNamespace.TestClass10" name="Test595" />
    </UnitTest>
    <UnitTest name="Test596" id="19477587-70bf-4f48-9c0d-90fca05830bb" storage="TestAssembly.dll">
      <Execution id="a962cade-ec57-429c-a521-9eac413351f3" />
      <TestMethod codeBase="TestAssembly.dll" className="TestNamespace.TestClass10" name="Test596" />
    </UnitTest>
    <UnitTest name="Test597" id="40a73ca4-b70e-4a4f-b061-81bdd9291f30" storage="TestAssembly.dll">
      <Execution id="0a0e2731-cbad-4d3e-9a1a-cf21fa23617f" />
      <TestMethod codeBase="TestAssembly.dll" className="TestNamespace.TestClass10" name="Test597" />
    </UnitTest>
    <UnitTest name="Test598" id="680117e5-527c-4333-a431-80c166c7949d" storage="TestAssembly.dll">
      <Execution id="47fa27d7-2258-4a41-8cd0-10c80e5f7bd9" />
      <TestMethod codeBase="TestAssembly.dll" className="TestNamespace.TestClass10" name="Test598" />
    </UnitTest>
    <UnitTest name="Test599" id="d34b0e95-1e95-4430-81ad-740545f7d578" storage="TestAssembly.dll">
      <Execution id="8e8672ca-973f-49a9-b560-9f40ef1163af" />
      <TestMethod codeBase="TestAssembly.dll" className="TestNamespace.TestClass10" name="Test599" />
    </UnitTest>
    <UnitTest name="Test600" id="aa7474f3-e1d3-414e-af3a-685a2be1fd53" storage="TestAssembly.dll">
      <Execution id="2da3a8d1-0d71-4f33-bb70-50dc75055de3" />
      <TestMethod codeBase="TestAssembly.dll" className="TestNamespace.TestClass10" name="Test600" />
    </UnitTest>
  </TestDefinitions>
  <TestEntries>
    <TestEntry testId="5c75c603-b610-4f12-9c9f-54828dcc1dd7" executionId="581a4b91-1749-4335-b9d1-cd86c5fee6e2" testListId="b0d67efb-4459-46e2-b165-abd5f1eb0a86" />
    <TestEntry testId="15c54dc4-f281-4ad2-8269-b59ca11fc7da" executionId="3d0e6f61-b7e1-472a-b3df-6bfc8bf72f73" testListId="b0d67efb-4459-46e2-b165-abd5f1eb0a86" />
    <TestEntry testId="8b444241-fb5d-40c9-a893-746c96f69461" executionId="b468ee4c-8ab7-4a0b-a525-626599856625" testListId="b0d67efb-4459-46e2-b165-abd5f1eb0a86" />
    <TestEntry testId="2b718a92-a9d8-477c-a89d-b2241323967e" executionId="a4e65e23-e4f1-4fa7-a7b8-cbc308c9167d" testListId="b0d67efb-4459-46e2-b165-abd5f1eb0a86" />
    <TestEntry testId="c6d507d9-9cfb-46a9-8b95-1afaa202a14b" executionId="103ea929-952b-497c-9c4b-ccfd9a385d30" testListId="b0d67efb-4459-46e2-b165-abd5f1eb0a86" />
    <TestEntry testId="41c1d221-e6c7-4131-b993-6393cd16175c" executionId="8660a1ee-c117-4671-a496-46de13178b69" testListId="b0d67efb-4459-46e2-b165-abd5f1eb0a86" />
    <TestEntry testId="0d6000e0-7551-4d80-9964-70542b5ca453" executionId="0c04e3df-613e-40a4-8501-21a84ffeb53c" testListId="b0d67efb-4459-46e2-b165-abd5f1eb0a86" />
    <TestEntry testId="4cc03897-2bdb-419a-bd22-f15e06f17dc8" executionId="67539f52-f481-4b7c-b760-66c50ee522f5" testListId="b0d67efb-4459-46e2-b165-abd5f1eb0a86" />
    <TestEntry testId="7377950c-ce8c-4921-b405-c2eb7519f3ba" executionId="4712f127-a9cf-4b69-b4b0-fe3f61df3aa5" testListId="b0d67efb-4459-46e2-b165-abd5f1eb0a86" />
    <TestEntry testId="70ffed71-0856-4939-9e59-0a574bd898bf" executionId="989af325-d5a6-4c0d-ad42-9822165a2b78" testListId="b0d67efb-4459-46e2-b165-abd5f1eb0a86" />
    <TestEntry testId="9f7e03f5-84f8-4e83-8b74-378b1b242aa3" executionId="7a7aa024-bf52-4e64-aa98-ac48f82ae144" testListId="b0d67efb-4459-46e2-b165-abd5f1eb0a86" />
    <TestEntry testId="a03f38b0-6666-406a-a323-cbe051eecaa6" executionId="e4861997-a491-4679-9020-608c912064c5" testListId="b0d67efb-4459-46e2-b165-abd5f1eb0a86" />
    <TestEntry testId="4c474798-ebb8-4f2e-9048-3e184ff9b628" executionId="b1ef0ce9-6367-4743-8a9f-af723b981795" testListId="b0d67efb-4459-46e2-b165-abd5f1eb0a86" />
    <TestEntry testId="092c7c1a-9b9b-4bd4-abbe-5e6da0d6209f" executionId="60ac9dd4-f280-453f-b355-76a614585a18" testListId="b0d67efb-4459-46e2-b165-abd5f1eb0a86" />
    <TestEntry testId="678e251f-e5b3-449c-be7b-6a43fdfadedd" executionId="d6fd2b3a-5414-4b61-a01a-63c28b04e429" testListId="b0d67efb-4459-46e2-b165-abd5f1eb0a86" />
    <TestEntry testId="28d66023-e0b5-45c9-9bf6-55c5cc68c482" executionId="ae9a093a-61c5-4f0d-9495-67741f6485d1" testListId="b0d67efb-4459-46e2-b165-abd5f1eb0a86" />
    <TestEntry testId="ecc989cd-119a-4150-8979-2fff1f5b6b73" executionId="0ce59d0e-ac33-4c31-847b-fa089cef2e45" testListId="b0d67efb-4459-46e2-b165-abd5f1eb0a86" />
    <TestEntry testId="d4ff1ea8-5ab6-4c21-b8ce-151d4fcd3798" executionId="dd1d82b4-a64d-4f63-90cf-06332cedd44e" testListId="b0d67efb-4459-46e2-b165-abd5f1eb0a86" />
    <TestEntry testId="3a262a01-b741-4746-a182-848e29da327e" executionId="6d43e018-3872-4a43-9217-1a381c23ffbd" testListId="b0d67efb-4459-46e2-b165-abd5f1eb0a86" />
    <TestEntry testId="c2444d58-c9ad-4299-813f-e88d90bb5428" executionId="def46cc7-6bd7-4e44-8a10-d68fc5ee2a39" testListId="b0d67efb-4459-46e2-b165-abd5f1eb0a86" />
    <TestEntry testId="fe911e98-e34f-4110-8490-903d218dbb40" executionId="fe971542-7200-4054-9c81-fb1c3c0e239a" testListId="b0d67efb-4459-46e2-b165-abd5f1eb0a86" />
    <TestEntry testId="694f354b-2521-4e6a-83f6-0e490602d23f" executionId="1383d106-8a4e-4b70-991d-db111e74d1cd" testListId="b0d67efb-4459-46e2-b165-abd5f1eb0a86" />
    <TestEntry testId="0d65f0ad-0abe-4337-bc72-917f264c1785" executionId="4d61d0c7-9e07-4344-827c-eccb64571004" testListId="b0d67efb-4459-46e2-b165-abd5f1eb0a86" />
    <TestEntry testId="a975da68-73d8-4b73-b354-9bb14bf652f0" executionId="2e267a37-0d45-4097-9e60-c937bccd81f1" testListId="b0d67efb-4459-46e2-b165-abd5f1eb0a86" />
    <TestEntry testId="481aa626-2eab-44d3-a508-e9ac53ead69e" executionId="e1556602-b919-4103-9515-86e820508976" testListId="b0d67efb-4459-46e2-b165-abd5f1eb0a86" />
    <TestEntry testId="462cab64-eb3a-4067-bf18-82c990ed54b4" executionId="9609e12d-4577-40f1-93fb-fcf1fdb8676f" testListId="b0d67efb-4459-46e2-b165-abd5f1eb0a86" />
    <TestEntry testId="ed5581a4-8c64-47ca-920b-9d582797841b" executionId="76ed0684-b662-4112-ba73-497d7e07a78f" testListId="b0d67efb-4459-46e2-b165-abd5f1eb0a86" />
    <TestEntry testId="19dd716b-9cb1-42f8-81d8-2fc3ac852f10" executionId="49d8df37-e6c1-4f3c-8dda-7f583b18ad69" testListId="b0d67efb-4459-46e2-b165-abd5f1eb0a86" />
    <TestEntry testId="b4279fef-9261-4cfd-9533-2cd104d9fc83" executionId="ec44927b-2c5d-4608-839c-da3269aac872" testListId="b0d67efb-4459-46e2-b165-abd5f1eb0a86" />
    <TestEntry testId="eaa5c141-8877-4462-8214-9e22dd8cdbc8" executionId="74466e70-4c74-415d-a787-b36bfd5dc133" testListId="b0d67efb-4459-46e2-b165-abd5f1eb0a86" />
    <TestEntry testId="6e041d17-ebb6-428f-bf2e-b9bca442d8e3" executionId="d6b4ac9d-b1ac-4f88-8888-e40abb4a82a8" testListId="b0d67efb-4459-46e2-b165-abd5f1eb0a86" />
    <TestEntry testId="4783cdf1-f41b-41a6-b0a5-3fdb2d83018c" executionId="f75e4665-0ffa-4409-817b-2c0bf4fdefc2" testListId="b0d67efb-4459-46e2-b165-abd5f1eb0a86" />
    <TestEntry testId="cefe90aa-5006-46f8-9e3b-4ec9f61cd4b7" executionId="f39749fa-4263-4be6-b3bf-ea9338503604" testListId="b0d67efb-4459-46e2-b165-abd5f1eb0a86" />
    <TestEntry testId="69f48d3d-db1d-4b8f-a982-f86ba897ec4f" executionId="266d7752-dcd3-4f0e-aeda-174b3d4d1ea2" testListId="b0d67efb-4459-46e2-b165-abd5f1eb0a86" />
    <TestEntry testId="7645a425-34db-4b85-a4f4-93be2557a179" executionId="52a68864-4ba5-4634-ad11-7ad160d17a48" testListId="b0d67efb-4459-46e2-b165-abd5f1eb0a86" />
    <TestEntry testId="572d41cc-a5c2-40ec-8d69-8bcac17f497d" executionId="242f5208-22aa-41ea-a1b1-5e1622531e60" testListId="b0d67efb-4459-46e2-b165-abd5f1eb0a86" />
    <TestEntry testId="b600dc6e-665c-4334-98bd-de418100189f" executionId="f37bde6a-9b43-4309-834e-4b5391dde891" testListId="b0d67efb-4459-46e2-b165-abd5f1eb0a86" />
    <TestEntry testId="5b08f9d2-e4f8-4307-a00a-9d9f256de03e" executionId="98155667-1454-4579-87a3-11b56ef57f1a" testListId="b0d67efb-4459-46e2-b165-abd5f1eb0a86" />
    <TestEntry testId="3394ae19-22bb-4bb3-9386-6e87c57c0faa" executionId="43d2255f-48ec-4563-8367-ccb655be3f79" testListId="b0d67efb-4459-46e2-b165-abd5f1eb0a86" />
    <TestEntry testId="6efae327-c463-453b-a437-8f99e3bcefda" executionId="a4dbceba-a785-4b5a-a20f-5c91d27a9a84" testListId="b0d67efb-4459-46e2-b165-abd5f1eb0a86" />
    <TestEntry testId="e5a0a929-3a37-471f-b297-2af35d539b61" executionId="ee375864-3082-4439-9751-d84fec705cb9" testListId="b0d67efb-4459-46e2-b165-abd5f1eb0a86" />
    <TestEntry testId="bf949093-1947-42e4-8cf8-200df66edb68" executionId="7ce868db-6516-475b-b30d-e4bc73ac6e41" testListId="b0d67efb-4459-46e2-b165-abd5f1eb0a86" />
    <TestEntry testId="ca5ae18a-2af1-4874-a506-cbc303fe2db4" executionId="add98d09-5e5f-4e9f-8b9a-d439a5b146e6" testListId="b0d67efb-4459-46e2-b165-abd5f1eb0a86" />
    <TestEntry testId="a99875b4-3b93-4dc3-aaf5-2e69eea11ea2" executionId="3d211b02-7f6a-4eda-90c0-93642289cc2c" testListId="b0d67efb-4459-46e2-b165-abd5f1eb0a86" />
    <TestEntry testId="5d1b0a49-bdfc-4b17-bac7-9d702137bd92" executionId="e95180da-abcd-47fe-bab1-820538a5abae" testListId="b0d67efb-4459-46e2-b165-abd5f1eb0a86" />
    <TestEntry testId="6c3aad22-cccf-437a-8f55-957bbfb0f9e4" executionId="698171a2-2cfb-45fb-a526-3b99733ca584" testListId="b0d67efb-4459-46e2-b165-abd5f1eb0a86" />
    <TestEntry testId="109fd759-b5fd-42a5-b05e-7938638a2482" executionId="f3f99706-9f99-48e8-ae62-4b282a04be5c" testListId="b0d67efb-4459-46e2-b165-abd5f1eb0a86" />
    <TestEntry testId="cbfb3f02-af58-4f00-bd92-f4171281e46d" executionId="0c5d05bd-4ced-49e7-bbf7-04ac9aea2da2" testListId="b0d67efb-4459-46e2-b165-abd5f1eb0a86" />
    <TestEntry testId="1010cd3d-6035-43a2-91cc-59801399147f" executionId="202eff7e-ea9a-4149-8e77-583d6498d775" testListId="b0d67efb-4459-46e2-b165-abd5f1eb0a86" />
    <TestEntry testId="8752900b-d4e5-4f65-93ac-3db68ef222ad" executionId="91287ac3-169f-4592-a1f7-669bc5c420c0" testListId="b0d67efb-4459-46e2-b165-abd5f1eb0a86" />
    <TestEntry testId="e6daf6a6-af97-4d2a-97a4-75d134c68d87" executionId="5ccd0c41-ca72-4a4c-9b1c-02638dcf86a1" testListId="b0d67efb-4459-46e2-b165-abd5f1eb0a86" />
    <TestEntry testId="ebf98a6a-0c39-467f-9158-a24d706d60c3" executionId="50abd4c4-4c56-4278-9bf9-972e3026360b" testListId="b0d67efb-4459-46e2-b165-abd5f1eb0a86" />
    <TestEntry testId="3a658c3b-3b1d-40e0-b584-36700ec983e1" executionId="8095569c-6abb-4496-a059-e571b32109b9" testListId="b0d67efb-4459-46e2-b165-abd5f1eb0a86" />
    <TestEntry testId="6b3750c9-45c1-4e96-be3a-3e593b0d3784" executionId="6832b93e-7408-4902-9408-526cbeb58dcc" testListId="b0d67efb-4459-46e2-b165-abd5f1eb0a86" />
    <TestEntry testId="bec51a2d-1fe9-4dfd-b6b5-456195252531" executionId="ce2b9e14-9334-4214-ba52-550d996c256f" testListId="b0d67efb-4459-46e2-b165-abd5f1eb0a86" />
    <TestEntry testId="0124ab14-a6b6-4238-ac19-f04d99d39b13" executionId="56efb5f7-8830-4b9a-a67e-6faaf9997a92" testListId="b0d67efb-4459-46e2-b165-abd5f1eb0a86" />
    <TestEntry testId="30d58e97-f4a7-49bf-9015-899445a3728c" executionId="6153ae38-b570-4a1a-a397-a224aa8374df" testListId="b0d67efb-4459-46e2-b165-abd5f1eb0a86" />
    <TestEntry testId="dcc0a607-f19d-45f4-9db5-15214ae50358" executionId="02cfdadf-24f6-426b-b97d-da9926c12027" testListId="b0d67efb-4459-46e2-b165-abd5f1eb0a86" />
    <TestEntry testId="3065a874-4ebe-467c-8c20-d21e461745b4" executionId="c48ee7f9-ea9b-4837-b7d8-db49277bcb2c" testListId="b0d67efb-4459-46e2-b165-abd5f1eb0a86" />
    <TestEntry testId="f7b38278-f36f-47e9-ba90-6162d8b53398" executionId="a083a0f9-2825-4162-a045-03b1d953d0fa" testListId="b0d67efb-4459-46e2-b165-abd5f1eb0a86" />
    <TestEntry testId="b85e978b-066e-45ef-8338-da211dec31ce" executionId="3c677b38-0f8f-44d7-b006-92c75d060689" testListId="b0d67efb-4459-46e2-b165-abd5f1eb0a86" />
    <TestEntry testId="5a5baf74-61b4-48c2-b205-3b56ab78bdab" executionId="08e4fa80-f871-4601-b4b7-0b792252bebd" testListId="b0d67efb-4459-46e2-b165-abd5f1eb0a86" />
    <TestEntry testId="0f5e2d0c-8d87-4ef8-8472-7a106f1f1329" executionId="1984fdf8-cc2a-41d1-b3ff-7ad3c5146cdd" testListId="b0d67efb-4459-46e2-b165-abd5f1eb0a86" />
    <TestEntry testId="32a04048-1fdf-40c4-94fe-41427b464e4f" executionId="14cd86ae-6e93-40d2-aaca-123f56fc8dc3" testListId="b0d67efb-4459-46e2-b165-abd5f1eb0a86" />
    <TestEntry testId="17c660b1-6118-44bc-81d5-e4d24d6d163f" executionId="a9b6f0e6-6e2b-4db9-b515-8c540dd19d8a" testListId="b0d67efb-4459-46e2-b165-abd5f1eb0a86" />
    <TestEntry testId="7ae4233e-0138-4ea9-a392-d3e171983fd9" executionId="ca5ffbf1-b2dc-4bc1-a092-3191eb2fc54e" testListId="b0d67efb-4459-46e2-b165-abd5f1eb0a86" />
    <TestEntry testId="92261d27-fbc0-4450-a319-d8ac240a7ab4" executionId="2693eb7a-19bc-4147-9af4-cbc2a18f796f" testListId="b0d67efb-4459-46e2-b165-abd5f1eb0a86" />
    <TestEntry testId="8302aa13-d01c-4103-be4c-cd513a3fad81" executionId="83413e7e-33aa-4a59-9cdb-65d0935f5459" testListId="b0d67efb-4459-46e2-b165-abd5f1eb0a86" />
    <TestEntry testId="037b3142-fa06-452b-a240-eb43cd9e7a30" executionId="7bcef5c3-96ef-4136-8a2d-4deb6bbbe57c" testListId="b0d67efb-4459-46e2-b165-abd5f1eb0a86" />
    <TestEntry testId="4e5fa70e-4811-4cec-a493-5ad580a37d84" executionId="ea27c8b8-505d-4c1a-afd0-43b1e689cd70" testListId="b0d67efb-4459-46e2-b165-abd5f1eb0a86" />
    <TestEntry testId="eb8adbc9-7531-425b-8620-61ee14141b8b" executionId="48701e9b-3e3f-4a67-833a-8d1743321cb7" testListId="b0d67efb-4459-46e2-b165-abd5f1eb0a86" />
    <TestEntry testId="40f3fbe6-7737-4164-ba59-6e2ecb1cd175" executionId="aaa3e011-7a23-44de-b3d1-3957c3485d5e" testListId="b0d67efb-4459-46e2-b165-abd5f1eb0a86" />
    <TestEntry testId="c3308762-74de-41fe-9247-38e8855216ad" executionId="93f2fb4d-378f-4bc9-b3c6-e411b72c27e9" testListId="b0d67efb-4459-46e2-b165-abd5f1eb0a86" />
    <TestEntry testId="c452495b-47ec-4a5e-953d-8df69216a560" executionId="a5867e2e-1681-485c-be04-d215757a6415" testListId="b0d67efb-4459-46e2-b165-abd5f1eb0a86" />
    <TestEntry testId="098ae4be-9be0-47c7-8b15-f9a81bb8203e" executionId="e7346be8-c4c2-4293-aa97-58e7062bb7a7" testListId="b0d67efb-4459-46e2-b165-abd5f1eb0a86" />
    <TestEntry testId="87ff58fa-2952-4591-b958-342261d25c11" executionId="2d328ba4-4a05-4e92-960a-afdcea50e5f0" testListId="b0d67efb-4459-46e2-b165-abd5f1eb0a86" />
    <TestEntry testId="3c94d055-9010-458c-b214-db0bd078312e" executionId="300c6825-45a4-4c51-a94e-42f313074274" testListId="b0d67efb-4459-46e2-b165-abd5f1eb0a86" />
    <TestEntry testId="a6bfae63-70ee-47ba-bf68-cb7b6fe95e56" executionId="b8a5e9bd-8bee-4379-ac82-608bd95d1481" testListId="b0d67efb-4459-46e2-b165-abd5f1eb0a86" />
    <TestEntry testId="9e68b966-8d54-4f36-ac08-3b31d0b1b580" executionId="0ce151d5-a0ff-4283-913b-bb57435b33fa" testListId="b0d67efb-4459-46e2-b165-abd5f1eb0a86" />
    <TestEntry testId="c8cf7229-8e10-48b9-8732-751b3472192b" executionId="efe8c40c-1bb6-415a-b155-b5fa2670a284" testListId="b0d67efb-4459-46e2-b165-abd5f1eb0a86" />
    <TestEntry testId="03cbfa5f-f76f-4440-8267-381db87d033a" executionId="9538fc90-b828-4f86-96c9-66f9a428cd6a" testListId="b0d67efb-4459-46e2-b165-abd5f1eb0a86" />
    <TestEntry testId="8bc341b8-1088-43cd-a9d3-c550f740a753" executionId="bd7c3747-8820-445e-b1d5-12055634706d" testListId="b0d67efb-4459-46e2-b165-abd5f1eb0a86" />
    <TestEntry testId="ce3aa082-2225-467a-af16-ae9c0ea31af1" executionId="8bed2012-ae23-4112-87e8-030bf879b536" testListId="b0d67efb-4459-46e2-b165-abd5f1eb0a86" />
    <TestEntry testId="74d7da45-3b09-4e1e-9328-37ba99921da3" executionId="3b74f55a-62e9-43f3-8529-5c2b362420d3" testListId="b0d67efb-4459-46e2-b165-abd5f1eb0a86" />
    <TestEntry testId="682a0143-c0b3-4328-a5e4-6f1843fa4db2" executionId="b3bdb5f4-e042-4b59-9466-2e9e7dd06206" testListId="b0d67efb-4459-46e2-b165-abd5f1eb0a86" />
    <TestEntry testId="99a8d06b-69ae-431a-80fd-c064eb72bede" executionId="8f92c256-abe4-4fed-8efd-7ae90f637078" testListId="b0d67efb-4459-46e2-b165-abd5f1eb0a86" />
    <TestEntry testId="c95dc5e7-3744-4c5c-8282-bbbdfbf0d7bd" executionId="8fd8a048-0ba0-4d45-b757-e9298c85ee30" testListId="b0d67efb-4459-46e2-b165-abd5f1eb0a86" />
    <TestEntry testId="49bca13e-512d-458c-a82d-59c1d8ffe362" executionId="e3584af7-f799-4a5d-8dbf-7cddbea7e680" testListId="b0d67efb-4459-46e2-b165-abd5f1eb0a86" />
    <TestEntry testId="5b88c50a-9e16-4c7f-a352-e0415ed0cf45" executionId="0f75f944-3e59-4211-8330-d1b17057b719" testListId="b0d67efb-4459-46e2-b165-abd5f1eb0a86" />
    <TestEntry testId="0ec96ac4-2726-4521-a7ba-ffeab6a696c3" executionId="27fe8d40-c414-4c83-b9f0-4387b94c7bb0" testListId="b0d67efb-4459-46e2-b165-abd5f1eb0a86" />
    <TestEntry testId="44dd4746-50a0-4a05-b048-bf8aba8c36f0" executionId="0528254c-2f7b-4f3e-b2d8-f65a74e5c778" testListId="b0d67efb-4459-46e2-b165-abd5f1eb0a86" />
    <TestEntry testId="95ee2ffc-fde4-4349-a887-88657b6ba9b0" executionId="d3f917ed-9b22-485e-898e-ee85f86f77a7" testListId="b0d67efb-4459-46e2-b165-abd5f1eb0a86" />
    <TestEntry testId="c4927523-faeb-47d5-a7f7-2908b445da87" executionId="860c94b0-fdc5-4b6c-bcae-28ddcdba3534" testListId="b0d67efb-4459-46e2-b165-abd5f1eb0a86" />
    <TestEntry testId="7fc2e834-ab68-4206-b152-04348d89738e" executionId="45bf46da-9a71-4114-8b2b-bc864d268a9a" testListId="b0d67efb-4459-46e2-b165-abd5f1eb0a86" />
    <TestEntry testId="7ace43b4-b487-473c-86e7-765b2a6261c6" executionId="e2c0476e-3d8f-42d0-a69c-26ba5c85913d" testListId="b0d67efb-4459-46e2-b165-abd5f1eb0a86" />
    <TestEntry testId="19477587-70bf-4f48-9c0d-90fca05830bb" executionId="a962cade-ec57-429c-a521-9eac413351f3" testListId="b0d67efb-4459-46e2-b165-abd5f1eb0a86" />
    <TestEntry testId="40a73ca4-b70e-4a4f-b061-81bdd9291f30" executionId="0a0e2731-cbad-4d3e-9a1a-cf21fa23617f" testListId="b0d67efb-4459-46e2-b165-abd5f1eb0a86" />
    <TestEntry testId="680117e5-527c-4333-a431-80c166c7949d" executionId="47fa27d7-2258-4a41-8cd0-10c80e5f7bd9" testListId="b0d67efb-4459-46e2-b165-abd5f1eb0a86" />
    <TestEntry testId="d34b0e95-1e95-4430-81ad-740545f7d578" executionId="8e8672ca-973f-49a9-b560-9f40ef1163af" testListId="b0d67efb-4459-46e2-b165-abd5f1eb0a86" />
    <TestEntry testId="aa7474f3-e1d3-414e-af3a-685a2be1fd53" executionId="2da3a8d1-0d71-4f33-bb70-50dc75055de3" testListId="b0d67efb-4459-46e2-b165-abd5f1eb0a86" />
  </TestEntries>
  <TestLists>
    <TestList name="Results Not in a List" id="b0d67efb-4459-46e2-b165-abd5f1eb0a86" />
    <TestList name="All Loaded Results" id="f4816176-5816-4b08-aad2-62e45b337cd4" />
  </TestLists>
</TestRun>