<?xml version="1.0" encoding="UTF-8"?>
<TestRun id="c2869e49-29cb-4846-8469-da7697146fa6" name="Test Run 29" runUser="Oles Galatsan" xmlns="http://microsoft.com/schemas/VisualStudio/TeamTest/2010">
  <Times creation="2025-05-14T13:20:31.3125482Z" queuing="2025-05-14T13:20:31.3125482Z" start="2025-05-14T13:20:31.3146610Z" finish="2025-05-14T13:25:31.3147553Z" />
  <TestSettings name="Test Settings 29" id="7b1abe1d-b873-41ee-9efc-d7f19fbbfd2c" />
  <Results>
    <UnitTestResult executionId="12d76347-8b27-47c7-a986-cea9118bd9f1" testId="6d52ecbf-283f-4a0f-92b6-567d1e145566" testName="Test2801" computerName="UA-LPT-OGA2" duration="00:00:01.5300000" startTime="2025-05-14T13:20:31.3146610Z" endTime="2025-05-14T13:25:31.3147553Z" testType="13cdc9d9-ddb5-4fa4-a97d-d965ccfc6d4b" outcome="Passed" testListId="73e14759-83b6-4ebc-91e5-b4688a767d60" />
    <UnitTestResult executionId="275129d4-773c-4777-a471-62c45ddb6527" testId="71584842-7d71-459a-8428-967af4f83c9a" testName="Test2802" computerName="UA-LPT-OGA2" duration="00:00:01.6140000" startTime="2025-05-14T13:20:31.3146610Z" endTime="2025-05-14T13:25:31.3147553Z" testType="13cdc9d9-ddb5-4fa4-a97d-d965ccfc6d4b" outcome="Failed" testListId="73e14759-83b6-4ebc-91e5-b4688a767d60">
      <Output>
        <ErrorInfo>
          <Message>Assertion failed: Expected value did not match actual value.</Message>
          <StackTrace>   at TestNamespace.TestClass.Test() in TestClass.cs:line 388</StackTrace>
        </ErrorInfo>
      </Output>
    </UnitTestResult>
    <UnitTestResult executionId="bb03c79a-04ac-438e-b2e4-af4cb7154fd5" testId="bd6b9834-d004-4a13-8b2f-bbef461fc1f0" testName="Test2803" computerName="UA-LPT-OGA2" duration="00:00:01.0340000" startTime="2025-05-14T13:20:31.3146610Z" endTime="2025-05-14T13:25:31.3147553Z" testType="13cdc9d9-ddb5-4fa4-a97d-d965ccfc6d4b" outcome="Failed" testListId="73e14759-83b6-4ebc-91e5-b4688a767d60">
      <Output>
        <ErrorInfo>
          <Message>Assertion failed: Expected value did not match actual value.</Message>
          <StackTrace>   at TestNamespace.TestClass.Test() in TestClass.cs:line 350</StackTrace>
        </ErrorInfo>
      </Output>
    </UnitTestResult>
    <UnitTestResult executionId="c02730c7-f1b8-4db9-8b23-a97ff55c5830" testId="71453083-496c-4d1c-8f19-34be6af6aeba" testName="Test2804" computerName="UA-LPT-OGA2" duration="00:00:00.5910000" startTime="2025-05-14T13:20:31.3146610Z" endTime="2025-05-14T13:25:31.3147553Z" testType="13cdc9d9-ddb5-4fa4-a97d-d965ccfc6d4b" outcome="Passed" testListId="73e14759-83b6-4ebc-91e5-b4688a767d60" />
    <UnitTestResult executionId="e4537c5a-8861-4904-a0ca-bf22e85a4883" testId="bc4b1860-fea1-4bf4-8543-01be12627226" testName="Test2805" computerName="UA-LPT-OGA2" duration="00:00:00.8660000" startTime="2025-05-14T13:20:31.3146610Z" endTime="2025-05-14T13:25:31.3147553Z" testType="13cdc9d9-ddb5-4fa4-a97d-d965ccfc6d4b" outcome="Passed" testListId="73e14759-83b6-4ebc-91e5-b4688a767d60" />
    <UnitTestResult executionId="3bd607c7-d495-48a4-9d4b-9661d40a06ec" testId="fd4fc6c5-41aa-45fa-bd05-a06f8caf64b4" testName="Test2806" computerName="UA-LPT-OGA2" duration="00:00:00.6590000" startTime="2025-05-14T13:20:31.3146610Z" endTime="2025-05-14T13:25:31.3147553Z" testType="13cdc9d9-ddb5-4fa4-a97d-d965ccfc6d4b" outcome="Passed" testListId="73e14759-83b6-4ebc-91e5-b4688a767d60" />
    <UnitTestResult executionId="7e522195-f515-4572-8d46-fabe79de495d" testId="0e7c93b3-1830-43ce-9d72-081b2edb8ae0" testName="Test2807" computerName="UA-LPT-OGA2" duration="00:00:01.4370000" startTime="2025-05-14T13:20:31.3146610Z" endTime="2025-05-14T13:25:31.3147553Z" testType="13cdc9d9-ddb5-4fa4-a97d-d965ccfc6d4b" outcome="Passed" testListId="73e14759-83b6-4ebc-91e5-b4688a767d60" />
    <UnitTestResult executionId="a66677da-dee8-445f-bbb4-b8946ded2d72" testId="3020574b-c0fd-4779-b0a1-b4730e1e8b75" testName="Test2808" computerName="UA-LPT-OGA2" duration="00:00:01.1800000" startTime="2025-05-14T13:20:31.3146610Z" endTime="2025-05-14T13:25:31.3147553Z" testType="13cdc9d9-ddb5-4fa4-a97d-d965ccfc6d4b" outcome="Passed" testListId="73e14759-83b6-4ebc-91e5-b4688a767d60" />
    <UnitTestResult executionId="6181dd7d-0ca1-4961-8a7a-0531709cdea7" testId="16c7a27c-8ba0-4557-95af-2fac7bc961d0" testName="Test2809" computerName="UA-LPT-OGA2" duration="00:00:01.6220000" startTime="2025-05-14T13:20:31.3146610Z" endTime="2025-05-14T13:25:31.3147553Z" testType="13cdc9d9-ddb5-4fa4-a97d-d965ccfc6d4b" outcome="Passed" testListId="73e14759-83b6-4ebc-91e5-b4688a767d60" />
    <UnitTestResult executionId="5edd1633-fa07-4676-86a0-d122032e4838" testId="550cc94e-7ae9-4509-86cb-1416919ebee6" testName="Test2810" computerName="UA-LPT-OGA2" duration="00:00:00.3350000" startTime="2025-05-14T13:20:31.3146610Z" endTime="2025-05-14T13:25:31.3147553Z" testType="13cdc9d9-ddb5-4fa4-a97d-d965ccfc6d4b" outcome="Passed" testListId="73e14759-83b6-4ebc-91e5-b4688a767d60" />
    <UnitTestResult executionId="1625e43e-3423-40d5-b72b-aff9f251a2ac" testId="d583f759-71c6-44ab-b9cf-7102310fa032" testName="Test2811" computerName="UA-LPT-OGA2" duration="00:00:01.5820000" startTime="2025-05-14T13:20:31.3146610Z" endTime="2025-05-14T13:25:31.3147553Z" testType="13cdc9d9-ddb5-4fa4-a97d-d965ccfc6d4b" outcome="Passed" testListId="73e14759-83b6-4ebc-91e5-b4688a767d60" />
    <UnitTestResult executionId="7ee07ab0-2e81-426d-9f7d-6d3b44698a13" testId="ea73e3e4-26c3-49dc-a17b-e9e25531a7bd" testName="Test2812" computerName="UA-LPT-OGA2" duration="00:00:01.8030000" startTime="2025-05-14T13:20:31.3146610Z" endTime="2025-05-14T13:25:31.3147553Z" testType="13cdc9d9-ddb5-4fa4-a97d-d965ccfc6d4b" outcome="Failed" testListId="73e14759-83b6-4ebc-91e5-b4688a767d60">
      <Output>
        <ErrorInfo>
          <Message>Assertion failed: Expected value did not match actual value.</Message>
          <StackTrace>   at TestNamespace.TestClass.Test() in TestClass.cs:line 464</StackTrace>
        </ErrorInfo>
      </Output>
    </UnitTestResult>
    <UnitTestResult executionId="7382c28f-1af0-4af4-b23d-01ac8d5fbf8e" testId="e34105be-9ebb-4b4d-a7cf-f6429145caa0" testName="Test2813" computerName="UA-LPT-OGA2" duration="00:00:01.6840000" startTime="2025-05-14T13:20:31.3146610Z" endTime="2025-05-14T13:25:31.3147553Z" testType="13cdc9d9-ddb5-4fa4-a97d-d965ccfc6d4b" outcome="Passed" testListId="73e14759-83b6-4ebc-91e5-b4688a767d60" />
    <UnitTestResult executionId="b124bd21-3f63-4214-98d7-cba3cefe9a7f" testId="8109038e-f3f7-41c9-b770-8c51d16621c5" testName="Test2814" computerName="UA-LPT-OGA2" duration="00:00:01.9660000" startTime="2025-05-14T13:20:31.3146610Z" endTime="2025-05-14T13:25:31.3147553Z" testType="13cdc9d9-ddb5-4fa4-a97d-d965ccfc6d4b" outcome="Passed" testListId="73e14759-83b6-4ebc-91e5-b4688a767d60" />
    <UnitTestResult executionId="d15b66ea-fb32-417d-bc16-4762bf2e9af5" testId="14457904-b0a5-4395-b0f5-68ad75fee066" testName="Test2815" computerName="UA-LPT-OGA2" duration="00:00:00.5830000" startTime="2025-05-14T13:20:31.3146610Z" endTime="2025-05-14T13:25:31.3147553Z" testType="13cdc9d9-ddb5-4fa4-a97d-d965ccfc6d4b" outcome="Passed" testListId="73e14759-83b6-4ebc-91e5-b4688a767d60" />
    <UnitTestResult executionId="8df861f5-7786-464c-88a7-3df1c8d8adfa" testId="b18c3645-ac9f-43ea-b925-f4959f18339c" testName="Test2816" computerName="UA-LPT-OGA2" duration="00:00:01.7630000" startTime="2025-05-14T13:20:31.3146610Z" endTime="2025-05-14T13:25:31.3147553Z" testType="13cdc9d9-ddb5-4fa4-a97d-d965ccfc6d4b" outcome="Passed" testListId="73e14759-83b6-4ebc-91e5-b4688a767d60" />
    <UnitTestResult executionId="46d5d599-e286-4cca-ac07-1058528c297c" testId="bd29ebe1-9c1a-408f-872b-e3e4145d7cf8" testName="Test2817" computerName="UA-LPT-OGA2" duration="00:00:01.7450000" startTime="2025-05-14T13:20:31.3146610Z" endTime="2025-05-14T13:25:31.3147553Z" testType="13cdc9d9-ddb5-4fa4-a97d-d965ccfc6d4b" outcome="Passed" testListId="73e14759-83b6-4ebc-91e5-b4688a767d60" />
    <UnitTestResult executionId="57ea1f47-31c8-4cd7-ab95-dd0c744ac68a" testId="b9c206a8-a4ab-4137-a0cd-067953833761" testName="Test2818" computerName="UA-LPT-OGA2" duration="00:00:01.7690000" startTime="2025-05-14T13:20:31.3146610Z" endTime="2025-05-14T13:25:31.3147553Z" testType="13cdc9d9-ddb5-4fa4-a97d-d965ccfc6d4b" outcome="Failed" testListId="73e14759-83b6-4ebc-91e5-b4688a767d60">
      <Output>
        <ErrorInfo>
          <Message>Assertion failed: Expected value did not match actual value.</Message>
          <StackTrace>   at TestNamespace.TestClass.Test() in TestClass.cs:line 150</StackTrace>
        </ErrorInfo>
      </Output>
    </UnitTestResult>
    <UnitTestResult executionId="3af7ca64-d30a-4f60-a38f-570b892bb8df" testId="6752a4b2-c1f1-435f-ab76-7176c42f8c84" testName="Test2819" computerName="UA-LPT-OGA2" duration="00:00:01.2930000" startTime="2025-05-14T13:20:31.3146610Z" endTime="2025-05-14T13:25:31.3147553Z" testType="13cdc9d9-ddb5-4fa4-a97d-d965ccfc6d4b" outcome="Passed" testListId="73e14759-83b6-4ebc-91e5-b4688a767d60" />
    <UnitTestResult executionId="0adcf2a6-295d-46d5-8125-9aea5f0b08f1" testId="e404dbed-6e95-4860-a5d1-9667407c8d92" testName="Test2820" computerName="UA-LPT-OGA2" duration="00:00:01.9260000" startTime="2025-05-14T13:20:31.3146610Z" endTime="2025-05-14T13:25:31.3147553Z" testType="13cdc9d9-ddb5-4fa4-a97d-d965ccfc6d4b" outcome="Passed" testListId="73e14759-83b6-4ebc-91e5-b4688a767d60" />
    <UnitTestResult executionId="680fcd07-14aa-4729-a13d-3425cdc341b5" testId="3cb46a71-7a27-49b2-995c-61783a2f87b0" testName="Test2821" computerName="UA-LPT-OGA2" duration="00:00:00.4430000" startTime="2025-05-14T13:20:31.3146610Z" endTime="2025-05-14T13:25:31.3147553Z" testType="13cdc9d9-ddb5-4fa4-a97d-d965ccfc6d4b" outcome="Passed" testListId="73e14759-83b6-4ebc-91e5-b4688a767d60" />
    <UnitTestResult executionId="81aa09ce-66c2-4988-a103-ca79021c2d61" testId="a0461340-b243-40fb-8775-50c3017d2fcd" testName="Test2822" computerName="UA-LPT-OGA2" duration="00:00:01.5230000" startTime="2025-05-14T13:20:31.3146610Z" endTime="2025-05-14T13:25:31.3147553Z" testType="13cdc9d9-ddb5-4fa4-a97d-d965ccfc6d4b" outcome="Passed" testListId="73e14759-83b6-4ebc-91e5-b4688a767d60" />
    <UnitTestResult executionId="d35d98af-8842-43b1-8ad8-ac59188cccd4" testId="41109e2c-4239-4766-b4bc-dbb7064026fe" testName="Test2823" computerName="UA-LPT-OGA2" duration="00:00:01.6700000" startTime="2025-05-14T13:20:31.3146610Z" endTime="2025-05-14T13:25:31.3147553Z" testType="13cdc9d9-ddb5-4fa4-a97d-d965ccfc6d4b" outcome="Passed" testListId="73e14759-83b6-4ebc-91e5-b4688a767d60" />
    <UnitTestResult executionId="97b96c97-8573-4a68-b6f1-87726c23f874" testId="4b991a5c-24c6-4626-ac0d-d2bcf4c02cfa" testName="Test2824" computerName="UA-LPT-OGA2" duration="00:00:00.5110000" startTime="2025-05-14T13:20:31.3146610Z" endTime="2025-05-14T13:25:31.3147553Z" testType="13cdc9d9-ddb5-4fa4-a97d-d965ccfc6d4b" outcome="Passed" testListId="73e14759-83b6-4ebc-91e5-b4688a767d60" />
    <UnitTestResult executionId="ce5b4016-b220-4f75-8840-a735053a9259" testId="5f491004-f380-45a5-aaca-e52c1568f142" testName="Test2825" computerName="UA-LPT-OGA2" duration="00:00:00.1200000" startTime="2025-05-14T13:20:31.3146610Z" endTime="2025-05-14T13:25:31.3147553Z" testType="13cdc9d9-ddb5-4fa4-a97d-d965ccfc6d4b" outcome="Passed" testListId="73e14759-83b6-4ebc-91e5-b4688a767d60" />
    <UnitTestResult executionId="fa4e266b-b655-4840-ae3a-e60dab9fb401" testId="47ffc903-61e0-40b2-92b5-67b21e47630e" testName="Test2826" computerName="UA-LPT-OGA2" duration="00:00:01.7060000" startTime="2025-05-14T13:20:31.3146610Z" endTime="2025-05-14T13:25:31.3147553Z" testType="13cdc9d9-ddb5-4fa4-a97d-d965ccfc6d4b" outcome="Passed" testListId="73e14759-83b6-4ebc-91e5-b4688a767d60" />
    <UnitTestResult executionId="468a957e-3e4a-4197-8d1a-724e8862a67f" testId="e1c139d2-a7f0-41a0-b5af-227d8c9969a3" testName="Test2827" computerName="UA-LPT-OGA2" duration="00:00:01.2490000" startTime="2025-05-14T13:20:31.3146610Z" endTime="2025-05-14T13:25:31.3147553Z" testType="13cdc9d9-ddb5-4fa4-a97d-d965ccfc6d4b" outcome="Passed" testListId="73e14759-83b6-4ebc-91e5-b4688a767d60" />
    <UnitTestResult executionId="cba3059c-9f80-48f8-a9af-d46c452f4310" testId="ec7c0c28-0807-4e0c-8fb2-44fe62ff9bef" testName="Test2828" computerName="UA-LPT-OGA2" duration="00:00:00.9270000" startTime="2025-05-14T13:20:31.3146610Z" endTime="2025-05-14T13:25:31.3147553Z" testType="13cdc9d9-ddb5-4fa4-a97d-d965ccfc6d4b" outcome="Passed" testListId="73e14759-83b6-4ebc-91e5-b4688a767d60" />
    <UnitTestResult executionId="3143251c-696f-4085-ae9a-0d6ae72fcdd9" testId="5c8b3303-abd1-4890-a271-c962c38c8309" testName="Test2829" computerName="UA-LPT-OGA2" duration="00:00:01.8730000" startTime="2025-05-14T13:20:31.3146610Z" endTime="2025-05-14T13:25:31.3147553Z" testType="13cdc9d9-ddb5-4fa4-a97d-d965ccfc6d4b" outcome="Passed" testListId="73e14759-83b6-4ebc-91e5-b4688a767d60" />
    <UnitTestResult executionId="12f8291b-c661-41ce-a3c2-90657957a142" testId="613cabb1-a996-4890-ae37-6244865efc78" testName="Test2830" computerName="UA-LPT-OGA2" duration="00:00:01.4740000" startTime="2025-05-14T13:20:31.3146610Z" endTime="2025-05-14T13:25:31.3147553Z" testType="13cdc9d9-ddb5-4fa4-a97d-d965ccfc6d4b" outcome="Passed" testListId="73e14759-83b6-4ebc-91e5-b4688a767d60" />
    <UnitTestResult executionId="7e7cef9c-a3c1-4a87-b7c3-106b9ca17720" testId="cbd9f018-8df4-4ab7-89b5-af5623054cd3" testName="Test2831" computerName="UA-LPT-OGA2" duration="00:00:00.7090000" startTime="2025-05-14T13:20:31.3146610Z" endTime="2025-05-14T13:25:31.3147553Z" testType="13cdc9d9-ddb5-4fa4-a97d-d965ccfc6d4b" outcome="Passed" testListId="73e14759-83b6-4ebc-91e5-b4688a767d60" />
    <UnitTestResult executionId="536ccaaf-b93e-4985-bcfa-3b7a9b7d7c74" testId="1e2708d4-7729-4704-a7d7-416b7ac081db" testName="Test2832" computerName="UA-LPT-OGA2" duration="00:00:01.7600000" startTime="2025-05-14T13:20:31.3146610Z" endTime="2025-05-14T13:25:31.3147553Z" testType="13cdc9d9-ddb5-4fa4-a97d-d965ccfc6d4b" outcome="Failed" testListId="73e14759-83b6-4ebc-91e5-b4688a767d60">
      <Output>
        <ErrorInfo>
          <Message>Assertion failed: Expected value did not match actual value.</Message>
          <StackTrace>   at TestNamespace.TestClass.Test() in TestClass.cs:line 42</StackTrace>
        </ErrorInfo>
      </Output>
    </UnitTestResult>
    <UnitTestResult executionId="c1a5622c-1379-4eea-a6d7-640bc3364a29" testId="07401c4d-039a-4272-9b80-b555b59f1b35" testName="Test2833" computerName="UA-LPT-OGA2" duration="00:00:01.3550000" startTime="2025-05-14T13:20:31.3146610Z" endTime="2025-05-14T13:25:31.3147553Z" testType="13cdc9d9-ddb5-4fa4-a97d-d965ccfc6d4b" outcome="Passed" testListId="73e14759-83b6-4ebc-91e5-b4688a767d60" />
    <UnitTestResult executionId="731e227f-280a-465f-b285-22dccbc59b59" testId="ef014f3e-60dc-4e0b-8951-cd5b9354fbb2" testName="Test2834" computerName="UA-LPT-OGA2" duration="00:00:01.4040000" startTime="2025-05-14T13:20:31.3146610Z" endTime="2025-05-14T13:25:31.3147553Z" testType="13cdc9d9-ddb5-4fa4-a97d-d965ccfc6d4b" outcome="Passed" testListId="73e14759-83b6-4ebc-91e5-b4688a767d60" />
    <UnitTestResult executionId="8ae3d23b-cc0b-418c-a3a3-d3cf4b2e6c81" testId="068c5dfc-b6bd-431b-955f-80b2554936c1" testName="Test2835" computerName="UA-LPT-OGA2" duration="00:00:01.2870000" startTime="2025-05-14T13:20:31.3146610Z" endTime="2025-05-14T13:25:31.3147553Z" testType="13cdc9d9-ddb5-4fa4-a97d-d965ccfc6d4b" outcome="Passed" testListId="73e14759-83b6-4ebc-91e5-b4688a767d60" />
    <UnitTestResult executionId="b93037b2-4b58-423a-84dc-71f8220cdcd1" testId="fb0db7c0-0daf-4ede-8700-ab544c55f2c0" testName="Test2836" computerName="UA-LPT-OGA2" duration="00:00:00.2890000" startTime="2025-05-14T13:20:31.3146610Z" endTime="2025-05-14T13:25:31.3147553Z" testType="13cdc9d9-ddb5-4fa4-a97d-d965ccfc6d4b" outcome="Passed" testListId="73e14759-83b6-4ebc-91e5-b4688a767d60" />
    <UnitTestResult executionId="ef228499-fe39-4b39-a757-2d8b4fe98fb3" testId="b5431a7d-b868-4e1c-a7db-5950bbe51891" testName="Test2837" computerName="UA-LPT-OGA2" duration="00:00:00.3620000" startTime="2025-05-14T13:20:31.3146610Z" endTime="2025-05-14T13:25:31.3147553Z" testType="13cdc9d9-ddb5-4fa4-a97d-d965ccfc6d4b" outcome="Passed" testListId="73e14759-83b6-4ebc-91e5-b4688a767d60" />
    <UnitTestResult executionId="366a12fd-56f8-4345-95b5-604b5b57eb4b" testId="719abf8f-228a-43f7-a46c-59aeeef9e49e" testName="Test2838" computerName="UA-LPT-OGA2" duration="00:00:01.8550000" startTime="2025-05-14T13:20:31.3146610Z" endTime="2025-05-14T13:25:31.3147553Z" testType="13cdc9d9-ddb5-4fa4-a97d-d965ccfc6d4b" outcome="Passed" testListId="73e14759-83b6-4ebc-91e5-b4688a767d60" />
    <UnitTestResult executionId="c3db978d-3577-4e4b-b25c-d17f6d819d5a" testId="553847b1-cd94-49b1-8ff2-c00dc7d235b5" testName="Test2839" computerName="UA-LPT-OGA2" duration="00:00:00.4460000" startTime="2025-05-14T13:20:31.3146610Z" endTime="2025-05-14T13:25:31.3147553Z" testType="13cdc9d9-ddb5-4fa4-a97d-d965ccfc6d4b" outcome="Passed" testListId="73e14759-83b6-4ebc-91e5-b4688a767d60" />
    <UnitTestResult executionId="d42bfce6-bd53-4871-a3f3-6329dd1e9780" testId="e678c208-5024-42a8-b3ce-6dabab950648" testName="Test2840" computerName="UA-LPT-OGA2" duration="00:00:00.7030000" startTime="2025-05-14T13:20:31.3146610Z" endTime="2025-05-14T13:25:31.3147553Z" testType="13cdc9d9-ddb5-4fa4-a97d-d965ccfc6d4b" outcome="Failed" testListId="73e14759-83b6-4ebc-91e5-b4688a767d60">
      <Output>
        <ErrorInfo>
          <Message>Assertion failed: Expected value did not match actual value.</Message>
          <StackTrace>   at TestNamespace.TestClass.Test() in TestClass.cs:line 316</StackTrace>
        </ErrorInfo>
      </Output>
    </UnitTestResult>
    <UnitTestResult executionId="2697411f-1d59-465e-8102-2e05a2eedb44" testId="f71a2a2f-991d-47ec-8f0e-baa77b189f2e" testName="Test2841" computerName="UA-LPT-OGA2" duration="00:00:01.2750000" startTime="2025-05-14T13:20:31.3146610Z" endTime="2025-05-14T13:25:31.3147553Z" testType="13cdc9d9-ddb5-4fa4-a97d-d965ccfc6d4b" outcome="Passed" testListId="73e14759-83b6-4ebc-91e5-b4688a767d60" />
    <UnitTestResult executionId="92e48afe-d54b-447c-a458-287fcf799ef6" testId="5fd1abdb-b0b7-4584-ae9c-c6cf4c0fadd9" testName="Test2842" computerName="UA-LPT-OGA2" duration="00:00:00.6270000" startTime="2025-05-14T13:20:31.3146610Z" endTime="2025-05-14T13:25:31.3147553Z" testType="13cdc9d9-ddb5-4fa4-a97d-d965ccfc6d4b" outcome="Passed" testListId="73e14759-83b6-4ebc-91e5-b4688a767d60" />
    <UnitTestResult executionId="b2653ac6-78e1-48f0-ba6e-c99cc61f4972" testId="343bfe42-4b8e-48ec-8f36-41b3bce9c353" testName="Test2843" computerName="UA-LPT-OGA2" duration="00:00:00.8130000" startTime="2025-05-14T13:20:31.3146610Z" endTime="2025-05-14T13:25:31.3147553Z" testType="13cdc9d9-ddb5-4fa4-a97d-d965ccfc6d4b" outcome="Passed" testListId="73e14759-83b6-4ebc-91e5-b4688a767d60" />
    <UnitTestResult executionId="5ea4c507-b7e5-46c5-b7d4-a87be1de6843" testId="7e5a9230-a8f0-45f5-822b-a46479ee2dd2" testName="Test2844" computerName="UA-LPT-OGA2" duration="00:00:01.8580000" startTime="2025-05-14T13:20:31.3146610Z" endTime="2025-05-14T13:25:31.3147553Z" testType="13cdc9d9-ddb5-4fa4-a97d-d965ccfc6d4b" outcome="Passed" testListId="73e14759-83b6-4ebc-91e5-b4688a767d60" />
    <UnitTestResult executionId="49899109-77a2-4e32-84bd-5dd01cdb5ee5" testId="6be36752-84a3-4f77-aaee-f528a110943f" testName="Test2845" computerName="UA-LPT-OGA2" duration="00:00:01.1500000" startTime="2025-05-14T13:20:31.3146610Z" endTime="2025-05-14T13:25:31.3147553Z" testType="13cdc9d9-ddb5-4fa4-a97d-d965ccfc6d4b" outcome="Failed" testListId="73e14759-83b6-4ebc-91e5-b4688a767d60">
      <Output>
        <ErrorInfo>
          <Message>Assertion failed: Expected value did not match actual value.</Message>
          <StackTrace>   at TestNamespace.TestClass.Test() in TestClass.cs:line 412</StackTrace>
        </ErrorInfo>
      </Output>
    </UnitTestResult>
    <UnitTestResult executionId="68b10d72-078b-415f-87c0-6825bae96db7" testId="51ad321a-1204-4432-866e-c97da485a14c" testName="Test2846" computerName="UA-LPT-OGA2" duration="00:00:01.4240000" startTime="2025-05-14T13:20:31.3146610Z" endTime="2025-05-14T13:25:31.3147553Z" testType="13cdc9d9-ddb5-4fa4-a97d-d965ccfc6d4b" outcome="Passed" testListId="73e14759-83b6-4ebc-91e5-b4688a767d60" />
    <UnitTestResult executionId="03199daf-5527-4783-ba3c-1490461769c8" testId="221002ec-6de9-4b57-9eaf-70e53e78cc6d" testName="Test2847" computerName="UA-LPT-OGA2" duration="00:00:00.5440000" startTime="2025-05-14T13:20:31.3146610Z" endTime="2025-05-14T13:25:31.3147553Z" testType="13cdc9d9-ddb5-4fa4-a97d-d965ccfc6d4b" outcome="Passed" testListId="73e14759-83b6-4ebc-91e5-b4688a767d60" />
    <UnitTestResult executionId="c5dde44e-a14a-4129-86d9-1d146475f271" testId="1aac1c79-5001-4ab8-a3a2-b37a9af168e8" testName="Test2848" computerName="UA-LPT-OGA2" duration="00:00:00.2670000" startTime="2025-05-14T13:20:31.3146610Z" endTime="2025-05-14T13:25:31.3147553Z" testType="13cdc9d9-ddb5-4fa4-a97d-d965ccfc6d4b" outcome="Passed" testListId="73e14759-83b6-4ebc-91e5-b4688a767d60" />
    <UnitTestResult executionId="30e579d8-4e9e-4856-af18-2303ef306616" testId="fa37331d-ba61-409c-aa4d-35ab4dc64afd" testName="Test2849" computerName="UA-LPT-OGA2" duration="00:00:01.0870000" startTime="2025-05-14T13:20:31.3146610Z" endTime="2025-05-14T13:25:31.3147553Z" testType="13cdc9d9-ddb5-4fa4-a97d-d965ccfc6d4b" outcome="Passed" testListId="73e14759-83b6-4ebc-91e5-b4688a767d60" />
    <UnitTestResult executionId="5e406cac-f1c2-432c-9923-af0862fa6463" testId="a0f7ecd0-8516-4bf2-943a-1a3dbf804e9f" testName="Test2850" computerName="UA-LPT-OGA2" duration="00:00:01.4350000" startTime="2025-05-14T13:20:31.3146610Z" endTime="2025-05-14T13:25:31.3147553Z" testType="13cdc9d9-ddb5-4fa4-a97d-d965ccfc6d4b" outcome="Passed" testListId="73e14759-83b6-4ebc-91e5-b4688a767d60" />
    <UnitTestResult executionId="6d97fba5-96a5-4344-8624-5f85218c1d9b" testId="1d0eb886-6066-4e49-9e6b-5f54333d445b" testName="Test2851" computerName="UA-LPT-OGA2" duration="00:00:01.8700000" startTime="2025-05-14T13:20:31.3146610Z" endTime="2025-05-14T13:25:31.3147553Z" testType="13cdc9d9-ddb5-4fa4-a97d-d965ccfc6d4b" outcome="Passed" testListId="73e14759-83b6-4ebc-91e5-b4688a767d60" />
    <UnitTestResult executionId="caf28738-dade-46c5-a7ec-3d18b7659608" testId="64a0d0a2-2799-4f67-9a31-86029d750762" testName="Test2852" computerName="UA-LPT-OGA2" duration="00:00:01.8910000" startTime="2025-05-14T13:20:31.3146610Z" endTime="2025-05-14T13:25:31.3147553Z" testType="13cdc9d9-ddb5-4fa4-a97d-d965ccfc6d4b" outcome="Passed" testListId="73e14759-83b6-4ebc-91e5-b4688a767d60" />
    <UnitTestResult executionId="9ad03107-7f66-4d71-a297-41de67012deb" testId="9a7303b4-23ef-4f39-8283-d11da75c544c" testName="Test2853" computerName="UA-LPT-OGA2" duration="00:00:01.9980000" startTime="2025-05-14T13:20:31.3146610Z" endTime="2025-05-14T13:25:31.3147553Z" testType="13cdc9d9-ddb5-4fa4-a97d-d965ccfc6d4b" outcome="Passed" testListId="73e14759-83b6-4ebc-91e5-b4688a767d60" />
    <UnitTestResult executionId="4179d433-5fa8-4139-b0d4-52eaf43a84b5" testId="b4e12641-12ce-4450-b715-8f79007ea203" testName="Test2854" computerName="UA-LPT-OGA2" duration="00:00:00.8190000" startTime="2025-05-14T13:20:31.3146610Z" endTime="2025-05-14T13:25:31.3147553Z" testType="13cdc9d9-ddb5-4fa4-a97d-d965ccfc6d4b" outcome="Passed" testListId="73e14759-83b6-4ebc-91e5-b4688a767d60" />
    <UnitTestResult executionId="06de4d25-f44b-4da9-8442-c83ab6994618" testId="3c81fdb1-8afe-4219-a207-972e99b10261" testName="Test2855" computerName="UA-LPT-OGA2" duration="00:00:00.2070000" startTime="2025-05-14T13:20:31.3146610Z" endTime="2025-05-14T13:25:31.3147553Z" testType="13cdc9d9-ddb5-4fa4-a97d-d965ccfc6d4b" outcome="Passed" testListId="73e14759-83b6-4ebc-91e5-b4688a767d60" />
    <UnitTestResult executionId="8ba81ce0-902f-429e-b7af-998a161c4db8" testId="48147a44-3533-4d35-95af-80463abe810f" testName="Test2856" computerName="UA-LPT-OGA2" duration="00:00:01.9120000" startTime="2025-05-14T13:20:31.3146610Z" endTime="2025-05-14T13:25:31.3147553Z" testType="13cdc9d9-ddb5-4fa4-a97d-d965ccfc6d4b" outcome="Passed" testListId="73e14759-83b6-4ebc-91e5-b4688a767d60" />
    <UnitTestResult executionId="442bcf83-1ec6-46b2-b8f4-c05eaac92235" testId="539ad8f3-bd5c-4d94-8240-a2c0d5f38a55" testName="Test2857" computerName="UA-LPT-OGA2" duration="00:00:00.8220000" startTime="2025-05-14T13:20:31.3146610Z" endTime="2025-05-14T13:25:31.3147553Z" testType="13cdc9d9-ddb5-4fa4-a97d-d965ccfc6d4b" outcome="Passed" testListId="73e14759-83b6-4ebc-91e5-b4688a767d60" />
    <UnitTestResult executionId="e51cddc1-bc1b-455b-aab2-b3ce4f7f7c13" testId="9ccf6ecd-c2b6-4a74-876a-b26bf0af8540" testName="Test2858" computerName="UA-LPT-OGA2" duration="00:00:01.1210000" startTime="2025-05-14T13:20:31.3146610Z" endTime="2025-05-14T13:25:31.3147553Z" testType="13cdc9d9-ddb5-4fa4-a97d-d965ccfc6d4b" outcome="Passed" testListId="73e14759-83b6-4ebc-91e5-b4688a767d60" />
    <UnitTestResult executionId="f04eeeaa-8406-453a-82b1-2fbb5940597a" testId="24698c12-f694-4541-bfe5-7bc379ea33c8" testName="Test2859" computerName="UA-LPT-OGA2" duration="00:00:01.8270000" startTime="2025-05-14T13:20:31.3146610Z" endTime="2025-05-14T13:25:31.3147553Z" testType="13cdc9d9-ddb5-4fa4-a97d-d965ccfc6d4b" outcome="Passed" testListId="73e14759-83b6-4ebc-91e5-b4688a767d60" />
    <UnitTestResult executionId="970e2736-881e-4954-81a5-4f9dd5169756" testId="524e9738-f71f-4e9b-b3ec-8cb6f5c29b20" testName="Test2860" computerName="UA-LPT-OGA2" duration="00:00:01.5970000" startTime="2025-05-14T13:20:31.3146610Z" endTime="2025-05-14T13:25:31.3147553Z" testType="13cdc9d9-ddb5-4fa4-a97d-d965ccfc6d4b" outcome="Passed" testListId="73e14759-83b6-4ebc-91e5-b4688a767d60" />
    <UnitTestResult executionId="8d7e70ce-734b-42fa-a99d-fd4a0b63c98d" testId="1a238907-826c-43b4-a1bb-5a3dbc0b73cf" testName="Test2861" computerName="UA-LPT-OGA2" duration="00:00:01.9320000" startTime="2025-05-14T13:20:31.3146610Z" endTime="2025-05-14T13:25:31.3147553Z" testType="13cdc9d9-ddb5-4fa4-a97d-d965ccfc6d4b" outcome="Passed" testListId="73e14759-83b6-4ebc-91e5-b4688a767d60" />
    <UnitTestResult executionId="334221a1-6667-413d-bfea-ed4657eaab5e" testId="0ba5caaa-266e-4967-b804-33b364243be5" testName="Test2862" computerName="UA-LPT-OGA2" duration="00:00:00.0380000" startTime="2025-05-14T13:20:31.3146610Z" endTime="2025-05-14T13:25:31.3147553Z" testType="13cdc9d9-ddb5-4fa4-a97d-d965ccfc6d4b" outcome="Passed" testListId="73e14759-83b6-4ebc-91e5-b4688a767d60" />
    <UnitTestResult executionId="eceeb18c-3165-44e9-ad38-d7b6083c8b57" testId="195d61d0-28bb-444a-9f86-de558c394e84" testName="Test2863" computerName="UA-LPT-OGA2" duration="00:00:01.1870000" startTime="2025-05-14T13:20:31.3146610Z" endTime="2025-05-14T13:25:31.3147553Z" testType="13cdc9d9-ddb5-4fa4-a97d-d965ccfc6d4b" outcome="Passed" testListId="73e14759-83b6-4ebc-91e5-b4688a767d60" />
    <UnitTestResult executionId="39dcd07a-9a93-493d-a970-65d7f5b44188" testId="8d278cff-b5a6-4adb-8ecc-2da089a6b13c" testName="Test2864" computerName="UA-LPT-OGA2" duration="00:00:00.5220000" startTime="2025-05-14T13:20:31.3146610Z" endTime="2025-05-14T13:25:31.3147553Z" testType="13cdc9d9-ddb5-4fa4-a97d-d965ccfc6d4b" outcome="Passed" testListId="73e14759-83b6-4ebc-91e5-b4688a767d60" />
    <UnitTestResult executionId="f1280f21-490d-47ad-b206-4072c3b853c2" testId="d81774e3-c777-4224-a46c-de3f4457ab15" testName="Test2865" computerName="UA-LPT-OGA2" duration="00:00:00.1870000" startTime="2025-05-14T13:20:31.3146610Z" endTime="2025-05-14T13:25:31.3147553Z" testType="13cdc9d9-ddb5-4fa4-a97d-d965ccfc6d4b" outcome="Passed" testListId="73e14759-83b6-4ebc-91e5-b4688a767d60" />
    <UnitTestResult executionId="cf293b3a-af70-4e2c-812c-8b9b254d9177" testId="b7479ee9-61da-4a00-9601-064f653c2569" testName="Test2866" computerName="UA-LPT-OGA2" duration="00:00:01.9960000" startTime="2025-05-14T13:20:31.3146610Z" endTime="2025-05-14T13:25:31.3147553Z" testType="13cdc9d9-ddb5-4fa4-a97d-d965ccfc6d4b" outcome="Passed" testListId="73e14759-83b6-4ebc-91e5-b4688a767d60" />
    <UnitTestResult executionId="bac472a8-6f9f-4ccd-886b-8d177d56c6ee" testId="f5585550-a55f-470c-bf40-a50876ba6000" testName="Test2867" computerName="UA-LPT-OGA2" duration="00:00:01.3190000" startTime="2025-05-14T13:20:31.3146610Z" endTime="2025-05-14T13:25:31.3147553Z" testType="13cdc9d9-ddb5-4fa4-a97d-d965ccfc6d4b" outcome="Passed" testListId="73e14759-83b6-4ebc-91e5-b4688a767d60" />
    <UnitTestResult executionId="27628a4d-d77a-4a59-8789-8d2138245b49" testId="f79b0856-4f0f-4fcf-966b-724fa6d1d9bb" testName="Test2868" computerName="UA-LPT-OGA2" duration="00:00:00.8990000" startTime="2025-05-14T13:20:31.3146610Z" endTime="2025-05-14T13:25:31.3147553Z" testType="13cdc9d9-ddb5-4fa4-a97d-d965ccfc6d4b" outcome="Passed" testListId="73e14759-83b6-4ebc-91e5-b4688a767d60" />
    <UnitTestResult executionId="4153338a-3e1a-4b56-a020-8da26dbce74e" testId="02a0a647-6905-4b96-b2dc-405ca6d970f9" testName="Test2869" computerName="UA-LPT-OGA2" duration="00:00:00.2760000" startTime="2025-05-14T13:20:31.3146610Z" endTime="2025-05-14T13:25:31.3147553Z" testType="13cdc9d9-ddb5-4fa4-a97d-d965ccfc6d4b" outcome="Passed" testListId="73e14759-83b6-4ebc-91e5-b4688a767d60" />
    <UnitTestResult executionId="fd02c071-bde0-423c-b6e1-7ad98edb7ee2" testId="531d3fd3-1e18-47c2-bb20-619f3d292bbf" testName="Test2870" computerName="UA-LPT-OGA2" duration="00:00:01.9480000" startTime="2025-05-14T13:20:31.3146610Z" endTime="2025-05-14T13:25:31.3147553Z" testType="13cdc9d9-ddb5-4fa4-a97d-d965ccfc6d4b" outcome="Passed" testListId="73e14759-83b6-4ebc-91e5-b4688a767d60" />
    <UnitTestResult executionId="4d473071-c197-44c7-b52a-62d6ff228070" testId="559dee4c-9c00-482a-9a1a-82cd5c3e15f5" testName="Test2871" computerName="UA-LPT-OGA2" duration="00:00:01.5220000" startTime="2025-05-14T13:20:31.3146610Z" endTime="2025-05-14T13:25:31.3147553Z" testType="13cdc9d9-ddb5-4fa4-a97d-d965ccfc6d4b" outcome="Passed" testListId="73e14759-83b6-4ebc-91e5-b4688a767d60" />
    <UnitTestResult executionId="9869b616-69a0-4cdb-9cda-5c04f6bed94f" testId="d1ef4572-571e-4f66-a7f0-b51e7767b69f" testName="Test2872" computerName="UA-LPT-OGA2" duration="00:00:01.0920000" startTime="2025-05-14T13:20:31.3146610Z" endTime="2025-05-14T13:25:31.3147553Z" testType="13cdc9d9-ddb5-4fa4-a97d-d965ccfc6d4b" outcome="Passed" testListId="73e14759-83b6-4ebc-91e5-b4688a767d60" />
    <UnitTestResult executionId="ba173296-1782-4400-a245-e70307d4dab5" testId="3dfb65c7-0ed3-4518-ae4b-c8d23de88663" testName="Test2873" computerName="UA-LPT-OGA2" duration="00:00:00.2920000" startTime="2025-05-14T13:20:31.3146610Z" endTime="2025-05-14T13:25:31.3147553Z" testType="13cdc9d9-ddb5-4fa4-a97d-d965ccfc6d4b" outcome="Passed" testListId="73e14759-83b6-4ebc-91e5-b4688a767d60" />
    <UnitTestResult executionId="e6e773b5-d67d-4b4f-9aa9-b7090c300928" testId="9251df9a-a14d-4909-b741-d2454be1bccb" testName="Test2874" computerName="UA-LPT-OGA2" duration="00:00:00.4410000" startTime="2025-05-14T13:20:31.3146610Z" endTime="2025-05-14T13:25:31.3147553Z" testType="13cdc9d9-ddb5-4fa4-a97d-d965ccfc6d4b" outcome="Passed" testListId="73e14759-83b6-4ebc-91e5-b4688a767d60" />
    <UnitTestResult executionId="30da8653-e168-430e-a23a-fdc5b6836cb0" testId="d09db53d-0ce9-4bc2-8df2-a2595d66191c" testName="Test2875" computerName="UA-LPT-OGA2" duration="00:00:01.0690000" startTime="2025-05-14T13:20:31.3146610Z" endTime="2025-05-14T13:25:31.3147553Z" testType="13cdc9d9-ddb5-4fa4-a97d-d965ccfc6d4b" outcome="Passed" testListId="73e14759-83b6-4ebc-91e5-b4688a767d60" />
    <UnitTestResult executionId="ab5530d1-aeee-44d6-8d08-2cde7d3e8f63" testId="9e7ca83b-e49f-4a95-9f05-86e195914026" testName="Test2876" computerName="UA-LPT-OGA2" duration="00:00:00.5650000" startTime="2025-05-14T13:20:31.3146610Z" endTime="2025-05-14T13:25:31.3147553Z" testType="13cdc9d9-ddb5-4fa4-a97d-d965ccfc6d4b" outcome="Passed" testListId="73e14759-83b6-4ebc-91e5-b4688a767d60" />
    <UnitTestResult executionId="5555114c-be85-44a4-836d-a8a612e22300" testId="eb347850-59eb-4545-a27f-f26f49d756fe" testName="Test2877" computerName="UA-LPT-OGA2" duration="00:00:00.8910000" startTime="2025-05-14T13:20:31.3146610Z" endTime="2025-05-14T13:25:31.3147553Z" testType="13cdc9d9-ddb5-4fa4-a97d-d965ccfc6d4b" outcome="Passed" testListId="73e14759-83b6-4ebc-91e5-b4688a767d60" />
    <UnitTestResult executionId="06a2ac51-4257-40ba-90c8-9870ca6c4c6b" testId="5b706d2e-b077-4824-bec5-5bcf6547494f" testName="Test2878" computerName="UA-LPT-OGA2" duration="00:00:00.0500000" startTime="2025-05-14T13:20:31.3146610Z" endTime="2025-05-14T13:25:31.3147553Z" testType="13cdc9d9-ddb5-4fa4-a97d-d965ccfc6d4b" outcome="Passed" testListId="73e14759-83b6-4ebc-91e5-b4688a767d60" />
    <UnitTestResult executionId="3dbec0f2-a429-4ddf-8073-5a18e27ffc07" testId="9bb9c167-c13c-4df3-8243-a361aec4fe98" testName="Test2879" computerName="UA-LPT-OGA2" duration="00:00:00.7370000" startTime="2025-05-14T13:20:31.3146610Z" endTime="2025-05-14T13:25:31.3147553Z" testType="13cdc9d9-ddb5-4fa4-a97d-d965ccfc6d4b" outcome="Passed" testListId="73e14759-83b6-4ebc-91e5-b4688a767d60" />
    <UnitTestResult executionId="bec3bacd-b01c-41b2-902b-854edf3547ee" testId="52592f1f-6f49-4358-beb4-15d416ffc162" testName="Test2880" computerName="UA-LPT-OGA2" duration="00:00:00.3010000" startTime="2025-05-14T13:20:31.3146610Z" endTime="2025-05-14T13:25:31.3147553Z" testType="13cdc9d9-ddb5-4fa4-a97d-d965ccfc6d4b" outcome="Inconclusive" testListId="73e14759-83b6-4ebc-91e5-b4688a767d60" />
    <UnitTestResult executionId="36c2726a-9414-48aa-8d19-14f545e5b8e3" testId="c504eddd-ed78-4aec-9658-b9aff76dcd44" testName="Test2881" computerName="UA-LPT-OGA2" duration="00:00:01.2730000" startTime="2025-05-14T13:20:31.3146610Z" endTime="2025-05-14T13:25:31.3147553Z" testType="13cdc9d9-ddb5-4fa4-a97d-d965ccfc6d4b" outcome="Passed" testListId="73e14759-83b6-4ebc-91e5-b4688a767d60" />
    <UnitTestResult executionId="cf31cd96-0875-408b-bba4-1971cac159e4" testId="3bfc29ac-a735-415f-a8bf-22a31dbfc5c3" testName="Test2882" computerName="UA-LPT-OGA2" duration="00:00:01.2550000" startTime="2025-05-14T13:20:31.3146610Z" endTime="2025-05-14T13:25:31.3147553Z" testType="13cdc9d9-ddb5-4fa4-a97d-d965ccfc6d4b" outcome="Passed" testListId="73e14759-83b6-4ebc-91e5-b4688a767d60" />
    <UnitTestResult executionId="1c303115-caab-410d-b4bb-52b584386622" testId="ba5af715-0329-4519-a93a-7814e9bc4721" testName="Test2883" computerName="UA-LPT-OGA2" duration="00:00:01.1450000" startTime="2025-05-14T13:20:31.3146610Z" endTime="2025-05-14T13:25:31.3147553Z" testType="13cdc9d9-ddb5-4fa4-a97d-d965ccfc6d4b" outcome="Passed" testListId="73e14759-83b6-4ebc-91e5-b4688a767d60" />
    <UnitTestResult executionId="4c9e3fa0-4119-4a8b-8718-d1cb9949ead2" testId="89b6f1fd-726b-4fa8-9b3b-6de4354f0ff1" testName="Test2884" computerName="UA-LPT-OGA2" duration="00:00:01.8990000" startTime="2025-05-14T13:20:31.3146610Z" endTime="2025-05-14T13:25:31.3147553Z" testType="13cdc9d9-ddb5-4fa4-a97d-d965ccfc6d4b" outcome="Passed" testListId="73e14759-83b6-4ebc-91e5-b4688a767d60" />
    <UnitTestResult executionId="b5219b60-7722-435c-991e-e57651143f2f" testId="b466a3c9-14ee-4cd0-a86f-10980e482c1d" testName="Test2885" computerName="UA-LPT-OGA2" duration="00:00:00.0370000" startTime="2025-05-14T13:20:31.3146610Z" endTime="2025-05-14T13:25:31.3147553Z" testType="13cdc9d9-ddb5-4fa4-a97d-d965ccfc6d4b" outcome="Passed" testListId="73e14759-83b6-4ebc-91e5-b4688a767d60" />
    <UnitTestResult executionId="4ea0d908-e128-49ea-9ca4-09099204f5b0" testId="c3c4109b-c622-46ae-b19f-9225486d658d" testName="Test2886" computerName="UA-LPT-OGA2" duration="00:00:00.7590000" startTime="2025-05-14T13:20:31.3146610Z" endTime="2025-05-14T13:25:31.3147553Z" testType="13cdc9d9-ddb5-4fa4-a97d-d965ccfc6d4b" outcome="Passed" testListId="73e14759-83b6-4ebc-91e5-b4688a767d60" />
    <UnitTestResult executionId="30b722f0-b317-439b-bb72-55d1e259b209" testId="db978f2e-292a-455d-88c4-34586c262b02" testName="Test2887" computerName="UA-LPT-OGA2" duration="00:00:01.7440000" startTime="2025-05-14T13:20:31.3146610Z" endTime="2025-05-14T13:25:31.3147553Z" testType="13cdc9d9-ddb5-4fa4-a97d-d965ccfc6d4b" outcome="Passed" testListId="73e14759-83b6-4ebc-91e5-b4688a767d60" />
    <UnitTestResult executionId="80f4df0f-ec9b-41db-a92c-677de0cf3642" testId="a9e54310-114d-418f-8c2d-5851c068a851" testName="Test2888" computerName="UA-LPT-OGA2" duration="00:00:00.5900000" startTime="2025-05-14T13:20:31.3146610Z" endTime="2025-05-14T13:25:31.3147553Z" testType="13cdc9d9-ddb5-4fa4-a97d-d965ccfc6d4b" outcome="Passed" testListId="73e14759-83b6-4ebc-91e5-b4688a767d60" />
    <UnitTestResult executionId="66e89e14-fc0b-4625-92e6-fcb29c5d7240" testId="77eb7ca5-5cbd-4d81-a180-e63b73d9c6ba" testName="Test2889" computerName="UA-LPT-OGA2" duration="00:00:00.6800000" startTime="2025-05-14T13:20:31.3146610Z" endTime="2025-05-14T13:25:31.3147553Z" testType="13cdc9d9-ddb5-4fa4-a97d-d965ccfc6d4b" outcome="Failed" testListId="73e14759-83b6-4ebc-91e5-b4688a767d60">
      <Output>
        <ErrorInfo>
          <Message>Assertion failed: Expected value did not match actual value.</Message>
          <StackTrace>   at TestNamespace.TestClass.Test() in TestClass.cs:line 300</StackTrace>
        </ErrorInfo>
      </Output>
    </UnitTestResult>
    <UnitTestResult executionId="cd57e9a0-b9bb-4efa-a451-ccb18e878146" testId="fea5595e-fc3b-4613-a8aa-3b612470c9d3" testName="Test2890" computerName="UA-LPT-OGA2" duration="00:00:01.6600000" startTime="2025-05-14T13:20:31.3146610Z" endTime="2025-05-14T13:25:31.3147553Z" testType="13cdc9d9-ddb5-4fa4-a97d-d965ccfc6d4b" outcome="Passed" testListId="73e14759-83b6-4ebc-91e5-b4688a767d60" />
    <UnitTestResult executionId="b8b8528f-f467-4d40-94b3-06c4bd78dc84" testId="cf6673ad-96bf-471d-893a-1fb09bca56d1" testName="Test2891" computerName="UA-LPT-OGA2" duration="00:00:00.9000000" startTime="2025-05-14T13:20:31.3146610Z" endTime="2025-05-14T13:25:31.3147553Z" testType="13cdc9d9-ddb5-4fa4-a97d-d965ccfc6d4b" outcome="Passed" testListId="73e14759-83b6-4ebc-91e5-b4688a767d60" />
    <UnitTestResult executionId="a8f016e6-45d5-4632-8d56-057c671d0784" testId="f417b8d4-7f32-4cf7-881c-26d8b089e59e" testName="Test2892" computerName="UA-LPT-OGA2" duration="00:00:00.5870000" startTime="2025-05-14T13:20:31.3146610Z" endTime="2025-05-14T13:25:31.3147553Z" testType="13cdc9d9-ddb5-4fa4-a97d-d965ccfc6d4b" outcome="Passed" testListId="73e14759-83b6-4ebc-91e5-b4688a767d60" />
    <UnitTestResult executionId="17b054de-01d4-4f37-b375-67ba2ce70730" testId="2b5dcf18-0999-4a95-aa29-66e5eb805fd3" testName="Test2893" computerName="UA-LPT-OGA2" duration="00:00:01.4930000" startTime="2025-05-14T13:20:31.3146610Z" endTime="2025-05-14T13:25:31.3147553Z" testType="13cdc9d9-ddb5-4fa4-a97d-d965ccfc6d4b" outcome="Passed" testListId="73e14759-83b6-4ebc-91e5-b4688a767d60" />
    <UnitTestResult executionId="bd785a64-879a-4435-a0a0-f636adc00fa8" testId="6c617103-b2f7-44d0-bc3d-4f3597bbc42b" testName="Test2894" computerName="UA-LPT-OGA2" duration="00:00:01.3630000" startTime="2025-05-14T13:20:31.3146610Z" endTime="2025-05-14T13:25:31.3147553Z" testType="13cdc9d9-ddb5-4fa4-a97d-d965ccfc6d4b" outcome="Passed" testListId="73e14759-83b6-4ebc-91e5-b4688a767d60" />
    <UnitTestResult executionId="2ff418a4-03ed-4ff5-9ad1-aa2ac94c6ae3" testId="4068054e-19c4-4c51-999e-348fd0e7832c" testName="Test2895" computerName="UA-LPT-OGA2" duration="00:00:01.3480000" startTime="2025-05-14T13:20:31.3146610Z" endTime="2025-05-14T13:25:31.3147553Z" testType="13cdc9d9-ddb5-4fa4-a97d-d965ccfc6d4b" outcome="Passed" testListId="73e14759-83b6-4ebc-91e5-b4688a767d60" />
    <UnitTestResult executionId="25f1fe89-ddf1-4b42-8f62-a611b8d6132d" testId="79a86e18-1c55-49f5-8a1b-0fcabed27438" testName="Test2896" computerName="UA-LPT-OGA2" duration="00:00:00.7900000" startTime="2025-05-14T13:20:31.3146610Z" endTime="2025-05-14T13:25:31.3147553Z" testType="13cdc9d9-ddb5-4fa4-a97d-d965ccfc6d4b" outcome="Failed" testListId="73e14759-83b6-4ebc-91e5-b4688a767d60">
      <Output>
        <ErrorInfo>
          <Message>Assertion failed: Expected value did not match actual value.</Message>
          <StackTrace>   at TestNamespace.TestClass.Test() in TestClass.cs:line 341</StackTrace>
        </ErrorInfo>
      </Output>
    </UnitTestResult>
    <UnitTestResult executionId="0556cb70-760b-4c4f-9cf3-a6ee9b13d6c1" testId="f4a3b6f2-849d-4d44-8fbf-2a3b28f8c1ae" testName="Test2897" computerName="UA-LPT-OGA2" duration="00:00:01.9730000" startTime="2025-05-14T13:20:31.3146610Z" endTime="2025-05-14T13:25:31.3147553Z" testType="13cdc9d9-ddb5-4fa4-a97d-d965ccfc6d4b" outcome="Passed" testListId="73e14759-83b6-4ebc-91e5-b4688a767d60" />
    <UnitTestResult executionId="ed21f087-0cf2-4f82-b8a8-a0e1160337ce" testId="e1ec2262-737f-4d29-b222-256edf68fdf5" testName="Test2898" computerName="UA-LPT-OGA2" duration="00:00:00.6100000" startTime="2025-05-14T13:20:31.3146610Z" endTime="2025-05-14T13:25:31.3147553Z" testType="13cdc9d9-ddb5-4fa4-a97d-d965ccfc6d4b" outcome="Passed" testListId="73e14759-83b6-4ebc-91e5-b4688a767d60" />
    <UnitTestResult executionId="d38e815a-cacf-4780-bc40-23de653e7c1a" testId="fc4713ca-d4bc-4885-8e4e-d8912fc55ea8" testName="Test2899" computerName="UA-LPT-OGA2" duration="00:00:01.4460000" startTime="2025-05-14T13:20:31.3146610Z" endTime="2025-05-14T13:25:31.3147553Z" testType="13cdc9d9-ddb5-4fa4-a97d-d965ccfc6d4b" outcome="Passed" testListId="73e14759-83b6-4ebc-91e5-b4688a767d60" />
    <UnitTestResult executionId="06e85a3f-22a7-427e-a86b-504c12343ba8" testId="52fac498-8b83-40a4-9a89-0e15f1053437" testName="Test2900" computerName="UA-LPT-OGA2" duration="00:00:00.6670000" startTime="2025-05-14T13:20:31.3146610Z" endTime="2025-05-14T13:25:31.3147553Z" testType="13cdc9d9-ddb5-4fa4-a97d-d965ccfc6d4b" outcome="Passed" testListId="73e14759-83b6-4ebc-91e5-b4688a767d60" />
  </Results>
  <TestDefinitions>
    <UnitTest name="Test2801" id="6d52ecbf-283f-4a0f-92b6-567d1e145566" storage="TestAssembly.dll">
      <Execution id="12d76347-8b27-47c7-a986-cea9118bd9f1" />
      <TestMethod codeBase="TestAssembly.dll" className="TestNamespace.TestClass1" name="Test2801" />
    </UnitTest>
    <UnitTest name="Test2802" id="71584842-7d71-459a-8428-967af4f83c9a" storage="TestAssembly.dll">
      <Execution id="275129d4-773c-4777-a471-62c45ddb6527" />
      <TestMethod codeBase="TestAssembly.dll" className="TestNamespace.TestClass1" name="Test2802" />
    </UnitTest>
    <UnitTest name="Test2803" id="bd6b9834-d004-4a13-8b2f-bbef461fc1f0" storage="TestAssembly.dll">
      <Execution id="bb03c79a-04ac-438e-b2e4-af4cb7154fd5" />
      <TestMethod codeBase="TestAssembly.dll" className="TestNamespace.TestClass1" name="Test2803" />
    </UnitTest>
    <UnitTest name="Test2804" id="71453083-496c-4d1c-8f19-34be6af6aeba" storage="TestAssembly.dll">
      <Execution id="c02730c7-f1b8-4db9-8b23-a97ff55c5830" />
      <TestMethod codeBase="TestAssembly.dll" className="TestNamespace.TestClass1" name="Test2804" />
    </UnitTest>
    <UnitTest name="Test2805" id="bc4b1860-fea1-4bf4-8543-01be12627226" storage="TestAssembly.dll">
      <Execution id="e4537c5a-8861-4904-a0ca-bf22e85a4883" />
      <TestMethod codeBase="TestAssembly.dll" className="TestNamespace.TestClass1" name="Test2805" />
    </UnitTest>
    <UnitTest name="Test2806" id="fd4fc6c5-41aa-45fa-bd05-a06f8caf64b4" storage="TestAssembly.dll">
      <Execution id="3bd607c7-d495-48a4-9d4b-9661d40a06ec" />
      <TestMethod codeBase="TestAssembly.dll" className="TestNamespace.TestClass1" name="Test2806" />
    </UnitTest>
    <UnitTest name="Test2807" id="0e7c93b3-1830-43ce-9d72-081b2edb8ae0" storage="TestAssembly.dll">
      <Execution id="7e522195-f515-4572-8d46-fabe79de495d" />
      <TestMethod codeBase="TestAssembly.dll" className="TestNamespace.TestClass1" name="Test2807" />
    </UnitTest>
    <UnitTest name="Test2808" id="3020574b-c0fd-4779-b0a1-b4730e1e8b75" storage="TestAssembly.dll">
      <Execution id="a66677da-dee8-445f-bbb4-b8946ded2d72" />
      <TestMethod codeBase="TestAssembly.dll" className="TestNamespace.TestClass1" name="Test2808" />
    </UnitTest>
    <UnitTest name="Test2809" id="16c7a27c-8ba0-4557-95af-2fac7bc961d0" storage="TestAssembly.dll">
      <Execution id="6181dd7d-0ca1-4961-8a7a-0531709cdea7" />
      <TestMethod codeBase="TestAssembly.dll" className="TestNamespace.TestClass1" name="Test2809" />
    </UnitTest>
    <UnitTest name="Test2810" id="550cc94e-7ae9-4509-86cb-1416919ebee6" storage="TestAssembly.dll">
      <Execution id="5edd1633-fa07-4676-86a0-d122032e4838" />
      <TestMethod codeBase="TestAssembly.dll" className="TestNamespace.TestClass1" name="Test2810" />
    </UnitTest>
    <UnitTest name="Test2811" id="d583f759-71c6-44ab-b9cf-7102310fa032" storage="TestAssembly.dll">
      <Execution id="1625e43e-3423-40d5-b72b-aff9f251a2ac" />
      <TestMethod codeBase="TestAssembly.dll" className="TestNamespace.TestClass2" name="Test2811" />
    </UnitTest>
    <UnitTest name="Test2812" id="ea73e3e4-26c3-49dc-a17b-e9e25531a7bd" storage="TestAssembly.dll">
      <Execution id="7ee07ab0-2e81-426d-9f7d-6d3b44698a13" />
      <TestMethod codeBase="TestAssembly.dll" className="TestNamespace.TestClass2" name="Test2812" />
    </UnitTest>
    <UnitTest name="Test2813" id="e34105be-9ebb-4b4d-a7cf-f6429145caa0" storage="TestAssembly.dll">
      <Execution id="7382c28f-1af0-4af4-b23d-01ac8d5fbf8e" />
      <TestMethod codeBase="TestAssembly.dll" className="TestNamespace.TestClass2" name="Test2813" />
    </UnitTest>
    <UnitTest name="Test2814" id="8109038e-f3f7-41c9-b770-8c51d16621c5" storage="TestAssembly.dll">
      <Execution id="b124bd21-3f63-4214-98d7-cba3cefe9a7f" />
      <TestMethod codeBase="TestAssembly.dll" className="TestNamespace.TestClass2" name="Test2814" />
    </UnitTest>
    <UnitTest name="Test2815" id="14457904-b0a5-4395-b0f5-68ad75fee066" storage="TestAssembly.dll">
      <Execution id="d15b66ea-fb32-417d-bc16-4762bf2e9af5" />
      <TestMethod codeBase="TestAssembly.dll" className="TestNamespace.TestClass2" name="Test2815" />
    </UnitTest>
    <UnitTest name="Test2816" id="b18c3645-ac9f-43ea-b925-f4959f18339c" storage="TestAssembly.dll">
      <Execution id="8df861f5-7786-464c-88a7-3df1c8d8adfa" />
      <TestMethod codeBase="TestAssembly.dll" className="TestNamespace.TestClass2" name="Test2816" />
    </UnitTest>
    <UnitTest name="Test2817" id="bd29ebe1-9c1a-408f-872b-e3e4145d7cf8" storage="TestAssembly.dll">
      <Execution id="46d5d599-e286-4cca-ac07-1058528c297c" />
      <TestMethod codeBase="TestAssembly.dll" className="TestNamespace.TestClass2" name="Test2817" />
    </UnitTest>
    <UnitTest name="Test2818" id="b9c206a8-a4ab-4137-a0cd-067953833761" storage="TestAssembly.dll">
      <Execution id="57ea1f47-31c8-4cd7-ab95-dd0c744ac68a" />
      <TestMethod codeBase="TestAssembly.dll" className="TestNamespace.TestClass2" name="Test2818" />
    </UnitTest>
    <UnitTest name="Test2819" id="6752a4b2-c1f1-435f-ab76-7176c42f8c84" storage="TestAssembly.dll">
      <Execution id="3af7ca64-d30a-4f60-a38f-570b892bb8df" />
      <TestMethod codeBase="TestAssembly.dll" className="TestNamespace.TestClass2" name="Test2819" />
    </UnitTest>
    <UnitTest name="Test2820" id="e404dbed-6e95-4860-a5d1-9667407c8d92" storage="TestAssembly.dll">
      <Execution id="0adcf2a6-295d-46d5-8125-9aea5f0b08f1" />
      <TestMethod codeBase="TestAssembly.dll" className="TestNamespace.TestClass2" name="Test2820" />
    </UnitTest>
    <UnitTest name="Test2821" id="3cb46a71-7a27-49b2-995c-61783a2f87b0" storage="TestAssembly.dll">
      <Execution id="680fcd07-14aa-4729-a13d-3425cdc341b5" />
      <TestMethod codeBase="TestAssembly.dll" className="TestNamespace.TestClass3" name="Test2821" />
    </UnitTest>
    <UnitTest name="Test2822" id="a0461340-b243-40fb-8775-50c3017d2fcd" storage="TestAssembly.dll">
      <Execution id="81aa09ce-66c2-4988-a103-ca79021c2d61" />
      <TestMethod codeBase="TestAssembly.dll" className="TestNamespace.TestClass3" name="Test2822" />
    </UnitTest>
    <UnitTest name="Test2823" id="41109e2c-4239-4766-b4bc-dbb7064026fe" storage="TestAssembly.dll">
      <Execution id="d35d98af-8842-43b1-8ad8-ac59188cccd4" />
      <TestMethod codeBase="TestAssembly.dll" className="TestNamespace.TestClass3" name="Test2823" />
    </UnitTest>
    <UnitTest name="Test2824" id="4b991a5c-24c6-4626-ac0d-d2bcf4c02cfa" storage="TestAssembly.dll">
      <Execution id="97b96c97-8573-4a68-b6f1-87726c23f874" />
      <TestMethod codeBase="TestAssembly.dll" className="TestNamespace.TestClass3" name="Test2824" />
    </UnitTest>
    <UnitTest name="Test2825" id="5f491004-f380-45a5-aaca-e52c1568f142" storage="TestAssembly.dll">
      <Execution id="ce5b4016-b220-4f75-8840-a735053a9259" />
      <TestMethod codeBase="TestAssembly.dll" className="TestNamespace.TestClass3" name="Test2825" />
    </UnitTest>
    <UnitTest name="Test2826" id="47ffc903-61e0-40b2-92b5-67b21e47630e" storage="TestAssembly.dll">
      <Execution id="fa4e266b-b655-4840-ae3a-e60dab9fb401" />
      <TestMethod codeBase="TestAssembly.dll" className="TestNamespace.TestClass3" name="Test2826" />
    </UnitTest>
    <UnitTest name="Test2827" id="e1c139d2-a7f0-41a0-b5af-227d8c9969a3" storage="TestAssembly.dll">
      <Execution id="468a957e-3e4a-4197-8d1a-724e8862a67f" />
      <TestMethod codeBase="TestAssembly.dll" className="TestNamespace.TestClass3" name="Test2827" />
    </UnitTest>
    <UnitTest name="Test2828" id="ec7c0c28-0807-4e0c-8fb2-44fe62ff9bef" storage="TestAssembly.dll">
      <Execution id="cba3059c-9f80-48f8-a9af-d46c452f4310" />
      <TestMethod codeBase="TestAssembly.dll" className="TestNamespace.TestClass3" name="Test2828" />
    </UnitTest>
    <UnitTest name="Test2829" id="5c8b3303-abd1-4890-a271-c962c38c8309" storage="TestAssembly.dll">
      <Execution id="3143251c-696f-4085-ae9a-0d6ae72fcdd9" />
      <TestMethod codeBase="TestAssembly.dll" className="TestNamespace.TestClass3" name="Test2829" />
    </UnitTest>
    <UnitTest name="Test2830" id="613cabb1-a996-4890-ae37-6244865efc78" storage="TestAssembly.dll">
      <Execution id="12f8291b-c661-41ce-a3c2-90657957a142" />
      <TestMethod codeBase="TestAssembly.dll" className="TestNamespace.TestClass3" name="Test2830" />
    </UnitTest>
    <UnitTest name="Test2831" id="cbd9f018-8df4-4ab7-89b5-af5623054cd3" storage="TestAssembly.dll">
      <Execution id="7e7cef9c-a3c1-4a87-b7c3-106b9ca17720" />
      <TestMethod codeBase="TestAssembly.dll" className="TestNamespace.TestClass4" name="Test2831" />
    </UnitTest>
    <UnitTest name="Test2832" id="1e2708d4-7729-4704-a7d7-416b7ac081db" storage="TestAssembly.dll">
      <Execution id="536ccaaf-b93e-4985-bcfa-3b7a9b7d7c74" />
      <TestMethod codeBase="TestAssembly.dll" className="TestNamespace.TestClass4" name="Test2832" />
    </UnitTest>
    <UnitTest name="Test2833" id="07401c4d-039a-4272-9b80-b555b59f1b35" storage="TestAssembly.dll">
      <Execution id="c1a5622c-1379-4eea-a6d7-640bc3364a29" />
      <TestMethod codeBase="TestAssembly.dll" className="TestNamespace.TestClass4" name="Test2833" />
    </UnitTest>
    <UnitTest name="Test2834" id="ef014f3e-60dc-4e0b-8951-cd5b9354fbb2" storage="TestAssembly.dll">
      <Execution id="731e227f-280a-465f-b285-22dccbc59b59" />
      <TestMethod codeBase="TestAssembly.dll" className="TestNamespace.TestClass4" name="Test2834" />
    </UnitTest>
    <UnitTest name="Test2835" id="068c5dfc-b6bd-431b-955f-80b2554936c1" storage="TestAssembly.dll">
      <Execution id="8ae3d23b-cc0b-418c-a3a3-d3cf4b2e6c81" />
      <TestMethod codeBase="TestAssembly.dll" className="TestNamespace.TestClass4" name="Test2835" />
    </UnitTest>
    <UnitTest name="Test2836" id="fb0db7c0-0daf-4ede-8700-ab544c55f2c0" storage="TestAssembly.dll">
      <Execution id="b93037b2-4b58-423a-84dc-71f8220cdcd1" />
      <TestMethod codeBase="TestAssembly.dll" className="TestNamespace.TestClass4" name="Test2836" />
    </UnitTest>
    <UnitTest name="Test2837" id="b5431a7d-b868-4e1c-a7db-5950bbe51891" storage="TestAssembly.dll">
      <Execution id="ef228499-fe39-4b39-a757-2d8b4fe98fb3" />
      <TestMethod codeBase="TestAssembly.dll" className="TestNamespace.TestClass4" name="Test2837" />
    </UnitTest>
    <UnitTest name="Test2838" id="719abf8f-228a-43f7-a46c-59aeeef9e49e" storage="TestAssembly.dll">
      <Execution id="366a12fd-56f8-4345-95b5-604b5b57eb4b" />
      <TestMethod codeBase="TestAssembly.dll" className="TestNamespace.TestClass4" name="Test2838" />
    </UnitTest>
    <UnitTest name="Test2839" id="553847b1-cd94-49b1-8ff2-c00dc7d235b5" storage="TestAssembly.dll">
      <Execution id="c3db978d-3577-4e4b-b25c-d17f6d819d5a" />
      <TestMethod codeBase="TestAssembly.dll" className="TestNamespace.TestClass4" name="Test2839" />
    </UnitTest>
    <UnitTest name="Test2840" id="e678c208-5024-42a8-b3ce-6dabab950648" storage="TestAssembly.dll">
      <Execution id="d42bfce6-bd53-4871-a3f3-6329dd1e9780" />
      <TestMethod codeBase="TestAssembly.dll" className="TestNamespace.TestClass4" name="Test2840" />
    </UnitTest>
    <UnitTest name="Test2841" id="f71a2a2f-991d-47ec-8f0e-baa77b189f2e" storage="TestAssembly.dll">
      <Execution id="2697411f-1d59-465e-8102-2e05a2eedb44" />
      <TestMethod codeBase="TestAssembly.dll" className="TestNamespace.TestClass5" name="Test2841" />
    </UnitTest>
    <UnitTest name="Test2842" id="5fd1abdb-b0b7-4584-ae9c-c6cf4c0fadd9" storage="TestAssembly.dll">
      <Execution id="92e48afe-d54b-447c-a458-287fcf799ef6" />
      <TestMethod codeBase="TestAssembly.dll" className="TestNamespace.TestClass5" name="Test2842" />
    </UnitTest>
    <UnitTest name="Test2843" id="343bfe42-4b8e-48ec-8f36-41b3bce9c353" storage="TestAssembly.dll">
      <Execution id="b2653ac6-78e1-48f0-ba6e-c99cc61f4972" />
      <TestMethod codeBase="TestAssembly.dll" className="TestNamespace.TestClass5" name="Test2843" />
    </UnitTest>
    <UnitTest name="Test2844" id="7e5a9230-a8f0-45f5-822b-a46479ee2dd2" storage="TestAssembly.dll">
      <Execution id="5ea4c507-b7e5-46c5-b7d4-a87be1de6843" />
      <TestMethod codeBase="TestAssembly.dll" className="TestNamespace.TestClass5" name="Test2844" />
    </UnitTest>
    <UnitTest name="Test2845" id="6be36752-84a3-4f77-aaee-f528a110943f" storage="TestAssembly.dll">
      <Execution id="49899109-77a2-4e32-84bd-5dd01cdb5ee5" />
      <TestMethod codeBase="TestAssembly.dll" className="TestNamespace.TestClass5" name="Test2845" />
    </UnitTest>
    <UnitTest name="Test2846" id="51ad321a-1204-4432-866e-c97da485a14c" storage="TestAssembly.dll">
      <Execution id="68b10d72-078b-415f-87c0-6825bae96db7" />
      <TestMethod codeBase="TestAssembly.dll" className="TestNamespace.TestClass5" name="Test2846" />
    </UnitTest>
    <UnitTest name="Test2847" id="221002ec-6de9-4b57-9eaf-70e53e78cc6d" storage="TestAssembly.dll">
      <Execution id="03199daf-5527-4783-ba3c-1490461769c8" />
      <TestMethod codeBase="TestAssembly.dll" className="TestNamespace.TestClass5" name="Test2847" />
    </UnitTest>
    <UnitTest name="Test2848" id="1aac1c79-5001-4ab8-a3a2-b37a9af168e8" storage="TestAssembly.dll">
      <Execution id="c5dde44e-a14a-4129-86d9-1d146475f271" />
      <TestMethod codeBase="TestAssembly.dll" className="TestNamespace.TestClass5" name="Test2848" />
    </UnitTest>
    <UnitTest name="Test2849" id="fa37331d-ba61-409c-aa4d-35ab4dc64afd" storage="TestAssembly.dll">
      <Execution id="30e579d8-4e9e-4856-af18-2303ef306616" />
      <TestMethod codeBase="TestAssembly.dll" className="TestNamespace.TestClass5" name="Test2849" />
    </UnitTest>
    <UnitTest name="Test2850" id="a0f7ecd0-8516-4bf2-943a-1a3dbf804e9f" storage="TestAssembly.dll">
      <Execution id="5e406cac-f1c2-432c-9923-af0862fa6463" />
      <TestMethod codeBase="TestAssembly.dll" className="TestNamespace.TestClass5" name="Test2850" />
    </UnitTest>
    <UnitTest name="Test2851" id="1d0eb886-6066-4e49-9e6b-5f54333d445b" storage="TestAssembly.dll">
      <Execution id="6d97fba5-96a5-4344-8624-5f85218c1d9b" />
      <TestMethod codeBase="TestAssembly.dll" className="TestNamespace.TestClass6" name="Test2851" />
    </UnitTest>
    <UnitTest name="Test2852" id="64a0d0a2-2799-4f67-9a31-86029d750762" storage="TestAssembly.dll">
      <Execution id="caf28738-dade-46c5-a7ec-3d18b7659608" />
      <TestMethod codeBase="TestAssembly.dll" className="TestNamespace.TestClass6" name="Test2852" />
    </UnitTest>
    <UnitTest name="Test2853" id="9a7303b4-23ef-4f39-8283-d11da75c544c" storage="TestAssembly.dll">
      <Execution id="9ad03107-7f66-4d71-a297-41de67012deb" />
      <TestMethod codeBase="TestAssembly.dll" className="TestNamespace.TestClass6" name="Test2853" />
    </UnitTest>
    <UnitTest name="Test2854" id="b4e12641-12ce-4450-b715-8f79007ea203" storage="TestAssembly.dll">
      <Execution id="4179d433-5fa8-4139-b0d4-52eaf43a84b5" />
      <TestMethod codeBase="TestAssembly.dll" className="TestNamespace.TestClass6" name="Test2854" />
    </UnitTest>
    <UnitTest name="Test2855" id="3c81fdb1-8afe-4219-a207-972e99b10261" storage="TestAssembly.dll">
      <Execution id="06de4d25-f44b-4da9-8442-c83ab6994618" />
      <TestMethod codeBase="TestAssembly.dll" className="TestNamespace.TestClass6" name="Test2855" />
    </UnitTest>
    <UnitTest name="Test2856" id="48147a44-3533-4d35-95af-80463abe810f" storage="TestAssembly.dll">
      <Execution id="8ba81ce0-902f-429e-b7af-998a161c4db8" />
      <TestMethod codeBase="TestAssembly.dll" className="TestNamespace.TestClass6" name="Test2856" />
    </UnitTest>
    <UnitTest name="Test2857" id="539ad8f3-bd5c-4d94-8240-a2c0d5f38a55" storage="TestAssembly.dll">
      <Execution id="442bcf83-1ec6-46b2-b8f4-c05eaac92235" />
      <TestMethod codeBase="TestAssembly.dll" className="TestNamespace.TestClass6" name="Test2857" />
    </UnitTest>
    <UnitTest name="Test2858" id="9ccf6ecd-c2b6-4a74-876a-b26bf0af8540" storage="TestAssembly.dll">
      <Execution id="e51cddc1-bc1b-455b-aab2-b3ce4f7f7c13" />
      <TestMethod codeBase="TestAssembly.dll" className="TestNamespace.TestClass6" name="Test2858" />
    </UnitTest>
    <UnitTest name="Test2859" id="24698c12-f694-4541-bfe5-7bc379ea33c8" storage="TestAssembly.dll">
      <Execution id="f04eeeaa-8406-453a-82b1-2fbb5940597a" />
      <TestMethod codeBase="TestAssembly.dll" className="TestNamespace.TestClass6" name="Test2859" />
    </UnitTest>
    <UnitTest name="Test2860" id="524e9738-f71f-4e9b-b3ec-8cb6f5c29b20" storage="TestAssembly.dll">
      <Execution id="970e2736-881e-4954-81a5-4f9dd5169756" />
      <TestMethod codeBase="TestAssembly.dll" className="TestNamespace.TestClass6" name="Test2860" />
    </UnitTest>
    <UnitTest name="Test2861" id="1a238907-826c-43b4-a1bb-5a3dbc0b73cf" storage="TestAssembly.dll">
      <Execution id="8d7e70ce-734b-42fa-a99d-fd4a0b63c98d" />
      <TestMethod codeBase="TestAssembly.dll" className="TestNamespace.TestClass7" name="Test2861" />
    </UnitTest>
    <UnitTest name="Test2862" id="0ba5caaa-266e-4967-b804-33b364243be5" storage="TestAssembly.dll">
      <Execution id="334221a1-6667-413d-bfea-ed4657eaab5e" />
      <TestMethod codeBase="TestAssembly.dll" className="TestNamespace.TestClass7" name="Test2862" />
    </UnitTest>
    <UnitTest name="Test2863" id="195d61d0-28bb-444a-9f86-de558c394e84" storage="TestAssembly.dll">
      <Execution id="eceeb18c-3165-44e9-ad38-d7b6083c8b57" />
      <TestMethod codeBase="TestAssembly.dll" className="TestNamespace.TestClass7" name="Test2863" />
    </UnitTest>
    <UnitTest name="Test2864" id="8d278cff-b5a6-4adb-8ecc-2da089a6b13c" storage="TestAssembly.dll">
      <Execution id="39dcd07a-9a93-493d-a970-65d7f5b44188" />
      <TestMethod codeBase="TestAssembly.dll" className="TestNamespace.TestClass7" name="Test2864" />
    </UnitTest>
    <UnitTest name="Test2865" id="d81774e3-c777-4224-a46c-de3f4457ab15" storage="TestAssembly.dll">
      <Execution id="f1280f21-490d-47ad-b206-4072c3b853c2" />
      <TestMethod codeBase="TestAssembly.dll" className="TestNamespace.TestClass7" name="Test2865" />
    </UnitTest>
    <UnitTest name="Test2866" id="b7479ee9-61da-4a00-9601-064f653c2569" storage="TestAssembly.dll">
      <Execution id="cf293b3a-af70-4e2c-812c-8b9b254d9177" />
      <TestMethod codeBase="TestAssembly.dll" className="TestNamespace.TestClass7" name="Test2866" />
    </UnitTest>
    <UnitTest name="Test2867" id="f5585550-a55f-470c-bf40-a50876ba6000" storage="TestAssembly.dll">
      <Execution id="bac472a8-6f9f-4ccd-886b-8d177d56c6ee" />
      <TestMethod codeBase="TestAssembly.dll" className="TestNamespace.TestClass7" name="Test2867" />
    </UnitTest>
    <UnitTest name="Test2868" id="f79b0856-4f0f-4fcf-966b-724fa6d1d9bb" storage="TestAssembly.dll">
      <Execution id="27628a4d-d77a-4a59-8789-8d2138245b49" />
      <TestMethod codeBase="TestAssembly.dll" className="TestNamespace.TestClass7" name="Test2868" />
    </UnitTest>
    <UnitTest name="Test2869" id="02a0a647-6905-4b96-b2dc-405ca6d970f9" storage="TestAssembly.dll">
      <Execution id="4153338a-3e1a-4b56-a020-8da26dbce74e" />
      <TestMethod codeBase="TestAssembly.dll" className="TestNamespace.TestClass7" name="Test2869" />
    </UnitTest>
    <UnitTest name="Test2870" id="531d3fd3-1e18-47c2-bb20-619f3d292bbf" storage="TestAssembly.dll">
      <Execution id="fd02c071-bde0-423c-b6e1-7ad98edb7ee2" />
      <TestMethod codeBase="TestAssembly.dll" className="TestNamespace.TestClass7" name="Test2870" />
    </UnitTest>
    <UnitTest name="Test2871" id="559dee4c-9c00-482a-9a1a-82cd5c3e15f5" storage="TestAssembly.dll">
      <Execution id="4d473071-c197-44c7-b52a-62d6ff228070" />
      <TestMethod codeBase="TestAssembly.dll" className="TestNamespace.TestClass8" name="Test2871" />
    </UnitTest>
    <UnitTest name="Test2872" id="d1ef4572-571e-4f66-a7f0-b51e7767b69f" storage="TestAssembly.dll">
      <Execution id="9869b616-69a0-4cdb-9cda-5c04f6bed94f" />
      <TestMethod codeBase="TestAssembly.dll" className="TestNamespace.TestClass8" name="Test2872" />
    </UnitTest>
    <UnitTest name="Test2873" id="3dfb65c7-0ed3-4518-ae4b-c8d23de88663" storage="TestAssembly.dll">
      <Execution id="ba173296-1782-4400-a245-e70307d4dab5" />
      <TestMethod codeBase="TestAssembly.dll" className="TestNamespace.TestClass8" name="Test2873" />
    </UnitTest>
    <UnitTest name="Test2874" id="9251df9a-a14d-4909-b741-d2454be1bccb" storage="TestAssembly.dll">
      <Execution id="e6e773b5-d67d-4b4f-9aa9-b7090c300928" />
      <TestMethod codeBase="TestAssembly.dll" className="TestNamespace.TestClass8" name="Test2874" />
    </UnitTest>
    <UnitTest name="Test2875" id="d09db53d-0ce9-4bc2-8df2-a2595d66191c" storage="TestAssembly.dll">
      <Execution id="30da8653-e168-430e-a23a-fdc5b6836cb0" />
      <TestMethod codeBase="TestAssembly.dll" className="TestNamespace.TestClass8" name="Test2875" />
    </UnitTest>
    <UnitTest name="Test2876" id="9e7ca83b-e49f-4a95-9f05-86e195914026" storage="TestAssembly.dll">
      <Execution id="ab5530d1-aeee-44d6-8d08-2cde7d3e8f63" />
      <TestMethod codeBase="TestAssembly.dll" className="TestNamespace.TestClass8" name="Test2876" />
    </UnitTest>
    <UnitTest name="Test2877" id="eb347850-59eb-4545-a27f-f26f49d756fe" storage="TestAssembly.dll">
      <Execution id="5555114c-be85-44a4-836d-a8a612e22300" />
      <TestMethod codeBase="TestAssembly.dll" className="TestNamespace.TestClass8" name="Test2877" />
    </UnitTest>
    <UnitTest name="Test2878" id="5b706d2e-b077-4824-bec5-5bcf6547494f" storage="TestAssembly.dll">
      <Execution id="06a2ac51-4257-40ba-90c8-9870ca6c4c6b" />
      <TestMethod codeBase="TestAssembly.dll" className="TestNamespace.TestClass8" name="Test2878" />
    </UnitTest>
    <UnitTest name="Test2879" id="9bb9c167-c13c-4df3-8243-a361aec4fe98" storage="TestAssembly.dll">
      <Execution id="3dbec0f2-a429-4ddf-8073-5a18e27ffc07" />
      <TestMethod codeBase="TestAssembly.dll" className="TestNamespace.TestClass8" name="Test2879" />
    </UnitTest>
    <UnitTest name="Test2880" id="52592f1f-6f49-4358-beb4-15d416ffc162" storage="TestAssembly.dll">
      <Execution id="bec3bacd-b01c-41b2-902b-854edf3547ee" />
      <TestMethod codeBase="TestAssembly.dll" className="TestNamespace.TestClass8" name="Test2880" />
    </UnitTest>
    <UnitTest name="Test2881" id="c504eddd-ed78-4aec-9658-b9aff76dcd44" storage="TestAssembly.dll">
      <Execution id="36c2726a-9414-48aa-8d19-14f545e5b8e3" />
      <TestMethod codeBase="TestAssembly.dll" className="TestNamespace.TestClass9" name="Test2881" />
    </UnitTest>
    <UnitTest name="Test2882" id="3bfc29ac-a735-415f-a8bf-22a31dbfc5c3" storage="TestAssembly.dll">
      <Execution id="cf31cd96-0875-408b-bba4-1971cac159e4" />
      <TestMethod codeBase="TestAssembly.dll" className="TestNamespace.TestClass9" name="Test2882" />
    </UnitTest>
    <UnitTest name="Test2883" id="ba5af715-0329-4519-a93a-7814e9bc4721" storage="TestAssembly.dll">
      <Execution id="1c303115-caab-410d-b4bb-52b584386622" />
      <TestMethod codeBase="TestAssembly.dll" className="TestNamespace.TestClass9" name="Test2883" />
    </UnitTest>
    <UnitTest name="Test2884" id="89b6f1fd-726b-4fa8-9b3b-6de4354f0ff1" storage="TestAssembly.dll">
      <Execution id="4c9e3fa0-4119-4a8b-8718-d1cb9949ead2" />
      <TestMethod codeBase="TestAssembly.dll" className="TestNamespace.TestClass9" name="Test2884" />
    </UnitTest>
    <UnitTest name="Test2885" id="b466a3c9-14ee-4cd0-a86f-10980e482c1d" storage="TestAssembly.dll">
      <Execution id="b5219b60-7722-435c-991e-e57651143f2f" />
      <TestMethod codeBase="TestAssembly.dll" className="TestNamespace.TestClass9" name="Test2885" />
    </UnitTest>
    <UnitTest name="Test2886" id="c3c4109b-c622-46ae-b19f-9225486d658d" storage="TestAssembly.dll">
      <Execution id="4ea0d908-e128-49ea-9ca4-09099204f5b0" />
      <TestMethod codeBase="TestAssembly.dll" className="TestNamespace.TestClass9" name="Test2886" />
    </UnitTest>
    <UnitTest name="Test2887" id="db978f2e-292a-455d-88c4-34586c262b02" storage="TestAssembly.dll">
      <Execution id="30b722f0-b317-439b-bb72-55d1e259b209" />
      <TestMethod codeBase="TestAssembly.dll" className="TestNamespace.TestClass9" name="Test2887" />
    </UnitTest>
    <UnitTest name="Test2888" id="a9e54310-114d-418f-8c2d-5851c068a851" storage="TestAssembly.dll">
      <Execution id="80f4df0f-ec9b-41db-a92c-677de0cf3642" />
      <TestMethod codeBase="TestAssembly.dll" className="TestNamespace.TestClass9" name="Test2888" />
    </UnitTest>
    <UnitTest name="Test2889" id="77eb7ca5-5cbd-4d81-a180-e63b73d9c6ba" storage="TestAssembly.dll">
      <Execution id="66e89e14-fc0b-4625-92e6-fcb29c5d7240" />
      <TestMethod codeBase="TestAssembly.dll" className="TestNamespace.TestClass9" name="Test2889" />
    </UnitTest>
    <UnitTest name="Test2890" id="fea5595e-fc3b-4613-a8aa-3b612470c9d3" storage="TestAssembly.dll">
      <Execution id="cd57e9a0-b9bb-4efa-a451-ccb18e878146" />
      <TestMethod codeBase="TestAssembly.dll" className="TestNamespace.TestClass9" name="Test2890" />
    </UnitTest>
    <UnitTest name="Test2891" id="cf6673ad-96bf-471d-893a-1fb09bca56d1" storage="TestAssembly.dll">
      <Execution id="b8b8528f-f467-4d40-94b3-06c4bd78dc84" />
      <TestMethod codeBase="TestAssembly.dll" className="TestNamespace.TestClass10" name="Test2891" />
    </UnitTest>
    <UnitTest name="Test2892" id="f417b8d4-7f32-4cf7-881c-26d8b089e59e" storage="TestAssembly.dll">
      <Execution id="a8f016e6-45d5-4632-8d56-057c671d0784" />
      <TestMethod codeBase="TestAssembly.dll" className="TestNamespace.TestClass10" name="Test2892" />
    </UnitTest>
    <UnitTest name="Test2893" id="2b5dcf18-0999-4a95-aa29-66e5eb805fd3" storage="TestAssembly.dll">
      <Execution id="17b054de-01d4-4f37-b375-67ba2ce70730" />
      <TestMethod codeBase="TestAssembly.dll" className="TestNamespace.TestClass10" name="Test2893" />
    </UnitTest>
    <UnitTest name="Test2894" id="6c617103-b2f7-44d0-bc3d-4f3597bbc42b" storage="TestAssembly.dll">
      <Execution id="bd785a64-879a-4435-a0a0-f636adc00fa8" />
      <TestMethod codeBase="TestAssembly.dll" className="TestNamespace.TestClass10" name="Test2894" />
    </UnitTest>
    <UnitTest name="Test2895" id="4068054e-19c4-4c51-999e-348fd0e7832c" storage="TestAssembly.dll">
      <Execution id="2ff418a4-03ed-4ff5-9ad1-aa2ac94c6ae3" />
      <TestMethod codeBase="TestAssembly.dll" className="TestNamespace.TestClass10" name="Test2895" />
    </UnitTest>
    <UnitTest name="Test2896" id="79a86e18-1c55-49f5-8a1b-0fcabed27438" storage="TestAssembly.dll">
      <Execution id="25f1fe89-ddf1-4b42-8f62-a611b8d6132d" />
      <TestMethod codeBase="TestAssembly.dll" className="TestNamespace.TestClass10" name="Test2896" />
    </UnitTest>
    <UnitTest name="Test2897" id="f4a3b6f2-849d-4d44-8fbf-2a3b28f8c1ae" storage="TestAssembly.dll">
      <Execution id="0556cb70-760b-4c4f-9cf3-a6ee9b13d6c1" />
      <TestMethod codeBase="TestAssembly.dll" className="TestNamespace.TestClass10" name="Test2897" />
    </UnitTest>
    <UnitTest name="Test2898" id="e1ec2262-737f-4d29-b222-256edf68fdf5" storage="TestAssembly.dll">
      <Execution id="ed21f087-0cf2-4f82-b8a8-a0e1160337ce" />
      <TestMethod codeBase="TestAssembly.dll" className="TestNamespace.TestClass10" name="Test2898" />
    </UnitTest>
    <UnitTest name="Test2899" id="fc4713ca-d4bc-4885-8e4e-d8912fc55ea8" storage="TestAssembly.dll">
      <Execution id="d38e815a-cacf-4780-bc40-23de653e7c1a" />
      <TestMethod codeBase="TestAssembly.dll" className="TestNamespace.TestClass10" name="Test2899" />
    </UnitTest>
    <UnitTest name="Test2900" id="52fac498-8b83-40a4-9a89-0e15f1053437" storage="TestAssembly.dll">
      <Execution id="06e85a3f-22a7-427e-a86b-504c12343ba8" />
      <TestMethod codeBase="TestAssembly.dll" className="TestNamespace.TestClass10" name="Test2900" />
    </UnitTest>
  </TestDefinitions>
  <TestEntries>
    <TestEntry testId="6d52ecbf-283f-4a0f-92b6-567d1e145566" executionId="12d76347-8b27-47c7-a986-cea9118bd9f1" testListId="73e14759-83b6-4ebc-91e5-b4688a767d60" />
    <TestEntry testId="71584842-7d71-459a-8428-967af4f83c9a" executionId="275129d4-773c-4777-a471-62c45ddb6527" testListId="73e14759-83b6-4ebc-91e5-b4688a767d60" />
    <TestEntry testId="bd6b9834-d004-4a13-8b2f-bbef461fc1f0" executionId="bb03c79a-04ac-438e-b2e4-af4cb7154fd5" testListId="73e14759-83b6-4ebc-91e5-b4688a767d60" />
    <TestEntry testId="71453083-496c-4d1c-8f19-34be6af6aeba" executionId="c02730c7-f1b8-4db9-8b23-a97ff55c5830" testListId="73e14759-83b6-4ebc-91e5-b4688a767d60" />
    <TestEntry testId="bc4b1860-fea1-4bf4-8543-01be12627226" executionId="e4537c5a-8861-4904-a0ca-bf22e85a4883" testListId="73e14759-83b6-4ebc-91e5-b4688a767d60" />
    <TestEntry testId="fd4fc6c5-41aa-45fa-bd05-a06f8caf64b4" executionId="3bd607c7-d495-48a4-9d4b-9661d40a06ec" testListId="73e14759-83b6-4ebc-91e5-b4688a767d60" />
    <TestEntry testId="0e7c93b3-1830-43ce-9d72-081b2edb8ae0" executionId="7e522195-f515-4572-8d46-fabe79de495d" testListId="73e14759-83b6-4ebc-91e5-b4688a767d60" />
    <TestEntry testId="3020574b-c0fd-4779-b0a1-b4730e1e8b75" executionId="a66677da-dee8-445f-bbb4-b8946ded2d72" testListId="73e14759-83b6-4ebc-91e5-b4688a767d60" />
    <TestEntry testId="16c7a27c-8ba0-4557-95af-2fac7bc961d0" executionId="6181dd7d-0ca1-4961-8a7a-0531709cdea7" testListId="73e14759-83b6-4ebc-91e5-b4688a767d60" />
    <TestEntry testId="550cc94e-7ae9-4509-86cb-1416919ebee6" executionId="5edd1633-fa07-4676-86a0-d122032e4838" testListId="73e14759-83b6-4ebc-91e5-b4688a767d60" />
    <TestEntry testId="d583f759-71c6-44ab-b9cf-7102310fa032" executionId="1625e43e-3423-40d5-b72b-aff9f251a2ac" testListId="73e14759-83b6-4ebc-91e5-b4688a767d60" />
    <TestEntry testId="ea73e3e4-26c3-49dc-a17b-e9e25531a7bd" executionId="7ee07ab0-2e81-426d-9f7d-6d3b44698a13" testListId="73e14759-83b6-4ebc-91e5-b4688a767d60" />
    <TestEntry testId="e34105be-9ebb-4b4d-a7cf-f6429145caa0" executionId="7382c28f-1af0-4af4-b23d-01ac8d5fbf8e" testListId="73e14759-83b6-4ebc-91e5-b4688a767d60" />
    <TestEntry testId="8109038e-f3f7-41c9-b770-8c51d16621c5" executionId="b124bd21-3f63-4214-98d7-cba3cefe9a7f" testListId="73e14759-83b6-4ebc-91e5-b4688a767d60" />
    <TestEntry testId="14457904-b0a5-4395-b0f5-68ad75fee066" executionId="d15b66ea-fb32-417d-bc16-4762bf2e9af5" testListId="73e14759-83b6-4ebc-91e5-b4688a767d60" />
    <TestEntry testId="b18c3645-ac9f-43ea-b925-f4959f18339c" executionId="8df861f5-7786-464c-88a7-3df1c8d8adfa" testListId="73e14759-83b6-4ebc-91e5-b4688a767d60" />
    <TestEntry testId="bd29ebe1-9c1a-408f-872b-e3e4145d7cf8" executionId="46d5d599-e286-4cca-ac07-1058528c297c" testListId="73e14759-83b6-4ebc-91e5-b4688a767d60" />
    <TestEntry testId="b9c206a8-a4ab-4137-a0cd-067953833761" executionId="57ea1f47-31c8-4cd7-ab95-dd0c744ac68a" testListId="73e14759-83b6-4ebc-91e5-b4688a767d60" />
    <TestEntry testId="6752a4b2-c1f1-435f-ab76-7176c42f8c84" executionId="3af7ca64-d30a-4f60-a38f-570b892bb8df" testListId="73e14759-83b6-4ebc-91e5-b4688a767d60" />
    <TestEntry testId="e404dbed-6e95-4860-a5d1-9667407c8d92" executionId="0adcf2a6-295d-46d5-8125-9aea5f0b08f1" testListId="73e14759-83b6-4ebc-91e5-b4688a767d60" />
    <TestEntry testId="3cb46a71-7a27-49b2-995c-61783a2f87b0" executionId="680fcd07-14aa-4729-a13d-3425cdc341b5" testListId="73e14759-83b6-4ebc-91e5-b4688a767d60" />
    <TestEntry testId="a0461340-b243-40fb-8775-50c3017d2fcd" executionId="81aa09ce-66c2-4988-a103-ca79021c2d61" testListId="73e14759-83b6-4ebc-91e5-b4688a767d60" />
    <TestEntry testId="41109e2c-4239-4766-b4bc-dbb7064026fe" executionId="d35d98af-8842-43b1-8ad8-ac59188cccd4" testListId="73e14759-83b6-4ebc-91e5-b4688a767d60" />
    <TestEntry testId="4b991a5c-24c6-4626-ac0d-d2bcf4c02cfa" executionId="97b96c97-8573-4a68-b6f1-87726c23f874" testListId="73e14759-83b6-4ebc-91e5-b4688a767d60" />
    <TestEntry testId="5f491004-f380-45a5-aaca-e52c1568f142" executionId="ce5b4016-b220-4f75-8840-a735053a9259" testListId="73e14759-83b6-4ebc-91e5-b4688a767d60" />
    <TestEntry testId="47ffc903-61e0-40b2-92b5-67b21e47630e" executionId="fa4e266b-b655-4840-ae3a-e60dab9fb401" testListId="73e14759-83b6-4ebc-91e5-b4688a767d60" />
    <TestEntry testId="e1c139d2-a7f0-41a0-b5af-227d8c9969a3" executionId="468a957e-3e4a-4197-8d1a-724e8862a67f" testListId="73e14759-83b6-4ebc-91e5-b4688a767d60" />
    <TestEntry testId="ec7c0c28-0807-4e0c-8fb2-44fe62ff9bef" executionId="cba3059c-9f80-48f8-a9af-d46c452f4310" testListId="73e14759-83b6-4ebc-91e5-b4688a767d60" />
    <TestEntry testId="5c8b3303-abd1-4890-a271-c962c38c8309" executionId="3143251c-696f-4085-ae9a-0d6ae72fcdd9" testListId="73e14759-83b6-4ebc-91e5-b4688a767d60" />
    <TestEntry testId="613cabb1-a996-4890-ae37-6244865efc78" executionId="12f8291b-c661-41ce-a3c2-90657957a142" testListId="73e14759-83b6-4ebc-91e5-b4688a767d60" />
    <TestEntry testId="cbd9f018-8df4-4ab7-89b5-af5623054cd3" executionId="7e7cef9c-a3c1-4a87-b7c3-106b9ca17720" testListId="73e14759-83b6-4ebc-91e5-b4688a767d60" />
    <TestEntry testId="1e2708d4-7729-4704-a7d7-416b7ac081db" executionId="536ccaaf-b93e-4985-bcfa-3b7a9b7d7c74" testListId="73e14759-83b6-4ebc-91e5-b4688a767d60" />
    <TestEntry testId="07401c4d-039a-4272-9b80-b555b59f1b35" executionId="c1a5622c-1379-4eea-a6d7-640bc3364a29" testListId="73e14759-83b6-4ebc-91e5-b4688a767d60" />
    <TestEntry testId="ef014f3e-60dc-4e0b-8951-cd5b9354fbb2" executionId="731e227f-280a-465f-b285-22dccbc59b59" testListId="73e14759-83b6-4ebc-91e5-b4688a767d60" />
    <TestEntry testId="068c5dfc-b6bd-431b-955f-80b2554936c1" executionId="8ae3d23b-cc0b-418c-a3a3-d3cf4b2e6c81" testListId="73e14759-83b6-4ebc-91e5-b4688a767d60" />
    <TestEntry testId="fb0db7c0-0daf-4ede-8700-ab544c55f2c0" executionId="b93037b2-4b58-423a-84dc-71f8220cdcd1" testListId="73e14759-83b6-4ebc-91e5-b4688a767d60" />
    <TestEntry testId="b5431a7d-b868-4e1c-a7db-5950bbe51891" executionId="ef228499-fe39-4b39-a757-2d8b4fe98fb3" testListId="73e14759-83b6-4ebc-91e5-b4688a767d60" />
    <TestEntry testId="719abf8f-228a-43f7-a46c-59aeeef9e49e" executionId="366a12fd-56f8-4345-95b5-604b5b57eb4b" testListId="73e14759-83b6-4ebc-91e5-b4688a767d60" />
    <TestEntry testId="553847b1-cd94-49b1-8ff2-c00dc7d235b5" executionId="c3db978d-3577-4e4b-b25c-d17f6d819d5a" testListId="73e14759-83b6-4ebc-91e5-b4688a767d60" />
    <TestEntry testId="e678c208-5024-42a8-b3ce-6dabab950648" executionId="d42bfce6-bd53-4871-a3f3-6329dd1e9780" testListId="73e14759-83b6-4ebc-91e5-b4688a767d60" />
    <TestEntry testId="f71a2a2f-991d-47ec-8f0e-baa77b189f2e" executionId="2697411f-1d59-465e-8102-2e05a2eedb44" testListId="73e14759-83b6-4ebc-91e5-b4688a767d60" />
    <TestEntry testId="5fd1abdb-b0b7-4584-ae9c-c6cf4c0fadd9" executionId="92e48afe-d54b-447c-a458-287fcf799ef6" testListId="73e14759-83b6-4ebc-91e5-b4688a767d60" />
    <TestEntry testId="343bfe42-4b8e-48ec-8f36-41b3bce9c353" executionId="b2653ac6-78e1-48f0-ba6e-c99cc61f4972" testListId="73e14759-83b6-4ebc-91e5-b4688a767d60" />
    <TestEntry testId="7e5a9230-a8f0-45f5-822b-a46479ee2dd2" executionId="5ea4c507-b7e5-46c5-b7d4-a87be1de6843" testListId="73e14759-83b6-4ebc-91e5-b4688a767d60" />
    <TestEntry testId="6be36752-84a3-4f77-aaee-f528a110943f" executionId="49899109-77a2-4e32-84bd-5dd01cdb5ee5" testListId="73e14759-83b6-4ebc-91e5-b4688a767d60" />
    <TestEntry testId="51ad321a-1204-4432-866e-c97da485a14c" executionId="68b10d72-078b-415f-87c0-6825bae96db7" testListId="73e14759-83b6-4ebc-91e5-b4688a767d60" />
    <TestEntry testId="221002ec-6de9-4b57-9eaf-70e53e78cc6d" executionId="03199daf-5527-4783-ba3c-1490461769c8" testListId="73e14759-83b6-4ebc-91e5-b4688a767d60" />
    <TestEntry testId="1aac1c79-5001-4ab8-a3a2-b37a9af168e8" executionId="c5dde44e-a14a-4129-86d9-1d146475f271" testListId="73e14759-83b6-4ebc-91e5-b4688a767d60" />
    <TestEntry testId="fa37331d-ba61-409c-aa4d-35ab4dc64afd" executionId="30e579d8-4e9e-4856-af18-2303ef306616" testListId="73e14759-83b6-4ebc-91e5-b4688a767d60" />
    <TestEntry testId="a0f7ecd0-8516-4bf2-943a-1a3dbf804e9f" executionId="5e406cac-f1c2-432c-9923-af0862fa6463" testListId="73e14759-83b6-4ebc-91e5-b4688a767d60" />
    <TestEntry testId="1d0eb886-6066-4e49-9e6b-5f54333d445b" executionId="6d97fba5-96a5-4344-8624-5f85218c1d9b" testListId="73e14759-83b6-4ebc-91e5-b4688a767d60" />
    <TestEntry testId="64a0d0a2-2799-4f67-9a31-86029d750762" executionId="caf28738-dade-46c5-a7ec-3d18b7659608" testListId="73e14759-83b6-4ebc-91e5-b4688a767d60" />
    <TestEntry testId="9a7303b4-23ef-4f39-8283-d11da75c544c" executionId="9ad03107-7f66-4d71-a297-41de67012deb" testListId="73e14759-83b6-4ebc-91e5-b4688a767d60" />
    <TestEntry testId="b4e12641-12ce-4450-b715-8f79007ea203" executionId="4179d433-5fa8-4139-b0d4-52eaf43a84b5" testListId="73e14759-83b6-4ebc-91e5-b4688a767d60" />
    <TestEntry testId="3c81fdb1-8afe-4219-a207-972e99b10261" executionId="06de4d25-f44b-4da9-8442-c83ab6994618" testListId="73e14759-83b6-4ebc-91e5-b4688a767d60" />
    <TestEntry testId="48147a44-3533-4d35-95af-80463abe810f" executionId="8ba81ce0-902f-429e-b7af-998a161c4db8" testListId="73e14759-83b6-4ebc-91e5-b4688a767d60" />
    <TestEntry testId="539ad8f3-bd5c-4d94-8240-a2c0d5f38a55" executionId="442bcf83-1ec6-46b2-b8f4-c05eaac92235" testListId="73e14759-83b6-4ebc-91e5-b4688a767d60" />
    <TestEntry testId="9ccf6ecd-c2b6-4a74-876a-b26bf0af8540" executionId="e51cddc1-bc1b-455b-aab2-b3ce4f7f7c13" testListId="73e14759-83b6-4ebc-91e5-b4688a767d60" />
    <TestEntry testId="24698c12-f694-4541-bfe5-7bc379ea33c8" executionId="f04eeeaa-8406-453a-82b1-2fbb5940597a" testListId="73e14759-83b6-4ebc-91e5-b4688a767d60" />
    <TestEntry testId="524e9738-f71f-4e9b-b3ec-8cb6f5c29b20" executionId="970e2736-881e-4954-81a5-4f9dd5169756" testListId="73e14759-83b6-4ebc-91e5-b4688a767d60" />
    <TestEntry testId="1a238907-826c-43b4-a1bb-5a3dbc0b73cf" executionId="8d7e70ce-734b-42fa-a99d-fd4a0b63c98d" testListId="73e14759-83b6-4ebc-91e5-b4688a767d60" />
    <TestEntry testId="0ba5caaa-266e-4967-b804-33b364243be5" executionId="334221a1-6667-413d-bfea-ed4657eaab5e" testListId="73e14759-83b6-4ebc-91e5-b4688a767d60" />
    <TestEntry testId="195d61d0-28bb-444a-9f86-de558c394e84" executionId="eceeb18c-3165-44e9-ad38-d7b6083c8b57" testListId="73e14759-83b6-4ebc-91e5-b4688a767d60" />
    <TestEntry testId="8d278cff-b5a6-4adb-8ecc-2da089a6b13c" executionId="39dcd07a-9a93-493d-a970-65d7f5b44188" testListId="73e14759-83b6-4ebc-91e5-b4688a767d60" />
    <TestEntry testId="d81774e3-c777-4224-a46c-de3f4457ab15" executionId="f1280f21-490d-47ad-b206-4072c3b853c2" testListId="73e14759-83b6-4ebc-91e5-b4688a767d60" />
    <TestEntry testId="b7479ee9-61da-4a00-9601-064f653c2569" executionId="cf293b3a-af70-4e2c-812c-8b9b254d9177" testListId="73e14759-83b6-4ebc-91e5-b4688a767d60" />
    <TestEntry testId="f5585550-a55f-470c-bf40-a50876ba6000" executionId="bac472a8-6f9f-4ccd-886b-8d177d56c6ee" testListId="73e14759-83b6-4ebc-91e5-b4688a767d60" />
    <TestEntry testId="f79b0856-4f0f-4fcf-966b-724fa6d1d9bb" executionId="27628a4d-d77a-4a59-8789-8d2138245b49" testListId="73e14759-83b6-4ebc-91e5-b4688a767d60" />
    <TestEntry testId="02a0a647-6905-4b96-b2dc-405ca6d970f9" executionId="4153338a-3e1a-4b56-a020-8da26dbce74e" testListId="73e14759-83b6-4ebc-91e5-b4688a767d60" />
    <TestEntry testId="531d3fd3-1e18-47c2-bb20-619f3d292bbf" executionId="fd02c071-bde0-423c-b6e1-7ad98edb7ee2" testListId="73e14759-83b6-4ebc-91e5-b4688a767d60" />
    <TestEntry testId="559dee4c-9c00-482a-9a1a-82cd5c3e15f5" executionId="4d473071-c197-44c7-b52a-62d6ff228070" testListId="73e14759-83b6-4ebc-91e5-b4688a767d60" />
    <TestEntry testId="d1ef4572-571e-4f66-a7f0-b51e7767b69f" executionId="9869b616-69a0-4cdb-9cda-5c04f6bed94f" testListId="73e14759-83b6-4ebc-91e5-b4688a767d60" />
    <TestEntry testId="3dfb65c7-0ed3-4518-ae4b-c8d23de88663" executionId="ba173296-1782-4400-a245-e70307d4dab5" testListId="73e14759-83b6-4ebc-91e5-b4688a767d60" />
    <TestEntry testId="9251df9a-a14d-4909-b741-d2454be1bccb" executionId="e6e773b5-d67d-4b4f-9aa9-b7090c300928" testListId="73e14759-83b6-4ebc-91e5-b4688a767d60" />
    <TestEntry testId="d09db53d-0ce9-4bc2-8df2-a2595d66191c" executionId="30da8653-e168-430e-a23a-fdc5b6836cb0" testListId="73e14759-83b6-4ebc-91e5-b4688a767d60" />
    <TestEntry testId="9e7ca83b-e49f-4a95-9f05-86e195914026" executionId="ab5530d1-aeee-44d6-8d08-2cde7d3e8f63" testListId="73e14759-83b6-4ebc-91e5-b4688a767d60" />
    <TestEntry testId="eb347850-59eb-4545-a27f-f26f49d756fe" executionId="5555114c-be85-44a4-836d-a8a612e22300" testListId="73e14759-83b6-4ebc-91e5-b4688a767d60" />
    <TestEntry testId="5b706d2e-b077-4824-bec5-5bcf6547494f" executionId="06a2ac51-4257-40ba-90c8-9870ca6c4c6b" testListId="73e14759-83b6-4ebc-91e5-b4688a767d60" />
    <TestEntry testId="9bb9c167-c13c-4df3-8243-a361aec4fe98" executionId="3dbec0f2-a429-4ddf-8073-5a18e27ffc07" testListId="73e14759-83b6-4ebc-91e5-b4688a767d60" />
    <TestEntry testId="52592f1f-6f49-4358-beb4-15d416ffc162" executionId="bec3bacd-b01c-41b2-902b-854edf3547ee" testListId="73e14759-83b6-4ebc-91e5-b4688a767d60" />
    <TestEntry testId="c504eddd-ed78-4aec-9658-b9aff76dcd44" executionId="36c2726a-9414-48aa-8d19-14f545e5b8e3" testListId="73e14759-83b6-4ebc-91e5-b4688a767d60" />
    <TestEntry testId="3bfc29ac-a735-415f-a8bf-22a31dbfc5c3" executionId="cf31cd96-0875-408b-bba4-1971cac159e4" testListId="73e14759-83b6-4ebc-91e5-b4688a767d60" />
    <TestEntry testId="ba5af715-0329-4519-a93a-7814e9bc4721" executionId="1c303115-caab-410d-b4bb-52b584386622" testListId="73e14759-83b6-4ebc-91e5-b4688a767d60" />
    <TestEntry testId="89b6f1fd-726b-4fa8-9b3b-6de4354f0ff1" executionId="4c9e3fa0-4119-4a8b-8718-d1cb9949ead2" testListId="73e14759-83b6-4ebc-91e5-b4688a767d60" />
    <TestEntry testId="b466a3c9-14ee-4cd0-a86f-10980e482c1d" executionId="b5219b60-7722-435c-991e-e57651143f2f" testListId="73e14759-83b6-4ebc-91e5-b4688a767d60" />
    <TestEntry testId="c3c4109b-c622-46ae-b19f-9225486d658d" executionId="4ea0d908-e128-49ea-9ca4-09099204f5b0" testListId="73e14759-83b6-4ebc-91e5-b4688a767d60" />
    <TestEntry testId="db978f2e-292a-455d-88c4-34586c262b02" executionId="30b722f0-b317-439b-bb72-55d1e259b209" testListId="73e14759-83b6-4ebc-91e5-b4688a767d60" />
    <TestEntry testId="a9e54310-114d-418f-8c2d-5851c068a851" executionId="80f4df0f-ec9b-41db-a92c-677de0cf3642" testListId="73e14759-83b6-4ebc-91e5-b4688a767d60" />
    <TestEntry testId="77eb7ca5-5cbd-4d81-a180-e63b73d9c6ba" executionId="66e89e14-fc0b-4625-92e6-fcb29c5d7240" testListId="73e14759-83b6-4ebc-91e5-b4688a767d60" />
    <TestEntry testId="fea5595e-fc3b-4613-a8aa-3b612470c9d3" executionId="cd57e9a0-b9bb-4efa-a451-ccb18e878146" testListId="73e14759-83b6-4ebc-91e5-b4688a767d60" />
    <TestEntry testId="cf6673ad-96bf-471d-893a-1fb09bca56d1" executionId="b8b8528f-f467-4d40-94b3-06c4bd78dc84" testListId="73e14759-83b6-4ebc-91e5-b4688a767d60" />
    <TestEntry testId="f417b8d4-7f32-4cf7-881c-26d8b089e59e" executionId="a8f016e6-45d5-4632-8d56-057c671d0784" testListId="73e14759-83b6-4ebc-91e5-b4688a767d60" />
    <TestEntry testId="2b5dcf18-0999-4a95-aa29-66e5eb805fd3" executionId="17b054de-01d4-4f37-b375-67ba2ce70730" testListId="73e14759-83b6-4ebc-91e5-b4688a767d60" />
    <TestEntry testId="6c617103-b2f7-44d0-bc3d-4f3597bbc42b" executionId="bd785a64-879a-4435-a0a0-f636adc00fa8" testListId="73e14759-83b6-4ebc-91e5-b4688a767d60" />
    <TestEntry testId="4068054e-19c4-4c51-999e-348fd0e7832c" executionId="2ff418a4-03ed-4ff5-9ad1-aa2ac94c6ae3" testListId="73e14759-83b6-4ebc-91e5-b4688a767d60" />
    <TestEntry testId="79a86e18-1c55-49f5-8a1b-0fcabed27438" executionId="25f1fe89-ddf1-4b42-8f62-a611b8d6132d" testListId="73e14759-83b6-4ebc-91e5-b4688a767d60" />
    <TestEntry testId="f4a3b6f2-849d-4d44-8fbf-2a3b28f8c1ae" executionId="0556cb70-760b-4c4f-9cf3-a6ee9b13d6c1" testListId="73e14759-83b6-4ebc-91e5-b4688a767d60" />
    <TestEntry testId="e1ec2262-737f-4d29-b222-256edf68fdf5" executionId="ed21f087-0cf2-4f82-b8a8-a0e1160337ce" testListId="73e14759-83b6-4ebc-91e5-b4688a767d60" />
    <TestEntry testId="fc4713ca-d4bc-4885-8e4e-d8912fc55ea8" executionId="d38e815a-cacf-4780-bc40-23de653e7c1a" testListId="73e14759-83b6-4ebc-91e5-b4688a767d60" />
    <TestEntry testId="52fac498-8b83-40a4-9a89-0e15f1053437" executionId="06e85a3f-22a7-427e-a86b-504c12343ba8" testListId="73e14759-83b6-4ebc-91e5-b4688a767d60" />
  </TestEntries>
  <TestLists>
    <TestList name="Results Not in a List" id="73e14759-83b6-4ebc-91e5-b4688a767d60" />
    <TestList name="All Loaded Results" id="1dd7d523-ef64-494e-bc2e-edb013b23909" />
  </TestLists>
</TestRun>