<?xml version="1.0" encoding="UTF-8"?>
<TestRun id="8308922b-03fb-4ffe-9389-a3e255527b12" name="Test Run 48" runUser="Oles Galatsan" xmlns="http://microsoft.com/schemas/VisualStudio/TeamTest/2010">
  <Times creation="2025-05-14T13:20:31.3125482Z" queuing="2025-05-14T13:20:31.3125482Z" start="2025-05-14T13:20:31.3146610Z" finish="2025-05-14T13:25:31.3147553Z" />
  <TestSettings name="Test Settings 48" id="1ba9f034-92ff-4c38-8a55-8bdbb56b6a18" />
  <Results>
    <UnitTestResult executionId="80cd0471-e0e4-403f-be40-222eeeb555e1" testId="b622346c-f23b-4da8-837b-68442d66fd6d" testName="Test4701" computerName="UA-LPT-OGA2" duration="00:00:01.0760000" startTime="2025-05-14T13:20:31.3146610Z" endTime="2025-05-14T13:25:31.3147553Z" testType="13cdc9d9-ddb5-4fa4-a97d-d965ccfc6d4b" outcome="Passed" testListId="3d41a7ae-16ab-4234-ad40-969991bf6d49" />
    <UnitTestResult executionId="43bba3a7-321b-4e8c-89ac-eb7d43fce74d" testId="79f38332-6931-4b34-b304-6ec7c7e2b634" testName="Test4702" computerName="UA-LPT-OGA2" duration="00:00:01.8310000" startTime="2025-05-14T13:20:31.3146610Z" endTime="2025-05-14T13:25:31.3147553Z" testType="13cdc9d9-ddb5-4fa4-a97d-d965ccfc6d4b" outcome="Passed" testListId="3d41a7ae-16ab-4234-ad40-969991bf6d49" />
    <UnitTestResult executionId="2e6200ef-ec24-4d61-8033-0c49051645a1" testId="35ec44e6-6823-4fa9-9a12-03d1c3ab8858" testName="Test4703" computerName="UA-LPT-OGA2" duration="00:00:00.5290000" startTime="2025-05-14T13:20:31.3146610Z" endTime="2025-05-14T13:25:31.3147553Z" testType="13cdc9d9-ddb5-4fa4-a97d-d965ccfc6d4b" outcome="Passed" testListId="3d41a7ae-16ab-4234-ad40-969991bf6d49" />
    <UnitTestResult executionId="2b85a87f-58f2-47a8-b654-b87eb03804b6" testId="9e4b1c9d-f330-4531-a706-7474d8dcfc2f" testName="Test4704" computerName="UA-LPT-OGA2" duration="00:00:00.2330000" startTime="2025-05-14T13:20:31.3146610Z" endTime="2025-05-14T13:25:31.3147553Z" testType="13cdc9d9-ddb5-4fa4-a97d-d965ccfc6d4b" outcome="Passed" testListId="3d41a7ae-16ab-4234-ad40-969991bf6d49" />
    <UnitTestResult executionId="076ebf2e-b87f-4102-9869-5f72360dc375" testId="c5008d76-1832-46af-bc6e-76d17165c34f" testName="Test4705" computerName="UA-LPT-OGA2" duration="00:00:01.4730000" startTime="2025-05-14T13:20:31.3146610Z" endTime="2025-05-14T13:25:31.3147553Z" testType="13cdc9d9-ddb5-4fa4-a97d-d965ccfc6d4b" outcome="Passed" testListId="3d41a7ae-16ab-4234-ad40-969991bf6d49" />
    <UnitTestResult executionId="93b538d5-ab2d-4898-bdaa-ffe353df6c30" testId="38c9aaeb-06de-428c-af08-e28381e135fd" testName="Test4706" computerName="UA-LPT-OGA2" duration="00:00:00.0990000" startTime="2025-05-14T13:20:31.3146610Z" endTime="2025-05-14T13:25:31.3147553Z" testType="13cdc9d9-ddb5-4fa4-a97d-d965ccfc6d4b" outcome="Passed" testListId="3d41a7ae-16ab-4234-ad40-969991bf6d49" />
    <UnitTestResult executionId="ed089303-77f8-4933-ab77-9899cc60ccc9" testId="397502a9-427b-4a38-a065-fe34007c413d" testName="Test4707" computerName="UA-LPT-OGA2" duration="00:00:00.7920000" startTime="2025-05-14T13:20:31.3146610Z" endTime="2025-05-14T13:25:31.3147553Z" testType="13cdc9d9-ddb5-4fa4-a97d-d965ccfc6d4b" outcome="Passed" testListId="3d41a7ae-16ab-4234-ad40-969991bf6d49" />
    <UnitTestResult executionId="d663863c-b874-4f0b-a5f4-e6353cc043d9" testId="bcb48117-8f78-4739-886d-3fc226730f1c" testName="Test4708" computerName="UA-LPT-OGA2" duration="00:00:01.6230000" startTime="2025-05-14T13:20:31.3146610Z" endTime="2025-05-14T13:25:31.3147553Z" testType="13cdc9d9-ddb5-4fa4-a97d-d965ccfc6d4b" outcome="Failed" testListId="3d41a7ae-16ab-4234-ad40-969991bf6d49">
      <Output>
        <ErrorInfo>
          <Message>Assertion failed: Expected value did not match actual value.</Message>
          <StackTrace>   at TestNamespace.TestClass.Test() in TestClass.cs:line 81</StackTrace>
        </ErrorInfo>
      </Output>
    </UnitTestResult>
    <UnitTestResult executionId="37ad2412-31dd-4029-b1f1-cf4ed9efda19" testId="2510981e-0b5f-487e-99ad-3cc932499af0" testName="Test4709" computerName="UA-LPT-OGA2" duration="00:00:01.2150000" startTime="2025-05-14T13:20:31.3146610Z" endTime="2025-05-14T13:25:31.3147553Z" testType="13cdc9d9-ddb5-4fa4-a97d-d965ccfc6d4b" outcome="Passed" testListId="3d41a7ae-16ab-4234-ad40-969991bf6d49" />
    <UnitTestResult executionId="41f3022f-a921-4c41-bfe0-8ecc1c7eea74" testId="10ef46f1-0cf7-470f-b975-2f2e6c0323c8" testName="Test4710" computerName="UA-LPT-OGA2" duration="00:00:01.1170000" startTime="2025-05-14T13:20:31.3146610Z" endTime="2025-05-14T13:25:31.3147553Z" testType="13cdc9d9-ddb5-4fa4-a97d-d965ccfc6d4b" outcome="Passed" testListId="3d41a7ae-16ab-4234-ad40-969991bf6d49" />
    <UnitTestResult executionId="91784a1a-6c07-47ba-9c28-510e48eafd98" testId="4348ad88-af14-4b1b-aa5c-d2f341f6127f" testName="Test4711" computerName="UA-LPT-OGA2" duration="00:00:01.2140000" startTime="2025-05-14T13:20:31.3146610Z" endTime="2025-05-14T13:25:31.3147553Z" testType="13cdc9d9-ddb5-4fa4-a97d-d965ccfc6d4b" outcome="Passed" testListId="3d41a7ae-16ab-4234-ad40-969991bf6d49" />
    <UnitTestResult executionId="6e9c115f-c627-4bdc-ac94-fdd7d23acfc5" testId="fe3f8443-bd7b-4fbb-885d-13ea3040bfb2" testName="Test4712" computerName="UA-LPT-OGA2" duration="00:00:00.2790000" startTime="2025-05-14T13:20:31.3146610Z" endTime="2025-05-14T13:25:31.3147553Z" testType="13cdc9d9-ddb5-4fa4-a97d-d965ccfc6d4b" outcome="Passed" testListId="3d41a7ae-16ab-4234-ad40-969991bf6d49" />
    <UnitTestResult executionId="7963e3ed-a059-4c52-b982-f699efeaee63" testId="7318e39c-7187-4218-ab6b-926fca741901" testName="Test4713" computerName="UA-LPT-OGA2" duration="00:00:00.6090000" startTime="2025-05-14T13:20:31.3146610Z" endTime="2025-05-14T13:25:31.3147553Z" testType="13cdc9d9-ddb5-4fa4-a97d-d965ccfc6d4b" outcome="Passed" testListId="3d41a7ae-16ab-4234-ad40-969991bf6d49" />
    <UnitTestResult executionId="8bf852ad-3385-41c8-a836-5d1c90774aa7" testId="0d41d070-2a2b-477f-aaab-701ea270b19c" testName="Test4714" computerName="UA-LPT-OGA2" duration="00:00:01.8550000" startTime="2025-05-14T13:20:31.3146610Z" endTime="2025-05-14T13:25:31.3147553Z" testType="13cdc9d9-ddb5-4fa4-a97d-d965ccfc6d4b" outcome="Passed" testListId="3d41a7ae-16ab-4234-ad40-969991bf6d49" />
    <UnitTestResult executionId="56ead2a5-d722-433a-80ae-a8b310dcdcf4" testId="49a09baa-053e-4d27-b2c6-219bce69c6cc" testName="Test4715" computerName="UA-LPT-OGA2" duration="00:00:00.0910000" startTime="2025-05-14T13:20:31.3146610Z" endTime="2025-05-14T13:25:31.3147553Z" testType="13cdc9d9-ddb5-4fa4-a97d-d965ccfc6d4b" outcome="Inconclusive" testListId="3d41a7ae-16ab-4234-ad40-969991bf6d49" />
    <UnitTestResult executionId="0fc2cba8-a64d-4db4-859f-5e927753548d" testId="0a1c418d-39b4-4a40-b4ff-378fe4c32dc7" testName="Test4716" computerName="UA-LPT-OGA2" duration="00:00:01.0730000" startTime="2025-05-14T13:20:31.3146610Z" endTime="2025-05-14T13:25:31.3147553Z" testType="13cdc9d9-ddb5-4fa4-a97d-d965ccfc6d4b" outcome="Passed" testListId="3d41a7ae-16ab-4234-ad40-969991bf6d49" />
    <UnitTestResult executionId="70242d00-cb3a-4299-97f3-e1bf9ca7ab79" testId="2cb56e8c-ba74-4514-9b1f-5b54453bff3e" testName="Test4717" computerName="UA-LPT-OGA2" duration="00:00:01.6730000" startTime="2025-05-14T13:20:31.3146610Z" endTime="2025-05-14T13:25:31.3147553Z" testType="13cdc9d9-ddb5-4fa4-a97d-d965ccfc6d4b" outcome="Passed" testListId="3d41a7ae-16ab-4234-ad40-969991bf6d49" />
    <UnitTestResult executionId="3805bc26-b650-44b7-9286-0837ea3afcc5" testId="29fe320d-1fee-4a93-aacd-a051e2fef221" testName="Test4718" computerName="UA-LPT-OGA2" duration="00:00:01.1450000" startTime="2025-05-14T13:20:31.3146610Z" endTime="2025-05-14T13:25:31.3147553Z" testType="13cdc9d9-ddb5-4fa4-a97d-d965ccfc6d4b" outcome="Passed" testListId="3d41a7ae-16ab-4234-ad40-969991bf6d49" />
    <UnitTestResult executionId="f19ab735-465d-4a2a-bc46-53115c4c651e" testId="371e2463-4f27-4a72-885d-fd7ef5b5d763" testName="Test4719" computerName="UA-LPT-OGA2" duration="00:00:00.3180000" startTime="2025-05-14T13:20:31.3146610Z" endTime="2025-05-14T13:25:31.3147553Z" testType="13cdc9d9-ddb5-4fa4-a97d-d965ccfc6d4b" outcome="Inconclusive" testListId="3d41a7ae-16ab-4234-ad40-969991bf6d49" />
    <UnitTestResult executionId="ecd7f707-d10c-495d-b660-95ab46fec945" testId="b14a5542-b82d-4ecd-a4a6-267e5b3a53f1" testName="Test4720" computerName="UA-LPT-OGA2" duration="00:00:00.2240000" startTime="2025-05-14T13:20:31.3146610Z" endTime="2025-05-14T13:25:31.3147553Z" testType="13cdc9d9-ddb5-4fa4-a97d-d965ccfc6d4b" outcome="Passed" testListId="3d41a7ae-16ab-4234-ad40-969991bf6d49" />
    <UnitTestResult executionId="13d5b76a-dd6d-4a4a-93a1-8dab6b4bbcdf" testId="2f0b6d2e-9a9b-401a-ba85-a52457e30c6b" testName="Test4721" computerName="UA-LPT-OGA2" duration="00:00:01.3880000" startTime="2025-05-14T13:20:31.3146610Z" endTime="2025-05-14T13:25:31.3147553Z" testType="13cdc9d9-ddb5-4fa4-a97d-d965ccfc6d4b" outcome="Passed" testListId="3d41a7ae-16ab-4234-ad40-969991bf6d49" />
    <UnitTestResult executionId="a6a0521f-100b-41c2-a81d-6a2498a1b083" testId="970307b9-9419-4aa6-ac25-3390d4c4df6c" testName="Test4722" computerName="UA-LPT-OGA2" duration="00:00:01.8090000" startTime="2025-05-14T13:20:31.3146610Z" endTime="2025-05-14T13:25:31.3147553Z" testType="13cdc9d9-ddb5-4fa4-a97d-d965ccfc6d4b" outcome="Passed" testListId="3d41a7ae-16ab-4234-ad40-969991bf6d49" />
    <UnitTestResult executionId="72788aa9-5a83-458a-85af-0c1a646596bb" testId="9da5ee2b-679e-4c5d-bbb4-7b8aaac03af0" testName="Test4723" computerName="UA-LPT-OGA2" duration="00:00:01.9310000" startTime="2025-05-14T13:20:31.3146610Z" endTime="2025-05-14T13:25:31.3147553Z" testType="13cdc9d9-ddb5-4fa4-a97d-d965ccfc6d4b" outcome="Passed" testListId="3d41a7ae-16ab-4234-ad40-969991bf6d49" />
    <UnitTestResult executionId="83147935-95b8-4282-ab5f-5572a29e480d" testId="e49e1fbf-bb16-4c12-96d2-2b9fc0bdb607" testName="Test4724" computerName="UA-LPT-OGA2" duration="00:00:01.1650000" startTime="2025-05-14T13:20:31.3146610Z" endTime="2025-05-14T13:25:31.3147553Z" testType="13cdc9d9-ddb5-4fa4-a97d-d965ccfc6d4b" outcome="Passed" testListId="3d41a7ae-16ab-4234-ad40-969991bf6d49" />
    <UnitTestResult executionId="9bb92a33-fd0f-4a42-9fff-75f8913a0984" testId="4694054b-4446-4317-a9fa-8a5c56b48a9a" testName="Test4725" computerName="UA-LPT-OGA2" duration="00:00:01.4300000" startTime="2025-05-14T13:20:31.3146610Z" endTime="2025-05-14T13:25:31.3147553Z" testType="13cdc9d9-ddb5-4fa4-a97d-d965ccfc6d4b" outcome="Passed" testListId="3d41a7ae-16ab-4234-ad40-969991bf6d49" />
    <UnitTestResult executionId="8d183cb7-6647-4390-a4e3-b99dd96eeddf" testId="090954c3-5638-4b73-a2e1-20829dbe881b" testName="Test4726" computerName="UA-LPT-OGA2" duration="00:00:00.8340000" startTime="2025-05-14T13:20:31.3146610Z" endTime="2025-05-14T13:25:31.3147553Z" testType="13cdc9d9-ddb5-4fa4-a97d-d965ccfc6d4b" outcome="Passed" testListId="3d41a7ae-16ab-4234-ad40-969991bf6d49" />
    <UnitTestResult executionId="29e8a02a-779e-455f-b4c8-53351e7d17b8" testId="ad749966-d98a-4a76-9790-f71231069cb8" testName="Test4727" computerName="UA-LPT-OGA2" duration="00:00:00.4210000" startTime="2025-05-14T13:20:31.3146610Z" endTime="2025-05-14T13:25:31.3147553Z" testType="13cdc9d9-ddb5-4fa4-a97d-d965ccfc6d4b" outcome="Passed" testListId="3d41a7ae-16ab-4234-ad40-969991bf6d49" />
    <UnitTestResult executionId="f36430a3-75da-4c04-9536-f5ef8f096872" testId="82a5d517-4379-4924-9e22-32eb0fbbd889" testName="Test4728" computerName="UA-LPT-OGA2" duration="00:00:01.3940000" startTime="2025-05-14T13:20:31.3146610Z" endTime="2025-05-14T13:25:31.3147553Z" testType="13cdc9d9-ddb5-4fa4-a97d-d965ccfc6d4b" outcome="Passed" testListId="3d41a7ae-16ab-4234-ad40-969991bf6d49" />
    <UnitTestResult executionId="0974046e-5e28-431f-850f-881d17a0abf5" testId="56292313-acc3-4df2-9401-12d91179a722" testName="Test4729" computerName="UA-LPT-OGA2" duration="00:00:01.2410000" startTime="2025-05-14T13:20:31.3146610Z" endTime="2025-05-14T13:25:31.3147553Z" testType="13cdc9d9-ddb5-4fa4-a97d-d965ccfc6d4b" outcome="Passed" testListId="3d41a7ae-16ab-4234-ad40-969991bf6d49" />
    <UnitTestResult executionId="69166d01-b5b8-498f-95fb-4bc2aac2251d" testId="4c86c983-690e-45e3-aebc-f6c326294814" testName="Test4730" computerName="UA-LPT-OGA2" duration="00:00:01.5080000" startTime="2025-05-14T13:20:31.3146610Z" endTime="2025-05-14T13:25:31.3147553Z" testType="13cdc9d9-ddb5-4fa4-a97d-d965ccfc6d4b" outcome="Passed" testListId="3d41a7ae-16ab-4234-ad40-969991bf6d49" />
    <UnitTestResult executionId="3ae9a9ae-23dd-4312-ad9f-81a2e9126d77" testId="07354b37-6aaa-429a-be87-2f07d6d59ee3" testName="Test4731" computerName="UA-LPT-OGA2" duration="00:00:00.2610000" startTime="2025-05-14T13:20:31.3146610Z" endTime="2025-05-14T13:25:31.3147553Z" testType="13cdc9d9-ddb5-4fa4-a97d-d965ccfc6d4b" outcome="Passed" testListId="3d41a7ae-16ab-4234-ad40-969991bf6d49" />
    <UnitTestResult executionId="a4ca60c0-57f0-4e5e-83a3-501346c620ef" testId="b5a6a1c4-1c03-4591-a561-524f0616d627" testName="Test4732" computerName="UA-LPT-OGA2" duration="00:00:00.9410000" startTime="2025-05-14T13:20:31.3146610Z" endTime="2025-05-14T13:25:31.3147553Z" testType="13cdc9d9-ddb5-4fa4-a97d-d965ccfc6d4b" outcome="Passed" testListId="3d41a7ae-16ab-4234-ad40-969991bf6d49" />
    <UnitTestResult executionId="db115adb-4bbf-45be-bfcd-5c8f36d62e6e" testId="1a29ad2b-9ff9-4308-8911-4e24a6ffa504" testName="Test4733" computerName="UA-LPT-OGA2" duration="00:00:01.4430000" startTime="2025-05-14T13:20:31.3146610Z" endTime="2025-05-14T13:25:31.3147553Z" testType="13cdc9d9-ddb5-4fa4-a97d-d965ccfc6d4b" outcome="Passed" testListId="3d41a7ae-16ab-4234-ad40-969991bf6d49" />
    <UnitTestResult executionId="2d9c7587-5b5c-4200-9502-4283d7f981f2" testId="ed5a3067-f444-46e8-a7bd-6b37642d319f" testName="Test4734" computerName="UA-LPT-OGA2" duration="00:00:01.1410000" startTime="2025-05-14T13:20:31.3146610Z" endTime="2025-05-14T13:25:31.3147553Z" testType="13cdc9d9-ddb5-4fa4-a97d-d965ccfc6d4b" outcome="Passed" testListId="3d41a7ae-16ab-4234-ad40-969991bf6d49" />
    <UnitTestResult executionId="b9b4d75a-40d3-40e4-afae-9cd3d4b94b19" testId="2c23dc16-0b19-4068-9706-cdab8f61c577" testName="Test4735" computerName="UA-LPT-OGA2" duration="00:00:00.3100000" startTime="2025-05-14T13:20:31.3146610Z" endTime="2025-05-14T13:25:31.3147553Z" testType="13cdc9d9-ddb5-4fa4-a97d-d965ccfc6d4b" outcome="Passed" testListId="3d41a7ae-16ab-4234-ad40-969991bf6d49" />
    <UnitTestResult executionId="aa6e2564-6d26-4324-b677-9f05c9b249d7" testId="1d5b2027-c145-44e1-9415-e8a42415403d" testName="Test4736" computerName="UA-LPT-OGA2" duration="00:00:00.8200000" startTime="2025-05-14T13:20:31.3146610Z" endTime="2025-05-14T13:25:31.3147553Z" testType="13cdc9d9-ddb5-4fa4-a97d-d965ccfc6d4b" outcome="Passed" testListId="3d41a7ae-16ab-4234-ad40-969991bf6d49" />
    <UnitTestResult executionId="cf928dd0-e756-413d-8837-f117ec3fa0e6" testId="206aaffd-fb1f-4738-98c8-9b4852a03c7c" testName="Test4737" computerName="UA-LPT-OGA2" duration="00:00:00.9320000" startTime="2025-05-14T13:20:31.3146610Z" endTime="2025-05-14T13:25:31.3147553Z" testType="13cdc9d9-ddb5-4fa4-a97d-d965ccfc6d4b" outcome="Passed" testListId="3d41a7ae-16ab-4234-ad40-969991bf6d49" />
    <UnitTestResult executionId="0dea9cdf-797a-47b4-965b-de3211c309b6" testId="d3884830-cdb6-4c0a-bc40-bc13aa573702" testName="Test4738" computerName="UA-LPT-OGA2" duration="00:00:01.2640000" startTime="2025-05-14T13:20:31.3146610Z" endTime="2025-05-14T13:25:31.3147553Z" testType="13cdc9d9-ddb5-4fa4-a97d-d965ccfc6d4b" outcome="Passed" testListId="3d41a7ae-16ab-4234-ad40-969991bf6d49" />
    <UnitTestResult executionId="dda20d4f-48e6-42d3-aedb-ad49bd2c9ba8" testId="6523ef42-d995-4a90-ab9b-fac49360231f" testName="Test4739" computerName="UA-LPT-OGA2" duration="00:00:00.3350000" startTime="2025-05-14T13:20:31.3146610Z" endTime="2025-05-14T13:25:31.3147553Z" testType="13cdc9d9-ddb5-4fa4-a97d-d965ccfc6d4b" outcome="Passed" testListId="3d41a7ae-16ab-4234-ad40-969991bf6d49" />
    <UnitTestResult executionId="ca1f99b6-a7bf-45f2-b8be-fd0f769a4c55" testId="fc84c0ec-b7de-47a1-9d7c-7c0c177c221e" testName="Test4740" computerName="UA-LPT-OGA2" duration="00:00:01.8070000" startTime="2025-05-14T13:20:31.3146610Z" endTime="2025-05-14T13:25:31.3147553Z" testType="13cdc9d9-ddb5-4fa4-a97d-d965ccfc6d4b" outcome="Failed" testListId="3d41a7ae-16ab-4234-ad40-969991bf6d49">
      <Output>
        <ErrorInfo>
          <Message>Assertion failed: Expected value did not match actual value.</Message>
          <StackTrace>   at TestNamespace.TestClass.Test() in TestClass.cs:line 368</StackTrace>
        </ErrorInfo>
      </Output>
    </UnitTestResult>
    <UnitTestResult executionId="788602a2-bbe5-4ff3-be01-05c52f6a9d12" testId="28bcc43d-da96-4516-b541-bbaa2d19befa" testName="Test4741" computerName="UA-LPT-OGA2" duration="00:00:01.1720000" startTime="2025-05-14T13:20:31.3146610Z" endTime="2025-05-14T13:25:31.3147553Z" testType="13cdc9d9-ddb5-4fa4-a97d-d965ccfc6d4b" outcome="Passed" testListId="3d41a7ae-16ab-4234-ad40-969991bf6d49" />
    <UnitTestResult executionId="cbc6b8ff-4fb2-4e05-9988-974ee525d343" testId="8824943a-1746-47df-ad4e-f0649846280f" testName="Test4742" computerName="UA-LPT-OGA2" duration="00:00:01.5410000" startTime="2025-05-14T13:20:31.3146610Z" endTime="2025-05-14T13:25:31.3147553Z" testType="13cdc9d9-ddb5-4fa4-a97d-d965ccfc6d4b" outcome="Passed" testListId="3d41a7ae-16ab-4234-ad40-969991bf6d49" />
    <UnitTestResult executionId="8117c60e-3068-4d25-aaeb-9123a352afe6" testId="a7b3b1f9-e9a6-4961-a514-26adadf5ab44" testName="Test4743" computerName="UA-LPT-OGA2" duration="00:00:00.9210000" startTime="2025-05-14T13:20:31.3146610Z" endTime="2025-05-14T13:25:31.3147553Z" testType="13cdc9d9-ddb5-4fa4-a97d-d965ccfc6d4b" outcome="Failed" testListId="3d41a7ae-16ab-4234-ad40-969991bf6d49">
      <Output>
        <ErrorInfo>
          <Message>Assertion failed: Expected value did not match actual value.</Message>
          <StackTrace>   at TestNamespace.TestClass.Test() in TestClass.cs:line 90</StackTrace>
        </ErrorInfo>
      </Output>
    </UnitTestResult>
    <UnitTestResult executionId="085eeb80-9052-4540-a858-a1387558e784" testId="a28b9a15-dc35-4ee1-8c8c-1aacca91768b" testName="Test4744" computerName="UA-LPT-OGA2" duration="00:00:01.7250000" startTime="2025-05-14T13:20:31.3146610Z" endTime="2025-05-14T13:25:31.3147553Z" testType="13cdc9d9-ddb5-4fa4-a97d-d965ccfc6d4b" outcome="Passed" testListId="3d41a7ae-16ab-4234-ad40-969991bf6d49" />
    <UnitTestResult executionId="8205fdbd-5de2-438c-bf78-1eb3a5048455" testId="f03a4a37-0014-40c8-bdb6-eb52337833c6" testName="Test4745" computerName="UA-LPT-OGA2" duration="00:00:00.0780000" startTime="2025-05-14T13:20:31.3146610Z" endTime="2025-05-14T13:25:31.3147553Z" testType="13cdc9d9-ddb5-4fa4-a97d-d965ccfc6d4b" outcome="Passed" testListId="3d41a7ae-16ab-4234-ad40-969991bf6d49" />
    <UnitTestResult executionId="c1c05801-4a77-47d7-8081-ebf2922e7f36" testId="0d2e793e-31a8-4a10-8378-09e00596a244" testName="Test4746" computerName="UA-LPT-OGA2" duration="00:00:01.1300000" startTime="2025-05-14T13:20:31.3146610Z" endTime="2025-05-14T13:25:31.3147553Z" testType="13cdc9d9-ddb5-4fa4-a97d-d965ccfc6d4b" outcome="Passed" testListId="3d41a7ae-16ab-4234-ad40-969991bf6d49" />
    <UnitTestResult executionId="4655f9e0-21ca-4b92-bcb1-678d5d8f2647" testId="3a77ae94-29b1-4ce9-8ba1-0acffc4483ae" testName="Test4747" computerName="UA-LPT-OGA2" duration="00:00:00.2130000" startTime="2025-05-14T13:20:31.3146610Z" endTime="2025-05-14T13:25:31.3147553Z" testType="13cdc9d9-ddb5-4fa4-a97d-d965ccfc6d4b" outcome="Passed" testListId="3d41a7ae-16ab-4234-ad40-969991bf6d49" />
    <UnitTestResult executionId="2cfaf932-0f1b-463c-a3c9-31b0d5d21324" testId="ef8697d7-d3ee-4fd9-a2b1-f7fb3c1b5cc2" testName="Test4748" computerName="UA-LPT-OGA2" duration="00:00:00.1770000" startTime="2025-05-14T13:20:31.3146610Z" endTime="2025-05-14T13:25:31.3147553Z" testType="13cdc9d9-ddb5-4fa4-a97d-d965ccfc6d4b" outcome="Passed" testListId="3d41a7ae-16ab-4234-ad40-969991bf6d49" />
    <UnitTestResult executionId="6dd35fd8-284a-4ad6-8bbc-d405ae35bb32" testId="823a1aaa-4c70-4ce0-baa0-d500c9e201b5" testName="Test4749" computerName="UA-LPT-OGA2" duration="00:00:01.6690000" startTime="2025-05-14T13:20:31.3146610Z" endTime="2025-05-14T13:25:31.3147553Z" testType="13cdc9d9-ddb5-4fa4-a97d-d965ccfc6d4b" outcome="Passed" testListId="3d41a7ae-16ab-4234-ad40-969991bf6d49" />
    <UnitTestResult executionId="dbac22c8-5b4b-40fb-a25f-5e793e227a88" testId="e7fb488c-a5e4-4f1c-85b9-bcb53e23c017" testName="Test4750" computerName="UA-LPT-OGA2" duration="00:00:00.4760000" startTime="2025-05-14T13:20:31.3146610Z" endTime="2025-05-14T13:25:31.3147553Z" testType="13cdc9d9-ddb5-4fa4-a97d-d965ccfc6d4b" outcome="Passed" testListId="3d41a7ae-16ab-4234-ad40-969991bf6d49" />
    <UnitTestResult executionId="91b201cb-4645-4b43-8a2d-382de41d8cda" testId="c99f851a-2a9a-4f2d-9e4b-70b7e0b0110c" testName="Test4751" computerName="UA-LPT-OGA2" duration="00:00:01.6820000" startTime="2025-05-14T13:20:31.3146610Z" endTime="2025-05-14T13:25:31.3147553Z" testType="13cdc9d9-ddb5-4fa4-a97d-d965ccfc6d4b" outcome="Failed" testListId="3d41a7ae-16ab-4234-ad40-969991bf6d49">
      <Output>
        <ErrorInfo>
          <Message>Assertion failed: Expected value did not match actual value.</Message>
          <StackTrace>   at TestNamespace.TestClass.Test() in TestClass.cs:line 440</StackTrace>
        </ErrorInfo>
      </Output>
    </UnitTestResult>
    <UnitTestResult executionId="118772b2-401c-4c9a-9b41-51461ef42f91" testId="67446cd4-6ca2-47ee-ab84-f5bc348ab287" testName="Test4752" computerName="UA-LPT-OGA2" duration="00:00:00.0230000" startTime="2025-05-14T13:20:31.3146610Z" endTime="2025-05-14T13:25:31.3147553Z" testType="13cdc9d9-ddb5-4fa4-a97d-d965ccfc6d4b" outcome="Passed" testListId="3d41a7ae-16ab-4234-ad40-969991bf6d49" />
    <UnitTestResult executionId="82ad7251-5fdc-46cb-849f-9515c1222715" testId="8b6f164a-918e-4c66-b073-6e6ffd396301" testName="Test4753" computerName="UA-LPT-OGA2" duration="00:00:01.6490000" startTime="2025-05-14T13:20:31.3146610Z" endTime="2025-05-14T13:25:31.3147553Z" testType="13cdc9d9-ddb5-4fa4-a97d-d965ccfc6d4b" outcome="Failed" testListId="3d41a7ae-16ab-4234-ad40-969991bf6d49">
      <Output>
        <ErrorInfo>
          <Message>Assertion failed: Expected value did not match actual value.</Message>
          <StackTrace>   at TestNamespace.TestClass.Test() in TestClass.cs:line 69</StackTrace>
        </ErrorInfo>
      </Output>
    </UnitTestResult>
    <UnitTestResult executionId="96cb5a64-622f-46ec-aa01-f838b70890de" testId="056f63d2-9eff-49db-9671-4366ebb81b96" testName="Test4754" computerName="UA-LPT-OGA2" duration="00:00:01.6950000" startTime="2025-05-14T13:20:31.3146610Z" endTime="2025-05-14T13:25:31.3147553Z" testType="13cdc9d9-ddb5-4fa4-a97d-d965ccfc6d4b" outcome="Passed" testListId="3d41a7ae-16ab-4234-ad40-969991bf6d49" />
    <UnitTestResult executionId="a16cbb53-4d9e-4635-b1a8-5a13a2eda3bd" testId="596f0db3-e9e3-4f87-a2a1-3ad47053edcb" testName="Test4755" computerName="UA-LPT-OGA2" duration="00:00:01.0660000" startTime="2025-05-14T13:20:31.3146610Z" endTime="2025-05-14T13:25:31.3147553Z" testType="13cdc9d9-ddb5-4fa4-a97d-d965ccfc6d4b" outcome="Passed" testListId="3d41a7ae-16ab-4234-ad40-969991bf6d49" />
    <UnitTestResult executionId="4d6bb7f3-24e8-4b32-9160-88787f7b89bc" testId="f9971fd8-4cd0-49fe-90f0-ed7e7528750b" testName="Test4756" computerName="UA-LPT-OGA2" duration="00:00:01.3660000" startTime="2025-05-14T13:20:31.3146610Z" endTime="2025-05-14T13:25:31.3147553Z" testType="13cdc9d9-ddb5-4fa4-a97d-d965ccfc6d4b" outcome="Passed" testListId="3d41a7ae-16ab-4234-ad40-969991bf6d49" />
    <UnitTestResult executionId="2c82ff9a-ce9b-42a9-9175-f1d033139350" testId="1e68a2f3-5f30-4887-b8b9-bc3317b45763" testName="Test4757" computerName="UA-LPT-OGA2" duration="00:00:01.5700000" startTime="2025-05-14T13:20:31.3146610Z" endTime="2025-05-14T13:25:31.3147553Z" testType="13cdc9d9-ddb5-4fa4-a97d-d965ccfc6d4b" outcome="Passed" testListId="3d41a7ae-16ab-4234-ad40-969991bf6d49" />
    <UnitTestResult executionId="f62027f4-8a1d-453e-b74e-8d13690bb1a2" testId="280787bd-0221-426f-8979-1cb0b1c900c6" testName="Test4758" computerName="UA-LPT-OGA2" duration="00:00:00.5770000" startTime="2025-05-14T13:20:31.3146610Z" endTime="2025-05-14T13:25:31.3147553Z" testType="13cdc9d9-ddb5-4fa4-a97d-d965ccfc6d4b" outcome="Passed" testListId="3d41a7ae-16ab-4234-ad40-969991bf6d49" />
    <UnitTestResult executionId="8eff1d23-d112-428f-8ac2-245914a65410" testId="f83c998a-bdab-4ffd-8a17-9555d854dd16" testName="Test4759" computerName="UA-LPT-OGA2" duration="00:00:00.5430000" startTime="2025-05-14T13:20:31.3146610Z" endTime="2025-05-14T13:25:31.3147553Z" testType="13cdc9d9-ddb5-4fa4-a97d-d965ccfc6d4b" outcome="Passed" testListId="3d41a7ae-16ab-4234-ad40-969991bf6d49" />
    <UnitTestResult executionId="4464812d-d3cf-479b-b79d-4fe2e5f99056" testId="56303426-0f91-4159-b2d0-dbfc0d52642c" testName="Test4760" computerName="UA-LPT-OGA2" duration="00:00:01.2720000" startTime="2025-05-14T13:20:31.3146610Z" endTime="2025-05-14T13:25:31.3147553Z" testType="13cdc9d9-ddb5-4fa4-a97d-d965ccfc6d4b" outcome="Passed" testListId="3d41a7ae-16ab-4234-ad40-969991bf6d49" />
    <UnitTestResult executionId="96492126-ae64-4aa1-99e7-f21796b22de1" testId="609c5c1e-17e9-4d93-bad8-eb76af1b3a58" testName="Test4761" computerName="UA-LPT-OGA2" duration="00:00:00.2000000" startTime="2025-05-14T13:20:31.3146610Z" endTime="2025-05-14T13:25:31.3147553Z" testType="13cdc9d9-ddb5-4fa4-a97d-d965ccfc6d4b" outcome="Passed" testListId="3d41a7ae-16ab-4234-ad40-969991bf6d49" />
    <UnitTestResult executionId="fbc823f9-1e82-4797-b662-4eb1b477379a" testId="726f64a4-6b67-4481-87d1-f21df5167cba" testName="Test4762" computerName="UA-LPT-OGA2" duration="00:00:00.2360000" startTime="2025-05-14T13:20:31.3146610Z" endTime="2025-05-14T13:25:31.3147553Z" testType="13cdc9d9-ddb5-4fa4-a97d-d965ccfc6d4b" outcome="Passed" testListId="3d41a7ae-16ab-4234-ad40-969991bf6d49" />
    <UnitTestResult executionId="748fc100-2735-4c47-8edb-a617addcdd2b" testId="90528d68-d8d4-4ddf-9aca-b37a07af931f" testName="Test4763" computerName="UA-LPT-OGA2" duration="00:00:01.3680000" startTime="2025-05-14T13:20:31.3146610Z" endTime="2025-05-14T13:25:31.3147553Z" testType="13cdc9d9-ddb5-4fa4-a97d-d965ccfc6d4b" outcome="Passed" testListId="3d41a7ae-16ab-4234-ad40-969991bf6d49" />
    <UnitTestResult executionId="3c402892-03ea-4f80-a40b-9ead4fb4eb52" testId="b77d1387-3ca6-48d7-afee-2f14bf4087aa" testName="Test4764" computerName="UA-LPT-OGA2" duration="00:00:01.0340000" startTime="2025-05-14T13:20:31.3146610Z" endTime="2025-05-14T13:25:31.3147553Z" testType="13cdc9d9-ddb5-4fa4-a97d-d965ccfc6d4b" outcome="Passed" testListId="3d41a7ae-16ab-4234-ad40-969991bf6d49" />
    <UnitTestResult executionId="4b09e442-758f-4578-b77a-f3e98a2c994e" testId="4a709830-9fde-4d46-9366-7973d3342302" testName="Test4765" computerName="UA-LPT-OGA2" duration="00:00:00.1820000" startTime="2025-05-14T13:20:31.3146610Z" endTime="2025-05-14T13:25:31.3147553Z" testType="13cdc9d9-ddb5-4fa4-a97d-d965ccfc6d4b" outcome="Passed" testListId="3d41a7ae-16ab-4234-ad40-969991bf6d49" />
    <UnitTestResult executionId="5898c659-0872-4f1d-a7f7-c4f1dbaeef17" testId="321e8ab8-d520-4c1e-86ff-a66349d6e910" testName="Test4766" computerName="UA-LPT-OGA2" duration="00:00:01.5730000" startTime="2025-05-14T13:20:31.3146610Z" endTime="2025-05-14T13:25:31.3147553Z" testType="13cdc9d9-ddb5-4fa4-a97d-d965ccfc6d4b" outcome="Passed" testListId="3d41a7ae-16ab-4234-ad40-969991bf6d49" />
    <UnitTestResult executionId="7cdd5bac-cdeb-4e76-a6a9-d21970cf0797" testId="6481a365-db8d-47f0-b83c-9ccba84fd24f" testName="Test4767" computerName="UA-LPT-OGA2" duration="00:00:01.4650000" startTime="2025-05-14T13:20:31.3146610Z" endTime="2025-05-14T13:25:31.3147553Z" testType="13cdc9d9-ddb5-4fa4-a97d-d965ccfc6d4b" outcome="Passed" testListId="3d41a7ae-16ab-4234-ad40-969991bf6d49" />
    <UnitTestResult executionId="63b53ee9-9a61-4c1a-997a-30051be2eb44" testId="3e1e9c59-e2e6-4a3e-9e13-411d6ca3c8fd" testName="Test4768" computerName="UA-LPT-OGA2" duration="00:00:00.8940000" startTime="2025-05-14T13:20:31.3146610Z" endTime="2025-05-14T13:25:31.3147553Z" testType="13cdc9d9-ddb5-4fa4-a97d-d965ccfc6d4b" outcome="Passed" testListId="3d41a7ae-16ab-4234-ad40-969991bf6d49" />
    <UnitTestResult executionId="7d16eedc-d586-4141-800f-3e22537f066e" testId="057621b1-2139-411d-8c0a-799552b86d55" testName="Test4769" computerName="UA-LPT-OGA2" duration="00:00:00.1180000" startTime="2025-05-14T13:20:31.3146610Z" endTime="2025-05-14T13:25:31.3147553Z" testType="13cdc9d9-ddb5-4fa4-a97d-d965ccfc6d4b" outcome="Passed" testListId="3d41a7ae-16ab-4234-ad40-969991bf6d49" />
    <UnitTestResult executionId="c109c511-9195-4fa0-a61a-633552160f7a" testId="ebf1e66b-be89-4516-9916-675ca82e849d" testName="Test4770" computerName="UA-LPT-OGA2" duration="00:00:01.6880000" startTime="2025-05-14T13:20:31.3146610Z" endTime="2025-05-14T13:25:31.3147553Z" testType="13cdc9d9-ddb5-4fa4-a97d-d965ccfc6d4b" outcome="Passed" testListId="3d41a7ae-16ab-4234-ad40-969991bf6d49" />
    <UnitTestResult executionId="cb5ff6e5-621a-433d-9e81-c5384b300551" testId="0cd30103-f7ac-4f13-8306-f57237f6f067" testName="Test4771" computerName="UA-LPT-OGA2" duration="00:00:01.4500000" startTime="2025-05-14T13:20:31.3146610Z" endTime="2025-05-14T13:25:31.3147553Z" testType="13cdc9d9-ddb5-4fa4-a97d-d965ccfc6d4b" outcome="Passed" testListId="3d41a7ae-16ab-4234-ad40-969991bf6d49" />
    <UnitTestResult executionId="fbb5e34c-a44e-4c2f-87d7-742d9be86272" testId="884a5673-cff8-4f2e-9e3d-a5f976f7c987" testName="Test4772" computerName="UA-LPT-OGA2" duration="00:00:00.7020000" startTime="2025-05-14T13:20:31.3146610Z" endTime="2025-05-14T13:25:31.3147553Z" testType="13cdc9d9-ddb5-4fa4-a97d-d965ccfc6d4b" outcome="Passed" testListId="3d41a7ae-16ab-4234-ad40-969991bf6d49" />
    <UnitTestResult executionId="8c855c99-0e7e-4f67-8109-06782aba26b4" testId="f1267152-62e8-4ed1-993b-1af6740563ea" testName="Test4773" computerName="UA-LPT-OGA2" duration="00:00:01.6370000" startTime="2025-05-14T13:20:31.3146610Z" endTime="2025-05-14T13:25:31.3147553Z" testType="13cdc9d9-ddb5-4fa4-a97d-d965ccfc6d4b" outcome="Passed" testListId="3d41a7ae-16ab-4234-ad40-969991bf6d49" />
    <UnitTestResult executionId="2ca2abe5-5b47-4458-a341-d49853dd3fac" testId="aa0af463-123a-4901-8152-8e2b81762c15" testName="Test4774" computerName="UA-LPT-OGA2" duration="00:00:01.4560000" startTime="2025-05-14T13:20:31.3146610Z" endTime="2025-05-14T13:25:31.3147553Z" testType="13cdc9d9-ddb5-4fa4-a97d-d965ccfc6d4b" outcome="Passed" testListId="3d41a7ae-16ab-4234-ad40-969991bf6d49" />
    <UnitTestResult executionId="8aadb190-e7a8-4742-a644-393f5d7ab3d7" testId="fbd508e4-d280-4f4d-91cc-052222e275f5" testName="Test4775" computerName="UA-LPT-OGA2" duration="00:00:01.9870000" startTime="2025-05-14T13:20:31.3146610Z" endTime="2025-05-14T13:25:31.3147553Z" testType="13cdc9d9-ddb5-4fa4-a97d-d965ccfc6d4b" outcome="Passed" testListId="3d41a7ae-16ab-4234-ad40-969991bf6d49" />
    <UnitTestResult executionId="42f19e98-2467-4de9-a545-07173bbb7297" testId="95ab9f11-799a-4b3d-b0c4-27afe7768c40" testName="Test4776" computerName="UA-LPT-OGA2" duration="00:00:01.5190000" startTime="2025-05-14T13:20:31.3146610Z" endTime="2025-05-14T13:25:31.3147553Z" testType="13cdc9d9-ddb5-4fa4-a97d-d965ccfc6d4b" outcome="Failed" testListId="3d41a7ae-16ab-4234-ad40-969991bf6d49">
      <Output>
        <ErrorInfo>
          <Message>Assertion failed: Expected value did not match actual value.</Message>
          <StackTrace>   at TestNamespace.TestClass.Test() in TestClass.cs:line 324</StackTrace>
        </ErrorInfo>
      </Output>
    </UnitTestResult>
    <UnitTestResult executionId="1d014eb9-77e4-4536-be76-8496c930d9b4" testId="39397021-b849-442f-a203-65ab5806c4ca" testName="Test4777" computerName="UA-LPT-OGA2" duration="00:00:01.7530000" startTime="2025-05-14T13:20:31.3146610Z" endTime="2025-05-14T13:25:31.3147553Z" testType="13cdc9d9-ddb5-4fa4-a97d-d965ccfc6d4b" outcome="Passed" testListId="3d41a7ae-16ab-4234-ad40-969991bf6d49" />
    <UnitTestResult executionId="1ca71bf8-621b-4a93-b004-1f70307fd6b4" testId="1fe26f54-a775-46d3-a431-6a8638e54eb6" testName="Test4778" computerName="UA-LPT-OGA2" duration="00:00:00.4750000" startTime="2025-05-14T13:20:31.3146610Z" endTime="2025-05-14T13:25:31.3147553Z" testType="13cdc9d9-ddb5-4fa4-a97d-d965ccfc6d4b" outcome="Passed" testListId="3d41a7ae-16ab-4234-ad40-969991bf6d49" />
    <UnitTestResult executionId="520cc10f-ab60-47f3-9973-d0defb8f58f9" testId="2fae079f-3988-4470-98a0-d12f4af1e9f4" testName="Test4779" computerName="UA-LPT-OGA2" duration="00:00:01.9250000" startTime="2025-05-14T13:20:31.3146610Z" endTime="2025-05-14T13:25:31.3147553Z" testType="13cdc9d9-ddb5-4fa4-a97d-d965ccfc6d4b" outcome="Passed" testListId="3d41a7ae-16ab-4234-ad40-969991bf6d49" />
    <UnitTestResult executionId="af1c3741-9fa3-4101-abd7-452732ab4f62" testId="97947bde-dc23-438c-ae0f-f0d8151b7c1c" testName="Test4780" computerName="UA-LPT-OGA2" duration="00:00:00.6360000" startTime="2025-05-14T13:20:31.3146610Z" endTime="2025-05-14T13:25:31.3147553Z" testType="13cdc9d9-ddb5-4fa4-a97d-d965ccfc6d4b" outcome="Passed" testListId="3d41a7ae-16ab-4234-ad40-969991bf6d49" />
    <UnitTestResult executionId="21b8320d-48a1-4121-875d-39ca72a811fa" testId="1702694a-b6a1-4feb-bfd1-5812bf6e7176" testName="Test4781" computerName="UA-LPT-OGA2" duration="00:00:00.2260000" startTime="2025-05-14T13:20:31.3146610Z" endTime="2025-05-14T13:25:31.3147553Z" testType="13cdc9d9-ddb5-4fa4-a97d-d965ccfc6d4b" outcome="Passed" testListId="3d41a7ae-16ab-4234-ad40-969991bf6d49" />
    <UnitTestResult executionId="51b9386d-f5e2-4407-a23e-8f7e50856385" testId="f1004e91-f2e1-43e8-9e3d-2680166b22fe" testName="Test4782" computerName="UA-LPT-OGA2" duration="00:00:01.5990000" startTime="2025-05-14T13:20:31.3146610Z" endTime="2025-05-14T13:25:31.3147553Z" testType="13cdc9d9-ddb5-4fa4-a97d-d965ccfc6d4b" outcome="Passed" testListId="3d41a7ae-16ab-4234-ad40-969991bf6d49" />
    <UnitTestResult executionId="753d2db2-f209-49e1-98a0-67dc2a000ba4" testId="755941c6-e312-4c09-9dec-336212538295" testName="Test4783" computerName="UA-LPT-OGA2" duration="00:00:00.3540000" startTime="2025-05-14T13:20:31.3146610Z" endTime="2025-05-14T13:25:31.3147553Z" testType="13cdc9d9-ddb5-4fa4-a97d-d965ccfc6d4b" outcome="Passed" testListId="3d41a7ae-16ab-4234-ad40-969991bf6d49" />
    <UnitTestResult executionId="b9b3cffd-ddb0-47ae-a7ce-1ccd904c407c" testId="f31f6e17-77c6-4fb6-a838-48c306d44ba5" testName="Test4784" computerName="UA-LPT-OGA2" duration="00:00:00.6460000" startTime="2025-05-14T13:20:31.3146610Z" endTime="2025-05-14T13:25:31.3147553Z" testType="13cdc9d9-ddb5-4fa4-a97d-d965ccfc6d4b" outcome="Passed" testListId="3d41a7ae-16ab-4234-ad40-969991bf6d49" />
    <UnitTestResult executionId="b0409656-d3d5-4dbe-b86a-1f13b0c37c82" testId="26a2720a-67af-4e07-9b61-7ecf7a16b79c" testName="Test4785" computerName="UA-LPT-OGA2" duration="00:00:00.3230000" startTime="2025-05-14T13:20:31.3146610Z" endTime="2025-05-14T13:25:31.3147553Z" testType="13cdc9d9-ddb5-4fa4-a97d-d965ccfc6d4b" outcome="Passed" testListId="3d41a7ae-16ab-4234-ad40-969991bf6d49" />
    <UnitTestResult executionId="02d98fe6-1812-4ec9-98e6-3f7d199551ba" testId="795f2b68-e6e0-40bd-80e8-97dc261fd1d3" testName="Test4786" computerName="UA-LPT-OGA2" duration="00:00:01.4800000" startTime="2025-05-14T13:20:31.3146610Z" endTime="2025-05-14T13:25:31.3147553Z" testType="13cdc9d9-ddb5-4fa4-a97d-d965ccfc6d4b" outcome="Passed" testListId="3d41a7ae-16ab-4234-ad40-969991bf6d49" />
    <UnitTestResult executionId="7e6f2aaf-0dcb-46da-b51b-5b2bc7a3ed2d" testId="43ac78ca-1124-4237-ae77-ee191f64527f" testName="Test4787" computerName="UA-LPT-OGA2" duration="00:00:00.8130000" startTime="2025-05-14T13:20:31.3146610Z" endTime="2025-05-14T13:25:31.3147553Z" testType="13cdc9d9-ddb5-4fa4-a97d-d965ccfc6d4b" outcome="Passed" testListId="3d41a7ae-16ab-4234-ad40-969991bf6d49" />
    <UnitTestResult executionId="dbb33ae6-000c-4262-802d-3473210ad047" testId="16cc48d8-390a-4114-884a-971b6deec390" testName="Test4788" computerName="UA-LPT-OGA2" duration="00:00:00.9830000" startTime="2025-05-14T13:20:31.3146610Z" endTime="2025-05-14T13:25:31.3147553Z" testType="13cdc9d9-ddb5-4fa4-a97d-d965ccfc6d4b" outcome="Passed" testListId="3d41a7ae-16ab-4234-ad40-969991bf6d49" />
    <UnitTestResult executionId="8501445b-a893-421b-ad96-2fd9cf5a7fac" testId="3fe039ad-fcaa-47f8-a223-c7f15026ec92" testName="Test4789" computerName="UA-LPT-OGA2" duration="00:00:00.9560000" startTime="2025-05-14T13:20:31.3146610Z" endTime="2025-05-14T13:25:31.3147553Z" testType="13cdc9d9-ddb5-4fa4-a97d-d965ccfc6d4b" outcome="Passed" testListId="3d41a7ae-16ab-4234-ad40-969991bf6d49" />
    <UnitTestResult executionId="f6b16fab-7538-4d18-b048-5a83080ead2a" testId="be680344-8570-4d4b-8e39-7dba38d006d5" testName="Test4790" computerName="UA-LPT-OGA2" duration="00:00:01.2690000" startTime="2025-05-14T13:20:31.3146610Z" endTime="2025-05-14T13:25:31.3147553Z" testType="13cdc9d9-ddb5-4fa4-a97d-d965ccfc6d4b" outcome="Passed" testListId="3d41a7ae-16ab-4234-ad40-969991bf6d49" />
    <UnitTestResult executionId="79423627-63a7-405a-9760-bb2506fbbcc2" testId="df284966-5eda-4f6d-9c75-cfdbc4fd3972" testName="Test4791" computerName="UA-LPT-OGA2" duration="00:00:00.4000000" startTime="2025-05-14T13:20:31.3146610Z" endTime="2025-05-14T13:25:31.3147553Z" testType="13cdc9d9-ddb5-4fa4-a97d-d965ccfc6d4b" outcome="Passed" testListId="3d41a7ae-16ab-4234-ad40-969991bf6d49" />
    <UnitTestResult executionId="883f9572-82f2-4caf-ac91-b462395db19e" testId="d11d664f-6dec-4b25-a029-d5ad6b16f076" testName="Test4792" computerName="UA-LPT-OGA2" duration="00:00:00.3210000" startTime="2025-05-14T13:20:31.3146610Z" endTime="2025-05-14T13:25:31.3147553Z" testType="13cdc9d9-ddb5-4fa4-a97d-d965ccfc6d4b" outcome="Passed" testListId="3d41a7ae-16ab-4234-ad40-969991bf6d49" />
    <UnitTestResult executionId="9721916c-3f7e-4866-8a92-13c86ddfb941" testId="2999d501-4471-43c1-9ce7-6154bf0d3b6e" testName="Test4793" computerName="UA-LPT-OGA2" duration="00:00:01.4190000" startTime="2025-05-14T13:20:31.3146610Z" endTime="2025-05-14T13:25:31.3147553Z" testType="13cdc9d9-ddb5-4fa4-a97d-d965ccfc6d4b" outcome="Passed" testListId="3d41a7ae-16ab-4234-ad40-969991bf6d49" />
    <UnitTestResult executionId="2089eff4-fdde-464d-8396-b363e8c44647" testId="69330353-5a8a-47f3-bba5-e35f94154c2b" testName="Test4794" computerName="UA-LPT-OGA2" duration="00:00:01.7680000" startTime="2025-05-14T13:20:31.3146610Z" endTime="2025-05-14T13:25:31.3147553Z" testType="13cdc9d9-ddb5-4fa4-a97d-d965ccfc6d4b" outcome="Passed" testListId="3d41a7ae-16ab-4234-ad40-969991bf6d49" />
    <UnitTestResult executionId="0e697a14-b283-4e82-9df8-974abd1a3d54" testId="655d1de3-a099-49b5-9829-9d669fd602c4" testName="Test4795" computerName="UA-LPT-OGA2" duration="00:00:01.4300000" startTime="2025-05-14T13:20:31.3146610Z" endTime="2025-05-14T13:25:31.3147553Z" testType="13cdc9d9-ddb5-4fa4-a97d-d965ccfc6d4b" outcome="Passed" testListId="3d41a7ae-16ab-4234-ad40-969991bf6d49" />
    <UnitTestResult executionId="ff6f76ff-08e6-4c8f-b9e5-bd6ffd8a536a" testId="37908dbe-e628-4ef8-a4a2-61712a187b40" testName="Test4796" computerName="UA-LPT-OGA2" duration="00:00:00.6430000" startTime="2025-05-14T13:20:31.3146610Z" endTime="2025-05-14T13:25:31.3147553Z" testType="13cdc9d9-ddb5-4fa4-a97d-d965ccfc6d4b" outcome="Passed" testListId="3d41a7ae-16ab-4234-ad40-969991bf6d49" />
    <UnitTestResult executionId="5d1a7557-a755-468b-a0f9-943b98d6edea" testId="f9ce4702-a3aa-4672-a33c-ffed8d2ba37a" testName="Test4797" computerName="UA-LPT-OGA2" duration="00:00:00.8460000" startTime="2025-05-14T13:20:31.3146610Z" endTime="2025-05-14T13:25:31.3147553Z" testType="13cdc9d9-ddb5-4fa4-a97d-d965ccfc6d4b" outcome="Passed" testListId="3d41a7ae-16ab-4234-ad40-969991bf6d49" />
    <UnitTestResult executionId="45e06a85-c45a-448d-9896-172794f227a2" testId="c1e5ac0a-b55a-4152-a38c-7fd17f4ebded" testName="Test4798" computerName="UA-LPT-OGA2" duration="00:00:00.6570000" startTime="2025-05-14T13:20:31.3146610Z" endTime="2025-05-14T13:25:31.3147553Z" testType="13cdc9d9-ddb5-4fa4-a97d-d965ccfc6d4b" outcome="Passed" testListId="3d41a7ae-16ab-4234-ad40-969991bf6d49" />
    <UnitTestResult executionId="13b8f8bd-e0a9-4180-99bc-25c924915d53" testId="4c2b125a-80f1-4eb3-9385-822845034225" testName="Test4799" computerName="UA-LPT-OGA2" duration="00:00:01.9030000" startTime="2025-05-14T13:20:31.3146610Z" endTime="2025-05-14T13:25:31.3147553Z" testType="13cdc9d9-ddb5-4fa4-a97d-d965ccfc6d4b" outcome="Passed" testListId="3d41a7ae-16ab-4234-ad40-969991bf6d49" />
    <UnitTestResult executionId="667efabf-f9fe-4a41-a52b-66021b14ace9" testId="0e6c3ab9-36e9-473c-8b52-96190fecce49" testName="Test4800" computerName="UA-LPT-OGA2" duration="00:00:00.9530000" startTime="2025-05-14T13:20:31.3146610Z" endTime="2025-05-14T13:25:31.3147553Z" testType="13cdc9d9-ddb5-4fa4-a97d-d965ccfc6d4b" outcome="Passed" testListId="3d41a7ae-16ab-4234-ad40-969991bf6d49" />
  </Results>
  <TestDefinitions>
    <UnitTest name="Test4701" id="b622346c-f23b-4da8-837b-68442d66fd6d" storage="TestAssembly.dll">
      <Execution id="80cd0471-e0e4-403f-be40-222eeeb555e1" />
      <TestMethod codeBase="TestAssembly.dll" className="TestNamespace.TestClass1" name="Test4701" />
    </UnitTest>
    <UnitTest name="Test4702" id="79f38332-6931-4b34-b304-6ec7c7e2b634" storage="TestAssembly.dll">
      <Execution id="43bba3a7-321b-4e8c-89ac-eb7d43fce74d" />
      <TestMethod codeBase="TestAssembly.dll" className="TestNamespace.TestClass1" name="Test4702" />
    </UnitTest>
    <UnitTest name="Test4703" id="35ec44e6-6823-4fa9-9a12-03d1c3ab8858" storage="TestAssembly.dll">
      <Execution id="2e6200ef-ec24-4d61-8033-0c49051645a1" />
      <TestMethod codeBase="TestAssembly.dll" className="TestNamespace.TestClass1" name="Test4703" />
    </UnitTest>
    <UnitTest name="Test4704" id="9e4b1c9d-f330-4531-a706-7474d8dcfc2f" storage="TestAssembly.dll">
      <Execution id="2b85a87f-58f2-47a8-b654-b87eb03804b6" />
      <TestMethod codeBase="TestAssembly.dll" className="TestNamespace.TestClass1" name="Test4704" />
    </UnitTest>
    <UnitTest name="Test4705" id="c5008d76-1832-46af-bc6e-76d17165c34f" storage="TestAssembly.dll">
      <Execution id="076ebf2e-b87f-4102-9869-5f72360dc375" />
      <TestMethod codeBase="TestAssembly.dll" className="TestNamespace.TestClass1" name="Test4705" />
    </UnitTest>
    <UnitTest name="Test4706" id="38c9aaeb-06de-428c-af08-e28381e135fd" storage="TestAssembly.dll">
      <Execution id="93b538d5-ab2d-4898-bdaa-ffe353df6c30" />
      <TestMethod codeBase="TestAssembly.dll" className="TestNamespace.TestClass1" name="Test4706" />
    </UnitTest>
    <UnitTest name="Test4707" id="397502a9-427b-4a38-a065-fe34007c413d" storage="TestAssembly.dll">
      <Execution id="ed089303-77f8-4933-ab77-9899cc60ccc9" />
      <TestMethod codeBase="TestAssembly.dll" className="TestNamespace.TestClass1" name="Test4707" />
    </UnitTest>
    <UnitTest name="Test4708" id="bcb48117-8f78-4739-886d-3fc226730f1c" storage="TestAssembly.dll">
      <Execution id="d663863c-b874-4f0b-a5f4-e6353cc043d9" />
      <TestMethod codeBase="TestAssembly.dll" className="TestNamespace.TestClass1" name="Test4708" />
    </UnitTest>
    <UnitTest name="Test4709" id="2510981e-0b5f-487e-99ad-3cc932499af0" storage="TestAssembly.dll">
      <Execution id="37ad2412-31dd-4029-b1f1-cf4ed9efda19" />
      <TestMethod codeBase="TestAssembly.dll" className="TestNamespace.TestClass1" name="Test4709" />
    </UnitTest>
    <UnitTest name="Test4710" id="10ef46f1-0cf7-470f-b975-2f2e6c0323c8" storage="TestAssembly.dll">
      <Execution id="41f3022f-a921-4c41-bfe0-8ecc1c7eea74" />
      <TestMethod codeBase="TestAssembly.dll" className="TestNamespace.TestClass1" name="Test4710" />
    </UnitTest>
    <UnitTest name="Test4711" id="4348ad88-af14-4b1b-aa5c-d2f341f6127f" storage="TestAssembly.dll">
      <Execution id="91784a1a-6c07-47ba-9c28-510e48eafd98" />
      <TestMethod codeBase="TestAssembly.dll" className="TestNamespace.TestClass2" name="Test4711" />
    </UnitTest>
    <UnitTest name="Test4712" id="fe3f8443-bd7b-4fbb-885d-13ea3040bfb2" storage="TestAssembly.dll">
      <Execution id="6e9c115f-c627-4bdc-ac94-fdd7d23acfc5" />
      <TestMethod codeBase="TestAssembly.dll" className="TestNamespace.TestClass2" name="Test4712" />
    </UnitTest>
    <UnitTest name="Test4713" id="7318e39c-7187-4218-ab6b-926fca741901" storage="TestAssembly.dll">
      <Execution id="7963e3ed-a059-4c52-b982-f699efeaee63" />
      <TestMethod codeBase="TestAssembly.dll" className="TestNamespace.TestClass2" name="Test4713" />
    </UnitTest>
    <UnitTest name="Test4714" id="0d41d070-2a2b-477f-aaab-701ea270b19c" storage="TestAssembly.dll">
      <Execution id="8bf852ad-3385-41c8-a836-5d1c90774aa7" />
      <TestMethod codeBase="TestAssembly.dll" className="TestNamespace.TestClass2" name="Test4714" />
    </UnitTest>
    <UnitTest name="Test4715" id="49a09baa-053e-4d27-b2c6-219bce69c6cc" storage="TestAssembly.dll">
      <Execution id="56ead2a5-d722-433a-80ae-a8b310dcdcf4" />
      <TestMethod codeBase="TestAssembly.dll" className="TestNamespace.TestClass2" name="Test4715" />
    </UnitTest>
    <UnitTest name="Test4716" id="0a1c418d-39b4-4a40-b4ff-378fe4c32dc7" storage="TestAssembly.dll">
      <Execution id="0fc2cba8-a64d-4db4-859f-5e927753548d" />
      <TestMethod codeBase="TestAssembly.dll" className="TestNamespace.TestClass2" name="Test4716" />
    </UnitTest>
    <UnitTest name="Test4717" id="2cb56e8c-ba74-4514-9b1f-5b54453bff3e" storage="TestAssembly.dll">
      <Execution id="70242d00-cb3a-4299-97f3-e1bf9ca7ab79" />
      <TestMethod codeBase="TestAssembly.dll" className="TestNamespace.TestClass2" name="Test4717" />
    </UnitTest>
    <UnitTest name="Test4718" id="29fe320d-1fee-4a93-aacd-a051e2fef221" storage="TestAssembly.dll">
      <Execution id="3805bc26-b650-44b7-9286-0837ea3afcc5" />
      <TestMethod codeBase="TestAssembly.dll" className="TestNamespace.TestClass2" name="Test4718" />
    </UnitTest>
    <UnitTest name="Test4719" id="371e2463-4f27-4a72-885d-fd7ef5b5d763" storage="TestAssembly.dll">
      <Execution id="f19ab735-465d-4a2a-bc46-53115c4c651e" />
      <TestMethod codeBase="TestAssembly.dll" className="TestNamespace.TestClass2" name="Test4719" />
    </UnitTest>
    <UnitTest name="Test4720" id="b14a5542-b82d-4ecd-a4a6-267e5b3a53f1" storage="TestAssembly.dll">
      <Execution id="ecd7f707-d10c-495d-b660-95ab46fec945" />
      <TestMethod codeBase="TestAssembly.dll" className="TestNamespace.TestClass2" name="Test4720" />
    </UnitTest>
    <UnitTest name="Test4721" id="2f0b6d2e-9a9b-401a-ba85-a52457e30c6b" storage="TestAssembly.dll">
      <Execution id="13d5b76a-dd6d-4a4a-93a1-8dab6b4bbcdf" />
      <TestMethod codeBase="TestAssembly.dll" className="TestNamespace.TestClass3" name="Test4721" />
    </UnitTest>
    <UnitTest name="Test4722" id="970307b9-9419-4aa6-ac25-3390d4c4df6c" storage="TestAssembly.dll">
      <Execution id="a6a0521f-100b-41c2-a81d-6a2498a1b083" />
      <TestMethod codeBase="TestAssembly.dll" className="TestNamespace.TestClass3" name="Test4722" />
    </UnitTest>
    <UnitTest name="Test4723" id="9da5ee2b-679e-4c5d-bbb4-7b8aaac03af0" storage="TestAssembly.dll">
      <Execution id="72788aa9-5a83-458a-85af-0c1a646596bb" />
      <TestMethod codeBase="TestAssembly.dll" className="TestNamespace.TestClass3" name="Test4723" />
    </UnitTest>
    <UnitTest name="Test4724" id="e49e1fbf-bb16-4c12-96d2-2b9fc0bdb607" storage="TestAssembly.dll">
      <Execution id="83147935-95b8-4282-ab5f-5572a29e480d" />
      <TestMethod codeBase="TestAssembly.dll" className="TestNamespace.TestClass3" name="Test4724" />
    </UnitTest>
    <UnitTest name="Test4725" id="4694054b-4446-4317-a9fa-8a5c56b48a9a" storage="TestAssembly.dll">
      <Execution id="9bb92a33-fd0f-4a42-9fff-75f8913a0984" />
      <TestMethod codeBase="TestAssembly.dll" className="TestNamespace.TestClass3" name="Test4725" />
    </UnitTest>
    <UnitTest name="Test4726" id="090954c3-5638-4b73-a2e1-20829dbe881b" storage="TestAssembly.dll">
      <Execution id="8d183cb7-6647-4390-a4e3-b99dd96eeddf" />
      <TestMethod codeBase="TestAssembly.dll" className="TestNamespace.TestClass3" name="Test4726" />
    </UnitTest>
    <UnitTest name="Test4727" id="ad749966-d98a-4a76-9790-f71231069cb8" storage="TestAssembly.dll">
      <Execution id="29e8a02a-779e-455f-b4c8-53351e7d17b8" />
      <TestMethod codeBase="TestAssembly.dll" className="TestNamespace.TestClass3" name="Test4727" />
    </UnitTest>
    <UnitTest name="Test4728" id="82a5d517-4379-4924-9e22-32eb0fbbd889" storage="TestAssembly.dll">
      <Execution id="f36430a3-75da-4c04-9536-f5ef8f096872" />
      <TestMethod codeBase="TestAssembly.dll" className="TestNamespace.TestClass3" name="Test4728" />
    </UnitTest>
    <UnitTest name="Test4729" id="56292313-acc3-4df2-9401-12d91179a722" storage="TestAssembly.dll">
      <Execution id="0974046e-5e28-431f-850f-881d17a0abf5" />
      <TestMethod codeBase="TestAssembly.dll" className="TestNamespace.TestClass3" name="Test4729" />
    </UnitTest>
    <UnitTest name="Test4730" id="4c86c983-690e-45e3-aebc-f6c326294814" storage="TestAssembly.dll">
      <Execution id="69166d01-b5b8-498f-95fb-4bc2aac2251d" />
      <TestMethod codeBase="TestAssembly.dll" className="TestNamespace.TestClass3" name="Test4730" />
    </UnitTest>
    <UnitTest name="Test4731" id="07354b37-6aaa-429a-be87-2f07d6d59ee3" storage="TestAssembly.dll">
      <Execution id="3ae9a9ae-23dd-4312-ad9f-81a2e9126d77" />
      <TestMethod codeBase="TestAssembly.dll" className="TestNamespace.TestClass4" name="Test4731" />
    </UnitTest>
    <UnitTest name="Test4732" id="b5a6a1c4-1c03-4591-a561-524f0616d627" storage="TestAssembly.dll">
      <Execution id="a4ca60c0-57f0-4e5e-83a3-501346c620ef" />
      <TestMethod codeBase="TestAssembly.dll" className="TestNamespace.TestClass4" name="Test4732" />
    </UnitTest>
    <UnitTest name="Test4733" id="1a29ad2b-9ff9-4308-8911-4e24a6ffa504" storage="TestAssembly.dll">
      <Execution id="db115adb-4bbf-45be-bfcd-5c8f36d62e6e" />
      <TestMethod codeBase="TestAssembly.dll" className="TestNamespace.TestClass4" name="Test4733" />
    </UnitTest>
    <UnitTest name="Test4734" id="ed5a3067-f444-46e8-a7bd-6b37642d319f" storage="TestAssembly.dll">
      <Execution id="2d9c7587-5b5c-4200-9502-4283d7f981f2" />
      <TestMethod codeBase="TestAssembly.dll" className="TestNamespace.TestClass4" name="Test4734" />
    </UnitTest>
    <UnitTest name="Test4735" id="2c23dc16-0b19-4068-9706-cdab8f61c577" storage="TestAssembly.dll">
      <Execution id="b9b4d75a-40d3-40e4-afae-9cd3d4b94b19" />
      <TestMethod codeBase="TestAssembly.dll" className="TestNamespace.TestClass4" name="Test4735" />
    </UnitTest>
    <UnitTest name="Test4736" id="1d5b2027-c145-44e1-9415-e8a42415403d" storage="TestAssembly.dll">
      <Execution id="aa6e2564-6d26-4324-b677-9f05c9b249d7" />
      <TestMethod codeBase="TestAssembly.dll" className="TestNamespace.TestClass4" name="Test4736" />
    </UnitTest>
    <UnitTest name="Test4737" id="206aaffd-fb1f-4738-98c8-9b4852a03c7c" storage="TestAssembly.dll">
      <Execution id="cf928dd0-e756-413d-8837-f117ec3fa0e6" />
      <TestMethod codeBase="TestAssembly.dll" className="TestNamespace.TestClass4" name="Test4737" />
    </UnitTest>
    <UnitTest name="Test4738" id="d3884830-cdb6-4c0a-bc40-bc13aa573702" storage="TestAssembly.dll">
      <Execution id="0dea9cdf-797a-47b4-965b-de3211c309b6" />
      <TestMethod codeBase="TestAssembly.dll" className="TestNamespace.TestClass4" name="Test4738" />
    </UnitTest>
    <UnitTest name="Test4739" id="6523ef42-d995-4a90-ab9b-fac49360231f" storage="TestAssembly.dll">
      <Execution id="dda20d4f-48e6-42d3-aedb-ad49bd2c9ba8" />
      <TestMethod codeBase="TestAssembly.dll" className="TestNamespace.TestClass4" name="Test4739" />
    </UnitTest>
    <UnitTest name="Test4740" id="fc84c0ec-b7de-47a1-9d7c-7c0c177c221e" storage="TestAssembly.dll">
      <Execution id="ca1f99b6-a7bf-45f2-b8be-fd0f769a4c55" />
      <TestMethod codeBase="TestAssembly.dll" className="TestNamespace.TestClass4" name="Test4740" />
    </UnitTest>
    <UnitTest name="Test4741" id="28bcc43d-da96-4516-b541-bbaa2d19befa" storage="TestAssembly.dll">
      <Execution id="788602a2-bbe5-4ff3-be01-05c52f6a9d12" />
      <TestMethod codeBase="TestAssembly.dll" className="TestNamespace.TestClass5" name="Test4741" />
    </UnitTest>
    <UnitTest name="Test4742" id="8824943a-1746-47df-ad4e-f0649846280f" storage="TestAssembly.dll">
      <Execution id="cbc6b8ff-4fb2-4e05-9988-974ee525d343" />
      <TestMethod codeBase="TestAssembly.dll" className="TestNamespace.TestClass5" name="Test4742" />
    </UnitTest>
    <UnitTest name="Test4743" id="a7b3b1f9-e9a6-4961-a514-26adadf5ab44" storage="TestAssembly.dll">
      <Execution id="8117c60e-3068-4d25-aaeb-9123a352afe6" />
      <TestMethod codeBase="TestAssembly.dll" className="TestNamespace.TestClass5" name="Test4743" />
    </UnitTest>
    <UnitTest name="Test4744" id="a28b9a15-dc35-4ee1-8c8c-1aacca91768b" storage="TestAssembly.dll">
      <Execution id="085eeb80-9052-4540-a858-a1387558e784" />
      <TestMethod codeBase="TestAssembly.dll" className="TestNamespace.TestClass5" name="Test4744" />
    </UnitTest>
    <UnitTest name="Test4745" id="f03a4a37-0014-40c8-bdb6-eb52337833c6" storage="TestAssembly.dll">
      <Execution id="8205fdbd-5de2-438c-bf78-1eb3a5048455" />
      <TestMethod codeBase="TestAssembly.dll" className="TestNamespace.TestClass5" name="Test4745" />
    </UnitTest>
    <UnitTest name="Test4746" id="0d2e793e-31a8-4a10-8378-09e00596a244" storage="TestAssembly.dll">
      <Execution id="c1c05801-4a77-47d7-8081-ebf2922e7f36" />
      <TestMethod codeBase="TestAssembly.dll" className="TestNamespace.TestClass5" name="Test4746" />
    </UnitTest>
    <UnitTest name="Test4747" id="3a77ae94-29b1-4ce9-8ba1-0acffc4483ae" storage="TestAssembly.dll">
      <Execution id="4655f9e0-21ca-4b92-bcb1-678d5d8f2647" />
      <TestMethod codeBase="TestAssembly.dll" className="TestNamespace.TestClass5" name="Test4747" />
    </UnitTest>
    <UnitTest name="Test4748" id="ef8697d7-d3ee-4fd9-a2b1-f7fb3c1b5cc2" storage="TestAssembly.dll">
      <Execution id="2cfaf932-0f1b-463c-a3c9-31b0d5d21324" />
      <TestMethod codeBase="TestAssembly.dll" className="TestNamespace.TestClass5" name="Test4748" />
    </UnitTest>
    <UnitTest name="Test4749" id="823a1aaa-4c70-4ce0-baa0-d500c9e201b5" storage="TestAssembly.dll">
      <Execution id="6dd35fd8-284a-4ad6-8bbc-d405ae35bb32" />
      <TestMethod codeBase="TestAssembly.dll" className="TestNamespace.TestClass5" name="Test4749" />
    </UnitTest>
    <UnitTest name="Test4750" id="e7fb488c-a5e4-4f1c-85b9-bcb53e23c017" storage="TestAssembly.dll">
      <Execution id="dbac22c8-5b4b-40fb-a25f-5e793e227a88" />
      <TestMethod codeBase="TestAssembly.dll" className="TestNamespace.TestClass5" name="Test4750" />
    </UnitTest>
    <UnitTest name="Test4751" id="c99f851a-2a9a-4f2d-9e4b-70b7e0b0110c" storage="TestAssembly.dll">
      <Execution id="91b201cb-4645-4b43-8a2d-382de41d8cda" />
      <TestMethod codeBase="TestAssembly.dll" className="TestNamespace.TestClass6" name="Test4751" />
    </UnitTest>
    <UnitTest name="Test4752" id="67446cd4-6ca2-47ee-ab84-f5bc348ab287" storage="TestAssembly.dll">
      <Execution id="118772b2-401c-4c9a-9b41-51461ef42f91" />
      <TestMethod codeBase="TestAssembly.dll" className="TestNamespace.TestClass6" name="Test4752" />
    </UnitTest>
    <UnitTest name="Test4753" id="8b6f164a-918e-4c66-b073-6e6ffd396301" storage="TestAssembly.dll">
      <Execution id="82ad7251-5fdc-46cb-849f-9515c1222715" />
      <TestMethod codeBase="TestAssembly.dll" className="TestNamespace.TestClass6" name="Test4753" />
    </UnitTest>
    <UnitTest name="Test4754" id="056f63d2-9eff-49db-9671-4366ebb81b96" storage="TestAssembly.dll">
      <Execution id="96cb5a64-622f-46ec-aa01-f838b70890de" />
      <TestMethod codeBase="TestAssembly.dll" className="TestNamespace.TestClass6" name="Test4754" />
    </UnitTest>
    <UnitTest name="Test4755" id="596f0db3-e9e3-4f87-a2a1-3ad47053edcb" storage="TestAssembly.dll">
      <Execution id="a16cbb53-4d9e-4635-b1a8-5a13a2eda3bd" />
      <TestMethod codeBase="TestAssembly.dll" className="TestNamespace.TestClass6" name="Test4755" />
    </UnitTest>
    <UnitTest name="Test4756" id="f9971fd8-4cd0-49fe-90f0-ed7e7528750b" storage="TestAssembly.dll">
      <Execution id="4d6bb7f3-24e8-4b32-9160-88787f7b89bc" />
      <TestMethod codeBase="TestAssembly.dll" className="TestNamespace.TestClass6" name="Test4756" />
    </UnitTest>
    <UnitTest name="Test4757" id="1e68a2f3-5f30-4887-b8b9-bc3317b45763" storage="TestAssembly.dll">
      <Execution id="2c82ff9a-ce9b-42a9-9175-f1d033139350" />
      <TestMethod codeBase="TestAssembly.dll" className="TestNamespace.TestClass6" name="Test4757" />
    </UnitTest>
    <UnitTest name="Test4758" id="280787bd-0221-426f-8979-1cb0b1c900c6" storage="TestAssembly.dll">
      <Execution id="f62027f4-8a1d-453e-b74e-8d13690bb1a2" />
      <TestMethod codeBase="TestAssembly.dll" className="TestNamespace.TestClass6" name="Test4758" />
    </UnitTest>
    <UnitTest name="Test4759" id="f83c998a-bdab-4ffd-8a17-9555d854dd16" storage="TestAssembly.dll">
      <Execution id="8eff1d23-d112-428f-8ac2-245914a65410" />
      <TestMethod codeBase="TestAssembly.dll" className="TestNamespace.TestClass6" name="Test4759" />
    </UnitTest>
    <UnitTest name="Test4760" id="56303426-0f91-4159-b2d0-dbfc0d52642c" storage="TestAssembly.dll">
      <Execution id="4464812d-d3cf-479b-b79d-4fe2e5f99056" />
      <TestMethod codeBase="TestAssembly.dll" className="TestNamespace.TestClass6" name="Test4760" />
    </UnitTest>
    <UnitTest name="Test4761" id="609c5c1e-17e9-4d93-bad8-eb76af1b3a58" storage="TestAssembly.dll">
      <Execution id="96492126-ae64-4aa1-99e7-f21796b22de1" />
      <TestMethod codeBase="TestAssembly.dll" className="TestNamespace.TestClass7" name="Test4761" />
    </UnitTest>
    <UnitTest name="Test4762" id="726f64a4-6b67-4481-87d1-f21df5167cba" storage="TestAssembly.dll">
      <Execution id="fbc823f9-1e82-4797-b662-4eb1b477379a" />
      <TestMethod codeBase="TestAssembly.dll" className="TestNamespace.TestClass7" name="Test4762" />
    </UnitTest>
    <UnitTest name="Test4763" id="90528d68-d8d4-4ddf-9aca-b37a07af931f" storage="TestAssembly.dll">
      <Execution id="748fc100-2735-4c47-8edb-a617addcdd2b" />
      <TestMethod codeBase="TestAssembly.dll" className="TestNamespace.TestClass7" name="Test4763" />
    </UnitTest>
    <UnitTest name="Test4764" id="b77d1387-3ca6-48d7-afee-2f14bf4087aa" storage="TestAssembly.dll">
      <Execution id="3c402892-03ea-4f80-a40b-9ead4fb4eb52" />
      <TestMethod codeBase="TestAssembly.dll" className="TestNamespace.TestClass7" name="Test4764" />
    </UnitTest>
    <UnitTest name="Test4765" id="4a709830-9fde-4d46-9366-7973d3342302" storage="TestAssembly.dll">
      <Execution id="4b09e442-758f-4578-b77a-f3e98a2c994e" />
      <TestMethod codeBase="TestAssembly.dll" className="TestNamespace.TestClass7" name="Test4765" />
    </UnitTest>
    <UnitTest name="Test4766" id="321e8ab8-d520-4c1e-86ff-a66349d6e910" storage="TestAssembly.dll">
      <Execution id="5898c659-0872-4f1d-a7f7-c4f1dbaeef17" />
      <TestMethod codeBase="TestAssembly.dll" className="TestNamespace.TestClass7" name="Test4766" />
    </UnitTest>
    <UnitTest name="Test4767" id="6481a365-db8d-47f0-b83c-9ccba84fd24f" storage="TestAssembly.dll">
      <Execution id="7cdd5bac-cdeb-4e76-a6a9-d21970cf0797" />
      <TestMethod codeBase="TestAssembly.dll" className="TestNamespace.TestClass7" name="Test4767" />
    </UnitTest>
    <UnitTest name="Test4768" id="3e1e9c59-e2e6-4a3e-9e13-411d6ca3c8fd" storage="TestAssembly.dll">
      <Execution id="63b53ee9-9a61-4c1a-997a-30051be2eb44" />
      <TestMethod codeBase="TestAssembly.dll" className="TestNamespace.TestClass7" name="Test4768" />
    </UnitTest>
    <UnitTest name="Test4769" id="057621b1-2139-411d-8c0a-799552b86d55" storage="TestAssembly.dll">
      <Execution id="7d16eedc-d586-4141-800f-3e22537f066e" />
      <TestMethod codeBase="TestAssembly.dll" className="TestNamespace.TestClass7" name="Test4769" />
    </UnitTest>
    <UnitTest name="Test4770" id="ebf1e66b-be89-4516-9916-675ca82e849d" storage="TestAssembly.dll">
      <Execution id="c109c511-9195-4fa0-a61a-633552160f7a" />
      <TestMethod codeBase="TestAssembly.dll" className="TestNamespace.TestClass7" name="Test4770" />
    </UnitTest>
    <UnitTest name="Test4771" id="0cd30103-f7ac-4f13-8306-f57237f6f067" storage="TestAssembly.dll">
      <Execution id="cb5ff6e5-621a-433d-9e81-c5384b300551" />
      <TestMethod codeBase="TestAssembly.dll" className="TestNamespace.TestClass8" name="Test4771" />
    </UnitTest>
    <UnitTest name="Test4772" id="884a5673-cff8-4f2e-9e3d-a5f976f7c987" storage="TestAssembly.dll">
      <Execution id="fbb5e34c-a44e-4c2f-87d7-742d9be86272" />
      <TestMethod codeBase="TestAssembly.dll" className="TestNamespace.TestClass8" name="Test4772" />
    </UnitTest>
    <UnitTest name="Test4773" id="f1267152-62e8-4ed1-993b-1af6740563ea" storage="TestAssembly.dll">
      <Execution id="8c855c99-0e7e-4f67-8109-06782aba26b4" />
      <TestMethod codeBase="TestAssembly.dll" className="TestNamespace.TestClass8" name="Test4773" />
    </UnitTest>
    <UnitTest name="Test4774" id="aa0af463-123a-4901-8152-8e2b81762c15" storage="TestAssembly.dll">
      <Execution id="2ca2abe5-5b47-4458-a341-d49853dd3fac" />
      <TestMethod codeBase="TestAssembly.dll" className="TestNamespace.TestClass8" name="Test4774" />
    </UnitTest>
    <UnitTest name="Test4775" id="fbd508e4-d280-4f4d-91cc-052222e275f5" storage="TestAssembly.dll">
      <Execution id="8aadb190-e7a8-4742-a644-393f5d7ab3d7" />
      <TestMethod codeBase="TestAssembly.dll" className="TestNamespace.TestClass8" name="Test4775" />
    </UnitTest>
    <UnitTest name="Test4776" id="95ab9f11-799a-4b3d-b0c4-27afe7768c40" storage="TestAssembly.dll">
      <Execution id="42f19e98-2467-4de9-a545-07173bbb7297" />
      <TestMethod codeBase="TestAssembly.dll" className="TestNamespace.TestClass8" name="Test4776" />
    </UnitTest>
    <UnitTest name="Test4777" id="39397021-b849-442f-a203-65ab5806c4ca" storage="TestAssembly.dll">
      <Execution id="1d014eb9-77e4-4536-be76-8496c930d9b4" />
      <TestMethod codeBase="TestAssembly.dll" className="TestNamespace.TestClass8" name="Test4777" />
    </UnitTest>
    <UnitTest name="Test4778" id="1fe26f54-a775-46d3-a431-6a8638e54eb6" storage="TestAssembly.dll">
      <Execution id="1ca71bf8-621b-4a93-b004-1f70307fd6b4" />
      <TestMethod codeBase="TestAssembly.dll" className="TestNamespace.TestClass8" name="Test4778" />
    </UnitTest>
    <UnitTest name="Test4779" id="2fae079f-3988-4470-98a0-d12f4af1e9f4" storage="TestAssembly.dll">
      <Execution id="520cc10f-ab60-47f3-9973-d0defb8f58f9" />
      <TestMethod codeBase="TestAssembly.dll" className="TestNamespace.TestClass8" name="Test4779" />
    </UnitTest>
    <UnitTest name="Test4780" id="97947bde-dc23-438c-ae0f-f0d8151b7c1c" storage="TestAssembly.dll">
      <Execution id="af1c3741-9fa3-4101-abd7-452732ab4f62" />
      <TestMethod codeBase="TestAssembly.dll" className="TestNamespace.TestClass8" name="Test4780" />
    </UnitTest>
    <UnitTest name="Test4781" id="1702694a-b6a1-4feb-bfd1-5812bf6e7176" storage="TestAssembly.dll">
      <Execution id="21b8320d-48a1-4121-875d-39ca72a811fa" />
      <TestMethod codeBase="TestAssembly.dll" className="TestNamespace.TestClass9" name="Test4781" />
    </UnitTest>
    <UnitTest name="Test4782" id="f1004e91-f2e1-43e8-9e3d-2680166b22fe" storage="TestAssembly.dll">
      <Execution id="51b9386d-f5e2-4407-a23e-8f7e50856385" />
      <TestMethod codeBase="TestAssembly.dll" className="TestNamespace.TestClass9" name="Test4782" />
    </UnitTest>
    <UnitTest name="Test4783" id="755941c6-e312-4c09-9dec-336212538295" storage="TestAssembly.dll">
      <Execution id="753d2db2-f209-49e1-98a0-67dc2a000ba4" />
      <TestMethod codeBase="TestAssembly.dll" className="TestNamespace.TestClass9" name="Test4783" />
    </UnitTest>
    <UnitTest name="Test4784" id="f31f6e17-77c6-4fb6-a838-48c306d44ba5" storage="TestAssembly.dll">
      <Execution id="b9b3cffd-ddb0-47ae-a7ce-1ccd904c407c" />
      <TestMethod codeBase="TestAssembly.dll" className="TestNamespace.TestClass9" name="Test4784" />
    </UnitTest>
    <UnitTest name="Test4785" id="26a2720a-67af-4e07-9b61-7ecf7a16b79c" storage="TestAssembly.dll">
      <Execution id="b0409656-d3d5-4dbe-b86a-1f13b0c37c82" />
      <TestMethod codeBase="TestAssembly.dll" className="TestNamespace.TestClass9" name="Test4785" />
    </UnitTest>
    <UnitTest name="Test4786" id="795f2b68-e6e0-40bd-80e8-97dc261fd1d3" storage="TestAssembly.dll">
      <Execution id="02d98fe6-1812-4ec9-98e6-3f7d199551ba" />
      <TestMethod codeBase="TestAssembly.dll" className="TestNamespace.TestClass9" name="Test4786" />
    </UnitTest>
    <UnitTest name="Test4787" id="43ac78ca-1124-4237-ae77-ee191f64527f" storage="TestAssembly.dll">
      <Execution id="7e6f2aaf-0dcb-46da-b51b-5b2bc7a3ed2d" />
      <TestMethod codeBase="TestAssembly.dll" className="TestNamespace.TestClass9" name="Test4787" />
    </UnitTest>
    <UnitTest name="Test4788" id="16cc48d8-390a-4114-884a-971b6deec390" storage="TestAssembly.dll">
      <Execution id="dbb33ae6-000c-4262-802d-3473210ad047" />
      <TestMethod codeBase="TestAssembly.dll" className="TestNamespace.TestClass9" name="Test4788" />
    </UnitTest>
    <UnitTest name="Test4789" id="3fe039ad-fcaa-47f8-a223-c7f15026ec92" storage="TestAssembly.dll">
      <Execution id="8501445b-a893-421b-ad96-2fd9cf5a7fac" />
      <TestMethod codeBase="TestAssembly.dll" className="TestNamespace.TestClass9" name="Test4789" />
    </UnitTest>
    <UnitTest name="Test4790" id="be680344-8570-4d4b-8e39-7dba38d006d5" storage="TestAssembly.dll">
      <Execution id="f6b16fab-7538-4d18-b048-5a83080ead2a" />
      <TestMethod codeBase="TestAssembly.dll" className="TestNamespace.TestClass9" name="Test4790" />
    </UnitTest>
    <UnitTest name="Test4791" id="df284966-5eda-4f6d-9c75-cfdbc4fd3972" storage="TestAssembly.dll">
      <Execution id="79423627-63a7-405a-9760-bb2506fbbcc2" />
      <TestMethod codeBase="TestAssembly.dll" className="TestNamespace.TestClass10" name="Test4791" />
    </UnitTest>
    <UnitTest name="Test4792" id="d11d664f-6dec-4b25-a029-d5ad6b16f076" storage="TestAssembly.dll">
      <Execution id="883f9572-82f2-4caf-ac91-b462395db19e" />
      <TestMethod codeBase="TestAssembly.dll" className="TestNamespace.TestClass10" name="Test4792" />
    </UnitTest>
    <UnitTest name="Test4793" id="2999d501-4471-43c1-9ce7-6154bf0d3b6e" storage="TestAssembly.dll">
      <Execution id="9721916c-3f7e-4866-8a92-13c86ddfb941" />
      <TestMethod codeBase="TestAssembly.dll" className="TestNamespace.TestClass10" name="Test4793" />
    </UnitTest>
    <UnitTest name="Test4794" id="69330353-5a8a-47f3-bba5-e35f94154c2b" storage="TestAssembly.dll">
      <Execution id="2089eff4-fdde-464d-8396-b363e8c44647" />
      <TestMethod codeBase="TestAssembly.dll" className="TestNamespace.TestClass10" name="Test4794" />
    </UnitTest>
    <UnitTest name="Test4795" id="655d1de3-a099-49b5-9829-9d669fd602c4" storage="TestAssembly.dll">
      <Execution id="0e697a14-b283-4e82-9df8-974abd1a3d54" />
      <TestMethod codeBase="TestAssembly.dll" className="TestNamespace.TestClass10" name="Test4795" />
    </UnitTest>
    <UnitTest name="Test4796" id="37908dbe-e628-4ef8-a4a2-61712a187b40" storage="TestAssembly.dll">
      <Execution id="ff6f76ff-08e6-4c8f-b9e5-bd6ffd8a536a" />
      <TestMethod codeBase="TestAssembly.dll" className="TestNamespace.TestClass10" name="Test4796" />
    </UnitTest>
    <UnitTest name="Test4797" id="f9ce4702-a3aa-4672-a33c-ffed8d2ba37a" storage="TestAssembly.dll">
      <Execution id="5d1a7557-a755-468b-a0f9-943b98d6edea" />
      <TestMethod codeBase="TestAssembly.dll" className="TestNamespace.TestClass10" name="Test4797" />
    </UnitTest>
    <UnitTest name="Test4798" id="c1e5ac0a-b55a-4152-a38c-7fd17f4ebded" storage="TestAssembly.dll">
      <Execution id="45e06a85-c45a-448d-9896-172794f227a2" />
      <TestMethod codeBase="TestAssembly.dll" className="TestNamespace.TestClass10" name="Test4798" />
    </UnitTest>
    <UnitTest name="Test4799" id="4c2b125a-80f1-4eb3-9385-822845034225" storage="TestAssembly.dll">
      <Execution id="13b8f8bd-e0a9-4180-99bc-25c924915d53" />
      <TestMethod codeBase="TestAssembly.dll" className="TestNamespace.TestClass10" name="Test4799" />
    </UnitTest>
    <UnitTest name="Test4800" id="0e6c3ab9-36e9-473c-8b52-96190fecce49" storage="TestAssembly.dll">
      <Execution id="667efabf-f9fe-4a41-a52b-66021b14ace9" />
      <TestMethod codeBase="TestAssembly.dll" className="TestNamespace.TestClass10" name="Test4800" />
    </UnitTest>
  </TestDefinitions>
  <TestEntries>
    <TestEntry testId="b622346c-f23b-4da8-837b-68442d66fd6d" executionId="80cd0471-e0e4-403f-be40-222eeeb555e1" testListId="3d41a7ae-16ab-4234-ad40-969991bf6d49" />
    <TestEntry testId="79f38332-6931-4b34-b304-6ec7c7e2b634" executionId="43bba3a7-321b-4e8c-89ac-eb7d43fce74d" testListId="3d41a7ae-16ab-4234-ad40-969991bf6d49" />
    <TestEntry testId="35ec44e6-6823-4fa9-9a12-03d1c3ab8858" executionId="2e6200ef-ec24-4d61-8033-0c49051645a1" testListId="3d41a7ae-16ab-4234-ad40-969991bf6d49" />
    <TestEntry testId="9e4b1c9d-f330-4531-a706-7474d8dcfc2f" executionId="2b85a87f-58f2-47a8-b654-b87eb03804b6" testListId="3d41a7ae-16ab-4234-ad40-969991bf6d49" />
    <TestEntry testId="c5008d76-1832-46af-bc6e-76d17165c34f" executionId="076ebf2e-b87f-4102-9869-5f72360dc375" testListId="3d41a7ae-16ab-4234-ad40-969991bf6d49" />
    <TestEntry testId="38c9aaeb-06de-428c-af08-e28381e135fd" executionId="93b538d5-ab2d-4898-bdaa-ffe353df6c30" testListId="3d41a7ae-16ab-4234-ad40-969991bf6d49" />
    <TestEntry testId="397502a9-427b-4a38-a065-fe34007c413d" executionId="ed089303-77f8-4933-ab77-9899cc60ccc9" testListId="3d41a7ae-16ab-4234-ad40-969991bf6d49" />
    <TestEntry testId="bcb48117-8f78-4739-886d-3fc226730f1c" executionId="d663863c-b874-4f0b-a5f4-e6353cc043d9" testListId="3d41a7ae-16ab-4234-ad40-969991bf6d49" />
    <TestEntry testId="2510981e-0b5f-487e-99ad-3cc932499af0" executionId="37ad2412-31dd-4029-b1f1-cf4ed9efda19" testListId="3d41a7ae-16ab-4234-ad40-969991bf6d49" />
    <TestEntry testId="10ef46f1-0cf7-470f-b975-2f2e6c0323c8" executionId="41f3022f-a921-4c41-bfe0-8ecc1c7eea74" testListId="3d41a7ae-16ab-4234-ad40-969991bf6d49" />
    <TestEntry testId="4348ad88-af14-4b1b-aa5c-d2f341f6127f" executionId="91784a1a-6c07-47ba-9c28-510e48eafd98" testListId="3d41a7ae-16ab-4234-ad40-969991bf6d49" />
    <TestEntry testId="fe3f8443-bd7b-4fbb-885d-13ea3040bfb2" executionId="6e9c115f-c627-4bdc-ac94-fdd7d23acfc5" testListId="3d41a7ae-16ab-4234-ad40-969991bf6d49" />
    <TestEntry testId="7318e39c-7187-4218-ab6b-926fca741901" executionId="7963e3ed-a059-4c52-b982-f699efeaee63" testListId="3d41a7ae-16ab-4234-ad40-969991bf6d49" />
    <TestEntry testId="0d41d070-2a2b-477f-aaab-701ea270b19c" executionId="8bf852ad-3385-41c8-a836-5d1c90774aa7" testListId="3d41a7ae-16ab-4234-ad40-969991bf6d49" />
    <TestEntry testId="49a09baa-053e-4d27-b2c6-219bce69c6cc" executionId="56ead2a5-d722-433a-80ae-a8b310dcdcf4" testListId="3d41a7ae-16ab-4234-ad40-969991bf6d49" />
    <TestEntry testId="0a1c418d-39b4-4a40-b4ff-378fe4c32dc7" executionId="0fc2cba8-a64d-4db4-859f-5e927753548d" testListId="3d41a7ae-16ab-4234-ad40-969991bf6d49" />
    <TestEntry testId="2cb56e8c-ba74-4514-9b1f-5b54453bff3e" executionId="70242d00-cb3a-4299-97f3-e1bf9ca7ab79" testListId="3d41a7ae-16ab-4234-ad40-969991bf6d49" />
    <TestEntry testId="29fe320d-1fee-4a93-aacd-a051e2fef221" executionId="3805bc26-b650-44b7-9286-0837ea3afcc5" testListId="3d41a7ae-16ab-4234-ad40-969991bf6d49" />
    <TestEntry testId="371e2463-4f27-4a72-885d-fd7ef5b5d763" executionId="f19ab735-465d-4a2a-bc46-53115c4c651e" testListId="3d41a7ae-16ab-4234-ad40-969991bf6d49" />
    <TestEntry testId="b14a5542-b82d-4ecd-a4a6-267e5b3a53f1" executionId="ecd7f707-d10c-495d-b660-95ab46fec945" testListId="3d41a7ae-16ab-4234-ad40-969991bf6d49" />
    <TestEntry testId="2f0b6d2e-9a9b-401a-ba85-a52457e30c6b" executionId="13d5b76a-dd6d-4a4a-93a1-8dab6b4bbcdf" testListId="3d41a7ae-16ab-4234-ad40-969991bf6d49" />
    <TestEntry testId="970307b9-9419-4aa6-ac25-3390d4c4df6c" executionId="a6a0521f-100b-41c2-a81d-6a2498a1b083" testListId="3d41a7ae-16ab-4234-ad40-969991bf6d49" />
    <TestEntry testId="9da5ee2b-679e-4c5d-bbb4-7b8aaac03af0" executionId="72788aa9-5a83-458a-85af-0c1a646596bb" testListId="3d41a7ae-16ab-4234-ad40-969991bf6d49" />
    <TestEntry testId="e49e1fbf-bb16-4c12-96d2-2b9fc0bdb607" executionId="83147935-95b8-4282-ab5f-5572a29e480d" testListId="3d41a7ae-16ab-4234-ad40-969991bf6d49" />
    <TestEntry testId="4694054b-4446-4317-a9fa-8a5c56b48a9a" executionId="9bb92a33-fd0f-4a42-9fff-75f8913a0984" testListId="3d41a7ae-16ab-4234-ad40-969991bf6d49" />
    <TestEntry testId="090954c3-5638-4b73-a2e1-20829dbe881b" executionId="8d183cb7-6647-4390-a4e3-b99dd96eeddf" testListId="3d41a7ae-16ab-4234-ad40-969991bf6d49" />
    <TestEntry testId="ad749966-d98a-4a76-9790-f71231069cb8" executionId="29e8a02a-779e-455f-b4c8-53351e7d17b8" testListId="3d41a7ae-16ab-4234-ad40-969991bf6d49" />
    <TestEntry testId="82a5d517-4379-4924-9e22-32eb0fbbd889" executionId="f36430a3-75da-4c04-9536-f5ef8f096872" testListId="3d41a7ae-16ab-4234-ad40-969991bf6d49" />
    <TestEntry testId="56292313-acc3-4df2-9401-12d91179a722" executionId="0974046e-5e28-431f-850f-881d17a0abf5" testListId="3d41a7ae-16ab-4234-ad40-969991bf6d49" />
    <TestEntry testId="4c86c983-690e-45e3-aebc-f6c326294814" executionId="69166d01-b5b8-498f-95fb-4bc2aac2251d" testListId="3d41a7ae-16ab-4234-ad40-969991bf6d49" />
    <TestEntry testId="07354b37-6aaa-429a-be87-2f07d6d59ee3" executionId="3ae9a9ae-23dd-4312-ad9f-81a2e9126d77" testListId="3d41a7ae-16ab-4234-ad40-969991bf6d49" />
    <TestEntry testId="b5a6a1c4-1c03-4591-a561-524f0616d627" executionId="a4ca60c0-57f0-4e5e-83a3-501346c620ef" testListId="3d41a7ae-16ab-4234-ad40-969991bf6d49" />
    <TestEntry testId="1a29ad2b-9ff9-4308-8911-4e24a6ffa504" executionId="db115adb-4bbf-45be-bfcd-5c8f36d62e6e" testListId="3d41a7ae-16ab-4234-ad40-969991bf6d49" />
    <TestEntry testId="ed5a3067-f444-46e8-a7bd-6b37642d319f" executionId="2d9c7587-5b5c-4200-9502-4283d7f981f2" testListId="3d41a7ae-16ab-4234-ad40-969991bf6d49" />
    <TestEntry testId="2c23dc16-0b19-4068-9706-cdab8f61c577" executionId="b9b4d75a-40d3-40e4-afae-9cd3d4b94b19" testListId="3d41a7ae-16ab-4234-ad40-969991bf6d49" />
    <TestEntry testId="1d5b2027-c145-44e1-9415-e8a42415403d" executionId="aa6e2564-6d26-4324-b677-9f05c9b249d7" testListId="3d41a7ae-16ab-4234-ad40-969991bf6d49" />
    <TestEntry testId="206aaffd-fb1f-4738-98c8-9b4852a03c7c" executionId="cf928dd0-e756-413d-8837-f117ec3fa0e6" testListId="3d41a7ae-16ab-4234-ad40-969991bf6d49" />
    <TestEntry testId="d3884830-cdb6-4c0a-bc40-bc13aa573702" executionId="0dea9cdf-797a-47b4-965b-de3211c309b6" testListId="3d41a7ae-16ab-4234-ad40-969991bf6d49" />
    <TestEntry testId="6523ef42-d995-4a90-ab9b-fac49360231f" executionId="dda20d4f-48e6-42d3-aedb-ad49bd2c9ba8" testListId="3d41a7ae-16ab-4234-ad40-969991bf6d49" />
    <TestEntry testId="fc84c0ec-b7de-47a1-9d7c-7c0c177c221e" executionId="ca1f99b6-a7bf-45f2-b8be-fd0f769a4c55" testListId="3d41a7ae-16ab-4234-ad40-969991bf6d49" />
    <TestEntry testId="28bcc43d-da96-4516-b541-bbaa2d19befa" executionId="788602a2-bbe5-4ff3-be01-05c52f6a9d12" testListId="3d41a7ae-16ab-4234-ad40-969991bf6d49" />
    <TestEntry testId="8824943a-1746-47df-ad4e-f0649846280f" executionId="cbc6b8ff-4fb2-4e05-9988-974ee525d343" testListId="3d41a7ae-16ab-4234-ad40-969991bf6d49" />
    <TestEntry testId="a7b3b1f9-e9a6-4961-a514-26adadf5ab44" executionId="8117c60e-3068-4d25-aaeb-9123a352afe6" testListId="3d41a7ae-16ab-4234-ad40-969991bf6d49" />
    <TestEntry testId="a28b9a15-dc35-4ee1-8c8c-1aacca91768b" executionId="085eeb80-9052-4540-a858-a1387558e784" testListId="3d41a7ae-16ab-4234-ad40-969991bf6d49" />
    <TestEntry testId="f03a4a37-0014-40c8-bdb6-eb52337833c6" executionId="8205fdbd-5de2-438c-bf78-1eb3a5048455" testListId="3d41a7ae-16ab-4234-ad40-969991bf6d49" />
    <TestEntry testId="0d2e793e-31a8-4a10-8378-09e00596a244" executionId="c1c05801-4a77-47d7-8081-ebf2922e7f36" testListId="3d41a7ae-16ab-4234-ad40-969991bf6d49" />
    <TestEntry testId="3a77ae94-29b1-4ce9-8ba1-0acffc4483ae" executionId="4655f9e0-21ca-4b92-bcb1-678d5d8f2647" testListId="3d41a7ae-16ab-4234-ad40-969991bf6d49" />
    <TestEntry testId="ef8697d7-d3ee-4fd9-a2b1-f7fb3c1b5cc2" executionId="2cfaf932-0f1b-463c-a3c9-31b0d5d21324" testListId="3d41a7ae-16ab-4234-ad40-969991bf6d49" />
    <TestEntry testId="823a1aaa-4c70-4ce0-baa0-d500c9e201b5" executionId="6dd35fd8-284a-4ad6-8bbc-d405ae35bb32" testListId="3d41a7ae-16ab-4234-ad40-969991bf6d49" />
    <TestEntry testId="e7fb488c-a5e4-4f1c-85b9-bcb53e23c017" executionId="dbac22c8-5b4b-40fb-a25f-5e793e227a88" testListId="3d41a7ae-16ab-4234-ad40-969991bf6d49" />
    <TestEntry testId="c99f851a-2a9a-4f2d-9e4b-70b7e0b0110c" executionId="91b201cb-4645-4b43-8a2d-382de41d8cda" testListId="3d41a7ae-16ab-4234-ad40-969991bf6d49" />
    <TestEntry testId="67446cd4-6ca2-47ee-ab84-f5bc348ab287" executionId="118772b2-401c-4c9a-9b41-51461ef42f91" testListId="3d41a7ae-16ab-4234-ad40-969991bf6d49" />
    <TestEntry testId="8b6f164a-918e-4c66-b073-6e6ffd396301" executionId="82ad7251-5fdc-46cb-849f-9515c1222715" testListId="3d41a7ae-16ab-4234-ad40-969991bf6d49" />
    <TestEntry testId="056f63d2-9eff-49db-9671-4366ebb81b96" executionId="96cb5a64-622f-46ec-aa01-f838b70890de" testListId="3d41a7ae-16ab-4234-ad40-969991bf6d49" />
    <TestEntry testId="596f0db3-e9e3-4f87-a2a1-3ad47053edcb" executionId="a16cbb53-4d9e-4635-b1a8-5a13a2eda3bd" testListId="3d41a7ae-16ab-4234-ad40-969991bf6d49" />
    <TestEntry testId="f9971fd8-4cd0-49fe-90f0-ed7e7528750b" executionId="4d6bb7f3-24e8-4b32-9160-88787f7b89bc" testListId="3d41a7ae-16ab-4234-ad40-969991bf6d49" />
    <TestEntry testId="1e68a2f3-5f30-4887-b8b9-bc3317b45763" executionId="2c82ff9a-ce9b-42a9-9175-f1d033139350" testListId="3d41a7ae-16ab-4234-ad40-969991bf6d49" />
    <TestEntry testId="280787bd-0221-426f-8979-1cb0b1c900c6" executionId="f62027f4-8a1d-453e-b74e-8d13690bb1a2" testListId="3d41a7ae-16ab-4234-ad40-969991bf6d49" />
    <TestEntry testId="f83c998a-bdab-4ffd-8a17-9555d854dd16" executionId="8eff1d23-d112-428f-8ac2-245914a65410" testListId="3d41a7ae-16ab-4234-ad40-969991bf6d49" />
    <TestEntry testId="56303426-0f91-4159-b2d0-dbfc0d52642c" executionId="4464812d-d3cf-479b-b79d-4fe2e5f99056" testListId="3d41a7ae-16ab-4234-ad40-969991bf6d49" />
    <TestEntry testId="609c5c1e-17e9-4d93-bad8-eb76af1b3a58" executionId="96492126-ae64-4aa1-99e7-f21796b22de1" testListId="3d41a7ae-16ab-4234-ad40-969991bf6d49" />
    <TestEntry testId="726f64a4-6b67-4481-87d1-f21df5167cba" executionId="fbc823f9-1e82-4797-b662-4eb1b477379a" testListId="3d41a7ae-16ab-4234-ad40-969991bf6d49" />
    <TestEntry testId="90528d68-d8d4-4ddf-9aca-b37a07af931f" executionId="748fc100-2735-4c47-8edb-a617addcdd2b" testListId="3d41a7ae-16ab-4234-ad40-969991bf6d49" />
    <TestEntry testId="b77d1387-3ca6-48d7-afee-2f14bf4087aa" executionId="3c402892-03ea-4f80-a40b-9ead4fb4eb52" testListId="3d41a7ae-16ab-4234-ad40-969991bf6d49" />
    <TestEntry testId="4a709830-9fde-4d46-9366-7973d3342302" executionId="4b09e442-758f-4578-b77a-f3e98a2c994e" testListId="3d41a7ae-16ab-4234-ad40-969991bf6d49" />
    <TestEntry testId="321e8ab8-d520-4c1e-86ff-a66349d6e910" executionId="5898c659-0872-4f1d-a7f7-c4f1dbaeef17" testListId="3d41a7ae-16ab-4234-ad40-969991bf6d49" />
    <TestEntry testId="6481a365-db8d-47f0-b83c-9ccba84fd24f" executionId="7cdd5bac-cdeb-4e76-a6a9-d21970cf0797" testListId="3d41a7ae-16ab-4234-ad40-969991bf6d49" />
    <TestEntry testId="3e1e9c59-e2e6-4a3e-9e13-411d6ca3c8fd" executionId="63b53ee9-9a61-4c1a-997a-30051be2eb44" testListId="3d41a7ae-16ab-4234-ad40-969991bf6d49" />
    <TestEntry testId="057621b1-2139-411d-8c0a-799552b86d55" executionId="7d16eedc-d586-4141-800f-3e22537f066e" testListId="3d41a7ae-16ab-4234-ad40-969991bf6d49" />
    <TestEntry testId="ebf1e66b-be89-4516-9916-675ca82e849d" executionId="c109c511-9195-4fa0-a61a-633552160f7a" testListId="3d41a7ae-16ab-4234-ad40-969991bf6d49" />
    <TestEntry testId="0cd30103-f7ac-4f13-8306-f57237f6f067" executionId="cb5ff6e5-621a-433d-9e81-c5384b300551" testListId="3d41a7ae-16ab-4234-ad40-969991bf6d49" />
    <TestEntry testId="884a5673-cff8-4f2e-9e3d-a5f976f7c987" executionId="fbb5e34c-a44e-4c2f-87d7-742d9be86272" testListId="3d41a7ae-16ab-4234-ad40-969991bf6d49" />
    <TestEntry testId="f1267152-62e8-4ed1-993b-1af6740563ea" executionId="8c855c99-0e7e-4f67-8109-06782aba26b4" testListId="3d41a7ae-16ab-4234-ad40-969991bf6d49" />
    <TestEntry testId="aa0af463-123a-4901-8152-8e2b81762c15" executionId="2ca2abe5-5b47-4458-a341-d49853dd3fac" testListId="3d41a7ae-16ab-4234-ad40-969991bf6d49" />
    <TestEntry testId="fbd508e4-d280-4f4d-91cc-052222e275f5" executionId="8aadb190-e7a8-4742-a644-393f5d7ab3d7" testListId="3d41a7ae-16ab-4234-ad40-969991bf6d49" />
    <TestEntry testId="95ab9f11-799a-4b3d-b0c4-27afe7768c40" executionId="42f19e98-2467-4de9-a545-07173bbb7297" testListId="3d41a7ae-16ab-4234-ad40-969991bf6d49" />
    <TestEntry testId="39397021-b849-442f-a203-65ab5806c4ca" executionId="1d014eb9-77e4-4536-be76-8496c930d9b4" testListId="3d41a7ae-16ab-4234-ad40-969991bf6d49" />
    <TestEntry testId="1fe26f54-a775-46d3-a431-6a8638e54eb6" executionId="1ca71bf8-621b-4a93-b004-1f70307fd6b4" testListId="3d41a7ae-16ab-4234-ad40-969991bf6d49" />
    <TestEntry testId="2fae079f-3988-4470-98a0-d12f4af1e9f4" executionId="520cc10f-ab60-47f3-9973-d0defb8f58f9" testListId="3d41a7ae-16ab-4234-ad40-969991bf6d49" />
    <TestEntry testId="97947bde-dc23-438c-ae0f-f0d8151b7c1c" executionId="af1c3741-9fa3-4101-abd7-452732ab4f62" testListId="3d41a7ae-16ab-4234-ad40-969991bf6d49" />
    <TestEntry testId="1702694a-b6a1-4feb-bfd1-5812bf6e7176" executionId="21b8320d-48a1-4121-875d-39ca72a811fa" testListId="3d41a7ae-16ab-4234-ad40-969991bf6d49" />
    <TestEntry testId="f1004e91-f2e1-43e8-9e3d-2680166b22fe" executionId="51b9386d-f5e2-4407-a23e-8f7e50856385" testListId="3d41a7ae-16ab-4234-ad40-969991bf6d49" />
    <TestEntry testId="755941c6-e312-4c09-9dec-336212538295" executionId="753d2db2-f209-49e1-98a0-67dc2a000ba4" testListId="3d41a7ae-16ab-4234-ad40-969991bf6d49" />
    <TestEntry testId="f31f6e17-77c6-4fb6-a838-48c306d44ba5" executionId="b9b3cffd-ddb0-47ae-a7ce-1ccd904c407c" testListId="3d41a7ae-16ab-4234-ad40-969991bf6d49" />
    <TestEntry testId="26a2720a-67af-4e07-9b61-7ecf7a16b79c" executionId="b0409656-d3d5-4dbe-b86a-1f13b0c37c82" testListId="3d41a7ae-16ab-4234-ad40-969991bf6d49" />
    <TestEntry testId="795f2b68-e6e0-40bd-80e8-97dc261fd1d3" executionId="02d98fe6-1812-4ec9-98e6-3f7d199551ba" testListId="3d41a7ae-16ab-4234-ad40-969991bf6d49" />
    <TestEntry testId="43ac78ca-1124-4237-ae77-ee191f64527f" executionId="7e6f2aaf-0dcb-46da-b51b-5b2bc7a3ed2d" testListId="3d41a7ae-16ab-4234-ad40-969991bf6d49" />
    <TestEntry testId="16cc48d8-390a-4114-884a-971b6deec390" executionId="dbb33ae6-000c-4262-802d-3473210ad047" testListId="3d41a7ae-16ab-4234-ad40-969991bf6d49" />
    <TestEntry testId="3fe039ad-fcaa-47f8-a223-c7f15026ec92" executionId="8501445b-a893-421b-ad96-2fd9cf5a7fac" testListId="3d41a7ae-16ab-4234-ad40-969991bf6d49" />
    <TestEntry testId="be680344-8570-4d4b-8e39-7dba38d006d5" executionId="f6b16fab-7538-4d18-b048-5a83080ead2a" testListId="3d41a7ae-16ab-4234-ad40-969991bf6d49" />
    <TestEntry testId="df284966-5eda-4f6d-9c75-cfdbc4fd3972" executionId="79423627-63a7-405a-9760-bb2506fbbcc2" testListId="3d41a7ae-16ab-4234-ad40-969991bf6d49" />
    <TestEntry testId="d11d664f-6dec-4b25-a029-d5ad6b16f076" executionId="883f9572-82f2-4caf-ac91-b462395db19e" testListId="3d41a7ae-16ab-4234-ad40-969991bf6d49" />
    <TestEntry testId="2999d501-4471-43c1-9ce7-6154bf0d3b6e" executionId="9721916c-3f7e-4866-8a92-13c86ddfb941" testListId="3d41a7ae-16ab-4234-ad40-969991bf6d49" />
    <TestEntry testId="69330353-5a8a-47f3-bba5-e35f94154c2b" executionId="2089eff4-fdde-464d-8396-b363e8c44647" testListId="3d41a7ae-16ab-4234-ad40-969991bf6d49" />
    <TestEntry testId="655d1de3-a099-49b5-9829-9d669fd602c4" executionId="0e697a14-b283-4e82-9df8-974abd1a3d54" testListId="3d41a7ae-16ab-4234-ad40-969991bf6d49" />
    <TestEntry testId="37908dbe-e628-4ef8-a4a2-61712a187b40" executionId="ff6f76ff-08e6-4c8f-b9e5-bd6ffd8a536a" testListId="3d41a7ae-16ab-4234-ad40-969991bf6d49" />
    <TestEntry testId="f9ce4702-a3aa-4672-a33c-ffed8d2ba37a" executionId="5d1a7557-a755-468b-a0f9-943b98d6edea" testListId="3d41a7ae-16ab-4234-ad40-969991bf6d49" />
    <TestEntry testId="c1e5ac0a-b55a-4152-a38c-7fd17f4ebded" executionId="45e06a85-c45a-448d-9896-172794f227a2" testListId="3d41a7ae-16ab-4234-ad40-969991bf6d49" />
    <TestEntry testId="4c2b125a-80f1-4eb3-9385-822845034225" executionId="13b8f8bd-e0a9-4180-99bc-25c924915d53" testListId="3d41a7ae-16ab-4234-ad40-969991bf6d49" />
    <TestEntry testId="0e6c3ab9-36e9-473c-8b52-96190fecce49" executionId="667efabf-f9fe-4a41-a52b-66021b14ace9" testListId="3d41a7ae-16ab-4234-ad40-969991bf6d49" />
  </TestEntries>
  <TestLists>
    <TestList name="Results Not in a List" id="3d41a7ae-16ab-4234-ad40-969991bf6d49" />
    <TestList name="All Loaded Results" id="01c4f748-308c-492b-9023-f107b43caf25" />
  </TestLists>
</TestRun>