<?xml version="1.0" encoding="UTF-8"?>
<TestRun id="75fcc504-2d79-42b3-a0b9-398e4cbf2e20" name="Test Run 69" runUser="Oles Galatsan" xmlns="http://microsoft.com/schemas/VisualStudio/TeamTest/2010">
  <Times creation="2025-05-14T13:20:31.3125482Z" queuing="2025-05-14T13:20:31.3125482Z" start="2025-05-14T13:20:31.3146610Z" finish="2025-05-14T13:25:31.3147553Z" />
  <TestSettings name="Test Settings 69" id="c73d9345-aea9-4243-a845-c2a76d198786" />
  <Results>
    <UnitTestResult executionId="494a424f-f43a-4300-ae9d-0595a998c25c" testId="d57c890c-e800-443a-bc35-b26258c8ffec" testName="Test6801" computerName="UA-LPT-OGA2" duration="00:00:00.2500000" startTime="2025-05-14T13:20:31.3146610Z" endTime="2025-05-14T13:25:31.3147553Z" testType="13cdc9d9-ddb5-4fa4-a97d-d965ccfc6d4b" outcome="Passed" testListId="55883953-d345-4b96-9500-e929837a4386" />
    <UnitTestResult executionId="9f3035d9-573c-4ace-a648-2767694f9de4" testId="85c6b0f8-2072-4997-aa81-bf8940a7fb79" testName="Test6802" computerName="UA-LPT-OGA2" duration="00:00:00.7600000" startTime="2025-05-14T13:20:31.3146610Z" endTime="2025-05-14T13:25:31.3147553Z" testType="13cdc9d9-ddb5-4fa4-a97d-d965ccfc6d4b" outcome="Passed" testListId="55883953-d345-4b96-9500-e929837a4386" />
    <UnitTestResult executionId="4a0df691-ee9c-48b6-b798-53d801827bb0" testId="e42a2475-d9c9-4565-bb49-4acc2b2bf483" testName="Test6803" computerName="UA-LPT-OGA2" duration="00:00:01.5220000" startTime="2025-05-14T13:20:31.3146610Z" endTime="2025-05-14T13:25:31.3147553Z" testType="13cdc9d9-ddb5-4fa4-a97d-d965ccfc6d4b" outcome="Passed" testListId="55883953-d345-4b96-9500-e929837a4386" />
    <UnitTestResult executionId="7449c19e-7510-4543-81ee-21f1129ad6a7" testId="729f908b-1c01-4ce8-b34c-3dc21426a6f7" testName="Test6804" computerName="UA-LPT-OGA2" duration="00:00:01.5120000" startTime="2025-05-14T13:20:31.3146610Z" endTime="2025-05-14T13:25:31.3147553Z" testType="13cdc9d9-ddb5-4fa4-a97d-d965ccfc6d4b" outcome="Passed" testListId="55883953-d345-4b96-9500-e929837a4386" />
    <UnitTestResult executionId="b89e39ae-e8af-417c-8450-34752af5f415" testId="ac885d36-e79f-4e0c-9f48-6b49e0f90b22" testName="Test6805" computerName="UA-LPT-OGA2" duration="00:00:00.6010000" startTime="2025-05-14T13:20:31.3146610Z" endTime="2025-05-14T13:25:31.3147553Z" testType="13cdc9d9-ddb5-4fa4-a97d-d965ccfc6d4b" outcome="Passed" testListId="55883953-d345-4b96-9500-e929837a4386" />
    <UnitTestResult executionId="baaae02a-80d0-4e21-8c72-37c86bb96887" testId="24a99a61-df94-4d9c-88bc-926eab75f217" testName="Test6806" computerName="UA-LPT-OGA2" duration="00:00:00.3480000" startTime="2025-05-14T13:20:31.3146610Z" endTime="2025-05-14T13:25:31.3147553Z" testType="13cdc9d9-ddb5-4fa4-a97d-d965ccfc6d4b" outcome="Failed" testListId="55883953-d345-4b96-9500-e929837a4386">
      <Output>
        <ErrorInfo>
          <Message>Assertion failed: Expected value did not match actual value.</Message>
          <StackTrace>   at TestNamespace.TestClass.Test() in TestClass.cs:line 343</StackTrace>
        </ErrorInfo>
      </Output>
    </UnitTestResult>
    <UnitTestResult executionId="0606463f-84da-4dd4-9ae2-6d26cc3c0434" testId="a192d83c-70b4-4747-85bc-9e1bdd1fa64c" testName="Test6807" computerName="UA-LPT-OGA2" duration="00:00:01.3800000" startTime="2025-05-14T13:20:31.3146610Z" endTime="2025-05-14T13:25:31.3147553Z" testType="13cdc9d9-ddb5-4fa4-a97d-d965ccfc6d4b" outcome="Passed" testListId="55883953-d345-4b96-9500-e929837a4386" />
    <UnitTestResult executionId="49e315c5-3829-48f3-b295-e197309a3175" testId="5edb742f-a7eb-44c2-a673-4630abf7396e" testName="Test6808" computerName="UA-LPT-OGA2" duration="00:00:01.5120000" startTime="2025-05-14T13:20:31.3146610Z" endTime="2025-05-14T13:25:31.3147553Z" testType="13cdc9d9-ddb5-4fa4-a97d-d965ccfc6d4b" outcome="Passed" testListId="55883953-d345-4b96-9500-e929837a4386" />
    <UnitTestResult executionId="20b93a9e-43dd-4f10-9077-d5e9ae759646" testId="f8442930-0d3b-4e16-890a-cd8ab8c5fd0b" testName="Test6809" computerName="UA-LPT-OGA2" duration="00:00:01.9690000" startTime="2025-05-14T13:20:31.3146610Z" endTime="2025-05-14T13:25:31.3147553Z" testType="13cdc9d9-ddb5-4fa4-a97d-d965ccfc6d4b" outcome="Passed" testListId="55883953-d345-4b96-9500-e929837a4386" />
    <UnitTestResult executionId="f40775fb-6ac2-4cdb-bd04-f43f258e2eb0" testId="332b3472-8895-4cdf-8d92-e484c2bd7e59" testName="Test6810" computerName="UA-LPT-OGA2" duration="00:00:01.0400000" startTime="2025-05-14T13:20:31.3146610Z" endTime="2025-05-14T13:25:31.3147553Z" testType="13cdc9d9-ddb5-4fa4-a97d-d965ccfc6d4b" outcome="Passed" testListId="55883953-d345-4b96-9500-e929837a4386" />
    <UnitTestResult executionId="173dca68-1cbf-498f-9693-6b7bf7608376" testId="6f5e392a-fb0c-4879-a6fe-7cb2af2e2c37" testName="Test6811" computerName="UA-LPT-OGA2" duration="00:00:01.3010000" startTime="2025-05-14T13:20:31.3146610Z" endTime="2025-05-14T13:25:31.3147553Z" testType="13cdc9d9-ddb5-4fa4-a97d-d965ccfc6d4b" outcome="Passed" testListId="55883953-d345-4b96-9500-e929837a4386" />
    <UnitTestResult executionId="da221169-00a1-413c-987d-9d4ee55fcfb4" testId="2b3c02cd-1a73-4c29-80b3-43d27e599ef0" testName="Test6812" computerName="UA-LPT-OGA2" duration="00:00:00.9610000" startTime="2025-05-14T13:20:31.3146610Z" endTime="2025-05-14T13:25:31.3147553Z" testType="13cdc9d9-ddb5-4fa4-a97d-d965ccfc6d4b" outcome="Passed" testListId="55883953-d345-4b96-9500-e929837a4386" />
    <UnitTestResult executionId="8aabb121-40ae-47e6-8ad9-59661d44f3fe" testId="319513d7-8aba-4eb2-977a-1ac59560229a" testName="Test6813" computerName="UA-LPT-OGA2" duration="00:00:01.1240000" startTime="2025-05-14T13:20:31.3146610Z" endTime="2025-05-14T13:25:31.3147553Z" testType="13cdc9d9-ddb5-4fa4-a97d-d965ccfc6d4b" outcome="Passed" testListId="55883953-d345-4b96-9500-e929837a4386" />
    <UnitTestResult executionId="623233a9-e06b-4ac9-b36a-3a9a2ec4ec46" testId="cab322ee-6581-442e-bf2a-3d964f37b7fb" testName="Test6814" computerName="UA-LPT-OGA2" duration="00:00:00.5970000" startTime="2025-05-14T13:20:31.3146610Z" endTime="2025-05-14T13:25:31.3147553Z" testType="13cdc9d9-ddb5-4fa4-a97d-d965ccfc6d4b" outcome="Passed" testListId="55883953-d345-4b96-9500-e929837a4386" />
    <UnitTestResult executionId="8d23b47f-d363-4a6d-96d4-892a3e02b03e" testId="b07bafca-59af-4516-a950-13f8b6465075" testName="Test6815" computerName="UA-LPT-OGA2" duration="00:00:01.3270000" startTime="2025-05-14T13:20:31.3146610Z" endTime="2025-05-14T13:25:31.3147553Z" testType="13cdc9d9-ddb5-4fa4-a97d-d965ccfc6d4b" outcome="Inconclusive" testListId="55883953-d345-4b96-9500-e929837a4386" />
    <UnitTestResult executionId="26ca0206-8e06-494f-a1f0-8948faacb4d5" testId="1d369600-7005-41ca-b311-1aba160fcb2d" testName="Test6816" computerName="UA-LPT-OGA2" duration="00:00:01.3800000" startTime="2025-05-14T13:20:31.3146610Z" endTime="2025-05-14T13:25:31.3147553Z" testType="13cdc9d9-ddb5-4fa4-a97d-d965ccfc6d4b" outcome="Passed" testListId="55883953-d345-4b96-9500-e929837a4386" />
    <UnitTestResult executionId="ff6301b6-e7c9-490b-b4bc-60ff449c56fc" testId="c10a23a5-8545-4d10-833e-0f24b6fb306b" testName="Test6817" computerName="UA-LPT-OGA2" duration="00:00:00.3960000" startTime="2025-05-14T13:20:31.3146610Z" endTime="2025-05-14T13:25:31.3147553Z" testType="13cdc9d9-ddb5-4fa4-a97d-d965ccfc6d4b" outcome="Passed" testListId="55883953-d345-4b96-9500-e929837a4386" />
    <UnitTestResult executionId="ee0c3bdd-6507-4646-810f-20cb6842754b" testId="e50b6c7b-697b-4986-8a81-937164b4a417" testName="Test6818" computerName="UA-LPT-OGA2" duration="00:00:01.6190000" startTime="2025-05-14T13:20:31.3146610Z" endTime="2025-05-14T13:25:31.3147553Z" testType="13cdc9d9-ddb5-4fa4-a97d-d965ccfc6d4b" outcome="Passed" testListId="55883953-d345-4b96-9500-e929837a4386" />
    <UnitTestResult executionId="34919bb6-02ac-4b2b-bc2b-5e63bb62a8b6" testId="a355d9ee-981e-4b85-b814-ab26f1702d81" testName="Test6819" computerName="UA-LPT-OGA2" duration="00:00:01.9690000" startTime="2025-05-14T13:20:31.3146610Z" endTime="2025-05-14T13:25:31.3147553Z" testType="13cdc9d9-ddb5-4fa4-a97d-d965ccfc6d4b" outcome="Failed" testListId="55883953-d345-4b96-9500-e929837a4386">
      <Output>
        <ErrorInfo>
          <Message>Assertion failed: Expected value did not match actual value.</Message>
          <StackTrace>   at TestNamespace.TestClass.Test() in TestClass.cs:line 477</StackTrace>
        </ErrorInfo>
      </Output>
    </UnitTestResult>
    <UnitTestResult executionId="34da09af-37c2-4643-83a0-26c304f464a8" testId="04c51100-46c4-4dc3-bb9f-abe6c4dad30c" testName="Test6820" computerName="UA-LPT-OGA2" duration="00:00:01.5550000" startTime="2025-05-14T13:20:31.3146610Z" endTime="2025-05-14T13:25:31.3147553Z" testType="13cdc9d9-ddb5-4fa4-a97d-d965ccfc6d4b" outcome="Passed" testListId="55883953-d345-4b96-9500-e929837a4386" />
    <UnitTestResult executionId="b88e587f-6cf0-4e17-99ab-4066c2ba6843" testId="f7466d05-bff8-4914-ac49-990077e13b7f" testName="Test6821" computerName="UA-LPT-OGA2" duration="00:00:01.0600000" startTime="2025-05-14T13:20:31.3146610Z" endTime="2025-05-14T13:25:31.3147553Z" testType="13cdc9d9-ddb5-4fa4-a97d-d965ccfc6d4b" outcome="Passed" testListId="55883953-d345-4b96-9500-e929837a4386" />
    <UnitTestResult executionId="48ede675-103c-4b83-9dd3-75320aada295" testId="8ccafae2-06f3-442c-966a-60c7fcb345ec" testName="Test6822" computerName="UA-LPT-OGA2" duration="00:00:01.5860000" startTime="2025-05-14T13:20:31.3146610Z" endTime="2025-05-14T13:25:31.3147553Z" testType="13cdc9d9-ddb5-4fa4-a97d-d965ccfc6d4b" outcome="Passed" testListId="55883953-d345-4b96-9500-e929837a4386" />
    <UnitTestResult executionId="232ab98e-2a5b-473e-b6ce-1c9ba37580b6" testId="5ca7f0ac-9ed8-4905-8937-53f0a26d2c5c" testName="Test6823" computerName="UA-LPT-OGA2" duration="00:00:00.3570000" startTime="2025-05-14T13:20:31.3146610Z" endTime="2025-05-14T13:25:31.3147553Z" testType="13cdc9d9-ddb5-4fa4-a97d-d965ccfc6d4b" outcome="Passed" testListId="55883953-d345-4b96-9500-e929837a4386" />
    <UnitTestResult executionId="e64e9b38-9361-49bb-b884-38ef48eb1dca" testId="fcf76f1f-b5ea-49b8-81d4-4aad43baaf95" testName="Test6824" computerName="UA-LPT-OGA2" duration="00:00:01.9780000" startTime="2025-05-14T13:20:31.3146610Z" endTime="2025-05-14T13:25:31.3147553Z" testType="13cdc9d9-ddb5-4fa4-a97d-d965ccfc6d4b" outcome="Passed" testListId="55883953-d345-4b96-9500-e929837a4386" />
    <UnitTestResult executionId="05902af4-8c81-44e5-a8b0-5fc1b3daa073" testId="fa2db4c4-2b1a-429b-9055-60b6c700f717" testName="Test6825" computerName="UA-LPT-OGA2" duration="00:00:01.1330000" startTime="2025-05-14T13:20:31.3146610Z" endTime="2025-05-14T13:25:31.3147553Z" testType="13cdc9d9-ddb5-4fa4-a97d-d965ccfc6d4b" outcome="Failed" testListId="55883953-d345-4b96-9500-e929837a4386">
      <Output>
        <ErrorInfo>
          <Message>Assertion failed: Expected value did not match actual value.</Message>
          <StackTrace>   at TestNamespace.TestClass.Test() in TestClass.cs:line 299</StackTrace>
        </ErrorInfo>
      </Output>
    </UnitTestResult>
    <UnitTestResult executionId="8dcd6555-ef36-44a0-b40c-e5922c4dedbc" testId="6341749f-dd49-4a66-8f7f-1dc09f6ab3ac" testName="Test6826" computerName="UA-LPT-OGA2" duration="00:00:01.1510000" startTime="2025-05-14T13:20:31.3146610Z" endTime="2025-05-14T13:25:31.3147553Z" testType="13cdc9d9-ddb5-4fa4-a97d-d965ccfc6d4b" outcome="Passed" testListId="55883953-d345-4b96-9500-e929837a4386" />
    <UnitTestResult executionId="09692330-de13-48d9-8024-df8c236c427d" testId="6074eb97-6a95-4861-b113-eaaaef67b27a" testName="Test6827" computerName="UA-LPT-OGA2" duration="00:00:01.8490000" startTime="2025-05-14T13:20:31.3146610Z" endTime="2025-05-14T13:25:31.3147553Z" testType="13cdc9d9-ddb5-4fa4-a97d-d965ccfc6d4b" outcome="Failed" testListId="55883953-d345-4b96-9500-e929837a4386">
      <Output>
        <ErrorInfo>
          <Message>Assertion failed: Expected value did not match actual value.</Message>
          <StackTrace>   at TestNamespace.TestClass.Test() in TestClass.cs:line 129</StackTrace>
        </ErrorInfo>
      </Output>
    </UnitTestResult>
    <UnitTestResult executionId="7384d6d5-797a-4336-9c84-2524b2192e7d" testId="ee370ea7-dafd-4bf5-88bc-7b9d7c3cc7e2" testName="Test6828" computerName="UA-LPT-OGA2" duration="00:00:00.3680000" startTime="2025-05-14T13:20:31.3146610Z" endTime="2025-05-14T13:25:31.3147553Z" testType="13cdc9d9-ddb5-4fa4-a97d-d965ccfc6d4b" outcome="Passed" testListId="55883953-d345-4b96-9500-e929837a4386" />
    <UnitTestResult executionId="6715419b-3586-4d81-9a56-f7a88a95d028" testId="93a2c755-c626-4ece-936a-4ecf4c21c675" testName="Test6829" computerName="UA-LPT-OGA2" duration="00:00:01.0690000" startTime="2025-05-14T13:20:31.3146610Z" endTime="2025-05-14T13:25:31.3147553Z" testType="13cdc9d9-ddb5-4fa4-a97d-d965ccfc6d4b" outcome="Failed" testListId="55883953-d345-4b96-9500-e929837a4386">
      <Output>
        <ErrorInfo>
          <Message>Assertion failed: Expected value did not match actual value.</Message>
          <StackTrace>   at TestNamespace.TestClass.Test() in TestClass.cs:line 154</StackTrace>
        </ErrorInfo>
      </Output>
    </UnitTestResult>
    <UnitTestResult executionId="3f28221d-0284-4889-a549-833eb27eeee1" testId="23346ecb-b597-44bd-b603-5d14c2ab187e" testName="Test6830" computerName="UA-LPT-OGA2" duration="00:00:01.0880000" startTime="2025-05-14T13:20:31.3146610Z" endTime="2025-05-14T13:25:31.3147553Z" testType="13cdc9d9-ddb5-4fa4-a97d-d965ccfc6d4b" outcome="Passed" testListId="55883953-d345-4b96-9500-e929837a4386" />
    <UnitTestResult executionId="9525de8f-650e-4603-b787-9a29c63bd204" testId="4d6ce979-9c87-4b56-b3c2-c633df4c6ed6" testName="Test6831" computerName="UA-LPT-OGA2" duration="00:00:00.1310000" startTime="2025-05-14T13:20:31.3146610Z" endTime="2025-05-14T13:25:31.3147553Z" testType="13cdc9d9-ddb5-4fa4-a97d-d965ccfc6d4b" outcome="Passed" testListId="55883953-d345-4b96-9500-e929837a4386" />
    <UnitTestResult executionId="4a4cf56c-7a1a-41f6-ad89-846b63d1d39a" testId="7c542eab-4249-4a1d-891b-0f541a37e989" testName="Test6832" computerName="UA-LPT-OGA2" duration="00:00:01.9180000" startTime="2025-05-14T13:20:31.3146610Z" endTime="2025-05-14T13:25:31.3147553Z" testType="13cdc9d9-ddb5-4fa4-a97d-d965ccfc6d4b" outcome="Passed" testListId="55883953-d345-4b96-9500-e929837a4386" />
    <UnitTestResult executionId="f957e0e3-9b44-4c7b-a606-67287468ec46" testId="e62232e3-8a9f-40f6-ae26-1066fce95642" testName="Test6833" computerName="UA-LPT-OGA2" duration="00:00:01.1540000" startTime="2025-05-14T13:20:31.3146610Z" endTime="2025-05-14T13:25:31.3147553Z" testType="13cdc9d9-ddb5-4fa4-a97d-d965ccfc6d4b" outcome="Passed" testListId="55883953-d345-4b96-9500-e929837a4386" />
    <UnitTestResult executionId="614d9a7e-1319-4567-a06f-222b72e8a60a" testId="de1cc491-6dc3-4a2c-b523-321c2c237a4b" testName="Test6834" computerName="UA-LPT-OGA2" duration="00:00:01.3080000" startTime="2025-05-14T13:20:31.3146610Z" endTime="2025-05-14T13:25:31.3147553Z" testType="13cdc9d9-ddb5-4fa4-a97d-d965ccfc6d4b" outcome="Passed" testListId="55883953-d345-4b96-9500-e929837a4386" />
    <UnitTestResult executionId="4312e243-91c9-43b8-becd-d948d0c93819" testId="a1d5b1e3-b9cb-43e6-a30b-199b23577b59" testName="Test6835" computerName="UA-LPT-OGA2" duration="00:00:01.9150000" startTime="2025-05-14T13:20:31.3146610Z" endTime="2025-05-14T13:25:31.3147553Z" testType="13cdc9d9-ddb5-4fa4-a97d-d965ccfc6d4b" outcome="Passed" testListId="55883953-d345-4b96-9500-e929837a4386" />
    <UnitTestResult executionId="286995f7-e084-43e8-a4de-0f222cb585c4" testId="8f64a1d8-e32a-4f56-b718-f70d71231055" testName="Test6836" computerName="UA-LPT-OGA2" duration="00:00:01.6890000" startTime="2025-05-14T13:20:31.3146610Z" endTime="2025-05-14T13:25:31.3147553Z" testType="13cdc9d9-ddb5-4fa4-a97d-d965ccfc6d4b" outcome="Passed" testListId="55883953-d345-4b96-9500-e929837a4386" />
    <UnitTestResult executionId="5768d599-62b5-45d2-9ddd-dd478212c9b5" testId="d7b13521-712b-4480-82dd-b05a31a8e356" testName="Test6837" computerName="UA-LPT-OGA2" duration="00:00:01.2990000" startTime="2025-05-14T13:20:31.3146610Z" endTime="2025-05-14T13:25:31.3147553Z" testType="13cdc9d9-ddb5-4fa4-a97d-d965ccfc6d4b" outcome="Passed" testListId="55883953-d345-4b96-9500-e929837a4386" />
    <UnitTestResult executionId="ecff277c-5a2f-487d-b6d3-e42306a6131e" testId="9417b0fd-3a73-4ff4-9915-eb69c6409309" testName="Test6838" computerName="UA-LPT-OGA2" duration="00:00:01.5310000" startTime="2025-05-14T13:20:31.3146610Z" endTime="2025-05-14T13:25:31.3147553Z" testType="13cdc9d9-ddb5-4fa4-a97d-d965ccfc6d4b" outcome="Passed" testListId="55883953-d345-4b96-9500-e929837a4386" />
    <UnitTestResult executionId="5f635156-3f29-4b30-92cc-5094eebe439f" testId="673f1923-c6af-4ae9-b6f7-a924b2e460c3" testName="Test6839" computerName="UA-LPT-OGA2" duration="00:00:00.1350000" startTime="2025-05-14T13:20:31.3146610Z" endTime="2025-05-14T13:25:31.3147553Z" testType="13cdc9d9-ddb5-4fa4-a97d-d965ccfc6d4b" outcome="Passed" testListId="55883953-d345-4b96-9500-e929837a4386" />
    <UnitTestResult executionId="05a45d1e-fe8f-4b0e-9b9b-7d293f390f49" testId="f66c1627-cb5d-4b35-b5c4-95544b5c59c3" testName="Test6840" computerName="UA-LPT-OGA2" duration="00:00:00.2540000" startTime="2025-05-14T13:20:31.3146610Z" endTime="2025-05-14T13:25:31.3147553Z" testType="13cdc9d9-ddb5-4fa4-a97d-d965ccfc6d4b" outcome="Passed" testListId="55883953-d345-4b96-9500-e929837a4386" />
    <UnitTestResult executionId="6e327871-b8ad-4dc7-ad47-2fee191b392b" testId="79b85e0d-2949-4395-b07d-94546d19ea4c" testName="Test6841" computerName="UA-LPT-OGA2" duration="00:00:01.2200000" startTime="2025-05-14T13:20:31.3146610Z" endTime="2025-05-14T13:25:31.3147553Z" testType="13cdc9d9-ddb5-4fa4-a97d-d965ccfc6d4b" outcome="Passed" testListId="55883953-d345-4b96-9500-e929837a4386" />
    <UnitTestResult executionId="ad57471a-80e8-41d5-805c-ceaf381fabc4" testId="72dbc714-1c07-4ab4-bbd3-8a295fcb9f69" testName="Test6842" computerName="UA-LPT-OGA2" duration="00:00:00.0770000" startTime="2025-05-14T13:20:31.3146610Z" endTime="2025-05-14T13:25:31.3147553Z" testType="13cdc9d9-ddb5-4fa4-a97d-d965ccfc6d4b" outcome="Passed" testListId="55883953-d345-4b96-9500-e929837a4386" />
    <UnitTestResult executionId="54450309-faf6-4813-8dcb-43b65459d34e" testId="248d6bbc-3e94-4d66-aa42-afde36a6c990" testName="Test6843" computerName="UA-LPT-OGA2" duration="00:00:01.6670000" startTime="2025-05-14T13:20:31.3146610Z" endTime="2025-05-14T13:25:31.3147553Z" testType="13cdc9d9-ddb5-4fa4-a97d-d965ccfc6d4b" outcome="Passed" testListId="55883953-d345-4b96-9500-e929837a4386" />
    <UnitTestResult executionId="b9ffdf7d-1c72-4044-b927-169d05cd7f03" testId="9436463d-f7af-4e7e-bd58-432b32c2c249" testName="Test6844" computerName="UA-LPT-OGA2" duration="00:00:01.9510000" startTime="2025-05-14T13:20:31.3146610Z" endTime="2025-05-14T13:25:31.3147553Z" testType="13cdc9d9-ddb5-4fa4-a97d-d965ccfc6d4b" outcome="Passed" testListId="55883953-d345-4b96-9500-e929837a4386" />
    <UnitTestResult executionId="b88373d7-6e73-4182-a110-c68ca170ec73" testId="a8270ec5-4d8a-48a9-bf8f-a075725be362" testName="Test6845" computerName="UA-LPT-OGA2" duration="00:00:00.7140000" startTime="2025-05-14T13:20:31.3146610Z" endTime="2025-05-14T13:25:31.3147553Z" testType="13cdc9d9-ddb5-4fa4-a97d-d965ccfc6d4b" outcome="Passed" testListId="55883953-d345-4b96-9500-e929837a4386" />
    <UnitTestResult executionId="445b81d8-7e77-45db-a000-3b813f017053" testId="ed237656-b1c4-4b3d-8d13-174ff931002d" testName="Test6846" computerName="UA-LPT-OGA2" duration="00:00:00.7900000" startTime="2025-05-14T13:20:31.3146610Z" endTime="2025-05-14T13:25:31.3147553Z" testType="13cdc9d9-ddb5-4fa4-a97d-d965ccfc6d4b" outcome="Failed" testListId="55883953-d345-4b96-9500-e929837a4386">
      <Output>
        <ErrorInfo>
          <Message>Assertion failed: Expected value did not match actual value.</Message>
          <StackTrace>   at TestNamespace.TestClass.Test() in TestClass.cs:line 293</StackTrace>
        </ErrorInfo>
      </Output>
    </UnitTestResult>
    <UnitTestResult executionId="c2240618-25a5-4219-bb53-69436b9182f1" testId="edb8b216-a027-4940-aadc-700e4b05661f" testName="Test6847" computerName="UA-LPT-OGA2" duration="00:00:00.9120000" startTime="2025-05-14T13:20:31.3146610Z" endTime="2025-05-14T13:25:31.3147553Z" testType="13cdc9d9-ddb5-4fa4-a97d-d965ccfc6d4b" outcome="Failed" testListId="55883953-d345-4b96-9500-e929837a4386">
      <Output>
        <ErrorInfo>
          <Message>Assertion failed: Expected value did not match actual value.</Message>
          <StackTrace>   at TestNamespace.TestClass.Test() in TestClass.cs:line 256</StackTrace>
        </ErrorInfo>
      </Output>
    </UnitTestResult>
    <UnitTestResult executionId="8dbe36d7-4c0c-4f92-a61d-ee7d2ac405ca" testId="b4d61f49-4286-41f5-a308-4253988969c5" testName="Test6848" computerName="UA-LPT-OGA2" duration="00:00:00.8850000" startTime="2025-05-14T13:20:31.3146610Z" endTime="2025-05-14T13:25:31.3147553Z" testType="13cdc9d9-ddb5-4fa4-a97d-d965ccfc6d4b" outcome="Passed" testListId="55883953-d345-4b96-9500-e929837a4386" />
    <UnitTestResult executionId="c10c9ae5-0553-46b6-9d56-1400c0654d61" testId="27ce440a-804f-4cbd-a51c-3ddf49f8ae26" testName="Test6849" computerName="UA-LPT-OGA2" duration="00:00:01.3560000" startTime="2025-05-14T13:20:31.3146610Z" endTime="2025-05-14T13:25:31.3147553Z" testType="13cdc9d9-ddb5-4fa4-a97d-d965ccfc6d4b" outcome="Passed" testListId="55883953-d345-4b96-9500-e929837a4386" />
    <UnitTestResult executionId="ec3f1924-46b2-48d9-91be-3e7dd7600803" testId="9494475f-8f46-491e-b1d0-b64af36669ac" testName="Test6850" computerName="UA-LPT-OGA2" duration="00:00:00.3070000" startTime="2025-05-14T13:20:31.3146610Z" endTime="2025-05-14T13:25:31.3147553Z" testType="13cdc9d9-ddb5-4fa4-a97d-d965ccfc6d4b" outcome="Passed" testListId="55883953-d345-4b96-9500-e929837a4386" />
    <UnitTestResult executionId="c92ce7cb-9ce4-4111-94c4-a2440d9a91f9" testId="23f26b8a-b4f1-41c0-ab6f-351de37a43dc" testName="Test6851" computerName="UA-LPT-OGA2" duration="00:00:01.9780000" startTime="2025-05-14T13:20:31.3146610Z" endTime="2025-05-14T13:25:31.3147553Z" testType="13cdc9d9-ddb5-4fa4-a97d-d965ccfc6d4b" outcome="Passed" testListId="55883953-d345-4b96-9500-e929837a4386" />
    <UnitTestResult executionId="8bb4df15-235b-48e7-8ea1-918b61118ec5" testId="1d08eaad-4285-4b3d-97c3-aa205e8d4796" testName="Test6852" computerName="UA-LPT-OGA2" duration="00:00:01.4690000" startTime="2025-05-14T13:20:31.3146610Z" endTime="2025-05-14T13:25:31.3147553Z" testType="13cdc9d9-ddb5-4fa4-a97d-d965ccfc6d4b" outcome="Passed" testListId="55883953-d345-4b96-9500-e929837a4386" />
    <UnitTestResult executionId="e21c8b2b-6a15-4221-95a3-b0b21ce569e4" testId="0982db27-658b-41b1-9351-fde410cb4bab" testName="Test6853" computerName="UA-LPT-OGA2" duration="00:00:00.6120000" startTime="2025-05-14T13:20:31.3146610Z" endTime="2025-05-14T13:25:31.3147553Z" testType="13cdc9d9-ddb5-4fa4-a97d-d965ccfc6d4b" outcome="Passed" testListId="55883953-d345-4b96-9500-e929837a4386" />
    <UnitTestResult executionId="b1d58a5f-2c13-424c-9506-ad90c1429491" testId="b25b8db9-04ac-4ae7-b91b-f18b0d579a9c" testName="Test6854" computerName="UA-LPT-OGA2" duration="00:00:01.8760000" startTime="2025-05-14T13:20:31.3146610Z" endTime="2025-05-14T13:25:31.3147553Z" testType="13cdc9d9-ddb5-4fa4-a97d-d965ccfc6d4b" outcome="Passed" testListId="55883953-d345-4b96-9500-e929837a4386" />
    <UnitTestResult executionId="95c30f41-9894-4bcb-8ab3-319d4bdb2d7c" testId="4b0a4285-da0c-4d9b-92f9-d308de6a0587" testName="Test6855" computerName="UA-LPT-OGA2" duration="00:00:01.4610000" startTime="2025-05-14T13:20:31.3146610Z" endTime="2025-05-14T13:25:31.3147553Z" testType="13cdc9d9-ddb5-4fa4-a97d-d965ccfc6d4b" outcome="Passed" testListId="55883953-d345-4b96-9500-e929837a4386" />
    <UnitTestResult executionId="b8b58f5f-9cae-43e2-8f86-7f3910e872c4" testId="294d4f84-c0ff-4278-be55-f2d407d17548" testName="Test6856" computerName="UA-LPT-OGA2" duration="00:00:00.8980000" startTime="2025-05-14T13:20:31.3146610Z" endTime="2025-05-14T13:25:31.3147553Z" testType="13cdc9d9-ddb5-4fa4-a97d-d965ccfc6d4b" outcome="Failed" testListId="55883953-d345-4b96-9500-e929837a4386">
      <Output>
        <ErrorInfo>
          <Message>Assertion failed: Expected value did not match actual value.</Message>
          <StackTrace>   at TestNamespace.TestClass.Test() in TestClass.cs:line 489</StackTrace>
        </ErrorInfo>
      </Output>
    </UnitTestResult>
    <UnitTestResult executionId="1eac41cc-8c42-4152-9e71-246986b2c983" testId="19ad9172-04a3-4a0b-abab-3f1c60b89a4b" testName="Test6857" computerName="UA-LPT-OGA2" duration="00:00:01.0600000" startTime="2025-05-14T13:20:31.3146610Z" endTime="2025-05-14T13:25:31.3147553Z" testType="13cdc9d9-ddb5-4fa4-a97d-d965ccfc6d4b" outcome="Passed" testListId="55883953-d345-4b96-9500-e929837a4386" />
    <UnitTestResult executionId="16844856-2bc8-4c90-89cf-787b56ae3ed0" testId="429cb7f2-fb26-426f-aa6e-fd62abb82327" testName="Test6858" computerName="UA-LPT-OGA2" duration="00:00:01.6110000" startTime="2025-05-14T13:20:31.3146610Z" endTime="2025-05-14T13:25:31.3147553Z" testType="13cdc9d9-ddb5-4fa4-a97d-d965ccfc6d4b" outcome="Passed" testListId="55883953-d345-4b96-9500-e929837a4386" />
    <UnitTestResult executionId="35d37d02-ef2c-44d4-9d28-cefcb4f8a0d2" testId="80e9239f-9d3a-4318-80da-083fa96fd73e" testName="Test6859" computerName="UA-LPT-OGA2" duration="00:00:00.2630000" startTime="2025-05-14T13:20:31.3146610Z" endTime="2025-05-14T13:25:31.3147553Z" testType="13cdc9d9-ddb5-4fa4-a97d-d965ccfc6d4b" outcome="Passed" testListId="55883953-d345-4b96-9500-e929837a4386" />
    <UnitTestResult executionId="55de0db9-af17-4f03-899f-7cd5203d6458" testId="3977d97c-a4cf-4009-9f98-821d7b22c88e" testName="Test6860" computerName="UA-LPT-OGA2" duration="00:00:01.6630000" startTime="2025-05-14T13:20:31.3146610Z" endTime="2025-05-14T13:25:31.3147553Z" testType="13cdc9d9-ddb5-4fa4-a97d-d965ccfc6d4b" outcome="Passed" testListId="55883953-d345-4b96-9500-e929837a4386" />
    <UnitTestResult executionId="05b60cae-ed4a-46b5-8717-45c61ab2451f" testId="5d687281-6c19-4cd2-ae85-73b47e25d91f" testName="Test6861" computerName="UA-LPT-OGA2" duration="00:00:01.9710000" startTime="2025-05-14T13:20:31.3146610Z" endTime="2025-05-14T13:25:31.3147553Z" testType="13cdc9d9-ddb5-4fa4-a97d-d965ccfc6d4b" outcome="Passed" testListId="55883953-d345-4b96-9500-e929837a4386" />
    <UnitTestResult executionId="7b654713-4d80-482b-b772-74d0eb9a5b9b" testId="da03b58e-da39-477c-8427-3f4de3bb08c7" testName="Test6862" computerName="UA-LPT-OGA2" duration="00:00:00.8820000" startTime="2025-05-14T13:20:31.3146610Z" endTime="2025-05-14T13:25:31.3147553Z" testType="13cdc9d9-ddb5-4fa4-a97d-d965ccfc6d4b" outcome="Passed" testListId="55883953-d345-4b96-9500-e929837a4386" />
    <UnitTestResult executionId="5c3dab4a-fe36-4438-9871-c6e5edfd633c" testId="f52e6fb8-e875-462d-8353-c6ce45173a60" testName="Test6863" computerName="UA-LPT-OGA2" duration="00:00:01.6450000" startTime="2025-05-14T13:20:31.3146610Z" endTime="2025-05-14T13:25:31.3147553Z" testType="13cdc9d9-ddb5-4fa4-a97d-d965ccfc6d4b" outcome="Failed" testListId="55883953-d345-4b96-9500-e929837a4386">
      <Output>
        <ErrorInfo>
          <Message>Assertion failed: Expected value did not match actual value.</Message>
          <StackTrace>   at TestNamespace.TestClass.Test() in TestClass.cs:line 320</StackTrace>
        </ErrorInfo>
      </Output>
    </UnitTestResult>
    <UnitTestResult executionId="55fdb3da-2b4c-49c4-867c-32e4c7ec010a" testId="f34e1364-abed-4f54-bec0-ccb42131a71d" testName="Test6864" computerName="UA-LPT-OGA2" duration="00:00:00.9730000" startTime="2025-05-14T13:20:31.3146610Z" endTime="2025-05-14T13:25:31.3147553Z" testType="13cdc9d9-ddb5-4fa4-a97d-d965ccfc6d4b" outcome="Passed" testListId="55883953-d345-4b96-9500-e929837a4386" />
    <UnitTestResult executionId="2183184b-18f4-42c4-b0a5-e8d0c6e7392e" testId="cd5cae82-2ea2-43f2-812e-260924a5231a" testName="Test6865" computerName="UA-LPT-OGA2" duration="00:00:01.7710000" startTime="2025-05-14T13:20:31.3146610Z" endTime="2025-05-14T13:25:31.3147553Z" testType="13cdc9d9-ddb5-4fa4-a97d-d965ccfc6d4b" outcome="Passed" testListId="55883953-d345-4b96-9500-e929837a4386" />
    <UnitTestResult executionId="fbe41450-a4b5-4dbf-b710-0dffecf0c1c6" testId="6c119bbc-f559-4d0e-9416-cb1fa9d99e3b" testName="Test6866" computerName="UA-LPT-OGA2" duration="00:00:00.6460000" startTime="2025-05-14T13:20:31.3146610Z" endTime="2025-05-14T13:25:31.3147553Z" testType="13cdc9d9-ddb5-4fa4-a97d-d965ccfc6d4b" outcome="Passed" testListId="55883953-d345-4b96-9500-e929837a4386" />
    <UnitTestResult executionId="78da08d3-7853-4821-86af-eb9d1e3b8e24" testId="6b1ea0e8-cf97-4f95-bba3-d7d371e58225" testName="Test6867" computerName="UA-LPT-OGA2" duration="00:00:01.6420000" startTime="2025-05-14T13:20:31.3146610Z" endTime="2025-05-14T13:25:31.3147553Z" testType="13cdc9d9-ddb5-4fa4-a97d-d965ccfc6d4b" outcome="Passed" testListId="55883953-d345-4b96-9500-e929837a4386" />
    <UnitTestResult executionId="b4105d6e-2908-44cd-8b68-173baccb6a7d" testId="cf5ddcbc-2851-43ca-917e-9c65a2f196ae" testName="Test6868" computerName="UA-LPT-OGA2" duration="00:00:01.4810000" startTime="2025-05-14T13:20:31.3146610Z" endTime="2025-05-14T13:25:31.3147553Z" testType="13cdc9d9-ddb5-4fa4-a97d-d965ccfc6d4b" outcome="Passed" testListId="55883953-d345-4b96-9500-e929837a4386" />
    <UnitTestResult executionId="4728b145-e779-417a-b346-9091eee07f8a" testId="d302cf22-0e75-4115-9b85-396f97a224b9" testName="Test6869" computerName="UA-LPT-OGA2" duration="00:00:01.7100000" startTime="2025-05-14T13:20:31.3146610Z" endTime="2025-05-14T13:25:31.3147553Z" testType="13cdc9d9-ddb5-4fa4-a97d-d965ccfc6d4b" outcome="Passed" testListId="55883953-d345-4b96-9500-e929837a4386" />
    <UnitTestResult executionId="db463cc3-4e52-44bf-be52-2dfdaed4d594" testId="79b3c25d-3285-4b95-a9b7-06f5a12ed0e7" testName="Test6870" computerName="UA-LPT-OGA2" duration="00:00:00.6350000" startTime="2025-05-14T13:20:31.3146610Z" endTime="2025-05-14T13:25:31.3147553Z" testType="13cdc9d9-ddb5-4fa4-a97d-d965ccfc6d4b" outcome="Passed" testListId="55883953-d345-4b96-9500-e929837a4386" />
    <UnitTestResult executionId="ddc97470-99af-49ac-8b20-f3d3ea02b02a" testId="f24eede0-099f-4193-a388-d0af5d918879" testName="Test6871" computerName="UA-LPT-OGA2" duration="00:00:01.6320000" startTime="2025-05-14T13:20:31.3146610Z" endTime="2025-05-14T13:25:31.3147553Z" testType="13cdc9d9-ddb5-4fa4-a97d-d965ccfc6d4b" outcome="Passed" testListId="55883953-d345-4b96-9500-e929837a4386" />
    <UnitTestResult executionId="34d50832-f571-4343-ae55-0d7c17346787" testId="91131afd-168b-4a48-bd53-2e6c855a899a" testName="Test6872" computerName="UA-LPT-OGA2" duration="00:00:01.9570000" startTime="2025-05-14T13:20:31.3146610Z" endTime="2025-05-14T13:25:31.3147553Z" testType="13cdc9d9-ddb5-4fa4-a97d-d965ccfc6d4b" outcome="Failed" testListId="55883953-d345-4b96-9500-e929837a4386">
      <Output>
        <ErrorInfo>
          <Message>Assertion failed: Expected value did not match actual value.</Message>
          <StackTrace>   at TestNamespace.TestClass.Test() in TestClass.cs:line 498</StackTrace>
        </ErrorInfo>
      </Output>
    </UnitTestResult>
    <UnitTestResult executionId="8c009f4f-eae2-4d2b-9943-cb73738d02db" testId="e51a66ef-f369-4eaf-aaf7-12b2bc0bb660" testName="Test6873" computerName="UA-LPT-OGA2" duration="00:00:01.4200000" startTime="2025-05-14T13:20:31.3146610Z" endTime="2025-05-14T13:25:31.3147553Z" testType="13cdc9d9-ddb5-4fa4-a97d-d965ccfc6d4b" outcome="Failed" testListId="55883953-d345-4b96-9500-e929837a4386">
      <Output>
        <ErrorInfo>
          <Message>Assertion failed: Expected value did not match actual value.</Message>
          <StackTrace>   at TestNamespace.TestClass.Test() in TestClass.cs:line 394</StackTrace>
        </ErrorInfo>
      </Output>
    </UnitTestResult>
    <UnitTestResult executionId="267eb2ab-cf2c-4a5b-89da-c5c9546c097e" testId="f751ae2b-4426-4b73-9ac2-b7b5ac0a1293" testName="Test6874" computerName="UA-LPT-OGA2" duration="00:00:00.2720000" startTime="2025-05-14T13:20:31.3146610Z" endTime="2025-05-14T13:25:31.3147553Z" testType="13cdc9d9-ddb5-4fa4-a97d-d965ccfc6d4b" outcome="Passed" testListId="55883953-d345-4b96-9500-e929837a4386" />
    <UnitTestResult executionId="3aff4b5b-b307-4b39-a815-1ada9ad5ce4a" testId="9dcbf62b-52d2-45bc-8210-81c768e83d85" testName="Test6875" computerName="UA-LPT-OGA2" duration="00:00:01.8470000" startTime="2025-05-14T13:20:31.3146610Z" endTime="2025-05-14T13:25:31.3147553Z" testType="13cdc9d9-ddb5-4fa4-a97d-d965ccfc6d4b" outcome="Passed" testListId="55883953-d345-4b96-9500-e929837a4386" />
    <UnitTestResult executionId="7c60ca0c-cbac-4e81-aa54-680ec14e0150" testId="d0bfa9f3-22dd-45b2-9f74-0cb6ea29ce44" testName="Test6876" computerName="UA-LPT-OGA2" duration="00:00:01.7720000" startTime="2025-05-14T13:20:31.3146610Z" endTime="2025-05-14T13:25:31.3147553Z" testType="13cdc9d9-ddb5-4fa4-a97d-d965ccfc6d4b" outcome="Failed" testListId="55883953-d345-4b96-9500-e929837a4386">
      <Output>
        <ErrorInfo>
          <Message>Assertion failed: Expected value did not match actual value.</Message>
          <StackTrace>   at TestNamespace.TestClass.Test() in TestClass.cs:line 291</StackTrace>
        </ErrorInfo>
      </Output>
    </UnitTestResult>
    <UnitTestResult executionId="ca3844cc-327e-4a68-ab73-2309b5b91e56" testId="af66c286-bc9f-4ca5-b8c3-323f46db5eb4" testName="Test6877" computerName="UA-LPT-OGA2" duration="00:00:00.9950000" startTime="2025-05-14T13:20:31.3146610Z" endTime="2025-05-14T13:25:31.3147553Z" testType="13cdc9d9-ddb5-4fa4-a97d-d965ccfc6d4b" outcome="Passed" testListId="55883953-d345-4b96-9500-e929837a4386" />
    <UnitTestResult executionId="6ee0781e-787c-4cd7-a557-0baf69410cf8" testId="2232aaaf-6e3a-434b-a498-d819e829af0f" testName="Test6878" computerName="UA-LPT-OGA2" duration="00:00:00.0530000" startTime="2025-05-14T13:20:31.3146610Z" endTime="2025-05-14T13:25:31.3147553Z" testType="13cdc9d9-ddb5-4fa4-a97d-d965ccfc6d4b" outcome="Passed" testListId="55883953-d345-4b96-9500-e929837a4386" />
    <UnitTestResult executionId="b36dbe1b-953c-4726-b479-33e6837cd99f" testId="4856090c-5979-4ad4-8660-126cd90e53e9" testName="Test6879" computerName="UA-LPT-OGA2" duration="00:00:01.1850000" startTime="2025-05-14T13:20:31.3146610Z" endTime="2025-05-14T13:25:31.3147553Z" testType="13cdc9d9-ddb5-4fa4-a97d-d965ccfc6d4b" outcome="Passed" testListId="55883953-d345-4b96-9500-e929837a4386" />
    <UnitTestResult executionId="3f4d7b43-ac7c-4427-93f8-cbc2ac8f03da" testId="829c5ff3-4173-4361-9cca-2f2b068dd48d" testName="Test6880" computerName="UA-LPT-OGA2" duration="00:00:01.8640000" startTime="2025-05-14T13:20:31.3146610Z" endTime="2025-05-14T13:25:31.3147553Z" testType="13cdc9d9-ddb5-4fa4-a97d-d965ccfc6d4b" outcome="Passed" testListId="55883953-d345-4b96-9500-e929837a4386" />
    <UnitTestResult executionId="2a48e344-940d-4c42-8c62-2bf61c6b5495" testId="a5b76041-edda-46db-b2d8-a57e2d05a943" testName="Test6881" computerName="UA-LPT-OGA2" duration="00:00:00.1800000" startTime="2025-05-14T13:20:31.3146610Z" endTime="2025-05-14T13:25:31.3147553Z" testType="13cdc9d9-ddb5-4fa4-a97d-d965ccfc6d4b" outcome="Passed" testListId="55883953-d345-4b96-9500-e929837a4386" />
    <UnitTestResult executionId="e04e2449-7265-45e9-b46d-e777669c6552" testId="201b4c6a-82d9-45f8-b47d-b61b832d951d" testName="Test6882" computerName="UA-LPT-OGA2" duration="00:00:00.3630000" startTime="2025-05-14T13:20:31.3146610Z" endTime="2025-05-14T13:25:31.3147553Z" testType="13cdc9d9-ddb5-4fa4-a97d-d965ccfc6d4b" outcome="Passed" testListId="55883953-d345-4b96-9500-e929837a4386" />
    <UnitTestResult executionId="fee828be-b9b4-4330-9096-3967153b76ee" testId="19178f59-561f-432b-8ae6-7334602ba8c5" testName="Test6883" computerName="UA-LPT-OGA2" duration="00:00:01.3050000" startTime="2025-05-14T13:20:31.3146610Z" endTime="2025-05-14T13:25:31.3147553Z" testType="13cdc9d9-ddb5-4fa4-a97d-d965ccfc6d4b" outcome="Passed" testListId="55883953-d345-4b96-9500-e929837a4386" />
    <UnitTestResult executionId="34cf7564-e775-48d4-a9fb-f934d37ba248" testId="13673c8a-c9a4-467d-babd-859175253dc3" testName="Test6884" computerName="UA-LPT-OGA2" duration="00:00:01.0260000" startTime="2025-05-14T13:20:31.3146610Z" endTime="2025-05-14T13:25:31.3147553Z" testType="13cdc9d9-ddb5-4fa4-a97d-d965ccfc6d4b" outcome="Passed" testListId="55883953-d345-4b96-9500-e929837a4386" />
    <UnitTestResult executionId="bd4c87ca-c789-49ca-98c7-00155b77a647" testId="e53d9c0e-faa3-4807-973a-664590108bf6" testName="Test6885" computerName="UA-LPT-OGA2" duration="00:00:01.7650000" startTime="2025-05-14T13:20:31.3146610Z" endTime="2025-05-14T13:25:31.3147553Z" testType="13cdc9d9-ddb5-4fa4-a97d-d965ccfc6d4b" outcome="Passed" testListId="55883953-d345-4b96-9500-e929837a4386" />
    <UnitTestResult executionId="45203f0d-74c6-4a8d-b53a-daaa79145fa1" testId="1f0162b4-5716-4325-8bab-8e6bcb26b47a" testName="Test6886" computerName="UA-LPT-OGA2" duration="00:00:00.3550000" startTime="2025-05-14T13:20:31.3146610Z" endTime="2025-05-14T13:25:31.3147553Z" testType="13cdc9d9-ddb5-4fa4-a97d-d965ccfc6d4b" outcome="Passed" testListId="55883953-d345-4b96-9500-e929837a4386" />
    <UnitTestResult executionId="1758c395-198d-459f-b4cc-882c689873a2" testId="c2ef4d23-3a25-4b90-b6c4-7ff80b504351" testName="Test6887" computerName="UA-LPT-OGA2" duration="00:00:01.8120000" startTime="2025-05-14T13:20:31.3146610Z" endTime="2025-05-14T13:25:31.3147553Z" testType="13cdc9d9-ddb5-4fa4-a97d-d965ccfc6d4b" outcome="Passed" testListId="55883953-d345-4b96-9500-e929837a4386" />
    <UnitTestResult executionId="51d4a389-34e9-44bd-853e-264fbc6b542b" testId="a1276383-1f7b-47ce-9a85-2a61a40afe77" testName="Test6888" computerName="UA-LPT-OGA2" duration="00:00:01.5420000" startTime="2025-05-14T13:20:31.3146610Z" endTime="2025-05-14T13:25:31.3147553Z" testType="13cdc9d9-ddb5-4fa4-a97d-d965ccfc6d4b" outcome="Passed" testListId="55883953-d345-4b96-9500-e929837a4386" />
    <UnitTestResult executionId="6faa9d5b-f703-470e-9efc-f2026581ec49" testId="97ea2fb9-5554-4b49-8cea-0c970151913a" testName="Test6889" computerName="UA-LPT-OGA2" duration="00:00:01.4360000" startTime="2025-05-14T13:20:31.3146610Z" endTime="2025-05-14T13:25:31.3147553Z" testType="13cdc9d9-ddb5-4fa4-a97d-d965ccfc6d4b" outcome="Passed" testListId="55883953-d345-4b96-9500-e929837a4386" />
    <UnitTestResult executionId="acee47d9-e204-448e-a07f-e64d69ce9eed" testId="161a743a-382c-440e-b170-cde01dd2643b" testName="Test6890" computerName="UA-LPT-OGA2" duration="00:00:00.3140000" startTime="2025-05-14T13:20:31.3146610Z" endTime="2025-05-14T13:25:31.3147553Z" testType="13cdc9d9-ddb5-4fa4-a97d-d965ccfc6d4b" outcome="Passed" testListId="55883953-d345-4b96-9500-e929837a4386" />
    <UnitTestResult executionId="6fdffaec-f8a6-4ab9-bea8-e5be194f49bd" testId="ba446866-7205-4569-950e-95c3095b6dac" testName="Test6891" computerName="UA-LPT-OGA2" duration="00:00:01.8130000" startTime="2025-05-14T13:20:31.3146610Z" endTime="2025-05-14T13:25:31.3147553Z" testType="13cdc9d9-ddb5-4fa4-a97d-d965ccfc6d4b" outcome="Passed" testListId="55883953-d345-4b96-9500-e929837a4386" />
    <UnitTestResult executionId="17ac5300-cca1-4107-aee2-5c413ec9446a" testId="caf4c27c-da5b-4a75-86c5-dd8a5cdd7c00" testName="Test6892" computerName="UA-LPT-OGA2" duration="00:00:01.3850000" startTime="2025-05-14T13:20:31.3146610Z" endTime="2025-05-14T13:25:31.3147553Z" testType="13cdc9d9-ddb5-4fa4-a97d-d965ccfc6d4b" outcome="Passed" testListId="55883953-d345-4b96-9500-e929837a4386" />
    <UnitTestResult executionId="41d0363a-d130-475d-a411-78d624fab8cf" testId="ab6032c6-c052-4b72-aec3-7469aa9db40e" testName="Test6893" computerName="UA-LPT-OGA2" duration="00:00:01.4180000" startTime="2025-05-14T13:20:31.3146610Z" endTime="2025-05-14T13:25:31.3147553Z" testType="13cdc9d9-ddb5-4fa4-a97d-d965ccfc6d4b" outcome="Passed" testListId="55883953-d345-4b96-9500-e929837a4386" />
    <UnitTestResult executionId="ff679ec7-1877-417c-8803-f9e2c9ef4012" testId="e201d365-e6fd-4914-96f6-3531d6b2c64a" testName="Test6894" computerName="UA-LPT-OGA2" duration="00:00:00.9270000" startTime="2025-05-14T13:20:31.3146610Z" endTime="2025-05-14T13:25:31.3147553Z" testType="13cdc9d9-ddb5-4fa4-a97d-d965ccfc6d4b" outcome="Passed" testListId="55883953-d345-4b96-9500-e929837a4386" />
    <UnitTestResult executionId="48d3e03e-6c39-4f3f-88b7-3eb86d6e3ca9" testId="80ff3de2-a565-47c2-ab3c-4f0c4602a300" testName="Test6895" computerName="UA-LPT-OGA2" duration="00:00:01.3410000" startTime="2025-05-14T13:20:31.3146610Z" endTime="2025-05-14T13:25:31.3147553Z" testType="13cdc9d9-ddb5-4fa4-a97d-d965ccfc6d4b" outcome="Passed" testListId="55883953-d345-4b96-9500-e929837a4386" />
    <UnitTestResult executionId="871ad584-948c-44a4-a598-603a39034143" testId="c8879230-71cf-458a-915e-f6b7d73655c9" testName="Test6896" computerName="UA-LPT-OGA2" duration="00:00:00.1170000" startTime="2025-05-14T13:20:31.3146610Z" endTime="2025-05-14T13:25:31.3147553Z" testType="13cdc9d9-ddb5-4fa4-a97d-d965ccfc6d4b" outcome="Passed" testListId="55883953-d345-4b96-9500-e929837a4386" />
    <UnitTestResult executionId="54bae94c-acba-42b5-998b-607395379b30" testId="3e8017ab-e8f3-4dd1-bacb-a6dd016093a4" testName="Test6897" computerName="UA-LPT-OGA2" duration="00:00:01.7920000" startTime="2025-05-14T13:20:31.3146610Z" endTime="2025-05-14T13:25:31.3147553Z" testType="13cdc9d9-ddb5-4fa4-a97d-d965ccfc6d4b" outcome="Passed" testListId="55883953-d345-4b96-9500-e929837a4386" />
    <UnitTestResult executionId="8ca3071f-1233-4be7-813e-d442506877e3" testId="ffa7a3f0-402e-4b5e-bf29-17763197f453" testName="Test6898" computerName="UA-LPT-OGA2" duration="00:00:01.4960000" startTime="2025-05-14T13:20:31.3146610Z" endTime="2025-05-14T13:25:31.3147553Z" testType="13cdc9d9-ddb5-4fa4-a97d-d965ccfc6d4b" outcome="Passed" testListId="55883953-d345-4b96-9500-e929837a4386" />
    <UnitTestResult executionId="e9beb867-ddbb-463a-aea9-09ea7a8292d8" testId="b74496fe-a6cd-4f6d-9725-af59a91b200f" testName="Test6899" computerName="UA-LPT-OGA2" duration="00:00:00.4310000" startTime="2025-05-14T13:20:31.3146610Z" endTime="2025-05-14T13:25:31.3147553Z" testType="13cdc9d9-ddb5-4fa4-a97d-d965ccfc6d4b" outcome="Passed" testListId="55883953-d345-4b96-9500-e929837a4386" />
    <UnitTestResult executionId="a56e77ee-26f9-4522-96bd-c708251bcefa" testId="92d22606-9a60-4a5a-8583-115134af8f88" testName="Test6900" computerName="UA-LPT-OGA2" duration="00:00:00.8630000" startTime="2025-05-14T13:20:31.3146610Z" endTime="2025-05-14T13:25:31.3147553Z" testType="13cdc9d9-ddb5-4fa4-a97d-d965ccfc6d4b" outcome="Passed" testListId="55883953-d345-4b96-9500-e929837a4386" />
  </Results>
  <TestDefinitions>
    <UnitTest name="Test6801" id="d57c890c-e800-443a-bc35-b26258c8ffec" storage="TestAssembly.dll">
      <Execution id="494a424f-f43a-4300-ae9d-0595a998c25c" />
      <TestMethod codeBase="TestAssembly.dll" className="TestNamespace.TestClass1" name="Test6801" />
    </UnitTest>
    <UnitTest name="Test6802" id="85c6b0f8-2072-4997-aa81-bf8940a7fb79" storage="TestAssembly.dll">
      <Execution id="9f3035d9-573c-4ace-a648-2767694f9de4" />
      <TestMethod codeBase="TestAssembly.dll" className="TestNamespace.TestClass1" name="Test6802" />
    </UnitTest>
    <UnitTest name="Test6803" id="e42a2475-d9c9-4565-bb49-4acc2b2bf483" storage="TestAssembly.dll">
      <Execution id="4a0df691-ee9c-48b6-b798-53d801827bb0" />
      <TestMethod codeBase="TestAssembly.dll" className="TestNamespace.TestClass1" name="Test6803" />
    </UnitTest>
    <UnitTest name="Test6804" id="729f908b-1c01-4ce8-b34c-3dc21426a6f7" storage="TestAssembly.dll">
      <Execution id="7449c19e-7510-4543-81ee-21f1129ad6a7" />
      <TestMethod codeBase="TestAssembly.dll" className="TestNamespace.TestClass1" name="Test6804" />
    </UnitTest>
    <UnitTest name="Test6805" id="ac885d36-e79f-4e0c-9f48-6b49e0f90b22" storage="TestAssembly.dll">
      <Execution id="b89e39ae-e8af-417c-8450-34752af5f415" />
      <TestMethod codeBase="TestAssembly.dll" className="TestNamespace.TestClass1" name="Test6805" />
    </UnitTest>
    <UnitTest name="Test6806" id="24a99a61-df94-4d9c-88bc-926eab75f217" storage="TestAssembly.dll">
      <Execution id="baaae02a-80d0-4e21-8c72-37c86bb96887" />
      <TestMethod codeBase="TestAssembly.dll" className="TestNamespace.TestClass1" name="Test6806" />
    </UnitTest>
    <UnitTest name="Test6807" id="a192d83c-70b4-4747-85bc-9e1bdd1fa64c" storage="TestAssembly.dll">
      <Execution id="0606463f-84da-4dd4-9ae2-6d26cc3c0434" />
      <TestMethod codeBase="TestAssembly.dll" className="TestNamespace.TestClass1" name="Test6807" />
    </UnitTest>
    <UnitTest name="Test6808" id="5edb742f-a7eb-44c2-a673-4630abf7396e" storage="TestAssembly.dll">
      <Execution id="49e315c5-3829-48f3-b295-e197309a3175" />
      <TestMethod codeBase="TestAssembly.dll" className="TestNamespace.TestClass1" name="Test6808" />
    </UnitTest>
    <UnitTest name="Test6809" id="f8442930-0d3b-4e16-890a-cd8ab8c5fd0b" storage="TestAssembly.dll">
      <Execution id="20b93a9e-43dd-4f10-9077-d5e9ae759646" />
      <TestMethod codeBase="TestAssembly.dll" className="TestNamespace.TestClass1" name="Test6809" />
    </UnitTest>
    <UnitTest name="Test6810" id="332b3472-8895-4cdf-8d92-e484c2bd7e59" storage="TestAssembly.dll">
      <Execution id="f40775fb-6ac2-4cdb-bd04-f43f258e2eb0" />
      <TestMethod codeBase="TestAssembly.dll" className="TestNamespace.TestClass1" name="Test6810" />
    </UnitTest>
    <UnitTest name="Test6811" id="6f5e392a-fb0c-4879-a6fe-7cb2af2e2c37" storage="TestAssembly.dll">
      <Execution id="173dca68-1cbf-498f-9693-6b7bf7608376" />
      <TestMethod codeBase="TestAssembly.dll" className="TestNamespace.TestClass2" name="Test6811" />
    </UnitTest>
    <UnitTest name="Test6812" id="2b3c02cd-1a73-4c29-80b3-43d27e599ef0" storage="TestAssembly.dll">
      <Execution id="da221169-00a1-413c-987d-9d4ee55fcfb4" />
      <TestMethod codeBase="TestAssembly.dll" className="TestNamespace.TestClass2" name="Test6812" />
    </UnitTest>
    <UnitTest name="Test6813" id="319513d7-8aba-4eb2-977a-1ac59560229a" storage="TestAssembly.dll">
      <Execution id="8aabb121-40ae-47e6-8ad9-59661d44f3fe" />
      <TestMethod codeBase="TestAssembly.dll" className="TestNamespace.TestClass2" name="Test6813" />
    </UnitTest>
    <UnitTest name="Test6814" id="cab322ee-6581-442e-bf2a-3d964f37b7fb" storage="TestAssembly.dll">
      <Execution id="623233a9-e06b-4ac9-b36a-3a9a2ec4ec46" />
      <TestMethod codeBase="TestAssembly.dll" className="TestNamespace.TestClass2" name="Test6814" />
    </UnitTest>
    <UnitTest name="Test6815" id="b07bafca-59af-4516-a950-13f8b6465075" storage="TestAssembly.dll">
      <Execution id="8d23b47f-d363-4a6d-96d4-892a3e02b03e" />
      <TestMethod codeBase="TestAssembly.dll" className="TestNamespace.TestClass2" name="Test6815" />
    </UnitTest>
    <UnitTest name="Test6816" id="1d369600-7005-41ca-b311-1aba160fcb2d" storage="TestAssembly.dll">
      <Execution id="26ca0206-8e06-494f-a1f0-8948faacb4d5" />
      <TestMethod codeBase="TestAssembly.dll" className="TestNamespace.TestClass2" name="Test6816" />
    </UnitTest>
    <UnitTest name="Test6817" id="c10a23a5-8545-4d10-833e-0f24b6fb306b" storage="TestAssembly.dll">
      <Execution id="ff6301b6-e7c9-490b-b4bc-60ff449c56fc" />
      <TestMethod codeBase="TestAssembly.dll" className="TestNamespace.TestClass2" name="Test6817" />
    </UnitTest>
    <UnitTest name="Test6818" id="e50b6c7b-697b-4986-8a81-937164b4a417" storage="TestAssembly.dll">
      <Execution id="ee0c3bdd-6507-4646-810f-20cb6842754b" />
      <TestMethod codeBase="TestAssembly.dll" className="TestNamespace.TestClass2" name="Test6818" />
    </UnitTest>
    <UnitTest name="Test6819" id="a355d9ee-981e-4b85-b814-ab26f1702d81" storage="TestAssembly.dll">
      <Execution id="34919bb6-02ac-4b2b-bc2b-5e63bb62a8b6" />
      <TestMethod codeBase="TestAssembly.dll" className="TestNamespace.TestClass2" name="Test6819" />
    </UnitTest>
    <UnitTest name="Test6820" id="04c51100-46c4-4dc3-bb9f-abe6c4dad30c" storage="TestAssembly.dll">
      <Execution id="34da09af-37c2-4643-83a0-26c304f464a8" />
      <TestMethod codeBase="TestAssembly.dll" className="TestNamespace.TestClass2" name="Test6820" />
    </UnitTest>
    <UnitTest name="Test6821" id="f7466d05-bff8-4914-ac49-990077e13b7f" storage="TestAssembly.dll">
      <Execution id="b88e587f-6cf0-4e17-99ab-4066c2ba6843" />
      <TestMethod codeBase="TestAssembly.dll" className="TestNamespace.TestClass3" name="Test6821" />
    </UnitTest>
    <UnitTest name="Test6822" id="8ccafae2-06f3-442c-966a-60c7fcb345ec" storage="TestAssembly.dll">
      <Execution id="48ede675-103c-4b83-9dd3-75320aada295" />
      <TestMethod codeBase="TestAssembly.dll" className="TestNamespace.TestClass3" name="Test6822" />
    </UnitTest>
    <UnitTest name="Test6823" id="5ca7f0ac-9ed8-4905-8937-53f0a26d2c5c" storage="TestAssembly.dll">
      <Execution id="232ab98e-2a5b-473e-b6ce-1c9ba37580b6" />
      <TestMethod codeBase="TestAssembly.dll" className="TestNamespace.TestClass3" name="Test6823" />
    </UnitTest>
    <UnitTest name="Test6824" id="fcf76f1f-b5ea-49b8-81d4-4aad43baaf95" storage="TestAssembly.dll">
      <Execution id="e64e9b38-9361-49bb-b884-38ef48eb1dca" />
      <TestMethod codeBase="TestAssembly.dll" className="TestNamespace.TestClass3" name="Test6824" />
    </UnitTest>
    <UnitTest name="Test6825" id="fa2db4c4-2b1a-429b-9055-60b6c700f717" storage="TestAssembly.dll">
      <Execution id="05902af4-8c81-44e5-a8b0-5fc1b3daa073" />
      <TestMethod codeBase="TestAssembly.dll" className="TestNamespace.TestClass3" name="Test6825" />
    </UnitTest>
    <UnitTest name="Test6826" id="6341749f-dd49-4a66-8f7f-1dc09f6ab3ac" storage="TestAssembly.dll">
      <Execution id="8dcd6555-ef36-44a0-b40c-e5922c4dedbc" />
      <TestMethod codeBase="TestAssembly.dll" className="TestNamespace.TestClass3" name="Test6826" />
    </UnitTest>
    <UnitTest name="Test6827" id="6074eb97-6a95-4861-b113-eaaaef67b27a" storage="TestAssembly.dll">
      <Execution id="09692330-de13-48d9-8024-df8c236c427d" />
      <TestMethod codeBase="TestAssembly.dll" className="TestNamespace.TestClass3" name="Test6827" />
    </UnitTest>
    <UnitTest name="Test6828" id="ee370ea7-dafd-4bf5-88bc-7b9d7c3cc7e2" storage="TestAssembly.dll">
      <Execution id="7384d6d5-797a-4336-9c84-2524b2192e7d" />
      <TestMethod codeBase="TestAssembly.dll" className="TestNamespace.TestClass3" name="Test6828" />
    </UnitTest>
    <UnitTest name="Test6829" id="93a2c755-c626-4ece-936a-4ecf4c21c675" storage="TestAssembly.dll">
      <Execution id="6715419b-3586-4d81-9a56-f7a88a95d028" />
      <TestMethod codeBase="TestAssembly.dll" className="TestNamespace.TestClass3" name="Test6829" />
    </UnitTest>
    <UnitTest name="Test6830" id="23346ecb-b597-44bd-b603-5d14c2ab187e" storage="TestAssembly.dll">
      <Execution id="3f28221d-0284-4889-a549-833eb27eeee1" />
      <TestMethod codeBase="TestAssembly.dll" className="TestNamespace.TestClass3" name="Test6830" />
    </UnitTest>
    <UnitTest name="Test6831" id="4d6ce979-9c87-4b56-b3c2-c633df4c6ed6" storage="TestAssembly.dll">
      <Execution id="9525de8f-650e-4603-b787-9a29c63bd204" />
      <TestMethod codeBase="TestAssembly.dll" className="TestNamespace.TestClass4" name="Test6831" />
    </UnitTest>
    <UnitTest name="Test6832" id="7c542eab-4249-4a1d-891b-0f541a37e989" storage="TestAssembly.dll">
      <Execution id="4a4cf56c-7a1a-41f6-ad89-846b63d1d39a" />
      <TestMethod codeBase="TestAssembly.dll" className="TestNamespace.TestClass4" name="Test6832" />
    </UnitTest>
    <UnitTest name="Test6833" id="e62232e3-8a9f-40f6-ae26-1066fce95642" storage="TestAssembly.dll">
      <Execution id="f957e0e3-9b44-4c7b-a606-67287468ec46" />
      <TestMethod codeBase="TestAssembly.dll" className="TestNamespace.TestClass4" name="Test6833" />
    </UnitTest>
    <UnitTest name="Test6834" id="de1cc491-6dc3-4a2c-b523-321c2c237a4b" storage="TestAssembly.dll">
      <Execution id="614d9a7e-1319-4567-a06f-222b72e8a60a" />
      <TestMethod codeBase="TestAssembly.dll" className="TestNamespace.TestClass4" name="Test6834" />
    </UnitTest>
    <UnitTest name="Test6835" id="a1d5b1e3-b9cb-43e6-a30b-199b23577b59" storage="TestAssembly.dll">
      <Execution id="4312e243-91c9-43b8-becd-d948d0c93819" />
      <TestMethod codeBase="TestAssembly.dll" className="TestNamespace.TestClass4" name="Test6835" />
    </UnitTest>
    <UnitTest name="Test6836" id="8f64a1d8-e32a-4f56-b718-f70d71231055" storage="TestAssembly.dll">
      <Execution id="286995f7-e084-43e8-a4de-0f222cb585c4" />
      <TestMethod codeBase="TestAssembly.dll" className="TestNamespace.TestClass4" name="Test6836" />
    </UnitTest>
    <UnitTest name="Test6837" id="d7b13521-712b-4480-82dd-b05a31a8e356" storage="TestAssembly.dll">
      <Execution id="5768d599-62b5-45d2-9ddd-dd478212c9b5" />
      <TestMethod codeBase="TestAssembly.dll" className="TestNamespace.TestClass4" name="Test6837" />
    </UnitTest>
    <UnitTest name="Test6838" id="9417b0fd-3a73-4ff4-9915-eb69c6409309" storage="TestAssembly.dll">
      <Execution id="ecff277c-5a2f-487d-b6d3-e42306a6131e" />
      <TestMethod codeBase="TestAssembly.dll" className="TestNamespace.TestClass4" name="Test6838" />
    </UnitTest>
    <UnitTest name="Test6839" id="673f1923-c6af-4ae9-b6f7-a924b2e460c3" storage="TestAssembly.dll">
      <Execution id="5f635156-3f29-4b30-92cc-5094eebe439f" />
      <TestMethod codeBase="TestAssembly.dll" className="TestNamespace.TestClass4" name="Test6839" />
    </UnitTest>
    <UnitTest name="Test6840" id="f66c1627-cb5d-4b35-b5c4-95544b5c59c3" storage="TestAssembly.dll">
      <Execution id="05a45d1e-fe8f-4b0e-9b9b-7d293f390f49" />
      <TestMethod codeBase="TestAssembly.dll" className="TestNamespace.TestClass4" name="Test6840" />
    </UnitTest>
    <UnitTest name="Test6841" id="79b85e0d-2949-4395-b07d-94546d19ea4c" storage="TestAssembly.dll">
      <Execution id="6e327871-b8ad-4dc7-ad47-2fee191b392b" />
      <TestMethod codeBase="TestAssembly.dll" className="TestNamespace.TestClass5" name="Test6841" />
    </UnitTest>
    <UnitTest name="Test6842" id="72dbc714-1c07-4ab4-bbd3-8a295fcb9f69" storage="TestAssembly.dll">
      <Execution id="ad57471a-80e8-41d5-805c-ceaf381fabc4" />
      <TestMethod codeBase="TestAssembly.dll" className="TestNamespace.TestClass5" name="Test6842" />
    </UnitTest>
    <UnitTest name="Test6843" id="248d6bbc-3e94-4d66-aa42-afde36a6c990" storage="TestAssembly.dll">
      <Execution id="54450309-faf6-4813-8dcb-43b65459d34e" />
      <TestMethod codeBase="TestAssembly.dll" className="TestNamespace.TestClass5" name="Test6843" />
    </UnitTest>
    <UnitTest name="Test6844" id="9436463d-f7af-4e7e-bd58-432b32c2c249" storage="TestAssembly.dll">
      <Execution id="b9ffdf7d-1c72-4044-b927-169d05cd7f03" />
      <TestMethod codeBase="TestAssembly.dll" className="TestNamespace.TestClass5" name="Test6844" />
    </UnitTest>
    <UnitTest name="Test6845" id="a8270ec5-4d8a-48a9-bf8f-a075725be362" storage="TestAssembly.dll">
      <Execution id="b88373d7-6e73-4182-a110-c68ca170ec73" />
      <TestMethod codeBase="TestAssembly.dll" className="TestNamespace.TestClass5" name="Test6845" />
    </UnitTest>
    <UnitTest name="Test6846" id="ed237656-b1c4-4b3d-8d13-174ff931002d" storage="TestAssembly.dll">
      <Execution id="445b81d8-7e77-45db-a000-3b813f017053" />
      <TestMethod codeBase="TestAssembly.dll" className="TestNamespace.TestClass5" name="Test6846" />
    </UnitTest>
    <UnitTest name="Test6847" id="edb8b216-a027-4940-aadc-700e4b05661f" storage="TestAssembly.dll">
      <Execution id="c2240618-25a5-4219-bb53-69436b9182f1" />
      <TestMethod codeBase="TestAssembly.dll" className="TestNamespace.TestClass5" name="Test6847" />
    </UnitTest>
    <UnitTest name="Test6848" id="b4d61f49-4286-41f5-a308-4253988969c5" storage="TestAssembly.dll">
      <Execution id="8dbe36d7-4c0c-4f92-a61d-ee7d2ac405ca" />
      <TestMethod codeBase="TestAssembly.dll" className="TestNamespace.TestClass5" name="Test6848" />
    </UnitTest>
    <UnitTest name="Test6849" id="27ce440a-804f-4cbd-a51c-3ddf49f8ae26" storage="TestAssembly.dll">
      <Execution id="c10c9ae5-0553-46b6-9d56-1400c0654d61" />
      <TestMethod codeBase="TestAssembly.dll" className="TestNamespace.TestClass5" name="Test6849" />
    </UnitTest>
    <UnitTest name="Test6850" id="9494475f-8f46-491e-b1d0-b64af36669ac" storage="TestAssembly.dll">
      <Execution id="ec3f1924-46b2-48d9-91be-3e7dd7600803" />
      <TestMethod codeBase="TestAssembly.dll" className="TestNamespace.TestClass5" name="Test6850" />
    </UnitTest>
    <UnitTest name="Test6851" id="23f26b8a-b4f1-41c0-ab6f-351de37a43dc" storage="TestAssembly.dll">
      <Execution id="c92ce7cb-9ce4-4111-94c4-a2440d9a91f9" />
      <TestMethod codeBase="TestAssembly.dll" className="TestNamespace.TestClass6" name="Test6851" />
    </UnitTest>
    <UnitTest name="Test6852" id="1d08eaad-4285-4b3d-97c3-aa205e8d4796" storage="TestAssembly.dll">
      <Execution id="8bb4df15-235b-48e7-8ea1-918b61118ec5" />
      <TestMethod codeBase="TestAssembly.dll" className="TestNamespace.TestClass6" name="Test6852" />
    </UnitTest>
    <UnitTest name="Test6853" id="0982db27-658b-41b1-9351-fde410cb4bab" storage="TestAssembly.dll">
      <Execution id="e21c8b2b-6a15-4221-95a3-b0b21ce569e4" />
      <TestMethod codeBase="TestAssembly.dll" className="TestNamespace.TestClass6" name="Test6853" />
    </UnitTest>
    <UnitTest name="Test6854" id="b25b8db9-04ac-4ae7-b91b-f18b0d579a9c" storage="TestAssembly.dll">
      <Execution id="b1d58a5f-2c13-424c-9506-ad90c1429491" />
      <TestMethod codeBase="TestAssembly.dll" className="TestNamespace.TestClass6" name="Test6854" />
    </UnitTest>
    <UnitTest name="Test6855" id="4b0a4285-da0c-4d9b-92f9-d308de6a0587" storage="TestAssembly.dll">
      <Execution id="95c30f41-9894-4bcb-8ab3-319d4bdb2d7c" />
      <TestMethod codeBase="TestAssembly.dll" className="TestNamespace.TestClass6" name="Test6855" />
    </UnitTest>
    <UnitTest name="Test6856" id="294d4f84-c0ff-4278-be55-f2d407d17548" storage="TestAssembly.dll">
      <Execution id="b8b58f5f-9cae-43e2-8f86-7f3910e872c4" />
      <TestMethod codeBase="TestAssembly.dll" className="TestNamespace.TestClass6" name="Test6856" />
    </UnitTest>
    <UnitTest name="Test6857" id="19ad9172-04a3-4a0b-abab-3f1c60b89a4b" storage="TestAssembly.dll">
      <Execution id="1eac41cc-8c42-4152-9e71-246986b2c983" />
      <TestMethod codeBase="TestAssembly.dll" className="TestNamespace.TestClass6" name="Test6857" />
    </UnitTest>
    <UnitTest name="Test6858" id="429cb7f2-fb26-426f-aa6e-fd62abb82327" storage="TestAssembly.dll">
      <Execution id="16844856-2bc8-4c90-89cf-787b56ae3ed0" />
      <TestMethod codeBase="TestAssembly.dll" className="TestNamespace.TestClass6" name="Test6858" />
    </UnitTest>
    <UnitTest name="Test6859" id="80e9239f-9d3a-4318-80da-083fa96fd73e" storage="TestAssembly.dll">
      <Execution id="35d37d02-ef2c-44d4-9d28-cefcb4f8a0d2" />
      <TestMethod codeBase="TestAssembly.dll" className="TestNamespace.TestClass6" name="Test6859" />
    </UnitTest>
    <UnitTest name="Test6860" id="3977d97c-a4cf-4009-9f98-821d7b22c88e" storage="TestAssembly.dll">
      <Execution id="55de0db9-af17-4f03-899f-7cd5203d6458" />
      <TestMethod codeBase="TestAssembly.dll" className="TestNamespace.TestClass6" name="Test6860" />
    </UnitTest>
    <UnitTest name="Test6861" id="5d687281-6c19-4cd2-ae85-73b47e25d91f" storage="TestAssembly.dll">
      <Execution id="05b60cae-ed4a-46b5-8717-45c61ab2451f" />
      <TestMethod codeBase="TestAssembly.dll" className="TestNamespace.TestClass7" name="Test6861" />
    </UnitTest>
    <UnitTest name="Test6862" id="da03b58e-da39-477c-8427-3f4de3bb08c7" storage="TestAssembly.dll">
      <Execution id="7b654713-4d80-482b-b772-74d0eb9a5b9b" />
      <TestMethod codeBase="TestAssembly.dll" className="TestNamespace.TestClass7" name="Test6862" />
    </UnitTest>
    <UnitTest name="Test6863" id="f52e6fb8-e875-462d-8353-c6ce45173a60" storage="TestAssembly.dll">
      <Execution id="5c3dab4a-fe36-4438-9871-c6e5edfd633c" />
      <TestMethod codeBase="TestAssembly.dll" className="TestNamespace.TestClass7" name="Test6863" />
    </UnitTest>
    <UnitTest name="Test6864" id="f34e1364-abed-4f54-bec0-ccb42131a71d" storage="TestAssembly.dll">
      <Execution id="55fdb3da-2b4c-49c4-867c-32e4c7ec010a" />
      <TestMethod codeBase="TestAssembly.dll" className="TestNamespace.TestClass7" name="Test6864" />
    </UnitTest>
    <UnitTest name="Test6865" id="cd5cae82-2ea2-43f2-812e-260924a5231a" storage="TestAssembly.dll">
      <Execution id="2183184b-18f4-42c4-b0a5-e8d0c6e7392e" />
      <TestMethod codeBase="TestAssembly.dll" className="TestNamespace.TestClass7" name="Test6865" />
    </UnitTest>
    <UnitTest name="Test6866" id="6c119bbc-f559-4d0e-9416-cb1fa9d99e3b" storage="TestAssembly.dll">
      <Execution id="fbe41450-a4b5-4dbf-b710-0dffecf0c1c6" />
      <TestMethod codeBase="TestAssembly.dll" className="TestNamespace.TestClass7" name="Test6866" />
    </UnitTest>
    <UnitTest name="Test6867" id="6b1ea0e8-cf97-4f95-bba3-d7d371e58225" storage="TestAssembly.dll">
      <Execution id="78da08d3-7853-4821-86af-eb9d1e3b8e24" />
      <TestMethod codeBase="TestAssembly.dll" className="TestNamespace.TestClass7" name="Test6867" />
    </UnitTest>
    <UnitTest name="Test6868" id="cf5ddcbc-2851-43ca-917e-9c65a2f196ae" storage="TestAssembly.dll">
      <Execution id="b4105d6e-2908-44cd-8b68-173baccb6a7d" />
      <TestMethod codeBase="TestAssembly.dll" className="TestNamespace.TestClass7" name="Test6868" />
    </UnitTest>
    <UnitTest name="Test6869" id="d302cf22-0e75-4115-9b85-396f97a224b9" storage="TestAssembly.dll">
      <Execution id="4728b145-e779-417a-b346-9091eee07f8a" />
      <TestMethod codeBase="TestAssembly.dll" className="TestNamespace.TestClass7" name="Test6869" />
    </UnitTest>
    <UnitTest name="Test6870" id="79b3c25d-3285-4b95-a9b7-06f5a12ed0e7" storage="TestAssembly.dll">
      <Execution id="db463cc3-4e52-44bf-be52-2dfdaed4d594" />
      <TestMethod codeBase="TestAssembly.dll" className="TestNamespace.TestClass7" name="Test6870" />
    </UnitTest>
    <UnitTest name="Test6871" id="f24eede0-099f-4193-a388-d0af5d918879" storage="TestAssembly.dll">
      <Execution id="ddc97470-99af-49ac-8b20-f3d3ea02b02a" />
      <TestMethod codeBase="TestAssembly.dll" className="TestNamespace.TestClass8" name="Test6871" />
    </UnitTest>
    <UnitTest name="Test6872" id="91131afd-168b-4a48-bd53-2e6c855a899a" storage="TestAssembly.dll">
      <Execution id="34d50832-f571-4343-ae55-0d7c17346787" />
      <TestMethod codeBase="TestAssembly.dll" className="TestNamespace.TestClass8" name="Test6872" />
    </UnitTest>
    <UnitTest name="Test6873" id="e51a66ef-f369-4eaf-aaf7-12b2bc0bb660" storage="TestAssembly.dll">
      <Execution id="8c009f4f-eae2-4d2b-9943-cb73738d02db" />
      <TestMethod codeBase="TestAssembly.dll" className="TestNamespace.TestClass8" name="Test6873" />
    </UnitTest>
    <UnitTest name="Test6874" id="f751ae2b-4426-4b73-9ac2-b7b5ac0a1293" storage="TestAssembly.dll">
      <Execution id="267eb2ab-cf2c-4a5b-89da-c5c9546c097e" />
      <TestMethod codeBase="TestAssembly.dll" className="TestNamespace.TestClass8" name="Test6874" />
    </UnitTest>
    <UnitTest name="Test6875" id="9dcbf62b-52d2-45bc-8210-81c768e83d85" storage="TestAssembly.dll">
      <Execution id="3aff4b5b-b307-4b39-a815-1ada9ad5ce4a" />
      <TestMethod codeBase="TestAssembly.dll" className="TestNamespace.TestClass8" name="Test6875" />
    </UnitTest>
    <UnitTest name="Test6876" id="d0bfa9f3-22dd-45b2-9f74-0cb6ea29ce44" storage="TestAssembly.dll">
      <Execution id="7c60ca0c-cbac-4e81-aa54-680ec14e0150" />
      <TestMethod codeBase="TestAssembly.dll" className="TestNamespace.TestClass8" name="Test6876" />
    </UnitTest>
    <UnitTest name="Test6877" id="af66c286-bc9f-4ca5-b8c3-323f46db5eb4" storage="TestAssembly.dll">
      <Execution id="ca3844cc-327e-4a68-ab73-2309b5b91e56" />
      <TestMethod codeBase="TestAssembly.dll" className="TestNamespace.TestClass8" name="Test6877" />
    </UnitTest>
    <UnitTest name="Test6878" id="2232aaaf-6e3a-434b-a498-d819e829af0f" storage="TestAssembly.dll">
      <Execution id="6ee0781e-787c-4cd7-a557-0baf69410cf8" />
      <TestMethod codeBase="TestAssembly.dll" className="TestNamespace.TestClass8" name="Test6878" />
    </UnitTest>
    <UnitTest name="Test6879" id="4856090c-5979-4ad4-8660-126cd90e53e9" storage="TestAssembly.dll">
      <Execution id="b36dbe1b-953c-4726-b479-33e6837cd99f" />
      <TestMethod codeBase="TestAssembly.dll" className="TestNamespace.TestClass8" name="Test6879" />
    </UnitTest>
    <UnitTest name="Test6880" id="829c5ff3-4173-4361-9cca-2f2b068dd48d" storage="TestAssembly.dll">
      <Execution id="3f4d7b43-ac7c-4427-93f8-cbc2ac8f03da" />
      <TestMethod codeBase="TestAssembly.dll" className="TestNamespace.TestClass8" name="Test6880" />
    </UnitTest>
    <UnitTest name="Test6881" id="a5b76041-edda-46db-b2d8-a57e2d05a943" storage="TestAssembly.dll">
      <Execution id="2a48e344-940d-4c42-8c62-2bf61c6b5495" />
      <TestMethod codeBase="TestAssembly.dll" className="TestNamespace.TestClass9" name="Test6881" />
    </UnitTest>
    <UnitTest name="Test6882" id="201b4c6a-82d9-45f8-b47d-b61b832d951d" storage="TestAssembly.dll">
      <Execution id="e04e2449-7265-45e9-b46d-e777669c6552" />
      <TestMethod codeBase="TestAssembly.dll" className="TestNamespace.TestClass9" name="Test6882" />
    </UnitTest>
    <UnitTest name="Test6883" id="19178f59-561f-432b-8ae6-7334602ba8c5" storage="TestAssembly.dll">
      <Execution id="fee828be-b9b4-4330-9096-3967153b76ee" />
      <TestMethod codeBase="TestAssembly.dll" className="TestNamespace.TestClass9" name="Test6883" />
    </UnitTest>
    <UnitTest name="Test6884" id="13673c8a-c9a4-467d-babd-859175253dc3" storage="TestAssembly.dll">
      <Execution id="34cf7564-e775-48d4-a9fb-f934d37ba248" />
      <TestMethod codeBase="TestAssembly.dll" className="TestNamespace.TestClass9" name="Test6884" />
    </UnitTest>
    <UnitTest name="Test6885" id="e53d9c0e-faa3-4807-973a-664590108bf6" storage="TestAssembly.dll">
      <Execution id="bd4c87ca-c789-49ca-98c7-00155b77a647" />
      <TestMethod codeBase="TestAssembly.dll" className="TestNamespace.TestClass9" name="Test6885" />
    </UnitTest>
    <UnitTest name="Test6886" id="1f0162b4-5716-4325-8bab-8e6bcb26b47a" storage="TestAssembly.dll">
      <Execution id="45203f0d-74c6-4a8d-b53a-daaa79145fa1" />
      <TestMethod codeBase="TestAssembly.dll" className="TestNamespace.TestClass9" name="Test6886" />
    </UnitTest>
    <UnitTest name="Test6887" id="c2ef4d23-3a25-4b90-b6c4-7ff80b504351" storage="TestAssembly.dll">
      <Execution id="1758c395-198d-459f-b4cc-882c689873a2" />
      <TestMethod codeBase="TestAssembly.dll" className="TestNamespace.TestClass9" name="Test6887" />
    </UnitTest>
    <UnitTest name="Test6888" id="a1276383-1f7b-47ce-9a85-2a61a40afe77" storage="TestAssembly.dll">
      <Execution id="51d4a389-34e9-44bd-853e-264fbc6b542b" />
      <TestMethod codeBase="TestAssembly.dll" className="TestNamespace.TestClass9" name="Test6888" />
    </UnitTest>
    <UnitTest name="Test6889" id="97ea2fb9-5554-4b49-8cea-0c970151913a" storage="TestAssembly.dll">
      <Execution id="6faa9d5b-f703-470e-9efc-f2026581ec49" />
      <TestMethod codeBase="TestAssembly.dll" className="TestNamespace.TestClass9" name="Test6889" />
    </UnitTest>
    <UnitTest name="Test6890" id="161a743a-382c-440e-b170-cde01dd2643b" storage="TestAssembly.dll">
      <Execution id="acee47d9-e204-448e-a07f-e64d69ce9eed" />
      <TestMethod codeBase="TestAssembly.dll" className="TestNamespace.TestClass9" name="Test6890" />
    </UnitTest>
    <UnitTest name="Test6891" id="ba446866-7205-4569-950e-95c3095b6dac" storage="TestAssembly.dll">
      <Execution id="6fdffaec-f8a6-4ab9-bea8-e5be194f49bd" />
      <TestMethod codeBase="TestAssembly.dll" className="TestNamespace.TestClass10" name="Test6891" />
    </UnitTest>
    <UnitTest name="Test6892" id="caf4c27c-da5b-4a75-86c5-dd8a5cdd7c00" storage="TestAssembly.dll">
      <Execution id="17ac5300-cca1-4107-aee2-5c413ec9446a" />
      <TestMethod codeBase="TestAssembly.dll" className="TestNamespace.TestClass10" name="Test6892" />
    </UnitTest>
    <UnitTest name="Test6893" id="ab6032c6-c052-4b72-aec3-7469aa9db40e" storage="TestAssembly.dll">
      <Execution id="41d0363a-d130-475d-a411-78d624fab8cf" />
      <TestMethod codeBase="TestAssembly.dll" className="TestNamespace.TestClass10" name="Test6893" />
    </UnitTest>
    <UnitTest name="Test6894" id="e201d365-e6fd-4914-96f6-3531d6b2c64a" storage="TestAssembly.dll">
      <Execution id="ff679ec7-1877-417c-8803-f9e2c9ef4012" />
      <TestMethod codeBase="TestAssembly.dll" className="TestNamespace.TestClass10" name="Test6894" />
    </UnitTest>
    <UnitTest name="Test6895" id="80ff3de2-a565-47c2-ab3c-4f0c4602a300" storage="TestAssembly.dll">
      <Execution id="48d3e03e-6c39-4f3f-88b7-3eb86d6e3ca9" />
      <TestMethod codeBase="TestAssembly.dll" className="TestNamespace.TestClass10" name="Test6895" />
    </UnitTest>
    <UnitTest name="Test6896" id="c8879230-71cf-458a-915e-f6b7d73655c9" storage="TestAssembly.dll">
      <Execution id="871ad584-948c-44a4-a598-603a39034143" />
      <TestMethod codeBase="TestAssembly.dll" className="TestNamespace.TestClass10" name="Test6896" />
    </UnitTest>
    <UnitTest name="Test6897" id="3e8017ab-e8f3-4dd1-bacb-a6dd016093a4" storage="TestAssembly.dll">
      <Execution id="54bae94c-acba-42b5-998b-607395379b30" />
      <TestMethod codeBase="TestAssembly.dll" className="TestNamespace.TestClass10" name="Test6897" />
    </UnitTest>
    <UnitTest name="Test6898" id="ffa7a3f0-402e-4b5e-bf29-17763197f453" storage="TestAssembly.dll">
      <Execution id="8ca3071f-1233-4be7-813e-d442506877e3" />
      <TestMethod codeBase="TestAssembly.dll" className="TestNamespace.TestClass10" name="Test6898" />
    </UnitTest>
    <UnitTest name="Test6899" id="b74496fe-a6cd-4f6d-9725-af59a91b200f" storage="TestAssembly.dll">
      <Execution id="e9beb867-ddbb-463a-aea9-09ea7a8292d8" />
      <TestMethod codeBase="TestAssembly.dll" className="TestNamespace.TestClass10" name="Test6899" />
    </UnitTest>
    <UnitTest name="Test6900" id="92d22606-9a60-4a5a-8583-115134af8f88" storage="TestAssembly.dll">
      <Execution id="a56e77ee-26f9-4522-96bd-c708251bcefa" />
      <TestMethod codeBase="TestAssembly.dll" className="TestNamespace.TestClass10" name="Test6900" />
    </UnitTest>
  </TestDefinitions>
  <TestEntries>
    <TestEntry testId="d57c890c-e800-443a-bc35-b26258c8ffec" executionId="494a424f-f43a-4300-ae9d-0595a998c25c" testListId="55883953-d345-4b96-9500-e929837a4386" />
    <TestEntry testId="85c6b0f8-2072-4997-aa81-bf8940a7fb79" executionId="9f3035d9-573c-4ace-a648-2767694f9de4" testListId="55883953-d345-4b96-9500-e929837a4386" />
    <TestEntry testId="e42a2475-d9c9-4565-bb49-4acc2b2bf483" executionId="4a0df691-ee9c-48b6-b798-53d801827bb0" testListId="55883953-d345-4b96-9500-e929837a4386" />
    <TestEntry testId="729f908b-1c01-4ce8-b34c-3dc21426a6f7" executionId="7449c19e-7510-4543-81ee-21f1129ad6a7" testListId="55883953-d345-4b96-9500-e929837a4386" />
    <TestEntry testId="ac885d36-e79f-4e0c-9f48-6b49e0f90b22" executionId="b89e39ae-e8af-417c-8450-34752af5f415" testListId="55883953-d345-4b96-9500-e929837a4386" />
    <TestEntry testId="24a99a61-df94-4d9c-88bc-926eab75f217" executionId="baaae02a-80d0-4e21-8c72-37c86bb96887" testListId="55883953-d345-4b96-9500-e929837a4386" />
    <TestEntry testId="a192d83c-70b4-4747-85bc-9e1bdd1fa64c" executionId="0606463f-84da-4dd4-9ae2-6d26cc3c0434" testListId="55883953-d345-4b96-9500-e929837a4386" />
    <TestEntry testId="5edb742f-a7eb-44c2-a673-4630abf7396e" executionId="49e315c5-3829-48f3-b295-e197309a3175" testListId="55883953-d345-4b96-9500-e929837a4386" />
    <TestEntry testId="f8442930-0d3b-4e16-890a-cd8ab8c5fd0b" executionId="20b93a9e-43dd-4f10-9077-d5e9ae759646" testListId="55883953-d345-4b96-9500-e929837a4386" />
    <TestEntry testId="332b3472-8895-4cdf-8d92-e484c2bd7e59" executionId="f40775fb-6ac2-4cdb-bd04-f43f258e2eb0" testListId="55883953-d345-4b96-9500-e929837a4386" />
    <TestEntry testId="6f5e392a-fb0c-4879-a6fe-7cb2af2e2c37" executionId="173dca68-1cbf-498f-9693-6b7bf7608376" testListId="55883953-d345-4b96-9500-e929837a4386" />
    <TestEntry testId="2b3c02cd-1a73-4c29-80b3-43d27e599ef0" executionId="da221169-00a1-413c-987d-9d4ee55fcfb4" testListId="55883953-d345-4b96-9500-e929837a4386" />
    <TestEntry testId="319513d7-8aba-4eb2-977a-1ac59560229a" executionId="8aabb121-40ae-47e6-8ad9-59661d44f3fe" testListId="55883953-d345-4b96-9500-e929837a4386" />
    <TestEntry testId="cab322ee-6581-442e-bf2a-3d964f37b7fb" executionId="623233a9-e06b-4ac9-b36a-3a9a2ec4ec46" testListId="55883953-d345-4b96-9500-e929837a4386" />
    <TestEntry testId="b07bafca-59af-4516-a950-13f8b6465075" executionId="8d23b47f-d363-4a6d-96d4-892a3e02b03e" testListId="55883953-d345-4b96-9500-e929837a4386" />
    <TestEntry testId="1d369600-7005-41ca-b311-1aba160fcb2d" executionId="26ca0206-8e06-494f-a1f0-8948faacb4d5" testListId="55883953-d345-4b96-9500-e929837a4386" />
    <TestEntry testId="c10a23a5-8545-4d10-833e-0f24b6fb306b" executionId="ff6301b6-e7c9-490b-b4bc-60ff449c56fc" testListId="55883953-d345-4b96-9500-e929837a4386" />
    <TestEntry testId="e50b6c7b-697b-4986-8a81-937164b4a417" executionId="ee0c3bdd-6507-4646-810f-20cb6842754b" testListId="55883953-d345-4b96-9500-e929837a4386" />
    <TestEntry testId="a355d9ee-981e-4b85-b814-ab26f1702d81" executionId="34919bb6-02ac-4b2b-bc2b-5e63bb62a8b6" testListId="55883953-d345-4b96-9500-e929837a4386" />
    <TestEntry testId="04c51100-46c4-4dc3-bb9f-abe6c4dad30c" executionId="34da09af-37c2-4643-83a0-26c304f464a8" testListId="55883953-d345-4b96-9500-e929837a4386" />
    <TestEntry testId="f7466d05-bff8-4914-ac49-990077e13b7f" executionId="b88e587f-6cf0-4e17-99ab-4066c2ba6843" testListId="55883953-d345-4b96-9500-e929837a4386" />
    <TestEntry testId="8ccafae2-06f3-442c-966a-60c7fcb345ec" executionId="48ede675-103c-4b83-9dd3-75320aada295" testListId="55883953-d345-4b96-9500-e929837a4386" />
    <TestEntry testId="5ca7f0ac-9ed8-4905-8937-53f0a26d2c5c" executionId="232ab98e-2a5b-473e-b6ce-1c9ba37580b6" testListId="55883953-d345-4b96-9500-e929837a4386" />
    <TestEntry testId="fcf76f1f-b5ea-49b8-81d4-4aad43baaf95" executionId="e64e9b38-9361-49bb-b884-38ef48eb1dca" testListId="55883953-d345-4b96-9500-e929837a4386" />
    <TestEntry testId="fa2db4c4-2b1a-429b-9055-60b6c700f717" executionId="05902af4-8c81-44e5-a8b0-5fc1b3daa073" testListId="55883953-d345-4b96-9500-e929837a4386" />
    <TestEntry testId="6341749f-dd49-4a66-8f7f-1dc09f6ab3ac" executionId="8dcd6555-ef36-44a0-b40c-e5922c4dedbc" testListId="55883953-d345-4b96-9500-e929837a4386" />
    <TestEntry testId="6074eb97-6a95-4861-b113-eaaaef67b27a" executionId="09692330-de13-48d9-8024-df8c236c427d" testListId="55883953-d345-4b96-9500-e929837a4386" />
    <TestEntry testId="ee370ea7-dafd-4bf5-88bc-7b9d7c3cc7e2" executionId="7384d6d5-797a-4336-9c84-2524b2192e7d" testListId="55883953-d345-4b96-9500-e929837a4386" />
    <TestEntry testId="93a2c755-c626-4ece-936a-4ecf4c21c675" executionId="6715419b-3586-4d81-9a56-f7a88a95d028" testListId="55883953-d345-4b96-9500-e929837a4386" />
    <TestEntry testId="23346ecb-b597-44bd-b603-5d14c2ab187e" executionId="3f28221d-0284-4889-a549-833eb27eeee1" testListId="55883953-d345-4b96-9500-e929837a4386" />
    <TestEntry testId="4d6ce979-9c87-4b56-b3c2-c633df4c6ed6" executionId="9525de8f-650e-4603-b787-9a29c63bd204" testListId="55883953-d345-4b96-9500-e929837a4386" />
    <TestEntry testId="7c542eab-4249-4a1d-891b-0f541a37e989" executionId="4a4cf56c-7a1a-41f6-ad89-846b63d1d39a" testListId="55883953-d345-4b96-9500-e929837a4386" />
    <TestEntry testId="e62232e3-8a9f-40f6-ae26-1066fce95642" executionId="f957e0e3-9b44-4c7b-a606-67287468ec46" testListId="55883953-d345-4b96-9500-e929837a4386" />
    <TestEntry testId="de1cc491-6dc3-4a2c-b523-321c2c237a4b" executionId="614d9a7e-1319-4567-a06f-222b72e8a60a" testListId="55883953-d345-4b96-9500-e929837a4386" />
    <TestEntry testId="a1d5b1e3-b9cb-43e6-a30b-199b23577b59" executionId="4312e243-91c9-43b8-becd-d948d0c93819" testListId="55883953-d345-4b96-9500-e929837a4386" />
    <TestEntry testId="8f64a1d8-e32a-4f56-b718-f70d71231055" executionId="286995f7-e084-43e8-a4de-0f222cb585c4" testListId="55883953-d345-4b96-9500-e929837a4386" />
    <TestEntry testId="d7b13521-712b-4480-82dd-b05a31a8e356" executionId="5768d599-62b5-45d2-9ddd-dd478212c9b5" testListId="55883953-d345-4b96-9500-e929837a4386" />
    <TestEntry testId="9417b0fd-3a73-4ff4-9915-eb69c6409309" executionId="ecff277c-5a2f-487d-b6d3-e42306a6131e" testListId="55883953-d345-4b96-9500-e929837a4386" />
    <TestEntry testId="673f1923-c6af-4ae9-b6f7-a924b2e460c3" executionId="5f635156-3f29-4b30-92cc-5094eebe439f" testListId="55883953-d345-4b96-9500-e929837a4386" />
    <TestEntry testId="f66c1627-cb5d-4b35-b5c4-95544b5c59c3" executionId="05a45d1e-fe8f-4b0e-9b9b-7d293f390f49" testListId="55883953-d345-4b96-9500-e929837a4386" />
    <TestEntry testId="79b85e0d-2949-4395-b07d-94546d19ea4c" executionId="6e327871-b8ad-4dc7-ad47-2fee191b392b" testListId="55883953-d345-4b96-9500-e929837a4386" />
    <TestEntry testId="72dbc714-1c07-4ab4-bbd3-8a295fcb9f69" executionId="ad57471a-80e8-41d5-805c-ceaf381fabc4" testListId="55883953-d345-4b96-9500-e929837a4386" />
    <TestEntry testId="248d6bbc-3e94-4d66-aa42-afde36a6c990" executionId="54450309-faf6-4813-8dcb-43b65459d34e" testListId="55883953-d345-4b96-9500-e929837a4386" />
    <TestEntry testId="9436463d-f7af-4e7e-bd58-432b32c2c249" executionId="b9ffdf7d-1c72-4044-b927-169d05cd7f03" testListId="55883953-d345-4b96-9500-e929837a4386" />
    <TestEntry testId="a8270ec5-4d8a-48a9-bf8f-a075725be362" executionId="b88373d7-6e73-4182-a110-c68ca170ec73" testListId="55883953-d345-4b96-9500-e929837a4386" />
    <TestEntry testId="ed237656-b1c4-4b3d-8d13-174ff931002d" executionId="445b81d8-7e77-45db-a000-3b813f017053" testListId="55883953-d345-4b96-9500-e929837a4386" />
    <TestEntry testId="edb8b216-a027-4940-aadc-700e4b05661f" executionId="c2240618-25a5-4219-bb53-69436b9182f1" testListId="55883953-d345-4b96-9500-e929837a4386" />
    <TestEntry testId="b4d61f49-4286-41f5-a308-4253988969c5" executionId="8dbe36d7-4c0c-4f92-a61d-ee7d2ac405ca" testListId="55883953-d345-4b96-9500-e929837a4386" />
    <TestEntry testId="27ce440a-804f-4cbd-a51c-3ddf49f8ae26" executionId="c10c9ae5-0553-46b6-9d56-1400c0654d61" testListId="55883953-d345-4b96-9500-e929837a4386" />
    <TestEntry testId="9494475f-8f46-491e-b1d0-b64af36669ac" executionId="ec3f1924-46b2-48d9-91be-3e7dd7600803" testListId="55883953-d345-4b96-9500-e929837a4386" />
    <TestEntry testId="23f26b8a-b4f1-41c0-ab6f-351de37a43dc" executionId="c92ce7cb-9ce4-4111-94c4-a2440d9a91f9" testListId="55883953-d345-4b96-9500-e929837a4386" />
    <TestEntry testId="1d08eaad-4285-4b3d-97c3-aa205e8d4796" executionId="8bb4df15-235b-48e7-8ea1-918b61118ec5" testListId="55883953-d345-4b96-9500-e929837a4386" />
    <TestEntry testId="0982db27-658b-41b1-9351-fde410cb4bab" executionId="e21c8b2b-6a15-4221-95a3-b0b21ce569e4" testListId="55883953-d345-4b96-9500-e929837a4386" />
    <TestEntry testId="b25b8db9-04ac-4ae7-b91b-f18b0d579a9c" executionId="b1d58a5f-2c13-424c-9506-ad90c1429491" testListId="55883953-d345-4b96-9500-e929837a4386" />
    <TestEntry testId="4b0a4285-da0c-4d9b-92f9-d308de6a0587" executionId="95c30f41-9894-4bcb-8ab3-319d4bdb2d7c" testListId="55883953-d345-4b96-9500-e929837a4386" />
    <TestEntry testId="294d4f84-c0ff-4278-be55-f2d407d17548" executionId="b8b58f5f-9cae-43e2-8f86-7f3910e872c4" testListId="55883953-d345-4b96-9500-e929837a4386" />
    <TestEntry testId="19ad9172-04a3-4a0b-abab-3f1c60b89a4b" executionId="1eac41cc-8c42-4152-9e71-246986b2c983" testListId="55883953-d345-4b96-9500-e929837a4386" />
    <TestEntry testId="429cb7f2-fb26-426f-aa6e-fd62abb82327" executionId="16844856-2bc8-4c90-89cf-787b56ae3ed0" testListId="55883953-d345-4b96-9500-e929837a4386" />
    <TestEntry testId="80e9239f-9d3a-4318-80da-083fa96fd73e" executionId="35d37d02-ef2c-44d4-9d28-cefcb4f8a0d2" testListId="55883953-d345-4b96-9500-e929837a4386" />
    <TestEntry testId="3977d97c-a4cf-4009-9f98-821d7b22c88e" executionId="55de0db9-af17-4f03-899f-7cd5203d6458" testListId="55883953-d345-4b96-9500-e929837a4386" />
    <TestEntry testId="5d687281-6c19-4cd2-ae85-73b47e25d91f" executionId="05b60cae-ed4a-46b5-8717-45c61ab2451f" testListId="55883953-d345-4b96-9500-e929837a4386" />
    <TestEntry testId="da03b58e-da39-477c-8427-3f4de3bb08c7" executionId="7b654713-4d80-482b-b772-74d0eb9a5b9b" testListId="55883953-d345-4b96-9500-e929837a4386" />
    <TestEntry testId="f52e6fb8-e875-462d-8353-c6ce45173a60" executionId="5c3dab4a-fe36-4438-9871-c6e5edfd633c" testListId="55883953-d345-4b96-9500-e929837a4386" />
    <TestEntry testId="f34e1364-abed-4f54-bec0-ccb42131a71d" executionId="55fdb3da-2b4c-49c4-867c-32e4c7ec010a" testListId="55883953-d345-4b96-9500-e929837a4386" />
    <TestEntry testId="cd5cae82-2ea2-43f2-812e-260924a5231a" executionId="2183184b-18f4-42c4-b0a5-e8d0c6e7392e" testListId="55883953-d345-4b96-9500-e929837a4386" />
    <TestEntry testId="6c119bbc-f559-4d0e-9416-cb1fa9d99e3b" executionId="fbe41450-a4b5-4dbf-b710-0dffecf0c1c6" testListId="55883953-d345-4b96-9500-e929837a4386" />
    <TestEntry testId="6b1ea0e8-cf97-4f95-bba3-d7d371e58225" executionId="78da08d3-7853-4821-86af-eb9d1e3b8e24" testListId="55883953-d345-4b96-9500-e929837a4386" />
    <TestEntry testId="cf5ddcbc-2851-43ca-917e-9c65a2f196ae" executionId="b4105d6e-2908-44cd-8b68-173baccb6a7d" testListId="55883953-d345-4b96-9500-e929837a4386" />
    <TestEntry testId="d302cf22-0e75-4115-9b85-396f97a224b9" executionId="4728b145-e779-417a-b346-9091eee07f8a" testListId="55883953-d345-4b96-9500-e929837a4386" />
    <TestEntry testId="79b3c25d-3285-4b95-a9b7-06f5a12ed0e7" executionId="db463cc3-4e52-44bf-be52-2dfdaed4d594" testListId="55883953-d345-4b96-9500-e929837a4386" />
    <TestEntry testId="f24eede0-099f-4193-a388-d0af5d918879" executionId="ddc97470-99af-49ac-8b20-f3d3ea02b02a" testListId="55883953-d345-4b96-9500-e929837a4386" />
    <TestEntry testId="91131afd-168b-4a48-bd53-2e6c855a899a" executionId="34d50832-f571-4343-ae55-0d7c17346787" testListId="55883953-d345-4b96-9500-e929837a4386" />
    <TestEntry testId="e51a66ef-f369-4eaf-aaf7-12b2bc0bb660" executionId="8c009f4f-eae2-4d2b-9943-cb73738d02db" testListId="55883953-d345-4b96-9500-e929837a4386" />
    <TestEntry testId="f751ae2b-4426-4b73-9ac2-b7b5ac0a1293" executionId="267eb2ab-cf2c-4a5b-89da-c5c9546c097e" testListId="55883953-d345-4b96-9500-e929837a4386" />
    <TestEntry testId="9dcbf62b-52d2-45bc-8210-81c768e83d85" executionId="3aff4b5b-b307-4b39-a815-1ada9ad5ce4a" testListId="55883953-d345-4b96-9500-e929837a4386" />
    <TestEntry testId="d0bfa9f3-22dd-45b2-9f74-0cb6ea29ce44" executionId="7c60ca0c-cbac-4e81-aa54-680ec14e0150" testListId="55883953-d345-4b96-9500-e929837a4386" />
    <TestEntry testId="af66c286-bc9f-4ca5-b8c3-323f46db5eb4" executionId="ca3844cc-327e-4a68-ab73-2309b5b91e56" testListId="55883953-d345-4b96-9500-e929837a4386" />
    <TestEntry testId="2232aaaf-6e3a-434b-a498-d819e829af0f" executionId="6ee0781e-787c-4cd7-a557-0baf69410cf8" testListId="55883953-d345-4b96-9500-e929837a4386" />
    <TestEntry testId="4856090c-5979-4ad4-8660-126cd90e53e9" executionId="b36dbe1b-953c-4726-b479-33e6837cd99f" testListId="55883953-d345-4b96-9500-e929837a4386" />
    <TestEntry testId="829c5ff3-4173-4361-9cca-2f2b068dd48d" executionId="3f4d7b43-ac7c-4427-93f8-cbc2ac8f03da" testListId="55883953-d345-4b96-9500-e929837a4386" />
    <TestEntry testId="a5b76041-edda-46db-b2d8-a57e2d05a943" executionId="2a48e344-940d-4c42-8c62-2bf61c6b5495" testListId="55883953-d345-4b96-9500-e929837a4386" />
    <TestEntry testId="201b4c6a-82d9-45f8-b47d-b61b832d951d" executionId="e04e2449-7265-45e9-b46d-e777669c6552" testListId="55883953-d345-4b96-9500-e929837a4386" />
    <TestEntry testId="19178f59-561f-432b-8ae6-7334602ba8c5" executionId="fee828be-b9b4-4330-9096-3967153b76ee" testListId="55883953-d345-4b96-9500-e929837a4386" />
    <TestEntry testId="13673c8a-c9a4-467d-babd-859175253dc3" executionId="34cf7564-e775-48d4-a9fb-f934d37ba248" testListId="55883953-d345-4b96-9500-e929837a4386" />
    <TestEntry testId="e53d9c0e-faa3-4807-973a-664590108bf6" executionId="bd4c87ca-c789-49ca-98c7-00155b77a647" testListId="55883953-d345-4b96-9500-e929837a4386" />
    <TestEntry testId="1f0162b4-5716-4325-8bab-8e6bcb26b47a" executionId="45203f0d-74c6-4a8d-b53a-daaa79145fa1" testListId="55883953-d345-4b96-9500-e929837a4386" />
    <TestEntry testId="c2ef4d23-3a25-4b90-b6c4-7ff80b504351" executionId="1758c395-198d-459f-b4cc-882c689873a2" testListId="55883953-d345-4b96-9500-e929837a4386" />
    <TestEntry testId="a1276383-1f7b-47ce-9a85-2a61a40afe77" executionId="51d4a389-34e9-44bd-853e-264fbc6b542b" testListId="55883953-d345-4b96-9500-e929837a4386" />
    <TestEntry testId="97ea2fb9-5554-4b49-8cea-0c970151913a" executionId="6faa9d5b-f703-470e-9efc-f2026581ec49" testListId="55883953-d345-4b96-9500-e929837a4386" />
    <TestEntry testId="161a743a-382c-440e-b170-cde01dd2643b" executionId="acee47d9-e204-448e-a07f-e64d69ce9eed" testListId="55883953-d345-4b96-9500-e929837a4386" />
    <TestEntry testId="ba446866-7205-4569-950e-95c3095b6dac" executionId="6fdffaec-f8a6-4ab9-bea8-e5be194f49bd" testListId="55883953-d345-4b96-9500-e929837a4386" />
    <TestEntry testId="caf4c27c-da5b-4a75-86c5-dd8a5cdd7c00" executionId="17ac5300-cca1-4107-aee2-5c413ec9446a" testListId="55883953-d345-4b96-9500-e929837a4386" />
    <TestEntry testId="ab6032c6-c052-4b72-aec3-7469aa9db40e" executionId="41d0363a-d130-475d-a411-78d624fab8cf" testListId="55883953-d345-4b96-9500-e929837a4386" />
    <TestEntry testId="e201d365-e6fd-4914-96f6-3531d6b2c64a" executionId="ff679ec7-1877-417c-8803-f9e2c9ef4012" testListId="55883953-d345-4b96-9500-e929837a4386" />
    <TestEntry testId="80ff3de2-a565-47c2-ab3c-4f0c4602a300" executionId="48d3e03e-6c39-4f3f-88b7-3eb86d6e3ca9" testListId="55883953-d345-4b96-9500-e929837a4386" />
    <TestEntry testId="c8879230-71cf-458a-915e-f6b7d73655c9" executionId="871ad584-948c-44a4-a598-603a39034143" testListId="55883953-d345-4b96-9500-e929837a4386" />
    <TestEntry testId="3e8017ab-e8f3-4dd1-bacb-a6dd016093a4" executionId="54bae94c-acba-42b5-998b-607395379b30" testListId="55883953-d345-4b96-9500-e929837a4386" />
    <TestEntry testId="ffa7a3f0-402e-4b5e-bf29-17763197f453" executionId="8ca3071f-1233-4be7-813e-d442506877e3" testListId="55883953-d345-4b96-9500-e929837a4386" />
    <TestEntry testId="b74496fe-a6cd-4f6d-9725-af59a91b200f" executionId="e9beb867-ddbb-463a-aea9-09ea7a8292d8" testListId="55883953-d345-4b96-9500-e929837a4386" />
    <TestEntry testId="92d22606-9a60-4a5a-8583-115134af8f88" executionId="a56e77ee-26f9-4522-96bd-c708251bcefa" testListId="55883953-d345-4b96-9500-e929837a4386" />
  </TestEntries>
  <TestLists>
    <TestList name="Results Not in a List" id="55883953-d345-4b96-9500-e929837a4386" />
    <TestList name="All Loaded Results" id="9e08e2c0-3bca-4cb8-8ab6-29b7adcd25c2" />
  </TestLists>
</TestRun>