<?xml version="1.0" encoding="UTF-8"?>
<TestRun id="a3a6d837-4190-4dc5-ab02-2e1351dd255a" name="Test Run 70" runUser="Oles Galatsan" xmlns="http://microsoft.com/schemas/VisualStudio/TeamTest/2010">
  <Times creation="2025-05-14T13:20:31.3125482Z" queuing="2025-05-14T13:20:31.3125482Z" start="2025-05-14T13:20:31.3146610Z" finish="2025-05-14T13:25:31.3147553Z" />
  <TestSettings name="Test Settings 70" id="867b80ad-dcf9-49a6-9a39-c11f268bb773" />
  <Results>
    <UnitTestResult executionId="7c08f3dc-964b-4411-aaf7-32970ec52f55" testId="5657770d-d41d-44ba-81be-049296a688b1" testName="Test6901" computerName="UA-LPT-OGA2" duration="00:00:00.6590000" startTime="2025-05-14T13:20:31.3146610Z" endTime="2025-05-14T13:25:31.3147553Z" testType="13cdc9d9-ddb5-4fa4-a97d-d965ccfc6d4b" outcome="Passed" testListId="157ed7b0-a83d-4ba6-9421-5dfb9bcd4e6a" />
    <UnitTestResult executionId="cdd6a31e-b1b2-487b-8772-bb87d67fccf2" testId="156ace01-29a6-4b69-a3d9-0241415e6afc" testName="Test6902" computerName="UA-LPT-OGA2" duration="00:00:00.9850000" startTime="2025-05-14T13:20:31.3146610Z" endTime="2025-05-14T13:25:31.3147553Z" testType="13cdc9d9-ddb5-4fa4-a97d-d965ccfc6d4b" outcome="Passed" testListId="157ed7b0-a83d-4ba6-9421-5dfb9bcd4e6a" />
    <UnitTestResult executionId="2a36a762-1bc4-4929-a398-f3111286a1b7" testId="8557bca9-ab0c-45f3-b315-c705dbda35d2" testName="Test6903" computerName="UA-LPT-OGA2" duration="00:00:01.4020000" startTime="2025-05-14T13:20:31.3146610Z" endTime="2025-05-14T13:25:31.3147553Z" testType="13cdc9d9-ddb5-4fa4-a97d-d965ccfc6d4b" outcome="Failed" testListId="157ed7b0-a83d-4ba6-9421-5dfb9bcd4e6a">
      <Output>
        <ErrorInfo>
          <Message>Assertion failed: Expected value did not match actual value.</Message>
          <StackTrace>   at TestNamespace.TestClass.Test() in TestClass.cs:line 199</StackTrace>
        </ErrorInfo>
      </Output>
    </UnitTestResult>
    <UnitTestResult executionId="1fcccd81-decb-4058-93fe-af4afa215a31" testId="9cc3fe92-263c-436a-88ca-162cda2d558f" testName="Test6904" computerName="UA-LPT-OGA2" duration="00:00:00.0130000" startTime="2025-05-14T13:20:31.3146610Z" endTime="2025-05-14T13:25:31.3147553Z" testType="13cdc9d9-ddb5-4fa4-a97d-d965ccfc6d4b" outcome="Passed" testListId="157ed7b0-a83d-4ba6-9421-5dfb9bcd4e6a" />
    <UnitTestResult executionId="b682eb8d-dced-4a13-8238-1c39b2901d1c" testId="738c3524-1f8e-4823-b7b0-3b97b8a54f10" testName="Test6905" computerName="UA-LPT-OGA2" duration="00:00:00.8020000" startTime="2025-05-14T13:20:31.3146610Z" endTime="2025-05-14T13:25:31.3147553Z" testType="13cdc9d9-ddb5-4fa4-a97d-d965ccfc6d4b" outcome="Passed" testListId="157ed7b0-a83d-4ba6-9421-5dfb9bcd4e6a" />
    <UnitTestResult executionId="3abc8d11-a9aa-40eb-b28c-ae455cbeba0e" testId="7ab86860-4f61-4ba4-ba98-01fe7b000901" testName="Test6906" computerName="UA-LPT-OGA2" duration="00:00:01.7510000" startTime="2025-05-14T13:20:31.3146610Z" endTime="2025-05-14T13:25:31.3147553Z" testType="13cdc9d9-ddb5-4fa4-a97d-d965ccfc6d4b" outcome="Passed" testListId="157ed7b0-a83d-4ba6-9421-5dfb9bcd4e6a" />
    <UnitTestResult executionId="4fa271ab-5d13-4756-9aab-84f18ba7d31f" testId="6b854de9-729c-401f-81a0-7b2e4ce8f85e" testName="Test6907" computerName="UA-LPT-OGA2" duration="00:00:00.3770000" startTime="2025-05-14T13:20:31.3146610Z" endTime="2025-05-14T13:25:31.3147553Z" testType="13cdc9d9-ddb5-4fa4-a97d-d965ccfc6d4b" outcome="Passed" testListId="157ed7b0-a83d-4ba6-9421-5dfb9bcd4e6a" />
    <UnitTestResult executionId="80f91dd4-7fc0-43a1-97d5-8c170e4de7b4" testId="2b80b724-601e-45ee-907e-62172a36aea8" testName="Test6908" computerName="UA-LPT-OGA2" duration="00:00:01.7940000" startTime="2025-05-14T13:20:31.3146610Z" endTime="2025-05-14T13:25:31.3147553Z" testType="13cdc9d9-ddb5-4fa4-a97d-d965ccfc6d4b" outcome="Passed" testListId="157ed7b0-a83d-4ba6-9421-5dfb9bcd4e6a" />
    <UnitTestResult executionId="5f655ad1-c0cd-4412-b206-4c50fa106142" testId="0b828684-a76d-45ca-bf2d-e7fd769d7588" testName="Test6909" computerName="UA-LPT-OGA2" duration="00:00:01.7410000" startTime="2025-05-14T13:20:31.3146610Z" endTime="2025-05-14T13:25:31.3147553Z" testType="13cdc9d9-ddb5-4fa4-a97d-d965ccfc6d4b" outcome="Inconclusive" testListId="157ed7b0-a83d-4ba6-9421-5dfb9bcd4e6a" />
    <UnitTestResult executionId="61584a1f-e192-4799-9a73-4031d26f29f0" testId="c1848167-b86d-49d4-98ee-cd0328ce03d5" testName="Test6910" computerName="UA-LPT-OGA2" duration="00:00:01.6050000" startTime="2025-05-14T13:20:31.3146610Z" endTime="2025-05-14T13:25:31.3147553Z" testType="13cdc9d9-ddb5-4fa4-a97d-d965ccfc6d4b" outcome="Passed" testListId="157ed7b0-a83d-4ba6-9421-5dfb9bcd4e6a" />
    <UnitTestResult executionId="08fb6595-79a0-41c7-9f5d-8dcbbd79144a" testId="711e0c27-c831-42b6-94b2-c2ad03735533" testName="Test6911" computerName="UA-LPT-OGA2" duration="00:00:01.5040000" startTime="2025-05-14T13:20:31.3146610Z" endTime="2025-05-14T13:25:31.3147553Z" testType="13cdc9d9-ddb5-4fa4-a97d-d965ccfc6d4b" outcome="Passed" testListId="157ed7b0-a83d-4ba6-9421-5dfb9bcd4e6a" />
    <UnitTestResult executionId="df9dd231-9793-4ae2-81e4-3582b4316374" testId="03d07aab-3e17-47f9-ac19-64c8558aaedc" testName="Test6912" computerName="UA-LPT-OGA2" duration="00:00:01.7950000" startTime="2025-05-14T13:20:31.3146610Z" endTime="2025-05-14T13:25:31.3147553Z" testType="13cdc9d9-ddb5-4fa4-a97d-d965ccfc6d4b" outcome="Passed" testListId="157ed7b0-a83d-4ba6-9421-5dfb9bcd4e6a" />
    <UnitTestResult executionId="2a4aad9c-4376-4c3d-ba13-21281ba73bd4" testId="f03abdde-c7e5-4a09-af48-9e2eda363fb4" testName="Test6913" computerName="UA-LPT-OGA2" duration="00:00:00.6570000" startTime="2025-05-14T13:20:31.3146610Z" endTime="2025-05-14T13:25:31.3147553Z" testType="13cdc9d9-ddb5-4fa4-a97d-d965ccfc6d4b" outcome="Passed" testListId="157ed7b0-a83d-4ba6-9421-5dfb9bcd4e6a" />
    <UnitTestResult executionId="855bf547-5ba7-47bc-9413-d9ab7abfb714" testId="a545a565-2a99-489f-b976-b56936ce7464" testName="Test6914" computerName="UA-LPT-OGA2" duration="00:00:00.9930000" startTime="2025-05-14T13:20:31.3146610Z" endTime="2025-05-14T13:25:31.3147553Z" testType="13cdc9d9-ddb5-4fa4-a97d-d965ccfc6d4b" outcome="Passed" testListId="157ed7b0-a83d-4ba6-9421-5dfb9bcd4e6a" />
    <UnitTestResult executionId="e1963b37-4b55-4692-892a-aab0fd8c61b0" testId="35a06398-e81a-4d4f-84f2-00ffe254c01d" testName="Test6915" computerName="UA-LPT-OGA2" duration="00:00:00.7150000" startTime="2025-05-14T13:20:31.3146610Z" endTime="2025-05-14T13:25:31.3147553Z" testType="13cdc9d9-ddb5-4fa4-a97d-d965ccfc6d4b" outcome="Passed" testListId="157ed7b0-a83d-4ba6-9421-5dfb9bcd4e6a" />
    <UnitTestResult executionId="74881c8e-fbc9-421d-9343-12f15ad3f6c6" testId="348e2c1a-67ca-4484-be0f-64a09994a028" testName="Test6916" computerName="UA-LPT-OGA2" duration="00:00:00.1180000" startTime="2025-05-14T13:20:31.3146610Z" endTime="2025-05-14T13:25:31.3147553Z" testType="13cdc9d9-ddb5-4fa4-a97d-d965ccfc6d4b" outcome="Passed" testListId="157ed7b0-a83d-4ba6-9421-5dfb9bcd4e6a" />
    <UnitTestResult executionId="350762a8-9441-48bb-b502-9969d1768876" testId="6ccb0f77-ded5-43e8-86f8-13ff37c426b0" testName="Test6917" computerName="UA-LPT-OGA2" duration="00:00:01.2510000" startTime="2025-05-14T13:20:31.3146610Z" endTime="2025-05-14T13:25:31.3147553Z" testType="13cdc9d9-ddb5-4fa4-a97d-d965ccfc6d4b" outcome="Passed" testListId="157ed7b0-a83d-4ba6-9421-5dfb9bcd4e6a" />
    <UnitTestResult executionId="3bdc8afe-b02a-48d0-8a72-69b346c5fd35" testId="ea725438-65fa-4cdd-bb2c-ed0154c76472" testName="Test6918" computerName="UA-LPT-OGA2" duration="00:00:01.4360000" startTime="2025-05-14T13:20:31.3146610Z" endTime="2025-05-14T13:25:31.3147553Z" testType="13cdc9d9-ddb5-4fa4-a97d-d965ccfc6d4b" outcome="Passed" testListId="157ed7b0-a83d-4ba6-9421-5dfb9bcd4e6a" />
    <UnitTestResult executionId="76e05f7a-c580-46aa-b124-47d25459fca0" testId="c2a823ee-c720-4b14-82aa-d855b27e9488" testName="Test6919" computerName="UA-LPT-OGA2" duration="00:00:00.5430000" startTime="2025-05-14T13:20:31.3146610Z" endTime="2025-05-14T13:25:31.3147553Z" testType="13cdc9d9-ddb5-4fa4-a97d-d965ccfc6d4b" outcome="Inconclusive" testListId="157ed7b0-a83d-4ba6-9421-5dfb9bcd4e6a" />
    <UnitTestResult executionId="67580eb0-0266-47fb-87ee-790d69e4708d" testId="b21d735b-673f-4362-a876-86eb3da3d9e2" testName="Test6920" computerName="UA-LPT-OGA2" duration="00:00:01.5920000" startTime="2025-05-14T13:20:31.3146610Z" endTime="2025-05-14T13:25:31.3147553Z" testType="13cdc9d9-ddb5-4fa4-a97d-d965ccfc6d4b" outcome="Passed" testListId="157ed7b0-a83d-4ba6-9421-5dfb9bcd4e6a" />
    <UnitTestResult executionId="48c08ecd-e548-430b-aba4-5e32a3046ba5" testId="a95d0c4c-b6ef-47c3-8d4e-12c3079aedda" testName="Test6921" computerName="UA-LPT-OGA2" duration="00:00:00.4680000" startTime="2025-05-14T13:20:31.3146610Z" endTime="2025-05-14T13:25:31.3147553Z" testType="13cdc9d9-ddb5-4fa4-a97d-d965ccfc6d4b" outcome="Passed" testListId="157ed7b0-a83d-4ba6-9421-5dfb9bcd4e6a" />
    <UnitTestResult executionId="7cf6d5ca-ed86-4387-8515-d56f1fc8f5aa" testId="9d7698e2-e03a-49d8-8812-52826279e644" testName="Test6922" computerName="UA-LPT-OGA2" duration="00:00:00.5560000" startTime="2025-05-14T13:20:31.3146610Z" endTime="2025-05-14T13:25:31.3147553Z" testType="13cdc9d9-ddb5-4fa4-a97d-d965ccfc6d4b" outcome="Passed" testListId="157ed7b0-a83d-4ba6-9421-5dfb9bcd4e6a" />
    <UnitTestResult executionId="9bd01958-552d-4a86-8348-0821006ecbf4" testId="2a2187e3-a39e-49c7-8723-ad7783256a04" testName="Test6923" computerName="UA-LPT-OGA2" duration="00:00:00.3720000" startTime="2025-05-14T13:20:31.3146610Z" endTime="2025-05-14T13:25:31.3147553Z" testType="13cdc9d9-ddb5-4fa4-a97d-d965ccfc6d4b" outcome="Failed" testListId="157ed7b0-a83d-4ba6-9421-5dfb9bcd4e6a">
      <Output>
        <ErrorInfo>
          <Message>Assertion failed: Expected value did not match actual value.</Message>
          <StackTrace>   at TestNamespace.TestClass.Test() in TestClass.cs:line 459</StackTrace>
        </ErrorInfo>
      </Output>
    </UnitTestResult>
    <UnitTestResult executionId="bcf9616d-3bd8-4db7-827c-c8154c4ab436" testId="51caad66-6032-4a38-80d5-fb6bc459aae8" testName="Test6924" computerName="UA-LPT-OGA2" duration="00:00:00.3840000" startTime="2025-05-14T13:20:31.3146610Z" endTime="2025-05-14T13:25:31.3147553Z" testType="13cdc9d9-ddb5-4fa4-a97d-d965ccfc6d4b" outcome="Passed" testListId="157ed7b0-a83d-4ba6-9421-5dfb9bcd4e6a" />
    <UnitTestResult executionId="29748652-06c7-4436-8887-e93b0b7f1be6" testId="a2a6ba3c-d241-4786-9123-44d2f3d01b00" testName="Test6925" computerName="UA-LPT-OGA2" duration="00:00:01.1920000" startTime="2025-05-14T13:20:31.3146610Z" endTime="2025-05-14T13:25:31.3147553Z" testType="13cdc9d9-ddb5-4fa4-a97d-d965ccfc6d4b" outcome="Passed" testListId="157ed7b0-a83d-4ba6-9421-5dfb9bcd4e6a" />
    <UnitTestResult executionId="b7334061-af9e-43fa-85f2-de6ef65827ed" testId="09126c0c-5cda-44b3-b0f5-0f39efea6b57" testName="Test6926" computerName="UA-LPT-OGA2" duration="00:00:01.2200000" startTime="2025-05-14T13:20:31.3146610Z" endTime="2025-05-14T13:25:31.3147553Z" testType="13cdc9d9-ddb5-4fa4-a97d-d965ccfc6d4b" outcome="Passed" testListId="157ed7b0-a83d-4ba6-9421-5dfb9bcd4e6a" />
    <UnitTestResult executionId="84974ab9-9140-45cf-b680-19d4e9608de6" testId="50957221-e091-4c87-a99b-e314272c6e42" testName="Test6927" computerName="UA-LPT-OGA2" duration="00:00:00.6250000" startTime="2025-05-14T13:20:31.3146610Z" endTime="2025-05-14T13:25:31.3147553Z" testType="13cdc9d9-ddb5-4fa4-a97d-d965ccfc6d4b" outcome="Passed" testListId="157ed7b0-a83d-4ba6-9421-5dfb9bcd4e6a" />
    <UnitTestResult executionId="cb0229ce-b1c5-4d0e-a891-5b6d40da67b6" testId="682b6a02-888e-4db1-b4ea-ede9f53c4550" testName="Test6928" computerName="UA-LPT-OGA2" duration="00:00:01.5720000" startTime="2025-05-14T13:20:31.3146610Z" endTime="2025-05-14T13:25:31.3147553Z" testType="13cdc9d9-ddb5-4fa4-a97d-d965ccfc6d4b" outcome="Passed" testListId="157ed7b0-a83d-4ba6-9421-5dfb9bcd4e6a" />
    <UnitTestResult executionId="ad69eff4-c383-4fa9-a13d-d7cc81e18ff6" testId="434b4af7-0e27-4d01-bca4-9e8af79a96b7" testName="Test6929" computerName="UA-LPT-OGA2" duration="00:00:01.4980000" startTime="2025-05-14T13:20:31.3146610Z" endTime="2025-05-14T13:25:31.3147553Z" testType="13cdc9d9-ddb5-4fa4-a97d-d965ccfc6d4b" outcome="Failed" testListId="157ed7b0-a83d-4ba6-9421-5dfb9bcd4e6a">
      <Output>
        <ErrorInfo>
          <Message>Assertion failed: Expected value did not match actual value.</Message>
          <StackTrace>   at TestNamespace.TestClass.Test() in TestClass.cs:line 136</StackTrace>
        </ErrorInfo>
      </Output>
    </UnitTestResult>
    <UnitTestResult executionId="55a48814-23a6-46a6-b4ed-98491f26a3bf" testId="9ce38cd2-57ec-42dc-b933-f774fb74db10" testName="Test6930" computerName="UA-LPT-OGA2" duration="00:00:00.3880000" startTime="2025-05-14T13:20:31.3146610Z" endTime="2025-05-14T13:25:31.3147553Z" testType="13cdc9d9-ddb5-4fa4-a97d-d965ccfc6d4b" outcome="Passed" testListId="157ed7b0-a83d-4ba6-9421-5dfb9bcd4e6a" />
    <UnitTestResult executionId="e6bdf9a5-ea26-41a7-83f7-e3156c64b6ec" testId="200de0ea-b1f7-4c1a-9de4-09eb3849ccf1" testName="Test6931" computerName="UA-LPT-OGA2" duration="00:00:01.2800000" startTime="2025-05-14T13:20:31.3146610Z" endTime="2025-05-14T13:25:31.3147553Z" testType="13cdc9d9-ddb5-4fa4-a97d-d965ccfc6d4b" outcome="Passed" testListId="157ed7b0-a83d-4ba6-9421-5dfb9bcd4e6a" />
    <UnitTestResult executionId="3deb1616-e25d-4b2c-890d-4464c69fc6a0" testId="1609d9f3-b709-4a75-a3d8-9525641e8e25" testName="Test6932" computerName="UA-LPT-OGA2" duration="00:00:01.2740000" startTime="2025-05-14T13:20:31.3146610Z" endTime="2025-05-14T13:25:31.3147553Z" testType="13cdc9d9-ddb5-4fa4-a97d-d965ccfc6d4b" outcome="Passed" testListId="157ed7b0-a83d-4ba6-9421-5dfb9bcd4e6a" />
    <UnitTestResult executionId="184b5b71-2937-43f1-8a6f-8dfb58244db1" testId="dc33661d-f558-4df7-b4cd-8fabe964be11" testName="Test6933" computerName="UA-LPT-OGA2" duration="00:00:01.0800000" startTime="2025-05-14T13:20:31.3146610Z" endTime="2025-05-14T13:25:31.3147553Z" testType="13cdc9d9-ddb5-4fa4-a97d-d965ccfc6d4b" outcome="Passed" testListId="157ed7b0-a83d-4ba6-9421-5dfb9bcd4e6a" />
    <UnitTestResult executionId="fc315ed8-4759-46ce-a26f-b129c0e2cfcb" testId="afee4c4e-87ca-4677-b79d-8a95d72504f4" testName="Test6934" computerName="UA-LPT-OGA2" duration="00:00:01.8880000" startTime="2025-05-14T13:20:31.3146610Z" endTime="2025-05-14T13:25:31.3147553Z" testType="13cdc9d9-ddb5-4fa4-a97d-d965ccfc6d4b" outcome="Passed" testListId="157ed7b0-a83d-4ba6-9421-5dfb9bcd4e6a" />
    <UnitTestResult executionId="f2b142a0-e376-4a07-b51f-74f6d0cac3df" testId="b71d52d5-060a-4b35-94ef-e373f359f2a2" testName="Test6935" computerName="UA-LPT-OGA2" duration="00:00:01.0910000" startTime="2025-05-14T13:20:31.3146610Z" endTime="2025-05-14T13:25:31.3147553Z" testType="13cdc9d9-ddb5-4fa4-a97d-d965ccfc6d4b" outcome="Passed" testListId="157ed7b0-a83d-4ba6-9421-5dfb9bcd4e6a" />
    <UnitTestResult executionId="a84ba568-b5db-48f0-943b-61bdd37a9509" testId="5e175c75-729f-49ac-aca8-5cf458b70c93" testName="Test6936" computerName="UA-LPT-OGA2" duration="00:00:01.2370000" startTime="2025-05-14T13:20:31.3146610Z" endTime="2025-05-14T13:25:31.3147553Z" testType="13cdc9d9-ddb5-4fa4-a97d-d965ccfc6d4b" outcome="Passed" testListId="157ed7b0-a83d-4ba6-9421-5dfb9bcd4e6a" />
    <UnitTestResult executionId="c2b95b42-5104-43c6-8be1-52967be81a96" testId="0cf8ca0f-5641-4886-ab0d-97cac4c95cf1" testName="Test6937" computerName="UA-LPT-OGA2" duration="00:00:00.0450000" startTime="2025-05-14T13:20:31.3146610Z" endTime="2025-05-14T13:25:31.3147553Z" testType="13cdc9d9-ddb5-4fa4-a97d-d965ccfc6d4b" outcome="Passed" testListId="157ed7b0-a83d-4ba6-9421-5dfb9bcd4e6a" />
    <UnitTestResult executionId="16c3e314-fec4-406c-b63a-5be718685e52" testId="63a088e3-cef4-40e3-8eee-231a567daf04" testName="Test6938" computerName="UA-LPT-OGA2" duration="00:00:00.5280000" startTime="2025-05-14T13:20:31.3146610Z" endTime="2025-05-14T13:25:31.3147553Z" testType="13cdc9d9-ddb5-4fa4-a97d-d965ccfc6d4b" outcome="Passed" testListId="157ed7b0-a83d-4ba6-9421-5dfb9bcd4e6a" />
    <UnitTestResult executionId="661cd9d9-a1c0-430b-8abd-644f0b2c1641" testId="421648bf-1aba-4673-8f71-3eacb90b6682" testName="Test6939" computerName="UA-LPT-OGA2" duration="00:00:00.1550000" startTime="2025-05-14T13:20:31.3146610Z" endTime="2025-05-14T13:25:31.3147553Z" testType="13cdc9d9-ddb5-4fa4-a97d-d965ccfc6d4b" outcome="Passed" testListId="157ed7b0-a83d-4ba6-9421-5dfb9bcd4e6a" />
    <UnitTestResult executionId="2b3a4866-8eb7-445b-a8ff-bb4887e03cbd" testId="bed66970-0fcc-4f8a-8234-55903769bd35" testName="Test6940" computerName="UA-LPT-OGA2" duration="00:00:01.3310000" startTime="2025-05-14T13:20:31.3146610Z" endTime="2025-05-14T13:25:31.3147553Z" testType="13cdc9d9-ddb5-4fa4-a97d-d965ccfc6d4b" outcome="Passed" testListId="157ed7b0-a83d-4ba6-9421-5dfb9bcd4e6a" />
    <UnitTestResult executionId="23162755-f512-4f8f-9c32-59f8a00fb4dc" testId="23626073-4863-4c7a-b0b5-7556857d9b55" testName="Test6941" computerName="UA-LPT-OGA2" duration="00:00:00.5810000" startTime="2025-05-14T13:20:31.3146610Z" endTime="2025-05-14T13:25:31.3147553Z" testType="13cdc9d9-ddb5-4fa4-a97d-d965ccfc6d4b" outcome="Passed" testListId="157ed7b0-a83d-4ba6-9421-5dfb9bcd4e6a" />
    <UnitTestResult executionId="7563d58d-5aed-4f2a-8557-21562685b8e1" testId="6fd8e3de-2f86-4352-8e75-43adaf656475" testName="Test6942" computerName="UA-LPT-OGA2" duration="00:00:00.9550000" startTime="2025-05-14T13:20:31.3146610Z" endTime="2025-05-14T13:25:31.3147553Z" testType="13cdc9d9-ddb5-4fa4-a97d-d965ccfc6d4b" outcome="Passed" testListId="157ed7b0-a83d-4ba6-9421-5dfb9bcd4e6a" />
    <UnitTestResult executionId="32804c1f-d8ca-4e26-9807-ca59cba09f9b" testId="c9dc14f1-af65-4606-a8a0-976e24b54cbd" testName="Test6943" computerName="UA-LPT-OGA2" duration="00:00:01.7790000" startTime="2025-05-14T13:20:31.3146610Z" endTime="2025-05-14T13:25:31.3147553Z" testType="13cdc9d9-ddb5-4fa4-a97d-d965ccfc6d4b" outcome="Passed" testListId="157ed7b0-a83d-4ba6-9421-5dfb9bcd4e6a" />
    <UnitTestResult executionId="73db76bc-5b38-4fc4-bbfc-a75e43704585" testId="ed45d7ff-eb62-489f-92e7-0e826d7adb59" testName="Test6944" computerName="UA-LPT-OGA2" duration="00:00:00.9480000" startTime="2025-05-14T13:20:31.3146610Z" endTime="2025-05-14T13:25:31.3147553Z" testType="13cdc9d9-ddb5-4fa4-a97d-d965ccfc6d4b" outcome="Passed" testListId="157ed7b0-a83d-4ba6-9421-5dfb9bcd4e6a" />
    <UnitTestResult executionId="5faac3ff-8057-4b23-914a-f4b843f9ed18" testId="fa9e5f22-10dd-43af-ba87-243cc81f1cb8" testName="Test6945" computerName="UA-LPT-OGA2" duration="00:00:00.2270000" startTime="2025-05-14T13:20:31.3146610Z" endTime="2025-05-14T13:25:31.3147553Z" testType="13cdc9d9-ddb5-4fa4-a97d-d965ccfc6d4b" outcome="Passed" testListId="157ed7b0-a83d-4ba6-9421-5dfb9bcd4e6a" />
    <UnitTestResult executionId="d1b1d208-21c3-42ee-9066-cd7b3b2d19b6" testId="0a7f1315-5e02-41d9-b7ed-252743727f42" testName="Test6946" computerName="UA-LPT-OGA2" duration="00:00:01.1220000" startTime="2025-05-14T13:20:31.3146610Z" endTime="2025-05-14T13:25:31.3147553Z" testType="13cdc9d9-ddb5-4fa4-a97d-d965ccfc6d4b" outcome="Passed" testListId="157ed7b0-a83d-4ba6-9421-5dfb9bcd4e6a" />
    <UnitTestResult executionId="8ec8d5e3-eb52-4bea-aa1f-cf3875ea70b6" testId="2bc854a4-b8f1-409e-aea7-504b6ead49f1" testName="Test6947" computerName="UA-LPT-OGA2" duration="00:00:01.5890000" startTime="2025-05-14T13:20:31.3146610Z" endTime="2025-05-14T13:25:31.3147553Z" testType="13cdc9d9-ddb5-4fa4-a97d-d965ccfc6d4b" outcome="Passed" testListId="157ed7b0-a83d-4ba6-9421-5dfb9bcd4e6a" />
    <UnitTestResult executionId="2fd60fbd-930e-43fa-abb0-67d80e681165" testId="1089f3dc-5cf3-40cf-9889-235e95b3377e" testName="Test6948" computerName="UA-LPT-OGA2" duration="00:00:00.8500000" startTime="2025-05-14T13:20:31.3146610Z" endTime="2025-05-14T13:25:31.3147553Z" testType="13cdc9d9-ddb5-4fa4-a97d-d965ccfc6d4b" outcome="Passed" testListId="157ed7b0-a83d-4ba6-9421-5dfb9bcd4e6a" />
    <UnitTestResult executionId="2b668a45-a881-4dfa-ae38-7d338c8ba208" testId="78b8d1d7-1866-45a8-ba51-946d64839d52" testName="Test6949" computerName="UA-LPT-OGA2" duration="00:00:00.7980000" startTime="2025-05-14T13:20:31.3146610Z" endTime="2025-05-14T13:25:31.3147553Z" testType="13cdc9d9-ddb5-4fa4-a97d-d965ccfc6d4b" outcome="Passed" testListId="157ed7b0-a83d-4ba6-9421-5dfb9bcd4e6a" />
    <UnitTestResult executionId="36366d55-b9c5-40f8-9516-f825ed850cfa" testId="c211927d-0905-4a30-a9f5-7452eb6473eb" testName="Test6950" computerName="UA-LPT-OGA2" duration="00:00:01.7860000" startTime="2025-05-14T13:20:31.3146610Z" endTime="2025-05-14T13:25:31.3147553Z" testType="13cdc9d9-ddb5-4fa4-a97d-d965ccfc6d4b" outcome="Failed" testListId="157ed7b0-a83d-4ba6-9421-5dfb9bcd4e6a">
      <Output>
        <ErrorInfo>
          <Message>Assertion failed: Expected value did not match actual value.</Message>
          <StackTrace>   at TestNamespace.TestClass.Test() in TestClass.cs:line 460</StackTrace>
        </ErrorInfo>
      </Output>
    </UnitTestResult>
    <UnitTestResult executionId="a281372f-7316-41fd-a555-8e9453cf7f81" testId="e8e931e4-e719-4a88-bd3f-b4638cbf1ab0" testName="Test6951" computerName="UA-LPT-OGA2" duration="00:00:01.6350000" startTime="2025-05-14T13:20:31.3146610Z" endTime="2025-05-14T13:25:31.3147553Z" testType="13cdc9d9-ddb5-4fa4-a97d-d965ccfc6d4b" outcome="Passed" testListId="157ed7b0-a83d-4ba6-9421-5dfb9bcd4e6a" />
    <UnitTestResult executionId="ab0bd10c-27ca-460a-8a02-6d59f131db97" testId="52f5ba2d-b7b7-46ce-916b-501dc27b9945" testName="Test6952" computerName="UA-LPT-OGA2" duration="00:00:00.7990000" startTime="2025-05-14T13:20:31.3146610Z" endTime="2025-05-14T13:25:31.3147553Z" testType="13cdc9d9-ddb5-4fa4-a97d-d965ccfc6d4b" outcome="Passed" testListId="157ed7b0-a83d-4ba6-9421-5dfb9bcd4e6a" />
    <UnitTestResult executionId="4115435a-1937-47cf-82ab-5fed2a1cc063" testId="77756539-85b1-48da-92bf-f64ff554b440" testName="Test6953" computerName="UA-LPT-OGA2" duration="00:00:01.4050000" startTime="2025-05-14T13:20:31.3146610Z" endTime="2025-05-14T13:25:31.3147553Z" testType="13cdc9d9-ddb5-4fa4-a97d-d965ccfc6d4b" outcome="Passed" testListId="157ed7b0-a83d-4ba6-9421-5dfb9bcd4e6a" />
    <UnitTestResult executionId="d9150b04-3b53-4bb9-8d9e-e7861d3a0ca9" testId="3c99dd9e-cc1b-4fc3-ad90-af5535443122" testName="Test6954" computerName="UA-LPT-OGA2" duration="00:00:01.1850000" startTime="2025-05-14T13:20:31.3146610Z" endTime="2025-05-14T13:25:31.3147553Z" testType="13cdc9d9-ddb5-4fa4-a97d-d965ccfc6d4b" outcome="Passed" testListId="157ed7b0-a83d-4ba6-9421-5dfb9bcd4e6a" />
    <UnitTestResult executionId="02d81f19-7f8a-4006-9c06-3335eaac2af2" testId="219bd438-c2cb-418f-ae7a-4c307082c452" testName="Test6955" computerName="UA-LPT-OGA2" duration="00:00:01.6910000" startTime="2025-05-14T13:20:31.3146610Z" endTime="2025-05-14T13:25:31.3147553Z" testType="13cdc9d9-ddb5-4fa4-a97d-d965ccfc6d4b" outcome="Passed" testListId="157ed7b0-a83d-4ba6-9421-5dfb9bcd4e6a" />
    <UnitTestResult executionId="a48d8569-f4c9-40b5-b2e0-8882e4be007a" testId="4ff76ce8-5ab0-40ff-8516-6b6e4c06e4f4" testName="Test6956" computerName="UA-LPT-OGA2" duration="00:00:00.6570000" startTime="2025-05-14T13:20:31.3146610Z" endTime="2025-05-14T13:25:31.3147553Z" testType="13cdc9d9-ddb5-4fa4-a97d-d965ccfc6d4b" outcome="Passed" testListId="157ed7b0-a83d-4ba6-9421-5dfb9bcd4e6a" />
    <UnitTestResult executionId="ca4f8df6-4cd0-4e73-ad06-ab5b675219ed" testId="3e52335a-bd82-4677-9ced-8a6fd53ab0f9" testName="Test6957" computerName="UA-LPT-OGA2" duration="00:00:01.0010000" startTime="2025-05-14T13:20:31.3146610Z" endTime="2025-05-14T13:25:31.3147553Z" testType="13cdc9d9-ddb5-4fa4-a97d-d965ccfc6d4b" outcome="Passed" testListId="157ed7b0-a83d-4ba6-9421-5dfb9bcd4e6a" />
    <UnitTestResult executionId="e6dd703d-cd2d-446b-9c16-76d423d3396e" testId="bcd623a2-7a05-4900-aea3-206cc77bd656" testName="Test6958" computerName="UA-LPT-OGA2" duration="00:00:00.3850000" startTime="2025-05-14T13:20:31.3146610Z" endTime="2025-05-14T13:25:31.3147553Z" testType="13cdc9d9-ddb5-4fa4-a97d-d965ccfc6d4b" outcome="Passed" testListId="157ed7b0-a83d-4ba6-9421-5dfb9bcd4e6a" />
    <UnitTestResult executionId="4a0f99e4-8e7f-4d49-8182-796fa4998d67" testId="262a5c4f-c934-4a92-9310-778f11ee3f2e" testName="Test6959" computerName="UA-LPT-OGA2" duration="00:00:01.7710000" startTime="2025-05-14T13:20:31.3146610Z" endTime="2025-05-14T13:25:31.3147553Z" testType="13cdc9d9-ddb5-4fa4-a97d-d965ccfc6d4b" outcome="Passed" testListId="157ed7b0-a83d-4ba6-9421-5dfb9bcd4e6a" />
    <UnitTestResult executionId="39c32855-cce4-4d3f-80fd-cd2e25dbccac" testId="d63eb5fa-3b98-42ce-bbb0-5bb277fd7464" testName="Test6960" computerName="UA-LPT-OGA2" duration="00:00:01.9050000" startTime="2025-05-14T13:20:31.3146610Z" endTime="2025-05-14T13:25:31.3147553Z" testType="13cdc9d9-ddb5-4fa4-a97d-d965ccfc6d4b" outcome="Passed" testListId="157ed7b0-a83d-4ba6-9421-5dfb9bcd4e6a" />
    <UnitTestResult executionId="323f2c9b-f967-4003-9b3a-06a11eef1da8" testId="98a5252d-5f05-47e6-b107-df5d5dcd44ac" testName="Test6961" computerName="UA-LPT-OGA2" duration="00:00:00.4100000" startTime="2025-05-14T13:20:31.3146610Z" endTime="2025-05-14T13:25:31.3147553Z" testType="13cdc9d9-ddb5-4fa4-a97d-d965ccfc6d4b" outcome="Passed" testListId="157ed7b0-a83d-4ba6-9421-5dfb9bcd4e6a" />
    <UnitTestResult executionId="434b5012-2291-4c40-bdbd-d6028333c17c" testId="50783123-347d-4b53-b090-a9af544ba243" testName="Test6962" computerName="UA-LPT-OGA2" duration="00:00:01.7510000" startTime="2025-05-14T13:20:31.3146610Z" endTime="2025-05-14T13:25:31.3147553Z" testType="13cdc9d9-ddb5-4fa4-a97d-d965ccfc6d4b" outcome="Passed" testListId="157ed7b0-a83d-4ba6-9421-5dfb9bcd4e6a" />
    <UnitTestResult executionId="deaca864-a826-4b7d-b794-2d348583be43" testId="bdebe322-7e71-41fa-9cb7-bbcf0baef542" testName="Test6963" computerName="UA-LPT-OGA2" duration="00:00:00.9940000" startTime="2025-05-14T13:20:31.3146610Z" endTime="2025-05-14T13:25:31.3147553Z" testType="13cdc9d9-ddb5-4fa4-a97d-d965ccfc6d4b" outcome="Passed" testListId="157ed7b0-a83d-4ba6-9421-5dfb9bcd4e6a" />
    <UnitTestResult executionId="0c08008d-5f08-4866-a21f-319370bd793f" testId="cd997ab4-29f6-4af7-acfe-d81b84fa346a" testName="Test6964" computerName="UA-LPT-OGA2" duration="00:00:00.5580000" startTime="2025-05-14T13:20:31.3146610Z" endTime="2025-05-14T13:25:31.3147553Z" testType="13cdc9d9-ddb5-4fa4-a97d-d965ccfc6d4b" outcome="Passed" testListId="157ed7b0-a83d-4ba6-9421-5dfb9bcd4e6a" />
    <UnitTestResult executionId="81373faa-0c6b-4f04-854a-778f1bef05fd" testId="e4c00694-941e-45df-a162-e9416e62f2f0" testName="Test6965" computerName="UA-LPT-OGA2" duration="00:00:00.4450000" startTime="2025-05-14T13:20:31.3146610Z" endTime="2025-05-14T13:25:31.3147553Z" testType="13cdc9d9-ddb5-4fa4-a97d-d965ccfc6d4b" outcome="Failed" testListId="157ed7b0-a83d-4ba6-9421-5dfb9bcd4e6a">
      <Output>
        <ErrorInfo>
          <Message>Assertion failed: Expected value did not match actual value.</Message>
          <StackTrace>   at TestNamespace.TestClass.Test() in TestClass.cs:line 177</StackTrace>
        </ErrorInfo>
      </Output>
    </UnitTestResult>
    <UnitTestResult executionId="d7d0b46b-40e6-47b4-b577-924b4ea0566a" testId="8809b1d3-4c38-4828-b13d-2f1509669998" testName="Test6966" computerName="UA-LPT-OGA2" duration="00:00:00.6220000" startTime="2025-05-14T13:20:31.3146610Z" endTime="2025-05-14T13:25:31.3147553Z" testType="13cdc9d9-ddb5-4fa4-a97d-d965ccfc6d4b" outcome="Failed" testListId="157ed7b0-a83d-4ba6-9421-5dfb9bcd4e6a">
      <Output>
        <ErrorInfo>
          <Message>Assertion failed: Expected value did not match actual value.</Message>
          <StackTrace>   at TestNamespace.TestClass.Test() in TestClass.cs:line 269</StackTrace>
        </ErrorInfo>
      </Output>
    </UnitTestResult>
    <UnitTestResult executionId="16c59f87-f2b3-42dd-9e6e-a2aa1abf351a" testId="cd60f58f-ab5c-4f04-b30b-0694b6856208" testName="Test6967" computerName="UA-LPT-OGA2" duration="00:00:00.2370000" startTime="2025-05-14T13:20:31.3146610Z" endTime="2025-05-14T13:25:31.3147553Z" testType="13cdc9d9-ddb5-4fa4-a97d-d965ccfc6d4b" outcome="Passed" testListId="157ed7b0-a83d-4ba6-9421-5dfb9bcd4e6a" />
    <UnitTestResult executionId="c3fbf81b-60dc-422a-8059-5c0c85e3811a" testId="8a93429c-2251-4fc9-b67b-326e8c1386d8" testName="Test6968" computerName="UA-LPT-OGA2" duration="00:00:00.3410000" startTime="2025-05-14T13:20:31.3146610Z" endTime="2025-05-14T13:25:31.3147553Z" testType="13cdc9d9-ddb5-4fa4-a97d-d965ccfc6d4b" outcome="Passed" testListId="157ed7b0-a83d-4ba6-9421-5dfb9bcd4e6a" />
    <UnitTestResult executionId="c52deac0-b584-4fc3-803b-b8ade24e5308" testId="c0507325-bfee-44c5-9cac-5bd5ee6acd46" testName="Test6969" computerName="UA-LPT-OGA2" duration="00:00:00.3460000" startTime="2025-05-14T13:20:31.3146610Z" endTime="2025-05-14T13:25:31.3147553Z" testType="13cdc9d9-ddb5-4fa4-a97d-d965ccfc6d4b" outcome="Failed" testListId="157ed7b0-a83d-4ba6-9421-5dfb9bcd4e6a">
      <Output>
        <ErrorInfo>
          <Message>Assertion failed: Expected value did not match actual value.</Message>
          <StackTrace>   at TestNamespace.TestClass.Test() in TestClass.cs:line 243</StackTrace>
        </ErrorInfo>
      </Output>
    </UnitTestResult>
    <UnitTestResult executionId="307e0661-94a7-4d1d-bbd1-4290279af5fe" testId="ab97ad13-88ca-4bcf-9877-c8532c97b172" testName="Test6970" computerName="UA-LPT-OGA2" duration="00:00:00.4240000" startTime="2025-05-14T13:20:31.3146610Z" endTime="2025-05-14T13:25:31.3147553Z" testType="13cdc9d9-ddb5-4fa4-a97d-d965ccfc6d4b" outcome="Passed" testListId="157ed7b0-a83d-4ba6-9421-5dfb9bcd4e6a" />
    <UnitTestResult executionId="7bb6bdce-7291-44f2-b169-39a2d073b0cf" testId="aa73d13d-d0ba-421b-ac35-234fe6cbd400" testName="Test6971" computerName="UA-LPT-OGA2" duration="00:00:00.5280000" startTime="2025-05-14T13:20:31.3146610Z" endTime="2025-05-14T13:25:31.3147553Z" testType="13cdc9d9-ddb5-4fa4-a97d-d965ccfc6d4b" outcome="Passed" testListId="157ed7b0-a83d-4ba6-9421-5dfb9bcd4e6a" />
    <UnitTestResult executionId="1b8f4ff4-4888-4ed1-acbc-af16d9c50bbc" testId="e423065f-242a-4c4c-84d6-be459f5ad087" testName="Test6972" computerName="UA-LPT-OGA2" duration="00:00:00.2270000" startTime="2025-05-14T13:20:31.3146610Z" endTime="2025-05-14T13:25:31.3147553Z" testType="13cdc9d9-ddb5-4fa4-a97d-d965ccfc6d4b" outcome="Failed" testListId="157ed7b0-a83d-4ba6-9421-5dfb9bcd4e6a">
      <Output>
        <ErrorInfo>
          <Message>Assertion failed: Expected value did not match actual value.</Message>
          <StackTrace>   at TestNamespace.TestClass.Test() in TestClass.cs:line 161</StackTrace>
        </ErrorInfo>
      </Output>
    </UnitTestResult>
    <UnitTestResult executionId="fc5e1076-f538-4086-aff1-c89d9d15a7cd" testId="f393d832-a49e-4aa4-8936-0d7e10bfa946" testName="Test6973" computerName="UA-LPT-OGA2" duration="00:00:00.9190000" startTime="2025-05-14T13:20:31.3146610Z" endTime="2025-05-14T13:25:31.3147553Z" testType="13cdc9d9-ddb5-4fa4-a97d-d965ccfc6d4b" outcome="Passed" testListId="157ed7b0-a83d-4ba6-9421-5dfb9bcd4e6a" />
    <UnitTestResult executionId="414080b1-6929-40be-8d55-bd8093896b98" testId="e45deaa4-92a4-4793-ad62-a21e5e10d960" testName="Test6974" computerName="UA-LPT-OGA2" duration="00:00:00.0280000" startTime="2025-05-14T13:20:31.3146610Z" endTime="2025-05-14T13:25:31.3147553Z" testType="13cdc9d9-ddb5-4fa4-a97d-d965ccfc6d4b" outcome="Passed" testListId="157ed7b0-a83d-4ba6-9421-5dfb9bcd4e6a" />
    <UnitTestResult executionId="16366dde-a8b7-49d9-bed5-af8652127d1a" testId="ecf0db26-3971-4cc1-872a-66ff644e5ce2" testName="Test6975" computerName="UA-LPT-OGA2" duration="00:00:00.8990000" startTime="2025-05-14T13:20:31.3146610Z" endTime="2025-05-14T13:25:31.3147553Z" testType="13cdc9d9-ddb5-4fa4-a97d-d965ccfc6d4b" outcome="Passed" testListId="157ed7b0-a83d-4ba6-9421-5dfb9bcd4e6a" />
    <UnitTestResult executionId="a4da6fcf-7ebe-4eee-a7cd-842f212d9ccb" testId="64c6877a-6167-4d6f-991d-77387c2f294b" testName="Test6976" computerName="UA-LPT-OGA2" duration="00:00:01.6800000" startTime="2025-05-14T13:20:31.3146610Z" endTime="2025-05-14T13:25:31.3147553Z" testType="13cdc9d9-ddb5-4fa4-a97d-d965ccfc6d4b" outcome="Passed" testListId="157ed7b0-a83d-4ba6-9421-5dfb9bcd4e6a" />
    <UnitTestResult executionId="b6c0585e-5309-4ce2-9afb-c2d2020b9e3f" testId="022ebf80-f037-4df8-b0df-009521da2c56" testName="Test6977" computerName="UA-LPT-OGA2" duration="00:00:01.7610000" startTime="2025-05-14T13:20:31.3146610Z" endTime="2025-05-14T13:25:31.3147553Z" testType="13cdc9d9-ddb5-4fa4-a97d-d965ccfc6d4b" outcome="Passed" testListId="157ed7b0-a83d-4ba6-9421-5dfb9bcd4e6a" />
    <UnitTestResult executionId="9524c3d5-c08a-4d47-96c8-2e2465b13105" testId="708d0cc1-2f1c-44ac-a81f-89dcb877663d" testName="Test6978" computerName="UA-LPT-OGA2" duration="00:00:00.6930000" startTime="2025-05-14T13:20:31.3146610Z" endTime="2025-05-14T13:25:31.3147553Z" testType="13cdc9d9-ddb5-4fa4-a97d-d965ccfc6d4b" outcome="Passed" testListId="157ed7b0-a83d-4ba6-9421-5dfb9bcd4e6a" />
    <UnitTestResult executionId="833d27d5-db1d-4f1b-a445-333999ffbca8" testId="2d0ac0b5-904d-469f-8dde-610aa0f2b799" testName="Test6979" computerName="UA-LPT-OGA2" duration="00:00:01.4950000" startTime="2025-05-14T13:20:31.3146610Z" endTime="2025-05-14T13:25:31.3147553Z" testType="13cdc9d9-ddb5-4fa4-a97d-d965ccfc6d4b" outcome="Passed" testListId="157ed7b0-a83d-4ba6-9421-5dfb9bcd4e6a" />
    <UnitTestResult executionId="ae883cdd-d45b-47e1-b19f-2fa079a3977f" testId="995cfe2d-3bb5-4050-ac80-e5b59d07024a" testName="Test6980" computerName="UA-LPT-OGA2" duration="00:00:01.9430000" startTime="2025-05-14T13:20:31.3146610Z" endTime="2025-05-14T13:25:31.3147553Z" testType="13cdc9d9-ddb5-4fa4-a97d-d965ccfc6d4b" outcome="Failed" testListId="157ed7b0-a83d-4ba6-9421-5dfb9bcd4e6a">
      <Output>
        <ErrorInfo>
          <Message>Assertion failed: Expected value did not match actual value.</Message>
          <StackTrace>   at TestNamespace.TestClass.Test() in TestClass.cs:line 315</StackTrace>
        </ErrorInfo>
      </Output>
    </UnitTestResult>
    <UnitTestResult executionId="db5b0c78-7607-49d6-8c2d-39e5f14b18a0" testId="d6e24064-3fd9-49e3-9b80-12feb9bbeeb0" testName="Test6981" computerName="UA-LPT-OGA2" duration="00:00:00.1900000" startTime="2025-05-14T13:20:31.3146610Z" endTime="2025-05-14T13:25:31.3147553Z" testType="13cdc9d9-ddb5-4fa4-a97d-d965ccfc6d4b" outcome="Passed" testListId="157ed7b0-a83d-4ba6-9421-5dfb9bcd4e6a" />
    <UnitTestResult executionId="7744d4f0-27dd-4874-a354-808ec21ae8c4" testId="77e49b6d-1961-446a-a6b6-cf577cad51ff" testName="Test6982" computerName="UA-LPT-OGA2" duration="00:00:00.3560000" startTime="2025-05-14T13:20:31.3146610Z" endTime="2025-05-14T13:25:31.3147553Z" testType="13cdc9d9-ddb5-4fa4-a97d-d965ccfc6d4b" outcome="Passed" testListId="157ed7b0-a83d-4ba6-9421-5dfb9bcd4e6a" />
    <UnitTestResult executionId="ba03d172-80a9-4e91-a1a9-9abbed31f918" testId="9d7c9d41-a854-409f-b0b4-ca42fdfd7c8d" testName="Test6983" computerName="UA-LPT-OGA2" duration="00:00:01.0590000" startTime="2025-05-14T13:20:31.3146610Z" endTime="2025-05-14T13:25:31.3147553Z" testType="13cdc9d9-ddb5-4fa4-a97d-d965ccfc6d4b" outcome="Passed" testListId="157ed7b0-a83d-4ba6-9421-5dfb9bcd4e6a" />
    <UnitTestResult executionId="75ae7805-3b79-47c3-a899-388837179fd3" testId="5073ed56-c4fc-48d1-a79f-f57d8b88bec9" testName="Test6984" computerName="UA-LPT-OGA2" duration="00:00:00.1810000" startTime="2025-05-14T13:20:31.3146610Z" endTime="2025-05-14T13:25:31.3147553Z" testType="13cdc9d9-ddb5-4fa4-a97d-d965ccfc6d4b" outcome="Passed" testListId="157ed7b0-a83d-4ba6-9421-5dfb9bcd4e6a" />
    <UnitTestResult executionId="087c160e-5897-42f4-a362-b8e2a604f8e6" testId="75d05176-fd95-47e1-8aec-bab7fb0c6277" testName="Test6985" computerName="UA-LPT-OGA2" duration="00:00:01.6930000" startTime="2025-05-14T13:20:31.3146610Z" endTime="2025-05-14T13:25:31.3147553Z" testType="13cdc9d9-ddb5-4fa4-a97d-d965ccfc6d4b" outcome="Passed" testListId="157ed7b0-a83d-4ba6-9421-5dfb9bcd4e6a" />
    <UnitTestResult executionId="e24675f9-d6ed-4ea0-b7c8-9206951786ad" testId="ecff6fe5-c7d5-4dc9-85d9-b5ee082c5c8c" testName="Test6986" computerName="UA-LPT-OGA2" duration="00:00:00.4690000" startTime="2025-05-14T13:20:31.3146610Z" endTime="2025-05-14T13:25:31.3147553Z" testType="13cdc9d9-ddb5-4fa4-a97d-d965ccfc6d4b" outcome="Passed" testListId="157ed7b0-a83d-4ba6-9421-5dfb9bcd4e6a" />
    <UnitTestResult executionId="e2cf7359-d7ce-4304-b8ad-cd64e9ac6ab3" testId="bb424ad0-d394-4ac9-bae5-97fd67d3d647" testName="Test6987" computerName="UA-LPT-OGA2" duration="00:00:01.7300000" startTime="2025-05-14T13:20:31.3146610Z" endTime="2025-05-14T13:25:31.3147553Z" testType="13cdc9d9-ddb5-4fa4-a97d-d965ccfc6d4b" outcome="Passed" testListId="157ed7b0-a83d-4ba6-9421-5dfb9bcd4e6a" />
    <UnitTestResult executionId="26ce5836-a3e9-49db-90a4-cd1f8331f2e6" testId="5e95e8e5-285c-4a60-b40c-90c87923d93d" testName="Test6988" computerName="UA-LPT-OGA2" duration="00:00:00.6440000" startTime="2025-05-14T13:20:31.3146610Z" endTime="2025-05-14T13:25:31.3147553Z" testType="13cdc9d9-ddb5-4fa4-a97d-d965ccfc6d4b" outcome="Passed" testListId="157ed7b0-a83d-4ba6-9421-5dfb9bcd4e6a" />
    <UnitTestResult executionId="3fce1489-5edc-4d89-a621-babe66902a9a" testId="c8a0f256-2393-408a-9703-291a7004d8bf" testName="Test6989" computerName="UA-LPT-OGA2" duration="00:00:01.2120000" startTime="2025-05-14T13:20:31.3146610Z" endTime="2025-05-14T13:25:31.3147553Z" testType="13cdc9d9-ddb5-4fa4-a97d-d965ccfc6d4b" outcome="Passed" testListId="157ed7b0-a83d-4ba6-9421-5dfb9bcd4e6a" />
    <UnitTestResult executionId="d19f2e8c-29d9-42a1-94dd-392b554f7989" testId="8e2603b9-ea26-4406-b05c-3471e8048471" testName="Test6990" computerName="UA-LPT-OGA2" duration="00:00:01.3570000" startTime="2025-05-14T13:20:31.3146610Z" endTime="2025-05-14T13:25:31.3147553Z" testType="13cdc9d9-ddb5-4fa4-a97d-d965ccfc6d4b" outcome="Passed" testListId="157ed7b0-a83d-4ba6-9421-5dfb9bcd4e6a" />
    <UnitTestResult executionId="a12ba89d-36f5-428c-80c4-4123769a2bce" testId="0a27a6d8-96a1-408e-8ee0-ae2eb9a4558a" testName="Test6991" computerName="UA-LPT-OGA2" duration="00:00:00.1220000" startTime="2025-05-14T13:20:31.3146610Z" endTime="2025-05-14T13:25:31.3147553Z" testType="13cdc9d9-ddb5-4fa4-a97d-d965ccfc6d4b" outcome="Passed" testListId="157ed7b0-a83d-4ba6-9421-5dfb9bcd4e6a" />
    <UnitTestResult executionId="404bb8ab-4ca6-441f-850f-bc7882d44576" testId="b61c2d43-48a6-4d42-9da9-98c72640d48c" testName="Test6992" computerName="UA-LPT-OGA2" duration="00:00:01.7950000" startTime="2025-05-14T13:20:31.3146610Z" endTime="2025-05-14T13:25:31.3147553Z" testType="13cdc9d9-ddb5-4fa4-a97d-d965ccfc6d4b" outcome="Passed" testListId="157ed7b0-a83d-4ba6-9421-5dfb9bcd4e6a" />
    <UnitTestResult executionId="e95348ee-a6e7-4104-9c48-de878a146ed4" testId="4a635431-8771-4632-b2e2-f7a9f39b53db" testName="Test6993" computerName="UA-LPT-OGA2" duration="00:00:01.1050000" startTime="2025-05-14T13:20:31.3146610Z" endTime="2025-05-14T13:25:31.3147553Z" testType="13cdc9d9-ddb5-4fa4-a97d-d965ccfc6d4b" outcome="Passed" testListId="157ed7b0-a83d-4ba6-9421-5dfb9bcd4e6a" />
    <UnitTestResult executionId="dac8b09d-7f04-4ca6-885a-83a2932c58cd" testId="e28f6c78-34e0-4b0e-a374-fc9c63fc247b" testName="Test6994" computerName="UA-LPT-OGA2" duration="00:00:01.2970000" startTime="2025-05-14T13:20:31.3146610Z" endTime="2025-05-14T13:25:31.3147553Z" testType="13cdc9d9-ddb5-4fa4-a97d-d965ccfc6d4b" outcome="Passed" testListId="157ed7b0-a83d-4ba6-9421-5dfb9bcd4e6a" />
    <UnitTestResult executionId="2f95d732-d51c-4565-8b15-947231c1d024" testId="3055f7a2-a6a4-44dd-8079-9c04cbac85e3" testName="Test6995" computerName="UA-LPT-OGA2" duration="00:00:00.5290000" startTime="2025-05-14T13:20:31.3146610Z" endTime="2025-05-14T13:25:31.3147553Z" testType="13cdc9d9-ddb5-4fa4-a97d-d965ccfc6d4b" outcome="Passed" testListId="157ed7b0-a83d-4ba6-9421-5dfb9bcd4e6a" />
    <UnitTestResult executionId="5039b83b-64b7-4ac4-b297-749f161f4df5" testId="c9175000-fc23-489e-8a13-4101fb68dfb1" testName="Test6996" computerName="UA-LPT-OGA2" duration="00:00:01.4990000" startTime="2025-05-14T13:20:31.3146610Z" endTime="2025-05-14T13:25:31.3147553Z" testType="13cdc9d9-ddb5-4fa4-a97d-d965ccfc6d4b" outcome="Passed" testListId="157ed7b0-a83d-4ba6-9421-5dfb9bcd4e6a" />
    <UnitTestResult executionId="9c7653f6-f96d-4dcb-9d06-f86e628a7988" testId="0a242353-a094-4eb8-a748-25817a3669de" testName="Test6997" computerName="UA-LPT-OGA2" duration="00:00:01.1770000" startTime="2025-05-14T13:20:31.3146610Z" endTime="2025-05-14T13:25:31.3147553Z" testType="13cdc9d9-ddb5-4fa4-a97d-d965ccfc6d4b" outcome="Failed" testListId="157ed7b0-a83d-4ba6-9421-5dfb9bcd4e6a">
      <Output>
        <ErrorInfo>
          <Message>Assertion failed: Expected value did not match actual value.</Message>
          <StackTrace>   at TestNamespace.TestClass.Test() in TestClass.cs:line 306</StackTrace>
        </ErrorInfo>
      </Output>
    </UnitTestResult>
    <UnitTestResult executionId="45d9ede7-8ecc-4fcd-8cfb-7447c7862bc6" testId="768345c9-4865-493f-9559-6ddf40bd155c" testName="Test6998" computerName="UA-LPT-OGA2" duration="00:00:01.9070000" startTime="2025-05-14T13:20:31.3146610Z" endTime="2025-05-14T13:25:31.3147553Z" testType="13cdc9d9-ddb5-4fa4-a97d-d965ccfc6d4b" outcome="Passed" testListId="157ed7b0-a83d-4ba6-9421-5dfb9bcd4e6a" />
    <UnitTestResult executionId="74c83478-8328-46e1-b2bb-f702eca5ac3f" testId="cf498335-07c8-4c13-a6db-5fad11fc0ac7" testName="Test6999" computerName="UA-LPT-OGA2" duration="00:00:00.2000000" startTime="2025-05-14T13:20:31.3146610Z" endTime="2025-05-14T13:25:31.3147553Z" testType="13cdc9d9-ddb5-4fa4-a97d-d965ccfc6d4b" outcome="Failed" testListId="157ed7b0-a83d-4ba6-9421-5dfb9bcd4e6a">
      <Output>
        <ErrorInfo>
          <Message>Assertion failed: Expected value did not match actual value.</Message>
          <StackTrace>   at TestNamespace.TestClass.Test() in TestClass.cs:line 66</StackTrace>
        </ErrorInfo>
      </Output>
    </UnitTestResult>
    <UnitTestResult executionId="00fb7edd-c2e3-4caa-b0f8-8bce4220b0cf" testId="11c85596-bf5d-40f3-81be-5548200d7587" testName="Test7000" computerName="UA-LPT-OGA2" duration="00:00:00.8730000" startTime="2025-05-14T13:20:31.3146610Z" endTime="2025-05-14T13:25:31.3147553Z" testType="13cdc9d9-ddb5-4fa4-a97d-d965ccfc6d4b" outcome="Passed" testListId="157ed7b0-a83d-4ba6-9421-5dfb9bcd4e6a" />
  </Results>
  <TestDefinitions>
    <UnitTest name="Test6901" id="5657770d-d41d-44ba-81be-049296a688b1" storage="TestAssembly.dll">
      <Execution id="7c08f3dc-964b-4411-aaf7-32970ec52f55" />
      <TestMethod codeBase="TestAssembly.dll" className="TestNamespace.TestClass1" name="Test6901" />
    </UnitTest>
    <UnitTest name="Test6902" id="156ace01-29a6-4b69-a3d9-0241415e6afc" storage="TestAssembly.dll">
      <Execution id="cdd6a31e-b1b2-487b-8772-bb87d67fccf2" />
      <TestMethod codeBase="TestAssembly.dll" className="TestNamespace.TestClass1" name="Test6902" />
    </UnitTest>
    <UnitTest name="Test6903" id="8557bca9-ab0c-45f3-b315-c705dbda35d2" storage="TestAssembly.dll">
      <Execution id="2a36a762-1bc4-4929-a398-f3111286a1b7" />
      <TestMethod codeBase="TestAssembly.dll" className="TestNamespace.TestClass1" name="Test6903" />
    </UnitTest>
    <UnitTest name="Test6904" id="9cc3fe92-263c-436a-88ca-162cda2d558f" storage="TestAssembly.dll">
      <Execution id="1fcccd81-decb-4058-93fe-af4afa215a31" />
      <TestMethod codeBase="TestAssembly.dll" className="TestNamespace.TestClass1" name="Test6904" />
    </UnitTest>
    <UnitTest name="Test6905" id="738c3524-1f8e-4823-b7b0-3b97b8a54f10" storage="TestAssembly.dll">
      <Execution id="b682eb8d-dced-4a13-8238-1c39b2901d1c" />
      <TestMethod codeBase="TestAssembly.dll" className="TestNamespace.TestClass1" name="Test6905" />
    </UnitTest>
    <UnitTest name="Test6906" id="7ab86860-4f61-4ba4-ba98-01fe7b000901" storage="TestAssembly.dll">
      <Execution id="3abc8d11-a9aa-40eb-b28c-ae455cbeba0e" />
      <TestMethod codeBase="TestAssembly.dll" className="TestNamespace.TestClass1" name="Test6906" />
    </UnitTest>
    <UnitTest name="Test6907" id="6b854de9-729c-401f-81a0-7b2e4ce8f85e" storage="TestAssembly.dll">
      <Execution id="4fa271ab-5d13-4756-9aab-84f18ba7d31f" />
      <TestMethod codeBase="TestAssembly.dll" className="TestNamespace.TestClass1" name="Test6907" />
    </UnitTest>
    <UnitTest name="Test6908" id="2b80b724-601e-45ee-907e-62172a36aea8" storage="TestAssembly.dll">
      <Execution id="80f91dd4-7fc0-43a1-97d5-8c170e4de7b4" />
      <TestMethod codeBase="TestAssembly.dll" className="TestNamespace.TestClass1" name="Test6908" />
    </UnitTest>
    <UnitTest name="Test6909" id="0b828684-a76d-45ca-bf2d-e7fd769d7588" storage="TestAssembly.dll">
      <Execution id="5f655ad1-c0cd-4412-b206-4c50fa106142" />
      <TestMethod codeBase="TestAssembly.dll" className="TestNamespace.TestClass1" name="Test6909" />
    </UnitTest>
    <UnitTest name="Test6910" id="c1848167-b86d-49d4-98ee-cd0328ce03d5" storage="TestAssembly.dll">
      <Execution id="61584a1f-e192-4799-9a73-4031d26f29f0" />
      <TestMethod codeBase="TestAssembly.dll" className="TestNamespace.TestClass1" name="Test6910" />
    </UnitTest>
    <UnitTest name="Test6911" id="711e0c27-c831-42b6-94b2-c2ad03735533" storage="TestAssembly.dll">
      <Execution id="08fb6595-79a0-41c7-9f5d-8dcbbd79144a" />
      <TestMethod codeBase="TestAssembly.dll" className="TestNamespace.TestClass2" name="Test6911" />
    </UnitTest>
    <UnitTest name="Test6912" id="03d07aab-3e17-47f9-ac19-64c8558aaedc" storage="TestAssembly.dll">
      <Execution id="df9dd231-9793-4ae2-81e4-3582b4316374" />
      <TestMethod codeBase="TestAssembly.dll" className="TestNamespace.TestClass2" name="Test6912" />
    </UnitTest>
    <UnitTest name="Test6913" id="f03abdde-c7e5-4a09-af48-9e2eda363fb4" storage="TestAssembly.dll">
      <Execution id="2a4aad9c-4376-4c3d-ba13-21281ba73bd4" />
      <TestMethod codeBase="TestAssembly.dll" className="TestNamespace.TestClass2" name="Test6913" />
    </UnitTest>
    <UnitTest name="Test6914" id="a545a565-2a99-489f-b976-b56936ce7464" storage="TestAssembly.dll">
      <Execution id="855bf547-5ba7-47bc-9413-d9ab7abfb714" />
      <TestMethod codeBase="TestAssembly.dll" className="TestNamespace.TestClass2" name="Test6914" />
    </UnitTest>
    <UnitTest name="Test6915" id="35a06398-e81a-4d4f-84f2-00ffe254c01d" storage="TestAssembly.dll">
      <Execution id="e1963b37-4b55-4692-892a-aab0fd8c61b0" />
      <TestMethod codeBase="TestAssembly.dll" className="TestNamespace.TestClass2" name="Test6915" />
    </UnitTest>
    <UnitTest name="Test6916" id="348e2c1a-67ca-4484-be0f-64a09994a028" storage="TestAssembly.dll">
      <Execution id="74881c8e-fbc9-421d-9343-12f15ad3f6c6" />
      <TestMethod codeBase="TestAssembly.dll" className="TestNamespace.TestClass2" name="Test6916" />
    </UnitTest>
    <UnitTest name="Test6917" id="6ccb0f77-ded5-43e8-86f8-13ff37c426b0" storage="TestAssembly.dll">
      <Execution id="350762a8-9441-48bb-b502-9969d1768876" />
      <TestMethod codeBase="TestAssembly.dll" className="TestNamespace.TestClass2" name="Test6917" />
    </UnitTest>
    <UnitTest name="Test6918" id="ea725438-65fa-4cdd-bb2c-ed0154c76472" storage="TestAssembly.dll">
      <Execution id="3bdc8afe-b02a-48d0-8a72-69b346c5fd35" />
      <TestMethod codeBase="TestAssembly.dll" className="TestNamespace.TestClass2" name="Test6918" />
    </UnitTest>
    <UnitTest name="Test6919" id="c2a823ee-c720-4b14-82aa-d855b27e9488" storage="TestAssembly.dll">
      <Execution id="76e05f7a-c580-46aa-b124-47d25459fca0" />
      <TestMethod codeBase="TestAssembly.dll" className="TestNamespace.TestClass2" name="Test6919" />
    </UnitTest>
    <UnitTest name="Test6920" id="b21d735b-673f-4362-a876-86eb3da3d9e2" storage="TestAssembly.dll">
      <Execution id="67580eb0-0266-47fb-87ee-790d69e4708d" />
      <TestMethod codeBase="TestAssembly.dll" className="TestNamespace.TestClass2" name="Test6920" />
    </UnitTest>
    <UnitTest name="Test6921" id="a95d0c4c-b6ef-47c3-8d4e-12c3079aedda" storage="TestAssembly.dll">
      <Execution id="48c08ecd-e548-430b-aba4-5e32a3046ba5" />
      <TestMethod codeBase="TestAssembly.dll" className="TestNamespace.TestClass3" name="Test6921" />
    </UnitTest>
    <UnitTest name="Test6922" id="9d7698e2-e03a-49d8-8812-52826279e644" storage="TestAssembly.dll">
      <Execution id="7cf6d5ca-ed86-4387-8515-d56f1fc8f5aa" />
      <TestMethod codeBase="TestAssembly.dll" className="TestNamespace.TestClass3" name="Test6922" />
    </UnitTest>
    <UnitTest name="Test6923" id="2a2187e3-a39e-49c7-8723-ad7783256a04" storage="TestAssembly.dll">
      <Execution id="9bd01958-552d-4a86-8348-0821006ecbf4" />
      <TestMethod codeBase="TestAssembly.dll" className="TestNamespace.TestClass3" name="Test6923" />
    </UnitTest>
    <UnitTest name="Test6924" id="51caad66-6032-4a38-80d5-fb6bc459aae8" storage="TestAssembly.dll">
      <Execution id="bcf9616d-3bd8-4db7-827c-c8154c4ab436" />
      <TestMethod codeBase="TestAssembly.dll" className="TestNamespace.TestClass3" name="Test6924" />
    </UnitTest>
    <UnitTest name="Test6925" id="a2a6ba3c-d241-4786-9123-44d2f3d01b00" storage="TestAssembly.dll">
      <Execution id="29748652-06c7-4436-8887-e93b0b7f1be6" />
      <TestMethod codeBase="TestAssembly.dll" className="TestNamespace.TestClass3" name="Test6925" />
    </UnitTest>
    <UnitTest name="Test6926" id="09126c0c-5cda-44b3-b0f5-0f39efea6b57" storage="TestAssembly.dll">
      <Execution id="b7334061-af9e-43fa-85f2-de6ef65827ed" />
      <TestMethod codeBase="TestAssembly.dll" className="TestNamespace.TestClass3" name="Test6926" />
    </UnitTest>
    <UnitTest name="Test6927" id="50957221-e091-4c87-a99b-e314272c6e42" storage="TestAssembly.dll">
      <Execution id="84974ab9-9140-45cf-b680-19d4e9608de6" />
      <TestMethod codeBase="TestAssembly.dll" className="TestNamespace.TestClass3" name="Test6927" />
    </UnitTest>
    <UnitTest name="Test6928" id="682b6a02-888e-4db1-b4ea-ede9f53c4550" storage="TestAssembly.dll">
      <Execution id="cb0229ce-b1c5-4d0e-a891-5b6d40da67b6" />
      <TestMethod codeBase="TestAssembly.dll" className="TestNamespace.TestClass3" name="Test6928" />
    </UnitTest>
    <UnitTest name="Test6929" id="434b4af7-0e27-4d01-bca4-9e8af79a96b7" storage="TestAssembly.dll">
      <Execution id="ad69eff4-c383-4fa9-a13d-d7cc81e18ff6" />
      <TestMethod codeBase="TestAssembly.dll" className="TestNamespace.TestClass3" name="Test6929" />
    </UnitTest>
    <UnitTest name="Test6930" id="9ce38cd2-57ec-42dc-b933-f774fb74db10" storage="TestAssembly.dll">
      <Execution id="55a48814-23a6-46a6-b4ed-98491f26a3bf" />
      <TestMethod codeBase="TestAssembly.dll" className="TestNamespace.TestClass3" name="Test6930" />
    </UnitTest>
    <UnitTest name="Test6931" id="200de0ea-b1f7-4c1a-9de4-09eb3849ccf1" storage="TestAssembly.dll">
      <Execution id="e6bdf9a5-ea26-41a7-83f7-e3156c64b6ec" />
      <TestMethod codeBase="TestAssembly.dll" className="TestNamespace.TestClass4" name="Test6931" />
    </UnitTest>
    <UnitTest name="Test6932" id="1609d9f3-b709-4a75-a3d8-9525641e8e25" storage="TestAssembly.dll">
      <Execution id="3deb1616-e25d-4b2c-890d-4464c69fc6a0" />
      <TestMethod codeBase="TestAssembly.dll" className="TestNamespace.TestClass4" name="Test6932" />
    </UnitTest>
    <UnitTest name="Test6933" id="dc33661d-f558-4df7-b4cd-8fabe964be11" storage="TestAssembly.dll">
      <Execution id="184b5b71-2937-43f1-8a6f-8dfb58244db1" />
      <TestMethod codeBase="TestAssembly.dll" className="TestNamespace.TestClass4" name="Test6933" />
    </UnitTest>
    <UnitTest name="Test6934" id="afee4c4e-87ca-4677-b79d-8a95d72504f4" storage="TestAssembly.dll">
      <Execution id="fc315ed8-4759-46ce-a26f-b129c0e2cfcb" />
      <TestMethod codeBase="TestAssembly.dll" className="TestNamespace.TestClass4" name="Test6934" />
    </UnitTest>
    <UnitTest name="Test6935" id="b71d52d5-060a-4b35-94ef-e373f359f2a2" storage="TestAssembly.dll">
      <Execution id="f2b142a0-e376-4a07-b51f-74f6d0cac3df" />
      <TestMethod codeBase="TestAssembly.dll" className="TestNamespace.TestClass4" name="Test6935" />
    </UnitTest>
    <UnitTest name="Test6936" id="5e175c75-729f-49ac-aca8-5cf458b70c93" storage="TestAssembly.dll">
      <Execution id="a84ba568-b5db-48f0-943b-61bdd37a9509" />
      <TestMethod codeBase="TestAssembly.dll" className="TestNamespace.TestClass4" name="Test6936" />
    </UnitTest>
    <UnitTest name="Test6937" id="0cf8ca0f-5641-4886-ab0d-97cac4c95cf1" storage="TestAssembly.dll">
      <Execution id="c2b95b42-5104-43c6-8be1-52967be81a96" />
      <TestMethod codeBase="TestAssembly.dll" className="TestNamespace.TestClass4" name="Test6937" />
    </UnitTest>
    <UnitTest name="Test6938" id="63a088e3-cef4-40e3-8eee-231a567daf04" storage="TestAssembly.dll">
      <Execution id="16c3e314-fec4-406c-b63a-5be718685e52" />
      <TestMethod codeBase="TestAssembly.dll" className="TestNamespace.TestClass4" name="Test6938" />
    </UnitTest>
    <UnitTest name="Test6939" id="421648bf-1aba-4673-8f71-3eacb90b6682" storage="TestAssembly.dll">
      <Execution id="661cd9d9-a1c0-430b-8abd-644f0b2c1641" />
      <TestMethod codeBase="TestAssembly.dll" className="TestNamespace.TestClass4" name="Test6939" />
    </UnitTest>
    <UnitTest name="Test6940" id="bed66970-0fcc-4f8a-8234-55903769bd35" storage="TestAssembly.dll">
      <Execution id="2b3a4866-8eb7-445b-a8ff-bb4887e03cbd" />
      <TestMethod codeBase="TestAssembly.dll" className="TestNamespace.TestClass4" name="Test6940" />
    </UnitTest>
    <UnitTest name="Test6941" id="23626073-4863-4c7a-b0b5-7556857d9b55" storage="TestAssembly.dll">
      <Execution id="23162755-f512-4f8f-9c32-59f8a00fb4dc" />
      <TestMethod codeBase="TestAssembly.dll" className="TestNamespace.TestClass5" name="Test6941" />
    </UnitTest>
    <UnitTest name="Test6942" id="6fd8e3de-2f86-4352-8e75-43adaf656475" storage="TestAssembly.dll">
      <Execution id="7563d58d-5aed-4f2a-8557-21562685b8e1" />
      <TestMethod codeBase="TestAssembly.dll" className="TestNamespace.TestClass5" name="Test6942" />
    </UnitTest>
    <UnitTest name="Test6943" id="c9dc14f1-af65-4606-a8a0-976e24b54cbd" storage="TestAssembly.dll">
      <Execution id="32804c1f-d8ca-4e26-9807-ca59cba09f9b" />
      <TestMethod codeBase="TestAssembly.dll" className="TestNamespace.TestClass5" name="Test6943" />
    </UnitTest>
    <UnitTest name="Test6944" id="ed45d7ff-eb62-489f-92e7-0e826d7adb59" storage="TestAssembly.dll">
      <Execution id="73db76bc-5b38-4fc4-bbfc-a75e43704585" />
      <TestMethod codeBase="TestAssembly.dll" className="TestNamespace.TestClass5" name="Test6944" />
    </UnitTest>
    <UnitTest name="Test6945" id="fa9e5f22-10dd-43af-ba87-243cc81f1cb8" storage="TestAssembly.dll">
      <Execution id="5faac3ff-8057-4b23-914a-f4b843f9ed18" />
      <TestMethod codeBase="TestAssembly.dll" className="TestNamespace.TestClass5" name="Test6945" />
    </UnitTest>
    <UnitTest name="Test6946" id="0a7f1315-5e02-41d9-b7ed-252743727f42" storage="TestAssembly.dll">
      <Execution id="d1b1d208-21c3-42ee-9066-cd7b3b2d19b6" />
      <TestMethod codeBase="TestAssembly.dll" className="TestNamespace.TestClass5" name="Test6946" />
    </UnitTest>
    <UnitTest name="Test6947" id="2bc854a4-b8f1-409e-aea7-504b6ead49f1" storage="TestAssembly.dll">
      <Execution id="8ec8d5e3-eb52-4bea-aa1f-cf3875ea70b6" />
      <TestMethod codeBase="TestAssembly.dll" className="TestNamespace.TestClass5" name="Test6947" />
    </UnitTest>
    <UnitTest name="Test6948" id="1089f3dc-5cf3-40cf-9889-235e95b3377e" storage="TestAssembly.dll">
      <Execution id="2fd60fbd-930e-43fa-abb0-67d80e681165" />
      <TestMethod codeBase="TestAssembly.dll" className="TestNamespace.TestClass5" name="Test6948" />
    </UnitTest>
    <UnitTest name="Test6949" id="78b8d1d7-1866-45a8-ba51-946d64839d52" storage="TestAssembly.dll">
      <Execution id="2b668a45-a881-4dfa-ae38-7d338c8ba208" />
      <TestMethod codeBase="TestAssembly.dll" className="TestNamespace.TestClass5" name="Test6949" />
    </UnitTest>
    <UnitTest name="Test6950" id="c211927d-0905-4a30-a9f5-7452eb6473eb" storage="TestAssembly.dll">
      <Execution id="36366d55-b9c5-40f8-9516-f825ed850cfa" />
      <TestMethod codeBase="TestAssembly.dll" className="TestNamespace.TestClass5" name="Test6950" />
    </UnitTest>
    <UnitTest name="Test6951" id="e8e931e4-e719-4a88-bd3f-b4638cbf1ab0" storage="TestAssembly.dll">
      <Execution id="a281372f-7316-41fd-a555-8e9453cf7f81" />
      <TestMethod codeBase="TestAssembly.dll" className="TestNamespace.TestClass6" name="Test6951" />
    </UnitTest>
    <UnitTest name="Test6952" id="52f5ba2d-b7b7-46ce-916b-501dc27b9945" storage="TestAssembly.dll">
      <Execution id="ab0bd10c-27ca-460a-8a02-6d59f131db97" />
      <TestMethod codeBase="TestAssembly.dll" className="TestNamespace.TestClass6" name="Test6952" />
    </UnitTest>
    <UnitTest name="Test6953" id="77756539-85b1-48da-92bf-f64ff554b440" storage="TestAssembly.dll">
      <Execution id="4115435a-1937-47cf-82ab-5fed2a1cc063" />
      <TestMethod codeBase="TestAssembly.dll" className="TestNamespace.TestClass6" name="Test6953" />
    </UnitTest>
    <UnitTest name="Test6954" id="3c99dd9e-cc1b-4fc3-ad90-af5535443122" storage="TestAssembly.dll">
      <Execution id="d9150b04-3b53-4bb9-8d9e-e7861d3a0ca9" />
      <TestMethod codeBase="TestAssembly.dll" className="TestNamespace.TestClass6" name="Test6954" />
    </UnitTest>
    <UnitTest name="Test6955" id="219bd438-c2cb-418f-ae7a-4c307082c452" storage="TestAssembly.dll">
      <Execution id="02d81f19-7f8a-4006-9c06-3335eaac2af2" />
      <TestMethod codeBase="TestAssembly.dll" className="TestNamespace.TestClass6" name="Test6955" />
    </UnitTest>
    <UnitTest name="Test6956" id="4ff76ce8-5ab0-40ff-8516-6b6e4c06e4f4" storage="TestAssembly.dll">
      <Execution id="a48d8569-f4c9-40b5-b2e0-8882e4be007a" />
      <TestMethod codeBase="TestAssembly.dll" className="TestNamespace.TestClass6" name="Test6956" />
    </UnitTest>
    <UnitTest name="Test6957" id="3e52335a-bd82-4677-9ced-8a6fd53ab0f9" storage="TestAssembly.dll">
      <Execution id="ca4f8df6-4cd0-4e73-ad06-ab5b675219ed" />
      <TestMethod codeBase="TestAssembly.dll" className="TestNamespace.TestClass6" name="Test6957" />
    </UnitTest>
    <UnitTest name="Test6958" id="bcd623a2-7a05-4900-aea3-206cc77bd656" storage="TestAssembly.dll">
      <Execution id="e6dd703d-cd2d-446b-9c16-76d423d3396e" />
      <TestMethod codeBase="TestAssembly.dll" className="TestNamespace.TestClass6" name="Test6958" />
    </UnitTest>
    <UnitTest name="Test6959" id="262a5c4f-c934-4a92-9310-778f11ee3f2e" storage="TestAssembly.dll">
      <Execution id="4a0f99e4-8e7f-4d49-8182-796fa4998d67" />
      <TestMethod codeBase="TestAssembly.dll" className="TestNamespace.TestClass6" name="Test6959" />
    </UnitTest>
    <UnitTest name="Test6960" id="d63eb5fa-3b98-42ce-bbb0-5bb277fd7464" storage="TestAssembly.dll">
      <Execution id="39c32855-cce4-4d3f-80fd-cd2e25dbccac" />
      <TestMethod codeBase="TestAssembly.dll" className="TestNamespace.TestClass6" name="Test6960" />
    </UnitTest>
    <UnitTest name="Test6961" id="98a5252d-5f05-47e6-b107-df5d5dcd44ac" storage="TestAssembly.dll">
      <Execution id="323f2c9b-f967-4003-9b3a-06a11eef1da8" />
      <TestMethod codeBase="TestAssembly.dll" className="TestNamespace.TestClass7" name="Test6961" />
    </UnitTest>
    <UnitTest name="Test6962" id="50783123-347d-4b53-b090-a9af544ba243" storage="TestAssembly.dll">
      <Execution id="434b5012-2291-4c40-bdbd-d6028333c17c" />
      <TestMethod codeBase="TestAssembly.dll" className="TestNamespace.TestClass7" name="Test6962" />
    </UnitTest>
    <UnitTest name="Test6963" id="bdebe322-7e71-41fa-9cb7-bbcf0baef542" storage="TestAssembly.dll">
      <Execution id="deaca864-a826-4b7d-b794-2d348583be43" />
      <TestMethod codeBase="TestAssembly.dll" className="TestNamespace.TestClass7" name="Test6963" />
    </UnitTest>
    <UnitTest name="Test6964" id="cd997ab4-29f6-4af7-acfe-d81b84fa346a" storage="TestAssembly.dll">
      <Execution id="0c08008d-5f08-4866-a21f-319370bd793f" />
      <TestMethod codeBase="TestAssembly.dll" className="TestNamespace.TestClass7" name="Test6964" />
    </UnitTest>
    <UnitTest name="Test6965" id="e4c00694-941e-45df-a162-e9416e62f2f0" storage="TestAssembly.dll">
      <Execution id="81373faa-0c6b-4f04-854a-778f1bef05fd" />
      <TestMethod codeBase="TestAssembly.dll" className="TestNamespace.TestClass7" name="Test6965" />
    </UnitTest>
    <UnitTest name="Test6966" id="8809b1d3-4c38-4828-b13d-2f1509669998" storage="TestAssembly.dll">
      <Execution id="d7d0b46b-40e6-47b4-b577-924b4ea0566a" />
      <TestMethod codeBase="TestAssembly.dll" className="TestNamespace.TestClass7" name="Test6966" />
    </UnitTest>
    <UnitTest name="Test6967" id="cd60f58f-ab5c-4f04-b30b-0694b6856208" storage="TestAssembly.dll">
      <Execution id="16c59f87-f2b3-42dd-9e6e-a2aa1abf351a" />
      <TestMethod codeBase="TestAssembly.dll" className="TestNamespace.TestClass7" name="Test6967" />
    </UnitTest>
    <UnitTest name="Test6968" id="8a93429c-2251-4fc9-b67b-326e8c1386d8" storage="TestAssembly.dll">
      <Execution id="c3fbf81b-60dc-422a-8059-5c0c85e3811a" />
      <TestMethod codeBase="TestAssembly.dll" className="TestNamespace.TestClass7" name="Test6968" />
    </UnitTest>
    <UnitTest name="Test6969" id="c0507325-bfee-44c5-9cac-5bd5ee6acd46" storage="TestAssembly.dll">
      <Execution id="c52deac0-b584-4fc3-803b-b8ade24e5308" />
      <TestMethod codeBase="TestAssembly.dll" className="TestNamespace.TestClass7" name="Test6969" />
    </UnitTest>
    <UnitTest name="Test6970" id="ab97ad13-88ca-4bcf-9877-c8532c97b172" storage="TestAssembly.dll">
      <Execution id="307e0661-94a7-4d1d-bbd1-4290279af5fe" />
      <TestMethod codeBase="TestAssembly.dll" className="TestNamespace.TestClass7" name="Test6970" />
    </UnitTest>
    <UnitTest name="Test6971" id="aa73d13d-d0ba-421b-ac35-234fe6cbd400" storage="TestAssembly.dll">
      <Execution id="7bb6bdce-7291-44f2-b169-39a2d073b0cf" />
      <TestMethod codeBase="TestAssembly.dll" className="TestNamespace.TestClass8" name="Test6971" />
    </UnitTest>
    <UnitTest name="Test6972" id="e423065f-242a-4c4c-84d6-be459f5ad087" storage="TestAssembly.dll">
      <Execution id="1b8f4ff4-4888-4ed1-acbc-af16d9c50bbc" />
      <TestMethod codeBase="TestAssembly.dll" className="TestNamespace.TestClass8" name="Test6972" />
    </UnitTest>
    <UnitTest name="Test6973" id="f393d832-a49e-4aa4-8936-0d7e10bfa946" storage="TestAssembly.dll">
      <Execution id="fc5e1076-f538-4086-aff1-c89d9d15a7cd" />
      <TestMethod codeBase="TestAssembly.dll" className="TestNamespace.TestClass8" name="Test6973" />
    </UnitTest>
    <UnitTest name="Test6974" id="e45deaa4-92a4-4793-ad62-a21e5e10d960" storage="TestAssembly.dll">
      <Execution id="414080b1-6929-40be-8d55-bd8093896b98" />
      <TestMethod codeBase="TestAssembly.dll" className="TestNamespace.TestClass8" name="Test6974" />
    </UnitTest>
    <UnitTest name="Test6975" id="ecf0db26-3971-4cc1-872a-66ff644e5ce2" storage="TestAssembly.dll">
      <Execution id="16366dde-a8b7-49d9-bed5-af8652127d1a" />
      <TestMethod codeBase="TestAssembly.dll" className="TestNamespace.TestClass8" name="Test6975" />
    </UnitTest>
    <UnitTest name="Test6976" id="64c6877a-6167-4d6f-991d-77387c2f294b" storage="TestAssembly.dll">
      <Execution id="a4da6fcf-7ebe-4eee-a7cd-842f212d9ccb" />
      <TestMethod codeBase="TestAssembly.dll" className="TestNamespace.TestClass8" name="Test6976" />
    </UnitTest>
    <UnitTest name="Test6977" id="022ebf80-f037-4df8-b0df-009521da2c56" storage="TestAssembly.dll">
      <Execution id="b6c0585e-5309-4ce2-9afb-c2d2020b9e3f" />
      <TestMethod codeBase="TestAssembly.dll" className="TestNamespace.TestClass8" name="Test6977" />
    </UnitTest>
    <UnitTest name="Test6978" id="708d0cc1-2f1c-44ac-a81f-89dcb877663d" storage="TestAssembly.dll">
      <Execution id="9524c3d5-c08a-4d47-96c8-2e2465b13105" />
      <TestMethod codeBase="TestAssembly.dll" className="TestNamespace.TestClass8" name="Test6978" />
    </UnitTest>
    <UnitTest name="Test6979" id="2d0ac0b5-904d-469f-8dde-610aa0f2b799" storage="TestAssembly.dll">
      <Execution id="833d27d5-db1d-4f1b-a445-333999ffbca8" />
      <TestMethod codeBase="TestAssembly.dll" className="TestNamespace.TestClass8" name="Test6979" />
    </UnitTest>
    <UnitTest name="Test6980" id="995cfe2d-3bb5-4050-ac80-e5b59d07024a" storage="TestAssembly.dll">
      <Execution id="ae883cdd-d45b-47e1-b19f-2fa079a3977f" />
      <TestMethod codeBase="TestAssembly.dll" className="TestNamespace.TestClass8" name="Test6980" />
    </UnitTest>
    <UnitTest name="Test6981" id="d6e24064-3fd9-49e3-9b80-12feb9bbeeb0" storage="TestAssembly.dll">
      <Execution id="db5b0c78-7607-49d6-8c2d-39e5f14b18a0" />
      <TestMethod codeBase="TestAssembly.dll" className="TestNamespace.TestClass9" name="Test6981" />
    </UnitTest>
    <UnitTest name="Test6982" id="77e49b6d-1961-446a-a6b6-cf577cad51ff" storage="TestAssembly.dll">
      <Execution id="7744d4f0-27dd-4874-a354-808ec21ae8c4" />
      <TestMethod codeBase="TestAssembly.dll" className="TestNamespace.TestClass9" name="Test6982" />
    </UnitTest>
    <UnitTest name="Test6983" id="9d7c9d41-a854-409f-b0b4-ca42fdfd7c8d" storage="TestAssembly.dll">
      <Execution id="ba03d172-80a9-4e91-a1a9-9abbed31f918" />
      <TestMethod codeBase="TestAssembly.dll" className="TestNamespace.TestClass9" name="Test6983" />
    </UnitTest>
    <UnitTest name="Test6984" id="5073ed56-c4fc-48d1-a79f-f57d8b88bec9" storage="TestAssembly.dll">
      <Execution id="75ae7805-3b79-47c3-a899-388837179fd3" />
      <TestMethod codeBase="TestAssembly.dll" className="TestNamespace.TestClass9" name="Test6984" />
    </UnitTest>
    <UnitTest name="Test6985" id="75d05176-fd95-47e1-8aec-bab7fb0c6277" storage="TestAssembly.dll">
      <Execution id="087c160e-5897-42f4-a362-b8e2a604f8e6" />
      <TestMethod codeBase="TestAssembly.dll" className="TestNamespace.TestClass9" name="Test6985" />
    </UnitTest>
    <UnitTest name="Test6986" id="ecff6fe5-c7d5-4dc9-85d9-b5ee082c5c8c" storage="TestAssembly.dll">
      <Execution id="e24675f9-d6ed-4ea0-b7c8-9206951786ad" />
      <TestMethod codeBase="TestAssembly.dll" className="TestNamespace.TestClass9" name="Test6986" />
    </UnitTest>
    <UnitTest name="Test6987" id="bb424ad0-d394-4ac9-bae5-97fd67d3d647" storage="TestAssembly.dll">
      <Execution id="e2cf7359-d7ce-4304-b8ad-cd64e9ac6ab3" />
      <TestMethod codeBase="TestAssembly.dll" className="TestNamespace.TestClass9" name="Test6987" />
    </UnitTest>
    <UnitTest name="Test6988" id="5e95e8e5-285c-4a60-b40c-90c87923d93d" storage="TestAssembly.dll">
      <Execution id="26ce5836-a3e9-49db-90a4-cd1f8331f2e6" />
      <TestMethod codeBase="TestAssembly.dll" className="TestNamespace.TestClass9" name="Test6988" />
    </UnitTest>
    <UnitTest name="Test6989" id="c8a0f256-2393-408a-9703-291a7004d8bf" storage="TestAssembly.dll">
      <Execution id="3fce1489-5edc-4d89-a621-babe66902a9a" />
      <TestMethod codeBase="TestAssembly.dll" className="TestNamespace.TestClass9" name="Test6989" />
    </UnitTest>
    <UnitTest name="Test6990" id="8e2603b9-ea26-4406-b05c-3471e8048471" storage="TestAssembly.dll">
      <Execution id="d19f2e8c-29d9-42a1-94dd-392b554f7989" />
      <TestMethod codeBase="TestAssembly.dll" className="TestNamespace.TestClass9" name="Test6990" />
    </UnitTest>
    <UnitTest name="Test6991" id="0a27a6d8-96a1-408e-8ee0-ae2eb9a4558a" storage="TestAssembly.dll">
      <Execution id="a12ba89d-36f5-428c-80c4-4123769a2bce" />
      <TestMethod codeBase="TestAssembly.dll" className="TestNamespace.TestClass10" name="Test6991" />
    </UnitTest>
    <UnitTest name="Test6992" id="b61c2d43-48a6-4d42-9da9-98c72640d48c" storage="TestAssembly.dll">
      <Execution id="404bb8ab-4ca6-441f-850f-bc7882d44576" />
      <TestMethod codeBase="TestAssembly.dll" className="TestNamespace.TestClass10" name="Test6992" />
    </UnitTest>
    <UnitTest name="Test6993" id="4a635431-8771-4632-b2e2-f7a9f39b53db" storage="TestAssembly.dll">
      <Execution id="e95348ee-a6e7-4104-9c48-de878a146ed4" />
      <TestMethod codeBase="TestAssembly.dll" className="TestNamespace.TestClass10" name="Test6993" />
    </UnitTest>
    <UnitTest name="Test6994" id="e28f6c78-34e0-4b0e-a374-fc9c63fc247b" storage="TestAssembly.dll">
      <Execution id="dac8b09d-7f04-4ca6-885a-83a2932c58cd" />
      <TestMethod codeBase="TestAssembly.dll" className="TestNamespace.TestClass10" name="Test6994" />
    </UnitTest>
    <UnitTest name="Test6995" id="3055f7a2-a6a4-44dd-8079-9c04cbac85e3" storage="TestAssembly.dll">
      <Execution id="2f95d732-d51c-4565-8b15-947231c1d024" />
      <TestMethod codeBase="TestAssembly.dll" className="TestNamespace.TestClass10" name="Test6995" />
    </UnitTest>
    <UnitTest name="Test6996" id="c9175000-fc23-489e-8a13-4101fb68dfb1" storage="TestAssembly.dll">
      <Execution id="5039b83b-64b7-4ac4-b297-749f161f4df5" />
      <TestMethod codeBase="TestAssembly.dll" className="TestNamespace.TestClass10" name="Test6996" />
    </UnitTest>
    <UnitTest name="Test6997" id="0a242353-a094-4eb8-a748-25817a3669de" storage="TestAssembly.dll">
      <Execution id="9c7653f6-f96d-4dcb-9d06-f86e628a7988" />
      <TestMethod codeBase="TestAssembly.dll" className="TestNamespace.TestClass10" name="Test6997" />
    </UnitTest>
    <UnitTest name="Test6998" id="768345c9-4865-493f-9559-6ddf40bd155c" storage="TestAssembly.dll">
      <Execution id="45d9ede7-8ecc-4fcd-8cfb-7447c7862bc6" />
      <TestMethod codeBase="TestAssembly.dll" className="TestNamespace.TestClass10" name="Test6998" />
    </UnitTest>
    <UnitTest name="Test6999" id="cf498335-07c8-4c13-a6db-5fad11fc0ac7" storage="TestAssembly.dll">
      <Execution id="74c83478-8328-46e1-b2bb-f702eca5ac3f" />
      <TestMethod codeBase="TestAssembly.dll" className="TestNamespace.TestClass10" name="Test6999" />
    </UnitTest>
    <UnitTest name="Test7000" id="11c85596-bf5d-40f3-81be-5548200d7587" storage="TestAssembly.dll">
      <Execution id="00fb7edd-c2e3-4caa-b0f8-8bce4220b0cf" />
      <TestMethod codeBase="TestAssembly.dll" className="TestNamespace.TestClass10" name="Test7000" />
    </UnitTest>
  </TestDefinitions>
  <TestEntries>
    <TestEntry testId="5657770d-d41d-44ba-81be-049296a688b1" executionId="7c08f3dc-964b-4411-aaf7-32970ec52f55" testListId="157ed7b0-a83d-4ba6-9421-5dfb9bcd4e6a" />
    <TestEntry testId="156ace01-29a6-4b69-a3d9-0241415e6afc" executionId="cdd6a31e-b1b2-487b-8772-bb87d67fccf2" testListId="157ed7b0-a83d-4ba6-9421-5dfb9bcd4e6a" />
    <TestEntry testId="8557bca9-ab0c-45f3-b315-c705dbda35d2" executionId="2a36a762-1bc4-4929-a398-f3111286a1b7" testListId="157ed7b0-a83d-4ba6-9421-5dfb9bcd4e6a" />
    <TestEntry testId="9cc3fe92-263c-436a-88ca-162cda2d558f" executionId="1fcccd81-decb-4058-93fe-af4afa215a31" testListId="157ed7b0-a83d-4ba6-9421-5dfb9bcd4e6a" />
    <TestEntry testId="738c3524-1f8e-4823-b7b0-3b97b8a54f10" executionId="b682eb8d-dced-4a13-8238-1c39b2901d1c" testListId="157ed7b0-a83d-4ba6-9421-5dfb9bcd4e6a" />
    <TestEntry testId="7ab86860-4f61-4ba4-ba98-01fe7b000901" executionId="3abc8d11-a9aa-40eb-b28c-ae455cbeba0e" testListId="157ed7b0-a83d-4ba6-9421-5dfb9bcd4e6a" />
    <TestEntry testId="6b854de9-729c-401f-81a0-7b2e4ce8f85e" executionId="4fa271ab-5d13-4756-9aab-84f18ba7d31f" testListId="157ed7b0-a83d-4ba6-9421-5dfb9bcd4e6a" />
    <TestEntry testId="2b80b724-601e-45ee-907e-62172a36aea8" executionId="80f91dd4-7fc0-43a1-97d5-8c170e4de7b4" testListId="157ed7b0-a83d-4ba6-9421-5dfb9bcd4e6a" />
    <TestEntry testId="0b828684-a76d-45ca-bf2d-e7fd769d7588" executionId="5f655ad1-c0cd-4412-b206-4c50fa106142" testListId="157ed7b0-a83d-4ba6-9421-5dfb9bcd4e6a" />
    <TestEntry testId="c1848167-b86d-49d4-98ee-cd0328ce03d5" executionId="61584a1f-e192-4799-9a73-4031d26f29f0" testListId="157ed7b0-a83d-4ba6-9421-5dfb9bcd4e6a" />
    <TestEntry testId="711e0c27-c831-42b6-94b2-c2ad03735533" executionId="08fb6595-79a0-41c7-9f5d-8dcbbd79144a" testListId="157ed7b0-a83d-4ba6-9421-5dfb9bcd4e6a" />
    <TestEntry testId="03d07aab-3e17-47f9-ac19-64c8558aaedc" executionId="df9dd231-9793-4ae2-81e4-3582b4316374" testListId="157ed7b0-a83d-4ba6-9421-5dfb9bcd4e6a" />
    <TestEntry testId="f03abdde-c7e5-4a09-af48-9e2eda363fb4" executionId="2a4aad9c-4376-4c3d-ba13-21281ba73bd4" testListId="157ed7b0-a83d-4ba6-9421-5dfb9bcd4e6a" />
    <TestEntry testId="a545a565-2a99-489f-b976-b56936ce7464" executionId="855bf547-5ba7-47bc-9413-d9ab7abfb714" testListId="157ed7b0-a83d-4ba6-9421-5dfb9bcd4e6a" />
    <TestEntry testId="35a06398-e81a-4d4f-84f2-00ffe254c01d" executionId="e1963b37-4b55-4692-892a-aab0fd8c61b0" testListId="157ed7b0-a83d-4ba6-9421-5dfb9bcd4e6a" />
    <TestEntry testId="348e2c1a-67ca-4484-be0f-64a09994a028" executionId="74881c8e-fbc9-421d-9343-12f15ad3f6c6" testListId="157ed7b0-a83d-4ba6-9421-5dfb9bcd4e6a" />
    <TestEntry testId="6ccb0f77-ded5-43e8-86f8-13ff37c426b0" executionId="350762a8-9441-48bb-b502-9969d1768876" testListId="157ed7b0-a83d-4ba6-9421-5dfb9bcd4e6a" />
    <TestEntry testId="ea725438-65fa-4cdd-bb2c-ed0154c76472" executionId="3bdc8afe-b02a-48d0-8a72-69b346c5fd35" testListId="157ed7b0-a83d-4ba6-9421-5dfb9bcd4e6a" />
    <TestEntry testId="c2a823ee-c720-4b14-82aa-d855b27e9488" executionId="76e05f7a-c580-46aa-b124-47d25459fca0" testListId="157ed7b0-a83d-4ba6-9421-5dfb9bcd4e6a" />
    <TestEntry testId="b21d735b-673f-4362-a876-86eb3da3d9e2" executionId="67580eb0-0266-47fb-87ee-790d69e4708d" testListId="157ed7b0-a83d-4ba6-9421-5dfb9bcd4e6a" />
    <TestEntry testId="a95d0c4c-b6ef-47c3-8d4e-12c3079aedda" executionId="48c08ecd-e548-430b-aba4-5e32a3046ba5" testListId="157ed7b0-a83d-4ba6-9421-5dfb9bcd4e6a" />
    <TestEntry testId="9d7698e2-e03a-49d8-8812-52826279e644" executionId="7cf6d5ca-ed86-4387-8515-d56f1fc8f5aa" testListId="157ed7b0-a83d-4ba6-9421-5dfb9bcd4e6a" />
    <TestEntry testId="2a2187e3-a39e-49c7-8723-ad7783256a04" executionId="9bd01958-552d-4a86-8348-0821006ecbf4" testListId="157ed7b0-a83d-4ba6-9421-5dfb9bcd4e6a" />
    <TestEntry testId="51caad66-6032-4a38-80d5-fb6bc459aae8" executionId="bcf9616d-3bd8-4db7-827c-c8154c4ab436" testListId="157ed7b0-a83d-4ba6-9421-5dfb9bcd4e6a" />
    <TestEntry testId="a2a6ba3c-d241-4786-9123-44d2f3d01b00" executionId="29748652-06c7-4436-8887-e93b0b7f1be6" testListId="157ed7b0-a83d-4ba6-9421-5dfb9bcd4e6a" />
    <TestEntry testId="09126c0c-5cda-44b3-b0f5-0f39efea6b57" executionId="b7334061-af9e-43fa-85f2-de6ef65827ed" testListId="157ed7b0-a83d-4ba6-9421-5dfb9bcd4e6a" />
    <TestEntry testId="50957221-e091-4c87-a99b-e314272c6e42" executionId="84974ab9-9140-45cf-b680-19d4e9608de6" testListId="157ed7b0-a83d-4ba6-9421-5dfb9bcd4e6a" />
    <TestEntry testId="682b6a02-888e-4db1-b4ea-ede9f53c4550" executionId="cb0229ce-b1c5-4d0e-a891-5b6d40da67b6" testListId="157ed7b0-a83d-4ba6-9421-5dfb9bcd4e6a" />
    <TestEntry testId="434b4af7-0e27-4d01-bca4-9e8af79a96b7" executionId="ad69eff4-c383-4fa9-a13d-d7cc81e18ff6" testListId="157ed7b0-a83d-4ba6-9421-5dfb9bcd4e6a" />
    <TestEntry testId="9ce38cd2-57ec-42dc-b933-f774fb74db10" executionId="55a48814-23a6-46a6-b4ed-98491f26a3bf" testListId="157ed7b0-a83d-4ba6-9421-5dfb9bcd4e6a" />
    <TestEntry testId="200de0ea-b1f7-4c1a-9de4-09eb3849ccf1" executionId="e6bdf9a5-ea26-41a7-83f7-e3156c64b6ec" testListId="157ed7b0-a83d-4ba6-9421-5dfb9bcd4e6a" />
    <TestEntry testId="1609d9f3-b709-4a75-a3d8-9525641e8e25" executionId="3deb1616-e25d-4b2c-890d-4464c69fc6a0" testListId="157ed7b0-a83d-4ba6-9421-5dfb9bcd4e6a" />
    <TestEntry testId="dc33661d-f558-4df7-b4cd-8fabe964be11" executionId="184b5b71-2937-43f1-8a6f-8dfb58244db1" testListId="157ed7b0-a83d-4ba6-9421-5dfb9bcd4e6a" />
    <TestEntry testId="afee4c4e-87ca-4677-b79d-8a95d72504f4" executionId="fc315ed8-4759-46ce-a26f-b129c0e2cfcb" testListId="157ed7b0-a83d-4ba6-9421-5dfb9bcd4e6a" />
    <TestEntry testId="b71d52d5-060a-4b35-94ef-e373f359f2a2" executionId="f2b142a0-e376-4a07-b51f-74f6d0cac3df" testListId="157ed7b0-a83d-4ba6-9421-5dfb9bcd4e6a" />
    <TestEntry testId="5e175c75-729f-49ac-aca8-5cf458b70c93" executionId="a84ba568-b5db-48f0-943b-61bdd37a9509" testListId="157ed7b0-a83d-4ba6-9421-5dfb9bcd4e6a" />
    <TestEntry testId="0cf8ca0f-5641-4886-ab0d-97cac4c95cf1" executionId="c2b95b42-5104-43c6-8be1-52967be81a96" testListId="157ed7b0-a83d-4ba6-9421-5dfb9bcd4e6a" />
    <TestEntry testId="63a088e3-cef4-40e3-8eee-231a567daf04" executionId="16c3e314-fec4-406c-b63a-5be718685e52" testListId="157ed7b0-a83d-4ba6-9421-5dfb9bcd4e6a" />
    <TestEntry testId="421648bf-1aba-4673-8f71-3eacb90b6682" executionId="661cd9d9-a1c0-430b-8abd-644f0b2c1641" testListId="157ed7b0-a83d-4ba6-9421-5dfb9bcd4e6a" />
    <TestEntry testId="bed66970-0fcc-4f8a-8234-55903769bd35" executionId="2b3a4866-8eb7-445b-a8ff-bb4887e03cbd" testListId="157ed7b0-a83d-4ba6-9421-5dfb9bcd4e6a" />
    <TestEntry testId="23626073-4863-4c7a-b0b5-7556857d9b55" executionId="23162755-f512-4f8f-9c32-59f8a00fb4dc" testListId="157ed7b0-a83d-4ba6-9421-5dfb9bcd4e6a" />
    <TestEntry testId="6fd8e3de-2f86-4352-8e75-43adaf656475" executionId="7563d58d-5aed-4f2a-8557-21562685b8e1" testListId="157ed7b0-a83d-4ba6-9421-5dfb9bcd4e6a" />
    <TestEntry testId="c9dc14f1-af65-4606-a8a0-976e24b54cbd" executionId="32804c1f-d8ca-4e26-9807-ca59cba09f9b" testListId="157ed7b0-a83d-4ba6-9421-5dfb9bcd4e6a" />
    <TestEntry testId="ed45d7ff-eb62-489f-92e7-0e826d7adb59" executionId="73db76bc-5b38-4fc4-bbfc-a75e43704585" testListId="157ed7b0-a83d-4ba6-9421-5dfb9bcd4e6a" />
    <TestEntry testId="fa9e5f22-10dd-43af-ba87-243cc81f1cb8" executionId="5faac3ff-8057-4b23-914a-f4b843f9ed18" testListId="157ed7b0-a83d-4ba6-9421-5dfb9bcd4e6a" />
    <TestEntry testId="0a7f1315-5e02-41d9-b7ed-252743727f42" executionId="d1b1d208-21c3-42ee-9066-cd7b3b2d19b6" testListId="157ed7b0-a83d-4ba6-9421-5dfb9bcd4e6a" />
    <TestEntry testId="2bc854a4-b8f1-409e-aea7-504b6ead49f1" executionId="8ec8d5e3-eb52-4bea-aa1f-cf3875ea70b6" testListId="157ed7b0-a83d-4ba6-9421-5dfb9bcd4e6a" />
    <TestEntry testId="1089f3dc-5cf3-40cf-9889-235e95b3377e" executionId="2fd60fbd-930e-43fa-abb0-67d80e681165" testListId="157ed7b0-a83d-4ba6-9421-5dfb9bcd4e6a" />
    <TestEntry testId="78b8d1d7-1866-45a8-ba51-946d64839d52" executionId="2b668a45-a881-4dfa-ae38-7d338c8ba208" testListId="157ed7b0-a83d-4ba6-9421-5dfb9bcd4e6a" />
    <TestEntry testId="c211927d-0905-4a30-a9f5-7452eb6473eb" executionId="36366d55-b9c5-40f8-9516-f825ed850cfa" testListId="157ed7b0-a83d-4ba6-9421-5dfb9bcd4e6a" />
    <TestEntry testId="e8e931e4-e719-4a88-bd3f-b4638cbf1ab0" executionId="a281372f-7316-41fd-a555-8e9453cf7f81" testListId="157ed7b0-a83d-4ba6-9421-5dfb9bcd4e6a" />
    <TestEntry testId="52f5ba2d-b7b7-46ce-916b-501dc27b9945" executionId="ab0bd10c-27ca-460a-8a02-6d59f131db97" testListId="157ed7b0-a83d-4ba6-9421-5dfb9bcd4e6a" />
    <TestEntry testId="77756539-85b1-48da-92bf-f64ff554b440" executionId="4115435a-1937-47cf-82ab-5fed2a1cc063" testListId="157ed7b0-a83d-4ba6-9421-5dfb9bcd4e6a" />
    <TestEntry testId="3c99dd9e-cc1b-4fc3-ad90-af5535443122" executionId="d9150b04-3b53-4bb9-8d9e-e7861d3a0ca9" testListId="157ed7b0-a83d-4ba6-9421-5dfb9bcd4e6a" />
    <TestEntry testId="219bd438-c2cb-418f-ae7a-4c307082c452" executionId="02d81f19-7f8a-4006-9c06-3335eaac2af2" testListId="157ed7b0-a83d-4ba6-9421-5dfb9bcd4e6a" />
    <TestEntry testId="4ff76ce8-5ab0-40ff-8516-6b6e4c06e4f4" executionId="a48d8569-f4c9-40b5-b2e0-8882e4be007a" testListId="157ed7b0-a83d-4ba6-9421-5dfb9bcd4e6a" />
    <TestEntry testId="3e52335a-bd82-4677-9ced-8a6fd53ab0f9" executionId="ca4f8df6-4cd0-4e73-ad06-ab5b675219ed" testListId="157ed7b0-a83d-4ba6-9421-5dfb9bcd4e6a" />
    <TestEntry testId="bcd623a2-7a05-4900-aea3-206cc77bd656" executionId="e6dd703d-cd2d-446b-9c16-76d423d3396e" testListId="157ed7b0-a83d-4ba6-9421-5dfb9bcd4e6a" />
    <TestEntry testId="262a5c4f-c934-4a92-9310-778f11ee3f2e" executionId="4a0f99e4-8e7f-4d49-8182-796fa4998d67" testListId="157ed7b0-a83d-4ba6-9421-5dfb9bcd4e6a" />
    <TestEntry testId="d63eb5fa-3b98-42ce-bbb0-5bb277fd7464" executionId="39c32855-cce4-4d3f-80fd-cd2e25dbccac" testListId="157ed7b0-a83d-4ba6-9421-5dfb9bcd4e6a" />
    <TestEntry testId="98a5252d-5f05-47e6-b107-df5d5dcd44ac" executionId="323f2c9b-f967-4003-9b3a-06a11eef1da8" testListId="157ed7b0-a83d-4ba6-9421-5dfb9bcd4e6a" />
    <TestEntry testId="50783123-347d-4b53-b090-a9af544ba243" executionId="434b5012-2291-4c40-bdbd-d6028333c17c" testListId="157ed7b0-a83d-4ba6-9421-5dfb9bcd4e6a" />
    <TestEntry testId="bdebe322-7e71-41fa-9cb7-bbcf0baef542" executionId="deaca864-a826-4b7d-b794-2d348583be43" testListId="157ed7b0-a83d-4ba6-9421-5dfb9bcd4e6a" />
    <TestEntry testId="cd997ab4-29f6-4af7-acfe-d81b84fa346a" executionId="0c08008d-5f08-4866-a21f-319370bd793f" testListId="157ed7b0-a83d-4ba6-9421-5dfb9bcd4e6a" />
    <TestEntry testId="e4c00694-941e-45df-a162-e9416e62f2f0" executionId="81373faa-0c6b-4f04-854a-778f1bef05fd" testListId="157ed7b0-a83d-4ba6-9421-5dfb9bcd4e6a" />
    <TestEntry testId="8809b1d3-4c38-4828-b13d-2f1509669998" executionId="d7d0b46b-40e6-47b4-b577-924b4ea0566a" testListId="157ed7b0-a83d-4ba6-9421-5dfb9bcd4e6a" />
    <TestEntry testId="cd60f58f-ab5c-4f04-b30b-0694b6856208" executionId="16c59f87-f2b3-42dd-9e6e-a2aa1abf351a" testListId="157ed7b0-a83d-4ba6-9421-5dfb9bcd4e6a" />
    <TestEntry testId="8a93429c-2251-4fc9-b67b-326e8c1386d8" executionId="c3fbf81b-60dc-422a-8059-5c0c85e3811a" testListId="157ed7b0-a83d-4ba6-9421-5dfb9bcd4e6a" />
    <TestEntry testId="c0507325-bfee-44c5-9cac-5bd5ee6acd46" executionId="c52deac0-b584-4fc3-803b-b8ade24e5308" testListId="157ed7b0-a83d-4ba6-9421-5dfb9bcd4e6a" />
    <TestEntry testId="ab97ad13-88ca-4bcf-9877-c8532c97b172" executionId="307e0661-94a7-4d1d-bbd1-4290279af5fe" testListId="157ed7b0-a83d-4ba6-9421-5dfb9bcd4e6a" />
    <TestEntry testId="aa73d13d-d0ba-421b-ac35-234fe6cbd400" executionId="7bb6bdce-7291-44f2-b169-39a2d073b0cf" testListId="157ed7b0-a83d-4ba6-9421-5dfb9bcd4e6a" />
    <TestEntry testId="e423065f-242a-4c4c-84d6-be459f5ad087" executionId="1b8f4ff4-4888-4ed1-acbc-af16d9c50bbc" testListId="157ed7b0-a83d-4ba6-9421-5dfb9bcd4e6a" />
    <TestEntry testId="f393d832-a49e-4aa4-8936-0d7e10bfa946" executionId="fc5e1076-f538-4086-aff1-c89d9d15a7cd" testListId="157ed7b0-a83d-4ba6-9421-5dfb9bcd4e6a" />
    <TestEntry testId="e45deaa4-92a4-4793-ad62-a21e5e10d960" executionId="414080b1-6929-40be-8d55-bd8093896b98" testListId="157ed7b0-a83d-4ba6-9421-5dfb9bcd4e6a" />
    <TestEntry testId="ecf0db26-3971-4cc1-872a-66ff644e5ce2" executionId="16366dde-a8b7-49d9-bed5-af8652127d1a" testListId="157ed7b0-a83d-4ba6-9421-5dfb9bcd4e6a" />
    <TestEntry testId="64c6877a-6167-4d6f-991d-77387c2f294b" executionId="a4da6fcf-7ebe-4eee-a7cd-842f212d9ccb" testListId="157ed7b0-a83d-4ba6-9421-5dfb9bcd4e6a" />
    <TestEntry testId="022ebf80-f037-4df8-b0df-009521da2c56" executionId="b6c0585e-5309-4ce2-9afb-c2d2020b9e3f" testListId="157ed7b0-a83d-4ba6-9421-5dfb9bcd4e6a" />
    <TestEntry testId="708d0cc1-2f1c-44ac-a81f-89dcb877663d" executionId="9524c3d5-c08a-4d47-96c8-2e2465b13105" testListId="157ed7b0-a83d-4ba6-9421-5dfb9bcd4e6a" />
    <TestEntry testId="2d0ac0b5-904d-469f-8dde-610aa0f2b799" executionId="833d27d5-db1d-4f1b-a445-333999ffbca8" testListId="157ed7b0-a83d-4ba6-9421-5dfb9bcd4e6a" />
    <TestEntry testId="995cfe2d-3bb5-4050-ac80-e5b59d07024a" executionId="ae883cdd-d45b-47e1-b19f-2fa079a3977f" testListId="157ed7b0-a83d-4ba6-9421-5dfb9bcd4e6a" />
    <TestEntry testId="d6e24064-3fd9-49e3-9b80-12feb9bbeeb0" executionId="db5b0c78-7607-49d6-8c2d-39e5f14b18a0" testListId="157ed7b0-a83d-4ba6-9421-5dfb9bcd4e6a" />
    <TestEntry testId="77e49b6d-1961-446a-a6b6-cf577cad51ff" executionId="7744d4f0-27dd-4874-a354-808ec21ae8c4" testListId="157ed7b0-a83d-4ba6-9421-5dfb9bcd4e6a" />
    <TestEntry testId="9d7c9d41-a854-409f-b0b4-ca42fdfd7c8d" executionId="ba03d172-80a9-4e91-a1a9-9abbed31f918" testListId="157ed7b0-a83d-4ba6-9421-5dfb9bcd4e6a" />
    <TestEntry testId="5073ed56-c4fc-48d1-a79f-f57d8b88bec9" executionId="75ae7805-3b79-47c3-a899-388837179fd3" testListId="157ed7b0-a83d-4ba6-9421-5dfb9bcd4e6a" />
    <TestEntry testId="75d05176-fd95-47e1-8aec-bab7fb0c6277" executionId="087c160e-5897-42f4-a362-b8e2a604f8e6" testListId="157ed7b0-a83d-4ba6-9421-5dfb9bcd4e6a" />
    <TestEntry testId="ecff6fe5-c7d5-4dc9-85d9-b5ee082c5c8c" executionId="e24675f9-d6ed-4ea0-b7c8-9206951786ad" testListId="157ed7b0-a83d-4ba6-9421-5dfb9bcd4e6a" />
    <TestEntry testId="bb424ad0-d394-4ac9-bae5-97fd67d3d647" executionId="e2cf7359-d7ce-4304-b8ad-cd64e9ac6ab3" testListId="157ed7b0-a83d-4ba6-9421-5dfb9bcd4e6a" />
    <TestEntry testId="5e95e8e5-285c-4a60-b40c-90c87923d93d" executionId="26ce5836-a3e9-49db-90a4-cd1f8331f2e6" testListId="157ed7b0-a83d-4ba6-9421-5dfb9bcd4e6a" />
    <TestEntry testId="c8a0f256-2393-408a-9703-291a7004d8bf" executionId="3fce1489-5edc-4d89-a621-babe66902a9a" testListId="157ed7b0-a83d-4ba6-9421-5dfb9bcd4e6a" />
    <TestEntry testId="8e2603b9-ea26-4406-b05c-3471e8048471" executionId="d19f2e8c-29d9-42a1-94dd-392b554f7989" testListId="157ed7b0-a83d-4ba6-9421-5dfb9bcd4e6a" />
    <TestEntry testId="0a27a6d8-96a1-408e-8ee0-ae2eb9a4558a" executionId="a12ba89d-36f5-428c-80c4-4123769a2bce" testListId="157ed7b0-a83d-4ba6-9421-5dfb9bcd4e6a" />
    <TestEntry testId="b61c2d43-48a6-4d42-9da9-98c72640d48c" executionId="404bb8ab-4ca6-441f-850f-bc7882d44576" testListId="157ed7b0-a83d-4ba6-9421-5dfb9bcd4e6a" />
    <TestEntry testId="4a635431-8771-4632-b2e2-f7a9f39b53db" executionId="e95348ee-a6e7-4104-9c48-de878a146ed4" testListId="157ed7b0-a83d-4ba6-9421-5dfb9bcd4e6a" />
    <TestEntry testId="e28f6c78-34e0-4b0e-a374-fc9c63fc247b" executionId="dac8b09d-7f04-4ca6-885a-83a2932c58cd" testListId="157ed7b0-a83d-4ba6-9421-5dfb9bcd4e6a" />
    <TestEntry testId="3055f7a2-a6a4-44dd-8079-9c04cbac85e3" executionId="2f95d732-d51c-4565-8b15-947231c1d024" testListId="157ed7b0-a83d-4ba6-9421-5dfb9bcd4e6a" />
    <TestEntry testId="c9175000-fc23-489e-8a13-4101fb68dfb1" executionId="5039b83b-64b7-4ac4-b297-749f161f4df5" testListId="157ed7b0-a83d-4ba6-9421-5dfb9bcd4e6a" />
    <TestEntry testId="0a242353-a094-4eb8-a748-25817a3669de" executionId="9c7653f6-f96d-4dcb-9d06-f86e628a7988" testListId="157ed7b0-a83d-4ba6-9421-5dfb9bcd4e6a" />
    <TestEntry testId="768345c9-4865-493f-9559-6ddf40bd155c" executionId="45d9ede7-8ecc-4fcd-8cfb-7447c7862bc6" testListId="157ed7b0-a83d-4ba6-9421-5dfb9bcd4e6a" />
    <TestEntry testId="cf498335-07c8-4c13-a6db-5fad11fc0ac7" executionId="74c83478-8328-46e1-b2bb-f702eca5ac3f" testListId="157ed7b0-a83d-4ba6-9421-5dfb9bcd4e6a" />
    <TestEntry testId="11c85596-bf5d-40f3-81be-5548200d7587" executionId="00fb7edd-c2e3-4caa-b0f8-8bce4220b0cf" testListId="157ed7b0-a83d-4ba6-9421-5dfb9bcd4e6a" />
  </TestEntries>
  <TestLists>
    <TestList name="Results Not in a List" id="157ed7b0-a83d-4ba6-9421-5dfb9bcd4e6a" />
    <TestList name="All Loaded Results" id="fe8967fd-4a26-40e7-b14b-3974c32f1eb7" />
  </TestLists>
</TestRun>