<?xml version="1.0" encoding="UTF-8"?>
<TestRun id="204c7fbc-927e-456e-8438-ae68360295cb" name="Test Run 20" runUser="Oles Galatsan" xmlns="http://microsoft.com/schemas/VisualStudio/TeamTest/2010">
  <Times creation="2025-05-14T13:20:31.3125482Z" queuing="2025-05-14T13:20:31.3125482Z" start="2025-05-14T13:20:31.3146610Z" finish="2025-05-14T13:25:31.3147553Z" />
  <TestSettings name="Test Settings 20" id="f1d6b6a4-16e7-4c29-9388-229bd233ddab" />
  <Results>
    <UnitTestResult executionId="cac027d6-b019-4ff5-b61d-c053366db979" testId="ea3c5603-ca94-4ecd-851b-6f96397dcba3" testName="Test1901" computerName="UA-LPT-OGA2" duration="00:00:01.3010000" startTime="2025-05-14T13:20:31.3146610Z" endTime="2025-05-14T13:25:31.3147553Z" testType="13cdc9d9-ddb5-4fa4-a97d-d965ccfc6d4b" outcome="Failed" testListId="93ffc594-84e9-4891-9359-ed082b0f6c49">
      <Output>
        <ErrorInfo>
          <Message>Assertion failed: Expected value did not match actual value.</Message>
          <StackTrace>   at TestNamespace.TestClass.Test() in TestClass.cs:line 414</StackTrace>
        </ErrorInfo>
      </Output>
    </UnitTestResult>
    <UnitTestResult executionId="ca55dd26-61fd-4fc0-9cee-d8576dbca64c" testId="fbd3b5c1-fb1d-42f5-b72e-78bc927b6a21" testName="Test1902" computerName="UA-LPT-OGA2" duration="00:00:01.7980000" startTime="2025-05-14T13:20:31.3146610Z" endTime="2025-05-14T13:25:31.3147553Z" testType="13cdc9d9-ddb5-4fa4-a97d-d965ccfc6d4b" outcome="Passed" testListId="93ffc594-84e9-4891-9359-ed082b0f6c49" />
    <UnitTestResult executionId="6299ebdd-e421-4716-abef-e1623eea02f5" testId="0a3fad74-715d-4e6f-b4b3-8eabd48f3860" testName="Test1903" computerName="UA-LPT-OGA2" duration="00:00:01.4060000" startTime="2025-05-14T13:20:31.3146610Z" endTime="2025-05-14T13:25:31.3147553Z" testType="13cdc9d9-ddb5-4fa4-a97d-d965ccfc6d4b" outcome="Passed" testListId="93ffc594-84e9-4891-9359-ed082b0f6c49" />
    <UnitTestResult executionId="699c617e-1b10-4d89-84a7-90f188e17951" testId="7a2e66ac-d2aa-44b8-9eaf-6d4619f5dfc4" testName="Test1904" computerName="UA-LPT-OGA2" duration="00:00:00.0210000" startTime="2025-05-14T13:20:31.3146610Z" endTime="2025-05-14T13:25:31.3147553Z" testType="13cdc9d9-ddb5-4fa4-a97d-d965ccfc6d4b" outcome="Failed" testListId="93ffc594-84e9-4891-9359-ed082b0f6c49">
      <Output>
        <ErrorInfo>
          <Message>Assertion failed: Expected value did not match actual value.</Message>
          <StackTrace>   at TestNamespace.TestClass.Test() in TestClass.cs:line 124</StackTrace>
        </ErrorInfo>
      </Output>
    </UnitTestResult>
    <UnitTestResult executionId="2e4d1ece-b217-4d66-a131-66515c955726" testId="958b00af-ec77-452d-8656-15df0879ba86" testName="Test1905" computerName="UA-LPT-OGA2" duration="00:00:01.5780000" startTime="2025-05-14T13:20:31.3146610Z" endTime="2025-05-14T13:25:31.3147553Z" testType="13cdc9d9-ddb5-4fa4-a97d-d965ccfc6d4b" outcome="Passed" testListId="93ffc594-84e9-4891-9359-ed082b0f6c49" />
    <UnitTestResult executionId="640696f8-7d7c-4590-bd62-e92dc0ac7421" testId="f4f2986b-95f8-44f7-ad07-53bb58e62ddb" testName="Test1906" computerName="UA-LPT-OGA2" duration="00:00:00.0740000" startTime="2025-05-14T13:20:31.3146610Z" endTime="2025-05-14T13:25:31.3147553Z" testType="13cdc9d9-ddb5-4fa4-a97d-d965ccfc6d4b" outcome="Passed" testListId="93ffc594-84e9-4891-9359-ed082b0f6c49" />
    <UnitTestResult executionId="3ecdba2f-78fe-4ebd-9d53-66c331c2a252" testId="45da17cc-e6c6-4518-b411-e7d74052f917" testName="Test1907" computerName="UA-LPT-OGA2" duration="00:00:00.0780000" startTime="2025-05-14T13:20:31.3146610Z" endTime="2025-05-14T13:25:31.3147553Z" testType="13cdc9d9-ddb5-4fa4-a97d-d965ccfc6d4b" outcome="Passed" testListId="93ffc594-84e9-4891-9359-ed082b0f6c49" />
    <UnitTestResult executionId="6f5f7358-3a78-4500-a2ad-d9ed91157063" testId="dde7fba1-69bd-4b7c-b908-e9b127c72016" testName="Test1908" computerName="UA-LPT-OGA2" duration="00:00:01.0220000" startTime="2025-05-14T13:20:31.3146610Z" endTime="2025-05-14T13:25:31.3147553Z" testType="13cdc9d9-ddb5-4fa4-a97d-d965ccfc6d4b" outcome="Passed" testListId="93ffc594-84e9-4891-9359-ed082b0f6c49" />
    <UnitTestResult executionId="f12c0087-8791-4001-a83d-bf1b7d6b863e" testId="09936f86-840a-4f8c-b0e7-f708263224c0" testName="Test1909" computerName="UA-LPT-OGA2" duration="00:00:00.0890000" startTime="2025-05-14T13:20:31.3146610Z" endTime="2025-05-14T13:25:31.3147553Z" testType="13cdc9d9-ddb5-4fa4-a97d-d965ccfc6d4b" outcome="Passed" testListId="93ffc594-84e9-4891-9359-ed082b0f6c49" />
    <UnitTestResult executionId="480fb5c8-ab95-4046-aa2f-1586a9d344b6" testId="6d62ca5c-60b1-4e6e-91d6-aad2216ea7a2" testName="Test1910" computerName="UA-LPT-OGA2" duration="00:00:01.3730000" startTime="2025-05-14T13:20:31.3146610Z" endTime="2025-05-14T13:25:31.3147553Z" testType="13cdc9d9-ddb5-4fa4-a97d-d965ccfc6d4b" outcome="Passed" testListId="93ffc594-84e9-4891-9359-ed082b0f6c49" />
    <UnitTestResult executionId="89c64b28-d4c4-4f03-ade4-2660cf5a647c" testId="16e778e6-9fd8-4152-8cd5-ce5c0410d0e9" testName="Test1911" computerName="UA-LPT-OGA2" duration="00:00:00.9950000" startTime="2025-05-14T13:20:31.3146610Z" endTime="2025-05-14T13:25:31.3147553Z" testType="13cdc9d9-ddb5-4fa4-a97d-d965ccfc6d4b" outcome="Passed" testListId="93ffc594-84e9-4891-9359-ed082b0f6c49" />
    <UnitTestResult executionId="1489c680-5209-418d-b8f6-bedb664ae703" testId="512ce217-41b5-4ba2-8229-003bc234ca44" testName="Test1912" computerName="UA-LPT-OGA2" duration="00:00:00.2120000" startTime="2025-05-14T13:20:31.3146610Z" endTime="2025-05-14T13:25:31.3147553Z" testType="13cdc9d9-ddb5-4fa4-a97d-d965ccfc6d4b" outcome="Passed" testListId="93ffc594-84e9-4891-9359-ed082b0f6c49" />
    <UnitTestResult executionId="0fbde8c9-8440-4a19-b701-7f9d73aacaa7" testId="5e148b04-255e-45ab-ae8d-b5f4b7baa305" testName="Test1913" computerName="UA-LPT-OGA2" duration="00:00:00.2130000" startTime="2025-05-14T13:20:31.3146610Z" endTime="2025-05-14T13:25:31.3147553Z" testType="13cdc9d9-ddb5-4fa4-a97d-d965ccfc6d4b" outcome="Passed" testListId="93ffc594-84e9-4891-9359-ed082b0f6c49" />
    <UnitTestResult executionId="f17660cc-e488-472e-bcde-0797a6c8e682" testId="f38a27df-83e0-4acb-a04c-7b33629427f7" testName="Test1914" computerName="UA-LPT-OGA2" duration="00:00:00.4310000" startTime="2025-05-14T13:20:31.3146610Z" endTime="2025-05-14T13:25:31.3147553Z" testType="13cdc9d9-ddb5-4fa4-a97d-d965ccfc6d4b" outcome="Passed" testListId="93ffc594-84e9-4891-9359-ed082b0f6c49" />
    <UnitTestResult executionId="675ef81a-9b20-4374-b502-5360e9527a12" testId="5604c88a-11b5-4a5b-9b15-320245dbbda4" testName="Test1915" computerName="UA-LPT-OGA2" duration="00:00:01.8420000" startTime="2025-05-14T13:20:31.3146610Z" endTime="2025-05-14T13:25:31.3147553Z" testType="13cdc9d9-ddb5-4fa4-a97d-d965ccfc6d4b" outcome="Passed" testListId="93ffc594-84e9-4891-9359-ed082b0f6c49" />
    <UnitTestResult executionId="2ef9d15a-9018-402d-9f4d-74ef92f615f6" testId="53084152-15d0-4c22-a284-436b5e982965" testName="Test1916" computerName="UA-LPT-OGA2" duration="00:00:01.9920000" startTime="2025-05-14T13:20:31.3146610Z" endTime="2025-05-14T13:25:31.3147553Z" testType="13cdc9d9-ddb5-4fa4-a97d-d965ccfc6d4b" outcome="Passed" testListId="93ffc594-84e9-4891-9359-ed082b0f6c49" />
    <UnitTestResult executionId="27d94af0-99e2-4e9e-b46b-d70ff812b902" testId="9fbce8d4-4752-44b7-9d13-273e59394507" testName="Test1917" computerName="UA-LPT-OGA2" duration="00:00:01.2930000" startTime="2025-05-14T13:20:31.3146610Z" endTime="2025-05-14T13:25:31.3147553Z" testType="13cdc9d9-ddb5-4fa4-a97d-d965ccfc6d4b" outcome="Passed" testListId="93ffc594-84e9-4891-9359-ed082b0f6c49" />
    <UnitTestResult executionId="fa0031bf-e6ae-49b5-93c7-b8b2c25eec20" testId="2502438e-7858-4ebe-baca-186c11214ad5" testName="Test1918" computerName="UA-LPT-OGA2" duration="00:00:01.5610000" startTime="2025-05-14T13:20:31.3146610Z" endTime="2025-05-14T13:25:31.3147553Z" testType="13cdc9d9-ddb5-4fa4-a97d-d965ccfc6d4b" outcome="Passed" testListId="93ffc594-84e9-4891-9359-ed082b0f6c49" />
    <UnitTestResult executionId="8f8f8087-a850-4203-bc93-3f3b65d4efe9" testId="13905f35-f74a-4f9f-9bc7-33fb13d2cc3c" testName="Test1919" computerName="UA-LPT-OGA2" duration="00:00:01.8170000" startTime="2025-05-14T13:20:31.3146610Z" endTime="2025-05-14T13:25:31.3147553Z" testType="13cdc9d9-ddb5-4fa4-a97d-d965ccfc6d4b" outcome="Passed" testListId="93ffc594-84e9-4891-9359-ed082b0f6c49" />
    <UnitTestResult executionId="4cecb91c-1253-4e21-98cc-9e29c1daa5d1" testId="b33db3cc-5317-4901-9c23-a872d063b259" testName="Test1920" computerName="UA-LPT-OGA2" duration="00:00:01.8890000" startTime="2025-05-14T13:20:31.3146610Z" endTime="2025-05-14T13:25:31.3147553Z" testType="13cdc9d9-ddb5-4fa4-a97d-d965ccfc6d4b" outcome="Passed" testListId="93ffc594-84e9-4891-9359-ed082b0f6c49" />
    <UnitTestResult executionId="6287f559-65de-497a-a730-7bf67cd1fa4a" testId="7cd85676-3c1b-4342-8331-cc9391456fc9" testName="Test1921" computerName="UA-LPT-OGA2" duration="00:00:01.5420000" startTime="2025-05-14T13:20:31.3146610Z" endTime="2025-05-14T13:25:31.3147553Z" testType="13cdc9d9-ddb5-4fa4-a97d-d965ccfc6d4b" outcome="Passed" testListId="93ffc594-84e9-4891-9359-ed082b0f6c49" />
    <UnitTestResult executionId="c1e97e7f-16a6-4d72-8e1b-177d3a5b31d3" testId="ab7d3d19-9736-4c22-b6d1-987ac7a3826c" testName="Test1922" computerName="UA-LPT-OGA2" duration="00:00:01.9240000" startTime="2025-05-14T13:20:31.3146610Z" endTime="2025-05-14T13:25:31.3147553Z" testType="13cdc9d9-ddb5-4fa4-a97d-d965ccfc6d4b" outcome="Passed" testListId="93ffc594-84e9-4891-9359-ed082b0f6c49" />
    <UnitTestResult executionId="1534fd2e-19fa-4eac-ba61-cfd2b0a6bf50" testId="9cdc9681-becf-4cb7-a199-7cf27d85ac77" testName="Test1923" computerName="UA-LPT-OGA2" duration="00:00:01.4360000" startTime="2025-05-14T13:20:31.3146610Z" endTime="2025-05-14T13:25:31.3147553Z" testType="13cdc9d9-ddb5-4fa4-a97d-d965ccfc6d4b" outcome="Passed" testListId="93ffc594-84e9-4891-9359-ed082b0f6c49" />
    <UnitTestResult executionId="7a46b9d4-d911-49af-94c8-369b2f4f7ea8" testId="df051b08-c531-4756-b6c7-9c8ab4239a1a" testName="Test1924" computerName="UA-LPT-OGA2" duration="00:00:00.6980000" startTime="2025-05-14T13:20:31.3146610Z" endTime="2025-05-14T13:25:31.3147553Z" testType="13cdc9d9-ddb5-4fa4-a97d-d965ccfc6d4b" outcome="Passed" testListId="93ffc594-84e9-4891-9359-ed082b0f6c49" />
    <UnitTestResult executionId="82410e91-264a-425f-9c80-dd777b1876a0" testId="83c7ef26-7079-43c0-ab55-10032329cdcd" testName="Test1925" computerName="UA-LPT-OGA2" duration="00:00:00.1360000" startTime="2025-05-14T13:20:31.3146610Z" endTime="2025-05-14T13:25:31.3147553Z" testType="13cdc9d9-ddb5-4fa4-a97d-d965ccfc6d4b" outcome="Passed" testListId="93ffc594-84e9-4891-9359-ed082b0f6c49" />
    <UnitTestResult executionId="c4ff83f9-dda4-4379-b959-37c7202c82b5" testId="153a2d72-cb3b-4eee-9f9c-417e8859503b" testName="Test1926" computerName="UA-LPT-OGA2" duration="00:00:01.5850000" startTime="2025-05-14T13:20:31.3146610Z" endTime="2025-05-14T13:25:31.3147553Z" testType="13cdc9d9-ddb5-4fa4-a97d-d965ccfc6d4b" outcome="Passed" testListId="93ffc594-84e9-4891-9359-ed082b0f6c49" />
    <UnitTestResult executionId="42856b1f-01c2-434b-b1bc-af8624958faa" testId="86cb614b-fce4-41eb-872f-bfeae08c172f" testName="Test1927" computerName="UA-LPT-OGA2" duration="00:00:01.9000000" startTime="2025-05-14T13:20:31.3146610Z" endTime="2025-05-14T13:25:31.3147553Z" testType="13cdc9d9-ddb5-4fa4-a97d-d965ccfc6d4b" outcome="Passed" testListId="93ffc594-84e9-4891-9359-ed082b0f6c49" />
    <UnitTestResult executionId="08ded36c-eff7-414f-8f38-fcb535939548" testId="8c501dad-40eb-404b-bc01-e23a5aa9ae5f" testName="Test1928" computerName="UA-LPT-OGA2" duration="00:00:00.5830000" startTime="2025-05-14T13:20:31.3146610Z" endTime="2025-05-14T13:25:31.3147553Z" testType="13cdc9d9-ddb5-4fa4-a97d-d965ccfc6d4b" outcome="Passed" testListId="93ffc594-84e9-4891-9359-ed082b0f6c49" />
    <UnitTestResult executionId="f1d3e167-59ee-4a2e-8566-4a49c4e0862a" testId="5291ca45-1c58-448c-afde-e6e6b0727388" testName="Test1929" computerName="UA-LPT-OGA2" duration="00:00:00.4990000" startTime="2025-05-14T13:20:31.3146610Z" endTime="2025-05-14T13:25:31.3147553Z" testType="13cdc9d9-ddb5-4fa4-a97d-d965ccfc6d4b" outcome="Passed" testListId="93ffc594-84e9-4891-9359-ed082b0f6c49" />
    <UnitTestResult executionId="fc902ab6-fbc0-4678-b759-50bd4ed1e3c6" testId="d3a34344-63ef-4a1e-ab8d-692cb4325757" testName="Test1930" computerName="UA-LPT-OGA2" duration="00:00:00.1280000" startTime="2025-05-14T13:20:31.3146610Z" endTime="2025-05-14T13:25:31.3147553Z" testType="13cdc9d9-ddb5-4fa4-a97d-d965ccfc6d4b" outcome="Passed" testListId="93ffc594-84e9-4891-9359-ed082b0f6c49" />
    <UnitTestResult executionId="0b5b26d9-d6fe-4602-995d-35f2095e86f7" testId="9be4ea9a-095d-40b7-871a-eeba93669a0f" testName="Test1931" computerName="UA-LPT-OGA2" duration="00:00:00.6530000" startTime="2025-05-14T13:20:31.3146610Z" endTime="2025-05-14T13:25:31.3147553Z" testType="13cdc9d9-ddb5-4fa4-a97d-d965ccfc6d4b" outcome="Inconclusive" testListId="93ffc594-84e9-4891-9359-ed082b0f6c49" />
    <UnitTestResult executionId="f0ed1c12-ecca-4af9-a182-fd5ea921f9e1" testId="36b1af8c-b911-4897-adf4-bacd8c437492" testName="Test1932" computerName="UA-LPT-OGA2" duration="00:00:01.0970000" startTime="2025-05-14T13:20:31.3146610Z" endTime="2025-05-14T13:25:31.3147553Z" testType="13cdc9d9-ddb5-4fa4-a97d-d965ccfc6d4b" outcome="Passed" testListId="93ffc594-84e9-4891-9359-ed082b0f6c49" />
    <UnitTestResult executionId="fe82ad84-deb3-40ba-b02e-33bdca82715e" testId="0d5cfe14-395f-4b2d-8673-5121d99973d8" testName="Test1933" computerName="UA-LPT-OGA2" duration="00:00:00.7680000" startTime="2025-05-14T13:20:31.3146610Z" endTime="2025-05-14T13:25:31.3147553Z" testType="13cdc9d9-ddb5-4fa4-a97d-d965ccfc6d4b" outcome="Passed" testListId="93ffc594-84e9-4891-9359-ed082b0f6c49" />
    <UnitTestResult executionId="ff4e766a-3104-4397-b2a2-bcf798234164" testId="c9e6fcd0-9b66-42a6-83a5-e5dbe3cbf56a" testName="Test1934" computerName="UA-LPT-OGA2" duration="00:00:01.6000000" startTime="2025-05-14T13:20:31.3146610Z" endTime="2025-05-14T13:25:31.3147553Z" testType="13cdc9d9-ddb5-4fa4-a97d-d965ccfc6d4b" outcome="Passed" testListId="93ffc594-84e9-4891-9359-ed082b0f6c49" />
    <UnitTestResult executionId="d82add2d-d1dd-4077-a978-3cf096e7fce3" testId="b1a50631-c310-415f-b1ba-5c097292b717" testName="Test1935" computerName="UA-LPT-OGA2" duration="00:00:00.9770000" startTime="2025-05-14T13:20:31.3146610Z" endTime="2025-05-14T13:25:31.3147553Z" testType="13cdc9d9-ddb5-4fa4-a97d-d965ccfc6d4b" outcome="Passed" testListId="93ffc594-84e9-4891-9359-ed082b0f6c49" />
    <UnitTestResult executionId="114ace48-7e4d-4683-9b93-b56477513499" testId="52438e87-1b9c-48c5-9811-2fd1ac182159" testName="Test1936" computerName="UA-LPT-OGA2" duration="00:00:01.2290000" startTime="2025-05-14T13:20:31.3146610Z" endTime="2025-05-14T13:25:31.3147553Z" testType="13cdc9d9-ddb5-4fa4-a97d-d965ccfc6d4b" outcome="Passed" testListId="93ffc594-84e9-4891-9359-ed082b0f6c49" />
    <UnitTestResult executionId="b3125794-2a60-4264-8929-21c479145f22" testId="f115aec2-71e1-44d4-87e7-b2fe5b81ddaa" testName="Test1937" computerName="UA-LPT-OGA2" duration="00:00:01.7250000" startTime="2025-05-14T13:20:31.3146610Z" endTime="2025-05-14T13:25:31.3147553Z" testType="13cdc9d9-ddb5-4fa4-a97d-d965ccfc6d4b" outcome="Passed" testListId="93ffc594-84e9-4891-9359-ed082b0f6c49" />
    <UnitTestResult executionId="77e3c829-6d0a-4696-8fea-2872a4f19517" testId="08fa00bc-7c49-4663-8a46-9af458167b65" testName="Test1938" computerName="UA-LPT-OGA2" duration="00:00:01.9520000" startTime="2025-05-14T13:20:31.3146610Z" endTime="2025-05-14T13:25:31.3147553Z" testType="13cdc9d9-ddb5-4fa4-a97d-d965ccfc6d4b" outcome="Passed" testListId="93ffc594-84e9-4891-9359-ed082b0f6c49" />
    <UnitTestResult executionId="76e7ccce-a500-451b-9037-2fd437b4fbd1" testId="91a12a30-1916-4737-b2da-1bbc6452820f" testName="Test1939" computerName="UA-LPT-OGA2" duration="00:00:00.1560000" startTime="2025-05-14T13:20:31.3146610Z" endTime="2025-05-14T13:25:31.3147553Z" testType="13cdc9d9-ddb5-4fa4-a97d-d965ccfc6d4b" outcome="Passed" testListId="93ffc594-84e9-4891-9359-ed082b0f6c49" />
    <UnitTestResult executionId="3b7482b4-6270-4bd5-9caa-a15cc83b48fc" testId="7db4a919-75cf-42a7-82b8-65dc9ed14e5f" testName="Test1940" computerName="UA-LPT-OGA2" duration="00:00:01.6650000" startTime="2025-05-14T13:20:31.3146610Z" endTime="2025-05-14T13:25:31.3147553Z" testType="13cdc9d9-ddb5-4fa4-a97d-d965ccfc6d4b" outcome="Passed" testListId="93ffc594-84e9-4891-9359-ed082b0f6c49" />
    <UnitTestResult executionId="25ce57ce-3e54-4a7d-95bf-123a2f3977df" testId="545e4d22-e55a-4c8f-b96f-fa53dd80f7ac" testName="Test1941" computerName="UA-LPT-OGA2" duration="00:00:01.1220000" startTime="2025-05-14T13:20:31.3146610Z" endTime="2025-05-14T13:25:31.3147553Z" testType="13cdc9d9-ddb5-4fa4-a97d-d965ccfc6d4b" outcome="Passed" testListId="93ffc594-84e9-4891-9359-ed082b0f6c49" />
    <UnitTestResult executionId="cd9d82b0-e170-492d-9f8b-bda7d1b2c7ff" testId="846e6b32-4548-4eb0-96b2-ac62fceb3fcc" testName="Test1942" computerName="UA-LPT-OGA2" duration="00:00:00.7310000" startTime="2025-05-14T13:20:31.3146610Z" endTime="2025-05-14T13:25:31.3147553Z" testType="13cdc9d9-ddb5-4fa4-a97d-d965ccfc6d4b" outcome="Passed" testListId="93ffc594-84e9-4891-9359-ed082b0f6c49" />
    <UnitTestResult executionId="2d907350-589d-42e1-bfaa-1f94e101c723" testId="a19e7e8f-436f-4677-86dc-d21928b278ca" testName="Test1943" computerName="UA-LPT-OGA2" duration="00:00:00.1910000" startTime="2025-05-14T13:20:31.3146610Z" endTime="2025-05-14T13:25:31.3147553Z" testType="13cdc9d9-ddb5-4fa4-a97d-d965ccfc6d4b" outcome="Passed" testListId="93ffc594-84e9-4891-9359-ed082b0f6c49" />
    <UnitTestResult executionId="958d7adb-f970-47e5-9a08-b9d363d054fe" testId="46e10a5e-c861-4469-9bc7-55ca04f8817f" testName="Test1944" computerName="UA-LPT-OGA2" duration="00:00:00.8720000" startTime="2025-05-14T13:20:31.3146610Z" endTime="2025-05-14T13:25:31.3147553Z" testType="13cdc9d9-ddb5-4fa4-a97d-d965ccfc6d4b" outcome="Passed" testListId="93ffc594-84e9-4891-9359-ed082b0f6c49" />
    <UnitTestResult executionId="b39c6f90-cff1-4b5a-a540-1ae2d002f252" testId="be8ed36a-5bbd-46b3-be55-c68aa61cfd9d" testName="Test1945" computerName="UA-LPT-OGA2" duration="00:00:00.4310000" startTime="2025-05-14T13:20:31.3146610Z" endTime="2025-05-14T13:25:31.3147553Z" testType="13cdc9d9-ddb5-4fa4-a97d-d965ccfc6d4b" outcome="Passed" testListId="93ffc594-84e9-4891-9359-ed082b0f6c49" />
    <UnitTestResult executionId="225cc231-6010-485f-a9dc-6fb366adb9a5" testId="b98a90a7-78e4-4530-aaf0-ae6bb7f828a2" testName="Test1946" computerName="UA-LPT-OGA2" duration="00:00:00.7440000" startTime="2025-05-14T13:20:31.3146610Z" endTime="2025-05-14T13:25:31.3147553Z" testType="13cdc9d9-ddb5-4fa4-a97d-d965ccfc6d4b" outcome="Passed" testListId="93ffc594-84e9-4891-9359-ed082b0f6c49" />
    <UnitTestResult executionId="54d2c7f1-4844-42e5-a680-b9521b0ec59c" testId="ac8666a4-e409-46a6-8dff-ee4f992746e3" testName="Test1947" computerName="UA-LPT-OGA2" duration="00:00:00.7180000" startTime="2025-05-14T13:20:31.3146610Z" endTime="2025-05-14T13:25:31.3147553Z" testType="13cdc9d9-ddb5-4fa4-a97d-d965ccfc6d4b" outcome="Failed" testListId="93ffc594-84e9-4891-9359-ed082b0f6c49">
      <Output>
        <ErrorInfo>
          <Message>Assertion failed: Expected value did not match actual value.</Message>
          <StackTrace>   at TestNamespace.TestClass.Test() in TestClass.cs:line 375</StackTrace>
        </ErrorInfo>
      </Output>
    </UnitTestResult>
    <UnitTestResult executionId="2c8dff1a-2620-4658-ab3d-b09f85c85c04" testId="e10a03ec-aad6-479d-95a8-078daa15a05b" testName="Test1948" computerName="UA-LPT-OGA2" duration="00:00:01.7350000" startTime="2025-05-14T13:20:31.3146610Z" endTime="2025-05-14T13:25:31.3147553Z" testType="13cdc9d9-ddb5-4fa4-a97d-d965ccfc6d4b" outcome="Passed" testListId="93ffc594-84e9-4891-9359-ed082b0f6c49" />
    <UnitTestResult executionId="680f7dce-b28a-4f8e-bc57-4758ec7d9400" testId="87c39d6a-589c-4ebe-ac0c-e5fb7ed01170" testName="Test1949" computerName="UA-LPT-OGA2" duration="00:00:00.9560000" startTime="2025-05-14T13:20:31.3146610Z" endTime="2025-05-14T13:25:31.3147553Z" testType="13cdc9d9-ddb5-4fa4-a97d-d965ccfc6d4b" outcome="Passed" testListId="93ffc594-84e9-4891-9359-ed082b0f6c49" />
    <UnitTestResult executionId="b6731924-fdb2-4b5f-a65b-77a59ef87513" testId="701b962d-aec9-4b4b-befa-135a6ebc78e1" testName="Test1950" computerName="UA-LPT-OGA2" duration="00:00:00.1730000" startTime="2025-05-14T13:20:31.3146610Z" endTime="2025-05-14T13:25:31.3147553Z" testType="13cdc9d9-ddb5-4fa4-a97d-d965ccfc6d4b" outcome="Passed" testListId="93ffc594-84e9-4891-9359-ed082b0f6c49" />
    <UnitTestResult executionId="c4cd6764-813f-4916-a6f8-89b6cd5f4187" testId="d11c8ea7-6ad5-4194-9a52-9da5ea4f2814" testName="Test1951" computerName="UA-LPT-OGA2" duration="00:00:00.8710000" startTime="2025-05-14T13:20:31.3146610Z" endTime="2025-05-14T13:25:31.3147553Z" testType="13cdc9d9-ddb5-4fa4-a97d-d965ccfc6d4b" outcome="Passed" testListId="93ffc594-84e9-4891-9359-ed082b0f6c49" />
    <UnitTestResult executionId="c9c0d8d3-f8ff-425d-b8a7-c0db6e29a2c2" testId="11c5bd3d-fcd7-4d86-85c3-45e8c1245bc4" testName="Test1952" computerName="UA-LPT-OGA2" duration="00:00:01.0960000" startTime="2025-05-14T13:20:31.3146610Z" endTime="2025-05-14T13:25:31.3147553Z" testType="13cdc9d9-ddb5-4fa4-a97d-d965ccfc6d4b" outcome="Passed" testListId="93ffc594-84e9-4891-9359-ed082b0f6c49" />
    <UnitTestResult executionId="f399f63c-19d7-4af6-ae9e-7fb5b308f7b2" testId="ae3bbdb2-ac84-40d3-814a-702e6d212d6a" testName="Test1953" computerName="UA-LPT-OGA2" duration="00:00:01.3330000" startTime="2025-05-14T13:20:31.3146610Z" endTime="2025-05-14T13:25:31.3147553Z" testType="13cdc9d9-ddb5-4fa4-a97d-d965ccfc6d4b" outcome="Passed" testListId="93ffc594-84e9-4891-9359-ed082b0f6c49" />
    <UnitTestResult executionId="a38067c9-3345-4b10-adbf-c2346fdd82b2" testId="c0eb96ca-1bd6-4ed0-8c15-8347c2710d24" testName="Test1954" computerName="UA-LPT-OGA2" duration="00:00:01.4010000" startTime="2025-05-14T13:20:31.3146610Z" endTime="2025-05-14T13:25:31.3147553Z" testType="13cdc9d9-ddb5-4fa4-a97d-d965ccfc6d4b" outcome="Passed" testListId="93ffc594-84e9-4891-9359-ed082b0f6c49" />
    <UnitTestResult executionId="c463e688-e11d-4a34-bcc1-378057296595" testId="8ba88d90-ccfb-46ff-9beb-c62a33cb16b7" testName="Test1955" computerName="UA-LPT-OGA2" duration="00:00:00.4330000" startTime="2025-05-14T13:20:31.3146610Z" endTime="2025-05-14T13:25:31.3147553Z" testType="13cdc9d9-ddb5-4fa4-a97d-d965ccfc6d4b" outcome="Passed" testListId="93ffc594-84e9-4891-9359-ed082b0f6c49" />
    <UnitTestResult executionId="0a873506-f885-405a-8ef6-05382bf0b1d1" testId="1f11d7e7-7380-4979-82ac-8cf283056362" testName="Test1956" computerName="UA-LPT-OGA2" duration="00:00:00.2690000" startTime="2025-05-14T13:20:31.3146610Z" endTime="2025-05-14T13:25:31.3147553Z" testType="13cdc9d9-ddb5-4fa4-a97d-d965ccfc6d4b" outcome="Passed" testListId="93ffc594-84e9-4891-9359-ed082b0f6c49" />
    <UnitTestResult executionId="41b5a412-e948-45e1-a5f8-d300d3932e85" testId="634b9858-c7b3-48e5-b336-49076e8e2e06" testName="Test1957" computerName="UA-LPT-OGA2" duration="00:00:00.2570000" startTime="2025-05-14T13:20:31.3146610Z" endTime="2025-05-14T13:25:31.3147553Z" testType="13cdc9d9-ddb5-4fa4-a97d-d965ccfc6d4b" outcome="Passed" testListId="93ffc594-84e9-4891-9359-ed082b0f6c49" />
    <UnitTestResult executionId="6a53a830-1792-45cc-a45e-1032d6dfc4d7" testId="2855795a-19aa-402a-ba5f-b978aa5ce798" testName="Test1958" computerName="UA-LPT-OGA2" duration="00:00:00.4400000" startTime="2025-05-14T13:20:31.3146610Z" endTime="2025-05-14T13:25:31.3147553Z" testType="13cdc9d9-ddb5-4fa4-a97d-d965ccfc6d4b" outcome="Passed" testListId="93ffc594-84e9-4891-9359-ed082b0f6c49" />
    <UnitTestResult executionId="3f5e6889-dec1-41f1-b521-39e8da025cc6" testId="4ba1e4c9-bcb5-47f9-8884-54386c454ab4" testName="Test1959" computerName="UA-LPT-OGA2" duration="00:00:01.9090000" startTime="2025-05-14T13:20:31.3146610Z" endTime="2025-05-14T13:25:31.3147553Z" testType="13cdc9d9-ddb5-4fa4-a97d-d965ccfc6d4b" outcome="Passed" testListId="93ffc594-84e9-4891-9359-ed082b0f6c49" />
    <UnitTestResult executionId="7f66a197-9f65-43ee-aee6-65b5308bb6a5" testId="86613dab-ee9d-4e1c-86ff-d8a2fa030407" testName="Test1960" computerName="UA-LPT-OGA2" duration="00:00:01.2410000" startTime="2025-05-14T13:20:31.3146610Z" endTime="2025-05-14T13:25:31.3147553Z" testType="13cdc9d9-ddb5-4fa4-a97d-d965ccfc6d4b" outcome="Passed" testListId="93ffc594-84e9-4891-9359-ed082b0f6c49" />
    <UnitTestResult executionId="46022234-bc04-4d7d-93e0-67744f94be01" testId="54a18cd3-8584-40ec-9e66-30de40460b8d" testName="Test1961" computerName="UA-LPT-OGA2" duration="00:00:01.2670000" startTime="2025-05-14T13:20:31.3146610Z" endTime="2025-05-14T13:25:31.3147553Z" testType="13cdc9d9-ddb5-4fa4-a97d-d965ccfc6d4b" outcome="Passed" testListId="93ffc594-84e9-4891-9359-ed082b0f6c49" />
    <UnitTestResult executionId="1944e1f0-4eef-44c5-8be0-99dd9836ec9d" testId="021a1c6b-f434-4813-a8ec-603303486422" testName="Test1962" computerName="UA-LPT-OGA2" duration="00:00:00.9160000" startTime="2025-05-14T13:20:31.3146610Z" endTime="2025-05-14T13:25:31.3147553Z" testType="13cdc9d9-ddb5-4fa4-a97d-d965ccfc6d4b" outcome="Failed" testListId="93ffc594-84e9-4891-9359-ed082b0f6c49">
      <Output>
        <ErrorInfo>
          <Message>Assertion failed: Expected value did not match actual value.</Message>
          <StackTrace>   at TestNamespace.TestClass.Test() in TestClass.cs:line 415</StackTrace>
        </ErrorInfo>
      </Output>
    </UnitTestResult>
    <UnitTestResult executionId="f1597e85-943b-4d89-9add-ff7d2bf533df" testId="fa57db55-248e-4a55-bee0-ad0a963c573a" testName="Test1963" computerName="UA-LPT-OGA2" duration="00:00:00.2900000" startTime="2025-05-14T13:20:31.3146610Z" endTime="2025-05-14T13:25:31.3147553Z" testType="13cdc9d9-ddb5-4fa4-a97d-d965ccfc6d4b" outcome="Failed" testListId="93ffc594-84e9-4891-9359-ed082b0f6c49">
      <Output>
        <ErrorInfo>
          <Message>Assertion failed: Expected value did not match actual value.</Message>
          <StackTrace>   at TestNamespace.TestClass.Test() in TestClass.cs:line 99</StackTrace>
        </ErrorInfo>
      </Output>
    </UnitTestResult>
    <UnitTestResult executionId="75ef730c-92be-4454-a2d0-8f7456973424" testId="da8445df-bce8-4346-a1d9-57c32de898f8" testName="Test1964" computerName="UA-LPT-OGA2" duration="00:00:00.5700000" startTime="2025-05-14T13:20:31.3146610Z" endTime="2025-05-14T13:25:31.3147553Z" testType="13cdc9d9-ddb5-4fa4-a97d-d965ccfc6d4b" outcome="Passed" testListId="93ffc594-84e9-4891-9359-ed082b0f6c49" />
    <UnitTestResult executionId="2c6a4974-50a6-4042-b5a6-27bfd85d7d45" testId="72811ecc-8f8b-4ecb-bd5a-775df17d9b48" testName="Test1965" computerName="UA-LPT-OGA2" duration="00:00:00.7040000" startTime="2025-05-14T13:20:31.3146610Z" endTime="2025-05-14T13:25:31.3147553Z" testType="13cdc9d9-ddb5-4fa4-a97d-d965ccfc6d4b" outcome="Passed" testListId="93ffc594-84e9-4891-9359-ed082b0f6c49" />
    <UnitTestResult executionId="74bf5687-6fda-4c63-a388-325b352c5214" testId="c1a317a0-11b0-4e53-b5ce-5194b02252de" testName="Test1966" computerName="UA-LPT-OGA2" duration="00:00:01.2600000" startTime="2025-05-14T13:20:31.3146610Z" endTime="2025-05-14T13:25:31.3147553Z" testType="13cdc9d9-ddb5-4fa4-a97d-d965ccfc6d4b" outcome="Passed" testListId="93ffc594-84e9-4891-9359-ed082b0f6c49" />
    <UnitTestResult executionId="b9f76ce5-eca8-499b-a094-2058b2dab24b" testId="ce833dc3-7e04-44ef-8acb-8ce6ad16406a" testName="Test1967" computerName="UA-LPT-OGA2" duration="00:00:00.7570000" startTime="2025-05-14T13:20:31.3146610Z" endTime="2025-05-14T13:25:31.3147553Z" testType="13cdc9d9-ddb5-4fa4-a97d-d965ccfc6d4b" outcome="Passed" testListId="93ffc594-84e9-4891-9359-ed082b0f6c49" />
    <UnitTestResult executionId="9255adc4-0267-414b-9d50-b3068e7adf24" testId="f92df5c2-c97b-43ca-9395-235dea3d9eec" testName="Test1968" computerName="UA-LPT-OGA2" duration="00:00:00.0360000" startTime="2025-05-14T13:20:31.3146610Z" endTime="2025-05-14T13:25:31.3147553Z" testType="13cdc9d9-ddb5-4fa4-a97d-d965ccfc6d4b" outcome="Passed" testListId="93ffc594-84e9-4891-9359-ed082b0f6c49" />
    <UnitTestResult executionId="3bf75530-26ea-43a8-adbc-770eda4f56e4" testId="fb75bc66-aa6d-4872-9e82-aec3431eefd5" testName="Test1969" computerName="UA-LPT-OGA2" duration="00:00:01.9540000" startTime="2025-05-14T13:20:31.3146610Z" endTime="2025-05-14T13:25:31.3147553Z" testType="13cdc9d9-ddb5-4fa4-a97d-d965ccfc6d4b" outcome="Passed" testListId="93ffc594-84e9-4891-9359-ed082b0f6c49" />
    <UnitTestResult executionId="48730edd-5f2c-4770-89df-d72e6d6963b5" testId="5c2b7a0e-7f2c-4fdb-aee4-b3f2c03f1b3d" testName="Test1970" computerName="UA-LPT-OGA2" duration="00:00:01.5550000" startTime="2025-05-14T13:20:31.3146610Z" endTime="2025-05-14T13:25:31.3147553Z" testType="13cdc9d9-ddb5-4fa4-a97d-d965ccfc6d4b" outcome="Passed" testListId="93ffc594-84e9-4891-9359-ed082b0f6c49" />
    <UnitTestResult executionId="894f0314-b3e8-4073-8f12-21a0f7a631ad" testId="8004925b-87a8-4175-ad7b-77a9e88a3d1c" testName="Test1971" computerName="UA-LPT-OGA2" duration="00:00:01.4780000" startTime="2025-05-14T13:20:31.3146610Z" endTime="2025-05-14T13:25:31.3147553Z" testType="13cdc9d9-ddb5-4fa4-a97d-d965ccfc6d4b" outcome="Passed" testListId="93ffc594-84e9-4891-9359-ed082b0f6c49" />
    <UnitTestResult executionId="b8a66121-0360-4c86-bae9-598a08d5e99b" testId="0b069e46-b85b-4e02-9386-176ad015f1f2" testName="Test1972" computerName="UA-LPT-OGA2" duration="00:00:01.9880000" startTime="2025-05-14T13:20:31.3146610Z" endTime="2025-05-14T13:25:31.3147553Z" testType="13cdc9d9-ddb5-4fa4-a97d-d965ccfc6d4b" outcome="Passed" testListId="93ffc594-84e9-4891-9359-ed082b0f6c49" />
    <UnitTestResult executionId="4565ef2d-5624-4219-9fa9-bd36ac8dbcb0" testId="20d07d93-c9ce-483c-bffb-b70cf9162d80" testName="Test1973" computerName="UA-LPT-OGA2" duration="00:00:00.6860000" startTime="2025-05-14T13:20:31.3146610Z" endTime="2025-05-14T13:25:31.3147553Z" testType="13cdc9d9-ddb5-4fa4-a97d-d965ccfc6d4b" outcome="Passed" testListId="93ffc594-84e9-4891-9359-ed082b0f6c49" />
    <UnitTestResult executionId="189742c5-3785-4aab-95ce-ce141d7124c3" testId="730f2f27-abd7-443f-8a46-b785e55bb7b7" testName="Test1974" computerName="UA-LPT-OGA2" duration="00:00:01.4430000" startTime="2025-05-14T13:20:31.3146610Z" endTime="2025-05-14T13:25:31.3147553Z" testType="13cdc9d9-ddb5-4fa4-a97d-d965ccfc6d4b" outcome="Passed" testListId="93ffc594-84e9-4891-9359-ed082b0f6c49" />
    <UnitTestResult executionId="6495be95-cec8-4ef1-b2fe-95caa5866162" testId="68135373-1525-407b-9698-081c560ee251" testName="Test1975" computerName="UA-LPT-OGA2" duration="00:00:01.9400000" startTime="2025-05-14T13:20:31.3146610Z" endTime="2025-05-14T13:25:31.3147553Z" testType="13cdc9d9-ddb5-4fa4-a97d-d965ccfc6d4b" outcome="Passed" testListId="93ffc594-84e9-4891-9359-ed082b0f6c49" />
    <UnitTestResult executionId="ab59b2bc-24ec-4110-aa95-413925c22d4f" testId="1eba7697-b866-43f9-a42e-47ceb445b004" testName="Test1976" computerName="UA-LPT-OGA2" duration="00:00:00.4630000" startTime="2025-05-14T13:20:31.3146610Z" endTime="2025-05-14T13:25:31.3147553Z" testType="13cdc9d9-ddb5-4fa4-a97d-d965ccfc6d4b" outcome="Failed" testListId="93ffc594-84e9-4891-9359-ed082b0f6c49">
      <Output>
        <ErrorInfo>
          <Message>Assertion failed: Expected value did not match actual value.</Message>
          <StackTrace>   at TestNamespace.TestClass.Test() in TestClass.cs:line 237</StackTrace>
        </ErrorInfo>
      </Output>
    </UnitTestResult>
    <UnitTestResult executionId="91735eed-1465-40fe-9ce7-71c9485b1672" testId="8aafbf81-1fc6-468b-9b38-8105b04178d8" testName="Test1977" computerName="UA-LPT-OGA2" duration="00:00:00.8070000" startTime="2025-05-14T13:20:31.3146610Z" endTime="2025-05-14T13:25:31.3147553Z" testType="13cdc9d9-ddb5-4fa4-a97d-d965ccfc6d4b" outcome="Passed" testListId="93ffc594-84e9-4891-9359-ed082b0f6c49" />
    <UnitTestResult executionId="4342f699-4732-489b-89ac-2a89c1e1f419" testId="81628e83-6f5a-4426-89d8-62175d0f08e3" testName="Test1978" computerName="UA-LPT-OGA2" duration="00:00:01.1890000" startTime="2025-05-14T13:20:31.3146610Z" endTime="2025-05-14T13:25:31.3147553Z" testType="13cdc9d9-ddb5-4fa4-a97d-d965ccfc6d4b" outcome="Passed" testListId="93ffc594-84e9-4891-9359-ed082b0f6c49" />
    <UnitTestResult executionId="e5846602-0e59-41fe-bf60-241dd31eb599" testId="aedde70e-e5a8-4778-b316-2a8e835a3417" testName="Test1979" computerName="UA-LPT-OGA2" duration="00:00:01.8000000" startTime="2025-05-14T13:20:31.3146610Z" endTime="2025-05-14T13:25:31.3147553Z" testType="13cdc9d9-ddb5-4fa4-a97d-d965ccfc6d4b" outcome="Inconclusive" testListId="93ffc594-84e9-4891-9359-ed082b0f6c49" />
    <UnitTestResult executionId="b28b9bfa-deee-42c5-a51a-5e3957cb48b6" testId="d3ed3965-e1de-455d-8cc6-896567382927" testName="Test1980" computerName="UA-LPT-OGA2" duration="00:00:01.9910000" startTime="2025-05-14T13:20:31.3146610Z" endTime="2025-05-14T13:25:31.3147553Z" testType="13cdc9d9-ddb5-4fa4-a97d-d965ccfc6d4b" outcome="Passed" testListId="93ffc594-84e9-4891-9359-ed082b0f6c49" />
    <UnitTestResult executionId="fd465e22-1c51-46c3-abca-179c0470933e" testId="03dab2f8-c7dc-4af5-8d26-d1527eeee1ae" testName="Test1981" computerName="UA-LPT-OGA2" duration="00:00:01.4260000" startTime="2025-05-14T13:20:31.3146610Z" endTime="2025-05-14T13:25:31.3147553Z" testType="13cdc9d9-ddb5-4fa4-a97d-d965ccfc6d4b" outcome="Passed" testListId="93ffc594-84e9-4891-9359-ed082b0f6c49" />
    <UnitTestResult executionId="6c202d86-0597-4172-a882-873b2bc169ab" testId="b81f3646-b7e4-4663-84e7-529d346e08f9" testName="Test1982" computerName="UA-LPT-OGA2" duration="00:00:01.7560000" startTime="2025-05-14T13:20:31.3146610Z" endTime="2025-05-14T13:25:31.3147553Z" testType="13cdc9d9-ddb5-4fa4-a97d-d965ccfc6d4b" outcome="Passed" testListId="93ffc594-84e9-4891-9359-ed082b0f6c49" />
    <UnitTestResult executionId="8ac8f2ca-e08b-473a-a990-d204c3de852e" testId="ba03a027-c3dd-467c-85e8-46dd84955fc9" testName="Test1983" computerName="UA-LPT-OGA2" duration="00:00:01.3770000" startTime="2025-05-14T13:20:31.3146610Z" endTime="2025-05-14T13:25:31.3147553Z" testType="13cdc9d9-ddb5-4fa4-a97d-d965ccfc6d4b" outcome="Passed" testListId="93ffc594-84e9-4891-9359-ed082b0f6c49" />
    <UnitTestResult executionId="7fcbb21c-f1bf-4882-8981-45875cc08ea9" testId="c9d37e1d-2de1-4366-8aca-3824a4d01510" testName="Test1984" computerName="UA-LPT-OGA2" duration="00:00:01.4270000" startTime="2025-05-14T13:20:31.3146610Z" endTime="2025-05-14T13:25:31.3147553Z" testType="13cdc9d9-ddb5-4fa4-a97d-d965ccfc6d4b" outcome="Passed" testListId="93ffc594-84e9-4891-9359-ed082b0f6c49" />
    <UnitTestResult executionId="5ab82ebe-bf43-4c53-be4c-b8da1b2e8f3d" testId="5c1e56a4-b995-4f90-af17-17fc687d4b51" testName="Test1985" computerName="UA-LPT-OGA2" duration="00:00:01.7190000" startTime="2025-05-14T13:20:31.3146610Z" endTime="2025-05-14T13:25:31.3147553Z" testType="13cdc9d9-ddb5-4fa4-a97d-d965ccfc6d4b" outcome="Passed" testListId="93ffc594-84e9-4891-9359-ed082b0f6c49" />
    <UnitTestResult executionId="922acdec-5fe4-46a1-b6a8-4d56e5d06129" testId="4ed9c30d-9809-4abe-b38f-914825d79bb3" testName="Test1986" computerName="UA-LPT-OGA2" duration="00:00:00.5810000" startTime="2025-05-14T13:20:31.3146610Z" endTime="2025-05-14T13:25:31.3147553Z" testType="13cdc9d9-ddb5-4fa4-a97d-d965ccfc6d4b" outcome="Passed" testListId="93ffc594-84e9-4891-9359-ed082b0f6c49" />
    <UnitTestResult executionId="5fc51ff8-c5ba-4d68-a9c7-1064cc4c82ff" testId="e3f79abf-d86e-4551-a30d-9cd1bd466ab1" testName="Test1987" computerName="UA-LPT-OGA2" duration="00:00:01.5760000" startTime="2025-05-14T13:20:31.3146610Z" endTime="2025-05-14T13:25:31.3147553Z" testType="13cdc9d9-ddb5-4fa4-a97d-d965ccfc6d4b" outcome="Passed" testListId="93ffc594-84e9-4891-9359-ed082b0f6c49" />
    <UnitTestResult executionId="1f12fe97-8c78-4a0d-bf67-733a6203045f" testId="7ecca673-db28-456f-b652-e895870a647b" testName="Test1988" computerName="UA-LPT-OGA2" duration="00:00:00.5970000" startTime="2025-05-14T13:20:31.3146610Z" endTime="2025-05-14T13:25:31.3147553Z" testType="13cdc9d9-ddb5-4fa4-a97d-d965ccfc6d4b" outcome="Passed" testListId="93ffc594-84e9-4891-9359-ed082b0f6c49" />
    <UnitTestResult executionId="ec3747bb-930b-4609-b37a-011298d94fc0" testId="e43b7e28-0b79-4d32-91dd-976f8419a965" testName="Test1989" computerName="UA-LPT-OGA2" duration="00:00:00.7960000" startTime="2025-05-14T13:20:31.3146610Z" endTime="2025-05-14T13:25:31.3147553Z" testType="13cdc9d9-ddb5-4fa4-a97d-d965ccfc6d4b" outcome="Passed" testListId="93ffc594-84e9-4891-9359-ed082b0f6c49" />
    <UnitTestResult executionId="0a5ec07e-1a49-4db6-8632-ea0bcf4a7990" testId="3492b17a-044d-40c2-aab9-f96cace916b8" testName="Test1990" computerName="UA-LPT-OGA2" duration="00:00:00.2800000" startTime="2025-05-14T13:20:31.3146610Z" endTime="2025-05-14T13:25:31.3147553Z" testType="13cdc9d9-ddb5-4fa4-a97d-d965ccfc6d4b" outcome="Passed" testListId="93ffc594-84e9-4891-9359-ed082b0f6c49" />
    <UnitTestResult executionId="4af21aed-f9c9-44ff-8198-dbc6575ab0e1" testId="69b5fe9d-e550-4d9c-a488-3a5231c3c77a" testName="Test1991" computerName="UA-LPT-OGA2" duration="00:00:01.1040000" startTime="2025-05-14T13:20:31.3146610Z" endTime="2025-05-14T13:25:31.3147553Z" testType="13cdc9d9-ddb5-4fa4-a97d-d965ccfc6d4b" outcome="Inconclusive" testListId="93ffc594-84e9-4891-9359-ed082b0f6c49" />
    <UnitTestResult executionId="706da97a-7b4e-4995-82a0-d78c3e9776dd" testId="b1472297-2b0a-4dc9-8c9a-ebca652c0016" testName="Test1992" computerName="UA-LPT-OGA2" duration="00:00:00.0500000" startTime="2025-05-14T13:20:31.3146610Z" endTime="2025-05-14T13:25:31.3147553Z" testType="13cdc9d9-ddb5-4fa4-a97d-d965ccfc6d4b" outcome="Passed" testListId="93ffc594-84e9-4891-9359-ed082b0f6c49" />
    <UnitTestResult executionId="57374d39-9538-42c8-8df5-2db22ebd2ffc" testId="96ff8ace-8a90-4c7d-b48d-0f3242906a2c" testName="Test1993" computerName="UA-LPT-OGA2" duration="00:00:01.2700000" startTime="2025-05-14T13:20:31.3146610Z" endTime="2025-05-14T13:25:31.3147553Z" testType="13cdc9d9-ddb5-4fa4-a97d-d965ccfc6d4b" outcome="Passed" testListId="93ffc594-84e9-4891-9359-ed082b0f6c49" />
    <UnitTestResult executionId="7fcdeb5b-3dea-42f8-a547-c087a654e452" testId="d5d221bd-fba4-487a-ab9f-dbfff04b0452" testName="Test1994" computerName="UA-LPT-OGA2" duration="00:00:01.9090000" startTime="2025-05-14T13:20:31.3146610Z" endTime="2025-05-14T13:25:31.3147553Z" testType="13cdc9d9-ddb5-4fa4-a97d-d965ccfc6d4b" outcome="Passed" testListId="93ffc594-84e9-4891-9359-ed082b0f6c49" />
    <UnitTestResult executionId="3f5d3a83-7487-44b3-a3e4-41ff1dc103f1" testId="1dc263f0-7a75-4951-8eb1-1bb02eec485d" testName="Test1995" computerName="UA-LPT-OGA2" duration="00:00:00.8070000" startTime="2025-05-14T13:20:31.3146610Z" endTime="2025-05-14T13:25:31.3147553Z" testType="13cdc9d9-ddb5-4fa4-a97d-d965ccfc6d4b" outcome="Passed" testListId="93ffc594-84e9-4891-9359-ed082b0f6c49" />
    <UnitTestResult executionId="7368ef2d-010b-47f4-9645-9bba24a9ab8a" testId="83f276ed-f958-4dd6-869b-f036e35f7446" testName="Test1996" computerName="UA-LPT-OGA2" duration="00:00:01.7030000" startTime="2025-05-14T13:20:31.3146610Z" endTime="2025-05-14T13:25:31.3147553Z" testType="13cdc9d9-ddb5-4fa4-a97d-d965ccfc6d4b" outcome="Passed" testListId="93ffc594-84e9-4891-9359-ed082b0f6c49" />
    <UnitTestResult executionId="042c2625-3e59-41cc-b6d8-8a8888345557" testId="f3382065-85d7-47da-824c-78b23ef39b1a" testName="Test1997" computerName="UA-LPT-OGA2" duration="00:00:01.6640000" startTime="2025-05-14T13:20:31.3146610Z" endTime="2025-05-14T13:25:31.3147553Z" testType="13cdc9d9-ddb5-4fa4-a97d-d965ccfc6d4b" outcome="Failed" testListId="93ffc594-84e9-4891-9359-ed082b0f6c49">
      <Output>
        <ErrorInfo>
          <Message>Assertion failed: Expected value did not match actual value.</Message>
          <StackTrace>   at TestNamespace.TestClass.Test() in TestClass.cs:line 85</StackTrace>
        </ErrorInfo>
      </Output>
    </UnitTestResult>
    <UnitTestResult executionId="7de241df-0808-425e-8958-3ad2fc3632f9" testId="2c73bd70-7aac-450d-a69e-e053d8f4d832" testName="Test1998" computerName="UA-LPT-OGA2" duration="00:00:00.3630000" startTime="2025-05-14T13:20:31.3146610Z" endTime="2025-05-14T13:25:31.3147553Z" testType="13cdc9d9-ddb5-4fa4-a97d-d965ccfc6d4b" outcome="Passed" testListId="93ffc594-84e9-4891-9359-ed082b0f6c49" />
    <UnitTestResult executionId="26a45492-9d0c-439f-b20e-5b4015c100b9" testId="29537928-abc9-4361-b325-353c80e05d0d" testName="Test1999" computerName="UA-LPT-OGA2" duration="00:00:00.5480000" startTime="2025-05-14T13:20:31.3146610Z" endTime="2025-05-14T13:25:31.3147553Z" testType="13cdc9d9-ddb5-4fa4-a97d-d965ccfc6d4b" outcome="Passed" testListId="93ffc594-84e9-4891-9359-ed082b0f6c49" />
    <UnitTestResult executionId="d5a32ece-f03b-49fc-82a5-561e3e8faa7b" testId="8faa435e-729f-4bd8-9aec-6c02223d5592" testName="Test2000" computerName="UA-LPT-OGA2" duration="00:00:00.0790000" startTime="2025-05-14T13:20:31.3146610Z" endTime="2025-05-14T13:25:31.3147553Z" testType="13cdc9d9-ddb5-4fa4-a97d-d965ccfc6d4b" outcome="Passed" testListId="93ffc594-84e9-4891-9359-ed082b0f6c49" />
  </Results>
  <TestDefinitions>
    <UnitTest name="Test1901" id="ea3c5603-ca94-4ecd-851b-6f96397dcba3" storage="TestAssembly.dll">
      <Execution id="cac027d6-b019-4ff5-b61d-c053366db979" />
      <TestMethod codeBase="TestAssembly.dll" className="TestNamespace.TestClass1" name="Test1901" />
    </UnitTest>
    <UnitTest name="Test1902" id="fbd3b5c1-fb1d-42f5-b72e-78bc927b6a21" storage="TestAssembly.dll">
      <Execution id="ca55dd26-61fd-4fc0-9cee-d8576dbca64c" />
      <TestMethod codeBase="TestAssembly.dll" className="TestNamespace.TestClass1" name="Test1902" />
    </UnitTest>
    <UnitTest name="Test1903" id="0a3fad74-715d-4e6f-b4b3-8eabd48f3860" storage="TestAssembly.dll">
      <Execution id="6299ebdd-e421-4716-abef-e1623eea02f5" />
      <TestMethod codeBase="TestAssembly.dll" className="TestNamespace.TestClass1" name="Test1903" />
    </UnitTest>
    <UnitTest name="Test1904" id="7a2e66ac-d2aa-44b8-9eaf-6d4619f5dfc4" storage="TestAssembly.dll">
      <Execution id="699c617e-1b10-4d89-84a7-90f188e17951" />
      <TestMethod codeBase="TestAssembly.dll" className="TestNamespace.TestClass1" name="Test1904" />
    </UnitTest>
    <UnitTest name="Test1905" id="958b00af-ec77-452d-8656-15df0879ba86" storage="TestAssembly.dll">
      <Execution id="2e4d1ece-b217-4d66-a131-66515c955726" />
      <TestMethod codeBase="TestAssembly.dll" className="TestNamespace.TestClass1" name="Test1905" />
    </UnitTest>
    <UnitTest name="Test1906" id="f4f2986b-95f8-44f7-ad07-53bb58e62ddb" storage="TestAssembly.dll">
      <Execution id="640696f8-7d7c-4590-bd62-e92dc0ac7421" />
      <TestMethod codeBase="TestAssembly.dll" className="TestNamespace.TestClass1" name="Test1906" />
    </UnitTest>
    <UnitTest name="Test1907" id="45da17cc-e6c6-4518-b411-e7d74052f917" storage="TestAssembly.dll">
      <Execution id="3ecdba2f-78fe-4ebd-9d53-66c331c2a252" />
      <TestMethod codeBase="TestAssembly.dll" className="TestNamespace.TestClass1" name="Test1907" />
    </UnitTest>
    <UnitTest name="Test1908" id="dde7fba1-69bd-4b7c-b908-e9b127c72016" storage="TestAssembly.dll">
      <Execution id="6f5f7358-3a78-4500-a2ad-d9ed91157063" />
      <TestMethod codeBase="TestAssembly.dll" className="TestNamespace.TestClass1" name="Test1908" />
    </UnitTest>
    <UnitTest name="Test1909" id="09936f86-840a-4f8c-b0e7-f708263224c0" storage="TestAssembly.dll">
      <Execution id="f12c0087-8791-4001-a83d-bf1b7d6b863e" />
      <TestMethod codeBase="TestAssembly.dll" className="TestNamespace.TestClass1" name="Test1909" />
    </UnitTest>
    <UnitTest name="Test1910" id="6d62ca5c-60b1-4e6e-91d6-aad2216ea7a2" storage="TestAssembly.dll">
      <Execution id="480fb5c8-ab95-4046-aa2f-1586a9d344b6" />
      <TestMethod codeBase="TestAssembly.dll" className="TestNamespace.TestClass1" name="Test1910" />
    </UnitTest>
    <UnitTest name="Test1911" id="16e778e6-9fd8-4152-8cd5-ce5c0410d0e9" storage="TestAssembly.dll">
      <Execution id="89c64b28-d4c4-4f03-ade4-2660cf5a647c" />
      <TestMethod codeBase="TestAssembly.dll" className="TestNamespace.TestClass2" name="Test1911" />
    </UnitTest>
    <UnitTest name="Test1912" id="512ce217-41b5-4ba2-8229-003bc234ca44" storage="TestAssembly.dll">
      <Execution id="1489c680-5209-418d-b8f6-bedb664ae703" />
      <TestMethod codeBase="TestAssembly.dll" className="TestNamespace.TestClass2" name="Test1912" />
    </UnitTest>
    <UnitTest name="Test1913" id="5e148b04-255e-45ab-ae8d-b5f4b7baa305" storage="TestAssembly.dll">
      <Execution id="0fbde8c9-8440-4a19-b701-7f9d73aacaa7" />
      <TestMethod codeBase="TestAssembly.dll" className="TestNamespace.TestClass2" name="Test1913" />
    </UnitTest>
    <UnitTest name="Test1914" id="f38a27df-83e0-4acb-a04c-7b33629427f7" storage="TestAssembly.dll">
      <Execution id="f17660cc-e488-472e-bcde-0797a6c8e682" />
      <TestMethod codeBase="TestAssembly.dll" className="TestNamespace.TestClass2" name="Test1914" />
    </UnitTest>
    <UnitTest name="Test1915" id="5604c88a-11b5-4a5b-9b15-320245dbbda4" storage="TestAssembly.dll">
      <Execution id="675ef81a-9b20-4374-b502-5360e9527a12" />
      <TestMethod codeBase="TestAssembly.dll" className="TestNamespace.TestClass2" name="Test1915" />
    </UnitTest>
    <UnitTest name="Test1916" id="53084152-15d0-4c22-a284-436b5e982965" storage="TestAssembly.dll">
      <Execution id="2ef9d15a-9018-402d-9f4d-74ef92f615f6" />
      <TestMethod codeBase="TestAssembly.dll" className="TestNamespace.TestClass2" name="Test1916" />
    </UnitTest>
    <UnitTest name="Test1917" id="9fbce8d4-4752-44b7-9d13-273e59394507" storage="TestAssembly.dll">
      <Execution id="27d94af0-99e2-4e9e-b46b-d70ff812b902" />
      <TestMethod codeBase="TestAssembly.dll" className="TestNamespace.TestClass2" name="Test1917" />
    </UnitTest>
    <UnitTest name="Test1918" id="2502438e-7858-4ebe-baca-186c11214ad5" storage="TestAssembly.dll">
      <Execution id="fa0031bf-e6ae-49b5-93c7-b8b2c25eec20" />
      <TestMethod codeBase="TestAssembly.dll" className="TestNamespace.TestClass2" name="Test1918" />
    </UnitTest>
    <UnitTest name="Test1919" id="13905f35-f74a-4f9f-9bc7-33fb13d2cc3c" storage="TestAssembly.dll">
      <Execution id="8f8f8087-a850-4203-bc93-3f3b65d4efe9" />
      <TestMethod codeBase="TestAssembly.dll" className="TestNamespace.TestClass2" name="Test1919" />
    </UnitTest>
    <UnitTest name="Test1920" id="b33db3cc-5317-4901-9c23-a872d063b259" storage="TestAssembly.dll">
      <Execution id="4cecb91c-1253-4e21-98cc-9e29c1daa5d1" />
      <TestMethod codeBase="TestAssembly.dll" className="TestNamespace.TestClass2" name="Test1920" />
    </UnitTest>
    <UnitTest name="Test1921" id="7cd85676-3c1b-4342-8331-cc9391456fc9" storage="TestAssembly.dll">
      <Execution id="6287f559-65de-497a-a730-7bf67cd1fa4a" />
      <TestMethod codeBase="TestAssembly.dll" className="TestNamespace.TestClass3" name="Test1921" />
    </UnitTest>
    <UnitTest name="Test1922" id="ab7d3d19-9736-4c22-b6d1-987ac7a3826c" storage="TestAssembly.dll">
      <Execution id="c1e97e7f-16a6-4d72-8e1b-177d3a5b31d3" />
      <TestMethod codeBase="TestAssembly.dll" className="TestNamespace.TestClass3" name="Test1922" />
    </UnitTest>
    <UnitTest name="Test1923" id="9cdc9681-becf-4cb7-a199-7cf27d85ac77" storage="TestAssembly.dll">
      <Execution id="1534fd2e-19fa-4eac-ba61-cfd2b0a6bf50" />
      <TestMethod codeBase="TestAssembly.dll" className="TestNamespace.TestClass3" name="Test1923" />
    </UnitTest>
    <UnitTest name="Test1924" id="df051b08-c531-4756-b6c7-9c8ab4239a1a" storage="TestAssembly.dll">
      <Execution id="7a46b9d4-d911-49af-94c8-369b2f4f7ea8" />
      <TestMethod codeBase="TestAssembly.dll" className="TestNamespace.TestClass3" name="Test1924" />
    </UnitTest>
    <UnitTest name="Test1925" id="83c7ef26-7079-43c0-ab55-10032329cdcd" storage="TestAssembly.dll">
      <Execution id="82410e91-264a-425f-9c80-dd777b1876a0" />
      <TestMethod codeBase="TestAssembly.dll" className="TestNamespace.TestClass3" name="Test1925" />
    </UnitTest>
    <UnitTest name="Test1926" id="153a2d72-cb3b-4eee-9f9c-417e8859503b" storage="TestAssembly.dll">
      <Execution id="c4ff83f9-dda4-4379-b959-37c7202c82b5" />
      <TestMethod codeBase="TestAssembly.dll" className="TestNamespace.TestClass3" name="Test1926" />
    </UnitTest>
    <UnitTest name="Test1927" id="86cb614b-fce4-41eb-872f-bfeae08c172f" storage="TestAssembly.dll">
      <Execution id="42856b1f-01c2-434b-b1bc-af8624958faa" />
      <TestMethod codeBase="TestAssembly.dll" className="TestNamespace.TestClass3" name="Test1927" />
    </UnitTest>
    <UnitTest name="Test1928" id="8c501dad-40eb-404b-bc01-e23a5aa9ae5f" storage="TestAssembly.dll">
      <Execution id="08ded36c-eff7-414f-8f38-fcb535939548" />
      <TestMethod codeBase="TestAssembly.dll" className="TestNamespace.TestClass3" name="Test1928" />
    </UnitTest>
    <UnitTest name="Test1929" id="5291ca45-1c58-448c-afde-e6e6b0727388" storage="TestAssembly.dll">
      <Execution id="f1d3e167-59ee-4a2e-8566-4a49c4e0862a" />
      <TestMethod codeBase="TestAssembly.dll" className="TestNamespace.TestClass3" name="Test1929" />
    </UnitTest>
    <UnitTest name="Test1930" id="d3a34344-63ef-4a1e-ab8d-692cb4325757" storage="TestAssembly.dll">
      <Execution id="fc902ab6-fbc0-4678-b759-50bd4ed1e3c6" />
      <TestMethod codeBase="TestAssembly.dll" className="TestNamespace.TestClass3" name="Test1930" />
    </UnitTest>
    <UnitTest name="Test1931" id="9be4ea9a-095d-40b7-871a-eeba93669a0f" storage="TestAssembly.dll">
      <Execution id="0b5b26d9-d6fe-4602-995d-35f2095e86f7" />
      <TestMethod codeBase="TestAssembly.dll" className="TestNamespace.TestClass4" name="Test1931" />
    </UnitTest>
    <UnitTest name="Test1932" id="36b1af8c-b911-4897-adf4-bacd8c437492" storage="TestAssembly.dll">
      <Execution id="f0ed1c12-ecca-4af9-a182-fd5ea921f9e1" />
      <TestMethod codeBase="TestAssembly.dll" className="TestNamespace.TestClass4" name="Test1932" />
    </UnitTest>
    <UnitTest name="Test1933" id="0d5cfe14-395f-4b2d-8673-5121d99973d8" storage="TestAssembly.dll">
      <Execution id="fe82ad84-deb3-40ba-b02e-33bdca82715e" />
      <TestMethod codeBase="TestAssembly.dll" className="TestNamespace.TestClass4" name="Test1933" />
    </UnitTest>
    <UnitTest name="Test1934" id="c9e6fcd0-9b66-42a6-83a5-e5dbe3cbf56a" storage="TestAssembly.dll">
      <Execution id="ff4e766a-3104-4397-b2a2-bcf798234164" />
      <TestMethod codeBase="TestAssembly.dll" className="TestNamespace.TestClass4" name="Test1934" />
    </UnitTest>
    <UnitTest name="Test1935" id="b1a50631-c310-415f-b1ba-5c097292b717" storage="TestAssembly.dll">
      <Execution id="d82add2d-d1dd-4077-a978-3cf096e7fce3" />
      <TestMethod codeBase="TestAssembly.dll" className="TestNamespace.TestClass4" name="Test1935" />
    </UnitTest>
    <UnitTest name="Test1936" id="52438e87-1b9c-48c5-9811-2fd1ac182159" storage="TestAssembly.dll">
      <Execution id="114ace48-7e4d-4683-9b93-b56477513499" />
      <TestMethod codeBase="TestAssembly.dll" className="TestNamespace.TestClass4" name="Test1936" />
    </UnitTest>
    <UnitTest name="Test1937" id="f115aec2-71e1-44d4-87e7-b2fe5b81ddaa" storage="TestAssembly.dll">
      <Execution id="b3125794-2a60-4264-8929-21c479145f22" />
      <TestMethod codeBase="TestAssembly.dll" className="TestNamespace.TestClass4" name="Test1937" />
    </UnitTest>
    <UnitTest name="Test1938" id="08fa00bc-7c49-4663-8a46-9af458167b65" storage="TestAssembly.dll">
      <Execution id="77e3c829-6d0a-4696-8fea-2872a4f19517" />
      <TestMethod codeBase="TestAssembly.dll" className="TestNamespace.TestClass4" name="Test1938" />
    </UnitTest>
    <UnitTest name="Test1939" id="91a12a30-1916-4737-b2da-1bbc6452820f" storage="TestAssembly.dll">
      <Execution id="76e7ccce-a500-451b-9037-2fd437b4fbd1" />
      <TestMethod codeBase="TestAssembly.dll" className="TestNamespace.TestClass4" name="Test1939" />
    </UnitTest>
    <UnitTest name="Test1940" id="7db4a919-75cf-42a7-82b8-65dc9ed14e5f" storage="TestAssembly.dll">
      <Execution id="3b7482b4-6270-4bd5-9caa-a15cc83b48fc" />
      <TestMethod codeBase="TestAssembly.dll" className="TestNamespace.TestClass4" name="Test1940" />
    </UnitTest>
    <UnitTest name="Test1941" id="545e4d22-e55a-4c8f-b96f-fa53dd80f7ac" storage="TestAssembly.dll">
      <Execution id="25ce57ce-3e54-4a7d-95bf-123a2f3977df" />
      <TestMethod codeBase="TestAssembly.dll" className="TestNamespace.TestClass5" name="Test1941" />
    </UnitTest>
    <UnitTest name="Test1942" id="846e6b32-4548-4eb0-96b2-ac62fceb3fcc" storage="TestAssembly.dll">
      <Execution id="cd9d82b0-e170-492d-9f8b-bda7d1b2c7ff" />
      <TestMethod codeBase="TestAssembly.dll" className="TestNamespace.TestClass5" name="Test1942" />
    </UnitTest>
    <UnitTest name="Test1943" id="a19e7e8f-436f-4677-86dc-d21928b278ca" storage="TestAssembly.dll">
      <Execution id="2d907350-589d-42e1-bfaa-1f94e101c723" />
      <TestMethod codeBase="TestAssembly.dll" className="TestNamespace.TestClass5" name="Test1943" />
    </UnitTest>
    <UnitTest name="Test1944" id="46e10a5e-c861-4469-9bc7-55ca04f8817f" storage="TestAssembly.dll">
      <Execution id="958d7adb-f970-47e5-9a08-b9d363d054fe" />
      <TestMethod codeBase="TestAssembly.dll" className="TestNamespace.TestClass5" name="Test1944" />
    </UnitTest>
    <UnitTest name="Test1945" id="be8ed36a-5bbd-46b3-be55-c68aa61cfd9d" storage="TestAssembly.dll">
      <Execution id="b39c6f90-cff1-4b5a-a540-1ae2d002f252" />
      <TestMethod codeBase="TestAssembly.dll" className="TestNamespace.TestClass5" name="Test1945" />
    </UnitTest>
    <UnitTest name="Test1946" id="b98a90a7-78e4-4530-aaf0-ae6bb7f828a2" storage="TestAssembly.dll">
      <Execution id="225cc231-6010-485f-a9dc-6fb366adb9a5" />
      <TestMethod codeBase="TestAssembly.dll" className="TestNamespace.TestClass5" name="Test1946" />
    </UnitTest>
    <UnitTest name="Test1947" id="ac8666a4-e409-46a6-8dff-ee4f992746e3" storage="TestAssembly.dll">
      <Execution id="54d2c7f1-4844-42e5-a680-b9521b0ec59c" />
      <TestMethod codeBase="TestAssembly.dll" className="TestNamespace.TestClass5" name="Test1947" />
    </UnitTest>
    <UnitTest name="Test1948" id="e10a03ec-aad6-479d-95a8-078daa15a05b" storage="TestAssembly.dll">
      <Execution id="2c8dff1a-2620-4658-ab3d-b09f85c85c04" />
      <TestMethod codeBase="TestAssembly.dll" className="TestNamespace.TestClass5" name="Test1948" />
    </UnitTest>
    <UnitTest name="Test1949" id="87c39d6a-589c-4ebe-ac0c-e5fb7ed01170" storage="TestAssembly.dll">
      <Execution id="680f7dce-b28a-4f8e-bc57-4758ec7d9400" />
      <TestMethod codeBase="TestAssembly.dll" className="TestNamespace.TestClass5" name="Test1949" />
    </UnitTest>
    <UnitTest name="Test1950" id="701b962d-aec9-4b4b-befa-135a6ebc78e1" storage="TestAssembly.dll">
      <Execution id="b6731924-fdb2-4b5f-a65b-77a59ef87513" />
      <TestMethod codeBase="TestAssembly.dll" className="TestNamespace.TestClass5" name="Test1950" />
    </UnitTest>
    <UnitTest name="Test1951" id="d11c8ea7-6ad5-4194-9a52-9da5ea4f2814" storage="TestAssembly.dll">
      <Execution id="c4cd6764-813f-4916-a6f8-89b6cd5f4187" />
      <TestMethod codeBase="TestAssembly.dll" className="TestNamespace.TestClass6" name="Test1951" />
    </UnitTest>
    <UnitTest name="Test1952" id="11c5bd3d-fcd7-4d86-85c3-45e8c1245bc4" storage="TestAssembly.dll">
      <Execution id="c9c0d8d3-f8ff-425d-b8a7-c0db6e29a2c2" />
      <TestMethod codeBase="TestAssembly.dll" className="TestNamespace.TestClass6" name="Test1952" />
    </UnitTest>
    <UnitTest name="Test1953" id="ae3bbdb2-ac84-40d3-814a-702e6d212d6a" storage="TestAssembly.dll">
      <Execution id="f399f63c-19d7-4af6-ae9e-7fb5b308f7b2" />
      <TestMethod codeBase="TestAssembly.dll" className="TestNamespace.TestClass6" name="Test1953" />
    </UnitTest>
    <UnitTest name="Test1954" id="c0eb96ca-1bd6-4ed0-8c15-8347c2710d24" storage="TestAssembly.dll">
      <Execution id="a38067c9-3345-4b10-adbf-c2346fdd82b2" />
      <TestMethod codeBase="TestAssembly.dll" className="TestNamespace.TestClass6" name="Test1954" />
    </UnitTest>
    <UnitTest name="Test1955" id="8ba88d90-ccfb-46ff-9beb-c62a33cb16b7" storage="TestAssembly.dll">
      <Execution id="c463e688-e11d-4a34-bcc1-378057296595" />
      <TestMethod codeBase="TestAssembly.dll" className="TestNamespace.TestClass6" name="Test1955" />
    </UnitTest>
    <UnitTest name="Test1956" id="1f11d7e7-7380-4979-82ac-8cf283056362" storage="TestAssembly.dll">
      <Execution id="0a873506-f885-405a-8ef6-05382bf0b1d1" />
      <TestMethod codeBase="TestAssembly.dll" className="TestNamespace.TestClass6" name="Test1956" />
    </UnitTest>
    <UnitTest name="Test1957" id="634b9858-c7b3-48e5-b336-49076e8e2e06" storage="TestAssembly.dll">
      <Execution id="41b5a412-e948-45e1-a5f8-d300d3932e85" />
      <TestMethod codeBase="TestAssembly.dll" className="TestNamespace.TestClass6" name="Test1957" />
    </UnitTest>
    <UnitTest name="Test1958" id="2855795a-19aa-402a-ba5f-b978aa5ce798" storage="TestAssembly.dll">
      <Execution id="6a53a830-1792-45cc-a45e-1032d6dfc4d7" />
      <TestMethod codeBase="TestAssembly.dll" className="TestNamespace.TestClass6" name="Test1958" />
    </UnitTest>
    <UnitTest name="Test1959" id="4ba1e4c9-bcb5-47f9-8884-54386c454ab4" storage="TestAssembly.dll">
      <Execution id="3f5e6889-dec1-41f1-b521-39e8da025cc6" />
      <TestMethod codeBase="TestAssembly.dll" className="TestNamespace.TestClass6" name="Test1959" />
    </UnitTest>
    <UnitTest name="Test1960" id="86613dab-ee9d-4e1c-86ff-d8a2fa030407" storage="TestAssembly.dll">
      <Execution id="7f66a197-9f65-43ee-aee6-65b5308bb6a5" />
      <TestMethod codeBase="TestAssembly.dll" className="TestNamespace.TestClass6" name="Test1960" />
    </UnitTest>
    <UnitTest name="Test1961" id="54a18cd3-8584-40ec-9e66-30de40460b8d" storage="TestAssembly.dll">
      <Execution id="46022234-bc04-4d7d-93e0-67744f94be01" />
      <TestMethod codeBase="TestAssembly.dll" className="TestNamespace.TestClass7" name="Test1961" />
    </UnitTest>
    <UnitTest name="Test1962" id="021a1c6b-f434-4813-a8ec-603303486422" storage="TestAssembly.dll">
      <Execution id="1944e1f0-4eef-44c5-8be0-99dd9836ec9d" />
      <TestMethod codeBase="TestAssembly.dll" className="TestNamespace.TestClass7" name="Test1962" />
    </UnitTest>
    <UnitTest name="Test1963" id="fa57db55-248e-4a55-bee0-ad0a963c573a" storage="TestAssembly.dll">
      <Execution id="f1597e85-943b-4d89-9add-ff7d2bf533df" />
      <TestMethod codeBase="TestAssembly.dll" className="TestNamespace.TestClass7" name="Test1963" />
    </UnitTest>
    <UnitTest name="Test1964" id="da8445df-bce8-4346-a1d9-57c32de898f8" storage="TestAssembly.dll">
      <Execution id="75ef730c-92be-4454-a2d0-8f7456973424" />
      <TestMethod codeBase="TestAssembly.dll" className="TestNamespace.TestClass7" name="Test1964" />
    </UnitTest>
    <UnitTest name="Test1965" id="72811ecc-8f8b-4ecb-bd5a-775df17d9b48" storage="TestAssembly.dll">
      <Execution id="2c6a4974-50a6-4042-b5a6-27bfd85d7d45" />
      <TestMethod codeBase="TestAssembly.dll" className="TestNamespace.TestClass7" name="Test1965" />
    </UnitTest>
    <UnitTest name="Test1966" id="c1a317a0-11b0-4e53-b5ce-5194b02252de" storage="TestAssembly.dll">
      <Execution id="74bf5687-6fda-4c63-a388-325b352c5214" />
      <TestMethod codeBase="TestAssembly.dll" className="TestNamespace.TestClass7" name="Test1966" />
    </UnitTest>
    <UnitTest name="Test1967" id="ce833dc3-7e04-44ef-8acb-8ce6ad16406a" storage="TestAssembly.dll">
      <Execution id="b9f76ce5-eca8-499b-a094-2058b2dab24b" />
      <TestMethod codeBase="TestAssembly.dll" className="TestNamespace.TestClass7" name="Test1967" />
    </UnitTest>
    <UnitTest name="Test1968" id="f92df5c2-c97b-43ca-9395-235dea3d9eec" storage="TestAssembly.dll">
      <Execution id="9255adc4-0267-414b-9d50-b3068e7adf24" />
      <TestMethod codeBase="TestAssembly.dll" className="TestNamespace.TestClass7" name="Test1968" />
    </UnitTest>
    <UnitTest name="Test1969" id="fb75bc66-aa6d-4872-9e82-aec3431eefd5" storage="TestAssembly.dll">
      <Execution id="3bf75530-26ea-43a8-adbc-770eda4f56e4" />
      <TestMethod codeBase="TestAssembly.dll" className="TestNamespace.TestClass7" name="Test1969" />
    </UnitTest>
    <UnitTest name="Test1970" id="5c2b7a0e-7f2c-4fdb-aee4-b3f2c03f1b3d" storage="TestAssembly.dll">
      <Execution id="48730edd-5f2c-4770-89df-d72e6d6963b5" />
      <TestMethod codeBase="TestAssembly.dll" className="TestNamespace.TestClass7" name="Test1970" />
    </UnitTest>
    <UnitTest name="Test1971" id="8004925b-87a8-4175-ad7b-77a9e88a3d1c" storage="TestAssembly.dll">
      <Execution id="894f0314-b3e8-4073-8f12-21a0f7a631ad" />
      <TestMethod codeBase="TestAssembly.dll" className="TestNamespace.TestClass8" name="Test1971" />
    </UnitTest>
    <UnitTest name="Test1972" id="0b069e46-b85b-4e02-9386-176ad015f1f2" storage="TestAssembly.dll">
      <Execution id="b8a66121-0360-4c86-bae9-598a08d5e99b" />
      <TestMethod codeBase="TestAssembly.dll" className="TestNamespace.TestClass8" name="Test1972" />
    </UnitTest>
    <UnitTest name="Test1973" id="20d07d93-c9ce-483c-bffb-b70cf9162d80" storage="TestAssembly.dll">
      <Execution id="4565ef2d-5624-4219-9fa9-bd36ac8dbcb0" />
      <TestMethod codeBase="TestAssembly.dll" className="TestNamespace.TestClass8" name="Test1973" />
    </UnitTest>
    <UnitTest name="Test1974" id="730f2f27-abd7-443f-8a46-b785e55bb7b7" storage="TestAssembly.dll">
      <Execution id="189742c5-3785-4aab-95ce-ce141d7124c3" />
      <TestMethod codeBase="TestAssembly.dll" className="TestNamespace.TestClass8" name="Test1974" />
    </UnitTest>
    <UnitTest name="Test1975" id="68135373-1525-407b-9698-081c560ee251" storage="TestAssembly.dll">
      <Execution id="6495be95-cec8-4ef1-b2fe-95caa5866162" />
      <TestMethod codeBase="TestAssembly.dll" className="TestNamespace.TestClass8" name="Test1975" />
    </UnitTest>
    <UnitTest name="Test1976" id="1eba7697-b866-43f9-a42e-47ceb445b004" storage="TestAssembly.dll">
      <Execution id="ab59b2bc-24ec-4110-aa95-413925c22d4f" />
      <TestMethod codeBase="TestAssembly.dll" className="TestNamespace.TestClass8" name="Test1976" />
    </UnitTest>
    <UnitTest name="Test1977" id="8aafbf81-1fc6-468b-9b38-8105b04178d8" storage="TestAssembly.dll">
      <Execution id="91735eed-1465-40fe-9ce7-71c9485b1672" />
      <TestMethod codeBase="TestAssembly.dll" className="TestNamespace.TestClass8" name="Test1977" />
    </UnitTest>
    <UnitTest name="Test1978" id="81628e83-6f5a-4426-89d8-62175d0f08e3" storage="TestAssembly.dll">
      <Execution id="4342f699-4732-489b-89ac-2a89c1e1f419" />
      <TestMethod codeBase="TestAssembly.dll" className="TestNamespace.TestClass8" name="Test1978" />
    </UnitTest>
    <UnitTest name="Test1979" id="aedde70e-e5a8-4778-b316-2a8e835a3417" storage="TestAssembly.dll">
      <Execution id="e5846602-0e59-41fe-bf60-241dd31eb599" />
      <TestMethod codeBase="TestAssembly.dll" className="TestNamespace.TestClass8" name="Test1979" />
    </UnitTest>
    <UnitTest name="Test1980" id="d3ed3965-e1de-455d-8cc6-896567382927" storage="TestAssembly.dll">
      <Execution id="b28b9bfa-deee-42c5-a51a-5e3957cb48b6" />
      <TestMethod codeBase="TestAssembly.dll" className="TestNamespace.TestClass8" name="Test1980" />
    </UnitTest>
    <UnitTest name="Test1981" id="03dab2f8-c7dc-4af5-8d26-d1527eeee1ae" storage="TestAssembly.dll">
      <Execution id="fd465e22-1c51-46c3-abca-179c0470933e" />
      <TestMethod codeBase="TestAssembly.dll" className="TestNamespace.TestClass9" name="Test1981" />
    </UnitTest>
    <UnitTest name="Test1982" id="b81f3646-b7e4-4663-84e7-529d346e08f9" storage="TestAssembly.dll">
      <Execution id="6c202d86-0597-4172-a882-873b2bc169ab" />
      <TestMethod codeBase="TestAssembly.dll" className="TestNamespace.TestClass9" name="Test1982" />
    </UnitTest>
    <UnitTest name="Test1983" id="ba03a027-c3dd-467c-85e8-46dd84955fc9" storage="TestAssembly.dll">
      <Execution id="8ac8f2ca-e08b-473a-a990-d204c3de852e" />
      <TestMethod codeBase="TestAssembly.dll" className="TestNamespace.TestClass9" name="Test1983" />
    </UnitTest>
    <UnitTest name="Test1984" id="c9d37e1d-2de1-4366-8aca-3824a4d01510" storage="TestAssembly.dll">
      <Execution id="7fcbb21c-f1bf-4882-8981-45875cc08ea9" />
      <TestMethod codeBase="TestAssembly.dll" className="TestNamespace.TestClass9" name="Test1984" />
    </UnitTest>
    <UnitTest name="Test1985" id="5c1e56a4-b995-4f90-af17-17fc687d4b51" storage="TestAssembly.dll">
      <Execution id="5ab82ebe-bf43-4c53-be4c-b8da1b2e8f3d" />
      <TestMethod codeBase="TestAssembly.dll" className="TestNamespace.TestClass9" name="Test1985" />
    </UnitTest>
    <UnitTest name="Test1986" id="4ed9c30d-9809-4abe-b38f-914825d79bb3" storage="TestAssembly.dll">
      <Execution id="922acdec-5fe4-46a1-b6a8-4d56e5d06129" />
      <TestMethod codeBase="TestAssembly.dll" className="TestNamespace.TestClass9" name="Test1986" />
    </UnitTest>
    <UnitTest name="Test1987" id="e3f79abf-d86e-4551-a30d-9cd1bd466ab1" storage="TestAssembly.dll">
      <Execution id="5fc51ff8-c5ba-4d68-a9c7-1064cc4c82ff" />
      <TestMethod codeBase="TestAssembly.dll" className="TestNamespace.TestClass9" name="Test1987" />
    </UnitTest>
    <UnitTest name="Test1988" id="7ecca673-db28-456f-b652-e895870a647b" storage="TestAssembly.dll">
      <Execution id="1f12fe97-8c78-4a0d-bf67-733a6203045f" />
      <TestMethod codeBase="TestAssembly.dll" className="TestNamespace.TestClass9" name="Test1988" />
    </UnitTest>
    <UnitTest name="Test1989" id="e43b7e28-0b79-4d32-91dd-976f8419a965" storage="TestAssembly.dll">
      <Execution id="ec3747bb-930b-4609-b37a-011298d94fc0" />
      <TestMethod codeBase="TestAssembly.dll" className="TestNamespace.TestClass9" name="Test1989" />
    </UnitTest>
    <UnitTest name="Test1990" id="3492b17a-044d-40c2-aab9-f96cace916b8" storage="TestAssembly.dll">
      <Execution id="0a5ec07e-1a49-4db6-8632-ea0bcf4a7990" />
      <TestMethod codeBase="TestAssembly.dll" className="TestNamespace.TestClass9" name="Test1990" />
    </UnitTest>
    <UnitTest name="Test1991" id="69b5fe9d-e550-4d9c-a488-3a5231c3c77a" storage="TestAssembly.dll">
      <Execution id="4af21aed-f9c9-44ff-8198-dbc6575ab0e1" />
      <TestMethod codeBase="TestAssembly.dll" className="TestNamespace.TestClass10" name="Test1991" />
    </UnitTest>
    <UnitTest name="Test1992" id="b1472297-2b0a-4dc9-8c9a-ebca652c0016" storage="TestAssembly.dll">
      <Execution id="706da97a-7b4e-4995-82a0-d78c3e9776dd" />
      <TestMethod codeBase="TestAssembly.dll" className="TestNamespace.TestClass10" name="Test1992" />
    </UnitTest>
    <UnitTest name="Test1993" id="96ff8ace-8a90-4c7d-b48d-0f3242906a2c" storage="TestAssembly.dll">
      <Execution id="57374d39-9538-42c8-8df5-2db22ebd2ffc" />
      <TestMethod codeBase="TestAssembly.dll" className="TestNamespace.TestClass10" name="Test1993" />
    </UnitTest>
    <UnitTest name="Test1994" id="d5d221bd-fba4-487a-ab9f-dbfff04b0452" storage="TestAssembly.dll">
      <Execution id="7fcdeb5b-3dea-42f8-a547-c087a654e452" />
      <TestMethod codeBase="TestAssembly.dll" className="TestNamespace.TestClass10" name="Test1994" />
    </UnitTest>
    <UnitTest name="Test1995" id="1dc263f0-7a75-4951-8eb1-1bb02eec485d" storage="TestAssembly.dll">
      <Execution id="3f5d3a83-7487-44b3-a3e4-41ff1dc103f1" />
      <TestMethod codeBase="TestAssembly.dll" className="TestNamespace.TestClass10" name="Test1995" />
    </UnitTest>
    <UnitTest name="Test1996" id="83f276ed-f958-4dd6-869b-f036e35f7446" storage="TestAssembly.dll">
      <Execution id="7368ef2d-010b-47f4-9645-9bba24a9ab8a" />
      <TestMethod codeBase="TestAssembly.dll" className="TestNamespace.TestClass10" name="Test1996" />
    </UnitTest>
    <UnitTest name="Test1997" id="f3382065-85d7-47da-824c-78b23ef39b1a" storage="TestAssembly.dll">
      <Execution id="042c2625-3e59-41cc-b6d8-8a8888345557" />
      <TestMethod codeBase="TestAssembly.dll" className="TestNamespace.TestClass10" name="Test1997" />
    </UnitTest>
    <UnitTest name="Test1998" id="2c73bd70-7aac-450d-a69e-e053d8f4d832" storage="TestAssembly.dll">
      <Execution id="7de241df-0808-425e-8958-3ad2fc3632f9" />
      <TestMethod codeBase="TestAssembly.dll" className="TestNamespace.TestClass10" name="Test1998" />
    </UnitTest>
    <UnitTest name="Test1999" id="29537928-abc9-4361-b325-353c80e05d0d" storage="TestAssembly.dll">
      <Execution id="26a45492-9d0c-439f-b20e-5b4015c100b9" />
      <TestMethod codeBase="TestAssembly.dll" className="TestNamespace.TestClass10" name="Test1999" />
    </UnitTest>
    <UnitTest name="Test2000" id="8faa435e-729f-4bd8-9aec-6c02223d5592" storage="TestAssembly.dll">
      <Execution id="d5a32ece-f03b-49fc-82a5-561e3e8faa7b" />
      <TestMethod codeBase="TestAssembly.dll" className="TestNamespace.TestClass10" name="Test2000" />
    </UnitTest>
  </TestDefinitions>
  <TestEntries>
    <TestEntry testId="ea3c5603-ca94-4ecd-851b-6f96397dcba3" executionId="cac027d6-b019-4ff5-b61d-c053366db979" testListId="93ffc594-84e9-4891-9359-ed082b0f6c49" />
    <TestEntry testId="fbd3b5c1-fb1d-42f5-b72e-78bc927b6a21" executionId="ca55dd26-61fd-4fc0-9cee-d8576dbca64c" testListId="93ffc594-84e9-4891-9359-ed082b0f6c49" />
    <TestEntry testId="0a3fad74-715d-4e6f-b4b3-8eabd48f3860" executionId="6299ebdd-e421-4716-abef-e1623eea02f5" testListId="93ffc594-84e9-4891-9359-ed082b0f6c49" />
    <TestEntry testId="7a2e66ac-d2aa-44b8-9eaf-6d4619f5dfc4" executionId="699c617e-1b10-4d89-84a7-90f188e17951" testListId="93ffc594-84e9-4891-9359-ed082b0f6c49" />
    <TestEntry testId="958b00af-ec77-452d-8656-15df0879ba86" executionId="2e4d1ece-b217-4d66-a131-66515c955726" testListId="93ffc594-84e9-4891-9359-ed082b0f6c49" />
    <TestEntry testId="f4f2986b-95f8-44f7-ad07-53bb58e62ddb" executionId="640696f8-7d7c-4590-bd62-e92dc0ac7421" testListId="93ffc594-84e9-4891-9359-ed082b0f6c49" />
    <TestEntry testId="45da17cc-e6c6-4518-b411-e7d74052f917" executionId="3ecdba2f-78fe-4ebd-9d53-66c331c2a252" testListId="93ffc594-84e9-4891-9359-ed082b0f6c49" />
    <TestEntry testId="dde7fba1-69bd-4b7c-b908-e9b127c72016" executionId="6f5f7358-3a78-4500-a2ad-d9ed91157063" testListId="93ffc594-84e9-4891-9359-ed082b0f6c49" />
    <TestEntry testId="09936f86-840a-4f8c-b0e7-f708263224c0" executionId="f12c0087-8791-4001-a83d-bf1b7d6b863e" testListId="93ffc594-84e9-4891-9359-ed082b0f6c49" />
    <TestEntry testId="6d62ca5c-60b1-4e6e-91d6-aad2216ea7a2" executionId="480fb5c8-ab95-4046-aa2f-1586a9d344b6" testListId="93ffc594-84e9-4891-9359-ed082b0f6c49" />
    <TestEntry testId="16e778e6-9fd8-4152-8cd5-ce5c0410d0e9" executionId="89c64b28-d4c4-4f03-ade4-2660cf5a647c" testListId="93ffc594-84e9-4891-9359-ed082b0f6c49" />
    <TestEntry testId="512ce217-41b5-4ba2-8229-003bc234ca44" executionId="1489c680-5209-418d-b8f6-bedb664ae703" testListId="93ffc594-84e9-4891-9359-ed082b0f6c49" />
    <TestEntry testId="5e148b04-255e-45ab-ae8d-b5f4b7baa305" executionId="0fbde8c9-8440-4a19-b701-7f9d73aacaa7" testListId="93ffc594-84e9-4891-9359-ed082b0f6c49" />
    <TestEntry testId="f38a27df-83e0-4acb-a04c-7b33629427f7" executionId="f17660cc-e488-472e-bcde-0797a6c8e682" testListId="93ffc594-84e9-4891-9359-ed082b0f6c49" />
    <TestEntry testId="5604c88a-11b5-4a5b-9b15-320245dbbda4" executionId="675ef81a-9b20-4374-b502-5360e9527a12" testListId="93ffc594-84e9-4891-9359-ed082b0f6c49" />
    <TestEntry testId="53084152-15d0-4c22-a284-436b5e982965" executionId="2ef9d15a-9018-402d-9f4d-74ef92f615f6" testListId="93ffc594-84e9-4891-9359-ed082b0f6c49" />
    <TestEntry testId="9fbce8d4-4752-44b7-9d13-273e59394507" executionId="27d94af0-99e2-4e9e-b46b-d70ff812b902" testListId="93ffc594-84e9-4891-9359-ed082b0f6c49" />
    <TestEntry testId="2502438e-7858-4ebe-baca-186c11214ad5" executionId="fa0031bf-e6ae-49b5-93c7-b8b2c25eec20" testListId="93ffc594-84e9-4891-9359-ed082b0f6c49" />
    <TestEntry testId="13905f35-f74a-4f9f-9bc7-33fb13d2cc3c" executionId="8f8f8087-a850-4203-bc93-3f3b65d4efe9" testListId="93ffc594-84e9-4891-9359-ed082b0f6c49" />
    <TestEntry testId="b33db3cc-5317-4901-9c23-a872d063b259" executionId="4cecb91c-1253-4e21-98cc-9e29c1daa5d1" testListId="93ffc594-84e9-4891-9359-ed082b0f6c49" />
    <TestEntry testId="7cd85676-3c1b-4342-8331-cc9391456fc9" executionId="6287f559-65de-497a-a730-7bf67cd1fa4a" testListId="93ffc594-84e9-4891-9359-ed082b0f6c49" />
    <TestEntry testId="ab7d3d19-9736-4c22-b6d1-987ac7a3826c" executionId="c1e97e7f-16a6-4d72-8e1b-177d3a5b31d3" testListId="93ffc594-84e9-4891-9359-ed082b0f6c49" />
    <TestEntry testId="9cdc9681-becf-4cb7-a199-7cf27d85ac77" executionId="1534fd2e-19fa-4eac-ba61-cfd2b0a6bf50" testListId="93ffc594-84e9-4891-9359-ed082b0f6c49" />
    <TestEntry testId="df051b08-c531-4756-b6c7-9c8ab4239a1a" executionId="7a46b9d4-d911-49af-94c8-369b2f4f7ea8" testListId="93ffc594-84e9-4891-9359-ed082b0f6c49" />
    <TestEntry testId="83c7ef26-7079-43c0-ab55-10032329cdcd" executionId="82410e91-264a-425f-9c80-dd777b1876a0" testListId="93ffc594-84e9-4891-9359-ed082b0f6c49" />
    <TestEntry testId="153a2d72-cb3b-4eee-9f9c-417e8859503b" executionId="c4ff83f9-dda4-4379-b959-37c7202c82b5" testListId="93ffc594-84e9-4891-9359-ed082b0f6c49" />
    <TestEntry testId="86cb614b-fce4-41eb-872f-bfeae08c172f" executionId="42856b1f-01c2-434b-b1bc-af8624958faa" testListId="93ffc594-84e9-4891-9359-ed082b0f6c49" />
    <TestEntry testId="8c501dad-40eb-404b-bc01-e23a5aa9ae5f" executionId="08ded36c-eff7-414f-8f38-fcb535939548" testListId="93ffc594-84e9-4891-9359-ed082b0f6c49" />
    <TestEntry testId="5291ca45-1c58-448c-afde-e6e6b0727388" executionId="f1d3e167-59ee-4a2e-8566-4a49c4e0862a" testListId="93ffc594-84e9-4891-9359-ed082b0f6c49" />
    <TestEntry testId="d3a34344-63ef-4a1e-ab8d-692cb4325757" executionId="fc902ab6-fbc0-4678-b759-50bd4ed1e3c6" testListId="93ffc594-84e9-4891-9359-ed082b0f6c49" />
    <TestEntry testId="9be4ea9a-095d-40b7-871a-eeba93669a0f" executionId="0b5b26d9-d6fe-4602-995d-35f2095e86f7" testListId="93ffc594-84e9-4891-9359-ed082b0f6c49" />
    <TestEntry testId="36b1af8c-b911-4897-adf4-bacd8c437492" executionId="f0ed1c12-ecca-4af9-a182-fd5ea921f9e1" testListId="93ffc594-84e9-4891-9359-ed082b0f6c49" />
    <TestEntry testId="0d5cfe14-395f-4b2d-8673-5121d99973d8" executionId="fe82ad84-deb3-40ba-b02e-33bdca82715e" testListId="93ffc594-84e9-4891-9359-ed082b0f6c49" />
    <TestEntry testId="c9e6fcd0-9b66-42a6-83a5-e5dbe3cbf56a" executionId="ff4e766a-3104-4397-b2a2-bcf798234164" testListId="93ffc594-84e9-4891-9359-ed082b0f6c49" />
    <TestEntry testId="b1a50631-c310-415f-b1ba-5c097292b717" executionId="d82add2d-d1dd-4077-a978-3cf096e7fce3" testListId="93ffc594-84e9-4891-9359-ed082b0f6c49" />
    <TestEntry testId="52438e87-1b9c-48c5-9811-2fd1ac182159" executionId="114ace48-7e4d-4683-9b93-b56477513499" testListId="93ffc594-84e9-4891-9359-ed082b0f6c49" />
    <TestEntry testId="f115aec2-71e1-44d4-87e7-b2fe5b81ddaa" executionId="b3125794-2a60-4264-8929-21c479145f22" testListId="93ffc594-84e9-4891-9359-ed082b0f6c49" />
    <TestEntry testId="08fa00bc-7c49-4663-8a46-9af458167b65" executionId="77e3c829-6d0a-4696-8fea-2872a4f19517" testListId="93ffc594-84e9-4891-9359-ed082b0f6c49" />
    <TestEntry testId="91a12a30-1916-4737-b2da-1bbc6452820f" executionId="76e7ccce-a500-451b-9037-2fd437b4fbd1" testListId="93ffc594-84e9-4891-9359-ed082b0f6c49" />
    <TestEntry testId="7db4a919-75cf-42a7-82b8-65dc9ed14e5f" executionId="3b7482b4-6270-4bd5-9caa-a15cc83b48fc" testListId="93ffc594-84e9-4891-9359-ed082b0f6c49" />
    <TestEntry testId="545e4d22-e55a-4c8f-b96f-fa53dd80f7ac" executionId="25ce57ce-3e54-4a7d-95bf-123a2f3977df" testListId="93ffc594-84e9-4891-9359-ed082b0f6c49" />
    <TestEntry testId="846e6b32-4548-4eb0-96b2-ac62fceb3fcc" executionId="cd9d82b0-e170-492d-9f8b-bda7d1b2c7ff" testListId="93ffc594-84e9-4891-9359-ed082b0f6c49" />
    <TestEntry testId="a19e7e8f-436f-4677-86dc-d21928b278ca" executionId="2d907350-589d-42e1-bfaa-1f94e101c723" testListId="93ffc594-84e9-4891-9359-ed082b0f6c49" />
    <TestEntry testId="46e10a5e-c861-4469-9bc7-55ca04f8817f" executionId="958d7adb-f970-47e5-9a08-b9d363d054fe" testListId="93ffc594-84e9-4891-9359-ed082b0f6c49" />
    <TestEntry testId="be8ed36a-5bbd-46b3-be55-c68aa61cfd9d" executionId="b39c6f90-cff1-4b5a-a540-1ae2d002f252" testListId="93ffc594-84e9-4891-9359-ed082b0f6c49" />
    <TestEntry testId="b98a90a7-78e4-4530-aaf0-ae6bb7f828a2" executionId="225cc231-6010-485f-a9dc-6fb366adb9a5" testListId="93ffc594-84e9-4891-9359-ed082b0f6c49" />
    <TestEntry testId="ac8666a4-e409-46a6-8dff-ee4f992746e3" executionId="54d2c7f1-4844-42e5-a680-b9521b0ec59c" testListId="93ffc594-84e9-4891-9359-ed082b0f6c49" />
    <TestEntry testId="e10a03ec-aad6-479d-95a8-078daa15a05b" executionId="2c8dff1a-2620-4658-ab3d-b09f85c85c04" testListId="93ffc594-84e9-4891-9359-ed082b0f6c49" />
    <TestEntry testId="87c39d6a-589c-4ebe-ac0c-e5fb7ed01170" executionId="680f7dce-b28a-4f8e-bc57-4758ec7d9400" testListId="93ffc594-84e9-4891-9359-ed082b0f6c49" />
    <TestEntry testId="701b962d-aec9-4b4b-befa-135a6ebc78e1" executionId="b6731924-fdb2-4b5f-a65b-77a59ef87513" testListId="93ffc594-84e9-4891-9359-ed082b0f6c49" />
    <TestEntry testId="d11c8ea7-6ad5-4194-9a52-9da5ea4f2814" executionId="c4cd6764-813f-4916-a6f8-89b6cd5f4187" testListId="93ffc594-84e9-4891-9359-ed082b0f6c49" />
    <TestEntry testId="11c5bd3d-fcd7-4d86-85c3-45e8c1245bc4" executionId="c9c0d8d3-f8ff-425d-b8a7-c0db6e29a2c2" testListId="93ffc594-84e9-4891-9359-ed082b0f6c49" />
    <TestEntry testId="ae3bbdb2-ac84-40d3-814a-702e6d212d6a" executionId="f399f63c-19d7-4af6-ae9e-7fb5b308f7b2" testListId="93ffc594-84e9-4891-9359-ed082b0f6c49" />
    <TestEntry testId="c0eb96ca-1bd6-4ed0-8c15-8347c2710d24" executionId="a38067c9-3345-4b10-adbf-c2346fdd82b2" testListId="93ffc594-84e9-4891-9359-ed082b0f6c49" />
    <TestEntry testId="8ba88d90-ccfb-46ff-9beb-c62a33cb16b7" executionId="c463e688-e11d-4a34-bcc1-378057296595" testListId="93ffc594-84e9-4891-9359-ed082b0f6c49" />
    <TestEntry testId="1f11d7e7-7380-4979-82ac-8cf283056362" executionId="0a873506-f885-405a-8ef6-05382bf0b1d1" testListId="93ffc594-84e9-4891-9359-ed082b0f6c49" />
    <TestEntry testId="634b9858-c7b3-48e5-b336-49076e8e2e06" executionId="41b5a412-e948-45e1-a5f8-d300d3932e85" testListId="93ffc594-84e9-4891-9359-ed082b0f6c49" />
    <TestEntry testId="2855795a-19aa-402a-ba5f-b978aa5ce798" executionId="6a53a830-1792-45cc-a45e-1032d6dfc4d7" testListId="93ffc594-84e9-4891-9359-ed082b0f6c49" />
    <TestEntry testId="4ba1e4c9-bcb5-47f9-8884-54386c454ab4" executionId="3f5e6889-dec1-41f1-b521-39e8da025cc6" testListId="93ffc594-84e9-4891-9359-ed082b0f6c49" />
    <TestEntry testId="86613dab-ee9d-4e1c-86ff-d8a2fa030407" executionId="7f66a197-9f65-43ee-aee6-65b5308bb6a5" testListId="93ffc594-84e9-4891-9359-ed082b0f6c49" />
    <TestEntry testId="54a18cd3-8584-40ec-9e66-30de40460b8d" executionId="46022234-bc04-4d7d-93e0-67744f94be01" testListId="93ffc594-84e9-4891-9359-ed082b0f6c49" />
    <TestEntry testId="021a1c6b-f434-4813-a8ec-603303486422" executionId="1944e1f0-4eef-44c5-8be0-99dd9836ec9d" testListId="93ffc594-84e9-4891-9359-ed082b0f6c49" />
    <TestEntry testId="fa57db55-248e-4a55-bee0-ad0a963c573a" executionId="f1597e85-943b-4d89-9add-ff7d2bf533df" testListId="93ffc594-84e9-4891-9359-ed082b0f6c49" />
    <TestEntry testId="da8445df-bce8-4346-a1d9-57c32de898f8" executionId="75ef730c-92be-4454-a2d0-8f7456973424" testListId="93ffc594-84e9-4891-9359-ed082b0f6c49" />
    <TestEntry testId="72811ecc-8f8b-4ecb-bd5a-775df17d9b48" executionId="2c6a4974-50a6-4042-b5a6-27bfd85d7d45" testListId="93ffc594-84e9-4891-9359-ed082b0f6c49" />
    <TestEntry testId="c1a317a0-11b0-4e53-b5ce-5194b02252de" executionId="74bf5687-6fda-4c63-a388-325b352c5214" testListId="93ffc594-84e9-4891-9359-ed082b0f6c49" />
    <TestEntry testId="ce833dc3-7e04-44ef-8acb-8ce6ad16406a" executionId="b9f76ce5-eca8-499b-a094-2058b2dab24b" testListId="93ffc594-84e9-4891-9359-ed082b0f6c49" />
    <TestEntry testId="f92df5c2-c97b-43ca-9395-235dea3d9eec" executionId="9255adc4-0267-414b-9d50-b3068e7adf24" testListId="93ffc594-84e9-4891-9359-ed082b0f6c49" />
    <TestEntry testId="fb75bc66-aa6d-4872-9e82-aec3431eefd5" executionId="3bf75530-26ea-43a8-adbc-770eda4f56e4" testListId="93ffc594-84e9-4891-9359-ed082b0f6c49" />
    <TestEntry testId="5c2b7a0e-7f2c-4fdb-aee4-b3f2c03f1b3d" executionId="48730edd-5f2c-4770-89df-d72e6d6963b5" testListId="93ffc594-84e9-4891-9359-ed082b0f6c49" />
    <TestEntry testId="8004925b-87a8-4175-ad7b-77a9e88a3d1c" executionId="894f0314-b3e8-4073-8f12-21a0f7a631ad" testListId="93ffc594-84e9-4891-9359-ed082b0f6c49" />
    <TestEntry testId="0b069e46-b85b-4e02-9386-176ad015f1f2" executionId="b8a66121-0360-4c86-bae9-598a08d5e99b" testListId="93ffc594-84e9-4891-9359-ed082b0f6c49" />
    <TestEntry testId="20d07d93-c9ce-483c-bffb-b70cf9162d80" executionId="4565ef2d-5624-4219-9fa9-bd36ac8dbcb0" testListId="93ffc594-84e9-4891-9359-ed082b0f6c49" />
    <TestEntry testId="730f2f27-abd7-443f-8a46-b785e55bb7b7" executionId="189742c5-3785-4aab-95ce-ce141d7124c3" testListId="93ffc594-84e9-4891-9359-ed082b0f6c49" />
    <TestEntry testId="68135373-1525-407b-9698-081c560ee251" executionId="6495be95-cec8-4ef1-b2fe-95caa5866162" testListId="93ffc594-84e9-4891-9359-ed082b0f6c49" />
    <TestEntry testId="1eba7697-b866-43f9-a42e-47ceb445b004" executionId="ab59b2bc-24ec-4110-aa95-413925c22d4f" testListId="93ffc594-84e9-4891-9359-ed082b0f6c49" />
    <TestEntry testId="8aafbf81-1fc6-468b-9b38-8105b04178d8" executionId="91735eed-1465-40fe-9ce7-71c9485b1672" testListId="93ffc594-84e9-4891-9359-ed082b0f6c49" />
    <TestEntry testId="81628e83-6f5a-4426-89d8-62175d0f08e3" executionId="4342f699-4732-489b-89ac-2a89c1e1f419" testListId="93ffc594-84e9-4891-9359-ed082b0f6c49" />
    <TestEntry testId="aedde70e-e5a8-4778-b316-2a8e835a3417" executionId="e5846602-0e59-41fe-bf60-241dd31eb599" testListId="93ffc594-84e9-4891-9359-ed082b0f6c49" />
    <TestEntry testId="d3ed3965-e1de-455d-8cc6-896567382927" executionId="b28b9bfa-deee-42c5-a51a-5e3957cb48b6" testListId="93ffc594-84e9-4891-9359-ed082b0f6c49" />
    <TestEntry testId="03dab2f8-c7dc-4af5-8d26-d1527eeee1ae" executionId="fd465e22-1c51-46c3-abca-179c0470933e" testListId="93ffc594-84e9-4891-9359-ed082b0f6c49" />
    <TestEntry testId="b81f3646-b7e4-4663-84e7-529d346e08f9" executionId="6c202d86-0597-4172-a882-873b2bc169ab" testListId="93ffc594-84e9-4891-9359-ed082b0f6c49" />
    <TestEntry testId="ba03a027-c3dd-467c-85e8-46dd84955fc9" executionId="8ac8f2ca-e08b-473a-a990-d204c3de852e" testListId="93ffc594-84e9-4891-9359-ed082b0f6c49" />
    <TestEntry testId="c9d37e1d-2de1-4366-8aca-3824a4d01510" executionId="7fcbb21c-f1bf-4882-8981-45875cc08ea9" testListId="93ffc594-84e9-4891-9359-ed082b0f6c49" />
    <TestEntry testId="5c1e56a4-b995-4f90-af17-17fc687d4b51" executionId="5ab82ebe-bf43-4c53-be4c-b8da1b2e8f3d" testListId="93ffc594-84e9-4891-9359-ed082b0f6c49" />
    <TestEntry testId="4ed9c30d-9809-4abe-b38f-914825d79bb3" executionId="922acdec-5fe4-46a1-b6a8-4d56e5d06129" testListId="93ffc594-84e9-4891-9359-ed082b0f6c49" />
    <TestEntry testId="e3f79abf-d86e-4551-a30d-9cd1bd466ab1" executionId="5fc51ff8-c5ba-4d68-a9c7-1064cc4c82ff" testListId="93ffc594-84e9-4891-9359-ed082b0f6c49" />
    <TestEntry testId="7ecca673-db28-456f-b652-e895870a647b" executionId="1f12fe97-8c78-4a0d-bf67-733a6203045f" testListId="93ffc594-84e9-4891-9359-ed082b0f6c49" />
    <TestEntry testId="e43b7e28-0b79-4d32-91dd-976f8419a965" executionId="ec3747bb-930b-4609-b37a-011298d94fc0" testListId="93ffc594-84e9-4891-9359-ed082b0f6c49" />
    <TestEntry testId="3492b17a-044d-40c2-aab9-f96cace916b8" executionId="0a5ec07e-1a49-4db6-8632-ea0bcf4a7990" testListId="93ffc594-84e9-4891-9359-ed082b0f6c49" />
    <TestEntry testId="69b5fe9d-e550-4d9c-a488-3a5231c3c77a" executionId="4af21aed-f9c9-44ff-8198-dbc6575ab0e1" testListId="93ffc594-84e9-4891-9359-ed082b0f6c49" />
    <TestEntry testId="b1472297-2b0a-4dc9-8c9a-ebca652c0016" executionId="706da97a-7b4e-4995-82a0-d78c3e9776dd" testListId="93ffc594-84e9-4891-9359-ed082b0f6c49" />
    <TestEntry testId="96ff8ace-8a90-4c7d-b48d-0f3242906a2c" executionId="57374d39-9538-42c8-8df5-2db22ebd2ffc" testListId="93ffc594-84e9-4891-9359-ed082b0f6c49" />
    <TestEntry testId="d5d221bd-fba4-487a-ab9f-dbfff04b0452" executionId="7fcdeb5b-3dea-42f8-a547-c087a654e452" testListId="93ffc594-84e9-4891-9359-ed082b0f6c49" />
    <TestEntry testId="1dc263f0-7a75-4951-8eb1-1bb02eec485d" executionId="3f5d3a83-7487-44b3-a3e4-41ff1dc103f1" testListId="93ffc594-84e9-4891-9359-ed082b0f6c49" />
    <TestEntry testId="83f276ed-f958-4dd6-869b-f036e35f7446" executionId="7368ef2d-010b-47f4-9645-9bba24a9ab8a" testListId="93ffc594-84e9-4891-9359-ed082b0f6c49" />
    <TestEntry testId="f3382065-85d7-47da-824c-78b23ef39b1a" executionId="042c2625-3e59-41cc-b6d8-8a8888345557" testListId="93ffc594-84e9-4891-9359-ed082b0f6c49" />
    <TestEntry testId="2c73bd70-7aac-450d-a69e-e053d8f4d832" executionId="7de241df-0808-425e-8958-3ad2fc3632f9" testListId="93ffc594-84e9-4891-9359-ed082b0f6c49" />
    <TestEntry testId="29537928-abc9-4361-b325-353c80e05d0d" executionId="26a45492-9d0c-439f-b20e-5b4015c100b9" testListId="93ffc594-84e9-4891-9359-ed082b0f6c49" />
    <TestEntry testId="8faa435e-729f-4bd8-9aec-6c02223d5592" executionId="d5a32ece-f03b-49fc-82a5-561e3e8faa7b" testListId="93ffc594-84e9-4891-9359-ed082b0f6c49" />
  </TestEntries>
  <TestLists>
    <TestList name="Results Not in a List" id="93ffc594-84e9-4891-9359-ed082b0f6c49" />
    <TestList name="All Loaded Results" id="e3d67f1a-a9bd-4138-8152-a6361d0dc9fd" />
  </TestLists>
</TestRun>