<?xml version="1.0" encoding="UTF-8"?>
<TestRun id="e2c778ed-f363-4050-b443-8ac45be3c8b5" name="Test Run 32" runUser="Oles Galatsan" xmlns="http://microsoft.com/schemas/VisualStudio/TeamTest/2010">
  <Times creation="2025-05-14T13:20:31.3125482Z" queuing="2025-05-14T13:20:31.3125482Z" start="2025-05-14T13:20:31.3146610Z" finish="2025-05-14T13:25:31.3147553Z" />
  <TestSettings name="Test Settings 32" id="9a0c9ced-097d-4d16-9f4a-0567e8b62bcd" />
  <Results>
    <UnitTestResult executionId="9ebd50b8-cf4c-406a-8af0-708988c5dfeb" testId="deea2a05-6915-479f-9271-c19fc2418d5b" testName="Test3101" computerName="UA-LPT-OGA2" duration="00:00:00.0730000" startTime="2025-05-14T13:20:31.3146610Z" endTime="2025-05-14T13:25:31.3147553Z" testType="13cdc9d9-ddb5-4fa4-a97d-d965ccfc6d4b" outcome="Passed" testListId="25adc7b4-d987-4be2-9d9c-1604efa0363e" />
    <UnitTestResult executionId="c72497b3-851a-40eb-a274-3db397123d1b" testId="e136bb51-3c4c-439f-b128-ee198ccd1383" testName="Test3102" computerName="UA-LPT-OGA2" duration="00:00:00.3790000" startTime="2025-05-14T13:20:31.3146610Z" endTime="2025-05-14T13:25:31.3147553Z" testType="13cdc9d9-ddb5-4fa4-a97d-d965ccfc6d4b" outcome="Passed" testListId="25adc7b4-d987-4be2-9d9c-1604efa0363e" />
    <UnitTestResult executionId="9ce821dc-3402-45d4-a0ee-e5b21110eaa6" testId="cdd0781f-122c-4d9e-aa57-58d9b2a83b2e" testName="Test3103" computerName="UA-LPT-OGA2" duration="00:00:01.3870000" startTime="2025-05-14T13:20:31.3146610Z" endTime="2025-05-14T13:25:31.3147553Z" testType="13cdc9d9-ddb5-4fa4-a97d-d965ccfc6d4b" outcome="Passed" testListId="25adc7b4-d987-4be2-9d9c-1604efa0363e" />
    <UnitTestResult executionId="75a1479a-e455-4dd7-b57a-83a88e6436d7" testId="3e02d772-2892-4db5-ad24-eeb84caed393" testName="Test3104" computerName="UA-LPT-OGA2" duration="00:00:00.1330000" startTime="2025-05-14T13:20:31.3146610Z" endTime="2025-05-14T13:25:31.3147553Z" testType="13cdc9d9-ddb5-4fa4-a97d-d965ccfc6d4b" outcome="Passed" testListId="25adc7b4-d987-4be2-9d9c-1604efa0363e" />
    <UnitTestResult executionId="51afc1f9-1c28-499a-9f03-41091cbb4819" testId="98145206-377b-4c32-afd1-112b64280715" testName="Test3105" computerName="UA-LPT-OGA2" duration="00:00:00.1770000" startTime="2025-05-14T13:20:31.3146610Z" endTime="2025-05-14T13:25:31.3147553Z" testType="13cdc9d9-ddb5-4fa4-a97d-d965ccfc6d4b" outcome="Passed" testListId="25adc7b4-d987-4be2-9d9c-1604efa0363e" />
    <UnitTestResult executionId="a785ba20-1b15-44d1-a238-1297f892a1e9" testId="cd10c41f-760d-45bc-a5a7-1414043a0b01" testName="Test3106" computerName="UA-LPT-OGA2" duration="00:00:00.5820000" startTime="2025-05-14T13:20:31.3146610Z" endTime="2025-05-14T13:25:31.3147553Z" testType="13cdc9d9-ddb5-4fa4-a97d-d965ccfc6d4b" outcome="Passed" testListId="25adc7b4-d987-4be2-9d9c-1604efa0363e" />
    <UnitTestResult executionId="65d0ecd2-c5f7-473a-89ca-e041e7198346" testId="aa3d4d27-f89e-4fab-b67f-7739aa4bc3ea" testName="Test3107" computerName="UA-LPT-OGA2" duration="00:00:01.7760000" startTime="2025-05-14T13:20:31.3146610Z" endTime="2025-05-14T13:25:31.3147553Z" testType="13cdc9d9-ddb5-4fa4-a97d-d965ccfc6d4b" outcome="Passed" testListId="25adc7b4-d987-4be2-9d9c-1604efa0363e" />
    <UnitTestResult executionId="b2d959d0-902c-4cb2-9ac2-ab532984852f" testId="8212ece0-f2c9-4e3b-a6a3-3587c6d0c6fa" testName="Test3108" computerName="UA-LPT-OGA2" duration="00:00:00.9430000" startTime="2025-05-14T13:20:31.3146610Z" endTime="2025-05-14T13:25:31.3147553Z" testType="13cdc9d9-ddb5-4fa4-a97d-d965ccfc6d4b" outcome="Passed" testListId="25adc7b4-d987-4be2-9d9c-1604efa0363e" />
    <UnitTestResult executionId="97226720-30c6-4096-a4e3-b741e341b80f" testId="2efe11aa-5919-450a-ac72-44b072d75e4e" testName="Test3109" computerName="UA-LPT-OGA2" duration="00:00:01.7350000" startTime="2025-05-14T13:20:31.3146610Z" endTime="2025-05-14T13:25:31.3147553Z" testType="13cdc9d9-ddb5-4fa4-a97d-d965ccfc6d4b" outcome="Failed" testListId="25adc7b4-d987-4be2-9d9c-1604efa0363e">
      <Output>
        <ErrorInfo>
          <Message>Assertion failed: Expected value did not match actual value.</Message>
          <StackTrace>   at TestNamespace.TestClass.Test() in TestClass.cs:line 461</StackTrace>
        </ErrorInfo>
      </Output>
    </UnitTestResult>
    <UnitTestResult executionId="c672162f-a194-401c-93af-9f298259d1bc" testId="1fe34171-b956-4119-94e9-165603d3256e" testName="Test3110" computerName="UA-LPT-OGA2" duration="00:00:00.7730000" startTime="2025-05-14T13:20:31.3146610Z" endTime="2025-05-14T13:25:31.3147553Z" testType="13cdc9d9-ddb5-4fa4-a97d-d965ccfc6d4b" outcome="Passed" testListId="25adc7b4-d987-4be2-9d9c-1604efa0363e" />
    <UnitTestResult executionId="60e11eab-663d-4533-95f1-515229bbcc88" testId="0f41dc81-bc6f-4508-86ce-6608e819a890" testName="Test3111" computerName="UA-LPT-OGA2" duration="00:00:01.6240000" startTime="2025-05-14T13:20:31.3146610Z" endTime="2025-05-14T13:25:31.3147553Z" testType="13cdc9d9-ddb5-4fa4-a97d-d965ccfc6d4b" outcome="Passed" testListId="25adc7b4-d987-4be2-9d9c-1604efa0363e" />
    <UnitTestResult executionId="13e14e7f-c214-47f5-9cac-10c2f6ff896b" testId="1a629842-a750-4285-8e5d-dbac98930a8c" testName="Test3112" computerName="UA-LPT-OGA2" duration="00:00:00.6090000" startTime="2025-05-14T13:20:31.3146610Z" endTime="2025-05-14T13:25:31.3147553Z" testType="13cdc9d9-ddb5-4fa4-a97d-d965ccfc6d4b" outcome="Passed" testListId="25adc7b4-d987-4be2-9d9c-1604efa0363e" />
    <UnitTestResult executionId="17b80773-82de-4624-9346-b78eba0b3c44" testId="87987308-f968-4181-8d3e-8865fdae7a6d" testName="Test3113" computerName="UA-LPT-OGA2" duration="00:00:01.5700000" startTime="2025-05-14T13:20:31.3146610Z" endTime="2025-05-14T13:25:31.3147553Z" testType="13cdc9d9-ddb5-4fa4-a97d-d965ccfc6d4b" outcome="Passed" testListId="25adc7b4-d987-4be2-9d9c-1604efa0363e" />
    <UnitTestResult executionId="135b6c1e-3b10-496b-a845-e5c76285136b" testId="ca6d6703-1328-4b6d-a335-117af10fab7d" testName="Test3114" computerName="UA-LPT-OGA2" duration="00:00:00.3940000" startTime="2025-05-14T13:20:31.3146610Z" endTime="2025-05-14T13:25:31.3147553Z" testType="13cdc9d9-ddb5-4fa4-a97d-d965ccfc6d4b" outcome="Passed" testListId="25adc7b4-d987-4be2-9d9c-1604efa0363e" />
    <UnitTestResult executionId="f796acea-6f0f-4436-b9ed-0b976aebbace" testId="7449a8c8-52db-4a0e-a4d9-681bd9665e8f" testName="Test3115" computerName="UA-LPT-OGA2" duration="00:00:00.7140000" startTime="2025-05-14T13:20:31.3146610Z" endTime="2025-05-14T13:25:31.3147553Z" testType="13cdc9d9-ddb5-4fa4-a97d-d965ccfc6d4b" outcome="Passed" testListId="25adc7b4-d987-4be2-9d9c-1604efa0363e" />
    <UnitTestResult executionId="4a5f5a5e-a289-4645-ab9d-de02aef2ee9d" testId="f3c8d778-5270-4968-96bb-e103967682eb" testName="Test3116" computerName="UA-LPT-OGA2" duration="00:00:00.9590000" startTime="2025-05-14T13:20:31.3146610Z" endTime="2025-05-14T13:25:31.3147553Z" testType="13cdc9d9-ddb5-4fa4-a97d-d965ccfc6d4b" outcome="Passed" testListId="25adc7b4-d987-4be2-9d9c-1604efa0363e" />
    <UnitTestResult executionId="052c67ab-c348-4a91-9d25-1743053a0032" testId="ff895705-d628-49e7-9fd8-33987c5efd6a" testName="Test3117" computerName="UA-LPT-OGA2" duration="00:00:00.6200000" startTime="2025-05-14T13:20:31.3146610Z" endTime="2025-05-14T13:25:31.3147553Z" testType="13cdc9d9-ddb5-4fa4-a97d-d965ccfc6d4b" outcome="Passed" testListId="25adc7b4-d987-4be2-9d9c-1604efa0363e" />
    <UnitTestResult executionId="19d5cfa7-6646-42c8-9099-aa70eb246765" testId="a037728c-69ef-417a-9a38-a1ea2d29b475" testName="Test3118" computerName="UA-LPT-OGA2" duration="00:00:00.3420000" startTime="2025-05-14T13:20:31.3146610Z" endTime="2025-05-14T13:25:31.3147553Z" testType="13cdc9d9-ddb5-4fa4-a97d-d965ccfc6d4b" outcome="Passed" testListId="25adc7b4-d987-4be2-9d9c-1604efa0363e" />
    <UnitTestResult executionId="f0112f20-fbae-434b-8821-e2419bfc238a" testId="372a9053-e6a9-44af-8a42-af066d9c114f" testName="Test3119" computerName="UA-LPT-OGA2" duration="00:00:01.2330000" startTime="2025-05-14T13:20:31.3146610Z" endTime="2025-05-14T13:25:31.3147553Z" testType="13cdc9d9-ddb5-4fa4-a97d-d965ccfc6d4b" outcome="Passed" testListId="25adc7b4-d987-4be2-9d9c-1604efa0363e" />
    <UnitTestResult executionId="1f22a627-bced-4a91-92bf-f90d34358ba5" testId="dc7496ac-f516-4a5d-b78c-80fcbdbbca67" testName="Test3120" computerName="UA-LPT-OGA2" duration="00:00:00.8730000" startTime="2025-05-14T13:20:31.3146610Z" endTime="2025-05-14T13:25:31.3147553Z" testType="13cdc9d9-ddb5-4fa4-a97d-d965ccfc6d4b" outcome="Passed" testListId="25adc7b4-d987-4be2-9d9c-1604efa0363e" />
    <UnitTestResult executionId="ac562da0-107c-42f8-97ff-20fa5c9d5e4d" testId="79c5042a-345f-49cc-9125-cfddf615c9bd" testName="Test3121" computerName="UA-LPT-OGA2" duration="00:00:00.1970000" startTime="2025-05-14T13:20:31.3146610Z" endTime="2025-05-14T13:25:31.3147553Z" testType="13cdc9d9-ddb5-4fa4-a97d-d965ccfc6d4b" outcome="Passed" testListId="25adc7b4-d987-4be2-9d9c-1604efa0363e" />
    <UnitTestResult executionId="86fbd5b5-8183-43b1-a97d-2c3cee231984" testId="cad3ec04-4dc5-41f2-9dd9-0e0db3ca16ac" testName="Test3122" computerName="UA-LPT-OGA2" duration="00:00:01.2160000" startTime="2025-05-14T13:20:31.3146610Z" endTime="2025-05-14T13:25:31.3147553Z" testType="13cdc9d9-ddb5-4fa4-a97d-d965ccfc6d4b" outcome="Passed" testListId="25adc7b4-d987-4be2-9d9c-1604efa0363e" />
    <UnitTestResult executionId="85d10479-9445-47bf-b701-affb5830b558" testId="2b2529bb-e0d1-495a-b0a1-777e41df3f9a" testName="Test3123" computerName="UA-LPT-OGA2" duration="00:00:01.9310000" startTime="2025-05-14T13:20:31.3146610Z" endTime="2025-05-14T13:25:31.3147553Z" testType="13cdc9d9-ddb5-4fa4-a97d-d965ccfc6d4b" outcome="Passed" testListId="25adc7b4-d987-4be2-9d9c-1604efa0363e" />
    <UnitTestResult executionId="dcee28a9-fdeb-4498-b62b-610e6642e1ae" testId="11fb2133-262f-4500-b483-192c45f20efd" testName="Test3124" computerName="UA-LPT-OGA2" duration="00:00:01.3960000" startTime="2025-05-14T13:20:31.3146610Z" endTime="2025-05-14T13:25:31.3147553Z" testType="13cdc9d9-ddb5-4fa4-a97d-d965ccfc6d4b" outcome="Passed" testListId="25adc7b4-d987-4be2-9d9c-1604efa0363e" />
    <UnitTestResult executionId="3b11f121-8e72-4cc4-a8df-1d9c80b85fd6" testId="dda0d96e-6268-4180-8cb2-4038200d94fe" testName="Test3125" computerName="UA-LPT-OGA2" duration="00:00:00.1640000" startTime="2025-05-14T13:20:31.3146610Z" endTime="2025-05-14T13:25:31.3147553Z" testType="13cdc9d9-ddb5-4fa4-a97d-d965ccfc6d4b" outcome="Passed" testListId="25adc7b4-d987-4be2-9d9c-1604efa0363e" />
    <UnitTestResult executionId="41867de8-e8e3-4c92-91c8-2597e55d5aec" testId="06108657-5306-4fc2-a5a1-27dcecd9fce3" testName="Test3126" computerName="UA-LPT-OGA2" duration="00:00:01.1070000" startTime="2025-05-14T13:20:31.3146610Z" endTime="2025-05-14T13:25:31.3147553Z" testType="13cdc9d9-ddb5-4fa4-a97d-d965ccfc6d4b" outcome="Passed" testListId="25adc7b4-d987-4be2-9d9c-1604efa0363e" />
    <UnitTestResult executionId="f898bff2-3d86-4889-bc09-33c6cf5b6095" testId="503a6fcd-e821-473d-99bd-622b0acd818b" testName="Test3127" computerName="UA-LPT-OGA2" duration="00:00:00.2850000" startTime="2025-05-14T13:20:31.3146610Z" endTime="2025-05-14T13:25:31.3147553Z" testType="13cdc9d9-ddb5-4fa4-a97d-d965ccfc6d4b" outcome="Passed" testListId="25adc7b4-d987-4be2-9d9c-1604efa0363e" />
    <UnitTestResult executionId="37dbe1fb-f66a-444f-9897-486d0ab5c7b8" testId="ece7251e-944c-4db6-a8c5-a1a7d7687238" testName="Test3128" computerName="UA-LPT-OGA2" duration="00:00:00.7200000" startTime="2025-05-14T13:20:31.3146610Z" endTime="2025-05-14T13:25:31.3147553Z" testType="13cdc9d9-ddb5-4fa4-a97d-d965ccfc6d4b" outcome="Failed" testListId="25adc7b4-d987-4be2-9d9c-1604efa0363e">
      <Output>
        <ErrorInfo>
          <Message>Assertion failed: Expected value did not match actual value.</Message>
          <StackTrace>   at TestNamespace.TestClass.Test() in TestClass.cs:line 426</StackTrace>
        </ErrorInfo>
      </Output>
    </UnitTestResult>
    <UnitTestResult executionId="755408c9-6cef-4621-b9c4-41c8d1f25318" testId="ed33e66b-2744-4ccd-b717-e6ca9567c07a" testName="Test3129" computerName="UA-LPT-OGA2" duration="00:00:01.4310000" startTime="2025-05-14T13:20:31.3146610Z" endTime="2025-05-14T13:25:31.3147553Z" testType="13cdc9d9-ddb5-4fa4-a97d-d965ccfc6d4b" outcome="Passed" testListId="25adc7b4-d987-4be2-9d9c-1604efa0363e" />
    <UnitTestResult executionId="5df31573-710c-4f1b-b135-b1981b54eade" testId="afae7709-83b7-4d4c-9ef3-7f2eaece370a" testName="Test3130" computerName="UA-LPT-OGA2" duration="00:00:00.8660000" startTime="2025-05-14T13:20:31.3146610Z" endTime="2025-05-14T13:25:31.3147553Z" testType="13cdc9d9-ddb5-4fa4-a97d-d965ccfc6d4b" outcome="Passed" testListId="25adc7b4-d987-4be2-9d9c-1604efa0363e" />
    <UnitTestResult executionId="7342b349-1402-4c20-9a63-84fd48bd1e2f" testId="cb0ec6f0-b8ce-46fc-a80e-392ad3f31098" testName="Test3131" computerName="UA-LPT-OGA2" duration="00:00:00.2670000" startTime="2025-05-14T13:20:31.3146610Z" endTime="2025-05-14T13:25:31.3147553Z" testType="13cdc9d9-ddb5-4fa4-a97d-d965ccfc6d4b" outcome="Passed" testListId="25adc7b4-d987-4be2-9d9c-1604efa0363e" />
    <UnitTestResult executionId="9b485533-1c64-4c69-8c4a-a9b11af72472" testId="d3fc2539-26fc-4a45-a2c8-462d81c2f8c4" testName="Test3132" computerName="UA-LPT-OGA2" duration="00:00:00.9340000" startTime="2025-05-14T13:20:31.3146610Z" endTime="2025-05-14T13:25:31.3147553Z" testType="13cdc9d9-ddb5-4fa4-a97d-d965ccfc6d4b" outcome="Passed" testListId="25adc7b4-d987-4be2-9d9c-1604efa0363e" />
    <UnitTestResult executionId="532ca4c7-d227-4ff5-8d77-0a18e97e19c8" testId="17a7f908-cbf2-4170-b767-88aed70a939a" testName="Test3133" computerName="UA-LPT-OGA2" duration="00:00:01.0900000" startTime="2025-05-14T13:20:31.3146610Z" endTime="2025-05-14T13:25:31.3147553Z" testType="13cdc9d9-ddb5-4fa4-a97d-d965ccfc6d4b" outcome="Passed" testListId="25adc7b4-d987-4be2-9d9c-1604efa0363e" />
    <UnitTestResult executionId="fa519e59-b20d-4629-83d0-0c343f1c476b" testId="27e93b9e-f354-483e-94b9-c09df2c9eca4" testName="Test3134" computerName="UA-LPT-OGA2" duration="00:00:00.9850000" startTime="2025-05-14T13:20:31.3146610Z" endTime="2025-05-14T13:25:31.3147553Z" testType="13cdc9d9-ddb5-4fa4-a97d-d965ccfc6d4b" outcome="Failed" testListId="25adc7b4-d987-4be2-9d9c-1604efa0363e">
      <Output>
        <ErrorInfo>
          <Message>Assertion failed: Expected value did not match actual value.</Message>
          <StackTrace>   at TestNamespace.TestClass.Test() in TestClass.cs:line 447</StackTrace>
        </ErrorInfo>
      </Output>
    </UnitTestResult>
    <UnitTestResult executionId="cf1254e7-f0dd-46eb-b74c-bda6590bb645" testId="83e27599-d499-4546-81ad-38b1649bf092" testName="Test3135" computerName="UA-LPT-OGA2" duration="00:00:01.2070000" startTime="2025-05-14T13:20:31.3146610Z" endTime="2025-05-14T13:25:31.3147553Z" testType="13cdc9d9-ddb5-4fa4-a97d-d965ccfc6d4b" outcome="Passed" testListId="25adc7b4-d987-4be2-9d9c-1604efa0363e" />
    <UnitTestResult executionId="b5f003f4-34aa-4e5f-879b-d8186cb56bbe" testId="2c5c3ac1-dc85-49e4-b4cd-48be19c23aec" testName="Test3136" computerName="UA-LPT-OGA2" duration="00:00:00.3690000" startTime="2025-05-14T13:20:31.3146610Z" endTime="2025-05-14T13:25:31.3147553Z" testType="13cdc9d9-ddb5-4fa4-a97d-d965ccfc6d4b" outcome="Passed" testListId="25adc7b4-d987-4be2-9d9c-1604efa0363e" />
    <UnitTestResult executionId="ed6ad2fe-df94-4011-9596-33dbf2d3c5ce" testId="14117b92-e308-48d5-a555-85ab900c3795" testName="Test3137" computerName="UA-LPT-OGA2" duration="00:00:00.1140000" startTime="2025-05-14T13:20:31.3146610Z" endTime="2025-05-14T13:25:31.3147553Z" testType="13cdc9d9-ddb5-4fa4-a97d-d965ccfc6d4b" outcome="Failed" testListId="25adc7b4-d987-4be2-9d9c-1604efa0363e">
      <Output>
        <ErrorInfo>
          <Message>Assertion failed: Expected value did not match actual value.</Message>
          <StackTrace>   at TestNamespace.TestClass.Test() in TestClass.cs:line 272</StackTrace>
        </ErrorInfo>
      </Output>
    </UnitTestResult>
    <UnitTestResult executionId="0110c162-32ef-4e31-be44-29b486dc6531" testId="c87dbd05-3698-4263-9b44-62b3d8abdbe6" testName="Test3138" computerName="UA-LPT-OGA2" duration="00:00:00.2260000" startTime="2025-05-14T13:20:31.3146610Z" endTime="2025-05-14T13:25:31.3147553Z" testType="13cdc9d9-ddb5-4fa4-a97d-d965ccfc6d4b" outcome="Passed" testListId="25adc7b4-d987-4be2-9d9c-1604efa0363e" />
    <UnitTestResult executionId="373805be-d0ae-43cb-954b-6056e2fe9e6a" testId="9ca84ca2-5227-4497-9c72-7873955f7541" testName="Test3139" computerName="UA-LPT-OGA2" duration="00:00:00.0590000" startTime="2025-05-14T13:20:31.3146610Z" endTime="2025-05-14T13:25:31.3147553Z" testType="13cdc9d9-ddb5-4fa4-a97d-d965ccfc6d4b" outcome="Passed" testListId="25adc7b4-d987-4be2-9d9c-1604efa0363e" />
    <UnitTestResult executionId="2fee9596-488e-467a-9b3b-decb997b8ab5" testId="bca40616-2da1-426c-847a-216159e1c946" testName="Test3140" computerName="UA-LPT-OGA2" duration="00:00:00.8930000" startTime="2025-05-14T13:20:31.3146610Z" endTime="2025-05-14T13:25:31.3147553Z" testType="13cdc9d9-ddb5-4fa4-a97d-d965ccfc6d4b" outcome="Passed" testListId="25adc7b4-d987-4be2-9d9c-1604efa0363e" />
    <UnitTestResult executionId="536a5c86-3ab2-4826-ac9c-cbca5bce12cb" testId="60eb47f3-f3ff-46be-9aeb-0780df93caeb" testName="Test3141" computerName="UA-LPT-OGA2" duration="00:00:00.8910000" startTime="2025-05-14T13:20:31.3146610Z" endTime="2025-05-14T13:25:31.3147553Z" testType="13cdc9d9-ddb5-4fa4-a97d-d965ccfc6d4b" outcome="Passed" testListId="25adc7b4-d987-4be2-9d9c-1604efa0363e" />
    <UnitTestResult executionId="9f6ee1c2-132f-4e28-b740-dd36a3d8b57c" testId="8ff29caf-2aea-4785-95b4-5e7cc74d3df7" testName="Test3142" computerName="UA-LPT-OGA2" duration="00:00:00.3850000" startTime="2025-05-14T13:20:31.3146610Z" endTime="2025-05-14T13:25:31.3147553Z" testType="13cdc9d9-ddb5-4fa4-a97d-d965ccfc6d4b" outcome="Passed" testListId="25adc7b4-d987-4be2-9d9c-1604efa0363e" />
    <UnitTestResult executionId="b1eb3aa9-704a-4ac7-a700-96f8c65431a8" testId="efeee3e7-9247-4022-8c03-9c8df4f51af6" testName="Test3143" computerName="UA-LPT-OGA2" duration="00:00:00.1090000" startTime="2025-05-14T13:20:31.3146610Z" endTime="2025-05-14T13:25:31.3147553Z" testType="13cdc9d9-ddb5-4fa4-a97d-d965ccfc6d4b" outcome="Passed" testListId="25adc7b4-d987-4be2-9d9c-1604efa0363e" />
    <UnitTestResult executionId="3f73a7fe-d89b-4fff-b6b4-96df389df3f4" testId="3375a53b-066f-4c20-9f63-5bcf1c0bbca9" testName="Test3144" computerName="UA-LPT-OGA2" duration="00:00:00.9240000" startTime="2025-05-14T13:20:31.3146610Z" endTime="2025-05-14T13:25:31.3147553Z" testType="13cdc9d9-ddb5-4fa4-a97d-d965ccfc6d4b" outcome="Passed" testListId="25adc7b4-d987-4be2-9d9c-1604efa0363e" />
    <UnitTestResult executionId="882fae45-439e-46bf-89f0-9b9110399d3f" testId="f0d7002f-8d40-4cb4-8889-16d8e8c242ca" testName="Test3145" computerName="UA-LPT-OGA2" duration="00:00:01.5320000" startTime="2025-05-14T13:20:31.3146610Z" endTime="2025-05-14T13:25:31.3147553Z" testType="13cdc9d9-ddb5-4fa4-a97d-d965ccfc6d4b" outcome="Inconclusive" testListId="25adc7b4-d987-4be2-9d9c-1604efa0363e" />
    <UnitTestResult executionId="fb82a453-41ce-4cc7-8d82-02119249ed79" testId="6413c6f5-af5d-4d2a-b828-8991fbf94daf" testName="Test3146" computerName="UA-LPT-OGA2" duration="00:00:01.3200000" startTime="2025-05-14T13:20:31.3146610Z" endTime="2025-05-14T13:25:31.3147553Z" testType="13cdc9d9-ddb5-4fa4-a97d-d965ccfc6d4b" outcome="Passed" testListId="25adc7b4-d987-4be2-9d9c-1604efa0363e" />
    <UnitTestResult executionId="2618245a-d43f-4efa-97f2-095e73b6be1e" testId="b2568811-9d7b-4bd8-9ff3-c6412ff67c29" testName="Test3147" computerName="UA-LPT-OGA2" duration="00:00:01.6770000" startTime="2025-05-14T13:20:31.3146610Z" endTime="2025-05-14T13:25:31.3147553Z" testType="13cdc9d9-ddb5-4fa4-a97d-d965ccfc6d4b" outcome="Passed" testListId="25adc7b4-d987-4be2-9d9c-1604efa0363e" />
    <UnitTestResult executionId="089b21b0-14b0-4655-86b9-51e080f1c20c" testId="50eefd2b-0e50-46bc-b2a9-c4c85f75ecc3" testName="Test3148" computerName="UA-LPT-OGA2" duration="00:00:00.1420000" startTime="2025-05-14T13:20:31.3146610Z" endTime="2025-05-14T13:25:31.3147553Z" testType="13cdc9d9-ddb5-4fa4-a97d-d965ccfc6d4b" outcome="Failed" testListId="25adc7b4-d987-4be2-9d9c-1604efa0363e">
      <Output>
        <ErrorInfo>
          <Message>Assertion failed: Expected value did not match actual value.</Message>
          <StackTrace>   at TestNamespace.TestClass.Test() in TestClass.cs:line 403</StackTrace>
        </ErrorInfo>
      </Output>
    </UnitTestResult>
    <UnitTestResult executionId="81740994-85eb-4339-b2cc-217d24ad6a69" testId="85ade14f-f6fc-47ee-be95-a336a1a195d5" testName="Test3149" computerName="UA-LPT-OGA2" duration="00:00:01.2830000" startTime="2025-05-14T13:20:31.3146610Z" endTime="2025-05-14T13:25:31.3147553Z" testType="13cdc9d9-ddb5-4fa4-a97d-d965ccfc6d4b" outcome="Passed" testListId="25adc7b4-d987-4be2-9d9c-1604efa0363e" />
    <UnitTestResult executionId="3d2fbdbf-b80d-4e11-806c-234bf50732f8" testId="36b9aba9-37c5-492b-9a5e-7130c0532981" testName="Test3150" computerName="UA-LPT-OGA2" duration="00:00:00.9740000" startTime="2025-05-14T13:20:31.3146610Z" endTime="2025-05-14T13:25:31.3147553Z" testType="13cdc9d9-ddb5-4fa4-a97d-d965ccfc6d4b" outcome="Failed" testListId="25adc7b4-d987-4be2-9d9c-1604efa0363e">
      <Output>
        <ErrorInfo>
          <Message>Assertion failed: Expected value did not match actual value.</Message>
          <StackTrace>   at TestNamespace.TestClass.Test() in TestClass.cs:line 114</StackTrace>
        </ErrorInfo>
      </Output>
    </UnitTestResult>
    <UnitTestResult executionId="60acb9f3-5fe2-4dbf-9707-81eef7cb9769" testId="ea18cb81-6f25-4e0d-a716-47de8364e88c" testName="Test3151" computerName="UA-LPT-OGA2" duration="00:00:01.0830000" startTime="2025-05-14T13:20:31.3146610Z" endTime="2025-05-14T13:25:31.3147553Z" testType="13cdc9d9-ddb5-4fa4-a97d-d965ccfc6d4b" outcome="Inconclusive" testListId="25adc7b4-d987-4be2-9d9c-1604efa0363e" />
    <UnitTestResult executionId="46a295e1-66f9-4f34-a13b-18ee3810f25a" testId="e5ec1db5-58b4-4c62-872b-f5b7a9a4a185" testName="Test3152" computerName="UA-LPT-OGA2" duration="00:00:00.9500000" startTime="2025-05-14T13:20:31.3146610Z" endTime="2025-05-14T13:25:31.3147553Z" testType="13cdc9d9-ddb5-4fa4-a97d-d965ccfc6d4b" outcome="Passed" testListId="25adc7b4-d987-4be2-9d9c-1604efa0363e" />
    <UnitTestResult executionId="eb1c3514-3bdb-4f2c-9b33-9abfbb74bd8f" testId="64809bb1-2612-4137-996c-93eec025673d" testName="Test3153" computerName="UA-LPT-OGA2" duration="00:00:00.1820000" startTime="2025-05-14T13:20:31.3146610Z" endTime="2025-05-14T13:25:31.3147553Z" testType="13cdc9d9-ddb5-4fa4-a97d-d965ccfc6d4b" outcome="Passed" testListId="25adc7b4-d987-4be2-9d9c-1604efa0363e" />
    <UnitTestResult executionId="8c82b1be-7fe3-4054-8587-7627d44a8b13" testId="02f4f118-88cf-43a2-b77d-781d7359a416" testName="Test3154" computerName="UA-LPT-OGA2" duration="00:00:01.5150000" startTime="2025-05-14T13:20:31.3146610Z" endTime="2025-05-14T13:25:31.3147553Z" testType="13cdc9d9-ddb5-4fa4-a97d-d965ccfc6d4b" outcome="Passed" testListId="25adc7b4-d987-4be2-9d9c-1604efa0363e" />
    <UnitTestResult executionId="39d6bab9-16eb-459d-95a5-aa2981537f18" testId="32f7a198-7aff-4987-8674-d3dd1298fd2c" testName="Test3155" computerName="UA-LPT-OGA2" duration="00:00:00.5900000" startTime="2025-05-14T13:20:31.3146610Z" endTime="2025-05-14T13:25:31.3147553Z" testType="13cdc9d9-ddb5-4fa4-a97d-d965ccfc6d4b" outcome="Failed" testListId="25adc7b4-d987-4be2-9d9c-1604efa0363e">
      <Output>
        <ErrorInfo>
          <Message>Assertion failed: Expected value did not match actual value.</Message>
          <StackTrace>   at TestNamespace.TestClass.Test() in TestClass.cs:line 308</StackTrace>
        </ErrorInfo>
      </Output>
    </UnitTestResult>
    <UnitTestResult executionId="6d8d97fd-c4e8-4580-a2ab-01c16d453fba" testId="0897938c-166f-4d34-8a30-a93b007f8ef2" testName="Test3156" computerName="UA-LPT-OGA2" duration="00:00:01.3040000" startTime="2025-05-14T13:20:31.3146610Z" endTime="2025-05-14T13:25:31.3147553Z" testType="13cdc9d9-ddb5-4fa4-a97d-d965ccfc6d4b" outcome="Passed" testListId="25adc7b4-d987-4be2-9d9c-1604efa0363e" />
    <UnitTestResult executionId="4a86f7d8-759b-4ebf-bfbc-4a98bc1cade9" testId="fc23c9c5-d1eb-42bb-989b-6ab4a872b44b" testName="Test3157" computerName="UA-LPT-OGA2" duration="00:00:01.2940000" startTime="2025-05-14T13:20:31.3146610Z" endTime="2025-05-14T13:25:31.3147553Z" testType="13cdc9d9-ddb5-4fa4-a97d-d965ccfc6d4b" outcome="Passed" testListId="25adc7b4-d987-4be2-9d9c-1604efa0363e" />
    <UnitTestResult executionId="1df057a7-b7e5-4465-b111-8bb205caf5d3" testId="60e57cea-f427-45ab-9e02-6dbce25f9861" testName="Test3158" computerName="UA-LPT-OGA2" duration="00:00:01.1140000" startTime="2025-05-14T13:20:31.3146610Z" endTime="2025-05-14T13:25:31.3147553Z" testType="13cdc9d9-ddb5-4fa4-a97d-d965ccfc6d4b" outcome="Passed" testListId="25adc7b4-d987-4be2-9d9c-1604efa0363e" />
    <UnitTestResult executionId="78b30fa0-3e24-44ea-8519-512042d0e136" testId="62fe1550-f9be-420b-b60e-0e352f97dc47" testName="Test3159" computerName="UA-LPT-OGA2" duration="00:00:00.6980000" startTime="2025-05-14T13:20:31.3146610Z" endTime="2025-05-14T13:25:31.3147553Z" testType="13cdc9d9-ddb5-4fa4-a97d-d965ccfc6d4b" outcome="Passed" testListId="25adc7b4-d987-4be2-9d9c-1604efa0363e" />
    <UnitTestResult executionId="a1d60709-e3c6-489e-9d05-771e0cdc312d" testId="b2c52b91-72de-4c70-a3ca-228f559984fc" testName="Test3160" computerName="UA-LPT-OGA2" duration="00:00:00.2720000" startTime="2025-05-14T13:20:31.3146610Z" endTime="2025-05-14T13:25:31.3147553Z" testType="13cdc9d9-ddb5-4fa4-a97d-d965ccfc6d4b" outcome="Passed" testListId="25adc7b4-d987-4be2-9d9c-1604efa0363e" />
    <UnitTestResult executionId="1d90c5c9-cd7e-4503-95c5-3f752eac58c0" testId="4f751e0d-94a7-4b84-81d9-b2a80d6089c7" testName="Test3161" computerName="UA-LPT-OGA2" duration="00:00:00.7350000" startTime="2025-05-14T13:20:31.3146610Z" endTime="2025-05-14T13:25:31.3147553Z" testType="13cdc9d9-ddb5-4fa4-a97d-d965ccfc6d4b" outcome="Passed" testListId="25adc7b4-d987-4be2-9d9c-1604efa0363e" />
    <UnitTestResult executionId="3e96137f-9d6f-4e15-b290-21b58940efd5" testId="abcdb8f4-00e7-4900-a37a-f7b412cab9c9" testName="Test3162" computerName="UA-LPT-OGA2" duration="00:00:00.8210000" startTime="2025-05-14T13:20:31.3146610Z" endTime="2025-05-14T13:25:31.3147553Z" testType="13cdc9d9-ddb5-4fa4-a97d-d965ccfc6d4b" outcome="Passed" testListId="25adc7b4-d987-4be2-9d9c-1604efa0363e" />
    <UnitTestResult executionId="a860bb06-e1c3-4404-96c6-5ffc38764535" testId="c8ada624-c4f1-4477-95fb-5ea537bbf595" testName="Test3163" computerName="UA-LPT-OGA2" duration="00:00:01.6180000" startTime="2025-05-14T13:20:31.3146610Z" endTime="2025-05-14T13:25:31.3147553Z" testType="13cdc9d9-ddb5-4fa4-a97d-d965ccfc6d4b" outcome="Passed" testListId="25adc7b4-d987-4be2-9d9c-1604efa0363e" />
    <UnitTestResult executionId="27616a36-fb94-4752-9e4d-90299b61f145" testId="272beb93-b49c-4cae-80d5-cefc209a3af2" testName="Test3164" computerName="UA-LPT-OGA2" duration="00:00:00.3620000" startTime="2025-05-14T13:20:31.3146610Z" endTime="2025-05-14T13:25:31.3147553Z" testType="13cdc9d9-ddb5-4fa4-a97d-d965ccfc6d4b" outcome="Passed" testListId="25adc7b4-d987-4be2-9d9c-1604efa0363e" />
    <UnitTestResult executionId="2457486e-a773-4f24-ab0c-1a5d98afe55a" testId="aa5e6aab-d4f5-43e0-8d1e-eda84b48eab9" testName="Test3165" computerName="UA-LPT-OGA2" duration="00:00:00.5600000" startTime="2025-05-14T13:20:31.3146610Z" endTime="2025-05-14T13:25:31.3147553Z" testType="13cdc9d9-ddb5-4fa4-a97d-d965ccfc6d4b" outcome="Passed" testListId="25adc7b4-d987-4be2-9d9c-1604efa0363e" />
    <UnitTestResult executionId="28d1284b-fab1-427e-a80d-0bcce06a1eef" testId="8fe894c5-ed66-4120-ba12-156eb5897ad8" testName="Test3166" computerName="UA-LPT-OGA2" duration="00:00:00.1100000" startTime="2025-05-14T13:20:31.3146610Z" endTime="2025-05-14T13:25:31.3147553Z" testType="13cdc9d9-ddb5-4fa4-a97d-d965ccfc6d4b" outcome="Passed" testListId="25adc7b4-d987-4be2-9d9c-1604efa0363e" />
    <UnitTestResult executionId="cdf2ad35-b39b-4adf-9aa2-e3179a376a81" testId="614f1c37-db55-4a0c-8b10-6e9b8684fb8c" testName="Test3167" computerName="UA-LPT-OGA2" duration="00:00:00.0870000" startTime="2025-05-14T13:20:31.3146610Z" endTime="2025-05-14T13:25:31.3147553Z" testType="13cdc9d9-ddb5-4fa4-a97d-d965ccfc6d4b" outcome="Passed" testListId="25adc7b4-d987-4be2-9d9c-1604efa0363e" />
    <UnitTestResult executionId="3ef47b7d-0281-4137-9fb3-5a6f2dbe0db3" testId="0571535d-31fd-4922-b3cb-d1a15d551b2f" testName="Test3168" computerName="UA-LPT-OGA2" duration="00:00:00.5970000" startTime="2025-05-14T13:20:31.3146610Z" endTime="2025-05-14T13:25:31.3147553Z" testType="13cdc9d9-ddb5-4fa4-a97d-d965ccfc6d4b" outcome="Passed" testListId="25adc7b4-d987-4be2-9d9c-1604efa0363e" />
    <UnitTestResult executionId="8fe1417a-e333-4b04-a51f-18ee6e7530ea" testId="85b167b2-7859-43ab-94d8-e24f2e4a58a9" testName="Test3169" computerName="UA-LPT-OGA2" duration="00:00:00.6180000" startTime="2025-05-14T13:20:31.3146610Z" endTime="2025-05-14T13:25:31.3147553Z" testType="13cdc9d9-ddb5-4fa4-a97d-d965ccfc6d4b" outcome="Passed" testListId="25adc7b4-d987-4be2-9d9c-1604efa0363e" />
    <UnitTestResult executionId="14c130fb-cead-4cf7-a3af-651f68023a5c" testId="80c8c6a6-7541-4c1a-9091-f1fc7d63e62f" testName="Test3170" computerName="UA-LPT-OGA2" duration="00:00:01.2400000" startTime="2025-05-14T13:20:31.3146610Z" endTime="2025-05-14T13:25:31.3147553Z" testType="13cdc9d9-ddb5-4fa4-a97d-d965ccfc6d4b" outcome="Passed" testListId="25adc7b4-d987-4be2-9d9c-1604efa0363e" />
    <UnitTestResult executionId="a7014d77-a27f-4493-8af8-f3da6058907e" testId="24e72238-1cad-4b39-b3b3-826a47d6b06b" testName="Test3171" computerName="UA-LPT-OGA2" duration="00:00:00.2320000" startTime="2025-05-14T13:20:31.3146610Z" endTime="2025-05-14T13:25:31.3147553Z" testType="13cdc9d9-ddb5-4fa4-a97d-d965ccfc6d4b" outcome="Passed" testListId="25adc7b4-d987-4be2-9d9c-1604efa0363e" />
    <UnitTestResult executionId="f78f04dd-7490-4592-b873-d4aaee04e628" testId="e4379985-e608-41c2-9286-faf7dc4950d9" testName="Test3172" computerName="UA-LPT-OGA2" duration="00:00:01.4900000" startTime="2025-05-14T13:20:31.3146610Z" endTime="2025-05-14T13:25:31.3147553Z" testType="13cdc9d9-ddb5-4fa4-a97d-d965ccfc6d4b" outcome="Passed" testListId="25adc7b4-d987-4be2-9d9c-1604efa0363e" />
    <UnitTestResult executionId="8bf9ad9d-9c07-46c1-a883-63e8dc87a8bd" testId="5ea9decb-0fc5-4d93-ac0f-fb4b3c8c45d4" testName="Test3173" computerName="UA-LPT-OGA2" duration="00:00:00.0110000" startTime="2025-05-14T13:20:31.3146610Z" endTime="2025-05-14T13:25:31.3147553Z" testType="13cdc9d9-ddb5-4fa4-a97d-d965ccfc6d4b" outcome="Passed" testListId="25adc7b4-d987-4be2-9d9c-1604efa0363e" />
    <UnitTestResult executionId="48453e6f-a557-42b0-803f-a2a276145f92" testId="1732481f-7515-416a-8c49-e76a3f912917" testName="Test3174" computerName="UA-LPT-OGA2" duration="00:00:00.3480000" startTime="2025-05-14T13:20:31.3146610Z" endTime="2025-05-14T13:25:31.3147553Z" testType="13cdc9d9-ddb5-4fa4-a97d-d965ccfc6d4b" outcome="Passed" testListId="25adc7b4-d987-4be2-9d9c-1604efa0363e" />
    <UnitTestResult executionId="eeafbad6-c882-4e98-af1b-6947ca7f4179" testId="eb67bcdb-3330-405b-9576-9ab3ccec258e" testName="Test3175" computerName="UA-LPT-OGA2" duration="00:00:01.8950000" startTime="2025-05-14T13:20:31.3146610Z" endTime="2025-05-14T13:25:31.3147553Z" testType="13cdc9d9-ddb5-4fa4-a97d-d965ccfc6d4b" outcome="Passed" testListId="25adc7b4-d987-4be2-9d9c-1604efa0363e" />
    <UnitTestResult executionId="108cfeba-d5c2-4a9a-b2bb-3e7ce4ec0984" testId="1be13525-4e33-410a-9205-507d8bdc5007" testName="Test3176" computerName="UA-LPT-OGA2" duration="00:00:01.7090000" startTime="2025-05-14T13:20:31.3146610Z" endTime="2025-05-14T13:25:31.3147553Z" testType="13cdc9d9-ddb5-4fa4-a97d-d965ccfc6d4b" outcome="Passed" testListId="25adc7b4-d987-4be2-9d9c-1604efa0363e" />
    <UnitTestResult executionId="8121fd9c-b7c2-4405-ac45-3b144671aec1" testId="512afab9-10fc-46de-ac0f-bba8f3b97f19" testName="Test3177" computerName="UA-LPT-OGA2" duration="00:00:01.2170000" startTime="2025-05-14T13:20:31.3146610Z" endTime="2025-05-14T13:25:31.3147553Z" testType="13cdc9d9-ddb5-4fa4-a97d-d965ccfc6d4b" outcome="Passed" testListId="25adc7b4-d987-4be2-9d9c-1604efa0363e" />
    <UnitTestResult executionId="abe171b0-20fc-4d15-b9f9-1cb3dff71963" testId="c725c680-cf3d-4883-912a-c40cdd8e041b" testName="Test3178" computerName="UA-LPT-OGA2" duration="00:00:00.8330000" startTime="2025-05-14T13:20:31.3146610Z" endTime="2025-05-14T13:25:31.3147553Z" testType="13cdc9d9-ddb5-4fa4-a97d-d965ccfc6d4b" outcome="Passed" testListId="25adc7b4-d987-4be2-9d9c-1604efa0363e" />
    <UnitTestResult executionId="4c355c68-433b-4946-9189-d21ee9ee5114" testId="ff95bb8d-eabb-4783-917a-2d25df57822b" testName="Test3179" computerName="UA-LPT-OGA2" duration="00:00:01.0770000" startTime="2025-05-14T13:20:31.3146610Z" endTime="2025-05-14T13:25:31.3147553Z" testType="13cdc9d9-ddb5-4fa4-a97d-d965ccfc6d4b" outcome="Passed" testListId="25adc7b4-d987-4be2-9d9c-1604efa0363e" />
    <UnitTestResult executionId="944e6f81-5149-4da6-9a88-b21322b43e58" testId="ffe3a9e9-1660-4bbb-86eb-fd8ed0a4844f" testName="Test3180" computerName="UA-LPT-OGA2" duration="00:00:00.1310000" startTime="2025-05-14T13:20:31.3146610Z" endTime="2025-05-14T13:25:31.3147553Z" testType="13cdc9d9-ddb5-4fa4-a97d-d965ccfc6d4b" outcome="Passed" testListId="25adc7b4-d987-4be2-9d9c-1604efa0363e" />
    <UnitTestResult executionId="71e7cd81-df08-4800-a26b-3992b2ab0e3c" testId="d52a23e1-75aa-435c-a6a9-86d017d15cef" testName="Test3181" computerName="UA-LPT-OGA2" duration="00:00:01.6000000" startTime="2025-05-14T13:20:31.3146610Z" endTime="2025-05-14T13:25:31.3147553Z" testType="13cdc9d9-ddb5-4fa4-a97d-d965ccfc6d4b" outcome="Failed" testListId="25adc7b4-d987-4be2-9d9c-1604efa0363e">
      <Output>
        <ErrorInfo>
          <Message>Assertion failed: Expected value did not match actual value.</Message>
          <StackTrace>   at TestNamespace.TestClass.Test() in TestClass.cs:line 16</StackTrace>
        </ErrorInfo>
      </Output>
    </UnitTestResult>
    <UnitTestResult executionId="6360de57-e128-4ac0-8108-616ed7b79774" testId="6ade1eb5-a879-4a69-b9f0-1a7d33826d33" testName="Test3182" computerName="UA-LPT-OGA2" duration="00:00:01.8260000" startTime="2025-05-14T13:20:31.3146610Z" endTime="2025-05-14T13:25:31.3147553Z" testType="13cdc9d9-ddb5-4fa4-a97d-d965ccfc6d4b" outcome="Passed" testListId="25adc7b4-d987-4be2-9d9c-1604efa0363e" />
    <UnitTestResult executionId="a29a6b2f-cf54-4298-b077-b120af1842ca" testId="63b000f9-6804-4902-87bf-d73b74006a30" testName="Test3183" computerName="UA-LPT-OGA2" duration="00:00:01.3140000" startTime="2025-05-14T13:20:31.3146610Z" endTime="2025-05-14T13:25:31.3147553Z" testType="13cdc9d9-ddb5-4fa4-a97d-d965ccfc6d4b" outcome="Passed" testListId="25adc7b4-d987-4be2-9d9c-1604efa0363e" />
    <UnitTestResult executionId="f1bcd863-a7b1-4935-b542-384ba14dc933" testId="bc4026e5-f095-40a7-9659-226aadbb5b73" testName="Test3184" computerName="UA-LPT-OGA2" duration="00:00:00.3060000" startTime="2025-05-14T13:20:31.3146610Z" endTime="2025-05-14T13:25:31.3147553Z" testType="13cdc9d9-ddb5-4fa4-a97d-d965ccfc6d4b" outcome="Passed" testListId="25adc7b4-d987-4be2-9d9c-1604efa0363e" />
    <UnitTestResult executionId="8116ec79-a409-4e8c-9aca-24984b3019ef" testId="081a98f0-6cb3-4b06-8ffd-09e96534465a" testName="Test3185" computerName="UA-LPT-OGA2" duration="00:00:01.6570000" startTime="2025-05-14T13:20:31.3146610Z" endTime="2025-05-14T13:25:31.3147553Z" testType="13cdc9d9-ddb5-4fa4-a97d-d965ccfc6d4b" outcome="Passed" testListId="25adc7b4-d987-4be2-9d9c-1604efa0363e" />
    <UnitTestResult executionId="d91a5511-e84a-4a14-98db-c988433d292e" testId="98501315-a02e-4a57-9eed-8457a4428c5d" testName="Test3186" computerName="UA-LPT-OGA2" duration="00:00:00.9470000" startTime="2025-05-14T13:20:31.3146610Z" endTime="2025-05-14T13:25:31.3147553Z" testType="13cdc9d9-ddb5-4fa4-a97d-d965ccfc6d4b" outcome="Passed" testListId="25adc7b4-d987-4be2-9d9c-1604efa0363e" />
    <UnitTestResult executionId="49a67fd4-fb57-4b85-80d7-9f61578816b5" testId="c2235879-c835-45b2-9eab-839d08c1c72a" testName="Test3187" computerName="UA-LPT-OGA2" duration="00:00:00.7840000" startTime="2025-05-14T13:20:31.3146610Z" endTime="2025-05-14T13:25:31.3147553Z" testType="13cdc9d9-ddb5-4fa4-a97d-d965ccfc6d4b" outcome="Passed" testListId="25adc7b4-d987-4be2-9d9c-1604efa0363e" />
    <UnitTestResult executionId="42278973-0de1-4f02-9da4-8148b03d258b" testId="c6f719e2-acf6-4965-b6c2-774ed6d56a41" testName="Test3188" computerName="UA-LPT-OGA2" duration="00:00:01.9600000" startTime="2025-05-14T13:20:31.3146610Z" endTime="2025-05-14T13:25:31.3147553Z" testType="13cdc9d9-ddb5-4fa4-a97d-d965ccfc6d4b" outcome="Passed" testListId="25adc7b4-d987-4be2-9d9c-1604efa0363e" />
    <UnitTestResult executionId="b0a4d02b-8606-4dd2-b394-0de003a2ee15" testId="8732e200-05a8-4e4b-b007-257ca0fcc669" testName="Test3189" computerName="UA-LPT-OGA2" duration="00:00:01.9450000" startTime="2025-05-14T13:20:31.3146610Z" endTime="2025-05-14T13:25:31.3147553Z" testType="13cdc9d9-ddb5-4fa4-a97d-d965ccfc6d4b" outcome="Passed" testListId="25adc7b4-d987-4be2-9d9c-1604efa0363e" />
    <UnitTestResult executionId="a2a07662-8fa5-48cc-ac11-f55b4776a43c" testId="95ff8d30-d410-4555-826b-65e96274bb8f" testName="Test3190" computerName="UA-LPT-OGA2" duration="00:00:01.5200000" startTime="2025-05-14T13:20:31.3146610Z" endTime="2025-05-14T13:25:31.3147553Z" testType="13cdc9d9-ddb5-4fa4-a97d-d965ccfc6d4b" outcome="Passed" testListId="25adc7b4-d987-4be2-9d9c-1604efa0363e" />
    <UnitTestResult executionId="bd65de73-da6e-4588-a0e1-e6d20993c119" testId="fa0f6b49-0cef-432d-91c5-9d767470c9d5" testName="Test3191" computerName="UA-LPT-OGA2" duration="00:00:01.9190000" startTime="2025-05-14T13:20:31.3146610Z" endTime="2025-05-14T13:25:31.3147553Z" testType="13cdc9d9-ddb5-4fa4-a97d-d965ccfc6d4b" outcome="Passed" testListId="25adc7b4-d987-4be2-9d9c-1604efa0363e" />
    <UnitTestResult executionId="3a4757a3-45af-4a65-9a32-fa9508a74c03" testId="6224b249-b97c-4b29-a194-bed2500d8a91" testName="Test3192" computerName="UA-LPT-OGA2" duration="00:00:00.4450000" startTime="2025-05-14T13:20:31.3146610Z" endTime="2025-05-14T13:25:31.3147553Z" testType="13cdc9d9-ddb5-4fa4-a97d-d965ccfc6d4b" outcome="Passed" testListId="25adc7b4-d987-4be2-9d9c-1604efa0363e" />
    <UnitTestResult executionId="34b497e8-e70d-4a8e-91b0-245276465e3d" testId="88fb4ea1-647d-4074-a427-6797bdfffe53" testName="Test3193" computerName="UA-LPT-OGA2" duration="00:00:01.0850000" startTime="2025-05-14T13:20:31.3146610Z" endTime="2025-05-14T13:25:31.3147553Z" testType="13cdc9d9-ddb5-4fa4-a97d-d965ccfc6d4b" outcome="Passed" testListId="25adc7b4-d987-4be2-9d9c-1604efa0363e" />
    <UnitTestResult executionId="2ad14610-31b9-4d04-9acd-ef63ded3495a" testId="bcb6cdb2-c622-43ef-a8b4-c122e951dc8c" testName="Test3194" computerName="UA-LPT-OGA2" duration="00:00:01.0970000" startTime="2025-05-14T13:20:31.3146610Z" endTime="2025-05-14T13:25:31.3147553Z" testType="13cdc9d9-ddb5-4fa4-a97d-d965ccfc6d4b" outcome="Passed" testListId="25adc7b4-d987-4be2-9d9c-1604efa0363e" />
    <UnitTestResult executionId="975d3897-104d-406b-9fe6-64b8e3e74632" testId="3849b668-0c91-4554-9706-8d5c87b32944" testName="Test3195" computerName="UA-LPT-OGA2" duration="00:00:01.0120000" startTime="2025-05-14T13:20:31.3146610Z" endTime="2025-05-14T13:25:31.3147553Z" testType="13cdc9d9-ddb5-4fa4-a97d-d965ccfc6d4b" outcome="Passed" testListId="25adc7b4-d987-4be2-9d9c-1604efa0363e" />
    <UnitTestResult executionId="acdeccf8-c1c6-41e3-a585-c03b55ba6637" testId="b153fb67-8558-4ff7-afa0-9b4c1aaf7a8f" testName="Test3196" computerName="UA-LPT-OGA2" duration="00:00:01.6900000" startTime="2025-05-14T13:20:31.3146610Z" endTime="2025-05-14T13:25:31.3147553Z" testType="13cdc9d9-ddb5-4fa4-a97d-d965ccfc6d4b" outcome="Passed" testListId="25adc7b4-d987-4be2-9d9c-1604efa0363e" />
    <UnitTestResult executionId="41ba4e2b-2e38-4103-a42c-c036200bb5ad" testId="78c82a5f-c849-4e9b-a085-fba9faa28b89" testName="Test3197" computerName="UA-LPT-OGA2" duration="00:00:01.3780000" startTime="2025-05-14T13:20:31.3146610Z" endTime="2025-05-14T13:25:31.3147553Z" testType="13cdc9d9-ddb5-4fa4-a97d-d965ccfc6d4b" outcome="Passed" testListId="25adc7b4-d987-4be2-9d9c-1604efa0363e" />
    <UnitTestResult executionId="d9a79b42-4d64-41d9-8477-8f6c645adbce" testId="b8dc7d7c-9205-4717-aba4-a71513e5c03f" testName="Test3198" computerName="UA-LPT-OGA2" duration="00:00:01.1810000" startTime="2025-05-14T13:20:31.3146610Z" endTime="2025-05-14T13:25:31.3147553Z" testType="13cdc9d9-ddb5-4fa4-a97d-d965ccfc6d4b" outcome="Passed" testListId="25adc7b4-d987-4be2-9d9c-1604efa0363e" />
    <UnitTestResult executionId="1567712f-4f6a-4c22-b401-84507a9c0581" testId="c7da3ee4-aec8-4308-a77b-ea2eef3bccdb" testName="Test3199" computerName="UA-LPT-OGA2" duration="00:00:00.7580000" startTime="2025-05-14T13:20:31.3146610Z" endTime="2025-05-14T13:25:31.3147553Z" testType="13cdc9d9-ddb5-4fa4-a97d-d965ccfc6d4b" outcome="Passed" testListId="25adc7b4-d987-4be2-9d9c-1604efa0363e" />
    <UnitTestResult executionId="2d3606da-e786-4529-a295-0e727156d1dd" testId="ececaeea-a9c0-40c9-b88e-bfeb019f75b5" testName="Test3200" computerName="UA-LPT-OGA2" duration="00:00:01.0330000" startTime="2025-05-14T13:20:31.3146610Z" endTime="2025-05-14T13:25:31.3147553Z" testType="13cdc9d9-ddb5-4fa4-a97d-d965ccfc6d4b" outcome="Passed" testListId="25adc7b4-d987-4be2-9d9c-1604efa0363e" />
  </Results>
  <TestDefinitions>
    <UnitTest name="Test3101" id="deea2a05-6915-479f-9271-c19fc2418d5b" storage="TestAssembly.dll">
      <Execution id="9ebd50b8-cf4c-406a-8af0-708988c5dfeb" />
      <TestMethod codeBase="TestAssembly.dll" className="TestNamespace.TestClass1" name="Test3101" />
    </UnitTest>
    <UnitTest name="Test3102" id="e136bb51-3c4c-439f-b128-ee198ccd1383" storage="TestAssembly.dll">
      <Execution id="c72497b3-851a-40eb-a274-3db397123d1b" />
      <TestMethod codeBase="TestAssembly.dll" className="TestNamespace.TestClass1" name="Test3102" />
    </UnitTest>
    <UnitTest name="Test3103" id="cdd0781f-122c-4d9e-aa57-58d9b2a83b2e" storage="TestAssembly.dll">
      <Execution id="9ce821dc-3402-45d4-a0ee-e5b21110eaa6" />
      <TestMethod codeBase="TestAssembly.dll" className="TestNamespace.TestClass1" name="Test3103" />
    </UnitTest>
    <UnitTest name="Test3104" id="3e02d772-2892-4db5-ad24-eeb84caed393" storage="TestAssembly.dll">
      <Execution id="75a1479a-e455-4dd7-b57a-83a88e6436d7" />
      <TestMethod codeBase="TestAssembly.dll" className="TestNamespace.TestClass1" name="Test3104" />
    </UnitTest>
    <UnitTest name="Test3105" id="98145206-377b-4c32-afd1-112b64280715" storage="TestAssembly.dll">
      <Execution id="51afc1f9-1c28-499a-9f03-41091cbb4819" />
      <TestMethod codeBase="TestAssembly.dll" className="TestNamespace.TestClass1" name="Test3105" />
    </UnitTest>
    <UnitTest name="Test3106" id="cd10c41f-760d-45bc-a5a7-1414043a0b01" storage="TestAssembly.dll">
      <Execution id="a785ba20-1b15-44d1-a238-1297f892a1e9" />
      <TestMethod codeBase="TestAssembly.dll" className="TestNamespace.TestClass1" name="Test3106" />
    </UnitTest>
    <UnitTest name="Test3107" id="aa3d4d27-f89e-4fab-b67f-7739aa4bc3ea" storage="TestAssembly.dll">
      <Execution id="65d0ecd2-c5f7-473a-89ca-e041e7198346" />
      <TestMethod codeBase="TestAssembly.dll" className="TestNamespace.TestClass1" name="Test3107" />
    </UnitTest>
    <UnitTest name="Test3108" id="8212ece0-f2c9-4e3b-a6a3-3587c6d0c6fa" storage="TestAssembly.dll">
      <Execution id="b2d959d0-902c-4cb2-9ac2-ab532984852f" />
      <TestMethod codeBase="TestAssembly.dll" className="TestNamespace.TestClass1" name="Test3108" />
    </UnitTest>
    <UnitTest name="Test3109" id="2efe11aa-5919-450a-ac72-44b072d75e4e" storage="TestAssembly.dll">
      <Execution id="97226720-30c6-4096-a4e3-b741e341b80f" />
      <TestMethod codeBase="TestAssembly.dll" className="TestNamespace.TestClass1" name="Test3109" />
    </UnitTest>
    <UnitTest name="Test3110" id="1fe34171-b956-4119-94e9-165603d3256e" storage="TestAssembly.dll">
      <Execution id="c672162f-a194-401c-93af-9f298259d1bc" />
      <TestMethod codeBase="TestAssembly.dll" className="TestNamespace.TestClass1" name="Test3110" />
    </UnitTest>
    <UnitTest name="Test3111" id="0f41dc81-bc6f-4508-86ce-6608e819a890" storage="TestAssembly.dll">
      <Execution id="60e11eab-663d-4533-95f1-515229bbcc88" />
      <TestMethod codeBase="TestAssembly.dll" className="TestNamespace.TestClass2" name="Test3111" />
    </UnitTest>
    <UnitTest name="Test3112" id="1a629842-a750-4285-8e5d-dbac98930a8c" storage="TestAssembly.dll">
      <Execution id="13e14e7f-c214-47f5-9cac-10c2f6ff896b" />
      <TestMethod codeBase="TestAssembly.dll" className="TestNamespace.TestClass2" name="Test3112" />
    </UnitTest>
    <UnitTest name="Test3113" id="87987308-f968-4181-8d3e-8865fdae7a6d" storage="TestAssembly.dll">
      <Execution id="17b80773-82de-4624-9346-b78eba0b3c44" />
      <TestMethod codeBase="TestAssembly.dll" className="TestNamespace.TestClass2" name="Test3113" />
    </UnitTest>
    <UnitTest name="Test3114" id="ca6d6703-1328-4b6d-a335-117af10fab7d" storage="TestAssembly.dll">
      <Execution id="135b6c1e-3b10-496b-a845-e5c76285136b" />
      <TestMethod codeBase="TestAssembly.dll" className="TestNamespace.TestClass2" name="Test3114" />
    </UnitTest>
    <UnitTest name="Test3115" id="7449a8c8-52db-4a0e-a4d9-681bd9665e8f" storage="TestAssembly.dll">
      <Execution id="f796acea-6f0f-4436-b9ed-0b976aebbace" />
      <TestMethod codeBase="TestAssembly.dll" className="TestNamespace.TestClass2" name="Test3115" />
    </UnitTest>
    <UnitTest name="Test3116" id="f3c8d778-5270-4968-96bb-e103967682eb" storage="TestAssembly.dll">
      <Execution id="4a5f5a5e-a289-4645-ab9d-de02aef2ee9d" />
      <TestMethod codeBase="TestAssembly.dll" className="TestNamespace.TestClass2" name="Test3116" />
    </UnitTest>
    <UnitTest name="Test3117" id="ff895705-d628-49e7-9fd8-33987c5efd6a" storage="TestAssembly.dll">
      <Execution id="052c67ab-c348-4a91-9d25-1743053a0032" />
      <TestMethod codeBase="TestAssembly.dll" className="TestNamespace.TestClass2" name="Test3117" />
    </UnitTest>
    <UnitTest name="Test3118" id="a037728c-69ef-417a-9a38-a1ea2d29b475" storage="TestAssembly.dll">
      <Execution id="19d5cfa7-6646-42c8-9099-aa70eb246765" />
      <TestMethod codeBase="TestAssembly.dll" className="TestNamespace.TestClass2" name="Test3118" />
    </UnitTest>
    <UnitTest name="Test3119" id="372a9053-e6a9-44af-8a42-af066d9c114f" storage="TestAssembly.dll">
      <Execution id="f0112f20-fbae-434b-8821-e2419bfc238a" />
      <TestMethod codeBase="TestAssembly.dll" className="TestNamespace.TestClass2" name="Test3119" />
    </UnitTest>
    <UnitTest name="Test3120" id="dc7496ac-f516-4a5d-b78c-80fcbdbbca67" storage="TestAssembly.dll">
      <Execution id="1f22a627-bced-4a91-92bf-f90d34358ba5" />
      <TestMethod codeBase="TestAssembly.dll" className="TestNamespace.TestClass2" name="Test3120" />
    </UnitTest>
    <UnitTest name="Test3121" id="79c5042a-345f-49cc-9125-cfddf615c9bd" storage="TestAssembly.dll">
      <Execution id="ac562da0-107c-42f8-97ff-20fa5c9d5e4d" />
      <TestMethod codeBase="TestAssembly.dll" className="TestNamespace.TestClass3" name="Test3121" />
    </UnitTest>
    <UnitTest name="Test3122" id="cad3ec04-4dc5-41f2-9dd9-0e0db3ca16ac" storage="TestAssembly.dll">
      <Execution id="86fbd5b5-8183-43b1-a97d-2c3cee231984" />
      <TestMethod codeBase="TestAssembly.dll" className="TestNamespace.TestClass3" name="Test3122" />
    </UnitTest>
    <UnitTest name="Test3123" id="2b2529bb-e0d1-495a-b0a1-777e41df3f9a" storage="TestAssembly.dll">
      <Execution id="85d10479-9445-47bf-b701-affb5830b558" />
      <TestMethod codeBase="TestAssembly.dll" className="TestNamespace.TestClass3" name="Test3123" />
    </UnitTest>
    <UnitTest name="Test3124" id="11fb2133-262f-4500-b483-192c45f20efd" storage="TestAssembly.dll">
      <Execution id="dcee28a9-fdeb-4498-b62b-610e6642e1ae" />
      <TestMethod codeBase="TestAssembly.dll" className="TestNamespace.TestClass3" name="Test3124" />
    </UnitTest>
    <UnitTest name="Test3125" id="dda0d96e-6268-4180-8cb2-4038200d94fe" storage="TestAssembly.dll">
      <Execution id="3b11f121-8e72-4cc4-a8df-1d9c80b85fd6" />
      <TestMethod codeBase="TestAssembly.dll" className="TestNamespace.TestClass3" name="Test3125" />
    </UnitTest>
    <UnitTest name="Test3126" id="06108657-5306-4fc2-a5a1-27dcecd9fce3" storage="TestAssembly.dll">
      <Execution id="41867de8-e8e3-4c92-91c8-2597e55d5aec" />
      <TestMethod codeBase="TestAssembly.dll" className="TestNamespace.TestClass3" name="Test3126" />
    </UnitTest>
    <UnitTest name="Test3127" id="503a6fcd-e821-473d-99bd-622b0acd818b" storage="TestAssembly.dll">
      <Execution id="f898bff2-3d86-4889-bc09-33c6cf5b6095" />
      <TestMethod codeBase="TestAssembly.dll" className="TestNamespace.TestClass3" name="Test3127" />
    </UnitTest>
    <UnitTest name="Test3128" id="ece7251e-944c-4db6-a8c5-a1a7d7687238" storage="TestAssembly.dll">
      <Execution id="37dbe1fb-f66a-444f-9897-486d0ab5c7b8" />
      <TestMethod codeBase="TestAssembly.dll" className="TestNamespace.TestClass3" name="Test3128" />
    </UnitTest>
    <UnitTest name="Test3129" id="ed33e66b-2744-4ccd-b717-e6ca9567c07a" storage="TestAssembly.dll">
      <Execution id="755408c9-6cef-4621-b9c4-41c8d1f25318" />
      <TestMethod codeBase="TestAssembly.dll" className="TestNamespace.TestClass3" name="Test3129" />
    </UnitTest>
    <UnitTest name="Test3130" id="afae7709-83b7-4d4c-9ef3-7f2eaece370a" storage="TestAssembly.dll">
      <Execution id="5df31573-710c-4f1b-b135-b1981b54eade" />
      <TestMethod codeBase="TestAssembly.dll" className="TestNamespace.TestClass3" name="Test3130" />
    </UnitTest>
    <UnitTest name="Test3131" id="cb0ec6f0-b8ce-46fc-a80e-392ad3f31098" storage="TestAssembly.dll">
      <Execution id="7342b349-1402-4c20-9a63-84fd48bd1e2f" />
      <TestMethod codeBase="TestAssembly.dll" className="TestNamespace.TestClass4" name="Test3131" />
    </UnitTest>
    <UnitTest name="Test3132" id="d3fc2539-26fc-4a45-a2c8-462d81c2f8c4" storage="TestAssembly.dll">
      <Execution id="9b485533-1c64-4c69-8c4a-a9b11af72472" />
      <TestMethod codeBase="TestAssembly.dll" className="TestNamespace.TestClass4" name="Test3132" />
    </UnitTest>
    <UnitTest name="Test3133" id="17a7f908-cbf2-4170-b767-88aed70a939a" storage="TestAssembly.dll">
      <Execution id="532ca4c7-d227-4ff5-8d77-0a18e97e19c8" />
      <TestMethod codeBase="TestAssembly.dll" className="TestNamespace.TestClass4" name="Test3133" />
    </UnitTest>
    <UnitTest name="Test3134" id="27e93b9e-f354-483e-94b9-c09df2c9eca4" storage="TestAssembly.dll">
      <Execution id="fa519e59-b20d-4629-83d0-0c343f1c476b" />
      <TestMethod codeBase="TestAssembly.dll" className="TestNamespace.TestClass4" name="Test3134" />
    </UnitTest>
    <UnitTest name="Test3135" id="83e27599-d499-4546-81ad-38b1649bf092" storage="TestAssembly.dll">
      <Execution id="cf1254e7-f0dd-46eb-b74c-bda6590bb645" />
      <TestMethod codeBase="TestAssembly.dll" className="TestNamespace.TestClass4" name="Test3135" />
    </UnitTest>
    <UnitTest name="Test3136" id="2c5c3ac1-dc85-49e4-b4cd-48be19c23aec" storage="TestAssembly.dll">
      <Execution id="b5f003f4-34aa-4e5f-879b-d8186cb56bbe" />
      <TestMethod codeBase="TestAssembly.dll" className="TestNamespace.TestClass4" name="Test3136" />
    </UnitTest>
    <UnitTest name="Test3137" id="14117b92-e308-48d5-a555-85ab900c3795" storage="TestAssembly.dll">
      <Execution id="ed6ad2fe-df94-4011-9596-33dbf2d3c5ce" />
      <TestMethod codeBase="TestAssembly.dll" className="TestNamespace.TestClass4" name="Test3137" />
    </UnitTest>
    <UnitTest name="Test3138" id="c87dbd05-3698-4263-9b44-62b3d8abdbe6" storage="TestAssembly.dll">
      <Execution id="0110c162-32ef-4e31-be44-29b486dc6531" />
      <TestMethod codeBase="TestAssembly.dll" className="TestNamespace.TestClass4" name="Test3138" />
    </UnitTest>
    <UnitTest name="Test3139" id="9ca84ca2-5227-4497-9c72-7873955f7541" storage="TestAssembly.dll">
      <Execution id="373805be-d0ae-43cb-954b-6056e2fe9e6a" />
      <TestMethod codeBase="TestAssembly.dll" className="TestNamespace.TestClass4" name="Test3139" />
    </UnitTest>
    <UnitTest name="Test3140" id="bca40616-2da1-426c-847a-216159e1c946" storage="TestAssembly.dll">
      <Execution id="2fee9596-488e-467a-9b3b-decb997b8ab5" />
      <TestMethod codeBase="TestAssembly.dll" className="TestNamespace.TestClass4" name="Test3140" />
    </UnitTest>
    <UnitTest name="Test3141" id="60eb47f3-f3ff-46be-9aeb-0780df93caeb" storage="TestAssembly.dll">
      <Execution id="536a5c86-3ab2-4826-ac9c-cbca5bce12cb" />
      <TestMethod codeBase="TestAssembly.dll" className="TestNamespace.TestClass5" name="Test3141" />
    </UnitTest>
    <UnitTest name="Test3142" id="8ff29caf-2aea-4785-95b4-5e7cc74d3df7" storage="TestAssembly.dll">
      <Execution id="9f6ee1c2-132f-4e28-b740-dd36a3d8b57c" />
      <TestMethod codeBase="TestAssembly.dll" className="TestNamespace.TestClass5" name="Test3142" />
    </UnitTest>
    <UnitTest name="Test3143" id="efeee3e7-9247-4022-8c03-9c8df4f51af6" storage="TestAssembly.dll">
      <Execution id="b1eb3aa9-704a-4ac7-a700-96f8c65431a8" />
      <TestMethod codeBase="TestAssembly.dll" className="TestNamespace.TestClass5" name="Test3143" />
    </UnitTest>
    <UnitTest name="Test3144" id="3375a53b-066f-4c20-9f63-5bcf1c0bbca9" storage="TestAssembly.dll">
      <Execution id="3f73a7fe-d89b-4fff-b6b4-96df389df3f4" />
      <TestMethod codeBase="TestAssembly.dll" className="TestNamespace.TestClass5" name="Test3144" />
    </UnitTest>
    <UnitTest name="Test3145" id="f0d7002f-8d40-4cb4-8889-16d8e8c242ca" storage="TestAssembly.dll">
      <Execution id="882fae45-439e-46bf-89f0-9b9110399d3f" />
      <TestMethod codeBase="TestAssembly.dll" className="TestNamespace.TestClass5" name="Test3145" />
    </UnitTest>
    <UnitTest name="Test3146" id="6413c6f5-af5d-4d2a-b828-8991fbf94daf" storage="TestAssembly.dll">
      <Execution id="fb82a453-41ce-4cc7-8d82-02119249ed79" />
      <TestMethod codeBase="TestAssembly.dll" className="TestNamespace.TestClass5" name="Test3146" />
    </UnitTest>
    <UnitTest name="Test3147" id="b2568811-9d7b-4bd8-9ff3-c6412ff67c29" storage="TestAssembly.dll">
      <Execution id="2618245a-d43f-4efa-97f2-095e73b6be1e" />
      <TestMethod codeBase="TestAssembly.dll" className="TestNamespace.TestClass5" name="Test3147" />
    </UnitTest>
    <UnitTest name="Test3148" id="50eefd2b-0e50-46bc-b2a9-c4c85f75ecc3" storage="TestAssembly.dll">
      <Execution id="089b21b0-14b0-4655-86b9-51e080f1c20c" />
      <TestMethod codeBase="TestAssembly.dll" className="TestNamespace.TestClass5" name="Test3148" />
    </UnitTest>
    <UnitTest name="Test3149" id="85ade14f-f6fc-47ee-be95-a336a1a195d5" storage="TestAssembly.dll">
      <Execution id="81740994-85eb-4339-b2cc-217d24ad6a69" />
      <TestMethod codeBase="TestAssembly.dll" className="TestNamespace.TestClass5" name="Test3149" />
    </UnitTest>
    <UnitTest name="Test3150" id="36b9aba9-37c5-492b-9a5e-7130c0532981" storage="TestAssembly.dll">
      <Execution id="3d2fbdbf-b80d-4e11-806c-234bf50732f8" />
      <TestMethod codeBase="TestAssembly.dll" className="TestNamespace.TestClass5" name="Test3150" />
    </UnitTest>
    <UnitTest name="Test3151" id="ea18cb81-6f25-4e0d-a716-47de8364e88c" storage="TestAssembly.dll">
      <Execution id="60acb9f3-5fe2-4dbf-9707-81eef7cb9769" />
      <TestMethod codeBase="TestAssembly.dll" className="TestNamespace.TestClass6" name="Test3151" />
    </UnitTest>
    <UnitTest name="Test3152" id="e5ec1db5-58b4-4c62-872b-f5b7a9a4a185" storage="TestAssembly.dll">
      <Execution id="46a295e1-66f9-4f34-a13b-18ee3810f25a" />
      <TestMethod codeBase="TestAssembly.dll" className="TestNamespace.TestClass6" name="Test3152" />
    </UnitTest>
    <UnitTest name="Test3153" id="64809bb1-2612-4137-996c-93eec025673d" storage="TestAssembly.dll">
      <Execution id="eb1c3514-3bdb-4f2c-9b33-9abfbb74bd8f" />
      <TestMethod codeBase="TestAssembly.dll" className="TestNamespace.TestClass6" name="Test3153" />
    </UnitTest>
    <UnitTest name="Test3154" id="02f4f118-88cf-43a2-b77d-781d7359a416" storage="TestAssembly.dll">
      <Execution id="8c82b1be-7fe3-4054-8587-7627d44a8b13" />
      <TestMethod codeBase="TestAssembly.dll" className="TestNamespace.TestClass6" name="Test3154" />
    </UnitTest>
    <UnitTest name="Test3155" id="32f7a198-7aff-4987-8674-d3dd1298fd2c" storage="TestAssembly.dll">
      <Execution id="39d6bab9-16eb-459d-95a5-aa2981537f18" />
      <TestMethod codeBase="TestAssembly.dll" className="TestNamespace.TestClass6" name="Test3155" />
    </UnitTest>
    <UnitTest name="Test3156" id="0897938c-166f-4d34-8a30-a93b007f8ef2" storage="TestAssembly.dll">
      <Execution id="6d8d97fd-c4e8-4580-a2ab-01c16d453fba" />
      <TestMethod codeBase="TestAssembly.dll" className="TestNamespace.TestClass6" name="Test3156" />
    </UnitTest>
    <UnitTest name="Test3157" id="fc23c9c5-d1eb-42bb-989b-6ab4a872b44b" storage="TestAssembly.dll">
      <Execution id="4a86f7d8-759b-4ebf-bfbc-4a98bc1cade9" />
      <TestMethod codeBase="TestAssembly.dll" className="TestNamespace.TestClass6" name="Test3157" />
    </UnitTest>
    <UnitTest name="Test3158" id="60e57cea-f427-45ab-9e02-6dbce25f9861" storage="TestAssembly.dll">
      <Execution id="1df057a7-b7e5-4465-b111-8bb205caf5d3" />
      <TestMethod codeBase="TestAssembly.dll" className="TestNamespace.TestClass6" name="Test3158" />
    </UnitTest>
    <UnitTest name="Test3159" id="62fe1550-f9be-420b-b60e-0e352f97dc47" storage="TestAssembly.dll">
      <Execution id="78b30fa0-3e24-44ea-8519-512042d0e136" />
      <TestMethod codeBase="TestAssembly.dll" className="TestNamespace.TestClass6" name="Test3159" />
    </UnitTest>
    <UnitTest name="Test3160" id="b2c52b91-72de-4c70-a3ca-228f559984fc" storage="TestAssembly.dll">
      <Execution id="a1d60709-e3c6-489e-9d05-771e0cdc312d" />
      <TestMethod codeBase="TestAssembly.dll" className="TestNamespace.TestClass6" name="Test3160" />
    </UnitTest>
    <UnitTest name="Test3161" id="4f751e0d-94a7-4b84-81d9-b2a80d6089c7" storage="TestAssembly.dll">
      <Execution id="1d90c5c9-cd7e-4503-95c5-3f752eac58c0" />
      <TestMethod codeBase="TestAssembly.dll" className="TestNamespace.TestClass7" name="Test3161" />
    </UnitTest>
    <UnitTest name="Test3162" id="abcdb8f4-00e7-4900-a37a-f7b412cab9c9" storage="TestAssembly.dll">
      <Execution id="3e96137f-9d6f-4e15-b290-21b58940efd5" />
      <TestMethod codeBase="TestAssembly.dll" className="TestNamespace.TestClass7" name="Test3162" />
    </UnitTest>
    <UnitTest name="Test3163" id="c8ada624-c4f1-4477-95fb-5ea537bbf595" storage="TestAssembly.dll">
      <Execution id="a860bb06-e1c3-4404-96c6-5ffc38764535" />
      <TestMethod codeBase="TestAssembly.dll" className="TestNamespace.TestClass7" name="Test3163" />
    </UnitTest>
    <UnitTest name="Test3164" id="272beb93-b49c-4cae-80d5-cefc209a3af2" storage="TestAssembly.dll">
      <Execution id="27616a36-fb94-4752-9e4d-90299b61f145" />
      <TestMethod codeBase="TestAssembly.dll" className="TestNamespace.TestClass7" name="Test3164" />
    </UnitTest>
    <UnitTest name="Test3165" id="aa5e6aab-d4f5-43e0-8d1e-eda84b48eab9" storage="TestAssembly.dll">
      <Execution id="2457486e-a773-4f24-ab0c-1a5d98afe55a" />
      <TestMethod codeBase="TestAssembly.dll" className="TestNamespace.TestClass7" name="Test3165" />
    </UnitTest>
    <UnitTest name="Test3166" id="8fe894c5-ed66-4120-ba12-156eb5897ad8" storage="TestAssembly.dll">
      <Execution id="28d1284b-fab1-427e-a80d-0bcce06a1eef" />
      <TestMethod codeBase="TestAssembly.dll" className="TestNamespace.TestClass7" name="Test3166" />
    </UnitTest>
    <UnitTest name="Test3167" id="614f1c37-db55-4a0c-8b10-6e9b8684fb8c" storage="TestAssembly.dll">
      <Execution id="cdf2ad35-b39b-4adf-9aa2-e3179a376a81" />
      <TestMethod codeBase="TestAssembly.dll" className="TestNamespace.TestClass7" name="Test3167" />
    </UnitTest>
    <UnitTest name="Test3168" id="0571535d-31fd-4922-b3cb-d1a15d551b2f" storage="TestAssembly.dll">
      <Execution id="3ef47b7d-0281-4137-9fb3-5a6f2dbe0db3" />
      <TestMethod codeBase="TestAssembly.dll" className="TestNamespace.TestClass7" name="Test3168" />
    </UnitTest>
    <UnitTest name="Test3169" id="85b167b2-7859-43ab-94d8-e24f2e4a58a9" storage="TestAssembly.dll">
      <Execution id="8fe1417a-e333-4b04-a51f-18ee6e7530ea" />
      <TestMethod codeBase="TestAssembly.dll" className="TestNamespace.TestClass7" name="Test3169" />
    </UnitTest>
    <UnitTest name="Test3170" id="80c8c6a6-7541-4c1a-9091-f1fc7d63e62f" storage="TestAssembly.dll">
      <Execution id="14c130fb-cead-4cf7-a3af-651f68023a5c" />
      <TestMethod codeBase="TestAssembly.dll" className="TestNamespace.TestClass7" name="Test3170" />
    </UnitTest>
    <UnitTest name="Test3171" id="24e72238-1cad-4b39-b3b3-826a47d6b06b" storage="TestAssembly.dll">
      <Execution id="a7014d77-a27f-4493-8af8-f3da6058907e" />
      <TestMethod codeBase="TestAssembly.dll" className="TestNamespace.TestClass8" name="Test3171" />
    </UnitTest>
    <UnitTest name="Test3172" id="e4379985-e608-41c2-9286-faf7dc4950d9" storage="TestAssembly.dll">
      <Execution id="f78f04dd-7490-4592-b873-d4aaee04e628" />
      <TestMethod codeBase="TestAssembly.dll" className="TestNamespace.TestClass8" name="Test3172" />
    </UnitTest>
    <UnitTest name="Test3173" id="5ea9decb-0fc5-4d93-ac0f-fb4b3c8c45d4" storage="TestAssembly.dll">
      <Execution id="8bf9ad9d-9c07-46c1-a883-63e8dc87a8bd" />
      <TestMethod codeBase="TestAssembly.dll" className="TestNamespace.TestClass8" name="Test3173" />
    </UnitTest>
    <UnitTest name="Test3174" id="1732481f-7515-416a-8c49-e76a3f912917" storage="TestAssembly.dll">
      <Execution id="48453e6f-a557-42b0-803f-a2a276145f92" />
      <TestMethod codeBase="TestAssembly.dll" className="TestNamespace.TestClass8" name="Test3174" />
    </UnitTest>
    <UnitTest name="Test3175" id="eb67bcdb-3330-405b-9576-9ab3ccec258e" storage="TestAssembly.dll">
      <Execution id="eeafbad6-c882-4e98-af1b-6947ca7f4179" />
      <TestMethod codeBase="TestAssembly.dll" className="TestNamespace.TestClass8" name="Test3175" />
    </UnitTest>
    <UnitTest name="Test3176" id="1be13525-4e33-410a-9205-507d8bdc5007" storage="TestAssembly.dll">
      <Execution id="108cfeba-d5c2-4a9a-b2bb-3e7ce4ec0984" />
      <TestMethod codeBase="TestAssembly.dll" className="TestNamespace.TestClass8" name="Test3176" />
    </UnitTest>
    <UnitTest name="Test3177" id="512afab9-10fc-46de-ac0f-bba8f3b97f19" storage="TestAssembly.dll">
      <Execution id="8121fd9c-b7c2-4405-ac45-3b144671aec1" />
      <TestMethod codeBase="TestAssembly.dll" className="TestNamespace.TestClass8" name="Test3177" />
    </UnitTest>
    <UnitTest name="Test3178" id="c725c680-cf3d-4883-912a-c40cdd8e041b" storage="TestAssembly.dll">
      <Execution id="abe171b0-20fc-4d15-b9f9-1cb3dff71963" />
      <TestMethod codeBase="TestAssembly.dll" className="TestNamespace.TestClass8" name="Test3178" />
    </UnitTest>
    <UnitTest name="Test3179" id="ff95bb8d-eabb-4783-917a-2d25df57822b" storage="TestAssembly.dll">
      <Execution id="4c355c68-433b-4946-9189-d21ee9ee5114" />
      <TestMethod codeBase="TestAssembly.dll" className="TestNamespace.TestClass8" name="Test3179" />
    </UnitTest>
    <UnitTest name="Test3180" id="ffe3a9e9-1660-4bbb-86eb-fd8ed0a4844f" storage="TestAssembly.dll">
      <Execution id="944e6f81-5149-4da6-9a88-b21322b43e58" />
      <TestMethod codeBase="TestAssembly.dll" className="TestNamespace.TestClass8" name="Test3180" />
    </UnitTest>
    <UnitTest name="Test3181" id="d52a23e1-75aa-435c-a6a9-86d017d15cef" storage="TestAssembly.dll">
      <Execution id="71e7cd81-df08-4800-a26b-3992b2ab0e3c" />
      <TestMethod codeBase="TestAssembly.dll" className="TestNamespace.TestClass9" name="Test3181" />
    </UnitTest>
    <UnitTest name="Test3182" id="6ade1eb5-a879-4a69-b9f0-1a7d33826d33" storage="TestAssembly.dll">
      <Execution id="6360de57-e128-4ac0-8108-616ed7b79774" />
      <TestMethod codeBase="TestAssembly.dll" className="TestNamespace.TestClass9" name="Test3182" />
    </UnitTest>
    <UnitTest name="Test3183" id="63b000f9-6804-4902-87bf-d73b74006a30" storage="TestAssembly.dll">
      <Execution id="a29a6b2f-cf54-4298-b077-b120af1842ca" />
      <TestMethod codeBase="TestAssembly.dll" className="TestNamespace.TestClass9" name="Test3183" />
    </UnitTest>
    <UnitTest name="Test3184" id="bc4026e5-f095-40a7-9659-226aadbb5b73" storage="TestAssembly.dll">
      <Execution id="f1bcd863-a7b1-4935-b542-384ba14dc933" />
      <TestMethod codeBase="TestAssembly.dll" className="TestNamespace.TestClass9" name="Test3184" />
    </UnitTest>
    <UnitTest name="Test3185" id="081a98f0-6cb3-4b06-8ffd-09e96534465a" storage="TestAssembly.dll">
      <Execution id="8116ec79-a409-4e8c-9aca-24984b3019ef" />
      <TestMethod codeBase="TestAssembly.dll" className="TestNamespace.TestClass9" name="Test3185" />
    </UnitTest>
    <UnitTest name="Test3186" id="98501315-a02e-4a57-9eed-8457a4428c5d" storage="TestAssembly.dll">
      <Execution id="d91a5511-e84a-4a14-98db-c988433d292e" />
      <TestMethod codeBase="TestAssembly.dll" className="TestNamespace.TestClass9" name="Test3186" />
    </UnitTest>
    <UnitTest name="Test3187" id="c2235879-c835-45b2-9eab-839d08c1c72a" storage="TestAssembly.dll">
      <Execution id="49a67fd4-fb57-4b85-80d7-9f61578816b5" />
      <TestMethod codeBase="TestAssembly.dll" className="TestNamespace.TestClass9" name="Test3187" />
    </UnitTest>
    <UnitTest name="Test3188" id="c6f719e2-acf6-4965-b6c2-774ed6d56a41" storage="TestAssembly.dll">
      <Execution id="42278973-0de1-4f02-9da4-8148b03d258b" />
      <TestMethod codeBase="TestAssembly.dll" className="TestNamespace.TestClass9" name="Test3188" />
    </UnitTest>
    <UnitTest name="Test3189" id="8732e200-05a8-4e4b-b007-257ca0fcc669" storage="TestAssembly.dll">
      <Execution id="b0a4d02b-8606-4dd2-b394-0de003a2ee15" />
      <TestMethod codeBase="TestAssembly.dll" className="TestNamespace.TestClass9" name="Test3189" />
    </UnitTest>
    <UnitTest name="Test3190" id="95ff8d30-d410-4555-826b-65e96274bb8f" storage="TestAssembly.dll">
      <Execution id="a2a07662-8fa5-48cc-ac11-f55b4776a43c" />
      <TestMethod codeBase="TestAssembly.dll" className="TestNamespace.TestClass9" name="Test3190" />
    </UnitTest>
    <UnitTest name="Test3191" id="fa0f6b49-0cef-432d-91c5-9d767470c9d5" storage="TestAssembly.dll">
      <Execution id="bd65de73-da6e-4588-a0e1-e6d20993c119" />
      <TestMethod codeBase="TestAssembly.dll" className="TestNamespace.TestClass10" name="Test3191" />
    </UnitTest>
    <UnitTest name="Test3192" id="6224b249-b97c-4b29-a194-bed2500d8a91" storage="TestAssembly.dll">
      <Execution id="3a4757a3-45af-4a65-9a32-fa9508a74c03" />
      <TestMethod codeBase="TestAssembly.dll" className="TestNamespace.TestClass10" name="Test3192" />
    </UnitTest>
    <UnitTest name="Test3193" id="88fb4ea1-647d-4074-a427-6797bdfffe53" storage="TestAssembly.dll">
      <Execution id="34b497e8-e70d-4a8e-91b0-245276465e3d" />
      <TestMethod codeBase="TestAssembly.dll" className="TestNamespace.TestClass10" name="Test3193" />
    </UnitTest>
    <UnitTest name="Test3194" id="bcb6cdb2-c622-43ef-a8b4-c122e951dc8c" storage="TestAssembly.dll">
      <Execution id="2ad14610-31b9-4d04-9acd-ef63ded3495a" />
      <TestMethod codeBase="TestAssembly.dll" className="TestNamespace.TestClass10" name="Test3194" />
    </UnitTest>
    <UnitTest name="Test3195" id="3849b668-0c91-4554-9706-8d5c87b32944" storage="TestAssembly.dll">
      <Execution id="975d3897-104d-406b-9fe6-64b8e3e74632" />
      <TestMethod codeBase="TestAssembly.dll" className="TestNamespace.TestClass10" name="Test3195" />
    </UnitTest>
    <UnitTest name="Test3196" id="b153fb67-8558-4ff7-afa0-9b4c1aaf7a8f" storage="TestAssembly.dll">
      <Execution id="acdeccf8-c1c6-41e3-a585-c03b55ba6637" />
      <TestMethod codeBase="TestAssembly.dll" className="TestNamespace.TestClass10" name="Test3196" />
    </UnitTest>
    <UnitTest name="Test3197" id="78c82a5f-c849-4e9b-a085-fba9faa28b89" storage="TestAssembly.dll">
      <Execution id="41ba4e2b-2e38-4103-a42c-c036200bb5ad" />
      <TestMethod codeBase="TestAssembly.dll" className="TestNamespace.TestClass10" name="Test3197" />
    </UnitTest>
    <UnitTest name="Test3198" id="b8dc7d7c-9205-4717-aba4-a71513e5c03f" storage="TestAssembly.dll">
      <Execution id="d9a79b42-4d64-41d9-8477-8f6c645adbce" />
      <TestMethod codeBase="TestAssembly.dll" className="TestNamespace.TestClass10" name="Test3198" />
    </UnitTest>
    <UnitTest name="Test3199" id="c7da3ee4-aec8-4308-a77b-ea2eef3bccdb" storage="TestAssembly.dll">
      <Execution id="1567712f-4f6a-4c22-b401-84507a9c0581" />
      <TestMethod codeBase="TestAssembly.dll" className="TestNamespace.TestClass10" name="Test3199" />
    </UnitTest>
    <UnitTest name="Test3200" id="ececaeea-a9c0-40c9-b88e-bfeb019f75b5" storage="TestAssembly.dll">
      <Execution id="2d3606da-e786-4529-a295-0e727156d1dd" />
      <TestMethod codeBase="TestAssembly.dll" className="TestNamespace.TestClass10" name="Test3200" />
    </UnitTest>
  </TestDefinitions>
  <TestEntries>
    <TestEntry testId="deea2a05-6915-479f-9271-c19fc2418d5b" executionId="9ebd50b8-cf4c-406a-8af0-708988c5dfeb" testListId="25adc7b4-d987-4be2-9d9c-1604efa0363e" />
    <TestEntry testId="e136bb51-3c4c-439f-b128-ee198ccd1383" executionId="c72497b3-851a-40eb-a274-3db397123d1b" testListId="25adc7b4-d987-4be2-9d9c-1604efa0363e" />
    <TestEntry testId="cdd0781f-122c-4d9e-aa57-58d9b2a83b2e" executionId="9ce821dc-3402-45d4-a0ee-e5b21110eaa6" testListId="25adc7b4-d987-4be2-9d9c-1604efa0363e" />
    <TestEntry testId="3e02d772-2892-4db5-ad24-eeb84caed393" executionId="75a1479a-e455-4dd7-b57a-83a88e6436d7" testListId="25adc7b4-d987-4be2-9d9c-1604efa0363e" />
    <TestEntry testId="98145206-377b-4c32-afd1-112b64280715" executionId="51afc1f9-1c28-499a-9f03-41091cbb4819" testListId="25adc7b4-d987-4be2-9d9c-1604efa0363e" />
    <TestEntry testId="cd10c41f-760d-45bc-a5a7-1414043a0b01" executionId="a785ba20-1b15-44d1-a238-1297f892a1e9" testListId="25adc7b4-d987-4be2-9d9c-1604efa0363e" />
    <TestEntry testId="aa3d4d27-f89e-4fab-b67f-7739aa4bc3ea" executionId="65d0ecd2-c5f7-473a-89ca-e041e7198346" testListId="25adc7b4-d987-4be2-9d9c-1604efa0363e" />
    <TestEntry testId="8212ece0-f2c9-4e3b-a6a3-3587c6d0c6fa" executionId="b2d959d0-902c-4cb2-9ac2-ab532984852f" testListId="25adc7b4-d987-4be2-9d9c-1604efa0363e" />
    <TestEntry testId="2efe11aa-5919-450a-ac72-44b072d75e4e" executionId="97226720-30c6-4096-a4e3-b741e341b80f" testListId="25adc7b4-d987-4be2-9d9c-1604efa0363e" />
    <TestEntry testId="1fe34171-b956-4119-94e9-165603d3256e" executionId="c672162f-a194-401c-93af-9f298259d1bc" testListId="25adc7b4-d987-4be2-9d9c-1604efa0363e" />
    <TestEntry testId="0f41dc81-bc6f-4508-86ce-6608e819a890" executionId="60e11eab-663d-4533-95f1-515229bbcc88" testListId="25adc7b4-d987-4be2-9d9c-1604efa0363e" />
    <TestEntry testId="1a629842-a750-4285-8e5d-dbac98930a8c" executionId="13e14e7f-c214-47f5-9cac-10c2f6ff896b" testListId="25adc7b4-d987-4be2-9d9c-1604efa0363e" />
    <TestEntry testId="87987308-f968-4181-8d3e-8865fdae7a6d" executionId="17b80773-82de-4624-9346-b78eba0b3c44" testListId="25adc7b4-d987-4be2-9d9c-1604efa0363e" />
    <TestEntry testId="ca6d6703-1328-4b6d-a335-117af10fab7d" executionId="135b6c1e-3b10-496b-a845-e5c76285136b" testListId="25adc7b4-d987-4be2-9d9c-1604efa0363e" />
    <TestEntry testId="7449a8c8-52db-4a0e-a4d9-681bd9665e8f" executionId="f796acea-6f0f-4436-b9ed-0b976aebbace" testListId="25adc7b4-d987-4be2-9d9c-1604efa0363e" />
    <TestEntry testId="f3c8d778-5270-4968-96bb-e103967682eb" executionId="4a5f5a5e-a289-4645-ab9d-de02aef2ee9d" testListId="25adc7b4-d987-4be2-9d9c-1604efa0363e" />
    <TestEntry testId="ff895705-d628-49e7-9fd8-33987c5efd6a" executionId="052c67ab-c348-4a91-9d25-1743053a0032" testListId="25adc7b4-d987-4be2-9d9c-1604efa0363e" />
    <TestEntry testId="a037728c-69ef-417a-9a38-a1ea2d29b475" executionId="19d5cfa7-6646-42c8-9099-aa70eb246765" testListId="25adc7b4-d987-4be2-9d9c-1604efa0363e" />
    <TestEntry testId="372a9053-e6a9-44af-8a42-af066d9c114f" executionId="f0112f20-fbae-434b-8821-e2419bfc238a" testListId="25adc7b4-d987-4be2-9d9c-1604efa0363e" />
    <TestEntry testId="dc7496ac-f516-4a5d-b78c-80fcbdbbca67" executionId="1f22a627-bced-4a91-92bf-f90d34358ba5" testListId="25adc7b4-d987-4be2-9d9c-1604efa0363e" />
    <TestEntry testId="79c5042a-345f-49cc-9125-cfddf615c9bd" executionId="ac562da0-107c-42f8-97ff-20fa5c9d5e4d" testListId="25adc7b4-d987-4be2-9d9c-1604efa0363e" />
    <TestEntry testId="cad3ec04-4dc5-41f2-9dd9-0e0db3ca16ac" executionId="86fbd5b5-8183-43b1-a97d-2c3cee231984" testListId="25adc7b4-d987-4be2-9d9c-1604efa0363e" />
    <TestEntry testId="2b2529bb-e0d1-495a-b0a1-777e41df3f9a" executionId="85d10479-9445-47bf-b701-affb5830b558" testListId="25adc7b4-d987-4be2-9d9c-1604efa0363e" />
    <TestEntry testId="11fb2133-262f-4500-b483-192c45f20efd" executionId="dcee28a9-fdeb-4498-b62b-610e6642e1ae" testListId="25adc7b4-d987-4be2-9d9c-1604efa0363e" />
    <TestEntry testId="dda0d96e-6268-4180-8cb2-4038200d94fe" executionId="3b11f121-8e72-4cc4-a8df-1d9c80b85fd6" testListId="25adc7b4-d987-4be2-9d9c-1604efa0363e" />
    <TestEntry testId="06108657-5306-4fc2-a5a1-27dcecd9fce3" executionId="41867de8-e8e3-4c92-91c8-2597e55d5aec" testListId="25adc7b4-d987-4be2-9d9c-1604efa0363e" />
    <TestEntry testId="503a6fcd-e821-473d-99bd-622b0acd818b" executionId="f898bff2-3d86-4889-bc09-33c6cf5b6095" testListId="25adc7b4-d987-4be2-9d9c-1604efa0363e" />
    <TestEntry testId="ece7251e-944c-4db6-a8c5-a1a7d7687238" executionId="37dbe1fb-f66a-444f-9897-486d0ab5c7b8" testListId="25adc7b4-d987-4be2-9d9c-1604efa0363e" />
    <TestEntry testId="ed33e66b-2744-4ccd-b717-e6ca9567c07a" executionId="755408c9-6cef-4621-b9c4-41c8d1f25318" testListId="25adc7b4-d987-4be2-9d9c-1604efa0363e" />
    <TestEntry testId="afae7709-83b7-4d4c-9ef3-7f2eaece370a" executionId="5df31573-710c-4f1b-b135-b1981b54eade" testListId="25adc7b4-d987-4be2-9d9c-1604efa0363e" />
    <TestEntry testId="cb0ec6f0-b8ce-46fc-a80e-392ad3f31098" executionId="7342b349-1402-4c20-9a63-84fd48bd1e2f" testListId="25adc7b4-d987-4be2-9d9c-1604efa0363e" />
    <TestEntry testId="d3fc2539-26fc-4a45-a2c8-462d81c2f8c4" executionId="9b485533-1c64-4c69-8c4a-a9b11af72472" testListId="25adc7b4-d987-4be2-9d9c-1604efa0363e" />
    <TestEntry testId="17a7f908-cbf2-4170-b767-88aed70a939a" executionId="532ca4c7-d227-4ff5-8d77-0a18e97e19c8" testListId="25adc7b4-d987-4be2-9d9c-1604efa0363e" />
    <TestEntry testId="27e93b9e-f354-483e-94b9-c09df2c9eca4" executionId="fa519e59-b20d-4629-83d0-0c343f1c476b" testListId="25adc7b4-d987-4be2-9d9c-1604efa0363e" />
    <TestEntry testId="83e27599-d499-4546-81ad-38b1649bf092" executionId="cf1254e7-f0dd-46eb-b74c-bda6590bb645" testListId="25adc7b4-d987-4be2-9d9c-1604efa0363e" />
    <TestEntry testId="2c5c3ac1-dc85-49e4-b4cd-48be19c23aec" executionId="b5f003f4-34aa-4e5f-879b-d8186cb56bbe" testListId="25adc7b4-d987-4be2-9d9c-1604efa0363e" />
    <TestEntry testId="14117b92-e308-48d5-a555-85ab900c3795" executionId="ed6ad2fe-df94-4011-9596-33dbf2d3c5ce" testListId="25adc7b4-d987-4be2-9d9c-1604efa0363e" />
    <TestEntry testId="c87dbd05-3698-4263-9b44-62b3d8abdbe6" executionId="0110c162-32ef-4e31-be44-29b486dc6531" testListId="25adc7b4-d987-4be2-9d9c-1604efa0363e" />
    <TestEntry testId="9ca84ca2-5227-4497-9c72-7873955f7541" executionId="373805be-d0ae-43cb-954b-6056e2fe9e6a" testListId="25adc7b4-d987-4be2-9d9c-1604efa0363e" />
    <TestEntry testId="bca40616-2da1-426c-847a-216159e1c946" executionId="2fee9596-488e-467a-9b3b-decb997b8ab5" testListId="25adc7b4-d987-4be2-9d9c-1604efa0363e" />
    <TestEntry testId="60eb47f3-f3ff-46be-9aeb-0780df93caeb" executionId="536a5c86-3ab2-4826-ac9c-cbca5bce12cb" testListId="25adc7b4-d987-4be2-9d9c-1604efa0363e" />
    <TestEntry testId="8ff29caf-2aea-4785-95b4-5e7cc74d3df7" executionId="9f6ee1c2-132f-4e28-b740-dd36a3d8b57c" testListId="25adc7b4-d987-4be2-9d9c-1604efa0363e" />
    <TestEntry testId="efeee3e7-9247-4022-8c03-9c8df4f51af6" executionId="b1eb3aa9-704a-4ac7-a700-96f8c65431a8" testListId="25adc7b4-d987-4be2-9d9c-1604efa0363e" />
    <TestEntry testId="3375a53b-066f-4c20-9f63-5bcf1c0bbca9" executionId="3f73a7fe-d89b-4fff-b6b4-96df389df3f4" testListId="25adc7b4-d987-4be2-9d9c-1604efa0363e" />
    <TestEntry testId="f0d7002f-8d40-4cb4-8889-16d8e8c242ca" executionId="882fae45-439e-46bf-89f0-9b9110399d3f" testListId="25adc7b4-d987-4be2-9d9c-1604efa0363e" />
    <TestEntry testId="6413c6f5-af5d-4d2a-b828-8991fbf94daf" executionId="fb82a453-41ce-4cc7-8d82-02119249ed79" testListId="25adc7b4-d987-4be2-9d9c-1604efa0363e" />
    <TestEntry testId="b2568811-9d7b-4bd8-9ff3-c6412ff67c29" executionId="2618245a-d43f-4efa-97f2-095e73b6be1e" testListId="25adc7b4-d987-4be2-9d9c-1604efa0363e" />
    <TestEntry testId="50eefd2b-0e50-46bc-b2a9-c4c85f75ecc3" executionId="089b21b0-14b0-4655-86b9-51e080f1c20c" testListId="25adc7b4-d987-4be2-9d9c-1604efa0363e" />
    <TestEntry testId="85ade14f-f6fc-47ee-be95-a336a1a195d5" executionId="81740994-85eb-4339-b2cc-217d24ad6a69" testListId="25adc7b4-d987-4be2-9d9c-1604efa0363e" />
    <TestEntry testId="36b9aba9-37c5-492b-9a5e-7130c0532981" executionId="3d2fbdbf-b80d-4e11-806c-234bf50732f8" testListId="25adc7b4-d987-4be2-9d9c-1604efa0363e" />
    <TestEntry testId="ea18cb81-6f25-4e0d-a716-47de8364e88c" executionId="60acb9f3-5fe2-4dbf-9707-81eef7cb9769" testListId="25adc7b4-d987-4be2-9d9c-1604efa0363e" />
    <TestEntry testId="e5ec1db5-58b4-4c62-872b-f5b7a9a4a185" executionId="46a295e1-66f9-4f34-a13b-18ee3810f25a" testListId="25adc7b4-d987-4be2-9d9c-1604efa0363e" />
    <TestEntry testId="64809bb1-2612-4137-996c-93eec025673d" executionId="eb1c3514-3bdb-4f2c-9b33-9abfbb74bd8f" testListId="25adc7b4-d987-4be2-9d9c-1604efa0363e" />
    <TestEntry testId="02f4f118-88cf-43a2-b77d-781d7359a416" executionId="8c82b1be-7fe3-4054-8587-7627d44a8b13" testListId="25adc7b4-d987-4be2-9d9c-1604efa0363e" />
    <TestEntry testId="32f7a198-7aff-4987-8674-d3dd1298fd2c" executionId="39d6bab9-16eb-459d-95a5-aa2981537f18" testListId="25adc7b4-d987-4be2-9d9c-1604efa0363e" />
    <TestEntry testId="0897938c-166f-4d34-8a30-a93b007f8ef2" executionId="6d8d97fd-c4e8-4580-a2ab-01c16d453fba" testListId="25adc7b4-d987-4be2-9d9c-1604efa0363e" />
    <TestEntry testId="fc23c9c5-d1eb-42bb-989b-6ab4a872b44b" executionId="4a86f7d8-759b-4ebf-bfbc-4a98bc1cade9" testListId="25adc7b4-d987-4be2-9d9c-1604efa0363e" />
    <TestEntry testId="60e57cea-f427-45ab-9e02-6dbce25f9861" executionId="1df057a7-b7e5-4465-b111-8bb205caf5d3" testListId="25adc7b4-d987-4be2-9d9c-1604efa0363e" />
    <TestEntry testId="62fe1550-f9be-420b-b60e-0e352f97dc47" executionId="78b30fa0-3e24-44ea-8519-512042d0e136" testListId="25adc7b4-d987-4be2-9d9c-1604efa0363e" />
    <TestEntry testId="b2c52b91-72de-4c70-a3ca-228f559984fc" executionId="a1d60709-e3c6-489e-9d05-771e0cdc312d" testListId="25adc7b4-d987-4be2-9d9c-1604efa0363e" />
    <TestEntry testId="4f751e0d-94a7-4b84-81d9-b2a80d6089c7" executionId="1d90c5c9-cd7e-4503-95c5-3f752eac58c0" testListId="25adc7b4-d987-4be2-9d9c-1604efa0363e" />
    <TestEntry testId="abcdb8f4-00e7-4900-a37a-f7b412cab9c9" executionId="3e96137f-9d6f-4e15-b290-21b58940efd5" testListId="25adc7b4-d987-4be2-9d9c-1604efa0363e" />
    <TestEntry testId="c8ada624-c4f1-4477-95fb-5ea537bbf595" executionId="a860bb06-e1c3-4404-96c6-5ffc38764535" testListId="25adc7b4-d987-4be2-9d9c-1604efa0363e" />
    <TestEntry testId="272beb93-b49c-4cae-80d5-cefc209a3af2" executionId="27616a36-fb94-4752-9e4d-90299b61f145" testListId="25adc7b4-d987-4be2-9d9c-1604efa0363e" />
    <TestEntry testId="aa5e6aab-d4f5-43e0-8d1e-eda84b48eab9" executionId="2457486e-a773-4f24-ab0c-1a5d98afe55a" testListId="25adc7b4-d987-4be2-9d9c-1604efa0363e" />
    <TestEntry testId="8fe894c5-ed66-4120-ba12-156eb5897ad8" executionId="28d1284b-fab1-427e-a80d-0bcce06a1eef" testListId="25adc7b4-d987-4be2-9d9c-1604efa0363e" />
    <TestEntry testId="614f1c37-db55-4a0c-8b10-6e9b8684fb8c" executionId="cdf2ad35-b39b-4adf-9aa2-e3179a376a81" testListId="25adc7b4-d987-4be2-9d9c-1604efa0363e" />
    <TestEntry testId="0571535d-31fd-4922-b3cb-d1a15d551b2f" executionId="3ef47b7d-0281-4137-9fb3-5a6f2dbe0db3" testListId="25adc7b4-d987-4be2-9d9c-1604efa0363e" />
    <TestEntry testId="85b167b2-7859-43ab-94d8-e24f2e4a58a9" executionId="8fe1417a-e333-4b04-a51f-18ee6e7530ea" testListId="25adc7b4-d987-4be2-9d9c-1604efa0363e" />
    <TestEntry testId="80c8c6a6-7541-4c1a-9091-f1fc7d63e62f" executionId="14c130fb-cead-4cf7-a3af-651f68023a5c" testListId="25adc7b4-d987-4be2-9d9c-1604efa0363e" />
    <TestEntry testId="24e72238-1cad-4b39-b3b3-826a47d6b06b" executionId="a7014d77-a27f-4493-8af8-f3da6058907e" testListId="25adc7b4-d987-4be2-9d9c-1604efa0363e" />
    <TestEntry testId="e4379985-e608-41c2-9286-faf7dc4950d9" executionId="f78f04dd-7490-4592-b873-d4aaee04e628" testListId="25adc7b4-d987-4be2-9d9c-1604efa0363e" />
    <TestEntry testId="5ea9decb-0fc5-4d93-ac0f-fb4b3c8c45d4" executionId="8bf9ad9d-9c07-46c1-a883-63e8dc87a8bd" testListId="25adc7b4-d987-4be2-9d9c-1604efa0363e" />
    <TestEntry testId="1732481f-7515-416a-8c49-e76a3f912917" executionId="48453e6f-a557-42b0-803f-a2a276145f92" testListId="25adc7b4-d987-4be2-9d9c-1604efa0363e" />
    <TestEntry testId="eb67bcdb-3330-405b-9576-9ab3ccec258e" executionId="eeafbad6-c882-4e98-af1b-6947ca7f4179" testListId="25adc7b4-d987-4be2-9d9c-1604efa0363e" />
    <TestEntry testId="1be13525-4e33-410a-9205-507d8bdc5007" executionId="108cfeba-d5c2-4a9a-b2bb-3e7ce4ec0984" testListId="25adc7b4-d987-4be2-9d9c-1604efa0363e" />
    <TestEntry testId="512afab9-10fc-46de-ac0f-bba8f3b97f19" executionId="8121fd9c-b7c2-4405-ac45-3b144671aec1" testListId="25adc7b4-d987-4be2-9d9c-1604efa0363e" />
    <TestEntry testId="c725c680-cf3d-4883-912a-c40cdd8e041b" executionId="abe171b0-20fc-4d15-b9f9-1cb3dff71963" testListId="25adc7b4-d987-4be2-9d9c-1604efa0363e" />
    <TestEntry testId="ff95bb8d-eabb-4783-917a-2d25df57822b" executionId="4c355c68-433b-4946-9189-d21ee9ee5114" testListId="25adc7b4-d987-4be2-9d9c-1604efa0363e" />
    <TestEntry testId="ffe3a9e9-1660-4bbb-86eb-fd8ed0a4844f" executionId="944e6f81-5149-4da6-9a88-b21322b43e58" testListId="25adc7b4-d987-4be2-9d9c-1604efa0363e" />
    <TestEntry testId="d52a23e1-75aa-435c-a6a9-86d017d15cef" executionId="71e7cd81-df08-4800-a26b-3992b2ab0e3c" testListId="25adc7b4-d987-4be2-9d9c-1604efa0363e" />
    <TestEntry testId="6ade1eb5-a879-4a69-b9f0-1a7d33826d33" executionId="6360de57-e128-4ac0-8108-616ed7b79774" testListId="25adc7b4-d987-4be2-9d9c-1604efa0363e" />
    <TestEntry testId="63b000f9-6804-4902-87bf-d73b74006a30" executionId="a29a6b2f-cf54-4298-b077-b120af1842ca" testListId="25adc7b4-d987-4be2-9d9c-1604efa0363e" />
    <TestEntry testId="bc4026e5-f095-40a7-9659-226aadbb5b73" executionId="f1bcd863-a7b1-4935-b542-384ba14dc933" testListId="25adc7b4-d987-4be2-9d9c-1604efa0363e" />
    <TestEntry testId="081a98f0-6cb3-4b06-8ffd-09e96534465a" executionId="8116ec79-a409-4e8c-9aca-24984b3019ef" testListId="25adc7b4-d987-4be2-9d9c-1604efa0363e" />
    <TestEntry testId="98501315-a02e-4a57-9eed-8457a4428c5d" executionId="d91a5511-e84a-4a14-98db-c988433d292e" testListId="25adc7b4-d987-4be2-9d9c-1604efa0363e" />
    <TestEntry testId="c2235879-c835-45b2-9eab-839d08c1c72a" executionId="49a67fd4-fb57-4b85-80d7-9f61578816b5" testListId="25adc7b4-d987-4be2-9d9c-1604efa0363e" />
    <TestEntry testId="c6f719e2-acf6-4965-b6c2-774ed6d56a41" executionId="42278973-0de1-4f02-9da4-8148b03d258b" testListId="25adc7b4-d987-4be2-9d9c-1604efa0363e" />
    <TestEntry testId="8732e200-05a8-4e4b-b007-257ca0fcc669" executionId="b0a4d02b-8606-4dd2-b394-0de003a2ee15" testListId="25adc7b4-d987-4be2-9d9c-1604efa0363e" />
    <TestEntry testId="95ff8d30-d410-4555-826b-65e96274bb8f" executionId="a2a07662-8fa5-48cc-ac11-f55b4776a43c" testListId="25adc7b4-d987-4be2-9d9c-1604efa0363e" />
    <TestEntry testId="fa0f6b49-0cef-432d-91c5-9d767470c9d5" executionId="bd65de73-da6e-4588-a0e1-e6d20993c119" testListId="25adc7b4-d987-4be2-9d9c-1604efa0363e" />
    <TestEntry testId="6224b249-b97c-4b29-a194-bed2500d8a91" executionId="3a4757a3-45af-4a65-9a32-fa9508a74c03" testListId="25adc7b4-d987-4be2-9d9c-1604efa0363e" />
    <TestEntry testId="88fb4ea1-647d-4074-a427-6797bdfffe53" executionId="34b497e8-e70d-4a8e-91b0-245276465e3d" testListId="25adc7b4-d987-4be2-9d9c-1604efa0363e" />
    <TestEntry testId="bcb6cdb2-c622-43ef-a8b4-c122e951dc8c" executionId="2ad14610-31b9-4d04-9acd-ef63ded3495a" testListId="25adc7b4-d987-4be2-9d9c-1604efa0363e" />
    <TestEntry testId="3849b668-0c91-4554-9706-8d5c87b32944" executionId="975d3897-104d-406b-9fe6-64b8e3e74632" testListId="25adc7b4-d987-4be2-9d9c-1604efa0363e" />
    <TestEntry testId="b153fb67-8558-4ff7-afa0-9b4c1aaf7a8f" executionId="acdeccf8-c1c6-41e3-a585-c03b55ba6637" testListId="25adc7b4-d987-4be2-9d9c-1604efa0363e" />
    <TestEntry testId="78c82a5f-c849-4e9b-a085-fba9faa28b89" executionId="41ba4e2b-2e38-4103-a42c-c036200bb5ad" testListId="25adc7b4-d987-4be2-9d9c-1604efa0363e" />
    <TestEntry testId="b8dc7d7c-9205-4717-aba4-a71513e5c03f" executionId="d9a79b42-4d64-41d9-8477-8f6c645adbce" testListId="25adc7b4-d987-4be2-9d9c-1604efa0363e" />
    <TestEntry testId="c7da3ee4-aec8-4308-a77b-ea2eef3bccdb" executionId="1567712f-4f6a-4c22-b401-84507a9c0581" testListId="25adc7b4-d987-4be2-9d9c-1604efa0363e" />
    <TestEntry testId="ececaeea-a9c0-40c9-b88e-bfeb019f75b5" executionId="2d3606da-e786-4529-a295-0e727156d1dd" testListId="25adc7b4-d987-4be2-9d9c-1604efa0363e" />
  </TestEntries>
  <TestLists>
    <TestList name="Results Not in a List" id="25adc7b4-d987-4be2-9d9c-1604efa0363e" />
    <TestList name="All Loaded Results" id="c1ba3507-51e1-4dc2-b2b4-9763408fda09" />
  </TestLists>
</TestRun>