<?xml version="1.0" encoding="UTF-8"?>
<TestRun id="4aa792db-837c-4748-87c9-5b5e1640f36a" name="Test Run 43" runUser="Oles Galatsan" xmlns="http://microsoft.com/schemas/VisualStudio/TeamTest/2010">
  <Times creation="2025-05-14T13:20:31.3125482Z" queuing="2025-05-14T13:20:31.3125482Z" start="2025-05-14T13:20:31.3146610Z" finish="2025-05-14T13:25:31.3147553Z" />
  <TestSettings name="Test Settings 43" id="daad68e2-88b3-4bf5-bb75-eacd9cf184be" />
  <Results>
    <UnitTestResult executionId="939fcbfa-217a-4ea5-b2b5-f27ff57d6291" testId="b25ac82c-0452-4de3-9f59-8b4a91666d5a" testName="Test4201" computerName="UA-LPT-OGA2" duration="00:00:01.8460000" startTime="2025-05-14T13:20:31.3146610Z" endTime="2025-05-14T13:25:31.3147553Z" testType="13cdc9d9-ddb5-4fa4-a97d-d965ccfc6d4b" outcome="Passed" testListId="1d810479-ecc9-4fdb-9985-45aed3a29109" />
    <UnitTestResult executionId="33204ef9-942e-41bf-becb-eba290055979" testId="3b2f77bd-b67b-4a81-abf9-ca12b43c479e" testName="Test4202" computerName="UA-LPT-OGA2" duration="00:00:00.3750000" startTime="2025-05-14T13:20:31.3146610Z" endTime="2025-05-14T13:25:31.3147553Z" testType="13cdc9d9-ddb5-4fa4-a97d-d965ccfc6d4b" outcome="Passed" testListId="1d810479-ecc9-4fdb-9985-45aed3a29109" />
    <UnitTestResult executionId="9119acec-c9e3-4c69-a997-f7f04f560f23" testId="7914dcc1-ee21-4a37-87fe-183a8fe80a15" testName="Test4203" computerName="UA-LPT-OGA2" duration="00:00:00.1190000" startTime="2025-05-14T13:20:31.3146610Z" endTime="2025-05-14T13:25:31.3147553Z" testType="13cdc9d9-ddb5-4fa4-a97d-d965ccfc6d4b" outcome="Passed" testListId="1d810479-ecc9-4fdb-9985-45aed3a29109" />
    <UnitTestResult executionId="aa47a81a-f88c-4e26-a712-0f64c8f58aa9" testId="1bdc962f-7139-40ac-801b-0def8ebcb2f1" testName="Test4204" computerName="UA-LPT-OGA2" duration="00:00:00.2100000" startTime="2025-05-14T13:20:31.3146610Z" endTime="2025-05-14T13:25:31.3147553Z" testType="13cdc9d9-ddb5-4fa4-a97d-d965ccfc6d4b" outcome="Passed" testListId="1d810479-ecc9-4fdb-9985-45aed3a29109" />
    <UnitTestResult executionId="a7605c7d-6577-44ac-af42-eb739549775e" testId="e3d92387-56a0-482c-962a-89b91a32dd93" testName="Test4205" computerName="UA-LPT-OGA2" duration="00:00:01.8700000" startTime="2025-05-14T13:20:31.3146610Z" endTime="2025-05-14T13:25:31.3147553Z" testType="13cdc9d9-ddb5-4fa4-a97d-d965ccfc6d4b" outcome="Failed" testListId="1d810479-ecc9-4fdb-9985-45aed3a29109">
      <Output>
        <ErrorInfo>
          <Message>Assertion failed: Expected value did not match actual value.</Message>
          <StackTrace>   at TestNamespace.TestClass.Test() in TestClass.cs:line 274</StackTrace>
        </ErrorInfo>
      </Output>
    </UnitTestResult>
    <UnitTestResult executionId="91b82901-4ea9-4e87-8f28-9ba870be179a" testId="595a58b6-618e-429b-b5e1-050573410f66" testName="Test4206" computerName="UA-LPT-OGA2" duration="00:00:00.9750000" startTime="2025-05-14T13:20:31.3146610Z" endTime="2025-05-14T13:25:31.3147553Z" testType="13cdc9d9-ddb5-4fa4-a97d-d965ccfc6d4b" outcome="Passed" testListId="1d810479-ecc9-4fdb-9985-45aed3a29109" />
    <UnitTestResult executionId="f3fcfef1-4909-4cbb-a8ff-71b90438a19d" testId="213e9c77-1328-49d4-bf46-003043233f47" testName="Test4207" computerName="UA-LPT-OGA2" duration="00:00:00.7430000" startTime="2025-05-14T13:20:31.3146610Z" endTime="2025-05-14T13:25:31.3147553Z" testType="13cdc9d9-ddb5-4fa4-a97d-d965ccfc6d4b" outcome="Passed" testListId="1d810479-ecc9-4fdb-9985-45aed3a29109" />
    <UnitTestResult executionId="179328fd-ef82-4c51-9a54-66567fa235c6" testId="008f7edd-9228-4d07-a1da-f4e979ba069e" testName="Test4208" computerName="UA-LPT-OGA2" duration="00:00:01.6520000" startTime="2025-05-14T13:20:31.3146610Z" endTime="2025-05-14T13:25:31.3147553Z" testType="13cdc9d9-ddb5-4fa4-a97d-d965ccfc6d4b" outcome="Passed" testListId="1d810479-ecc9-4fdb-9985-45aed3a29109" />
    <UnitTestResult executionId="7481986f-0c63-442f-8493-8c776556dbd2" testId="6822c836-d7ee-4035-b6d5-cd31164383a1" testName="Test4209" computerName="UA-LPT-OGA2" duration="00:00:00.8570000" startTime="2025-05-14T13:20:31.3146610Z" endTime="2025-05-14T13:25:31.3147553Z" testType="13cdc9d9-ddb5-4fa4-a97d-d965ccfc6d4b" outcome="Passed" testListId="1d810479-ecc9-4fdb-9985-45aed3a29109" />
    <UnitTestResult executionId="2486cd3f-b2c2-4de0-894c-28f444746c10" testId="19f4e09e-ec46-4915-a9af-0a75f9e6df94" testName="Test4210" computerName="UA-LPT-OGA2" duration="00:00:00.3060000" startTime="2025-05-14T13:20:31.3146610Z" endTime="2025-05-14T13:25:31.3147553Z" testType="13cdc9d9-ddb5-4fa4-a97d-d965ccfc6d4b" outcome="Passed" testListId="1d810479-ecc9-4fdb-9985-45aed3a29109" />
    <UnitTestResult executionId="553a2555-e29b-4592-8260-278d87dcc957" testId="c0ab7f13-f88e-4b0a-b209-ce5146ee0484" testName="Test4211" computerName="UA-LPT-OGA2" duration="00:00:01.5280000" startTime="2025-05-14T13:20:31.3146610Z" endTime="2025-05-14T13:25:31.3147553Z" testType="13cdc9d9-ddb5-4fa4-a97d-d965ccfc6d4b" outcome="Failed" testListId="1d810479-ecc9-4fdb-9985-45aed3a29109">
      <Output>
        <ErrorInfo>
          <Message>Assertion failed: Expected value did not match actual value.</Message>
          <StackTrace>   at TestNamespace.TestClass.Test() in TestClass.cs:line 20</StackTrace>
        </ErrorInfo>
      </Output>
    </UnitTestResult>
    <UnitTestResult executionId="e8c0cb32-7f1e-46f7-9414-de0a0af8cd99" testId="743c27dd-8bb4-468b-8ff3-7f2c0f1e4d36" testName="Test4212" computerName="UA-LPT-OGA2" duration="00:00:01.6300000" startTime="2025-05-14T13:20:31.3146610Z" endTime="2025-05-14T13:25:31.3147553Z" testType="13cdc9d9-ddb5-4fa4-a97d-d965ccfc6d4b" outcome="Passed" testListId="1d810479-ecc9-4fdb-9985-45aed3a29109" />
    <UnitTestResult executionId="1aa4d8d5-63e0-4e6d-9699-80d86bf36d5e" testId="6fac426b-8703-48a2-8b9f-7d5daf8e17bf" testName="Test4213" computerName="UA-LPT-OGA2" duration="00:00:00.9310000" startTime="2025-05-14T13:20:31.3146610Z" endTime="2025-05-14T13:25:31.3147553Z" testType="13cdc9d9-ddb5-4fa4-a97d-d965ccfc6d4b" outcome="Passed" testListId="1d810479-ecc9-4fdb-9985-45aed3a29109" />
    <UnitTestResult executionId="1cad8b5b-0097-405b-9a08-fc59c2dafad1" testId="2f5b7edc-0aa0-494f-87c9-eb568f547f83" testName="Test4214" computerName="UA-LPT-OGA2" duration="00:00:00.1330000" startTime="2025-05-14T13:20:31.3146610Z" endTime="2025-05-14T13:25:31.3147553Z" testType="13cdc9d9-ddb5-4fa4-a97d-d965ccfc6d4b" outcome="Passed" testListId="1d810479-ecc9-4fdb-9985-45aed3a29109" />
    <UnitTestResult executionId="35263147-4d8c-4411-a0c9-1c706492f261" testId="d7c634f3-6e8f-4e65-97f5-fc770ad5d2dc" testName="Test4215" computerName="UA-LPT-OGA2" duration="00:00:00.4180000" startTime="2025-05-14T13:20:31.3146610Z" endTime="2025-05-14T13:25:31.3147553Z" testType="13cdc9d9-ddb5-4fa4-a97d-d965ccfc6d4b" outcome="Failed" testListId="1d810479-ecc9-4fdb-9985-45aed3a29109">
      <Output>
        <ErrorInfo>
          <Message>Assertion failed: Expected value did not match actual value.</Message>
          <StackTrace>   at TestNamespace.TestClass.Test() in TestClass.cs:line 139</StackTrace>
        </ErrorInfo>
      </Output>
    </UnitTestResult>
    <UnitTestResult executionId="7a5e1335-efaa-45ed-b1e5-3e87bbc3acaf" testId="42aaf92d-fedb-4a0d-a76e-caaf6535cfff" testName="Test4216" computerName="UA-LPT-OGA2" duration="00:00:01.7720000" startTime="2025-05-14T13:20:31.3146610Z" endTime="2025-05-14T13:25:31.3147553Z" testType="13cdc9d9-ddb5-4fa4-a97d-d965ccfc6d4b" outcome="Passed" testListId="1d810479-ecc9-4fdb-9985-45aed3a29109" />
    <UnitTestResult executionId="e60790c0-57ec-49fa-992c-58e0d4425a5d" testId="1353d077-090d-4c11-8bbe-acaa32add550" testName="Test4217" computerName="UA-LPT-OGA2" duration="00:00:01.5340000" startTime="2025-05-14T13:20:31.3146610Z" endTime="2025-05-14T13:25:31.3147553Z" testType="13cdc9d9-ddb5-4fa4-a97d-d965ccfc6d4b" outcome="Passed" testListId="1d810479-ecc9-4fdb-9985-45aed3a29109" />
    <UnitTestResult executionId="5821abc7-316b-4694-87b6-e749b7ba3452" testId="43dd40a1-c1a1-47a3-b687-876f0d23dda1" testName="Test4218" computerName="UA-LPT-OGA2" duration="00:00:01.5400000" startTime="2025-05-14T13:20:31.3146610Z" endTime="2025-05-14T13:25:31.3147553Z" testType="13cdc9d9-ddb5-4fa4-a97d-d965ccfc6d4b" outcome="Passed" testListId="1d810479-ecc9-4fdb-9985-45aed3a29109" />
    <UnitTestResult executionId="4e17ca98-c938-422f-b3b9-7c569f7e6cd3" testId="a32a820e-8ab4-4308-acf2-10eae8f643d6" testName="Test4219" computerName="UA-LPT-OGA2" duration="00:00:00.0880000" startTime="2025-05-14T13:20:31.3146610Z" endTime="2025-05-14T13:25:31.3147553Z" testType="13cdc9d9-ddb5-4fa4-a97d-d965ccfc6d4b" outcome="Passed" testListId="1d810479-ecc9-4fdb-9985-45aed3a29109" />
    <UnitTestResult executionId="3a45a253-2e8e-4653-8e8c-947771bed6e2" testId="eab62ab4-5c87-4083-8cd4-baa5e431eb5c" testName="Test4220" computerName="UA-LPT-OGA2" duration="00:00:00.5580000" startTime="2025-05-14T13:20:31.3146610Z" endTime="2025-05-14T13:25:31.3147553Z" testType="13cdc9d9-ddb5-4fa4-a97d-d965ccfc6d4b" outcome="Passed" testListId="1d810479-ecc9-4fdb-9985-45aed3a29109" />
    <UnitTestResult executionId="58f85b1c-0ca3-4e0e-90ef-5da5371df568" testId="7580fb1c-3191-4131-a553-9cf12f02f266" testName="Test4221" computerName="UA-LPT-OGA2" duration="00:00:00.8650000" startTime="2025-05-14T13:20:31.3146610Z" endTime="2025-05-14T13:25:31.3147553Z" testType="13cdc9d9-ddb5-4fa4-a97d-d965ccfc6d4b" outcome="Inconclusive" testListId="1d810479-ecc9-4fdb-9985-45aed3a29109" />
    <UnitTestResult executionId="8d0197b7-2dec-4b4a-810f-3f42de620126" testId="f9be5d2c-da4e-4a08-a464-acd2fc220f4e" testName="Test4222" computerName="UA-LPT-OGA2" duration="00:00:01.0130000" startTime="2025-05-14T13:20:31.3146610Z" endTime="2025-05-14T13:25:31.3147553Z" testType="13cdc9d9-ddb5-4fa4-a97d-d965ccfc6d4b" outcome="Passed" testListId="1d810479-ecc9-4fdb-9985-45aed3a29109" />
    <UnitTestResult executionId="ce468310-abf3-4ccb-9c81-f64e7234da8d" testId="edc5ac1c-7a13-43c4-b8ec-059e4554249c" testName="Test4223" computerName="UA-LPT-OGA2" duration="00:00:00.3670000" startTime="2025-05-14T13:20:31.3146610Z" endTime="2025-05-14T13:25:31.3147553Z" testType="13cdc9d9-ddb5-4fa4-a97d-d965ccfc6d4b" outcome="Passed" testListId="1d810479-ecc9-4fdb-9985-45aed3a29109" />
    <UnitTestResult executionId="a1786cfe-930c-4e97-9f45-a9a363b98892" testId="b9def4bf-aada-4dcb-8211-d37fe400bcc1" testName="Test4224" computerName="UA-LPT-OGA2" duration="00:00:01.4410000" startTime="2025-05-14T13:20:31.3146610Z" endTime="2025-05-14T13:25:31.3147553Z" testType="13cdc9d9-ddb5-4fa4-a97d-d965ccfc6d4b" outcome="Failed" testListId="1d810479-ecc9-4fdb-9985-45aed3a29109">
      <Output>
        <ErrorInfo>
          <Message>Assertion failed: Expected value did not match actual value.</Message>
          <StackTrace>   at TestNamespace.TestClass.Test() in TestClass.cs:line 411</StackTrace>
        </ErrorInfo>
      </Output>
    </UnitTestResult>
    <UnitTestResult executionId="ff4cad25-e370-44e1-84f5-3976f4f23a98" testId="c480c191-b436-4f6e-a54b-04eeb561946d" testName="Test4225" computerName="UA-LPT-OGA2" duration="00:00:01.4240000" startTime="2025-05-14T13:20:31.3146610Z" endTime="2025-05-14T13:25:31.3147553Z" testType="13cdc9d9-ddb5-4fa4-a97d-d965ccfc6d4b" outcome="Passed" testListId="1d810479-ecc9-4fdb-9985-45aed3a29109" />
    <UnitTestResult executionId="cb37ba3c-5ee7-49e8-9d9d-9022d667c510" testId="dc50a5ff-a0f8-41b0-8433-7e6bfe077113" testName="Test4226" computerName="UA-LPT-OGA2" duration="00:00:00.6900000" startTime="2025-05-14T13:20:31.3146610Z" endTime="2025-05-14T13:25:31.3147553Z" testType="13cdc9d9-ddb5-4fa4-a97d-d965ccfc6d4b" outcome="Failed" testListId="1d810479-ecc9-4fdb-9985-45aed3a29109">
      <Output>
        <ErrorInfo>
          <Message>Assertion failed: Expected value did not match actual value.</Message>
          <StackTrace>   at TestNamespace.TestClass.Test() in TestClass.cs:line 182</StackTrace>
        </ErrorInfo>
      </Output>
    </UnitTestResult>
    <UnitTestResult executionId="4f2eefca-71cf-4c58-b98c-6a7a52cf3b5d" testId="aef9c1e4-a56b-468f-ba81-661caa716e82" testName="Test4227" computerName="UA-LPT-OGA2" duration="00:00:00.9740000" startTime="2025-05-14T13:20:31.3146610Z" endTime="2025-05-14T13:25:31.3147553Z" testType="13cdc9d9-ddb5-4fa4-a97d-d965ccfc6d4b" outcome="Passed" testListId="1d810479-ecc9-4fdb-9985-45aed3a29109" />
    <UnitTestResult executionId="d9500fb0-fefe-4451-b3a4-6eff3e57d42e" testId="95ab5cd1-abeb-471b-a115-353b14e93fcb" testName="Test4228" computerName="UA-LPT-OGA2" duration="00:00:01.4950000" startTime="2025-05-14T13:20:31.3146610Z" endTime="2025-05-14T13:25:31.3147553Z" testType="13cdc9d9-ddb5-4fa4-a97d-d965ccfc6d4b" outcome="Passed" testListId="1d810479-ecc9-4fdb-9985-45aed3a29109" />
    <UnitTestResult executionId="d5c3ec37-ebb6-4ae5-a236-4da303637a89" testId="da040b93-897b-44af-b96c-8b4f2af22c30" testName="Test4229" computerName="UA-LPT-OGA2" duration="00:00:00.2560000" startTime="2025-05-14T13:20:31.3146610Z" endTime="2025-05-14T13:25:31.3147553Z" testType="13cdc9d9-ddb5-4fa4-a97d-d965ccfc6d4b" outcome="Passed" testListId="1d810479-ecc9-4fdb-9985-45aed3a29109" />
    <UnitTestResult executionId="e56292cd-1675-4bc6-a983-b0bf20c2fe54" testId="51d0bda1-7a5d-451d-8584-5fbd41168583" testName="Test4230" computerName="UA-LPT-OGA2" duration="00:00:01.1700000" startTime="2025-05-14T13:20:31.3146610Z" endTime="2025-05-14T13:25:31.3147553Z" testType="13cdc9d9-ddb5-4fa4-a97d-d965ccfc6d4b" outcome="Passed" testListId="1d810479-ecc9-4fdb-9985-45aed3a29109" />
    <UnitTestResult executionId="3ea5c1f0-99c1-44ea-bbe4-0aa0273f5783" testId="08df1af0-4c78-4858-a455-d81fdfaecbf7" testName="Test4231" computerName="UA-LPT-OGA2" duration="00:00:00.0870000" startTime="2025-05-14T13:20:31.3146610Z" endTime="2025-05-14T13:25:31.3147553Z" testType="13cdc9d9-ddb5-4fa4-a97d-d965ccfc6d4b" outcome="Passed" testListId="1d810479-ecc9-4fdb-9985-45aed3a29109" />
    <UnitTestResult executionId="7e92f979-0c96-463c-a445-efe3e842a80d" testId="ab659a7c-9eb1-4208-a9b1-b26d19437630" testName="Test4232" computerName="UA-LPT-OGA2" duration="00:00:00.3130000" startTime="2025-05-14T13:20:31.3146610Z" endTime="2025-05-14T13:25:31.3147553Z" testType="13cdc9d9-ddb5-4fa4-a97d-d965ccfc6d4b" outcome="Passed" testListId="1d810479-ecc9-4fdb-9985-45aed3a29109" />
    <UnitTestResult executionId="bb319242-c716-447f-9f67-5999f5b6e1d5" testId="e05d0984-dba5-4048-9151-ec8a74b8ead8" testName="Test4233" computerName="UA-LPT-OGA2" duration="00:00:01.6300000" startTime="2025-05-14T13:20:31.3146610Z" endTime="2025-05-14T13:25:31.3147553Z" testType="13cdc9d9-ddb5-4fa4-a97d-d965ccfc6d4b" outcome="Passed" testListId="1d810479-ecc9-4fdb-9985-45aed3a29109" />
    <UnitTestResult executionId="2acc4ded-419e-444d-9cd8-7b8cb4e656f5" testId="29c7be01-4ef5-4700-8a67-d8cc2cada3a6" testName="Test4234" computerName="UA-LPT-OGA2" duration="00:00:00.5260000" startTime="2025-05-14T13:20:31.3146610Z" endTime="2025-05-14T13:25:31.3147553Z" testType="13cdc9d9-ddb5-4fa4-a97d-d965ccfc6d4b" outcome="Passed" testListId="1d810479-ecc9-4fdb-9985-45aed3a29109" />
    <UnitTestResult executionId="8b54330a-1506-4cc2-a35d-1f4d4553e385" testId="0d9620ab-8bed-417d-97b2-2d8290608abf" testName="Test4235" computerName="UA-LPT-OGA2" duration="00:00:01.5790000" startTime="2025-05-14T13:20:31.3146610Z" endTime="2025-05-14T13:25:31.3147553Z" testType="13cdc9d9-ddb5-4fa4-a97d-d965ccfc6d4b" outcome="Passed" testListId="1d810479-ecc9-4fdb-9985-45aed3a29109" />
    <UnitTestResult executionId="76e5f6b7-6155-444c-8896-41cb91e5e2c1" testId="fade4a4e-1c5b-49c9-aa08-90463b887f83" testName="Test4236" computerName="UA-LPT-OGA2" duration="00:00:01.5600000" startTime="2025-05-14T13:20:31.3146610Z" endTime="2025-05-14T13:25:31.3147553Z" testType="13cdc9d9-ddb5-4fa4-a97d-d965ccfc6d4b" outcome="Inconclusive" testListId="1d810479-ecc9-4fdb-9985-45aed3a29109" />
    <UnitTestResult executionId="51a0855e-41e7-4115-8709-3569bd5f5d0a" testId="736ee416-fd1e-4bcc-93d9-3a89eb13bf68" testName="Test4237" computerName="UA-LPT-OGA2" duration="00:00:00.7390000" startTime="2025-05-14T13:20:31.3146610Z" endTime="2025-05-14T13:25:31.3147553Z" testType="13cdc9d9-ddb5-4fa4-a97d-d965ccfc6d4b" outcome="Passed" testListId="1d810479-ecc9-4fdb-9985-45aed3a29109" />
    <UnitTestResult executionId="dcdce00a-4d77-47fe-bd1b-3451dce2a608" testId="75ed7265-3cfe-4802-b80b-f7a57ef085ff" testName="Test4238" computerName="UA-LPT-OGA2" duration="00:00:00.9740000" startTime="2025-05-14T13:20:31.3146610Z" endTime="2025-05-14T13:25:31.3147553Z" testType="13cdc9d9-ddb5-4fa4-a97d-d965ccfc6d4b" outcome="Passed" testListId="1d810479-ecc9-4fdb-9985-45aed3a29109" />
    <UnitTestResult executionId="8249b2c5-a1bc-4568-b943-55b4cc5a663b" testId="4525197a-c920-4661-9e60-661fd93f9300" testName="Test4239" computerName="UA-LPT-OGA2" duration="00:00:01.9080000" startTime="2025-05-14T13:20:31.3146610Z" endTime="2025-05-14T13:25:31.3147553Z" testType="13cdc9d9-ddb5-4fa4-a97d-d965ccfc6d4b" outcome="Passed" testListId="1d810479-ecc9-4fdb-9985-45aed3a29109" />
    <UnitTestResult executionId="99e9db33-d963-4b6d-9a95-c439b4854d31" testId="009d2839-f40d-4ffe-a1c6-f00491645d73" testName="Test4240" computerName="UA-LPT-OGA2" duration="00:00:01.0000000" startTime="2025-05-14T13:20:31.3146610Z" endTime="2025-05-14T13:25:31.3147553Z" testType="13cdc9d9-ddb5-4fa4-a97d-d965ccfc6d4b" outcome="Passed" testListId="1d810479-ecc9-4fdb-9985-45aed3a29109" />
    <UnitTestResult executionId="f7ab3c17-ee70-4cbe-aaa8-a5b2655834b5" testId="1ade6bd1-3657-4c6d-884c-83d8273b0f98" testName="Test4241" computerName="UA-LPT-OGA2" duration="00:00:00.0690000" startTime="2025-05-14T13:20:31.3146610Z" endTime="2025-05-14T13:25:31.3147553Z" testType="13cdc9d9-ddb5-4fa4-a97d-d965ccfc6d4b" outcome="Passed" testListId="1d810479-ecc9-4fdb-9985-45aed3a29109" />
    <UnitTestResult executionId="76a88b34-5e80-4589-b017-88bc57ea7abc" testId="91a636b7-5271-4e0b-8d26-ee09e22ddf85" testName="Test4242" computerName="UA-LPT-OGA2" duration="00:00:00.6000000" startTime="2025-05-14T13:20:31.3146610Z" endTime="2025-05-14T13:25:31.3147553Z" testType="13cdc9d9-ddb5-4fa4-a97d-d965ccfc6d4b" outcome="Passed" testListId="1d810479-ecc9-4fdb-9985-45aed3a29109" />
    <UnitTestResult executionId="8c5280ff-70ca-4115-a52e-8d92d10eab9e" testId="a7cc5853-9aa9-4cde-8a78-ea8431d01640" testName="Test4243" computerName="UA-LPT-OGA2" duration="00:00:01.0130000" startTime="2025-05-14T13:20:31.3146610Z" endTime="2025-05-14T13:25:31.3147553Z" testType="13cdc9d9-ddb5-4fa4-a97d-d965ccfc6d4b" outcome="Passed" testListId="1d810479-ecc9-4fdb-9985-45aed3a29109" />
    <UnitTestResult executionId="21e29d2d-c72c-4427-8323-82de34b8a452" testId="44ddfe88-e5f0-443d-b5de-9d1492875ea3" testName="Test4244" computerName="UA-LPT-OGA2" duration="00:00:01.3650000" startTime="2025-05-14T13:20:31.3146610Z" endTime="2025-05-14T13:25:31.3147553Z" testType="13cdc9d9-ddb5-4fa4-a97d-d965ccfc6d4b" outcome="Passed" testListId="1d810479-ecc9-4fdb-9985-45aed3a29109" />
    <UnitTestResult executionId="8f191699-44ba-43e1-a385-7292ddfeec70" testId="d8834fa8-cb96-47a9-b6bf-0a481f32231d" testName="Test4245" computerName="UA-LPT-OGA2" duration="00:00:01.7890000" startTime="2025-05-14T13:20:31.3146610Z" endTime="2025-05-14T13:25:31.3147553Z" testType="13cdc9d9-ddb5-4fa4-a97d-d965ccfc6d4b" outcome="Passed" testListId="1d810479-ecc9-4fdb-9985-45aed3a29109" />
    <UnitTestResult executionId="af07e9a4-82e1-49ba-9426-d03a89463e2e" testId="e73dc695-fe4a-404f-8428-2768b5f2cb42" testName="Test4246" computerName="UA-LPT-OGA2" duration="00:00:01.6380000" startTime="2025-05-14T13:20:31.3146610Z" endTime="2025-05-14T13:25:31.3147553Z" testType="13cdc9d9-ddb5-4fa4-a97d-d965ccfc6d4b" outcome="Failed" testListId="1d810479-ecc9-4fdb-9985-45aed3a29109">
      <Output>
        <ErrorInfo>
          <Message>Assertion failed: Expected value did not match actual value.</Message>
          <StackTrace>   at TestNamespace.TestClass.Test() in TestClass.cs:line 317</StackTrace>
        </ErrorInfo>
      </Output>
    </UnitTestResult>
    <UnitTestResult executionId="b1f673ef-ad5a-4eff-8f19-0306fea4366a" testId="a2680aae-7728-4df1-ba3e-f3a748ddac0f" testName="Test4247" computerName="UA-LPT-OGA2" duration="00:00:00.4320000" startTime="2025-05-14T13:20:31.3146610Z" endTime="2025-05-14T13:25:31.3147553Z" testType="13cdc9d9-ddb5-4fa4-a97d-d965ccfc6d4b" outcome="Passed" testListId="1d810479-ecc9-4fdb-9985-45aed3a29109" />
    <UnitTestResult executionId="cdf34ad0-8e71-4841-ad55-c6028788f914" testId="5156cd84-74fa-4fc8-b94b-e4fc3c234ad2" testName="Test4248" computerName="UA-LPT-OGA2" duration="00:00:01.5500000" startTime="2025-05-14T13:20:31.3146610Z" endTime="2025-05-14T13:25:31.3147553Z" testType="13cdc9d9-ddb5-4fa4-a97d-d965ccfc6d4b" outcome="Passed" testListId="1d810479-ecc9-4fdb-9985-45aed3a29109" />
    <UnitTestResult executionId="92a4f42f-5c10-469c-9734-728463d87204" testId="6a7b502c-d23d-4f23-a8f1-0beaca190b5c" testName="Test4249" computerName="UA-LPT-OGA2" duration="00:00:01.4980000" startTime="2025-05-14T13:20:31.3146610Z" endTime="2025-05-14T13:25:31.3147553Z" testType="13cdc9d9-ddb5-4fa4-a97d-d965ccfc6d4b" outcome="Passed" testListId="1d810479-ecc9-4fdb-9985-45aed3a29109" />
    <UnitTestResult executionId="3f0e0df0-6293-434f-9ed0-c10c0b36caaf" testId="9484077b-1972-4829-b43e-2dbb801474f9" testName="Test4250" computerName="UA-LPT-OGA2" duration="00:00:01.6180000" startTime="2025-05-14T13:20:31.3146610Z" endTime="2025-05-14T13:25:31.3147553Z" testType="13cdc9d9-ddb5-4fa4-a97d-d965ccfc6d4b" outcome="Passed" testListId="1d810479-ecc9-4fdb-9985-45aed3a29109" />
    <UnitTestResult executionId="3b5427e8-0bd6-4e00-bdfe-9cea34840a7d" testId="22c13b1b-cb8a-4cd5-b04c-582282fe4c6f" testName="Test4251" computerName="UA-LPT-OGA2" duration="00:00:00.7440000" startTime="2025-05-14T13:20:31.3146610Z" endTime="2025-05-14T13:25:31.3147553Z" testType="13cdc9d9-ddb5-4fa4-a97d-d965ccfc6d4b" outcome="Passed" testListId="1d810479-ecc9-4fdb-9985-45aed3a29109" />
    <UnitTestResult executionId="c214d2de-d12b-4816-8fc5-6285731f7f89" testId="d70a82c2-d119-4d5d-b045-6e549d4f85e3" testName="Test4252" computerName="UA-LPT-OGA2" duration="00:00:00.1180000" startTime="2025-05-14T13:20:31.3146610Z" endTime="2025-05-14T13:25:31.3147553Z" testType="13cdc9d9-ddb5-4fa4-a97d-d965ccfc6d4b" outcome="Passed" testListId="1d810479-ecc9-4fdb-9985-45aed3a29109" />
    <UnitTestResult executionId="0fa6c759-c9d1-46b5-adb7-b3097dc2b846" testId="237b8e57-4b95-45e4-844c-5bea2bebc661" testName="Test4253" computerName="UA-LPT-OGA2" duration="00:00:01.1930000" startTime="2025-05-14T13:20:31.3146610Z" endTime="2025-05-14T13:25:31.3147553Z" testType="13cdc9d9-ddb5-4fa4-a97d-d965ccfc6d4b" outcome="Passed" testListId="1d810479-ecc9-4fdb-9985-45aed3a29109" />
    <UnitTestResult executionId="ffcce062-4df4-4330-94a5-3086acb847f5" testId="34613c44-6d8d-42d4-9bc8-39c99327c2e8" testName="Test4254" computerName="UA-LPT-OGA2" duration="00:00:01.1800000" startTime="2025-05-14T13:20:31.3146610Z" endTime="2025-05-14T13:25:31.3147553Z" testType="13cdc9d9-ddb5-4fa4-a97d-d965ccfc6d4b" outcome="Passed" testListId="1d810479-ecc9-4fdb-9985-45aed3a29109" />
    <UnitTestResult executionId="5c08c6fc-1361-42f8-ac05-359e4e2ab039" testId="eb2a45bb-9779-4851-b177-684cc8eb3864" testName="Test4255" computerName="UA-LPT-OGA2" duration="00:00:00.0750000" startTime="2025-05-14T13:20:31.3146610Z" endTime="2025-05-14T13:25:31.3147553Z" testType="13cdc9d9-ddb5-4fa4-a97d-d965ccfc6d4b" outcome="Passed" testListId="1d810479-ecc9-4fdb-9985-45aed3a29109" />
    <UnitTestResult executionId="c5a53a10-4e38-478c-b426-bb434d5a6d25" testId="2cae4302-aca6-4ede-8f90-d40ea966ac35" testName="Test4256" computerName="UA-LPT-OGA2" duration="00:00:01.2030000" startTime="2025-05-14T13:20:31.3146610Z" endTime="2025-05-14T13:25:31.3147553Z" testType="13cdc9d9-ddb5-4fa4-a97d-d965ccfc6d4b" outcome="Passed" testListId="1d810479-ecc9-4fdb-9985-45aed3a29109" />
    <UnitTestResult executionId="8a0f23f2-d9a9-43fd-b52c-840a911f8714" testId="e367e8c0-0275-4771-b274-967478993fe0" testName="Test4257" computerName="UA-LPT-OGA2" duration="00:00:01.6840000" startTime="2025-05-14T13:20:31.3146610Z" endTime="2025-05-14T13:25:31.3147553Z" testType="13cdc9d9-ddb5-4fa4-a97d-d965ccfc6d4b" outcome="Passed" testListId="1d810479-ecc9-4fdb-9985-45aed3a29109" />
    <UnitTestResult executionId="d328bdfa-c16e-4b5d-82db-5708f3f69f97" testId="c83ebe40-74b4-4b90-a5ba-4262af7b82ff" testName="Test4258" computerName="UA-LPT-OGA2" duration="00:00:00.2420000" startTime="2025-05-14T13:20:31.3146610Z" endTime="2025-05-14T13:25:31.3147553Z" testType="13cdc9d9-ddb5-4fa4-a97d-d965ccfc6d4b" outcome="Passed" testListId="1d810479-ecc9-4fdb-9985-45aed3a29109" />
    <UnitTestResult executionId="62480af2-0ae2-4d3a-b61f-b76c43c9a389" testId="0942383a-bb25-4559-a752-89f5c68c895b" testName="Test4259" computerName="UA-LPT-OGA2" duration="00:00:00.8160000" startTime="2025-05-14T13:20:31.3146610Z" endTime="2025-05-14T13:25:31.3147553Z" testType="13cdc9d9-ddb5-4fa4-a97d-d965ccfc6d4b" outcome="Passed" testListId="1d810479-ecc9-4fdb-9985-45aed3a29109" />
    <UnitTestResult executionId="f7143088-67d8-49ef-a443-a57deff9e311" testId="a050d96d-c4b5-4032-8ae0-1e822ea4c138" testName="Test4260" computerName="UA-LPT-OGA2" duration="00:00:01.5730000" startTime="2025-05-14T13:20:31.3146610Z" endTime="2025-05-14T13:25:31.3147553Z" testType="13cdc9d9-ddb5-4fa4-a97d-d965ccfc6d4b" outcome="Passed" testListId="1d810479-ecc9-4fdb-9985-45aed3a29109" />
    <UnitTestResult executionId="fd9ab417-7226-4d64-a799-7b9ae3ed9f53" testId="b4c9ac5b-0c2f-4055-b7b0-cd18dd59ae9b" testName="Test4261" computerName="UA-LPT-OGA2" duration="00:00:00.2450000" startTime="2025-05-14T13:20:31.3146610Z" endTime="2025-05-14T13:25:31.3147553Z" testType="13cdc9d9-ddb5-4fa4-a97d-d965ccfc6d4b" outcome="Passed" testListId="1d810479-ecc9-4fdb-9985-45aed3a29109" />
    <UnitTestResult executionId="56fea2d1-be27-4513-abc6-8505e32eccbe" testId="77cf39f1-8793-4438-b80b-d5ce575e3181" testName="Test4262" computerName="UA-LPT-OGA2" duration="00:00:01.0730000" startTime="2025-05-14T13:20:31.3146610Z" endTime="2025-05-14T13:25:31.3147553Z" testType="13cdc9d9-ddb5-4fa4-a97d-d965ccfc6d4b" outcome="Passed" testListId="1d810479-ecc9-4fdb-9985-45aed3a29109" />
    <UnitTestResult executionId="41a12654-6e1f-4fdc-99f4-4cda15de17da" testId="39163451-654f-400a-9f6e-30ecf6421212" testName="Test4263" computerName="UA-LPT-OGA2" duration="00:00:01.7910000" startTime="2025-05-14T13:20:31.3146610Z" endTime="2025-05-14T13:25:31.3147553Z" testType="13cdc9d9-ddb5-4fa4-a97d-d965ccfc6d4b" outcome="Passed" testListId="1d810479-ecc9-4fdb-9985-45aed3a29109" />
    <UnitTestResult executionId="2674ea48-f4aa-4731-8645-8c7e9172b55d" testId="ca0759a2-597b-4a25-8649-25a13cb38744" testName="Test4264" computerName="UA-LPT-OGA2" duration="00:00:00.6010000" startTime="2025-05-14T13:20:31.3146610Z" endTime="2025-05-14T13:25:31.3147553Z" testType="13cdc9d9-ddb5-4fa4-a97d-d965ccfc6d4b" outcome="Inconclusive" testListId="1d810479-ecc9-4fdb-9985-45aed3a29109" />
    <UnitTestResult executionId="1533d67d-0187-4d9b-9d69-b20c27815a1e" testId="09060cb9-e59b-4efc-a2d7-acf42745ed49" testName="Test4265" computerName="UA-LPT-OGA2" duration="00:00:00.5850000" startTime="2025-05-14T13:20:31.3146610Z" endTime="2025-05-14T13:25:31.3147553Z" testType="13cdc9d9-ddb5-4fa4-a97d-d965ccfc6d4b" outcome="Passed" testListId="1d810479-ecc9-4fdb-9985-45aed3a29109" />
    <UnitTestResult executionId="49045b12-e33d-432f-82a9-4c1af5bef457" testId="0cf10000-8729-4618-93ee-7ed00ec15925" testName="Test4266" computerName="UA-LPT-OGA2" duration="00:00:01.5580000" startTime="2025-05-14T13:20:31.3146610Z" endTime="2025-05-14T13:25:31.3147553Z" testType="13cdc9d9-ddb5-4fa4-a97d-d965ccfc6d4b" outcome="Passed" testListId="1d810479-ecc9-4fdb-9985-45aed3a29109" />
    <UnitTestResult executionId="4e492f9a-6257-4e82-af6b-44a3d9e78e63" testId="f76ef6e9-0f47-4c33-9323-623cb24cf5ba" testName="Test4267" computerName="UA-LPT-OGA2" duration="00:00:01.8980000" startTime="2025-05-14T13:20:31.3146610Z" endTime="2025-05-14T13:25:31.3147553Z" testType="13cdc9d9-ddb5-4fa4-a97d-d965ccfc6d4b" outcome="Passed" testListId="1d810479-ecc9-4fdb-9985-45aed3a29109" />
    <UnitTestResult executionId="d9befc76-15a3-4877-b2fb-1ea616a85773" testId="c982428e-448a-431b-a42f-ac27b435a7d2" testName="Test4268" computerName="UA-LPT-OGA2" duration="00:00:01.1640000" startTime="2025-05-14T13:20:31.3146610Z" endTime="2025-05-14T13:25:31.3147553Z" testType="13cdc9d9-ddb5-4fa4-a97d-d965ccfc6d4b" outcome="Passed" testListId="1d810479-ecc9-4fdb-9985-45aed3a29109" />
    <UnitTestResult executionId="ddd06d62-6f08-449a-b57f-3bd95a8ef11e" testId="a3e16cb3-0781-44be-968c-71259f05a204" testName="Test4269" computerName="UA-LPT-OGA2" duration="00:00:01.7440000" startTime="2025-05-14T13:20:31.3146610Z" endTime="2025-05-14T13:25:31.3147553Z" testType="13cdc9d9-ddb5-4fa4-a97d-d965ccfc6d4b" outcome="Failed" testListId="1d810479-ecc9-4fdb-9985-45aed3a29109">
      <Output>
        <ErrorInfo>
          <Message>Assertion failed: Expected value did not match actual value.</Message>
          <StackTrace>   at TestNamespace.TestClass.Test() in TestClass.cs:line 264</StackTrace>
        </ErrorInfo>
      </Output>
    </UnitTestResult>
    <UnitTestResult executionId="5a25c63d-ca3d-449b-8a47-e4d272b3f911" testId="01193d61-1b81-4d4f-9205-96cd8eb3730c" testName="Test4270" computerName="UA-LPT-OGA2" duration="00:00:00.2430000" startTime="2025-05-14T13:20:31.3146610Z" endTime="2025-05-14T13:25:31.3147553Z" testType="13cdc9d9-ddb5-4fa4-a97d-d965ccfc6d4b" outcome="Passed" testListId="1d810479-ecc9-4fdb-9985-45aed3a29109" />
    <UnitTestResult executionId="e9468918-61c2-4836-9881-a66f20e3ee30" testId="26d694dd-017d-4453-9c32-2f8b8b1bf228" testName="Test4271" computerName="UA-LPT-OGA2" duration="00:00:01.8320000" startTime="2025-05-14T13:20:31.3146610Z" endTime="2025-05-14T13:25:31.3147553Z" testType="13cdc9d9-ddb5-4fa4-a97d-d965ccfc6d4b" outcome="Passed" testListId="1d810479-ecc9-4fdb-9985-45aed3a29109" />
    <UnitTestResult executionId="10201ac8-055a-4c3a-a378-97a523cc50fc" testId="3a52f82c-560d-4b06-b894-fe4cad04e4ad" testName="Test4272" computerName="UA-LPT-OGA2" duration="00:00:00.6250000" startTime="2025-05-14T13:20:31.3146610Z" endTime="2025-05-14T13:25:31.3147553Z" testType="13cdc9d9-ddb5-4fa4-a97d-d965ccfc6d4b" outcome="Passed" testListId="1d810479-ecc9-4fdb-9985-45aed3a29109" />
    <UnitTestResult executionId="86bff642-c975-465e-9224-4fffbfada52c" testId="d2f33fe4-14dd-42ff-996e-9346bbde4b26" testName="Test4273" computerName="UA-LPT-OGA2" duration="00:00:00.1810000" startTime="2025-05-14T13:20:31.3146610Z" endTime="2025-05-14T13:25:31.3147553Z" testType="13cdc9d9-ddb5-4fa4-a97d-d965ccfc6d4b" outcome="Passed" testListId="1d810479-ecc9-4fdb-9985-45aed3a29109" />
    <UnitTestResult executionId="804f649b-3c15-459e-82cd-f9d958527548" testId="0d925196-1e15-4747-a11b-11a9db50a587" testName="Test4274" computerName="UA-LPT-OGA2" duration="00:00:00.3440000" startTime="2025-05-14T13:20:31.3146610Z" endTime="2025-05-14T13:25:31.3147553Z" testType="13cdc9d9-ddb5-4fa4-a97d-d965ccfc6d4b" outcome="Passed" testListId="1d810479-ecc9-4fdb-9985-45aed3a29109" />
    <UnitTestResult executionId="7a8849ad-7f18-419e-ba76-f6dbee0004a6" testId="6bc82ef6-a764-43e1-a40d-1a7d18938a72" testName="Test4275" computerName="UA-LPT-OGA2" duration="00:00:00.1840000" startTime="2025-05-14T13:20:31.3146610Z" endTime="2025-05-14T13:25:31.3147553Z" testType="13cdc9d9-ddb5-4fa4-a97d-d965ccfc6d4b" outcome="Passed" testListId="1d810479-ecc9-4fdb-9985-45aed3a29109" />
    <UnitTestResult executionId="860ca9b3-e017-4a7c-9d60-e3b5fc303e8e" testId="983e0d57-f898-4b1c-aa77-59ef13f02b93" testName="Test4276" computerName="UA-LPT-OGA2" duration="00:00:01.6760000" startTime="2025-05-14T13:20:31.3146610Z" endTime="2025-05-14T13:25:31.3147553Z" testType="13cdc9d9-ddb5-4fa4-a97d-d965ccfc6d4b" outcome="Passed" testListId="1d810479-ecc9-4fdb-9985-45aed3a29109" />
    <UnitTestResult executionId="d7681894-02b4-4911-a1f3-ffb9aacda9e8" testId="e3ef92c4-3d5a-41db-b9e8-e122dff328bd" testName="Test4277" computerName="UA-LPT-OGA2" duration="00:00:00.9420000" startTime="2025-05-14T13:20:31.3146610Z" endTime="2025-05-14T13:25:31.3147553Z" testType="13cdc9d9-ddb5-4fa4-a97d-d965ccfc6d4b" outcome="Failed" testListId="1d810479-ecc9-4fdb-9985-45aed3a29109">
      <Output>
        <ErrorInfo>
          <Message>Assertion failed: Expected value did not match actual value.</Message>
          <StackTrace>   at TestNamespace.TestClass.Test() in TestClass.cs:line 127</StackTrace>
        </ErrorInfo>
      </Output>
    </UnitTestResult>
    <UnitTestResult executionId="9bc39338-d805-4f7f-9c0b-5a2a788bdc59" testId="02be99a0-e115-418e-a301-f172f7c07bee" testName="Test4278" computerName="UA-LPT-OGA2" duration="00:00:00.0100000" startTime="2025-05-14T13:20:31.3146610Z" endTime="2025-05-14T13:25:31.3147553Z" testType="13cdc9d9-ddb5-4fa4-a97d-d965ccfc6d4b" outcome="Passed" testListId="1d810479-ecc9-4fdb-9985-45aed3a29109" />
    <UnitTestResult executionId="d6c960f6-a76b-4ed3-8846-a669f5bfc099" testId="06c1eafb-9574-4972-b5d1-2967ccaef38f" testName="Test4279" computerName="UA-LPT-OGA2" duration="00:00:01.6800000" startTime="2025-05-14T13:20:31.3146610Z" endTime="2025-05-14T13:25:31.3147553Z" testType="13cdc9d9-ddb5-4fa4-a97d-d965ccfc6d4b" outcome="Passed" testListId="1d810479-ecc9-4fdb-9985-45aed3a29109" />
    <UnitTestResult executionId="974f9d61-8273-4b6f-b430-c902814bb747" testId="6dd75f39-f9af-477c-a1a7-b4ac41f07d2c" testName="Test4280" computerName="UA-LPT-OGA2" duration="00:00:00.8050000" startTime="2025-05-14T13:20:31.3146610Z" endTime="2025-05-14T13:25:31.3147553Z" testType="13cdc9d9-ddb5-4fa4-a97d-d965ccfc6d4b" outcome="Passed" testListId="1d810479-ecc9-4fdb-9985-45aed3a29109" />
    <UnitTestResult executionId="a01f4d8d-cb24-4448-b15c-ca9653a7bb25" testId="ccff6d2d-0b2c-488d-8a61-7e773c18178f" testName="Test4281" computerName="UA-LPT-OGA2" duration="00:00:01.5380000" startTime="2025-05-14T13:20:31.3146610Z" endTime="2025-05-14T13:25:31.3147553Z" testType="13cdc9d9-ddb5-4fa4-a97d-d965ccfc6d4b" outcome="Passed" testListId="1d810479-ecc9-4fdb-9985-45aed3a29109" />
    <UnitTestResult executionId="24a8d6c1-9e5c-4015-ba5c-053e44417b15" testId="f4828f8f-e629-4364-af64-ad288282947e" testName="Test4282" computerName="UA-LPT-OGA2" duration="00:00:00.2640000" startTime="2025-05-14T13:20:31.3146610Z" endTime="2025-05-14T13:25:31.3147553Z" testType="13cdc9d9-ddb5-4fa4-a97d-d965ccfc6d4b" outcome="Passed" testListId="1d810479-ecc9-4fdb-9985-45aed3a29109" />
    <UnitTestResult executionId="87801393-e0eb-4739-9f16-c6e54e380154" testId="d684c5ae-4547-4a3c-8415-6c47f9f2bfe0" testName="Test4283" computerName="UA-LPT-OGA2" duration="00:00:01.8950000" startTime="2025-05-14T13:20:31.3146610Z" endTime="2025-05-14T13:25:31.3147553Z" testType="13cdc9d9-ddb5-4fa4-a97d-d965ccfc6d4b" outcome="Passed" testListId="1d810479-ecc9-4fdb-9985-45aed3a29109" />
    <UnitTestResult executionId="92a04b64-49d7-4aba-b10d-458f3952bab0" testId="f3d3135d-d420-4559-8d64-649350264545" testName="Test4284" computerName="UA-LPT-OGA2" duration="00:00:00.6620000" startTime="2025-05-14T13:20:31.3146610Z" endTime="2025-05-14T13:25:31.3147553Z" testType="13cdc9d9-ddb5-4fa4-a97d-d965ccfc6d4b" outcome="Failed" testListId="1d810479-ecc9-4fdb-9985-45aed3a29109">
      <Output>
        <ErrorInfo>
          <Message>Assertion failed: Expected value did not match actual value.</Message>
          <StackTrace>   at TestNamespace.TestClass.Test() in TestClass.cs:line 363</StackTrace>
        </ErrorInfo>
      </Output>
    </UnitTestResult>
    <UnitTestResult executionId="6a566b12-91f1-41cc-afc0-e2d69b7d122c" testId="3f2077ca-5faa-4eb2-bd0d-58a01ff214e1" testName="Test4285" computerName="UA-LPT-OGA2" duration="00:00:00.9790000" startTime="2025-05-14T13:20:31.3146610Z" endTime="2025-05-14T13:25:31.3147553Z" testType="13cdc9d9-ddb5-4fa4-a97d-d965ccfc6d4b" outcome="Passed" testListId="1d810479-ecc9-4fdb-9985-45aed3a29109" />
    <UnitTestResult executionId="ebfde96b-9b1c-429f-b6c1-f10dfce2a6c1" testId="7a1f514e-2f1e-4c60-8050-3ffdeca6e600" testName="Test4286" computerName="UA-LPT-OGA2" duration="00:00:01.7780000" startTime="2025-05-14T13:20:31.3146610Z" endTime="2025-05-14T13:25:31.3147553Z" testType="13cdc9d9-ddb5-4fa4-a97d-d965ccfc6d4b" outcome="Passed" testListId="1d810479-ecc9-4fdb-9985-45aed3a29109" />
    <UnitTestResult executionId="403b5e18-f7c1-481b-b9f9-4097fddeff25" testId="4e7d599f-8ce5-412b-a20b-f24fa458efbc" testName="Test4287" computerName="UA-LPT-OGA2" duration="00:00:01.5970000" startTime="2025-05-14T13:20:31.3146610Z" endTime="2025-05-14T13:25:31.3147553Z" testType="13cdc9d9-ddb5-4fa4-a97d-d965ccfc6d4b" outcome="Passed" testListId="1d810479-ecc9-4fdb-9985-45aed3a29109" />
    <UnitTestResult executionId="e12b5220-80f8-4ebf-b612-cc33d83cbfc2" testId="500fdcdd-79f3-4b25-8e59-b4604e8faaa9" testName="Test4288" computerName="UA-LPT-OGA2" duration="00:00:01.9860000" startTime="2025-05-14T13:20:31.3146610Z" endTime="2025-05-14T13:25:31.3147553Z" testType="13cdc9d9-ddb5-4fa4-a97d-d965ccfc6d4b" outcome="Passed" testListId="1d810479-ecc9-4fdb-9985-45aed3a29109" />
    <UnitTestResult executionId="47c05c21-acf8-4e88-ab02-bcee167d2352" testId="8e85532c-9185-46da-87e8-18dcc9167cce" testName="Test4289" computerName="UA-LPT-OGA2" duration="00:00:00.8470000" startTime="2025-05-14T13:20:31.3146610Z" endTime="2025-05-14T13:25:31.3147553Z" testType="13cdc9d9-ddb5-4fa4-a97d-d965ccfc6d4b" outcome="Passed" testListId="1d810479-ecc9-4fdb-9985-45aed3a29109" />
    <UnitTestResult executionId="192c3418-a0c5-48dd-b04b-aa5d7921e85e" testId="284832d7-38a6-42bc-82a4-78d9533413eb" testName="Test4290" computerName="UA-LPT-OGA2" duration="00:00:01.1630000" startTime="2025-05-14T13:20:31.3146610Z" endTime="2025-05-14T13:25:31.3147553Z" testType="13cdc9d9-ddb5-4fa4-a97d-d965ccfc6d4b" outcome="Passed" testListId="1d810479-ecc9-4fdb-9985-45aed3a29109" />
    <UnitTestResult executionId="e1dce858-3ff4-4749-a963-aed07d94be56" testId="30271587-68da-4ab7-b11e-5ad0927f88d0" testName="Test4291" computerName="UA-LPT-OGA2" duration="00:00:01.7520000" startTime="2025-05-14T13:20:31.3146610Z" endTime="2025-05-14T13:25:31.3147553Z" testType="13cdc9d9-ddb5-4fa4-a97d-d965ccfc6d4b" outcome="Passed" testListId="1d810479-ecc9-4fdb-9985-45aed3a29109" />
    <UnitTestResult executionId="4de6e564-c442-41c2-9e47-5d4a502aac91" testId="7410b5fc-fbcf-4df7-a836-6554aa48436f" testName="Test4292" computerName="UA-LPT-OGA2" duration="00:00:00.3440000" startTime="2025-05-14T13:20:31.3146610Z" endTime="2025-05-14T13:25:31.3147553Z" testType="13cdc9d9-ddb5-4fa4-a97d-d965ccfc6d4b" outcome="Passed" testListId="1d810479-ecc9-4fdb-9985-45aed3a29109" />
    <UnitTestResult executionId="e02178eb-ba6f-4fa3-b3f9-e89539e7579a" testId="81e6511b-d222-45ce-89d8-a616ff02c430" testName="Test4293" computerName="UA-LPT-OGA2" duration="00:00:00.3840000" startTime="2025-05-14T13:20:31.3146610Z" endTime="2025-05-14T13:25:31.3147553Z" testType="13cdc9d9-ddb5-4fa4-a97d-d965ccfc6d4b" outcome="Passed" testListId="1d810479-ecc9-4fdb-9985-45aed3a29109" />
    <UnitTestResult executionId="d81f18be-216c-479c-a1c9-9e53a6eedaee" testId="d694aa31-c558-4647-8bd3-3a250dee92d9" testName="Test4294" computerName="UA-LPT-OGA2" duration="00:00:00.9440000" startTime="2025-05-14T13:20:31.3146610Z" endTime="2025-05-14T13:25:31.3147553Z" testType="13cdc9d9-ddb5-4fa4-a97d-d965ccfc6d4b" outcome="Passed" testListId="1d810479-ecc9-4fdb-9985-45aed3a29109" />
    <UnitTestResult executionId="1ca0c57a-50a4-4958-8ed1-d77d80dfd56c" testId="3a170112-adfe-4f1a-8fc9-89592bbb498a" testName="Test4295" computerName="UA-LPT-OGA2" duration="00:00:01.4210000" startTime="2025-05-14T13:20:31.3146610Z" endTime="2025-05-14T13:25:31.3147553Z" testType="13cdc9d9-ddb5-4fa4-a97d-d965ccfc6d4b" outcome="Passed" testListId="1d810479-ecc9-4fdb-9985-45aed3a29109" />
    <UnitTestResult executionId="2cb7cc55-8860-4f66-98da-ecfa98f725dc" testId="46605757-a0c0-4b8f-8e5a-7169ae9e9ba7" testName="Test4296" computerName="UA-LPT-OGA2" duration="00:00:00.2930000" startTime="2025-05-14T13:20:31.3146610Z" endTime="2025-05-14T13:25:31.3147553Z" testType="13cdc9d9-ddb5-4fa4-a97d-d965ccfc6d4b" outcome="Passed" testListId="1d810479-ecc9-4fdb-9985-45aed3a29109" />
    <UnitTestResult executionId="4f3d304c-a96b-4daf-896f-291c5fdf42c1" testId="d1ec38d3-7abe-4b79-8ae9-afca1a5098a1" testName="Test4297" computerName="UA-LPT-OGA2" duration="00:00:01.5350000" startTime="2025-05-14T13:20:31.3146610Z" endTime="2025-05-14T13:25:31.3147553Z" testType="13cdc9d9-ddb5-4fa4-a97d-d965ccfc6d4b" outcome="Failed" testListId="1d810479-ecc9-4fdb-9985-45aed3a29109">
      <Output>
        <ErrorInfo>
          <Message>Assertion failed: Expected value did not match actual value.</Message>
          <StackTrace>   at TestNamespace.TestClass.Test() in TestClass.cs:line 488</StackTrace>
        </ErrorInfo>
      </Output>
    </UnitTestResult>
    <UnitTestResult executionId="02cf4987-ca34-4357-9d45-b77342d7e623" testId="6ea65652-00fe-460b-96ea-764e523dc39d" testName="Test4298" computerName="UA-LPT-OGA2" duration="00:00:00.4860000" startTime="2025-05-14T13:20:31.3146610Z" endTime="2025-05-14T13:25:31.3147553Z" testType="13cdc9d9-ddb5-4fa4-a97d-d965ccfc6d4b" outcome="Passed" testListId="1d810479-ecc9-4fdb-9985-45aed3a29109" />
    <UnitTestResult executionId="4dc7d4c3-17f7-401d-838b-84e7b7e596b8" testId="28b2f72f-3c6d-41d0-af82-81cc7ffdad2d" testName="Test4299" computerName="UA-LPT-OGA2" duration="00:00:01.4810000" startTime="2025-05-14T13:20:31.3146610Z" endTime="2025-05-14T13:25:31.3147553Z" testType="13cdc9d9-ddb5-4fa4-a97d-d965ccfc6d4b" outcome="Passed" testListId="1d810479-ecc9-4fdb-9985-45aed3a29109" />
    <UnitTestResult executionId="76426e20-48d4-48d6-8cb6-c28165d128f1" testId="02a0acdd-bf6b-44db-abe2-15830a5618d1" testName="Test4300" computerName="UA-LPT-OGA2" duration="00:00:01.3010000" startTime="2025-05-14T13:20:31.3146610Z" endTime="2025-05-14T13:25:31.3147553Z" testType="13cdc9d9-ddb5-4fa4-a97d-d965ccfc6d4b" outcome="Passed" testListId="1d810479-ecc9-4fdb-9985-45aed3a29109" />
  </Results>
  <TestDefinitions>
    <UnitTest name="Test4201" id="b25ac82c-0452-4de3-9f59-8b4a91666d5a" storage="TestAssembly.dll">
      <Execution id="939fcbfa-217a-4ea5-b2b5-f27ff57d6291" />
      <TestMethod codeBase="TestAssembly.dll" className="TestNamespace.TestClass1" name="Test4201" />
    </UnitTest>
    <UnitTest name="Test4202" id="3b2f77bd-b67b-4a81-abf9-ca12b43c479e" storage="TestAssembly.dll">
      <Execution id="33204ef9-942e-41bf-becb-eba290055979" />
      <TestMethod codeBase="TestAssembly.dll" className="TestNamespace.TestClass1" name="Test4202" />
    </UnitTest>
    <UnitTest name="Test4203" id="7914dcc1-ee21-4a37-87fe-183a8fe80a15" storage="TestAssembly.dll">
      <Execution id="9119acec-c9e3-4c69-a997-f7f04f560f23" />
      <TestMethod codeBase="TestAssembly.dll" className="TestNamespace.TestClass1" name="Test4203" />
    </UnitTest>
    <UnitTest name="Test4204" id="1bdc962f-7139-40ac-801b-0def8ebcb2f1" storage="TestAssembly.dll">
      <Execution id="aa47a81a-f88c-4e26-a712-0f64c8f58aa9" />
      <TestMethod codeBase="TestAssembly.dll" className="TestNamespace.TestClass1" name="Test4204" />
    </UnitTest>
    <UnitTest name="Test4205" id="e3d92387-56a0-482c-962a-89b91a32dd93" storage="TestAssembly.dll">
      <Execution id="a7605c7d-6577-44ac-af42-eb739549775e" />
      <TestMethod codeBase="TestAssembly.dll" className="TestNamespace.TestClass1" name="Test4205" />
    </UnitTest>
    <UnitTest name="Test4206" id="595a58b6-618e-429b-b5e1-050573410f66" storage="TestAssembly.dll">
      <Execution id="91b82901-4ea9-4e87-8f28-9ba870be179a" />
      <TestMethod codeBase="TestAssembly.dll" className="TestNamespace.TestClass1" name="Test4206" />
    </UnitTest>
    <UnitTest name="Test4207" id="213e9c77-1328-49d4-bf46-003043233f47" storage="TestAssembly.dll">
      <Execution id="f3fcfef1-4909-4cbb-a8ff-71b90438a19d" />
      <TestMethod codeBase="TestAssembly.dll" className="TestNamespace.TestClass1" name="Test4207" />
    </UnitTest>
    <UnitTest name="Test4208" id="008f7edd-9228-4d07-a1da-f4e979ba069e" storage="TestAssembly.dll">
      <Execution id="179328fd-ef82-4c51-9a54-66567fa235c6" />
      <TestMethod codeBase="TestAssembly.dll" className="TestNamespace.TestClass1" name="Test4208" />
    </UnitTest>
    <UnitTest name="Test4209" id="6822c836-d7ee-4035-b6d5-cd31164383a1" storage="TestAssembly.dll">
      <Execution id="7481986f-0c63-442f-8493-8c776556dbd2" />
      <TestMethod codeBase="TestAssembly.dll" className="TestNamespace.TestClass1" name="Test4209" />
    </UnitTest>
    <UnitTest name="Test4210" id="19f4e09e-ec46-4915-a9af-0a75f9e6df94" storage="TestAssembly.dll">
      <Execution id="2486cd3f-b2c2-4de0-894c-28f444746c10" />
      <TestMethod codeBase="TestAssembly.dll" className="TestNamespace.TestClass1" name="Test4210" />
    </UnitTest>
    <UnitTest name="Test4211" id="c0ab7f13-f88e-4b0a-b209-ce5146ee0484" storage="TestAssembly.dll">
      <Execution id="553a2555-e29b-4592-8260-278d87dcc957" />
      <TestMethod codeBase="TestAssembly.dll" className="TestNamespace.TestClass2" name="Test4211" />
    </UnitTest>
    <UnitTest name="Test4212" id="743c27dd-8bb4-468b-8ff3-7f2c0f1e4d36" storage="TestAssembly.dll">
      <Execution id="e8c0cb32-7f1e-46f7-9414-de0a0af8cd99" />
      <TestMethod codeBase="TestAssembly.dll" className="TestNamespace.TestClass2" name="Test4212" />
    </UnitTest>
    <UnitTest name="Test4213" id="6fac426b-8703-48a2-8b9f-7d5daf8e17bf" storage="TestAssembly.dll">
      <Execution id="1aa4d8d5-63e0-4e6d-9699-80d86bf36d5e" />
      <TestMethod codeBase="TestAssembly.dll" className="TestNamespace.TestClass2" name="Test4213" />
    </UnitTest>
    <UnitTest name="Test4214" id="2f5b7edc-0aa0-494f-87c9-eb568f547f83" storage="TestAssembly.dll">
      <Execution id="1cad8b5b-0097-405b-9a08-fc59c2dafad1" />
      <TestMethod codeBase="TestAssembly.dll" className="TestNamespace.TestClass2" name="Test4214" />
    </UnitTest>
    <UnitTest name="Test4215" id="d7c634f3-6e8f-4e65-97f5-fc770ad5d2dc" storage="TestAssembly.dll">
      <Execution id="35263147-4d8c-4411-a0c9-1c706492f261" />
      <TestMethod codeBase="TestAssembly.dll" className="TestNamespace.TestClass2" name="Test4215" />
    </UnitTest>
    <UnitTest name="Test4216" id="42aaf92d-fedb-4a0d-a76e-caaf6535cfff" storage="TestAssembly.dll">
      <Execution id="7a5e1335-efaa-45ed-b1e5-3e87bbc3acaf" />
      <TestMethod codeBase="TestAssembly.dll" className="TestNamespace.TestClass2" name="Test4216" />
    </UnitTest>
    <UnitTest name="Test4217" id="1353d077-090d-4c11-8bbe-acaa32add550" storage="TestAssembly.dll">
      <Execution id="e60790c0-57ec-49fa-992c-58e0d4425a5d" />
      <TestMethod codeBase="TestAssembly.dll" className="TestNamespace.TestClass2" name="Test4217" />
    </UnitTest>
    <UnitTest name="Test4218" id="43dd40a1-c1a1-47a3-b687-876f0d23dda1" storage="TestAssembly.dll">
      <Execution id="5821abc7-316b-4694-87b6-e749b7ba3452" />
      <TestMethod codeBase="TestAssembly.dll" className="TestNamespace.TestClass2" name="Test4218" />
    </UnitTest>
    <UnitTest name="Test4219" id="a32a820e-8ab4-4308-acf2-10eae8f643d6" storage="TestAssembly.dll">
      <Execution id="4e17ca98-c938-422f-b3b9-7c569f7e6cd3" />
      <TestMethod codeBase="TestAssembly.dll" className="TestNamespace.TestClass2" name="Test4219" />
    </UnitTest>
    <UnitTest name="Test4220" id="eab62ab4-5c87-4083-8cd4-baa5e431eb5c" storage="TestAssembly.dll">
      <Execution id="3a45a253-2e8e-4653-8e8c-947771bed6e2" />
      <TestMethod codeBase="TestAssembly.dll" className="TestNamespace.TestClass2" name="Test4220" />
    </UnitTest>
    <UnitTest name="Test4221" id="7580fb1c-3191-4131-a553-9cf12f02f266" storage="TestAssembly.dll">
      <Execution id="58f85b1c-0ca3-4e0e-90ef-5da5371df568" />
      <TestMethod codeBase="TestAssembly.dll" className="TestNamespace.TestClass3" name="Test4221" />
    </UnitTest>
    <UnitTest name="Test4222" id="f9be5d2c-da4e-4a08-a464-acd2fc220f4e" storage="TestAssembly.dll">
      <Execution id="8d0197b7-2dec-4b4a-810f-3f42de620126" />
      <TestMethod codeBase="TestAssembly.dll" className="TestNamespace.TestClass3" name="Test4222" />
    </UnitTest>
    <UnitTest name="Test4223" id="edc5ac1c-7a13-43c4-b8ec-059e4554249c" storage="TestAssembly.dll">
      <Execution id="ce468310-abf3-4ccb-9c81-f64e7234da8d" />
      <TestMethod codeBase="TestAssembly.dll" className="TestNamespace.TestClass3" name="Test4223" />
    </UnitTest>
    <UnitTest name="Test4224" id="b9def4bf-aada-4dcb-8211-d37fe400bcc1" storage="TestAssembly.dll">
      <Execution id="a1786cfe-930c-4e97-9f45-a9a363b98892" />
      <TestMethod codeBase="TestAssembly.dll" className="TestNamespace.TestClass3" name="Test4224" />
    </UnitTest>
    <UnitTest name="Test4225" id="c480c191-b436-4f6e-a54b-04eeb561946d" storage="TestAssembly.dll">
      <Execution id="ff4cad25-e370-44e1-84f5-3976f4f23a98" />
      <TestMethod codeBase="TestAssembly.dll" className="TestNamespace.TestClass3" name="Test4225" />
    </UnitTest>
    <UnitTest name="Test4226" id="dc50a5ff-a0f8-41b0-8433-7e6bfe077113" storage="TestAssembly.dll">
      <Execution id="cb37ba3c-5ee7-49e8-9d9d-9022d667c510" />
      <TestMethod codeBase="TestAssembly.dll" className="TestNamespace.TestClass3" name="Test4226" />
    </UnitTest>
    <UnitTest name="Test4227" id="aef9c1e4-a56b-468f-ba81-661caa716e82" storage="TestAssembly.dll">
      <Execution id="4f2eefca-71cf-4c58-b98c-6a7a52cf3b5d" />
      <TestMethod codeBase="TestAssembly.dll" className="TestNamespace.TestClass3" name="Test4227" />
    </UnitTest>
    <UnitTest name="Test4228" id="95ab5cd1-abeb-471b-a115-353b14e93fcb" storage="TestAssembly.dll">
      <Execution id="d9500fb0-fefe-4451-b3a4-6eff3e57d42e" />
      <TestMethod codeBase="TestAssembly.dll" className="TestNamespace.TestClass3" name="Test4228" />
    </UnitTest>
    <UnitTest name="Test4229" id="da040b93-897b-44af-b96c-8b4f2af22c30" storage="TestAssembly.dll">
      <Execution id="d5c3ec37-ebb6-4ae5-a236-4da303637a89" />
      <TestMethod codeBase="TestAssembly.dll" className="TestNamespace.TestClass3" name="Test4229" />
    </UnitTest>
    <UnitTest name="Test4230" id="51d0bda1-7a5d-451d-8584-5fbd41168583" storage="TestAssembly.dll">
      <Execution id="e56292cd-1675-4bc6-a983-b0bf20c2fe54" />
      <TestMethod codeBase="TestAssembly.dll" className="TestNamespace.TestClass3" name="Test4230" />
    </UnitTest>
    <UnitTest name="Test4231" id="08df1af0-4c78-4858-a455-d81fdfaecbf7" storage="TestAssembly.dll">
      <Execution id="3ea5c1f0-99c1-44ea-bbe4-0aa0273f5783" />
      <TestMethod codeBase="TestAssembly.dll" className="TestNamespace.TestClass4" name="Test4231" />
    </UnitTest>
    <UnitTest name="Test4232" id="ab659a7c-9eb1-4208-a9b1-b26d19437630" storage="TestAssembly.dll">
      <Execution id="7e92f979-0c96-463c-a445-efe3e842a80d" />
      <TestMethod codeBase="TestAssembly.dll" className="TestNamespace.TestClass4" name="Test4232" />
    </UnitTest>
    <UnitTest name="Test4233" id="e05d0984-dba5-4048-9151-ec8a74b8ead8" storage="TestAssembly.dll">
      <Execution id="bb319242-c716-447f-9f67-5999f5b6e1d5" />
      <TestMethod codeBase="TestAssembly.dll" className="TestNamespace.TestClass4" name="Test4233" />
    </UnitTest>
    <UnitTest name="Test4234" id="29c7be01-4ef5-4700-8a67-d8cc2cada3a6" storage="TestAssembly.dll">
      <Execution id="2acc4ded-419e-444d-9cd8-7b8cb4e656f5" />
      <TestMethod codeBase="TestAssembly.dll" className="TestNamespace.TestClass4" name="Test4234" />
    </UnitTest>
    <UnitTest name="Test4235" id="0d9620ab-8bed-417d-97b2-2d8290608abf" storage="TestAssembly.dll">
      <Execution id="8b54330a-1506-4cc2-a35d-1f4d4553e385" />
      <TestMethod codeBase="TestAssembly.dll" className="TestNamespace.TestClass4" name="Test4235" />
    </UnitTest>
    <UnitTest name="Test4236" id="fade4a4e-1c5b-49c9-aa08-90463b887f83" storage="TestAssembly.dll">
      <Execution id="76e5f6b7-6155-444c-8896-41cb91e5e2c1" />
      <TestMethod codeBase="TestAssembly.dll" className="TestNamespace.TestClass4" name="Test4236" />
    </UnitTest>
    <UnitTest name="Test4237" id="736ee416-fd1e-4bcc-93d9-3a89eb13bf68" storage="TestAssembly.dll">
      <Execution id="51a0855e-41e7-4115-8709-3569bd5f5d0a" />
      <TestMethod codeBase="TestAssembly.dll" className="TestNamespace.TestClass4" name="Test4237" />
    </UnitTest>
    <UnitTest name="Test4238" id="75ed7265-3cfe-4802-b80b-f7a57ef085ff" storage="TestAssembly.dll">
      <Execution id="dcdce00a-4d77-47fe-bd1b-3451dce2a608" />
      <TestMethod codeBase="TestAssembly.dll" className="TestNamespace.TestClass4" name="Test4238" />
    </UnitTest>
    <UnitTest name="Test4239" id="4525197a-c920-4661-9e60-661fd93f9300" storage="TestAssembly.dll">
      <Execution id="8249b2c5-a1bc-4568-b943-55b4cc5a663b" />
      <TestMethod codeBase="TestAssembly.dll" className="TestNamespace.TestClass4" name="Test4239" />
    </UnitTest>
    <UnitTest name="Test4240" id="009d2839-f40d-4ffe-a1c6-f00491645d73" storage="TestAssembly.dll">
      <Execution id="99e9db33-d963-4b6d-9a95-c439b4854d31" />
      <TestMethod codeBase="TestAssembly.dll" className="TestNamespace.TestClass4" name="Test4240" />
    </UnitTest>
    <UnitTest name="Test4241" id="1ade6bd1-3657-4c6d-884c-83d8273b0f98" storage="TestAssembly.dll">
      <Execution id="f7ab3c17-ee70-4cbe-aaa8-a5b2655834b5" />
      <TestMethod codeBase="TestAssembly.dll" className="TestNamespace.TestClass5" name="Test4241" />
    </UnitTest>
    <UnitTest name="Test4242" id="91a636b7-5271-4e0b-8d26-ee09e22ddf85" storage="TestAssembly.dll">
      <Execution id="76a88b34-5e80-4589-b017-88bc57ea7abc" />
      <TestMethod codeBase="TestAssembly.dll" className="TestNamespace.TestClass5" name="Test4242" />
    </UnitTest>
    <UnitTest name="Test4243" id="a7cc5853-9aa9-4cde-8a78-ea8431d01640" storage="TestAssembly.dll">
      <Execution id="8c5280ff-70ca-4115-a52e-8d92d10eab9e" />
      <TestMethod codeBase="TestAssembly.dll" className="TestNamespace.TestClass5" name="Test4243" />
    </UnitTest>
    <UnitTest name="Test4244" id="44ddfe88-e5f0-443d-b5de-9d1492875ea3" storage="TestAssembly.dll">
      <Execution id="21e29d2d-c72c-4427-8323-82de34b8a452" />
      <TestMethod codeBase="TestAssembly.dll" className="TestNamespace.TestClass5" name="Test4244" />
    </UnitTest>
    <UnitTest name="Test4245" id="d8834fa8-cb96-47a9-b6bf-0a481f32231d" storage="TestAssembly.dll">
      <Execution id="8f191699-44ba-43e1-a385-7292ddfeec70" />
      <TestMethod codeBase="TestAssembly.dll" className="TestNamespace.TestClass5" name="Test4245" />
    </UnitTest>
    <UnitTest name="Test4246" id="e73dc695-fe4a-404f-8428-2768b5f2cb42" storage="TestAssembly.dll">
      <Execution id="af07e9a4-82e1-49ba-9426-d03a89463e2e" />
      <TestMethod codeBase="TestAssembly.dll" className="TestNamespace.TestClass5" name="Test4246" />
    </UnitTest>
    <UnitTest name="Test4247" id="a2680aae-7728-4df1-ba3e-f3a748ddac0f" storage="TestAssembly.dll">
      <Execution id="b1f673ef-ad5a-4eff-8f19-0306fea4366a" />
      <TestMethod codeBase="TestAssembly.dll" className="TestNamespace.TestClass5" name="Test4247" />
    </UnitTest>
    <UnitTest name="Test4248" id="5156cd84-74fa-4fc8-b94b-e4fc3c234ad2" storage="TestAssembly.dll">
      <Execution id="cdf34ad0-8e71-4841-ad55-c6028788f914" />
      <TestMethod codeBase="TestAssembly.dll" className="TestNamespace.TestClass5" name="Test4248" />
    </UnitTest>
    <UnitTest name="Test4249" id="6a7b502c-d23d-4f23-a8f1-0beaca190b5c" storage="TestAssembly.dll">
      <Execution id="92a4f42f-5c10-469c-9734-728463d87204" />
      <TestMethod codeBase="TestAssembly.dll" className="TestNamespace.TestClass5" name="Test4249" />
    </UnitTest>
    <UnitTest name="Test4250" id="9484077b-1972-4829-b43e-2dbb801474f9" storage="TestAssembly.dll">
      <Execution id="3f0e0df0-6293-434f-9ed0-c10c0b36caaf" />
      <TestMethod codeBase="TestAssembly.dll" className="TestNamespace.TestClass5" name="Test4250" />
    </UnitTest>
    <UnitTest name="Test4251" id="22c13b1b-cb8a-4cd5-b04c-582282fe4c6f" storage="TestAssembly.dll">
      <Execution id="3b5427e8-0bd6-4e00-bdfe-9cea34840a7d" />
      <TestMethod codeBase="TestAssembly.dll" className="TestNamespace.TestClass6" name="Test4251" />
    </UnitTest>
    <UnitTest name="Test4252" id="d70a82c2-d119-4d5d-b045-6e549d4f85e3" storage="TestAssembly.dll">
      <Execution id="c214d2de-d12b-4816-8fc5-6285731f7f89" />
      <TestMethod codeBase="TestAssembly.dll" className="TestNamespace.TestClass6" name="Test4252" />
    </UnitTest>
    <UnitTest name="Test4253" id="237b8e57-4b95-45e4-844c-5bea2bebc661" storage="TestAssembly.dll">
      <Execution id="0fa6c759-c9d1-46b5-adb7-b3097dc2b846" />
      <TestMethod codeBase="TestAssembly.dll" className="TestNamespace.TestClass6" name="Test4253" />
    </UnitTest>
    <UnitTest name="Test4254" id="34613c44-6d8d-42d4-9bc8-39c99327c2e8" storage="TestAssembly.dll">
      <Execution id="ffcce062-4df4-4330-94a5-3086acb847f5" />
      <TestMethod codeBase="TestAssembly.dll" className="TestNamespace.TestClass6" name="Test4254" />
    </UnitTest>
    <UnitTest name="Test4255" id="eb2a45bb-9779-4851-b177-684cc8eb3864" storage="TestAssembly.dll">
      <Execution id="5c08c6fc-1361-42f8-ac05-359e4e2ab039" />
      <TestMethod codeBase="TestAssembly.dll" className="TestNamespace.TestClass6" name="Test4255" />
    </UnitTest>
    <UnitTest name="Test4256" id="2cae4302-aca6-4ede-8f90-d40ea966ac35" storage="TestAssembly.dll">
      <Execution id="c5a53a10-4e38-478c-b426-bb434d5a6d25" />
      <TestMethod codeBase="TestAssembly.dll" className="TestNamespace.TestClass6" name="Test4256" />
    </UnitTest>
    <UnitTest name="Test4257" id="e367e8c0-0275-4771-b274-967478993fe0" storage="TestAssembly.dll">
      <Execution id="8a0f23f2-d9a9-43fd-b52c-840a911f8714" />
      <TestMethod codeBase="TestAssembly.dll" className="TestNamespace.TestClass6" name="Test4257" />
    </UnitTest>
    <UnitTest name="Test4258" id="c83ebe40-74b4-4b90-a5ba-4262af7b82ff" storage="TestAssembly.dll">
      <Execution id="d328bdfa-c16e-4b5d-82db-5708f3f69f97" />
      <TestMethod codeBase="TestAssembly.dll" className="TestNamespace.TestClass6" name="Test4258" />
    </UnitTest>
    <UnitTest name="Test4259" id="0942383a-bb25-4559-a752-89f5c68c895b" storage="TestAssembly.dll">
      <Execution id="62480af2-0ae2-4d3a-b61f-b76c43c9a389" />
      <TestMethod codeBase="TestAssembly.dll" className="TestNamespace.TestClass6" name="Test4259" />
    </UnitTest>
    <UnitTest name="Test4260" id="a050d96d-c4b5-4032-8ae0-1e822ea4c138" storage="TestAssembly.dll">
      <Execution id="f7143088-67d8-49ef-a443-a57deff9e311" />
      <TestMethod codeBase="TestAssembly.dll" className="TestNamespace.TestClass6" name="Test4260" />
    </UnitTest>
    <UnitTest name="Test4261" id="b4c9ac5b-0c2f-4055-b7b0-cd18dd59ae9b" storage="TestAssembly.dll">
      <Execution id="fd9ab417-7226-4d64-a799-7b9ae3ed9f53" />
      <TestMethod codeBase="TestAssembly.dll" className="TestNamespace.TestClass7" name="Test4261" />
    </UnitTest>
    <UnitTest name="Test4262" id="77cf39f1-8793-4438-b80b-d5ce575e3181" storage="TestAssembly.dll">
      <Execution id="56fea2d1-be27-4513-abc6-8505e32eccbe" />
      <TestMethod codeBase="TestAssembly.dll" className="TestNamespace.TestClass7" name="Test4262" />
    </UnitTest>
    <UnitTest name="Test4263" id="39163451-654f-400a-9f6e-30ecf6421212" storage="TestAssembly.dll">
      <Execution id="41a12654-6e1f-4fdc-99f4-4cda15de17da" />
      <TestMethod codeBase="TestAssembly.dll" className="TestNamespace.TestClass7" name="Test4263" />
    </UnitTest>
    <UnitTest name="Test4264" id="ca0759a2-597b-4a25-8649-25a13cb38744" storage="TestAssembly.dll">
      <Execution id="2674ea48-f4aa-4731-8645-8c7e9172b55d" />
      <TestMethod codeBase="TestAssembly.dll" className="TestNamespace.TestClass7" name="Test4264" />
    </UnitTest>
    <UnitTest name="Test4265" id="09060cb9-e59b-4efc-a2d7-acf42745ed49" storage="TestAssembly.dll">
      <Execution id="1533d67d-0187-4d9b-9d69-b20c27815a1e" />
      <TestMethod codeBase="TestAssembly.dll" className="TestNamespace.TestClass7" name="Test4265" />
    </UnitTest>
    <UnitTest name="Test4266" id="0cf10000-8729-4618-93ee-7ed00ec15925" storage="TestAssembly.dll">
      <Execution id="49045b12-e33d-432f-82a9-4c1af5bef457" />
      <TestMethod codeBase="TestAssembly.dll" className="TestNamespace.TestClass7" name="Test4266" />
    </UnitTest>
    <UnitTest name="Test4267" id="f76ef6e9-0f47-4c33-9323-623cb24cf5ba" storage="TestAssembly.dll">
      <Execution id="4e492f9a-6257-4e82-af6b-44a3d9e78e63" />
      <TestMethod codeBase="TestAssembly.dll" className="TestNamespace.TestClass7" name="Test4267" />
    </UnitTest>
    <UnitTest name="Test4268" id="c982428e-448a-431b-a42f-ac27b435a7d2" storage="TestAssembly.dll">
      <Execution id="d9befc76-15a3-4877-b2fb-1ea616a85773" />
      <TestMethod codeBase="TestAssembly.dll" className="TestNamespace.TestClass7" name="Test4268" />
    </UnitTest>
    <UnitTest name="Test4269" id="a3e16cb3-0781-44be-968c-71259f05a204" storage="TestAssembly.dll">
      <Execution id="ddd06d62-6f08-449a-b57f-3bd95a8ef11e" />
      <TestMethod codeBase="TestAssembly.dll" className="TestNamespace.TestClass7" name="Test4269" />
    </UnitTest>
    <UnitTest name="Test4270" id="01193d61-1b81-4d4f-9205-96cd8eb3730c" storage="TestAssembly.dll">
      <Execution id="5a25c63d-ca3d-449b-8a47-e4d272b3f911" />
      <TestMethod codeBase="TestAssembly.dll" className="TestNamespace.TestClass7" name="Test4270" />
    </UnitTest>
    <UnitTest name="Test4271" id="26d694dd-017d-4453-9c32-2f8b8b1bf228" storage="TestAssembly.dll">
      <Execution id="e9468918-61c2-4836-9881-a66f20e3ee30" />
      <TestMethod codeBase="TestAssembly.dll" className="TestNamespace.TestClass8" name="Test4271" />
    </UnitTest>
    <UnitTest name="Test4272" id="3a52f82c-560d-4b06-b894-fe4cad04e4ad" storage="TestAssembly.dll">
      <Execution id="10201ac8-055a-4c3a-a378-97a523cc50fc" />
      <TestMethod codeBase="TestAssembly.dll" className="TestNamespace.TestClass8" name="Test4272" />
    </UnitTest>
    <UnitTest name="Test4273" id="d2f33fe4-14dd-42ff-996e-9346bbde4b26" storage="TestAssembly.dll">
      <Execution id="86bff642-c975-465e-9224-4fffbfada52c" />
      <TestMethod codeBase="TestAssembly.dll" className="TestNamespace.TestClass8" name="Test4273" />
    </UnitTest>
    <UnitTest name="Test4274" id="0d925196-1e15-4747-a11b-11a9db50a587" storage="TestAssembly.dll">
      <Execution id="804f649b-3c15-459e-82cd-f9d958527548" />
      <TestMethod codeBase="TestAssembly.dll" className="TestNamespace.TestClass8" name="Test4274" />
    </UnitTest>
    <UnitTest name="Test4275" id="6bc82ef6-a764-43e1-a40d-1a7d18938a72" storage="TestAssembly.dll">
      <Execution id="7a8849ad-7f18-419e-ba76-f6dbee0004a6" />
      <TestMethod codeBase="TestAssembly.dll" className="TestNamespace.TestClass8" name="Test4275" />
    </UnitTest>
    <UnitTest name="Test4276" id="983e0d57-f898-4b1c-aa77-59ef13f02b93" storage="TestAssembly.dll">
      <Execution id="860ca9b3-e017-4a7c-9d60-e3b5fc303e8e" />
      <TestMethod codeBase="TestAssembly.dll" className="TestNamespace.TestClass8" name="Test4276" />
    </UnitTest>
    <UnitTest name="Test4277" id="e3ef92c4-3d5a-41db-b9e8-e122dff328bd" storage="TestAssembly.dll">
      <Execution id="d7681894-02b4-4911-a1f3-ffb9aacda9e8" />
      <TestMethod codeBase="TestAssembly.dll" className="TestNamespace.TestClass8" name="Test4277" />
    </UnitTest>
    <UnitTest name="Test4278" id="02be99a0-e115-418e-a301-f172f7c07bee" storage="TestAssembly.dll">
      <Execution id="9bc39338-d805-4f7f-9c0b-5a2a788bdc59" />
      <TestMethod codeBase="TestAssembly.dll" className="TestNamespace.TestClass8" name="Test4278" />
    </UnitTest>
    <UnitTest name="Test4279" id="06c1eafb-9574-4972-b5d1-2967ccaef38f" storage="TestAssembly.dll">
      <Execution id="d6c960f6-a76b-4ed3-8846-a669f5bfc099" />
      <TestMethod codeBase="TestAssembly.dll" className="TestNamespace.TestClass8" name="Test4279" />
    </UnitTest>
    <UnitTest name="Test4280" id="6dd75f39-f9af-477c-a1a7-b4ac41f07d2c" storage="TestAssembly.dll">
      <Execution id="974f9d61-8273-4b6f-b430-c902814bb747" />
      <TestMethod codeBase="TestAssembly.dll" className="TestNamespace.TestClass8" name="Test4280" />
    </UnitTest>
    <UnitTest name="Test4281" id="ccff6d2d-0b2c-488d-8a61-7e773c18178f" storage="TestAssembly.dll">
      <Execution id="a01f4d8d-cb24-4448-b15c-ca9653a7bb25" />
      <TestMethod codeBase="TestAssembly.dll" className="TestNamespace.TestClass9" name="Test4281" />
    </UnitTest>
    <UnitTest name="Test4282" id="f4828f8f-e629-4364-af64-ad288282947e" storage="TestAssembly.dll">
      <Execution id="24a8d6c1-9e5c-4015-ba5c-053e44417b15" />
      <TestMethod codeBase="TestAssembly.dll" className="TestNamespace.TestClass9" name="Test4282" />
    </UnitTest>
    <UnitTest name="Test4283" id="d684c5ae-4547-4a3c-8415-6c47f9f2bfe0" storage="TestAssembly.dll">
      <Execution id="87801393-e0eb-4739-9f16-c6e54e380154" />
      <TestMethod codeBase="TestAssembly.dll" className="TestNamespace.TestClass9" name="Test4283" />
    </UnitTest>
    <UnitTest name="Test4284" id="f3d3135d-d420-4559-8d64-649350264545" storage="TestAssembly.dll">
      <Execution id="92a04b64-49d7-4aba-b10d-458f3952bab0" />
      <TestMethod codeBase="TestAssembly.dll" className="TestNamespace.TestClass9" name="Test4284" />
    </UnitTest>
    <UnitTest name="Test4285" id="3f2077ca-5faa-4eb2-bd0d-58a01ff214e1" storage="TestAssembly.dll">
      <Execution id="6a566b12-91f1-41cc-afc0-e2d69b7d122c" />
      <TestMethod codeBase="TestAssembly.dll" className="TestNamespace.TestClass9" name="Test4285" />
    </UnitTest>
    <UnitTest name="Test4286" id="7a1f514e-2f1e-4c60-8050-3ffdeca6e600" storage="TestAssembly.dll">
      <Execution id="ebfde96b-9b1c-429f-b6c1-f10dfce2a6c1" />
      <TestMethod codeBase="TestAssembly.dll" className="TestNamespace.TestClass9" name="Test4286" />
    </UnitTest>
    <UnitTest name="Test4287" id="4e7d599f-8ce5-412b-a20b-f24fa458efbc" storage="TestAssembly.dll">
      <Execution id="403b5e18-f7c1-481b-b9f9-4097fddeff25" />
      <TestMethod codeBase="TestAssembly.dll" className="TestNamespace.TestClass9" name="Test4287" />
    </UnitTest>
    <UnitTest name="Test4288" id="500fdcdd-79f3-4b25-8e59-b4604e8faaa9" storage="TestAssembly.dll">
      <Execution id="e12b5220-80f8-4ebf-b612-cc33d83cbfc2" />
      <TestMethod codeBase="TestAssembly.dll" className="TestNamespace.TestClass9" name="Test4288" />
    </UnitTest>
    <UnitTest name="Test4289" id="8e85532c-9185-46da-87e8-18dcc9167cce" storage="TestAssembly.dll">
      <Execution id="47c05c21-acf8-4e88-ab02-bcee167d2352" />
      <TestMethod codeBase="TestAssembly.dll" className="TestNamespace.TestClass9" name="Test4289" />
    </UnitTest>
    <UnitTest name="Test4290" id="284832d7-38a6-42bc-82a4-78d9533413eb" storage="TestAssembly.dll">
      <Execution id="192c3418-a0c5-48dd-b04b-aa5d7921e85e" />
      <TestMethod codeBase="TestAssembly.dll" className="TestNamespace.TestClass9" name="Test4290" />
    </UnitTest>
    <UnitTest name="Test4291" id="30271587-68da-4ab7-b11e-5ad0927f88d0" storage="TestAssembly.dll">
      <Execution id="e1dce858-3ff4-4749-a963-aed07d94be56" />
      <TestMethod codeBase="TestAssembly.dll" className="TestNamespace.TestClass10" name="Test4291" />
    </UnitTest>
    <UnitTest name="Test4292" id="7410b5fc-fbcf-4df7-a836-6554aa48436f" storage="TestAssembly.dll">
      <Execution id="4de6e564-c442-41c2-9e47-5d4a502aac91" />
      <TestMethod codeBase="TestAssembly.dll" className="TestNamespace.TestClass10" name="Test4292" />
    </UnitTest>
    <UnitTest name="Test4293" id="81e6511b-d222-45ce-89d8-a616ff02c430" storage="TestAssembly.dll">
      <Execution id="e02178eb-ba6f-4fa3-b3f9-e89539e7579a" />
      <TestMethod codeBase="TestAssembly.dll" className="TestNamespace.TestClass10" name="Test4293" />
    </UnitTest>
    <UnitTest name="Test4294" id="d694aa31-c558-4647-8bd3-3a250dee92d9" storage="TestAssembly.dll">
      <Execution id="d81f18be-216c-479c-a1c9-9e53a6eedaee" />
      <TestMethod codeBase="TestAssembly.dll" className="TestNamespace.TestClass10" name="Test4294" />
    </UnitTest>
    <UnitTest name="Test4295" id="3a170112-adfe-4f1a-8fc9-89592bbb498a" storage="TestAssembly.dll">
      <Execution id="1ca0c57a-50a4-4958-8ed1-d77d80dfd56c" />
      <TestMethod codeBase="TestAssembly.dll" className="TestNamespace.TestClass10" name="Test4295" />
    </UnitTest>
    <UnitTest name="Test4296" id="46605757-a0c0-4b8f-8e5a-7169ae9e9ba7" storage="TestAssembly.dll">
      <Execution id="2cb7cc55-8860-4f66-98da-ecfa98f725dc" />
      <TestMethod codeBase="TestAssembly.dll" className="TestNamespace.TestClass10" name="Test4296" />
    </UnitTest>
    <UnitTest name="Test4297" id="d1ec38d3-7abe-4b79-8ae9-afca1a5098a1" storage="TestAssembly.dll">
      <Execution id="4f3d304c-a96b-4daf-896f-291c5fdf42c1" />
      <TestMethod codeBase="TestAssembly.dll" className="TestNamespace.TestClass10" name="Test4297" />
    </UnitTest>
    <UnitTest name="Test4298" id="6ea65652-00fe-460b-96ea-764e523dc39d" storage="TestAssembly.dll">
      <Execution id="02cf4987-ca34-4357-9d45-b77342d7e623" />
      <TestMethod codeBase="TestAssembly.dll" className="TestNamespace.TestClass10" name="Test4298" />
    </UnitTest>
    <UnitTest name="Test4299" id="28b2f72f-3c6d-41d0-af82-81cc7ffdad2d" storage="TestAssembly.dll">
      <Execution id="4dc7d4c3-17f7-401d-838b-84e7b7e596b8" />
      <TestMethod codeBase="TestAssembly.dll" className="TestNamespace.TestClass10" name="Test4299" />
    </UnitTest>
    <UnitTest name="Test4300" id="02a0acdd-bf6b-44db-abe2-15830a5618d1" storage="TestAssembly.dll">
      <Execution id="76426e20-48d4-48d6-8cb6-c28165d128f1" />
      <TestMethod codeBase="TestAssembly.dll" className="TestNamespace.TestClass10" name="Test4300" />
    </UnitTest>
  </TestDefinitions>
  <TestEntries>
    <TestEntry testId="b25ac82c-0452-4de3-9f59-8b4a91666d5a" executionId="939fcbfa-217a-4ea5-b2b5-f27ff57d6291" testListId="1d810479-ecc9-4fdb-9985-45aed3a29109" />
    <TestEntry testId="3b2f77bd-b67b-4a81-abf9-ca12b43c479e" executionId="33204ef9-942e-41bf-becb-eba290055979" testListId="1d810479-ecc9-4fdb-9985-45aed3a29109" />
    <TestEntry testId="7914dcc1-ee21-4a37-87fe-183a8fe80a15" executionId="9119acec-c9e3-4c69-a997-f7f04f560f23" testListId="1d810479-ecc9-4fdb-9985-45aed3a29109" />
    <TestEntry testId="1bdc962f-7139-40ac-801b-0def8ebcb2f1" executionId="aa47a81a-f88c-4e26-a712-0f64c8f58aa9" testListId="1d810479-ecc9-4fdb-9985-45aed3a29109" />
    <TestEntry testId="e3d92387-56a0-482c-962a-89b91a32dd93" executionId="a7605c7d-6577-44ac-af42-eb739549775e" testListId="1d810479-ecc9-4fdb-9985-45aed3a29109" />
    <TestEntry testId="595a58b6-618e-429b-b5e1-050573410f66" executionId="91b82901-4ea9-4e87-8f28-9ba870be179a" testListId="1d810479-ecc9-4fdb-9985-45aed3a29109" />
    <TestEntry testId="213e9c77-1328-49d4-bf46-003043233f47" executionId="f3fcfef1-4909-4cbb-a8ff-71b90438a19d" testListId="1d810479-ecc9-4fdb-9985-45aed3a29109" />
    <TestEntry testId="008f7edd-9228-4d07-a1da-f4e979ba069e" executionId="179328fd-ef82-4c51-9a54-66567fa235c6" testListId="1d810479-ecc9-4fdb-9985-45aed3a29109" />
    <TestEntry testId="6822c836-d7ee-4035-b6d5-cd31164383a1" executionId="7481986f-0c63-442f-8493-8c776556dbd2" testListId="1d810479-ecc9-4fdb-9985-45aed3a29109" />
    <TestEntry testId="19f4e09e-ec46-4915-a9af-0a75f9e6df94" executionId="2486cd3f-b2c2-4de0-894c-28f444746c10" testListId="1d810479-ecc9-4fdb-9985-45aed3a29109" />
    <TestEntry testId="c0ab7f13-f88e-4b0a-b209-ce5146ee0484" executionId="553a2555-e29b-4592-8260-278d87dcc957" testListId="1d810479-ecc9-4fdb-9985-45aed3a29109" />
    <TestEntry testId="743c27dd-8bb4-468b-8ff3-7f2c0f1e4d36" executionId="e8c0cb32-7f1e-46f7-9414-de0a0af8cd99" testListId="1d810479-ecc9-4fdb-9985-45aed3a29109" />
    <TestEntry testId="6fac426b-8703-48a2-8b9f-7d5daf8e17bf" executionId="1aa4d8d5-63e0-4e6d-9699-80d86bf36d5e" testListId="1d810479-ecc9-4fdb-9985-45aed3a29109" />
    <TestEntry testId="2f5b7edc-0aa0-494f-87c9-eb568f547f83" executionId="1cad8b5b-0097-405b-9a08-fc59c2dafad1" testListId="1d810479-ecc9-4fdb-9985-45aed3a29109" />
    <TestEntry testId="d7c634f3-6e8f-4e65-97f5-fc770ad5d2dc" executionId="35263147-4d8c-4411-a0c9-1c706492f261" testListId="1d810479-ecc9-4fdb-9985-45aed3a29109" />
    <TestEntry testId="42aaf92d-fedb-4a0d-a76e-caaf6535cfff" executionId="7a5e1335-efaa-45ed-b1e5-3e87bbc3acaf" testListId="1d810479-ecc9-4fdb-9985-45aed3a29109" />
    <TestEntry testId="1353d077-090d-4c11-8bbe-acaa32add550" executionId="e60790c0-57ec-49fa-992c-58e0d4425a5d" testListId="1d810479-ecc9-4fdb-9985-45aed3a29109" />
    <TestEntry testId="43dd40a1-c1a1-47a3-b687-876f0d23dda1" executionId="5821abc7-316b-4694-87b6-e749b7ba3452" testListId="1d810479-ecc9-4fdb-9985-45aed3a29109" />
    <TestEntry testId="a32a820e-8ab4-4308-acf2-10eae8f643d6" executionId="4e17ca98-c938-422f-b3b9-7c569f7e6cd3" testListId="1d810479-ecc9-4fdb-9985-45aed3a29109" />
    <TestEntry testId="eab62ab4-5c87-4083-8cd4-baa5e431eb5c" executionId="3a45a253-2e8e-4653-8e8c-947771bed6e2" testListId="1d810479-ecc9-4fdb-9985-45aed3a29109" />
    <TestEntry testId="7580fb1c-3191-4131-a553-9cf12f02f266" executionId="58f85b1c-0ca3-4e0e-90ef-5da5371df568" testListId="1d810479-ecc9-4fdb-9985-45aed3a29109" />
    <TestEntry testId="f9be5d2c-da4e-4a08-a464-acd2fc220f4e" executionId="8d0197b7-2dec-4b4a-810f-3f42de620126" testListId="1d810479-ecc9-4fdb-9985-45aed3a29109" />
    <TestEntry testId="edc5ac1c-7a13-43c4-b8ec-059e4554249c" executionId="ce468310-abf3-4ccb-9c81-f64e7234da8d" testListId="1d810479-ecc9-4fdb-9985-45aed3a29109" />
    <TestEntry testId="b9def4bf-aada-4dcb-8211-d37fe400bcc1" executionId="a1786cfe-930c-4e97-9f45-a9a363b98892" testListId="1d810479-ecc9-4fdb-9985-45aed3a29109" />
    <TestEntry testId="c480c191-b436-4f6e-a54b-04eeb561946d" executionId="ff4cad25-e370-44e1-84f5-3976f4f23a98" testListId="1d810479-ecc9-4fdb-9985-45aed3a29109" />
    <TestEntry testId="dc50a5ff-a0f8-41b0-8433-7e6bfe077113" executionId="cb37ba3c-5ee7-49e8-9d9d-9022d667c510" testListId="1d810479-ecc9-4fdb-9985-45aed3a29109" />
    <TestEntry testId="aef9c1e4-a56b-468f-ba81-661caa716e82" executionId="4f2eefca-71cf-4c58-b98c-6a7a52cf3b5d" testListId="1d810479-ecc9-4fdb-9985-45aed3a29109" />
    <TestEntry testId="95ab5cd1-abeb-471b-a115-353b14e93fcb" executionId="d9500fb0-fefe-4451-b3a4-6eff3e57d42e" testListId="1d810479-ecc9-4fdb-9985-45aed3a29109" />
    <TestEntry testId="da040b93-897b-44af-b96c-8b4f2af22c30" executionId="d5c3ec37-ebb6-4ae5-a236-4da303637a89" testListId="1d810479-ecc9-4fdb-9985-45aed3a29109" />
    <TestEntry testId="51d0bda1-7a5d-451d-8584-5fbd41168583" executionId="e56292cd-1675-4bc6-a983-b0bf20c2fe54" testListId="1d810479-ecc9-4fdb-9985-45aed3a29109" />
    <TestEntry testId="08df1af0-4c78-4858-a455-d81fdfaecbf7" executionId="3ea5c1f0-99c1-44ea-bbe4-0aa0273f5783" testListId="1d810479-ecc9-4fdb-9985-45aed3a29109" />
    <TestEntry testId="ab659a7c-9eb1-4208-a9b1-b26d19437630" executionId="7e92f979-0c96-463c-a445-efe3e842a80d" testListId="1d810479-ecc9-4fdb-9985-45aed3a29109" />
    <TestEntry testId="e05d0984-dba5-4048-9151-ec8a74b8ead8" executionId="bb319242-c716-447f-9f67-5999f5b6e1d5" testListId="1d810479-ecc9-4fdb-9985-45aed3a29109" />
    <TestEntry testId="29c7be01-4ef5-4700-8a67-d8cc2cada3a6" executionId="2acc4ded-419e-444d-9cd8-7b8cb4e656f5" testListId="1d810479-ecc9-4fdb-9985-45aed3a29109" />
    <TestEntry testId="0d9620ab-8bed-417d-97b2-2d8290608abf" executionId="8b54330a-1506-4cc2-a35d-1f4d4553e385" testListId="1d810479-ecc9-4fdb-9985-45aed3a29109" />
    <TestEntry testId="fade4a4e-1c5b-49c9-aa08-90463b887f83" executionId="76e5f6b7-6155-444c-8896-41cb91e5e2c1" testListId="1d810479-ecc9-4fdb-9985-45aed3a29109" />
    <TestEntry testId="736ee416-fd1e-4bcc-93d9-3a89eb13bf68" executionId="51a0855e-41e7-4115-8709-3569bd5f5d0a" testListId="1d810479-ecc9-4fdb-9985-45aed3a29109" />
    <TestEntry testId="75ed7265-3cfe-4802-b80b-f7a57ef085ff" executionId="dcdce00a-4d77-47fe-bd1b-3451dce2a608" testListId="1d810479-ecc9-4fdb-9985-45aed3a29109" />
    <TestEntry testId="4525197a-c920-4661-9e60-661fd93f9300" executionId="8249b2c5-a1bc-4568-b943-55b4cc5a663b" testListId="1d810479-ecc9-4fdb-9985-45aed3a29109" />
    <TestEntry testId="009d2839-f40d-4ffe-a1c6-f00491645d73" executionId="99e9db33-d963-4b6d-9a95-c439b4854d31" testListId="1d810479-ecc9-4fdb-9985-45aed3a29109" />
    <TestEntry testId="1ade6bd1-3657-4c6d-884c-83d8273b0f98" executionId="f7ab3c17-ee70-4cbe-aaa8-a5b2655834b5" testListId="1d810479-ecc9-4fdb-9985-45aed3a29109" />
    <TestEntry testId="91a636b7-5271-4e0b-8d26-ee09e22ddf85" executionId="76a88b34-5e80-4589-b017-88bc57ea7abc" testListId="1d810479-ecc9-4fdb-9985-45aed3a29109" />
    <TestEntry testId="a7cc5853-9aa9-4cde-8a78-ea8431d01640" executionId="8c5280ff-70ca-4115-a52e-8d92d10eab9e" testListId="1d810479-ecc9-4fdb-9985-45aed3a29109" />
    <TestEntry testId="44ddfe88-e5f0-443d-b5de-9d1492875ea3" executionId="21e29d2d-c72c-4427-8323-82de34b8a452" testListId="1d810479-ecc9-4fdb-9985-45aed3a29109" />
    <TestEntry testId="d8834fa8-cb96-47a9-b6bf-0a481f32231d" executionId="8f191699-44ba-43e1-a385-7292ddfeec70" testListId="1d810479-ecc9-4fdb-9985-45aed3a29109" />
    <TestEntry testId="e73dc695-fe4a-404f-8428-2768b5f2cb42" executionId="af07e9a4-82e1-49ba-9426-d03a89463e2e" testListId="1d810479-ecc9-4fdb-9985-45aed3a29109" />
    <TestEntry testId="a2680aae-7728-4df1-ba3e-f3a748ddac0f" executionId="b1f673ef-ad5a-4eff-8f19-0306fea4366a" testListId="1d810479-ecc9-4fdb-9985-45aed3a29109" />
    <TestEntry testId="5156cd84-74fa-4fc8-b94b-e4fc3c234ad2" executionId="cdf34ad0-8e71-4841-ad55-c6028788f914" testListId="1d810479-ecc9-4fdb-9985-45aed3a29109" />
    <TestEntry testId="6a7b502c-d23d-4f23-a8f1-0beaca190b5c" executionId="92a4f42f-5c10-469c-9734-728463d87204" testListId="1d810479-ecc9-4fdb-9985-45aed3a29109" />
    <TestEntry testId="9484077b-1972-4829-b43e-2dbb801474f9" executionId="3f0e0df0-6293-434f-9ed0-c10c0b36caaf" testListId="1d810479-ecc9-4fdb-9985-45aed3a29109" />
    <TestEntry testId="22c13b1b-cb8a-4cd5-b04c-582282fe4c6f" executionId="3b5427e8-0bd6-4e00-bdfe-9cea34840a7d" testListId="1d810479-ecc9-4fdb-9985-45aed3a29109" />
    <TestEntry testId="d70a82c2-d119-4d5d-b045-6e549d4f85e3" executionId="c214d2de-d12b-4816-8fc5-6285731f7f89" testListId="1d810479-ecc9-4fdb-9985-45aed3a29109" />
    <TestEntry testId="237b8e57-4b95-45e4-844c-5bea2bebc661" executionId="0fa6c759-c9d1-46b5-adb7-b3097dc2b846" testListId="1d810479-ecc9-4fdb-9985-45aed3a29109" />
    <TestEntry testId="34613c44-6d8d-42d4-9bc8-39c99327c2e8" executionId="ffcce062-4df4-4330-94a5-3086acb847f5" testListId="1d810479-ecc9-4fdb-9985-45aed3a29109" />
    <TestEntry testId="eb2a45bb-9779-4851-b177-684cc8eb3864" executionId="5c08c6fc-1361-42f8-ac05-359e4e2ab039" testListId="1d810479-ecc9-4fdb-9985-45aed3a29109" />
    <TestEntry testId="2cae4302-aca6-4ede-8f90-d40ea966ac35" executionId="c5a53a10-4e38-478c-b426-bb434d5a6d25" testListId="1d810479-ecc9-4fdb-9985-45aed3a29109" />
    <TestEntry testId="e367e8c0-0275-4771-b274-967478993fe0" executionId="8a0f23f2-d9a9-43fd-b52c-840a911f8714" testListId="1d810479-ecc9-4fdb-9985-45aed3a29109" />
    <TestEntry testId="c83ebe40-74b4-4b90-a5ba-4262af7b82ff" executionId="d328bdfa-c16e-4b5d-82db-5708f3f69f97" testListId="1d810479-ecc9-4fdb-9985-45aed3a29109" />
    <TestEntry testId="0942383a-bb25-4559-a752-89f5c68c895b" executionId="62480af2-0ae2-4d3a-b61f-b76c43c9a389" testListId="1d810479-ecc9-4fdb-9985-45aed3a29109" />
    <TestEntry testId="a050d96d-c4b5-4032-8ae0-1e822ea4c138" executionId="f7143088-67d8-49ef-a443-a57deff9e311" testListId="1d810479-ecc9-4fdb-9985-45aed3a29109" />
    <TestEntry testId="b4c9ac5b-0c2f-4055-b7b0-cd18dd59ae9b" executionId="fd9ab417-7226-4d64-a799-7b9ae3ed9f53" testListId="1d810479-ecc9-4fdb-9985-45aed3a29109" />
    <TestEntry testId="77cf39f1-8793-4438-b80b-d5ce575e3181" executionId="56fea2d1-be27-4513-abc6-8505e32eccbe" testListId="1d810479-ecc9-4fdb-9985-45aed3a29109" />
    <TestEntry testId="39163451-654f-400a-9f6e-30ecf6421212" executionId="41a12654-6e1f-4fdc-99f4-4cda15de17da" testListId="1d810479-ecc9-4fdb-9985-45aed3a29109" />
    <TestEntry testId="ca0759a2-597b-4a25-8649-25a13cb38744" executionId="2674ea48-f4aa-4731-8645-8c7e9172b55d" testListId="1d810479-ecc9-4fdb-9985-45aed3a29109" />
    <TestEntry testId="09060cb9-e59b-4efc-a2d7-acf42745ed49" executionId="1533d67d-0187-4d9b-9d69-b20c27815a1e" testListId="1d810479-ecc9-4fdb-9985-45aed3a29109" />
    <TestEntry testId="0cf10000-8729-4618-93ee-7ed00ec15925" executionId="49045b12-e33d-432f-82a9-4c1af5bef457" testListId="1d810479-ecc9-4fdb-9985-45aed3a29109" />
    <TestEntry testId="f76ef6e9-0f47-4c33-9323-623cb24cf5ba" executionId="4e492f9a-6257-4e82-af6b-44a3d9e78e63" testListId="1d810479-ecc9-4fdb-9985-45aed3a29109" />
    <TestEntry testId="c982428e-448a-431b-a42f-ac27b435a7d2" executionId="d9befc76-15a3-4877-b2fb-1ea616a85773" testListId="1d810479-ecc9-4fdb-9985-45aed3a29109" />
    <TestEntry testId="a3e16cb3-0781-44be-968c-71259f05a204" executionId="ddd06d62-6f08-449a-b57f-3bd95a8ef11e" testListId="1d810479-ecc9-4fdb-9985-45aed3a29109" />
    <TestEntry testId="01193d61-1b81-4d4f-9205-96cd8eb3730c" executionId="5a25c63d-ca3d-449b-8a47-e4d272b3f911" testListId="1d810479-ecc9-4fdb-9985-45aed3a29109" />
    <TestEntry testId="26d694dd-017d-4453-9c32-2f8b8b1bf228" executionId="e9468918-61c2-4836-9881-a66f20e3ee30" testListId="1d810479-ecc9-4fdb-9985-45aed3a29109" />
    <TestEntry testId="3a52f82c-560d-4b06-b894-fe4cad04e4ad" executionId="10201ac8-055a-4c3a-a378-97a523cc50fc" testListId="1d810479-ecc9-4fdb-9985-45aed3a29109" />
    <TestEntry testId="d2f33fe4-14dd-42ff-996e-9346bbde4b26" executionId="86bff642-c975-465e-9224-4fffbfada52c" testListId="1d810479-ecc9-4fdb-9985-45aed3a29109" />
    <TestEntry testId="0d925196-1e15-4747-a11b-11a9db50a587" executionId="804f649b-3c15-459e-82cd-f9d958527548" testListId="1d810479-ecc9-4fdb-9985-45aed3a29109" />
    <TestEntry testId="6bc82ef6-a764-43e1-a40d-1a7d18938a72" executionId="7a8849ad-7f18-419e-ba76-f6dbee0004a6" testListId="1d810479-ecc9-4fdb-9985-45aed3a29109" />
    <TestEntry testId="983e0d57-f898-4b1c-aa77-59ef13f02b93" executionId="860ca9b3-e017-4a7c-9d60-e3b5fc303e8e" testListId="1d810479-ecc9-4fdb-9985-45aed3a29109" />
    <TestEntry testId="e3ef92c4-3d5a-41db-b9e8-e122dff328bd" executionId="d7681894-02b4-4911-a1f3-ffb9aacda9e8" testListId="1d810479-ecc9-4fdb-9985-45aed3a29109" />
    <TestEntry testId="02be99a0-e115-418e-a301-f172f7c07bee" executionId="9bc39338-d805-4f7f-9c0b-5a2a788bdc59" testListId="1d810479-ecc9-4fdb-9985-45aed3a29109" />
    <TestEntry testId="06c1eafb-9574-4972-b5d1-2967ccaef38f" executionId="d6c960f6-a76b-4ed3-8846-a669f5bfc099" testListId="1d810479-ecc9-4fdb-9985-45aed3a29109" />
    <TestEntry testId="6dd75f39-f9af-477c-a1a7-b4ac41f07d2c" executionId="974f9d61-8273-4b6f-b430-c902814bb747" testListId="1d810479-ecc9-4fdb-9985-45aed3a29109" />
    <TestEntry testId="ccff6d2d-0b2c-488d-8a61-7e773c18178f" executionId="a01f4d8d-cb24-4448-b15c-ca9653a7bb25" testListId="1d810479-ecc9-4fdb-9985-45aed3a29109" />
    <TestEntry testId="f4828f8f-e629-4364-af64-ad288282947e" executionId="24a8d6c1-9e5c-4015-ba5c-053e44417b15" testListId="1d810479-ecc9-4fdb-9985-45aed3a29109" />
    <TestEntry testId="d684c5ae-4547-4a3c-8415-6c47f9f2bfe0" executionId="87801393-e0eb-4739-9f16-c6e54e380154" testListId="1d810479-ecc9-4fdb-9985-45aed3a29109" />
    <TestEntry testId="f3d3135d-d420-4559-8d64-649350264545" executionId="92a04b64-49d7-4aba-b10d-458f3952bab0" testListId="1d810479-ecc9-4fdb-9985-45aed3a29109" />
    <TestEntry testId="3f2077ca-5faa-4eb2-bd0d-58a01ff214e1" executionId="6a566b12-91f1-41cc-afc0-e2d69b7d122c" testListId="1d810479-ecc9-4fdb-9985-45aed3a29109" />
    <TestEntry testId="7a1f514e-2f1e-4c60-8050-3ffdeca6e600" executionId="ebfde96b-9b1c-429f-b6c1-f10dfce2a6c1" testListId="1d810479-ecc9-4fdb-9985-45aed3a29109" />
    <TestEntry testId="4e7d599f-8ce5-412b-a20b-f24fa458efbc" executionId="403b5e18-f7c1-481b-b9f9-4097fddeff25" testListId="1d810479-ecc9-4fdb-9985-45aed3a29109" />
    <TestEntry testId="500fdcdd-79f3-4b25-8e59-b4604e8faaa9" executionId="e12b5220-80f8-4ebf-b612-cc33d83cbfc2" testListId="1d810479-ecc9-4fdb-9985-45aed3a29109" />
    <TestEntry testId="8e85532c-9185-46da-87e8-18dcc9167cce" executionId="47c05c21-acf8-4e88-ab02-bcee167d2352" testListId="1d810479-ecc9-4fdb-9985-45aed3a29109" />
    <TestEntry testId="284832d7-38a6-42bc-82a4-78d9533413eb" executionId="192c3418-a0c5-48dd-b04b-aa5d7921e85e" testListId="1d810479-ecc9-4fdb-9985-45aed3a29109" />
    <TestEntry testId="30271587-68da-4ab7-b11e-5ad0927f88d0" executionId="e1dce858-3ff4-4749-a963-aed07d94be56" testListId="1d810479-ecc9-4fdb-9985-45aed3a29109" />
    <TestEntry testId="7410b5fc-fbcf-4df7-a836-6554aa48436f" executionId="4de6e564-c442-41c2-9e47-5d4a502aac91" testListId="1d810479-ecc9-4fdb-9985-45aed3a29109" />
    <TestEntry testId="81e6511b-d222-45ce-89d8-a616ff02c430" executionId="e02178eb-ba6f-4fa3-b3f9-e89539e7579a" testListId="1d810479-ecc9-4fdb-9985-45aed3a29109" />
    <TestEntry testId="d694aa31-c558-4647-8bd3-3a250dee92d9" executionId="d81f18be-216c-479c-a1c9-9e53a6eedaee" testListId="1d810479-ecc9-4fdb-9985-45aed3a29109" />
    <TestEntry testId="3a170112-adfe-4f1a-8fc9-89592bbb498a" executionId="1ca0c57a-50a4-4958-8ed1-d77d80dfd56c" testListId="1d810479-ecc9-4fdb-9985-45aed3a29109" />
    <TestEntry testId="46605757-a0c0-4b8f-8e5a-7169ae9e9ba7" executionId="2cb7cc55-8860-4f66-98da-ecfa98f725dc" testListId="1d810479-ecc9-4fdb-9985-45aed3a29109" />
    <TestEntry testId="d1ec38d3-7abe-4b79-8ae9-afca1a5098a1" executionId="4f3d304c-a96b-4daf-896f-291c5fdf42c1" testListId="1d810479-ecc9-4fdb-9985-45aed3a29109" />
    <TestEntry testId="6ea65652-00fe-460b-96ea-764e523dc39d" executionId="02cf4987-ca34-4357-9d45-b77342d7e623" testListId="1d810479-ecc9-4fdb-9985-45aed3a29109" />
    <TestEntry testId="28b2f72f-3c6d-41d0-af82-81cc7ffdad2d" executionId="4dc7d4c3-17f7-401d-838b-84e7b7e596b8" testListId="1d810479-ecc9-4fdb-9985-45aed3a29109" />
    <TestEntry testId="02a0acdd-bf6b-44db-abe2-15830a5618d1" executionId="76426e20-48d4-48d6-8cb6-c28165d128f1" testListId="1d810479-ecc9-4fdb-9985-45aed3a29109" />
  </TestEntries>
  <TestLists>
    <TestList name="Results Not in a List" id="1d810479-ecc9-4fdb-9985-45aed3a29109" />
    <TestList name="All Loaded Results" id="55ab88be-8b67-478a-aed7-18fcf3150860" />
  </TestLists>
</TestRun>