<?xml version="1.0" encoding="UTF-8"?>
<TestRun id="7dd2670f-0165-40fc-80f1-95eef35a0685" name="Test Run 9" runUser="Oles Galatsan" xmlns="http://microsoft.com/schemas/VisualStudio/TeamTest/2010">
  <Times creation="2025-05-14T13:20:31.3125482Z" queuing="2025-05-14T13:20:31.3125482Z" start="2025-05-14T13:20:31.3146610Z" finish="2025-05-14T13:25:31.3147553Z" />
  <TestSettings name="Test Settings 9" id="06f70c6b-08bb-4272-873d-b3fad0fa9978" />
  <Results>
    <UnitTestResult executionId="a9ac87fe-c546-4219-b772-6cf5e63f237f" testId="1a617197-870a-4640-bec7-4562e2a89e94" testName="Test801" computerName="UA-LPT-OGA2" duration="00:00:01.8300000" startTime="2025-05-14T13:20:31.3146610Z" endTime="2025-05-14T13:25:31.3147553Z" testType="13cdc9d9-ddb5-4fa4-a97d-d965ccfc6d4b" outcome="Passed" testListId="453fda98-821c-4e4e-983b-d3c0bc9e2d8e" />
    <UnitTestResult executionId="fc78b149-04df-4dfe-92dc-cebc91473443" testId="d3caf86b-73bf-4428-afbe-df9cef1ebe4c" testName="Test802" computerName="UA-LPT-OGA2" duration="00:00:00.2240000" startTime="2025-05-14T13:20:31.3146610Z" endTime="2025-05-14T13:25:31.3147553Z" testType="13cdc9d9-ddb5-4fa4-a97d-d965ccfc6d4b" outcome="Passed" testListId="453fda98-821c-4e4e-983b-d3c0bc9e2d8e" />
    <UnitTestResult executionId="490607df-738b-410d-ba38-4b4da09a1bd3" testId="9a868ee1-f228-40a4-8e68-761a6c2192f2" testName="Test803" computerName="UA-LPT-OGA2" duration="00:00:00.9690000" startTime="2025-05-14T13:20:31.3146610Z" endTime="2025-05-14T13:25:31.3147553Z" testType="13cdc9d9-ddb5-4fa4-a97d-d965ccfc6d4b" outcome="Passed" testListId="453fda98-821c-4e4e-983b-d3c0bc9e2d8e" />
    <UnitTestResult executionId="e6af2b3d-03cf-4281-9ff3-45a2b4810637" testId="61d30e1a-b9c3-4ff4-83f7-e1402b0ccc96" testName="Test804" computerName="UA-LPT-OGA2" duration="00:00:00.2930000" startTime="2025-05-14T13:20:31.3146610Z" endTime="2025-05-14T13:25:31.3147553Z" testType="13cdc9d9-ddb5-4fa4-a97d-d965ccfc6d4b" outcome="Passed" testListId="453fda98-821c-4e4e-983b-d3c0bc9e2d8e" />
    <UnitTestResult executionId="b64d8da3-11c2-463a-896c-501d613b68c3" testId="55819238-a3d1-4570-9520-e201db3d9c95" testName="Test805" computerName="UA-LPT-OGA2" duration="00:00:01.7660000" startTime="2025-05-14T13:20:31.3146610Z" endTime="2025-05-14T13:25:31.3147553Z" testType="13cdc9d9-ddb5-4fa4-a97d-d965ccfc6d4b" outcome="Passed" testListId="453fda98-821c-4e4e-983b-d3c0bc9e2d8e" />
    <UnitTestResult executionId="6e2233e7-49d5-4b14-b854-a764a7b03d78" testId="a293a195-b7cc-4b52-904c-fc7f6d93078f" testName="Test806" computerName="UA-LPT-OGA2" duration="00:00:01.6420000" startTime="2025-05-14T13:20:31.3146610Z" endTime="2025-05-14T13:25:31.3147553Z" testType="13cdc9d9-ddb5-4fa4-a97d-d965ccfc6d4b" outcome="Passed" testListId="453fda98-821c-4e4e-983b-d3c0bc9e2d8e" />
    <UnitTestResult executionId="9e8f25bc-eb69-4992-8c8b-3470f9affdde" testId="e01ee56d-cb3c-43f4-b474-0684e01d4ba5" testName="Test807" computerName="UA-LPT-OGA2" duration="00:00:00.4150000" startTime="2025-05-14T13:20:31.3146610Z" endTime="2025-05-14T13:25:31.3147553Z" testType="13cdc9d9-ddb5-4fa4-a97d-d965ccfc6d4b" outcome="Passed" testListId="453fda98-821c-4e4e-983b-d3c0bc9e2d8e" />
    <UnitTestResult executionId="3c2353c8-690d-4c5c-90dc-50a959e4d0c7" testId="a0039b42-4ff7-4194-b16d-901f725b0738" testName="Test808" computerName="UA-LPT-OGA2" duration="00:00:00.5190000" startTime="2025-05-14T13:20:31.3146610Z" endTime="2025-05-14T13:25:31.3147553Z" testType="13cdc9d9-ddb5-4fa4-a97d-d965ccfc6d4b" outcome="Passed" testListId="453fda98-821c-4e4e-983b-d3c0bc9e2d8e" />
    <UnitTestResult executionId="510d7f4b-300a-425c-985b-4614b00381c4" testId="c83f78f3-5870-44ff-89f2-3b01fb6c8376" testName="Test809" computerName="UA-LPT-OGA2" duration="00:00:00.8060000" startTime="2025-05-14T13:20:31.3146610Z" endTime="2025-05-14T13:25:31.3147553Z" testType="13cdc9d9-ddb5-4fa4-a97d-d965ccfc6d4b" outcome="Passed" testListId="453fda98-821c-4e4e-983b-d3c0bc9e2d8e" />
    <UnitTestResult executionId="ca8ce1eb-1572-4b74-9ed9-b9acc72c2110" testId="76b72913-2a49-4f9f-983f-a884137e2a98" testName="Test810" computerName="UA-LPT-OGA2" duration="00:00:01.4240000" startTime="2025-05-14T13:20:31.3146610Z" endTime="2025-05-14T13:25:31.3147553Z" testType="13cdc9d9-ddb5-4fa4-a97d-d965ccfc6d4b" outcome="Passed" testListId="453fda98-821c-4e4e-983b-d3c0bc9e2d8e" />
    <UnitTestResult executionId="b4727360-8b31-45a3-baab-386635539ece" testId="e50248bf-18e8-488a-b0e7-8862b28b8a3e" testName="Test811" computerName="UA-LPT-OGA2" duration="00:00:00.8430000" startTime="2025-05-14T13:20:31.3146610Z" endTime="2025-05-14T13:25:31.3147553Z" testType="13cdc9d9-ddb5-4fa4-a97d-d965ccfc6d4b" outcome="Passed" testListId="453fda98-821c-4e4e-983b-d3c0bc9e2d8e" />
    <UnitTestResult executionId="304f9323-7fed-4d8f-86fc-07a766df0d88" testId="f9d98454-a211-44d4-ba26-ff9cddb3dd96" testName="Test812" computerName="UA-LPT-OGA2" duration="00:00:00.9190000" startTime="2025-05-14T13:20:31.3146610Z" endTime="2025-05-14T13:25:31.3147553Z" testType="13cdc9d9-ddb5-4fa4-a97d-d965ccfc6d4b" outcome="Passed" testListId="453fda98-821c-4e4e-983b-d3c0bc9e2d8e" />
    <UnitTestResult executionId="871d3049-5397-4c64-b2d5-ecac3c6c6f41" testId="fcb2cf82-5d9b-4d3e-ba86-455f9ec5aef3" testName="Test813" computerName="UA-LPT-OGA2" duration="00:00:01.4690000" startTime="2025-05-14T13:20:31.3146610Z" endTime="2025-05-14T13:25:31.3147553Z" testType="13cdc9d9-ddb5-4fa4-a97d-d965ccfc6d4b" outcome="Passed" testListId="453fda98-821c-4e4e-983b-d3c0bc9e2d8e" />
    <UnitTestResult executionId="974dda3f-5257-4253-a449-8ddcf33b65fc" testId="12e33150-8ccd-4373-ad28-3b2db05512c5" testName="Test814" computerName="UA-LPT-OGA2" duration="00:00:00.8020000" startTime="2025-05-14T13:20:31.3146610Z" endTime="2025-05-14T13:25:31.3147553Z" testType="13cdc9d9-ddb5-4fa4-a97d-d965ccfc6d4b" outcome="Passed" testListId="453fda98-821c-4e4e-983b-d3c0bc9e2d8e" />
    <UnitTestResult executionId="6b25fec1-b3a8-4c5e-8da1-760e037b6cdf" testId="8ec1ebd3-68a6-4aca-bfce-2f870a27dca1" testName="Test815" computerName="UA-LPT-OGA2" duration="00:00:00.4430000" startTime="2025-05-14T13:20:31.3146610Z" endTime="2025-05-14T13:25:31.3147553Z" testType="13cdc9d9-ddb5-4fa4-a97d-d965ccfc6d4b" outcome="Passed" testListId="453fda98-821c-4e4e-983b-d3c0bc9e2d8e" />
    <UnitTestResult executionId="dbfc8023-a74b-4ad9-97fa-6ae0b792d479" testId="cfa0cb65-3f04-4fe9-9f3d-7f6c4a66b420" testName="Test816" computerName="UA-LPT-OGA2" duration="00:00:00.2140000" startTime="2025-05-14T13:20:31.3146610Z" endTime="2025-05-14T13:25:31.3147553Z" testType="13cdc9d9-ddb5-4fa4-a97d-d965ccfc6d4b" outcome="Passed" testListId="453fda98-821c-4e4e-983b-d3c0bc9e2d8e" />
    <UnitTestResult executionId="4725c06b-dcd4-44eb-aba4-544c2d1c17d2" testId="bf2c297f-b72b-4a0a-b933-764044123874" testName="Test817" computerName="UA-LPT-OGA2" duration="00:00:01.9380000" startTime="2025-05-14T13:20:31.3146610Z" endTime="2025-05-14T13:25:31.3147553Z" testType="13cdc9d9-ddb5-4fa4-a97d-d965ccfc6d4b" outcome="Passed" testListId="453fda98-821c-4e4e-983b-d3c0bc9e2d8e" />
    <UnitTestResult executionId="3a50e4e1-fa79-42ac-899a-05d14a494eb5" testId="4e675034-f61e-4f59-b667-9f87bb4c718b" testName="Test818" computerName="UA-LPT-OGA2" duration="00:00:01.3420000" startTime="2025-05-14T13:20:31.3146610Z" endTime="2025-05-14T13:25:31.3147553Z" testType="13cdc9d9-ddb5-4fa4-a97d-d965ccfc6d4b" outcome="Passed" testListId="453fda98-821c-4e4e-983b-d3c0bc9e2d8e" />
    <UnitTestResult executionId="83d6c873-a93c-4898-9629-5e907a37a3d2" testId="a7934819-d321-43c3-b754-20d9aa6a9c6d" testName="Test819" computerName="UA-LPT-OGA2" duration="00:00:01.2970000" startTime="2025-05-14T13:20:31.3146610Z" endTime="2025-05-14T13:25:31.3147553Z" testType="13cdc9d9-ddb5-4fa4-a97d-d965ccfc6d4b" outcome="Passed" testListId="453fda98-821c-4e4e-983b-d3c0bc9e2d8e" />
    <UnitTestResult executionId="94c6b5db-4496-4689-8f09-b13a94e0f177" testId="596fea42-2b1c-42a3-98e7-777b5515f25d" testName="Test820" computerName="UA-LPT-OGA2" duration="00:00:01.9040000" startTime="2025-05-14T13:20:31.3146610Z" endTime="2025-05-14T13:25:31.3147553Z" testType="13cdc9d9-ddb5-4fa4-a97d-d965ccfc6d4b" outcome="Inconclusive" testListId="453fda98-821c-4e4e-983b-d3c0bc9e2d8e" />
    <UnitTestResult executionId="56fbb956-71b1-4307-9ca9-98e424851b58" testId="84b5b710-d7f6-47d5-8b48-3fe40f8121eb" testName="Test821" computerName="UA-LPT-OGA2" duration="00:00:00.4130000" startTime="2025-05-14T13:20:31.3146610Z" endTime="2025-05-14T13:25:31.3147553Z" testType="13cdc9d9-ddb5-4fa4-a97d-d965ccfc6d4b" outcome="Passed" testListId="453fda98-821c-4e4e-983b-d3c0bc9e2d8e" />
    <UnitTestResult executionId="2ff69f88-aca4-436a-8b25-30f624b92aea" testId="f44d82b8-ad11-4288-82fe-a2ecbbcc6419" testName="Test822" computerName="UA-LPT-OGA2" duration="00:00:01.5100000" startTime="2025-05-14T13:20:31.3146610Z" endTime="2025-05-14T13:25:31.3147553Z" testType="13cdc9d9-ddb5-4fa4-a97d-d965ccfc6d4b" outcome="Passed" testListId="453fda98-821c-4e4e-983b-d3c0bc9e2d8e" />
    <UnitTestResult executionId="65b065d1-71e3-4289-9bbf-3b933a0a1414" testId="7e08c19e-05a9-456e-b69d-a200d3e7fc71" testName="Test823" computerName="UA-LPT-OGA2" duration="00:00:01.9460000" startTime="2025-05-14T13:20:31.3146610Z" endTime="2025-05-14T13:25:31.3147553Z" testType="13cdc9d9-ddb5-4fa4-a97d-d965ccfc6d4b" outcome="Passed" testListId="453fda98-821c-4e4e-983b-d3c0bc9e2d8e" />
    <UnitTestResult executionId="08edb933-d485-417e-b039-4e8aa5d81996" testId="ea8194c9-ec21-4eed-9968-bd715c3ae406" testName="Test824" computerName="UA-LPT-OGA2" duration="00:00:00.4010000" startTime="2025-05-14T13:20:31.3146610Z" endTime="2025-05-14T13:25:31.3147553Z" testType="13cdc9d9-ddb5-4fa4-a97d-d965ccfc6d4b" outcome="Passed" testListId="453fda98-821c-4e4e-983b-d3c0bc9e2d8e" />
    <UnitTestResult executionId="6d530ea3-488b-4b52-ad1f-1bc504de8308" testId="b36f885f-e7d8-40fe-b383-d0ed8a3a0235" testName="Test825" computerName="UA-LPT-OGA2" duration="00:00:00.6000000" startTime="2025-05-14T13:20:31.3146610Z" endTime="2025-05-14T13:25:31.3147553Z" testType="13cdc9d9-ddb5-4fa4-a97d-d965ccfc6d4b" outcome="Failed" testListId="453fda98-821c-4e4e-983b-d3c0bc9e2d8e">
      <Output>
        <ErrorInfo>
          <Message>Assertion failed: Expected value did not match actual value.</Message>
          <StackTrace>   at TestNamespace.TestClass.Test() in TestClass.cs:line 143</StackTrace>
        </ErrorInfo>
      </Output>
    </UnitTestResult>
    <UnitTestResult executionId="7ee27408-325a-4d5a-8800-0922f432e020" testId="cfc914fd-b667-4513-ab21-5fc7462a5e20" testName="Test826" computerName="UA-LPT-OGA2" duration="00:00:00.7200000" startTime="2025-05-14T13:20:31.3146610Z" endTime="2025-05-14T13:25:31.3147553Z" testType="13cdc9d9-ddb5-4fa4-a97d-d965ccfc6d4b" outcome="Passed" testListId="453fda98-821c-4e4e-983b-d3c0bc9e2d8e" />
    <UnitTestResult executionId="57bc346c-09a2-4343-a1f3-d320e293642d" testId="2ad216c4-f60d-478b-b621-2d60083f7743" testName="Test827" computerName="UA-LPT-OGA2" duration="00:00:01.1080000" startTime="2025-05-14T13:20:31.3146610Z" endTime="2025-05-14T13:25:31.3147553Z" testType="13cdc9d9-ddb5-4fa4-a97d-d965ccfc6d4b" outcome="Passed" testListId="453fda98-821c-4e4e-983b-d3c0bc9e2d8e" />
    <UnitTestResult executionId="a7e5cbfb-ad17-4ac2-9135-1470c465c8a5" testId="e4c85e87-0c25-44fe-ba55-90b812d16d97" testName="Test828" computerName="UA-LPT-OGA2" duration="00:00:01.6960000" startTime="2025-05-14T13:20:31.3146610Z" endTime="2025-05-14T13:25:31.3147553Z" testType="13cdc9d9-ddb5-4fa4-a97d-d965ccfc6d4b" outcome="Passed" testListId="453fda98-821c-4e4e-983b-d3c0bc9e2d8e" />
    <UnitTestResult executionId="c15f00bc-f8d6-4006-9ef6-16966850d741" testId="ba5fd0ac-a0a7-47d4-b6f0-9fee84f3a4aa" testName="Test829" computerName="UA-LPT-OGA2" duration="00:00:00.6950000" startTime="2025-05-14T13:20:31.3146610Z" endTime="2025-05-14T13:25:31.3147553Z" testType="13cdc9d9-ddb5-4fa4-a97d-d965ccfc6d4b" outcome="Passed" testListId="453fda98-821c-4e4e-983b-d3c0bc9e2d8e" />
    <UnitTestResult executionId="3f2db103-b8ce-41c3-8720-16982daacea9" testId="2064e565-5068-499a-9779-10c0c2d8c513" testName="Test830" computerName="UA-LPT-OGA2" duration="00:00:00.9370000" startTime="2025-05-14T13:20:31.3146610Z" endTime="2025-05-14T13:25:31.3147553Z" testType="13cdc9d9-ddb5-4fa4-a97d-d965ccfc6d4b" outcome="Passed" testListId="453fda98-821c-4e4e-983b-d3c0bc9e2d8e" />
    <UnitTestResult executionId="f0f5b315-3e9c-4639-97b0-83931a0a76d5" testId="4c8c7a4c-0128-49aa-a5d9-0767bf601ce6" testName="Test831" computerName="UA-LPT-OGA2" duration="00:00:00.6470000" startTime="2025-05-14T13:20:31.3146610Z" endTime="2025-05-14T13:25:31.3147553Z" testType="13cdc9d9-ddb5-4fa4-a97d-d965ccfc6d4b" outcome="Passed" testListId="453fda98-821c-4e4e-983b-d3c0bc9e2d8e" />
    <UnitTestResult executionId="feaa7ec2-6017-43cd-8023-f2d10d391791" testId="f5c24874-dc05-4f1b-b7a9-b3936b51dea6" testName="Test832" computerName="UA-LPT-OGA2" duration="00:00:00.0750000" startTime="2025-05-14T13:20:31.3146610Z" endTime="2025-05-14T13:25:31.3147553Z" testType="13cdc9d9-ddb5-4fa4-a97d-d965ccfc6d4b" outcome="Passed" testListId="453fda98-821c-4e4e-983b-d3c0bc9e2d8e" />
    <UnitTestResult executionId="c50fc4ed-60b3-40ae-84ea-2e8bfa7dae93" testId="586bef85-9012-4ecb-a71d-97f334b22ec2" testName="Test833" computerName="UA-LPT-OGA2" duration="00:00:01.4450000" startTime="2025-05-14T13:20:31.3146610Z" endTime="2025-05-14T13:25:31.3147553Z" testType="13cdc9d9-ddb5-4fa4-a97d-d965ccfc6d4b" outcome="Passed" testListId="453fda98-821c-4e4e-983b-d3c0bc9e2d8e" />
    <UnitTestResult executionId="58739f2b-b808-4d49-9474-375095872437" testId="fb98024e-4a24-4925-98ea-e0c62c4efd2b" testName="Test834" computerName="UA-LPT-OGA2" duration="00:00:01.8410000" startTime="2025-05-14T13:20:31.3146610Z" endTime="2025-05-14T13:25:31.3147553Z" testType="13cdc9d9-ddb5-4fa4-a97d-d965ccfc6d4b" outcome="Passed" testListId="453fda98-821c-4e4e-983b-d3c0bc9e2d8e" />
    <UnitTestResult executionId="b981e175-19e1-4816-8eda-ae2556c11be8" testId="d0b71f2d-1781-4dd7-9bc9-c56f973a2773" testName="Test835" computerName="UA-LPT-OGA2" duration="00:00:00.1860000" startTime="2025-05-14T13:20:31.3146610Z" endTime="2025-05-14T13:25:31.3147553Z" testType="13cdc9d9-ddb5-4fa4-a97d-d965ccfc6d4b" outcome="Passed" testListId="453fda98-821c-4e4e-983b-d3c0bc9e2d8e" />
    <UnitTestResult executionId="3a32d4ab-6844-4aae-b0ca-c7cb7f4eb966" testId="7cbbc47e-e005-4ccb-a11e-192fda1b7e56" testName="Test836" computerName="UA-LPT-OGA2" duration="00:00:01.3270000" startTime="2025-05-14T13:20:31.3146610Z" endTime="2025-05-14T13:25:31.3147553Z" testType="13cdc9d9-ddb5-4fa4-a97d-d965ccfc6d4b" outcome="Failed" testListId="453fda98-821c-4e4e-983b-d3c0bc9e2d8e">
      <Output>
        <ErrorInfo>
          <Message>Assertion failed: Expected value did not match actual value.</Message>
          <StackTrace>   at TestNamespace.TestClass.Test() in TestClass.cs:line 306</StackTrace>
        </ErrorInfo>
      </Output>
    </UnitTestResult>
    <UnitTestResult executionId="5c024ae0-724a-4e0e-8708-d6ff43fda2ee" testId="97dad6cd-58be-4f77-aa30-cdba195f7812" testName="Test837" computerName="UA-LPT-OGA2" duration="00:00:01.5750000" startTime="2025-05-14T13:20:31.3146610Z" endTime="2025-05-14T13:25:31.3147553Z" testType="13cdc9d9-ddb5-4fa4-a97d-d965ccfc6d4b" outcome="Failed" testListId="453fda98-821c-4e4e-983b-d3c0bc9e2d8e">
      <Output>
        <ErrorInfo>
          <Message>Assertion failed: Expected value did not match actual value.</Message>
          <StackTrace>   at TestNamespace.TestClass.Test() in TestClass.cs:line 146</StackTrace>
        </ErrorInfo>
      </Output>
    </UnitTestResult>
    <UnitTestResult executionId="eca63cf7-a2a3-4df1-bdcf-d3c082282087" testId="6c6938f3-d673-46d2-8b4f-9cdf4ee9e161" testName="Test838" computerName="UA-LPT-OGA2" duration="00:00:00.8760000" startTime="2025-05-14T13:20:31.3146610Z" endTime="2025-05-14T13:25:31.3147553Z" testType="13cdc9d9-ddb5-4fa4-a97d-d965ccfc6d4b" outcome="Inconclusive" testListId="453fda98-821c-4e4e-983b-d3c0bc9e2d8e" />
    <UnitTestResult executionId="d4fb2cb7-c51f-492f-8ebf-b8d80971c92c" testId="09bc7d4d-8b29-4f29-b2a3-f2e95bcb54f1" testName="Test839" computerName="UA-LPT-OGA2" duration="00:00:01.5450000" startTime="2025-05-14T13:20:31.3146610Z" endTime="2025-05-14T13:25:31.3147553Z" testType="13cdc9d9-ddb5-4fa4-a97d-d965ccfc6d4b" outcome="Passed" testListId="453fda98-821c-4e4e-983b-d3c0bc9e2d8e" />
    <UnitTestResult executionId="b61521f5-86e3-49b6-9455-13b9ed54d229" testId="e1f86cff-6503-431d-9d55-2fd9c13f4f4f" testName="Test840" computerName="UA-LPT-OGA2" duration="00:00:01.2410000" startTime="2025-05-14T13:20:31.3146610Z" endTime="2025-05-14T13:25:31.3147553Z" testType="13cdc9d9-ddb5-4fa4-a97d-d965ccfc6d4b" outcome="Passed" testListId="453fda98-821c-4e4e-983b-d3c0bc9e2d8e" />
    <UnitTestResult executionId="5d6b5a6d-90f9-4a8c-b05d-600e8e0cba3b" testId="be8d932f-8263-472e-aa30-cc591adf9a16" testName="Test841" computerName="UA-LPT-OGA2" duration="00:00:00.3540000" startTime="2025-05-14T13:20:31.3146610Z" endTime="2025-05-14T13:25:31.3147553Z" testType="13cdc9d9-ddb5-4fa4-a97d-d965ccfc6d4b" outcome="Passed" testListId="453fda98-821c-4e4e-983b-d3c0bc9e2d8e" />
    <UnitTestResult executionId="07047b43-42ca-4c34-acc6-db305703907c" testId="a4d80231-95e3-4f8f-982e-d30e825aad2f" testName="Test842" computerName="UA-LPT-OGA2" duration="00:00:00.2320000" startTime="2025-05-14T13:20:31.3146610Z" endTime="2025-05-14T13:25:31.3147553Z" testType="13cdc9d9-ddb5-4fa4-a97d-d965ccfc6d4b" outcome="Passed" testListId="453fda98-821c-4e4e-983b-d3c0bc9e2d8e" />
    <UnitTestResult executionId="00fb3114-19ed-4ec2-8be3-9c9cf5bbec19" testId="5b89c4a4-c7ac-4237-9f74-dd1498132c12" testName="Test843" computerName="UA-LPT-OGA2" duration="00:00:01.4510000" startTime="2025-05-14T13:20:31.3146610Z" endTime="2025-05-14T13:25:31.3147553Z" testType="13cdc9d9-ddb5-4fa4-a97d-d965ccfc6d4b" outcome="Passed" testListId="453fda98-821c-4e4e-983b-d3c0bc9e2d8e" />
    <UnitTestResult executionId="4c99b1ca-fc3f-47d8-83bc-5f124c873e72" testId="d7db25ba-e665-4038-abcc-37fcd25a8704" testName="Test844" computerName="UA-LPT-OGA2" duration="00:00:00.7900000" startTime="2025-05-14T13:20:31.3146610Z" endTime="2025-05-14T13:25:31.3147553Z" testType="13cdc9d9-ddb5-4fa4-a97d-d965ccfc6d4b" outcome="Passed" testListId="453fda98-821c-4e4e-983b-d3c0bc9e2d8e" />
    <UnitTestResult executionId="7e241d46-9476-4706-a718-a7ef42bfaee2" testId="90f698a0-45d0-4c9e-b6e7-b2445f0d78d0" testName="Test845" computerName="UA-LPT-OGA2" duration="00:00:01.6420000" startTime="2025-05-14T13:20:31.3146610Z" endTime="2025-05-14T13:25:31.3147553Z" testType="13cdc9d9-ddb5-4fa4-a97d-d965ccfc6d4b" outcome="Passed" testListId="453fda98-821c-4e4e-983b-d3c0bc9e2d8e" />
    <UnitTestResult executionId="473dfd80-1e2f-4fb3-89e2-8a5bb2762a32" testId="44596146-347b-4129-b20d-030363d4349e" testName="Test846" computerName="UA-LPT-OGA2" duration="00:00:01.1950000" startTime="2025-05-14T13:20:31.3146610Z" endTime="2025-05-14T13:25:31.3147553Z" testType="13cdc9d9-ddb5-4fa4-a97d-d965ccfc6d4b" outcome="Passed" testListId="453fda98-821c-4e4e-983b-d3c0bc9e2d8e" />
    <UnitTestResult executionId="50c0910b-d4b1-4ef5-895e-8e3cc749a56c" testId="2831ae5a-f447-4b8e-adad-789e831a606d" testName="Test847" computerName="UA-LPT-OGA2" duration="00:00:00.5690000" startTime="2025-05-14T13:20:31.3146610Z" endTime="2025-05-14T13:25:31.3147553Z" testType="13cdc9d9-ddb5-4fa4-a97d-d965ccfc6d4b" outcome="Passed" testListId="453fda98-821c-4e4e-983b-d3c0bc9e2d8e" />
    <UnitTestResult executionId="a0a0417c-16cb-4795-af5b-be04fb707258" testId="e0faad16-9b40-410f-aecf-9f9996e9d2ee" testName="Test848" computerName="UA-LPT-OGA2" duration="00:00:01.7870000" startTime="2025-05-14T13:20:31.3146610Z" endTime="2025-05-14T13:25:31.3147553Z" testType="13cdc9d9-ddb5-4fa4-a97d-d965ccfc6d4b" outcome="Passed" testListId="453fda98-821c-4e4e-983b-d3c0bc9e2d8e" />
    <UnitTestResult executionId="4462a574-6af5-4c00-a3e3-848af775e0ce" testId="92de7ed7-886c-469b-a12f-ac4214af76a9" testName="Test849" computerName="UA-LPT-OGA2" duration="00:00:00.3330000" startTime="2025-05-14T13:20:31.3146610Z" endTime="2025-05-14T13:25:31.3147553Z" testType="13cdc9d9-ddb5-4fa4-a97d-d965ccfc6d4b" outcome="Passed" testListId="453fda98-821c-4e4e-983b-d3c0bc9e2d8e" />
    <UnitTestResult executionId="f7f0eb18-bfd4-4c94-9147-63db36116863" testId="8c40b4d9-fb7d-4b03-bdd5-e6554ec3c031" testName="Test850" computerName="UA-LPT-OGA2" duration="00:00:01.7420000" startTime="2025-05-14T13:20:31.3146610Z" endTime="2025-05-14T13:25:31.3147553Z" testType="13cdc9d9-ddb5-4fa4-a97d-d965ccfc6d4b" outcome="Passed" testListId="453fda98-821c-4e4e-983b-d3c0bc9e2d8e" />
    <UnitTestResult executionId="e59f366a-0258-4503-8000-57f7915b23bb" testId="61e45de9-373c-47c2-b0f5-25c715e88446" testName="Test851" computerName="UA-LPT-OGA2" duration="00:00:01.1580000" startTime="2025-05-14T13:20:31.3146610Z" endTime="2025-05-14T13:25:31.3147553Z" testType="13cdc9d9-ddb5-4fa4-a97d-d965ccfc6d4b" outcome="Passed" testListId="453fda98-821c-4e4e-983b-d3c0bc9e2d8e" />
    <UnitTestResult executionId="7e89db37-deb5-44d9-8bf2-b67ec88bfbee" testId="df60bdbd-3632-4124-95ba-8c199202b736" testName="Test852" computerName="UA-LPT-OGA2" duration="00:00:00.6180000" startTime="2025-05-14T13:20:31.3146610Z" endTime="2025-05-14T13:25:31.3147553Z" testType="13cdc9d9-ddb5-4fa4-a97d-d965ccfc6d4b" outcome="Passed" testListId="453fda98-821c-4e4e-983b-d3c0bc9e2d8e" />
    <UnitTestResult executionId="1193d38f-546c-44df-ae94-2de44875a223" testId="77ce5f4a-7793-42c3-a04c-381409d91c83" testName="Test853" computerName="UA-LPT-OGA2" duration="00:00:01.0340000" startTime="2025-05-14T13:20:31.3146610Z" endTime="2025-05-14T13:25:31.3147553Z" testType="13cdc9d9-ddb5-4fa4-a97d-d965ccfc6d4b" outcome="Passed" testListId="453fda98-821c-4e4e-983b-d3c0bc9e2d8e" />
    <UnitTestResult executionId="80b59777-c3b2-4ca3-9648-ab429cbd97a9" testId="68e14540-cf29-457c-b4ef-a4155a041021" testName="Test854" computerName="UA-LPT-OGA2" duration="00:00:00.1390000" startTime="2025-05-14T13:20:31.3146610Z" endTime="2025-05-14T13:25:31.3147553Z" testType="13cdc9d9-ddb5-4fa4-a97d-d965ccfc6d4b" outcome="Passed" testListId="453fda98-821c-4e4e-983b-d3c0bc9e2d8e" />
    <UnitTestResult executionId="c7398723-9ac7-4b6d-9c28-2d5c64bb59df" testId="5a92adaa-9f86-4a7b-886f-7ffc72efeb37" testName="Test855" computerName="UA-LPT-OGA2" duration="00:00:00.5370000" startTime="2025-05-14T13:20:31.3146610Z" endTime="2025-05-14T13:25:31.3147553Z" testType="13cdc9d9-ddb5-4fa4-a97d-d965ccfc6d4b" outcome="Passed" testListId="453fda98-821c-4e4e-983b-d3c0bc9e2d8e" />
    <UnitTestResult executionId="4bc70dad-8006-458d-961c-5b7240debb78" testId="de39a223-612d-451b-8504-e1293369459a" testName="Test856" computerName="UA-LPT-OGA2" duration="00:00:00.8880000" startTime="2025-05-14T13:20:31.3146610Z" endTime="2025-05-14T13:25:31.3147553Z" testType="13cdc9d9-ddb5-4fa4-a97d-d965ccfc6d4b" outcome="Passed" testListId="453fda98-821c-4e4e-983b-d3c0bc9e2d8e" />
    <UnitTestResult executionId="e5ef464b-c032-47d9-b074-45471e0601fd" testId="368079c8-ff4f-4b32-8ce2-2df410bfcd61" testName="Test857" computerName="UA-LPT-OGA2" duration="00:00:00.2130000" startTime="2025-05-14T13:20:31.3146610Z" endTime="2025-05-14T13:25:31.3147553Z" testType="13cdc9d9-ddb5-4fa4-a97d-d965ccfc6d4b" outcome="Passed" testListId="453fda98-821c-4e4e-983b-d3c0bc9e2d8e" />
    <UnitTestResult executionId="ae31f28c-9f97-43e2-81db-e14156185de9" testId="610500be-f1cc-4d6f-a22b-054ff7b11bae" testName="Test858" computerName="UA-LPT-OGA2" duration="00:00:00.1950000" startTime="2025-05-14T13:20:31.3146610Z" endTime="2025-05-14T13:25:31.3147553Z" testType="13cdc9d9-ddb5-4fa4-a97d-d965ccfc6d4b" outcome="Failed" testListId="453fda98-821c-4e4e-983b-d3c0bc9e2d8e">
      <Output>
        <ErrorInfo>
          <Message>Assertion failed: Expected value did not match actual value.</Message>
          <StackTrace>   at TestNamespace.TestClass.Test() in TestClass.cs:line 240</StackTrace>
        </ErrorInfo>
      </Output>
    </UnitTestResult>
    <UnitTestResult executionId="a95d2493-8343-4582-8a1b-88d3707f9569" testId="ba39cc19-ac0e-4d27-aba7-dd9edae174c5" testName="Test859" computerName="UA-LPT-OGA2" duration="00:00:00.3880000" startTime="2025-05-14T13:20:31.3146610Z" endTime="2025-05-14T13:25:31.3147553Z" testType="13cdc9d9-ddb5-4fa4-a97d-d965ccfc6d4b" outcome="Passed" testListId="453fda98-821c-4e4e-983b-d3c0bc9e2d8e" />
    <UnitTestResult executionId="ca7b1180-16cf-4ec5-a4ed-f8b0c4f60aac" testId="43ff55b6-185f-456b-8b0c-183ff33ebfaa" testName="Test860" computerName="UA-LPT-OGA2" duration="00:00:01.3850000" startTime="2025-05-14T13:20:31.3146610Z" endTime="2025-05-14T13:25:31.3147553Z" testType="13cdc9d9-ddb5-4fa4-a97d-d965ccfc6d4b" outcome="Passed" testListId="453fda98-821c-4e4e-983b-d3c0bc9e2d8e" />
    <UnitTestResult executionId="d31b7c9a-8c03-4bbb-b8c9-71c8505b85cd" testId="df391451-1339-42d6-b900-b8780d2cde7d" testName="Test861" computerName="UA-LPT-OGA2" duration="00:00:01.0560000" startTime="2025-05-14T13:20:31.3146610Z" endTime="2025-05-14T13:25:31.3147553Z" testType="13cdc9d9-ddb5-4fa4-a97d-d965ccfc6d4b" outcome="Passed" testListId="453fda98-821c-4e4e-983b-d3c0bc9e2d8e" />
    <UnitTestResult executionId="8e22784c-78a6-4ae8-80d5-c88b063f860c" testId="84deb5a7-29aa-4b49-aa9d-75295440dbcb" testName="Test862" computerName="UA-LPT-OGA2" duration="00:00:01.0220000" startTime="2025-05-14T13:20:31.3146610Z" endTime="2025-05-14T13:25:31.3147553Z" testType="13cdc9d9-ddb5-4fa4-a97d-d965ccfc6d4b" outcome="Passed" testListId="453fda98-821c-4e4e-983b-d3c0bc9e2d8e" />
    <UnitTestResult executionId="ca817572-d5fa-407b-a1fe-d35d8c89a3ee" testId="1747ed82-859e-4aec-8468-1f35fdb3fe51" testName="Test863" computerName="UA-LPT-OGA2" duration="00:00:00.5420000" startTime="2025-05-14T13:20:31.3146610Z" endTime="2025-05-14T13:25:31.3147553Z" testType="13cdc9d9-ddb5-4fa4-a97d-d965ccfc6d4b" outcome="Failed" testListId="453fda98-821c-4e4e-983b-d3c0bc9e2d8e">
      <Output>
        <ErrorInfo>
          <Message>Assertion failed: Expected value did not match actual value.</Message>
          <StackTrace>   at TestNamespace.TestClass.Test() in TestClass.cs:line 483</StackTrace>
        </ErrorInfo>
      </Output>
    </UnitTestResult>
    <UnitTestResult executionId="0c4b9192-3e2c-4395-9dd6-bd1ea671c7d4" testId="0cf3701e-54a0-4bab-8e3d-ec6127f97391" testName="Test864" computerName="UA-LPT-OGA2" duration="00:00:01.6490000" startTime="2025-05-14T13:20:31.3146610Z" endTime="2025-05-14T13:25:31.3147553Z" testType="13cdc9d9-ddb5-4fa4-a97d-d965ccfc6d4b" outcome="Passed" testListId="453fda98-821c-4e4e-983b-d3c0bc9e2d8e" />
    <UnitTestResult executionId="5ee11f1d-b1ff-4652-9859-ad534390b42a" testId="97475301-f46e-4bb8-8ac9-f40b4bb6c004" testName="Test865" computerName="UA-LPT-OGA2" duration="00:00:01.1880000" startTime="2025-05-14T13:20:31.3146610Z" endTime="2025-05-14T13:25:31.3147553Z" testType="13cdc9d9-ddb5-4fa4-a97d-d965ccfc6d4b" outcome="Passed" testListId="453fda98-821c-4e4e-983b-d3c0bc9e2d8e" />
    <UnitTestResult executionId="437d59d3-c9d4-47c0-8d14-e1d70b4900eb" testId="c425edaf-f0d4-493f-a33a-e5165982ab27" testName="Test866" computerName="UA-LPT-OGA2" duration="00:00:00.4460000" startTime="2025-05-14T13:20:31.3146610Z" endTime="2025-05-14T13:25:31.3147553Z" testType="13cdc9d9-ddb5-4fa4-a97d-d965ccfc6d4b" outcome="Passed" testListId="453fda98-821c-4e4e-983b-d3c0bc9e2d8e" />
    <UnitTestResult executionId="732d26ec-7918-4d2a-b333-48ae92aa55d3" testId="8dcb4c5b-76bb-4bae-ab3e-c4f1a09f53bd" testName="Test867" computerName="UA-LPT-OGA2" duration="00:00:00.9720000" startTime="2025-05-14T13:20:31.3146610Z" endTime="2025-05-14T13:25:31.3147553Z" testType="13cdc9d9-ddb5-4fa4-a97d-d965ccfc6d4b" outcome="Passed" testListId="453fda98-821c-4e4e-983b-d3c0bc9e2d8e" />
    <UnitTestResult executionId="e6eca199-5ccd-4691-9891-d43bcedf7ebd" testId="20006ab1-715c-4631-9e76-14417093bbb3" testName="Test868" computerName="UA-LPT-OGA2" duration="00:00:00.1400000" startTime="2025-05-14T13:20:31.3146610Z" endTime="2025-05-14T13:25:31.3147553Z" testType="13cdc9d9-ddb5-4fa4-a97d-d965ccfc6d4b" outcome="Passed" testListId="453fda98-821c-4e4e-983b-d3c0bc9e2d8e" />
    <UnitTestResult executionId="6605f49a-f445-4baf-a653-2539468d8cf4" testId="0b0edbee-ce6d-4a13-a230-b04c327213c7" testName="Test869" computerName="UA-LPT-OGA2" duration="00:00:01.2990000" startTime="2025-05-14T13:20:31.3146610Z" endTime="2025-05-14T13:25:31.3147553Z" testType="13cdc9d9-ddb5-4fa4-a97d-d965ccfc6d4b" outcome="Inconclusive" testListId="453fda98-821c-4e4e-983b-d3c0bc9e2d8e" />
    <UnitTestResult executionId="bf9268db-b2dd-4255-b23f-289f6b4a3648" testId="9fe32416-43ae-4f7f-9d54-4403087ecb9b" testName="Test870" computerName="UA-LPT-OGA2" duration="00:00:00.5580000" startTime="2025-05-14T13:20:31.3146610Z" endTime="2025-05-14T13:25:31.3147553Z" testType="13cdc9d9-ddb5-4fa4-a97d-d965ccfc6d4b" outcome="Passed" testListId="453fda98-821c-4e4e-983b-d3c0bc9e2d8e" />
    <UnitTestResult executionId="78aed1bd-daf3-49ed-907f-3bb77a47b0da" testId="1b984078-475a-46c5-86c9-bc6dc3fe2074" testName="Test871" computerName="UA-LPT-OGA2" duration="00:00:01.8460000" startTime="2025-05-14T13:20:31.3146610Z" endTime="2025-05-14T13:25:31.3147553Z" testType="13cdc9d9-ddb5-4fa4-a97d-d965ccfc6d4b" outcome="Failed" testListId="453fda98-821c-4e4e-983b-d3c0bc9e2d8e">
      <Output>
        <ErrorInfo>
          <Message>Assertion failed: Expected value did not match actual value.</Message>
          <StackTrace>   at TestNamespace.TestClass.Test() in TestClass.cs:line 310</StackTrace>
        </ErrorInfo>
      </Output>
    </UnitTestResult>
    <UnitTestResult executionId="5429c53b-fdcf-4dcd-9707-293beed0ce6e" testId="9abdeb1e-70e8-4f6a-89e9-cdb8c8d648fc" testName="Test872" computerName="UA-LPT-OGA2" duration="00:00:01.9320000" startTime="2025-05-14T13:20:31.3146610Z" endTime="2025-05-14T13:25:31.3147553Z" testType="13cdc9d9-ddb5-4fa4-a97d-d965ccfc6d4b" outcome="Passed" testListId="453fda98-821c-4e4e-983b-d3c0bc9e2d8e" />
    <UnitTestResult executionId="9a561370-2af6-47c7-9de6-ea8024c3e438" testId="a9027a5f-e4e4-4fe8-bd07-bcf80cc50b18" testName="Test873" computerName="UA-LPT-OGA2" duration="00:00:01.3020000" startTime="2025-05-14T13:20:31.3146610Z" endTime="2025-05-14T13:25:31.3147553Z" testType="13cdc9d9-ddb5-4fa4-a97d-d965ccfc6d4b" outcome="Passed" testListId="453fda98-821c-4e4e-983b-d3c0bc9e2d8e" />
    <UnitTestResult executionId="5db6c4dc-85f6-4ffa-a3f5-83c82059ccc3" testId="1a8b1c03-e510-4034-bbe3-a1607172e7a6" testName="Test874" computerName="UA-LPT-OGA2" duration="00:00:01.7410000" startTime="2025-05-14T13:20:31.3146610Z" endTime="2025-05-14T13:25:31.3147553Z" testType="13cdc9d9-ddb5-4fa4-a97d-d965ccfc6d4b" outcome="Passed" testListId="453fda98-821c-4e4e-983b-d3c0bc9e2d8e" />
    <UnitTestResult executionId="b7a8fa11-2c6c-43df-a892-c35ae9137f35" testId="d2b68cf9-6824-406e-9e48-3a02027b042f" testName="Test875" computerName="UA-LPT-OGA2" duration="00:00:00.6190000" startTime="2025-05-14T13:20:31.3146610Z" endTime="2025-05-14T13:25:31.3147553Z" testType="13cdc9d9-ddb5-4fa4-a97d-d965ccfc6d4b" outcome="Passed" testListId="453fda98-821c-4e4e-983b-d3c0bc9e2d8e" />
    <UnitTestResult executionId="01218731-b881-449c-bd83-fca8fffec2fb" testId="43251693-bfbe-456b-b0ae-ea7bae5977ca" testName="Test876" computerName="UA-LPT-OGA2" duration="00:00:01.7240000" startTime="2025-05-14T13:20:31.3146610Z" endTime="2025-05-14T13:25:31.3147553Z" testType="13cdc9d9-ddb5-4fa4-a97d-d965ccfc6d4b" outcome="Passed" testListId="453fda98-821c-4e4e-983b-d3c0bc9e2d8e" />
    <UnitTestResult executionId="c2b6e2f6-25f4-4945-a75e-56c186823f7c" testId="4fbc4663-6f2d-4167-99ae-edaabbddec69" testName="Test877" computerName="UA-LPT-OGA2" duration="00:00:01.7830000" startTime="2025-05-14T13:20:31.3146610Z" endTime="2025-05-14T13:25:31.3147553Z" testType="13cdc9d9-ddb5-4fa4-a97d-d965ccfc6d4b" outcome="Passed" testListId="453fda98-821c-4e4e-983b-d3c0bc9e2d8e" />
    <UnitTestResult executionId="9f2ede45-3c29-4acc-93ce-bd3eaefe9d3b" testId="fbb8b857-15bd-4d63-9a89-532a0d4b3886" testName="Test878" computerName="UA-LPT-OGA2" duration="00:00:00.9580000" startTime="2025-05-14T13:20:31.3146610Z" endTime="2025-05-14T13:25:31.3147553Z" testType="13cdc9d9-ddb5-4fa4-a97d-d965ccfc6d4b" outcome="Passed" testListId="453fda98-821c-4e4e-983b-d3c0bc9e2d8e" />
    <UnitTestResult executionId="d308ceee-b397-4d9d-a518-dde2cb8b75e6" testId="b44edef3-9ef9-4fec-b308-c9259d32f844" testName="Test879" computerName="UA-LPT-OGA2" duration="00:00:01.1550000" startTime="2025-05-14T13:20:31.3146610Z" endTime="2025-05-14T13:25:31.3147553Z" testType="13cdc9d9-ddb5-4fa4-a97d-d965ccfc6d4b" outcome="Passed" testListId="453fda98-821c-4e4e-983b-d3c0bc9e2d8e" />
    <UnitTestResult executionId="fa8fc4bd-f6b8-41c2-ad27-1d750090685b" testId="70c4806a-5f25-4ca6-aad0-e531ececfc4f" testName="Test880" computerName="UA-LPT-OGA2" duration="00:00:01.1340000" startTime="2025-05-14T13:20:31.3146610Z" endTime="2025-05-14T13:25:31.3147553Z" testType="13cdc9d9-ddb5-4fa4-a97d-d965ccfc6d4b" outcome="Passed" testListId="453fda98-821c-4e4e-983b-d3c0bc9e2d8e" />
    <UnitTestResult executionId="cfb0e7f5-b4f6-4bc9-9c64-ef0749f1cb82" testId="8937e58a-932b-4809-bfeb-12ed78b94598" testName="Test881" computerName="UA-LPT-OGA2" duration="00:00:00.3270000" startTime="2025-05-14T13:20:31.3146610Z" endTime="2025-05-14T13:25:31.3147553Z" testType="13cdc9d9-ddb5-4fa4-a97d-d965ccfc6d4b" outcome="Passed" testListId="453fda98-821c-4e4e-983b-d3c0bc9e2d8e" />
    <UnitTestResult executionId="d0a4042e-d8ea-44d5-8ead-33e1295f2963" testId="bdd81c00-89c9-45af-aff6-d048b116a704" testName="Test882" computerName="UA-LPT-OGA2" duration="00:00:01.5740000" startTime="2025-05-14T13:20:31.3146610Z" endTime="2025-05-14T13:25:31.3147553Z" testType="13cdc9d9-ddb5-4fa4-a97d-d965ccfc6d4b" outcome="Passed" testListId="453fda98-821c-4e4e-983b-d3c0bc9e2d8e" />
    <UnitTestResult executionId="bb109136-1676-486e-b5e9-065e95caf50b" testId="c7c1fa73-f9e5-4dd9-a599-4e4f2e24a35a" testName="Test883" computerName="UA-LPT-OGA2" duration="00:00:00.4800000" startTime="2025-05-14T13:20:31.3146610Z" endTime="2025-05-14T13:25:31.3147553Z" testType="13cdc9d9-ddb5-4fa4-a97d-d965ccfc6d4b" outcome="Passed" testListId="453fda98-821c-4e4e-983b-d3c0bc9e2d8e" />
    <UnitTestResult executionId="b9cae211-692d-4510-8a51-a9bd41da28c8" testId="465d380b-380d-4f2f-a840-4bed5b96d733" testName="Test884" computerName="UA-LPT-OGA2" duration="00:00:00.6500000" startTime="2025-05-14T13:20:31.3146610Z" endTime="2025-05-14T13:25:31.3147553Z" testType="13cdc9d9-ddb5-4fa4-a97d-d965ccfc6d4b" outcome="Passed" testListId="453fda98-821c-4e4e-983b-d3c0bc9e2d8e" />
    <UnitTestResult executionId="caf0c1bb-f8b4-459a-813b-8c2a1d318214" testId="ee8884be-2ea7-4003-8bbf-102135385b26" testName="Test885" computerName="UA-LPT-OGA2" duration="00:00:00.2150000" startTime="2025-05-14T13:20:31.3146610Z" endTime="2025-05-14T13:25:31.3147553Z" testType="13cdc9d9-ddb5-4fa4-a97d-d965ccfc6d4b" outcome="Passed" testListId="453fda98-821c-4e4e-983b-d3c0bc9e2d8e" />
    <UnitTestResult executionId="fd3c262a-a690-430b-b11c-34f4c96dca54" testId="6291ee8b-607c-403f-ab53-52801f1ff84d" testName="Test886" computerName="UA-LPT-OGA2" duration="00:00:00.7870000" startTime="2025-05-14T13:20:31.3146610Z" endTime="2025-05-14T13:25:31.3147553Z" testType="13cdc9d9-ddb5-4fa4-a97d-d965ccfc6d4b" outcome="Passed" testListId="453fda98-821c-4e4e-983b-d3c0bc9e2d8e" />
    <UnitTestResult executionId="458b4ce8-6e21-4394-8a99-939453ecd0c2" testId="95458149-d9cd-477f-af10-1abdf878fefc" testName="Test887" computerName="UA-LPT-OGA2" duration="00:00:01.3720000" startTime="2025-05-14T13:20:31.3146610Z" endTime="2025-05-14T13:25:31.3147553Z" testType="13cdc9d9-ddb5-4fa4-a97d-d965ccfc6d4b" outcome="Failed" testListId="453fda98-821c-4e4e-983b-d3c0bc9e2d8e">
      <Output>
        <ErrorInfo>
          <Message>Assertion failed: Expected value did not match actual value.</Message>
          <StackTrace>   at TestNamespace.TestClass.Test() in TestClass.cs:line 427</StackTrace>
        </ErrorInfo>
      </Output>
    </UnitTestResult>
    <UnitTestResult executionId="82ded397-76da-450d-aa5e-0a8549ac38c6" testId="ce5eaf9a-8911-4027-8db9-ab549165a95f" testName="Test888" computerName="UA-LPT-OGA2" duration="00:00:01.3200000" startTime="2025-05-14T13:20:31.3146610Z" endTime="2025-05-14T13:25:31.3147553Z" testType="13cdc9d9-ddb5-4fa4-a97d-d965ccfc6d4b" outcome="Passed" testListId="453fda98-821c-4e4e-983b-d3c0bc9e2d8e" />
    <UnitTestResult executionId="d50272a2-87bc-4fe3-9831-efe9ed4fff01" testId="f4c4a17f-98e5-443b-9030-f40978190f8e" testName="Test889" computerName="UA-LPT-OGA2" duration="00:00:00.6350000" startTime="2025-05-14T13:20:31.3146610Z" endTime="2025-05-14T13:25:31.3147553Z" testType="13cdc9d9-ddb5-4fa4-a97d-d965ccfc6d4b" outcome="Passed" testListId="453fda98-821c-4e4e-983b-d3c0bc9e2d8e" />
    <UnitTestResult executionId="281a6457-7585-4c58-9352-7086e94692f0" testId="0e2f6312-9bc7-44fd-9b69-f04d9843112c" testName="Test890" computerName="UA-LPT-OGA2" duration="00:00:00.1590000" startTime="2025-05-14T13:20:31.3146610Z" endTime="2025-05-14T13:25:31.3147553Z" testType="13cdc9d9-ddb5-4fa4-a97d-d965ccfc6d4b" outcome="Passed" testListId="453fda98-821c-4e4e-983b-d3c0bc9e2d8e" />
    <UnitTestResult executionId="c7606892-2496-4dd1-92bb-e359b99067f5" testId="fd7ac980-baa1-4156-b4ff-52e54405ed1c" testName="Test891" computerName="UA-LPT-OGA2" duration="00:00:00.9590000" startTime="2025-05-14T13:20:31.3146610Z" endTime="2025-05-14T13:25:31.3147553Z" testType="13cdc9d9-ddb5-4fa4-a97d-d965ccfc6d4b" outcome="Passed" testListId="453fda98-821c-4e4e-983b-d3c0bc9e2d8e" />
    <UnitTestResult executionId="4a95903d-f397-4f3d-a3e7-9d2198596266" testId="95e5c6e0-cff2-4283-a89d-bc5eb734e09a" testName="Test892" computerName="UA-LPT-OGA2" duration="00:00:01.2930000" startTime="2025-05-14T13:20:31.3146610Z" endTime="2025-05-14T13:25:31.3147553Z" testType="13cdc9d9-ddb5-4fa4-a97d-d965ccfc6d4b" outcome="Passed" testListId="453fda98-821c-4e4e-983b-d3c0bc9e2d8e" />
    <UnitTestResult executionId="f8ba6698-251c-4309-bed1-e202eebd486a" testId="5067c7b5-9ff6-40d5-8a25-e207e6096ab0" testName="Test893" computerName="UA-LPT-OGA2" duration="00:00:01.2160000" startTime="2025-05-14T13:20:31.3146610Z" endTime="2025-05-14T13:25:31.3147553Z" testType="13cdc9d9-ddb5-4fa4-a97d-d965ccfc6d4b" outcome="Passed" testListId="453fda98-821c-4e4e-983b-d3c0bc9e2d8e" />
    <UnitTestResult executionId="d01fd9d8-fb50-4a79-b230-9ca5a2c8048e" testId="0b29f8a9-1345-46cd-a513-0ec59eff7793" testName="Test894" computerName="UA-LPT-OGA2" duration="00:00:01.3070000" startTime="2025-05-14T13:20:31.3146610Z" endTime="2025-05-14T13:25:31.3147553Z" testType="13cdc9d9-ddb5-4fa4-a97d-d965ccfc6d4b" outcome="Passed" testListId="453fda98-821c-4e4e-983b-d3c0bc9e2d8e" />
    <UnitTestResult executionId="edeb4675-a51d-4361-8f5b-1f30b9da4b88" testId="810d020d-e0e0-4173-a94b-93d98dcf83e5" testName="Test895" computerName="UA-LPT-OGA2" duration="00:00:01.9810000" startTime="2025-05-14T13:20:31.3146610Z" endTime="2025-05-14T13:25:31.3147553Z" testType="13cdc9d9-ddb5-4fa4-a97d-d965ccfc6d4b" outcome="Passed" testListId="453fda98-821c-4e4e-983b-d3c0bc9e2d8e" />
    <UnitTestResult executionId="6c02f09d-f2cd-4457-a8e5-2deb953e3e9e" testId="3e3135a2-b190-49b2-86a9-b1d3ff8155bd" testName="Test896" computerName="UA-LPT-OGA2" duration="00:00:01.6040000" startTime="2025-05-14T13:20:31.3146610Z" endTime="2025-05-14T13:25:31.3147553Z" testType="13cdc9d9-ddb5-4fa4-a97d-d965ccfc6d4b" outcome="Passed" testListId="453fda98-821c-4e4e-983b-d3c0bc9e2d8e" />
    <UnitTestResult executionId="31e8ecb6-b257-4db0-bf1b-e1b5bddd4c87" testId="d9bc7d14-9de7-48ec-9be0-dedb467c3c0f" testName="Test897" computerName="UA-LPT-OGA2" duration="00:00:00.5580000" startTime="2025-05-14T13:20:31.3146610Z" endTime="2025-05-14T13:25:31.3147553Z" testType="13cdc9d9-ddb5-4fa4-a97d-d965ccfc6d4b" outcome="Passed" testListId="453fda98-821c-4e4e-983b-d3c0bc9e2d8e" />
    <UnitTestResult executionId="21e18e58-58f3-4afe-bced-3afeb882a162" testId="6da2d444-3e9d-4c2d-b277-a5271886d76e" testName="Test898" computerName="UA-LPT-OGA2" duration="00:00:01.8370000" startTime="2025-05-14T13:20:31.3146610Z" endTime="2025-05-14T13:25:31.3147553Z" testType="13cdc9d9-ddb5-4fa4-a97d-d965ccfc6d4b" outcome="Passed" testListId="453fda98-821c-4e4e-983b-d3c0bc9e2d8e" />
    <UnitTestResult executionId="7ed7ef7a-23b0-48b0-8661-f1a508035263" testId="2bbeb39a-f8f3-4ae8-b9e9-c29c6d93a571" testName="Test899" computerName="UA-LPT-OGA2" duration="00:00:00.6560000" startTime="2025-05-14T13:20:31.3146610Z" endTime="2025-05-14T13:25:31.3147553Z" testType="13cdc9d9-ddb5-4fa4-a97d-d965ccfc6d4b" outcome="Passed" testListId="453fda98-821c-4e4e-983b-d3c0bc9e2d8e" />
    <UnitTestResult executionId="bfb72072-693c-4323-b435-819195479983" testId="35b0f656-0f64-483d-b992-b22f7b91d93b" testName="Test900" computerName="UA-LPT-OGA2" duration="00:00:01.3450000" startTime="2025-05-14T13:20:31.3146610Z" endTime="2025-05-14T13:25:31.3147553Z" testType="13cdc9d9-ddb5-4fa4-a97d-d965ccfc6d4b" outcome="Failed" testListId="453fda98-821c-4e4e-983b-d3c0bc9e2d8e">
      <Output>
        <ErrorInfo>
          <Message>Assertion failed: Expected value did not match actual value.</Message>
          <StackTrace>   at TestNamespace.TestClass.Test() in TestClass.cs:line 298</StackTrace>
        </ErrorInfo>
      </Output>
    </UnitTestResult>
  </Results>
  <TestDefinitions>
    <UnitTest name="Test801" id="1a617197-870a-4640-bec7-4562e2a89e94" storage="TestAssembly.dll">
      <Execution id="a9ac87fe-c546-4219-b772-6cf5e63f237f" />
      <TestMethod codeBase="TestAssembly.dll" className="TestNamespace.TestClass1" name="Test801" />
    </UnitTest>
    <UnitTest name="Test802" id="d3caf86b-73bf-4428-afbe-df9cef1ebe4c" storage="TestAssembly.dll">
      <Execution id="fc78b149-04df-4dfe-92dc-cebc91473443" />
      <TestMethod codeBase="TestAssembly.dll" className="TestNamespace.TestClass1" name="Test802" />
    </UnitTest>
    <UnitTest name="Test803" id="9a868ee1-f228-40a4-8e68-761a6c2192f2" storage="TestAssembly.dll">
      <Execution id="490607df-738b-410d-ba38-4b4da09a1bd3" />
      <TestMethod codeBase="TestAssembly.dll" className="TestNamespace.TestClass1" name="Test803" />
    </UnitTest>
    <UnitTest name="Test804" id="61d30e1a-b9c3-4ff4-83f7-e1402b0ccc96" storage="TestAssembly.dll">
      <Execution id="e6af2b3d-03cf-4281-9ff3-45a2b4810637" />
      <TestMethod codeBase="TestAssembly.dll" className="TestNamespace.TestClass1" name="Test804" />
    </UnitTest>
    <UnitTest name="Test805" id="55819238-a3d1-4570-9520-e201db3d9c95" storage="TestAssembly.dll">
      <Execution id="b64d8da3-11c2-463a-896c-501d613b68c3" />
      <TestMethod codeBase="TestAssembly.dll" className="TestNamespace.TestClass1" name="Test805" />
    </UnitTest>
    <UnitTest name="Test806" id="a293a195-b7cc-4b52-904c-fc7f6d93078f" storage="TestAssembly.dll">
      <Execution id="6e2233e7-49d5-4b14-b854-a764a7b03d78" />
      <TestMethod codeBase="TestAssembly.dll" className="TestNamespace.TestClass1" name="Test806" />
    </UnitTest>
    <UnitTest name="Test807" id="e01ee56d-cb3c-43f4-b474-0684e01d4ba5" storage="TestAssembly.dll">
      <Execution id="9e8f25bc-eb69-4992-8c8b-3470f9affdde" />
      <TestMethod codeBase="TestAssembly.dll" className="TestNamespace.TestClass1" name="Test807" />
    </UnitTest>
    <UnitTest name="Test808" id="a0039b42-4ff7-4194-b16d-901f725b0738" storage="TestAssembly.dll">
      <Execution id="3c2353c8-690d-4c5c-90dc-50a959e4d0c7" />
      <TestMethod codeBase="TestAssembly.dll" className="TestNamespace.TestClass1" name="Test808" />
    </UnitTest>
    <UnitTest name="Test809" id="c83f78f3-5870-44ff-89f2-3b01fb6c8376" storage="TestAssembly.dll">
      <Execution id="510d7f4b-300a-425c-985b-4614b00381c4" />
      <TestMethod codeBase="TestAssembly.dll" className="TestNamespace.TestClass1" name="Test809" />
    </UnitTest>
    <UnitTest name="Test810" id="76b72913-2a49-4f9f-983f-a884137e2a98" storage="TestAssembly.dll">
      <Execution id="ca8ce1eb-1572-4b74-9ed9-b9acc72c2110" />
      <TestMethod codeBase="TestAssembly.dll" className="TestNamespace.TestClass1" name="Test810" />
    </UnitTest>
    <UnitTest name="Test811" id="e50248bf-18e8-488a-b0e7-8862b28b8a3e" storage="TestAssembly.dll">
      <Execution id="b4727360-8b31-45a3-baab-386635539ece" />
      <TestMethod codeBase="TestAssembly.dll" className="TestNamespace.TestClass2" name="Test811" />
    </UnitTest>
    <UnitTest name="Test812" id="f9d98454-a211-44d4-ba26-ff9cddb3dd96" storage="TestAssembly.dll">
      <Execution id="304f9323-7fed-4d8f-86fc-07a766df0d88" />
      <TestMethod codeBase="TestAssembly.dll" className="TestNamespace.TestClass2" name="Test812" />
    </UnitTest>
    <UnitTest name="Test813" id="fcb2cf82-5d9b-4d3e-ba86-455f9ec5aef3" storage="TestAssembly.dll">
      <Execution id="871d3049-5397-4c64-b2d5-ecac3c6c6f41" />
      <TestMethod codeBase="TestAssembly.dll" className="TestNamespace.TestClass2" name="Test813" />
    </UnitTest>
    <UnitTest name="Test814" id="12e33150-8ccd-4373-ad28-3b2db05512c5" storage="TestAssembly.dll">
      <Execution id="974dda3f-5257-4253-a449-8ddcf33b65fc" />
      <TestMethod codeBase="TestAssembly.dll" className="TestNamespace.TestClass2" name="Test814" />
    </UnitTest>
    <UnitTest name="Test815" id="8ec1ebd3-68a6-4aca-bfce-2f870a27dca1" storage="TestAssembly.dll">
      <Execution id="6b25fec1-b3a8-4c5e-8da1-760e037b6cdf" />
      <TestMethod codeBase="TestAssembly.dll" className="TestNamespace.TestClass2" name="Test815" />
    </UnitTest>
    <UnitTest name="Test816" id="cfa0cb65-3f04-4fe9-9f3d-7f6c4a66b420" storage="TestAssembly.dll">
      <Execution id="dbfc8023-a74b-4ad9-97fa-6ae0b792d479" />
      <TestMethod codeBase="TestAssembly.dll" className="TestNamespace.TestClass2" name="Test816" />
    </UnitTest>
    <UnitTest name="Test817" id="bf2c297f-b72b-4a0a-b933-764044123874" storage="TestAssembly.dll">
      <Execution id="4725c06b-dcd4-44eb-aba4-544c2d1c17d2" />
      <TestMethod codeBase="TestAssembly.dll" className="TestNamespace.TestClass2" name="Test817" />
    </UnitTest>
    <UnitTest name="Test818" id="4e675034-f61e-4f59-b667-9f87bb4c718b" storage="TestAssembly.dll">
      <Execution id="3a50e4e1-fa79-42ac-899a-05d14a494eb5" />
      <TestMethod codeBase="TestAssembly.dll" className="TestNamespace.TestClass2" name="Test818" />
    </UnitTest>
    <UnitTest name="Test819" id="a7934819-d321-43c3-b754-20d9aa6a9c6d" storage="TestAssembly.dll">
      <Execution id="83d6c873-a93c-4898-9629-5e907a37a3d2" />
      <TestMethod codeBase="TestAssembly.dll" className="TestNamespace.TestClass2" name="Test819" />
    </UnitTest>
    <UnitTest name="Test820" id="596fea42-2b1c-42a3-98e7-777b5515f25d" storage="TestAssembly.dll">
      <Execution id="94c6b5db-4496-4689-8f09-b13a94e0f177" />
      <TestMethod codeBase="TestAssembly.dll" className="TestNamespace.TestClass2" name="Test820" />
    </UnitTest>
    <UnitTest name="Test821" id="84b5b710-d7f6-47d5-8b48-3fe40f8121eb" storage="TestAssembly.dll">
      <Execution id="56fbb956-71b1-4307-9ca9-98e424851b58" />
      <TestMethod codeBase="TestAssembly.dll" className="TestNamespace.TestClass3" name="Test821" />
    </UnitTest>
    <UnitTest name="Test822" id="f44d82b8-ad11-4288-82fe-a2ecbbcc6419" storage="TestAssembly.dll">
      <Execution id="2ff69f88-aca4-436a-8b25-30f624b92aea" />
      <TestMethod codeBase="TestAssembly.dll" className="TestNamespace.TestClass3" name="Test822" />
    </UnitTest>
    <UnitTest name="Test823" id="7e08c19e-05a9-456e-b69d-a200d3e7fc71" storage="TestAssembly.dll">
      <Execution id="65b065d1-71e3-4289-9bbf-3b933a0a1414" />
      <TestMethod codeBase="TestAssembly.dll" className="TestNamespace.TestClass3" name="Test823" />
    </UnitTest>
    <UnitTest name="Test824" id="ea8194c9-ec21-4eed-9968-bd715c3ae406" storage="TestAssembly.dll">
      <Execution id="08edb933-d485-417e-b039-4e8aa5d81996" />
      <TestMethod codeBase="TestAssembly.dll" className="TestNamespace.TestClass3" name="Test824" />
    </UnitTest>
    <UnitTest name="Test825" id="b36f885f-e7d8-40fe-b383-d0ed8a3a0235" storage="TestAssembly.dll">
      <Execution id="6d530ea3-488b-4b52-ad1f-1bc504de8308" />
      <TestMethod codeBase="TestAssembly.dll" className="TestNamespace.TestClass3" name="Test825" />
    </UnitTest>
    <UnitTest name="Test826" id="cfc914fd-b667-4513-ab21-5fc7462a5e20" storage="TestAssembly.dll">
      <Execution id="7ee27408-325a-4d5a-8800-0922f432e020" />
      <TestMethod codeBase="TestAssembly.dll" className="TestNamespace.TestClass3" name="Test826" />
    </UnitTest>
    <UnitTest name="Test827" id="2ad216c4-f60d-478b-b621-2d60083f7743" storage="TestAssembly.dll">
      <Execution id="57bc346c-09a2-4343-a1f3-d320e293642d" />
      <TestMethod codeBase="TestAssembly.dll" className="TestNamespace.TestClass3" name="Test827" />
    </UnitTest>
    <UnitTest name="Test828" id="e4c85e87-0c25-44fe-ba55-90b812d16d97" storage="TestAssembly.dll">
      <Execution id="a7e5cbfb-ad17-4ac2-9135-1470c465c8a5" />
      <TestMethod codeBase="TestAssembly.dll" className="TestNamespace.TestClass3" name="Test828" />
    </UnitTest>
    <UnitTest name="Test829" id="ba5fd0ac-a0a7-47d4-b6f0-9fee84f3a4aa" storage="TestAssembly.dll">
      <Execution id="c15f00bc-f8d6-4006-9ef6-16966850d741" />
      <TestMethod codeBase="TestAssembly.dll" className="TestNamespace.TestClass3" name="Test829" />
    </UnitTest>
    <UnitTest name="Test830" id="2064e565-5068-499a-9779-10c0c2d8c513" storage="TestAssembly.dll">
      <Execution id="3f2db103-b8ce-41c3-8720-16982daacea9" />
      <TestMethod codeBase="TestAssembly.dll" className="TestNamespace.TestClass3" name="Test830" />
    </UnitTest>
    <UnitTest name="Test831" id="4c8c7a4c-0128-49aa-a5d9-0767bf601ce6" storage="TestAssembly.dll">
      <Execution id="f0f5b315-3e9c-4639-97b0-83931a0a76d5" />
      <TestMethod codeBase="TestAssembly.dll" className="TestNamespace.TestClass4" name="Test831" />
    </UnitTest>
    <UnitTest name="Test832" id="f5c24874-dc05-4f1b-b7a9-b3936b51dea6" storage="TestAssembly.dll">
      <Execution id="feaa7ec2-6017-43cd-8023-f2d10d391791" />
      <TestMethod codeBase="TestAssembly.dll" className="TestNamespace.TestClass4" name="Test832" />
    </UnitTest>
    <UnitTest name="Test833" id="586bef85-9012-4ecb-a71d-97f334b22ec2" storage="TestAssembly.dll">
      <Execution id="c50fc4ed-60b3-40ae-84ea-2e8bfa7dae93" />
      <TestMethod codeBase="TestAssembly.dll" className="TestNamespace.TestClass4" name="Test833" />
    </UnitTest>
    <UnitTest name="Test834" id="fb98024e-4a24-4925-98ea-e0c62c4efd2b" storage="TestAssembly.dll">
      <Execution id="58739f2b-b808-4d49-9474-375095872437" />
      <TestMethod codeBase="TestAssembly.dll" className="TestNamespace.TestClass4" name="Test834" />
    </UnitTest>
    <UnitTest name="Test835" id="d0b71f2d-1781-4dd7-9bc9-c56f973a2773" storage="TestAssembly.dll">
      <Execution id="b981e175-19e1-4816-8eda-ae2556c11be8" />
      <TestMethod codeBase="TestAssembly.dll" className="TestNamespace.TestClass4" name="Test835" />
    </UnitTest>
    <UnitTest name="Test836" id="7cbbc47e-e005-4ccb-a11e-192fda1b7e56" storage="TestAssembly.dll">
      <Execution id="3a32d4ab-6844-4aae-b0ca-c7cb7f4eb966" />
      <TestMethod codeBase="TestAssembly.dll" className="TestNamespace.TestClass4" name="Test836" />
    </UnitTest>
    <UnitTest name="Test837" id="97dad6cd-58be-4f77-aa30-cdba195f7812" storage="TestAssembly.dll">
      <Execution id="5c024ae0-724a-4e0e-8708-d6ff43fda2ee" />
      <TestMethod codeBase="TestAssembly.dll" className="TestNamespace.TestClass4" name="Test837" />
    </UnitTest>
    <UnitTest name="Test838" id="6c6938f3-d673-46d2-8b4f-9cdf4ee9e161" storage="TestAssembly.dll">
      <Execution id="eca63cf7-a2a3-4df1-bdcf-d3c082282087" />
      <TestMethod codeBase="TestAssembly.dll" className="TestNamespace.TestClass4" name="Test838" />
    </UnitTest>
    <UnitTest name="Test839" id="09bc7d4d-8b29-4f29-b2a3-f2e95bcb54f1" storage="TestAssembly.dll">
      <Execution id="d4fb2cb7-c51f-492f-8ebf-b8d80971c92c" />
      <TestMethod codeBase="TestAssembly.dll" className="TestNamespace.TestClass4" name="Test839" />
    </UnitTest>
    <UnitTest name="Test840" id="e1f86cff-6503-431d-9d55-2fd9c13f4f4f" storage="TestAssembly.dll">
      <Execution id="b61521f5-86e3-49b6-9455-13b9ed54d229" />
      <TestMethod codeBase="TestAssembly.dll" className="TestNamespace.TestClass4" name="Test840" />
    </UnitTest>
    <UnitTest name="Test841" id="be8d932f-8263-472e-aa30-cc591adf9a16" storage="TestAssembly.dll">
      <Execution id="5d6b5a6d-90f9-4a8c-b05d-600e8e0cba3b" />
      <TestMethod codeBase="TestAssembly.dll" className="TestNamespace.TestClass5" name="Test841" />
    </UnitTest>
    <UnitTest name="Test842" id="a4d80231-95e3-4f8f-982e-d30e825aad2f" storage="TestAssembly.dll">
      <Execution id="07047b43-42ca-4c34-acc6-db305703907c" />
      <TestMethod codeBase="TestAssembly.dll" className="TestNamespace.TestClass5" name="Test842" />
    </UnitTest>
    <UnitTest name="Test843" id="5b89c4a4-c7ac-4237-9f74-dd1498132c12" storage="TestAssembly.dll">
      <Execution id="00fb3114-19ed-4ec2-8be3-9c9cf5bbec19" />
      <TestMethod codeBase="TestAssembly.dll" className="TestNamespace.TestClass5" name="Test843" />
    </UnitTest>
    <UnitTest name="Test844" id="d7db25ba-e665-4038-abcc-37fcd25a8704" storage="TestAssembly.dll">
      <Execution id="4c99b1ca-fc3f-47d8-83bc-5f124c873e72" />
      <TestMethod codeBase="TestAssembly.dll" className="TestNamespace.TestClass5" name="Test844" />
    </UnitTest>
    <UnitTest name="Test845" id="90f698a0-45d0-4c9e-b6e7-b2445f0d78d0" storage="TestAssembly.dll">
      <Execution id="7e241d46-9476-4706-a718-a7ef42bfaee2" />
      <TestMethod codeBase="TestAssembly.dll" className="TestNamespace.TestClass5" name="Test845" />
    </UnitTest>
    <UnitTest name="Test846" id="44596146-347b-4129-b20d-030363d4349e" storage="TestAssembly.dll">
      <Execution id="473dfd80-1e2f-4fb3-89e2-8a5bb2762a32" />
      <TestMethod codeBase="TestAssembly.dll" className="TestNamespace.TestClass5" name="Test846" />
    </UnitTest>
    <UnitTest name="Test847" id="2831ae5a-f447-4b8e-adad-789e831a606d" storage="TestAssembly.dll">
      <Execution id="50c0910b-d4b1-4ef5-895e-8e3cc749a56c" />
      <TestMethod codeBase="TestAssembly.dll" className="TestNamespace.TestClass5" name="Test847" />
    </UnitTest>
    <UnitTest name="Test848" id="e0faad16-9b40-410f-aecf-9f9996e9d2ee" storage="TestAssembly.dll">
      <Execution id="a0a0417c-16cb-4795-af5b-be04fb707258" />
      <TestMethod codeBase="TestAssembly.dll" className="TestNamespace.TestClass5" name="Test848" />
    </UnitTest>
    <UnitTest name="Test849" id="92de7ed7-886c-469b-a12f-ac4214af76a9" storage="TestAssembly.dll">
      <Execution id="4462a574-6af5-4c00-a3e3-848af775e0ce" />
      <TestMethod codeBase="TestAssembly.dll" className="TestNamespace.TestClass5" name="Test849" />
    </UnitTest>
    <UnitTest name="Test850" id="8c40b4d9-fb7d-4b03-bdd5-e6554ec3c031" storage="TestAssembly.dll">
      <Execution id="f7f0eb18-bfd4-4c94-9147-63db36116863" />
      <TestMethod codeBase="TestAssembly.dll" className="TestNamespace.TestClass5" name="Test850" />
    </UnitTest>
    <UnitTest name="Test851" id="61e45de9-373c-47c2-b0f5-25c715e88446" storage="TestAssembly.dll">
      <Execution id="e59f366a-0258-4503-8000-57f7915b23bb" />
      <TestMethod codeBase="TestAssembly.dll" className="TestNamespace.TestClass6" name="Test851" />
    </UnitTest>
    <UnitTest name="Test852" id="df60bdbd-3632-4124-95ba-8c199202b736" storage="TestAssembly.dll">
      <Execution id="7e89db37-deb5-44d9-8bf2-b67ec88bfbee" />
      <TestMethod codeBase="TestAssembly.dll" className="TestNamespace.TestClass6" name="Test852" />
    </UnitTest>
    <UnitTest name="Test853" id="77ce5f4a-7793-42c3-a04c-381409d91c83" storage="TestAssembly.dll">
      <Execution id="1193d38f-546c-44df-ae94-2de44875a223" />
      <TestMethod codeBase="TestAssembly.dll" className="TestNamespace.TestClass6" name="Test853" />
    </UnitTest>
    <UnitTest name="Test854" id="68e14540-cf29-457c-b4ef-a4155a041021" storage="TestAssembly.dll">
      <Execution id="80b59777-c3b2-4ca3-9648-ab429cbd97a9" />
      <TestMethod codeBase="TestAssembly.dll" className="TestNamespace.TestClass6" name="Test854" />
    </UnitTest>
    <UnitTest name="Test855" id="5a92adaa-9f86-4a7b-886f-7ffc72efeb37" storage="TestAssembly.dll">
      <Execution id="c7398723-9ac7-4b6d-9c28-2d5c64bb59df" />
      <TestMethod codeBase="TestAssembly.dll" className="TestNamespace.TestClass6" name="Test855" />
    </UnitTest>
    <UnitTest name="Test856" id="de39a223-612d-451b-8504-e1293369459a" storage="TestAssembly.dll">
      <Execution id="4bc70dad-8006-458d-961c-5b7240debb78" />
      <TestMethod codeBase="TestAssembly.dll" className="TestNamespace.TestClass6" name="Test856" />
    </UnitTest>
    <UnitTest name="Test857" id="368079c8-ff4f-4b32-8ce2-2df410bfcd61" storage="TestAssembly.dll">
      <Execution id="e5ef464b-c032-47d9-b074-45471e0601fd" />
      <TestMethod codeBase="TestAssembly.dll" className="TestNamespace.TestClass6" name="Test857" />
    </UnitTest>
    <UnitTest name="Test858" id="610500be-f1cc-4d6f-a22b-054ff7b11bae" storage="TestAssembly.dll">
      <Execution id="ae31f28c-9f97-43e2-81db-e14156185de9" />
      <TestMethod codeBase="TestAssembly.dll" className="TestNamespace.TestClass6" name="Test858" />
    </UnitTest>
    <UnitTest name="Test859" id="ba39cc19-ac0e-4d27-aba7-dd9edae174c5" storage="TestAssembly.dll">
      <Execution id="a95d2493-8343-4582-8a1b-88d3707f9569" />
      <TestMethod codeBase="TestAssembly.dll" className="TestNamespace.TestClass6" name="Test859" />
    </UnitTest>
    <UnitTest name="Test860" id="43ff55b6-185f-456b-8b0c-183ff33ebfaa" storage="TestAssembly.dll">
      <Execution id="ca7b1180-16cf-4ec5-a4ed-f8b0c4f60aac" />
      <TestMethod codeBase="TestAssembly.dll" className="TestNamespace.TestClass6" name="Test860" />
    </UnitTest>
    <UnitTest name="Test861" id="df391451-1339-42d6-b900-b8780d2cde7d" storage="TestAssembly.dll">
      <Execution id="d31b7c9a-8c03-4bbb-b8c9-71c8505b85cd" />
      <TestMethod codeBase="TestAssembly.dll" className="TestNamespace.TestClass7" name="Test861" />
    </UnitTest>
    <UnitTest name="Test862" id="84deb5a7-29aa-4b49-aa9d-75295440dbcb" storage="TestAssembly.dll">
      <Execution id="8e22784c-78a6-4ae8-80d5-c88b063f860c" />
      <TestMethod codeBase="TestAssembly.dll" className="TestNamespace.TestClass7" name="Test862" />
    </UnitTest>
    <UnitTest name="Test863" id="1747ed82-859e-4aec-8468-1f35fdb3fe51" storage="TestAssembly.dll">
      <Execution id="ca817572-d5fa-407b-a1fe-d35d8c89a3ee" />
      <TestMethod codeBase="TestAssembly.dll" className="TestNamespace.TestClass7" name="Test863" />
    </UnitTest>
    <UnitTest name="Test864" id="0cf3701e-54a0-4bab-8e3d-ec6127f97391" storage="TestAssembly.dll">
      <Execution id="0c4b9192-3e2c-4395-9dd6-bd1ea671c7d4" />
      <TestMethod codeBase="TestAssembly.dll" className="TestNamespace.TestClass7" name="Test864" />
    </UnitTest>
    <UnitTest name="Test865" id="97475301-f46e-4bb8-8ac9-f40b4bb6c004" storage="TestAssembly.dll">
      <Execution id="5ee11f1d-b1ff-4652-9859-ad534390b42a" />
      <TestMethod codeBase="TestAssembly.dll" className="TestNamespace.TestClass7" name="Test865" />
    </UnitTest>
    <UnitTest name="Test866" id="c425edaf-f0d4-493f-a33a-e5165982ab27" storage="TestAssembly.dll">
      <Execution id="437d59d3-c9d4-47c0-8d14-e1d70b4900eb" />
      <TestMethod codeBase="TestAssembly.dll" className="TestNamespace.TestClass7" name="Test866" />
    </UnitTest>
    <UnitTest name="Test867" id="8dcb4c5b-76bb-4bae-ab3e-c4f1a09f53bd" storage="TestAssembly.dll">
      <Execution id="732d26ec-7918-4d2a-b333-48ae92aa55d3" />
      <TestMethod codeBase="TestAssembly.dll" className="TestNamespace.TestClass7" name="Test867" />
    </UnitTest>
    <UnitTest name="Test868" id="20006ab1-715c-4631-9e76-14417093bbb3" storage="TestAssembly.dll">
      <Execution id="e6eca199-5ccd-4691-9891-d43bcedf7ebd" />
      <TestMethod codeBase="TestAssembly.dll" className="TestNamespace.TestClass7" name="Test868" />
    </UnitTest>
    <UnitTest name="Test869" id="0b0edbee-ce6d-4a13-a230-b04c327213c7" storage="TestAssembly.dll">
      <Execution id="6605f49a-f445-4baf-a653-2539468d8cf4" />
      <TestMethod codeBase="TestAssembly.dll" className="TestNamespace.TestClass7" name="Test869" />
    </UnitTest>
    <UnitTest name="Test870" id="9fe32416-43ae-4f7f-9d54-4403087ecb9b" storage="TestAssembly.dll">
      <Execution id="bf9268db-b2dd-4255-b23f-289f6b4a3648" />
      <TestMethod codeBase="TestAssembly.dll" className="TestNamespace.TestClass7" name="Test870" />
    </UnitTest>
    <UnitTest name="Test871" id="1b984078-475a-46c5-86c9-bc6dc3fe2074" storage="TestAssembly.dll">
      <Execution id="78aed1bd-daf3-49ed-907f-3bb77a47b0da" />
      <TestMethod codeBase="TestAssembly.dll" className="TestNamespace.TestClass8" name="Test871" />
    </UnitTest>
    <UnitTest name="Test872" id="9abdeb1e-70e8-4f6a-89e9-cdb8c8d648fc" storage="TestAssembly.dll">
      <Execution id="5429c53b-fdcf-4dcd-9707-293beed0ce6e" />
      <TestMethod codeBase="TestAssembly.dll" className="TestNamespace.TestClass8" name="Test872" />
    </UnitTest>
    <UnitTest name="Test873" id="a9027a5f-e4e4-4fe8-bd07-bcf80cc50b18" storage="TestAssembly.dll">
      <Execution id="9a561370-2af6-47c7-9de6-ea8024c3e438" />
      <TestMethod codeBase="TestAssembly.dll" className="TestNamespace.TestClass8" name="Test873" />
    </UnitTest>
    <UnitTest name="Test874" id="1a8b1c03-e510-4034-bbe3-a1607172e7a6" storage="TestAssembly.dll">
      <Execution id="5db6c4dc-85f6-4ffa-a3f5-83c82059ccc3" />
      <TestMethod codeBase="TestAssembly.dll" className="TestNamespace.TestClass8" name="Test874" />
    </UnitTest>
    <UnitTest name="Test875" id="d2b68cf9-6824-406e-9e48-3a02027b042f" storage="TestAssembly.dll">
      <Execution id="b7a8fa11-2c6c-43df-a892-c35ae9137f35" />
      <TestMethod codeBase="TestAssembly.dll" className="TestNamespace.TestClass8" name="Test875" />
    </UnitTest>
    <UnitTest name="Test876" id="43251693-bfbe-456b-b0ae-ea7bae5977ca" storage="TestAssembly.dll">
      <Execution id="01218731-b881-449c-bd83-fca8fffec2fb" />
      <TestMethod codeBase="TestAssembly.dll" className="TestNamespace.TestClass8" name="Test876" />
    </UnitTest>
    <UnitTest name="Test877" id="4fbc4663-6f2d-4167-99ae-edaabbddec69" storage="TestAssembly.dll">
      <Execution id="c2b6e2f6-25f4-4945-a75e-56c186823f7c" />
      <TestMethod codeBase="TestAssembly.dll" className="TestNamespace.TestClass8" name="Test877" />
    </UnitTest>
    <UnitTest name="Test878" id="fbb8b857-15bd-4d63-9a89-532a0d4b3886" storage="TestAssembly.dll">
      <Execution id="9f2ede45-3c29-4acc-93ce-bd3eaefe9d3b" />
      <TestMethod codeBase="TestAssembly.dll" className="TestNamespace.TestClass8" name="Test878" />
    </UnitTest>
    <UnitTest name="Test879" id="b44edef3-9ef9-4fec-b308-c9259d32f844" storage="TestAssembly.dll">
      <Execution id="d308ceee-b397-4d9d-a518-dde2cb8b75e6" />
      <TestMethod codeBase="TestAssembly.dll" className="TestNamespace.TestClass8" name="Test879" />
    </UnitTest>
    <UnitTest name="Test880" id="70c4806a-5f25-4ca6-aad0-e531ececfc4f" storage="TestAssembly.dll">
      <Execution id="fa8fc4bd-f6b8-41c2-ad27-1d750090685b" />
      <TestMethod codeBase="TestAssembly.dll" className="TestNamespace.TestClass8" name="Test880" />
    </UnitTest>
    <UnitTest name="Test881" id="8937e58a-932b-4809-bfeb-12ed78b94598" storage="TestAssembly.dll">
      <Execution id="cfb0e7f5-b4f6-4bc9-9c64-ef0749f1cb82" />
      <TestMethod codeBase="TestAssembly.dll" className="TestNamespace.TestClass9" name="Test881" />
    </UnitTest>
    <UnitTest name="Test882" id="bdd81c00-89c9-45af-aff6-d048b116a704" storage="TestAssembly.dll">
      <Execution id="d0a4042e-d8ea-44d5-8ead-33e1295f2963" />
      <TestMethod codeBase="TestAssembly.dll" className="TestNamespace.TestClass9" name="Test882" />
    </UnitTest>
    <UnitTest name="Test883" id="c7c1fa73-f9e5-4dd9-a599-4e4f2e24a35a" storage="TestAssembly.dll">
      <Execution id="bb109136-1676-486e-b5e9-065e95caf50b" />
      <TestMethod codeBase="TestAssembly.dll" className="TestNamespace.TestClass9" name="Test883" />
    </UnitTest>
    <UnitTest name="Test884" id="465d380b-380d-4f2f-a840-4bed5b96d733" storage="TestAssembly.dll">
      <Execution id="b9cae211-692d-4510-8a51-a9bd41da28c8" />
      <TestMethod codeBase="TestAssembly.dll" className="TestNamespace.TestClass9" name="Test884" />
    </UnitTest>
    <UnitTest name="Test885" id="ee8884be-2ea7-4003-8bbf-102135385b26" storage="TestAssembly.dll">
      <Execution id="caf0c1bb-f8b4-459a-813b-8c2a1d318214" />
      <TestMethod codeBase="TestAssembly.dll" className="TestNamespace.TestClass9" name="Test885" />
    </UnitTest>
    <UnitTest name="Test886" id="6291ee8b-607c-403f-ab53-52801f1ff84d" storage="TestAssembly.dll">
      <Execution id="fd3c262a-a690-430b-b11c-34f4c96dca54" />
      <TestMethod codeBase="TestAssembly.dll" className="TestNamespace.TestClass9" name="Test886" />
    </UnitTest>
    <UnitTest name="Test887" id="95458149-d9cd-477f-af10-1abdf878fefc" storage="TestAssembly.dll">
      <Execution id="458b4ce8-6e21-4394-8a99-939453ecd0c2" />
      <TestMethod codeBase="TestAssembly.dll" className="TestNamespace.TestClass9" name="Test887" />
    </UnitTest>
    <UnitTest name="Test888" id="ce5eaf9a-8911-4027-8db9-ab549165a95f" storage="TestAssembly.dll">
      <Execution id="82ded397-76da-450d-aa5e-0a8549ac38c6" />
      <TestMethod codeBase="TestAssembly.dll" className="TestNamespace.TestClass9" name="Test888" />
    </UnitTest>
    <UnitTest name="Test889" id="f4c4a17f-98e5-443b-9030-f40978190f8e" storage="TestAssembly.dll">
      <Execution id="d50272a2-87bc-4fe3-9831-efe9ed4fff01" />
      <TestMethod codeBase="TestAssembly.dll" className="TestNamespace.TestClass9" name="Test889" />
    </UnitTest>
    <UnitTest name="Test890" id="0e2f6312-9bc7-44fd-9b69-f04d9843112c" storage="TestAssembly.dll">
      <Execution id="281a6457-7585-4c58-9352-7086e94692f0" />
      <TestMethod codeBase="TestAssembly.dll" className="TestNamespace.TestClass9" name="Test890" />
    </UnitTest>
    <UnitTest name="Test891" id="fd7ac980-baa1-4156-b4ff-52e54405ed1c" storage="TestAssembly.dll">
      <Execution id="c7606892-2496-4dd1-92bb-e359b99067f5" />
      <TestMethod codeBase="TestAssembly.dll" className="TestNamespace.TestClass10" name="Test891" />
    </UnitTest>
    <UnitTest name="Test892" id="95e5c6e0-cff2-4283-a89d-bc5eb734e09a" storage="TestAssembly.dll">
      <Execution id="4a95903d-f397-4f3d-a3e7-9d2198596266" />
      <TestMethod codeBase="TestAssembly.dll" className="TestNamespace.TestClass10" name="Test892" />
    </UnitTest>
    <UnitTest name="Test893" id="5067c7b5-9ff6-40d5-8a25-e207e6096ab0" storage="TestAssembly.dll">
      <Execution id="f8ba6698-251c-4309-bed1-e202eebd486a" />
      <TestMethod codeBase="TestAssembly.dll" className="TestNamespace.TestClass10" name="Test893" />
    </UnitTest>
    <UnitTest name="Test894" id="0b29f8a9-1345-46cd-a513-0ec59eff7793" storage="TestAssembly.dll">
      <Execution id="d01fd9d8-fb50-4a79-b230-9ca5a2c8048e" />
      <TestMethod codeBase="TestAssembly.dll" className="TestNamespace.TestClass10" name="Test894" />
    </UnitTest>
    <UnitTest name="Test895" id="810d020d-e0e0-4173-a94b-93d98dcf83e5" storage="TestAssembly.dll">
      <Execution id="edeb4675-a51d-4361-8f5b-1f30b9da4b88" />
      <TestMethod codeBase="TestAssembly.dll" className="TestNamespace.TestClass10" name="Test895" />
    </UnitTest>
    <UnitTest name="Test896" id="3e3135a2-b190-49b2-86a9-b1d3ff8155bd" storage="TestAssembly.dll">
      <Execution id="6c02f09d-f2cd-4457-a8e5-2deb953e3e9e" />
      <TestMethod codeBase="TestAssembly.dll" className="TestNamespace.TestClass10" name="Test896" />
    </UnitTest>
    <UnitTest name="Test897" id="d9bc7d14-9de7-48ec-9be0-dedb467c3c0f" storage="TestAssembly.dll">
      <Execution id="31e8ecb6-b257-4db0-bf1b-e1b5bddd4c87" />
      <TestMethod codeBase="TestAssembly.dll" className="TestNamespace.TestClass10" name="Test897" />
    </UnitTest>
    <UnitTest name="Test898" id="6da2d444-3e9d-4c2d-b277-a5271886d76e" storage="TestAssembly.dll">
      <Execution id="21e18e58-58f3-4afe-bced-3afeb882a162" />
      <TestMethod codeBase="TestAssembly.dll" className="TestNamespace.TestClass10" name="Test898" />
    </UnitTest>
    <UnitTest name="Test899" id="2bbeb39a-f8f3-4ae8-b9e9-c29c6d93a571" storage="TestAssembly.dll">
      <Execution id="7ed7ef7a-23b0-48b0-8661-f1a508035263" />
      <TestMethod codeBase="TestAssembly.dll" className="TestNamespace.TestClass10" name="Test899" />
    </UnitTest>
    <UnitTest name="Test900" id="35b0f656-0f64-483d-b992-b22f7b91d93b" storage="TestAssembly.dll">
      <Execution id="bfb72072-693c-4323-b435-819195479983" />
      <TestMethod codeBase="TestAssembly.dll" className="TestNamespace.TestClass10" name="Test900" />
    </UnitTest>
  </TestDefinitions>
  <TestEntries>
    <TestEntry testId="1a617197-870a-4640-bec7-4562e2a89e94" executionId="a9ac87fe-c546-4219-b772-6cf5e63f237f" testListId="453fda98-821c-4e4e-983b-d3c0bc9e2d8e" />
    <TestEntry testId="d3caf86b-73bf-4428-afbe-df9cef1ebe4c" executionId="fc78b149-04df-4dfe-92dc-cebc91473443" testListId="453fda98-821c-4e4e-983b-d3c0bc9e2d8e" />
    <TestEntry testId="9a868ee1-f228-40a4-8e68-761a6c2192f2" executionId="490607df-738b-410d-ba38-4b4da09a1bd3" testListId="453fda98-821c-4e4e-983b-d3c0bc9e2d8e" />
    <TestEntry testId="61d30e1a-b9c3-4ff4-83f7-e1402b0ccc96" executionId="e6af2b3d-03cf-4281-9ff3-45a2b4810637" testListId="453fda98-821c-4e4e-983b-d3c0bc9e2d8e" />
    <TestEntry testId="55819238-a3d1-4570-9520-e201db3d9c95" executionId="b64d8da3-11c2-463a-896c-501d613b68c3" testListId="453fda98-821c-4e4e-983b-d3c0bc9e2d8e" />
    <TestEntry testId="a293a195-b7cc-4b52-904c-fc7f6d93078f" executionId="6e2233e7-49d5-4b14-b854-a764a7b03d78" testListId="453fda98-821c-4e4e-983b-d3c0bc9e2d8e" />
    <TestEntry testId="e01ee56d-cb3c-43f4-b474-0684e01d4ba5" executionId="9e8f25bc-eb69-4992-8c8b-3470f9affdde" testListId="453fda98-821c-4e4e-983b-d3c0bc9e2d8e" />
    <TestEntry testId="a0039b42-4ff7-4194-b16d-901f725b0738" executionId="3c2353c8-690d-4c5c-90dc-50a959e4d0c7" testListId="453fda98-821c-4e4e-983b-d3c0bc9e2d8e" />
    <TestEntry testId="c83f78f3-5870-44ff-89f2-3b01fb6c8376" executionId="510d7f4b-300a-425c-985b-4614b00381c4" testListId="453fda98-821c-4e4e-983b-d3c0bc9e2d8e" />
    <TestEntry testId="76b72913-2a49-4f9f-983f-a884137e2a98" executionId="ca8ce1eb-1572-4b74-9ed9-b9acc72c2110" testListId="453fda98-821c-4e4e-983b-d3c0bc9e2d8e" />
    <TestEntry testId="e50248bf-18e8-488a-b0e7-8862b28b8a3e" executionId="b4727360-8b31-45a3-baab-386635539ece" testListId="453fda98-821c-4e4e-983b-d3c0bc9e2d8e" />
    <TestEntry testId="f9d98454-a211-44d4-ba26-ff9cddb3dd96" executionId="304f9323-7fed-4d8f-86fc-07a766df0d88" testListId="453fda98-821c-4e4e-983b-d3c0bc9e2d8e" />
    <TestEntry testId="fcb2cf82-5d9b-4d3e-ba86-455f9ec5aef3" executionId="871d3049-5397-4c64-b2d5-ecac3c6c6f41" testListId="453fda98-821c-4e4e-983b-d3c0bc9e2d8e" />
    <TestEntry testId="12e33150-8ccd-4373-ad28-3b2db05512c5" executionId="974dda3f-5257-4253-a449-8ddcf33b65fc" testListId="453fda98-821c-4e4e-983b-d3c0bc9e2d8e" />
    <TestEntry testId="8ec1ebd3-68a6-4aca-bfce-2f870a27dca1" executionId="6b25fec1-b3a8-4c5e-8da1-760e037b6cdf" testListId="453fda98-821c-4e4e-983b-d3c0bc9e2d8e" />
    <TestEntry testId="cfa0cb65-3f04-4fe9-9f3d-7f6c4a66b420" executionId="dbfc8023-a74b-4ad9-97fa-6ae0b792d479" testListId="453fda98-821c-4e4e-983b-d3c0bc9e2d8e" />
    <TestEntry testId="bf2c297f-b72b-4a0a-b933-764044123874" executionId="4725c06b-dcd4-44eb-aba4-544c2d1c17d2" testListId="453fda98-821c-4e4e-983b-d3c0bc9e2d8e" />
    <TestEntry testId="4e675034-f61e-4f59-b667-9f87bb4c718b" executionId="3a50e4e1-fa79-42ac-899a-05d14a494eb5" testListId="453fda98-821c-4e4e-983b-d3c0bc9e2d8e" />
    <TestEntry testId="a7934819-d321-43c3-b754-20d9aa6a9c6d" executionId="83d6c873-a93c-4898-9629-5e907a37a3d2" testListId="453fda98-821c-4e4e-983b-d3c0bc9e2d8e" />
    <TestEntry testId="596fea42-2b1c-42a3-98e7-777b5515f25d" executionId="94c6b5db-4496-4689-8f09-b13a94e0f177" testListId="453fda98-821c-4e4e-983b-d3c0bc9e2d8e" />
    <TestEntry testId="84b5b710-d7f6-47d5-8b48-3fe40f8121eb" executionId="56fbb956-71b1-4307-9ca9-98e424851b58" testListId="453fda98-821c-4e4e-983b-d3c0bc9e2d8e" />
    <TestEntry testId="f44d82b8-ad11-4288-82fe-a2ecbbcc6419" executionId="2ff69f88-aca4-436a-8b25-30f624b92aea" testListId="453fda98-821c-4e4e-983b-d3c0bc9e2d8e" />
    <TestEntry testId="7e08c19e-05a9-456e-b69d-a200d3e7fc71" executionId="65b065d1-71e3-4289-9bbf-3b933a0a1414" testListId="453fda98-821c-4e4e-983b-d3c0bc9e2d8e" />
    <TestEntry testId="ea8194c9-ec21-4eed-9968-bd715c3ae406" executionId="08edb933-d485-417e-b039-4e8aa5d81996" testListId="453fda98-821c-4e4e-983b-d3c0bc9e2d8e" />
    <TestEntry testId="b36f885f-e7d8-40fe-b383-d0ed8a3a0235" executionId="6d530ea3-488b-4b52-ad1f-1bc504de8308" testListId="453fda98-821c-4e4e-983b-d3c0bc9e2d8e" />
    <TestEntry testId="cfc914fd-b667-4513-ab21-5fc7462a5e20" executionId="7ee27408-325a-4d5a-8800-0922f432e020" testListId="453fda98-821c-4e4e-983b-d3c0bc9e2d8e" />
    <TestEntry testId="2ad216c4-f60d-478b-b621-2d60083f7743" executionId="57bc346c-09a2-4343-a1f3-d320e293642d" testListId="453fda98-821c-4e4e-983b-d3c0bc9e2d8e" />
    <TestEntry testId="e4c85e87-0c25-44fe-ba55-90b812d16d97" executionId="a7e5cbfb-ad17-4ac2-9135-1470c465c8a5" testListId="453fda98-821c-4e4e-983b-d3c0bc9e2d8e" />
    <TestEntry testId="ba5fd0ac-a0a7-47d4-b6f0-9fee84f3a4aa" executionId="c15f00bc-f8d6-4006-9ef6-16966850d741" testListId="453fda98-821c-4e4e-983b-d3c0bc9e2d8e" />
    <TestEntry testId="2064e565-5068-499a-9779-10c0c2d8c513" executionId="3f2db103-b8ce-41c3-8720-16982daacea9" testListId="453fda98-821c-4e4e-983b-d3c0bc9e2d8e" />
    <TestEntry testId="4c8c7a4c-0128-49aa-a5d9-0767bf601ce6" executionId="f0f5b315-3e9c-4639-97b0-83931a0a76d5" testListId="453fda98-821c-4e4e-983b-d3c0bc9e2d8e" />
    <TestEntry testId="f5c24874-dc05-4f1b-b7a9-b3936b51dea6" executionId="feaa7ec2-6017-43cd-8023-f2d10d391791" testListId="453fda98-821c-4e4e-983b-d3c0bc9e2d8e" />
    <TestEntry testId="586bef85-9012-4ecb-a71d-97f334b22ec2" executionId="c50fc4ed-60b3-40ae-84ea-2e8bfa7dae93" testListId="453fda98-821c-4e4e-983b-d3c0bc9e2d8e" />
    <TestEntry testId="fb98024e-4a24-4925-98ea-e0c62c4efd2b" executionId="58739f2b-b808-4d49-9474-375095872437" testListId="453fda98-821c-4e4e-983b-d3c0bc9e2d8e" />
    <TestEntry testId="d0b71f2d-1781-4dd7-9bc9-c56f973a2773" executionId="b981e175-19e1-4816-8eda-ae2556c11be8" testListId="453fda98-821c-4e4e-983b-d3c0bc9e2d8e" />
    <TestEntry testId="7cbbc47e-e005-4ccb-a11e-192fda1b7e56" executionId="3a32d4ab-6844-4aae-b0ca-c7cb7f4eb966" testListId="453fda98-821c-4e4e-983b-d3c0bc9e2d8e" />
    <TestEntry testId="97dad6cd-58be-4f77-aa30-cdba195f7812" executionId="5c024ae0-724a-4e0e-8708-d6ff43fda2ee" testListId="453fda98-821c-4e4e-983b-d3c0bc9e2d8e" />
    <TestEntry testId="6c6938f3-d673-46d2-8b4f-9cdf4ee9e161" executionId="eca63cf7-a2a3-4df1-bdcf-d3c082282087" testListId="453fda98-821c-4e4e-983b-d3c0bc9e2d8e" />
    <TestEntry testId="09bc7d4d-8b29-4f29-b2a3-f2e95bcb54f1" executionId="d4fb2cb7-c51f-492f-8ebf-b8d80971c92c" testListId="453fda98-821c-4e4e-983b-d3c0bc9e2d8e" />
    <TestEntry testId="e1f86cff-6503-431d-9d55-2fd9c13f4f4f" executionId="b61521f5-86e3-49b6-9455-13b9ed54d229" testListId="453fda98-821c-4e4e-983b-d3c0bc9e2d8e" />
    <TestEntry testId="be8d932f-8263-472e-aa30-cc591adf9a16" executionId="5d6b5a6d-90f9-4a8c-b05d-600e8e0cba3b" testListId="453fda98-821c-4e4e-983b-d3c0bc9e2d8e" />
    <TestEntry testId="a4d80231-95e3-4f8f-982e-d30e825aad2f" executionId="07047b43-42ca-4c34-acc6-db305703907c" testListId="453fda98-821c-4e4e-983b-d3c0bc9e2d8e" />
    <TestEntry testId="5b89c4a4-c7ac-4237-9f74-dd1498132c12" executionId="00fb3114-19ed-4ec2-8be3-9c9cf5bbec19" testListId="453fda98-821c-4e4e-983b-d3c0bc9e2d8e" />
    <TestEntry testId="d7db25ba-e665-4038-abcc-37fcd25a8704" executionId="4c99b1ca-fc3f-47d8-83bc-5f124c873e72" testListId="453fda98-821c-4e4e-983b-d3c0bc9e2d8e" />
    <TestEntry testId="90f698a0-45d0-4c9e-b6e7-b2445f0d78d0" executionId="7e241d46-9476-4706-a718-a7ef42bfaee2" testListId="453fda98-821c-4e4e-983b-d3c0bc9e2d8e" />
    <TestEntry testId="44596146-347b-4129-b20d-030363d4349e" executionId="473dfd80-1e2f-4fb3-89e2-8a5bb2762a32" testListId="453fda98-821c-4e4e-983b-d3c0bc9e2d8e" />
    <TestEntry testId="2831ae5a-f447-4b8e-adad-789e831a606d" executionId="50c0910b-d4b1-4ef5-895e-8e3cc749a56c" testListId="453fda98-821c-4e4e-983b-d3c0bc9e2d8e" />
    <TestEntry testId="e0faad16-9b40-410f-aecf-9f9996e9d2ee" executionId="a0a0417c-16cb-4795-af5b-be04fb707258" testListId="453fda98-821c-4e4e-983b-d3c0bc9e2d8e" />
    <TestEntry testId="92de7ed7-886c-469b-a12f-ac4214af76a9" executionId="4462a574-6af5-4c00-a3e3-848af775e0ce" testListId="453fda98-821c-4e4e-983b-d3c0bc9e2d8e" />
    <TestEntry testId="8c40b4d9-fb7d-4b03-bdd5-e6554ec3c031" executionId="f7f0eb18-bfd4-4c94-9147-63db36116863" testListId="453fda98-821c-4e4e-983b-d3c0bc9e2d8e" />
    <TestEntry testId="61e45de9-373c-47c2-b0f5-25c715e88446" executionId="e59f366a-0258-4503-8000-57f7915b23bb" testListId="453fda98-821c-4e4e-983b-d3c0bc9e2d8e" />
    <TestEntry testId="df60bdbd-3632-4124-95ba-8c199202b736" executionId="7e89db37-deb5-44d9-8bf2-b67ec88bfbee" testListId="453fda98-821c-4e4e-983b-d3c0bc9e2d8e" />
    <TestEntry testId="77ce5f4a-7793-42c3-a04c-381409d91c83" executionId="1193d38f-546c-44df-ae94-2de44875a223" testListId="453fda98-821c-4e4e-983b-d3c0bc9e2d8e" />
    <TestEntry testId="68e14540-cf29-457c-b4ef-a4155a041021" executionId="80b59777-c3b2-4ca3-9648-ab429cbd97a9" testListId="453fda98-821c-4e4e-983b-d3c0bc9e2d8e" />
    <TestEntry testId="5a92adaa-9f86-4a7b-886f-7ffc72efeb37" executionId="c7398723-9ac7-4b6d-9c28-2d5c64bb59df" testListId="453fda98-821c-4e4e-983b-d3c0bc9e2d8e" />
    <TestEntry testId="de39a223-612d-451b-8504-e1293369459a" executionId="4bc70dad-8006-458d-961c-5b7240debb78" testListId="453fda98-821c-4e4e-983b-d3c0bc9e2d8e" />
    <TestEntry testId="368079c8-ff4f-4b32-8ce2-2df410bfcd61" executionId="e5ef464b-c032-47d9-b074-45471e0601fd" testListId="453fda98-821c-4e4e-983b-d3c0bc9e2d8e" />
    <TestEntry testId="610500be-f1cc-4d6f-a22b-054ff7b11bae" executionId="ae31f28c-9f97-43e2-81db-e14156185de9" testListId="453fda98-821c-4e4e-983b-d3c0bc9e2d8e" />
    <TestEntry testId="ba39cc19-ac0e-4d27-aba7-dd9edae174c5" executionId="a95d2493-8343-4582-8a1b-88d3707f9569" testListId="453fda98-821c-4e4e-983b-d3c0bc9e2d8e" />
    <TestEntry testId="43ff55b6-185f-456b-8b0c-183ff33ebfaa" executionId="ca7b1180-16cf-4ec5-a4ed-f8b0c4f60aac" testListId="453fda98-821c-4e4e-983b-d3c0bc9e2d8e" />
    <TestEntry testId="df391451-1339-42d6-b900-b8780d2cde7d" executionId="d31b7c9a-8c03-4bbb-b8c9-71c8505b85cd" testListId="453fda98-821c-4e4e-983b-d3c0bc9e2d8e" />
    <TestEntry testId="84deb5a7-29aa-4b49-aa9d-75295440dbcb" executionId="8e22784c-78a6-4ae8-80d5-c88b063f860c" testListId="453fda98-821c-4e4e-983b-d3c0bc9e2d8e" />
    <TestEntry testId="1747ed82-859e-4aec-8468-1f35fdb3fe51" executionId="ca817572-d5fa-407b-a1fe-d35d8c89a3ee" testListId="453fda98-821c-4e4e-983b-d3c0bc9e2d8e" />
    <TestEntry testId="0cf3701e-54a0-4bab-8e3d-ec6127f97391" executionId="0c4b9192-3e2c-4395-9dd6-bd1ea671c7d4" testListId="453fda98-821c-4e4e-983b-d3c0bc9e2d8e" />
    <TestEntry testId="97475301-f46e-4bb8-8ac9-f40b4bb6c004" executionId="5ee11f1d-b1ff-4652-9859-ad534390b42a" testListId="453fda98-821c-4e4e-983b-d3c0bc9e2d8e" />
    <TestEntry testId="c425edaf-f0d4-493f-a33a-e5165982ab27" executionId="437d59d3-c9d4-47c0-8d14-e1d70b4900eb" testListId="453fda98-821c-4e4e-983b-d3c0bc9e2d8e" />
    <TestEntry testId="8dcb4c5b-76bb-4bae-ab3e-c4f1a09f53bd" executionId="732d26ec-7918-4d2a-b333-48ae92aa55d3" testListId="453fda98-821c-4e4e-983b-d3c0bc9e2d8e" />
    <TestEntry testId="20006ab1-715c-4631-9e76-14417093bbb3" executionId="e6eca199-5ccd-4691-9891-d43bcedf7ebd" testListId="453fda98-821c-4e4e-983b-d3c0bc9e2d8e" />
    <TestEntry testId="0b0edbee-ce6d-4a13-a230-b04c327213c7" executionId="6605f49a-f445-4baf-a653-2539468d8cf4" testListId="453fda98-821c-4e4e-983b-d3c0bc9e2d8e" />
    <TestEntry testId="9fe32416-43ae-4f7f-9d54-4403087ecb9b" executionId="bf9268db-b2dd-4255-b23f-289f6b4a3648" testListId="453fda98-821c-4e4e-983b-d3c0bc9e2d8e" />
    <TestEntry testId="1b984078-475a-46c5-86c9-bc6dc3fe2074" executionId="78aed1bd-daf3-49ed-907f-3bb77a47b0da" testListId="453fda98-821c-4e4e-983b-d3c0bc9e2d8e" />
    <TestEntry testId="9abdeb1e-70e8-4f6a-89e9-cdb8c8d648fc" executionId="5429c53b-fdcf-4dcd-9707-293beed0ce6e" testListId="453fda98-821c-4e4e-983b-d3c0bc9e2d8e" />
    <TestEntry testId="a9027a5f-e4e4-4fe8-bd07-bcf80cc50b18" executionId="9a561370-2af6-47c7-9de6-ea8024c3e438" testListId="453fda98-821c-4e4e-983b-d3c0bc9e2d8e" />
    <TestEntry testId="1a8b1c03-e510-4034-bbe3-a1607172e7a6" executionId="5db6c4dc-85f6-4ffa-a3f5-83c82059ccc3" testListId="453fda98-821c-4e4e-983b-d3c0bc9e2d8e" />
    <TestEntry testId="d2b68cf9-6824-406e-9e48-3a02027b042f" executionId="b7a8fa11-2c6c-43df-a892-c35ae9137f35" testListId="453fda98-821c-4e4e-983b-d3c0bc9e2d8e" />
    <TestEntry testId="43251693-bfbe-456b-b0ae-ea7bae5977ca" executionId="01218731-b881-449c-bd83-fca8fffec2fb" testListId="453fda98-821c-4e4e-983b-d3c0bc9e2d8e" />
    <TestEntry testId="4fbc4663-6f2d-4167-99ae-edaabbddec69" executionId="c2b6e2f6-25f4-4945-a75e-56c186823f7c" testListId="453fda98-821c-4e4e-983b-d3c0bc9e2d8e" />
    <TestEntry testId="fbb8b857-15bd-4d63-9a89-532a0d4b3886" executionId="9f2ede45-3c29-4acc-93ce-bd3eaefe9d3b" testListId="453fda98-821c-4e4e-983b-d3c0bc9e2d8e" />
    <TestEntry testId="b44edef3-9ef9-4fec-b308-c9259d32f844" executionId="d308ceee-b397-4d9d-a518-dde2cb8b75e6" testListId="453fda98-821c-4e4e-983b-d3c0bc9e2d8e" />
    <TestEntry testId="70c4806a-5f25-4ca6-aad0-e531ececfc4f" executionId="fa8fc4bd-f6b8-41c2-ad27-1d750090685b" testListId="453fda98-821c-4e4e-983b-d3c0bc9e2d8e" />
    <TestEntry testId="8937e58a-932b-4809-bfeb-12ed78b94598" executionId="cfb0e7f5-b4f6-4bc9-9c64-ef0749f1cb82" testListId="453fda98-821c-4e4e-983b-d3c0bc9e2d8e" />
    <TestEntry testId="bdd81c00-89c9-45af-aff6-d048b116a704" executionId="d0a4042e-d8ea-44d5-8ead-33e1295f2963" testListId="453fda98-821c-4e4e-983b-d3c0bc9e2d8e" />
    <TestEntry testId="c7c1fa73-f9e5-4dd9-a599-4e4f2e24a35a" executionId="bb109136-1676-486e-b5e9-065e95caf50b" testListId="453fda98-821c-4e4e-983b-d3c0bc9e2d8e" />
    <TestEntry testId="465d380b-380d-4f2f-a840-4bed5b96d733" executionId="b9cae211-692d-4510-8a51-a9bd41da28c8" testListId="453fda98-821c-4e4e-983b-d3c0bc9e2d8e" />
    <TestEntry testId="ee8884be-2ea7-4003-8bbf-102135385b26" executionId="caf0c1bb-f8b4-459a-813b-8c2a1d318214" testListId="453fda98-821c-4e4e-983b-d3c0bc9e2d8e" />
    <TestEntry testId="6291ee8b-607c-403f-ab53-52801f1ff84d" executionId="fd3c262a-a690-430b-b11c-34f4c96dca54" testListId="453fda98-821c-4e4e-983b-d3c0bc9e2d8e" />
    <TestEntry testId="95458149-d9cd-477f-af10-1abdf878fefc" executionId="458b4ce8-6e21-4394-8a99-939453ecd0c2" testListId="453fda98-821c-4e4e-983b-d3c0bc9e2d8e" />
    <TestEntry testId="ce5eaf9a-8911-4027-8db9-ab549165a95f" executionId="82ded397-76da-450d-aa5e-0a8549ac38c6" testListId="453fda98-821c-4e4e-983b-d3c0bc9e2d8e" />
    <TestEntry testId="f4c4a17f-98e5-443b-9030-f40978190f8e" executionId="d50272a2-87bc-4fe3-9831-efe9ed4fff01" testListId="453fda98-821c-4e4e-983b-d3c0bc9e2d8e" />
    <TestEntry testId="0e2f6312-9bc7-44fd-9b69-f04d9843112c" executionId="281a6457-7585-4c58-9352-7086e94692f0" testListId="453fda98-821c-4e4e-983b-d3c0bc9e2d8e" />
    <TestEntry testId="fd7ac980-baa1-4156-b4ff-52e54405ed1c" executionId="c7606892-2496-4dd1-92bb-e359b99067f5" testListId="453fda98-821c-4e4e-983b-d3c0bc9e2d8e" />
    <TestEntry testId="95e5c6e0-cff2-4283-a89d-bc5eb734e09a" executionId="4a95903d-f397-4f3d-a3e7-9d2198596266" testListId="453fda98-821c-4e4e-983b-d3c0bc9e2d8e" />
    <TestEntry testId="5067c7b5-9ff6-40d5-8a25-e207e6096ab0" executionId="f8ba6698-251c-4309-bed1-e202eebd486a" testListId="453fda98-821c-4e4e-983b-d3c0bc9e2d8e" />
    <TestEntry testId="0b29f8a9-1345-46cd-a513-0ec59eff7793" executionId="d01fd9d8-fb50-4a79-b230-9ca5a2c8048e" testListId="453fda98-821c-4e4e-983b-d3c0bc9e2d8e" />
    <TestEntry testId="810d020d-e0e0-4173-a94b-93d98dcf83e5" executionId="edeb4675-a51d-4361-8f5b-1f30b9da4b88" testListId="453fda98-821c-4e4e-983b-d3c0bc9e2d8e" />
    <TestEntry testId="3e3135a2-b190-49b2-86a9-b1d3ff8155bd" executionId="6c02f09d-f2cd-4457-a8e5-2deb953e3e9e" testListId="453fda98-821c-4e4e-983b-d3c0bc9e2d8e" />
    <TestEntry testId="d9bc7d14-9de7-48ec-9be0-dedb467c3c0f" executionId="31e8ecb6-b257-4db0-bf1b-e1b5bddd4c87" testListId="453fda98-821c-4e4e-983b-d3c0bc9e2d8e" />
    <TestEntry testId="6da2d444-3e9d-4c2d-b277-a5271886d76e" executionId="21e18e58-58f3-4afe-bced-3afeb882a162" testListId="453fda98-821c-4e4e-983b-d3c0bc9e2d8e" />
    <TestEntry testId="2bbeb39a-f8f3-4ae8-b9e9-c29c6d93a571" executionId="7ed7ef7a-23b0-48b0-8661-f1a508035263" testListId="453fda98-821c-4e4e-983b-d3c0bc9e2d8e" />
    <TestEntry testId="35b0f656-0f64-483d-b992-b22f7b91d93b" executionId="bfb72072-693c-4323-b435-819195479983" testListId="453fda98-821c-4e4e-983b-d3c0bc9e2d8e" />
  </TestEntries>
  <TestLists>
    <TestList name="Results Not in a List" id="453fda98-821c-4e4e-983b-d3c0bc9e2d8e" />
    <TestList name="All Loaded Results" id="61d39d1b-42f5-4dee-ac9d-c621151301cc" />
  </TestLists>
</TestRun>