<?xml version="1.0" encoding="UTF-8"?>
<TestRun id="12bcc1ce-6085-4035-975e-495c7d2b10f5" name="Test Run 5" runUser="Oles Galatsan" xmlns="http://microsoft.com/schemas/VisualStudio/TeamTest/2010">
  <Times creation="2025-05-14T13:20:31.3125482Z" queuing="2025-05-14T13:20:31.3125482Z" start="2025-05-14T13:20:31.3146610Z" finish="2025-05-14T13:25:31.3147553Z" />
  <TestSettings name="Test Settings 5" id="7ae74b87-4bc5-4efa-87dd-c362c15c6b6a" />
  <Results>
    <UnitTestResult executionId="c1ac45b3-20ca-4c4f-b3dc-9bda6e8c8a4d" testId="d0864e69-a4e7-4955-9911-165bb1ef0ec0" testName="Test401" computerName="UA-LPT-OGA2" duration="00:00:00.3650000" startTime="2025-05-14T13:20:31.3146610Z" endTime="2025-05-14T13:25:31.3147553Z" testType="13cdc9d9-ddb5-4fa4-a97d-d965ccfc6d4b" outcome="Passed" testListId="f3a5d23d-6e02-4299-95fe-d4a46583e51e" />
    <UnitTestResult executionId="1fbc9c4e-0ce5-4ef4-8f64-4113ec92b8cd" testId="f61d156e-9267-429d-ab85-b3baab779495" testName="Test402" computerName="UA-LPT-OGA2" duration="00:00:01.8480000" startTime="2025-05-14T13:20:31.3146610Z" endTime="2025-05-14T13:25:31.3147553Z" testType="13cdc9d9-ddb5-4fa4-a97d-d965ccfc6d4b" outcome="Passed" testListId="f3a5d23d-6e02-4299-95fe-d4a46583e51e" />
    <UnitTestResult executionId="53aa232a-5721-4f65-8643-89818036a7f2" testId="dd790d60-a061-4c26-9f7d-f6bf7e572781" testName="Test403" computerName="UA-LPT-OGA2" duration="00:00:01.3770000" startTime="2025-05-14T13:20:31.3146610Z" endTime="2025-05-14T13:25:31.3147553Z" testType="13cdc9d9-ddb5-4fa4-a97d-d965ccfc6d4b" outcome="Passed" testListId="f3a5d23d-6e02-4299-95fe-d4a46583e51e" />
    <UnitTestResult executionId="c33724ee-c2bb-4651-b2fa-d8be587a0b8b" testId="7799bb77-9e65-4296-855a-644b883547a7" testName="Test404" computerName="UA-LPT-OGA2" duration="00:00:00.6740000" startTime="2025-05-14T13:20:31.3146610Z" endTime="2025-05-14T13:25:31.3147553Z" testType="13cdc9d9-ddb5-4fa4-a97d-d965ccfc6d4b" outcome="Passed" testListId="f3a5d23d-6e02-4299-95fe-d4a46583e51e" />
    <UnitTestResult executionId="a3d79018-a48c-4a50-888f-2f5e77a2702c" testId="54ba6894-90fb-4be9-a5ce-f700943d48b0" testName="Test405" computerName="UA-LPT-OGA2" duration="00:00:01.6950000" startTime="2025-05-14T13:20:31.3146610Z" endTime="2025-05-14T13:25:31.3147553Z" testType="13cdc9d9-ddb5-4fa4-a97d-d965ccfc6d4b" outcome="Passed" testListId="f3a5d23d-6e02-4299-95fe-d4a46583e51e" />
    <UnitTestResult executionId="43ca7aad-55c2-4ea3-b3fa-2397633d313e" testId="d7485fa0-06a4-42ac-b1d4-a272ed41820d" testName="Test406" computerName="UA-LPT-OGA2" duration="00:00:01.9350000" startTime="2025-05-14T13:20:31.3146610Z" endTime="2025-05-14T13:25:31.3147553Z" testType="13cdc9d9-ddb5-4fa4-a97d-d965ccfc6d4b" outcome="Passed" testListId="f3a5d23d-6e02-4299-95fe-d4a46583e51e" />
    <UnitTestResult executionId="94f9a657-21bb-4350-904e-5ea02a76bb7c" testId="7d025ca1-a009-4f06-8e59-ea3240c9e81d" testName="Test407" computerName="UA-LPT-OGA2" duration="00:00:01.2280000" startTime="2025-05-14T13:20:31.3146610Z" endTime="2025-05-14T13:25:31.3147553Z" testType="13cdc9d9-ddb5-4fa4-a97d-d965ccfc6d4b" outcome="Failed" testListId="f3a5d23d-6e02-4299-95fe-d4a46583e51e">
      <Output>
        <ErrorInfo>
          <Message>Assertion failed: Expected value did not match actual value.</Message>
          <StackTrace>   at TestNamespace.TestClass.Test() in TestClass.cs:line 467</StackTrace>
        </ErrorInfo>
      </Output>
    </UnitTestResult>
    <UnitTestResult executionId="3aa9f8c6-b8c3-4159-9c3f-b0f225d92f72" testId="43c5a6c8-2d6d-47fd-8b5e-7264b0636eeb" testName="Test408" computerName="UA-LPT-OGA2" duration="00:00:00.5590000" startTime="2025-05-14T13:20:31.3146610Z" endTime="2025-05-14T13:25:31.3147553Z" testType="13cdc9d9-ddb5-4fa4-a97d-d965ccfc6d4b" outcome="Failed" testListId="f3a5d23d-6e02-4299-95fe-d4a46583e51e">
      <Output>
        <ErrorInfo>
          <Message>Assertion failed: Expected value did not match actual value.</Message>
          <StackTrace>   at TestNamespace.TestClass.Test() in TestClass.cs:line 393</StackTrace>
        </ErrorInfo>
      </Output>
    </UnitTestResult>
    <UnitTestResult executionId="04845294-61fb-4dd8-a6b5-1523587d10fb" testId="85b7e0de-c112-4797-993f-0b0b2220df8d" testName="Test409" computerName="UA-LPT-OGA2" duration="00:00:00.8880000" startTime="2025-05-14T13:20:31.3146610Z" endTime="2025-05-14T13:25:31.3147553Z" testType="13cdc9d9-ddb5-4fa4-a97d-d965ccfc6d4b" outcome="Passed" testListId="f3a5d23d-6e02-4299-95fe-d4a46583e51e" />
    <UnitTestResult executionId="72dfe4e3-ec6f-4536-b40d-ad8986d508dc" testId="3864c80c-9ab6-4128-8687-cbb04b4eaf6d" testName="Test410" computerName="UA-LPT-OGA2" duration="00:00:01.8830000" startTime="2025-05-14T13:20:31.3146610Z" endTime="2025-05-14T13:25:31.3147553Z" testType="13cdc9d9-ddb5-4fa4-a97d-d965ccfc6d4b" outcome="Passed" testListId="f3a5d23d-6e02-4299-95fe-d4a46583e51e" />
    <UnitTestResult executionId="32c4b2ab-df93-4225-8cbc-04df7f394f52" testId="73176ab5-8752-45d7-9801-1ac6a266549a" testName="Test411" computerName="UA-LPT-OGA2" duration="00:00:00.7070000" startTime="2025-05-14T13:20:31.3146610Z" endTime="2025-05-14T13:25:31.3147553Z" testType="13cdc9d9-ddb5-4fa4-a97d-d965ccfc6d4b" outcome="Passed" testListId="f3a5d23d-6e02-4299-95fe-d4a46583e51e" />
    <UnitTestResult executionId="e85d0dea-a226-4fe5-bb8a-20b13e7bc079" testId="435101bd-ec24-4580-9151-5660e7d0646b" testName="Test412" computerName="UA-LPT-OGA2" duration="00:00:01.2330000" startTime="2025-05-14T13:20:31.3146610Z" endTime="2025-05-14T13:25:31.3147553Z" testType="13cdc9d9-ddb5-4fa4-a97d-d965ccfc6d4b" outcome="Passed" testListId="f3a5d23d-6e02-4299-95fe-d4a46583e51e" />
    <UnitTestResult executionId="35e880b3-a2fb-4213-9c87-f926dcdda544" testId="62ecba5d-0e8e-495e-b8b8-c5f7aa29c52d" testName="Test413" computerName="UA-LPT-OGA2" duration="00:00:01.5560000" startTime="2025-05-14T13:20:31.3146610Z" endTime="2025-05-14T13:25:31.3147553Z" testType="13cdc9d9-ddb5-4fa4-a97d-d965ccfc6d4b" outcome="Passed" testListId="f3a5d23d-6e02-4299-95fe-d4a46583e51e" />
    <UnitTestResult executionId="4b8c3fea-bc70-475c-a649-6ad8b7bd0103" testId="fb5682ff-29cd-431f-a4f9-dc25970bc0e1" testName="Test414" computerName="UA-LPT-OGA2" duration="00:00:00.8660000" startTime="2025-05-14T13:20:31.3146610Z" endTime="2025-05-14T13:25:31.3147553Z" testType="13cdc9d9-ddb5-4fa4-a97d-d965ccfc6d4b" outcome="Passed" testListId="f3a5d23d-6e02-4299-95fe-d4a46583e51e" />
    <UnitTestResult executionId="7119b1ce-ce1a-48b6-bb4d-c76f42877b46" testId="8bca6bfd-c3ff-44c4-b9a6-7ade49b42e98" testName="Test415" computerName="UA-LPT-OGA2" duration="00:00:00.9910000" startTime="2025-05-14T13:20:31.3146610Z" endTime="2025-05-14T13:25:31.3147553Z" testType="13cdc9d9-ddb5-4fa4-a97d-d965ccfc6d4b" outcome="Passed" testListId="f3a5d23d-6e02-4299-95fe-d4a46583e51e" />
    <UnitTestResult executionId="6ced2675-eec3-46dd-99bd-2a8f4340f7bc" testId="e047f07c-54a0-489c-9fea-c53687f73ee5" testName="Test416" computerName="UA-LPT-OGA2" duration="00:00:00.9620000" startTime="2025-05-14T13:20:31.3146610Z" endTime="2025-05-14T13:25:31.3147553Z" testType="13cdc9d9-ddb5-4fa4-a97d-d965ccfc6d4b" outcome="Passed" testListId="f3a5d23d-6e02-4299-95fe-d4a46583e51e" />
    <UnitTestResult executionId="0878e667-3316-4c1f-b63a-6c4d57987d69" testId="1720c0d0-469b-4e5c-a7b6-4cfe405d8beb" testName="Test417" computerName="UA-LPT-OGA2" duration="00:00:01.5910000" startTime="2025-05-14T13:20:31.3146610Z" endTime="2025-05-14T13:25:31.3147553Z" testType="13cdc9d9-ddb5-4fa4-a97d-d965ccfc6d4b" outcome="Passed" testListId="f3a5d23d-6e02-4299-95fe-d4a46583e51e" />
    <UnitTestResult executionId="1c10147c-917d-46f3-b202-d03c7e139bae" testId="3e9586f8-9341-42de-adc8-344730674b06" testName="Test418" computerName="UA-LPT-OGA2" duration="00:00:01.8860000" startTime="2025-05-14T13:20:31.3146610Z" endTime="2025-05-14T13:25:31.3147553Z" testType="13cdc9d9-ddb5-4fa4-a97d-d965ccfc6d4b" outcome="Passed" testListId="f3a5d23d-6e02-4299-95fe-d4a46583e51e" />
    <UnitTestResult executionId="e459f826-8ab8-4229-a305-09b101a2226a" testId="2a4414d5-bc9d-4e9c-8984-69d2bc5bfb74" testName="Test419" computerName="UA-LPT-OGA2" duration="00:00:01.0910000" startTime="2025-05-14T13:20:31.3146610Z" endTime="2025-05-14T13:25:31.3147553Z" testType="13cdc9d9-ddb5-4fa4-a97d-d965ccfc6d4b" outcome="Failed" testListId="f3a5d23d-6e02-4299-95fe-d4a46583e51e">
      <Output>
        <ErrorInfo>
          <Message>Assertion failed: Expected value did not match actual value.</Message>
          <StackTrace>   at TestNamespace.TestClass.Test() in TestClass.cs:line 235</StackTrace>
        </ErrorInfo>
      </Output>
    </UnitTestResult>
    <UnitTestResult executionId="55bd4238-9b87-4835-92f8-ebfa8d6f05e8" testId="e64300ae-6be8-4358-a221-c277e42b1194" testName="Test420" computerName="UA-LPT-OGA2" duration="00:00:01.4310000" startTime="2025-05-14T13:20:31.3146610Z" endTime="2025-05-14T13:25:31.3147553Z" testType="13cdc9d9-ddb5-4fa4-a97d-d965ccfc6d4b" outcome="Passed" testListId="f3a5d23d-6e02-4299-95fe-d4a46583e51e" />
    <UnitTestResult executionId="35e72227-acf9-432e-87a2-1dfe183e0d31" testId="2113f713-0498-4d27-bb5b-ae4c794f2b21" testName="Test421" computerName="UA-LPT-OGA2" duration="00:00:00.7580000" startTime="2025-05-14T13:20:31.3146610Z" endTime="2025-05-14T13:25:31.3147553Z" testType="13cdc9d9-ddb5-4fa4-a97d-d965ccfc6d4b" outcome="Passed" testListId="f3a5d23d-6e02-4299-95fe-d4a46583e51e" />
    <UnitTestResult executionId="0c165436-3e02-4c45-983d-0d6e9c19b3cd" testId="022fd9f7-4987-4ce7-8916-2658aafbca24" testName="Test422" computerName="UA-LPT-OGA2" duration="00:00:00.3510000" startTime="2025-05-14T13:20:31.3146610Z" endTime="2025-05-14T13:25:31.3147553Z" testType="13cdc9d9-ddb5-4fa4-a97d-d965ccfc6d4b" outcome="Passed" testListId="f3a5d23d-6e02-4299-95fe-d4a46583e51e" />
    <UnitTestResult executionId="867c3b1a-4a09-44b7-ad78-f14e26e47799" testId="ae010b6b-e07e-4c79-8ce1-3b91eb9c57dd" testName="Test423" computerName="UA-LPT-OGA2" duration="00:00:00.9930000" startTime="2025-05-14T13:20:31.3146610Z" endTime="2025-05-14T13:25:31.3147553Z" testType="13cdc9d9-ddb5-4fa4-a97d-d965ccfc6d4b" outcome="Passed" testListId="f3a5d23d-6e02-4299-95fe-d4a46583e51e" />
    <UnitTestResult executionId="9acea3fe-1ed7-42b3-95e2-af146402b54e" testId="09cae80f-0e02-4ed5-be91-57f7cfd25884" testName="Test424" computerName="UA-LPT-OGA2" duration="00:00:00.4790000" startTime="2025-05-14T13:20:31.3146610Z" endTime="2025-05-14T13:25:31.3147553Z" testType="13cdc9d9-ddb5-4fa4-a97d-d965ccfc6d4b" outcome="Passed" testListId="f3a5d23d-6e02-4299-95fe-d4a46583e51e" />
    <UnitTestResult executionId="3b9ff782-f87e-4832-aa0a-72b46b5b8bd0" testId="84d82e58-d808-46ad-9942-36f6667b5a76" testName="Test425" computerName="UA-LPT-OGA2" duration="00:00:00.7600000" startTime="2025-05-14T13:20:31.3146610Z" endTime="2025-05-14T13:25:31.3147553Z" testType="13cdc9d9-ddb5-4fa4-a97d-d965ccfc6d4b" outcome="Passed" testListId="f3a5d23d-6e02-4299-95fe-d4a46583e51e" />
    <UnitTestResult executionId="e7058feb-3ecb-416f-acfa-e0321784e19d" testId="c9029a19-dbb9-4872-8941-c95aebf73ea8" testName="Test426" computerName="UA-LPT-OGA2" duration="00:00:01.4490000" startTime="2025-05-14T13:20:31.3146610Z" endTime="2025-05-14T13:25:31.3147553Z" testType="13cdc9d9-ddb5-4fa4-a97d-d965ccfc6d4b" outcome="Passed" testListId="f3a5d23d-6e02-4299-95fe-d4a46583e51e" />
    <UnitTestResult executionId="97169d8e-f4d3-4ad8-b2a6-db4334b982d4" testId="9cc32275-5ebd-41e0-b2bd-231de1eb8608" testName="Test427" computerName="UA-LPT-OGA2" duration="00:00:00.8030000" startTime="2025-05-14T13:20:31.3146610Z" endTime="2025-05-14T13:25:31.3147553Z" testType="13cdc9d9-ddb5-4fa4-a97d-d965ccfc6d4b" outcome="Failed" testListId="f3a5d23d-6e02-4299-95fe-d4a46583e51e">
      <Output>
        <ErrorInfo>
          <Message>Assertion failed: Expected value did not match actual value.</Message>
          <StackTrace>   at TestNamespace.TestClass.Test() in TestClass.cs:line 82</StackTrace>
        </ErrorInfo>
      </Output>
    </UnitTestResult>
    <UnitTestResult executionId="71e7f061-7f99-4ca0-8a0e-80e2237b9c79" testId="22a33cdb-e4b4-459e-a798-a8e5de9b3c41" testName="Test428" computerName="UA-LPT-OGA2" duration="00:00:00.6880000" startTime="2025-05-14T13:20:31.3146610Z" endTime="2025-05-14T13:25:31.3147553Z" testType="13cdc9d9-ddb5-4fa4-a97d-d965ccfc6d4b" outcome="Passed" testListId="f3a5d23d-6e02-4299-95fe-d4a46583e51e" />
    <UnitTestResult executionId="544cf4fe-cdc2-4d6a-8271-03f12fb9432e" testId="b2c891e8-1d47-4a68-b7c4-6b4655123a28" testName="Test429" computerName="UA-LPT-OGA2" duration="00:00:00.1500000" startTime="2025-05-14T13:20:31.3146610Z" endTime="2025-05-14T13:25:31.3147553Z" testType="13cdc9d9-ddb5-4fa4-a97d-d965ccfc6d4b" outcome="Passed" testListId="f3a5d23d-6e02-4299-95fe-d4a46583e51e" />
    <UnitTestResult executionId="2456f3f3-d544-4b1a-84a9-28403e97109b" testId="8716ad38-6200-43af-b443-cf597cd6de71" testName="Test430" computerName="UA-LPT-OGA2" duration="00:00:00.0300000" startTime="2025-05-14T13:20:31.3146610Z" endTime="2025-05-14T13:25:31.3147553Z" testType="13cdc9d9-ddb5-4fa4-a97d-d965ccfc6d4b" outcome="Passed" testListId="f3a5d23d-6e02-4299-95fe-d4a46583e51e" />
    <UnitTestResult executionId="ee2df593-e7f4-40ec-a5b8-843a8e585f9c" testId="c67b42b8-7d28-4bc0-96ee-7ba8b851ba3d" testName="Test431" computerName="UA-LPT-OGA2" duration="00:00:01.0030000" startTime="2025-05-14T13:20:31.3146610Z" endTime="2025-05-14T13:25:31.3147553Z" testType="13cdc9d9-ddb5-4fa4-a97d-d965ccfc6d4b" outcome="Failed" testListId="f3a5d23d-6e02-4299-95fe-d4a46583e51e">
      <Output>
        <ErrorInfo>
          <Message>Assertion failed: Expected value did not match actual value.</Message>
          <StackTrace>   at TestNamespace.TestClass.Test() in TestClass.cs:line 493</StackTrace>
        </ErrorInfo>
      </Output>
    </UnitTestResult>
    <UnitTestResult executionId="8865aa78-1664-49ce-b2f1-d6839f596e04" testId="49bd9a8d-22e7-4857-9944-853cf1a0ffe7" testName="Test432" computerName="UA-LPT-OGA2" duration="00:00:00.3500000" startTime="2025-05-14T13:20:31.3146610Z" endTime="2025-05-14T13:25:31.3147553Z" testType="13cdc9d9-ddb5-4fa4-a97d-d965ccfc6d4b" outcome="Passed" testListId="f3a5d23d-6e02-4299-95fe-d4a46583e51e" />
    <UnitTestResult executionId="c799aead-9e8c-430b-9447-5a9ceaba6c53" testId="28fce892-94a6-4882-967e-304ce6d9cb9d" testName="Test433" computerName="UA-LPT-OGA2" duration="00:00:00.9750000" startTime="2025-05-14T13:20:31.3146610Z" endTime="2025-05-14T13:25:31.3147553Z" testType="13cdc9d9-ddb5-4fa4-a97d-d965ccfc6d4b" outcome="Passed" testListId="f3a5d23d-6e02-4299-95fe-d4a46583e51e" />
    <UnitTestResult executionId="5cca7f06-fac9-4ea6-b67f-076e0ec0cd79" testId="9e48a658-5f87-4b05-80ee-801a39546271" testName="Test434" computerName="UA-LPT-OGA2" duration="00:00:00.4610000" startTime="2025-05-14T13:20:31.3146610Z" endTime="2025-05-14T13:25:31.3147553Z" testType="13cdc9d9-ddb5-4fa4-a97d-d965ccfc6d4b" outcome="Passed" testListId="f3a5d23d-6e02-4299-95fe-d4a46583e51e" />
    <UnitTestResult executionId="c8f60a7e-469f-4425-878e-ee82c659866d" testId="e34c5891-b70c-4524-b7e3-5533f4bf53f0" testName="Test435" computerName="UA-LPT-OGA2" duration="00:00:01.0580000" startTime="2025-05-14T13:20:31.3146610Z" endTime="2025-05-14T13:25:31.3147553Z" testType="13cdc9d9-ddb5-4fa4-a97d-d965ccfc6d4b" outcome="Failed" testListId="f3a5d23d-6e02-4299-95fe-d4a46583e51e">
      <Output>
        <ErrorInfo>
          <Message>Assertion failed: Expected value did not match actual value.</Message>
          <StackTrace>   at TestNamespace.TestClass.Test() in TestClass.cs:line 444</StackTrace>
        </ErrorInfo>
      </Output>
    </UnitTestResult>
    <UnitTestResult executionId="1b0bde26-f6f3-4571-a095-2ffea7847c10" testId="efe8aba7-e315-4e97-8684-1cb576903935" testName="Test436" computerName="UA-LPT-OGA2" duration="00:00:00.8220000" startTime="2025-05-14T13:20:31.3146610Z" endTime="2025-05-14T13:25:31.3147553Z" testType="13cdc9d9-ddb5-4fa4-a97d-d965ccfc6d4b" outcome="Passed" testListId="f3a5d23d-6e02-4299-95fe-d4a46583e51e" />
    <UnitTestResult executionId="f7a750c7-5467-4281-9af0-66f42deced5e" testId="b51aa91b-6f66-4617-b191-b09aaa34495d" testName="Test437" computerName="UA-LPT-OGA2" duration="00:00:01.2890000" startTime="2025-05-14T13:20:31.3146610Z" endTime="2025-05-14T13:25:31.3147553Z" testType="13cdc9d9-ddb5-4fa4-a97d-d965ccfc6d4b" outcome="Passed" testListId="f3a5d23d-6e02-4299-95fe-d4a46583e51e" />
    <UnitTestResult executionId="624af89b-0770-4b3a-a3fe-9250f81660f4" testId="658d5dc0-fcec-49a3-86c4-e49b9a2c762f" testName="Test438" computerName="UA-LPT-OGA2" duration="00:00:00.5680000" startTime="2025-05-14T13:20:31.3146610Z" endTime="2025-05-14T13:25:31.3147553Z" testType="13cdc9d9-ddb5-4fa4-a97d-d965ccfc6d4b" outcome="Passed" testListId="f3a5d23d-6e02-4299-95fe-d4a46583e51e" />
    <UnitTestResult executionId="05cf3d86-ab7c-46de-96c3-0b93b0d29a5c" testId="da6c0855-67cf-4852-8cf6-f89ca6b67344" testName="Test439" computerName="UA-LPT-OGA2" duration="00:00:00.5060000" startTime="2025-05-14T13:20:31.3146610Z" endTime="2025-05-14T13:25:31.3147553Z" testType="13cdc9d9-ddb5-4fa4-a97d-d965ccfc6d4b" outcome="Passed" testListId="f3a5d23d-6e02-4299-95fe-d4a46583e51e" />
    <UnitTestResult executionId="c2473cc9-3232-411f-bd41-977a01913632" testId="522ee093-564d-4a5b-95c8-17cfb24be11e" testName="Test440" computerName="UA-LPT-OGA2" duration="00:00:01.6890000" startTime="2025-05-14T13:20:31.3146610Z" endTime="2025-05-14T13:25:31.3147553Z" testType="13cdc9d9-ddb5-4fa4-a97d-d965ccfc6d4b" outcome="Passed" testListId="f3a5d23d-6e02-4299-95fe-d4a46583e51e" />
    <UnitTestResult executionId="60934eae-2d03-442b-a5d6-80b8ee6716eb" testId="7c3db1ca-c2ad-4764-a6bf-034e65cf190f" testName="Test441" computerName="UA-LPT-OGA2" duration="00:00:01.6670000" startTime="2025-05-14T13:20:31.3146610Z" endTime="2025-05-14T13:25:31.3147553Z" testType="13cdc9d9-ddb5-4fa4-a97d-d965ccfc6d4b" outcome="Failed" testListId="f3a5d23d-6e02-4299-95fe-d4a46583e51e">
      <Output>
        <ErrorInfo>
          <Message>Assertion failed: Expected value did not match actual value.</Message>
          <StackTrace>   at TestNamespace.TestClass.Test() in TestClass.cs:line 391</StackTrace>
        </ErrorInfo>
      </Output>
    </UnitTestResult>
    <UnitTestResult executionId="b7571692-3178-403a-8eff-b312c9b1972b" testId="83f6c57b-a3f0-46be-8ef6-c478677e8388" testName="Test442" computerName="UA-LPT-OGA2" duration="00:00:01.5360000" startTime="2025-05-14T13:20:31.3146610Z" endTime="2025-05-14T13:25:31.3147553Z" testType="13cdc9d9-ddb5-4fa4-a97d-d965ccfc6d4b" outcome="Passed" testListId="f3a5d23d-6e02-4299-95fe-d4a46583e51e" />
    <UnitTestResult executionId="24c685b6-1cb4-4ff8-9a3f-6f6a8cca8dd6" testId="bf2de63e-7be3-4777-8d20-7389296f9c52" testName="Test443" computerName="UA-LPT-OGA2" duration="00:00:00.9290000" startTime="2025-05-14T13:20:31.3146610Z" endTime="2025-05-14T13:25:31.3147553Z" testType="13cdc9d9-ddb5-4fa4-a97d-d965ccfc6d4b" outcome="Passed" testListId="f3a5d23d-6e02-4299-95fe-d4a46583e51e" />
    <UnitTestResult executionId="16d0dcce-01fd-4dd9-b6ea-5ff09c96ea1a" testId="4a4d200e-bd33-4e2b-9b8a-681c3afbb693" testName="Test444" computerName="UA-LPT-OGA2" duration="00:00:01.2970000" startTime="2025-05-14T13:20:31.3146610Z" endTime="2025-05-14T13:25:31.3147553Z" testType="13cdc9d9-ddb5-4fa4-a97d-d965ccfc6d4b" outcome="Passed" testListId="f3a5d23d-6e02-4299-95fe-d4a46583e51e" />
    <UnitTestResult executionId="bbb46739-3d58-4157-a32f-c4896d5805bd" testId="a453eeaa-fced-4a67-a0fa-819a8233aa93" testName="Test445" computerName="UA-LPT-OGA2" duration="00:00:01.5220000" startTime="2025-05-14T13:20:31.3146610Z" endTime="2025-05-14T13:25:31.3147553Z" testType="13cdc9d9-ddb5-4fa4-a97d-d965ccfc6d4b" outcome="Failed" testListId="f3a5d23d-6e02-4299-95fe-d4a46583e51e">
      <Output>
        <ErrorInfo>
          <Message>Assertion failed: Expected value did not match actual value.</Message>
          <StackTrace>   at TestNamespace.TestClass.Test() in TestClass.cs:line 27</StackTrace>
        </ErrorInfo>
      </Output>
    </UnitTestResult>
    <UnitTestResult executionId="eb91a9f8-ff1a-4e73-ae23-1d74557c188a" testId="53bf33dc-0cfd-4d69-927b-f473f4880b2b" testName="Test446" computerName="UA-LPT-OGA2" duration="00:00:00.0840000" startTime="2025-05-14T13:20:31.3146610Z" endTime="2025-05-14T13:25:31.3147553Z" testType="13cdc9d9-ddb5-4fa4-a97d-d965ccfc6d4b" outcome="Failed" testListId="f3a5d23d-6e02-4299-95fe-d4a46583e51e">
      <Output>
        <ErrorInfo>
          <Message>Assertion failed: Expected value did not match actual value.</Message>
          <StackTrace>   at TestNamespace.TestClass.Test() in TestClass.cs:line 218</StackTrace>
        </ErrorInfo>
      </Output>
    </UnitTestResult>
    <UnitTestResult executionId="879d66db-cf30-4c22-858b-2fb144808472" testId="3fe1ba51-f593-42c9-96f7-2ce466fabffa" testName="Test447" computerName="UA-LPT-OGA2" duration="00:00:00.9530000" startTime="2025-05-14T13:20:31.3146610Z" endTime="2025-05-14T13:25:31.3147553Z" testType="13cdc9d9-ddb5-4fa4-a97d-d965ccfc6d4b" outcome="Passed" testListId="f3a5d23d-6e02-4299-95fe-d4a46583e51e" />
    <UnitTestResult executionId="32e572b2-38a4-488c-9d6e-e168b3f7744c" testId="a988c9d7-830a-41e5-99ac-d4e881bcac73" testName="Test448" computerName="UA-LPT-OGA2" duration="00:00:01.1440000" startTime="2025-05-14T13:20:31.3146610Z" endTime="2025-05-14T13:25:31.3147553Z" testType="13cdc9d9-ddb5-4fa4-a97d-d965ccfc6d4b" outcome="Inconclusive" testListId="f3a5d23d-6e02-4299-95fe-d4a46583e51e" />
    <UnitTestResult executionId="6c304891-a414-498b-9a30-fb23df5c27f3" testId="ebce20ce-c9b0-4ad8-8ec0-58ec3f73ef26" testName="Test449" computerName="UA-LPT-OGA2" duration="00:00:01.0660000" startTime="2025-05-14T13:20:31.3146610Z" endTime="2025-05-14T13:25:31.3147553Z" testType="13cdc9d9-ddb5-4fa4-a97d-d965ccfc6d4b" outcome="Passed" testListId="f3a5d23d-6e02-4299-95fe-d4a46583e51e" />
    <UnitTestResult executionId="401de0b9-3de5-4c0a-a175-c27c05ba631c" testId="36a7b28c-ba76-46dd-ad16-e103fba2d929" testName="Test450" computerName="UA-LPT-OGA2" duration="00:00:01.4090000" startTime="2025-05-14T13:20:31.3146610Z" endTime="2025-05-14T13:25:31.3147553Z" testType="13cdc9d9-ddb5-4fa4-a97d-d965ccfc6d4b" outcome="Passed" testListId="f3a5d23d-6e02-4299-95fe-d4a46583e51e" />
    <UnitTestResult executionId="266053cb-36d1-4142-8cea-bf5fb573c2ab" testId="b167808c-dd43-4623-a07f-9d5a15c8d103" testName="Test451" computerName="UA-LPT-OGA2" duration="00:00:01.1120000" startTime="2025-05-14T13:20:31.3146610Z" endTime="2025-05-14T13:25:31.3147553Z" testType="13cdc9d9-ddb5-4fa4-a97d-d965ccfc6d4b" outcome="Passed" testListId="f3a5d23d-6e02-4299-95fe-d4a46583e51e" />
    <UnitTestResult executionId="0e1d1d6e-f340-4275-beaa-c4224e60db39" testId="978fa0c2-8e94-4c22-a799-dfc8fbe05f42" testName="Test452" computerName="UA-LPT-OGA2" duration="00:00:01.4020000" startTime="2025-05-14T13:20:31.3146610Z" endTime="2025-05-14T13:25:31.3147553Z" testType="13cdc9d9-ddb5-4fa4-a97d-d965ccfc6d4b" outcome="Passed" testListId="f3a5d23d-6e02-4299-95fe-d4a46583e51e" />
    <UnitTestResult executionId="ada5f0c7-3e08-4547-8219-b1818589df59" testId="d9f4b95c-07dd-45a7-babc-f6714dac9129" testName="Test453" computerName="UA-LPT-OGA2" duration="00:00:00.7460000" startTime="2025-05-14T13:20:31.3146610Z" endTime="2025-05-14T13:25:31.3147553Z" testType="13cdc9d9-ddb5-4fa4-a97d-d965ccfc6d4b" outcome="Passed" testListId="f3a5d23d-6e02-4299-95fe-d4a46583e51e" />
    <UnitTestResult executionId="eec3e4f5-33c6-4e43-badf-cd94bf4f3957" testId="8470fd75-570d-46f8-bce6-dfaeb8e568e4" testName="Test454" computerName="UA-LPT-OGA2" duration="00:00:01.8880000" startTime="2025-05-14T13:20:31.3146610Z" endTime="2025-05-14T13:25:31.3147553Z" testType="13cdc9d9-ddb5-4fa4-a97d-d965ccfc6d4b" outcome="Passed" testListId="f3a5d23d-6e02-4299-95fe-d4a46583e51e" />
    <UnitTestResult executionId="1c3b1be0-be77-4ea5-8437-55c84ac8158b" testId="8d420d6a-6866-477f-98f4-486da7fa985c" testName="Test455" computerName="UA-LPT-OGA2" duration="00:00:00.5680000" startTime="2025-05-14T13:20:31.3146610Z" endTime="2025-05-14T13:25:31.3147553Z" testType="13cdc9d9-ddb5-4fa4-a97d-d965ccfc6d4b" outcome="Passed" testListId="f3a5d23d-6e02-4299-95fe-d4a46583e51e" />
    <UnitTestResult executionId="cc452dc9-5598-4438-89ec-3ff8d6c4eeca" testId="d1b843a3-8af5-4900-83d9-83883c7803df" testName="Test456" computerName="UA-LPT-OGA2" duration="00:00:00.0790000" startTime="2025-05-14T13:20:31.3146610Z" endTime="2025-05-14T13:25:31.3147553Z" testType="13cdc9d9-ddb5-4fa4-a97d-d965ccfc6d4b" outcome="Inconclusive" testListId="f3a5d23d-6e02-4299-95fe-d4a46583e51e" />
    <UnitTestResult executionId="f1e493f9-1030-4a1b-b4bb-c9c3ec397fba" testId="ba97ee92-372b-4f83-998d-2d8d02e1f033" testName="Test457" computerName="UA-LPT-OGA2" duration="00:00:01.7520000" startTime="2025-05-14T13:20:31.3146610Z" endTime="2025-05-14T13:25:31.3147553Z" testType="13cdc9d9-ddb5-4fa4-a97d-d965ccfc6d4b" outcome="Passed" testListId="f3a5d23d-6e02-4299-95fe-d4a46583e51e" />
    <UnitTestResult executionId="e3ef5524-c7e9-4bcb-9bc1-47ae1c0d84ed" testId="5dfb54b3-076f-4c67-9ffb-4e66060a3e14" testName="Test458" computerName="UA-LPT-OGA2" duration="00:00:00.8710000" startTime="2025-05-14T13:20:31.3146610Z" endTime="2025-05-14T13:25:31.3147553Z" testType="13cdc9d9-ddb5-4fa4-a97d-d965ccfc6d4b" outcome="Passed" testListId="f3a5d23d-6e02-4299-95fe-d4a46583e51e" />
    <UnitTestResult executionId="4e3d2299-c2fb-4ad5-a480-210cb79479b4" testId="c690f6e2-a531-4614-ba43-a5957767e76f" testName="Test459" computerName="UA-LPT-OGA2" duration="00:00:00.3060000" startTime="2025-05-14T13:20:31.3146610Z" endTime="2025-05-14T13:25:31.3147553Z" testType="13cdc9d9-ddb5-4fa4-a97d-d965ccfc6d4b" outcome="Passed" testListId="f3a5d23d-6e02-4299-95fe-d4a46583e51e" />
    <UnitTestResult executionId="ec66ffce-14ab-4990-93ff-6bd437a57b11" testId="224f7901-7596-4c89-9902-d2b9779d3fb9" testName="Test460" computerName="UA-LPT-OGA2" duration="00:00:01.9580000" startTime="2025-05-14T13:20:31.3146610Z" endTime="2025-05-14T13:25:31.3147553Z" testType="13cdc9d9-ddb5-4fa4-a97d-d965ccfc6d4b" outcome="Failed" testListId="f3a5d23d-6e02-4299-95fe-d4a46583e51e">
      <Output>
        <ErrorInfo>
          <Message>Assertion failed: Expected value did not match actual value.</Message>
          <StackTrace>   at TestNamespace.TestClass.Test() in TestClass.cs:line 78</StackTrace>
        </ErrorInfo>
      </Output>
    </UnitTestResult>
    <UnitTestResult executionId="95854270-7413-43dd-860a-57288827ead7" testId="8e23efcf-0fe3-4c7e-8d9d-1da4bb2a8973" testName="Test461" computerName="UA-LPT-OGA2" duration="00:00:01.4480000" startTime="2025-05-14T13:20:31.3146610Z" endTime="2025-05-14T13:25:31.3147553Z" testType="13cdc9d9-ddb5-4fa4-a97d-d965ccfc6d4b" outcome="Passed" testListId="f3a5d23d-6e02-4299-95fe-d4a46583e51e" />
    <UnitTestResult executionId="bc0a7dd1-ec5c-488c-8e59-9285ffe86151" testId="feba1832-e1f4-4001-a099-a7f3aaede991" testName="Test462" computerName="UA-LPT-OGA2" duration="00:00:00.1380000" startTime="2025-05-14T13:20:31.3146610Z" endTime="2025-05-14T13:25:31.3147553Z" testType="13cdc9d9-ddb5-4fa4-a97d-d965ccfc6d4b" outcome="Passed" testListId="f3a5d23d-6e02-4299-95fe-d4a46583e51e" />
    <UnitTestResult executionId="692e3121-a95b-42cc-b8d6-2492e2f99cc5" testId="92b88855-3fd8-4109-9dd5-063aae5dd1a2" testName="Test463" computerName="UA-LPT-OGA2" duration="00:00:01.9750000" startTime="2025-05-14T13:20:31.3146610Z" endTime="2025-05-14T13:25:31.3147553Z" testType="13cdc9d9-ddb5-4fa4-a97d-d965ccfc6d4b" outcome="Passed" testListId="f3a5d23d-6e02-4299-95fe-d4a46583e51e" />
    <UnitTestResult executionId="691e6409-f9fd-46b3-ac83-203c8765d33f" testId="614dc422-6895-4d5e-a9bd-f65da58adf3c" testName="Test464" computerName="UA-LPT-OGA2" duration="00:00:01.3830000" startTime="2025-05-14T13:20:31.3146610Z" endTime="2025-05-14T13:25:31.3147553Z" testType="13cdc9d9-ddb5-4fa4-a97d-d965ccfc6d4b" outcome="Passed" testListId="f3a5d23d-6e02-4299-95fe-d4a46583e51e" />
    <UnitTestResult executionId="289298fd-3ce6-4b9e-a594-1fcafefe76b5" testId="fdfd81e0-1b68-4f9e-aeb9-f229999ef33d" testName="Test465" computerName="UA-LPT-OGA2" duration="00:00:00.5450000" startTime="2025-05-14T13:20:31.3146610Z" endTime="2025-05-14T13:25:31.3147553Z" testType="13cdc9d9-ddb5-4fa4-a97d-d965ccfc6d4b" outcome="Passed" testListId="f3a5d23d-6e02-4299-95fe-d4a46583e51e" />
    <UnitTestResult executionId="d4d16547-a573-4eb6-b896-b6d9a7533aff" testId="dc6200c0-37b3-4790-b4fa-04fa45d29e6b" testName="Test466" computerName="UA-LPT-OGA2" duration="00:00:01.7440000" startTime="2025-05-14T13:20:31.3146610Z" endTime="2025-05-14T13:25:31.3147553Z" testType="13cdc9d9-ddb5-4fa4-a97d-d965ccfc6d4b" outcome="Passed" testListId="f3a5d23d-6e02-4299-95fe-d4a46583e51e" />
    <UnitTestResult executionId="86554b8e-0216-4e32-8361-c2761515da66" testId="e0362167-86bd-41a2-8efd-509f82dba6ff" testName="Test467" computerName="UA-LPT-OGA2" duration="00:00:01.3400000" startTime="2025-05-14T13:20:31.3146610Z" endTime="2025-05-14T13:25:31.3147553Z" testType="13cdc9d9-ddb5-4fa4-a97d-d965ccfc6d4b" outcome="Passed" testListId="f3a5d23d-6e02-4299-95fe-d4a46583e51e" />
    <UnitTestResult executionId="2139c6cc-f96d-4d49-8cfe-2a16fe696e21" testId="f13db6b4-375d-411d-82c9-65667a596ec0" testName="Test468" computerName="UA-LPT-OGA2" duration="00:00:01.8130000" startTime="2025-05-14T13:20:31.3146610Z" endTime="2025-05-14T13:25:31.3147553Z" testType="13cdc9d9-ddb5-4fa4-a97d-d965ccfc6d4b" outcome="Passed" testListId="f3a5d23d-6e02-4299-95fe-d4a46583e51e" />
    <UnitTestResult executionId="6eef74b7-91b6-4b6c-82fb-16bfcd627fba" testId="6f8b6b44-ca37-4271-a000-d5efc202f062" testName="Test469" computerName="UA-LPT-OGA2" duration="00:00:00.1580000" startTime="2025-05-14T13:20:31.3146610Z" endTime="2025-05-14T13:25:31.3147553Z" testType="13cdc9d9-ddb5-4fa4-a97d-d965ccfc6d4b" outcome="Passed" testListId="f3a5d23d-6e02-4299-95fe-d4a46583e51e" />
    <UnitTestResult executionId="17f0130a-9b6d-42a0-8a7f-b6ab870fda09" testId="f527cc79-3287-415f-b7a3-ed2839d40bbe" testName="Test470" computerName="UA-LPT-OGA2" duration="00:00:00.6650000" startTime="2025-05-14T13:20:31.3146610Z" endTime="2025-05-14T13:25:31.3147553Z" testType="13cdc9d9-ddb5-4fa4-a97d-d965ccfc6d4b" outcome="Passed" testListId="f3a5d23d-6e02-4299-95fe-d4a46583e51e" />
    <UnitTestResult executionId="23aed38b-4f25-44d5-8373-929fcf1a7678" testId="50cd7479-959a-4d2c-99d8-a9f50d08ef92" testName="Test471" computerName="UA-LPT-OGA2" duration="00:00:00.3460000" startTime="2025-05-14T13:20:31.3146610Z" endTime="2025-05-14T13:25:31.3147553Z" testType="13cdc9d9-ddb5-4fa4-a97d-d965ccfc6d4b" outcome="Passed" testListId="f3a5d23d-6e02-4299-95fe-d4a46583e51e" />
    <UnitTestResult executionId="b0f9f264-11d9-4bad-83b5-620efb32ed56" testId="fc252788-deba-4bd5-8a37-dcc01e55f49e" testName="Test472" computerName="UA-LPT-OGA2" duration="00:00:00.4780000" startTime="2025-05-14T13:20:31.3146610Z" endTime="2025-05-14T13:25:31.3147553Z" testType="13cdc9d9-ddb5-4fa4-a97d-d965ccfc6d4b" outcome="Passed" testListId="f3a5d23d-6e02-4299-95fe-d4a46583e51e" />
    <UnitTestResult executionId="50f779ab-07e4-4e1f-aa2a-76f442cb245e" testId="095f6793-beed-41f7-85cb-15b8b0565631" testName="Test473" computerName="UA-LPT-OGA2" duration="00:00:01.0590000" startTime="2025-05-14T13:20:31.3146610Z" endTime="2025-05-14T13:25:31.3147553Z" testType="13cdc9d9-ddb5-4fa4-a97d-d965ccfc6d4b" outcome="Passed" testListId="f3a5d23d-6e02-4299-95fe-d4a46583e51e" />
    <UnitTestResult executionId="818bb6cd-6a22-4681-8744-3d62289658ce" testId="a5ebb889-d1e2-46bd-9150-7faff76986d2" testName="Test474" computerName="UA-LPT-OGA2" duration="00:00:00.0260000" startTime="2025-05-14T13:20:31.3146610Z" endTime="2025-05-14T13:25:31.3147553Z" testType="13cdc9d9-ddb5-4fa4-a97d-d965ccfc6d4b" outcome="Passed" testListId="f3a5d23d-6e02-4299-95fe-d4a46583e51e" />
    <UnitTestResult executionId="3f50bcc1-629e-42fb-b206-39201e7ba7a8" testId="07aa70c5-7d9a-447d-84f3-de76d75c5002" testName="Test475" computerName="UA-LPT-OGA2" duration="00:00:01.2960000" startTime="2025-05-14T13:20:31.3146610Z" endTime="2025-05-14T13:25:31.3147553Z" testType="13cdc9d9-ddb5-4fa4-a97d-d965ccfc6d4b" outcome="Passed" testListId="f3a5d23d-6e02-4299-95fe-d4a46583e51e" />
    <UnitTestResult executionId="99af232f-a7fd-4974-a4b4-e967e39981ee" testId="c41b0eb5-aff3-4193-887c-7cc48c5faf5d" testName="Test476" computerName="UA-LPT-OGA2" duration="00:00:01.5600000" startTime="2025-05-14T13:20:31.3146610Z" endTime="2025-05-14T13:25:31.3147553Z" testType="13cdc9d9-ddb5-4fa4-a97d-d965ccfc6d4b" outcome="Passed" testListId="f3a5d23d-6e02-4299-95fe-d4a46583e51e" />
    <UnitTestResult executionId="4ce3c437-5aeb-4201-b8d2-65dbdb04172a" testId="7ee92b6b-ff29-4793-b404-152d62cc9143" testName="Test477" computerName="UA-LPT-OGA2" duration="00:00:01.0380000" startTime="2025-05-14T13:20:31.3146610Z" endTime="2025-05-14T13:25:31.3147553Z" testType="13cdc9d9-ddb5-4fa4-a97d-d965ccfc6d4b" outcome="Passed" testListId="f3a5d23d-6e02-4299-95fe-d4a46583e51e" />
    <UnitTestResult executionId="c8441d59-0cdd-48c3-bea2-d6840fdd2c2c" testId="bd7d0be1-60ae-4c08-a10b-980f0b9595f9" testName="Test478" computerName="UA-LPT-OGA2" duration="00:00:00.3640000" startTime="2025-05-14T13:20:31.3146610Z" endTime="2025-05-14T13:25:31.3147553Z" testType="13cdc9d9-ddb5-4fa4-a97d-d965ccfc6d4b" outcome="Passed" testListId="f3a5d23d-6e02-4299-95fe-d4a46583e51e" />
    <UnitTestResult executionId="64452f86-65cc-4738-96a7-6eab4a4c5b15" testId="5208d675-da2f-40bf-884b-b90739a0fae1" testName="Test479" computerName="UA-LPT-OGA2" duration="00:00:00.6630000" startTime="2025-05-14T13:20:31.3146610Z" endTime="2025-05-14T13:25:31.3147553Z" testType="13cdc9d9-ddb5-4fa4-a97d-d965ccfc6d4b" outcome="Passed" testListId="f3a5d23d-6e02-4299-95fe-d4a46583e51e" />
    <UnitTestResult executionId="2787f92f-777c-47cd-9e96-4342d56142b1" testId="17e00b10-e0ee-4ac4-93a3-abc6973e183c" testName="Test480" computerName="UA-LPT-OGA2" duration="00:00:00.7450000" startTime="2025-05-14T13:20:31.3146610Z" endTime="2025-05-14T13:25:31.3147553Z" testType="13cdc9d9-ddb5-4fa4-a97d-d965ccfc6d4b" outcome="Passed" testListId="f3a5d23d-6e02-4299-95fe-d4a46583e51e" />
    <UnitTestResult executionId="d1e78955-58a1-42f9-b9b4-f1fbff514692" testId="6be36537-1503-44eb-a0a1-0eff5bfb1170" testName="Test481" computerName="UA-LPT-OGA2" duration="00:00:00.0190000" startTime="2025-05-14T13:20:31.3146610Z" endTime="2025-05-14T13:25:31.3147553Z" testType="13cdc9d9-ddb5-4fa4-a97d-d965ccfc6d4b" outcome="Passed" testListId="f3a5d23d-6e02-4299-95fe-d4a46583e51e" />
    <UnitTestResult executionId="c958d87b-5f24-4374-8146-03085b23bec6" testId="787e1fd1-56e1-4697-860d-941bd32c28b1" testName="Test482" computerName="UA-LPT-OGA2" duration="00:00:01.1780000" startTime="2025-05-14T13:20:31.3146610Z" endTime="2025-05-14T13:25:31.3147553Z" testType="13cdc9d9-ddb5-4fa4-a97d-d965ccfc6d4b" outcome="Passed" testListId="f3a5d23d-6e02-4299-95fe-d4a46583e51e" />
    <UnitTestResult executionId="20764412-71cc-4961-8ece-6489bf6c1e28" testId="0b00a399-ef67-4308-975d-0db58178acd2" testName="Test483" computerName="UA-LPT-OGA2" duration="00:00:00.7750000" startTime="2025-05-14T13:20:31.3146610Z" endTime="2025-05-14T13:25:31.3147553Z" testType="13cdc9d9-ddb5-4fa4-a97d-d965ccfc6d4b" outcome="Passed" testListId="f3a5d23d-6e02-4299-95fe-d4a46583e51e" />
    <UnitTestResult executionId="ccd7f206-4704-4496-b98b-5091cf4ef960" testId="0ded284f-c4d9-4475-9df3-c0f0166c9c93" testName="Test484" computerName="UA-LPT-OGA2" duration="00:00:01.6000000" startTime="2025-05-14T13:20:31.3146610Z" endTime="2025-05-14T13:25:31.3147553Z" testType="13cdc9d9-ddb5-4fa4-a97d-d965ccfc6d4b" outcome="Passed" testListId="f3a5d23d-6e02-4299-95fe-d4a46583e51e" />
    <UnitTestResult executionId="90520560-88fe-4261-9b74-513f9ee11147" testId="0abb5d7d-ea47-47d8-954e-d048a83a986d" testName="Test485" computerName="UA-LPT-OGA2" duration="00:00:00.2870000" startTime="2025-05-14T13:20:31.3146610Z" endTime="2025-05-14T13:25:31.3147553Z" testType="13cdc9d9-ddb5-4fa4-a97d-d965ccfc6d4b" outcome="Passed" testListId="f3a5d23d-6e02-4299-95fe-d4a46583e51e" />
    <UnitTestResult executionId="20263546-8a0e-4295-8287-3268bf51da0b" testId="0b8b3e7e-9798-4d52-9bde-3e0676ff7c1e" testName="Test486" computerName="UA-LPT-OGA2" duration="00:00:01.9770000" startTime="2025-05-14T13:20:31.3146610Z" endTime="2025-05-14T13:25:31.3147553Z" testType="13cdc9d9-ddb5-4fa4-a97d-d965ccfc6d4b" outcome="Passed" testListId="f3a5d23d-6e02-4299-95fe-d4a46583e51e" />
    <UnitTestResult executionId="e96f8a33-81fd-4d9d-b4ff-0398654dcd41" testId="642ce898-087e-47c9-b4d3-b5ccfcbb17b7" testName="Test487" computerName="UA-LPT-OGA2" duration="00:00:01.1800000" startTime="2025-05-14T13:20:31.3146610Z" endTime="2025-05-14T13:25:31.3147553Z" testType="13cdc9d9-ddb5-4fa4-a97d-d965ccfc6d4b" outcome="Passed" testListId="f3a5d23d-6e02-4299-95fe-d4a46583e51e" />
    <UnitTestResult executionId="c24ea68f-457e-4a51-b327-e4da9cd855c1" testId="68bc3e70-fc72-4024-94af-29b1d69a38ab" testName="Test488" computerName="UA-LPT-OGA2" duration="00:00:01.1680000" startTime="2025-05-14T13:20:31.3146610Z" endTime="2025-05-14T13:25:31.3147553Z" testType="13cdc9d9-ddb5-4fa4-a97d-d965ccfc6d4b" outcome="Passed" testListId="f3a5d23d-6e02-4299-95fe-d4a46583e51e" />
    <UnitTestResult executionId="1992c2a8-8798-4760-bcb3-59a091dfd4b5" testId="0c616487-05dd-4f2c-90e2-946080ab38f2" testName="Test489" computerName="UA-LPT-OGA2" duration="00:00:00.6920000" startTime="2025-05-14T13:20:31.3146610Z" endTime="2025-05-14T13:25:31.3147553Z" testType="13cdc9d9-ddb5-4fa4-a97d-d965ccfc6d4b" outcome="Passed" testListId="f3a5d23d-6e02-4299-95fe-d4a46583e51e" />
    <UnitTestResult executionId="04fe4737-c5b1-40d6-b704-80d66bb74233" testId="eb64a948-8765-4323-8026-be1e095a37a6" testName="Test490" computerName="UA-LPT-OGA2" duration="00:00:01.0450000" startTime="2025-05-14T13:20:31.3146610Z" endTime="2025-05-14T13:25:31.3147553Z" testType="13cdc9d9-ddb5-4fa4-a97d-d965ccfc6d4b" outcome="Passed" testListId="f3a5d23d-6e02-4299-95fe-d4a46583e51e" />
    <UnitTestResult executionId="a568dd6c-6e2a-41d2-8e26-8fd4b868c96d" testId="5e1f234b-cf57-4883-9704-950599a41292" testName="Test491" computerName="UA-LPT-OGA2" duration="00:00:01.1550000" startTime="2025-05-14T13:20:31.3146610Z" endTime="2025-05-14T13:25:31.3147553Z" testType="13cdc9d9-ddb5-4fa4-a97d-d965ccfc6d4b" outcome="Passed" testListId="f3a5d23d-6e02-4299-95fe-d4a46583e51e" />
    <UnitTestResult executionId="49011a33-aced-4ffc-b7a2-66702c87d002" testId="24459adb-07a3-40e3-90fb-c8035f81f424" testName="Test492" computerName="UA-LPT-OGA2" duration="00:00:00.6920000" startTime="2025-05-14T13:20:31.3146610Z" endTime="2025-05-14T13:25:31.3147553Z" testType="13cdc9d9-ddb5-4fa4-a97d-d965ccfc6d4b" outcome="Passed" testListId="f3a5d23d-6e02-4299-95fe-d4a46583e51e" />
    <UnitTestResult executionId="d980f35a-f622-4f70-a3ba-73b1d2849939" testId="7ebf588f-a3d3-4d39-89b4-cc5156c90df8" testName="Test493" computerName="UA-LPT-OGA2" duration="00:00:00.0540000" startTime="2025-05-14T13:20:31.3146610Z" endTime="2025-05-14T13:25:31.3147553Z" testType="13cdc9d9-ddb5-4fa4-a97d-d965ccfc6d4b" outcome="Passed" testListId="f3a5d23d-6e02-4299-95fe-d4a46583e51e" />
    <UnitTestResult executionId="1b81141e-f5c3-4ee8-821c-367b5693a4de" testId="07a871ce-841c-4b35-90ee-d84bb735d4b2" testName="Test494" computerName="UA-LPT-OGA2" duration="00:00:00.0760000" startTime="2025-05-14T13:20:31.3146610Z" endTime="2025-05-14T13:25:31.3147553Z" testType="13cdc9d9-ddb5-4fa4-a97d-d965ccfc6d4b" outcome="Failed" testListId="f3a5d23d-6e02-4299-95fe-d4a46583e51e">
      <Output>
        <ErrorInfo>
          <Message>Assertion failed: Expected value did not match actual value.</Message>
          <StackTrace>   at TestNamespace.TestClass.Test() in TestClass.cs:line 197</StackTrace>
        </ErrorInfo>
      </Output>
    </UnitTestResult>
    <UnitTestResult executionId="fc80e681-b9f1-470f-a71e-f3aa51426848" testId="c2eac859-d4e3-427e-b3d7-a6ce2b175d98" testName="Test495" computerName="UA-LPT-OGA2" duration="00:00:01.9220000" startTime="2025-05-14T13:20:31.3146610Z" endTime="2025-05-14T13:25:31.3147553Z" testType="13cdc9d9-ddb5-4fa4-a97d-d965ccfc6d4b" outcome="Passed" testListId="f3a5d23d-6e02-4299-95fe-d4a46583e51e" />
    <UnitTestResult executionId="aba1413e-ca74-4bf5-947f-7a2366ce0154" testId="c5ecc518-8fae-43c7-8118-0b0efe507574" testName="Test496" computerName="UA-LPT-OGA2" duration="00:00:00.3480000" startTime="2025-05-14T13:20:31.3146610Z" endTime="2025-05-14T13:25:31.3147553Z" testType="13cdc9d9-ddb5-4fa4-a97d-d965ccfc6d4b" outcome="Failed" testListId="f3a5d23d-6e02-4299-95fe-d4a46583e51e">
      <Output>
        <ErrorInfo>
          <Message>Assertion failed: Expected value did not match actual value.</Message>
          <StackTrace>   at TestNamespace.TestClass.Test() in TestClass.cs:line 83</StackTrace>
        </ErrorInfo>
      </Output>
    </UnitTestResult>
    <UnitTestResult executionId="ea530b58-e304-460b-907e-1f9e6c538cbf" testId="b9cefe35-00bc-4825-98c1-a3ffde6a72ba" testName="Test497" computerName="UA-LPT-OGA2" duration="00:00:01.3710000" startTime="2025-05-14T13:20:31.3146610Z" endTime="2025-05-14T13:25:31.3147553Z" testType="13cdc9d9-ddb5-4fa4-a97d-d965ccfc6d4b" outcome="Passed" testListId="f3a5d23d-6e02-4299-95fe-d4a46583e51e" />
    <UnitTestResult executionId="b72a1a99-43fe-4bab-8d16-7fb3ea6d4e6c" testId="c92984ed-976e-4ae0-b847-f59dd3a8ea4c" testName="Test498" computerName="UA-LPT-OGA2" duration="00:00:00.5900000" startTime="2025-05-14T13:20:31.3146610Z" endTime="2025-05-14T13:25:31.3147553Z" testType="13cdc9d9-ddb5-4fa4-a97d-d965ccfc6d4b" outcome="Passed" testListId="f3a5d23d-6e02-4299-95fe-d4a46583e51e" />
    <UnitTestResult executionId="56439740-6c25-4db4-8787-3fd1fee14f76" testId="2e1b210c-2a7c-4188-b6c2-88771d952ecd" testName="Test499" computerName="UA-LPT-OGA2" duration="00:00:00.2180000" startTime="2025-05-14T13:20:31.3146610Z" endTime="2025-05-14T13:25:31.3147553Z" testType="13cdc9d9-ddb5-4fa4-a97d-d965ccfc6d4b" outcome="Passed" testListId="f3a5d23d-6e02-4299-95fe-d4a46583e51e" />
    <UnitTestResult executionId="0ed31b10-77bf-4c7c-9b15-b5eb1cd59ced" testId="8916f085-6fc0-40b5-aa0f-8a3580406f5d" testName="Test500" computerName="UA-LPT-OGA2" duration="00:00:00.3070000" startTime="2025-05-14T13:20:31.3146610Z" endTime="2025-05-14T13:25:31.3147553Z" testType="13cdc9d9-ddb5-4fa4-a97d-d965ccfc6d4b" outcome="Passed" testListId="f3a5d23d-6e02-4299-95fe-d4a46583e51e" />
  </Results>
  <TestDefinitions>
    <UnitTest name="Test401" id="d0864e69-a4e7-4955-9911-165bb1ef0ec0" storage="TestAssembly.dll">
      <Execution id="c1ac45b3-20ca-4c4f-b3dc-9bda6e8c8a4d" />
      <TestMethod codeBase="TestAssembly.dll" className="TestNamespace.TestClass1" name="Test401" />
    </UnitTest>
    <UnitTest name="Test402" id="f61d156e-9267-429d-ab85-b3baab779495" storage="TestAssembly.dll">
      <Execution id="1fbc9c4e-0ce5-4ef4-8f64-4113ec92b8cd" />
      <TestMethod codeBase="TestAssembly.dll" className="TestNamespace.TestClass1" name="Test402" />
    </UnitTest>
    <UnitTest name="Test403" id="dd790d60-a061-4c26-9f7d-f6bf7e572781" storage="TestAssembly.dll">
      <Execution id="53aa232a-5721-4f65-8643-89818036a7f2" />
      <TestMethod codeBase="TestAssembly.dll" className="TestNamespace.TestClass1" name="Test403" />
    </UnitTest>
    <UnitTest name="Test404" id="7799bb77-9e65-4296-855a-644b883547a7" storage="TestAssembly.dll">
      <Execution id="c33724ee-c2bb-4651-b2fa-d8be587a0b8b" />
      <TestMethod codeBase="TestAssembly.dll" className="TestNamespace.TestClass1" name="Test404" />
    </UnitTest>
    <UnitTest name="Test405" id="54ba6894-90fb-4be9-a5ce-f700943d48b0" storage="TestAssembly.dll">
      <Execution id="a3d79018-a48c-4a50-888f-2f5e77a2702c" />
      <TestMethod codeBase="TestAssembly.dll" className="TestNamespace.TestClass1" name="Test405" />
    </UnitTest>
    <UnitTest name="Test406" id="d7485fa0-06a4-42ac-b1d4-a272ed41820d" storage="TestAssembly.dll">
      <Execution id="43ca7aad-55c2-4ea3-b3fa-2397633d313e" />
      <TestMethod codeBase="TestAssembly.dll" className="TestNamespace.TestClass1" name="Test406" />
    </UnitTest>
    <UnitTest name="Test407" id="7d025ca1-a009-4f06-8e59-ea3240c9e81d" storage="TestAssembly.dll">
      <Execution id="94f9a657-21bb-4350-904e-5ea02a76bb7c" />
      <TestMethod codeBase="TestAssembly.dll" className="TestNamespace.TestClass1" name="Test407" />
    </UnitTest>
    <UnitTest name="Test408" id="43c5a6c8-2d6d-47fd-8b5e-7264b0636eeb" storage="TestAssembly.dll">
      <Execution id="3aa9f8c6-b8c3-4159-9c3f-b0f225d92f72" />
      <TestMethod codeBase="TestAssembly.dll" className="TestNamespace.TestClass1" name="Test408" />
    </UnitTest>
    <UnitTest name="Test409" id="85b7e0de-c112-4797-993f-0b0b2220df8d" storage="TestAssembly.dll">
      <Execution id="04845294-61fb-4dd8-a6b5-1523587d10fb" />
      <TestMethod codeBase="TestAssembly.dll" className="TestNamespace.TestClass1" name="Test409" />
    </UnitTest>
    <UnitTest name="Test410" id="3864c80c-9ab6-4128-8687-cbb04b4eaf6d" storage="TestAssembly.dll">
      <Execution id="72dfe4e3-ec6f-4536-b40d-ad8986d508dc" />
      <TestMethod codeBase="TestAssembly.dll" className="TestNamespace.TestClass1" name="Test410" />
    </UnitTest>
    <UnitTest name="Test411" id="73176ab5-8752-45d7-9801-1ac6a266549a" storage="TestAssembly.dll">
      <Execution id="32c4b2ab-df93-4225-8cbc-04df7f394f52" />
      <TestMethod codeBase="TestAssembly.dll" className="TestNamespace.TestClass2" name="Test411" />
    </UnitTest>
    <UnitTest name="Test412" id="435101bd-ec24-4580-9151-5660e7d0646b" storage="TestAssembly.dll">
      <Execution id="e85d0dea-a226-4fe5-bb8a-20b13e7bc079" />
      <TestMethod codeBase="TestAssembly.dll" className="TestNamespace.TestClass2" name="Test412" />
    </UnitTest>
    <UnitTest name="Test413" id="62ecba5d-0e8e-495e-b8b8-c5f7aa29c52d" storage="TestAssembly.dll">
      <Execution id="35e880b3-a2fb-4213-9c87-f926dcdda544" />
      <TestMethod codeBase="TestAssembly.dll" className="TestNamespace.TestClass2" name="Test413" />
    </UnitTest>
    <UnitTest name="Test414" id="fb5682ff-29cd-431f-a4f9-dc25970bc0e1" storage="TestAssembly.dll">
      <Execution id="4b8c3fea-bc70-475c-a649-6ad8b7bd0103" />
      <TestMethod codeBase="TestAssembly.dll" className="TestNamespace.TestClass2" name="Test414" />
    </UnitTest>
    <UnitTest name="Test415" id="8bca6bfd-c3ff-44c4-b9a6-7ade49b42e98" storage="TestAssembly.dll">
      <Execution id="7119b1ce-ce1a-48b6-bb4d-c76f42877b46" />
      <TestMethod codeBase="TestAssembly.dll" className="TestNamespace.TestClass2" name="Test415" />
    </UnitTest>
    <UnitTest name="Test416" id="e047f07c-54a0-489c-9fea-c53687f73ee5" storage="TestAssembly.dll">
      <Execution id="6ced2675-eec3-46dd-99bd-2a8f4340f7bc" />
      <TestMethod codeBase="TestAssembly.dll" className="TestNamespace.TestClass2" name="Test416" />
    </UnitTest>
    <UnitTest name="Test417" id="1720c0d0-469b-4e5c-a7b6-4cfe405d8beb" storage="TestAssembly.dll">
      <Execution id="0878e667-3316-4c1f-b63a-6c4d57987d69" />
      <TestMethod codeBase="TestAssembly.dll" className="TestNamespace.TestClass2" name="Test417" />
    </UnitTest>
    <UnitTest name="Test418" id="3e9586f8-9341-42de-adc8-344730674b06" storage="TestAssembly.dll">
      <Execution id="1c10147c-917d-46f3-b202-d03c7e139bae" />
      <TestMethod codeBase="TestAssembly.dll" className="TestNamespace.TestClass2" name="Test418" />
    </UnitTest>
    <UnitTest name="Test419" id="2a4414d5-bc9d-4e9c-8984-69d2bc5bfb74" storage="TestAssembly.dll">
      <Execution id="e459f826-8ab8-4229-a305-09b101a2226a" />
      <TestMethod codeBase="TestAssembly.dll" className="TestNamespace.TestClass2" name="Test419" />
    </UnitTest>
    <UnitTest name="Test420" id="e64300ae-6be8-4358-a221-c277e42b1194" storage="TestAssembly.dll">
      <Execution id="55bd4238-9b87-4835-92f8-ebfa8d6f05e8" />
      <TestMethod codeBase="TestAssembly.dll" className="TestNamespace.TestClass2" name="Test420" />
    </UnitTest>
    <UnitTest name="Test421" id="2113f713-0498-4d27-bb5b-ae4c794f2b21" storage="TestAssembly.dll">
      <Execution id="35e72227-acf9-432e-87a2-1dfe183e0d31" />
      <TestMethod codeBase="TestAssembly.dll" className="TestNamespace.TestClass3" name="Test421" />
    </UnitTest>
    <UnitTest name="Test422" id="022fd9f7-4987-4ce7-8916-2658aafbca24" storage="TestAssembly.dll">
      <Execution id="0c165436-3e02-4c45-983d-0d6e9c19b3cd" />
      <TestMethod codeBase="TestAssembly.dll" className="TestNamespace.TestClass3" name="Test422" />
    </UnitTest>
    <UnitTest name="Test423" id="ae010b6b-e07e-4c79-8ce1-3b91eb9c57dd" storage="TestAssembly.dll">
      <Execution id="867c3b1a-4a09-44b7-ad78-f14e26e47799" />
      <TestMethod codeBase="TestAssembly.dll" className="TestNamespace.TestClass3" name="Test423" />
    </UnitTest>
    <UnitTest name="Test424" id="09cae80f-0e02-4ed5-be91-57f7cfd25884" storage="TestAssembly.dll">
      <Execution id="9acea3fe-1ed7-42b3-95e2-af146402b54e" />
      <TestMethod codeBase="TestAssembly.dll" className="TestNamespace.TestClass3" name="Test424" />
    </UnitTest>
    <UnitTest name="Test425" id="84d82e58-d808-46ad-9942-36f6667b5a76" storage="TestAssembly.dll">
      <Execution id="3b9ff782-f87e-4832-aa0a-72b46b5b8bd0" />
      <TestMethod codeBase="TestAssembly.dll" className="TestNamespace.TestClass3" name="Test425" />
    </UnitTest>
    <UnitTest name="Test426" id="c9029a19-dbb9-4872-8941-c95aebf73ea8" storage="TestAssembly.dll">
      <Execution id="e7058feb-3ecb-416f-acfa-e0321784e19d" />
      <TestMethod codeBase="TestAssembly.dll" className="TestNamespace.TestClass3" name="Test426" />
    </UnitTest>
    <UnitTest name="Test427" id="9cc32275-5ebd-41e0-b2bd-231de1eb8608" storage="TestAssembly.dll">
      <Execution id="97169d8e-f4d3-4ad8-b2a6-db4334b982d4" />
      <TestMethod codeBase="TestAssembly.dll" className="TestNamespace.TestClass3" name="Test427" />
    </UnitTest>
    <UnitTest name="Test428" id="22a33cdb-e4b4-459e-a798-a8e5de9b3c41" storage="TestAssembly.dll">
      <Execution id="71e7f061-7f99-4ca0-8a0e-80e2237b9c79" />
      <TestMethod codeBase="TestAssembly.dll" className="TestNamespace.TestClass3" name="Test428" />
    </UnitTest>
    <UnitTest name="Test429" id="b2c891e8-1d47-4a68-b7c4-6b4655123a28" storage="TestAssembly.dll">
      <Execution id="544cf4fe-cdc2-4d6a-8271-03f12fb9432e" />
      <TestMethod codeBase="TestAssembly.dll" className="TestNamespace.TestClass3" name="Test429" />
    </UnitTest>
    <UnitTest name="Test430" id="8716ad38-6200-43af-b443-cf597cd6de71" storage="TestAssembly.dll">
      <Execution id="2456f3f3-d544-4b1a-84a9-28403e97109b" />
      <TestMethod codeBase="TestAssembly.dll" className="TestNamespace.TestClass3" name="Test430" />
    </UnitTest>
    <UnitTest name="Test431" id="c67b42b8-7d28-4bc0-96ee-7ba8b851ba3d" storage="TestAssembly.dll">
      <Execution id="ee2df593-e7f4-40ec-a5b8-843a8e585f9c" />
      <TestMethod codeBase="TestAssembly.dll" className="TestNamespace.TestClass4" name="Test431" />
    </UnitTest>
    <UnitTest name="Test432" id="49bd9a8d-22e7-4857-9944-853cf1a0ffe7" storage="TestAssembly.dll">
      <Execution id="8865aa78-1664-49ce-b2f1-d6839f596e04" />
      <TestMethod codeBase="TestAssembly.dll" className="TestNamespace.TestClass4" name="Test432" />
    </UnitTest>
    <UnitTest name="Test433" id="28fce892-94a6-4882-967e-304ce6d9cb9d" storage="TestAssembly.dll">
      <Execution id="c799aead-9e8c-430b-9447-5a9ceaba6c53" />
      <TestMethod codeBase="TestAssembly.dll" className="TestNamespace.TestClass4" name="Test433" />
    </UnitTest>
    <UnitTest name="Test434" id="9e48a658-5f87-4b05-80ee-801a39546271" storage="TestAssembly.dll">
      <Execution id="5cca7f06-fac9-4ea6-b67f-076e0ec0cd79" />
      <TestMethod codeBase="TestAssembly.dll" className="TestNamespace.TestClass4" name="Test434" />
    </UnitTest>
    <UnitTest name="Test435" id="e34c5891-b70c-4524-b7e3-5533f4bf53f0" storage="TestAssembly.dll">
      <Execution id="c8f60a7e-469f-4425-878e-ee82c659866d" />
      <TestMethod codeBase="TestAssembly.dll" className="TestNamespace.TestClass4" name="Test435" />
    </UnitTest>
    <UnitTest name="Test436" id="efe8aba7-e315-4e97-8684-1cb576903935" storage="TestAssembly.dll">
      <Execution id="1b0bde26-f6f3-4571-a095-2ffea7847c10" />
      <TestMethod codeBase="TestAssembly.dll" className="TestNamespace.TestClass4" name="Test436" />
    </UnitTest>
    <UnitTest name="Test437" id="b51aa91b-6f66-4617-b191-b09aaa34495d" storage="TestAssembly.dll">
      <Execution id="f7a750c7-5467-4281-9af0-66f42deced5e" />
      <TestMethod codeBase="TestAssembly.dll" className="TestNamespace.TestClass4" name="Test437" />
    </UnitTest>
    <UnitTest name="Test438" id="658d5dc0-fcec-49a3-86c4-e49b9a2c762f" storage="TestAssembly.dll">
      <Execution id="624af89b-0770-4b3a-a3fe-9250f81660f4" />
      <TestMethod codeBase="TestAssembly.dll" className="TestNamespace.TestClass4" name="Test438" />
    </UnitTest>
    <UnitTest name="Test439" id="da6c0855-67cf-4852-8cf6-f89ca6b67344" storage="TestAssembly.dll">
      <Execution id="05cf3d86-ab7c-46de-96c3-0b93b0d29a5c" />
      <TestMethod codeBase="TestAssembly.dll" className="TestNamespace.TestClass4" name="Test439" />
    </UnitTest>
    <UnitTest name="Test440" id="522ee093-564d-4a5b-95c8-17cfb24be11e" storage="TestAssembly.dll">
      <Execution id="c2473cc9-3232-411f-bd41-977a01913632" />
      <TestMethod codeBase="TestAssembly.dll" className="TestNamespace.TestClass4" name="Test440" />
    </UnitTest>
    <UnitTest name="Test441" id="7c3db1ca-c2ad-4764-a6bf-034e65cf190f" storage="TestAssembly.dll">
      <Execution id="60934eae-2d03-442b-a5d6-80b8ee6716eb" />
      <TestMethod codeBase="TestAssembly.dll" className="TestNamespace.TestClass5" name="Test441" />
    </UnitTest>
    <UnitTest name="Test442" id="83f6c57b-a3f0-46be-8ef6-c478677e8388" storage="TestAssembly.dll">
      <Execution id="b7571692-3178-403a-8eff-b312c9b1972b" />
      <TestMethod codeBase="TestAssembly.dll" className="TestNamespace.TestClass5" name="Test442" />
    </UnitTest>
    <UnitTest name="Test443" id="bf2de63e-7be3-4777-8d20-7389296f9c52" storage="TestAssembly.dll">
      <Execution id="24c685b6-1cb4-4ff8-9a3f-6f6a8cca8dd6" />
      <TestMethod codeBase="TestAssembly.dll" className="TestNamespace.TestClass5" name="Test443" />
    </UnitTest>
    <UnitTest name="Test444" id="4a4d200e-bd33-4e2b-9b8a-681c3afbb693" storage="TestAssembly.dll">
      <Execution id="16d0dcce-01fd-4dd9-b6ea-5ff09c96ea1a" />
      <TestMethod codeBase="TestAssembly.dll" className="TestNamespace.TestClass5" name="Test444" />
    </UnitTest>
    <UnitTest name="Test445" id="a453eeaa-fced-4a67-a0fa-819a8233aa93" storage="TestAssembly.dll">
      <Execution id="bbb46739-3d58-4157-a32f-c4896d5805bd" />
      <TestMethod codeBase="TestAssembly.dll" className="TestNamespace.TestClass5" name="Test445" />
    </UnitTest>
    <UnitTest name="Test446" id="53bf33dc-0cfd-4d69-927b-f473f4880b2b" storage="TestAssembly.dll">
      <Execution id="eb91a9f8-ff1a-4e73-ae23-1d74557c188a" />
      <TestMethod codeBase="TestAssembly.dll" className="TestNamespace.TestClass5" name="Test446" />
    </UnitTest>
    <UnitTest name="Test447" id="3fe1ba51-f593-42c9-96f7-2ce466fabffa" storage="TestAssembly.dll">
      <Execution id="879d66db-cf30-4c22-858b-2fb144808472" />
      <TestMethod codeBase="TestAssembly.dll" className="TestNamespace.TestClass5" name="Test447" />
    </UnitTest>
    <UnitTest name="Test448" id="a988c9d7-830a-41e5-99ac-d4e881bcac73" storage="TestAssembly.dll">
      <Execution id="32e572b2-38a4-488c-9d6e-e168b3f7744c" />
      <TestMethod codeBase="TestAssembly.dll" className="TestNamespace.TestClass5" name="Test448" />
    </UnitTest>
    <UnitTest name="Test449" id="ebce20ce-c9b0-4ad8-8ec0-58ec3f73ef26" storage="TestAssembly.dll">
      <Execution id="6c304891-a414-498b-9a30-fb23df5c27f3" />
      <TestMethod codeBase="TestAssembly.dll" className="TestNamespace.TestClass5" name="Test449" />
    </UnitTest>
    <UnitTest name="Test450" id="36a7b28c-ba76-46dd-ad16-e103fba2d929" storage="TestAssembly.dll">
      <Execution id="401de0b9-3de5-4c0a-a175-c27c05ba631c" />
      <TestMethod codeBase="TestAssembly.dll" className="TestNamespace.TestClass5" name="Test450" />
    </UnitTest>
    <UnitTest name="Test451" id="b167808c-dd43-4623-a07f-9d5a15c8d103" storage="TestAssembly.dll">
      <Execution id="266053cb-36d1-4142-8cea-bf5fb573c2ab" />
      <TestMethod codeBase="TestAssembly.dll" className="TestNamespace.TestClass6" name="Test451" />
    </UnitTest>
    <UnitTest name="Test452" id="978fa0c2-8e94-4c22-a799-dfc8fbe05f42" storage="TestAssembly.dll">
      <Execution id="0e1d1d6e-f340-4275-beaa-c4224e60db39" />
      <TestMethod codeBase="TestAssembly.dll" className="TestNamespace.TestClass6" name="Test452" />
    </UnitTest>
    <UnitTest name="Test453" id="d9f4b95c-07dd-45a7-babc-f6714dac9129" storage="TestAssembly.dll">
      <Execution id="ada5f0c7-3e08-4547-8219-b1818589df59" />
      <TestMethod codeBase="TestAssembly.dll" className="TestNamespace.TestClass6" name="Test453" />
    </UnitTest>
    <UnitTest name="Test454" id="8470fd75-570d-46f8-bce6-dfaeb8e568e4" storage="TestAssembly.dll">
      <Execution id="eec3e4f5-33c6-4e43-badf-cd94bf4f3957" />
      <TestMethod codeBase="TestAssembly.dll" className="TestNamespace.TestClass6" name="Test454" />
    </UnitTest>
    <UnitTest name="Test455" id="8d420d6a-6866-477f-98f4-486da7fa985c" storage="TestAssembly.dll">
      <Execution id="1c3b1be0-be77-4ea5-8437-55c84ac8158b" />
      <TestMethod codeBase="TestAssembly.dll" className="TestNamespace.TestClass6" name="Test455" />
    </UnitTest>
    <UnitTest name="Test456" id="d1b843a3-8af5-4900-83d9-83883c7803df" storage="TestAssembly.dll">
      <Execution id="cc452dc9-5598-4438-89ec-3ff8d6c4eeca" />
      <TestMethod codeBase="TestAssembly.dll" className="TestNamespace.TestClass6" name="Test456" />
    </UnitTest>
    <UnitTest name="Test457" id="ba97ee92-372b-4f83-998d-2d8d02e1f033" storage="TestAssembly.dll">
      <Execution id="f1e493f9-1030-4a1b-b4bb-c9c3ec397fba" />
      <TestMethod codeBase="TestAssembly.dll" className="TestNamespace.TestClass6" name="Test457" />
    </UnitTest>
    <UnitTest name="Test458" id="5dfb54b3-076f-4c67-9ffb-4e66060a3e14" storage="TestAssembly.dll">
      <Execution id="e3ef5524-c7e9-4bcb-9bc1-47ae1c0d84ed" />
      <TestMethod codeBase="TestAssembly.dll" className="TestNamespace.TestClass6" name="Test458" />
    </UnitTest>
    <UnitTest name="Test459" id="c690f6e2-a531-4614-ba43-a5957767e76f" storage="TestAssembly.dll">
      <Execution id="4e3d2299-c2fb-4ad5-a480-210cb79479b4" />
      <TestMethod codeBase="TestAssembly.dll" className="TestNamespace.TestClass6" name="Test459" />
    </UnitTest>
    <UnitTest name="Test460" id="224f7901-7596-4c89-9902-d2b9779d3fb9" storage="TestAssembly.dll">
      <Execution id="ec66ffce-14ab-4990-93ff-6bd437a57b11" />
      <TestMethod codeBase="TestAssembly.dll" className="TestNamespace.TestClass6" name="Test460" />
    </UnitTest>
    <UnitTest name="Test461" id="8e23efcf-0fe3-4c7e-8d9d-1da4bb2a8973" storage="TestAssembly.dll">
      <Execution id="95854270-7413-43dd-860a-57288827ead7" />
      <TestMethod codeBase="TestAssembly.dll" className="TestNamespace.TestClass7" name="Test461" />
    </UnitTest>
    <UnitTest name="Test462" id="feba1832-e1f4-4001-a099-a7f3aaede991" storage="TestAssembly.dll">
      <Execution id="bc0a7dd1-ec5c-488c-8e59-9285ffe86151" />
      <TestMethod codeBase="TestAssembly.dll" className="TestNamespace.TestClass7" name="Test462" />
    </UnitTest>
    <UnitTest name="Test463" id="92b88855-3fd8-4109-9dd5-063aae5dd1a2" storage="TestAssembly.dll">
      <Execution id="692e3121-a95b-42cc-b8d6-2492e2f99cc5" />
      <TestMethod codeBase="TestAssembly.dll" className="TestNamespace.TestClass7" name="Test463" />
    </UnitTest>
    <UnitTest name="Test464" id="614dc422-6895-4d5e-a9bd-f65da58adf3c" storage="TestAssembly.dll">
      <Execution id="691e6409-f9fd-46b3-ac83-203c8765d33f" />
      <TestMethod codeBase="TestAssembly.dll" className="TestNamespace.TestClass7" name="Test464" />
    </UnitTest>
    <UnitTest name="Test465" id="fdfd81e0-1b68-4f9e-aeb9-f229999ef33d" storage="TestAssembly.dll">
      <Execution id="289298fd-3ce6-4b9e-a594-1fcafefe76b5" />
      <TestMethod codeBase="TestAssembly.dll" className="TestNamespace.TestClass7" name="Test465" />
    </UnitTest>
    <UnitTest name="Test466" id="dc6200c0-37b3-4790-b4fa-04fa45d29e6b" storage="TestAssembly.dll">
      <Execution id="d4d16547-a573-4eb6-b896-b6d9a7533aff" />
      <TestMethod codeBase="TestAssembly.dll" className="TestNamespace.TestClass7" name="Test466" />
    </UnitTest>
    <UnitTest name="Test467" id="e0362167-86bd-41a2-8efd-509f82dba6ff" storage="TestAssembly.dll">
      <Execution id="86554b8e-0216-4e32-8361-c2761515da66" />
      <TestMethod codeBase="TestAssembly.dll" className="TestNamespace.TestClass7" name="Test467" />
    </UnitTest>
    <UnitTest name="Test468" id="f13db6b4-375d-411d-82c9-65667a596ec0" storage="TestAssembly.dll">
      <Execution id="2139c6cc-f96d-4d49-8cfe-2a16fe696e21" />
      <TestMethod codeBase="TestAssembly.dll" className="TestNamespace.TestClass7" name="Test468" />
    </UnitTest>
    <UnitTest name="Test469" id="6f8b6b44-ca37-4271-a000-d5efc202f062" storage="TestAssembly.dll">
      <Execution id="6eef74b7-91b6-4b6c-82fb-16bfcd627fba" />
      <TestMethod codeBase="TestAssembly.dll" className="TestNamespace.TestClass7" name="Test469" />
    </UnitTest>
    <UnitTest name="Test470" id="f527cc79-3287-415f-b7a3-ed2839d40bbe" storage="TestAssembly.dll">
      <Execution id="17f0130a-9b6d-42a0-8a7f-b6ab870fda09" />
      <TestMethod codeBase="TestAssembly.dll" className="TestNamespace.TestClass7" name="Test470" />
    </UnitTest>
    <UnitTest name="Test471" id="50cd7479-959a-4d2c-99d8-a9f50d08ef92" storage="TestAssembly.dll">
      <Execution id="23aed38b-4f25-44d5-8373-929fcf1a7678" />
      <TestMethod codeBase="TestAssembly.dll" className="TestNamespace.TestClass8" name="Test471" />
    </UnitTest>
    <UnitTest name="Test472" id="fc252788-deba-4bd5-8a37-dcc01e55f49e" storage="TestAssembly.dll">
      <Execution id="b0f9f264-11d9-4bad-83b5-620efb32ed56" />
      <TestMethod codeBase="TestAssembly.dll" className="TestNamespace.TestClass8" name="Test472" />
    </UnitTest>
    <UnitTest name="Test473" id="095f6793-beed-41f7-85cb-15b8b0565631" storage="TestAssembly.dll">
      <Execution id="50f779ab-07e4-4e1f-aa2a-76f442cb245e" />
      <TestMethod codeBase="TestAssembly.dll" className="TestNamespace.TestClass8" name="Test473" />
    </UnitTest>
    <UnitTest name="Test474" id="a5ebb889-d1e2-46bd-9150-7faff76986d2" storage="TestAssembly.dll">
      <Execution id="818bb6cd-6a22-4681-8744-3d62289658ce" />
      <TestMethod codeBase="TestAssembly.dll" className="TestNamespace.TestClass8" name="Test474" />
    </UnitTest>
    <UnitTest name="Test475" id="07aa70c5-7d9a-447d-84f3-de76d75c5002" storage="TestAssembly.dll">
      <Execution id="3f50bcc1-629e-42fb-b206-39201e7ba7a8" />
      <TestMethod codeBase="TestAssembly.dll" className="TestNamespace.TestClass8" name="Test475" />
    </UnitTest>
    <UnitTest name="Test476" id="c41b0eb5-aff3-4193-887c-7cc48c5faf5d" storage="TestAssembly.dll">
      <Execution id="99af232f-a7fd-4974-a4b4-e967e39981ee" />
      <TestMethod codeBase="TestAssembly.dll" className="TestNamespace.TestClass8" name="Test476" />
    </UnitTest>
    <UnitTest name="Test477" id="7ee92b6b-ff29-4793-b404-152d62cc9143" storage="TestAssembly.dll">
      <Execution id="4ce3c437-5aeb-4201-b8d2-65dbdb04172a" />
      <TestMethod codeBase="TestAssembly.dll" className="TestNamespace.TestClass8" name="Test477" />
    </UnitTest>
    <UnitTest name="Test478" id="bd7d0be1-60ae-4c08-a10b-980f0b9595f9" storage="TestAssembly.dll">
      <Execution id="c8441d59-0cdd-48c3-bea2-d6840fdd2c2c" />
      <TestMethod codeBase="TestAssembly.dll" className="TestNamespace.TestClass8" name="Test478" />
    </UnitTest>
    <UnitTest name="Test479" id="5208d675-da2f-40bf-884b-b90739a0fae1" storage="TestAssembly.dll">
      <Execution id="64452f86-65cc-4738-96a7-6eab4a4c5b15" />
      <TestMethod codeBase="TestAssembly.dll" className="TestNamespace.TestClass8" name="Test479" />
    </UnitTest>
    <UnitTest name="Test480" id="17e00b10-e0ee-4ac4-93a3-abc6973e183c" storage="TestAssembly.dll">
      <Execution id="2787f92f-777c-47cd-9e96-4342d56142b1" />
      <TestMethod codeBase="TestAssembly.dll" className="TestNamespace.TestClass8" name="Test480" />
    </UnitTest>
    <UnitTest name="Test481" id="6be36537-1503-44eb-a0a1-0eff5bfb1170" storage="TestAssembly.dll">
      <Execution id="d1e78955-58a1-42f9-b9b4-f1fbff514692" />
      <TestMethod codeBase="TestAssembly.dll" className="TestNamespace.TestClass9" name="Test481" />
    </UnitTest>
    <UnitTest name="Test482" id="787e1fd1-56e1-4697-860d-941bd32c28b1" storage="TestAssembly.dll">
      <Execution id="c958d87b-5f24-4374-8146-03085b23bec6" />
      <TestMethod codeBase="TestAssembly.dll" className="TestNamespace.TestClass9" name="Test482" />
    </UnitTest>
    <UnitTest name="Test483" id="0b00a399-ef67-4308-975d-0db58178acd2" storage="TestAssembly.dll">
      <Execution id="20764412-71cc-4961-8ece-6489bf6c1e28" />
      <TestMethod codeBase="TestAssembly.dll" className="TestNamespace.TestClass9" name="Test483" />
    </UnitTest>
    <UnitTest name="Test484" id="0ded284f-c4d9-4475-9df3-c0f0166c9c93" storage="TestAssembly.dll">
      <Execution id="ccd7f206-4704-4496-b98b-5091cf4ef960" />
      <TestMethod codeBase="TestAssembly.dll" className="TestNamespace.TestClass9" name="Test484" />
    </UnitTest>
    <UnitTest name="Test485" id="0abb5d7d-ea47-47d8-954e-d048a83a986d" storage="TestAssembly.dll">
      <Execution id="90520560-88fe-4261-9b74-513f9ee11147" />
      <TestMethod codeBase="TestAssembly.dll" className="TestNamespace.TestClass9" name="Test485" />
    </UnitTest>
    <UnitTest name="Test486" id="0b8b3e7e-9798-4d52-9bde-3e0676ff7c1e" storage="TestAssembly.dll">
      <Execution id="20263546-8a0e-4295-8287-3268bf51da0b" />
      <TestMethod codeBase="TestAssembly.dll" className="TestNamespace.TestClass9" name="Test486" />
    </UnitTest>
    <UnitTest name="Test487" id="642ce898-087e-47c9-b4d3-b5ccfcbb17b7" storage="TestAssembly.dll">
      <Execution id="e96f8a33-81fd-4d9d-b4ff-0398654dcd41" />
      <TestMethod codeBase="TestAssembly.dll" className="TestNamespace.TestClass9" name="Test487" />
    </UnitTest>
    <UnitTest name="Test488" id="68bc3e70-fc72-4024-94af-29b1d69a38ab" storage="TestAssembly.dll">
      <Execution id="c24ea68f-457e-4a51-b327-e4da9cd855c1" />
      <TestMethod codeBase="TestAssembly.dll" className="TestNamespace.TestClass9" name="Test488" />
    </UnitTest>
    <UnitTest name="Test489" id="0c616487-05dd-4f2c-90e2-946080ab38f2" storage="TestAssembly.dll">
      <Execution id="1992c2a8-8798-4760-bcb3-59a091dfd4b5" />
      <TestMethod codeBase="TestAssembly.dll" className="TestNamespace.TestClass9" name="Test489" />
    </UnitTest>
    <UnitTest name="Test490" id="eb64a948-8765-4323-8026-be1e095a37a6" storage="TestAssembly.dll">
      <Execution id="04fe4737-c5b1-40d6-b704-80d66bb74233" />
      <TestMethod codeBase="TestAssembly.dll" className="TestNamespace.TestClass9" name="Test490" />
    </UnitTest>
    <UnitTest name="Test491" id="5e1f234b-cf57-4883-9704-950599a41292" storage="TestAssembly.dll">
      <Execution id="a568dd6c-6e2a-41d2-8e26-8fd4b868c96d" />
      <TestMethod codeBase="TestAssembly.dll" className="TestNamespace.TestClass10" name="Test491" />
    </UnitTest>
    <UnitTest name="Test492" id="24459adb-07a3-40e3-90fb-c8035f81f424" storage="TestAssembly.dll">
      <Execution id="49011a33-aced-4ffc-b7a2-66702c87d002" />
      <TestMethod codeBase="TestAssembly.dll" className="TestNamespace.TestClass10" name="Test492" />
    </UnitTest>
    <UnitTest name="Test493" id="7ebf588f-a3d3-4d39-89b4-cc5156c90df8" storage="TestAssembly.dll">
      <Execution id="d980f35a-f622-4f70-a3ba-73b1d2849939" />
      <TestMethod codeBase="TestAssembly.dll" className="TestNamespace.TestClass10" name="Test493" />
    </UnitTest>
    <UnitTest name="Test494" id="07a871ce-841c-4b35-90ee-d84bb735d4b2" storage="TestAssembly.dll">
      <Execution id="1b81141e-f5c3-4ee8-821c-367b5693a4de" />
      <TestMethod codeBase="TestAssembly.dll" className="TestNamespace.TestClass10" name="Test494" />
    </UnitTest>
    <UnitTest name="Test495" id="c2eac859-d4e3-427e-b3d7-a6ce2b175d98" storage="TestAssembly.dll">
      <Execution id="fc80e681-b9f1-470f-a71e-f3aa51426848" />
      <TestMethod codeBase="TestAssembly.dll" className="TestNamespace.TestClass10" name="Test495" />
    </UnitTest>
    <UnitTest name="Test496" id="c5ecc518-8fae-43c7-8118-0b0efe507574" storage="TestAssembly.dll">
      <Execution id="aba1413e-ca74-4bf5-947f-7a2366ce0154" />
      <TestMethod codeBase="TestAssembly.dll" className="TestNamespace.TestClass10" name="Test496" />
    </UnitTest>
    <UnitTest name="Test497" id="b9cefe35-00bc-4825-98c1-a3ffde6a72ba" storage="TestAssembly.dll">
      <Execution id="ea530b58-e304-460b-907e-1f9e6c538cbf" />
      <TestMethod codeBase="TestAssembly.dll" className="TestNamespace.TestClass10" name="Test497" />
    </UnitTest>
    <UnitTest name="Test498" id="c92984ed-976e-4ae0-b847-f59dd3a8ea4c" storage="TestAssembly.dll">
      <Execution id="b72a1a99-43fe-4bab-8d16-7fb3ea6d4e6c" />
      <TestMethod codeBase="TestAssembly.dll" className="TestNamespace.TestClass10" name="Test498" />
    </UnitTest>
    <UnitTest name="Test499" id="2e1b210c-2a7c-4188-b6c2-88771d952ecd" storage="TestAssembly.dll">
      <Execution id="56439740-6c25-4db4-8787-3fd1fee14f76" />
      <TestMethod codeBase="TestAssembly.dll" className="TestNamespace.TestClass10" name="Test499" />
    </UnitTest>
    <UnitTest name="Test500" id="8916f085-6fc0-40b5-aa0f-8a3580406f5d" storage="TestAssembly.dll">
      <Execution id="0ed31b10-77bf-4c7c-9b15-b5eb1cd59ced" />
      <TestMethod codeBase="TestAssembly.dll" className="TestNamespace.TestClass10" name="Test500" />
    </UnitTest>
  </TestDefinitions>
  <TestEntries>
    <TestEntry testId="d0864e69-a4e7-4955-9911-165bb1ef0ec0" executionId="c1ac45b3-20ca-4c4f-b3dc-9bda6e8c8a4d" testListId="f3a5d23d-6e02-4299-95fe-d4a46583e51e" />
    <TestEntry testId="f61d156e-9267-429d-ab85-b3baab779495" executionId="1fbc9c4e-0ce5-4ef4-8f64-4113ec92b8cd" testListId="f3a5d23d-6e02-4299-95fe-d4a46583e51e" />
    <TestEntry testId="dd790d60-a061-4c26-9f7d-f6bf7e572781" executionId="53aa232a-5721-4f65-8643-89818036a7f2" testListId="f3a5d23d-6e02-4299-95fe-d4a46583e51e" />
    <TestEntry testId="7799bb77-9e65-4296-855a-644b883547a7" executionId="c33724ee-c2bb-4651-b2fa-d8be587a0b8b" testListId="f3a5d23d-6e02-4299-95fe-d4a46583e51e" />
    <TestEntry testId="54ba6894-90fb-4be9-a5ce-f700943d48b0" executionId="a3d79018-a48c-4a50-888f-2f5e77a2702c" testListId="f3a5d23d-6e02-4299-95fe-d4a46583e51e" />
    <TestEntry testId="d7485fa0-06a4-42ac-b1d4-a272ed41820d" executionId="43ca7aad-55c2-4ea3-b3fa-2397633d313e" testListId="f3a5d23d-6e02-4299-95fe-d4a46583e51e" />
    <TestEntry testId="7d025ca1-a009-4f06-8e59-ea3240c9e81d" executionId="94f9a657-21bb-4350-904e-5ea02a76bb7c" testListId="f3a5d23d-6e02-4299-95fe-d4a46583e51e" />
    <TestEntry testId="43c5a6c8-2d6d-47fd-8b5e-7264b0636eeb" executionId="3aa9f8c6-b8c3-4159-9c3f-b0f225d92f72" testListId="f3a5d23d-6e02-4299-95fe-d4a46583e51e" />
    <TestEntry testId="85b7e0de-c112-4797-993f-0b0b2220df8d" executionId="04845294-61fb-4dd8-a6b5-1523587d10fb" testListId="f3a5d23d-6e02-4299-95fe-d4a46583e51e" />
    <TestEntry testId="3864c80c-9ab6-4128-8687-cbb04b4eaf6d" executionId="72dfe4e3-ec6f-4536-b40d-ad8986d508dc" testListId="f3a5d23d-6e02-4299-95fe-d4a46583e51e" />
    <TestEntry testId="73176ab5-8752-45d7-9801-1ac6a266549a" executionId="32c4b2ab-df93-4225-8cbc-04df7f394f52" testListId="f3a5d23d-6e02-4299-95fe-d4a46583e51e" />
    <TestEntry testId="435101bd-ec24-4580-9151-5660e7d0646b" executionId="e85d0dea-a226-4fe5-bb8a-20b13e7bc079" testListId="f3a5d23d-6e02-4299-95fe-d4a46583e51e" />
    <TestEntry testId="62ecba5d-0e8e-495e-b8b8-c5f7aa29c52d" executionId="35e880b3-a2fb-4213-9c87-f926dcdda544" testListId="f3a5d23d-6e02-4299-95fe-d4a46583e51e" />
    <TestEntry testId="fb5682ff-29cd-431f-a4f9-dc25970bc0e1" executionId="4b8c3fea-bc70-475c-a649-6ad8b7bd0103" testListId="f3a5d23d-6e02-4299-95fe-d4a46583e51e" />
    <TestEntry testId="8bca6bfd-c3ff-44c4-b9a6-7ade49b42e98" executionId="7119b1ce-ce1a-48b6-bb4d-c76f42877b46" testListId="f3a5d23d-6e02-4299-95fe-d4a46583e51e" />
    <TestEntry testId="e047f07c-54a0-489c-9fea-c53687f73ee5" executionId="6ced2675-eec3-46dd-99bd-2a8f4340f7bc" testListId="f3a5d23d-6e02-4299-95fe-d4a46583e51e" />
    <TestEntry testId="1720c0d0-469b-4e5c-a7b6-4cfe405d8beb" executionId="0878e667-3316-4c1f-b63a-6c4d57987d69" testListId="f3a5d23d-6e02-4299-95fe-d4a46583e51e" />
    <TestEntry testId="3e9586f8-9341-42de-adc8-344730674b06" executionId="1c10147c-917d-46f3-b202-d03c7e139bae" testListId="f3a5d23d-6e02-4299-95fe-d4a46583e51e" />
    <TestEntry testId="2a4414d5-bc9d-4e9c-8984-69d2bc5bfb74" executionId="e459f826-8ab8-4229-a305-09b101a2226a" testListId="f3a5d23d-6e02-4299-95fe-d4a46583e51e" />
    <TestEntry testId="e64300ae-6be8-4358-a221-c277e42b1194" executionId="55bd4238-9b87-4835-92f8-ebfa8d6f05e8" testListId="f3a5d23d-6e02-4299-95fe-d4a46583e51e" />
    <TestEntry testId="2113f713-0498-4d27-bb5b-ae4c794f2b21" executionId="35e72227-acf9-432e-87a2-1dfe183e0d31" testListId="f3a5d23d-6e02-4299-95fe-d4a46583e51e" />
    <TestEntry testId="022fd9f7-4987-4ce7-8916-2658aafbca24" executionId="0c165436-3e02-4c45-983d-0d6e9c19b3cd" testListId="f3a5d23d-6e02-4299-95fe-d4a46583e51e" />
    <TestEntry testId="ae010b6b-e07e-4c79-8ce1-3b91eb9c57dd" executionId="867c3b1a-4a09-44b7-ad78-f14e26e47799" testListId="f3a5d23d-6e02-4299-95fe-d4a46583e51e" />
    <TestEntry testId="09cae80f-0e02-4ed5-be91-57f7cfd25884" executionId="9acea3fe-1ed7-42b3-95e2-af146402b54e" testListId="f3a5d23d-6e02-4299-95fe-d4a46583e51e" />
    <TestEntry testId="84d82e58-d808-46ad-9942-36f6667b5a76" executionId="3b9ff782-f87e-4832-aa0a-72b46b5b8bd0" testListId="f3a5d23d-6e02-4299-95fe-d4a46583e51e" />
    <TestEntry testId="c9029a19-dbb9-4872-8941-c95aebf73ea8" executionId="e7058feb-3ecb-416f-acfa-e0321784e19d" testListId="f3a5d23d-6e02-4299-95fe-d4a46583e51e" />
    <TestEntry testId="9cc32275-5ebd-41e0-b2bd-231de1eb8608" executionId="97169d8e-f4d3-4ad8-b2a6-db4334b982d4" testListId="f3a5d23d-6e02-4299-95fe-d4a46583e51e" />
    <TestEntry testId="22a33cdb-e4b4-459e-a798-a8e5de9b3c41" executionId="71e7f061-7f99-4ca0-8a0e-80e2237b9c79" testListId="f3a5d23d-6e02-4299-95fe-d4a46583e51e" />
    <TestEntry testId="b2c891e8-1d47-4a68-b7c4-6b4655123a28" executionId="544cf4fe-cdc2-4d6a-8271-03f12fb9432e" testListId="f3a5d23d-6e02-4299-95fe-d4a46583e51e" />
    <TestEntry testId="8716ad38-6200-43af-b443-cf597cd6de71" executionId="2456f3f3-d544-4b1a-84a9-28403e97109b" testListId="f3a5d23d-6e02-4299-95fe-d4a46583e51e" />
    <TestEntry testId="c67b42b8-7d28-4bc0-96ee-7ba8b851ba3d" executionId="ee2df593-e7f4-40ec-a5b8-843a8e585f9c" testListId="f3a5d23d-6e02-4299-95fe-d4a46583e51e" />
    <TestEntry testId="49bd9a8d-22e7-4857-9944-853cf1a0ffe7" executionId="8865aa78-1664-49ce-b2f1-d6839f596e04" testListId="f3a5d23d-6e02-4299-95fe-d4a46583e51e" />
    <TestEntry testId="28fce892-94a6-4882-967e-304ce6d9cb9d" executionId="c799aead-9e8c-430b-9447-5a9ceaba6c53" testListId="f3a5d23d-6e02-4299-95fe-d4a46583e51e" />
    <TestEntry testId="9e48a658-5f87-4b05-80ee-801a39546271" executionId="5cca7f06-fac9-4ea6-b67f-076e0ec0cd79" testListId="f3a5d23d-6e02-4299-95fe-d4a46583e51e" />
    <TestEntry testId="e34c5891-b70c-4524-b7e3-5533f4bf53f0" executionId="c8f60a7e-469f-4425-878e-ee82c659866d" testListId="f3a5d23d-6e02-4299-95fe-d4a46583e51e" />
    <TestEntry testId="efe8aba7-e315-4e97-8684-1cb576903935" executionId="1b0bde26-f6f3-4571-a095-2ffea7847c10" testListId="f3a5d23d-6e02-4299-95fe-d4a46583e51e" />
    <TestEntry testId="b51aa91b-6f66-4617-b191-b09aaa34495d" executionId="f7a750c7-5467-4281-9af0-66f42deced5e" testListId="f3a5d23d-6e02-4299-95fe-d4a46583e51e" />
    <TestEntry testId="658d5dc0-fcec-49a3-86c4-e49b9a2c762f" executionId="624af89b-0770-4b3a-a3fe-9250f81660f4" testListId="f3a5d23d-6e02-4299-95fe-d4a46583e51e" />
    <TestEntry testId="da6c0855-67cf-4852-8cf6-f89ca6b67344" executionId="05cf3d86-ab7c-46de-96c3-0b93b0d29a5c" testListId="f3a5d23d-6e02-4299-95fe-d4a46583e51e" />
    <TestEntry testId="522ee093-564d-4a5b-95c8-17cfb24be11e" executionId="c2473cc9-3232-411f-bd41-977a01913632" testListId="f3a5d23d-6e02-4299-95fe-d4a46583e51e" />
    <TestEntry testId="7c3db1ca-c2ad-4764-a6bf-034e65cf190f" executionId="60934eae-2d03-442b-a5d6-80b8ee6716eb" testListId="f3a5d23d-6e02-4299-95fe-d4a46583e51e" />
    <TestEntry testId="83f6c57b-a3f0-46be-8ef6-c478677e8388" executionId="b7571692-3178-403a-8eff-b312c9b1972b" testListId="f3a5d23d-6e02-4299-95fe-d4a46583e51e" />
    <TestEntry testId="bf2de63e-7be3-4777-8d20-7389296f9c52" executionId="24c685b6-1cb4-4ff8-9a3f-6f6a8cca8dd6" testListId="f3a5d23d-6e02-4299-95fe-d4a46583e51e" />
    <TestEntry testId="4a4d200e-bd33-4e2b-9b8a-681c3afbb693" executionId="16d0dcce-01fd-4dd9-b6ea-5ff09c96ea1a" testListId="f3a5d23d-6e02-4299-95fe-d4a46583e51e" />
    <TestEntry testId="a453eeaa-fced-4a67-a0fa-819a8233aa93" executionId="bbb46739-3d58-4157-a32f-c4896d5805bd" testListId="f3a5d23d-6e02-4299-95fe-d4a46583e51e" />
    <TestEntry testId="53bf33dc-0cfd-4d69-927b-f473f4880b2b" executionId="eb91a9f8-ff1a-4e73-ae23-1d74557c188a" testListId="f3a5d23d-6e02-4299-95fe-d4a46583e51e" />
    <TestEntry testId="3fe1ba51-f593-42c9-96f7-2ce466fabffa" executionId="879d66db-cf30-4c22-858b-2fb144808472" testListId="f3a5d23d-6e02-4299-95fe-d4a46583e51e" />
    <TestEntry testId="a988c9d7-830a-41e5-99ac-d4e881bcac73" executionId="32e572b2-38a4-488c-9d6e-e168b3f7744c" testListId="f3a5d23d-6e02-4299-95fe-d4a46583e51e" />
    <TestEntry testId="ebce20ce-c9b0-4ad8-8ec0-58ec3f73ef26" executionId="6c304891-a414-498b-9a30-fb23df5c27f3" testListId="f3a5d23d-6e02-4299-95fe-d4a46583e51e" />
    <TestEntry testId="36a7b28c-ba76-46dd-ad16-e103fba2d929" executionId="401de0b9-3de5-4c0a-a175-c27c05ba631c" testListId="f3a5d23d-6e02-4299-95fe-d4a46583e51e" />
    <TestEntry testId="b167808c-dd43-4623-a07f-9d5a15c8d103" executionId="266053cb-36d1-4142-8cea-bf5fb573c2ab" testListId="f3a5d23d-6e02-4299-95fe-d4a46583e51e" />
    <TestEntry testId="978fa0c2-8e94-4c22-a799-dfc8fbe05f42" executionId="0e1d1d6e-f340-4275-beaa-c4224e60db39" testListId="f3a5d23d-6e02-4299-95fe-d4a46583e51e" />
    <TestEntry testId="d9f4b95c-07dd-45a7-babc-f6714dac9129" executionId="ada5f0c7-3e08-4547-8219-b1818589df59" testListId="f3a5d23d-6e02-4299-95fe-d4a46583e51e" />
    <TestEntry testId="8470fd75-570d-46f8-bce6-dfaeb8e568e4" executionId="eec3e4f5-33c6-4e43-badf-cd94bf4f3957" testListId="f3a5d23d-6e02-4299-95fe-d4a46583e51e" />
    <TestEntry testId="8d420d6a-6866-477f-98f4-486da7fa985c" executionId="1c3b1be0-be77-4ea5-8437-55c84ac8158b" testListId="f3a5d23d-6e02-4299-95fe-d4a46583e51e" />
    <TestEntry testId="d1b843a3-8af5-4900-83d9-83883c7803df" executionId="cc452dc9-5598-4438-89ec-3ff8d6c4eeca" testListId="f3a5d23d-6e02-4299-95fe-d4a46583e51e" />
    <TestEntry testId="ba97ee92-372b-4f83-998d-2d8d02e1f033" executionId="f1e493f9-1030-4a1b-b4bb-c9c3ec397fba" testListId="f3a5d23d-6e02-4299-95fe-d4a46583e51e" />
    <TestEntry testId="5dfb54b3-076f-4c67-9ffb-4e66060a3e14" executionId="e3ef5524-c7e9-4bcb-9bc1-47ae1c0d84ed" testListId="f3a5d23d-6e02-4299-95fe-d4a46583e51e" />
    <TestEntry testId="c690f6e2-a531-4614-ba43-a5957767e76f" executionId="4e3d2299-c2fb-4ad5-a480-210cb79479b4" testListId="f3a5d23d-6e02-4299-95fe-d4a46583e51e" />
    <TestEntry testId="224f7901-7596-4c89-9902-d2b9779d3fb9" executionId="ec66ffce-14ab-4990-93ff-6bd437a57b11" testListId="f3a5d23d-6e02-4299-95fe-d4a46583e51e" />
    <TestEntry testId="8e23efcf-0fe3-4c7e-8d9d-1da4bb2a8973" executionId="95854270-7413-43dd-860a-57288827ead7" testListId="f3a5d23d-6e02-4299-95fe-d4a46583e51e" />
    <TestEntry testId="feba1832-e1f4-4001-a099-a7f3aaede991" executionId="bc0a7dd1-ec5c-488c-8e59-9285ffe86151" testListId="f3a5d23d-6e02-4299-95fe-d4a46583e51e" />
    <TestEntry testId="92b88855-3fd8-4109-9dd5-063aae5dd1a2" executionId="692e3121-a95b-42cc-b8d6-2492e2f99cc5" testListId="f3a5d23d-6e02-4299-95fe-d4a46583e51e" />
    <TestEntry testId="614dc422-6895-4d5e-a9bd-f65da58adf3c" executionId="691e6409-f9fd-46b3-ac83-203c8765d33f" testListId="f3a5d23d-6e02-4299-95fe-d4a46583e51e" />
    <TestEntry testId="fdfd81e0-1b68-4f9e-aeb9-f229999ef33d" executionId="289298fd-3ce6-4b9e-a594-1fcafefe76b5" testListId="f3a5d23d-6e02-4299-95fe-d4a46583e51e" />
    <TestEntry testId="dc6200c0-37b3-4790-b4fa-04fa45d29e6b" executionId="d4d16547-a573-4eb6-b896-b6d9a7533aff" testListId="f3a5d23d-6e02-4299-95fe-d4a46583e51e" />
    <TestEntry testId="e0362167-86bd-41a2-8efd-509f82dba6ff" executionId="86554b8e-0216-4e32-8361-c2761515da66" testListId="f3a5d23d-6e02-4299-95fe-d4a46583e51e" />
    <TestEntry testId="f13db6b4-375d-411d-82c9-65667a596ec0" executionId="2139c6cc-f96d-4d49-8cfe-2a16fe696e21" testListId="f3a5d23d-6e02-4299-95fe-d4a46583e51e" />
    <TestEntry testId="6f8b6b44-ca37-4271-a000-d5efc202f062" executionId="6eef74b7-91b6-4b6c-82fb-16bfcd627fba" testListId="f3a5d23d-6e02-4299-95fe-d4a46583e51e" />
    <TestEntry testId="f527cc79-3287-415f-b7a3-ed2839d40bbe" executionId="17f0130a-9b6d-42a0-8a7f-b6ab870fda09" testListId="f3a5d23d-6e02-4299-95fe-d4a46583e51e" />
    <TestEntry testId="50cd7479-959a-4d2c-99d8-a9f50d08ef92" executionId="23aed38b-4f25-44d5-8373-929fcf1a7678" testListId="f3a5d23d-6e02-4299-95fe-d4a46583e51e" />
    <TestEntry testId="fc252788-deba-4bd5-8a37-dcc01e55f49e" executionId="b0f9f264-11d9-4bad-83b5-620efb32ed56" testListId="f3a5d23d-6e02-4299-95fe-d4a46583e51e" />
    <TestEntry testId="095f6793-beed-41f7-85cb-15b8b0565631" executionId="50f779ab-07e4-4e1f-aa2a-76f442cb245e" testListId="f3a5d23d-6e02-4299-95fe-d4a46583e51e" />
    <TestEntry testId="a5ebb889-d1e2-46bd-9150-7faff76986d2" executionId="818bb6cd-6a22-4681-8744-3d62289658ce" testListId="f3a5d23d-6e02-4299-95fe-d4a46583e51e" />
    <TestEntry testId="07aa70c5-7d9a-447d-84f3-de76d75c5002" executionId="3f50bcc1-629e-42fb-b206-39201e7ba7a8" testListId="f3a5d23d-6e02-4299-95fe-d4a46583e51e" />
    <TestEntry testId="c41b0eb5-aff3-4193-887c-7cc48c5faf5d" executionId="99af232f-a7fd-4974-a4b4-e967e39981ee" testListId="f3a5d23d-6e02-4299-95fe-d4a46583e51e" />
    <TestEntry testId="7ee92b6b-ff29-4793-b404-152d62cc9143" executionId="4ce3c437-5aeb-4201-b8d2-65dbdb04172a" testListId="f3a5d23d-6e02-4299-95fe-d4a46583e51e" />
    <TestEntry testId="bd7d0be1-60ae-4c08-a10b-980f0b9595f9" executionId="c8441d59-0cdd-48c3-bea2-d6840fdd2c2c" testListId="f3a5d23d-6e02-4299-95fe-d4a46583e51e" />
    <TestEntry testId="5208d675-da2f-40bf-884b-b90739a0fae1" executionId="64452f86-65cc-4738-96a7-6eab4a4c5b15" testListId="f3a5d23d-6e02-4299-95fe-d4a46583e51e" />
    <TestEntry testId="17e00b10-e0ee-4ac4-93a3-abc6973e183c" executionId="2787f92f-777c-47cd-9e96-4342d56142b1" testListId="f3a5d23d-6e02-4299-95fe-d4a46583e51e" />
    <TestEntry testId="6be36537-1503-44eb-a0a1-0eff5bfb1170" executionId="d1e78955-58a1-42f9-b9b4-f1fbff514692" testListId="f3a5d23d-6e02-4299-95fe-d4a46583e51e" />
    <TestEntry testId="787e1fd1-56e1-4697-860d-941bd32c28b1" executionId="c958d87b-5f24-4374-8146-03085b23bec6" testListId="f3a5d23d-6e02-4299-95fe-d4a46583e51e" />
    <TestEntry testId="0b00a399-ef67-4308-975d-0db58178acd2" executionId="20764412-71cc-4961-8ece-6489bf6c1e28" testListId="f3a5d23d-6e02-4299-95fe-d4a46583e51e" />
    <TestEntry testId="0ded284f-c4d9-4475-9df3-c0f0166c9c93" executionId="ccd7f206-4704-4496-b98b-5091cf4ef960" testListId="f3a5d23d-6e02-4299-95fe-d4a46583e51e" />
    <TestEntry testId="0abb5d7d-ea47-47d8-954e-d048a83a986d" executionId="90520560-88fe-4261-9b74-513f9ee11147" testListId="f3a5d23d-6e02-4299-95fe-d4a46583e51e" />
    <TestEntry testId="0b8b3e7e-9798-4d52-9bde-3e0676ff7c1e" executionId="20263546-8a0e-4295-8287-3268bf51da0b" testListId="f3a5d23d-6e02-4299-95fe-d4a46583e51e" />
    <TestEntry testId="642ce898-087e-47c9-b4d3-b5ccfcbb17b7" executionId="e96f8a33-81fd-4d9d-b4ff-0398654dcd41" testListId="f3a5d23d-6e02-4299-95fe-d4a46583e51e" />
    <TestEntry testId="68bc3e70-fc72-4024-94af-29b1d69a38ab" executionId="c24ea68f-457e-4a51-b327-e4da9cd855c1" testListId="f3a5d23d-6e02-4299-95fe-d4a46583e51e" />
    <TestEntry testId="0c616487-05dd-4f2c-90e2-946080ab38f2" executionId="1992c2a8-8798-4760-bcb3-59a091dfd4b5" testListId="f3a5d23d-6e02-4299-95fe-d4a46583e51e" />
    <TestEntry testId="eb64a948-8765-4323-8026-be1e095a37a6" executionId="04fe4737-c5b1-40d6-b704-80d66bb74233" testListId="f3a5d23d-6e02-4299-95fe-d4a46583e51e" />
    <TestEntry testId="5e1f234b-cf57-4883-9704-950599a41292" executionId="a568dd6c-6e2a-41d2-8e26-8fd4b868c96d" testListId="f3a5d23d-6e02-4299-95fe-d4a46583e51e" />
    <TestEntry testId="24459adb-07a3-40e3-90fb-c8035f81f424" executionId="49011a33-aced-4ffc-b7a2-66702c87d002" testListId="f3a5d23d-6e02-4299-95fe-d4a46583e51e" />
    <TestEntry testId="7ebf588f-a3d3-4d39-89b4-cc5156c90df8" executionId="d980f35a-f622-4f70-a3ba-73b1d2849939" testListId="f3a5d23d-6e02-4299-95fe-d4a46583e51e" />
    <TestEntry testId="07a871ce-841c-4b35-90ee-d84bb735d4b2" executionId="1b81141e-f5c3-4ee8-821c-367b5693a4de" testListId="f3a5d23d-6e02-4299-95fe-d4a46583e51e" />
    <TestEntry testId="c2eac859-d4e3-427e-b3d7-a6ce2b175d98" executionId="fc80e681-b9f1-470f-a71e-f3aa51426848" testListId="f3a5d23d-6e02-4299-95fe-d4a46583e51e" />
    <TestEntry testId="c5ecc518-8fae-43c7-8118-0b0efe507574" executionId="aba1413e-ca74-4bf5-947f-7a2366ce0154" testListId="f3a5d23d-6e02-4299-95fe-d4a46583e51e" />
    <TestEntry testId="b9cefe35-00bc-4825-98c1-a3ffde6a72ba" executionId="ea530b58-e304-460b-907e-1f9e6c538cbf" testListId="f3a5d23d-6e02-4299-95fe-d4a46583e51e" />
    <TestEntry testId="c92984ed-976e-4ae0-b847-f59dd3a8ea4c" executionId="b72a1a99-43fe-4bab-8d16-7fb3ea6d4e6c" testListId="f3a5d23d-6e02-4299-95fe-d4a46583e51e" />
    <TestEntry testId="2e1b210c-2a7c-4188-b6c2-88771d952ecd" executionId="56439740-6c25-4db4-8787-3fd1fee14f76" testListId="f3a5d23d-6e02-4299-95fe-d4a46583e51e" />
    <TestEntry testId="8916f085-6fc0-40b5-aa0f-8a3580406f5d" executionId="0ed31b10-77bf-4c7c-9b15-b5eb1cd59ced" testListId="f3a5d23d-6e02-4299-95fe-d4a46583e51e" />
  </TestEntries>
  <TestLists>
    <TestList name="Results Not in a List" id="f3a5d23d-6e02-4299-95fe-d4a46583e51e" />
    <TestList name="All Loaded Results" id="a374eabe-bf7b-4766-a726-ed8943dd9e4d" />
  </TestLists>
</TestRun>