<?xml version="1.0" encoding="UTF-8"?>
<TestRun id="e8ae947e-b4c3-430e-813c-b4c7dda0c9e7" name="Test Run 16" runUser="Oles Galatsan" xmlns="http://microsoft.com/schemas/VisualStudio/TeamTest/2010">
  <Times creation="2025-05-14T13:20:31.3125482Z" queuing="2025-05-14T13:20:31.3125482Z" start="2025-05-14T13:20:31.3146610Z" finish="2025-05-14T13:25:31.3147553Z" />
  <TestSettings name="Test Settings 16" id="d6a0984e-19bf-4d03-b144-715c924d2b9e" />
  <Results>
    <UnitTestResult executionId="f906a638-39e8-4c66-95ae-820a6ee6d95f" testId="9194db9e-ee5d-4db0-a306-b1642e2fa59e" testName="Test1501" computerName="UA-LPT-OGA2" duration="00:00:01.6980000" startTime="2025-05-14T13:20:31.3146610Z" endTime="2025-05-14T13:25:31.3147553Z" testType="13cdc9d9-ddb5-4fa4-a97d-d965ccfc6d4b" outcome="Passed" testListId="b19a5957-1fb8-4c0b-95ab-f59ed653742b" />
    <UnitTestResult executionId="cf98bd40-0883-45b6-92d6-512a13d603df" testId="10860e52-3ba4-44f3-a61d-67fee1476c32" testName="Test1502" computerName="UA-LPT-OGA2" duration="00:00:01.1850000" startTime="2025-05-14T13:20:31.3146610Z" endTime="2025-05-14T13:25:31.3147553Z" testType="13cdc9d9-ddb5-4fa4-a97d-d965ccfc6d4b" outcome="Passed" testListId="b19a5957-1fb8-4c0b-95ab-f59ed653742b" />
    <UnitTestResult executionId="43735408-6f91-4039-93c3-13f17036d119" testId="b0499eae-2284-4540-8178-4aaf61511cf4" testName="Test1503" computerName="UA-LPT-OGA2" duration="00:00:01.0690000" startTime="2025-05-14T13:20:31.3146610Z" endTime="2025-05-14T13:25:31.3147553Z" testType="13cdc9d9-ddb5-4fa4-a97d-d965ccfc6d4b" outcome="Passed" testListId="b19a5957-1fb8-4c0b-95ab-f59ed653742b" />
    <UnitTestResult executionId="dfafe1d8-1bdd-472e-b408-c6ee815081d4" testId="dde7fb1b-3892-4d8d-ad6c-7cd4f624748a" testName="Test1504" computerName="UA-LPT-OGA2" duration="00:00:00.2560000" startTime="2025-05-14T13:20:31.3146610Z" endTime="2025-05-14T13:25:31.3147553Z" testType="13cdc9d9-ddb5-4fa4-a97d-d965ccfc6d4b" outcome="Passed" testListId="b19a5957-1fb8-4c0b-95ab-f59ed653742b" />
    <UnitTestResult executionId="77947b6d-21bb-4ec8-bb55-2edc9e3fe12b" testId="65302a4e-3190-40ec-9da4-da41d31206c3" testName="Test1505" computerName="UA-LPT-OGA2" duration="00:00:00.0300000" startTime="2025-05-14T13:20:31.3146610Z" endTime="2025-05-14T13:25:31.3147553Z" testType="13cdc9d9-ddb5-4fa4-a97d-d965ccfc6d4b" outcome="Passed" testListId="b19a5957-1fb8-4c0b-95ab-f59ed653742b" />
    <UnitTestResult executionId="2dcb6d46-6c0f-4d39-8b26-0eb52a3c6655" testId="33829b64-2d41-4244-bbba-2a4b0a3c932a" testName="Test1506" computerName="UA-LPT-OGA2" duration="00:00:01.9410000" startTime="2025-05-14T13:20:31.3146610Z" endTime="2025-05-14T13:25:31.3147553Z" testType="13cdc9d9-ddb5-4fa4-a97d-d965ccfc6d4b" outcome="Failed" testListId="b19a5957-1fb8-4c0b-95ab-f59ed653742b">
      <Output>
        <ErrorInfo>
          <Message>Assertion failed: Expected value did not match actual value.</Message>
          <StackTrace>   at TestNamespace.TestClass.Test() in TestClass.cs:line 60</StackTrace>
        </ErrorInfo>
      </Output>
    </UnitTestResult>
    <UnitTestResult executionId="4e8abaf6-aba3-42cf-96bb-d6e14d39724a" testId="9c9ddd16-8cb2-4dd8-8178-dd271513349a" testName="Test1507" computerName="UA-LPT-OGA2" duration="00:00:00.3820000" startTime="2025-05-14T13:20:31.3146610Z" endTime="2025-05-14T13:25:31.3147553Z" testType="13cdc9d9-ddb5-4fa4-a97d-d965ccfc6d4b" outcome="Passed" testListId="b19a5957-1fb8-4c0b-95ab-f59ed653742b" />
    <UnitTestResult executionId="9ffff7ea-03d3-43ae-8f28-a17e417529e4" testId="f9d40ec2-cbe1-4c42-9978-cfdf2b6b94dc" testName="Test1508" computerName="UA-LPT-OGA2" duration="00:00:00.7690000" startTime="2025-05-14T13:20:31.3146610Z" endTime="2025-05-14T13:25:31.3147553Z" testType="13cdc9d9-ddb5-4fa4-a97d-d965ccfc6d4b" outcome="Passed" testListId="b19a5957-1fb8-4c0b-95ab-f59ed653742b" />
    <UnitTestResult executionId="dd30dfc2-46ed-45f1-a56c-2ce804cee026" testId="37098569-6baa-46d6-9d10-e1e8d42c7476" testName="Test1509" computerName="UA-LPT-OGA2" duration="00:00:00.9090000" startTime="2025-05-14T13:20:31.3146610Z" endTime="2025-05-14T13:25:31.3147553Z" testType="13cdc9d9-ddb5-4fa4-a97d-d965ccfc6d4b" outcome="Passed" testListId="b19a5957-1fb8-4c0b-95ab-f59ed653742b" />
    <UnitTestResult executionId="0b7ba127-a35b-4387-8758-2e7eecec91ba" testId="c3afb8c0-6969-4820-9761-034ed9a01fe8" testName="Test1510" computerName="UA-LPT-OGA2" duration="00:00:00.9190000" startTime="2025-05-14T13:20:31.3146610Z" endTime="2025-05-14T13:25:31.3147553Z" testType="13cdc9d9-ddb5-4fa4-a97d-d965ccfc6d4b" outcome="Passed" testListId="b19a5957-1fb8-4c0b-95ab-f59ed653742b" />
    <UnitTestResult executionId="b7dbfa5d-1715-4afe-993e-3b17a27f9ab3" testId="75d131ab-cb7e-46f5-9f67-914ea145a292" testName="Test1511" computerName="UA-LPT-OGA2" duration="00:00:01.3640000" startTime="2025-05-14T13:20:31.3146610Z" endTime="2025-05-14T13:25:31.3147553Z" testType="13cdc9d9-ddb5-4fa4-a97d-d965ccfc6d4b" outcome="Passed" testListId="b19a5957-1fb8-4c0b-95ab-f59ed653742b" />
    <UnitTestResult executionId="fe68d25c-c2ce-4f24-b04f-15cadee13d1c" testId="b926d77a-9add-48de-a634-57d66f317078" testName="Test1512" computerName="UA-LPT-OGA2" duration="00:00:01.8500000" startTime="2025-05-14T13:20:31.3146610Z" endTime="2025-05-14T13:25:31.3147553Z" testType="13cdc9d9-ddb5-4fa4-a97d-d965ccfc6d4b" outcome="Passed" testListId="b19a5957-1fb8-4c0b-95ab-f59ed653742b" />
    <UnitTestResult executionId="b15949ba-728c-4c05-8d9e-938ffb3acd53" testId="57a1d136-d99b-40ed-ac67-0523e2b398b2" testName="Test1513" computerName="UA-LPT-OGA2" duration="00:00:00.0730000" startTime="2025-05-14T13:20:31.3146610Z" endTime="2025-05-14T13:25:31.3147553Z" testType="13cdc9d9-ddb5-4fa4-a97d-d965ccfc6d4b" outcome="Passed" testListId="b19a5957-1fb8-4c0b-95ab-f59ed653742b" />
    <UnitTestResult executionId="c985ad85-dc2a-46ff-a365-bb4712f5062e" testId="0618c3d9-bc62-44d2-9bdf-a55b551280ae" testName="Test1514" computerName="UA-LPT-OGA2" duration="00:00:01.2700000" startTime="2025-05-14T13:20:31.3146610Z" endTime="2025-05-14T13:25:31.3147553Z" testType="13cdc9d9-ddb5-4fa4-a97d-d965ccfc6d4b" outcome="Passed" testListId="b19a5957-1fb8-4c0b-95ab-f59ed653742b" />
    <UnitTestResult executionId="916d1f52-45d0-4056-b953-c428c8e8d637" testId="b7feaa7c-9152-49db-a5b4-afeae68ec94a" testName="Test1515" computerName="UA-LPT-OGA2" duration="00:00:01.8980000" startTime="2025-05-14T13:20:31.3146610Z" endTime="2025-05-14T13:25:31.3147553Z" testType="13cdc9d9-ddb5-4fa4-a97d-d965ccfc6d4b" outcome="Passed" testListId="b19a5957-1fb8-4c0b-95ab-f59ed653742b" />
    <UnitTestResult executionId="98fc8689-a7bb-492f-b19e-63b94889fee0" testId="ceb8a3a3-de7d-4061-b425-64ce89a10700" testName="Test1516" computerName="UA-LPT-OGA2" duration="00:00:00.3110000" startTime="2025-05-14T13:20:31.3146610Z" endTime="2025-05-14T13:25:31.3147553Z" testType="13cdc9d9-ddb5-4fa4-a97d-d965ccfc6d4b" outcome="Passed" testListId="b19a5957-1fb8-4c0b-95ab-f59ed653742b" />
    <UnitTestResult executionId="879371bc-8433-4bc1-b341-eabea76f08c2" testId="02f5a8d5-ce73-46ea-bfdb-0836a7aeb436" testName="Test1517" computerName="UA-LPT-OGA2" duration="00:00:01.0030000" startTime="2025-05-14T13:20:31.3146610Z" endTime="2025-05-14T13:25:31.3147553Z" testType="13cdc9d9-ddb5-4fa4-a97d-d965ccfc6d4b" outcome="Passed" testListId="b19a5957-1fb8-4c0b-95ab-f59ed653742b" />
    <UnitTestResult executionId="991dcd66-df02-4558-bc69-ab8a9cd164dc" testId="554eac15-d06c-4da5-8dd4-9a55b0077fdf" testName="Test1518" computerName="UA-LPT-OGA2" duration="00:00:01.0190000" startTime="2025-05-14T13:20:31.3146610Z" endTime="2025-05-14T13:25:31.3147553Z" testType="13cdc9d9-ddb5-4fa4-a97d-d965ccfc6d4b" outcome="Passed" testListId="b19a5957-1fb8-4c0b-95ab-f59ed653742b" />
    <UnitTestResult executionId="2bd7ca8c-7f41-432a-b2db-d138e1db2add" testId="9ecd853f-c529-4ad8-b6fd-aa57f0bab4b5" testName="Test1519" computerName="UA-LPT-OGA2" duration="00:00:00.4750000" startTime="2025-05-14T13:20:31.3146610Z" endTime="2025-05-14T13:25:31.3147553Z" testType="13cdc9d9-ddb5-4fa4-a97d-d965ccfc6d4b" outcome="Passed" testListId="b19a5957-1fb8-4c0b-95ab-f59ed653742b" />
    <UnitTestResult executionId="310f5754-7d15-4acd-9a6f-53a3c97743eb" testId="708731ad-f9eb-4b2c-91c7-4bf2356ce8b1" testName="Test1520" computerName="UA-LPT-OGA2" duration="00:00:00.7430000" startTime="2025-05-14T13:20:31.3146610Z" endTime="2025-05-14T13:25:31.3147553Z" testType="13cdc9d9-ddb5-4fa4-a97d-d965ccfc6d4b" outcome="Failed" testListId="b19a5957-1fb8-4c0b-95ab-f59ed653742b">
      <Output>
        <ErrorInfo>
          <Message>Assertion failed: Expected value did not match actual value.</Message>
          <StackTrace>   at TestNamespace.TestClass.Test() in TestClass.cs:line 23</StackTrace>
        </ErrorInfo>
      </Output>
    </UnitTestResult>
    <UnitTestResult executionId="ff65d99f-c9cc-4579-8859-e5f13d419cec" testId="c4551943-8034-41e4-9f24-9bdffe43679e" testName="Test1521" computerName="UA-LPT-OGA2" duration="00:00:01.7890000" startTime="2025-05-14T13:20:31.3146610Z" endTime="2025-05-14T13:25:31.3147553Z" testType="13cdc9d9-ddb5-4fa4-a97d-d965ccfc6d4b" outcome="Failed" testListId="b19a5957-1fb8-4c0b-95ab-f59ed653742b">
      <Output>
        <ErrorInfo>
          <Message>Assertion failed: Expected value did not match actual value.</Message>
          <StackTrace>   at TestNamespace.TestClass.Test() in TestClass.cs:line 400</StackTrace>
        </ErrorInfo>
      </Output>
    </UnitTestResult>
    <UnitTestResult executionId="bf71a080-94ea-433c-8982-1e3dd87a7705" testId="dff55738-cdf1-4a01-9291-75b5c79af14c" testName="Test1522" computerName="UA-LPT-OGA2" duration="00:00:01.1650000" startTime="2025-05-14T13:20:31.3146610Z" endTime="2025-05-14T13:25:31.3147553Z" testType="13cdc9d9-ddb5-4fa4-a97d-d965ccfc6d4b" outcome="Passed" testListId="b19a5957-1fb8-4c0b-95ab-f59ed653742b" />
    <UnitTestResult executionId="78b5bbd6-449d-431f-9b2b-dbe716f4e901" testId="6385bb57-e5c2-413e-9b1b-e92c7f8cbae7" testName="Test1523" computerName="UA-LPT-OGA2" duration="00:00:01.0030000" startTime="2025-05-14T13:20:31.3146610Z" endTime="2025-05-14T13:25:31.3147553Z" testType="13cdc9d9-ddb5-4fa4-a97d-d965ccfc6d4b" outcome="Failed" testListId="b19a5957-1fb8-4c0b-95ab-f59ed653742b">
      <Output>
        <ErrorInfo>
          <Message>Assertion failed: Expected value did not match actual value.</Message>
          <StackTrace>   at TestNamespace.TestClass.Test() in TestClass.cs:line 360</StackTrace>
        </ErrorInfo>
      </Output>
    </UnitTestResult>
    <UnitTestResult executionId="bcb373ef-0ceb-4f46-89ee-a99c7954dc50" testId="089bc316-81e9-4f84-818d-1e36a185a5c9" testName="Test1524" computerName="UA-LPT-OGA2" duration="00:00:00.5230000" startTime="2025-05-14T13:20:31.3146610Z" endTime="2025-05-14T13:25:31.3147553Z" testType="13cdc9d9-ddb5-4fa4-a97d-d965ccfc6d4b" outcome="Failed" testListId="b19a5957-1fb8-4c0b-95ab-f59ed653742b">
      <Output>
        <ErrorInfo>
          <Message>Assertion failed: Expected value did not match actual value.</Message>
          <StackTrace>   at TestNamespace.TestClass.Test() in TestClass.cs:line 40</StackTrace>
        </ErrorInfo>
      </Output>
    </UnitTestResult>
    <UnitTestResult executionId="46b5898f-c510-4d0c-a3b9-54328439fdb9" testId="c7232cdc-8dab-4c72-a963-2ec25d4e26b9" testName="Test1525" computerName="UA-LPT-OGA2" duration="00:00:01.8740000" startTime="2025-05-14T13:20:31.3146610Z" endTime="2025-05-14T13:25:31.3147553Z" testType="13cdc9d9-ddb5-4fa4-a97d-d965ccfc6d4b" outcome="Passed" testListId="b19a5957-1fb8-4c0b-95ab-f59ed653742b" />
    <UnitTestResult executionId="4f2088e2-2355-40a5-bd93-f7158dd5c470" testId="5007decc-5242-4946-8056-238933e967b8" testName="Test1526" computerName="UA-LPT-OGA2" duration="00:00:00.8970000" startTime="2025-05-14T13:20:31.3146610Z" endTime="2025-05-14T13:25:31.3147553Z" testType="13cdc9d9-ddb5-4fa4-a97d-d965ccfc6d4b" outcome="Passed" testListId="b19a5957-1fb8-4c0b-95ab-f59ed653742b" />
    <UnitTestResult executionId="0eba1013-fc57-4c9a-8198-619a3d35831d" testId="1c136328-10ce-436a-8ada-ab7565cd741f" testName="Test1527" computerName="UA-LPT-OGA2" duration="00:00:01.3770000" startTime="2025-05-14T13:20:31.3146610Z" endTime="2025-05-14T13:25:31.3147553Z" testType="13cdc9d9-ddb5-4fa4-a97d-d965ccfc6d4b" outcome="Passed" testListId="b19a5957-1fb8-4c0b-95ab-f59ed653742b" />
    <UnitTestResult executionId="26cbe3bc-fa76-447a-934d-7253f8548d78" testId="a358480d-3c9f-46fc-b18a-da66fc358252" testName="Test1528" computerName="UA-LPT-OGA2" duration="00:00:00.4480000" startTime="2025-05-14T13:20:31.3146610Z" endTime="2025-05-14T13:25:31.3147553Z" testType="13cdc9d9-ddb5-4fa4-a97d-d965ccfc6d4b" outcome="Passed" testListId="b19a5957-1fb8-4c0b-95ab-f59ed653742b" />
    <UnitTestResult executionId="2792468b-748b-40e8-9d7d-468789a1f99a" testId="c37e30a2-747c-45c4-b983-58832a2ae264" testName="Test1529" computerName="UA-LPT-OGA2" duration="00:00:01.6960000" startTime="2025-05-14T13:20:31.3146610Z" endTime="2025-05-14T13:25:31.3147553Z" testType="13cdc9d9-ddb5-4fa4-a97d-d965ccfc6d4b" outcome="Passed" testListId="b19a5957-1fb8-4c0b-95ab-f59ed653742b" />
    <UnitTestResult executionId="c18dcdf7-6d15-4245-85b8-365ee22bc213" testId="735c9ede-6ee6-4e55-bf3c-8c7c3189fa4c" testName="Test1530" computerName="UA-LPT-OGA2" duration="00:00:00.5710000" startTime="2025-05-14T13:20:31.3146610Z" endTime="2025-05-14T13:25:31.3147553Z" testType="13cdc9d9-ddb5-4fa4-a97d-d965ccfc6d4b" outcome="Passed" testListId="b19a5957-1fb8-4c0b-95ab-f59ed653742b" />
    <UnitTestResult executionId="cc4efd3b-4c6a-4840-9d01-36a50c49eb96" testId="320d456b-860f-4dd1-a42b-5870ba5c61d0" testName="Test1531" computerName="UA-LPT-OGA2" duration="00:00:00.9250000" startTime="2025-05-14T13:20:31.3146610Z" endTime="2025-05-14T13:25:31.3147553Z" testType="13cdc9d9-ddb5-4fa4-a97d-d965ccfc6d4b" outcome="Passed" testListId="b19a5957-1fb8-4c0b-95ab-f59ed653742b" />
    <UnitTestResult executionId="3958574a-6e3e-4020-a389-8a13c8357792" testId="7f825e06-40fc-4133-a566-24271cd62b8f" testName="Test1532" computerName="UA-LPT-OGA2" duration="00:00:01.4850000" startTime="2025-05-14T13:20:31.3146610Z" endTime="2025-05-14T13:25:31.3147553Z" testType="13cdc9d9-ddb5-4fa4-a97d-d965ccfc6d4b" outcome="Passed" testListId="b19a5957-1fb8-4c0b-95ab-f59ed653742b" />
    <UnitTestResult executionId="dcff6532-94f7-4b63-b542-c45dfe2471ee" testId="ebf4e6a6-0a18-4450-9fff-0dc07c8cadc9" testName="Test1533" computerName="UA-LPT-OGA2" duration="00:00:00.5530000" startTime="2025-05-14T13:20:31.3146610Z" endTime="2025-05-14T13:25:31.3147553Z" testType="13cdc9d9-ddb5-4fa4-a97d-d965ccfc6d4b" outcome="Passed" testListId="b19a5957-1fb8-4c0b-95ab-f59ed653742b" />
    <UnitTestResult executionId="ba85d62c-257f-453f-9ac6-8d5d62f42ca2" testId="7e28d4b2-82c4-4e68-9ef0-7fb295158386" testName="Test1534" computerName="UA-LPT-OGA2" duration="00:00:00.9090000" startTime="2025-05-14T13:20:31.3146610Z" endTime="2025-05-14T13:25:31.3147553Z" testType="13cdc9d9-ddb5-4fa4-a97d-d965ccfc6d4b" outcome="Passed" testListId="b19a5957-1fb8-4c0b-95ab-f59ed653742b" />
    <UnitTestResult executionId="b536c642-49e9-45c6-8c55-db407f8c1630" testId="377bacc4-ef2f-4b34-9e19-3591fd4931a8" testName="Test1535" computerName="UA-LPT-OGA2" duration="00:00:00.7510000" startTime="2025-05-14T13:20:31.3146610Z" endTime="2025-05-14T13:25:31.3147553Z" testType="13cdc9d9-ddb5-4fa4-a97d-d965ccfc6d4b" outcome="Passed" testListId="b19a5957-1fb8-4c0b-95ab-f59ed653742b" />
    <UnitTestResult executionId="07f51749-af6d-49ed-926e-20fbbe808830" testId="0d92e9a0-96bd-49a7-9d67-7d5f73aa4e5c" testName="Test1536" computerName="UA-LPT-OGA2" duration="00:00:00.7020000" startTime="2025-05-14T13:20:31.3146610Z" endTime="2025-05-14T13:25:31.3147553Z" testType="13cdc9d9-ddb5-4fa4-a97d-d965ccfc6d4b" outcome="Inconclusive" testListId="b19a5957-1fb8-4c0b-95ab-f59ed653742b" />
    <UnitTestResult executionId="fcac0f1f-ca4c-4ead-9f6d-adf23d4d7bdc" testId="40345efd-767c-45a2-ad12-b6bcc777a439" testName="Test1537" computerName="UA-LPT-OGA2" duration="00:00:00.7320000" startTime="2025-05-14T13:20:31.3146610Z" endTime="2025-05-14T13:25:31.3147553Z" testType="13cdc9d9-ddb5-4fa4-a97d-d965ccfc6d4b" outcome="Passed" testListId="b19a5957-1fb8-4c0b-95ab-f59ed653742b" />
    <UnitTestResult executionId="90719e1f-9167-4722-9731-b076f0f41d6b" testId="e0467bf1-17e6-4581-bba1-fad974d9debf" testName="Test1538" computerName="UA-LPT-OGA2" duration="00:00:01.5080000" startTime="2025-05-14T13:20:31.3146610Z" endTime="2025-05-14T13:25:31.3147553Z" testType="13cdc9d9-ddb5-4fa4-a97d-d965ccfc6d4b" outcome="Inconclusive" testListId="b19a5957-1fb8-4c0b-95ab-f59ed653742b" />
    <UnitTestResult executionId="91462f81-9734-4423-b0d1-b6ab8e0a3749" testId="a3bff4b3-9725-4a0b-8c55-9be3d8414579" testName="Test1539" computerName="UA-LPT-OGA2" duration="00:00:00.4730000" startTime="2025-05-14T13:20:31.3146610Z" endTime="2025-05-14T13:25:31.3147553Z" testType="13cdc9d9-ddb5-4fa4-a97d-d965ccfc6d4b" outcome="Passed" testListId="b19a5957-1fb8-4c0b-95ab-f59ed653742b" />
    <UnitTestResult executionId="3884f9f4-bf33-43c1-8d8e-9d0167de258c" testId="8ce1f688-fcd2-4c0f-b16f-db6280911170" testName="Test1540" computerName="UA-LPT-OGA2" duration="00:00:01.0110000" startTime="2025-05-14T13:20:31.3146610Z" endTime="2025-05-14T13:25:31.3147553Z" testType="13cdc9d9-ddb5-4fa4-a97d-d965ccfc6d4b" outcome="Passed" testListId="b19a5957-1fb8-4c0b-95ab-f59ed653742b" />
    <UnitTestResult executionId="443c7e16-91fa-479b-9db5-cd3e39e121f9" testId="613e7939-6e87-44e5-9a25-d305c9c8ea78" testName="Test1541" computerName="UA-LPT-OGA2" duration="00:00:00.2580000" startTime="2025-05-14T13:20:31.3146610Z" endTime="2025-05-14T13:25:31.3147553Z" testType="13cdc9d9-ddb5-4fa4-a97d-d965ccfc6d4b" outcome="Passed" testListId="b19a5957-1fb8-4c0b-95ab-f59ed653742b" />
    <UnitTestResult executionId="b26ddf3c-9dc8-42e9-94b3-58b02ad3fd68" testId="11fe343e-f984-446f-be04-c44070402dcc" testName="Test1542" computerName="UA-LPT-OGA2" duration="00:00:00.8920000" startTime="2025-05-14T13:20:31.3146610Z" endTime="2025-05-14T13:25:31.3147553Z" testType="13cdc9d9-ddb5-4fa4-a97d-d965ccfc6d4b" outcome="Passed" testListId="b19a5957-1fb8-4c0b-95ab-f59ed653742b" />
    <UnitTestResult executionId="a98b1d41-66db-4c64-965c-12faaeeb7c8c" testId="583e9416-b4d7-48c6-a435-2981f1f7da08" testName="Test1543" computerName="UA-LPT-OGA2" duration="00:00:00.1420000" startTime="2025-05-14T13:20:31.3146610Z" endTime="2025-05-14T13:25:31.3147553Z" testType="13cdc9d9-ddb5-4fa4-a97d-d965ccfc6d4b" outcome="Passed" testListId="b19a5957-1fb8-4c0b-95ab-f59ed653742b" />
    <UnitTestResult executionId="24e4d668-ff00-4c0a-aa73-ed9bb93f2fef" testId="3183c8a5-d3c3-4fe2-a727-555701527c57" testName="Test1544" computerName="UA-LPT-OGA2" duration="00:00:01.0840000" startTime="2025-05-14T13:20:31.3146610Z" endTime="2025-05-14T13:25:31.3147553Z" testType="13cdc9d9-ddb5-4fa4-a97d-d965ccfc6d4b" outcome="Passed" testListId="b19a5957-1fb8-4c0b-95ab-f59ed653742b" />
    <UnitTestResult executionId="c0926d65-8ae5-40c0-8c9b-e75a7a3dde8f" testId="b72771ab-91e3-44b8-84f2-6a754caf908b" testName="Test1545" computerName="UA-LPT-OGA2" duration="00:00:00.4960000" startTime="2025-05-14T13:20:31.3146610Z" endTime="2025-05-14T13:25:31.3147553Z" testType="13cdc9d9-ddb5-4fa4-a97d-d965ccfc6d4b" outcome="Passed" testListId="b19a5957-1fb8-4c0b-95ab-f59ed653742b" />
    <UnitTestResult executionId="6ce260ea-866b-4608-8eb6-d8c5eb985f30" testId="205fbdc0-a7bf-40ed-b33f-44a9010a5f3c" testName="Test1546" computerName="UA-LPT-OGA2" duration="00:00:01.9360000" startTime="2025-05-14T13:20:31.3146610Z" endTime="2025-05-14T13:25:31.3147553Z" testType="13cdc9d9-ddb5-4fa4-a97d-d965ccfc6d4b" outcome="Passed" testListId="b19a5957-1fb8-4c0b-95ab-f59ed653742b" />
    <UnitTestResult executionId="a322413e-b4e0-4a89-9d52-8e190fe828d7" testId="1f68eed1-9984-4d0f-bbb0-22bab28effc7" testName="Test1547" computerName="UA-LPT-OGA2" duration="00:00:00.7810000" startTime="2025-05-14T13:20:31.3146610Z" endTime="2025-05-14T13:25:31.3147553Z" testType="13cdc9d9-ddb5-4fa4-a97d-d965ccfc6d4b" outcome="Passed" testListId="b19a5957-1fb8-4c0b-95ab-f59ed653742b" />
    <UnitTestResult executionId="e7f90ca1-ede1-477b-8d5c-db814ac34231" testId="b3eaf36b-b59d-43c4-8a54-826b12ba1847" testName="Test1548" computerName="UA-LPT-OGA2" duration="00:00:01.8890000" startTime="2025-05-14T13:20:31.3146610Z" endTime="2025-05-14T13:25:31.3147553Z" testType="13cdc9d9-ddb5-4fa4-a97d-d965ccfc6d4b" outcome="Passed" testListId="b19a5957-1fb8-4c0b-95ab-f59ed653742b" />
    <UnitTestResult executionId="6ad72f4f-0feb-4181-8bc9-21fb663ed4c8" testId="92399567-0c88-4817-9796-4bc5e1455e3d" testName="Test1549" computerName="UA-LPT-OGA2" duration="00:00:01.1560000" startTime="2025-05-14T13:20:31.3146610Z" endTime="2025-05-14T13:25:31.3147553Z" testType="13cdc9d9-ddb5-4fa4-a97d-d965ccfc6d4b" outcome="Passed" testListId="b19a5957-1fb8-4c0b-95ab-f59ed653742b" />
    <UnitTestResult executionId="1e355e0f-4b85-47ca-b6c4-a09cedd8e64e" testId="e4bb54b2-daaa-4d8f-8841-34a38f286a1a" testName="Test1550" computerName="UA-LPT-OGA2" duration="00:00:01.3470000" startTime="2025-05-14T13:20:31.3146610Z" endTime="2025-05-14T13:25:31.3147553Z" testType="13cdc9d9-ddb5-4fa4-a97d-d965ccfc6d4b" outcome="Passed" testListId="b19a5957-1fb8-4c0b-95ab-f59ed653742b" />
    <UnitTestResult executionId="a58be31f-847f-4256-919e-fa76b8ac2e1f" testId="7802de22-7469-434d-b4d8-59339e6cefb3" testName="Test1551" computerName="UA-LPT-OGA2" duration="00:00:00.2480000" startTime="2025-05-14T13:20:31.3146610Z" endTime="2025-05-14T13:25:31.3147553Z" testType="13cdc9d9-ddb5-4fa4-a97d-d965ccfc6d4b" outcome="Passed" testListId="b19a5957-1fb8-4c0b-95ab-f59ed653742b" />
    <UnitTestResult executionId="be2dedc7-29e5-4efc-b1f7-72a75cd1a321" testId="fec0cf2e-6c53-4a88-a9a3-3eae01eeccf2" testName="Test1552" computerName="UA-LPT-OGA2" duration="00:00:01.0530000" startTime="2025-05-14T13:20:31.3146610Z" endTime="2025-05-14T13:25:31.3147553Z" testType="13cdc9d9-ddb5-4fa4-a97d-d965ccfc6d4b" outcome="Passed" testListId="b19a5957-1fb8-4c0b-95ab-f59ed653742b" />
    <UnitTestResult executionId="21a952c9-1cda-4ff4-b8cf-722c1c84b8e7" testId="053ed967-17d0-4858-855c-9a40bcfca200" testName="Test1553" computerName="UA-LPT-OGA2" duration="00:00:00.2480000" startTime="2025-05-14T13:20:31.3146610Z" endTime="2025-05-14T13:25:31.3147553Z" testType="13cdc9d9-ddb5-4fa4-a97d-d965ccfc6d4b" outcome="Passed" testListId="b19a5957-1fb8-4c0b-95ab-f59ed653742b" />
    <UnitTestResult executionId="63b072b6-0cfa-4dcb-9902-773ed0f88e99" testId="2c993067-d613-4ab1-9448-0ff30b165e65" testName="Test1554" computerName="UA-LPT-OGA2" duration="00:00:01.7680000" startTime="2025-05-14T13:20:31.3146610Z" endTime="2025-05-14T13:25:31.3147553Z" testType="13cdc9d9-ddb5-4fa4-a97d-d965ccfc6d4b" outcome="Passed" testListId="b19a5957-1fb8-4c0b-95ab-f59ed653742b" />
    <UnitTestResult executionId="07dc5668-0902-46d3-837f-7f0cbce09214" testId="94960753-24fd-4365-9712-2109d2a0baed" testName="Test1555" computerName="UA-LPT-OGA2" duration="00:00:00.4780000" startTime="2025-05-14T13:20:31.3146610Z" endTime="2025-05-14T13:25:31.3147553Z" testType="13cdc9d9-ddb5-4fa4-a97d-d965ccfc6d4b" outcome="Passed" testListId="b19a5957-1fb8-4c0b-95ab-f59ed653742b" />
    <UnitTestResult executionId="bd7cdab7-d57c-45a5-91cd-d19a341fc086" testId="8d73bcde-40b5-45a8-bcaf-c16285d2f5d0" testName="Test1556" computerName="UA-LPT-OGA2" duration="00:00:01.2810000" startTime="2025-05-14T13:20:31.3146610Z" endTime="2025-05-14T13:25:31.3147553Z" testType="13cdc9d9-ddb5-4fa4-a97d-d965ccfc6d4b" outcome="Failed" testListId="b19a5957-1fb8-4c0b-95ab-f59ed653742b">
      <Output>
        <ErrorInfo>
          <Message>Assertion failed: Expected value did not match actual value.</Message>
          <StackTrace>   at TestNamespace.TestClass.Test() in TestClass.cs:line 350</StackTrace>
        </ErrorInfo>
      </Output>
    </UnitTestResult>
    <UnitTestResult executionId="fa0b9189-53e0-47c5-afd3-218589a1c28d" testId="f396897d-1afb-49cb-bf7f-6189006192b6" testName="Test1557" computerName="UA-LPT-OGA2" duration="00:00:01.9490000" startTime="2025-05-14T13:20:31.3146610Z" endTime="2025-05-14T13:25:31.3147553Z" testType="13cdc9d9-ddb5-4fa4-a97d-d965ccfc6d4b" outcome="Passed" testListId="b19a5957-1fb8-4c0b-95ab-f59ed653742b" />
    <UnitTestResult executionId="02dc2f34-52c2-45fc-8c2f-e9c02fb82865" testId="969e7e8e-6dd8-4534-bef8-d0e7b50ffbdd" testName="Test1558" computerName="UA-LPT-OGA2" duration="00:00:00.3960000" startTime="2025-05-14T13:20:31.3146610Z" endTime="2025-05-14T13:25:31.3147553Z" testType="13cdc9d9-ddb5-4fa4-a97d-d965ccfc6d4b" outcome="Passed" testListId="b19a5957-1fb8-4c0b-95ab-f59ed653742b" />
    <UnitTestResult executionId="cd3ed6b2-c646-476a-aed6-659e14d9a3a3" testId="b634a89a-f594-4ad5-bd41-823d61528247" testName="Test1559" computerName="UA-LPT-OGA2" duration="00:00:01.6490000" startTime="2025-05-14T13:20:31.3146610Z" endTime="2025-05-14T13:25:31.3147553Z" testType="13cdc9d9-ddb5-4fa4-a97d-d965ccfc6d4b" outcome="Failed" testListId="b19a5957-1fb8-4c0b-95ab-f59ed653742b">
      <Output>
        <ErrorInfo>
          <Message>Assertion failed: Expected value did not match actual value.</Message>
          <StackTrace>   at TestNamespace.TestClass.Test() in TestClass.cs:line 488</StackTrace>
        </ErrorInfo>
      </Output>
    </UnitTestResult>
    <UnitTestResult executionId="7f2b7d49-d754-44e3-bc9b-194126336db5" testId="2e3307ed-52ad-467a-9218-2e50d70682b9" testName="Test1560" computerName="UA-LPT-OGA2" duration="00:00:01.7980000" startTime="2025-05-14T13:20:31.3146610Z" endTime="2025-05-14T13:25:31.3147553Z" testType="13cdc9d9-ddb5-4fa4-a97d-d965ccfc6d4b" outcome="Passed" testListId="b19a5957-1fb8-4c0b-95ab-f59ed653742b" />
    <UnitTestResult executionId="023c3982-925d-49b1-8b61-d267479501ac" testId="e4867234-cad5-4f9e-bcd3-ce5b1a1f161e" testName="Test1561" computerName="UA-LPT-OGA2" duration="00:00:00.6880000" startTime="2025-05-14T13:20:31.3146610Z" endTime="2025-05-14T13:25:31.3147553Z" testType="13cdc9d9-ddb5-4fa4-a97d-d965ccfc6d4b" outcome="Passed" testListId="b19a5957-1fb8-4c0b-95ab-f59ed653742b" />
    <UnitTestResult executionId="f542147b-5fb9-4d92-934e-12d9ef7a23e6" testId="cd936e9f-8d85-4d2a-8151-273a2977a5a7" testName="Test1562" computerName="UA-LPT-OGA2" duration="00:00:01.6780000" startTime="2025-05-14T13:20:31.3146610Z" endTime="2025-05-14T13:25:31.3147553Z" testType="13cdc9d9-ddb5-4fa4-a97d-d965ccfc6d4b" outcome="Passed" testListId="b19a5957-1fb8-4c0b-95ab-f59ed653742b" />
    <UnitTestResult executionId="d862b7c4-cb20-4bff-b073-08d3d46a00d3" testId="8761d663-7ac9-46b0-9ad0-798c07f78849" testName="Test1563" computerName="UA-LPT-OGA2" duration="00:00:01.8930000" startTime="2025-05-14T13:20:31.3146610Z" endTime="2025-05-14T13:25:31.3147553Z" testType="13cdc9d9-ddb5-4fa4-a97d-d965ccfc6d4b" outcome="Passed" testListId="b19a5957-1fb8-4c0b-95ab-f59ed653742b" />
    <UnitTestResult executionId="c6d4ceda-c5ea-40ea-84ec-fa382ffc588e" testId="cc9edec7-d0f3-45ba-b07e-e50d5901cb5a" testName="Test1564" computerName="UA-LPT-OGA2" duration="00:00:01.2460000" startTime="2025-05-14T13:20:31.3146610Z" endTime="2025-05-14T13:25:31.3147553Z" testType="13cdc9d9-ddb5-4fa4-a97d-d965ccfc6d4b" outcome="Passed" testListId="b19a5957-1fb8-4c0b-95ab-f59ed653742b" />
    <UnitTestResult executionId="7dc48ba2-6308-4e5d-8d7b-02d1dfe77e4c" testId="dca7ffeb-e298-4013-95e1-334735aad5c3" testName="Test1565" computerName="UA-LPT-OGA2" duration="00:00:01.6700000" startTime="2025-05-14T13:20:31.3146610Z" endTime="2025-05-14T13:25:31.3147553Z" testType="13cdc9d9-ddb5-4fa4-a97d-d965ccfc6d4b" outcome="Failed" testListId="b19a5957-1fb8-4c0b-95ab-f59ed653742b">
      <Output>
        <ErrorInfo>
          <Message>Assertion failed: Expected value did not match actual value.</Message>
          <StackTrace>   at TestNamespace.TestClass.Test() in TestClass.cs:line 484</StackTrace>
        </ErrorInfo>
      </Output>
    </UnitTestResult>
    <UnitTestResult executionId="d2450051-ee44-4750-9c4e-6376def6a355" testId="bd948b8f-b027-45ed-900d-205809beee23" testName="Test1566" computerName="UA-LPT-OGA2" duration="00:00:00.3850000" startTime="2025-05-14T13:20:31.3146610Z" endTime="2025-05-14T13:25:31.3147553Z" testType="13cdc9d9-ddb5-4fa4-a97d-d965ccfc6d4b" outcome="Passed" testListId="b19a5957-1fb8-4c0b-95ab-f59ed653742b" />
    <UnitTestResult executionId="f705f786-586f-41a3-b402-1ccec6a6c1be" testId="197f8716-7aea-41e7-8d4b-1c5822740675" testName="Test1567" computerName="UA-LPT-OGA2" duration="00:00:00.6370000" startTime="2025-05-14T13:20:31.3146610Z" endTime="2025-05-14T13:25:31.3147553Z" testType="13cdc9d9-ddb5-4fa4-a97d-d965ccfc6d4b" outcome="Passed" testListId="b19a5957-1fb8-4c0b-95ab-f59ed653742b" />
    <UnitTestResult executionId="0ea535d1-a243-4b6e-b6b3-7b831ad67552" testId="3efa132e-2097-4fe9-abc5-bbe67aacbdc9" testName="Test1568" computerName="UA-LPT-OGA2" duration="00:00:00.5520000" startTime="2025-05-14T13:20:31.3146610Z" endTime="2025-05-14T13:25:31.3147553Z" testType="13cdc9d9-ddb5-4fa4-a97d-d965ccfc6d4b" outcome="Passed" testListId="b19a5957-1fb8-4c0b-95ab-f59ed653742b" />
    <UnitTestResult executionId="580b1f62-4413-4042-bad4-c2783eba3c72" testId="b5837f87-226c-4cae-955c-33e1abad26c4" testName="Test1569" computerName="UA-LPT-OGA2" duration="00:00:00.3480000" startTime="2025-05-14T13:20:31.3146610Z" endTime="2025-05-14T13:25:31.3147553Z" testType="13cdc9d9-ddb5-4fa4-a97d-d965ccfc6d4b" outcome="Passed" testListId="b19a5957-1fb8-4c0b-95ab-f59ed653742b" />
    <UnitTestResult executionId="b3c3e36e-9ef9-4763-b1c7-4d7c8fb2e8a1" testId="ec99d4fc-a7ed-4b22-9eab-e82b6a60382f" testName="Test1570" computerName="UA-LPT-OGA2" duration="00:00:00.7270000" startTime="2025-05-14T13:20:31.3146610Z" endTime="2025-05-14T13:25:31.3147553Z" testType="13cdc9d9-ddb5-4fa4-a97d-d965ccfc6d4b" outcome="Failed" testListId="b19a5957-1fb8-4c0b-95ab-f59ed653742b">
      <Output>
        <ErrorInfo>
          <Message>Assertion failed: Expected value did not match actual value.</Message>
          <StackTrace>   at TestNamespace.TestClass.Test() in TestClass.cs:line 422</StackTrace>
        </ErrorInfo>
      </Output>
    </UnitTestResult>
    <UnitTestResult executionId="89b04944-87aa-43f6-83a7-806ac280eb6a" testId="4b78e17e-ad04-41c8-aa0a-124214a2fe4b" testName="Test1571" computerName="UA-LPT-OGA2" duration="00:00:01.0940000" startTime="2025-05-14T13:20:31.3146610Z" endTime="2025-05-14T13:25:31.3147553Z" testType="13cdc9d9-ddb5-4fa4-a97d-d965ccfc6d4b" outcome="Passed" testListId="b19a5957-1fb8-4c0b-95ab-f59ed653742b" />
    <UnitTestResult executionId="699c59cc-79f0-470f-98ea-14091c8896ab" testId="49f8cb2e-a781-42ae-a19f-716586d7a9a5" testName="Test1572" computerName="UA-LPT-OGA2" duration="00:00:00.2970000" startTime="2025-05-14T13:20:31.3146610Z" endTime="2025-05-14T13:25:31.3147553Z" testType="13cdc9d9-ddb5-4fa4-a97d-d965ccfc6d4b" outcome="Failed" testListId="b19a5957-1fb8-4c0b-95ab-f59ed653742b">
      <Output>
        <ErrorInfo>
          <Message>Assertion failed: Expected value did not match actual value.</Message>
          <StackTrace>   at TestNamespace.TestClass.Test() in TestClass.cs:line 174</StackTrace>
        </ErrorInfo>
      </Output>
    </UnitTestResult>
    <UnitTestResult executionId="140d2834-0d76-41a3-9b16-0f6b4538ba5b" testId="0d3d5d07-ae03-4268-bca7-6ea6610fb838" testName="Test1573" computerName="UA-LPT-OGA2" duration="00:00:00.7070000" startTime="2025-05-14T13:20:31.3146610Z" endTime="2025-05-14T13:25:31.3147553Z" testType="13cdc9d9-ddb5-4fa4-a97d-d965ccfc6d4b" outcome="Passed" testListId="b19a5957-1fb8-4c0b-95ab-f59ed653742b" />
    <UnitTestResult executionId="23e02158-1715-420f-b709-7c55a3fe2986" testId="e4ce5e01-0a5e-4c74-a6cd-c6553879ee5a" testName="Test1574" computerName="UA-LPT-OGA2" duration="00:00:00.3660000" startTime="2025-05-14T13:20:31.3146610Z" endTime="2025-05-14T13:25:31.3147553Z" testType="13cdc9d9-ddb5-4fa4-a97d-d965ccfc6d4b" outcome="Passed" testListId="b19a5957-1fb8-4c0b-95ab-f59ed653742b" />
    <UnitTestResult executionId="47712e67-c7b4-4a41-9ec4-bea127d2bcf4" testId="5693644d-da20-4bd5-8594-0670d3d6b6d6" testName="Test1575" computerName="UA-LPT-OGA2" duration="00:00:00.6610000" startTime="2025-05-14T13:20:31.3146610Z" endTime="2025-05-14T13:25:31.3147553Z" testType="13cdc9d9-ddb5-4fa4-a97d-d965ccfc6d4b" outcome="Passed" testListId="b19a5957-1fb8-4c0b-95ab-f59ed653742b" />
    <UnitTestResult executionId="5c9ddf34-698c-477f-a37a-dcbb3cfd6c19" testId="5552ae34-dc17-4bf7-9aba-184e4ef4cac9" testName="Test1576" computerName="UA-LPT-OGA2" duration="00:00:01.1270000" startTime="2025-05-14T13:20:31.3146610Z" endTime="2025-05-14T13:25:31.3147553Z" testType="13cdc9d9-ddb5-4fa4-a97d-d965ccfc6d4b" outcome="Passed" testListId="b19a5957-1fb8-4c0b-95ab-f59ed653742b" />
    <UnitTestResult executionId="1b830121-758f-492f-b158-94718f00ac06" testId="08bdc7b4-ceb3-43c1-bcd1-8627280b8c92" testName="Test1577" computerName="UA-LPT-OGA2" duration="00:00:01.5540000" startTime="2025-05-14T13:20:31.3146610Z" endTime="2025-05-14T13:25:31.3147553Z" testType="13cdc9d9-ddb5-4fa4-a97d-d965ccfc6d4b" outcome="Passed" testListId="b19a5957-1fb8-4c0b-95ab-f59ed653742b" />
    <UnitTestResult executionId="490b05a9-c0c6-4a39-80d0-682464738a26" testId="56a1f477-11f8-459f-a763-8e63425e3667" testName="Test1578" computerName="UA-LPT-OGA2" duration="00:00:01.2540000" startTime="2025-05-14T13:20:31.3146610Z" endTime="2025-05-14T13:25:31.3147553Z" testType="13cdc9d9-ddb5-4fa4-a97d-d965ccfc6d4b" outcome="Passed" testListId="b19a5957-1fb8-4c0b-95ab-f59ed653742b" />
    <UnitTestResult executionId="f7aaf6d4-38d8-4abb-a100-26fe8bb8f9cc" testId="bfa87d04-afcc-431f-84cc-22a7ec9994c8" testName="Test1579" computerName="UA-LPT-OGA2" duration="00:00:00.3210000" startTime="2025-05-14T13:20:31.3146610Z" endTime="2025-05-14T13:25:31.3147553Z" testType="13cdc9d9-ddb5-4fa4-a97d-d965ccfc6d4b" outcome="Passed" testListId="b19a5957-1fb8-4c0b-95ab-f59ed653742b" />
    <UnitTestResult executionId="47874a63-2ae3-48dd-8566-51ab16cf711d" testId="8f8236d2-f229-464d-af7d-69b6c1e1704f" testName="Test1580" computerName="UA-LPT-OGA2" duration="00:00:01.6930000" startTime="2025-05-14T13:20:31.3146610Z" endTime="2025-05-14T13:25:31.3147553Z" testType="13cdc9d9-ddb5-4fa4-a97d-d965ccfc6d4b" outcome="Passed" testListId="b19a5957-1fb8-4c0b-95ab-f59ed653742b" />
    <UnitTestResult executionId="97c35266-1fac-43df-bd12-69d66ae6eb78" testId="9af83243-6bc5-425a-8e4d-56b3578e3757" testName="Test1581" computerName="UA-LPT-OGA2" duration="00:00:01.7770000" startTime="2025-05-14T13:20:31.3146610Z" endTime="2025-05-14T13:25:31.3147553Z" testType="13cdc9d9-ddb5-4fa4-a97d-d965ccfc6d4b" outcome="Passed" testListId="b19a5957-1fb8-4c0b-95ab-f59ed653742b" />
    <UnitTestResult executionId="8a82e16b-5338-4638-92d2-e2ab719f2005" testId="25b3704f-a5fe-41c5-9656-57b754f6d247" testName="Test1582" computerName="UA-LPT-OGA2" duration="00:00:00.8800000" startTime="2025-05-14T13:20:31.3146610Z" endTime="2025-05-14T13:25:31.3147553Z" testType="13cdc9d9-ddb5-4fa4-a97d-d965ccfc6d4b" outcome="Passed" testListId="b19a5957-1fb8-4c0b-95ab-f59ed653742b" />
    <UnitTestResult executionId="344da44d-92fd-4989-affc-0dfbf34f7e29" testId="78476d3e-6a2f-4b41-8b9e-bcab06e66ec9" testName="Test1583" computerName="UA-LPT-OGA2" duration="00:00:00.4270000" startTime="2025-05-14T13:20:31.3146610Z" endTime="2025-05-14T13:25:31.3147553Z" testType="13cdc9d9-ddb5-4fa4-a97d-d965ccfc6d4b" outcome="Passed" testListId="b19a5957-1fb8-4c0b-95ab-f59ed653742b" />
    <UnitTestResult executionId="7e374aa2-7b7c-4d00-b9a4-9b96fde7deda" testId="87ecd6cb-7285-4eca-a2f9-6b2f96d79270" testName="Test1584" computerName="UA-LPT-OGA2" duration="00:00:00.4050000" startTime="2025-05-14T13:20:31.3146610Z" endTime="2025-05-14T13:25:31.3147553Z" testType="13cdc9d9-ddb5-4fa4-a97d-d965ccfc6d4b" outcome="Passed" testListId="b19a5957-1fb8-4c0b-95ab-f59ed653742b" />
    <UnitTestResult executionId="bb1c24fc-7106-4049-8d0d-456de145b8f3" testId="0735dbee-9aff-42df-b347-49d69ae536c8" testName="Test1585" computerName="UA-LPT-OGA2" duration="00:00:00.7770000" startTime="2025-05-14T13:20:31.3146610Z" endTime="2025-05-14T13:25:31.3147553Z" testType="13cdc9d9-ddb5-4fa4-a97d-d965ccfc6d4b" outcome="Passed" testListId="b19a5957-1fb8-4c0b-95ab-f59ed653742b" />
    <UnitTestResult executionId="225233ea-e194-4cd0-8aa8-4e21c1b64105" testId="94bcb493-8ebb-499e-9ac9-92baa27b31f1" testName="Test1586" computerName="UA-LPT-OGA2" duration="00:00:01.9160000" startTime="2025-05-14T13:20:31.3146610Z" endTime="2025-05-14T13:25:31.3147553Z" testType="13cdc9d9-ddb5-4fa4-a97d-d965ccfc6d4b" outcome="Passed" testListId="b19a5957-1fb8-4c0b-95ab-f59ed653742b" />
    <UnitTestResult executionId="94e0f022-1986-4011-9baf-aad9c39adac7" testId="9501e164-e0ac-4bed-b36a-37de29fa71d0" testName="Test1587" computerName="UA-LPT-OGA2" duration="00:00:01.2590000" startTime="2025-05-14T13:20:31.3146610Z" endTime="2025-05-14T13:25:31.3147553Z" testType="13cdc9d9-ddb5-4fa4-a97d-d965ccfc6d4b" outcome="Failed" testListId="b19a5957-1fb8-4c0b-95ab-f59ed653742b">
      <Output>
        <ErrorInfo>
          <Message>Assertion failed: Expected value did not match actual value.</Message>
          <StackTrace>   at TestNamespace.TestClass.Test() in TestClass.cs:line 454</StackTrace>
        </ErrorInfo>
      </Output>
    </UnitTestResult>
    <UnitTestResult executionId="cbca8473-f5af-4124-9dea-a31b51a96486" testId="99107e0e-1c03-41bf-b3a5-4f25dc8f3a9d" testName="Test1588" computerName="UA-LPT-OGA2" duration="00:00:00.9070000" startTime="2025-05-14T13:20:31.3146610Z" endTime="2025-05-14T13:25:31.3147553Z" testType="13cdc9d9-ddb5-4fa4-a97d-d965ccfc6d4b" outcome="Passed" testListId="b19a5957-1fb8-4c0b-95ab-f59ed653742b" />
    <UnitTestResult executionId="61582be8-4df2-442d-9b88-092543d24a05" testId="fdfecb68-8a9e-43af-a236-c458c3fd1ee5" testName="Test1589" computerName="UA-LPT-OGA2" duration="00:00:01.0040000" startTime="2025-05-14T13:20:31.3146610Z" endTime="2025-05-14T13:25:31.3147553Z" testType="13cdc9d9-ddb5-4fa4-a97d-d965ccfc6d4b" outcome="Passed" testListId="b19a5957-1fb8-4c0b-95ab-f59ed653742b" />
    <UnitTestResult executionId="cdb692ab-e002-424a-b266-ee25a4ba0c21" testId="2277c763-0c09-40c9-88f7-93d1bc561285" testName="Test1590" computerName="UA-LPT-OGA2" duration="00:00:00.4470000" startTime="2025-05-14T13:20:31.3146610Z" endTime="2025-05-14T13:25:31.3147553Z" testType="13cdc9d9-ddb5-4fa4-a97d-d965ccfc6d4b" outcome="Failed" testListId="b19a5957-1fb8-4c0b-95ab-f59ed653742b">
      <Output>
        <ErrorInfo>
          <Message>Assertion failed: Expected value did not match actual value.</Message>
          <StackTrace>   at TestNamespace.TestClass.Test() in TestClass.cs:line 475</StackTrace>
        </ErrorInfo>
      </Output>
    </UnitTestResult>
    <UnitTestResult executionId="42303a65-6fbe-44e5-84c6-171e7516cbc8" testId="d6879314-6b73-4de4-8cba-412a69351e81" testName="Test1591" computerName="UA-LPT-OGA2" duration="00:00:00.2130000" startTime="2025-05-14T13:20:31.3146610Z" endTime="2025-05-14T13:25:31.3147553Z" testType="13cdc9d9-ddb5-4fa4-a97d-d965ccfc6d4b" outcome="Passed" testListId="b19a5957-1fb8-4c0b-95ab-f59ed653742b" />
    <UnitTestResult executionId="2606fc59-f636-448c-a5cb-543c7d43c12b" testId="91914f5f-0e10-4471-ae71-b70af4272597" testName="Test1592" computerName="UA-LPT-OGA2" duration="00:00:00.9200000" startTime="2025-05-14T13:20:31.3146610Z" endTime="2025-05-14T13:25:31.3147553Z" testType="13cdc9d9-ddb5-4fa4-a97d-d965ccfc6d4b" outcome="Passed" testListId="b19a5957-1fb8-4c0b-95ab-f59ed653742b" />
    <UnitTestResult executionId="0082bb47-6ad7-41f9-bda3-8d7942c7d6f7" testId="35905094-dadd-43ee-9180-842e87501594" testName="Test1593" computerName="UA-LPT-OGA2" duration="00:00:01.0910000" startTime="2025-05-14T13:20:31.3146610Z" endTime="2025-05-14T13:25:31.3147553Z" testType="13cdc9d9-ddb5-4fa4-a97d-d965ccfc6d4b" outcome="Passed" testListId="b19a5957-1fb8-4c0b-95ab-f59ed653742b" />
    <UnitTestResult executionId="820e09b2-2248-4f1e-992d-024ce872fa3f" testId="50f291c5-6d8a-42c9-9d16-09ebef1b23a1" testName="Test1594" computerName="UA-LPT-OGA2" duration="00:00:01.1810000" startTime="2025-05-14T13:20:31.3146610Z" endTime="2025-05-14T13:25:31.3147553Z" testType="13cdc9d9-ddb5-4fa4-a97d-d965ccfc6d4b" outcome="Passed" testListId="b19a5957-1fb8-4c0b-95ab-f59ed653742b" />
    <UnitTestResult executionId="8943d6cb-c96a-41cb-914e-ce2bfe28c826" testId="27c9858d-51b1-4d52-a708-f35990930a88" testName="Test1595" computerName="UA-LPT-OGA2" duration="00:00:00.4430000" startTime="2025-05-14T13:20:31.3146610Z" endTime="2025-05-14T13:25:31.3147553Z" testType="13cdc9d9-ddb5-4fa4-a97d-d965ccfc6d4b" outcome="Passed" testListId="b19a5957-1fb8-4c0b-95ab-f59ed653742b" />
    <UnitTestResult executionId="a4655482-2ec6-4db8-91a9-188da46b4252" testId="c200c44d-37e6-42cb-bda6-5fb94949098d" testName="Test1596" computerName="UA-LPT-OGA2" duration="00:00:01.1980000" startTime="2025-05-14T13:20:31.3146610Z" endTime="2025-05-14T13:25:31.3147553Z" testType="13cdc9d9-ddb5-4fa4-a97d-d965ccfc6d4b" outcome="Passed" testListId="b19a5957-1fb8-4c0b-95ab-f59ed653742b" />
    <UnitTestResult executionId="e518f26b-beba-4695-b5c2-9285c66b700f" testId="fa309726-b9f6-4b94-b954-0128640a832c" testName="Test1597" computerName="UA-LPT-OGA2" duration="00:00:01.0750000" startTime="2025-05-14T13:20:31.3146610Z" endTime="2025-05-14T13:25:31.3147553Z" testType="13cdc9d9-ddb5-4fa4-a97d-d965ccfc6d4b" outcome="Passed" testListId="b19a5957-1fb8-4c0b-95ab-f59ed653742b" />
    <UnitTestResult executionId="3d987d73-552e-4848-add9-d1a7cdaf1aae" testId="e81d2915-5c3a-491b-9638-0f899eb9e30c" testName="Test1598" computerName="UA-LPT-OGA2" duration="00:00:00.3280000" startTime="2025-05-14T13:20:31.3146610Z" endTime="2025-05-14T13:25:31.3147553Z" testType="13cdc9d9-ddb5-4fa4-a97d-d965ccfc6d4b" outcome="Passed" testListId="b19a5957-1fb8-4c0b-95ab-f59ed653742b" />
    <UnitTestResult executionId="3a611703-24d5-4d3b-9b4b-cca920f4e773" testId="dad50daa-2b60-4c93-b361-2758f15ff1ab" testName="Test1599" computerName="UA-LPT-OGA2" duration="00:00:00.8190000" startTime="2025-05-14T13:20:31.3146610Z" endTime="2025-05-14T13:25:31.3147553Z" testType="13cdc9d9-ddb5-4fa4-a97d-d965ccfc6d4b" outcome="Passed" testListId="b19a5957-1fb8-4c0b-95ab-f59ed653742b" />
    <UnitTestResult executionId="8c715747-ef6b-4837-a67b-4404b5875c78" testId="591f35cb-61c2-4440-8690-318e82d3cd09" testName="Test1600" computerName="UA-LPT-OGA2" duration="00:00:01.4710000" startTime="2025-05-14T13:20:31.3146610Z" endTime="2025-05-14T13:25:31.3147553Z" testType="13cdc9d9-ddb5-4fa4-a97d-d965ccfc6d4b" outcome="Passed" testListId="b19a5957-1fb8-4c0b-95ab-f59ed653742b" />
  </Results>
  <TestDefinitions>
    <UnitTest name="Test1501" id="9194db9e-ee5d-4db0-a306-b1642e2fa59e" storage="TestAssembly.dll">
      <Execution id="f906a638-39e8-4c66-95ae-820a6ee6d95f" />
      <TestMethod codeBase="TestAssembly.dll" className="TestNamespace.TestClass1" name="Test1501" />
    </UnitTest>
    <UnitTest name="Test1502" id="10860e52-3ba4-44f3-a61d-67fee1476c32" storage="TestAssembly.dll">
      <Execution id="cf98bd40-0883-45b6-92d6-512a13d603df" />
      <TestMethod codeBase="TestAssembly.dll" className="TestNamespace.TestClass1" name="Test1502" />
    </UnitTest>
    <UnitTest name="Test1503" id="b0499eae-2284-4540-8178-4aaf61511cf4" storage="TestAssembly.dll">
      <Execution id="43735408-6f91-4039-93c3-13f17036d119" />
      <TestMethod codeBase="TestAssembly.dll" className="TestNamespace.TestClass1" name="Test1503" />
    </UnitTest>
    <UnitTest name="Test1504" id="dde7fb1b-3892-4d8d-ad6c-7cd4f624748a" storage="TestAssembly.dll">
      <Execution id="dfafe1d8-1bdd-472e-b408-c6ee815081d4" />
      <TestMethod codeBase="TestAssembly.dll" className="TestNamespace.TestClass1" name="Test1504" />
    </UnitTest>
    <UnitTest name="Test1505" id="65302a4e-3190-40ec-9da4-da41d31206c3" storage="TestAssembly.dll">
      <Execution id="77947b6d-21bb-4ec8-bb55-2edc9e3fe12b" />
      <TestMethod codeBase="TestAssembly.dll" className="TestNamespace.TestClass1" name="Test1505" />
    </UnitTest>
    <UnitTest name="Test1506" id="33829b64-2d41-4244-bbba-2a4b0a3c932a" storage="TestAssembly.dll">
      <Execution id="2dcb6d46-6c0f-4d39-8b26-0eb52a3c6655" />
      <TestMethod codeBase="TestAssembly.dll" className="TestNamespace.TestClass1" name="Test1506" />
    </UnitTest>
    <UnitTest name="Test1507" id="9c9ddd16-8cb2-4dd8-8178-dd271513349a" storage="TestAssembly.dll">
      <Execution id="4e8abaf6-aba3-42cf-96bb-d6e14d39724a" />
      <TestMethod codeBase="TestAssembly.dll" className="TestNamespace.TestClass1" name="Test1507" />
    </UnitTest>
    <UnitTest name="Test1508" id="f9d40ec2-cbe1-4c42-9978-cfdf2b6b94dc" storage="TestAssembly.dll">
      <Execution id="9ffff7ea-03d3-43ae-8f28-a17e417529e4" />
      <TestMethod codeBase="TestAssembly.dll" className="TestNamespace.TestClass1" name="Test1508" />
    </UnitTest>
    <UnitTest name="Test1509" id="37098569-6baa-46d6-9d10-e1e8d42c7476" storage="TestAssembly.dll">
      <Execution id="dd30dfc2-46ed-45f1-a56c-2ce804cee026" />
      <TestMethod codeBase="TestAssembly.dll" className="TestNamespace.TestClass1" name="Test1509" />
    </UnitTest>
    <UnitTest name="Test1510" id="c3afb8c0-6969-4820-9761-034ed9a01fe8" storage="TestAssembly.dll">
      <Execution id="0b7ba127-a35b-4387-8758-2e7eecec91ba" />
      <TestMethod codeBase="TestAssembly.dll" className="TestNamespace.TestClass1" name="Test1510" />
    </UnitTest>
    <UnitTest name="Test1511" id="75d131ab-cb7e-46f5-9f67-914ea145a292" storage="TestAssembly.dll">
      <Execution id="b7dbfa5d-1715-4afe-993e-3b17a27f9ab3" />
      <TestMethod codeBase="TestAssembly.dll" className="TestNamespace.TestClass2" name="Test1511" />
    </UnitTest>
    <UnitTest name="Test1512" id="b926d77a-9add-48de-a634-57d66f317078" storage="TestAssembly.dll">
      <Execution id="fe68d25c-c2ce-4f24-b04f-15cadee13d1c" />
      <TestMethod codeBase="TestAssembly.dll" className="TestNamespace.TestClass2" name="Test1512" />
    </UnitTest>
    <UnitTest name="Test1513" id="57a1d136-d99b-40ed-ac67-0523e2b398b2" storage="TestAssembly.dll">
      <Execution id="b15949ba-728c-4c05-8d9e-938ffb3acd53" />
      <TestMethod codeBase="TestAssembly.dll" className="TestNamespace.TestClass2" name="Test1513" />
    </UnitTest>
    <UnitTest name="Test1514" id="0618c3d9-bc62-44d2-9bdf-a55b551280ae" storage="TestAssembly.dll">
      <Execution id="c985ad85-dc2a-46ff-a365-bb4712f5062e" />
      <TestMethod codeBase="TestAssembly.dll" className="TestNamespace.TestClass2" name="Test1514" />
    </UnitTest>
    <UnitTest name="Test1515" id="b7feaa7c-9152-49db-a5b4-afeae68ec94a" storage="TestAssembly.dll">
      <Execution id="916d1f52-45d0-4056-b953-c428c8e8d637" />
      <TestMethod codeBase="TestAssembly.dll" className="TestNamespace.TestClass2" name="Test1515" />
    </UnitTest>
    <UnitTest name="Test1516" id="ceb8a3a3-de7d-4061-b425-64ce89a10700" storage="TestAssembly.dll">
      <Execution id="98fc8689-a7bb-492f-b19e-63b94889fee0" />
      <TestMethod codeBase="TestAssembly.dll" className="TestNamespace.TestClass2" name="Test1516" />
    </UnitTest>
    <UnitTest name="Test1517" id="02f5a8d5-ce73-46ea-bfdb-0836a7aeb436" storage="TestAssembly.dll">
      <Execution id="879371bc-8433-4bc1-b341-eabea76f08c2" />
      <TestMethod codeBase="TestAssembly.dll" className="TestNamespace.TestClass2" name="Test1517" />
    </UnitTest>
    <UnitTest name="Test1518" id="554eac15-d06c-4da5-8dd4-9a55b0077fdf" storage="TestAssembly.dll">
      <Execution id="991dcd66-df02-4558-bc69-ab8a9cd164dc" />
      <TestMethod codeBase="TestAssembly.dll" className="TestNamespace.TestClass2" name="Test1518" />
    </UnitTest>
    <UnitTest name="Test1519" id="9ecd853f-c529-4ad8-b6fd-aa57f0bab4b5" storage="TestAssembly.dll">
      <Execution id="2bd7ca8c-7f41-432a-b2db-d138e1db2add" />
      <TestMethod codeBase="TestAssembly.dll" className="TestNamespace.TestClass2" name="Test1519" />
    </UnitTest>
    <UnitTest name="Test1520" id="708731ad-f9eb-4b2c-91c7-4bf2356ce8b1" storage="TestAssembly.dll">
      <Execution id="310f5754-7d15-4acd-9a6f-53a3c97743eb" />
      <TestMethod codeBase="TestAssembly.dll" className="TestNamespace.TestClass2" name="Test1520" />
    </UnitTest>
    <UnitTest name="Test1521" id="c4551943-8034-41e4-9f24-9bdffe43679e" storage="TestAssembly.dll">
      <Execution id="ff65d99f-c9cc-4579-8859-e5f13d419cec" />
      <TestMethod codeBase="TestAssembly.dll" className="TestNamespace.TestClass3" name="Test1521" />
    </UnitTest>
    <UnitTest name="Test1522" id="dff55738-cdf1-4a01-9291-75b5c79af14c" storage="TestAssembly.dll">
      <Execution id="bf71a080-94ea-433c-8982-1e3dd87a7705" />
      <TestMethod codeBase="TestAssembly.dll" className="TestNamespace.TestClass3" name="Test1522" />
    </UnitTest>
    <UnitTest name="Test1523" id="6385bb57-e5c2-413e-9b1b-e92c7f8cbae7" storage="TestAssembly.dll">
      <Execution id="78b5bbd6-449d-431f-9b2b-dbe716f4e901" />
      <TestMethod codeBase="TestAssembly.dll" className="TestNamespace.TestClass3" name="Test1523" />
    </UnitTest>
    <UnitTest name="Test1524" id="089bc316-81e9-4f84-818d-1e36a185a5c9" storage="TestAssembly.dll">
      <Execution id="bcb373ef-0ceb-4f46-89ee-a99c7954dc50" />
      <TestMethod codeBase="TestAssembly.dll" className="TestNamespace.TestClass3" name="Test1524" />
    </UnitTest>
    <UnitTest name="Test1525" id="c7232cdc-8dab-4c72-a963-2ec25d4e26b9" storage="TestAssembly.dll">
      <Execution id="46b5898f-c510-4d0c-a3b9-54328439fdb9" />
      <TestMethod codeBase="TestAssembly.dll" className="TestNamespace.TestClass3" name="Test1525" />
    </UnitTest>
    <UnitTest name="Test1526" id="5007decc-5242-4946-8056-238933e967b8" storage="TestAssembly.dll">
      <Execution id="4f2088e2-2355-40a5-bd93-f7158dd5c470" />
      <TestMethod codeBase="TestAssembly.dll" className="TestNamespace.TestClass3" name="Test1526" />
    </UnitTest>
    <UnitTest name="Test1527" id="1c136328-10ce-436a-8ada-ab7565cd741f" storage="TestAssembly.dll">
      <Execution id="0eba1013-fc57-4c9a-8198-619a3d35831d" />
      <TestMethod codeBase="TestAssembly.dll" className="TestNamespace.TestClass3" name="Test1527" />
    </UnitTest>
    <UnitTest name="Test1528" id="a358480d-3c9f-46fc-b18a-da66fc358252" storage="TestAssembly.dll">
      <Execution id="26cbe3bc-fa76-447a-934d-7253f8548d78" />
      <TestMethod codeBase="TestAssembly.dll" className="TestNamespace.TestClass3" name="Test1528" />
    </UnitTest>
    <UnitTest name="Test1529" id="c37e30a2-747c-45c4-b983-58832a2ae264" storage="TestAssembly.dll">
      <Execution id="2792468b-748b-40e8-9d7d-468789a1f99a" />
      <TestMethod codeBase="TestAssembly.dll" className="TestNamespace.TestClass3" name="Test1529" />
    </UnitTest>
    <UnitTest name="Test1530" id="735c9ede-6ee6-4e55-bf3c-8c7c3189fa4c" storage="TestAssembly.dll">
      <Execution id="c18dcdf7-6d15-4245-85b8-365ee22bc213" />
      <TestMethod codeBase="TestAssembly.dll" className="TestNamespace.TestClass3" name="Test1530" />
    </UnitTest>
    <UnitTest name="Test1531" id="320d456b-860f-4dd1-a42b-5870ba5c61d0" storage="TestAssembly.dll">
      <Execution id="cc4efd3b-4c6a-4840-9d01-36a50c49eb96" />
      <TestMethod codeBase="TestAssembly.dll" className="TestNamespace.TestClass4" name="Test1531" />
    </UnitTest>
    <UnitTest name="Test1532" id="7f825e06-40fc-4133-a566-24271cd62b8f" storage="TestAssembly.dll">
      <Execution id="3958574a-6e3e-4020-a389-8a13c8357792" />
      <TestMethod codeBase="TestAssembly.dll" className="TestNamespace.TestClass4" name="Test1532" />
    </UnitTest>
    <UnitTest name="Test1533" id="ebf4e6a6-0a18-4450-9fff-0dc07c8cadc9" storage="TestAssembly.dll">
      <Execution id="dcff6532-94f7-4b63-b542-c45dfe2471ee" />
      <TestMethod codeBase="TestAssembly.dll" className="TestNamespace.TestClass4" name="Test1533" />
    </UnitTest>
    <UnitTest name="Test1534" id="7e28d4b2-82c4-4e68-9ef0-7fb295158386" storage="TestAssembly.dll">
      <Execution id="ba85d62c-257f-453f-9ac6-8d5d62f42ca2" />
      <TestMethod codeBase="TestAssembly.dll" className="TestNamespace.TestClass4" name="Test1534" />
    </UnitTest>
    <UnitTest name="Test1535" id="377bacc4-ef2f-4b34-9e19-3591fd4931a8" storage="TestAssembly.dll">
      <Execution id="b536c642-49e9-45c6-8c55-db407f8c1630" />
      <TestMethod codeBase="TestAssembly.dll" className="TestNamespace.TestClass4" name="Test1535" />
    </UnitTest>
    <UnitTest name="Test1536" id="0d92e9a0-96bd-49a7-9d67-7d5f73aa4e5c" storage="TestAssembly.dll">
      <Execution id="07f51749-af6d-49ed-926e-20fbbe808830" />
      <TestMethod codeBase="TestAssembly.dll" className="TestNamespace.TestClass4" name="Test1536" />
    </UnitTest>
    <UnitTest name="Test1537" id="40345efd-767c-45a2-ad12-b6bcc777a439" storage="TestAssembly.dll">
      <Execution id="fcac0f1f-ca4c-4ead-9f6d-adf23d4d7bdc" />
      <TestMethod codeBase="TestAssembly.dll" className="TestNamespace.TestClass4" name="Test1537" />
    </UnitTest>
    <UnitTest name="Test1538" id="e0467bf1-17e6-4581-bba1-fad974d9debf" storage="TestAssembly.dll">
      <Execution id="90719e1f-9167-4722-9731-b076f0f41d6b" />
      <TestMethod codeBase="TestAssembly.dll" className="TestNamespace.TestClass4" name="Test1538" />
    </UnitTest>
    <UnitTest name="Test1539" id="a3bff4b3-9725-4a0b-8c55-9be3d8414579" storage="TestAssembly.dll">
      <Execution id="91462f81-9734-4423-b0d1-b6ab8e0a3749" />
      <TestMethod codeBase="TestAssembly.dll" className="TestNamespace.TestClass4" name="Test1539" />
    </UnitTest>
    <UnitTest name="Test1540" id="8ce1f688-fcd2-4c0f-b16f-db6280911170" storage="TestAssembly.dll">
      <Execution id="3884f9f4-bf33-43c1-8d8e-9d0167de258c" />
      <TestMethod codeBase="TestAssembly.dll" className="TestNamespace.TestClass4" name="Test1540" />
    </UnitTest>
    <UnitTest name="Test1541" id="613e7939-6e87-44e5-9a25-d305c9c8ea78" storage="TestAssembly.dll">
      <Execution id="443c7e16-91fa-479b-9db5-cd3e39e121f9" />
      <TestMethod codeBase="TestAssembly.dll" className="TestNamespace.TestClass5" name="Test1541" />
    </UnitTest>
    <UnitTest name="Test1542" id="11fe343e-f984-446f-be04-c44070402dcc" storage="TestAssembly.dll">
      <Execution id="b26ddf3c-9dc8-42e9-94b3-58b02ad3fd68" />
      <TestMethod codeBase="TestAssembly.dll" className="TestNamespace.TestClass5" name="Test1542" />
    </UnitTest>
    <UnitTest name="Test1543" id="583e9416-b4d7-48c6-a435-2981f1f7da08" storage="TestAssembly.dll">
      <Execution id="a98b1d41-66db-4c64-965c-12faaeeb7c8c" />
      <TestMethod codeBase="TestAssembly.dll" className="TestNamespace.TestClass5" name="Test1543" />
    </UnitTest>
    <UnitTest name="Test1544" id="3183c8a5-d3c3-4fe2-a727-555701527c57" storage="TestAssembly.dll">
      <Execution id="24e4d668-ff00-4c0a-aa73-ed9bb93f2fef" />
      <TestMethod codeBase="TestAssembly.dll" className="TestNamespace.TestClass5" name="Test1544" />
    </UnitTest>
    <UnitTest name="Test1545" id="b72771ab-91e3-44b8-84f2-6a754caf908b" storage="TestAssembly.dll">
      <Execution id="c0926d65-8ae5-40c0-8c9b-e75a7a3dde8f" />
      <TestMethod codeBase="TestAssembly.dll" className="TestNamespace.TestClass5" name="Test1545" />
    </UnitTest>
    <UnitTest name="Test1546" id="205fbdc0-a7bf-40ed-b33f-44a9010a5f3c" storage="TestAssembly.dll">
      <Execution id="6ce260ea-866b-4608-8eb6-d8c5eb985f30" />
      <TestMethod codeBase="TestAssembly.dll" className="TestNamespace.TestClass5" name="Test1546" />
    </UnitTest>
    <UnitTest name="Test1547" id="1f68eed1-9984-4d0f-bbb0-22bab28effc7" storage="TestAssembly.dll">
      <Execution id="a322413e-b4e0-4a89-9d52-8e190fe828d7" />
      <TestMethod codeBase="TestAssembly.dll" className="TestNamespace.TestClass5" name="Test1547" />
    </UnitTest>
    <UnitTest name="Test1548" id="b3eaf36b-b59d-43c4-8a54-826b12ba1847" storage="TestAssembly.dll">
      <Execution id="e7f90ca1-ede1-477b-8d5c-db814ac34231" />
      <TestMethod codeBase="TestAssembly.dll" className="TestNamespace.TestClass5" name="Test1548" />
    </UnitTest>
    <UnitTest name="Test1549" id="92399567-0c88-4817-9796-4bc5e1455e3d" storage="TestAssembly.dll">
      <Execution id="6ad72f4f-0feb-4181-8bc9-21fb663ed4c8" />
      <TestMethod codeBase="TestAssembly.dll" className="TestNamespace.TestClass5" name="Test1549" />
    </UnitTest>
    <UnitTest name="Test1550" id="e4bb54b2-daaa-4d8f-8841-34a38f286a1a" storage="TestAssembly.dll">
      <Execution id="1e355e0f-4b85-47ca-b6c4-a09cedd8e64e" />
      <TestMethod codeBase="TestAssembly.dll" className="TestNamespace.TestClass5" name="Test1550" />
    </UnitTest>
    <UnitTest name="Test1551" id="7802de22-7469-434d-b4d8-59339e6cefb3" storage="TestAssembly.dll">
      <Execution id="a58be31f-847f-4256-919e-fa76b8ac2e1f" />
      <TestMethod codeBase="TestAssembly.dll" className="TestNamespace.TestClass6" name="Test1551" />
    </UnitTest>
    <UnitTest name="Test1552" id="fec0cf2e-6c53-4a88-a9a3-3eae01eeccf2" storage="TestAssembly.dll">
      <Execution id="be2dedc7-29e5-4efc-b1f7-72a75cd1a321" />
      <TestMethod codeBase="TestAssembly.dll" className="TestNamespace.TestClass6" name="Test1552" />
    </UnitTest>
    <UnitTest name="Test1553" id="053ed967-17d0-4858-855c-9a40bcfca200" storage="TestAssembly.dll">
      <Execution id="21a952c9-1cda-4ff4-b8cf-722c1c84b8e7" />
      <TestMethod codeBase="TestAssembly.dll" className="TestNamespace.TestClass6" name="Test1553" />
    </UnitTest>
    <UnitTest name="Test1554" id="2c993067-d613-4ab1-9448-0ff30b165e65" storage="TestAssembly.dll">
      <Execution id="63b072b6-0cfa-4dcb-9902-773ed0f88e99" />
      <TestMethod codeBase="TestAssembly.dll" className="TestNamespace.TestClass6" name="Test1554" />
    </UnitTest>
    <UnitTest name="Test1555" id="94960753-24fd-4365-9712-2109d2a0baed" storage="TestAssembly.dll">
      <Execution id="07dc5668-0902-46d3-837f-7f0cbce09214" />
      <TestMethod codeBase="TestAssembly.dll" className="TestNamespace.TestClass6" name="Test1555" />
    </UnitTest>
    <UnitTest name="Test1556" id="8d73bcde-40b5-45a8-bcaf-c16285d2f5d0" storage="TestAssembly.dll">
      <Execution id="bd7cdab7-d57c-45a5-91cd-d19a341fc086" />
      <TestMethod codeBase="TestAssembly.dll" className="TestNamespace.TestClass6" name="Test1556" />
    </UnitTest>
    <UnitTest name="Test1557" id="f396897d-1afb-49cb-bf7f-6189006192b6" storage="TestAssembly.dll">
      <Execution id="fa0b9189-53e0-47c5-afd3-218589a1c28d" />
      <TestMethod codeBase="TestAssembly.dll" className="TestNamespace.TestClass6" name="Test1557" />
    </UnitTest>
    <UnitTest name="Test1558" id="969e7e8e-6dd8-4534-bef8-d0e7b50ffbdd" storage="TestAssembly.dll">
      <Execution id="02dc2f34-52c2-45fc-8c2f-e9c02fb82865" />
      <TestMethod codeBase="TestAssembly.dll" className="TestNamespace.TestClass6" name="Test1558" />
    </UnitTest>
    <UnitTest name="Test1559" id="b634a89a-f594-4ad5-bd41-823d61528247" storage="TestAssembly.dll">
      <Execution id="cd3ed6b2-c646-476a-aed6-659e14d9a3a3" />
      <TestMethod codeBase="TestAssembly.dll" className="TestNamespace.TestClass6" name="Test1559" />
    </UnitTest>
    <UnitTest name="Test1560" id="2e3307ed-52ad-467a-9218-2e50d70682b9" storage="TestAssembly.dll">
      <Execution id="7f2b7d49-d754-44e3-bc9b-194126336db5" />
      <TestMethod codeBase="TestAssembly.dll" className="TestNamespace.TestClass6" name="Test1560" />
    </UnitTest>
    <UnitTest name="Test1561" id="e4867234-cad5-4f9e-bcd3-ce5b1a1f161e" storage="TestAssembly.dll">
      <Execution id="023c3982-925d-49b1-8b61-d267479501ac" />
      <TestMethod codeBase="TestAssembly.dll" className="TestNamespace.TestClass7" name="Test1561" />
    </UnitTest>
    <UnitTest name="Test1562" id="cd936e9f-8d85-4d2a-8151-273a2977a5a7" storage="TestAssembly.dll">
      <Execution id="f542147b-5fb9-4d92-934e-12d9ef7a23e6" />
      <TestMethod codeBase="TestAssembly.dll" className="TestNamespace.TestClass7" name="Test1562" />
    </UnitTest>
    <UnitTest name="Test1563" id="8761d663-7ac9-46b0-9ad0-798c07f78849" storage="TestAssembly.dll">
      <Execution id="d862b7c4-cb20-4bff-b073-08d3d46a00d3" />
      <TestMethod codeBase="TestAssembly.dll" className="TestNamespace.TestClass7" name="Test1563" />
    </UnitTest>
    <UnitTest name="Test1564" id="cc9edec7-d0f3-45ba-b07e-e50d5901cb5a" storage="TestAssembly.dll">
      <Execution id="c6d4ceda-c5ea-40ea-84ec-fa382ffc588e" />
      <TestMethod codeBase="TestAssembly.dll" className="TestNamespace.TestClass7" name="Test1564" />
    </UnitTest>
    <UnitTest name="Test1565" id="dca7ffeb-e298-4013-95e1-334735aad5c3" storage="TestAssembly.dll">
      <Execution id="7dc48ba2-6308-4e5d-8d7b-02d1dfe77e4c" />
      <TestMethod codeBase="TestAssembly.dll" className="TestNamespace.TestClass7" name="Test1565" />
    </UnitTest>
    <UnitTest name="Test1566" id="bd948b8f-b027-45ed-900d-205809beee23" storage="TestAssembly.dll">
      <Execution id="d2450051-ee44-4750-9c4e-6376def6a355" />
      <TestMethod codeBase="TestAssembly.dll" className="TestNamespace.TestClass7" name="Test1566" />
    </UnitTest>
    <UnitTest name="Test1567" id="197f8716-7aea-41e7-8d4b-1c5822740675" storage="TestAssembly.dll">
      <Execution id="f705f786-586f-41a3-b402-1ccec6a6c1be" />
      <TestMethod codeBase="TestAssembly.dll" className="TestNamespace.TestClass7" name="Test1567" />
    </UnitTest>
    <UnitTest name="Test1568" id="3efa132e-2097-4fe9-abc5-bbe67aacbdc9" storage="TestAssembly.dll">
      <Execution id="0ea535d1-a243-4b6e-b6b3-7b831ad67552" />
      <TestMethod codeBase="TestAssembly.dll" className="TestNamespace.TestClass7" name="Test1568" />
    </UnitTest>
    <UnitTest name="Test1569" id="b5837f87-226c-4cae-955c-33e1abad26c4" storage="TestAssembly.dll">
      <Execution id="580b1f62-4413-4042-bad4-c2783eba3c72" />
      <TestMethod codeBase="TestAssembly.dll" className="TestNamespace.TestClass7" name="Test1569" />
    </UnitTest>
    <UnitTest name="Test1570" id="ec99d4fc-a7ed-4b22-9eab-e82b6a60382f" storage="TestAssembly.dll">
      <Execution id="b3c3e36e-9ef9-4763-b1c7-4d7c8fb2e8a1" />
      <TestMethod codeBase="TestAssembly.dll" className="TestNamespace.TestClass7" name="Test1570" />
    </UnitTest>
    <UnitTest name="Test1571" id="4b78e17e-ad04-41c8-aa0a-124214a2fe4b" storage="TestAssembly.dll">
      <Execution id="89b04944-87aa-43f6-83a7-806ac280eb6a" />
      <TestMethod codeBase="TestAssembly.dll" className="TestNamespace.TestClass8" name="Test1571" />
    </UnitTest>
    <UnitTest name="Test1572" id="49f8cb2e-a781-42ae-a19f-716586d7a9a5" storage="TestAssembly.dll">
      <Execution id="699c59cc-79f0-470f-98ea-14091c8896ab" />
      <TestMethod codeBase="TestAssembly.dll" className="TestNamespace.TestClass8" name="Test1572" />
    </UnitTest>
    <UnitTest name="Test1573" id="0d3d5d07-ae03-4268-bca7-6ea6610fb838" storage="TestAssembly.dll">
      <Execution id="140d2834-0d76-41a3-9b16-0f6b4538ba5b" />
      <TestMethod codeBase="TestAssembly.dll" className="TestNamespace.TestClass8" name="Test1573" />
    </UnitTest>
    <UnitTest name="Test1574" id="e4ce5e01-0a5e-4c74-a6cd-c6553879ee5a" storage="TestAssembly.dll">
      <Execution id="23e02158-1715-420f-b709-7c55a3fe2986" />
      <TestMethod codeBase="TestAssembly.dll" className="TestNamespace.TestClass8" name="Test1574" />
    </UnitTest>
    <UnitTest name="Test1575" id="5693644d-da20-4bd5-8594-0670d3d6b6d6" storage="TestAssembly.dll">
      <Execution id="47712e67-c7b4-4a41-9ec4-bea127d2bcf4" />
      <TestMethod codeBase="TestAssembly.dll" className="TestNamespace.TestClass8" name="Test1575" />
    </UnitTest>
    <UnitTest name="Test1576" id="5552ae34-dc17-4bf7-9aba-184e4ef4cac9" storage="TestAssembly.dll">
      <Execution id="5c9ddf34-698c-477f-a37a-dcbb3cfd6c19" />
      <TestMethod codeBase="TestAssembly.dll" className="TestNamespace.TestClass8" name="Test1576" />
    </UnitTest>
    <UnitTest name="Test1577" id="08bdc7b4-ceb3-43c1-bcd1-8627280b8c92" storage="TestAssembly.dll">
      <Execution id="1b830121-758f-492f-b158-94718f00ac06" />
      <TestMethod codeBase="TestAssembly.dll" className="TestNamespace.TestClass8" name="Test1577" />
    </UnitTest>
    <UnitTest name="Test1578" id="56a1f477-11f8-459f-a763-8e63425e3667" storage="TestAssembly.dll">
      <Execution id="490b05a9-c0c6-4a39-80d0-682464738a26" />
      <TestMethod codeBase="TestAssembly.dll" className="TestNamespace.TestClass8" name="Test1578" />
    </UnitTest>
    <UnitTest name="Test1579" id="bfa87d04-afcc-431f-84cc-22a7ec9994c8" storage="TestAssembly.dll">
      <Execution id="f7aaf6d4-38d8-4abb-a100-26fe8bb8f9cc" />
      <TestMethod codeBase="TestAssembly.dll" className="TestNamespace.TestClass8" name="Test1579" />
    </UnitTest>
    <UnitTest name="Test1580" id="8f8236d2-f229-464d-af7d-69b6c1e1704f" storage="TestAssembly.dll">
      <Execution id="47874a63-2ae3-48dd-8566-51ab16cf711d" />
      <TestMethod codeBase="TestAssembly.dll" className="TestNamespace.TestClass8" name="Test1580" />
    </UnitTest>
    <UnitTest name="Test1581" id="9af83243-6bc5-425a-8e4d-56b3578e3757" storage="TestAssembly.dll">
      <Execution id="97c35266-1fac-43df-bd12-69d66ae6eb78" />
      <TestMethod codeBase="TestAssembly.dll" className="TestNamespace.TestClass9" name="Test1581" />
    </UnitTest>
    <UnitTest name="Test1582" id="25b3704f-a5fe-41c5-9656-57b754f6d247" storage="TestAssembly.dll">
      <Execution id="8a82e16b-5338-4638-92d2-e2ab719f2005" />
      <TestMethod codeBase="TestAssembly.dll" className="TestNamespace.TestClass9" name="Test1582" />
    </UnitTest>
    <UnitTest name="Test1583" id="78476d3e-6a2f-4b41-8b9e-bcab06e66ec9" storage="TestAssembly.dll">
      <Execution id="344da44d-92fd-4989-affc-0dfbf34f7e29" />
      <TestMethod codeBase="TestAssembly.dll" className="TestNamespace.TestClass9" name="Test1583" />
    </UnitTest>
    <UnitTest name="Test1584" id="87ecd6cb-7285-4eca-a2f9-6b2f96d79270" storage="TestAssembly.dll">
      <Execution id="7e374aa2-7b7c-4d00-b9a4-9b96fde7deda" />
      <TestMethod codeBase="TestAssembly.dll" className="TestNamespace.TestClass9" name="Test1584" />
    </UnitTest>
    <UnitTest name="Test1585" id="0735dbee-9aff-42df-b347-49d69ae536c8" storage="TestAssembly.dll">
      <Execution id="bb1c24fc-7106-4049-8d0d-456de145b8f3" />
      <TestMethod codeBase="TestAssembly.dll" className="TestNamespace.TestClass9" name="Test1585" />
    </UnitTest>
    <UnitTest name="Test1586" id="94bcb493-8ebb-499e-9ac9-92baa27b31f1" storage="TestAssembly.dll">
      <Execution id="225233ea-e194-4cd0-8aa8-4e21c1b64105" />
      <TestMethod codeBase="TestAssembly.dll" className="TestNamespace.TestClass9" name="Test1586" />
    </UnitTest>
    <UnitTest name="Test1587" id="9501e164-e0ac-4bed-b36a-37de29fa71d0" storage="TestAssembly.dll">
      <Execution id="94e0f022-1986-4011-9baf-aad9c39adac7" />
      <TestMethod codeBase="TestAssembly.dll" className="TestNamespace.TestClass9" name="Test1587" />
    </UnitTest>
    <UnitTest name="Test1588" id="99107e0e-1c03-41bf-b3a5-4f25dc8f3a9d" storage="TestAssembly.dll">
      <Execution id="cbca8473-f5af-4124-9dea-a31b51a96486" />
      <TestMethod codeBase="TestAssembly.dll" className="TestNamespace.TestClass9" name="Test1588" />
    </UnitTest>
    <UnitTest name="Test1589" id="fdfecb68-8a9e-43af-a236-c458c3fd1ee5" storage="TestAssembly.dll">
      <Execution id="61582be8-4df2-442d-9b88-092543d24a05" />
      <TestMethod codeBase="TestAssembly.dll" className="TestNamespace.TestClass9" name="Test1589" />
    </UnitTest>
    <UnitTest name="Test1590" id="2277c763-0c09-40c9-88f7-93d1bc561285" storage="TestAssembly.dll">
      <Execution id="cdb692ab-e002-424a-b266-ee25a4ba0c21" />
      <TestMethod codeBase="TestAssembly.dll" className="TestNamespace.TestClass9" name="Test1590" />
    </UnitTest>
    <UnitTest name="Test1591" id="d6879314-6b73-4de4-8cba-412a69351e81" storage="TestAssembly.dll">
      <Execution id="42303a65-6fbe-44e5-84c6-171e7516cbc8" />
      <TestMethod codeBase="TestAssembly.dll" className="TestNamespace.TestClass10" name="Test1591" />
    </UnitTest>
    <UnitTest name="Test1592" id="91914f5f-0e10-4471-ae71-b70af4272597" storage="TestAssembly.dll">
      <Execution id="2606fc59-f636-448c-a5cb-543c7d43c12b" />
      <TestMethod codeBase="TestAssembly.dll" className="TestNamespace.TestClass10" name="Test1592" />
    </UnitTest>
    <UnitTest name="Test1593" id="35905094-dadd-43ee-9180-842e87501594" storage="TestAssembly.dll">
      <Execution id="0082bb47-6ad7-41f9-bda3-8d7942c7d6f7" />
      <TestMethod codeBase="TestAssembly.dll" className="TestNamespace.TestClass10" name="Test1593" />
    </UnitTest>
    <UnitTest name="Test1594" id="50f291c5-6d8a-42c9-9d16-09ebef1b23a1" storage="TestAssembly.dll">
      <Execution id="820e09b2-2248-4f1e-992d-024ce872fa3f" />
      <TestMethod codeBase="TestAssembly.dll" className="TestNamespace.TestClass10" name="Test1594" />
    </UnitTest>
    <UnitTest name="Test1595" id="27c9858d-51b1-4d52-a708-f35990930a88" storage="TestAssembly.dll">
      <Execution id="8943d6cb-c96a-41cb-914e-ce2bfe28c826" />
      <TestMethod codeBase="TestAssembly.dll" className="TestNamespace.TestClass10" name="Test1595" />
    </UnitTest>
    <UnitTest name="Test1596" id="c200c44d-37e6-42cb-bda6-5fb94949098d" storage="TestAssembly.dll">
      <Execution id="a4655482-2ec6-4db8-91a9-188da46b4252" />
      <TestMethod codeBase="TestAssembly.dll" className="TestNamespace.TestClass10" name="Test1596" />
    </UnitTest>
    <UnitTest name="Test1597" id="fa309726-b9f6-4b94-b954-0128640a832c" storage="TestAssembly.dll">
      <Execution id="e518f26b-beba-4695-b5c2-9285c66b700f" />
      <TestMethod codeBase="TestAssembly.dll" className="TestNamespace.TestClass10" name="Test1597" />
    </UnitTest>
    <UnitTest name="Test1598" id="e81d2915-5c3a-491b-9638-0f899eb9e30c" storage="TestAssembly.dll">
      <Execution id="3d987d73-552e-4848-add9-d1a7cdaf1aae" />
      <TestMethod codeBase="TestAssembly.dll" className="TestNamespace.TestClass10" name="Test1598" />
    </UnitTest>
    <UnitTest name="Test1599" id="dad50daa-2b60-4c93-b361-2758f15ff1ab" storage="TestAssembly.dll">
      <Execution id="3a611703-24d5-4d3b-9b4b-cca920f4e773" />
      <TestMethod codeBase="TestAssembly.dll" className="TestNamespace.TestClass10" name="Test1599" />
    </UnitTest>
    <UnitTest name="Test1600" id="591f35cb-61c2-4440-8690-318e82d3cd09" storage="TestAssembly.dll">
      <Execution id="8c715747-ef6b-4837-a67b-4404b5875c78" />
      <TestMethod codeBase="TestAssembly.dll" className="TestNamespace.TestClass10" name="Test1600" />
    </UnitTest>
  </TestDefinitions>
  <TestEntries>
    <TestEntry testId="9194db9e-ee5d-4db0-a306-b1642e2fa59e" executionId="f906a638-39e8-4c66-95ae-820a6ee6d95f" testListId="b19a5957-1fb8-4c0b-95ab-f59ed653742b" />
    <TestEntry testId="10860e52-3ba4-44f3-a61d-67fee1476c32" executionId="cf98bd40-0883-45b6-92d6-512a13d603df" testListId="b19a5957-1fb8-4c0b-95ab-f59ed653742b" />
    <TestEntry testId="b0499eae-2284-4540-8178-4aaf61511cf4" executionId="43735408-6f91-4039-93c3-13f17036d119" testListId="b19a5957-1fb8-4c0b-95ab-f59ed653742b" />
    <TestEntry testId="dde7fb1b-3892-4d8d-ad6c-7cd4f624748a" executionId="dfafe1d8-1bdd-472e-b408-c6ee815081d4" testListId="b19a5957-1fb8-4c0b-95ab-f59ed653742b" />
    <TestEntry testId="65302a4e-3190-40ec-9da4-da41d31206c3" executionId="77947b6d-21bb-4ec8-bb55-2edc9e3fe12b" testListId="b19a5957-1fb8-4c0b-95ab-f59ed653742b" />
    <TestEntry testId="33829b64-2d41-4244-bbba-2a4b0a3c932a" executionId="2dcb6d46-6c0f-4d39-8b26-0eb52a3c6655" testListId="b19a5957-1fb8-4c0b-95ab-f59ed653742b" />
    <TestEntry testId="9c9ddd16-8cb2-4dd8-8178-dd271513349a" executionId="4e8abaf6-aba3-42cf-96bb-d6e14d39724a" testListId="b19a5957-1fb8-4c0b-95ab-f59ed653742b" />
    <TestEntry testId="f9d40ec2-cbe1-4c42-9978-cfdf2b6b94dc" executionId="9ffff7ea-03d3-43ae-8f28-a17e417529e4" testListId="b19a5957-1fb8-4c0b-95ab-f59ed653742b" />
    <TestEntry testId="37098569-6baa-46d6-9d10-e1e8d42c7476" executionId="dd30dfc2-46ed-45f1-a56c-2ce804cee026" testListId="b19a5957-1fb8-4c0b-95ab-f59ed653742b" />
    <TestEntry testId="c3afb8c0-6969-4820-9761-034ed9a01fe8" executionId="0b7ba127-a35b-4387-8758-2e7eecec91ba" testListId="b19a5957-1fb8-4c0b-95ab-f59ed653742b" />
    <TestEntry testId="75d131ab-cb7e-46f5-9f67-914ea145a292" executionId="b7dbfa5d-1715-4afe-993e-3b17a27f9ab3" testListId="b19a5957-1fb8-4c0b-95ab-f59ed653742b" />
    <TestEntry testId="b926d77a-9add-48de-a634-57d66f317078" executionId="fe68d25c-c2ce-4f24-b04f-15cadee13d1c" testListId="b19a5957-1fb8-4c0b-95ab-f59ed653742b" />
    <TestEntry testId="57a1d136-d99b-40ed-ac67-0523e2b398b2" executionId="b15949ba-728c-4c05-8d9e-938ffb3acd53" testListId="b19a5957-1fb8-4c0b-95ab-f59ed653742b" />
    <TestEntry testId="0618c3d9-bc62-44d2-9bdf-a55b551280ae" executionId="c985ad85-dc2a-46ff-a365-bb4712f5062e" testListId="b19a5957-1fb8-4c0b-95ab-f59ed653742b" />
    <TestEntry testId="b7feaa7c-9152-49db-a5b4-afeae68ec94a" executionId="916d1f52-45d0-4056-b953-c428c8e8d637" testListId="b19a5957-1fb8-4c0b-95ab-f59ed653742b" />
    <TestEntry testId="ceb8a3a3-de7d-4061-b425-64ce89a10700" executionId="98fc8689-a7bb-492f-b19e-63b94889fee0" testListId="b19a5957-1fb8-4c0b-95ab-f59ed653742b" />
    <TestEntry testId="02f5a8d5-ce73-46ea-bfdb-0836a7aeb436" executionId="879371bc-8433-4bc1-b341-eabea76f08c2" testListId="b19a5957-1fb8-4c0b-95ab-f59ed653742b" />
    <TestEntry testId="554eac15-d06c-4da5-8dd4-9a55b0077fdf" executionId="991dcd66-df02-4558-bc69-ab8a9cd164dc" testListId="b19a5957-1fb8-4c0b-95ab-f59ed653742b" />
    <TestEntry testId="9ecd853f-c529-4ad8-b6fd-aa57f0bab4b5" executionId="2bd7ca8c-7f41-432a-b2db-d138e1db2add" testListId="b19a5957-1fb8-4c0b-95ab-f59ed653742b" />
    <TestEntry testId="708731ad-f9eb-4b2c-91c7-4bf2356ce8b1" executionId="310f5754-7d15-4acd-9a6f-53a3c97743eb" testListId="b19a5957-1fb8-4c0b-95ab-f59ed653742b" />
    <TestEntry testId="c4551943-8034-41e4-9f24-9bdffe43679e" executionId="ff65d99f-c9cc-4579-8859-e5f13d419cec" testListId="b19a5957-1fb8-4c0b-95ab-f59ed653742b" />
    <TestEntry testId="dff55738-cdf1-4a01-9291-75b5c79af14c" executionId="bf71a080-94ea-433c-8982-1e3dd87a7705" testListId="b19a5957-1fb8-4c0b-95ab-f59ed653742b" />
    <TestEntry testId="6385bb57-e5c2-413e-9b1b-e92c7f8cbae7" executionId="78b5bbd6-449d-431f-9b2b-dbe716f4e901" testListId="b19a5957-1fb8-4c0b-95ab-f59ed653742b" />
    <TestEntry testId="089bc316-81e9-4f84-818d-1e36a185a5c9" executionId="bcb373ef-0ceb-4f46-89ee-a99c7954dc50" testListId="b19a5957-1fb8-4c0b-95ab-f59ed653742b" />
    <TestEntry testId="c7232cdc-8dab-4c72-a963-2ec25d4e26b9" executionId="46b5898f-c510-4d0c-a3b9-54328439fdb9" testListId="b19a5957-1fb8-4c0b-95ab-f59ed653742b" />
    <TestEntry testId="5007decc-5242-4946-8056-238933e967b8" executionId="4f2088e2-2355-40a5-bd93-f7158dd5c470" testListId="b19a5957-1fb8-4c0b-95ab-f59ed653742b" />
    <TestEntry testId="1c136328-10ce-436a-8ada-ab7565cd741f" executionId="0eba1013-fc57-4c9a-8198-619a3d35831d" testListId="b19a5957-1fb8-4c0b-95ab-f59ed653742b" />
    <TestEntry testId="a358480d-3c9f-46fc-b18a-da66fc358252" executionId="26cbe3bc-fa76-447a-934d-7253f8548d78" testListId="b19a5957-1fb8-4c0b-95ab-f59ed653742b" />
    <TestEntry testId="c37e30a2-747c-45c4-b983-58832a2ae264" executionId="2792468b-748b-40e8-9d7d-468789a1f99a" testListId="b19a5957-1fb8-4c0b-95ab-f59ed653742b" />
    <TestEntry testId="735c9ede-6ee6-4e55-bf3c-8c7c3189fa4c" executionId="c18dcdf7-6d15-4245-85b8-365ee22bc213" testListId="b19a5957-1fb8-4c0b-95ab-f59ed653742b" />
    <TestEntry testId="320d456b-860f-4dd1-a42b-5870ba5c61d0" executionId="cc4efd3b-4c6a-4840-9d01-36a50c49eb96" testListId="b19a5957-1fb8-4c0b-95ab-f59ed653742b" />
    <TestEntry testId="7f825e06-40fc-4133-a566-24271cd62b8f" executionId="3958574a-6e3e-4020-a389-8a13c8357792" testListId="b19a5957-1fb8-4c0b-95ab-f59ed653742b" />
    <TestEntry testId="ebf4e6a6-0a18-4450-9fff-0dc07c8cadc9" executionId="dcff6532-94f7-4b63-b542-c45dfe2471ee" testListId="b19a5957-1fb8-4c0b-95ab-f59ed653742b" />
    <TestEntry testId="7e28d4b2-82c4-4e68-9ef0-7fb295158386" executionId="ba85d62c-257f-453f-9ac6-8d5d62f42ca2" testListId="b19a5957-1fb8-4c0b-95ab-f59ed653742b" />
    <TestEntry testId="377bacc4-ef2f-4b34-9e19-3591fd4931a8" executionId="b536c642-49e9-45c6-8c55-db407f8c1630" testListId="b19a5957-1fb8-4c0b-95ab-f59ed653742b" />
    <TestEntry testId="0d92e9a0-96bd-49a7-9d67-7d5f73aa4e5c" executionId="07f51749-af6d-49ed-926e-20fbbe808830" testListId="b19a5957-1fb8-4c0b-95ab-f59ed653742b" />
    <TestEntry testId="40345efd-767c-45a2-ad12-b6bcc777a439" executionId="fcac0f1f-ca4c-4ead-9f6d-adf23d4d7bdc" testListId="b19a5957-1fb8-4c0b-95ab-f59ed653742b" />
    <TestEntry testId="e0467bf1-17e6-4581-bba1-fad974d9debf" executionId="90719e1f-9167-4722-9731-b076f0f41d6b" testListId="b19a5957-1fb8-4c0b-95ab-f59ed653742b" />
    <TestEntry testId="a3bff4b3-9725-4a0b-8c55-9be3d8414579" executionId="91462f81-9734-4423-b0d1-b6ab8e0a3749" testListId="b19a5957-1fb8-4c0b-95ab-f59ed653742b" />
    <TestEntry testId="8ce1f688-fcd2-4c0f-b16f-db6280911170" executionId="3884f9f4-bf33-43c1-8d8e-9d0167de258c" testListId="b19a5957-1fb8-4c0b-95ab-f59ed653742b" />
    <TestEntry testId="613e7939-6e87-44e5-9a25-d305c9c8ea78" executionId="443c7e16-91fa-479b-9db5-cd3e39e121f9" testListId="b19a5957-1fb8-4c0b-95ab-f59ed653742b" />
    <TestEntry testId="11fe343e-f984-446f-be04-c44070402dcc" executionId="b26ddf3c-9dc8-42e9-94b3-58b02ad3fd68" testListId="b19a5957-1fb8-4c0b-95ab-f59ed653742b" />
    <TestEntry testId="583e9416-b4d7-48c6-a435-2981f1f7da08" executionId="a98b1d41-66db-4c64-965c-12faaeeb7c8c" testListId="b19a5957-1fb8-4c0b-95ab-f59ed653742b" />
    <TestEntry testId="3183c8a5-d3c3-4fe2-a727-555701527c57" executionId="24e4d668-ff00-4c0a-aa73-ed9bb93f2fef" testListId="b19a5957-1fb8-4c0b-95ab-f59ed653742b" />
    <TestEntry testId="b72771ab-91e3-44b8-84f2-6a754caf908b" executionId="c0926d65-8ae5-40c0-8c9b-e75a7a3dde8f" testListId="b19a5957-1fb8-4c0b-95ab-f59ed653742b" />
    <TestEntry testId="205fbdc0-a7bf-40ed-b33f-44a9010a5f3c" executionId="6ce260ea-866b-4608-8eb6-d8c5eb985f30" testListId="b19a5957-1fb8-4c0b-95ab-f59ed653742b" />
    <TestEntry testId="1f68eed1-9984-4d0f-bbb0-22bab28effc7" executionId="a322413e-b4e0-4a89-9d52-8e190fe828d7" testListId="b19a5957-1fb8-4c0b-95ab-f59ed653742b" />
    <TestEntry testId="b3eaf36b-b59d-43c4-8a54-826b12ba1847" executionId="e7f90ca1-ede1-477b-8d5c-db814ac34231" testListId="b19a5957-1fb8-4c0b-95ab-f59ed653742b" />
    <TestEntry testId="92399567-0c88-4817-9796-4bc5e1455e3d" executionId="6ad72f4f-0feb-4181-8bc9-21fb663ed4c8" testListId="b19a5957-1fb8-4c0b-95ab-f59ed653742b" />
    <TestEntry testId="e4bb54b2-daaa-4d8f-8841-34a38f286a1a" executionId="1e355e0f-4b85-47ca-b6c4-a09cedd8e64e" testListId="b19a5957-1fb8-4c0b-95ab-f59ed653742b" />
    <TestEntry testId="7802de22-7469-434d-b4d8-59339e6cefb3" executionId="a58be31f-847f-4256-919e-fa76b8ac2e1f" testListId="b19a5957-1fb8-4c0b-95ab-f59ed653742b" />
    <TestEntry testId="fec0cf2e-6c53-4a88-a9a3-3eae01eeccf2" executionId="be2dedc7-29e5-4efc-b1f7-72a75cd1a321" testListId="b19a5957-1fb8-4c0b-95ab-f59ed653742b" />
    <TestEntry testId="053ed967-17d0-4858-855c-9a40bcfca200" executionId="21a952c9-1cda-4ff4-b8cf-722c1c84b8e7" testListId="b19a5957-1fb8-4c0b-95ab-f59ed653742b" />
    <TestEntry testId="2c993067-d613-4ab1-9448-0ff30b165e65" executionId="63b072b6-0cfa-4dcb-9902-773ed0f88e99" testListId="b19a5957-1fb8-4c0b-95ab-f59ed653742b" />
    <TestEntry testId="94960753-24fd-4365-9712-2109d2a0baed" executionId="07dc5668-0902-46d3-837f-7f0cbce09214" testListId="b19a5957-1fb8-4c0b-95ab-f59ed653742b" />
    <TestEntry testId="8d73bcde-40b5-45a8-bcaf-c16285d2f5d0" executionId="bd7cdab7-d57c-45a5-91cd-d19a341fc086" testListId="b19a5957-1fb8-4c0b-95ab-f59ed653742b" />
    <TestEntry testId="f396897d-1afb-49cb-bf7f-6189006192b6" executionId="fa0b9189-53e0-47c5-afd3-218589a1c28d" testListId="b19a5957-1fb8-4c0b-95ab-f59ed653742b" />
    <TestEntry testId="969e7e8e-6dd8-4534-bef8-d0e7b50ffbdd" executionId="02dc2f34-52c2-45fc-8c2f-e9c02fb82865" testListId="b19a5957-1fb8-4c0b-95ab-f59ed653742b" />
    <TestEntry testId="b634a89a-f594-4ad5-bd41-823d61528247" executionId="cd3ed6b2-c646-476a-aed6-659e14d9a3a3" testListId="b19a5957-1fb8-4c0b-95ab-f59ed653742b" />
    <TestEntry testId="2e3307ed-52ad-467a-9218-2e50d70682b9" executionId="7f2b7d49-d754-44e3-bc9b-194126336db5" testListId="b19a5957-1fb8-4c0b-95ab-f59ed653742b" />
    <TestEntry testId="e4867234-cad5-4f9e-bcd3-ce5b1a1f161e" executionId="023c3982-925d-49b1-8b61-d267479501ac" testListId="b19a5957-1fb8-4c0b-95ab-f59ed653742b" />
    <TestEntry testId="cd936e9f-8d85-4d2a-8151-273a2977a5a7" executionId="f542147b-5fb9-4d92-934e-12d9ef7a23e6" testListId="b19a5957-1fb8-4c0b-95ab-f59ed653742b" />
    <TestEntry testId="8761d663-7ac9-46b0-9ad0-798c07f78849" executionId="d862b7c4-cb20-4bff-b073-08d3d46a00d3" testListId="b19a5957-1fb8-4c0b-95ab-f59ed653742b" />
    <TestEntry testId="cc9edec7-d0f3-45ba-b07e-e50d5901cb5a" executionId="c6d4ceda-c5ea-40ea-84ec-fa382ffc588e" testListId="b19a5957-1fb8-4c0b-95ab-f59ed653742b" />
    <TestEntry testId="dca7ffeb-e298-4013-95e1-334735aad5c3" executionId="7dc48ba2-6308-4e5d-8d7b-02d1dfe77e4c" testListId="b19a5957-1fb8-4c0b-95ab-f59ed653742b" />
    <TestEntry testId="bd948b8f-b027-45ed-900d-205809beee23" executionId="d2450051-ee44-4750-9c4e-6376def6a355" testListId="b19a5957-1fb8-4c0b-95ab-f59ed653742b" />
    <TestEntry testId="197f8716-7aea-41e7-8d4b-1c5822740675" executionId="f705f786-586f-41a3-b402-1ccec6a6c1be" testListId="b19a5957-1fb8-4c0b-95ab-f59ed653742b" />
    <TestEntry testId="3efa132e-2097-4fe9-abc5-bbe67aacbdc9" executionId="0ea535d1-a243-4b6e-b6b3-7b831ad67552" testListId="b19a5957-1fb8-4c0b-95ab-f59ed653742b" />
    <TestEntry testId="b5837f87-226c-4cae-955c-33e1abad26c4" executionId="580b1f62-4413-4042-bad4-c2783eba3c72" testListId="b19a5957-1fb8-4c0b-95ab-f59ed653742b" />
    <TestEntry testId="ec99d4fc-a7ed-4b22-9eab-e82b6a60382f" executionId="b3c3e36e-9ef9-4763-b1c7-4d7c8fb2e8a1" testListId="b19a5957-1fb8-4c0b-95ab-f59ed653742b" />
    <TestEntry testId="4b78e17e-ad04-41c8-aa0a-124214a2fe4b" executionId="89b04944-87aa-43f6-83a7-806ac280eb6a" testListId="b19a5957-1fb8-4c0b-95ab-f59ed653742b" />
    <TestEntry testId="49f8cb2e-a781-42ae-a19f-716586d7a9a5" executionId="699c59cc-79f0-470f-98ea-14091c8896ab" testListId="b19a5957-1fb8-4c0b-95ab-f59ed653742b" />
    <TestEntry testId="0d3d5d07-ae03-4268-bca7-6ea6610fb838" executionId="140d2834-0d76-41a3-9b16-0f6b4538ba5b" testListId="b19a5957-1fb8-4c0b-95ab-f59ed653742b" />
    <TestEntry testId="e4ce5e01-0a5e-4c74-a6cd-c6553879ee5a" executionId="23e02158-1715-420f-b709-7c55a3fe2986" testListId="b19a5957-1fb8-4c0b-95ab-f59ed653742b" />
    <TestEntry testId="5693644d-da20-4bd5-8594-0670d3d6b6d6" executionId="47712e67-c7b4-4a41-9ec4-bea127d2bcf4" testListId="b19a5957-1fb8-4c0b-95ab-f59ed653742b" />
    <TestEntry testId="5552ae34-dc17-4bf7-9aba-184e4ef4cac9" executionId="5c9ddf34-698c-477f-a37a-dcbb3cfd6c19" testListId="b19a5957-1fb8-4c0b-95ab-f59ed653742b" />
    <TestEntry testId="08bdc7b4-ceb3-43c1-bcd1-8627280b8c92" executionId="1b830121-758f-492f-b158-94718f00ac06" testListId="b19a5957-1fb8-4c0b-95ab-f59ed653742b" />
    <TestEntry testId="56a1f477-11f8-459f-a763-8e63425e3667" executionId="490b05a9-c0c6-4a39-80d0-682464738a26" testListId="b19a5957-1fb8-4c0b-95ab-f59ed653742b" />
    <TestEntry testId="bfa87d04-afcc-431f-84cc-22a7ec9994c8" executionId="f7aaf6d4-38d8-4abb-a100-26fe8bb8f9cc" testListId="b19a5957-1fb8-4c0b-95ab-f59ed653742b" />
    <TestEntry testId="8f8236d2-f229-464d-af7d-69b6c1e1704f" executionId="47874a63-2ae3-48dd-8566-51ab16cf711d" testListId="b19a5957-1fb8-4c0b-95ab-f59ed653742b" />
    <TestEntry testId="9af83243-6bc5-425a-8e4d-56b3578e3757" executionId="97c35266-1fac-43df-bd12-69d66ae6eb78" testListId="b19a5957-1fb8-4c0b-95ab-f59ed653742b" />
    <TestEntry testId="25b3704f-a5fe-41c5-9656-57b754f6d247" executionId="8a82e16b-5338-4638-92d2-e2ab719f2005" testListId="b19a5957-1fb8-4c0b-95ab-f59ed653742b" />
    <TestEntry testId="78476d3e-6a2f-4b41-8b9e-bcab06e66ec9" executionId="344da44d-92fd-4989-affc-0dfbf34f7e29" testListId="b19a5957-1fb8-4c0b-95ab-f59ed653742b" />
    <TestEntry testId="87ecd6cb-7285-4eca-a2f9-6b2f96d79270" executionId="7e374aa2-7b7c-4d00-b9a4-9b96fde7deda" testListId="b19a5957-1fb8-4c0b-95ab-f59ed653742b" />
    <TestEntry testId="0735dbee-9aff-42df-b347-49d69ae536c8" executionId="bb1c24fc-7106-4049-8d0d-456de145b8f3" testListId="b19a5957-1fb8-4c0b-95ab-f59ed653742b" />
    <TestEntry testId="94bcb493-8ebb-499e-9ac9-92baa27b31f1" executionId="225233ea-e194-4cd0-8aa8-4e21c1b64105" testListId="b19a5957-1fb8-4c0b-95ab-f59ed653742b" />
    <TestEntry testId="9501e164-e0ac-4bed-b36a-37de29fa71d0" executionId="94e0f022-1986-4011-9baf-aad9c39adac7" testListId="b19a5957-1fb8-4c0b-95ab-f59ed653742b" />
    <TestEntry testId="99107e0e-1c03-41bf-b3a5-4f25dc8f3a9d" executionId="cbca8473-f5af-4124-9dea-a31b51a96486" testListId="b19a5957-1fb8-4c0b-95ab-f59ed653742b" />
    <TestEntry testId="fdfecb68-8a9e-43af-a236-c458c3fd1ee5" executionId="61582be8-4df2-442d-9b88-092543d24a05" testListId="b19a5957-1fb8-4c0b-95ab-f59ed653742b" />
    <TestEntry testId="2277c763-0c09-40c9-88f7-93d1bc561285" executionId="cdb692ab-e002-424a-b266-ee25a4ba0c21" testListId="b19a5957-1fb8-4c0b-95ab-f59ed653742b" />
    <TestEntry testId="d6879314-6b73-4de4-8cba-412a69351e81" executionId="42303a65-6fbe-44e5-84c6-171e7516cbc8" testListId="b19a5957-1fb8-4c0b-95ab-f59ed653742b" />
    <TestEntry testId="91914f5f-0e10-4471-ae71-b70af4272597" executionId="2606fc59-f636-448c-a5cb-543c7d43c12b" testListId="b19a5957-1fb8-4c0b-95ab-f59ed653742b" />
    <TestEntry testId="35905094-dadd-43ee-9180-842e87501594" executionId="0082bb47-6ad7-41f9-bda3-8d7942c7d6f7" testListId="b19a5957-1fb8-4c0b-95ab-f59ed653742b" />
    <TestEntry testId="50f291c5-6d8a-42c9-9d16-09ebef1b23a1" executionId="820e09b2-2248-4f1e-992d-024ce872fa3f" testListId="b19a5957-1fb8-4c0b-95ab-f59ed653742b" />
    <TestEntry testId="27c9858d-51b1-4d52-a708-f35990930a88" executionId="8943d6cb-c96a-41cb-914e-ce2bfe28c826" testListId="b19a5957-1fb8-4c0b-95ab-f59ed653742b" />
    <TestEntry testId="c200c44d-37e6-42cb-bda6-5fb94949098d" executionId="a4655482-2ec6-4db8-91a9-188da46b4252" testListId="b19a5957-1fb8-4c0b-95ab-f59ed653742b" />
    <TestEntry testId="fa309726-b9f6-4b94-b954-0128640a832c" executionId="e518f26b-beba-4695-b5c2-9285c66b700f" testListId="b19a5957-1fb8-4c0b-95ab-f59ed653742b" />
    <TestEntry testId="e81d2915-5c3a-491b-9638-0f899eb9e30c" executionId="3d987d73-552e-4848-add9-d1a7cdaf1aae" testListId="b19a5957-1fb8-4c0b-95ab-f59ed653742b" />
    <TestEntry testId="dad50daa-2b60-4c93-b361-2758f15ff1ab" executionId="3a611703-24d5-4d3b-9b4b-cca920f4e773" testListId="b19a5957-1fb8-4c0b-95ab-f59ed653742b" />
    <TestEntry testId="591f35cb-61c2-4440-8690-318e82d3cd09" executionId="8c715747-ef6b-4837-a67b-4404b5875c78" testListId="b19a5957-1fb8-4c0b-95ab-f59ed653742b" />
  </TestEntries>
  <TestLists>
    <TestList name="Results Not in a List" id="b19a5957-1fb8-4c0b-95ab-f59ed653742b" />
    <TestList name="All Loaded Results" id="c89d4092-0485-42c2-bd9c-15f1963ddadf" />
  </TestLists>
</TestRun>