<?xml version="1.0" encoding="UTF-8"?>
<TestRun id="c57c9dfd-d112-4ed8-bce9-ba4e0307b91d" name="Test Run 71" runUser="Oles Galatsan" xmlns="http://microsoft.com/schemas/VisualStudio/TeamTest/2010">
  <Times creation="2025-05-14T13:20:31.3125482Z" queuing="2025-05-14T13:20:31.3125482Z" start="2025-05-14T13:20:31.3146610Z" finish="2025-05-14T13:25:31.3147553Z" />
  <TestSettings name="Test Settings 71" id="3079d84c-7e5a-451a-87bc-751f4b622886" />
  <Results>
    <UnitTestResult executionId="c2fd739e-e303-49e0-8239-be2954cf3e17" testId="7e91d4e7-40b1-40cf-88de-0124db20f5cb" testName="Test7001" computerName="UA-LPT-OGA2" duration="00:00:01.5430000" startTime="2025-05-14T13:20:31.3146610Z" endTime="2025-05-14T13:25:31.3147553Z" testType="13cdc9d9-ddb5-4fa4-a97d-d965ccfc6d4b" outcome="Passed" testListId="17f44f1d-20ce-4c1a-bf3c-067a96c1ea84" />
    <UnitTestResult executionId="f5157600-acd1-4c32-a101-dec43f5496c8" testId="41096419-a542-4841-8da1-b4d3fe1b255c" testName="Test7002" computerName="UA-LPT-OGA2" duration="00:00:00.6890000" startTime="2025-05-14T13:20:31.3146610Z" endTime="2025-05-14T13:25:31.3147553Z" testType="13cdc9d9-ddb5-4fa4-a97d-d965ccfc6d4b" outcome="Passed" testListId="17f44f1d-20ce-4c1a-bf3c-067a96c1ea84" />
    <UnitTestResult executionId="b505165a-d332-487c-befe-ee0a586d48a5" testId="51d5e5b8-c406-42f3-8f94-94b98180d4ae" testName="Test7003" computerName="UA-LPT-OGA2" duration="00:00:00.0860000" startTime="2025-05-14T13:20:31.3146610Z" endTime="2025-05-14T13:25:31.3147553Z" testType="13cdc9d9-ddb5-4fa4-a97d-d965ccfc6d4b" outcome="Passed" testListId="17f44f1d-20ce-4c1a-bf3c-067a96c1ea84" />
    <UnitTestResult executionId="e2dcbd80-4ab1-4e87-8daa-bc4f5b7b6407" testId="3d568d01-0c76-4d52-9466-03910046cf89" testName="Test7004" computerName="UA-LPT-OGA2" duration="00:00:00.4340000" startTime="2025-05-14T13:20:31.3146610Z" endTime="2025-05-14T13:25:31.3147553Z" testType="13cdc9d9-ddb5-4fa4-a97d-d965ccfc6d4b" outcome="Passed" testListId="17f44f1d-20ce-4c1a-bf3c-067a96c1ea84" />
    <UnitTestResult executionId="1d1754b0-b3e7-479f-872b-4be060ae7264" testId="c96d64bf-6ed2-428a-861f-a9f3ff5768f6" testName="Test7005" computerName="UA-LPT-OGA2" duration="00:00:00.0390000" startTime="2025-05-14T13:20:31.3146610Z" endTime="2025-05-14T13:25:31.3147553Z" testType="13cdc9d9-ddb5-4fa4-a97d-d965ccfc6d4b" outcome="Passed" testListId="17f44f1d-20ce-4c1a-bf3c-067a96c1ea84" />
    <UnitTestResult executionId="74aad59f-23c9-4001-ba25-98c94a056704" testId="cc26f181-a3e3-486f-9887-ccd2468a3300" testName="Test7006" computerName="UA-LPT-OGA2" duration="00:00:00.2020000" startTime="2025-05-14T13:20:31.3146610Z" endTime="2025-05-14T13:25:31.3147553Z" testType="13cdc9d9-ddb5-4fa4-a97d-d965ccfc6d4b" outcome="Passed" testListId="17f44f1d-20ce-4c1a-bf3c-067a96c1ea84" />
    <UnitTestResult executionId="910dd851-6ae5-412d-8101-8f60c09985fa" testId="0ea43004-76a2-43ca-b510-b17f9fdaf090" testName="Test7007" computerName="UA-LPT-OGA2" duration="00:00:01.1400000" startTime="2025-05-14T13:20:31.3146610Z" endTime="2025-05-14T13:25:31.3147553Z" testType="13cdc9d9-ddb5-4fa4-a97d-d965ccfc6d4b" outcome="Passed" testListId="17f44f1d-20ce-4c1a-bf3c-067a96c1ea84" />
    <UnitTestResult executionId="af42aea6-7007-44a0-a9b6-ed24ef331616" testId="d437bfb3-74ff-47ab-8123-6163d4460f3c" testName="Test7008" computerName="UA-LPT-OGA2" duration="00:00:01.5560000" startTime="2025-05-14T13:20:31.3146610Z" endTime="2025-05-14T13:25:31.3147553Z" testType="13cdc9d9-ddb5-4fa4-a97d-d965ccfc6d4b" outcome="Failed" testListId="17f44f1d-20ce-4c1a-bf3c-067a96c1ea84">
      <Output>
        <ErrorInfo>
          <Message>Assertion failed: Expected value did not match actual value.</Message>
          <StackTrace>   at TestNamespace.TestClass.Test() in TestClass.cs:line 354</StackTrace>
        </ErrorInfo>
      </Output>
    </UnitTestResult>
    <UnitTestResult executionId="202c622c-25df-43cd-875b-07d15c65f4a5" testId="7b15aac7-7aca-4470-b8e4-6169c59e4f17" testName="Test7009" computerName="UA-LPT-OGA2" duration="00:00:01.1670000" startTime="2025-05-14T13:20:31.3146610Z" endTime="2025-05-14T13:25:31.3147553Z" testType="13cdc9d9-ddb5-4fa4-a97d-d965ccfc6d4b" outcome="Passed" testListId="17f44f1d-20ce-4c1a-bf3c-067a96c1ea84" />
    <UnitTestResult executionId="68cc02a1-bc75-4f2f-8ee8-3c473a1adf8b" testId="970caea9-b695-4949-9ed7-79f4784869e7" testName="Test7010" computerName="UA-LPT-OGA2" duration="00:00:00.6950000" startTime="2025-05-14T13:20:31.3146610Z" endTime="2025-05-14T13:25:31.3147553Z" testType="13cdc9d9-ddb5-4fa4-a97d-d965ccfc6d4b" outcome="Passed" testListId="17f44f1d-20ce-4c1a-bf3c-067a96c1ea84" />
    <UnitTestResult executionId="538a6781-7857-4757-8aa6-a4bf48ff3eaf" testId="f0edc21d-6e8a-42d1-aca6-ac58c9599a0b" testName="Test7011" computerName="UA-LPT-OGA2" duration="00:00:01.8970000" startTime="2025-05-14T13:20:31.3146610Z" endTime="2025-05-14T13:25:31.3147553Z" testType="13cdc9d9-ddb5-4fa4-a97d-d965ccfc6d4b" outcome="Passed" testListId="17f44f1d-20ce-4c1a-bf3c-067a96c1ea84" />
    <UnitTestResult executionId="dc11a230-e9a4-4d18-8789-fc2dff84adae" testId="5647cbd5-7f28-4f53-b1a8-46e5a74ae77e" testName="Test7012" computerName="UA-LPT-OGA2" duration="00:00:01.8940000" startTime="2025-05-14T13:20:31.3146610Z" endTime="2025-05-14T13:25:31.3147553Z" testType="13cdc9d9-ddb5-4fa4-a97d-d965ccfc6d4b" outcome="Passed" testListId="17f44f1d-20ce-4c1a-bf3c-067a96c1ea84" />
    <UnitTestResult executionId="32e54e50-031e-4fb6-8a0a-82974d812abd" testId="4e3041af-3c1c-45eb-a55d-f192e107b48a" testName="Test7013" computerName="UA-LPT-OGA2" duration="00:00:00.5780000" startTime="2025-05-14T13:20:31.3146610Z" endTime="2025-05-14T13:25:31.3147553Z" testType="13cdc9d9-ddb5-4fa4-a97d-d965ccfc6d4b" outcome="Passed" testListId="17f44f1d-20ce-4c1a-bf3c-067a96c1ea84" />
    <UnitTestResult executionId="fe5f5d6a-ce21-490e-b984-95bd76345ded" testId="7a6df4f5-bfab-4d70-899a-5a2234acf8d3" testName="Test7014" computerName="UA-LPT-OGA2" duration="00:00:00.1700000" startTime="2025-05-14T13:20:31.3146610Z" endTime="2025-05-14T13:25:31.3147553Z" testType="13cdc9d9-ddb5-4fa4-a97d-d965ccfc6d4b" outcome="Passed" testListId="17f44f1d-20ce-4c1a-bf3c-067a96c1ea84" />
    <UnitTestResult executionId="ae9f56ea-e887-4365-91a6-8d9c853332ee" testId="7302296f-7ce2-4535-9dab-14e6f822999d" testName="Test7015" computerName="UA-LPT-OGA2" duration="00:00:00.6360000" startTime="2025-05-14T13:20:31.3146610Z" endTime="2025-05-14T13:25:31.3147553Z" testType="13cdc9d9-ddb5-4fa4-a97d-d965ccfc6d4b" outcome="Passed" testListId="17f44f1d-20ce-4c1a-bf3c-067a96c1ea84" />
    <UnitTestResult executionId="fcbb7198-88cd-4e58-bcdf-5dbdc61f3509" testId="42d2f117-fe70-4625-a463-1ccaf1fadf4c" testName="Test7016" computerName="UA-LPT-OGA2" duration="00:00:00.6230000" startTime="2025-05-14T13:20:31.3146610Z" endTime="2025-05-14T13:25:31.3147553Z" testType="13cdc9d9-ddb5-4fa4-a97d-d965ccfc6d4b" outcome="Passed" testListId="17f44f1d-20ce-4c1a-bf3c-067a96c1ea84" />
    <UnitTestResult executionId="f8abbd70-b5f0-40e6-8a21-83a70eb04895" testId="020d08c3-4fc1-4a8d-b6b4-cfafb6bc09b3" testName="Test7017" computerName="UA-LPT-OGA2" duration="00:00:01.3870000" startTime="2025-05-14T13:20:31.3146610Z" endTime="2025-05-14T13:25:31.3147553Z" testType="13cdc9d9-ddb5-4fa4-a97d-d965ccfc6d4b" outcome="Passed" testListId="17f44f1d-20ce-4c1a-bf3c-067a96c1ea84" />
    <UnitTestResult executionId="cc2dbbf1-48b5-4fd9-b933-c5d616b710a0" testId="a6081b4d-ac8a-4feb-9a4b-94b0ccd0e958" testName="Test7018" computerName="UA-LPT-OGA2" duration="00:00:01.7670000" startTime="2025-05-14T13:20:31.3146610Z" endTime="2025-05-14T13:25:31.3147553Z" testType="13cdc9d9-ddb5-4fa4-a97d-d965ccfc6d4b" outcome="Passed" testListId="17f44f1d-20ce-4c1a-bf3c-067a96c1ea84" />
    <UnitTestResult executionId="f35530b4-afcc-424a-9956-336a4797737a" testId="7370b6c6-59c5-4f41-919d-0c5d241e71b3" testName="Test7019" computerName="UA-LPT-OGA2" duration="00:00:00.0490000" startTime="2025-05-14T13:20:31.3146610Z" endTime="2025-05-14T13:25:31.3147553Z" testType="13cdc9d9-ddb5-4fa4-a97d-d965ccfc6d4b" outcome="Passed" testListId="17f44f1d-20ce-4c1a-bf3c-067a96c1ea84" />
    <UnitTestResult executionId="140d1efe-8608-4656-9448-7ca9601dbf13" testId="7e633fe5-f933-40ca-869c-1f146a93b6d4" testName="Test7020" computerName="UA-LPT-OGA2" duration="00:00:00.3120000" startTime="2025-05-14T13:20:31.3146610Z" endTime="2025-05-14T13:25:31.3147553Z" testType="13cdc9d9-ddb5-4fa4-a97d-d965ccfc6d4b" outcome="Passed" testListId="17f44f1d-20ce-4c1a-bf3c-067a96c1ea84" />
    <UnitTestResult executionId="0d4dfbd6-81a5-4061-9b11-f5abe927a04f" testId="b30f9832-93e4-4f95-bb07-43b63df3da01" testName="Test7021" computerName="UA-LPT-OGA2" duration="00:00:01.8760000" startTime="2025-05-14T13:20:31.3146610Z" endTime="2025-05-14T13:25:31.3147553Z" testType="13cdc9d9-ddb5-4fa4-a97d-d965ccfc6d4b" outcome="Passed" testListId="17f44f1d-20ce-4c1a-bf3c-067a96c1ea84" />
    <UnitTestResult executionId="828242a5-286f-41e0-9392-01c16dfd790f" testId="b908f133-337f-495a-8805-e50acee773ef" testName="Test7022" computerName="UA-LPT-OGA2" duration="00:00:00.6220000" startTime="2025-05-14T13:20:31.3146610Z" endTime="2025-05-14T13:25:31.3147553Z" testType="13cdc9d9-ddb5-4fa4-a97d-d965ccfc6d4b" outcome="Passed" testListId="17f44f1d-20ce-4c1a-bf3c-067a96c1ea84" />
    <UnitTestResult executionId="90d1308b-c8a9-4393-a076-0395421ebab1" testId="7dd018e8-185d-46ed-bc74-bd9b0106a06a" testName="Test7023" computerName="UA-LPT-OGA2" duration="00:00:01.7720000" startTime="2025-05-14T13:20:31.3146610Z" endTime="2025-05-14T13:25:31.3147553Z" testType="13cdc9d9-ddb5-4fa4-a97d-d965ccfc6d4b" outcome="Failed" testListId="17f44f1d-20ce-4c1a-bf3c-067a96c1ea84">
      <Output>
        <ErrorInfo>
          <Message>Assertion failed: Expected value did not match actual value.</Message>
          <StackTrace>   at TestNamespace.TestClass.Test() in TestClass.cs:line 55</StackTrace>
        </ErrorInfo>
      </Output>
    </UnitTestResult>
    <UnitTestResult executionId="0c0e9bcd-7b61-4cdc-b107-5cc8f3ff0c6c" testId="dde24c65-07ac-478a-9ee5-9793a120e991" testName="Test7024" computerName="UA-LPT-OGA2" duration="00:00:00.3770000" startTime="2025-05-14T13:20:31.3146610Z" endTime="2025-05-14T13:25:31.3147553Z" testType="13cdc9d9-ddb5-4fa4-a97d-d965ccfc6d4b" outcome="Passed" testListId="17f44f1d-20ce-4c1a-bf3c-067a96c1ea84" />
    <UnitTestResult executionId="092dfe42-fb49-4ad4-b7b6-40e9d787ed57" testId="8938e7e4-8d7d-4bd7-b818-6c9b94601825" testName="Test7025" computerName="UA-LPT-OGA2" duration="00:00:00.9400000" startTime="2025-05-14T13:20:31.3146610Z" endTime="2025-05-14T13:25:31.3147553Z" testType="13cdc9d9-ddb5-4fa4-a97d-d965ccfc6d4b" outcome="Passed" testListId="17f44f1d-20ce-4c1a-bf3c-067a96c1ea84" />
    <UnitTestResult executionId="ea40bad9-e22f-4b71-bdb5-5ee1762247f2" testId="70880c15-23c5-4b8f-a8ea-b29407dbab83" testName="Test7026" computerName="UA-LPT-OGA2" duration="00:00:00.8620000" startTime="2025-05-14T13:20:31.3146610Z" endTime="2025-05-14T13:25:31.3147553Z" testType="13cdc9d9-ddb5-4fa4-a97d-d965ccfc6d4b" outcome="Passed" testListId="17f44f1d-20ce-4c1a-bf3c-067a96c1ea84" />
    <UnitTestResult executionId="b85e7f58-bd29-4a70-b206-0f6d740c816f" testId="58b9f6a5-99b2-4ec0-9d78-4043e99ed354" testName="Test7027" computerName="UA-LPT-OGA2" duration="00:00:01.7000000" startTime="2025-05-14T13:20:31.3146610Z" endTime="2025-05-14T13:25:31.3147553Z" testType="13cdc9d9-ddb5-4fa4-a97d-d965ccfc6d4b" outcome="Passed" testListId="17f44f1d-20ce-4c1a-bf3c-067a96c1ea84" />
    <UnitTestResult executionId="24e7ea42-4d47-4d17-b145-da5c0f7660e5" testId="ca8a17a1-1289-4a7e-81e7-b9dfb9d0bf5e" testName="Test7028" computerName="UA-LPT-OGA2" duration="00:00:00.5360000" startTime="2025-05-14T13:20:31.3146610Z" endTime="2025-05-14T13:25:31.3147553Z" testType="13cdc9d9-ddb5-4fa4-a97d-d965ccfc6d4b" outcome="Passed" testListId="17f44f1d-20ce-4c1a-bf3c-067a96c1ea84" />
    <UnitTestResult executionId="84c27435-1795-4306-9a17-3516801b7007" testId="8530c3cd-124d-4831-a5c8-84b3682e4286" testName="Test7029" computerName="UA-LPT-OGA2" duration="00:00:01.6090000" startTime="2025-05-14T13:20:31.3146610Z" endTime="2025-05-14T13:25:31.3147553Z" testType="13cdc9d9-ddb5-4fa4-a97d-d965ccfc6d4b" outcome="Failed" testListId="17f44f1d-20ce-4c1a-bf3c-067a96c1ea84">
      <Output>
        <ErrorInfo>
          <Message>Assertion failed: Expected value did not match actual value.</Message>
          <StackTrace>   at TestNamespace.TestClass.Test() in TestClass.cs:line 125</StackTrace>
        </ErrorInfo>
      </Output>
    </UnitTestResult>
    <UnitTestResult executionId="f0ba753e-9321-46a6-8396-70b191da4b80" testId="825ed690-b0fd-4087-a5da-7630c509a438" testName="Test7030" computerName="UA-LPT-OGA2" duration="00:00:00.0540000" startTime="2025-05-14T13:20:31.3146610Z" endTime="2025-05-14T13:25:31.3147553Z" testType="13cdc9d9-ddb5-4fa4-a97d-d965ccfc6d4b" outcome="Passed" testListId="17f44f1d-20ce-4c1a-bf3c-067a96c1ea84" />
    <UnitTestResult executionId="c6908871-02ab-4cb0-8411-3649fe32bf7a" testId="4c8a4dd3-33e1-4da4-b66b-b02bb7383793" testName="Test7031" computerName="UA-LPT-OGA2" duration="00:00:00.9570000" startTime="2025-05-14T13:20:31.3146610Z" endTime="2025-05-14T13:25:31.3147553Z" testType="13cdc9d9-ddb5-4fa4-a97d-d965ccfc6d4b" outcome="Passed" testListId="17f44f1d-20ce-4c1a-bf3c-067a96c1ea84" />
    <UnitTestResult executionId="e8e0b2ba-f60a-47c7-af4f-2ce090004d0d" testId="7f427f78-a068-43f7-b192-b67caa69df58" testName="Test7032" computerName="UA-LPT-OGA2" duration="00:00:00.7180000" startTime="2025-05-14T13:20:31.3146610Z" endTime="2025-05-14T13:25:31.3147553Z" testType="13cdc9d9-ddb5-4fa4-a97d-d965ccfc6d4b" outcome="Passed" testListId="17f44f1d-20ce-4c1a-bf3c-067a96c1ea84" />
    <UnitTestResult executionId="9d349b84-f3f4-4c03-8302-6bc07b17bff7" testId="826d1472-ae3d-4fae-b318-4f3bfae1c607" testName="Test7033" computerName="UA-LPT-OGA2" duration="00:00:00.9570000" startTime="2025-05-14T13:20:31.3146610Z" endTime="2025-05-14T13:25:31.3147553Z" testType="13cdc9d9-ddb5-4fa4-a97d-d965ccfc6d4b" outcome="Failed" testListId="17f44f1d-20ce-4c1a-bf3c-067a96c1ea84">
      <Output>
        <ErrorInfo>
          <Message>Assertion failed: Expected value did not match actual value.</Message>
          <StackTrace>   at TestNamespace.TestClass.Test() in TestClass.cs:line 190</StackTrace>
        </ErrorInfo>
      </Output>
    </UnitTestResult>
    <UnitTestResult executionId="2dc4fc78-42e9-4e73-be74-4df76d500e12" testId="e3ca4b6a-cfaf-4609-9ad4-f55a650cd9d3" testName="Test7034" computerName="UA-LPT-OGA2" duration="00:00:00.6610000" startTime="2025-05-14T13:20:31.3146610Z" endTime="2025-05-14T13:25:31.3147553Z" testType="13cdc9d9-ddb5-4fa4-a97d-d965ccfc6d4b" outcome="Passed" testListId="17f44f1d-20ce-4c1a-bf3c-067a96c1ea84" />
    <UnitTestResult executionId="ef203479-5d9b-4857-985f-6e009c9146f2" testId="01adabbc-1574-4100-8127-cf02815341c4" testName="Test7035" computerName="UA-LPT-OGA2" duration="00:00:01.3570000" startTime="2025-05-14T13:20:31.3146610Z" endTime="2025-05-14T13:25:31.3147553Z" testType="13cdc9d9-ddb5-4fa4-a97d-d965ccfc6d4b" outcome="Passed" testListId="17f44f1d-20ce-4c1a-bf3c-067a96c1ea84" />
    <UnitTestResult executionId="f351424c-291b-49d0-bd84-a302dc1c26cf" testId="6887226d-0e68-4394-82a1-ea411c746409" testName="Test7036" computerName="UA-LPT-OGA2" duration="00:00:00.7020000" startTime="2025-05-14T13:20:31.3146610Z" endTime="2025-05-14T13:25:31.3147553Z" testType="13cdc9d9-ddb5-4fa4-a97d-d965ccfc6d4b" outcome="Passed" testListId="17f44f1d-20ce-4c1a-bf3c-067a96c1ea84" />
    <UnitTestResult executionId="84352281-92d6-4972-a7b7-cbaa7503dcf9" testId="22ecbdf1-db4f-4880-a77a-a3a7719b941a" testName="Test7037" computerName="UA-LPT-OGA2" duration="00:00:00.5340000" startTime="2025-05-14T13:20:31.3146610Z" endTime="2025-05-14T13:25:31.3147553Z" testType="13cdc9d9-ddb5-4fa4-a97d-d965ccfc6d4b" outcome="Passed" testListId="17f44f1d-20ce-4c1a-bf3c-067a96c1ea84" />
    <UnitTestResult executionId="464572de-daa4-4ef0-bf81-2e27710b1ac9" testId="842fe65a-36a5-4e0a-8a59-8c2daf241c58" testName="Test7038" computerName="UA-LPT-OGA2" duration="00:00:01.4320000" startTime="2025-05-14T13:20:31.3146610Z" endTime="2025-05-14T13:25:31.3147553Z" testType="13cdc9d9-ddb5-4fa4-a97d-d965ccfc6d4b" outcome="Passed" testListId="17f44f1d-20ce-4c1a-bf3c-067a96c1ea84" />
    <UnitTestResult executionId="a53a5d69-20fc-4fb9-8f75-f28f24a25449" testId="654f61d5-38bb-489a-8d57-38d6ee9ee95d" testName="Test7039" computerName="UA-LPT-OGA2" duration="00:00:00.5310000" startTime="2025-05-14T13:20:31.3146610Z" endTime="2025-05-14T13:25:31.3147553Z" testType="13cdc9d9-ddb5-4fa4-a97d-d965ccfc6d4b" outcome="Passed" testListId="17f44f1d-20ce-4c1a-bf3c-067a96c1ea84" />
    <UnitTestResult executionId="b2384cc3-0461-4359-9f25-d0057aec78c9" testId="63e9f99d-bcab-46a3-93df-bcad77d4a091" testName="Test7040" computerName="UA-LPT-OGA2" duration="00:00:00.1860000" startTime="2025-05-14T13:20:31.3146610Z" endTime="2025-05-14T13:25:31.3147553Z" testType="13cdc9d9-ddb5-4fa4-a97d-d965ccfc6d4b" outcome="Passed" testListId="17f44f1d-20ce-4c1a-bf3c-067a96c1ea84" />
    <UnitTestResult executionId="de03896f-8ded-4a92-9fa2-6a22f95d5f06" testId="50deee85-f763-4a28-9dbc-499d81a0a225" testName="Test7041" computerName="UA-LPT-OGA2" duration="00:00:01.3670000" startTime="2025-05-14T13:20:31.3146610Z" endTime="2025-05-14T13:25:31.3147553Z" testType="13cdc9d9-ddb5-4fa4-a97d-d965ccfc6d4b" outcome="Failed" testListId="17f44f1d-20ce-4c1a-bf3c-067a96c1ea84">
      <Output>
        <ErrorInfo>
          <Message>Assertion failed: Expected value did not match actual value.</Message>
          <StackTrace>   at TestNamespace.TestClass.Test() in TestClass.cs:line 211</StackTrace>
        </ErrorInfo>
      </Output>
    </UnitTestResult>
    <UnitTestResult executionId="3c402463-2a0e-4d12-be41-bfcc9d615b1a" testId="d7fa9056-4bc0-4f7d-b04c-91e6899fd734" testName="Test7042" computerName="UA-LPT-OGA2" duration="00:00:00.1060000" startTime="2025-05-14T13:20:31.3146610Z" endTime="2025-05-14T13:25:31.3147553Z" testType="13cdc9d9-ddb5-4fa4-a97d-d965ccfc6d4b" outcome="Passed" testListId="17f44f1d-20ce-4c1a-bf3c-067a96c1ea84" />
    <UnitTestResult executionId="b186282a-fcaa-46bf-b83f-35ef0a8710da" testId="94a05741-7026-4fd3-a24c-02bf52592473" testName="Test7043" computerName="UA-LPT-OGA2" duration="00:00:00.5550000" startTime="2025-05-14T13:20:31.3146610Z" endTime="2025-05-14T13:25:31.3147553Z" testType="13cdc9d9-ddb5-4fa4-a97d-d965ccfc6d4b" outcome="Failed" testListId="17f44f1d-20ce-4c1a-bf3c-067a96c1ea84">
      <Output>
        <ErrorInfo>
          <Message>Assertion failed: Expected value did not match actual value.</Message>
          <StackTrace>   at TestNamespace.TestClass.Test() in TestClass.cs:line 305</StackTrace>
        </ErrorInfo>
      </Output>
    </UnitTestResult>
    <UnitTestResult executionId="008431da-7134-4860-83ad-cf2bdc8cee5a" testId="0429c02a-285a-4de8-9e30-db648a95ed76" testName="Test7044" computerName="UA-LPT-OGA2" duration="00:00:00.6670000" startTime="2025-05-14T13:20:31.3146610Z" endTime="2025-05-14T13:25:31.3147553Z" testType="13cdc9d9-ddb5-4fa4-a97d-d965ccfc6d4b" outcome="Passed" testListId="17f44f1d-20ce-4c1a-bf3c-067a96c1ea84" />
    <UnitTestResult executionId="66e6f302-4567-4822-97c6-244738ea4a0f" testId="fb587614-969e-4fd6-8b8e-8fa0e9e5743e" testName="Test7045" computerName="UA-LPT-OGA2" duration="00:00:01.9120000" startTime="2025-05-14T13:20:31.3146610Z" endTime="2025-05-14T13:25:31.3147553Z" testType="13cdc9d9-ddb5-4fa4-a97d-d965ccfc6d4b" outcome="Passed" testListId="17f44f1d-20ce-4c1a-bf3c-067a96c1ea84" />
    <UnitTestResult executionId="2ea88ab0-b1e9-4f2b-90f7-13cdc7708841" testId="514c5bef-52b2-4f34-9c25-84e7310b9a29" testName="Test7046" computerName="UA-LPT-OGA2" duration="00:00:01.8900000" startTime="2025-05-14T13:20:31.3146610Z" endTime="2025-05-14T13:25:31.3147553Z" testType="13cdc9d9-ddb5-4fa4-a97d-d965ccfc6d4b" outcome="Passed" testListId="17f44f1d-20ce-4c1a-bf3c-067a96c1ea84" />
    <UnitTestResult executionId="d7eb94ef-2cce-4256-ab44-86deef6f8871" testId="6be84bb3-78dc-422c-a6ce-ede1eee24945" testName="Test7047" computerName="UA-LPT-OGA2" duration="00:00:00.3490000" startTime="2025-05-14T13:20:31.3146610Z" endTime="2025-05-14T13:25:31.3147553Z" testType="13cdc9d9-ddb5-4fa4-a97d-d965ccfc6d4b" outcome="Passed" testListId="17f44f1d-20ce-4c1a-bf3c-067a96c1ea84" />
    <UnitTestResult executionId="9d8f92be-c522-4316-96d6-228403756b40" testId="b98bdf3f-6b6c-4add-81cb-fb367d5437a4" testName="Test7048" computerName="UA-LPT-OGA2" duration="00:00:00.4690000" startTime="2025-05-14T13:20:31.3146610Z" endTime="2025-05-14T13:25:31.3147553Z" testType="13cdc9d9-ddb5-4fa4-a97d-d965ccfc6d4b" outcome="Passed" testListId="17f44f1d-20ce-4c1a-bf3c-067a96c1ea84" />
    <UnitTestResult executionId="c3f093b6-5ca2-4e21-aa35-c4bd84671f03" testId="1c64743d-581d-4254-810e-73f5f192b067" testName="Test7049" computerName="UA-LPT-OGA2" duration="00:00:01.6330000" startTime="2025-05-14T13:20:31.3146610Z" endTime="2025-05-14T13:25:31.3147553Z" testType="13cdc9d9-ddb5-4fa4-a97d-d965ccfc6d4b" outcome="Passed" testListId="17f44f1d-20ce-4c1a-bf3c-067a96c1ea84" />
    <UnitTestResult executionId="fa4c1570-1cd9-4540-82e1-f3b01de59983" testId="ba048ea7-8134-4a5f-89ef-16f7db084b5c" testName="Test7050" computerName="UA-LPT-OGA2" duration="00:00:01.6170000" startTime="2025-05-14T13:20:31.3146610Z" endTime="2025-05-14T13:25:31.3147553Z" testType="13cdc9d9-ddb5-4fa4-a97d-d965ccfc6d4b" outcome="Passed" testListId="17f44f1d-20ce-4c1a-bf3c-067a96c1ea84" />
    <UnitTestResult executionId="84f08066-4feb-40e8-955d-d1d08e335ca5" testId="c2599d87-656e-4557-824c-ba0bde87b7ae" testName="Test7051" computerName="UA-LPT-OGA2" duration="00:00:01.5400000" startTime="2025-05-14T13:20:31.3146610Z" endTime="2025-05-14T13:25:31.3147553Z" testType="13cdc9d9-ddb5-4fa4-a97d-d965ccfc6d4b" outcome="Failed" testListId="17f44f1d-20ce-4c1a-bf3c-067a96c1ea84">
      <Output>
        <ErrorInfo>
          <Message>Assertion failed: Expected value did not match actual value.</Message>
          <StackTrace>   at TestNamespace.TestClass.Test() in TestClass.cs:line 319</StackTrace>
        </ErrorInfo>
      </Output>
    </UnitTestResult>
    <UnitTestResult executionId="b0677ccb-0596-469b-8c9e-d4d9a82ea72b" testId="ac1929f9-8ac1-4bed-b6fd-b98910f68e29" testName="Test7052" computerName="UA-LPT-OGA2" duration="00:00:01.7870000" startTime="2025-05-14T13:20:31.3146610Z" endTime="2025-05-14T13:25:31.3147553Z" testType="13cdc9d9-ddb5-4fa4-a97d-d965ccfc6d4b" outcome="Passed" testListId="17f44f1d-20ce-4c1a-bf3c-067a96c1ea84" />
    <UnitTestResult executionId="543942f7-b763-4d51-81f4-016ca7c66d17" testId="f0df92f8-6ee4-4d30-902f-cf228a09fd80" testName="Test7053" computerName="UA-LPT-OGA2" duration="00:00:01.2030000" startTime="2025-05-14T13:20:31.3146610Z" endTime="2025-05-14T13:25:31.3147553Z" testType="13cdc9d9-ddb5-4fa4-a97d-d965ccfc6d4b" outcome="Passed" testListId="17f44f1d-20ce-4c1a-bf3c-067a96c1ea84" />
    <UnitTestResult executionId="419bf995-3f78-4a41-9b22-a807b9caadf6" testId="33ac2947-7201-4f8c-86f6-164545ebcf3a" testName="Test7054" computerName="UA-LPT-OGA2" duration="00:00:00.2190000" startTime="2025-05-14T13:20:31.3146610Z" endTime="2025-05-14T13:25:31.3147553Z" testType="13cdc9d9-ddb5-4fa4-a97d-d965ccfc6d4b" outcome="Passed" testListId="17f44f1d-20ce-4c1a-bf3c-067a96c1ea84" />
    <UnitTestResult executionId="7857b0ca-f101-47c5-86be-a0a48430854d" testId="4fb43491-6392-4a94-ad69-1afd1412f8bd" testName="Test7055" computerName="UA-LPT-OGA2" duration="00:00:01.9090000" startTime="2025-05-14T13:20:31.3146610Z" endTime="2025-05-14T13:25:31.3147553Z" testType="13cdc9d9-ddb5-4fa4-a97d-d965ccfc6d4b" outcome="Passed" testListId="17f44f1d-20ce-4c1a-bf3c-067a96c1ea84" />
    <UnitTestResult executionId="3377b0f5-6481-4fb4-863b-0fbc42d92547" testId="e07c4f68-b076-4e04-bcd6-b76c4435fa76" testName="Test7056" computerName="UA-LPT-OGA2" duration="00:00:00.8030000" startTime="2025-05-14T13:20:31.3146610Z" endTime="2025-05-14T13:25:31.3147553Z" testType="13cdc9d9-ddb5-4fa4-a97d-d965ccfc6d4b" outcome="Passed" testListId="17f44f1d-20ce-4c1a-bf3c-067a96c1ea84" />
    <UnitTestResult executionId="75d94e8d-b9a6-4ae4-8cdd-c0474db10a0c" testId="f5a85b90-3a52-4ddf-98ae-a296d9dab1f9" testName="Test7057" computerName="UA-LPT-OGA2" duration="00:00:01.5410000" startTime="2025-05-14T13:20:31.3146610Z" endTime="2025-05-14T13:25:31.3147553Z" testType="13cdc9d9-ddb5-4fa4-a97d-d965ccfc6d4b" outcome="Passed" testListId="17f44f1d-20ce-4c1a-bf3c-067a96c1ea84" />
    <UnitTestResult executionId="cb1e794d-10e5-408f-94e2-90fbdbbf9c80" testId="c2bd0ec8-c567-4da3-8f62-14ce1c0f0bab" testName="Test7058" computerName="UA-LPT-OGA2" duration="00:00:00.2070000" startTime="2025-05-14T13:20:31.3146610Z" endTime="2025-05-14T13:25:31.3147553Z" testType="13cdc9d9-ddb5-4fa4-a97d-d965ccfc6d4b" outcome="Passed" testListId="17f44f1d-20ce-4c1a-bf3c-067a96c1ea84" />
    <UnitTestResult executionId="93e14300-136c-4f22-8f97-de34dbb91148" testId="ac2a8978-f895-433a-b85c-5e481e33a0e2" testName="Test7059" computerName="UA-LPT-OGA2" duration="00:00:01.3570000" startTime="2025-05-14T13:20:31.3146610Z" endTime="2025-05-14T13:25:31.3147553Z" testType="13cdc9d9-ddb5-4fa4-a97d-d965ccfc6d4b" outcome="Passed" testListId="17f44f1d-20ce-4c1a-bf3c-067a96c1ea84" />
    <UnitTestResult executionId="7d4cceb1-ec59-407e-8a9d-6577d3f689d3" testId="cebd4650-89d4-4196-8dda-ab07729a981b" testName="Test7060" computerName="UA-LPT-OGA2" duration="00:00:01.1150000" startTime="2025-05-14T13:20:31.3146610Z" endTime="2025-05-14T13:25:31.3147553Z" testType="13cdc9d9-ddb5-4fa4-a97d-d965ccfc6d4b" outcome="Passed" testListId="17f44f1d-20ce-4c1a-bf3c-067a96c1ea84" />
    <UnitTestResult executionId="17f4c5db-c6d4-4fa6-a163-8ef8928048ec" testId="4bb01368-0e8b-4426-87bb-1d8eca2bb3f0" testName="Test7061" computerName="UA-LPT-OGA2" duration="00:00:00.4650000" startTime="2025-05-14T13:20:31.3146610Z" endTime="2025-05-14T13:25:31.3147553Z" testType="13cdc9d9-ddb5-4fa4-a97d-d965ccfc6d4b" outcome="Passed" testListId="17f44f1d-20ce-4c1a-bf3c-067a96c1ea84" />
    <UnitTestResult executionId="a62cabad-2d72-4aad-896b-c5d6d3e3086c" testId="0f6d4d6a-569d-4d22-a931-812dfb173c7e" testName="Test7062" computerName="UA-LPT-OGA2" duration="00:00:00.3890000" startTime="2025-05-14T13:20:31.3146610Z" endTime="2025-05-14T13:25:31.3147553Z" testType="13cdc9d9-ddb5-4fa4-a97d-d965ccfc6d4b" outcome="Passed" testListId="17f44f1d-20ce-4c1a-bf3c-067a96c1ea84" />
    <UnitTestResult executionId="0ab80521-9ce5-4f0b-a0b7-9143c4ef860c" testId="783e1c84-dd47-41e2-b686-40dd43b6fb45" testName="Test7063" computerName="UA-LPT-OGA2" duration="00:00:01.0230000" startTime="2025-05-14T13:20:31.3146610Z" endTime="2025-05-14T13:25:31.3147553Z" testType="13cdc9d9-ddb5-4fa4-a97d-d965ccfc6d4b" outcome="Passed" testListId="17f44f1d-20ce-4c1a-bf3c-067a96c1ea84" />
    <UnitTestResult executionId="d3dce15d-8a87-48f7-ad8c-fa3434610ce4" testId="cf59aaf9-0bdc-4209-88d2-19ed6b1e7b79" testName="Test7064" computerName="UA-LPT-OGA2" duration="00:00:01.5460000" startTime="2025-05-14T13:20:31.3146610Z" endTime="2025-05-14T13:25:31.3147553Z" testType="13cdc9d9-ddb5-4fa4-a97d-d965ccfc6d4b" outcome="Passed" testListId="17f44f1d-20ce-4c1a-bf3c-067a96c1ea84" />
    <UnitTestResult executionId="a02f39b6-7728-456e-9198-0d34ab17590e" testId="cce6d461-53ae-4c9c-af83-1b08f45da6b9" testName="Test7065" computerName="UA-LPT-OGA2" duration="00:00:00.3360000" startTime="2025-05-14T13:20:31.3146610Z" endTime="2025-05-14T13:25:31.3147553Z" testType="13cdc9d9-ddb5-4fa4-a97d-d965ccfc6d4b" outcome="Passed" testListId="17f44f1d-20ce-4c1a-bf3c-067a96c1ea84" />
    <UnitTestResult executionId="dfcd9c81-4bbc-4f89-b7d8-3266875d8170" testId="00d5bf6c-5617-438b-8170-b7927f033ffc" testName="Test7066" computerName="UA-LPT-OGA2" duration="00:00:00.3420000" startTime="2025-05-14T13:20:31.3146610Z" endTime="2025-05-14T13:25:31.3147553Z" testType="13cdc9d9-ddb5-4fa4-a97d-d965ccfc6d4b" outcome="Passed" testListId="17f44f1d-20ce-4c1a-bf3c-067a96c1ea84" />
    <UnitTestResult executionId="e84a5906-6202-49a7-89cf-52a831ce366f" testId="93ca6f05-362c-43b0-98dd-6117ead86ef9" testName="Test7067" computerName="UA-LPT-OGA2" duration="00:00:00.7280000" startTime="2025-05-14T13:20:31.3146610Z" endTime="2025-05-14T13:25:31.3147553Z" testType="13cdc9d9-ddb5-4fa4-a97d-d965ccfc6d4b" outcome="Failed" testListId="17f44f1d-20ce-4c1a-bf3c-067a96c1ea84">
      <Output>
        <ErrorInfo>
          <Message>Assertion failed: Expected value did not match actual value.</Message>
          <StackTrace>   at TestNamespace.TestClass.Test() in TestClass.cs:line 62</StackTrace>
        </ErrorInfo>
      </Output>
    </UnitTestResult>
    <UnitTestResult executionId="8bd279e1-252e-4e8b-a5f6-0891991e1e48" testId="083b09aa-ad3d-44df-95d3-dccc78ebec15" testName="Test7068" computerName="UA-LPT-OGA2" duration="00:00:00.8480000" startTime="2025-05-14T13:20:31.3146610Z" endTime="2025-05-14T13:25:31.3147553Z" testType="13cdc9d9-ddb5-4fa4-a97d-d965ccfc6d4b" outcome="Passed" testListId="17f44f1d-20ce-4c1a-bf3c-067a96c1ea84" />
    <UnitTestResult executionId="88e16357-dd22-416d-90e5-5e2c788592e1" testId="b94b9f95-5f45-45d2-9b95-43feef97b530" testName="Test7069" computerName="UA-LPT-OGA2" duration="00:00:01.2160000" startTime="2025-05-14T13:20:31.3146610Z" endTime="2025-05-14T13:25:31.3147553Z" testType="13cdc9d9-ddb5-4fa4-a97d-d965ccfc6d4b" outcome="Passed" testListId="17f44f1d-20ce-4c1a-bf3c-067a96c1ea84" />
    <UnitTestResult executionId="752e506d-1d6a-4e99-84b4-666d9bda5dc3" testId="e945e255-67b7-4f8f-9e34-b06f457b5d92" testName="Test7070" computerName="UA-LPT-OGA2" duration="00:00:00.8560000" startTime="2025-05-14T13:20:31.3146610Z" endTime="2025-05-14T13:25:31.3147553Z" testType="13cdc9d9-ddb5-4fa4-a97d-d965ccfc6d4b" outcome="Passed" testListId="17f44f1d-20ce-4c1a-bf3c-067a96c1ea84" />
    <UnitTestResult executionId="ff6084d8-13f5-449a-b350-7ee1bcb5333b" testId="a6de3a75-37f6-4e25-bf16-e95ed5ebdcc0" testName="Test7071" computerName="UA-LPT-OGA2" duration="00:00:00.4290000" startTime="2025-05-14T13:20:31.3146610Z" endTime="2025-05-14T13:25:31.3147553Z" testType="13cdc9d9-ddb5-4fa4-a97d-d965ccfc6d4b" outcome="Passed" testListId="17f44f1d-20ce-4c1a-bf3c-067a96c1ea84" />
    <UnitTestResult executionId="fd1ef91f-921e-4f2c-9f0d-ff79f5bc9bad" testId="926fe990-afa4-4d60-b3cd-c6d3907dc684" testName="Test7072" computerName="UA-LPT-OGA2" duration="00:00:01.5710000" startTime="2025-05-14T13:20:31.3146610Z" endTime="2025-05-14T13:25:31.3147553Z" testType="13cdc9d9-ddb5-4fa4-a97d-d965ccfc6d4b" outcome="Passed" testListId="17f44f1d-20ce-4c1a-bf3c-067a96c1ea84" />
    <UnitTestResult executionId="2b890c86-5433-46f3-bbd1-223dea3d1de0" testId="30d9bb38-17e4-4aef-87ce-5c769aa4f600" testName="Test7073" computerName="UA-LPT-OGA2" duration="00:00:01.9510000" startTime="2025-05-14T13:20:31.3146610Z" endTime="2025-05-14T13:25:31.3147553Z" testType="13cdc9d9-ddb5-4fa4-a97d-d965ccfc6d4b" outcome="Passed" testListId="17f44f1d-20ce-4c1a-bf3c-067a96c1ea84" />
    <UnitTestResult executionId="df1f462f-3317-465c-9135-b5eaa2855908" testId="8e3b358e-6d0f-4a5c-9a22-3eb912c08644" testName="Test7074" computerName="UA-LPT-OGA2" duration="00:00:00.4800000" startTime="2025-05-14T13:20:31.3146610Z" endTime="2025-05-14T13:25:31.3147553Z" testType="13cdc9d9-ddb5-4fa4-a97d-d965ccfc6d4b" outcome="Passed" testListId="17f44f1d-20ce-4c1a-bf3c-067a96c1ea84" />
    <UnitTestResult executionId="2cdc4ed9-998c-406e-9d14-406a2c3f0f54" testId="378ef0bc-8035-408d-b794-4ab957e14109" testName="Test7075" computerName="UA-LPT-OGA2" duration="00:00:01.7100000" startTime="2025-05-14T13:20:31.3146610Z" endTime="2025-05-14T13:25:31.3147553Z" testType="13cdc9d9-ddb5-4fa4-a97d-d965ccfc6d4b" outcome="Passed" testListId="17f44f1d-20ce-4c1a-bf3c-067a96c1ea84" />
    <UnitTestResult executionId="f8c7acb6-1091-4d09-b5b3-61e5c904fb41" testId="a869004e-3d93-4a91-a106-aaf687b667d7" testName="Test7076" computerName="UA-LPT-OGA2" duration="00:00:00.1880000" startTime="2025-05-14T13:20:31.3146610Z" endTime="2025-05-14T13:25:31.3147553Z" testType="13cdc9d9-ddb5-4fa4-a97d-d965ccfc6d4b" outcome="Passed" testListId="17f44f1d-20ce-4c1a-bf3c-067a96c1ea84" />
    <UnitTestResult executionId="cab01b62-54c6-4f8a-ac5f-8f4cadc2a672" testId="37b85ca8-2c72-49cf-9ce3-37a986ac949c" testName="Test7077" computerName="UA-LPT-OGA2" duration="00:00:01.7680000" startTime="2025-05-14T13:20:31.3146610Z" endTime="2025-05-14T13:25:31.3147553Z" testType="13cdc9d9-ddb5-4fa4-a97d-d965ccfc6d4b" outcome="Passed" testListId="17f44f1d-20ce-4c1a-bf3c-067a96c1ea84" />
    <UnitTestResult executionId="0b3da1f0-a51d-4cc5-be0f-d057b1413ab1" testId="b10aa06c-90a0-4749-b176-a19eaa417d5a" testName="Test7078" computerName="UA-LPT-OGA2" duration="00:00:00.1240000" startTime="2025-05-14T13:20:31.3146610Z" endTime="2025-05-14T13:25:31.3147553Z" testType="13cdc9d9-ddb5-4fa4-a97d-d965ccfc6d4b" outcome="Passed" testListId="17f44f1d-20ce-4c1a-bf3c-067a96c1ea84" />
    <UnitTestResult executionId="24237db2-bd2e-4aa0-a36f-fb15aa1753b5" testId="deaea5d2-ffb2-4ed3-8aa5-da343fa60ac1" testName="Test7079" computerName="UA-LPT-OGA2" duration="00:00:01.1130000" startTime="2025-05-14T13:20:31.3146610Z" endTime="2025-05-14T13:25:31.3147553Z" testType="13cdc9d9-ddb5-4fa4-a97d-d965ccfc6d4b" outcome="Passed" testListId="17f44f1d-20ce-4c1a-bf3c-067a96c1ea84" />
    <UnitTestResult executionId="40a6aa5b-efb2-4849-975e-ad7d4c0ac577" testId="dac8347e-c416-4a17-b4fd-a80076c35aee" testName="Test7080" computerName="UA-LPT-OGA2" duration="00:00:01.0620000" startTime="2025-05-14T13:20:31.3146610Z" endTime="2025-05-14T13:25:31.3147553Z" testType="13cdc9d9-ddb5-4fa4-a97d-d965ccfc6d4b" outcome="Passed" testListId="17f44f1d-20ce-4c1a-bf3c-067a96c1ea84" />
    <UnitTestResult executionId="6e6fb676-9856-4702-ba1b-5848d65446d9" testId="e46f5338-6795-4e37-8e45-83879dfa1727" testName="Test7081" computerName="UA-LPT-OGA2" duration="00:00:01.2880000" startTime="2025-05-14T13:20:31.3146610Z" endTime="2025-05-14T13:25:31.3147553Z" testType="13cdc9d9-ddb5-4fa4-a97d-d965ccfc6d4b" outcome="Passed" testListId="17f44f1d-20ce-4c1a-bf3c-067a96c1ea84" />
    <UnitTestResult executionId="29345e47-22c8-4d6b-97d8-11d57c3d6974" testId="509a2527-d7d2-4198-80b5-2d560425bf41" testName="Test7082" computerName="UA-LPT-OGA2" duration="00:00:01.2650000" startTime="2025-05-14T13:20:31.3146610Z" endTime="2025-05-14T13:25:31.3147553Z" testType="13cdc9d9-ddb5-4fa4-a97d-d965ccfc6d4b" outcome="Passed" testListId="17f44f1d-20ce-4c1a-bf3c-067a96c1ea84" />
    <UnitTestResult executionId="3d8baf16-e94f-4685-ba60-e7bcfed7ca17" testId="6702c16b-026b-41e9-a137-9d757266091f" testName="Test7083" computerName="UA-LPT-OGA2" duration="00:00:01.3150000" startTime="2025-05-14T13:20:31.3146610Z" endTime="2025-05-14T13:25:31.3147553Z" testType="13cdc9d9-ddb5-4fa4-a97d-d965ccfc6d4b" outcome="Passed" testListId="17f44f1d-20ce-4c1a-bf3c-067a96c1ea84" />
    <UnitTestResult executionId="f519a6ea-4be0-4360-ba23-44b6b21828dd" testId="757fbe5f-14bd-4132-98d6-6a84ba463893" testName="Test7084" computerName="UA-LPT-OGA2" duration="00:00:01.2600000" startTime="2025-05-14T13:20:31.3146610Z" endTime="2025-05-14T13:25:31.3147553Z" testType="13cdc9d9-ddb5-4fa4-a97d-d965ccfc6d4b" outcome="Passed" testListId="17f44f1d-20ce-4c1a-bf3c-067a96c1ea84" />
    <UnitTestResult executionId="7b13437f-055c-4ef0-bc59-47e2436960e1" testId="4a8acfae-2c4a-4e14-a1af-759c37c4e572" testName="Test7085" computerName="UA-LPT-OGA2" duration="00:00:00.4530000" startTime="2025-05-14T13:20:31.3146610Z" endTime="2025-05-14T13:25:31.3147553Z" testType="13cdc9d9-ddb5-4fa4-a97d-d965ccfc6d4b" outcome="Passed" testListId="17f44f1d-20ce-4c1a-bf3c-067a96c1ea84" />
    <UnitTestResult executionId="287e9f5c-5070-433d-80b0-47814bc5d6d5" testId="bbc585c1-8671-4bff-bf3c-db6d9367f111" testName="Test7086" computerName="UA-LPT-OGA2" duration="00:00:01.7870000" startTime="2025-05-14T13:20:31.3146610Z" endTime="2025-05-14T13:25:31.3147553Z" testType="13cdc9d9-ddb5-4fa4-a97d-d965ccfc6d4b" outcome="Passed" testListId="17f44f1d-20ce-4c1a-bf3c-067a96c1ea84" />
    <UnitTestResult executionId="ea532497-c627-43e8-8191-8d4ba9a3e075" testId="4e1294a6-3c4a-4411-8854-71dbd39a4861" testName="Test7087" computerName="UA-LPT-OGA2" duration="00:00:01.3540000" startTime="2025-05-14T13:20:31.3146610Z" endTime="2025-05-14T13:25:31.3147553Z" testType="13cdc9d9-ddb5-4fa4-a97d-d965ccfc6d4b" outcome="Passed" testListId="17f44f1d-20ce-4c1a-bf3c-067a96c1ea84" />
    <UnitTestResult executionId="8411c880-5b78-42ea-be46-62053b613b7e" testId="a33c0dcc-79cb-4e9b-a0df-f3ca4044a4ad" testName="Test7088" computerName="UA-LPT-OGA2" duration="00:00:00.7260000" startTime="2025-05-14T13:20:31.3146610Z" endTime="2025-05-14T13:25:31.3147553Z" testType="13cdc9d9-ddb5-4fa4-a97d-d965ccfc6d4b" outcome="Passed" testListId="17f44f1d-20ce-4c1a-bf3c-067a96c1ea84" />
    <UnitTestResult executionId="2401394f-b89b-4434-b228-7864e89b108e" testId="87578e97-7bcd-44fe-9e88-25a26ad65ca4" testName="Test7089" computerName="UA-LPT-OGA2" duration="00:00:00.2210000" startTime="2025-05-14T13:20:31.3146610Z" endTime="2025-05-14T13:25:31.3147553Z" testType="13cdc9d9-ddb5-4fa4-a97d-d965ccfc6d4b" outcome="Failed" testListId="17f44f1d-20ce-4c1a-bf3c-067a96c1ea84">
      <Output>
        <ErrorInfo>
          <Message>Assertion failed: Expected value did not match actual value.</Message>
          <StackTrace>   at TestNamespace.TestClass.Test() in TestClass.cs:line 64</StackTrace>
        </ErrorInfo>
      </Output>
    </UnitTestResult>
    <UnitTestResult executionId="b8317726-39c7-4b37-9a87-866882160c27" testId="3c453acd-7c9f-408e-bcfc-9c27a48c122b" testName="Test7090" computerName="UA-LPT-OGA2" duration="00:00:00.9840000" startTime="2025-05-14T13:20:31.3146610Z" endTime="2025-05-14T13:25:31.3147553Z" testType="13cdc9d9-ddb5-4fa4-a97d-d965ccfc6d4b" outcome="Failed" testListId="17f44f1d-20ce-4c1a-bf3c-067a96c1ea84">
      <Output>
        <ErrorInfo>
          <Message>Assertion failed: Expected value did not match actual value.</Message>
          <StackTrace>   at TestNamespace.TestClass.Test() in TestClass.cs:line 283</StackTrace>
        </ErrorInfo>
      </Output>
    </UnitTestResult>
    <UnitTestResult executionId="c5427d3f-3ca6-4282-b9de-86614104053e" testId="21b7a8db-3387-4264-8542-1f32073eeb65" testName="Test7091" computerName="UA-LPT-OGA2" duration="00:00:00.1530000" startTime="2025-05-14T13:20:31.3146610Z" endTime="2025-05-14T13:25:31.3147553Z" testType="13cdc9d9-ddb5-4fa4-a97d-d965ccfc6d4b" outcome="Failed" testListId="17f44f1d-20ce-4c1a-bf3c-067a96c1ea84">
      <Output>
        <ErrorInfo>
          <Message>Assertion failed: Expected value did not match actual value.</Message>
          <StackTrace>   at TestNamespace.TestClass.Test() in TestClass.cs:line 427</StackTrace>
        </ErrorInfo>
      </Output>
    </UnitTestResult>
    <UnitTestResult executionId="4b28c824-cbbd-4802-aaff-7577059614e0" testId="a9a227b5-7ce0-47db-860c-cfd38eec9a50" testName="Test7092" computerName="UA-LPT-OGA2" duration="00:00:01.6490000" startTime="2025-05-14T13:20:31.3146610Z" endTime="2025-05-14T13:25:31.3147553Z" testType="13cdc9d9-ddb5-4fa4-a97d-d965ccfc6d4b" outcome="Passed" testListId="17f44f1d-20ce-4c1a-bf3c-067a96c1ea84" />
    <UnitTestResult executionId="d5fbf0f4-61bc-492f-bd6c-a6db40553d7b" testId="235c94de-5fc6-46d0-a018-a9a4430eb9bc" testName="Test7093" computerName="UA-LPT-OGA2" duration="00:00:01.2610000" startTime="2025-05-14T13:20:31.3146610Z" endTime="2025-05-14T13:25:31.3147553Z" testType="13cdc9d9-ddb5-4fa4-a97d-d965ccfc6d4b" outcome="Passed" testListId="17f44f1d-20ce-4c1a-bf3c-067a96c1ea84" />
    <UnitTestResult executionId="c065fb56-3344-425c-a9c1-f1743973e679" testId="6950b251-d0f0-4647-b46c-7c8f3ec011a3" testName="Test7094" computerName="UA-LPT-OGA2" duration="00:00:00.3620000" startTime="2025-05-14T13:20:31.3146610Z" endTime="2025-05-14T13:25:31.3147553Z" testType="13cdc9d9-ddb5-4fa4-a97d-d965ccfc6d4b" outcome="Failed" testListId="17f44f1d-20ce-4c1a-bf3c-067a96c1ea84">
      <Output>
        <ErrorInfo>
          <Message>Assertion failed: Expected value did not match actual value.</Message>
          <StackTrace>   at TestNamespace.TestClass.Test() in TestClass.cs:line 306</StackTrace>
        </ErrorInfo>
      </Output>
    </UnitTestResult>
    <UnitTestResult executionId="d94efe8f-5026-43e1-af71-f536a66765f3" testId="bfdc3cb5-e249-4617-a868-8481229c55b3" testName="Test7095" computerName="UA-LPT-OGA2" duration="00:00:00.8040000" startTime="2025-05-14T13:20:31.3146610Z" endTime="2025-05-14T13:25:31.3147553Z" testType="13cdc9d9-ddb5-4fa4-a97d-d965ccfc6d4b" outcome="Failed" testListId="17f44f1d-20ce-4c1a-bf3c-067a96c1ea84">
      <Output>
        <ErrorInfo>
          <Message>Assertion failed: Expected value did not match actual value.</Message>
          <StackTrace>   at TestNamespace.TestClass.Test() in TestClass.cs:line 119</StackTrace>
        </ErrorInfo>
      </Output>
    </UnitTestResult>
    <UnitTestResult executionId="103c7b2f-b674-4c58-a3e0-0ac5e136d339" testId="dba4741e-4ae1-4f0f-a162-accf8708db7a" testName="Test7096" computerName="UA-LPT-OGA2" duration="00:00:01.1690000" startTime="2025-05-14T13:20:31.3146610Z" endTime="2025-05-14T13:25:31.3147553Z" testType="13cdc9d9-ddb5-4fa4-a97d-d965ccfc6d4b" outcome="Passed" testListId="17f44f1d-20ce-4c1a-bf3c-067a96c1ea84" />
    <UnitTestResult executionId="58479d2d-93c2-48cc-a58e-f7c1873e0ed4" testId="9d5cbf3f-dd1a-4c7d-bce5-1a711d4c7564" testName="Test7097" computerName="UA-LPT-OGA2" duration="00:00:01.6260000" startTime="2025-05-14T13:20:31.3146610Z" endTime="2025-05-14T13:25:31.3147553Z" testType="13cdc9d9-ddb5-4fa4-a97d-d965ccfc6d4b" outcome="Failed" testListId="17f44f1d-20ce-4c1a-bf3c-067a96c1ea84">
      <Output>
        <ErrorInfo>
          <Message>Assertion failed: Expected value did not match actual value.</Message>
          <StackTrace>   at TestNamespace.TestClass.Test() in TestClass.cs:line 143</StackTrace>
        </ErrorInfo>
      </Output>
    </UnitTestResult>
    <UnitTestResult executionId="5629becd-b2cd-4150-9f48-e6ac007daadd" testId="01573d6b-8a21-471d-b8d5-017b1486ae8a" testName="Test7098" computerName="UA-LPT-OGA2" duration="00:00:01.1760000" startTime="2025-05-14T13:20:31.3146610Z" endTime="2025-05-14T13:25:31.3147553Z" testType="13cdc9d9-ddb5-4fa4-a97d-d965ccfc6d4b" outcome="Passed" testListId="17f44f1d-20ce-4c1a-bf3c-067a96c1ea84" />
    <UnitTestResult executionId="e977dff6-1359-4850-90e6-121c46705b1e" testId="f2bed912-2d6a-4986-9044-55ab2ff7e219" testName="Test7099" computerName="UA-LPT-OGA2" duration="00:00:01.5220000" startTime="2025-05-14T13:20:31.3146610Z" endTime="2025-05-14T13:25:31.3147553Z" testType="13cdc9d9-ddb5-4fa4-a97d-d965ccfc6d4b" outcome="Passed" testListId="17f44f1d-20ce-4c1a-bf3c-067a96c1ea84" />
    <UnitTestResult executionId="9249522d-7e0d-48f2-b976-5acc9c6b351b" testId="9fb83a8c-4d4e-43fd-b270-533840046426" testName="Test7100" computerName="UA-LPT-OGA2" duration="00:00:00.1770000" startTime="2025-05-14T13:20:31.3146610Z" endTime="2025-05-14T13:25:31.3147553Z" testType="13cdc9d9-ddb5-4fa4-a97d-d965ccfc6d4b" outcome="Passed" testListId="17f44f1d-20ce-4c1a-bf3c-067a96c1ea84" />
  </Results>
  <TestDefinitions>
    <UnitTest name="Test7001" id="7e91d4e7-40b1-40cf-88de-0124db20f5cb" storage="TestAssembly.dll">
      <Execution id="c2fd739e-e303-49e0-8239-be2954cf3e17" />
      <TestMethod codeBase="TestAssembly.dll" className="TestNamespace.TestClass1" name="Test7001" />
    </UnitTest>
    <UnitTest name="Test7002" id="41096419-a542-4841-8da1-b4d3fe1b255c" storage="TestAssembly.dll">
      <Execution id="f5157600-acd1-4c32-a101-dec43f5496c8" />
      <TestMethod codeBase="TestAssembly.dll" className="TestNamespace.TestClass1" name="Test7002" />
    </UnitTest>
    <UnitTest name="Test7003" id="51d5e5b8-c406-42f3-8f94-94b98180d4ae" storage="TestAssembly.dll">
      <Execution id="b505165a-d332-487c-befe-ee0a586d48a5" />
      <TestMethod codeBase="TestAssembly.dll" className="TestNamespace.TestClass1" name="Test7003" />
    </UnitTest>
    <UnitTest name="Test7004" id="3d568d01-0c76-4d52-9466-03910046cf89" storage="TestAssembly.dll">
      <Execution id="e2dcbd80-4ab1-4e87-8daa-bc4f5b7b6407" />
      <TestMethod codeBase="TestAssembly.dll" className="TestNamespace.TestClass1" name="Test7004" />
    </UnitTest>
    <UnitTest name="Test7005" id="c96d64bf-6ed2-428a-861f-a9f3ff5768f6" storage="TestAssembly.dll">
      <Execution id="1d1754b0-b3e7-479f-872b-4be060ae7264" />
      <TestMethod codeBase="TestAssembly.dll" className="TestNamespace.TestClass1" name="Test7005" />
    </UnitTest>
    <UnitTest name="Test7006" id="cc26f181-a3e3-486f-9887-ccd2468a3300" storage="TestAssembly.dll">
      <Execution id="74aad59f-23c9-4001-ba25-98c94a056704" />
      <TestMethod codeBase="TestAssembly.dll" className="TestNamespace.TestClass1" name="Test7006" />
    </UnitTest>
    <UnitTest name="Test7007" id="0ea43004-76a2-43ca-b510-b17f9fdaf090" storage="TestAssembly.dll">
      <Execution id="910dd851-6ae5-412d-8101-8f60c09985fa" />
      <TestMethod codeBase="TestAssembly.dll" className="TestNamespace.TestClass1" name="Test7007" />
    </UnitTest>
    <UnitTest name="Test7008" id="d437bfb3-74ff-47ab-8123-6163d4460f3c" storage="TestAssembly.dll">
      <Execution id="af42aea6-7007-44a0-a9b6-ed24ef331616" />
      <TestMethod codeBase="TestAssembly.dll" className="TestNamespace.TestClass1" name="Test7008" />
    </UnitTest>
    <UnitTest name="Test7009" id="7b15aac7-7aca-4470-b8e4-6169c59e4f17" storage="TestAssembly.dll">
      <Execution id="202c622c-25df-43cd-875b-07d15c65f4a5" />
      <TestMethod codeBase="TestAssembly.dll" className="TestNamespace.TestClass1" name="Test7009" />
    </UnitTest>
    <UnitTest name="Test7010" id="970caea9-b695-4949-9ed7-79f4784869e7" storage="TestAssembly.dll">
      <Execution id="68cc02a1-bc75-4f2f-8ee8-3c473a1adf8b" />
      <TestMethod codeBase="TestAssembly.dll" className="TestNamespace.TestClass1" name="Test7010" />
    </UnitTest>
    <UnitTest name="Test7011" id="f0edc21d-6e8a-42d1-aca6-ac58c9599a0b" storage="TestAssembly.dll">
      <Execution id="538a6781-7857-4757-8aa6-a4bf48ff3eaf" />
      <TestMethod codeBase="TestAssembly.dll" className="TestNamespace.TestClass2" name="Test7011" />
    </UnitTest>
    <UnitTest name="Test7012" id="5647cbd5-7f28-4f53-b1a8-46e5a74ae77e" storage="TestAssembly.dll">
      <Execution id="dc11a230-e9a4-4d18-8789-fc2dff84adae" />
      <TestMethod codeBase="TestAssembly.dll" className="TestNamespace.TestClass2" name="Test7012" />
    </UnitTest>
    <UnitTest name="Test7013" id="4e3041af-3c1c-45eb-a55d-f192e107b48a" storage="TestAssembly.dll">
      <Execution id="32e54e50-031e-4fb6-8a0a-82974d812abd" />
      <TestMethod codeBase="TestAssembly.dll" className="TestNamespace.TestClass2" name="Test7013" />
    </UnitTest>
    <UnitTest name="Test7014" id="7a6df4f5-bfab-4d70-899a-5a2234acf8d3" storage="TestAssembly.dll">
      <Execution id="fe5f5d6a-ce21-490e-b984-95bd76345ded" />
      <TestMethod codeBase="TestAssembly.dll" className="TestNamespace.TestClass2" name="Test7014" />
    </UnitTest>
    <UnitTest name="Test7015" id="7302296f-7ce2-4535-9dab-14e6f822999d" storage="TestAssembly.dll">
      <Execution id="ae9f56ea-e887-4365-91a6-8d9c853332ee" />
      <TestMethod codeBase="TestAssembly.dll" className="TestNamespace.TestClass2" name="Test7015" />
    </UnitTest>
    <UnitTest name="Test7016" id="42d2f117-fe70-4625-a463-1ccaf1fadf4c" storage="TestAssembly.dll">
      <Execution id="fcbb7198-88cd-4e58-bcdf-5dbdc61f3509" />
      <TestMethod codeBase="TestAssembly.dll" className="TestNamespace.TestClass2" name="Test7016" />
    </UnitTest>
    <UnitTest name="Test7017" id="020d08c3-4fc1-4a8d-b6b4-cfafb6bc09b3" storage="TestAssembly.dll">
      <Execution id="f8abbd70-b5f0-40e6-8a21-83a70eb04895" />
      <TestMethod codeBase="TestAssembly.dll" className="TestNamespace.TestClass2" name="Test7017" />
    </UnitTest>
    <UnitTest name="Test7018" id="a6081b4d-ac8a-4feb-9a4b-94b0ccd0e958" storage="TestAssembly.dll">
      <Execution id="cc2dbbf1-48b5-4fd9-b933-c5d616b710a0" />
      <TestMethod codeBase="TestAssembly.dll" className="TestNamespace.TestClass2" name="Test7018" />
    </UnitTest>
    <UnitTest name="Test7019" id="7370b6c6-59c5-4f41-919d-0c5d241e71b3" storage="TestAssembly.dll">
      <Execution id="f35530b4-afcc-424a-9956-336a4797737a" />
      <TestMethod codeBase="TestAssembly.dll" className="TestNamespace.TestClass2" name="Test7019" />
    </UnitTest>
    <UnitTest name="Test7020" id="7e633fe5-f933-40ca-869c-1f146a93b6d4" storage="TestAssembly.dll">
      <Execution id="140d1efe-8608-4656-9448-7ca9601dbf13" />
      <TestMethod codeBase="TestAssembly.dll" className="TestNamespace.TestClass2" name="Test7020" />
    </UnitTest>
    <UnitTest name="Test7021" id="b30f9832-93e4-4f95-bb07-43b63df3da01" storage="TestAssembly.dll">
      <Execution id="0d4dfbd6-81a5-4061-9b11-f5abe927a04f" />
      <TestMethod codeBase="TestAssembly.dll" className="TestNamespace.TestClass3" name="Test7021" />
    </UnitTest>
    <UnitTest name="Test7022" id="b908f133-337f-495a-8805-e50acee773ef" storage="TestAssembly.dll">
      <Execution id="828242a5-286f-41e0-9392-01c16dfd790f" />
      <TestMethod codeBase="TestAssembly.dll" className="TestNamespace.TestClass3" name="Test7022" />
    </UnitTest>
    <UnitTest name="Test7023" id="7dd018e8-185d-46ed-bc74-bd9b0106a06a" storage="TestAssembly.dll">
      <Execution id="90d1308b-c8a9-4393-a076-0395421ebab1" />
      <TestMethod codeBase="TestAssembly.dll" className="TestNamespace.TestClass3" name="Test7023" />
    </UnitTest>
    <UnitTest name="Test7024" id="dde24c65-07ac-478a-9ee5-9793a120e991" storage="TestAssembly.dll">
      <Execution id="0c0e9bcd-7b61-4cdc-b107-5cc8f3ff0c6c" />
      <TestMethod codeBase="TestAssembly.dll" className="TestNamespace.TestClass3" name="Test7024" />
    </UnitTest>
    <UnitTest name="Test7025" id="8938e7e4-8d7d-4bd7-b818-6c9b94601825" storage="TestAssembly.dll">
      <Execution id="092dfe42-fb49-4ad4-b7b6-40e9d787ed57" />
      <TestMethod codeBase="TestAssembly.dll" className="TestNamespace.TestClass3" name="Test7025" />
    </UnitTest>
    <UnitTest name="Test7026" id="70880c15-23c5-4b8f-a8ea-b29407dbab83" storage="TestAssembly.dll">
      <Execution id="ea40bad9-e22f-4b71-bdb5-5ee1762247f2" />
      <TestMethod codeBase="TestAssembly.dll" className="TestNamespace.TestClass3" name="Test7026" />
    </UnitTest>
    <UnitTest name="Test7027" id="58b9f6a5-99b2-4ec0-9d78-4043e99ed354" storage="TestAssembly.dll">
      <Execution id="b85e7f58-bd29-4a70-b206-0f6d740c816f" />
      <TestMethod codeBase="TestAssembly.dll" className="TestNamespace.TestClass3" name="Test7027" />
    </UnitTest>
    <UnitTest name="Test7028" id="ca8a17a1-1289-4a7e-81e7-b9dfb9d0bf5e" storage="TestAssembly.dll">
      <Execution id="24e7ea42-4d47-4d17-b145-da5c0f7660e5" />
      <TestMethod codeBase="TestAssembly.dll" className="TestNamespace.TestClass3" name="Test7028" />
    </UnitTest>
    <UnitTest name="Test7029" id="8530c3cd-124d-4831-a5c8-84b3682e4286" storage="TestAssembly.dll">
      <Execution id="84c27435-1795-4306-9a17-3516801b7007" />
      <TestMethod codeBase="TestAssembly.dll" className="TestNamespace.TestClass3" name="Test7029" />
    </UnitTest>
    <UnitTest name="Test7030" id="825ed690-b0fd-4087-a5da-7630c509a438" storage="TestAssembly.dll">
      <Execution id="f0ba753e-9321-46a6-8396-70b191da4b80" />
      <TestMethod codeBase="TestAssembly.dll" className="TestNamespace.TestClass3" name="Test7030" />
    </UnitTest>
    <UnitTest name="Test7031" id="4c8a4dd3-33e1-4da4-b66b-b02bb7383793" storage="TestAssembly.dll">
      <Execution id="c6908871-02ab-4cb0-8411-3649fe32bf7a" />
      <TestMethod codeBase="TestAssembly.dll" className="TestNamespace.TestClass4" name="Test7031" />
    </UnitTest>
    <UnitTest name="Test7032" id="7f427f78-a068-43f7-b192-b67caa69df58" storage="TestAssembly.dll">
      <Execution id="e8e0b2ba-f60a-47c7-af4f-2ce090004d0d" />
      <TestMethod codeBase="TestAssembly.dll" className="TestNamespace.TestClass4" name="Test7032" />
    </UnitTest>
    <UnitTest name="Test7033" id="826d1472-ae3d-4fae-b318-4f3bfae1c607" storage="TestAssembly.dll">
      <Execution id="9d349b84-f3f4-4c03-8302-6bc07b17bff7" />
      <TestMethod codeBase="TestAssembly.dll" className="TestNamespace.TestClass4" name="Test7033" />
    </UnitTest>
    <UnitTest name="Test7034" id="e3ca4b6a-cfaf-4609-9ad4-f55a650cd9d3" storage="TestAssembly.dll">
      <Execution id="2dc4fc78-42e9-4e73-be74-4df76d500e12" />
      <TestMethod codeBase="TestAssembly.dll" className="TestNamespace.TestClass4" name="Test7034" />
    </UnitTest>
    <UnitTest name="Test7035" id="01adabbc-1574-4100-8127-cf02815341c4" storage="TestAssembly.dll">
      <Execution id="ef203479-5d9b-4857-985f-6e009c9146f2" />
      <TestMethod codeBase="TestAssembly.dll" className="TestNamespace.TestClass4" name="Test7035" />
    </UnitTest>
    <UnitTest name="Test7036" id="6887226d-0e68-4394-82a1-ea411c746409" storage="TestAssembly.dll">
      <Execution id="f351424c-291b-49d0-bd84-a302dc1c26cf" />
      <TestMethod codeBase="TestAssembly.dll" className="TestNamespace.TestClass4" name="Test7036" />
    </UnitTest>
    <UnitTest name="Test7037" id="22ecbdf1-db4f-4880-a77a-a3a7719b941a" storage="TestAssembly.dll">
      <Execution id="84352281-92d6-4972-a7b7-cbaa7503dcf9" />
      <TestMethod codeBase="TestAssembly.dll" className="TestNamespace.TestClass4" name="Test7037" />
    </UnitTest>
    <UnitTest name="Test7038" id="842fe65a-36a5-4e0a-8a59-8c2daf241c58" storage="TestAssembly.dll">
      <Execution id="464572de-daa4-4ef0-bf81-2e27710b1ac9" />
      <TestMethod codeBase="TestAssembly.dll" className="TestNamespace.TestClass4" name="Test7038" />
    </UnitTest>
    <UnitTest name="Test7039" id="654f61d5-38bb-489a-8d57-38d6ee9ee95d" storage="TestAssembly.dll">
      <Execution id="a53a5d69-20fc-4fb9-8f75-f28f24a25449" />
      <TestMethod codeBase="TestAssembly.dll" className="TestNamespace.TestClass4" name="Test7039" />
    </UnitTest>
    <UnitTest name="Test7040" id="63e9f99d-bcab-46a3-93df-bcad77d4a091" storage="TestAssembly.dll">
      <Execution id="b2384cc3-0461-4359-9f25-d0057aec78c9" />
      <TestMethod codeBase="TestAssembly.dll" className="TestNamespace.TestClass4" name="Test7040" />
    </UnitTest>
    <UnitTest name="Test7041" id="50deee85-f763-4a28-9dbc-499d81a0a225" storage="TestAssembly.dll">
      <Execution id="de03896f-8ded-4a92-9fa2-6a22f95d5f06" />
      <TestMethod codeBase="TestAssembly.dll" className="TestNamespace.TestClass5" name="Test7041" />
    </UnitTest>
    <UnitTest name="Test7042" id="d7fa9056-4bc0-4f7d-b04c-91e6899fd734" storage="TestAssembly.dll">
      <Execution id="3c402463-2a0e-4d12-be41-bfcc9d615b1a" />
      <TestMethod codeBase="TestAssembly.dll" className="TestNamespace.TestClass5" name="Test7042" />
    </UnitTest>
    <UnitTest name="Test7043" id="94a05741-7026-4fd3-a24c-02bf52592473" storage="TestAssembly.dll">
      <Execution id="b186282a-fcaa-46bf-b83f-35ef0a8710da" />
      <TestMethod codeBase="TestAssembly.dll" className="TestNamespace.TestClass5" name="Test7043" />
    </UnitTest>
    <UnitTest name="Test7044" id="0429c02a-285a-4de8-9e30-db648a95ed76" storage="TestAssembly.dll">
      <Execution id="008431da-7134-4860-83ad-cf2bdc8cee5a" />
      <TestMethod codeBase="TestAssembly.dll" className="TestNamespace.TestClass5" name="Test7044" />
    </UnitTest>
    <UnitTest name="Test7045" id="fb587614-969e-4fd6-8b8e-8fa0e9e5743e" storage="TestAssembly.dll">
      <Execution id="66e6f302-4567-4822-97c6-244738ea4a0f" />
      <TestMethod codeBase="TestAssembly.dll" className="TestNamespace.TestClass5" name="Test7045" />
    </UnitTest>
    <UnitTest name="Test7046" id="514c5bef-52b2-4f34-9c25-84e7310b9a29" storage="TestAssembly.dll">
      <Execution id="2ea88ab0-b1e9-4f2b-90f7-13cdc7708841" />
      <TestMethod codeBase="TestAssembly.dll" className="TestNamespace.TestClass5" name="Test7046" />
    </UnitTest>
    <UnitTest name="Test7047" id="6be84bb3-78dc-422c-a6ce-ede1eee24945" storage="TestAssembly.dll">
      <Execution id="d7eb94ef-2cce-4256-ab44-86deef6f8871" />
      <TestMethod codeBase="TestAssembly.dll" className="TestNamespace.TestClass5" name="Test7047" />
    </UnitTest>
    <UnitTest name="Test7048" id="b98bdf3f-6b6c-4add-81cb-fb367d5437a4" storage="TestAssembly.dll">
      <Execution id="9d8f92be-c522-4316-96d6-228403756b40" />
      <TestMethod codeBase="TestAssembly.dll" className="TestNamespace.TestClass5" name="Test7048" />
    </UnitTest>
    <UnitTest name="Test7049" id="1c64743d-581d-4254-810e-73f5f192b067" storage="TestAssembly.dll">
      <Execution id="c3f093b6-5ca2-4e21-aa35-c4bd84671f03" />
      <TestMethod codeBase="TestAssembly.dll" className="TestNamespace.TestClass5" name="Test7049" />
    </UnitTest>
    <UnitTest name="Test7050" id="ba048ea7-8134-4a5f-89ef-16f7db084b5c" storage="TestAssembly.dll">
      <Execution id="fa4c1570-1cd9-4540-82e1-f3b01de59983" />
      <TestMethod codeBase="TestAssembly.dll" className="TestNamespace.TestClass5" name="Test7050" />
    </UnitTest>
    <UnitTest name="Test7051" id="c2599d87-656e-4557-824c-ba0bde87b7ae" storage="TestAssembly.dll">
      <Execution id="84f08066-4feb-40e8-955d-d1d08e335ca5" />
      <TestMethod codeBase="TestAssembly.dll" className="TestNamespace.TestClass6" name="Test7051" />
    </UnitTest>
    <UnitTest name="Test7052" id="ac1929f9-8ac1-4bed-b6fd-b98910f68e29" storage="TestAssembly.dll">
      <Execution id="b0677ccb-0596-469b-8c9e-d4d9a82ea72b" />
      <TestMethod codeBase="TestAssembly.dll" className="TestNamespace.TestClass6" name="Test7052" />
    </UnitTest>
    <UnitTest name="Test7053" id="f0df92f8-6ee4-4d30-902f-cf228a09fd80" storage="TestAssembly.dll">
      <Execution id="543942f7-b763-4d51-81f4-016ca7c66d17" />
      <TestMethod codeBase="TestAssembly.dll" className="TestNamespace.TestClass6" name="Test7053" />
    </UnitTest>
    <UnitTest name="Test7054" id="33ac2947-7201-4f8c-86f6-164545ebcf3a" storage="TestAssembly.dll">
      <Execution id="419bf995-3f78-4a41-9b22-a807b9caadf6" />
      <TestMethod codeBase="TestAssembly.dll" className="TestNamespace.TestClass6" name="Test7054" />
    </UnitTest>
    <UnitTest name="Test7055" id="4fb43491-6392-4a94-ad69-1afd1412f8bd" storage="TestAssembly.dll">
      <Execution id="7857b0ca-f101-47c5-86be-a0a48430854d" />
      <TestMethod codeBase="TestAssembly.dll" className="TestNamespace.TestClass6" name="Test7055" />
    </UnitTest>
    <UnitTest name="Test7056" id="e07c4f68-b076-4e04-bcd6-b76c4435fa76" storage="TestAssembly.dll">
      <Execution id="3377b0f5-6481-4fb4-863b-0fbc42d92547" />
      <TestMethod codeBase="TestAssembly.dll" className="TestNamespace.TestClass6" name="Test7056" />
    </UnitTest>
    <UnitTest name="Test7057" id="f5a85b90-3a52-4ddf-98ae-a296d9dab1f9" storage="TestAssembly.dll">
      <Execution id="75d94e8d-b9a6-4ae4-8cdd-c0474db10a0c" />
      <TestMethod codeBase="TestAssembly.dll" className="TestNamespace.TestClass6" name="Test7057" />
    </UnitTest>
    <UnitTest name="Test7058" id="c2bd0ec8-c567-4da3-8f62-14ce1c0f0bab" storage="TestAssembly.dll">
      <Execution id="cb1e794d-10e5-408f-94e2-90fbdbbf9c80" />
      <TestMethod codeBase="TestAssembly.dll" className="TestNamespace.TestClass6" name="Test7058" />
    </UnitTest>
    <UnitTest name="Test7059" id="ac2a8978-f895-433a-b85c-5e481e33a0e2" storage="TestAssembly.dll">
      <Execution id="93e14300-136c-4f22-8f97-de34dbb91148" />
      <TestMethod codeBase="TestAssembly.dll" className="TestNamespace.TestClass6" name="Test7059" />
    </UnitTest>
    <UnitTest name="Test7060" id="cebd4650-89d4-4196-8dda-ab07729a981b" storage="TestAssembly.dll">
      <Execution id="7d4cceb1-ec59-407e-8a9d-6577d3f689d3" />
      <TestMethod codeBase="TestAssembly.dll" className="TestNamespace.TestClass6" name="Test7060" />
    </UnitTest>
    <UnitTest name="Test7061" id="4bb01368-0e8b-4426-87bb-1d8eca2bb3f0" storage="TestAssembly.dll">
      <Execution id="17f4c5db-c6d4-4fa6-a163-8ef8928048ec" />
      <TestMethod codeBase="TestAssembly.dll" className="TestNamespace.TestClass7" name="Test7061" />
    </UnitTest>
    <UnitTest name="Test7062" id="0f6d4d6a-569d-4d22-a931-812dfb173c7e" storage="TestAssembly.dll">
      <Execution id="a62cabad-2d72-4aad-896b-c5d6d3e3086c" />
      <TestMethod codeBase="TestAssembly.dll" className="TestNamespace.TestClass7" name="Test7062" />
    </UnitTest>
    <UnitTest name="Test7063" id="783e1c84-dd47-41e2-b686-40dd43b6fb45" storage="TestAssembly.dll">
      <Execution id="0ab80521-9ce5-4f0b-a0b7-9143c4ef860c" />
      <TestMethod codeBase="TestAssembly.dll" className="TestNamespace.TestClass7" name="Test7063" />
    </UnitTest>
    <UnitTest name="Test7064" id="cf59aaf9-0bdc-4209-88d2-19ed6b1e7b79" storage="TestAssembly.dll">
      <Execution id="d3dce15d-8a87-48f7-ad8c-fa3434610ce4" />
      <TestMethod codeBase="TestAssembly.dll" className="TestNamespace.TestClass7" name="Test7064" />
    </UnitTest>
    <UnitTest name="Test7065" id="cce6d461-53ae-4c9c-af83-1b08f45da6b9" storage="TestAssembly.dll">
      <Execution id="a02f39b6-7728-456e-9198-0d34ab17590e" />
      <TestMethod codeBase="TestAssembly.dll" className="TestNamespace.TestClass7" name="Test7065" />
    </UnitTest>
    <UnitTest name="Test7066" id="00d5bf6c-5617-438b-8170-b7927f033ffc" storage="TestAssembly.dll">
      <Execution id="dfcd9c81-4bbc-4f89-b7d8-3266875d8170" />
      <TestMethod codeBase="TestAssembly.dll" className="TestNamespace.TestClass7" name="Test7066" />
    </UnitTest>
    <UnitTest name="Test7067" id="93ca6f05-362c-43b0-98dd-6117ead86ef9" storage="TestAssembly.dll">
      <Execution id="e84a5906-6202-49a7-89cf-52a831ce366f" />
      <TestMethod codeBase="TestAssembly.dll" className="TestNamespace.TestClass7" name="Test7067" />
    </UnitTest>
    <UnitTest name="Test7068" id="083b09aa-ad3d-44df-95d3-dccc78ebec15" storage="TestAssembly.dll">
      <Execution id="8bd279e1-252e-4e8b-a5f6-0891991e1e48" />
      <TestMethod codeBase="TestAssembly.dll" className="TestNamespace.TestClass7" name="Test7068" />
    </UnitTest>
    <UnitTest name="Test7069" id="b94b9f95-5f45-45d2-9b95-43feef97b530" storage="TestAssembly.dll">
      <Execution id="88e16357-dd22-416d-90e5-5e2c788592e1" />
      <TestMethod codeBase="TestAssembly.dll" className="TestNamespace.TestClass7" name="Test7069" />
    </UnitTest>
    <UnitTest name="Test7070" id="e945e255-67b7-4f8f-9e34-b06f457b5d92" storage="TestAssembly.dll">
      <Execution id="752e506d-1d6a-4e99-84b4-666d9bda5dc3" />
      <TestMethod codeBase="TestAssembly.dll" className="TestNamespace.TestClass7" name="Test7070" />
    </UnitTest>
    <UnitTest name="Test7071" id="a6de3a75-37f6-4e25-bf16-e95ed5ebdcc0" storage="TestAssembly.dll">
      <Execution id="ff6084d8-13f5-449a-b350-7ee1bcb5333b" />
      <TestMethod codeBase="TestAssembly.dll" className="TestNamespace.TestClass8" name="Test7071" />
    </UnitTest>
    <UnitTest name="Test7072" id="926fe990-afa4-4d60-b3cd-c6d3907dc684" storage="TestAssembly.dll">
      <Execution id="fd1ef91f-921e-4f2c-9f0d-ff79f5bc9bad" />
      <TestMethod codeBase="TestAssembly.dll" className="TestNamespace.TestClass8" name="Test7072" />
    </UnitTest>
    <UnitTest name="Test7073" id="30d9bb38-17e4-4aef-87ce-5c769aa4f600" storage="TestAssembly.dll">
      <Execution id="2b890c86-5433-46f3-bbd1-223dea3d1de0" />
      <TestMethod codeBase="TestAssembly.dll" className="TestNamespace.TestClass8" name="Test7073" />
    </UnitTest>
    <UnitTest name="Test7074" id="8e3b358e-6d0f-4a5c-9a22-3eb912c08644" storage="TestAssembly.dll">
      <Execution id="df1f462f-3317-465c-9135-b5eaa2855908" />
      <TestMethod codeBase="TestAssembly.dll" className="TestNamespace.TestClass8" name="Test7074" />
    </UnitTest>
    <UnitTest name="Test7075" id="378ef0bc-8035-408d-b794-4ab957e14109" storage="TestAssembly.dll">
      <Execution id="2cdc4ed9-998c-406e-9d14-406a2c3f0f54" />
      <TestMethod codeBase="TestAssembly.dll" className="TestNamespace.TestClass8" name="Test7075" />
    </UnitTest>
    <UnitTest name="Test7076" id="a869004e-3d93-4a91-a106-aaf687b667d7" storage="TestAssembly.dll">
      <Execution id="f8c7acb6-1091-4d09-b5b3-61e5c904fb41" />
      <TestMethod codeBase="TestAssembly.dll" className="TestNamespace.TestClass8" name="Test7076" />
    </UnitTest>
    <UnitTest name="Test7077" id="37b85ca8-2c72-49cf-9ce3-37a986ac949c" storage="TestAssembly.dll">
      <Execution id="cab01b62-54c6-4f8a-ac5f-8f4cadc2a672" />
      <TestMethod codeBase="TestAssembly.dll" className="TestNamespace.TestClass8" name="Test7077" />
    </UnitTest>
    <UnitTest name="Test7078" id="b10aa06c-90a0-4749-b176-a19eaa417d5a" storage="TestAssembly.dll">
      <Execution id="0b3da1f0-a51d-4cc5-be0f-d057b1413ab1" />
      <TestMethod codeBase="TestAssembly.dll" className="TestNamespace.TestClass8" name="Test7078" />
    </UnitTest>
    <UnitTest name="Test7079" id="deaea5d2-ffb2-4ed3-8aa5-da343fa60ac1" storage="TestAssembly.dll">
      <Execution id="24237db2-bd2e-4aa0-a36f-fb15aa1753b5" />
      <TestMethod codeBase="TestAssembly.dll" className="TestNamespace.TestClass8" name="Test7079" />
    </UnitTest>
    <UnitTest name="Test7080" id="dac8347e-c416-4a17-b4fd-a80076c35aee" storage="TestAssembly.dll">
      <Execution id="40a6aa5b-efb2-4849-975e-ad7d4c0ac577" />
      <TestMethod codeBase="TestAssembly.dll" className="TestNamespace.TestClass8" name="Test7080" />
    </UnitTest>
    <UnitTest name="Test7081" id="e46f5338-6795-4e37-8e45-83879dfa1727" storage="TestAssembly.dll">
      <Execution id="6e6fb676-9856-4702-ba1b-5848d65446d9" />
      <TestMethod codeBase="TestAssembly.dll" className="TestNamespace.TestClass9" name="Test7081" />
    </UnitTest>
    <UnitTest name="Test7082" id="509a2527-d7d2-4198-80b5-2d560425bf41" storage="TestAssembly.dll">
      <Execution id="29345e47-22c8-4d6b-97d8-11d57c3d6974" />
      <TestMethod codeBase="TestAssembly.dll" className="TestNamespace.TestClass9" name="Test7082" />
    </UnitTest>
    <UnitTest name="Test7083" id="6702c16b-026b-41e9-a137-9d757266091f" storage="TestAssembly.dll">
      <Execution id="3d8baf16-e94f-4685-ba60-e7bcfed7ca17" />
      <TestMethod codeBase="TestAssembly.dll" className="TestNamespace.TestClass9" name="Test7083" />
    </UnitTest>
    <UnitTest name="Test7084" id="757fbe5f-14bd-4132-98d6-6a84ba463893" storage="TestAssembly.dll">
      <Execution id="f519a6ea-4be0-4360-ba23-44b6b21828dd" />
      <TestMethod codeBase="TestAssembly.dll" className="TestNamespace.TestClass9" name="Test7084" />
    </UnitTest>
    <UnitTest name="Test7085" id="4a8acfae-2c4a-4e14-a1af-759c37c4e572" storage="TestAssembly.dll">
      <Execution id="7b13437f-055c-4ef0-bc59-47e2436960e1" />
      <TestMethod codeBase="TestAssembly.dll" className="TestNamespace.TestClass9" name="Test7085" />
    </UnitTest>
    <UnitTest name="Test7086" id="bbc585c1-8671-4bff-bf3c-db6d9367f111" storage="TestAssembly.dll">
      <Execution id="287e9f5c-5070-433d-80b0-47814bc5d6d5" />
      <TestMethod codeBase="TestAssembly.dll" className="TestNamespace.TestClass9" name="Test7086" />
    </UnitTest>
    <UnitTest name="Test7087" id="4e1294a6-3c4a-4411-8854-71dbd39a4861" storage="TestAssembly.dll">
      <Execution id="ea532497-c627-43e8-8191-8d4ba9a3e075" />
      <TestMethod codeBase="TestAssembly.dll" className="TestNamespace.TestClass9" name="Test7087" />
    </UnitTest>
    <UnitTest name="Test7088" id="a33c0dcc-79cb-4e9b-a0df-f3ca4044a4ad" storage="TestAssembly.dll">
      <Execution id="8411c880-5b78-42ea-be46-62053b613b7e" />
      <TestMethod codeBase="TestAssembly.dll" className="TestNamespace.TestClass9" name="Test7088" />
    </UnitTest>
    <UnitTest name="Test7089" id="87578e97-7bcd-44fe-9e88-25a26ad65ca4" storage="TestAssembly.dll">
      <Execution id="2401394f-b89b-4434-b228-7864e89b108e" />
      <TestMethod codeBase="TestAssembly.dll" className="TestNamespace.TestClass9" name="Test7089" />
    </UnitTest>
    <UnitTest name="Test7090" id="3c453acd-7c9f-408e-bcfc-9c27a48c122b" storage="TestAssembly.dll">
      <Execution id="b8317726-39c7-4b37-9a87-866882160c27" />
      <TestMethod codeBase="TestAssembly.dll" className="TestNamespace.TestClass9" name="Test7090" />
    </UnitTest>
    <UnitTest name="Test7091" id="21b7a8db-3387-4264-8542-1f32073eeb65" storage="TestAssembly.dll">
      <Execution id="c5427d3f-3ca6-4282-b9de-86614104053e" />
      <TestMethod codeBase="TestAssembly.dll" className="TestNamespace.TestClass10" name="Test7091" />
    </UnitTest>
    <UnitTest name="Test7092" id="a9a227b5-7ce0-47db-860c-cfd38eec9a50" storage="TestAssembly.dll">
      <Execution id="4b28c824-cbbd-4802-aaff-7577059614e0" />
      <TestMethod codeBase="TestAssembly.dll" className="TestNamespace.TestClass10" name="Test7092" />
    </UnitTest>
    <UnitTest name="Test7093" id="235c94de-5fc6-46d0-a018-a9a4430eb9bc" storage="TestAssembly.dll">
      <Execution id="d5fbf0f4-61bc-492f-bd6c-a6db40553d7b" />
      <TestMethod codeBase="TestAssembly.dll" className="TestNamespace.TestClass10" name="Test7093" />
    </UnitTest>
    <UnitTest name="Test7094" id="6950b251-d0f0-4647-b46c-7c8f3ec011a3" storage="TestAssembly.dll">
      <Execution id="c065fb56-3344-425c-a9c1-f1743973e679" />
      <TestMethod codeBase="TestAssembly.dll" className="TestNamespace.TestClass10" name="Test7094" />
    </UnitTest>
    <UnitTest name="Test7095" id="bfdc3cb5-e249-4617-a868-8481229c55b3" storage="TestAssembly.dll">
      <Execution id="d94efe8f-5026-43e1-af71-f536a66765f3" />
      <TestMethod codeBase="TestAssembly.dll" className="TestNamespace.TestClass10" name="Test7095" />
    </UnitTest>
    <UnitTest name="Test7096" id="dba4741e-4ae1-4f0f-a162-accf8708db7a" storage="TestAssembly.dll">
      <Execution id="103c7b2f-b674-4c58-a3e0-0ac5e136d339" />
      <TestMethod codeBase="TestAssembly.dll" className="TestNamespace.TestClass10" name="Test7096" />
    </UnitTest>
    <UnitTest name="Test7097" id="9d5cbf3f-dd1a-4c7d-bce5-1a711d4c7564" storage="TestAssembly.dll">
      <Execution id="58479d2d-93c2-48cc-a58e-f7c1873e0ed4" />
      <TestMethod codeBase="TestAssembly.dll" className="TestNamespace.TestClass10" name="Test7097" />
    </UnitTest>
    <UnitTest name="Test7098" id="01573d6b-8a21-471d-b8d5-017b1486ae8a" storage="TestAssembly.dll">
      <Execution id="5629becd-b2cd-4150-9f48-e6ac007daadd" />
      <TestMethod codeBase="TestAssembly.dll" className="TestNamespace.TestClass10" name="Test7098" />
    </UnitTest>
    <UnitTest name="Test7099" id="f2bed912-2d6a-4986-9044-55ab2ff7e219" storage="TestAssembly.dll">
      <Execution id="e977dff6-1359-4850-90e6-121c46705b1e" />
      <TestMethod codeBase="TestAssembly.dll" className="TestNamespace.TestClass10" name="Test7099" />
    </UnitTest>
    <UnitTest name="Test7100" id="9fb83a8c-4d4e-43fd-b270-533840046426" storage="TestAssembly.dll">
      <Execution id="9249522d-7e0d-48f2-b976-5acc9c6b351b" />
      <TestMethod codeBase="TestAssembly.dll" className="TestNamespace.TestClass10" name="Test7100" />
    </UnitTest>
  </TestDefinitions>
  <TestEntries>
    <TestEntry testId="7e91d4e7-40b1-40cf-88de-0124db20f5cb" executionId="c2fd739e-e303-49e0-8239-be2954cf3e17" testListId="17f44f1d-20ce-4c1a-bf3c-067a96c1ea84" />
    <TestEntry testId="41096419-a542-4841-8da1-b4d3fe1b255c" executionId="f5157600-acd1-4c32-a101-dec43f5496c8" testListId="17f44f1d-20ce-4c1a-bf3c-067a96c1ea84" />
    <TestEntry testId="51d5e5b8-c406-42f3-8f94-94b98180d4ae" executionId="b505165a-d332-487c-befe-ee0a586d48a5" testListId="17f44f1d-20ce-4c1a-bf3c-067a96c1ea84" />
    <TestEntry testId="3d568d01-0c76-4d52-9466-03910046cf89" executionId="e2dcbd80-4ab1-4e87-8daa-bc4f5b7b6407" testListId="17f44f1d-20ce-4c1a-bf3c-067a96c1ea84" />
    <TestEntry testId="c96d64bf-6ed2-428a-861f-a9f3ff5768f6" executionId="1d1754b0-b3e7-479f-872b-4be060ae7264" testListId="17f44f1d-20ce-4c1a-bf3c-067a96c1ea84" />
    <TestEntry testId="cc26f181-a3e3-486f-9887-ccd2468a3300" executionId="74aad59f-23c9-4001-ba25-98c94a056704" testListId="17f44f1d-20ce-4c1a-bf3c-067a96c1ea84" />
    <TestEntry testId="0ea43004-76a2-43ca-b510-b17f9fdaf090" executionId="910dd851-6ae5-412d-8101-8f60c09985fa" testListId="17f44f1d-20ce-4c1a-bf3c-067a96c1ea84" />
    <TestEntry testId="d437bfb3-74ff-47ab-8123-6163d4460f3c" executionId="af42aea6-7007-44a0-a9b6-ed24ef331616" testListId="17f44f1d-20ce-4c1a-bf3c-067a96c1ea84" />
    <TestEntry testId="7b15aac7-7aca-4470-b8e4-6169c59e4f17" executionId="202c622c-25df-43cd-875b-07d15c65f4a5" testListId="17f44f1d-20ce-4c1a-bf3c-067a96c1ea84" />
    <TestEntry testId="970caea9-b695-4949-9ed7-79f4784869e7" executionId="68cc02a1-bc75-4f2f-8ee8-3c473a1adf8b" testListId="17f44f1d-20ce-4c1a-bf3c-067a96c1ea84" />
    <TestEntry testId="f0edc21d-6e8a-42d1-aca6-ac58c9599a0b" executionId="538a6781-7857-4757-8aa6-a4bf48ff3eaf" testListId="17f44f1d-20ce-4c1a-bf3c-067a96c1ea84" />
    <TestEntry testId="5647cbd5-7f28-4f53-b1a8-46e5a74ae77e" executionId="dc11a230-e9a4-4d18-8789-fc2dff84adae" testListId="17f44f1d-20ce-4c1a-bf3c-067a96c1ea84" />
    <TestEntry testId="4e3041af-3c1c-45eb-a55d-f192e107b48a" executionId="32e54e50-031e-4fb6-8a0a-82974d812abd" testListId="17f44f1d-20ce-4c1a-bf3c-067a96c1ea84" />
    <TestEntry testId="7a6df4f5-bfab-4d70-899a-5a2234acf8d3" executionId="fe5f5d6a-ce21-490e-b984-95bd76345ded" testListId="17f44f1d-20ce-4c1a-bf3c-067a96c1ea84" />
    <TestEntry testId="7302296f-7ce2-4535-9dab-14e6f822999d" executionId="ae9f56ea-e887-4365-91a6-8d9c853332ee" testListId="17f44f1d-20ce-4c1a-bf3c-067a96c1ea84" />
    <TestEntry testId="42d2f117-fe70-4625-a463-1ccaf1fadf4c" executionId="fcbb7198-88cd-4e58-bcdf-5dbdc61f3509" testListId="17f44f1d-20ce-4c1a-bf3c-067a96c1ea84" />
    <TestEntry testId="020d08c3-4fc1-4a8d-b6b4-cfafb6bc09b3" executionId="f8abbd70-b5f0-40e6-8a21-83a70eb04895" testListId="17f44f1d-20ce-4c1a-bf3c-067a96c1ea84" />
    <TestEntry testId="a6081b4d-ac8a-4feb-9a4b-94b0ccd0e958" executionId="cc2dbbf1-48b5-4fd9-b933-c5d616b710a0" testListId="17f44f1d-20ce-4c1a-bf3c-067a96c1ea84" />
    <TestEntry testId="7370b6c6-59c5-4f41-919d-0c5d241e71b3" executionId="f35530b4-afcc-424a-9956-336a4797737a" testListId="17f44f1d-20ce-4c1a-bf3c-067a96c1ea84" />
    <TestEntry testId="7e633fe5-f933-40ca-869c-1f146a93b6d4" executionId="140d1efe-8608-4656-9448-7ca9601dbf13" testListId="17f44f1d-20ce-4c1a-bf3c-067a96c1ea84" />
    <TestEntry testId="b30f9832-93e4-4f95-bb07-43b63df3da01" executionId="0d4dfbd6-81a5-4061-9b11-f5abe927a04f" testListId="17f44f1d-20ce-4c1a-bf3c-067a96c1ea84" />
    <TestEntry testId="b908f133-337f-495a-8805-e50acee773ef" executionId="828242a5-286f-41e0-9392-01c16dfd790f" testListId="17f44f1d-20ce-4c1a-bf3c-067a96c1ea84" />
    <TestEntry testId="7dd018e8-185d-46ed-bc74-bd9b0106a06a" executionId="90d1308b-c8a9-4393-a076-0395421ebab1" testListId="17f44f1d-20ce-4c1a-bf3c-067a96c1ea84" />
    <TestEntry testId="dde24c65-07ac-478a-9ee5-9793a120e991" executionId="0c0e9bcd-7b61-4cdc-b107-5cc8f3ff0c6c" testListId="17f44f1d-20ce-4c1a-bf3c-067a96c1ea84" />
    <TestEntry testId="8938e7e4-8d7d-4bd7-b818-6c9b94601825" executionId="092dfe42-fb49-4ad4-b7b6-40e9d787ed57" testListId="17f44f1d-20ce-4c1a-bf3c-067a96c1ea84" />
    <TestEntry testId="70880c15-23c5-4b8f-a8ea-b29407dbab83" executionId="ea40bad9-e22f-4b71-bdb5-5ee1762247f2" testListId="17f44f1d-20ce-4c1a-bf3c-067a96c1ea84" />
    <TestEntry testId="58b9f6a5-99b2-4ec0-9d78-4043e99ed354" executionId="b85e7f58-bd29-4a70-b206-0f6d740c816f" testListId="17f44f1d-20ce-4c1a-bf3c-067a96c1ea84" />
    <TestEntry testId="ca8a17a1-1289-4a7e-81e7-b9dfb9d0bf5e" executionId="24e7ea42-4d47-4d17-b145-da5c0f7660e5" testListId="17f44f1d-20ce-4c1a-bf3c-067a96c1ea84" />
    <TestEntry testId="8530c3cd-124d-4831-a5c8-84b3682e4286" executionId="84c27435-1795-4306-9a17-3516801b7007" testListId="17f44f1d-20ce-4c1a-bf3c-067a96c1ea84" />
    <TestEntry testId="825ed690-b0fd-4087-a5da-7630c509a438" executionId="f0ba753e-9321-46a6-8396-70b191da4b80" testListId="17f44f1d-20ce-4c1a-bf3c-067a96c1ea84" />
    <TestEntry testId="4c8a4dd3-33e1-4da4-b66b-b02bb7383793" executionId="c6908871-02ab-4cb0-8411-3649fe32bf7a" testListId="17f44f1d-20ce-4c1a-bf3c-067a96c1ea84" />
    <TestEntry testId="7f427f78-a068-43f7-b192-b67caa69df58" executionId="e8e0b2ba-f60a-47c7-af4f-2ce090004d0d" testListId="17f44f1d-20ce-4c1a-bf3c-067a96c1ea84" />
    <TestEntry testId="826d1472-ae3d-4fae-b318-4f3bfae1c607" executionId="9d349b84-f3f4-4c03-8302-6bc07b17bff7" testListId="17f44f1d-20ce-4c1a-bf3c-067a96c1ea84" />
    <TestEntry testId="e3ca4b6a-cfaf-4609-9ad4-f55a650cd9d3" executionId="2dc4fc78-42e9-4e73-be74-4df76d500e12" testListId="17f44f1d-20ce-4c1a-bf3c-067a96c1ea84" />
    <TestEntry testId="01adabbc-1574-4100-8127-cf02815341c4" executionId="ef203479-5d9b-4857-985f-6e009c9146f2" testListId="17f44f1d-20ce-4c1a-bf3c-067a96c1ea84" />
    <TestEntry testId="6887226d-0e68-4394-82a1-ea411c746409" executionId="f351424c-291b-49d0-bd84-a302dc1c26cf" testListId="17f44f1d-20ce-4c1a-bf3c-067a96c1ea84" />
    <TestEntry testId="22ecbdf1-db4f-4880-a77a-a3a7719b941a" executionId="84352281-92d6-4972-a7b7-cbaa7503dcf9" testListId="17f44f1d-20ce-4c1a-bf3c-067a96c1ea84" />
    <TestEntry testId="842fe65a-36a5-4e0a-8a59-8c2daf241c58" executionId="464572de-daa4-4ef0-bf81-2e27710b1ac9" testListId="17f44f1d-20ce-4c1a-bf3c-067a96c1ea84" />
    <TestEntry testId="654f61d5-38bb-489a-8d57-38d6ee9ee95d" executionId="a53a5d69-20fc-4fb9-8f75-f28f24a25449" testListId="17f44f1d-20ce-4c1a-bf3c-067a96c1ea84" />
    <TestEntry testId="63e9f99d-bcab-46a3-93df-bcad77d4a091" executionId="b2384cc3-0461-4359-9f25-d0057aec78c9" testListId="17f44f1d-20ce-4c1a-bf3c-067a96c1ea84" />
    <TestEntry testId="50deee85-f763-4a28-9dbc-499d81a0a225" executionId="de03896f-8ded-4a92-9fa2-6a22f95d5f06" testListId="17f44f1d-20ce-4c1a-bf3c-067a96c1ea84" />
    <TestEntry testId="d7fa9056-4bc0-4f7d-b04c-91e6899fd734" executionId="3c402463-2a0e-4d12-be41-bfcc9d615b1a" testListId="17f44f1d-20ce-4c1a-bf3c-067a96c1ea84" />
    <TestEntry testId="94a05741-7026-4fd3-a24c-02bf52592473" executionId="b186282a-fcaa-46bf-b83f-35ef0a8710da" testListId="17f44f1d-20ce-4c1a-bf3c-067a96c1ea84" />
    <TestEntry testId="0429c02a-285a-4de8-9e30-db648a95ed76" executionId="008431da-7134-4860-83ad-cf2bdc8cee5a" testListId="17f44f1d-20ce-4c1a-bf3c-067a96c1ea84" />
    <TestEntry testId="fb587614-969e-4fd6-8b8e-8fa0e9e5743e" executionId="66e6f302-4567-4822-97c6-244738ea4a0f" testListId="17f44f1d-20ce-4c1a-bf3c-067a96c1ea84" />
    <TestEntry testId="514c5bef-52b2-4f34-9c25-84e7310b9a29" executionId="2ea88ab0-b1e9-4f2b-90f7-13cdc7708841" testListId="17f44f1d-20ce-4c1a-bf3c-067a96c1ea84" />
    <TestEntry testId="6be84bb3-78dc-422c-a6ce-ede1eee24945" executionId="d7eb94ef-2cce-4256-ab44-86deef6f8871" testListId="17f44f1d-20ce-4c1a-bf3c-067a96c1ea84" />
    <TestEntry testId="b98bdf3f-6b6c-4add-81cb-fb367d5437a4" executionId="9d8f92be-c522-4316-96d6-228403756b40" testListId="17f44f1d-20ce-4c1a-bf3c-067a96c1ea84" />
    <TestEntry testId="1c64743d-581d-4254-810e-73f5f192b067" executionId="c3f093b6-5ca2-4e21-aa35-c4bd84671f03" testListId="17f44f1d-20ce-4c1a-bf3c-067a96c1ea84" />
    <TestEntry testId="ba048ea7-8134-4a5f-89ef-16f7db084b5c" executionId="fa4c1570-1cd9-4540-82e1-f3b01de59983" testListId="17f44f1d-20ce-4c1a-bf3c-067a96c1ea84" />
    <TestEntry testId="c2599d87-656e-4557-824c-ba0bde87b7ae" executionId="84f08066-4feb-40e8-955d-d1d08e335ca5" testListId="17f44f1d-20ce-4c1a-bf3c-067a96c1ea84" />
    <TestEntry testId="ac1929f9-8ac1-4bed-b6fd-b98910f68e29" executionId="b0677ccb-0596-469b-8c9e-d4d9a82ea72b" testListId="17f44f1d-20ce-4c1a-bf3c-067a96c1ea84" />
    <TestEntry testId="f0df92f8-6ee4-4d30-902f-cf228a09fd80" executionId="543942f7-b763-4d51-81f4-016ca7c66d17" testListId="17f44f1d-20ce-4c1a-bf3c-067a96c1ea84" />
    <TestEntry testId="33ac2947-7201-4f8c-86f6-164545ebcf3a" executionId="419bf995-3f78-4a41-9b22-a807b9caadf6" testListId="17f44f1d-20ce-4c1a-bf3c-067a96c1ea84" />
    <TestEntry testId="4fb43491-6392-4a94-ad69-1afd1412f8bd" executionId="7857b0ca-f101-47c5-86be-a0a48430854d" testListId="17f44f1d-20ce-4c1a-bf3c-067a96c1ea84" />
    <TestEntry testId="e07c4f68-b076-4e04-bcd6-b76c4435fa76" executionId="3377b0f5-6481-4fb4-863b-0fbc42d92547" testListId="17f44f1d-20ce-4c1a-bf3c-067a96c1ea84" />
    <TestEntry testId="f5a85b90-3a52-4ddf-98ae-a296d9dab1f9" executionId="75d94e8d-b9a6-4ae4-8cdd-c0474db10a0c" testListId="17f44f1d-20ce-4c1a-bf3c-067a96c1ea84" />
    <TestEntry testId="c2bd0ec8-c567-4da3-8f62-14ce1c0f0bab" executionId="cb1e794d-10e5-408f-94e2-90fbdbbf9c80" testListId="17f44f1d-20ce-4c1a-bf3c-067a96c1ea84" />
    <TestEntry testId="ac2a8978-f895-433a-b85c-5e481e33a0e2" executionId="93e14300-136c-4f22-8f97-de34dbb91148" testListId="17f44f1d-20ce-4c1a-bf3c-067a96c1ea84" />
    <TestEntry testId="cebd4650-89d4-4196-8dda-ab07729a981b" executionId="7d4cceb1-ec59-407e-8a9d-6577d3f689d3" testListId="17f44f1d-20ce-4c1a-bf3c-067a96c1ea84" />
    <TestEntry testId="4bb01368-0e8b-4426-87bb-1d8eca2bb3f0" executionId="17f4c5db-c6d4-4fa6-a163-8ef8928048ec" testListId="17f44f1d-20ce-4c1a-bf3c-067a96c1ea84" />
    <TestEntry testId="0f6d4d6a-569d-4d22-a931-812dfb173c7e" executionId="a62cabad-2d72-4aad-896b-c5d6d3e3086c" testListId="17f44f1d-20ce-4c1a-bf3c-067a96c1ea84" />
    <TestEntry testId="783e1c84-dd47-41e2-b686-40dd43b6fb45" executionId="0ab80521-9ce5-4f0b-a0b7-9143c4ef860c" testListId="17f44f1d-20ce-4c1a-bf3c-067a96c1ea84" />
    <TestEntry testId="cf59aaf9-0bdc-4209-88d2-19ed6b1e7b79" executionId="d3dce15d-8a87-48f7-ad8c-fa3434610ce4" testListId="17f44f1d-20ce-4c1a-bf3c-067a96c1ea84" />
    <TestEntry testId="cce6d461-53ae-4c9c-af83-1b08f45da6b9" executionId="a02f39b6-7728-456e-9198-0d34ab17590e" testListId="17f44f1d-20ce-4c1a-bf3c-067a96c1ea84" />
    <TestEntry testId="00d5bf6c-5617-438b-8170-b7927f033ffc" executionId="dfcd9c81-4bbc-4f89-b7d8-3266875d8170" testListId="17f44f1d-20ce-4c1a-bf3c-067a96c1ea84" />
    <TestEntry testId="93ca6f05-362c-43b0-98dd-6117ead86ef9" executionId="e84a5906-6202-49a7-89cf-52a831ce366f" testListId="17f44f1d-20ce-4c1a-bf3c-067a96c1ea84" />
    <TestEntry testId="083b09aa-ad3d-44df-95d3-dccc78ebec15" executionId="8bd279e1-252e-4e8b-a5f6-0891991e1e48" testListId="17f44f1d-20ce-4c1a-bf3c-067a96c1ea84" />
    <TestEntry testId="b94b9f95-5f45-45d2-9b95-43feef97b530" executionId="88e16357-dd22-416d-90e5-5e2c788592e1" testListId="17f44f1d-20ce-4c1a-bf3c-067a96c1ea84" />
    <TestEntry testId="e945e255-67b7-4f8f-9e34-b06f457b5d92" executionId="752e506d-1d6a-4e99-84b4-666d9bda5dc3" testListId="17f44f1d-20ce-4c1a-bf3c-067a96c1ea84" />
    <TestEntry testId="a6de3a75-37f6-4e25-bf16-e95ed5ebdcc0" executionId="ff6084d8-13f5-449a-b350-7ee1bcb5333b" testListId="17f44f1d-20ce-4c1a-bf3c-067a96c1ea84" />
    <TestEntry testId="926fe990-afa4-4d60-b3cd-c6d3907dc684" executionId="fd1ef91f-921e-4f2c-9f0d-ff79f5bc9bad" testListId="17f44f1d-20ce-4c1a-bf3c-067a96c1ea84" />
    <TestEntry testId="30d9bb38-17e4-4aef-87ce-5c769aa4f600" executionId="2b890c86-5433-46f3-bbd1-223dea3d1de0" testListId="17f44f1d-20ce-4c1a-bf3c-067a96c1ea84" />
    <TestEntry testId="8e3b358e-6d0f-4a5c-9a22-3eb912c08644" executionId="df1f462f-3317-465c-9135-b5eaa2855908" testListId="17f44f1d-20ce-4c1a-bf3c-067a96c1ea84" />
    <TestEntry testId="378ef0bc-8035-408d-b794-4ab957e14109" executionId="2cdc4ed9-998c-406e-9d14-406a2c3f0f54" testListId="17f44f1d-20ce-4c1a-bf3c-067a96c1ea84" />
    <TestEntry testId="a869004e-3d93-4a91-a106-aaf687b667d7" executionId="f8c7acb6-1091-4d09-b5b3-61e5c904fb41" testListId="17f44f1d-20ce-4c1a-bf3c-067a96c1ea84" />
    <TestEntry testId="37b85ca8-2c72-49cf-9ce3-37a986ac949c" executionId="cab01b62-54c6-4f8a-ac5f-8f4cadc2a672" testListId="17f44f1d-20ce-4c1a-bf3c-067a96c1ea84" />
    <TestEntry testId="b10aa06c-90a0-4749-b176-a19eaa417d5a" executionId="0b3da1f0-a51d-4cc5-be0f-d057b1413ab1" testListId="17f44f1d-20ce-4c1a-bf3c-067a96c1ea84" />
    <TestEntry testId="deaea5d2-ffb2-4ed3-8aa5-da343fa60ac1" executionId="24237db2-bd2e-4aa0-a36f-fb15aa1753b5" testListId="17f44f1d-20ce-4c1a-bf3c-067a96c1ea84" />
    <TestEntry testId="dac8347e-c416-4a17-b4fd-a80076c35aee" executionId="40a6aa5b-efb2-4849-975e-ad7d4c0ac577" testListId="17f44f1d-20ce-4c1a-bf3c-067a96c1ea84" />
    <TestEntry testId="e46f5338-6795-4e37-8e45-83879dfa1727" executionId="6e6fb676-9856-4702-ba1b-5848d65446d9" testListId="17f44f1d-20ce-4c1a-bf3c-067a96c1ea84" />
    <TestEntry testId="509a2527-d7d2-4198-80b5-2d560425bf41" executionId="29345e47-22c8-4d6b-97d8-11d57c3d6974" testListId="17f44f1d-20ce-4c1a-bf3c-067a96c1ea84" />
    <TestEntry testId="6702c16b-026b-41e9-a137-9d757266091f" executionId="3d8baf16-e94f-4685-ba60-e7bcfed7ca17" testListId="17f44f1d-20ce-4c1a-bf3c-067a96c1ea84" />
    <TestEntry testId="757fbe5f-14bd-4132-98d6-6a84ba463893" executionId="f519a6ea-4be0-4360-ba23-44b6b21828dd" testListId="17f44f1d-20ce-4c1a-bf3c-067a96c1ea84" />
    <TestEntry testId="4a8acfae-2c4a-4e14-a1af-759c37c4e572" executionId="7b13437f-055c-4ef0-bc59-47e2436960e1" testListId="17f44f1d-20ce-4c1a-bf3c-067a96c1ea84" />
    <TestEntry testId="bbc585c1-8671-4bff-bf3c-db6d9367f111" executionId="287e9f5c-5070-433d-80b0-47814bc5d6d5" testListId="17f44f1d-20ce-4c1a-bf3c-067a96c1ea84" />
    <TestEntry testId="4e1294a6-3c4a-4411-8854-71dbd39a4861" executionId="ea532497-c627-43e8-8191-8d4ba9a3e075" testListId="17f44f1d-20ce-4c1a-bf3c-067a96c1ea84" />
    <TestEntry testId="a33c0dcc-79cb-4e9b-a0df-f3ca4044a4ad" executionId="8411c880-5b78-42ea-be46-62053b613b7e" testListId="17f44f1d-20ce-4c1a-bf3c-067a96c1ea84" />
    <TestEntry testId="87578e97-7bcd-44fe-9e88-25a26ad65ca4" executionId="2401394f-b89b-4434-b228-7864e89b108e" testListId="17f44f1d-20ce-4c1a-bf3c-067a96c1ea84" />
    <TestEntry testId="3c453acd-7c9f-408e-bcfc-9c27a48c122b" executionId="b8317726-39c7-4b37-9a87-866882160c27" testListId="17f44f1d-20ce-4c1a-bf3c-067a96c1ea84" />
    <TestEntry testId="21b7a8db-3387-4264-8542-1f32073eeb65" executionId="c5427d3f-3ca6-4282-b9de-86614104053e" testListId="17f44f1d-20ce-4c1a-bf3c-067a96c1ea84" />
    <TestEntry testId="a9a227b5-7ce0-47db-860c-cfd38eec9a50" executionId="4b28c824-cbbd-4802-aaff-7577059614e0" testListId="17f44f1d-20ce-4c1a-bf3c-067a96c1ea84" />
    <TestEntry testId="235c94de-5fc6-46d0-a018-a9a4430eb9bc" executionId="d5fbf0f4-61bc-492f-bd6c-a6db40553d7b" testListId="17f44f1d-20ce-4c1a-bf3c-067a96c1ea84" />
    <TestEntry testId="6950b251-d0f0-4647-b46c-7c8f3ec011a3" executionId="c065fb56-3344-425c-a9c1-f1743973e679" testListId="17f44f1d-20ce-4c1a-bf3c-067a96c1ea84" />
    <TestEntry testId="bfdc3cb5-e249-4617-a868-8481229c55b3" executionId="d94efe8f-5026-43e1-af71-f536a66765f3" testListId="17f44f1d-20ce-4c1a-bf3c-067a96c1ea84" />
    <TestEntry testId="dba4741e-4ae1-4f0f-a162-accf8708db7a" executionId="103c7b2f-b674-4c58-a3e0-0ac5e136d339" testListId="17f44f1d-20ce-4c1a-bf3c-067a96c1ea84" />
    <TestEntry testId="9d5cbf3f-dd1a-4c7d-bce5-1a711d4c7564" executionId="58479d2d-93c2-48cc-a58e-f7c1873e0ed4" testListId="17f44f1d-20ce-4c1a-bf3c-067a96c1ea84" />
    <TestEntry testId="01573d6b-8a21-471d-b8d5-017b1486ae8a" executionId="5629becd-b2cd-4150-9f48-e6ac007daadd" testListId="17f44f1d-20ce-4c1a-bf3c-067a96c1ea84" />
    <TestEntry testId="f2bed912-2d6a-4986-9044-55ab2ff7e219" executionId="e977dff6-1359-4850-90e6-121c46705b1e" testListId="17f44f1d-20ce-4c1a-bf3c-067a96c1ea84" />
    <TestEntry testId="9fb83a8c-4d4e-43fd-b270-533840046426" executionId="9249522d-7e0d-48f2-b976-5acc9c6b351b" testListId="17f44f1d-20ce-4c1a-bf3c-067a96c1ea84" />
  </TestEntries>
  <TestLists>
    <TestList name="Results Not in a List" id="17f44f1d-20ce-4c1a-bf3c-067a96c1ea84" />
    <TestList name="All Loaded Results" id="d1e654e4-dde6-4cac-ab28-d8a3a92adda7" />
  </TestLists>
</TestRun>