<?xml version="1.0" encoding="UTF-8"?>
<TestRun id="844aba2d-b02c-4098-b92c-971e675f3785" name="Test Run 93" runUser="Oles Galatsan" xmlns="http://microsoft.com/schemas/VisualStudio/TeamTest/2010">
  <Times creation="2025-05-14T13:20:31.3125482Z" queuing="2025-05-14T13:20:31.3125482Z" start="2025-05-14T13:20:31.3146610Z" finish="2025-05-14T13:25:31.3147553Z" />
  <TestSettings name="Test Settings 93" id="36561851-6a77-49c7-b81a-557c77915785" />
  <Results>
    <UnitTestResult executionId="2e950f2a-6e6c-47f0-9fe4-2a7f445e878b" testId="73cdf86d-dbb0-4295-8f2e-7baeb9a032e9" testName="Test9201" computerName="UA-LPT-OGA2" duration="00:00:01.0850000" startTime="2025-05-14T13:20:31.3146610Z" endTime="2025-05-14T13:25:31.3147553Z" testType="13cdc9d9-ddb5-4fa4-a97d-d965ccfc6d4b" outcome="Passed" testListId="4eda7ac0-25b1-4f2e-9c4b-f56aa44a401b" />
    <UnitTestResult executionId="cb3699c6-aed4-4f72-8650-0939567d09b1" testId="d0dec326-8cae-4ac2-8c88-c889fc3010f1" testName="Test9202" computerName="UA-LPT-OGA2" duration="00:00:01.0870000" startTime="2025-05-14T13:20:31.3146610Z" endTime="2025-05-14T13:25:31.3147553Z" testType="13cdc9d9-ddb5-4fa4-a97d-d965ccfc6d4b" outcome="Passed" testListId="4eda7ac0-25b1-4f2e-9c4b-f56aa44a401b" />
    <UnitTestResult executionId="7bf11a82-8cbd-42e7-a41b-99013e9f36ec" testId="745e4467-e69e-4cd8-9137-4b04c49e7222" testName="Test9203" computerName="UA-LPT-OGA2" duration="00:00:00.1470000" startTime="2025-05-14T13:20:31.3146610Z" endTime="2025-05-14T13:25:31.3147553Z" testType="13cdc9d9-ddb5-4fa4-a97d-d965ccfc6d4b" outcome="Passed" testListId="4eda7ac0-25b1-4f2e-9c4b-f56aa44a401b" />
    <UnitTestResult executionId="ba72b960-56a4-457a-80b3-f5ea0ef4fb39" testId="fced1ddf-fc29-4963-8ba7-48d07a53149c" testName="Test9204" computerName="UA-LPT-OGA2" duration="00:00:00.6950000" startTime="2025-05-14T13:20:31.3146610Z" endTime="2025-05-14T13:25:31.3147553Z" testType="13cdc9d9-ddb5-4fa4-a97d-d965ccfc6d4b" outcome="Failed" testListId="4eda7ac0-25b1-4f2e-9c4b-f56aa44a401b">
      <Output>
        <ErrorInfo>
          <Message>Assertion failed: Expected value did not match actual value.</Message>
          <StackTrace>   at TestNamespace.TestClass.Test() in TestClass.cs:line 238</StackTrace>
        </ErrorInfo>
      </Output>
    </UnitTestResult>
    <UnitTestResult executionId="890abb65-80e4-4912-8f94-32b9216861dc" testId="750742db-9ccb-43ad-97a5-d7e43affa8cc" testName="Test9205" computerName="UA-LPT-OGA2" duration="00:00:00.3720000" startTime="2025-05-14T13:20:31.3146610Z" endTime="2025-05-14T13:25:31.3147553Z" testType="13cdc9d9-ddb5-4fa4-a97d-d965ccfc6d4b" outcome="Passed" testListId="4eda7ac0-25b1-4f2e-9c4b-f56aa44a401b" />
    <UnitTestResult executionId="5ff1ccbd-5102-40fd-804d-dd6bc3257e6d" testId="774f53d2-5ed7-4029-a577-bc9b554311df" testName="Test9206" computerName="UA-LPT-OGA2" duration="00:00:01.8270000" startTime="2025-05-14T13:20:31.3146610Z" endTime="2025-05-14T13:25:31.3147553Z" testType="13cdc9d9-ddb5-4fa4-a97d-d965ccfc6d4b" outcome="Passed" testListId="4eda7ac0-25b1-4f2e-9c4b-f56aa44a401b" />
    <UnitTestResult executionId="bbe5f76e-9283-40d3-ac38-f3e816c171b9" testId="b450fd3a-ef2c-4068-8116-7dfd55deb26b" testName="Test9207" computerName="UA-LPT-OGA2" duration="00:00:00.8510000" startTime="2025-05-14T13:20:31.3146610Z" endTime="2025-05-14T13:25:31.3147553Z" testType="13cdc9d9-ddb5-4fa4-a97d-d965ccfc6d4b" outcome="Passed" testListId="4eda7ac0-25b1-4f2e-9c4b-f56aa44a401b" />
    <UnitTestResult executionId="d2ec6e08-b1f0-4bf2-89bd-b57436b0bdf3" testId="039fe1c9-01a6-47f2-90b8-10f77dc49e96" testName="Test9208" computerName="UA-LPT-OGA2" duration="00:00:01.9890000" startTime="2025-05-14T13:20:31.3146610Z" endTime="2025-05-14T13:25:31.3147553Z" testType="13cdc9d9-ddb5-4fa4-a97d-d965ccfc6d4b" outcome="Passed" testListId="4eda7ac0-25b1-4f2e-9c4b-f56aa44a401b" />
    <UnitTestResult executionId="38a75773-b458-4c8b-ad29-ec3a91976104" testId="442af14d-6519-4c24-aeae-f7b42c2256b8" testName="Test9209" computerName="UA-LPT-OGA2" duration="00:00:01.5280000" startTime="2025-05-14T13:20:31.3146610Z" endTime="2025-05-14T13:25:31.3147553Z" testType="13cdc9d9-ddb5-4fa4-a97d-d965ccfc6d4b" outcome="Passed" testListId="4eda7ac0-25b1-4f2e-9c4b-f56aa44a401b" />
    <UnitTestResult executionId="d1e14ddb-0e00-44e1-9854-c145e291aa01" testId="30c5b000-0441-4562-ad38-4c7873955a87" testName="Test9210" computerName="UA-LPT-OGA2" duration="00:00:00.6950000" startTime="2025-05-14T13:20:31.3146610Z" endTime="2025-05-14T13:25:31.3147553Z" testType="13cdc9d9-ddb5-4fa4-a97d-d965ccfc6d4b" outcome="Passed" testListId="4eda7ac0-25b1-4f2e-9c4b-f56aa44a401b" />
    <UnitTestResult executionId="1f06890e-4058-4461-8231-be26b4e8b88c" testId="232f9f39-6a20-4bbc-a6be-7a0680d4c88e" testName="Test9211" computerName="UA-LPT-OGA2" duration="00:00:01.1950000" startTime="2025-05-14T13:20:31.3146610Z" endTime="2025-05-14T13:25:31.3147553Z" testType="13cdc9d9-ddb5-4fa4-a97d-d965ccfc6d4b" outcome="Passed" testListId="4eda7ac0-25b1-4f2e-9c4b-f56aa44a401b" />
    <UnitTestResult executionId="774580bc-4ef5-49f6-9ccf-0cd7071b3c2f" testId="a2128a21-d288-4d28-a58a-2c0fafc79cb4" testName="Test9212" computerName="UA-LPT-OGA2" duration="00:00:00.9410000" startTime="2025-05-14T13:20:31.3146610Z" endTime="2025-05-14T13:25:31.3147553Z" testType="13cdc9d9-ddb5-4fa4-a97d-d965ccfc6d4b" outcome="Passed" testListId="4eda7ac0-25b1-4f2e-9c4b-f56aa44a401b" />
    <UnitTestResult executionId="e90cbee3-ae09-4de7-a0f3-a2b4ea66f6cc" testId="2d9a94d3-839a-4a83-9552-cbdb77b541b7" testName="Test9213" computerName="UA-LPT-OGA2" duration="00:00:01.4760000" startTime="2025-05-14T13:20:31.3146610Z" endTime="2025-05-14T13:25:31.3147553Z" testType="13cdc9d9-ddb5-4fa4-a97d-d965ccfc6d4b" outcome="Passed" testListId="4eda7ac0-25b1-4f2e-9c4b-f56aa44a401b" />
    <UnitTestResult executionId="5384cfd7-ed18-4956-8ef7-cd048da6a5ad" testId="1fd13c9a-ea8d-479c-96ea-99e638618862" testName="Test9214" computerName="UA-LPT-OGA2" duration="00:00:01.9280000" startTime="2025-05-14T13:20:31.3146610Z" endTime="2025-05-14T13:25:31.3147553Z" testType="13cdc9d9-ddb5-4fa4-a97d-d965ccfc6d4b" outcome="Passed" testListId="4eda7ac0-25b1-4f2e-9c4b-f56aa44a401b" />
    <UnitTestResult executionId="e72d36ed-1efa-44c4-961c-e355d952fcc3" testId="fa13ff89-6f13-4d20-b2d2-6cfba09643d9" testName="Test9215" computerName="UA-LPT-OGA2" duration="00:00:01.9000000" startTime="2025-05-14T13:20:31.3146610Z" endTime="2025-05-14T13:25:31.3147553Z" testType="13cdc9d9-ddb5-4fa4-a97d-d965ccfc6d4b" outcome="Passed" testListId="4eda7ac0-25b1-4f2e-9c4b-f56aa44a401b" />
    <UnitTestResult executionId="7b6b2346-7347-4eda-8078-3a01fafc4280" testId="790f42c0-c20a-4b5c-98aa-c28dab2094c4" testName="Test9216" computerName="UA-LPT-OGA2" duration="00:00:00.8470000" startTime="2025-05-14T13:20:31.3146610Z" endTime="2025-05-14T13:25:31.3147553Z" testType="13cdc9d9-ddb5-4fa4-a97d-d965ccfc6d4b" outcome="Passed" testListId="4eda7ac0-25b1-4f2e-9c4b-f56aa44a401b" />
    <UnitTestResult executionId="f66c0db5-df9e-4966-b3ee-1565af26e137" testId="1c6553df-b206-4e50-8ef7-baddc90961c9" testName="Test9217" computerName="UA-LPT-OGA2" duration="00:00:01.8650000" startTime="2025-05-14T13:20:31.3146610Z" endTime="2025-05-14T13:25:31.3147553Z" testType="13cdc9d9-ddb5-4fa4-a97d-d965ccfc6d4b" outcome="Passed" testListId="4eda7ac0-25b1-4f2e-9c4b-f56aa44a401b" />
    <UnitTestResult executionId="db7469f2-7b22-40b1-a794-227aaf4bd3db" testId="9bf0d2a3-57b2-4284-be6a-815c7cade19b" testName="Test9218" computerName="UA-LPT-OGA2" duration="00:00:01.7870000" startTime="2025-05-14T13:20:31.3146610Z" endTime="2025-05-14T13:25:31.3147553Z" testType="13cdc9d9-ddb5-4fa4-a97d-d965ccfc6d4b" outcome="Passed" testListId="4eda7ac0-25b1-4f2e-9c4b-f56aa44a401b" />
    <UnitTestResult executionId="f7aad53d-6559-4411-b010-d6d815bd2d30" testId="ce69793b-e691-4e6c-94d3-b33aed9bb142" testName="Test9219" computerName="UA-LPT-OGA2" duration="00:00:01.2060000" startTime="2025-05-14T13:20:31.3146610Z" endTime="2025-05-14T13:25:31.3147553Z" testType="13cdc9d9-ddb5-4fa4-a97d-d965ccfc6d4b" outcome="Passed" testListId="4eda7ac0-25b1-4f2e-9c4b-f56aa44a401b" />
    <UnitTestResult executionId="78312ba1-4593-4566-baae-473e7e8f2503" testId="6ca4a4ba-0e16-41dc-804a-71846dc6422e" testName="Test9220" computerName="UA-LPT-OGA2" duration="00:00:00.7750000" startTime="2025-05-14T13:20:31.3146610Z" endTime="2025-05-14T13:25:31.3147553Z" testType="13cdc9d9-ddb5-4fa4-a97d-d965ccfc6d4b" outcome="Passed" testListId="4eda7ac0-25b1-4f2e-9c4b-f56aa44a401b" />
    <UnitTestResult executionId="bce0b2a1-ce62-4da7-a5d8-56bcc4492455" testId="94ef5a48-7a26-436f-b329-6febfd8d9471" testName="Test9221" computerName="UA-LPT-OGA2" duration="00:00:00.5990000" startTime="2025-05-14T13:20:31.3146610Z" endTime="2025-05-14T13:25:31.3147553Z" testType="13cdc9d9-ddb5-4fa4-a97d-d965ccfc6d4b" outcome="Passed" testListId="4eda7ac0-25b1-4f2e-9c4b-f56aa44a401b" />
    <UnitTestResult executionId="9efcf4aa-f90f-4067-8188-a88ba67c766b" testId="38951921-6b20-4f75-940f-b18d083e889a" testName="Test9222" computerName="UA-LPT-OGA2" duration="00:00:01.6020000" startTime="2025-05-14T13:20:31.3146610Z" endTime="2025-05-14T13:25:31.3147553Z" testType="13cdc9d9-ddb5-4fa4-a97d-d965ccfc6d4b" outcome="Passed" testListId="4eda7ac0-25b1-4f2e-9c4b-f56aa44a401b" />
    <UnitTestResult executionId="3eed75a3-c053-409e-a1e1-bceee6032b1c" testId="d4707908-e319-49b8-84c4-18ec21b1581d" testName="Test9223" computerName="UA-LPT-OGA2" duration="00:00:00.4250000" startTime="2025-05-14T13:20:31.3146610Z" endTime="2025-05-14T13:25:31.3147553Z" testType="13cdc9d9-ddb5-4fa4-a97d-d965ccfc6d4b" outcome="Passed" testListId="4eda7ac0-25b1-4f2e-9c4b-f56aa44a401b" />
    <UnitTestResult executionId="08f5014a-5a87-4d48-b2ae-4fbc1807afd0" testId="e47ba15a-da4a-45c1-9ada-7af64ab071bd" testName="Test9224" computerName="UA-LPT-OGA2" duration="00:00:00.1610000" startTime="2025-05-14T13:20:31.3146610Z" endTime="2025-05-14T13:25:31.3147553Z" testType="13cdc9d9-ddb5-4fa4-a97d-d965ccfc6d4b" outcome="Passed" testListId="4eda7ac0-25b1-4f2e-9c4b-f56aa44a401b" />
    <UnitTestResult executionId="0e227136-e287-4d71-a59e-400047dbd216" testId="eeab6de9-a285-403d-932d-f4da6253e1f1" testName="Test9225" computerName="UA-LPT-OGA2" duration="00:00:00.5870000" startTime="2025-05-14T13:20:31.3146610Z" endTime="2025-05-14T13:25:31.3147553Z" testType="13cdc9d9-ddb5-4fa4-a97d-d965ccfc6d4b" outcome="Failed" testListId="4eda7ac0-25b1-4f2e-9c4b-f56aa44a401b">
      <Output>
        <ErrorInfo>
          <Message>Assertion failed: Expected value did not match actual value.</Message>
          <StackTrace>   at TestNamespace.TestClass.Test() in TestClass.cs:line 218</StackTrace>
        </ErrorInfo>
      </Output>
    </UnitTestResult>
    <UnitTestResult executionId="00f20776-0e93-4f05-acfa-8da330a737f9" testId="663fc5ea-f5b3-45ea-8da7-426f5d4442cc" testName="Test9226" computerName="UA-LPT-OGA2" duration="00:00:00.4040000" startTime="2025-05-14T13:20:31.3146610Z" endTime="2025-05-14T13:25:31.3147553Z" testType="13cdc9d9-ddb5-4fa4-a97d-d965ccfc6d4b" outcome="Passed" testListId="4eda7ac0-25b1-4f2e-9c4b-f56aa44a401b" />
    <UnitTestResult executionId="64ee9f42-4171-4a1b-8c74-2046219a6dbb" testId="1a144930-efdb-4e6f-9485-a7ad2e0301cc" testName="Test9227" computerName="UA-LPT-OGA2" duration="00:00:01.2740000" startTime="2025-05-14T13:20:31.3146610Z" endTime="2025-05-14T13:25:31.3147553Z" testType="13cdc9d9-ddb5-4fa4-a97d-d965ccfc6d4b" outcome="Passed" testListId="4eda7ac0-25b1-4f2e-9c4b-f56aa44a401b" />
    <UnitTestResult executionId="2afeeada-b83d-4f64-84b3-fdb60d51560d" testId="f0ce337e-751d-49fb-8ab2-6dd8e6fc54a7" testName="Test9228" computerName="UA-LPT-OGA2" duration="00:00:01.4470000" startTime="2025-05-14T13:20:31.3146610Z" endTime="2025-05-14T13:25:31.3147553Z" testType="13cdc9d9-ddb5-4fa4-a97d-d965ccfc6d4b" outcome="Passed" testListId="4eda7ac0-25b1-4f2e-9c4b-f56aa44a401b" />
    <UnitTestResult executionId="1962fb41-137e-4a0a-98cc-8da80b73ff83" testId="81fed689-00a8-49c2-b37b-c2242304c592" testName="Test9229" computerName="UA-LPT-OGA2" duration="00:00:01.3150000" startTime="2025-05-14T13:20:31.3146610Z" endTime="2025-05-14T13:25:31.3147553Z" testType="13cdc9d9-ddb5-4fa4-a97d-d965ccfc6d4b" outcome="Passed" testListId="4eda7ac0-25b1-4f2e-9c4b-f56aa44a401b" />
    <UnitTestResult executionId="423d09d3-01bf-4f18-9cc0-2656dc639a9a" testId="2b0357b4-c0e2-4433-ae69-dc717931a1d6" testName="Test9230" computerName="UA-LPT-OGA2" duration="00:00:00.3500000" startTime="2025-05-14T13:20:31.3146610Z" endTime="2025-05-14T13:25:31.3147553Z" testType="13cdc9d9-ddb5-4fa4-a97d-d965ccfc6d4b" outcome="Passed" testListId="4eda7ac0-25b1-4f2e-9c4b-f56aa44a401b" />
    <UnitTestResult executionId="edd74435-1488-4d3f-9911-573e0ce78aa3" testId="50ee43e1-077c-4ce6-8d87-5f71d86f291c" testName="Test9231" computerName="UA-LPT-OGA2" duration="00:00:00.6590000" startTime="2025-05-14T13:20:31.3146610Z" endTime="2025-05-14T13:25:31.3147553Z" testType="13cdc9d9-ddb5-4fa4-a97d-d965ccfc6d4b" outcome="Passed" testListId="4eda7ac0-25b1-4f2e-9c4b-f56aa44a401b" />
    <UnitTestResult executionId="a2c72c99-6578-4bf2-bd46-b74e60d934e3" testId="a3c6a869-a1d2-4424-8e74-217aade5aeeb" testName="Test9232" computerName="UA-LPT-OGA2" duration="00:00:00.9960000" startTime="2025-05-14T13:20:31.3146610Z" endTime="2025-05-14T13:25:31.3147553Z" testType="13cdc9d9-ddb5-4fa4-a97d-d965ccfc6d4b" outcome="Passed" testListId="4eda7ac0-25b1-4f2e-9c4b-f56aa44a401b" />
    <UnitTestResult executionId="eb0010c8-c8e8-42a4-8faf-1e918a919d1b" testId="c77c3a11-31b1-45eb-b02b-96e174f5d3e3" testName="Test9233" computerName="UA-LPT-OGA2" duration="00:00:00.1650000" startTime="2025-05-14T13:20:31.3146610Z" endTime="2025-05-14T13:25:31.3147553Z" testType="13cdc9d9-ddb5-4fa4-a97d-d965ccfc6d4b" outcome="Passed" testListId="4eda7ac0-25b1-4f2e-9c4b-f56aa44a401b" />
    <UnitTestResult executionId="b1b51921-54c4-42b4-9a66-641b77c3bcc8" testId="6afd6949-22e9-463d-b045-072368f220f3" testName="Test9234" computerName="UA-LPT-OGA2" duration="00:00:01.9820000" startTime="2025-05-14T13:20:31.3146610Z" endTime="2025-05-14T13:25:31.3147553Z" testType="13cdc9d9-ddb5-4fa4-a97d-d965ccfc6d4b" outcome="Passed" testListId="4eda7ac0-25b1-4f2e-9c4b-f56aa44a401b" />
    <UnitTestResult executionId="05b5760e-9d7c-47c8-862a-719cc0b07793" testId="bd728e65-166c-42f9-b913-d79c4042e0bb" testName="Test9235" computerName="UA-LPT-OGA2" duration="00:00:00.7820000" startTime="2025-05-14T13:20:31.3146610Z" endTime="2025-05-14T13:25:31.3147553Z" testType="13cdc9d9-ddb5-4fa4-a97d-d965ccfc6d4b" outcome="Passed" testListId="4eda7ac0-25b1-4f2e-9c4b-f56aa44a401b" />
    <UnitTestResult executionId="2c23b0e8-047e-4e3b-924a-c0dea8e20805" testId="0ab3dd7b-c5d5-437f-b641-23405c0ca6cb" testName="Test9236" computerName="UA-LPT-OGA2" duration="00:00:00.6300000" startTime="2025-05-14T13:20:31.3146610Z" endTime="2025-05-14T13:25:31.3147553Z" testType="13cdc9d9-ddb5-4fa4-a97d-d965ccfc6d4b" outcome="Failed" testListId="4eda7ac0-25b1-4f2e-9c4b-f56aa44a401b">
      <Output>
        <ErrorInfo>
          <Message>Assertion failed: Expected value did not match actual value.</Message>
          <StackTrace>   at TestNamespace.TestClass.Test() in TestClass.cs:line 383</StackTrace>
        </ErrorInfo>
      </Output>
    </UnitTestResult>
    <UnitTestResult executionId="2173e04a-3821-4219-b42e-7cc7342d5f5d" testId="b43b2c32-fddc-49cb-a4ef-f1d51b916447" testName="Test9237" computerName="UA-LPT-OGA2" duration="00:00:01.0110000" startTime="2025-05-14T13:20:31.3146610Z" endTime="2025-05-14T13:25:31.3147553Z" testType="13cdc9d9-ddb5-4fa4-a97d-d965ccfc6d4b" outcome="Failed" testListId="4eda7ac0-25b1-4f2e-9c4b-f56aa44a401b">
      <Output>
        <ErrorInfo>
          <Message>Assertion failed: Expected value did not match actual value.</Message>
          <StackTrace>   at TestNamespace.TestClass.Test() in TestClass.cs:line 211</StackTrace>
        </ErrorInfo>
      </Output>
    </UnitTestResult>
    <UnitTestResult executionId="319ce4a8-f33c-4d14-a35e-9ada3c57a18c" testId="52d5ea19-9989-4a13-bf89-68fb1bd3c735" testName="Test9238" computerName="UA-LPT-OGA2" duration="00:00:01.3070000" startTime="2025-05-14T13:20:31.3146610Z" endTime="2025-05-14T13:25:31.3147553Z" testType="13cdc9d9-ddb5-4fa4-a97d-d965ccfc6d4b" outcome="Failed" testListId="4eda7ac0-25b1-4f2e-9c4b-f56aa44a401b">
      <Output>
        <ErrorInfo>
          <Message>Assertion failed: Expected value did not match actual value.</Message>
          <StackTrace>   at TestNamespace.TestClass.Test() in TestClass.cs:line 194</StackTrace>
        </ErrorInfo>
      </Output>
    </UnitTestResult>
    <UnitTestResult executionId="dd2954b4-be24-425d-b0e8-f3c37e01a78b" testId="4d663ba8-66d2-49be-9918-d7d578f7c561" testName="Test9239" computerName="UA-LPT-OGA2" duration="00:00:01.1350000" startTime="2025-05-14T13:20:31.3146610Z" endTime="2025-05-14T13:25:31.3147553Z" testType="13cdc9d9-ddb5-4fa4-a97d-d965ccfc6d4b" outcome="Passed" testListId="4eda7ac0-25b1-4f2e-9c4b-f56aa44a401b" />
    <UnitTestResult executionId="c2c88187-cf68-406d-b8f6-bd5933cd2332" testId="e92bc3f5-754f-4266-8523-fac79fef12c1" testName="Test9240" computerName="UA-LPT-OGA2" duration="00:00:01.9770000" startTime="2025-05-14T13:20:31.3146610Z" endTime="2025-05-14T13:25:31.3147553Z" testType="13cdc9d9-ddb5-4fa4-a97d-d965ccfc6d4b" outcome="Passed" testListId="4eda7ac0-25b1-4f2e-9c4b-f56aa44a401b" />
    <UnitTestResult executionId="976ccad2-dca2-442e-aea1-ea19a63554d0" testId="3c66bd0b-f266-404b-b5a3-46abb87b5699" testName="Test9241" computerName="UA-LPT-OGA2" duration="00:00:01.1480000" startTime="2025-05-14T13:20:31.3146610Z" endTime="2025-05-14T13:25:31.3147553Z" testType="13cdc9d9-ddb5-4fa4-a97d-d965ccfc6d4b" outcome="Failed" testListId="4eda7ac0-25b1-4f2e-9c4b-f56aa44a401b">
      <Output>
        <ErrorInfo>
          <Message>Assertion failed: Expected value did not match actual value.</Message>
          <StackTrace>   at TestNamespace.TestClass.Test() in TestClass.cs:line 310</StackTrace>
        </ErrorInfo>
      </Output>
    </UnitTestResult>
    <UnitTestResult executionId="7fa460b4-934b-4c99-aade-29069b5e2303" testId="f1878d02-0250-4ead-b070-cb21bd94c83d" testName="Test9242" computerName="UA-LPT-OGA2" duration="00:00:01.0330000" startTime="2025-05-14T13:20:31.3146610Z" endTime="2025-05-14T13:25:31.3147553Z" testType="13cdc9d9-ddb5-4fa4-a97d-d965ccfc6d4b" outcome="Passed" testListId="4eda7ac0-25b1-4f2e-9c4b-f56aa44a401b" />
    <UnitTestResult executionId="c0f8d103-2ef8-4124-92f2-d2068a5821a1" testId="5d46355d-25bf-4159-b31f-83cd5f7a30b7" testName="Test9243" computerName="UA-LPT-OGA2" duration="00:00:01.7220000" startTime="2025-05-14T13:20:31.3146610Z" endTime="2025-05-14T13:25:31.3147553Z" testType="13cdc9d9-ddb5-4fa4-a97d-d965ccfc6d4b" outcome="Passed" testListId="4eda7ac0-25b1-4f2e-9c4b-f56aa44a401b" />
    <UnitTestResult executionId="b5d5cc10-6a43-4d38-98cb-3e21dc415c38" testId="4c11ceab-a360-49d7-8f7b-143d85be6ed9" testName="Test9244" computerName="UA-LPT-OGA2" duration="00:00:01.3790000" startTime="2025-05-14T13:20:31.3146610Z" endTime="2025-05-14T13:25:31.3147553Z" testType="13cdc9d9-ddb5-4fa4-a97d-d965ccfc6d4b" outcome="Failed" testListId="4eda7ac0-25b1-4f2e-9c4b-f56aa44a401b">
      <Output>
        <ErrorInfo>
          <Message>Assertion failed: Expected value did not match actual value.</Message>
          <StackTrace>   at TestNamespace.TestClass.Test() in TestClass.cs:line 76</StackTrace>
        </ErrorInfo>
      </Output>
    </UnitTestResult>
    <UnitTestResult executionId="f96c8dc1-9dda-400e-8f8d-8e454247fc4f" testId="96b41a5f-1b02-4bbb-9e64-6447bcf94aa4" testName="Test9245" computerName="UA-LPT-OGA2" duration="00:00:01.3600000" startTime="2025-05-14T13:20:31.3146610Z" endTime="2025-05-14T13:25:31.3147553Z" testType="13cdc9d9-ddb5-4fa4-a97d-d965ccfc6d4b" outcome="Passed" testListId="4eda7ac0-25b1-4f2e-9c4b-f56aa44a401b" />
    <UnitTestResult executionId="c0ea09e5-11c2-4765-98e6-4ddf3b13004f" testId="d1b87284-1aed-4487-89c0-ea81e25d2e9c" testName="Test9246" computerName="UA-LPT-OGA2" duration="00:00:01.1360000" startTime="2025-05-14T13:20:31.3146610Z" endTime="2025-05-14T13:25:31.3147553Z" testType="13cdc9d9-ddb5-4fa4-a97d-d965ccfc6d4b" outcome="Passed" testListId="4eda7ac0-25b1-4f2e-9c4b-f56aa44a401b" />
    <UnitTestResult executionId="a0d6dd6c-7c34-4845-8c87-65ad8040ac10" testId="e0295c13-b0d8-4e96-852c-2e30f00335b7" testName="Test9247" computerName="UA-LPT-OGA2" duration="00:00:01.4250000" startTime="2025-05-14T13:20:31.3146610Z" endTime="2025-05-14T13:25:31.3147553Z" testType="13cdc9d9-ddb5-4fa4-a97d-d965ccfc6d4b" outcome="Passed" testListId="4eda7ac0-25b1-4f2e-9c4b-f56aa44a401b" />
    <UnitTestResult executionId="4b59d00c-18b5-4a75-9041-bccc929694e7" testId="d57b90e0-d4c0-41ed-afe8-26f8de204ac1" testName="Test9248" computerName="UA-LPT-OGA2" duration="00:00:01.6190000" startTime="2025-05-14T13:20:31.3146610Z" endTime="2025-05-14T13:25:31.3147553Z" testType="13cdc9d9-ddb5-4fa4-a97d-d965ccfc6d4b" outcome="Passed" testListId="4eda7ac0-25b1-4f2e-9c4b-f56aa44a401b" />
    <UnitTestResult executionId="412bbb3b-a69b-482d-840f-165d4bef8e68" testId="4676aecb-dee2-477a-89dd-1ff08df08a18" testName="Test9249" computerName="UA-LPT-OGA2" duration="00:00:01.7910000" startTime="2025-05-14T13:20:31.3146610Z" endTime="2025-05-14T13:25:31.3147553Z" testType="13cdc9d9-ddb5-4fa4-a97d-d965ccfc6d4b" outcome="Passed" testListId="4eda7ac0-25b1-4f2e-9c4b-f56aa44a401b" />
    <UnitTestResult executionId="624a95e9-78e8-4391-a301-6a56ec161d66" testId="9b7948b8-d6a5-49f1-a4c8-77ee0c06240f" testName="Test9250" computerName="UA-LPT-OGA2" duration="00:00:01.7130000" startTime="2025-05-14T13:20:31.3146610Z" endTime="2025-05-14T13:25:31.3147553Z" testType="13cdc9d9-ddb5-4fa4-a97d-d965ccfc6d4b" outcome="Passed" testListId="4eda7ac0-25b1-4f2e-9c4b-f56aa44a401b" />
    <UnitTestResult executionId="a2aeacda-a98b-4c06-9ade-bc1b31b7c97b" testId="4b4eb869-57e3-42ae-a9b8-192f69df46f5" testName="Test9251" computerName="UA-LPT-OGA2" duration="00:00:01.8970000" startTime="2025-05-14T13:20:31.3146610Z" endTime="2025-05-14T13:25:31.3147553Z" testType="13cdc9d9-ddb5-4fa4-a97d-d965ccfc6d4b" outcome="Passed" testListId="4eda7ac0-25b1-4f2e-9c4b-f56aa44a401b" />
    <UnitTestResult executionId="d166d490-0b7a-4261-b901-73b9f6df3a94" testId="b82a97df-f8ae-45e1-9de9-9feb8e86f11a" testName="Test9252" computerName="UA-LPT-OGA2" duration="00:00:01.9340000" startTime="2025-05-14T13:20:31.3146610Z" endTime="2025-05-14T13:25:31.3147553Z" testType="13cdc9d9-ddb5-4fa4-a97d-d965ccfc6d4b" outcome="Passed" testListId="4eda7ac0-25b1-4f2e-9c4b-f56aa44a401b" />
    <UnitTestResult executionId="3c490189-dfc0-4f43-ab0d-d545e9803531" testId="33007124-8d07-4bea-a3aa-af8776cac3e2" testName="Test9253" computerName="UA-LPT-OGA2" duration="00:00:00.7030000" startTime="2025-05-14T13:20:31.3146610Z" endTime="2025-05-14T13:25:31.3147553Z" testType="13cdc9d9-ddb5-4fa4-a97d-d965ccfc6d4b" outcome="Passed" testListId="4eda7ac0-25b1-4f2e-9c4b-f56aa44a401b" />
    <UnitTestResult executionId="d53bd0af-3e8d-432e-ad23-b1a05acd7e4e" testId="07dcc2e5-adad-4255-9c8c-7e738e064eee" testName="Test9254" computerName="UA-LPT-OGA2" duration="00:00:00.4380000" startTime="2025-05-14T13:20:31.3146610Z" endTime="2025-05-14T13:25:31.3147553Z" testType="13cdc9d9-ddb5-4fa4-a97d-d965ccfc6d4b" outcome="Passed" testListId="4eda7ac0-25b1-4f2e-9c4b-f56aa44a401b" />
    <UnitTestResult executionId="15977894-e52e-4398-8720-bbb19abe9559" testId="8959717b-647b-4a89-9971-b56d750d2130" testName="Test9255" computerName="UA-LPT-OGA2" duration="00:00:00.7090000" startTime="2025-05-14T13:20:31.3146610Z" endTime="2025-05-14T13:25:31.3147553Z" testType="13cdc9d9-ddb5-4fa4-a97d-d965ccfc6d4b" outcome="Passed" testListId="4eda7ac0-25b1-4f2e-9c4b-f56aa44a401b" />
    <UnitTestResult executionId="99bf105b-8b67-4b0e-8f10-f2e3aef0aa6f" testId="c2cd27c3-6291-4006-aa84-180b02d701be" testName="Test9256" computerName="UA-LPT-OGA2" duration="00:00:01.0160000" startTime="2025-05-14T13:20:31.3146610Z" endTime="2025-05-14T13:25:31.3147553Z" testType="13cdc9d9-ddb5-4fa4-a97d-d965ccfc6d4b" outcome="Passed" testListId="4eda7ac0-25b1-4f2e-9c4b-f56aa44a401b" />
    <UnitTestResult executionId="ee1139f7-87f2-476f-a5e5-b0eb144c440c" testId="7f7879c6-7ac3-4658-93e3-65498eae9eb8" testName="Test9257" computerName="UA-LPT-OGA2" duration="00:00:00.1240000" startTime="2025-05-14T13:20:31.3146610Z" endTime="2025-05-14T13:25:31.3147553Z" testType="13cdc9d9-ddb5-4fa4-a97d-d965ccfc6d4b" outcome="Passed" testListId="4eda7ac0-25b1-4f2e-9c4b-f56aa44a401b" />
    <UnitTestResult executionId="e1755e53-86e1-453c-a46c-01ff1536c5e7" testId="d38914b0-c890-419d-8fa9-d50371f8c7ce" testName="Test9258" computerName="UA-LPT-OGA2" duration="00:00:01.9160000" startTime="2025-05-14T13:20:31.3146610Z" endTime="2025-05-14T13:25:31.3147553Z" testType="13cdc9d9-ddb5-4fa4-a97d-d965ccfc6d4b" outcome="Passed" testListId="4eda7ac0-25b1-4f2e-9c4b-f56aa44a401b" />
    <UnitTestResult executionId="7c9c6b6f-4a7d-4897-8b1b-65c52edeb6b6" testId="e259436a-ea6e-404e-ab23-b685ee7305b4" testName="Test9259" computerName="UA-LPT-OGA2" duration="00:00:00.1610000" startTime="2025-05-14T13:20:31.3146610Z" endTime="2025-05-14T13:25:31.3147553Z" testType="13cdc9d9-ddb5-4fa4-a97d-d965ccfc6d4b" outcome="Passed" testListId="4eda7ac0-25b1-4f2e-9c4b-f56aa44a401b" />
    <UnitTestResult executionId="4a79dfcb-8810-4cb0-a4fc-12f420bd806f" testId="7aa372ce-1c42-4ccd-935a-1aecf38d3c77" testName="Test9260" computerName="UA-LPT-OGA2" duration="00:00:01.0150000" startTime="2025-05-14T13:20:31.3146610Z" endTime="2025-05-14T13:25:31.3147553Z" testType="13cdc9d9-ddb5-4fa4-a97d-d965ccfc6d4b" outcome="Passed" testListId="4eda7ac0-25b1-4f2e-9c4b-f56aa44a401b" />
    <UnitTestResult executionId="5635419d-f81a-4a5b-800d-ffb498834e73" testId="9a736f9a-c9b6-4a40-bbdc-06b38d66ffe8" testName="Test9261" computerName="UA-LPT-OGA2" duration="00:00:00.3280000" startTime="2025-05-14T13:20:31.3146610Z" endTime="2025-05-14T13:25:31.3147553Z" testType="13cdc9d9-ddb5-4fa4-a97d-d965ccfc6d4b" outcome="Passed" testListId="4eda7ac0-25b1-4f2e-9c4b-f56aa44a401b" />
    <UnitTestResult executionId="3aae711f-6cc2-4c3b-9656-da5d6369530c" testId="73d9da7b-7a81-4bba-a452-d3d2d6f9c55f" testName="Test9262" computerName="UA-LPT-OGA2" duration="00:00:00.8840000" startTime="2025-05-14T13:20:31.3146610Z" endTime="2025-05-14T13:25:31.3147553Z" testType="13cdc9d9-ddb5-4fa4-a97d-d965ccfc6d4b" outcome="Failed" testListId="4eda7ac0-25b1-4f2e-9c4b-f56aa44a401b">
      <Output>
        <ErrorInfo>
          <Message>Assertion failed: Expected value did not match actual value.</Message>
          <StackTrace>   at TestNamespace.TestClass.Test() in TestClass.cs:line 171</StackTrace>
        </ErrorInfo>
      </Output>
    </UnitTestResult>
    <UnitTestResult executionId="acab2042-4fb5-494a-9241-922f005cae09" testId="491cd39a-f09f-4560-aa6c-8b2e684fee09" testName="Test9263" computerName="UA-LPT-OGA2" duration="00:00:00.8620000" startTime="2025-05-14T13:20:31.3146610Z" endTime="2025-05-14T13:25:31.3147553Z" testType="13cdc9d9-ddb5-4fa4-a97d-d965ccfc6d4b" outcome="Passed" testListId="4eda7ac0-25b1-4f2e-9c4b-f56aa44a401b" />
    <UnitTestResult executionId="82d7e233-aafb-4aaa-9488-4b9e8262e614" testId="777fd435-9e84-41e1-9a3a-1e1287ea18dc" testName="Test9264" computerName="UA-LPT-OGA2" duration="00:00:01.5520000" startTime="2025-05-14T13:20:31.3146610Z" endTime="2025-05-14T13:25:31.3147553Z" testType="13cdc9d9-ddb5-4fa4-a97d-d965ccfc6d4b" outcome="Passed" testListId="4eda7ac0-25b1-4f2e-9c4b-f56aa44a401b" />
    <UnitTestResult executionId="36703f1f-8069-4249-beeb-9fc9724156f2" testId="2bde4547-25bb-4c44-bf77-e9d3ed9486f4" testName="Test9265" computerName="UA-LPT-OGA2" duration="00:00:01.8680000" startTime="2025-05-14T13:20:31.3146610Z" endTime="2025-05-14T13:25:31.3147553Z" testType="13cdc9d9-ddb5-4fa4-a97d-d965ccfc6d4b" outcome="Passed" testListId="4eda7ac0-25b1-4f2e-9c4b-f56aa44a401b" />
    <UnitTestResult executionId="3d16e497-628d-43c0-afc9-5d732a25c0de" testId="a416761c-2398-40d8-a7b7-a67fd61ea83b" testName="Test9266" computerName="UA-LPT-OGA2" duration="00:00:01.9850000" startTime="2025-05-14T13:20:31.3146610Z" endTime="2025-05-14T13:25:31.3147553Z" testType="13cdc9d9-ddb5-4fa4-a97d-d965ccfc6d4b" outcome="Passed" testListId="4eda7ac0-25b1-4f2e-9c4b-f56aa44a401b" />
    <UnitTestResult executionId="02e9b0dc-7186-441b-9cca-c71118af1fe9" testId="bed0023f-9fb1-40d4-8920-1baad56b1ac4" testName="Test9267" computerName="UA-LPT-OGA2" duration="00:00:01.4270000" startTime="2025-05-14T13:20:31.3146610Z" endTime="2025-05-14T13:25:31.3147553Z" testType="13cdc9d9-ddb5-4fa4-a97d-d965ccfc6d4b" outcome="Passed" testListId="4eda7ac0-25b1-4f2e-9c4b-f56aa44a401b" />
    <UnitTestResult executionId="527d9134-ce6e-46e3-ae4c-2d4684d71b04" testId="273a6e47-9652-4012-8e02-77d44249cb5e" testName="Test9268" computerName="UA-LPT-OGA2" duration="00:00:00.6950000" startTime="2025-05-14T13:20:31.3146610Z" endTime="2025-05-14T13:25:31.3147553Z" testType="13cdc9d9-ddb5-4fa4-a97d-d965ccfc6d4b" outcome="Passed" testListId="4eda7ac0-25b1-4f2e-9c4b-f56aa44a401b" />
    <UnitTestResult executionId="e139f08e-62e9-456d-a78b-aac7ad7a930a" testId="c77dc111-771f-434f-9109-a85643cac767" testName="Test9269" computerName="UA-LPT-OGA2" duration="00:00:01.1010000" startTime="2025-05-14T13:20:31.3146610Z" endTime="2025-05-14T13:25:31.3147553Z" testType="13cdc9d9-ddb5-4fa4-a97d-d965ccfc6d4b" outcome="Passed" testListId="4eda7ac0-25b1-4f2e-9c4b-f56aa44a401b" />
    <UnitTestResult executionId="ae81d219-8bea-41ab-86ea-34db75584b85" testId="a381213c-7505-4a29-b4fd-3b6f6ee19d3c" testName="Test9270" computerName="UA-LPT-OGA2" duration="00:00:00.7900000" startTime="2025-05-14T13:20:31.3146610Z" endTime="2025-05-14T13:25:31.3147553Z" testType="13cdc9d9-ddb5-4fa4-a97d-d965ccfc6d4b" outcome="Passed" testListId="4eda7ac0-25b1-4f2e-9c4b-f56aa44a401b" />
    <UnitTestResult executionId="6bbc6fb8-8f36-45b2-a227-be6a452fbc25" testId="783250a1-5869-4190-9305-5272ef0fac08" testName="Test9271" computerName="UA-LPT-OGA2" duration="00:00:01.0120000" startTime="2025-05-14T13:20:31.3146610Z" endTime="2025-05-14T13:25:31.3147553Z" testType="13cdc9d9-ddb5-4fa4-a97d-d965ccfc6d4b" outcome="Passed" testListId="4eda7ac0-25b1-4f2e-9c4b-f56aa44a401b" />
    <UnitTestResult executionId="f180c606-34db-4c10-b3b4-18b36da299c4" testId="781f0889-191f-4ccb-8881-663f3a2e02aa" testName="Test9272" computerName="UA-LPT-OGA2" duration="00:00:00.0140000" startTime="2025-05-14T13:20:31.3146610Z" endTime="2025-05-14T13:25:31.3147553Z" testType="13cdc9d9-ddb5-4fa4-a97d-d965ccfc6d4b" outcome="Passed" testListId="4eda7ac0-25b1-4f2e-9c4b-f56aa44a401b" />
    <UnitTestResult executionId="c7bf7023-0fd3-4b55-8efd-b337ea262ca3" testId="77d323b0-60ae-45ef-8989-31c14e50bf4b" testName="Test9273" computerName="UA-LPT-OGA2" duration="00:00:00.7790000" startTime="2025-05-14T13:20:31.3146610Z" endTime="2025-05-14T13:25:31.3147553Z" testType="13cdc9d9-ddb5-4fa4-a97d-d965ccfc6d4b" outcome="Passed" testListId="4eda7ac0-25b1-4f2e-9c4b-f56aa44a401b" />
    <UnitTestResult executionId="151318a1-2488-424b-ac74-a0981dce314a" testId="8e374c56-fcaa-48a7-a90e-25688d025fc7" testName="Test9274" computerName="UA-LPT-OGA2" duration="00:00:00.0740000" startTime="2025-05-14T13:20:31.3146610Z" endTime="2025-05-14T13:25:31.3147553Z" testType="13cdc9d9-ddb5-4fa4-a97d-d965ccfc6d4b" outcome="Passed" testListId="4eda7ac0-25b1-4f2e-9c4b-f56aa44a401b" />
    <UnitTestResult executionId="93de1db1-e089-44f8-a754-455428d3b115" testId="553ba477-1221-42b4-bb6e-81b1efa54b82" testName="Test9275" computerName="UA-LPT-OGA2" duration="00:00:00.0180000" startTime="2025-05-14T13:20:31.3146610Z" endTime="2025-05-14T13:25:31.3147553Z" testType="13cdc9d9-ddb5-4fa4-a97d-d965ccfc6d4b" outcome="Passed" testListId="4eda7ac0-25b1-4f2e-9c4b-f56aa44a401b" />
    <UnitTestResult executionId="160dd628-8439-4f75-8c0c-0489c52be6ec" testId="5a3357aa-897f-4516-91ad-37e07b8ed2b6" testName="Test9276" computerName="UA-LPT-OGA2" duration="00:00:01.9620000" startTime="2025-05-14T13:20:31.3146610Z" endTime="2025-05-14T13:25:31.3147553Z" testType="13cdc9d9-ddb5-4fa4-a97d-d965ccfc6d4b" outcome="Passed" testListId="4eda7ac0-25b1-4f2e-9c4b-f56aa44a401b" />
    <UnitTestResult executionId="ebbc74d3-a479-426c-9180-b193cb654bd8" testId="23f37727-670f-4731-ac02-4cca9a2059f9" testName="Test9277" computerName="UA-LPT-OGA2" duration="00:00:01.7760000" startTime="2025-05-14T13:20:31.3146610Z" endTime="2025-05-14T13:25:31.3147553Z" testType="13cdc9d9-ddb5-4fa4-a97d-d965ccfc6d4b" outcome="Passed" testListId="4eda7ac0-25b1-4f2e-9c4b-f56aa44a401b" />
    <UnitTestResult executionId="793dcaed-7989-4978-a264-f38444924820" testId="2a28f751-1af9-4d96-8b61-abfb0dc7a845" testName="Test9278" computerName="UA-LPT-OGA2" duration="00:00:00.0930000" startTime="2025-05-14T13:20:31.3146610Z" endTime="2025-05-14T13:25:31.3147553Z" testType="13cdc9d9-ddb5-4fa4-a97d-d965ccfc6d4b" outcome="Passed" testListId="4eda7ac0-25b1-4f2e-9c4b-f56aa44a401b" />
    <UnitTestResult executionId="4e476d65-1728-42d1-a6cf-a9d0a725b2ba" testId="a2f083e3-185f-4500-8532-d7e4814b5fc5" testName="Test9279" computerName="UA-LPT-OGA2" duration="00:00:00.0360000" startTime="2025-05-14T13:20:31.3146610Z" endTime="2025-05-14T13:25:31.3147553Z" testType="13cdc9d9-ddb5-4fa4-a97d-d965ccfc6d4b" outcome="Passed" testListId="4eda7ac0-25b1-4f2e-9c4b-f56aa44a401b" />
    <UnitTestResult executionId="0652fa88-0f5b-4002-a204-8eeb9912e68c" testId="e7a6e5c2-fb92-4109-ba68-80fb7eafa660" testName="Test9280" computerName="UA-LPT-OGA2" duration="00:00:01.3620000" startTime="2025-05-14T13:20:31.3146610Z" endTime="2025-05-14T13:25:31.3147553Z" testType="13cdc9d9-ddb5-4fa4-a97d-d965ccfc6d4b" outcome="Passed" testListId="4eda7ac0-25b1-4f2e-9c4b-f56aa44a401b" />
    <UnitTestResult executionId="de28b5a9-4818-49d9-9acd-4ba11ec3704f" testId="066a7584-9813-4202-9f88-6d6736512332" testName="Test9281" computerName="UA-LPT-OGA2" duration="00:00:00.7990000" startTime="2025-05-14T13:20:31.3146610Z" endTime="2025-05-14T13:25:31.3147553Z" testType="13cdc9d9-ddb5-4fa4-a97d-d965ccfc6d4b" outcome="Passed" testListId="4eda7ac0-25b1-4f2e-9c4b-f56aa44a401b" />
    <UnitTestResult executionId="da4c640a-040d-4a29-9820-f0d793ab9ec0" testId="99049929-9850-47d0-917c-873caee6ca38" testName="Test9282" computerName="UA-LPT-OGA2" duration="00:00:01.7120000" startTime="2025-05-14T13:20:31.3146610Z" endTime="2025-05-14T13:25:31.3147553Z" testType="13cdc9d9-ddb5-4fa4-a97d-d965ccfc6d4b" outcome="Passed" testListId="4eda7ac0-25b1-4f2e-9c4b-f56aa44a401b" />
    <UnitTestResult executionId="6bf08004-eed7-4109-9941-75a2eeb42ed5" testId="c8611ea2-24fb-4d0d-8e43-272884dd39f4" testName="Test9283" computerName="UA-LPT-OGA2" duration="00:00:00.2290000" startTime="2025-05-14T13:20:31.3146610Z" endTime="2025-05-14T13:25:31.3147553Z" testType="13cdc9d9-ddb5-4fa4-a97d-d965ccfc6d4b" outcome="Passed" testListId="4eda7ac0-25b1-4f2e-9c4b-f56aa44a401b" />
    <UnitTestResult executionId="6ee9ae89-dd41-4806-92db-1b05b0c32dff" testId="77114693-6e7b-4efd-a35b-24bec624d8be" testName="Test9284" computerName="UA-LPT-OGA2" duration="00:00:01.2140000" startTime="2025-05-14T13:20:31.3146610Z" endTime="2025-05-14T13:25:31.3147553Z" testType="13cdc9d9-ddb5-4fa4-a97d-d965ccfc6d4b" outcome="Passed" testListId="4eda7ac0-25b1-4f2e-9c4b-f56aa44a401b" />
    <UnitTestResult executionId="421166ad-8cc6-435b-b001-6204d8e22c5b" testId="d495ba10-46e8-48ca-8a66-94d368c9f242" testName="Test9285" computerName="UA-LPT-OGA2" duration="00:00:00.3510000" startTime="2025-05-14T13:20:31.3146610Z" endTime="2025-05-14T13:25:31.3147553Z" testType="13cdc9d9-ddb5-4fa4-a97d-d965ccfc6d4b" outcome="Passed" testListId="4eda7ac0-25b1-4f2e-9c4b-f56aa44a401b" />
    <UnitTestResult executionId="a80ff6e7-7a90-4ea7-9525-71350d9c146c" testId="06ff09b3-1ac3-476c-8ed0-3ac4e1526e36" testName="Test9286" computerName="UA-LPT-OGA2" duration="00:00:01.7660000" startTime="2025-05-14T13:20:31.3146610Z" endTime="2025-05-14T13:25:31.3147553Z" testType="13cdc9d9-ddb5-4fa4-a97d-d965ccfc6d4b" outcome="Inconclusive" testListId="4eda7ac0-25b1-4f2e-9c4b-f56aa44a401b" />
    <UnitTestResult executionId="4a095023-a192-4ae3-9292-d03018343a6b" testId="a528574d-aea7-4d52-aebd-e74b926b1f9d" testName="Test9287" computerName="UA-LPT-OGA2" duration="00:00:00.8490000" startTime="2025-05-14T13:20:31.3146610Z" endTime="2025-05-14T13:25:31.3147553Z" testType="13cdc9d9-ddb5-4fa4-a97d-d965ccfc6d4b" outcome="Passed" testListId="4eda7ac0-25b1-4f2e-9c4b-f56aa44a401b" />
    <UnitTestResult executionId="02b71e8c-61b0-4b79-804f-9ce5ac62acc7" testId="52a64780-62fc-42d2-b535-5e58b951e0d6" testName="Test9288" computerName="UA-LPT-OGA2" duration="00:00:01.8730000" startTime="2025-05-14T13:20:31.3146610Z" endTime="2025-05-14T13:25:31.3147553Z" testType="13cdc9d9-ddb5-4fa4-a97d-d965ccfc6d4b" outcome="Passed" testListId="4eda7ac0-25b1-4f2e-9c4b-f56aa44a401b" />
    <UnitTestResult executionId="2fd9cb08-0581-4fe1-9e1d-19cfe9233773" testId="1c60992d-f3e6-4498-be31-90cd3e983368" testName="Test9289" computerName="UA-LPT-OGA2" duration="00:00:00.4770000" startTime="2025-05-14T13:20:31.3146610Z" endTime="2025-05-14T13:25:31.3147553Z" testType="13cdc9d9-ddb5-4fa4-a97d-d965ccfc6d4b" outcome="Passed" testListId="4eda7ac0-25b1-4f2e-9c4b-f56aa44a401b" />
    <UnitTestResult executionId="902f67da-0711-4774-ace4-80741f9f26d1" testId="805d7cf3-64d1-4b96-8c6d-c53f676f6713" testName="Test9290" computerName="UA-LPT-OGA2" duration="00:00:01.2430000" startTime="2025-05-14T13:20:31.3146610Z" endTime="2025-05-14T13:25:31.3147553Z" testType="13cdc9d9-ddb5-4fa4-a97d-d965ccfc6d4b" outcome="Passed" testListId="4eda7ac0-25b1-4f2e-9c4b-f56aa44a401b" />
    <UnitTestResult executionId="4b01cb3f-4c97-455e-8464-79f11da4f95b" testId="c6f22996-442f-4c5a-86ed-4df29f22d007" testName="Test9291" computerName="UA-LPT-OGA2" duration="00:00:01.8540000" startTime="2025-05-14T13:20:31.3146610Z" endTime="2025-05-14T13:25:31.3147553Z" testType="13cdc9d9-ddb5-4fa4-a97d-d965ccfc6d4b" outcome="Passed" testListId="4eda7ac0-25b1-4f2e-9c4b-f56aa44a401b" />
    <UnitTestResult executionId="c0634d76-7cce-47fe-9a4e-a1ca6d787603" testId="80ebeb12-03c2-4457-a9b3-099b8281e900" testName="Test9292" computerName="UA-LPT-OGA2" duration="00:00:01.2860000" startTime="2025-05-14T13:20:31.3146610Z" endTime="2025-05-14T13:25:31.3147553Z" testType="13cdc9d9-ddb5-4fa4-a97d-d965ccfc6d4b" outcome="Passed" testListId="4eda7ac0-25b1-4f2e-9c4b-f56aa44a401b" />
    <UnitTestResult executionId="0ed73dad-d0d2-4ab9-b66a-013bf2704693" testId="d52b2789-705b-4ecd-84fd-16b9c93edc92" testName="Test9293" computerName="UA-LPT-OGA2" duration="00:00:01.1340000" startTime="2025-05-14T13:20:31.3146610Z" endTime="2025-05-14T13:25:31.3147553Z" testType="13cdc9d9-ddb5-4fa4-a97d-d965ccfc6d4b" outcome="Passed" testListId="4eda7ac0-25b1-4f2e-9c4b-f56aa44a401b" />
    <UnitTestResult executionId="3c9345ef-6f7c-4aac-861c-4dfa4d7314e1" testId="6edd67ea-5b20-412d-a6c2-63cd74fe9c20" testName="Test9294" computerName="UA-LPT-OGA2" duration="00:00:01.1070000" startTime="2025-05-14T13:20:31.3146610Z" endTime="2025-05-14T13:25:31.3147553Z" testType="13cdc9d9-ddb5-4fa4-a97d-d965ccfc6d4b" outcome="Passed" testListId="4eda7ac0-25b1-4f2e-9c4b-f56aa44a401b" />
    <UnitTestResult executionId="6a934a41-6eb9-4ff1-8fad-32cde2bace12" testId="d80f81f8-2802-477b-8750-a1f414cdf2d3" testName="Test9295" computerName="UA-LPT-OGA2" duration="00:00:00.6190000" startTime="2025-05-14T13:20:31.3146610Z" endTime="2025-05-14T13:25:31.3147553Z" testType="13cdc9d9-ddb5-4fa4-a97d-d965ccfc6d4b" outcome="Passed" testListId="4eda7ac0-25b1-4f2e-9c4b-f56aa44a401b" />
    <UnitTestResult executionId="c5b56f22-5d3a-4b86-a4e3-f81048cf8241" testId="a601d8a1-b48e-4778-a26e-6aefbe8482ad" testName="Test9296" computerName="UA-LPT-OGA2" duration="00:00:01.1900000" startTime="2025-05-14T13:20:31.3146610Z" endTime="2025-05-14T13:25:31.3147553Z" testType="13cdc9d9-ddb5-4fa4-a97d-d965ccfc6d4b" outcome="Passed" testListId="4eda7ac0-25b1-4f2e-9c4b-f56aa44a401b" />
    <UnitTestResult executionId="cb560126-837c-498a-98a7-ca5909fde88e" testId="ec0b216f-4513-4307-9a22-596e77e78be3" testName="Test9297" computerName="UA-LPT-OGA2" duration="00:00:00.8500000" startTime="2025-05-14T13:20:31.3146610Z" endTime="2025-05-14T13:25:31.3147553Z" testType="13cdc9d9-ddb5-4fa4-a97d-d965ccfc6d4b" outcome="Passed" testListId="4eda7ac0-25b1-4f2e-9c4b-f56aa44a401b" />
    <UnitTestResult executionId="9cdaa556-6c5c-4125-a953-bb1216eed7b7" testId="c288bb45-6820-4ad8-a9e5-6c9bd8777036" testName="Test9298" computerName="UA-LPT-OGA2" duration="00:00:01.7790000" startTime="2025-05-14T13:20:31.3146610Z" endTime="2025-05-14T13:25:31.3147553Z" testType="13cdc9d9-ddb5-4fa4-a97d-d965ccfc6d4b" outcome="Failed" testListId="4eda7ac0-25b1-4f2e-9c4b-f56aa44a401b">
      <Output>
        <ErrorInfo>
          <Message>Assertion failed: Expected value did not match actual value.</Message>
          <StackTrace>   at TestNamespace.TestClass.Test() in TestClass.cs:line 196</StackTrace>
        </ErrorInfo>
      </Output>
    </UnitTestResult>
    <UnitTestResult executionId="520eb58e-658d-4078-b4a5-7814595b4a52" testId="f336aaca-aec4-40f2-b690-6d0fdbce2cd5" testName="Test9299" computerName="UA-LPT-OGA2" duration="00:00:00.8770000" startTime="2025-05-14T13:20:31.3146610Z" endTime="2025-05-14T13:25:31.3147553Z" testType="13cdc9d9-ddb5-4fa4-a97d-d965ccfc6d4b" outcome="Passed" testListId="4eda7ac0-25b1-4f2e-9c4b-f56aa44a401b" />
    <UnitTestResult executionId="f264f104-4693-466e-aa29-2c3e397265e9" testId="89ebedd9-57a1-4793-b26e-c6caf1e94f8b" testName="Test9300" computerName="UA-LPT-OGA2" duration="00:00:01.0910000" startTime="2025-05-14T13:20:31.3146610Z" endTime="2025-05-14T13:25:31.3147553Z" testType="13cdc9d9-ddb5-4fa4-a97d-d965ccfc6d4b" outcome="Passed" testListId="4eda7ac0-25b1-4f2e-9c4b-f56aa44a401b" />
  </Results>
  <TestDefinitions>
    <UnitTest name="Test9201" id="73cdf86d-dbb0-4295-8f2e-7baeb9a032e9" storage="TestAssembly.dll">
      <Execution id="2e950f2a-6e6c-47f0-9fe4-2a7f445e878b" />
      <TestMethod codeBase="TestAssembly.dll" className="TestNamespace.TestClass1" name="Test9201" />
    </UnitTest>
    <UnitTest name="Test9202" id="d0dec326-8cae-4ac2-8c88-c889fc3010f1" storage="TestAssembly.dll">
      <Execution id="cb3699c6-aed4-4f72-8650-0939567d09b1" />
      <TestMethod codeBase="TestAssembly.dll" className="TestNamespace.TestClass1" name="Test9202" />
    </UnitTest>
    <UnitTest name="Test9203" id="745e4467-e69e-4cd8-9137-4b04c49e7222" storage="TestAssembly.dll">
      <Execution id="7bf11a82-8cbd-42e7-a41b-99013e9f36ec" />
      <TestMethod codeBase="TestAssembly.dll" className="TestNamespace.TestClass1" name="Test9203" />
    </UnitTest>
    <UnitTest name="Test9204" id="fced1ddf-fc29-4963-8ba7-48d07a53149c" storage="TestAssembly.dll">
      <Execution id="ba72b960-56a4-457a-80b3-f5ea0ef4fb39" />
      <TestMethod codeBase="TestAssembly.dll" className="TestNamespace.TestClass1" name="Test9204" />
    </UnitTest>
    <UnitTest name="Test9205" id="750742db-9ccb-43ad-97a5-d7e43affa8cc" storage="TestAssembly.dll">
      <Execution id="890abb65-80e4-4912-8f94-32b9216861dc" />
      <TestMethod codeBase="TestAssembly.dll" className="TestNamespace.TestClass1" name="Test9205" />
    </UnitTest>
    <UnitTest name="Test9206" id="774f53d2-5ed7-4029-a577-bc9b554311df" storage="TestAssembly.dll">
      <Execution id="5ff1ccbd-5102-40fd-804d-dd6bc3257e6d" />
      <TestMethod codeBase="TestAssembly.dll" className="TestNamespace.TestClass1" name="Test9206" />
    </UnitTest>
    <UnitTest name="Test9207" id="b450fd3a-ef2c-4068-8116-7dfd55deb26b" storage="TestAssembly.dll">
      <Execution id="bbe5f76e-9283-40d3-ac38-f3e816c171b9" />
      <TestMethod codeBase="TestAssembly.dll" className="TestNamespace.TestClass1" name="Test9207" />
    </UnitTest>
    <UnitTest name="Test9208" id="039fe1c9-01a6-47f2-90b8-10f77dc49e96" storage="TestAssembly.dll">
      <Execution id="d2ec6e08-b1f0-4bf2-89bd-b57436b0bdf3" />
      <TestMethod codeBase="TestAssembly.dll" className="TestNamespace.TestClass1" name="Test9208" />
    </UnitTest>
    <UnitTest name="Test9209" id="442af14d-6519-4c24-aeae-f7b42c2256b8" storage="TestAssembly.dll">
      <Execution id="38a75773-b458-4c8b-ad29-ec3a91976104" />
      <TestMethod codeBase="TestAssembly.dll" className="TestNamespace.TestClass1" name="Test9209" />
    </UnitTest>
    <UnitTest name="Test9210" id="30c5b000-0441-4562-ad38-4c7873955a87" storage="TestAssembly.dll">
      <Execution id="d1e14ddb-0e00-44e1-9854-c145e291aa01" />
      <TestMethod codeBase="TestAssembly.dll" className="TestNamespace.TestClass1" name="Test9210" />
    </UnitTest>
    <UnitTest name="Test9211" id="232f9f39-6a20-4bbc-a6be-7a0680d4c88e" storage="TestAssembly.dll">
      <Execution id="1f06890e-4058-4461-8231-be26b4e8b88c" />
      <TestMethod codeBase="TestAssembly.dll" className="TestNamespace.TestClass2" name="Test9211" />
    </UnitTest>
    <UnitTest name="Test9212" id="a2128a21-d288-4d28-a58a-2c0fafc79cb4" storage="TestAssembly.dll">
      <Execution id="774580bc-4ef5-49f6-9ccf-0cd7071b3c2f" />
      <TestMethod codeBase="TestAssembly.dll" className="TestNamespace.TestClass2" name="Test9212" />
    </UnitTest>
    <UnitTest name="Test9213" id="2d9a94d3-839a-4a83-9552-cbdb77b541b7" storage="TestAssembly.dll">
      <Execution id="e90cbee3-ae09-4de7-a0f3-a2b4ea66f6cc" />
      <TestMethod codeBase="TestAssembly.dll" className="TestNamespace.TestClass2" name="Test9213" />
    </UnitTest>
    <UnitTest name="Test9214" id="1fd13c9a-ea8d-479c-96ea-99e638618862" storage="TestAssembly.dll">
      <Execution id="5384cfd7-ed18-4956-8ef7-cd048da6a5ad" />
      <TestMethod codeBase="TestAssembly.dll" className="TestNamespace.TestClass2" name="Test9214" />
    </UnitTest>
    <UnitTest name="Test9215" id="fa13ff89-6f13-4d20-b2d2-6cfba09643d9" storage="TestAssembly.dll">
      <Execution id="e72d36ed-1efa-44c4-961c-e355d952fcc3" />
      <TestMethod codeBase="TestAssembly.dll" className="TestNamespace.TestClass2" name="Test9215" />
    </UnitTest>
    <UnitTest name="Test9216" id="790f42c0-c20a-4b5c-98aa-c28dab2094c4" storage="TestAssembly.dll">
      <Execution id="7b6b2346-7347-4eda-8078-3a01fafc4280" />
      <TestMethod codeBase="TestAssembly.dll" className="TestNamespace.TestClass2" name="Test9216" />
    </UnitTest>
    <UnitTest name="Test9217" id="1c6553df-b206-4e50-8ef7-baddc90961c9" storage="TestAssembly.dll">
      <Execution id="f66c0db5-df9e-4966-b3ee-1565af26e137" />
      <TestMethod codeBase="TestAssembly.dll" className="TestNamespace.TestClass2" name="Test9217" />
    </UnitTest>
    <UnitTest name="Test9218" id="9bf0d2a3-57b2-4284-be6a-815c7cade19b" storage="TestAssembly.dll">
      <Execution id="db7469f2-7b22-40b1-a794-227aaf4bd3db" />
      <TestMethod codeBase="TestAssembly.dll" className="TestNamespace.TestClass2" name="Test9218" />
    </UnitTest>
    <UnitTest name="Test9219" id="ce69793b-e691-4e6c-94d3-b33aed9bb142" storage="TestAssembly.dll">
      <Execution id="f7aad53d-6559-4411-b010-d6d815bd2d30" />
      <TestMethod codeBase="TestAssembly.dll" className="TestNamespace.TestClass2" name="Test9219" />
    </UnitTest>
    <UnitTest name="Test9220" id="6ca4a4ba-0e16-41dc-804a-71846dc6422e" storage="TestAssembly.dll">
      <Execution id="78312ba1-4593-4566-baae-473e7e8f2503" />
      <TestMethod codeBase="TestAssembly.dll" className="TestNamespace.TestClass2" name="Test9220" />
    </UnitTest>
    <UnitTest name="Test9221" id="94ef5a48-7a26-436f-b329-6febfd8d9471" storage="TestAssembly.dll">
      <Execution id="bce0b2a1-ce62-4da7-a5d8-56bcc4492455" />
      <TestMethod codeBase="TestAssembly.dll" className="TestNamespace.TestClass3" name="Test9221" />
    </UnitTest>
    <UnitTest name="Test9222" id="38951921-6b20-4f75-940f-b18d083e889a" storage="TestAssembly.dll">
      <Execution id="9efcf4aa-f90f-4067-8188-a88ba67c766b" />
      <TestMethod codeBase="TestAssembly.dll" className="TestNamespace.TestClass3" name="Test9222" />
    </UnitTest>
    <UnitTest name="Test9223" id="d4707908-e319-49b8-84c4-18ec21b1581d" storage="TestAssembly.dll">
      <Execution id="3eed75a3-c053-409e-a1e1-bceee6032b1c" />
      <TestMethod codeBase="TestAssembly.dll" className="TestNamespace.TestClass3" name="Test9223" />
    </UnitTest>
    <UnitTest name="Test9224" id="e47ba15a-da4a-45c1-9ada-7af64ab071bd" storage="TestAssembly.dll">
      <Execution id="08f5014a-5a87-4d48-b2ae-4fbc1807afd0" />
      <TestMethod codeBase="TestAssembly.dll" className="TestNamespace.TestClass3" name="Test9224" />
    </UnitTest>
    <UnitTest name="Test9225" id="eeab6de9-a285-403d-932d-f4da6253e1f1" storage="TestAssembly.dll">
      <Execution id="0e227136-e287-4d71-a59e-400047dbd216" />
      <TestMethod codeBase="TestAssembly.dll" className="TestNamespace.TestClass3" name="Test9225" />
    </UnitTest>
    <UnitTest name="Test9226" id="663fc5ea-f5b3-45ea-8da7-426f5d4442cc" storage="TestAssembly.dll">
      <Execution id="00f20776-0e93-4f05-acfa-8da330a737f9" />
      <TestMethod codeBase="TestAssembly.dll" className="TestNamespace.TestClass3" name="Test9226" />
    </UnitTest>
    <UnitTest name="Test9227" id="1a144930-efdb-4e6f-9485-a7ad2e0301cc" storage="TestAssembly.dll">
      <Execution id="64ee9f42-4171-4a1b-8c74-2046219a6dbb" />
      <TestMethod codeBase="TestAssembly.dll" className="TestNamespace.TestClass3" name="Test9227" />
    </UnitTest>
    <UnitTest name="Test9228" id="f0ce337e-751d-49fb-8ab2-6dd8e6fc54a7" storage="TestAssembly.dll">
      <Execution id="2afeeada-b83d-4f64-84b3-fdb60d51560d" />
      <TestMethod codeBase="TestAssembly.dll" className="TestNamespace.TestClass3" name="Test9228" />
    </UnitTest>
    <UnitTest name="Test9229" id="81fed689-00a8-49c2-b37b-c2242304c592" storage="TestAssembly.dll">
      <Execution id="1962fb41-137e-4a0a-98cc-8da80b73ff83" />
      <TestMethod codeBase="TestAssembly.dll" className="TestNamespace.TestClass3" name="Test9229" />
    </UnitTest>
    <UnitTest name="Test9230" id="2b0357b4-c0e2-4433-ae69-dc717931a1d6" storage="TestAssembly.dll">
      <Execution id="423d09d3-01bf-4f18-9cc0-2656dc639a9a" />
      <TestMethod codeBase="TestAssembly.dll" className="TestNamespace.TestClass3" name="Test9230" />
    </UnitTest>
    <UnitTest name="Test9231" id="50ee43e1-077c-4ce6-8d87-5f71d86f291c" storage="TestAssembly.dll">
      <Execution id="edd74435-1488-4d3f-9911-573e0ce78aa3" />
      <TestMethod codeBase="TestAssembly.dll" className="TestNamespace.TestClass4" name="Test9231" />
    </UnitTest>
    <UnitTest name="Test9232" id="a3c6a869-a1d2-4424-8e74-217aade5aeeb" storage="TestAssembly.dll">
      <Execution id="a2c72c99-6578-4bf2-bd46-b74e60d934e3" />
      <TestMethod codeBase="TestAssembly.dll" className="TestNamespace.TestClass4" name="Test9232" />
    </UnitTest>
    <UnitTest name="Test9233" id="c77c3a11-31b1-45eb-b02b-96e174f5d3e3" storage="TestAssembly.dll">
      <Execution id="eb0010c8-c8e8-42a4-8faf-1e918a919d1b" />
      <TestMethod codeBase="TestAssembly.dll" className="TestNamespace.TestClass4" name="Test9233" />
    </UnitTest>
    <UnitTest name="Test9234" id="6afd6949-22e9-463d-b045-072368f220f3" storage="TestAssembly.dll">
      <Execution id="b1b51921-54c4-42b4-9a66-641b77c3bcc8" />
      <TestMethod codeBase="TestAssembly.dll" className="TestNamespace.TestClass4" name="Test9234" />
    </UnitTest>
    <UnitTest name="Test9235" id="bd728e65-166c-42f9-b913-d79c4042e0bb" storage="TestAssembly.dll">
      <Execution id="05b5760e-9d7c-47c8-862a-719cc0b07793" />
      <TestMethod codeBase="TestAssembly.dll" className="TestNamespace.TestClass4" name="Test9235" />
    </UnitTest>
    <UnitTest name="Test9236" id="0ab3dd7b-c5d5-437f-b641-23405c0ca6cb" storage="TestAssembly.dll">
      <Execution id="2c23b0e8-047e-4e3b-924a-c0dea8e20805" />
      <TestMethod codeBase="TestAssembly.dll" className="TestNamespace.TestClass4" name="Test9236" />
    </UnitTest>
    <UnitTest name="Test9237" id="b43b2c32-fddc-49cb-a4ef-f1d51b916447" storage="TestAssembly.dll">
      <Execution id="2173e04a-3821-4219-b42e-7cc7342d5f5d" />
      <TestMethod codeBase="TestAssembly.dll" className="TestNamespace.TestClass4" name="Test9237" />
    </UnitTest>
    <UnitTest name="Test9238" id="52d5ea19-9989-4a13-bf89-68fb1bd3c735" storage="TestAssembly.dll">
      <Execution id="319ce4a8-f33c-4d14-a35e-9ada3c57a18c" />
      <TestMethod codeBase="TestAssembly.dll" className="TestNamespace.TestClass4" name="Test9238" />
    </UnitTest>
    <UnitTest name="Test9239" id="4d663ba8-66d2-49be-9918-d7d578f7c561" storage="TestAssembly.dll">
      <Execution id="dd2954b4-be24-425d-b0e8-f3c37e01a78b" />
      <TestMethod codeBase="TestAssembly.dll" className="TestNamespace.TestClass4" name="Test9239" />
    </UnitTest>
    <UnitTest name="Test9240" id="e92bc3f5-754f-4266-8523-fac79fef12c1" storage="TestAssembly.dll">
      <Execution id="c2c88187-cf68-406d-b8f6-bd5933cd2332" />
      <TestMethod codeBase="TestAssembly.dll" className="TestNamespace.TestClass4" name="Test9240" />
    </UnitTest>
    <UnitTest name="Test9241" id="3c66bd0b-f266-404b-b5a3-46abb87b5699" storage="TestAssembly.dll">
      <Execution id="976ccad2-dca2-442e-aea1-ea19a63554d0" />
      <TestMethod codeBase="TestAssembly.dll" className="TestNamespace.TestClass5" name="Test9241" />
    </UnitTest>
    <UnitTest name="Test9242" id="f1878d02-0250-4ead-b070-cb21bd94c83d" storage="TestAssembly.dll">
      <Execution id="7fa460b4-934b-4c99-aade-29069b5e2303" />
      <TestMethod codeBase="TestAssembly.dll" className="TestNamespace.TestClass5" name="Test9242" />
    </UnitTest>
    <UnitTest name="Test9243" id="5d46355d-25bf-4159-b31f-83cd5f7a30b7" storage="TestAssembly.dll">
      <Execution id="c0f8d103-2ef8-4124-92f2-d2068a5821a1" />
      <TestMethod codeBase="TestAssembly.dll" className="TestNamespace.TestClass5" name="Test9243" />
    </UnitTest>
    <UnitTest name="Test9244" id="4c11ceab-a360-49d7-8f7b-143d85be6ed9" storage="TestAssembly.dll">
      <Execution id="b5d5cc10-6a43-4d38-98cb-3e21dc415c38" />
      <TestMethod codeBase="TestAssembly.dll" className="TestNamespace.TestClass5" name="Test9244" />
    </UnitTest>
    <UnitTest name="Test9245" id="96b41a5f-1b02-4bbb-9e64-6447bcf94aa4" storage="TestAssembly.dll">
      <Execution id="f96c8dc1-9dda-400e-8f8d-8e454247fc4f" />
      <TestMethod codeBase="TestAssembly.dll" className="TestNamespace.TestClass5" name="Test9245" />
    </UnitTest>
    <UnitTest name="Test9246" id="d1b87284-1aed-4487-89c0-ea81e25d2e9c" storage="TestAssembly.dll">
      <Execution id="c0ea09e5-11c2-4765-98e6-4ddf3b13004f" />
      <TestMethod codeBase="TestAssembly.dll" className="TestNamespace.TestClass5" name="Test9246" />
    </UnitTest>
    <UnitTest name="Test9247" id="e0295c13-b0d8-4e96-852c-2e30f00335b7" storage="TestAssembly.dll">
      <Execution id="a0d6dd6c-7c34-4845-8c87-65ad8040ac10" />
      <TestMethod codeBase="TestAssembly.dll" className="TestNamespace.TestClass5" name="Test9247" />
    </UnitTest>
    <UnitTest name="Test9248" id="d57b90e0-d4c0-41ed-afe8-26f8de204ac1" storage="TestAssembly.dll">
      <Execution id="4b59d00c-18b5-4a75-9041-bccc929694e7" />
      <TestMethod codeBase="TestAssembly.dll" className="TestNamespace.TestClass5" name="Test9248" />
    </UnitTest>
    <UnitTest name="Test9249" id="4676aecb-dee2-477a-89dd-1ff08df08a18" storage="TestAssembly.dll">
      <Execution id="412bbb3b-a69b-482d-840f-165d4bef8e68" />
      <TestMethod codeBase="TestAssembly.dll" className="TestNamespace.TestClass5" name="Test9249" />
    </UnitTest>
    <UnitTest name="Test9250" id="9b7948b8-d6a5-49f1-a4c8-77ee0c06240f" storage="TestAssembly.dll">
      <Execution id="624a95e9-78e8-4391-a301-6a56ec161d66" />
      <TestMethod codeBase="TestAssembly.dll" className="TestNamespace.TestClass5" name="Test9250" />
    </UnitTest>
    <UnitTest name="Test9251" id="4b4eb869-57e3-42ae-a9b8-192f69df46f5" storage="TestAssembly.dll">
      <Execution id="a2aeacda-a98b-4c06-9ade-bc1b31b7c97b" />
      <TestMethod codeBase="TestAssembly.dll" className="TestNamespace.TestClass6" name="Test9251" />
    </UnitTest>
    <UnitTest name="Test9252" id="b82a97df-f8ae-45e1-9de9-9feb8e86f11a" storage="TestAssembly.dll">
      <Execution id="d166d490-0b7a-4261-b901-73b9f6df3a94" />
      <TestMethod codeBase="TestAssembly.dll" className="TestNamespace.TestClass6" name="Test9252" />
    </UnitTest>
    <UnitTest name="Test9253" id="33007124-8d07-4bea-a3aa-af8776cac3e2" storage="TestAssembly.dll">
      <Execution id="3c490189-dfc0-4f43-ab0d-d545e9803531" />
      <TestMethod codeBase="TestAssembly.dll" className="TestNamespace.TestClass6" name="Test9253" />
    </UnitTest>
    <UnitTest name="Test9254" id="07dcc2e5-adad-4255-9c8c-7e738e064eee" storage="TestAssembly.dll">
      <Execution id="d53bd0af-3e8d-432e-ad23-b1a05acd7e4e" />
      <TestMethod codeBase="TestAssembly.dll" className="TestNamespace.TestClass6" name="Test9254" />
    </UnitTest>
    <UnitTest name="Test9255" id="8959717b-647b-4a89-9971-b56d750d2130" storage="TestAssembly.dll">
      <Execution id="15977894-e52e-4398-8720-bbb19abe9559" />
      <TestMethod codeBase="TestAssembly.dll" className="TestNamespace.TestClass6" name="Test9255" />
    </UnitTest>
    <UnitTest name="Test9256" id="c2cd27c3-6291-4006-aa84-180b02d701be" storage="TestAssembly.dll">
      <Execution id="99bf105b-8b67-4b0e-8f10-f2e3aef0aa6f" />
      <TestMethod codeBase="TestAssembly.dll" className="TestNamespace.TestClass6" name="Test9256" />
    </UnitTest>
    <UnitTest name="Test9257" id="7f7879c6-7ac3-4658-93e3-65498eae9eb8" storage="TestAssembly.dll">
      <Execution id="ee1139f7-87f2-476f-a5e5-b0eb144c440c" />
      <TestMethod codeBase="TestAssembly.dll" className="TestNamespace.TestClass6" name="Test9257" />
    </UnitTest>
    <UnitTest name="Test9258" id="d38914b0-c890-419d-8fa9-d50371f8c7ce" storage="TestAssembly.dll">
      <Execution id="e1755e53-86e1-453c-a46c-01ff1536c5e7" />
      <TestMethod codeBase="TestAssembly.dll" className="TestNamespace.TestClass6" name="Test9258" />
    </UnitTest>
    <UnitTest name="Test9259" id="e259436a-ea6e-404e-ab23-b685ee7305b4" storage="TestAssembly.dll">
      <Execution id="7c9c6b6f-4a7d-4897-8b1b-65c52edeb6b6" />
      <TestMethod codeBase="TestAssembly.dll" className="TestNamespace.TestClass6" name="Test9259" />
    </UnitTest>
    <UnitTest name="Test9260" id="7aa372ce-1c42-4ccd-935a-1aecf38d3c77" storage="TestAssembly.dll">
      <Execution id="4a79dfcb-8810-4cb0-a4fc-12f420bd806f" />
      <TestMethod codeBase="TestAssembly.dll" className="TestNamespace.TestClass6" name="Test9260" />
    </UnitTest>
    <UnitTest name="Test9261" id="9a736f9a-c9b6-4a40-bbdc-06b38d66ffe8" storage="TestAssembly.dll">
      <Execution id="5635419d-f81a-4a5b-800d-ffb498834e73" />
      <TestMethod codeBase="TestAssembly.dll" className="TestNamespace.TestClass7" name="Test9261" />
    </UnitTest>
    <UnitTest name="Test9262" id="73d9da7b-7a81-4bba-a452-d3d2d6f9c55f" storage="TestAssembly.dll">
      <Execution id="3aae711f-6cc2-4c3b-9656-da5d6369530c" />
      <TestMethod codeBase="TestAssembly.dll" className="TestNamespace.TestClass7" name="Test9262" />
    </UnitTest>
    <UnitTest name="Test9263" id="491cd39a-f09f-4560-aa6c-8b2e684fee09" storage="TestAssembly.dll">
      <Execution id="acab2042-4fb5-494a-9241-922f005cae09" />
      <TestMethod codeBase="TestAssembly.dll" className="TestNamespace.TestClass7" name="Test9263" />
    </UnitTest>
    <UnitTest name="Test9264" id="777fd435-9e84-41e1-9a3a-1e1287ea18dc" storage="TestAssembly.dll">
      <Execution id="82d7e233-aafb-4aaa-9488-4b9e8262e614" />
      <TestMethod codeBase="TestAssembly.dll" className="TestNamespace.TestClass7" name="Test9264" />
    </UnitTest>
    <UnitTest name="Test9265" id="2bde4547-25bb-4c44-bf77-e9d3ed9486f4" storage="TestAssembly.dll">
      <Execution id="36703f1f-8069-4249-beeb-9fc9724156f2" />
      <TestMethod codeBase="TestAssembly.dll" className="TestNamespace.TestClass7" name="Test9265" />
    </UnitTest>
    <UnitTest name="Test9266" id="a416761c-2398-40d8-a7b7-a67fd61ea83b" storage="TestAssembly.dll">
      <Execution id="3d16e497-628d-43c0-afc9-5d732a25c0de" />
      <TestMethod codeBase="TestAssembly.dll" className="TestNamespace.TestClass7" name="Test9266" />
    </UnitTest>
    <UnitTest name="Test9267" id="bed0023f-9fb1-40d4-8920-1baad56b1ac4" storage="TestAssembly.dll">
      <Execution id="02e9b0dc-7186-441b-9cca-c71118af1fe9" />
      <TestMethod codeBase="TestAssembly.dll" className="TestNamespace.TestClass7" name="Test9267" />
    </UnitTest>
    <UnitTest name="Test9268" id="273a6e47-9652-4012-8e02-77d44249cb5e" storage="TestAssembly.dll">
      <Execution id="527d9134-ce6e-46e3-ae4c-2d4684d71b04" />
      <TestMethod codeBase="TestAssembly.dll" className="TestNamespace.TestClass7" name="Test9268" />
    </UnitTest>
    <UnitTest name="Test9269" id="c77dc111-771f-434f-9109-a85643cac767" storage="TestAssembly.dll">
      <Execution id="e139f08e-62e9-456d-a78b-aac7ad7a930a" />
      <TestMethod codeBase="TestAssembly.dll" className="TestNamespace.TestClass7" name="Test9269" />
    </UnitTest>
    <UnitTest name="Test9270" id="a381213c-7505-4a29-b4fd-3b6f6ee19d3c" storage="TestAssembly.dll">
      <Execution id="ae81d219-8bea-41ab-86ea-34db75584b85" />
      <TestMethod codeBase="TestAssembly.dll" className="TestNamespace.TestClass7" name="Test9270" />
    </UnitTest>
    <UnitTest name="Test9271" id="783250a1-5869-4190-9305-5272ef0fac08" storage="TestAssembly.dll">
      <Execution id="6bbc6fb8-8f36-45b2-a227-be6a452fbc25" />
      <TestMethod codeBase="TestAssembly.dll" className="TestNamespace.TestClass8" name="Test9271" />
    </UnitTest>
    <UnitTest name="Test9272" id="781f0889-191f-4ccb-8881-663f3a2e02aa" storage="TestAssembly.dll">
      <Execution id="f180c606-34db-4c10-b3b4-18b36da299c4" />
      <TestMethod codeBase="TestAssembly.dll" className="TestNamespace.TestClass8" name="Test9272" />
    </UnitTest>
    <UnitTest name="Test9273" id="77d323b0-60ae-45ef-8989-31c14e50bf4b" storage="TestAssembly.dll">
      <Execution id="c7bf7023-0fd3-4b55-8efd-b337ea262ca3" />
      <TestMethod codeBase="TestAssembly.dll" className="TestNamespace.TestClass8" name="Test9273" />
    </UnitTest>
    <UnitTest name="Test9274" id="8e374c56-fcaa-48a7-a90e-25688d025fc7" storage="TestAssembly.dll">
      <Execution id="151318a1-2488-424b-ac74-a0981dce314a" />
      <TestMethod codeBase="TestAssembly.dll" className="TestNamespace.TestClass8" name="Test9274" />
    </UnitTest>
    <UnitTest name="Test9275" id="553ba477-1221-42b4-bb6e-81b1efa54b82" storage="TestAssembly.dll">
      <Execution id="93de1db1-e089-44f8-a754-455428d3b115" />
      <TestMethod codeBase="TestAssembly.dll" className="TestNamespace.TestClass8" name="Test9275" />
    </UnitTest>
    <UnitTest name="Test9276" id="5a3357aa-897f-4516-91ad-37e07b8ed2b6" storage="TestAssembly.dll">
      <Execution id="160dd628-8439-4f75-8c0c-0489c52be6ec" />
      <TestMethod codeBase="TestAssembly.dll" className="TestNamespace.TestClass8" name="Test9276" />
    </UnitTest>
    <UnitTest name="Test9277" id="23f37727-670f-4731-ac02-4cca9a2059f9" storage="TestAssembly.dll">
      <Execution id="ebbc74d3-a479-426c-9180-b193cb654bd8" />
      <TestMethod codeBase="TestAssembly.dll" className="TestNamespace.TestClass8" name="Test9277" />
    </UnitTest>
    <UnitTest name="Test9278" id="2a28f751-1af9-4d96-8b61-abfb0dc7a845" storage="TestAssembly.dll">
      <Execution id="793dcaed-7989-4978-a264-f38444924820" />
      <TestMethod codeBase="TestAssembly.dll" className="TestNamespace.TestClass8" name="Test9278" />
    </UnitTest>
    <UnitTest name="Test9279" id="a2f083e3-185f-4500-8532-d7e4814b5fc5" storage="TestAssembly.dll">
      <Execution id="4e476d65-1728-42d1-a6cf-a9d0a725b2ba" />
      <TestMethod codeBase="TestAssembly.dll" className="TestNamespace.TestClass8" name="Test9279" />
    </UnitTest>
    <UnitTest name="Test9280" id="e7a6e5c2-fb92-4109-ba68-80fb7eafa660" storage="TestAssembly.dll">
      <Execution id="0652fa88-0f5b-4002-a204-8eeb9912e68c" />
      <TestMethod codeBase="TestAssembly.dll" className="TestNamespace.TestClass8" name="Test9280" />
    </UnitTest>
    <UnitTest name="Test9281" id="066a7584-9813-4202-9f88-6d6736512332" storage="TestAssembly.dll">
      <Execution id="de28b5a9-4818-49d9-9acd-4ba11ec3704f" />
      <TestMethod codeBase="TestAssembly.dll" className="TestNamespace.TestClass9" name="Test9281" />
    </UnitTest>
    <UnitTest name="Test9282" id="99049929-9850-47d0-917c-873caee6ca38" storage="TestAssembly.dll">
      <Execution id="da4c640a-040d-4a29-9820-f0d793ab9ec0" />
      <TestMethod codeBase="TestAssembly.dll" className="TestNamespace.TestClass9" name="Test9282" />
    </UnitTest>
    <UnitTest name="Test9283" id="c8611ea2-24fb-4d0d-8e43-272884dd39f4" storage="TestAssembly.dll">
      <Execution id="6bf08004-eed7-4109-9941-75a2eeb42ed5" />
      <TestMethod codeBase="TestAssembly.dll" className="TestNamespace.TestClass9" name="Test9283" />
    </UnitTest>
    <UnitTest name="Test9284" id="77114693-6e7b-4efd-a35b-24bec624d8be" storage="TestAssembly.dll">
      <Execution id="6ee9ae89-dd41-4806-92db-1b05b0c32dff" />
      <TestMethod codeBase="TestAssembly.dll" className="TestNamespace.TestClass9" name="Test9284" />
    </UnitTest>
    <UnitTest name="Test9285" id="d495ba10-46e8-48ca-8a66-94d368c9f242" storage="TestAssembly.dll">
      <Execution id="421166ad-8cc6-435b-b001-6204d8e22c5b" />
      <TestMethod codeBase="TestAssembly.dll" className="TestNamespace.TestClass9" name="Test9285" />
    </UnitTest>
    <UnitTest name="Test9286" id="06ff09b3-1ac3-476c-8ed0-3ac4e1526e36" storage="TestAssembly.dll">
      <Execution id="a80ff6e7-7a90-4ea7-9525-71350d9c146c" />
      <TestMethod codeBase="TestAssembly.dll" className="TestNamespace.TestClass9" name="Test9286" />
    </UnitTest>
    <UnitTest name="Test9287" id="a528574d-aea7-4d52-aebd-e74b926b1f9d" storage="TestAssembly.dll">
      <Execution id="4a095023-a192-4ae3-9292-d03018343a6b" />
      <TestMethod codeBase="TestAssembly.dll" className="TestNamespace.TestClass9" name="Test9287" />
    </UnitTest>
    <UnitTest name="Test9288" id="52a64780-62fc-42d2-b535-5e58b951e0d6" storage="TestAssembly.dll">
      <Execution id="02b71e8c-61b0-4b79-804f-9ce5ac62acc7" />
      <TestMethod codeBase="TestAssembly.dll" className="TestNamespace.TestClass9" name="Test9288" />
    </UnitTest>
    <UnitTest name="Test9289" id="1c60992d-f3e6-4498-be31-90cd3e983368" storage="TestAssembly.dll">
      <Execution id="2fd9cb08-0581-4fe1-9e1d-19cfe9233773" />
      <TestMethod codeBase="TestAssembly.dll" className="TestNamespace.TestClass9" name="Test9289" />
    </UnitTest>
    <UnitTest name="Test9290" id="805d7cf3-64d1-4b96-8c6d-c53f676f6713" storage="TestAssembly.dll">
      <Execution id="902f67da-0711-4774-ace4-80741f9f26d1" />
      <TestMethod codeBase="TestAssembly.dll" className="TestNamespace.TestClass9" name="Test9290" />
    </UnitTest>
    <UnitTest name="Test9291" id="c6f22996-442f-4c5a-86ed-4df29f22d007" storage="TestAssembly.dll">
      <Execution id="4b01cb3f-4c97-455e-8464-79f11da4f95b" />
      <TestMethod codeBase="TestAssembly.dll" className="TestNamespace.TestClass10" name="Test9291" />
    </UnitTest>
    <UnitTest name="Test9292" id="80ebeb12-03c2-4457-a9b3-099b8281e900" storage="TestAssembly.dll">
      <Execution id="c0634d76-7cce-47fe-9a4e-a1ca6d787603" />
      <TestMethod codeBase="TestAssembly.dll" className="TestNamespace.TestClass10" name="Test9292" />
    </UnitTest>
    <UnitTest name="Test9293" id="d52b2789-705b-4ecd-84fd-16b9c93edc92" storage="TestAssembly.dll">
      <Execution id="0ed73dad-d0d2-4ab9-b66a-013bf2704693" />
      <TestMethod codeBase="TestAssembly.dll" className="TestNamespace.TestClass10" name="Test9293" />
    </UnitTest>
    <UnitTest name="Test9294" id="6edd67ea-5b20-412d-a6c2-63cd74fe9c20" storage="TestAssembly.dll">
      <Execution id="3c9345ef-6f7c-4aac-861c-4dfa4d7314e1" />
      <TestMethod codeBase="TestAssembly.dll" className="TestNamespace.TestClass10" name="Test9294" />
    </UnitTest>
    <UnitTest name="Test9295" id="d80f81f8-2802-477b-8750-a1f414cdf2d3" storage="TestAssembly.dll">
      <Execution id="6a934a41-6eb9-4ff1-8fad-32cde2bace12" />
      <TestMethod codeBase="TestAssembly.dll" className="TestNamespace.TestClass10" name="Test9295" />
    </UnitTest>
    <UnitTest name="Test9296" id="a601d8a1-b48e-4778-a26e-6aefbe8482ad" storage="TestAssembly.dll">
      <Execution id="c5b56f22-5d3a-4b86-a4e3-f81048cf8241" />
      <TestMethod codeBase="TestAssembly.dll" className="TestNamespace.TestClass10" name="Test9296" />
    </UnitTest>
    <UnitTest name="Test9297" id="ec0b216f-4513-4307-9a22-596e77e78be3" storage="TestAssembly.dll">
      <Execution id="cb560126-837c-498a-98a7-ca5909fde88e" />
      <TestMethod codeBase="TestAssembly.dll" className="TestNamespace.TestClass10" name="Test9297" />
    </UnitTest>
    <UnitTest name="Test9298" id="c288bb45-6820-4ad8-a9e5-6c9bd8777036" storage="TestAssembly.dll">
      <Execution id="9cdaa556-6c5c-4125-a953-bb1216eed7b7" />
      <TestMethod codeBase="TestAssembly.dll" className="TestNamespace.TestClass10" name="Test9298" />
    </UnitTest>
    <UnitTest name="Test9299" id="f336aaca-aec4-40f2-b690-6d0fdbce2cd5" storage="TestAssembly.dll">
      <Execution id="520eb58e-658d-4078-b4a5-7814595b4a52" />
      <TestMethod codeBase="TestAssembly.dll" className="TestNamespace.TestClass10" name="Test9299" />
    </UnitTest>
    <UnitTest name="Test9300" id="89ebedd9-57a1-4793-b26e-c6caf1e94f8b" storage="TestAssembly.dll">
      <Execution id="f264f104-4693-466e-aa29-2c3e397265e9" />
      <TestMethod codeBase="TestAssembly.dll" className="TestNamespace.TestClass10" name="Test9300" />
    </UnitTest>
  </TestDefinitions>
  <TestEntries>
    <TestEntry testId="73cdf86d-dbb0-4295-8f2e-7baeb9a032e9" executionId="2e950f2a-6e6c-47f0-9fe4-2a7f445e878b" testListId="4eda7ac0-25b1-4f2e-9c4b-f56aa44a401b" />
    <TestEntry testId="d0dec326-8cae-4ac2-8c88-c889fc3010f1" executionId="cb3699c6-aed4-4f72-8650-0939567d09b1" testListId="4eda7ac0-25b1-4f2e-9c4b-f56aa44a401b" />
    <TestEntry testId="745e4467-e69e-4cd8-9137-4b04c49e7222" executionId="7bf11a82-8cbd-42e7-a41b-99013e9f36ec" testListId="4eda7ac0-25b1-4f2e-9c4b-f56aa44a401b" />
    <TestEntry testId="fced1ddf-fc29-4963-8ba7-48d07a53149c" executionId="ba72b960-56a4-457a-80b3-f5ea0ef4fb39" testListId="4eda7ac0-25b1-4f2e-9c4b-f56aa44a401b" />
    <TestEntry testId="750742db-9ccb-43ad-97a5-d7e43affa8cc" executionId="890abb65-80e4-4912-8f94-32b9216861dc" testListId="4eda7ac0-25b1-4f2e-9c4b-f56aa44a401b" />
    <TestEntry testId="774f53d2-5ed7-4029-a577-bc9b554311df" executionId="5ff1ccbd-5102-40fd-804d-dd6bc3257e6d" testListId="4eda7ac0-25b1-4f2e-9c4b-f56aa44a401b" />
    <TestEntry testId="b450fd3a-ef2c-4068-8116-7dfd55deb26b" executionId="bbe5f76e-9283-40d3-ac38-f3e816c171b9" testListId="4eda7ac0-25b1-4f2e-9c4b-f56aa44a401b" />
    <TestEntry testId="039fe1c9-01a6-47f2-90b8-10f77dc49e96" executionId="d2ec6e08-b1f0-4bf2-89bd-b57436b0bdf3" testListId="4eda7ac0-25b1-4f2e-9c4b-f56aa44a401b" />
    <TestEntry testId="442af14d-6519-4c24-aeae-f7b42c2256b8" executionId="38a75773-b458-4c8b-ad29-ec3a91976104" testListId="4eda7ac0-25b1-4f2e-9c4b-f56aa44a401b" />
    <TestEntry testId="30c5b000-0441-4562-ad38-4c7873955a87" executionId="d1e14ddb-0e00-44e1-9854-c145e291aa01" testListId="4eda7ac0-25b1-4f2e-9c4b-f56aa44a401b" />
    <TestEntry testId="232f9f39-6a20-4bbc-a6be-7a0680d4c88e" executionId="1f06890e-4058-4461-8231-be26b4e8b88c" testListId="4eda7ac0-25b1-4f2e-9c4b-f56aa44a401b" />
    <TestEntry testId="a2128a21-d288-4d28-a58a-2c0fafc79cb4" executionId="774580bc-4ef5-49f6-9ccf-0cd7071b3c2f" testListId="4eda7ac0-25b1-4f2e-9c4b-f56aa44a401b" />
    <TestEntry testId="2d9a94d3-839a-4a83-9552-cbdb77b541b7" executionId="e90cbee3-ae09-4de7-a0f3-a2b4ea66f6cc" testListId="4eda7ac0-25b1-4f2e-9c4b-f56aa44a401b" />
    <TestEntry testId="1fd13c9a-ea8d-479c-96ea-99e638618862" executionId="5384cfd7-ed18-4956-8ef7-cd048da6a5ad" testListId="4eda7ac0-25b1-4f2e-9c4b-f56aa44a401b" />
    <TestEntry testId="fa13ff89-6f13-4d20-b2d2-6cfba09643d9" executionId="e72d36ed-1efa-44c4-961c-e355d952fcc3" testListId="4eda7ac0-25b1-4f2e-9c4b-f56aa44a401b" />
    <TestEntry testId="790f42c0-c20a-4b5c-98aa-c28dab2094c4" executionId="7b6b2346-7347-4eda-8078-3a01fafc4280" testListId="4eda7ac0-25b1-4f2e-9c4b-f56aa44a401b" />
    <TestEntry testId="1c6553df-b206-4e50-8ef7-baddc90961c9" executionId="f66c0db5-df9e-4966-b3ee-1565af26e137" testListId="4eda7ac0-25b1-4f2e-9c4b-f56aa44a401b" />
    <TestEntry testId="9bf0d2a3-57b2-4284-be6a-815c7cade19b" executionId="db7469f2-7b22-40b1-a794-227aaf4bd3db" testListId="4eda7ac0-25b1-4f2e-9c4b-f56aa44a401b" />
    <TestEntry testId="ce69793b-e691-4e6c-94d3-b33aed9bb142" executionId="f7aad53d-6559-4411-b010-d6d815bd2d30" testListId="4eda7ac0-25b1-4f2e-9c4b-f56aa44a401b" />
    <TestEntry testId="6ca4a4ba-0e16-41dc-804a-71846dc6422e" executionId="78312ba1-4593-4566-baae-473e7e8f2503" testListId="4eda7ac0-25b1-4f2e-9c4b-f56aa44a401b" />
    <TestEntry testId="94ef5a48-7a26-436f-b329-6febfd8d9471" executionId="bce0b2a1-ce62-4da7-a5d8-56bcc4492455" testListId="4eda7ac0-25b1-4f2e-9c4b-f56aa44a401b" />
    <TestEntry testId="38951921-6b20-4f75-940f-b18d083e889a" executionId="9efcf4aa-f90f-4067-8188-a88ba67c766b" testListId="4eda7ac0-25b1-4f2e-9c4b-f56aa44a401b" />
    <TestEntry testId="d4707908-e319-49b8-84c4-18ec21b1581d" executionId="3eed75a3-c053-409e-a1e1-bceee6032b1c" testListId="4eda7ac0-25b1-4f2e-9c4b-f56aa44a401b" />
    <TestEntry testId="e47ba15a-da4a-45c1-9ada-7af64ab071bd" executionId="08f5014a-5a87-4d48-b2ae-4fbc1807afd0" testListId="4eda7ac0-25b1-4f2e-9c4b-f56aa44a401b" />
    <TestEntry testId="eeab6de9-a285-403d-932d-f4da6253e1f1" executionId="0e227136-e287-4d71-a59e-400047dbd216" testListId="4eda7ac0-25b1-4f2e-9c4b-f56aa44a401b" />
    <TestEntry testId="663fc5ea-f5b3-45ea-8da7-426f5d4442cc" executionId="00f20776-0e93-4f05-acfa-8da330a737f9" testListId="4eda7ac0-25b1-4f2e-9c4b-f56aa44a401b" />
    <TestEntry testId="1a144930-efdb-4e6f-9485-a7ad2e0301cc" executionId="64ee9f42-4171-4a1b-8c74-2046219a6dbb" testListId="4eda7ac0-25b1-4f2e-9c4b-f56aa44a401b" />
    <TestEntry testId="f0ce337e-751d-49fb-8ab2-6dd8e6fc54a7" executionId="2afeeada-b83d-4f64-84b3-fdb60d51560d" testListId="4eda7ac0-25b1-4f2e-9c4b-f56aa44a401b" />
    <TestEntry testId="81fed689-00a8-49c2-b37b-c2242304c592" executionId="1962fb41-137e-4a0a-98cc-8da80b73ff83" testListId="4eda7ac0-25b1-4f2e-9c4b-f56aa44a401b" />
    <TestEntry testId="2b0357b4-c0e2-4433-ae69-dc717931a1d6" executionId="423d09d3-01bf-4f18-9cc0-2656dc639a9a" testListId="4eda7ac0-25b1-4f2e-9c4b-f56aa44a401b" />
    <TestEntry testId="50ee43e1-077c-4ce6-8d87-5f71d86f291c" executionId="edd74435-1488-4d3f-9911-573e0ce78aa3" testListId="4eda7ac0-25b1-4f2e-9c4b-f56aa44a401b" />
    <TestEntry testId="a3c6a869-a1d2-4424-8e74-217aade5aeeb" executionId="a2c72c99-6578-4bf2-bd46-b74e60d934e3" testListId="4eda7ac0-25b1-4f2e-9c4b-f56aa44a401b" />
    <TestEntry testId="c77c3a11-31b1-45eb-b02b-96e174f5d3e3" executionId="eb0010c8-c8e8-42a4-8faf-1e918a919d1b" testListId="4eda7ac0-25b1-4f2e-9c4b-f56aa44a401b" />
    <TestEntry testId="6afd6949-22e9-463d-b045-072368f220f3" executionId="b1b51921-54c4-42b4-9a66-641b77c3bcc8" testListId="4eda7ac0-25b1-4f2e-9c4b-f56aa44a401b" />
    <TestEntry testId="bd728e65-166c-42f9-b913-d79c4042e0bb" executionId="05b5760e-9d7c-47c8-862a-719cc0b07793" testListId="4eda7ac0-25b1-4f2e-9c4b-f56aa44a401b" />
    <TestEntry testId="0ab3dd7b-c5d5-437f-b641-23405c0ca6cb" executionId="2c23b0e8-047e-4e3b-924a-c0dea8e20805" testListId="4eda7ac0-25b1-4f2e-9c4b-f56aa44a401b" />
    <TestEntry testId="b43b2c32-fddc-49cb-a4ef-f1d51b916447" executionId="2173e04a-3821-4219-b42e-7cc7342d5f5d" testListId="4eda7ac0-25b1-4f2e-9c4b-f56aa44a401b" />
    <TestEntry testId="52d5ea19-9989-4a13-bf89-68fb1bd3c735" executionId="319ce4a8-f33c-4d14-a35e-9ada3c57a18c" testListId="4eda7ac0-25b1-4f2e-9c4b-f56aa44a401b" />
    <TestEntry testId="4d663ba8-66d2-49be-9918-d7d578f7c561" executionId="dd2954b4-be24-425d-b0e8-f3c37e01a78b" testListId="4eda7ac0-25b1-4f2e-9c4b-f56aa44a401b" />
    <TestEntry testId="e92bc3f5-754f-4266-8523-fac79fef12c1" executionId="c2c88187-cf68-406d-b8f6-bd5933cd2332" testListId="4eda7ac0-25b1-4f2e-9c4b-f56aa44a401b" />
    <TestEntry testId="3c66bd0b-f266-404b-b5a3-46abb87b5699" executionId="976ccad2-dca2-442e-aea1-ea19a63554d0" testListId="4eda7ac0-25b1-4f2e-9c4b-f56aa44a401b" />
    <TestEntry testId="f1878d02-0250-4ead-b070-cb21bd94c83d" executionId="7fa460b4-934b-4c99-aade-29069b5e2303" testListId="4eda7ac0-25b1-4f2e-9c4b-f56aa44a401b" />
    <TestEntry testId="5d46355d-25bf-4159-b31f-83cd5f7a30b7" executionId="c0f8d103-2ef8-4124-92f2-d2068a5821a1" testListId="4eda7ac0-25b1-4f2e-9c4b-f56aa44a401b" />
    <TestEntry testId="4c11ceab-a360-49d7-8f7b-143d85be6ed9" executionId="b5d5cc10-6a43-4d38-98cb-3e21dc415c38" testListId="4eda7ac0-25b1-4f2e-9c4b-f56aa44a401b" />
    <TestEntry testId="96b41a5f-1b02-4bbb-9e64-6447bcf94aa4" executionId="f96c8dc1-9dda-400e-8f8d-8e454247fc4f" testListId="4eda7ac0-25b1-4f2e-9c4b-f56aa44a401b" />
    <TestEntry testId="d1b87284-1aed-4487-89c0-ea81e25d2e9c" executionId="c0ea09e5-11c2-4765-98e6-4ddf3b13004f" testListId="4eda7ac0-25b1-4f2e-9c4b-f56aa44a401b" />
    <TestEntry testId="e0295c13-b0d8-4e96-852c-2e30f00335b7" executionId="a0d6dd6c-7c34-4845-8c87-65ad8040ac10" testListId="4eda7ac0-25b1-4f2e-9c4b-f56aa44a401b" />
    <TestEntry testId="d57b90e0-d4c0-41ed-afe8-26f8de204ac1" executionId="4b59d00c-18b5-4a75-9041-bccc929694e7" testListId="4eda7ac0-25b1-4f2e-9c4b-f56aa44a401b" />
    <TestEntry testId="4676aecb-dee2-477a-89dd-1ff08df08a18" executionId="412bbb3b-a69b-482d-840f-165d4bef8e68" testListId="4eda7ac0-25b1-4f2e-9c4b-f56aa44a401b" />
    <TestEntry testId="9b7948b8-d6a5-49f1-a4c8-77ee0c06240f" executionId="624a95e9-78e8-4391-a301-6a56ec161d66" testListId="4eda7ac0-25b1-4f2e-9c4b-f56aa44a401b" />
    <TestEntry testId="4b4eb869-57e3-42ae-a9b8-192f69df46f5" executionId="a2aeacda-a98b-4c06-9ade-bc1b31b7c97b" testListId="4eda7ac0-25b1-4f2e-9c4b-f56aa44a401b" />
    <TestEntry testId="b82a97df-f8ae-45e1-9de9-9feb8e86f11a" executionId="d166d490-0b7a-4261-b901-73b9f6df3a94" testListId="4eda7ac0-25b1-4f2e-9c4b-f56aa44a401b" />
    <TestEntry testId="33007124-8d07-4bea-a3aa-af8776cac3e2" executionId="3c490189-dfc0-4f43-ab0d-d545e9803531" testListId="4eda7ac0-25b1-4f2e-9c4b-f56aa44a401b" />
    <TestEntry testId="07dcc2e5-adad-4255-9c8c-7e738e064eee" executionId="d53bd0af-3e8d-432e-ad23-b1a05acd7e4e" testListId="4eda7ac0-25b1-4f2e-9c4b-f56aa44a401b" />
    <TestEntry testId="8959717b-647b-4a89-9971-b56d750d2130" executionId="15977894-e52e-4398-8720-bbb19abe9559" testListId="4eda7ac0-25b1-4f2e-9c4b-f56aa44a401b" />
    <TestEntry testId="c2cd27c3-6291-4006-aa84-180b02d701be" executionId="99bf105b-8b67-4b0e-8f10-f2e3aef0aa6f" testListId="4eda7ac0-25b1-4f2e-9c4b-f56aa44a401b" />
    <TestEntry testId="7f7879c6-7ac3-4658-93e3-65498eae9eb8" executionId="ee1139f7-87f2-476f-a5e5-b0eb144c440c" testListId="4eda7ac0-25b1-4f2e-9c4b-f56aa44a401b" />
    <TestEntry testId="d38914b0-c890-419d-8fa9-d50371f8c7ce" executionId="e1755e53-86e1-453c-a46c-01ff1536c5e7" testListId="4eda7ac0-25b1-4f2e-9c4b-f56aa44a401b" />
    <TestEntry testId="e259436a-ea6e-404e-ab23-b685ee7305b4" executionId="7c9c6b6f-4a7d-4897-8b1b-65c52edeb6b6" testListId="4eda7ac0-25b1-4f2e-9c4b-f56aa44a401b" />
    <TestEntry testId="7aa372ce-1c42-4ccd-935a-1aecf38d3c77" executionId="4a79dfcb-8810-4cb0-a4fc-12f420bd806f" testListId="4eda7ac0-25b1-4f2e-9c4b-f56aa44a401b" />
    <TestEntry testId="9a736f9a-c9b6-4a40-bbdc-06b38d66ffe8" executionId="5635419d-f81a-4a5b-800d-ffb498834e73" testListId="4eda7ac0-25b1-4f2e-9c4b-f56aa44a401b" />
    <TestEntry testId="73d9da7b-7a81-4bba-a452-d3d2d6f9c55f" executionId="3aae711f-6cc2-4c3b-9656-da5d6369530c" testListId="4eda7ac0-25b1-4f2e-9c4b-f56aa44a401b" />
    <TestEntry testId="491cd39a-f09f-4560-aa6c-8b2e684fee09" executionId="acab2042-4fb5-494a-9241-922f005cae09" testListId="4eda7ac0-25b1-4f2e-9c4b-f56aa44a401b" />
    <TestEntry testId="777fd435-9e84-41e1-9a3a-1e1287ea18dc" executionId="82d7e233-aafb-4aaa-9488-4b9e8262e614" testListId="4eda7ac0-25b1-4f2e-9c4b-f56aa44a401b" />
    <TestEntry testId="2bde4547-25bb-4c44-bf77-e9d3ed9486f4" executionId="36703f1f-8069-4249-beeb-9fc9724156f2" testListId="4eda7ac0-25b1-4f2e-9c4b-f56aa44a401b" />
    <TestEntry testId="a416761c-2398-40d8-a7b7-a67fd61ea83b" executionId="3d16e497-628d-43c0-afc9-5d732a25c0de" testListId="4eda7ac0-25b1-4f2e-9c4b-f56aa44a401b" />
    <TestEntry testId="bed0023f-9fb1-40d4-8920-1baad56b1ac4" executionId="02e9b0dc-7186-441b-9cca-c71118af1fe9" testListId="4eda7ac0-25b1-4f2e-9c4b-f56aa44a401b" />
    <TestEntry testId="273a6e47-9652-4012-8e02-77d44249cb5e" executionId="527d9134-ce6e-46e3-ae4c-2d4684d71b04" testListId="4eda7ac0-25b1-4f2e-9c4b-f56aa44a401b" />
    <TestEntry testId="c77dc111-771f-434f-9109-a85643cac767" executionId="e139f08e-62e9-456d-a78b-aac7ad7a930a" testListId="4eda7ac0-25b1-4f2e-9c4b-f56aa44a401b" />
    <TestEntry testId="a381213c-7505-4a29-b4fd-3b6f6ee19d3c" executionId="ae81d219-8bea-41ab-86ea-34db75584b85" testListId="4eda7ac0-25b1-4f2e-9c4b-f56aa44a401b" />
    <TestEntry testId="783250a1-5869-4190-9305-5272ef0fac08" executionId="6bbc6fb8-8f36-45b2-a227-be6a452fbc25" testListId="4eda7ac0-25b1-4f2e-9c4b-f56aa44a401b" />
    <TestEntry testId="781f0889-191f-4ccb-8881-663f3a2e02aa" executionId="f180c606-34db-4c10-b3b4-18b36da299c4" testListId="4eda7ac0-25b1-4f2e-9c4b-f56aa44a401b" />
    <TestEntry testId="77d323b0-60ae-45ef-8989-31c14e50bf4b" executionId="c7bf7023-0fd3-4b55-8efd-b337ea262ca3" testListId="4eda7ac0-25b1-4f2e-9c4b-f56aa44a401b" />
    <TestEntry testId="8e374c56-fcaa-48a7-a90e-25688d025fc7" executionId="151318a1-2488-424b-ac74-a0981dce314a" testListId="4eda7ac0-25b1-4f2e-9c4b-f56aa44a401b" />
    <TestEntry testId="553ba477-1221-42b4-bb6e-81b1efa54b82" executionId="93de1db1-e089-44f8-a754-455428d3b115" testListId="4eda7ac0-25b1-4f2e-9c4b-f56aa44a401b" />
    <TestEntry testId="5a3357aa-897f-4516-91ad-37e07b8ed2b6" executionId="160dd628-8439-4f75-8c0c-0489c52be6ec" testListId="4eda7ac0-25b1-4f2e-9c4b-f56aa44a401b" />
    <TestEntry testId="23f37727-670f-4731-ac02-4cca9a2059f9" executionId="ebbc74d3-a479-426c-9180-b193cb654bd8" testListId="4eda7ac0-25b1-4f2e-9c4b-f56aa44a401b" />
    <TestEntry testId="2a28f751-1af9-4d96-8b61-abfb0dc7a845" executionId="793dcaed-7989-4978-a264-f38444924820" testListId="4eda7ac0-25b1-4f2e-9c4b-f56aa44a401b" />
    <TestEntry testId="a2f083e3-185f-4500-8532-d7e4814b5fc5" executionId="4e476d65-1728-42d1-a6cf-a9d0a725b2ba" testListId="4eda7ac0-25b1-4f2e-9c4b-f56aa44a401b" />
    <TestEntry testId="e7a6e5c2-fb92-4109-ba68-80fb7eafa660" executionId="0652fa88-0f5b-4002-a204-8eeb9912e68c" testListId="4eda7ac0-25b1-4f2e-9c4b-f56aa44a401b" />
    <TestEntry testId="066a7584-9813-4202-9f88-6d6736512332" executionId="de28b5a9-4818-49d9-9acd-4ba11ec3704f" testListId="4eda7ac0-25b1-4f2e-9c4b-f56aa44a401b" />
    <TestEntry testId="99049929-9850-47d0-917c-873caee6ca38" executionId="da4c640a-040d-4a29-9820-f0d793ab9ec0" testListId="4eda7ac0-25b1-4f2e-9c4b-f56aa44a401b" />
    <TestEntry testId="c8611ea2-24fb-4d0d-8e43-272884dd39f4" executionId="6bf08004-eed7-4109-9941-75a2eeb42ed5" testListId="4eda7ac0-25b1-4f2e-9c4b-f56aa44a401b" />
    <TestEntry testId="77114693-6e7b-4efd-a35b-24bec624d8be" executionId="6ee9ae89-dd41-4806-92db-1b05b0c32dff" testListId="4eda7ac0-25b1-4f2e-9c4b-f56aa44a401b" />
    <TestEntry testId="d495ba10-46e8-48ca-8a66-94d368c9f242" executionId="421166ad-8cc6-435b-b001-6204d8e22c5b" testListId="4eda7ac0-25b1-4f2e-9c4b-f56aa44a401b" />
    <TestEntry testId="06ff09b3-1ac3-476c-8ed0-3ac4e1526e36" executionId="a80ff6e7-7a90-4ea7-9525-71350d9c146c" testListId="4eda7ac0-25b1-4f2e-9c4b-f56aa44a401b" />
    <TestEntry testId="a528574d-aea7-4d52-aebd-e74b926b1f9d" executionId="4a095023-a192-4ae3-9292-d03018343a6b" testListId="4eda7ac0-25b1-4f2e-9c4b-f56aa44a401b" />
    <TestEntry testId="52a64780-62fc-42d2-b535-5e58b951e0d6" executionId="02b71e8c-61b0-4b79-804f-9ce5ac62acc7" testListId="4eda7ac0-25b1-4f2e-9c4b-f56aa44a401b" />
    <TestEntry testId="1c60992d-f3e6-4498-be31-90cd3e983368" executionId="2fd9cb08-0581-4fe1-9e1d-19cfe9233773" testListId="4eda7ac0-25b1-4f2e-9c4b-f56aa44a401b" />
    <TestEntry testId="805d7cf3-64d1-4b96-8c6d-c53f676f6713" executionId="902f67da-0711-4774-ace4-80741f9f26d1" testListId="4eda7ac0-25b1-4f2e-9c4b-f56aa44a401b" />
    <TestEntry testId="c6f22996-442f-4c5a-86ed-4df29f22d007" executionId="4b01cb3f-4c97-455e-8464-79f11da4f95b" testListId="4eda7ac0-25b1-4f2e-9c4b-f56aa44a401b" />
    <TestEntry testId="80ebeb12-03c2-4457-a9b3-099b8281e900" executionId="c0634d76-7cce-47fe-9a4e-a1ca6d787603" testListId="4eda7ac0-25b1-4f2e-9c4b-f56aa44a401b" />
    <TestEntry testId="d52b2789-705b-4ecd-84fd-16b9c93edc92" executionId="0ed73dad-d0d2-4ab9-b66a-013bf2704693" testListId="4eda7ac0-25b1-4f2e-9c4b-f56aa44a401b" />
    <TestEntry testId="6edd67ea-5b20-412d-a6c2-63cd74fe9c20" executionId="3c9345ef-6f7c-4aac-861c-4dfa4d7314e1" testListId="4eda7ac0-25b1-4f2e-9c4b-f56aa44a401b" />
    <TestEntry testId="d80f81f8-2802-477b-8750-a1f414cdf2d3" executionId="6a934a41-6eb9-4ff1-8fad-32cde2bace12" testListId="4eda7ac0-25b1-4f2e-9c4b-f56aa44a401b" />
    <TestEntry testId="a601d8a1-b48e-4778-a26e-6aefbe8482ad" executionId="c5b56f22-5d3a-4b86-a4e3-f81048cf8241" testListId="4eda7ac0-25b1-4f2e-9c4b-f56aa44a401b" />
    <TestEntry testId="ec0b216f-4513-4307-9a22-596e77e78be3" executionId="cb560126-837c-498a-98a7-ca5909fde88e" testListId="4eda7ac0-25b1-4f2e-9c4b-f56aa44a401b" />
    <TestEntry testId="c288bb45-6820-4ad8-a9e5-6c9bd8777036" executionId="9cdaa556-6c5c-4125-a953-bb1216eed7b7" testListId="4eda7ac0-25b1-4f2e-9c4b-f56aa44a401b" />
    <TestEntry testId="f336aaca-aec4-40f2-b690-6d0fdbce2cd5" executionId="520eb58e-658d-4078-b4a5-7814595b4a52" testListId="4eda7ac0-25b1-4f2e-9c4b-f56aa44a401b" />
    <TestEntry testId="89ebedd9-57a1-4793-b26e-c6caf1e94f8b" executionId="f264f104-4693-466e-aa29-2c3e397265e9" testListId="4eda7ac0-25b1-4f2e-9c4b-f56aa44a401b" />
  </TestEntries>
  <TestLists>
    <TestList name="Results Not in a List" id="4eda7ac0-25b1-4f2e-9c4b-f56aa44a401b" />
    <TestList name="All Loaded Results" id="b3523e69-0b73-4e1d-ae9d-e49d78d4846c" />
  </TestLists>
</TestRun>