<?xml version="1.0" encoding="UTF-8"?>
<TestRun id="1dc398a9-55f5-4ac9-b449-3ff5a9edaaec" name="Test Run 73" runUser="Oles Galatsan" xmlns="http://microsoft.com/schemas/VisualStudio/TeamTest/2010">
  <Times creation="2025-05-14T13:20:31.3125482Z" queuing="2025-05-14T13:20:31.3125482Z" start="2025-05-14T13:20:31.3146610Z" finish="2025-05-14T13:25:31.3147553Z" />
  <TestSettings name="Test Settings 73" id="c4d9e2f3-4e1e-476e-9d19-76cb34e8d725" />
  <Results>
    <UnitTestResult executionId="8e961a17-3d92-4ae0-b336-951bcd6f9e32" testId="ff700dce-2de0-489c-9a21-0a525091fc04" testName="Test7201" computerName="UA-LPT-OGA2" duration="00:00:00.3390000" startTime="2025-05-14T13:20:31.3146610Z" endTime="2025-05-14T13:25:31.3147553Z" testType="13cdc9d9-ddb5-4fa4-a97d-d965ccfc6d4b" outcome="Passed" testListId="ae0bd71b-0767-4eec-afa9-def6fae4dc55" />
    <UnitTestResult executionId="9aa18d1a-9036-4163-bdc2-a48fed8ab2f5" testId="05526a6b-a775-4deb-8d84-a08cdd87fa49" testName="Test7202" computerName="UA-LPT-OGA2" duration="00:00:01.0280000" startTime="2025-05-14T13:20:31.3146610Z" endTime="2025-05-14T13:25:31.3147553Z" testType="13cdc9d9-ddb5-4fa4-a97d-d965ccfc6d4b" outcome="Passed" testListId="ae0bd71b-0767-4eec-afa9-def6fae4dc55" />
    <UnitTestResult executionId="ba447ebf-0367-4a44-a55b-5c3c9e0202b8" testId="54b60233-dacc-4908-8a76-1be3fa6cb24a" testName="Test7203" computerName="UA-LPT-OGA2" duration="00:00:00.4870000" startTime="2025-05-14T13:20:31.3146610Z" endTime="2025-05-14T13:25:31.3147553Z" testType="13cdc9d9-ddb5-4fa4-a97d-d965ccfc6d4b" outcome="Passed" testListId="ae0bd71b-0767-4eec-afa9-def6fae4dc55" />
    <UnitTestResult executionId="38dcb861-3524-453f-8f08-848dc074ebe8" testId="83b56a2a-8c36-43d5-9bb4-3326dd8e6bf9" testName="Test7204" computerName="UA-LPT-OGA2" duration="00:00:01.5630000" startTime="2025-05-14T13:20:31.3146610Z" endTime="2025-05-14T13:25:31.3147553Z" testType="13cdc9d9-ddb5-4fa4-a97d-d965ccfc6d4b" outcome="Passed" testListId="ae0bd71b-0767-4eec-afa9-def6fae4dc55" />
    <UnitTestResult executionId="06aad040-f3da-491c-8b7e-c67ed302b89e" testId="f18b3502-9587-4f00-9bf4-231ff70e3689" testName="Test7205" computerName="UA-LPT-OGA2" duration="00:00:01.6080000" startTime="2025-05-14T13:20:31.3146610Z" endTime="2025-05-14T13:25:31.3147553Z" testType="13cdc9d9-ddb5-4fa4-a97d-d965ccfc6d4b" outcome="Passed" testListId="ae0bd71b-0767-4eec-afa9-def6fae4dc55" />
    <UnitTestResult executionId="54546ec1-a001-400c-a96b-3fe0bfb19ec5" testId="ac6e21be-a4b5-4cef-b4cd-5bdee2b70a71" testName="Test7206" computerName="UA-LPT-OGA2" duration="00:00:00.6040000" startTime="2025-05-14T13:20:31.3146610Z" endTime="2025-05-14T13:25:31.3147553Z" testType="13cdc9d9-ddb5-4fa4-a97d-d965ccfc6d4b" outcome="Passed" testListId="ae0bd71b-0767-4eec-afa9-def6fae4dc55" />
    <UnitTestResult executionId="fd1a1411-5cd5-42e4-a47d-df44b6b0cec0" testId="06cf112b-e3ae-4262-be81-349b0483fbb0" testName="Test7207" computerName="UA-LPT-OGA2" duration="00:00:01.0180000" startTime="2025-05-14T13:20:31.3146610Z" endTime="2025-05-14T13:25:31.3147553Z" testType="13cdc9d9-ddb5-4fa4-a97d-d965ccfc6d4b" outcome="Passed" testListId="ae0bd71b-0767-4eec-afa9-def6fae4dc55" />
    <UnitTestResult executionId="632ddd1e-5905-4a1d-a810-50b490dc7ad8" testId="0116f05d-30d2-4105-a22b-fddeb9e69b2c" testName="Test7208" computerName="UA-LPT-OGA2" duration="00:00:00.7930000" startTime="2025-05-14T13:20:31.3146610Z" endTime="2025-05-14T13:25:31.3147553Z" testType="13cdc9d9-ddb5-4fa4-a97d-d965ccfc6d4b" outcome="Passed" testListId="ae0bd71b-0767-4eec-afa9-def6fae4dc55" />
    <UnitTestResult executionId="f75f6035-4d73-43ad-8443-a9245f1c8273" testId="7f6ec2ed-b97e-4d41-9415-ebfcf1c57d58" testName="Test7209" computerName="UA-LPT-OGA2" duration="00:00:01.4170000" startTime="2025-05-14T13:20:31.3146610Z" endTime="2025-05-14T13:25:31.3147553Z" testType="13cdc9d9-ddb5-4fa4-a97d-d965ccfc6d4b" outcome="Passed" testListId="ae0bd71b-0767-4eec-afa9-def6fae4dc55" />
    <UnitTestResult executionId="0ca8a57f-8db0-4b85-a16c-cb3ae4b93518" testId="f7542888-7a1b-4e19-9156-f8a9db4b4d35" testName="Test7210" computerName="UA-LPT-OGA2" duration="00:00:01.8570000" startTime="2025-05-14T13:20:31.3146610Z" endTime="2025-05-14T13:25:31.3147553Z" testType="13cdc9d9-ddb5-4fa4-a97d-d965ccfc6d4b" outcome="Passed" testListId="ae0bd71b-0767-4eec-afa9-def6fae4dc55" />
    <UnitTestResult executionId="6380a724-218f-4d34-bf30-5e3339e513df" testId="fbacd201-66ba-4754-b53b-3b3e6ce87dc8" testName="Test7211" computerName="UA-LPT-OGA2" duration="00:00:00.6540000" startTime="2025-05-14T13:20:31.3146610Z" endTime="2025-05-14T13:25:31.3147553Z" testType="13cdc9d9-ddb5-4fa4-a97d-d965ccfc6d4b" outcome="Passed" testListId="ae0bd71b-0767-4eec-afa9-def6fae4dc55" />
    <UnitTestResult executionId="4895f144-d8ae-4cbb-89e4-992d55f8a2ab" testId="8b0b020b-4d5a-40e2-8307-e402a45f3fd6" testName="Test7212" computerName="UA-LPT-OGA2" duration="00:00:00.7720000" startTime="2025-05-14T13:20:31.3146610Z" endTime="2025-05-14T13:25:31.3147553Z" testType="13cdc9d9-ddb5-4fa4-a97d-d965ccfc6d4b" outcome="Passed" testListId="ae0bd71b-0767-4eec-afa9-def6fae4dc55" />
    <UnitTestResult executionId="eff50cdb-8fc7-4251-8fa0-adad2855dc2e" testId="cc38b071-e08b-498a-b463-596d88ed0737" testName="Test7213" computerName="UA-LPT-OGA2" duration="00:00:00.3170000" startTime="2025-05-14T13:20:31.3146610Z" endTime="2025-05-14T13:25:31.3147553Z" testType="13cdc9d9-ddb5-4fa4-a97d-d965ccfc6d4b" outcome="Failed" testListId="ae0bd71b-0767-4eec-afa9-def6fae4dc55">
      <Output>
        <ErrorInfo>
          <Message>Assertion failed: Expected value did not match actual value.</Message>
          <StackTrace>   at TestNamespace.TestClass.Test() in TestClass.cs:line 432</StackTrace>
        </ErrorInfo>
      </Output>
    </UnitTestResult>
    <UnitTestResult executionId="9299851e-d621-479b-a1f2-6289f95f56f5" testId="5f71399a-ede9-40ca-85b6-363165cb7027" testName="Test7214" computerName="UA-LPT-OGA2" duration="00:00:01.0510000" startTime="2025-05-14T13:20:31.3146610Z" endTime="2025-05-14T13:25:31.3147553Z" testType="13cdc9d9-ddb5-4fa4-a97d-d965ccfc6d4b" outcome="Passed" testListId="ae0bd71b-0767-4eec-afa9-def6fae4dc55" />
    <UnitTestResult executionId="39b61b7f-aadd-42e2-9243-fbca2a556d24" testId="024deeeb-3c68-45e9-89cf-c2dd75c06920" testName="Test7215" computerName="UA-LPT-OGA2" duration="00:00:01.3070000" startTime="2025-05-14T13:20:31.3146610Z" endTime="2025-05-14T13:25:31.3147553Z" testType="13cdc9d9-ddb5-4fa4-a97d-d965ccfc6d4b" outcome="Passed" testListId="ae0bd71b-0767-4eec-afa9-def6fae4dc55" />
    <UnitTestResult executionId="263e2663-1937-4442-ae7c-e1513c09743c" testId="c2abedc5-a086-455f-84a7-90e58106f0ab" testName="Test7216" computerName="UA-LPT-OGA2" duration="00:00:00.8210000" startTime="2025-05-14T13:20:31.3146610Z" endTime="2025-05-14T13:25:31.3147553Z" testType="13cdc9d9-ddb5-4fa4-a97d-d965ccfc6d4b" outcome="Passed" testListId="ae0bd71b-0767-4eec-afa9-def6fae4dc55" />
    <UnitTestResult executionId="175b7aae-7313-40fd-9aae-4a88550e22fc" testId="17f17ef9-4a45-4e9c-a3e5-2cdb9a1bd484" testName="Test7217" computerName="UA-LPT-OGA2" duration="00:00:01.9410000" startTime="2025-05-14T13:20:31.3146610Z" endTime="2025-05-14T13:25:31.3147553Z" testType="13cdc9d9-ddb5-4fa4-a97d-d965ccfc6d4b" outcome="Passed" testListId="ae0bd71b-0767-4eec-afa9-def6fae4dc55" />
    <UnitTestResult executionId="b487f85d-b444-4ef1-8d03-00268a4a4cf2" testId="58704653-02f7-42c8-a5ca-c0888a4d5b6f" testName="Test7218" computerName="UA-LPT-OGA2" duration="00:00:01.5090000" startTime="2025-05-14T13:20:31.3146610Z" endTime="2025-05-14T13:25:31.3147553Z" testType="13cdc9d9-ddb5-4fa4-a97d-d965ccfc6d4b" outcome="Failed" testListId="ae0bd71b-0767-4eec-afa9-def6fae4dc55">
      <Output>
        <ErrorInfo>
          <Message>Assertion failed: Expected value did not match actual value.</Message>
          <StackTrace>   at TestNamespace.TestClass.Test() in TestClass.cs:line 480</StackTrace>
        </ErrorInfo>
      </Output>
    </UnitTestResult>
    <UnitTestResult executionId="36710598-8d18-40e1-956f-c02d320c65b0" testId="67e19ec5-7b91-4194-a314-55c15fdc32c7" testName="Test7219" computerName="UA-LPT-OGA2" duration="00:00:00.7420000" startTime="2025-05-14T13:20:31.3146610Z" endTime="2025-05-14T13:25:31.3147553Z" testType="13cdc9d9-ddb5-4fa4-a97d-d965ccfc6d4b" outcome="Passed" testListId="ae0bd71b-0767-4eec-afa9-def6fae4dc55" />
    <UnitTestResult executionId="0aeb1163-3930-47de-8f02-6fbee3c65567" testId="2fe538fa-a199-4ef7-abc2-637a60c7c3f5" testName="Test7220" computerName="UA-LPT-OGA2" duration="00:00:01.7120000" startTime="2025-05-14T13:20:31.3146610Z" endTime="2025-05-14T13:25:31.3147553Z" testType="13cdc9d9-ddb5-4fa4-a97d-d965ccfc6d4b" outcome="Passed" testListId="ae0bd71b-0767-4eec-afa9-def6fae4dc55" />
    <UnitTestResult executionId="ddc67fb9-ad9f-49ea-b032-ab294b3aa5d7" testId="bf9d503a-a950-4d54-9f22-ada507489c68" testName="Test7221" computerName="UA-LPT-OGA2" duration="00:00:01.1710000" startTime="2025-05-14T13:20:31.3146610Z" endTime="2025-05-14T13:25:31.3147553Z" testType="13cdc9d9-ddb5-4fa4-a97d-d965ccfc6d4b" outcome="Passed" testListId="ae0bd71b-0767-4eec-afa9-def6fae4dc55" />
    <UnitTestResult executionId="adb66f63-9d87-493b-842c-8bb063693559" testId="fd13febe-b079-41f1-ac39-62edf620c96d" testName="Test7222" computerName="UA-LPT-OGA2" duration="00:00:00.5340000" startTime="2025-05-14T13:20:31.3146610Z" endTime="2025-05-14T13:25:31.3147553Z" testType="13cdc9d9-ddb5-4fa4-a97d-d965ccfc6d4b" outcome="Passed" testListId="ae0bd71b-0767-4eec-afa9-def6fae4dc55" />
    <UnitTestResult executionId="c396d35d-4562-4b4d-9b22-e02fc9143d11" testId="f2b2b92c-8938-47eb-b5ec-f342199ecfb1" testName="Test7223" computerName="UA-LPT-OGA2" duration="00:00:00.3530000" startTime="2025-05-14T13:20:31.3146610Z" endTime="2025-05-14T13:25:31.3147553Z" testType="13cdc9d9-ddb5-4fa4-a97d-d965ccfc6d4b" outcome="Passed" testListId="ae0bd71b-0767-4eec-afa9-def6fae4dc55" />
    <UnitTestResult executionId="c3d42473-0a96-492e-92ee-33da56762749" testId="d32cd3b7-139d-4f6e-999a-d19897e511b3" testName="Test7224" computerName="UA-LPT-OGA2" duration="00:00:00.9310000" startTime="2025-05-14T13:20:31.3146610Z" endTime="2025-05-14T13:25:31.3147553Z" testType="13cdc9d9-ddb5-4fa4-a97d-d965ccfc6d4b" outcome="Passed" testListId="ae0bd71b-0767-4eec-afa9-def6fae4dc55" />
    <UnitTestResult executionId="d2a7dd6e-0314-4cb7-b59e-ba6fb06229fb" testId="dd355827-f7f6-4255-9e48-9eabf9c68419" testName="Test7225" computerName="UA-LPT-OGA2" duration="00:00:01.4760000" startTime="2025-05-14T13:20:31.3146610Z" endTime="2025-05-14T13:25:31.3147553Z" testType="13cdc9d9-ddb5-4fa4-a97d-d965ccfc6d4b" outcome="Passed" testListId="ae0bd71b-0767-4eec-afa9-def6fae4dc55" />
    <UnitTestResult executionId="081defa2-1385-42ff-be20-981b9a921f29" testId="07f856ce-6790-4286-8908-1fb5734a7aca" testName="Test7226" computerName="UA-LPT-OGA2" duration="00:00:01.5170000" startTime="2025-05-14T13:20:31.3146610Z" endTime="2025-05-14T13:25:31.3147553Z" testType="13cdc9d9-ddb5-4fa4-a97d-d965ccfc6d4b" outcome="Passed" testListId="ae0bd71b-0767-4eec-afa9-def6fae4dc55" />
    <UnitTestResult executionId="df69a3bc-19be-4396-b5d7-99f67507e163" testId="f00046d1-7ac2-40a7-961b-6812ca9d10c0" testName="Test7227" computerName="UA-LPT-OGA2" duration="00:00:01.6670000" startTime="2025-05-14T13:20:31.3146610Z" endTime="2025-05-14T13:25:31.3147553Z" testType="13cdc9d9-ddb5-4fa4-a97d-d965ccfc6d4b" outcome="Passed" testListId="ae0bd71b-0767-4eec-afa9-def6fae4dc55" />
    <UnitTestResult executionId="5ac75f22-8536-4f62-813b-ba6a1630296a" testId="2e3ec5b7-46fb-4373-bc72-4e4630ab747f" testName="Test7228" computerName="UA-LPT-OGA2" duration="00:00:01.8530000" startTime="2025-05-14T13:20:31.3146610Z" endTime="2025-05-14T13:25:31.3147553Z" testType="13cdc9d9-ddb5-4fa4-a97d-d965ccfc6d4b" outcome="Passed" testListId="ae0bd71b-0767-4eec-afa9-def6fae4dc55" />
    <UnitTestResult executionId="bbc5cf5e-2102-423a-9ce5-ce4fb70b7717" testId="3128859a-3abd-4650-9e78-aebd6dc70fdd" testName="Test7229" computerName="UA-LPT-OGA2" duration="00:00:00.1900000" startTime="2025-05-14T13:20:31.3146610Z" endTime="2025-05-14T13:25:31.3147553Z" testType="13cdc9d9-ddb5-4fa4-a97d-d965ccfc6d4b" outcome="Passed" testListId="ae0bd71b-0767-4eec-afa9-def6fae4dc55" />
    <UnitTestResult executionId="b75882ed-411b-4ddf-b95a-a11fcc49b818" testId="62971e22-31ff-4d90-bb34-2ae2498658d2" testName="Test7230" computerName="UA-LPT-OGA2" duration="00:00:01.8230000" startTime="2025-05-14T13:20:31.3146610Z" endTime="2025-05-14T13:25:31.3147553Z" testType="13cdc9d9-ddb5-4fa4-a97d-d965ccfc6d4b" outcome="Passed" testListId="ae0bd71b-0767-4eec-afa9-def6fae4dc55" />
    <UnitTestResult executionId="cd250cce-fb18-4d89-be11-648a13730fcc" testId="70b78abd-6c11-434e-ace3-4d6ab49de89c" testName="Test7231" computerName="UA-LPT-OGA2" duration="00:00:01.6930000" startTime="2025-05-14T13:20:31.3146610Z" endTime="2025-05-14T13:25:31.3147553Z" testType="13cdc9d9-ddb5-4fa4-a97d-d965ccfc6d4b" outcome="Passed" testListId="ae0bd71b-0767-4eec-afa9-def6fae4dc55" />
    <UnitTestResult executionId="9b475284-70b3-482f-89ff-6221fa558ad4" testId="41647bda-4a9d-4061-977a-23fc30e8a4e5" testName="Test7232" computerName="UA-LPT-OGA2" duration="00:00:00.9860000" startTime="2025-05-14T13:20:31.3146610Z" endTime="2025-05-14T13:25:31.3147553Z" testType="13cdc9d9-ddb5-4fa4-a97d-d965ccfc6d4b" outcome="Passed" testListId="ae0bd71b-0767-4eec-afa9-def6fae4dc55" />
    <UnitTestResult executionId="ae4c6a43-badd-4d89-a37c-1c6a0ea7a091" testId="63742758-9c35-4dbb-891c-8af104699301" testName="Test7233" computerName="UA-LPT-OGA2" duration="00:00:01.8890000" startTime="2025-05-14T13:20:31.3146610Z" endTime="2025-05-14T13:25:31.3147553Z" testType="13cdc9d9-ddb5-4fa4-a97d-d965ccfc6d4b" outcome="Passed" testListId="ae0bd71b-0767-4eec-afa9-def6fae4dc55" />
    <UnitTestResult executionId="e343fd84-2ac2-4786-bb21-aaff62121691" testId="11171b34-b772-4da9-8352-824a50064608" testName="Test7234" computerName="UA-LPT-OGA2" duration="00:00:01.0580000" startTime="2025-05-14T13:20:31.3146610Z" endTime="2025-05-14T13:25:31.3147553Z" testType="13cdc9d9-ddb5-4fa4-a97d-d965ccfc6d4b" outcome="Passed" testListId="ae0bd71b-0767-4eec-afa9-def6fae4dc55" />
    <UnitTestResult executionId="e9821c6b-6ca8-4d36-94e2-7c7fa129f94c" testId="a45f8e94-a727-4573-9444-e6ae9210aebc" testName="Test7235" computerName="UA-LPT-OGA2" duration="00:00:00.0380000" startTime="2025-05-14T13:20:31.3146610Z" endTime="2025-05-14T13:25:31.3147553Z" testType="13cdc9d9-ddb5-4fa4-a97d-d965ccfc6d4b" outcome="Passed" testListId="ae0bd71b-0767-4eec-afa9-def6fae4dc55" />
    <UnitTestResult executionId="5432eefe-fee0-478f-b539-1191726312b4" testId="3506005a-a543-4e52-9cc7-54077dd1c9a7" testName="Test7236" computerName="UA-LPT-OGA2" duration="00:00:01.3090000" startTime="2025-05-14T13:20:31.3146610Z" endTime="2025-05-14T13:25:31.3147553Z" testType="13cdc9d9-ddb5-4fa4-a97d-d965ccfc6d4b" outcome="Passed" testListId="ae0bd71b-0767-4eec-afa9-def6fae4dc55" />
    <UnitTestResult executionId="d3c43894-e94a-4110-8d4f-f8a8190adbc6" testId="19430319-95c3-441e-985c-652c3af3c691" testName="Test7237" computerName="UA-LPT-OGA2" duration="00:00:01.1520000" startTime="2025-05-14T13:20:31.3146610Z" endTime="2025-05-14T13:25:31.3147553Z" testType="13cdc9d9-ddb5-4fa4-a97d-d965ccfc6d4b" outcome="Passed" testListId="ae0bd71b-0767-4eec-afa9-def6fae4dc55" />
    <UnitTestResult executionId="c8350dfc-03aa-4f61-ad85-4e92f522d015" testId="02c79475-ae98-4b3a-a82f-f224a2b94c71" testName="Test7238" computerName="UA-LPT-OGA2" duration="00:00:00.6010000" startTime="2025-05-14T13:20:31.3146610Z" endTime="2025-05-14T13:25:31.3147553Z" testType="13cdc9d9-ddb5-4fa4-a97d-d965ccfc6d4b" outcome="Passed" testListId="ae0bd71b-0767-4eec-afa9-def6fae4dc55" />
    <UnitTestResult executionId="1bba2160-7d11-4c82-ad95-597a7896931e" testId="beb38a7c-4248-4ed4-ac00-bc19b972695a" testName="Test7239" computerName="UA-LPT-OGA2" duration="00:00:00.2000000" startTime="2025-05-14T13:20:31.3146610Z" endTime="2025-05-14T13:25:31.3147553Z" testType="13cdc9d9-ddb5-4fa4-a97d-d965ccfc6d4b" outcome="Passed" testListId="ae0bd71b-0767-4eec-afa9-def6fae4dc55" />
    <UnitTestResult executionId="7e8ef55d-77af-4c79-8ff9-1be0f00d1b84" testId="15b0df97-a9b4-4997-84c4-a2d91e1f1db9" testName="Test7240" computerName="UA-LPT-OGA2" duration="00:00:00.5910000" startTime="2025-05-14T13:20:31.3146610Z" endTime="2025-05-14T13:25:31.3147553Z" testType="13cdc9d9-ddb5-4fa4-a97d-d965ccfc6d4b" outcome="Passed" testListId="ae0bd71b-0767-4eec-afa9-def6fae4dc55" />
    <UnitTestResult executionId="7b4967ee-2cb0-40d0-bb4a-316d80a1e8e7" testId="9bc6c8bf-a9e0-41c6-8f4b-cda240db8795" testName="Test7241" computerName="UA-LPT-OGA2" duration="00:00:01.6860000" startTime="2025-05-14T13:20:31.3146610Z" endTime="2025-05-14T13:25:31.3147553Z" testType="13cdc9d9-ddb5-4fa4-a97d-d965ccfc6d4b" outcome="Passed" testListId="ae0bd71b-0767-4eec-afa9-def6fae4dc55" />
    <UnitTestResult executionId="db9c59e7-dff2-4ad7-b1e2-e19a5e1c84d5" testId="56fee28b-b033-4e70-b408-7e4d6f2587dc" testName="Test7242" computerName="UA-LPT-OGA2" duration="00:00:00.4310000" startTime="2025-05-14T13:20:31.3146610Z" endTime="2025-05-14T13:25:31.3147553Z" testType="13cdc9d9-ddb5-4fa4-a97d-d965ccfc6d4b" outcome="Passed" testListId="ae0bd71b-0767-4eec-afa9-def6fae4dc55" />
    <UnitTestResult executionId="246a9612-0e27-472a-bb14-1f83249c3269" testId="1d69ee61-db4d-497c-9dc7-5b13a47e9223" testName="Test7243" computerName="UA-LPT-OGA2" duration="00:00:01.4510000" startTime="2025-05-14T13:20:31.3146610Z" endTime="2025-05-14T13:25:31.3147553Z" testType="13cdc9d9-ddb5-4fa4-a97d-d965ccfc6d4b" outcome="Passed" testListId="ae0bd71b-0767-4eec-afa9-def6fae4dc55" />
    <UnitTestResult executionId="eeb67424-3ebc-4d88-83e6-f17d49386492" testId="cf05f14b-f507-4cad-8f42-dcabc378441b" testName="Test7244" computerName="UA-LPT-OGA2" duration="00:00:01.9340000" startTime="2025-05-14T13:20:31.3146610Z" endTime="2025-05-14T13:25:31.3147553Z" testType="13cdc9d9-ddb5-4fa4-a97d-d965ccfc6d4b" outcome="Passed" testListId="ae0bd71b-0767-4eec-afa9-def6fae4dc55" />
    <UnitTestResult executionId="da16647d-afd5-489f-9a76-b60e47847fd1" testId="16f485c1-ba77-44f5-aa84-c200a619529e" testName="Test7245" computerName="UA-LPT-OGA2" duration="00:00:01.9370000" startTime="2025-05-14T13:20:31.3146610Z" endTime="2025-05-14T13:25:31.3147553Z" testType="13cdc9d9-ddb5-4fa4-a97d-d965ccfc6d4b" outcome="Passed" testListId="ae0bd71b-0767-4eec-afa9-def6fae4dc55" />
    <UnitTestResult executionId="6c4867f9-bbe4-488b-abdf-4ddf8adfd57d" testId="53558411-acf0-4be0-8253-1faa34e32782" testName="Test7246" computerName="UA-LPT-OGA2" duration="00:00:00.6720000" startTime="2025-05-14T13:20:31.3146610Z" endTime="2025-05-14T13:25:31.3147553Z" testType="13cdc9d9-ddb5-4fa4-a97d-d965ccfc6d4b" outcome="Passed" testListId="ae0bd71b-0767-4eec-afa9-def6fae4dc55" />
    <UnitTestResult executionId="0932e1d7-43e2-4304-a77c-dde9bcefac09" testId="860ea3f3-5878-4ce9-9934-5c7e70d762bf" testName="Test7247" computerName="UA-LPT-OGA2" duration="00:00:01.2180000" startTime="2025-05-14T13:20:31.3146610Z" endTime="2025-05-14T13:25:31.3147553Z" testType="13cdc9d9-ddb5-4fa4-a97d-d965ccfc6d4b" outcome="Passed" testListId="ae0bd71b-0767-4eec-afa9-def6fae4dc55" />
    <UnitTestResult executionId="cdd36d75-e600-4091-94a4-c167aeaf51a9" testId="b1bcf9cf-61da-43bd-8450-0861b2bdc274" testName="Test7248" computerName="UA-LPT-OGA2" duration="00:00:01.3560000" startTime="2025-05-14T13:20:31.3146610Z" endTime="2025-05-14T13:25:31.3147553Z" testType="13cdc9d9-ddb5-4fa4-a97d-d965ccfc6d4b" outcome="Passed" testListId="ae0bd71b-0767-4eec-afa9-def6fae4dc55" />
    <UnitTestResult executionId="007f4382-2482-4012-8330-93ec22768297" testId="564115d6-2568-4ed3-bb7c-5c23f95023ed" testName="Test7249" computerName="UA-LPT-OGA2" duration="00:00:00.0350000" startTime="2025-05-14T13:20:31.3146610Z" endTime="2025-05-14T13:25:31.3147553Z" testType="13cdc9d9-ddb5-4fa4-a97d-d965ccfc6d4b" outcome="Passed" testListId="ae0bd71b-0767-4eec-afa9-def6fae4dc55" />
    <UnitTestResult executionId="7b37409c-12db-4d31-96fa-d5b817a89833" testId="091cc1de-1c18-4b64-b52c-0c0ba3123bfd" testName="Test7250" computerName="UA-LPT-OGA2" duration="00:00:00.2390000" startTime="2025-05-14T13:20:31.3146610Z" endTime="2025-05-14T13:25:31.3147553Z" testType="13cdc9d9-ddb5-4fa4-a97d-d965ccfc6d4b" outcome="Passed" testListId="ae0bd71b-0767-4eec-afa9-def6fae4dc55" />
    <UnitTestResult executionId="8377f3f4-0568-4f78-b8f7-1cca5600e652" testId="b3424d89-9ae0-43f7-935e-c29992aa0126" testName="Test7251" computerName="UA-LPT-OGA2" duration="00:00:00.8650000" startTime="2025-05-14T13:20:31.3146610Z" endTime="2025-05-14T13:25:31.3147553Z" testType="13cdc9d9-ddb5-4fa4-a97d-d965ccfc6d4b" outcome="Passed" testListId="ae0bd71b-0767-4eec-afa9-def6fae4dc55" />
    <UnitTestResult executionId="b1cc1d57-82db-4b7d-9560-2a4a8cb4f8ec" testId="031a5762-a80b-4c58-a14c-5b4c91f975e0" testName="Test7252" computerName="UA-LPT-OGA2" duration="00:00:01.2910000" startTime="2025-05-14T13:20:31.3146610Z" endTime="2025-05-14T13:25:31.3147553Z" testType="13cdc9d9-ddb5-4fa4-a97d-d965ccfc6d4b" outcome="Passed" testListId="ae0bd71b-0767-4eec-afa9-def6fae4dc55" />
    <UnitTestResult executionId="39a2ff08-6091-4fa4-82a2-02f648e02617" testId="a3a758e7-3b3d-48a4-980b-838d23dd75ec" testName="Test7253" computerName="UA-LPT-OGA2" duration="00:00:01.3980000" startTime="2025-05-14T13:20:31.3146610Z" endTime="2025-05-14T13:25:31.3147553Z" testType="13cdc9d9-ddb5-4fa4-a97d-d965ccfc6d4b" outcome="Passed" testListId="ae0bd71b-0767-4eec-afa9-def6fae4dc55" />
    <UnitTestResult executionId="0e458b7f-3afd-462a-b25c-f330691ca6c7" testId="96193792-6b96-4f7a-8590-35c40b1a4156" testName="Test7254" computerName="UA-LPT-OGA2" duration="00:00:01.6130000" startTime="2025-05-14T13:20:31.3146610Z" endTime="2025-05-14T13:25:31.3147553Z" testType="13cdc9d9-ddb5-4fa4-a97d-d965ccfc6d4b" outcome="Failed" testListId="ae0bd71b-0767-4eec-afa9-def6fae4dc55">
      <Output>
        <ErrorInfo>
          <Message>Assertion failed: Expected value did not match actual value.</Message>
          <StackTrace>   at TestNamespace.TestClass.Test() in TestClass.cs:line 294</StackTrace>
        </ErrorInfo>
      </Output>
    </UnitTestResult>
    <UnitTestResult executionId="0211838d-8df5-42f4-89c7-f18ddf1d88ac" testId="69427365-d034-4569-a2a2-0ff5967f400e" testName="Test7255" computerName="UA-LPT-OGA2" duration="00:00:00.0890000" startTime="2025-05-14T13:20:31.3146610Z" endTime="2025-05-14T13:25:31.3147553Z" testType="13cdc9d9-ddb5-4fa4-a97d-d965ccfc6d4b" outcome="Passed" testListId="ae0bd71b-0767-4eec-afa9-def6fae4dc55" />
    <UnitTestResult executionId="3270437c-7669-4dc8-88b5-17669c8a5fc0" testId="2ed081e1-cf1d-4ce8-ab56-d58aa59ed53a" testName="Test7256" computerName="UA-LPT-OGA2" duration="00:00:01.4710000" startTime="2025-05-14T13:20:31.3146610Z" endTime="2025-05-14T13:25:31.3147553Z" testType="13cdc9d9-ddb5-4fa4-a97d-d965ccfc6d4b" outcome="Passed" testListId="ae0bd71b-0767-4eec-afa9-def6fae4dc55" />
    <UnitTestResult executionId="1cced767-266e-443e-ab0b-8d6dd3d6442c" testId="c7ace7f1-10a0-4339-9d02-c33792361bbf" testName="Test7257" computerName="UA-LPT-OGA2" duration="00:00:00.9360000" startTime="2025-05-14T13:20:31.3146610Z" endTime="2025-05-14T13:25:31.3147553Z" testType="13cdc9d9-ddb5-4fa4-a97d-d965ccfc6d4b" outcome="Passed" testListId="ae0bd71b-0767-4eec-afa9-def6fae4dc55" />
    <UnitTestResult executionId="09223ffe-2daa-4530-98af-f142f50275e4" testId="1654550b-60f5-4b24-a44e-435f41cfd4d1" testName="Test7258" computerName="UA-LPT-OGA2" duration="00:00:00.4500000" startTime="2025-05-14T13:20:31.3146610Z" endTime="2025-05-14T13:25:31.3147553Z" testType="13cdc9d9-ddb5-4fa4-a97d-d965ccfc6d4b" outcome="Passed" testListId="ae0bd71b-0767-4eec-afa9-def6fae4dc55" />
    <UnitTestResult executionId="61401913-127b-4f19-a13f-670593b892c3" testId="29867ad5-778c-4c21-a80c-397cb9747ecd" testName="Test7259" computerName="UA-LPT-OGA2" duration="00:00:01.6530000" startTime="2025-05-14T13:20:31.3146610Z" endTime="2025-05-14T13:25:31.3147553Z" testType="13cdc9d9-ddb5-4fa4-a97d-d965ccfc6d4b" outcome="Passed" testListId="ae0bd71b-0767-4eec-afa9-def6fae4dc55" />
    <UnitTestResult executionId="5d7af54d-2bd8-4836-aa19-216716b84135" testId="eab1389a-354c-4f49-acb1-64d678ec6455" testName="Test7260" computerName="UA-LPT-OGA2" duration="00:00:01.4180000" startTime="2025-05-14T13:20:31.3146610Z" endTime="2025-05-14T13:25:31.3147553Z" testType="13cdc9d9-ddb5-4fa4-a97d-d965ccfc6d4b" outcome="Passed" testListId="ae0bd71b-0767-4eec-afa9-def6fae4dc55" />
    <UnitTestResult executionId="ae21c389-7326-4623-9958-f6fd6a366d3d" testId="2bafe117-e157-462c-877d-d217424c1553" testName="Test7261" computerName="UA-LPT-OGA2" duration="00:00:01.0190000" startTime="2025-05-14T13:20:31.3146610Z" endTime="2025-05-14T13:25:31.3147553Z" testType="13cdc9d9-ddb5-4fa4-a97d-d965ccfc6d4b" outcome="Passed" testListId="ae0bd71b-0767-4eec-afa9-def6fae4dc55" />
    <UnitTestResult executionId="e1bda57e-f719-4f19-abfd-48abfb15bbe6" testId="6b7a6ef1-de1f-4e8f-a772-2f21e323a038" testName="Test7262" computerName="UA-LPT-OGA2" duration="00:00:01.6610000" startTime="2025-05-14T13:20:31.3146610Z" endTime="2025-05-14T13:25:31.3147553Z" testType="13cdc9d9-ddb5-4fa4-a97d-d965ccfc6d4b" outcome="Passed" testListId="ae0bd71b-0767-4eec-afa9-def6fae4dc55" />
    <UnitTestResult executionId="cb383172-6481-4350-9e5e-b9d4d8760c55" testId="7ed6dfe6-d6b7-4ad9-a0d1-1c9185d61798" testName="Test7263" computerName="UA-LPT-OGA2" duration="00:00:00.3810000" startTime="2025-05-14T13:20:31.3146610Z" endTime="2025-05-14T13:25:31.3147553Z" testType="13cdc9d9-ddb5-4fa4-a97d-d965ccfc6d4b" outcome="Passed" testListId="ae0bd71b-0767-4eec-afa9-def6fae4dc55" />
    <UnitTestResult executionId="0608e20f-7450-4ac8-859c-4feceb97ebb4" testId="00f23b1f-cc82-4d7b-b929-e7fc4217968b" testName="Test7264" computerName="UA-LPT-OGA2" duration="00:00:01.8220000" startTime="2025-05-14T13:20:31.3146610Z" endTime="2025-05-14T13:25:31.3147553Z" testType="13cdc9d9-ddb5-4fa4-a97d-d965ccfc6d4b" outcome="Passed" testListId="ae0bd71b-0767-4eec-afa9-def6fae4dc55" />
    <UnitTestResult executionId="8f7aa980-da88-403b-8266-61a23bb19576" testId="bf4443ca-2255-4671-8b96-3648c9d9a9cd" testName="Test7265" computerName="UA-LPT-OGA2" duration="00:00:01.1380000" startTime="2025-05-14T13:20:31.3146610Z" endTime="2025-05-14T13:25:31.3147553Z" testType="13cdc9d9-ddb5-4fa4-a97d-d965ccfc6d4b" outcome="Passed" testListId="ae0bd71b-0767-4eec-afa9-def6fae4dc55" />
    <UnitTestResult executionId="9b13a446-e976-4234-a251-f3e688b04cf5" testId="b4c10f8a-cdb7-48f5-bbb2-57f82eefa6d0" testName="Test7266" computerName="UA-LPT-OGA2" duration="00:00:01.8340000" startTime="2025-05-14T13:20:31.3146610Z" endTime="2025-05-14T13:25:31.3147553Z" testType="13cdc9d9-ddb5-4fa4-a97d-d965ccfc6d4b" outcome="Passed" testListId="ae0bd71b-0767-4eec-afa9-def6fae4dc55" />
    <UnitTestResult executionId="75e51d22-fbdc-41f8-9c72-82591d0146a6" testId="3ecf01af-3324-4022-a788-6efc4c026cfd" testName="Test7267" computerName="UA-LPT-OGA2" duration="00:00:01.4060000" startTime="2025-05-14T13:20:31.3146610Z" endTime="2025-05-14T13:25:31.3147553Z" testType="13cdc9d9-ddb5-4fa4-a97d-d965ccfc6d4b" outcome="Passed" testListId="ae0bd71b-0767-4eec-afa9-def6fae4dc55" />
    <UnitTestResult executionId="c02af7e7-9739-4212-b0bc-c901cc07990b" testId="af727432-76d5-4340-ab4f-b4be83bdef79" testName="Test7268" computerName="UA-LPT-OGA2" duration="00:00:00.5410000" startTime="2025-05-14T13:20:31.3146610Z" endTime="2025-05-14T13:25:31.3147553Z" testType="13cdc9d9-ddb5-4fa4-a97d-d965ccfc6d4b" outcome="Passed" testListId="ae0bd71b-0767-4eec-afa9-def6fae4dc55" />
    <UnitTestResult executionId="42491c5f-6b23-4831-a601-3e16aebe15bb" testId="335fa550-432c-476a-89f2-8e51dadad4e3" testName="Test7269" computerName="UA-LPT-OGA2" duration="00:00:00.8490000" startTime="2025-05-14T13:20:31.3146610Z" endTime="2025-05-14T13:25:31.3147553Z" testType="13cdc9d9-ddb5-4fa4-a97d-d965ccfc6d4b" outcome="Passed" testListId="ae0bd71b-0767-4eec-afa9-def6fae4dc55" />
    <UnitTestResult executionId="fa143f20-2aa4-4aeb-8e2d-7ec4bc259079" testId="bb55b036-9f10-48b4-93a5-99257473e6fd" testName="Test7270" computerName="UA-LPT-OGA2" duration="00:00:01.2400000" startTime="2025-05-14T13:20:31.3146610Z" endTime="2025-05-14T13:25:31.3147553Z" testType="13cdc9d9-ddb5-4fa4-a97d-d965ccfc6d4b" outcome="Passed" testListId="ae0bd71b-0767-4eec-afa9-def6fae4dc55" />
    <UnitTestResult executionId="64e315dc-3e45-4d14-8980-401577f5045a" testId="d7d0a285-44a6-4ebb-84c2-2e6d48e5bafd" testName="Test7271" computerName="UA-LPT-OGA2" duration="00:00:00.4460000" startTime="2025-05-14T13:20:31.3146610Z" endTime="2025-05-14T13:25:31.3147553Z" testType="13cdc9d9-ddb5-4fa4-a97d-d965ccfc6d4b" outcome="Passed" testListId="ae0bd71b-0767-4eec-afa9-def6fae4dc55" />
    <UnitTestResult executionId="3ef97d2d-8c18-4f17-beb4-b1822f75b41d" testId="9834156f-9162-4c35-9b6c-c36bbf1fe538" testName="Test7272" computerName="UA-LPT-OGA2" duration="00:00:01.1300000" startTime="2025-05-14T13:20:31.3146610Z" endTime="2025-05-14T13:25:31.3147553Z" testType="13cdc9d9-ddb5-4fa4-a97d-d965ccfc6d4b" outcome="Passed" testListId="ae0bd71b-0767-4eec-afa9-def6fae4dc55" />
    <UnitTestResult executionId="d39bfbb1-38ba-4bae-8d4d-5b4f22f77f1a" testId="96168fdf-b481-46a5-981d-950754c6c144" testName="Test7273" computerName="UA-LPT-OGA2" duration="00:00:01.9920000" startTime="2025-05-14T13:20:31.3146610Z" endTime="2025-05-14T13:25:31.3147553Z" testType="13cdc9d9-ddb5-4fa4-a97d-d965ccfc6d4b" outcome="Failed" testListId="ae0bd71b-0767-4eec-afa9-def6fae4dc55">
      <Output>
        <ErrorInfo>
          <Message>Assertion failed: Expected value did not match actual value.</Message>
          <StackTrace>   at TestNamespace.TestClass.Test() in TestClass.cs:line 81</StackTrace>
        </ErrorInfo>
      </Output>
    </UnitTestResult>
    <UnitTestResult executionId="95ba78fb-55eb-461b-9aae-68567d4c8072" testId="c5f3c7dd-55ca-43cc-852a-d5f2bfd7972c" testName="Test7274" computerName="UA-LPT-OGA2" duration="00:00:00.0430000" startTime="2025-05-14T13:20:31.3146610Z" endTime="2025-05-14T13:25:31.3147553Z" testType="13cdc9d9-ddb5-4fa4-a97d-d965ccfc6d4b" outcome="Passed" testListId="ae0bd71b-0767-4eec-afa9-def6fae4dc55" />
    <UnitTestResult executionId="1d185aeb-5026-40d9-b560-cae316260d2c" testId="47838792-6fde-4226-80d5-2eed40160ac2" testName="Test7275" computerName="UA-LPT-OGA2" duration="00:00:00.3250000" startTime="2025-05-14T13:20:31.3146610Z" endTime="2025-05-14T13:25:31.3147553Z" testType="13cdc9d9-ddb5-4fa4-a97d-d965ccfc6d4b" outcome="Passed" testListId="ae0bd71b-0767-4eec-afa9-def6fae4dc55" />
    <UnitTestResult executionId="21235da2-4614-4137-937b-cb2119fbd9e3" testId="697fa98f-65b7-4e35-a3cd-dd140f2a8803" testName="Test7276" computerName="UA-LPT-OGA2" duration="00:00:01.8860000" startTime="2025-05-14T13:20:31.3146610Z" endTime="2025-05-14T13:25:31.3147553Z" testType="13cdc9d9-ddb5-4fa4-a97d-d965ccfc6d4b" outcome="Passed" testListId="ae0bd71b-0767-4eec-afa9-def6fae4dc55" />
    <UnitTestResult executionId="df1cc44f-888a-4d38-829c-0a59c2766717" testId="34c198f8-e3c8-411c-a693-7baebf6324b6" testName="Test7277" computerName="UA-LPT-OGA2" duration="00:00:01.4870000" startTime="2025-05-14T13:20:31.3146610Z" endTime="2025-05-14T13:25:31.3147553Z" testType="13cdc9d9-ddb5-4fa4-a97d-d965ccfc6d4b" outcome="Passed" testListId="ae0bd71b-0767-4eec-afa9-def6fae4dc55" />
    <UnitTestResult executionId="a635d485-f0e9-474b-9a46-f2bb43955e40" testId="84c40dc2-34ce-43cc-8a99-ac6dbeff3f5e" testName="Test7278" computerName="UA-LPT-OGA2" duration="00:00:01.6490000" startTime="2025-05-14T13:20:31.3146610Z" endTime="2025-05-14T13:25:31.3147553Z" testType="13cdc9d9-ddb5-4fa4-a97d-d965ccfc6d4b" outcome="Passed" testListId="ae0bd71b-0767-4eec-afa9-def6fae4dc55" />
    <UnitTestResult executionId="4300879f-5b24-44f3-bdcc-bd1a9ff786a1" testId="3f6c34aa-fe63-4941-8c53-3401de33157f" testName="Test7279" computerName="UA-LPT-OGA2" duration="00:00:01.7700000" startTime="2025-05-14T13:20:31.3146610Z" endTime="2025-05-14T13:25:31.3147553Z" testType="13cdc9d9-ddb5-4fa4-a97d-d965ccfc6d4b" outcome="Passed" testListId="ae0bd71b-0767-4eec-afa9-def6fae4dc55" />
    <UnitTestResult executionId="080955e1-885f-48ae-abbf-8108176f4548" testId="bf3d7fdb-3ac3-44a9-9199-6a059c0fc126" testName="Test7280" computerName="UA-LPT-OGA2" duration="00:00:01.4060000" startTime="2025-05-14T13:20:31.3146610Z" endTime="2025-05-14T13:25:31.3147553Z" testType="13cdc9d9-ddb5-4fa4-a97d-d965ccfc6d4b" outcome="Passed" testListId="ae0bd71b-0767-4eec-afa9-def6fae4dc55" />
    <UnitTestResult executionId="aef215df-0443-463b-bb24-9d217171c459" testId="8349ab72-62d2-4c30-ad2b-a2bcd5e35847" testName="Test7281" computerName="UA-LPT-OGA2" duration="00:00:00.6590000" startTime="2025-05-14T13:20:31.3146610Z" endTime="2025-05-14T13:25:31.3147553Z" testType="13cdc9d9-ddb5-4fa4-a97d-d965ccfc6d4b" outcome="Passed" testListId="ae0bd71b-0767-4eec-afa9-def6fae4dc55" />
    <UnitTestResult executionId="2ac955bf-1dc4-4992-9b03-ebe1303e89de" testId="1c3b9870-fcdc-4842-a7e7-98cc94ae289d" testName="Test7282" computerName="UA-LPT-OGA2" duration="00:00:01.7110000" startTime="2025-05-14T13:20:31.3146610Z" endTime="2025-05-14T13:25:31.3147553Z" testType="13cdc9d9-ddb5-4fa4-a97d-d965ccfc6d4b" outcome="Passed" testListId="ae0bd71b-0767-4eec-afa9-def6fae4dc55" />
    <UnitTestResult executionId="90ea0942-ff50-4100-a5a8-176d1955f249" testId="5095c625-18a0-4bb6-9833-95e631bc711c" testName="Test7283" computerName="UA-LPT-OGA2" duration="00:00:01.3590000" startTime="2025-05-14T13:20:31.3146610Z" endTime="2025-05-14T13:25:31.3147553Z" testType="13cdc9d9-ddb5-4fa4-a97d-d965ccfc6d4b" outcome="Passed" testListId="ae0bd71b-0767-4eec-afa9-def6fae4dc55" />
    <UnitTestResult executionId="1212a9da-f587-4d79-bf42-51f5599d9351" testId="d8683f89-2579-42fe-92b4-a764c1e0b7f1" testName="Test7284" computerName="UA-LPT-OGA2" duration="00:00:01.2610000" startTime="2025-05-14T13:20:31.3146610Z" endTime="2025-05-14T13:25:31.3147553Z" testType="13cdc9d9-ddb5-4fa4-a97d-d965ccfc6d4b" outcome="Passed" testListId="ae0bd71b-0767-4eec-afa9-def6fae4dc55" />
    <UnitTestResult executionId="7be65e18-abc7-44c9-8efc-127eeebb2c89" testId="c1bc6b52-59f5-464a-91bd-9f89ff4d31bc" testName="Test7285" computerName="UA-LPT-OGA2" duration="00:00:01.0530000" startTime="2025-05-14T13:20:31.3146610Z" endTime="2025-05-14T13:25:31.3147553Z" testType="13cdc9d9-ddb5-4fa4-a97d-d965ccfc6d4b" outcome="Passed" testListId="ae0bd71b-0767-4eec-afa9-def6fae4dc55" />
    <UnitTestResult executionId="850643cc-da0c-4d3a-88c9-56426ba2a915" testId="e52d8489-e0c1-49fa-b80e-02c92fd7c1c7" testName="Test7286" computerName="UA-LPT-OGA2" duration="00:00:00.6280000" startTime="2025-05-14T13:20:31.3146610Z" endTime="2025-05-14T13:25:31.3147553Z" testType="13cdc9d9-ddb5-4fa4-a97d-d965ccfc6d4b" outcome="Passed" testListId="ae0bd71b-0767-4eec-afa9-def6fae4dc55" />
    <UnitTestResult executionId="85da5ea8-72b3-4680-921e-2d94703a6f93" testId="ce7ce355-62c8-46c1-b4e3-4c7850ab9a32" testName="Test7287" computerName="UA-LPT-OGA2" duration="00:00:00.5530000" startTime="2025-05-14T13:20:31.3146610Z" endTime="2025-05-14T13:25:31.3147553Z" testType="13cdc9d9-ddb5-4fa4-a97d-d965ccfc6d4b" outcome="Passed" testListId="ae0bd71b-0767-4eec-afa9-def6fae4dc55" />
    <UnitTestResult executionId="06e1ec8e-502c-44cb-81e2-282c3fc2b2ae" testId="6c401465-d390-430f-a942-d74fcd4758e0" testName="Test7288" computerName="UA-LPT-OGA2" duration="00:00:01.8590000" startTime="2025-05-14T13:20:31.3146610Z" endTime="2025-05-14T13:25:31.3147553Z" testType="13cdc9d9-ddb5-4fa4-a97d-d965ccfc6d4b" outcome="Failed" testListId="ae0bd71b-0767-4eec-afa9-def6fae4dc55">
      <Output>
        <ErrorInfo>
          <Message>Assertion failed: Expected value did not match actual value.</Message>
          <StackTrace>   at TestNamespace.TestClass.Test() in TestClass.cs:line 347</StackTrace>
        </ErrorInfo>
      </Output>
    </UnitTestResult>
    <UnitTestResult executionId="82778668-7de4-42ee-bb40-a295a77a32b6" testId="eb7366cf-36c9-4844-b5e7-05be1f2aea8c" testName="Test7289" computerName="UA-LPT-OGA2" duration="00:00:01.7990000" startTime="2025-05-14T13:20:31.3146610Z" endTime="2025-05-14T13:25:31.3147553Z" testType="13cdc9d9-ddb5-4fa4-a97d-d965ccfc6d4b" outcome="Passed" testListId="ae0bd71b-0767-4eec-afa9-def6fae4dc55" />
    <UnitTestResult executionId="4239fa7e-38a3-4718-86fa-c8200233ad30" testId="8dd5d296-cba5-45c0-a962-4395e3a3b95d" testName="Test7290" computerName="UA-LPT-OGA2" duration="00:00:00.3060000" startTime="2025-05-14T13:20:31.3146610Z" endTime="2025-05-14T13:25:31.3147553Z" testType="13cdc9d9-ddb5-4fa4-a97d-d965ccfc6d4b" outcome="Passed" testListId="ae0bd71b-0767-4eec-afa9-def6fae4dc55" />
    <UnitTestResult executionId="a7f8d625-73a3-496a-8241-13b435cc72df" testId="6bc634f9-8c8d-483f-b8d1-b82792e8fafb" testName="Test7291" computerName="UA-LPT-OGA2" duration="00:00:01.7310000" startTime="2025-05-14T13:20:31.3146610Z" endTime="2025-05-14T13:25:31.3147553Z" testType="13cdc9d9-ddb5-4fa4-a97d-d965ccfc6d4b" outcome="Passed" testListId="ae0bd71b-0767-4eec-afa9-def6fae4dc55" />
    <UnitTestResult executionId="e6ce60ce-1cdb-49bb-b2de-6796f168de12" testId="48c2d3df-78fa-4d31-83b1-49cfc4400af6" testName="Test7292" computerName="UA-LPT-OGA2" duration="00:00:00.8680000" startTime="2025-05-14T13:20:31.3146610Z" endTime="2025-05-14T13:25:31.3147553Z" testType="13cdc9d9-ddb5-4fa4-a97d-d965ccfc6d4b" outcome="Passed" testListId="ae0bd71b-0767-4eec-afa9-def6fae4dc55" />
    <UnitTestResult executionId="0430e527-396b-420f-b2c2-268b6ae0e5ff" testId="7e3ddace-898e-4fca-92ce-eb08334ba4d8" testName="Test7293" computerName="UA-LPT-OGA2" duration="00:00:01.1630000" startTime="2025-05-14T13:20:31.3146610Z" endTime="2025-05-14T13:25:31.3147553Z" testType="13cdc9d9-ddb5-4fa4-a97d-d965ccfc6d4b" outcome="Passed" testListId="ae0bd71b-0767-4eec-afa9-def6fae4dc55" />
    <UnitTestResult executionId="2fddee16-7b7c-4b2b-bce3-5249def81f68" testId="c6ae157a-27da-4fa7-9f08-7fe05a3c94ac" testName="Test7294" computerName="UA-LPT-OGA2" duration="00:00:01.4150000" startTime="2025-05-14T13:20:31.3146610Z" endTime="2025-05-14T13:25:31.3147553Z" testType="13cdc9d9-ddb5-4fa4-a97d-d965ccfc6d4b" outcome="Passed" testListId="ae0bd71b-0767-4eec-afa9-def6fae4dc55" />
    <UnitTestResult executionId="c33dbce5-dba4-4878-abc8-c7fd67c7c185" testId="7f077ee1-9218-491d-af44-cfd628199a3e" testName="Test7295" computerName="UA-LPT-OGA2" duration="00:00:00.5440000" startTime="2025-05-14T13:20:31.3146610Z" endTime="2025-05-14T13:25:31.3147553Z" testType="13cdc9d9-ddb5-4fa4-a97d-d965ccfc6d4b" outcome="Passed" testListId="ae0bd71b-0767-4eec-afa9-def6fae4dc55" />
    <UnitTestResult executionId="e19e1887-130a-4d69-97ee-027d610116dd" testId="d0b3d1ed-7e26-4359-92b1-1aa508329ee8" testName="Test7296" computerName="UA-LPT-OGA2" duration="00:00:01.8050000" startTime="2025-05-14T13:20:31.3146610Z" endTime="2025-05-14T13:25:31.3147553Z" testType="13cdc9d9-ddb5-4fa4-a97d-d965ccfc6d4b" outcome="Passed" testListId="ae0bd71b-0767-4eec-afa9-def6fae4dc55" />
    <UnitTestResult executionId="e83b054a-c828-41cb-a97e-9eda3260ca2a" testId="ab1d12bf-aec2-406c-ab04-678664800363" testName="Test7297" computerName="UA-LPT-OGA2" duration="00:00:00.2450000" startTime="2025-05-14T13:20:31.3146610Z" endTime="2025-05-14T13:25:31.3147553Z" testType="13cdc9d9-ddb5-4fa4-a97d-d965ccfc6d4b" outcome="Passed" testListId="ae0bd71b-0767-4eec-afa9-def6fae4dc55" />
    <UnitTestResult executionId="790c5c29-7043-4e62-bcd7-890e248439c7" testId="711141b2-1a7e-410d-94b0-3d7af78b9227" testName="Test7298" computerName="UA-LPT-OGA2" duration="00:00:01.4370000" startTime="2025-05-14T13:20:31.3146610Z" endTime="2025-05-14T13:25:31.3147553Z" testType="13cdc9d9-ddb5-4fa4-a97d-d965ccfc6d4b" outcome="Passed" testListId="ae0bd71b-0767-4eec-afa9-def6fae4dc55" />
    <UnitTestResult executionId="74e88059-b2e2-45da-82bf-172ed43c6b97" testId="b4fbd010-41c8-458d-8c83-f54d267d0962" testName="Test7299" computerName="UA-LPT-OGA2" duration="00:00:01.6750000" startTime="2025-05-14T13:20:31.3146610Z" endTime="2025-05-14T13:25:31.3147553Z" testType="13cdc9d9-ddb5-4fa4-a97d-d965ccfc6d4b" outcome="Passed" testListId="ae0bd71b-0767-4eec-afa9-def6fae4dc55" />
    <UnitTestResult executionId="d39f190e-80b2-456c-8be9-4ab9cd5fa68d" testId="ff84e023-c624-4b40-8440-d78a2ba8ce01" testName="Test7300" computerName="UA-LPT-OGA2" duration="00:00:01.5930000" startTime="2025-05-14T13:20:31.3146610Z" endTime="2025-05-14T13:25:31.3147553Z" testType="13cdc9d9-ddb5-4fa4-a97d-d965ccfc6d4b" outcome="Failed" testListId="ae0bd71b-0767-4eec-afa9-def6fae4dc55">
      <Output>
        <ErrorInfo>
          <Message>Assertion failed: Expected value did not match actual value.</Message>
          <StackTrace>   at TestNamespace.TestClass.Test() in TestClass.cs:line 80</StackTrace>
        </ErrorInfo>
      </Output>
    </UnitTestResult>
  </Results>
  <TestDefinitions>
    <UnitTest name="Test7201" id="ff700dce-2de0-489c-9a21-0a525091fc04" storage="TestAssembly.dll">
      <Execution id="8e961a17-3d92-4ae0-b336-951bcd6f9e32" />
      <TestMethod codeBase="TestAssembly.dll" className="TestNamespace.TestClass1" name="Test7201" />
    </UnitTest>
    <UnitTest name="Test7202" id="05526a6b-a775-4deb-8d84-a08cdd87fa49" storage="TestAssembly.dll">
      <Execution id="9aa18d1a-9036-4163-bdc2-a48fed8ab2f5" />
      <TestMethod codeBase="TestAssembly.dll" className="TestNamespace.TestClass1" name="Test7202" />
    </UnitTest>
    <UnitTest name="Test7203" id="54b60233-dacc-4908-8a76-1be3fa6cb24a" storage="TestAssembly.dll">
      <Execution id="ba447ebf-0367-4a44-a55b-5c3c9e0202b8" />
      <TestMethod codeBase="TestAssembly.dll" className="TestNamespace.TestClass1" name="Test7203" />
    </UnitTest>
    <UnitTest name="Test7204" id="83b56a2a-8c36-43d5-9bb4-3326dd8e6bf9" storage="TestAssembly.dll">
      <Execution id="38dcb861-3524-453f-8f08-848dc074ebe8" />
      <TestMethod codeBase="TestAssembly.dll" className="TestNamespace.TestClass1" name="Test7204" />
    </UnitTest>
    <UnitTest name="Test7205" id="f18b3502-9587-4f00-9bf4-231ff70e3689" storage="TestAssembly.dll">
      <Execution id="06aad040-f3da-491c-8b7e-c67ed302b89e" />
      <TestMethod codeBase="TestAssembly.dll" className="TestNamespace.TestClass1" name="Test7205" />
    </UnitTest>
    <UnitTest name="Test7206" id="ac6e21be-a4b5-4cef-b4cd-5bdee2b70a71" storage="TestAssembly.dll">
      <Execution id="54546ec1-a001-400c-a96b-3fe0bfb19ec5" />
      <TestMethod codeBase="TestAssembly.dll" className="TestNamespace.TestClass1" name="Test7206" />
    </UnitTest>
    <UnitTest name="Test7207" id="06cf112b-e3ae-4262-be81-349b0483fbb0" storage="TestAssembly.dll">
      <Execution id="fd1a1411-5cd5-42e4-a47d-df44b6b0cec0" />
      <TestMethod codeBase="TestAssembly.dll" className="TestNamespace.TestClass1" name="Test7207" />
    </UnitTest>
    <UnitTest name="Test7208" id="0116f05d-30d2-4105-a22b-fddeb9e69b2c" storage="TestAssembly.dll">
      <Execution id="632ddd1e-5905-4a1d-a810-50b490dc7ad8" />
      <TestMethod codeBase="TestAssembly.dll" className="TestNamespace.TestClass1" name="Test7208" />
    </UnitTest>
    <UnitTest name="Test7209" id="7f6ec2ed-b97e-4d41-9415-ebfcf1c57d58" storage="TestAssembly.dll">
      <Execution id="f75f6035-4d73-43ad-8443-a9245f1c8273" />
      <TestMethod codeBase="TestAssembly.dll" className="TestNamespace.TestClass1" name="Test7209" />
    </UnitTest>
    <UnitTest name="Test7210" id="f7542888-7a1b-4e19-9156-f8a9db4b4d35" storage="TestAssembly.dll">
      <Execution id="0ca8a57f-8db0-4b85-a16c-cb3ae4b93518" />
      <TestMethod codeBase="TestAssembly.dll" className="TestNamespace.TestClass1" name="Test7210" />
    </UnitTest>
    <UnitTest name="Test7211" id="fbacd201-66ba-4754-b53b-3b3e6ce87dc8" storage="TestAssembly.dll">
      <Execution id="6380a724-218f-4d34-bf30-5e3339e513df" />
      <TestMethod codeBase="TestAssembly.dll" className="TestNamespace.TestClass2" name="Test7211" />
    </UnitTest>
    <UnitTest name="Test7212" id="8b0b020b-4d5a-40e2-8307-e402a45f3fd6" storage="TestAssembly.dll">
      <Execution id="4895f144-d8ae-4cbb-89e4-992d55f8a2ab" />
      <TestMethod codeBase="TestAssembly.dll" className="TestNamespace.TestClass2" name="Test7212" />
    </UnitTest>
    <UnitTest name="Test7213" id="cc38b071-e08b-498a-b463-596d88ed0737" storage="TestAssembly.dll">
      <Execution id="eff50cdb-8fc7-4251-8fa0-adad2855dc2e" />
      <TestMethod codeBase="TestAssembly.dll" className="TestNamespace.TestClass2" name="Test7213" />
    </UnitTest>
    <UnitTest name="Test7214" id="5f71399a-ede9-40ca-85b6-363165cb7027" storage="TestAssembly.dll">
      <Execution id="9299851e-d621-479b-a1f2-6289f95f56f5" />
      <TestMethod codeBase="TestAssembly.dll" className="TestNamespace.TestClass2" name="Test7214" />
    </UnitTest>
    <UnitTest name="Test7215" id="024deeeb-3c68-45e9-89cf-c2dd75c06920" storage="TestAssembly.dll">
      <Execution id="39b61b7f-aadd-42e2-9243-fbca2a556d24" />
      <TestMethod codeBase="TestAssembly.dll" className="TestNamespace.TestClass2" name="Test7215" />
    </UnitTest>
    <UnitTest name="Test7216" id="c2abedc5-a086-455f-84a7-90e58106f0ab" storage="TestAssembly.dll">
      <Execution id="263e2663-1937-4442-ae7c-e1513c09743c" />
      <TestMethod codeBase="TestAssembly.dll" className="TestNamespace.TestClass2" name="Test7216" />
    </UnitTest>
    <UnitTest name="Test7217" id="17f17ef9-4a45-4e9c-a3e5-2cdb9a1bd484" storage="TestAssembly.dll">
      <Execution id="175b7aae-7313-40fd-9aae-4a88550e22fc" />
      <TestMethod codeBase="TestAssembly.dll" className="TestNamespace.TestClass2" name="Test7217" />
    </UnitTest>
    <UnitTest name="Test7218" id="58704653-02f7-42c8-a5ca-c0888a4d5b6f" storage="TestAssembly.dll">
      <Execution id="b487f85d-b444-4ef1-8d03-00268a4a4cf2" />
      <TestMethod codeBase="TestAssembly.dll" className="TestNamespace.TestClass2" name="Test7218" />
    </UnitTest>
    <UnitTest name="Test7219" id="67e19ec5-7b91-4194-a314-55c15fdc32c7" storage="TestAssembly.dll">
      <Execution id="36710598-8d18-40e1-956f-c02d320c65b0" />
      <TestMethod codeBase="TestAssembly.dll" className="TestNamespace.TestClass2" name="Test7219" />
    </UnitTest>
    <UnitTest name="Test7220" id="2fe538fa-a199-4ef7-abc2-637a60c7c3f5" storage="TestAssembly.dll">
      <Execution id="0aeb1163-3930-47de-8f02-6fbee3c65567" />
      <TestMethod codeBase="TestAssembly.dll" className="TestNamespace.TestClass2" name="Test7220" />
    </UnitTest>
    <UnitTest name="Test7221" id="bf9d503a-a950-4d54-9f22-ada507489c68" storage="TestAssembly.dll">
      <Execution id="ddc67fb9-ad9f-49ea-b032-ab294b3aa5d7" />
      <TestMethod codeBase="TestAssembly.dll" className="TestNamespace.TestClass3" name="Test7221" />
    </UnitTest>
    <UnitTest name="Test7222" id="fd13febe-b079-41f1-ac39-62edf620c96d" storage="TestAssembly.dll">
      <Execution id="adb66f63-9d87-493b-842c-8bb063693559" />
      <TestMethod codeBase="TestAssembly.dll" className="TestNamespace.TestClass3" name="Test7222" />
    </UnitTest>
    <UnitTest name="Test7223" id="f2b2b92c-8938-47eb-b5ec-f342199ecfb1" storage="TestAssembly.dll">
      <Execution id="c396d35d-4562-4b4d-9b22-e02fc9143d11" />
      <TestMethod codeBase="TestAssembly.dll" className="TestNamespace.TestClass3" name="Test7223" />
    </UnitTest>
    <UnitTest name="Test7224" id="d32cd3b7-139d-4f6e-999a-d19897e511b3" storage="TestAssembly.dll">
      <Execution id="c3d42473-0a96-492e-92ee-33da56762749" />
      <TestMethod codeBase="TestAssembly.dll" className="TestNamespace.TestClass3" name="Test7224" />
    </UnitTest>
    <UnitTest name="Test7225" id="dd355827-f7f6-4255-9e48-9eabf9c68419" storage="TestAssembly.dll">
      <Execution id="d2a7dd6e-0314-4cb7-b59e-ba6fb06229fb" />
      <TestMethod codeBase="TestAssembly.dll" className="TestNamespace.TestClass3" name="Test7225" />
    </UnitTest>
    <UnitTest name="Test7226" id="07f856ce-6790-4286-8908-1fb5734a7aca" storage="TestAssembly.dll">
      <Execution id="081defa2-1385-42ff-be20-981b9a921f29" />
      <TestMethod codeBase="TestAssembly.dll" className="TestNamespace.TestClass3" name="Test7226" />
    </UnitTest>
    <UnitTest name="Test7227" id="f00046d1-7ac2-40a7-961b-6812ca9d10c0" storage="TestAssembly.dll">
      <Execution id="df69a3bc-19be-4396-b5d7-99f67507e163" />
      <TestMethod codeBase="TestAssembly.dll" className="TestNamespace.TestClass3" name="Test7227" />
    </UnitTest>
    <UnitTest name="Test7228" id="2e3ec5b7-46fb-4373-bc72-4e4630ab747f" storage="TestAssembly.dll">
      <Execution id="5ac75f22-8536-4f62-813b-ba6a1630296a" />
      <TestMethod codeBase="TestAssembly.dll" className="TestNamespace.TestClass3" name="Test7228" />
    </UnitTest>
    <UnitTest name="Test7229" id="3128859a-3abd-4650-9e78-aebd6dc70fdd" storage="TestAssembly.dll">
      <Execution id="bbc5cf5e-2102-423a-9ce5-ce4fb70b7717" />
      <TestMethod codeBase="TestAssembly.dll" className="TestNamespace.TestClass3" name="Test7229" />
    </UnitTest>
    <UnitTest name="Test7230" id="62971e22-31ff-4d90-bb34-2ae2498658d2" storage="TestAssembly.dll">
      <Execution id="b75882ed-411b-4ddf-b95a-a11fcc49b818" />
      <TestMethod codeBase="TestAssembly.dll" className="TestNamespace.TestClass3" name="Test7230" />
    </UnitTest>
    <UnitTest name="Test7231" id="70b78abd-6c11-434e-ace3-4d6ab49de89c" storage="TestAssembly.dll">
      <Execution id="cd250cce-fb18-4d89-be11-648a13730fcc" />
      <TestMethod codeBase="TestAssembly.dll" className="TestNamespace.TestClass4" name="Test7231" />
    </UnitTest>
    <UnitTest name="Test7232" id="41647bda-4a9d-4061-977a-23fc30e8a4e5" storage="TestAssembly.dll">
      <Execution id="9b475284-70b3-482f-89ff-6221fa558ad4" />
      <TestMethod codeBase="TestAssembly.dll" className="TestNamespace.TestClass4" name="Test7232" />
    </UnitTest>
    <UnitTest name="Test7233" id="63742758-9c35-4dbb-891c-8af104699301" storage="TestAssembly.dll">
      <Execution id="ae4c6a43-badd-4d89-a37c-1c6a0ea7a091" />
      <TestMethod codeBase="TestAssembly.dll" className="TestNamespace.TestClass4" name="Test7233" />
    </UnitTest>
    <UnitTest name="Test7234" id="11171b34-b772-4da9-8352-824a50064608" storage="TestAssembly.dll">
      <Execution id="e343fd84-2ac2-4786-bb21-aaff62121691" />
      <TestMethod codeBase="TestAssembly.dll" className="TestNamespace.TestClass4" name="Test7234" />
    </UnitTest>
    <UnitTest name="Test7235" id="a45f8e94-a727-4573-9444-e6ae9210aebc" storage="TestAssembly.dll">
      <Execution id="e9821c6b-6ca8-4d36-94e2-7c7fa129f94c" />
      <TestMethod codeBase="TestAssembly.dll" className="TestNamespace.TestClass4" name="Test7235" />
    </UnitTest>
    <UnitTest name="Test7236" id="3506005a-a543-4e52-9cc7-54077dd1c9a7" storage="TestAssembly.dll">
      <Execution id="5432eefe-fee0-478f-b539-1191726312b4" />
      <TestMethod codeBase="TestAssembly.dll" className="TestNamespace.TestClass4" name="Test7236" />
    </UnitTest>
    <UnitTest name="Test7237" id="19430319-95c3-441e-985c-652c3af3c691" storage="TestAssembly.dll">
      <Execution id="d3c43894-e94a-4110-8d4f-f8a8190adbc6" />
      <TestMethod codeBase="TestAssembly.dll" className="TestNamespace.TestClass4" name="Test7237" />
    </UnitTest>
    <UnitTest name="Test7238" id="02c79475-ae98-4b3a-a82f-f224a2b94c71" storage="TestAssembly.dll">
      <Execution id="c8350dfc-03aa-4f61-ad85-4e92f522d015" />
      <TestMethod codeBase="TestAssembly.dll" className="TestNamespace.TestClass4" name="Test7238" />
    </UnitTest>
    <UnitTest name="Test7239" id="beb38a7c-4248-4ed4-ac00-bc19b972695a" storage="TestAssembly.dll">
      <Execution id="1bba2160-7d11-4c82-ad95-597a7896931e" />
      <TestMethod codeBase="TestAssembly.dll" className="TestNamespace.TestClass4" name="Test7239" />
    </UnitTest>
    <UnitTest name="Test7240" id="15b0df97-a9b4-4997-84c4-a2d91e1f1db9" storage="TestAssembly.dll">
      <Execution id="7e8ef55d-77af-4c79-8ff9-1be0f00d1b84" />
      <TestMethod codeBase="TestAssembly.dll" className="TestNamespace.TestClass4" name="Test7240" />
    </UnitTest>
    <UnitTest name="Test7241" id="9bc6c8bf-a9e0-41c6-8f4b-cda240db8795" storage="TestAssembly.dll">
      <Execution id="7b4967ee-2cb0-40d0-bb4a-316d80a1e8e7" />
      <TestMethod codeBase="TestAssembly.dll" className="TestNamespace.TestClass5" name="Test7241" />
    </UnitTest>
    <UnitTest name="Test7242" id="56fee28b-b033-4e70-b408-7e4d6f2587dc" storage="TestAssembly.dll">
      <Execution id="db9c59e7-dff2-4ad7-b1e2-e19a5e1c84d5" />
      <TestMethod codeBase="TestAssembly.dll" className="TestNamespace.TestClass5" name="Test7242" />
    </UnitTest>
    <UnitTest name="Test7243" id="1d69ee61-db4d-497c-9dc7-5b13a47e9223" storage="TestAssembly.dll">
      <Execution id="246a9612-0e27-472a-bb14-1f83249c3269" />
      <TestMethod codeBase="TestAssembly.dll" className="TestNamespace.TestClass5" name="Test7243" />
    </UnitTest>
    <UnitTest name="Test7244" id="cf05f14b-f507-4cad-8f42-dcabc378441b" storage="TestAssembly.dll">
      <Execution id="eeb67424-3ebc-4d88-83e6-f17d49386492" />
      <TestMethod codeBase="TestAssembly.dll" className="TestNamespace.TestClass5" name="Test7244" />
    </UnitTest>
    <UnitTest name="Test7245" id="16f485c1-ba77-44f5-aa84-c200a619529e" storage="TestAssembly.dll">
      <Execution id="da16647d-afd5-489f-9a76-b60e47847fd1" />
      <TestMethod codeBase="TestAssembly.dll" className="TestNamespace.TestClass5" name="Test7245" />
    </UnitTest>
    <UnitTest name="Test7246" id="53558411-acf0-4be0-8253-1faa34e32782" storage="TestAssembly.dll">
      <Execution id="6c4867f9-bbe4-488b-abdf-4ddf8adfd57d" />
      <TestMethod codeBase="TestAssembly.dll" className="TestNamespace.TestClass5" name="Test7246" />
    </UnitTest>
    <UnitTest name="Test7247" id="860ea3f3-5878-4ce9-9934-5c7e70d762bf" storage="TestAssembly.dll">
      <Execution id="0932e1d7-43e2-4304-a77c-dde9bcefac09" />
      <TestMethod codeBase="TestAssembly.dll" className="TestNamespace.TestClass5" name="Test7247" />
    </UnitTest>
    <UnitTest name="Test7248" id="b1bcf9cf-61da-43bd-8450-0861b2bdc274" storage="TestAssembly.dll">
      <Execution id="cdd36d75-e600-4091-94a4-c167aeaf51a9" />
      <TestMethod codeBase="TestAssembly.dll" className="TestNamespace.TestClass5" name="Test7248" />
    </UnitTest>
    <UnitTest name="Test7249" id="564115d6-2568-4ed3-bb7c-5c23f95023ed" storage="TestAssembly.dll">
      <Execution id="007f4382-2482-4012-8330-93ec22768297" />
      <TestMethod codeBase="TestAssembly.dll" className="TestNamespace.TestClass5" name="Test7249" />
    </UnitTest>
    <UnitTest name="Test7250" id="091cc1de-1c18-4b64-b52c-0c0ba3123bfd" storage="TestAssembly.dll">
      <Execution id="7b37409c-12db-4d31-96fa-d5b817a89833" />
      <TestMethod codeBase="TestAssembly.dll" className="TestNamespace.TestClass5" name="Test7250" />
    </UnitTest>
    <UnitTest name="Test7251" id="b3424d89-9ae0-43f7-935e-c29992aa0126" storage="TestAssembly.dll">
      <Execution id="8377f3f4-0568-4f78-b8f7-1cca5600e652" />
      <TestMethod codeBase="TestAssembly.dll" className="TestNamespace.TestClass6" name="Test7251" />
    </UnitTest>
    <UnitTest name="Test7252" id="031a5762-a80b-4c58-a14c-5b4c91f975e0" storage="TestAssembly.dll">
      <Execution id="b1cc1d57-82db-4b7d-9560-2a4a8cb4f8ec" />
      <TestMethod codeBase="TestAssembly.dll" className="TestNamespace.TestClass6" name="Test7252" />
    </UnitTest>
    <UnitTest name="Test7253" id="a3a758e7-3b3d-48a4-980b-838d23dd75ec" storage="TestAssembly.dll">
      <Execution id="39a2ff08-6091-4fa4-82a2-02f648e02617" />
      <TestMethod codeBase="TestAssembly.dll" className="TestNamespace.TestClass6" name="Test7253" />
    </UnitTest>
    <UnitTest name="Test7254" id="96193792-6b96-4f7a-8590-35c40b1a4156" storage="TestAssembly.dll">
      <Execution id="0e458b7f-3afd-462a-b25c-f330691ca6c7" />
      <TestMethod codeBase="TestAssembly.dll" className="TestNamespace.TestClass6" name="Test7254" />
    </UnitTest>
    <UnitTest name="Test7255" id="69427365-d034-4569-a2a2-0ff5967f400e" storage="TestAssembly.dll">
      <Execution id="0211838d-8df5-42f4-89c7-f18ddf1d88ac" />
      <TestMethod codeBase="TestAssembly.dll" className="TestNamespace.TestClass6" name="Test7255" />
    </UnitTest>
    <UnitTest name="Test7256" id="2ed081e1-cf1d-4ce8-ab56-d58aa59ed53a" storage="TestAssembly.dll">
      <Execution id="3270437c-7669-4dc8-88b5-17669c8a5fc0" />
      <TestMethod codeBase="TestAssembly.dll" className="TestNamespace.TestClass6" name="Test7256" />
    </UnitTest>
    <UnitTest name="Test7257" id="c7ace7f1-10a0-4339-9d02-c33792361bbf" storage="TestAssembly.dll">
      <Execution id="1cced767-266e-443e-ab0b-8d6dd3d6442c" />
      <TestMethod codeBase="TestAssembly.dll" className="TestNamespace.TestClass6" name="Test7257" />
    </UnitTest>
    <UnitTest name="Test7258" id="1654550b-60f5-4b24-a44e-435f41cfd4d1" storage="TestAssembly.dll">
      <Execution id="09223ffe-2daa-4530-98af-f142f50275e4" />
      <TestMethod codeBase="TestAssembly.dll" className="TestNamespace.TestClass6" name="Test7258" />
    </UnitTest>
    <UnitTest name="Test7259" id="29867ad5-778c-4c21-a80c-397cb9747ecd" storage="TestAssembly.dll">
      <Execution id="61401913-127b-4f19-a13f-670593b892c3" />
      <TestMethod codeBase="TestAssembly.dll" className="TestNamespace.TestClass6" name="Test7259" />
    </UnitTest>
    <UnitTest name="Test7260" id="eab1389a-354c-4f49-acb1-64d678ec6455" storage="TestAssembly.dll">
      <Execution id="5d7af54d-2bd8-4836-aa19-216716b84135" />
      <TestMethod codeBase="TestAssembly.dll" className="TestNamespace.TestClass6" name="Test7260" />
    </UnitTest>
    <UnitTest name="Test7261" id="2bafe117-e157-462c-877d-d217424c1553" storage="TestAssembly.dll">
      <Execution id="ae21c389-7326-4623-9958-f6fd6a366d3d" />
      <TestMethod codeBase="TestAssembly.dll" className="TestNamespace.TestClass7" name="Test7261" />
    </UnitTest>
    <UnitTest name="Test7262" id="6b7a6ef1-de1f-4e8f-a772-2f21e323a038" storage="TestAssembly.dll">
      <Execution id="e1bda57e-f719-4f19-abfd-48abfb15bbe6" />
      <TestMethod codeBase="TestAssembly.dll" className="TestNamespace.TestClass7" name="Test7262" />
    </UnitTest>
    <UnitTest name="Test7263" id="7ed6dfe6-d6b7-4ad9-a0d1-1c9185d61798" storage="TestAssembly.dll">
      <Execution id="cb383172-6481-4350-9e5e-b9d4d8760c55" />
      <TestMethod codeBase="TestAssembly.dll" className="TestNamespace.TestClass7" name="Test7263" />
    </UnitTest>
    <UnitTest name="Test7264" id="00f23b1f-cc82-4d7b-b929-e7fc4217968b" storage="TestAssembly.dll">
      <Execution id="0608e20f-7450-4ac8-859c-4feceb97ebb4" />
      <TestMethod codeBase="TestAssembly.dll" className="TestNamespace.TestClass7" name="Test7264" />
    </UnitTest>
    <UnitTest name="Test7265" id="bf4443ca-2255-4671-8b96-3648c9d9a9cd" storage="TestAssembly.dll">
      <Execution id="8f7aa980-da88-403b-8266-61a23bb19576" />
      <TestMethod codeBase="TestAssembly.dll" className="TestNamespace.TestClass7" name="Test7265" />
    </UnitTest>
    <UnitTest name="Test7266" id="b4c10f8a-cdb7-48f5-bbb2-57f82eefa6d0" storage="TestAssembly.dll">
      <Execution id="9b13a446-e976-4234-a251-f3e688b04cf5" />
      <TestMethod codeBase="TestAssembly.dll" className="TestNamespace.TestClass7" name="Test7266" />
    </UnitTest>
    <UnitTest name="Test7267" id="3ecf01af-3324-4022-a788-6efc4c026cfd" storage="TestAssembly.dll">
      <Execution id="75e51d22-fbdc-41f8-9c72-82591d0146a6" />
      <TestMethod codeBase="TestAssembly.dll" className="TestNamespace.TestClass7" name="Test7267" />
    </UnitTest>
    <UnitTest name="Test7268" id="af727432-76d5-4340-ab4f-b4be83bdef79" storage="TestAssembly.dll">
      <Execution id="c02af7e7-9739-4212-b0bc-c901cc07990b" />
      <TestMethod codeBase="TestAssembly.dll" className="TestNamespace.TestClass7" name="Test7268" />
    </UnitTest>
    <UnitTest name="Test7269" id="335fa550-432c-476a-89f2-8e51dadad4e3" storage="TestAssembly.dll">
      <Execution id="42491c5f-6b23-4831-a601-3e16aebe15bb" />
      <TestMethod codeBase="TestAssembly.dll" className="TestNamespace.TestClass7" name="Test7269" />
    </UnitTest>
    <UnitTest name="Test7270" id="bb55b036-9f10-48b4-93a5-99257473e6fd" storage="TestAssembly.dll">
      <Execution id="fa143f20-2aa4-4aeb-8e2d-7ec4bc259079" />
      <TestMethod codeBase="TestAssembly.dll" className="TestNamespace.TestClass7" name="Test7270" />
    </UnitTest>
    <UnitTest name="Test7271" id="d7d0a285-44a6-4ebb-84c2-2e6d48e5bafd" storage="TestAssembly.dll">
      <Execution id="64e315dc-3e45-4d14-8980-401577f5045a" />
      <TestMethod codeBase="TestAssembly.dll" className="TestNamespace.TestClass8" name="Test7271" />
    </UnitTest>
    <UnitTest name="Test7272" id="9834156f-9162-4c35-9b6c-c36bbf1fe538" storage="TestAssembly.dll">
      <Execution id="3ef97d2d-8c18-4f17-beb4-b1822f75b41d" />
      <TestMethod codeBase="TestAssembly.dll" className="TestNamespace.TestClass8" name="Test7272" />
    </UnitTest>
    <UnitTest name="Test7273" id="96168fdf-b481-46a5-981d-950754c6c144" storage="TestAssembly.dll">
      <Execution id="d39bfbb1-38ba-4bae-8d4d-5b4f22f77f1a" />
      <TestMethod codeBase="TestAssembly.dll" className="TestNamespace.TestClass8" name="Test7273" />
    </UnitTest>
    <UnitTest name="Test7274" id="c5f3c7dd-55ca-43cc-852a-d5f2bfd7972c" storage="TestAssembly.dll">
      <Execution id="95ba78fb-55eb-461b-9aae-68567d4c8072" />
      <TestMethod codeBase="TestAssembly.dll" className="TestNamespace.TestClass8" name="Test7274" />
    </UnitTest>
    <UnitTest name="Test7275" id="47838792-6fde-4226-80d5-2eed40160ac2" storage="TestAssembly.dll">
      <Execution id="1d185aeb-5026-40d9-b560-cae316260d2c" />
      <TestMethod codeBase="TestAssembly.dll" className="TestNamespace.TestClass8" name="Test7275" />
    </UnitTest>
    <UnitTest name="Test7276" id="697fa98f-65b7-4e35-a3cd-dd140f2a8803" storage="TestAssembly.dll">
      <Execution id="21235da2-4614-4137-937b-cb2119fbd9e3" />
      <TestMethod codeBase="TestAssembly.dll" className="TestNamespace.TestClass8" name="Test7276" />
    </UnitTest>
    <UnitTest name="Test7277" id="34c198f8-e3c8-411c-a693-7baebf6324b6" storage="TestAssembly.dll">
      <Execution id="df1cc44f-888a-4d38-829c-0a59c2766717" />
      <TestMethod codeBase="TestAssembly.dll" className="TestNamespace.TestClass8" name="Test7277" />
    </UnitTest>
    <UnitTest name="Test7278" id="84c40dc2-34ce-43cc-8a99-ac6dbeff3f5e" storage="TestAssembly.dll">
      <Execution id="a635d485-f0e9-474b-9a46-f2bb43955e40" />
      <TestMethod codeBase="TestAssembly.dll" className="TestNamespace.TestClass8" name="Test7278" />
    </UnitTest>
    <UnitTest name="Test7279" id="3f6c34aa-fe63-4941-8c53-3401de33157f" storage="TestAssembly.dll">
      <Execution id="4300879f-5b24-44f3-bdcc-bd1a9ff786a1" />
      <TestMethod codeBase="TestAssembly.dll" className="TestNamespace.TestClass8" name="Test7279" />
    </UnitTest>
    <UnitTest name="Test7280" id="bf3d7fdb-3ac3-44a9-9199-6a059c0fc126" storage="TestAssembly.dll">
      <Execution id="080955e1-885f-48ae-abbf-8108176f4548" />
      <TestMethod codeBase="TestAssembly.dll" className="TestNamespace.TestClass8" name="Test7280" />
    </UnitTest>
    <UnitTest name="Test7281" id="8349ab72-62d2-4c30-ad2b-a2bcd5e35847" storage="TestAssembly.dll">
      <Execution id="aef215df-0443-463b-bb24-9d217171c459" />
      <TestMethod codeBase="TestAssembly.dll" className="TestNamespace.TestClass9" name="Test7281" />
    </UnitTest>
    <UnitTest name="Test7282" id="1c3b9870-fcdc-4842-a7e7-98cc94ae289d" storage="TestAssembly.dll">
      <Execution id="2ac955bf-1dc4-4992-9b03-ebe1303e89de" />
      <TestMethod codeBase="TestAssembly.dll" className="TestNamespace.TestClass9" name="Test7282" />
    </UnitTest>
    <UnitTest name="Test7283" id="5095c625-18a0-4bb6-9833-95e631bc711c" storage="TestAssembly.dll">
      <Execution id="90ea0942-ff50-4100-a5a8-176d1955f249" />
      <TestMethod codeBase="TestAssembly.dll" className="TestNamespace.TestClass9" name="Test7283" />
    </UnitTest>
    <UnitTest name="Test7284" id="d8683f89-2579-42fe-92b4-a764c1e0b7f1" storage="TestAssembly.dll">
      <Execution id="1212a9da-f587-4d79-bf42-51f5599d9351" />
      <TestMethod codeBase="TestAssembly.dll" className="TestNamespace.TestClass9" name="Test7284" />
    </UnitTest>
    <UnitTest name="Test7285" id="c1bc6b52-59f5-464a-91bd-9f89ff4d31bc" storage="TestAssembly.dll">
      <Execution id="7be65e18-abc7-44c9-8efc-127eeebb2c89" />
      <TestMethod codeBase="TestAssembly.dll" className="TestNamespace.TestClass9" name="Test7285" />
    </UnitTest>
    <UnitTest name="Test7286" id="e52d8489-e0c1-49fa-b80e-02c92fd7c1c7" storage="TestAssembly.dll">
      <Execution id="850643cc-da0c-4d3a-88c9-56426ba2a915" />
      <TestMethod codeBase="TestAssembly.dll" className="TestNamespace.TestClass9" name="Test7286" />
    </UnitTest>
    <UnitTest name="Test7287" id="ce7ce355-62c8-46c1-b4e3-4c7850ab9a32" storage="TestAssembly.dll">
      <Execution id="85da5ea8-72b3-4680-921e-2d94703a6f93" />
      <TestMethod codeBase="TestAssembly.dll" className="TestNamespace.TestClass9" name="Test7287" />
    </UnitTest>
    <UnitTest name="Test7288" id="6c401465-d390-430f-a942-d74fcd4758e0" storage="TestAssembly.dll">
      <Execution id="06e1ec8e-502c-44cb-81e2-282c3fc2b2ae" />
      <TestMethod codeBase="TestAssembly.dll" className="TestNamespace.TestClass9" name="Test7288" />
    </UnitTest>
    <UnitTest name="Test7289" id="eb7366cf-36c9-4844-b5e7-05be1f2aea8c" storage="TestAssembly.dll">
      <Execution id="82778668-7de4-42ee-bb40-a295a77a32b6" />
      <TestMethod codeBase="TestAssembly.dll" className="TestNamespace.TestClass9" name="Test7289" />
    </UnitTest>
    <UnitTest name="Test7290" id="8dd5d296-cba5-45c0-a962-4395e3a3b95d" storage="TestAssembly.dll">
      <Execution id="4239fa7e-38a3-4718-86fa-c8200233ad30" />
      <TestMethod codeBase="TestAssembly.dll" className="TestNamespace.TestClass9" name="Test7290" />
    </UnitTest>
    <UnitTest name="Test7291" id="6bc634f9-8c8d-483f-b8d1-b82792e8fafb" storage="TestAssembly.dll">
      <Execution id="a7f8d625-73a3-496a-8241-13b435cc72df" />
      <TestMethod codeBase="TestAssembly.dll" className="TestNamespace.TestClass10" name="Test7291" />
    </UnitTest>
    <UnitTest name="Test7292" id="48c2d3df-78fa-4d31-83b1-49cfc4400af6" storage="TestAssembly.dll">
      <Execution id="e6ce60ce-1cdb-49bb-b2de-6796f168de12" />
      <TestMethod codeBase="TestAssembly.dll" className="TestNamespace.TestClass10" name="Test7292" />
    </UnitTest>
    <UnitTest name="Test7293" id="7e3ddace-898e-4fca-92ce-eb08334ba4d8" storage="TestAssembly.dll">
      <Execution id="0430e527-396b-420f-b2c2-268b6ae0e5ff" />
      <TestMethod codeBase="TestAssembly.dll" className="TestNamespace.TestClass10" name="Test7293" />
    </UnitTest>
    <UnitTest name="Test7294" id="c6ae157a-27da-4fa7-9f08-7fe05a3c94ac" storage="TestAssembly.dll">
      <Execution id="2fddee16-7b7c-4b2b-bce3-5249def81f68" />
      <TestMethod codeBase="TestAssembly.dll" className="TestNamespace.TestClass10" name="Test7294" />
    </UnitTest>
    <UnitTest name="Test7295" id="7f077ee1-9218-491d-af44-cfd628199a3e" storage="TestAssembly.dll">
      <Execution id="c33dbce5-dba4-4878-abc8-c7fd67c7c185" />
      <TestMethod codeBase="TestAssembly.dll" className="TestNamespace.TestClass10" name="Test7295" />
    </UnitTest>
    <UnitTest name="Test7296" id="d0b3d1ed-7e26-4359-92b1-1aa508329ee8" storage="TestAssembly.dll">
      <Execution id="e19e1887-130a-4d69-97ee-027d610116dd" />
      <TestMethod codeBase="TestAssembly.dll" className="TestNamespace.TestClass10" name="Test7296" />
    </UnitTest>
    <UnitTest name="Test7297" id="ab1d12bf-aec2-406c-ab04-678664800363" storage="TestAssembly.dll">
      <Execution id="e83b054a-c828-41cb-a97e-9eda3260ca2a" />
      <TestMethod codeBase="TestAssembly.dll" className="TestNamespace.TestClass10" name="Test7297" />
    </UnitTest>
    <UnitTest name="Test7298" id="711141b2-1a7e-410d-94b0-3d7af78b9227" storage="TestAssembly.dll">
      <Execution id="790c5c29-7043-4e62-bcd7-890e248439c7" />
      <TestMethod codeBase="TestAssembly.dll" className="TestNamespace.TestClass10" name="Test7298" />
    </UnitTest>
    <UnitTest name="Test7299" id="b4fbd010-41c8-458d-8c83-f54d267d0962" storage="TestAssembly.dll">
      <Execution id="74e88059-b2e2-45da-82bf-172ed43c6b97" />
      <TestMethod codeBase="TestAssembly.dll" className="TestNamespace.TestClass10" name="Test7299" />
    </UnitTest>
    <UnitTest name="Test7300" id="ff84e023-c624-4b40-8440-d78a2ba8ce01" storage="TestAssembly.dll">
      <Execution id="d39f190e-80b2-456c-8be9-4ab9cd5fa68d" />
      <TestMethod codeBase="TestAssembly.dll" className="TestNamespace.TestClass10" name="Test7300" />
    </UnitTest>
  </TestDefinitions>
  <TestEntries>
    <TestEntry testId="ff700dce-2de0-489c-9a21-0a525091fc04" executionId="8e961a17-3d92-4ae0-b336-951bcd6f9e32" testListId="ae0bd71b-0767-4eec-afa9-def6fae4dc55" />
    <TestEntry testId="05526a6b-a775-4deb-8d84-a08cdd87fa49" executionId="9aa18d1a-9036-4163-bdc2-a48fed8ab2f5" testListId="ae0bd71b-0767-4eec-afa9-def6fae4dc55" />
    <TestEntry testId="54b60233-dacc-4908-8a76-1be3fa6cb24a" executionId="ba447ebf-0367-4a44-a55b-5c3c9e0202b8" testListId="ae0bd71b-0767-4eec-afa9-def6fae4dc55" />
    <TestEntry testId="83b56a2a-8c36-43d5-9bb4-3326dd8e6bf9" executionId="38dcb861-3524-453f-8f08-848dc074ebe8" testListId="ae0bd71b-0767-4eec-afa9-def6fae4dc55" />
    <TestEntry testId="f18b3502-9587-4f00-9bf4-231ff70e3689" executionId="06aad040-f3da-491c-8b7e-c67ed302b89e" testListId="ae0bd71b-0767-4eec-afa9-def6fae4dc55" />
    <TestEntry testId="ac6e21be-a4b5-4cef-b4cd-5bdee2b70a71" executionId="54546ec1-a001-400c-a96b-3fe0bfb19ec5" testListId="ae0bd71b-0767-4eec-afa9-def6fae4dc55" />
    <TestEntry testId="06cf112b-e3ae-4262-be81-349b0483fbb0" executionId="fd1a1411-5cd5-42e4-a47d-df44b6b0cec0" testListId="ae0bd71b-0767-4eec-afa9-def6fae4dc55" />
    <TestEntry testId="0116f05d-30d2-4105-a22b-fddeb9e69b2c" executionId="632ddd1e-5905-4a1d-a810-50b490dc7ad8" testListId="ae0bd71b-0767-4eec-afa9-def6fae4dc55" />
    <TestEntry testId="7f6ec2ed-b97e-4d41-9415-ebfcf1c57d58" executionId="f75f6035-4d73-43ad-8443-a9245f1c8273" testListId="ae0bd71b-0767-4eec-afa9-def6fae4dc55" />
    <TestEntry testId="f7542888-7a1b-4e19-9156-f8a9db4b4d35" executionId="0ca8a57f-8db0-4b85-a16c-cb3ae4b93518" testListId="ae0bd71b-0767-4eec-afa9-def6fae4dc55" />
    <TestEntry testId="fbacd201-66ba-4754-b53b-3b3e6ce87dc8" executionId="6380a724-218f-4d34-bf30-5e3339e513df" testListId="ae0bd71b-0767-4eec-afa9-def6fae4dc55" />
    <TestEntry testId="8b0b020b-4d5a-40e2-8307-e402a45f3fd6" executionId="4895f144-d8ae-4cbb-89e4-992d55f8a2ab" testListId="ae0bd71b-0767-4eec-afa9-def6fae4dc55" />
    <TestEntry testId="cc38b071-e08b-498a-b463-596d88ed0737" executionId="eff50cdb-8fc7-4251-8fa0-adad2855dc2e" testListId="ae0bd71b-0767-4eec-afa9-def6fae4dc55" />
    <TestEntry testId="5f71399a-ede9-40ca-85b6-363165cb7027" executionId="9299851e-d621-479b-a1f2-6289f95f56f5" testListId="ae0bd71b-0767-4eec-afa9-def6fae4dc55" />
    <TestEntry testId="024deeeb-3c68-45e9-89cf-c2dd75c06920" executionId="39b61b7f-aadd-42e2-9243-fbca2a556d24" testListId="ae0bd71b-0767-4eec-afa9-def6fae4dc55" />
    <TestEntry testId="c2abedc5-a086-455f-84a7-90e58106f0ab" executionId="263e2663-1937-4442-ae7c-e1513c09743c" testListId="ae0bd71b-0767-4eec-afa9-def6fae4dc55" />
    <TestEntry testId="17f17ef9-4a45-4e9c-a3e5-2cdb9a1bd484" executionId="175b7aae-7313-40fd-9aae-4a88550e22fc" testListId="ae0bd71b-0767-4eec-afa9-def6fae4dc55" />
    <TestEntry testId="58704653-02f7-42c8-a5ca-c0888a4d5b6f" executionId="b487f85d-b444-4ef1-8d03-00268a4a4cf2" testListId="ae0bd71b-0767-4eec-afa9-def6fae4dc55" />
    <TestEntry testId="67e19ec5-7b91-4194-a314-55c15fdc32c7" executionId="36710598-8d18-40e1-956f-c02d320c65b0" testListId="ae0bd71b-0767-4eec-afa9-def6fae4dc55" />
    <TestEntry testId="2fe538fa-a199-4ef7-abc2-637a60c7c3f5" executionId="0aeb1163-3930-47de-8f02-6fbee3c65567" testListId="ae0bd71b-0767-4eec-afa9-def6fae4dc55" />
    <TestEntry testId="bf9d503a-a950-4d54-9f22-ada507489c68" executionId="ddc67fb9-ad9f-49ea-b032-ab294b3aa5d7" testListId="ae0bd71b-0767-4eec-afa9-def6fae4dc55" />
    <TestEntry testId="fd13febe-b079-41f1-ac39-62edf620c96d" executionId="adb66f63-9d87-493b-842c-8bb063693559" testListId="ae0bd71b-0767-4eec-afa9-def6fae4dc55" />
    <TestEntry testId="f2b2b92c-8938-47eb-b5ec-f342199ecfb1" executionId="c396d35d-4562-4b4d-9b22-e02fc9143d11" testListId="ae0bd71b-0767-4eec-afa9-def6fae4dc55" />
    <TestEntry testId="d32cd3b7-139d-4f6e-999a-d19897e511b3" executionId="c3d42473-0a96-492e-92ee-33da56762749" testListId="ae0bd71b-0767-4eec-afa9-def6fae4dc55" />
    <TestEntry testId="dd355827-f7f6-4255-9e48-9eabf9c68419" executionId="d2a7dd6e-0314-4cb7-b59e-ba6fb06229fb" testListId="ae0bd71b-0767-4eec-afa9-def6fae4dc55" />
    <TestEntry testId="07f856ce-6790-4286-8908-1fb5734a7aca" executionId="081defa2-1385-42ff-be20-981b9a921f29" testListId="ae0bd71b-0767-4eec-afa9-def6fae4dc55" />
    <TestEntry testId="f00046d1-7ac2-40a7-961b-6812ca9d10c0" executionId="df69a3bc-19be-4396-b5d7-99f67507e163" testListId="ae0bd71b-0767-4eec-afa9-def6fae4dc55" />
    <TestEntry testId="2e3ec5b7-46fb-4373-bc72-4e4630ab747f" executionId="5ac75f22-8536-4f62-813b-ba6a1630296a" testListId="ae0bd71b-0767-4eec-afa9-def6fae4dc55" />
    <TestEntry testId="3128859a-3abd-4650-9e78-aebd6dc70fdd" executionId="bbc5cf5e-2102-423a-9ce5-ce4fb70b7717" testListId="ae0bd71b-0767-4eec-afa9-def6fae4dc55" />
    <TestEntry testId="62971e22-31ff-4d90-bb34-2ae2498658d2" executionId="b75882ed-411b-4ddf-b95a-a11fcc49b818" testListId="ae0bd71b-0767-4eec-afa9-def6fae4dc55" />
    <TestEntry testId="70b78abd-6c11-434e-ace3-4d6ab49de89c" executionId="cd250cce-fb18-4d89-be11-648a13730fcc" testListId="ae0bd71b-0767-4eec-afa9-def6fae4dc55" />
    <TestEntry testId="41647bda-4a9d-4061-977a-23fc30e8a4e5" executionId="9b475284-70b3-482f-89ff-6221fa558ad4" testListId="ae0bd71b-0767-4eec-afa9-def6fae4dc55" />
    <TestEntry testId="63742758-9c35-4dbb-891c-8af104699301" executionId="ae4c6a43-badd-4d89-a37c-1c6a0ea7a091" testListId="ae0bd71b-0767-4eec-afa9-def6fae4dc55" />
    <TestEntry testId="11171b34-b772-4da9-8352-824a50064608" executionId="e343fd84-2ac2-4786-bb21-aaff62121691" testListId="ae0bd71b-0767-4eec-afa9-def6fae4dc55" />
    <TestEntry testId="a45f8e94-a727-4573-9444-e6ae9210aebc" executionId="e9821c6b-6ca8-4d36-94e2-7c7fa129f94c" testListId="ae0bd71b-0767-4eec-afa9-def6fae4dc55" />
    <TestEntry testId="3506005a-a543-4e52-9cc7-54077dd1c9a7" executionId="5432eefe-fee0-478f-b539-1191726312b4" testListId="ae0bd71b-0767-4eec-afa9-def6fae4dc55" />
    <TestEntry testId="19430319-95c3-441e-985c-652c3af3c691" executionId="d3c43894-e94a-4110-8d4f-f8a8190adbc6" testListId="ae0bd71b-0767-4eec-afa9-def6fae4dc55" />
    <TestEntry testId="02c79475-ae98-4b3a-a82f-f224a2b94c71" executionId="c8350dfc-03aa-4f61-ad85-4e92f522d015" testListId="ae0bd71b-0767-4eec-afa9-def6fae4dc55" />
    <TestEntry testId="beb38a7c-4248-4ed4-ac00-bc19b972695a" executionId="1bba2160-7d11-4c82-ad95-597a7896931e" testListId="ae0bd71b-0767-4eec-afa9-def6fae4dc55" />
    <TestEntry testId="15b0df97-a9b4-4997-84c4-a2d91e1f1db9" executionId="7e8ef55d-77af-4c79-8ff9-1be0f00d1b84" testListId="ae0bd71b-0767-4eec-afa9-def6fae4dc55" />
    <TestEntry testId="9bc6c8bf-a9e0-41c6-8f4b-cda240db8795" executionId="7b4967ee-2cb0-40d0-bb4a-316d80a1e8e7" testListId="ae0bd71b-0767-4eec-afa9-def6fae4dc55" />
    <TestEntry testId="56fee28b-b033-4e70-b408-7e4d6f2587dc" executionId="db9c59e7-dff2-4ad7-b1e2-e19a5e1c84d5" testListId="ae0bd71b-0767-4eec-afa9-def6fae4dc55" />
    <TestEntry testId="1d69ee61-db4d-497c-9dc7-5b13a47e9223" executionId="246a9612-0e27-472a-bb14-1f83249c3269" testListId="ae0bd71b-0767-4eec-afa9-def6fae4dc55" />
    <TestEntry testId="cf05f14b-f507-4cad-8f42-dcabc378441b" executionId="eeb67424-3ebc-4d88-83e6-f17d49386492" testListId="ae0bd71b-0767-4eec-afa9-def6fae4dc55" />
    <TestEntry testId="16f485c1-ba77-44f5-aa84-c200a619529e" executionId="da16647d-afd5-489f-9a76-b60e47847fd1" testListId="ae0bd71b-0767-4eec-afa9-def6fae4dc55" />
    <TestEntry testId="53558411-acf0-4be0-8253-1faa34e32782" executionId="6c4867f9-bbe4-488b-abdf-4ddf8adfd57d" testListId="ae0bd71b-0767-4eec-afa9-def6fae4dc55" />
    <TestEntry testId="860ea3f3-5878-4ce9-9934-5c7e70d762bf" executionId="0932e1d7-43e2-4304-a77c-dde9bcefac09" testListId="ae0bd71b-0767-4eec-afa9-def6fae4dc55" />
    <TestEntry testId="b1bcf9cf-61da-43bd-8450-0861b2bdc274" executionId="cdd36d75-e600-4091-94a4-c167aeaf51a9" testListId="ae0bd71b-0767-4eec-afa9-def6fae4dc55" />
    <TestEntry testId="564115d6-2568-4ed3-bb7c-5c23f95023ed" executionId="007f4382-2482-4012-8330-93ec22768297" testListId="ae0bd71b-0767-4eec-afa9-def6fae4dc55" />
    <TestEntry testId="091cc1de-1c18-4b64-b52c-0c0ba3123bfd" executionId="7b37409c-12db-4d31-96fa-d5b817a89833" testListId="ae0bd71b-0767-4eec-afa9-def6fae4dc55" />
    <TestEntry testId="b3424d89-9ae0-43f7-935e-c29992aa0126" executionId="8377f3f4-0568-4f78-b8f7-1cca5600e652" testListId="ae0bd71b-0767-4eec-afa9-def6fae4dc55" />
    <TestEntry testId="031a5762-a80b-4c58-a14c-5b4c91f975e0" executionId="b1cc1d57-82db-4b7d-9560-2a4a8cb4f8ec" testListId="ae0bd71b-0767-4eec-afa9-def6fae4dc55" />
    <TestEntry testId="a3a758e7-3b3d-48a4-980b-838d23dd75ec" executionId="39a2ff08-6091-4fa4-82a2-02f648e02617" testListId="ae0bd71b-0767-4eec-afa9-def6fae4dc55" />
    <TestEntry testId="96193792-6b96-4f7a-8590-35c40b1a4156" executionId="0e458b7f-3afd-462a-b25c-f330691ca6c7" testListId="ae0bd71b-0767-4eec-afa9-def6fae4dc55" />
    <TestEntry testId="69427365-d034-4569-a2a2-0ff5967f400e" executionId="0211838d-8df5-42f4-89c7-f18ddf1d88ac" testListId="ae0bd71b-0767-4eec-afa9-def6fae4dc55" />
    <TestEntry testId="2ed081e1-cf1d-4ce8-ab56-d58aa59ed53a" executionId="3270437c-7669-4dc8-88b5-17669c8a5fc0" testListId="ae0bd71b-0767-4eec-afa9-def6fae4dc55" />
    <TestEntry testId="c7ace7f1-10a0-4339-9d02-c33792361bbf" executionId="1cced767-266e-443e-ab0b-8d6dd3d6442c" testListId="ae0bd71b-0767-4eec-afa9-def6fae4dc55" />
    <TestEntry testId="1654550b-60f5-4b24-a44e-435f41cfd4d1" executionId="09223ffe-2daa-4530-98af-f142f50275e4" testListId="ae0bd71b-0767-4eec-afa9-def6fae4dc55" />
    <TestEntry testId="29867ad5-778c-4c21-a80c-397cb9747ecd" executionId="61401913-127b-4f19-a13f-670593b892c3" testListId="ae0bd71b-0767-4eec-afa9-def6fae4dc55" />
    <TestEntry testId="eab1389a-354c-4f49-acb1-64d678ec6455" executionId="5d7af54d-2bd8-4836-aa19-216716b84135" testListId="ae0bd71b-0767-4eec-afa9-def6fae4dc55" />
    <TestEntry testId="2bafe117-e157-462c-877d-d217424c1553" executionId="ae21c389-7326-4623-9958-f6fd6a366d3d" testListId="ae0bd71b-0767-4eec-afa9-def6fae4dc55" />
    <TestEntry testId="6b7a6ef1-de1f-4e8f-a772-2f21e323a038" executionId="e1bda57e-f719-4f19-abfd-48abfb15bbe6" testListId="ae0bd71b-0767-4eec-afa9-def6fae4dc55" />
    <TestEntry testId="7ed6dfe6-d6b7-4ad9-a0d1-1c9185d61798" executionId="cb383172-6481-4350-9e5e-b9d4d8760c55" testListId="ae0bd71b-0767-4eec-afa9-def6fae4dc55" />
    <TestEntry testId="00f23b1f-cc82-4d7b-b929-e7fc4217968b" executionId="0608e20f-7450-4ac8-859c-4feceb97ebb4" testListId="ae0bd71b-0767-4eec-afa9-def6fae4dc55" />
    <TestEntry testId="bf4443ca-2255-4671-8b96-3648c9d9a9cd" executionId="8f7aa980-da88-403b-8266-61a23bb19576" testListId="ae0bd71b-0767-4eec-afa9-def6fae4dc55" />
    <TestEntry testId="b4c10f8a-cdb7-48f5-bbb2-57f82eefa6d0" executionId="9b13a446-e976-4234-a251-f3e688b04cf5" testListId="ae0bd71b-0767-4eec-afa9-def6fae4dc55" />
    <TestEntry testId="3ecf01af-3324-4022-a788-6efc4c026cfd" executionId="75e51d22-fbdc-41f8-9c72-82591d0146a6" testListId="ae0bd71b-0767-4eec-afa9-def6fae4dc55" />
    <TestEntry testId="af727432-76d5-4340-ab4f-b4be83bdef79" executionId="c02af7e7-9739-4212-b0bc-c901cc07990b" testListId="ae0bd71b-0767-4eec-afa9-def6fae4dc55" />
    <TestEntry testId="335fa550-432c-476a-89f2-8e51dadad4e3" executionId="42491c5f-6b23-4831-a601-3e16aebe15bb" testListId="ae0bd71b-0767-4eec-afa9-def6fae4dc55" />
    <TestEntry testId="bb55b036-9f10-48b4-93a5-99257473e6fd" executionId="fa143f20-2aa4-4aeb-8e2d-7ec4bc259079" testListId="ae0bd71b-0767-4eec-afa9-def6fae4dc55" />
    <TestEntry testId="d7d0a285-44a6-4ebb-84c2-2e6d48e5bafd" executionId="64e315dc-3e45-4d14-8980-401577f5045a" testListId="ae0bd71b-0767-4eec-afa9-def6fae4dc55" />
    <TestEntry testId="9834156f-9162-4c35-9b6c-c36bbf1fe538" executionId="3ef97d2d-8c18-4f17-beb4-b1822f75b41d" testListId="ae0bd71b-0767-4eec-afa9-def6fae4dc55" />
    <TestEntry testId="96168fdf-b481-46a5-981d-950754c6c144" executionId="d39bfbb1-38ba-4bae-8d4d-5b4f22f77f1a" testListId="ae0bd71b-0767-4eec-afa9-def6fae4dc55" />
    <TestEntry testId="c5f3c7dd-55ca-43cc-852a-d5f2bfd7972c" executionId="95ba78fb-55eb-461b-9aae-68567d4c8072" testListId="ae0bd71b-0767-4eec-afa9-def6fae4dc55" />
    <TestEntry testId="47838792-6fde-4226-80d5-2eed40160ac2" executionId="1d185aeb-5026-40d9-b560-cae316260d2c" testListId="ae0bd71b-0767-4eec-afa9-def6fae4dc55" />
    <TestEntry testId="697fa98f-65b7-4e35-a3cd-dd140f2a8803" executionId="21235da2-4614-4137-937b-cb2119fbd9e3" testListId="ae0bd71b-0767-4eec-afa9-def6fae4dc55" />
    <TestEntry testId="34c198f8-e3c8-411c-a693-7baebf6324b6" executionId="df1cc44f-888a-4d38-829c-0a59c2766717" testListId="ae0bd71b-0767-4eec-afa9-def6fae4dc55" />
    <TestEntry testId="84c40dc2-34ce-43cc-8a99-ac6dbeff3f5e" executionId="a635d485-f0e9-474b-9a46-f2bb43955e40" testListId="ae0bd71b-0767-4eec-afa9-def6fae4dc55" />
    <TestEntry testId="3f6c34aa-fe63-4941-8c53-3401de33157f" executionId="4300879f-5b24-44f3-bdcc-bd1a9ff786a1" testListId="ae0bd71b-0767-4eec-afa9-def6fae4dc55" />
    <TestEntry testId="bf3d7fdb-3ac3-44a9-9199-6a059c0fc126" executionId="080955e1-885f-48ae-abbf-8108176f4548" testListId="ae0bd71b-0767-4eec-afa9-def6fae4dc55" />
    <TestEntry testId="8349ab72-62d2-4c30-ad2b-a2bcd5e35847" executionId="aef215df-0443-463b-bb24-9d217171c459" testListId="ae0bd71b-0767-4eec-afa9-def6fae4dc55" />
    <TestEntry testId="1c3b9870-fcdc-4842-a7e7-98cc94ae289d" executionId="2ac955bf-1dc4-4992-9b03-ebe1303e89de" testListId="ae0bd71b-0767-4eec-afa9-def6fae4dc55" />
    <TestEntry testId="5095c625-18a0-4bb6-9833-95e631bc711c" executionId="90ea0942-ff50-4100-a5a8-176d1955f249" testListId="ae0bd71b-0767-4eec-afa9-def6fae4dc55" />
    <TestEntry testId="d8683f89-2579-42fe-92b4-a764c1e0b7f1" executionId="1212a9da-f587-4d79-bf42-51f5599d9351" testListId="ae0bd71b-0767-4eec-afa9-def6fae4dc55" />
    <TestEntry testId="c1bc6b52-59f5-464a-91bd-9f89ff4d31bc" executionId="7be65e18-abc7-44c9-8efc-127eeebb2c89" testListId="ae0bd71b-0767-4eec-afa9-def6fae4dc55" />
    <TestEntry testId="e52d8489-e0c1-49fa-b80e-02c92fd7c1c7" executionId="850643cc-da0c-4d3a-88c9-56426ba2a915" testListId="ae0bd71b-0767-4eec-afa9-def6fae4dc55" />
    <TestEntry testId="ce7ce355-62c8-46c1-b4e3-4c7850ab9a32" executionId="85da5ea8-72b3-4680-921e-2d94703a6f93" testListId="ae0bd71b-0767-4eec-afa9-def6fae4dc55" />
    <TestEntry testId="6c401465-d390-430f-a942-d74fcd4758e0" executionId="06e1ec8e-502c-44cb-81e2-282c3fc2b2ae" testListId="ae0bd71b-0767-4eec-afa9-def6fae4dc55" />
    <TestEntry testId="eb7366cf-36c9-4844-b5e7-05be1f2aea8c" executionId="82778668-7de4-42ee-bb40-a295a77a32b6" testListId="ae0bd71b-0767-4eec-afa9-def6fae4dc55" />
    <TestEntry testId="8dd5d296-cba5-45c0-a962-4395e3a3b95d" executionId="4239fa7e-38a3-4718-86fa-c8200233ad30" testListId="ae0bd71b-0767-4eec-afa9-def6fae4dc55" />
    <TestEntry testId="6bc634f9-8c8d-483f-b8d1-b82792e8fafb" executionId="a7f8d625-73a3-496a-8241-13b435cc72df" testListId="ae0bd71b-0767-4eec-afa9-def6fae4dc55" />
    <TestEntry testId="48c2d3df-78fa-4d31-83b1-49cfc4400af6" executionId="e6ce60ce-1cdb-49bb-b2de-6796f168de12" testListId="ae0bd71b-0767-4eec-afa9-def6fae4dc55" />
    <TestEntry testId="7e3ddace-898e-4fca-92ce-eb08334ba4d8" executionId="0430e527-396b-420f-b2c2-268b6ae0e5ff" testListId="ae0bd71b-0767-4eec-afa9-def6fae4dc55" />
    <TestEntry testId="c6ae157a-27da-4fa7-9f08-7fe05a3c94ac" executionId="2fddee16-7b7c-4b2b-bce3-5249def81f68" testListId="ae0bd71b-0767-4eec-afa9-def6fae4dc55" />
    <TestEntry testId="7f077ee1-9218-491d-af44-cfd628199a3e" executionId="c33dbce5-dba4-4878-abc8-c7fd67c7c185" testListId="ae0bd71b-0767-4eec-afa9-def6fae4dc55" />
    <TestEntry testId="d0b3d1ed-7e26-4359-92b1-1aa508329ee8" executionId="e19e1887-130a-4d69-97ee-027d610116dd" testListId="ae0bd71b-0767-4eec-afa9-def6fae4dc55" />
    <TestEntry testId="ab1d12bf-aec2-406c-ab04-678664800363" executionId="e83b054a-c828-41cb-a97e-9eda3260ca2a" testListId="ae0bd71b-0767-4eec-afa9-def6fae4dc55" />
    <TestEntry testId="711141b2-1a7e-410d-94b0-3d7af78b9227" executionId="790c5c29-7043-4e62-bcd7-890e248439c7" testListId="ae0bd71b-0767-4eec-afa9-def6fae4dc55" />
    <TestEntry testId="b4fbd010-41c8-458d-8c83-f54d267d0962" executionId="74e88059-b2e2-45da-82bf-172ed43c6b97" testListId="ae0bd71b-0767-4eec-afa9-def6fae4dc55" />
    <TestEntry testId="ff84e023-c624-4b40-8440-d78a2ba8ce01" executionId="d39f190e-80b2-456c-8be9-4ab9cd5fa68d" testListId="ae0bd71b-0767-4eec-afa9-def6fae4dc55" />
  </TestEntries>
  <TestLists>
    <TestList name="Results Not in a List" id="ae0bd71b-0767-4eec-afa9-def6fae4dc55" />
    <TestList name="All Loaded Results" id="22e33610-21ea-4c65-9b8c-7b28c9db45c4" />
  </TestLists>
</TestRun>