<?xml version="1.0" encoding="UTF-8"?>
<TestRun id="a170e5db-2beb-4abd-a262-f7942100207b" name="Test Run 40" runUser="Oles Galatsan" xmlns="http://microsoft.com/schemas/VisualStudio/TeamTest/2010">
  <Times creation="2025-05-14T13:20:31.3125482Z" queuing="2025-05-14T13:20:31.3125482Z" start="2025-05-14T13:20:31.3146610Z" finish="2025-05-14T13:25:31.3147553Z" />
  <TestSettings name="Test Settings 40" id="501dfa98-07d6-480c-9c3e-4bd1e9e6f111" />
  <Results>
    <UnitTestResult executionId="0817d596-679c-401e-9281-b7ca2ebda111" testId="4a3cc232-40ce-4f85-85af-5eedd5e40d2c" testName="Test3901" computerName="UA-LPT-OGA2" duration="00:00:00.5060000" startTime="2025-05-14T13:20:31.3146610Z" endTime="2025-05-14T13:25:31.3147553Z" testType="13cdc9d9-ddb5-4fa4-a97d-d965ccfc6d4b" outcome="Passed" testListId="409a10ff-dcf8-47ce-b22d-93c20b322586" />
    <UnitTestResult executionId="bbee306f-7678-4a3a-984b-f73c4f38aa31" testId="903b6446-8ff3-4735-94c2-0c0ef21e1248" testName="Test3902" computerName="UA-LPT-OGA2" duration="00:00:00.3050000" startTime="2025-05-14T13:20:31.3146610Z" endTime="2025-05-14T13:25:31.3147553Z" testType="13cdc9d9-ddb5-4fa4-a97d-d965ccfc6d4b" outcome="Passed" testListId="409a10ff-dcf8-47ce-b22d-93c20b322586" />
    <UnitTestResult executionId="fd964a0e-d009-4fb5-9953-7b52f26fe063" testId="8f1647fb-139e-407d-8d24-5ba5e81320e8" testName="Test3903" computerName="UA-LPT-OGA2" duration="00:00:01.1700000" startTime="2025-05-14T13:20:31.3146610Z" endTime="2025-05-14T13:25:31.3147553Z" testType="13cdc9d9-ddb5-4fa4-a97d-d965ccfc6d4b" outcome="Passed" testListId="409a10ff-dcf8-47ce-b22d-93c20b322586" />
    <UnitTestResult executionId="f5958c7a-6ad5-4199-b9c1-2088b8262d79" testId="949b7f83-8882-44ce-9f36-ee04da3fbcad" testName="Test3904" computerName="UA-LPT-OGA2" duration="00:00:01.2930000" startTime="2025-05-14T13:20:31.3146610Z" endTime="2025-05-14T13:25:31.3147553Z" testType="13cdc9d9-ddb5-4fa4-a97d-d965ccfc6d4b" outcome="Failed" testListId="409a10ff-dcf8-47ce-b22d-93c20b322586">
      <Output>
        <ErrorInfo>
          <Message>Assertion failed: Expected value did not match actual value.</Message>
          <StackTrace>   at TestNamespace.TestClass.Test() in TestClass.cs:line 214</StackTrace>
        </ErrorInfo>
      </Output>
    </UnitTestResult>
    <UnitTestResult executionId="337724a5-a85f-49b5-ad68-1ac547df4503" testId="0484f55a-43cf-455b-90ca-92ab291767df" testName="Test3905" computerName="UA-LPT-OGA2" duration="00:00:01.0730000" startTime="2025-05-14T13:20:31.3146610Z" endTime="2025-05-14T13:25:31.3147553Z" testType="13cdc9d9-ddb5-4fa4-a97d-d965ccfc6d4b" outcome="Passed" testListId="409a10ff-dcf8-47ce-b22d-93c20b322586" />
    <UnitTestResult executionId="485750d4-9e85-498c-a61e-b8ae97839340" testId="c0b67df7-cb02-4850-820b-1b932af1babf" testName="Test3906" computerName="UA-LPT-OGA2" duration="00:00:00.7980000" startTime="2025-05-14T13:20:31.3146610Z" endTime="2025-05-14T13:25:31.3147553Z" testType="13cdc9d9-ddb5-4fa4-a97d-d965ccfc6d4b" outcome="Passed" testListId="409a10ff-dcf8-47ce-b22d-93c20b322586" />
    <UnitTestResult executionId="ba799d71-4008-482b-baa2-565d886e5095" testId="f9f8972a-9042-49f3-bfcb-a71092ba2e67" testName="Test3907" computerName="UA-LPT-OGA2" duration="00:00:00.6510000" startTime="2025-05-14T13:20:31.3146610Z" endTime="2025-05-14T13:25:31.3147553Z" testType="13cdc9d9-ddb5-4fa4-a97d-d965ccfc6d4b" outcome="Passed" testListId="409a10ff-dcf8-47ce-b22d-93c20b322586" />
    <UnitTestResult executionId="9eae39dc-f777-486f-a757-0749d7fe2fb7" testId="49e99bf2-467a-4ba0-a11b-8407a13ee544" testName="Test3908" computerName="UA-LPT-OGA2" duration="00:00:00.9200000" startTime="2025-05-14T13:20:31.3146610Z" endTime="2025-05-14T13:25:31.3147553Z" testType="13cdc9d9-ddb5-4fa4-a97d-d965ccfc6d4b" outcome="Passed" testListId="409a10ff-dcf8-47ce-b22d-93c20b322586" />
    <UnitTestResult executionId="cfe5b20a-d8e0-499a-b39e-80612adce704" testId="3016584d-1f43-47bd-b481-3b7d4fe732a0" testName="Test3909" computerName="UA-LPT-OGA2" duration="00:00:01.7310000" startTime="2025-05-14T13:20:31.3146610Z" endTime="2025-05-14T13:25:31.3147553Z" testType="13cdc9d9-ddb5-4fa4-a97d-d965ccfc6d4b" outcome="Failed" testListId="409a10ff-dcf8-47ce-b22d-93c20b322586">
      <Output>
        <ErrorInfo>
          <Message>Assertion failed: Expected value did not match actual value.</Message>
          <StackTrace>   at TestNamespace.TestClass.Test() in TestClass.cs:line 171</StackTrace>
        </ErrorInfo>
      </Output>
    </UnitTestResult>
    <UnitTestResult executionId="73a1fc6d-590e-488b-8c88-3f37a1ec7f2f" testId="c11df29a-56a2-4a5a-867d-62084e32703f" testName="Test3910" computerName="UA-LPT-OGA2" duration="00:00:00.1790000" startTime="2025-05-14T13:20:31.3146610Z" endTime="2025-05-14T13:25:31.3147553Z" testType="13cdc9d9-ddb5-4fa4-a97d-d965ccfc6d4b" outcome="Failed" testListId="409a10ff-dcf8-47ce-b22d-93c20b322586">
      <Output>
        <ErrorInfo>
          <Message>Assertion failed: Expected value did not match actual value.</Message>
          <StackTrace>   at TestNamespace.TestClass.Test() in TestClass.cs:line 149</StackTrace>
        </ErrorInfo>
      </Output>
    </UnitTestResult>
    <UnitTestResult executionId="f0d0ade2-3399-464a-b883-a3e220e13b12" testId="dc9df66a-d45d-4e60-a7f1-d545d42a1872" testName="Test3911" computerName="UA-LPT-OGA2" duration="00:00:01.1930000" startTime="2025-05-14T13:20:31.3146610Z" endTime="2025-05-14T13:25:31.3147553Z" testType="13cdc9d9-ddb5-4fa4-a97d-d965ccfc6d4b" outcome="Passed" testListId="409a10ff-dcf8-47ce-b22d-93c20b322586" />
    <UnitTestResult executionId="b76a922d-0573-4e61-b497-9bc12b59b712" testId="8cd1cba3-55d4-4710-aa81-8b1998bb0911" testName="Test3912" computerName="UA-LPT-OGA2" duration="00:00:00.0640000" startTime="2025-05-14T13:20:31.3146610Z" endTime="2025-05-14T13:25:31.3147553Z" testType="13cdc9d9-ddb5-4fa4-a97d-d965ccfc6d4b" outcome="Passed" testListId="409a10ff-dcf8-47ce-b22d-93c20b322586" />
    <UnitTestResult executionId="b94544e4-6c2f-4f09-a023-a808fc984ad6" testId="16eca26c-f20a-4634-8a31-e57781663a16" testName="Test3913" computerName="UA-LPT-OGA2" duration="00:00:01.6370000" startTime="2025-05-14T13:20:31.3146610Z" endTime="2025-05-14T13:25:31.3147553Z" testType="13cdc9d9-ddb5-4fa4-a97d-d965ccfc6d4b" outcome="Passed" testListId="409a10ff-dcf8-47ce-b22d-93c20b322586" />
    <UnitTestResult executionId="fcbef86a-7ff5-4bba-8421-a7a2074828dc" testId="6b663a60-3199-4081-a846-51c994c11f70" testName="Test3914" computerName="UA-LPT-OGA2" duration="00:00:00.3650000" startTime="2025-05-14T13:20:31.3146610Z" endTime="2025-05-14T13:25:31.3147553Z" testType="13cdc9d9-ddb5-4fa4-a97d-d965ccfc6d4b" outcome="Passed" testListId="409a10ff-dcf8-47ce-b22d-93c20b322586" />
    <UnitTestResult executionId="db6c74d5-d2fd-4d51-967b-8db11058f3db" testId="034988d1-0152-4261-949d-b35b817d7605" testName="Test3915" computerName="UA-LPT-OGA2" duration="00:00:01.0420000" startTime="2025-05-14T13:20:31.3146610Z" endTime="2025-05-14T13:25:31.3147553Z" testType="13cdc9d9-ddb5-4fa4-a97d-d965ccfc6d4b" outcome="Passed" testListId="409a10ff-dcf8-47ce-b22d-93c20b322586" />
    <UnitTestResult executionId="0e0d8fea-ba51-44f2-9803-f703317d7ffc" testId="c8cc662e-bb21-4ff6-9a96-24adf4f21b02" testName="Test3916" computerName="UA-LPT-OGA2" duration="00:00:00.4310000" startTime="2025-05-14T13:20:31.3146610Z" endTime="2025-05-14T13:25:31.3147553Z" testType="13cdc9d9-ddb5-4fa4-a97d-d965ccfc6d4b" outcome="Passed" testListId="409a10ff-dcf8-47ce-b22d-93c20b322586" />
    <UnitTestResult executionId="f7b14288-6a1b-4937-968b-b9632ee3d7f7" testId="a388148c-4a98-4ae2-a5d2-7fce3dceb623" testName="Test3917" computerName="UA-LPT-OGA2" duration="00:00:00.0160000" startTime="2025-05-14T13:20:31.3146610Z" endTime="2025-05-14T13:25:31.3147553Z" testType="13cdc9d9-ddb5-4fa4-a97d-d965ccfc6d4b" outcome="Passed" testListId="409a10ff-dcf8-47ce-b22d-93c20b322586" />
    <UnitTestResult executionId="587e0fce-fdc4-475a-95a2-84ef46893c10" testId="3b5a7c7f-6b33-4f55-9b52-531ce4310236" testName="Test3918" computerName="UA-LPT-OGA2" duration="00:00:01.3980000" startTime="2025-05-14T13:20:31.3146610Z" endTime="2025-05-14T13:25:31.3147553Z" testType="13cdc9d9-ddb5-4fa4-a97d-d965ccfc6d4b" outcome="Passed" testListId="409a10ff-dcf8-47ce-b22d-93c20b322586" />
    <UnitTestResult executionId="4e0c7a39-3338-46a0-987d-ba501338fe46" testId="e0459e80-9276-41fc-b4a8-6438f2329228" testName="Test3919" computerName="UA-LPT-OGA2" duration="00:00:00.9150000" startTime="2025-05-14T13:20:31.3146610Z" endTime="2025-05-14T13:25:31.3147553Z" testType="13cdc9d9-ddb5-4fa4-a97d-d965ccfc6d4b" outcome="Passed" testListId="409a10ff-dcf8-47ce-b22d-93c20b322586" />
    <UnitTestResult executionId="1a51f252-f1a5-419e-9d1d-eb71fc845345" testId="90afcfb8-b545-4e40-a6d6-832e688cb3c2" testName="Test3920" computerName="UA-LPT-OGA2" duration="00:00:01.0290000" startTime="2025-05-14T13:20:31.3146610Z" endTime="2025-05-14T13:25:31.3147553Z" testType="13cdc9d9-ddb5-4fa4-a97d-d965ccfc6d4b" outcome="Passed" testListId="409a10ff-dcf8-47ce-b22d-93c20b322586" />
    <UnitTestResult executionId="3b848722-00e5-4b52-b0c8-bbf052de73eb" testId="7d9d6d80-1dda-421d-be6f-b831b46de668" testName="Test3921" computerName="UA-LPT-OGA2" duration="00:00:01.8100000" startTime="2025-05-14T13:20:31.3146610Z" endTime="2025-05-14T13:25:31.3147553Z" testType="13cdc9d9-ddb5-4fa4-a97d-d965ccfc6d4b" outcome="Passed" testListId="409a10ff-dcf8-47ce-b22d-93c20b322586" />
    <UnitTestResult executionId="e3e230af-05c7-4a4b-b6d6-c70d6d6f6957" testId="437ee52e-7f61-4472-be1f-6c4f00c34b52" testName="Test3922" computerName="UA-LPT-OGA2" duration="00:00:01.7370000" startTime="2025-05-14T13:20:31.3146610Z" endTime="2025-05-14T13:25:31.3147553Z" testType="13cdc9d9-ddb5-4fa4-a97d-d965ccfc6d4b" outcome="Passed" testListId="409a10ff-dcf8-47ce-b22d-93c20b322586" />
    <UnitTestResult executionId="1290cc23-1169-4040-91c0-7497c90460fd" testId="ec4dd02a-edc6-42b3-9a00-0201dec53a3c" testName="Test3923" computerName="UA-LPT-OGA2" duration="00:00:00.9320000" startTime="2025-05-14T13:20:31.3146610Z" endTime="2025-05-14T13:25:31.3147553Z" testType="13cdc9d9-ddb5-4fa4-a97d-d965ccfc6d4b" outcome="Failed" testListId="409a10ff-dcf8-47ce-b22d-93c20b322586">
      <Output>
        <ErrorInfo>
          <Message>Assertion failed: Expected value did not match actual value.</Message>
          <StackTrace>   at TestNamespace.TestClass.Test() in TestClass.cs:line 251</StackTrace>
        </ErrorInfo>
      </Output>
    </UnitTestResult>
    <UnitTestResult executionId="69dfc17b-b390-4f51-b0e3-94e5f8e140b6" testId="34eeb397-fb82-47a2-b036-f38fb01a26e7" testName="Test3924" computerName="UA-LPT-OGA2" duration="00:00:01.0120000" startTime="2025-05-14T13:20:31.3146610Z" endTime="2025-05-14T13:25:31.3147553Z" testType="13cdc9d9-ddb5-4fa4-a97d-d965ccfc6d4b" outcome="Passed" testListId="409a10ff-dcf8-47ce-b22d-93c20b322586" />
    <UnitTestResult executionId="0ee05170-52a5-437c-a3c3-521966852281" testId="d80ae05d-59ae-4a8a-9b25-63c5f3e48dfc" testName="Test3925" computerName="UA-LPT-OGA2" duration="00:00:00.8140000" startTime="2025-05-14T13:20:31.3146610Z" endTime="2025-05-14T13:25:31.3147553Z" testType="13cdc9d9-ddb5-4fa4-a97d-d965ccfc6d4b" outcome="Passed" testListId="409a10ff-dcf8-47ce-b22d-93c20b322586" />
    <UnitTestResult executionId="8c460652-0d0a-4cce-91bb-49563a761db4" testId="f41913b3-5048-401e-af25-470240f5b03a" testName="Test3926" computerName="UA-LPT-OGA2" duration="00:00:00.6100000" startTime="2025-05-14T13:20:31.3146610Z" endTime="2025-05-14T13:25:31.3147553Z" testType="13cdc9d9-ddb5-4fa4-a97d-d965ccfc6d4b" outcome="Failed" testListId="409a10ff-dcf8-47ce-b22d-93c20b322586">
      <Output>
        <ErrorInfo>
          <Message>Assertion failed: Expected value did not match actual value.</Message>
          <StackTrace>   at TestNamespace.TestClass.Test() in TestClass.cs:line 399</StackTrace>
        </ErrorInfo>
      </Output>
    </UnitTestResult>
    <UnitTestResult executionId="fc181c23-78d7-47bd-8c48-11b5cf71d221" testId="694b91b0-81e4-469e-8af0-6eeb9b3f1402" testName="Test3927" computerName="UA-LPT-OGA2" duration="00:00:01.6910000" startTime="2025-05-14T13:20:31.3146610Z" endTime="2025-05-14T13:25:31.3147553Z" testType="13cdc9d9-ddb5-4fa4-a97d-d965ccfc6d4b" outcome="Passed" testListId="409a10ff-dcf8-47ce-b22d-93c20b322586" />
    <UnitTestResult executionId="263a731b-8889-4d94-ae73-80388f128f10" testId="432c7b29-bb2f-4e55-9c82-916ae927b4ff" testName="Test3928" computerName="UA-LPT-OGA2" duration="00:00:01.5640000" startTime="2025-05-14T13:20:31.3146610Z" endTime="2025-05-14T13:25:31.3147553Z" testType="13cdc9d9-ddb5-4fa4-a97d-d965ccfc6d4b" outcome="Failed" testListId="409a10ff-dcf8-47ce-b22d-93c20b322586">
      <Output>
        <ErrorInfo>
          <Message>Assertion failed: Expected value did not match actual value.</Message>
          <StackTrace>   at TestNamespace.TestClass.Test() in TestClass.cs:line 477</StackTrace>
        </ErrorInfo>
      </Output>
    </UnitTestResult>
    <UnitTestResult executionId="f02c888d-3b67-4a5d-8340-5f7e69ee5b68" testId="1b8a5bd0-69e5-481f-90bc-c5061420f712" testName="Test3929" computerName="UA-LPT-OGA2" duration="00:00:01.8820000" startTime="2025-05-14T13:20:31.3146610Z" endTime="2025-05-14T13:25:31.3147553Z" testType="13cdc9d9-ddb5-4fa4-a97d-d965ccfc6d4b" outcome="Passed" testListId="409a10ff-dcf8-47ce-b22d-93c20b322586" />
    <UnitTestResult executionId="9b5630dd-fb08-41f4-8fee-a881ff73e30f" testId="2b7fd392-257a-4efc-a5d5-28db90e7cbaa" testName="Test3930" computerName="UA-LPT-OGA2" duration="00:00:01.0680000" startTime="2025-05-14T13:20:31.3146610Z" endTime="2025-05-14T13:25:31.3147553Z" testType="13cdc9d9-ddb5-4fa4-a97d-d965ccfc6d4b" outcome="Passed" testListId="409a10ff-dcf8-47ce-b22d-93c20b322586" />
    <UnitTestResult executionId="e8cceffe-560e-450e-8051-e40a81829c91" testId="413e2b7c-730e-4e25-854d-07fbb4e02aff" testName="Test3931" computerName="UA-LPT-OGA2" duration="00:00:00.1360000" startTime="2025-05-14T13:20:31.3146610Z" endTime="2025-05-14T13:25:31.3147553Z" testType="13cdc9d9-ddb5-4fa4-a97d-d965ccfc6d4b" outcome="Passed" testListId="409a10ff-dcf8-47ce-b22d-93c20b322586" />
    <UnitTestResult executionId="5b3ca6e8-4736-4b1a-9f80-b7ade3add18e" testId="fabfc95d-0e79-4be0-85f1-c321dbffcc1d" testName="Test3932" computerName="UA-LPT-OGA2" duration="00:00:01.0320000" startTime="2025-05-14T13:20:31.3146610Z" endTime="2025-05-14T13:25:31.3147553Z" testType="13cdc9d9-ddb5-4fa4-a97d-d965ccfc6d4b" outcome="Passed" testListId="409a10ff-dcf8-47ce-b22d-93c20b322586" />
    <UnitTestResult executionId="7fd37bb5-c4cd-4b9f-b50e-6fb1969a3311" testId="9823866c-d946-4bb1-ac26-8b63d93349f2" testName="Test3933" computerName="UA-LPT-OGA2" duration="00:00:00.2930000" startTime="2025-05-14T13:20:31.3146610Z" endTime="2025-05-14T13:25:31.3147553Z" testType="13cdc9d9-ddb5-4fa4-a97d-d965ccfc6d4b" outcome="Passed" testListId="409a10ff-dcf8-47ce-b22d-93c20b322586" />
    <UnitTestResult executionId="6b66f4c0-689a-4dc0-8ebc-c30d75eb1eaa" testId="b9e3ad1a-a979-4310-a45f-e75fb1dcc5aa" testName="Test3934" computerName="UA-LPT-OGA2" duration="00:00:01.8350000" startTime="2025-05-14T13:20:31.3146610Z" endTime="2025-05-14T13:25:31.3147553Z" testType="13cdc9d9-ddb5-4fa4-a97d-d965ccfc6d4b" outcome="Passed" testListId="409a10ff-dcf8-47ce-b22d-93c20b322586" />
    <UnitTestResult executionId="699645b4-9db5-4603-86e3-e60213c46098" testId="7b1bdcf5-8c50-4678-8119-5bf807e90a81" testName="Test3935" computerName="UA-LPT-OGA2" duration="00:00:00.5280000" startTime="2025-05-14T13:20:31.3146610Z" endTime="2025-05-14T13:25:31.3147553Z" testType="13cdc9d9-ddb5-4fa4-a97d-d965ccfc6d4b" outcome="Failed" testListId="409a10ff-dcf8-47ce-b22d-93c20b322586">
      <Output>
        <ErrorInfo>
          <Message>Assertion failed: Expected value did not match actual value.</Message>
          <StackTrace>   at TestNamespace.TestClass.Test() in TestClass.cs:line 36</StackTrace>
        </ErrorInfo>
      </Output>
    </UnitTestResult>
    <UnitTestResult executionId="6fa6a810-db8f-473e-aeb8-84fbc190563e" testId="e6c5871d-3989-4d37-867f-5d64660cbf8e" testName="Test3936" computerName="UA-LPT-OGA2" duration="00:00:00.9390000" startTime="2025-05-14T13:20:31.3146610Z" endTime="2025-05-14T13:25:31.3147553Z" testType="13cdc9d9-ddb5-4fa4-a97d-d965ccfc6d4b" outcome="Failed" testListId="409a10ff-dcf8-47ce-b22d-93c20b322586">
      <Output>
        <ErrorInfo>
          <Message>Assertion failed: Expected value did not match actual value.</Message>
          <StackTrace>   at TestNamespace.TestClass.Test() in TestClass.cs:line 409</StackTrace>
        </ErrorInfo>
      </Output>
    </UnitTestResult>
    <UnitTestResult executionId="32702bfe-7c24-408f-a3c0-6a76720752fd" testId="44a7de4b-0b00-4711-99e7-84a3669ca678" testName="Test3937" computerName="UA-LPT-OGA2" duration="00:00:00.4660000" startTime="2025-05-14T13:20:31.3146610Z" endTime="2025-05-14T13:25:31.3147553Z" testType="13cdc9d9-ddb5-4fa4-a97d-d965ccfc6d4b" outcome="Passed" testListId="409a10ff-dcf8-47ce-b22d-93c20b322586" />
    <UnitTestResult executionId="e3a03c98-3bd4-41ba-8eb1-b65627918308" testId="7b39b2d9-1514-4a19-9ddc-70569492c403" testName="Test3938" computerName="UA-LPT-OGA2" duration="00:00:01.6760000" startTime="2025-05-14T13:20:31.3146610Z" endTime="2025-05-14T13:25:31.3147553Z" testType="13cdc9d9-ddb5-4fa4-a97d-d965ccfc6d4b" outcome="Passed" testListId="409a10ff-dcf8-47ce-b22d-93c20b322586" />
    <UnitTestResult executionId="00da8c0c-44c9-488e-9a79-7857a6e0cc5d" testId="506d01aa-7cf7-48e0-86b8-3fcb0ad12b42" testName="Test3939" computerName="UA-LPT-OGA2" duration="00:00:01.6130000" startTime="2025-05-14T13:20:31.3146610Z" endTime="2025-05-14T13:25:31.3147553Z" testType="13cdc9d9-ddb5-4fa4-a97d-d965ccfc6d4b" outcome="Passed" testListId="409a10ff-dcf8-47ce-b22d-93c20b322586" />
    <UnitTestResult executionId="70223894-279f-493c-88f4-86eda2aeaa88" testId="12fb02c4-edfd-4044-9a1c-0b6bf2e9a470" testName="Test3940" computerName="UA-LPT-OGA2" duration="00:00:00.9100000" startTime="2025-05-14T13:20:31.3146610Z" endTime="2025-05-14T13:25:31.3147553Z" testType="13cdc9d9-ddb5-4fa4-a97d-d965ccfc6d4b" outcome="Passed" testListId="409a10ff-dcf8-47ce-b22d-93c20b322586" />
    <UnitTestResult executionId="2fe4e95e-2467-4b44-825c-97518e442f64" testId="1d17cf18-cce5-4bd4-b034-203ca39e40c2" testName="Test3941" computerName="UA-LPT-OGA2" duration="00:00:00.4710000" startTime="2025-05-14T13:20:31.3146610Z" endTime="2025-05-14T13:25:31.3147553Z" testType="13cdc9d9-ddb5-4fa4-a97d-d965ccfc6d4b" outcome="Failed" testListId="409a10ff-dcf8-47ce-b22d-93c20b322586">
      <Output>
        <ErrorInfo>
          <Message>Assertion failed: Expected value did not match actual value.</Message>
          <StackTrace>   at TestNamespace.TestClass.Test() in TestClass.cs:line 134</StackTrace>
        </ErrorInfo>
      </Output>
    </UnitTestResult>
    <UnitTestResult executionId="b1dc550b-ab23-458d-9a9b-9210e3a00980" testId="a9f768a6-3c2c-47a1-a7db-12887f80898c" testName="Test3942" computerName="UA-LPT-OGA2" duration="00:00:01.9530000" startTime="2025-05-14T13:20:31.3146610Z" endTime="2025-05-14T13:25:31.3147553Z" testType="13cdc9d9-ddb5-4fa4-a97d-d965ccfc6d4b" outcome="Passed" testListId="409a10ff-dcf8-47ce-b22d-93c20b322586" />
    <UnitTestResult executionId="cd8b8253-2818-4046-ae26-a5b18504d629" testId="d80bdfcc-f4de-4ea7-a393-5fafaf1d72b2" testName="Test3943" computerName="UA-LPT-OGA2" duration="00:00:00.5230000" startTime="2025-05-14T13:20:31.3146610Z" endTime="2025-05-14T13:25:31.3147553Z" testType="13cdc9d9-ddb5-4fa4-a97d-d965ccfc6d4b" outcome="Passed" testListId="409a10ff-dcf8-47ce-b22d-93c20b322586" />
    <UnitTestResult executionId="b5819b96-d18b-4691-b609-8c0bceb3cbf5" testId="b9720aa3-09a9-4195-a6e4-bb4852bab3d2" testName="Test3944" computerName="UA-LPT-OGA2" duration="00:00:01.5030000" startTime="2025-05-14T13:20:31.3146610Z" endTime="2025-05-14T13:25:31.3147553Z" testType="13cdc9d9-ddb5-4fa4-a97d-d965ccfc6d4b" outcome="Passed" testListId="409a10ff-dcf8-47ce-b22d-93c20b322586" />
    <UnitTestResult executionId="3b719cb3-ef81-4dc3-8c99-ed40af264ef5" testId="8df62b98-6314-4075-8921-3a600aab40e5" testName="Test3945" computerName="UA-LPT-OGA2" duration="00:00:01.7000000" startTime="2025-05-14T13:20:31.3146610Z" endTime="2025-05-14T13:25:31.3147553Z" testType="13cdc9d9-ddb5-4fa4-a97d-d965ccfc6d4b" outcome="Passed" testListId="409a10ff-dcf8-47ce-b22d-93c20b322586" />
    <UnitTestResult executionId="680dc10c-e4db-4cc0-92cb-26a8e86c3604" testId="a767acce-9b44-4789-a870-0d3b199df2b6" testName="Test3946" computerName="UA-LPT-OGA2" duration="00:00:00.9350000" startTime="2025-05-14T13:20:31.3146610Z" endTime="2025-05-14T13:25:31.3147553Z" testType="13cdc9d9-ddb5-4fa4-a97d-d965ccfc6d4b" outcome="Passed" testListId="409a10ff-dcf8-47ce-b22d-93c20b322586" />
    <UnitTestResult executionId="feb73023-6102-4fef-9552-40e3755515eb" testId="31897b4e-3658-4ef2-b66a-aa8bbbef4f0f" testName="Test3947" computerName="UA-LPT-OGA2" duration="00:00:01.3110000" startTime="2025-05-14T13:20:31.3146610Z" endTime="2025-05-14T13:25:31.3147553Z" testType="13cdc9d9-ddb5-4fa4-a97d-d965ccfc6d4b" outcome="Passed" testListId="409a10ff-dcf8-47ce-b22d-93c20b322586" />
    <UnitTestResult executionId="a9c284bb-3b89-4bfd-afb9-919af2681e8a" testId="f85cedce-be92-4ef8-87f6-eb80b486fb95" testName="Test3948" computerName="UA-LPT-OGA2" duration="00:00:01.1920000" startTime="2025-05-14T13:20:31.3146610Z" endTime="2025-05-14T13:25:31.3147553Z" testType="13cdc9d9-ddb5-4fa4-a97d-d965ccfc6d4b" outcome="Passed" testListId="409a10ff-dcf8-47ce-b22d-93c20b322586" />
    <UnitTestResult executionId="fc5dc308-c3c0-404e-b3ce-30f2c905fb25" testId="5db43c6a-62c8-466b-8bb5-2d4402f8fefa" testName="Test3949" computerName="UA-LPT-OGA2" duration="00:00:00.8000000" startTime="2025-05-14T13:20:31.3146610Z" endTime="2025-05-14T13:25:31.3147553Z" testType="13cdc9d9-ddb5-4fa4-a97d-d965ccfc6d4b" outcome="Passed" testListId="409a10ff-dcf8-47ce-b22d-93c20b322586" />
    <UnitTestResult executionId="f3edfa35-884a-4395-8537-73471d38be37" testId="99165f10-5f36-4038-901f-b45c7ebeb955" testName="Test3950" computerName="UA-LPT-OGA2" duration="00:00:00.5680000" startTime="2025-05-14T13:20:31.3146610Z" endTime="2025-05-14T13:25:31.3147553Z" testType="13cdc9d9-ddb5-4fa4-a97d-d965ccfc6d4b" outcome="Passed" testListId="409a10ff-dcf8-47ce-b22d-93c20b322586" />
    <UnitTestResult executionId="78ade41c-d078-4df8-8eb3-423f21740124" testId="c0028da7-6238-4e39-8a13-0a5f18980e8c" testName="Test3951" computerName="UA-LPT-OGA2" duration="00:00:00.9460000" startTime="2025-05-14T13:20:31.3146610Z" endTime="2025-05-14T13:25:31.3147553Z" testType="13cdc9d9-ddb5-4fa4-a97d-d965ccfc6d4b" outcome="Passed" testListId="409a10ff-dcf8-47ce-b22d-93c20b322586" />
    <UnitTestResult executionId="eb54bee1-409e-40f5-8248-86b96abbcb1a" testId="3d30b2e6-dd19-4553-a67a-ed1ad9cfe2fb" testName="Test3952" computerName="UA-LPT-OGA2" duration="00:00:01.5400000" startTime="2025-05-14T13:20:31.3146610Z" endTime="2025-05-14T13:25:31.3147553Z" testType="13cdc9d9-ddb5-4fa4-a97d-d965ccfc6d4b" outcome="Passed" testListId="409a10ff-dcf8-47ce-b22d-93c20b322586" />
    <UnitTestResult executionId="845f42cd-fb0f-4472-b597-90eadc70e3ae" testId="647da2bd-20f0-465a-bdad-654c39cdb330" testName="Test3953" computerName="UA-LPT-OGA2" duration="00:00:00.8800000" startTime="2025-05-14T13:20:31.3146610Z" endTime="2025-05-14T13:25:31.3147553Z" testType="13cdc9d9-ddb5-4fa4-a97d-d965ccfc6d4b" outcome="Passed" testListId="409a10ff-dcf8-47ce-b22d-93c20b322586" />
    <UnitTestResult executionId="582e5393-5379-433f-ae6a-38c02aa6e9db" testId="850db065-b7cd-4177-baff-b4fbaca585a8" testName="Test3954" computerName="UA-LPT-OGA2" duration="00:00:00.8130000" startTime="2025-05-14T13:20:31.3146610Z" endTime="2025-05-14T13:25:31.3147553Z" testType="13cdc9d9-ddb5-4fa4-a97d-d965ccfc6d4b" outcome="Passed" testListId="409a10ff-dcf8-47ce-b22d-93c20b322586" />
    <UnitTestResult executionId="70fb985c-e69d-49d6-84a6-90c1b1e0b361" testId="77410669-39cb-48c9-a323-0ecd67f6b004" testName="Test3955" computerName="UA-LPT-OGA2" duration="00:00:01.2770000" startTime="2025-05-14T13:20:31.3146610Z" endTime="2025-05-14T13:25:31.3147553Z" testType="13cdc9d9-ddb5-4fa4-a97d-d965ccfc6d4b" outcome="Passed" testListId="409a10ff-dcf8-47ce-b22d-93c20b322586" />
    <UnitTestResult executionId="94f0cb02-2529-4abc-9873-72be93a25987" testId="d2bce379-4ae9-427c-9428-8db283862c57" testName="Test3956" computerName="UA-LPT-OGA2" duration="00:00:00.4290000" startTime="2025-05-14T13:20:31.3146610Z" endTime="2025-05-14T13:25:31.3147553Z" testType="13cdc9d9-ddb5-4fa4-a97d-d965ccfc6d4b" outcome="Failed" testListId="409a10ff-dcf8-47ce-b22d-93c20b322586">
      <Output>
        <ErrorInfo>
          <Message>Assertion failed: Expected value did not match actual value.</Message>
          <StackTrace>   at TestNamespace.TestClass.Test() in TestClass.cs:line 298</StackTrace>
        </ErrorInfo>
      </Output>
    </UnitTestResult>
    <UnitTestResult executionId="a1fc364c-e8c5-4583-a2fc-73f65570e977" testId="58fa376e-b41a-482d-bdc7-6f78245eff86" testName="Test3957" computerName="UA-LPT-OGA2" duration="00:00:01.4490000" startTime="2025-05-14T13:20:31.3146610Z" endTime="2025-05-14T13:25:31.3147553Z" testType="13cdc9d9-ddb5-4fa4-a97d-d965ccfc6d4b" outcome="Failed" testListId="409a10ff-dcf8-47ce-b22d-93c20b322586">
      <Output>
        <ErrorInfo>
          <Message>Assertion failed: Expected value did not match actual value.</Message>
          <StackTrace>   at TestNamespace.TestClass.Test() in TestClass.cs:line 364</StackTrace>
        </ErrorInfo>
      </Output>
    </UnitTestResult>
    <UnitTestResult executionId="7364107c-e23c-43af-8461-27eb9504f5cb" testId="923cd4ae-22ca-48f5-9877-10bd987d567c" testName="Test3958" computerName="UA-LPT-OGA2" duration="00:00:00.3400000" startTime="2025-05-14T13:20:31.3146610Z" endTime="2025-05-14T13:25:31.3147553Z" testType="13cdc9d9-ddb5-4fa4-a97d-d965ccfc6d4b" outcome="Passed" testListId="409a10ff-dcf8-47ce-b22d-93c20b322586" />
    <UnitTestResult executionId="427593d8-bb85-4c7f-8e0c-b524a91f24cf" testId="df6160e8-db3c-478f-b339-41d6b3570ecf" testName="Test3959" computerName="UA-LPT-OGA2" duration="00:00:00.7300000" startTime="2025-05-14T13:20:31.3146610Z" endTime="2025-05-14T13:25:31.3147553Z" testType="13cdc9d9-ddb5-4fa4-a97d-d965ccfc6d4b" outcome="Passed" testListId="409a10ff-dcf8-47ce-b22d-93c20b322586" />
    <UnitTestResult executionId="66a5daa8-f0d5-487a-8fe6-b8a54a706424" testId="2dde6f02-179a-4d02-a786-e90382277d57" testName="Test3960" computerName="UA-LPT-OGA2" duration="00:00:00.8230000" startTime="2025-05-14T13:20:31.3146610Z" endTime="2025-05-14T13:25:31.3147553Z" testType="13cdc9d9-ddb5-4fa4-a97d-d965ccfc6d4b" outcome="Passed" testListId="409a10ff-dcf8-47ce-b22d-93c20b322586" />
    <UnitTestResult executionId="c67a2243-db3e-448a-91ca-40dcbd63eab3" testId="0e2d56e0-eb52-4e82-9d26-52d1699071b9" testName="Test3961" computerName="UA-LPT-OGA2" duration="00:00:00.1670000" startTime="2025-05-14T13:20:31.3146610Z" endTime="2025-05-14T13:25:31.3147553Z" testType="13cdc9d9-ddb5-4fa4-a97d-d965ccfc6d4b" outcome="Passed" testListId="409a10ff-dcf8-47ce-b22d-93c20b322586" />
    <UnitTestResult executionId="8071deae-3ef5-4eaf-9530-434286d82902" testId="d3a32541-9e9c-4e46-be31-c82edddcbdbe" testName="Test3962" computerName="UA-LPT-OGA2" duration="00:00:00.0870000" startTime="2025-05-14T13:20:31.3146610Z" endTime="2025-05-14T13:25:31.3147553Z" testType="13cdc9d9-ddb5-4fa4-a97d-d965ccfc6d4b" outcome="Passed" testListId="409a10ff-dcf8-47ce-b22d-93c20b322586" />
    <UnitTestResult executionId="90349483-d2ed-4af9-a722-3ad80ac3f798" testId="1c8f8cdc-4ded-42c9-a29a-9c39ce0d40cc" testName="Test3963" computerName="UA-LPT-OGA2" duration="00:00:00.6120000" startTime="2025-05-14T13:20:31.3146610Z" endTime="2025-05-14T13:25:31.3147553Z" testType="13cdc9d9-ddb5-4fa4-a97d-d965ccfc6d4b" outcome="Passed" testListId="409a10ff-dcf8-47ce-b22d-93c20b322586" />
    <UnitTestResult executionId="b5d05391-f02b-451b-ad26-044f7accc116" testId="13043705-785d-4c4d-b4fb-62618e062253" testName="Test3964" computerName="UA-LPT-OGA2" duration="00:00:00.1760000" startTime="2025-05-14T13:20:31.3146610Z" endTime="2025-05-14T13:25:31.3147553Z" testType="13cdc9d9-ddb5-4fa4-a97d-d965ccfc6d4b" outcome="Passed" testListId="409a10ff-dcf8-47ce-b22d-93c20b322586" />
    <UnitTestResult executionId="7bfc208b-17b8-41e7-b395-2206eb9cf3a3" testId="67a9e170-cf7b-4f2a-9c4b-7dc76e7de52c" testName="Test3965" computerName="UA-LPT-OGA2" duration="00:00:01.2340000" startTime="2025-05-14T13:20:31.3146610Z" endTime="2025-05-14T13:25:31.3147553Z" testType="13cdc9d9-ddb5-4fa4-a97d-d965ccfc6d4b" outcome="Failed" testListId="409a10ff-dcf8-47ce-b22d-93c20b322586">
      <Output>
        <ErrorInfo>
          <Message>Assertion failed: Expected value did not match actual value.</Message>
          <StackTrace>   at TestNamespace.TestClass.Test() in TestClass.cs:line 424</StackTrace>
        </ErrorInfo>
      </Output>
    </UnitTestResult>
    <UnitTestResult executionId="a356a5f6-79a2-436e-9301-4a1e01653b8b" testId="69704657-6d57-4053-bf2b-2eaed898d1b8" testName="Test3966" computerName="UA-LPT-OGA2" duration="00:00:01.2020000" startTime="2025-05-14T13:20:31.3146610Z" endTime="2025-05-14T13:25:31.3147553Z" testType="13cdc9d9-ddb5-4fa4-a97d-d965ccfc6d4b" outcome="Passed" testListId="409a10ff-dcf8-47ce-b22d-93c20b322586" />
    <UnitTestResult executionId="47da8024-9b0b-4b3d-8e04-d792a3a4d957" testId="c6f4e0a3-304a-4633-b74d-37bd5d84a42d" testName="Test3967" computerName="UA-LPT-OGA2" duration="00:00:01.0460000" startTime="2025-05-14T13:20:31.3146610Z" endTime="2025-05-14T13:25:31.3147553Z" testType="13cdc9d9-ddb5-4fa4-a97d-d965ccfc6d4b" outcome="Failed" testListId="409a10ff-dcf8-47ce-b22d-93c20b322586">
      <Output>
        <ErrorInfo>
          <Message>Assertion failed: Expected value did not match actual value.</Message>
          <StackTrace>   at TestNamespace.TestClass.Test() in TestClass.cs:line 305</StackTrace>
        </ErrorInfo>
      </Output>
    </UnitTestResult>
    <UnitTestResult executionId="762070c0-be21-454a-8821-05bf76870372" testId="6feb22a3-0aff-4af0-9e33-39de345d4faa" testName="Test3968" computerName="UA-LPT-OGA2" duration="00:00:00.3670000" startTime="2025-05-14T13:20:31.3146610Z" endTime="2025-05-14T13:25:31.3147553Z" testType="13cdc9d9-ddb5-4fa4-a97d-d965ccfc6d4b" outcome="Passed" testListId="409a10ff-dcf8-47ce-b22d-93c20b322586" />
    <UnitTestResult executionId="9eb5dd31-3502-42ef-b2f6-dc860f277dcd" testId="eac91f51-a4cd-40b3-bce3-6e691aab0cc3" testName="Test3969" computerName="UA-LPT-OGA2" duration="00:00:00.1410000" startTime="2025-05-14T13:20:31.3146610Z" endTime="2025-05-14T13:25:31.3147553Z" testType="13cdc9d9-ddb5-4fa4-a97d-d965ccfc6d4b" outcome="Passed" testListId="409a10ff-dcf8-47ce-b22d-93c20b322586" />
    <UnitTestResult executionId="75e854ee-e38b-4fa6-a07a-deb0603c5d1f" testId="28f8bbc0-cbb7-4443-93d1-a3592a4e53ed" testName="Test3970" computerName="UA-LPT-OGA2" duration="00:00:01.8030000" startTime="2025-05-14T13:20:31.3146610Z" endTime="2025-05-14T13:25:31.3147553Z" testType="13cdc9d9-ddb5-4fa4-a97d-d965ccfc6d4b" outcome="Passed" testListId="409a10ff-dcf8-47ce-b22d-93c20b322586" />
    <UnitTestResult executionId="561b438b-7735-4f78-99e9-4a0578db467f" testId="68fefe99-1aa6-419d-94da-0c6180b26584" testName="Test3971" computerName="UA-LPT-OGA2" duration="00:00:00.3700000" startTime="2025-05-14T13:20:31.3146610Z" endTime="2025-05-14T13:25:31.3147553Z" testType="13cdc9d9-ddb5-4fa4-a97d-d965ccfc6d4b" outcome="Passed" testListId="409a10ff-dcf8-47ce-b22d-93c20b322586" />
    <UnitTestResult executionId="05c01b33-b4d0-4093-bf7a-8e6aabe0807f" testId="b5b9fc6b-1fc3-4795-91d4-33581415da5b" testName="Test3972" computerName="UA-LPT-OGA2" duration="00:00:01.0980000" startTime="2025-05-14T13:20:31.3146610Z" endTime="2025-05-14T13:25:31.3147553Z" testType="13cdc9d9-ddb5-4fa4-a97d-d965ccfc6d4b" outcome="Passed" testListId="409a10ff-dcf8-47ce-b22d-93c20b322586" />
    <UnitTestResult executionId="2acd5cf5-3afe-405e-a3a3-03e95406700a" testId="6673d038-48b9-4b25-b9bc-2f038ddc36f7" testName="Test3973" computerName="UA-LPT-OGA2" duration="00:00:01.0260000" startTime="2025-05-14T13:20:31.3146610Z" endTime="2025-05-14T13:25:31.3147553Z" testType="13cdc9d9-ddb5-4fa4-a97d-d965ccfc6d4b" outcome="Passed" testListId="409a10ff-dcf8-47ce-b22d-93c20b322586" />
    <UnitTestResult executionId="f1655e1e-879e-40ef-87c8-866497c9736d" testId="c8d3efd8-6592-46ba-adb7-a5d9cefa8cb5" testName="Test3974" computerName="UA-LPT-OGA2" duration="00:00:01.2250000" startTime="2025-05-14T13:20:31.3146610Z" endTime="2025-05-14T13:25:31.3147553Z" testType="13cdc9d9-ddb5-4fa4-a97d-d965ccfc6d4b" outcome="Failed" testListId="409a10ff-dcf8-47ce-b22d-93c20b322586">
      <Output>
        <ErrorInfo>
          <Message>Assertion failed: Expected value did not match actual value.</Message>
          <StackTrace>   at TestNamespace.TestClass.Test() in TestClass.cs:line 164</StackTrace>
        </ErrorInfo>
      </Output>
    </UnitTestResult>
    <UnitTestResult executionId="86601843-9816-41f6-b0f4-479e7d3659db" testId="1ea8e8fa-8ec1-41d7-a73e-de43eef2eb7f" testName="Test3975" computerName="UA-LPT-OGA2" duration="00:00:01.9060000" startTime="2025-05-14T13:20:31.3146610Z" endTime="2025-05-14T13:25:31.3147553Z" testType="13cdc9d9-ddb5-4fa4-a97d-d965ccfc6d4b" outcome="Passed" testListId="409a10ff-dcf8-47ce-b22d-93c20b322586" />
    <UnitTestResult executionId="25261335-42c4-430a-98b0-d6fbd482eb5b" testId="58fa7775-3c62-4dd9-9677-82cf64a6e340" testName="Test3976" computerName="UA-LPT-OGA2" duration="00:00:01.7000000" startTime="2025-05-14T13:20:31.3146610Z" endTime="2025-05-14T13:25:31.3147553Z" testType="13cdc9d9-ddb5-4fa4-a97d-d965ccfc6d4b" outcome="Passed" testListId="409a10ff-dcf8-47ce-b22d-93c20b322586" />
    <UnitTestResult executionId="eea625de-b128-45ac-9a67-caf72050edcf" testId="7527cc6c-4f0b-4f94-9999-9f73634e0691" testName="Test3977" computerName="UA-LPT-OGA2" duration="00:00:01.4260000" startTime="2025-05-14T13:20:31.3146610Z" endTime="2025-05-14T13:25:31.3147553Z" testType="13cdc9d9-ddb5-4fa4-a97d-d965ccfc6d4b" outcome="Passed" testListId="409a10ff-dcf8-47ce-b22d-93c20b322586" />
    <UnitTestResult executionId="efd2f9f0-b41e-41f3-9b7b-349d80056a75" testId="c45a30a4-6b8e-4a72-87ba-c62b9a90f3d2" testName="Test3978" computerName="UA-LPT-OGA2" duration="00:00:00.5110000" startTime="2025-05-14T13:20:31.3146610Z" endTime="2025-05-14T13:25:31.3147553Z" testType="13cdc9d9-ddb5-4fa4-a97d-d965ccfc6d4b" outcome="Passed" testListId="409a10ff-dcf8-47ce-b22d-93c20b322586" />
    <UnitTestResult executionId="5ec99f59-0aba-4395-a399-d275fbfb6385" testId="eb1bf056-fe16-4d6a-a79f-e74a726859a5" testName="Test3979" computerName="UA-LPT-OGA2" duration="00:00:00.8130000" startTime="2025-05-14T13:20:31.3146610Z" endTime="2025-05-14T13:25:31.3147553Z" testType="13cdc9d9-ddb5-4fa4-a97d-d965ccfc6d4b" outcome="Passed" testListId="409a10ff-dcf8-47ce-b22d-93c20b322586" />
    <UnitTestResult executionId="34014836-e0e6-4349-8bc1-61b0948d3f25" testId="ba45a33f-4fe3-41ff-ad11-172e59f73e7f" testName="Test3980" computerName="UA-LPT-OGA2" duration="00:00:01.2920000" startTime="2025-05-14T13:20:31.3146610Z" endTime="2025-05-14T13:25:31.3147553Z" testType="13cdc9d9-ddb5-4fa4-a97d-d965ccfc6d4b" outcome="Failed" testListId="409a10ff-dcf8-47ce-b22d-93c20b322586">
      <Output>
        <ErrorInfo>
          <Message>Assertion failed: Expected value did not match actual value.</Message>
          <StackTrace>   at TestNamespace.TestClass.Test() in TestClass.cs:line 241</StackTrace>
        </ErrorInfo>
      </Output>
    </UnitTestResult>
    <UnitTestResult executionId="b8ae6510-2be7-4af0-9f29-9e1650021e55" testId="0a46d7ba-4172-4f37-8e63-efb376003dd3" testName="Test3981" computerName="UA-LPT-OGA2" duration="00:00:01.6520000" startTime="2025-05-14T13:20:31.3146610Z" endTime="2025-05-14T13:25:31.3147553Z" testType="13cdc9d9-ddb5-4fa4-a97d-d965ccfc6d4b" outcome="Passed" testListId="409a10ff-dcf8-47ce-b22d-93c20b322586" />
    <UnitTestResult executionId="3c0f7b85-8121-4752-8e2a-5fbb94e95326" testId="fbd4dbd3-cbe3-4d12-9fe7-1fe78006f973" testName="Test3982" computerName="UA-LPT-OGA2" duration="00:00:00.1850000" startTime="2025-05-14T13:20:31.3146610Z" endTime="2025-05-14T13:25:31.3147553Z" testType="13cdc9d9-ddb5-4fa4-a97d-d965ccfc6d4b" outcome="Passed" testListId="409a10ff-dcf8-47ce-b22d-93c20b322586" />
    <UnitTestResult executionId="ab57b767-4f9b-4802-8e9e-972253fa9164" testId="fe608310-d60a-4856-a4f0-f7527079090c" testName="Test3983" computerName="UA-LPT-OGA2" duration="00:00:00.2070000" startTime="2025-05-14T13:20:31.3146610Z" endTime="2025-05-14T13:25:31.3147553Z" testType="13cdc9d9-ddb5-4fa4-a97d-d965ccfc6d4b" outcome="Failed" testListId="409a10ff-dcf8-47ce-b22d-93c20b322586">
      <Output>
        <ErrorInfo>
          <Message>Assertion failed: Expected value did not match actual value.</Message>
          <StackTrace>   at TestNamespace.TestClass.Test() in TestClass.cs:line 233</StackTrace>
        </ErrorInfo>
      </Output>
    </UnitTestResult>
    <UnitTestResult executionId="0210f2fa-91b0-448c-bbb6-44ebc8f48495" testId="2563749e-66fb-4cf6-a826-bf26713217d6" testName="Test3984" computerName="UA-LPT-OGA2" duration="00:00:01.4330000" startTime="2025-05-14T13:20:31.3146610Z" endTime="2025-05-14T13:25:31.3147553Z" testType="13cdc9d9-ddb5-4fa4-a97d-d965ccfc6d4b" outcome="Passed" testListId="409a10ff-dcf8-47ce-b22d-93c20b322586" />
    <UnitTestResult executionId="b431232c-4545-44c1-8f14-5865e53e97ed" testId="a422c7d1-802c-4588-a09b-d0d548bcba1e" testName="Test3985" computerName="UA-LPT-OGA2" duration="00:00:01.3980000" startTime="2025-05-14T13:20:31.3146610Z" endTime="2025-05-14T13:25:31.3147553Z" testType="13cdc9d9-ddb5-4fa4-a97d-d965ccfc6d4b" outcome="Passed" testListId="409a10ff-dcf8-47ce-b22d-93c20b322586" />
    <UnitTestResult executionId="b6460217-06a5-4ad5-baa6-5054b18fd240" testId="92c2bddc-c36f-43cc-8c0e-b5ece58d20df" testName="Test3986" computerName="UA-LPT-OGA2" duration="00:00:01.2070000" startTime="2025-05-14T13:20:31.3146610Z" endTime="2025-05-14T13:25:31.3147553Z" testType="13cdc9d9-ddb5-4fa4-a97d-d965ccfc6d4b" outcome="Passed" testListId="409a10ff-dcf8-47ce-b22d-93c20b322586" />
    <UnitTestResult executionId="b45c457b-5e0a-45e9-884f-9dfa80b8a15d" testId="cab468e1-250d-40bf-af76-a84f9cd3b74c" testName="Test3987" computerName="UA-LPT-OGA2" duration="00:00:00.5070000" startTime="2025-05-14T13:20:31.3146610Z" endTime="2025-05-14T13:25:31.3147553Z" testType="13cdc9d9-ddb5-4fa4-a97d-d965ccfc6d4b" outcome="Passed" testListId="409a10ff-dcf8-47ce-b22d-93c20b322586" />
    <UnitTestResult executionId="29d89c08-2914-422a-9d4b-27c91754a474" testId="e9ba2903-99ae-4207-99cb-4e32ec958dca" testName="Test3988" computerName="UA-LPT-OGA2" duration="00:00:01.6520000" startTime="2025-05-14T13:20:31.3146610Z" endTime="2025-05-14T13:25:31.3147553Z" testType="13cdc9d9-ddb5-4fa4-a97d-d965ccfc6d4b" outcome="Passed" testListId="409a10ff-dcf8-47ce-b22d-93c20b322586" />
    <UnitTestResult executionId="2d969c27-4a1b-4f93-b1a2-3aae8a3d53b9" testId="a967a89a-d1c1-4714-b1a7-63737b56f5ce" testName="Test3989" computerName="UA-LPT-OGA2" duration="00:00:00.6830000" startTime="2025-05-14T13:20:31.3146610Z" endTime="2025-05-14T13:25:31.3147553Z" testType="13cdc9d9-ddb5-4fa4-a97d-d965ccfc6d4b" outcome="Passed" testListId="409a10ff-dcf8-47ce-b22d-93c20b322586" />
    <UnitTestResult executionId="470afb57-be19-40b2-b929-90018cdc0add" testId="23fd5589-ff61-402a-ad9d-362eb92ef2b3" testName="Test3990" computerName="UA-LPT-OGA2" duration="00:00:00.5650000" startTime="2025-05-14T13:20:31.3146610Z" endTime="2025-05-14T13:25:31.3147553Z" testType="13cdc9d9-ddb5-4fa4-a97d-d965ccfc6d4b" outcome="Passed" testListId="409a10ff-dcf8-47ce-b22d-93c20b322586" />
    <UnitTestResult executionId="d3511654-eb6a-4f8f-8b0d-fa273331ecd4" testId="a5d1a362-ffb0-473c-8793-1dcb6c055f10" testName="Test3991" computerName="UA-LPT-OGA2" duration="00:00:01.7010000" startTime="2025-05-14T13:20:31.3146610Z" endTime="2025-05-14T13:25:31.3147553Z" testType="13cdc9d9-ddb5-4fa4-a97d-d965ccfc6d4b" outcome="Passed" testListId="409a10ff-dcf8-47ce-b22d-93c20b322586" />
    <UnitTestResult executionId="914ab57e-fa5f-432e-b786-41996e1af869" testId="f98ce00a-1e9f-4914-89e4-ae7819ceee83" testName="Test3992" computerName="UA-LPT-OGA2" duration="00:00:00.9530000" startTime="2025-05-14T13:20:31.3146610Z" endTime="2025-05-14T13:25:31.3147553Z" testType="13cdc9d9-ddb5-4fa4-a97d-d965ccfc6d4b" outcome="Passed" testListId="409a10ff-dcf8-47ce-b22d-93c20b322586" />
    <UnitTestResult executionId="f92a9f01-bf4d-4448-83db-ee4059128063" testId="0c5599a3-d5d9-4da4-a81a-0ecc29e67f86" testName="Test3993" computerName="UA-LPT-OGA2" duration="00:00:00.1010000" startTime="2025-05-14T13:20:31.3146610Z" endTime="2025-05-14T13:25:31.3147553Z" testType="13cdc9d9-ddb5-4fa4-a97d-d965ccfc6d4b" outcome="Passed" testListId="409a10ff-dcf8-47ce-b22d-93c20b322586" />
    <UnitTestResult executionId="60b8bbaf-8d2b-4696-a03f-89e62f8be648" testId="438c6b57-72e6-4aed-ac9c-135002efe52c" testName="Test3994" computerName="UA-LPT-OGA2" duration="00:00:00.3820000" startTime="2025-05-14T13:20:31.3146610Z" endTime="2025-05-14T13:25:31.3147553Z" testType="13cdc9d9-ddb5-4fa4-a97d-d965ccfc6d4b" outcome="Passed" testListId="409a10ff-dcf8-47ce-b22d-93c20b322586" />
    <UnitTestResult executionId="f3da2b8a-ae26-485a-b7f9-ef2baf4c9c25" testId="47a408a3-c299-4efc-8481-d64324380aca" testName="Test3995" computerName="UA-LPT-OGA2" duration="00:00:01.9600000" startTime="2025-05-14T13:20:31.3146610Z" endTime="2025-05-14T13:25:31.3147553Z" testType="13cdc9d9-ddb5-4fa4-a97d-d965ccfc6d4b" outcome="Passed" testListId="409a10ff-dcf8-47ce-b22d-93c20b322586" />
    <UnitTestResult executionId="d28d9979-4e99-464b-9227-5a02846ee032" testId="d95fa189-d112-48e2-8993-a01c91844c30" testName="Test3996" computerName="UA-LPT-OGA2" duration="00:00:00.6890000" startTime="2025-05-14T13:20:31.3146610Z" endTime="2025-05-14T13:25:31.3147553Z" testType="13cdc9d9-ddb5-4fa4-a97d-d965ccfc6d4b" outcome="Failed" testListId="409a10ff-dcf8-47ce-b22d-93c20b322586">
      <Output>
        <ErrorInfo>
          <Message>Assertion failed: Expected value did not match actual value.</Message>
          <StackTrace>   at TestNamespace.TestClass.Test() in TestClass.cs:line 451</StackTrace>
        </ErrorInfo>
      </Output>
    </UnitTestResult>
    <UnitTestResult executionId="4b7d721e-208b-4fd4-b6b5-3168cfad4591" testId="727c48f3-04aa-4d9e-a78b-3669d3ded3b5" testName="Test3997" computerName="UA-LPT-OGA2" duration="00:00:01.2170000" startTime="2025-05-14T13:20:31.3146610Z" endTime="2025-05-14T13:25:31.3147553Z" testType="13cdc9d9-ddb5-4fa4-a97d-d965ccfc6d4b" outcome="Passed" testListId="409a10ff-dcf8-47ce-b22d-93c20b322586" />
    <UnitTestResult executionId="f251e78a-d597-42f2-bf32-ab22dccde133" testId="9de93b83-1838-432d-885a-97648e09271f" testName="Test3998" computerName="UA-LPT-OGA2" duration="00:00:01.8090000" startTime="2025-05-14T13:20:31.3146610Z" endTime="2025-05-14T13:25:31.3147553Z" testType="13cdc9d9-ddb5-4fa4-a97d-d965ccfc6d4b" outcome="Passed" testListId="409a10ff-dcf8-47ce-b22d-93c20b322586" />
    <UnitTestResult executionId="ad487618-c812-4b13-8306-5d761dbfe511" testId="6e3b0b80-2bd7-4dbc-a453-2f169e2fb750" testName="Test3999" computerName="UA-LPT-OGA2" duration="00:00:01.1970000" startTime="2025-05-14T13:20:31.3146610Z" endTime="2025-05-14T13:25:31.3147553Z" testType="13cdc9d9-ddb5-4fa4-a97d-d965ccfc6d4b" outcome="Passed" testListId="409a10ff-dcf8-47ce-b22d-93c20b322586" />
    <UnitTestResult executionId="e374b868-74e4-400f-a797-e0e5608a68b5" testId="d1491fff-79c5-4236-8f0f-8382cf8afebc" testName="Test4000" computerName="UA-LPT-OGA2" duration="00:00:00.8230000" startTime="2025-05-14T13:20:31.3146610Z" endTime="2025-05-14T13:25:31.3147553Z" testType="13cdc9d9-ddb5-4fa4-a97d-d965ccfc6d4b" outcome="Passed" testListId="409a10ff-dcf8-47ce-b22d-93c20b322586" />
  </Results>
  <TestDefinitions>
    <UnitTest name="Test3901" id="4a3cc232-40ce-4f85-85af-5eedd5e40d2c" storage="TestAssembly.dll">
      <Execution id="0817d596-679c-401e-9281-b7ca2ebda111" />
      <TestMethod codeBase="TestAssembly.dll" className="TestNamespace.TestClass1" name="Test3901" />
    </UnitTest>
    <UnitTest name="Test3902" id="903b6446-8ff3-4735-94c2-0c0ef21e1248" storage="TestAssembly.dll">
      <Execution id="bbee306f-7678-4a3a-984b-f73c4f38aa31" />
      <TestMethod codeBase="TestAssembly.dll" className="TestNamespace.TestClass1" name="Test3902" />
    </UnitTest>
    <UnitTest name="Test3903" id="8f1647fb-139e-407d-8d24-5ba5e81320e8" storage="TestAssembly.dll">
      <Execution id="fd964a0e-d009-4fb5-9953-7b52f26fe063" />
      <TestMethod codeBase="TestAssembly.dll" className="TestNamespace.TestClass1" name="Test3903" />
    </UnitTest>
    <UnitTest name="Test3904" id="949b7f83-8882-44ce-9f36-ee04da3fbcad" storage="TestAssembly.dll">
      <Execution id="f5958c7a-6ad5-4199-b9c1-2088b8262d79" />
      <TestMethod codeBase="TestAssembly.dll" className="TestNamespace.TestClass1" name="Test3904" />
    </UnitTest>
    <UnitTest name="Test3905" id="0484f55a-43cf-455b-90ca-92ab291767df" storage="TestAssembly.dll">
      <Execution id="337724a5-a85f-49b5-ad68-1ac547df4503" />
      <TestMethod codeBase="TestAssembly.dll" className="TestNamespace.TestClass1" name="Test3905" />
    </UnitTest>
    <UnitTest name="Test3906" id="c0b67df7-cb02-4850-820b-1b932af1babf" storage="TestAssembly.dll">
      <Execution id="485750d4-9e85-498c-a61e-b8ae97839340" />
      <TestMethod codeBase="TestAssembly.dll" className="TestNamespace.TestClass1" name="Test3906" />
    </UnitTest>
    <UnitTest name="Test3907" id="f9f8972a-9042-49f3-bfcb-a71092ba2e67" storage="TestAssembly.dll">
      <Execution id="ba799d71-4008-482b-baa2-565d886e5095" />
      <TestMethod codeBase="TestAssembly.dll" className="TestNamespace.TestClass1" name="Test3907" />
    </UnitTest>
    <UnitTest name="Test3908" id="49e99bf2-467a-4ba0-a11b-8407a13ee544" storage="TestAssembly.dll">
      <Execution id="9eae39dc-f777-486f-a757-0749d7fe2fb7" />
      <TestMethod codeBase="TestAssembly.dll" className="TestNamespace.TestClass1" name="Test3908" />
    </UnitTest>
    <UnitTest name="Test3909" id="3016584d-1f43-47bd-b481-3b7d4fe732a0" storage="TestAssembly.dll">
      <Execution id="cfe5b20a-d8e0-499a-b39e-80612adce704" />
      <TestMethod codeBase="TestAssembly.dll" className="TestNamespace.TestClass1" name="Test3909" />
    </UnitTest>
    <UnitTest name="Test3910" id="c11df29a-56a2-4a5a-867d-62084e32703f" storage="TestAssembly.dll">
      <Execution id="73a1fc6d-590e-488b-8c88-3f37a1ec7f2f" />
      <TestMethod codeBase="TestAssembly.dll" className="TestNamespace.TestClass1" name="Test3910" />
    </UnitTest>
    <UnitTest name="Test3911" id="dc9df66a-d45d-4e60-a7f1-d545d42a1872" storage="TestAssembly.dll">
      <Execution id="f0d0ade2-3399-464a-b883-a3e220e13b12" />
      <TestMethod codeBase="TestAssembly.dll" className="TestNamespace.TestClass2" name="Test3911" />
    </UnitTest>
    <UnitTest name="Test3912" id="8cd1cba3-55d4-4710-aa81-8b1998bb0911" storage="TestAssembly.dll">
      <Execution id="b76a922d-0573-4e61-b497-9bc12b59b712" />
      <TestMethod codeBase="TestAssembly.dll" className="TestNamespace.TestClass2" name="Test3912" />
    </UnitTest>
    <UnitTest name="Test3913" id="16eca26c-f20a-4634-8a31-e57781663a16" storage="TestAssembly.dll">
      <Execution id="b94544e4-6c2f-4f09-a023-a808fc984ad6" />
      <TestMethod codeBase="TestAssembly.dll" className="TestNamespace.TestClass2" name="Test3913" />
    </UnitTest>
    <UnitTest name="Test3914" id="6b663a60-3199-4081-a846-51c994c11f70" storage="TestAssembly.dll">
      <Execution id="fcbef86a-7ff5-4bba-8421-a7a2074828dc" />
      <TestMethod codeBase="TestAssembly.dll" className="TestNamespace.TestClass2" name="Test3914" />
    </UnitTest>
    <UnitTest name="Test3915" id="034988d1-0152-4261-949d-b35b817d7605" storage="TestAssembly.dll">
      <Execution id="db6c74d5-d2fd-4d51-967b-8db11058f3db" />
      <TestMethod codeBase="TestAssembly.dll" className="TestNamespace.TestClass2" name="Test3915" />
    </UnitTest>
    <UnitTest name="Test3916" id="c8cc662e-bb21-4ff6-9a96-24adf4f21b02" storage="TestAssembly.dll">
      <Execution id="0e0d8fea-ba51-44f2-9803-f703317d7ffc" />
      <TestMethod codeBase="TestAssembly.dll" className="TestNamespace.TestClass2" name="Test3916" />
    </UnitTest>
    <UnitTest name="Test3917" id="a388148c-4a98-4ae2-a5d2-7fce3dceb623" storage="TestAssembly.dll">
      <Execution id="f7b14288-6a1b-4937-968b-b9632ee3d7f7" />
      <TestMethod codeBase="TestAssembly.dll" className="TestNamespace.TestClass2" name="Test3917" />
    </UnitTest>
    <UnitTest name="Test3918" id="3b5a7c7f-6b33-4f55-9b52-531ce4310236" storage="TestAssembly.dll">
      <Execution id="587e0fce-fdc4-475a-95a2-84ef46893c10" />
      <TestMethod codeBase="TestAssembly.dll" className="TestNamespace.TestClass2" name="Test3918" />
    </UnitTest>
    <UnitTest name="Test3919" id="e0459e80-9276-41fc-b4a8-6438f2329228" storage="TestAssembly.dll">
      <Execution id="4e0c7a39-3338-46a0-987d-ba501338fe46" />
      <TestMethod codeBase="TestAssembly.dll" className="TestNamespace.TestClass2" name="Test3919" />
    </UnitTest>
    <UnitTest name="Test3920" id="90afcfb8-b545-4e40-a6d6-832e688cb3c2" storage="TestAssembly.dll">
      <Execution id="1a51f252-f1a5-419e-9d1d-eb71fc845345" />
      <TestMethod codeBase="TestAssembly.dll" className="TestNamespace.TestClass2" name="Test3920" />
    </UnitTest>
    <UnitTest name="Test3921" id="7d9d6d80-1dda-421d-be6f-b831b46de668" storage="TestAssembly.dll">
      <Execution id="3b848722-00e5-4b52-b0c8-bbf052de73eb" />
      <TestMethod codeBase="TestAssembly.dll" className="TestNamespace.TestClass3" name="Test3921" />
    </UnitTest>
    <UnitTest name="Test3922" id="437ee52e-7f61-4472-be1f-6c4f00c34b52" storage="TestAssembly.dll">
      <Execution id="e3e230af-05c7-4a4b-b6d6-c70d6d6f6957" />
      <TestMethod codeBase="TestAssembly.dll" className="TestNamespace.TestClass3" name="Test3922" />
    </UnitTest>
    <UnitTest name="Test3923" id="ec4dd02a-edc6-42b3-9a00-0201dec53a3c" storage="TestAssembly.dll">
      <Execution id="1290cc23-1169-4040-91c0-7497c90460fd" />
      <TestMethod codeBase="TestAssembly.dll" className="TestNamespace.TestClass3" name="Test3923" />
    </UnitTest>
    <UnitTest name="Test3924" id="34eeb397-fb82-47a2-b036-f38fb01a26e7" storage="TestAssembly.dll">
      <Execution id="69dfc17b-b390-4f51-b0e3-94e5f8e140b6" />
      <TestMethod codeBase="TestAssembly.dll" className="TestNamespace.TestClass3" name="Test3924" />
    </UnitTest>
    <UnitTest name="Test3925" id="d80ae05d-59ae-4a8a-9b25-63c5f3e48dfc" storage="TestAssembly.dll">
      <Execution id="0ee05170-52a5-437c-a3c3-521966852281" />
      <TestMethod codeBase="TestAssembly.dll" className="TestNamespace.TestClass3" name="Test3925" />
    </UnitTest>
    <UnitTest name="Test3926" id="f41913b3-5048-401e-af25-470240f5b03a" storage="TestAssembly.dll">
      <Execution id="8c460652-0d0a-4cce-91bb-49563a761db4" />
      <TestMethod codeBase="TestAssembly.dll" className="TestNamespace.TestClass3" name="Test3926" />
    </UnitTest>
    <UnitTest name="Test3927" id="694b91b0-81e4-469e-8af0-6eeb9b3f1402" storage="TestAssembly.dll">
      <Execution id="fc181c23-78d7-47bd-8c48-11b5cf71d221" />
      <TestMethod codeBase="TestAssembly.dll" className="TestNamespace.TestClass3" name="Test3927" />
    </UnitTest>
    <UnitTest name="Test3928" id="432c7b29-bb2f-4e55-9c82-916ae927b4ff" storage="TestAssembly.dll">
      <Execution id="263a731b-8889-4d94-ae73-80388f128f10" />
      <TestMethod codeBase="TestAssembly.dll" className="TestNamespace.TestClass3" name="Test3928" />
    </UnitTest>
    <UnitTest name="Test3929" id="1b8a5bd0-69e5-481f-90bc-c5061420f712" storage="TestAssembly.dll">
      <Execution id="f02c888d-3b67-4a5d-8340-5f7e69ee5b68" />
      <TestMethod codeBase="TestAssembly.dll" className="TestNamespace.TestClass3" name="Test3929" />
    </UnitTest>
    <UnitTest name="Test3930" id="2b7fd392-257a-4efc-a5d5-28db90e7cbaa" storage="TestAssembly.dll">
      <Execution id="9b5630dd-fb08-41f4-8fee-a881ff73e30f" />
      <TestMethod codeBase="TestAssembly.dll" className="TestNamespace.TestClass3" name="Test3930" />
    </UnitTest>
    <UnitTest name="Test3931" id="413e2b7c-730e-4e25-854d-07fbb4e02aff" storage="TestAssembly.dll">
      <Execution id="e8cceffe-560e-450e-8051-e40a81829c91" />
      <TestMethod codeBase="TestAssembly.dll" className="TestNamespace.TestClass4" name="Test3931" />
    </UnitTest>
    <UnitTest name="Test3932" id="fabfc95d-0e79-4be0-85f1-c321dbffcc1d" storage="TestAssembly.dll">
      <Execution id="5b3ca6e8-4736-4b1a-9f80-b7ade3add18e" />
      <TestMethod codeBase="TestAssembly.dll" className="TestNamespace.TestClass4" name="Test3932" />
    </UnitTest>
    <UnitTest name="Test3933" id="9823866c-d946-4bb1-ac26-8b63d93349f2" storage="TestAssembly.dll">
      <Execution id="7fd37bb5-c4cd-4b9f-b50e-6fb1969a3311" />
      <TestMethod codeBase="TestAssembly.dll" className="TestNamespace.TestClass4" name="Test3933" />
    </UnitTest>
    <UnitTest name="Test3934" id="b9e3ad1a-a979-4310-a45f-e75fb1dcc5aa" storage="TestAssembly.dll">
      <Execution id="6b66f4c0-689a-4dc0-8ebc-c30d75eb1eaa" />
      <TestMethod codeBase="TestAssembly.dll" className="TestNamespace.TestClass4" name="Test3934" />
    </UnitTest>
    <UnitTest name="Test3935" id="7b1bdcf5-8c50-4678-8119-5bf807e90a81" storage="TestAssembly.dll">
      <Execution id="699645b4-9db5-4603-86e3-e60213c46098" />
      <TestMethod codeBase="TestAssembly.dll" className="TestNamespace.TestClass4" name="Test3935" />
    </UnitTest>
    <UnitTest name="Test3936" id="e6c5871d-3989-4d37-867f-5d64660cbf8e" storage="TestAssembly.dll">
      <Execution id="6fa6a810-db8f-473e-aeb8-84fbc190563e" />
      <TestMethod codeBase="TestAssembly.dll" className="TestNamespace.TestClass4" name="Test3936" />
    </UnitTest>
    <UnitTest name="Test3937" id="44a7de4b-0b00-4711-99e7-84a3669ca678" storage="TestAssembly.dll">
      <Execution id="32702bfe-7c24-408f-a3c0-6a76720752fd" />
      <TestMethod codeBase="TestAssembly.dll" className="TestNamespace.TestClass4" name="Test3937" />
    </UnitTest>
    <UnitTest name="Test3938" id="7b39b2d9-1514-4a19-9ddc-70569492c403" storage="TestAssembly.dll">
      <Execution id="e3a03c98-3bd4-41ba-8eb1-b65627918308" />
      <TestMethod codeBase="TestAssembly.dll" className="TestNamespace.TestClass4" name="Test3938" />
    </UnitTest>
    <UnitTest name="Test3939" id="506d01aa-7cf7-48e0-86b8-3fcb0ad12b42" storage="TestAssembly.dll">
      <Execution id="00da8c0c-44c9-488e-9a79-7857a6e0cc5d" />
      <TestMethod codeBase="TestAssembly.dll" className="TestNamespace.TestClass4" name="Test3939" />
    </UnitTest>
    <UnitTest name="Test3940" id="12fb02c4-edfd-4044-9a1c-0b6bf2e9a470" storage="TestAssembly.dll">
      <Execution id="70223894-279f-493c-88f4-86eda2aeaa88" />
      <TestMethod codeBase="TestAssembly.dll" className="TestNamespace.TestClass4" name="Test3940" />
    </UnitTest>
    <UnitTest name="Test3941" id="1d17cf18-cce5-4bd4-b034-203ca39e40c2" storage="TestAssembly.dll">
      <Execution id="2fe4e95e-2467-4b44-825c-97518e442f64" />
      <TestMethod codeBase="TestAssembly.dll" className="TestNamespace.TestClass5" name="Test3941" />
    </UnitTest>
    <UnitTest name="Test3942" id="a9f768a6-3c2c-47a1-a7db-12887f80898c" storage="TestAssembly.dll">
      <Execution id="b1dc550b-ab23-458d-9a9b-9210e3a00980" />
      <TestMethod codeBase="TestAssembly.dll" className="TestNamespace.TestClass5" name="Test3942" />
    </UnitTest>
    <UnitTest name="Test3943" id="d80bdfcc-f4de-4ea7-a393-5fafaf1d72b2" storage="TestAssembly.dll">
      <Execution id="cd8b8253-2818-4046-ae26-a5b18504d629" />
      <TestMethod codeBase="TestAssembly.dll" className="TestNamespace.TestClass5" name="Test3943" />
    </UnitTest>
    <UnitTest name="Test3944" id="b9720aa3-09a9-4195-a6e4-bb4852bab3d2" storage="TestAssembly.dll">
      <Execution id="b5819b96-d18b-4691-b609-8c0bceb3cbf5" />
      <TestMethod codeBase="TestAssembly.dll" className="TestNamespace.TestClass5" name="Test3944" />
    </UnitTest>
    <UnitTest name="Test3945" id="8df62b98-6314-4075-8921-3a600aab40e5" storage="TestAssembly.dll">
      <Execution id="3b719cb3-ef81-4dc3-8c99-ed40af264ef5" />
      <TestMethod codeBase="TestAssembly.dll" className="TestNamespace.TestClass5" name="Test3945" />
    </UnitTest>
    <UnitTest name="Test3946" id="a767acce-9b44-4789-a870-0d3b199df2b6" storage="TestAssembly.dll">
      <Execution id="680dc10c-e4db-4cc0-92cb-26a8e86c3604" />
      <TestMethod codeBase="TestAssembly.dll" className="TestNamespace.TestClass5" name="Test3946" />
    </UnitTest>
    <UnitTest name="Test3947" id="31897b4e-3658-4ef2-b66a-aa8bbbef4f0f" storage="TestAssembly.dll">
      <Execution id="feb73023-6102-4fef-9552-40e3755515eb" />
      <TestMethod codeBase="TestAssembly.dll" className="TestNamespace.TestClass5" name="Test3947" />
    </UnitTest>
    <UnitTest name="Test3948" id="f85cedce-be92-4ef8-87f6-eb80b486fb95" storage="TestAssembly.dll">
      <Execution id="a9c284bb-3b89-4bfd-afb9-919af2681e8a" />
      <TestMethod codeBase="TestAssembly.dll" className="TestNamespace.TestClass5" name="Test3948" />
    </UnitTest>
    <UnitTest name="Test3949" id="5db43c6a-62c8-466b-8bb5-2d4402f8fefa" storage="TestAssembly.dll">
      <Execution id="fc5dc308-c3c0-404e-b3ce-30f2c905fb25" />
      <TestMethod codeBase="TestAssembly.dll" className="TestNamespace.TestClass5" name="Test3949" />
    </UnitTest>
    <UnitTest name="Test3950" id="99165f10-5f36-4038-901f-b45c7ebeb955" storage="TestAssembly.dll">
      <Execution id="f3edfa35-884a-4395-8537-73471d38be37" />
      <TestMethod codeBase="TestAssembly.dll" className="TestNamespace.TestClass5" name="Test3950" />
    </UnitTest>
    <UnitTest name="Test3951" id="c0028da7-6238-4e39-8a13-0a5f18980e8c" storage="TestAssembly.dll">
      <Execution id="78ade41c-d078-4df8-8eb3-423f21740124" />
      <TestMethod codeBase="TestAssembly.dll" className="TestNamespace.TestClass6" name="Test3951" />
    </UnitTest>
    <UnitTest name="Test3952" id="3d30b2e6-dd19-4553-a67a-ed1ad9cfe2fb" storage="TestAssembly.dll">
      <Execution id="eb54bee1-409e-40f5-8248-86b96abbcb1a" />
      <TestMethod codeBase="TestAssembly.dll" className="TestNamespace.TestClass6" name="Test3952" />
    </UnitTest>
    <UnitTest name="Test3953" id="647da2bd-20f0-465a-bdad-654c39cdb330" storage="TestAssembly.dll">
      <Execution id="845f42cd-fb0f-4472-b597-90eadc70e3ae" />
      <TestMethod codeBase="TestAssembly.dll" className="TestNamespace.TestClass6" name="Test3953" />
    </UnitTest>
    <UnitTest name="Test3954" id="850db065-b7cd-4177-baff-b4fbaca585a8" storage="TestAssembly.dll">
      <Execution id="582e5393-5379-433f-ae6a-38c02aa6e9db" />
      <TestMethod codeBase="TestAssembly.dll" className="TestNamespace.TestClass6" name="Test3954" />
    </UnitTest>
    <UnitTest name="Test3955" id="77410669-39cb-48c9-a323-0ecd67f6b004" storage="TestAssembly.dll">
      <Execution id="70fb985c-e69d-49d6-84a6-90c1b1e0b361" />
      <TestMethod codeBase="TestAssembly.dll" className="TestNamespace.TestClass6" name="Test3955" />
    </UnitTest>
    <UnitTest name="Test3956" id="d2bce379-4ae9-427c-9428-8db283862c57" storage="TestAssembly.dll">
      <Execution id="94f0cb02-2529-4abc-9873-72be93a25987" />
      <TestMethod codeBase="TestAssembly.dll" className="TestNamespace.TestClass6" name="Test3956" />
    </UnitTest>
    <UnitTest name="Test3957" id="58fa376e-b41a-482d-bdc7-6f78245eff86" storage="TestAssembly.dll">
      <Execution id="a1fc364c-e8c5-4583-a2fc-73f65570e977" />
      <TestMethod codeBase="TestAssembly.dll" className="TestNamespace.TestClass6" name="Test3957" />
    </UnitTest>
    <UnitTest name="Test3958" id="923cd4ae-22ca-48f5-9877-10bd987d567c" storage="TestAssembly.dll">
      <Execution id="7364107c-e23c-43af-8461-27eb9504f5cb" />
      <TestMethod codeBase="TestAssembly.dll" className="TestNamespace.TestClass6" name="Test3958" />
    </UnitTest>
    <UnitTest name="Test3959" id="df6160e8-db3c-478f-b339-41d6b3570ecf" storage="TestAssembly.dll">
      <Execution id="427593d8-bb85-4c7f-8e0c-b524a91f24cf" />
      <TestMethod codeBase="TestAssembly.dll" className="TestNamespace.TestClass6" name="Test3959" />
    </UnitTest>
    <UnitTest name="Test3960" id="2dde6f02-179a-4d02-a786-e90382277d57" storage="TestAssembly.dll">
      <Execution id="66a5daa8-f0d5-487a-8fe6-b8a54a706424" />
      <TestMethod codeBase="TestAssembly.dll" className="TestNamespace.TestClass6" name="Test3960" />
    </UnitTest>
    <UnitTest name="Test3961" id="0e2d56e0-eb52-4e82-9d26-52d1699071b9" storage="TestAssembly.dll">
      <Execution id="c67a2243-db3e-448a-91ca-40dcbd63eab3" />
      <TestMethod codeBase="TestAssembly.dll" className="TestNamespace.TestClass7" name="Test3961" />
    </UnitTest>
    <UnitTest name="Test3962" id="d3a32541-9e9c-4e46-be31-c82edddcbdbe" storage="TestAssembly.dll">
      <Execution id="8071deae-3ef5-4eaf-9530-434286d82902" />
      <TestMethod codeBase="TestAssembly.dll" className="TestNamespace.TestClass7" name="Test3962" />
    </UnitTest>
    <UnitTest name="Test3963" id="1c8f8cdc-4ded-42c9-a29a-9c39ce0d40cc" storage="TestAssembly.dll">
      <Execution id="90349483-d2ed-4af9-a722-3ad80ac3f798" />
      <TestMethod codeBase="TestAssembly.dll" className="TestNamespace.TestClass7" name="Test3963" />
    </UnitTest>
    <UnitTest name="Test3964" id="13043705-785d-4c4d-b4fb-62618e062253" storage="TestAssembly.dll">
      <Execution id="b5d05391-f02b-451b-ad26-044f7accc116" />
      <TestMethod codeBase="TestAssembly.dll" className="TestNamespace.TestClass7" name="Test3964" />
    </UnitTest>
    <UnitTest name="Test3965" id="67a9e170-cf7b-4f2a-9c4b-7dc76e7de52c" storage="TestAssembly.dll">
      <Execution id="7bfc208b-17b8-41e7-b395-2206eb9cf3a3" />
      <TestMethod codeBase="TestAssembly.dll" className="TestNamespace.TestClass7" name="Test3965" />
    </UnitTest>
    <UnitTest name="Test3966" id="69704657-6d57-4053-bf2b-2eaed898d1b8" storage="TestAssembly.dll">
      <Execution id="a356a5f6-79a2-436e-9301-4a1e01653b8b" />
      <TestMethod codeBase="TestAssembly.dll" className="TestNamespace.TestClass7" name="Test3966" />
    </UnitTest>
    <UnitTest name="Test3967" id="c6f4e0a3-304a-4633-b74d-37bd5d84a42d" storage="TestAssembly.dll">
      <Execution id="47da8024-9b0b-4b3d-8e04-d792a3a4d957" />
      <TestMethod codeBase="TestAssembly.dll" className="TestNamespace.TestClass7" name="Test3967" />
    </UnitTest>
    <UnitTest name="Test3968" id="6feb22a3-0aff-4af0-9e33-39de345d4faa" storage="TestAssembly.dll">
      <Execution id="762070c0-be21-454a-8821-05bf76870372" />
      <TestMethod codeBase="TestAssembly.dll" className="TestNamespace.TestClass7" name="Test3968" />
    </UnitTest>
    <UnitTest name="Test3969" id="eac91f51-a4cd-40b3-bce3-6e691aab0cc3" storage="TestAssembly.dll">
      <Execution id="9eb5dd31-3502-42ef-b2f6-dc860f277dcd" />
      <TestMethod codeBase="TestAssembly.dll" className="TestNamespace.TestClass7" name="Test3969" />
    </UnitTest>
    <UnitTest name="Test3970" id="28f8bbc0-cbb7-4443-93d1-a3592a4e53ed" storage="TestAssembly.dll">
      <Execution id="75e854ee-e38b-4fa6-a07a-deb0603c5d1f" />
      <TestMethod codeBase="TestAssembly.dll" className="TestNamespace.TestClass7" name="Test3970" />
    </UnitTest>
    <UnitTest name="Test3971" id="68fefe99-1aa6-419d-94da-0c6180b26584" storage="TestAssembly.dll">
      <Execution id="561b438b-7735-4f78-99e9-4a0578db467f" />
      <TestMethod codeBase="TestAssembly.dll" className="TestNamespace.TestClass8" name="Test3971" />
    </UnitTest>
    <UnitTest name="Test3972" id="b5b9fc6b-1fc3-4795-91d4-33581415da5b" storage="TestAssembly.dll">
      <Execution id="05c01b33-b4d0-4093-bf7a-8e6aabe0807f" />
      <TestMethod codeBase="TestAssembly.dll" className="TestNamespace.TestClass8" name="Test3972" />
    </UnitTest>
    <UnitTest name="Test3973" id="6673d038-48b9-4b25-b9bc-2f038ddc36f7" storage="TestAssembly.dll">
      <Execution id="2acd5cf5-3afe-405e-a3a3-03e95406700a" />
      <TestMethod codeBase="TestAssembly.dll" className="TestNamespace.TestClass8" name="Test3973" />
    </UnitTest>
    <UnitTest name="Test3974" id="c8d3efd8-6592-46ba-adb7-a5d9cefa8cb5" storage="TestAssembly.dll">
      <Execution id="f1655e1e-879e-40ef-87c8-866497c9736d" />
      <TestMethod codeBase="TestAssembly.dll" className="TestNamespace.TestClass8" name="Test3974" />
    </UnitTest>
    <UnitTest name="Test3975" id="1ea8e8fa-8ec1-41d7-a73e-de43eef2eb7f" storage="TestAssembly.dll">
      <Execution id="86601843-9816-41f6-b0f4-479e7d3659db" />
      <TestMethod codeBase="TestAssembly.dll" className="TestNamespace.TestClass8" name="Test3975" />
    </UnitTest>
    <UnitTest name="Test3976" id="58fa7775-3c62-4dd9-9677-82cf64a6e340" storage="TestAssembly.dll">
      <Execution id="25261335-42c4-430a-98b0-d6fbd482eb5b" />
      <TestMethod codeBase="TestAssembly.dll" className="TestNamespace.TestClass8" name="Test3976" />
    </UnitTest>
    <UnitTest name="Test3977" id="7527cc6c-4f0b-4f94-9999-9f73634e0691" storage="TestAssembly.dll">
      <Execution id="eea625de-b128-45ac-9a67-caf72050edcf" />
      <TestMethod codeBase="TestAssembly.dll" className="TestNamespace.TestClass8" name="Test3977" />
    </UnitTest>
    <UnitTest name="Test3978" id="c45a30a4-6b8e-4a72-87ba-c62b9a90f3d2" storage="TestAssembly.dll">
      <Execution id="efd2f9f0-b41e-41f3-9b7b-349d80056a75" />
      <TestMethod codeBase="TestAssembly.dll" className="TestNamespace.TestClass8" name="Test3978" />
    </UnitTest>
    <UnitTest name="Test3979" id="eb1bf056-fe16-4d6a-a79f-e74a726859a5" storage="TestAssembly.dll">
      <Execution id="5ec99f59-0aba-4395-a399-d275fbfb6385" />
      <TestMethod codeBase="TestAssembly.dll" className="TestNamespace.TestClass8" name="Test3979" />
    </UnitTest>
    <UnitTest name="Test3980" id="ba45a33f-4fe3-41ff-ad11-172e59f73e7f" storage="TestAssembly.dll">
      <Execution id="34014836-e0e6-4349-8bc1-61b0948d3f25" />
      <TestMethod codeBase="TestAssembly.dll" className="TestNamespace.TestClass8" name="Test3980" />
    </UnitTest>
    <UnitTest name="Test3981" id="0a46d7ba-4172-4f37-8e63-efb376003dd3" storage="TestAssembly.dll">
      <Execution id="b8ae6510-2be7-4af0-9f29-9e1650021e55" />
      <TestMethod codeBase="TestAssembly.dll" className="TestNamespace.TestClass9" name="Test3981" />
    </UnitTest>
    <UnitTest name="Test3982" id="fbd4dbd3-cbe3-4d12-9fe7-1fe78006f973" storage="TestAssembly.dll">
      <Execution id="3c0f7b85-8121-4752-8e2a-5fbb94e95326" />
      <TestMethod codeBase="TestAssembly.dll" className="TestNamespace.TestClass9" name="Test3982" />
    </UnitTest>
    <UnitTest name="Test3983" id="fe608310-d60a-4856-a4f0-f7527079090c" storage="TestAssembly.dll">
      <Execution id="ab57b767-4f9b-4802-8e9e-972253fa9164" />
      <TestMethod codeBase="TestAssembly.dll" className="TestNamespace.TestClass9" name="Test3983" />
    </UnitTest>
    <UnitTest name="Test3984" id="2563749e-66fb-4cf6-a826-bf26713217d6" storage="TestAssembly.dll">
      <Execution id="0210f2fa-91b0-448c-bbb6-44ebc8f48495" />
      <TestMethod codeBase="TestAssembly.dll" className="TestNamespace.TestClass9" name="Test3984" />
    </UnitTest>
    <UnitTest name="Test3985" id="a422c7d1-802c-4588-a09b-d0d548bcba1e" storage="TestAssembly.dll">
      <Execution id="b431232c-4545-44c1-8f14-5865e53e97ed" />
      <TestMethod codeBase="TestAssembly.dll" className="TestNamespace.TestClass9" name="Test3985" />
    </UnitTest>
    <UnitTest name="Test3986" id="92c2bddc-c36f-43cc-8c0e-b5ece58d20df" storage="TestAssembly.dll">
      <Execution id="b6460217-06a5-4ad5-baa6-5054b18fd240" />
      <TestMethod codeBase="TestAssembly.dll" className="TestNamespace.TestClass9" name="Test3986" />
    </UnitTest>
    <UnitTest name="Test3987" id="cab468e1-250d-40bf-af76-a84f9cd3b74c" storage="TestAssembly.dll">
      <Execution id="b45c457b-5e0a-45e9-884f-9dfa80b8a15d" />
      <TestMethod codeBase="TestAssembly.dll" className="TestNamespace.TestClass9" name="Test3987" />
    </UnitTest>
    <UnitTest name="Test3988" id="e9ba2903-99ae-4207-99cb-4e32ec958dca" storage="TestAssembly.dll">
      <Execution id="29d89c08-2914-422a-9d4b-27c91754a474" />
      <TestMethod codeBase="TestAssembly.dll" className="TestNamespace.TestClass9" name="Test3988" />
    </UnitTest>
    <UnitTest name="Test3989" id="a967a89a-d1c1-4714-b1a7-63737b56f5ce" storage="TestAssembly.dll">
      <Execution id="2d969c27-4a1b-4f93-b1a2-3aae8a3d53b9" />
      <TestMethod codeBase="TestAssembly.dll" className="TestNamespace.TestClass9" name="Test3989" />
    </UnitTest>
    <UnitTest name="Test3990" id="23fd5589-ff61-402a-ad9d-362eb92ef2b3" storage="TestAssembly.dll">
      <Execution id="470afb57-be19-40b2-b929-90018cdc0add" />
      <TestMethod codeBase="TestAssembly.dll" className="TestNamespace.TestClass9" name="Test3990" />
    </UnitTest>
    <UnitTest name="Test3991" id="a5d1a362-ffb0-473c-8793-1dcb6c055f10" storage="TestAssembly.dll">
      <Execution id="d3511654-eb6a-4f8f-8b0d-fa273331ecd4" />
      <TestMethod codeBase="TestAssembly.dll" className="TestNamespace.TestClass10" name="Test3991" />
    </UnitTest>
    <UnitTest name="Test3992" id="f98ce00a-1e9f-4914-89e4-ae7819ceee83" storage="TestAssembly.dll">
      <Execution id="914ab57e-fa5f-432e-b786-41996e1af869" />
      <TestMethod codeBase="TestAssembly.dll" className="TestNamespace.TestClass10" name="Test3992" />
    </UnitTest>
    <UnitTest name="Test3993" id="0c5599a3-d5d9-4da4-a81a-0ecc29e67f86" storage="TestAssembly.dll">
      <Execution id="f92a9f01-bf4d-4448-83db-ee4059128063" />
      <TestMethod codeBase="TestAssembly.dll" className="TestNamespace.TestClass10" name="Test3993" />
    </UnitTest>
    <UnitTest name="Test3994" id="438c6b57-72e6-4aed-ac9c-135002efe52c" storage="TestAssembly.dll">
      <Execution id="60b8bbaf-8d2b-4696-a03f-89e62f8be648" />
      <TestMethod codeBase="TestAssembly.dll" className="TestNamespace.TestClass10" name="Test3994" />
    </UnitTest>
    <UnitTest name="Test3995" id="47a408a3-c299-4efc-8481-d64324380aca" storage="TestAssembly.dll">
      <Execution id="f3da2b8a-ae26-485a-b7f9-ef2baf4c9c25" />
      <TestMethod codeBase="TestAssembly.dll" className="TestNamespace.TestClass10" name="Test3995" />
    </UnitTest>
    <UnitTest name="Test3996" id="d95fa189-d112-48e2-8993-a01c91844c30" storage="TestAssembly.dll">
      <Execution id="d28d9979-4e99-464b-9227-5a02846ee032" />
      <TestMethod codeBase="TestAssembly.dll" className="TestNamespace.TestClass10" name="Test3996" />
    </UnitTest>
    <UnitTest name="Test3997" id="727c48f3-04aa-4d9e-a78b-3669d3ded3b5" storage="TestAssembly.dll">
      <Execution id="4b7d721e-208b-4fd4-b6b5-3168cfad4591" />
      <TestMethod codeBase="TestAssembly.dll" className="TestNamespace.TestClass10" name="Test3997" />
    </UnitTest>
    <UnitTest name="Test3998" id="9de93b83-1838-432d-885a-97648e09271f" storage="TestAssembly.dll">
      <Execution id="f251e78a-d597-42f2-bf32-ab22dccde133" />
      <TestMethod codeBase="TestAssembly.dll" className="TestNamespace.TestClass10" name="Test3998" />
    </UnitTest>
    <UnitTest name="Test3999" id="6e3b0b80-2bd7-4dbc-a453-2f169e2fb750" storage="TestAssembly.dll">
      <Execution id="ad487618-c812-4b13-8306-5d761dbfe511" />
      <TestMethod codeBase="TestAssembly.dll" className="TestNamespace.TestClass10" name="Test3999" />
    </UnitTest>
    <UnitTest name="Test4000" id="d1491fff-79c5-4236-8f0f-8382cf8afebc" storage="TestAssembly.dll">
      <Execution id="e374b868-74e4-400f-a797-e0e5608a68b5" />
      <TestMethod codeBase="TestAssembly.dll" className="TestNamespace.TestClass10" name="Test4000" />
    </UnitTest>
  </TestDefinitions>
  <TestEntries>
    <TestEntry testId="4a3cc232-40ce-4f85-85af-5eedd5e40d2c" executionId="0817d596-679c-401e-9281-b7ca2ebda111" testListId="409a10ff-dcf8-47ce-b22d-93c20b322586" />
    <TestEntry testId="903b6446-8ff3-4735-94c2-0c0ef21e1248" executionId="bbee306f-7678-4a3a-984b-f73c4f38aa31" testListId="409a10ff-dcf8-47ce-b22d-93c20b322586" />
    <TestEntry testId="8f1647fb-139e-407d-8d24-5ba5e81320e8" executionId="fd964a0e-d009-4fb5-9953-7b52f26fe063" testListId="409a10ff-dcf8-47ce-b22d-93c20b322586" />
    <TestEntry testId="949b7f83-8882-44ce-9f36-ee04da3fbcad" executionId="f5958c7a-6ad5-4199-b9c1-2088b8262d79" testListId="409a10ff-dcf8-47ce-b22d-93c20b322586" />
    <TestEntry testId="0484f55a-43cf-455b-90ca-92ab291767df" executionId="337724a5-a85f-49b5-ad68-1ac547df4503" testListId="409a10ff-dcf8-47ce-b22d-93c20b322586" />
    <TestEntry testId="c0b67df7-cb02-4850-820b-1b932af1babf" executionId="485750d4-9e85-498c-a61e-b8ae97839340" testListId="409a10ff-dcf8-47ce-b22d-93c20b322586" />
    <TestEntry testId="f9f8972a-9042-49f3-bfcb-a71092ba2e67" executionId="ba799d71-4008-482b-baa2-565d886e5095" testListId="409a10ff-dcf8-47ce-b22d-93c20b322586" />
    <TestEntry testId="49e99bf2-467a-4ba0-a11b-8407a13ee544" executionId="9eae39dc-f777-486f-a757-0749d7fe2fb7" testListId="409a10ff-dcf8-47ce-b22d-93c20b322586" />
    <TestEntry testId="3016584d-1f43-47bd-b481-3b7d4fe732a0" executionId="cfe5b20a-d8e0-499a-b39e-80612adce704" testListId="409a10ff-dcf8-47ce-b22d-93c20b322586" />
    <TestEntry testId="c11df29a-56a2-4a5a-867d-62084e32703f" executionId="73a1fc6d-590e-488b-8c88-3f37a1ec7f2f" testListId="409a10ff-dcf8-47ce-b22d-93c20b322586" />
    <TestEntry testId="dc9df66a-d45d-4e60-a7f1-d545d42a1872" executionId="f0d0ade2-3399-464a-b883-a3e220e13b12" testListId="409a10ff-dcf8-47ce-b22d-93c20b322586" />
    <TestEntry testId="8cd1cba3-55d4-4710-aa81-8b1998bb0911" executionId="b76a922d-0573-4e61-b497-9bc12b59b712" testListId="409a10ff-dcf8-47ce-b22d-93c20b322586" />
    <TestEntry testId="16eca26c-f20a-4634-8a31-e57781663a16" executionId="b94544e4-6c2f-4f09-a023-a808fc984ad6" testListId="409a10ff-dcf8-47ce-b22d-93c20b322586" />
    <TestEntry testId="6b663a60-3199-4081-a846-51c994c11f70" executionId="fcbef86a-7ff5-4bba-8421-a7a2074828dc" testListId="409a10ff-dcf8-47ce-b22d-93c20b322586" />
    <TestEntry testId="034988d1-0152-4261-949d-b35b817d7605" executionId="db6c74d5-d2fd-4d51-967b-8db11058f3db" testListId="409a10ff-dcf8-47ce-b22d-93c20b322586" />
    <TestEntry testId="c8cc662e-bb21-4ff6-9a96-24adf4f21b02" executionId="0e0d8fea-ba51-44f2-9803-f703317d7ffc" testListId="409a10ff-dcf8-47ce-b22d-93c20b322586" />
    <TestEntry testId="a388148c-4a98-4ae2-a5d2-7fce3dceb623" executionId="f7b14288-6a1b-4937-968b-b9632ee3d7f7" testListId="409a10ff-dcf8-47ce-b22d-93c20b322586" />
    <TestEntry testId="3b5a7c7f-6b33-4f55-9b52-531ce4310236" executionId="587e0fce-fdc4-475a-95a2-84ef46893c10" testListId="409a10ff-dcf8-47ce-b22d-93c20b322586" />
    <TestEntry testId="e0459e80-9276-41fc-b4a8-6438f2329228" executionId="4e0c7a39-3338-46a0-987d-ba501338fe46" testListId="409a10ff-dcf8-47ce-b22d-93c20b322586" />
    <TestEntry testId="90afcfb8-b545-4e40-a6d6-832e688cb3c2" executionId="1a51f252-f1a5-419e-9d1d-eb71fc845345" testListId="409a10ff-dcf8-47ce-b22d-93c20b322586" />
    <TestEntry testId="7d9d6d80-1dda-421d-be6f-b831b46de668" executionId="3b848722-00e5-4b52-b0c8-bbf052de73eb" testListId="409a10ff-dcf8-47ce-b22d-93c20b322586" />
    <TestEntry testId="437ee52e-7f61-4472-be1f-6c4f00c34b52" executionId="e3e230af-05c7-4a4b-b6d6-c70d6d6f6957" testListId="409a10ff-dcf8-47ce-b22d-93c20b322586" />
    <TestEntry testId="ec4dd02a-edc6-42b3-9a00-0201dec53a3c" executionId="1290cc23-1169-4040-91c0-7497c90460fd" testListId="409a10ff-dcf8-47ce-b22d-93c20b322586" />
    <TestEntry testId="34eeb397-fb82-47a2-b036-f38fb01a26e7" executionId="69dfc17b-b390-4f51-b0e3-94e5f8e140b6" testListId="409a10ff-dcf8-47ce-b22d-93c20b322586" />
    <TestEntry testId="d80ae05d-59ae-4a8a-9b25-63c5f3e48dfc" executionId="0ee05170-52a5-437c-a3c3-521966852281" testListId="409a10ff-dcf8-47ce-b22d-93c20b322586" />
    <TestEntry testId="f41913b3-5048-401e-af25-470240f5b03a" executionId="8c460652-0d0a-4cce-91bb-49563a761db4" testListId="409a10ff-dcf8-47ce-b22d-93c20b322586" />
    <TestEntry testId="694b91b0-81e4-469e-8af0-6eeb9b3f1402" executionId="fc181c23-78d7-47bd-8c48-11b5cf71d221" testListId="409a10ff-dcf8-47ce-b22d-93c20b322586" />
    <TestEntry testId="432c7b29-bb2f-4e55-9c82-916ae927b4ff" executionId="263a731b-8889-4d94-ae73-80388f128f10" testListId="409a10ff-dcf8-47ce-b22d-93c20b322586" />
    <TestEntry testId="1b8a5bd0-69e5-481f-90bc-c5061420f712" executionId="f02c888d-3b67-4a5d-8340-5f7e69ee5b68" testListId="409a10ff-dcf8-47ce-b22d-93c20b322586" />
    <TestEntry testId="2b7fd392-257a-4efc-a5d5-28db90e7cbaa" executionId="9b5630dd-fb08-41f4-8fee-a881ff73e30f" testListId="409a10ff-dcf8-47ce-b22d-93c20b322586" />
    <TestEntry testId="413e2b7c-730e-4e25-854d-07fbb4e02aff" executionId="e8cceffe-560e-450e-8051-e40a81829c91" testListId="409a10ff-dcf8-47ce-b22d-93c20b322586" />
    <TestEntry testId="fabfc95d-0e79-4be0-85f1-c321dbffcc1d" executionId="5b3ca6e8-4736-4b1a-9f80-b7ade3add18e" testListId="409a10ff-dcf8-47ce-b22d-93c20b322586" />
    <TestEntry testId="9823866c-d946-4bb1-ac26-8b63d93349f2" executionId="7fd37bb5-c4cd-4b9f-b50e-6fb1969a3311" testListId="409a10ff-dcf8-47ce-b22d-93c20b322586" />
    <TestEntry testId="b9e3ad1a-a979-4310-a45f-e75fb1dcc5aa" executionId="6b66f4c0-689a-4dc0-8ebc-c30d75eb1eaa" testListId="409a10ff-dcf8-47ce-b22d-93c20b322586" />
    <TestEntry testId="7b1bdcf5-8c50-4678-8119-5bf807e90a81" executionId="699645b4-9db5-4603-86e3-e60213c46098" testListId="409a10ff-dcf8-47ce-b22d-93c20b322586" />
    <TestEntry testId="e6c5871d-3989-4d37-867f-5d64660cbf8e" executionId="6fa6a810-db8f-473e-aeb8-84fbc190563e" testListId="409a10ff-dcf8-47ce-b22d-93c20b322586" />
    <TestEntry testId="44a7de4b-0b00-4711-99e7-84a3669ca678" executionId="32702bfe-7c24-408f-a3c0-6a76720752fd" testListId="409a10ff-dcf8-47ce-b22d-93c20b322586" />
    <TestEntry testId="7b39b2d9-1514-4a19-9ddc-70569492c403" executionId="e3a03c98-3bd4-41ba-8eb1-b65627918308" testListId="409a10ff-dcf8-47ce-b22d-93c20b322586" />
    <TestEntry testId="506d01aa-7cf7-48e0-86b8-3fcb0ad12b42" executionId="00da8c0c-44c9-488e-9a79-7857a6e0cc5d" testListId="409a10ff-dcf8-47ce-b22d-93c20b322586" />
    <TestEntry testId="12fb02c4-edfd-4044-9a1c-0b6bf2e9a470" executionId="70223894-279f-493c-88f4-86eda2aeaa88" testListId="409a10ff-dcf8-47ce-b22d-93c20b322586" />
    <TestEntry testId="1d17cf18-cce5-4bd4-b034-203ca39e40c2" executionId="2fe4e95e-2467-4b44-825c-97518e442f64" testListId="409a10ff-dcf8-47ce-b22d-93c20b322586" />
    <TestEntry testId="a9f768a6-3c2c-47a1-a7db-12887f80898c" executionId="b1dc550b-ab23-458d-9a9b-9210e3a00980" testListId="409a10ff-dcf8-47ce-b22d-93c20b322586" />
    <TestEntry testId="d80bdfcc-f4de-4ea7-a393-5fafaf1d72b2" executionId="cd8b8253-2818-4046-ae26-a5b18504d629" testListId="409a10ff-dcf8-47ce-b22d-93c20b322586" />
    <TestEntry testId="b9720aa3-09a9-4195-a6e4-bb4852bab3d2" executionId="b5819b96-d18b-4691-b609-8c0bceb3cbf5" testListId="409a10ff-dcf8-47ce-b22d-93c20b322586" />
    <TestEntry testId="8df62b98-6314-4075-8921-3a600aab40e5" executionId="3b719cb3-ef81-4dc3-8c99-ed40af264ef5" testListId="409a10ff-dcf8-47ce-b22d-93c20b322586" />
    <TestEntry testId="a767acce-9b44-4789-a870-0d3b199df2b6" executionId="680dc10c-e4db-4cc0-92cb-26a8e86c3604" testListId="409a10ff-dcf8-47ce-b22d-93c20b322586" />
    <TestEntry testId="31897b4e-3658-4ef2-b66a-aa8bbbef4f0f" executionId="feb73023-6102-4fef-9552-40e3755515eb" testListId="409a10ff-dcf8-47ce-b22d-93c20b322586" />
    <TestEntry testId="f85cedce-be92-4ef8-87f6-eb80b486fb95" executionId="a9c284bb-3b89-4bfd-afb9-919af2681e8a" testListId="409a10ff-dcf8-47ce-b22d-93c20b322586" />
    <TestEntry testId="5db43c6a-62c8-466b-8bb5-2d4402f8fefa" executionId="fc5dc308-c3c0-404e-b3ce-30f2c905fb25" testListId="409a10ff-dcf8-47ce-b22d-93c20b322586" />
    <TestEntry testId="99165f10-5f36-4038-901f-b45c7ebeb955" executionId="f3edfa35-884a-4395-8537-73471d38be37" testListId="409a10ff-dcf8-47ce-b22d-93c20b322586" />
    <TestEntry testId="c0028da7-6238-4e39-8a13-0a5f18980e8c" executionId="78ade41c-d078-4df8-8eb3-423f21740124" testListId="409a10ff-dcf8-47ce-b22d-93c20b322586" />
    <TestEntry testId="3d30b2e6-dd19-4553-a67a-ed1ad9cfe2fb" executionId="eb54bee1-409e-40f5-8248-86b96abbcb1a" testListId="409a10ff-dcf8-47ce-b22d-93c20b322586" />
    <TestEntry testId="647da2bd-20f0-465a-bdad-654c39cdb330" executionId="845f42cd-fb0f-4472-b597-90eadc70e3ae" testListId="409a10ff-dcf8-47ce-b22d-93c20b322586" />
    <TestEntry testId="850db065-b7cd-4177-baff-b4fbaca585a8" executionId="582e5393-5379-433f-ae6a-38c02aa6e9db" testListId="409a10ff-dcf8-47ce-b22d-93c20b322586" />
    <TestEntry testId="77410669-39cb-48c9-a323-0ecd67f6b004" executionId="70fb985c-e69d-49d6-84a6-90c1b1e0b361" testListId="409a10ff-dcf8-47ce-b22d-93c20b322586" />
    <TestEntry testId="d2bce379-4ae9-427c-9428-8db283862c57" executionId="94f0cb02-2529-4abc-9873-72be93a25987" testListId="409a10ff-dcf8-47ce-b22d-93c20b322586" />
    <TestEntry testId="58fa376e-b41a-482d-bdc7-6f78245eff86" executionId="a1fc364c-e8c5-4583-a2fc-73f65570e977" testListId="409a10ff-dcf8-47ce-b22d-93c20b322586" />
    <TestEntry testId="923cd4ae-22ca-48f5-9877-10bd987d567c" executionId="7364107c-e23c-43af-8461-27eb9504f5cb" testListId="409a10ff-dcf8-47ce-b22d-93c20b322586" />
    <TestEntry testId="df6160e8-db3c-478f-b339-41d6b3570ecf" executionId="427593d8-bb85-4c7f-8e0c-b524a91f24cf" testListId="409a10ff-dcf8-47ce-b22d-93c20b322586" />
    <TestEntry testId="2dde6f02-179a-4d02-a786-e90382277d57" executionId="66a5daa8-f0d5-487a-8fe6-b8a54a706424" testListId="409a10ff-dcf8-47ce-b22d-93c20b322586" />
    <TestEntry testId="0e2d56e0-eb52-4e82-9d26-52d1699071b9" executionId="c67a2243-db3e-448a-91ca-40dcbd63eab3" testListId="409a10ff-dcf8-47ce-b22d-93c20b322586" />
    <TestEntry testId="d3a32541-9e9c-4e46-be31-c82edddcbdbe" executionId="8071deae-3ef5-4eaf-9530-434286d82902" testListId="409a10ff-dcf8-47ce-b22d-93c20b322586" />
    <TestEntry testId="1c8f8cdc-4ded-42c9-a29a-9c39ce0d40cc" executionId="90349483-d2ed-4af9-a722-3ad80ac3f798" testListId="409a10ff-dcf8-47ce-b22d-93c20b322586" />
    <TestEntry testId="13043705-785d-4c4d-b4fb-62618e062253" executionId="b5d05391-f02b-451b-ad26-044f7accc116" testListId="409a10ff-dcf8-47ce-b22d-93c20b322586" />
    <TestEntry testId="67a9e170-cf7b-4f2a-9c4b-7dc76e7de52c" executionId="7bfc208b-17b8-41e7-b395-2206eb9cf3a3" testListId="409a10ff-dcf8-47ce-b22d-93c20b322586" />
    <TestEntry testId="69704657-6d57-4053-bf2b-2eaed898d1b8" executionId="a356a5f6-79a2-436e-9301-4a1e01653b8b" testListId="409a10ff-dcf8-47ce-b22d-93c20b322586" />
    <TestEntry testId="c6f4e0a3-304a-4633-b74d-37bd5d84a42d" executionId="47da8024-9b0b-4b3d-8e04-d792a3a4d957" testListId="409a10ff-dcf8-47ce-b22d-93c20b322586" />
    <TestEntry testId="6feb22a3-0aff-4af0-9e33-39de345d4faa" executionId="762070c0-be21-454a-8821-05bf76870372" testListId="409a10ff-dcf8-47ce-b22d-93c20b322586" />
    <TestEntry testId="eac91f51-a4cd-40b3-bce3-6e691aab0cc3" executionId="9eb5dd31-3502-42ef-b2f6-dc860f277dcd" testListId="409a10ff-dcf8-47ce-b22d-93c20b322586" />
    <TestEntry testId="28f8bbc0-cbb7-4443-93d1-a3592a4e53ed" executionId="75e854ee-e38b-4fa6-a07a-deb0603c5d1f" testListId="409a10ff-dcf8-47ce-b22d-93c20b322586" />
    <TestEntry testId="68fefe99-1aa6-419d-94da-0c6180b26584" executionId="561b438b-7735-4f78-99e9-4a0578db467f" testListId="409a10ff-dcf8-47ce-b22d-93c20b322586" />
    <TestEntry testId="b5b9fc6b-1fc3-4795-91d4-33581415da5b" executionId="05c01b33-b4d0-4093-bf7a-8e6aabe0807f" testListId="409a10ff-dcf8-47ce-b22d-93c20b322586" />
    <TestEntry testId="6673d038-48b9-4b25-b9bc-2f038ddc36f7" executionId="2acd5cf5-3afe-405e-a3a3-03e95406700a" testListId="409a10ff-dcf8-47ce-b22d-93c20b322586" />
    <TestEntry testId="c8d3efd8-6592-46ba-adb7-a5d9cefa8cb5" executionId="f1655e1e-879e-40ef-87c8-866497c9736d" testListId="409a10ff-dcf8-47ce-b22d-93c20b322586" />
    <TestEntry testId="1ea8e8fa-8ec1-41d7-a73e-de43eef2eb7f" executionId="86601843-9816-41f6-b0f4-479e7d3659db" testListId="409a10ff-dcf8-47ce-b22d-93c20b322586" />
    <TestEntry testId="58fa7775-3c62-4dd9-9677-82cf64a6e340" executionId="25261335-42c4-430a-98b0-d6fbd482eb5b" testListId="409a10ff-dcf8-47ce-b22d-93c20b322586" />
    <TestEntry testId="7527cc6c-4f0b-4f94-9999-9f73634e0691" executionId="eea625de-b128-45ac-9a67-caf72050edcf" testListId="409a10ff-dcf8-47ce-b22d-93c20b322586" />
    <TestEntry testId="c45a30a4-6b8e-4a72-87ba-c62b9a90f3d2" executionId="efd2f9f0-b41e-41f3-9b7b-349d80056a75" testListId="409a10ff-dcf8-47ce-b22d-93c20b322586" />
    <TestEntry testId="eb1bf056-fe16-4d6a-a79f-e74a726859a5" executionId="5ec99f59-0aba-4395-a399-d275fbfb6385" testListId="409a10ff-dcf8-47ce-b22d-93c20b322586" />
    <TestEntry testId="ba45a33f-4fe3-41ff-ad11-172e59f73e7f" executionId="34014836-e0e6-4349-8bc1-61b0948d3f25" testListId="409a10ff-dcf8-47ce-b22d-93c20b322586" />
    <TestEntry testId="0a46d7ba-4172-4f37-8e63-efb376003dd3" executionId="b8ae6510-2be7-4af0-9f29-9e1650021e55" testListId="409a10ff-dcf8-47ce-b22d-93c20b322586" />
    <TestEntry testId="fbd4dbd3-cbe3-4d12-9fe7-1fe78006f973" executionId="3c0f7b85-8121-4752-8e2a-5fbb94e95326" testListId="409a10ff-dcf8-47ce-b22d-93c20b322586" />
    <TestEntry testId="fe608310-d60a-4856-a4f0-f7527079090c" executionId="ab57b767-4f9b-4802-8e9e-972253fa9164" testListId="409a10ff-dcf8-47ce-b22d-93c20b322586" />
    <TestEntry testId="2563749e-66fb-4cf6-a826-bf26713217d6" executionId="0210f2fa-91b0-448c-bbb6-44ebc8f48495" testListId="409a10ff-dcf8-47ce-b22d-93c20b322586" />
    <TestEntry testId="a422c7d1-802c-4588-a09b-d0d548bcba1e" executionId="b431232c-4545-44c1-8f14-5865e53e97ed" testListId="409a10ff-dcf8-47ce-b22d-93c20b322586" />
    <TestEntry testId="92c2bddc-c36f-43cc-8c0e-b5ece58d20df" executionId="b6460217-06a5-4ad5-baa6-5054b18fd240" testListId="409a10ff-dcf8-47ce-b22d-93c20b322586" />
    <TestEntry testId="cab468e1-250d-40bf-af76-a84f9cd3b74c" executionId="b45c457b-5e0a-45e9-884f-9dfa80b8a15d" testListId="409a10ff-dcf8-47ce-b22d-93c20b322586" />
    <TestEntry testId="e9ba2903-99ae-4207-99cb-4e32ec958dca" executionId="29d89c08-2914-422a-9d4b-27c91754a474" testListId="409a10ff-dcf8-47ce-b22d-93c20b322586" />
    <TestEntry testId="a967a89a-d1c1-4714-b1a7-63737b56f5ce" executionId="2d969c27-4a1b-4f93-b1a2-3aae8a3d53b9" testListId="409a10ff-dcf8-47ce-b22d-93c20b322586" />
    <TestEntry testId="23fd5589-ff61-402a-ad9d-362eb92ef2b3" executionId="470afb57-be19-40b2-b929-90018cdc0add" testListId="409a10ff-dcf8-47ce-b22d-93c20b322586" />
    <TestEntry testId="a5d1a362-ffb0-473c-8793-1dcb6c055f10" executionId="d3511654-eb6a-4f8f-8b0d-fa273331ecd4" testListId="409a10ff-dcf8-47ce-b22d-93c20b322586" />
    <TestEntry testId="f98ce00a-1e9f-4914-89e4-ae7819ceee83" executionId="914ab57e-fa5f-432e-b786-41996e1af869" testListId="409a10ff-dcf8-47ce-b22d-93c20b322586" />
    <TestEntry testId="0c5599a3-d5d9-4da4-a81a-0ecc29e67f86" executionId="f92a9f01-bf4d-4448-83db-ee4059128063" testListId="409a10ff-dcf8-47ce-b22d-93c20b322586" />
    <TestEntry testId="438c6b57-72e6-4aed-ac9c-135002efe52c" executionId="60b8bbaf-8d2b-4696-a03f-89e62f8be648" testListId="409a10ff-dcf8-47ce-b22d-93c20b322586" />
    <TestEntry testId="47a408a3-c299-4efc-8481-d64324380aca" executionId="f3da2b8a-ae26-485a-b7f9-ef2baf4c9c25" testListId="409a10ff-dcf8-47ce-b22d-93c20b322586" />
    <TestEntry testId="d95fa189-d112-48e2-8993-a01c91844c30" executionId="d28d9979-4e99-464b-9227-5a02846ee032" testListId="409a10ff-dcf8-47ce-b22d-93c20b322586" />
    <TestEntry testId="727c48f3-04aa-4d9e-a78b-3669d3ded3b5" executionId="4b7d721e-208b-4fd4-b6b5-3168cfad4591" testListId="409a10ff-dcf8-47ce-b22d-93c20b322586" />
    <TestEntry testId="9de93b83-1838-432d-885a-97648e09271f" executionId="f251e78a-d597-42f2-bf32-ab22dccde133" testListId="409a10ff-dcf8-47ce-b22d-93c20b322586" />
    <TestEntry testId="6e3b0b80-2bd7-4dbc-a453-2f169e2fb750" executionId="ad487618-c812-4b13-8306-5d761dbfe511" testListId="409a10ff-dcf8-47ce-b22d-93c20b322586" />
    <TestEntry testId="d1491fff-79c5-4236-8f0f-8382cf8afebc" executionId="e374b868-74e4-400f-a797-e0e5608a68b5" testListId="409a10ff-dcf8-47ce-b22d-93c20b322586" />
  </TestEntries>
  <TestLists>
    <TestList name="Results Not in a List" id="409a10ff-dcf8-47ce-b22d-93c20b322586" />
    <TestList name="All Loaded Results" id="24cc9116-2718-49c4-a63b-ff56fb1fefa6" />
  </TestLists>
</TestRun>