<?xml version="1.0" encoding="UTF-8"?>
<TestRun id="6a0a32b9-cfba-4744-9949-07ac7f4919d4" name="Test Run 42" runUser="Oles Galatsan" xmlns="http://microsoft.com/schemas/VisualStudio/TeamTest/2010">
  <Times creation="2025-05-14T13:20:31.3125482Z" queuing="2025-05-14T13:20:31.3125482Z" start="2025-05-14T13:20:31.3146610Z" finish="2025-05-14T13:25:31.3147553Z" />
  <TestSettings name="Test Settings 42" id="233d9114-ce7e-49b1-9a74-35ac0d22095b" />
  <Results>
    <UnitTestResult executionId="91b0a0b3-4353-4d2b-8667-107c482fb313" testId="87956d17-2517-460c-8178-3a11a5850585" testName="Test4101" computerName="UA-LPT-OGA2" duration="00:00:01.1350000" startTime="2025-05-14T13:20:31.3146610Z" endTime="2025-05-14T13:25:31.3147553Z" testType="13cdc9d9-ddb5-4fa4-a97d-d965ccfc6d4b" outcome="Passed" testListId="7fbf8b1b-c48c-43fb-ac90-d8f7d2b1e2ed" />
    <UnitTestResult executionId="205dd750-67fa-41c5-8b4f-c8bdef7376e3" testId="2c289428-98c3-4994-ac80-187677409376" testName="Test4102" computerName="UA-LPT-OGA2" duration="00:00:01.3930000" startTime="2025-05-14T13:20:31.3146610Z" endTime="2025-05-14T13:25:31.3147553Z" testType="13cdc9d9-ddb5-4fa4-a97d-d965ccfc6d4b" outcome="Passed" testListId="7fbf8b1b-c48c-43fb-ac90-d8f7d2b1e2ed" />
    <UnitTestResult executionId="0c6ab449-a0b5-44ae-a72f-4a7234c25413" testId="bb61218e-4299-42ea-8d82-61b5fddc7984" testName="Test4103" computerName="UA-LPT-OGA2" duration="00:00:01.5210000" startTime="2025-05-14T13:20:31.3146610Z" endTime="2025-05-14T13:25:31.3147553Z" testType="13cdc9d9-ddb5-4fa4-a97d-d965ccfc6d4b" outcome="Passed" testListId="7fbf8b1b-c48c-43fb-ac90-d8f7d2b1e2ed" />
    <UnitTestResult executionId="23bba8f6-4b2b-49ec-942f-d0930637b1d6" testId="3c47ecb6-364f-43f1-8828-cf1c4a188e0a" testName="Test4104" computerName="UA-LPT-OGA2" duration="00:00:01.0360000" startTime="2025-05-14T13:20:31.3146610Z" endTime="2025-05-14T13:25:31.3147553Z" testType="13cdc9d9-ddb5-4fa4-a97d-d965ccfc6d4b" outcome="Passed" testListId="7fbf8b1b-c48c-43fb-ac90-d8f7d2b1e2ed" />
    <UnitTestResult executionId="9959ca04-1765-4ac5-831f-cd8f168beee6" testId="e3daede5-a722-408a-acf8-1247bf40363c" testName="Test4105" computerName="UA-LPT-OGA2" duration="00:00:01.2890000" startTime="2025-05-14T13:20:31.3146610Z" endTime="2025-05-14T13:25:31.3147553Z" testType="13cdc9d9-ddb5-4fa4-a97d-d965ccfc6d4b" outcome="Passed" testListId="7fbf8b1b-c48c-43fb-ac90-d8f7d2b1e2ed" />
    <UnitTestResult executionId="c75d19ff-86cb-4bfd-95da-f0572f3e88eb" testId="77682097-29fc-4697-ab2c-45c56aa0d433" testName="Test4106" computerName="UA-LPT-OGA2" duration="00:00:00.6460000" startTime="2025-05-14T13:20:31.3146610Z" endTime="2025-05-14T13:25:31.3147553Z" testType="13cdc9d9-ddb5-4fa4-a97d-d965ccfc6d4b" outcome="Passed" testListId="7fbf8b1b-c48c-43fb-ac90-d8f7d2b1e2ed" />
    <UnitTestResult executionId="b5cf2b58-ecb2-4cc4-90cc-69cf343b67e7" testId="10c76c99-9c08-445c-9d3a-fcd93d90280a" testName="Test4107" computerName="UA-LPT-OGA2" duration="00:00:00.3820000" startTime="2025-05-14T13:20:31.3146610Z" endTime="2025-05-14T13:25:31.3147553Z" testType="13cdc9d9-ddb5-4fa4-a97d-d965ccfc6d4b" outcome="Passed" testListId="7fbf8b1b-c48c-43fb-ac90-d8f7d2b1e2ed" />
    <UnitTestResult executionId="1cc15112-c65f-4d59-81ad-feb74dd8bcac" testId="d63deffb-2ec4-424c-9513-6f434439692f" testName="Test4108" computerName="UA-LPT-OGA2" duration="00:00:01.6940000" startTime="2025-05-14T13:20:31.3146610Z" endTime="2025-05-14T13:25:31.3147553Z" testType="13cdc9d9-ddb5-4fa4-a97d-d965ccfc6d4b" outcome="Passed" testListId="7fbf8b1b-c48c-43fb-ac90-d8f7d2b1e2ed" />
    <UnitTestResult executionId="70ec2205-897f-44d9-8854-a4475b37e319" testId="5001a01f-d094-4dc5-8ff4-6342e6cafa0d" testName="Test4109" computerName="UA-LPT-OGA2" duration="00:00:01.3630000" startTime="2025-05-14T13:20:31.3146610Z" endTime="2025-05-14T13:25:31.3147553Z" testType="13cdc9d9-ddb5-4fa4-a97d-d965ccfc6d4b" outcome="Passed" testListId="7fbf8b1b-c48c-43fb-ac90-d8f7d2b1e2ed" />
    <UnitTestResult executionId="eee85ad0-a07d-4963-b2db-1806c6d9241e" testId="31653ccb-90e5-48b0-b109-5ea22b05e0f6" testName="Test4110" computerName="UA-LPT-OGA2" duration="00:00:01.1500000" startTime="2025-05-14T13:20:31.3146610Z" endTime="2025-05-14T13:25:31.3147553Z" testType="13cdc9d9-ddb5-4fa4-a97d-d965ccfc6d4b" outcome="Passed" testListId="7fbf8b1b-c48c-43fb-ac90-d8f7d2b1e2ed" />
    <UnitTestResult executionId="2a7f502f-223d-4593-b790-dc9c6ca0c20a" testId="e647d5d2-5542-4358-9336-341d0841171d" testName="Test4111" computerName="UA-LPT-OGA2" duration="00:00:00.4770000" startTime="2025-05-14T13:20:31.3146610Z" endTime="2025-05-14T13:25:31.3147553Z" testType="13cdc9d9-ddb5-4fa4-a97d-d965ccfc6d4b" outcome="Passed" testListId="7fbf8b1b-c48c-43fb-ac90-d8f7d2b1e2ed" />
    <UnitTestResult executionId="dbbc32e8-1f8a-462c-861f-8370cb483e14" testId="3ccba572-db18-4572-91b4-3ea4524df006" testName="Test4112" computerName="UA-LPT-OGA2" duration="00:00:01.8760000" startTime="2025-05-14T13:20:31.3146610Z" endTime="2025-05-14T13:25:31.3147553Z" testType="13cdc9d9-ddb5-4fa4-a97d-d965ccfc6d4b" outcome="Passed" testListId="7fbf8b1b-c48c-43fb-ac90-d8f7d2b1e2ed" />
    <UnitTestResult executionId="ede7a57a-e9c4-405f-ad0d-3fbac99edc61" testId="54c66a1e-725c-4ac8-8f71-b76517798d74" testName="Test4113" computerName="UA-LPT-OGA2" duration="00:00:00.5800000" startTime="2025-05-14T13:20:31.3146610Z" endTime="2025-05-14T13:25:31.3147553Z" testType="13cdc9d9-ddb5-4fa4-a97d-d965ccfc6d4b" outcome="Passed" testListId="7fbf8b1b-c48c-43fb-ac90-d8f7d2b1e2ed" />
    <UnitTestResult executionId="fbd10412-49ca-4bc1-80da-93714f43e562" testId="29bc5c31-c45a-4b6f-93dc-ff23fdfec39a" testName="Test4114" computerName="UA-LPT-OGA2" duration="00:00:00.8620000" startTime="2025-05-14T13:20:31.3146610Z" endTime="2025-05-14T13:25:31.3147553Z" testType="13cdc9d9-ddb5-4fa4-a97d-d965ccfc6d4b" outcome="Passed" testListId="7fbf8b1b-c48c-43fb-ac90-d8f7d2b1e2ed" />
    <UnitTestResult executionId="ee0568f8-527a-4667-a2df-7a24025bf6d4" testId="2db43ccd-d195-4a55-95bc-5faee176be7c" testName="Test4115" computerName="UA-LPT-OGA2" duration="00:00:00.3380000" startTime="2025-05-14T13:20:31.3146610Z" endTime="2025-05-14T13:25:31.3147553Z" testType="13cdc9d9-ddb5-4fa4-a97d-d965ccfc6d4b" outcome="Passed" testListId="7fbf8b1b-c48c-43fb-ac90-d8f7d2b1e2ed" />
    <UnitTestResult executionId="b7f244ee-776d-437d-93ef-86e496a3f1c0" testId="9e6b1e4a-4218-4d58-8cce-00fd7ce0328a" testName="Test4116" computerName="UA-LPT-OGA2" duration="00:00:01.9390000" startTime="2025-05-14T13:20:31.3146610Z" endTime="2025-05-14T13:25:31.3147553Z" testType="13cdc9d9-ddb5-4fa4-a97d-d965ccfc6d4b" outcome="Passed" testListId="7fbf8b1b-c48c-43fb-ac90-d8f7d2b1e2ed" />
    <UnitTestResult executionId="582932f9-68fc-4e14-9a35-84f0f302e531" testId="2d6efdbf-393c-4194-a1ed-aa4e61bf1473" testName="Test4117" computerName="UA-LPT-OGA2" duration="00:00:01.6170000" startTime="2025-05-14T13:20:31.3146610Z" endTime="2025-05-14T13:25:31.3147553Z" testType="13cdc9d9-ddb5-4fa4-a97d-d965ccfc6d4b" outcome="Passed" testListId="7fbf8b1b-c48c-43fb-ac90-d8f7d2b1e2ed" />
    <UnitTestResult executionId="12f3ce6c-799c-4b8a-9036-81f2afecab46" testId="f78f990b-e936-4776-bce0-dd70491f7f03" testName="Test4118" computerName="UA-LPT-OGA2" duration="00:00:01.3550000" startTime="2025-05-14T13:20:31.3146610Z" endTime="2025-05-14T13:25:31.3147553Z" testType="13cdc9d9-ddb5-4fa4-a97d-d965ccfc6d4b" outcome="Passed" testListId="7fbf8b1b-c48c-43fb-ac90-d8f7d2b1e2ed" />
    <UnitTestResult executionId="27f46096-9201-43f0-acf7-c8d9234cf0c3" testId="be62e0d5-d5ea-42e2-b81d-64bb1437e006" testName="Test4119" computerName="UA-LPT-OGA2" duration="00:00:00.9610000" startTime="2025-05-14T13:20:31.3146610Z" endTime="2025-05-14T13:25:31.3147553Z" testType="13cdc9d9-ddb5-4fa4-a97d-d965ccfc6d4b" outcome="Passed" testListId="7fbf8b1b-c48c-43fb-ac90-d8f7d2b1e2ed" />
    <UnitTestResult executionId="d52f1acd-ed94-473d-83a5-f600d06fbcfe" testId="74d2017d-ae20-43d9-95d3-db8f4544f3f4" testName="Test4120" computerName="UA-LPT-OGA2" duration="00:00:00.4980000" startTime="2025-05-14T13:20:31.3146610Z" endTime="2025-05-14T13:25:31.3147553Z" testType="13cdc9d9-ddb5-4fa4-a97d-d965ccfc6d4b" outcome="Passed" testListId="7fbf8b1b-c48c-43fb-ac90-d8f7d2b1e2ed" />
    <UnitTestResult executionId="1bb53c4b-dd0e-4812-a9b1-d6aaf7079e45" testId="3fdaa444-50f6-4540-915c-59e799290664" testName="Test4121" computerName="UA-LPT-OGA2" duration="00:00:01.2860000" startTime="2025-05-14T13:20:31.3146610Z" endTime="2025-05-14T13:25:31.3147553Z" testType="13cdc9d9-ddb5-4fa4-a97d-d965ccfc6d4b" outcome="Passed" testListId="7fbf8b1b-c48c-43fb-ac90-d8f7d2b1e2ed" />
    <UnitTestResult executionId="fe136835-4bfb-4c96-b3a2-83fea62e2811" testId="c81269e7-ff49-4871-a7c2-d8506bdf98d3" testName="Test4122" computerName="UA-LPT-OGA2" duration="00:00:00.5650000" startTime="2025-05-14T13:20:31.3146610Z" endTime="2025-05-14T13:25:31.3147553Z" testType="13cdc9d9-ddb5-4fa4-a97d-d965ccfc6d4b" outcome="Passed" testListId="7fbf8b1b-c48c-43fb-ac90-d8f7d2b1e2ed" />
    <UnitTestResult executionId="fd5ea0ce-974f-415c-8def-2f260cc82abe" testId="5295de8a-05bf-43db-9c1d-3ff47a702d99" testName="Test4123" computerName="UA-LPT-OGA2" duration="00:00:01.2130000" startTime="2025-05-14T13:20:31.3146610Z" endTime="2025-05-14T13:25:31.3147553Z" testType="13cdc9d9-ddb5-4fa4-a97d-d965ccfc6d4b" outcome="Passed" testListId="7fbf8b1b-c48c-43fb-ac90-d8f7d2b1e2ed" />
    <UnitTestResult executionId="36135bef-bc57-497e-9868-17dbfa0d9c96" testId="b517987c-3c42-4876-b838-25746eed1a2e" testName="Test4124" computerName="UA-LPT-OGA2" duration="00:00:00.9160000" startTime="2025-05-14T13:20:31.3146610Z" endTime="2025-05-14T13:25:31.3147553Z" testType="13cdc9d9-ddb5-4fa4-a97d-d965ccfc6d4b" outcome="Failed" testListId="7fbf8b1b-c48c-43fb-ac90-d8f7d2b1e2ed">
      <Output>
        <ErrorInfo>
          <Message>Assertion failed: Expected value did not match actual value.</Message>
          <StackTrace>   at TestNamespace.TestClass.Test() in TestClass.cs:line 496</StackTrace>
        </ErrorInfo>
      </Output>
    </UnitTestResult>
    <UnitTestResult executionId="d8e18aad-25cd-46eb-b432-7e7d527051b1" testId="e26729c9-50d9-47f5-8769-0e8e33449604" testName="Test4125" computerName="UA-LPT-OGA2" duration="00:00:01.4380000" startTime="2025-05-14T13:20:31.3146610Z" endTime="2025-05-14T13:25:31.3147553Z" testType="13cdc9d9-ddb5-4fa4-a97d-d965ccfc6d4b" outcome="Failed" testListId="7fbf8b1b-c48c-43fb-ac90-d8f7d2b1e2ed">
      <Output>
        <ErrorInfo>
          <Message>Assertion failed: Expected value did not match actual value.</Message>
          <StackTrace>   at TestNamespace.TestClass.Test() in TestClass.cs:line 62</StackTrace>
        </ErrorInfo>
      </Output>
    </UnitTestResult>
    <UnitTestResult executionId="e018ca0f-f0ec-406d-9d3c-ae9ba97af1bb" testId="4ed5672f-69a4-4a3a-bf0b-55d10472e973" testName="Test4126" computerName="UA-LPT-OGA2" duration="00:00:00.3740000" startTime="2025-05-14T13:20:31.3146610Z" endTime="2025-05-14T13:25:31.3147553Z" testType="13cdc9d9-ddb5-4fa4-a97d-d965ccfc6d4b" outcome="Passed" testListId="7fbf8b1b-c48c-43fb-ac90-d8f7d2b1e2ed" />
    <UnitTestResult executionId="4dd7a1d3-d65e-4b93-bb97-6bbc168d771d" testId="10a36040-2966-4b78-b31a-751f600ba4d9" testName="Test4127" computerName="UA-LPT-OGA2" duration="00:00:01.2120000" startTime="2025-05-14T13:20:31.3146610Z" endTime="2025-05-14T13:25:31.3147553Z" testType="13cdc9d9-ddb5-4fa4-a97d-d965ccfc6d4b" outcome="Passed" testListId="7fbf8b1b-c48c-43fb-ac90-d8f7d2b1e2ed" />
    <UnitTestResult executionId="256bd4c1-aebd-4b2f-b1b5-970eba795e2f" testId="e9b49c24-deb0-4d4d-b9bb-02e56642972e" testName="Test4128" computerName="UA-LPT-OGA2" duration="00:00:00.6400000" startTime="2025-05-14T13:20:31.3146610Z" endTime="2025-05-14T13:25:31.3147553Z" testType="13cdc9d9-ddb5-4fa4-a97d-d965ccfc6d4b" outcome="Passed" testListId="7fbf8b1b-c48c-43fb-ac90-d8f7d2b1e2ed" />
    <UnitTestResult executionId="4fbda6e2-e4b4-4448-9306-ac3e996cc71d" testId="b0f1ec40-47e2-482d-be5e-9a06253c053b" testName="Test4129" computerName="UA-LPT-OGA2" duration="00:00:00.3590000" startTime="2025-05-14T13:20:31.3146610Z" endTime="2025-05-14T13:25:31.3147553Z" testType="13cdc9d9-ddb5-4fa4-a97d-d965ccfc6d4b" outcome="Passed" testListId="7fbf8b1b-c48c-43fb-ac90-d8f7d2b1e2ed" />
    <UnitTestResult executionId="d16fee09-784d-4b4b-885c-9f93d794f448" testId="26ddb5d8-830a-4b42-b006-9513b040af9e" testName="Test4130" computerName="UA-LPT-OGA2" duration="00:00:01.4340000" startTime="2025-05-14T13:20:31.3146610Z" endTime="2025-05-14T13:25:31.3147553Z" testType="13cdc9d9-ddb5-4fa4-a97d-d965ccfc6d4b" outcome="Passed" testListId="7fbf8b1b-c48c-43fb-ac90-d8f7d2b1e2ed" />
    <UnitTestResult executionId="f5e81683-781e-4092-9f1c-489b394cae1f" testId="d54e1f0a-1fb4-42fa-91c3-eab38fa10523" testName="Test4131" computerName="UA-LPT-OGA2" duration="00:00:01.9110000" startTime="2025-05-14T13:20:31.3146610Z" endTime="2025-05-14T13:25:31.3147553Z" testType="13cdc9d9-ddb5-4fa4-a97d-d965ccfc6d4b" outcome="Passed" testListId="7fbf8b1b-c48c-43fb-ac90-d8f7d2b1e2ed" />
    <UnitTestResult executionId="ca2642c0-e9ca-4f93-a8a0-5ae6561e9e97" testId="20d0ce56-6a9b-4657-943d-3320bca069df" testName="Test4132" computerName="UA-LPT-OGA2" duration="00:00:00.0590000" startTime="2025-05-14T13:20:31.3146610Z" endTime="2025-05-14T13:25:31.3147553Z" testType="13cdc9d9-ddb5-4fa4-a97d-d965ccfc6d4b" outcome="Passed" testListId="7fbf8b1b-c48c-43fb-ac90-d8f7d2b1e2ed" />
    <UnitTestResult executionId="e7f08a93-3594-49ee-b6f4-7a7bf5a0b78b" testId="0dff883a-6d8f-40c9-95dc-2aff2f8e3d68" testName="Test4133" computerName="UA-LPT-OGA2" duration="00:00:01.3590000" startTime="2025-05-14T13:20:31.3146610Z" endTime="2025-05-14T13:25:31.3147553Z" testType="13cdc9d9-ddb5-4fa4-a97d-d965ccfc6d4b" outcome="Passed" testListId="7fbf8b1b-c48c-43fb-ac90-d8f7d2b1e2ed" />
    <UnitTestResult executionId="0cc303f3-28f0-4ba2-ad05-99e7545ba64e" testId="42690c2e-ba2b-4979-8e35-bb1790258191" testName="Test4134" computerName="UA-LPT-OGA2" duration="00:00:00.7750000" startTime="2025-05-14T13:20:31.3146610Z" endTime="2025-05-14T13:25:31.3147553Z" testType="13cdc9d9-ddb5-4fa4-a97d-d965ccfc6d4b" outcome="Passed" testListId="7fbf8b1b-c48c-43fb-ac90-d8f7d2b1e2ed" />
    <UnitTestResult executionId="9c122d44-355b-4d6a-b8ee-5f04f8eaf196" testId="ce0b8f0a-20ba-4535-ad51-4aa88e8ad3b6" testName="Test4135" computerName="UA-LPT-OGA2" duration="00:00:00.5950000" startTime="2025-05-14T13:20:31.3146610Z" endTime="2025-05-14T13:25:31.3147553Z" testType="13cdc9d9-ddb5-4fa4-a97d-d965ccfc6d4b" outcome="Passed" testListId="7fbf8b1b-c48c-43fb-ac90-d8f7d2b1e2ed" />
    <UnitTestResult executionId="858a681e-d7ae-4a11-bb9b-05332d7ae226" testId="a1ebb4a2-29e0-4494-a61d-9701cd40002d" testName="Test4136" computerName="UA-LPT-OGA2" duration="00:00:00.6040000" startTime="2025-05-14T13:20:31.3146610Z" endTime="2025-05-14T13:25:31.3147553Z" testType="13cdc9d9-ddb5-4fa4-a97d-d965ccfc6d4b" outcome="Passed" testListId="7fbf8b1b-c48c-43fb-ac90-d8f7d2b1e2ed" />
    <UnitTestResult executionId="1f854c6b-0cb3-4860-a86f-6279e46dc1bc" testId="1f73248f-e428-4f5b-9a4c-5395ac63fa1a" testName="Test4137" computerName="UA-LPT-OGA2" duration="00:00:00.6570000" startTime="2025-05-14T13:20:31.3146610Z" endTime="2025-05-14T13:25:31.3147553Z" testType="13cdc9d9-ddb5-4fa4-a97d-d965ccfc6d4b" outcome="Passed" testListId="7fbf8b1b-c48c-43fb-ac90-d8f7d2b1e2ed" />
    <UnitTestResult executionId="7331dc13-a339-494e-ab30-3ea64a228106" testId="95a8a482-aca9-43f7-9391-dbb5f80f42bd" testName="Test4138" computerName="UA-LPT-OGA2" duration="00:00:00.3500000" startTime="2025-05-14T13:20:31.3146610Z" endTime="2025-05-14T13:25:31.3147553Z" testType="13cdc9d9-ddb5-4fa4-a97d-d965ccfc6d4b" outcome="Passed" testListId="7fbf8b1b-c48c-43fb-ac90-d8f7d2b1e2ed" />
    <UnitTestResult executionId="4793e9c0-a232-44cd-b122-e973d2ba858e" testId="448d0dfc-4c46-4c52-bc6c-f47583093d51" testName="Test4139" computerName="UA-LPT-OGA2" duration="00:00:01.6430000" startTime="2025-05-14T13:20:31.3146610Z" endTime="2025-05-14T13:25:31.3147553Z" testType="13cdc9d9-ddb5-4fa4-a97d-d965ccfc6d4b" outcome="Passed" testListId="7fbf8b1b-c48c-43fb-ac90-d8f7d2b1e2ed" />
    <UnitTestResult executionId="376e6eca-188b-46ae-b217-7c71d6f39a96" testId="8ed351a8-174e-4103-be61-43cecc31b343" testName="Test4140" computerName="UA-LPT-OGA2" duration="00:00:01.0380000" startTime="2025-05-14T13:20:31.3146610Z" endTime="2025-05-14T13:25:31.3147553Z" testType="13cdc9d9-ddb5-4fa4-a97d-d965ccfc6d4b" outcome="Passed" testListId="7fbf8b1b-c48c-43fb-ac90-d8f7d2b1e2ed" />
    <UnitTestResult executionId="0fd083da-cd50-4ec2-9799-58d07dd4f359" testId="e12fea30-c82a-4491-94c6-58bc277ce45e" testName="Test4141" computerName="UA-LPT-OGA2" duration="00:00:01.7870000" startTime="2025-05-14T13:20:31.3146610Z" endTime="2025-05-14T13:25:31.3147553Z" testType="13cdc9d9-ddb5-4fa4-a97d-d965ccfc6d4b" outcome="Passed" testListId="7fbf8b1b-c48c-43fb-ac90-d8f7d2b1e2ed" />
    <UnitTestResult executionId="55aa5ef0-59a2-4d01-b0ad-09f6666ec29b" testId="f6189846-3783-487a-a8ac-8fd2db3e55c8" testName="Test4142" computerName="UA-LPT-OGA2" duration="00:00:01.4690000" startTime="2025-05-14T13:20:31.3146610Z" endTime="2025-05-14T13:25:31.3147553Z" testType="13cdc9d9-ddb5-4fa4-a97d-d965ccfc6d4b" outcome="Passed" testListId="7fbf8b1b-c48c-43fb-ac90-d8f7d2b1e2ed" />
    <UnitTestResult executionId="4f05f5df-5d3c-45a4-8a7e-b0baedc70f5e" testId="c900044d-eefb-4ae4-851b-6a28e32d270f" testName="Test4143" computerName="UA-LPT-OGA2" duration="00:00:01.0190000" startTime="2025-05-14T13:20:31.3146610Z" endTime="2025-05-14T13:25:31.3147553Z" testType="13cdc9d9-ddb5-4fa4-a97d-d965ccfc6d4b" outcome="Passed" testListId="7fbf8b1b-c48c-43fb-ac90-d8f7d2b1e2ed" />
    <UnitTestResult executionId="161d8507-e5f2-4a32-83e3-a8fdad6308ee" testId="b6c6afb5-0083-409a-bb71-c84298a2202c" testName="Test4144" computerName="UA-LPT-OGA2" duration="00:00:01.1900000" startTime="2025-05-14T13:20:31.3146610Z" endTime="2025-05-14T13:25:31.3147553Z" testType="13cdc9d9-ddb5-4fa4-a97d-d965ccfc6d4b" outcome="Passed" testListId="7fbf8b1b-c48c-43fb-ac90-d8f7d2b1e2ed" />
    <UnitTestResult executionId="dad3b56a-7a08-4fdb-9c8f-260b2da7bd5f" testId="e944b514-efdd-46d6-a487-1edee8f2c933" testName="Test4145" computerName="UA-LPT-OGA2" duration="00:00:00.8020000" startTime="2025-05-14T13:20:31.3146610Z" endTime="2025-05-14T13:25:31.3147553Z" testType="13cdc9d9-ddb5-4fa4-a97d-d965ccfc6d4b" outcome="Passed" testListId="7fbf8b1b-c48c-43fb-ac90-d8f7d2b1e2ed" />
    <UnitTestResult executionId="afa13fb8-971e-4a25-8037-ebe5f098ccfa" testId="bf90ec42-5473-47ab-88ce-c8b69b93f42b" testName="Test4146" computerName="UA-LPT-OGA2" duration="00:00:00.4730000" startTime="2025-05-14T13:20:31.3146610Z" endTime="2025-05-14T13:25:31.3147553Z" testType="13cdc9d9-ddb5-4fa4-a97d-d965ccfc6d4b" outcome="Passed" testListId="7fbf8b1b-c48c-43fb-ac90-d8f7d2b1e2ed" />
    <UnitTestResult executionId="b41a51c4-45a6-4f55-b6ed-fd17eac73775" testId="ea888c18-d2ae-41b6-a50e-73c27fe0b2ad" testName="Test4147" computerName="UA-LPT-OGA2" duration="00:00:00.7270000" startTime="2025-05-14T13:20:31.3146610Z" endTime="2025-05-14T13:25:31.3147553Z" testType="13cdc9d9-ddb5-4fa4-a97d-d965ccfc6d4b" outcome="Passed" testListId="7fbf8b1b-c48c-43fb-ac90-d8f7d2b1e2ed" />
    <UnitTestResult executionId="12ee0b1b-9cda-44e6-9791-dcfe6ba641ac" testId="fe794b19-3f95-421d-a731-a1fe9905832d" testName="Test4148" computerName="UA-LPT-OGA2" duration="00:00:00.5780000" startTime="2025-05-14T13:20:31.3146610Z" endTime="2025-05-14T13:25:31.3147553Z" testType="13cdc9d9-ddb5-4fa4-a97d-d965ccfc6d4b" outcome="Inconclusive" testListId="7fbf8b1b-c48c-43fb-ac90-d8f7d2b1e2ed" />
    <UnitTestResult executionId="37b8a4bc-540d-4c35-9ef9-8164e48d5d9e" testId="ff5a5553-9f4c-43ee-8141-be7f80dc3b93" testName="Test4149" computerName="UA-LPT-OGA2" duration="00:00:00.8010000" startTime="2025-05-14T13:20:31.3146610Z" endTime="2025-05-14T13:25:31.3147553Z" testType="13cdc9d9-ddb5-4fa4-a97d-d965ccfc6d4b" outcome="Passed" testListId="7fbf8b1b-c48c-43fb-ac90-d8f7d2b1e2ed" />
    <UnitTestResult executionId="d461194e-1ca4-4c13-87cc-5888cbe0c43f" testId="712c29c2-ee82-4e9a-870d-7a523c903ff3" testName="Test4150" computerName="UA-LPT-OGA2" duration="00:00:00.8620000" startTime="2025-05-14T13:20:31.3146610Z" endTime="2025-05-14T13:25:31.3147553Z" testType="13cdc9d9-ddb5-4fa4-a97d-d965ccfc6d4b" outcome="Passed" testListId="7fbf8b1b-c48c-43fb-ac90-d8f7d2b1e2ed" />
    <UnitTestResult executionId="42031a6e-b9ed-4e1d-a9cf-38dd7e6ab31b" testId="c4b8c1e1-f067-44d4-a6c9-c4fbb3ecf85c" testName="Test4151" computerName="UA-LPT-OGA2" duration="00:00:00.1620000" startTime="2025-05-14T13:20:31.3146610Z" endTime="2025-05-14T13:25:31.3147553Z" testType="13cdc9d9-ddb5-4fa4-a97d-d965ccfc6d4b" outcome="Passed" testListId="7fbf8b1b-c48c-43fb-ac90-d8f7d2b1e2ed" />
    <UnitTestResult executionId="6bffe6b6-9aa4-45e4-a492-9195c59af4c7" testId="e87166da-c821-42b4-900e-fc16501a49b3" testName="Test4152" computerName="UA-LPT-OGA2" duration="00:00:01.3630000" startTime="2025-05-14T13:20:31.3146610Z" endTime="2025-05-14T13:25:31.3147553Z" testType="13cdc9d9-ddb5-4fa4-a97d-d965ccfc6d4b" outcome="Passed" testListId="7fbf8b1b-c48c-43fb-ac90-d8f7d2b1e2ed" />
    <UnitTestResult executionId="7a4dd78d-2758-45d4-aba2-570ea95082b3" testId="981839fe-5cae-43e2-997c-ee4a19a9471a" testName="Test4153" computerName="UA-LPT-OGA2" duration="00:00:01.2080000" startTime="2025-05-14T13:20:31.3146610Z" endTime="2025-05-14T13:25:31.3147553Z" testType="13cdc9d9-ddb5-4fa4-a97d-d965ccfc6d4b" outcome="Passed" testListId="7fbf8b1b-c48c-43fb-ac90-d8f7d2b1e2ed" />
    <UnitTestResult executionId="ae756d64-782a-4d43-9733-019814a955b7" testId="07526346-5664-4e29-bc23-4aabb2e05f24" testName="Test4154" computerName="UA-LPT-OGA2" duration="00:00:01.7380000" startTime="2025-05-14T13:20:31.3146610Z" endTime="2025-05-14T13:25:31.3147553Z" testType="13cdc9d9-ddb5-4fa4-a97d-d965ccfc6d4b" outcome="Passed" testListId="7fbf8b1b-c48c-43fb-ac90-d8f7d2b1e2ed" />
    <UnitTestResult executionId="dc9d27aa-e39f-4a50-bd3d-dac7cdd46d50" testId="74cb3bae-aadb-4629-ba9c-b032925a3ab8" testName="Test4155" computerName="UA-LPT-OGA2" duration="00:00:00.8200000" startTime="2025-05-14T13:20:31.3146610Z" endTime="2025-05-14T13:25:31.3147553Z" testType="13cdc9d9-ddb5-4fa4-a97d-d965ccfc6d4b" outcome="Passed" testListId="7fbf8b1b-c48c-43fb-ac90-d8f7d2b1e2ed" />
    <UnitTestResult executionId="c908e148-663d-463c-aefc-48336db1dd98" testId="7ab7a3bf-1439-4a92-bc68-5e7a5c7d7f16" testName="Test4156" computerName="UA-LPT-OGA2" duration="00:00:01.4450000" startTime="2025-05-14T13:20:31.3146610Z" endTime="2025-05-14T13:25:31.3147553Z" testType="13cdc9d9-ddb5-4fa4-a97d-d965ccfc6d4b" outcome="Passed" testListId="7fbf8b1b-c48c-43fb-ac90-d8f7d2b1e2ed" />
    <UnitTestResult executionId="ab9cfb16-97f4-42c8-83ca-1e34870b22e9" testId="4eb3b602-7108-41ee-93f5-1aa8774f0db9" testName="Test4157" computerName="UA-LPT-OGA2" duration="00:00:00.8470000" startTime="2025-05-14T13:20:31.3146610Z" endTime="2025-05-14T13:25:31.3147553Z" testType="13cdc9d9-ddb5-4fa4-a97d-d965ccfc6d4b" outcome="Passed" testListId="7fbf8b1b-c48c-43fb-ac90-d8f7d2b1e2ed" />
    <UnitTestResult executionId="ad81aa00-c6f7-4850-96d4-c94f6051d648" testId="68e8186a-cfb1-4a2a-8165-0baae8451f70" testName="Test4158" computerName="UA-LPT-OGA2" duration="00:00:00.0140000" startTime="2025-05-14T13:20:31.3146610Z" endTime="2025-05-14T13:25:31.3147553Z" testType="13cdc9d9-ddb5-4fa4-a97d-d965ccfc6d4b" outcome="Passed" testListId="7fbf8b1b-c48c-43fb-ac90-d8f7d2b1e2ed" />
    <UnitTestResult executionId="9ff8f226-dc58-44d5-b673-9d3ef44799db" testId="5b2fb188-8f87-4734-a2b3-8300edcd471d" testName="Test4159" computerName="UA-LPT-OGA2" duration="00:00:00.1210000" startTime="2025-05-14T13:20:31.3146610Z" endTime="2025-05-14T13:25:31.3147553Z" testType="13cdc9d9-ddb5-4fa4-a97d-d965ccfc6d4b" outcome="Passed" testListId="7fbf8b1b-c48c-43fb-ac90-d8f7d2b1e2ed" />
    <UnitTestResult executionId="3688d8be-f6ab-40cb-a47d-f1bde531ad94" testId="e34ce605-3f5a-44e5-94ee-c8bd79c30f46" testName="Test4160" computerName="UA-LPT-OGA2" duration="00:00:00.8020000" startTime="2025-05-14T13:20:31.3146610Z" endTime="2025-05-14T13:25:31.3147553Z" testType="13cdc9d9-ddb5-4fa4-a97d-d965ccfc6d4b" outcome="Passed" testListId="7fbf8b1b-c48c-43fb-ac90-d8f7d2b1e2ed" />
    <UnitTestResult executionId="04db82e7-04a8-4eea-b0bb-5dc7afdfbc5e" testId="663b2324-529a-4275-92e6-296d13ac8c7f" testName="Test4161" computerName="UA-LPT-OGA2" duration="00:00:00.3930000" startTime="2025-05-14T13:20:31.3146610Z" endTime="2025-05-14T13:25:31.3147553Z" testType="13cdc9d9-ddb5-4fa4-a97d-d965ccfc6d4b" outcome="Passed" testListId="7fbf8b1b-c48c-43fb-ac90-d8f7d2b1e2ed" />
    <UnitTestResult executionId="b0cc00bc-ea16-429a-a46e-e1bc1720ea44" testId="595b0f32-9138-4c46-8f5a-bfcf13f380fb" testName="Test4162" computerName="UA-LPT-OGA2" duration="00:00:01.0700000" startTime="2025-05-14T13:20:31.3146610Z" endTime="2025-05-14T13:25:31.3147553Z" testType="13cdc9d9-ddb5-4fa4-a97d-d965ccfc6d4b" outcome="Passed" testListId="7fbf8b1b-c48c-43fb-ac90-d8f7d2b1e2ed" />
    <UnitTestResult executionId="9f09f86d-54c3-4915-bc79-f769a1e47768" testId="30efd494-4a3c-4a07-8f6c-86ea18081713" testName="Test4163" computerName="UA-LPT-OGA2" duration="00:00:01.9360000" startTime="2025-05-14T13:20:31.3146610Z" endTime="2025-05-14T13:25:31.3147553Z" testType="13cdc9d9-ddb5-4fa4-a97d-d965ccfc6d4b" outcome="Passed" testListId="7fbf8b1b-c48c-43fb-ac90-d8f7d2b1e2ed" />
    <UnitTestResult executionId="79d03588-fa50-4d12-8a4a-e4b9f2758fcd" testId="f903bcc3-5071-4822-93e5-355820140a3a" testName="Test4164" computerName="UA-LPT-OGA2" duration="00:00:00.0110000" startTime="2025-05-14T13:20:31.3146610Z" endTime="2025-05-14T13:25:31.3147553Z" testType="13cdc9d9-ddb5-4fa4-a97d-d965ccfc6d4b" outcome="Passed" testListId="7fbf8b1b-c48c-43fb-ac90-d8f7d2b1e2ed" />
    <UnitTestResult executionId="078f09a1-578b-4415-83d0-aacba5eb6e8c" testId="097b07a1-bea1-4193-b44d-d70f52fbdd18" testName="Test4165" computerName="UA-LPT-OGA2" duration="00:00:01.5780000" startTime="2025-05-14T13:20:31.3146610Z" endTime="2025-05-14T13:25:31.3147553Z" testType="13cdc9d9-ddb5-4fa4-a97d-d965ccfc6d4b" outcome="Passed" testListId="7fbf8b1b-c48c-43fb-ac90-d8f7d2b1e2ed" />
    <UnitTestResult executionId="47aa4fd1-4194-47e3-a8be-c01a8c7368fb" testId="cf68701f-5724-4cd5-bf9f-a498ac279029" testName="Test4166" computerName="UA-LPT-OGA2" duration="00:00:00.5640000" startTime="2025-05-14T13:20:31.3146610Z" endTime="2025-05-14T13:25:31.3147553Z" testType="13cdc9d9-ddb5-4fa4-a97d-d965ccfc6d4b" outcome="Passed" testListId="7fbf8b1b-c48c-43fb-ac90-d8f7d2b1e2ed" />
    <UnitTestResult executionId="c2445e7c-114d-4eec-9b50-2788ef8513f6" testId="a66d8bee-6ef1-44cd-8de3-c0342ab4c176" testName="Test4167" computerName="UA-LPT-OGA2" duration="00:00:00.4560000" startTime="2025-05-14T13:20:31.3146610Z" endTime="2025-05-14T13:25:31.3147553Z" testType="13cdc9d9-ddb5-4fa4-a97d-d965ccfc6d4b" outcome="Passed" testListId="7fbf8b1b-c48c-43fb-ac90-d8f7d2b1e2ed" />
    <UnitTestResult executionId="9d9a67f2-e601-4a94-9eb7-a0078581c323" testId="5496e226-e52e-4ba0-9c44-ca7c9630cde1" testName="Test4168" computerName="UA-LPT-OGA2" duration="00:00:00.5410000" startTime="2025-05-14T13:20:31.3146610Z" endTime="2025-05-14T13:25:31.3147553Z" testType="13cdc9d9-ddb5-4fa4-a97d-d965ccfc6d4b" outcome="Passed" testListId="7fbf8b1b-c48c-43fb-ac90-d8f7d2b1e2ed" />
    <UnitTestResult executionId="4f5ed3d6-bdd8-4497-86ad-99562f1e4177" testId="9d97a88d-02cb-43d7-a35e-66577aaa3cb8" testName="Test4169" computerName="UA-LPT-OGA2" duration="00:00:01.7680000" startTime="2025-05-14T13:20:31.3146610Z" endTime="2025-05-14T13:25:31.3147553Z" testType="13cdc9d9-ddb5-4fa4-a97d-d965ccfc6d4b" outcome="Passed" testListId="7fbf8b1b-c48c-43fb-ac90-d8f7d2b1e2ed" />
    <UnitTestResult executionId="dba89eeb-4e41-402a-8932-98e5ecc6c761" testId="ab9667d1-1ead-490d-aceb-102b35b674e7" testName="Test4170" computerName="UA-LPT-OGA2" duration="00:00:01.4980000" startTime="2025-05-14T13:20:31.3146610Z" endTime="2025-05-14T13:25:31.3147553Z" testType="13cdc9d9-ddb5-4fa4-a97d-d965ccfc6d4b" outcome="Passed" testListId="7fbf8b1b-c48c-43fb-ac90-d8f7d2b1e2ed" />
    <UnitTestResult executionId="ccadbaf8-e4e7-4833-8a16-438e867147a3" testId="16795714-1b5f-4e57-8b52-72e2449b73de" testName="Test4171" computerName="UA-LPT-OGA2" duration="00:00:00.9270000" startTime="2025-05-14T13:20:31.3146610Z" endTime="2025-05-14T13:25:31.3147553Z" testType="13cdc9d9-ddb5-4fa4-a97d-d965ccfc6d4b" outcome="Passed" testListId="7fbf8b1b-c48c-43fb-ac90-d8f7d2b1e2ed" />
    <UnitTestResult executionId="2ca28124-42cf-4df8-8e19-1fc47816dd0a" testId="2ad8c2f7-2585-4b06-8008-437b86f33724" testName="Test4172" computerName="UA-LPT-OGA2" duration="00:00:01.0670000" startTime="2025-05-14T13:20:31.3146610Z" endTime="2025-05-14T13:25:31.3147553Z" testType="13cdc9d9-ddb5-4fa4-a97d-d965ccfc6d4b" outcome="Failed" testListId="7fbf8b1b-c48c-43fb-ac90-d8f7d2b1e2ed">
      <Output>
        <ErrorInfo>
          <Message>Assertion failed: Expected value did not match actual value.</Message>
          <StackTrace>   at TestNamespace.TestClass.Test() in TestClass.cs:line 473</StackTrace>
        </ErrorInfo>
      </Output>
    </UnitTestResult>
    <UnitTestResult executionId="67d49799-e20a-4f13-9e3f-8aecfcaa7b8b" testId="c77d272e-afc0-4e96-82d7-ae0cd802fb1c" testName="Test4173" computerName="UA-LPT-OGA2" duration="00:00:00.4480000" startTime="2025-05-14T13:20:31.3146610Z" endTime="2025-05-14T13:25:31.3147553Z" testType="13cdc9d9-ddb5-4fa4-a97d-d965ccfc6d4b" outcome="Passed" testListId="7fbf8b1b-c48c-43fb-ac90-d8f7d2b1e2ed" />
    <UnitTestResult executionId="774618ed-beac-49f1-b285-7742940cc66a" testId="d18adfa1-0ce8-4047-93dc-32fb815b8221" testName="Test4174" computerName="UA-LPT-OGA2" duration="00:00:01.9120000" startTime="2025-05-14T13:20:31.3146610Z" endTime="2025-05-14T13:25:31.3147553Z" testType="13cdc9d9-ddb5-4fa4-a97d-d965ccfc6d4b" outcome="Passed" testListId="7fbf8b1b-c48c-43fb-ac90-d8f7d2b1e2ed" />
    <UnitTestResult executionId="18e695f1-a7fe-4260-83c0-c8a678417a95" testId="cad7b8aa-b681-407a-9964-bd8c89174f64" testName="Test4175" computerName="UA-LPT-OGA2" duration="00:00:00.1490000" startTime="2025-05-14T13:20:31.3146610Z" endTime="2025-05-14T13:25:31.3147553Z" testType="13cdc9d9-ddb5-4fa4-a97d-d965ccfc6d4b" outcome="Passed" testListId="7fbf8b1b-c48c-43fb-ac90-d8f7d2b1e2ed" />
    <UnitTestResult executionId="6c7f1997-eb2e-4f05-b2d8-be0cc9332466" testId="375960bf-71cb-44d5-9bbb-1c3357edbc19" testName="Test4176" computerName="UA-LPT-OGA2" duration="00:00:01.6540000" startTime="2025-05-14T13:20:31.3146610Z" endTime="2025-05-14T13:25:31.3147553Z" testType="13cdc9d9-ddb5-4fa4-a97d-d965ccfc6d4b" outcome="Passed" testListId="7fbf8b1b-c48c-43fb-ac90-d8f7d2b1e2ed" />
    <UnitTestResult executionId="2733a53d-157a-4013-88e9-a0d9a512f99b" testId="c54ea1ac-488c-4b37-b034-4031e62d6204" testName="Test4177" computerName="UA-LPT-OGA2" duration="00:00:00.4150000" startTime="2025-05-14T13:20:31.3146610Z" endTime="2025-05-14T13:25:31.3147553Z" testType="13cdc9d9-ddb5-4fa4-a97d-d965ccfc6d4b" outcome="Passed" testListId="7fbf8b1b-c48c-43fb-ac90-d8f7d2b1e2ed" />
    <UnitTestResult executionId="323f2ab9-0d70-4844-b37b-72add7a95793" testId="1dd5e342-b2f7-4957-9a84-df38935b289a" testName="Test4178" computerName="UA-LPT-OGA2" duration="00:00:01.6910000" startTime="2025-05-14T13:20:31.3146610Z" endTime="2025-05-14T13:25:31.3147553Z" testType="13cdc9d9-ddb5-4fa4-a97d-d965ccfc6d4b" outcome="Passed" testListId="7fbf8b1b-c48c-43fb-ac90-d8f7d2b1e2ed" />
    <UnitTestResult executionId="e67e63e3-6c72-4542-a089-7de2b5ec9e26" testId="0c4a4225-230e-46f6-ac4b-040049a8f485" testName="Test4179" computerName="UA-LPT-OGA2" duration="00:00:01.5040000" startTime="2025-05-14T13:20:31.3146610Z" endTime="2025-05-14T13:25:31.3147553Z" testType="13cdc9d9-ddb5-4fa4-a97d-d965ccfc6d4b" outcome="Passed" testListId="7fbf8b1b-c48c-43fb-ac90-d8f7d2b1e2ed" />
    <UnitTestResult executionId="8fd7b909-5982-4237-aa8f-073009cd7145" testId="044b456e-f060-4844-986d-fcac705e80ee" testName="Test4180" computerName="UA-LPT-OGA2" duration="00:00:00.5230000" startTime="2025-05-14T13:20:31.3146610Z" endTime="2025-05-14T13:25:31.3147553Z" testType="13cdc9d9-ddb5-4fa4-a97d-d965ccfc6d4b" outcome="Passed" testListId="7fbf8b1b-c48c-43fb-ac90-d8f7d2b1e2ed" />
    <UnitTestResult executionId="b63dfc94-46b5-4db8-b054-f926cd18b48c" testId="cc97df8b-414a-4977-a2a1-020385cc3973" testName="Test4181" computerName="UA-LPT-OGA2" duration="00:00:01.2120000" startTime="2025-05-14T13:20:31.3146610Z" endTime="2025-05-14T13:25:31.3147553Z" testType="13cdc9d9-ddb5-4fa4-a97d-d965ccfc6d4b" outcome="Passed" testListId="7fbf8b1b-c48c-43fb-ac90-d8f7d2b1e2ed" />
    <UnitTestResult executionId="89a600ea-6a36-4b6d-a543-dbeb82b1913c" testId="71e50e95-0ec5-49c6-8141-cd58ef820ed1" testName="Test4182" computerName="UA-LPT-OGA2" duration="00:00:01.8150000" startTime="2025-05-14T13:20:31.3146610Z" endTime="2025-05-14T13:25:31.3147553Z" testType="13cdc9d9-ddb5-4fa4-a97d-d965ccfc6d4b" outcome="Passed" testListId="7fbf8b1b-c48c-43fb-ac90-d8f7d2b1e2ed" />
    <UnitTestResult executionId="764740ba-d49f-41a4-8c99-a692a14b35cb" testId="e82c902e-6481-4f45-861d-aa9be641b25a" testName="Test4183" computerName="UA-LPT-OGA2" duration="00:00:00.6290000" startTime="2025-05-14T13:20:31.3146610Z" endTime="2025-05-14T13:25:31.3147553Z" testType="13cdc9d9-ddb5-4fa4-a97d-d965ccfc6d4b" outcome="Passed" testListId="7fbf8b1b-c48c-43fb-ac90-d8f7d2b1e2ed" />
    <UnitTestResult executionId="3b19d765-8071-4edf-b157-cba0fc33fa4f" testId="50a707e1-babb-4425-9b7d-bf6eb0af2b20" testName="Test4184" computerName="UA-LPT-OGA2" duration="00:00:00.2700000" startTime="2025-05-14T13:20:31.3146610Z" endTime="2025-05-14T13:25:31.3147553Z" testType="13cdc9d9-ddb5-4fa4-a97d-d965ccfc6d4b" outcome="Passed" testListId="7fbf8b1b-c48c-43fb-ac90-d8f7d2b1e2ed" />
    <UnitTestResult executionId="95716551-a627-42cd-bfd2-f454f80167aa" testId="70237f3e-ec4c-4a65-b952-b612526a2648" testName="Test4185" computerName="UA-LPT-OGA2" duration="00:00:01.6030000" startTime="2025-05-14T13:20:31.3146610Z" endTime="2025-05-14T13:25:31.3147553Z" testType="13cdc9d9-ddb5-4fa4-a97d-d965ccfc6d4b" outcome="Passed" testListId="7fbf8b1b-c48c-43fb-ac90-d8f7d2b1e2ed" />
    <UnitTestResult executionId="2287fa2b-0fb9-4799-a089-780dc1bdb624" testId="78c9acc4-11f8-4b3a-941a-36b97be0ed00" testName="Test4186" computerName="UA-LPT-OGA2" duration="00:00:00.4840000" startTime="2025-05-14T13:20:31.3146610Z" endTime="2025-05-14T13:25:31.3147553Z" testType="13cdc9d9-ddb5-4fa4-a97d-d965ccfc6d4b" outcome="Failed" testListId="7fbf8b1b-c48c-43fb-ac90-d8f7d2b1e2ed">
      <Output>
        <ErrorInfo>
          <Message>Assertion failed: Expected value did not match actual value.</Message>
          <StackTrace>   at TestNamespace.TestClass.Test() in TestClass.cs:line 205</StackTrace>
        </ErrorInfo>
      </Output>
    </UnitTestResult>
    <UnitTestResult executionId="84e2e094-85be-4e78-b251-9869fb4777f2" testId="f98a4d01-7901-443c-8820-06e36038184e" testName="Test4187" computerName="UA-LPT-OGA2" duration="00:00:00.4120000" startTime="2025-05-14T13:20:31.3146610Z" endTime="2025-05-14T13:25:31.3147553Z" testType="13cdc9d9-ddb5-4fa4-a97d-d965ccfc6d4b" outcome="Passed" testListId="7fbf8b1b-c48c-43fb-ac90-d8f7d2b1e2ed" />
    <UnitTestResult executionId="f5a54498-3245-4af5-9a1d-447f03db2b57" testId="85cb1e89-10d7-4051-871b-8561d34117b8" testName="Test4188" computerName="UA-LPT-OGA2" duration="00:00:01.9640000" startTime="2025-05-14T13:20:31.3146610Z" endTime="2025-05-14T13:25:31.3147553Z" testType="13cdc9d9-ddb5-4fa4-a97d-d965ccfc6d4b" outcome="Passed" testListId="7fbf8b1b-c48c-43fb-ac90-d8f7d2b1e2ed" />
    <UnitTestResult executionId="d9884857-f70c-4690-99ca-c707367f2d0e" testId="39e10f60-e725-4c9a-87cc-f93e582fcca4" testName="Test4189" computerName="UA-LPT-OGA2" duration="00:00:01.9410000" startTime="2025-05-14T13:20:31.3146610Z" endTime="2025-05-14T13:25:31.3147553Z" testType="13cdc9d9-ddb5-4fa4-a97d-d965ccfc6d4b" outcome="Passed" testListId="7fbf8b1b-c48c-43fb-ac90-d8f7d2b1e2ed" />
    <UnitTestResult executionId="8bc2eb51-1453-4f9b-a611-cd9856ed8e05" testId="dc2cdb2c-fad8-4994-a819-64b9afe308aa" testName="Test4190" computerName="UA-LPT-OGA2" duration="00:00:00.8460000" startTime="2025-05-14T13:20:31.3146610Z" endTime="2025-05-14T13:25:31.3147553Z" testType="13cdc9d9-ddb5-4fa4-a97d-d965ccfc6d4b" outcome="Passed" testListId="7fbf8b1b-c48c-43fb-ac90-d8f7d2b1e2ed" />
    <UnitTestResult executionId="01a416b1-2b7e-4a08-a4f2-80c58b97f698" testId="cc3b6142-d9a6-46d2-a946-2607f30f9881" testName="Test4191" computerName="UA-LPT-OGA2" duration="00:00:01.4770000" startTime="2025-05-14T13:20:31.3146610Z" endTime="2025-05-14T13:25:31.3147553Z" testType="13cdc9d9-ddb5-4fa4-a97d-d965ccfc6d4b" outcome="Passed" testListId="7fbf8b1b-c48c-43fb-ac90-d8f7d2b1e2ed" />
    <UnitTestResult executionId="c64074c4-1367-4b79-939a-e90a2228d775" testId="016cfbb5-02fd-4b25-9e8d-d8aaef0cebfd" testName="Test4192" computerName="UA-LPT-OGA2" duration="00:00:01.4420000" startTime="2025-05-14T13:20:31.3146610Z" endTime="2025-05-14T13:25:31.3147553Z" testType="13cdc9d9-ddb5-4fa4-a97d-d965ccfc6d4b" outcome="Passed" testListId="7fbf8b1b-c48c-43fb-ac90-d8f7d2b1e2ed" />
    <UnitTestResult executionId="7c3b391d-88b6-47fd-9952-d42b1da521d2" testId="4d633f4d-a7d2-45ac-aee5-facae6aa9d23" testName="Test4193" computerName="UA-LPT-OGA2" duration="00:00:00.4160000" startTime="2025-05-14T13:20:31.3146610Z" endTime="2025-05-14T13:25:31.3147553Z" testType="13cdc9d9-ddb5-4fa4-a97d-d965ccfc6d4b" outcome="Passed" testListId="7fbf8b1b-c48c-43fb-ac90-d8f7d2b1e2ed" />
    <UnitTestResult executionId="1d339096-1405-4e24-a417-503638ec9dce" testId="2734988d-3e79-4164-a38b-72611189eaf2" testName="Test4194" computerName="UA-LPT-OGA2" duration="00:00:01.4010000" startTime="2025-05-14T13:20:31.3146610Z" endTime="2025-05-14T13:25:31.3147553Z" testType="13cdc9d9-ddb5-4fa4-a97d-d965ccfc6d4b" outcome="Passed" testListId="7fbf8b1b-c48c-43fb-ac90-d8f7d2b1e2ed" />
    <UnitTestResult executionId="ffe872a3-af45-4007-bfab-1c43ba935973" testId="9108be88-5a66-4de0-90a7-c9e7abd8ef16" testName="Test4195" computerName="UA-LPT-OGA2" duration="00:00:01.6200000" startTime="2025-05-14T13:20:31.3146610Z" endTime="2025-05-14T13:25:31.3147553Z" testType="13cdc9d9-ddb5-4fa4-a97d-d965ccfc6d4b" outcome="Passed" testListId="7fbf8b1b-c48c-43fb-ac90-d8f7d2b1e2ed" />
    <UnitTestResult executionId="0d5917ba-ec74-4b50-be90-9ad5f1be504a" testId="d4e76373-7551-4a43-ac6b-60e982539a25" testName="Test4196" computerName="UA-LPT-OGA2" duration="00:00:01.0920000" startTime="2025-05-14T13:20:31.3146610Z" endTime="2025-05-14T13:25:31.3147553Z" testType="13cdc9d9-ddb5-4fa4-a97d-d965ccfc6d4b" outcome="Passed" testListId="7fbf8b1b-c48c-43fb-ac90-d8f7d2b1e2ed" />
    <UnitTestResult executionId="6cbf7bb1-f1db-4a84-9f17-626c542a5338" testId="95d3af2a-1658-43f6-86bb-534473ec3b55" testName="Test4197" computerName="UA-LPT-OGA2" duration="00:00:01.0950000" startTime="2025-05-14T13:20:31.3146610Z" endTime="2025-05-14T13:25:31.3147553Z" testType="13cdc9d9-ddb5-4fa4-a97d-d965ccfc6d4b" outcome="Passed" testListId="7fbf8b1b-c48c-43fb-ac90-d8f7d2b1e2ed" />
    <UnitTestResult executionId="57080fc2-b0fb-4703-841f-1599507e24b3" testId="4bb93605-d50e-46cf-8623-cd8dd9d191e4" testName="Test4198" computerName="UA-LPT-OGA2" duration="00:00:00.2810000" startTime="2025-05-14T13:20:31.3146610Z" endTime="2025-05-14T13:25:31.3147553Z" testType="13cdc9d9-ddb5-4fa4-a97d-d965ccfc6d4b" outcome="Passed" testListId="7fbf8b1b-c48c-43fb-ac90-d8f7d2b1e2ed" />
    <UnitTestResult executionId="e2cbefb0-4806-4c89-8a84-12f42fa60b94" testId="ae8ee5d3-a29f-4335-b0ee-45ba81918ef3" testName="Test4199" computerName="UA-LPT-OGA2" duration="00:00:01.7940000" startTime="2025-05-14T13:20:31.3146610Z" endTime="2025-05-14T13:25:31.3147553Z" testType="13cdc9d9-ddb5-4fa4-a97d-d965ccfc6d4b" outcome="Passed" testListId="7fbf8b1b-c48c-43fb-ac90-d8f7d2b1e2ed" />
    <UnitTestResult executionId="5bb9b014-aeed-47c0-9c26-23c5da7de9d7" testId="e37051ba-5964-4a76-81c3-ad93d877d060" testName="Test4200" computerName="UA-LPT-OGA2" duration="00:00:01.6490000" startTime="2025-05-14T13:20:31.3146610Z" endTime="2025-05-14T13:25:31.3147553Z" testType="13cdc9d9-ddb5-4fa4-a97d-d965ccfc6d4b" outcome="Passed" testListId="7fbf8b1b-c48c-43fb-ac90-d8f7d2b1e2ed" />
  </Results>
  <TestDefinitions>
    <UnitTest name="Test4101" id="87956d17-2517-460c-8178-3a11a5850585" storage="TestAssembly.dll">
      <Execution id="91b0a0b3-4353-4d2b-8667-107c482fb313" />
      <TestMethod codeBase="TestAssembly.dll" className="TestNamespace.TestClass1" name="Test4101" />
    </UnitTest>
    <UnitTest name="Test4102" id="2c289428-98c3-4994-ac80-187677409376" storage="TestAssembly.dll">
      <Execution id="205dd750-67fa-41c5-8b4f-c8bdef7376e3" />
      <TestMethod codeBase="TestAssembly.dll" className="TestNamespace.TestClass1" name="Test4102" />
    </UnitTest>
    <UnitTest name="Test4103" id="bb61218e-4299-42ea-8d82-61b5fddc7984" storage="TestAssembly.dll">
      <Execution id="0c6ab449-a0b5-44ae-a72f-4a7234c25413" />
      <TestMethod codeBase="TestAssembly.dll" className="TestNamespace.TestClass1" name="Test4103" />
    </UnitTest>
    <UnitTest name="Test4104" id="3c47ecb6-364f-43f1-8828-cf1c4a188e0a" storage="TestAssembly.dll">
      <Execution id="23bba8f6-4b2b-49ec-942f-d0930637b1d6" />
      <TestMethod codeBase="TestAssembly.dll" className="TestNamespace.TestClass1" name="Test4104" />
    </UnitTest>
    <UnitTest name="Test4105" id="e3daede5-a722-408a-acf8-1247bf40363c" storage="TestAssembly.dll">
      <Execution id="9959ca04-1765-4ac5-831f-cd8f168beee6" />
      <TestMethod codeBase="TestAssembly.dll" className="TestNamespace.TestClass1" name="Test4105" />
    </UnitTest>
    <UnitTest name="Test4106" id="77682097-29fc-4697-ab2c-45c56aa0d433" storage="TestAssembly.dll">
      <Execution id="c75d19ff-86cb-4bfd-95da-f0572f3e88eb" />
      <TestMethod codeBase="TestAssembly.dll" className="TestNamespace.TestClass1" name="Test4106" />
    </UnitTest>
    <UnitTest name="Test4107" id="10c76c99-9c08-445c-9d3a-fcd93d90280a" storage="TestAssembly.dll">
      <Execution id="b5cf2b58-ecb2-4cc4-90cc-69cf343b67e7" />
      <TestMethod codeBase="TestAssembly.dll" className="TestNamespace.TestClass1" name="Test4107" />
    </UnitTest>
    <UnitTest name="Test4108" id="d63deffb-2ec4-424c-9513-6f434439692f" storage="TestAssembly.dll">
      <Execution id="1cc15112-c65f-4d59-81ad-feb74dd8bcac" />
      <TestMethod codeBase="TestAssembly.dll" className="TestNamespace.TestClass1" name="Test4108" />
    </UnitTest>
    <UnitTest name="Test4109" id="5001a01f-d094-4dc5-8ff4-6342e6cafa0d" storage="TestAssembly.dll">
      <Execution id="70ec2205-897f-44d9-8854-a4475b37e319" />
      <TestMethod codeBase="TestAssembly.dll" className="TestNamespace.TestClass1" name="Test4109" />
    </UnitTest>
    <UnitTest name="Test4110" id="31653ccb-90e5-48b0-b109-5ea22b05e0f6" storage="TestAssembly.dll">
      <Execution id="eee85ad0-a07d-4963-b2db-1806c6d9241e" />
      <TestMethod codeBase="TestAssembly.dll" className="TestNamespace.TestClass1" name="Test4110" />
    </UnitTest>
    <UnitTest name="Test4111" id="e647d5d2-5542-4358-9336-341d0841171d" storage="TestAssembly.dll">
      <Execution id="2a7f502f-223d-4593-b790-dc9c6ca0c20a" />
      <TestMethod codeBase="TestAssembly.dll" className="TestNamespace.TestClass2" name="Test4111" />
    </UnitTest>
    <UnitTest name="Test4112" id="3ccba572-db18-4572-91b4-3ea4524df006" storage="TestAssembly.dll">
      <Execution id="dbbc32e8-1f8a-462c-861f-8370cb483e14" />
      <TestMethod codeBase="TestAssembly.dll" className="TestNamespace.TestClass2" name="Test4112" />
    </UnitTest>
    <UnitTest name="Test4113" id="54c66a1e-725c-4ac8-8f71-b76517798d74" storage="TestAssembly.dll">
      <Execution id="ede7a57a-e9c4-405f-ad0d-3fbac99edc61" />
      <TestMethod codeBase="TestAssembly.dll" className="TestNamespace.TestClass2" name="Test4113" />
    </UnitTest>
    <UnitTest name="Test4114" id="29bc5c31-c45a-4b6f-93dc-ff23fdfec39a" storage="TestAssembly.dll">
      <Execution id="fbd10412-49ca-4bc1-80da-93714f43e562" />
      <TestMethod codeBase="TestAssembly.dll" className="TestNamespace.TestClass2" name="Test4114" />
    </UnitTest>
    <UnitTest name="Test4115" id="2db43ccd-d195-4a55-95bc-5faee176be7c" storage="TestAssembly.dll">
      <Execution id="ee0568f8-527a-4667-a2df-7a24025bf6d4" />
      <TestMethod codeBase="TestAssembly.dll" className="TestNamespace.TestClass2" name="Test4115" />
    </UnitTest>
    <UnitTest name="Test4116" id="9e6b1e4a-4218-4d58-8cce-00fd7ce0328a" storage="TestAssembly.dll">
      <Execution id="b7f244ee-776d-437d-93ef-86e496a3f1c0" />
      <TestMethod codeBase="TestAssembly.dll" className="TestNamespace.TestClass2" name="Test4116" />
    </UnitTest>
    <UnitTest name="Test4117" id="2d6efdbf-393c-4194-a1ed-aa4e61bf1473" storage="TestAssembly.dll">
      <Execution id="582932f9-68fc-4e14-9a35-84f0f302e531" />
      <TestMethod codeBase="TestAssembly.dll" className="TestNamespace.TestClass2" name="Test4117" />
    </UnitTest>
    <UnitTest name="Test4118" id="f78f990b-e936-4776-bce0-dd70491f7f03" storage="TestAssembly.dll">
      <Execution id="12f3ce6c-799c-4b8a-9036-81f2afecab46" />
      <TestMethod codeBase="TestAssembly.dll" className="TestNamespace.TestClass2" name="Test4118" />
    </UnitTest>
    <UnitTest name="Test4119" id="be62e0d5-d5ea-42e2-b81d-64bb1437e006" storage="TestAssembly.dll">
      <Execution id="27f46096-9201-43f0-acf7-c8d9234cf0c3" />
      <TestMethod codeBase="TestAssembly.dll" className="TestNamespace.TestClass2" name="Test4119" />
    </UnitTest>
    <UnitTest name="Test4120" id="74d2017d-ae20-43d9-95d3-db8f4544f3f4" storage="TestAssembly.dll">
      <Execution id="d52f1acd-ed94-473d-83a5-f600d06fbcfe" />
      <TestMethod codeBase="TestAssembly.dll" className="TestNamespace.TestClass2" name="Test4120" />
    </UnitTest>
    <UnitTest name="Test4121" id="3fdaa444-50f6-4540-915c-59e799290664" storage="TestAssembly.dll">
      <Execution id="1bb53c4b-dd0e-4812-a9b1-d6aaf7079e45" />
      <TestMethod codeBase="TestAssembly.dll" className="TestNamespace.TestClass3" name="Test4121" />
    </UnitTest>
    <UnitTest name="Test4122" id="c81269e7-ff49-4871-a7c2-d8506bdf98d3" storage="TestAssembly.dll">
      <Execution id="fe136835-4bfb-4c96-b3a2-83fea62e2811" />
      <TestMethod codeBase="TestAssembly.dll" className="TestNamespace.TestClass3" name="Test4122" />
    </UnitTest>
    <UnitTest name="Test4123" id="5295de8a-05bf-43db-9c1d-3ff47a702d99" storage="TestAssembly.dll">
      <Execution id="fd5ea0ce-974f-415c-8def-2f260cc82abe" />
      <TestMethod codeBase="TestAssembly.dll" className="TestNamespace.TestClass3" name="Test4123" />
    </UnitTest>
    <UnitTest name="Test4124" id="b517987c-3c42-4876-b838-25746eed1a2e" storage="TestAssembly.dll">
      <Execution id="36135bef-bc57-497e-9868-17dbfa0d9c96" />
      <TestMethod codeBase="TestAssembly.dll" className="TestNamespace.TestClass3" name="Test4124" />
    </UnitTest>
    <UnitTest name="Test4125" id="e26729c9-50d9-47f5-8769-0e8e33449604" storage="TestAssembly.dll">
      <Execution id="d8e18aad-25cd-46eb-b432-7e7d527051b1" />
      <TestMethod codeBase="TestAssembly.dll" className="TestNamespace.TestClass3" name="Test4125" />
    </UnitTest>
    <UnitTest name="Test4126" id="4ed5672f-69a4-4a3a-bf0b-55d10472e973" storage="TestAssembly.dll">
      <Execution id="e018ca0f-f0ec-406d-9d3c-ae9ba97af1bb" />
      <TestMethod codeBase="TestAssembly.dll" className="TestNamespace.TestClass3" name="Test4126" />
    </UnitTest>
    <UnitTest name="Test4127" id="10a36040-2966-4b78-b31a-751f600ba4d9" storage="TestAssembly.dll">
      <Execution id="4dd7a1d3-d65e-4b93-bb97-6bbc168d771d" />
      <TestMethod codeBase="TestAssembly.dll" className="TestNamespace.TestClass3" name="Test4127" />
    </UnitTest>
    <UnitTest name="Test4128" id="e9b49c24-deb0-4d4d-b9bb-02e56642972e" storage="TestAssembly.dll">
      <Execution id="256bd4c1-aebd-4b2f-b1b5-970eba795e2f" />
      <TestMethod codeBase="TestAssembly.dll" className="TestNamespace.TestClass3" name="Test4128" />
    </UnitTest>
    <UnitTest name="Test4129" id="b0f1ec40-47e2-482d-be5e-9a06253c053b" storage="TestAssembly.dll">
      <Execution id="4fbda6e2-e4b4-4448-9306-ac3e996cc71d" />
      <TestMethod codeBase="TestAssembly.dll" className="TestNamespace.TestClass3" name="Test4129" />
    </UnitTest>
    <UnitTest name="Test4130" id="26ddb5d8-830a-4b42-b006-9513b040af9e" storage="TestAssembly.dll">
      <Execution id="d16fee09-784d-4b4b-885c-9f93d794f448" />
      <TestMethod codeBase="TestAssembly.dll" className="TestNamespace.TestClass3" name="Test4130" />
    </UnitTest>
    <UnitTest name="Test4131" id="d54e1f0a-1fb4-42fa-91c3-eab38fa10523" storage="TestAssembly.dll">
      <Execution id="f5e81683-781e-4092-9f1c-489b394cae1f" />
      <TestMethod codeBase="TestAssembly.dll" className="TestNamespace.TestClass4" name="Test4131" />
    </UnitTest>
    <UnitTest name="Test4132" id="20d0ce56-6a9b-4657-943d-3320bca069df" storage="TestAssembly.dll">
      <Execution id="ca2642c0-e9ca-4f93-a8a0-5ae6561e9e97" />
      <TestMethod codeBase="TestAssembly.dll" className="TestNamespace.TestClass4" name="Test4132" />
    </UnitTest>
    <UnitTest name="Test4133" id="0dff883a-6d8f-40c9-95dc-2aff2f8e3d68" storage="TestAssembly.dll">
      <Execution id="e7f08a93-3594-49ee-b6f4-7a7bf5a0b78b" />
      <TestMethod codeBase="TestAssembly.dll" className="TestNamespace.TestClass4" name="Test4133" />
    </UnitTest>
    <UnitTest name="Test4134" id="42690c2e-ba2b-4979-8e35-bb1790258191" storage="TestAssembly.dll">
      <Execution id="0cc303f3-28f0-4ba2-ad05-99e7545ba64e" />
      <TestMethod codeBase="TestAssembly.dll" className="TestNamespace.TestClass4" name="Test4134" />
    </UnitTest>
    <UnitTest name="Test4135" id="ce0b8f0a-20ba-4535-ad51-4aa88e8ad3b6" storage="TestAssembly.dll">
      <Execution id="9c122d44-355b-4d6a-b8ee-5f04f8eaf196" />
      <TestMethod codeBase="TestAssembly.dll" className="TestNamespace.TestClass4" name="Test4135" />
    </UnitTest>
    <UnitTest name="Test4136" id="a1ebb4a2-29e0-4494-a61d-9701cd40002d" storage="TestAssembly.dll">
      <Execution id="858a681e-d7ae-4a11-bb9b-05332d7ae226" />
      <TestMethod codeBase="TestAssembly.dll" className="TestNamespace.TestClass4" name="Test4136" />
    </UnitTest>
    <UnitTest name="Test4137" id="1f73248f-e428-4f5b-9a4c-5395ac63fa1a" storage="TestAssembly.dll">
      <Execution id="1f854c6b-0cb3-4860-a86f-6279e46dc1bc" />
      <TestMethod codeBase="TestAssembly.dll" className="TestNamespace.TestClass4" name="Test4137" />
    </UnitTest>
    <UnitTest name="Test4138" id="95a8a482-aca9-43f7-9391-dbb5f80f42bd" storage="TestAssembly.dll">
      <Execution id="7331dc13-a339-494e-ab30-3ea64a228106" />
      <TestMethod codeBase="TestAssembly.dll" className="TestNamespace.TestClass4" name="Test4138" />
    </UnitTest>
    <UnitTest name="Test4139" id="448d0dfc-4c46-4c52-bc6c-f47583093d51" storage="TestAssembly.dll">
      <Execution id="4793e9c0-a232-44cd-b122-e973d2ba858e" />
      <TestMethod codeBase="TestAssembly.dll" className="TestNamespace.TestClass4" name="Test4139" />
    </UnitTest>
    <UnitTest name="Test4140" id="8ed351a8-174e-4103-be61-43cecc31b343" storage="TestAssembly.dll">
      <Execution id="376e6eca-188b-46ae-b217-7c71d6f39a96" />
      <TestMethod codeBase="TestAssembly.dll" className="TestNamespace.TestClass4" name="Test4140" />
    </UnitTest>
    <UnitTest name="Test4141" id="e12fea30-c82a-4491-94c6-58bc277ce45e" storage="TestAssembly.dll">
      <Execution id="0fd083da-cd50-4ec2-9799-58d07dd4f359" />
      <TestMethod codeBase="TestAssembly.dll" className="TestNamespace.TestClass5" name="Test4141" />
    </UnitTest>
    <UnitTest name="Test4142" id="f6189846-3783-487a-a8ac-8fd2db3e55c8" storage="TestAssembly.dll">
      <Execution id="55aa5ef0-59a2-4d01-b0ad-09f6666ec29b" />
      <TestMethod codeBase="TestAssembly.dll" className="TestNamespace.TestClass5" name="Test4142" />
    </UnitTest>
    <UnitTest name="Test4143" id="c900044d-eefb-4ae4-851b-6a28e32d270f" storage="TestAssembly.dll">
      <Execution id="4f05f5df-5d3c-45a4-8a7e-b0baedc70f5e" />
      <TestMethod codeBase="TestAssembly.dll" className="TestNamespace.TestClass5" name="Test4143" />
    </UnitTest>
    <UnitTest name="Test4144" id="b6c6afb5-0083-409a-bb71-c84298a2202c" storage="TestAssembly.dll">
      <Execution id="161d8507-e5f2-4a32-83e3-a8fdad6308ee" />
      <TestMethod codeBase="TestAssembly.dll" className="TestNamespace.TestClass5" name="Test4144" />
    </UnitTest>
    <UnitTest name="Test4145" id="e944b514-efdd-46d6-a487-1edee8f2c933" storage="TestAssembly.dll">
      <Execution id="dad3b56a-7a08-4fdb-9c8f-260b2da7bd5f" />
      <TestMethod codeBase="TestAssembly.dll" className="TestNamespace.TestClass5" name="Test4145" />
    </UnitTest>
    <UnitTest name="Test4146" id="bf90ec42-5473-47ab-88ce-c8b69b93f42b" storage="TestAssembly.dll">
      <Execution id="afa13fb8-971e-4a25-8037-ebe5f098ccfa" />
      <TestMethod codeBase="TestAssembly.dll" className="TestNamespace.TestClass5" name="Test4146" />
    </UnitTest>
    <UnitTest name="Test4147" id="ea888c18-d2ae-41b6-a50e-73c27fe0b2ad" storage="TestAssembly.dll">
      <Execution id="b41a51c4-45a6-4f55-b6ed-fd17eac73775" />
      <TestMethod codeBase="TestAssembly.dll" className="TestNamespace.TestClass5" name="Test4147" />
    </UnitTest>
    <UnitTest name="Test4148" id="fe794b19-3f95-421d-a731-a1fe9905832d" storage="TestAssembly.dll">
      <Execution id="12ee0b1b-9cda-44e6-9791-dcfe6ba641ac" />
      <TestMethod codeBase="TestAssembly.dll" className="TestNamespace.TestClass5" name="Test4148" />
    </UnitTest>
    <UnitTest name="Test4149" id="ff5a5553-9f4c-43ee-8141-be7f80dc3b93" storage="TestAssembly.dll">
      <Execution id="37b8a4bc-540d-4c35-9ef9-8164e48d5d9e" />
      <TestMethod codeBase="TestAssembly.dll" className="TestNamespace.TestClass5" name="Test4149" />
    </UnitTest>
    <UnitTest name="Test4150" id="712c29c2-ee82-4e9a-870d-7a523c903ff3" storage="TestAssembly.dll">
      <Execution id="d461194e-1ca4-4c13-87cc-5888cbe0c43f" />
      <TestMethod codeBase="TestAssembly.dll" className="TestNamespace.TestClass5" name="Test4150" />
    </UnitTest>
    <UnitTest name="Test4151" id="c4b8c1e1-f067-44d4-a6c9-c4fbb3ecf85c" storage="TestAssembly.dll">
      <Execution id="42031a6e-b9ed-4e1d-a9cf-38dd7e6ab31b" />
      <TestMethod codeBase="TestAssembly.dll" className="TestNamespace.TestClass6" name="Test4151" />
    </UnitTest>
    <UnitTest name="Test4152" id="e87166da-c821-42b4-900e-fc16501a49b3" storage="TestAssembly.dll">
      <Execution id="6bffe6b6-9aa4-45e4-a492-9195c59af4c7" />
      <TestMethod codeBase="TestAssembly.dll" className="TestNamespace.TestClass6" name="Test4152" />
    </UnitTest>
    <UnitTest name="Test4153" id="981839fe-5cae-43e2-997c-ee4a19a9471a" storage="TestAssembly.dll">
      <Execution id="7a4dd78d-2758-45d4-aba2-570ea95082b3" />
      <TestMethod codeBase="TestAssembly.dll" className="TestNamespace.TestClass6" name="Test4153" />
    </UnitTest>
    <UnitTest name="Test4154" id="07526346-5664-4e29-bc23-4aabb2e05f24" storage="TestAssembly.dll">
      <Execution id="ae756d64-782a-4d43-9733-019814a955b7" />
      <TestMethod codeBase="TestAssembly.dll" className="TestNamespace.TestClass6" name="Test4154" />
    </UnitTest>
    <UnitTest name="Test4155" id="74cb3bae-aadb-4629-ba9c-b032925a3ab8" storage="TestAssembly.dll">
      <Execution id="dc9d27aa-e39f-4a50-bd3d-dac7cdd46d50" />
      <TestMethod codeBase="TestAssembly.dll" className="TestNamespace.TestClass6" name="Test4155" />
    </UnitTest>
    <UnitTest name="Test4156" id="7ab7a3bf-1439-4a92-bc68-5e7a5c7d7f16" storage="TestAssembly.dll">
      <Execution id="c908e148-663d-463c-aefc-48336db1dd98" />
      <TestMethod codeBase="TestAssembly.dll" className="TestNamespace.TestClass6" name="Test4156" />
    </UnitTest>
    <UnitTest name="Test4157" id="4eb3b602-7108-41ee-93f5-1aa8774f0db9" storage="TestAssembly.dll">
      <Execution id="ab9cfb16-97f4-42c8-83ca-1e34870b22e9" />
      <TestMethod codeBase="TestAssembly.dll" className="TestNamespace.TestClass6" name="Test4157" />
    </UnitTest>
    <UnitTest name="Test4158" id="68e8186a-cfb1-4a2a-8165-0baae8451f70" storage="TestAssembly.dll">
      <Execution id="ad81aa00-c6f7-4850-96d4-c94f6051d648" />
      <TestMethod codeBase="TestAssembly.dll" className="TestNamespace.TestClass6" name="Test4158" />
    </UnitTest>
    <UnitTest name="Test4159" id="5b2fb188-8f87-4734-a2b3-8300edcd471d" storage="TestAssembly.dll">
      <Execution id="9ff8f226-dc58-44d5-b673-9d3ef44799db" />
      <TestMethod codeBase="TestAssembly.dll" className="TestNamespace.TestClass6" name="Test4159" />
    </UnitTest>
    <UnitTest name="Test4160" id="e34ce605-3f5a-44e5-94ee-c8bd79c30f46" storage="TestAssembly.dll">
      <Execution id="3688d8be-f6ab-40cb-a47d-f1bde531ad94" />
      <TestMethod codeBase="TestAssembly.dll" className="TestNamespace.TestClass6" name="Test4160" />
    </UnitTest>
    <UnitTest name="Test4161" id="663b2324-529a-4275-92e6-296d13ac8c7f" storage="TestAssembly.dll">
      <Execution id="04db82e7-04a8-4eea-b0bb-5dc7afdfbc5e" />
      <TestMethod codeBase="TestAssembly.dll" className="TestNamespace.TestClass7" name="Test4161" />
    </UnitTest>
    <UnitTest name="Test4162" id="595b0f32-9138-4c46-8f5a-bfcf13f380fb" storage="TestAssembly.dll">
      <Execution id="b0cc00bc-ea16-429a-a46e-e1bc1720ea44" />
      <TestMethod codeBase="TestAssembly.dll" className="TestNamespace.TestClass7" name="Test4162" />
    </UnitTest>
    <UnitTest name="Test4163" id="30efd494-4a3c-4a07-8f6c-86ea18081713" storage="TestAssembly.dll">
      <Execution id="9f09f86d-54c3-4915-bc79-f769a1e47768" />
      <TestMethod codeBase="TestAssembly.dll" className="TestNamespace.TestClass7" name="Test4163" />
    </UnitTest>
    <UnitTest name="Test4164" id="f903bcc3-5071-4822-93e5-355820140a3a" storage="TestAssembly.dll">
      <Execution id="79d03588-fa50-4d12-8a4a-e4b9f2758fcd" />
      <TestMethod codeBase="TestAssembly.dll" className="TestNamespace.TestClass7" name="Test4164" />
    </UnitTest>
    <UnitTest name="Test4165" id="097b07a1-bea1-4193-b44d-d70f52fbdd18" storage="TestAssembly.dll">
      <Execution id="078f09a1-578b-4415-83d0-aacba5eb6e8c" />
      <TestMethod codeBase="TestAssembly.dll" className="TestNamespace.TestClass7" name="Test4165" />
    </UnitTest>
    <UnitTest name="Test4166" id="cf68701f-5724-4cd5-bf9f-a498ac279029" storage="TestAssembly.dll">
      <Execution id="47aa4fd1-4194-47e3-a8be-c01a8c7368fb" />
      <TestMethod codeBase="TestAssembly.dll" className="TestNamespace.TestClass7" name="Test4166" />
    </UnitTest>
    <UnitTest name="Test4167" id="a66d8bee-6ef1-44cd-8de3-c0342ab4c176" storage="TestAssembly.dll">
      <Execution id="c2445e7c-114d-4eec-9b50-2788ef8513f6" />
      <TestMethod codeBase="TestAssembly.dll" className="TestNamespace.TestClass7" name="Test4167" />
    </UnitTest>
    <UnitTest name="Test4168" id="5496e226-e52e-4ba0-9c44-ca7c9630cde1" storage="TestAssembly.dll">
      <Execution id="9d9a67f2-e601-4a94-9eb7-a0078581c323" />
      <TestMethod codeBase="TestAssembly.dll" className="TestNamespace.TestClass7" name="Test4168" />
    </UnitTest>
    <UnitTest name="Test4169" id="9d97a88d-02cb-43d7-a35e-66577aaa3cb8" storage="TestAssembly.dll">
      <Execution id="4f5ed3d6-bdd8-4497-86ad-99562f1e4177" />
      <TestMethod codeBase="TestAssembly.dll" className="TestNamespace.TestClass7" name="Test4169" />
    </UnitTest>
    <UnitTest name="Test4170" id="ab9667d1-1ead-490d-aceb-102b35b674e7" storage="TestAssembly.dll">
      <Execution id="dba89eeb-4e41-402a-8932-98e5ecc6c761" />
      <TestMethod codeBase="TestAssembly.dll" className="TestNamespace.TestClass7" name="Test4170" />
    </UnitTest>
    <UnitTest name="Test4171" id="16795714-1b5f-4e57-8b52-72e2449b73de" storage="TestAssembly.dll">
      <Execution id="ccadbaf8-e4e7-4833-8a16-438e867147a3" />
      <TestMethod codeBase="TestAssembly.dll" className="TestNamespace.TestClass8" name="Test4171" />
    </UnitTest>
    <UnitTest name="Test4172" id="2ad8c2f7-2585-4b06-8008-437b86f33724" storage="TestAssembly.dll">
      <Execution id="2ca28124-42cf-4df8-8e19-1fc47816dd0a" />
      <TestMethod codeBase="TestAssembly.dll" className="TestNamespace.TestClass8" name="Test4172" />
    </UnitTest>
    <UnitTest name="Test4173" id="c77d272e-afc0-4e96-82d7-ae0cd802fb1c" storage="TestAssembly.dll">
      <Execution id="67d49799-e20a-4f13-9e3f-8aecfcaa7b8b" />
      <TestMethod codeBase="TestAssembly.dll" className="TestNamespace.TestClass8" name="Test4173" />
    </UnitTest>
    <UnitTest name="Test4174" id="d18adfa1-0ce8-4047-93dc-32fb815b8221" storage="TestAssembly.dll">
      <Execution id="774618ed-beac-49f1-b285-7742940cc66a" />
      <TestMethod codeBase="TestAssembly.dll" className="TestNamespace.TestClass8" name="Test4174" />
    </UnitTest>
    <UnitTest name="Test4175" id="cad7b8aa-b681-407a-9964-bd8c89174f64" storage="TestAssembly.dll">
      <Execution id="18e695f1-a7fe-4260-83c0-c8a678417a95" />
      <TestMethod codeBase="TestAssembly.dll" className="TestNamespace.TestClass8" name="Test4175" />
    </UnitTest>
    <UnitTest name="Test4176" id="375960bf-71cb-44d5-9bbb-1c3357edbc19" storage="TestAssembly.dll">
      <Execution id="6c7f1997-eb2e-4f05-b2d8-be0cc9332466" />
      <TestMethod codeBase="TestAssembly.dll" className="TestNamespace.TestClass8" name="Test4176" />
    </UnitTest>
    <UnitTest name="Test4177" id="c54ea1ac-488c-4b37-b034-4031e62d6204" storage="TestAssembly.dll">
      <Execution id="2733a53d-157a-4013-88e9-a0d9a512f99b" />
      <TestMethod codeBase="TestAssembly.dll" className="TestNamespace.TestClass8" name="Test4177" />
    </UnitTest>
    <UnitTest name="Test4178" id="1dd5e342-b2f7-4957-9a84-df38935b289a" storage="TestAssembly.dll">
      <Execution id="323f2ab9-0d70-4844-b37b-72add7a95793" />
      <TestMethod codeBase="TestAssembly.dll" className="TestNamespace.TestClass8" name="Test4178" />
    </UnitTest>
    <UnitTest name="Test4179" id="0c4a4225-230e-46f6-ac4b-040049a8f485" storage="TestAssembly.dll">
      <Execution id="e67e63e3-6c72-4542-a089-7de2b5ec9e26" />
      <TestMethod codeBase="TestAssembly.dll" className="TestNamespace.TestClass8" name="Test4179" />
    </UnitTest>
    <UnitTest name="Test4180" id="044b456e-f060-4844-986d-fcac705e80ee" storage="TestAssembly.dll">
      <Execution id="8fd7b909-5982-4237-aa8f-073009cd7145" />
      <TestMethod codeBase="TestAssembly.dll" className="TestNamespace.TestClass8" name="Test4180" />
    </UnitTest>
    <UnitTest name="Test4181" id="cc97df8b-414a-4977-a2a1-020385cc3973" storage="TestAssembly.dll">
      <Execution id="b63dfc94-46b5-4db8-b054-f926cd18b48c" />
      <TestMethod codeBase="TestAssembly.dll" className="TestNamespace.TestClass9" name="Test4181" />
    </UnitTest>
    <UnitTest name="Test4182" id="71e50e95-0ec5-49c6-8141-cd58ef820ed1" storage="TestAssembly.dll">
      <Execution id="89a600ea-6a36-4b6d-a543-dbeb82b1913c" />
      <TestMethod codeBase="TestAssembly.dll" className="TestNamespace.TestClass9" name="Test4182" />
    </UnitTest>
    <UnitTest name="Test4183" id="e82c902e-6481-4f45-861d-aa9be641b25a" storage="TestAssembly.dll">
      <Execution id="764740ba-d49f-41a4-8c99-a692a14b35cb" />
      <TestMethod codeBase="TestAssembly.dll" className="TestNamespace.TestClass9" name="Test4183" />
    </UnitTest>
    <UnitTest name="Test4184" id="50a707e1-babb-4425-9b7d-bf6eb0af2b20" storage="TestAssembly.dll">
      <Execution id="3b19d765-8071-4edf-b157-cba0fc33fa4f" />
      <TestMethod codeBase="TestAssembly.dll" className="TestNamespace.TestClass9" name="Test4184" />
    </UnitTest>
    <UnitTest name="Test4185" id="70237f3e-ec4c-4a65-b952-b612526a2648" storage="TestAssembly.dll">
      <Execution id="95716551-a627-42cd-bfd2-f454f80167aa" />
      <TestMethod codeBase="TestAssembly.dll" className="TestNamespace.TestClass9" name="Test4185" />
    </UnitTest>
    <UnitTest name="Test4186" id="78c9acc4-11f8-4b3a-941a-36b97be0ed00" storage="TestAssembly.dll">
      <Execution id="2287fa2b-0fb9-4799-a089-780dc1bdb624" />
      <TestMethod codeBase="TestAssembly.dll" className="TestNamespace.TestClass9" name="Test4186" />
    </UnitTest>
    <UnitTest name="Test4187" id="f98a4d01-7901-443c-8820-06e36038184e" storage="TestAssembly.dll">
      <Execution id="84e2e094-85be-4e78-b251-9869fb4777f2" />
      <TestMethod codeBase="TestAssembly.dll" className="TestNamespace.TestClass9" name="Test4187" />
    </UnitTest>
    <UnitTest name="Test4188" id="85cb1e89-10d7-4051-871b-8561d34117b8" storage="TestAssembly.dll">
      <Execution id="f5a54498-3245-4af5-9a1d-447f03db2b57" />
      <TestMethod codeBase="TestAssembly.dll" className="TestNamespace.TestClass9" name="Test4188" />
    </UnitTest>
    <UnitTest name="Test4189" id="39e10f60-e725-4c9a-87cc-f93e582fcca4" storage="TestAssembly.dll">
      <Execution id="d9884857-f70c-4690-99ca-c707367f2d0e" />
      <TestMethod codeBase="TestAssembly.dll" className="TestNamespace.TestClass9" name="Test4189" />
    </UnitTest>
    <UnitTest name="Test4190" id="dc2cdb2c-fad8-4994-a819-64b9afe308aa" storage="TestAssembly.dll">
      <Execution id="8bc2eb51-1453-4f9b-a611-cd9856ed8e05" />
      <TestMethod codeBase="TestAssembly.dll" className="TestNamespace.TestClass9" name="Test4190" />
    </UnitTest>
    <UnitTest name="Test4191" id="cc3b6142-d9a6-46d2-a946-2607f30f9881" storage="TestAssembly.dll">
      <Execution id="01a416b1-2b7e-4a08-a4f2-80c58b97f698" />
      <TestMethod codeBase="TestAssembly.dll" className="TestNamespace.TestClass10" name="Test4191" />
    </UnitTest>
    <UnitTest name="Test4192" id="016cfbb5-02fd-4b25-9e8d-d8aaef0cebfd" storage="TestAssembly.dll">
      <Execution id="c64074c4-1367-4b79-939a-e90a2228d775" />
      <TestMethod codeBase="TestAssembly.dll" className="TestNamespace.TestClass10" name="Test4192" />
    </UnitTest>
    <UnitTest name="Test4193" id="4d633f4d-a7d2-45ac-aee5-facae6aa9d23" storage="TestAssembly.dll">
      <Execution id="7c3b391d-88b6-47fd-9952-d42b1da521d2" />
      <TestMethod codeBase="TestAssembly.dll" className="TestNamespace.TestClass10" name="Test4193" />
    </UnitTest>
    <UnitTest name="Test4194" id="2734988d-3e79-4164-a38b-72611189eaf2" storage="TestAssembly.dll">
      <Execution id="1d339096-1405-4e24-a417-503638ec9dce" />
      <TestMethod codeBase="TestAssembly.dll" className="TestNamespace.TestClass10" name="Test4194" />
    </UnitTest>
    <UnitTest name="Test4195" id="9108be88-5a66-4de0-90a7-c9e7abd8ef16" storage="TestAssembly.dll">
      <Execution id="ffe872a3-af45-4007-bfab-1c43ba935973" />
      <TestMethod codeBase="TestAssembly.dll" className="TestNamespace.TestClass10" name="Test4195" />
    </UnitTest>
    <UnitTest name="Test4196" id="d4e76373-7551-4a43-ac6b-60e982539a25" storage="TestAssembly.dll">
      <Execution id="0d5917ba-ec74-4b50-be90-9ad5f1be504a" />
      <TestMethod codeBase="TestAssembly.dll" className="TestNamespace.TestClass10" name="Test4196" />
    </UnitTest>
    <UnitTest name="Test4197" id="95d3af2a-1658-43f6-86bb-534473ec3b55" storage="TestAssembly.dll">
      <Execution id="6cbf7bb1-f1db-4a84-9f17-626c542a5338" />
      <TestMethod codeBase="TestAssembly.dll" className="TestNamespace.TestClass10" name="Test4197" />
    </UnitTest>
    <UnitTest name="Test4198" id="4bb93605-d50e-46cf-8623-cd8dd9d191e4" storage="TestAssembly.dll">
      <Execution id="57080fc2-b0fb-4703-841f-1599507e24b3" />
      <TestMethod codeBase="TestAssembly.dll" className="TestNamespace.TestClass10" name="Test4198" />
    </UnitTest>
    <UnitTest name="Test4199" id="ae8ee5d3-a29f-4335-b0ee-45ba81918ef3" storage="TestAssembly.dll">
      <Execution id="e2cbefb0-4806-4c89-8a84-12f42fa60b94" />
      <TestMethod codeBase="TestAssembly.dll" className="TestNamespace.TestClass10" name="Test4199" />
    </UnitTest>
    <UnitTest name="Test4200" id="e37051ba-5964-4a76-81c3-ad93d877d060" storage="TestAssembly.dll">
      <Execution id="5bb9b014-aeed-47c0-9c26-23c5da7de9d7" />
      <TestMethod codeBase="TestAssembly.dll" className="TestNamespace.TestClass10" name="Test4200" />
    </UnitTest>
  </TestDefinitions>
  <TestEntries>
    <TestEntry testId="87956d17-2517-460c-8178-3a11a5850585" executionId="91b0a0b3-4353-4d2b-8667-107c482fb313" testListId="7fbf8b1b-c48c-43fb-ac90-d8f7d2b1e2ed" />
    <TestEntry testId="2c289428-98c3-4994-ac80-187677409376" executionId="205dd750-67fa-41c5-8b4f-c8bdef7376e3" testListId="7fbf8b1b-c48c-43fb-ac90-d8f7d2b1e2ed" />
    <TestEntry testId="bb61218e-4299-42ea-8d82-61b5fddc7984" executionId="0c6ab449-a0b5-44ae-a72f-4a7234c25413" testListId="7fbf8b1b-c48c-43fb-ac90-d8f7d2b1e2ed" />
    <TestEntry testId="3c47ecb6-364f-43f1-8828-cf1c4a188e0a" executionId="23bba8f6-4b2b-49ec-942f-d0930637b1d6" testListId="7fbf8b1b-c48c-43fb-ac90-d8f7d2b1e2ed" />
    <TestEntry testId="e3daede5-a722-408a-acf8-1247bf40363c" executionId="9959ca04-1765-4ac5-831f-cd8f168beee6" testListId="7fbf8b1b-c48c-43fb-ac90-d8f7d2b1e2ed" />
    <TestEntry testId="77682097-29fc-4697-ab2c-45c56aa0d433" executionId="c75d19ff-86cb-4bfd-95da-f0572f3e88eb" testListId="7fbf8b1b-c48c-43fb-ac90-d8f7d2b1e2ed" />
    <TestEntry testId="10c76c99-9c08-445c-9d3a-fcd93d90280a" executionId="b5cf2b58-ecb2-4cc4-90cc-69cf343b67e7" testListId="7fbf8b1b-c48c-43fb-ac90-d8f7d2b1e2ed" />
    <TestEntry testId="d63deffb-2ec4-424c-9513-6f434439692f" executionId="1cc15112-c65f-4d59-81ad-feb74dd8bcac" testListId="7fbf8b1b-c48c-43fb-ac90-d8f7d2b1e2ed" />
    <TestEntry testId="5001a01f-d094-4dc5-8ff4-6342e6cafa0d" executionId="70ec2205-897f-44d9-8854-a4475b37e319" testListId="7fbf8b1b-c48c-43fb-ac90-d8f7d2b1e2ed" />
    <TestEntry testId="31653ccb-90e5-48b0-b109-5ea22b05e0f6" executionId="eee85ad0-a07d-4963-b2db-1806c6d9241e" testListId="7fbf8b1b-c48c-43fb-ac90-d8f7d2b1e2ed" />
    <TestEntry testId="e647d5d2-5542-4358-9336-341d0841171d" executionId="2a7f502f-223d-4593-b790-dc9c6ca0c20a" testListId="7fbf8b1b-c48c-43fb-ac90-d8f7d2b1e2ed" />
    <TestEntry testId="3ccba572-db18-4572-91b4-3ea4524df006" executionId="dbbc32e8-1f8a-462c-861f-8370cb483e14" testListId="7fbf8b1b-c48c-43fb-ac90-d8f7d2b1e2ed" />
    <TestEntry testId="54c66a1e-725c-4ac8-8f71-b76517798d74" executionId="ede7a57a-e9c4-405f-ad0d-3fbac99edc61" testListId="7fbf8b1b-c48c-43fb-ac90-d8f7d2b1e2ed" />
    <TestEntry testId="29bc5c31-c45a-4b6f-93dc-ff23fdfec39a" executionId="fbd10412-49ca-4bc1-80da-93714f43e562" testListId="7fbf8b1b-c48c-43fb-ac90-d8f7d2b1e2ed" />
    <TestEntry testId="2db43ccd-d195-4a55-95bc-5faee176be7c" executionId="ee0568f8-527a-4667-a2df-7a24025bf6d4" testListId="7fbf8b1b-c48c-43fb-ac90-d8f7d2b1e2ed" />
    <TestEntry testId="9e6b1e4a-4218-4d58-8cce-00fd7ce0328a" executionId="b7f244ee-776d-437d-93ef-86e496a3f1c0" testListId="7fbf8b1b-c48c-43fb-ac90-d8f7d2b1e2ed" />
    <TestEntry testId="2d6efdbf-393c-4194-a1ed-aa4e61bf1473" executionId="582932f9-68fc-4e14-9a35-84f0f302e531" testListId="7fbf8b1b-c48c-43fb-ac90-d8f7d2b1e2ed" />
    <TestEntry testId="f78f990b-e936-4776-bce0-dd70491f7f03" executionId="12f3ce6c-799c-4b8a-9036-81f2afecab46" testListId="7fbf8b1b-c48c-43fb-ac90-d8f7d2b1e2ed" />
    <TestEntry testId="be62e0d5-d5ea-42e2-b81d-64bb1437e006" executionId="27f46096-9201-43f0-acf7-c8d9234cf0c3" testListId="7fbf8b1b-c48c-43fb-ac90-d8f7d2b1e2ed" />
    <TestEntry testId="74d2017d-ae20-43d9-95d3-db8f4544f3f4" executionId="d52f1acd-ed94-473d-83a5-f600d06fbcfe" testListId="7fbf8b1b-c48c-43fb-ac90-d8f7d2b1e2ed" />
    <TestEntry testId="3fdaa444-50f6-4540-915c-59e799290664" executionId="1bb53c4b-dd0e-4812-a9b1-d6aaf7079e45" testListId="7fbf8b1b-c48c-43fb-ac90-d8f7d2b1e2ed" />
    <TestEntry testId="c81269e7-ff49-4871-a7c2-d8506bdf98d3" executionId="fe136835-4bfb-4c96-b3a2-83fea62e2811" testListId="7fbf8b1b-c48c-43fb-ac90-d8f7d2b1e2ed" />
    <TestEntry testId="5295de8a-05bf-43db-9c1d-3ff47a702d99" executionId="fd5ea0ce-974f-415c-8def-2f260cc82abe" testListId="7fbf8b1b-c48c-43fb-ac90-d8f7d2b1e2ed" />
    <TestEntry testId="b517987c-3c42-4876-b838-25746eed1a2e" executionId="36135bef-bc57-497e-9868-17dbfa0d9c96" testListId="7fbf8b1b-c48c-43fb-ac90-d8f7d2b1e2ed" />
    <TestEntry testId="e26729c9-50d9-47f5-8769-0e8e33449604" executionId="d8e18aad-25cd-46eb-b432-7e7d527051b1" testListId="7fbf8b1b-c48c-43fb-ac90-d8f7d2b1e2ed" />
    <TestEntry testId="4ed5672f-69a4-4a3a-bf0b-55d10472e973" executionId="e018ca0f-f0ec-406d-9d3c-ae9ba97af1bb" testListId="7fbf8b1b-c48c-43fb-ac90-d8f7d2b1e2ed" />
    <TestEntry testId="10a36040-2966-4b78-b31a-751f600ba4d9" executionId="4dd7a1d3-d65e-4b93-bb97-6bbc168d771d" testListId="7fbf8b1b-c48c-43fb-ac90-d8f7d2b1e2ed" />
    <TestEntry testId="e9b49c24-deb0-4d4d-b9bb-02e56642972e" executionId="256bd4c1-aebd-4b2f-b1b5-970eba795e2f" testListId="7fbf8b1b-c48c-43fb-ac90-d8f7d2b1e2ed" />
    <TestEntry testId="b0f1ec40-47e2-482d-be5e-9a06253c053b" executionId="4fbda6e2-e4b4-4448-9306-ac3e996cc71d" testListId="7fbf8b1b-c48c-43fb-ac90-d8f7d2b1e2ed" />
    <TestEntry testId="26ddb5d8-830a-4b42-b006-9513b040af9e" executionId="d16fee09-784d-4b4b-885c-9f93d794f448" testListId="7fbf8b1b-c48c-43fb-ac90-d8f7d2b1e2ed" />
    <TestEntry testId="d54e1f0a-1fb4-42fa-91c3-eab38fa10523" executionId="f5e81683-781e-4092-9f1c-489b394cae1f" testListId="7fbf8b1b-c48c-43fb-ac90-d8f7d2b1e2ed" />
    <TestEntry testId="20d0ce56-6a9b-4657-943d-3320bca069df" executionId="ca2642c0-e9ca-4f93-a8a0-5ae6561e9e97" testListId="7fbf8b1b-c48c-43fb-ac90-d8f7d2b1e2ed" />
    <TestEntry testId="0dff883a-6d8f-40c9-95dc-2aff2f8e3d68" executionId="e7f08a93-3594-49ee-b6f4-7a7bf5a0b78b" testListId="7fbf8b1b-c48c-43fb-ac90-d8f7d2b1e2ed" />
    <TestEntry testId="42690c2e-ba2b-4979-8e35-bb1790258191" executionId="0cc303f3-28f0-4ba2-ad05-99e7545ba64e" testListId="7fbf8b1b-c48c-43fb-ac90-d8f7d2b1e2ed" />
    <TestEntry testId="ce0b8f0a-20ba-4535-ad51-4aa88e8ad3b6" executionId="9c122d44-355b-4d6a-b8ee-5f04f8eaf196" testListId="7fbf8b1b-c48c-43fb-ac90-d8f7d2b1e2ed" />
    <TestEntry testId="a1ebb4a2-29e0-4494-a61d-9701cd40002d" executionId="858a681e-d7ae-4a11-bb9b-05332d7ae226" testListId="7fbf8b1b-c48c-43fb-ac90-d8f7d2b1e2ed" />
    <TestEntry testId="1f73248f-e428-4f5b-9a4c-5395ac63fa1a" executionId="1f854c6b-0cb3-4860-a86f-6279e46dc1bc" testListId="7fbf8b1b-c48c-43fb-ac90-d8f7d2b1e2ed" />
    <TestEntry testId="95a8a482-aca9-43f7-9391-dbb5f80f42bd" executionId="7331dc13-a339-494e-ab30-3ea64a228106" testListId="7fbf8b1b-c48c-43fb-ac90-d8f7d2b1e2ed" />
    <TestEntry testId="448d0dfc-4c46-4c52-bc6c-f47583093d51" executionId="4793e9c0-a232-44cd-b122-e973d2ba858e" testListId="7fbf8b1b-c48c-43fb-ac90-d8f7d2b1e2ed" />
    <TestEntry testId="8ed351a8-174e-4103-be61-43cecc31b343" executionId="376e6eca-188b-46ae-b217-7c71d6f39a96" testListId="7fbf8b1b-c48c-43fb-ac90-d8f7d2b1e2ed" />
    <TestEntry testId="e12fea30-c82a-4491-94c6-58bc277ce45e" executionId="0fd083da-cd50-4ec2-9799-58d07dd4f359" testListId="7fbf8b1b-c48c-43fb-ac90-d8f7d2b1e2ed" />
    <TestEntry testId="f6189846-3783-487a-a8ac-8fd2db3e55c8" executionId="55aa5ef0-59a2-4d01-b0ad-09f6666ec29b" testListId="7fbf8b1b-c48c-43fb-ac90-d8f7d2b1e2ed" />
    <TestEntry testId="c900044d-eefb-4ae4-851b-6a28e32d270f" executionId="4f05f5df-5d3c-45a4-8a7e-b0baedc70f5e" testListId="7fbf8b1b-c48c-43fb-ac90-d8f7d2b1e2ed" />
    <TestEntry testId="b6c6afb5-0083-409a-bb71-c84298a2202c" executionId="161d8507-e5f2-4a32-83e3-a8fdad6308ee" testListId="7fbf8b1b-c48c-43fb-ac90-d8f7d2b1e2ed" />
    <TestEntry testId="e944b514-efdd-46d6-a487-1edee8f2c933" executionId="dad3b56a-7a08-4fdb-9c8f-260b2da7bd5f" testListId="7fbf8b1b-c48c-43fb-ac90-d8f7d2b1e2ed" />
    <TestEntry testId="bf90ec42-5473-47ab-88ce-c8b69b93f42b" executionId="afa13fb8-971e-4a25-8037-ebe5f098ccfa" testListId="7fbf8b1b-c48c-43fb-ac90-d8f7d2b1e2ed" />
    <TestEntry testId="ea888c18-d2ae-41b6-a50e-73c27fe0b2ad" executionId="b41a51c4-45a6-4f55-b6ed-fd17eac73775" testListId="7fbf8b1b-c48c-43fb-ac90-d8f7d2b1e2ed" />
    <TestEntry testId="fe794b19-3f95-421d-a731-a1fe9905832d" executionId="12ee0b1b-9cda-44e6-9791-dcfe6ba641ac" testListId="7fbf8b1b-c48c-43fb-ac90-d8f7d2b1e2ed" />
    <TestEntry testId="ff5a5553-9f4c-43ee-8141-be7f80dc3b93" executionId="37b8a4bc-540d-4c35-9ef9-8164e48d5d9e" testListId="7fbf8b1b-c48c-43fb-ac90-d8f7d2b1e2ed" />
    <TestEntry testId="712c29c2-ee82-4e9a-870d-7a523c903ff3" executionId="d461194e-1ca4-4c13-87cc-5888cbe0c43f" testListId="7fbf8b1b-c48c-43fb-ac90-d8f7d2b1e2ed" />
    <TestEntry testId="c4b8c1e1-f067-44d4-a6c9-c4fbb3ecf85c" executionId="42031a6e-b9ed-4e1d-a9cf-38dd7e6ab31b" testListId="7fbf8b1b-c48c-43fb-ac90-d8f7d2b1e2ed" />
    <TestEntry testId="e87166da-c821-42b4-900e-fc16501a49b3" executionId="6bffe6b6-9aa4-45e4-a492-9195c59af4c7" testListId="7fbf8b1b-c48c-43fb-ac90-d8f7d2b1e2ed" />
    <TestEntry testId="981839fe-5cae-43e2-997c-ee4a19a9471a" executionId="7a4dd78d-2758-45d4-aba2-570ea95082b3" testListId="7fbf8b1b-c48c-43fb-ac90-d8f7d2b1e2ed" />
    <TestEntry testId="07526346-5664-4e29-bc23-4aabb2e05f24" executionId="ae756d64-782a-4d43-9733-019814a955b7" testListId="7fbf8b1b-c48c-43fb-ac90-d8f7d2b1e2ed" />
    <TestEntry testId="74cb3bae-aadb-4629-ba9c-b032925a3ab8" executionId="dc9d27aa-e39f-4a50-bd3d-dac7cdd46d50" testListId="7fbf8b1b-c48c-43fb-ac90-d8f7d2b1e2ed" />
    <TestEntry testId="7ab7a3bf-1439-4a92-bc68-5e7a5c7d7f16" executionId="c908e148-663d-463c-aefc-48336db1dd98" testListId="7fbf8b1b-c48c-43fb-ac90-d8f7d2b1e2ed" />
    <TestEntry testId="4eb3b602-7108-41ee-93f5-1aa8774f0db9" executionId="ab9cfb16-97f4-42c8-83ca-1e34870b22e9" testListId="7fbf8b1b-c48c-43fb-ac90-d8f7d2b1e2ed" />
    <TestEntry testId="68e8186a-cfb1-4a2a-8165-0baae8451f70" executionId="ad81aa00-c6f7-4850-96d4-c94f6051d648" testListId="7fbf8b1b-c48c-43fb-ac90-d8f7d2b1e2ed" />
    <TestEntry testId="5b2fb188-8f87-4734-a2b3-8300edcd471d" executionId="9ff8f226-dc58-44d5-b673-9d3ef44799db" testListId="7fbf8b1b-c48c-43fb-ac90-d8f7d2b1e2ed" />
    <TestEntry testId="e34ce605-3f5a-44e5-94ee-c8bd79c30f46" executionId="3688d8be-f6ab-40cb-a47d-f1bde531ad94" testListId="7fbf8b1b-c48c-43fb-ac90-d8f7d2b1e2ed" />
    <TestEntry testId="663b2324-529a-4275-92e6-296d13ac8c7f" executionId="04db82e7-04a8-4eea-b0bb-5dc7afdfbc5e" testListId="7fbf8b1b-c48c-43fb-ac90-d8f7d2b1e2ed" />
    <TestEntry testId="595b0f32-9138-4c46-8f5a-bfcf13f380fb" executionId="b0cc00bc-ea16-429a-a46e-e1bc1720ea44" testListId="7fbf8b1b-c48c-43fb-ac90-d8f7d2b1e2ed" />
    <TestEntry testId="30efd494-4a3c-4a07-8f6c-86ea18081713" executionId="9f09f86d-54c3-4915-bc79-f769a1e47768" testListId="7fbf8b1b-c48c-43fb-ac90-d8f7d2b1e2ed" />
    <TestEntry testId="f903bcc3-5071-4822-93e5-355820140a3a" executionId="79d03588-fa50-4d12-8a4a-e4b9f2758fcd" testListId="7fbf8b1b-c48c-43fb-ac90-d8f7d2b1e2ed" />
    <TestEntry testId="097b07a1-bea1-4193-b44d-d70f52fbdd18" executionId="078f09a1-578b-4415-83d0-aacba5eb6e8c" testListId="7fbf8b1b-c48c-43fb-ac90-d8f7d2b1e2ed" />
    <TestEntry testId="cf68701f-5724-4cd5-bf9f-a498ac279029" executionId="47aa4fd1-4194-47e3-a8be-c01a8c7368fb" testListId="7fbf8b1b-c48c-43fb-ac90-d8f7d2b1e2ed" />
    <TestEntry testId="a66d8bee-6ef1-44cd-8de3-c0342ab4c176" executionId="c2445e7c-114d-4eec-9b50-2788ef8513f6" testListId="7fbf8b1b-c48c-43fb-ac90-d8f7d2b1e2ed" />
    <TestEntry testId="5496e226-e52e-4ba0-9c44-ca7c9630cde1" executionId="9d9a67f2-e601-4a94-9eb7-a0078581c323" testListId="7fbf8b1b-c48c-43fb-ac90-d8f7d2b1e2ed" />
    <TestEntry testId="9d97a88d-02cb-43d7-a35e-66577aaa3cb8" executionId="4f5ed3d6-bdd8-4497-86ad-99562f1e4177" testListId="7fbf8b1b-c48c-43fb-ac90-d8f7d2b1e2ed" />
    <TestEntry testId="ab9667d1-1ead-490d-aceb-102b35b674e7" executionId="dba89eeb-4e41-402a-8932-98e5ecc6c761" testListId="7fbf8b1b-c48c-43fb-ac90-d8f7d2b1e2ed" />
    <TestEntry testId="16795714-1b5f-4e57-8b52-72e2449b73de" executionId="ccadbaf8-e4e7-4833-8a16-438e867147a3" testListId="7fbf8b1b-c48c-43fb-ac90-d8f7d2b1e2ed" />
    <TestEntry testId="2ad8c2f7-2585-4b06-8008-437b86f33724" executionId="2ca28124-42cf-4df8-8e19-1fc47816dd0a" testListId="7fbf8b1b-c48c-43fb-ac90-d8f7d2b1e2ed" />
    <TestEntry testId="c77d272e-afc0-4e96-82d7-ae0cd802fb1c" executionId="67d49799-e20a-4f13-9e3f-8aecfcaa7b8b" testListId="7fbf8b1b-c48c-43fb-ac90-d8f7d2b1e2ed" />
    <TestEntry testId="d18adfa1-0ce8-4047-93dc-32fb815b8221" executionId="774618ed-beac-49f1-b285-7742940cc66a" testListId="7fbf8b1b-c48c-43fb-ac90-d8f7d2b1e2ed" />
    <TestEntry testId="cad7b8aa-b681-407a-9964-bd8c89174f64" executionId="18e695f1-a7fe-4260-83c0-c8a678417a95" testListId="7fbf8b1b-c48c-43fb-ac90-d8f7d2b1e2ed" />
    <TestEntry testId="375960bf-71cb-44d5-9bbb-1c3357edbc19" executionId="6c7f1997-eb2e-4f05-b2d8-be0cc9332466" testListId="7fbf8b1b-c48c-43fb-ac90-d8f7d2b1e2ed" />
    <TestEntry testId="c54ea1ac-488c-4b37-b034-4031e62d6204" executionId="2733a53d-157a-4013-88e9-a0d9a512f99b" testListId="7fbf8b1b-c48c-43fb-ac90-d8f7d2b1e2ed" />
    <TestEntry testId="1dd5e342-b2f7-4957-9a84-df38935b289a" executionId="323f2ab9-0d70-4844-b37b-72add7a95793" testListId="7fbf8b1b-c48c-43fb-ac90-d8f7d2b1e2ed" />
    <TestEntry testId="0c4a4225-230e-46f6-ac4b-040049a8f485" executionId="e67e63e3-6c72-4542-a089-7de2b5ec9e26" testListId="7fbf8b1b-c48c-43fb-ac90-d8f7d2b1e2ed" />
    <TestEntry testId="044b456e-f060-4844-986d-fcac705e80ee" executionId="8fd7b909-5982-4237-aa8f-073009cd7145" testListId="7fbf8b1b-c48c-43fb-ac90-d8f7d2b1e2ed" />
    <TestEntry testId="cc97df8b-414a-4977-a2a1-020385cc3973" executionId="b63dfc94-46b5-4db8-b054-f926cd18b48c" testListId="7fbf8b1b-c48c-43fb-ac90-d8f7d2b1e2ed" />
    <TestEntry testId="71e50e95-0ec5-49c6-8141-cd58ef820ed1" executionId="89a600ea-6a36-4b6d-a543-dbeb82b1913c" testListId="7fbf8b1b-c48c-43fb-ac90-d8f7d2b1e2ed" />
    <TestEntry testId="e82c902e-6481-4f45-861d-aa9be641b25a" executionId="764740ba-d49f-41a4-8c99-a692a14b35cb" testListId="7fbf8b1b-c48c-43fb-ac90-d8f7d2b1e2ed" />
    <TestEntry testId="50a707e1-babb-4425-9b7d-bf6eb0af2b20" executionId="3b19d765-8071-4edf-b157-cba0fc33fa4f" testListId="7fbf8b1b-c48c-43fb-ac90-d8f7d2b1e2ed" />
    <TestEntry testId="70237f3e-ec4c-4a65-b952-b612526a2648" executionId="95716551-a627-42cd-bfd2-f454f80167aa" testListId="7fbf8b1b-c48c-43fb-ac90-d8f7d2b1e2ed" />
    <TestEntry testId="78c9acc4-11f8-4b3a-941a-36b97be0ed00" executionId="2287fa2b-0fb9-4799-a089-780dc1bdb624" testListId="7fbf8b1b-c48c-43fb-ac90-d8f7d2b1e2ed" />
    <TestEntry testId="f98a4d01-7901-443c-8820-06e36038184e" executionId="84e2e094-85be-4e78-b251-9869fb4777f2" testListId="7fbf8b1b-c48c-43fb-ac90-d8f7d2b1e2ed" />
    <TestEntry testId="85cb1e89-10d7-4051-871b-8561d34117b8" executionId="f5a54498-3245-4af5-9a1d-447f03db2b57" testListId="7fbf8b1b-c48c-43fb-ac90-d8f7d2b1e2ed" />
    <TestEntry testId="39e10f60-e725-4c9a-87cc-f93e582fcca4" executionId="d9884857-f70c-4690-99ca-c707367f2d0e" testListId="7fbf8b1b-c48c-43fb-ac90-d8f7d2b1e2ed" />
    <TestEntry testId="dc2cdb2c-fad8-4994-a819-64b9afe308aa" executionId="8bc2eb51-1453-4f9b-a611-cd9856ed8e05" testListId="7fbf8b1b-c48c-43fb-ac90-d8f7d2b1e2ed" />
    <TestEntry testId="cc3b6142-d9a6-46d2-a946-2607f30f9881" executionId="01a416b1-2b7e-4a08-a4f2-80c58b97f698" testListId="7fbf8b1b-c48c-43fb-ac90-d8f7d2b1e2ed" />
    <TestEntry testId="016cfbb5-02fd-4b25-9e8d-d8aaef0cebfd" executionId="c64074c4-1367-4b79-939a-e90a2228d775" testListId="7fbf8b1b-c48c-43fb-ac90-d8f7d2b1e2ed" />
    <TestEntry testId="4d633f4d-a7d2-45ac-aee5-facae6aa9d23" executionId="7c3b391d-88b6-47fd-9952-d42b1da521d2" testListId="7fbf8b1b-c48c-43fb-ac90-d8f7d2b1e2ed" />
    <TestEntry testId="2734988d-3e79-4164-a38b-72611189eaf2" executionId="1d339096-1405-4e24-a417-503638ec9dce" testListId="7fbf8b1b-c48c-43fb-ac90-d8f7d2b1e2ed" />
    <TestEntry testId="9108be88-5a66-4de0-90a7-c9e7abd8ef16" executionId="ffe872a3-af45-4007-bfab-1c43ba935973" testListId="7fbf8b1b-c48c-43fb-ac90-d8f7d2b1e2ed" />
    <TestEntry testId="d4e76373-7551-4a43-ac6b-60e982539a25" executionId="0d5917ba-ec74-4b50-be90-9ad5f1be504a" testListId="7fbf8b1b-c48c-43fb-ac90-d8f7d2b1e2ed" />
    <TestEntry testId="95d3af2a-1658-43f6-86bb-534473ec3b55" executionId="6cbf7bb1-f1db-4a84-9f17-626c542a5338" testListId="7fbf8b1b-c48c-43fb-ac90-d8f7d2b1e2ed" />
    <TestEntry testId="4bb93605-d50e-46cf-8623-cd8dd9d191e4" executionId="57080fc2-b0fb-4703-841f-1599507e24b3" testListId="7fbf8b1b-c48c-43fb-ac90-d8f7d2b1e2ed" />
    <TestEntry testId="ae8ee5d3-a29f-4335-b0ee-45ba81918ef3" executionId="e2cbefb0-4806-4c89-8a84-12f42fa60b94" testListId="7fbf8b1b-c48c-43fb-ac90-d8f7d2b1e2ed" />
    <TestEntry testId="e37051ba-5964-4a76-81c3-ad93d877d060" executionId="5bb9b014-aeed-47c0-9c26-23c5da7de9d7" testListId="7fbf8b1b-c48c-43fb-ac90-d8f7d2b1e2ed" />
  </TestEntries>
  <TestLists>
    <TestList name="Results Not in a List" id="7fbf8b1b-c48c-43fb-ac90-d8f7d2b1e2ed" />
    <TestList name="All Loaded Results" id="1e5b7bcb-18d5-42e7-a604-19e6635801b8" />
  </TestLists>
</TestRun>