<?xml version="1.0" encoding="UTF-8"?>
<TestRun id="13f6ea0b-f854-4648-9809-a891e564fb35" name="Test Run 11" runUser="Oles Galatsan" xmlns="http://microsoft.com/schemas/VisualStudio/TeamTest/2010">
  <Times creation="2025-05-14T13:20:31.3125482Z" queuing="2025-05-14T13:20:31.3125482Z" start="2025-05-14T13:20:31.3146610Z" finish="2025-05-14T13:25:31.3147553Z" />
  <TestSettings name="Test Settings 11" id="2d8c1119-84a0-4e4a-9682-45df7e8889c7" />
  <Results>
    <UnitTestResult executionId="2ee0acb9-a91f-4db2-867f-c4cba343fce9" testId="3dd5863e-1c82-4879-b931-f212fe902742" testName="Test1001" computerName="UA-LPT-OGA2" duration="00:00:01.4780000" startTime="2025-05-14T13:20:31.3146610Z" endTime="2025-05-14T13:25:31.3147553Z" testType="13cdc9d9-ddb5-4fa4-a97d-d965ccfc6d4b" outcome="Passed" testListId="19475ed8-5618-488e-aa2e-200016933d92" />
    <UnitTestResult executionId="841848d4-b578-49f0-983d-9999613ea592" testId="de2c16a1-d113-400f-b685-aa7e8d51683e" testName="Test1002" computerName="UA-LPT-OGA2" duration="00:00:01.3240000" startTime="2025-05-14T13:20:31.3146610Z" endTime="2025-05-14T13:25:31.3147553Z" testType="13cdc9d9-ddb5-4fa4-a97d-d965ccfc6d4b" outcome="Passed" testListId="19475ed8-5618-488e-aa2e-200016933d92" />
    <UnitTestResult executionId="c2a1f2a3-dbd8-4c45-b7a7-0d31ff2427c6" testId="80a5cfa6-4277-4993-80f7-5c74ad241aea" testName="Test1003" computerName="UA-LPT-OGA2" duration="00:00:00.5390000" startTime="2025-05-14T13:20:31.3146610Z" endTime="2025-05-14T13:25:31.3147553Z" testType="13cdc9d9-ddb5-4fa4-a97d-d965ccfc6d4b" outcome="Passed" testListId="19475ed8-5618-488e-aa2e-200016933d92" />
    <UnitTestResult executionId="ca4fb7bd-8864-4297-b095-c6a5da3def19" testId="83df8162-914c-4c8d-9226-1a5da79ca2b9" testName="Test1004" computerName="UA-LPT-OGA2" duration="00:00:01.6590000" startTime="2025-05-14T13:20:31.3146610Z" endTime="2025-05-14T13:25:31.3147553Z" testType="13cdc9d9-ddb5-4fa4-a97d-d965ccfc6d4b" outcome="Passed" testListId="19475ed8-5618-488e-aa2e-200016933d92" />
    <UnitTestResult executionId="7aa85955-5db5-4208-822a-148b3f957728" testId="e03216e0-d88a-406c-ac65-16a433e5050d" testName="Test1005" computerName="UA-LPT-OGA2" duration="00:00:01.9270000" startTime="2025-05-14T13:20:31.3146610Z" endTime="2025-05-14T13:25:31.3147553Z" testType="13cdc9d9-ddb5-4fa4-a97d-d965ccfc6d4b" outcome="Passed" testListId="19475ed8-5618-488e-aa2e-200016933d92" />
    <UnitTestResult executionId="1b19b2a1-b64d-4f1a-ac21-3d1c097ee3a4" testId="a749ac40-4933-46c8-85d0-fa3e82c011cf" testName="Test1006" computerName="UA-LPT-OGA2" duration="00:00:01.5510000" startTime="2025-05-14T13:20:31.3146610Z" endTime="2025-05-14T13:25:31.3147553Z" testType="13cdc9d9-ddb5-4fa4-a97d-d965ccfc6d4b" outcome="Passed" testListId="19475ed8-5618-488e-aa2e-200016933d92" />
    <UnitTestResult executionId="82ac19b6-8e3f-41d2-a4eb-eeb2bcb9e36e" testId="ce143b18-cdea-4919-97a3-9af615016305" testName="Test1007" computerName="UA-LPT-OGA2" duration="00:00:01.2180000" startTime="2025-05-14T13:20:31.3146610Z" endTime="2025-05-14T13:25:31.3147553Z" testType="13cdc9d9-ddb5-4fa4-a97d-d965ccfc6d4b" outcome="Passed" testListId="19475ed8-5618-488e-aa2e-200016933d92" />
    <UnitTestResult executionId="8b639371-9e83-422c-9886-51e49cc404a0" testId="dcad38b6-475f-42e2-b6cf-fb3c1e924508" testName="Test1008" computerName="UA-LPT-OGA2" duration="00:00:00.4340000" startTime="2025-05-14T13:20:31.3146610Z" endTime="2025-05-14T13:25:31.3147553Z" testType="13cdc9d9-ddb5-4fa4-a97d-d965ccfc6d4b" outcome="Passed" testListId="19475ed8-5618-488e-aa2e-200016933d92" />
    <UnitTestResult executionId="13856f46-7127-4325-beec-f9cad1dc9ad6" testId="006c790e-83b1-4781-95d0-47d94afe6729" testName="Test1009" computerName="UA-LPT-OGA2" duration="00:00:00.1340000" startTime="2025-05-14T13:20:31.3146610Z" endTime="2025-05-14T13:25:31.3147553Z" testType="13cdc9d9-ddb5-4fa4-a97d-d965ccfc6d4b" outcome="Passed" testListId="19475ed8-5618-488e-aa2e-200016933d92" />
    <UnitTestResult executionId="33dc262e-b300-4570-a1c1-20afccf4891c" testId="b8584bd6-ddd9-47fc-b7f6-a43e4024285c" testName="Test1010" computerName="UA-LPT-OGA2" duration="00:00:01.6750000" startTime="2025-05-14T13:20:31.3146610Z" endTime="2025-05-14T13:25:31.3147553Z" testType="13cdc9d9-ddb5-4fa4-a97d-d965ccfc6d4b" outcome="Passed" testListId="19475ed8-5618-488e-aa2e-200016933d92" />
    <UnitTestResult executionId="2f90247c-543a-4990-a01d-f72cf7c04152" testId="be76dc5b-0189-4ef3-bab0-4c12c98cd89c" testName="Test1011" computerName="UA-LPT-OGA2" duration="00:00:00.9990000" startTime="2025-05-14T13:20:31.3146610Z" endTime="2025-05-14T13:25:31.3147553Z" testType="13cdc9d9-ddb5-4fa4-a97d-d965ccfc6d4b" outcome="Passed" testListId="19475ed8-5618-488e-aa2e-200016933d92" />
    <UnitTestResult executionId="6ac61d26-edd6-415d-b48d-8532ea30ea87" testId="52cd96aa-5f91-4338-8fbb-e275f79e0292" testName="Test1012" computerName="UA-LPT-OGA2" duration="00:00:01.9820000" startTime="2025-05-14T13:20:31.3146610Z" endTime="2025-05-14T13:25:31.3147553Z" testType="13cdc9d9-ddb5-4fa4-a97d-d965ccfc6d4b" outcome="Passed" testListId="19475ed8-5618-488e-aa2e-200016933d92" />
    <UnitTestResult executionId="4826e3f2-a862-4b2f-b2e5-3d8194a8170a" testId="39543659-3475-4016-ae7c-9c8a18932b11" testName="Test1013" computerName="UA-LPT-OGA2" duration="00:00:01.9020000" startTime="2025-05-14T13:20:31.3146610Z" endTime="2025-05-14T13:25:31.3147553Z" testType="13cdc9d9-ddb5-4fa4-a97d-d965ccfc6d4b" outcome="Passed" testListId="19475ed8-5618-488e-aa2e-200016933d92" />
    <UnitTestResult executionId="113b9d94-36ed-4db3-b51f-6c1c4ad19fa1" testId="e2002e2c-ebdc-4b47-88c8-ffdf837fe34c" testName="Test1014" computerName="UA-LPT-OGA2" duration="00:00:01.7620000" startTime="2025-05-14T13:20:31.3146610Z" endTime="2025-05-14T13:25:31.3147553Z" testType="13cdc9d9-ddb5-4fa4-a97d-d965ccfc6d4b" outcome="Passed" testListId="19475ed8-5618-488e-aa2e-200016933d92" />
    <UnitTestResult executionId="ecd5e509-7e1a-4a9f-8b9c-d8ab149a312a" testId="a1fe6e07-9af1-482f-904c-50cf74ac4aa2" testName="Test1015" computerName="UA-LPT-OGA2" duration="00:00:01.5110000" startTime="2025-05-14T13:20:31.3146610Z" endTime="2025-05-14T13:25:31.3147553Z" testType="13cdc9d9-ddb5-4fa4-a97d-d965ccfc6d4b" outcome="Passed" testListId="19475ed8-5618-488e-aa2e-200016933d92" />
    <UnitTestResult executionId="7d305a09-e4bd-42b9-8aa4-b61266f118ae" testId="8f215694-abab-410f-8bd1-acbc12d89ea5" testName="Test1016" computerName="UA-LPT-OGA2" duration="00:00:00.6650000" startTime="2025-05-14T13:20:31.3146610Z" endTime="2025-05-14T13:25:31.3147553Z" testType="13cdc9d9-ddb5-4fa4-a97d-d965ccfc6d4b" outcome="Passed" testListId="19475ed8-5618-488e-aa2e-200016933d92" />
    <UnitTestResult executionId="e5a53e95-9047-465f-8a7a-e2c323243a43" testId="da66a305-e512-4b1c-829a-026ee160b22d" testName="Test1017" computerName="UA-LPT-OGA2" duration="00:00:00.1660000" startTime="2025-05-14T13:20:31.3146610Z" endTime="2025-05-14T13:25:31.3147553Z" testType="13cdc9d9-ddb5-4fa4-a97d-d965ccfc6d4b" outcome="Passed" testListId="19475ed8-5618-488e-aa2e-200016933d92" />
    <UnitTestResult executionId="bfef9ffb-96c6-4ba6-9b94-99c714f21121" testId="69c934bc-f4b9-4d9d-a374-fe0dafcb8c30" testName="Test1018" computerName="UA-LPT-OGA2" duration="00:00:01.5810000" startTime="2025-05-14T13:20:31.3146610Z" endTime="2025-05-14T13:25:31.3147553Z" testType="13cdc9d9-ddb5-4fa4-a97d-d965ccfc6d4b" outcome="Passed" testListId="19475ed8-5618-488e-aa2e-200016933d92" />
    <UnitTestResult executionId="9b0c0b8f-7160-4544-8882-cb203c1d9fe4" testId="d1bf50f4-d75d-4d54-bcec-bbea834c6685" testName="Test1019" computerName="UA-LPT-OGA2" duration="00:00:01.2870000" startTime="2025-05-14T13:20:31.3146610Z" endTime="2025-05-14T13:25:31.3147553Z" testType="13cdc9d9-ddb5-4fa4-a97d-d965ccfc6d4b" outcome="Passed" testListId="19475ed8-5618-488e-aa2e-200016933d92" />
    <UnitTestResult executionId="b4e304d5-7cdf-4c46-9d17-7c60aedbefed" testId="9414ff66-028c-4582-b9c9-146ddb6c7e39" testName="Test1020" computerName="UA-LPT-OGA2" duration="00:00:01.0530000" startTime="2025-05-14T13:20:31.3146610Z" endTime="2025-05-14T13:25:31.3147553Z" testType="13cdc9d9-ddb5-4fa4-a97d-d965ccfc6d4b" outcome="Passed" testListId="19475ed8-5618-488e-aa2e-200016933d92" />
    <UnitTestResult executionId="bd9372da-b4cb-4237-8435-c16f9a95de5c" testId="75b45087-e40f-4956-bd24-acbe1cfcabd8" testName="Test1021" computerName="UA-LPT-OGA2" duration="00:00:01.2680000" startTime="2025-05-14T13:20:31.3146610Z" endTime="2025-05-14T13:25:31.3147553Z" testType="13cdc9d9-ddb5-4fa4-a97d-d965ccfc6d4b" outcome="Passed" testListId="19475ed8-5618-488e-aa2e-200016933d92" />
    <UnitTestResult executionId="c8bf403d-7085-4855-aae2-f14c31087f28" testId="97e458f1-5e95-4ff8-b66a-7ee7daf84cd5" testName="Test1022" computerName="UA-LPT-OGA2" duration="00:00:01.1720000" startTime="2025-05-14T13:20:31.3146610Z" endTime="2025-05-14T13:25:31.3147553Z" testType="13cdc9d9-ddb5-4fa4-a97d-d965ccfc6d4b" outcome="Passed" testListId="19475ed8-5618-488e-aa2e-200016933d92" />
    <UnitTestResult executionId="76821fbc-3e58-488c-9131-5461d9fbbdb7" testId="dc8972c6-aa45-46e2-8c90-75f8c58832ed" testName="Test1023" computerName="UA-LPT-OGA2" duration="00:00:01.2810000" startTime="2025-05-14T13:20:31.3146610Z" endTime="2025-05-14T13:25:31.3147553Z" testType="13cdc9d9-ddb5-4fa4-a97d-d965ccfc6d4b" outcome="Passed" testListId="19475ed8-5618-488e-aa2e-200016933d92" />
    <UnitTestResult executionId="6df954e7-fe8d-4e7a-a9ae-134b979b78dd" testId="e854a9bc-7af9-4c22-bdb2-794fb3ad56df" testName="Test1024" computerName="UA-LPT-OGA2" duration="00:00:01.5920000" startTime="2025-05-14T13:20:31.3146610Z" endTime="2025-05-14T13:25:31.3147553Z" testType="13cdc9d9-ddb5-4fa4-a97d-d965ccfc6d4b" outcome="Passed" testListId="19475ed8-5618-488e-aa2e-200016933d92" />
    <UnitTestResult executionId="e3a3613d-e11a-4dce-9430-ffec8073f41a" testId="65cf0fc1-b15e-4929-b120-50980d615e60" testName="Test1025" computerName="UA-LPT-OGA2" duration="00:00:01.6840000" startTime="2025-05-14T13:20:31.3146610Z" endTime="2025-05-14T13:25:31.3147553Z" testType="13cdc9d9-ddb5-4fa4-a97d-d965ccfc6d4b" outcome="Passed" testListId="19475ed8-5618-488e-aa2e-200016933d92" />
    <UnitTestResult executionId="5fde0e98-e407-421e-b38d-56d66e8c2c54" testId="88e3622c-fe4f-4add-9210-d83befc70e2d" testName="Test1026" computerName="UA-LPT-OGA2" duration="00:00:01.5410000" startTime="2025-05-14T13:20:31.3146610Z" endTime="2025-05-14T13:25:31.3147553Z" testType="13cdc9d9-ddb5-4fa4-a97d-d965ccfc6d4b" outcome="Passed" testListId="19475ed8-5618-488e-aa2e-200016933d92" />
    <UnitTestResult executionId="c39faa4f-be9d-4962-9a30-9af050853ada" testId="6e8d219c-ab59-4d26-899d-a478089f1f33" testName="Test1027" computerName="UA-LPT-OGA2" duration="00:00:00.4060000" startTime="2025-05-14T13:20:31.3146610Z" endTime="2025-05-14T13:25:31.3147553Z" testType="13cdc9d9-ddb5-4fa4-a97d-d965ccfc6d4b" outcome="Passed" testListId="19475ed8-5618-488e-aa2e-200016933d92" />
    <UnitTestResult executionId="024bc4b4-7409-4fab-826f-4537fa3c1ba7" testId="6d23fd03-6a7d-44a8-9e7a-92501ea133a6" testName="Test1028" computerName="UA-LPT-OGA2" duration="00:00:00.3020000" startTime="2025-05-14T13:20:31.3146610Z" endTime="2025-05-14T13:25:31.3147553Z" testType="13cdc9d9-ddb5-4fa4-a97d-d965ccfc6d4b" outcome="Passed" testListId="19475ed8-5618-488e-aa2e-200016933d92" />
    <UnitTestResult executionId="dd9e71ae-47da-4eea-a1d0-5286ecb49f63" testId="194d8763-e048-4637-8c3f-505422c03cb0" testName="Test1029" computerName="UA-LPT-OGA2" duration="00:00:01.6790000" startTime="2025-05-14T13:20:31.3146610Z" endTime="2025-05-14T13:25:31.3147553Z" testType="13cdc9d9-ddb5-4fa4-a97d-d965ccfc6d4b" outcome="Passed" testListId="19475ed8-5618-488e-aa2e-200016933d92" />
    <UnitTestResult executionId="c7d72c77-945e-4dc5-be1a-15fb91bb2174" testId="8ee0412c-5a45-455d-98f8-aac424427425" testName="Test1030" computerName="UA-LPT-OGA2" duration="00:00:00.3630000" startTime="2025-05-14T13:20:31.3146610Z" endTime="2025-05-14T13:25:31.3147553Z" testType="13cdc9d9-ddb5-4fa4-a97d-d965ccfc6d4b" outcome="Passed" testListId="19475ed8-5618-488e-aa2e-200016933d92" />
    <UnitTestResult executionId="8f1b5736-0687-4dfc-9dc2-5ea33a80b754" testId="15aa2d63-bf63-48d5-bd32-25844b72e2c9" testName="Test1031" computerName="UA-LPT-OGA2" duration="00:00:01.4120000" startTime="2025-05-14T13:20:31.3146610Z" endTime="2025-05-14T13:25:31.3147553Z" testType="13cdc9d9-ddb5-4fa4-a97d-d965ccfc6d4b" outcome="Passed" testListId="19475ed8-5618-488e-aa2e-200016933d92" />
    <UnitTestResult executionId="f522d9cb-51ac-49fa-9bc0-3651dad11598" testId="5b443386-7be8-4dac-b24a-5f1d016a8690" testName="Test1032" computerName="UA-LPT-OGA2" duration="00:00:00.6940000" startTime="2025-05-14T13:20:31.3146610Z" endTime="2025-05-14T13:25:31.3147553Z" testType="13cdc9d9-ddb5-4fa4-a97d-d965ccfc6d4b" outcome="Passed" testListId="19475ed8-5618-488e-aa2e-200016933d92" />
    <UnitTestResult executionId="b08c3b92-1b49-422a-bc2b-77bba09c1497" testId="38a190fc-5da5-4c6c-a5e4-e4bb7a87e810" testName="Test1033" computerName="UA-LPT-OGA2" duration="00:00:00.0710000" startTime="2025-05-14T13:20:31.3146610Z" endTime="2025-05-14T13:25:31.3147553Z" testType="13cdc9d9-ddb5-4fa4-a97d-d965ccfc6d4b" outcome="Passed" testListId="19475ed8-5618-488e-aa2e-200016933d92" />
    <UnitTestResult executionId="5a9c8b86-5fae-44e0-a95d-4c6fce6ee7c5" testId="0a60f1fb-f90a-40df-bfc7-d22bd2826f10" testName="Test1034" computerName="UA-LPT-OGA2" duration="00:00:01.1990000" startTime="2025-05-14T13:20:31.3146610Z" endTime="2025-05-14T13:25:31.3147553Z" testType="13cdc9d9-ddb5-4fa4-a97d-d965ccfc6d4b" outcome="Passed" testListId="19475ed8-5618-488e-aa2e-200016933d92" />
    <UnitTestResult executionId="8b98a2af-53f5-4a85-a350-baf9333912ad" testId="1f0a2f21-4520-45bb-b0da-120a831eba64" testName="Test1035" computerName="UA-LPT-OGA2" duration="00:00:00.5680000" startTime="2025-05-14T13:20:31.3146610Z" endTime="2025-05-14T13:25:31.3147553Z" testType="13cdc9d9-ddb5-4fa4-a97d-d965ccfc6d4b" outcome="Passed" testListId="19475ed8-5618-488e-aa2e-200016933d92" />
    <UnitTestResult executionId="d76bd5c5-af72-4bb6-b318-6a5f3fb37796" testId="96854bfb-b3b0-4669-80f2-ff64b1a56ead" testName="Test1036" computerName="UA-LPT-OGA2" duration="00:00:00.0420000" startTime="2025-05-14T13:20:31.3146610Z" endTime="2025-05-14T13:25:31.3147553Z" testType="13cdc9d9-ddb5-4fa4-a97d-d965ccfc6d4b" outcome="Passed" testListId="19475ed8-5618-488e-aa2e-200016933d92" />
    <UnitTestResult executionId="30e1ad19-92c1-4a87-922a-4c23f4283859" testId="ccae1240-7f57-4e13-b7f8-7a2c74ecfb2d" testName="Test1037" computerName="UA-LPT-OGA2" duration="00:00:00.1130000" startTime="2025-05-14T13:20:31.3146610Z" endTime="2025-05-14T13:25:31.3147553Z" testType="13cdc9d9-ddb5-4fa4-a97d-d965ccfc6d4b" outcome="Passed" testListId="19475ed8-5618-488e-aa2e-200016933d92" />
    <UnitTestResult executionId="082fdf65-beb7-4dd1-b087-750e4d94a2c8" testId="4c73e8cb-e462-4c3c-8d56-867ac389615e" testName="Test1038" computerName="UA-LPT-OGA2" duration="00:00:01.4750000" startTime="2025-05-14T13:20:31.3146610Z" endTime="2025-05-14T13:25:31.3147553Z" testType="13cdc9d9-ddb5-4fa4-a97d-d965ccfc6d4b" outcome="Passed" testListId="19475ed8-5618-488e-aa2e-200016933d92" />
    <UnitTestResult executionId="9a9b0c5f-32b0-4ac3-b836-49d7f2c13473" testId="1fb751da-769c-498c-97b7-fe47031ad702" testName="Test1039" computerName="UA-LPT-OGA2" duration="00:00:00.8570000" startTime="2025-05-14T13:20:31.3146610Z" endTime="2025-05-14T13:25:31.3147553Z" testType="13cdc9d9-ddb5-4fa4-a97d-d965ccfc6d4b" outcome="Passed" testListId="19475ed8-5618-488e-aa2e-200016933d92" />
    <UnitTestResult executionId="5d2df826-b34b-44c6-8a7e-ca89183117a5" testId="52582f5c-a380-46c1-9a4f-4b9171a34171" testName="Test1040" computerName="UA-LPT-OGA2" duration="00:00:00.5110000" startTime="2025-05-14T13:20:31.3146610Z" endTime="2025-05-14T13:25:31.3147553Z" testType="13cdc9d9-ddb5-4fa4-a97d-d965ccfc6d4b" outcome="Passed" testListId="19475ed8-5618-488e-aa2e-200016933d92" />
    <UnitTestResult executionId="d2d266e8-8341-4ebc-aa5d-a89a92ba26a4" testId="11b37938-8fb1-43cf-b5cc-ee438dc81ba1" testName="Test1041" computerName="UA-LPT-OGA2" duration="00:00:01.1350000" startTime="2025-05-14T13:20:31.3146610Z" endTime="2025-05-14T13:25:31.3147553Z" testType="13cdc9d9-ddb5-4fa4-a97d-d965ccfc6d4b" outcome="Passed" testListId="19475ed8-5618-488e-aa2e-200016933d92" />
    <UnitTestResult executionId="8eddba70-91aa-43ac-8475-a306bea0da5f" testId="1fda89bd-4cfb-4c5b-98a3-761883ac2cb4" testName="Test1042" computerName="UA-LPT-OGA2" duration="00:00:01.5580000" startTime="2025-05-14T13:20:31.3146610Z" endTime="2025-05-14T13:25:31.3147553Z" testType="13cdc9d9-ddb5-4fa4-a97d-d965ccfc6d4b" outcome="Failed" testListId="19475ed8-5618-488e-aa2e-200016933d92">
      <Output>
        <ErrorInfo>
          <Message>Assertion failed: Expected value did not match actual value.</Message>
          <StackTrace>   at TestNamespace.TestClass.Test() in TestClass.cs:line 302</StackTrace>
        </ErrorInfo>
      </Output>
    </UnitTestResult>
    <UnitTestResult executionId="d3e8d083-b152-4e4e-8db2-04042f358a68" testId="ea100392-39ce-4505-9a35-4300b0e52c09" testName="Test1043" computerName="UA-LPT-OGA2" duration="00:00:01.2410000" startTime="2025-05-14T13:20:31.3146610Z" endTime="2025-05-14T13:25:31.3147553Z" testType="13cdc9d9-ddb5-4fa4-a97d-d965ccfc6d4b" outcome="Passed" testListId="19475ed8-5618-488e-aa2e-200016933d92" />
    <UnitTestResult executionId="9e5396b7-93ff-48ab-aa5d-47703b0bc676" testId="71f30ec7-0cfe-40d1-800f-9747e7421056" testName="Test1044" computerName="UA-LPT-OGA2" duration="00:00:00.0830000" startTime="2025-05-14T13:20:31.3146610Z" endTime="2025-05-14T13:25:31.3147553Z" testType="13cdc9d9-ddb5-4fa4-a97d-d965ccfc6d4b" outcome="Passed" testListId="19475ed8-5618-488e-aa2e-200016933d92" />
    <UnitTestResult executionId="d477b543-0c6a-47aa-9ab2-f7a5477d2c8e" testId="a31b517a-0452-4b65-b60d-39e9d0ac8a9f" testName="Test1045" computerName="UA-LPT-OGA2" duration="00:00:01.8940000" startTime="2025-05-14T13:20:31.3146610Z" endTime="2025-05-14T13:25:31.3147553Z" testType="13cdc9d9-ddb5-4fa4-a97d-d965ccfc6d4b" outcome="Passed" testListId="19475ed8-5618-488e-aa2e-200016933d92" />
    <UnitTestResult executionId="d7f07757-7627-4768-a33d-2f0630a624c8" testId="c8511dd8-e6b6-40d7-a165-dd574cd542c0" testName="Test1046" computerName="UA-LPT-OGA2" duration="00:00:01.4900000" startTime="2025-05-14T13:20:31.3146610Z" endTime="2025-05-14T13:25:31.3147553Z" testType="13cdc9d9-ddb5-4fa4-a97d-d965ccfc6d4b" outcome="Passed" testListId="19475ed8-5618-488e-aa2e-200016933d92" />
    <UnitTestResult executionId="0699f7c4-9e79-489c-bb63-2d6cceb41355" testId="017cf598-9c19-4d64-805b-fb6bf060d023" testName="Test1047" computerName="UA-LPT-OGA2" duration="00:00:01.6260000" startTime="2025-05-14T13:20:31.3146610Z" endTime="2025-05-14T13:25:31.3147553Z" testType="13cdc9d9-ddb5-4fa4-a97d-d965ccfc6d4b" outcome="Passed" testListId="19475ed8-5618-488e-aa2e-200016933d92" />
    <UnitTestResult executionId="f8a03291-fc36-4198-bcbd-8d7645a39341" testId="78f017f8-c1ae-4687-9a44-80cd0698d07c" testName="Test1048" computerName="UA-LPT-OGA2" duration="00:00:00.5860000" startTime="2025-05-14T13:20:31.3146610Z" endTime="2025-05-14T13:25:31.3147553Z" testType="13cdc9d9-ddb5-4fa4-a97d-d965ccfc6d4b" outcome="Passed" testListId="19475ed8-5618-488e-aa2e-200016933d92" />
    <UnitTestResult executionId="16bb759b-d672-4d8d-a446-c3d0e32a5199" testId="faaae79b-1f5e-4067-a3f0-1c730d5fd46d" testName="Test1049" computerName="UA-LPT-OGA2" duration="00:00:00.2760000" startTime="2025-05-14T13:20:31.3146610Z" endTime="2025-05-14T13:25:31.3147553Z" testType="13cdc9d9-ddb5-4fa4-a97d-d965ccfc6d4b" outcome="Passed" testListId="19475ed8-5618-488e-aa2e-200016933d92" />
    <UnitTestResult executionId="42380a70-3779-42e2-8a7b-fce40a279e0e" testId="161226fa-dde6-4c5a-9ce0-6a4547a83f0d" testName="Test1050" computerName="UA-LPT-OGA2" duration="00:00:01.2680000" startTime="2025-05-14T13:20:31.3146610Z" endTime="2025-05-14T13:25:31.3147553Z" testType="13cdc9d9-ddb5-4fa4-a97d-d965ccfc6d4b" outcome="Passed" testListId="19475ed8-5618-488e-aa2e-200016933d92" />
    <UnitTestResult executionId="fc4bb7c8-e2df-4106-bd03-cb08d72cc5ba" testId="a9d1a219-9b29-40a7-836b-a5f7315ccc20" testName="Test1051" computerName="UA-LPT-OGA2" duration="00:00:00.7490000" startTime="2025-05-14T13:20:31.3146610Z" endTime="2025-05-14T13:25:31.3147553Z" testType="13cdc9d9-ddb5-4fa4-a97d-d965ccfc6d4b" outcome="Passed" testListId="19475ed8-5618-488e-aa2e-200016933d92" />
    <UnitTestResult executionId="c19e8653-5778-4e4a-b9e8-bf0a2a770bf5" testId="c114dfe6-5574-4a0a-90ba-9c800fb59c05" testName="Test1052" computerName="UA-LPT-OGA2" duration="00:00:01.9830000" startTime="2025-05-14T13:20:31.3146610Z" endTime="2025-05-14T13:25:31.3147553Z" testType="13cdc9d9-ddb5-4fa4-a97d-d965ccfc6d4b" outcome="Passed" testListId="19475ed8-5618-488e-aa2e-200016933d92" />
    <UnitTestResult executionId="096d7cf3-5460-4f79-a59e-35f57cc4e6c8" testId="a758103d-46a5-4b30-88bd-c7fbc472fa90" testName="Test1053" computerName="UA-LPT-OGA2" duration="00:00:01.0250000" startTime="2025-05-14T13:20:31.3146610Z" endTime="2025-05-14T13:25:31.3147553Z" testType="13cdc9d9-ddb5-4fa4-a97d-d965ccfc6d4b" outcome="Passed" testListId="19475ed8-5618-488e-aa2e-200016933d92" />
    <UnitTestResult executionId="0c056a2c-8522-42f0-bd39-3ac88dcf556d" testId="904cad9a-b7c7-4154-a406-849ee15717c1" testName="Test1054" computerName="UA-LPT-OGA2" duration="00:00:01.2610000" startTime="2025-05-14T13:20:31.3146610Z" endTime="2025-05-14T13:25:31.3147553Z" testType="13cdc9d9-ddb5-4fa4-a97d-d965ccfc6d4b" outcome="Passed" testListId="19475ed8-5618-488e-aa2e-200016933d92" />
    <UnitTestResult executionId="ee135f2d-ecb5-41a4-858e-1c91d1107e54" testId="4d3d0c1b-bf46-4c24-8605-fc650b7249c1" testName="Test1055" computerName="UA-LPT-OGA2" duration="00:00:00.4650000" startTime="2025-05-14T13:20:31.3146610Z" endTime="2025-05-14T13:25:31.3147553Z" testType="13cdc9d9-ddb5-4fa4-a97d-d965ccfc6d4b" outcome="Passed" testListId="19475ed8-5618-488e-aa2e-200016933d92" />
    <UnitTestResult executionId="3ed023eb-57a8-46fd-93d6-68a7799280fb" testId="3be39442-be0a-4774-913a-2954beb32168" testName="Test1056" computerName="UA-LPT-OGA2" duration="00:00:01.4920000" startTime="2025-05-14T13:20:31.3146610Z" endTime="2025-05-14T13:25:31.3147553Z" testType="13cdc9d9-ddb5-4fa4-a97d-d965ccfc6d4b" outcome="Inconclusive" testListId="19475ed8-5618-488e-aa2e-200016933d92" />
    <UnitTestResult executionId="8ba21d2c-806e-4dba-87a3-429dd16a5f85" testId="dbea2e3f-e139-4b97-8b19-e48332715575" testName="Test1057" computerName="UA-LPT-OGA2" duration="00:00:00.1390000" startTime="2025-05-14T13:20:31.3146610Z" endTime="2025-05-14T13:25:31.3147553Z" testType="13cdc9d9-ddb5-4fa4-a97d-d965ccfc6d4b" outcome="Passed" testListId="19475ed8-5618-488e-aa2e-200016933d92" />
    <UnitTestResult executionId="c7b232b5-903a-4a0b-819a-4d63f76ff284" testId="5ac8efd5-ef22-4b86-bd54-427b084e1da2" testName="Test1058" computerName="UA-LPT-OGA2" duration="00:00:01.2760000" startTime="2025-05-14T13:20:31.3146610Z" endTime="2025-05-14T13:25:31.3147553Z" testType="13cdc9d9-ddb5-4fa4-a97d-d965ccfc6d4b" outcome="Passed" testListId="19475ed8-5618-488e-aa2e-200016933d92" />
    <UnitTestResult executionId="f9f6133e-bc55-4c07-a231-878d48d16d99" testId="e69f7912-60a4-4a8d-a75d-683d0cf068a7" testName="Test1059" computerName="UA-LPT-OGA2" duration="00:00:01.1190000" startTime="2025-05-14T13:20:31.3146610Z" endTime="2025-05-14T13:25:31.3147553Z" testType="13cdc9d9-ddb5-4fa4-a97d-d965ccfc6d4b" outcome="Passed" testListId="19475ed8-5618-488e-aa2e-200016933d92" />
    <UnitTestResult executionId="224d0b78-8520-4ac5-abc1-b0798cbefa56" testId="c21a989f-5f94-4c30-810b-034763224b07" testName="Test1060" computerName="UA-LPT-OGA2" duration="00:00:01.4030000" startTime="2025-05-14T13:20:31.3146610Z" endTime="2025-05-14T13:25:31.3147553Z" testType="13cdc9d9-ddb5-4fa4-a97d-d965ccfc6d4b" outcome="Passed" testListId="19475ed8-5618-488e-aa2e-200016933d92" />
    <UnitTestResult executionId="d746c122-57ea-49c8-8e4c-33fe2811493b" testId="1808358b-90a0-4782-83fe-190c17c064f5" testName="Test1061" computerName="UA-LPT-OGA2" duration="00:00:00.9960000" startTime="2025-05-14T13:20:31.3146610Z" endTime="2025-05-14T13:25:31.3147553Z" testType="13cdc9d9-ddb5-4fa4-a97d-d965ccfc6d4b" outcome="Passed" testListId="19475ed8-5618-488e-aa2e-200016933d92" />
    <UnitTestResult executionId="563492c8-9431-4be6-9c0a-0ff6008f00de" testId="7198f599-cecd-46df-afca-0c63f198c001" testName="Test1062" computerName="UA-LPT-OGA2" duration="00:00:00.4240000" startTime="2025-05-14T13:20:31.3146610Z" endTime="2025-05-14T13:25:31.3147553Z" testType="13cdc9d9-ddb5-4fa4-a97d-d965ccfc6d4b" outcome="Passed" testListId="19475ed8-5618-488e-aa2e-200016933d92" />
    <UnitTestResult executionId="859f0302-d63c-4c5c-aa54-683c424054cd" testId="974dc92c-de0f-42d8-a290-7c8d9478d4be" testName="Test1063" computerName="UA-LPT-OGA2" duration="00:00:00.7440000" startTime="2025-05-14T13:20:31.3146610Z" endTime="2025-05-14T13:25:31.3147553Z" testType="13cdc9d9-ddb5-4fa4-a97d-d965ccfc6d4b" outcome="Passed" testListId="19475ed8-5618-488e-aa2e-200016933d92" />
    <UnitTestResult executionId="d5033eea-c31e-4295-940b-4bfc4d683534" testId="613b0691-b64d-4501-b5e7-386b120c2fc1" testName="Test1064" computerName="UA-LPT-OGA2" duration="00:00:01.5720000" startTime="2025-05-14T13:20:31.3146610Z" endTime="2025-05-14T13:25:31.3147553Z" testType="13cdc9d9-ddb5-4fa4-a97d-d965ccfc6d4b" outcome="Passed" testListId="19475ed8-5618-488e-aa2e-200016933d92" />
    <UnitTestResult executionId="35d63a21-9e80-40e6-a8f5-1a86e75ee87a" testId="105ea3ab-29fb-48fa-87e9-81c1c4ebf1b9" testName="Test1065" computerName="UA-LPT-OGA2" duration="00:00:00.8750000" startTime="2025-05-14T13:20:31.3146610Z" endTime="2025-05-14T13:25:31.3147553Z" testType="13cdc9d9-ddb5-4fa4-a97d-d965ccfc6d4b" outcome="Passed" testListId="19475ed8-5618-488e-aa2e-200016933d92" />
    <UnitTestResult executionId="04b30ec2-3ab5-4d5a-a803-272724128f17" testId="6a399ccf-01d7-40dc-9624-9ef217ae6837" testName="Test1066" computerName="UA-LPT-OGA2" duration="00:00:01.6390000" startTime="2025-05-14T13:20:31.3146610Z" endTime="2025-05-14T13:25:31.3147553Z" testType="13cdc9d9-ddb5-4fa4-a97d-d965ccfc6d4b" outcome="Passed" testListId="19475ed8-5618-488e-aa2e-200016933d92" />
    <UnitTestResult executionId="f92701af-8f45-4a74-a89a-79dbcea3373e" testId="f7417236-2326-4277-a3f3-d114696dd1af" testName="Test1067" computerName="UA-LPT-OGA2" duration="00:00:01.7620000" startTime="2025-05-14T13:20:31.3146610Z" endTime="2025-05-14T13:25:31.3147553Z" testType="13cdc9d9-ddb5-4fa4-a97d-d965ccfc6d4b" outcome="Passed" testListId="19475ed8-5618-488e-aa2e-200016933d92" />
    <UnitTestResult executionId="bbb01a87-129b-4747-bf9a-684b7fb5c39e" testId="ce41f6c8-a9a3-42b7-9ea4-063c6bc58e74" testName="Test1068" computerName="UA-LPT-OGA2" duration="00:00:00.2490000" startTime="2025-05-14T13:20:31.3146610Z" endTime="2025-05-14T13:25:31.3147553Z" testType="13cdc9d9-ddb5-4fa4-a97d-d965ccfc6d4b" outcome="Passed" testListId="19475ed8-5618-488e-aa2e-200016933d92" />
    <UnitTestResult executionId="db3fee1f-aa2e-49ba-b233-41802c24e6eb" testId="e4f5f01c-7892-47ae-94e7-df0341d2809e" testName="Test1069" computerName="UA-LPT-OGA2" duration="00:00:00.5540000" startTime="2025-05-14T13:20:31.3146610Z" endTime="2025-05-14T13:25:31.3147553Z" testType="13cdc9d9-ddb5-4fa4-a97d-d965ccfc6d4b" outcome="Passed" testListId="19475ed8-5618-488e-aa2e-200016933d92" />
    <UnitTestResult executionId="3c23c934-b676-4886-bac1-4a587d061079" testId="32058e46-fd43-41e8-a1b0-188ca09e771d" testName="Test1070" computerName="UA-LPT-OGA2" duration="00:00:00.5980000" startTime="2025-05-14T13:20:31.3146610Z" endTime="2025-05-14T13:25:31.3147553Z" testType="13cdc9d9-ddb5-4fa4-a97d-d965ccfc6d4b" outcome="Passed" testListId="19475ed8-5618-488e-aa2e-200016933d92" />
    <UnitTestResult executionId="5ef80755-a125-406e-b892-b5771dfffec3" testId="d7d7e151-0879-4557-bc54-f783f591cb4c" testName="Test1071" computerName="UA-LPT-OGA2" duration="00:00:01.6920000" startTime="2025-05-14T13:20:31.3146610Z" endTime="2025-05-14T13:25:31.3147553Z" testType="13cdc9d9-ddb5-4fa4-a97d-d965ccfc6d4b" outcome="Passed" testListId="19475ed8-5618-488e-aa2e-200016933d92" />
    <UnitTestResult executionId="b1009599-2297-4c54-9716-fc1ad5e5cf73" testId="83035937-7d35-4476-9aa4-7f80303ef74e" testName="Test1072" computerName="UA-LPT-OGA2" duration="00:00:00.9710000" startTime="2025-05-14T13:20:31.3146610Z" endTime="2025-05-14T13:25:31.3147553Z" testType="13cdc9d9-ddb5-4fa4-a97d-d965ccfc6d4b" outcome="Passed" testListId="19475ed8-5618-488e-aa2e-200016933d92" />
    <UnitTestResult executionId="56e0370e-7d8a-49c0-923b-1877027ce6a7" testId="9bd9e7d9-5858-45a3-b64a-4d9a71c06839" testName="Test1073" computerName="UA-LPT-OGA2" duration="00:00:01.8950000" startTime="2025-05-14T13:20:31.3146610Z" endTime="2025-05-14T13:25:31.3147553Z" testType="13cdc9d9-ddb5-4fa4-a97d-d965ccfc6d4b" outcome="Passed" testListId="19475ed8-5618-488e-aa2e-200016933d92" />
    <UnitTestResult executionId="8d31bd65-b8f4-4cb4-a50a-1f76b09f2206" testId="b1b22812-cf03-42f5-ab02-d54aef0bde2a" testName="Test1074" computerName="UA-LPT-OGA2" duration="00:00:00.4530000" startTime="2025-05-14T13:20:31.3146610Z" endTime="2025-05-14T13:25:31.3147553Z" testType="13cdc9d9-ddb5-4fa4-a97d-d965ccfc6d4b" outcome="Passed" testListId="19475ed8-5618-488e-aa2e-200016933d92" />
    <UnitTestResult executionId="eb373075-1321-4f4a-a1e7-b7fa86938ed9" testId="dc595fdb-148b-46f9-a731-0ede8dd0427f" testName="Test1075" computerName="UA-LPT-OGA2" duration="00:00:00.9840000" startTime="2025-05-14T13:20:31.3146610Z" endTime="2025-05-14T13:25:31.3147553Z" testType="13cdc9d9-ddb5-4fa4-a97d-d965ccfc6d4b" outcome="Failed" testListId="19475ed8-5618-488e-aa2e-200016933d92">
      <Output>
        <ErrorInfo>
          <Message>Assertion failed: Expected value did not match actual value.</Message>
          <StackTrace>   at TestNamespace.TestClass.Test() in TestClass.cs:line 37</StackTrace>
        </ErrorInfo>
      </Output>
    </UnitTestResult>
    <UnitTestResult executionId="ce8eebfb-555e-4bdd-b96d-b20a3703633a" testId="08fe244d-e920-4343-b577-e3ef98d96f89" testName="Test1076" computerName="UA-LPT-OGA2" duration="00:00:01.3570000" startTime="2025-05-14T13:20:31.3146610Z" endTime="2025-05-14T13:25:31.3147553Z" testType="13cdc9d9-ddb5-4fa4-a97d-d965ccfc6d4b" outcome="Passed" testListId="19475ed8-5618-488e-aa2e-200016933d92" />
    <UnitTestResult executionId="3e5f693d-2331-4631-95b2-48efe5ea6c23" testId="982d7632-1b0d-41e8-98c6-35e164563389" testName="Test1077" computerName="UA-LPT-OGA2" duration="00:00:00.8450000" startTime="2025-05-14T13:20:31.3146610Z" endTime="2025-05-14T13:25:31.3147553Z" testType="13cdc9d9-ddb5-4fa4-a97d-d965ccfc6d4b" outcome="Failed" testListId="19475ed8-5618-488e-aa2e-200016933d92">
      <Output>
        <ErrorInfo>
          <Message>Assertion failed: Expected value did not match actual value.</Message>
          <StackTrace>   at TestNamespace.TestClass.Test() in TestClass.cs:line 391</StackTrace>
        </ErrorInfo>
      </Output>
    </UnitTestResult>
    <UnitTestResult executionId="ccea986e-ea9e-4963-a97e-ccf58dc78d5b" testId="d51cfbf7-1e9d-4b8e-b50c-cb621e096149" testName="Test1078" computerName="UA-LPT-OGA2" duration="00:00:01.1710000" startTime="2025-05-14T13:20:31.3146610Z" endTime="2025-05-14T13:25:31.3147553Z" testType="13cdc9d9-ddb5-4fa4-a97d-d965ccfc6d4b" outcome="Passed" testListId="19475ed8-5618-488e-aa2e-200016933d92" />
    <UnitTestResult executionId="4d750ea8-4fea-4f2e-ac1a-cc15667d0c92" testId="1d574d68-1a86-4f35-a580-e258cf0e058a" testName="Test1079" computerName="UA-LPT-OGA2" duration="00:00:01.6360000" startTime="2025-05-14T13:20:31.3146610Z" endTime="2025-05-14T13:25:31.3147553Z" testType="13cdc9d9-ddb5-4fa4-a97d-d965ccfc6d4b" outcome="Passed" testListId="19475ed8-5618-488e-aa2e-200016933d92" />
    <UnitTestResult executionId="22789af9-6c78-493b-8aa6-a6cffff490b7" testId="f7b804ea-0e1e-45c2-a577-420e375db87c" testName="Test1080" computerName="UA-LPT-OGA2" duration="00:00:01.1260000" startTime="2025-05-14T13:20:31.3146610Z" endTime="2025-05-14T13:25:31.3147553Z" testType="13cdc9d9-ddb5-4fa4-a97d-d965ccfc6d4b" outcome="Passed" testListId="19475ed8-5618-488e-aa2e-200016933d92" />
    <UnitTestResult executionId="c424ed7e-1a2c-4148-8f88-537d2e93f96b" testId="1c30fe14-2cc5-4e76-80aa-edfe324e32b5" testName="Test1081" computerName="UA-LPT-OGA2" duration="00:00:00.4150000" startTime="2025-05-14T13:20:31.3146610Z" endTime="2025-05-14T13:25:31.3147553Z" testType="13cdc9d9-ddb5-4fa4-a97d-d965ccfc6d4b" outcome="Failed" testListId="19475ed8-5618-488e-aa2e-200016933d92">
      <Output>
        <ErrorInfo>
          <Message>Assertion failed: Expected value did not match actual value.</Message>
          <StackTrace>   at TestNamespace.TestClass.Test() in TestClass.cs:line 143</StackTrace>
        </ErrorInfo>
      </Output>
    </UnitTestResult>
    <UnitTestResult executionId="7a8c7ac5-a7bf-4482-beb0-8b176a3b33e3" testId="bd21a5e5-6073-4bc7-9ba7-1ba72d7684bd" testName="Test1082" computerName="UA-LPT-OGA2" duration="00:00:00.4580000" startTime="2025-05-14T13:20:31.3146610Z" endTime="2025-05-14T13:25:31.3147553Z" testType="13cdc9d9-ddb5-4fa4-a97d-d965ccfc6d4b" outcome="Passed" testListId="19475ed8-5618-488e-aa2e-200016933d92" />
    <UnitTestResult executionId="5c38ac77-8c54-406a-a119-d2d322f2bf29" testId="74244447-d77e-48a7-be81-a4fd9b6fbbb5" testName="Test1083" computerName="UA-LPT-OGA2" duration="00:00:00.2440000" startTime="2025-05-14T13:20:31.3146610Z" endTime="2025-05-14T13:25:31.3147553Z" testType="13cdc9d9-ddb5-4fa4-a97d-d965ccfc6d4b" outcome="Passed" testListId="19475ed8-5618-488e-aa2e-200016933d92" />
    <UnitTestResult executionId="4c88e71c-d782-4f61-8729-a82bb8021201" testId="921ecc3e-9600-445e-9857-2104470655f8" testName="Test1084" computerName="UA-LPT-OGA2" duration="00:00:01.8240000" startTime="2025-05-14T13:20:31.3146610Z" endTime="2025-05-14T13:25:31.3147553Z" testType="13cdc9d9-ddb5-4fa4-a97d-d965ccfc6d4b" outcome="Passed" testListId="19475ed8-5618-488e-aa2e-200016933d92" />
    <UnitTestResult executionId="57c5e260-3673-45d4-87b8-2753c2853cc3" testId="2109b65a-983e-4fbc-8dec-c29ff657a6ad" testName="Test1085" computerName="UA-LPT-OGA2" duration="00:00:00.3340000" startTime="2025-05-14T13:20:31.3146610Z" endTime="2025-05-14T13:25:31.3147553Z" testType="13cdc9d9-ddb5-4fa4-a97d-d965ccfc6d4b" outcome="Passed" testListId="19475ed8-5618-488e-aa2e-200016933d92" />
    <UnitTestResult executionId="6c221212-a592-4826-bea1-c735713927db" testId="f2d42e35-90c8-4ad0-93bc-291170f07288" testName="Test1086" computerName="UA-LPT-OGA2" duration="00:00:00.6160000" startTime="2025-05-14T13:20:31.3146610Z" endTime="2025-05-14T13:25:31.3147553Z" testType="13cdc9d9-ddb5-4fa4-a97d-d965ccfc6d4b" outcome="Passed" testListId="19475ed8-5618-488e-aa2e-200016933d92" />
    <UnitTestResult executionId="f87cf6b5-b889-4e83-9088-57950b786c34" testId="d9b843f5-8063-4696-98c3-51b4834fc078" testName="Test1087" computerName="UA-LPT-OGA2" duration="00:00:00.6280000" startTime="2025-05-14T13:20:31.3146610Z" endTime="2025-05-14T13:25:31.3147553Z" testType="13cdc9d9-ddb5-4fa4-a97d-d965ccfc6d4b" outcome="Passed" testListId="19475ed8-5618-488e-aa2e-200016933d92" />
    <UnitTestResult executionId="1e6a1dd9-793b-4967-aa0e-eed98b7a535e" testId="b368a41d-d7c0-4b02-ae51-a6855816e982" testName="Test1088" computerName="UA-LPT-OGA2" duration="00:00:00.9010000" startTime="2025-05-14T13:20:31.3146610Z" endTime="2025-05-14T13:25:31.3147553Z" testType="13cdc9d9-ddb5-4fa4-a97d-d965ccfc6d4b" outcome="Passed" testListId="19475ed8-5618-488e-aa2e-200016933d92" />
    <UnitTestResult executionId="16989ffa-2f60-4b9c-aec5-1b11e7ffde5c" testId="4e63ed2a-8758-4bb9-a5bf-583d2e311d2a" testName="Test1089" computerName="UA-LPT-OGA2" duration="00:00:00.7820000" startTime="2025-05-14T13:20:31.3146610Z" endTime="2025-05-14T13:25:31.3147553Z" testType="13cdc9d9-ddb5-4fa4-a97d-d965ccfc6d4b" outcome="Passed" testListId="19475ed8-5618-488e-aa2e-200016933d92" />
    <UnitTestResult executionId="9c4e3d19-9955-435a-8e8d-a5453f659132" testId="feee4739-d33e-470f-80a6-5bf9fa74fe3f" testName="Test1090" computerName="UA-LPT-OGA2" duration="00:00:00.8290000" startTime="2025-05-14T13:20:31.3146610Z" endTime="2025-05-14T13:25:31.3147553Z" testType="13cdc9d9-ddb5-4fa4-a97d-d965ccfc6d4b" outcome="Passed" testListId="19475ed8-5618-488e-aa2e-200016933d92" />
    <UnitTestResult executionId="108be3fc-6115-42c3-b36a-98d91aa19534" testId="53692c1e-6c19-406e-94c2-e17a8b692258" testName="Test1091" computerName="UA-LPT-OGA2" duration="00:00:01.9920000" startTime="2025-05-14T13:20:31.3146610Z" endTime="2025-05-14T13:25:31.3147553Z" testType="13cdc9d9-ddb5-4fa4-a97d-d965ccfc6d4b" outcome="Failed" testListId="19475ed8-5618-488e-aa2e-200016933d92">
      <Output>
        <ErrorInfo>
          <Message>Assertion failed: Expected value did not match actual value.</Message>
          <StackTrace>   at TestNamespace.TestClass.Test() in TestClass.cs:line 123</StackTrace>
        </ErrorInfo>
      </Output>
    </UnitTestResult>
    <UnitTestResult executionId="e2b02cb3-7d45-48b8-8301-d23352364e14" testId="cd493cbd-40de-433f-b8d5-b3553f2f9477" testName="Test1092" computerName="UA-LPT-OGA2" duration="00:00:00.2220000" startTime="2025-05-14T13:20:31.3146610Z" endTime="2025-05-14T13:25:31.3147553Z" testType="13cdc9d9-ddb5-4fa4-a97d-d965ccfc6d4b" outcome="Passed" testListId="19475ed8-5618-488e-aa2e-200016933d92" />
    <UnitTestResult executionId="34db5eeb-8e5e-460c-9482-7672799b6a99" testId="8cbe6b12-6a09-4128-b5a6-1bbf68ee82b4" testName="Test1093" computerName="UA-LPT-OGA2" duration="00:00:01.3410000" startTime="2025-05-14T13:20:31.3146610Z" endTime="2025-05-14T13:25:31.3147553Z" testType="13cdc9d9-ddb5-4fa4-a97d-d965ccfc6d4b" outcome="Failed" testListId="19475ed8-5618-488e-aa2e-200016933d92">
      <Output>
        <ErrorInfo>
          <Message>Assertion failed: Expected value did not match actual value.</Message>
          <StackTrace>   at TestNamespace.TestClass.Test() in TestClass.cs:line 54</StackTrace>
        </ErrorInfo>
      </Output>
    </UnitTestResult>
    <UnitTestResult executionId="19356b03-935b-41d6-98f4-f3bb74fb9af4" testId="9ed74fbb-2bb0-45a2-a294-90eda024cf11" testName="Test1094" computerName="UA-LPT-OGA2" duration="00:00:00.6550000" startTime="2025-05-14T13:20:31.3146610Z" endTime="2025-05-14T13:25:31.3147553Z" testType="13cdc9d9-ddb5-4fa4-a97d-d965ccfc6d4b" outcome="Passed" testListId="19475ed8-5618-488e-aa2e-200016933d92" />
    <UnitTestResult executionId="3a9734f5-957f-413d-9cba-bc044b15dccf" testId="049d27a7-60d2-46e4-a54a-ebdac8de10a5" testName="Test1095" computerName="UA-LPT-OGA2" duration="00:00:00.4220000" startTime="2025-05-14T13:20:31.3146610Z" endTime="2025-05-14T13:25:31.3147553Z" testType="13cdc9d9-ddb5-4fa4-a97d-d965ccfc6d4b" outcome="Passed" testListId="19475ed8-5618-488e-aa2e-200016933d92" />
    <UnitTestResult executionId="ad2c855a-25e7-4ff8-88a8-fdf1e2a42211" testId="d9943688-950d-4f3c-8569-9d9d4ed4bb55" testName="Test1096" computerName="UA-LPT-OGA2" duration="00:00:00.9910000" startTime="2025-05-14T13:20:31.3146610Z" endTime="2025-05-14T13:25:31.3147553Z" testType="13cdc9d9-ddb5-4fa4-a97d-d965ccfc6d4b" outcome="Passed" testListId="19475ed8-5618-488e-aa2e-200016933d92" />
    <UnitTestResult executionId="8c5d446a-2c11-476f-a0c8-367b09de4b6b" testId="ca166275-636d-421e-886c-a521a744a037" testName="Test1097" computerName="UA-LPT-OGA2" duration="00:00:01.9260000" startTime="2025-05-14T13:20:31.3146610Z" endTime="2025-05-14T13:25:31.3147553Z" testType="13cdc9d9-ddb5-4fa4-a97d-d965ccfc6d4b" outcome="Passed" testListId="19475ed8-5618-488e-aa2e-200016933d92" />
    <UnitTestResult executionId="4d5cbeb3-ea65-4b6d-a5dc-c7f023857809" testId="8919a663-5729-4130-a83e-0cb11f592a00" testName="Test1098" computerName="UA-LPT-OGA2" duration="00:00:00.6020000" startTime="2025-05-14T13:20:31.3146610Z" endTime="2025-05-14T13:25:31.3147553Z" testType="13cdc9d9-ddb5-4fa4-a97d-d965ccfc6d4b" outcome="Passed" testListId="19475ed8-5618-488e-aa2e-200016933d92" />
    <UnitTestResult executionId="a0435c1e-e4ba-4299-a9f3-9ff7c2eeff8c" testId="76c6158c-699c-45ad-a10a-789642f24c8d" testName="Test1099" computerName="UA-LPT-OGA2" duration="00:00:01.9550000" startTime="2025-05-14T13:20:31.3146610Z" endTime="2025-05-14T13:25:31.3147553Z" testType="13cdc9d9-ddb5-4fa4-a97d-d965ccfc6d4b" outcome="Passed" testListId="19475ed8-5618-488e-aa2e-200016933d92" />
    <UnitTestResult executionId="70f7b721-60fc-4945-abe7-2f5b1705e445" testId="6f67a21f-0c68-482a-8529-c05ea37c8279" testName="Test1100" computerName="UA-LPT-OGA2" duration="00:00:00.4090000" startTime="2025-05-14T13:20:31.3146610Z" endTime="2025-05-14T13:25:31.3147553Z" testType="13cdc9d9-ddb5-4fa4-a97d-d965ccfc6d4b" outcome="Passed" testListId="19475ed8-5618-488e-aa2e-200016933d92" />
  </Results>
  <TestDefinitions>
    <UnitTest name="Test1001" id="3dd5863e-1c82-4879-b931-f212fe902742" storage="TestAssembly.dll">
      <Execution id="2ee0acb9-a91f-4db2-867f-c4cba343fce9" />
      <TestMethod codeBase="TestAssembly.dll" className="TestNamespace.TestClass1" name="Test1001" />
    </UnitTest>
    <UnitTest name="Test1002" id="de2c16a1-d113-400f-b685-aa7e8d51683e" storage="TestAssembly.dll">
      <Execution id="841848d4-b578-49f0-983d-9999613ea592" />
      <TestMethod codeBase="TestAssembly.dll" className="TestNamespace.TestClass1" name="Test1002" />
    </UnitTest>
    <UnitTest name="Test1003" id="80a5cfa6-4277-4993-80f7-5c74ad241aea" storage="TestAssembly.dll">
      <Execution id="c2a1f2a3-dbd8-4c45-b7a7-0d31ff2427c6" />
      <TestMethod codeBase="TestAssembly.dll" className="TestNamespace.TestClass1" name="Test1003" />
    </UnitTest>
    <UnitTest name="Test1004" id="83df8162-914c-4c8d-9226-1a5da79ca2b9" storage="TestAssembly.dll">
      <Execution id="ca4fb7bd-8864-4297-b095-c6a5da3def19" />
      <TestMethod codeBase="TestAssembly.dll" className="TestNamespace.TestClass1" name="Test1004" />
    </UnitTest>
    <UnitTest name="Test1005" id="e03216e0-d88a-406c-ac65-16a433e5050d" storage="TestAssembly.dll">
      <Execution id="7aa85955-5db5-4208-822a-148b3f957728" />
      <TestMethod codeBase="TestAssembly.dll" className="TestNamespace.TestClass1" name="Test1005" />
    </UnitTest>
    <UnitTest name="Test1006" id="a749ac40-4933-46c8-85d0-fa3e82c011cf" storage="TestAssembly.dll">
      <Execution id="1b19b2a1-b64d-4f1a-ac21-3d1c097ee3a4" />
      <TestMethod codeBase="TestAssembly.dll" className="TestNamespace.TestClass1" name="Test1006" />
    </UnitTest>
    <UnitTest name="Test1007" id="ce143b18-cdea-4919-97a3-9af615016305" storage="TestAssembly.dll">
      <Execution id="82ac19b6-8e3f-41d2-a4eb-eeb2bcb9e36e" />
      <TestMethod codeBase="TestAssembly.dll" className="TestNamespace.TestClass1" name="Test1007" />
    </UnitTest>
    <UnitTest name="Test1008" id="dcad38b6-475f-42e2-b6cf-fb3c1e924508" storage="TestAssembly.dll">
      <Execution id="8b639371-9e83-422c-9886-51e49cc404a0" />
      <TestMethod codeBase="TestAssembly.dll" className="TestNamespace.TestClass1" name="Test1008" />
    </UnitTest>
    <UnitTest name="Test1009" id="006c790e-83b1-4781-95d0-47d94afe6729" storage="TestAssembly.dll">
      <Execution id="13856f46-7127-4325-beec-f9cad1dc9ad6" />
      <TestMethod codeBase="TestAssembly.dll" className="TestNamespace.TestClass1" name="Test1009" />
    </UnitTest>
    <UnitTest name="Test1010" id="b8584bd6-ddd9-47fc-b7f6-a43e4024285c" storage="TestAssembly.dll">
      <Execution id="33dc262e-b300-4570-a1c1-20afccf4891c" />
      <TestMethod codeBase="TestAssembly.dll" className="TestNamespace.TestClass1" name="Test1010" />
    </UnitTest>
    <UnitTest name="Test1011" id="be76dc5b-0189-4ef3-bab0-4c12c98cd89c" storage="TestAssembly.dll">
      <Execution id="2f90247c-543a-4990-a01d-f72cf7c04152" />
      <TestMethod codeBase="TestAssembly.dll" className="TestNamespace.TestClass2" name="Test1011" />
    </UnitTest>
    <UnitTest name="Test1012" id="52cd96aa-5f91-4338-8fbb-e275f79e0292" storage="TestAssembly.dll">
      <Execution id="6ac61d26-edd6-415d-b48d-8532ea30ea87" />
      <TestMethod codeBase="TestAssembly.dll" className="TestNamespace.TestClass2" name="Test1012" />
    </UnitTest>
    <UnitTest name="Test1013" id="39543659-3475-4016-ae7c-9c8a18932b11" storage="TestAssembly.dll">
      <Execution id="4826e3f2-a862-4b2f-b2e5-3d8194a8170a" />
      <TestMethod codeBase="TestAssembly.dll" className="TestNamespace.TestClass2" name="Test1013" />
    </UnitTest>
    <UnitTest name="Test1014" id="e2002e2c-ebdc-4b47-88c8-ffdf837fe34c" storage="TestAssembly.dll">
      <Execution id="113b9d94-36ed-4db3-b51f-6c1c4ad19fa1" />
      <TestMethod codeBase="TestAssembly.dll" className="TestNamespace.TestClass2" name="Test1014" />
    </UnitTest>
    <UnitTest name="Test1015" id="a1fe6e07-9af1-482f-904c-50cf74ac4aa2" storage="TestAssembly.dll">
      <Execution id="ecd5e509-7e1a-4a9f-8b9c-d8ab149a312a" />
      <TestMethod codeBase="TestAssembly.dll" className="TestNamespace.TestClass2" name="Test1015" />
    </UnitTest>
    <UnitTest name="Test1016" id="8f215694-abab-410f-8bd1-acbc12d89ea5" storage="TestAssembly.dll">
      <Execution id="7d305a09-e4bd-42b9-8aa4-b61266f118ae" />
      <TestMethod codeBase="TestAssembly.dll" className="TestNamespace.TestClass2" name="Test1016" />
    </UnitTest>
    <UnitTest name="Test1017" id="da66a305-e512-4b1c-829a-026ee160b22d" storage="TestAssembly.dll">
      <Execution id="e5a53e95-9047-465f-8a7a-e2c323243a43" />
      <TestMethod codeBase="TestAssembly.dll" className="TestNamespace.TestClass2" name="Test1017" />
    </UnitTest>
    <UnitTest name="Test1018" id="69c934bc-f4b9-4d9d-a374-fe0dafcb8c30" storage="TestAssembly.dll">
      <Execution id="bfef9ffb-96c6-4ba6-9b94-99c714f21121" />
      <TestMethod codeBase="TestAssembly.dll" className="TestNamespace.TestClass2" name="Test1018" />
    </UnitTest>
    <UnitTest name="Test1019" id="d1bf50f4-d75d-4d54-bcec-bbea834c6685" storage="TestAssembly.dll">
      <Execution id="9b0c0b8f-7160-4544-8882-cb203c1d9fe4" />
      <TestMethod codeBase="TestAssembly.dll" className="TestNamespace.TestClass2" name="Test1019" />
    </UnitTest>
    <UnitTest name="Test1020" id="9414ff66-028c-4582-b9c9-146ddb6c7e39" storage="TestAssembly.dll">
      <Execution id="b4e304d5-7cdf-4c46-9d17-7c60aedbefed" />
      <TestMethod codeBase="TestAssembly.dll" className="TestNamespace.TestClass2" name="Test1020" />
    </UnitTest>
    <UnitTest name="Test1021" id="75b45087-e40f-4956-bd24-acbe1cfcabd8" storage="TestAssembly.dll">
      <Execution id="bd9372da-b4cb-4237-8435-c16f9a95de5c" />
      <TestMethod codeBase="TestAssembly.dll" className="TestNamespace.TestClass3" name="Test1021" />
    </UnitTest>
    <UnitTest name="Test1022" id="97e458f1-5e95-4ff8-b66a-7ee7daf84cd5" storage="TestAssembly.dll">
      <Execution id="c8bf403d-7085-4855-aae2-f14c31087f28" />
      <TestMethod codeBase="TestAssembly.dll" className="TestNamespace.TestClass3" name="Test1022" />
    </UnitTest>
    <UnitTest name="Test1023" id="dc8972c6-aa45-46e2-8c90-75f8c58832ed" storage="TestAssembly.dll">
      <Execution id="76821fbc-3e58-488c-9131-5461d9fbbdb7" />
      <TestMethod codeBase="TestAssembly.dll" className="TestNamespace.TestClass3" name="Test1023" />
    </UnitTest>
    <UnitTest name="Test1024" id="e854a9bc-7af9-4c22-bdb2-794fb3ad56df" storage="TestAssembly.dll">
      <Execution id="6df954e7-fe8d-4e7a-a9ae-134b979b78dd" />
      <TestMethod codeBase="TestAssembly.dll" className="TestNamespace.TestClass3" name="Test1024" />
    </UnitTest>
    <UnitTest name="Test1025" id="65cf0fc1-b15e-4929-b120-50980d615e60" storage="TestAssembly.dll">
      <Execution id="e3a3613d-e11a-4dce-9430-ffec8073f41a" />
      <TestMethod codeBase="TestAssembly.dll" className="TestNamespace.TestClass3" name="Test1025" />
    </UnitTest>
    <UnitTest name="Test1026" id="88e3622c-fe4f-4add-9210-d83befc70e2d" storage="TestAssembly.dll">
      <Execution id="5fde0e98-e407-421e-b38d-56d66e8c2c54" />
      <TestMethod codeBase="TestAssembly.dll" className="TestNamespace.TestClass3" name="Test1026" />
    </UnitTest>
    <UnitTest name="Test1027" id="6e8d219c-ab59-4d26-899d-a478089f1f33" storage="TestAssembly.dll">
      <Execution id="c39faa4f-be9d-4962-9a30-9af050853ada" />
      <TestMethod codeBase="TestAssembly.dll" className="TestNamespace.TestClass3" name="Test1027" />
    </UnitTest>
    <UnitTest name="Test1028" id="6d23fd03-6a7d-44a8-9e7a-92501ea133a6" storage="TestAssembly.dll">
      <Execution id="024bc4b4-7409-4fab-826f-4537fa3c1ba7" />
      <TestMethod codeBase="TestAssembly.dll" className="TestNamespace.TestClass3" name="Test1028" />
    </UnitTest>
    <UnitTest name="Test1029" id="194d8763-e048-4637-8c3f-505422c03cb0" storage="TestAssembly.dll">
      <Execution id="dd9e71ae-47da-4eea-a1d0-5286ecb49f63" />
      <TestMethod codeBase="TestAssembly.dll" className="TestNamespace.TestClass3" name="Test1029" />
    </UnitTest>
    <UnitTest name="Test1030" id="8ee0412c-5a45-455d-98f8-aac424427425" storage="TestAssembly.dll">
      <Execution id="c7d72c77-945e-4dc5-be1a-15fb91bb2174" />
      <TestMethod codeBase="TestAssembly.dll" className="TestNamespace.TestClass3" name="Test1030" />
    </UnitTest>
    <UnitTest name="Test1031" id="15aa2d63-bf63-48d5-bd32-25844b72e2c9" storage="TestAssembly.dll">
      <Execution id="8f1b5736-0687-4dfc-9dc2-5ea33a80b754" />
      <TestMethod codeBase="TestAssembly.dll" className="TestNamespace.TestClass4" name="Test1031" />
    </UnitTest>
    <UnitTest name="Test1032" id="5b443386-7be8-4dac-b24a-5f1d016a8690" storage="TestAssembly.dll">
      <Execution id="f522d9cb-51ac-49fa-9bc0-3651dad11598" />
      <TestMethod codeBase="TestAssembly.dll" className="TestNamespace.TestClass4" name="Test1032" />
    </UnitTest>
    <UnitTest name="Test1033" id="38a190fc-5da5-4c6c-a5e4-e4bb7a87e810" storage="TestAssembly.dll">
      <Execution id="b08c3b92-1b49-422a-bc2b-77bba09c1497" />
      <TestMethod codeBase="TestAssembly.dll" className="TestNamespace.TestClass4" name="Test1033" />
    </UnitTest>
    <UnitTest name="Test1034" id="0a60f1fb-f90a-40df-bfc7-d22bd2826f10" storage="TestAssembly.dll">
      <Execution id="5a9c8b86-5fae-44e0-a95d-4c6fce6ee7c5" />
      <TestMethod codeBase="TestAssembly.dll" className="TestNamespace.TestClass4" name="Test1034" />
    </UnitTest>
    <UnitTest name="Test1035" id="1f0a2f21-4520-45bb-b0da-120a831eba64" storage="TestAssembly.dll">
      <Execution id="8b98a2af-53f5-4a85-a350-baf9333912ad" />
      <TestMethod codeBase="TestAssembly.dll" className="TestNamespace.TestClass4" name="Test1035" />
    </UnitTest>
    <UnitTest name="Test1036" id="96854bfb-b3b0-4669-80f2-ff64b1a56ead" storage="TestAssembly.dll">
      <Execution id="d76bd5c5-af72-4bb6-b318-6a5f3fb37796" />
      <TestMethod codeBase="TestAssembly.dll" className="TestNamespace.TestClass4" name="Test1036" />
    </UnitTest>
    <UnitTest name="Test1037" id="ccae1240-7f57-4e13-b7f8-7a2c74ecfb2d" storage="TestAssembly.dll">
      <Execution id="30e1ad19-92c1-4a87-922a-4c23f4283859" />
      <TestMethod codeBase="TestAssembly.dll" className="TestNamespace.TestClass4" name="Test1037" />
    </UnitTest>
    <UnitTest name="Test1038" id="4c73e8cb-e462-4c3c-8d56-867ac389615e" storage="TestAssembly.dll">
      <Execution id="082fdf65-beb7-4dd1-b087-750e4d94a2c8" />
      <TestMethod codeBase="TestAssembly.dll" className="TestNamespace.TestClass4" name="Test1038" />
    </UnitTest>
    <UnitTest name="Test1039" id="1fb751da-769c-498c-97b7-fe47031ad702" storage="TestAssembly.dll">
      <Execution id="9a9b0c5f-32b0-4ac3-b836-49d7f2c13473" />
      <TestMethod codeBase="TestAssembly.dll" className="TestNamespace.TestClass4" name="Test1039" />
    </UnitTest>
    <UnitTest name="Test1040" id="52582f5c-a380-46c1-9a4f-4b9171a34171" storage="TestAssembly.dll">
      <Execution id="5d2df826-b34b-44c6-8a7e-ca89183117a5" />
      <TestMethod codeBase="TestAssembly.dll" className="TestNamespace.TestClass4" name="Test1040" />
    </UnitTest>
    <UnitTest name="Test1041" id="11b37938-8fb1-43cf-b5cc-ee438dc81ba1" storage="TestAssembly.dll">
      <Execution id="d2d266e8-8341-4ebc-aa5d-a89a92ba26a4" />
      <TestMethod codeBase="TestAssembly.dll" className="TestNamespace.TestClass5" name="Test1041" />
    </UnitTest>
    <UnitTest name="Test1042" id="1fda89bd-4cfb-4c5b-98a3-761883ac2cb4" storage="TestAssembly.dll">
      <Execution id="8eddba70-91aa-43ac-8475-a306bea0da5f" />
      <TestMethod codeBase="TestAssembly.dll" className="TestNamespace.TestClass5" name="Test1042" />
    </UnitTest>
    <UnitTest name="Test1043" id="ea100392-39ce-4505-9a35-4300b0e52c09" storage="TestAssembly.dll">
      <Execution id="d3e8d083-b152-4e4e-8db2-04042f358a68" />
      <TestMethod codeBase="TestAssembly.dll" className="TestNamespace.TestClass5" name="Test1043" />
    </UnitTest>
    <UnitTest name="Test1044" id="71f30ec7-0cfe-40d1-800f-9747e7421056" storage="TestAssembly.dll">
      <Execution id="9e5396b7-93ff-48ab-aa5d-47703b0bc676" />
      <TestMethod codeBase="TestAssembly.dll" className="TestNamespace.TestClass5" name="Test1044" />
    </UnitTest>
    <UnitTest name="Test1045" id="a31b517a-0452-4b65-b60d-39e9d0ac8a9f" storage="TestAssembly.dll">
      <Execution id="d477b543-0c6a-47aa-9ab2-f7a5477d2c8e" />
      <TestMethod codeBase="TestAssembly.dll" className="TestNamespace.TestClass5" name="Test1045" />
    </UnitTest>
    <UnitTest name="Test1046" id="c8511dd8-e6b6-40d7-a165-dd574cd542c0" storage="TestAssembly.dll">
      <Execution id="d7f07757-7627-4768-a33d-2f0630a624c8" />
      <TestMethod codeBase="TestAssembly.dll" className="TestNamespace.TestClass5" name="Test1046" />
    </UnitTest>
    <UnitTest name="Test1047" id="017cf598-9c19-4d64-805b-fb6bf060d023" storage="TestAssembly.dll">
      <Execution id="0699f7c4-9e79-489c-bb63-2d6cceb41355" />
      <TestMethod codeBase="TestAssembly.dll" className="TestNamespace.TestClass5" name="Test1047" />
    </UnitTest>
    <UnitTest name="Test1048" id="78f017f8-c1ae-4687-9a44-80cd0698d07c" storage="TestAssembly.dll">
      <Execution id="f8a03291-fc36-4198-bcbd-8d7645a39341" />
      <TestMethod codeBase="TestAssembly.dll" className="TestNamespace.TestClass5" name="Test1048" />
    </UnitTest>
    <UnitTest name="Test1049" id="faaae79b-1f5e-4067-a3f0-1c730d5fd46d" storage="TestAssembly.dll">
      <Execution id="16bb759b-d672-4d8d-a446-c3d0e32a5199" />
      <TestMethod codeBase="TestAssembly.dll" className="TestNamespace.TestClass5" name="Test1049" />
    </UnitTest>
    <UnitTest name="Test1050" id="161226fa-dde6-4c5a-9ce0-6a4547a83f0d" storage="TestAssembly.dll">
      <Execution id="42380a70-3779-42e2-8a7b-fce40a279e0e" />
      <TestMethod codeBase="TestAssembly.dll" className="TestNamespace.TestClass5" name="Test1050" />
    </UnitTest>
    <UnitTest name="Test1051" id="a9d1a219-9b29-40a7-836b-a5f7315ccc20" storage="TestAssembly.dll">
      <Execution id="fc4bb7c8-e2df-4106-bd03-cb08d72cc5ba" />
      <TestMethod codeBase="TestAssembly.dll" className="TestNamespace.TestClass6" name="Test1051" />
    </UnitTest>
    <UnitTest name="Test1052" id="c114dfe6-5574-4a0a-90ba-9c800fb59c05" storage="TestAssembly.dll">
      <Execution id="c19e8653-5778-4e4a-b9e8-bf0a2a770bf5" />
      <TestMethod codeBase="TestAssembly.dll" className="TestNamespace.TestClass6" name="Test1052" />
    </UnitTest>
    <UnitTest name="Test1053" id="a758103d-46a5-4b30-88bd-c7fbc472fa90" storage="TestAssembly.dll">
      <Execution id="096d7cf3-5460-4f79-a59e-35f57cc4e6c8" />
      <TestMethod codeBase="TestAssembly.dll" className="TestNamespace.TestClass6" name="Test1053" />
    </UnitTest>
    <UnitTest name="Test1054" id="904cad9a-b7c7-4154-a406-849ee15717c1" storage="TestAssembly.dll">
      <Execution id="0c056a2c-8522-42f0-bd39-3ac88dcf556d" />
      <TestMethod codeBase="TestAssembly.dll" className="TestNamespace.TestClass6" name="Test1054" />
    </UnitTest>
    <UnitTest name="Test1055" id="4d3d0c1b-bf46-4c24-8605-fc650b7249c1" storage="TestAssembly.dll">
      <Execution id="ee135f2d-ecb5-41a4-858e-1c91d1107e54" />
      <TestMethod codeBase="TestAssembly.dll" className="TestNamespace.TestClass6" name="Test1055" />
    </UnitTest>
    <UnitTest name="Test1056" id="3be39442-be0a-4774-913a-2954beb32168" storage="TestAssembly.dll">
      <Execution id="3ed023eb-57a8-46fd-93d6-68a7799280fb" />
      <TestMethod codeBase="TestAssembly.dll" className="TestNamespace.TestClass6" name="Test1056" />
    </UnitTest>
    <UnitTest name="Test1057" id="dbea2e3f-e139-4b97-8b19-e48332715575" storage="TestAssembly.dll">
      <Execution id="8ba21d2c-806e-4dba-87a3-429dd16a5f85" />
      <TestMethod codeBase="TestAssembly.dll" className="TestNamespace.TestClass6" name="Test1057" />
    </UnitTest>
    <UnitTest name="Test1058" id="5ac8efd5-ef22-4b86-bd54-427b084e1da2" storage="TestAssembly.dll">
      <Execution id="c7b232b5-903a-4a0b-819a-4d63f76ff284" />
      <TestMethod codeBase="TestAssembly.dll" className="TestNamespace.TestClass6" name="Test1058" />
    </UnitTest>
    <UnitTest name="Test1059" id="e69f7912-60a4-4a8d-a75d-683d0cf068a7" storage="TestAssembly.dll">
      <Execution id="f9f6133e-bc55-4c07-a231-878d48d16d99" />
      <TestMethod codeBase="TestAssembly.dll" className="TestNamespace.TestClass6" name="Test1059" />
    </UnitTest>
    <UnitTest name="Test1060" id="c21a989f-5f94-4c30-810b-034763224b07" storage="TestAssembly.dll">
      <Execution id="224d0b78-8520-4ac5-abc1-b0798cbefa56" />
      <TestMethod codeBase="TestAssembly.dll" className="TestNamespace.TestClass6" name="Test1060" />
    </UnitTest>
    <UnitTest name="Test1061" id="1808358b-90a0-4782-83fe-190c17c064f5" storage="TestAssembly.dll">
      <Execution id="d746c122-57ea-49c8-8e4c-33fe2811493b" />
      <TestMethod codeBase="TestAssembly.dll" className="TestNamespace.TestClass7" name="Test1061" />
    </UnitTest>
    <UnitTest name="Test1062" id="7198f599-cecd-46df-afca-0c63f198c001" storage="TestAssembly.dll">
      <Execution id="563492c8-9431-4be6-9c0a-0ff6008f00de" />
      <TestMethod codeBase="TestAssembly.dll" className="TestNamespace.TestClass7" name="Test1062" />
    </UnitTest>
    <UnitTest name="Test1063" id="974dc92c-de0f-42d8-a290-7c8d9478d4be" storage="TestAssembly.dll">
      <Execution id="859f0302-d63c-4c5c-aa54-683c424054cd" />
      <TestMethod codeBase="TestAssembly.dll" className="TestNamespace.TestClass7" name="Test1063" />
    </UnitTest>
    <UnitTest name="Test1064" id="613b0691-b64d-4501-b5e7-386b120c2fc1" storage="TestAssembly.dll">
      <Execution id="d5033eea-c31e-4295-940b-4bfc4d683534" />
      <TestMethod codeBase="TestAssembly.dll" className="TestNamespace.TestClass7" name="Test1064" />
    </UnitTest>
    <UnitTest name="Test1065" id="105ea3ab-29fb-48fa-87e9-81c1c4ebf1b9" storage="TestAssembly.dll">
      <Execution id="35d63a21-9e80-40e6-a8f5-1a86e75ee87a" />
      <TestMethod codeBase="TestAssembly.dll" className="TestNamespace.TestClass7" name="Test1065" />
    </UnitTest>
    <UnitTest name="Test1066" id="6a399ccf-01d7-40dc-9624-9ef217ae6837" storage="TestAssembly.dll">
      <Execution id="04b30ec2-3ab5-4d5a-a803-272724128f17" />
      <TestMethod codeBase="TestAssembly.dll" className="TestNamespace.TestClass7" name="Test1066" />
    </UnitTest>
    <UnitTest name="Test1067" id="f7417236-2326-4277-a3f3-d114696dd1af" storage="TestAssembly.dll">
      <Execution id="f92701af-8f45-4a74-a89a-79dbcea3373e" />
      <TestMethod codeBase="TestAssembly.dll" className="TestNamespace.TestClass7" name="Test1067" />
    </UnitTest>
    <UnitTest name="Test1068" id="ce41f6c8-a9a3-42b7-9ea4-063c6bc58e74" storage="TestAssembly.dll">
      <Execution id="bbb01a87-129b-4747-bf9a-684b7fb5c39e" />
      <TestMethod codeBase="TestAssembly.dll" className="TestNamespace.TestClass7" name="Test1068" />
    </UnitTest>
    <UnitTest name="Test1069" id="e4f5f01c-7892-47ae-94e7-df0341d2809e" storage="TestAssembly.dll">
      <Execution id="db3fee1f-aa2e-49ba-b233-41802c24e6eb" />
      <TestMethod codeBase="TestAssembly.dll" className="TestNamespace.TestClass7" name="Test1069" />
    </UnitTest>
    <UnitTest name="Test1070" id="32058e46-fd43-41e8-a1b0-188ca09e771d" storage="TestAssembly.dll">
      <Execution id="3c23c934-b676-4886-bac1-4a587d061079" />
      <TestMethod codeBase="TestAssembly.dll" className="TestNamespace.TestClass7" name="Test1070" />
    </UnitTest>
    <UnitTest name="Test1071" id="d7d7e151-0879-4557-bc54-f783f591cb4c" storage="TestAssembly.dll">
      <Execution id="5ef80755-a125-406e-b892-b5771dfffec3" />
      <TestMethod codeBase="TestAssembly.dll" className="TestNamespace.TestClass8" name="Test1071" />
    </UnitTest>
    <UnitTest name="Test1072" id="83035937-7d35-4476-9aa4-7f80303ef74e" storage="TestAssembly.dll">
      <Execution id="b1009599-2297-4c54-9716-fc1ad5e5cf73" />
      <TestMethod codeBase="TestAssembly.dll" className="TestNamespace.TestClass8" name="Test1072" />
    </UnitTest>
    <UnitTest name="Test1073" id="9bd9e7d9-5858-45a3-b64a-4d9a71c06839" storage="TestAssembly.dll">
      <Execution id="56e0370e-7d8a-49c0-923b-1877027ce6a7" />
      <TestMethod codeBase="TestAssembly.dll" className="TestNamespace.TestClass8" name="Test1073" />
    </UnitTest>
    <UnitTest name="Test1074" id="b1b22812-cf03-42f5-ab02-d54aef0bde2a" storage="TestAssembly.dll">
      <Execution id="8d31bd65-b8f4-4cb4-a50a-1f76b09f2206" />
      <TestMethod codeBase="TestAssembly.dll" className="TestNamespace.TestClass8" name="Test1074" />
    </UnitTest>
    <UnitTest name="Test1075" id="dc595fdb-148b-46f9-a731-0ede8dd0427f" storage="TestAssembly.dll">
      <Execution id="eb373075-1321-4f4a-a1e7-b7fa86938ed9" />
      <TestMethod codeBase="TestAssembly.dll" className="TestNamespace.TestClass8" name="Test1075" />
    </UnitTest>
    <UnitTest name="Test1076" id="08fe244d-e920-4343-b577-e3ef98d96f89" storage="TestAssembly.dll">
      <Execution id="ce8eebfb-555e-4bdd-b96d-b20a3703633a" />
      <TestMethod codeBase="TestAssembly.dll" className="TestNamespace.TestClass8" name="Test1076" />
    </UnitTest>
    <UnitTest name="Test1077" id="982d7632-1b0d-41e8-98c6-35e164563389" storage="TestAssembly.dll">
      <Execution id="3e5f693d-2331-4631-95b2-48efe5ea6c23" />
      <TestMethod codeBase="TestAssembly.dll" className="TestNamespace.TestClass8" name="Test1077" />
    </UnitTest>
    <UnitTest name="Test1078" id="d51cfbf7-1e9d-4b8e-b50c-cb621e096149" storage="TestAssembly.dll">
      <Execution id="ccea986e-ea9e-4963-a97e-ccf58dc78d5b" />
      <TestMethod codeBase="TestAssembly.dll" className="TestNamespace.TestClass8" name="Test1078" />
    </UnitTest>
    <UnitTest name="Test1079" id="1d574d68-1a86-4f35-a580-e258cf0e058a" storage="TestAssembly.dll">
      <Execution id="4d750ea8-4fea-4f2e-ac1a-cc15667d0c92" />
      <TestMethod codeBase="TestAssembly.dll" className="TestNamespace.TestClass8" name="Test1079" />
    </UnitTest>
    <UnitTest name="Test1080" id="f7b804ea-0e1e-45c2-a577-420e375db87c" storage="TestAssembly.dll">
      <Execution id="22789af9-6c78-493b-8aa6-a6cffff490b7" />
      <TestMethod codeBase="TestAssembly.dll" className="TestNamespace.TestClass8" name="Test1080" />
    </UnitTest>
    <UnitTest name="Test1081" id="1c30fe14-2cc5-4e76-80aa-edfe324e32b5" storage="TestAssembly.dll">
      <Execution id="c424ed7e-1a2c-4148-8f88-537d2e93f96b" />
      <TestMethod codeBase="TestAssembly.dll" className="TestNamespace.TestClass9" name="Test1081" />
    </UnitTest>
    <UnitTest name="Test1082" id="bd21a5e5-6073-4bc7-9ba7-1ba72d7684bd" storage="TestAssembly.dll">
      <Execution id="7a8c7ac5-a7bf-4482-beb0-8b176a3b33e3" />
      <TestMethod codeBase="TestAssembly.dll" className="TestNamespace.TestClass9" name="Test1082" />
    </UnitTest>
    <UnitTest name="Test1083" id="74244447-d77e-48a7-be81-a4fd9b6fbbb5" storage="TestAssembly.dll">
      <Execution id="5c38ac77-8c54-406a-a119-d2d322f2bf29" />
      <TestMethod codeBase="TestAssembly.dll" className="TestNamespace.TestClass9" name="Test1083" />
    </UnitTest>
    <UnitTest name="Test1084" id="921ecc3e-9600-445e-9857-2104470655f8" storage="TestAssembly.dll">
      <Execution id="4c88e71c-d782-4f61-8729-a82bb8021201" />
      <TestMethod codeBase="TestAssembly.dll" className="TestNamespace.TestClass9" name="Test1084" />
    </UnitTest>
    <UnitTest name="Test1085" id="2109b65a-983e-4fbc-8dec-c29ff657a6ad" storage="TestAssembly.dll">
      <Execution id="57c5e260-3673-45d4-87b8-2753c2853cc3" />
      <TestMethod codeBase="TestAssembly.dll" className="TestNamespace.TestClass9" name="Test1085" />
    </UnitTest>
    <UnitTest name="Test1086" id="f2d42e35-90c8-4ad0-93bc-291170f07288" storage="TestAssembly.dll">
      <Execution id="6c221212-a592-4826-bea1-c735713927db" />
      <TestMethod codeBase="TestAssembly.dll" className="TestNamespace.TestClass9" name="Test1086" />
    </UnitTest>
    <UnitTest name="Test1087" id="d9b843f5-8063-4696-98c3-51b4834fc078" storage="TestAssembly.dll">
      <Execution id="f87cf6b5-b889-4e83-9088-57950b786c34" />
      <TestMethod codeBase="TestAssembly.dll" className="TestNamespace.TestClass9" name="Test1087" />
    </UnitTest>
    <UnitTest name="Test1088" id="b368a41d-d7c0-4b02-ae51-a6855816e982" storage="TestAssembly.dll">
      <Execution id="1e6a1dd9-793b-4967-aa0e-eed98b7a535e" />
      <TestMethod codeBase="TestAssembly.dll" className="TestNamespace.TestClass9" name="Test1088" />
    </UnitTest>
    <UnitTest name="Test1089" id="4e63ed2a-8758-4bb9-a5bf-583d2e311d2a" storage="TestAssembly.dll">
      <Execution id="16989ffa-2f60-4b9c-aec5-1b11e7ffde5c" />
      <TestMethod codeBase="TestAssembly.dll" className="TestNamespace.TestClass9" name="Test1089" />
    </UnitTest>
    <UnitTest name="Test1090" id="feee4739-d33e-470f-80a6-5bf9fa74fe3f" storage="TestAssembly.dll">
      <Execution id="9c4e3d19-9955-435a-8e8d-a5453f659132" />
      <TestMethod codeBase="TestAssembly.dll" className="TestNamespace.TestClass9" name="Test1090" />
    </UnitTest>
    <UnitTest name="Test1091" id="53692c1e-6c19-406e-94c2-e17a8b692258" storage="TestAssembly.dll">
      <Execution id="108be3fc-6115-42c3-b36a-98d91aa19534" />
      <TestMethod codeBase="TestAssembly.dll" className="TestNamespace.TestClass10" name="Test1091" />
    </UnitTest>
    <UnitTest name="Test1092" id="cd493cbd-40de-433f-b8d5-b3553f2f9477" storage="TestAssembly.dll">
      <Execution id="e2b02cb3-7d45-48b8-8301-d23352364e14" />
      <TestMethod codeBase="TestAssembly.dll" className="TestNamespace.TestClass10" name="Test1092" />
    </UnitTest>
    <UnitTest name="Test1093" id="8cbe6b12-6a09-4128-b5a6-1bbf68ee82b4" storage="TestAssembly.dll">
      <Execution id="34db5eeb-8e5e-460c-9482-7672799b6a99" />
      <TestMethod codeBase="TestAssembly.dll" className="TestNamespace.TestClass10" name="Test1093" />
    </UnitTest>
    <UnitTest name="Test1094" id="9ed74fbb-2bb0-45a2-a294-90eda024cf11" storage="TestAssembly.dll">
      <Execution id="19356b03-935b-41d6-98f4-f3bb74fb9af4" />
      <TestMethod codeBase="TestAssembly.dll" className="TestNamespace.TestClass10" name="Test1094" />
    </UnitTest>
    <UnitTest name="Test1095" id="049d27a7-60d2-46e4-a54a-ebdac8de10a5" storage="TestAssembly.dll">
      <Execution id="3a9734f5-957f-413d-9cba-bc044b15dccf" />
      <TestMethod codeBase="TestAssembly.dll" className="TestNamespace.TestClass10" name="Test1095" />
    </UnitTest>
    <UnitTest name="Test1096" id="d9943688-950d-4f3c-8569-9d9d4ed4bb55" storage="TestAssembly.dll">
      <Execution id="ad2c855a-25e7-4ff8-88a8-fdf1e2a42211" />
      <TestMethod codeBase="TestAssembly.dll" className="TestNamespace.TestClass10" name="Test1096" />
    </UnitTest>
    <UnitTest name="Test1097" id="ca166275-636d-421e-886c-a521a744a037" storage="TestAssembly.dll">
      <Execution id="8c5d446a-2c11-476f-a0c8-367b09de4b6b" />
      <TestMethod codeBase="TestAssembly.dll" className="TestNamespace.TestClass10" name="Test1097" />
    </UnitTest>
    <UnitTest name="Test1098" id="8919a663-5729-4130-a83e-0cb11f592a00" storage="TestAssembly.dll">
      <Execution id="4d5cbeb3-ea65-4b6d-a5dc-c7f023857809" />
      <TestMethod codeBase="TestAssembly.dll" className="TestNamespace.TestClass10" name="Test1098" />
    </UnitTest>
    <UnitTest name="Test1099" id="76c6158c-699c-45ad-a10a-789642f24c8d" storage="TestAssembly.dll">
      <Execution id="a0435c1e-e4ba-4299-a9f3-9ff7c2eeff8c" />
      <TestMethod codeBase="TestAssembly.dll" className="TestNamespace.TestClass10" name="Test1099" />
    </UnitTest>
    <UnitTest name="Test1100" id="6f67a21f-0c68-482a-8529-c05ea37c8279" storage="TestAssembly.dll">
      <Execution id="70f7b721-60fc-4945-abe7-2f5b1705e445" />
      <TestMethod codeBase="TestAssembly.dll" className="TestNamespace.TestClass10" name="Test1100" />
    </UnitTest>
  </TestDefinitions>
  <TestEntries>
    <TestEntry testId="3dd5863e-1c82-4879-b931-f212fe902742" executionId="2ee0acb9-a91f-4db2-867f-c4cba343fce9" testListId="19475ed8-5618-488e-aa2e-200016933d92" />
    <TestEntry testId="de2c16a1-d113-400f-b685-aa7e8d51683e" executionId="841848d4-b578-49f0-983d-9999613ea592" testListId="19475ed8-5618-488e-aa2e-200016933d92" />
    <TestEntry testId="80a5cfa6-4277-4993-80f7-5c74ad241aea" executionId="c2a1f2a3-dbd8-4c45-b7a7-0d31ff2427c6" testListId="19475ed8-5618-488e-aa2e-200016933d92" />
    <TestEntry testId="83df8162-914c-4c8d-9226-1a5da79ca2b9" executionId="ca4fb7bd-8864-4297-b095-c6a5da3def19" testListId="19475ed8-5618-488e-aa2e-200016933d92" />
    <TestEntry testId="e03216e0-d88a-406c-ac65-16a433e5050d" executionId="7aa85955-5db5-4208-822a-148b3f957728" testListId="19475ed8-5618-488e-aa2e-200016933d92" />
    <TestEntry testId="a749ac40-4933-46c8-85d0-fa3e82c011cf" executionId="1b19b2a1-b64d-4f1a-ac21-3d1c097ee3a4" testListId="19475ed8-5618-488e-aa2e-200016933d92" />
    <TestEntry testId="ce143b18-cdea-4919-97a3-9af615016305" executionId="82ac19b6-8e3f-41d2-a4eb-eeb2bcb9e36e" testListId="19475ed8-5618-488e-aa2e-200016933d92" />
    <TestEntry testId="dcad38b6-475f-42e2-b6cf-fb3c1e924508" executionId="8b639371-9e83-422c-9886-51e49cc404a0" testListId="19475ed8-5618-488e-aa2e-200016933d92" />
    <TestEntry testId="006c790e-83b1-4781-95d0-47d94afe6729" executionId="13856f46-7127-4325-beec-f9cad1dc9ad6" testListId="19475ed8-5618-488e-aa2e-200016933d92" />
    <TestEntry testId="b8584bd6-ddd9-47fc-b7f6-a43e4024285c" executionId="33dc262e-b300-4570-a1c1-20afccf4891c" testListId="19475ed8-5618-488e-aa2e-200016933d92" />
    <TestEntry testId="be76dc5b-0189-4ef3-bab0-4c12c98cd89c" executionId="2f90247c-543a-4990-a01d-f72cf7c04152" testListId="19475ed8-5618-488e-aa2e-200016933d92" />
    <TestEntry testId="52cd96aa-5f91-4338-8fbb-e275f79e0292" executionId="6ac61d26-edd6-415d-b48d-8532ea30ea87" testListId="19475ed8-5618-488e-aa2e-200016933d92" />
    <TestEntry testId="39543659-3475-4016-ae7c-9c8a18932b11" executionId="4826e3f2-a862-4b2f-b2e5-3d8194a8170a" testListId="19475ed8-5618-488e-aa2e-200016933d92" />
    <TestEntry testId="e2002e2c-ebdc-4b47-88c8-ffdf837fe34c" executionId="113b9d94-36ed-4db3-b51f-6c1c4ad19fa1" testListId="19475ed8-5618-488e-aa2e-200016933d92" />
    <TestEntry testId="a1fe6e07-9af1-482f-904c-50cf74ac4aa2" executionId="ecd5e509-7e1a-4a9f-8b9c-d8ab149a312a" testListId="19475ed8-5618-488e-aa2e-200016933d92" />
    <TestEntry testId="8f215694-abab-410f-8bd1-acbc12d89ea5" executionId="7d305a09-e4bd-42b9-8aa4-b61266f118ae" testListId="19475ed8-5618-488e-aa2e-200016933d92" />
    <TestEntry testId="da66a305-e512-4b1c-829a-026ee160b22d" executionId="e5a53e95-9047-465f-8a7a-e2c323243a43" testListId="19475ed8-5618-488e-aa2e-200016933d92" />
    <TestEntry testId="69c934bc-f4b9-4d9d-a374-fe0dafcb8c30" executionId="bfef9ffb-96c6-4ba6-9b94-99c714f21121" testListId="19475ed8-5618-488e-aa2e-200016933d92" />
    <TestEntry testId="d1bf50f4-d75d-4d54-bcec-bbea834c6685" executionId="9b0c0b8f-7160-4544-8882-cb203c1d9fe4" testListId="19475ed8-5618-488e-aa2e-200016933d92" />
    <TestEntry testId="9414ff66-028c-4582-b9c9-146ddb6c7e39" executionId="b4e304d5-7cdf-4c46-9d17-7c60aedbefed" testListId="19475ed8-5618-488e-aa2e-200016933d92" />
    <TestEntry testId="75b45087-e40f-4956-bd24-acbe1cfcabd8" executionId="bd9372da-b4cb-4237-8435-c16f9a95de5c" testListId="19475ed8-5618-488e-aa2e-200016933d92" />
    <TestEntry testId="97e458f1-5e95-4ff8-b66a-7ee7daf84cd5" executionId="c8bf403d-7085-4855-aae2-f14c31087f28" testListId="19475ed8-5618-488e-aa2e-200016933d92" />
    <TestEntry testId="dc8972c6-aa45-46e2-8c90-75f8c58832ed" executionId="76821fbc-3e58-488c-9131-5461d9fbbdb7" testListId="19475ed8-5618-488e-aa2e-200016933d92" />
    <TestEntry testId="e854a9bc-7af9-4c22-bdb2-794fb3ad56df" executionId="6df954e7-fe8d-4e7a-a9ae-134b979b78dd" testListId="19475ed8-5618-488e-aa2e-200016933d92" />
    <TestEntry testId="65cf0fc1-b15e-4929-b120-50980d615e60" executionId="e3a3613d-e11a-4dce-9430-ffec8073f41a" testListId="19475ed8-5618-488e-aa2e-200016933d92" />
    <TestEntry testId="88e3622c-fe4f-4add-9210-d83befc70e2d" executionId="5fde0e98-e407-421e-b38d-56d66e8c2c54" testListId="19475ed8-5618-488e-aa2e-200016933d92" />
    <TestEntry testId="6e8d219c-ab59-4d26-899d-a478089f1f33" executionId="c39faa4f-be9d-4962-9a30-9af050853ada" testListId="19475ed8-5618-488e-aa2e-200016933d92" />
    <TestEntry testId="6d23fd03-6a7d-44a8-9e7a-92501ea133a6" executionId="024bc4b4-7409-4fab-826f-4537fa3c1ba7" testListId="19475ed8-5618-488e-aa2e-200016933d92" />
    <TestEntry testId="194d8763-e048-4637-8c3f-505422c03cb0" executionId="dd9e71ae-47da-4eea-a1d0-5286ecb49f63" testListId="19475ed8-5618-488e-aa2e-200016933d92" />
    <TestEntry testId="8ee0412c-5a45-455d-98f8-aac424427425" executionId="c7d72c77-945e-4dc5-be1a-15fb91bb2174" testListId="19475ed8-5618-488e-aa2e-200016933d92" />
    <TestEntry testId="15aa2d63-bf63-48d5-bd32-25844b72e2c9" executionId="8f1b5736-0687-4dfc-9dc2-5ea33a80b754" testListId="19475ed8-5618-488e-aa2e-200016933d92" />
    <TestEntry testId="5b443386-7be8-4dac-b24a-5f1d016a8690" executionId="f522d9cb-51ac-49fa-9bc0-3651dad11598" testListId="19475ed8-5618-488e-aa2e-200016933d92" />
    <TestEntry testId="38a190fc-5da5-4c6c-a5e4-e4bb7a87e810" executionId="b08c3b92-1b49-422a-bc2b-77bba09c1497" testListId="19475ed8-5618-488e-aa2e-200016933d92" />
    <TestEntry testId="0a60f1fb-f90a-40df-bfc7-d22bd2826f10" executionId="5a9c8b86-5fae-44e0-a95d-4c6fce6ee7c5" testListId="19475ed8-5618-488e-aa2e-200016933d92" />
    <TestEntry testId="1f0a2f21-4520-45bb-b0da-120a831eba64" executionId="8b98a2af-53f5-4a85-a350-baf9333912ad" testListId="19475ed8-5618-488e-aa2e-200016933d92" />
    <TestEntry testId="96854bfb-b3b0-4669-80f2-ff64b1a56ead" executionId="d76bd5c5-af72-4bb6-b318-6a5f3fb37796" testListId="19475ed8-5618-488e-aa2e-200016933d92" />
    <TestEntry testId="ccae1240-7f57-4e13-b7f8-7a2c74ecfb2d" executionId="30e1ad19-92c1-4a87-922a-4c23f4283859" testListId="19475ed8-5618-488e-aa2e-200016933d92" />
    <TestEntry testId="4c73e8cb-e462-4c3c-8d56-867ac389615e" executionId="082fdf65-beb7-4dd1-b087-750e4d94a2c8" testListId="19475ed8-5618-488e-aa2e-200016933d92" />
    <TestEntry testId="1fb751da-769c-498c-97b7-fe47031ad702" executionId="9a9b0c5f-32b0-4ac3-b836-49d7f2c13473" testListId="19475ed8-5618-488e-aa2e-200016933d92" />
    <TestEntry testId="52582f5c-a380-46c1-9a4f-4b9171a34171" executionId="5d2df826-b34b-44c6-8a7e-ca89183117a5" testListId="19475ed8-5618-488e-aa2e-200016933d92" />
    <TestEntry testId="11b37938-8fb1-43cf-b5cc-ee438dc81ba1" executionId="d2d266e8-8341-4ebc-aa5d-a89a92ba26a4" testListId="19475ed8-5618-488e-aa2e-200016933d92" />
    <TestEntry testId="1fda89bd-4cfb-4c5b-98a3-761883ac2cb4" executionId="8eddba70-91aa-43ac-8475-a306bea0da5f" testListId="19475ed8-5618-488e-aa2e-200016933d92" />
    <TestEntry testId="ea100392-39ce-4505-9a35-4300b0e52c09" executionId="d3e8d083-b152-4e4e-8db2-04042f358a68" testListId="19475ed8-5618-488e-aa2e-200016933d92" />
    <TestEntry testId="71f30ec7-0cfe-40d1-800f-9747e7421056" executionId="9e5396b7-93ff-48ab-aa5d-47703b0bc676" testListId="19475ed8-5618-488e-aa2e-200016933d92" />
    <TestEntry testId="a31b517a-0452-4b65-b60d-39e9d0ac8a9f" executionId="d477b543-0c6a-47aa-9ab2-f7a5477d2c8e" testListId="19475ed8-5618-488e-aa2e-200016933d92" />
    <TestEntry testId="c8511dd8-e6b6-40d7-a165-dd574cd542c0" executionId="d7f07757-7627-4768-a33d-2f0630a624c8" testListId="19475ed8-5618-488e-aa2e-200016933d92" />
    <TestEntry testId="017cf598-9c19-4d64-805b-fb6bf060d023" executionId="0699f7c4-9e79-489c-bb63-2d6cceb41355" testListId="19475ed8-5618-488e-aa2e-200016933d92" />
    <TestEntry testId="78f017f8-c1ae-4687-9a44-80cd0698d07c" executionId="f8a03291-fc36-4198-bcbd-8d7645a39341" testListId="19475ed8-5618-488e-aa2e-200016933d92" />
    <TestEntry testId="faaae79b-1f5e-4067-a3f0-1c730d5fd46d" executionId="16bb759b-d672-4d8d-a446-c3d0e32a5199" testListId="19475ed8-5618-488e-aa2e-200016933d92" />
    <TestEntry testId="161226fa-dde6-4c5a-9ce0-6a4547a83f0d" executionId="42380a70-3779-42e2-8a7b-fce40a279e0e" testListId="19475ed8-5618-488e-aa2e-200016933d92" />
    <TestEntry testId="a9d1a219-9b29-40a7-836b-a5f7315ccc20" executionId="fc4bb7c8-e2df-4106-bd03-cb08d72cc5ba" testListId="19475ed8-5618-488e-aa2e-200016933d92" />
    <TestEntry testId="c114dfe6-5574-4a0a-90ba-9c800fb59c05" executionId="c19e8653-5778-4e4a-b9e8-bf0a2a770bf5" testListId="19475ed8-5618-488e-aa2e-200016933d92" />
    <TestEntry testId="a758103d-46a5-4b30-88bd-c7fbc472fa90" executionId="096d7cf3-5460-4f79-a59e-35f57cc4e6c8" testListId="19475ed8-5618-488e-aa2e-200016933d92" />
    <TestEntry testId="904cad9a-b7c7-4154-a406-849ee15717c1" executionId="0c056a2c-8522-42f0-bd39-3ac88dcf556d" testListId="19475ed8-5618-488e-aa2e-200016933d92" />
    <TestEntry testId="4d3d0c1b-bf46-4c24-8605-fc650b7249c1" executionId="ee135f2d-ecb5-41a4-858e-1c91d1107e54" testListId="19475ed8-5618-488e-aa2e-200016933d92" />
    <TestEntry testId="3be39442-be0a-4774-913a-2954beb32168" executionId="3ed023eb-57a8-46fd-93d6-68a7799280fb" testListId="19475ed8-5618-488e-aa2e-200016933d92" />
    <TestEntry testId="dbea2e3f-e139-4b97-8b19-e48332715575" executionId="8ba21d2c-806e-4dba-87a3-429dd16a5f85" testListId="19475ed8-5618-488e-aa2e-200016933d92" />
    <TestEntry testId="5ac8efd5-ef22-4b86-bd54-427b084e1da2" executionId="c7b232b5-903a-4a0b-819a-4d63f76ff284" testListId="19475ed8-5618-488e-aa2e-200016933d92" />
    <TestEntry testId="e69f7912-60a4-4a8d-a75d-683d0cf068a7" executionId="f9f6133e-bc55-4c07-a231-878d48d16d99" testListId="19475ed8-5618-488e-aa2e-200016933d92" />
    <TestEntry testId="c21a989f-5f94-4c30-810b-034763224b07" executionId="224d0b78-8520-4ac5-abc1-b0798cbefa56" testListId="19475ed8-5618-488e-aa2e-200016933d92" />
    <TestEntry testId="1808358b-90a0-4782-83fe-190c17c064f5" executionId="d746c122-57ea-49c8-8e4c-33fe2811493b" testListId="19475ed8-5618-488e-aa2e-200016933d92" />
    <TestEntry testId="7198f599-cecd-46df-afca-0c63f198c001" executionId="563492c8-9431-4be6-9c0a-0ff6008f00de" testListId="19475ed8-5618-488e-aa2e-200016933d92" />
    <TestEntry testId="974dc92c-de0f-42d8-a290-7c8d9478d4be" executionId="859f0302-d63c-4c5c-aa54-683c424054cd" testListId="19475ed8-5618-488e-aa2e-200016933d92" />
    <TestEntry testId="613b0691-b64d-4501-b5e7-386b120c2fc1" executionId="d5033eea-c31e-4295-940b-4bfc4d683534" testListId="19475ed8-5618-488e-aa2e-200016933d92" />
    <TestEntry testId="105ea3ab-29fb-48fa-87e9-81c1c4ebf1b9" executionId="35d63a21-9e80-40e6-a8f5-1a86e75ee87a" testListId="19475ed8-5618-488e-aa2e-200016933d92" />
    <TestEntry testId="6a399ccf-01d7-40dc-9624-9ef217ae6837" executionId="04b30ec2-3ab5-4d5a-a803-272724128f17" testListId="19475ed8-5618-488e-aa2e-200016933d92" />
    <TestEntry testId="f7417236-2326-4277-a3f3-d114696dd1af" executionId="f92701af-8f45-4a74-a89a-79dbcea3373e" testListId="19475ed8-5618-488e-aa2e-200016933d92" />
    <TestEntry testId="ce41f6c8-a9a3-42b7-9ea4-063c6bc58e74" executionId="bbb01a87-129b-4747-bf9a-684b7fb5c39e" testListId="19475ed8-5618-488e-aa2e-200016933d92" />
    <TestEntry testId="e4f5f01c-7892-47ae-94e7-df0341d2809e" executionId="db3fee1f-aa2e-49ba-b233-41802c24e6eb" testListId="19475ed8-5618-488e-aa2e-200016933d92" />
    <TestEntry testId="32058e46-fd43-41e8-a1b0-188ca09e771d" executionId="3c23c934-b676-4886-bac1-4a587d061079" testListId="19475ed8-5618-488e-aa2e-200016933d92" />
    <TestEntry testId="d7d7e151-0879-4557-bc54-f783f591cb4c" executionId="5ef80755-a125-406e-b892-b5771dfffec3" testListId="19475ed8-5618-488e-aa2e-200016933d92" />
    <TestEntry testId="83035937-7d35-4476-9aa4-7f80303ef74e" executionId="b1009599-2297-4c54-9716-fc1ad5e5cf73" testListId="19475ed8-5618-488e-aa2e-200016933d92" />
    <TestEntry testId="9bd9e7d9-5858-45a3-b64a-4d9a71c06839" executionId="56e0370e-7d8a-49c0-923b-1877027ce6a7" testListId="19475ed8-5618-488e-aa2e-200016933d92" />
    <TestEntry testId="b1b22812-cf03-42f5-ab02-d54aef0bde2a" executionId="8d31bd65-b8f4-4cb4-a50a-1f76b09f2206" testListId="19475ed8-5618-488e-aa2e-200016933d92" />
    <TestEntry testId="dc595fdb-148b-46f9-a731-0ede8dd0427f" executionId="eb373075-1321-4f4a-a1e7-b7fa86938ed9" testListId="19475ed8-5618-488e-aa2e-200016933d92" />
    <TestEntry testId="08fe244d-e920-4343-b577-e3ef98d96f89" executionId="ce8eebfb-555e-4bdd-b96d-b20a3703633a" testListId="19475ed8-5618-488e-aa2e-200016933d92" />
    <TestEntry testId="982d7632-1b0d-41e8-98c6-35e164563389" executionId="3e5f693d-2331-4631-95b2-48efe5ea6c23" testListId="19475ed8-5618-488e-aa2e-200016933d92" />
    <TestEntry testId="d51cfbf7-1e9d-4b8e-b50c-cb621e096149" executionId="ccea986e-ea9e-4963-a97e-ccf58dc78d5b" testListId="19475ed8-5618-488e-aa2e-200016933d92" />
    <TestEntry testId="1d574d68-1a86-4f35-a580-e258cf0e058a" executionId="4d750ea8-4fea-4f2e-ac1a-cc15667d0c92" testListId="19475ed8-5618-488e-aa2e-200016933d92" />
    <TestEntry testId="f7b804ea-0e1e-45c2-a577-420e375db87c" executionId="22789af9-6c78-493b-8aa6-a6cffff490b7" testListId="19475ed8-5618-488e-aa2e-200016933d92" />
    <TestEntry testId="1c30fe14-2cc5-4e76-80aa-edfe324e32b5" executionId="c424ed7e-1a2c-4148-8f88-537d2e93f96b" testListId="19475ed8-5618-488e-aa2e-200016933d92" />
    <TestEntry testId="bd21a5e5-6073-4bc7-9ba7-1ba72d7684bd" executionId="7a8c7ac5-a7bf-4482-beb0-8b176a3b33e3" testListId="19475ed8-5618-488e-aa2e-200016933d92" />
    <TestEntry testId="74244447-d77e-48a7-be81-a4fd9b6fbbb5" executionId="5c38ac77-8c54-406a-a119-d2d322f2bf29" testListId="19475ed8-5618-488e-aa2e-200016933d92" />
    <TestEntry testId="921ecc3e-9600-445e-9857-2104470655f8" executionId="4c88e71c-d782-4f61-8729-a82bb8021201" testListId="19475ed8-5618-488e-aa2e-200016933d92" />
    <TestEntry testId="2109b65a-983e-4fbc-8dec-c29ff657a6ad" executionId="57c5e260-3673-45d4-87b8-2753c2853cc3" testListId="19475ed8-5618-488e-aa2e-200016933d92" />
    <TestEntry testId="f2d42e35-90c8-4ad0-93bc-291170f07288" executionId="6c221212-a592-4826-bea1-c735713927db" testListId="19475ed8-5618-488e-aa2e-200016933d92" />
    <TestEntry testId="d9b843f5-8063-4696-98c3-51b4834fc078" executionId="f87cf6b5-b889-4e83-9088-57950b786c34" testListId="19475ed8-5618-488e-aa2e-200016933d92" />
    <TestEntry testId="b368a41d-d7c0-4b02-ae51-a6855816e982" executionId="1e6a1dd9-793b-4967-aa0e-eed98b7a535e" testListId="19475ed8-5618-488e-aa2e-200016933d92" />
    <TestEntry testId="4e63ed2a-8758-4bb9-a5bf-583d2e311d2a" executionId="16989ffa-2f60-4b9c-aec5-1b11e7ffde5c" testListId="19475ed8-5618-488e-aa2e-200016933d92" />
    <TestEntry testId="feee4739-d33e-470f-80a6-5bf9fa74fe3f" executionId="9c4e3d19-9955-435a-8e8d-a5453f659132" testListId="19475ed8-5618-488e-aa2e-200016933d92" />
    <TestEntry testId="53692c1e-6c19-406e-94c2-e17a8b692258" executionId="108be3fc-6115-42c3-b36a-98d91aa19534" testListId="19475ed8-5618-488e-aa2e-200016933d92" />
    <TestEntry testId="cd493cbd-40de-433f-b8d5-b3553f2f9477" executionId="e2b02cb3-7d45-48b8-8301-d23352364e14" testListId="19475ed8-5618-488e-aa2e-200016933d92" />
    <TestEntry testId="8cbe6b12-6a09-4128-b5a6-1bbf68ee82b4" executionId="34db5eeb-8e5e-460c-9482-7672799b6a99" testListId="19475ed8-5618-488e-aa2e-200016933d92" />
    <TestEntry testId="9ed74fbb-2bb0-45a2-a294-90eda024cf11" executionId="19356b03-935b-41d6-98f4-f3bb74fb9af4" testListId="19475ed8-5618-488e-aa2e-200016933d92" />
    <TestEntry testId="049d27a7-60d2-46e4-a54a-ebdac8de10a5" executionId="3a9734f5-957f-413d-9cba-bc044b15dccf" testListId="19475ed8-5618-488e-aa2e-200016933d92" />
    <TestEntry testId="d9943688-950d-4f3c-8569-9d9d4ed4bb55" executionId="ad2c855a-25e7-4ff8-88a8-fdf1e2a42211" testListId="19475ed8-5618-488e-aa2e-200016933d92" />
    <TestEntry testId="ca166275-636d-421e-886c-a521a744a037" executionId="8c5d446a-2c11-476f-a0c8-367b09de4b6b" testListId="19475ed8-5618-488e-aa2e-200016933d92" />
    <TestEntry testId="8919a663-5729-4130-a83e-0cb11f592a00" executionId="4d5cbeb3-ea65-4b6d-a5dc-c7f023857809" testListId="19475ed8-5618-488e-aa2e-200016933d92" />
    <TestEntry testId="76c6158c-699c-45ad-a10a-789642f24c8d" executionId="a0435c1e-e4ba-4299-a9f3-9ff7c2eeff8c" testListId="19475ed8-5618-488e-aa2e-200016933d92" />
    <TestEntry testId="6f67a21f-0c68-482a-8529-c05ea37c8279" executionId="70f7b721-60fc-4945-abe7-2f5b1705e445" testListId="19475ed8-5618-488e-aa2e-200016933d92" />
  </TestEntries>
  <TestLists>
    <TestList name="Results Not in a List" id="19475ed8-5618-488e-aa2e-200016933d92" />
    <TestList name="All Loaded Results" id="b5f50b39-613c-43b9-9e93-7c55e08432c0" />
  </TestLists>
</TestRun>