<?xml version="1.0" encoding="UTF-8"?>
<TestRun id="a2cc45c2-d459-4eb1-98ba-ef1a37b55136" name="Test Run 47" runUser="Oles Galatsan" xmlns="http://microsoft.com/schemas/VisualStudio/TeamTest/2010">
  <Times creation="2025-05-14T13:20:31.3125482Z" queuing="2025-05-14T13:20:31.3125482Z" start="2025-05-14T13:20:31.3146610Z" finish="2025-05-14T13:25:31.3147553Z" />
  <TestSettings name="Test Settings 47" id="97b454a3-b6e3-4382-97ac-33ae193a3a57" />
  <Results>
    <UnitTestResult executionId="ead4bed4-1e01-40d7-b3aa-c25c7eb58f02" testId="89892a92-0550-4980-815f-74e4d2b45c39" testName="Test4601" computerName="UA-LPT-OGA2" duration="00:00:00.9050000" startTime="2025-05-14T13:20:31.3146610Z" endTime="2025-05-14T13:25:31.3147553Z" testType="13cdc9d9-ddb5-4fa4-a97d-d965ccfc6d4b" outcome="Passed" testListId="769b4499-78ce-43db-ba43-f1e62a8c715e" />
    <UnitTestResult executionId="fbdf8340-a90e-4dfb-a63f-c83fe4d98451" testId="bfa974bf-8cb8-4f66-9977-fb2cca1d88f3" testName="Test4602" computerName="UA-LPT-OGA2" duration="00:00:00.1780000" startTime="2025-05-14T13:20:31.3146610Z" endTime="2025-05-14T13:25:31.3147553Z" testType="13cdc9d9-ddb5-4fa4-a97d-d965ccfc6d4b" outcome="Passed" testListId="769b4499-78ce-43db-ba43-f1e62a8c715e" />
    <UnitTestResult executionId="e4162337-f213-4e10-8737-2ed9e7c81c43" testId="fda93f3b-a8d4-4293-a549-4773b8066749" testName="Test4603" computerName="UA-LPT-OGA2" duration="00:00:01.9100000" startTime="2025-05-14T13:20:31.3146610Z" endTime="2025-05-14T13:25:31.3147553Z" testType="13cdc9d9-ddb5-4fa4-a97d-d965ccfc6d4b" outcome="Passed" testListId="769b4499-78ce-43db-ba43-f1e62a8c715e" />
    <UnitTestResult executionId="5a7dd474-2648-414c-8ee0-5fbd3c7595c5" testId="4e918ce8-bb74-4e4d-b670-7712a625d5ec" testName="Test4604" computerName="UA-LPT-OGA2" duration="00:00:00.8930000" startTime="2025-05-14T13:20:31.3146610Z" endTime="2025-05-14T13:25:31.3147553Z" testType="13cdc9d9-ddb5-4fa4-a97d-d965ccfc6d4b" outcome="Passed" testListId="769b4499-78ce-43db-ba43-f1e62a8c715e" />
    <UnitTestResult executionId="e5ee1063-dce2-4377-8c3b-f4260992ec2c" testId="5f58fe58-8734-4000-bd8e-798d689a2123" testName="Test4605" computerName="UA-LPT-OGA2" duration="00:00:00.1470000" startTime="2025-05-14T13:20:31.3146610Z" endTime="2025-05-14T13:25:31.3147553Z" testType="13cdc9d9-ddb5-4fa4-a97d-d965ccfc6d4b" outcome="Passed" testListId="769b4499-78ce-43db-ba43-f1e62a8c715e" />
    <UnitTestResult executionId="96a126f9-eed6-4437-a2af-6418375dfb9a" testId="1d02f5e7-c92d-40d3-8e27-b8941ecda9a0" testName="Test4606" computerName="UA-LPT-OGA2" duration="00:00:01.2760000" startTime="2025-05-14T13:20:31.3146610Z" endTime="2025-05-14T13:25:31.3147553Z" testType="13cdc9d9-ddb5-4fa4-a97d-d965ccfc6d4b" outcome="Passed" testListId="769b4499-78ce-43db-ba43-f1e62a8c715e" />
    <UnitTestResult executionId="539a603a-f6ea-41d7-a3e4-b19f3b4be6c8" testId="e9284cb0-1b02-460f-b1ef-2599e59a9f75" testName="Test4607" computerName="UA-LPT-OGA2" duration="00:00:01.9800000" startTime="2025-05-14T13:20:31.3146610Z" endTime="2025-05-14T13:25:31.3147553Z" testType="13cdc9d9-ddb5-4fa4-a97d-d965ccfc6d4b" outcome="Passed" testListId="769b4499-78ce-43db-ba43-f1e62a8c715e" />
    <UnitTestResult executionId="74c8e3ab-0ac4-4984-be6f-8136a1fd37f8" testId="d65caf0f-0464-4c03-a21a-2b8485d24d5b" testName="Test4608" computerName="UA-LPT-OGA2" duration="00:00:01.1000000" startTime="2025-05-14T13:20:31.3146610Z" endTime="2025-05-14T13:25:31.3147553Z" testType="13cdc9d9-ddb5-4fa4-a97d-d965ccfc6d4b" outcome="Failed" testListId="769b4499-78ce-43db-ba43-f1e62a8c715e">
      <Output>
        <ErrorInfo>
          <Message>Assertion failed: Expected value did not match actual value.</Message>
          <StackTrace>   at TestNamespace.TestClass.Test() in TestClass.cs:line 311</StackTrace>
        </ErrorInfo>
      </Output>
    </UnitTestResult>
    <UnitTestResult executionId="cbf038df-bd66-4629-92f0-e2f023e2306c" testId="264e7f70-74d2-44fc-ad50-c38397026758" testName="Test4609" computerName="UA-LPT-OGA2" duration="00:00:00.9060000" startTime="2025-05-14T13:20:31.3146610Z" endTime="2025-05-14T13:25:31.3147553Z" testType="13cdc9d9-ddb5-4fa4-a97d-d965ccfc6d4b" outcome="Passed" testListId="769b4499-78ce-43db-ba43-f1e62a8c715e" />
    <UnitTestResult executionId="9e5735f5-fd76-456a-8649-52e56a4ca055" testId="c1f87417-a648-4b29-aab5-0c75e2df57ed" testName="Test4610" computerName="UA-LPT-OGA2" duration="00:00:00.9740000" startTime="2025-05-14T13:20:31.3146610Z" endTime="2025-05-14T13:25:31.3147553Z" testType="13cdc9d9-ddb5-4fa4-a97d-d965ccfc6d4b" outcome="Passed" testListId="769b4499-78ce-43db-ba43-f1e62a8c715e" />
    <UnitTestResult executionId="1b1f7b86-7979-48e5-832a-9b3b1e375e82" testId="56a77a72-5d77-4803-802b-907cd85eea97" testName="Test4611" computerName="UA-LPT-OGA2" duration="00:00:00.6410000" startTime="2025-05-14T13:20:31.3146610Z" endTime="2025-05-14T13:25:31.3147553Z" testType="13cdc9d9-ddb5-4fa4-a97d-d965ccfc6d4b" outcome="Passed" testListId="769b4499-78ce-43db-ba43-f1e62a8c715e" />
    <UnitTestResult executionId="e36b801e-3551-4c81-800b-c30f532d2610" testId="d7853399-143e-4a59-ae1d-c5c65676ce7a" testName="Test4612" computerName="UA-LPT-OGA2" duration="00:00:01.0290000" startTime="2025-05-14T13:20:31.3146610Z" endTime="2025-05-14T13:25:31.3147553Z" testType="13cdc9d9-ddb5-4fa4-a97d-d965ccfc6d4b" outcome="Failed" testListId="769b4499-78ce-43db-ba43-f1e62a8c715e">
      <Output>
        <ErrorInfo>
          <Message>Assertion failed: Expected value did not match actual value.</Message>
          <StackTrace>   at TestNamespace.TestClass.Test() in TestClass.cs:line 451</StackTrace>
        </ErrorInfo>
      </Output>
    </UnitTestResult>
    <UnitTestResult executionId="64d916d7-c6b7-484d-a058-2c567a0a6aee" testId="334d0aae-a94e-4154-bdc1-7ae35b547878" testName="Test4613" computerName="UA-LPT-OGA2" duration="00:00:01.3310000" startTime="2025-05-14T13:20:31.3146610Z" endTime="2025-05-14T13:25:31.3147553Z" testType="13cdc9d9-ddb5-4fa4-a97d-d965ccfc6d4b" outcome="Passed" testListId="769b4499-78ce-43db-ba43-f1e62a8c715e" />
    <UnitTestResult executionId="47f560e5-55f6-4749-8dc3-ada275987337" testId="9a1c3d5a-ccd6-413e-972e-8922a562590f" testName="Test4614" computerName="UA-LPT-OGA2" duration="00:00:01.2150000" startTime="2025-05-14T13:20:31.3146610Z" endTime="2025-05-14T13:25:31.3147553Z" testType="13cdc9d9-ddb5-4fa4-a97d-d965ccfc6d4b" outcome="Passed" testListId="769b4499-78ce-43db-ba43-f1e62a8c715e" />
    <UnitTestResult executionId="a76c4efe-9abc-45a9-a3c9-c68e453589a0" testId="414b47d7-0a1d-4761-af5a-d8ca88e98190" testName="Test4615" computerName="UA-LPT-OGA2" duration="00:00:00.2040000" startTime="2025-05-14T13:20:31.3146610Z" endTime="2025-05-14T13:25:31.3147553Z" testType="13cdc9d9-ddb5-4fa4-a97d-d965ccfc6d4b" outcome="Passed" testListId="769b4499-78ce-43db-ba43-f1e62a8c715e" />
    <UnitTestResult executionId="0aef626d-0658-405e-9f31-286638f46669" testId="5925f6f3-141e-4302-b6f7-ba282364fc00" testName="Test4616" computerName="UA-LPT-OGA2" duration="00:00:01.1360000" startTime="2025-05-14T13:20:31.3146610Z" endTime="2025-05-14T13:25:31.3147553Z" testType="13cdc9d9-ddb5-4fa4-a97d-d965ccfc6d4b" outcome="Passed" testListId="769b4499-78ce-43db-ba43-f1e62a8c715e" />
    <UnitTestResult executionId="1ef1111c-2a11-426e-b93d-ffa0f005c3b3" testId="0103e1b7-ff06-46cf-989d-da903389bb44" testName="Test4617" computerName="UA-LPT-OGA2" duration="00:00:00.8250000" startTime="2025-05-14T13:20:31.3146610Z" endTime="2025-05-14T13:25:31.3147553Z" testType="13cdc9d9-ddb5-4fa4-a97d-d965ccfc6d4b" outcome="Passed" testListId="769b4499-78ce-43db-ba43-f1e62a8c715e" />
    <UnitTestResult executionId="75a631a3-2f5e-43a8-bb74-ec61bede1dc3" testId="5b60d26f-b03c-4099-9aba-6b2dbe834a09" testName="Test4618" computerName="UA-LPT-OGA2" duration="00:00:00.5830000" startTime="2025-05-14T13:20:31.3146610Z" endTime="2025-05-14T13:25:31.3147553Z" testType="13cdc9d9-ddb5-4fa4-a97d-d965ccfc6d4b" outcome="Passed" testListId="769b4499-78ce-43db-ba43-f1e62a8c715e" />
    <UnitTestResult executionId="0b120474-bd29-4a4c-b8a0-a1c20918dd1c" testId="a872fd63-59ad-493b-81ef-dce1795ed576" testName="Test4619" computerName="UA-LPT-OGA2" duration="00:00:00.5490000" startTime="2025-05-14T13:20:31.3146610Z" endTime="2025-05-14T13:25:31.3147553Z" testType="13cdc9d9-ddb5-4fa4-a97d-d965ccfc6d4b" outcome="Passed" testListId="769b4499-78ce-43db-ba43-f1e62a8c715e" />
    <UnitTestResult executionId="756a73ba-2487-4896-8e6b-5415e663da6c" testId="24e0ce6e-f240-49d3-be32-bb778718c2b9" testName="Test4620" computerName="UA-LPT-OGA2" duration="00:00:00.6580000" startTime="2025-05-14T13:20:31.3146610Z" endTime="2025-05-14T13:25:31.3147553Z" testType="13cdc9d9-ddb5-4fa4-a97d-d965ccfc6d4b" outcome="Passed" testListId="769b4499-78ce-43db-ba43-f1e62a8c715e" />
    <UnitTestResult executionId="96e24415-9ba6-4b0f-bbaa-9ac2094dcc0e" testId="cb59b593-d951-43b9-8f97-60e8e0c748c2" testName="Test4621" computerName="UA-LPT-OGA2" duration="00:00:01.3240000" startTime="2025-05-14T13:20:31.3146610Z" endTime="2025-05-14T13:25:31.3147553Z" testType="13cdc9d9-ddb5-4fa4-a97d-d965ccfc6d4b" outcome="Passed" testListId="769b4499-78ce-43db-ba43-f1e62a8c715e" />
    <UnitTestResult executionId="f4b7fe7d-bdcb-49ac-b416-381ed0405d38" testId="63bfac00-0f5c-4b5e-a0e3-23c8d0c61f2b" testName="Test4622" computerName="UA-LPT-OGA2" duration="00:00:00.7740000" startTime="2025-05-14T13:20:31.3146610Z" endTime="2025-05-14T13:25:31.3147553Z" testType="13cdc9d9-ddb5-4fa4-a97d-d965ccfc6d4b" outcome="Passed" testListId="769b4499-78ce-43db-ba43-f1e62a8c715e" />
    <UnitTestResult executionId="762fef58-27b8-4de1-babb-0eb7bf39b29d" testId="759d51a2-8bbc-4a31-b612-a0af40a55989" testName="Test4623" computerName="UA-LPT-OGA2" duration="00:00:01.9930000" startTime="2025-05-14T13:20:31.3146610Z" endTime="2025-05-14T13:25:31.3147553Z" testType="13cdc9d9-ddb5-4fa4-a97d-d965ccfc6d4b" outcome="Passed" testListId="769b4499-78ce-43db-ba43-f1e62a8c715e" />
    <UnitTestResult executionId="c0fb6612-6c52-424e-a14f-c50d1fbb959a" testId="f4b912d9-43fb-4f17-9f0b-675558e8fbea" testName="Test4624" computerName="UA-LPT-OGA2" duration="00:00:00.6740000" startTime="2025-05-14T13:20:31.3146610Z" endTime="2025-05-14T13:25:31.3147553Z" testType="13cdc9d9-ddb5-4fa4-a97d-d965ccfc6d4b" outcome="Passed" testListId="769b4499-78ce-43db-ba43-f1e62a8c715e" />
    <UnitTestResult executionId="b611337c-df8b-4d58-8da2-bcc4e048f527" testId="44f10c12-fab1-43b4-99d3-ab96ee3ddde6" testName="Test4625" computerName="UA-LPT-OGA2" duration="00:00:00.4400000" startTime="2025-05-14T13:20:31.3146610Z" endTime="2025-05-14T13:25:31.3147553Z" testType="13cdc9d9-ddb5-4fa4-a97d-d965ccfc6d4b" outcome="Passed" testListId="769b4499-78ce-43db-ba43-f1e62a8c715e" />
    <UnitTestResult executionId="c4f38211-7b52-450b-90da-436c05d2dec6" testId="ba6f2ac2-93dc-4013-8e8e-42a88d9c4042" testName="Test4626" computerName="UA-LPT-OGA2" duration="00:00:01.2250000" startTime="2025-05-14T13:20:31.3146610Z" endTime="2025-05-14T13:25:31.3147553Z" testType="13cdc9d9-ddb5-4fa4-a97d-d965ccfc6d4b" outcome="Passed" testListId="769b4499-78ce-43db-ba43-f1e62a8c715e" />
    <UnitTestResult executionId="00470a91-dc8e-4a30-b680-a8d1c5d7b342" testId="48388231-2e3c-46d2-87ba-6d0fba606cbc" testName="Test4627" computerName="UA-LPT-OGA2" duration="00:00:01.4010000" startTime="2025-05-14T13:20:31.3146610Z" endTime="2025-05-14T13:25:31.3147553Z" testType="13cdc9d9-ddb5-4fa4-a97d-d965ccfc6d4b" outcome="Passed" testListId="769b4499-78ce-43db-ba43-f1e62a8c715e" />
    <UnitTestResult executionId="07cf44fd-4555-4b41-9195-0f07588211f5" testId="6b67d965-ac7c-4b1d-9915-f1e6b2e4a46a" testName="Test4628" computerName="UA-LPT-OGA2" duration="00:00:00.4610000" startTime="2025-05-14T13:20:31.3146610Z" endTime="2025-05-14T13:25:31.3147553Z" testType="13cdc9d9-ddb5-4fa4-a97d-d965ccfc6d4b" outcome="Inconclusive" testListId="769b4499-78ce-43db-ba43-f1e62a8c715e" />
    <UnitTestResult executionId="c874e40d-3af1-4ea2-b36e-6efd02f75f7e" testId="86f89fa8-7d01-4b92-9261-020a7542a1b0" testName="Test4629" computerName="UA-LPT-OGA2" duration="00:00:00.4920000" startTime="2025-05-14T13:20:31.3146610Z" endTime="2025-05-14T13:25:31.3147553Z" testType="13cdc9d9-ddb5-4fa4-a97d-d965ccfc6d4b" outcome="Passed" testListId="769b4499-78ce-43db-ba43-f1e62a8c715e" />
    <UnitTestResult executionId="fc96aa19-2935-43d4-a698-0294c221eeb5" testId="d81f7614-1aaf-4868-a4ac-cec149bc8d28" testName="Test4630" computerName="UA-LPT-OGA2" duration="00:00:00.9180000" startTime="2025-05-14T13:20:31.3146610Z" endTime="2025-05-14T13:25:31.3147553Z" testType="13cdc9d9-ddb5-4fa4-a97d-d965ccfc6d4b" outcome="Passed" testListId="769b4499-78ce-43db-ba43-f1e62a8c715e" />
    <UnitTestResult executionId="9b90768b-1001-48f1-8ffb-75dc0fc6729b" testId="ee38d527-30d5-4baf-b0e9-393175416304" testName="Test4631" computerName="UA-LPT-OGA2" duration="00:00:00.2270000" startTime="2025-05-14T13:20:31.3146610Z" endTime="2025-05-14T13:25:31.3147553Z" testType="13cdc9d9-ddb5-4fa4-a97d-d965ccfc6d4b" outcome="Passed" testListId="769b4499-78ce-43db-ba43-f1e62a8c715e" />
    <UnitTestResult executionId="997ce78b-893a-4742-956c-2ee36bf3e2cd" testId="77e084ea-2300-4aae-8069-c8a179ff0500" testName="Test4632" computerName="UA-LPT-OGA2" duration="00:00:01.5890000" startTime="2025-05-14T13:20:31.3146610Z" endTime="2025-05-14T13:25:31.3147553Z" testType="13cdc9d9-ddb5-4fa4-a97d-d965ccfc6d4b" outcome="Passed" testListId="769b4499-78ce-43db-ba43-f1e62a8c715e" />
    <UnitTestResult executionId="ba12045e-a907-4966-aa4c-c8c75ee8531c" testId="ab392376-b9d1-42ee-94d8-c2e41be84cb8" testName="Test4633" computerName="UA-LPT-OGA2" duration="00:00:00.4410000" startTime="2025-05-14T13:20:31.3146610Z" endTime="2025-05-14T13:25:31.3147553Z" testType="13cdc9d9-ddb5-4fa4-a97d-d965ccfc6d4b" outcome="Passed" testListId="769b4499-78ce-43db-ba43-f1e62a8c715e" />
    <UnitTestResult executionId="e7c090b5-f949-4310-aea5-743fc2d3b5a1" testId="69326a99-73f3-4a12-a068-3de9781f2b8d" testName="Test4634" computerName="UA-LPT-OGA2" duration="00:00:01.4860000" startTime="2025-05-14T13:20:31.3146610Z" endTime="2025-05-14T13:25:31.3147553Z" testType="13cdc9d9-ddb5-4fa4-a97d-d965ccfc6d4b" outcome="Passed" testListId="769b4499-78ce-43db-ba43-f1e62a8c715e" />
    <UnitTestResult executionId="651afb5f-8c88-42f9-87dc-a69271213520" testId="be84c35c-e831-47db-a6f4-fca9ed458446" testName="Test4635" computerName="UA-LPT-OGA2" duration="00:00:00.4600000" startTime="2025-05-14T13:20:31.3146610Z" endTime="2025-05-14T13:25:31.3147553Z" testType="13cdc9d9-ddb5-4fa4-a97d-d965ccfc6d4b" outcome="Passed" testListId="769b4499-78ce-43db-ba43-f1e62a8c715e" />
    <UnitTestResult executionId="de5f4796-b7b9-4631-a326-4945d9d0be66" testId="86e5c877-8bab-4844-8d78-779b61945f52" testName="Test4636" computerName="UA-LPT-OGA2" duration="00:00:00.0450000" startTime="2025-05-14T13:20:31.3146610Z" endTime="2025-05-14T13:25:31.3147553Z" testType="13cdc9d9-ddb5-4fa4-a97d-d965ccfc6d4b" outcome="Passed" testListId="769b4499-78ce-43db-ba43-f1e62a8c715e" />
    <UnitTestResult executionId="be2e4e01-cd7f-4dd2-bd72-dd7774d42076" testId="dad2a2b6-6d35-4a3a-bdf6-77a034ab1143" testName="Test4637" computerName="UA-LPT-OGA2" duration="00:00:00.8120000" startTime="2025-05-14T13:20:31.3146610Z" endTime="2025-05-14T13:25:31.3147553Z" testType="13cdc9d9-ddb5-4fa4-a97d-d965ccfc6d4b" outcome="Passed" testListId="769b4499-78ce-43db-ba43-f1e62a8c715e" />
    <UnitTestResult executionId="3981f453-ee70-4fba-b9a1-c2946c90f969" testId="09a93b45-1ca6-4180-964d-5db310c6d6e5" testName="Test4638" computerName="UA-LPT-OGA2" duration="00:00:00.6760000" startTime="2025-05-14T13:20:31.3146610Z" endTime="2025-05-14T13:25:31.3147553Z" testType="13cdc9d9-ddb5-4fa4-a97d-d965ccfc6d4b" outcome="Passed" testListId="769b4499-78ce-43db-ba43-f1e62a8c715e" />
    <UnitTestResult executionId="78da8ca4-3b51-43ec-ae38-622bafb4f530" testId="8e989fb0-a78e-4e74-8fb5-0a1b2645cd72" testName="Test4639" computerName="UA-LPT-OGA2" duration="00:00:01.4590000" startTime="2025-05-14T13:20:31.3146610Z" endTime="2025-05-14T13:25:31.3147553Z" testType="13cdc9d9-ddb5-4fa4-a97d-d965ccfc6d4b" outcome="Passed" testListId="769b4499-78ce-43db-ba43-f1e62a8c715e" />
    <UnitTestResult executionId="bd2933bc-03f6-49b7-be6d-9aeb8a8da6b0" testId="98c47fd2-cd01-4ff8-83ba-4631a8738281" testName="Test4640" computerName="UA-LPT-OGA2" duration="00:00:01.7540000" startTime="2025-05-14T13:20:31.3146610Z" endTime="2025-05-14T13:25:31.3147553Z" testType="13cdc9d9-ddb5-4fa4-a97d-d965ccfc6d4b" outcome="Passed" testListId="769b4499-78ce-43db-ba43-f1e62a8c715e" />
    <UnitTestResult executionId="ca2275c2-5fb5-4aff-88c8-86132dcb9e78" testId="2f42324b-6f4e-4470-ada8-a99b071491aa" testName="Test4641" computerName="UA-LPT-OGA2" duration="00:00:01.5440000" startTime="2025-05-14T13:20:31.3146610Z" endTime="2025-05-14T13:25:31.3147553Z" testType="13cdc9d9-ddb5-4fa4-a97d-d965ccfc6d4b" outcome="Passed" testListId="769b4499-78ce-43db-ba43-f1e62a8c715e" />
    <UnitTestResult executionId="42e9b327-4921-4048-b431-3aae5ce7272a" testId="8240d3f8-0cd7-4886-be90-4780f215511f" testName="Test4642" computerName="UA-LPT-OGA2" duration="00:00:01.4040000" startTime="2025-05-14T13:20:31.3146610Z" endTime="2025-05-14T13:25:31.3147553Z" testType="13cdc9d9-ddb5-4fa4-a97d-d965ccfc6d4b" outcome="Passed" testListId="769b4499-78ce-43db-ba43-f1e62a8c715e" />
    <UnitTestResult executionId="c930e387-ab0f-4661-aee9-f31bbf1f7fc8" testId="93f4d560-e4b9-40a2-89cf-3e4d2903353f" testName="Test4643" computerName="UA-LPT-OGA2" duration="00:00:00.0820000" startTime="2025-05-14T13:20:31.3146610Z" endTime="2025-05-14T13:25:31.3147553Z" testType="13cdc9d9-ddb5-4fa4-a97d-d965ccfc6d4b" outcome="Passed" testListId="769b4499-78ce-43db-ba43-f1e62a8c715e" />
    <UnitTestResult executionId="589edfd0-c302-4cec-ab2e-50042f84b7ea" testId="b6828d8a-4f91-48f7-93bf-3d807db645fd" testName="Test4644" computerName="UA-LPT-OGA2" duration="00:00:00.5200000" startTime="2025-05-14T13:20:31.3146610Z" endTime="2025-05-14T13:25:31.3147553Z" testType="13cdc9d9-ddb5-4fa4-a97d-d965ccfc6d4b" outcome="Passed" testListId="769b4499-78ce-43db-ba43-f1e62a8c715e" />
    <UnitTestResult executionId="0aea4f3a-bb45-4125-9e45-f68d87b816ae" testId="04c5910f-92d2-4dc8-8a42-46f965cdd2a9" testName="Test4645" computerName="UA-LPT-OGA2" duration="00:00:01.1680000" startTime="2025-05-14T13:20:31.3146610Z" endTime="2025-05-14T13:25:31.3147553Z" testType="13cdc9d9-ddb5-4fa4-a97d-d965ccfc6d4b" outcome="Passed" testListId="769b4499-78ce-43db-ba43-f1e62a8c715e" />
    <UnitTestResult executionId="b3b7a09b-e29d-434d-9971-9d40c448f39b" testId="de673ffd-e608-4535-a4a5-47e6a8e5428b" testName="Test4646" computerName="UA-LPT-OGA2" duration="00:00:00.3450000" startTime="2025-05-14T13:20:31.3146610Z" endTime="2025-05-14T13:25:31.3147553Z" testType="13cdc9d9-ddb5-4fa4-a97d-d965ccfc6d4b" outcome="Passed" testListId="769b4499-78ce-43db-ba43-f1e62a8c715e" />
    <UnitTestResult executionId="a6be508f-cc1f-492e-9171-61af8d2d42d8" testId="ad559a62-6e9a-477a-809a-45e7ea82e009" testName="Test4647" computerName="UA-LPT-OGA2" duration="00:00:00.1910000" startTime="2025-05-14T13:20:31.3146610Z" endTime="2025-05-14T13:25:31.3147553Z" testType="13cdc9d9-ddb5-4fa4-a97d-d965ccfc6d4b" outcome="Passed" testListId="769b4499-78ce-43db-ba43-f1e62a8c715e" />
    <UnitTestResult executionId="c20fb2f1-10e9-48ee-a687-26860653ec04" testId="0a659f30-5e47-4801-8fec-26e73f958031" testName="Test4648" computerName="UA-LPT-OGA2" duration="00:00:01.3190000" startTime="2025-05-14T13:20:31.3146610Z" endTime="2025-05-14T13:25:31.3147553Z" testType="13cdc9d9-ddb5-4fa4-a97d-d965ccfc6d4b" outcome="Failed" testListId="769b4499-78ce-43db-ba43-f1e62a8c715e">
      <Output>
        <ErrorInfo>
          <Message>Assertion failed: Expected value did not match actual value.</Message>
          <StackTrace>   at TestNamespace.TestClass.Test() in TestClass.cs:line 301</StackTrace>
        </ErrorInfo>
      </Output>
    </UnitTestResult>
    <UnitTestResult executionId="56c96c0a-39d0-4675-add4-406dc3b502b0" testId="ddc11a13-1b40-43a3-86f4-5e367b0d526a" testName="Test4649" computerName="UA-LPT-OGA2" duration="00:00:00.7400000" startTime="2025-05-14T13:20:31.3146610Z" endTime="2025-05-14T13:25:31.3147553Z" testType="13cdc9d9-ddb5-4fa4-a97d-d965ccfc6d4b" outcome="Passed" testListId="769b4499-78ce-43db-ba43-f1e62a8c715e" />
    <UnitTestResult executionId="afa2efde-8fe7-410a-ba09-125a7c8d8ca6" testId="303ea32e-dd79-460a-94a2-aea76b1ef0d9" testName="Test4650" computerName="UA-LPT-OGA2" duration="00:00:00.6460000" startTime="2025-05-14T13:20:31.3146610Z" endTime="2025-05-14T13:25:31.3147553Z" testType="13cdc9d9-ddb5-4fa4-a97d-d965ccfc6d4b" outcome="Passed" testListId="769b4499-78ce-43db-ba43-f1e62a8c715e" />
    <UnitTestResult executionId="c009c823-ffa0-4c48-918e-50ca65a5e3f8" testId="7c6f839c-ce21-469a-9dae-a1072455005c" testName="Test4651" computerName="UA-LPT-OGA2" duration="00:00:00.4170000" startTime="2025-05-14T13:20:31.3146610Z" endTime="2025-05-14T13:25:31.3147553Z" testType="13cdc9d9-ddb5-4fa4-a97d-d965ccfc6d4b" outcome="Passed" testListId="769b4499-78ce-43db-ba43-f1e62a8c715e" />
    <UnitTestResult executionId="c40d171c-6ecf-4ae9-bcbf-89be1e5bbdfa" testId="798ac705-c1aa-456a-8af2-11934acdc607" testName="Test4652" computerName="UA-LPT-OGA2" duration="00:00:01.2050000" startTime="2025-05-14T13:20:31.3146610Z" endTime="2025-05-14T13:25:31.3147553Z" testType="13cdc9d9-ddb5-4fa4-a97d-d965ccfc6d4b" outcome="Passed" testListId="769b4499-78ce-43db-ba43-f1e62a8c715e" />
    <UnitTestResult executionId="d7825dce-dab1-41da-a05f-7890183d4143" testId="35b8551f-f348-4df6-bf11-2cc0e96e1088" testName="Test4653" computerName="UA-LPT-OGA2" duration="00:00:01.4910000" startTime="2025-05-14T13:20:31.3146610Z" endTime="2025-05-14T13:25:31.3147553Z" testType="13cdc9d9-ddb5-4fa4-a97d-d965ccfc6d4b" outcome="Passed" testListId="769b4499-78ce-43db-ba43-f1e62a8c715e" />
    <UnitTestResult executionId="2f80b8ad-2fc8-4b4d-84e1-40bedb9df9eb" testId="7994e7f4-8b94-487b-8ce3-c87d7467dff2" testName="Test4654" computerName="UA-LPT-OGA2" duration="00:00:00.9660000" startTime="2025-05-14T13:20:31.3146610Z" endTime="2025-05-14T13:25:31.3147553Z" testType="13cdc9d9-ddb5-4fa4-a97d-d965ccfc6d4b" outcome="Passed" testListId="769b4499-78ce-43db-ba43-f1e62a8c715e" />
    <UnitTestResult executionId="91163512-8166-4ce1-a894-ebb3a87b6ae3" testId="6b5a2814-1eff-4138-82c5-4f548a9d45b1" testName="Test4655" computerName="UA-LPT-OGA2" duration="00:00:00.8250000" startTime="2025-05-14T13:20:31.3146610Z" endTime="2025-05-14T13:25:31.3147553Z" testType="13cdc9d9-ddb5-4fa4-a97d-d965ccfc6d4b" outcome="Passed" testListId="769b4499-78ce-43db-ba43-f1e62a8c715e" />
    <UnitTestResult executionId="07f2132e-5a8b-4d17-b650-bf3f0767aff1" testId="b08fd560-0955-4e17-84fe-07185e5a77bb" testName="Test4656" computerName="UA-LPT-OGA2" duration="00:00:01.1040000" startTime="2025-05-14T13:20:31.3146610Z" endTime="2025-05-14T13:25:31.3147553Z" testType="13cdc9d9-ddb5-4fa4-a97d-d965ccfc6d4b" outcome="Failed" testListId="769b4499-78ce-43db-ba43-f1e62a8c715e">
      <Output>
        <ErrorInfo>
          <Message>Assertion failed: Expected value did not match actual value.</Message>
          <StackTrace>   at TestNamespace.TestClass.Test() in TestClass.cs:line 139</StackTrace>
        </ErrorInfo>
      </Output>
    </UnitTestResult>
    <UnitTestResult executionId="587f774d-f872-42d9-bdb8-f3cd6dd7ef1d" testId="baf9ea41-ed55-4834-814e-f55c69f17d67" testName="Test4657" computerName="UA-LPT-OGA2" duration="00:00:01.6670000" startTime="2025-05-14T13:20:31.3146610Z" endTime="2025-05-14T13:25:31.3147553Z" testType="13cdc9d9-ddb5-4fa4-a97d-d965ccfc6d4b" outcome="Passed" testListId="769b4499-78ce-43db-ba43-f1e62a8c715e" />
    <UnitTestResult executionId="4ce9ef0f-d1c9-4f66-8137-2fa43519527a" testId="84279b46-2783-4eab-b95d-092bcb319a21" testName="Test4658" computerName="UA-LPT-OGA2" duration="00:00:01.6210000" startTime="2025-05-14T13:20:31.3146610Z" endTime="2025-05-14T13:25:31.3147553Z" testType="13cdc9d9-ddb5-4fa4-a97d-d965ccfc6d4b" outcome="Passed" testListId="769b4499-78ce-43db-ba43-f1e62a8c715e" />
    <UnitTestResult executionId="7d84d9af-f84f-4121-9bcc-d80adc4f1202" testId="4b0b600b-99e0-4db3-ad5e-6ef2770bd00a" testName="Test4659" computerName="UA-LPT-OGA2" duration="00:00:00.5800000" startTime="2025-05-14T13:20:31.3146610Z" endTime="2025-05-14T13:25:31.3147553Z" testType="13cdc9d9-ddb5-4fa4-a97d-d965ccfc6d4b" outcome="Passed" testListId="769b4499-78ce-43db-ba43-f1e62a8c715e" />
    <UnitTestResult executionId="95f6ab90-0ade-4477-96a5-06c3bab2f2de" testId="cf55a937-a978-43ca-aced-bc88800b782a" testName="Test4660" computerName="UA-LPT-OGA2" duration="00:00:01.0610000" startTime="2025-05-14T13:20:31.3146610Z" endTime="2025-05-14T13:25:31.3147553Z" testType="13cdc9d9-ddb5-4fa4-a97d-d965ccfc6d4b" outcome="Passed" testListId="769b4499-78ce-43db-ba43-f1e62a8c715e" />
    <UnitTestResult executionId="592ac81e-c9d1-4244-9ab1-bb2a84e5c3f2" testId="77115544-bed6-45fc-abf0-f59450ac1fb9" testName="Test4661" computerName="UA-LPT-OGA2" duration="00:00:01.1930000" startTime="2025-05-14T13:20:31.3146610Z" endTime="2025-05-14T13:25:31.3147553Z" testType="13cdc9d9-ddb5-4fa4-a97d-d965ccfc6d4b" outcome="Passed" testListId="769b4499-78ce-43db-ba43-f1e62a8c715e" />
    <UnitTestResult executionId="2b236c3b-66c0-44e1-a2d2-09d1166fb938" testId="9d28956e-86d9-47db-8bdd-73aaea346a47" testName="Test4662" computerName="UA-LPT-OGA2" duration="00:00:00.7140000" startTime="2025-05-14T13:20:31.3146610Z" endTime="2025-05-14T13:25:31.3147553Z" testType="13cdc9d9-ddb5-4fa4-a97d-d965ccfc6d4b" outcome="Passed" testListId="769b4499-78ce-43db-ba43-f1e62a8c715e" />
    <UnitTestResult executionId="3e63d6b8-cf80-450d-ba88-5bdadefa5700" testId="c4bd52b5-55a3-4546-8239-3b7fd6232b1b" testName="Test4663" computerName="UA-LPT-OGA2" duration="00:00:00.9710000" startTime="2025-05-14T13:20:31.3146610Z" endTime="2025-05-14T13:25:31.3147553Z" testType="13cdc9d9-ddb5-4fa4-a97d-d965ccfc6d4b" outcome="Passed" testListId="769b4499-78ce-43db-ba43-f1e62a8c715e" />
    <UnitTestResult executionId="33b77ddc-e01e-4c69-8194-24037c0dac74" testId="bed8cc94-f6dd-4be5-b7e2-0ff63f27c947" testName="Test4664" computerName="UA-LPT-OGA2" duration="00:00:01.2540000" startTime="2025-05-14T13:20:31.3146610Z" endTime="2025-05-14T13:25:31.3147553Z" testType="13cdc9d9-ddb5-4fa4-a97d-d965ccfc6d4b" outcome="Passed" testListId="769b4499-78ce-43db-ba43-f1e62a8c715e" />
    <UnitTestResult executionId="1a73cf1a-5742-4225-9d4a-e471310ac922" testId="1f2d0b8e-face-411c-b4bb-869a5bfb7158" testName="Test4665" computerName="UA-LPT-OGA2" duration="00:00:01.0820000" startTime="2025-05-14T13:20:31.3146610Z" endTime="2025-05-14T13:25:31.3147553Z" testType="13cdc9d9-ddb5-4fa4-a97d-d965ccfc6d4b" outcome="Passed" testListId="769b4499-78ce-43db-ba43-f1e62a8c715e" />
    <UnitTestResult executionId="2851fcec-b8b3-48d7-ba30-f3056308dbac" testId="eca43a18-2202-4630-825b-ea11c291508c" testName="Test4666" computerName="UA-LPT-OGA2" duration="00:00:01.3830000" startTime="2025-05-14T13:20:31.3146610Z" endTime="2025-05-14T13:25:31.3147553Z" testType="13cdc9d9-ddb5-4fa4-a97d-d965ccfc6d4b" outcome="Passed" testListId="769b4499-78ce-43db-ba43-f1e62a8c715e" />
    <UnitTestResult executionId="e470a0fb-5221-4f2c-a7dd-fe29c3d71470" testId="3438bc33-1e99-4386-92dd-5e34e0cef0e7" testName="Test4667" computerName="UA-LPT-OGA2" duration="00:00:01.4610000" startTime="2025-05-14T13:20:31.3146610Z" endTime="2025-05-14T13:25:31.3147553Z" testType="13cdc9d9-ddb5-4fa4-a97d-d965ccfc6d4b" outcome="Passed" testListId="769b4499-78ce-43db-ba43-f1e62a8c715e" />
    <UnitTestResult executionId="425cb7ba-3703-42c8-b105-2fd72f13a154" testId="6642f01e-b147-4d09-bab1-037370246132" testName="Test4668" computerName="UA-LPT-OGA2" duration="00:00:00.4120000" startTime="2025-05-14T13:20:31.3146610Z" endTime="2025-05-14T13:25:31.3147553Z" testType="13cdc9d9-ddb5-4fa4-a97d-d965ccfc6d4b" outcome="Passed" testListId="769b4499-78ce-43db-ba43-f1e62a8c715e" />
    <UnitTestResult executionId="6dbafde1-93bb-4304-8d28-88fbfd387aa7" testId="a35baafe-a99d-460c-9560-0545cdae5cb8" testName="Test4669" computerName="UA-LPT-OGA2" duration="00:00:00.4650000" startTime="2025-05-14T13:20:31.3146610Z" endTime="2025-05-14T13:25:31.3147553Z" testType="13cdc9d9-ddb5-4fa4-a97d-d965ccfc6d4b" outcome="Passed" testListId="769b4499-78ce-43db-ba43-f1e62a8c715e" />
    <UnitTestResult executionId="75d7c7e0-883b-42b9-828b-fe983355425a" testId="e6025619-3aeb-471e-9da0-ab01c64b0d45" testName="Test4670" computerName="UA-LPT-OGA2" duration="00:00:00.8500000" startTime="2025-05-14T13:20:31.3146610Z" endTime="2025-05-14T13:25:31.3147553Z" testType="13cdc9d9-ddb5-4fa4-a97d-d965ccfc6d4b" outcome="Passed" testListId="769b4499-78ce-43db-ba43-f1e62a8c715e" />
    <UnitTestResult executionId="e261f2c2-4dec-4c6c-9cc3-4765ebaebeb4" testId="2e8568d9-ebc3-496e-a6db-d10f425be977" testName="Test4671" computerName="UA-LPT-OGA2" duration="00:00:00.0370000" startTime="2025-05-14T13:20:31.3146610Z" endTime="2025-05-14T13:25:31.3147553Z" testType="13cdc9d9-ddb5-4fa4-a97d-d965ccfc6d4b" outcome="Passed" testListId="769b4499-78ce-43db-ba43-f1e62a8c715e" />
    <UnitTestResult executionId="f33babd8-ba1f-487c-b3c4-b3550f9613bc" testId="828b1caa-9394-4fad-9b49-b0f0f9618849" testName="Test4672" computerName="UA-LPT-OGA2" duration="00:00:00.3620000" startTime="2025-05-14T13:20:31.3146610Z" endTime="2025-05-14T13:25:31.3147553Z" testType="13cdc9d9-ddb5-4fa4-a97d-d965ccfc6d4b" outcome="Passed" testListId="769b4499-78ce-43db-ba43-f1e62a8c715e" />
    <UnitTestResult executionId="6346c432-0346-43cb-b1c6-839844b1b590" testId="601c612e-5b57-4c38-afc3-9729a1415171" testName="Test4673" computerName="UA-LPT-OGA2" duration="00:00:00.4620000" startTime="2025-05-14T13:20:31.3146610Z" endTime="2025-05-14T13:25:31.3147553Z" testType="13cdc9d9-ddb5-4fa4-a97d-d965ccfc6d4b" outcome="Passed" testListId="769b4499-78ce-43db-ba43-f1e62a8c715e" />
    <UnitTestResult executionId="62bfc907-ac26-48c0-b2e6-12b38b2fffaa" testId="6736b693-f4ec-4e06-b005-7d0b76a84b24" testName="Test4674" computerName="UA-LPT-OGA2" duration="00:00:01.5830000" startTime="2025-05-14T13:20:31.3146610Z" endTime="2025-05-14T13:25:31.3147553Z" testType="13cdc9d9-ddb5-4fa4-a97d-d965ccfc6d4b" outcome="Failed" testListId="769b4499-78ce-43db-ba43-f1e62a8c715e">
      <Output>
        <ErrorInfo>
          <Message>Assertion failed: Expected value did not match actual value.</Message>
          <StackTrace>   at TestNamespace.TestClass.Test() in TestClass.cs:line 491</StackTrace>
        </ErrorInfo>
      </Output>
    </UnitTestResult>
    <UnitTestResult executionId="de3bc878-0526-48cf-86f6-5b8a94484203" testId="f0915b38-72bb-4e12-a98e-ce99e7cc78e0" testName="Test4675" computerName="UA-LPT-OGA2" duration="00:00:01.7540000" startTime="2025-05-14T13:20:31.3146610Z" endTime="2025-05-14T13:25:31.3147553Z" testType="13cdc9d9-ddb5-4fa4-a97d-d965ccfc6d4b" outcome="Passed" testListId="769b4499-78ce-43db-ba43-f1e62a8c715e" />
    <UnitTestResult executionId="725cb18e-cb7c-4353-b0e8-510ba951ecde" testId="1ced6fd9-70f3-42b8-8131-bec585c4ef02" testName="Test4676" computerName="UA-LPT-OGA2" duration="00:00:01.2050000" startTime="2025-05-14T13:20:31.3146610Z" endTime="2025-05-14T13:25:31.3147553Z" testType="13cdc9d9-ddb5-4fa4-a97d-d965ccfc6d4b" outcome="Passed" testListId="769b4499-78ce-43db-ba43-f1e62a8c715e" />
    <UnitTestResult executionId="263586a1-f496-4893-b6ea-16a0f31671a8" testId="87b48847-894e-4eb6-abde-50eb5c2dd9ee" testName="Test4677" computerName="UA-LPT-OGA2" duration="00:00:00.1270000" startTime="2025-05-14T13:20:31.3146610Z" endTime="2025-05-14T13:25:31.3147553Z" testType="13cdc9d9-ddb5-4fa4-a97d-d965ccfc6d4b" outcome="Passed" testListId="769b4499-78ce-43db-ba43-f1e62a8c715e" />
    <UnitTestResult executionId="1390508b-f488-4b78-9b40-fe706c2893d1" testId="cf092e9f-1987-4cb9-82bd-83068a70bc56" testName="Test4678" computerName="UA-LPT-OGA2" duration="00:00:00.0160000" startTime="2025-05-14T13:20:31.3146610Z" endTime="2025-05-14T13:25:31.3147553Z" testType="13cdc9d9-ddb5-4fa4-a97d-d965ccfc6d4b" outcome="Failed" testListId="769b4499-78ce-43db-ba43-f1e62a8c715e">
      <Output>
        <ErrorInfo>
          <Message>Assertion failed: Expected value did not match actual value.</Message>
          <StackTrace>   at TestNamespace.TestClass.Test() in TestClass.cs:line 102</StackTrace>
        </ErrorInfo>
      </Output>
    </UnitTestResult>
    <UnitTestResult executionId="7082f8be-5002-4ce2-b420-6c52797013a7" testId="f9eb0c23-b9c5-4b12-ac3a-f782b32ec3a9" testName="Test4679" computerName="UA-LPT-OGA2" duration="00:00:00.8090000" startTime="2025-05-14T13:20:31.3146610Z" endTime="2025-05-14T13:25:31.3147553Z" testType="13cdc9d9-ddb5-4fa4-a97d-d965ccfc6d4b" outcome="Passed" testListId="769b4499-78ce-43db-ba43-f1e62a8c715e" />
    <UnitTestResult executionId="41fea2ed-59d2-40ea-a557-bc745a8e4244" testId="3042efe3-efb8-4f64-aadf-3138527def34" testName="Test4680" computerName="UA-LPT-OGA2" duration="00:00:00.9280000" startTime="2025-05-14T13:20:31.3146610Z" endTime="2025-05-14T13:25:31.3147553Z" testType="13cdc9d9-ddb5-4fa4-a97d-d965ccfc6d4b" outcome="Passed" testListId="769b4499-78ce-43db-ba43-f1e62a8c715e" />
    <UnitTestResult executionId="db1ee65c-fa18-4b56-9435-1a0e2af23bef" testId="2715a15e-65a2-4946-9046-f8c090c33351" testName="Test4681" computerName="UA-LPT-OGA2" duration="00:00:01.4090000" startTime="2025-05-14T13:20:31.3146610Z" endTime="2025-05-14T13:25:31.3147553Z" testType="13cdc9d9-ddb5-4fa4-a97d-d965ccfc6d4b" outcome="Passed" testListId="769b4499-78ce-43db-ba43-f1e62a8c715e" />
    <UnitTestResult executionId="cd466524-f3e0-4630-a9d5-6c2eb7435238" testId="7d932ec3-1d64-4edf-b3e2-3121eab2ff24" testName="Test4682" computerName="UA-LPT-OGA2" duration="00:00:00.8770000" startTime="2025-05-14T13:20:31.3146610Z" endTime="2025-05-14T13:25:31.3147553Z" testType="13cdc9d9-ddb5-4fa4-a97d-d965ccfc6d4b" outcome="Passed" testListId="769b4499-78ce-43db-ba43-f1e62a8c715e" />
    <UnitTestResult executionId="adc6daf6-d2a2-43af-a6d4-ed866d35bf2f" testId="85ff336f-101c-4035-841a-e17789d079f2" testName="Test4683" computerName="UA-LPT-OGA2" duration="00:00:00.7600000" startTime="2025-05-14T13:20:31.3146610Z" endTime="2025-05-14T13:25:31.3147553Z" testType="13cdc9d9-ddb5-4fa4-a97d-d965ccfc6d4b" outcome="Passed" testListId="769b4499-78ce-43db-ba43-f1e62a8c715e" />
    <UnitTestResult executionId="ed0e234b-c5f7-419f-83d4-b59640f054e6" testId="09e9d705-d214-4b9e-b8b5-6ca05a51e070" testName="Test4684" computerName="UA-LPT-OGA2" duration="00:00:01.9170000" startTime="2025-05-14T13:20:31.3146610Z" endTime="2025-05-14T13:25:31.3147553Z" testType="13cdc9d9-ddb5-4fa4-a97d-d965ccfc6d4b" outcome="Passed" testListId="769b4499-78ce-43db-ba43-f1e62a8c715e" />
    <UnitTestResult executionId="cc5e475c-8bc4-405a-a624-cc76bd4f780d" testId="53d16f08-2074-4a80-9d72-2e0ae5514718" testName="Test4685" computerName="UA-LPT-OGA2" duration="00:00:00.1910000" startTime="2025-05-14T13:20:31.3146610Z" endTime="2025-05-14T13:25:31.3147553Z" testType="13cdc9d9-ddb5-4fa4-a97d-d965ccfc6d4b" outcome="Failed" testListId="769b4499-78ce-43db-ba43-f1e62a8c715e">
      <Output>
        <ErrorInfo>
          <Message>Assertion failed: Expected value did not match actual value.</Message>
          <StackTrace>   at TestNamespace.TestClass.Test() in TestClass.cs:line 289</StackTrace>
        </ErrorInfo>
      </Output>
    </UnitTestResult>
    <UnitTestResult executionId="35bc4038-a2e5-46b1-ba9d-8c0382dbc6db" testId="c7fbdca5-f0a1-4d41-a1d9-19e5b998cdfa" testName="Test4686" computerName="UA-LPT-OGA2" duration="00:00:01.6280000" startTime="2025-05-14T13:20:31.3146610Z" endTime="2025-05-14T13:25:31.3147553Z" testType="13cdc9d9-ddb5-4fa4-a97d-d965ccfc6d4b" outcome="Passed" testListId="769b4499-78ce-43db-ba43-f1e62a8c715e" />
    <UnitTestResult executionId="af8831ed-3379-4018-b62a-a021d9be6da5" testId="cbe9f535-f190-4b0e-812b-6f3b8158ec08" testName="Test4687" computerName="UA-LPT-OGA2" duration="00:00:00.8460000" startTime="2025-05-14T13:20:31.3146610Z" endTime="2025-05-14T13:25:31.3147553Z" testType="13cdc9d9-ddb5-4fa4-a97d-d965ccfc6d4b" outcome="Passed" testListId="769b4499-78ce-43db-ba43-f1e62a8c715e" />
    <UnitTestResult executionId="f401aa99-e85d-4c32-a178-731dfe0d0279" testId="1fcc4467-5473-474e-b0ce-74c4dc205088" testName="Test4688" computerName="UA-LPT-OGA2" duration="00:00:01.1790000" startTime="2025-05-14T13:20:31.3146610Z" endTime="2025-05-14T13:25:31.3147553Z" testType="13cdc9d9-ddb5-4fa4-a97d-d965ccfc6d4b" outcome="Passed" testListId="769b4499-78ce-43db-ba43-f1e62a8c715e" />
    <UnitTestResult executionId="2d8dbfc9-d45d-4351-ac22-f2a0a4405319" testId="536b1e98-a944-4ae7-8e46-f309875e8c08" testName="Test4689" computerName="UA-LPT-OGA2" duration="00:00:00.1600000" startTime="2025-05-14T13:20:31.3146610Z" endTime="2025-05-14T13:25:31.3147553Z" testType="13cdc9d9-ddb5-4fa4-a97d-d965ccfc6d4b" outcome="Passed" testListId="769b4499-78ce-43db-ba43-f1e62a8c715e" />
    <UnitTestResult executionId="f3afcf69-632b-4417-ba87-ea6543d661ca" testId="59efda8e-8a3e-4c35-ad61-748cb6673369" testName="Test4690" computerName="UA-LPT-OGA2" duration="00:00:01.8560000" startTime="2025-05-14T13:20:31.3146610Z" endTime="2025-05-14T13:25:31.3147553Z" testType="13cdc9d9-ddb5-4fa4-a97d-d965ccfc6d4b" outcome="Passed" testListId="769b4499-78ce-43db-ba43-f1e62a8c715e" />
    <UnitTestResult executionId="acb3547d-870c-4d33-97ee-b7f4f6dc4841" testId="72fd0139-9d21-40b9-9899-3ad0aa1cb89c" testName="Test4691" computerName="UA-LPT-OGA2" duration="00:00:00.4730000" startTime="2025-05-14T13:20:31.3146610Z" endTime="2025-05-14T13:25:31.3147553Z" testType="13cdc9d9-ddb5-4fa4-a97d-d965ccfc6d4b" outcome="Passed" testListId="769b4499-78ce-43db-ba43-f1e62a8c715e" />
    <UnitTestResult executionId="0c9b7c4a-3b9a-4323-ba18-183cdb20a695" testId="fb5bc303-135f-4137-a194-71735dd73844" testName="Test4692" computerName="UA-LPT-OGA2" duration="00:00:00.3640000" startTime="2025-05-14T13:20:31.3146610Z" endTime="2025-05-14T13:25:31.3147553Z" testType="13cdc9d9-ddb5-4fa4-a97d-d965ccfc6d4b" outcome="Passed" testListId="769b4499-78ce-43db-ba43-f1e62a8c715e" />
    <UnitTestResult executionId="52e9ad67-138d-46b9-85e2-cba9f10c64ee" testId="89f6c44c-cf7b-4d1d-8494-536b215ffdfa" testName="Test4693" computerName="UA-LPT-OGA2" duration="00:00:00.5950000" startTime="2025-05-14T13:20:31.3146610Z" endTime="2025-05-14T13:25:31.3147553Z" testType="13cdc9d9-ddb5-4fa4-a97d-d965ccfc6d4b" outcome="Passed" testListId="769b4499-78ce-43db-ba43-f1e62a8c715e" />
    <UnitTestResult executionId="3778444e-aa9d-4050-b9d9-bb4ac5faa73c" testId="e76e1dca-876e-42d0-9045-44919eeee0a6" testName="Test4694" computerName="UA-LPT-OGA2" duration="00:00:00.8530000" startTime="2025-05-14T13:20:31.3146610Z" endTime="2025-05-14T13:25:31.3147553Z" testType="13cdc9d9-ddb5-4fa4-a97d-d965ccfc6d4b" outcome="Passed" testListId="769b4499-78ce-43db-ba43-f1e62a8c715e" />
    <UnitTestResult executionId="60d1b248-6df3-4011-943c-e5bbf258fbf8" testId="a50ffc6d-b8be-4a2f-8b34-08cbce9c6c66" testName="Test4695" computerName="UA-LPT-OGA2" duration="00:00:01.1830000" startTime="2025-05-14T13:20:31.3146610Z" endTime="2025-05-14T13:25:31.3147553Z" testType="13cdc9d9-ddb5-4fa4-a97d-d965ccfc6d4b" outcome="Passed" testListId="769b4499-78ce-43db-ba43-f1e62a8c715e" />
    <UnitTestResult executionId="b9f367b4-bfec-4dc3-9f1f-64f74904975e" testId="efad8e51-44d8-4c5d-8394-3c1c861c7722" testName="Test4696" computerName="UA-LPT-OGA2" duration="00:00:01.9420000" startTime="2025-05-14T13:20:31.3146610Z" endTime="2025-05-14T13:25:31.3147553Z" testType="13cdc9d9-ddb5-4fa4-a97d-d965ccfc6d4b" outcome="Passed" testListId="769b4499-78ce-43db-ba43-f1e62a8c715e" />
    <UnitTestResult executionId="dc3f6add-1a51-49e2-a8b6-7662223e982d" testId="bc1911b0-48cb-461c-827d-8073a18a9d58" testName="Test4697" computerName="UA-LPT-OGA2" duration="00:00:00.4470000" startTime="2025-05-14T13:20:31.3146610Z" endTime="2025-05-14T13:25:31.3147553Z" testType="13cdc9d9-ddb5-4fa4-a97d-d965ccfc6d4b" outcome="Passed" testListId="769b4499-78ce-43db-ba43-f1e62a8c715e" />
    <UnitTestResult executionId="b677cbe3-d2ab-4375-b2c7-22b38070b346" testId="7fa44200-069d-45a4-85b5-3b7b6f82545b" testName="Test4698" computerName="UA-LPT-OGA2" duration="00:00:00.4010000" startTime="2025-05-14T13:20:31.3146610Z" endTime="2025-05-14T13:25:31.3147553Z" testType="13cdc9d9-ddb5-4fa4-a97d-d965ccfc6d4b" outcome="Passed" testListId="769b4499-78ce-43db-ba43-f1e62a8c715e" />
    <UnitTestResult executionId="dbcb908d-d5cc-42c1-8608-0251a3a8169b" testId="e467e864-e49a-4895-99d5-eed7150df8ad" testName="Test4699" computerName="UA-LPT-OGA2" duration="00:00:00.8990000" startTime="2025-05-14T13:20:31.3146610Z" endTime="2025-05-14T13:25:31.3147553Z" testType="13cdc9d9-ddb5-4fa4-a97d-d965ccfc6d4b" outcome="Passed" testListId="769b4499-78ce-43db-ba43-f1e62a8c715e" />
    <UnitTestResult executionId="165c6ce8-47b4-40a6-8a30-64cee3b915cc" testId="4875bfbf-b909-4854-90e2-7b9d5808752a" testName="Test4700" computerName="UA-LPT-OGA2" duration="00:00:00.4040000" startTime="2025-05-14T13:20:31.3146610Z" endTime="2025-05-14T13:25:31.3147553Z" testType="13cdc9d9-ddb5-4fa4-a97d-d965ccfc6d4b" outcome="Passed" testListId="769b4499-78ce-43db-ba43-f1e62a8c715e" />
  </Results>
  <TestDefinitions>
    <UnitTest name="Test4601" id="89892a92-0550-4980-815f-74e4d2b45c39" storage="TestAssembly.dll">
      <Execution id="ead4bed4-1e01-40d7-b3aa-c25c7eb58f02" />
      <TestMethod codeBase="TestAssembly.dll" className="TestNamespace.TestClass1" name="Test4601" />
    </UnitTest>
    <UnitTest name="Test4602" id="bfa974bf-8cb8-4f66-9977-fb2cca1d88f3" storage="TestAssembly.dll">
      <Execution id="fbdf8340-a90e-4dfb-a63f-c83fe4d98451" />
      <TestMethod codeBase="TestAssembly.dll" className="TestNamespace.TestClass1" name="Test4602" />
    </UnitTest>
    <UnitTest name="Test4603" id="fda93f3b-a8d4-4293-a549-4773b8066749" storage="TestAssembly.dll">
      <Execution id="e4162337-f213-4e10-8737-2ed9e7c81c43" />
      <TestMethod codeBase="TestAssembly.dll" className="TestNamespace.TestClass1" name="Test4603" />
    </UnitTest>
    <UnitTest name="Test4604" id="4e918ce8-bb74-4e4d-b670-7712a625d5ec" storage="TestAssembly.dll">
      <Execution id="5a7dd474-2648-414c-8ee0-5fbd3c7595c5" />
      <TestMethod codeBase="TestAssembly.dll" className="TestNamespace.TestClass1" name="Test4604" />
    </UnitTest>
    <UnitTest name="Test4605" id="5f58fe58-8734-4000-bd8e-798d689a2123" storage="TestAssembly.dll">
      <Execution id="e5ee1063-dce2-4377-8c3b-f4260992ec2c" />
      <TestMethod codeBase="TestAssembly.dll" className="TestNamespace.TestClass1" name="Test4605" />
    </UnitTest>
    <UnitTest name="Test4606" id="1d02f5e7-c92d-40d3-8e27-b8941ecda9a0" storage="TestAssembly.dll">
      <Execution id="96a126f9-eed6-4437-a2af-6418375dfb9a" />
      <TestMethod codeBase="TestAssembly.dll" className="TestNamespace.TestClass1" name="Test4606" />
    </UnitTest>
    <UnitTest name="Test4607" id="e9284cb0-1b02-460f-b1ef-2599e59a9f75" storage="TestAssembly.dll">
      <Execution id="539a603a-f6ea-41d7-a3e4-b19f3b4be6c8" />
      <TestMethod codeBase="TestAssembly.dll" className="TestNamespace.TestClass1" name="Test4607" />
    </UnitTest>
    <UnitTest name="Test4608" id="d65caf0f-0464-4c03-a21a-2b8485d24d5b" storage="TestAssembly.dll">
      <Execution id="74c8e3ab-0ac4-4984-be6f-8136a1fd37f8" />
      <TestMethod codeBase="TestAssembly.dll" className="TestNamespace.TestClass1" name="Test4608" />
    </UnitTest>
    <UnitTest name="Test4609" id="264e7f70-74d2-44fc-ad50-c38397026758" storage="TestAssembly.dll">
      <Execution id="cbf038df-bd66-4629-92f0-e2f023e2306c" />
      <TestMethod codeBase="TestAssembly.dll" className="TestNamespace.TestClass1" name="Test4609" />
    </UnitTest>
    <UnitTest name="Test4610" id="c1f87417-a648-4b29-aab5-0c75e2df57ed" storage="TestAssembly.dll">
      <Execution id="9e5735f5-fd76-456a-8649-52e56a4ca055" />
      <TestMethod codeBase="TestAssembly.dll" className="TestNamespace.TestClass1" name="Test4610" />
    </UnitTest>
    <UnitTest name="Test4611" id="56a77a72-5d77-4803-802b-907cd85eea97" storage="TestAssembly.dll">
      <Execution id="1b1f7b86-7979-48e5-832a-9b3b1e375e82" />
      <TestMethod codeBase="TestAssembly.dll" className="TestNamespace.TestClass2" name="Test4611" />
    </UnitTest>
    <UnitTest name="Test4612" id="d7853399-143e-4a59-ae1d-c5c65676ce7a" storage="TestAssembly.dll">
      <Execution id="e36b801e-3551-4c81-800b-c30f532d2610" />
      <TestMethod codeBase="TestAssembly.dll" className="TestNamespace.TestClass2" name="Test4612" />
    </UnitTest>
    <UnitTest name="Test4613" id="334d0aae-a94e-4154-bdc1-7ae35b547878" storage="TestAssembly.dll">
      <Execution id="64d916d7-c6b7-484d-a058-2c567a0a6aee" />
      <TestMethod codeBase="TestAssembly.dll" className="TestNamespace.TestClass2" name="Test4613" />
    </UnitTest>
    <UnitTest name="Test4614" id="9a1c3d5a-ccd6-413e-972e-8922a562590f" storage="TestAssembly.dll">
      <Execution id="47f560e5-55f6-4749-8dc3-ada275987337" />
      <TestMethod codeBase="TestAssembly.dll" className="TestNamespace.TestClass2" name="Test4614" />
    </UnitTest>
    <UnitTest name="Test4615" id="414b47d7-0a1d-4761-af5a-d8ca88e98190" storage="TestAssembly.dll">
      <Execution id="a76c4efe-9abc-45a9-a3c9-c68e453589a0" />
      <TestMethod codeBase="TestAssembly.dll" className="TestNamespace.TestClass2" name="Test4615" />
    </UnitTest>
    <UnitTest name="Test4616" id="5925f6f3-141e-4302-b6f7-ba282364fc00" storage="TestAssembly.dll">
      <Execution id="0aef626d-0658-405e-9f31-286638f46669" />
      <TestMethod codeBase="TestAssembly.dll" className="TestNamespace.TestClass2" name="Test4616" />
    </UnitTest>
    <UnitTest name="Test4617" id="0103e1b7-ff06-46cf-989d-da903389bb44" storage="TestAssembly.dll">
      <Execution id="1ef1111c-2a11-426e-b93d-ffa0f005c3b3" />
      <TestMethod codeBase="TestAssembly.dll" className="TestNamespace.TestClass2" name="Test4617" />
    </UnitTest>
    <UnitTest name="Test4618" id="5b60d26f-b03c-4099-9aba-6b2dbe834a09" storage="TestAssembly.dll">
      <Execution id="75a631a3-2f5e-43a8-bb74-ec61bede1dc3" />
      <TestMethod codeBase="TestAssembly.dll" className="TestNamespace.TestClass2" name="Test4618" />
    </UnitTest>
    <UnitTest name="Test4619" id="a872fd63-59ad-493b-81ef-dce1795ed576" storage="TestAssembly.dll">
      <Execution id="0b120474-bd29-4a4c-b8a0-a1c20918dd1c" />
      <TestMethod codeBase="TestAssembly.dll" className="TestNamespace.TestClass2" name="Test4619" />
    </UnitTest>
    <UnitTest name="Test4620" id="24e0ce6e-f240-49d3-be32-bb778718c2b9" storage="TestAssembly.dll">
      <Execution id="756a73ba-2487-4896-8e6b-5415e663da6c" />
      <TestMethod codeBase="TestAssembly.dll" className="TestNamespace.TestClass2" name="Test4620" />
    </UnitTest>
    <UnitTest name="Test4621" id="cb59b593-d951-43b9-8f97-60e8e0c748c2" storage="TestAssembly.dll">
      <Execution id="96e24415-9ba6-4b0f-bbaa-9ac2094dcc0e" />
      <TestMethod codeBase="TestAssembly.dll" className="TestNamespace.TestClass3" name="Test4621" />
    </UnitTest>
    <UnitTest name="Test4622" id="63bfac00-0f5c-4b5e-a0e3-23c8d0c61f2b" storage="TestAssembly.dll">
      <Execution id="f4b7fe7d-bdcb-49ac-b416-381ed0405d38" />
      <TestMethod codeBase="TestAssembly.dll" className="TestNamespace.TestClass3" name="Test4622" />
    </UnitTest>
    <UnitTest name="Test4623" id="759d51a2-8bbc-4a31-b612-a0af40a55989" storage="TestAssembly.dll">
      <Execution id="762fef58-27b8-4de1-babb-0eb7bf39b29d" />
      <TestMethod codeBase="TestAssembly.dll" className="TestNamespace.TestClass3" name="Test4623" />
    </UnitTest>
    <UnitTest name="Test4624" id="f4b912d9-43fb-4f17-9f0b-675558e8fbea" storage="TestAssembly.dll">
      <Execution id="c0fb6612-6c52-424e-a14f-c50d1fbb959a" />
      <TestMethod codeBase="TestAssembly.dll" className="TestNamespace.TestClass3" name="Test4624" />
    </UnitTest>
    <UnitTest name="Test4625" id="44f10c12-fab1-43b4-99d3-ab96ee3ddde6" storage="TestAssembly.dll">
      <Execution id="b611337c-df8b-4d58-8da2-bcc4e048f527" />
      <TestMethod codeBase="TestAssembly.dll" className="TestNamespace.TestClass3" name="Test4625" />
    </UnitTest>
    <UnitTest name="Test4626" id="ba6f2ac2-93dc-4013-8e8e-42a88d9c4042" storage="TestAssembly.dll">
      <Execution id="c4f38211-7b52-450b-90da-436c05d2dec6" />
      <TestMethod codeBase="TestAssembly.dll" className="TestNamespace.TestClass3" name="Test4626" />
    </UnitTest>
    <UnitTest name="Test4627" id="48388231-2e3c-46d2-87ba-6d0fba606cbc" storage="TestAssembly.dll">
      <Execution id="00470a91-dc8e-4a30-b680-a8d1c5d7b342" />
      <TestMethod codeBase="TestAssembly.dll" className="TestNamespace.TestClass3" name="Test4627" />
    </UnitTest>
    <UnitTest name="Test4628" id="6b67d965-ac7c-4b1d-9915-f1e6b2e4a46a" storage="TestAssembly.dll">
      <Execution id="07cf44fd-4555-4b41-9195-0f07588211f5" />
      <TestMethod codeBase="TestAssembly.dll" className="TestNamespace.TestClass3" name="Test4628" />
    </UnitTest>
    <UnitTest name="Test4629" id="86f89fa8-7d01-4b92-9261-020a7542a1b0" storage="TestAssembly.dll">
      <Execution id="c874e40d-3af1-4ea2-b36e-6efd02f75f7e" />
      <TestMethod codeBase="TestAssembly.dll" className="TestNamespace.TestClass3" name="Test4629" />
    </UnitTest>
    <UnitTest name="Test4630" id="d81f7614-1aaf-4868-a4ac-cec149bc8d28" storage="TestAssembly.dll">
      <Execution id="fc96aa19-2935-43d4-a698-0294c221eeb5" />
      <TestMethod codeBase="TestAssembly.dll" className="TestNamespace.TestClass3" name="Test4630" />
    </UnitTest>
    <UnitTest name="Test4631" id="ee38d527-30d5-4baf-b0e9-393175416304" storage="TestAssembly.dll">
      <Execution id="9b90768b-1001-48f1-8ffb-75dc0fc6729b" />
      <TestMethod codeBase="TestAssembly.dll" className="TestNamespace.TestClass4" name="Test4631" />
    </UnitTest>
    <UnitTest name="Test4632" id="77e084ea-2300-4aae-8069-c8a179ff0500" storage="TestAssembly.dll">
      <Execution id="997ce78b-893a-4742-956c-2ee36bf3e2cd" />
      <TestMethod codeBase="TestAssembly.dll" className="TestNamespace.TestClass4" name="Test4632" />
    </UnitTest>
    <UnitTest name="Test4633" id="ab392376-b9d1-42ee-94d8-c2e41be84cb8" storage="TestAssembly.dll">
      <Execution id="ba12045e-a907-4966-aa4c-c8c75ee8531c" />
      <TestMethod codeBase="TestAssembly.dll" className="TestNamespace.TestClass4" name="Test4633" />
    </UnitTest>
    <UnitTest name="Test4634" id="69326a99-73f3-4a12-a068-3de9781f2b8d" storage="TestAssembly.dll">
      <Execution id="e7c090b5-f949-4310-aea5-743fc2d3b5a1" />
      <TestMethod codeBase="TestAssembly.dll" className="TestNamespace.TestClass4" name="Test4634" />
    </UnitTest>
    <UnitTest name="Test4635" id="be84c35c-e831-47db-a6f4-fca9ed458446" storage="TestAssembly.dll">
      <Execution id="651afb5f-8c88-42f9-87dc-a69271213520" />
      <TestMethod codeBase="TestAssembly.dll" className="TestNamespace.TestClass4" name="Test4635" />
    </UnitTest>
    <UnitTest name="Test4636" id="86e5c877-8bab-4844-8d78-779b61945f52" storage="TestAssembly.dll">
      <Execution id="de5f4796-b7b9-4631-a326-4945d9d0be66" />
      <TestMethod codeBase="TestAssembly.dll" className="TestNamespace.TestClass4" name="Test4636" />
    </UnitTest>
    <UnitTest name="Test4637" id="dad2a2b6-6d35-4a3a-bdf6-77a034ab1143" storage="TestAssembly.dll">
      <Execution id="be2e4e01-cd7f-4dd2-bd72-dd7774d42076" />
      <TestMethod codeBase="TestAssembly.dll" className="TestNamespace.TestClass4" name="Test4637" />
    </UnitTest>
    <UnitTest name="Test4638" id="09a93b45-1ca6-4180-964d-5db310c6d6e5" storage="TestAssembly.dll">
      <Execution id="3981f453-ee70-4fba-b9a1-c2946c90f969" />
      <TestMethod codeBase="TestAssembly.dll" className="TestNamespace.TestClass4" name="Test4638" />
    </UnitTest>
    <UnitTest name="Test4639" id="8e989fb0-a78e-4e74-8fb5-0a1b2645cd72" storage="TestAssembly.dll">
      <Execution id="78da8ca4-3b51-43ec-ae38-622bafb4f530" />
      <TestMethod codeBase="TestAssembly.dll" className="TestNamespace.TestClass4" name="Test4639" />
    </UnitTest>
    <UnitTest name="Test4640" id="98c47fd2-cd01-4ff8-83ba-4631a8738281" storage="TestAssembly.dll">
      <Execution id="bd2933bc-03f6-49b7-be6d-9aeb8a8da6b0" />
      <TestMethod codeBase="TestAssembly.dll" className="TestNamespace.TestClass4" name="Test4640" />
    </UnitTest>
    <UnitTest name="Test4641" id="2f42324b-6f4e-4470-ada8-a99b071491aa" storage="TestAssembly.dll">
      <Execution id="ca2275c2-5fb5-4aff-88c8-86132dcb9e78" />
      <TestMethod codeBase="TestAssembly.dll" className="TestNamespace.TestClass5" name="Test4641" />
    </UnitTest>
    <UnitTest name="Test4642" id="8240d3f8-0cd7-4886-be90-4780f215511f" storage="TestAssembly.dll">
      <Execution id="42e9b327-4921-4048-b431-3aae5ce7272a" />
      <TestMethod codeBase="TestAssembly.dll" className="TestNamespace.TestClass5" name="Test4642" />
    </UnitTest>
    <UnitTest name="Test4643" id="93f4d560-e4b9-40a2-89cf-3e4d2903353f" storage="TestAssembly.dll">
      <Execution id="c930e387-ab0f-4661-aee9-f31bbf1f7fc8" />
      <TestMethod codeBase="TestAssembly.dll" className="TestNamespace.TestClass5" name="Test4643" />
    </UnitTest>
    <UnitTest name="Test4644" id="b6828d8a-4f91-48f7-93bf-3d807db645fd" storage="TestAssembly.dll">
      <Execution id="589edfd0-c302-4cec-ab2e-50042f84b7ea" />
      <TestMethod codeBase="TestAssembly.dll" className="TestNamespace.TestClass5" name="Test4644" />
    </UnitTest>
    <UnitTest name="Test4645" id="04c5910f-92d2-4dc8-8a42-46f965cdd2a9" storage="TestAssembly.dll">
      <Execution id="0aea4f3a-bb45-4125-9e45-f68d87b816ae" />
      <TestMethod codeBase="TestAssembly.dll" className="TestNamespace.TestClass5" name="Test4645" />
    </UnitTest>
    <UnitTest name="Test4646" id="de673ffd-e608-4535-a4a5-47e6a8e5428b" storage="TestAssembly.dll">
      <Execution id="b3b7a09b-e29d-434d-9971-9d40c448f39b" />
      <TestMethod codeBase="TestAssembly.dll" className="TestNamespace.TestClass5" name="Test4646" />
    </UnitTest>
    <UnitTest name="Test4647" id="ad559a62-6e9a-477a-809a-45e7ea82e009" storage="TestAssembly.dll">
      <Execution id="a6be508f-cc1f-492e-9171-61af8d2d42d8" />
      <TestMethod codeBase="TestAssembly.dll" className="TestNamespace.TestClass5" name="Test4647" />
    </UnitTest>
    <UnitTest name="Test4648" id="0a659f30-5e47-4801-8fec-26e73f958031" storage="TestAssembly.dll">
      <Execution id="c20fb2f1-10e9-48ee-a687-26860653ec04" />
      <TestMethod codeBase="TestAssembly.dll" className="TestNamespace.TestClass5" name="Test4648" />
    </UnitTest>
    <UnitTest name="Test4649" id="ddc11a13-1b40-43a3-86f4-5e367b0d526a" storage="TestAssembly.dll">
      <Execution id="56c96c0a-39d0-4675-add4-406dc3b502b0" />
      <TestMethod codeBase="TestAssembly.dll" className="TestNamespace.TestClass5" name="Test4649" />
    </UnitTest>
    <UnitTest name="Test4650" id="303ea32e-dd79-460a-94a2-aea76b1ef0d9" storage="TestAssembly.dll">
      <Execution id="afa2efde-8fe7-410a-ba09-125a7c8d8ca6" />
      <TestMethod codeBase="TestAssembly.dll" className="TestNamespace.TestClass5" name="Test4650" />
    </UnitTest>
    <UnitTest name="Test4651" id="7c6f839c-ce21-469a-9dae-a1072455005c" storage="TestAssembly.dll">
      <Execution id="c009c823-ffa0-4c48-918e-50ca65a5e3f8" />
      <TestMethod codeBase="TestAssembly.dll" className="TestNamespace.TestClass6" name="Test4651" />
    </UnitTest>
    <UnitTest name="Test4652" id="798ac705-c1aa-456a-8af2-11934acdc607" storage="TestAssembly.dll">
      <Execution id="c40d171c-6ecf-4ae9-bcbf-89be1e5bbdfa" />
      <TestMethod codeBase="TestAssembly.dll" className="TestNamespace.TestClass6" name="Test4652" />
    </UnitTest>
    <UnitTest name="Test4653" id="35b8551f-f348-4df6-bf11-2cc0e96e1088" storage="TestAssembly.dll">
      <Execution id="d7825dce-dab1-41da-a05f-7890183d4143" />
      <TestMethod codeBase="TestAssembly.dll" className="TestNamespace.TestClass6" name="Test4653" />
    </UnitTest>
    <UnitTest name="Test4654" id="7994e7f4-8b94-487b-8ce3-c87d7467dff2" storage="TestAssembly.dll">
      <Execution id="2f80b8ad-2fc8-4b4d-84e1-40bedb9df9eb" />
      <TestMethod codeBase="TestAssembly.dll" className="TestNamespace.TestClass6" name="Test4654" />
    </UnitTest>
    <UnitTest name="Test4655" id="6b5a2814-1eff-4138-82c5-4f548a9d45b1" storage="TestAssembly.dll">
      <Execution id="91163512-8166-4ce1-a894-ebb3a87b6ae3" />
      <TestMethod codeBase="TestAssembly.dll" className="TestNamespace.TestClass6" name="Test4655" />
    </UnitTest>
    <UnitTest name="Test4656" id="b08fd560-0955-4e17-84fe-07185e5a77bb" storage="TestAssembly.dll">
      <Execution id="07f2132e-5a8b-4d17-b650-bf3f0767aff1" />
      <TestMethod codeBase="TestAssembly.dll" className="TestNamespace.TestClass6" name="Test4656" />
    </UnitTest>
    <UnitTest name="Test4657" id="baf9ea41-ed55-4834-814e-f55c69f17d67" storage="TestAssembly.dll">
      <Execution id="587f774d-f872-42d9-bdb8-f3cd6dd7ef1d" />
      <TestMethod codeBase="TestAssembly.dll" className="TestNamespace.TestClass6" name="Test4657" />
    </UnitTest>
    <UnitTest name="Test4658" id="84279b46-2783-4eab-b95d-092bcb319a21" storage="TestAssembly.dll">
      <Execution id="4ce9ef0f-d1c9-4f66-8137-2fa43519527a" />
      <TestMethod codeBase="TestAssembly.dll" className="TestNamespace.TestClass6" name="Test4658" />
    </UnitTest>
    <UnitTest name="Test4659" id="4b0b600b-99e0-4db3-ad5e-6ef2770bd00a" storage="TestAssembly.dll">
      <Execution id="7d84d9af-f84f-4121-9bcc-d80adc4f1202" />
      <TestMethod codeBase="TestAssembly.dll" className="TestNamespace.TestClass6" name="Test4659" />
    </UnitTest>
    <UnitTest name="Test4660" id="cf55a937-a978-43ca-aced-bc88800b782a" storage="TestAssembly.dll">
      <Execution id="95f6ab90-0ade-4477-96a5-06c3bab2f2de" />
      <TestMethod codeBase="TestAssembly.dll" className="TestNamespace.TestClass6" name="Test4660" />
    </UnitTest>
    <UnitTest name="Test4661" id="77115544-bed6-45fc-abf0-f59450ac1fb9" storage="TestAssembly.dll">
      <Execution id="592ac81e-c9d1-4244-9ab1-bb2a84e5c3f2" />
      <TestMethod codeBase="TestAssembly.dll" className="TestNamespace.TestClass7" name="Test4661" />
    </UnitTest>
    <UnitTest name="Test4662" id="9d28956e-86d9-47db-8bdd-73aaea346a47" storage="TestAssembly.dll">
      <Execution id="2b236c3b-66c0-44e1-a2d2-09d1166fb938" />
      <TestMethod codeBase="TestAssembly.dll" className="TestNamespace.TestClass7" name="Test4662" />
    </UnitTest>
    <UnitTest name="Test4663" id="c4bd52b5-55a3-4546-8239-3b7fd6232b1b" storage="TestAssembly.dll">
      <Execution id="3e63d6b8-cf80-450d-ba88-5bdadefa5700" />
      <TestMethod codeBase="TestAssembly.dll" className="TestNamespace.TestClass7" name="Test4663" />
    </UnitTest>
    <UnitTest name="Test4664" id="bed8cc94-f6dd-4be5-b7e2-0ff63f27c947" storage="TestAssembly.dll">
      <Execution id="33b77ddc-e01e-4c69-8194-24037c0dac74" />
      <TestMethod codeBase="TestAssembly.dll" className="TestNamespace.TestClass7" name="Test4664" />
    </UnitTest>
    <UnitTest name="Test4665" id="1f2d0b8e-face-411c-b4bb-869a5bfb7158" storage="TestAssembly.dll">
      <Execution id="1a73cf1a-5742-4225-9d4a-e471310ac922" />
      <TestMethod codeBase="TestAssembly.dll" className="TestNamespace.TestClass7" name="Test4665" />
    </UnitTest>
    <UnitTest name="Test4666" id="eca43a18-2202-4630-825b-ea11c291508c" storage="TestAssembly.dll">
      <Execution id="2851fcec-b8b3-48d7-ba30-f3056308dbac" />
      <TestMethod codeBase="TestAssembly.dll" className="TestNamespace.TestClass7" name="Test4666" />
    </UnitTest>
    <UnitTest name="Test4667" id="3438bc33-1e99-4386-92dd-5e34e0cef0e7" storage="TestAssembly.dll">
      <Execution id="e470a0fb-5221-4f2c-a7dd-fe29c3d71470" />
      <TestMethod codeBase="TestAssembly.dll" className="TestNamespace.TestClass7" name="Test4667" />
    </UnitTest>
    <UnitTest name="Test4668" id="6642f01e-b147-4d09-bab1-037370246132" storage="TestAssembly.dll">
      <Execution id="425cb7ba-3703-42c8-b105-2fd72f13a154" />
      <TestMethod codeBase="TestAssembly.dll" className="TestNamespace.TestClass7" name="Test4668" />
    </UnitTest>
    <UnitTest name="Test4669" id="a35baafe-a99d-460c-9560-0545cdae5cb8" storage="TestAssembly.dll">
      <Execution id="6dbafde1-93bb-4304-8d28-88fbfd387aa7" />
      <TestMethod codeBase="TestAssembly.dll" className="TestNamespace.TestClass7" name="Test4669" />
    </UnitTest>
    <UnitTest name="Test4670" id="e6025619-3aeb-471e-9da0-ab01c64b0d45" storage="TestAssembly.dll">
      <Execution id="75d7c7e0-883b-42b9-828b-fe983355425a" />
      <TestMethod codeBase="TestAssembly.dll" className="TestNamespace.TestClass7" name="Test4670" />
    </UnitTest>
    <UnitTest name="Test4671" id="2e8568d9-ebc3-496e-a6db-d10f425be977" storage="TestAssembly.dll">
      <Execution id="e261f2c2-4dec-4c6c-9cc3-4765ebaebeb4" />
      <TestMethod codeBase="TestAssembly.dll" className="TestNamespace.TestClass8" name="Test4671" />
    </UnitTest>
    <UnitTest name="Test4672" id="828b1caa-9394-4fad-9b49-b0f0f9618849" storage="TestAssembly.dll">
      <Execution id="f33babd8-ba1f-487c-b3c4-b3550f9613bc" />
      <TestMethod codeBase="TestAssembly.dll" className="TestNamespace.TestClass8" name="Test4672" />
    </UnitTest>
    <UnitTest name="Test4673" id="601c612e-5b57-4c38-afc3-9729a1415171" storage="TestAssembly.dll">
      <Execution id="6346c432-0346-43cb-b1c6-839844b1b590" />
      <TestMethod codeBase="TestAssembly.dll" className="TestNamespace.TestClass8" name="Test4673" />
    </UnitTest>
    <UnitTest name="Test4674" id="6736b693-f4ec-4e06-b005-7d0b76a84b24" storage="TestAssembly.dll">
      <Execution id="62bfc907-ac26-48c0-b2e6-12b38b2fffaa" />
      <TestMethod codeBase="TestAssembly.dll" className="TestNamespace.TestClass8" name="Test4674" />
    </UnitTest>
    <UnitTest name="Test4675" id="f0915b38-72bb-4e12-a98e-ce99e7cc78e0" storage="TestAssembly.dll">
      <Execution id="de3bc878-0526-48cf-86f6-5b8a94484203" />
      <TestMethod codeBase="TestAssembly.dll" className="TestNamespace.TestClass8" name="Test4675" />
    </UnitTest>
    <UnitTest name="Test4676" id="1ced6fd9-70f3-42b8-8131-bec585c4ef02" storage="TestAssembly.dll">
      <Execution id="725cb18e-cb7c-4353-b0e8-510ba951ecde" />
      <TestMethod codeBase="TestAssembly.dll" className="TestNamespace.TestClass8" name="Test4676" />
    </UnitTest>
    <UnitTest name="Test4677" id="87b48847-894e-4eb6-abde-50eb5c2dd9ee" storage="TestAssembly.dll">
      <Execution id="263586a1-f496-4893-b6ea-16a0f31671a8" />
      <TestMethod codeBase="TestAssembly.dll" className="TestNamespace.TestClass8" name="Test4677" />
    </UnitTest>
    <UnitTest name="Test4678" id="cf092e9f-1987-4cb9-82bd-83068a70bc56" storage="TestAssembly.dll">
      <Execution id="1390508b-f488-4b78-9b40-fe706c2893d1" />
      <TestMethod codeBase="TestAssembly.dll" className="TestNamespace.TestClass8" name="Test4678" />
    </UnitTest>
    <UnitTest name="Test4679" id="f9eb0c23-b9c5-4b12-ac3a-f782b32ec3a9" storage="TestAssembly.dll">
      <Execution id="7082f8be-5002-4ce2-b420-6c52797013a7" />
      <TestMethod codeBase="TestAssembly.dll" className="TestNamespace.TestClass8" name="Test4679" />
    </UnitTest>
    <UnitTest name="Test4680" id="3042efe3-efb8-4f64-aadf-3138527def34" storage="TestAssembly.dll">
      <Execution id="41fea2ed-59d2-40ea-a557-bc745a8e4244" />
      <TestMethod codeBase="TestAssembly.dll" className="TestNamespace.TestClass8" name="Test4680" />
    </UnitTest>
    <UnitTest name="Test4681" id="2715a15e-65a2-4946-9046-f8c090c33351" storage="TestAssembly.dll">
      <Execution id="db1ee65c-fa18-4b56-9435-1a0e2af23bef" />
      <TestMethod codeBase="TestAssembly.dll" className="TestNamespace.TestClass9" name="Test4681" />
    </UnitTest>
    <UnitTest name="Test4682" id="7d932ec3-1d64-4edf-b3e2-3121eab2ff24" storage="TestAssembly.dll">
      <Execution id="cd466524-f3e0-4630-a9d5-6c2eb7435238" />
      <TestMethod codeBase="TestAssembly.dll" className="TestNamespace.TestClass9" name="Test4682" />
    </UnitTest>
    <UnitTest name="Test4683" id="85ff336f-101c-4035-841a-e17789d079f2" storage="TestAssembly.dll">
      <Execution id="adc6daf6-d2a2-43af-a6d4-ed866d35bf2f" />
      <TestMethod codeBase="TestAssembly.dll" className="TestNamespace.TestClass9" name="Test4683" />
    </UnitTest>
    <UnitTest name="Test4684" id="09e9d705-d214-4b9e-b8b5-6ca05a51e070" storage="TestAssembly.dll">
      <Execution id="ed0e234b-c5f7-419f-83d4-b59640f054e6" />
      <TestMethod codeBase="TestAssembly.dll" className="TestNamespace.TestClass9" name="Test4684" />
    </UnitTest>
    <UnitTest name="Test4685" id="53d16f08-2074-4a80-9d72-2e0ae5514718" storage="TestAssembly.dll">
      <Execution id="cc5e475c-8bc4-405a-a624-cc76bd4f780d" />
      <TestMethod codeBase="TestAssembly.dll" className="TestNamespace.TestClass9" name="Test4685" />
    </UnitTest>
    <UnitTest name="Test4686" id="c7fbdca5-f0a1-4d41-a1d9-19e5b998cdfa" storage="TestAssembly.dll">
      <Execution id="35bc4038-a2e5-46b1-ba9d-8c0382dbc6db" />
      <TestMethod codeBase="TestAssembly.dll" className="TestNamespace.TestClass9" name="Test4686" />
    </UnitTest>
    <UnitTest name="Test4687" id="cbe9f535-f190-4b0e-812b-6f3b8158ec08" storage="TestAssembly.dll">
      <Execution id="af8831ed-3379-4018-b62a-a021d9be6da5" />
      <TestMethod codeBase="TestAssembly.dll" className="TestNamespace.TestClass9" name="Test4687" />
    </UnitTest>
    <UnitTest name="Test4688" id="1fcc4467-5473-474e-b0ce-74c4dc205088" storage="TestAssembly.dll">
      <Execution id="f401aa99-e85d-4c32-a178-731dfe0d0279" />
      <TestMethod codeBase="TestAssembly.dll" className="TestNamespace.TestClass9" name="Test4688" />
    </UnitTest>
    <UnitTest name="Test4689" id="536b1e98-a944-4ae7-8e46-f309875e8c08" storage="TestAssembly.dll">
      <Execution id="2d8dbfc9-d45d-4351-ac22-f2a0a4405319" />
      <TestMethod codeBase="TestAssembly.dll" className="TestNamespace.TestClass9" name="Test4689" />
    </UnitTest>
    <UnitTest name="Test4690" id="59efda8e-8a3e-4c35-ad61-748cb6673369" storage="TestAssembly.dll">
      <Execution id="f3afcf69-632b-4417-ba87-ea6543d661ca" />
      <TestMethod codeBase="TestAssembly.dll" className="TestNamespace.TestClass9" name="Test4690" />
    </UnitTest>
    <UnitTest name="Test4691" id="72fd0139-9d21-40b9-9899-3ad0aa1cb89c" storage="TestAssembly.dll">
      <Execution id="acb3547d-870c-4d33-97ee-b7f4f6dc4841" />
      <TestMethod codeBase="TestAssembly.dll" className="TestNamespace.TestClass10" name="Test4691" />
    </UnitTest>
    <UnitTest name="Test4692" id="fb5bc303-135f-4137-a194-71735dd73844" storage="TestAssembly.dll">
      <Execution id="0c9b7c4a-3b9a-4323-ba18-183cdb20a695" />
      <TestMethod codeBase="TestAssembly.dll" className="TestNamespace.TestClass10" name="Test4692" />
    </UnitTest>
    <UnitTest name="Test4693" id="89f6c44c-cf7b-4d1d-8494-536b215ffdfa" storage="TestAssembly.dll">
      <Execution id="52e9ad67-138d-46b9-85e2-cba9f10c64ee" />
      <TestMethod codeBase="TestAssembly.dll" className="TestNamespace.TestClass10" name="Test4693" />
    </UnitTest>
    <UnitTest name="Test4694" id="e76e1dca-876e-42d0-9045-44919eeee0a6" storage="TestAssembly.dll">
      <Execution id="3778444e-aa9d-4050-b9d9-bb4ac5faa73c" />
      <TestMethod codeBase="TestAssembly.dll" className="TestNamespace.TestClass10" name="Test4694" />
    </UnitTest>
    <UnitTest name="Test4695" id="a50ffc6d-b8be-4a2f-8b34-08cbce9c6c66" storage="TestAssembly.dll">
      <Execution id="60d1b248-6df3-4011-943c-e5bbf258fbf8" />
      <TestMethod codeBase="TestAssembly.dll" className="TestNamespace.TestClass10" name="Test4695" />
    </UnitTest>
    <UnitTest name="Test4696" id="efad8e51-44d8-4c5d-8394-3c1c861c7722" storage="TestAssembly.dll">
      <Execution id="b9f367b4-bfec-4dc3-9f1f-64f74904975e" />
      <TestMethod codeBase="TestAssembly.dll" className="TestNamespace.TestClass10" name="Test4696" />
    </UnitTest>
    <UnitTest name="Test4697" id="bc1911b0-48cb-461c-827d-8073a18a9d58" storage="TestAssembly.dll">
      <Execution id="dc3f6add-1a51-49e2-a8b6-7662223e982d" />
      <TestMethod codeBase="TestAssembly.dll" className="TestNamespace.TestClass10" name="Test4697" />
    </UnitTest>
    <UnitTest name="Test4698" id="7fa44200-069d-45a4-85b5-3b7b6f82545b" storage="TestAssembly.dll">
      <Execution id="b677cbe3-d2ab-4375-b2c7-22b38070b346" />
      <TestMethod codeBase="TestAssembly.dll" className="TestNamespace.TestClass10" name="Test4698" />
    </UnitTest>
    <UnitTest name="Test4699" id="e467e864-e49a-4895-99d5-eed7150df8ad" storage="TestAssembly.dll">
      <Execution id="dbcb908d-d5cc-42c1-8608-0251a3a8169b" />
      <TestMethod codeBase="TestAssembly.dll" className="TestNamespace.TestClass10" name="Test4699" />
    </UnitTest>
    <UnitTest name="Test4700" id="4875bfbf-b909-4854-90e2-7b9d5808752a" storage="TestAssembly.dll">
      <Execution id="165c6ce8-47b4-40a6-8a30-64cee3b915cc" />
      <TestMethod codeBase="TestAssembly.dll" className="TestNamespace.TestClass10" name="Test4700" />
    </UnitTest>
  </TestDefinitions>
  <TestEntries>
    <TestEntry testId="89892a92-0550-4980-815f-74e4d2b45c39" executionId="ead4bed4-1e01-40d7-b3aa-c25c7eb58f02" testListId="769b4499-78ce-43db-ba43-f1e62a8c715e" />
    <TestEntry testId="bfa974bf-8cb8-4f66-9977-fb2cca1d88f3" executionId="fbdf8340-a90e-4dfb-a63f-c83fe4d98451" testListId="769b4499-78ce-43db-ba43-f1e62a8c715e" />
    <TestEntry testId="fda93f3b-a8d4-4293-a549-4773b8066749" executionId="e4162337-f213-4e10-8737-2ed9e7c81c43" testListId="769b4499-78ce-43db-ba43-f1e62a8c715e" />
    <TestEntry testId="4e918ce8-bb74-4e4d-b670-7712a625d5ec" executionId="5a7dd474-2648-414c-8ee0-5fbd3c7595c5" testListId="769b4499-78ce-43db-ba43-f1e62a8c715e" />
    <TestEntry testId="5f58fe58-8734-4000-bd8e-798d689a2123" executionId="e5ee1063-dce2-4377-8c3b-f4260992ec2c" testListId="769b4499-78ce-43db-ba43-f1e62a8c715e" />
    <TestEntry testId="1d02f5e7-c92d-40d3-8e27-b8941ecda9a0" executionId="96a126f9-eed6-4437-a2af-6418375dfb9a" testListId="769b4499-78ce-43db-ba43-f1e62a8c715e" />
    <TestEntry testId="e9284cb0-1b02-460f-b1ef-2599e59a9f75" executionId="539a603a-f6ea-41d7-a3e4-b19f3b4be6c8" testListId="769b4499-78ce-43db-ba43-f1e62a8c715e" />
    <TestEntry testId="d65caf0f-0464-4c03-a21a-2b8485d24d5b" executionId="74c8e3ab-0ac4-4984-be6f-8136a1fd37f8" testListId="769b4499-78ce-43db-ba43-f1e62a8c715e" />
    <TestEntry testId="264e7f70-74d2-44fc-ad50-c38397026758" executionId="cbf038df-bd66-4629-92f0-e2f023e2306c" testListId="769b4499-78ce-43db-ba43-f1e62a8c715e" />
    <TestEntry testId="c1f87417-a648-4b29-aab5-0c75e2df57ed" executionId="9e5735f5-fd76-456a-8649-52e56a4ca055" testListId="769b4499-78ce-43db-ba43-f1e62a8c715e" />
    <TestEntry testId="56a77a72-5d77-4803-802b-907cd85eea97" executionId="1b1f7b86-7979-48e5-832a-9b3b1e375e82" testListId="769b4499-78ce-43db-ba43-f1e62a8c715e" />
    <TestEntry testId="d7853399-143e-4a59-ae1d-c5c65676ce7a" executionId="e36b801e-3551-4c81-800b-c30f532d2610" testListId="769b4499-78ce-43db-ba43-f1e62a8c715e" />
    <TestEntry testId="334d0aae-a94e-4154-bdc1-7ae35b547878" executionId="64d916d7-c6b7-484d-a058-2c567a0a6aee" testListId="769b4499-78ce-43db-ba43-f1e62a8c715e" />
    <TestEntry testId="9a1c3d5a-ccd6-413e-972e-8922a562590f" executionId="47f560e5-55f6-4749-8dc3-ada275987337" testListId="769b4499-78ce-43db-ba43-f1e62a8c715e" />
    <TestEntry testId="414b47d7-0a1d-4761-af5a-d8ca88e98190" executionId="a76c4efe-9abc-45a9-a3c9-c68e453589a0" testListId="769b4499-78ce-43db-ba43-f1e62a8c715e" />
    <TestEntry testId="5925f6f3-141e-4302-b6f7-ba282364fc00" executionId="0aef626d-0658-405e-9f31-286638f46669" testListId="769b4499-78ce-43db-ba43-f1e62a8c715e" />
    <TestEntry testId="0103e1b7-ff06-46cf-989d-da903389bb44" executionId="1ef1111c-2a11-426e-b93d-ffa0f005c3b3" testListId="769b4499-78ce-43db-ba43-f1e62a8c715e" />
    <TestEntry testId="5b60d26f-b03c-4099-9aba-6b2dbe834a09" executionId="75a631a3-2f5e-43a8-bb74-ec61bede1dc3" testListId="769b4499-78ce-43db-ba43-f1e62a8c715e" />
    <TestEntry testId="a872fd63-59ad-493b-81ef-dce1795ed576" executionId="0b120474-bd29-4a4c-b8a0-a1c20918dd1c" testListId="769b4499-78ce-43db-ba43-f1e62a8c715e" />
    <TestEntry testId="24e0ce6e-f240-49d3-be32-bb778718c2b9" executionId="756a73ba-2487-4896-8e6b-5415e663da6c" testListId="769b4499-78ce-43db-ba43-f1e62a8c715e" />
    <TestEntry testId="cb59b593-d951-43b9-8f97-60e8e0c748c2" executionId="96e24415-9ba6-4b0f-bbaa-9ac2094dcc0e" testListId="769b4499-78ce-43db-ba43-f1e62a8c715e" />
    <TestEntry testId="63bfac00-0f5c-4b5e-a0e3-23c8d0c61f2b" executionId="f4b7fe7d-bdcb-49ac-b416-381ed0405d38" testListId="769b4499-78ce-43db-ba43-f1e62a8c715e" />
    <TestEntry testId="759d51a2-8bbc-4a31-b612-a0af40a55989" executionId="762fef58-27b8-4de1-babb-0eb7bf39b29d" testListId="769b4499-78ce-43db-ba43-f1e62a8c715e" />
    <TestEntry testId="f4b912d9-43fb-4f17-9f0b-675558e8fbea" executionId="c0fb6612-6c52-424e-a14f-c50d1fbb959a" testListId="769b4499-78ce-43db-ba43-f1e62a8c715e" />
    <TestEntry testId="44f10c12-fab1-43b4-99d3-ab96ee3ddde6" executionId="b611337c-df8b-4d58-8da2-bcc4e048f527" testListId="769b4499-78ce-43db-ba43-f1e62a8c715e" />
    <TestEntry testId="ba6f2ac2-93dc-4013-8e8e-42a88d9c4042" executionId="c4f38211-7b52-450b-90da-436c05d2dec6" testListId="769b4499-78ce-43db-ba43-f1e62a8c715e" />
    <TestEntry testId="48388231-2e3c-46d2-87ba-6d0fba606cbc" executionId="00470a91-dc8e-4a30-b680-a8d1c5d7b342" testListId="769b4499-78ce-43db-ba43-f1e62a8c715e" />
    <TestEntry testId="6b67d965-ac7c-4b1d-9915-f1e6b2e4a46a" executionId="07cf44fd-4555-4b41-9195-0f07588211f5" testListId="769b4499-78ce-43db-ba43-f1e62a8c715e" />
    <TestEntry testId="86f89fa8-7d01-4b92-9261-020a7542a1b0" executionId="c874e40d-3af1-4ea2-b36e-6efd02f75f7e" testListId="769b4499-78ce-43db-ba43-f1e62a8c715e" />
    <TestEntry testId="d81f7614-1aaf-4868-a4ac-cec149bc8d28" executionId="fc96aa19-2935-43d4-a698-0294c221eeb5" testListId="769b4499-78ce-43db-ba43-f1e62a8c715e" />
    <TestEntry testId="ee38d527-30d5-4baf-b0e9-393175416304" executionId="9b90768b-1001-48f1-8ffb-75dc0fc6729b" testListId="769b4499-78ce-43db-ba43-f1e62a8c715e" />
    <TestEntry testId="77e084ea-2300-4aae-8069-c8a179ff0500" executionId="997ce78b-893a-4742-956c-2ee36bf3e2cd" testListId="769b4499-78ce-43db-ba43-f1e62a8c715e" />
    <TestEntry testId="ab392376-b9d1-42ee-94d8-c2e41be84cb8" executionId="ba12045e-a907-4966-aa4c-c8c75ee8531c" testListId="769b4499-78ce-43db-ba43-f1e62a8c715e" />
    <TestEntry testId="69326a99-73f3-4a12-a068-3de9781f2b8d" executionId="e7c090b5-f949-4310-aea5-743fc2d3b5a1" testListId="769b4499-78ce-43db-ba43-f1e62a8c715e" />
    <TestEntry testId="be84c35c-e831-47db-a6f4-fca9ed458446" executionId="651afb5f-8c88-42f9-87dc-a69271213520" testListId="769b4499-78ce-43db-ba43-f1e62a8c715e" />
    <TestEntry testId="86e5c877-8bab-4844-8d78-779b61945f52" executionId="de5f4796-b7b9-4631-a326-4945d9d0be66" testListId="769b4499-78ce-43db-ba43-f1e62a8c715e" />
    <TestEntry testId="dad2a2b6-6d35-4a3a-bdf6-77a034ab1143" executionId="be2e4e01-cd7f-4dd2-bd72-dd7774d42076" testListId="769b4499-78ce-43db-ba43-f1e62a8c715e" />
    <TestEntry testId="09a93b45-1ca6-4180-964d-5db310c6d6e5" executionId="3981f453-ee70-4fba-b9a1-c2946c90f969" testListId="769b4499-78ce-43db-ba43-f1e62a8c715e" />
    <TestEntry testId="8e989fb0-a78e-4e74-8fb5-0a1b2645cd72" executionId="78da8ca4-3b51-43ec-ae38-622bafb4f530" testListId="769b4499-78ce-43db-ba43-f1e62a8c715e" />
    <TestEntry testId="98c47fd2-cd01-4ff8-83ba-4631a8738281" executionId="bd2933bc-03f6-49b7-be6d-9aeb8a8da6b0" testListId="769b4499-78ce-43db-ba43-f1e62a8c715e" />
    <TestEntry testId="2f42324b-6f4e-4470-ada8-a99b071491aa" executionId="ca2275c2-5fb5-4aff-88c8-86132dcb9e78" testListId="769b4499-78ce-43db-ba43-f1e62a8c715e" />
    <TestEntry testId="8240d3f8-0cd7-4886-be90-4780f215511f" executionId="42e9b327-4921-4048-b431-3aae5ce7272a" testListId="769b4499-78ce-43db-ba43-f1e62a8c715e" />
    <TestEntry testId="93f4d560-e4b9-40a2-89cf-3e4d2903353f" executionId="c930e387-ab0f-4661-aee9-f31bbf1f7fc8" testListId="769b4499-78ce-43db-ba43-f1e62a8c715e" />
    <TestEntry testId="b6828d8a-4f91-48f7-93bf-3d807db645fd" executionId="589edfd0-c302-4cec-ab2e-50042f84b7ea" testListId="769b4499-78ce-43db-ba43-f1e62a8c715e" />
    <TestEntry testId="04c5910f-92d2-4dc8-8a42-46f965cdd2a9" executionId="0aea4f3a-bb45-4125-9e45-f68d87b816ae" testListId="769b4499-78ce-43db-ba43-f1e62a8c715e" />
    <TestEntry testId="de673ffd-e608-4535-a4a5-47e6a8e5428b" executionId="b3b7a09b-e29d-434d-9971-9d40c448f39b" testListId="769b4499-78ce-43db-ba43-f1e62a8c715e" />
    <TestEntry testId="ad559a62-6e9a-477a-809a-45e7ea82e009" executionId="a6be508f-cc1f-492e-9171-61af8d2d42d8" testListId="769b4499-78ce-43db-ba43-f1e62a8c715e" />
    <TestEntry testId="0a659f30-5e47-4801-8fec-26e73f958031" executionId="c20fb2f1-10e9-48ee-a687-26860653ec04" testListId="769b4499-78ce-43db-ba43-f1e62a8c715e" />
    <TestEntry testId="ddc11a13-1b40-43a3-86f4-5e367b0d526a" executionId="56c96c0a-39d0-4675-add4-406dc3b502b0" testListId="769b4499-78ce-43db-ba43-f1e62a8c715e" />
    <TestEntry testId="303ea32e-dd79-460a-94a2-aea76b1ef0d9" executionId="afa2efde-8fe7-410a-ba09-125a7c8d8ca6" testListId="769b4499-78ce-43db-ba43-f1e62a8c715e" />
    <TestEntry testId="7c6f839c-ce21-469a-9dae-a1072455005c" executionId="c009c823-ffa0-4c48-918e-50ca65a5e3f8" testListId="769b4499-78ce-43db-ba43-f1e62a8c715e" />
    <TestEntry testId="798ac705-c1aa-456a-8af2-11934acdc607" executionId="c40d171c-6ecf-4ae9-bcbf-89be1e5bbdfa" testListId="769b4499-78ce-43db-ba43-f1e62a8c715e" />
    <TestEntry testId="35b8551f-f348-4df6-bf11-2cc0e96e1088" executionId="d7825dce-dab1-41da-a05f-7890183d4143" testListId="769b4499-78ce-43db-ba43-f1e62a8c715e" />
    <TestEntry testId="7994e7f4-8b94-487b-8ce3-c87d7467dff2" executionId="2f80b8ad-2fc8-4b4d-84e1-40bedb9df9eb" testListId="769b4499-78ce-43db-ba43-f1e62a8c715e" />
    <TestEntry testId="6b5a2814-1eff-4138-82c5-4f548a9d45b1" executionId="91163512-8166-4ce1-a894-ebb3a87b6ae3" testListId="769b4499-78ce-43db-ba43-f1e62a8c715e" />
    <TestEntry testId="b08fd560-0955-4e17-84fe-07185e5a77bb" executionId="07f2132e-5a8b-4d17-b650-bf3f0767aff1" testListId="769b4499-78ce-43db-ba43-f1e62a8c715e" />
    <TestEntry testId="baf9ea41-ed55-4834-814e-f55c69f17d67" executionId="587f774d-f872-42d9-bdb8-f3cd6dd7ef1d" testListId="769b4499-78ce-43db-ba43-f1e62a8c715e" />
    <TestEntry testId="84279b46-2783-4eab-b95d-092bcb319a21" executionId="4ce9ef0f-d1c9-4f66-8137-2fa43519527a" testListId="769b4499-78ce-43db-ba43-f1e62a8c715e" />
    <TestEntry testId="4b0b600b-99e0-4db3-ad5e-6ef2770bd00a" executionId="7d84d9af-f84f-4121-9bcc-d80adc4f1202" testListId="769b4499-78ce-43db-ba43-f1e62a8c715e" />
    <TestEntry testId="cf55a937-a978-43ca-aced-bc88800b782a" executionId="95f6ab90-0ade-4477-96a5-06c3bab2f2de" testListId="769b4499-78ce-43db-ba43-f1e62a8c715e" />
    <TestEntry testId="77115544-bed6-45fc-abf0-f59450ac1fb9" executionId="592ac81e-c9d1-4244-9ab1-bb2a84e5c3f2" testListId="769b4499-78ce-43db-ba43-f1e62a8c715e" />
    <TestEntry testId="9d28956e-86d9-47db-8bdd-73aaea346a47" executionId="2b236c3b-66c0-44e1-a2d2-09d1166fb938" testListId="769b4499-78ce-43db-ba43-f1e62a8c715e" />
    <TestEntry testId="c4bd52b5-55a3-4546-8239-3b7fd6232b1b" executionId="3e63d6b8-cf80-450d-ba88-5bdadefa5700" testListId="769b4499-78ce-43db-ba43-f1e62a8c715e" />
    <TestEntry testId="bed8cc94-f6dd-4be5-b7e2-0ff63f27c947" executionId="33b77ddc-e01e-4c69-8194-24037c0dac74" testListId="769b4499-78ce-43db-ba43-f1e62a8c715e" />
    <TestEntry testId="1f2d0b8e-face-411c-b4bb-869a5bfb7158" executionId="1a73cf1a-5742-4225-9d4a-e471310ac922" testListId="769b4499-78ce-43db-ba43-f1e62a8c715e" />
    <TestEntry testId="eca43a18-2202-4630-825b-ea11c291508c" executionId="2851fcec-b8b3-48d7-ba30-f3056308dbac" testListId="769b4499-78ce-43db-ba43-f1e62a8c715e" />
    <TestEntry testId="3438bc33-1e99-4386-92dd-5e34e0cef0e7" executionId="e470a0fb-5221-4f2c-a7dd-fe29c3d71470" testListId="769b4499-78ce-43db-ba43-f1e62a8c715e" />
    <TestEntry testId="6642f01e-b147-4d09-bab1-037370246132" executionId="425cb7ba-3703-42c8-b105-2fd72f13a154" testListId="769b4499-78ce-43db-ba43-f1e62a8c715e" />
    <TestEntry testId="a35baafe-a99d-460c-9560-0545cdae5cb8" executionId="6dbafde1-93bb-4304-8d28-88fbfd387aa7" testListId="769b4499-78ce-43db-ba43-f1e62a8c715e" />
    <TestEntry testId="e6025619-3aeb-471e-9da0-ab01c64b0d45" executionId="75d7c7e0-883b-42b9-828b-fe983355425a" testListId="769b4499-78ce-43db-ba43-f1e62a8c715e" />
    <TestEntry testId="2e8568d9-ebc3-496e-a6db-d10f425be977" executionId="e261f2c2-4dec-4c6c-9cc3-4765ebaebeb4" testListId="769b4499-78ce-43db-ba43-f1e62a8c715e" />
    <TestEntry testId="828b1caa-9394-4fad-9b49-b0f0f9618849" executionId="f33babd8-ba1f-487c-b3c4-b3550f9613bc" testListId="769b4499-78ce-43db-ba43-f1e62a8c715e" />
    <TestEntry testId="601c612e-5b57-4c38-afc3-9729a1415171" executionId="6346c432-0346-43cb-b1c6-839844b1b590" testListId="769b4499-78ce-43db-ba43-f1e62a8c715e" />
    <TestEntry testId="6736b693-f4ec-4e06-b005-7d0b76a84b24" executionId="62bfc907-ac26-48c0-b2e6-12b38b2fffaa" testListId="769b4499-78ce-43db-ba43-f1e62a8c715e" />
    <TestEntry testId="f0915b38-72bb-4e12-a98e-ce99e7cc78e0" executionId="de3bc878-0526-48cf-86f6-5b8a94484203" testListId="769b4499-78ce-43db-ba43-f1e62a8c715e" />
    <TestEntry testId="1ced6fd9-70f3-42b8-8131-bec585c4ef02" executionId="725cb18e-cb7c-4353-b0e8-510ba951ecde" testListId="769b4499-78ce-43db-ba43-f1e62a8c715e" />
    <TestEntry testId="87b48847-894e-4eb6-abde-50eb5c2dd9ee" executionId="263586a1-f496-4893-b6ea-16a0f31671a8" testListId="769b4499-78ce-43db-ba43-f1e62a8c715e" />
    <TestEntry testId="cf092e9f-1987-4cb9-82bd-83068a70bc56" executionId="1390508b-f488-4b78-9b40-fe706c2893d1" testListId="769b4499-78ce-43db-ba43-f1e62a8c715e" />
    <TestEntry testId="f9eb0c23-b9c5-4b12-ac3a-f782b32ec3a9" executionId="7082f8be-5002-4ce2-b420-6c52797013a7" testListId="769b4499-78ce-43db-ba43-f1e62a8c715e" />
    <TestEntry testId="3042efe3-efb8-4f64-aadf-3138527def34" executionId="41fea2ed-59d2-40ea-a557-bc745a8e4244" testListId="769b4499-78ce-43db-ba43-f1e62a8c715e" />
    <TestEntry testId="2715a15e-65a2-4946-9046-f8c090c33351" executionId="db1ee65c-fa18-4b56-9435-1a0e2af23bef" testListId="769b4499-78ce-43db-ba43-f1e62a8c715e" />
    <TestEntry testId="7d932ec3-1d64-4edf-b3e2-3121eab2ff24" executionId="cd466524-f3e0-4630-a9d5-6c2eb7435238" testListId="769b4499-78ce-43db-ba43-f1e62a8c715e" />
    <TestEntry testId="85ff336f-101c-4035-841a-e17789d079f2" executionId="adc6daf6-d2a2-43af-a6d4-ed866d35bf2f" testListId="769b4499-78ce-43db-ba43-f1e62a8c715e" />
    <TestEntry testId="09e9d705-d214-4b9e-b8b5-6ca05a51e070" executionId="ed0e234b-c5f7-419f-83d4-b59640f054e6" testListId="769b4499-78ce-43db-ba43-f1e62a8c715e" />
    <TestEntry testId="53d16f08-2074-4a80-9d72-2e0ae5514718" executionId="cc5e475c-8bc4-405a-a624-cc76bd4f780d" testListId="769b4499-78ce-43db-ba43-f1e62a8c715e" />
    <TestEntry testId="c7fbdca5-f0a1-4d41-a1d9-19e5b998cdfa" executionId="35bc4038-a2e5-46b1-ba9d-8c0382dbc6db" testListId="769b4499-78ce-43db-ba43-f1e62a8c715e" />
    <TestEntry testId="cbe9f535-f190-4b0e-812b-6f3b8158ec08" executionId="af8831ed-3379-4018-b62a-a021d9be6da5" testListId="769b4499-78ce-43db-ba43-f1e62a8c715e" />
    <TestEntry testId="1fcc4467-5473-474e-b0ce-74c4dc205088" executionId="f401aa99-e85d-4c32-a178-731dfe0d0279" testListId="769b4499-78ce-43db-ba43-f1e62a8c715e" />
    <TestEntry testId="536b1e98-a944-4ae7-8e46-f309875e8c08" executionId="2d8dbfc9-d45d-4351-ac22-f2a0a4405319" testListId="769b4499-78ce-43db-ba43-f1e62a8c715e" />
    <TestEntry testId="59efda8e-8a3e-4c35-ad61-748cb6673369" executionId="f3afcf69-632b-4417-ba87-ea6543d661ca" testListId="769b4499-78ce-43db-ba43-f1e62a8c715e" />
    <TestEntry testId="72fd0139-9d21-40b9-9899-3ad0aa1cb89c" executionId="acb3547d-870c-4d33-97ee-b7f4f6dc4841" testListId="769b4499-78ce-43db-ba43-f1e62a8c715e" />
    <TestEntry testId="fb5bc303-135f-4137-a194-71735dd73844" executionId="0c9b7c4a-3b9a-4323-ba18-183cdb20a695" testListId="769b4499-78ce-43db-ba43-f1e62a8c715e" />
    <TestEntry testId="89f6c44c-cf7b-4d1d-8494-536b215ffdfa" executionId="52e9ad67-138d-46b9-85e2-cba9f10c64ee" testListId="769b4499-78ce-43db-ba43-f1e62a8c715e" />
    <TestEntry testId="e76e1dca-876e-42d0-9045-44919eeee0a6" executionId="3778444e-aa9d-4050-b9d9-bb4ac5faa73c" testListId="769b4499-78ce-43db-ba43-f1e62a8c715e" />
    <TestEntry testId="a50ffc6d-b8be-4a2f-8b34-08cbce9c6c66" executionId="60d1b248-6df3-4011-943c-e5bbf258fbf8" testListId="769b4499-78ce-43db-ba43-f1e62a8c715e" />
    <TestEntry testId="efad8e51-44d8-4c5d-8394-3c1c861c7722" executionId="b9f367b4-bfec-4dc3-9f1f-64f74904975e" testListId="769b4499-78ce-43db-ba43-f1e62a8c715e" />
    <TestEntry testId="bc1911b0-48cb-461c-827d-8073a18a9d58" executionId="dc3f6add-1a51-49e2-a8b6-7662223e982d" testListId="769b4499-78ce-43db-ba43-f1e62a8c715e" />
    <TestEntry testId="7fa44200-069d-45a4-85b5-3b7b6f82545b" executionId="b677cbe3-d2ab-4375-b2c7-22b38070b346" testListId="769b4499-78ce-43db-ba43-f1e62a8c715e" />
    <TestEntry testId="e467e864-e49a-4895-99d5-eed7150df8ad" executionId="dbcb908d-d5cc-42c1-8608-0251a3a8169b" testListId="769b4499-78ce-43db-ba43-f1e62a8c715e" />
    <TestEntry testId="4875bfbf-b909-4854-90e2-7b9d5808752a" executionId="165c6ce8-47b4-40a6-8a30-64cee3b915cc" testListId="769b4499-78ce-43db-ba43-f1e62a8c715e" />
  </TestEntries>
  <TestLists>
    <TestList name="Results Not in a List" id="769b4499-78ce-43db-ba43-f1e62a8c715e" />
    <TestList name="All Loaded Results" id="810f0212-0ad8-489c-a70b-257bfb4336c5" />
  </TestLists>
</TestRun>