<?xml version="1.0" encoding="UTF-8"?>
<TestRun id="fce2249c-c1d2-4109-af90-22122ff3879f" name="Test Run 36" runUser="Oles Galatsan" xmlns="http://microsoft.com/schemas/VisualStudio/TeamTest/2010">
  <Times creation="2025-05-14T13:20:31.3125482Z" queuing="2025-05-14T13:20:31.3125482Z" start="2025-05-14T13:20:31.3146610Z" finish="2025-05-14T13:25:31.3147553Z" />
  <TestSettings name="Test Settings 36" id="e5db0b39-1cf3-4709-9b61-61ae6a938a8b" />
  <Results>
    <UnitTestResult executionId="f5836607-de00-41e8-9f21-70bb0aeb9b0b" testId="f52c31fb-ef6e-495e-85d4-72fa642e8b5b" testName="Test3501" computerName="UA-LPT-OGA2" duration="00:00:01.9460000" startTime="2025-05-14T13:20:31.3146610Z" endTime="2025-05-14T13:25:31.3147553Z" testType="13cdc9d9-ddb5-4fa4-a97d-d965ccfc6d4b" outcome="Passed" testListId="d5b5e7e1-9818-4f13-973e-863f1a8db15e" />
    <UnitTestResult executionId="ffc129c8-ede9-4abe-a0e5-3cb3f5d1b1ed" testId="383aa8c0-37b9-4b28-b6dd-5b43771744fb" testName="Test3502" computerName="UA-LPT-OGA2" duration="00:00:00.1000000" startTime="2025-05-14T13:20:31.3146610Z" endTime="2025-05-14T13:25:31.3147553Z" testType="13cdc9d9-ddb5-4fa4-a97d-d965ccfc6d4b" outcome="Passed" testListId="d5b5e7e1-9818-4f13-973e-863f1a8db15e" />
    <UnitTestResult executionId="0acffd87-f535-4a72-a7e5-94210e4cebb9" testId="43e82245-ce95-4db2-8e2b-0fce1f1ed2d3" testName="Test3503" computerName="UA-LPT-OGA2" duration="00:00:01.4470000" startTime="2025-05-14T13:20:31.3146610Z" endTime="2025-05-14T13:25:31.3147553Z" testType="13cdc9d9-ddb5-4fa4-a97d-d965ccfc6d4b" outcome="Passed" testListId="d5b5e7e1-9818-4f13-973e-863f1a8db15e" />
    <UnitTestResult executionId="44599d7f-5736-4df0-b503-c8a8e361a2b1" testId="1188967a-7b68-4879-8ee1-5f58f31809dd" testName="Test3504" computerName="UA-LPT-OGA2" duration="00:00:01.2140000" startTime="2025-05-14T13:20:31.3146610Z" endTime="2025-05-14T13:25:31.3147553Z" testType="13cdc9d9-ddb5-4fa4-a97d-d965ccfc6d4b" outcome="Failed" testListId="d5b5e7e1-9818-4f13-973e-863f1a8db15e">
      <Output>
        <ErrorInfo>
          <Message>Assertion failed: Expected value did not match actual value.</Message>
          <StackTrace>   at TestNamespace.TestClass.Test() in TestClass.cs:line 139</StackTrace>
        </ErrorInfo>
      </Output>
    </UnitTestResult>
    <UnitTestResult executionId="83cf418d-ed55-40e1-829c-1f820fac2005" testId="b23495bb-2634-4c3b-9a92-ee976fc00b57" testName="Test3505" computerName="UA-LPT-OGA2" duration="00:00:00.3800000" startTime="2025-05-14T13:20:31.3146610Z" endTime="2025-05-14T13:25:31.3147553Z" testType="13cdc9d9-ddb5-4fa4-a97d-d965ccfc6d4b" outcome="Failed" testListId="d5b5e7e1-9818-4f13-973e-863f1a8db15e">
      <Output>
        <ErrorInfo>
          <Message>Assertion failed: Expected value did not match actual value.</Message>
          <StackTrace>   at TestNamespace.TestClass.Test() in TestClass.cs:line 270</StackTrace>
        </ErrorInfo>
      </Output>
    </UnitTestResult>
    <UnitTestResult executionId="1156e09c-3a10-4cc7-b35f-986cba2aec58" testId="c3573782-e610-4ff8-8c09-d4f867891c48" testName="Test3506" computerName="UA-LPT-OGA2" duration="00:00:01.7900000" startTime="2025-05-14T13:20:31.3146610Z" endTime="2025-05-14T13:25:31.3147553Z" testType="13cdc9d9-ddb5-4fa4-a97d-d965ccfc6d4b" outcome="Failed" testListId="d5b5e7e1-9818-4f13-973e-863f1a8db15e">
      <Output>
        <ErrorInfo>
          <Message>Assertion failed: Expected value did not match actual value.</Message>
          <StackTrace>   at TestNamespace.TestClass.Test() in TestClass.cs:line 297</StackTrace>
        </ErrorInfo>
      </Output>
    </UnitTestResult>
    <UnitTestResult executionId="cb966657-918f-465f-8c86-3dd41b8100cc" testId="92993166-5d78-4d50-ad72-dd128e560e57" testName="Test3507" computerName="UA-LPT-OGA2" duration="00:00:00.9840000" startTime="2025-05-14T13:20:31.3146610Z" endTime="2025-05-14T13:25:31.3147553Z" testType="13cdc9d9-ddb5-4fa4-a97d-d965ccfc6d4b" outcome="Passed" testListId="d5b5e7e1-9818-4f13-973e-863f1a8db15e" />
    <UnitTestResult executionId="9c2f0665-8dbb-4766-8789-235385fe912e" testId="9c3191bc-2a63-4fcc-b3f2-ae707a91e970" testName="Test3508" computerName="UA-LPT-OGA2" duration="00:00:01.3230000" startTime="2025-05-14T13:20:31.3146610Z" endTime="2025-05-14T13:25:31.3147553Z" testType="13cdc9d9-ddb5-4fa4-a97d-d965ccfc6d4b" outcome="Passed" testListId="d5b5e7e1-9818-4f13-973e-863f1a8db15e" />
    <UnitTestResult executionId="a76d1604-c72c-4300-a34b-25ac745cd39b" testId="2896cb3a-fefb-44b3-ac5e-fe9368b8afe5" testName="Test3509" computerName="UA-LPT-OGA2" duration="00:00:01.0540000" startTime="2025-05-14T13:20:31.3146610Z" endTime="2025-05-14T13:25:31.3147553Z" testType="13cdc9d9-ddb5-4fa4-a97d-d965ccfc6d4b" outcome="Passed" testListId="d5b5e7e1-9818-4f13-973e-863f1a8db15e" />
    <UnitTestResult executionId="ee32797b-9016-4f72-a3d5-a6cf4e64722c" testId="44f939ea-429b-4a2c-ac2c-0caca101617d" testName="Test3510" computerName="UA-LPT-OGA2" duration="00:00:00.3770000" startTime="2025-05-14T13:20:31.3146610Z" endTime="2025-05-14T13:25:31.3147553Z" testType="13cdc9d9-ddb5-4fa4-a97d-d965ccfc6d4b" outcome="Passed" testListId="d5b5e7e1-9818-4f13-973e-863f1a8db15e" />
    <UnitTestResult executionId="ba267819-0607-4a01-b9f6-c339924d85de" testId="9ae16c21-9dc2-49ec-94cf-b67d9ee7e242" testName="Test3511" computerName="UA-LPT-OGA2" duration="00:00:00.5060000" startTime="2025-05-14T13:20:31.3146610Z" endTime="2025-05-14T13:25:31.3147553Z" testType="13cdc9d9-ddb5-4fa4-a97d-d965ccfc6d4b" outcome="Passed" testListId="d5b5e7e1-9818-4f13-973e-863f1a8db15e" />
    <UnitTestResult executionId="7ca64c76-4a6d-4a07-9216-1d4d5f4ef224" testId="d519e6db-7b92-47c9-8d98-5ec7017d6b39" testName="Test3512" computerName="UA-LPT-OGA2" duration="00:00:00.9120000" startTime="2025-05-14T13:20:31.3146610Z" endTime="2025-05-14T13:25:31.3147553Z" testType="13cdc9d9-ddb5-4fa4-a97d-d965ccfc6d4b" outcome="Passed" testListId="d5b5e7e1-9818-4f13-973e-863f1a8db15e" />
    <UnitTestResult executionId="81d3fdf9-73e5-48e0-afcd-d09d06bfa990" testId="4bb56878-1a3d-48f1-aa8e-019fff928698" testName="Test3513" computerName="UA-LPT-OGA2" duration="00:00:01.6660000" startTime="2025-05-14T13:20:31.3146610Z" endTime="2025-05-14T13:25:31.3147553Z" testType="13cdc9d9-ddb5-4fa4-a97d-d965ccfc6d4b" outcome="Passed" testListId="d5b5e7e1-9818-4f13-973e-863f1a8db15e" />
    <UnitTestResult executionId="22f07583-4a48-4d39-89b4-116a5ebbda30" testId="fb8bdb88-5eb5-4b14-9e5e-585b06dbbef9" testName="Test3514" computerName="UA-LPT-OGA2" duration="00:00:01.3880000" startTime="2025-05-14T13:20:31.3146610Z" endTime="2025-05-14T13:25:31.3147553Z" testType="13cdc9d9-ddb5-4fa4-a97d-d965ccfc6d4b" outcome="Passed" testListId="d5b5e7e1-9818-4f13-973e-863f1a8db15e" />
    <UnitTestResult executionId="42069dd5-674b-472e-8f9c-fb3e2a919302" testId="d4fcdb53-b640-4ae7-b38d-eb9cecb40384" testName="Test3515" computerName="UA-LPT-OGA2" duration="00:00:00.3840000" startTime="2025-05-14T13:20:31.3146610Z" endTime="2025-05-14T13:25:31.3147553Z" testType="13cdc9d9-ddb5-4fa4-a97d-d965ccfc6d4b" outcome="Passed" testListId="d5b5e7e1-9818-4f13-973e-863f1a8db15e" />
    <UnitTestResult executionId="7a344f34-c593-4fba-b687-87d1bd813835" testId="d35c203f-e4b4-471b-8505-a248ee19b942" testName="Test3516" computerName="UA-LPT-OGA2" duration="00:00:01.3360000" startTime="2025-05-14T13:20:31.3146610Z" endTime="2025-05-14T13:25:31.3147553Z" testType="13cdc9d9-ddb5-4fa4-a97d-d965ccfc6d4b" outcome="Passed" testListId="d5b5e7e1-9818-4f13-973e-863f1a8db15e" />
    <UnitTestResult executionId="a3434588-19fb-4217-9a2b-9b5d2352dadf" testId="ba218787-e8a0-4354-bb8d-131a96248d16" testName="Test3517" computerName="UA-LPT-OGA2" duration="00:00:01.3150000" startTime="2025-05-14T13:20:31.3146610Z" endTime="2025-05-14T13:25:31.3147553Z" testType="13cdc9d9-ddb5-4fa4-a97d-d965ccfc6d4b" outcome="Failed" testListId="d5b5e7e1-9818-4f13-973e-863f1a8db15e">
      <Output>
        <ErrorInfo>
          <Message>Assertion failed: Expected value did not match actual value.</Message>
          <StackTrace>   at TestNamespace.TestClass.Test() in TestClass.cs:line 332</StackTrace>
        </ErrorInfo>
      </Output>
    </UnitTestResult>
    <UnitTestResult executionId="62ca87bb-512b-4479-8999-4326baabb916" testId="2eb38ed4-6ef2-45d8-ae5a-1004fefd871c" testName="Test3518" computerName="UA-LPT-OGA2" duration="00:00:00.4040000" startTime="2025-05-14T13:20:31.3146610Z" endTime="2025-05-14T13:25:31.3147553Z" testType="13cdc9d9-ddb5-4fa4-a97d-d965ccfc6d4b" outcome="Passed" testListId="d5b5e7e1-9818-4f13-973e-863f1a8db15e" />
    <UnitTestResult executionId="536f72b9-5edd-4f86-8be5-9b37bc1efe0d" testId="30ef1cfa-023d-4c2e-a06c-e53d9c1b274a" testName="Test3519" computerName="UA-LPT-OGA2" duration="00:00:00.6300000" startTime="2025-05-14T13:20:31.3146610Z" endTime="2025-05-14T13:25:31.3147553Z" testType="13cdc9d9-ddb5-4fa4-a97d-d965ccfc6d4b" outcome="Passed" testListId="d5b5e7e1-9818-4f13-973e-863f1a8db15e" />
    <UnitTestResult executionId="90f8743e-994e-418a-b08d-4e3e3828a87b" testId="69bc4ab9-4e77-4dbf-98be-3ed16e8ce231" testName="Test3520" computerName="UA-LPT-OGA2" duration="00:00:00.9450000" startTime="2025-05-14T13:20:31.3146610Z" endTime="2025-05-14T13:25:31.3147553Z" testType="13cdc9d9-ddb5-4fa4-a97d-d965ccfc6d4b" outcome="Passed" testListId="d5b5e7e1-9818-4f13-973e-863f1a8db15e" />
    <UnitTestResult executionId="731422fd-b71f-4234-bf20-0e9c5d59990a" testId="3833f9d8-bfe7-414c-94e5-75fe8d2af9a1" testName="Test3521" computerName="UA-LPT-OGA2" duration="00:00:01.1270000" startTime="2025-05-14T13:20:31.3146610Z" endTime="2025-05-14T13:25:31.3147553Z" testType="13cdc9d9-ddb5-4fa4-a97d-d965ccfc6d4b" outcome="Passed" testListId="d5b5e7e1-9818-4f13-973e-863f1a8db15e" />
    <UnitTestResult executionId="c8f54332-c098-4483-98f5-f776e34978b9" testId="c40c0a39-54d0-48b3-a29b-921760d23cdc" testName="Test3522" computerName="UA-LPT-OGA2" duration="00:00:00.3980000" startTime="2025-05-14T13:20:31.3146610Z" endTime="2025-05-14T13:25:31.3147553Z" testType="13cdc9d9-ddb5-4fa4-a97d-d965ccfc6d4b" outcome="Passed" testListId="d5b5e7e1-9818-4f13-973e-863f1a8db15e" />
    <UnitTestResult executionId="2941601d-65b7-497e-a442-5e6c86ccafba" testId="77e9b5e6-8c56-447f-9482-48a9a764e883" testName="Test3523" computerName="UA-LPT-OGA2" duration="00:00:01.5400000" startTime="2025-05-14T13:20:31.3146610Z" endTime="2025-05-14T13:25:31.3147553Z" testType="13cdc9d9-ddb5-4fa4-a97d-d965ccfc6d4b" outcome="Passed" testListId="d5b5e7e1-9818-4f13-973e-863f1a8db15e" />
    <UnitTestResult executionId="67b406a5-2f52-4053-a2a0-591102059125" testId="42d5adce-d014-42f7-bc5f-9c89a0591697" testName="Test3524" computerName="UA-LPT-OGA2" duration="00:00:01.3090000" startTime="2025-05-14T13:20:31.3146610Z" endTime="2025-05-14T13:25:31.3147553Z" testType="13cdc9d9-ddb5-4fa4-a97d-d965ccfc6d4b" outcome="Passed" testListId="d5b5e7e1-9818-4f13-973e-863f1a8db15e" />
    <UnitTestResult executionId="e086a6fd-c03f-437b-9293-2e280a463272" testId="4f285037-36ed-44ba-9acf-7e1061e85fa0" testName="Test3525" computerName="UA-LPT-OGA2" duration="00:00:00.1580000" startTime="2025-05-14T13:20:31.3146610Z" endTime="2025-05-14T13:25:31.3147553Z" testType="13cdc9d9-ddb5-4fa4-a97d-d965ccfc6d4b" outcome="Passed" testListId="d5b5e7e1-9818-4f13-973e-863f1a8db15e" />
    <UnitTestResult executionId="0fb8b585-b5b5-4835-958b-515f434744d0" testId="26faf0b0-9835-4ab6-94b1-d6e59c3881fa" testName="Test3526" computerName="UA-LPT-OGA2" duration="00:00:00.5520000" startTime="2025-05-14T13:20:31.3146610Z" endTime="2025-05-14T13:25:31.3147553Z" testType="13cdc9d9-ddb5-4fa4-a97d-d965ccfc6d4b" outcome="Passed" testListId="d5b5e7e1-9818-4f13-973e-863f1a8db15e" />
    <UnitTestResult executionId="491a62c4-4c82-442a-a705-9a301e32bbc2" testId="25cfeaee-d463-445a-9876-241aa2247046" testName="Test3527" computerName="UA-LPT-OGA2" duration="00:00:01.3720000" startTime="2025-05-14T13:20:31.3146610Z" endTime="2025-05-14T13:25:31.3147553Z" testType="13cdc9d9-ddb5-4fa4-a97d-d965ccfc6d4b" outcome="Passed" testListId="d5b5e7e1-9818-4f13-973e-863f1a8db15e" />
    <UnitTestResult executionId="7dc348b1-e69c-467c-920d-3a1284ec1c23" testId="c5cec7be-77e5-4183-8409-640c2e8a124b" testName="Test3528" computerName="UA-LPT-OGA2" duration="00:00:01.0490000" startTime="2025-05-14T13:20:31.3146610Z" endTime="2025-05-14T13:25:31.3147553Z" testType="13cdc9d9-ddb5-4fa4-a97d-d965ccfc6d4b" outcome="Passed" testListId="d5b5e7e1-9818-4f13-973e-863f1a8db15e" />
    <UnitTestResult executionId="dca5bbe4-65cf-44ab-bb04-f057d7d68d7d" testId="6f12642f-6650-4129-a20b-2be6342eb0ce" testName="Test3529" computerName="UA-LPT-OGA2" duration="00:00:00.5770000" startTime="2025-05-14T13:20:31.3146610Z" endTime="2025-05-14T13:25:31.3147553Z" testType="13cdc9d9-ddb5-4fa4-a97d-d965ccfc6d4b" outcome="Passed" testListId="d5b5e7e1-9818-4f13-973e-863f1a8db15e" />
    <UnitTestResult executionId="119ef374-8d48-431f-8355-df342f8b8394" testId="6d0674d5-64da-45da-a9b7-a691ad8fc662" testName="Test3530" computerName="UA-LPT-OGA2" duration="00:00:01.1500000" startTime="2025-05-14T13:20:31.3146610Z" endTime="2025-05-14T13:25:31.3147553Z" testType="13cdc9d9-ddb5-4fa4-a97d-d965ccfc6d4b" outcome="Passed" testListId="d5b5e7e1-9818-4f13-973e-863f1a8db15e" />
    <UnitTestResult executionId="4b1d7b06-8ecd-48e2-a083-37f1f832ad53" testId="cc835e5d-6329-4472-8263-01a32c11d4af" testName="Test3531" computerName="UA-LPT-OGA2" duration="00:00:00.2300000" startTime="2025-05-14T13:20:31.3146610Z" endTime="2025-05-14T13:25:31.3147553Z" testType="13cdc9d9-ddb5-4fa4-a97d-d965ccfc6d4b" outcome="Failed" testListId="d5b5e7e1-9818-4f13-973e-863f1a8db15e">
      <Output>
        <ErrorInfo>
          <Message>Assertion failed: Expected value did not match actual value.</Message>
          <StackTrace>   at TestNamespace.TestClass.Test() in TestClass.cs:line 388</StackTrace>
        </ErrorInfo>
      </Output>
    </UnitTestResult>
    <UnitTestResult executionId="44516863-7a3c-4989-b047-9ccae3d4d3b3" testId="0d750708-0c93-4337-a70f-8a9ec9341b2c" testName="Test3532" computerName="UA-LPT-OGA2" duration="00:00:01.5330000" startTime="2025-05-14T13:20:31.3146610Z" endTime="2025-05-14T13:25:31.3147553Z" testType="13cdc9d9-ddb5-4fa4-a97d-d965ccfc6d4b" outcome="Passed" testListId="d5b5e7e1-9818-4f13-973e-863f1a8db15e" />
    <UnitTestResult executionId="951d2e5a-9b57-4c16-ad8c-c4321121dc30" testId="7e328d03-30e6-4ac8-9456-93c464534687" testName="Test3533" computerName="UA-LPT-OGA2" duration="00:00:00.2140000" startTime="2025-05-14T13:20:31.3146610Z" endTime="2025-05-14T13:25:31.3147553Z" testType="13cdc9d9-ddb5-4fa4-a97d-d965ccfc6d4b" outcome="Passed" testListId="d5b5e7e1-9818-4f13-973e-863f1a8db15e" />
    <UnitTestResult executionId="940142e0-6234-4cc6-8565-7fde6a916e62" testId="7088c53f-bd19-4e09-b9cd-2461856e3f73" testName="Test3534" computerName="UA-LPT-OGA2" duration="00:00:01.8360000" startTime="2025-05-14T13:20:31.3146610Z" endTime="2025-05-14T13:25:31.3147553Z" testType="13cdc9d9-ddb5-4fa4-a97d-d965ccfc6d4b" outcome="Passed" testListId="d5b5e7e1-9818-4f13-973e-863f1a8db15e" />
    <UnitTestResult executionId="8a44ad19-cdd9-439d-b798-af62555a752d" testId="70fd5a42-2e3f-4398-9dc7-0f6df9b7b51c" testName="Test3535" computerName="UA-LPT-OGA2" duration="00:00:00.7670000" startTime="2025-05-14T13:20:31.3146610Z" endTime="2025-05-14T13:25:31.3147553Z" testType="13cdc9d9-ddb5-4fa4-a97d-d965ccfc6d4b" outcome="Passed" testListId="d5b5e7e1-9818-4f13-973e-863f1a8db15e" />
    <UnitTestResult executionId="88b0746d-4382-4a50-8b9d-2ee9cb8836b6" testId="0fa25965-b62c-4676-8091-8064650bf8da" testName="Test3536" computerName="UA-LPT-OGA2" duration="00:00:00.1750000" startTime="2025-05-14T13:20:31.3146610Z" endTime="2025-05-14T13:25:31.3147553Z" testType="13cdc9d9-ddb5-4fa4-a97d-d965ccfc6d4b" outcome="Passed" testListId="d5b5e7e1-9818-4f13-973e-863f1a8db15e" />
    <UnitTestResult executionId="4aecab13-fffb-4427-9f6d-6d9d4012b248" testId="89485ff9-4b84-4edd-8939-9a7d603b70da" testName="Test3537" computerName="UA-LPT-OGA2" duration="00:00:01.2970000" startTime="2025-05-14T13:20:31.3146610Z" endTime="2025-05-14T13:25:31.3147553Z" testType="13cdc9d9-ddb5-4fa4-a97d-d965ccfc6d4b" outcome="Passed" testListId="d5b5e7e1-9818-4f13-973e-863f1a8db15e" />
    <UnitTestResult executionId="b4082d97-e9b8-4fd9-a5eb-eada5223cdf9" testId="8c39c877-6c4a-490f-b520-0a4d5bc72403" testName="Test3538" computerName="UA-LPT-OGA2" duration="00:00:01.8650000" startTime="2025-05-14T13:20:31.3146610Z" endTime="2025-05-14T13:25:31.3147553Z" testType="13cdc9d9-ddb5-4fa4-a97d-d965ccfc6d4b" outcome="Passed" testListId="d5b5e7e1-9818-4f13-973e-863f1a8db15e" />
    <UnitTestResult executionId="78193d26-151a-4e00-ac4d-3e37f00bac84" testId="a12a2142-1461-4302-ad23-495acb123af8" testName="Test3539" computerName="UA-LPT-OGA2" duration="00:00:00.6040000" startTime="2025-05-14T13:20:31.3146610Z" endTime="2025-05-14T13:25:31.3147553Z" testType="13cdc9d9-ddb5-4fa4-a97d-d965ccfc6d4b" outcome="Passed" testListId="d5b5e7e1-9818-4f13-973e-863f1a8db15e" />
    <UnitTestResult executionId="74a2fa11-846d-4c2b-8705-4eac26021374" testId="7e7a3fe9-918e-45f4-bb80-5353d3f4c70d" testName="Test3540" computerName="UA-LPT-OGA2" duration="00:00:00.7870000" startTime="2025-05-14T13:20:31.3146610Z" endTime="2025-05-14T13:25:31.3147553Z" testType="13cdc9d9-ddb5-4fa4-a97d-d965ccfc6d4b" outcome="Passed" testListId="d5b5e7e1-9818-4f13-973e-863f1a8db15e" />
    <UnitTestResult executionId="a0425b3d-559d-4ddb-aeee-7d7f19a78455" testId="de9f1fac-8838-4813-8c41-263ec0e576c0" testName="Test3541" computerName="UA-LPT-OGA2" duration="00:00:01.7790000" startTime="2025-05-14T13:20:31.3146610Z" endTime="2025-05-14T13:25:31.3147553Z" testType="13cdc9d9-ddb5-4fa4-a97d-d965ccfc6d4b" outcome="Passed" testListId="d5b5e7e1-9818-4f13-973e-863f1a8db15e" />
    <UnitTestResult executionId="e58748ce-c5ec-4756-94ca-386332b17e7c" testId="e8c5d77b-2a40-4d02-9fd1-cad24c64415b" testName="Test3542" computerName="UA-LPT-OGA2" duration="00:00:01.0960000" startTime="2025-05-14T13:20:31.3146610Z" endTime="2025-05-14T13:25:31.3147553Z" testType="13cdc9d9-ddb5-4fa4-a97d-d965ccfc6d4b" outcome="Passed" testListId="d5b5e7e1-9818-4f13-973e-863f1a8db15e" />
    <UnitTestResult executionId="9b2c559c-7c3e-41c4-b1fd-357b47ee24c7" testId="fac39110-c0ac-41eb-8a6e-6c08b68f876c" testName="Test3543" computerName="UA-LPT-OGA2" duration="00:00:01.9940000" startTime="2025-05-14T13:20:31.3146610Z" endTime="2025-05-14T13:25:31.3147553Z" testType="13cdc9d9-ddb5-4fa4-a97d-d965ccfc6d4b" outcome="Passed" testListId="d5b5e7e1-9818-4f13-973e-863f1a8db15e" />
    <UnitTestResult executionId="6f9dbc46-5535-4357-8a26-7db58348df57" testId="7844aa12-737c-4c66-b0cd-67bc3006c14e" testName="Test3544" computerName="UA-LPT-OGA2" duration="00:00:01.8810000" startTime="2025-05-14T13:20:31.3146610Z" endTime="2025-05-14T13:25:31.3147553Z" testType="13cdc9d9-ddb5-4fa4-a97d-d965ccfc6d4b" outcome="Passed" testListId="d5b5e7e1-9818-4f13-973e-863f1a8db15e" />
    <UnitTestResult executionId="ef6e7b83-5c8b-474b-b505-a97dfb14ccb3" testId="851040e9-486c-44e8-9cc9-46b087eb71c3" testName="Test3545" computerName="UA-LPT-OGA2" duration="00:00:00.3550000" startTime="2025-05-14T13:20:31.3146610Z" endTime="2025-05-14T13:25:31.3147553Z" testType="13cdc9d9-ddb5-4fa4-a97d-d965ccfc6d4b" outcome="Passed" testListId="d5b5e7e1-9818-4f13-973e-863f1a8db15e" />
    <UnitTestResult executionId="bec1c7fd-1d2f-4f55-b2c3-ca04fef6df37" testId="9766dd43-bc52-4c0e-80f4-90eca5939bfb" testName="Test3546" computerName="UA-LPT-OGA2" duration="00:00:01.3830000" startTime="2025-05-14T13:20:31.3146610Z" endTime="2025-05-14T13:25:31.3147553Z" testType="13cdc9d9-ddb5-4fa4-a97d-d965ccfc6d4b" outcome="Passed" testListId="d5b5e7e1-9818-4f13-973e-863f1a8db15e" />
    <UnitTestResult executionId="e76cf7f3-7168-4627-aec6-13aaf2ad57e9" testId="4fb36603-ad0a-4bab-b023-9bb51de73fb5" testName="Test3547" computerName="UA-LPT-OGA2" duration="00:00:00.1290000" startTime="2025-05-14T13:20:31.3146610Z" endTime="2025-05-14T13:25:31.3147553Z" testType="13cdc9d9-ddb5-4fa4-a97d-d965ccfc6d4b" outcome="Failed" testListId="d5b5e7e1-9818-4f13-973e-863f1a8db15e">
      <Output>
        <ErrorInfo>
          <Message>Assertion failed: Expected value did not match actual value.</Message>
          <StackTrace>   at TestNamespace.TestClass.Test() in TestClass.cs:line 208</StackTrace>
        </ErrorInfo>
      </Output>
    </UnitTestResult>
    <UnitTestResult executionId="c6133c61-ec83-4bd2-a435-e92f0e8a39ad" testId="0bbba6a3-54a0-4833-ad20-39e6f822d0eb" testName="Test3548" computerName="UA-LPT-OGA2" duration="00:00:00.7710000" startTime="2025-05-14T13:20:31.3146610Z" endTime="2025-05-14T13:25:31.3147553Z" testType="13cdc9d9-ddb5-4fa4-a97d-d965ccfc6d4b" outcome="Passed" testListId="d5b5e7e1-9818-4f13-973e-863f1a8db15e" />
    <UnitTestResult executionId="778f70bd-31ab-4309-a157-56a299796ad5" testId="009ffd92-2191-4d79-9b68-8a9627e2f128" testName="Test3549" computerName="UA-LPT-OGA2" duration="00:00:00.8240000" startTime="2025-05-14T13:20:31.3146610Z" endTime="2025-05-14T13:25:31.3147553Z" testType="13cdc9d9-ddb5-4fa4-a97d-d965ccfc6d4b" outcome="Passed" testListId="d5b5e7e1-9818-4f13-973e-863f1a8db15e" />
    <UnitTestResult executionId="ebe0fe3d-3dae-4fc0-9220-488ef1fef385" testId="c55b5b90-6a86-4d9d-905c-23dbb0a6c162" testName="Test3550" computerName="UA-LPT-OGA2" duration="00:00:01.2060000" startTime="2025-05-14T13:20:31.3146610Z" endTime="2025-05-14T13:25:31.3147553Z" testType="13cdc9d9-ddb5-4fa4-a97d-d965ccfc6d4b" outcome="Passed" testListId="d5b5e7e1-9818-4f13-973e-863f1a8db15e" />
    <UnitTestResult executionId="e2790f4b-2357-410a-8b5e-c73240bb2144" testId="7407ff88-caef-45a5-a20c-07d3c3aadc56" testName="Test3551" computerName="UA-LPT-OGA2" duration="00:00:01.3780000" startTime="2025-05-14T13:20:31.3146610Z" endTime="2025-05-14T13:25:31.3147553Z" testType="13cdc9d9-ddb5-4fa4-a97d-d965ccfc6d4b" outcome="Passed" testListId="d5b5e7e1-9818-4f13-973e-863f1a8db15e" />
    <UnitTestResult executionId="429be8ee-ef1b-494f-a294-4992a2e136c3" testId="768e6d54-e0c9-4d3f-84f4-93b184fe6acd" testName="Test3552" computerName="UA-LPT-OGA2" duration="00:00:01.2260000" startTime="2025-05-14T13:20:31.3146610Z" endTime="2025-05-14T13:25:31.3147553Z" testType="13cdc9d9-ddb5-4fa4-a97d-d965ccfc6d4b" outcome="Passed" testListId="d5b5e7e1-9818-4f13-973e-863f1a8db15e" />
    <UnitTestResult executionId="10c535ba-e47f-4bc2-88e1-51bfc9a9da80" testId="4d75f1ac-3ca5-4e56-9b6e-8ffa6f3d64f6" testName="Test3553" computerName="UA-LPT-OGA2" duration="00:00:00.0750000" startTime="2025-05-14T13:20:31.3146610Z" endTime="2025-05-14T13:25:31.3147553Z" testType="13cdc9d9-ddb5-4fa4-a97d-d965ccfc6d4b" outcome="Passed" testListId="d5b5e7e1-9818-4f13-973e-863f1a8db15e" />
    <UnitTestResult executionId="bb9115d7-8777-4aa0-b8be-67d02a1b406d" testId="642dba1f-708e-43b9-8a6d-7660133d5c44" testName="Test3554" computerName="UA-LPT-OGA2" duration="00:00:01.0280000" startTime="2025-05-14T13:20:31.3146610Z" endTime="2025-05-14T13:25:31.3147553Z" testType="13cdc9d9-ddb5-4fa4-a97d-d965ccfc6d4b" outcome="Passed" testListId="d5b5e7e1-9818-4f13-973e-863f1a8db15e" />
    <UnitTestResult executionId="f0d6856d-5719-462b-8991-0869007e71f1" testId="11bd7a35-97c9-46a1-bc79-0e694374d660" testName="Test3555" computerName="UA-LPT-OGA2" duration="00:00:00.7910000" startTime="2025-05-14T13:20:31.3146610Z" endTime="2025-05-14T13:25:31.3147553Z" testType="13cdc9d9-ddb5-4fa4-a97d-d965ccfc6d4b" outcome="Passed" testListId="d5b5e7e1-9818-4f13-973e-863f1a8db15e" />
    <UnitTestResult executionId="1c1d2e54-789c-4879-8378-a50bcddc8059" testId="f81447ac-cf92-4c3c-80f1-f7e11025dbcc" testName="Test3556" computerName="UA-LPT-OGA2" duration="00:00:01.1650000" startTime="2025-05-14T13:20:31.3146610Z" endTime="2025-05-14T13:25:31.3147553Z" testType="13cdc9d9-ddb5-4fa4-a97d-d965ccfc6d4b" outcome="Passed" testListId="d5b5e7e1-9818-4f13-973e-863f1a8db15e" />
    <UnitTestResult executionId="9582abec-b90e-4c15-bda9-b83b3bb8f5e5" testId="fa09e242-fadb-4524-87e7-f20cf761b3c5" testName="Test3557" computerName="UA-LPT-OGA2" duration="00:00:01.8540000" startTime="2025-05-14T13:20:31.3146610Z" endTime="2025-05-14T13:25:31.3147553Z" testType="13cdc9d9-ddb5-4fa4-a97d-d965ccfc6d4b" outcome="Passed" testListId="d5b5e7e1-9818-4f13-973e-863f1a8db15e" />
    <UnitTestResult executionId="144cac05-8890-4732-81b7-98840a690175" testId="f93586de-5b40-490c-b179-74bfd14d0520" testName="Test3558" computerName="UA-LPT-OGA2" duration="00:00:00.8170000" startTime="2025-05-14T13:20:31.3146610Z" endTime="2025-05-14T13:25:31.3147553Z" testType="13cdc9d9-ddb5-4fa4-a97d-d965ccfc6d4b" outcome="Passed" testListId="d5b5e7e1-9818-4f13-973e-863f1a8db15e" />
    <UnitTestResult executionId="394b659d-7115-4602-b686-9ef7643a1087" testId="534b72a3-5e71-44bf-a8d0-f7ff778baca9" testName="Test3559" computerName="UA-LPT-OGA2" duration="00:00:00.4190000" startTime="2025-05-14T13:20:31.3146610Z" endTime="2025-05-14T13:25:31.3147553Z" testType="13cdc9d9-ddb5-4fa4-a97d-d965ccfc6d4b" outcome="Passed" testListId="d5b5e7e1-9818-4f13-973e-863f1a8db15e" />
    <UnitTestResult executionId="a172fe16-bf44-49fb-951b-bd7d68e1e50b" testId="2da19087-441e-47e8-8db9-2482cd2104ee" testName="Test3560" computerName="UA-LPT-OGA2" duration="00:00:01.0980000" startTime="2025-05-14T13:20:31.3146610Z" endTime="2025-05-14T13:25:31.3147553Z" testType="13cdc9d9-ddb5-4fa4-a97d-d965ccfc6d4b" outcome="Passed" testListId="d5b5e7e1-9818-4f13-973e-863f1a8db15e" />
    <UnitTestResult executionId="47f4fdc1-af48-4b60-b063-af88e3147ca5" testId="da52fc87-a2fb-48b8-a58b-9252ea3fb524" testName="Test3561" computerName="UA-LPT-OGA2" duration="00:00:01.7770000" startTime="2025-05-14T13:20:31.3146610Z" endTime="2025-05-14T13:25:31.3147553Z" testType="13cdc9d9-ddb5-4fa4-a97d-d965ccfc6d4b" outcome="Passed" testListId="d5b5e7e1-9818-4f13-973e-863f1a8db15e" />
    <UnitTestResult executionId="ae3253aa-b6b6-4d48-8027-5bca7a8bfd0a" testId="b9ffbced-1301-460c-8c0f-cb617c5ed0d9" testName="Test3562" computerName="UA-LPT-OGA2" duration="00:00:00.6710000" startTime="2025-05-14T13:20:31.3146610Z" endTime="2025-05-14T13:25:31.3147553Z" testType="13cdc9d9-ddb5-4fa4-a97d-d965ccfc6d4b" outcome="Passed" testListId="d5b5e7e1-9818-4f13-973e-863f1a8db15e" />
    <UnitTestResult executionId="2d9387bd-c512-4ba7-b20a-4111378f492f" testId="bad98638-2a37-47ef-acf7-f04d37371f25" testName="Test3563" computerName="UA-LPT-OGA2" duration="00:00:00.0400000" startTime="2025-05-14T13:20:31.3146610Z" endTime="2025-05-14T13:25:31.3147553Z" testType="13cdc9d9-ddb5-4fa4-a97d-d965ccfc6d4b" outcome="Passed" testListId="d5b5e7e1-9818-4f13-973e-863f1a8db15e" />
    <UnitTestResult executionId="341d9367-0703-4999-981a-a0f2a8cbf65d" testId="7e6ae015-288c-466f-a05d-2601548df87f" testName="Test3564" computerName="UA-LPT-OGA2" duration="00:00:00.9050000" startTime="2025-05-14T13:20:31.3146610Z" endTime="2025-05-14T13:25:31.3147553Z" testType="13cdc9d9-ddb5-4fa4-a97d-d965ccfc6d4b" outcome="Failed" testListId="d5b5e7e1-9818-4f13-973e-863f1a8db15e">
      <Output>
        <ErrorInfo>
          <Message>Assertion failed: Expected value did not match actual value.</Message>
          <StackTrace>   at TestNamespace.TestClass.Test() in TestClass.cs:line 428</StackTrace>
        </ErrorInfo>
      </Output>
    </UnitTestResult>
    <UnitTestResult executionId="b5aa6feb-df7d-4816-ac37-96ac4dddfc5f" testId="3c383941-ae6e-4fe9-8534-bf11b9a98d47" testName="Test3565" computerName="UA-LPT-OGA2" duration="00:00:01.4240000" startTime="2025-05-14T13:20:31.3146610Z" endTime="2025-05-14T13:25:31.3147553Z" testType="13cdc9d9-ddb5-4fa4-a97d-d965ccfc6d4b" outcome="Passed" testListId="d5b5e7e1-9818-4f13-973e-863f1a8db15e" />
    <UnitTestResult executionId="ed8fa06e-b83a-4dec-8a16-18722d5e91d4" testId="f5575fc4-3177-473f-8907-691f168d904e" testName="Test3566" computerName="UA-LPT-OGA2" duration="00:00:01.4410000" startTime="2025-05-14T13:20:31.3146610Z" endTime="2025-05-14T13:25:31.3147553Z" testType="13cdc9d9-ddb5-4fa4-a97d-d965ccfc6d4b" outcome="Passed" testListId="d5b5e7e1-9818-4f13-973e-863f1a8db15e" />
    <UnitTestResult executionId="d43db143-6001-473c-b202-c61661371a28" testId="e9745ba4-1f5f-4b5f-9cd9-ba1b3ea24d00" testName="Test3567" computerName="UA-LPT-OGA2" duration="00:00:00.5890000" startTime="2025-05-14T13:20:31.3146610Z" endTime="2025-05-14T13:25:31.3147553Z" testType="13cdc9d9-ddb5-4fa4-a97d-d965ccfc6d4b" outcome="Passed" testListId="d5b5e7e1-9818-4f13-973e-863f1a8db15e" />
    <UnitTestResult executionId="0f7fc554-461e-4b22-bf07-67c1f2b0fb42" testId="94f9c2fb-d11d-44e4-9a54-4af60aa499bb" testName="Test3568" computerName="UA-LPT-OGA2" duration="00:00:00.3490000" startTime="2025-05-14T13:20:31.3146610Z" endTime="2025-05-14T13:25:31.3147553Z" testType="13cdc9d9-ddb5-4fa4-a97d-d965ccfc6d4b" outcome="Passed" testListId="d5b5e7e1-9818-4f13-973e-863f1a8db15e" />
    <UnitTestResult executionId="1c8e67c4-3228-405d-a233-8195412eda91" testId="6cbf4dfc-7059-4953-bc4e-1379c2237ca3" testName="Test3569" computerName="UA-LPT-OGA2" duration="00:00:00.7140000" startTime="2025-05-14T13:20:31.3146610Z" endTime="2025-05-14T13:25:31.3147553Z" testType="13cdc9d9-ddb5-4fa4-a97d-d965ccfc6d4b" outcome="Passed" testListId="d5b5e7e1-9818-4f13-973e-863f1a8db15e" />
    <UnitTestResult executionId="2355e29f-0561-4107-9762-de7adf1f0e4c" testId="544feb1d-86d5-4998-931e-0facf7e6e35b" testName="Test3570" computerName="UA-LPT-OGA2" duration="00:00:00.8090000" startTime="2025-05-14T13:20:31.3146610Z" endTime="2025-05-14T13:25:31.3147553Z" testType="13cdc9d9-ddb5-4fa4-a97d-d965ccfc6d4b" outcome="Passed" testListId="d5b5e7e1-9818-4f13-973e-863f1a8db15e" />
    <UnitTestResult executionId="03eae31f-5184-4000-99d5-7ef24b92aace" testId="0ab5ed97-934b-41ef-8f56-9b31cf42415b" testName="Test3571" computerName="UA-LPT-OGA2" duration="00:00:01.0430000" startTime="2025-05-14T13:20:31.3146610Z" endTime="2025-05-14T13:25:31.3147553Z" testType="13cdc9d9-ddb5-4fa4-a97d-d965ccfc6d4b" outcome="Passed" testListId="d5b5e7e1-9818-4f13-973e-863f1a8db15e" />
    <UnitTestResult executionId="f0110284-4808-4916-8f8f-d300a0ea4825" testId="870fac29-236f-44af-95f1-60001ecebbdb" testName="Test3572" computerName="UA-LPT-OGA2" duration="00:00:01.1680000" startTime="2025-05-14T13:20:31.3146610Z" endTime="2025-05-14T13:25:31.3147553Z" testType="13cdc9d9-ddb5-4fa4-a97d-d965ccfc6d4b" outcome="Passed" testListId="d5b5e7e1-9818-4f13-973e-863f1a8db15e" />
    <UnitTestResult executionId="e7be9298-92c5-455c-861a-ce31b84294c6" testId="e7d53f6d-1a64-4a82-ab23-359f3bfe9916" testName="Test3573" computerName="UA-LPT-OGA2" duration="00:00:00.1610000" startTime="2025-05-14T13:20:31.3146610Z" endTime="2025-05-14T13:25:31.3147553Z" testType="13cdc9d9-ddb5-4fa4-a97d-d965ccfc6d4b" outcome="Failed" testListId="d5b5e7e1-9818-4f13-973e-863f1a8db15e">
      <Output>
        <ErrorInfo>
          <Message>Assertion failed: Expected value did not match actual value.</Message>
          <StackTrace>   at TestNamespace.TestClass.Test() in TestClass.cs:line 40</StackTrace>
        </ErrorInfo>
      </Output>
    </UnitTestResult>
    <UnitTestResult executionId="ead6e097-377d-4605-9db5-f78061f03a8c" testId="fe6f60e2-a5d3-47db-9a00-e64fe12a916c" testName="Test3574" computerName="UA-LPT-OGA2" duration="00:00:00.4840000" startTime="2025-05-14T13:20:31.3146610Z" endTime="2025-05-14T13:25:31.3147553Z" testType="13cdc9d9-ddb5-4fa4-a97d-d965ccfc6d4b" outcome="Passed" testListId="d5b5e7e1-9818-4f13-973e-863f1a8db15e" />
    <UnitTestResult executionId="b6aa3e35-1f03-40c4-be57-7f7ce483837d" testId="579d214d-09d5-4dcd-8f80-b723251652d6" testName="Test3575" computerName="UA-LPT-OGA2" duration="00:00:01.7570000" startTime="2025-05-14T13:20:31.3146610Z" endTime="2025-05-14T13:25:31.3147553Z" testType="13cdc9d9-ddb5-4fa4-a97d-d965ccfc6d4b" outcome="Passed" testListId="d5b5e7e1-9818-4f13-973e-863f1a8db15e" />
    <UnitTestResult executionId="47cf698a-a4a2-4170-8f82-ed89cb206563" testId="fa950467-a9bf-4664-98be-41d2274691e1" testName="Test3576" computerName="UA-LPT-OGA2" duration="00:00:01.6110000" startTime="2025-05-14T13:20:31.3146610Z" endTime="2025-05-14T13:25:31.3147553Z" testType="13cdc9d9-ddb5-4fa4-a97d-d965ccfc6d4b" outcome="Passed" testListId="d5b5e7e1-9818-4f13-973e-863f1a8db15e" />
    <UnitTestResult executionId="af9f3aac-0a6c-4bbf-8142-74766c10cf89" testId="df90e660-5e48-428b-9446-7093813c8077" testName="Test3577" computerName="UA-LPT-OGA2" duration="00:00:01.7910000" startTime="2025-05-14T13:20:31.3146610Z" endTime="2025-05-14T13:25:31.3147553Z" testType="13cdc9d9-ddb5-4fa4-a97d-d965ccfc6d4b" outcome="Passed" testListId="d5b5e7e1-9818-4f13-973e-863f1a8db15e" />
    <UnitTestResult executionId="db8d5215-5ba3-4953-b22f-bfd4db4ca0ef" testId="4131a01d-7a1e-472e-ba5b-a103376d77fa" testName="Test3578" computerName="UA-LPT-OGA2" duration="00:00:00.1050000" startTime="2025-05-14T13:20:31.3146610Z" endTime="2025-05-14T13:25:31.3147553Z" testType="13cdc9d9-ddb5-4fa4-a97d-d965ccfc6d4b" outcome="Passed" testListId="d5b5e7e1-9818-4f13-973e-863f1a8db15e" />
    <UnitTestResult executionId="37bee1b9-3906-48fe-8e9f-6d6c02fba259" testId="de2d6404-9df7-490a-be35-5557c2185aa3" testName="Test3579" computerName="UA-LPT-OGA2" duration="00:00:01.7830000" startTime="2025-05-14T13:20:31.3146610Z" endTime="2025-05-14T13:25:31.3147553Z" testType="13cdc9d9-ddb5-4fa4-a97d-d965ccfc6d4b" outcome="Passed" testListId="d5b5e7e1-9818-4f13-973e-863f1a8db15e" />
    <UnitTestResult executionId="d32021ce-efda-4d73-97ad-81c8ff32acfa" testId="c3c6ad27-19d2-40fa-aa25-f26b02000a56" testName="Test3580" computerName="UA-LPT-OGA2" duration="00:00:00.2420000" startTime="2025-05-14T13:20:31.3146610Z" endTime="2025-05-14T13:25:31.3147553Z" testType="13cdc9d9-ddb5-4fa4-a97d-d965ccfc6d4b" outcome="Passed" testListId="d5b5e7e1-9818-4f13-973e-863f1a8db15e" />
    <UnitTestResult executionId="078dab5e-d040-47fc-a823-c0d1f343492a" testId="efcc6b6a-d709-4d2d-a58a-0f878259671f" testName="Test3581" computerName="UA-LPT-OGA2" duration="00:00:01.3840000" startTime="2025-05-14T13:20:31.3146610Z" endTime="2025-05-14T13:25:31.3147553Z" testType="13cdc9d9-ddb5-4fa4-a97d-d965ccfc6d4b" outcome="Passed" testListId="d5b5e7e1-9818-4f13-973e-863f1a8db15e" />
    <UnitTestResult executionId="e0499684-e6f8-4a33-a016-d8a01204566f" testId="db3dd54b-7bc2-4e8b-9599-fabed2e52174" testName="Test3582" computerName="UA-LPT-OGA2" duration="00:00:00.5380000" startTime="2025-05-14T13:20:31.3146610Z" endTime="2025-05-14T13:25:31.3147553Z" testType="13cdc9d9-ddb5-4fa4-a97d-d965ccfc6d4b" outcome="Passed" testListId="d5b5e7e1-9818-4f13-973e-863f1a8db15e" />
    <UnitTestResult executionId="6e4488ca-795e-4bfc-8023-b90ce5fc1695" testId="f2666492-c4bc-44ec-858a-e3a52b0eb780" testName="Test3583" computerName="UA-LPT-OGA2" duration="00:00:01.8670000" startTime="2025-05-14T13:20:31.3146610Z" endTime="2025-05-14T13:25:31.3147553Z" testType="13cdc9d9-ddb5-4fa4-a97d-d965ccfc6d4b" outcome="Passed" testListId="d5b5e7e1-9818-4f13-973e-863f1a8db15e" />
    <UnitTestResult executionId="ea5058fb-321d-469a-bf38-a3f28465a25e" testId="9bf5cc73-8883-411e-a5d8-07cd1e9733ef" testName="Test3584" computerName="UA-LPT-OGA2" duration="00:00:00.6060000" startTime="2025-05-14T13:20:31.3146610Z" endTime="2025-05-14T13:25:31.3147553Z" testType="13cdc9d9-ddb5-4fa4-a97d-d965ccfc6d4b" outcome="Passed" testListId="d5b5e7e1-9818-4f13-973e-863f1a8db15e" />
    <UnitTestResult executionId="9bc5e9ee-013c-4d7c-ae88-9f9372aa15b1" testId="e3750703-63dc-48a3-a4b0-19eb026e6b08" testName="Test3585" computerName="UA-LPT-OGA2" duration="00:00:00.6680000" startTime="2025-05-14T13:20:31.3146610Z" endTime="2025-05-14T13:25:31.3147553Z" testType="13cdc9d9-ddb5-4fa4-a97d-d965ccfc6d4b" outcome="Passed" testListId="d5b5e7e1-9818-4f13-973e-863f1a8db15e" />
    <UnitTestResult executionId="3e30f7a2-c046-483f-a93a-22175f39ec3c" testId="4c0ec420-78d6-4a7c-a274-d5adbe7ec5b1" testName="Test3586" computerName="UA-LPT-OGA2" duration="00:00:01.7970000" startTime="2025-05-14T13:20:31.3146610Z" endTime="2025-05-14T13:25:31.3147553Z" testType="13cdc9d9-ddb5-4fa4-a97d-d965ccfc6d4b" outcome="Passed" testListId="d5b5e7e1-9818-4f13-973e-863f1a8db15e" />
    <UnitTestResult executionId="d3830d86-b44c-437a-988b-6224667634a6" testId="65c05bbc-881f-4534-b032-6b32ae40bab3" testName="Test3587" computerName="UA-LPT-OGA2" duration="00:00:01.3930000" startTime="2025-05-14T13:20:31.3146610Z" endTime="2025-05-14T13:25:31.3147553Z" testType="13cdc9d9-ddb5-4fa4-a97d-d965ccfc6d4b" outcome="Failed" testListId="d5b5e7e1-9818-4f13-973e-863f1a8db15e">
      <Output>
        <ErrorInfo>
          <Message>Assertion failed: Expected value did not match actual value.</Message>
          <StackTrace>   at TestNamespace.TestClass.Test() in TestClass.cs:line 221</StackTrace>
        </ErrorInfo>
      </Output>
    </UnitTestResult>
    <UnitTestResult executionId="1aa4df8b-fb78-4bb0-9ed8-af6a5378f7a9" testId="1e5d27bc-d883-47d5-b58a-bb998488a136" testName="Test3588" computerName="UA-LPT-OGA2" duration="00:00:01.6220000" startTime="2025-05-14T13:20:31.3146610Z" endTime="2025-05-14T13:25:31.3147553Z" testType="13cdc9d9-ddb5-4fa4-a97d-d965ccfc6d4b" outcome="Passed" testListId="d5b5e7e1-9818-4f13-973e-863f1a8db15e" />
    <UnitTestResult executionId="a7820d7f-326e-4b15-bdc1-1d8d8e66e301" testId="c3308af3-ae09-4aa8-9be8-519dbe61ae56" testName="Test3589" computerName="UA-LPT-OGA2" duration="00:00:01.8100000" startTime="2025-05-14T13:20:31.3146610Z" endTime="2025-05-14T13:25:31.3147553Z" testType="13cdc9d9-ddb5-4fa4-a97d-d965ccfc6d4b" outcome="Passed" testListId="d5b5e7e1-9818-4f13-973e-863f1a8db15e" />
    <UnitTestResult executionId="acae8d4f-4f6f-4355-83a8-2f4a64c2ee42" testId="0a09cc43-ce97-40b2-b929-c03937195461" testName="Test3590" computerName="UA-LPT-OGA2" duration="00:00:00.5080000" startTime="2025-05-14T13:20:31.3146610Z" endTime="2025-05-14T13:25:31.3147553Z" testType="13cdc9d9-ddb5-4fa4-a97d-d965ccfc6d4b" outcome="Passed" testListId="d5b5e7e1-9818-4f13-973e-863f1a8db15e" />
    <UnitTestResult executionId="2fba1956-5954-422d-a21e-eedf3cf673db" testId="0fbebbc4-78a3-4f9e-b721-26fa0a39d5e1" testName="Test3591" computerName="UA-LPT-OGA2" duration="00:00:00.2870000" startTime="2025-05-14T13:20:31.3146610Z" endTime="2025-05-14T13:25:31.3147553Z" testType="13cdc9d9-ddb5-4fa4-a97d-d965ccfc6d4b" outcome="Passed" testListId="d5b5e7e1-9818-4f13-973e-863f1a8db15e" />
    <UnitTestResult executionId="301ae682-0406-4cea-84d5-d8c7b60d4e46" testId="8ff6e665-a204-4bd3-ac34-e9c31ffb1f60" testName="Test3592" computerName="UA-LPT-OGA2" duration="00:00:00.0160000" startTime="2025-05-14T13:20:31.3146610Z" endTime="2025-05-14T13:25:31.3147553Z" testType="13cdc9d9-ddb5-4fa4-a97d-d965ccfc6d4b" outcome="Passed" testListId="d5b5e7e1-9818-4f13-973e-863f1a8db15e" />
    <UnitTestResult executionId="a6adbdcd-728a-4f04-8677-5b3da642574c" testId="4747d4c0-158b-4d43-a14c-52af289dc352" testName="Test3593" computerName="UA-LPT-OGA2" duration="00:00:00.2650000" startTime="2025-05-14T13:20:31.3146610Z" endTime="2025-05-14T13:25:31.3147553Z" testType="13cdc9d9-ddb5-4fa4-a97d-d965ccfc6d4b" outcome="Passed" testListId="d5b5e7e1-9818-4f13-973e-863f1a8db15e" />
    <UnitTestResult executionId="e2388fb4-a8d6-452a-9051-c365bc7da0c5" testId="189b16c9-67fb-49fe-b66b-3206f84c2fc3" testName="Test3594" computerName="UA-LPT-OGA2" duration="00:00:01.9940000" startTime="2025-05-14T13:20:31.3146610Z" endTime="2025-05-14T13:25:31.3147553Z" testType="13cdc9d9-ddb5-4fa4-a97d-d965ccfc6d4b" outcome="Passed" testListId="d5b5e7e1-9818-4f13-973e-863f1a8db15e" />
    <UnitTestResult executionId="134ae276-a044-4f4a-a070-d88b199f5eb6" testId="b0f5e57d-34b4-4aed-a9db-0277d5c70cd9" testName="Test3595" computerName="UA-LPT-OGA2" duration="00:00:01.2520000" startTime="2025-05-14T13:20:31.3146610Z" endTime="2025-05-14T13:25:31.3147553Z" testType="13cdc9d9-ddb5-4fa4-a97d-d965ccfc6d4b" outcome="Passed" testListId="d5b5e7e1-9818-4f13-973e-863f1a8db15e" />
    <UnitTestResult executionId="7f76f9e7-13c5-45b9-85c9-13f89cb27a60" testId="2a96575d-c083-4240-a253-94c7ff8ef5e6" testName="Test3596" computerName="UA-LPT-OGA2" duration="00:00:01.8020000" startTime="2025-05-14T13:20:31.3146610Z" endTime="2025-05-14T13:25:31.3147553Z" testType="13cdc9d9-ddb5-4fa4-a97d-d965ccfc6d4b" outcome="Passed" testListId="d5b5e7e1-9818-4f13-973e-863f1a8db15e" />
    <UnitTestResult executionId="ad0450aa-1e93-47b6-b529-cd12efdef65b" testId="f0b2d330-a9e9-439e-9d17-c50e2283ef21" testName="Test3597" computerName="UA-LPT-OGA2" duration="00:00:00.3920000" startTime="2025-05-14T13:20:31.3146610Z" endTime="2025-05-14T13:25:31.3147553Z" testType="13cdc9d9-ddb5-4fa4-a97d-d965ccfc6d4b" outcome="Passed" testListId="d5b5e7e1-9818-4f13-973e-863f1a8db15e" />
    <UnitTestResult executionId="b847ccd9-0d4e-45e3-bc98-99226d4d3d4f" testId="c9c02849-dbbb-4c60-a74f-288fa8a1a155" testName="Test3598" computerName="UA-LPT-OGA2" duration="00:00:01.2860000" startTime="2025-05-14T13:20:31.3146610Z" endTime="2025-05-14T13:25:31.3147553Z" testType="13cdc9d9-ddb5-4fa4-a97d-d965ccfc6d4b" outcome="Passed" testListId="d5b5e7e1-9818-4f13-973e-863f1a8db15e" />
    <UnitTestResult executionId="861095a8-e997-4c71-9799-ba2a2b90c627" testId="ea8fcab8-a895-4d84-9692-a5f2fade9a65" testName="Test3599" computerName="UA-LPT-OGA2" duration="00:00:00.7850000" startTime="2025-05-14T13:20:31.3146610Z" endTime="2025-05-14T13:25:31.3147553Z" testType="13cdc9d9-ddb5-4fa4-a97d-d965ccfc6d4b" outcome="Passed" testListId="d5b5e7e1-9818-4f13-973e-863f1a8db15e" />
    <UnitTestResult executionId="3b4a4313-bdbb-48d7-8a32-269a9082283a" testId="44b17e57-471c-4536-8ee0-6f407e620011" testName="Test3600" computerName="UA-LPT-OGA2" duration="00:00:01.0000000" startTime="2025-05-14T13:20:31.3146610Z" endTime="2025-05-14T13:25:31.3147553Z" testType="13cdc9d9-ddb5-4fa4-a97d-d965ccfc6d4b" outcome="Passed" testListId="d5b5e7e1-9818-4f13-973e-863f1a8db15e" />
  </Results>
  <TestDefinitions>
    <UnitTest name="Test3501" id="f52c31fb-ef6e-495e-85d4-72fa642e8b5b" storage="TestAssembly.dll">
      <Execution id="f5836607-de00-41e8-9f21-70bb0aeb9b0b" />
      <TestMethod codeBase="TestAssembly.dll" className="TestNamespace.TestClass1" name="Test3501" />
    </UnitTest>
    <UnitTest name="Test3502" id="383aa8c0-37b9-4b28-b6dd-5b43771744fb" storage="TestAssembly.dll">
      <Execution id="ffc129c8-ede9-4abe-a0e5-3cb3f5d1b1ed" />
      <TestMethod codeBase="TestAssembly.dll" className="TestNamespace.TestClass1" name="Test3502" />
    </UnitTest>
    <UnitTest name="Test3503" id="43e82245-ce95-4db2-8e2b-0fce1f1ed2d3" storage="TestAssembly.dll">
      <Execution id="0acffd87-f535-4a72-a7e5-94210e4cebb9" />
      <TestMethod codeBase="TestAssembly.dll" className="TestNamespace.TestClass1" name="Test3503" />
    </UnitTest>
    <UnitTest name="Test3504" id="1188967a-7b68-4879-8ee1-5f58f31809dd" storage="TestAssembly.dll">
      <Execution id="44599d7f-5736-4df0-b503-c8a8e361a2b1" />
      <TestMethod codeBase="TestAssembly.dll" className="TestNamespace.TestClass1" name="Test3504" />
    </UnitTest>
    <UnitTest name="Test3505" id="b23495bb-2634-4c3b-9a92-ee976fc00b57" storage="TestAssembly.dll">
      <Execution id="83cf418d-ed55-40e1-829c-1f820fac2005" />
      <TestMethod codeBase="TestAssembly.dll" className="TestNamespace.TestClass1" name="Test3505" />
    </UnitTest>
    <UnitTest name="Test3506" id="c3573782-e610-4ff8-8c09-d4f867891c48" storage="TestAssembly.dll">
      <Execution id="1156e09c-3a10-4cc7-b35f-986cba2aec58" />
      <TestMethod codeBase="TestAssembly.dll" className="TestNamespace.TestClass1" name="Test3506" />
    </UnitTest>
    <UnitTest name="Test3507" id="92993166-5d78-4d50-ad72-dd128e560e57" storage="TestAssembly.dll">
      <Execution id="cb966657-918f-465f-8c86-3dd41b8100cc" />
      <TestMethod codeBase="TestAssembly.dll" className="TestNamespace.TestClass1" name="Test3507" />
    </UnitTest>
    <UnitTest name="Test3508" id="9c3191bc-2a63-4fcc-b3f2-ae707a91e970" storage="TestAssembly.dll">
      <Execution id="9c2f0665-8dbb-4766-8789-235385fe912e" />
      <TestMethod codeBase="TestAssembly.dll" className="TestNamespace.TestClass1" name="Test3508" />
    </UnitTest>
    <UnitTest name="Test3509" id="2896cb3a-fefb-44b3-ac5e-fe9368b8afe5" storage="TestAssembly.dll">
      <Execution id="a76d1604-c72c-4300-a34b-25ac745cd39b" />
      <TestMethod codeBase="TestAssembly.dll" className="TestNamespace.TestClass1" name="Test3509" />
    </UnitTest>
    <UnitTest name="Test3510" id="44f939ea-429b-4a2c-ac2c-0caca101617d" storage="TestAssembly.dll">
      <Execution id="ee32797b-9016-4f72-a3d5-a6cf4e64722c" />
      <TestMethod codeBase="TestAssembly.dll" className="TestNamespace.TestClass1" name="Test3510" />
    </UnitTest>
    <UnitTest name="Test3511" id="9ae16c21-9dc2-49ec-94cf-b67d9ee7e242" storage="TestAssembly.dll">
      <Execution id="ba267819-0607-4a01-b9f6-c339924d85de" />
      <TestMethod codeBase="TestAssembly.dll" className="TestNamespace.TestClass2" name="Test3511" />
    </UnitTest>
    <UnitTest name="Test3512" id="d519e6db-7b92-47c9-8d98-5ec7017d6b39" storage="TestAssembly.dll">
      <Execution id="7ca64c76-4a6d-4a07-9216-1d4d5f4ef224" />
      <TestMethod codeBase="TestAssembly.dll" className="TestNamespace.TestClass2" name="Test3512" />
    </UnitTest>
    <UnitTest name="Test3513" id="4bb56878-1a3d-48f1-aa8e-019fff928698" storage="TestAssembly.dll">
      <Execution id="81d3fdf9-73e5-48e0-afcd-d09d06bfa990" />
      <TestMethod codeBase="TestAssembly.dll" className="TestNamespace.TestClass2" name="Test3513" />
    </UnitTest>
    <UnitTest name="Test3514" id="fb8bdb88-5eb5-4b14-9e5e-585b06dbbef9" storage="TestAssembly.dll">
      <Execution id="22f07583-4a48-4d39-89b4-116a5ebbda30" />
      <TestMethod codeBase="TestAssembly.dll" className="TestNamespace.TestClass2" name="Test3514" />
    </UnitTest>
    <UnitTest name="Test3515" id="d4fcdb53-b640-4ae7-b38d-eb9cecb40384" storage="TestAssembly.dll">
      <Execution id="42069dd5-674b-472e-8f9c-fb3e2a919302" />
      <TestMethod codeBase="TestAssembly.dll" className="TestNamespace.TestClass2" name="Test3515" />
    </UnitTest>
    <UnitTest name="Test3516" id="d35c203f-e4b4-471b-8505-a248ee19b942" storage="TestAssembly.dll">
      <Execution id="7a344f34-c593-4fba-b687-87d1bd813835" />
      <TestMethod codeBase="TestAssembly.dll" className="TestNamespace.TestClass2" name="Test3516" />
    </UnitTest>
    <UnitTest name="Test3517" id="ba218787-e8a0-4354-bb8d-131a96248d16" storage="TestAssembly.dll">
      <Execution id="a3434588-19fb-4217-9a2b-9b5d2352dadf" />
      <TestMethod codeBase="TestAssembly.dll" className="TestNamespace.TestClass2" name="Test3517" />
    </UnitTest>
    <UnitTest name="Test3518" id="2eb38ed4-6ef2-45d8-ae5a-1004fefd871c" storage="TestAssembly.dll">
      <Execution id="62ca87bb-512b-4479-8999-4326baabb916" />
      <TestMethod codeBase="TestAssembly.dll" className="TestNamespace.TestClass2" name="Test3518" />
    </UnitTest>
    <UnitTest name="Test3519" id="30ef1cfa-023d-4c2e-a06c-e53d9c1b274a" storage="TestAssembly.dll">
      <Execution id="536f72b9-5edd-4f86-8be5-9b37bc1efe0d" />
      <TestMethod codeBase="TestAssembly.dll" className="TestNamespace.TestClass2" name="Test3519" />
    </UnitTest>
    <UnitTest name="Test3520" id="69bc4ab9-4e77-4dbf-98be-3ed16e8ce231" storage="TestAssembly.dll">
      <Execution id="90f8743e-994e-418a-b08d-4e3e3828a87b" />
      <TestMethod codeBase="TestAssembly.dll" className="TestNamespace.TestClass2" name="Test3520" />
    </UnitTest>
    <UnitTest name="Test3521" id="3833f9d8-bfe7-414c-94e5-75fe8d2af9a1" storage="TestAssembly.dll">
      <Execution id="731422fd-b71f-4234-bf20-0e9c5d59990a" />
      <TestMethod codeBase="TestAssembly.dll" className="TestNamespace.TestClass3" name="Test3521" />
    </UnitTest>
    <UnitTest name="Test3522" id="c40c0a39-54d0-48b3-a29b-921760d23cdc" storage="TestAssembly.dll">
      <Execution id="c8f54332-c098-4483-98f5-f776e34978b9" />
      <TestMethod codeBase="TestAssembly.dll" className="TestNamespace.TestClass3" name="Test3522" />
    </UnitTest>
    <UnitTest name="Test3523" id="77e9b5e6-8c56-447f-9482-48a9a764e883" storage="TestAssembly.dll">
      <Execution id="2941601d-65b7-497e-a442-5e6c86ccafba" />
      <TestMethod codeBase="TestAssembly.dll" className="TestNamespace.TestClass3" name="Test3523" />
    </UnitTest>
    <UnitTest name="Test3524" id="42d5adce-d014-42f7-bc5f-9c89a0591697" storage="TestAssembly.dll">
      <Execution id="67b406a5-2f52-4053-a2a0-591102059125" />
      <TestMethod codeBase="TestAssembly.dll" className="TestNamespace.TestClass3" name="Test3524" />
    </UnitTest>
    <UnitTest name="Test3525" id="4f285037-36ed-44ba-9acf-7e1061e85fa0" storage="TestAssembly.dll">
      <Execution id="e086a6fd-c03f-437b-9293-2e280a463272" />
      <TestMethod codeBase="TestAssembly.dll" className="TestNamespace.TestClass3" name="Test3525" />
    </UnitTest>
    <UnitTest name="Test3526" id="26faf0b0-9835-4ab6-94b1-d6e59c3881fa" storage="TestAssembly.dll">
      <Execution id="0fb8b585-b5b5-4835-958b-515f434744d0" />
      <TestMethod codeBase="TestAssembly.dll" className="TestNamespace.TestClass3" name="Test3526" />
    </UnitTest>
    <UnitTest name="Test3527" id="25cfeaee-d463-445a-9876-241aa2247046" storage="TestAssembly.dll">
      <Execution id="491a62c4-4c82-442a-a705-9a301e32bbc2" />
      <TestMethod codeBase="TestAssembly.dll" className="TestNamespace.TestClass3" name="Test3527" />
    </UnitTest>
    <UnitTest name="Test3528" id="c5cec7be-77e5-4183-8409-640c2e8a124b" storage="TestAssembly.dll">
      <Execution id="7dc348b1-e69c-467c-920d-3a1284ec1c23" />
      <TestMethod codeBase="TestAssembly.dll" className="TestNamespace.TestClass3" name="Test3528" />
    </UnitTest>
    <UnitTest name="Test3529" id="6f12642f-6650-4129-a20b-2be6342eb0ce" storage="TestAssembly.dll">
      <Execution id="dca5bbe4-65cf-44ab-bb04-f057d7d68d7d" />
      <TestMethod codeBase="TestAssembly.dll" className="TestNamespace.TestClass3" name="Test3529" />
    </UnitTest>
    <UnitTest name="Test3530" id="6d0674d5-64da-45da-a9b7-a691ad8fc662" storage="TestAssembly.dll">
      <Execution id="119ef374-8d48-431f-8355-df342f8b8394" />
      <TestMethod codeBase="TestAssembly.dll" className="TestNamespace.TestClass3" name="Test3530" />
    </UnitTest>
    <UnitTest name="Test3531" id="cc835e5d-6329-4472-8263-01a32c11d4af" storage="TestAssembly.dll">
      <Execution id="4b1d7b06-8ecd-48e2-a083-37f1f832ad53" />
      <TestMethod codeBase="TestAssembly.dll" className="TestNamespace.TestClass4" name="Test3531" />
    </UnitTest>
    <UnitTest name="Test3532" id="0d750708-0c93-4337-a70f-8a9ec9341b2c" storage="TestAssembly.dll">
      <Execution id="44516863-7a3c-4989-b047-9ccae3d4d3b3" />
      <TestMethod codeBase="TestAssembly.dll" className="TestNamespace.TestClass4" name="Test3532" />
    </UnitTest>
    <UnitTest name="Test3533" id="7e328d03-30e6-4ac8-9456-93c464534687" storage="TestAssembly.dll">
      <Execution id="951d2e5a-9b57-4c16-ad8c-c4321121dc30" />
      <TestMethod codeBase="TestAssembly.dll" className="TestNamespace.TestClass4" name="Test3533" />
    </UnitTest>
    <UnitTest name="Test3534" id="7088c53f-bd19-4e09-b9cd-2461856e3f73" storage="TestAssembly.dll">
      <Execution id="940142e0-6234-4cc6-8565-7fde6a916e62" />
      <TestMethod codeBase="TestAssembly.dll" className="TestNamespace.TestClass4" name="Test3534" />
    </UnitTest>
    <UnitTest name="Test3535" id="70fd5a42-2e3f-4398-9dc7-0f6df9b7b51c" storage="TestAssembly.dll">
      <Execution id="8a44ad19-cdd9-439d-b798-af62555a752d" />
      <TestMethod codeBase="TestAssembly.dll" className="TestNamespace.TestClass4" name="Test3535" />
    </UnitTest>
    <UnitTest name="Test3536" id="0fa25965-b62c-4676-8091-8064650bf8da" storage="TestAssembly.dll">
      <Execution id="88b0746d-4382-4a50-8b9d-2ee9cb8836b6" />
      <TestMethod codeBase="TestAssembly.dll" className="TestNamespace.TestClass4" name="Test3536" />
    </UnitTest>
    <UnitTest name="Test3537" id="89485ff9-4b84-4edd-8939-9a7d603b70da" storage="TestAssembly.dll">
      <Execution id="4aecab13-fffb-4427-9f6d-6d9d4012b248" />
      <TestMethod codeBase="TestAssembly.dll" className="TestNamespace.TestClass4" name="Test3537" />
    </UnitTest>
    <UnitTest name="Test3538" id="8c39c877-6c4a-490f-b520-0a4d5bc72403" storage="TestAssembly.dll">
      <Execution id="b4082d97-e9b8-4fd9-a5eb-eada5223cdf9" />
      <TestMethod codeBase="TestAssembly.dll" className="TestNamespace.TestClass4" name="Test3538" />
    </UnitTest>
    <UnitTest name="Test3539" id="a12a2142-1461-4302-ad23-495acb123af8" storage="TestAssembly.dll">
      <Execution id="78193d26-151a-4e00-ac4d-3e37f00bac84" />
      <TestMethod codeBase="TestAssembly.dll" className="TestNamespace.TestClass4" name="Test3539" />
    </UnitTest>
    <UnitTest name="Test3540" id="7e7a3fe9-918e-45f4-bb80-5353d3f4c70d" storage="TestAssembly.dll">
      <Execution id="74a2fa11-846d-4c2b-8705-4eac26021374" />
      <TestMethod codeBase="TestAssembly.dll" className="TestNamespace.TestClass4" name="Test3540" />
    </UnitTest>
    <UnitTest name="Test3541" id="de9f1fac-8838-4813-8c41-263ec0e576c0" storage="TestAssembly.dll">
      <Execution id="a0425b3d-559d-4ddb-aeee-7d7f19a78455" />
      <TestMethod codeBase="TestAssembly.dll" className="TestNamespace.TestClass5" name="Test3541" />
    </UnitTest>
    <UnitTest name="Test3542" id="e8c5d77b-2a40-4d02-9fd1-cad24c64415b" storage="TestAssembly.dll">
      <Execution id="e58748ce-c5ec-4756-94ca-386332b17e7c" />
      <TestMethod codeBase="TestAssembly.dll" className="TestNamespace.TestClass5" name="Test3542" />
    </UnitTest>
    <UnitTest name="Test3543" id="fac39110-c0ac-41eb-8a6e-6c08b68f876c" storage="TestAssembly.dll">
      <Execution id="9b2c559c-7c3e-41c4-b1fd-357b47ee24c7" />
      <TestMethod codeBase="TestAssembly.dll" className="TestNamespace.TestClass5" name="Test3543" />
    </UnitTest>
    <UnitTest name="Test3544" id="7844aa12-737c-4c66-b0cd-67bc3006c14e" storage="TestAssembly.dll">
      <Execution id="6f9dbc46-5535-4357-8a26-7db58348df57" />
      <TestMethod codeBase="TestAssembly.dll" className="TestNamespace.TestClass5" name="Test3544" />
    </UnitTest>
    <UnitTest name="Test3545" id="851040e9-486c-44e8-9cc9-46b087eb71c3" storage="TestAssembly.dll">
      <Execution id="ef6e7b83-5c8b-474b-b505-a97dfb14ccb3" />
      <TestMethod codeBase="TestAssembly.dll" className="TestNamespace.TestClass5" name="Test3545" />
    </UnitTest>
    <UnitTest name="Test3546" id="9766dd43-bc52-4c0e-80f4-90eca5939bfb" storage="TestAssembly.dll">
      <Execution id="bec1c7fd-1d2f-4f55-b2c3-ca04fef6df37" />
      <TestMethod codeBase="TestAssembly.dll" className="TestNamespace.TestClass5" name="Test3546" />
    </UnitTest>
    <UnitTest name="Test3547" id="4fb36603-ad0a-4bab-b023-9bb51de73fb5" storage="TestAssembly.dll">
      <Execution id="e76cf7f3-7168-4627-aec6-13aaf2ad57e9" />
      <TestMethod codeBase="TestAssembly.dll" className="TestNamespace.TestClass5" name="Test3547" />
    </UnitTest>
    <UnitTest name="Test3548" id="0bbba6a3-54a0-4833-ad20-39e6f822d0eb" storage="TestAssembly.dll">
      <Execution id="c6133c61-ec83-4bd2-a435-e92f0e8a39ad" />
      <TestMethod codeBase="TestAssembly.dll" className="TestNamespace.TestClass5" name="Test3548" />
    </UnitTest>
    <UnitTest name="Test3549" id="009ffd92-2191-4d79-9b68-8a9627e2f128" storage="TestAssembly.dll">
      <Execution id="778f70bd-31ab-4309-a157-56a299796ad5" />
      <TestMethod codeBase="TestAssembly.dll" className="TestNamespace.TestClass5" name="Test3549" />
    </UnitTest>
    <UnitTest name="Test3550" id="c55b5b90-6a86-4d9d-905c-23dbb0a6c162" storage="TestAssembly.dll">
      <Execution id="ebe0fe3d-3dae-4fc0-9220-488ef1fef385" />
      <TestMethod codeBase="TestAssembly.dll" className="TestNamespace.TestClass5" name="Test3550" />
    </UnitTest>
    <UnitTest name="Test3551" id="7407ff88-caef-45a5-a20c-07d3c3aadc56" storage="TestAssembly.dll">
      <Execution id="e2790f4b-2357-410a-8b5e-c73240bb2144" />
      <TestMethod codeBase="TestAssembly.dll" className="TestNamespace.TestClass6" name="Test3551" />
    </UnitTest>
    <UnitTest name="Test3552" id="768e6d54-e0c9-4d3f-84f4-93b184fe6acd" storage="TestAssembly.dll">
      <Execution id="429be8ee-ef1b-494f-a294-4992a2e136c3" />
      <TestMethod codeBase="TestAssembly.dll" className="TestNamespace.TestClass6" name="Test3552" />
    </UnitTest>
    <UnitTest name="Test3553" id="4d75f1ac-3ca5-4e56-9b6e-8ffa6f3d64f6" storage="TestAssembly.dll">
      <Execution id="10c535ba-e47f-4bc2-88e1-51bfc9a9da80" />
      <TestMethod codeBase="TestAssembly.dll" className="TestNamespace.TestClass6" name="Test3553" />
    </UnitTest>
    <UnitTest name="Test3554" id="642dba1f-708e-43b9-8a6d-7660133d5c44" storage="TestAssembly.dll">
      <Execution id="bb9115d7-8777-4aa0-b8be-67d02a1b406d" />
      <TestMethod codeBase="TestAssembly.dll" className="TestNamespace.TestClass6" name="Test3554" />
    </UnitTest>
    <UnitTest name="Test3555" id="11bd7a35-97c9-46a1-bc79-0e694374d660" storage="TestAssembly.dll">
      <Execution id="f0d6856d-5719-462b-8991-0869007e71f1" />
      <TestMethod codeBase="TestAssembly.dll" className="TestNamespace.TestClass6" name="Test3555" />
    </UnitTest>
    <UnitTest name="Test3556" id="f81447ac-cf92-4c3c-80f1-f7e11025dbcc" storage="TestAssembly.dll">
      <Execution id="1c1d2e54-789c-4879-8378-a50bcddc8059" />
      <TestMethod codeBase="TestAssembly.dll" className="TestNamespace.TestClass6" name="Test3556" />
    </UnitTest>
    <UnitTest name="Test3557" id="fa09e242-fadb-4524-87e7-f20cf761b3c5" storage="TestAssembly.dll">
      <Execution id="9582abec-b90e-4c15-bda9-b83b3bb8f5e5" />
      <TestMethod codeBase="TestAssembly.dll" className="TestNamespace.TestClass6" name="Test3557" />
    </UnitTest>
    <UnitTest name="Test3558" id="f93586de-5b40-490c-b179-74bfd14d0520" storage="TestAssembly.dll">
      <Execution id="144cac05-8890-4732-81b7-98840a690175" />
      <TestMethod codeBase="TestAssembly.dll" className="TestNamespace.TestClass6" name="Test3558" />
    </UnitTest>
    <UnitTest name="Test3559" id="534b72a3-5e71-44bf-a8d0-f7ff778baca9" storage="TestAssembly.dll">
      <Execution id="394b659d-7115-4602-b686-9ef7643a1087" />
      <TestMethod codeBase="TestAssembly.dll" className="TestNamespace.TestClass6" name="Test3559" />
    </UnitTest>
    <UnitTest name="Test3560" id="2da19087-441e-47e8-8db9-2482cd2104ee" storage="TestAssembly.dll">
      <Execution id="a172fe16-bf44-49fb-951b-bd7d68e1e50b" />
      <TestMethod codeBase="TestAssembly.dll" className="TestNamespace.TestClass6" name="Test3560" />
    </UnitTest>
    <UnitTest name="Test3561" id="da52fc87-a2fb-48b8-a58b-9252ea3fb524" storage="TestAssembly.dll">
      <Execution id="47f4fdc1-af48-4b60-b063-af88e3147ca5" />
      <TestMethod codeBase="TestAssembly.dll" className="TestNamespace.TestClass7" name="Test3561" />
    </UnitTest>
    <UnitTest name="Test3562" id="b9ffbced-1301-460c-8c0f-cb617c5ed0d9" storage="TestAssembly.dll">
      <Execution id="ae3253aa-b6b6-4d48-8027-5bca7a8bfd0a" />
      <TestMethod codeBase="TestAssembly.dll" className="TestNamespace.TestClass7" name="Test3562" />
    </UnitTest>
    <UnitTest name="Test3563" id="bad98638-2a37-47ef-acf7-f04d37371f25" storage="TestAssembly.dll">
      <Execution id="2d9387bd-c512-4ba7-b20a-4111378f492f" />
      <TestMethod codeBase="TestAssembly.dll" className="TestNamespace.TestClass7" name="Test3563" />
    </UnitTest>
    <UnitTest name="Test3564" id="7e6ae015-288c-466f-a05d-2601548df87f" storage="TestAssembly.dll">
      <Execution id="341d9367-0703-4999-981a-a0f2a8cbf65d" />
      <TestMethod codeBase="TestAssembly.dll" className="TestNamespace.TestClass7" name="Test3564" />
    </UnitTest>
    <UnitTest name="Test3565" id="3c383941-ae6e-4fe9-8534-bf11b9a98d47" storage="TestAssembly.dll">
      <Execution id="b5aa6feb-df7d-4816-ac37-96ac4dddfc5f" />
      <TestMethod codeBase="TestAssembly.dll" className="TestNamespace.TestClass7" name="Test3565" />
    </UnitTest>
    <UnitTest name="Test3566" id="f5575fc4-3177-473f-8907-691f168d904e" storage="TestAssembly.dll">
      <Execution id="ed8fa06e-b83a-4dec-8a16-18722d5e91d4" />
      <TestMethod codeBase="TestAssembly.dll" className="TestNamespace.TestClass7" name="Test3566" />
    </UnitTest>
    <UnitTest name="Test3567" id="e9745ba4-1f5f-4b5f-9cd9-ba1b3ea24d00" storage="TestAssembly.dll">
      <Execution id="d43db143-6001-473c-b202-c61661371a28" />
      <TestMethod codeBase="TestAssembly.dll" className="TestNamespace.TestClass7" name="Test3567" />
    </UnitTest>
    <UnitTest name="Test3568" id="94f9c2fb-d11d-44e4-9a54-4af60aa499bb" storage="TestAssembly.dll">
      <Execution id="0f7fc554-461e-4b22-bf07-67c1f2b0fb42" />
      <TestMethod codeBase="TestAssembly.dll" className="TestNamespace.TestClass7" name="Test3568" />
    </UnitTest>
    <UnitTest name="Test3569" id="6cbf4dfc-7059-4953-bc4e-1379c2237ca3" storage="TestAssembly.dll">
      <Execution id="1c8e67c4-3228-405d-a233-8195412eda91" />
      <TestMethod codeBase="TestAssembly.dll" className="TestNamespace.TestClass7" name="Test3569" />
    </UnitTest>
    <UnitTest name="Test3570" id="544feb1d-86d5-4998-931e-0facf7e6e35b" storage="TestAssembly.dll">
      <Execution id="2355e29f-0561-4107-9762-de7adf1f0e4c" />
      <TestMethod codeBase="TestAssembly.dll" className="TestNamespace.TestClass7" name="Test3570" />
    </UnitTest>
    <UnitTest name="Test3571" id="0ab5ed97-934b-41ef-8f56-9b31cf42415b" storage="TestAssembly.dll">
      <Execution id="03eae31f-5184-4000-99d5-7ef24b92aace" />
      <TestMethod codeBase="TestAssembly.dll" className="TestNamespace.TestClass8" name="Test3571" />
    </UnitTest>
    <UnitTest name="Test3572" id="870fac29-236f-44af-95f1-60001ecebbdb" storage="TestAssembly.dll">
      <Execution id="f0110284-4808-4916-8f8f-d300a0ea4825" />
      <TestMethod codeBase="TestAssembly.dll" className="TestNamespace.TestClass8" name="Test3572" />
    </UnitTest>
    <UnitTest name="Test3573" id="e7d53f6d-1a64-4a82-ab23-359f3bfe9916" storage="TestAssembly.dll">
      <Execution id="e7be9298-92c5-455c-861a-ce31b84294c6" />
      <TestMethod codeBase="TestAssembly.dll" className="TestNamespace.TestClass8" name="Test3573" />
    </UnitTest>
    <UnitTest name="Test3574" id="fe6f60e2-a5d3-47db-9a00-e64fe12a916c" storage="TestAssembly.dll">
      <Execution id="ead6e097-377d-4605-9db5-f78061f03a8c" />
      <TestMethod codeBase="TestAssembly.dll" className="TestNamespace.TestClass8" name="Test3574" />
    </UnitTest>
    <UnitTest name="Test3575" id="579d214d-09d5-4dcd-8f80-b723251652d6" storage="TestAssembly.dll">
      <Execution id="b6aa3e35-1f03-40c4-be57-7f7ce483837d" />
      <TestMethod codeBase="TestAssembly.dll" className="TestNamespace.TestClass8" name="Test3575" />
    </UnitTest>
    <UnitTest name="Test3576" id="fa950467-a9bf-4664-98be-41d2274691e1" storage="TestAssembly.dll">
      <Execution id="47cf698a-a4a2-4170-8f82-ed89cb206563" />
      <TestMethod codeBase="TestAssembly.dll" className="TestNamespace.TestClass8" name="Test3576" />
    </UnitTest>
    <UnitTest name="Test3577" id="df90e660-5e48-428b-9446-7093813c8077" storage="TestAssembly.dll">
      <Execution id="af9f3aac-0a6c-4bbf-8142-74766c10cf89" />
      <TestMethod codeBase="TestAssembly.dll" className="TestNamespace.TestClass8" name="Test3577" />
    </UnitTest>
    <UnitTest name="Test3578" id="4131a01d-7a1e-472e-ba5b-a103376d77fa" storage="TestAssembly.dll">
      <Execution id="db8d5215-5ba3-4953-b22f-bfd4db4ca0ef" />
      <TestMethod codeBase="TestAssembly.dll" className="TestNamespace.TestClass8" name="Test3578" />
    </UnitTest>
    <UnitTest name="Test3579" id="de2d6404-9df7-490a-be35-5557c2185aa3" storage="TestAssembly.dll">
      <Execution id="37bee1b9-3906-48fe-8e9f-6d6c02fba259" />
      <TestMethod codeBase="TestAssembly.dll" className="TestNamespace.TestClass8" name="Test3579" />
    </UnitTest>
    <UnitTest name="Test3580" id="c3c6ad27-19d2-40fa-aa25-f26b02000a56" storage="TestAssembly.dll">
      <Execution id="d32021ce-efda-4d73-97ad-81c8ff32acfa" />
      <TestMethod codeBase="TestAssembly.dll" className="TestNamespace.TestClass8" name="Test3580" />
    </UnitTest>
    <UnitTest name="Test3581" id="efcc6b6a-d709-4d2d-a58a-0f878259671f" storage="TestAssembly.dll">
      <Execution id="078dab5e-d040-47fc-a823-c0d1f343492a" />
      <TestMethod codeBase="TestAssembly.dll" className="TestNamespace.TestClass9" name="Test3581" />
    </UnitTest>
    <UnitTest name="Test3582" id="db3dd54b-7bc2-4e8b-9599-fabed2e52174" storage="TestAssembly.dll">
      <Execution id="e0499684-e6f8-4a33-a016-d8a01204566f" />
      <TestMethod codeBase="TestAssembly.dll" className="TestNamespace.TestClass9" name="Test3582" />
    </UnitTest>
    <UnitTest name="Test3583" id="f2666492-c4bc-44ec-858a-e3a52b0eb780" storage="TestAssembly.dll">
      <Execution id="6e4488ca-795e-4bfc-8023-b90ce5fc1695" />
      <TestMethod codeBase="TestAssembly.dll" className="TestNamespace.TestClass9" name="Test3583" />
    </UnitTest>
    <UnitTest name="Test3584" id="9bf5cc73-8883-411e-a5d8-07cd1e9733ef" storage="TestAssembly.dll">
      <Execution id="ea5058fb-321d-469a-bf38-a3f28465a25e" />
      <TestMethod codeBase="TestAssembly.dll" className="TestNamespace.TestClass9" name="Test3584" />
    </UnitTest>
    <UnitTest name="Test3585" id="e3750703-63dc-48a3-a4b0-19eb026e6b08" storage="TestAssembly.dll">
      <Execution id="9bc5e9ee-013c-4d7c-ae88-9f9372aa15b1" />
      <TestMethod codeBase="TestAssembly.dll" className="TestNamespace.TestClass9" name="Test3585" />
    </UnitTest>
    <UnitTest name="Test3586" id="4c0ec420-78d6-4a7c-a274-d5adbe7ec5b1" storage="TestAssembly.dll">
      <Execution id="3e30f7a2-c046-483f-a93a-22175f39ec3c" />
      <TestMethod codeBase="TestAssembly.dll" className="TestNamespace.TestClass9" name="Test3586" />
    </UnitTest>
    <UnitTest name="Test3587" id="65c05bbc-881f-4534-b032-6b32ae40bab3" storage="TestAssembly.dll">
      <Execution id="d3830d86-b44c-437a-988b-6224667634a6" />
      <TestMethod codeBase="TestAssembly.dll" className="TestNamespace.TestClass9" name="Test3587" />
    </UnitTest>
    <UnitTest name="Test3588" id="1e5d27bc-d883-47d5-b58a-bb998488a136" storage="TestAssembly.dll">
      <Execution id="1aa4df8b-fb78-4bb0-9ed8-af6a5378f7a9" />
      <TestMethod codeBase="TestAssembly.dll" className="TestNamespace.TestClass9" name="Test3588" />
    </UnitTest>
    <UnitTest name="Test3589" id="c3308af3-ae09-4aa8-9be8-519dbe61ae56" storage="TestAssembly.dll">
      <Execution id="a7820d7f-326e-4b15-bdc1-1d8d8e66e301" />
      <TestMethod codeBase="TestAssembly.dll" className="TestNamespace.TestClass9" name="Test3589" />
    </UnitTest>
    <UnitTest name="Test3590" id="0a09cc43-ce97-40b2-b929-c03937195461" storage="TestAssembly.dll">
      <Execution id="acae8d4f-4f6f-4355-83a8-2f4a64c2ee42" />
      <TestMethod codeBase="TestAssembly.dll" className="TestNamespace.TestClass9" name="Test3590" />
    </UnitTest>
    <UnitTest name="Test3591" id="0fbebbc4-78a3-4f9e-b721-26fa0a39d5e1" storage="TestAssembly.dll">
      <Execution id="2fba1956-5954-422d-a21e-eedf3cf673db" />
      <TestMethod codeBase="TestAssembly.dll" className="TestNamespace.TestClass10" name="Test3591" />
    </UnitTest>
    <UnitTest name="Test3592" id="8ff6e665-a204-4bd3-ac34-e9c31ffb1f60" storage="TestAssembly.dll">
      <Execution id="301ae682-0406-4cea-84d5-d8c7b60d4e46" />
      <TestMethod codeBase="TestAssembly.dll" className="TestNamespace.TestClass10" name="Test3592" />
    </UnitTest>
    <UnitTest name="Test3593" id="4747d4c0-158b-4d43-a14c-52af289dc352" storage="TestAssembly.dll">
      <Execution id="a6adbdcd-728a-4f04-8677-5b3da642574c" />
      <TestMethod codeBase="TestAssembly.dll" className="TestNamespace.TestClass10" name="Test3593" />
    </UnitTest>
    <UnitTest name="Test3594" id="189b16c9-67fb-49fe-b66b-3206f84c2fc3" storage="TestAssembly.dll">
      <Execution id="e2388fb4-a8d6-452a-9051-c365bc7da0c5" />
      <TestMethod codeBase="TestAssembly.dll" className="TestNamespace.TestClass10" name="Test3594" />
    </UnitTest>
    <UnitTest name="Test3595" id="b0f5e57d-34b4-4aed-a9db-0277d5c70cd9" storage="TestAssembly.dll">
      <Execution id="134ae276-a044-4f4a-a070-d88b199f5eb6" />
      <TestMethod codeBase="TestAssembly.dll" className="TestNamespace.TestClass10" name="Test3595" />
    </UnitTest>
    <UnitTest name="Test3596" id="2a96575d-c083-4240-a253-94c7ff8ef5e6" storage="TestAssembly.dll">
      <Execution id="7f76f9e7-13c5-45b9-85c9-13f89cb27a60" />
      <TestMethod codeBase="TestAssembly.dll" className="TestNamespace.TestClass10" name="Test3596" />
    </UnitTest>
    <UnitTest name="Test3597" id="f0b2d330-a9e9-439e-9d17-c50e2283ef21" storage="TestAssembly.dll">
      <Execution id="ad0450aa-1e93-47b6-b529-cd12efdef65b" />
      <TestMethod codeBase="TestAssembly.dll" className="TestNamespace.TestClass10" name="Test3597" />
    </UnitTest>
    <UnitTest name="Test3598" id="c9c02849-dbbb-4c60-a74f-288fa8a1a155" storage="TestAssembly.dll">
      <Execution id="b847ccd9-0d4e-45e3-bc98-99226d4d3d4f" />
      <TestMethod codeBase="TestAssembly.dll" className="TestNamespace.TestClass10" name="Test3598" />
    </UnitTest>
    <UnitTest name="Test3599" id="ea8fcab8-a895-4d84-9692-a5f2fade9a65" storage="TestAssembly.dll">
      <Execution id="861095a8-e997-4c71-9799-ba2a2b90c627" />
      <TestMethod codeBase="TestAssembly.dll" className="TestNamespace.TestClass10" name="Test3599" />
    </UnitTest>
    <UnitTest name="Test3600" id="44b17e57-471c-4536-8ee0-6f407e620011" storage="TestAssembly.dll">
      <Execution id="3b4a4313-bdbb-48d7-8a32-269a9082283a" />
      <TestMethod codeBase="TestAssembly.dll" className="TestNamespace.TestClass10" name="Test3600" />
    </UnitTest>
  </TestDefinitions>
  <TestEntries>
    <TestEntry testId="f52c31fb-ef6e-495e-85d4-72fa642e8b5b" executionId="f5836607-de00-41e8-9f21-70bb0aeb9b0b" testListId="d5b5e7e1-9818-4f13-973e-863f1a8db15e" />
    <TestEntry testId="383aa8c0-37b9-4b28-b6dd-5b43771744fb" executionId="ffc129c8-ede9-4abe-a0e5-3cb3f5d1b1ed" testListId="d5b5e7e1-9818-4f13-973e-863f1a8db15e" />
    <TestEntry testId="43e82245-ce95-4db2-8e2b-0fce1f1ed2d3" executionId="0acffd87-f535-4a72-a7e5-94210e4cebb9" testListId="d5b5e7e1-9818-4f13-973e-863f1a8db15e" />
    <TestEntry testId="1188967a-7b68-4879-8ee1-5f58f31809dd" executionId="44599d7f-5736-4df0-b503-c8a8e361a2b1" testListId="d5b5e7e1-9818-4f13-973e-863f1a8db15e" />
    <TestEntry testId="b23495bb-2634-4c3b-9a92-ee976fc00b57" executionId="83cf418d-ed55-40e1-829c-1f820fac2005" testListId="d5b5e7e1-9818-4f13-973e-863f1a8db15e" />
    <TestEntry testId="c3573782-e610-4ff8-8c09-d4f867891c48" executionId="1156e09c-3a10-4cc7-b35f-986cba2aec58" testListId="d5b5e7e1-9818-4f13-973e-863f1a8db15e" />
    <TestEntry testId="92993166-5d78-4d50-ad72-dd128e560e57" executionId="cb966657-918f-465f-8c86-3dd41b8100cc" testListId="d5b5e7e1-9818-4f13-973e-863f1a8db15e" />
    <TestEntry testId="9c3191bc-2a63-4fcc-b3f2-ae707a91e970" executionId="9c2f0665-8dbb-4766-8789-235385fe912e" testListId="d5b5e7e1-9818-4f13-973e-863f1a8db15e" />
    <TestEntry testId="2896cb3a-fefb-44b3-ac5e-fe9368b8afe5" executionId="a76d1604-c72c-4300-a34b-25ac745cd39b" testListId="d5b5e7e1-9818-4f13-973e-863f1a8db15e" />
    <TestEntry testId="44f939ea-429b-4a2c-ac2c-0caca101617d" executionId="ee32797b-9016-4f72-a3d5-a6cf4e64722c" testListId="d5b5e7e1-9818-4f13-973e-863f1a8db15e" />
    <TestEntry testId="9ae16c21-9dc2-49ec-94cf-b67d9ee7e242" executionId="ba267819-0607-4a01-b9f6-c339924d85de" testListId="d5b5e7e1-9818-4f13-973e-863f1a8db15e" />
    <TestEntry testId="d519e6db-7b92-47c9-8d98-5ec7017d6b39" executionId="7ca64c76-4a6d-4a07-9216-1d4d5f4ef224" testListId="d5b5e7e1-9818-4f13-973e-863f1a8db15e" />
    <TestEntry testId="4bb56878-1a3d-48f1-aa8e-019fff928698" executionId="81d3fdf9-73e5-48e0-afcd-d09d06bfa990" testListId="d5b5e7e1-9818-4f13-973e-863f1a8db15e" />
    <TestEntry testId="fb8bdb88-5eb5-4b14-9e5e-585b06dbbef9" executionId="22f07583-4a48-4d39-89b4-116a5ebbda30" testListId="d5b5e7e1-9818-4f13-973e-863f1a8db15e" />
    <TestEntry testId="d4fcdb53-b640-4ae7-b38d-eb9cecb40384" executionId="42069dd5-674b-472e-8f9c-fb3e2a919302" testListId="d5b5e7e1-9818-4f13-973e-863f1a8db15e" />
    <TestEntry testId="d35c203f-e4b4-471b-8505-a248ee19b942" executionId="7a344f34-c593-4fba-b687-87d1bd813835" testListId="d5b5e7e1-9818-4f13-973e-863f1a8db15e" />
    <TestEntry testId="ba218787-e8a0-4354-bb8d-131a96248d16" executionId="a3434588-19fb-4217-9a2b-9b5d2352dadf" testListId="d5b5e7e1-9818-4f13-973e-863f1a8db15e" />
    <TestEntry testId="2eb38ed4-6ef2-45d8-ae5a-1004fefd871c" executionId="62ca87bb-512b-4479-8999-4326baabb916" testListId="d5b5e7e1-9818-4f13-973e-863f1a8db15e" />
    <TestEntry testId="30ef1cfa-023d-4c2e-a06c-e53d9c1b274a" executionId="536f72b9-5edd-4f86-8be5-9b37bc1efe0d" testListId="d5b5e7e1-9818-4f13-973e-863f1a8db15e" />
    <TestEntry testId="69bc4ab9-4e77-4dbf-98be-3ed16e8ce231" executionId="90f8743e-994e-418a-b08d-4e3e3828a87b" testListId="d5b5e7e1-9818-4f13-973e-863f1a8db15e" />
    <TestEntry testId="3833f9d8-bfe7-414c-94e5-75fe8d2af9a1" executionId="731422fd-b71f-4234-bf20-0e9c5d59990a" testListId="d5b5e7e1-9818-4f13-973e-863f1a8db15e" />
    <TestEntry testId="c40c0a39-54d0-48b3-a29b-921760d23cdc" executionId="c8f54332-c098-4483-98f5-f776e34978b9" testListId="d5b5e7e1-9818-4f13-973e-863f1a8db15e" />
    <TestEntry testId="77e9b5e6-8c56-447f-9482-48a9a764e883" executionId="2941601d-65b7-497e-a442-5e6c86ccafba" testListId="d5b5e7e1-9818-4f13-973e-863f1a8db15e" />
    <TestEntry testId="42d5adce-d014-42f7-bc5f-9c89a0591697" executionId="67b406a5-2f52-4053-a2a0-591102059125" testListId="d5b5e7e1-9818-4f13-973e-863f1a8db15e" />
    <TestEntry testId="4f285037-36ed-44ba-9acf-7e1061e85fa0" executionId="e086a6fd-c03f-437b-9293-2e280a463272" testListId="d5b5e7e1-9818-4f13-973e-863f1a8db15e" />
    <TestEntry testId="26faf0b0-9835-4ab6-94b1-d6e59c3881fa" executionId="0fb8b585-b5b5-4835-958b-515f434744d0" testListId="d5b5e7e1-9818-4f13-973e-863f1a8db15e" />
    <TestEntry testId="25cfeaee-d463-445a-9876-241aa2247046" executionId="491a62c4-4c82-442a-a705-9a301e32bbc2" testListId="d5b5e7e1-9818-4f13-973e-863f1a8db15e" />
    <TestEntry testId="c5cec7be-77e5-4183-8409-640c2e8a124b" executionId="7dc348b1-e69c-467c-920d-3a1284ec1c23" testListId="d5b5e7e1-9818-4f13-973e-863f1a8db15e" />
    <TestEntry testId="6f12642f-6650-4129-a20b-2be6342eb0ce" executionId="dca5bbe4-65cf-44ab-bb04-f057d7d68d7d" testListId="d5b5e7e1-9818-4f13-973e-863f1a8db15e" />
    <TestEntry testId="6d0674d5-64da-45da-a9b7-a691ad8fc662" executionId="119ef374-8d48-431f-8355-df342f8b8394" testListId="d5b5e7e1-9818-4f13-973e-863f1a8db15e" />
    <TestEntry testId="cc835e5d-6329-4472-8263-01a32c11d4af" executionId="4b1d7b06-8ecd-48e2-a083-37f1f832ad53" testListId="d5b5e7e1-9818-4f13-973e-863f1a8db15e" />
    <TestEntry testId="0d750708-0c93-4337-a70f-8a9ec9341b2c" executionId="44516863-7a3c-4989-b047-9ccae3d4d3b3" testListId="d5b5e7e1-9818-4f13-973e-863f1a8db15e" />
    <TestEntry testId="7e328d03-30e6-4ac8-9456-93c464534687" executionId="951d2e5a-9b57-4c16-ad8c-c4321121dc30" testListId="d5b5e7e1-9818-4f13-973e-863f1a8db15e" />
    <TestEntry testId="7088c53f-bd19-4e09-b9cd-2461856e3f73" executionId="940142e0-6234-4cc6-8565-7fde6a916e62" testListId="d5b5e7e1-9818-4f13-973e-863f1a8db15e" />
    <TestEntry testId="70fd5a42-2e3f-4398-9dc7-0f6df9b7b51c" executionId="8a44ad19-cdd9-439d-b798-af62555a752d" testListId="d5b5e7e1-9818-4f13-973e-863f1a8db15e" />
    <TestEntry testId="0fa25965-b62c-4676-8091-8064650bf8da" executionId="88b0746d-4382-4a50-8b9d-2ee9cb8836b6" testListId="d5b5e7e1-9818-4f13-973e-863f1a8db15e" />
    <TestEntry testId="89485ff9-4b84-4edd-8939-9a7d603b70da" executionId="4aecab13-fffb-4427-9f6d-6d9d4012b248" testListId="d5b5e7e1-9818-4f13-973e-863f1a8db15e" />
    <TestEntry testId="8c39c877-6c4a-490f-b520-0a4d5bc72403" executionId="b4082d97-e9b8-4fd9-a5eb-eada5223cdf9" testListId="d5b5e7e1-9818-4f13-973e-863f1a8db15e" />
    <TestEntry testId="a12a2142-1461-4302-ad23-495acb123af8" executionId="78193d26-151a-4e00-ac4d-3e37f00bac84" testListId="d5b5e7e1-9818-4f13-973e-863f1a8db15e" />
    <TestEntry testId="7e7a3fe9-918e-45f4-bb80-5353d3f4c70d" executionId="74a2fa11-846d-4c2b-8705-4eac26021374" testListId="d5b5e7e1-9818-4f13-973e-863f1a8db15e" />
    <TestEntry testId="de9f1fac-8838-4813-8c41-263ec0e576c0" executionId="a0425b3d-559d-4ddb-aeee-7d7f19a78455" testListId="d5b5e7e1-9818-4f13-973e-863f1a8db15e" />
    <TestEntry testId="e8c5d77b-2a40-4d02-9fd1-cad24c64415b" executionId="e58748ce-c5ec-4756-94ca-386332b17e7c" testListId="d5b5e7e1-9818-4f13-973e-863f1a8db15e" />
    <TestEntry testId="fac39110-c0ac-41eb-8a6e-6c08b68f876c" executionId="9b2c559c-7c3e-41c4-b1fd-357b47ee24c7" testListId="d5b5e7e1-9818-4f13-973e-863f1a8db15e" />
    <TestEntry testId="7844aa12-737c-4c66-b0cd-67bc3006c14e" executionId="6f9dbc46-5535-4357-8a26-7db58348df57" testListId="d5b5e7e1-9818-4f13-973e-863f1a8db15e" />
    <TestEntry testId="851040e9-486c-44e8-9cc9-46b087eb71c3" executionId="ef6e7b83-5c8b-474b-b505-a97dfb14ccb3" testListId="d5b5e7e1-9818-4f13-973e-863f1a8db15e" />
    <TestEntry testId="9766dd43-bc52-4c0e-80f4-90eca5939bfb" executionId="bec1c7fd-1d2f-4f55-b2c3-ca04fef6df37" testListId="d5b5e7e1-9818-4f13-973e-863f1a8db15e" />
    <TestEntry testId="4fb36603-ad0a-4bab-b023-9bb51de73fb5" executionId="e76cf7f3-7168-4627-aec6-13aaf2ad57e9" testListId="d5b5e7e1-9818-4f13-973e-863f1a8db15e" />
    <TestEntry testId="0bbba6a3-54a0-4833-ad20-39e6f822d0eb" executionId="c6133c61-ec83-4bd2-a435-e92f0e8a39ad" testListId="d5b5e7e1-9818-4f13-973e-863f1a8db15e" />
    <TestEntry testId="009ffd92-2191-4d79-9b68-8a9627e2f128" executionId="778f70bd-31ab-4309-a157-56a299796ad5" testListId="d5b5e7e1-9818-4f13-973e-863f1a8db15e" />
    <TestEntry testId="c55b5b90-6a86-4d9d-905c-23dbb0a6c162" executionId="ebe0fe3d-3dae-4fc0-9220-488ef1fef385" testListId="d5b5e7e1-9818-4f13-973e-863f1a8db15e" />
    <TestEntry testId="7407ff88-caef-45a5-a20c-07d3c3aadc56" executionId="e2790f4b-2357-410a-8b5e-c73240bb2144" testListId="d5b5e7e1-9818-4f13-973e-863f1a8db15e" />
    <TestEntry testId="768e6d54-e0c9-4d3f-84f4-93b184fe6acd" executionId="429be8ee-ef1b-494f-a294-4992a2e136c3" testListId="d5b5e7e1-9818-4f13-973e-863f1a8db15e" />
    <TestEntry testId="4d75f1ac-3ca5-4e56-9b6e-8ffa6f3d64f6" executionId="10c535ba-e47f-4bc2-88e1-51bfc9a9da80" testListId="d5b5e7e1-9818-4f13-973e-863f1a8db15e" />
    <TestEntry testId="642dba1f-708e-43b9-8a6d-7660133d5c44" executionId="bb9115d7-8777-4aa0-b8be-67d02a1b406d" testListId="d5b5e7e1-9818-4f13-973e-863f1a8db15e" />
    <TestEntry testId="11bd7a35-97c9-46a1-bc79-0e694374d660" executionId="f0d6856d-5719-462b-8991-0869007e71f1" testListId="d5b5e7e1-9818-4f13-973e-863f1a8db15e" />
    <TestEntry testId="f81447ac-cf92-4c3c-80f1-f7e11025dbcc" executionId="1c1d2e54-789c-4879-8378-a50bcddc8059" testListId="d5b5e7e1-9818-4f13-973e-863f1a8db15e" />
    <TestEntry testId="fa09e242-fadb-4524-87e7-f20cf761b3c5" executionId="9582abec-b90e-4c15-bda9-b83b3bb8f5e5" testListId="d5b5e7e1-9818-4f13-973e-863f1a8db15e" />
    <TestEntry testId="f93586de-5b40-490c-b179-74bfd14d0520" executionId="144cac05-8890-4732-81b7-98840a690175" testListId="d5b5e7e1-9818-4f13-973e-863f1a8db15e" />
    <TestEntry testId="534b72a3-5e71-44bf-a8d0-f7ff778baca9" executionId="394b659d-7115-4602-b686-9ef7643a1087" testListId="d5b5e7e1-9818-4f13-973e-863f1a8db15e" />
    <TestEntry testId="2da19087-441e-47e8-8db9-2482cd2104ee" executionId="a172fe16-bf44-49fb-951b-bd7d68e1e50b" testListId="d5b5e7e1-9818-4f13-973e-863f1a8db15e" />
    <TestEntry testId="da52fc87-a2fb-48b8-a58b-9252ea3fb524" executionId="47f4fdc1-af48-4b60-b063-af88e3147ca5" testListId="d5b5e7e1-9818-4f13-973e-863f1a8db15e" />
    <TestEntry testId="b9ffbced-1301-460c-8c0f-cb617c5ed0d9" executionId="ae3253aa-b6b6-4d48-8027-5bca7a8bfd0a" testListId="d5b5e7e1-9818-4f13-973e-863f1a8db15e" />
    <TestEntry testId="bad98638-2a37-47ef-acf7-f04d37371f25" executionId="2d9387bd-c512-4ba7-b20a-4111378f492f" testListId="d5b5e7e1-9818-4f13-973e-863f1a8db15e" />
    <TestEntry testId="7e6ae015-288c-466f-a05d-2601548df87f" executionId="341d9367-0703-4999-981a-a0f2a8cbf65d" testListId="d5b5e7e1-9818-4f13-973e-863f1a8db15e" />
    <TestEntry testId="3c383941-ae6e-4fe9-8534-bf11b9a98d47" executionId="b5aa6feb-df7d-4816-ac37-96ac4dddfc5f" testListId="d5b5e7e1-9818-4f13-973e-863f1a8db15e" />
    <TestEntry testId="f5575fc4-3177-473f-8907-691f168d904e" executionId="ed8fa06e-b83a-4dec-8a16-18722d5e91d4" testListId="d5b5e7e1-9818-4f13-973e-863f1a8db15e" />
    <TestEntry testId="e9745ba4-1f5f-4b5f-9cd9-ba1b3ea24d00" executionId="d43db143-6001-473c-b202-c61661371a28" testListId="d5b5e7e1-9818-4f13-973e-863f1a8db15e" />
    <TestEntry testId="94f9c2fb-d11d-44e4-9a54-4af60aa499bb" executionId="0f7fc554-461e-4b22-bf07-67c1f2b0fb42" testListId="d5b5e7e1-9818-4f13-973e-863f1a8db15e" />
    <TestEntry testId="6cbf4dfc-7059-4953-bc4e-1379c2237ca3" executionId="1c8e67c4-3228-405d-a233-8195412eda91" testListId="d5b5e7e1-9818-4f13-973e-863f1a8db15e" />
    <TestEntry testId="544feb1d-86d5-4998-931e-0facf7e6e35b" executionId="2355e29f-0561-4107-9762-de7adf1f0e4c" testListId="d5b5e7e1-9818-4f13-973e-863f1a8db15e" />
    <TestEntry testId="0ab5ed97-934b-41ef-8f56-9b31cf42415b" executionId="03eae31f-5184-4000-99d5-7ef24b92aace" testListId="d5b5e7e1-9818-4f13-973e-863f1a8db15e" />
    <TestEntry testId="870fac29-236f-44af-95f1-60001ecebbdb" executionId="f0110284-4808-4916-8f8f-d300a0ea4825" testListId="d5b5e7e1-9818-4f13-973e-863f1a8db15e" />
    <TestEntry testId="e7d53f6d-1a64-4a82-ab23-359f3bfe9916" executionId="e7be9298-92c5-455c-861a-ce31b84294c6" testListId="d5b5e7e1-9818-4f13-973e-863f1a8db15e" />
    <TestEntry testId="fe6f60e2-a5d3-47db-9a00-e64fe12a916c" executionId="ead6e097-377d-4605-9db5-f78061f03a8c" testListId="d5b5e7e1-9818-4f13-973e-863f1a8db15e" />
    <TestEntry testId="579d214d-09d5-4dcd-8f80-b723251652d6" executionId="b6aa3e35-1f03-40c4-be57-7f7ce483837d" testListId="d5b5e7e1-9818-4f13-973e-863f1a8db15e" />
    <TestEntry testId="fa950467-a9bf-4664-98be-41d2274691e1" executionId="47cf698a-a4a2-4170-8f82-ed89cb206563" testListId="d5b5e7e1-9818-4f13-973e-863f1a8db15e" />
    <TestEntry testId="df90e660-5e48-428b-9446-7093813c8077" executionId="af9f3aac-0a6c-4bbf-8142-74766c10cf89" testListId="d5b5e7e1-9818-4f13-973e-863f1a8db15e" />
    <TestEntry testId="4131a01d-7a1e-472e-ba5b-a103376d77fa" executionId="db8d5215-5ba3-4953-b22f-bfd4db4ca0ef" testListId="d5b5e7e1-9818-4f13-973e-863f1a8db15e" />
    <TestEntry testId="de2d6404-9df7-490a-be35-5557c2185aa3" executionId="37bee1b9-3906-48fe-8e9f-6d6c02fba259" testListId="d5b5e7e1-9818-4f13-973e-863f1a8db15e" />
    <TestEntry testId="c3c6ad27-19d2-40fa-aa25-f26b02000a56" executionId="d32021ce-efda-4d73-97ad-81c8ff32acfa" testListId="d5b5e7e1-9818-4f13-973e-863f1a8db15e" />
    <TestEntry testId="efcc6b6a-d709-4d2d-a58a-0f878259671f" executionId="078dab5e-d040-47fc-a823-c0d1f343492a" testListId="d5b5e7e1-9818-4f13-973e-863f1a8db15e" />
    <TestEntry testId="db3dd54b-7bc2-4e8b-9599-fabed2e52174" executionId="e0499684-e6f8-4a33-a016-d8a01204566f" testListId="d5b5e7e1-9818-4f13-973e-863f1a8db15e" />
    <TestEntry testId="f2666492-c4bc-44ec-858a-e3a52b0eb780" executionId="6e4488ca-795e-4bfc-8023-b90ce5fc1695" testListId="d5b5e7e1-9818-4f13-973e-863f1a8db15e" />
    <TestEntry testId="9bf5cc73-8883-411e-a5d8-07cd1e9733ef" executionId="ea5058fb-321d-469a-bf38-a3f28465a25e" testListId="d5b5e7e1-9818-4f13-973e-863f1a8db15e" />
    <TestEntry testId="e3750703-63dc-48a3-a4b0-19eb026e6b08" executionId="9bc5e9ee-013c-4d7c-ae88-9f9372aa15b1" testListId="d5b5e7e1-9818-4f13-973e-863f1a8db15e" />
    <TestEntry testId="4c0ec420-78d6-4a7c-a274-d5adbe7ec5b1" executionId="3e30f7a2-c046-483f-a93a-22175f39ec3c" testListId="d5b5e7e1-9818-4f13-973e-863f1a8db15e" />
    <TestEntry testId="65c05bbc-881f-4534-b032-6b32ae40bab3" executionId="d3830d86-b44c-437a-988b-6224667634a6" testListId="d5b5e7e1-9818-4f13-973e-863f1a8db15e" />
    <TestEntry testId="1e5d27bc-d883-47d5-b58a-bb998488a136" executionId="1aa4df8b-fb78-4bb0-9ed8-af6a5378f7a9" testListId="d5b5e7e1-9818-4f13-973e-863f1a8db15e" />
    <TestEntry testId="c3308af3-ae09-4aa8-9be8-519dbe61ae56" executionId="a7820d7f-326e-4b15-bdc1-1d8d8e66e301" testListId="d5b5e7e1-9818-4f13-973e-863f1a8db15e" />
    <TestEntry testId="0a09cc43-ce97-40b2-b929-c03937195461" executionId="acae8d4f-4f6f-4355-83a8-2f4a64c2ee42" testListId="d5b5e7e1-9818-4f13-973e-863f1a8db15e" />
    <TestEntry testId="0fbebbc4-78a3-4f9e-b721-26fa0a39d5e1" executionId="2fba1956-5954-422d-a21e-eedf3cf673db" testListId="d5b5e7e1-9818-4f13-973e-863f1a8db15e" />
    <TestEntry testId="8ff6e665-a204-4bd3-ac34-e9c31ffb1f60" executionId="301ae682-0406-4cea-84d5-d8c7b60d4e46" testListId="d5b5e7e1-9818-4f13-973e-863f1a8db15e" />
    <TestEntry testId="4747d4c0-158b-4d43-a14c-52af289dc352" executionId="a6adbdcd-728a-4f04-8677-5b3da642574c" testListId="d5b5e7e1-9818-4f13-973e-863f1a8db15e" />
    <TestEntry testId="189b16c9-67fb-49fe-b66b-3206f84c2fc3" executionId="e2388fb4-a8d6-452a-9051-c365bc7da0c5" testListId="d5b5e7e1-9818-4f13-973e-863f1a8db15e" />
    <TestEntry testId="b0f5e57d-34b4-4aed-a9db-0277d5c70cd9" executionId="134ae276-a044-4f4a-a070-d88b199f5eb6" testListId="d5b5e7e1-9818-4f13-973e-863f1a8db15e" />
    <TestEntry testId="2a96575d-c083-4240-a253-94c7ff8ef5e6" executionId="7f76f9e7-13c5-45b9-85c9-13f89cb27a60" testListId="d5b5e7e1-9818-4f13-973e-863f1a8db15e" />
    <TestEntry testId="f0b2d330-a9e9-439e-9d17-c50e2283ef21" executionId="ad0450aa-1e93-47b6-b529-cd12efdef65b" testListId="d5b5e7e1-9818-4f13-973e-863f1a8db15e" />
    <TestEntry testId="c9c02849-dbbb-4c60-a74f-288fa8a1a155" executionId="b847ccd9-0d4e-45e3-bc98-99226d4d3d4f" testListId="d5b5e7e1-9818-4f13-973e-863f1a8db15e" />
    <TestEntry testId="ea8fcab8-a895-4d84-9692-a5f2fade9a65" executionId="861095a8-e997-4c71-9799-ba2a2b90c627" testListId="d5b5e7e1-9818-4f13-973e-863f1a8db15e" />
    <TestEntry testId="44b17e57-471c-4536-8ee0-6f407e620011" executionId="3b4a4313-bdbb-48d7-8a32-269a9082283a" testListId="d5b5e7e1-9818-4f13-973e-863f1a8db15e" />
  </TestEntries>
  <TestLists>
    <TestList name="Results Not in a List" id="d5b5e7e1-9818-4f13-973e-863f1a8db15e" />
    <TestList name="All Loaded Results" id="34eba95d-905b-4b0d-938e-7b7b0a3758d2" />
  </TestLists>
</TestRun>