<?xml version="1.0" encoding="UTF-8"?>
<TestRun id="774c3058-c2d3-429f-9f0f-b6d43421edda" name="Test Run 100" runUser="Oles Galatsan" xmlns="http://microsoft.com/schemas/VisualStudio/TeamTest/2010">
  <Times creation="2025-05-14T13:20:31.3125482Z" queuing="2025-05-14T13:20:31.3125482Z" start="2025-05-14T13:20:31.3146610Z" finish="2025-05-14T13:25:31.3147553Z" />
  <TestSettings name="Test Settings 100" id="7b514640-9ef4-485b-ba6e-a06465b6b786" />
  <Results>
    <UnitTestResult executionId="5b8a4faf-2ec1-4dee-a4f9-ccc4383a4d31" testId="6f3869fe-ac75-4a13-be17-a74457220ca4" testName="Test9901" computerName="UA-LPT-OGA2" duration="00:00:01.2240000" startTime="2025-05-14T13:20:31.3146610Z" endTime="2025-05-14T13:25:31.3147553Z" testType="13cdc9d9-ddb5-4fa4-a97d-d965ccfc6d4b" outcome="Passed" testListId="c695ee52-de14-4e34-95a5-95272d26d19d" />
    <UnitTestResult executionId="eb6653f1-1cad-4d38-9535-8bb743552912" testId="d216bbea-793b-47d5-b0fd-a8ae38921afd" testName="Test9902" computerName="UA-LPT-OGA2" duration="00:00:00.3110000" startTime="2025-05-14T13:20:31.3146610Z" endTime="2025-05-14T13:25:31.3147553Z" testType="13cdc9d9-ddb5-4fa4-a97d-d965ccfc6d4b" outcome="Passed" testListId="c695ee52-de14-4e34-95a5-95272d26d19d" />
    <UnitTestResult executionId="9dc6b6a6-5379-4998-bae8-c84a60e85f3d" testId="3c3c113e-2949-456a-8de9-2c33aa10eacd" testName="Test9903" computerName="UA-LPT-OGA2" duration="00:00:00.0150000" startTime="2025-05-14T13:20:31.3146610Z" endTime="2025-05-14T13:25:31.3147553Z" testType="13cdc9d9-ddb5-4fa4-a97d-d965ccfc6d4b" outcome="Passed" testListId="c695ee52-de14-4e34-95a5-95272d26d19d" />
    <UnitTestResult executionId="72fac902-fa2b-418c-9592-7e3bbc833e82" testId="d52cf6dc-ace1-4630-8e73-a2b8c0d7ed6f" testName="Test9904" computerName="UA-LPT-OGA2" duration="00:00:00.3000000" startTime="2025-05-14T13:20:31.3146610Z" endTime="2025-05-14T13:25:31.3147553Z" testType="13cdc9d9-ddb5-4fa4-a97d-d965ccfc6d4b" outcome="Passed" testListId="c695ee52-de14-4e34-95a5-95272d26d19d" />
    <UnitTestResult executionId="47482029-7803-4306-8f73-d1361b3d8345" testId="a99d1b80-a4a9-4810-b356-e02481ae6241" testName="Test9905" computerName="UA-LPT-OGA2" duration="00:00:01.3440000" startTime="2025-05-14T13:20:31.3146610Z" endTime="2025-05-14T13:25:31.3147553Z" testType="13cdc9d9-ddb5-4fa4-a97d-d965ccfc6d4b" outcome="Passed" testListId="c695ee52-de14-4e34-95a5-95272d26d19d" />
    <UnitTestResult executionId="3c6a6179-af8f-46f4-b331-3776a8ea6ff5" testId="0a90c5d9-51e7-4b61-8d4e-1d24a37d4b79" testName="Test9906" computerName="UA-LPT-OGA2" duration="00:00:00.9610000" startTime="2025-05-14T13:20:31.3146610Z" endTime="2025-05-14T13:25:31.3147553Z" testType="13cdc9d9-ddb5-4fa4-a97d-d965ccfc6d4b" outcome="Passed" testListId="c695ee52-de14-4e34-95a5-95272d26d19d" />
    <UnitTestResult executionId="cdf2df09-e511-494f-8574-73000e6c39fd" testId="b421466e-5afb-4ef5-8683-e694d8c5071f" testName="Test9907" computerName="UA-LPT-OGA2" duration="00:00:01.9500000" startTime="2025-05-14T13:20:31.3146610Z" endTime="2025-05-14T13:25:31.3147553Z" testType="13cdc9d9-ddb5-4fa4-a97d-d965ccfc6d4b" outcome="Passed" testListId="c695ee52-de14-4e34-95a5-95272d26d19d" />
    <UnitTestResult executionId="1961ab39-fadd-4424-9068-62e84b10520a" testId="1e898621-953c-4b35-a0ab-b9e8fa6f3705" testName="Test9908" computerName="UA-LPT-OGA2" duration="00:00:01.8300000" startTime="2025-05-14T13:20:31.3146610Z" endTime="2025-05-14T13:25:31.3147553Z" testType="13cdc9d9-ddb5-4fa4-a97d-d965ccfc6d4b" outcome="Passed" testListId="c695ee52-de14-4e34-95a5-95272d26d19d" />
    <UnitTestResult executionId="d2b3788c-e70d-42de-9f6d-b95078277e8e" testId="a443ebca-cfd9-4a5d-80ff-4e7b5233f497" testName="Test9909" computerName="UA-LPT-OGA2" duration="00:00:00.2970000" startTime="2025-05-14T13:20:31.3146610Z" endTime="2025-05-14T13:25:31.3147553Z" testType="13cdc9d9-ddb5-4fa4-a97d-d965ccfc6d4b" outcome="Failed" testListId="c695ee52-de14-4e34-95a5-95272d26d19d">
      <Output>
        <ErrorInfo>
          <Message>Assertion failed: Expected value did not match actual value.</Message>
          <StackTrace>   at TestNamespace.TestClass.Test() in TestClass.cs:line 357</StackTrace>
        </ErrorInfo>
      </Output>
    </UnitTestResult>
    <UnitTestResult executionId="81397d49-cde4-4ea3-b76f-2a7d2a93d7d5" testId="252fef62-5315-4b9e-a60c-38144976a2ef" testName="Test9910" computerName="UA-LPT-OGA2" duration="00:00:01.8400000" startTime="2025-05-14T13:20:31.3146610Z" endTime="2025-05-14T13:25:31.3147553Z" testType="13cdc9d9-ddb5-4fa4-a97d-d965ccfc6d4b" outcome="Passed" testListId="c695ee52-de14-4e34-95a5-95272d26d19d" />
    <UnitTestResult executionId="6dcbbc0d-cc2f-421d-b20a-0dd964ed7b37" testId="3ee9c004-d19e-440c-ab2d-f6dc3c7b3114" testName="Test9911" computerName="UA-LPT-OGA2" duration="00:00:00.6900000" startTime="2025-05-14T13:20:31.3146610Z" endTime="2025-05-14T13:25:31.3147553Z" testType="13cdc9d9-ddb5-4fa4-a97d-d965ccfc6d4b" outcome="Passed" testListId="c695ee52-de14-4e34-95a5-95272d26d19d" />
    <UnitTestResult executionId="ed50a6c7-7734-4adf-9573-8b2513a7cbbf" testId="18473a1a-014e-459d-8428-5be2a7ea2932" testName="Test9912" computerName="UA-LPT-OGA2" duration="00:00:00.5680000" startTime="2025-05-14T13:20:31.3146610Z" endTime="2025-05-14T13:25:31.3147553Z" testType="13cdc9d9-ddb5-4fa4-a97d-d965ccfc6d4b" outcome="Passed" testListId="c695ee52-de14-4e34-95a5-95272d26d19d" />
    <UnitTestResult executionId="f1643371-093f-4b28-ba68-1393f0981b9d" testId="f93da875-45e9-4016-842b-dbf9f40eff20" testName="Test9913" computerName="UA-LPT-OGA2" duration="00:00:01.5730000" startTime="2025-05-14T13:20:31.3146610Z" endTime="2025-05-14T13:25:31.3147553Z" testType="13cdc9d9-ddb5-4fa4-a97d-d965ccfc6d4b" outcome="Passed" testListId="c695ee52-de14-4e34-95a5-95272d26d19d" />
    <UnitTestResult executionId="2218947a-62ce-4c6d-b504-2c8ddb0e3b1d" testId="059eaddf-8b2e-4d52-aba2-3562d46db702" testName="Test9914" computerName="UA-LPT-OGA2" duration="00:00:00.0500000" startTime="2025-05-14T13:20:31.3146610Z" endTime="2025-05-14T13:25:31.3147553Z" testType="13cdc9d9-ddb5-4fa4-a97d-d965ccfc6d4b" outcome="Passed" testListId="c695ee52-de14-4e34-95a5-95272d26d19d" />
    <UnitTestResult executionId="18adb8eb-a9b2-42a6-96ce-3248df169bdd" testId="a41ab26a-b66c-4f25-9a32-b06cdbe54940" testName="Test9915" computerName="UA-LPT-OGA2" duration="00:00:00.2820000" startTime="2025-05-14T13:20:31.3146610Z" endTime="2025-05-14T13:25:31.3147553Z" testType="13cdc9d9-ddb5-4fa4-a97d-d965ccfc6d4b" outcome="Passed" testListId="c695ee52-de14-4e34-95a5-95272d26d19d" />
    <UnitTestResult executionId="2ee90aef-56c7-4882-97d6-a960fc2de630" testId="f7b0a893-da85-4e0a-a9be-6bb8be49d662" testName="Test9916" computerName="UA-LPT-OGA2" duration="00:00:01.2570000" startTime="2025-05-14T13:20:31.3146610Z" endTime="2025-05-14T13:25:31.3147553Z" testType="13cdc9d9-ddb5-4fa4-a97d-d965ccfc6d4b" outcome="Passed" testListId="c695ee52-de14-4e34-95a5-95272d26d19d" />
    <UnitTestResult executionId="04e7e4eb-86f7-4c2d-87ed-740310784301" testId="e8c5b74b-041f-4c77-bb13-fd1659606a12" testName="Test9917" computerName="UA-LPT-OGA2" duration="00:00:00.6870000" startTime="2025-05-14T13:20:31.3146610Z" endTime="2025-05-14T13:25:31.3147553Z" testType="13cdc9d9-ddb5-4fa4-a97d-d965ccfc6d4b" outcome="Failed" testListId="c695ee52-de14-4e34-95a5-95272d26d19d">
      <Output>
        <ErrorInfo>
          <Message>Assertion failed: Expected value did not match actual value.</Message>
          <StackTrace>   at TestNamespace.TestClass.Test() in TestClass.cs:line 156</StackTrace>
        </ErrorInfo>
      </Output>
    </UnitTestResult>
    <UnitTestResult executionId="e8c1daa0-6bdb-4db8-b982-b6aaa0e6374d" testId="d8607853-3460-4169-b33e-f8dbcdf4eb61" testName="Test9918" computerName="UA-LPT-OGA2" duration="00:00:01.0800000" startTime="2025-05-14T13:20:31.3146610Z" endTime="2025-05-14T13:25:31.3147553Z" testType="13cdc9d9-ddb5-4fa4-a97d-d965ccfc6d4b" outcome="Passed" testListId="c695ee52-de14-4e34-95a5-95272d26d19d" />
    <UnitTestResult executionId="bb0aa815-2dce-48de-a555-c38c9623a977" testId="8fa60694-3e99-4e0c-b9af-09de0dfc34c7" testName="Test9919" computerName="UA-LPT-OGA2" duration="00:00:01.9090000" startTime="2025-05-14T13:20:31.3146610Z" endTime="2025-05-14T13:25:31.3147553Z" testType="13cdc9d9-ddb5-4fa4-a97d-d965ccfc6d4b" outcome="Passed" testListId="c695ee52-de14-4e34-95a5-95272d26d19d" />
    <UnitTestResult executionId="5f2ac9cf-e782-4dae-bd41-5ef58c67dacd" testId="b07bdf94-1bf2-423b-ab0e-271845085f65" testName="Test9920" computerName="UA-LPT-OGA2" duration="00:00:01.9970000" startTime="2025-05-14T13:20:31.3146610Z" endTime="2025-05-14T13:25:31.3147553Z" testType="13cdc9d9-ddb5-4fa4-a97d-d965ccfc6d4b" outcome="Passed" testListId="c695ee52-de14-4e34-95a5-95272d26d19d" />
    <UnitTestResult executionId="06ee89ed-6d98-4332-b95c-c5e539347735" testId="d49e7992-cb8e-4b1e-8d3f-3201af2efe1d" testName="Test9921" computerName="UA-LPT-OGA2" duration="00:00:01.6780000" startTime="2025-05-14T13:20:31.3146610Z" endTime="2025-05-14T13:25:31.3147553Z" testType="13cdc9d9-ddb5-4fa4-a97d-d965ccfc6d4b" outcome="Passed" testListId="c695ee52-de14-4e34-95a5-95272d26d19d" />
    <UnitTestResult executionId="7a4dc4e3-66e2-44a4-a206-12a0ccc48a6b" testId="af865041-d534-473b-9088-3285ae49fc72" testName="Test9922" computerName="UA-LPT-OGA2" duration="00:00:00.5880000" startTime="2025-05-14T13:20:31.3146610Z" endTime="2025-05-14T13:25:31.3147553Z" testType="13cdc9d9-ddb5-4fa4-a97d-d965ccfc6d4b" outcome="Passed" testListId="c695ee52-de14-4e34-95a5-95272d26d19d" />
    <UnitTestResult executionId="220b97a3-dafe-476f-a19e-14b34b945046" testId="7cf71564-c0ff-4f47-98c9-96c9350b38a4" testName="Test9923" computerName="UA-LPT-OGA2" duration="00:00:00.6200000" startTime="2025-05-14T13:20:31.3146610Z" endTime="2025-05-14T13:25:31.3147553Z" testType="13cdc9d9-ddb5-4fa4-a97d-d965ccfc6d4b" outcome="Failed" testListId="c695ee52-de14-4e34-95a5-95272d26d19d">
      <Output>
        <ErrorInfo>
          <Message>Assertion failed: Expected value did not match actual value.</Message>
          <StackTrace>   at TestNamespace.TestClass.Test() in TestClass.cs:line 410</StackTrace>
        </ErrorInfo>
      </Output>
    </UnitTestResult>
    <UnitTestResult executionId="ed69f6fc-783b-4635-a5fe-c514f89dd8e4" testId="9ee6de00-c63b-44ee-9c5f-65688318d1be" testName="Test9924" computerName="UA-LPT-OGA2" duration="00:00:00.0420000" startTime="2025-05-14T13:20:31.3146610Z" endTime="2025-05-14T13:25:31.3147553Z" testType="13cdc9d9-ddb5-4fa4-a97d-d965ccfc6d4b" outcome="Passed" testListId="c695ee52-de14-4e34-95a5-95272d26d19d" />
    <UnitTestResult executionId="ff80b8ad-89a5-40bd-848a-30bb165f1474" testId="b4dd2556-0d63-4a2f-a97f-25b603352473" testName="Test9925" computerName="UA-LPT-OGA2" duration="00:00:00.7240000" startTime="2025-05-14T13:20:31.3146610Z" endTime="2025-05-14T13:25:31.3147553Z" testType="13cdc9d9-ddb5-4fa4-a97d-d965ccfc6d4b" outcome="Passed" testListId="c695ee52-de14-4e34-95a5-95272d26d19d" />
    <UnitTestResult executionId="7a5ad178-53da-4588-918f-bf6685d6a5b1" testId="b01ec537-8371-4f17-bcff-b5494f56af5d" testName="Test9926" computerName="UA-LPT-OGA2" duration="00:00:00.1870000" startTime="2025-05-14T13:20:31.3146610Z" endTime="2025-05-14T13:25:31.3147553Z" testType="13cdc9d9-ddb5-4fa4-a97d-d965ccfc6d4b" outcome="Passed" testListId="c695ee52-de14-4e34-95a5-95272d26d19d" />
    <UnitTestResult executionId="bf1a5321-5663-4d23-8a65-9a8de6e962d0" testId="8df9dd17-3a19-40e7-8440-83202944f0af" testName="Test9927" computerName="UA-LPT-OGA2" duration="00:00:01.3540000" startTime="2025-05-14T13:20:31.3146610Z" endTime="2025-05-14T13:25:31.3147553Z" testType="13cdc9d9-ddb5-4fa4-a97d-d965ccfc6d4b" outcome="Passed" testListId="c695ee52-de14-4e34-95a5-95272d26d19d" />
    <UnitTestResult executionId="a6c7aa0e-f746-4359-a775-144538cfc775" testId="e4ed8334-d327-41e2-8d6e-c2ba7ec690d9" testName="Test9928" computerName="UA-LPT-OGA2" duration="00:00:01.3360000" startTime="2025-05-14T13:20:31.3146610Z" endTime="2025-05-14T13:25:31.3147553Z" testType="13cdc9d9-ddb5-4fa4-a97d-d965ccfc6d4b" outcome="Passed" testListId="c695ee52-de14-4e34-95a5-95272d26d19d" />
    <UnitTestResult executionId="df929ff3-e7ec-4265-8a5f-e63642e8988d" testId="0478e823-1e12-4d4a-8030-c3a1a65e8bfa" testName="Test9929" computerName="UA-LPT-OGA2" duration="00:00:00.9430000" startTime="2025-05-14T13:20:31.3146610Z" endTime="2025-05-14T13:25:31.3147553Z" testType="13cdc9d9-ddb5-4fa4-a97d-d965ccfc6d4b" outcome="Passed" testListId="c695ee52-de14-4e34-95a5-95272d26d19d" />
    <UnitTestResult executionId="ee62cf02-3a6e-4ec1-a26b-912503ef1086" testId="0127a71e-8b63-4082-8f56-81a205bed5ff" testName="Test9930" computerName="UA-LPT-OGA2" duration="00:00:00.2880000" startTime="2025-05-14T13:20:31.3146610Z" endTime="2025-05-14T13:25:31.3147553Z" testType="13cdc9d9-ddb5-4fa4-a97d-d965ccfc6d4b" outcome="Passed" testListId="c695ee52-de14-4e34-95a5-95272d26d19d" />
    <UnitTestResult executionId="a5b182c2-a73b-450c-be8e-8718d549e98c" testId="214fac0c-859a-412f-b3c6-7ba6afe183f9" testName="Test9931" computerName="UA-LPT-OGA2" duration="00:00:01.6500000" startTime="2025-05-14T13:20:31.3146610Z" endTime="2025-05-14T13:25:31.3147553Z" testType="13cdc9d9-ddb5-4fa4-a97d-d965ccfc6d4b" outcome="Passed" testListId="c695ee52-de14-4e34-95a5-95272d26d19d" />
    <UnitTestResult executionId="2f78309f-4c1f-466b-8f03-56e57e2f739b" testId="ec02dcee-42e4-4a4f-b63b-6eb7eea4f6e6" testName="Test9932" computerName="UA-LPT-OGA2" duration="00:00:00.2030000" startTime="2025-05-14T13:20:31.3146610Z" endTime="2025-05-14T13:25:31.3147553Z" testType="13cdc9d9-ddb5-4fa4-a97d-d965ccfc6d4b" outcome="Passed" testListId="c695ee52-de14-4e34-95a5-95272d26d19d" />
    <UnitTestResult executionId="c64b5295-375a-42f4-8b03-9e85efb058cb" testId="f334b8c3-e6d5-41d4-b302-65a47e363328" testName="Test9933" computerName="UA-LPT-OGA2" duration="00:00:00.1760000" startTime="2025-05-14T13:20:31.3146610Z" endTime="2025-05-14T13:25:31.3147553Z" testType="13cdc9d9-ddb5-4fa4-a97d-d965ccfc6d4b" outcome="Passed" testListId="c695ee52-de14-4e34-95a5-95272d26d19d" />
    <UnitTestResult executionId="bc02433c-da27-4fa2-965d-a455601581ba" testId="2e8f4aa1-3428-463d-bf32-88d70c3f34e3" testName="Test9934" computerName="UA-LPT-OGA2" duration="00:00:00.1410000" startTime="2025-05-14T13:20:31.3146610Z" endTime="2025-05-14T13:25:31.3147553Z" testType="13cdc9d9-ddb5-4fa4-a97d-d965ccfc6d4b" outcome="Passed" testListId="c695ee52-de14-4e34-95a5-95272d26d19d" />
    <UnitTestResult executionId="b7313fd8-8ae3-43ad-b871-eb1a02c3cd33" testId="ab2d0687-b610-4d05-846e-b6d64dc910f0" testName="Test9935" computerName="UA-LPT-OGA2" duration="00:00:01.3740000" startTime="2025-05-14T13:20:31.3146610Z" endTime="2025-05-14T13:25:31.3147553Z" testType="13cdc9d9-ddb5-4fa4-a97d-d965ccfc6d4b" outcome="Passed" testListId="c695ee52-de14-4e34-95a5-95272d26d19d" />
    <UnitTestResult executionId="d6047592-00cb-43a8-ae71-8668e9d1107c" testId="6eb41cf2-be17-425e-9d60-5667e001a014" testName="Test9936" computerName="UA-LPT-OGA2" duration="00:00:01.7630000" startTime="2025-05-14T13:20:31.3146610Z" endTime="2025-05-14T13:25:31.3147553Z" testType="13cdc9d9-ddb5-4fa4-a97d-d965ccfc6d4b" outcome="Passed" testListId="c695ee52-de14-4e34-95a5-95272d26d19d" />
    <UnitTestResult executionId="7a78cfbc-5743-42f6-b8af-1b33d2fa8c81" testId="5ca9440f-33f6-4c90-ab1f-047ce9ef5884" testName="Test9937" computerName="UA-LPT-OGA2" duration="00:00:01.3480000" startTime="2025-05-14T13:20:31.3146610Z" endTime="2025-05-14T13:25:31.3147553Z" testType="13cdc9d9-ddb5-4fa4-a97d-d965ccfc6d4b" outcome="Passed" testListId="c695ee52-de14-4e34-95a5-95272d26d19d" />
    <UnitTestResult executionId="94b23c1d-b2bf-483a-825f-6c384c4ddfa8" testId="be341539-bbc6-4a0c-bb87-81d4a012abcc" testName="Test9938" computerName="UA-LPT-OGA2" duration="00:00:01.9920000" startTime="2025-05-14T13:20:31.3146610Z" endTime="2025-05-14T13:25:31.3147553Z" testType="13cdc9d9-ddb5-4fa4-a97d-d965ccfc6d4b" outcome="Passed" testListId="c695ee52-de14-4e34-95a5-95272d26d19d" />
    <UnitTestResult executionId="6d22d981-2492-4c73-b3a0-24f07cffb470" testId="4330c2b9-2ed5-4f6d-8f8e-b7b6c6108238" testName="Test9939" computerName="UA-LPT-OGA2" duration="00:00:01.7420000" startTime="2025-05-14T13:20:31.3146610Z" endTime="2025-05-14T13:25:31.3147553Z" testType="13cdc9d9-ddb5-4fa4-a97d-d965ccfc6d4b" outcome="Passed" testListId="c695ee52-de14-4e34-95a5-95272d26d19d" />
    <UnitTestResult executionId="a304a137-4940-48a0-8547-af70a7cf1b52" testId="9883a00e-cf46-4a96-ba66-d29dc5dd0619" testName="Test9940" computerName="UA-LPT-OGA2" duration="00:00:00.0580000" startTime="2025-05-14T13:20:31.3146610Z" endTime="2025-05-14T13:25:31.3147553Z" testType="13cdc9d9-ddb5-4fa4-a97d-d965ccfc6d4b" outcome="Passed" testListId="c695ee52-de14-4e34-95a5-95272d26d19d" />
    <UnitTestResult executionId="b102d360-c5ab-459c-85e5-1b7b1d79559a" testId="1ccab475-d3c2-4292-b255-2c252bd2b17b" testName="Test9941" computerName="UA-LPT-OGA2" duration="00:00:00.1150000" startTime="2025-05-14T13:20:31.3146610Z" endTime="2025-05-14T13:25:31.3147553Z" testType="13cdc9d9-ddb5-4fa4-a97d-d965ccfc6d4b" outcome="Passed" testListId="c695ee52-de14-4e34-95a5-95272d26d19d" />
    <UnitTestResult executionId="093bafc9-283a-4111-9fb1-503588861921" testId="473f65a1-e3c9-41fc-8589-e440e24ed940" testName="Test9942" computerName="UA-LPT-OGA2" duration="00:00:01.9620000" startTime="2025-05-14T13:20:31.3146610Z" endTime="2025-05-14T13:25:31.3147553Z" testType="13cdc9d9-ddb5-4fa4-a97d-d965ccfc6d4b" outcome="Passed" testListId="c695ee52-de14-4e34-95a5-95272d26d19d" />
    <UnitTestResult executionId="7294c53e-3ada-473d-944d-544e680c2ab7" testId="d228e385-189b-43c3-9c5a-616680b8dcaf" testName="Test9943" computerName="UA-LPT-OGA2" duration="00:00:01.2840000" startTime="2025-05-14T13:20:31.3146610Z" endTime="2025-05-14T13:25:31.3147553Z" testType="13cdc9d9-ddb5-4fa4-a97d-d965ccfc6d4b" outcome="Passed" testListId="c695ee52-de14-4e34-95a5-95272d26d19d" />
    <UnitTestResult executionId="e63e96a2-038c-45fc-93bf-8c0b458ee2af" testId="a1a8a9a8-0b37-46a2-8a07-6a70ca3a2740" testName="Test9944" computerName="UA-LPT-OGA2" duration="00:00:01.1160000" startTime="2025-05-14T13:20:31.3146610Z" endTime="2025-05-14T13:25:31.3147553Z" testType="13cdc9d9-ddb5-4fa4-a97d-d965ccfc6d4b" outcome="Passed" testListId="c695ee52-de14-4e34-95a5-95272d26d19d" />
    <UnitTestResult executionId="d655c269-9f59-4717-87aa-7e7807c2ae6e" testId="9df716cc-ac2a-4304-b81a-c486b9b85ed6" testName="Test9945" computerName="UA-LPT-OGA2" duration="00:00:01.6380000" startTime="2025-05-14T13:20:31.3146610Z" endTime="2025-05-14T13:25:31.3147553Z" testType="13cdc9d9-ddb5-4fa4-a97d-d965ccfc6d4b" outcome="Passed" testListId="c695ee52-de14-4e34-95a5-95272d26d19d" />
    <UnitTestResult executionId="085379fb-a02f-4cc8-adfb-b96a50f23748" testId="d747dec3-cb96-4e5f-a70e-cf0cc8903363" testName="Test9946" computerName="UA-LPT-OGA2" duration="00:00:00.4650000" startTime="2025-05-14T13:20:31.3146610Z" endTime="2025-05-14T13:25:31.3147553Z" testType="13cdc9d9-ddb5-4fa4-a97d-d965ccfc6d4b" outcome="Passed" testListId="c695ee52-de14-4e34-95a5-95272d26d19d" />
    <UnitTestResult executionId="310c8cd7-c105-4e63-a317-071747794289" testId="73e6ae13-c265-4a1a-8782-7a3697a90438" testName="Test9947" computerName="UA-LPT-OGA2" duration="00:00:00.9150000" startTime="2025-05-14T13:20:31.3146610Z" endTime="2025-05-14T13:25:31.3147553Z" testType="13cdc9d9-ddb5-4fa4-a97d-d965ccfc6d4b" outcome="Failed" testListId="c695ee52-de14-4e34-95a5-95272d26d19d">
      <Output>
        <ErrorInfo>
          <Message>Assertion failed: Expected value did not match actual value.</Message>
          <StackTrace>   at TestNamespace.TestClass.Test() in TestClass.cs:line 155</StackTrace>
        </ErrorInfo>
      </Output>
    </UnitTestResult>
    <UnitTestResult executionId="27a11293-6b0b-47d2-9c3d-4049a903eefd" testId="dd5a57fd-1857-499f-8871-433ed313edd6" testName="Test9948" computerName="UA-LPT-OGA2" duration="00:00:00.5980000" startTime="2025-05-14T13:20:31.3146610Z" endTime="2025-05-14T13:25:31.3147553Z" testType="13cdc9d9-ddb5-4fa4-a97d-d965ccfc6d4b" outcome="Passed" testListId="c695ee52-de14-4e34-95a5-95272d26d19d" />
    <UnitTestResult executionId="0b057fb1-8fd0-49a5-8815-82f2e1fa18af" testId="0fb74aba-83b4-4a72-8312-fabb9acad062" testName="Test9949" computerName="UA-LPT-OGA2" duration="00:00:01.6460000" startTime="2025-05-14T13:20:31.3146610Z" endTime="2025-05-14T13:25:31.3147553Z" testType="13cdc9d9-ddb5-4fa4-a97d-d965ccfc6d4b" outcome="Passed" testListId="c695ee52-de14-4e34-95a5-95272d26d19d" />
    <UnitTestResult executionId="701c46f0-55a3-4909-8546-e5ee40a0011d" testId="3709e3a5-4934-4d09-a46a-57933511fd3f" testName="Test9950" computerName="UA-LPT-OGA2" duration="00:00:01.7530000" startTime="2025-05-14T13:20:31.3146610Z" endTime="2025-05-14T13:25:31.3147553Z" testType="13cdc9d9-ddb5-4fa4-a97d-d965ccfc6d4b" outcome="Passed" testListId="c695ee52-de14-4e34-95a5-95272d26d19d" />
    <UnitTestResult executionId="d63fa228-c4c3-4670-bf87-c918bd3b19c9" testId="9d94c5be-c641-4915-8baa-59a9e296466b" testName="Test9951" computerName="UA-LPT-OGA2" duration="00:00:00.4100000" startTime="2025-05-14T13:20:31.3146610Z" endTime="2025-05-14T13:25:31.3147553Z" testType="13cdc9d9-ddb5-4fa4-a97d-d965ccfc6d4b" outcome="Passed" testListId="c695ee52-de14-4e34-95a5-95272d26d19d" />
    <UnitTestResult executionId="4a9dec15-646d-4d24-aafa-cba53e4dc903" testId="cc469cbf-c03d-4f81-b800-89a1e102b2a1" testName="Test9952" computerName="UA-LPT-OGA2" duration="00:00:00.6250000" startTime="2025-05-14T13:20:31.3146610Z" endTime="2025-05-14T13:25:31.3147553Z" testType="13cdc9d9-ddb5-4fa4-a97d-d965ccfc6d4b" outcome="Passed" testListId="c695ee52-de14-4e34-95a5-95272d26d19d" />
    <UnitTestResult executionId="26613265-f22e-4ce4-a1db-e15c8a2afbe2" testId="aa222148-4aa5-47cc-bf37-468a385507ca" testName="Test9953" computerName="UA-LPT-OGA2" duration="00:00:01.9330000" startTime="2025-05-14T13:20:31.3146610Z" endTime="2025-05-14T13:25:31.3147553Z" testType="13cdc9d9-ddb5-4fa4-a97d-d965ccfc6d4b" outcome="Passed" testListId="c695ee52-de14-4e34-95a5-95272d26d19d" />
    <UnitTestResult executionId="ae5d3b1d-a008-4a2c-8faa-a56e838f673d" testId="6d0180e5-f701-4000-8c17-041b65642020" testName="Test9954" computerName="UA-LPT-OGA2" duration="00:00:01.7290000" startTime="2025-05-14T13:20:31.3146610Z" endTime="2025-05-14T13:25:31.3147553Z" testType="13cdc9d9-ddb5-4fa4-a97d-d965ccfc6d4b" outcome="Passed" testListId="c695ee52-de14-4e34-95a5-95272d26d19d" />
    <UnitTestResult executionId="763f2677-077b-4373-8dae-baea4461bee3" testId="5a1cab07-06f8-4466-be7f-ff0d18ec46a4" testName="Test9955" computerName="UA-LPT-OGA2" duration="00:00:00.6690000" startTime="2025-05-14T13:20:31.3146610Z" endTime="2025-05-14T13:25:31.3147553Z" testType="13cdc9d9-ddb5-4fa4-a97d-d965ccfc6d4b" outcome="Passed" testListId="c695ee52-de14-4e34-95a5-95272d26d19d" />
    <UnitTestResult executionId="92c56063-a48e-4804-bd8a-f8a604957908" testId="96d29c83-6a32-4633-866f-6296cf12b89e" testName="Test9956" computerName="UA-LPT-OGA2" duration="00:00:01.0730000" startTime="2025-05-14T13:20:31.3146610Z" endTime="2025-05-14T13:25:31.3147553Z" testType="13cdc9d9-ddb5-4fa4-a97d-d965ccfc6d4b" outcome="Passed" testListId="c695ee52-de14-4e34-95a5-95272d26d19d" />
    <UnitTestResult executionId="a0c2b365-19a5-4b1c-bacb-b5c19ffd174f" testId="32450dc1-7473-4e70-a168-29c90a17586b" testName="Test9957" computerName="UA-LPT-OGA2" duration="00:00:00.1920000" startTime="2025-05-14T13:20:31.3146610Z" endTime="2025-05-14T13:25:31.3147553Z" testType="13cdc9d9-ddb5-4fa4-a97d-d965ccfc6d4b" outcome="Passed" testListId="c695ee52-de14-4e34-95a5-95272d26d19d" />
    <UnitTestResult executionId="42ab68e3-134a-46dc-b272-e297629bdfe3" testId="9b263611-7c70-4a37-8fc1-42de61390eea" testName="Test9958" computerName="UA-LPT-OGA2" duration="00:00:00.6630000" startTime="2025-05-14T13:20:31.3146610Z" endTime="2025-05-14T13:25:31.3147553Z" testType="13cdc9d9-ddb5-4fa4-a97d-d965ccfc6d4b" outcome="Passed" testListId="c695ee52-de14-4e34-95a5-95272d26d19d" />
    <UnitTestResult executionId="20765aea-01cb-466d-8a1c-2c2c55709b83" testId="3f4f0282-a8eb-48f1-a564-311858443c14" testName="Test9959" computerName="UA-LPT-OGA2" duration="00:00:01.9810000" startTime="2025-05-14T13:20:31.3146610Z" endTime="2025-05-14T13:25:31.3147553Z" testType="13cdc9d9-ddb5-4fa4-a97d-d965ccfc6d4b" outcome="Passed" testListId="c695ee52-de14-4e34-95a5-95272d26d19d" />
    <UnitTestResult executionId="1ce199f3-9fff-4426-ab1e-e737bdc53c19" testId="312d975c-b37b-4b8f-a3b0-510a7c7d1e2d" testName="Test9960" computerName="UA-LPT-OGA2" duration="00:00:00.7680000" startTime="2025-05-14T13:20:31.3146610Z" endTime="2025-05-14T13:25:31.3147553Z" testType="13cdc9d9-ddb5-4fa4-a97d-d965ccfc6d4b" outcome="Passed" testListId="c695ee52-de14-4e34-95a5-95272d26d19d" />
    <UnitTestResult executionId="5d6543ca-2cab-4cc0-a175-736ca3f4c0ec" testId="f36d734f-8d06-4cb6-b3b4-8543225a2dd1" testName="Test9961" computerName="UA-LPT-OGA2" duration="00:00:01.5670000" startTime="2025-05-14T13:20:31.3146610Z" endTime="2025-05-14T13:25:31.3147553Z" testType="13cdc9d9-ddb5-4fa4-a97d-d965ccfc6d4b" outcome="Passed" testListId="c695ee52-de14-4e34-95a5-95272d26d19d" />
    <UnitTestResult executionId="64eb88ef-5273-4a56-8ab2-1fce2f8d8179" testId="91655b9f-21d2-4f0d-9295-931ae0305ad6" testName="Test9962" computerName="UA-LPT-OGA2" duration="00:00:01.6810000" startTime="2025-05-14T13:20:31.3146610Z" endTime="2025-05-14T13:25:31.3147553Z" testType="13cdc9d9-ddb5-4fa4-a97d-d965ccfc6d4b" outcome="Passed" testListId="c695ee52-de14-4e34-95a5-95272d26d19d" />
    <UnitTestResult executionId="238b8538-99ee-4bfb-aa4d-f7d3d51e6fbb" testId="01654613-1ffd-48bd-b2e5-62c3893cb394" testName="Test9963" computerName="UA-LPT-OGA2" duration="00:00:01.6420000" startTime="2025-05-14T13:20:31.3146610Z" endTime="2025-05-14T13:25:31.3147553Z" testType="13cdc9d9-ddb5-4fa4-a97d-d965ccfc6d4b" outcome="Passed" testListId="c695ee52-de14-4e34-95a5-95272d26d19d" />
    <UnitTestResult executionId="0df73d4b-aa9a-4da9-b11a-9d5d9e733818" testId="1a8699c5-5532-44e5-b27c-0ec5a8a47d59" testName="Test9964" computerName="UA-LPT-OGA2" duration="00:00:01.2710000" startTime="2025-05-14T13:20:31.3146610Z" endTime="2025-05-14T13:25:31.3147553Z" testType="13cdc9d9-ddb5-4fa4-a97d-d965ccfc6d4b" outcome="Passed" testListId="c695ee52-de14-4e34-95a5-95272d26d19d" />
    <UnitTestResult executionId="0ca6994f-ffae-4c2a-a7fb-4af2773fdeb7" testId="29d3ecd8-de40-4392-a055-57de505803b5" testName="Test9965" computerName="UA-LPT-OGA2" duration="00:00:01.3660000" startTime="2025-05-14T13:20:31.3146610Z" endTime="2025-05-14T13:25:31.3147553Z" testType="13cdc9d9-ddb5-4fa4-a97d-d965ccfc6d4b" outcome="Passed" testListId="c695ee52-de14-4e34-95a5-95272d26d19d" />
    <UnitTestResult executionId="cd020b56-ff63-485b-901d-eb65fea270ab" testId="f3f2c8b5-3f06-47e9-b974-de2b7fa2abc5" testName="Test9966" computerName="UA-LPT-OGA2" duration="00:00:00.7750000" startTime="2025-05-14T13:20:31.3146610Z" endTime="2025-05-14T13:25:31.3147553Z" testType="13cdc9d9-ddb5-4fa4-a97d-d965ccfc6d4b" outcome="Passed" testListId="c695ee52-de14-4e34-95a5-95272d26d19d" />
    <UnitTestResult executionId="f493e3b5-4049-4788-8505-ab952a96796e" testId="86b58dbf-e0eb-4d6c-861e-8a66194e4753" testName="Test9967" computerName="UA-LPT-OGA2" duration="00:00:01.6110000" startTime="2025-05-14T13:20:31.3146610Z" endTime="2025-05-14T13:25:31.3147553Z" testType="13cdc9d9-ddb5-4fa4-a97d-d965ccfc6d4b" outcome="Passed" testListId="c695ee52-de14-4e34-95a5-95272d26d19d" />
    <UnitTestResult executionId="abf09e60-2006-4a5e-81bb-0099d6aad13c" testId="24d3fbf2-76bd-453e-a0fb-9ab339bfb268" testName="Test9968" computerName="UA-LPT-OGA2" duration="00:00:01.3980000" startTime="2025-05-14T13:20:31.3146610Z" endTime="2025-05-14T13:25:31.3147553Z" testType="13cdc9d9-ddb5-4fa4-a97d-d965ccfc6d4b" outcome="Passed" testListId="c695ee52-de14-4e34-95a5-95272d26d19d" />
    <UnitTestResult executionId="f301ec6d-1203-46f4-ad51-c9854116550e" testId="67e89246-631b-4b4f-8f97-8e4e49a0d67f" testName="Test9969" computerName="UA-LPT-OGA2" duration="00:00:01.2910000" startTime="2025-05-14T13:20:31.3146610Z" endTime="2025-05-14T13:25:31.3147553Z" testType="13cdc9d9-ddb5-4fa4-a97d-d965ccfc6d4b" outcome="Passed" testListId="c695ee52-de14-4e34-95a5-95272d26d19d" />
    <UnitTestResult executionId="481f9fb3-06de-4d76-bbf3-eb59705541aa" testId="b52885a7-75ce-4c2e-b8d7-10af8fcb4095" testName="Test9970" computerName="UA-LPT-OGA2" duration="00:00:01.0380000" startTime="2025-05-14T13:20:31.3146610Z" endTime="2025-05-14T13:25:31.3147553Z" testType="13cdc9d9-ddb5-4fa4-a97d-d965ccfc6d4b" outcome="Failed" testListId="c695ee52-de14-4e34-95a5-95272d26d19d">
      <Output>
        <ErrorInfo>
          <Message>Assertion failed: Expected value did not match actual value.</Message>
          <StackTrace>   at TestNamespace.TestClass.Test() in TestClass.cs:line 101</StackTrace>
        </ErrorInfo>
      </Output>
    </UnitTestResult>
    <UnitTestResult executionId="ab031328-e0d5-4f26-b711-eca35d46d306" testId="7dd92555-afda-4693-8fc0-6c0064f40383" testName="Test9971" computerName="UA-LPT-OGA2" duration="00:00:01.0340000" startTime="2025-05-14T13:20:31.3146610Z" endTime="2025-05-14T13:25:31.3147553Z" testType="13cdc9d9-ddb5-4fa4-a97d-d965ccfc6d4b" outcome="Passed" testListId="c695ee52-de14-4e34-95a5-95272d26d19d" />
    <UnitTestResult executionId="d8c0b261-77a7-4ce6-b7a1-30f0f7f205d0" testId="ebbec27b-e902-4da6-bf8c-92b60bdd13c2" testName="Test9972" computerName="UA-LPT-OGA2" duration="00:00:01.1060000" startTime="2025-05-14T13:20:31.3146610Z" endTime="2025-05-14T13:25:31.3147553Z" testType="13cdc9d9-ddb5-4fa4-a97d-d965ccfc6d4b" outcome="Passed" testListId="c695ee52-de14-4e34-95a5-95272d26d19d" />
    <UnitTestResult executionId="eb1fb214-bd38-471f-9f60-e8a5e5d29a61" testId="5283d501-ea23-42e5-8f2a-3e7bc189edd1" testName="Test9973" computerName="UA-LPT-OGA2" duration="00:00:01.9500000" startTime="2025-05-14T13:20:31.3146610Z" endTime="2025-05-14T13:25:31.3147553Z" testType="13cdc9d9-ddb5-4fa4-a97d-d965ccfc6d4b" outcome="Passed" testListId="c695ee52-de14-4e34-95a5-95272d26d19d" />
    <UnitTestResult executionId="0339a889-c721-47d5-a358-d7aa4a53ea89" testId="6816c639-5b6e-4c01-ae00-08dc4c285977" testName="Test9974" computerName="UA-LPT-OGA2" duration="00:00:01.5740000" startTime="2025-05-14T13:20:31.3146610Z" endTime="2025-05-14T13:25:31.3147553Z" testType="13cdc9d9-ddb5-4fa4-a97d-d965ccfc6d4b" outcome="Passed" testListId="c695ee52-de14-4e34-95a5-95272d26d19d" />
    <UnitTestResult executionId="9fea5838-98e9-4249-8015-4a2e819dc233" testId="231f881d-fccf-4637-8bb8-739e071769a9" testName="Test9975" computerName="UA-LPT-OGA2" duration="00:00:01.4980000" startTime="2025-05-14T13:20:31.3146610Z" endTime="2025-05-14T13:25:31.3147553Z" testType="13cdc9d9-ddb5-4fa4-a97d-d965ccfc6d4b" outcome="Passed" testListId="c695ee52-de14-4e34-95a5-95272d26d19d" />
    <UnitTestResult executionId="727a93d7-1ce9-4eaf-81eb-21c13a7d58b0" testId="c82fdaab-3fb0-4903-ab94-0bb2eb3fe217" testName="Test9976" computerName="UA-LPT-OGA2" duration="00:00:01.8000000" startTime="2025-05-14T13:20:31.3146610Z" endTime="2025-05-14T13:25:31.3147553Z" testType="13cdc9d9-ddb5-4fa4-a97d-d965ccfc6d4b" outcome="Passed" testListId="c695ee52-de14-4e34-95a5-95272d26d19d" />
    <UnitTestResult executionId="440759fa-3203-4bbf-a8de-d4c83faaaaff" testId="0543edc7-2ae2-4cdf-b970-f7b291b41ff3" testName="Test9977" computerName="UA-LPT-OGA2" duration="00:00:00.7060000" startTime="2025-05-14T13:20:31.3146610Z" endTime="2025-05-14T13:25:31.3147553Z" testType="13cdc9d9-ddb5-4fa4-a97d-d965ccfc6d4b" outcome="Passed" testListId="c695ee52-de14-4e34-95a5-95272d26d19d" />
    <UnitTestResult executionId="f05edc8c-e056-48bc-867b-1316fc3c5e62" testId="c2f2a3e9-f99c-4e25-8f33-149332df5f50" testName="Test9978" computerName="UA-LPT-OGA2" duration="00:00:00.7780000" startTime="2025-05-14T13:20:31.3146610Z" endTime="2025-05-14T13:25:31.3147553Z" testType="13cdc9d9-ddb5-4fa4-a97d-d965ccfc6d4b" outcome="Passed" testListId="c695ee52-de14-4e34-95a5-95272d26d19d" />
    <UnitTestResult executionId="f893cce7-60f1-4e8f-be3c-6d7d27783357" testId="b1575398-3449-4551-a720-d326a77eafbe" testName="Test9979" computerName="UA-LPT-OGA2" duration="00:00:01.4130000" startTime="2025-05-14T13:20:31.3146610Z" endTime="2025-05-14T13:25:31.3147553Z" testType="13cdc9d9-ddb5-4fa4-a97d-d965ccfc6d4b" outcome="Passed" testListId="c695ee52-de14-4e34-95a5-95272d26d19d" />
    <UnitTestResult executionId="2fd8817f-0bcd-49db-9cd9-f2f23d16beb4" testId="005a3f83-96fd-4d98-b689-2a9e6040d0c9" testName="Test9980" computerName="UA-LPT-OGA2" duration="00:00:00.4060000" startTime="2025-05-14T13:20:31.3146610Z" endTime="2025-05-14T13:25:31.3147553Z" testType="13cdc9d9-ddb5-4fa4-a97d-d965ccfc6d4b" outcome="Passed" testListId="c695ee52-de14-4e34-95a5-95272d26d19d" />
    <UnitTestResult executionId="de7b45d3-9053-43bd-87b0-2608d9b98e20" testId="f7b14955-cfb9-40e1-8b61-f2167a9d67f0" testName="Test9981" computerName="UA-LPT-OGA2" duration="00:00:01.2560000" startTime="2025-05-14T13:20:31.3146610Z" endTime="2025-05-14T13:25:31.3147553Z" testType="13cdc9d9-ddb5-4fa4-a97d-d965ccfc6d4b" outcome="Passed" testListId="c695ee52-de14-4e34-95a5-95272d26d19d" />
    <UnitTestResult executionId="ab73bba5-b5c6-4860-8c54-765021c56300" testId="a8264c4d-f630-451a-b3cd-63ec65b8781c" testName="Test9982" computerName="UA-LPT-OGA2" duration="00:00:00.2220000" startTime="2025-05-14T13:20:31.3146610Z" endTime="2025-05-14T13:25:31.3147553Z" testType="13cdc9d9-ddb5-4fa4-a97d-d965ccfc6d4b" outcome="Passed" testListId="c695ee52-de14-4e34-95a5-95272d26d19d" />
    <UnitTestResult executionId="34a7b085-97d8-479b-907e-12184dbb206d" testId="a1a4a704-14c5-4a76-9292-ac37fe6ba3e2" testName="Test9983" computerName="UA-LPT-OGA2" duration="00:00:01.2480000" startTime="2025-05-14T13:20:31.3146610Z" endTime="2025-05-14T13:25:31.3147553Z" testType="13cdc9d9-ddb5-4fa4-a97d-d965ccfc6d4b" outcome="Passed" testListId="c695ee52-de14-4e34-95a5-95272d26d19d" />
    <UnitTestResult executionId="69078b86-3125-4da3-b9b2-8a97a2bb7a55" testId="cbf51424-2077-44bf-b56a-d10404f5864b" testName="Test9984" computerName="UA-LPT-OGA2" duration="00:00:00.7110000" startTime="2025-05-14T13:20:31.3146610Z" endTime="2025-05-14T13:25:31.3147553Z" testType="13cdc9d9-ddb5-4fa4-a97d-d965ccfc6d4b" outcome="Passed" testListId="c695ee52-de14-4e34-95a5-95272d26d19d" />
    <UnitTestResult executionId="66e90910-37ea-4d20-9a6c-6e9899f4d813" testId="1e4e3b50-df7f-42d9-8f44-b5ddc60df1fa" testName="Test9985" computerName="UA-LPT-OGA2" duration="00:00:01.8490000" startTime="2025-05-14T13:20:31.3146610Z" endTime="2025-05-14T13:25:31.3147553Z" testType="13cdc9d9-ddb5-4fa4-a97d-d965ccfc6d4b" outcome="Passed" testListId="c695ee52-de14-4e34-95a5-95272d26d19d" />
    <UnitTestResult executionId="ef0995c3-f99a-4720-9fc8-9b1b096df144" testId="2921db11-bf62-4da9-88be-e1c1e2a9c2d8" testName="Test9986" computerName="UA-LPT-OGA2" duration="00:00:01.3130000" startTime="2025-05-14T13:20:31.3146610Z" endTime="2025-05-14T13:25:31.3147553Z" testType="13cdc9d9-ddb5-4fa4-a97d-d965ccfc6d4b" outcome="Passed" testListId="c695ee52-de14-4e34-95a5-95272d26d19d" />
    <UnitTestResult executionId="b656d5a5-28b8-4788-8def-625d26c035bf" testId="f6d821b3-fe79-4e38-a6e4-36c8f03e1f6b" testName="Test9987" computerName="UA-LPT-OGA2" duration="00:00:00.6340000" startTime="2025-05-14T13:20:31.3146610Z" endTime="2025-05-14T13:25:31.3147553Z" testType="13cdc9d9-ddb5-4fa4-a97d-d965ccfc6d4b" outcome="Failed" testListId="c695ee52-de14-4e34-95a5-95272d26d19d">
      <Output>
        <ErrorInfo>
          <Message>Assertion failed: Expected value did not match actual value.</Message>
          <StackTrace>   at TestNamespace.TestClass.Test() in TestClass.cs:line 59</StackTrace>
        </ErrorInfo>
      </Output>
    </UnitTestResult>
    <UnitTestResult executionId="f6895cae-f9dc-45ff-9d56-491d269e7626" testId="203cb66e-f063-4eb7-9818-8fa73f193849" testName="Test9988" computerName="UA-LPT-OGA2" duration="00:00:00.0950000" startTime="2025-05-14T13:20:31.3146610Z" endTime="2025-05-14T13:25:31.3147553Z" testType="13cdc9d9-ddb5-4fa4-a97d-d965ccfc6d4b" outcome="Passed" testListId="c695ee52-de14-4e34-95a5-95272d26d19d" />
    <UnitTestResult executionId="c053fb47-19c2-489d-bc56-df55f17fed4a" testId="16bc227d-a058-45ec-9e39-cd6748d2ffd4" testName="Test9989" computerName="UA-LPT-OGA2" duration="00:00:00.5230000" startTime="2025-05-14T13:20:31.3146610Z" endTime="2025-05-14T13:25:31.3147553Z" testType="13cdc9d9-ddb5-4fa4-a97d-d965ccfc6d4b" outcome="Passed" testListId="c695ee52-de14-4e34-95a5-95272d26d19d" />
    <UnitTestResult executionId="03bcab80-7a9a-435b-aff4-22b872f8a988" testId="51a8bcdf-4a87-4d59-9ce7-763090b30238" testName="Test9990" computerName="UA-LPT-OGA2" duration="00:00:00.8060000" startTime="2025-05-14T13:20:31.3146610Z" endTime="2025-05-14T13:25:31.3147553Z" testType="13cdc9d9-ddb5-4fa4-a97d-d965ccfc6d4b" outcome="Passed" testListId="c695ee52-de14-4e34-95a5-95272d26d19d" />
    <UnitTestResult executionId="6ad468b8-2a5f-422e-8b40-26d4097b1e0b" testId="799ae49f-b47d-4553-96a7-f6a7b9d0ddbb" testName="Test9991" computerName="UA-LPT-OGA2" duration="00:00:01.4400000" startTime="2025-05-14T13:20:31.3146610Z" endTime="2025-05-14T13:25:31.3147553Z" testType="13cdc9d9-ddb5-4fa4-a97d-d965ccfc6d4b" outcome="Passed" testListId="c695ee52-de14-4e34-95a5-95272d26d19d" />
    <UnitTestResult executionId="a2e3e307-3a79-4d55-91ac-0cd1e0e96073" testId="8c93bacc-e12b-403e-bdba-6d3b2ff0dead" testName="Test9992" computerName="UA-LPT-OGA2" duration="00:00:01.8660000" startTime="2025-05-14T13:20:31.3146610Z" endTime="2025-05-14T13:25:31.3147553Z" testType="13cdc9d9-ddb5-4fa4-a97d-d965ccfc6d4b" outcome="Passed" testListId="c695ee52-de14-4e34-95a5-95272d26d19d" />
    <UnitTestResult executionId="18a4f352-085e-40ac-8769-f23574ee4097" testId="227eba15-3c80-4680-b38b-480afb2e5d19" testName="Test9993" computerName="UA-LPT-OGA2" duration="00:00:01.9960000" startTime="2025-05-14T13:20:31.3146610Z" endTime="2025-05-14T13:25:31.3147553Z" testType="13cdc9d9-ddb5-4fa4-a97d-d965ccfc6d4b" outcome="Passed" testListId="c695ee52-de14-4e34-95a5-95272d26d19d" />
    <UnitTestResult executionId="3a3be296-9f28-4b05-913c-414d8ce7c686" testId="d72cc7f7-18b2-4799-bd84-7e0f10b1a48b" testName="Test9994" computerName="UA-LPT-OGA2" duration="00:00:01.2200000" startTime="2025-05-14T13:20:31.3146610Z" endTime="2025-05-14T13:25:31.3147553Z" testType="13cdc9d9-ddb5-4fa4-a97d-d965ccfc6d4b" outcome="Passed" testListId="c695ee52-de14-4e34-95a5-95272d26d19d" />
    <UnitTestResult executionId="88a67b1e-90bd-4089-a7ad-445f0162bf67" testId="c9124791-0611-4336-85ca-435d202640e5" testName="Test9995" computerName="UA-LPT-OGA2" duration="00:00:00.9960000" startTime="2025-05-14T13:20:31.3146610Z" endTime="2025-05-14T13:25:31.3147553Z" testType="13cdc9d9-ddb5-4fa4-a97d-d965ccfc6d4b" outcome="Passed" testListId="c695ee52-de14-4e34-95a5-95272d26d19d" />
    <UnitTestResult executionId="cf12876c-d7d8-4553-99b2-33836037f5d4" testId="0cd3621b-cfa1-4b92-a05f-1cc874653cd8" testName="Test9996" computerName="UA-LPT-OGA2" duration="00:00:01.2440000" startTime="2025-05-14T13:20:31.3146610Z" endTime="2025-05-14T13:25:31.3147553Z" testType="13cdc9d9-ddb5-4fa4-a97d-d965ccfc6d4b" outcome="Passed" testListId="c695ee52-de14-4e34-95a5-95272d26d19d" />
    <UnitTestResult executionId="c7be1012-1bbe-4d59-a534-e56de4fcff19" testId="f5f78380-d17a-4f33-bbfb-65f8e624f60a" testName="Test9997" computerName="UA-LPT-OGA2" duration="00:00:01.4170000" startTime="2025-05-14T13:20:31.3146610Z" endTime="2025-05-14T13:25:31.3147553Z" testType="13cdc9d9-ddb5-4fa4-a97d-d965ccfc6d4b" outcome="Passed" testListId="c695ee52-de14-4e34-95a5-95272d26d19d" />
    <UnitTestResult executionId="1c69ce62-325b-4f14-afec-7900db120201" testId="30bc7345-816b-4590-b21b-de3da3e571f2" testName="Test9998" computerName="UA-LPT-OGA2" duration="00:00:01.0370000" startTime="2025-05-14T13:20:31.3146610Z" endTime="2025-05-14T13:25:31.3147553Z" testType="13cdc9d9-ddb5-4fa4-a97d-d965ccfc6d4b" outcome="Passed" testListId="c695ee52-de14-4e34-95a5-95272d26d19d" />
    <UnitTestResult executionId="54e2f73a-afeb-48a1-88e2-1fea0c56d19d" testId="eee18339-65a7-4135-a24c-142e971ba1fe" testName="Test9999" computerName="UA-LPT-OGA2" duration="00:00:00.8790000" startTime="2025-05-14T13:20:31.3146610Z" endTime="2025-05-14T13:25:31.3147553Z" testType="13cdc9d9-ddb5-4fa4-a97d-d965ccfc6d4b" outcome="Passed" testListId="c695ee52-de14-4e34-95a5-95272d26d19d" />
    <UnitTestResult executionId="c8f4fee0-a053-49ca-9d4e-9f73ae0f1845" testId="061e2b3f-42ee-44b5-8cfc-83902a09b8ec" testName="Test10000" computerName="UA-LPT-OGA2" duration="00:00:00.9310000" startTime="2025-05-14T13:20:31.3146610Z" endTime="2025-05-14T13:25:31.3147553Z" testType="13cdc9d9-ddb5-4fa4-a97d-d965ccfc6d4b" outcome="Passed" testListId="c695ee52-de14-4e34-95a5-95272d26d19d" />
  </Results>
  <TestDefinitions>
    <UnitTest name="Test9901" id="6f3869fe-ac75-4a13-be17-a74457220ca4" storage="TestAssembly.dll">
      <Execution id="5b8a4faf-2ec1-4dee-a4f9-ccc4383a4d31" />
      <TestMethod codeBase="TestAssembly.dll" className="TestNamespace.TestClass1" name="Test9901" />
    </UnitTest>
    <UnitTest name="Test9902" id="d216bbea-793b-47d5-b0fd-a8ae38921afd" storage="TestAssembly.dll">
      <Execution id="eb6653f1-1cad-4d38-9535-8bb743552912" />
      <TestMethod codeBase="TestAssembly.dll" className="TestNamespace.TestClass1" name="Test9902" />
    </UnitTest>
    <UnitTest name="Test9903" id="3c3c113e-2949-456a-8de9-2c33aa10eacd" storage="TestAssembly.dll">
      <Execution id="9dc6b6a6-5379-4998-bae8-c84a60e85f3d" />
      <TestMethod codeBase="TestAssembly.dll" className="TestNamespace.TestClass1" name="Test9903" />
    </UnitTest>
    <UnitTest name="Test9904" id="d52cf6dc-ace1-4630-8e73-a2b8c0d7ed6f" storage="TestAssembly.dll">
      <Execution id="72fac902-fa2b-418c-9592-7e3bbc833e82" />
      <TestMethod codeBase="TestAssembly.dll" className="TestNamespace.TestClass1" name="Test9904" />
    </UnitTest>
    <UnitTest name="Test9905" id="a99d1b80-a4a9-4810-b356-e02481ae6241" storage="TestAssembly.dll">
      <Execution id="47482029-7803-4306-8f73-d1361b3d8345" />
      <TestMethod codeBase="TestAssembly.dll" className="TestNamespace.TestClass1" name="Test9905" />
    </UnitTest>
    <UnitTest name="Test9906" id="0a90c5d9-51e7-4b61-8d4e-1d24a37d4b79" storage="TestAssembly.dll">
      <Execution id="3c6a6179-af8f-46f4-b331-3776a8ea6ff5" />
      <TestMethod codeBase="TestAssembly.dll" className="TestNamespace.TestClass1" name="Test9906" />
    </UnitTest>
    <UnitTest name="Test9907" id="b421466e-5afb-4ef5-8683-e694d8c5071f" storage="TestAssembly.dll">
      <Execution id="cdf2df09-e511-494f-8574-73000e6c39fd" />
      <TestMethod codeBase="TestAssembly.dll" className="TestNamespace.TestClass1" name="Test9907" />
    </UnitTest>
    <UnitTest name="Test9908" id="1e898621-953c-4b35-a0ab-b9e8fa6f3705" storage="TestAssembly.dll">
      <Execution id="1961ab39-fadd-4424-9068-62e84b10520a" />
      <TestMethod codeBase="TestAssembly.dll" className="TestNamespace.TestClass1" name="Test9908" />
    </UnitTest>
    <UnitTest name="Test9909" id="a443ebca-cfd9-4a5d-80ff-4e7b5233f497" storage="TestAssembly.dll">
      <Execution id="d2b3788c-e70d-42de-9f6d-b95078277e8e" />
      <TestMethod codeBase="TestAssembly.dll" className="TestNamespace.TestClass1" name="Test9909" />
    </UnitTest>
    <UnitTest name="Test9910" id="252fef62-5315-4b9e-a60c-38144976a2ef" storage="TestAssembly.dll">
      <Execution id="81397d49-cde4-4ea3-b76f-2a7d2a93d7d5" />
      <TestMethod codeBase="TestAssembly.dll" className="TestNamespace.TestClass1" name="Test9910" />
    </UnitTest>
    <UnitTest name="Test9911" id="3ee9c004-d19e-440c-ab2d-f6dc3c7b3114" storage="TestAssembly.dll">
      <Execution id="6dcbbc0d-cc2f-421d-b20a-0dd964ed7b37" />
      <TestMethod codeBase="TestAssembly.dll" className="TestNamespace.TestClass2" name="Test9911" />
    </UnitTest>
    <UnitTest name="Test9912" id="18473a1a-014e-459d-8428-5be2a7ea2932" storage="TestAssembly.dll">
      <Execution id="ed50a6c7-7734-4adf-9573-8b2513a7cbbf" />
      <TestMethod codeBase="TestAssembly.dll" className="TestNamespace.TestClass2" name="Test9912" />
    </UnitTest>
    <UnitTest name="Test9913" id="f93da875-45e9-4016-842b-dbf9f40eff20" storage="TestAssembly.dll">
      <Execution id="f1643371-093f-4b28-ba68-1393f0981b9d" />
      <TestMethod codeBase="TestAssembly.dll" className="TestNamespace.TestClass2" name="Test9913" />
    </UnitTest>
    <UnitTest name="Test9914" id="059eaddf-8b2e-4d52-aba2-3562d46db702" storage="TestAssembly.dll">
      <Execution id="2218947a-62ce-4c6d-b504-2c8ddb0e3b1d" />
      <TestMethod codeBase="TestAssembly.dll" className="TestNamespace.TestClass2" name="Test9914" />
    </UnitTest>
    <UnitTest name="Test9915" id="a41ab26a-b66c-4f25-9a32-b06cdbe54940" storage="TestAssembly.dll">
      <Execution id="18adb8eb-a9b2-42a6-96ce-3248df169bdd" />
      <TestMethod codeBase="TestAssembly.dll" className="TestNamespace.TestClass2" name="Test9915" />
    </UnitTest>
    <UnitTest name="Test9916" id="f7b0a893-da85-4e0a-a9be-6bb8be49d662" storage="TestAssembly.dll">
      <Execution id="2ee90aef-56c7-4882-97d6-a960fc2de630" />
      <TestMethod codeBase="TestAssembly.dll" className="TestNamespace.TestClass2" name="Test9916" />
    </UnitTest>
    <UnitTest name="Test9917" id="e8c5b74b-041f-4c77-bb13-fd1659606a12" storage="TestAssembly.dll">
      <Execution id="04e7e4eb-86f7-4c2d-87ed-740310784301" />
      <TestMethod codeBase="TestAssembly.dll" className="TestNamespace.TestClass2" name="Test9917" />
    </UnitTest>
    <UnitTest name="Test9918" id="d8607853-3460-4169-b33e-f8dbcdf4eb61" storage="TestAssembly.dll">
      <Execution id="e8c1daa0-6bdb-4db8-b982-b6aaa0e6374d" />
      <TestMethod codeBase="TestAssembly.dll" className="TestNamespace.TestClass2" name="Test9918" />
    </UnitTest>
    <UnitTest name="Test9919" id="8fa60694-3e99-4e0c-b9af-09de0dfc34c7" storage="TestAssembly.dll">
      <Execution id="bb0aa815-2dce-48de-a555-c38c9623a977" />
      <TestMethod codeBase="TestAssembly.dll" className="TestNamespace.TestClass2" name="Test9919" />
    </UnitTest>
    <UnitTest name="Test9920" id="b07bdf94-1bf2-423b-ab0e-271845085f65" storage="TestAssembly.dll">
      <Execution id="5f2ac9cf-e782-4dae-bd41-5ef58c67dacd" />
      <TestMethod codeBase="TestAssembly.dll" className="TestNamespace.TestClass2" name="Test9920" />
    </UnitTest>
    <UnitTest name="Test9921" id="d49e7992-cb8e-4b1e-8d3f-3201af2efe1d" storage="TestAssembly.dll">
      <Execution id="06ee89ed-6d98-4332-b95c-c5e539347735" />
      <TestMethod codeBase="TestAssembly.dll" className="TestNamespace.TestClass3" name="Test9921" />
    </UnitTest>
    <UnitTest name="Test9922" id="af865041-d534-473b-9088-3285ae49fc72" storage="TestAssembly.dll">
      <Execution id="7a4dc4e3-66e2-44a4-a206-12a0ccc48a6b" />
      <TestMethod codeBase="TestAssembly.dll" className="TestNamespace.TestClass3" name="Test9922" />
    </UnitTest>
    <UnitTest name="Test9923" id="7cf71564-c0ff-4f47-98c9-96c9350b38a4" storage="TestAssembly.dll">
      <Execution id="220b97a3-dafe-476f-a19e-14b34b945046" />
      <TestMethod codeBase="TestAssembly.dll" className="TestNamespace.TestClass3" name="Test9923" />
    </UnitTest>
    <UnitTest name="Test9924" id="9ee6de00-c63b-44ee-9c5f-65688318d1be" storage="TestAssembly.dll">
      <Execution id="ed69f6fc-783b-4635-a5fe-c514f89dd8e4" />
      <TestMethod codeBase="TestAssembly.dll" className="TestNamespace.TestClass3" name="Test9924" />
    </UnitTest>
    <UnitTest name="Test9925" id="b4dd2556-0d63-4a2f-a97f-25b603352473" storage="TestAssembly.dll">
      <Execution id="ff80b8ad-89a5-40bd-848a-30bb165f1474" />
      <TestMethod codeBase="TestAssembly.dll" className="TestNamespace.TestClass3" name="Test9925" />
    </UnitTest>
    <UnitTest name="Test9926" id="b01ec537-8371-4f17-bcff-b5494f56af5d" storage="TestAssembly.dll">
      <Execution id="7a5ad178-53da-4588-918f-bf6685d6a5b1" />
      <TestMethod codeBase="TestAssembly.dll" className="TestNamespace.TestClass3" name="Test9926" />
    </UnitTest>
    <UnitTest name="Test9927" id="8df9dd17-3a19-40e7-8440-83202944f0af" storage="TestAssembly.dll">
      <Execution id="bf1a5321-5663-4d23-8a65-9a8de6e962d0" />
      <TestMethod codeBase="TestAssembly.dll" className="TestNamespace.TestClass3" name="Test9927" />
    </UnitTest>
    <UnitTest name="Test9928" id="e4ed8334-d327-41e2-8d6e-c2ba7ec690d9" storage="TestAssembly.dll">
      <Execution id="a6c7aa0e-f746-4359-a775-144538cfc775" />
      <TestMethod codeBase="TestAssembly.dll" className="TestNamespace.TestClass3" name="Test9928" />
    </UnitTest>
    <UnitTest name="Test9929" id="0478e823-1e12-4d4a-8030-c3a1a65e8bfa" storage="TestAssembly.dll">
      <Execution id="df929ff3-e7ec-4265-8a5f-e63642e8988d" />
      <TestMethod codeBase="TestAssembly.dll" className="TestNamespace.TestClass3" name="Test9929" />
    </UnitTest>
    <UnitTest name="Test9930" id="0127a71e-8b63-4082-8f56-81a205bed5ff" storage="TestAssembly.dll">
      <Execution id="ee62cf02-3a6e-4ec1-a26b-912503ef1086" />
      <TestMethod codeBase="TestAssembly.dll" className="TestNamespace.TestClass3" name="Test9930" />
    </UnitTest>
    <UnitTest name="Test9931" id="214fac0c-859a-412f-b3c6-7ba6afe183f9" storage="TestAssembly.dll">
      <Execution id="a5b182c2-a73b-450c-be8e-8718d549e98c" />
      <TestMethod codeBase="TestAssembly.dll" className="TestNamespace.TestClass4" name="Test9931" />
    </UnitTest>
    <UnitTest name="Test9932" id="ec02dcee-42e4-4a4f-b63b-6eb7eea4f6e6" storage="TestAssembly.dll">
      <Execution id="2f78309f-4c1f-466b-8f03-56e57e2f739b" />
      <TestMethod codeBase="TestAssembly.dll" className="TestNamespace.TestClass4" name="Test9932" />
    </UnitTest>
    <UnitTest name="Test9933" id="f334b8c3-e6d5-41d4-b302-65a47e363328" storage="TestAssembly.dll">
      <Execution id="c64b5295-375a-42f4-8b03-9e85efb058cb" />
      <TestMethod codeBase="TestAssembly.dll" className="TestNamespace.TestClass4" name="Test9933" />
    </UnitTest>
    <UnitTest name="Test9934" id="2e8f4aa1-3428-463d-bf32-88d70c3f34e3" storage="TestAssembly.dll">
      <Execution id="bc02433c-da27-4fa2-965d-a455601581ba" />
      <TestMethod codeBase="TestAssembly.dll" className="TestNamespace.TestClass4" name="Test9934" />
    </UnitTest>
    <UnitTest name="Test9935" id="ab2d0687-b610-4d05-846e-b6d64dc910f0" storage="TestAssembly.dll">
      <Execution id="b7313fd8-8ae3-43ad-b871-eb1a02c3cd33" />
      <TestMethod codeBase="TestAssembly.dll" className="TestNamespace.TestClass4" name="Test9935" />
    </UnitTest>
    <UnitTest name="Test9936" id="6eb41cf2-be17-425e-9d60-5667e001a014" storage="TestAssembly.dll">
      <Execution id="d6047592-00cb-43a8-ae71-8668e9d1107c" />
      <TestMethod codeBase="TestAssembly.dll" className="TestNamespace.TestClass4" name="Test9936" />
    </UnitTest>
    <UnitTest name="Test9937" id="5ca9440f-33f6-4c90-ab1f-047ce9ef5884" storage="TestAssembly.dll">
      <Execution id="7a78cfbc-5743-42f6-b8af-1b33d2fa8c81" />
      <TestMethod codeBase="TestAssembly.dll" className="TestNamespace.TestClass4" name="Test9937" />
    </UnitTest>
    <UnitTest name="Test9938" id="be341539-bbc6-4a0c-bb87-81d4a012abcc" storage="TestAssembly.dll">
      <Execution id="94b23c1d-b2bf-483a-825f-6c384c4ddfa8" />
      <TestMethod codeBase="TestAssembly.dll" className="TestNamespace.TestClass4" name="Test9938" />
    </UnitTest>
    <UnitTest name="Test9939" id="4330c2b9-2ed5-4f6d-8f8e-b7b6c6108238" storage="TestAssembly.dll">
      <Execution id="6d22d981-2492-4c73-b3a0-24f07cffb470" />
      <TestMethod codeBase="TestAssembly.dll" className="TestNamespace.TestClass4" name="Test9939" />
    </UnitTest>
    <UnitTest name="Test9940" id="9883a00e-cf46-4a96-ba66-d29dc5dd0619" storage="TestAssembly.dll">
      <Execution id="a304a137-4940-48a0-8547-af70a7cf1b52" />
      <TestMethod codeBase="TestAssembly.dll" className="TestNamespace.TestClass4" name="Test9940" />
    </UnitTest>
    <UnitTest name="Test9941" id="1ccab475-d3c2-4292-b255-2c252bd2b17b" storage="TestAssembly.dll">
      <Execution id="b102d360-c5ab-459c-85e5-1b7b1d79559a" />
      <TestMethod codeBase="TestAssembly.dll" className="TestNamespace.TestClass5" name="Test9941" />
    </UnitTest>
    <UnitTest name="Test9942" id="473f65a1-e3c9-41fc-8589-e440e24ed940" storage="TestAssembly.dll">
      <Execution id="093bafc9-283a-4111-9fb1-503588861921" />
      <TestMethod codeBase="TestAssembly.dll" className="TestNamespace.TestClass5" name="Test9942" />
    </UnitTest>
    <UnitTest name="Test9943" id="d228e385-189b-43c3-9c5a-616680b8dcaf" storage="TestAssembly.dll">
      <Execution id="7294c53e-3ada-473d-944d-544e680c2ab7" />
      <TestMethod codeBase="TestAssembly.dll" className="TestNamespace.TestClass5" name="Test9943" />
    </UnitTest>
    <UnitTest name="Test9944" id="a1a8a9a8-0b37-46a2-8a07-6a70ca3a2740" storage="TestAssembly.dll">
      <Execution id="e63e96a2-038c-45fc-93bf-8c0b458ee2af" />
      <TestMethod codeBase="TestAssembly.dll" className="TestNamespace.TestClass5" name="Test9944" />
    </UnitTest>
    <UnitTest name="Test9945" id="9df716cc-ac2a-4304-b81a-c486b9b85ed6" storage="TestAssembly.dll">
      <Execution id="d655c269-9f59-4717-87aa-7e7807c2ae6e" />
      <TestMethod codeBase="TestAssembly.dll" className="TestNamespace.TestClass5" name="Test9945" />
    </UnitTest>
    <UnitTest name="Test9946" id="d747dec3-cb96-4e5f-a70e-cf0cc8903363" storage="TestAssembly.dll">
      <Execution id="085379fb-a02f-4cc8-adfb-b96a50f23748" />
      <TestMethod codeBase="TestAssembly.dll" className="TestNamespace.TestClass5" name="Test9946" />
    </UnitTest>
    <UnitTest name="Test9947" id="73e6ae13-c265-4a1a-8782-7a3697a90438" storage="TestAssembly.dll">
      <Execution id="310c8cd7-c105-4e63-a317-071747794289" />
      <TestMethod codeBase="TestAssembly.dll" className="TestNamespace.TestClass5" name="Test9947" />
    </UnitTest>
    <UnitTest name="Test9948" id="dd5a57fd-1857-499f-8871-433ed313edd6" storage="TestAssembly.dll">
      <Execution id="27a11293-6b0b-47d2-9c3d-4049a903eefd" />
      <TestMethod codeBase="TestAssembly.dll" className="TestNamespace.TestClass5" name="Test9948" />
    </UnitTest>
    <UnitTest name="Test9949" id="0fb74aba-83b4-4a72-8312-fabb9acad062" storage="TestAssembly.dll">
      <Execution id="0b057fb1-8fd0-49a5-8815-82f2e1fa18af" />
      <TestMethod codeBase="TestAssembly.dll" className="TestNamespace.TestClass5" name="Test9949" />
    </UnitTest>
    <UnitTest name="Test9950" id="3709e3a5-4934-4d09-a46a-57933511fd3f" storage="TestAssembly.dll">
      <Execution id="701c46f0-55a3-4909-8546-e5ee40a0011d" />
      <TestMethod codeBase="TestAssembly.dll" className="TestNamespace.TestClass5" name="Test9950" />
    </UnitTest>
    <UnitTest name="Test9951" id="9d94c5be-c641-4915-8baa-59a9e296466b" storage="TestAssembly.dll">
      <Execution id="d63fa228-c4c3-4670-bf87-c918bd3b19c9" />
      <TestMethod codeBase="TestAssembly.dll" className="TestNamespace.TestClass6" name="Test9951" />
    </UnitTest>
    <UnitTest name="Test9952" id="cc469cbf-c03d-4f81-b800-89a1e102b2a1" storage="TestAssembly.dll">
      <Execution id="4a9dec15-646d-4d24-aafa-cba53e4dc903" />
      <TestMethod codeBase="TestAssembly.dll" className="TestNamespace.TestClass6" name="Test9952" />
    </UnitTest>
    <UnitTest name="Test9953" id="aa222148-4aa5-47cc-bf37-468a385507ca" storage="TestAssembly.dll">
      <Execution id="26613265-f22e-4ce4-a1db-e15c8a2afbe2" />
      <TestMethod codeBase="TestAssembly.dll" className="TestNamespace.TestClass6" name="Test9953" />
    </UnitTest>
    <UnitTest name="Test9954" id="6d0180e5-f701-4000-8c17-041b65642020" storage="TestAssembly.dll">
      <Execution id="ae5d3b1d-a008-4a2c-8faa-a56e838f673d" />
      <TestMethod codeBase="TestAssembly.dll" className="TestNamespace.TestClass6" name="Test9954" />
    </UnitTest>
    <UnitTest name="Test9955" id="5a1cab07-06f8-4466-be7f-ff0d18ec46a4" storage="TestAssembly.dll">
      <Execution id="763f2677-077b-4373-8dae-baea4461bee3" />
      <TestMethod codeBase="TestAssembly.dll" className="TestNamespace.TestClass6" name="Test9955" />
    </UnitTest>
    <UnitTest name="Test9956" id="96d29c83-6a32-4633-866f-6296cf12b89e" storage="TestAssembly.dll">
      <Execution id="92c56063-a48e-4804-bd8a-f8a604957908" />
      <TestMethod codeBase="TestAssembly.dll" className="TestNamespace.TestClass6" name="Test9956" />
    </UnitTest>
    <UnitTest name="Test9957" id="32450dc1-7473-4e70-a168-29c90a17586b" storage="TestAssembly.dll">
      <Execution id="a0c2b365-19a5-4b1c-bacb-b5c19ffd174f" />
      <TestMethod codeBase="TestAssembly.dll" className="TestNamespace.TestClass6" name="Test9957" />
    </UnitTest>
    <UnitTest name="Test9958" id="9b263611-7c70-4a37-8fc1-42de61390eea" storage="TestAssembly.dll">
      <Execution id="42ab68e3-134a-46dc-b272-e297629bdfe3" />
      <TestMethod codeBase="TestAssembly.dll" className="TestNamespace.TestClass6" name="Test9958" />
    </UnitTest>
    <UnitTest name="Test9959" id="3f4f0282-a8eb-48f1-a564-311858443c14" storage="TestAssembly.dll">
      <Execution id="20765aea-01cb-466d-8a1c-2c2c55709b83" />
      <TestMethod codeBase="TestAssembly.dll" className="TestNamespace.TestClass6" name="Test9959" />
    </UnitTest>
    <UnitTest name="Test9960" id="312d975c-b37b-4b8f-a3b0-510a7c7d1e2d" storage="TestAssembly.dll">
      <Execution id="1ce199f3-9fff-4426-ab1e-e737bdc53c19" />
      <TestMethod codeBase="TestAssembly.dll" className="TestNamespace.TestClass6" name="Test9960" />
    </UnitTest>
    <UnitTest name="Test9961" id="f36d734f-8d06-4cb6-b3b4-8543225a2dd1" storage="TestAssembly.dll">
      <Execution id="5d6543ca-2cab-4cc0-a175-736ca3f4c0ec" />
      <TestMethod codeBase="TestAssembly.dll" className="TestNamespace.TestClass7" name="Test9961" />
    </UnitTest>
    <UnitTest name="Test9962" id="91655b9f-21d2-4f0d-9295-931ae0305ad6" storage="TestAssembly.dll">
      <Execution id="64eb88ef-5273-4a56-8ab2-1fce2f8d8179" />
      <TestMethod codeBase="TestAssembly.dll" className="TestNamespace.TestClass7" name="Test9962" />
    </UnitTest>
    <UnitTest name="Test9963" id="01654613-1ffd-48bd-b2e5-62c3893cb394" storage="TestAssembly.dll">
      <Execution id="238b8538-99ee-4bfb-aa4d-f7d3d51e6fbb" />
      <TestMethod codeBase="TestAssembly.dll" className="TestNamespace.TestClass7" name="Test9963" />
    </UnitTest>
    <UnitTest name="Test9964" id="1a8699c5-5532-44e5-b27c-0ec5a8a47d59" storage="TestAssembly.dll">
      <Execution id="0df73d4b-aa9a-4da9-b11a-9d5d9e733818" />
      <TestMethod codeBase="TestAssembly.dll" className="TestNamespace.TestClass7" name="Test9964" />
    </UnitTest>
    <UnitTest name="Test9965" id="29d3ecd8-de40-4392-a055-57de505803b5" storage="TestAssembly.dll">
      <Execution id="0ca6994f-ffae-4c2a-a7fb-4af2773fdeb7" />
      <TestMethod codeBase="TestAssembly.dll" className="TestNamespace.TestClass7" name="Test9965" />
    </UnitTest>
    <UnitTest name="Test9966" id="f3f2c8b5-3f06-47e9-b974-de2b7fa2abc5" storage="TestAssembly.dll">
      <Execution id="cd020b56-ff63-485b-901d-eb65fea270ab" />
      <TestMethod codeBase="TestAssembly.dll" className="TestNamespace.TestClass7" name="Test9966" />
    </UnitTest>
    <UnitTest name="Test9967" id="86b58dbf-e0eb-4d6c-861e-8a66194e4753" storage="TestAssembly.dll">
      <Execution id="f493e3b5-4049-4788-8505-ab952a96796e" />
      <TestMethod codeBase="TestAssembly.dll" className="TestNamespace.TestClass7" name="Test9967" />
    </UnitTest>
    <UnitTest name="Test9968" id="24d3fbf2-76bd-453e-a0fb-9ab339bfb268" storage="TestAssembly.dll">
      <Execution id="abf09e60-2006-4a5e-81bb-0099d6aad13c" />
      <TestMethod codeBase="TestAssembly.dll" className="TestNamespace.TestClass7" name="Test9968" />
    </UnitTest>
    <UnitTest name="Test9969" id="67e89246-631b-4b4f-8f97-8e4e49a0d67f" storage="TestAssembly.dll">
      <Execution id="f301ec6d-1203-46f4-ad51-c9854116550e" />
      <TestMethod codeBase="TestAssembly.dll" className="TestNamespace.TestClass7" name="Test9969" />
    </UnitTest>
    <UnitTest name="Test9970" id="b52885a7-75ce-4c2e-b8d7-10af8fcb4095" storage="TestAssembly.dll">
      <Execution id="481f9fb3-06de-4d76-bbf3-eb59705541aa" />
      <TestMethod codeBase="TestAssembly.dll" className="TestNamespace.TestClass7" name="Test9970" />
    </UnitTest>
    <UnitTest name="Test9971" id="7dd92555-afda-4693-8fc0-6c0064f40383" storage="TestAssembly.dll">
      <Execution id="ab031328-e0d5-4f26-b711-eca35d46d306" />
      <TestMethod codeBase="TestAssembly.dll" className="TestNamespace.TestClass8" name="Test9971" />
    </UnitTest>
    <UnitTest name="Test9972" id="ebbec27b-e902-4da6-bf8c-92b60bdd13c2" storage="TestAssembly.dll">
      <Execution id="d8c0b261-77a7-4ce6-b7a1-30f0f7f205d0" />
      <TestMethod codeBase="TestAssembly.dll" className="TestNamespace.TestClass8" name="Test9972" />
    </UnitTest>
    <UnitTest name="Test9973" id="5283d501-ea23-42e5-8f2a-3e7bc189edd1" storage="TestAssembly.dll">
      <Execution id="eb1fb214-bd38-471f-9f60-e8a5e5d29a61" />
      <TestMethod codeBase="TestAssembly.dll" className="TestNamespace.TestClass8" name="Test9973" />
    </UnitTest>
    <UnitTest name="Test9974" id="6816c639-5b6e-4c01-ae00-08dc4c285977" storage="TestAssembly.dll">
      <Execution id="0339a889-c721-47d5-a358-d7aa4a53ea89" />
      <TestMethod codeBase="TestAssembly.dll" className="TestNamespace.TestClass8" name="Test9974" />
    </UnitTest>
    <UnitTest name="Test9975" id="231f881d-fccf-4637-8bb8-739e071769a9" storage="TestAssembly.dll">
      <Execution id="9fea5838-98e9-4249-8015-4a2e819dc233" />
      <TestMethod codeBase="TestAssembly.dll" className="TestNamespace.TestClass8" name="Test9975" />
    </UnitTest>
    <UnitTest name="Test9976" id="c82fdaab-3fb0-4903-ab94-0bb2eb3fe217" storage="TestAssembly.dll">
      <Execution id="727a93d7-1ce9-4eaf-81eb-21c13a7d58b0" />
      <TestMethod codeBase="TestAssembly.dll" className="TestNamespace.TestClass8" name="Test9976" />
    </UnitTest>
    <UnitTest name="Test9977" id="0543edc7-2ae2-4cdf-b970-f7b291b41ff3" storage="TestAssembly.dll">
      <Execution id="440759fa-3203-4bbf-a8de-d4c83faaaaff" />
      <TestMethod codeBase="TestAssembly.dll" className="TestNamespace.TestClass8" name="Test9977" />
    </UnitTest>
    <UnitTest name="Test9978" id="c2f2a3e9-f99c-4e25-8f33-149332df5f50" storage="TestAssembly.dll">
      <Execution id="f05edc8c-e056-48bc-867b-1316fc3c5e62" />
      <TestMethod codeBase="TestAssembly.dll" className="TestNamespace.TestClass8" name="Test9978" />
    </UnitTest>
    <UnitTest name="Test9979" id="b1575398-3449-4551-a720-d326a77eafbe" storage="TestAssembly.dll">
      <Execution id="f893cce7-60f1-4e8f-be3c-6d7d27783357" />
      <TestMethod codeBase="TestAssembly.dll" className="TestNamespace.TestClass8" name="Test9979" />
    </UnitTest>
    <UnitTest name="Test9980" id="005a3f83-96fd-4d98-b689-2a9e6040d0c9" storage="TestAssembly.dll">
      <Execution id="2fd8817f-0bcd-49db-9cd9-f2f23d16beb4" />
      <TestMethod codeBase="TestAssembly.dll" className="TestNamespace.TestClass8" name="Test9980" />
    </UnitTest>
    <UnitTest name="Test9981" id="f7b14955-cfb9-40e1-8b61-f2167a9d67f0" storage="TestAssembly.dll">
      <Execution id="de7b45d3-9053-43bd-87b0-2608d9b98e20" />
      <TestMethod codeBase="TestAssembly.dll" className="TestNamespace.TestClass9" name="Test9981" />
    </UnitTest>
    <UnitTest name="Test9982" id="a8264c4d-f630-451a-b3cd-63ec65b8781c" storage="TestAssembly.dll">
      <Execution id="ab73bba5-b5c6-4860-8c54-765021c56300" />
      <TestMethod codeBase="TestAssembly.dll" className="TestNamespace.TestClass9" name="Test9982" />
    </UnitTest>
    <UnitTest name="Test9983" id="a1a4a704-14c5-4a76-9292-ac37fe6ba3e2" storage="TestAssembly.dll">
      <Execution id="34a7b085-97d8-479b-907e-12184dbb206d" />
      <TestMethod codeBase="TestAssembly.dll" className="TestNamespace.TestClass9" name="Test9983" />
    </UnitTest>
    <UnitTest name="Test9984" id="cbf51424-2077-44bf-b56a-d10404f5864b" storage="TestAssembly.dll">
      <Execution id="69078b86-3125-4da3-b9b2-8a97a2bb7a55" />
      <TestMethod codeBase="TestAssembly.dll" className="TestNamespace.TestClass9" name="Test9984" />
    </UnitTest>
    <UnitTest name="Test9985" id="1e4e3b50-df7f-42d9-8f44-b5ddc60df1fa" storage="TestAssembly.dll">
      <Execution id="66e90910-37ea-4d20-9a6c-6e9899f4d813" />
      <TestMethod codeBase="TestAssembly.dll" className="TestNamespace.TestClass9" name="Test9985" />
    </UnitTest>
    <UnitTest name="Test9986" id="2921db11-bf62-4da9-88be-e1c1e2a9c2d8" storage="TestAssembly.dll">
      <Execution id="ef0995c3-f99a-4720-9fc8-9b1b096df144" />
      <TestMethod codeBase="TestAssembly.dll" className="TestNamespace.TestClass9" name="Test9986" />
    </UnitTest>
    <UnitTest name="Test9987" id="f6d821b3-fe79-4e38-a6e4-36c8f03e1f6b" storage="TestAssembly.dll">
      <Execution id="b656d5a5-28b8-4788-8def-625d26c035bf" />
      <TestMethod codeBase="TestAssembly.dll" className="TestNamespace.TestClass9" name="Test9987" />
    </UnitTest>
    <UnitTest name="Test9988" id="203cb66e-f063-4eb7-9818-8fa73f193849" storage="TestAssembly.dll">
      <Execution id="f6895cae-f9dc-45ff-9d56-491d269e7626" />
      <TestMethod codeBase="TestAssembly.dll" className="TestNamespace.TestClass9" name="Test9988" />
    </UnitTest>
    <UnitTest name="Test9989" id="16bc227d-a058-45ec-9e39-cd6748d2ffd4" storage="TestAssembly.dll">
      <Execution id="c053fb47-19c2-489d-bc56-df55f17fed4a" />
      <TestMethod codeBase="TestAssembly.dll" className="TestNamespace.TestClass9" name="Test9989" />
    </UnitTest>
    <UnitTest name="Test9990" id="51a8bcdf-4a87-4d59-9ce7-763090b30238" storage="TestAssembly.dll">
      <Execution id="03bcab80-7a9a-435b-aff4-22b872f8a988" />
      <TestMethod codeBase="TestAssembly.dll" className="TestNamespace.TestClass9" name="Test9990" />
    </UnitTest>
    <UnitTest name="Test9991" id="799ae49f-b47d-4553-96a7-f6a7b9d0ddbb" storage="TestAssembly.dll">
      <Execution id="6ad468b8-2a5f-422e-8b40-26d4097b1e0b" />
      <TestMethod codeBase="TestAssembly.dll" className="TestNamespace.TestClass10" name="Test9991" />
    </UnitTest>
    <UnitTest name="Test9992" id="8c93bacc-e12b-403e-bdba-6d3b2ff0dead" storage="TestAssembly.dll">
      <Execution id="a2e3e307-3a79-4d55-91ac-0cd1e0e96073" />
      <TestMethod codeBase="TestAssembly.dll" className="TestNamespace.TestClass10" name="Test9992" />
    </UnitTest>
    <UnitTest name="Test9993" id="227eba15-3c80-4680-b38b-480afb2e5d19" storage="TestAssembly.dll">
      <Execution id="18a4f352-085e-40ac-8769-f23574ee4097" />
      <TestMethod codeBase="TestAssembly.dll" className="TestNamespace.TestClass10" name="Test9993" />
    </UnitTest>
    <UnitTest name="Test9994" id="d72cc7f7-18b2-4799-bd84-7e0f10b1a48b" storage="TestAssembly.dll">
      <Execution id="3a3be296-9f28-4b05-913c-414d8ce7c686" />
      <TestMethod codeBase="TestAssembly.dll" className="TestNamespace.TestClass10" name="Test9994" />
    </UnitTest>
    <UnitTest name="Test9995" id="c9124791-0611-4336-85ca-435d202640e5" storage="TestAssembly.dll">
      <Execution id="88a67b1e-90bd-4089-a7ad-445f0162bf67" />
      <TestMethod codeBase="TestAssembly.dll" className="TestNamespace.TestClass10" name="Test9995" />
    </UnitTest>
    <UnitTest name="Test9996" id="0cd3621b-cfa1-4b92-a05f-1cc874653cd8" storage="TestAssembly.dll">
      <Execution id="cf12876c-d7d8-4553-99b2-33836037f5d4" />
      <TestMethod codeBase="TestAssembly.dll" className="TestNamespace.TestClass10" name="Test9996" />
    </UnitTest>
    <UnitTest name="Test9997" id="f5f78380-d17a-4f33-bbfb-65f8e624f60a" storage="TestAssembly.dll">
      <Execution id="c7be1012-1bbe-4d59-a534-e56de4fcff19" />
      <TestMethod codeBase="TestAssembly.dll" className="TestNamespace.TestClass10" name="Test9997" />
    </UnitTest>
    <UnitTest name="Test9998" id="30bc7345-816b-4590-b21b-de3da3e571f2" storage="TestAssembly.dll">
      <Execution id="1c69ce62-325b-4f14-afec-7900db120201" />
      <TestMethod codeBase="TestAssembly.dll" className="TestNamespace.TestClass10" name="Test9998" />
    </UnitTest>
    <UnitTest name="Test9999" id="eee18339-65a7-4135-a24c-142e971ba1fe" storage="TestAssembly.dll">
      <Execution id="54e2f73a-afeb-48a1-88e2-1fea0c56d19d" />
      <TestMethod codeBase="TestAssembly.dll" className="TestNamespace.TestClass10" name="Test9999" />
    </UnitTest>
    <UnitTest name="Test10000" id="061e2b3f-42ee-44b5-8cfc-83902a09b8ec" storage="TestAssembly.dll">
      <Execution id="c8f4fee0-a053-49ca-9d4e-9f73ae0f1845" />
      <TestMethod codeBase="TestAssembly.dll" className="TestNamespace.TestClass10" name="Test10000" />
    </UnitTest>
  </TestDefinitions>
  <TestEntries>
    <TestEntry testId="6f3869fe-ac75-4a13-be17-a74457220ca4" executionId="5b8a4faf-2ec1-4dee-a4f9-ccc4383a4d31" testListId="c695ee52-de14-4e34-95a5-95272d26d19d" />
    <TestEntry testId="d216bbea-793b-47d5-b0fd-a8ae38921afd" executionId="eb6653f1-1cad-4d38-9535-8bb743552912" testListId="c695ee52-de14-4e34-95a5-95272d26d19d" />
    <TestEntry testId="3c3c113e-2949-456a-8de9-2c33aa10eacd" executionId="9dc6b6a6-5379-4998-bae8-c84a60e85f3d" testListId="c695ee52-de14-4e34-95a5-95272d26d19d" />
    <TestEntry testId="d52cf6dc-ace1-4630-8e73-a2b8c0d7ed6f" executionId="72fac902-fa2b-418c-9592-7e3bbc833e82" testListId="c695ee52-de14-4e34-95a5-95272d26d19d" />
    <TestEntry testId="a99d1b80-a4a9-4810-b356-e02481ae6241" executionId="47482029-7803-4306-8f73-d1361b3d8345" testListId="c695ee52-de14-4e34-95a5-95272d26d19d" />
    <TestEntry testId="0a90c5d9-51e7-4b61-8d4e-1d24a37d4b79" executionId="3c6a6179-af8f-46f4-b331-3776a8ea6ff5" testListId="c695ee52-de14-4e34-95a5-95272d26d19d" />
    <TestEntry testId="b421466e-5afb-4ef5-8683-e694d8c5071f" executionId="cdf2df09-e511-494f-8574-73000e6c39fd" testListId="c695ee52-de14-4e34-95a5-95272d26d19d" />
    <TestEntry testId="1e898621-953c-4b35-a0ab-b9e8fa6f3705" executionId="1961ab39-fadd-4424-9068-62e84b10520a" testListId="c695ee52-de14-4e34-95a5-95272d26d19d" />
    <TestEntry testId="a443ebca-cfd9-4a5d-80ff-4e7b5233f497" executionId="d2b3788c-e70d-42de-9f6d-b95078277e8e" testListId="c695ee52-de14-4e34-95a5-95272d26d19d" />
    <TestEntry testId="252fef62-5315-4b9e-a60c-38144976a2ef" executionId="81397d49-cde4-4ea3-b76f-2a7d2a93d7d5" testListId="c695ee52-de14-4e34-95a5-95272d26d19d" />
    <TestEntry testId="3ee9c004-d19e-440c-ab2d-f6dc3c7b3114" executionId="6dcbbc0d-cc2f-421d-b20a-0dd964ed7b37" testListId="c695ee52-de14-4e34-95a5-95272d26d19d" />
    <TestEntry testId="18473a1a-014e-459d-8428-5be2a7ea2932" executionId="ed50a6c7-7734-4adf-9573-8b2513a7cbbf" testListId="c695ee52-de14-4e34-95a5-95272d26d19d" />
    <TestEntry testId="f93da875-45e9-4016-842b-dbf9f40eff20" executionId="f1643371-093f-4b28-ba68-1393f0981b9d" testListId="c695ee52-de14-4e34-95a5-95272d26d19d" />
    <TestEntry testId="059eaddf-8b2e-4d52-aba2-3562d46db702" executionId="2218947a-62ce-4c6d-b504-2c8ddb0e3b1d" testListId="c695ee52-de14-4e34-95a5-95272d26d19d" />
    <TestEntry testId="a41ab26a-b66c-4f25-9a32-b06cdbe54940" executionId="18adb8eb-a9b2-42a6-96ce-3248df169bdd" testListId="c695ee52-de14-4e34-95a5-95272d26d19d" />
    <TestEntry testId="f7b0a893-da85-4e0a-a9be-6bb8be49d662" executionId="2ee90aef-56c7-4882-97d6-a960fc2de630" testListId="c695ee52-de14-4e34-95a5-95272d26d19d" />
    <TestEntry testId="e8c5b74b-041f-4c77-bb13-fd1659606a12" executionId="04e7e4eb-86f7-4c2d-87ed-740310784301" testListId="c695ee52-de14-4e34-95a5-95272d26d19d" />
    <TestEntry testId="d8607853-3460-4169-b33e-f8dbcdf4eb61" executionId="e8c1daa0-6bdb-4db8-b982-b6aaa0e6374d" testListId="c695ee52-de14-4e34-95a5-95272d26d19d" />
    <TestEntry testId="8fa60694-3e99-4e0c-b9af-09de0dfc34c7" executionId="bb0aa815-2dce-48de-a555-c38c9623a977" testListId="c695ee52-de14-4e34-95a5-95272d26d19d" />
    <TestEntry testId="b07bdf94-1bf2-423b-ab0e-271845085f65" executionId="5f2ac9cf-e782-4dae-bd41-5ef58c67dacd" testListId="c695ee52-de14-4e34-95a5-95272d26d19d" />
    <TestEntry testId="d49e7992-cb8e-4b1e-8d3f-3201af2efe1d" executionId="06ee89ed-6d98-4332-b95c-c5e539347735" testListId="c695ee52-de14-4e34-95a5-95272d26d19d" />
    <TestEntry testId="af865041-d534-473b-9088-3285ae49fc72" executionId="7a4dc4e3-66e2-44a4-a206-12a0ccc48a6b" testListId="c695ee52-de14-4e34-95a5-95272d26d19d" />
    <TestEntry testId="7cf71564-c0ff-4f47-98c9-96c9350b38a4" executionId="220b97a3-dafe-476f-a19e-14b34b945046" testListId="c695ee52-de14-4e34-95a5-95272d26d19d" />
    <TestEntry testId="9ee6de00-c63b-44ee-9c5f-65688318d1be" executionId="ed69f6fc-783b-4635-a5fe-c514f89dd8e4" testListId="c695ee52-de14-4e34-95a5-95272d26d19d" />
    <TestEntry testId="b4dd2556-0d63-4a2f-a97f-25b603352473" executionId="ff80b8ad-89a5-40bd-848a-30bb165f1474" testListId="c695ee52-de14-4e34-95a5-95272d26d19d" />
    <TestEntry testId="b01ec537-8371-4f17-bcff-b5494f56af5d" executionId="7a5ad178-53da-4588-918f-bf6685d6a5b1" testListId="c695ee52-de14-4e34-95a5-95272d26d19d" />
    <TestEntry testId="8df9dd17-3a19-40e7-8440-83202944f0af" executionId="bf1a5321-5663-4d23-8a65-9a8de6e962d0" testListId="c695ee52-de14-4e34-95a5-95272d26d19d" />
    <TestEntry testId="e4ed8334-d327-41e2-8d6e-c2ba7ec690d9" executionId="a6c7aa0e-f746-4359-a775-144538cfc775" testListId="c695ee52-de14-4e34-95a5-95272d26d19d" />
    <TestEntry testId="0478e823-1e12-4d4a-8030-c3a1a65e8bfa" executionId="df929ff3-e7ec-4265-8a5f-e63642e8988d" testListId="c695ee52-de14-4e34-95a5-95272d26d19d" />
    <TestEntry testId="0127a71e-8b63-4082-8f56-81a205bed5ff" executionId="ee62cf02-3a6e-4ec1-a26b-912503ef1086" testListId="c695ee52-de14-4e34-95a5-95272d26d19d" />
    <TestEntry testId="214fac0c-859a-412f-b3c6-7ba6afe183f9" executionId="a5b182c2-a73b-450c-be8e-8718d549e98c" testListId="c695ee52-de14-4e34-95a5-95272d26d19d" />
    <TestEntry testId="ec02dcee-42e4-4a4f-b63b-6eb7eea4f6e6" executionId="2f78309f-4c1f-466b-8f03-56e57e2f739b" testListId="c695ee52-de14-4e34-95a5-95272d26d19d" />
    <TestEntry testId="f334b8c3-e6d5-41d4-b302-65a47e363328" executionId="c64b5295-375a-42f4-8b03-9e85efb058cb" testListId="c695ee52-de14-4e34-95a5-95272d26d19d" />
    <TestEntry testId="2e8f4aa1-3428-463d-bf32-88d70c3f34e3" executionId="bc02433c-da27-4fa2-965d-a455601581ba" testListId="c695ee52-de14-4e34-95a5-95272d26d19d" />
    <TestEntry testId="ab2d0687-b610-4d05-846e-b6d64dc910f0" executionId="b7313fd8-8ae3-43ad-b871-eb1a02c3cd33" testListId="c695ee52-de14-4e34-95a5-95272d26d19d" />
    <TestEntry testId="6eb41cf2-be17-425e-9d60-5667e001a014" executionId="d6047592-00cb-43a8-ae71-8668e9d1107c" testListId="c695ee52-de14-4e34-95a5-95272d26d19d" />
    <TestEntry testId="5ca9440f-33f6-4c90-ab1f-047ce9ef5884" executionId="7a78cfbc-5743-42f6-b8af-1b33d2fa8c81" testListId="c695ee52-de14-4e34-95a5-95272d26d19d" />
    <TestEntry testId="be341539-bbc6-4a0c-bb87-81d4a012abcc" executionId="94b23c1d-b2bf-483a-825f-6c384c4ddfa8" testListId="c695ee52-de14-4e34-95a5-95272d26d19d" />
    <TestEntry testId="4330c2b9-2ed5-4f6d-8f8e-b7b6c6108238" executionId="6d22d981-2492-4c73-b3a0-24f07cffb470" testListId="c695ee52-de14-4e34-95a5-95272d26d19d" />
    <TestEntry testId="9883a00e-cf46-4a96-ba66-d29dc5dd0619" executionId="a304a137-4940-48a0-8547-af70a7cf1b52" testListId="c695ee52-de14-4e34-95a5-95272d26d19d" />
    <TestEntry testId="1ccab475-d3c2-4292-b255-2c252bd2b17b" executionId="b102d360-c5ab-459c-85e5-1b7b1d79559a" testListId="c695ee52-de14-4e34-95a5-95272d26d19d" />
    <TestEntry testId="473f65a1-e3c9-41fc-8589-e440e24ed940" executionId="093bafc9-283a-4111-9fb1-503588861921" testListId="c695ee52-de14-4e34-95a5-95272d26d19d" />
    <TestEntry testId="d228e385-189b-43c3-9c5a-616680b8dcaf" executionId="7294c53e-3ada-473d-944d-544e680c2ab7" testListId="c695ee52-de14-4e34-95a5-95272d26d19d" />
    <TestEntry testId="a1a8a9a8-0b37-46a2-8a07-6a70ca3a2740" executionId="e63e96a2-038c-45fc-93bf-8c0b458ee2af" testListId="c695ee52-de14-4e34-95a5-95272d26d19d" />
    <TestEntry testId="9df716cc-ac2a-4304-b81a-c486b9b85ed6" executionId="d655c269-9f59-4717-87aa-7e7807c2ae6e" testListId="c695ee52-de14-4e34-95a5-95272d26d19d" />
    <TestEntry testId="d747dec3-cb96-4e5f-a70e-cf0cc8903363" executionId="085379fb-a02f-4cc8-adfb-b96a50f23748" testListId="c695ee52-de14-4e34-95a5-95272d26d19d" />
    <TestEntry testId="73e6ae13-c265-4a1a-8782-7a3697a90438" executionId="310c8cd7-c105-4e63-a317-071747794289" testListId="c695ee52-de14-4e34-95a5-95272d26d19d" />
    <TestEntry testId="dd5a57fd-1857-499f-8871-433ed313edd6" executionId="27a11293-6b0b-47d2-9c3d-4049a903eefd" testListId="c695ee52-de14-4e34-95a5-95272d26d19d" />
    <TestEntry testId="0fb74aba-83b4-4a72-8312-fabb9acad062" executionId="0b057fb1-8fd0-49a5-8815-82f2e1fa18af" testListId="c695ee52-de14-4e34-95a5-95272d26d19d" />
    <TestEntry testId="3709e3a5-4934-4d09-a46a-57933511fd3f" executionId="701c46f0-55a3-4909-8546-e5ee40a0011d" testListId="c695ee52-de14-4e34-95a5-95272d26d19d" />
    <TestEntry testId="9d94c5be-c641-4915-8baa-59a9e296466b" executionId="d63fa228-c4c3-4670-bf87-c918bd3b19c9" testListId="c695ee52-de14-4e34-95a5-95272d26d19d" />
    <TestEntry testId="cc469cbf-c03d-4f81-b800-89a1e102b2a1" executionId="4a9dec15-646d-4d24-aafa-cba53e4dc903" testListId="c695ee52-de14-4e34-95a5-95272d26d19d" />
    <TestEntry testId="aa222148-4aa5-47cc-bf37-468a385507ca" executionId="26613265-f22e-4ce4-a1db-e15c8a2afbe2" testListId="c695ee52-de14-4e34-95a5-95272d26d19d" />
    <TestEntry testId="6d0180e5-f701-4000-8c17-041b65642020" executionId="ae5d3b1d-a008-4a2c-8faa-a56e838f673d" testListId="c695ee52-de14-4e34-95a5-95272d26d19d" />
    <TestEntry testId="5a1cab07-06f8-4466-be7f-ff0d18ec46a4" executionId="763f2677-077b-4373-8dae-baea4461bee3" testListId="c695ee52-de14-4e34-95a5-95272d26d19d" />
    <TestEntry testId="96d29c83-6a32-4633-866f-6296cf12b89e" executionId="92c56063-a48e-4804-bd8a-f8a604957908" testListId="c695ee52-de14-4e34-95a5-95272d26d19d" />
    <TestEntry testId="32450dc1-7473-4e70-a168-29c90a17586b" executionId="a0c2b365-19a5-4b1c-bacb-b5c19ffd174f" testListId="c695ee52-de14-4e34-95a5-95272d26d19d" />
    <TestEntry testId="9b263611-7c70-4a37-8fc1-42de61390eea" executionId="42ab68e3-134a-46dc-b272-e297629bdfe3" testListId="c695ee52-de14-4e34-95a5-95272d26d19d" />
    <TestEntry testId="3f4f0282-a8eb-48f1-a564-311858443c14" executionId="20765aea-01cb-466d-8a1c-2c2c55709b83" testListId="c695ee52-de14-4e34-95a5-95272d26d19d" />
    <TestEntry testId="312d975c-b37b-4b8f-a3b0-510a7c7d1e2d" executionId="1ce199f3-9fff-4426-ab1e-e737bdc53c19" testListId="c695ee52-de14-4e34-95a5-95272d26d19d" />
    <TestEntry testId="f36d734f-8d06-4cb6-b3b4-8543225a2dd1" executionId="5d6543ca-2cab-4cc0-a175-736ca3f4c0ec" testListId="c695ee52-de14-4e34-95a5-95272d26d19d" />
    <TestEntry testId="91655b9f-21d2-4f0d-9295-931ae0305ad6" executionId="64eb88ef-5273-4a56-8ab2-1fce2f8d8179" testListId="c695ee52-de14-4e34-95a5-95272d26d19d" />
    <TestEntry testId="01654613-1ffd-48bd-b2e5-62c3893cb394" executionId="238b8538-99ee-4bfb-aa4d-f7d3d51e6fbb" testListId="c695ee52-de14-4e34-95a5-95272d26d19d" />
    <TestEntry testId="1a8699c5-5532-44e5-b27c-0ec5a8a47d59" executionId="0df73d4b-aa9a-4da9-b11a-9d5d9e733818" testListId="c695ee52-de14-4e34-95a5-95272d26d19d" />
    <TestEntry testId="29d3ecd8-de40-4392-a055-57de505803b5" executionId="0ca6994f-ffae-4c2a-a7fb-4af2773fdeb7" testListId="c695ee52-de14-4e34-95a5-95272d26d19d" />
    <TestEntry testId="f3f2c8b5-3f06-47e9-b974-de2b7fa2abc5" executionId="cd020b56-ff63-485b-901d-eb65fea270ab" testListId="c695ee52-de14-4e34-95a5-95272d26d19d" />
    <TestEntry testId="86b58dbf-e0eb-4d6c-861e-8a66194e4753" executionId="f493e3b5-4049-4788-8505-ab952a96796e" testListId="c695ee52-de14-4e34-95a5-95272d26d19d" />
    <TestEntry testId="24d3fbf2-76bd-453e-a0fb-9ab339bfb268" executionId="abf09e60-2006-4a5e-81bb-0099d6aad13c" testListId="c695ee52-de14-4e34-95a5-95272d26d19d" />
    <TestEntry testId="67e89246-631b-4b4f-8f97-8e4e49a0d67f" executionId="f301ec6d-1203-46f4-ad51-c9854116550e" testListId="c695ee52-de14-4e34-95a5-95272d26d19d" />
    <TestEntry testId="b52885a7-75ce-4c2e-b8d7-10af8fcb4095" executionId="481f9fb3-06de-4d76-bbf3-eb59705541aa" testListId="c695ee52-de14-4e34-95a5-95272d26d19d" />
    <TestEntry testId="7dd92555-afda-4693-8fc0-6c0064f40383" executionId="ab031328-e0d5-4f26-b711-eca35d46d306" testListId="c695ee52-de14-4e34-95a5-95272d26d19d" />
    <TestEntry testId="ebbec27b-e902-4da6-bf8c-92b60bdd13c2" executionId="d8c0b261-77a7-4ce6-b7a1-30f0f7f205d0" testListId="c695ee52-de14-4e34-95a5-95272d26d19d" />
    <TestEntry testId="5283d501-ea23-42e5-8f2a-3e7bc189edd1" executionId="eb1fb214-bd38-471f-9f60-e8a5e5d29a61" testListId="c695ee52-de14-4e34-95a5-95272d26d19d" />
    <TestEntry testId="6816c639-5b6e-4c01-ae00-08dc4c285977" executionId="0339a889-c721-47d5-a358-d7aa4a53ea89" testListId="c695ee52-de14-4e34-95a5-95272d26d19d" />
    <TestEntry testId="231f881d-fccf-4637-8bb8-739e071769a9" executionId="9fea5838-98e9-4249-8015-4a2e819dc233" testListId="c695ee52-de14-4e34-95a5-95272d26d19d" />
    <TestEntry testId="c82fdaab-3fb0-4903-ab94-0bb2eb3fe217" executionId="727a93d7-1ce9-4eaf-81eb-21c13a7d58b0" testListId="c695ee52-de14-4e34-95a5-95272d26d19d" />
    <TestEntry testId="0543edc7-2ae2-4cdf-b970-f7b291b41ff3" executionId="440759fa-3203-4bbf-a8de-d4c83faaaaff" testListId="c695ee52-de14-4e34-95a5-95272d26d19d" />
    <TestEntry testId="c2f2a3e9-f99c-4e25-8f33-149332df5f50" executionId="f05edc8c-e056-48bc-867b-1316fc3c5e62" testListId="c695ee52-de14-4e34-95a5-95272d26d19d" />
    <TestEntry testId="b1575398-3449-4551-a720-d326a77eafbe" executionId="f893cce7-60f1-4e8f-be3c-6d7d27783357" testListId="c695ee52-de14-4e34-95a5-95272d26d19d" />
    <TestEntry testId="005a3f83-96fd-4d98-b689-2a9e6040d0c9" executionId="2fd8817f-0bcd-49db-9cd9-f2f23d16beb4" testListId="c695ee52-de14-4e34-95a5-95272d26d19d" />
    <TestEntry testId="f7b14955-cfb9-40e1-8b61-f2167a9d67f0" executionId="de7b45d3-9053-43bd-87b0-2608d9b98e20" testListId="c695ee52-de14-4e34-95a5-95272d26d19d" />
    <TestEntry testId="a8264c4d-f630-451a-b3cd-63ec65b8781c" executionId="ab73bba5-b5c6-4860-8c54-765021c56300" testListId="c695ee52-de14-4e34-95a5-95272d26d19d" />
    <TestEntry testId="a1a4a704-14c5-4a76-9292-ac37fe6ba3e2" executionId="34a7b085-97d8-479b-907e-12184dbb206d" testListId="c695ee52-de14-4e34-95a5-95272d26d19d" />
    <TestEntry testId="cbf51424-2077-44bf-b56a-d10404f5864b" executionId="69078b86-3125-4da3-b9b2-8a97a2bb7a55" testListId="c695ee52-de14-4e34-95a5-95272d26d19d" />
    <TestEntry testId="1e4e3b50-df7f-42d9-8f44-b5ddc60df1fa" executionId="66e90910-37ea-4d20-9a6c-6e9899f4d813" testListId="c695ee52-de14-4e34-95a5-95272d26d19d" />
    <TestEntry testId="2921db11-bf62-4da9-88be-e1c1e2a9c2d8" executionId="ef0995c3-f99a-4720-9fc8-9b1b096df144" testListId="c695ee52-de14-4e34-95a5-95272d26d19d" />
    <TestEntry testId="f6d821b3-fe79-4e38-a6e4-36c8f03e1f6b" executionId="b656d5a5-28b8-4788-8def-625d26c035bf" testListId="c695ee52-de14-4e34-95a5-95272d26d19d" />
    <TestEntry testId="203cb66e-f063-4eb7-9818-8fa73f193849" executionId="f6895cae-f9dc-45ff-9d56-491d269e7626" testListId="c695ee52-de14-4e34-95a5-95272d26d19d" />
    <TestEntry testId="16bc227d-a058-45ec-9e39-cd6748d2ffd4" executionId="c053fb47-19c2-489d-bc56-df55f17fed4a" testListId="c695ee52-de14-4e34-95a5-95272d26d19d" />
    <TestEntry testId="51a8bcdf-4a87-4d59-9ce7-763090b30238" executionId="03bcab80-7a9a-435b-aff4-22b872f8a988" testListId="c695ee52-de14-4e34-95a5-95272d26d19d" />
    <TestEntry testId="799ae49f-b47d-4553-96a7-f6a7b9d0ddbb" executionId="6ad468b8-2a5f-422e-8b40-26d4097b1e0b" testListId="c695ee52-de14-4e34-95a5-95272d26d19d" />
    <TestEntry testId="8c93bacc-e12b-403e-bdba-6d3b2ff0dead" executionId="a2e3e307-3a79-4d55-91ac-0cd1e0e96073" testListId="c695ee52-de14-4e34-95a5-95272d26d19d" />
    <TestEntry testId="227eba15-3c80-4680-b38b-480afb2e5d19" executionId="18a4f352-085e-40ac-8769-f23574ee4097" testListId="c695ee52-de14-4e34-95a5-95272d26d19d" />
    <TestEntry testId="d72cc7f7-18b2-4799-bd84-7e0f10b1a48b" executionId="3a3be296-9f28-4b05-913c-414d8ce7c686" testListId="c695ee52-de14-4e34-95a5-95272d26d19d" />
    <TestEntry testId="c9124791-0611-4336-85ca-435d202640e5" executionId="88a67b1e-90bd-4089-a7ad-445f0162bf67" testListId="c695ee52-de14-4e34-95a5-95272d26d19d" />
    <TestEntry testId="0cd3621b-cfa1-4b92-a05f-1cc874653cd8" executionId="cf12876c-d7d8-4553-99b2-33836037f5d4" testListId="c695ee52-de14-4e34-95a5-95272d26d19d" />
    <TestEntry testId="f5f78380-d17a-4f33-bbfb-65f8e624f60a" executionId="c7be1012-1bbe-4d59-a534-e56de4fcff19" testListId="c695ee52-de14-4e34-95a5-95272d26d19d" />
    <TestEntry testId="30bc7345-816b-4590-b21b-de3da3e571f2" executionId="1c69ce62-325b-4f14-afec-7900db120201" testListId="c695ee52-de14-4e34-95a5-95272d26d19d" />
    <TestEntry testId="eee18339-65a7-4135-a24c-142e971ba1fe" executionId="54e2f73a-afeb-48a1-88e2-1fea0c56d19d" testListId="c695ee52-de14-4e34-95a5-95272d26d19d" />
    <TestEntry testId="061e2b3f-42ee-44b5-8cfc-83902a09b8ec" executionId="c8f4fee0-a053-49ca-9d4e-9f73ae0f1845" testListId="c695ee52-de14-4e34-95a5-95272d26d19d" />
  </TestEntries>
  <TestLists>
    <TestList name="Results Not in a List" id="c695ee52-de14-4e34-95a5-95272d26d19d" />
    <TestList name="All Loaded Results" id="17d1376e-4ad7-437a-9173-ac7233f8054e" />
  </TestLists>
</TestRun>