<?xml version="1.0" encoding="UTF-8"?>
<TestRun id="d6225d18-e9a0-41ca-afdb-cd49e27a710c" name="Test Run 1" runUser="Oles Galatsan" xmlns="http://microsoft.com/schemas/VisualStudio/TeamTest/2010">
  <Times creation="2025-05-14T13:20:31.3125482Z" queuing="2025-05-14T13:20:31.3125482Z" start="2025-05-14T13:20:31.3146610Z" finish="2025-05-14T13:25:31.3147553Z" />
  <TestSettings name="Test Settings 1" id="42ae44fb-fe01-4e9b-b517-08dba3844f2d" />
  <Results>
    <UnitTestResult executionId="67a2fedc-546d-43ba-aa52-5d939ed2ee62" testId="2921b9a3-73b9-476c-8e8a-589608593a7d" testName="Test1" computerName="UA-LPT-OGA2" duration="00:00:00.7390000" startTime="2025-05-14T13:20:31.3146610Z" endTime="2025-05-14T13:25:31.3147553Z" testType="13cdc9d9-ddb5-4fa4-a97d-d965ccfc6d4b" outcome="Passed" testListId="7cae71c0-e659-43f6-bb35-64382931cc27" />
    <UnitTestResult executionId="2dccd361-6fd2-4239-a115-a59a4c97f0bc" testId="d26f8d80-9d73-4ba0-9c6a-ab64b5567418" testName="Test2" computerName="UA-LPT-OGA2" duration="00:00:00.7890000" startTime="2025-05-14T13:20:31.3146610Z" endTime="2025-05-14T13:25:31.3147553Z" testType="13cdc9d9-ddb5-4fa4-a97d-d965ccfc6d4b" outcome="Failed" testListId="7cae71c0-e659-43f6-bb35-64382931cc27">
      <Output>
        <ErrorInfo>
          <Message>Assertion failed: Expected value did not match actual value.</Message>
          <StackTrace>   at TestNamespace.TestClass.Test() in TestClass.cs:line 291</StackTrace>
        </ErrorInfo>
      </Output>
    </UnitTestResult>
    <UnitTestResult executionId="7aaa1725-cb9e-4f62-a325-60285e7374c3" testId="12388cec-fadb-4ab4-9f16-7967c1c912d8" testName="Test3" computerName="UA-LPT-OGA2" duration="00:00:00.8000000" startTime="2025-05-14T13:20:31.3146610Z" endTime="2025-05-14T13:25:31.3147553Z" testType="13cdc9d9-ddb5-4fa4-a97d-d965ccfc6d4b" outcome="Passed" testListId="7cae71c0-e659-43f6-bb35-64382931cc27" />
    <UnitTestResult executionId="46a6b780-d2f3-4efa-be38-775b55732af2" testId="0fc01ccf-08f9-455d-885e-be183f940fe0" testName="Test4" computerName="UA-LPT-OGA2" duration="00:00:00.7250000" startTime="2025-05-14T13:20:31.3146610Z" endTime="2025-05-14T13:25:31.3147553Z" testType="13cdc9d9-ddb5-4fa4-a97d-d965ccfc6d4b" outcome="Passed" testListId="7cae71c0-e659-43f6-bb35-64382931cc27" />
    <UnitTestResult executionId="eaaa8e8a-e618-429d-a999-b7229a2f570d" testId="eefbfc98-c53d-4eb0-bfb5-fc7aa461b092" testName="Test5" computerName="UA-LPT-OGA2" duration="00:00:01.3260000" startTime="2025-05-14T13:20:31.3146610Z" endTime="2025-05-14T13:25:31.3147553Z" testType="13cdc9d9-ddb5-4fa4-a97d-d965ccfc6d4b" outcome="Passed" testListId="7cae71c0-e659-43f6-bb35-64382931cc27" />
    <UnitTestResult executionId="3e8f2500-7a4f-41ae-999e-28fdf0749b3d" testId="0c65fae7-4b0e-4cfa-b80c-b31ad6046e3c" testName="Test6" computerName="UA-LPT-OGA2" duration="00:00:00.3850000" startTime="2025-05-14T13:20:31.3146610Z" endTime="2025-05-14T13:25:31.3147553Z" testType="13cdc9d9-ddb5-4fa4-a97d-d965ccfc6d4b" outcome="Passed" testListId="7cae71c0-e659-43f6-bb35-64382931cc27" />
    <UnitTestResult executionId="c1fd21ba-02f4-47c5-8c83-d6b583762546" testId="3d4bff0b-84e1-467d-bf87-a807fd9fddbc" testName="Test7" computerName="UA-LPT-OGA2" duration="00:00:00.6460000" startTime="2025-05-14T13:20:31.3146610Z" endTime="2025-05-14T13:25:31.3147553Z" testType="13cdc9d9-ddb5-4fa4-a97d-d965ccfc6d4b" outcome="Passed" testListId="7cae71c0-e659-43f6-bb35-64382931cc27" />
    <UnitTestResult executionId="160ec32b-11ef-4c0c-8097-c92bd37957aa" testId="2dbb6e8d-72ff-4480-919c-ea7e2858d71b" testName="Test8" computerName="UA-LPT-OGA2" duration="00:00:00.0810000" startTime="2025-05-14T13:20:31.3146610Z" endTime="2025-05-14T13:25:31.3147553Z" testType="13cdc9d9-ddb5-4fa4-a97d-d965ccfc6d4b" outcome="Passed" testListId="7cae71c0-e659-43f6-bb35-64382931cc27" />
    <UnitTestResult executionId="a355e9cb-4e46-4d20-a995-3395413238fe" testId="45139756-6590-4dae-94c4-a8ce5c308336" testName="Test9" computerName="UA-LPT-OGA2" duration="00:00:00.7890000" startTime="2025-05-14T13:20:31.3146610Z" endTime="2025-05-14T13:25:31.3147553Z" testType="13cdc9d9-ddb5-4fa4-a97d-d965ccfc6d4b" outcome="Passed" testListId="7cae71c0-e659-43f6-bb35-64382931cc27" />
    <UnitTestResult executionId="0e1ac746-0aec-4b8f-83d4-2ed2e68e91ab" testId="ebeb08ee-31da-4549-9b13-689bd3624259" testName="Test10" computerName="UA-LPT-OGA2" duration="00:00:01.7600000" startTime="2025-05-14T13:20:31.3146610Z" endTime="2025-05-14T13:25:31.3147553Z" testType="13cdc9d9-ddb5-4fa4-a97d-d965ccfc6d4b" outcome="Passed" testListId="7cae71c0-e659-43f6-bb35-64382931cc27" />
    <UnitTestResult executionId="76f8ac3d-77f1-4aeb-918e-4a335695edb8" testId="e7e0b575-ba5f-4b9c-ab6b-d47dae8455a5" testName="Test11" computerName="UA-LPT-OGA2" duration="00:00:01.9140000" startTime="2025-05-14T13:20:31.3146610Z" endTime="2025-05-14T13:25:31.3147553Z" testType="13cdc9d9-ddb5-4fa4-a97d-d965ccfc6d4b" outcome="Passed" testListId="7cae71c0-e659-43f6-bb35-64382931cc27" />
    <UnitTestResult executionId="f79b829a-6186-4b9e-a00c-4cf9e8447f56" testId="5a507c7c-3b46-4815-98ea-0e01eef68229" testName="Test12" computerName="UA-LPT-OGA2" duration="00:00:00.3460000" startTime="2025-05-14T13:20:31.3146610Z" endTime="2025-05-14T13:25:31.3147553Z" testType="13cdc9d9-ddb5-4fa4-a97d-d965ccfc6d4b" outcome="Passed" testListId="7cae71c0-e659-43f6-bb35-64382931cc27" />
    <UnitTestResult executionId="fbe49f89-4710-4680-bebf-019c981193b1" testId="92d1ef0f-125e-46f5-b764-32e0136989c8" testName="Test13" computerName="UA-LPT-OGA2" duration="00:00:01.7320000" startTime="2025-05-14T13:20:31.3146610Z" endTime="2025-05-14T13:25:31.3147553Z" testType="13cdc9d9-ddb5-4fa4-a97d-d965ccfc6d4b" outcome="Failed" testListId="7cae71c0-e659-43f6-bb35-64382931cc27">
      <Output>
        <ErrorInfo>
          <Message>Assertion failed: Expected value did not match actual value.</Message>
          <StackTrace>   at TestNamespace.TestClass.Test() in TestClass.cs:line 369</StackTrace>
        </ErrorInfo>
      </Output>
    </UnitTestResult>
    <UnitTestResult executionId="35ef1b58-7319-4570-9f24-f9cfa211d21b" testId="eed00d2d-b356-497e-b5c0-ae419c0d1a1b" testName="Test14" computerName="UA-LPT-OGA2" duration="00:00:00.9350000" startTime="2025-05-14T13:20:31.3146610Z" endTime="2025-05-14T13:25:31.3147553Z" testType="13cdc9d9-ddb5-4fa4-a97d-d965ccfc6d4b" outcome="Passed" testListId="7cae71c0-e659-43f6-bb35-64382931cc27" />
    <UnitTestResult executionId="a692dc5f-830e-4eaf-b40e-2b52a88f2086" testId="2528b239-7e83-4b75-8002-94b791fa6f76" testName="Test15" computerName="UA-LPT-OGA2" duration="00:00:01.6550000" startTime="2025-05-14T13:20:31.3146610Z" endTime="2025-05-14T13:25:31.3147553Z" testType="13cdc9d9-ddb5-4fa4-a97d-d965ccfc6d4b" outcome="Passed" testListId="7cae71c0-e659-43f6-bb35-64382931cc27" />
    <UnitTestResult executionId="3fc140a8-f688-42ab-8668-3656314ac3f0" testId="01a42854-12ce-42e3-8a3f-3861effb7fa7" testName="Test16" computerName="UA-LPT-OGA2" duration="00:00:00.6620000" startTime="2025-05-14T13:20:31.3146610Z" endTime="2025-05-14T13:25:31.3147553Z" testType="13cdc9d9-ddb5-4fa4-a97d-d965ccfc6d4b" outcome="Passed" testListId="7cae71c0-e659-43f6-bb35-64382931cc27" />
    <UnitTestResult executionId="ca176051-bf47-415d-a0ca-cdfe95b94230" testId="eb53dae7-8d9d-4db8-a5f1-0be43be6657b" testName="Test17" computerName="UA-LPT-OGA2" duration="00:00:01.2170000" startTime="2025-05-14T13:20:31.3146610Z" endTime="2025-05-14T13:25:31.3147553Z" testType="13cdc9d9-ddb5-4fa4-a97d-d965ccfc6d4b" outcome="Passed" testListId="7cae71c0-e659-43f6-bb35-64382931cc27" />
    <UnitTestResult executionId="e01d1433-7da9-43c4-a438-b3d5cc736761" testId="982de097-f732-4be0-93bf-cec7973157cc" testName="Test18" computerName="UA-LPT-OGA2" duration="00:00:01.1350000" startTime="2025-05-14T13:20:31.3146610Z" endTime="2025-05-14T13:25:31.3147553Z" testType="13cdc9d9-ddb5-4fa4-a97d-d965ccfc6d4b" outcome="Passed" testListId="7cae71c0-e659-43f6-bb35-64382931cc27" />
    <UnitTestResult executionId="ae5ef9db-1944-4697-b772-19b2acf1a7a9" testId="611647e3-717f-440a-b9e1-c4dd6f2d38ae" testName="Test19" computerName="UA-LPT-OGA2" duration="00:00:00.7690000" startTime="2025-05-14T13:20:31.3146610Z" endTime="2025-05-14T13:25:31.3147553Z" testType="13cdc9d9-ddb5-4fa4-a97d-d965ccfc6d4b" outcome="Passed" testListId="7cae71c0-e659-43f6-bb35-64382931cc27" />
    <UnitTestResult executionId="a92de4e6-4418-43f2-8f8d-9cf3043f3875" testId="7a1a3486-be42-4bf0-b0f9-6ba4bbfe6989" testName="Test20" computerName="UA-LPT-OGA2" duration="00:00:01.3200000" startTime="2025-05-14T13:20:31.3146610Z" endTime="2025-05-14T13:25:31.3147553Z" testType="13cdc9d9-ddb5-4fa4-a97d-d965ccfc6d4b" outcome="Passed" testListId="7cae71c0-e659-43f6-bb35-64382931cc27" />
    <UnitTestResult executionId="33da4220-10f4-4ba9-a992-73b64d35220d" testId="9a2e6baa-c644-41cc-9982-5f8ec8c776bd" testName="Test21" computerName="UA-LPT-OGA2" duration="00:00:00.2300000" startTime="2025-05-14T13:20:31.3146610Z" endTime="2025-05-14T13:25:31.3147553Z" testType="13cdc9d9-ddb5-4fa4-a97d-d965ccfc6d4b" outcome="Passed" testListId="7cae71c0-e659-43f6-bb35-64382931cc27" />
    <UnitTestResult executionId="4dabdc19-094b-4000-9e75-e90c8bd78783" testId="829209e8-bb3a-48d5-849f-f09840a44aac" testName="Test22" computerName="UA-LPT-OGA2" duration="00:00:00.3950000" startTime="2025-05-14T13:20:31.3146610Z" endTime="2025-05-14T13:25:31.3147553Z" testType="13cdc9d9-ddb5-4fa4-a97d-d965ccfc6d4b" outcome="Passed" testListId="7cae71c0-e659-43f6-bb35-64382931cc27" />
    <UnitTestResult executionId="9b547a90-4733-4d01-b6ef-a4e7ee9ea9ea" testId="fe392ee9-ce63-47f3-9aa2-e8946623061f" testName="Test23" computerName="UA-LPT-OGA2" duration="00:00:01.0610000" startTime="2025-05-14T13:20:31.3146610Z" endTime="2025-05-14T13:25:31.3147553Z" testType="13cdc9d9-ddb5-4fa4-a97d-d965ccfc6d4b" outcome="Passed" testListId="7cae71c0-e659-43f6-bb35-64382931cc27" />
    <UnitTestResult executionId="1b00be63-89ae-4684-9aa2-9d2e17311e2c" testId="5dd9b150-5501-42ba-b404-4cf4c808830f" testName="Test24" computerName="UA-LPT-OGA2" duration="00:00:01.1600000" startTime="2025-05-14T13:20:31.3146610Z" endTime="2025-05-14T13:25:31.3147553Z" testType="13cdc9d9-ddb5-4fa4-a97d-d965ccfc6d4b" outcome="Failed" testListId="7cae71c0-e659-43f6-bb35-64382931cc27">
      <Output>
        <ErrorInfo>
          <Message>Assertion failed: Expected value did not match actual value.</Message>
          <StackTrace>   at TestNamespace.TestClass.Test() in TestClass.cs:line 471</StackTrace>
        </ErrorInfo>
      </Output>
    </UnitTestResult>
    <UnitTestResult executionId="1423cae6-b7f0-4ecf-a055-b79924a2f71b" testId="769bc33b-91f8-4ced-b1d0-9404815f38be" testName="Test25" computerName="UA-LPT-OGA2" duration="00:00:00.9340000" startTime="2025-05-14T13:20:31.3146610Z" endTime="2025-05-14T13:25:31.3147553Z" testType="13cdc9d9-ddb5-4fa4-a97d-d965ccfc6d4b" outcome="Passed" testListId="7cae71c0-e659-43f6-bb35-64382931cc27" />
    <UnitTestResult executionId="6fd2daf3-28ea-402b-abce-9e188bda78f5" testId="d122347f-c658-4704-8eaf-297897eb4a6c" testName="Test26" computerName="UA-LPT-OGA2" duration="00:00:01.2240000" startTime="2025-05-14T13:20:31.3146610Z" endTime="2025-05-14T13:25:31.3147553Z" testType="13cdc9d9-ddb5-4fa4-a97d-d965ccfc6d4b" outcome="Passed" testListId="7cae71c0-e659-43f6-bb35-64382931cc27" />
    <UnitTestResult executionId="bd32b048-6ea8-410d-87b5-292fe8a83b38" testId="791db7c0-869b-4c7c-b1c0-4d64f4e8f0a0" testName="Test27" computerName="UA-LPT-OGA2" duration="00:00:00.7620000" startTime="2025-05-14T13:20:31.3146610Z" endTime="2025-05-14T13:25:31.3147553Z" testType="13cdc9d9-ddb5-4fa4-a97d-d965ccfc6d4b" outcome="Passed" testListId="7cae71c0-e659-43f6-bb35-64382931cc27" />
    <UnitTestResult executionId="6b115017-82f5-44d8-a6f5-9c4ec93d6ab7" testId="a2870436-f0e9-42d7-93b2-71f531a191df" testName="Test28" computerName="UA-LPT-OGA2" duration="00:00:00.8040000" startTime="2025-05-14T13:20:31.3146610Z" endTime="2025-05-14T13:25:31.3147553Z" testType="13cdc9d9-ddb5-4fa4-a97d-d965ccfc6d4b" outcome="Passed" testListId="7cae71c0-e659-43f6-bb35-64382931cc27" />
    <UnitTestResult executionId="913329b3-39c7-46d6-afaf-9d1f480ffe41" testId="e651a91c-71be-4402-a3e6-7150d603a3cd" testName="Test29" computerName="UA-LPT-OGA2" duration="00:00:00.7560000" startTime="2025-05-14T13:20:31.3146610Z" endTime="2025-05-14T13:25:31.3147553Z" testType="13cdc9d9-ddb5-4fa4-a97d-d965ccfc6d4b" outcome="Passed" testListId="7cae71c0-e659-43f6-bb35-64382931cc27" />
    <UnitTestResult executionId="48bb05d5-835f-4716-93c2-176058bd4621" testId="a451a886-2c40-440f-b5b2-744c459ff201" testName="Test30" computerName="UA-LPT-OGA2" duration="00:00:00.6340000" startTime="2025-05-14T13:20:31.3146610Z" endTime="2025-05-14T13:25:31.3147553Z" testType="13cdc9d9-ddb5-4fa4-a97d-d965ccfc6d4b" outcome="Passed" testListId="7cae71c0-e659-43f6-bb35-64382931cc27" />
    <UnitTestResult executionId="7d96dd81-f788-4a50-bfc8-f9c84891d255" testId="188741e3-b037-43c4-a3fc-9ee91eda1c05" testName="Test31" computerName="UA-LPT-OGA2" duration="00:00:00.5510000" startTime="2025-05-14T13:20:31.3146610Z" endTime="2025-05-14T13:25:31.3147553Z" testType="13cdc9d9-ddb5-4fa4-a97d-d965ccfc6d4b" outcome="Passed" testListId="7cae71c0-e659-43f6-bb35-64382931cc27" />
    <UnitTestResult executionId="a6d04604-63e4-4a2c-a632-dee90a7766c1" testId="68bb4cda-0821-429c-9741-5f12414f24a5" testName="Test32" computerName="UA-LPT-OGA2" duration="00:00:00.0580000" startTime="2025-05-14T13:20:31.3146610Z" endTime="2025-05-14T13:25:31.3147553Z" testType="13cdc9d9-ddb5-4fa4-a97d-d965ccfc6d4b" outcome="Passed" testListId="7cae71c0-e659-43f6-bb35-64382931cc27" />
    <UnitTestResult executionId="ce01f205-1900-4c40-b837-abf6989b94cc" testId="bafe7222-6235-4734-9c31-40d7a2371d62" testName="Test33" computerName="UA-LPT-OGA2" duration="00:00:00.9660000" startTime="2025-05-14T13:20:31.3146610Z" endTime="2025-05-14T13:25:31.3147553Z" testType="13cdc9d9-ddb5-4fa4-a97d-d965ccfc6d4b" outcome="Passed" testListId="7cae71c0-e659-43f6-bb35-64382931cc27" />
    <UnitTestResult executionId="f80c460a-78f3-43d5-9a14-9e2731a939eb" testId="fd558d2d-5af4-4417-bb7c-d9057c39cb10" testName="Test34" computerName="UA-LPT-OGA2" duration="00:00:00.4410000" startTime="2025-05-14T13:20:31.3146610Z" endTime="2025-05-14T13:25:31.3147553Z" testType="13cdc9d9-ddb5-4fa4-a97d-d965ccfc6d4b" outcome="Passed" testListId="7cae71c0-e659-43f6-bb35-64382931cc27" />
    <UnitTestResult executionId="1c1e6f5b-b839-4057-96bb-9771cd02fa67" testId="9bf0588e-3d8b-4871-a4c7-d2a3b911110d" testName="Test35" computerName="UA-LPT-OGA2" duration="00:00:00.4490000" startTime="2025-05-14T13:20:31.3146610Z" endTime="2025-05-14T13:25:31.3147553Z" testType="13cdc9d9-ddb5-4fa4-a97d-d965ccfc6d4b" outcome="Passed" testListId="7cae71c0-e659-43f6-bb35-64382931cc27" />
    <UnitTestResult executionId="b2e4375a-c57b-45d0-9073-d8f255f34c77" testId="56ccd95d-723a-4bdc-82a1-65c4cdf978c0" testName="Test36" computerName="UA-LPT-OGA2" duration="00:00:00.7800000" startTime="2025-05-14T13:20:31.3146610Z" endTime="2025-05-14T13:25:31.3147553Z" testType="13cdc9d9-ddb5-4fa4-a97d-d965ccfc6d4b" outcome="Passed" testListId="7cae71c0-e659-43f6-bb35-64382931cc27" />
    <UnitTestResult executionId="3fa454d1-658a-456f-87d1-2512f99e0f77" testId="8cdd0946-03dc-4f0a-9b29-bd0ddeaf1a63" testName="Test37" computerName="UA-LPT-OGA2" duration="00:00:00.9970000" startTime="2025-05-14T13:20:31.3146610Z" endTime="2025-05-14T13:25:31.3147553Z" testType="13cdc9d9-ddb5-4fa4-a97d-d965ccfc6d4b" outcome="Passed" testListId="7cae71c0-e659-43f6-bb35-64382931cc27" />
    <UnitTestResult executionId="99eeb382-a3df-4987-a450-16d1d21a2978" testId="9dd1008d-adf2-44da-8436-031ff004641d" testName="Test38" computerName="UA-LPT-OGA2" duration="00:00:00.6220000" startTime="2025-05-14T13:20:31.3146610Z" endTime="2025-05-14T13:25:31.3147553Z" testType="13cdc9d9-ddb5-4fa4-a97d-d965ccfc6d4b" outcome="Passed" testListId="7cae71c0-e659-43f6-bb35-64382931cc27" />
    <UnitTestResult executionId="43cab8c0-75da-4c5a-8183-5241b7fe9459" testId="2191358b-02ae-4566-a0a1-efe8a656bc59" testName="Test39" computerName="UA-LPT-OGA2" duration="00:00:01.0400000" startTime="2025-05-14T13:20:31.3146610Z" endTime="2025-05-14T13:25:31.3147553Z" testType="13cdc9d9-ddb5-4fa4-a97d-d965ccfc6d4b" outcome="Passed" testListId="7cae71c0-e659-43f6-bb35-64382931cc27" />
    <UnitTestResult executionId="a42c47e8-ce0c-4a5f-a680-ce37d3e838ff" testId="e26858c4-e415-43db-9c4c-cf0710368576" testName="Test40" computerName="UA-LPT-OGA2" duration="00:00:01.6090000" startTime="2025-05-14T13:20:31.3146610Z" endTime="2025-05-14T13:25:31.3147553Z" testType="13cdc9d9-ddb5-4fa4-a97d-d965ccfc6d4b" outcome="Passed" testListId="7cae71c0-e659-43f6-bb35-64382931cc27" />
    <UnitTestResult executionId="3f94a722-3ad9-4eea-bc04-8e997299b15f" testId="a1c53c81-0200-41d7-857e-de1e1de12859" testName="Test41" computerName="UA-LPT-OGA2" duration="00:00:00.7120000" startTime="2025-05-14T13:20:31.3146610Z" endTime="2025-05-14T13:25:31.3147553Z" testType="13cdc9d9-ddb5-4fa4-a97d-d965ccfc6d4b" outcome="Passed" testListId="7cae71c0-e659-43f6-bb35-64382931cc27" />
    <UnitTestResult executionId="3d8c98fa-70fe-43e8-9d83-2e9cedfb9759" testId="959c1c0e-cf45-4476-a8c7-0d2dcd455d8f" testName="Test42" computerName="UA-LPT-OGA2" duration="00:00:00.7290000" startTime="2025-05-14T13:20:31.3146610Z" endTime="2025-05-14T13:25:31.3147553Z" testType="13cdc9d9-ddb5-4fa4-a97d-d965ccfc6d4b" outcome="Passed" testListId="7cae71c0-e659-43f6-bb35-64382931cc27" />
    <UnitTestResult executionId="b30d51fd-8d92-4dea-b814-a89e6ad77750" testId="aa0a3cca-971c-46f9-808e-bf789af17ff7" testName="Test43" computerName="UA-LPT-OGA2" duration="00:00:01.2260000" startTime="2025-05-14T13:20:31.3146610Z" endTime="2025-05-14T13:25:31.3147553Z" testType="13cdc9d9-ddb5-4fa4-a97d-d965ccfc6d4b" outcome="Passed" testListId="7cae71c0-e659-43f6-bb35-64382931cc27" />
    <UnitTestResult executionId="e9ac847e-241a-4312-bfd9-98af85a8066b" testId="e2fb6175-6952-489b-b5d5-185ef73f4627" testName="Test44" computerName="UA-LPT-OGA2" duration="00:00:01.4780000" startTime="2025-05-14T13:20:31.3146610Z" endTime="2025-05-14T13:25:31.3147553Z" testType="13cdc9d9-ddb5-4fa4-a97d-d965ccfc6d4b" outcome="Passed" testListId="7cae71c0-e659-43f6-bb35-64382931cc27" />
    <UnitTestResult executionId="6aafdda6-8f4c-4603-9b47-4177ba2f840e" testId="85388c6b-ef7c-45f4-aefd-58569e4b2b94" testName="Test45" computerName="UA-LPT-OGA2" duration="00:00:00.7880000" startTime="2025-05-14T13:20:31.3146610Z" endTime="2025-05-14T13:25:31.3147553Z" testType="13cdc9d9-ddb5-4fa4-a97d-d965ccfc6d4b" outcome="Passed" testListId="7cae71c0-e659-43f6-bb35-64382931cc27" />
    <UnitTestResult executionId="8783735f-e519-4345-ac5a-ccdb867f444f" testId="aa2999db-02f9-49e0-b4a3-d6cbb1ec2e8c" testName="Test46" computerName="UA-LPT-OGA2" duration="00:00:00.9740000" startTime="2025-05-14T13:20:31.3146610Z" endTime="2025-05-14T13:25:31.3147553Z" testType="13cdc9d9-ddb5-4fa4-a97d-d965ccfc6d4b" outcome="Passed" testListId="7cae71c0-e659-43f6-bb35-64382931cc27" />
    <UnitTestResult executionId="af7c23cd-24f9-4b6e-968a-37cb2400e1ee" testId="34d78fd0-5047-48e7-9d60-5e2b92a2706f" testName="Test47" computerName="UA-LPT-OGA2" duration="00:00:01.0300000" startTime="2025-05-14T13:20:31.3146610Z" endTime="2025-05-14T13:25:31.3147553Z" testType="13cdc9d9-ddb5-4fa4-a97d-d965ccfc6d4b" outcome="Passed" testListId="7cae71c0-e659-43f6-bb35-64382931cc27" />
    <UnitTestResult executionId="fa895736-7990-4a06-ba54-df620c484bd2" testId="14a2348d-0145-446a-9708-5dc2d6ecf906" testName="Test48" computerName="UA-LPT-OGA2" duration="00:00:00.5710000" startTime="2025-05-14T13:20:31.3146610Z" endTime="2025-05-14T13:25:31.3147553Z" testType="13cdc9d9-ddb5-4fa4-a97d-d965ccfc6d4b" outcome="Passed" testListId="7cae71c0-e659-43f6-bb35-64382931cc27" />
    <UnitTestResult executionId="349cff7d-3129-4e85-8a49-312d09411ab2" testId="a0c5313d-3b49-4066-9693-c7978ecebe14" testName="Test49" computerName="UA-LPT-OGA2" duration="00:00:00.2180000" startTime="2025-05-14T13:20:31.3146610Z" endTime="2025-05-14T13:25:31.3147553Z" testType="13cdc9d9-ddb5-4fa4-a97d-d965ccfc6d4b" outcome="Passed" testListId="7cae71c0-e659-43f6-bb35-64382931cc27" />
    <UnitTestResult executionId="20ba17cc-c181-48cc-be74-4e3860ac1c49" testId="30304487-b95f-4920-a6a0-2a76b9f5e271" testName="Test50" computerName="UA-LPT-OGA2" duration="00:00:01.3010000" startTime="2025-05-14T13:20:31.3146610Z" endTime="2025-05-14T13:25:31.3147553Z" testType="13cdc9d9-ddb5-4fa4-a97d-d965ccfc6d4b" outcome="Passed" testListId="7cae71c0-e659-43f6-bb35-64382931cc27" />
    <UnitTestResult executionId="5d18140e-ddd7-419b-808f-07b98c7f041c" testId="c97b090f-3c14-4133-a920-69674788ffb5" testName="Test51" computerName="UA-LPT-OGA2" duration="00:00:00.9650000" startTime="2025-05-14T13:20:31.3146610Z" endTime="2025-05-14T13:25:31.3147553Z" testType="13cdc9d9-ddb5-4fa4-a97d-d965ccfc6d4b" outcome="Passed" testListId="7cae71c0-e659-43f6-bb35-64382931cc27" />
    <UnitTestResult executionId="ed1365e1-7da7-4fca-8e1d-78512a0d2937" testId="a42e9f3a-2612-4431-b13a-cfe75cc4b443" testName="Test52" computerName="UA-LPT-OGA2" duration="00:00:00.3210000" startTime="2025-05-14T13:20:31.3146610Z" endTime="2025-05-14T13:25:31.3147553Z" testType="13cdc9d9-ddb5-4fa4-a97d-d965ccfc6d4b" outcome="Passed" testListId="7cae71c0-e659-43f6-bb35-64382931cc27" />
    <UnitTestResult executionId="a2e17c1c-b6fc-4766-923f-0f7d3d598a00" testId="f11c53b5-620e-4852-ac4c-7b2337fee7af" testName="Test53" computerName="UA-LPT-OGA2" duration="00:00:01.1760000" startTime="2025-05-14T13:20:31.3146610Z" endTime="2025-05-14T13:25:31.3147553Z" testType="13cdc9d9-ddb5-4fa4-a97d-d965ccfc6d4b" outcome="Passed" testListId="7cae71c0-e659-43f6-bb35-64382931cc27" />
    <UnitTestResult executionId="02289b8e-4800-4816-a6f7-5ce6ac065408" testId="3d2213a3-473c-40f2-9f82-74448797e5bf" testName="Test54" computerName="UA-LPT-OGA2" duration="00:00:00.6580000" startTime="2025-05-14T13:20:31.3146610Z" endTime="2025-05-14T13:25:31.3147553Z" testType="13cdc9d9-ddb5-4fa4-a97d-d965ccfc6d4b" outcome="Passed" testListId="7cae71c0-e659-43f6-bb35-64382931cc27" />
    <UnitTestResult executionId="d760ca73-a458-4d1b-b16e-e3cdbc434253" testId="ea81289c-f30e-4ffa-a686-39957a0bcacf" testName="Test55" computerName="UA-LPT-OGA2" duration="00:00:00.8670000" startTime="2025-05-14T13:20:31.3146610Z" endTime="2025-05-14T13:25:31.3147553Z" testType="13cdc9d9-ddb5-4fa4-a97d-d965ccfc6d4b" outcome="Passed" testListId="7cae71c0-e659-43f6-bb35-64382931cc27" />
    <UnitTestResult executionId="4c8ee710-7a0e-4acc-aae0-c025efcce7ff" testId="0e594d16-ca83-459c-993e-bf40766f6116" testName="Test56" computerName="UA-LPT-OGA2" duration="00:00:00.6150000" startTime="2025-05-14T13:20:31.3146610Z" endTime="2025-05-14T13:25:31.3147553Z" testType="13cdc9d9-ddb5-4fa4-a97d-d965ccfc6d4b" outcome="Passed" testListId="7cae71c0-e659-43f6-bb35-64382931cc27" />
    <UnitTestResult executionId="4c248ecd-0b2b-4d9c-a91d-5305d4dd8a89" testId="839b6dd4-40b2-44f5-aa70-b8b5910c610e" testName="Test57" computerName="UA-LPT-OGA2" duration="00:00:01.7590000" startTime="2025-05-14T13:20:31.3146610Z" endTime="2025-05-14T13:25:31.3147553Z" testType="13cdc9d9-ddb5-4fa4-a97d-d965ccfc6d4b" outcome="Passed" testListId="7cae71c0-e659-43f6-bb35-64382931cc27" />
    <UnitTestResult executionId="8803389d-8933-4116-a882-3dcecdb135a0" testId="fc8ef378-28eb-4135-9e25-97091fa9479a" testName="Test58" computerName="UA-LPT-OGA2" duration="00:00:00.3030000" startTime="2025-05-14T13:20:31.3146610Z" endTime="2025-05-14T13:25:31.3147553Z" testType="13cdc9d9-ddb5-4fa4-a97d-d965ccfc6d4b" outcome="Passed" testListId="7cae71c0-e659-43f6-bb35-64382931cc27" />
    <UnitTestResult executionId="5cecc288-011c-449a-823c-14f178b9b2ef" testId="c223e318-07fd-4fcd-8026-d1a5a0fc46c1" testName="Test59" computerName="UA-LPT-OGA2" duration="00:00:01.4450000" startTime="2025-05-14T13:20:31.3146610Z" endTime="2025-05-14T13:25:31.3147553Z" testType="13cdc9d9-ddb5-4fa4-a97d-d965ccfc6d4b" outcome="Passed" testListId="7cae71c0-e659-43f6-bb35-64382931cc27" />
    <UnitTestResult executionId="b78954ff-a73f-4ab9-88ba-ac40002a39f8" testId="8fa92940-3a64-4764-88bb-448901d41fd2" testName="Test60" computerName="UA-LPT-OGA2" duration="00:00:00.6410000" startTime="2025-05-14T13:20:31.3146610Z" endTime="2025-05-14T13:25:31.3147553Z" testType="13cdc9d9-ddb5-4fa4-a97d-d965ccfc6d4b" outcome="Passed" testListId="7cae71c0-e659-43f6-bb35-64382931cc27" />
    <UnitTestResult executionId="52c2d621-df93-4ca7-966b-b9b439d1eb4e" testId="54ea2272-b2be-4447-b999-fdd712acb2a9" testName="Test61" computerName="UA-LPT-OGA2" duration="00:00:01.4600000" startTime="2025-05-14T13:20:31.3146610Z" endTime="2025-05-14T13:25:31.3147553Z" testType="13cdc9d9-ddb5-4fa4-a97d-d965ccfc6d4b" outcome="Passed" testListId="7cae71c0-e659-43f6-bb35-64382931cc27" />
    <UnitTestResult executionId="2fe6cbe9-d84c-428f-8fd7-64ed90026fad" testId="8adb1099-b35c-4a7c-b603-2f4180423c16" testName="Test62" computerName="UA-LPT-OGA2" duration="00:00:01.2030000" startTime="2025-05-14T13:20:31.3146610Z" endTime="2025-05-14T13:25:31.3147553Z" testType="13cdc9d9-ddb5-4fa4-a97d-d965ccfc6d4b" outcome="Passed" testListId="7cae71c0-e659-43f6-bb35-64382931cc27" />
    <UnitTestResult executionId="0c7e1896-04ed-4322-a7fc-e53b491b7e07" testId="2047720e-d1d8-48aa-8702-00cc3214f49f" testName="Test63" computerName="UA-LPT-OGA2" duration="00:00:01.6320000" startTime="2025-05-14T13:20:31.3146610Z" endTime="2025-05-14T13:25:31.3147553Z" testType="13cdc9d9-ddb5-4fa4-a97d-d965ccfc6d4b" outcome="Passed" testListId="7cae71c0-e659-43f6-bb35-64382931cc27" />
    <UnitTestResult executionId="3849b0e3-04f0-4c5a-ae2d-e3f92528d9b5" testId="b49151ba-53c9-4f23-bdf1-148d5f3096fd" testName="Test64" computerName="UA-LPT-OGA2" duration="00:00:00.5560000" startTime="2025-05-14T13:20:31.3146610Z" endTime="2025-05-14T13:25:31.3147553Z" testType="13cdc9d9-ddb5-4fa4-a97d-d965ccfc6d4b" outcome="Passed" testListId="7cae71c0-e659-43f6-bb35-64382931cc27" />
    <UnitTestResult executionId="8ab87144-5644-49ab-8f60-c64ed92153bf" testId="9472ff77-e21f-4a17-ad4b-7c5faeb5d3e0" testName="Test65" computerName="UA-LPT-OGA2" duration="00:00:00.5600000" startTime="2025-05-14T13:20:31.3146610Z" endTime="2025-05-14T13:25:31.3147553Z" testType="13cdc9d9-ddb5-4fa4-a97d-d965ccfc6d4b" outcome="Passed" testListId="7cae71c0-e659-43f6-bb35-64382931cc27" />
    <UnitTestResult executionId="01e61d95-425c-44fa-b8b7-bcbdef24a995" testId="6bacdcf0-e6b0-439b-8dfd-5a56f6665571" testName="Test66" computerName="UA-LPT-OGA2" duration="00:00:00.6320000" startTime="2025-05-14T13:20:31.3146610Z" endTime="2025-05-14T13:25:31.3147553Z" testType="13cdc9d9-ddb5-4fa4-a97d-d965ccfc6d4b" outcome="Passed" testListId="7cae71c0-e659-43f6-bb35-64382931cc27" />
    <UnitTestResult executionId="184e660d-c55c-4116-b1b0-1ff571091a59" testId="26392d8e-67f1-4458-a344-a5ee0de01256" testName="Test67" computerName="UA-LPT-OGA2" duration="00:00:00.5910000" startTime="2025-05-14T13:20:31.3146610Z" endTime="2025-05-14T13:25:31.3147553Z" testType="13cdc9d9-ddb5-4fa4-a97d-d965ccfc6d4b" outcome="Passed" testListId="7cae71c0-e659-43f6-bb35-64382931cc27" />
    <UnitTestResult executionId="dcb3522a-d761-40e1-b353-2c3d599e5d0f" testId="6c20b01f-f115-43a1-a015-9e55d824533c" testName="Test68" computerName="UA-LPT-OGA2" duration="00:00:01.5420000" startTime="2025-05-14T13:20:31.3146610Z" endTime="2025-05-14T13:25:31.3147553Z" testType="13cdc9d9-ddb5-4fa4-a97d-d965ccfc6d4b" outcome="Passed" testListId="7cae71c0-e659-43f6-bb35-64382931cc27" />
    <UnitTestResult executionId="a86b34b4-c841-47f5-bb2b-700b345c5fad" testId="32e5bc2f-906c-44fc-bfd9-5a9ea0e1b9d9" testName="Test69" computerName="UA-LPT-OGA2" duration="00:00:00.6590000" startTime="2025-05-14T13:20:31.3146610Z" endTime="2025-05-14T13:25:31.3147553Z" testType="13cdc9d9-ddb5-4fa4-a97d-d965ccfc6d4b" outcome="Passed" testListId="7cae71c0-e659-43f6-bb35-64382931cc27" />
    <UnitTestResult executionId="42a62f69-970d-4f90-af69-4eff6d44dcb8" testId="2c0151a2-1d0f-4236-a424-6145227cc2cc" testName="Test70" computerName="UA-LPT-OGA2" duration="00:00:01.5520000" startTime="2025-05-14T13:20:31.3146610Z" endTime="2025-05-14T13:25:31.3147553Z" testType="13cdc9d9-ddb5-4fa4-a97d-d965ccfc6d4b" outcome="Passed" testListId="7cae71c0-e659-43f6-bb35-64382931cc27" />
    <UnitTestResult executionId="761df4c0-7d5f-4df9-8e60-f22b4a3dbcec" testId="74925043-81b2-4acf-b740-fd9139e40f50" testName="Test71" computerName="UA-LPT-OGA2" duration="00:00:00.1670000" startTime="2025-05-14T13:20:31.3146610Z" endTime="2025-05-14T13:25:31.3147553Z" testType="13cdc9d9-ddb5-4fa4-a97d-d965ccfc6d4b" outcome="Passed" testListId="7cae71c0-e659-43f6-bb35-64382931cc27" />
    <UnitTestResult executionId="e539321d-074c-4f04-af63-f517d3d54d35" testId="e8a2006d-4b6b-42a1-ada5-aac54a2396b2" testName="Test72" computerName="UA-LPT-OGA2" duration="00:00:00.2060000" startTime="2025-05-14T13:20:31.3146610Z" endTime="2025-05-14T13:25:31.3147553Z" testType="13cdc9d9-ddb5-4fa4-a97d-d965ccfc6d4b" outcome="Passed" testListId="7cae71c0-e659-43f6-bb35-64382931cc27" />
    <UnitTestResult executionId="b65894ed-8be4-46d3-8c88-d2cd4d33b804" testId="1211b74c-1789-449b-a210-d51957faa986" testName="Test73" computerName="UA-LPT-OGA2" duration="00:00:00.0380000" startTime="2025-05-14T13:20:31.3146610Z" endTime="2025-05-14T13:25:31.3147553Z" testType="13cdc9d9-ddb5-4fa4-a97d-d965ccfc6d4b" outcome="Passed" testListId="7cae71c0-e659-43f6-bb35-64382931cc27" />
    <UnitTestResult executionId="74e22041-86e1-4436-a346-ceba5b8486f8" testId="a861926f-385f-46d5-af99-d934a6040a70" testName="Test74" computerName="UA-LPT-OGA2" duration="00:00:01.5470000" startTime="2025-05-14T13:20:31.3146610Z" endTime="2025-05-14T13:25:31.3147553Z" testType="13cdc9d9-ddb5-4fa4-a97d-d965ccfc6d4b" outcome="Passed" testListId="7cae71c0-e659-43f6-bb35-64382931cc27" />
    <UnitTestResult executionId="c95c20a7-4fa2-4a79-b89b-ed32dd361ef0" testId="cad1876b-04b8-4873-901a-e430e3327503" testName="Test75" computerName="UA-LPT-OGA2" duration="00:00:00.8080000" startTime="2025-05-14T13:20:31.3146610Z" endTime="2025-05-14T13:25:31.3147553Z" testType="13cdc9d9-ddb5-4fa4-a97d-d965ccfc6d4b" outcome="Passed" testListId="7cae71c0-e659-43f6-bb35-64382931cc27" />
    <UnitTestResult executionId="98a3efa2-03d3-4de1-b350-fd20b9f15c74" testId="259cdda5-7440-42f8-a687-8fa6a642cdfd" testName="Test76" computerName="UA-LPT-OGA2" duration="00:00:00.7610000" startTime="2025-05-14T13:20:31.3146610Z" endTime="2025-05-14T13:25:31.3147553Z" testType="13cdc9d9-ddb5-4fa4-a97d-d965ccfc6d4b" outcome="Passed" testListId="7cae71c0-e659-43f6-bb35-64382931cc27" />
    <UnitTestResult executionId="640e6f60-340c-4247-9336-3189588b3c83" testId="711fc24c-4e78-444f-9078-8a617addd00e" testName="Test77" computerName="UA-LPT-OGA2" duration="00:00:01.7380000" startTime="2025-05-14T13:20:31.3146610Z" endTime="2025-05-14T13:25:31.3147553Z" testType="13cdc9d9-ddb5-4fa4-a97d-d965ccfc6d4b" outcome="Passed" testListId="7cae71c0-e659-43f6-bb35-64382931cc27" />
    <UnitTestResult executionId="b94db8b7-a589-436e-8a93-0ed29ff43daf" testId="2d3b57c9-c666-497e-8bab-276a194953af" testName="Test78" computerName="UA-LPT-OGA2" duration="00:00:01.6860000" startTime="2025-05-14T13:20:31.3146610Z" endTime="2025-05-14T13:25:31.3147553Z" testType="13cdc9d9-ddb5-4fa4-a97d-d965ccfc6d4b" outcome="Passed" testListId="7cae71c0-e659-43f6-bb35-64382931cc27" />
    <UnitTestResult executionId="f6822da0-07fa-4e61-a47f-faed61450567" testId="f1a80c1d-5c42-4c0c-80e1-bea0f99dd65e" testName="Test79" computerName="UA-LPT-OGA2" duration="00:00:01.9860000" startTime="2025-05-14T13:20:31.3146610Z" endTime="2025-05-14T13:25:31.3147553Z" testType="13cdc9d9-ddb5-4fa4-a97d-d965ccfc6d4b" outcome="Passed" testListId="7cae71c0-e659-43f6-bb35-64382931cc27" />
    <UnitTestResult executionId="7bf04fa2-1320-4672-8ca1-00546b944be6" testId="0d1f68d2-f033-433d-9a5e-c1c6e0f4dd57" testName="Test80" computerName="UA-LPT-OGA2" duration="00:00:00.5230000" startTime="2025-05-14T13:20:31.3146610Z" endTime="2025-05-14T13:25:31.3147553Z" testType="13cdc9d9-ddb5-4fa4-a97d-d965ccfc6d4b" outcome="Passed" testListId="7cae71c0-e659-43f6-bb35-64382931cc27" />
    <UnitTestResult executionId="27560d08-823a-44ca-8558-8357b7688e22" testId="02207dba-1158-4c88-8dac-e69665ad5d0d" testName="Test81" computerName="UA-LPT-OGA2" duration="00:00:01.6270000" startTime="2025-05-14T13:20:31.3146610Z" endTime="2025-05-14T13:25:31.3147553Z" testType="13cdc9d9-ddb5-4fa4-a97d-d965ccfc6d4b" outcome="Passed" testListId="7cae71c0-e659-43f6-bb35-64382931cc27" />
    <UnitTestResult executionId="218f92c1-b96f-43ce-bc37-06bdc783069a" testId="5569362c-0865-448c-9e41-3bb7b282d469" testName="Test82" computerName="UA-LPT-OGA2" duration="00:00:00.0370000" startTime="2025-05-14T13:20:31.3146610Z" endTime="2025-05-14T13:25:31.3147553Z" testType="13cdc9d9-ddb5-4fa4-a97d-d965ccfc6d4b" outcome="Passed" testListId="7cae71c0-e659-43f6-bb35-64382931cc27" />
    <UnitTestResult executionId="2f3021e5-7932-4666-b90e-033968342e7d" testId="c0c7a546-679b-445f-85ae-788ce359320a" testName="Test83" computerName="UA-LPT-OGA2" duration="00:00:01.3470000" startTime="2025-05-14T13:20:31.3146610Z" endTime="2025-05-14T13:25:31.3147553Z" testType="13cdc9d9-ddb5-4fa4-a97d-d965ccfc6d4b" outcome="Passed" testListId="7cae71c0-e659-43f6-bb35-64382931cc27" />
    <UnitTestResult executionId="20288d6f-6281-4cf7-8a66-9290bdd327ee" testId="78424e30-43a2-4cea-994d-99fbd321eef9" testName="Test84" computerName="UA-LPT-OGA2" duration="00:00:00.1820000" startTime="2025-05-14T13:20:31.3146610Z" endTime="2025-05-14T13:25:31.3147553Z" testType="13cdc9d9-ddb5-4fa4-a97d-d965ccfc6d4b" outcome="Passed" testListId="7cae71c0-e659-43f6-bb35-64382931cc27" />
    <UnitTestResult executionId="ee410d85-ce68-42f2-8d51-5f85db4b8190" testId="8c94ba42-fe24-4eba-b32f-8dce78466219" testName="Test85" computerName="UA-LPT-OGA2" duration="00:00:00.3410000" startTime="2025-05-14T13:20:31.3146610Z" endTime="2025-05-14T13:25:31.3147553Z" testType="13cdc9d9-ddb5-4fa4-a97d-d965ccfc6d4b" outcome="Passed" testListId="7cae71c0-e659-43f6-bb35-64382931cc27" />
    <UnitTestResult executionId="d4383654-1727-4ea4-bd13-8689c93109a8" testId="0f9a50b1-671d-42e2-8ffa-676f76465e10" testName="Test86" computerName="UA-LPT-OGA2" duration="00:00:01.4970000" startTime="2025-05-14T13:20:31.3146610Z" endTime="2025-05-14T13:25:31.3147553Z" testType="13cdc9d9-ddb5-4fa4-a97d-d965ccfc6d4b" outcome="Passed" testListId="7cae71c0-e659-43f6-bb35-64382931cc27" />
    <UnitTestResult executionId="9ae8d47f-de5e-435e-bbbb-3fbbdc054c6e" testId="33ffcb9a-c220-4af7-9322-ef2ab6c35d6b" testName="Test87" computerName="UA-LPT-OGA2" duration="00:00:00.2770000" startTime="2025-05-14T13:20:31.3146610Z" endTime="2025-05-14T13:25:31.3147553Z" testType="13cdc9d9-ddb5-4fa4-a97d-d965ccfc6d4b" outcome="Passed" testListId="7cae71c0-e659-43f6-bb35-64382931cc27" />
    <UnitTestResult executionId="fd1a584c-0947-4f3b-8351-6ace39747c84" testId="3b56383c-0169-42f0-803d-429afd27ceed" testName="Test88" computerName="UA-LPT-OGA2" duration="00:00:01.3280000" startTime="2025-05-14T13:20:31.3146610Z" endTime="2025-05-14T13:25:31.3147553Z" testType="13cdc9d9-ddb5-4fa4-a97d-d965ccfc6d4b" outcome="Passed" testListId="7cae71c0-e659-43f6-bb35-64382931cc27" />
    <UnitTestResult executionId="c746f639-f59e-47f3-9d6c-61349636e852" testId="bbb03a19-2a57-47a3-b557-c4958b6b6beb" testName="Test89" computerName="UA-LPT-OGA2" duration="00:00:01.0590000" startTime="2025-05-14T13:20:31.3146610Z" endTime="2025-05-14T13:25:31.3147553Z" testType="13cdc9d9-ddb5-4fa4-a97d-d965ccfc6d4b" outcome="Passed" testListId="7cae71c0-e659-43f6-bb35-64382931cc27" />
    <UnitTestResult executionId="f492065c-8301-4b1d-98da-ac478c6a4812" testId="6039c746-666e-4d5b-9e10-a98004c2876e" testName="Test90" computerName="UA-LPT-OGA2" duration="00:00:01.5330000" startTime="2025-05-14T13:20:31.3146610Z" endTime="2025-05-14T13:25:31.3147553Z" testType="13cdc9d9-ddb5-4fa4-a97d-d965ccfc6d4b" outcome="Passed" testListId="7cae71c0-e659-43f6-bb35-64382931cc27" />
    <UnitTestResult executionId="6c85ed57-d09a-4161-af14-25eb547a127d" testId="b57b2a02-f9b1-49ba-aa53-def99baf53be" testName="Test91" computerName="UA-LPT-OGA2" duration="00:00:00.8650000" startTime="2025-05-14T13:20:31.3146610Z" endTime="2025-05-14T13:25:31.3147553Z" testType="13cdc9d9-ddb5-4fa4-a97d-d965ccfc6d4b" outcome="Passed" testListId="7cae71c0-e659-43f6-bb35-64382931cc27" />
    <UnitTestResult executionId="ed39c3b9-c0a6-4943-85d5-79153abc3b89" testId="d1457610-d3f3-42c8-801a-b88811654fca" testName="Test92" computerName="UA-LPT-OGA2" duration="00:00:01.2220000" startTime="2025-05-14T13:20:31.3146610Z" endTime="2025-05-14T13:25:31.3147553Z" testType="13cdc9d9-ddb5-4fa4-a97d-d965ccfc6d4b" outcome="Passed" testListId="7cae71c0-e659-43f6-bb35-64382931cc27" />
    <UnitTestResult executionId="9f3f3029-e73e-4fd7-8511-75349a8c7a04" testId="8b8bacab-7f2b-46f5-8f2e-9f91907174de" testName="Test93" computerName="UA-LPT-OGA2" duration="00:00:01.6360000" startTime="2025-05-14T13:20:31.3146610Z" endTime="2025-05-14T13:25:31.3147553Z" testType="13cdc9d9-ddb5-4fa4-a97d-d965ccfc6d4b" outcome="Passed" testListId="7cae71c0-e659-43f6-bb35-64382931cc27" />
    <UnitTestResult executionId="7ae02e9b-919b-4f4d-8cc0-f357f7ef82ab" testId="352af447-4294-42bc-9f1e-75e3d6b8574d" testName="Test94" computerName="UA-LPT-OGA2" duration="00:00:01.9560000" startTime="2025-05-14T13:20:31.3146610Z" endTime="2025-05-14T13:25:31.3147553Z" testType="13cdc9d9-ddb5-4fa4-a97d-d965ccfc6d4b" outcome="Passed" testListId="7cae71c0-e659-43f6-bb35-64382931cc27" />
    <UnitTestResult executionId="ada605d6-36c7-4754-9171-38bd92489d23" testId="2ba445bb-ccaf-4cfe-ba5d-fbdfeaf190ad" testName="Test95" computerName="UA-LPT-OGA2" duration="00:00:01.8690000" startTime="2025-05-14T13:20:31.3146610Z" endTime="2025-05-14T13:25:31.3147553Z" testType="13cdc9d9-ddb5-4fa4-a97d-d965ccfc6d4b" outcome="Passed" testListId="7cae71c0-e659-43f6-bb35-64382931cc27" />
    <UnitTestResult executionId="b0e59100-c050-4ed0-b506-aaea58c176a2" testId="2719e2af-727b-402e-b21e-79ffc34a00bf" testName="Test96" computerName="UA-LPT-OGA2" duration="00:00:01.1510000" startTime="2025-05-14T13:20:31.3146610Z" endTime="2025-05-14T13:25:31.3147553Z" testType="13cdc9d9-ddb5-4fa4-a97d-d965ccfc6d4b" outcome="Passed" testListId="7cae71c0-e659-43f6-bb35-64382931cc27" />
    <UnitTestResult executionId="0f3f8254-7774-4f2e-83d4-20177da59f47" testId="7b0e83af-461a-4812-9b37-2e2788fe21b0" testName="Test97" computerName="UA-LPT-OGA2" duration="00:00:00.6500000" startTime="2025-05-14T13:20:31.3146610Z" endTime="2025-05-14T13:25:31.3147553Z" testType="13cdc9d9-ddb5-4fa4-a97d-d965ccfc6d4b" outcome="Passed" testListId="7cae71c0-e659-43f6-bb35-64382931cc27" />
    <UnitTestResult executionId="411dd08a-0131-4369-b249-c63d615e3e75" testId="1e62a73b-4488-4d94-b29e-f43ac76c849f" testName="Test98" computerName="UA-LPT-OGA2" duration="00:00:01.6790000" startTime="2025-05-14T13:20:31.3146610Z" endTime="2025-05-14T13:25:31.3147553Z" testType="13cdc9d9-ddb5-4fa4-a97d-d965ccfc6d4b" outcome="Passed" testListId="7cae71c0-e659-43f6-bb35-64382931cc27" />
    <UnitTestResult executionId="e7d97e8f-d08d-4c95-b7fb-1fa7be696c4a" testId="bbc33aae-3937-4e79-a70a-847b90426471" testName="Test99" computerName="UA-LPT-OGA2" duration="00:00:00.8040000" startTime="2025-05-14T13:20:31.3146610Z" endTime="2025-05-14T13:25:31.3147553Z" testType="13cdc9d9-ddb5-4fa4-a97d-d965ccfc6d4b" outcome="Passed" testListId="7cae71c0-e659-43f6-bb35-64382931cc27" />
    <UnitTestResult executionId="bbee9b4b-085e-4196-9074-0fd80bbb9ea6" testId="5a728b2f-6b7d-4c44-9801-ab02f250525f" testName="Test100" computerName="UA-LPT-OGA2" duration="00:00:00.1120000" startTime="2025-05-14T13:20:31.3146610Z" endTime="2025-05-14T13:25:31.3147553Z" testType="13cdc9d9-ddb5-4fa4-a97d-d965ccfc6d4b" outcome="Passed" testListId="7cae71c0-e659-43f6-bb35-64382931cc27" />
  </Results>
  <TestDefinitions>
    <UnitTest name="Test1" id="2921b9a3-73b9-476c-8e8a-589608593a7d" storage="TestAssembly.dll">
      <Execution id="67a2fedc-546d-43ba-aa52-5d939ed2ee62" />
      <TestMethod codeBase="TestAssembly.dll" className="TestNamespace.TestClass1" name="Test1" />
    </UnitTest>
    <UnitTest name="Test2" id="d26f8d80-9d73-4ba0-9c6a-ab64b5567418" storage="TestAssembly.dll">
      <Execution id="2dccd361-6fd2-4239-a115-a59a4c97f0bc" />
      <TestMethod codeBase="TestAssembly.dll" className="TestNamespace.TestClass1" name="Test2" />
    </UnitTest>
    <UnitTest name="Test3" id="12388cec-fadb-4ab4-9f16-7967c1c912d8" storage="TestAssembly.dll">
      <Execution id="7aaa1725-cb9e-4f62-a325-60285e7374c3" />
      <TestMethod codeBase="TestAssembly.dll" className="TestNamespace.TestClass1" name="Test3" />
    </UnitTest>
    <UnitTest name="Test4" id="0fc01ccf-08f9-455d-885e-be183f940fe0" storage="TestAssembly.dll">
      <Execution id="46a6b780-d2f3-4efa-be38-775b55732af2" />
      <TestMethod codeBase="TestAssembly.dll" className="TestNamespace.TestClass1" name="Test4" />
    </UnitTest>
    <UnitTest name="Test5" id="eefbfc98-c53d-4eb0-bfb5-fc7aa461b092" storage="TestAssembly.dll">
      <Execution id="eaaa8e8a-e618-429d-a999-b7229a2f570d" />
      <TestMethod codeBase="TestAssembly.dll" className="TestNamespace.TestClass1" name="Test5" />
    </UnitTest>
    <UnitTest name="Test6" id="0c65fae7-4b0e-4cfa-b80c-b31ad6046e3c" storage="TestAssembly.dll">
      <Execution id="3e8f2500-7a4f-41ae-999e-28fdf0749b3d" />
      <TestMethod codeBase="TestAssembly.dll" className="TestNamespace.TestClass1" name="Test6" />
    </UnitTest>
    <UnitTest name="Test7" id="3d4bff0b-84e1-467d-bf87-a807fd9fddbc" storage="TestAssembly.dll">
      <Execution id="c1fd21ba-02f4-47c5-8c83-d6b583762546" />
      <TestMethod codeBase="TestAssembly.dll" className="TestNamespace.TestClass1" name="Test7" />
    </UnitTest>
    <UnitTest name="Test8" id="2dbb6e8d-72ff-4480-919c-ea7e2858d71b" storage="TestAssembly.dll">
      <Execution id="160ec32b-11ef-4c0c-8097-c92bd37957aa" />
      <TestMethod codeBase="TestAssembly.dll" className="TestNamespace.TestClass1" name="Test8" />
    </UnitTest>
    <UnitTest name="Test9" id="45139756-6590-4dae-94c4-a8ce5c308336" storage="TestAssembly.dll">
      <Execution id="a355e9cb-4e46-4d20-a995-3395413238fe" />
      <TestMethod codeBase="TestAssembly.dll" className="TestNamespace.TestClass1" name="Test9" />
    </UnitTest>
    <UnitTest name="Test10" id="ebeb08ee-31da-4549-9b13-689bd3624259" storage="TestAssembly.dll">
      <Execution id="0e1ac746-0aec-4b8f-83d4-2ed2e68e91ab" />
      <TestMethod codeBase="TestAssembly.dll" className="TestNamespace.TestClass1" name="Test10" />
    </UnitTest>
    <UnitTest name="Test11" id="e7e0b575-ba5f-4b9c-ab6b-d47dae8455a5" storage="TestAssembly.dll">
      <Execution id="76f8ac3d-77f1-4aeb-918e-4a335695edb8" />
      <TestMethod codeBase="TestAssembly.dll" className="TestNamespace.TestClass2" name="Test11" />
    </UnitTest>
    <UnitTest name="Test12" id="5a507c7c-3b46-4815-98ea-0e01eef68229" storage="TestAssembly.dll">
      <Execution id="f79b829a-6186-4b9e-a00c-4cf9e8447f56" />
      <TestMethod codeBase="TestAssembly.dll" className="TestNamespace.TestClass2" name="Test12" />
    </UnitTest>
    <UnitTest name="Test13" id="92d1ef0f-125e-46f5-b764-32e0136989c8" storage="TestAssembly.dll">
      <Execution id="fbe49f89-4710-4680-bebf-019c981193b1" />
      <TestMethod codeBase="TestAssembly.dll" className="TestNamespace.TestClass2" name="Test13" />
    </UnitTest>
    <UnitTest name="Test14" id="eed00d2d-b356-497e-b5c0-ae419c0d1a1b" storage="TestAssembly.dll">
      <Execution id="35ef1b58-7319-4570-9f24-f9cfa211d21b" />
      <TestMethod codeBase="TestAssembly.dll" className="TestNamespace.TestClass2" name="Test14" />
    </UnitTest>
    <UnitTest name="Test15" id="2528b239-7e83-4b75-8002-94b791fa6f76" storage="TestAssembly.dll">
      <Execution id="a692dc5f-830e-4eaf-b40e-2b52a88f2086" />
      <TestMethod codeBase="TestAssembly.dll" className="TestNamespace.TestClass2" name="Test15" />
    </UnitTest>
    <UnitTest name="Test16" id="01a42854-12ce-42e3-8a3f-3861effb7fa7" storage="TestAssembly.dll">
      <Execution id="3fc140a8-f688-42ab-8668-3656314ac3f0" />
      <TestMethod codeBase="TestAssembly.dll" className="TestNamespace.TestClass2" name="Test16" />
    </UnitTest>
    <UnitTest name="Test17" id="eb53dae7-8d9d-4db8-a5f1-0be43be6657b" storage="TestAssembly.dll">
      <Execution id="ca176051-bf47-415d-a0ca-cdfe95b94230" />
      <TestMethod codeBase="TestAssembly.dll" className="TestNamespace.TestClass2" name="Test17" />
    </UnitTest>
    <UnitTest name="Test18" id="982de097-f732-4be0-93bf-cec7973157cc" storage="TestAssembly.dll">
      <Execution id="e01d1433-7da9-43c4-a438-b3d5cc736761" />
      <TestMethod codeBase="TestAssembly.dll" className="TestNamespace.TestClass2" name="Test18" />
    </UnitTest>
    <UnitTest name="Test19" id="611647e3-717f-440a-b9e1-c4dd6f2d38ae" storage="TestAssembly.dll">
      <Execution id="ae5ef9db-1944-4697-b772-19b2acf1a7a9" />
      <TestMethod codeBase="TestAssembly.dll" className="TestNamespace.TestClass2" name="Test19" />
    </UnitTest>
    <UnitTest name="Test20" id="7a1a3486-be42-4bf0-b0f9-6ba4bbfe6989" storage="TestAssembly.dll">
      <Execution id="a92de4e6-4418-43f2-8f8d-9cf3043f3875" />
      <TestMethod codeBase="TestAssembly.dll" className="TestNamespace.TestClass2" name="Test20" />
    </UnitTest>
    <UnitTest name="Test21" id="9a2e6baa-c644-41cc-9982-5f8ec8c776bd" storage="TestAssembly.dll">
      <Execution id="33da4220-10f4-4ba9-a992-73b64d35220d" />
      <TestMethod codeBase="TestAssembly.dll" className="TestNamespace.TestClass3" name="Test21" />
    </UnitTest>
    <UnitTest name="Test22" id="829209e8-bb3a-48d5-849f-f09840a44aac" storage="TestAssembly.dll">
      <Execution id="4dabdc19-094b-4000-9e75-e90c8bd78783" />
      <TestMethod codeBase="TestAssembly.dll" className="TestNamespace.TestClass3" name="Test22" />
    </UnitTest>
    <UnitTest name="Test23" id="fe392ee9-ce63-47f3-9aa2-e8946623061f" storage="TestAssembly.dll">
      <Execution id="9b547a90-4733-4d01-b6ef-a4e7ee9ea9ea" />
      <TestMethod codeBase="TestAssembly.dll" className="TestNamespace.TestClass3" name="Test23" />
    </UnitTest>
    <UnitTest name="Test24" id="5dd9b150-5501-42ba-b404-4cf4c808830f" storage="TestAssembly.dll">
      <Execution id="1b00be63-89ae-4684-9aa2-9d2e17311e2c" />
      <TestMethod codeBase="TestAssembly.dll" className="TestNamespace.TestClass3" name="Test24" />
    </UnitTest>
    <UnitTest name="Test25" id="769bc33b-91f8-4ced-b1d0-9404815f38be" storage="TestAssembly.dll">
      <Execution id="1423cae6-b7f0-4ecf-a055-b79924a2f71b" />
      <TestMethod codeBase="TestAssembly.dll" className="TestNamespace.TestClass3" name="Test25" />
    </UnitTest>
    <UnitTest name="Test26" id="d122347f-c658-4704-8eaf-297897eb4a6c" storage="TestAssembly.dll">
      <Execution id="6fd2daf3-28ea-402b-abce-9e188bda78f5" />
      <TestMethod codeBase="TestAssembly.dll" className="TestNamespace.TestClass3" name="Test26" />
    </UnitTest>
    <UnitTest name="Test27" id="791db7c0-869b-4c7c-b1c0-4d64f4e8f0a0" storage="TestAssembly.dll">
      <Execution id="bd32b048-6ea8-410d-87b5-292fe8a83b38" />
      <TestMethod codeBase="TestAssembly.dll" className="TestNamespace.TestClass3" name="Test27" />
    </UnitTest>
    <UnitTest name="Test28" id="a2870436-f0e9-42d7-93b2-71f531a191df" storage="TestAssembly.dll">
      <Execution id="6b115017-82f5-44d8-a6f5-9c4ec93d6ab7" />
      <TestMethod codeBase="TestAssembly.dll" className="TestNamespace.TestClass3" name="Test28" />
    </UnitTest>
    <UnitTest name="Test29" id="e651a91c-71be-4402-a3e6-7150d603a3cd" storage="TestAssembly.dll">
      <Execution id="913329b3-39c7-46d6-afaf-9d1f480ffe41" />
      <TestMethod codeBase="TestAssembly.dll" className="TestNamespace.TestClass3" name="Test29" />
    </UnitTest>
    <UnitTest name="Test30" id="a451a886-2c40-440f-b5b2-744c459ff201" storage="TestAssembly.dll">
      <Execution id="48bb05d5-835f-4716-93c2-176058bd4621" />
      <TestMethod codeBase="TestAssembly.dll" className="TestNamespace.TestClass3" name="Test30" />
    </UnitTest>
    <UnitTest name="Test31" id="188741e3-b037-43c4-a3fc-9ee91eda1c05" storage="TestAssembly.dll">
      <Execution id="7d96dd81-f788-4a50-bfc8-f9c84891d255" />
      <TestMethod codeBase="TestAssembly.dll" className="TestNamespace.TestClass4" name="Test31" />
    </UnitTest>
    <UnitTest name="Test32" id="68bb4cda-0821-429c-9741-5f12414f24a5" storage="TestAssembly.dll">
      <Execution id="a6d04604-63e4-4a2c-a632-dee90a7766c1" />
      <TestMethod codeBase="TestAssembly.dll" className="TestNamespace.TestClass4" name="Test32" />
    </UnitTest>
    <UnitTest name="Test33" id="bafe7222-6235-4734-9c31-40d7a2371d62" storage="TestAssembly.dll">
      <Execution id="ce01f205-1900-4c40-b837-abf6989b94cc" />
      <TestMethod codeBase="TestAssembly.dll" className="TestNamespace.TestClass4" name="Test33" />
    </UnitTest>
    <UnitTest name="Test34" id="fd558d2d-5af4-4417-bb7c-d9057c39cb10" storage="TestAssembly.dll">
      <Execution id="f80c460a-78f3-43d5-9a14-9e2731a939eb" />
      <TestMethod codeBase="TestAssembly.dll" className="TestNamespace.TestClass4" name="Test34" />
    </UnitTest>
    <UnitTest name="Test35" id="9bf0588e-3d8b-4871-a4c7-d2a3b911110d" storage="TestAssembly.dll">
      <Execution id="1c1e6f5b-b839-4057-96bb-9771cd02fa67" />
      <TestMethod codeBase="TestAssembly.dll" className="TestNamespace.TestClass4" name="Test35" />
    </UnitTest>
    <UnitTest name="Test36" id="56ccd95d-723a-4bdc-82a1-65c4cdf978c0" storage="TestAssembly.dll">
      <Execution id="b2e4375a-c57b-45d0-9073-d8f255f34c77" />
      <TestMethod codeBase="TestAssembly.dll" className="TestNamespace.TestClass4" name="Test36" />
    </UnitTest>
    <UnitTest name="Test37" id="8cdd0946-03dc-4f0a-9b29-bd0ddeaf1a63" storage="TestAssembly.dll">
      <Execution id="3fa454d1-658a-456f-87d1-2512f99e0f77" />
      <TestMethod codeBase="TestAssembly.dll" className="TestNamespace.TestClass4" name="Test37" />
    </UnitTest>
    <UnitTest name="Test38" id="9dd1008d-adf2-44da-8436-031ff004641d" storage="TestAssembly.dll">
      <Execution id="99eeb382-a3df-4987-a450-16d1d21a2978" />
      <TestMethod codeBase="TestAssembly.dll" className="TestNamespace.TestClass4" name="Test38" />
    </UnitTest>
    <UnitTest name="Test39" id="2191358b-02ae-4566-a0a1-efe8a656bc59" storage="TestAssembly.dll">
      <Execution id="43cab8c0-75da-4c5a-8183-5241b7fe9459" />
      <TestMethod codeBase="TestAssembly.dll" className="TestNamespace.TestClass4" name="Test39" />
    </UnitTest>
    <UnitTest name="Test40" id="e26858c4-e415-43db-9c4c-cf0710368576" storage="TestAssembly.dll">
      <Execution id="a42c47e8-ce0c-4a5f-a680-ce37d3e838ff" />
      <TestMethod codeBase="TestAssembly.dll" className="TestNamespace.TestClass4" name="Test40" />
    </UnitTest>
    <UnitTest name="Test41" id="a1c53c81-0200-41d7-857e-de1e1de12859" storage="TestAssembly.dll">
      <Execution id="3f94a722-3ad9-4eea-bc04-8e997299b15f" />
      <TestMethod codeBase="TestAssembly.dll" className="TestNamespace.TestClass5" name="Test41" />
    </UnitTest>
    <UnitTest name="Test42" id="959c1c0e-cf45-4476-a8c7-0d2dcd455d8f" storage="TestAssembly.dll">
      <Execution id="3d8c98fa-70fe-43e8-9d83-2e9cedfb9759" />
      <TestMethod codeBase="TestAssembly.dll" className="TestNamespace.TestClass5" name="Test42" />
    </UnitTest>
    <UnitTest name="Test43" id="aa0a3cca-971c-46f9-808e-bf789af17ff7" storage="TestAssembly.dll">
      <Execution id="b30d51fd-8d92-4dea-b814-a89e6ad77750" />
      <TestMethod codeBase="TestAssembly.dll" className="TestNamespace.TestClass5" name="Test43" />
    </UnitTest>
    <UnitTest name="Test44" id="e2fb6175-6952-489b-b5d5-185ef73f4627" storage="TestAssembly.dll">
      <Execution id="e9ac847e-241a-4312-bfd9-98af85a8066b" />
      <TestMethod codeBase="TestAssembly.dll" className="TestNamespace.TestClass5" name="Test44" />
    </UnitTest>
    <UnitTest name="Test45" id="85388c6b-ef7c-45f4-aefd-58569e4b2b94" storage="TestAssembly.dll">
      <Execution id="6aafdda6-8f4c-4603-9b47-4177ba2f840e" />
      <TestMethod codeBase="TestAssembly.dll" className="TestNamespace.TestClass5" name="Test45" />
    </UnitTest>
    <UnitTest name="Test46" id="aa2999db-02f9-49e0-b4a3-d6cbb1ec2e8c" storage="TestAssembly.dll">
      <Execution id="8783735f-e519-4345-ac5a-ccdb867f444f" />
      <TestMethod codeBase="TestAssembly.dll" className="TestNamespace.TestClass5" name="Test46" />
    </UnitTest>
    <UnitTest name="Test47" id="34d78fd0-5047-48e7-9d60-5e2b92a2706f" storage="TestAssembly.dll">
      <Execution id="af7c23cd-24f9-4b6e-968a-37cb2400e1ee" />
      <TestMethod codeBase="TestAssembly.dll" className="TestNamespace.TestClass5" name="Test47" />
    </UnitTest>
    <UnitTest name="Test48" id="14a2348d-0145-446a-9708-5dc2d6ecf906" storage="TestAssembly.dll">
      <Execution id="fa895736-7990-4a06-ba54-df620c484bd2" />
      <TestMethod codeBase="TestAssembly.dll" className="TestNamespace.TestClass5" name="Test48" />
    </UnitTest>
    <UnitTest name="Test49" id="a0c5313d-3b49-4066-9693-c7978ecebe14" storage="TestAssembly.dll">
      <Execution id="349cff7d-3129-4e85-8a49-312d09411ab2" />
      <TestMethod codeBase="TestAssembly.dll" className="TestNamespace.TestClass5" name="Test49" />
    </UnitTest>
    <UnitTest name="Test50" id="30304487-b95f-4920-a6a0-2a76b9f5e271" storage="TestAssembly.dll">
      <Execution id="20ba17cc-c181-48cc-be74-4e3860ac1c49" />
      <TestMethod codeBase="TestAssembly.dll" className="TestNamespace.TestClass5" name="Test50" />
    </UnitTest>
    <UnitTest name="Test51" id="c97b090f-3c14-4133-a920-69674788ffb5" storage="TestAssembly.dll">
      <Execution id="5d18140e-ddd7-419b-808f-07b98c7f041c" />
      <TestMethod codeBase="TestAssembly.dll" className="TestNamespace.TestClass6" name="Test51" />
    </UnitTest>
    <UnitTest name="Test52" id="a42e9f3a-2612-4431-b13a-cfe75cc4b443" storage="TestAssembly.dll">
      <Execution id="ed1365e1-7da7-4fca-8e1d-78512a0d2937" />
      <TestMethod codeBase="TestAssembly.dll" className="TestNamespace.TestClass6" name="Test52" />
    </UnitTest>
    <UnitTest name="Test53" id="f11c53b5-620e-4852-ac4c-7b2337fee7af" storage="TestAssembly.dll">
      <Execution id="a2e17c1c-b6fc-4766-923f-0f7d3d598a00" />
      <TestMethod codeBase="TestAssembly.dll" className="TestNamespace.TestClass6" name="Test53" />
    </UnitTest>
    <UnitTest name="Test54" id="3d2213a3-473c-40f2-9f82-74448797e5bf" storage="TestAssembly.dll">
      <Execution id="02289b8e-4800-4816-a6f7-5ce6ac065408" />
      <TestMethod codeBase="TestAssembly.dll" className="TestNamespace.TestClass6" name="Test54" />
    </UnitTest>
    <UnitTest name="Test55" id="ea81289c-f30e-4ffa-a686-39957a0bcacf" storage="TestAssembly.dll">
      <Execution id="d760ca73-a458-4d1b-b16e-e3cdbc434253" />
      <TestMethod codeBase="TestAssembly.dll" className="TestNamespace.TestClass6" name="Test55" />
    </UnitTest>
    <UnitTest name="Test56" id="0e594d16-ca83-459c-993e-bf40766f6116" storage="TestAssembly.dll">
      <Execution id="4c8ee710-7a0e-4acc-aae0-c025efcce7ff" />
      <TestMethod codeBase="TestAssembly.dll" className="TestNamespace.TestClass6" name="Test56" />
    </UnitTest>
    <UnitTest name="Test57" id="839b6dd4-40b2-44f5-aa70-b8b5910c610e" storage="TestAssembly.dll">
      <Execution id="4c248ecd-0b2b-4d9c-a91d-5305d4dd8a89" />
      <TestMethod codeBase="TestAssembly.dll" className="TestNamespace.TestClass6" name="Test57" />
    </UnitTest>
    <UnitTest name="Test58" id="fc8ef378-28eb-4135-9e25-97091fa9479a" storage="TestAssembly.dll">
      <Execution id="8803389d-8933-4116-a882-3dcecdb135a0" />
      <TestMethod codeBase="TestAssembly.dll" className="TestNamespace.TestClass6" name="Test58" />
    </UnitTest>
    <UnitTest name="Test59" id="c223e318-07fd-4fcd-8026-d1a5a0fc46c1" storage="TestAssembly.dll">
      <Execution id="5cecc288-011c-449a-823c-14f178b9b2ef" />
      <TestMethod codeBase="TestAssembly.dll" className="TestNamespace.TestClass6" name="Test59" />
    </UnitTest>
    <UnitTest name="Test60" id="8fa92940-3a64-4764-88bb-448901d41fd2" storage="TestAssembly.dll">
      <Execution id="b78954ff-a73f-4ab9-88ba-ac40002a39f8" />
      <TestMethod codeBase="TestAssembly.dll" className="TestNamespace.TestClass6" name="Test60" />
    </UnitTest>
    <UnitTest name="Test61" id="54ea2272-b2be-4447-b999-fdd712acb2a9" storage="TestAssembly.dll">
      <Execution id="52c2d621-df93-4ca7-966b-b9b439d1eb4e" />
      <TestMethod codeBase="TestAssembly.dll" className="TestNamespace.TestClass7" name="Test61" />
    </UnitTest>
    <UnitTest name="Test62" id="8adb1099-b35c-4a7c-b603-2f4180423c16" storage="TestAssembly.dll">
      <Execution id="2fe6cbe9-d84c-428f-8fd7-64ed90026fad" />
      <TestMethod codeBase="TestAssembly.dll" className="TestNamespace.TestClass7" name="Test62" />
    </UnitTest>
    <UnitTest name="Test63" id="2047720e-d1d8-48aa-8702-00cc3214f49f" storage="TestAssembly.dll">
      <Execution id="0c7e1896-04ed-4322-a7fc-e53b491b7e07" />
      <TestMethod codeBase="TestAssembly.dll" className="TestNamespace.TestClass7" name="Test63" />
    </UnitTest>
    <UnitTest name="Test64" id="b49151ba-53c9-4f23-bdf1-148d5f3096fd" storage="TestAssembly.dll">
      <Execution id="3849b0e3-04f0-4c5a-ae2d-e3f92528d9b5" />
      <TestMethod codeBase="TestAssembly.dll" className="TestNamespace.TestClass7" name="Test64" />
    </UnitTest>
    <UnitTest name="Test65" id="9472ff77-e21f-4a17-ad4b-7c5faeb5d3e0" storage="TestAssembly.dll">
      <Execution id="8ab87144-5644-49ab-8f60-c64ed92153bf" />
      <TestMethod codeBase="TestAssembly.dll" className="TestNamespace.TestClass7" name="Test65" />
    </UnitTest>
    <UnitTest name="Test66" id="6bacdcf0-e6b0-439b-8dfd-5a56f6665571" storage="TestAssembly.dll">
      <Execution id="01e61d95-425c-44fa-b8b7-bcbdef24a995" />
      <TestMethod codeBase="TestAssembly.dll" className="TestNamespace.TestClass7" name="Test66" />
    </UnitTest>
    <UnitTest name="Test67" id="26392d8e-67f1-4458-a344-a5ee0de01256" storage="TestAssembly.dll">
      <Execution id="184e660d-c55c-4116-b1b0-1ff571091a59" />
      <TestMethod codeBase="TestAssembly.dll" className="TestNamespace.TestClass7" name="Test67" />
    </UnitTest>
    <UnitTest name="Test68" id="6c20b01f-f115-43a1-a015-9e55d824533c" storage="TestAssembly.dll">
      <Execution id="dcb3522a-d761-40e1-b353-2c3d599e5d0f" />
      <TestMethod codeBase="TestAssembly.dll" className="TestNamespace.TestClass7" name="Test68" />
    </UnitTest>
    <UnitTest name="Test69" id="32e5bc2f-906c-44fc-bfd9-5a9ea0e1b9d9" storage="TestAssembly.dll">
      <Execution id="a86b34b4-c841-47f5-bb2b-700b345c5fad" />
      <TestMethod codeBase="TestAssembly.dll" className="TestNamespace.TestClass7" name="Test69" />
    </UnitTest>
    <UnitTest name="Test70" id="2c0151a2-1d0f-4236-a424-6145227cc2cc" storage="TestAssembly.dll">
      <Execution id="42a62f69-970d-4f90-af69-4eff6d44dcb8" />
      <TestMethod codeBase="TestAssembly.dll" className="TestNamespace.TestClass7" name="Test70" />
    </UnitTest>
    <UnitTest name="Test71" id="74925043-81b2-4acf-b740-fd9139e40f50" storage="TestAssembly.dll">
      <Execution id="761df4c0-7d5f-4df9-8e60-f22b4a3dbcec" />
      <TestMethod codeBase="TestAssembly.dll" className="TestNamespace.TestClass8" name="Test71" />
    </UnitTest>
    <UnitTest name="Test72" id="e8a2006d-4b6b-42a1-ada5-aac54a2396b2" storage="TestAssembly.dll">
      <Execution id="e539321d-074c-4f04-af63-f517d3d54d35" />
      <TestMethod codeBase="TestAssembly.dll" className="TestNamespace.TestClass8" name="Test72" />
    </UnitTest>
    <UnitTest name="Test73" id="1211b74c-1789-449b-a210-d51957faa986" storage="TestAssembly.dll">
      <Execution id="b65894ed-8be4-46d3-8c88-d2cd4d33b804" />
      <TestMethod codeBase="TestAssembly.dll" className="TestNamespace.TestClass8" name="Test73" />
    </UnitTest>
    <UnitTest name="Test74" id="a861926f-385f-46d5-af99-d934a6040a70" storage="TestAssembly.dll">
      <Execution id="74e22041-86e1-4436-a346-ceba5b8486f8" />
      <TestMethod codeBase="TestAssembly.dll" className="TestNamespace.TestClass8" name="Test74" />
    </UnitTest>
    <UnitTest name="Test75" id="cad1876b-04b8-4873-901a-e430e3327503" storage="TestAssembly.dll">
      <Execution id="c95c20a7-4fa2-4a79-b89b-ed32dd361ef0" />
      <TestMethod codeBase="TestAssembly.dll" className="TestNamespace.TestClass8" name="Test75" />
    </UnitTest>
    <UnitTest name="Test76" id="259cdda5-7440-42f8-a687-8fa6a642cdfd" storage="TestAssembly.dll">
      <Execution id="98a3efa2-03d3-4de1-b350-fd20b9f15c74" />
      <TestMethod codeBase="TestAssembly.dll" className="TestNamespace.TestClass8" name="Test76" />
    </UnitTest>
    <UnitTest name="Test77" id="711fc24c-4e78-444f-9078-8a617addd00e" storage="TestAssembly.dll">
      <Execution id="640e6f60-340c-4247-9336-3189588b3c83" />
      <TestMethod codeBase="TestAssembly.dll" className="TestNamespace.TestClass8" name="Test77" />
    </UnitTest>
    <UnitTest name="Test78" id="2d3b57c9-c666-497e-8bab-276a194953af" storage="TestAssembly.dll">
      <Execution id="b94db8b7-a589-436e-8a93-0ed29ff43daf" />
      <TestMethod codeBase="TestAssembly.dll" className="TestNamespace.TestClass8" name="Test78" />
    </UnitTest>
    <UnitTest name="Test79" id="f1a80c1d-5c42-4c0c-80e1-bea0f99dd65e" storage="TestAssembly.dll">
      <Execution id="f6822da0-07fa-4e61-a47f-faed61450567" />
      <TestMethod codeBase="TestAssembly.dll" className="TestNamespace.TestClass8" name="Test79" />
    </UnitTest>
    <UnitTest name="Test80" id="0d1f68d2-f033-433d-9a5e-c1c6e0f4dd57" storage="TestAssembly.dll">
      <Execution id="7bf04fa2-1320-4672-8ca1-00546b944be6" />
      <TestMethod codeBase="TestAssembly.dll" className="TestNamespace.TestClass8" name="Test80" />
    </UnitTest>
    <UnitTest name="Test81" id="02207dba-1158-4c88-8dac-e69665ad5d0d" storage="TestAssembly.dll">
      <Execution id="27560d08-823a-44ca-8558-8357b7688e22" />
      <TestMethod codeBase="TestAssembly.dll" className="TestNamespace.TestClass9" name="Test81" />
    </UnitTest>
    <UnitTest name="Test82" id="5569362c-0865-448c-9e41-3bb7b282d469" storage="TestAssembly.dll">
      <Execution id="218f92c1-b96f-43ce-bc37-06bdc783069a" />
      <TestMethod codeBase="TestAssembly.dll" className="TestNamespace.TestClass9" name="Test82" />
    </UnitTest>
    <UnitTest name="Test83" id="c0c7a546-679b-445f-85ae-788ce359320a" storage="TestAssembly.dll">
      <Execution id="2f3021e5-7932-4666-b90e-033968342e7d" />
      <TestMethod codeBase="TestAssembly.dll" className="TestNamespace.TestClass9" name="Test83" />
    </UnitTest>
    <UnitTest name="Test84" id="78424e30-43a2-4cea-994d-99fbd321eef9" storage="TestAssembly.dll">
      <Execution id="20288d6f-6281-4cf7-8a66-9290bdd327ee" />
      <TestMethod codeBase="TestAssembly.dll" className="TestNamespace.TestClass9" name="Test84" />
    </UnitTest>
    <UnitTest name="Test85" id="8c94ba42-fe24-4eba-b32f-8dce78466219" storage="TestAssembly.dll">
      <Execution id="ee410d85-ce68-42f2-8d51-5f85db4b8190" />
      <TestMethod codeBase="TestAssembly.dll" className="TestNamespace.TestClass9" name="Test85" />
    </UnitTest>
    <UnitTest name="Test86" id="0f9a50b1-671d-42e2-8ffa-676f76465e10" storage="TestAssembly.dll">
      <Execution id="d4383654-1727-4ea4-bd13-8689c93109a8" />
      <TestMethod codeBase="TestAssembly.dll" className="TestNamespace.TestClass9" name="Test86" />
    </UnitTest>
    <UnitTest name="Test87" id="33ffcb9a-c220-4af7-9322-ef2ab6c35d6b" storage="TestAssembly.dll">
      <Execution id="9ae8d47f-de5e-435e-bbbb-3fbbdc054c6e" />
      <TestMethod codeBase="TestAssembly.dll" className="TestNamespace.TestClass9" name="Test87" />
    </UnitTest>
    <UnitTest name="Test88" id="3b56383c-0169-42f0-803d-429afd27ceed" storage="TestAssembly.dll">
      <Execution id="fd1a584c-0947-4f3b-8351-6ace39747c84" />
      <TestMethod codeBase="TestAssembly.dll" className="TestNamespace.TestClass9" name="Test88" />
    </UnitTest>
    <UnitTest name="Test89" id="bbb03a19-2a57-47a3-b557-c4958b6b6beb" storage="TestAssembly.dll">
      <Execution id="c746f639-f59e-47f3-9d6c-61349636e852" />
      <TestMethod codeBase="TestAssembly.dll" className="TestNamespace.TestClass9" name="Test89" />
    </UnitTest>
    <UnitTest name="Test90" id="6039c746-666e-4d5b-9e10-a98004c2876e" storage="TestAssembly.dll">
      <Execution id="f492065c-8301-4b1d-98da-ac478c6a4812" />
      <TestMethod codeBase="TestAssembly.dll" className="TestNamespace.TestClass9" name="Test90" />
    </UnitTest>
    <UnitTest name="Test91" id="b57b2a02-f9b1-49ba-aa53-def99baf53be" storage="TestAssembly.dll">
      <Execution id="6c85ed57-d09a-4161-af14-25eb547a127d" />
      <TestMethod codeBase="TestAssembly.dll" className="TestNamespace.TestClass10" name="Test91" />
    </UnitTest>
    <UnitTest name="Test92" id="d1457610-d3f3-42c8-801a-b88811654fca" storage="TestAssembly.dll">
      <Execution id="ed39c3b9-c0a6-4943-85d5-79153abc3b89" />
      <TestMethod codeBase="TestAssembly.dll" className="TestNamespace.TestClass10" name="Test92" />
    </UnitTest>
    <UnitTest name="Test93" id="8b8bacab-7f2b-46f5-8f2e-9f91907174de" storage="TestAssembly.dll">
      <Execution id="9f3f3029-e73e-4fd7-8511-75349a8c7a04" />
      <TestMethod codeBase="TestAssembly.dll" className="TestNamespace.TestClass10" name="Test93" />
    </UnitTest>
    <UnitTest name="Test94" id="352af447-4294-42bc-9f1e-75e3d6b8574d" storage="TestAssembly.dll">
      <Execution id="7ae02e9b-919b-4f4d-8cc0-f357f7ef82ab" />
      <TestMethod codeBase="TestAssembly.dll" className="TestNamespace.TestClass10" name="Test94" />
    </UnitTest>
    <UnitTest name="Test95" id="2ba445bb-ccaf-4cfe-ba5d-fbdfeaf190ad" storage="TestAssembly.dll">
      <Execution id="ada605d6-36c7-4754-9171-38bd92489d23" />
      <TestMethod codeBase="TestAssembly.dll" className="TestNamespace.TestClass10" name="Test95" />
    </UnitTest>
    <UnitTest name="Test96" id="2719e2af-727b-402e-b21e-79ffc34a00bf" storage="TestAssembly.dll">
      <Execution id="b0e59100-c050-4ed0-b506-aaea58c176a2" />
      <TestMethod codeBase="TestAssembly.dll" className="TestNamespace.TestClass10" name="Test96" />
    </UnitTest>
    <UnitTest name="Test97" id="7b0e83af-461a-4812-9b37-2e2788fe21b0" storage="TestAssembly.dll">
      <Execution id="0f3f8254-7774-4f2e-83d4-20177da59f47" />
      <TestMethod codeBase="TestAssembly.dll" className="TestNamespace.TestClass10" name="Test97" />
    </UnitTest>
    <UnitTest name="Test98" id="1e62a73b-4488-4d94-b29e-f43ac76c849f" storage="TestAssembly.dll">
      <Execution id="411dd08a-0131-4369-b249-c63d615e3e75" />
      <TestMethod codeBase="TestAssembly.dll" className="TestNamespace.TestClass10" name="Test98" />
    </UnitTest>
    <UnitTest name="Test99" id="bbc33aae-3937-4e79-a70a-847b90426471" storage="TestAssembly.dll">
      <Execution id="e7d97e8f-d08d-4c95-b7fb-1fa7be696c4a" />
      <TestMethod codeBase="TestAssembly.dll" className="TestNamespace.TestClass10" name="Test99" />
    </UnitTest>
    <UnitTest name="Test100" id="5a728b2f-6b7d-4c44-9801-ab02f250525f" storage="TestAssembly.dll">
      <Execution id="bbee9b4b-085e-4196-9074-0fd80bbb9ea6" />
      <TestMethod codeBase="TestAssembly.dll" className="TestNamespace.TestClass10" name="Test100" />
    </UnitTest>
  </TestDefinitions>
  <TestEntries>
    <TestEntry testId="2921b9a3-73b9-476c-8e8a-589608593a7d" executionId="67a2fedc-546d-43ba-aa52-5d939ed2ee62" testListId="7cae71c0-e659-43f6-bb35-64382931cc27" />
    <TestEntry testId="d26f8d80-9d73-4ba0-9c6a-ab64b5567418" executionId="2dccd361-6fd2-4239-a115-a59a4c97f0bc" testListId="7cae71c0-e659-43f6-bb35-64382931cc27" />
    <TestEntry testId="12388cec-fadb-4ab4-9f16-7967c1c912d8" executionId="7aaa1725-cb9e-4f62-a325-60285e7374c3" testListId="7cae71c0-e659-43f6-bb35-64382931cc27" />
    <TestEntry testId="0fc01ccf-08f9-455d-885e-be183f940fe0" executionId="46a6b780-d2f3-4efa-be38-775b55732af2" testListId="7cae71c0-e659-43f6-bb35-64382931cc27" />
    <TestEntry testId="eefbfc98-c53d-4eb0-bfb5-fc7aa461b092" executionId="eaaa8e8a-e618-429d-a999-b7229a2f570d" testListId="7cae71c0-e659-43f6-bb35-64382931cc27" />
    <TestEntry testId="0c65fae7-4b0e-4cfa-b80c-b31ad6046e3c" executionId="3e8f2500-7a4f-41ae-999e-28fdf0749b3d" testListId="7cae71c0-e659-43f6-bb35-64382931cc27" />
    <TestEntry testId="3d4bff0b-84e1-467d-bf87-a807fd9fddbc" executionId="c1fd21ba-02f4-47c5-8c83-d6b583762546" testListId="7cae71c0-e659-43f6-bb35-64382931cc27" />
    <TestEntry testId="2dbb6e8d-72ff-4480-919c-ea7e2858d71b" executionId="160ec32b-11ef-4c0c-8097-c92bd37957aa" testListId="7cae71c0-e659-43f6-bb35-64382931cc27" />
    <TestEntry testId="45139756-6590-4dae-94c4-a8ce5c308336" executionId="a355e9cb-4e46-4d20-a995-3395413238fe" testListId="7cae71c0-e659-43f6-bb35-64382931cc27" />
    <TestEntry testId="ebeb08ee-31da-4549-9b13-689bd3624259" executionId="0e1ac746-0aec-4b8f-83d4-2ed2e68e91ab" testListId="7cae71c0-e659-43f6-bb35-64382931cc27" />
    <TestEntry testId="e7e0b575-ba5f-4b9c-ab6b-d47dae8455a5" executionId="76f8ac3d-77f1-4aeb-918e-4a335695edb8" testListId="7cae71c0-e659-43f6-bb35-64382931cc27" />
    <TestEntry testId="5a507c7c-3b46-4815-98ea-0e01eef68229" executionId="f79b829a-6186-4b9e-a00c-4cf9e8447f56" testListId="7cae71c0-e659-43f6-bb35-64382931cc27" />
    <TestEntry testId="92d1ef0f-125e-46f5-b764-32e0136989c8" executionId="fbe49f89-4710-4680-bebf-019c981193b1" testListId="7cae71c0-e659-43f6-bb35-64382931cc27" />
    <TestEntry testId="eed00d2d-b356-497e-b5c0-ae419c0d1a1b" executionId="35ef1b58-7319-4570-9f24-f9cfa211d21b" testListId="7cae71c0-e659-43f6-bb35-64382931cc27" />
    <TestEntry testId="2528b239-7e83-4b75-8002-94b791fa6f76" executionId="a692dc5f-830e-4eaf-b40e-2b52a88f2086" testListId="7cae71c0-e659-43f6-bb35-64382931cc27" />
    <TestEntry testId="01a42854-12ce-42e3-8a3f-3861effb7fa7" executionId="3fc140a8-f688-42ab-8668-3656314ac3f0" testListId="7cae71c0-e659-43f6-bb35-64382931cc27" />
    <TestEntry testId="eb53dae7-8d9d-4db8-a5f1-0be43be6657b" executionId="ca176051-bf47-415d-a0ca-cdfe95b94230" testListId="7cae71c0-e659-43f6-bb35-64382931cc27" />
    <TestEntry testId="982de097-f732-4be0-93bf-cec7973157cc" executionId="e01d1433-7da9-43c4-a438-b3d5cc736761" testListId="7cae71c0-e659-43f6-bb35-64382931cc27" />
    <TestEntry testId="611647e3-717f-440a-b9e1-c4dd6f2d38ae" executionId="ae5ef9db-1944-4697-b772-19b2acf1a7a9" testListId="7cae71c0-e659-43f6-bb35-64382931cc27" />
    <TestEntry testId="7a1a3486-be42-4bf0-b0f9-6ba4bbfe6989" executionId="a92de4e6-4418-43f2-8f8d-9cf3043f3875" testListId="7cae71c0-e659-43f6-bb35-64382931cc27" />
    <TestEntry testId="9a2e6baa-c644-41cc-9982-5f8ec8c776bd" executionId="33da4220-10f4-4ba9-a992-73b64d35220d" testListId="7cae71c0-e659-43f6-bb35-64382931cc27" />
    <TestEntry testId="829209e8-bb3a-48d5-849f-f09840a44aac" executionId="4dabdc19-094b-4000-9e75-e90c8bd78783" testListId="7cae71c0-e659-43f6-bb35-64382931cc27" />
    <TestEntry testId="fe392ee9-ce63-47f3-9aa2-e8946623061f" executionId="9b547a90-4733-4d01-b6ef-a4e7ee9ea9ea" testListId="7cae71c0-e659-43f6-bb35-64382931cc27" />
    <TestEntry testId="5dd9b150-5501-42ba-b404-4cf4c808830f" executionId="1b00be63-89ae-4684-9aa2-9d2e17311e2c" testListId="7cae71c0-e659-43f6-bb35-64382931cc27" />
    <TestEntry testId="769bc33b-91f8-4ced-b1d0-9404815f38be" executionId="1423cae6-b7f0-4ecf-a055-b79924a2f71b" testListId="7cae71c0-e659-43f6-bb35-64382931cc27" />
    <TestEntry testId="d122347f-c658-4704-8eaf-297897eb4a6c" executionId="6fd2daf3-28ea-402b-abce-9e188bda78f5" testListId="7cae71c0-e659-43f6-bb35-64382931cc27" />
    <TestEntry testId="791db7c0-869b-4c7c-b1c0-4d64f4e8f0a0" executionId="bd32b048-6ea8-410d-87b5-292fe8a83b38" testListId="7cae71c0-e659-43f6-bb35-64382931cc27" />
    <TestEntry testId="a2870436-f0e9-42d7-93b2-71f531a191df" executionId="6b115017-82f5-44d8-a6f5-9c4ec93d6ab7" testListId="7cae71c0-e659-43f6-bb35-64382931cc27" />
    <TestEntry testId="e651a91c-71be-4402-a3e6-7150d603a3cd" executionId="913329b3-39c7-46d6-afaf-9d1f480ffe41" testListId="7cae71c0-e659-43f6-bb35-64382931cc27" />
    <TestEntry testId="a451a886-2c40-440f-b5b2-744c459ff201" executionId="48bb05d5-835f-4716-93c2-176058bd4621" testListId="7cae71c0-e659-43f6-bb35-64382931cc27" />
    <TestEntry testId="188741e3-b037-43c4-a3fc-9ee91eda1c05" executionId="7d96dd81-f788-4a50-bfc8-f9c84891d255" testListId="7cae71c0-e659-43f6-bb35-64382931cc27" />
    <TestEntry testId="68bb4cda-0821-429c-9741-5f12414f24a5" executionId="a6d04604-63e4-4a2c-a632-dee90a7766c1" testListId="7cae71c0-e659-43f6-bb35-64382931cc27" />
    <TestEntry testId="bafe7222-6235-4734-9c31-40d7a2371d62" executionId="ce01f205-1900-4c40-b837-abf6989b94cc" testListId="7cae71c0-e659-43f6-bb35-64382931cc27" />
    <TestEntry testId="fd558d2d-5af4-4417-bb7c-d9057c39cb10" executionId="f80c460a-78f3-43d5-9a14-9e2731a939eb" testListId="7cae71c0-e659-43f6-bb35-64382931cc27" />
    <TestEntry testId="9bf0588e-3d8b-4871-a4c7-d2a3b911110d" executionId="1c1e6f5b-b839-4057-96bb-9771cd02fa67" testListId="7cae71c0-e659-43f6-bb35-64382931cc27" />
    <TestEntry testId="56ccd95d-723a-4bdc-82a1-65c4cdf978c0" executionId="b2e4375a-c57b-45d0-9073-d8f255f34c77" testListId="7cae71c0-e659-43f6-bb35-64382931cc27" />
    <TestEntry testId="8cdd0946-03dc-4f0a-9b29-bd0ddeaf1a63" executionId="3fa454d1-658a-456f-87d1-2512f99e0f77" testListId="7cae71c0-e659-43f6-bb35-64382931cc27" />
    <TestEntry testId="9dd1008d-adf2-44da-8436-031ff004641d" executionId="99eeb382-a3df-4987-a450-16d1d21a2978" testListId="7cae71c0-e659-43f6-bb35-64382931cc27" />
    <TestEntry testId="2191358b-02ae-4566-a0a1-efe8a656bc59" executionId="43cab8c0-75da-4c5a-8183-5241b7fe9459" testListId="7cae71c0-e659-43f6-bb35-64382931cc27" />
    <TestEntry testId="e26858c4-e415-43db-9c4c-cf0710368576" executionId="a42c47e8-ce0c-4a5f-a680-ce37d3e838ff" testListId="7cae71c0-e659-43f6-bb35-64382931cc27" />
    <TestEntry testId="a1c53c81-0200-41d7-857e-de1e1de12859" executionId="3f94a722-3ad9-4eea-bc04-8e997299b15f" testListId="7cae71c0-e659-43f6-bb35-64382931cc27" />
    <TestEntry testId="959c1c0e-cf45-4476-a8c7-0d2dcd455d8f" executionId="3d8c98fa-70fe-43e8-9d83-2e9cedfb9759" testListId="7cae71c0-e659-43f6-bb35-64382931cc27" />
    <TestEntry testId="aa0a3cca-971c-46f9-808e-bf789af17ff7" executionId="b30d51fd-8d92-4dea-b814-a89e6ad77750" testListId="7cae71c0-e659-43f6-bb35-64382931cc27" />
    <TestEntry testId="e2fb6175-6952-489b-b5d5-185ef73f4627" executionId="e9ac847e-241a-4312-bfd9-98af85a8066b" testListId="7cae71c0-e659-43f6-bb35-64382931cc27" />
    <TestEntry testId="85388c6b-ef7c-45f4-aefd-58569e4b2b94" executionId="6aafdda6-8f4c-4603-9b47-4177ba2f840e" testListId="7cae71c0-e659-43f6-bb35-64382931cc27" />
    <TestEntry testId="aa2999db-02f9-49e0-b4a3-d6cbb1ec2e8c" executionId="8783735f-e519-4345-ac5a-ccdb867f444f" testListId="7cae71c0-e659-43f6-bb35-64382931cc27" />
    <TestEntry testId="34d78fd0-5047-48e7-9d60-5e2b92a2706f" executionId="af7c23cd-24f9-4b6e-968a-37cb2400e1ee" testListId="7cae71c0-e659-43f6-bb35-64382931cc27" />
    <TestEntry testId="14a2348d-0145-446a-9708-5dc2d6ecf906" executionId="fa895736-7990-4a06-ba54-df620c484bd2" testListId="7cae71c0-e659-43f6-bb35-64382931cc27" />
    <TestEntry testId="a0c5313d-3b49-4066-9693-c7978ecebe14" executionId="349cff7d-3129-4e85-8a49-312d09411ab2" testListId="7cae71c0-e659-43f6-bb35-64382931cc27" />
    <TestEntry testId="30304487-b95f-4920-a6a0-2a76b9f5e271" executionId="20ba17cc-c181-48cc-be74-4e3860ac1c49" testListId="7cae71c0-e659-43f6-bb35-64382931cc27" />
    <TestEntry testId="c97b090f-3c14-4133-a920-69674788ffb5" executionId="5d18140e-ddd7-419b-808f-07b98c7f041c" testListId="7cae71c0-e659-43f6-bb35-64382931cc27" />
    <TestEntry testId="a42e9f3a-2612-4431-b13a-cfe75cc4b443" executionId="ed1365e1-7da7-4fca-8e1d-78512a0d2937" testListId="7cae71c0-e659-43f6-bb35-64382931cc27" />
    <TestEntry testId="f11c53b5-620e-4852-ac4c-7b2337fee7af" executionId="a2e17c1c-b6fc-4766-923f-0f7d3d598a00" testListId="7cae71c0-e659-43f6-bb35-64382931cc27" />
    <TestEntry testId="3d2213a3-473c-40f2-9f82-74448797e5bf" executionId="02289b8e-4800-4816-a6f7-5ce6ac065408" testListId="7cae71c0-e659-43f6-bb35-64382931cc27" />
    <TestEntry testId="ea81289c-f30e-4ffa-a686-39957a0bcacf" executionId="d760ca73-a458-4d1b-b16e-e3cdbc434253" testListId="7cae71c0-e659-43f6-bb35-64382931cc27" />
    <TestEntry testId="0e594d16-ca83-459c-993e-bf40766f6116" executionId="4c8ee710-7a0e-4acc-aae0-c025efcce7ff" testListId="7cae71c0-e659-43f6-bb35-64382931cc27" />
    <TestEntry testId="839b6dd4-40b2-44f5-aa70-b8b5910c610e" executionId="4c248ecd-0b2b-4d9c-a91d-5305d4dd8a89" testListId="7cae71c0-e659-43f6-bb35-64382931cc27" />
    <TestEntry testId="fc8ef378-28eb-4135-9e25-97091fa9479a" executionId="8803389d-8933-4116-a882-3dcecdb135a0" testListId="7cae71c0-e659-43f6-bb35-64382931cc27" />
    <TestEntry testId="c223e318-07fd-4fcd-8026-d1a5a0fc46c1" executionId="5cecc288-011c-449a-823c-14f178b9b2ef" testListId="7cae71c0-e659-43f6-bb35-64382931cc27" />
    <TestEntry testId="8fa92940-3a64-4764-88bb-448901d41fd2" executionId="b78954ff-a73f-4ab9-88ba-ac40002a39f8" testListId="7cae71c0-e659-43f6-bb35-64382931cc27" />
    <TestEntry testId="54ea2272-b2be-4447-b999-fdd712acb2a9" executionId="52c2d621-df93-4ca7-966b-b9b439d1eb4e" testListId="7cae71c0-e659-43f6-bb35-64382931cc27" />
    <TestEntry testId="8adb1099-b35c-4a7c-b603-2f4180423c16" executionId="2fe6cbe9-d84c-428f-8fd7-64ed90026fad" testListId="7cae71c0-e659-43f6-bb35-64382931cc27" />
    <TestEntry testId="2047720e-d1d8-48aa-8702-00cc3214f49f" executionId="0c7e1896-04ed-4322-a7fc-e53b491b7e07" testListId="7cae71c0-e659-43f6-bb35-64382931cc27" />
    <TestEntry testId="b49151ba-53c9-4f23-bdf1-148d5f3096fd" executionId="3849b0e3-04f0-4c5a-ae2d-e3f92528d9b5" testListId="7cae71c0-e659-43f6-bb35-64382931cc27" />
    <TestEntry testId="9472ff77-e21f-4a17-ad4b-7c5faeb5d3e0" executionId="8ab87144-5644-49ab-8f60-c64ed92153bf" testListId="7cae71c0-e659-43f6-bb35-64382931cc27" />
    <TestEntry testId="6bacdcf0-e6b0-439b-8dfd-5a56f6665571" executionId="01e61d95-425c-44fa-b8b7-bcbdef24a995" testListId="7cae71c0-e659-43f6-bb35-64382931cc27" />
    <TestEntry testId="26392d8e-67f1-4458-a344-a5ee0de01256" executionId="184e660d-c55c-4116-b1b0-1ff571091a59" testListId="7cae71c0-e659-43f6-bb35-64382931cc27" />
    <TestEntry testId="6c20b01f-f115-43a1-a015-9e55d824533c" executionId="dcb3522a-d761-40e1-b353-2c3d599e5d0f" testListId="7cae71c0-e659-43f6-bb35-64382931cc27" />
    <TestEntry testId="32e5bc2f-906c-44fc-bfd9-5a9ea0e1b9d9" executionId="a86b34b4-c841-47f5-bb2b-700b345c5fad" testListId="7cae71c0-e659-43f6-bb35-64382931cc27" />
    <TestEntry testId="2c0151a2-1d0f-4236-a424-6145227cc2cc" executionId="42a62f69-970d-4f90-af69-4eff6d44dcb8" testListId="7cae71c0-e659-43f6-bb35-64382931cc27" />
    <TestEntry testId="74925043-81b2-4acf-b740-fd9139e40f50" executionId="761df4c0-7d5f-4df9-8e60-f22b4a3dbcec" testListId="7cae71c0-e659-43f6-bb35-64382931cc27" />
    <TestEntry testId="e8a2006d-4b6b-42a1-ada5-aac54a2396b2" executionId="e539321d-074c-4f04-af63-f517d3d54d35" testListId="7cae71c0-e659-43f6-bb35-64382931cc27" />
    <TestEntry testId="1211b74c-1789-449b-a210-d51957faa986" executionId="b65894ed-8be4-46d3-8c88-d2cd4d33b804" testListId="7cae71c0-e659-43f6-bb35-64382931cc27" />
    <TestEntry testId="a861926f-385f-46d5-af99-d934a6040a70" executionId="74e22041-86e1-4436-a346-ceba5b8486f8" testListId="7cae71c0-e659-43f6-bb35-64382931cc27" />
    <TestEntry testId="cad1876b-04b8-4873-901a-e430e3327503" executionId="c95c20a7-4fa2-4a79-b89b-ed32dd361ef0" testListId="7cae71c0-e659-43f6-bb35-64382931cc27" />
    <TestEntry testId="259cdda5-7440-42f8-a687-8fa6a642cdfd" executionId="98a3efa2-03d3-4de1-b350-fd20b9f15c74" testListId="7cae71c0-e659-43f6-bb35-64382931cc27" />
    <TestEntry testId="711fc24c-4e78-444f-9078-8a617addd00e" executionId="640e6f60-340c-4247-9336-3189588b3c83" testListId="7cae71c0-e659-43f6-bb35-64382931cc27" />
    <TestEntry testId="2d3b57c9-c666-497e-8bab-276a194953af" executionId="b94db8b7-a589-436e-8a93-0ed29ff43daf" testListId="7cae71c0-e659-43f6-bb35-64382931cc27" />
    <TestEntry testId="f1a80c1d-5c42-4c0c-80e1-bea0f99dd65e" executionId="f6822da0-07fa-4e61-a47f-faed61450567" testListId="7cae71c0-e659-43f6-bb35-64382931cc27" />
    <TestEntry testId="0d1f68d2-f033-433d-9a5e-c1c6e0f4dd57" executionId="7bf04fa2-1320-4672-8ca1-00546b944be6" testListId="7cae71c0-e659-43f6-bb35-64382931cc27" />
    <TestEntry testId="02207dba-1158-4c88-8dac-e69665ad5d0d" executionId="27560d08-823a-44ca-8558-8357b7688e22" testListId="7cae71c0-e659-43f6-bb35-64382931cc27" />
    <TestEntry testId="5569362c-0865-448c-9e41-3bb7b282d469" executionId="218f92c1-b96f-43ce-bc37-06bdc783069a" testListId="7cae71c0-e659-43f6-bb35-64382931cc27" />
    <TestEntry testId="c0c7a546-679b-445f-85ae-788ce359320a" executionId="2f3021e5-7932-4666-b90e-033968342e7d" testListId="7cae71c0-e659-43f6-bb35-64382931cc27" />
    <TestEntry testId="78424e30-43a2-4cea-994d-99fbd321eef9" executionId="20288d6f-6281-4cf7-8a66-9290bdd327ee" testListId="7cae71c0-e659-43f6-bb35-64382931cc27" />
    <TestEntry testId="8c94ba42-fe24-4eba-b32f-8dce78466219" executionId="ee410d85-ce68-42f2-8d51-5f85db4b8190" testListId="7cae71c0-e659-43f6-bb35-64382931cc27" />
    <TestEntry testId="0f9a50b1-671d-42e2-8ffa-676f76465e10" executionId="d4383654-1727-4ea4-bd13-8689c93109a8" testListId="7cae71c0-e659-43f6-bb35-64382931cc27" />
    <TestEntry testId="33ffcb9a-c220-4af7-9322-ef2ab6c35d6b" executionId="9ae8d47f-de5e-435e-bbbb-3fbbdc054c6e" testListId="7cae71c0-e659-43f6-bb35-64382931cc27" />
    <TestEntry testId="3b56383c-0169-42f0-803d-429afd27ceed" executionId="fd1a584c-0947-4f3b-8351-6ace39747c84" testListId="7cae71c0-e659-43f6-bb35-64382931cc27" />
    <TestEntry testId="bbb03a19-2a57-47a3-b557-c4958b6b6beb" executionId="c746f639-f59e-47f3-9d6c-61349636e852" testListId="7cae71c0-e659-43f6-bb35-64382931cc27" />
    <TestEntry testId="6039c746-666e-4d5b-9e10-a98004c2876e" executionId="f492065c-8301-4b1d-98da-ac478c6a4812" testListId="7cae71c0-e659-43f6-bb35-64382931cc27" />
    <TestEntry testId="b57b2a02-f9b1-49ba-aa53-def99baf53be" executionId="6c85ed57-d09a-4161-af14-25eb547a127d" testListId="7cae71c0-e659-43f6-bb35-64382931cc27" />
    <TestEntry testId="d1457610-d3f3-42c8-801a-b88811654fca" executionId="ed39c3b9-c0a6-4943-85d5-79153abc3b89" testListId="7cae71c0-e659-43f6-bb35-64382931cc27" />
    <TestEntry testId="8b8bacab-7f2b-46f5-8f2e-9f91907174de" executionId="9f3f3029-e73e-4fd7-8511-75349a8c7a04" testListId="7cae71c0-e659-43f6-bb35-64382931cc27" />
    <TestEntry testId="352af447-4294-42bc-9f1e-75e3d6b8574d" executionId="7ae02e9b-919b-4f4d-8cc0-f357f7ef82ab" testListId="7cae71c0-e659-43f6-bb35-64382931cc27" />
    <TestEntry testId="2ba445bb-ccaf-4cfe-ba5d-fbdfeaf190ad" executionId="ada605d6-36c7-4754-9171-38bd92489d23" testListId="7cae71c0-e659-43f6-bb35-64382931cc27" />
    <TestEntry testId="2719e2af-727b-402e-b21e-79ffc34a00bf" executionId="b0e59100-c050-4ed0-b506-aaea58c176a2" testListId="7cae71c0-e659-43f6-bb35-64382931cc27" />
    <TestEntry testId="7b0e83af-461a-4812-9b37-2e2788fe21b0" executionId="0f3f8254-7774-4f2e-83d4-20177da59f47" testListId="7cae71c0-e659-43f6-bb35-64382931cc27" />
    <TestEntry testId="1e62a73b-4488-4d94-b29e-f43ac76c849f" executionId="411dd08a-0131-4369-b249-c63d615e3e75" testListId="7cae71c0-e659-43f6-bb35-64382931cc27" />
    <TestEntry testId="bbc33aae-3937-4e79-a70a-847b90426471" executionId="e7d97e8f-d08d-4c95-b7fb-1fa7be696c4a" testListId="7cae71c0-e659-43f6-bb35-64382931cc27" />
    <TestEntry testId="5a728b2f-6b7d-4c44-9801-ab02f250525f" executionId="bbee9b4b-085e-4196-9074-0fd80bbb9ea6" testListId="7cae71c0-e659-43f6-bb35-64382931cc27" />
  </TestEntries>
  <TestLists>
    <TestList name="Results Not in a List" id="7cae71c0-e659-43f6-bb35-64382931cc27" />
    <TestList name="All Loaded Results" id="d5ba6ad7-7c89-45f2-908f-ba3b64f00b93" />
  </TestLists>
</TestRun>