<?xml version="1.0" encoding="UTF-8"?>
<TestRun id="9e824868-ab39-43e6-95c6-ceab49ba7353" name="Test Run 8" runUser="Oles Galatsan" xmlns="http://microsoft.com/schemas/VisualStudio/TeamTest/2010">
  <Times creation="2025-05-14T13:20:31.3125482Z" queuing="2025-05-14T13:20:31.3125482Z" start="2025-05-14T13:20:31.3146610Z" finish="2025-05-14T13:25:31.3147553Z" />
  <TestSettings name="Test Settings 8" id="bcef9551-12e3-48f1-a9b6-39a19a7980f2" />
  <Results>
    <UnitTestResult executionId="afb6de45-7c80-4b3e-901f-d3d14bd28d02" testId="130d631f-be1b-46ff-831b-abb8d59a46d9" testName="Test701" computerName="UA-LPT-OGA2" duration="00:00:01.1990000" startTime="2025-05-14T13:20:31.3146610Z" endTime="2025-05-14T13:25:31.3147553Z" testType="13cdc9d9-ddb5-4fa4-a97d-d965ccfc6d4b" outcome="Passed" testListId="ab2da0cc-58bc-4c38-8283-ab150bfd3e3e" />
    <UnitTestResult executionId="bceacfb6-119e-49a1-8dd1-ac780a626abf" testId="d4a79f31-548a-4c9d-a8b9-708a23d6828f" testName="Test702" computerName="UA-LPT-OGA2" duration="00:00:00.4880000" startTime="2025-05-14T13:20:31.3146610Z" endTime="2025-05-14T13:25:31.3147553Z" testType="13cdc9d9-ddb5-4fa4-a97d-d965ccfc6d4b" outcome="Passed" testListId="ab2da0cc-58bc-4c38-8283-ab150bfd3e3e" />
    <UnitTestResult executionId="7e9752ec-7aaa-414d-8cb0-dff6a803345f" testId="4020975c-ef4a-464d-b16d-7abfc0297950" testName="Test703" computerName="UA-LPT-OGA2" duration="00:00:00.1270000" startTime="2025-05-14T13:20:31.3146610Z" endTime="2025-05-14T13:25:31.3147553Z" testType="13cdc9d9-ddb5-4fa4-a97d-d965ccfc6d4b" outcome="Passed" testListId="ab2da0cc-58bc-4c38-8283-ab150bfd3e3e" />
    <UnitTestResult executionId="1e2eb2ce-8834-49e6-9b09-41eaf9db1ba8" testId="c31b6e17-ede9-4c78-9279-4579527ac1c0" testName="Test704" computerName="UA-LPT-OGA2" duration="00:00:01.3930000" startTime="2025-05-14T13:20:31.3146610Z" endTime="2025-05-14T13:25:31.3147553Z" testType="13cdc9d9-ddb5-4fa4-a97d-d965ccfc6d4b" outcome="Failed" testListId="ab2da0cc-58bc-4c38-8283-ab150bfd3e3e">
      <Output>
        <ErrorInfo>
          <Message>Assertion failed: Expected value did not match actual value.</Message>
          <StackTrace>   at TestNamespace.TestClass.Test() in TestClass.cs:line 39</StackTrace>
        </ErrorInfo>
      </Output>
    </UnitTestResult>
    <UnitTestResult executionId="a92dd96d-c114-48b0-afa6-f8e9e8668a35" testId="9a99a871-8398-4734-9c0e-abaa540fb68b" testName="Test705" computerName="UA-LPT-OGA2" duration="00:00:00.5710000" startTime="2025-05-14T13:20:31.3146610Z" endTime="2025-05-14T13:25:31.3147553Z" testType="13cdc9d9-ddb5-4fa4-a97d-d965ccfc6d4b" outcome="Passed" testListId="ab2da0cc-58bc-4c38-8283-ab150bfd3e3e" />
    <UnitTestResult executionId="62fdaf0b-e5ac-4cd4-a771-d4251bbed410" testId="71b40aa6-30ae-4f4d-b1e3-a75b2233eb26" testName="Test706" computerName="UA-LPT-OGA2" duration="00:00:00.2530000" startTime="2025-05-14T13:20:31.3146610Z" endTime="2025-05-14T13:25:31.3147553Z" testType="13cdc9d9-ddb5-4fa4-a97d-d965ccfc6d4b" outcome="Passed" testListId="ab2da0cc-58bc-4c38-8283-ab150bfd3e3e" />
    <UnitTestResult executionId="4fac871a-f0e9-4e3c-819f-f14e146d3a12" testId="68f32626-6eec-40fa-9fae-38d137921357" testName="Test707" computerName="UA-LPT-OGA2" duration="00:00:01.6570000" startTime="2025-05-14T13:20:31.3146610Z" endTime="2025-05-14T13:25:31.3147553Z" testType="13cdc9d9-ddb5-4fa4-a97d-d965ccfc6d4b" outcome="Passed" testListId="ab2da0cc-58bc-4c38-8283-ab150bfd3e3e" />
    <UnitTestResult executionId="ea9d9c33-905a-4eed-babf-2603dc7f60e5" testId="ce0d244a-d4cc-4bd6-af00-be75ac8ad50b" testName="Test708" computerName="UA-LPT-OGA2" duration="00:00:01.5220000" startTime="2025-05-14T13:20:31.3146610Z" endTime="2025-05-14T13:25:31.3147553Z" testType="13cdc9d9-ddb5-4fa4-a97d-d965ccfc6d4b" outcome="Passed" testListId="ab2da0cc-58bc-4c38-8283-ab150bfd3e3e" />
    <UnitTestResult executionId="336928a4-ec18-4fce-977a-cc1d0515dbb0" testId="d44ab9a6-e89b-4164-80d3-de018a43eb10" testName="Test709" computerName="UA-LPT-OGA2" duration="00:00:00.1950000" startTime="2025-05-14T13:20:31.3146610Z" endTime="2025-05-14T13:25:31.3147553Z" testType="13cdc9d9-ddb5-4fa4-a97d-d965ccfc6d4b" outcome="Passed" testListId="ab2da0cc-58bc-4c38-8283-ab150bfd3e3e" />
    <UnitTestResult executionId="c07df537-bab8-4d38-b0c0-e518bf313706" testId="9e4caf91-5274-4965-8396-6ed9a97504e2" testName="Test710" computerName="UA-LPT-OGA2" duration="00:00:01.0370000" startTime="2025-05-14T13:20:31.3146610Z" endTime="2025-05-14T13:25:31.3147553Z" testType="13cdc9d9-ddb5-4fa4-a97d-d965ccfc6d4b" outcome="Failed" testListId="ab2da0cc-58bc-4c38-8283-ab150bfd3e3e">
      <Output>
        <ErrorInfo>
          <Message>Assertion failed: Expected value did not match actual value.</Message>
          <StackTrace>   at TestNamespace.TestClass.Test() in TestClass.cs:line 51</StackTrace>
        </ErrorInfo>
      </Output>
    </UnitTestResult>
    <UnitTestResult executionId="34ae2366-29c6-42e7-bd3e-2edd743dfa98" testId="d0f91b50-3af8-4e14-b909-6997c9b8c328" testName="Test711" computerName="UA-LPT-OGA2" duration="00:00:00.5660000" startTime="2025-05-14T13:20:31.3146610Z" endTime="2025-05-14T13:25:31.3147553Z" testType="13cdc9d9-ddb5-4fa4-a97d-d965ccfc6d4b" outcome="Passed" testListId="ab2da0cc-58bc-4c38-8283-ab150bfd3e3e" />
    <UnitTestResult executionId="2a4b084c-4482-497a-b921-4559252f0777" testId="d17d88a1-802b-472a-98b1-00fa5ba158dc" testName="Test712" computerName="UA-LPT-OGA2" duration="00:00:01.1960000" startTime="2025-05-14T13:20:31.3146610Z" endTime="2025-05-14T13:25:31.3147553Z" testType="13cdc9d9-ddb5-4fa4-a97d-d965ccfc6d4b" outcome="Passed" testListId="ab2da0cc-58bc-4c38-8283-ab150bfd3e3e" />
    <UnitTestResult executionId="bb69b4ad-19ca-4a98-9817-7101c8aad981" testId="f0981f13-5230-445c-9629-e78e026ceffe" testName="Test713" computerName="UA-LPT-OGA2" duration="00:00:00.2250000" startTime="2025-05-14T13:20:31.3146610Z" endTime="2025-05-14T13:25:31.3147553Z" testType="13cdc9d9-ddb5-4fa4-a97d-d965ccfc6d4b" outcome="Passed" testListId="ab2da0cc-58bc-4c38-8283-ab150bfd3e3e" />
    <UnitTestResult executionId="e4f8def8-965e-4790-b3c2-760627789756" testId="342866f0-8e31-4ae5-8103-fb8b82bf4c2c" testName="Test714" computerName="UA-LPT-OGA2" duration="00:00:01.7280000" startTime="2025-05-14T13:20:31.3146610Z" endTime="2025-05-14T13:25:31.3147553Z" testType="13cdc9d9-ddb5-4fa4-a97d-d965ccfc6d4b" outcome="Passed" testListId="ab2da0cc-58bc-4c38-8283-ab150bfd3e3e" />
    <UnitTestResult executionId="f2f8a5fd-8274-48cf-b686-75ee450a7f24" testId="2593d7fa-e46a-49d4-8cb9-5ef3a3035ec9" testName="Test715" computerName="UA-LPT-OGA2" duration="00:00:00.2590000" startTime="2025-05-14T13:20:31.3146610Z" endTime="2025-05-14T13:25:31.3147553Z" testType="13cdc9d9-ddb5-4fa4-a97d-d965ccfc6d4b" outcome="Passed" testListId="ab2da0cc-58bc-4c38-8283-ab150bfd3e3e" />
    <UnitTestResult executionId="a5b63564-eb83-4c0e-85f6-1a3ef979cb42" testId="b9846bf0-850f-4d57-9d99-f10f863721c2" testName="Test716" computerName="UA-LPT-OGA2" duration="00:00:00.7800000" startTime="2025-05-14T13:20:31.3146610Z" endTime="2025-05-14T13:25:31.3147553Z" testType="13cdc9d9-ddb5-4fa4-a97d-d965ccfc6d4b" outcome="Passed" testListId="ab2da0cc-58bc-4c38-8283-ab150bfd3e3e" />
    <UnitTestResult executionId="a51f4a48-0048-489a-ab6a-efb32314181a" testId="7d81d5c8-9c51-485e-8cf3-bfc87c79078c" testName="Test717" computerName="UA-LPT-OGA2" duration="00:00:01.2710000" startTime="2025-05-14T13:20:31.3146610Z" endTime="2025-05-14T13:25:31.3147553Z" testType="13cdc9d9-ddb5-4fa4-a97d-d965ccfc6d4b" outcome="Passed" testListId="ab2da0cc-58bc-4c38-8283-ab150bfd3e3e" />
    <UnitTestResult executionId="f8bac3b9-c302-48ad-8a1d-e5ac2be7b9a9" testId="2b507b32-be8d-4318-b2d9-84efeeadb6ae" testName="Test718" computerName="UA-LPT-OGA2" duration="00:00:01.8540000" startTime="2025-05-14T13:20:31.3146610Z" endTime="2025-05-14T13:25:31.3147553Z" testType="13cdc9d9-ddb5-4fa4-a97d-d965ccfc6d4b" outcome="Passed" testListId="ab2da0cc-58bc-4c38-8283-ab150bfd3e3e" />
    <UnitTestResult executionId="6d291b54-343f-44ec-8e60-dbefe77a4c97" testId="41f59a1d-60df-4c64-9346-97b5987efe0b" testName="Test719" computerName="UA-LPT-OGA2" duration="00:00:00.2510000" startTime="2025-05-14T13:20:31.3146610Z" endTime="2025-05-14T13:25:31.3147553Z" testType="13cdc9d9-ddb5-4fa4-a97d-d965ccfc6d4b" outcome="Passed" testListId="ab2da0cc-58bc-4c38-8283-ab150bfd3e3e" />
    <UnitTestResult executionId="3a568c15-9f6e-4936-acbc-064eff66e985" testId="2a881302-b820-4f31-a98c-2ec0009ed5f1" testName="Test720" computerName="UA-LPT-OGA2" duration="00:00:01.9300000" startTime="2025-05-14T13:20:31.3146610Z" endTime="2025-05-14T13:25:31.3147553Z" testType="13cdc9d9-ddb5-4fa4-a97d-d965ccfc6d4b" outcome="Passed" testListId="ab2da0cc-58bc-4c38-8283-ab150bfd3e3e" />
    <UnitTestResult executionId="3a1c9b1b-2a89-46ac-a12c-8cb7ab299047" testId="1812f608-063f-4824-bffd-8de26275c49d" testName="Test721" computerName="UA-LPT-OGA2" duration="00:00:00.1250000" startTime="2025-05-14T13:20:31.3146610Z" endTime="2025-05-14T13:25:31.3147553Z" testType="13cdc9d9-ddb5-4fa4-a97d-d965ccfc6d4b" outcome="Passed" testListId="ab2da0cc-58bc-4c38-8283-ab150bfd3e3e" />
    <UnitTestResult executionId="98a9ceef-29ac-4bf0-a3ea-a1fc25088a01" testId="e287d1fb-bf5e-4281-aff6-0a260c4c5717" testName="Test722" computerName="UA-LPT-OGA2" duration="00:00:01.8110000" startTime="2025-05-14T13:20:31.3146610Z" endTime="2025-05-14T13:25:31.3147553Z" testType="13cdc9d9-ddb5-4fa4-a97d-d965ccfc6d4b" outcome="Passed" testListId="ab2da0cc-58bc-4c38-8283-ab150bfd3e3e" />
    <UnitTestResult executionId="c132b051-274d-4f2c-9944-e006ee61855d" testId="2a91f46b-8daf-4322-8dd0-c342ef5d7178" testName="Test723" computerName="UA-LPT-OGA2" duration="00:00:01.2490000" startTime="2025-05-14T13:20:31.3146610Z" endTime="2025-05-14T13:25:31.3147553Z" testType="13cdc9d9-ddb5-4fa4-a97d-d965ccfc6d4b" outcome="Passed" testListId="ab2da0cc-58bc-4c38-8283-ab150bfd3e3e" />
    <UnitTestResult executionId="34d615a9-84d6-4b12-a1e9-c259814b53e6" testId="d835cc87-f9b2-4b8d-b0db-fff49f7a23c8" testName="Test724" computerName="UA-LPT-OGA2" duration="00:00:01.2690000" startTime="2025-05-14T13:20:31.3146610Z" endTime="2025-05-14T13:25:31.3147553Z" testType="13cdc9d9-ddb5-4fa4-a97d-d965ccfc6d4b" outcome="Passed" testListId="ab2da0cc-58bc-4c38-8283-ab150bfd3e3e" />
    <UnitTestResult executionId="453c5077-09ab-462c-bcf2-ec94914ee317" testId="b4e14823-5a21-477e-aa8a-8a0cb9a4a516" testName="Test725" computerName="UA-LPT-OGA2" duration="00:00:01.5900000" startTime="2025-05-14T13:20:31.3146610Z" endTime="2025-05-14T13:25:31.3147553Z" testType="13cdc9d9-ddb5-4fa4-a97d-d965ccfc6d4b" outcome="Passed" testListId="ab2da0cc-58bc-4c38-8283-ab150bfd3e3e" />
    <UnitTestResult executionId="f124b4f2-d087-4d13-a742-508e0acb23ff" testId="38867602-88a8-45bb-abf4-bce8847482aa" testName="Test726" computerName="UA-LPT-OGA2" duration="00:00:01.7370000" startTime="2025-05-14T13:20:31.3146610Z" endTime="2025-05-14T13:25:31.3147553Z" testType="13cdc9d9-ddb5-4fa4-a97d-d965ccfc6d4b" outcome="Passed" testListId="ab2da0cc-58bc-4c38-8283-ab150bfd3e3e" />
    <UnitTestResult executionId="41d046d4-1266-4952-927d-10572e95221f" testId="aa101925-5c49-4e36-b3e6-9e161f41b134" testName="Test727" computerName="UA-LPT-OGA2" duration="00:00:00.4070000" startTime="2025-05-14T13:20:31.3146610Z" endTime="2025-05-14T13:25:31.3147553Z" testType="13cdc9d9-ddb5-4fa4-a97d-d965ccfc6d4b" outcome="Passed" testListId="ab2da0cc-58bc-4c38-8283-ab150bfd3e3e" />
    <UnitTestResult executionId="61fce7fc-bc0c-4910-8fa7-ec2259bfc6ed" testId="7f79d700-fad3-436b-8c5f-b0ed3f6e76a2" testName="Test728" computerName="UA-LPT-OGA2" duration="00:00:01.4760000" startTime="2025-05-14T13:20:31.3146610Z" endTime="2025-05-14T13:25:31.3147553Z" testType="13cdc9d9-ddb5-4fa4-a97d-d965ccfc6d4b" outcome="Passed" testListId="ab2da0cc-58bc-4c38-8283-ab150bfd3e3e" />
    <UnitTestResult executionId="861995f4-05d0-4aae-8bd5-2511b85358f1" testId="c040b7b6-6934-4708-93cf-bffb677e30be" testName="Test729" computerName="UA-LPT-OGA2" duration="00:00:01.6060000" startTime="2025-05-14T13:20:31.3146610Z" endTime="2025-05-14T13:25:31.3147553Z" testType="13cdc9d9-ddb5-4fa4-a97d-d965ccfc6d4b" outcome="Passed" testListId="ab2da0cc-58bc-4c38-8283-ab150bfd3e3e" />
    <UnitTestResult executionId="19a37070-e9da-4a9a-a516-b6c4441867e5" testId="4f43ec4f-d9e1-4875-bd8e-7528e5d01a96" testName="Test730" computerName="UA-LPT-OGA2" duration="00:00:01.1450000" startTime="2025-05-14T13:20:31.3146610Z" endTime="2025-05-14T13:25:31.3147553Z" testType="13cdc9d9-ddb5-4fa4-a97d-d965ccfc6d4b" outcome="Failed" testListId="ab2da0cc-58bc-4c38-8283-ab150bfd3e3e">
      <Output>
        <ErrorInfo>
          <Message>Assertion failed: Expected value did not match actual value.</Message>
          <StackTrace>   at TestNamespace.TestClass.Test() in TestClass.cs:line 15</StackTrace>
        </ErrorInfo>
      </Output>
    </UnitTestResult>
    <UnitTestResult executionId="05b818e7-04ce-4599-89c1-df8086262484" testId="85d87d7c-8442-4db9-8e5a-a7145dd2f7b9" testName="Test731" computerName="UA-LPT-OGA2" duration="00:00:00.4590000" startTime="2025-05-14T13:20:31.3146610Z" endTime="2025-05-14T13:25:31.3147553Z" testType="13cdc9d9-ddb5-4fa4-a97d-d965ccfc6d4b" outcome="Failed" testListId="ab2da0cc-58bc-4c38-8283-ab150bfd3e3e">
      <Output>
        <ErrorInfo>
          <Message>Assertion failed: Expected value did not match actual value.</Message>
          <StackTrace>   at TestNamespace.TestClass.Test() in TestClass.cs:line 169</StackTrace>
        </ErrorInfo>
      </Output>
    </UnitTestResult>
    <UnitTestResult executionId="72131915-6b1e-43b7-a2b3-301c49293641" testId="952d5a02-eb4a-4673-9e5d-9944a31aaa51" testName="Test732" computerName="UA-LPT-OGA2" duration="00:00:00.6740000" startTime="2025-05-14T13:20:31.3146610Z" endTime="2025-05-14T13:25:31.3147553Z" testType="13cdc9d9-ddb5-4fa4-a97d-d965ccfc6d4b" outcome="Passed" testListId="ab2da0cc-58bc-4c38-8283-ab150bfd3e3e" />
    <UnitTestResult executionId="f9bd54a0-d64c-48c3-93b6-2b3c614c3603" testId="3283b6e8-a5ae-434a-b5c7-3447992e0640" testName="Test733" computerName="UA-LPT-OGA2" duration="00:00:01.0640000" startTime="2025-05-14T13:20:31.3146610Z" endTime="2025-05-14T13:25:31.3147553Z" testType="13cdc9d9-ddb5-4fa4-a97d-d965ccfc6d4b" outcome="Passed" testListId="ab2da0cc-58bc-4c38-8283-ab150bfd3e3e" />
    <UnitTestResult executionId="598e035a-534c-49c5-ae66-11fa40c1983c" testId="9d4f799e-e6e2-4b0f-94e0-f0709d5c8c69" testName="Test734" computerName="UA-LPT-OGA2" duration="00:00:01.2410000" startTime="2025-05-14T13:20:31.3146610Z" endTime="2025-05-14T13:25:31.3147553Z" testType="13cdc9d9-ddb5-4fa4-a97d-d965ccfc6d4b" outcome="Passed" testListId="ab2da0cc-58bc-4c38-8283-ab150bfd3e3e" />
    <UnitTestResult executionId="7f766a8b-03a8-484a-8eae-e9a370eb7e03" testId="be8887a6-40b5-44dd-92d4-d5e95f786bce" testName="Test735" computerName="UA-LPT-OGA2" duration="00:00:00.0830000" startTime="2025-05-14T13:20:31.3146610Z" endTime="2025-05-14T13:25:31.3147553Z" testType="13cdc9d9-ddb5-4fa4-a97d-d965ccfc6d4b" outcome="Passed" testListId="ab2da0cc-58bc-4c38-8283-ab150bfd3e3e" />
    <UnitTestResult executionId="a38fb0be-599b-42ae-bc55-c3f6f591bed5" testId="dade012b-c5d0-449f-a61f-b2351fb269ce" testName="Test736" computerName="UA-LPT-OGA2" duration="00:00:00.6080000" startTime="2025-05-14T13:20:31.3146610Z" endTime="2025-05-14T13:25:31.3147553Z" testType="13cdc9d9-ddb5-4fa4-a97d-d965ccfc6d4b" outcome="Passed" testListId="ab2da0cc-58bc-4c38-8283-ab150bfd3e3e" />
    <UnitTestResult executionId="f8bfaa12-04e0-4af9-90bd-af0f00f5f615" testId="6bc7f509-08b8-468a-94aa-29547f1aa8b1" testName="Test737" computerName="UA-LPT-OGA2" duration="00:00:00.4460000" startTime="2025-05-14T13:20:31.3146610Z" endTime="2025-05-14T13:25:31.3147553Z" testType="13cdc9d9-ddb5-4fa4-a97d-d965ccfc6d4b" outcome="Passed" testListId="ab2da0cc-58bc-4c38-8283-ab150bfd3e3e" />
    <UnitTestResult executionId="76324717-285e-41c4-b4de-42c69dbcbbc1" testId="7bcff541-ae94-4fc3-a0dc-fafb9b33b23c" testName="Test738" computerName="UA-LPT-OGA2" duration="00:00:00.5940000" startTime="2025-05-14T13:20:31.3146610Z" endTime="2025-05-14T13:25:31.3147553Z" testType="13cdc9d9-ddb5-4fa4-a97d-d965ccfc6d4b" outcome="Passed" testListId="ab2da0cc-58bc-4c38-8283-ab150bfd3e3e" />
    <UnitTestResult executionId="6febda6a-64df-471f-8ac8-02b8a0c42a9f" testId="f3d0482e-50a5-498c-871c-11e522e7d650" testName="Test739" computerName="UA-LPT-OGA2" duration="00:00:01.5440000" startTime="2025-05-14T13:20:31.3146610Z" endTime="2025-05-14T13:25:31.3147553Z" testType="13cdc9d9-ddb5-4fa4-a97d-d965ccfc6d4b" outcome="Passed" testListId="ab2da0cc-58bc-4c38-8283-ab150bfd3e3e" />
    <UnitTestResult executionId="0082f3a0-88fe-4a91-8384-ca01737b36f0" testId="85824f4f-5e7a-44a8-b1ed-3fe7d0953c88" testName="Test740" computerName="UA-LPT-OGA2" duration="00:00:00.7380000" startTime="2025-05-14T13:20:31.3146610Z" endTime="2025-05-14T13:25:31.3147553Z" testType="13cdc9d9-ddb5-4fa4-a97d-d965ccfc6d4b" outcome="Passed" testListId="ab2da0cc-58bc-4c38-8283-ab150bfd3e3e" />
    <UnitTestResult executionId="62fbf4ef-b222-4d50-af10-3464d306496a" testId="2d838136-4ced-4c15-b9d6-068d95303486" testName="Test741" computerName="UA-LPT-OGA2" duration="00:00:01.1030000" startTime="2025-05-14T13:20:31.3146610Z" endTime="2025-05-14T13:25:31.3147553Z" testType="13cdc9d9-ddb5-4fa4-a97d-d965ccfc6d4b" outcome="Passed" testListId="ab2da0cc-58bc-4c38-8283-ab150bfd3e3e" />
    <UnitTestResult executionId="ba44de1c-d77c-4f77-b4d0-5a95051a5541" testId="ff87d36a-6a78-43af-8075-674078edeadd" testName="Test742" computerName="UA-LPT-OGA2" duration="00:00:01.0320000" startTime="2025-05-14T13:20:31.3146610Z" endTime="2025-05-14T13:25:31.3147553Z" testType="13cdc9d9-ddb5-4fa4-a97d-d965ccfc6d4b" outcome="Passed" testListId="ab2da0cc-58bc-4c38-8283-ab150bfd3e3e" />
    <UnitTestResult executionId="1c4ee949-4ddd-40ed-988d-87143178552c" testId="70313f7e-e448-410a-b9da-90ca0e075902" testName="Test743" computerName="UA-LPT-OGA2" duration="00:00:00.0940000" startTime="2025-05-14T13:20:31.3146610Z" endTime="2025-05-14T13:25:31.3147553Z" testType="13cdc9d9-ddb5-4fa4-a97d-d965ccfc6d4b" outcome="Failed" testListId="ab2da0cc-58bc-4c38-8283-ab150bfd3e3e">
      <Output>
        <ErrorInfo>
          <Message>Assertion failed: Expected value did not match actual value.</Message>
          <StackTrace>   at TestNamespace.TestClass.Test() in TestClass.cs:line 201</StackTrace>
        </ErrorInfo>
      </Output>
    </UnitTestResult>
    <UnitTestResult executionId="06ebc1f1-107e-4f7d-a973-5afb76296679" testId="58c5d001-4e3c-4c2b-8c01-80a2e9c18a8f" testName="Test744" computerName="UA-LPT-OGA2" duration="00:00:00.6660000" startTime="2025-05-14T13:20:31.3146610Z" endTime="2025-05-14T13:25:31.3147553Z" testType="13cdc9d9-ddb5-4fa4-a97d-d965ccfc6d4b" outcome="Passed" testListId="ab2da0cc-58bc-4c38-8283-ab150bfd3e3e" />
    <UnitTestResult executionId="57a79953-ef7f-42c2-8a79-b9b8c9cfebe6" testId="cb4d9a6f-df5e-4d19-b247-3bf8388cfd9d" testName="Test745" computerName="UA-LPT-OGA2" duration="00:00:01.2540000" startTime="2025-05-14T13:20:31.3146610Z" endTime="2025-05-14T13:25:31.3147553Z" testType="13cdc9d9-ddb5-4fa4-a97d-d965ccfc6d4b" outcome="Passed" testListId="ab2da0cc-58bc-4c38-8283-ab150bfd3e3e" />
    <UnitTestResult executionId="c5f5e399-b8ee-4357-bde1-5402d49c6928" testId="51387520-d525-4dfc-bd9c-652ac8bf9488" testName="Test746" computerName="UA-LPT-OGA2" duration="00:00:00.7830000" startTime="2025-05-14T13:20:31.3146610Z" endTime="2025-05-14T13:25:31.3147553Z" testType="13cdc9d9-ddb5-4fa4-a97d-d965ccfc6d4b" outcome="Passed" testListId="ab2da0cc-58bc-4c38-8283-ab150bfd3e3e" />
    <UnitTestResult executionId="6a8c2b3c-cc48-4288-b166-51bd6f0a85f1" testId="98545a50-29ea-4b41-8eca-caf57023fee8" testName="Test747" computerName="UA-LPT-OGA2" duration="00:00:01.3210000" startTime="2025-05-14T13:20:31.3146610Z" endTime="2025-05-14T13:25:31.3147553Z" testType="13cdc9d9-ddb5-4fa4-a97d-d965ccfc6d4b" outcome="Passed" testListId="ab2da0cc-58bc-4c38-8283-ab150bfd3e3e" />
    <UnitTestResult executionId="d68e1b03-faff-4f4e-b9f1-cead21792252" testId="0fba239b-f584-4335-8453-d45791043748" testName="Test748" computerName="UA-LPT-OGA2" duration="00:00:01.7950000" startTime="2025-05-14T13:20:31.3146610Z" endTime="2025-05-14T13:25:31.3147553Z" testType="13cdc9d9-ddb5-4fa4-a97d-d965ccfc6d4b" outcome="Passed" testListId="ab2da0cc-58bc-4c38-8283-ab150bfd3e3e" />
    <UnitTestResult executionId="cb8ba656-4efa-4e9b-99de-36494e3f6732" testId="524caa47-cfb7-4ed6-8470-125f26707bfd" testName="Test749" computerName="UA-LPT-OGA2" duration="00:00:01.5450000" startTime="2025-05-14T13:20:31.3146610Z" endTime="2025-05-14T13:25:31.3147553Z" testType="13cdc9d9-ddb5-4fa4-a97d-d965ccfc6d4b" outcome="Passed" testListId="ab2da0cc-58bc-4c38-8283-ab150bfd3e3e" />
    <UnitTestResult executionId="ae2317a8-d63e-4e9e-9e79-c5ccfc9e77d9" testId="0a75c735-9b56-49b5-8ec0-952e74769091" testName="Test750" computerName="UA-LPT-OGA2" duration="00:00:01.2920000" startTime="2025-05-14T13:20:31.3146610Z" endTime="2025-05-14T13:25:31.3147553Z" testType="13cdc9d9-ddb5-4fa4-a97d-d965ccfc6d4b" outcome="Passed" testListId="ab2da0cc-58bc-4c38-8283-ab150bfd3e3e" />
    <UnitTestResult executionId="8a2d82ce-2a18-4a5f-9912-a562028fc504" testId="69f0de9f-879e-4a27-adcf-b70642e2c140" testName="Test751" computerName="UA-LPT-OGA2" duration="00:00:01.5860000" startTime="2025-05-14T13:20:31.3146610Z" endTime="2025-05-14T13:25:31.3147553Z" testType="13cdc9d9-ddb5-4fa4-a97d-d965ccfc6d4b" outcome="Passed" testListId="ab2da0cc-58bc-4c38-8283-ab150bfd3e3e" />
    <UnitTestResult executionId="d4419824-b769-4795-9ac7-3a0a8e1d358a" testId="cf9bccb3-4395-4eb6-bcd9-acaa1af7d4f7" testName="Test752" computerName="UA-LPT-OGA2" duration="00:00:01.8180000" startTime="2025-05-14T13:20:31.3146610Z" endTime="2025-05-14T13:25:31.3147553Z" testType="13cdc9d9-ddb5-4fa4-a97d-d965ccfc6d4b" outcome="Passed" testListId="ab2da0cc-58bc-4c38-8283-ab150bfd3e3e" />
    <UnitTestResult executionId="65484f17-68e8-40be-9a0d-a4aaba7de779" testId="6bc8ffa0-5cfa-4439-b8b5-24a23f516d07" testName="Test753" computerName="UA-LPT-OGA2" duration="00:00:01.0380000" startTime="2025-05-14T13:20:31.3146610Z" endTime="2025-05-14T13:25:31.3147553Z" testType="13cdc9d9-ddb5-4fa4-a97d-d965ccfc6d4b" outcome="Passed" testListId="ab2da0cc-58bc-4c38-8283-ab150bfd3e3e" />
    <UnitTestResult executionId="c8639b22-f58d-459d-9b98-f539c47abd1a" testId="571f41cf-23cc-4418-9b73-86fd2944b00a" testName="Test754" computerName="UA-LPT-OGA2" duration="00:00:01.9190000" startTime="2025-05-14T13:20:31.3146610Z" endTime="2025-05-14T13:25:31.3147553Z" testType="13cdc9d9-ddb5-4fa4-a97d-d965ccfc6d4b" outcome="Passed" testListId="ab2da0cc-58bc-4c38-8283-ab150bfd3e3e" />
    <UnitTestResult executionId="fc9910b0-fdf2-4cf3-acf3-7a1d4b947b1f" testId="76f66a08-3064-4bb7-9e3a-5fe1e1f58b7c" testName="Test755" computerName="UA-LPT-OGA2" duration="00:00:00.8900000" startTime="2025-05-14T13:20:31.3146610Z" endTime="2025-05-14T13:25:31.3147553Z" testType="13cdc9d9-ddb5-4fa4-a97d-d965ccfc6d4b" outcome="Passed" testListId="ab2da0cc-58bc-4c38-8283-ab150bfd3e3e" />
    <UnitTestResult executionId="7c8d297d-2d39-4656-b689-29941fd93d77" testId="d5762947-27bb-4fc7-b76b-abcd9e9763cb" testName="Test756" computerName="UA-LPT-OGA2" duration="00:00:01.5530000" startTime="2025-05-14T13:20:31.3146610Z" endTime="2025-05-14T13:25:31.3147553Z" testType="13cdc9d9-ddb5-4fa4-a97d-d965ccfc6d4b" outcome="Passed" testListId="ab2da0cc-58bc-4c38-8283-ab150bfd3e3e" />
    <UnitTestResult executionId="cc667d09-d959-42c2-9a0a-bf611d6b9f6e" testId="5ae3ee3b-3979-4d3e-acfb-a6c69f9ca387" testName="Test757" computerName="UA-LPT-OGA2" duration="00:00:01.8480000" startTime="2025-05-14T13:20:31.3146610Z" endTime="2025-05-14T13:25:31.3147553Z" testType="13cdc9d9-ddb5-4fa4-a97d-d965ccfc6d4b" outcome="Inconclusive" testListId="ab2da0cc-58bc-4c38-8283-ab150bfd3e3e" />
    <UnitTestResult executionId="cc806239-0044-41bc-b349-57c2708865b2" testId="80f8a064-5713-49de-9722-ef2c1fe066ff" testName="Test758" computerName="UA-LPT-OGA2" duration="00:00:01.1670000" startTime="2025-05-14T13:20:31.3146610Z" endTime="2025-05-14T13:25:31.3147553Z" testType="13cdc9d9-ddb5-4fa4-a97d-d965ccfc6d4b" outcome="Passed" testListId="ab2da0cc-58bc-4c38-8283-ab150bfd3e3e" />
    <UnitTestResult executionId="934a834e-a8a7-4bda-a06b-d6fd190c745a" testId="119ead85-426b-4c8e-a4f6-74d26091c091" testName="Test759" computerName="UA-LPT-OGA2" duration="00:00:00.5800000" startTime="2025-05-14T13:20:31.3146610Z" endTime="2025-05-14T13:25:31.3147553Z" testType="13cdc9d9-ddb5-4fa4-a97d-d965ccfc6d4b" outcome="Passed" testListId="ab2da0cc-58bc-4c38-8283-ab150bfd3e3e" />
    <UnitTestResult executionId="f4b44219-d71e-4b30-90d4-dc8eee5904ed" testId="5ef1c050-4ea9-49d6-be8a-c426eb473b0a" testName="Test760" computerName="UA-LPT-OGA2" duration="00:00:00.1200000" startTime="2025-05-14T13:20:31.3146610Z" endTime="2025-05-14T13:25:31.3147553Z" testType="13cdc9d9-ddb5-4fa4-a97d-d965ccfc6d4b" outcome="Passed" testListId="ab2da0cc-58bc-4c38-8283-ab150bfd3e3e" />
    <UnitTestResult executionId="d3a8fa59-1bc7-4132-ad20-9a837269293c" testId="ce647da3-fb35-4d62-a0ea-cc276498f2de" testName="Test761" computerName="UA-LPT-OGA2" duration="00:00:01.3990000" startTime="2025-05-14T13:20:31.3146610Z" endTime="2025-05-14T13:25:31.3147553Z" testType="13cdc9d9-ddb5-4fa4-a97d-d965ccfc6d4b" outcome="Failed" testListId="ab2da0cc-58bc-4c38-8283-ab150bfd3e3e">
      <Output>
        <ErrorInfo>
          <Message>Assertion failed: Expected value did not match actual value.</Message>
          <StackTrace>   at TestNamespace.TestClass.Test() in TestClass.cs:line 449</StackTrace>
        </ErrorInfo>
      </Output>
    </UnitTestResult>
    <UnitTestResult executionId="19e97d71-6c0a-49a3-9945-faafda87c5a9" testId="5c1a5d0d-bb7b-4183-a205-1cba3a1d59b8" testName="Test762" computerName="UA-LPT-OGA2" duration="00:00:00.4150000" startTime="2025-05-14T13:20:31.3146610Z" endTime="2025-05-14T13:25:31.3147553Z" testType="13cdc9d9-ddb5-4fa4-a97d-d965ccfc6d4b" outcome="Passed" testListId="ab2da0cc-58bc-4c38-8283-ab150bfd3e3e" />
    <UnitTestResult executionId="b9e5a7d9-7752-4382-b6f2-2ebd5dcdab00" testId="6b36efa8-f50d-4cb0-8756-cff29e1305aa" testName="Test763" computerName="UA-LPT-OGA2" duration="00:00:00.9370000" startTime="2025-05-14T13:20:31.3146610Z" endTime="2025-05-14T13:25:31.3147553Z" testType="13cdc9d9-ddb5-4fa4-a97d-d965ccfc6d4b" outcome="Passed" testListId="ab2da0cc-58bc-4c38-8283-ab150bfd3e3e" />
    <UnitTestResult executionId="d908bfa2-f798-47af-930f-c7c5092f0524" testId="8aa1d410-4507-45b3-9fd5-4ab818021970" testName="Test764" computerName="UA-LPT-OGA2" duration="00:00:00.8230000" startTime="2025-05-14T13:20:31.3146610Z" endTime="2025-05-14T13:25:31.3147553Z" testType="13cdc9d9-ddb5-4fa4-a97d-d965ccfc6d4b" outcome="Passed" testListId="ab2da0cc-58bc-4c38-8283-ab150bfd3e3e" />
    <UnitTestResult executionId="1f490fb5-898b-43a2-8bb3-1fee9d8d1c37" testId="64544141-ac77-423e-ac9f-d8912da2d0fd" testName="Test765" computerName="UA-LPT-OGA2" duration="00:00:00.1560000" startTime="2025-05-14T13:20:31.3146610Z" endTime="2025-05-14T13:25:31.3147553Z" testType="13cdc9d9-ddb5-4fa4-a97d-d965ccfc6d4b" outcome="Passed" testListId="ab2da0cc-58bc-4c38-8283-ab150bfd3e3e" />
    <UnitTestResult executionId="b5d8a32d-4f4c-4a02-9534-a9f00b58498a" testId="f22172b2-47a2-4242-ac9e-293b04595980" testName="Test766" computerName="UA-LPT-OGA2" duration="00:00:00.5050000" startTime="2025-05-14T13:20:31.3146610Z" endTime="2025-05-14T13:25:31.3147553Z" testType="13cdc9d9-ddb5-4fa4-a97d-d965ccfc6d4b" outcome="Passed" testListId="ab2da0cc-58bc-4c38-8283-ab150bfd3e3e" />
    <UnitTestResult executionId="2af96698-18fc-410c-9ee1-7b7605ca2044" testId="1ac1a0c7-e9b9-44e3-aa60-e0e2d76d76b6" testName="Test767" computerName="UA-LPT-OGA2" duration="00:00:01.1850000" startTime="2025-05-14T13:20:31.3146610Z" endTime="2025-05-14T13:25:31.3147553Z" testType="13cdc9d9-ddb5-4fa4-a97d-d965ccfc6d4b" outcome="Passed" testListId="ab2da0cc-58bc-4c38-8283-ab150bfd3e3e" />
    <UnitTestResult executionId="cee4a7ba-8896-445c-a183-41556d726c92" testId="7bf32dd0-dca1-4283-902d-0add37020e14" testName="Test768" computerName="UA-LPT-OGA2" duration="00:00:00.8820000" startTime="2025-05-14T13:20:31.3146610Z" endTime="2025-05-14T13:25:31.3147553Z" testType="13cdc9d9-ddb5-4fa4-a97d-d965ccfc6d4b" outcome="Passed" testListId="ab2da0cc-58bc-4c38-8283-ab150bfd3e3e" />
    <UnitTestResult executionId="f2d01a53-aa86-46d3-bbfd-cf3dc58141e2" testId="4188d7ef-ee43-4583-8ad7-1d800617bd9a" testName="Test769" computerName="UA-LPT-OGA2" duration="00:00:01.9230000" startTime="2025-05-14T13:20:31.3146610Z" endTime="2025-05-14T13:25:31.3147553Z" testType="13cdc9d9-ddb5-4fa4-a97d-d965ccfc6d4b" outcome="Passed" testListId="ab2da0cc-58bc-4c38-8283-ab150bfd3e3e" />
    <UnitTestResult executionId="d81d545f-a8b1-4eb8-8c33-c2e2ae307d54" testId="150fb7a0-63f7-4308-b3ef-481a39b79eff" testName="Test770" computerName="UA-LPT-OGA2" duration="00:00:01.4490000" startTime="2025-05-14T13:20:31.3146610Z" endTime="2025-05-14T13:25:31.3147553Z" testType="13cdc9d9-ddb5-4fa4-a97d-d965ccfc6d4b" outcome="Passed" testListId="ab2da0cc-58bc-4c38-8283-ab150bfd3e3e" />
    <UnitTestResult executionId="48bc6dd4-2968-4adf-84fd-f017bb0c607a" testId="84403333-3d44-4e05-9c14-85223439e65c" testName="Test771" computerName="UA-LPT-OGA2" duration="00:00:01.9210000" startTime="2025-05-14T13:20:31.3146610Z" endTime="2025-05-14T13:25:31.3147553Z" testType="13cdc9d9-ddb5-4fa4-a97d-d965ccfc6d4b" outcome="Passed" testListId="ab2da0cc-58bc-4c38-8283-ab150bfd3e3e" />
    <UnitTestResult executionId="5baa3d30-e169-4d72-8c30-717193fa897b" testId="d623398f-5a72-466a-b5ee-da9ce387fee7" testName="Test772" computerName="UA-LPT-OGA2" duration="00:00:00.3970000" startTime="2025-05-14T13:20:31.3146610Z" endTime="2025-05-14T13:25:31.3147553Z" testType="13cdc9d9-ddb5-4fa4-a97d-d965ccfc6d4b" outcome="Passed" testListId="ab2da0cc-58bc-4c38-8283-ab150bfd3e3e" />
    <UnitTestResult executionId="e81e185b-dca7-40b3-9867-f59055349bad" testId="e90d1145-14c3-4752-af28-487f7bdd20a4" testName="Test773" computerName="UA-LPT-OGA2" duration="00:00:01.3180000" startTime="2025-05-14T13:20:31.3146610Z" endTime="2025-05-14T13:25:31.3147553Z" testType="13cdc9d9-ddb5-4fa4-a97d-d965ccfc6d4b" outcome="Passed" testListId="ab2da0cc-58bc-4c38-8283-ab150bfd3e3e" />
    <UnitTestResult executionId="1f3ce3c8-5a6e-49ee-a52b-dc1e63e98141" testId="ace23fea-3fb1-4d5b-98df-4089658782fd" testName="Test774" computerName="UA-LPT-OGA2" duration="00:00:00.3480000" startTime="2025-05-14T13:20:31.3146610Z" endTime="2025-05-14T13:25:31.3147553Z" testType="13cdc9d9-ddb5-4fa4-a97d-d965ccfc6d4b" outcome="Passed" testListId="ab2da0cc-58bc-4c38-8283-ab150bfd3e3e" />
    <UnitTestResult executionId="60ad7ae5-d753-41fa-8b25-102a9a59ce7e" testId="d7cae830-d991-4bf1-ac2c-038fadef3fc7" testName="Test775" computerName="UA-LPT-OGA2" duration="00:00:00.2090000" startTime="2025-05-14T13:20:31.3146610Z" endTime="2025-05-14T13:25:31.3147553Z" testType="13cdc9d9-ddb5-4fa4-a97d-d965ccfc6d4b" outcome="Passed" testListId="ab2da0cc-58bc-4c38-8283-ab150bfd3e3e" />
    <UnitTestResult executionId="06a6fc0a-32e7-431c-b5ec-7aa3f178badf" testId="4d5f5ebb-0520-4de0-8557-433d51997a4f" testName="Test776" computerName="UA-LPT-OGA2" duration="00:00:01.3050000" startTime="2025-05-14T13:20:31.3146610Z" endTime="2025-05-14T13:25:31.3147553Z" testType="13cdc9d9-ddb5-4fa4-a97d-d965ccfc6d4b" outcome="Passed" testListId="ab2da0cc-58bc-4c38-8283-ab150bfd3e3e" />
    <UnitTestResult executionId="8f672145-0c36-4f6a-b201-324739659e2f" testId="58b2bb66-1d75-41a8-b92b-350ac6294cac" testName="Test777" computerName="UA-LPT-OGA2" duration="00:00:00.8430000" startTime="2025-05-14T13:20:31.3146610Z" endTime="2025-05-14T13:25:31.3147553Z" testType="13cdc9d9-ddb5-4fa4-a97d-d965ccfc6d4b" outcome="Passed" testListId="ab2da0cc-58bc-4c38-8283-ab150bfd3e3e" />
    <UnitTestResult executionId="82261e67-ee15-4757-acaa-756034f1bb07" testId="996b58bb-19e8-42b6-ab35-c704322222d0" testName="Test778" computerName="UA-LPT-OGA2" duration="00:00:00.9910000" startTime="2025-05-14T13:20:31.3146610Z" endTime="2025-05-14T13:25:31.3147553Z" testType="13cdc9d9-ddb5-4fa4-a97d-d965ccfc6d4b" outcome="Passed" testListId="ab2da0cc-58bc-4c38-8283-ab150bfd3e3e" />
    <UnitTestResult executionId="d5d2040d-f135-43e8-8089-23ea7e664b34" testId="d0e78a5f-ce22-4504-9a20-4f5d5ad8f846" testName="Test779" computerName="UA-LPT-OGA2" duration="00:00:01.7540000" startTime="2025-05-14T13:20:31.3146610Z" endTime="2025-05-14T13:25:31.3147553Z" testType="13cdc9d9-ddb5-4fa4-a97d-d965ccfc6d4b" outcome="Inconclusive" testListId="ab2da0cc-58bc-4c38-8283-ab150bfd3e3e" />
    <UnitTestResult executionId="b3154649-3d01-4ca2-990f-2393813b886c" testId="a38ac5bf-60cf-4e45-a87f-44b6a43d8aee" testName="Test780" computerName="UA-LPT-OGA2" duration="00:00:00.0860000" startTime="2025-05-14T13:20:31.3146610Z" endTime="2025-05-14T13:25:31.3147553Z" testType="13cdc9d9-ddb5-4fa4-a97d-d965ccfc6d4b" outcome="Passed" testListId="ab2da0cc-58bc-4c38-8283-ab150bfd3e3e" />
    <UnitTestResult executionId="4cebf04f-5f4b-4d00-85de-099d4ac94a18" testId="20d54728-71d8-4e86-b485-1eabb1cd23e7" testName="Test781" computerName="UA-LPT-OGA2" duration="00:00:01.4400000" startTime="2025-05-14T13:20:31.3146610Z" endTime="2025-05-14T13:25:31.3147553Z" testType="13cdc9d9-ddb5-4fa4-a97d-d965ccfc6d4b" outcome="Passed" testListId="ab2da0cc-58bc-4c38-8283-ab150bfd3e3e" />
    <UnitTestResult executionId="b18a7885-f62c-40e6-9e02-29520bd59cfe" testId="261d0446-36e3-4204-bade-c2672711f65e" testName="Test782" computerName="UA-LPT-OGA2" duration="00:00:00.8980000" startTime="2025-05-14T13:20:31.3146610Z" endTime="2025-05-14T13:25:31.3147553Z" testType="13cdc9d9-ddb5-4fa4-a97d-d965ccfc6d4b" outcome="Passed" testListId="ab2da0cc-58bc-4c38-8283-ab150bfd3e3e" />
    <UnitTestResult executionId="9bd5796a-3017-46c3-8afe-9a883331ea35" testId="f9522a11-4b15-4aae-a5ee-810a3ea25493" testName="Test783" computerName="UA-LPT-OGA2" duration="00:00:00.2420000" startTime="2025-05-14T13:20:31.3146610Z" endTime="2025-05-14T13:25:31.3147553Z" testType="13cdc9d9-ddb5-4fa4-a97d-d965ccfc6d4b" outcome="Passed" testListId="ab2da0cc-58bc-4c38-8283-ab150bfd3e3e" />
    <UnitTestResult executionId="f57f096c-aef8-479a-a41e-eb15a4003199" testId="9cc29679-8e9b-4fd4-a095-713dc033cb73" testName="Test784" computerName="UA-LPT-OGA2" duration="00:00:01.9630000" startTime="2025-05-14T13:20:31.3146610Z" endTime="2025-05-14T13:25:31.3147553Z" testType="13cdc9d9-ddb5-4fa4-a97d-d965ccfc6d4b" outcome="Passed" testListId="ab2da0cc-58bc-4c38-8283-ab150bfd3e3e" />
    <UnitTestResult executionId="78e497a9-980b-49c4-a603-138042a1d57e" testId="5bd9145f-aee8-4f1b-83d1-2dfa3a8bf295" testName="Test785" computerName="UA-LPT-OGA2" duration="00:00:01.4300000" startTime="2025-05-14T13:20:31.3146610Z" endTime="2025-05-14T13:25:31.3147553Z" testType="13cdc9d9-ddb5-4fa4-a97d-d965ccfc6d4b" outcome="Passed" testListId="ab2da0cc-58bc-4c38-8283-ab150bfd3e3e" />
    <UnitTestResult executionId="8ba1dd9c-a0f0-4982-9b64-fb0762ee6041" testId="8f59c402-f5a8-47fd-9be5-b73497738874" testName="Test786" computerName="UA-LPT-OGA2" duration="00:00:01.9850000" startTime="2025-05-14T13:20:31.3146610Z" endTime="2025-05-14T13:25:31.3147553Z" testType="13cdc9d9-ddb5-4fa4-a97d-d965ccfc6d4b" outcome="Passed" testListId="ab2da0cc-58bc-4c38-8283-ab150bfd3e3e" />
    <UnitTestResult executionId="6eee3545-2f67-444a-9b3a-87aef45c851c" testId="d8ddc757-b3d5-415a-b686-568d807e0400" testName="Test787" computerName="UA-LPT-OGA2" duration="00:00:00.3340000" startTime="2025-05-14T13:20:31.3146610Z" endTime="2025-05-14T13:25:31.3147553Z" testType="13cdc9d9-ddb5-4fa4-a97d-d965ccfc6d4b" outcome="Passed" testListId="ab2da0cc-58bc-4c38-8283-ab150bfd3e3e" />
    <UnitTestResult executionId="9bf72ac3-4b4e-42aa-94e5-ae30e893795a" testId="1575f36e-742b-439a-95ec-c3043ab9d200" testName="Test788" computerName="UA-LPT-OGA2" duration="00:00:01.8150000" startTime="2025-05-14T13:20:31.3146610Z" endTime="2025-05-14T13:25:31.3147553Z" testType="13cdc9d9-ddb5-4fa4-a97d-d965ccfc6d4b" outcome="Passed" testListId="ab2da0cc-58bc-4c38-8283-ab150bfd3e3e" />
    <UnitTestResult executionId="21215422-f733-4a96-8860-57cee0ab45fb" testId="7568544b-12e7-4d1a-9ada-65a66456d737" testName="Test789" computerName="UA-LPT-OGA2" duration="00:00:00.9290000" startTime="2025-05-14T13:20:31.3146610Z" endTime="2025-05-14T13:25:31.3147553Z" testType="13cdc9d9-ddb5-4fa4-a97d-d965ccfc6d4b" outcome="Passed" testListId="ab2da0cc-58bc-4c38-8283-ab150bfd3e3e" />
    <UnitTestResult executionId="036069f6-b647-4ef0-ba06-05490e6aac55" testId="4f27579c-702b-4241-8700-2fdc75d40325" testName="Test790" computerName="UA-LPT-OGA2" duration="00:00:01.8200000" startTime="2025-05-14T13:20:31.3146610Z" endTime="2025-05-14T13:25:31.3147553Z" testType="13cdc9d9-ddb5-4fa4-a97d-d965ccfc6d4b" outcome="Passed" testListId="ab2da0cc-58bc-4c38-8283-ab150bfd3e3e" />
    <UnitTestResult executionId="2687f995-3109-495f-a822-230bec695812" testId="74470658-1c3c-4c22-a172-b20163972f61" testName="Test791" computerName="UA-LPT-OGA2" duration="00:00:01.7120000" startTime="2025-05-14T13:20:31.3146610Z" endTime="2025-05-14T13:25:31.3147553Z" testType="13cdc9d9-ddb5-4fa4-a97d-d965ccfc6d4b" outcome="Passed" testListId="ab2da0cc-58bc-4c38-8283-ab150bfd3e3e" />
    <UnitTestResult executionId="0d10b003-4ea7-4bf4-89c0-90b588ded8d3" testId="792bd11a-4bc5-4196-9f8a-dee725c4d81a" testName="Test792" computerName="UA-LPT-OGA2" duration="00:00:00.7800000" startTime="2025-05-14T13:20:31.3146610Z" endTime="2025-05-14T13:25:31.3147553Z" testType="13cdc9d9-ddb5-4fa4-a97d-d965ccfc6d4b" outcome="Passed" testListId="ab2da0cc-58bc-4c38-8283-ab150bfd3e3e" />
    <UnitTestResult executionId="860e24f6-9244-413e-8c85-2c17c3a1ca03" testId="310de49a-03d6-4545-9308-70a4d78dc92b" testName="Test793" computerName="UA-LPT-OGA2" duration="00:00:01.4290000" startTime="2025-05-14T13:20:31.3146610Z" endTime="2025-05-14T13:25:31.3147553Z" testType="13cdc9d9-ddb5-4fa4-a97d-d965ccfc6d4b" outcome="Passed" testListId="ab2da0cc-58bc-4c38-8283-ab150bfd3e3e" />
    <UnitTestResult executionId="5691753e-4f10-49e3-8b28-b06c004adf65" testId="09b8498c-854c-4fe0-993c-d5f3b8d27730" testName="Test794" computerName="UA-LPT-OGA2" duration="00:00:00.9050000" startTime="2025-05-14T13:20:31.3146610Z" endTime="2025-05-14T13:25:31.3147553Z" testType="13cdc9d9-ddb5-4fa4-a97d-d965ccfc6d4b" outcome="Passed" testListId="ab2da0cc-58bc-4c38-8283-ab150bfd3e3e" />
    <UnitTestResult executionId="b1180184-da5d-4dc7-9307-e59816a91eca" testId="0c3ace2d-074d-414b-b254-10fb0eb6206d" testName="Test795" computerName="UA-LPT-OGA2" duration="00:00:01.4560000" startTime="2025-05-14T13:20:31.3146610Z" endTime="2025-05-14T13:25:31.3147553Z" testType="13cdc9d9-ddb5-4fa4-a97d-d965ccfc6d4b" outcome="Passed" testListId="ab2da0cc-58bc-4c38-8283-ab150bfd3e3e" />
    <UnitTestResult executionId="4690ca01-52ea-4cf2-8a85-77195ae2300b" testId="06dc0f72-c01d-484e-98df-41ed0f401f3e" testName="Test796" computerName="UA-LPT-OGA2" duration="00:00:00.1510000" startTime="2025-05-14T13:20:31.3146610Z" endTime="2025-05-14T13:25:31.3147553Z" testType="13cdc9d9-ddb5-4fa4-a97d-d965ccfc6d4b" outcome="Passed" testListId="ab2da0cc-58bc-4c38-8283-ab150bfd3e3e" />
    <UnitTestResult executionId="7042c2c8-5e1e-40ff-ad29-5a074ac70898" testId="b2699a8f-7f56-40d2-b254-3b666eb76dae" testName="Test797" computerName="UA-LPT-OGA2" duration="00:00:01.8210000" startTime="2025-05-14T13:20:31.3146610Z" endTime="2025-05-14T13:25:31.3147553Z" testType="13cdc9d9-ddb5-4fa4-a97d-d965ccfc6d4b" outcome="Passed" testListId="ab2da0cc-58bc-4c38-8283-ab150bfd3e3e" />
    <UnitTestResult executionId="8425de6c-6ac2-4249-8195-fca3c024371f" testId="d345a290-f9fc-49b2-95f8-f27c34fd490c" testName="Test798" computerName="UA-LPT-OGA2" duration="00:00:01.2800000" startTime="2025-05-14T13:20:31.3146610Z" endTime="2025-05-14T13:25:31.3147553Z" testType="13cdc9d9-ddb5-4fa4-a97d-d965ccfc6d4b" outcome="Passed" testListId="ab2da0cc-58bc-4c38-8283-ab150bfd3e3e" />
    <UnitTestResult executionId="0141bc8c-3421-46ab-851f-5f27feb10af2" testId="a6938c26-742c-4605-b9f1-1410d900d32a" testName="Test799" computerName="UA-LPT-OGA2" duration="00:00:01.4520000" startTime="2025-05-14T13:20:31.3146610Z" endTime="2025-05-14T13:25:31.3147553Z" testType="13cdc9d9-ddb5-4fa4-a97d-d965ccfc6d4b" outcome="Passed" testListId="ab2da0cc-58bc-4c38-8283-ab150bfd3e3e" />
    <UnitTestResult executionId="d749f3b7-6b41-4d82-938e-ed2efdde1521" testId="d5699940-5749-44fb-af68-5af8709c22de" testName="Test800" computerName="UA-LPT-OGA2" duration="00:00:00.7550000" startTime="2025-05-14T13:20:31.3146610Z" endTime="2025-05-14T13:25:31.3147553Z" testType="13cdc9d9-ddb5-4fa4-a97d-d965ccfc6d4b" outcome="Passed" testListId="ab2da0cc-58bc-4c38-8283-ab150bfd3e3e" />
  </Results>
  <TestDefinitions>
    <UnitTest name="Test701" id="130d631f-be1b-46ff-831b-abb8d59a46d9" storage="TestAssembly.dll">
      <Execution id="afb6de45-7c80-4b3e-901f-d3d14bd28d02" />
      <TestMethod codeBase="TestAssembly.dll" className="TestNamespace.TestClass1" name="Test701" />
    </UnitTest>
    <UnitTest name="Test702" id="d4a79f31-548a-4c9d-a8b9-708a23d6828f" storage="TestAssembly.dll">
      <Execution id="bceacfb6-119e-49a1-8dd1-ac780a626abf" />
      <TestMethod codeBase="TestAssembly.dll" className="TestNamespace.TestClass1" name="Test702" />
    </UnitTest>
    <UnitTest name="Test703" id="4020975c-ef4a-464d-b16d-7abfc0297950" storage="TestAssembly.dll">
      <Execution id="7e9752ec-7aaa-414d-8cb0-dff6a803345f" />
      <TestMethod codeBase="TestAssembly.dll" className="TestNamespace.TestClass1" name="Test703" />
    </UnitTest>
    <UnitTest name="Test704" id="c31b6e17-ede9-4c78-9279-4579527ac1c0" storage="TestAssembly.dll">
      <Execution id="1e2eb2ce-8834-49e6-9b09-41eaf9db1ba8" />
      <TestMethod codeBase="TestAssembly.dll" className="TestNamespace.TestClass1" name="Test704" />
    </UnitTest>
    <UnitTest name="Test705" id="9a99a871-8398-4734-9c0e-abaa540fb68b" storage="TestAssembly.dll">
      <Execution id="a92dd96d-c114-48b0-afa6-f8e9e8668a35" />
      <TestMethod codeBase="TestAssembly.dll" className="TestNamespace.TestClass1" name="Test705" />
    </UnitTest>
    <UnitTest name="Test706" id="71b40aa6-30ae-4f4d-b1e3-a75b2233eb26" storage="TestAssembly.dll">
      <Execution id="62fdaf0b-e5ac-4cd4-a771-d4251bbed410" />
      <TestMethod codeBase="TestAssembly.dll" className="TestNamespace.TestClass1" name="Test706" />
    </UnitTest>
    <UnitTest name="Test707" id="68f32626-6eec-40fa-9fae-38d137921357" storage="TestAssembly.dll">
      <Execution id="4fac871a-f0e9-4e3c-819f-f14e146d3a12" />
      <TestMethod codeBase="TestAssembly.dll" className="TestNamespace.TestClass1" name="Test707" />
    </UnitTest>
    <UnitTest name="Test708" id="ce0d244a-d4cc-4bd6-af00-be75ac8ad50b" storage="TestAssembly.dll">
      <Execution id="ea9d9c33-905a-4eed-babf-2603dc7f60e5" />
      <TestMethod codeBase="TestAssembly.dll" className="TestNamespace.TestClass1" name="Test708" />
    </UnitTest>
    <UnitTest name="Test709" id="d44ab9a6-e89b-4164-80d3-de018a43eb10" storage="TestAssembly.dll">
      <Execution id="336928a4-ec18-4fce-977a-cc1d0515dbb0" />
      <TestMethod codeBase="TestAssembly.dll" className="TestNamespace.TestClass1" name="Test709" />
    </UnitTest>
    <UnitTest name="Test710" id="9e4caf91-5274-4965-8396-6ed9a97504e2" storage="TestAssembly.dll">
      <Execution id="c07df537-bab8-4d38-b0c0-e518bf313706" />
      <TestMethod codeBase="TestAssembly.dll" className="TestNamespace.TestClass1" name="Test710" />
    </UnitTest>
    <UnitTest name="Test711" id="d0f91b50-3af8-4e14-b909-6997c9b8c328" storage="TestAssembly.dll">
      <Execution id="34ae2366-29c6-42e7-bd3e-2edd743dfa98" />
      <TestMethod codeBase="TestAssembly.dll" className="TestNamespace.TestClass2" name="Test711" />
    </UnitTest>
    <UnitTest name="Test712" id="d17d88a1-802b-472a-98b1-00fa5ba158dc" storage="TestAssembly.dll">
      <Execution id="2a4b084c-4482-497a-b921-4559252f0777" />
      <TestMethod codeBase="TestAssembly.dll" className="TestNamespace.TestClass2" name="Test712" />
    </UnitTest>
    <UnitTest name="Test713" id="f0981f13-5230-445c-9629-e78e026ceffe" storage="TestAssembly.dll">
      <Execution id="bb69b4ad-19ca-4a98-9817-7101c8aad981" />
      <TestMethod codeBase="TestAssembly.dll" className="TestNamespace.TestClass2" name="Test713" />
    </UnitTest>
    <UnitTest name="Test714" id="342866f0-8e31-4ae5-8103-fb8b82bf4c2c" storage="TestAssembly.dll">
      <Execution id="e4f8def8-965e-4790-b3c2-760627789756" />
      <TestMethod codeBase="TestAssembly.dll" className="TestNamespace.TestClass2" name="Test714" />
    </UnitTest>
    <UnitTest name="Test715" id="2593d7fa-e46a-49d4-8cb9-5ef3a3035ec9" storage="TestAssembly.dll">
      <Execution id="f2f8a5fd-8274-48cf-b686-75ee450a7f24" />
      <TestMethod codeBase="TestAssembly.dll" className="TestNamespace.TestClass2" name="Test715" />
    </UnitTest>
    <UnitTest name="Test716" id="b9846bf0-850f-4d57-9d99-f10f863721c2" storage="TestAssembly.dll">
      <Execution id="a5b63564-eb83-4c0e-85f6-1a3ef979cb42" />
      <TestMethod codeBase="TestAssembly.dll" className="TestNamespace.TestClass2" name="Test716" />
    </UnitTest>
    <UnitTest name="Test717" id="7d81d5c8-9c51-485e-8cf3-bfc87c79078c" storage="TestAssembly.dll">
      <Execution id="a51f4a48-0048-489a-ab6a-efb32314181a" />
      <TestMethod codeBase="TestAssembly.dll" className="TestNamespace.TestClass2" name="Test717" />
    </UnitTest>
    <UnitTest name="Test718" id="2b507b32-be8d-4318-b2d9-84efeeadb6ae" storage="TestAssembly.dll">
      <Execution id="f8bac3b9-c302-48ad-8a1d-e5ac2be7b9a9" />
      <TestMethod codeBase="TestAssembly.dll" className="TestNamespace.TestClass2" name="Test718" />
    </UnitTest>
    <UnitTest name="Test719" id="41f59a1d-60df-4c64-9346-97b5987efe0b" storage="TestAssembly.dll">
      <Execution id="6d291b54-343f-44ec-8e60-dbefe77a4c97" />
      <TestMethod codeBase="TestAssembly.dll" className="TestNamespace.TestClass2" name="Test719" />
    </UnitTest>
    <UnitTest name="Test720" id="2a881302-b820-4f31-a98c-2ec0009ed5f1" storage="TestAssembly.dll">
      <Execution id="3a568c15-9f6e-4936-acbc-064eff66e985" />
      <TestMethod codeBase="TestAssembly.dll" className="TestNamespace.TestClass2" name="Test720" />
    </UnitTest>
    <UnitTest name="Test721" id="1812f608-063f-4824-bffd-8de26275c49d" storage="TestAssembly.dll">
      <Execution id="3a1c9b1b-2a89-46ac-a12c-8cb7ab299047" />
      <TestMethod codeBase="TestAssembly.dll" className="TestNamespace.TestClass3" name="Test721" />
    </UnitTest>
    <UnitTest name="Test722" id="e287d1fb-bf5e-4281-aff6-0a260c4c5717" storage="TestAssembly.dll">
      <Execution id="98a9ceef-29ac-4bf0-a3ea-a1fc25088a01" />
      <TestMethod codeBase="TestAssembly.dll" className="TestNamespace.TestClass3" name="Test722" />
    </UnitTest>
    <UnitTest name="Test723" id="2a91f46b-8daf-4322-8dd0-c342ef5d7178" storage="TestAssembly.dll">
      <Execution id="c132b051-274d-4f2c-9944-e006ee61855d" />
      <TestMethod codeBase="TestAssembly.dll" className="TestNamespace.TestClass3" name="Test723" />
    </UnitTest>
    <UnitTest name="Test724" id="d835cc87-f9b2-4b8d-b0db-fff49f7a23c8" storage="TestAssembly.dll">
      <Execution id="34d615a9-84d6-4b12-a1e9-c259814b53e6" />
      <TestMethod codeBase="TestAssembly.dll" className="TestNamespace.TestClass3" name="Test724" />
    </UnitTest>
    <UnitTest name="Test725" id="b4e14823-5a21-477e-aa8a-8a0cb9a4a516" storage="TestAssembly.dll">
      <Execution id="453c5077-09ab-462c-bcf2-ec94914ee317" />
      <TestMethod codeBase="TestAssembly.dll" className="TestNamespace.TestClass3" name="Test725" />
    </UnitTest>
    <UnitTest name="Test726" id="38867602-88a8-45bb-abf4-bce8847482aa" storage="TestAssembly.dll">
      <Execution id="f124b4f2-d087-4d13-a742-508e0acb23ff" />
      <TestMethod codeBase="TestAssembly.dll" className="TestNamespace.TestClass3" name="Test726" />
    </UnitTest>
    <UnitTest name="Test727" id="aa101925-5c49-4e36-b3e6-9e161f41b134" storage="TestAssembly.dll">
      <Execution id="41d046d4-1266-4952-927d-10572e95221f" />
      <TestMethod codeBase="TestAssembly.dll" className="TestNamespace.TestClass3" name="Test727" />
    </UnitTest>
    <UnitTest name="Test728" id="7f79d700-fad3-436b-8c5f-b0ed3f6e76a2" storage="TestAssembly.dll">
      <Execution id="61fce7fc-bc0c-4910-8fa7-ec2259bfc6ed" />
      <TestMethod codeBase="TestAssembly.dll" className="TestNamespace.TestClass3" name="Test728" />
    </UnitTest>
    <UnitTest name="Test729" id="c040b7b6-6934-4708-93cf-bffb677e30be" storage="TestAssembly.dll">
      <Execution id="861995f4-05d0-4aae-8bd5-2511b85358f1" />
      <TestMethod codeBase="TestAssembly.dll" className="TestNamespace.TestClass3" name="Test729" />
    </UnitTest>
    <UnitTest name="Test730" id="4f43ec4f-d9e1-4875-bd8e-7528e5d01a96" storage="TestAssembly.dll">
      <Execution id="19a37070-e9da-4a9a-a516-b6c4441867e5" />
      <TestMethod codeBase="TestAssembly.dll" className="TestNamespace.TestClass3" name="Test730" />
    </UnitTest>
    <UnitTest name="Test731" id="85d87d7c-8442-4db9-8e5a-a7145dd2f7b9" storage="TestAssembly.dll">
      <Execution id="05b818e7-04ce-4599-89c1-df8086262484" />
      <TestMethod codeBase="TestAssembly.dll" className="TestNamespace.TestClass4" name="Test731" />
    </UnitTest>
    <UnitTest name="Test732" id="952d5a02-eb4a-4673-9e5d-9944a31aaa51" storage="TestAssembly.dll">
      <Execution id="72131915-6b1e-43b7-a2b3-301c49293641" />
      <TestMethod codeBase="TestAssembly.dll" className="TestNamespace.TestClass4" name="Test732" />
    </UnitTest>
    <UnitTest name="Test733" id="3283b6e8-a5ae-434a-b5c7-3447992e0640" storage="TestAssembly.dll">
      <Execution id="f9bd54a0-d64c-48c3-93b6-2b3c614c3603" />
      <TestMethod codeBase="TestAssembly.dll" className="TestNamespace.TestClass4" name="Test733" />
    </UnitTest>
    <UnitTest name="Test734" id="9d4f799e-e6e2-4b0f-94e0-f0709d5c8c69" storage="TestAssembly.dll">
      <Execution id="598e035a-534c-49c5-ae66-11fa40c1983c" />
      <TestMethod codeBase="TestAssembly.dll" className="TestNamespace.TestClass4" name="Test734" />
    </UnitTest>
    <UnitTest name="Test735" id="be8887a6-40b5-44dd-92d4-d5e95f786bce" storage="TestAssembly.dll">
      <Execution id="7f766a8b-03a8-484a-8eae-e9a370eb7e03" />
      <TestMethod codeBase="TestAssembly.dll" className="TestNamespace.TestClass4" name="Test735" />
    </UnitTest>
    <UnitTest name="Test736" id="dade012b-c5d0-449f-a61f-b2351fb269ce" storage="TestAssembly.dll">
      <Execution id="a38fb0be-599b-42ae-bc55-c3f6f591bed5" />
      <TestMethod codeBase="TestAssembly.dll" className="TestNamespace.TestClass4" name="Test736" />
    </UnitTest>
    <UnitTest name="Test737" id="6bc7f509-08b8-468a-94aa-29547f1aa8b1" storage="TestAssembly.dll">
      <Execution id="f8bfaa12-04e0-4af9-90bd-af0f00f5f615" />
      <TestMethod codeBase="TestAssembly.dll" className="TestNamespace.TestClass4" name="Test737" />
    </UnitTest>
    <UnitTest name="Test738" id="7bcff541-ae94-4fc3-a0dc-fafb9b33b23c" storage="TestAssembly.dll">
      <Execution id="76324717-285e-41c4-b4de-42c69dbcbbc1" />
      <TestMethod codeBase="TestAssembly.dll" className="TestNamespace.TestClass4" name="Test738" />
    </UnitTest>
    <UnitTest name="Test739" id="f3d0482e-50a5-498c-871c-11e522e7d650" storage="TestAssembly.dll">
      <Execution id="6febda6a-64df-471f-8ac8-02b8a0c42a9f" />
      <TestMethod codeBase="TestAssembly.dll" className="TestNamespace.TestClass4" name="Test739" />
    </UnitTest>
    <UnitTest name="Test740" id="85824f4f-5e7a-44a8-b1ed-3fe7d0953c88" storage="TestAssembly.dll">
      <Execution id="0082f3a0-88fe-4a91-8384-ca01737b36f0" />
      <TestMethod codeBase="TestAssembly.dll" className="TestNamespace.TestClass4" name="Test740" />
    </UnitTest>
    <UnitTest name="Test741" id="2d838136-4ced-4c15-b9d6-068d95303486" storage="TestAssembly.dll">
      <Execution id="62fbf4ef-b222-4d50-af10-3464d306496a" />
      <TestMethod codeBase="TestAssembly.dll" className="TestNamespace.TestClass5" name="Test741" />
    </UnitTest>
    <UnitTest name="Test742" id="ff87d36a-6a78-43af-8075-674078edeadd" storage="TestAssembly.dll">
      <Execution id="ba44de1c-d77c-4f77-b4d0-5a95051a5541" />
      <TestMethod codeBase="TestAssembly.dll" className="TestNamespace.TestClass5" name="Test742" />
    </UnitTest>
    <UnitTest name="Test743" id="70313f7e-e448-410a-b9da-90ca0e075902" storage="TestAssembly.dll">
      <Execution id="1c4ee949-4ddd-40ed-988d-87143178552c" />
      <TestMethod codeBase="TestAssembly.dll" className="TestNamespace.TestClass5" name="Test743" />
    </UnitTest>
    <UnitTest name="Test744" id="58c5d001-4e3c-4c2b-8c01-80a2e9c18a8f" storage="TestAssembly.dll">
      <Execution id="06ebc1f1-107e-4f7d-a973-5afb76296679" />
      <TestMethod codeBase="TestAssembly.dll" className="TestNamespace.TestClass5" name="Test744" />
    </UnitTest>
    <UnitTest name="Test745" id="cb4d9a6f-df5e-4d19-b247-3bf8388cfd9d" storage="TestAssembly.dll">
      <Execution id="57a79953-ef7f-42c2-8a79-b9b8c9cfebe6" />
      <TestMethod codeBase="TestAssembly.dll" className="TestNamespace.TestClass5" name="Test745" />
    </UnitTest>
    <UnitTest name="Test746" id="51387520-d525-4dfc-bd9c-652ac8bf9488" storage="TestAssembly.dll">
      <Execution id="c5f5e399-b8ee-4357-bde1-5402d49c6928" />
      <TestMethod codeBase="TestAssembly.dll" className="TestNamespace.TestClass5" name="Test746" />
    </UnitTest>
    <UnitTest name="Test747" id="98545a50-29ea-4b41-8eca-caf57023fee8" storage="TestAssembly.dll">
      <Execution id="6a8c2b3c-cc48-4288-b166-51bd6f0a85f1" />
      <TestMethod codeBase="TestAssembly.dll" className="TestNamespace.TestClass5" name="Test747" />
    </UnitTest>
    <UnitTest name="Test748" id="0fba239b-f584-4335-8453-d45791043748" storage="TestAssembly.dll">
      <Execution id="d68e1b03-faff-4f4e-b9f1-cead21792252" />
      <TestMethod codeBase="TestAssembly.dll" className="TestNamespace.TestClass5" name="Test748" />
    </UnitTest>
    <UnitTest name="Test749" id="524caa47-cfb7-4ed6-8470-125f26707bfd" storage="TestAssembly.dll">
      <Execution id="cb8ba656-4efa-4e9b-99de-36494e3f6732" />
      <TestMethod codeBase="TestAssembly.dll" className="TestNamespace.TestClass5" name="Test749" />
    </UnitTest>
    <UnitTest name="Test750" id="0a75c735-9b56-49b5-8ec0-952e74769091" storage="TestAssembly.dll">
      <Execution id="ae2317a8-d63e-4e9e-9e79-c5ccfc9e77d9" />
      <TestMethod codeBase="TestAssembly.dll" className="TestNamespace.TestClass5" name="Test750" />
    </UnitTest>
    <UnitTest name="Test751" id="69f0de9f-879e-4a27-adcf-b70642e2c140" storage="TestAssembly.dll">
      <Execution id="8a2d82ce-2a18-4a5f-9912-a562028fc504" />
      <TestMethod codeBase="TestAssembly.dll" className="TestNamespace.TestClass6" name="Test751" />
    </UnitTest>
    <UnitTest name="Test752" id="cf9bccb3-4395-4eb6-bcd9-acaa1af7d4f7" storage="TestAssembly.dll">
      <Execution id="d4419824-b769-4795-9ac7-3a0a8e1d358a" />
      <TestMethod codeBase="TestAssembly.dll" className="TestNamespace.TestClass6" name="Test752" />
    </UnitTest>
    <UnitTest name="Test753" id="6bc8ffa0-5cfa-4439-b8b5-24a23f516d07" storage="TestAssembly.dll">
      <Execution id="65484f17-68e8-40be-9a0d-a4aaba7de779" />
      <TestMethod codeBase="TestAssembly.dll" className="TestNamespace.TestClass6" name="Test753" />
    </UnitTest>
    <UnitTest name="Test754" id="571f41cf-23cc-4418-9b73-86fd2944b00a" storage="TestAssembly.dll">
      <Execution id="c8639b22-f58d-459d-9b98-f539c47abd1a" />
      <TestMethod codeBase="TestAssembly.dll" className="TestNamespace.TestClass6" name="Test754" />
    </UnitTest>
    <UnitTest name="Test755" id="76f66a08-3064-4bb7-9e3a-5fe1e1f58b7c" storage="TestAssembly.dll">
      <Execution id="fc9910b0-fdf2-4cf3-acf3-7a1d4b947b1f" />
      <TestMethod codeBase="TestAssembly.dll" className="TestNamespace.TestClass6" name="Test755" />
    </UnitTest>
    <UnitTest name="Test756" id="d5762947-27bb-4fc7-b76b-abcd9e9763cb" storage="TestAssembly.dll">
      <Execution id="7c8d297d-2d39-4656-b689-29941fd93d77" />
      <TestMethod codeBase="TestAssembly.dll" className="TestNamespace.TestClass6" name="Test756" />
    </UnitTest>
    <UnitTest name="Test757" id="5ae3ee3b-3979-4d3e-acfb-a6c69f9ca387" storage="TestAssembly.dll">
      <Execution id="cc667d09-d959-42c2-9a0a-bf611d6b9f6e" />
      <TestMethod codeBase="TestAssembly.dll" className="TestNamespace.TestClass6" name="Test757" />
    </UnitTest>
    <UnitTest name="Test758" id="80f8a064-5713-49de-9722-ef2c1fe066ff" storage="TestAssembly.dll">
      <Execution id="cc806239-0044-41bc-b349-57c2708865b2" />
      <TestMethod codeBase="TestAssembly.dll" className="TestNamespace.TestClass6" name="Test758" />
    </UnitTest>
    <UnitTest name="Test759" id="119ead85-426b-4c8e-a4f6-74d26091c091" storage="TestAssembly.dll">
      <Execution id="934a834e-a8a7-4bda-a06b-d6fd190c745a" />
      <TestMethod codeBase="TestAssembly.dll" className="TestNamespace.TestClass6" name="Test759" />
    </UnitTest>
    <UnitTest name="Test760" id="5ef1c050-4ea9-49d6-be8a-c426eb473b0a" storage="TestAssembly.dll">
      <Execution id="f4b44219-d71e-4b30-90d4-dc8eee5904ed" />
      <TestMethod codeBase="TestAssembly.dll" className="TestNamespace.TestClass6" name="Test760" />
    </UnitTest>
    <UnitTest name="Test761" id="ce647da3-fb35-4d62-a0ea-cc276498f2de" storage="TestAssembly.dll">
      <Execution id="d3a8fa59-1bc7-4132-ad20-9a837269293c" />
      <TestMethod codeBase="TestAssembly.dll" className="TestNamespace.TestClass7" name="Test761" />
    </UnitTest>
    <UnitTest name="Test762" id="5c1a5d0d-bb7b-4183-a205-1cba3a1d59b8" storage="TestAssembly.dll">
      <Execution id="19e97d71-6c0a-49a3-9945-faafda87c5a9" />
      <TestMethod codeBase="TestAssembly.dll" className="TestNamespace.TestClass7" name="Test762" />
    </UnitTest>
    <UnitTest name="Test763" id="6b36efa8-f50d-4cb0-8756-cff29e1305aa" storage="TestAssembly.dll">
      <Execution id="b9e5a7d9-7752-4382-b6f2-2ebd5dcdab00" />
      <TestMethod codeBase="TestAssembly.dll" className="TestNamespace.TestClass7" name="Test763" />
    </UnitTest>
    <UnitTest name="Test764" id="8aa1d410-4507-45b3-9fd5-4ab818021970" storage="TestAssembly.dll">
      <Execution id="d908bfa2-f798-47af-930f-c7c5092f0524" />
      <TestMethod codeBase="TestAssembly.dll" className="TestNamespace.TestClass7" name="Test764" />
    </UnitTest>
    <UnitTest name="Test765" id="64544141-ac77-423e-ac9f-d8912da2d0fd" storage="TestAssembly.dll">
      <Execution id="1f490fb5-898b-43a2-8bb3-1fee9d8d1c37" />
      <TestMethod codeBase="TestAssembly.dll" className="TestNamespace.TestClass7" name="Test765" />
    </UnitTest>
    <UnitTest name="Test766" id="f22172b2-47a2-4242-ac9e-293b04595980" storage="TestAssembly.dll">
      <Execution id="b5d8a32d-4f4c-4a02-9534-a9f00b58498a" />
      <TestMethod codeBase="TestAssembly.dll" className="TestNamespace.TestClass7" name="Test766" />
    </UnitTest>
    <UnitTest name="Test767" id="1ac1a0c7-e9b9-44e3-aa60-e0e2d76d76b6" storage="TestAssembly.dll">
      <Execution id="2af96698-18fc-410c-9ee1-7b7605ca2044" />
      <TestMethod codeBase="TestAssembly.dll" className="TestNamespace.TestClass7" name="Test767" />
    </UnitTest>
    <UnitTest name="Test768" id="7bf32dd0-dca1-4283-902d-0add37020e14" storage="TestAssembly.dll">
      <Execution id="cee4a7ba-8896-445c-a183-41556d726c92" />
      <TestMethod codeBase="TestAssembly.dll" className="TestNamespace.TestClass7" name="Test768" />
    </UnitTest>
    <UnitTest name="Test769" id="4188d7ef-ee43-4583-8ad7-1d800617bd9a" storage="TestAssembly.dll">
      <Execution id="f2d01a53-aa86-46d3-bbfd-cf3dc58141e2" />
      <TestMethod codeBase="TestAssembly.dll" className="TestNamespace.TestClass7" name="Test769" />
    </UnitTest>
    <UnitTest name="Test770" id="150fb7a0-63f7-4308-b3ef-481a39b79eff" storage="TestAssembly.dll">
      <Execution id="d81d545f-a8b1-4eb8-8c33-c2e2ae307d54" />
      <TestMethod codeBase="TestAssembly.dll" className="TestNamespace.TestClass7" name="Test770" />
    </UnitTest>
    <UnitTest name="Test771" id="84403333-3d44-4e05-9c14-85223439e65c" storage="TestAssembly.dll">
      <Execution id="48bc6dd4-2968-4adf-84fd-f017bb0c607a" />
      <TestMethod codeBase="TestAssembly.dll" className="TestNamespace.TestClass8" name="Test771" />
    </UnitTest>
    <UnitTest name="Test772" id="d623398f-5a72-466a-b5ee-da9ce387fee7" storage="TestAssembly.dll">
      <Execution id="5baa3d30-e169-4d72-8c30-717193fa897b" />
      <TestMethod codeBase="TestAssembly.dll" className="TestNamespace.TestClass8" name="Test772" />
    </UnitTest>
    <UnitTest name="Test773" id="e90d1145-14c3-4752-af28-487f7bdd20a4" storage="TestAssembly.dll">
      <Execution id="e81e185b-dca7-40b3-9867-f59055349bad" />
      <TestMethod codeBase="TestAssembly.dll" className="TestNamespace.TestClass8" name="Test773" />
    </UnitTest>
    <UnitTest name="Test774" id="ace23fea-3fb1-4d5b-98df-4089658782fd" storage="TestAssembly.dll">
      <Execution id="1f3ce3c8-5a6e-49ee-a52b-dc1e63e98141" />
      <TestMethod codeBase="TestAssembly.dll" className="TestNamespace.TestClass8" name="Test774" />
    </UnitTest>
    <UnitTest name="Test775" id="d7cae830-d991-4bf1-ac2c-038fadef3fc7" storage="TestAssembly.dll">
      <Execution id="60ad7ae5-d753-41fa-8b25-102a9a59ce7e" />
      <TestMethod codeBase="TestAssembly.dll" className="TestNamespace.TestClass8" name="Test775" />
    </UnitTest>
    <UnitTest name="Test776" id="4d5f5ebb-0520-4de0-8557-433d51997a4f" storage="TestAssembly.dll">
      <Execution id="06a6fc0a-32e7-431c-b5ec-7aa3f178badf" />
      <TestMethod codeBase="TestAssembly.dll" className="TestNamespace.TestClass8" name="Test776" />
    </UnitTest>
    <UnitTest name="Test777" id="58b2bb66-1d75-41a8-b92b-350ac6294cac" storage="TestAssembly.dll">
      <Execution id="8f672145-0c36-4f6a-b201-324739659e2f" />
      <TestMethod codeBase="TestAssembly.dll" className="TestNamespace.TestClass8" name="Test777" />
    </UnitTest>
    <UnitTest name="Test778" id="996b58bb-19e8-42b6-ab35-c704322222d0" storage="TestAssembly.dll">
      <Execution id="82261e67-ee15-4757-acaa-756034f1bb07" />
      <TestMethod codeBase="TestAssembly.dll" className="TestNamespace.TestClass8" name="Test778" />
    </UnitTest>
    <UnitTest name="Test779" id="d0e78a5f-ce22-4504-9a20-4f5d5ad8f846" storage="TestAssembly.dll">
      <Execution id="d5d2040d-f135-43e8-8089-23ea7e664b34" />
      <TestMethod codeBase="TestAssembly.dll" className="TestNamespace.TestClass8" name="Test779" />
    </UnitTest>
    <UnitTest name="Test780" id="a38ac5bf-60cf-4e45-a87f-44b6a43d8aee" storage="TestAssembly.dll">
      <Execution id="b3154649-3d01-4ca2-990f-2393813b886c" />
      <TestMethod codeBase="TestAssembly.dll" className="TestNamespace.TestClass8" name="Test780" />
    </UnitTest>
    <UnitTest name="Test781" id="20d54728-71d8-4e86-b485-1eabb1cd23e7" storage="TestAssembly.dll">
      <Execution id="4cebf04f-5f4b-4d00-85de-099d4ac94a18" />
      <TestMethod codeBase="TestAssembly.dll" className="TestNamespace.TestClass9" name="Test781" />
    </UnitTest>
    <UnitTest name="Test782" id="261d0446-36e3-4204-bade-c2672711f65e" storage="TestAssembly.dll">
      <Execution id="b18a7885-f62c-40e6-9e02-29520bd59cfe" />
      <TestMethod codeBase="TestAssembly.dll" className="TestNamespace.TestClass9" name="Test782" />
    </UnitTest>
    <UnitTest name="Test783" id="f9522a11-4b15-4aae-a5ee-810a3ea25493" storage="TestAssembly.dll">
      <Execution id="9bd5796a-3017-46c3-8afe-9a883331ea35" />
      <TestMethod codeBase="TestAssembly.dll" className="TestNamespace.TestClass9" name="Test783" />
    </UnitTest>
    <UnitTest name="Test784" id="9cc29679-8e9b-4fd4-a095-713dc033cb73" storage="TestAssembly.dll">
      <Execution id="f57f096c-aef8-479a-a41e-eb15a4003199" />
      <TestMethod codeBase="TestAssembly.dll" className="TestNamespace.TestClass9" name="Test784" />
    </UnitTest>
    <UnitTest name="Test785" id="5bd9145f-aee8-4f1b-83d1-2dfa3a8bf295" storage="TestAssembly.dll">
      <Execution id="78e497a9-980b-49c4-a603-138042a1d57e" />
      <TestMethod codeBase="TestAssembly.dll" className="TestNamespace.TestClass9" name="Test785" />
    </UnitTest>
    <UnitTest name="Test786" id="8f59c402-f5a8-47fd-9be5-b73497738874" storage="TestAssembly.dll">
      <Execution id="8ba1dd9c-a0f0-4982-9b64-fb0762ee6041" />
      <TestMethod codeBase="TestAssembly.dll" className="TestNamespace.TestClass9" name="Test786" />
    </UnitTest>
    <UnitTest name="Test787" id="d8ddc757-b3d5-415a-b686-568d807e0400" storage="TestAssembly.dll">
      <Execution id="6eee3545-2f67-444a-9b3a-87aef45c851c" />
      <TestMethod codeBase="TestAssembly.dll" className="TestNamespace.TestClass9" name="Test787" />
    </UnitTest>
    <UnitTest name="Test788" id="1575f36e-742b-439a-95ec-c3043ab9d200" storage="TestAssembly.dll">
      <Execution id="9bf72ac3-4b4e-42aa-94e5-ae30e893795a" />
      <TestMethod codeBase="TestAssembly.dll" className="TestNamespace.TestClass9" name="Test788" />
    </UnitTest>
    <UnitTest name="Test789" id="7568544b-12e7-4d1a-9ada-65a66456d737" storage="TestAssembly.dll">
      <Execution id="21215422-f733-4a96-8860-57cee0ab45fb" />
      <TestMethod codeBase="TestAssembly.dll" className="TestNamespace.TestClass9" name="Test789" />
    </UnitTest>
    <UnitTest name="Test790" id="4f27579c-702b-4241-8700-2fdc75d40325" storage="TestAssembly.dll">
      <Execution id="036069f6-b647-4ef0-ba06-05490e6aac55" />
      <TestMethod codeBase="TestAssembly.dll" className="TestNamespace.TestClass9" name="Test790" />
    </UnitTest>
    <UnitTest name="Test791" id="74470658-1c3c-4c22-a172-b20163972f61" storage="TestAssembly.dll">
      <Execution id="2687f995-3109-495f-a822-230bec695812" />
      <TestMethod codeBase="TestAssembly.dll" className="TestNamespace.TestClass10" name="Test791" />
    </UnitTest>
    <UnitTest name="Test792" id="792bd11a-4bc5-4196-9f8a-dee725c4d81a" storage="TestAssembly.dll">
      <Execution id="0d10b003-4ea7-4bf4-89c0-90b588ded8d3" />
      <TestMethod codeBase="TestAssembly.dll" className="TestNamespace.TestClass10" name="Test792" />
    </UnitTest>
    <UnitTest name="Test793" id="310de49a-03d6-4545-9308-70a4d78dc92b" storage="TestAssembly.dll">
      <Execution id="860e24f6-9244-413e-8c85-2c17c3a1ca03" />
      <TestMethod codeBase="TestAssembly.dll" className="TestNamespace.TestClass10" name="Test793" />
    </UnitTest>
    <UnitTest name="Test794" id="09b8498c-854c-4fe0-993c-d5f3b8d27730" storage="TestAssembly.dll">
      <Execution id="5691753e-4f10-49e3-8b28-b06c004adf65" />
      <TestMethod codeBase="TestAssembly.dll" className="TestNamespace.TestClass10" name="Test794" />
    </UnitTest>
    <UnitTest name="Test795" id="0c3ace2d-074d-414b-b254-10fb0eb6206d" storage="TestAssembly.dll">
      <Execution id="b1180184-da5d-4dc7-9307-e59816a91eca" />
      <TestMethod codeBase="TestAssembly.dll" className="TestNamespace.TestClass10" name="Test795" />
    </UnitTest>
    <UnitTest name="Test796" id="06dc0f72-c01d-484e-98df-41ed0f401f3e" storage="TestAssembly.dll">
      <Execution id="4690ca01-52ea-4cf2-8a85-77195ae2300b" />
      <TestMethod codeBase="TestAssembly.dll" className="TestNamespace.TestClass10" name="Test796" />
    </UnitTest>
    <UnitTest name="Test797" id="b2699a8f-7f56-40d2-b254-3b666eb76dae" storage="TestAssembly.dll">
      <Execution id="7042c2c8-5e1e-40ff-ad29-5a074ac70898" />
      <TestMethod codeBase="TestAssembly.dll" className="TestNamespace.TestClass10" name="Test797" />
    </UnitTest>
    <UnitTest name="Test798" id="d345a290-f9fc-49b2-95f8-f27c34fd490c" storage="TestAssembly.dll">
      <Execution id="8425de6c-6ac2-4249-8195-fca3c024371f" />
      <TestMethod codeBase="TestAssembly.dll" className="TestNamespace.TestClass10" name="Test798" />
    </UnitTest>
    <UnitTest name="Test799" id="a6938c26-742c-4605-b9f1-1410d900d32a" storage="TestAssembly.dll">
      <Execution id="0141bc8c-3421-46ab-851f-5f27feb10af2" />
      <TestMethod codeBase="TestAssembly.dll" className="TestNamespace.TestClass10" name="Test799" />
    </UnitTest>
    <UnitTest name="Test800" id="d5699940-5749-44fb-af68-5af8709c22de" storage="TestAssembly.dll">
      <Execution id="d749f3b7-6b41-4d82-938e-ed2efdde1521" />
      <TestMethod codeBase="TestAssembly.dll" className="TestNamespace.TestClass10" name="Test800" />
    </UnitTest>
  </TestDefinitions>
  <TestEntries>
    <TestEntry testId="130d631f-be1b-46ff-831b-abb8d59a46d9" executionId="afb6de45-7c80-4b3e-901f-d3d14bd28d02" testListId="ab2da0cc-58bc-4c38-8283-ab150bfd3e3e" />
    <TestEntry testId="d4a79f31-548a-4c9d-a8b9-708a23d6828f" executionId="bceacfb6-119e-49a1-8dd1-ac780a626abf" testListId="ab2da0cc-58bc-4c38-8283-ab150bfd3e3e" />
    <TestEntry testId="4020975c-ef4a-464d-b16d-7abfc0297950" executionId="7e9752ec-7aaa-414d-8cb0-dff6a803345f" testListId="ab2da0cc-58bc-4c38-8283-ab150bfd3e3e" />
    <TestEntry testId="c31b6e17-ede9-4c78-9279-4579527ac1c0" executionId="1e2eb2ce-8834-49e6-9b09-41eaf9db1ba8" testListId="ab2da0cc-58bc-4c38-8283-ab150bfd3e3e" />
    <TestEntry testId="9a99a871-8398-4734-9c0e-abaa540fb68b" executionId="a92dd96d-c114-48b0-afa6-f8e9e8668a35" testListId="ab2da0cc-58bc-4c38-8283-ab150bfd3e3e" />
    <TestEntry testId="71b40aa6-30ae-4f4d-b1e3-a75b2233eb26" executionId="62fdaf0b-e5ac-4cd4-a771-d4251bbed410" testListId="ab2da0cc-58bc-4c38-8283-ab150bfd3e3e" />
    <TestEntry testId="68f32626-6eec-40fa-9fae-38d137921357" executionId="4fac871a-f0e9-4e3c-819f-f14e146d3a12" testListId="ab2da0cc-58bc-4c38-8283-ab150bfd3e3e" />
    <TestEntry testId="ce0d244a-d4cc-4bd6-af00-be75ac8ad50b" executionId="ea9d9c33-905a-4eed-babf-2603dc7f60e5" testListId="ab2da0cc-58bc-4c38-8283-ab150bfd3e3e" />
    <TestEntry testId="d44ab9a6-e89b-4164-80d3-de018a43eb10" executionId="336928a4-ec18-4fce-977a-cc1d0515dbb0" testListId="ab2da0cc-58bc-4c38-8283-ab150bfd3e3e" />
    <TestEntry testId="9e4caf91-5274-4965-8396-6ed9a97504e2" executionId="c07df537-bab8-4d38-b0c0-e518bf313706" testListId="ab2da0cc-58bc-4c38-8283-ab150bfd3e3e" />
    <TestEntry testId="d0f91b50-3af8-4e14-b909-6997c9b8c328" executionId="34ae2366-29c6-42e7-bd3e-2edd743dfa98" testListId="ab2da0cc-58bc-4c38-8283-ab150bfd3e3e" />
    <TestEntry testId="d17d88a1-802b-472a-98b1-00fa5ba158dc" executionId="2a4b084c-4482-497a-b921-4559252f0777" testListId="ab2da0cc-58bc-4c38-8283-ab150bfd3e3e" />
    <TestEntry testId="f0981f13-5230-445c-9629-e78e026ceffe" executionId="bb69b4ad-19ca-4a98-9817-7101c8aad981" testListId="ab2da0cc-58bc-4c38-8283-ab150bfd3e3e" />
    <TestEntry testId="342866f0-8e31-4ae5-8103-fb8b82bf4c2c" executionId="e4f8def8-965e-4790-b3c2-760627789756" testListId="ab2da0cc-58bc-4c38-8283-ab150bfd3e3e" />
    <TestEntry testId="2593d7fa-e46a-49d4-8cb9-5ef3a3035ec9" executionId="f2f8a5fd-8274-48cf-b686-75ee450a7f24" testListId="ab2da0cc-58bc-4c38-8283-ab150bfd3e3e" />
    <TestEntry testId="b9846bf0-850f-4d57-9d99-f10f863721c2" executionId="a5b63564-eb83-4c0e-85f6-1a3ef979cb42" testListId="ab2da0cc-58bc-4c38-8283-ab150bfd3e3e" />
    <TestEntry testId="7d81d5c8-9c51-485e-8cf3-bfc87c79078c" executionId="a51f4a48-0048-489a-ab6a-efb32314181a" testListId="ab2da0cc-58bc-4c38-8283-ab150bfd3e3e" />
    <TestEntry testId="2b507b32-be8d-4318-b2d9-84efeeadb6ae" executionId="f8bac3b9-c302-48ad-8a1d-e5ac2be7b9a9" testListId="ab2da0cc-58bc-4c38-8283-ab150bfd3e3e" />
    <TestEntry testId="41f59a1d-60df-4c64-9346-97b5987efe0b" executionId="6d291b54-343f-44ec-8e60-dbefe77a4c97" testListId="ab2da0cc-58bc-4c38-8283-ab150bfd3e3e" />
    <TestEntry testId="2a881302-b820-4f31-a98c-2ec0009ed5f1" executionId="3a568c15-9f6e-4936-acbc-064eff66e985" testListId="ab2da0cc-58bc-4c38-8283-ab150bfd3e3e" />
    <TestEntry testId="1812f608-063f-4824-bffd-8de26275c49d" executionId="3a1c9b1b-2a89-46ac-a12c-8cb7ab299047" testListId="ab2da0cc-58bc-4c38-8283-ab150bfd3e3e" />
    <TestEntry testId="e287d1fb-bf5e-4281-aff6-0a260c4c5717" executionId="98a9ceef-29ac-4bf0-a3ea-a1fc25088a01" testListId="ab2da0cc-58bc-4c38-8283-ab150bfd3e3e" />
    <TestEntry testId="2a91f46b-8daf-4322-8dd0-c342ef5d7178" executionId="c132b051-274d-4f2c-9944-e006ee61855d" testListId="ab2da0cc-58bc-4c38-8283-ab150bfd3e3e" />
    <TestEntry testId="d835cc87-f9b2-4b8d-b0db-fff49f7a23c8" executionId="34d615a9-84d6-4b12-a1e9-c259814b53e6" testListId="ab2da0cc-58bc-4c38-8283-ab150bfd3e3e" />
    <TestEntry testId="b4e14823-5a21-477e-aa8a-8a0cb9a4a516" executionId="453c5077-09ab-462c-bcf2-ec94914ee317" testListId="ab2da0cc-58bc-4c38-8283-ab150bfd3e3e" />
    <TestEntry testId="38867602-88a8-45bb-abf4-bce8847482aa" executionId="f124b4f2-d087-4d13-a742-508e0acb23ff" testListId="ab2da0cc-58bc-4c38-8283-ab150bfd3e3e" />
    <TestEntry testId="aa101925-5c49-4e36-b3e6-9e161f41b134" executionId="41d046d4-1266-4952-927d-10572e95221f" testListId="ab2da0cc-58bc-4c38-8283-ab150bfd3e3e" />
    <TestEntry testId="7f79d700-fad3-436b-8c5f-b0ed3f6e76a2" executionId="61fce7fc-bc0c-4910-8fa7-ec2259bfc6ed" testListId="ab2da0cc-58bc-4c38-8283-ab150bfd3e3e" />
    <TestEntry testId="c040b7b6-6934-4708-93cf-bffb677e30be" executionId="861995f4-05d0-4aae-8bd5-2511b85358f1" testListId="ab2da0cc-58bc-4c38-8283-ab150bfd3e3e" />
    <TestEntry testId="4f43ec4f-d9e1-4875-bd8e-7528e5d01a96" executionId="19a37070-e9da-4a9a-a516-b6c4441867e5" testListId="ab2da0cc-58bc-4c38-8283-ab150bfd3e3e" />
    <TestEntry testId="85d87d7c-8442-4db9-8e5a-a7145dd2f7b9" executionId="05b818e7-04ce-4599-89c1-df8086262484" testListId="ab2da0cc-58bc-4c38-8283-ab150bfd3e3e" />
    <TestEntry testId="952d5a02-eb4a-4673-9e5d-9944a31aaa51" executionId="72131915-6b1e-43b7-a2b3-301c49293641" testListId="ab2da0cc-58bc-4c38-8283-ab150bfd3e3e" />
    <TestEntry testId="3283b6e8-a5ae-434a-b5c7-3447992e0640" executionId="f9bd54a0-d64c-48c3-93b6-2b3c614c3603" testListId="ab2da0cc-58bc-4c38-8283-ab150bfd3e3e" />
    <TestEntry testId="9d4f799e-e6e2-4b0f-94e0-f0709d5c8c69" executionId="598e035a-534c-49c5-ae66-11fa40c1983c" testListId="ab2da0cc-58bc-4c38-8283-ab150bfd3e3e" />
    <TestEntry testId="be8887a6-40b5-44dd-92d4-d5e95f786bce" executionId="7f766a8b-03a8-484a-8eae-e9a370eb7e03" testListId="ab2da0cc-58bc-4c38-8283-ab150bfd3e3e" />
    <TestEntry testId="dade012b-c5d0-449f-a61f-b2351fb269ce" executionId="a38fb0be-599b-42ae-bc55-c3f6f591bed5" testListId="ab2da0cc-58bc-4c38-8283-ab150bfd3e3e" />
    <TestEntry testId="6bc7f509-08b8-468a-94aa-29547f1aa8b1" executionId="f8bfaa12-04e0-4af9-90bd-af0f00f5f615" testListId="ab2da0cc-58bc-4c38-8283-ab150bfd3e3e" />
    <TestEntry testId="7bcff541-ae94-4fc3-a0dc-fafb9b33b23c" executionId="76324717-285e-41c4-b4de-42c69dbcbbc1" testListId="ab2da0cc-58bc-4c38-8283-ab150bfd3e3e" />
    <TestEntry testId="f3d0482e-50a5-498c-871c-11e522e7d650" executionId="6febda6a-64df-471f-8ac8-02b8a0c42a9f" testListId="ab2da0cc-58bc-4c38-8283-ab150bfd3e3e" />
    <TestEntry testId="85824f4f-5e7a-44a8-b1ed-3fe7d0953c88" executionId="0082f3a0-88fe-4a91-8384-ca01737b36f0" testListId="ab2da0cc-58bc-4c38-8283-ab150bfd3e3e" />
    <TestEntry testId="2d838136-4ced-4c15-b9d6-068d95303486" executionId="62fbf4ef-b222-4d50-af10-3464d306496a" testListId="ab2da0cc-58bc-4c38-8283-ab150bfd3e3e" />
    <TestEntry testId="ff87d36a-6a78-43af-8075-674078edeadd" executionId="ba44de1c-d77c-4f77-b4d0-5a95051a5541" testListId="ab2da0cc-58bc-4c38-8283-ab150bfd3e3e" />
    <TestEntry testId="70313f7e-e448-410a-b9da-90ca0e075902" executionId="1c4ee949-4ddd-40ed-988d-87143178552c" testListId="ab2da0cc-58bc-4c38-8283-ab150bfd3e3e" />
    <TestEntry testId="58c5d001-4e3c-4c2b-8c01-80a2e9c18a8f" executionId="06ebc1f1-107e-4f7d-a973-5afb76296679" testListId="ab2da0cc-58bc-4c38-8283-ab150bfd3e3e" />
    <TestEntry testId="cb4d9a6f-df5e-4d19-b247-3bf8388cfd9d" executionId="57a79953-ef7f-42c2-8a79-b9b8c9cfebe6" testListId="ab2da0cc-58bc-4c38-8283-ab150bfd3e3e" />
    <TestEntry testId="51387520-d525-4dfc-bd9c-652ac8bf9488" executionId="c5f5e399-b8ee-4357-bde1-5402d49c6928" testListId="ab2da0cc-58bc-4c38-8283-ab150bfd3e3e" />
    <TestEntry testId="98545a50-29ea-4b41-8eca-caf57023fee8" executionId="6a8c2b3c-cc48-4288-b166-51bd6f0a85f1" testListId="ab2da0cc-58bc-4c38-8283-ab150bfd3e3e" />
    <TestEntry testId="0fba239b-f584-4335-8453-d45791043748" executionId="d68e1b03-faff-4f4e-b9f1-cead21792252" testListId="ab2da0cc-58bc-4c38-8283-ab150bfd3e3e" />
    <TestEntry testId="524caa47-cfb7-4ed6-8470-125f26707bfd" executionId="cb8ba656-4efa-4e9b-99de-36494e3f6732" testListId="ab2da0cc-58bc-4c38-8283-ab150bfd3e3e" />
    <TestEntry testId="0a75c735-9b56-49b5-8ec0-952e74769091" executionId="ae2317a8-d63e-4e9e-9e79-c5ccfc9e77d9" testListId="ab2da0cc-58bc-4c38-8283-ab150bfd3e3e" />
    <TestEntry testId="69f0de9f-879e-4a27-adcf-b70642e2c140" executionId="8a2d82ce-2a18-4a5f-9912-a562028fc504" testListId="ab2da0cc-58bc-4c38-8283-ab150bfd3e3e" />
    <TestEntry testId="cf9bccb3-4395-4eb6-bcd9-acaa1af7d4f7" executionId="d4419824-b769-4795-9ac7-3a0a8e1d358a" testListId="ab2da0cc-58bc-4c38-8283-ab150bfd3e3e" />
    <TestEntry testId="6bc8ffa0-5cfa-4439-b8b5-24a23f516d07" executionId="65484f17-68e8-40be-9a0d-a4aaba7de779" testListId="ab2da0cc-58bc-4c38-8283-ab150bfd3e3e" />
    <TestEntry testId="571f41cf-23cc-4418-9b73-86fd2944b00a" executionId="c8639b22-f58d-459d-9b98-f539c47abd1a" testListId="ab2da0cc-58bc-4c38-8283-ab150bfd3e3e" />
    <TestEntry testId="76f66a08-3064-4bb7-9e3a-5fe1e1f58b7c" executionId="fc9910b0-fdf2-4cf3-acf3-7a1d4b947b1f" testListId="ab2da0cc-58bc-4c38-8283-ab150bfd3e3e" />
    <TestEntry testId="d5762947-27bb-4fc7-b76b-abcd9e9763cb" executionId="7c8d297d-2d39-4656-b689-29941fd93d77" testListId="ab2da0cc-58bc-4c38-8283-ab150bfd3e3e" />
    <TestEntry testId="5ae3ee3b-3979-4d3e-acfb-a6c69f9ca387" executionId="cc667d09-d959-42c2-9a0a-bf611d6b9f6e" testListId="ab2da0cc-58bc-4c38-8283-ab150bfd3e3e" />
    <TestEntry testId="80f8a064-5713-49de-9722-ef2c1fe066ff" executionId="cc806239-0044-41bc-b349-57c2708865b2" testListId="ab2da0cc-58bc-4c38-8283-ab150bfd3e3e" />
    <TestEntry testId="119ead85-426b-4c8e-a4f6-74d26091c091" executionId="934a834e-a8a7-4bda-a06b-d6fd190c745a" testListId="ab2da0cc-58bc-4c38-8283-ab150bfd3e3e" />
    <TestEntry testId="5ef1c050-4ea9-49d6-be8a-c426eb473b0a" executionId="f4b44219-d71e-4b30-90d4-dc8eee5904ed" testListId="ab2da0cc-58bc-4c38-8283-ab150bfd3e3e" />
    <TestEntry testId="ce647da3-fb35-4d62-a0ea-cc276498f2de" executionId="d3a8fa59-1bc7-4132-ad20-9a837269293c" testListId="ab2da0cc-58bc-4c38-8283-ab150bfd3e3e" />
    <TestEntry testId="5c1a5d0d-bb7b-4183-a205-1cba3a1d59b8" executionId="19e97d71-6c0a-49a3-9945-faafda87c5a9" testListId="ab2da0cc-58bc-4c38-8283-ab150bfd3e3e" />
    <TestEntry testId="6b36efa8-f50d-4cb0-8756-cff29e1305aa" executionId="b9e5a7d9-7752-4382-b6f2-2ebd5dcdab00" testListId="ab2da0cc-58bc-4c38-8283-ab150bfd3e3e" />
    <TestEntry testId="8aa1d410-4507-45b3-9fd5-4ab818021970" executionId="d908bfa2-f798-47af-930f-c7c5092f0524" testListId="ab2da0cc-58bc-4c38-8283-ab150bfd3e3e" />
    <TestEntry testId="64544141-ac77-423e-ac9f-d8912da2d0fd" executionId="1f490fb5-898b-43a2-8bb3-1fee9d8d1c37" testListId="ab2da0cc-58bc-4c38-8283-ab150bfd3e3e" />
    <TestEntry testId="f22172b2-47a2-4242-ac9e-293b04595980" executionId="b5d8a32d-4f4c-4a02-9534-a9f00b58498a" testListId="ab2da0cc-58bc-4c38-8283-ab150bfd3e3e" />
    <TestEntry testId="1ac1a0c7-e9b9-44e3-aa60-e0e2d76d76b6" executionId="2af96698-18fc-410c-9ee1-7b7605ca2044" testListId="ab2da0cc-58bc-4c38-8283-ab150bfd3e3e" />
    <TestEntry testId="7bf32dd0-dca1-4283-902d-0add37020e14" executionId="cee4a7ba-8896-445c-a183-41556d726c92" testListId="ab2da0cc-58bc-4c38-8283-ab150bfd3e3e" />
    <TestEntry testId="4188d7ef-ee43-4583-8ad7-1d800617bd9a" executionId="f2d01a53-aa86-46d3-bbfd-cf3dc58141e2" testListId="ab2da0cc-58bc-4c38-8283-ab150bfd3e3e" />
    <TestEntry testId="150fb7a0-63f7-4308-b3ef-481a39b79eff" executionId="d81d545f-a8b1-4eb8-8c33-c2e2ae307d54" testListId="ab2da0cc-58bc-4c38-8283-ab150bfd3e3e" />
    <TestEntry testId="84403333-3d44-4e05-9c14-85223439e65c" executionId="48bc6dd4-2968-4adf-84fd-f017bb0c607a" testListId="ab2da0cc-58bc-4c38-8283-ab150bfd3e3e" />
    <TestEntry testId="d623398f-5a72-466a-b5ee-da9ce387fee7" executionId="5baa3d30-e169-4d72-8c30-717193fa897b" testListId="ab2da0cc-58bc-4c38-8283-ab150bfd3e3e" />
    <TestEntry testId="e90d1145-14c3-4752-af28-487f7bdd20a4" executionId="e81e185b-dca7-40b3-9867-f59055349bad" testListId="ab2da0cc-58bc-4c38-8283-ab150bfd3e3e" />
    <TestEntry testId="ace23fea-3fb1-4d5b-98df-4089658782fd" executionId="1f3ce3c8-5a6e-49ee-a52b-dc1e63e98141" testListId="ab2da0cc-58bc-4c38-8283-ab150bfd3e3e" />
    <TestEntry testId="d7cae830-d991-4bf1-ac2c-038fadef3fc7" executionId="60ad7ae5-d753-41fa-8b25-102a9a59ce7e" testListId="ab2da0cc-58bc-4c38-8283-ab150bfd3e3e" />
    <TestEntry testId="4d5f5ebb-0520-4de0-8557-433d51997a4f" executionId="06a6fc0a-32e7-431c-b5ec-7aa3f178badf" testListId="ab2da0cc-58bc-4c38-8283-ab150bfd3e3e" />
    <TestEntry testId="58b2bb66-1d75-41a8-b92b-350ac6294cac" executionId="8f672145-0c36-4f6a-b201-324739659e2f" testListId="ab2da0cc-58bc-4c38-8283-ab150bfd3e3e" />
    <TestEntry testId="996b58bb-19e8-42b6-ab35-c704322222d0" executionId="82261e67-ee15-4757-acaa-756034f1bb07" testListId="ab2da0cc-58bc-4c38-8283-ab150bfd3e3e" />
    <TestEntry testId="d0e78a5f-ce22-4504-9a20-4f5d5ad8f846" executionId="d5d2040d-f135-43e8-8089-23ea7e664b34" testListId="ab2da0cc-58bc-4c38-8283-ab150bfd3e3e" />
    <TestEntry testId="a38ac5bf-60cf-4e45-a87f-44b6a43d8aee" executionId="b3154649-3d01-4ca2-990f-2393813b886c" testListId="ab2da0cc-58bc-4c38-8283-ab150bfd3e3e" />
    <TestEntry testId="20d54728-71d8-4e86-b485-1eabb1cd23e7" executionId="4cebf04f-5f4b-4d00-85de-099d4ac94a18" testListId="ab2da0cc-58bc-4c38-8283-ab150bfd3e3e" />
    <TestEntry testId="261d0446-36e3-4204-bade-c2672711f65e" executionId="b18a7885-f62c-40e6-9e02-29520bd59cfe" testListId="ab2da0cc-58bc-4c38-8283-ab150bfd3e3e" />
    <TestEntry testId="f9522a11-4b15-4aae-a5ee-810a3ea25493" executionId="9bd5796a-3017-46c3-8afe-9a883331ea35" testListId="ab2da0cc-58bc-4c38-8283-ab150bfd3e3e" />
    <TestEntry testId="9cc29679-8e9b-4fd4-a095-713dc033cb73" executionId="f57f096c-aef8-479a-a41e-eb15a4003199" testListId="ab2da0cc-58bc-4c38-8283-ab150bfd3e3e" />
    <TestEntry testId="5bd9145f-aee8-4f1b-83d1-2dfa3a8bf295" executionId="78e497a9-980b-49c4-a603-138042a1d57e" testListId="ab2da0cc-58bc-4c38-8283-ab150bfd3e3e" />
    <TestEntry testId="8f59c402-f5a8-47fd-9be5-b73497738874" executionId="8ba1dd9c-a0f0-4982-9b64-fb0762ee6041" testListId="ab2da0cc-58bc-4c38-8283-ab150bfd3e3e" />
    <TestEntry testId="d8ddc757-b3d5-415a-b686-568d807e0400" executionId="6eee3545-2f67-444a-9b3a-87aef45c851c" testListId="ab2da0cc-58bc-4c38-8283-ab150bfd3e3e" />
    <TestEntry testId="1575f36e-742b-439a-95ec-c3043ab9d200" executionId="9bf72ac3-4b4e-42aa-94e5-ae30e893795a" testListId="ab2da0cc-58bc-4c38-8283-ab150bfd3e3e" />
    <TestEntry testId="7568544b-12e7-4d1a-9ada-65a66456d737" executionId="21215422-f733-4a96-8860-57cee0ab45fb" testListId="ab2da0cc-58bc-4c38-8283-ab150bfd3e3e" />
    <TestEntry testId="4f27579c-702b-4241-8700-2fdc75d40325" executionId="036069f6-b647-4ef0-ba06-05490e6aac55" testListId="ab2da0cc-58bc-4c38-8283-ab150bfd3e3e" />
    <TestEntry testId="74470658-1c3c-4c22-a172-b20163972f61" executionId="2687f995-3109-495f-a822-230bec695812" testListId="ab2da0cc-58bc-4c38-8283-ab150bfd3e3e" />
    <TestEntry testId="792bd11a-4bc5-4196-9f8a-dee725c4d81a" executionId="0d10b003-4ea7-4bf4-89c0-90b588ded8d3" testListId="ab2da0cc-58bc-4c38-8283-ab150bfd3e3e" />
    <TestEntry testId="310de49a-03d6-4545-9308-70a4d78dc92b" executionId="860e24f6-9244-413e-8c85-2c17c3a1ca03" testListId="ab2da0cc-58bc-4c38-8283-ab150bfd3e3e" />
    <TestEntry testId="09b8498c-854c-4fe0-993c-d5f3b8d27730" executionId="5691753e-4f10-49e3-8b28-b06c004adf65" testListId="ab2da0cc-58bc-4c38-8283-ab150bfd3e3e" />
    <TestEntry testId="0c3ace2d-074d-414b-b254-10fb0eb6206d" executionId="b1180184-da5d-4dc7-9307-e59816a91eca" testListId="ab2da0cc-58bc-4c38-8283-ab150bfd3e3e" />
    <TestEntry testId="06dc0f72-c01d-484e-98df-41ed0f401f3e" executionId="4690ca01-52ea-4cf2-8a85-77195ae2300b" testListId="ab2da0cc-58bc-4c38-8283-ab150bfd3e3e" />
    <TestEntry testId="b2699a8f-7f56-40d2-b254-3b666eb76dae" executionId="7042c2c8-5e1e-40ff-ad29-5a074ac70898" testListId="ab2da0cc-58bc-4c38-8283-ab150bfd3e3e" />
    <TestEntry testId="d345a290-f9fc-49b2-95f8-f27c34fd490c" executionId="8425de6c-6ac2-4249-8195-fca3c024371f" testListId="ab2da0cc-58bc-4c38-8283-ab150bfd3e3e" />
    <TestEntry testId="a6938c26-742c-4605-b9f1-1410d900d32a" executionId="0141bc8c-3421-46ab-851f-5f27feb10af2" testListId="ab2da0cc-58bc-4c38-8283-ab150bfd3e3e" />
    <TestEntry testId="d5699940-5749-44fb-af68-5af8709c22de" executionId="d749f3b7-6b41-4d82-938e-ed2efdde1521" testListId="ab2da0cc-58bc-4c38-8283-ab150bfd3e3e" />
  </TestEntries>
  <TestLists>
    <TestList name="Results Not in a List" id="ab2da0cc-58bc-4c38-8283-ab150bfd3e3e" />
    <TestList name="All Loaded Results" id="3ce18e0b-031e-4da8-b402-04d96a5980f7" />
  </TestLists>
</TestRun>