<?xml version="1.0" encoding="UTF-8"?>
<TestRun id="803f2157-dd06-4da8-87b3-652d6d0e5296" name="Test Run 10" runUser="Oles Galatsan" xmlns="http://microsoft.com/schemas/VisualStudio/TeamTest/2010">
  <Times creation="2025-05-14T13:20:31.3125482Z" queuing="2025-05-14T13:20:31.3125482Z" start="2025-05-14T13:20:31.3146610Z" finish="2025-05-14T13:25:31.3147553Z" />
  <TestSettings name="Test Settings 10" id="f6b36144-31e5-47fe-b25d-51b6c5b6a64e" />
  <Results>
    <UnitTestResult executionId="0946d434-993a-475b-951b-da4c33893a93" testId="6271cf34-b9aa-475d-b07e-8ecb93986968" testName="Test901" computerName="UA-LPT-OGA2" duration="00:00:01.8150000" startTime="2025-05-14T13:20:31.3146610Z" endTime="2025-05-14T13:25:31.3147553Z" testType="13cdc9d9-ddb5-4fa4-a97d-d965ccfc6d4b" outcome="Passed" testListId="3f04b5de-7fc5-4a06-a20c-849b855bf475" />
    <UnitTestResult executionId="4654e34b-6b1b-4ce5-b30e-8370ab4ef295" testId="54c2dd38-a6c4-4379-975b-bb811f1d2e67" testName="Test902" computerName="UA-LPT-OGA2" duration="00:00:00.8150000" startTime="2025-05-14T13:20:31.3146610Z" endTime="2025-05-14T13:25:31.3147553Z" testType="13cdc9d9-ddb5-4fa4-a97d-d965ccfc6d4b" outcome="Passed" testListId="3f04b5de-7fc5-4a06-a20c-849b855bf475" />
    <UnitTestResult executionId="26bd80c2-941f-43ca-8e0a-181cbb501276" testId="0a37d6cb-1249-4dce-bb40-b17b4faf582c" testName="Test903" computerName="UA-LPT-OGA2" duration="00:00:01.7870000" startTime="2025-05-14T13:20:31.3146610Z" endTime="2025-05-14T13:25:31.3147553Z" testType="13cdc9d9-ddb5-4fa4-a97d-d965ccfc6d4b" outcome="Passed" testListId="3f04b5de-7fc5-4a06-a20c-849b855bf475" />
    <UnitTestResult executionId="68d7095a-2156-424e-a6d8-93efa32c019d" testId="14ba35b6-1008-4463-9e3d-95dbf2adda09" testName="Test904" computerName="UA-LPT-OGA2" duration="00:00:01.8650000" startTime="2025-05-14T13:20:31.3146610Z" endTime="2025-05-14T13:25:31.3147553Z" testType="13cdc9d9-ddb5-4fa4-a97d-d965ccfc6d4b" outcome="Passed" testListId="3f04b5de-7fc5-4a06-a20c-849b855bf475" />
    <UnitTestResult executionId="88616876-9aeb-4875-b7f5-a4c5597af999" testId="6ac7062e-4ad2-4e86-b9eb-6b8a90cdf299" testName="Test905" computerName="UA-LPT-OGA2" duration="00:00:00.9460000" startTime="2025-05-14T13:20:31.3146610Z" endTime="2025-05-14T13:25:31.3147553Z" testType="13cdc9d9-ddb5-4fa4-a97d-d965ccfc6d4b" outcome="Passed" testListId="3f04b5de-7fc5-4a06-a20c-849b855bf475" />
    <UnitTestResult executionId="488c172f-1b28-43f4-bf10-ea0d3b2201e9" testId="2b6572a0-b2ce-4395-8580-1c9fd67a1136" testName="Test906" computerName="UA-LPT-OGA2" duration="00:00:00.6000000" startTime="2025-05-14T13:20:31.3146610Z" endTime="2025-05-14T13:25:31.3147553Z" testType="13cdc9d9-ddb5-4fa4-a97d-d965ccfc6d4b" outcome="Passed" testListId="3f04b5de-7fc5-4a06-a20c-849b855bf475" />
    <UnitTestResult executionId="f9312729-23e6-4c0b-a64d-e52181ffe56f" testId="fb6f3329-b782-4d9d-a2b0-ff236802e061" testName="Test907" computerName="UA-LPT-OGA2" duration="00:00:01.5510000" startTime="2025-05-14T13:20:31.3146610Z" endTime="2025-05-14T13:25:31.3147553Z" testType="13cdc9d9-ddb5-4fa4-a97d-d965ccfc6d4b" outcome="Inconclusive" testListId="3f04b5de-7fc5-4a06-a20c-849b855bf475" />
    <UnitTestResult executionId="35252081-5765-41fe-b84b-3198e03a20df" testId="42e04aac-bede-46b9-9fd6-948d9829149c" testName="Test908" computerName="UA-LPT-OGA2" duration="00:00:01.0580000" startTime="2025-05-14T13:20:31.3146610Z" endTime="2025-05-14T13:25:31.3147553Z" testType="13cdc9d9-ddb5-4fa4-a97d-d965ccfc6d4b" outcome="Passed" testListId="3f04b5de-7fc5-4a06-a20c-849b855bf475" />
    <UnitTestResult executionId="c9a87488-d718-466a-a0dd-6f07ab1fd01f" testId="3a2d6e64-2978-4086-b80e-b6f108b086d8" testName="Test909" computerName="UA-LPT-OGA2" duration="00:00:01.7710000" startTime="2025-05-14T13:20:31.3146610Z" endTime="2025-05-14T13:25:31.3147553Z" testType="13cdc9d9-ddb5-4fa4-a97d-d965ccfc6d4b" outcome="Failed" testListId="3f04b5de-7fc5-4a06-a20c-849b855bf475">
      <Output>
        <ErrorInfo>
          <Message>Assertion failed: Expected value did not match actual value.</Message>
          <StackTrace>   at TestNamespace.TestClass.Test() in TestClass.cs:line 47</StackTrace>
        </ErrorInfo>
      </Output>
    </UnitTestResult>
    <UnitTestResult executionId="9a0a9c04-e1e2-443a-93e0-5af56697585c" testId="c43245a4-01d1-4baa-9999-96f405516fcf" testName="Test910" computerName="UA-LPT-OGA2" duration="00:00:00.3500000" startTime="2025-05-14T13:20:31.3146610Z" endTime="2025-05-14T13:25:31.3147553Z" testType="13cdc9d9-ddb5-4fa4-a97d-d965ccfc6d4b" outcome="Passed" testListId="3f04b5de-7fc5-4a06-a20c-849b855bf475" />
    <UnitTestResult executionId="e8435eb4-21dc-4bb4-8d98-032a2211c198" testId="8521edc3-22db-4751-b5e1-727faae525e5" testName="Test911" computerName="UA-LPT-OGA2" duration="00:00:01.7010000" startTime="2025-05-14T13:20:31.3146610Z" endTime="2025-05-14T13:25:31.3147553Z" testType="13cdc9d9-ddb5-4fa4-a97d-d965ccfc6d4b" outcome="Passed" testListId="3f04b5de-7fc5-4a06-a20c-849b855bf475" />
    <UnitTestResult executionId="cdec3c39-55fc-4251-8199-2dd68ca5b81c" testId="737c5652-4947-4a7b-aec2-0bfad776a0fa" testName="Test912" computerName="UA-LPT-OGA2" duration="00:00:00.1440000" startTime="2025-05-14T13:20:31.3146610Z" endTime="2025-05-14T13:25:31.3147553Z" testType="13cdc9d9-ddb5-4fa4-a97d-d965ccfc6d4b" outcome="Passed" testListId="3f04b5de-7fc5-4a06-a20c-849b855bf475" />
    <UnitTestResult executionId="e45fc22f-03da-48ff-a8df-5e5312d25653" testId="d50f600d-9df3-474c-9db2-95a620683f25" testName="Test913" computerName="UA-LPT-OGA2" duration="00:00:01.3340000" startTime="2025-05-14T13:20:31.3146610Z" endTime="2025-05-14T13:25:31.3147553Z" testType="13cdc9d9-ddb5-4fa4-a97d-d965ccfc6d4b" outcome="Passed" testListId="3f04b5de-7fc5-4a06-a20c-849b855bf475" />
    <UnitTestResult executionId="b2ffa948-1d87-4068-b666-8a7e1955b0e0" testId="73f43d39-f42e-4381-9253-631350780304" testName="Test914" computerName="UA-LPT-OGA2" duration="00:00:00.1830000" startTime="2025-05-14T13:20:31.3146610Z" endTime="2025-05-14T13:25:31.3147553Z" testType="13cdc9d9-ddb5-4fa4-a97d-d965ccfc6d4b" outcome="Passed" testListId="3f04b5de-7fc5-4a06-a20c-849b855bf475" />
    <UnitTestResult executionId="69804207-d8f5-4839-b8ff-56d2d6a5b8d9" testId="c3e6ebbd-2ecf-4dcd-99a2-335078125e71" testName="Test915" computerName="UA-LPT-OGA2" duration="00:00:01.3340000" startTime="2025-05-14T13:20:31.3146610Z" endTime="2025-05-14T13:25:31.3147553Z" testType="13cdc9d9-ddb5-4fa4-a97d-d965ccfc6d4b" outcome="Failed" testListId="3f04b5de-7fc5-4a06-a20c-849b855bf475">
      <Output>
        <ErrorInfo>
          <Message>Assertion failed: Expected value did not match actual value.</Message>
          <StackTrace>   at TestNamespace.TestClass.Test() in TestClass.cs:line 265</StackTrace>
        </ErrorInfo>
      </Output>
    </UnitTestResult>
    <UnitTestResult executionId="70897462-7d09-4e13-8c7f-63dd3dbff60a" testId="0d1bef95-2552-4959-bb60-106072ad2c31" testName="Test916" computerName="UA-LPT-OGA2" duration="00:00:00.2610000" startTime="2025-05-14T13:20:31.3146610Z" endTime="2025-05-14T13:25:31.3147553Z" testType="13cdc9d9-ddb5-4fa4-a97d-d965ccfc6d4b" outcome="Passed" testListId="3f04b5de-7fc5-4a06-a20c-849b855bf475" />
    <UnitTestResult executionId="a915569e-6f3e-4a27-ae3d-43936cb96017" testId="8f33389e-27e8-4e12-9ab4-cbe2a26abc39" testName="Test917" computerName="UA-LPT-OGA2" duration="00:00:00.9560000" startTime="2025-05-14T13:20:31.3146610Z" endTime="2025-05-14T13:25:31.3147553Z" testType="13cdc9d9-ddb5-4fa4-a97d-d965ccfc6d4b" outcome="Failed" testListId="3f04b5de-7fc5-4a06-a20c-849b855bf475">
      <Output>
        <ErrorInfo>
          <Message>Assertion failed: Expected value did not match actual value.</Message>
          <StackTrace>   at TestNamespace.TestClass.Test() in TestClass.cs:line 248</StackTrace>
        </ErrorInfo>
      </Output>
    </UnitTestResult>
    <UnitTestResult executionId="f8e4dc48-32e3-44ff-a0b2-24d09ba150a0" testId="7cfb0a23-5531-4465-ae3b-df425f653647" testName="Test918" computerName="UA-LPT-OGA2" duration="00:00:00.1090000" startTime="2025-05-14T13:20:31.3146610Z" endTime="2025-05-14T13:25:31.3147553Z" testType="13cdc9d9-ddb5-4fa4-a97d-d965ccfc6d4b" outcome="Passed" testListId="3f04b5de-7fc5-4a06-a20c-849b855bf475" />
    <UnitTestResult executionId="ab18615a-707d-4130-ae45-ba106d1d8384" testId="5fb99d6b-f49b-4f8e-860c-d11040b0e05b" testName="Test919" computerName="UA-LPT-OGA2" duration="00:00:01.9060000" startTime="2025-05-14T13:20:31.3146610Z" endTime="2025-05-14T13:25:31.3147553Z" testType="13cdc9d9-ddb5-4fa4-a97d-d965ccfc6d4b" outcome="Passed" testListId="3f04b5de-7fc5-4a06-a20c-849b855bf475" />
    <UnitTestResult executionId="c011e44d-2b0f-4289-8491-dba518ff041e" testId="d31af466-5c1b-4868-8220-09aefbb1b4f1" testName="Test920" computerName="UA-LPT-OGA2" duration="00:00:01.4770000" startTime="2025-05-14T13:20:31.3146610Z" endTime="2025-05-14T13:25:31.3147553Z" testType="13cdc9d9-ddb5-4fa4-a97d-d965ccfc6d4b" outcome="Passed" testListId="3f04b5de-7fc5-4a06-a20c-849b855bf475" />
    <UnitTestResult executionId="75c7983c-f9dd-4869-bd1b-745ceb29fe4a" testId="2b3aaace-1031-4833-85e1-ae9e5bd8b22b" testName="Test921" computerName="UA-LPT-OGA2" duration="00:00:01.3530000" startTime="2025-05-14T13:20:31.3146610Z" endTime="2025-05-14T13:25:31.3147553Z" testType="13cdc9d9-ddb5-4fa4-a97d-d965ccfc6d4b" outcome="Passed" testListId="3f04b5de-7fc5-4a06-a20c-849b855bf475" />
    <UnitTestResult executionId="4fb9dc28-f7da-430a-87a7-4c71b1f159df" testId="6c1a3fb0-eb6d-44eb-b23e-ef3cd9814a9e" testName="Test922" computerName="UA-LPT-OGA2" duration="00:00:01.2970000" startTime="2025-05-14T13:20:31.3146610Z" endTime="2025-05-14T13:25:31.3147553Z" testType="13cdc9d9-ddb5-4fa4-a97d-d965ccfc6d4b" outcome="Passed" testListId="3f04b5de-7fc5-4a06-a20c-849b855bf475" />
    <UnitTestResult executionId="f7114dc5-3a13-466a-82c4-7ac8c9580910" testId="fdb5eaee-3483-4577-8253-5c24bbc76a56" testName="Test923" computerName="UA-LPT-OGA2" duration="00:00:00.5300000" startTime="2025-05-14T13:20:31.3146610Z" endTime="2025-05-14T13:25:31.3147553Z" testType="13cdc9d9-ddb5-4fa4-a97d-d965ccfc6d4b" outcome="Passed" testListId="3f04b5de-7fc5-4a06-a20c-849b855bf475" />
    <UnitTestResult executionId="8fef2d05-327f-41d7-9a37-1f428a804e12" testId="73cfba55-611a-4905-942f-2b74ddaead26" testName="Test924" computerName="UA-LPT-OGA2" duration="00:00:00.0740000" startTime="2025-05-14T13:20:31.3146610Z" endTime="2025-05-14T13:25:31.3147553Z" testType="13cdc9d9-ddb5-4fa4-a97d-d965ccfc6d4b" outcome="Passed" testListId="3f04b5de-7fc5-4a06-a20c-849b855bf475" />
    <UnitTestResult executionId="5a19ddeb-b621-43c7-b1b9-d3ed9f195d52" testId="bd8e5162-1d35-4a65-9b91-40a17bbba4fd" testName="Test925" computerName="UA-LPT-OGA2" duration="00:00:01.2960000" startTime="2025-05-14T13:20:31.3146610Z" endTime="2025-05-14T13:25:31.3147553Z" testType="13cdc9d9-ddb5-4fa4-a97d-d965ccfc6d4b" outcome="Passed" testListId="3f04b5de-7fc5-4a06-a20c-849b855bf475" />
    <UnitTestResult executionId="996abad3-80df-4126-8b76-ac64f798f63f" testId="c5155bba-7e61-4724-98ef-031a33069450" testName="Test926" computerName="UA-LPT-OGA2" duration="00:00:01.1840000" startTime="2025-05-14T13:20:31.3146610Z" endTime="2025-05-14T13:25:31.3147553Z" testType="13cdc9d9-ddb5-4fa4-a97d-d965ccfc6d4b" outcome="Passed" testListId="3f04b5de-7fc5-4a06-a20c-849b855bf475" />
    <UnitTestResult executionId="d7a4b80c-74fe-401c-a7bb-0636ecbd556e" testId="77accaa4-193b-4392-88c9-155f3b67730e" testName="Test927" computerName="UA-LPT-OGA2" duration="00:00:01.6390000" startTime="2025-05-14T13:20:31.3146610Z" endTime="2025-05-14T13:25:31.3147553Z" testType="13cdc9d9-ddb5-4fa4-a97d-d965ccfc6d4b" outcome="Failed" testListId="3f04b5de-7fc5-4a06-a20c-849b855bf475">
      <Output>
        <ErrorInfo>
          <Message>Assertion failed: Expected value did not match actual value.</Message>
          <StackTrace>   at TestNamespace.TestClass.Test() in TestClass.cs:line 112</StackTrace>
        </ErrorInfo>
      </Output>
    </UnitTestResult>
    <UnitTestResult executionId="a669622e-920a-4d4a-a2a7-a33dafa78f0a" testId="adba0b41-0260-4f7e-84ff-ce7e9665b7cc" testName="Test928" computerName="UA-LPT-OGA2" duration="00:00:01.5870000" startTime="2025-05-14T13:20:31.3146610Z" endTime="2025-05-14T13:25:31.3147553Z" testType="13cdc9d9-ddb5-4fa4-a97d-d965ccfc6d4b" outcome="Passed" testListId="3f04b5de-7fc5-4a06-a20c-849b855bf475" />
    <UnitTestResult executionId="fda19d61-51e8-4427-b75d-db026ccf9ab2" testId="dccd9d8e-6e12-456b-8d3d-3ac276b41c17" testName="Test929" computerName="UA-LPT-OGA2" duration="00:00:01.1000000" startTime="2025-05-14T13:20:31.3146610Z" endTime="2025-05-14T13:25:31.3147553Z" testType="13cdc9d9-ddb5-4fa4-a97d-d965ccfc6d4b" outcome="Passed" testListId="3f04b5de-7fc5-4a06-a20c-849b855bf475" />
    <UnitTestResult executionId="5856acee-a632-41f3-acda-bf06d180c52d" testId="b00e81a1-dafc-410f-a7b7-684d64d62008" testName="Test930" computerName="UA-LPT-OGA2" duration="00:00:00.0600000" startTime="2025-05-14T13:20:31.3146610Z" endTime="2025-05-14T13:25:31.3147553Z" testType="13cdc9d9-ddb5-4fa4-a97d-d965ccfc6d4b" outcome="Passed" testListId="3f04b5de-7fc5-4a06-a20c-849b855bf475" />
    <UnitTestResult executionId="3b227fc8-1452-468e-a570-7fdb56df5cad" testId="5fef4282-520d-40b5-8699-ce528d4b222a" testName="Test931" computerName="UA-LPT-OGA2" duration="00:00:00.7840000" startTime="2025-05-14T13:20:31.3146610Z" endTime="2025-05-14T13:25:31.3147553Z" testType="13cdc9d9-ddb5-4fa4-a97d-d965ccfc6d4b" outcome="Passed" testListId="3f04b5de-7fc5-4a06-a20c-849b855bf475" />
    <UnitTestResult executionId="66396ed2-2693-448c-a6d3-140d9e2f3ebb" testId="dde9ec3e-b25d-4bab-9b87-6bc7bb800340" testName="Test932" computerName="UA-LPT-OGA2" duration="00:00:00.3490000" startTime="2025-05-14T13:20:31.3146610Z" endTime="2025-05-14T13:25:31.3147553Z" testType="13cdc9d9-ddb5-4fa4-a97d-d965ccfc6d4b" outcome="Passed" testListId="3f04b5de-7fc5-4a06-a20c-849b855bf475" />
    <UnitTestResult executionId="09a93e0f-35c2-4f30-be5b-5c263e0f8523" testId="1febb87d-61d9-4e62-875f-38c7d66154a6" testName="Test933" computerName="UA-LPT-OGA2" duration="00:00:01.6300000" startTime="2025-05-14T13:20:31.3146610Z" endTime="2025-05-14T13:25:31.3147553Z" testType="13cdc9d9-ddb5-4fa4-a97d-d965ccfc6d4b" outcome="Failed" testListId="3f04b5de-7fc5-4a06-a20c-849b855bf475">
      <Output>
        <ErrorInfo>
          <Message>Assertion failed: Expected value did not match actual value.</Message>
          <StackTrace>   at TestNamespace.TestClass.Test() in TestClass.cs:line 347</StackTrace>
        </ErrorInfo>
      </Output>
    </UnitTestResult>
    <UnitTestResult executionId="17b7fb39-a878-4ca3-9cbb-5644dcd7a6db" testId="56388e68-54a8-43c1-865a-cf035d568a0e" testName="Test934" computerName="UA-LPT-OGA2" duration="00:00:00.1990000" startTime="2025-05-14T13:20:31.3146610Z" endTime="2025-05-14T13:25:31.3147553Z" testType="13cdc9d9-ddb5-4fa4-a97d-d965ccfc6d4b" outcome="Passed" testListId="3f04b5de-7fc5-4a06-a20c-849b855bf475" />
    <UnitTestResult executionId="fd9340b5-5911-4646-909a-12518de54ac6" testId="251499d7-b4bd-417f-85a0-ded59a7c775e" testName="Test935" computerName="UA-LPT-OGA2" duration="00:00:01.4460000" startTime="2025-05-14T13:20:31.3146610Z" endTime="2025-05-14T13:25:31.3147553Z" testType="13cdc9d9-ddb5-4fa4-a97d-d965ccfc6d4b" outcome="Passed" testListId="3f04b5de-7fc5-4a06-a20c-849b855bf475" />
    <UnitTestResult executionId="710f3d1b-5047-45bf-9b4b-b75634670bff" testId="f7457e2c-abce-4bab-bb6c-8e3627015c4e" testName="Test936" computerName="UA-LPT-OGA2" duration="00:00:00.8440000" startTime="2025-05-14T13:20:31.3146610Z" endTime="2025-05-14T13:25:31.3147553Z" testType="13cdc9d9-ddb5-4fa4-a97d-d965ccfc6d4b" outcome="Passed" testListId="3f04b5de-7fc5-4a06-a20c-849b855bf475" />
    <UnitTestResult executionId="69d7b5e2-b694-4c6f-9ecc-259584ae5d95" testId="9546e6ba-2679-4424-95b0-8a0399a186fa" testName="Test937" computerName="UA-LPT-OGA2" duration="00:00:00.6310000" startTime="2025-05-14T13:20:31.3146610Z" endTime="2025-05-14T13:25:31.3147553Z" testType="13cdc9d9-ddb5-4fa4-a97d-d965ccfc6d4b" outcome="Passed" testListId="3f04b5de-7fc5-4a06-a20c-849b855bf475" />
    <UnitTestResult executionId="470361b9-be2e-41f1-8af4-c617c342acfe" testId="024e08f7-d621-4068-9695-bd4d0ccf87af" testName="Test938" computerName="UA-LPT-OGA2" duration="00:00:00.3180000" startTime="2025-05-14T13:20:31.3146610Z" endTime="2025-05-14T13:25:31.3147553Z" testType="13cdc9d9-ddb5-4fa4-a97d-d965ccfc6d4b" outcome="Passed" testListId="3f04b5de-7fc5-4a06-a20c-849b855bf475" />
    <UnitTestResult executionId="29de349a-f4e7-4c9e-b07d-8911a2c76cce" testId="f249cceb-72ac-464b-ade4-5bf3b4af5c4c" testName="Test939" computerName="UA-LPT-OGA2" duration="00:00:01.8520000" startTime="2025-05-14T13:20:31.3146610Z" endTime="2025-05-14T13:25:31.3147553Z" testType="13cdc9d9-ddb5-4fa4-a97d-d965ccfc6d4b" outcome="Passed" testListId="3f04b5de-7fc5-4a06-a20c-849b855bf475" />
    <UnitTestResult executionId="7b0b2f2e-79ea-42e3-8e44-7e34a5b04959" testId="090b9cf8-30ba-479f-a6ad-7c5d952e61d3" testName="Test940" computerName="UA-LPT-OGA2" duration="00:00:01.9280000" startTime="2025-05-14T13:20:31.3146610Z" endTime="2025-05-14T13:25:31.3147553Z" testType="13cdc9d9-ddb5-4fa4-a97d-d965ccfc6d4b" outcome="Passed" testListId="3f04b5de-7fc5-4a06-a20c-849b855bf475" />
    <UnitTestResult executionId="73871387-bf1d-472d-a6ea-cb3fece83779" testId="f1100489-9093-4537-9734-da696e5668cb" testName="Test941" computerName="UA-LPT-OGA2" duration="00:00:01.1110000" startTime="2025-05-14T13:20:31.3146610Z" endTime="2025-05-14T13:25:31.3147553Z" testType="13cdc9d9-ddb5-4fa4-a97d-d965ccfc6d4b" outcome="Passed" testListId="3f04b5de-7fc5-4a06-a20c-849b855bf475" />
    <UnitTestResult executionId="384d6d9e-1145-4564-a0fc-1eaa93d4de19" testId="42367e3a-5715-41b7-8088-14d1bb9b960e" testName="Test942" computerName="UA-LPT-OGA2" duration="00:00:00.4220000" startTime="2025-05-14T13:20:31.3146610Z" endTime="2025-05-14T13:25:31.3147553Z" testType="13cdc9d9-ddb5-4fa4-a97d-d965ccfc6d4b" outcome="Passed" testListId="3f04b5de-7fc5-4a06-a20c-849b855bf475" />
    <UnitTestResult executionId="78f449a7-8872-4f83-8404-73fa7224f186" testId="236da97b-b17e-4030-90cc-370bbc2bc306" testName="Test943" computerName="UA-LPT-OGA2" duration="00:00:01.0100000" startTime="2025-05-14T13:20:31.3146610Z" endTime="2025-05-14T13:25:31.3147553Z" testType="13cdc9d9-ddb5-4fa4-a97d-d965ccfc6d4b" outcome="Passed" testListId="3f04b5de-7fc5-4a06-a20c-849b855bf475" />
    <UnitTestResult executionId="4a6563ac-7a4b-4c4e-bdc7-3a0cbe9dcaae" testId="37d2e1fc-3f39-4a46-9cfb-a9b454674a24" testName="Test944" computerName="UA-LPT-OGA2" duration="00:00:01.3940000" startTime="2025-05-14T13:20:31.3146610Z" endTime="2025-05-14T13:25:31.3147553Z" testType="13cdc9d9-ddb5-4fa4-a97d-d965ccfc6d4b" outcome="Passed" testListId="3f04b5de-7fc5-4a06-a20c-849b855bf475" />
    <UnitTestResult executionId="15b1cb8b-ed62-44e6-b6a4-48f1ba74880b" testId="c1d5c352-0588-4c21-93b1-e3d6262b8f5f" testName="Test945" computerName="UA-LPT-OGA2" duration="00:00:00.2460000" startTime="2025-05-14T13:20:31.3146610Z" endTime="2025-05-14T13:25:31.3147553Z" testType="13cdc9d9-ddb5-4fa4-a97d-d965ccfc6d4b" outcome="Passed" testListId="3f04b5de-7fc5-4a06-a20c-849b855bf475" />
    <UnitTestResult executionId="4cafdba4-33c2-4d14-b1a8-953a4a03e6d1" testId="9bcf76f2-63fd-4e08-bc91-de370f88f39d" testName="Test946" computerName="UA-LPT-OGA2" duration="00:00:00.2740000" startTime="2025-05-14T13:20:31.3146610Z" endTime="2025-05-14T13:25:31.3147553Z" testType="13cdc9d9-ddb5-4fa4-a97d-d965ccfc6d4b" outcome="Passed" testListId="3f04b5de-7fc5-4a06-a20c-849b855bf475" />
    <UnitTestResult executionId="75f85f09-7998-4f14-80bb-c06aa6b4879d" testId="cbf993e3-5ac9-4bf9-b7d7-ccf515dcee2d" testName="Test947" computerName="UA-LPT-OGA2" duration="00:00:00.2770000" startTime="2025-05-14T13:20:31.3146610Z" endTime="2025-05-14T13:25:31.3147553Z" testType="13cdc9d9-ddb5-4fa4-a97d-d965ccfc6d4b" outcome="Passed" testListId="3f04b5de-7fc5-4a06-a20c-849b855bf475" />
    <UnitTestResult executionId="c3c3f1d2-4364-427d-997a-f1de858c2e0d" testId="8b2e4c73-f128-4501-b4e5-92870ff9ac2c" testName="Test948" computerName="UA-LPT-OGA2" duration="00:00:00.0190000" startTime="2025-05-14T13:20:31.3146610Z" endTime="2025-05-14T13:25:31.3147553Z" testType="13cdc9d9-ddb5-4fa4-a97d-d965ccfc6d4b" outcome="Passed" testListId="3f04b5de-7fc5-4a06-a20c-849b855bf475" />
    <UnitTestResult executionId="962278b7-98e4-4501-8f94-1f06664b95e7" testId="0a32e7f6-c2e6-4caf-8d80-828a56068b4e" testName="Test949" computerName="UA-LPT-OGA2" duration="00:00:01.5320000" startTime="2025-05-14T13:20:31.3146610Z" endTime="2025-05-14T13:25:31.3147553Z" testType="13cdc9d9-ddb5-4fa4-a97d-d965ccfc6d4b" outcome="Passed" testListId="3f04b5de-7fc5-4a06-a20c-849b855bf475" />
    <UnitTestResult executionId="b94be814-41d3-4c01-895b-81879e569b85" testId="38a329e6-2ec7-432a-8169-e001ace2ac28" testName="Test950" computerName="UA-LPT-OGA2" duration="00:00:01.9910000" startTime="2025-05-14T13:20:31.3146610Z" endTime="2025-05-14T13:25:31.3147553Z" testType="13cdc9d9-ddb5-4fa4-a97d-d965ccfc6d4b" outcome="Passed" testListId="3f04b5de-7fc5-4a06-a20c-849b855bf475" />
    <UnitTestResult executionId="c6713da7-670f-481e-b457-f9546f33f07a" testId="8837e1f1-0bc7-4a34-8519-73d984209c75" testName="Test951" computerName="UA-LPT-OGA2" duration="00:00:01.2250000" startTime="2025-05-14T13:20:31.3146610Z" endTime="2025-05-14T13:25:31.3147553Z" testType="13cdc9d9-ddb5-4fa4-a97d-d965ccfc6d4b" outcome="Passed" testListId="3f04b5de-7fc5-4a06-a20c-849b855bf475" />
    <UnitTestResult executionId="c474388f-433c-45cd-aeb7-99f378052ab2" testId="25470abe-29a4-4852-838c-d4a57ef5f1f0" testName="Test952" computerName="UA-LPT-OGA2" duration="00:00:01.9110000" startTime="2025-05-14T13:20:31.3146610Z" endTime="2025-05-14T13:25:31.3147553Z" testType="13cdc9d9-ddb5-4fa4-a97d-d965ccfc6d4b" outcome="Passed" testListId="3f04b5de-7fc5-4a06-a20c-849b855bf475" />
    <UnitTestResult executionId="e0db7bf4-6f23-4436-973a-6f751b8ef3b0" testId="a4d7fdfc-07c2-474f-948e-80517fb0de81" testName="Test953" computerName="UA-LPT-OGA2" duration="00:00:01.9930000" startTime="2025-05-14T13:20:31.3146610Z" endTime="2025-05-14T13:25:31.3147553Z" testType="13cdc9d9-ddb5-4fa4-a97d-d965ccfc6d4b" outcome="Passed" testListId="3f04b5de-7fc5-4a06-a20c-849b855bf475" />
    <UnitTestResult executionId="e2476116-b013-4081-9ac7-15876ac72696" testId="241c8068-2e2c-4d93-a84e-34d68b18820e" testName="Test954" computerName="UA-LPT-OGA2" duration="00:00:01.3040000" startTime="2025-05-14T13:20:31.3146610Z" endTime="2025-05-14T13:25:31.3147553Z" testType="13cdc9d9-ddb5-4fa4-a97d-d965ccfc6d4b" outcome="Passed" testListId="3f04b5de-7fc5-4a06-a20c-849b855bf475" />
    <UnitTestResult executionId="c30f9447-9186-4a78-89b6-9085bdd09b12" testId="077bb629-03c4-4c32-903e-df9a0dd375c7" testName="Test955" computerName="UA-LPT-OGA2" duration="00:00:00.5660000" startTime="2025-05-14T13:20:31.3146610Z" endTime="2025-05-14T13:25:31.3147553Z" testType="13cdc9d9-ddb5-4fa4-a97d-d965ccfc6d4b" outcome="Passed" testListId="3f04b5de-7fc5-4a06-a20c-849b855bf475" />
    <UnitTestResult executionId="b7fc00f5-2b99-41d3-a9ac-346c52d91b72" testId="50307dff-5362-410a-a0f6-98faee5dd76f" testName="Test956" computerName="UA-LPT-OGA2" duration="00:00:01.7140000" startTime="2025-05-14T13:20:31.3146610Z" endTime="2025-05-14T13:25:31.3147553Z" testType="13cdc9d9-ddb5-4fa4-a97d-d965ccfc6d4b" outcome="Passed" testListId="3f04b5de-7fc5-4a06-a20c-849b855bf475" />
    <UnitTestResult executionId="577b3518-6f99-49e0-bdc3-d8ee4308fe25" testId="5f13eebf-d490-47e1-9ffb-2f2c33219b01" testName="Test957" computerName="UA-LPT-OGA2" duration="00:00:01.7130000" startTime="2025-05-14T13:20:31.3146610Z" endTime="2025-05-14T13:25:31.3147553Z" testType="13cdc9d9-ddb5-4fa4-a97d-d965ccfc6d4b" outcome="Passed" testListId="3f04b5de-7fc5-4a06-a20c-849b855bf475" />
    <UnitTestResult executionId="2d15f1cc-5c55-442d-81b6-e96ca48f478f" testId="f389f8ec-d165-442e-95de-91e29f6a5a26" testName="Test958" computerName="UA-LPT-OGA2" duration="00:00:00.6540000" startTime="2025-05-14T13:20:31.3146610Z" endTime="2025-05-14T13:25:31.3147553Z" testType="13cdc9d9-ddb5-4fa4-a97d-d965ccfc6d4b" outcome="Passed" testListId="3f04b5de-7fc5-4a06-a20c-849b855bf475" />
    <UnitTestResult executionId="d49b8f72-3262-4acc-b798-a4a86550ef5a" testId="67459fb9-d8e4-49fe-9365-3380e72dcfe8" testName="Test959" computerName="UA-LPT-OGA2" duration="00:00:01.6030000" startTime="2025-05-14T13:20:31.3146610Z" endTime="2025-05-14T13:25:31.3147553Z" testType="13cdc9d9-ddb5-4fa4-a97d-d965ccfc6d4b" outcome="Failed" testListId="3f04b5de-7fc5-4a06-a20c-849b855bf475">
      <Output>
        <ErrorInfo>
          <Message>Assertion failed: Expected value did not match actual value.</Message>
          <StackTrace>   at TestNamespace.TestClass.Test() in TestClass.cs:line 420</StackTrace>
        </ErrorInfo>
      </Output>
    </UnitTestResult>
    <UnitTestResult executionId="43301be9-f732-4d1d-9c69-d70882f0ce04" testId="a45c6749-43ba-42ad-80eb-6ee484cf5cc7" testName="Test960" computerName="UA-LPT-OGA2" duration="00:00:00.3310000" startTime="2025-05-14T13:20:31.3146610Z" endTime="2025-05-14T13:25:31.3147553Z" testType="13cdc9d9-ddb5-4fa4-a97d-d965ccfc6d4b" outcome="Passed" testListId="3f04b5de-7fc5-4a06-a20c-849b855bf475" />
    <UnitTestResult executionId="f0c70955-8b2c-4e40-94f6-addd23ac94ff" testId="d995bf5f-e781-4f7d-8a4d-d492c9d05961" testName="Test961" computerName="UA-LPT-OGA2" duration="00:00:01.6320000" startTime="2025-05-14T13:20:31.3146610Z" endTime="2025-05-14T13:25:31.3147553Z" testType="13cdc9d9-ddb5-4fa4-a97d-d965ccfc6d4b" outcome="Passed" testListId="3f04b5de-7fc5-4a06-a20c-849b855bf475" />
    <UnitTestResult executionId="1a8e8846-f4ea-4497-b34b-ad931b805a31" testId="94512551-76f5-4fcd-9c49-6ac9d714b2fb" testName="Test962" computerName="UA-LPT-OGA2" duration="00:00:00.3000000" startTime="2025-05-14T13:20:31.3146610Z" endTime="2025-05-14T13:25:31.3147553Z" testType="13cdc9d9-ddb5-4fa4-a97d-d965ccfc6d4b" outcome="Passed" testListId="3f04b5de-7fc5-4a06-a20c-849b855bf475" />
    <UnitTestResult executionId="8218547d-d46e-4a19-ab8c-5a479abd5e74" testId="8f33b833-edae-4649-a49f-f8addc9e24ab" testName="Test963" computerName="UA-LPT-OGA2" duration="00:00:00.9320000" startTime="2025-05-14T13:20:31.3146610Z" endTime="2025-05-14T13:25:31.3147553Z" testType="13cdc9d9-ddb5-4fa4-a97d-d965ccfc6d4b" outcome="Passed" testListId="3f04b5de-7fc5-4a06-a20c-849b855bf475" />
    <UnitTestResult executionId="ee89d8f1-b3fd-4f54-bdce-93604927f6be" testId="f2146239-4825-4c10-8c36-3eec19bb251c" testName="Test964" computerName="UA-LPT-OGA2" duration="00:00:00.2470000" startTime="2025-05-14T13:20:31.3146610Z" endTime="2025-05-14T13:25:31.3147553Z" testType="13cdc9d9-ddb5-4fa4-a97d-d965ccfc6d4b" outcome="Failed" testListId="3f04b5de-7fc5-4a06-a20c-849b855bf475">
      <Output>
        <ErrorInfo>
          <Message>Assertion failed: Expected value did not match actual value.</Message>
          <StackTrace>   at TestNamespace.TestClass.Test() in TestClass.cs:line 400</StackTrace>
        </ErrorInfo>
      </Output>
    </UnitTestResult>
    <UnitTestResult executionId="905212f6-5062-4f5d-a2d0-802e19d9f219" testId="2ec72759-fb90-4465-9053-69b34da8f932" testName="Test965" computerName="UA-LPT-OGA2" duration="00:00:00.3400000" startTime="2025-05-14T13:20:31.3146610Z" endTime="2025-05-14T13:25:31.3147553Z" testType="13cdc9d9-ddb5-4fa4-a97d-d965ccfc6d4b" outcome="Passed" testListId="3f04b5de-7fc5-4a06-a20c-849b855bf475" />
    <UnitTestResult executionId="5801f3eb-37c2-4a14-8fcf-01283702b9b4" testId="db246128-5f29-4dae-9579-bf4bd2705f1e" testName="Test966" computerName="UA-LPT-OGA2" duration="00:00:00.3680000" startTime="2025-05-14T13:20:31.3146610Z" endTime="2025-05-14T13:25:31.3147553Z" testType="13cdc9d9-ddb5-4fa4-a97d-d965ccfc6d4b" outcome="Passed" testListId="3f04b5de-7fc5-4a06-a20c-849b855bf475" />
    <UnitTestResult executionId="5679a6c1-aee4-4fff-bc33-f1158bad6a99" testId="93bc2c1c-a337-4770-bbbe-b6834d5f4022" testName="Test967" computerName="UA-LPT-OGA2" duration="00:00:01.9430000" startTime="2025-05-14T13:20:31.3146610Z" endTime="2025-05-14T13:25:31.3147553Z" testType="13cdc9d9-ddb5-4fa4-a97d-d965ccfc6d4b" outcome="Failed" testListId="3f04b5de-7fc5-4a06-a20c-849b855bf475">
      <Output>
        <ErrorInfo>
          <Message>Assertion failed: Expected value did not match actual value.</Message>
          <StackTrace>   at TestNamespace.TestClass.Test() in TestClass.cs:line 116</StackTrace>
        </ErrorInfo>
      </Output>
    </UnitTestResult>
    <UnitTestResult executionId="7e42b70c-1315-4afa-93e4-80eb1393b505" testId="6971310b-f079-4220-9c76-521532f777de" testName="Test968" computerName="UA-LPT-OGA2" duration="00:00:01.5730000" startTime="2025-05-14T13:20:31.3146610Z" endTime="2025-05-14T13:25:31.3147553Z" testType="13cdc9d9-ddb5-4fa4-a97d-d965ccfc6d4b" outcome="Passed" testListId="3f04b5de-7fc5-4a06-a20c-849b855bf475" />
    <UnitTestResult executionId="476e3d57-1e1e-4a48-8e4f-d49eefe81399" testId="0513068a-700c-4d7c-a28a-668902c4eb8c" testName="Test969" computerName="UA-LPT-OGA2" duration="00:00:00.3590000" startTime="2025-05-14T13:20:31.3146610Z" endTime="2025-05-14T13:25:31.3147553Z" testType="13cdc9d9-ddb5-4fa4-a97d-d965ccfc6d4b" outcome="Passed" testListId="3f04b5de-7fc5-4a06-a20c-849b855bf475" />
    <UnitTestResult executionId="1e6377de-d426-412d-9a91-8c8a39755e6d" testId="ecb0814a-62d2-4125-9807-08a11fa798ca" testName="Test970" computerName="UA-LPT-OGA2" duration="00:00:01.7640000" startTime="2025-05-14T13:20:31.3146610Z" endTime="2025-05-14T13:25:31.3147553Z" testType="13cdc9d9-ddb5-4fa4-a97d-d965ccfc6d4b" outcome="Passed" testListId="3f04b5de-7fc5-4a06-a20c-849b855bf475" />
    <UnitTestResult executionId="c6cd2cc8-999c-444a-9779-4524f050cbff" testId="e58e6a12-a526-44e2-8f66-4bc6ef15a692" testName="Test971" computerName="UA-LPT-OGA2" duration="00:00:01.2330000" startTime="2025-05-14T13:20:31.3146610Z" endTime="2025-05-14T13:25:31.3147553Z" testType="13cdc9d9-ddb5-4fa4-a97d-d965ccfc6d4b" outcome="Failed" testListId="3f04b5de-7fc5-4a06-a20c-849b855bf475">
      <Output>
        <ErrorInfo>
          <Message>Assertion failed: Expected value did not match actual value.</Message>
          <StackTrace>   at TestNamespace.TestClass.Test() in TestClass.cs:line 106</StackTrace>
        </ErrorInfo>
      </Output>
    </UnitTestResult>
    <UnitTestResult executionId="1c770496-a589-4d6d-aff0-6538b6afb174" testId="2fcf5034-0702-4243-8623-5e942b182c0c" testName="Test972" computerName="UA-LPT-OGA2" duration="00:00:00.1120000" startTime="2025-05-14T13:20:31.3146610Z" endTime="2025-05-14T13:25:31.3147553Z" testType="13cdc9d9-ddb5-4fa4-a97d-d965ccfc6d4b" outcome="Passed" testListId="3f04b5de-7fc5-4a06-a20c-849b855bf475" />
    <UnitTestResult executionId="c373721c-4a7b-428f-ae3a-a066c61d2974" testId="05ddeaea-63cc-4357-81a5-af70dea06a78" testName="Test973" computerName="UA-LPT-OGA2" duration="00:00:01.3940000" startTime="2025-05-14T13:20:31.3146610Z" endTime="2025-05-14T13:25:31.3147553Z" testType="13cdc9d9-ddb5-4fa4-a97d-d965ccfc6d4b" outcome="Passed" testListId="3f04b5de-7fc5-4a06-a20c-849b855bf475" />
    <UnitTestResult executionId="e1569500-e8be-40ab-a76e-6c94d4bff64c" testId="0cece236-3020-4c72-beaf-12610b11dac2" testName="Test974" computerName="UA-LPT-OGA2" duration="00:00:01.9680000" startTime="2025-05-14T13:20:31.3146610Z" endTime="2025-05-14T13:25:31.3147553Z" testType="13cdc9d9-ddb5-4fa4-a97d-d965ccfc6d4b" outcome="Passed" testListId="3f04b5de-7fc5-4a06-a20c-849b855bf475" />
    <UnitTestResult executionId="6c6b0aa9-0f40-49a9-81cf-32ae7ce14ea1" testId="55b88d45-2ce7-4346-bca7-ae49322c3fb4" testName="Test975" computerName="UA-LPT-OGA2" duration="00:00:00.1180000" startTime="2025-05-14T13:20:31.3146610Z" endTime="2025-05-14T13:25:31.3147553Z" testType="13cdc9d9-ddb5-4fa4-a97d-d965ccfc6d4b" outcome="Passed" testListId="3f04b5de-7fc5-4a06-a20c-849b855bf475" />
    <UnitTestResult executionId="327e74fd-088b-4138-813a-897862abea71" testId="64dbc8ca-37ff-44e6-a0f3-becffcbc84c5" testName="Test976" computerName="UA-LPT-OGA2" duration="00:00:00.3060000" startTime="2025-05-14T13:20:31.3146610Z" endTime="2025-05-14T13:25:31.3147553Z" testType="13cdc9d9-ddb5-4fa4-a97d-d965ccfc6d4b" outcome="Passed" testListId="3f04b5de-7fc5-4a06-a20c-849b855bf475" />
    <UnitTestResult executionId="9b4412da-bb93-4ca2-997f-4d367cc2960b" testId="e2968e9a-e635-4bfa-92ba-ee5958a9cfa4" testName="Test977" computerName="UA-LPT-OGA2" duration="00:00:00.3400000" startTime="2025-05-14T13:20:31.3146610Z" endTime="2025-05-14T13:25:31.3147553Z" testType="13cdc9d9-ddb5-4fa4-a97d-d965ccfc6d4b" outcome="Passed" testListId="3f04b5de-7fc5-4a06-a20c-849b855bf475" />
    <UnitTestResult executionId="7067f0b9-0709-4ede-a431-1bedbc9c6442" testId="4f055219-f8a5-4209-9b44-a13f8210856c" testName="Test978" computerName="UA-LPT-OGA2" duration="00:00:00.2250000" startTime="2025-05-14T13:20:31.3146610Z" endTime="2025-05-14T13:25:31.3147553Z" testType="13cdc9d9-ddb5-4fa4-a97d-d965ccfc6d4b" outcome="Passed" testListId="3f04b5de-7fc5-4a06-a20c-849b855bf475" />
    <UnitTestResult executionId="8c7be639-51d5-4d98-81d3-b5b6c6fa4a01" testId="56d467dd-f1df-44aa-9362-80a6d215aff8" testName="Test979" computerName="UA-LPT-OGA2" duration="00:00:00.0540000" startTime="2025-05-14T13:20:31.3146610Z" endTime="2025-05-14T13:25:31.3147553Z" testType="13cdc9d9-ddb5-4fa4-a97d-d965ccfc6d4b" outcome="Passed" testListId="3f04b5de-7fc5-4a06-a20c-849b855bf475" />
    <UnitTestResult executionId="2bedce12-2014-4cf1-96cd-69cef9facdb5" testId="02e2b977-fa70-4c1f-9f3a-ee35b91b75b7" testName="Test980" computerName="UA-LPT-OGA2" duration="00:00:00.3400000" startTime="2025-05-14T13:20:31.3146610Z" endTime="2025-05-14T13:25:31.3147553Z" testType="13cdc9d9-ddb5-4fa4-a97d-d965ccfc6d4b" outcome="Passed" testListId="3f04b5de-7fc5-4a06-a20c-849b855bf475" />
    <UnitTestResult executionId="52b2bc49-0255-460b-84e7-83827d740cc4" testId="259d1577-2b6d-4886-a0b8-7331c865e110" testName="Test981" computerName="UA-LPT-OGA2" duration="00:00:01.2670000" startTime="2025-05-14T13:20:31.3146610Z" endTime="2025-05-14T13:25:31.3147553Z" testType="13cdc9d9-ddb5-4fa4-a97d-d965ccfc6d4b" outcome="Passed" testListId="3f04b5de-7fc5-4a06-a20c-849b855bf475" />
    <UnitTestResult executionId="c86931ec-11d0-4664-b70d-7450050425fc" testId="dd047a1d-92e2-418d-9de5-81a3fc75b0a6" testName="Test982" computerName="UA-LPT-OGA2" duration="00:00:01.3180000" startTime="2025-05-14T13:20:31.3146610Z" endTime="2025-05-14T13:25:31.3147553Z" testType="13cdc9d9-ddb5-4fa4-a97d-d965ccfc6d4b" outcome="Passed" testListId="3f04b5de-7fc5-4a06-a20c-849b855bf475" />
    <UnitTestResult executionId="9f6d2a47-7bbe-4c21-9edb-d7ec6a220d4a" testId="ac8e35ea-5b3f-4f64-868d-9425eb3c6428" testName="Test983" computerName="UA-LPT-OGA2" duration="00:00:00.2550000" startTime="2025-05-14T13:20:31.3146610Z" endTime="2025-05-14T13:25:31.3147553Z" testType="13cdc9d9-ddb5-4fa4-a97d-d965ccfc6d4b" outcome="Passed" testListId="3f04b5de-7fc5-4a06-a20c-849b855bf475" />
    <UnitTestResult executionId="8e29a7ae-f66f-4267-acae-073cf3deacd7" testId="e1da83f4-4837-495a-87e2-cb4b481e4cae" testName="Test984" computerName="UA-LPT-OGA2" duration="00:00:01.3560000" startTime="2025-05-14T13:20:31.3146610Z" endTime="2025-05-14T13:25:31.3147553Z" testType="13cdc9d9-ddb5-4fa4-a97d-d965ccfc6d4b" outcome="Passed" testListId="3f04b5de-7fc5-4a06-a20c-849b855bf475" />
    <UnitTestResult executionId="d84b2814-4c9e-418c-9b26-9ce01ac1b143" testId="e046c10d-2dd2-47cf-b2d2-3aa6ec1f5e5a" testName="Test985" computerName="UA-LPT-OGA2" duration="00:00:00.3450000" startTime="2025-05-14T13:20:31.3146610Z" endTime="2025-05-14T13:25:31.3147553Z" testType="13cdc9d9-ddb5-4fa4-a97d-d965ccfc6d4b" outcome="Passed" testListId="3f04b5de-7fc5-4a06-a20c-849b855bf475" />
    <UnitTestResult executionId="efb3424e-87c3-4e9d-8dcf-7ca2f433918e" testId="56c54666-1da6-417c-8e13-43563b880fb6" testName="Test986" computerName="UA-LPT-OGA2" duration="00:00:01.5380000" startTime="2025-05-14T13:20:31.3146610Z" endTime="2025-05-14T13:25:31.3147553Z" testType="13cdc9d9-ddb5-4fa4-a97d-d965ccfc6d4b" outcome="Passed" testListId="3f04b5de-7fc5-4a06-a20c-849b855bf475" />
    <UnitTestResult executionId="8210941b-a3e3-4da7-ab72-bcfd270e9e02" testId="41375ce5-a876-443a-bfe7-8ac24aebc396" testName="Test987" computerName="UA-LPT-OGA2" duration="00:00:00.1830000" startTime="2025-05-14T13:20:31.3146610Z" endTime="2025-05-14T13:25:31.3147553Z" testType="13cdc9d9-ddb5-4fa4-a97d-d965ccfc6d4b" outcome="Passed" testListId="3f04b5de-7fc5-4a06-a20c-849b855bf475" />
    <UnitTestResult executionId="194d0079-f6a9-41ac-9cf9-b8a743fdc37f" testId="9cd0b062-100a-4537-aa77-257af2ade9b5" testName="Test988" computerName="UA-LPT-OGA2" duration="00:00:01.2430000" startTime="2025-05-14T13:20:31.3146610Z" endTime="2025-05-14T13:25:31.3147553Z" testType="13cdc9d9-ddb5-4fa4-a97d-d965ccfc6d4b" outcome="Passed" testListId="3f04b5de-7fc5-4a06-a20c-849b855bf475" />
    <UnitTestResult executionId="bf3610ae-81f6-4499-9644-ca6c89f57475" testId="79c39ebf-a81f-4afc-bec9-22383f873b41" testName="Test989" computerName="UA-LPT-OGA2" duration="00:00:00.9260000" startTime="2025-05-14T13:20:31.3146610Z" endTime="2025-05-14T13:25:31.3147553Z" testType="13cdc9d9-ddb5-4fa4-a97d-d965ccfc6d4b" outcome="Passed" testListId="3f04b5de-7fc5-4a06-a20c-849b855bf475" />
    <UnitTestResult executionId="d360573e-f54d-46a4-9ce4-0378d20cb7a5" testId="233d93d8-3bf0-4250-a2bc-f0c19d4eea55" testName="Test990" computerName="UA-LPT-OGA2" duration="00:00:00.4990000" startTime="2025-05-14T13:20:31.3146610Z" endTime="2025-05-14T13:25:31.3147553Z" testType="13cdc9d9-ddb5-4fa4-a97d-d965ccfc6d4b" outcome="Passed" testListId="3f04b5de-7fc5-4a06-a20c-849b855bf475" />
    <UnitTestResult executionId="c5cfb542-8c6b-4e0b-963f-2c346bc634f7" testId="8cd14c25-40d5-4a43-9dbf-1f3fe6f8c7df" testName="Test991" computerName="UA-LPT-OGA2" duration="00:00:01.4570000" startTime="2025-05-14T13:20:31.3146610Z" endTime="2025-05-14T13:25:31.3147553Z" testType="13cdc9d9-ddb5-4fa4-a97d-d965ccfc6d4b" outcome="Passed" testListId="3f04b5de-7fc5-4a06-a20c-849b855bf475" />
    <UnitTestResult executionId="38d19055-cfcf-4acc-9ecf-b6e8f8b31477" testId="91b4e119-432b-4429-950b-f4c598914532" testName="Test992" computerName="UA-LPT-OGA2" duration="00:00:01.6530000" startTime="2025-05-14T13:20:31.3146610Z" endTime="2025-05-14T13:25:31.3147553Z" testType="13cdc9d9-ddb5-4fa4-a97d-d965ccfc6d4b" outcome="Passed" testListId="3f04b5de-7fc5-4a06-a20c-849b855bf475" />
    <UnitTestResult executionId="bc718575-d705-42af-97c1-6f7e8f2fafe3" testId="76135cb1-ec37-486f-b61d-27489102877b" testName="Test993" computerName="UA-LPT-OGA2" duration="00:00:00.7850000" startTime="2025-05-14T13:20:31.3146610Z" endTime="2025-05-14T13:25:31.3147553Z" testType="13cdc9d9-ddb5-4fa4-a97d-d965ccfc6d4b" outcome="Passed" testListId="3f04b5de-7fc5-4a06-a20c-849b855bf475" />
    <UnitTestResult executionId="f22be9d0-c90a-4b19-8d03-1464c4a90be8" testId="324eb622-9154-4fbe-8570-21d0207b7360" testName="Test994" computerName="UA-LPT-OGA2" duration="00:00:00.5690000" startTime="2025-05-14T13:20:31.3146610Z" endTime="2025-05-14T13:25:31.3147553Z" testType="13cdc9d9-ddb5-4fa4-a97d-d965ccfc6d4b" outcome="Passed" testListId="3f04b5de-7fc5-4a06-a20c-849b855bf475" />
    <UnitTestResult executionId="aecefec3-8aea-4da0-9129-2c5d8eab738c" testId="fb55c42f-72b8-4cb7-9ac3-2098f47330b3" testName="Test995" computerName="UA-LPT-OGA2" duration="00:00:00.9910000" startTime="2025-05-14T13:20:31.3146610Z" endTime="2025-05-14T13:25:31.3147553Z" testType="13cdc9d9-ddb5-4fa4-a97d-d965ccfc6d4b" outcome="Failed" testListId="3f04b5de-7fc5-4a06-a20c-849b855bf475">
      <Output>
        <ErrorInfo>
          <Message>Assertion failed: Expected value did not match actual value.</Message>
          <StackTrace>   at TestNamespace.TestClass.Test() in TestClass.cs:line 457</StackTrace>
        </ErrorInfo>
      </Output>
    </UnitTestResult>
    <UnitTestResult executionId="1ca63b5f-731a-4f1e-811a-746ef88200d8" testId="32b0509a-82b7-4041-8494-d5add7710b41" testName="Test996" computerName="UA-LPT-OGA2" duration="00:00:01.2120000" startTime="2025-05-14T13:20:31.3146610Z" endTime="2025-05-14T13:25:31.3147553Z" testType="13cdc9d9-ddb5-4fa4-a97d-d965ccfc6d4b" outcome="Passed" testListId="3f04b5de-7fc5-4a06-a20c-849b855bf475" />
    <UnitTestResult executionId="62cbda19-061e-48c5-a004-6ac56d1fe9b1" testId="e210181e-b883-43f6-bdd5-b9a4f7e4738e" testName="Test997" computerName="UA-LPT-OGA2" duration="00:00:01.3220000" startTime="2025-05-14T13:20:31.3146610Z" endTime="2025-05-14T13:25:31.3147553Z" testType="13cdc9d9-ddb5-4fa4-a97d-d965ccfc6d4b" outcome="Passed" testListId="3f04b5de-7fc5-4a06-a20c-849b855bf475" />
    <UnitTestResult executionId="ac18670c-2d47-4832-ad9f-01c3d80e4a82" testId="f1a24d29-4784-4fc7-b013-0ef142f5890a" testName="Test998" computerName="UA-LPT-OGA2" duration="00:00:00.1830000" startTime="2025-05-14T13:20:31.3146610Z" endTime="2025-05-14T13:25:31.3147553Z" testType="13cdc9d9-ddb5-4fa4-a97d-d965ccfc6d4b" outcome="Passed" testListId="3f04b5de-7fc5-4a06-a20c-849b855bf475" />
    <UnitTestResult executionId="fc7aa085-a10f-4e1e-854a-9a72ff8f45ab" testId="c4dfb266-26e9-45fd-bb35-027c7fac2470" testName="Test999" computerName="UA-LPT-OGA2" duration="00:00:01.5720000" startTime="2025-05-14T13:20:31.3146610Z" endTime="2025-05-14T13:25:31.3147553Z" testType="13cdc9d9-ddb5-4fa4-a97d-d965ccfc6d4b" outcome="Passed" testListId="3f04b5de-7fc5-4a06-a20c-849b855bf475" />
    <UnitTestResult executionId="6ac5382d-8907-4a2f-97bc-5110115040a7" testId="2bb6d268-08ac-46eb-a8d2-4041cca1a53a" testName="Test1000" computerName="UA-LPT-OGA2" duration="00:00:00.3670000" startTime="2025-05-14T13:20:31.3146610Z" endTime="2025-05-14T13:25:31.3147553Z" testType="13cdc9d9-ddb5-4fa4-a97d-d965ccfc6d4b" outcome="Passed" testListId="3f04b5de-7fc5-4a06-a20c-849b855bf475" />
  </Results>
  <TestDefinitions>
    <UnitTest name="Test901" id="6271cf34-b9aa-475d-b07e-8ecb93986968" storage="TestAssembly.dll">
      <Execution id="0946d434-993a-475b-951b-da4c33893a93" />
      <TestMethod codeBase="TestAssembly.dll" className="TestNamespace.TestClass1" name="Test901" />
    </UnitTest>
    <UnitTest name="Test902" id="54c2dd38-a6c4-4379-975b-bb811f1d2e67" storage="TestAssembly.dll">
      <Execution id="4654e34b-6b1b-4ce5-b30e-8370ab4ef295" />
      <TestMethod codeBase="TestAssembly.dll" className="TestNamespace.TestClass1" name="Test902" />
    </UnitTest>
    <UnitTest name="Test903" id="0a37d6cb-1249-4dce-bb40-b17b4faf582c" storage="TestAssembly.dll">
      <Execution id="26bd80c2-941f-43ca-8e0a-181cbb501276" />
      <TestMethod codeBase="TestAssembly.dll" className="TestNamespace.TestClass1" name="Test903" />
    </UnitTest>
    <UnitTest name="Test904" id="14ba35b6-1008-4463-9e3d-95dbf2adda09" storage="TestAssembly.dll">
      <Execution id="68d7095a-2156-424e-a6d8-93efa32c019d" />
      <TestMethod codeBase="TestAssembly.dll" className="TestNamespace.TestClass1" name="Test904" />
    </UnitTest>
    <UnitTest name="Test905" id="6ac7062e-4ad2-4e86-b9eb-6b8a90cdf299" storage="TestAssembly.dll">
      <Execution id="88616876-9aeb-4875-b7f5-a4c5597af999" />
      <TestMethod codeBase="TestAssembly.dll" className="TestNamespace.TestClass1" name="Test905" />
    </UnitTest>
    <UnitTest name="Test906" id="2b6572a0-b2ce-4395-8580-1c9fd67a1136" storage="TestAssembly.dll">
      <Execution id="488c172f-1b28-43f4-bf10-ea0d3b2201e9" />
      <TestMethod codeBase="TestAssembly.dll" className="TestNamespace.TestClass1" name="Test906" />
    </UnitTest>
    <UnitTest name="Test907" id="fb6f3329-b782-4d9d-a2b0-ff236802e061" storage="TestAssembly.dll">
      <Execution id="f9312729-23e6-4c0b-a64d-e52181ffe56f" />
      <TestMethod codeBase="TestAssembly.dll" className="TestNamespace.TestClass1" name="Test907" />
    </UnitTest>
    <UnitTest name="Test908" id="42e04aac-bede-46b9-9fd6-948d9829149c" storage="TestAssembly.dll">
      <Execution id="35252081-5765-41fe-b84b-3198e03a20df" />
      <TestMethod codeBase="TestAssembly.dll" className="TestNamespace.TestClass1" name="Test908" />
    </UnitTest>
    <UnitTest name="Test909" id="3a2d6e64-2978-4086-b80e-b6f108b086d8" storage="TestAssembly.dll">
      <Execution id="c9a87488-d718-466a-a0dd-6f07ab1fd01f" />
      <TestMethod codeBase="TestAssembly.dll" className="TestNamespace.TestClass1" name="Test909" />
    </UnitTest>
    <UnitTest name="Test910" id="c43245a4-01d1-4baa-9999-96f405516fcf" storage="TestAssembly.dll">
      <Execution id="9a0a9c04-e1e2-443a-93e0-5af56697585c" />
      <TestMethod codeBase="TestAssembly.dll" className="TestNamespace.TestClass1" name="Test910" />
    </UnitTest>
    <UnitTest name="Test911" id="8521edc3-22db-4751-b5e1-727faae525e5" storage="TestAssembly.dll">
      <Execution id="e8435eb4-21dc-4bb4-8d98-032a2211c198" />
      <TestMethod codeBase="TestAssembly.dll" className="TestNamespace.TestClass2" name="Test911" />
    </UnitTest>
    <UnitTest name="Test912" id="737c5652-4947-4a7b-aec2-0bfad776a0fa" storage="TestAssembly.dll">
      <Execution id="cdec3c39-55fc-4251-8199-2dd68ca5b81c" />
      <TestMethod codeBase="TestAssembly.dll" className="TestNamespace.TestClass2" name="Test912" />
    </UnitTest>
    <UnitTest name="Test913" id="d50f600d-9df3-474c-9db2-95a620683f25" storage="TestAssembly.dll">
      <Execution id="e45fc22f-03da-48ff-a8df-5e5312d25653" />
      <TestMethod codeBase="TestAssembly.dll" className="TestNamespace.TestClass2" name="Test913" />
    </UnitTest>
    <UnitTest name="Test914" id="73f43d39-f42e-4381-9253-631350780304" storage="TestAssembly.dll">
      <Execution id="b2ffa948-1d87-4068-b666-8a7e1955b0e0" />
      <TestMethod codeBase="TestAssembly.dll" className="TestNamespace.TestClass2" name="Test914" />
    </UnitTest>
    <UnitTest name="Test915" id="c3e6ebbd-2ecf-4dcd-99a2-335078125e71" storage="TestAssembly.dll">
      <Execution id="69804207-d8f5-4839-b8ff-56d2d6a5b8d9" />
      <TestMethod codeBase="TestAssembly.dll" className="TestNamespace.TestClass2" name="Test915" />
    </UnitTest>
    <UnitTest name="Test916" id="0d1bef95-2552-4959-bb60-106072ad2c31" storage="TestAssembly.dll">
      <Execution id="70897462-7d09-4e13-8c7f-63dd3dbff60a" />
      <TestMethod codeBase="TestAssembly.dll" className="TestNamespace.TestClass2" name="Test916" />
    </UnitTest>
    <UnitTest name="Test917" id="8f33389e-27e8-4e12-9ab4-cbe2a26abc39" storage="TestAssembly.dll">
      <Execution id="a915569e-6f3e-4a27-ae3d-43936cb96017" />
      <TestMethod codeBase="TestAssembly.dll" className="TestNamespace.TestClass2" name="Test917" />
    </UnitTest>
    <UnitTest name="Test918" id="7cfb0a23-5531-4465-ae3b-df425f653647" storage="TestAssembly.dll">
      <Execution id="f8e4dc48-32e3-44ff-a0b2-24d09ba150a0" />
      <TestMethod codeBase="TestAssembly.dll" className="TestNamespace.TestClass2" name="Test918" />
    </UnitTest>
    <UnitTest name="Test919" id="5fb99d6b-f49b-4f8e-860c-d11040b0e05b" storage="TestAssembly.dll">
      <Execution id="ab18615a-707d-4130-ae45-ba106d1d8384" />
      <TestMethod codeBase="TestAssembly.dll" className="TestNamespace.TestClass2" name="Test919" />
    </UnitTest>
    <UnitTest name="Test920" id="d31af466-5c1b-4868-8220-09aefbb1b4f1" storage="TestAssembly.dll">
      <Execution id="c011e44d-2b0f-4289-8491-dba518ff041e" />
      <TestMethod codeBase="TestAssembly.dll" className="TestNamespace.TestClass2" name="Test920" />
    </UnitTest>
    <UnitTest name="Test921" id="2b3aaace-1031-4833-85e1-ae9e5bd8b22b" storage="TestAssembly.dll">
      <Execution id="75c7983c-f9dd-4869-bd1b-745ceb29fe4a" />
      <TestMethod codeBase="TestAssembly.dll" className="TestNamespace.TestClass3" name="Test921" />
    </UnitTest>
    <UnitTest name="Test922" id="6c1a3fb0-eb6d-44eb-b23e-ef3cd9814a9e" storage="TestAssembly.dll">
      <Execution id="4fb9dc28-f7da-430a-87a7-4c71b1f159df" />
      <TestMethod codeBase="TestAssembly.dll" className="TestNamespace.TestClass3" name="Test922" />
    </UnitTest>
    <UnitTest name="Test923" id="fdb5eaee-3483-4577-8253-5c24bbc76a56" storage="TestAssembly.dll">
      <Execution id="f7114dc5-3a13-466a-82c4-7ac8c9580910" />
      <TestMethod codeBase="TestAssembly.dll" className="TestNamespace.TestClass3" name="Test923" />
    </UnitTest>
    <UnitTest name="Test924" id="73cfba55-611a-4905-942f-2b74ddaead26" storage="TestAssembly.dll">
      <Execution id="8fef2d05-327f-41d7-9a37-1f428a804e12" />
      <TestMethod codeBase="TestAssembly.dll" className="TestNamespace.TestClass3" name="Test924" />
    </UnitTest>
    <UnitTest name="Test925" id="bd8e5162-1d35-4a65-9b91-40a17bbba4fd" storage="TestAssembly.dll">
      <Execution id="5a19ddeb-b621-43c7-b1b9-d3ed9f195d52" />
      <TestMethod codeBase="TestAssembly.dll" className="TestNamespace.TestClass3" name="Test925" />
    </UnitTest>
    <UnitTest name="Test926" id="c5155bba-7e61-4724-98ef-031a33069450" storage="TestAssembly.dll">
      <Execution id="996abad3-80df-4126-8b76-ac64f798f63f" />
      <TestMethod codeBase="TestAssembly.dll" className="TestNamespace.TestClass3" name="Test926" />
    </UnitTest>
    <UnitTest name="Test927" id="77accaa4-193b-4392-88c9-155f3b67730e" storage="TestAssembly.dll">
      <Execution id="d7a4b80c-74fe-401c-a7bb-0636ecbd556e" />
      <TestMethod codeBase="TestAssembly.dll" className="TestNamespace.TestClass3" name="Test927" />
    </UnitTest>
    <UnitTest name="Test928" id="adba0b41-0260-4f7e-84ff-ce7e9665b7cc" storage="TestAssembly.dll">
      <Execution id="a669622e-920a-4d4a-a2a7-a33dafa78f0a" />
      <TestMethod codeBase="TestAssembly.dll" className="TestNamespace.TestClass3" name="Test928" />
    </UnitTest>
    <UnitTest name="Test929" id="dccd9d8e-6e12-456b-8d3d-3ac276b41c17" storage="TestAssembly.dll">
      <Execution id="fda19d61-51e8-4427-b75d-db026ccf9ab2" />
      <TestMethod codeBase="TestAssembly.dll" className="TestNamespace.TestClass3" name="Test929" />
    </UnitTest>
    <UnitTest name="Test930" id="b00e81a1-dafc-410f-a7b7-684d64d62008" storage="TestAssembly.dll">
      <Execution id="5856acee-a632-41f3-acda-bf06d180c52d" />
      <TestMethod codeBase="TestAssembly.dll" className="TestNamespace.TestClass3" name="Test930" />
    </UnitTest>
    <UnitTest name="Test931" id="5fef4282-520d-40b5-8699-ce528d4b222a" storage="TestAssembly.dll">
      <Execution id="3b227fc8-1452-468e-a570-7fdb56df5cad" />
      <TestMethod codeBase="TestAssembly.dll" className="TestNamespace.TestClass4" name="Test931" />
    </UnitTest>
    <UnitTest name="Test932" id="dde9ec3e-b25d-4bab-9b87-6bc7bb800340" storage="TestAssembly.dll">
      <Execution id="66396ed2-2693-448c-a6d3-140d9e2f3ebb" />
      <TestMethod codeBase="TestAssembly.dll" className="TestNamespace.TestClass4" name="Test932" />
    </UnitTest>
    <UnitTest name="Test933" id="1febb87d-61d9-4e62-875f-38c7d66154a6" storage="TestAssembly.dll">
      <Execution id="09a93e0f-35c2-4f30-be5b-5c263e0f8523" />
      <TestMethod codeBase="TestAssembly.dll" className="TestNamespace.TestClass4" name="Test933" />
    </UnitTest>
    <UnitTest name="Test934" id="56388e68-54a8-43c1-865a-cf035d568a0e" storage="TestAssembly.dll">
      <Execution id="17b7fb39-a878-4ca3-9cbb-5644dcd7a6db" />
      <TestMethod codeBase="TestAssembly.dll" className="TestNamespace.TestClass4" name="Test934" />
    </UnitTest>
    <UnitTest name="Test935" id="251499d7-b4bd-417f-85a0-ded59a7c775e" storage="TestAssembly.dll">
      <Execution id="fd9340b5-5911-4646-909a-12518de54ac6" />
      <TestMethod codeBase="TestAssembly.dll" className="TestNamespace.TestClass4" name="Test935" />
    </UnitTest>
    <UnitTest name="Test936" id="f7457e2c-abce-4bab-bb6c-8e3627015c4e" storage="TestAssembly.dll">
      <Execution id="710f3d1b-5047-45bf-9b4b-b75634670bff" />
      <TestMethod codeBase="TestAssembly.dll" className="TestNamespace.TestClass4" name="Test936" />
    </UnitTest>
    <UnitTest name="Test937" id="9546e6ba-2679-4424-95b0-8a0399a186fa" storage="TestAssembly.dll">
      <Execution id="69d7b5e2-b694-4c6f-9ecc-259584ae5d95" />
      <TestMethod codeBase="TestAssembly.dll" className="TestNamespace.TestClass4" name="Test937" />
    </UnitTest>
    <UnitTest name="Test938" id="024e08f7-d621-4068-9695-bd4d0ccf87af" storage="TestAssembly.dll">
      <Execution id="470361b9-be2e-41f1-8af4-c617c342acfe" />
      <TestMethod codeBase="TestAssembly.dll" className="TestNamespace.TestClass4" name="Test938" />
    </UnitTest>
    <UnitTest name="Test939" id="f249cceb-72ac-464b-ade4-5bf3b4af5c4c" storage="TestAssembly.dll">
      <Execution id="29de349a-f4e7-4c9e-b07d-8911a2c76cce" />
      <TestMethod codeBase="TestAssembly.dll" className="TestNamespace.TestClass4" name="Test939" />
    </UnitTest>
    <UnitTest name="Test940" id="090b9cf8-30ba-479f-a6ad-7c5d952e61d3" storage="TestAssembly.dll">
      <Execution id="7b0b2f2e-79ea-42e3-8e44-7e34a5b04959" />
      <TestMethod codeBase="TestAssembly.dll" className="TestNamespace.TestClass4" name="Test940" />
    </UnitTest>
    <UnitTest name="Test941" id="f1100489-9093-4537-9734-da696e5668cb" storage="TestAssembly.dll">
      <Execution id="73871387-bf1d-472d-a6ea-cb3fece83779" />
      <TestMethod codeBase="TestAssembly.dll" className="TestNamespace.TestClass5" name="Test941" />
    </UnitTest>
    <UnitTest name="Test942" id="42367e3a-5715-41b7-8088-14d1bb9b960e" storage="TestAssembly.dll">
      <Execution id="384d6d9e-1145-4564-a0fc-1eaa93d4de19" />
      <TestMethod codeBase="TestAssembly.dll" className="TestNamespace.TestClass5" name="Test942" />
    </UnitTest>
    <UnitTest name="Test943" id="236da97b-b17e-4030-90cc-370bbc2bc306" storage="TestAssembly.dll">
      <Execution id="78f449a7-8872-4f83-8404-73fa7224f186" />
      <TestMethod codeBase="TestAssembly.dll" className="TestNamespace.TestClass5" name="Test943" />
    </UnitTest>
    <UnitTest name="Test944" id="37d2e1fc-3f39-4a46-9cfb-a9b454674a24" storage="TestAssembly.dll">
      <Execution id="4a6563ac-7a4b-4c4e-bdc7-3a0cbe9dcaae" />
      <TestMethod codeBase="TestAssembly.dll" className="TestNamespace.TestClass5" name="Test944" />
    </UnitTest>
    <UnitTest name="Test945" id="c1d5c352-0588-4c21-93b1-e3d6262b8f5f" storage="TestAssembly.dll">
      <Execution id="15b1cb8b-ed62-44e6-b6a4-48f1ba74880b" />
      <TestMethod codeBase="TestAssembly.dll" className="TestNamespace.TestClass5" name="Test945" />
    </UnitTest>
    <UnitTest name="Test946" id="9bcf76f2-63fd-4e08-bc91-de370f88f39d" storage="TestAssembly.dll">
      <Execution id="4cafdba4-33c2-4d14-b1a8-953a4a03e6d1" />
      <TestMethod codeBase="TestAssembly.dll" className="TestNamespace.TestClass5" name="Test946" />
    </UnitTest>
    <UnitTest name="Test947" id="cbf993e3-5ac9-4bf9-b7d7-ccf515dcee2d" storage="TestAssembly.dll">
      <Execution id="75f85f09-7998-4f14-80bb-c06aa6b4879d" />
      <TestMethod codeBase="TestAssembly.dll" className="TestNamespace.TestClass5" name="Test947" />
    </UnitTest>
    <UnitTest name="Test948" id="8b2e4c73-f128-4501-b4e5-92870ff9ac2c" storage="TestAssembly.dll">
      <Execution id="c3c3f1d2-4364-427d-997a-f1de858c2e0d" />
      <TestMethod codeBase="TestAssembly.dll" className="TestNamespace.TestClass5" name="Test948" />
    </UnitTest>
    <UnitTest name="Test949" id="0a32e7f6-c2e6-4caf-8d80-828a56068b4e" storage="TestAssembly.dll">
      <Execution id="962278b7-98e4-4501-8f94-1f06664b95e7" />
      <TestMethod codeBase="TestAssembly.dll" className="TestNamespace.TestClass5" name="Test949" />
    </UnitTest>
    <UnitTest name="Test950" id="38a329e6-2ec7-432a-8169-e001ace2ac28" storage="TestAssembly.dll">
      <Execution id="b94be814-41d3-4c01-895b-81879e569b85" />
      <TestMethod codeBase="TestAssembly.dll" className="TestNamespace.TestClass5" name="Test950" />
    </UnitTest>
    <UnitTest name="Test951" id="8837e1f1-0bc7-4a34-8519-73d984209c75" storage="TestAssembly.dll">
      <Execution id="c6713da7-670f-481e-b457-f9546f33f07a" />
      <TestMethod codeBase="TestAssembly.dll" className="TestNamespace.TestClass6" name="Test951" />
    </UnitTest>
    <UnitTest name="Test952" id="25470abe-29a4-4852-838c-d4a57ef5f1f0" storage="TestAssembly.dll">
      <Execution id="c474388f-433c-45cd-aeb7-99f378052ab2" />
      <TestMethod codeBase="TestAssembly.dll" className="TestNamespace.TestClass6" name="Test952" />
    </UnitTest>
    <UnitTest name="Test953" id="a4d7fdfc-07c2-474f-948e-80517fb0de81" storage="TestAssembly.dll">
      <Execution id="e0db7bf4-6f23-4436-973a-6f751b8ef3b0" />
      <TestMethod codeBase="TestAssembly.dll" className="TestNamespace.TestClass6" name="Test953" />
    </UnitTest>
    <UnitTest name="Test954" id="241c8068-2e2c-4d93-a84e-34d68b18820e" storage="TestAssembly.dll">
      <Execution id="e2476116-b013-4081-9ac7-15876ac72696" />
      <TestMethod codeBase="TestAssembly.dll" className="TestNamespace.TestClass6" name="Test954" />
    </UnitTest>
    <UnitTest name="Test955" id="077bb629-03c4-4c32-903e-df9a0dd375c7" storage="TestAssembly.dll">
      <Execution id="c30f9447-9186-4a78-89b6-9085bdd09b12" />
      <TestMethod codeBase="TestAssembly.dll" className="TestNamespace.TestClass6" name="Test955" />
    </UnitTest>
    <UnitTest name="Test956" id="50307dff-5362-410a-a0f6-98faee5dd76f" storage="TestAssembly.dll">
      <Execution id="b7fc00f5-2b99-41d3-a9ac-346c52d91b72" />
      <TestMethod codeBase="TestAssembly.dll" className="TestNamespace.TestClass6" name="Test956" />
    </UnitTest>
    <UnitTest name="Test957" id="5f13eebf-d490-47e1-9ffb-2f2c33219b01" storage="TestAssembly.dll">
      <Execution id="577b3518-6f99-49e0-bdc3-d8ee4308fe25" />
      <TestMethod codeBase="TestAssembly.dll" className="TestNamespace.TestClass6" name="Test957" />
    </UnitTest>
    <UnitTest name="Test958" id="f389f8ec-d165-442e-95de-91e29f6a5a26" storage="TestAssembly.dll">
      <Execution id="2d15f1cc-5c55-442d-81b6-e96ca48f478f" />
      <TestMethod codeBase="TestAssembly.dll" className="TestNamespace.TestClass6" name="Test958" />
    </UnitTest>
    <UnitTest name="Test959" id="67459fb9-d8e4-49fe-9365-3380e72dcfe8" storage="TestAssembly.dll">
      <Execution id="d49b8f72-3262-4acc-b798-a4a86550ef5a" />
      <TestMethod codeBase="TestAssembly.dll" className="TestNamespace.TestClass6" name="Test959" />
    </UnitTest>
    <UnitTest name="Test960" id="a45c6749-43ba-42ad-80eb-6ee484cf5cc7" storage="TestAssembly.dll">
      <Execution id="43301be9-f732-4d1d-9c69-d70882f0ce04" />
      <TestMethod codeBase="TestAssembly.dll" className="TestNamespace.TestClass6" name="Test960" />
    </UnitTest>
    <UnitTest name="Test961" id="d995bf5f-e781-4f7d-8a4d-d492c9d05961" storage="TestAssembly.dll">
      <Execution id="f0c70955-8b2c-4e40-94f6-addd23ac94ff" />
      <TestMethod codeBase="TestAssembly.dll" className="TestNamespace.TestClass7" name="Test961" />
    </UnitTest>
    <UnitTest name="Test962" id="94512551-76f5-4fcd-9c49-6ac9d714b2fb" storage="TestAssembly.dll">
      <Execution id="1a8e8846-f4ea-4497-b34b-ad931b805a31" />
      <TestMethod codeBase="TestAssembly.dll" className="TestNamespace.TestClass7" name="Test962" />
    </UnitTest>
    <UnitTest name="Test963" id="8f33b833-edae-4649-a49f-f8addc9e24ab" storage="TestAssembly.dll">
      <Execution id="8218547d-d46e-4a19-ab8c-5a479abd5e74" />
      <TestMethod codeBase="TestAssembly.dll" className="TestNamespace.TestClass7" name="Test963" />
    </UnitTest>
    <UnitTest name="Test964" id="f2146239-4825-4c10-8c36-3eec19bb251c" storage="TestAssembly.dll">
      <Execution id="ee89d8f1-b3fd-4f54-bdce-93604927f6be" />
      <TestMethod codeBase="TestAssembly.dll" className="TestNamespace.TestClass7" name="Test964" />
    </UnitTest>
    <UnitTest name="Test965" id="2ec72759-fb90-4465-9053-69b34da8f932" storage="TestAssembly.dll">
      <Execution id="905212f6-5062-4f5d-a2d0-802e19d9f219" />
      <TestMethod codeBase="TestAssembly.dll" className="TestNamespace.TestClass7" name="Test965" />
    </UnitTest>
    <UnitTest name="Test966" id="db246128-5f29-4dae-9579-bf4bd2705f1e" storage="TestAssembly.dll">
      <Execution id="5801f3eb-37c2-4a14-8fcf-01283702b9b4" />
      <TestMethod codeBase="TestAssembly.dll" className="TestNamespace.TestClass7" name="Test966" />
    </UnitTest>
    <UnitTest name="Test967" id="93bc2c1c-a337-4770-bbbe-b6834d5f4022" storage="TestAssembly.dll">
      <Execution id="5679a6c1-aee4-4fff-bc33-f1158bad6a99" />
      <TestMethod codeBase="TestAssembly.dll" className="TestNamespace.TestClass7" name="Test967" />
    </UnitTest>
    <UnitTest name="Test968" id="6971310b-f079-4220-9c76-521532f777de" storage="TestAssembly.dll">
      <Execution id="7e42b70c-1315-4afa-93e4-80eb1393b505" />
      <TestMethod codeBase="TestAssembly.dll" className="TestNamespace.TestClass7" name="Test968" />
    </UnitTest>
    <UnitTest name="Test969" id="0513068a-700c-4d7c-a28a-668902c4eb8c" storage="TestAssembly.dll">
      <Execution id="476e3d57-1e1e-4a48-8e4f-d49eefe81399" />
      <TestMethod codeBase="TestAssembly.dll" className="TestNamespace.TestClass7" name="Test969" />
    </UnitTest>
    <UnitTest name="Test970" id="ecb0814a-62d2-4125-9807-08a11fa798ca" storage="TestAssembly.dll">
      <Execution id="1e6377de-d426-412d-9a91-8c8a39755e6d" />
      <TestMethod codeBase="TestAssembly.dll" className="TestNamespace.TestClass7" name="Test970" />
    </UnitTest>
    <UnitTest name="Test971" id="e58e6a12-a526-44e2-8f66-4bc6ef15a692" storage="TestAssembly.dll">
      <Execution id="c6cd2cc8-999c-444a-9779-4524f050cbff" />
      <TestMethod codeBase="TestAssembly.dll" className="TestNamespace.TestClass8" name="Test971" />
    </UnitTest>
    <UnitTest name="Test972" id="2fcf5034-0702-4243-8623-5e942b182c0c" storage="TestAssembly.dll">
      <Execution id="1c770496-a589-4d6d-aff0-6538b6afb174" />
      <TestMethod codeBase="TestAssembly.dll" className="TestNamespace.TestClass8" name="Test972" />
    </UnitTest>
    <UnitTest name="Test973" id="05ddeaea-63cc-4357-81a5-af70dea06a78" storage="TestAssembly.dll">
      <Execution id="c373721c-4a7b-428f-ae3a-a066c61d2974" />
      <TestMethod codeBase="TestAssembly.dll" className="TestNamespace.TestClass8" name="Test973" />
    </UnitTest>
    <UnitTest name="Test974" id="0cece236-3020-4c72-beaf-12610b11dac2" storage="TestAssembly.dll">
      <Execution id="e1569500-e8be-40ab-a76e-6c94d4bff64c" />
      <TestMethod codeBase="TestAssembly.dll" className="TestNamespace.TestClass8" name="Test974" />
    </UnitTest>
    <UnitTest name="Test975" id="55b88d45-2ce7-4346-bca7-ae49322c3fb4" storage="TestAssembly.dll">
      <Execution id="6c6b0aa9-0f40-49a9-81cf-32ae7ce14ea1" />
      <TestMethod codeBase="TestAssembly.dll" className="TestNamespace.TestClass8" name="Test975" />
    </UnitTest>
    <UnitTest name="Test976" id="64dbc8ca-37ff-44e6-a0f3-becffcbc84c5" storage="TestAssembly.dll">
      <Execution id="327e74fd-088b-4138-813a-897862abea71" />
      <TestMethod codeBase="TestAssembly.dll" className="TestNamespace.TestClass8" name="Test976" />
    </UnitTest>
    <UnitTest name="Test977" id="e2968e9a-e635-4bfa-92ba-ee5958a9cfa4" storage="TestAssembly.dll">
      <Execution id="9b4412da-bb93-4ca2-997f-4d367cc2960b" />
      <TestMethod codeBase="TestAssembly.dll" className="TestNamespace.TestClass8" name="Test977" />
    </UnitTest>
    <UnitTest name="Test978" id="4f055219-f8a5-4209-9b44-a13f8210856c" storage="TestAssembly.dll">
      <Execution id="7067f0b9-0709-4ede-a431-1bedbc9c6442" />
      <TestMethod codeBase="TestAssembly.dll" className="TestNamespace.TestClass8" name="Test978" />
    </UnitTest>
    <UnitTest name="Test979" id="56d467dd-f1df-44aa-9362-80a6d215aff8" storage="TestAssembly.dll">
      <Execution id="8c7be639-51d5-4d98-81d3-b5b6c6fa4a01" />
      <TestMethod codeBase="TestAssembly.dll" className="TestNamespace.TestClass8" name="Test979" />
    </UnitTest>
    <UnitTest name="Test980" id="02e2b977-fa70-4c1f-9f3a-ee35b91b75b7" storage="TestAssembly.dll">
      <Execution id="2bedce12-2014-4cf1-96cd-69cef9facdb5" />
      <TestMethod codeBase="TestAssembly.dll" className="TestNamespace.TestClass8" name="Test980" />
    </UnitTest>
    <UnitTest name="Test981" id="259d1577-2b6d-4886-a0b8-7331c865e110" storage="TestAssembly.dll">
      <Execution id="52b2bc49-0255-460b-84e7-83827d740cc4" />
      <TestMethod codeBase="TestAssembly.dll" className="TestNamespace.TestClass9" name="Test981" />
    </UnitTest>
    <UnitTest name="Test982" id="dd047a1d-92e2-418d-9de5-81a3fc75b0a6" storage="TestAssembly.dll">
      <Execution id="c86931ec-11d0-4664-b70d-7450050425fc" />
      <TestMethod codeBase="TestAssembly.dll" className="TestNamespace.TestClass9" name="Test982" />
    </UnitTest>
    <UnitTest name="Test983" id="ac8e35ea-5b3f-4f64-868d-9425eb3c6428" storage="TestAssembly.dll">
      <Execution id="9f6d2a47-7bbe-4c21-9edb-d7ec6a220d4a" />
      <TestMethod codeBase="TestAssembly.dll" className="TestNamespace.TestClass9" name="Test983" />
    </UnitTest>
    <UnitTest name="Test984" id="e1da83f4-4837-495a-87e2-cb4b481e4cae" storage="TestAssembly.dll">
      <Execution id="8e29a7ae-f66f-4267-acae-073cf3deacd7" />
      <TestMethod codeBase="TestAssembly.dll" className="TestNamespace.TestClass9" name="Test984" />
    </UnitTest>
    <UnitTest name="Test985" id="e046c10d-2dd2-47cf-b2d2-3aa6ec1f5e5a" storage="TestAssembly.dll">
      <Execution id="d84b2814-4c9e-418c-9b26-9ce01ac1b143" />
      <TestMethod codeBase="TestAssembly.dll" className="TestNamespace.TestClass9" name="Test985" />
    </UnitTest>
    <UnitTest name="Test986" id="56c54666-1da6-417c-8e13-43563b880fb6" storage="TestAssembly.dll">
      <Execution id="efb3424e-87c3-4e9d-8dcf-7ca2f433918e" />
      <TestMethod codeBase="TestAssembly.dll" className="TestNamespace.TestClass9" name="Test986" />
    </UnitTest>
    <UnitTest name="Test987" id="41375ce5-a876-443a-bfe7-8ac24aebc396" storage="TestAssembly.dll">
      <Execution id="8210941b-a3e3-4da7-ab72-bcfd270e9e02" />
      <TestMethod codeBase="TestAssembly.dll" className="TestNamespace.TestClass9" name="Test987" />
    </UnitTest>
    <UnitTest name="Test988" id="9cd0b062-100a-4537-aa77-257af2ade9b5" storage="TestAssembly.dll">
      <Execution id="194d0079-f6a9-41ac-9cf9-b8a743fdc37f" />
      <TestMethod codeBase="TestAssembly.dll" className="TestNamespace.TestClass9" name="Test988" />
    </UnitTest>
    <UnitTest name="Test989" id="79c39ebf-a81f-4afc-bec9-22383f873b41" storage="TestAssembly.dll">
      <Execution id="bf3610ae-81f6-4499-9644-ca6c89f57475" />
      <TestMethod codeBase="TestAssembly.dll" className="TestNamespace.TestClass9" name="Test989" />
    </UnitTest>
    <UnitTest name="Test990" id="233d93d8-3bf0-4250-a2bc-f0c19d4eea55" storage="TestAssembly.dll">
      <Execution id="d360573e-f54d-46a4-9ce4-0378d20cb7a5" />
      <TestMethod codeBase="TestAssembly.dll" className="TestNamespace.TestClass9" name="Test990" />
    </UnitTest>
    <UnitTest name="Test991" id="8cd14c25-40d5-4a43-9dbf-1f3fe6f8c7df" storage="TestAssembly.dll">
      <Execution id="c5cfb542-8c6b-4e0b-963f-2c346bc634f7" />
      <TestMethod codeBase="TestAssembly.dll" className="TestNamespace.TestClass10" name="Test991" />
    </UnitTest>
    <UnitTest name="Test992" id="91b4e119-432b-4429-950b-f4c598914532" storage="TestAssembly.dll">
      <Execution id="38d19055-cfcf-4acc-9ecf-b6e8f8b31477" />
      <TestMethod codeBase="TestAssembly.dll" className="TestNamespace.TestClass10" name="Test992" />
    </UnitTest>
    <UnitTest name="Test993" id="76135cb1-ec37-486f-b61d-27489102877b" storage="TestAssembly.dll">
      <Execution id="bc718575-d705-42af-97c1-6f7e8f2fafe3" />
      <TestMethod codeBase="TestAssembly.dll" className="TestNamespace.TestClass10" name="Test993" />
    </UnitTest>
    <UnitTest name="Test994" id="324eb622-9154-4fbe-8570-21d0207b7360" storage="TestAssembly.dll">
      <Execution id="f22be9d0-c90a-4b19-8d03-1464c4a90be8" />
      <TestMethod codeBase="TestAssembly.dll" className="TestNamespace.TestClass10" name="Test994" />
    </UnitTest>
    <UnitTest name="Test995" id="fb55c42f-72b8-4cb7-9ac3-2098f47330b3" storage="TestAssembly.dll">
      <Execution id="aecefec3-8aea-4da0-9129-2c5d8eab738c" />
      <TestMethod codeBase="TestAssembly.dll" className="TestNamespace.TestClass10" name="Test995" />
    </UnitTest>
    <UnitTest name="Test996" id="32b0509a-82b7-4041-8494-d5add7710b41" storage="TestAssembly.dll">
      <Execution id="1ca63b5f-731a-4f1e-811a-746ef88200d8" />
      <TestMethod codeBase="TestAssembly.dll" className="TestNamespace.TestClass10" name="Test996" />
    </UnitTest>
    <UnitTest name="Test997" id="e210181e-b883-43f6-bdd5-b9a4f7e4738e" storage="TestAssembly.dll">
      <Execution id="62cbda19-061e-48c5-a004-6ac56d1fe9b1" />
      <TestMethod codeBase="TestAssembly.dll" className="TestNamespace.TestClass10" name="Test997" />
    </UnitTest>
    <UnitTest name="Test998" id="f1a24d29-4784-4fc7-b013-0ef142f5890a" storage="TestAssembly.dll">
      <Execution id="ac18670c-2d47-4832-ad9f-01c3d80e4a82" />
      <TestMethod codeBase="TestAssembly.dll" className="TestNamespace.TestClass10" name="Test998" />
    </UnitTest>
    <UnitTest name="Test999" id="c4dfb266-26e9-45fd-bb35-027c7fac2470" storage="TestAssembly.dll">
      <Execution id="fc7aa085-a10f-4e1e-854a-9a72ff8f45ab" />
      <TestMethod codeBase="TestAssembly.dll" className="TestNamespace.TestClass10" name="Test999" />
    </UnitTest>
    <UnitTest name="Test1000" id="2bb6d268-08ac-46eb-a8d2-4041cca1a53a" storage="TestAssembly.dll">
      <Execution id="6ac5382d-8907-4a2f-97bc-5110115040a7" />
      <TestMethod codeBase="TestAssembly.dll" className="TestNamespace.TestClass10" name="Test1000" />
    </UnitTest>
  </TestDefinitions>
  <TestEntries>
    <TestEntry testId="6271cf34-b9aa-475d-b07e-8ecb93986968" executionId="0946d434-993a-475b-951b-da4c33893a93" testListId="3f04b5de-7fc5-4a06-a20c-849b855bf475" />
    <TestEntry testId="54c2dd38-a6c4-4379-975b-bb811f1d2e67" executionId="4654e34b-6b1b-4ce5-b30e-8370ab4ef295" testListId="3f04b5de-7fc5-4a06-a20c-849b855bf475" />
    <TestEntry testId="0a37d6cb-1249-4dce-bb40-b17b4faf582c" executionId="26bd80c2-941f-43ca-8e0a-181cbb501276" testListId="3f04b5de-7fc5-4a06-a20c-849b855bf475" />
    <TestEntry testId="14ba35b6-1008-4463-9e3d-95dbf2adda09" executionId="68d7095a-2156-424e-a6d8-93efa32c019d" testListId="3f04b5de-7fc5-4a06-a20c-849b855bf475" />
    <TestEntry testId="6ac7062e-4ad2-4e86-b9eb-6b8a90cdf299" executionId="88616876-9aeb-4875-b7f5-a4c5597af999" testListId="3f04b5de-7fc5-4a06-a20c-849b855bf475" />
    <TestEntry testId="2b6572a0-b2ce-4395-8580-1c9fd67a1136" executionId="488c172f-1b28-43f4-bf10-ea0d3b2201e9" testListId="3f04b5de-7fc5-4a06-a20c-849b855bf475" />
    <TestEntry testId="fb6f3329-b782-4d9d-a2b0-ff236802e061" executionId="f9312729-23e6-4c0b-a64d-e52181ffe56f" testListId="3f04b5de-7fc5-4a06-a20c-849b855bf475" />
    <TestEntry testId="42e04aac-bede-46b9-9fd6-948d9829149c" executionId="35252081-5765-41fe-b84b-3198e03a20df" testListId="3f04b5de-7fc5-4a06-a20c-849b855bf475" />
    <TestEntry testId="3a2d6e64-2978-4086-b80e-b6f108b086d8" executionId="c9a87488-d718-466a-a0dd-6f07ab1fd01f" testListId="3f04b5de-7fc5-4a06-a20c-849b855bf475" />
    <TestEntry testId="c43245a4-01d1-4baa-9999-96f405516fcf" executionId="9a0a9c04-e1e2-443a-93e0-5af56697585c" testListId="3f04b5de-7fc5-4a06-a20c-849b855bf475" />
    <TestEntry testId="8521edc3-22db-4751-b5e1-727faae525e5" executionId="e8435eb4-21dc-4bb4-8d98-032a2211c198" testListId="3f04b5de-7fc5-4a06-a20c-849b855bf475" />
    <TestEntry testId="737c5652-4947-4a7b-aec2-0bfad776a0fa" executionId="cdec3c39-55fc-4251-8199-2dd68ca5b81c" testListId="3f04b5de-7fc5-4a06-a20c-849b855bf475" />
    <TestEntry testId="d50f600d-9df3-474c-9db2-95a620683f25" executionId="e45fc22f-03da-48ff-a8df-5e5312d25653" testListId="3f04b5de-7fc5-4a06-a20c-849b855bf475" />
    <TestEntry testId="73f43d39-f42e-4381-9253-631350780304" executionId="b2ffa948-1d87-4068-b666-8a7e1955b0e0" testListId="3f04b5de-7fc5-4a06-a20c-849b855bf475" />
    <TestEntry testId="c3e6ebbd-2ecf-4dcd-99a2-335078125e71" executionId="69804207-d8f5-4839-b8ff-56d2d6a5b8d9" testListId="3f04b5de-7fc5-4a06-a20c-849b855bf475" />
    <TestEntry testId="0d1bef95-2552-4959-bb60-106072ad2c31" executionId="70897462-7d09-4e13-8c7f-63dd3dbff60a" testListId="3f04b5de-7fc5-4a06-a20c-849b855bf475" />
    <TestEntry testId="8f33389e-27e8-4e12-9ab4-cbe2a26abc39" executionId="a915569e-6f3e-4a27-ae3d-43936cb96017" testListId="3f04b5de-7fc5-4a06-a20c-849b855bf475" />
    <TestEntry testId="7cfb0a23-5531-4465-ae3b-df425f653647" executionId="f8e4dc48-32e3-44ff-a0b2-24d09ba150a0" testListId="3f04b5de-7fc5-4a06-a20c-849b855bf475" />
    <TestEntry testId="5fb99d6b-f49b-4f8e-860c-d11040b0e05b" executionId="ab18615a-707d-4130-ae45-ba106d1d8384" testListId="3f04b5de-7fc5-4a06-a20c-849b855bf475" />
    <TestEntry testId="d31af466-5c1b-4868-8220-09aefbb1b4f1" executionId="c011e44d-2b0f-4289-8491-dba518ff041e" testListId="3f04b5de-7fc5-4a06-a20c-849b855bf475" />
    <TestEntry testId="2b3aaace-1031-4833-85e1-ae9e5bd8b22b" executionId="75c7983c-f9dd-4869-bd1b-745ceb29fe4a" testListId="3f04b5de-7fc5-4a06-a20c-849b855bf475" />
    <TestEntry testId="6c1a3fb0-eb6d-44eb-b23e-ef3cd9814a9e" executionId="4fb9dc28-f7da-430a-87a7-4c71b1f159df" testListId="3f04b5de-7fc5-4a06-a20c-849b855bf475" />
    <TestEntry testId="fdb5eaee-3483-4577-8253-5c24bbc76a56" executionId="f7114dc5-3a13-466a-82c4-7ac8c9580910" testListId="3f04b5de-7fc5-4a06-a20c-849b855bf475" />
    <TestEntry testId="73cfba55-611a-4905-942f-2b74ddaead26" executionId="8fef2d05-327f-41d7-9a37-1f428a804e12" testListId="3f04b5de-7fc5-4a06-a20c-849b855bf475" />
    <TestEntry testId="bd8e5162-1d35-4a65-9b91-40a17bbba4fd" executionId="5a19ddeb-b621-43c7-b1b9-d3ed9f195d52" testListId="3f04b5de-7fc5-4a06-a20c-849b855bf475" />
    <TestEntry testId="c5155bba-7e61-4724-98ef-031a33069450" executionId="996abad3-80df-4126-8b76-ac64f798f63f" testListId="3f04b5de-7fc5-4a06-a20c-849b855bf475" />
    <TestEntry testId="77accaa4-193b-4392-88c9-155f3b67730e" executionId="d7a4b80c-74fe-401c-a7bb-0636ecbd556e" testListId="3f04b5de-7fc5-4a06-a20c-849b855bf475" />
    <TestEntry testId="adba0b41-0260-4f7e-84ff-ce7e9665b7cc" executionId="a669622e-920a-4d4a-a2a7-a33dafa78f0a" testListId="3f04b5de-7fc5-4a06-a20c-849b855bf475" />
    <TestEntry testId="dccd9d8e-6e12-456b-8d3d-3ac276b41c17" executionId="fda19d61-51e8-4427-b75d-db026ccf9ab2" testListId="3f04b5de-7fc5-4a06-a20c-849b855bf475" />
    <TestEntry testId="b00e81a1-dafc-410f-a7b7-684d64d62008" executionId="5856acee-a632-41f3-acda-bf06d180c52d" testListId="3f04b5de-7fc5-4a06-a20c-849b855bf475" />
    <TestEntry testId="5fef4282-520d-40b5-8699-ce528d4b222a" executionId="3b227fc8-1452-468e-a570-7fdb56df5cad" testListId="3f04b5de-7fc5-4a06-a20c-849b855bf475" />
    <TestEntry testId="dde9ec3e-b25d-4bab-9b87-6bc7bb800340" executionId="66396ed2-2693-448c-a6d3-140d9e2f3ebb" testListId="3f04b5de-7fc5-4a06-a20c-849b855bf475" />
    <TestEntry testId="1febb87d-61d9-4e62-875f-38c7d66154a6" executionId="09a93e0f-35c2-4f30-be5b-5c263e0f8523" testListId="3f04b5de-7fc5-4a06-a20c-849b855bf475" />
    <TestEntry testId="56388e68-54a8-43c1-865a-cf035d568a0e" executionId="17b7fb39-a878-4ca3-9cbb-5644dcd7a6db" testListId="3f04b5de-7fc5-4a06-a20c-849b855bf475" />
    <TestEntry testId="251499d7-b4bd-417f-85a0-ded59a7c775e" executionId="fd9340b5-5911-4646-909a-12518de54ac6" testListId="3f04b5de-7fc5-4a06-a20c-849b855bf475" />
    <TestEntry testId="f7457e2c-abce-4bab-bb6c-8e3627015c4e" executionId="710f3d1b-5047-45bf-9b4b-b75634670bff" testListId="3f04b5de-7fc5-4a06-a20c-849b855bf475" />
    <TestEntry testId="9546e6ba-2679-4424-95b0-8a0399a186fa" executionId="69d7b5e2-b694-4c6f-9ecc-259584ae5d95" testListId="3f04b5de-7fc5-4a06-a20c-849b855bf475" />
    <TestEntry testId="024e08f7-d621-4068-9695-bd4d0ccf87af" executionId="470361b9-be2e-41f1-8af4-c617c342acfe" testListId="3f04b5de-7fc5-4a06-a20c-849b855bf475" />
    <TestEntry testId="f249cceb-72ac-464b-ade4-5bf3b4af5c4c" executionId="29de349a-f4e7-4c9e-b07d-8911a2c76cce" testListId="3f04b5de-7fc5-4a06-a20c-849b855bf475" />
    <TestEntry testId="090b9cf8-30ba-479f-a6ad-7c5d952e61d3" executionId="7b0b2f2e-79ea-42e3-8e44-7e34a5b04959" testListId="3f04b5de-7fc5-4a06-a20c-849b855bf475" />
    <TestEntry testId="f1100489-9093-4537-9734-da696e5668cb" executionId="73871387-bf1d-472d-a6ea-cb3fece83779" testListId="3f04b5de-7fc5-4a06-a20c-849b855bf475" />
    <TestEntry testId="42367e3a-5715-41b7-8088-14d1bb9b960e" executionId="384d6d9e-1145-4564-a0fc-1eaa93d4de19" testListId="3f04b5de-7fc5-4a06-a20c-849b855bf475" />
    <TestEntry testId="236da97b-b17e-4030-90cc-370bbc2bc306" executionId="78f449a7-8872-4f83-8404-73fa7224f186" testListId="3f04b5de-7fc5-4a06-a20c-849b855bf475" />
    <TestEntry testId="37d2e1fc-3f39-4a46-9cfb-a9b454674a24" executionId="4a6563ac-7a4b-4c4e-bdc7-3a0cbe9dcaae" testListId="3f04b5de-7fc5-4a06-a20c-849b855bf475" />
    <TestEntry testId="c1d5c352-0588-4c21-93b1-e3d6262b8f5f" executionId="15b1cb8b-ed62-44e6-b6a4-48f1ba74880b" testListId="3f04b5de-7fc5-4a06-a20c-849b855bf475" />
    <TestEntry testId="9bcf76f2-63fd-4e08-bc91-de370f88f39d" executionId="4cafdba4-33c2-4d14-b1a8-953a4a03e6d1" testListId="3f04b5de-7fc5-4a06-a20c-849b855bf475" />
    <TestEntry testId="cbf993e3-5ac9-4bf9-b7d7-ccf515dcee2d" executionId="75f85f09-7998-4f14-80bb-c06aa6b4879d" testListId="3f04b5de-7fc5-4a06-a20c-849b855bf475" />
    <TestEntry testId="8b2e4c73-f128-4501-b4e5-92870ff9ac2c" executionId="c3c3f1d2-4364-427d-997a-f1de858c2e0d" testListId="3f04b5de-7fc5-4a06-a20c-849b855bf475" />
    <TestEntry testId="0a32e7f6-c2e6-4caf-8d80-828a56068b4e" executionId="962278b7-98e4-4501-8f94-1f06664b95e7" testListId="3f04b5de-7fc5-4a06-a20c-849b855bf475" />
    <TestEntry testId="38a329e6-2ec7-432a-8169-e001ace2ac28" executionId="b94be814-41d3-4c01-895b-81879e569b85" testListId="3f04b5de-7fc5-4a06-a20c-849b855bf475" />
    <TestEntry testId="8837e1f1-0bc7-4a34-8519-73d984209c75" executionId="c6713da7-670f-481e-b457-f9546f33f07a" testListId="3f04b5de-7fc5-4a06-a20c-849b855bf475" />
    <TestEntry testId="25470abe-29a4-4852-838c-d4a57ef5f1f0" executionId="c474388f-433c-45cd-aeb7-99f378052ab2" testListId="3f04b5de-7fc5-4a06-a20c-849b855bf475" />
    <TestEntry testId="a4d7fdfc-07c2-474f-948e-80517fb0de81" executionId="e0db7bf4-6f23-4436-973a-6f751b8ef3b0" testListId="3f04b5de-7fc5-4a06-a20c-849b855bf475" />
    <TestEntry testId="241c8068-2e2c-4d93-a84e-34d68b18820e" executionId="e2476116-b013-4081-9ac7-15876ac72696" testListId="3f04b5de-7fc5-4a06-a20c-849b855bf475" />
    <TestEntry testId="077bb629-03c4-4c32-903e-df9a0dd375c7" executionId="c30f9447-9186-4a78-89b6-9085bdd09b12" testListId="3f04b5de-7fc5-4a06-a20c-849b855bf475" />
    <TestEntry testId="50307dff-5362-410a-a0f6-98faee5dd76f" executionId="b7fc00f5-2b99-41d3-a9ac-346c52d91b72" testListId="3f04b5de-7fc5-4a06-a20c-849b855bf475" />
    <TestEntry testId="5f13eebf-d490-47e1-9ffb-2f2c33219b01" executionId="577b3518-6f99-49e0-bdc3-d8ee4308fe25" testListId="3f04b5de-7fc5-4a06-a20c-849b855bf475" />
    <TestEntry testId="f389f8ec-d165-442e-95de-91e29f6a5a26" executionId="2d15f1cc-5c55-442d-81b6-e96ca48f478f" testListId="3f04b5de-7fc5-4a06-a20c-849b855bf475" />
    <TestEntry testId="67459fb9-d8e4-49fe-9365-3380e72dcfe8" executionId="d49b8f72-3262-4acc-b798-a4a86550ef5a" testListId="3f04b5de-7fc5-4a06-a20c-849b855bf475" />
    <TestEntry testId="a45c6749-43ba-42ad-80eb-6ee484cf5cc7" executionId="43301be9-f732-4d1d-9c69-d70882f0ce04" testListId="3f04b5de-7fc5-4a06-a20c-849b855bf475" />
    <TestEntry testId="d995bf5f-e781-4f7d-8a4d-d492c9d05961" executionId="f0c70955-8b2c-4e40-94f6-addd23ac94ff" testListId="3f04b5de-7fc5-4a06-a20c-849b855bf475" />
    <TestEntry testId="94512551-76f5-4fcd-9c49-6ac9d714b2fb" executionId="1a8e8846-f4ea-4497-b34b-ad931b805a31" testListId="3f04b5de-7fc5-4a06-a20c-849b855bf475" />
    <TestEntry testId="8f33b833-edae-4649-a49f-f8addc9e24ab" executionId="8218547d-d46e-4a19-ab8c-5a479abd5e74" testListId="3f04b5de-7fc5-4a06-a20c-849b855bf475" />
    <TestEntry testId="f2146239-4825-4c10-8c36-3eec19bb251c" executionId="ee89d8f1-b3fd-4f54-bdce-93604927f6be" testListId="3f04b5de-7fc5-4a06-a20c-849b855bf475" />
    <TestEntry testId="2ec72759-fb90-4465-9053-69b34da8f932" executionId="905212f6-5062-4f5d-a2d0-802e19d9f219" testListId="3f04b5de-7fc5-4a06-a20c-849b855bf475" />
    <TestEntry testId="db246128-5f29-4dae-9579-bf4bd2705f1e" executionId="5801f3eb-37c2-4a14-8fcf-01283702b9b4" testListId="3f04b5de-7fc5-4a06-a20c-849b855bf475" />
    <TestEntry testId="93bc2c1c-a337-4770-bbbe-b6834d5f4022" executionId="5679a6c1-aee4-4fff-bc33-f1158bad6a99" testListId="3f04b5de-7fc5-4a06-a20c-849b855bf475" />
    <TestEntry testId="6971310b-f079-4220-9c76-521532f777de" executionId="7e42b70c-1315-4afa-93e4-80eb1393b505" testListId="3f04b5de-7fc5-4a06-a20c-849b855bf475" />
    <TestEntry testId="0513068a-700c-4d7c-a28a-668902c4eb8c" executionId="476e3d57-1e1e-4a48-8e4f-d49eefe81399" testListId="3f04b5de-7fc5-4a06-a20c-849b855bf475" />
    <TestEntry testId="ecb0814a-62d2-4125-9807-08a11fa798ca" executionId="1e6377de-d426-412d-9a91-8c8a39755e6d" testListId="3f04b5de-7fc5-4a06-a20c-849b855bf475" />
    <TestEntry testId="e58e6a12-a526-44e2-8f66-4bc6ef15a692" executionId="c6cd2cc8-999c-444a-9779-4524f050cbff" testListId="3f04b5de-7fc5-4a06-a20c-849b855bf475" />
    <TestEntry testId="2fcf5034-0702-4243-8623-5e942b182c0c" executionId="1c770496-a589-4d6d-aff0-6538b6afb174" testListId="3f04b5de-7fc5-4a06-a20c-849b855bf475" />
    <TestEntry testId="05ddeaea-63cc-4357-81a5-af70dea06a78" executionId="c373721c-4a7b-428f-ae3a-a066c61d2974" testListId="3f04b5de-7fc5-4a06-a20c-849b855bf475" />
    <TestEntry testId="0cece236-3020-4c72-beaf-12610b11dac2" executionId="e1569500-e8be-40ab-a76e-6c94d4bff64c" testListId="3f04b5de-7fc5-4a06-a20c-849b855bf475" />
    <TestEntry testId="55b88d45-2ce7-4346-bca7-ae49322c3fb4" executionId="6c6b0aa9-0f40-49a9-81cf-32ae7ce14ea1" testListId="3f04b5de-7fc5-4a06-a20c-849b855bf475" />
    <TestEntry testId="64dbc8ca-37ff-44e6-a0f3-becffcbc84c5" executionId="327e74fd-088b-4138-813a-897862abea71" testListId="3f04b5de-7fc5-4a06-a20c-849b855bf475" />
    <TestEntry testId="e2968e9a-e635-4bfa-92ba-ee5958a9cfa4" executionId="9b4412da-bb93-4ca2-997f-4d367cc2960b" testListId="3f04b5de-7fc5-4a06-a20c-849b855bf475" />
    <TestEntry testId="4f055219-f8a5-4209-9b44-a13f8210856c" executionId="7067f0b9-0709-4ede-a431-1bedbc9c6442" testListId="3f04b5de-7fc5-4a06-a20c-849b855bf475" />
    <TestEntry testId="56d467dd-f1df-44aa-9362-80a6d215aff8" executionId="8c7be639-51d5-4d98-81d3-b5b6c6fa4a01" testListId="3f04b5de-7fc5-4a06-a20c-849b855bf475" />
    <TestEntry testId="02e2b977-fa70-4c1f-9f3a-ee35b91b75b7" executionId="2bedce12-2014-4cf1-96cd-69cef9facdb5" testListId="3f04b5de-7fc5-4a06-a20c-849b855bf475" />
    <TestEntry testId="259d1577-2b6d-4886-a0b8-7331c865e110" executionId="52b2bc49-0255-460b-84e7-83827d740cc4" testListId="3f04b5de-7fc5-4a06-a20c-849b855bf475" />
    <TestEntry testId="dd047a1d-92e2-418d-9de5-81a3fc75b0a6" executionId="c86931ec-11d0-4664-b70d-7450050425fc" testListId="3f04b5de-7fc5-4a06-a20c-849b855bf475" />
    <TestEntry testId="ac8e35ea-5b3f-4f64-868d-9425eb3c6428" executionId="9f6d2a47-7bbe-4c21-9edb-d7ec6a220d4a" testListId="3f04b5de-7fc5-4a06-a20c-849b855bf475" />
    <TestEntry testId="e1da83f4-4837-495a-87e2-cb4b481e4cae" executionId="8e29a7ae-f66f-4267-acae-073cf3deacd7" testListId="3f04b5de-7fc5-4a06-a20c-849b855bf475" />
    <TestEntry testId="e046c10d-2dd2-47cf-b2d2-3aa6ec1f5e5a" executionId="d84b2814-4c9e-418c-9b26-9ce01ac1b143" testListId="3f04b5de-7fc5-4a06-a20c-849b855bf475" />
    <TestEntry testId="56c54666-1da6-417c-8e13-43563b880fb6" executionId="efb3424e-87c3-4e9d-8dcf-7ca2f433918e" testListId="3f04b5de-7fc5-4a06-a20c-849b855bf475" />
    <TestEntry testId="41375ce5-a876-443a-bfe7-8ac24aebc396" executionId="8210941b-a3e3-4da7-ab72-bcfd270e9e02" testListId="3f04b5de-7fc5-4a06-a20c-849b855bf475" />
    <TestEntry testId="9cd0b062-100a-4537-aa77-257af2ade9b5" executionId="194d0079-f6a9-41ac-9cf9-b8a743fdc37f" testListId="3f04b5de-7fc5-4a06-a20c-849b855bf475" />
    <TestEntry testId="79c39ebf-a81f-4afc-bec9-22383f873b41" executionId="bf3610ae-81f6-4499-9644-ca6c89f57475" testListId="3f04b5de-7fc5-4a06-a20c-849b855bf475" />
    <TestEntry testId="233d93d8-3bf0-4250-a2bc-f0c19d4eea55" executionId="d360573e-f54d-46a4-9ce4-0378d20cb7a5" testListId="3f04b5de-7fc5-4a06-a20c-849b855bf475" />
    <TestEntry testId="8cd14c25-40d5-4a43-9dbf-1f3fe6f8c7df" executionId="c5cfb542-8c6b-4e0b-963f-2c346bc634f7" testListId="3f04b5de-7fc5-4a06-a20c-849b855bf475" />
    <TestEntry testId="91b4e119-432b-4429-950b-f4c598914532" executionId="38d19055-cfcf-4acc-9ecf-b6e8f8b31477" testListId="3f04b5de-7fc5-4a06-a20c-849b855bf475" />
    <TestEntry testId="76135cb1-ec37-486f-b61d-27489102877b" executionId="bc718575-d705-42af-97c1-6f7e8f2fafe3" testListId="3f04b5de-7fc5-4a06-a20c-849b855bf475" />
    <TestEntry testId="324eb622-9154-4fbe-8570-21d0207b7360" executionId="f22be9d0-c90a-4b19-8d03-1464c4a90be8" testListId="3f04b5de-7fc5-4a06-a20c-849b855bf475" />
    <TestEntry testId="fb55c42f-72b8-4cb7-9ac3-2098f47330b3" executionId="aecefec3-8aea-4da0-9129-2c5d8eab738c" testListId="3f04b5de-7fc5-4a06-a20c-849b855bf475" />
    <TestEntry testId="32b0509a-82b7-4041-8494-d5add7710b41" executionId="1ca63b5f-731a-4f1e-811a-746ef88200d8" testListId="3f04b5de-7fc5-4a06-a20c-849b855bf475" />
    <TestEntry testId="e210181e-b883-43f6-bdd5-b9a4f7e4738e" executionId="62cbda19-061e-48c5-a004-6ac56d1fe9b1" testListId="3f04b5de-7fc5-4a06-a20c-849b855bf475" />
    <TestEntry testId="f1a24d29-4784-4fc7-b013-0ef142f5890a" executionId="ac18670c-2d47-4832-ad9f-01c3d80e4a82" testListId="3f04b5de-7fc5-4a06-a20c-849b855bf475" />
    <TestEntry testId="c4dfb266-26e9-45fd-bb35-027c7fac2470" executionId="fc7aa085-a10f-4e1e-854a-9a72ff8f45ab" testListId="3f04b5de-7fc5-4a06-a20c-849b855bf475" />
    <TestEntry testId="2bb6d268-08ac-46eb-a8d2-4041cca1a53a" executionId="6ac5382d-8907-4a2f-97bc-5110115040a7" testListId="3f04b5de-7fc5-4a06-a20c-849b855bf475" />
  </TestEntries>
  <TestLists>
    <TestList name="Results Not in a List" id="3f04b5de-7fc5-4a06-a20c-849b855bf475" />
    <TestList name="All Loaded Results" id="63fd7273-b12d-4a04-95b6-2a885b1cf541" />
  </TestLists>
</TestRun>