<?xml version="1.0" encoding="UTF-8"?>
<TestRun id="408693b4-938a-4b7f-be52-5f2fc714104f" name="Test Run 35" runUser="Oles Galatsan" xmlns="http://microsoft.com/schemas/VisualStudio/TeamTest/2010">
  <Times creation="2025-05-14T13:20:31.3125482Z" queuing="2025-05-14T13:20:31.3125482Z" start="2025-05-14T13:20:31.3146610Z" finish="2025-05-14T13:25:31.3147553Z" />
  <TestSettings name="Test Settings 35" id="4b0ed85d-2e2b-4c66-8968-4406741c266d" />
  <Results>
    <UnitTestResult executionId="4829c29d-4cb9-4a3e-8bc2-2d92e9c2f6a9" testId="26683465-f0c6-4ac9-9e72-6550c626a29d" testName="Test3401" computerName="UA-LPT-OGA2" duration="00:00:01.7820000" startTime="2025-05-14T13:20:31.3146610Z" endTime="2025-05-14T13:25:31.3147553Z" testType="13cdc9d9-ddb5-4fa4-a97d-d965ccfc6d4b" outcome="Passed" testListId="7019c16c-0097-484b-8f8d-32d6b9a6750f" />
    <UnitTestResult executionId="40c6ae8c-bc3c-4c0d-b3fa-d31b38d0311d" testId="0f7be8d9-6f88-4198-b3ea-51bfeec0f3fb" testName="Test3402" computerName="UA-LPT-OGA2" duration="00:00:01.2440000" startTime="2025-05-14T13:20:31.3146610Z" endTime="2025-05-14T13:25:31.3147553Z" testType="13cdc9d9-ddb5-4fa4-a97d-d965ccfc6d4b" outcome="Passed" testListId="7019c16c-0097-484b-8f8d-32d6b9a6750f" />
    <UnitTestResult executionId="5d930c3d-cb99-4fed-b95e-44378d7a272d" testId="c1ac9a07-da2c-4853-be66-81dee066f3ed" testName="Test3403" computerName="UA-LPT-OGA2" duration="00:00:01.5890000" startTime="2025-05-14T13:20:31.3146610Z" endTime="2025-05-14T13:25:31.3147553Z" testType="13cdc9d9-ddb5-4fa4-a97d-d965ccfc6d4b" outcome="Passed" testListId="7019c16c-0097-484b-8f8d-32d6b9a6750f" />
    <UnitTestResult executionId="84b62abd-0f5c-4a19-9d5e-8f39de9bd921" testId="4d7412e9-1835-4ad7-b632-29d9abb5807f" testName="Test3404" computerName="UA-LPT-OGA2" duration="00:00:00.6690000" startTime="2025-05-14T13:20:31.3146610Z" endTime="2025-05-14T13:25:31.3147553Z" testType="13cdc9d9-ddb5-4fa4-a97d-d965ccfc6d4b" outcome="Passed" testListId="7019c16c-0097-484b-8f8d-32d6b9a6750f" />
    <UnitTestResult executionId="d924d266-10af-4e31-8df9-271f387bd1f8" testId="00c92878-fa7b-4c93-a0d3-09ac09d49e99" testName="Test3405" computerName="UA-LPT-OGA2" duration="00:00:00.7850000" startTime="2025-05-14T13:20:31.3146610Z" endTime="2025-05-14T13:25:31.3147553Z" testType="13cdc9d9-ddb5-4fa4-a97d-d965ccfc6d4b" outcome="Passed" testListId="7019c16c-0097-484b-8f8d-32d6b9a6750f" />
    <UnitTestResult executionId="b5b3fc00-52af-49ab-b6a6-6445e34df06c" testId="c384797f-ed62-42fc-93f8-f3a0bb2dc5ca" testName="Test3406" computerName="UA-LPT-OGA2" duration="00:00:00.0620000" startTime="2025-05-14T13:20:31.3146610Z" endTime="2025-05-14T13:25:31.3147553Z" testType="13cdc9d9-ddb5-4fa4-a97d-d965ccfc6d4b" outcome="Passed" testListId="7019c16c-0097-484b-8f8d-32d6b9a6750f" />
    <UnitTestResult executionId="01a1f92f-e054-4d19-a8aa-57e787b62457" testId="3b6b1245-0cef-491d-bdcf-75e24a2612c8" testName="Test3407" computerName="UA-LPT-OGA2" duration="00:00:00.1270000" startTime="2025-05-14T13:20:31.3146610Z" endTime="2025-05-14T13:25:31.3147553Z" testType="13cdc9d9-ddb5-4fa4-a97d-d965ccfc6d4b" outcome="Passed" testListId="7019c16c-0097-484b-8f8d-32d6b9a6750f" />
    <UnitTestResult executionId="ce2ffb54-960e-45dd-b522-f674d24bdbc6" testId="6de91bde-3d84-4efa-839b-fe65e8757423" testName="Test3408" computerName="UA-LPT-OGA2" duration="00:00:01.7220000" startTime="2025-05-14T13:20:31.3146610Z" endTime="2025-05-14T13:25:31.3147553Z" testType="13cdc9d9-ddb5-4fa4-a97d-d965ccfc6d4b" outcome="Passed" testListId="7019c16c-0097-484b-8f8d-32d6b9a6750f" />
    <UnitTestResult executionId="8fd8b201-cddc-4510-9116-7ccb89eb8391" testId="6b0f37c3-0f2d-45f8-942f-b98d70c283fd" testName="Test3409" computerName="UA-LPT-OGA2" duration="00:00:00.7780000" startTime="2025-05-14T13:20:31.3146610Z" endTime="2025-05-14T13:25:31.3147553Z" testType="13cdc9d9-ddb5-4fa4-a97d-d965ccfc6d4b" outcome="Passed" testListId="7019c16c-0097-484b-8f8d-32d6b9a6750f" />
    <UnitTestResult executionId="09a03eea-9e22-46b4-adaf-3bffd76c752e" testId="179502e0-e9dc-41fa-972b-685d6b28f4f4" testName="Test3410" computerName="UA-LPT-OGA2" duration="00:00:00.8230000" startTime="2025-05-14T13:20:31.3146610Z" endTime="2025-05-14T13:25:31.3147553Z" testType="13cdc9d9-ddb5-4fa4-a97d-d965ccfc6d4b" outcome="Passed" testListId="7019c16c-0097-484b-8f8d-32d6b9a6750f" />
    <UnitTestResult executionId="9a89624a-f750-45dd-969e-4d6c64c88d4f" testId="558e3a00-2437-4a61-83ce-184f1cf3443d" testName="Test3411" computerName="UA-LPT-OGA2" duration="00:00:01.3240000" startTime="2025-05-14T13:20:31.3146610Z" endTime="2025-05-14T13:25:31.3147553Z" testType="13cdc9d9-ddb5-4fa4-a97d-d965ccfc6d4b" outcome="Passed" testListId="7019c16c-0097-484b-8f8d-32d6b9a6750f" />
    <UnitTestResult executionId="58c74796-3dbf-4810-822b-19a8513a94e3" testId="8c67074f-1213-4191-b92e-0250742dae7b" testName="Test3412" computerName="UA-LPT-OGA2" duration="00:00:01.2560000" startTime="2025-05-14T13:20:31.3146610Z" endTime="2025-05-14T13:25:31.3147553Z" testType="13cdc9d9-ddb5-4fa4-a97d-d965ccfc6d4b" outcome="Passed" testListId="7019c16c-0097-484b-8f8d-32d6b9a6750f" />
    <UnitTestResult executionId="47b48be2-af55-4163-a482-16ce40aa2530" testId="6c3307bc-2118-4987-aa80-2df79ba62fb2" testName="Test3413" computerName="UA-LPT-OGA2" duration="00:00:01.1860000" startTime="2025-05-14T13:20:31.3146610Z" endTime="2025-05-14T13:25:31.3147553Z" testType="13cdc9d9-ddb5-4fa4-a97d-d965ccfc6d4b" outcome="Passed" testListId="7019c16c-0097-484b-8f8d-32d6b9a6750f" />
    <UnitTestResult executionId="66d823a0-696a-42cb-821f-3c280e81b2ee" testId="1b0eb69f-ee5b-4027-8959-9643c5c10c5c" testName="Test3414" computerName="UA-LPT-OGA2" duration="00:00:00.5250000" startTime="2025-05-14T13:20:31.3146610Z" endTime="2025-05-14T13:25:31.3147553Z" testType="13cdc9d9-ddb5-4fa4-a97d-d965ccfc6d4b" outcome="Passed" testListId="7019c16c-0097-484b-8f8d-32d6b9a6750f" />
    <UnitTestResult executionId="5edafc48-1c85-4aa0-acdc-545c2a802b39" testId="a7b382c8-b87e-4784-85e4-b748d5909ab5" testName="Test3415" computerName="UA-LPT-OGA2" duration="00:00:00.9420000" startTime="2025-05-14T13:20:31.3146610Z" endTime="2025-05-14T13:25:31.3147553Z" testType="13cdc9d9-ddb5-4fa4-a97d-d965ccfc6d4b" outcome="Passed" testListId="7019c16c-0097-484b-8f8d-32d6b9a6750f" />
    <UnitTestResult executionId="fc29250b-b74a-4056-8bcb-56cc589a2af7" testId="8c262146-6b12-4c4a-abbd-c6cd738ffb5a" testName="Test3416" computerName="UA-LPT-OGA2" duration="00:00:01.2810000" startTime="2025-05-14T13:20:31.3146610Z" endTime="2025-05-14T13:25:31.3147553Z" testType="13cdc9d9-ddb5-4fa4-a97d-d965ccfc6d4b" outcome="Passed" testListId="7019c16c-0097-484b-8f8d-32d6b9a6750f" />
    <UnitTestResult executionId="06e5f27a-8c43-46cb-b764-42289ae0be20" testId="6a2a4c8b-009e-49b1-9dbd-048d5a9d1d96" testName="Test3417" computerName="UA-LPT-OGA2" duration="00:00:01.1160000" startTime="2025-05-14T13:20:31.3146610Z" endTime="2025-05-14T13:25:31.3147553Z" testType="13cdc9d9-ddb5-4fa4-a97d-d965ccfc6d4b" outcome="Failed" testListId="7019c16c-0097-484b-8f8d-32d6b9a6750f">
      <Output>
        <ErrorInfo>
          <Message>Assertion failed: Expected value did not match actual value.</Message>
          <StackTrace>   at TestNamespace.TestClass.Test() in TestClass.cs:line 479</StackTrace>
        </ErrorInfo>
      </Output>
    </UnitTestResult>
    <UnitTestResult executionId="9e182638-70bf-4149-8e75-54536a08f478" testId="0620fddd-e52a-4719-9232-b87a3c5a7452" testName="Test3418" computerName="UA-LPT-OGA2" duration="00:00:00.5420000" startTime="2025-05-14T13:20:31.3146610Z" endTime="2025-05-14T13:25:31.3147553Z" testType="13cdc9d9-ddb5-4fa4-a97d-d965ccfc6d4b" outcome="Passed" testListId="7019c16c-0097-484b-8f8d-32d6b9a6750f" />
    <UnitTestResult executionId="7c12f3a0-5ea4-4ec1-ae02-dd40dd2370af" testId="b7ce3ca9-e39e-4f60-ba65-440d84c62822" testName="Test3419" computerName="UA-LPT-OGA2" duration="00:00:01.7530000" startTime="2025-05-14T13:20:31.3146610Z" endTime="2025-05-14T13:25:31.3147553Z" testType="13cdc9d9-ddb5-4fa4-a97d-d965ccfc6d4b" outcome="Passed" testListId="7019c16c-0097-484b-8f8d-32d6b9a6750f" />
    <UnitTestResult executionId="fc41d651-1db9-4d1b-9e94-32a4a45ddb18" testId="7df2fb99-0827-4118-9a31-a59ac2a57fde" testName="Test3420" computerName="UA-LPT-OGA2" duration="00:00:00.5790000" startTime="2025-05-14T13:20:31.3146610Z" endTime="2025-05-14T13:25:31.3147553Z" testType="13cdc9d9-ddb5-4fa4-a97d-d965ccfc6d4b" outcome="Passed" testListId="7019c16c-0097-484b-8f8d-32d6b9a6750f" />
    <UnitTestResult executionId="b5581701-e291-44b5-9d9a-7b7a9f39c271" testId="989b4d1f-bc05-4645-a2da-ba21c0f0cb47" testName="Test3421" computerName="UA-LPT-OGA2" duration="00:00:00.8180000" startTime="2025-05-14T13:20:31.3146610Z" endTime="2025-05-14T13:25:31.3147553Z" testType="13cdc9d9-ddb5-4fa4-a97d-d965ccfc6d4b" outcome="Passed" testListId="7019c16c-0097-484b-8f8d-32d6b9a6750f" />
    <UnitTestResult executionId="e5e5854a-aae0-48c0-a3de-788d303b7841" testId="243306f8-aa1e-4690-bd73-7e21d6c054e9" testName="Test3422" computerName="UA-LPT-OGA2" duration="00:00:01.5760000" startTime="2025-05-14T13:20:31.3146610Z" endTime="2025-05-14T13:25:31.3147553Z" testType="13cdc9d9-ddb5-4fa4-a97d-d965ccfc6d4b" outcome="Passed" testListId="7019c16c-0097-484b-8f8d-32d6b9a6750f" />
    <UnitTestResult executionId="06f0cfcb-a5a1-42dc-97b9-20f1c5a5716b" testId="a0d3bf04-a0c3-4cad-ad1b-b2e24e5fd4a6" testName="Test3423" computerName="UA-LPT-OGA2" duration="00:00:00.2190000" startTime="2025-05-14T13:20:31.3146610Z" endTime="2025-05-14T13:25:31.3147553Z" testType="13cdc9d9-ddb5-4fa4-a97d-d965ccfc6d4b" outcome="Passed" testListId="7019c16c-0097-484b-8f8d-32d6b9a6750f" />
    <UnitTestResult executionId="76929912-abc8-4677-bfdf-be62049f39fa" testId="9b1aad31-06a1-455e-b825-5762a7c1d95e" testName="Test3424" computerName="UA-LPT-OGA2" duration="00:00:00.2510000" startTime="2025-05-14T13:20:31.3146610Z" endTime="2025-05-14T13:25:31.3147553Z" testType="13cdc9d9-ddb5-4fa4-a97d-d965ccfc6d4b" outcome="Passed" testListId="7019c16c-0097-484b-8f8d-32d6b9a6750f" />
    <UnitTestResult executionId="14a0bf41-14fe-4eca-a7b7-9aa57e4173c2" testId="d8839a7c-c133-4550-80b1-58d73b6e81eb" testName="Test3425" computerName="UA-LPT-OGA2" duration="00:00:00.9760000" startTime="2025-05-14T13:20:31.3146610Z" endTime="2025-05-14T13:25:31.3147553Z" testType="13cdc9d9-ddb5-4fa4-a97d-d965ccfc6d4b" outcome="Passed" testListId="7019c16c-0097-484b-8f8d-32d6b9a6750f" />
    <UnitTestResult executionId="224e44ec-7c85-45e9-871e-398ba0b47b22" testId="fcfd1a41-457d-47e1-9499-377e9940ce36" testName="Test3426" computerName="UA-LPT-OGA2" duration="00:00:00.6590000" startTime="2025-05-14T13:20:31.3146610Z" endTime="2025-05-14T13:25:31.3147553Z" testType="13cdc9d9-ddb5-4fa4-a97d-d965ccfc6d4b" outcome="Passed" testListId="7019c16c-0097-484b-8f8d-32d6b9a6750f" />
    <UnitTestResult executionId="40d93aeb-451d-448f-96d9-68445e0e8359" testId="87cf8a03-e013-432a-8e3a-e3388c81ccda" testName="Test3427" computerName="UA-LPT-OGA2" duration="00:00:00.4940000" startTime="2025-05-14T13:20:31.3146610Z" endTime="2025-05-14T13:25:31.3147553Z" testType="13cdc9d9-ddb5-4fa4-a97d-d965ccfc6d4b" outcome="Passed" testListId="7019c16c-0097-484b-8f8d-32d6b9a6750f" />
    <UnitTestResult executionId="e5851f0b-b733-4993-b573-39a628922b3c" testId="a93630b0-4e2f-4ee1-8ff1-dedf2c5bfe03" testName="Test3428" computerName="UA-LPT-OGA2" duration="00:00:01.0010000" startTime="2025-05-14T13:20:31.3146610Z" endTime="2025-05-14T13:25:31.3147553Z" testType="13cdc9d9-ddb5-4fa4-a97d-d965ccfc6d4b" outcome="Passed" testListId="7019c16c-0097-484b-8f8d-32d6b9a6750f" />
    <UnitTestResult executionId="4d57cdb4-ec65-4685-a10a-5bb06c11c675" testId="79eac0fa-f26b-4e48-896c-e70383c96331" testName="Test3429" computerName="UA-LPT-OGA2" duration="00:00:01.9740000" startTime="2025-05-14T13:20:31.3146610Z" endTime="2025-05-14T13:25:31.3147553Z" testType="13cdc9d9-ddb5-4fa4-a97d-d965ccfc6d4b" outcome="Passed" testListId="7019c16c-0097-484b-8f8d-32d6b9a6750f" />
    <UnitTestResult executionId="2fbec846-98db-4341-9f0a-624c0c8d06b0" testId="90e81add-7c69-4e1d-9dd0-7b049b37beb8" testName="Test3430" computerName="UA-LPT-OGA2" duration="00:00:01.3280000" startTime="2025-05-14T13:20:31.3146610Z" endTime="2025-05-14T13:25:31.3147553Z" testType="13cdc9d9-ddb5-4fa4-a97d-d965ccfc6d4b" outcome="Passed" testListId="7019c16c-0097-484b-8f8d-32d6b9a6750f" />
    <UnitTestResult executionId="f1a002f4-7340-48de-b20a-e223a1e6ce52" testId="d2b43b68-4058-4c62-bf38-0b7bb946d9e0" testName="Test3431" computerName="UA-LPT-OGA2" duration="00:00:00.9430000" startTime="2025-05-14T13:20:31.3146610Z" endTime="2025-05-14T13:25:31.3147553Z" testType="13cdc9d9-ddb5-4fa4-a97d-d965ccfc6d4b" outcome="Passed" testListId="7019c16c-0097-484b-8f8d-32d6b9a6750f" />
    <UnitTestResult executionId="bbc103dd-c9ec-4b90-b4a3-ee51131d5765" testId="aca68914-08ab-434b-9f32-425c36826e92" testName="Test3432" computerName="UA-LPT-OGA2" duration="00:00:00.1330000" startTime="2025-05-14T13:20:31.3146610Z" endTime="2025-05-14T13:25:31.3147553Z" testType="13cdc9d9-ddb5-4fa4-a97d-d965ccfc6d4b" outcome="Passed" testListId="7019c16c-0097-484b-8f8d-32d6b9a6750f" />
    <UnitTestResult executionId="8392ec2b-6932-40b8-adf4-3bc7ec179809" testId="fc13345d-f02e-4de7-bfbc-a2114bde97af" testName="Test3433" computerName="UA-LPT-OGA2" duration="00:00:01.9060000" startTime="2025-05-14T13:20:31.3146610Z" endTime="2025-05-14T13:25:31.3147553Z" testType="13cdc9d9-ddb5-4fa4-a97d-d965ccfc6d4b" outcome="Failed" testListId="7019c16c-0097-484b-8f8d-32d6b9a6750f">
      <Output>
        <ErrorInfo>
          <Message>Assertion failed: Expected value did not match actual value.</Message>
          <StackTrace>   at TestNamespace.TestClass.Test() in TestClass.cs:line 471</StackTrace>
        </ErrorInfo>
      </Output>
    </UnitTestResult>
    <UnitTestResult executionId="374b5f27-fbf2-4c9b-b566-0dec0b150a14" testId="23ea2ccc-4070-44b6-af01-a1d3f81db412" testName="Test3434" computerName="UA-LPT-OGA2" duration="00:00:01.0640000" startTime="2025-05-14T13:20:31.3146610Z" endTime="2025-05-14T13:25:31.3147553Z" testType="13cdc9d9-ddb5-4fa4-a97d-d965ccfc6d4b" outcome="Passed" testListId="7019c16c-0097-484b-8f8d-32d6b9a6750f" />
    <UnitTestResult executionId="9ffd79ce-ac24-49e1-8250-55cd2a593a0d" testId="c5e38a0d-ff0c-44f6-a3aa-faecd103bf5a" testName="Test3435" computerName="UA-LPT-OGA2" duration="00:00:01.5160000" startTime="2025-05-14T13:20:31.3146610Z" endTime="2025-05-14T13:25:31.3147553Z" testType="13cdc9d9-ddb5-4fa4-a97d-d965ccfc6d4b" outcome="Passed" testListId="7019c16c-0097-484b-8f8d-32d6b9a6750f" />
    <UnitTestResult executionId="028f8791-b0d1-4cc0-b8c0-4ef6354eaae7" testId="c3fc8120-503c-47e3-a396-d6f11f1db388" testName="Test3436" computerName="UA-LPT-OGA2" duration="00:00:01.4100000" startTime="2025-05-14T13:20:31.3146610Z" endTime="2025-05-14T13:25:31.3147553Z" testType="13cdc9d9-ddb5-4fa4-a97d-d965ccfc6d4b" outcome="Passed" testListId="7019c16c-0097-484b-8f8d-32d6b9a6750f" />
    <UnitTestResult executionId="1626e846-bf39-48e7-bcb1-a02052b3f589" testId="afe23437-8e11-443d-af1b-a21245c7ca3d" testName="Test3437" computerName="UA-LPT-OGA2" duration="00:00:00.3230000" startTime="2025-05-14T13:20:31.3146610Z" endTime="2025-05-14T13:25:31.3147553Z" testType="13cdc9d9-ddb5-4fa4-a97d-d965ccfc6d4b" outcome="Passed" testListId="7019c16c-0097-484b-8f8d-32d6b9a6750f" />
    <UnitTestResult executionId="889bc462-d1b2-4aa4-9424-03cb7133daad" testId="351f07db-14ad-401b-acdd-31d2f52e3f43" testName="Test3438" computerName="UA-LPT-OGA2" duration="00:00:00.3270000" startTime="2025-05-14T13:20:31.3146610Z" endTime="2025-05-14T13:25:31.3147553Z" testType="13cdc9d9-ddb5-4fa4-a97d-d965ccfc6d4b" outcome="Passed" testListId="7019c16c-0097-484b-8f8d-32d6b9a6750f" />
    <UnitTestResult executionId="3954776b-d83b-4c64-a75d-f7d0bf1f37d1" testId="39af3044-ddd7-47f4-9ab0-e091998c0042" testName="Test3439" computerName="UA-LPT-OGA2" duration="00:00:01.1200000" startTime="2025-05-14T13:20:31.3146610Z" endTime="2025-05-14T13:25:31.3147553Z" testType="13cdc9d9-ddb5-4fa4-a97d-d965ccfc6d4b" outcome="Passed" testListId="7019c16c-0097-484b-8f8d-32d6b9a6750f" />
    <UnitTestResult executionId="165caeca-4cf3-4275-9701-ef8d9e5552bf" testId="ce5ad7c6-90f3-43c8-a37f-f00b2cd60da3" testName="Test3440" computerName="UA-LPT-OGA2" duration="00:00:00.3080000" startTime="2025-05-14T13:20:31.3146610Z" endTime="2025-05-14T13:25:31.3147553Z" testType="13cdc9d9-ddb5-4fa4-a97d-d965ccfc6d4b" outcome="Passed" testListId="7019c16c-0097-484b-8f8d-32d6b9a6750f" />
    <UnitTestResult executionId="12c40b4f-7e61-4745-94bf-452839a1cf54" testId="894d0333-8ab8-443d-be95-8c90f3bf481b" testName="Test3441" computerName="UA-LPT-OGA2" duration="00:00:00.3460000" startTime="2025-05-14T13:20:31.3146610Z" endTime="2025-05-14T13:25:31.3147553Z" testType="13cdc9d9-ddb5-4fa4-a97d-d965ccfc6d4b" outcome="Passed" testListId="7019c16c-0097-484b-8f8d-32d6b9a6750f" />
    <UnitTestResult executionId="bd32ba99-75dc-476b-be15-6a5f83b31c1b" testId="2ab2ca8a-42d5-4b39-9707-988a343c853c" testName="Test3442" computerName="UA-LPT-OGA2" duration="00:00:01.5400000" startTime="2025-05-14T13:20:31.3146610Z" endTime="2025-05-14T13:25:31.3147553Z" testType="13cdc9d9-ddb5-4fa4-a97d-d965ccfc6d4b" outcome="Passed" testListId="7019c16c-0097-484b-8f8d-32d6b9a6750f" />
    <UnitTestResult executionId="f9a3c688-c26b-4cf3-a83f-2e08112def20" testId="40dfafc6-5570-4dae-918b-36eefd941698" testName="Test3443" computerName="UA-LPT-OGA2" duration="00:00:00.6620000" startTime="2025-05-14T13:20:31.3146610Z" endTime="2025-05-14T13:25:31.3147553Z" testType="13cdc9d9-ddb5-4fa4-a97d-d965ccfc6d4b" outcome="Passed" testListId="7019c16c-0097-484b-8f8d-32d6b9a6750f" />
    <UnitTestResult executionId="7d81c2ba-703c-4ad8-b877-b58e7b9682fa" testId="b67c84b0-44b8-4462-a36c-bdcecf35ef0b" testName="Test3444" computerName="UA-LPT-OGA2" duration="00:00:01.8250000" startTime="2025-05-14T13:20:31.3146610Z" endTime="2025-05-14T13:25:31.3147553Z" testType="13cdc9d9-ddb5-4fa4-a97d-d965ccfc6d4b" outcome="Passed" testListId="7019c16c-0097-484b-8f8d-32d6b9a6750f" />
    <UnitTestResult executionId="712d9a1b-8529-4dee-9a3e-b0cd349ee993" testId="3cccf36c-f040-4161-8d0d-ee4e1a85f33b" testName="Test3445" computerName="UA-LPT-OGA2" duration="00:00:00.0500000" startTime="2025-05-14T13:20:31.3146610Z" endTime="2025-05-14T13:25:31.3147553Z" testType="13cdc9d9-ddb5-4fa4-a97d-d965ccfc6d4b" outcome="Passed" testListId="7019c16c-0097-484b-8f8d-32d6b9a6750f" />
    <UnitTestResult executionId="e9d4a52d-1051-43c4-b3e8-c18d9be25030" testId="ab0f2d93-3296-4928-8051-026036a2a4e9" testName="Test3446" computerName="UA-LPT-OGA2" duration="00:00:00.4730000" startTime="2025-05-14T13:20:31.3146610Z" endTime="2025-05-14T13:25:31.3147553Z" testType="13cdc9d9-ddb5-4fa4-a97d-d965ccfc6d4b" outcome="Passed" testListId="7019c16c-0097-484b-8f8d-32d6b9a6750f" />
    <UnitTestResult executionId="28ededb0-bc6c-4572-b1a6-087778acd45c" testId="8bf0e290-44d2-4af8-b3e1-ffec969be59f" testName="Test3447" computerName="UA-LPT-OGA2" duration="00:00:01.4190000" startTime="2025-05-14T13:20:31.3146610Z" endTime="2025-05-14T13:25:31.3147553Z" testType="13cdc9d9-ddb5-4fa4-a97d-d965ccfc6d4b" outcome="Passed" testListId="7019c16c-0097-484b-8f8d-32d6b9a6750f" />
    <UnitTestResult executionId="ff9f5f31-da92-43ec-9f12-a06cfeb2737f" testId="51f83d56-aac3-4e2a-905d-18b1e0561dc7" testName="Test3448" computerName="UA-LPT-OGA2" duration="00:00:01.8210000" startTime="2025-05-14T13:20:31.3146610Z" endTime="2025-05-14T13:25:31.3147553Z" testType="13cdc9d9-ddb5-4fa4-a97d-d965ccfc6d4b" outcome="Passed" testListId="7019c16c-0097-484b-8f8d-32d6b9a6750f" />
    <UnitTestResult executionId="ed57b8a3-3cfb-41d4-95c5-f978c2bd08a7" testId="f472e1e4-3cdb-4f0d-90b9-f451f2208a4f" testName="Test3449" computerName="UA-LPT-OGA2" duration="00:00:00.9410000" startTime="2025-05-14T13:20:31.3146610Z" endTime="2025-05-14T13:25:31.3147553Z" testType="13cdc9d9-ddb5-4fa4-a97d-d965ccfc6d4b" outcome="Passed" testListId="7019c16c-0097-484b-8f8d-32d6b9a6750f" />
    <UnitTestResult executionId="f69445c0-cf79-48b6-86ac-da80638b8ed9" testId="082d66cd-7403-489b-b7e6-fc361af9e9da" testName="Test3450" computerName="UA-LPT-OGA2" duration="00:00:00.7350000" startTime="2025-05-14T13:20:31.3146610Z" endTime="2025-05-14T13:25:31.3147553Z" testType="13cdc9d9-ddb5-4fa4-a97d-d965ccfc6d4b" outcome="Failed" testListId="7019c16c-0097-484b-8f8d-32d6b9a6750f">
      <Output>
        <ErrorInfo>
          <Message>Assertion failed: Expected value did not match actual value.</Message>
          <StackTrace>   at TestNamespace.TestClass.Test() in TestClass.cs:line 148</StackTrace>
        </ErrorInfo>
      </Output>
    </UnitTestResult>
    <UnitTestResult executionId="79508605-e303-4542-9e51-fed5cbb0f614" testId="35b79691-c431-4a09-824a-9ca2883edca7" testName="Test3451" computerName="UA-LPT-OGA2" duration="00:00:01.4920000" startTime="2025-05-14T13:20:31.3146610Z" endTime="2025-05-14T13:25:31.3147553Z" testType="13cdc9d9-ddb5-4fa4-a97d-d965ccfc6d4b" outcome="Passed" testListId="7019c16c-0097-484b-8f8d-32d6b9a6750f" />
    <UnitTestResult executionId="acab4b57-b78a-48e6-8773-a9d3f04103fc" testId="9583014b-f7a2-4671-949a-f94a195f4278" testName="Test3452" computerName="UA-LPT-OGA2" duration="00:00:01.2900000" startTime="2025-05-14T13:20:31.3146610Z" endTime="2025-05-14T13:25:31.3147553Z" testType="13cdc9d9-ddb5-4fa4-a97d-d965ccfc6d4b" outcome="Passed" testListId="7019c16c-0097-484b-8f8d-32d6b9a6750f" />
    <UnitTestResult executionId="099a3c21-8fbe-4600-a324-767fbc869380" testId="5245a096-cdbd-4848-be2f-41d326dd01e7" testName="Test3453" computerName="UA-LPT-OGA2" duration="00:00:01.2000000" startTime="2025-05-14T13:20:31.3146610Z" endTime="2025-05-14T13:25:31.3147553Z" testType="13cdc9d9-ddb5-4fa4-a97d-d965ccfc6d4b" outcome="Passed" testListId="7019c16c-0097-484b-8f8d-32d6b9a6750f" />
    <UnitTestResult executionId="fc5d39da-8dd3-4197-ba87-636eb3783c82" testId="957ffaa7-b7b2-4730-8f16-ee41f3ce7c37" testName="Test3454" computerName="UA-LPT-OGA2" duration="00:00:00.4360000" startTime="2025-05-14T13:20:31.3146610Z" endTime="2025-05-14T13:25:31.3147553Z" testType="13cdc9d9-ddb5-4fa4-a97d-d965ccfc6d4b" outcome="Passed" testListId="7019c16c-0097-484b-8f8d-32d6b9a6750f" />
    <UnitTestResult executionId="6bc1199f-f29f-431d-b025-995a3d0dd925" testId="09f7999d-e36a-40bb-ac87-818398ac29cd" testName="Test3455" computerName="UA-LPT-OGA2" duration="00:00:01.6030000" startTime="2025-05-14T13:20:31.3146610Z" endTime="2025-05-14T13:25:31.3147553Z" testType="13cdc9d9-ddb5-4fa4-a97d-d965ccfc6d4b" outcome="Failed" testListId="7019c16c-0097-484b-8f8d-32d6b9a6750f">
      <Output>
        <ErrorInfo>
          <Message>Assertion failed: Expected value did not match actual value.</Message>
          <StackTrace>   at TestNamespace.TestClass.Test() in TestClass.cs:line 78</StackTrace>
        </ErrorInfo>
      </Output>
    </UnitTestResult>
    <UnitTestResult executionId="d9a1f087-467d-4711-a228-ffd9788275fa" testId="dda386ec-bd2a-49eb-92ef-a7b538b98375" testName="Test3456" computerName="UA-LPT-OGA2" duration="00:00:01.5380000" startTime="2025-05-14T13:20:31.3146610Z" endTime="2025-05-14T13:25:31.3147553Z" testType="13cdc9d9-ddb5-4fa4-a97d-d965ccfc6d4b" outcome="Passed" testListId="7019c16c-0097-484b-8f8d-32d6b9a6750f" />
    <UnitTestResult executionId="0a5644ab-529d-4b03-a195-2c8ea8522aa3" testId="6412094b-3290-477d-b624-1e93140ff58f" testName="Test3457" computerName="UA-LPT-OGA2" duration="00:00:00.8230000" startTime="2025-05-14T13:20:31.3146610Z" endTime="2025-05-14T13:25:31.3147553Z" testType="13cdc9d9-ddb5-4fa4-a97d-d965ccfc6d4b" outcome="Failed" testListId="7019c16c-0097-484b-8f8d-32d6b9a6750f">
      <Output>
        <ErrorInfo>
          <Message>Assertion failed: Expected value did not match actual value.</Message>
          <StackTrace>   at TestNamespace.TestClass.Test() in TestClass.cs:line 216</StackTrace>
        </ErrorInfo>
      </Output>
    </UnitTestResult>
    <UnitTestResult executionId="59112024-5347-41bc-bc74-c1c6b049771b" testId="2d74c071-5e30-4f2c-8972-204343930bf3" testName="Test3458" computerName="UA-LPT-OGA2" duration="00:00:00.9430000" startTime="2025-05-14T13:20:31.3146610Z" endTime="2025-05-14T13:25:31.3147553Z" testType="13cdc9d9-ddb5-4fa4-a97d-d965ccfc6d4b" outcome="Passed" testListId="7019c16c-0097-484b-8f8d-32d6b9a6750f" />
    <UnitTestResult executionId="65080f0f-0c74-4e3b-bf5a-fdbbbed496aa" testId="f9967666-11e7-4382-a804-b653fa9231e2" testName="Test3459" computerName="UA-LPT-OGA2" duration="00:00:00.3060000" startTime="2025-05-14T13:20:31.3146610Z" endTime="2025-05-14T13:25:31.3147553Z" testType="13cdc9d9-ddb5-4fa4-a97d-d965ccfc6d4b" outcome="Passed" testListId="7019c16c-0097-484b-8f8d-32d6b9a6750f" />
    <UnitTestResult executionId="e4def150-2c95-400c-800c-159fd0cd37ec" testId="9804876b-b65e-46a4-91d9-dba31cdd0ec9" testName="Test3460" computerName="UA-LPT-OGA2" duration="00:00:01.9450000" startTime="2025-05-14T13:20:31.3146610Z" endTime="2025-05-14T13:25:31.3147553Z" testType="13cdc9d9-ddb5-4fa4-a97d-d965ccfc6d4b" outcome="Passed" testListId="7019c16c-0097-484b-8f8d-32d6b9a6750f" />
    <UnitTestResult executionId="dc8fc075-0610-44fd-b9ac-58e1a47ad7d9" testId="9c22b4b5-1fc5-4c7f-af3b-e5415f8b63fe" testName="Test3461" computerName="UA-LPT-OGA2" duration="00:00:00.3590000" startTime="2025-05-14T13:20:31.3146610Z" endTime="2025-05-14T13:25:31.3147553Z" testType="13cdc9d9-ddb5-4fa4-a97d-d965ccfc6d4b" outcome="Failed" testListId="7019c16c-0097-484b-8f8d-32d6b9a6750f">
      <Output>
        <ErrorInfo>
          <Message>Assertion failed: Expected value did not match actual value.</Message>
          <StackTrace>   at TestNamespace.TestClass.Test() in TestClass.cs:line 203</StackTrace>
        </ErrorInfo>
      </Output>
    </UnitTestResult>
    <UnitTestResult executionId="5382b11e-5f0f-4045-b1ad-e541d033036f" testId="07448b1b-3707-450f-b72e-1488a516d401" testName="Test3462" computerName="UA-LPT-OGA2" duration="00:00:01.0150000" startTime="2025-05-14T13:20:31.3146610Z" endTime="2025-05-14T13:25:31.3147553Z" testType="13cdc9d9-ddb5-4fa4-a97d-d965ccfc6d4b" outcome="Passed" testListId="7019c16c-0097-484b-8f8d-32d6b9a6750f" />
    <UnitTestResult executionId="7c8b967e-4ea8-4257-8529-c07f74caf15d" testId="6fc31765-3fbe-4e5a-ba13-08801ba96848" testName="Test3463" computerName="UA-LPT-OGA2" duration="00:00:00.4390000" startTime="2025-05-14T13:20:31.3146610Z" endTime="2025-05-14T13:25:31.3147553Z" testType="13cdc9d9-ddb5-4fa4-a97d-d965ccfc6d4b" outcome="Passed" testListId="7019c16c-0097-484b-8f8d-32d6b9a6750f" />
    <UnitTestResult executionId="6aeacf97-8676-421e-bd2f-e1e89e5e6f9e" testId="2bf9c0a9-a478-45a9-bd16-c866108d9b52" testName="Test3464" computerName="UA-LPT-OGA2" duration="00:00:00.8800000" startTime="2025-05-14T13:20:31.3146610Z" endTime="2025-05-14T13:25:31.3147553Z" testType="13cdc9d9-ddb5-4fa4-a97d-d965ccfc6d4b" outcome="Passed" testListId="7019c16c-0097-484b-8f8d-32d6b9a6750f" />
    <UnitTestResult executionId="4deff564-f7cf-4ddf-bc75-072d8d4baa12" testId="17e50ec4-2767-4ed9-9580-d0d4ceedbf22" testName="Test3465" computerName="UA-LPT-OGA2" duration="00:00:00.8920000" startTime="2025-05-14T13:20:31.3146610Z" endTime="2025-05-14T13:25:31.3147553Z" testType="13cdc9d9-ddb5-4fa4-a97d-d965ccfc6d4b" outcome="Passed" testListId="7019c16c-0097-484b-8f8d-32d6b9a6750f" />
    <UnitTestResult executionId="7cfe9684-c555-4739-8869-48ab1ca5336e" testId="e841be6e-c863-4244-a493-a70e88b71b87" testName="Test3466" computerName="UA-LPT-OGA2" duration="00:00:01.1520000" startTime="2025-05-14T13:20:31.3146610Z" endTime="2025-05-14T13:25:31.3147553Z" testType="13cdc9d9-ddb5-4fa4-a97d-d965ccfc6d4b" outcome="Passed" testListId="7019c16c-0097-484b-8f8d-32d6b9a6750f" />
    <UnitTestResult executionId="90a0d7c0-7535-4c67-a76a-77cee1220215" testId="90ee5414-4c11-440c-a5e1-e89cd512c75b" testName="Test3467" computerName="UA-LPT-OGA2" duration="00:00:00.2260000" startTime="2025-05-14T13:20:31.3146610Z" endTime="2025-05-14T13:25:31.3147553Z" testType="13cdc9d9-ddb5-4fa4-a97d-d965ccfc6d4b" outcome="Passed" testListId="7019c16c-0097-484b-8f8d-32d6b9a6750f" />
    <UnitTestResult executionId="313845be-a61f-4d25-a8a0-c57a5e2c6531" testId="c9c72d58-6bd7-4b79-b4f2-cc3d3fb8d46b" testName="Test3468" computerName="UA-LPT-OGA2" duration="00:00:01.9430000" startTime="2025-05-14T13:20:31.3146610Z" endTime="2025-05-14T13:25:31.3147553Z" testType="13cdc9d9-ddb5-4fa4-a97d-d965ccfc6d4b" outcome="Passed" testListId="7019c16c-0097-484b-8f8d-32d6b9a6750f" />
    <UnitTestResult executionId="1c2b048e-bf5b-42ee-b154-d55ee52de4ee" testId="448e076f-3c5c-4456-a393-be4b7b5fbc71" testName="Test3469" computerName="UA-LPT-OGA2" duration="00:00:00.1130000" startTime="2025-05-14T13:20:31.3146610Z" endTime="2025-05-14T13:25:31.3147553Z" testType="13cdc9d9-ddb5-4fa4-a97d-d965ccfc6d4b" outcome="Passed" testListId="7019c16c-0097-484b-8f8d-32d6b9a6750f" />
    <UnitTestResult executionId="f80e01da-0da4-4ae0-be79-7f13c97d0c32" testId="823607ab-cdd9-4f0f-84fa-2df054c5a7b9" testName="Test3470" computerName="UA-LPT-OGA2" duration="00:00:01.5000000" startTime="2025-05-14T13:20:31.3146610Z" endTime="2025-05-14T13:25:31.3147553Z" testType="13cdc9d9-ddb5-4fa4-a97d-d965ccfc6d4b" outcome="Passed" testListId="7019c16c-0097-484b-8f8d-32d6b9a6750f" />
    <UnitTestResult executionId="2a54df90-664c-40c5-b1e0-424abb8be737" testId="c7bfe830-5b52-45ae-a170-99a3ab6edbe4" testName="Test3471" computerName="UA-LPT-OGA2" duration="00:00:00.6170000" startTime="2025-05-14T13:20:31.3146610Z" endTime="2025-05-14T13:25:31.3147553Z" testType="13cdc9d9-ddb5-4fa4-a97d-d965ccfc6d4b" outcome="Passed" testListId="7019c16c-0097-484b-8f8d-32d6b9a6750f" />
    <UnitTestResult executionId="53295f14-a1bb-445e-ae4f-859a1aafe390" testId="1304ade2-abd4-4a5c-90b3-06d533eda791" testName="Test3472" computerName="UA-LPT-OGA2" duration="00:00:01.6690000" startTime="2025-05-14T13:20:31.3146610Z" endTime="2025-05-14T13:25:31.3147553Z" testType="13cdc9d9-ddb5-4fa4-a97d-d965ccfc6d4b" outcome="Passed" testListId="7019c16c-0097-484b-8f8d-32d6b9a6750f" />
    <UnitTestResult executionId="a7b29c76-48a3-4c44-a6ef-6ce28ac99c1b" testId="c5eab493-1947-441b-9d6b-8000a6575433" testName="Test3473" computerName="UA-LPT-OGA2" duration="00:00:00.9900000" startTime="2025-05-14T13:20:31.3146610Z" endTime="2025-05-14T13:25:31.3147553Z" testType="13cdc9d9-ddb5-4fa4-a97d-d965ccfc6d4b" outcome="Passed" testListId="7019c16c-0097-484b-8f8d-32d6b9a6750f" />
    <UnitTestResult executionId="1ef03a1a-de6f-485f-8018-eb669fb9b6bc" testId="858c58c9-6df5-4c9b-9d63-4f2f5210ef3b" testName="Test3474" computerName="UA-LPT-OGA2" duration="00:00:01.7260000" startTime="2025-05-14T13:20:31.3146610Z" endTime="2025-05-14T13:25:31.3147553Z" testType="13cdc9d9-ddb5-4fa4-a97d-d965ccfc6d4b" outcome="Passed" testListId="7019c16c-0097-484b-8f8d-32d6b9a6750f" />
    <UnitTestResult executionId="f23819e2-9671-40d9-be4c-e268da9a4108" testId="3f939f93-858e-4fdc-b2f3-f7f095d8136f" testName="Test3475" computerName="UA-LPT-OGA2" duration="00:00:00.0110000" startTime="2025-05-14T13:20:31.3146610Z" endTime="2025-05-14T13:25:31.3147553Z" testType="13cdc9d9-ddb5-4fa4-a97d-d965ccfc6d4b" outcome="Passed" testListId="7019c16c-0097-484b-8f8d-32d6b9a6750f" />
    <UnitTestResult executionId="ba38dd6a-e205-4661-8c2e-a125c2ad3235" testId="0962c4d9-f482-4aec-a35a-73d1d3d0504c" testName="Test3476" computerName="UA-LPT-OGA2" duration="00:00:01.2740000" startTime="2025-05-14T13:20:31.3146610Z" endTime="2025-05-14T13:25:31.3147553Z" testType="13cdc9d9-ddb5-4fa4-a97d-d965ccfc6d4b" outcome="Passed" testListId="7019c16c-0097-484b-8f8d-32d6b9a6750f" />
    <UnitTestResult executionId="2a64df7a-3e11-4e39-9388-0ea6052b7881" testId="692cdc22-6ce1-4aa8-b4b6-f51458c3d76b" testName="Test3477" computerName="UA-LPT-OGA2" duration="00:00:01.8650000" startTime="2025-05-14T13:20:31.3146610Z" endTime="2025-05-14T13:25:31.3147553Z" testType="13cdc9d9-ddb5-4fa4-a97d-d965ccfc6d4b" outcome="Failed" testListId="7019c16c-0097-484b-8f8d-32d6b9a6750f">
      <Output>
        <ErrorInfo>
          <Message>Assertion failed: Expected value did not match actual value.</Message>
          <StackTrace>   at TestNamespace.TestClass.Test() in TestClass.cs:line 360</StackTrace>
        </ErrorInfo>
      </Output>
    </UnitTestResult>
    <UnitTestResult executionId="b4b11853-d917-4bd6-b6d1-17df0e95750b" testId="601127a0-f147-45b9-aa1f-e87ff2a2cab2" testName="Test3478" computerName="UA-LPT-OGA2" duration="00:00:01.4450000" startTime="2025-05-14T13:20:31.3146610Z" endTime="2025-05-14T13:25:31.3147553Z" testType="13cdc9d9-ddb5-4fa4-a97d-d965ccfc6d4b" outcome="Passed" testListId="7019c16c-0097-484b-8f8d-32d6b9a6750f" />
    <UnitTestResult executionId="84019013-1595-4bf9-b860-753bbfadeed5" testId="f8aa8fa6-9fbd-450f-88f3-f12dcf415ab1" testName="Test3479" computerName="UA-LPT-OGA2" duration="00:00:00.7790000" startTime="2025-05-14T13:20:31.3146610Z" endTime="2025-05-14T13:25:31.3147553Z" testType="13cdc9d9-ddb5-4fa4-a97d-d965ccfc6d4b" outcome="Passed" testListId="7019c16c-0097-484b-8f8d-32d6b9a6750f" />
    <UnitTestResult executionId="0b6b7591-576c-45f1-9f36-a5cb33071ed6" testId="8083c1e7-6b97-4c69-8ccc-30a4674fa37b" testName="Test3480" computerName="UA-LPT-OGA2" duration="00:00:00.4310000" startTime="2025-05-14T13:20:31.3146610Z" endTime="2025-05-14T13:25:31.3147553Z" testType="13cdc9d9-ddb5-4fa4-a97d-d965ccfc6d4b" outcome="Passed" testListId="7019c16c-0097-484b-8f8d-32d6b9a6750f" />
    <UnitTestResult executionId="e8d82232-0b61-406f-a36b-6f64c6b80b7b" testId="10ccfa5a-e68a-4055-90c6-63964423f9bf" testName="Test3481" computerName="UA-LPT-OGA2" duration="00:00:01.6000000" startTime="2025-05-14T13:20:31.3146610Z" endTime="2025-05-14T13:25:31.3147553Z" testType="13cdc9d9-ddb5-4fa4-a97d-d965ccfc6d4b" outcome="Failed" testListId="7019c16c-0097-484b-8f8d-32d6b9a6750f">
      <Output>
        <ErrorInfo>
          <Message>Assertion failed: Expected value did not match actual value.</Message>
          <StackTrace>   at TestNamespace.TestClass.Test() in TestClass.cs:line 55</StackTrace>
        </ErrorInfo>
      </Output>
    </UnitTestResult>
    <UnitTestResult executionId="9e4b571f-65de-4719-892b-0190e8a4abcc" testId="b9f42f2d-e046-4749-a1d2-65f6f13fd5d7" testName="Test3482" computerName="UA-LPT-OGA2" duration="00:00:00.7240000" startTime="2025-05-14T13:20:31.3146610Z" endTime="2025-05-14T13:25:31.3147553Z" testType="13cdc9d9-ddb5-4fa4-a97d-d965ccfc6d4b" outcome="Passed" testListId="7019c16c-0097-484b-8f8d-32d6b9a6750f" />
    <UnitTestResult executionId="94ccadd4-4339-498b-9ade-9cabd7359eb5" testId="0c7466ef-ae9c-468a-9773-849a03b30c27" testName="Test3483" computerName="UA-LPT-OGA2" duration="00:00:01.5710000" startTime="2025-05-14T13:20:31.3146610Z" endTime="2025-05-14T13:25:31.3147553Z" testType="13cdc9d9-ddb5-4fa4-a97d-d965ccfc6d4b" outcome="Passed" testListId="7019c16c-0097-484b-8f8d-32d6b9a6750f" />
    <UnitTestResult executionId="3a4a7f9a-173d-4b56-893f-adcd2dd3c945" testId="7a483064-fe9b-45f6-83ea-338ab7fe1eaf" testName="Test3484" computerName="UA-LPT-OGA2" duration="00:00:01.9920000" startTime="2025-05-14T13:20:31.3146610Z" endTime="2025-05-14T13:25:31.3147553Z" testType="13cdc9d9-ddb5-4fa4-a97d-d965ccfc6d4b" outcome="Passed" testListId="7019c16c-0097-484b-8f8d-32d6b9a6750f" />
    <UnitTestResult executionId="b1de0a69-4fc6-43ff-b618-b445ccb7995d" testId="fdce8868-11c8-454c-9edd-4789cc494725" testName="Test3485" computerName="UA-LPT-OGA2" duration="00:00:01.4950000" startTime="2025-05-14T13:20:31.3146610Z" endTime="2025-05-14T13:25:31.3147553Z" testType="13cdc9d9-ddb5-4fa4-a97d-d965ccfc6d4b" outcome="Passed" testListId="7019c16c-0097-484b-8f8d-32d6b9a6750f" />
    <UnitTestResult executionId="be787d74-3d65-4cc0-910a-f69c8ce5294f" testId="2b1ef185-b5b2-4b3b-bca2-ac710084ecd2" testName="Test3486" computerName="UA-LPT-OGA2" duration="00:00:00.6700000" startTime="2025-05-14T13:20:31.3146610Z" endTime="2025-05-14T13:25:31.3147553Z" testType="13cdc9d9-ddb5-4fa4-a97d-d965ccfc6d4b" outcome="Passed" testListId="7019c16c-0097-484b-8f8d-32d6b9a6750f" />
    <UnitTestResult executionId="d6edb344-c72b-4a16-9c45-43d8bdaccb9c" testId="a08dcf08-9800-48c9-958e-612d2532de3f" testName="Test3487" computerName="UA-LPT-OGA2" duration="00:00:01.8550000" startTime="2025-05-14T13:20:31.3146610Z" endTime="2025-05-14T13:25:31.3147553Z" testType="13cdc9d9-ddb5-4fa4-a97d-d965ccfc6d4b" outcome="Passed" testListId="7019c16c-0097-484b-8f8d-32d6b9a6750f" />
    <UnitTestResult executionId="ab9084d2-5b23-400c-ab37-e2bc1c6c9e68" testId="7374df48-0a85-436f-8e4f-007cc9f1b7f8" testName="Test3488" computerName="UA-LPT-OGA2" duration="00:00:00.8530000" startTime="2025-05-14T13:20:31.3146610Z" endTime="2025-05-14T13:25:31.3147553Z" testType="13cdc9d9-ddb5-4fa4-a97d-d965ccfc6d4b" outcome="Passed" testListId="7019c16c-0097-484b-8f8d-32d6b9a6750f" />
    <UnitTestResult executionId="b05c743d-b28c-4d1f-b15a-63df460df9d8" testId="da3dac94-9f89-483a-b62f-466d95b35d94" testName="Test3489" computerName="UA-LPT-OGA2" duration="00:00:00.8500000" startTime="2025-05-14T13:20:31.3146610Z" endTime="2025-05-14T13:25:31.3147553Z" testType="13cdc9d9-ddb5-4fa4-a97d-d965ccfc6d4b" outcome="Passed" testListId="7019c16c-0097-484b-8f8d-32d6b9a6750f" />
    <UnitTestResult executionId="922f01ee-1ce0-407c-8aaf-2741eb28baf4" testId="f962f16c-0c66-4415-9a0d-1fc61b1467db" testName="Test3490" computerName="UA-LPT-OGA2" duration="00:00:00.5290000" startTime="2025-05-14T13:20:31.3146610Z" endTime="2025-05-14T13:25:31.3147553Z" testType="13cdc9d9-ddb5-4fa4-a97d-d965ccfc6d4b" outcome="Passed" testListId="7019c16c-0097-484b-8f8d-32d6b9a6750f" />
    <UnitTestResult executionId="83a37b25-778d-45ac-84d7-c977281a7e75" testId="c4ae0dd4-d6c1-4781-a9d9-be9f243a9496" testName="Test3491" computerName="UA-LPT-OGA2" duration="00:00:00.3580000" startTime="2025-05-14T13:20:31.3146610Z" endTime="2025-05-14T13:25:31.3147553Z" testType="13cdc9d9-ddb5-4fa4-a97d-d965ccfc6d4b" outcome="Passed" testListId="7019c16c-0097-484b-8f8d-32d6b9a6750f" />
    <UnitTestResult executionId="3e03ffba-4236-45ed-b61f-fd5cebd59610" testId="94e1d70a-fa9f-42cc-b70b-078c59421bc1" testName="Test3492" computerName="UA-LPT-OGA2" duration="00:00:01.4910000" startTime="2025-05-14T13:20:31.3146610Z" endTime="2025-05-14T13:25:31.3147553Z" testType="13cdc9d9-ddb5-4fa4-a97d-d965ccfc6d4b" outcome="Passed" testListId="7019c16c-0097-484b-8f8d-32d6b9a6750f" />
    <UnitTestResult executionId="bf1b7607-3ca0-4d9a-802f-649bb8819227" testId="0e73974a-8b8d-41df-b324-dc2536e19d6e" testName="Test3493" computerName="UA-LPT-OGA2" duration="00:00:00.6840000" startTime="2025-05-14T13:20:31.3146610Z" endTime="2025-05-14T13:25:31.3147553Z" testType="13cdc9d9-ddb5-4fa4-a97d-d965ccfc6d4b" outcome="Passed" testListId="7019c16c-0097-484b-8f8d-32d6b9a6750f" />
    <UnitTestResult executionId="762f1fa1-2f0a-4005-8cb1-200c2f8064fc" testId="7e3c463f-c21e-4744-b3cf-4393f74b6f31" testName="Test3494" computerName="UA-LPT-OGA2" duration="00:00:01.5590000" startTime="2025-05-14T13:20:31.3146610Z" endTime="2025-05-14T13:25:31.3147553Z" testType="13cdc9d9-ddb5-4fa4-a97d-d965ccfc6d4b" outcome="Passed" testListId="7019c16c-0097-484b-8f8d-32d6b9a6750f" />
    <UnitTestResult executionId="287488b2-21a6-4097-b289-c60d40744dfe" testId="c2851f69-d9ad-4829-b75e-4d461efd5d0a" testName="Test3495" computerName="UA-LPT-OGA2" duration="00:00:00.1850000" startTime="2025-05-14T13:20:31.3146610Z" endTime="2025-05-14T13:25:31.3147553Z" testType="13cdc9d9-ddb5-4fa4-a97d-d965ccfc6d4b" outcome="Passed" testListId="7019c16c-0097-484b-8f8d-32d6b9a6750f" />
    <UnitTestResult executionId="a17c6468-5523-4c1e-87b4-ec70feb5d37b" testId="93d5cc4c-df09-4770-8cd7-3e7c2d7bba9a" testName="Test3496" computerName="UA-LPT-OGA2" duration="00:00:00.4370000" startTime="2025-05-14T13:20:31.3146610Z" endTime="2025-05-14T13:25:31.3147553Z" testType="13cdc9d9-ddb5-4fa4-a97d-d965ccfc6d4b" outcome="Passed" testListId="7019c16c-0097-484b-8f8d-32d6b9a6750f" />
    <UnitTestResult executionId="5c877cc9-4710-4d9b-9607-53ef3ac54071" testId="b3d09433-07eb-4553-8c49-d392d0efed52" testName="Test3497" computerName="UA-LPT-OGA2" duration="00:00:00.2350000" startTime="2025-05-14T13:20:31.3146610Z" endTime="2025-05-14T13:25:31.3147553Z" testType="13cdc9d9-ddb5-4fa4-a97d-d965ccfc6d4b" outcome="Passed" testListId="7019c16c-0097-484b-8f8d-32d6b9a6750f" />
    <UnitTestResult executionId="bbd3f351-fb56-47aa-9d2d-9864f312e255" testId="bad35e8d-4feb-4d85-a26b-76c9ef108909" testName="Test3498" computerName="UA-LPT-OGA2" duration="00:00:00.1110000" startTime="2025-05-14T13:20:31.3146610Z" endTime="2025-05-14T13:25:31.3147553Z" testType="13cdc9d9-ddb5-4fa4-a97d-d965ccfc6d4b" outcome="Passed" testListId="7019c16c-0097-484b-8f8d-32d6b9a6750f" />
    <UnitTestResult executionId="34e70917-5fd9-48d7-9cfc-ddfb044d31d2" testId="7e8bc2c4-b795-4394-a782-58ffa283d668" testName="Test3499" computerName="UA-LPT-OGA2" duration="00:00:01.7840000" startTime="2025-05-14T13:20:31.3146610Z" endTime="2025-05-14T13:25:31.3147553Z" testType="13cdc9d9-ddb5-4fa4-a97d-d965ccfc6d4b" outcome="Passed" testListId="7019c16c-0097-484b-8f8d-32d6b9a6750f" />
    <UnitTestResult executionId="1d8b3c50-31b6-4cdc-a6c5-90004a9f0ccf" testId="996b3a85-aab8-46a5-bf04-e7ad256402d9" testName="Test3500" computerName="UA-LPT-OGA2" duration="00:00:01.4290000" startTime="2025-05-14T13:20:31.3146610Z" endTime="2025-05-14T13:25:31.3147553Z" testType="13cdc9d9-ddb5-4fa4-a97d-d965ccfc6d4b" outcome="Passed" testListId="7019c16c-0097-484b-8f8d-32d6b9a6750f" />
  </Results>
  <TestDefinitions>
    <UnitTest name="Test3401" id="26683465-f0c6-4ac9-9e72-6550c626a29d" storage="TestAssembly.dll">
      <Execution id="4829c29d-4cb9-4a3e-8bc2-2d92e9c2f6a9" />
      <TestMethod codeBase="TestAssembly.dll" className="TestNamespace.TestClass1" name="Test3401" />
    </UnitTest>
    <UnitTest name="Test3402" id="0f7be8d9-6f88-4198-b3ea-51bfeec0f3fb" storage="TestAssembly.dll">
      <Execution id="40c6ae8c-bc3c-4c0d-b3fa-d31b38d0311d" />
      <TestMethod codeBase="TestAssembly.dll" className="TestNamespace.TestClass1" name="Test3402" />
    </UnitTest>
    <UnitTest name="Test3403" id="c1ac9a07-da2c-4853-be66-81dee066f3ed" storage="TestAssembly.dll">
      <Execution id="5d930c3d-cb99-4fed-b95e-44378d7a272d" />
      <TestMethod codeBase="TestAssembly.dll" className="TestNamespace.TestClass1" name="Test3403" />
    </UnitTest>
    <UnitTest name="Test3404" id="4d7412e9-1835-4ad7-b632-29d9abb5807f" storage="TestAssembly.dll">
      <Execution id="84b62abd-0f5c-4a19-9d5e-8f39de9bd921" />
      <TestMethod codeBase="TestAssembly.dll" className="TestNamespace.TestClass1" name="Test3404" />
    </UnitTest>
    <UnitTest name="Test3405" id="00c92878-fa7b-4c93-a0d3-09ac09d49e99" storage="TestAssembly.dll">
      <Execution id="d924d266-10af-4e31-8df9-271f387bd1f8" />
      <TestMethod codeBase="TestAssembly.dll" className="TestNamespace.TestClass1" name="Test3405" />
    </UnitTest>
    <UnitTest name="Test3406" id="c384797f-ed62-42fc-93f8-f3a0bb2dc5ca" storage="TestAssembly.dll">
      <Execution id="b5b3fc00-52af-49ab-b6a6-6445e34df06c" />
      <TestMethod codeBase="TestAssembly.dll" className="TestNamespace.TestClass1" name="Test3406" />
    </UnitTest>
    <UnitTest name="Test3407" id="3b6b1245-0cef-491d-bdcf-75e24a2612c8" storage="TestAssembly.dll">
      <Execution id="01a1f92f-e054-4d19-a8aa-57e787b62457" />
      <TestMethod codeBase="TestAssembly.dll" className="TestNamespace.TestClass1" name="Test3407" />
    </UnitTest>
    <UnitTest name="Test3408" id="6de91bde-3d84-4efa-839b-fe65e8757423" storage="TestAssembly.dll">
      <Execution id="ce2ffb54-960e-45dd-b522-f674d24bdbc6" />
      <TestMethod codeBase="TestAssembly.dll" className="TestNamespace.TestClass1" name="Test3408" />
    </UnitTest>
    <UnitTest name="Test3409" id="6b0f37c3-0f2d-45f8-942f-b98d70c283fd" storage="TestAssembly.dll">
      <Execution id="8fd8b201-cddc-4510-9116-7ccb89eb8391" />
      <TestMethod codeBase="TestAssembly.dll" className="TestNamespace.TestClass1" name="Test3409" />
    </UnitTest>
    <UnitTest name="Test3410" id="179502e0-e9dc-41fa-972b-685d6b28f4f4" storage="TestAssembly.dll">
      <Execution id="09a03eea-9e22-46b4-adaf-3bffd76c752e" />
      <TestMethod codeBase="TestAssembly.dll" className="TestNamespace.TestClass1" name="Test3410" />
    </UnitTest>
    <UnitTest name="Test3411" id="558e3a00-2437-4a61-83ce-184f1cf3443d" storage="TestAssembly.dll">
      <Execution id="9a89624a-f750-45dd-969e-4d6c64c88d4f" />
      <TestMethod codeBase="TestAssembly.dll" className="TestNamespace.TestClass2" name="Test3411" />
    </UnitTest>
    <UnitTest name="Test3412" id="8c67074f-1213-4191-b92e-0250742dae7b" storage="TestAssembly.dll">
      <Execution id="58c74796-3dbf-4810-822b-19a8513a94e3" />
      <TestMethod codeBase="TestAssembly.dll" className="TestNamespace.TestClass2" name="Test3412" />
    </UnitTest>
    <UnitTest name="Test3413" id="6c3307bc-2118-4987-aa80-2df79ba62fb2" storage="TestAssembly.dll">
      <Execution id="47b48be2-af55-4163-a482-16ce40aa2530" />
      <TestMethod codeBase="TestAssembly.dll" className="TestNamespace.TestClass2" name="Test3413" />
    </UnitTest>
    <UnitTest name="Test3414" id="1b0eb69f-ee5b-4027-8959-9643c5c10c5c" storage="TestAssembly.dll">
      <Execution id="66d823a0-696a-42cb-821f-3c280e81b2ee" />
      <TestMethod codeBase="TestAssembly.dll" className="TestNamespace.TestClass2" name="Test3414" />
    </UnitTest>
    <UnitTest name="Test3415" id="a7b382c8-b87e-4784-85e4-b748d5909ab5" storage="TestAssembly.dll">
      <Execution id="5edafc48-1c85-4aa0-acdc-545c2a802b39" />
      <TestMethod codeBase="TestAssembly.dll" className="TestNamespace.TestClass2" name="Test3415" />
    </UnitTest>
    <UnitTest name="Test3416" id="8c262146-6b12-4c4a-abbd-c6cd738ffb5a" storage="TestAssembly.dll">
      <Execution id="fc29250b-b74a-4056-8bcb-56cc589a2af7" />
      <TestMethod codeBase="TestAssembly.dll" className="TestNamespace.TestClass2" name="Test3416" />
    </UnitTest>
    <UnitTest name="Test3417" id="6a2a4c8b-009e-49b1-9dbd-048d5a9d1d96" storage="TestAssembly.dll">
      <Execution id="06e5f27a-8c43-46cb-b764-42289ae0be20" />
      <TestMethod codeBase="TestAssembly.dll" className="TestNamespace.TestClass2" name="Test3417" />
    </UnitTest>
    <UnitTest name="Test3418" id="0620fddd-e52a-4719-9232-b87a3c5a7452" storage="TestAssembly.dll">
      <Execution id="9e182638-70bf-4149-8e75-54536a08f478" />
      <TestMethod codeBase="TestAssembly.dll" className="TestNamespace.TestClass2" name="Test3418" />
    </UnitTest>
    <UnitTest name="Test3419" id="b7ce3ca9-e39e-4f60-ba65-440d84c62822" storage="TestAssembly.dll">
      <Execution id="7c12f3a0-5ea4-4ec1-ae02-dd40dd2370af" />
      <TestMethod codeBase="TestAssembly.dll" className="TestNamespace.TestClass2" name="Test3419" />
    </UnitTest>
    <UnitTest name="Test3420" id="7df2fb99-0827-4118-9a31-a59ac2a57fde" storage="TestAssembly.dll">
      <Execution id="fc41d651-1db9-4d1b-9e94-32a4a45ddb18" />
      <TestMethod codeBase="TestAssembly.dll" className="TestNamespace.TestClass2" name="Test3420" />
    </UnitTest>
    <UnitTest name="Test3421" id="989b4d1f-bc05-4645-a2da-ba21c0f0cb47" storage="TestAssembly.dll">
      <Execution id="b5581701-e291-44b5-9d9a-7b7a9f39c271" />
      <TestMethod codeBase="TestAssembly.dll" className="TestNamespace.TestClass3" name="Test3421" />
    </UnitTest>
    <UnitTest name="Test3422" id="243306f8-aa1e-4690-bd73-7e21d6c054e9" storage="TestAssembly.dll">
      <Execution id="e5e5854a-aae0-48c0-a3de-788d303b7841" />
      <TestMethod codeBase="TestAssembly.dll" className="TestNamespace.TestClass3" name="Test3422" />
    </UnitTest>
    <UnitTest name="Test3423" id="a0d3bf04-a0c3-4cad-ad1b-b2e24e5fd4a6" storage="TestAssembly.dll">
      <Execution id="06f0cfcb-a5a1-42dc-97b9-20f1c5a5716b" />
      <TestMethod codeBase="TestAssembly.dll" className="TestNamespace.TestClass3" name="Test3423" />
    </UnitTest>
    <UnitTest name="Test3424" id="9b1aad31-06a1-455e-b825-5762a7c1d95e" storage="TestAssembly.dll">
      <Execution id="76929912-abc8-4677-bfdf-be62049f39fa" />
      <TestMethod codeBase="TestAssembly.dll" className="TestNamespace.TestClass3" name="Test3424" />
    </UnitTest>
    <UnitTest name="Test3425" id="d8839a7c-c133-4550-80b1-58d73b6e81eb" storage="TestAssembly.dll">
      <Execution id="14a0bf41-14fe-4eca-a7b7-9aa57e4173c2" />
      <TestMethod codeBase="TestAssembly.dll" className="TestNamespace.TestClass3" name="Test3425" />
    </UnitTest>
    <UnitTest name="Test3426" id="fcfd1a41-457d-47e1-9499-377e9940ce36" storage="TestAssembly.dll">
      <Execution id="224e44ec-7c85-45e9-871e-398ba0b47b22" />
      <TestMethod codeBase="TestAssembly.dll" className="TestNamespace.TestClass3" name="Test3426" />
    </UnitTest>
    <UnitTest name="Test3427" id="87cf8a03-e013-432a-8e3a-e3388c81ccda" storage="TestAssembly.dll">
      <Execution id="40d93aeb-451d-448f-96d9-68445e0e8359" />
      <TestMethod codeBase="TestAssembly.dll" className="TestNamespace.TestClass3" name="Test3427" />
    </UnitTest>
    <UnitTest name="Test3428" id="a93630b0-4e2f-4ee1-8ff1-dedf2c5bfe03" storage="TestAssembly.dll">
      <Execution id="e5851f0b-b733-4993-b573-39a628922b3c" />
      <TestMethod codeBase="TestAssembly.dll" className="TestNamespace.TestClass3" name="Test3428" />
    </UnitTest>
    <UnitTest name="Test3429" id="79eac0fa-f26b-4e48-896c-e70383c96331" storage="TestAssembly.dll">
      <Execution id="4d57cdb4-ec65-4685-a10a-5bb06c11c675" />
      <TestMethod codeBase="TestAssembly.dll" className="TestNamespace.TestClass3" name="Test3429" />
    </UnitTest>
    <UnitTest name="Test3430" id="90e81add-7c69-4e1d-9dd0-7b049b37beb8" storage="TestAssembly.dll">
      <Execution id="2fbec846-98db-4341-9f0a-624c0c8d06b0" />
      <TestMethod codeBase="TestAssembly.dll" className="TestNamespace.TestClass3" name="Test3430" />
    </UnitTest>
    <UnitTest name="Test3431" id="d2b43b68-4058-4c62-bf38-0b7bb946d9e0" storage="TestAssembly.dll">
      <Execution id="f1a002f4-7340-48de-b20a-e223a1e6ce52" />
      <TestMethod codeBase="TestAssembly.dll" className="TestNamespace.TestClass4" name="Test3431" />
    </UnitTest>
    <UnitTest name="Test3432" id="aca68914-08ab-434b-9f32-425c36826e92" storage="TestAssembly.dll">
      <Execution id="bbc103dd-c9ec-4b90-b4a3-ee51131d5765" />
      <TestMethod codeBase="TestAssembly.dll" className="TestNamespace.TestClass4" name="Test3432" />
    </UnitTest>
    <UnitTest name="Test3433" id="fc13345d-f02e-4de7-bfbc-a2114bde97af" storage="TestAssembly.dll">
      <Execution id="8392ec2b-6932-40b8-adf4-3bc7ec179809" />
      <TestMethod codeBase="TestAssembly.dll" className="TestNamespace.TestClass4" name="Test3433" />
    </UnitTest>
    <UnitTest name="Test3434" id="23ea2ccc-4070-44b6-af01-a1d3f81db412" storage="TestAssembly.dll">
      <Execution id="374b5f27-fbf2-4c9b-b566-0dec0b150a14" />
      <TestMethod codeBase="TestAssembly.dll" className="TestNamespace.TestClass4" name="Test3434" />
    </UnitTest>
    <UnitTest name="Test3435" id="c5e38a0d-ff0c-44f6-a3aa-faecd103bf5a" storage="TestAssembly.dll">
      <Execution id="9ffd79ce-ac24-49e1-8250-55cd2a593a0d" />
      <TestMethod codeBase="TestAssembly.dll" className="TestNamespace.TestClass4" name="Test3435" />
    </UnitTest>
    <UnitTest name="Test3436" id="c3fc8120-503c-47e3-a396-d6f11f1db388" storage="TestAssembly.dll">
      <Execution id="028f8791-b0d1-4cc0-b8c0-4ef6354eaae7" />
      <TestMethod codeBase="TestAssembly.dll" className="TestNamespace.TestClass4" name="Test3436" />
    </UnitTest>
    <UnitTest name="Test3437" id="afe23437-8e11-443d-af1b-a21245c7ca3d" storage="TestAssembly.dll">
      <Execution id="1626e846-bf39-48e7-bcb1-a02052b3f589" />
      <TestMethod codeBase="TestAssembly.dll" className="TestNamespace.TestClass4" name="Test3437" />
    </UnitTest>
    <UnitTest name="Test3438" id="351f07db-14ad-401b-acdd-31d2f52e3f43" storage="TestAssembly.dll">
      <Execution id="889bc462-d1b2-4aa4-9424-03cb7133daad" />
      <TestMethod codeBase="TestAssembly.dll" className="TestNamespace.TestClass4" name="Test3438" />
    </UnitTest>
    <UnitTest name="Test3439" id="39af3044-ddd7-47f4-9ab0-e091998c0042" storage="TestAssembly.dll">
      <Execution id="3954776b-d83b-4c64-a75d-f7d0bf1f37d1" />
      <TestMethod codeBase="TestAssembly.dll" className="TestNamespace.TestClass4" name="Test3439" />
    </UnitTest>
    <UnitTest name="Test3440" id="ce5ad7c6-90f3-43c8-a37f-f00b2cd60da3" storage="TestAssembly.dll">
      <Execution id="165caeca-4cf3-4275-9701-ef8d9e5552bf" />
      <TestMethod codeBase="TestAssembly.dll" className="TestNamespace.TestClass4" name="Test3440" />
    </UnitTest>
    <UnitTest name="Test3441" id="894d0333-8ab8-443d-be95-8c90f3bf481b" storage="TestAssembly.dll">
      <Execution id="12c40b4f-7e61-4745-94bf-452839a1cf54" />
      <TestMethod codeBase="TestAssembly.dll" className="TestNamespace.TestClass5" name="Test3441" />
    </UnitTest>
    <UnitTest name="Test3442" id="2ab2ca8a-42d5-4b39-9707-988a343c853c" storage="TestAssembly.dll">
      <Execution id="bd32ba99-75dc-476b-be15-6a5f83b31c1b" />
      <TestMethod codeBase="TestAssembly.dll" className="TestNamespace.TestClass5" name="Test3442" />
    </UnitTest>
    <UnitTest name="Test3443" id="40dfafc6-5570-4dae-918b-36eefd941698" storage="TestAssembly.dll">
      <Execution id="f9a3c688-c26b-4cf3-a83f-2e08112def20" />
      <TestMethod codeBase="TestAssembly.dll" className="TestNamespace.TestClass5" name="Test3443" />
    </UnitTest>
    <UnitTest name="Test3444" id="b67c84b0-44b8-4462-a36c-bdcecf35ef0b" storage="TestAssembly.dll">
      <Execution id="7d81c2ba-703c-4ad8-b877-b58e7b9682fa" />
      <TestMethod codeBase="TestAssembly.dll" className="TestNamespace.TestClass5" name="Test3444" />
    </UnitTest>
    <UnitTest name="Test3445" id="3cccf36c-f040-4161-8d0d-ee4e1a85f33b" storage="TestAssembly.dll">
      <Execution id="712d9a1b-8529-4dee-9a3e-b0cd349ee993" />
      <TestMethod codeBase="TestAssembly.dll" className="TestNamespace.TestClass5" name="Test3445" />
    </UnitTest>
    <UnitTest name="Test3446" id="ab0f2d93-3296-4928-8051-026036a2a4e9" storage="TestAssembly.dll">
      <Execution id="e9d4a52d-1051-43c4-b3e8-c18d9be25030" />
      <TestMethod codeBase="TestAssembly.dll" className="TestNamespace.TestClass5" name="Test3446" />
    </UnitTest>
    <UnitTest name="Test3447" id="8bf0e290-44d2-4af8-b3e1-ffec969be59f" storage="TestAssembly.dll">
      <Execution id="28ededb0-bc6c-4572-b1a6-087778acd45c" />
      <TestMethod codeBase="TestAssembly.dll" className="TestNamespace.TestClass5" name="Test3447" />
    </UnitTest>
    <UnitTest name="Test3448" id="51f83d56-aac3-4e2a-905d-18b1e0561dc7" storage="TestAssembly.dll">
      <Execution id="ff9f5f31-da92-43ec-9f12-a06cfeb2737f" />
      <TestMethod codeBase="TestAssembly.dll" className="TestNamespace.TestClass5" name="Test3448" />
    </UnitTest>
    <UnitTest name="Test3449" id="f472e1e4-3cdb-4f0d-90b9-f451f2208a4f" storage="TestAssembly.dll">
      <Execution id="ed57b8a3-3cfb-41d4-95c5-f978c2bd08a7" />
      <TestMethod codeBase="TestAssembly.dll" className="TestNamespace.TestClass5" name="Test3449" />
    </UnitTest>
    <UnitTest name="Test3450" id="082d66cd-7403-489b-b7e6-fc361af9e9da" storage="TestAssembly.dll">
      <Execution id="f69445c0-cf79-48b6-86ac-da80638b8ed9" />
      <TestMethod codeBase="TestAssembly.dll" className="TestNamespace.TestClass5" name="Test3450" />
    </UnitTest>
    <UnitTest name="Test3451" id="35b79691-c431-4a09-824a-9ca2883edca7" storage="TestAssembly.dll">
      <Execution id="79508605-e303-4542-9e51-fed5cbb0f614" />
      <TestMethod codeBase="TestAssembly.dll" className="TestNamespace.TestClass6" name="Test3451" />
    </UnitTest>
    <UnitTest name="Test3452" id="9583014b-f7a2-4671-949a-f94a195f4278" storage="TestAssembly.dll">
      <Execution id="acab4b57-b78a-48e6-8773-a9d3f04103fc" />
      <TestMethod codeBase="TestAssembly.dll" className="TestNamespace.TestClass6" name="Test3452" />
    </UnitTest>
    <UnitTest name="Test3453" id="5245a096-cdbd-4848-be2f-41d326dd01e7" storage="TestAssembly.dll">
      <Execution id="099a3c21-8fbe-4600-a324-767fbc869380" />
      <TestMethod codeBase="TestAssembly.dll" className="TestNamespace.TestClass6" name="Test3453" />
    </UnitTest>
    <UnitTest name="Test3454" id="957ffaa7-b7b2-4730-8f16-ee41f3ce7c37" storage="TestAssembly.dll">
      <Execution id="fc5d39da-8dd3-4197-ba87-636eb3783c82" />
      <TestMethod codeBase="TestAssembly.dll" className="TestNamespace.TestClass6" name="Test3454" />
    </UnitTest>
    <UnitTest name="Test3455" id="09f7999d-e36a-40bb-ac87-818398ac29cd" storage="TestAssembly.dll">
      <Execution id="6bc1199f-f29f-431d-b025-995a3d0dd925" />
      <TestMethod codeBase="TestAssembly.dll" className="TestNamespace.TestClass6" name="Test3455" />
    </UnitTest>
    <UnitTest name="Test3456" id="dda386ec-bd2a-49eb-92ef-a7b538b98375" storage="TestAssembly.dll">
      <Execution id="d9a1f087-467d-4711-a228-ffd9788275fa" />
      <TestMethod codeBase="TestAssembly.dll" className="TestNamespace.TestClass6" name="Test3456" />
    </UnitTest>
    <UnitTest name="Test3457" id="6412094b-3290-477d-b624-1e93140ff58f" storage="TestAssembly.dll">
      <Execution id="0a5644ab-529d-4b03-a195-2c8ea8522aa3" />
      <TestMethod codeBase="TestAssembly.dll" className="TestNamespace.TestClass6" name="Test3457" />
    </UnitTest>
    <UnitTest name="Test3458" id="2d74c071-5e30-4f2c-8972-204343930bf3" storage="TestAssembly.dll">
      <Execution id="59112024-5347-41bc-bc74-c1c6b049771b" />
      <TestMethod codeBase="TestAssembly.dll" className="TestNamespace.TestClass6" name="Test3458" />
    </UnitTest>
    <UnitTest name="Test3459" id="f9967666-11e7-4382-a804-b653fa9231e2" storage="TestAssembly.dll">
      <Execution id="65080f0f-0c74-4e3b-bf5a-fdbbbed496aa" />
      <TestMethod codeBase="TestAssembly.dll" className="TestNamespace.TestClass6" name="Test3459" />
    </UnitTest>
    <UnitTest name="Test3460" id="9804876b-b65e-46a4-91d9-dba31cdd0ec9" storage="TestAssembly.dll">
      <Execution id="e4def150-2c95-400c-800c-159fd0cd37ec" />
      <TestMethod codeBase="TestAssembly.dll" className="TestNamespace.TestClass6" name="Test3460" />
    </UnitTest>
    <UnitTest name="Test3461" id="9c22b4b5-1fc5-4c7f-af3b-e5415f8b63fe" storage="TestAssembly.dll">
      <Execution id="dc8fc075-0610-44fd-b9ac-58e1a47ad7d9" />
      <TestMethod codeBase="TestAssembly.dll" className="TestNamespace.TestClass7" name="Test3461" />
    </UnitTest>
    <UnitTest name="Test3462" id="07448b1b-3707-450f-b72e-1488a516d401" storage="TestAssembly.dll">
      <Execution id="5382b11e-5f0f-4045-b1ad-e541d033036f" />
      <TestMethod codeBase="TestAssembly.dll" className="TestNamespace.TestClass7" name="Test3462" />
    </UnitTest>
    <UnitTest name="Test3463" id="6fc31765-3fbe-4e5a-ba13-08801ba96848" storage="TestAssembly.dll">
      <Execution id="7c8b967e-4ea8-4257-8529-c07f74caf15d" />
      <TestMethod codeBase="TestAssembly.dll" className="TestNamespace.TestClass7" name="Test3463" />
    </UnitTest>
    <UnitTest name="Test3464" id="2bf9c0a9-a478-45a9-bd16-c866108d9b52" storage="TestAssembly.dll">
      <Execution id="6aeacf97-8676-421e-bd2f-e1e89e5e6f9e" />
      <TestMethod codeBase="TestAssembly.dll" className="TestNamespace.TestClass7" name="Test3464" />
    </UnitTest>
    <UnitTest name="Test3465" id="17e50ec4-2767-4ed9-9580-d0d4ceedbf22" storage="TestAssembly.dll">
      <Execution id="4deff564-f7cf-4ddf-bc75-072d8d4baa12" />
      <TestMethod codeBase="TestAssembly.dll" className="TestNamespace.TestClass7" name="Test3465" />
    </UnitTest>
    <UnitTest name="Test3466" id="e841be6e-c863-4244-a493-a70e88b71b87" storage="TestAssembly.dll">
      <Execution id="7cfe9684-c555-4739-8869-48ab1ca5336e" />
      <TestMethod codeBase="TestAssembly.dll" className="TestNamespace.TestClass7" name="Test3466" />
    </UnitTest>
    <UnitTest name="Test3467" id="90ee5414-4c11-440c-a5e1-e89cd512c75b" storage="TestAssembly.dll">
      <Execution id="90a0d7c0-7535-4c67-a76a-77cee1220215" />
      <TestMethod codeBase="TestAssembly.dll" className="TestNamespace.TestClass7" name="Test3467" />
    </UnitTest>
    <UnitTest name="Test3468" id="c9c72d58-6bd7-4b79-b4f2-cc3d3fb8d46b" storage="TestAssembly.dll">
      <Execution id="313845be-a61f-4d25-a8a0-c57a5e2c6531" />
      <TestMethod codeBase="TestAssembly.dll" className="TestNamespace.TestClass7" name="Test3468" />
    </UnitTest>
    <UnitTest name="Test3469" id="448e076f-3c5c-4456-a393-be4b7b5fbc71" storage="TestAssembly.dll">
      <Execution id="1c2b048e-bf5b-42ee-b154-d55ee52de4ee" />
      <TestMethod codeBase="TestAssembly.dll" className="TestNamespace.TestClass7" name="Test3469" />
    </UnitTest>
    <UnitTest name="Test3470" id="823607ab-cdd9-4f0f-84fa-2df054c5a7b9" storage="TestAssembly.dll">
      <Execution id="f80e01da-0da4-4ae0-be79-7f13c97d0c32" />
      <TestMethod codeBase="TestAssembly.dll" className="TestNamespace.TestClass7" name="Test3470" />
    </UnitTest>
    <UnitTest name="Test3471" id="c7bfe830-5b52-45ae-a170-99a3ab6edbe4" storage="TestAssembly.dll">
      <Execution id="2a54df90-664c-40c5-b1e0-424abb8be737" />
      <TestMethod codeBase="TestAssembly.dll" className="TestNamespace.TestClass8" name="Test3471" />
    </UnitTest>
    <UnitTest name="Test3472" id="1304ade2-abd4-4a5c-90b3-06d533eda791" storage="TestAssembly.dll">
      <Execution id="53295f14-a1bb-445e-ae4f-859a1aafe390" />
      <TestMethod codeBase="TestAssembly.dll" className="TestNamespace.TestClass8" name="Test3472" />
    </UnitTest>
    <UnitTest name="Test3473" id="c5eab493-1947-441b-9d6b-8000a6575433" storage="TestAssembly.dll">
      <Execution id="a7b29c76-48a3-4c44-a6ef-6ce28ac99c1b" />
      <TestMethod codeBase="TestAssembly.dll" className="TestNamespace.TestClass8" name="Test3473" />
    </UnitTest>
    <UnitTest name="Test3474" id="858c58c9-6df5-4c9b-9d63-4f2f5210ef3b" storage="TestAssembly.dll">
      <Execution id="1ef03a1a-de6f-485f-8018-eb669fb9b6bc" />
      <TestMethod codeBase="TestAssembly.dll" className="TestNamespace.TestClass8" name="Test3474" />
    </UnitTest>
    <UnitTest name="Test3475" id="3f939f93-858e-4fdc-b2f3-f7f095d8136f" storage="TestAssembly.dll">
      <Execution id="f23819e2-9671-40d9-be4c-e268da9a4108" />
      <TestMethod codeBase="TestAssembly.dll" className="TestNamespace.TestClass8" name="Test3475" />
    </UnitTest>
    <UnitTest name="Test3476" id="0962c4d9-f482-4aec-a35a-73d1d3d0504c" storage="TestAssembly.dll">
      <Execution id="ba38dd6a-e205-4661-8c2e-a125c2ad3235" />
      <TestMethod codeBase="TestAssembly.dll" className="TestNamespace.TestClass8" name="Test3476" />
    </UnitTest>
    <UnitTest name="Test3477" id="692cdc22-6ce1-4aa8-b4b6-f51458c3d76b" storage="TestAssembly.dll">
      <Execution id="2a64df7a-3e11-4e39-9388-0ea6052b7881" />
      <TestMethod codeBase="TestAssembly.dll" className="TestNamespace.TestClass8" name="Test3477" />
    </UnitTest>
    <UnitTest name="Test3478" id="601127a0-f147-45b9-aa1f-e87ff2a2cab2" storage="TestAssembly.dll">
      <Execution id="b4b11853-d917-4bd6-b6d1-17df0e95750b" />
      <TestMethod codeBase="TestAssembly.dll" className="TestNamespace.TestClass8" name="Test3478" />
    </UnitTest>
    <UnitTest name="Test3479" id="f8aa8fa6-9fbd-450f-88f3-f12dcf415ab1" storage="TestAssembly.dll">
      <Execution id="84019013-1595-4bf9-b860-753bbfadeed5" />
      <TestMethod codeBase="TestAssembly.dll" className="TestNamespace.TestClass8" name="Test3479" />
    </UnitTest>
    <UnitTest name="Test3480" id="8083c1e7-6b97-4c69-8ccc-30a4674fa37b" storage="TestAssembly.dll">
      <Execution id="0b6b7591-576c-45f1-9f36-a5cb33071ed6" />
      <TestMethod codeBase="TestAssembly.dll" className="TestNamespace.TestClass8" name="Test3480" />
    </UnitTest>
    <UnitTest name="Test3481" id="10ccfa5a-e68a-4055-90c6-63964423f9bf" storage="TestAssembly.dll">
      <Execution id="e8d82232-0b61-406f-a36b-6f64c6b80b7b" />
      <TestMethod codeBase="TestAssembly.dll" className="TestNamespace.TestClass9" name="Test3481" />
    </UnitTest>
    <UnitTest name="Test3482" id="b9f42f2d-e046-4749-a1d2-65f6f13fd5d7" storage="TestAssembly.dll">
      <Execution id="9e4b571f-65de-4719-892b-0190e8a4abcc" />
      <TestMethod codeBase="TestAssembly.dll" className="TestNamespace.TestClass9" name="Test3482" />
    </UnitTest>
    <UnitTest name="Test3483" id="0c7466ef-ae9c-468a-9773-849a03b30c27" storage="TestAssembly.dll">
      <Execution id="94ccadd4-4339-498b-9ade-9cabd7359eb5" />
      <TestMethod codeBase="TestAssembly.dll" className="TestNamespace.TestClass9" name="Test3483" />
    </UnitTest>
    <UnitTest name="Test3484" id="7a483064-fe9b-45f6-83ea-338ab7fe1eaf" storage="TestAssembly.dll">
      <Execution id="3a4a7f9a-173d-4b56-893f-adcd2dd3c945" />
      <TestMethod codeBase="TestAssembly.dll" className="TestNamespace.TestClass9" name="Test3484" />
    </UnitTest>
    <UnitTest name="Test3485" id="fdce8868-11c8-454c-9edd-4789cc494725" storage="TestAssembly.dll">
      <Execution id="b1de0a69-4fc6-43ff-b618-b445ccb7995d" />
      <TestMethod codeBase="TestAssembly.dll" className="TestNamespace.TestClass9" name="Test3485" />
    </UnitTest>
    <UnitTest name="Test3486" id="2b1ef185-b5b2-4b3b-bca2-ac710084ecd2" storage="TestAssembly.dll">
      <Execution id="be787d74-3d65-4cc0-910a-f69c8ce5294f" />
      <TestMethod codeBase="TestAssembly.dll" className="TestNamespace.TestClass9" name="Test3486" />
    </UnitTest>
    <UnitTest name="Test3487" id="a08dcf08-9800-48c9-958e-612d2532de3f" storage="TestAssembly.dll">
      <Execution id="d6edb344-c72b-4a16-9c45-43d8bdaccb9c" />
      <TestMethod codeBase="TestAssembly.dll" className="TestNamespace.TestClass9" name="Test3487" />
    </UnitTest>
    <UnitTest name="Test3488" id="7374df48-0a85-436f-8e4f-007cc9f1b7f8" storage="TestAssembly.dll">
      <Execution id="ab9084d2-5b23-400c-ab37-e2bc1c6c9e68" />
      <TestMethod codeBase="TestAssembly.dll" className="TestNamespace.TestClass9" name="Test3488" />
    </UnitTest>
    <UnitTest name="Test3489" id="da3dac94-9f89-483a-b62f-466d95b35d94" storage="TestAssembly.dll">
      <Execution id="b05c743d-b28c-4d1f-b15a-63df460df9d8" />
      <TestMethod codeBase="TestAssembly.dll" className="TestNamespace.TestClass9" name="Test3489" />
    </UnitTest>
    <UnitTest name="Test3490" id="f962f16c-0c66-4415-9a0d-1fc61b1467db" storage="TestAssembly.dll">
      <Execution id="922f01ee-1ce0-407c-8aaf-2741eb28baf4" />
      <TestMethod codeBase="TestAssembly.dll" className="TestNamespace.TestClass9" name="Test3490" />
    </UnitTest>
    <UnitTest name="Test3491" id="c4ae0dd4-d6c1-4781-a9d9-be9f243a9496" storage="TestAssembly.dll">
      <Execution id="83a37b25-778d-45ac-84d7-c977281a7e75" />
      <TestMethod codeBase="TestAssembly.dll" className="TestNamespace.TestClass10" name="Test3491" />
    </UnitTest>
    <UnitTest name="Test3492" id="94e1d70a-fa9f-42cc-b70b-078c59421bc1" storage="TestAssembly.dll">
      <Execution id="3e03ffba-4236-45ed-b61f-fd5cebd59610" />
      <TestMethod codeBase="TestAssembly.dll" className="TestNamespace.TestClass10" name="Test3492" />
    </UnitTest>
    <UnitTest name="Test3493" id="0e73974a-8b8d-41df-b324-dc2536e19d6e" storage="TestAssembly.dll">
      <Execution id="bf1b7607-3ca0-4d9a-802f-649bb8819227" />
      <TestMethod codeBase="TestAssembly.dll" className="TestNamespace.TestClass10" name="Test3493" />
    </UnitTest>
    <UnitTest name="Test3494" id="7e3c463f-c21e-4744-b3cf-4393f74b6f31" storage="TestAssembly.dll">
      <Execution id="762f1fa1-2f0a-4005-8cb1-200c2f8064fc" />
      <TestMethod codeBase="TestAssembly.dll" className="TestNamespace.TestClass10" name="Test3494" />
    </UnitTest>
    <UnitTest name="Test3495" id="c2851f69-d9ad-4829-b75e-4d461efd5d0a" storage="TestAssembly.dll">
      <Execution id="287488b2-21a6-4097-b289-c60d40744dfe" />
      <TestMethod codeBase="TestAssembly.dll" className="TestNamespace.TestClass10" name="Test3495" />
    </UnitTest>
    <UnitTest name="Test3496" id="93d5cc4c-df09-4770-8cd7-3e7c2d7bba9a" storage="TestAssembly.dll">
      <Execution id="a17c6468-5523-4c1e-87b4-ec70feb5d37b" />
      <TestMethod codeBase="TestAssembly.dll" className="TestNamespace.TestClass10" name="Test3496" />
    </UnitTest>
    <UnitTest name="Test3497" id="b3d09433-07eb-4553-8c49-d392d0efed52" storage="TestAssembly.dll">
      <Execution id="5c877cc9-4710-4d9b-9607-53ef3ac54071" />
      <TestMethod codeBase="TestAssembly.dll" className="TestNamespace.TestClass10" name="Test3497" />
    </UnitTest>
    <UnitTest name="Test3498" id="bad35e8d-4feb-4d85-a26b-76c9ef108909" storage="TestAssembly.dll">
      <Execution id="bbd3f351-fb56-47aa-9d2d-9864f312e255" />
      <TestMethod codeBase="TestAssembly.dll" className="TestNamespace.TestClass10" name="Test3498" />
    </UnitTest>
    <UnitTest name="Test3499" id="7e8bc2c4-b795-4394-a782-58ffa283d668" storage="TestAssembly.dll">
      <Execution id="34e70917-5fd9-48d7-9cfc-ddfb044d31d2" />
      <TestMethod codeBase="TestAssembly.dll" className="TestNamespace.TestClass10" name="Test3499" />
    </UnitTest>
    <UnitTest name="Test3500" id="996b3a85-aab8-46a5-bf04-e7ad256402d9" storage="TestAssembly.dll">
      <Execution id="1d8b3c50-31b6-4cdc-a6c5-90004a9f0ccf" />
      <TestMethod codeBase="TestAssembly.dll" className="TestNamespace.TestClass10" name="Test3500" />
    </UnitTest>
  </TestDefinitions>
  <TestEntries>
    <TestEntry testId="26683465-f0c6-4ac9-9e72-6550c626a29d" executionId="4829c29d-4cb9-4a3e-8bc2-2d92e9c2f6a9" testListId="7019c16c-0097-484b-8f8d-32d6b9a6750f" />
    <TestEntry testId="0f7be8d9-6f88-4198-b3ea-51bfeec0f3fb" executionId="40c6ae8c-bc3c-4c0d-b3fa-d31b38d0311d" testListId="7019c16c-0097-484b-8f8d-32d6b9a6750f" />
    <TestEntry testId="c1ac9a07-da2c-4853-be66-81dee066f3ed" executionId="5d930c3d-cb99-4fed-b95e-44378d7a272d" testListId="7019c16c-0097-484b-8f8d-32d6b9a6750f" />
    <TestEntry testId="4d7412e9-1835-4ad7-b632-29d9abb5807f" executionId="84b62abd-0f5c-4a19-9d5e-8f39de9bd921" testListId="7019c16c-0097-484b-8f8d-32d6b9a6750f" />
    <TestEntry testId="00c92878-fa7b-4c93-a0d3-09ac09d49e99" executionId="d924d266-10af-4e31-8df9-271f387bd1f8" testListId="7019c16c-0097-484b-8f8d-32d6b9a6750f" />
    <TestEntry testId="c384797f-ed62-42fc-93f8-f3a0bb2dc5ca" executionId="b5b3fc00-52af-49ab-b6a6-6445e34df06c" testListId="7019c16c-0097-484b-8f8d-32d6b9a6750f" />
    <TestEntry testId="3b6b1245-0cef-491d-bdcf-75e24a2612c8" executionId="01a1f92f-e054-4d19-a8aa-57e787b62457" testListId="7019c16c-0097-484b-8f8d-32d6b9a6750f" />
    <TestEntry testId="6de91bde-3d84-4efa-839b-fe65e8757423" executionId="ce2ffb54-960e-45dd-b522-f674d24bdbc6" testListId="7019c16c-0097-484b-8f8d-32d6b9a6750f" />
    <TestEntry testId="6b0f37c3-0f2d-45f8-942f-b98d70c283fd" executionId="8fd8b201-cddc-4510-9116-7ccb89eb8391" testListId="7019c16c-0097-484b-8f8d-32d6b9a6750f" />
    <TestEntry testId="179502e0-e9dc-41fa-972b-685d6b28f4f4" executionId="09a03eea-9e22-46b4-adaf-3bffd76c752e" testListId="7019c16c-0097-484b-8f8d-32d6b9a6750f" />
    <TestEntry testId="558e3a00-2437-4a61-83ce-184f1cf3443d" executionId="9a89624a-f750-45dd-969e-4d6c64c88d4f" testListId="7019c16c-0097-484b-8f8d-32d6b9a6750f" />
    <TestEntry testId="8c67074f-1213-4191-b92e-0250742dae7b" executionId="58c74796-3dbf-4810-822b-19a8513a94e3" testListId="7019c16c-0097-484b-8f8d-32d6b9a6750f" />
    <TestEntry testId="6c3307bc-2118-4987-aa80-2df79ba62fb2" executionId="47b48be2-af55-4163-a482-16ce40aa2530" testListId="7019c16c-0097-484b-8f8d-32d6b9a6750f" />
    <TestEntry testId="1b0eb69f-ee5b-4027-8959-9643c5c10c5c" executionId="66d823a0-696a-42cb-821f-3c280e81b2ee" testListId="7019c16c-0097-484b-8f8d-32d6b9a6750f" />
    <TestEntry testId="a7b382c8-b87e-4784-85e4-b748d5909ab5" executionId="5edafc48-1c85-4aa0-acdc-545c2a802b39" testListId="7019c16c-0097-484b-8f8d-32d6b9a6750f" />
    <TestEntry testId="8c262146-6b12-4c4a-abbd-c6cd738ffb5a" executionId="fc29250b-b74a-4056-8bcb-56cc589a2af7" testListId="7019c16c-0097-484b-8f8d-32d6b9a6750f" />
    <TestEntry testId="6a2a4c8b-009e-49b1-9dbd-048d5a9d1d96" executionId="06e5f27a-8c43-46cb-b764-42289ae0be20" testListId="7019c16c-0097-484b-8f8d-32d6b9a6750f" />
    <TestEntry testId="0620fddd-e52a-4719-9232-b87a3c5a7452" executionId="9e182638-70bf-4149-8e75-54536a08f478" testListId="7019c16c-0097-484b-8f8d-32d6b9a6750f" />
    <TestEntry testId="b7ce3ca9-e39e-4f60-ba65-440d84c62822" executionId="7c12f3a0-5ea4-4ec1-ae02-dd40dd2370af" testListId="7019c16c-0097-484b-8f8d-32d6b9a6750f" />
    <TestEntry testId="7df2fb99-0827-4118-9a31-a59ac2a57fde" executionId="fc41d651-1db9-4d1b-9e94-32a4a45ddb18" testListId="7019c16c-0097-484b-8f8d-32d6b9a6750f" />
    <TestEntry testId="989b4d1f-bc05-4645-a2da-ba21c0f0cb47" executionId="b5581701-e291-44b5-9d9a-7b7a9f39c271" testListId="7019c16c-0097-484b-8f8d-32d6b9a6750f" />
    <TestEntry testId="243306f8-aa1e-4690-bd73-7e21d6c054e9" executionId="e5e5854a-aae0-48c0-a3de-788d303b7841" testListId="7019c16c-0097-484b-8f8d-32d6b9a6750f" />
    <TestEntry testId="a0d3bf04-a0c3-4cad-ad1b-b2e24e5fd4a6" executionId="06f0cfcb-a5a1-42dc-97b9-20f1c5a5716b" testListId="7019c16c-0097-484b-8f8d-32d6b9a6750f" />
    <TestEntry testId="9b1aad31-06a1-455e-b825-5762a7c1d95e" executionId="76929912-abc8-4677-bfdf-be62049f39fa" testListId="7019c16c-0097-484b-8f8d-32d6b9a6750f" />
    <TestEntry testId="d8839a7c-c133-4550-80b1-58d73b6e81eb" executionId="14a0bf41-14fe-4eca-a7b7-9aa57e4173c2" testListId="7019c16c-0097-484b-8f8d-32d6b9a6750f" />
    <TestEntry testId="fcfd1a41-457d-47e1-9499-377e9940ce36" executionId="224e44ec-7c85-45e9-871e-398ba0b47b22" testListId="7019c16c-0097-484b-8f8d-32d6b9a6750f" />
    <TestEntry testId="87cf8a03-e013-432a-8e3a-e3388c81ccda" executionId="40d93aeb-451d-448f-96d9-68445e0e8359" testListId="7019c16c-0097-484b-8f8d-32d6b9a6750f" />
    <TestEntry testId="a93630b0-4e2f-4ee1-8ff1-dedf2c5bfe03" executionId="e5851f0b-b733-4993-b573-39a628922b3c" testListId="7019c16c-0097-484b-8f8d-32d6b9a6750f" />
    <TestEntry testId="79eac0fa-f26b-4e48-896c-e70383c96331" executionId="4d57cdb4-ec65-4685-a10a-5bb06c11c675" testListId="7019c16c-0097-484b-8f8d-32d6b9a6750f" />
    <TestEntry testId="90e81add-7c69-4e1d-9dd0-7b049b37beb8" executionId="2fbec846-98db-4341-9f0a-624c0c8d06b0" testListId="7019c16c-0097-484b-8f8d-32d6b9a6750f" />
    <TestEntry testId="d2b43b68-4058-4c62-bf38-0b7bb946d9e0" executionId="f1a002f4-7340-48de-b20a-e223a1e6ce52" testListId="7019c16c-0097-484b-8f8d-32d6b9a6750f" />
    <TestEntry testId="aca68914-08ab-434b-9f32-425c36826e92" executionId="bbc103dd-c9ec-4b90-b4a3-ee51131d5765" testListId="7019c16c-0097-484b-8f8d-32d6b9a6750f" />
    <TestEntry testId="fc13345d-f02e-4de7-bfbc-a2114bde97af" executionId="8392ec2b-6932-40b8-adf4-3bc7ec179809" testListId="7019c16c-0097-484b-8f8d-32d6b9a6750f" />
    <TestEntry testId="23ea2ccc-4070-44b6-af01-a1d3f81db412" executionId="374b5f27-fbf2-4c9b-b566-0dec0b150a14" testListId="7019c16c-0097-484b-8f8d-32d6b9a6750f" />
    <TestEntry testId="c5e38a0d-ff0c-44f6-a3aa-faecd103bf5a" executionId="9ffd79ce-ac24-49e1-8250-55cd2a593a0d" testListId="7019c16c-0097-484b-8f8d-32d6b9a6750f" />
    <TestEntry testId="c3fc8120-503c-47e3-a396-d6f11f1db388" executionId="028f8791-b0d1-4cc0-b8c0-4ef6354eaae7" testListId="7019c16c-0097-484b-8f8d-32d6b9a6750f" />
    <TestEntry testId="afe23437-8e11-443d-af1b-a21245c7ca3d" executionId="1626e846-bf39-48e7-bcb1-a02052b3f589" testListId="7019c16c-0097-484b-8f8d-32d6b9a6750f" />
    <TestEntry testId="351f07db-14ad-401b-acdd-31d2f52e3f43" executionId="889bc462-d1b2-4aa4-9424-03cb7133daad" testListId="7019c16c-0097-484b-8f8d-32d6b9a6750f" />
    <TestEntry testId="39af3044-ddd7-47f4-9ab0-e091998c0042" executionId="3954776b-d83b-4c64-a75d-f7d0bf1f37d1" testListId="7019c16c-0097-484b-8f8d-32d6b9a6750f" />
    <TestEntry testId="ce5ad7c6-90f3-43c8-a37f-f00b2cd60da3" executionId="165caeca-4cf3-4275-9701-ef8d9e5552bf" testListId="7019c16c-0097-484b-8f8d-32d6b9a6750f" />
    <TestEntry testId="894d0333-8ab8-443d-be95-8c90f3bf481b" executionId="12c40b4f-7e61-4745-94bf-452839a1cf54" testListId="7019c16c-0097-484b-8f8d-32d6b9a6750f" />
    <TestEntry testId="2ab2ca8a-42d5-4b39-9707-988a343c853c" executionId="bd32ba99-75dc-476b-be15-6a5f83b31c1b" testListId="7019c16c-0097-484b-8f8d-32d6b9a6750f" />
    <TestEntry testId="40dfafc6-5570-4dae-918b-36eefd941698" executionId="f9a3c688-c26b-4cf3-a83f-2e08112def20" testListId="7019c16c-0097-484b-8f8d-32d6b9a6750f" />
    <TestEntry testId="b67c84b0-44b8-4462-a36c-bdcecf35ef0b" executionId="7d81c2ba-703c-4ad8-b877-b58e7b9682fa" testListId="7019c16c-0097-484b-8f8d-32d6b9a6750f" />
    <TestEntry testId="3cccf36c-f040-4161-8d0d-ee4e1a85f33b" executionId="712d9a1b-8529-4dee-9a3e-b0cd349ee993" testListId="7019c16c-0097-484b-8f8d-32d6b9a6750f" />
    <TestEntry testId="ab0f2d93-3296-4928-8051-026036a2a4e9" executionId="e9d4a52d-1051-43c4-b3e8-c18d9be25030" testListId="7019c16c-0097-484b-8f8d-32d6b9a6750f" />
    <TestEntry testId="8bf0e290-44d2-4af8-b3e1-ffec969be59f" executionId="28ededb0-bc6c-4572-b1a6-087778acd45c" testListId="7019c16c-0097-484b-8f8d-32d6b9a6750f" />
    <TestEntry testId="51f83d56-aac3-4e2a-905d-18b1e0561dc7" executionId="ff9f5f31-da92-43ec-9f12-a06cfeb2737f" testListId="7019c16c-0097-484b-8f8d-32d6b9a6750f" />
    <TestEntry testId="f472e1e4-3cdb-4f0d-90b9-f451f2208a4f" executionId="ed57b8a3-3cfb-41d4-95c5-f978c2bd08a7" testListId="7019c16c-0097-484b-8f8d-32d6b9a6750f" />
    <TestEntry testId="082d66cd-7403-489b-b7e6-fc361af9e9da" executionId="f69445c0-cf79-48b6-86ac-da80638b8ed9" testListId="7019c16c-0097-484b-8f8d-32d6b9a6750f" />
    <TestEntry testId="35b79691-c431-4a09-824a-9ca2883edca7" executionId="79508605-e303-4542-9e51-fed5cbb0f614" testListId="7019c16c-0097-484b-8f8d-32d6b9a6750f" />
    <TestEntry testId="9583014b-f7a2-4671-949a-f94a195f4278" executionId="acab4b57-b78a-48e6-8773-a9d3f04103fc" testListId="7019c16c-0097-484b-8f8d-32d6b9a6750f" />
    <TestEntry testId="5245a096-cdbd-4848-be2f-41d326dd01e7" executionId="099a3c21-8fbe-4600-a324-767fbc869380" testListId="7019c16c-0097-484b-8f8d-32d6b9a6750f" />
    <TestEntry testId="957ffaa7-b7b2-4730-8f16-ee41f3ce7c37" executionId="fc5d39da-8dd3-4197-ba87-636eb3783c82" testListId="7019c16c-0097-484b-8f8d-32d6b9a6750f" />
    <TestEntry testId="09f7999d-e36a-40bb-ac87-818398ac29cd" executionId="6bc1199f-f29f-431d-b025-995a3d0dd925" testListId="7019c16c-0097-484b-8f8d-32d6b9a6750f" />
    <TestEntry testId="dda386ec-bd2a-49eb-92ef-a7b538b98375" executionId="d9a1f087-467d-4711-a228-ffd9788275fa" testListId="7019c16c-0097-484b-8f8d-32d6b9a6750f" />
    <TestEntry testId="6412094b-3290-477d-b624-1e93140ff58f" executionId="0a5644ab-529d-4b03-a195-2c8ea8522aa3" testListId="7019c16c-0097-484b-8f8d-32d6b9a6750f" />
    <TestEntry testId="2d74c071-5e30-4f2c-8972-204343930bf3" executionId="59112024-5347-41bc-bc74-c1c6b049771b" testListId="7019c16c-0097-484b-8f8d-32d6b9a6750f" />
    <TestEntry testId="f9967666-11e7-4382-a804-b653fa9231e2" executionId="65080f0f-0c74-4e3b-bf5a-fdbbbed496aa" testListId="7019c16c-0097-484b-8f8d-32d6b9a6750f" />
    <TestEntry testId="9804876b-b65e-46a4-91d9-dba31cdd0ec9" executionId="e4def150-2c95-400c-800c-159fd0cd37ec" testListId="7019c16c-0097-484b-8f8d-32d6b9a6750f" />
    <TestEntry testId="9c22b4b5-1fc5-4c7f-af3b-e5415f8b63fe" executionId="dc8fc075-0610-44fd-b9ac-58e1a47ad7d9" testListId="7019c16c-0097-484b-8f8d-32d6b9a6750f" />
    <TestEntry testId="07448b1b-3707-450f-b72e-1488a516d401" executionId="5382b11e-5f0f-4045-b1ad-e541d033036f" testListId="7019c16c-0097-484b-8f8d-32d6b9a6750f" />
    <TestEntry testId="6fc31765-3fbe-4e5a-ba13-08801ba96848" executionId="7c8b967e-4ea8-4257-8529-c07f74caf15d" testListId="7019c16c-0097-484b-8f8d-32d6b9a6750f" />
    <TestEntry testId="2bf9c0a9-a478-45a9-bd16-c866108d9b52" executionId="6aeacf97-8676-421e-bd2f-e1e89e5e6f9e" testListId="7019c16c-0097-484b-8f8d-32d6b9a6750f" />
    <TestEntry testId="17e50ec4-2767-4ed9-9580-d0d4ceedbf22" executionId="4deff564-f7cf-4ddf-bc75-072d8d4baa12" testListId="7019c16c-0097-484b-8f8d-32d6b9a6750f" />
    <TestEntry testId="e841be6e-c863-4244-a493-a70e88b71b87" executionId="7cfe9684-c555-4739-8869-48ab1ca5336e" testListId="7019c16c-0097-484b-8f8d-32d6b9a6750f" />
    <TestEntry testId="90ee5414-4c11-440c-a5e1-e89cd512c75b" executionId="90a0d7c0-7535-4c67-a76a-77cee1220215" testListId="7019c16c-0097-484b-8f8d-32d6b9a6750f" />
    <TestEntry testId="c9c72d58-6bd7-4b79-b4f2-cc3d3fb8d46b" executionId="313845be-a61f-4d25-a8a0-c57a5e2c6531" testListId="7019c16c-0097-484b-8f8d-32d6b9a6750f" />
    <TestEntry testId="448e076f-3c5c-4456-a393-be4b7b5fbc71" executionId="1c2b048e-bf5b-42ee-b154-d55ee52de4ee" testListId="7019c16c-0097-484b-8f8d-32d6b9a6750f" />
    <TestEntry testId="823607ab-cdd9-4f0f-84fa-2df054c5a7b9" executionId="f80e01da-0da4-4ae0-be79-7f13c97d0c32" testListId="7019c16c-0097-484b-8f8d-32d6b9a6750f" />
    <TestEntry testId="c7bfe830-5b52-45ae-a170-99a3ab6edbe4" executionId="2a54df90-664c-40c5-b1e0-424abb8be737" testListId="7019c16c-0097-484b-8f8d-32d6b9a6750f" />
    <TestEntry testId="1304ade2-abd4-4a5c-90b3-06d533eda791" executionId="53295f14-a1bb-445e-ae4f-859a1aafe390" testListId="7019c16c-0097-484b-8f8d-32d6b9a6750f" />
    <TestEntry testId="c5eab493-1947-441b-9d6b-8000a6575433" executionId="a7b29c76-48a3-4c44-a6ef-6ce28ac99c1b" testListId="7019c16c-0097-484b-8f8d-32d6b9a6750f" />
    <TestEntry testId="858c58c9-6df5-4c9b-9d63-4f2f5210ef3b" executionId="1ef03a1a-de6f-485f-8018-eb669fb9b6bc" testListId="7019c16c-0097-484b-8f8d-32d6b9a6750f" />
    <TestEntry testId="3f939f93-858e-4fdc-b2f3-f7f095d8136f" executionId="f23819e2-9671-40d9-be4c-e268da9a4108" testListId="7019c16c-0097-484b-8f8d-32d6b9a6750f" />
    <TestEntry testId="0962c4d9-f482-4aec-a35a-73d1d3d0504c" executionId="ba38dd6a-e205-4661-8c2e-a125c2ad3235" testListId="7019c16c-0097-484b-8f8d-32d6b9a6750f" />
    <TestEntry testId="692cdc22-6ce1-4aa8-b4b6-f51458c3d76b" executionId="2a64df7a-3e11-4e39-9388-0ea6052b7881" testListId="7019c16c-0097-484b-8f8d-32d6b9a6750f" />
    <TestEntry testId="601127a0-f147-45b9-aa1f-e87ff2a2cab2" executionId="b4b11853-d917-4bd6-b6d1-17df0e95750b" testListId="7019c16c-0097-484b-8f8d-32d6b9a6750f" />
    <TestEntry testId="f8aa8fa6-9fbd-450f-88f3-f12dcf415ab1" executionId="84019013-1595-4bf9-b860-753bbfadeed5" testListId="7019c16c-0097-484b-8f8d-32d6b9a6750f" />
    <TestEntry testId="8083c1e7-6b97-4c69-8ccc-30a4674fa37b" executionId="0b6b7591-576c-45f1-9f36-a5cb33071ed6" testListId="7019c16c-0097-484b-8f8d-32d6b9a6750f" />
    <TestEntry testId="10ccfa5a-e68a-4055-90c6-63964423f9bf" executionId="e8d82232-0b61-406f-a36b-6f64c6b80b7b" testListId="7019c16c-0097-484b-8f8d-32d6b9a6750f" />
    <TestEntry testId="b9f42f2d-e046-4749-a1d2-65f6f13fd5d7" executionId="9e4b571f-65de-4719-892b-0190e8a4abcc" testListId="7019c16c-0097-484b-8f8d-32d6b9a6750f" />
    <TestEntry testId="0c7466ef-ae9c-468a-9773-849a03b30c27" executionId="94ccadd4-4339-498b-9ade-9cabd7359eb5" testListId="7019c16c-0097-484b-8f8d-32d6b9a6750f" />
    <TestEntry testId="7a483064-fe9b-45f6-83ea-338ab7fe1eaf" executionId="3a4a7f9a-173d-4b56-893f-adcd2dd3c945" testListId="7019c16c-0097-484b-8f8d-32d6b9a6750f" />
    <TestEntry testId="fdce8868-11c8-454c-9edd-4789cc494725" executionId="b1de0a69-4fc6-43ff-b618-b445ccb7995d" testListId="7019c16c-0097-484b-8f8d-32d6b9a6750f" />
    <TestEntry testId="2b1ef185-b5b2-4b3b-bca2-ac710084ecd2" executionId="be787d74-3d65-4cc0-910a-f69c8ce5294f" testListId="7019c16c-0097-484b-8f8d-32d6b9a6750f" />
    <TestEntry testId="a08dcf08-9800-48c9-958e-612d2532de3f" executionId="d6edb344-c72b-4a16-9c45-43d8bdaccb9c" testListId="7019c16c-0097-484b-8f8d-32d6b9a6750f" />
    <TestEntry testId="7374df48-0a85-436f-8e4f-007cc9f1b7f8" executionId="ab9084d2-5b23-400c-ab37-e2bc1c6c9e68" testListId="7019c16c-0097-484b-8f8d-32d6b9a6750f" />
    <TestEntry testId="da3dac94-9f89-483a-b62f-466d95b35d94" executionId="b05c743d-b28c-4d1f-b15a-63df460df9d8" testListId="7019c16c-0097-484b-8f8d-32d6b9a6750f" />
    <TestEntry testId="f962f16c-0c66-4415-9a0d-1fc61b1467db" executionId="922f01ee-1ce0-407c-8aaf-2741eb28baf4" testListId="7019c16c-0097-484b-8f8d-32d6b9a6750f" />
    <TestEntry testId="c4ae0dd4-d6c1-4781-a9d9-be9f243a9496" executionId="83a37b25-778d-45ac-84d7-c977281a7e75" testListId="7019c16c-0097-484b-8f8d-32d6b9a6750f" />
    <TestEntry testId="94e1d70a-fa9f-42cc-b70b-078c59421bc1" executionId="3e03ffba-4236-45ed-b61f-fd5cebd59610" testListId="7019c16c-0097-484b-8f8d-32d6b9a6750f" />
    <TestEntry testId="0e73974a-8b8d-41df-b324-dc2536e19d6e" executionId="bf1b7607-3ca0-4d9a-802f-649bb8819227" testListId="7019c16c-0097-484b-8f8d-32d6b9a6750f" />
    <TestEntry testId="7e3c463f-c21e-4744-b3cf-4393f74b6f31" executionId="762f1fa1-2f0a-4005-8cb1-200c2f8064fc" testListId="7019c16c-0097-484b-8f8d-32d6b9a6750f" />
    <TestEntry testId="c2851f69-d9ad-4829-b75e-4d461efd5d0a" executionId="287488b2-21a6-4097-b289-c60d40744dfe" testListId="7019c16c-0097-484b-8f8d-32d6b9a6750f" />
    <TestEntry testId="93d5cc4c-df09-4770-8cd7-3e7c2d7bba9a" executionId="a17c6468-5523-4c1e-87b4-ec70feb5d37b" testListId="7019c16c-0097-484b-8f8d-32d6b9a6750f" />
    <TestEntry testId="b3d09433-07eb-4553-8c49-d392d0efed52" executionId="5c877cc9-4710-4d9b-9607-53ef3ac54071" testListId="7019c16c-0097-484b-8f8d-32d6b9a6750f" />
    <TestEntry testId="bad35e8d-4feb-4d85-a26b-76c9ef108909" executionId="bbd3f351-fb56-47aa-9d2d-9864f312e255" testListId="7019c16c-0097-484b-8f8d-32d6b9a6750f" />
    <TestEntry testId="7e8bc2c4-b795-4394-a782-58ffa283d668" executionId="34e70917-5fd9-48d7-9cfc-ddfb044d31d2" testListId="7019c16c-0097-484b-8f8d-32d6b9a6750f" />
    <TestEntry testId="996b3a85-aab8-46a5-bf04-e7ad256402d9" executionId="1d8b3c50-31b6-4cdc-a6c5-90004a9f0ccf" testListId="7019c16c-0097-484b-8f8d-32d6b9a6750f" />
  </TestEntries>
  <TestLists>
    <TestList name="Results Not in a List" id="7019c16c-0097-484b-8f8d-32d6b9a6750f" />
    <TestList name="All Loaded Results" id="a6f972fa-92b3-4f76-b041-d95e5317f901" />
  </TestLists>
</TestRun>