<?xml version="1.0" encoding="UTF-8"?>
<TestRun id="e0d6254a-8813-414f-9f2a-cfbd93839f57" name="Test Run 56" runUser="Oles Galatsan" xmlns="http://microsoft.com/schemas/VisualStudio/TeamTest/2010">
  <Times creation="2025-05-14T13:20:31.3125482Z" queuing="2025-05-14T13:20:31.3125482Z" start="2025-05-14T13:20:31.3146610Z" finish="2025-05-14T13:25:31.3147553Z" />
  <TestSettings name="Test Settings 56" id="a7e0ced0-59cc-402b-b4c7-d8f27af29238" />
  <Results>
    <UnitTestResult executionId="d52394fa-73ab-4a7c-abd5-697cf846e283" testId="ecceb33c-466d-44f0-b4df-2793af6cae2a" testName="Test5501" computerName="UA-LPT-OGA2" duration="00:00:01.2160000" startTime="2025-05-14T13:20:31.3146610Z" endTime="2025-05-14T13:25:31.3147553Z" testType="13cdc9d9-ddb5-4fa4-a97d-d965ccfc6d4b" outcome="Failed" testListId="4765c897-c458-45ca-8593-eaa132f4a501">
      <Output>
        <ErrorInfo>
          <Message>Assertion failed: Expected value did not match actual value.</Message>
          <StackTrace>   at TestNamespace.TestClass.Test() in TestClass.cs:line 292</StackTrace>
        </ErrorInfo>
      </Output>
    </UnitTestResult>
    <UnitTestResult executionId="42790911-e70e-4dc8-911c-3871cdf6d982" testId="1a41d115-d334-4494-9464-2fd7d11b6a25" testName="Test5502" computerName="UA-LPT-OGA2" duration="00:00:01.1870000" startTime="2025-05-14T13:20:31.3146610Z" endTime="2025-05-14T13:25:31.3147553Z" testType="13cdc9d9-ddb5-4fa4-a97d-d965ccfc6d4b" outcome="Failed" testListId="4765c897-c458-45ca-8593-eaa132f4a501">
      <Output>
        <ErrorInfo>
          <Message>Assertion failed: Expected value did not match actual value.</Message>
          <StackTrace>   at TestNamespace.TestClass.Test() in TestClass.cs:line 431</StackTrace>
        </ErrorInfo>
      </Output>
    </UnitTestResult>
    <UnitTestResult executionId="0975e133-8148-4135-a4aa-5a78749109c2" testId="610b056d-9e66-4b80-a7be-cd9c5f640ed3" testName="Test5503" computerName="UA-LPT-OGA2" duration="00:00:00.9780000" startTime="2025-05-14T13:20:31.3146610Z" endTime="2025-05-14T13:25:31.3147553Z" testType="13cdc9d9-ddb5-4fa4-a97d-d965ccfc6d4b" outcome="Passed" testListId="4765c897-c458-45ca-8593-eaa132f4a501" />
    <UnitTestResult executionId="f456bcf5-4007-4eb5-a02c-b1cc9b67882b" testId="8d21a882-c4bd-4d1d-9889-475a610cea81" testName="Test5504" computerName="UA-LPT-OGA2" duration="00:00:00.1580000" startTime="2025-05-14T13:20:31.3146610Z" endTime="2025-05-14T13:25:31.3147553Z" testType="13cdc9d9-ddb5-4fa4-a97d-d965ccfc6d4b" outcome="Passed" testListId="4765c897-c458-45ca-8593-eaa132f4a501" />
    <UnitTestResult executionId="bbabc397-8362-494b-a81a-b19fff9d6309" testId="1daeb681-c976-49d8-9800-394333b38b49" testName="Test5505" computerName="UA-LPT-OGA2" duration="00:00:00.9440000" startTime="2025-05-14T13:20:31.3146610Z" endTime="2025-05-14T13:25:31.3147553Z" testType="13cdc9d9-ddb5-4fa4-a97d-d965ccfc6d4b" outcome="Passed" testListId="4765c897-c458-45ca-8593-eaa132f4a501" />
    <UnitTestResult executionId="6404ac65-b8ee-4bed-abfa-76887f4c60a0" testId="69eb0542-e75a-4c89-b29b-59c4d9799480" testName="Test5506" computerName="UA-LPT-OGA2" duration="00:00:00.3530000" startTime="2025-05-14T13:20:31.3146610Z" endTime="2025-05-14T13:25:31.3147553Z" testType="13cdc9d9-ddb5-4fa4-a97d-d965ccfc6d4b" outcome="Failed" testListId="4765c897-c458-45ca-8593-eaa132f4a501">
      <Output>
        <ErrorInfo>
          <Message>Assertion failed: Expected value did not match actual value.</Message>
          <StackTrace>   at TestNamespace.TestClass.Test() in TestClass.cs:line 156</StackTrace>
        </ErrorInfo>
      </Output>
    </UnitTestResult>
    <UnitTestResult executionId="31774548-792f-4882-a5f4-bde6787d075e" testId="7b516a5d-1567-4ae8-9172-617d763ca387" testName="Test5507" computerName="UA-LPT-OGA2" duration="00:00:01.9650000" startTime="2025-05-14T13:20:31.3146610Z" endTime="2025-05-14T13:25:31.3147553Z" testType="13cdc9d9-ddb5-4fa4-a97d-d965ccfc6d4b" outcome="Passed" testListId="4765c897-c458-45ca-8593-eaa132f4a501" />
    <UnitTestResult executionId="7f0b2a34-4a7d-439a-80b7-57a79de31da4" testId="c20ee3ec-7997-4982-ae8b-18530664babc" testName="Test5508" computerName="UA-LPT-OGA2" duration="00:00:00.9820000" startTime="2025-05-14T13:20:31.3146610Z" endTime="2025-05-14T13:25:31.3147553Z" testType="13cdc9d9-ddb5-4fa4-a97d-d965ccfc6d4b" outcome="Passed" testListId="4765c897-c458-45ca-8593-eaa132f4a501" />
    <UnitTestResult executionId="f79531bf-1f63-4c3d-832c-0ab7fde35ffe" testId="3246a6fc-1978-4547-8ead-139dabfa5a36" testName="Test5509" computerName="UA-LPT-OGA2" duration="00:00:01.1180000" startTime="2025-05-14T13:20:31.3146610Z" endTime="2025-05-14T13:25:31.3147553Z" testType="13cdc9d9-ddb5-4fa4-a97d-d965ccfc6d4b" outcome="Passed" testListId="4765c897-c458-45ca-8593-eaa132f4a501" />
    <UnitTestResult executionId="1a1fb76a-4648-421e-a03c-ffb78cdafc80" testId="371dde79-149d-4076-a145-092202f8e687" testName="Test5510" computerName="UA-LPT-OGA2" duration="00:00:01.9680000" startTime="2025-05-14T13:20:31.3146610Z" endTime="2025-05-14T13:25:31.3147553Z" testType="13cdc9d9-ddb5-4fa4-a97d-d965ccfc6d4b" outcome="Passed" testListId="4765c897-c458-45ca-8593-eaa132f4a501" />
    <UnitTestResult executionId="d9a748d8-71e6-4ab3-8eba-417b4f52972d" testId="b4553a6b-9fbe-4b86-8b6d-d931e3ec4545" testName="Test5511" computerName="UA-LPT-OGA2" duration="00:00:00.4440000" startTime="2025-05-14T13:20:31.3146610Z" endTime="2025-05-14T13:25:31.3147553Z" testType="13cdc9d9-ddb5-4fa4-a97d-d965ccfc6d4b" outcome="Passed" testListId="4765c897-c458-45ca-8593-eaa132f4a501" />
    <UnitTestResult executionId="a7a36ebb-e1b5-4d55-a110-7c2ee6924d54" testId="5376d9a1-0267-4625-8e03-5a93a01c06af" testName="Test5512" computerName="UA-LPT-OGA2" duration="00:00:00.5100000" startTime="2025-05-14T13:20:31.3146610Z" endTime="2025-05-14T13:25:31.3147553Z" testType="13cdc9d9-ddb5-4fa4-a97d-d965ccfc6d4b" outcome="Passed" testListId="4765c897-c458-45ca-8593-eaa132f4a501" />
    <UnitTestResult executionId="17f35b1b-d620-43a8-873f-59f228b5a32c" testId="d1fa5e92-6595-4e22-a637-d7e9e5db4ba2" testName="Test5513" computerName="UA-LPT-OGA2" duration="00:00:01.6870000" startTime="2025-05-14T13:20:31.3146610Z" endTime="2025-05-14T13:25:31.3147553Z" testType="13cdc9d9-ddb5-4fa4-a97d-d965ccfc6d4b" outcome="Passed" testListId="4765c897-c458-45ca-8593-eaa132f4a501" />
    <UnitTestResult executionId="7b863d03-10f4-44c8-adb5-15036dcdaa58" testId="78f535e2-a5fd-4d30-9b33-25ca9b70bf6f" testName="Test5514" computerName="UA-LPT-OGA2" duration="00:00:01.0120000" startTime="2025-05-14T13:20:31.3146610Z" endTime="2025-05-14T13:25:31.3147553Z" testType="13cdc9d9-ddb5-4fa4-a97d-d965ccfc6d4b" outcome="Passed" testListId="4765c897-c458-45ca-8593-eaa132f4a501" />
    <UnitTestResult executionId="b506d74a-a654-4b61-81c7-52ad19bd037b" testId="f160ca16-00fb-4e5c-afab-b6a68af2b24b" testName="Test5515" computerName="UA-LPT-OGA2" duration="00:00:00.8000000" startTime="2025-05-14T13:20:31.3146610Z" endTime="2025-05-14T13:25:31.3147553Z" testType="13cdc9d9-ddb5-4fa4-a97d-d965ccfc6d4b" outcome="Inconclusive" testListId="4765c897-c458-45ca-8593-eaa132f4a501" />
    <UnitTestResult executionId="4d344edc-5360-4eda-9ba5-de15db08248e" testId="7299d699-48c9-4254-be27-d101c49d5277" testName="Test5516" computerName="UA-LPT-OGA2" duration="00:00:01.9390000" startTime="2025-05-14T13:20:31.3146610Z" endTime="2025-05-14T13:25:31.3147553Z" testType="13cdc9d9-ddb5-4fa4-a97d-d965ccfc6d4b" outcome="Failed" testListId="4765c897-c458-45ca-8593-eaa132f4a501">
      <Output>
        <ErrorInfo>
          <Message>Assertion failed: Expected value did not match actual value.</Message>
          <StackTrace>   at TestNamespace.TestClass.Test() in TestClass.cs:line 179</StackTrace>
        </ErrorInfo>
      </Output>
    </UnitTestResult>
    <UnitTestResult executionId="fc823360-daf5-46e5-ad6c-553fc51501b7" testId="8cedc3ef-9d65-44dd-8c9c-baaf5f4d5b5a" testName="Test5517" computerName="UA-LPT-OGA2" duration="00:00:01.5350000" startTime="2025-05-14T13:20:31.3146610Z" endTime="2025-05-14T13:25:31.3147553Z" testType="13cdc9d9-ddb5-4fa4-a97d-d965ccfc6d4b" outcome="Passed" testListId="4765c897-c458-45ca-8593-eaa132f4a501" />
    <UnitTestResult executionId="9186a983-6141-4d35-988a-91cd9f5529a5" testId="5528f63d-f3d5-4204-9cdd-4049d2688a85" testName="Test5518" computerName="UA-LPT-OGA2" duration="00:00:01.9470000" startTime="2025-05-14T13:20:31.3146610Z" endTime="2025-05-14T13:25:31.3147553Z" testType="13cdc9d9-ddb5-4fa4-a97d-d965ccfc6d4b" outcome="Passed" testListId="4765c897-c458-45ca-8593-eaa132f4a501" />
    <UnitTestResult executionId="e637f80f-e0bf-43ff-a4d0-e9894e150809" testId="091f27cb-f704-41ed-a40f-995787f2efbd" testName="Test5519" computerName="UA-LPT-OGA2" duration="00:00:00.5130000" startTime="2025-05-14T13:20:31.3146610Z" endTime="2025-05-14T13:25:31.3147553Z" testType="13cdc9d9-ddb5-4fa4-a97d-d965ccfc6d4b" outcome="Passed" testListId="4765c897-c458-45ca-8593-eaa132f4a501" />
    <UnitTestResult executionId="88b4a970-172f-45a1-9b08-4b389558125c" testId="9bcd7f6e-0f01-4d31-8d4e-46a314721d45" testName="Test5520" computerName="UA-LPT-OGA2" duration="00:00:00.9240000" startTime="2025-05-14T13:20:31.3146610Z" endTime="2025-05-14T13:25:31.3147553Z" testType="13cdc9d9-ddb5-4fa4-a97d-d965ccfc6d4b" outcome="Passed" testListId="4765c897-c458-45ca-8593-eaa132f4a501" />
    <UnitTestResult executionId="870d1663-5073-4765-87cc-415b0ea88f37" testId="ea8d8dde-3a66-4f9d-8972-3e765088cc92" testName="Test5521" computerName="UA-LPT-OGA2" duration="00:00:01.0920000" startTime="2025-05-14T13:20:31.3146610Z" endTime="2025-05-14T13:25:31.3147553Z" testType="13cdc9d9-ddb5-4fa4-a97d-d965ccfc6d4b" outcome="Passed" testListId="4765c897-c458-45ca-8593-eaa132f4a501" />
    <UnitTestResult executionId="e98c9ecb-e5ba-47ce-90c1-b043a413aeba" testId="64c514f5-4e30-4421-9f33-dca227e4dbb9" testName="Test5522" computerName="UA-LPT-OGA2" duration="00:00:00.3520000" startTime="2025-05-14T13:20:31.3146610Z" endTime="2025-05-14T13:25:31.3147553Z" testType="13cdc9d9-ddb5-4fa4-a97d-d965ccfc6d4b" outcome="Passed" testListId="4765c897-c458-45ca-8593-eaa132f4a501" />
    <UnitTestResult executionId="533f7c3a-9e2b-4f72-a583-5d663d7ef07a" testId="1ea1afa1-5172-4011-b723-f12b1eb37ba9" testName="Test5523" computerName="UA-LPT-OGA2" duration="00:00:00.2050000" startTime="2025-05-14T13:20:31.3146610Z" endTime="2025-05-14T13:25:31.3147553Z" testType="13cdc9d9-ddb5-4fa4-a97d-d965ccfc6d4b" outcome="Passed" testListId="4765c897-c458-45ca-8593-eaa132f4a501" />
    <UnitTestResult executionId="8065a130-5711-4f21-bbde-175a0a81274f" testId="f73d0c1f-fab0-4cbd-a689-02a836018ed5" testName="Test5524" computerName="UA-LPT-OGA2" duration="00:00:01.1120000" startTime="2025-05-14T13:20:31.3146610Z" endTime="2025-05-14T13:25:31.3147553Z" testType="13cdc9d9-ddb5-4fa4-a97d-d965ccfc6d4b" outcome="Passed" testListId="4765c897-c458-45ca-8593-eaa132f4a501" />
    <UnitTestResult executionId="016920ad-89d8-49bd-a1cd-e099840dc49e" testId="e0138beb-b330-4f97-a609-6c244347a751" testName="Test5525" computerName="UA-LPT-OGA2" duration="00:00:01.9960000" startTime="2025-05-14T13:20:31.3146610Z" endTime="2025-05-14T13:25:31.3147553Z" testType="13cdc9d9-ddb5-4fa4-a97d-d965ccfc6d4b" outcome="Passed" testListId="4765c897-c458-45ca-8593-eaa132f4a501" />
    <UnitTestResult executionId="d3a494ed-d634-4560-ada8-e20034dd9458" testId="055482ce-db2a-4d61-9975-e0bb20736535" testName="Test5526" computerName="UA-LPT-OGA2" duration="00:00:01.6630000" startTime="2025-05-14T13:20:31.3146610Z" endTime="2025-05-14T13:25:31.3147553Z" testType="13cdc9d9-ddb5-4fa4-a97d-d965ccfc6d4b" outcome="Passed" testListId="4765c897-c458-45ca-8593-eaa132f4a501" />
    <UnitTestResult executionId="1f60bd33-edda-45ff-bd9e-c9d170b21275" testId="cb670405-5194-42c0-be44-c21718df8d5f" testName="Test5527" computerName="UA-LPT-OGA2" duration="00:00:00.6360000" startTime="2025-05-14T13:20:31.3146610Z" endTime="2025-05-14T13:25:31.3147553Z" testType="13cdc9d9-ddb5-4fa4-a97d-d965ccfc6d4b" outcome="Failed" testListId="4765c897-c458-45ca-8593-eaa132f4a501">
      <Output>
        <ErrorInfo>
          <Message>Assertion failed: Expected value did not match actual value.</Message>
          <StackTrace>   at TestNamespace.TestClass.Test() in TestClass.cs:line 97</StackTrace>
        </ErrorInfo>
      </Output>
    </UnitTestResult>
    <UnitTestResult executionId="b6988887-450a-4c23-a441-579579c634d6" testId="f2595467-c877-41fe-8e57-0a01831fcc91" testName="Test5528" computerName="UA-LPT-OGA2" duration="00:00:00.0820000" startTime="2025-05-14T13:20:31.3146610Z" endTime="2025-05-14T13:25:31.3147553Z" testType="13cdc9d9-ddb5-4fa4-a97d-d965ccfc6d4b" outcome="Passed" testListId="4765c897-c458-45ca-8593-eaa132f4a501" />
    <UnitTestResult executionId="e040781f-1056-4eda-9301-cad73c282fa8" testId="0fa8cda8-669e-413e-b50e-e422de85a247" testName="Test5529" computerName="UA-LPT-OGA2" duration="00:00:00.2520000" startTime="2025-05-14T13:20:31.3146610Z" endTime="2025-05-14T13:25:31.3147553Z" testType="13cdc9d9-ddb5-4fa4-a97d-d965ccfc6d4b" outcome="Passed" testListId="4765c897-c458-45ca-8593-eaa132f4a501" />
    <UnitTestResult executionId="9574def4-4a4e-49c8-8b11-d82a8bd47f58" testId="b1b8141f-ebb8-4743-84e4-45b1f3ce29e0" testName="Test5530" computerName="UA-LPT-OGA2" duration="00:00:00.1180000" startTime="2025-05-14T13:20:31.3146610Z" endTime="2025-05-14T13:25:31.3147553Z" testType="13cdc9d9-ddb5-4fa4-a97d-d965ccfc6d4b" outcome="Passed" testListId="4765c897-c458-45ca-8593-eaa132f4a501" />
    <UnitTestResult executionId="b417c9b2-cd1d-49a8-919f-3d718e5c4ac0" testId="15c68b24-bcb4-49f6-acfc-68f3e30b855c" testName="Test5531" computerName="UA-LPT-OGA2" duration="00:00:00.1330000" startTime="2025-05-14T13:20:31.3146610Z" endTime="2025-05-14T13:25:31.3147553Z" testType="13cdc9d9-ddb5-4fa4-a97d-d965ccfc6d4b" outcome="Passed" testListId="4765c897-c458-45ca-8593-eaa132f4a501" />
    <UnitTestResult executionId="bde7ec14-0aeb-4ed9-8b7d-119dfb9a8183" testId="eada8250-caff-45a8-9d48-8674dbf69483" testName="Test5532" computerName="UA-LPT-OGA2" duration="00:00:01.7110000" startTime="2025-05-14T13:20:31.3146610Z" endTime="2025-05-14T13:25:31.3147553Z" testType="13cdc9d9-ddb5-4fa4-a97d-d965ccfc6d4b" outcome="Passed" testListId="4765c897-c458-45ca-8593-eaa132f4a501" />
    <UnitTestResult executionId="51c9480f-70a4-4dc9-a535-5d337ca10f1f" testId="3919d81b-c164-4d95-8588-c7818190b63f" testName="Test5533" computerName="UA-LPT-OGA2" duration="00:00:00.1320000" startTime="2025-05-14T13:20:31.3146610Z" endTime="2025-05-14T13:25:31.3147553Z" testType="13cdc9d9-ddb5-4fa4-a97d-d965ccfc6d4b" outcome="Passed" testListId="4765c897-c458-45ca-8593-eaa132f4a501" />
    <UnitTestResult executionId="959f895d-e191-41e0-82e0-4b5dcdc311e5" testId="e489cac8-6139-46e5-9806-ad9a85e32120" testName="Test5534" computerName="UA-LPT-OGA2" duration="00:00:01.1730000" startTime="2025-05-14T13:20:31.3146610Z" endTime="2025-05-14T13:25:31.3147553Z" testType="13cdc9d9-ddb5-4fa4-a97d-d965ccfc6d4b" outcome="Passed" testListId="4765c897-c458-45ca-8593-eaa132f4a501" />
    <UnitTestResult executionId="39e1ad70-62ce-4bb0-a198-e236e7cf8176" testId="5692b661-da0e-4871-9729-4fd7c816d593" testName="Test5535" computerName="UA-LPT-OGA2" duration="00:00:01.5920000" startTime="2025-05-14T13:20:31.3146610Z" endTime="2025-05-14T13:25:31.3147553Z" testType="13cdc9d9-ddb5-4fa4-a97d-d965ccfc6d4b" outcome="Passed" testListId="4765c897-c458-45ca-8593-eaa132f4a501" />
    <UnitTestResult executionId="a34a7455-f03f-4f31-9566-b001b233381d" testId="c36eafa5-4e02-4e27-8f1f-90d677c3e762" testName="Test5536" computerName="UA-LPT-OGA2" duration="00:00:00.9290000" startTime="2025-05-14T13:20:31.3146610Z" endTime="2025-05-14T13:25:31.3147553Z" testType="13cdc9d9-ddb5-4fa4-a97d-d965ccfc6d4b" outcome="Passed" testListId="4765c897-c458-45ca-8593-eaa132f4a501" />
    <UnitTestResult executionId="453c8eec-ed35-469b-bb56-0d079d3cf421" testId="03fbfd58-1b24-4dab-a7b0-197c25ad6832" testName="Test5537" computerName="UA-LPT-OGA2" duration="00:00:00.5230000" startTime="2025-05-14T13:20:31.3146610Z" endTime="2025-05-14T13:25:31.3147553Z" testType="13cdc9d9-ddb5-4fa4-a97d-d965ccfc6d4b" outcome="Passed" testListId="4765c897-c458-45ca-8593-eaa132f4a501" />
    <UnitTestResult executionId="5f256b51-933a-43bc-be65-20bc06182390" testId="372cafc5-a451-46a5-ab6d-e275dd8ae26e" testName="Test5538" computerName="UA-LPT-OGA2" duration="00:00:01.0320000" startTime="2025-05-14T13:20:31.3146610Z" endTime="2025-05-14T13:25:31.3147553Z" testType="13cdc9d9-ddb5-4fa4-a97d-d965ccfc6d4b" outcome="Passed" testListId="4765c897-c458-45ca-8593-eaa132f4a501" />
    <UnitTestResult executionId="e1e93b1d-f5fd-49cb-91b7-78ac778ca5f9" testId="64c5aa38-ca56-496b-a3cd-34a554f3575f" testName="Test5539" computerName="UA-LPT-OGA2" duration="00:00:00.0400000" startTime="2025-05-14T13:20:31.3146610Z" endTime="2025-05-14T13:25:31.3147553Z" testType="13cdc9d9-ddb5-4fa4-a97d-d965ccfc6d4b" outcome="Passed" testListId="4765c897-c458-45ca-8593-eaa132f4a501" />
    <UnitTestResult executionId="d3417583-09c1-4b1f-816e-f45cb120de62" testId="63d03e69-849a-415d-bb09-1d501d59d539" testName="Test5540" computerName="UA-LPT-OGA2" duration="00:00:00.1300000" startTime="2025-05-14T13:20:31.3146610Z" endTime="2025-05-14T13:25:31.3147553Z" testType="13cdc9d9-ddb5-4fa4-a97d-d965ccfc6d4b" outcome="Passed" testListId="4765c897-c458-45ca-8593-eaa132f4a501" />
    <UnitTestResult executionId="fb84506c-527b-4df3-a8de-a7287378bf8f" testId="398f9811-2607-4a80-9f25-8e7c2edeaa08" testName="Test5541" computerName="UA-LPT-OGA2" duration="00:00:01.4410000" startTime="2025-05-14T13:20:31.3146610Z" endTime="2025-05-14T13:25:31.3147553Z" testType="13cdc9d9-ddb5-4fa4-a97d-d965ccfc6d4b" outcome="Passed" testListId="4765c897-c458-45ca-8593-eaa132f4a501" />
    <UnitTestResult executionId="1d6e872f-25c9-4be3-ae01-7b4e9d5db108" testId="361821ec-c0f9-4c31-a0f3-b0099339e507" testName="Test5542" computerName="UA-LPT-OGA2" duration="00:00:01.9660000" startTime="2025-05-14T13:20:31.3146610Z" endTime="2025-05-14T13:25:31.3147553Z" testType="13cdc9d9-ddb5-4fa4-a97d-d965ccfc6d4b" outcome="Passed" testListId="4765c897-c458-45ca-8593-eaa132f4a501" />
    <UnitTestResult executionId="da59db74-b52a-44a4-8602-1d563a1c8106" testId="e64b69c6-a5dd-463c-8366-cea12d521b63" testName="Test5543" computerName="UA-LPT-OGA2" duration="00:00:01.7380000" startTime="2025-05-14T13:20:31.3146610Z" endTime="2025-05-14T13:25:31.3147553Z" testType="13cdc9d9-ddb5-4fa4-a97d-d965ccfc6d4b" outcome="Failed" testListId="4765c897-c458-45ca-8593-eaa132f4a501">
      <Output>
        <ErrorInfo>
          <Message>Assertion failed: Expected value did not match actual value.</Message>
          <StackTrace>   at TestNamespace.TestClass.Test() in TestClass.cs:line 479</StackTrace>
        </ErrorInfo>
      </Output>
    </UnitTestResult>
    <UnitTestResult executionId="0bf0ada3-6487-4e1d-97d2-42d7203a9736" testId="8cd03dc5-96f9-4423-be16-9a737440a26f" testName="Test5544" computerName="UA-LPT-OGA2" duration="00:00:00.6050000" startTime="2025-05-14T13:20:31.3146610Z" endTime="2025-05-14T13:25:31.3147553Z" testType="13cdc9d9-ddb5-4fa4-a97d-d965ccfc6d4b" outcome="Passed" testListId="4765c897-c458-45ca-8593-eaa132f4a501" />
    <UnitTestResult executionId="997c2318-dfe0-406f-b305-eaf8f9b7fedf" testId="53dca62a-7319-4dce-841f-e82fd5bd4b18" testName="Test5545" computerName="UA-LPT-OGA2" duration="00:00:00.4740000" startTime="2025-05-14T13:20:31.3146610Z" endTime="2025-05-14T13:25:31.3147553Z" testType="13cdc9d9-ddb5-4fa4-a97d-d965ccfc6d4b" outcome="Passed" testListId="4765c897-c458-45ca-8593-eaa132f4a501" />
    <UnitTestResult executionId="762fa720-28ca-4b8c-a43f-a55c1957a925" testId="ce390b34-d07d-4ace-9b11-dadbd298fe98" testName="Test5546" computerName="UA-LPT-OGA2" duration="00:00:00.0620000" startTime="2025-05-14T13:20:31.3146610Z" endTime="2025-05-14T13:25:31.3147553Z" testType="13cdc9d9-ddb5-4fa4-a97d-d965ccfc6d4b" outcome="Passed" testListId="4765c897-c458-45ca-8593-eaa132f4a501" />
    <UnitTestResult executionId="dfd52a33-bcf1-42c2-affa-d493a122fbe7" testId="815462d3-05c8-4d91-aab6-218d0c782ca8" testName="Test5547" computerName="UA-LPT-OGA2" duration="00:00:00.5790000" startTime="2025-05-14T13:20:31.3146610Z" endTime="2025-05-14T13:25:31.3147553Z" testType="13cdc9d9-ddb5-4fa4-a97d-d965ccfc6d4b" outcome="Failed" testListId="4765c897-c458-45ca-8593-eaa132f4a501">
      <Output>
        <ErrorInfo>
          <Message>Assertion failed: Expected value did not match actual value.</Message>
          <StackTrace>   at TestNamespace.TestClass.Test() in TestClass.cs:line 289</StackTrace>
        </ErrorInfo>
      </Output>
    </UnitTestResult>
    <UnitTestResult executionId="1ba53066-6a21-4280-b59b-7101c67114d8" testId="ba79bcc3-18a0-4e06-ba01-49f833f5f101" testName="Test5548" computerName="UA-LPT-OGA2" duration="00:00:01.1090000" startTime="2025-05-14T13:20:31.3146610Z" endTime="2025-05-14T13:25:31.3147553Z" testType="13cdc9d9-ddb5-4fa4-a97d-d965ccfc6d4b" outcome="Inconclusive" testListId="4765c897-c458-45ca-8593-eaa132f4a501" />
    <UnitTestResult executionId="6f4e5fb7-3a47-4a41-a0db-d384a81ee9f3" testId="caba8e78-fb19-4e68-b995-30b04b4e4ad4" testName="Test5549" computerName="UA-LPT-OGA2" duration="00:00:00.9480000" startTime="2025-05-14T13:20:31.3146610Z" endTime="2025-05-14T13:25:31.3147553Z" testType="13cdc9d9-ddb5-4fa4-a97d-d965ccfc6d4b" outcome="Passed" testListId="4765c897-c458-45ca-8593-eaa132f4a501" />
    <UnitTestResult executionId="afa34536-021a-443c-b800-bc01a9733edf" testId="be4c07b8-60dd-4ac6-afd9-d0a7f3a8e4e0" testName="Test5550" computerName="UA-LPT-OGA2" duration="00:00:01.0650000" startTime="2025-05-14T13:20:31.3146610Z" endTime="2025-05-14T13:25:31.3147553Z" testType="13cdc9d9-ddb5-4fa4-a97d-d965ccfc6d4b" outcome="Passed" testListId="4765c897-c458-45ca-8593-eaa132f4a501" />
    <UnitTestResult executionId="b02e394f-ac47-4662-b23a-5a85967c19a8" testId="7a8648bf-e4ba-4723-872a-ec5d2ed6087e" testName="Test5551" computerName="UA-LPT-OGA2" duration="00:00:00.5030000" startTime="2025-05-14T13:20:31.3146610Z" endTime="2025-05-14T13:25:31.3147553Z" testType="13cdc9d9-ddb5-4fa4-a97d-d965ccfc6d4b" outcome="Passed" testListId="4765c897-c458-45ca-8593-eaa132f4a501" />
    <UnitTestResult executionId="33480b3e-f67f-47c9-9252-ec1da5ce5de9" testId="34666cb7-84e3-43a8-be38-fe77c730d756" testName="Test5552" computerName="UA-LPT-OGA2" duration="00:00:01.7750000" startTime="2025-05-14T13:20:31.3146610Z" endTime="2025-05-14T13:25:31.3147553Z" testType="13cdc9d9-ddb5-4fa4-a97d-d965ccfc6d4b" outcome="Passed" testListId="4765c897-c458-45ca-8593-eaa132f4a501" />
    <UnitTestResult executionId="13db6a50-0324-416c-9d95-917a4af50290" testId="fb87c051-ef51-4217-8feb-c269d5ecced9" testName="Test5553" computerName="UA-LPT-OGA2" duration="00:00:01.3610000" startTime="2025-05-14T13:20:31.3146610Z" endTime="2025-05-14T13:25:31.3147553Z" testType="13cdc9d9-ddb5-4fa4-a97d-d965ccfc6d4b" outcome="Passed" testListId="4765c897-c458-45ca-8593-eaa132f4a501" />
    <UnitTestResult executionId="e19fa58b-aaba-4085-bf22-6ad71d148759" testId="35028511-7e38-41fb-9904-446f4a583101" testName="Test5554" computerName="UA-LPT-OGA2" duration="00:00:00.0530000" startTime="2025-05-14T13:20:31.3146610Z" endTime="2025-05-14T13:25:31.3147553Z" testType="13cdc9d9-ddb5-4fa4-a97d-d965ccfc6d4b" outcome="Passed" testListId="4765c897-c458-45ca-8593-eaa132f4a501" />
    <UnitTestResult executionId="cef30649-233f-44a8-bd70-24efb7201e83" testId="2d35c156-0742-4101-8620-d85d81db7dd5" testName="Test5555" computerName="UA-LPT-OGA2" duration="00:00:00.8050000" startTime="2025-05-14T13:20:31.3146610Z" endTime="2025-05-14T13:25:31.3147553Z" testType="13cdc9d9-ddb5-4fa4-a97d-d965ccfc6d4b" outcome="Passed" testListId="4765c897-c458-45ca-8593-eaa132f4a501" />
    <UnitTestResult executionId="9087df49-02f5-4bd9-9a58-55b52d1d7380" testId="5a74857c-ff55-4088-8b49-5f23d6c8c361" testName="Test5556" computerName="UA-LPT-OGA2" duration="00:00:01.1940000" startTime="2025-05-14T13:20:31.3146610Z" endTime="2025-05-14T13:25:31.3147553Z" testType="13cdc9d9-ddb5-4fa4-a97d-d965ccfc6d4b" outcome="Passed" testListId="4765c897-c458-45ca-8593-eaa132f4a501" />
    <UnitTestResult executionId="03888b73-bbb5-481a-bd66-9a0b8359f86b" testId="f91b5266-92f1-46bf-956f-1d909c4995ec" testName="Test5557" computerName="UA-LPT-OGA2" duration="00:00:01.8620000" startTime="2025-05-14T13:20:31.3146610Z" endTime="2025-05-14T13:25:31.3147553Z" testType="13cdc9d9-ddb5-4fa4-a97d-d965ccfc6d4b" outcome="Passed" testListId="4765c897-c458-45ca-8593-eaa132f4a501" />
    <UnitTestResult executionId="0edd418c-ef64-4476-87d9-956235a82247" testId="a4821f72-b518-4385-b92d-c21cf180e86a" testName="Test5558" computerName="UA-LPT-OGA2" duration="00:00:01.3930000" startTime="2025-05-14T13:20:31.3146610Z" endTime="2025-05-14T13:25:31.3147553Z" testType="13cdc9d9-ddb5-4fa4-a97d-d965ccfc6d4b" outcome="Passed" testListId="4765c897-c458-45ca-8593-eaa132f4a501" />
    <UnitTestResult executionId="3c392978-a3a4-4908-a148-fa936285c7b8" testId="3d003ac7-3989-4859-b1b4-11299ab5a9c3" testName="Test5559" computerName="UA-LPT-OGA2" duration="00:00:01.0690000" startTime="2025-05-14T13:20:31.3146610Z" endTime="2025-05-14T13:25:31.3147553Z" testType="13cdc9d9-ddb5-4fa4-a97d-d965ccfc6d4b" outcome="Passed" testListId="4765c897-c458-45ca-8593-eaa132f4a501" />
    <UnitTestResult executionId="f60a5b18-6b08-425f-91bd-0b0b1dd1bfdf" testId="f415f05a-a5ff-4a49-857f-4753db3d0622" testName="Test5560" computerName="UA-LPT-OGA2" duration="00:00:01.1990000" startTime="2025-05-14T13:20:31.3146610Z" endTime="2025-05-14T13:25:31.3147553Z" testType="13cdc9d9-ddb5-4fa4-a97d-d965ccfc6d4b" outcome="Passed" testListId="4765c897-c458-45ca-8593-eaa132f4a501" />
    <UnitTestResult executionId="ca7e8846-837d-45ec-9d35-99723c06ae45" testId="8a087591-821b-4225-a63e-574c220999d1" testName="Test5561" computerName="UA-LPT-OGA2" duration="00:00:00.7920000" startTime="2025-05-14T13:20:31.3146610Z" endTime="2025-05-14T13:25:31.3147553Z" testType="13cdc9d9-ddb5-4fa4-a97d-d965ccfc6d4b" outcome="Passed" testListId="4765c897-c458-45ca-8593-eaa132f4a501" />
    <UnitTestResult executionId="5acb62c1-3791-4eaf-9de7-ce18470b585c" testId="6784ed6f-af99-49b5-aa60-d6fa1098d6e9" testName="Test5562" computerName="UA-LPT-OGA2" duration="00:00:00.3640000" startTime="2025-05-14T13:20:31.3146610Z" endTime="2025-05-14T13:25:31.3147553Z" testType="13cdc9d9-ddb5-4fa4-a97d-d965ccfc6d4b" outcome="Passed" testListId="4765c897-c458-45ca-8593-eaa132f4a501" />
    <UnitTestResult executionId="7abdcd6d-9885-4257-bb6f-8069a6cce1b4" testId="db208e6e-764b-42a1-b812-8dadc59dd0ad" testName="Test5563" computerName="UA-LPT-OGA2" duration="00:00:01.9850000" startTime="2025-05-14T13:20:31.3146610Z" endTime="2025-05-14T13:25:31.3147553Z" testType="13cdc9d9-ddb5-4fa4-a97d-d965ccfc6d4b" outcome="Passed" testListId="4765c897-c458-45ca-8593-eaa132f4a501" />
    <UnitTestResult executionId="49712bd5-cfda-4930-a59d-fef52b9d7834" testId="b0d1e0cc-11de-4fa2-8b5f-6b58b2af9567" testName="Test5564" computerName="UA-LPT-OGA2" duration="00:00:01.3680000" startTime="2025-05-14T13:20:31.3146610Z" endTime="2025-05-14T13:25:31.3147553Z" testType="13cdc9d9-ddb5-4fa4-a97d-d965ccfc6d4b" outcome="Passed" testListId="4765c897-c458-45ca-8593-eaa132f4a501" />
    <UnitTestResult executionId="0b19e882-acc9-495f-9c9a-eb68e6003c5d" testId="e5a724d2-cfa3-46bf-be9d-8e8c42e00cfe" testName="Test5565" computerName="UA-LPT-OGA2" duration="00:00:01.4830000" startTime="2025-05-14T13:20:31.3146610Z" endTime="2025-05-14T13:25:31.3147553Z" testType="13cdc9d9-ddb5-4fa4-a97d-d965ccfc6d4b" outcome="Passed" testListId="4765c897-c458-45ca-8593-eaa132f4a501" />
    <UnitTestResult executionId="025afbe8-5d33-4b3b-8cda-735f8d799ff3" testId="a249c7b0-2b75-421d-98f3-0bbed9b3022a" testName="Test5566" computerName="UA-LPT-OGA2" duration="00:00:00.5270000" startTime="2025-05-14T13:20:31.3146610Z" endTime="2025-05-14T13:25:31.3147553Z" testType="13cdc9d9-ddb5-4fa4-a97d-d965ccfc6d4b" outcome="Passed" testListId="4765c897-c458-45ca-8593-eaa132f4a501" />
    <UnitTestResult executionId="8d07d8c8-7540-4d41-aa87-e24708dde995" testId="012306e4-767a-4dc0-b100-a52e3b823441" testName="Test5567" computerName="UA-LPT-OGA2" duration="00:00:01.1610000" startTime="2025-05-14T13:20:31.3146610Z" endTime="2025-05-14T13:25:31.3147553Z" testType="13cdc9d9-ddb5-4fa4-a97d-d965ccfc6d4b" outcome="Failed" testListId="4765c897-c458-45ca-8593-eaa132f4a501">
      <Output>
        <ErrorInfo>
          <Message>Assertion failed: Expected value did not match actual value.</Message>
          <StackTrace>   at TestNamespace.TestClass.Test() in TestClass.cs:line 146</StackTrace>
        </ErrorInfo>
      </Output>
    </UnitTestResult>
    <UnitTestResult executionId="ad6f2be5-2297-458e-bc9e-260a5e68740d" testId="1a11774b-0d24-440c-9605-5aea69dda270" testName="Test5568" computerName="UA-LPT-OGA2" duration="00:00:01.8420000" startTime="2025-05-14T13:20:31.3146610Z" endTime="2025-05-14T13:25:31.3147553Z" testType="13cdc9d9-ddb5-4fa4-a97d-d965ccfc6d4b" outcome="Passed" testListId="4765c897-c458-45ca-8593-eaa132f4a501" />
    <UnitTestResult executionId="83412eed-19d4-443c-be23-0f302a4f84bb" testId="894ac0db-dd6b-4818-9cb4-76801ce5c79c" testName="Test5569" computerName="UA-LPT-OGA2" duration="00:00:01.8050000" startTime="2025-05-14T13:20:31.3146610Z" endTime="2025-05-14T13:25:31.3147553Z" testType="13cdc9d9-ddb5-4fa4-a97d-d965ccfc6d4b" outcome="Passed" testListId="4765c897-c458-45ca-8593-eaa132f4a501" />
    <UnitTestResult executionId="6b0def2f-4dcc-48a2-8cc0-ae9acd85cc94" testId="7fe03605-181d-431a-b201-3538b87de24a" testName="Test5570" computerName="UA-LPT-OGA2" duration="00:00:01.4380000" startTime="2025-05-14T13:20:31.3146610Z" endTime="2025-05-14T13:25:31.3147553Z" testType="13cdc9d9-ddb5-4fa4-a97d-d965ccfc6d4b" outcome="Passed" testListId="4765c897-c458-45ca-8593-eaa132f4a501" />
    <UnitTestResult executionId="091ee6ed-643a-49aa-910d-8994ecceaf4d" testId="45ce98ca-6a27-4f43-8633-af1b09b3f868" testName="Test5571" computerName="UA-LPT-OGA2" duration="00:00:01.6040000" startTime="2025-05-14T13:20:31.3146610Z" endTime="2025-05-14T13:25:31.3147553Z" testType="13cdc9d9-ddb5-4fa4-a97d-d965ccfc6d4b" outcome="Passed" testListId="4765c897-c458-45ca-8593-eaa132f4a501" />
    <UnitTestResult executionId="a4b3fc35-a9a2-498c-9345-c3ea1b5844ac" testId="c5fce99e-3105-431d-97b5-c8ade2b13f63" testName="Test5572" computerName="UA-LPT-OGA2" duration="00:00:00.1630000" startTime="2025-05-14T13:20:31.3146610Z" endTime="2025-05-14T13:25:31.3147553Z" testType="13cdc9d9-ddb5-4fa4-a97d-d965ccfc6d4b" outcome="Passed" testListId="4765c897-c458-45ca-8593-eaa132f4a501" />
    <UnitTestResult executionId="f750554e-8573-422e-ac82-438254e409c4" testId="e8df4bab-9f26-4beb-8c87-b6db6fa23b8f" testName="Test5573" computerName="UA-LPT-OGA2" duration="00:00:00.3240000" startTime="2025-05-14T13:20:31.3146610Z" endTime="2025-05-14T13:25:31.3147553Z" testType="13cdc9d9-ddb5-4fa4-a97d-d965ccfc6d4b" outcome="Passed" testListId="4765c897-c458-45ca-8593-eaa132f4a501" />
    <UnitTestResult executionId="a90842a1-270b-4f82-ac0e-8b234137e7b1" testId="a7e25d9c-34f1-4192-99ff-c06ebda2d83b" testName="Test5574" computerName="UA-LPT-OGA2" duration="00:00:01.4320000" startTime="2025-05-14T13:20:31.3146610Z" endTime="2025-05-14T13:25:31.3147553Z" testType="13cdc9d9-ddb5-4fa4-a97d-d965ccfc6d4b" outcome="Passed" testListId="4765c897-c458-45ca-8593-eaa132f4a501" />
    <UnitTestResult executionId="a369514d-f497-4b2e-83cc-60ba35c35658" testId="90abac62-519f-4357-991d-6c7a2f733762" testName="Test5575" computerName="UA-LPT-OGA2" duration="00:00:00.6640000" startTime="2025-05-14T13:20:31.3146610Z" endTime="2025-05-14T13:25:31.3147553Z" testType="13cdc9d9-ddb5-4fa4-a97d-d965ccfc6d4b" outcome="Passed" testListId="4765c897-c458-45ca-8593-eaa132f4a501" />
    <UnitTestResult executionId="9afec1a8-786c-4062-ac90-ea469dbfd6d2" testId="a492a9ed-10dc-4233-93c1-49479c78f6e1" testName="Test5576" computerName="UA-LPT-OGA2" duration="00:00:00.8300000" startTime="2025-05-14T13:20:31.3146610Z" endTime="2025-05-14T13:25:31.3147553Z" testType="13cdc9d9-ddb5-4fa4-a97d-d965ccfc6d4b" outcome="Failed" testListId="4765c897-c458-45ca-8593-eaa132f4a501">
      <Output>
        <ErrorInfo>
          <Message>Assertion failed: Expected value did not match actual value.</Message>
          <StackTrace>   at TestNamespace.TestClass.Test() in TestClass.cs:line 470</StackTrace>
        </ErrorInfo>
      </Output>
    </UnitTestResult>
    <UnitTestResult executionId="961317f8-e7de-465c-95aa-043d111b3641" testId="38657bf8-07f7-4cce-a4f4-3905c5663d37" testName="Test5577" computerName="UA-LPT-OGA2" duration="00:00:00.1600000" startTime="2025-05-14T13:20:31.3146610Z" endTime="2025-05-14T13:25:31.3147553Z" testType="13cdc9d9-ddb5-4fa4-a97d-d965ccfc6d4b" outcome="Passed" testListId="4765c897-c458-45ca-8593-eaa132f4a501" />
    <UnitTestResult executionId="e8f73fd6-798a-461c-988c-b4126a17c69e" testId="e825b9f1-7f4b-4ef0-a214-c041ac4fca18" testName="Test5578" computerName="UA-LPT-OGA2" duration="00:00:00.2240000" startTime="2025-05-14T13:20:31.3146610Z" endTime="2025-05-14T13:25:31.3147553Z" testType="13cdc9d9-ddb5-4fa4-a97d-d965ccfc6d4b" outcome="Passed" testListId="4765c897-c458-45ca-8593-eaa132f4a501" />
    <UnitTestResult executionId="b6f1d5f0-184a-42be-9822-2a2bb7c58071" testId="03b66868-f2dd-49a1-b0bd-285b804f0baa" testName="Test5579" computerName="UA-LPT-OGA2" duration="00:00:00.3470000" startTime="2025-05-14T13:20:31.3146610Z" endTime="2025-05-14T13:25:31.3147553Z" testType="13cdc9d9-ddb5-4fa4-a97d-d965ccfc6d4b" outcome="Passed" testListId="4765c897-c458-45ca-8593-eaa132f4a501" />
    <UnitTestResult executionId="f10d038d-e6a0-482c-92e9-27fa1e545148" testId="315db966-fd8e-45b4-ad83-be81414919e0" testName="Test5580" computerName="UA-LPT-OGA2" duration="00:00:01.4920000" startTime="2025-05-14T13:20:31.3146610Z" endTime="2025-05-14T13:25:31.3147553Z" testType="13cdc9d9-ddb5-4fa4-a97d-d965ccfc6d4b" outcome="Passed" testListId="4765c897-c458-45ca-8593-eaa132f4a501" />
    <UnitTestResult executionId="b70f989c-addf-4ba7-947a-06b8c9c3f337" testId="530228df-d899-4e80-8c59-d17d10c7545a" testName="Test5581" computerName="UA-LPT-OGA2" duration="00:00:01.8120000" startTime="2025-05-14T13:20:31.3146610Z" endTime="2025-05-14T13:25:31.3147553Z" testType="13cdc9d9-ddb5-4fa4-a97d-d965ccfc6d4b" outcome="Passed" testListId="4765c897-c458-45ca-8593-eaa132f4a501" />
    <UnitTestResult executionId="dc8dc61e-b024-4988-9b0e-fef3da1101cd" testId="bac531ab-a68b-4839-9e0c-b6377ed5a18b" testName="Test5582" computerName="UA-LPT-OGA2" duration="00:00:01.3890000" startTime="2025-05-14T13:20:31.3146610Z" endTime="2025-05-14T13:25:31.3147553Z" testType="13cdc9d9-ddb5-4fa4-a97d-d965ccfc6d4b" outcome="Passed" testListId="4765c897-c458-45ca-8593-eaa132f4a501" />
    <UnitTestResult executionId="a5535762-0336-40ac-aa41-2a1f52320d9e" testId="49a3064b-0056-4298-8ce4-388dc7cfa88a" testName="Test5583" computerName="UA-LPT-OGA2" duration="00:00:01.6290000" startTime="2025-05-14T13:20:31.3146610Z" endTime="2025-05-14T13:25:31.3147553Z" testType="13cdc9d9-ddb5-4fa4-a97d-d965ccfc6d4b" outcome="Passed" testListId="4765c897-c458-45ca-8593-eaa132f4a501" />
    <UnitTestResult executionId="79aa693a-3fb1-4143-b42f-fa862808b026" testId="3c015eea-ff93-4073-80b2-8e2a69e35ef1" testName="Test5584" computerName="UA-LPT-OGA2" duration="00:00:00.3330000" startTime="2025-05-14T13:20:31.3146610Z" endTime="2025-05-14T13:25:31.3147553Z" testType="13cdc9d9-ddb5-4fa4-a97d-d965ccfc6d4b" outcome="Passed" testListId="4765c897-c458-45ca-8593-eaa132f4a501" />
    <UnitTestResult executionId="3d39060f-430a-4bcc-8bc2-0288033513d4" testId="0c305b68-2883-46d8-b808-bb7973c6ef33" testName="Test5585" computerName="UA-LPT-OGA2" duration="00:00:01.1400000" startTime="2025-05-14T13:20:31.3146610Z" endTime="2025-05-14T13:25:31.3147553Z" testType="13cdc9d9-ddb5-4fa4-a97d-d965ccfc6d4b" outcome="Passed" testListId="4765c897-c458-45ca-8593-eaa132f4a501" />
    <UnitTestResult executionId="d6b0e0ce-880b-4519-8349-50073c4a383a" testId="e69fa521-5693-4347-ac5c-958266d5f123" testName="Test5586" computerName="UA-LPT-OGA2" duration="00:00:01.0350000" startTime="2025-05-14T13:20:31.3146610Z" endTime="2025-05-14T13:25:31.3147553Z" testType="13cdc9d9-ddb5-4fa4-a97d-d965ccfc6d4b" outcome="Passed" testListId="4765c897-c458-45ca-8593-eaa132f4a501" />
    <UnitTestResult executionId="2d318fd8-87c0-49b1-9a3f-4bfd231663a2" testId="a275a060-30f4-447d-bfc4-e3f28b53861e" testName="Test5587" computerName="UA-LPT-OGA2" duration="00:00:00.7630000" startTime="2025-05-14T13:20:31.3146610Z" endTime="2025-05-14T13:25:31.3147553Z" testType="13cdc9d9-ddb5-4fa4-a97d-d965ccfc6d4b" outcome="Passed" testListId="4765c897-c458-45ca-8593-eaa132f4a501" />
    <UnitTestResult executionId="424819da-cf71-4efe-bfda-b570db7dd715" testId="1ce3fb1f-a71a-48f4-8c21-3fb82877e6fb" testName="Test5588" computerName="UA-LPT-OGA2" duration="00:00:01.0330000" startTime="2025-05-14T13:20:31.3146610Z" endTime="2025-05-14T13:25:31.3147553Z" testType="13cdc9d9-ddb5-4fa4-a97d-d965ccfc6d4b" outcome="Passed" testListId="4765c897-c458-45ca-8593-eaa132f4a501" />
    <UnitTestResult executionId="37bd58ee-dd1e-4af3-b0c0-8145705af95f" testId="427e2608-79f2-4dd3-a02f-2de66f34b6ed" testName="Test5589" computerName="UA-LPT-OGA2" duration="00:00:00.2850000" startTime="2025-05-14T13:20:31.3146610Z" endTime="2025-05-14T13:25:31.3147553Z" testType="13cdc9d9-ddb5-4fa4-a97d-d965ccfc6d4b" outcome="Passed" testListId="4765c897-c458-45ca-8593-eaa132f4a501" />
    <UnitTestResult executionId="e3c4b3c6-f9ee-4d62-b499-204aab400847" testId="2c5b2c59-8fb6-4356-824f-a78035c66277" testName="Test5590" computerName="UA-LPT-OGA2" duration="00:00:00.6300000" startTime="2025-05-14T13:20:31.3146610Z" endTime="2025-05-14T13:25:31.3147553Z" testType="13cdc9d9-ddb5-4fa4-a97d-d965ccfc6d4b" outcome="Passed" testListId="4765c897-c458-45ca-8593-eaa132f4a501" />
    <UnitTestResult executionId="4b5981f7-eeec-4e55-864f-28e5e0c35d1a" testId="d901eea6-9789-4b4b-8da9-79c30f22dd9c" testName="Test5591" computerName="UA-LPT-OGA2" duration="00:00:00.1890000" startTime="2025-05-14T13:20:31.3146610Z" endTime="2025-05-14T13:25:31.3147553Z" testType="13cdc9d9-ddb5-4fa4-a97d-d965ccfc6d4b" outcome="Passed" testListId="4765c897-c458-45ca-8593-eaa132f4a501" />
    <UnitTestResult executionId="d28e3d7e-9c25-4499-b583-44d283e058ab" testId="7f87a064-0f70-4ba2-b176-64a2e36f9457" testName="Test5592" computerName="UA-LPT-OGA2" duration="00:00:00.9910000" startTime="2025-05-14T13:20:31.3146610Z" endTime="2025-05-14T13:25:31.3147553Z" testType="13cdc9d9-ddb5-4fa4-a97d-d965ccfc6d4b" outcome="Passed" testListId="4765c897-c458-45ca-8593-eaa132f4a501" />
    <UnitTestResult executionId="8d539f3d-8f75-48c0-9cfd-e4667ce25290" testId="9ebac877-1a2f-4a78-8243-c45e77697ecf" testName="Test5593" computerName="UA-LPT-OGA2" duration="00:00:00.3650000" startTime="2025-05-14T13:20:31.3146610Z" endTime="2025-05-14T13:25:31.3147553Z" testType="13cdc9d9-ddb5-4fa4-a97d-d965ccfc6d4b" outcome="Passed" testListId="4765c897-c458-45ca-8593-eaa132f4a501" />
    <UnitTestResult executionId="0d4ec9b8-b23a-4a6b-8991-c514a260a748" testId="0039d4e7-a63f-444b-8037-23a7682a3007" testName="Test5594" computerName="UA-LPT-OGA2" duration="00:00:00.5440000" startTime="2025-05-14T13:20:31.3146610Z" endTime="2025-05-14T13:25:31.3147553Z" testType="13cdc9d9-ddb5-4fa4-a97d-d965ccfc6d4b" outcome="Passed" testListId="4765c897-c458-45ca-8593-eaa132f4a501" />
    <UnitTestResult executionId="f3fee3ff-1958-4460-ae4e-c36e89148f3c" testId="ab140f94-3d3f-498b-9966-4c9ee7919cd2" testName="Test5595" computerName="UA-LPT-OGA2" duration="00:00:00.6840000" startTime="2025-05-14T13:20:31.3146610Z" endTime="2025-05-14T13:25:31.3147553Z" testType="13cdc9d9-ddb5-4fa4-a97d-d965ccfc6d4b" outcome="Passed" testListId="4765c897-c458-45ca-8593-eaa132f4a501" />
    <UnitTestResult executionId="486c0ee0-ef6e-4f79-a0c8-c9fb3bb8de5c" testId="57cf680b-cd5e-46d6-90d0-60d43bdf51b8" testName="Test5596" computerName="UA-LPT-OGA2" duration="00:00:01.2760000" startTime="2025-05-14T13:20:31.3146610Z" endTime="2025-05-14T13:25:31.3147553Z" testType="13cdc9d9-ddb5-4fa4-a97d-d965ccfc6d4b" outcome="Passed" testListId="4765c897-c458-45ca-8593-eaa132f4a501" />
    <UnitTestResult executionId="0d23ad3e-4b8e-4118-98af-ade5daf06900" testId="2c85e85f-e6fc-433c-836c-b84c5ef44726" testName="Test5597" computerName="UA-LPT-OGA2" duration="00:00:00.7730000" startTime="2025-05-14T13:20:31.3146610Z" endTime="2025-05-14T13:25:31.3147553Z" testType="13cdc9d9-ddb5-4fa4-a97d-d965ccfc6d4b" outcome="Passed" testListId="4765c897-c458-45ca-8593-eaa132f4a501" />
    <UnitTestResult executionId="0dac53ad-d08d-43f6-ad35-6fc577548dd1" testId="252daeb2-9dd1-4767-b3bd-f011a83bc22a" testName="Test5598" computerName="UA-LPT-OGA2" duration="00:00:00.6100000" startTime="2025-05-14T13:20:31.3146610Z" endTime="2025-05-14T13:25:31.3147553Z" testType="13cdc9d9-ddb5-4fa4-a97d-d965ccfc6d4b" outcome="Passed" testListId="4765c897-c458-45ca-8593-eaa132f4a501" />
    <UnitTestResult executionId="b5d5eadf-505e-4a73-bdfb-cb0aaa4d9cf2" testId="684dcd59-2cc6-48e1-9546-3c8cdc717a25" testName="Test5599" computerName="UA-LPT-OGA2" duration="00:00:01.4590000" startTime="2025-05-14T13:20:31.3146610Z" endTime="2025-05-14T13:25:31.3147553Z" testType="13cdc9d9-ddb5-4fa4-a97d-d965ccfc6d4b" outcome="Passed" testListId="4765c897-c458-45ca-8593-eaa132f4a501" />
    <UnitTestResult executionId="791177b2-660d-4a7f-909b-bff52ac78909" testId="7e7b2328-6643-498d-a1d7-7afbe4e24a2a" testName="Test5600" computerName="UA-LPT-OGA2" duration="00:00:01.5680000" startTime="2025-05-14T13:20:31.3146610Z" endTime="2025-05-14T13:25:31.3147553Z" testType="13cdc9d9-ddb5-4fa4-a97d-d965ccfc6d4b" outcome="Failed" testListId="4765c897-c458-45ca-8593-eaa132f4a501">
      <Output>
        <ErrorInfo>
          <Message>Assertion failed: Expected value did not match actual value.</Message>
          <StackTrace>   at TestNamespace.TestClass.Test() in TestClass.cs:line 331</StackTrace>
        </ErrorInfo>
      </Output>
    </UnitTestResult>
  </Results>
  <TestDefinitions>
    <UnitTest name="Test5501" id="ecceb33c-466d-44f0-b4df-2793af6cae2a" storage="TestAssembly.dll">
      <Execution id="d52394fa-73ab-4a7c-abd5-697cf846e283" />
      <TestMethod codeBase="TestAssembly.dll" className="TestNamespace.TestClass1" name="Test5501" />
    </UnitTest>
    <UnitTest name="Test5502" id="1a41d115-d334-4494-9464-2fd7d11b6a25" storage="TestAssembly.dll">
      <Execution id="42790911-e70e-4dc8-911c-3871cdf6d982" />
      <TestMethod codeBase="TestAssembly.dll" className="TestNamespace.TestClass1" name="Test5502" />
    </UnitTest>
    <UnitTest name="Test5503" id="610b056d-9e66-4b80-a7be-cd9c5f640ed3" storage="TestAssembly.dll">
      <Execution id="0975e133-8148-4135-a4aa-5a78749109c2" />
      <TestMethod codeBase="TestAssembly.dll" className="TestNamespace.TestClass1" name="Test5503" />
    </UnitTest>
    <UnitTest name="Test5504" id="8d21a882-c4bd-4d1d-9889-475a610cea81" storage="TestAssembly.dll">
      <Execution id="f456bcf5-4007-4eb5-a02c-b1cc9b67882b" />
      <TestMethod codeBase="TestAssembly.dll" className="TestNamespace.TestClass1" name="Test5504" />
    </UnitTest>
    <UnitTest name="Test5505" id="1daeb681-c976-49d8-9800-394333b38b49" storage="TestAssembly.dll">
      <Execution id="bbabc397-8362-494b-a81a-b19fff9d6309" />
      <TestMethod codeBase="TestAssembly.dll" className="TestNamespace.TestClass1" name="Test5505" />
    </UnitTest>
    <UnitTest name="Test5506" id="69eb0542-e75a-4c89-b29b-59c4d9799480" storage="TestAssembly.dll">
      <Execution id="6404ac65-b8ee-4bed-abfa-76887f4c60a0" />
      <TestMethod codeBase="TestAssembly.dll" className="TestNamespace.TestClass1" name="Test5506" />
    </UnitTest>
    <UnitTest name="Test5507" id="7b516a5d-1567-4ae8-9172-617d763ca387" storage="TestAssembly.dll">
      <Execution id="31774548-792f-4882-a5f4-bde6787d075e" />
      <TestMethod codeBase="TestAssembly.dll" className="TestNamespace.TestClass1" name="Test5507" />
    </UnitTest>
    <UnitTest name="Test5508" id="c20ee3ec-7997-4982-ae8b-18530664babc" storage="TestAssembly.dll">
      <Execution id="7f0b2a34-4a7d-439a-80b7-57a79de31da4" />
      <TestMethod codeBase="TestAssembly.dll" className="TestNamespace.TestClass1" name="Test5508" />
    </UnitTest>
    <UnitTest name="Test5509" id="3246a6fc-1978-4547-8ead-139dabfa5a36" storage="TestAssembly.dll">
      <Execution id="f79531bf-1f63-4c3d-832c-0ab7fde35ffe" />
      <TestMethod codeBase="TestAssembly.dll" className="TestNamespace.TestClass1" name="Test5509" />
    </UnitTest>
    <UnitTest name="Test5510" id="371dde79-149d-4076-a145-092202f8e687" storage="TestAssembly.dll">
      <Execution id="1a1fb76a-4648-421e-a03c-ffb78cdafc80" />
      <TestMethod codeBase="TestAssembly.dll" className="TestNamespace.TestClass1" name="Test5510" />
    </UnitTest>
    <UnitTest name="Test5511" id="b4553a6b-9fbe-4b86-8b6d-d931e3ec4545" storage="TestAssembly.dll">
      <Execution id="d9a748d8-71e6-4ab3-8eba-417b4f52972d" />
      <TestMethod codeBase="TestAssembly.dll" className="TestNamespace.TestClass2" name="Test5511" />
    </UnitTest>
    <UnitTest name="Test5512" id="5376d9a1-0267-4625-8e03-5a93a01c06af" storage="TestAssembly.dll">
      <Execution id="a7a36ebb-e1b5-4d55-a110-7c2ee6924d54" />
      <TestMethod codeBase="TestAssembly.dll" className="TestNamespace.TestClass2" name="Test5512" />
    </UnitTest>
    <UnitTest name="Test5513" id="d1fa5e92-6595-4e22-a637-d7e9e5db4ba2" storage="TestAssembly.dll">
      <Execution id="17f35b1b-d620-43a8-873f-59f228b5a32c" />
      <TestMethod codeBase="TestAssembly.dll" className="TestNamespace.TestClass2" name="Test5513" />
    </UnitTest>
    <UnitTest name="Test5514" id="78f535e2-a5fd-4d30-9b33-25ca9b70bf6f" storage="TestAssembly.dll">
      <Execution id="7b863d03-10f4-44c8-adb5-15036dcdaa58" />
      <TestMethod codeBase="TestAssembly.dll" className="TestNamespace.TestClass2" name="Test5514" />
    </UnitTest>
    <UnitTest name="Test5515" id="f160ca16-00fb-4e5c-afab-b6a68af2b24b" storage="TestAssembly.dll">
      <Execution id="b506d74a-a654-4b61-81c7-52ad19bd037b" />
      <TestMethod codeBase="TestAssembly.dll" className="TestNamespace.TestClass2" name="Test5515" />
    </UnitTest>
    <UnitTest name="Test5516" id="7299d699-48c9-4254-be27-d101c49d5277" storage="TestAssembly.dll">
      <Execution id="4d344edc-5360-4eda-9ba5-de15db08248e" />
      <TestMethod codeBase="TestAssembly.dll" className="TestNamespace.TestClass2" name="Test5516" />
    </UnitTest>
    <UnitTest name="Test5517" id="8cedc3ef-9d65-44dd-8c9c-baaf5f4d5b5a" storage="TestAssembly.dll">
      <Execution id="fc823360-daf5-46e5-ad6c-553fc51501b7" />
      <TestMethod codeBase="TestAssembly.dll" className="TestNamespace.TestClass2" name="Test5517" />
    </UnitTest>
    <UnitTest name="Test5518" id="5528f63d-f3d5-4204-9cdd-4049d2688a85" storage="TestAssembly.dll">
      <Execution id="9186a983-6141-4d35-988a-91cd9f5529a5" />
      <TestMethod codeBase="TestAssembly.dll" className="TestNamespace.TestClass2" name="Test5518" />
    </UnitTest>
    <UnitTest name="Test5519" id="091f27cb-f704-41ed-a40f-995787f2efbd" storage="TestAssembly.dll">
      <Execution id="e637f80f-e0bf-43ff-a4d0-e9894e150809" />
      <TestMethod codeBase="TestAssembly.dll" className="TestNamespace.TestClass2" name="Test5519" />
    </UnitTest>
    <UnitTest name="Test5520" id="9bcd7f6e-0f01-4d31-8d4e-46a314721d45" storage="TestAssembly.dll">
      <Execution id="88b4a970-172f-45a1-9b08-4b389558125c" />
      <TestMethod codeBase="TestAssembly.dll" className="TestNamespace.TestClass2" name="Test5520" />
    </UnitTest>
    <UnitTest name="Test5521" id="ea8d8dde-3a66-4f9d-8972-3e765088cc92" storage="TestAssembly.dll">
      <Execution id="870d1663-5073-4765-87cc-415b0ea88f37" />
      <TestMethod codeBase="TestAssembly.dll" className="TestNamespace.TestClass3" name="Test5521" />
    </UnitTest>
    <UnitTest name="Test5522" id="64c514f5-4e30-4421-9f33-dca227e4dbb9" storage="TestAssembly.dll">
      <Execution id="e98c9ecb-e5ba-47ce-90c1-b043a413aeba" />
      <TestMethod codeBase="TestAssembly.dll" className="TestNamespace.TestClass3" name="Test5522" />
    </UnitTest>
    <UnitTest name="Test5523" id="1ea1afa1-5172-4011-b723-f12b1eb37ba9" storage="TestAssembly.dll">
      <Execution id="533f7c3a-9e2b-4f72-a583-5d663d7ef07a" />
      <TestMethod codeBase="TestAssembly.dll" className="TestNamespace.TestClass3" name="Test5523" />
    </UnitTest>
    <UnitTest name="Test5524" id="f73d0c1f-fab0-4cbd-a689-02a836018ed5" storage="TestAssembly.dll">
      <Execution id="8065a130-5711-4f21-bbde-175a0a81274f" />
      <TestMethod codeBase="TestAssembly.dll" className="TestNamespace.TestClass3" name="Test5524" />
    </UnitTest>
    <UnitTest name="Test5525" id="e0138beb-b330-4f97-a609-6c244347a751" storage="TestAssembly.dll">
      <Execution id="016920ad-89d8-49bd-a1cd-e099840dc49e" />
      <TestMethod codeBase="TestAssembly.dll" className="TestNamespace.TestClass3" name="Test5525" />
    </UnitTest>
    <UnitTest name="Test5526" id="055482ce-db2a-4d61-9975-e0bb20736535" storage="TestAssembly.dll">
      <Execution id="d3a494ed-d634-4560-ada8-e20034dd9458" />
      <TestMethod codeBase="TestAssembly.dll" className="TestNamespace.TestClass3" name="Test5526" />
    </UnitTest>
    <UnitTest name="Test5527" id="cb670405-5194-42c0-be44-c21718df8d5f" storage="TestAssembly.dll">
      <Execution id="1f60bd33-edda-45ff-bd9e-c9d170b21275" />
      <TestMethod codeBase="TestAssembly.dll" className="TestNamespace.TestClass3" name="Test5527" />
    </UnitTest>
    <UnitTest name="Test5528" id="f2595467-c877-41fe-8e57-0a01831fcc91" storage="TestAssembly.dll">
      <Execution id="b6988887-450a-4c23-a441-579579c634d6" />
      <TestMethod codeBase="TestAssembly.dll" className="TestNamespace.TestClass3" name="Test5528" />
    </UnitTest>
    <UnitTest name="Test5529" id="0fa8cda8-669e-413e-b50e-e422de85a247" storage="TestAssembly.dll">
      <Execution id="e040781f-1056-4eda-9301-cad73c282fa8" />
      <TestMethod codeBase="TestAssembly.dll" className="TestNamespace.TestClass3" name="Test5529" />
    </UnitTest>
    <UnitTest name="Test5530" id="b1b8141f-ebb8-4743-84e4-45b1f3ce29e0" storage="TestAssembly.dll">
      <Execution id="9574def4-4a4e-49c8-8b11-d82a8bd47f58" />
      <TestMethod codeBase="TestAssembly.dll" className="TestNamespace.TestClass3" name="Test5530" />
    </UnitTest>
    <UnitTest name="Test5531" id="15c68b24-bcb4-49f6-acfc-68f3e30b855c" storage="TestAssembly.dll">
      <Execution id="b417c9b2-cd1d-49a8-919f-3d718e5c4ac0" />
      <TestMethod codeBase="TestAssembly.dll" className="TestNamespace.TestClass4" name="Test5531" />
    </UnitTest>
    <UnitTest name="Test5532" id="eada8250-caff-45a8-9d48-8674dbf69483" storage="TestAssembly.dll">
      <Execution id="bde7ec14-0aeb-4ed9-8b7d-119dfb9a8183" />
      <TestMethod codeBase="TestAssembly.dll" className="TestNamespace.TestClass4" name="Test5532" />
    </UnitTest>
    <UnitTest name="Test5533" id="3919d81b-c164-4d95-8588-c7818190b63f" storage="TestAssembly.dll">
      <Execution id="51c9480f-70a4-4dc9-a535-5d337ca10f1f" />
      <TestMethod codeBase="TestAssembly.dll" className="TestNamespace.TestClass4" name="Test5533" />
    </UnitTest>
    <UnitTest name="Test5534" id="e489cac8-6139-46e5-9806-ad9a85e32120" storage="TestAssembly.dll">
      <Execution id="959f895d-e191-41e0-82e0-4b5dcdc311e5" />
      <TestMethod codeBase="TestAssembly.dll" className="TestNamespace.TestClass4" name="Test5534" />
    </UnitTest>
    <UnitTest name="Test5535" id="5692b661-da0e-4871-9729-4fd7c816d593" storage="TestAssembly.dll">
      <Execution id="39e1ad70-62ce-4bb0-a198-e236e7cf8176" />
      <TestMethod codeBase="TestAssembly.dll" className="TestNamespace.TestClass4" name="Test5535" />
    </UnitTest>
    <UnitTest name="Test5536" id="c36eafa5-4e02-4e27-8f1f-90d677c3e762" storage="TestAssembly.dll">
      <Execution id="a34a7455-f03f-4f31-9566-b001b233381d" />
      <TestMethod codeBase="TestAssembly.dll" className="TestNamespace.TestClass4" name="Test5536" />
    </UnitTest>
    <UnitTest name="Test5537" id="03fbfd58-1b24-4dab-a7b0-197c25ad6832" storage="TestAssembly.dll">
      <Execution id="453c8eec-ed35-469b-bb56-0d079d3cf421" />
      <TestMethod codeBase="TestAssembly.dll" className="TestNamespace.TestClass4" name="Test5537" />
    </UnitTest>
    <UnitTest name="Test5538" id="372cafc5-a451-46a5-ab6d-e275dd8ae26e" storage="TestAssembly.dll">
      <Execution id="5f256b51-933a-43bc-be65-20bc06182390" />
      <TestMethod codeBase="TestAssembly.dll" className="TestNamespace.TestClass4" name="Test5538" />
    </UnitTest>
    <UnitTest name="Test5539" id="64c5aa38-ca56-496b-a3cd-34a554f3575f" storage="TestAssembly.dll">
      <Execution id="e1e93b1d-f5fd-49cb-91b7-78ac778ca5f9" />
      <TestMethod codeBase="TestAssembly.dll" className="TestNamespace.TestClass4" name="Test5539" />
    </UnitTest>
    <UnitTest name="Test5540" id="63d03e69-849a-415d-bb09-1d501d59d539" storage="TestAssembly.dll">
      <Execution id="d3417583-09c1-4b1f-816e-f45cb120de62" />
      <TestMethod codeBase="TestAssembly.dll" className="TestNamespace.TestClass4" name="Test5540" />
    </UnitTest>
    <UnitTest name="Test5541" id="398f9811-2607-4a80-9f25-8e7c2edeaa08" storage="TestAssembly.dll">
      <Execution id="fb84506c-527b-4df3-a8de-a7287378bf8f" />
      <TestMethod codeBase="TestAssembly.dll" className="TestNamespace.TestClass5" name="Test5541" />
    </UnitTest>
    <UnitTest name="Test5542" id="361821ec-c0f9-4c31-a0f3-b0099339e507" storage="TestAssembly.dll">
      <Execution id="1d6e872f-25c9-4be3-ae01-7b4e9d5db108" />
      <TestMethod codeBase="TestAssembly.dll" className="TestNamespace.TestClass5" name="Test5542" />
    </UnitTest>
    <UnitTest name="Test5543" id="e64b69c6-a5dd-463c-8366-cea12d521b63" storage="TestAssembly.dll">
      <Execution id="da59db74-b52a-44a4-8602-1d563a1c8106" />
      <TestMethod codeBase="TestAssembly.dll" className="TestNamespace.TestClass5" name="Test5543" />
    </UnitTest>
    <UnitTest name="Test5544" id="8cd03dc5-96f9-4423-be16-9a737440a26f" storage="TestAssembly.dll">
      <Execution id="0bf0ada3-6487-4e1d-97d2-42d7203a9736" />
      <TestMethod codeBase="TestAssembly.dll" className="TestNamespace.TestClass5" name="Test5544" />
    </UnitTest>
    <UnitTest name="Test5545" id="53dca62a-7319-4dce-841f-e82fd5bd4b18" storage="TestAssembly.dll">
      <Execution id="997c2318-dfe0-406f-b305-eaf8f9b7fedf" />
      <TestMethod codeBase="TestAssembly.dll" className="TestNamespace.TestClass5" name="Test5545" />
    </UnitTest>
    <UnitTest name="Test5546" id="ce390b34-d07d-4ace-9b11-dadbd298fe98" storage="TestAssembly.dll">
      <Execution id="762fa720-28ca-4b8c-a43f-a55c1957a925" />
      <TestMethod codeBase="TestAssembly.dll" className="TestNamespace.TestClass5" name="Test5546" />
    </UnitTest>
    <UnitTest name="Test5547" id="815462d3-05c8-4d91-aab6-218d0c782ca8" storage="TestAssembly.dll">
      <Execution id="dfd52a33-bcf1-42c2-affa-d493a122fbe7" />
      <TestMethod codeBase="TestAssembly.dll" className="TestNamespace.TestClass5" name="Test5547" />
    </UnitTest>
    <UnitTest name="Test5548" id="ba79bcc3-18a0-4e06-ba01-49f833f5f101" storage="TestAssembly.dll">
      <Execution id="1ba53066-6a21-4280-b59b-7101c67114d8" />
      <TestMethod codeBase="TestAssembly.dll" className="TestNamespace.TestClass5" name="Test5548" />
    </UnitTest>
    <UnitTest name="Test5549" id="caba8e78-fb19-4e68-b995-30b04b4e4ad4" storage="TestAssembly.dll">
      <Execution id="6f4e5fb7-3a47-4a41-a0db-d384a81ee9f3" />
      <TestMethod codeBase="TestAssembly.dll" className="TestNamespace.TestClass5" name="Test5549" />
    </UnitTest>
    <UnitTest name="Test5550" id="be4c07b8-60dd-4ac6-afd9-d0a7f3a8e4e0" storage="TestAssembly.dll">
      <Execution id="afa34536-021a-443c-b800-bc01a9733edf" />
      <TestMethod codeBase="TestAssembly.dll" className="TestNamespace.TestClass5" name="Test5550" />
    </UnitTest>
    <UnitTest name="Test5551" id="7a8648bf-e4ba-4723-872a-ec5d2ed6087e" storage="TestAssembly.dll">
      <Execution id="b02e394f-ac47-4662-b23a-5a85967c19a8" />
      <TestMethod codeBase="TestAssembly.dll" className="TestNamespace.TestClass6" name="Test5551" />
    </UnitTest>
    <UnitTest name="Test5552" id="34666cb7-84e3-43a8-be38-fe77c730d756" storage="TestAssembly.dll">
      <Execution id="33480b3e-f67f-47c9-9252-ec1da5ce5de9" />
      <TestMethod codeBase="TestAssembly.dll" className="TestNamespace.TestClass6" name="Test5552" />
    </UnitTest>
    <UnitTest name="Test5553" id="fb87c051-ef51-4217-8feb-c269d5ecced9" storage="TestAssembly.dll">
      <Execution id="13db6a50-0324-416c-9d95-917a4af50290" />
      <TestMethod codeBase="TestAssembly.dll" className="TestNamespace.TestClass6" name="Test5553" />
    </UnitTest>
    <UnitTest name="Test5554" id="35028511-7e38-41fb-9904-446f4a583101" storage="TestAssembly.dll">
      <Execution id="e19fa58b-aaba-4085-bf22-6ad71d148759" />
      <TestMethod codeBase="TestAssembly.dll" className="TestNamespace.TestClass6" name="Test5554" />
    </UnitTest>
    <UnitTest name="Test5555" id="2d35c156-0742-4101-8620-d85d81db7dd5" storage="TestAssembly.dll">
      <Execution id="cef30649-233f-44a8-bd70-24efb7201e83" />
      <TestMethod codeBase="TestAssembly.dll" className="TestNamespace.TestClass6" name="Test5555" />
    </UnitTest>
    <UnitTest name="Test5556" id="5a74857c-ff55-4088-8b49-5f23d6c8c361" storage="TestAssembly.dll">
      <Execution id="9087df49-02f5-4bd9-9a58-55b52d1d7380" />
      <TestMethod codeBase="TestAssembly.dll" className="TestNamespace.TestClass6" name="Test5556" />
    </UnitTest>
    <UnitTest name="Test5557" id="f91b5266-92f1-46bf-956f-1d909c4995ec" storage="TestAssembly.dll">
      <Execution id="03888b73-bbb5-481a-bd66-9a0b8359f86b" />
      <TestMethod codeBase="TestAssembly.dll" className="TestNamespace.TestClass6" name="Test5557" />
    </UnitTest>
    <UnitTest name="Test5558" id="a4821f72-b518-4385-b92d-c21cf180e86a" storage="TestAssembly.dll">
      <Execution id="0edd418c-ef64-4476-87d9-956235a82247" />
      <TestMethod codeBase="TestAssembly.dll" className="TestNamespace.TestClass6" name="Test5558" />
    </UnitTest>
    <UnitTest name="Test5559" id="3d003ac7-3989-4859-b1b4-11299ab5a9c3" storage="TestAssembly.dll">
      <Execution id="3c392978-a3a4-4908-a148-fa936285c7b8" />
      <TestMethod codeBase="TestAssembly.dll" className="TestNamespace.TestClass6" name="Test5559" />
    </UnitTest>
    <UnitTest name="Test5560" id="f415f05a-a5ff-4a49-857f-4753db3d0622" storage="TestAssembly.dll">
      <Execution id="f60a5b18-6b08-425f-91bd-0b0b1dd1bfdf" />
      <TestMethod codeBase="TestAssembly.dll" className="TestNamespace.TestClass6" name="Test5560" />
    </UnitTest>
    <UnitTest name="Test5561" id="8a087591-821b-4225-a63e-574c220999d1" storage="TestAssembly.dll">
      <Execution id="ca7e8846-837d-45ec-9d35-99723c06ae45" />
      <TestMethod codeBase="TestAssembly.dll" className="TestNamespace.TestClass7" name="Test5561" />
    </UnitTest>
    <UnitTest name="Test5562" id="6784ed6f-af99-49b5-aa60-d6fa1098d6e9" storage="TestAssembly.dll">
      <Execution id="5acb62c1-3791-4eaf-9de7-ce18470b585c" />
      <TestMethod codeBase="TestAssembly.dll" className="TestNamespace.TestClass7" name="Test5562" />
    </UnitTest>
    <UnitTest name="Test5563" id="db208e6e-764b-42a1-b812-8dadc59dd0ad" storage="TestAssembly.dll">
      <Execution id="7abdcd6d-9885-4257-bb6f-8069a6cce1b4" />
      <TestMethod codeBase="TestAssembly.dll" className="TestNamespace.TestClass7" name="Test5563" />
    </UnitTest>
    <UnitTest name="Test5564" id="b0d1e0cc-11de-4fa2-8b5f-6b58b2af9567" storage="TestAssembly.dll">
      <Execution id="49712bd5-cfda-4930-a59d-fef52b9d7834" />
      <TestMethod codeBase="TestAssembly.dll" className="TestNamespace.TestClass7" name="Test5564" />
    </UnitTest>
    <UnitTest name="Test5565" id="e5a724d2-cfa3-46bf-be9d-8e8c42e00cfe" storage="TestAssembly.dll">
      <Execution id="0b19e882-acc9-495f-9c9a-eb68e6003c5d" />
      <TestMethod codeBase="TestAssembly.dll" className="TestNamespace.TestClass7" name="Test5565" />
    </UnitTest>
    <UnitTest name="Test5566" id="a249c7b0-2b75-421d-98f3-0bbed9b3022a" storage="TestAssembly.dll">
      <Execution id="025afbe8-5d33-4b3b-8cda-735f8d799ff3" />
      <TestMethod codeBase="TestAssembly.dll" className="TestNamespace.TestClass7" name="Test5566" />
    </UnitTest>
    <UnitTest name="Test5567" id="012306e4-767a-4dc0-b100-a52e3b823441" storage="TestAssembly.dll">
      <Execution id="8d07d8c8-7540-4d41-aa87-e24708dde995" />
      <TestMethod codeBase="TestAssembly.dll" className="TestNamespace.TestClass7" name="Test5567" />
    </UnitTest>
    <UnitTest name="Test5568" id="1a11774b-0d24-440c-9605-5aea69dda270" storage="TestAssembly.dll">
      <Execution id="ad6f2be5-2297-458e-bc9e-260a5e68740d" />
      <TestMethod codeBase="TestAssembly.dll" className="TestNamespace.TestClass7" name="Test5568" />
    </UnitTest>
    <UnitTest name="Test5569" id="894ac0db-dd6b-4818-9cb4-76801ce5c79c" storage="TestAssembly.dll">
      <Execution id="83412eed-19d4-443c-be23-0f302a4f84bb" />
      <TestMethod codeBase="TestAssembly.dll" className="TestNamespace.TestClass7" name="Test5569" />
    </UnitTest>
    <UnitTest name="Test5570" id="7fe03605-181d-431a-b201-3538b87de24a" storage="TestAssembly.dll">
      <Execution id="6b0def2f-4dcc-48a2-8cc0-ae9acd85cc94" />
      <TestMethod codeBase="TestAssembly.dll" className="TestNamespace.TestClass7" name="Test5570" />
    </UnitTest>
    <UnitTest name="Test5571" id="45ce98ca-6a27-4f43-8633-af1b09b3f868" storage="TestAssembly.dll">
      <Execution id="091ee6ed-643a-49aa-910d-8994ecceaf4d" />
      <TestMethod codeBase="TestAssembly.dll" className="TestNamespace.TestClass8" name="Test5571" />
    </UnitTest>
    <UnitTest name="Test5572" id="c5fce99e-3105-431d-97b5-c8ade2b13f63" storage="TestAssembly.dll">
      <Execution id="a4b3fc35-a9a2-498c-9345-c3ea1b5844ac" />
      <TestMethod codeBase="TestAssembly.dll" className="TestNamespace.TestClass8" name="Test5572" />
    </UnitTest>
    <UnitTest name="Test5573" id="e8df4bab-9f26-4beb-8c87-b6db6fa23b8f" storage="TestAssembly.dll">
      <Execution id="f750554e-8573-422e-ac82-438254e409c4" />
      <TestMethod codeBase="TestAssembly.dll" className="TestNamespace.TestClass8" name="Test5573" />
    </UnitTest>
    <UnitTest name="Test5574" id="a7e25d9c-34f1-4192-99ff-c06ebda2d83b" storage="TestAssembly.dll">
      <Execution id="a90842a1-270b-4f82-ac0e-8b234137e7b1" />
      <TestMethod codeBase="TestAssembly.dll" className="TestNamespace.TestClass8" name="Test5574" />
    </UnitTest>
    <UnitTest name="Test5575" id="90abac62-519f-4357-991d-6c7a2f733762" storage="TestAssembly.dll">
      <Execution id="a369514d-f497-4b2e-83cc-60ba35c35658" />
      <TestMethod codeBase="TestAssembly.dll" className="TestNamespace.TestClass8" name="Test5575" />
    </UnitTest>
    <UnitTest name="Test5576" id="a492a9ed-10dc-4233-93c1-49479c78f6e1" storage="TestAssembly.dll">
      <Execution id="9afec1a8-786c-4062-ac90-ea469dbfd6d2" />
      <TestMethod codeBase="TestAssembly.dll" className="TestNamespace.TestClass8" name="Test5576" />
    </UnitTest>
    <UnitTest name="Test5577" id="38657bf8-07f7-4cce-a4f4-3905c5663d37" storage="TestAssembly.dll">
      <Execution id="961317f8-e7de-465c-95aa-043d111b3641" />
      <TestMethod codeBase="TestAssembly.dll" className="TestNamespace.TestClass8" name="Test5577" />
    </UnitTest>
    <UnitTest name="Test5578" id="e825b9f1-7f4b-4ef0-a214-c041ac4fca18" storage="TestAssembly.dll">
      <Execution id="e8f73fd6-798a-461c-988c-b4126a17c69e" />
      <TestMethod codeBase="TestAssembly.dll" className="TestNamespace.TestClass8" name="Test5578" />
    </UnitTest>
    <UnitTest name="Test5579" id="03b66868-f2dd-49a1-b0bd-285b804f0baa" storage="TestAssembly.dll">
      <Execution id="b6f1d5f0-184a-42be-9822-2a2bb7c58071" />
      <TestMethod codeBase="TestAssembly.dll" className="TestNamespace.TestClass8" name="Test5579" />
    </UnitTest>
    <UnitTest name="Test5580" id="315db966-fd8e-45b4-ad83-be81414919e0" storage="TestAssembly.dll">
      <Execution id="f10d038d-e6a0-482c-92e9-27fa1e545148" />
      <TestMethod codeBase="TestAssembly.dll" className="TestNamespace.TestClass8" name="Test5580" />
    </UnitTest>
    <UnitTest name="Test5581" id="530228df-d899-4e80-8c59-d17d10c7545a" storage="TestAssembly.dll">
      <Execution id="b70f989c-addf-4ba7-947a-06b8c9c3f337" />
      <TestMethod codeBase="TestAssembly.dll" className="TestNamespace.TestClass9" name="Test5581" />
    </UnitTest>
    <UnitTest name="Test5582" id="bac531ab-a68b-4839-9e0c-b6377ed5a18b" storage="TestAssembly.dll">
      <Execution id="dc8dc61e-b024-4988-9b0e-fef3da1101cd" />
      <TestMethod codeBase="TestAssembly.dll" className="TestNamespace.TestClass9" name="Test5582" />
    </UnitTest>
    <UnitTest name="Test5583" id="49a3064b-0056-4298-8ce4-388dc7cfa88a" storage="TestAssembly.dll">
      <Execution id="a5535762-0336-40ac-aa41-2a1f52320d9e" />
      <TestMethod codeBase="TestAssembly.dll" className="TestNamespace.TestClass9" name="Test5583" />
    </UnitTest>
    <UnitTest name="Test5584" id="3c015eea-ff93-4073-80b2-8e2a69e35ef1" storage="TestAssembly.dll">
      <Execution id="79aa693a-3fb1-4143-b42f-fa862808b026" />
      <TestMethod codeBase="TestAssembly.dll" className="TestNamespace.TestClass9" name="Test5584" />
    </UnitTest>
    <UnitTest name="Test5585" id="0c305b68-2883-46d8-b808-bb7973c6ef33" storage="TestAssembly.dll">
      <Execution id="3d39060f-430a-4bcc-8bc2-0288033513d4" />
      <TestMethod codeBase="TestAssembly.dll" className="TestNamespace.TestClass9" name="Test5585" />
    </UnitTest>
    <UnitTest name="Test5586" id="e69fa521-5693-4347-ac5c-958266d5f123" storage="TestAssembly.dll">
      <Execution id="d6b0e0ce-880b-4519-8349-50073c4a383a" />
      <TestMethod codeBase="TestAssembly.dll" className="TestNamespace.TestClass9" name="Test5586" />
    </UnitTest>
    <UnitTest name="Test5587" id="a275a060-30f4-447d-bfc4-e3f28b53861e" storage="TestAssembly.dll">
      <Execution id="2d318fd8-87c0-49b1-9a3f-4bfd231663a2" />
      <TestMethod codeBase="TestAssembly.dll" className="TestNamespace.TestClass9" name="Test5587" />
    </UnitTest>
    <UnitTest name="Test5588" id="1ce3fb1f-a71a-48f4-8c21-3fb82877e6fb" storage="TestAssembly.dll">
      <Execution id="424819da-cf71-4efe-bfda-b570db7dd715" />
      <TestMethod codeBase="TestAssembly.dll" className="TestNamespace.TestClass9" name="Test5588" />
    </UnitTest>
    <UnitTest name="Test5589" id="427e2608-79f2-4dd3-a02f-2de66f34b6ed" storage="TestAssembly.dll">
      <Execution id="37bd58ee-dd1e-4af3-b0c0-8145705af95f" />
      <TestMethod codeBase="TestAssembly.dll" className="TestNamespace.TestClass9" name="Test5589" />
    </UnitTest>
    <UnitTest name="Test5590" id="2c5b2c59-8fb6-4356-824f-a78035c66277" storage="TestAssembly.dll">
      <Execution id="e3c4b3c6-f9ee-4d62-b499-204aab400847" />
      <TestMethod codeBase="TestAssembly.dll" className="TestNamespace.TestClass9" name="Test5590" />
    </UnitTest>
    <UnitTest name="Test5591" id="d901eea6-9789-4b4b-8da9-79c30f22dd9c" storage="TestAssembly.dll">
      <Execution id="4b5981f7-eeec-4e55-864f-28e5e0c35d1a" />
      <TestMethod codeBase="TestAssembly.dll" className="TestNamespace.TestClass10" name="Test5591" />
    </UnitTest>
    <UnitTest name="Test5592" id="7f87a064-0f70-4ba2-b176-64a2e36f9457" storage="TestAssembly.dll">
      <Execution id="d28e3d7e-9c25-4499-b583-44d283e058ab" />
      <TestMethod codeBase="TestAssembly.dll" className="TestNamespace.TestClass10" name="Test5592" />
    </UnitTest>
    <UnitTest name="Test5593" id="9ebac877-1a2f-4a78-8243-c45e77697ecf" storage="TestAssembly.dll">
      <Execution id="8d539f3d-8f75-48c0-9cfd-e4667ce25290" />
      <TestMethod codeBase="TestAssembly.dll" className="TestNamespace.TestClass10" name="Test5593" />
    </UnitTest>
    <UnitTest name="Test5594" id="0039d4e7-a63f-444b-8037-23a7682a3007" storage="TestAssembly.dll">
      <Execution id="0d4ec9b8-b23a-4a6b-8991-c514a260a748" />
      <TestMethod codeBase="TestAssembly.dll" className="TestNamespace.TestClass10" name="Test5594" />
    </UnitTest>
    <UnitTest name="Test5595" id="ab140f94-3d3f-498b-9966-4c9ee7919cd2" storage="TestAssembly.dll">
      <Execution id="f3fee3ff-1958-4460-ae4e-c36e89148f3c" />
      <TestMethod codeBase="TestAssembly.dll" className="TestNamespace.TestClass10" name="Test5595" />
    </UnitTest>
    <UnitTest name="Test5596" id="57cf680b-cd5e-46d6-90d0-60d43bdf51b8" storage="TestAssembly.dll">
      <Execution id="486c0ee0-ef6e-4f79-a0c8-c9fb3bb8de5c" />
      <TestMethod codeBase="TestAssembly.dll" className="TestNamespace.TestClass10" name="Test5596" />
    </UnitTest>
    <UnitTest name="Test5597" id="2c85e85f-e6fc-433c-836c-b84c5ef44726" storage="TestAssembly.dll">
      <Execution id="0d23ad3e-4b8e-4118-98af-ade5daf06900" />
      <TestMethod codeBase="TestAssembly.dll" className="TestNamespace.TestClass10" name="Test5597" />
    </UnitTest>
    <UnitTest name="Test5598" id="252daeb2-9dd1-4767-b3bd-f011a83bc22a" storage="TestAssembly.dll">
      <Execution id="0dac53ad-d08d-43f6-ad35-6fc577548dd1" />
      <TestMethod codeBase="TestAssembly.dll" className="TestNamespace.TestClass10" name="Test5598" />
    </UnitTest>
    <UnitTest name="Test5599" id="684dcd59-2cc6-48e1-9546-3c8cdc717a25" storage="TestAssembly.dll">
      <Execution id="b5d5eadf-505e-4a73-bdfb-cb0aaa4d9cf2" />
      <TestMethod codeBase="TestAssembly.dll" className="TestNamespace.TestClass10" name="Test5599" />
    </UnitTest>
    <UnitTest name="Test5600" id="7e7b2328-6643-498d-a1d7-7afbe4e24a2a" storage="TestAssembly.dll">
      <Execution id="791177b2-660d-4a7f-909b-bff52ac78909" />
      <TestMethod codeBase="TestAssembly.dll" className="TestNamespace.TestClass10" name="Test5600" />
    </UnitTest>
  </TestDefinitions>
  <TestEntries>
    <TestEntry testId="ecceb33c-466d-44f0-b4df-2793af6cae2a" executionId="d52394fa-73ab-4a7c-abd5-697cf846e283" testListId="4765c897-c458-45ca-8593-eaa132f4a501" />
    <TestEntry testId="1a41d115-d334-4494-9464-2fd7d11b6a25" executionId="42790911-e70e-4dc8-911c-3871cdf6d982" testListId="4765c897-c458-45ca-8593-eaa132f4a501" />
    <TestEntry testId="610b056d-9e66-4b80-a7be-cd9c5f640ed3" executionId="0975e133-8148-4135-a4aa-5a78749109c2" testListId="4765c897-c458-45ca-8593-eaa132f4a501" />
    <TestEntry testId="8d21a882-c4bd-4d1d-9889-475a610cea81" executionId="f456bcf5-4007-4eb5-a02c-b1cc9b67882b" testListId="4765c897-c458-45ca-8593-eaa132f4a501" />
    <TestEntry testId="1daeb681-c976-49d8-9800-394333b38b49" executionId="bbabc397-8362-494b-a81a-b19fff9d6309" testListId="4765c897-c458-45ca-8593-eaa132f4a501" />
    <TestEntry testId="69eb0542-e75a-4c89-b29b-59c4d9799480" executionId="6404ac65-b8ee-4bed-abfa-76887f4c60a0" testListId="4765c897-c458-45ca-8593-eaa132f4a501" />
    <TestEntry testId="7b516a5d-1567-4ae8-9172-617d763ca387" executionId="31774548-792f-4882-a5f4-bde6787d075e" testListId="4765c897-c458-45ca-8593-eaa132f4a501" />
    <TestEntry testId="c20ee3ec-7997-4982-ae8b-18530664babc" executionId="7f0b2a34-4a7d-439a-80b7-57a79de31da4" testListId="4765c897-c458-45ca-8593-eaa132f4a501" />
    <TestEntry testId="3246a6fc-1978-4547-8ead-139dabfa5a36" executionId="f79531bf-1f63-4c3d-832c-0ab7fde35ffe" testListId="4765c897-c458-45ca-8593-eaa132f4a501" />
    <TestEntry testId="371dde79-149d-4076-a145-092202f8e687" executionId="1a1fb76a-4648-421e-a03c-ffb78cdafc80" testListId="4765c897-c458-45ca-8593-eaa132f4a501" />
    <TestEntry testId="b4553a6b-9fbe-4b86-8b6d-d931e3ec4545" executionId="d9a748d8-71e6-4ab3-8eba-417b4f52972d" testListId="4765c897-c458-45ca-8593-eaa132f4a501" />
    <TestEntry testId="5376d9a1-0267-4625-8e03-5a93a01c06af" executionId="a7a36ebb-e1b5-4d55-a110-7c2ee6924d54" testListId="4765c897-c458-45ca-8593-eaa132f4a501" />
    <TestEntry testId="d1fa5e92-6595-4e22-a637-d7e9e5db4ba2" executionId="17f35b1b-d620-43a8-873f-59f228b5a32c" testListId="4765c897-c458-45ca-8593-eaa132f4a501" />
    <TestEntry testId="78f535e2-a5fd-4d30-9b33-25ca9b70bf6f" executionId="7b863d03-10f4-44c8-adb5-15036dcdaa58" testListId="4765c897-c458-45ca-8593-eaa132f4a501" />
    <TestEntry testId="f160ca16-00fb-4e5c-afab-b6a68af2b24b" executionId="b506d74a-a654-4b61-81c7-52ad19bd037b" testListId="4765c897-c458-45ca-8593-eaa132f4a501" />
    <TestEntry testId="7299d699-48c9-4254-be27-d101c49d5277" executionId="4d344edc-5360-4eda-9ba5-de15db08248e" testListId="4765c897-c458-45ca-8593-eaa132f4a501" />
    <TestEntry testId="8cedc3ef-9d65-44dd-8c9c-baaf5f4d5b5a" executionId="fc823360-daf5-46e5-ad6c-553fc51501b7" testListId="4765c897-c458-45ca-8593-eaa132f4a501" />
    <TestEntry testId="5528f63d-f3d5-4204-9cdd-4049d2688a85" executionId="9186a983-6141-4d35-988a-91cd9f5529a5" testListId="4765c897-c458-45ca-8593-eaa132f4a501" />
    <TestEntry testId="091f27cb-f704-41ed-a40f-995787f2efbd" executionId="e637f80f-e0bf-43ff-a4d0-e9894e150809" testListId="4765c897-c458-45ca-8593-eaa132f4a501" />
    <TestEntry testId="9bcd7f6e-0f01-4d31-8d4e-46a314721d45" executionId="88b4a970-172f-45a1-9b08-4b389558125c" testListId="4765c897-c458-45ca-8593-eaa132f4a501" />
    <TestEntry testId="ea8d8dde-3a66-4f9d-8972-3e765088cc92" executionId="870d1663-5073-4765-87cc-415b0ea88f37" testListId="4765c897-c458-45ca-8593-eaa132f4a501" />
    <TestEntry testId="64c514f5-4e30-4421-9f33-dca227e4dbb9" executionId="e98c9ecb-e5ba-47ce-90c1-b043a413aeba" testListId="4765c897-c458-45ca-8593-eaa132f4a501" />
    <TestEntry testId="1ea1afa1-5172-4011-b723-f12b1eb37ba9" executionId="533f7c3a-9e2b-4f72-a583-5d663d7ef07a" testListId="4765c897-c458-45ca-8593-eaa132f4a501" />
    <TestEntry testId="f73d0c1f-fab0-4cbd-a689-02a836018ed5" executionId="8065a130-5711-4f21-bbde-175a0a81274f" testListId="4765c897-c458-45ca-8593-eaa132f4a501" />
    <TestEntry testId="e0138beb-b330-4f97-a609-6c244347a751" executionId="016920ad-89d8-49bd-a1cd-e099840dc49e" testListId="4765c897-c458-45ca-8593-eaa132f4a501" />
    <TestEntry testId="055482ce-db2a-4d61-9975-e0bb20736535" executionId="d3a494ed-d634-4560-ada8-e20034dd9458" testListId="4765c897-c458-45ca-8593-eaa132f4a501" />
    <TestEntry testId="cb670405-5194-42c0-be44-c21718df8d5f" executionId="1f60bd33-edda-45ff-bd9e-c9d170b21275" testListId="4765c897-c458-45ca-8593-eaa132f4a501" />
    <TestEntry testId="f2595467-c877-41fe-8e57-0a01831fcc91" executionId="b6988887-450a-4c23-a441-579579c634d6" testListId="4765c897-c458-45ca-8593-eaa132f4a501" />
    <TestEntry testId="0fa8cda8-669e-413e-b50e-e422de85a247" executionId="e040781f-1056-4eda-9301-cad73c282fa8" testListId="4765c897-c458-45ca-8593-eaa132f4a501" />
    <TestEntry testId="b1b8141f-ebb8-4743-84e4-45b1f3ce29e0" executionId="9574def4-4a4e-49c8-8b11-d82a8bd47f58" testListId="4765c897-c458-45ca-8593-eaa132f4a501" />
    <TestEntry testId="15c68b24-bcb4-49f6-acfc-68f3e30b855c" executionId="b417c9b2-cd1d-49a8-919f-3d718e5c4ac0" testListId="4765c897-c458-45ca-8593-eaa132f4a501" />
    <TestEntry testId="eada8250-caff-45a8-9d48-8674dbf69483" executionId="bde7ec14-0aeb-4ed9-8b7d-119dfb9a8183" testListId="4765c897-c458-45ca-8593-eaa132f4a501" />
    <TestEntry testId="3919d81b-c164-4d95-8588-c7818190b63f" executionId="51c9480f-70a4-4dc9-a535-5d337ca10f1f" testListId="4765c897-c458-45ca-8593-eaa132f4a501" />
    <TestEntry testId="e489cac8-6139-46e5-9806-ad9a85e32120" executionId="959f895d-e191-41e0-82e0-4b5dcdc311e5" testListId="4765c897-c458-45ca-8593-eaa132f4a501" />
    <TestEntry testId="5692b661-da0e-4871-9729-4fd7c816d593" executionId="39e1ad70-62ce-4bb0-a198-e236e7cf8176" testListId="4765c897-c458-45ca-8593-eaa132f4a501" />
    <TestEntry testId="c36eafa5-4e02-4e27-8f1f-90d677c3e762" executionId="a34a7455-f03f-4f31-9566-b001b233381d" testListId="4765c897-c458-45ca-8593-eaa132f4a501" />
    <TestEntry testId="03fbfd58-1b24-4dab-a7b0-197c25ad6832" executionId="453c8eec-ed35-469b-bb56-0d079d3cf421" testListId="4765c897-c458-45ca-8593-eaa132f4a501" />
    <TestEntry testId="372cafc5-a451-46a5-ab6d-e275dd8ae26e" executionId="5f256b51-933a-43bc-be65-20bc06182390" testListId="4765c897-c458-45ca-8593-eaa132f4a501" />
    <TestEntry testId="64c5aa38-ca56-496b-a3cd-34a554f3575f" executionId="e1e93b1d-f5fd-49cb-91b7-78ac778ca5f9" testListId="4765c897-c458-45ca-8593-eaa132f4a501" />
    <TestEntry testId="63d03e69-849a-415d-bb09-1d501d59d539" executionId="d3417583-09c1-4b1f-816e-f45cb120de62" testListId="4765c897-c458-45ca-8593-eaa132f4a501" />
    <TestEntry testId="398f9811-2607-4a80-9f25-8e7c2edeaa08" executionId="fb84506c-527b-4df3-a8de-a7287378bf8f" testListId="4765c897-c458-45ca-8593-eaa132f4a501" />
    <TestEntry testId="361821ec-c0f9-4c31-a0f3-b0099339e507" executionId="1d6e872f-25c9-4be3-ae01-7b4e9d5db108" testListId="4765c897-c458-45ca-8593-eaa132f4a501" />
    <TestEntry testId="e64b69c6-a5dd-463c-8366-cea12d521b63" executionId="da59db74-b52a-44a4-8602-1d563a1c8106" testListId="4765c897-c458-45ca-8593-eaa132f4a501" />
    <TestEntry testId="8cd03dc5-96f9-4423-be16-9a737440a26f" executionId="0bf0ada3-6487-4e1d-97d2-42d7203a9736" testListId="4765c897-c458-45ca-8593-eaa132f4a501" />
    <TestEntry testId="53dca62a-7319-4dce-841f-e82fd5bd4b18" executionId="997c2318-dfe0-406f-b305-eaf8f9b7fedf" testListId="4765c897-c458-45ca-8593-eaa132f4a501" />
    <TestEntry testId="ce390b34-d07d-4ace-9b11-dadbd298fe98" executionId="762fa720-28ca-4b8c-a43f-a55c1957a925" testListId="4765c897-c458-45ca-8593-eaa132f4a501" />
    <TestEntry testId="815462d3-05c8-4d91-aab6-218d0c782ca8" executionId="dfd52a33-bcf1-42c2-affa-d493a122fbe7" testListId="4765c897-c458-45ca-8593-eaa132f4a501" />
    <TestEntry testId="ba79bcc3-18a0-4e06-ba01-49f833f5f101" executionId="1ba53066-6a21-4280-b59b-7101c67114d8" testListId="4765c897-c458-45ca-8593-eaa132f4a501" />
    <TestEntry testId="caba8e78-fb19-4e68-b995-30b04b4e4ad4" executionId="6f4e5fb7-3a47-4a41-a0db-d384a81ee9f3" testListId="4765c897-c458-45ca-8593-eaa132f4a501" />
    <TestEntry testId="be4c07b8-60dd-4ac6-afd9-d0a7f3a8e4e0" executionId="afa34536-021a-443c-b800-bc01a9733edf" testListId="4765c897-c458-45ca-8593-eaa132f4a501" />
    <TestEntry testId="7a8648bf-e4ba-4723-872a-ec5d2ed6087e" executionId="b02e394f-ac47-4662-b23a-5a85967c19a8" testListId="4765c897-c458-45ca-8593-eaa132f4a501" />
    <TestEntry testId="34666cb7-84e3-43a8-be38-fe77c730d756" executionId="33480b3e-f67f-47c9-9252-ec1da5ce5de9" testListId="4765c897-c458-45ca-8593-eaa132f4a501" />
    <TestEntry testId="fb87c051-ef51-4217-8feb-c269d5ecced9" executionId="13db6a50-0324-416c-9d95-917a4af50290" testListId="4765c897-c458-45ca-8593-eaa132f4a501" />
    <TestEntry testId="35028511-7e38-41fb-9904-446f4a583101" executionId="e19fa58b-aaba-4085-bf22-6ad71d148759" testListId="4765c897-c458-45ca-8593-eaa132f4a501" />
    <TestEntry testId="2d35c156-0742-4101-8620-d85d81db7dd5" executionId="cef30649-233f-44a8-bd70-24efb7201e83" testListId="4765c897-c458-45ca-8593-eaa132f4a501" />
    <TestEntry testId="5a74857c-ff55-4088-8b49-5f23d6c8c361" executionId="9087df49-02f5-4bd9-9a58-55b52d1d7380" testListId="4765c897-c458-45ca-8593-eaa132f4a501" />
    <TestEntry testId="f91b5266-92f1-46bf-956f-1d909c4995ec" executionId="03888b73-bbb5-481a-bd66-9a0b8359f86b" testListId="4765c897-c458-45ca-8593-eaa132f4a501" />
    <TestEntry testId="a4821f72-b518-4385-b92d-c21cf180e86a" executionId="0edd418c-ef64-4476-87d9-956235a82247" testListId="4765c897-c458-45ca-8593-eaa132f4a501" />
    <TestEntry testId="3d003ac7-3989-4859-b1b4-11299ab5a9c3" executionId="3c392978-a3a4-4908-a148-fa936285c7b8" testListId="4765c897-c458-45ca-8593-eaa132f4a501" />
    <TestEntry testId="f415f05a-a5ff-4a49-857f-4753db3d0622" executionId="f60a5b18-6b08-425f-91bd-0b0b1dd1bfdf" testListId="4765c897-c458-45ca-8593-eaa132f4a501" />
    <TestEntry testId="8a087591-821b-4225-a63e-574c220999d1" executionId="ca7e8846-837d-45ec-9d35-99723c06ae45" testListId="4765c897-c458-45ca-8593-eaa132f4a501" />
    <TestEntry testId="6784ed6f-af99-49b5-aa60-d6fa1098d6e9" executionId="5acb62c1-3791-4eaf-9de7-ce18470b585c" testListId="4765c897-c458-45ca-8593-eaa132f4a501" />
    <TestEntry testId="db208e6e-764b-42a1-b812-8dadc59dd0ad" executionId="7abdcd6d-9885-4257-bb6f-8069a6cce1b4" testListId="4765c897-c458-45ca-8593-eaa132f4a501" />
    <TestEntry testId="b0d1e0cc-11de-4fa2-8b5f-6b58b2af9567" executionId="49712bd5-cfda-4930-a59d-fef52b9d7834" testListId="4765c897-c458-45ca-8593-eaa132f4a501" />
    <TestEntry testId="e5a724d2-cfa3-46bf-be9d-8e8c42e00cfe" executionId="0b19e882-acc9-495f-9c9a-eb68e6003c5d" testListId="4765c897-c458-45ca-8593-eaa132f4a501" />
    <TestEntry testId="a249c7b0-2b75-421d-98f3-0bbed9b3022a" executionId="025afbe8-5d33-4b3b-8cda-735f8d799ff3" testListId="4765c897-c458-45ca-8593-eaa132f4a501" />
    <TestEntry testId="012306e4-767a-4dc0-b100-a52e3b823441" executionId="8d07d8c8-7540-4d41-aa87-e24708dde995" testListId="4765c897-c458-45ca-8593-eaa132f4a501" />
    <TestEntry testId="1a11774b-0d24-440c-9605-5aea69dda270" executionId="ad6f2be5-2297-458e-bc9e-260a5e68740d" testListId="4765c897-c458-45ca-8593-eaa132f4a501" />
    <TestEntry testId="894ac0db-dd6b-4818-9cb4-76801ce5c79c" executionId="83412eed-19d4-443c-be23-0f302a4f84bb" testListId="4765c897-c458-45ca-8593-eaa132f4a501" />
    <TestEntry testId="7fe03605-181d-431a-b201-3538b87de24a" executionId="6b0def2f-4dcc-48a2-8cc0-ae9acd85cc94" testListId="4765c897-c458-45ca-8593-eaa132f4a501" />
    <TestEntry testId="45ce98ca-6a27-4f43-8633-af1b09b3f868" executionId="091ee6ed-643a-49aa-910d-8994ecceaf4d" testListId="4765c897-c458-45ca-8593-eaa132f4a501" />
    <TestEntry testId="c5fce99e-3105-431d-97b5-c8ade2b13f63" executionId="a4b3fc35-a9a2-498c-9345-c3ea1b5844ac" testListId="4765c897-c458-45ca-8593-eaa132f4a501" />
    <TestEntry testId="e8df4bab-9f26-4beb-8c87-b6db6fa23b8f" executionId="f750554e-8573-422e-ac82-438254e409c4" testListId="4765c897-c458-45ca-8593-eaa132f4a501" />
    <TestEntry testId="a7e25d9c-34f1-4192-99ff-c06ebda2d83b" executionId="a90842a1-270b-4f82-ac0e-8b234137e7b1" testListId="4765c897-c458-45ca-8593-eaa132f4a501" />
    <TestEntry testId="90abac62-519f-4357-991d-6c7a2f733762" executionId="a369514d-f497-4b2e-83cc-60ba35c35658" testListId="4765c897-c458-45ca-8593-eaa132f4a501" />
    <TestEntry testId="a492a9ed-10dc-4233-93c1-49479c78f6e1" executionId="9afec1a8-786c-4062-ac90-ea469dbfd6d2" testListId="4765c897-c458-45ca-8593-eaa132f4a501" />
    <TestEntry testId="38657bf8-07f7-4cce-a4f4-3905c5663d37" executionId="961317f8-e7de-465c-95aa-043d111b3641" testListId="4765c897-c458-45ca-8593-eaa132f4a501" />
    <TestEntry testId="e825b9f1-7f4b-4ef0-a214-c041ac4fca18" executionId="e8f73fd6-798a-461c-988c-b4126a17c69e" testListId="4765c897-c458-45ca-8593-eaa132f4a501" />
    <TestEntry testId="03b66868-f2dd-49a1-b0bd-285b804f0baa" executionId="b6f1d5f0-184a-42be-9822-2a2bb7c58071" testListId="4765c897-c458-45ca-8593-eaa132f4a501" />
    <TestEntry testId="315db966-fd8e-45b4-ad83-be81414919e0" executionId="f10d038d-e6a0-482c-92e9-27fa1e545148" testListId="4765c897-c458-45ca-8593-eaa132f4a501" />
    <TestEntry testId="530228df-d899-4e80-8c59-d17d10c7545a" executionId="b70f989c-addf-4ba7-947a-06b8c9c3f337" testListId="4765c897-c458-45ca-8593-eaa132f4a501" />
    <TestEntry testId="bac531ab-a68b-4839-9e0c-b6377ed5a18b" executionId="dc8dc61e-b024-4988-9b0e-fef3da1101cd" testListId="4765c897-c458-45ca-8593-eaa132f4a501" />
    <TestEntry testId="49a3064b-0056-4298-8ce4-388dc7cfa88a" executionId="a5535762-0336-40ac-aa41-2a1f52320d9e" testListId="4765c897-c458-45ca-8593-eaa132f4a501" />
    <TestEntry testId="3c015eea-ff93-4073-80b2-8e2a69e35ef1" executionId="79aa693a-3fb1-4143-b42f-fa862808b026" testListId="4765c897-c458-45ca-8593-eaa132f4a501" />
    <TestEntry testId="0c305b68-2883-46d8-b808-bb7973c6ef33" executionId="3d39060f-430a-4bcc-8bc2-0288033513d4" testListId="4765c897-c458-45ca-8593-eaa132f4a501" />
    <TestEntry testId="e69fa521-5693-4347-ac5c-958266d5f123" executionId="d6b0e0ce-880b-4519-8349-50073c4a383a" testListId="4765c897-c458-45ca-8593-eaa132f4a501" />
    <TestEntry testId="a275a060-30f4-447d-bfc4-e3f28b53861e" executionId="2d318fd8-87c0-49b1-9a3f-4bfd231663a2" testListId="4765c897-c458-45ca-8593-eaa132f4a501" />
    <TestEntry testId="1ce3fb1f-a71a-48f4-8c21-3fb82877e6fb" executionId="424819da-cf71-4efe-bfda-b570db7dd715" testListId="4765c897-c458-45ca-8593-eaa132f4a501" />
    <TestEntry testId="427e2608-79f2-4dd3-a02f-2de66f34b6ed" executionId="37bd58ee-dd1e-4af3-b0c0-8145705af95f" testListId="4765c897-c458-45ca-8593-eaa132f4a501" />
    <TestEntry testId="2c5b2c59-8fb6-4356-824f-a78035c66277" executionId="e3c4b3c6-f9ee-4d62-b499-204aab400847" testListId="4765c897-c458-45ca-8593-eaa132f4a501" />
    <TestEntry testId="d901eea6-9789-4b4b-8da9-79c30f22dd9c" executionId="4b5981f7-eeec-4e55-864f-28e5e0c35d1a" testListId="4765c897-c458-45ca-8593-eaa132f4a501" />
    <TestEntry testId="7f87a064-0f70-4ba2-b176-64a2e36f9457" executionId="d28e3d7e-9c25-4499-b583-44d283e058ab" testListId="4765c897-c458-45ca-8593-eaa132f4a501" />
    <TestEntry testId="9ebac877-1a2f-4a78-8243-c45e77697ecf" executionId="8d539f3d-8f75-48c0-9cfd-e4667ce25290" testListId="4765c897-c458-45ca-8593-eaa132f4a501" />
    <TestEntry testId="0039d4e7-a63f-444b-8037-23a7682a3007" executionId="0d4ec9b8-b23a-4a6b-8991-c514a260a748" testListId="4765c897-c458-45ca-8593-eaa132f4a501" />
    <TestEntry testId="ab140f94-3d3f-498b-9966-4c9ee7919cd2" executionId="f3fee3ff-1958-4460-ae4e-c36e89148f3c" testListId="4765c897-c458-45ca-8593-eaa132f4a501" />
    <TestEntry testId="57cf680b-cd5e-46d6-90d0-60d43bdf51b8" executionId="486c0ee0-ef6e-4f79-a0c8-c9fb3bb8de5c" testListId="4765c897-c458-45ca-8593-eaa132f4a501" />
    <TestEntry testId="2c85e85f-e6fc-433c-836c-b84c5ef44726" executionId="0d23ad3e-4b8e-4118-98af-ade5daf06900" testListId="4765c897-c458-45ca-8593-eaa132f4a501" />
    <TestEntry testId="252daeb2-9dd1-4767-b3bd-f011a83bc22a" executionId="0dac53ad-d08d-43f6-ad35-6fc577548dd1" testListId="4765c897-c458-45ca-8593-eaa132f4a501" />
    <TestEntry testId="684dcd59-2cc6-48e1-9546-3c8cdc717a25" executionId="b5d5eadf-505e-4a73-bdfb-cb0aaa4d9cf2" testListId="4765c897-c458-45ca-8593-eaa132f4a501" />
    <TestEntry testId="7e7b2328-6643-498d-a1d7-7afbe4e24a2a" executionId="791177b2-660d-4a7f-909b-bff52ac78909" testListId="4765c897-c458-45ca-8593-eaa132f4a501" />
  </TestEntries>
  <TestLists>
    <TestList name="Results Not in a List" id="4765c897-c458-45ca-8593-eaa132f4a501" />
    <TestList name="All Loaded Results" id="24570a87-88f0-4808-afef-462c9a7f9c44" />
  </TestLists>
</TestRun>