<?xml version="1.0" encoding="UTF-8"?>
<TestRun id="e034bfa3-08eb-4488-8249-caa66fd920c2" name="Test Run 2" runUser="Oles Galatsan" xmlns="http://microsoft.com/schemas/VisualStudio/TeamTest/2010">
  <Times creation="2025-05-14T13:20:31.3125482Z" queuing="2025-05-14T13:20:31.3125482Z" start="2025-05-14T13:20:31.3146610Z" finish="2025-05-14T13:25:31.3147553Z" />
  <TestSettings name="Test Settings 2" id="20c5aef0-08a1-44ec-85c7-f72a7296ea98" />
  <Results>
    <UnitTestResult executionId="668e643b-6e0c-432d-b0f7-a9c055e7382b" testId="c8edea39-c840-4d64-a308-be66116ce128" testName="Test101" computerName="UA-LPT-OGA2" duration="00:00:01.7970000" startTime="2025-05-14T13:20:31.3146610Z" endTime="2025-05-14T13:25:31.3147553Z" testType="13cdc9d9-ddb5-4fa4-a97d-d965ccfc6d4b" outcome="Passed" testListId="f220f5e4-a68d-4e9c-90f3-cf2a900d1e6b" />
    <UnitTestResult executionId="5477c825-f444-49e4-8d3b-1bec5e670f51" testId="5127a06c-cdb9-4d04-8c5d-a2d3638176d4" testName="Test102" computerName="UA-LPT-OGA2" duration="00:00:01.4660000" startTime="2025-05-14T13:20:31.3146610Z" endTime="2025-05-14T13:25:31.3147553Z" testType="13cdc9d9-ddb5-4fa4-a97d-d965ccfc6d4b" outcome="Passed" testListId="f220f5e4-a68d-4e9c-90f3-cf2a900d1e6b" />
    <UnitTestResult executionId="05510e7b-af26-4276-86cc-e9ed52fb8e60" testId="32f4c402-4578-467b-88cd-de6fbb10f30e" testName="Test103" computerName="UA-LPT-OGA2" duration="00:00:01.4750000" startTime="2025-05-14T13:20:31.3146610Z" endTime="2025-05-14T13:25:31.3147553Z" testType="13cdc9d9-ddb5-4fa4-a97d-d965ccfc6d4b" outcome="Passed" testListId="f220f5e4-a68d-4e9c-90f3-cf2a900d1e6b" />
    <UnitTestResult executionId="240d34fa-80ee-4223-b5ca-20000dd8dc94" testId="97ec4292-f9b1-4c8d-803f-037c2588505d" testName="Test104" computerName="UA-LPT-OGA2" duration="00:00:00.1390000" startTime="2025-05-14T13:20:31.3146610Z" endTime="2025-05-14T13:25:31.3147553Z" testType="13cdc9d9-ddb5-4fa4-a97d-d965ccfc6d4b" outcome="Passed" testListId="f220f5e4-a68d-4e9c-90f3-cf2a900d1e6b" />
    <UnitTestResult executionId="40770255-5256-4b85-a855-73be82fe7d2c" testId="54ab8b13-e975-4465-a055-e59bc054271f" testName="Test105" computerName="UA-LPT-OGA2" duration="00:00:00.5940000" startTime="2025-05-14T13:20:31.3146610Z" endTime="2025-05-14T13:25:31.3147553Z" testType="13cdc9d9-ddb5-4fa4-a97d-d965ccfc6d4b" outcome="Passed" testListId="f220f5e4-a68d-4e9c-90f3-cf2a900d1e6b" />
    <UnitTestResult executionId="e128506a-8eb0-46f5-b3c7-dfc54e8b47a2" testId="e174058b-6063-42a6-9019-fc68c2436667" testName="Test106" computerName="UA-LPT-OGA2" duration="00:00:01.3040000" startTime="2025-05-14T13:20:31.3146610Z" endTime="2025-05-14T13:25:31.3147553Z" testType="13cdc9d9-ddb5-4fa4-a97d-d965ccfc6d4b" outcome="Passed" testListId="f220f5e4-a68d-4e9c-90f3-cf2a900d1e6b" />
    <UnitTestResult executionId="f03d90e9-22c7-4555-84c2-7302be837134" testId="89116ff4-9e48-4fd4-8918-550521fb132e" testName="Test107" computerName="UA-LPT-OGA2" duration="00:00:00.5280000" startTime="2025-05-14T13:20:31.3146610Z" endTime="2025-05-14T13:25:31.3147553Z" testType="13cdc9d9-ddb5-4fa4-a97d-d965ccfc6d4b" outcome="Passed" testListId="f220f5e4-a68d-4e9c-90f3-cf2a900d1e6b" />
    <UnitTestResult executionId="f7b0e67d-fbf0-4c7b-9888-497f1899dce0" testId="b62c2213-fe28-4737-89c6-f2bb9ecde122" testName="Test108" computerName="UA-LPT-OGA2" duration="00:00:00.6850000" startTime="2025-05-14T13:20:31.3146610Z" endTime="2025-05-14T13:25:31.3147553Z" testType="13cdc9d9-ddb5-4fa4-a97d-d965ccfc6d4b" outcome="Passed" testListId="f220f5e4-a68d-4e9c-90f3-cf2a900d1e6b" />
    <UnitTestResult executionId="3b056058-83c6-4001-ba73-0e3339c5614b" testId="a386acb5-3e7d-40a3-bab7-5bceaaa5d3bc" testName="Test109" computerName="UA-LPT-OGA2" duration="00:00:00.1820000" startTime="2025-05-14T13:20:31.3146610Z" endTime="2025-05-14T13:25:31.3147553Z" testType="13cdc9d9-ddb5-4fa4-a97d-d965ccfc6d4b" outcome="Passed" testListId="f220f5e4-a68d-4e9c-90f3-cf2a900d1e6b" />
    <UnitTestResult executionId="7fac1f73-2a7f-4985-afcb-0aa35c9bbe45" testId="ebe28d79-c58a-4c62-a0f7-0acb28a7b902" testName="Test110" computerName="UA-LPT-OGA2" duration="00:00:01.5160000" startTime="2025-05-14T13:20:31.3146610Z" endTime="2025-05-14T13:25:31.3147553Z" testType="13cdc9d9-ddb5-4fa4-a97d-d965ccfc6d4b" outcome="Failed" testListId="f220f5e4-a68d-4e9c-90f3-cf2a900d1e6b">
      <Output>
        <ErrorInfo>
          <Message>Assertion failed: Expected value did not match actual value.</Message>
          <StackTrace>   at TestNamespace.TestClass.Test() in TestClass.cs:line 90</StackTrace>
        </ErrorInfo>
      </Output>
    </UnitTestResult>
    <UnitTestResult executionId="b23265e4-6457-4fe5-b365-f2d7b860476f" testId="505d40b9-cb39-4c94-8829-23d0f10d4d5a" testName="Test111" computerName="UA-LPT-OGA2" duration="00:00:01.0340000" startTime="2025-05-14T13:20:31.3146610Z" endTime="2025-05-14T13:25:31.3147553Z" testType="13cdc9d9-ddb5-4fa4-a97d-d965ccfc6d4b" outcome="Passed" testListId="f220f5e4-a68d-4e9c-90f3-cf2a900d1e6b" />
    <UnitTestResult executionId="875a1993-3236-44e8-9b3b-3003f30b1e6c" testId="eae8a727-945a-45c4-bb57-d8fdb6dd95ba" testName="Test112" computerName="UA-LPT-OGA2" duration="00:00:00.8660000" startTime="2025-05-14T13:20:31.3146610Z" endTime="2025-05-14T13:25:31.3147553Z" testType="13cdc9d9-ddb5-4fa4-a97d-d965ccfc6d4b" outcome="Passed" testListId="f220f5e4-a68d-4e9c-90f3-cf2a900d1e6b" />
    <UnitTestResult executionId="24375184-0bb6-4599-a949-fa958621e149" testId="5a1d21cb-3f1b-4423-afba-e0568da191c4" testName="Test113" computerName="UA-LPT-OGA2" duration="00:00:00.0140000" startTime="2025-05-14T13:20:31.3146610Z" endTime="2025-05-14T13:25:31.3147553Z" testType="13cdc9d9-ddb5-4fa4-a97d-d965ccfc6d4b" outcome="Passed" testListId="f220f5e4-a68d-4e9c-90f3-cf2a900d1e6b" />
    <UnitTestResult executionId="5457ca78-02f1-4b7d-afcb-60eff669d055" testId="5df52a8c-730b-42e8-940a-fb5f61231c64" testName="Test114" computerName="UA-LPT-OGA2" duration="00:00:01.5390000" startTime="2025-05-14T13:20:31.3146610Z" endTime="2025-05-14T13:25:31.3147553Z" testType="13cdc9d9-ddb5-4fa4-a97d-d965ccfc6d4b" outcome="Passed" testListId="f220f5e4-a68d-4e9c-90f3-cf2a900d1e6b" />
    <UnitTestResult executionId="1fd8f6f1-eb20-4296-bef2-19e95f6a8294" testId="cdf79905-3a97-451d-ad92-f2215c5906ee" testName="Test115" computerName="UA-LPT-OGA2" duration="00:00:01.9470000" startTime="2025-05-14T13:20:31.3146610Z" endTime="2025-05-14T13:25:31.3147553Z" testType="13cdc9d9-ddb5-4fa4-a97d-d965ccfc6d4b" outcome="Passed" testListId="f220f5e4-a68d-4e9c-90f3-cf2a900d1e6b" />
    <UnitTestResult executionId="585cb41e-377f-4676-bc58-50f56a5c0de9" testId="5db509b7-1d95-46cd-bba8-15da22227f43" testName="Test116" computerName="UA-LPT-OGA2" duration="00:00:01.3310000" startTime="2025-05-14T13:20:31.3146610Z" endTime="2025-05-14T13:25:31.3147553Z" testType="13cdc9d9-ddb5-4fa4-a97d-d965ccfc6d4b" outcome="Passed" testListId="f220f5e4-a68d-4e9c-90f3-cf2a900d1e6b" />
    <UnitTestResult executionId="737248ea-b8b2-4310-a9b3-229d1ef2d2a6" testId="ca1c1cf1-f4e5-4140-b85b-8fc7c15fdb52" testName="Test117" computerName="UA-LPT-OGA2" duration="00:00:00.3850000" startTime="2025-05-14T13:20:31.3146610Z" endTime="2025-05-14T13:25:31.3147553Z" testType="13cdc9d9-ddb5-4fa4-a97d-d965ccfc6d4b" outcome="Passed" testListId="f220f5e4-a68d-4e9c-90f3-cf2a900d1e6b" />
    <UnitTestResult executionId="e62e33cc-ade6-47f4-97b5-00a3f066314a" testId="f988fabe-6ae6-464d-ad34-b5ac2ab9d5b2" testName="Test118" computerName="UA-LPT-OGA2" duration="00:00:00.9930000" startTime="2025-05-14T13:20:31.3146610Z" endTime="2025-05-14T13:25:31.3147553Z" testType="13cdc9d9-ddb5-4fa4-a97d-d965ccfc6d4b" outcome="Passed" testListId="f220f5e4-a68d-4e9c-90f3-cf2a900d1e6b" />
    <UnitTestResult executionId="af2096cf-1338-4a67-b61e-8ae496646294" testId="61870161-0ca4-421a-8e74-96936a19775f" testName="Test119" computerName="UA-LPT-OGA2" duration="00:00:01.9270000" startTime="2025-05-14T13:20:31.3146610Z" endTime="2025-05-14T13:25:31.3147553Z" testType="13cdc9d9-ddb5-4fa4-a97d-d965ccfc6d4b" outcome="Passed" testListId="f220f5e4-a68d-4e9c-90f3-cf2a900d1e6b" />
    <UnitTestResult executionId="b7dd92fa-847f-47af-b8a8-4187f0536a22" testId="dc425bb3-0dc7-469f-bbf4-621c79aa54fd" testName="Test120" computerName="UA-LPT-OGA2" duration="00:00:01.5230000" startTime="2025-05-14T13:20:31.3146610Z" endTime="2025-05-14T13:25:31.3147553Z" testType="13cdc9d9-ddb5-4fa4-a97d-d965ccfc6d4b" outcome="Passed" testListId="f220f5e4-a68d-4e9c-90f3-cf2a900d1e6b" />
    <UnitTestResult executionId="094d4a14-fca5-4736-af51-5f4f3b8efab1" testId="df1f207f-0365-4489-8066-c04f3cc763e1" testName="Test121" computerName="UA-LPT-OGA2" duration="00:00:01.5940000" startTime="2025-05-14T13:20:31.3146610Z" endTime="2025-05-14T13:25:31.3147553Z" testType="13cdc9d9-ddb5-4fa4-a97d-d965ccfc6d4b" outcome="Passed" testListId="f220f5e4-a68d-4e9c-90f3-cf2a900d1e6b" />
    <UnitTestResult executionId="98c50230-0a15-41af-ad79-f11030182340" testId="e4861538-8325-4c21-bfa7-0ca147a86949" testName="Test122" computerName="UA-LPT-OGA2" duration="00:00:00.4270000" startTime="2025-05-14T13:20:31.3146610Z" endTime="2025-05-14T13:25:31.3147553Z" testType="13cdc9d9-ddb5-4fa4-a97d-d965ccfc6d4b" outcome="Passed" testListId="f220f5e4-a68d-4e9c-90f3-cf2a900d1e6b" />
    <UnitTestResult executionId="ccb096cc-ee7a-4adf-a061-cc71487cf575" testId="1313aa28-60d9-4eed-8613-a82c756c243d" testName="Test123" computerName="UA-LPT-OGA2" duration="00:00:01.7110000" startTime="2025-05-14T13:20:31.3146610Z" endTime="2025-05-14T13:25:31.3147553Z" testType="13cdc9d9-ddb5-4fa4-a97d-d965ccfc6d4b" outcome="Failed" testListId="f220f5e4-a68d-4e9c-90f3-cf2a900d1e6b">
      <Output>
        <ErrorInfo>
          <Message>Assertion failed: Expected value did not match actual value.</Message>
          <StackTrace>   at TestNamespace.TestClass.Test() in TestClass.cs:line 234</StackTrace>
        </ErrorInfo>
      </Output>
    </UnitTestResult>
    <UnitTestResult executionId="a2da784b-0be4-4c01-b782-44a65aaec6e0" testId="f2c58a5e-642c-4f6e-9d08-d60e3fef97e2" testName="Test124" computerName="UA-LPT-OGA2" duration="00:00:00.8170000" startTime="2025-05-14T13:20:31.3146610Z" endTime="2025-05-14T13:25:31.3147553Z" testType="13cdc9d9-ddb5-4fa4-a97d-d965ccfc6d4b" outcome="Passed" testListId="f220f5e4-a68d-4e9c-90f3-cf2a900d1e6b" />
    <UnitTestResult executionId="5863f630-f68d-4cb1-8ff3-189785bad794" testId="c6ed4724-4a89-40d2-a72c-93b2e27a1ba0" testName="Test125" computerName="UA-LPT-OGA2" duration="00:00:01.9560000" startTime="2025-05-14T13:20:31.3146610Z" endTime="2025-05-14T13:25:31.3147553Z" testType="13cdc9d9-ddb5-4fa4-a97d-d965ccfc6d4b" outcome="Passed" testListId="f220f5e4-a68d-4e9c-90f3-cf2a900d1e6b" />
    <UnitTestResult executionId="e3799832-1487-4918-b03c-0fa228438e40" testId="ba5de6d9-f84c-40d3-b1fe-a804e193c5ac" testName="Test126" computerName="UA-LPT-OGA2" duration="00:00:01.4220000" startTime="2025-05-14T13:20:31.3146610Z" endTime="2025-05-14T13:25:31.3147553Z" testType="13cdc9d9-ddb5-4fa4-a97d-d965ccfc6d4b" outcome="Passed" testListId="f220f5e4-a68d-4e9c-90f3-cf2a900d1e6b" />
    <UnitTestResult executionId="d500217e-9cf3-4572-a7d5-df9583ea1018" testId="9cb2bc2c-ae78-4dd9-bedf-53ef700ea3d0" testName="Test127" computerName="UA-LPT-OGA2" duration="00:00:00.5780000" startTime="2025-05-14T13:20:31.3146610Z" endTime="2025-05-14T13:25:31.3147553Z" testType="13cdc9d9-ddb5-4fa4-a97d-d965ccfc6d4b" outcome="Passed" testListId="f220f5e4-a68d-4e9c-90f3-cf2a900d1e6b" />
    <UnitTestResult executionId="13686194-cb02-4b64-bb2b-b4e75389e30f" testId="4867a6b6-3b5b-4e2b-82fc-467ed302d7ec" testName="Test128" computerName="UA-LPT-OGA2" duration="00:00:00.6310000" startTime="2025-05-14T13:20:31.3146610Z" endTime="2025-05-14T13:25:31.3147553Z" testType="13cdc9d9-ddb5-4fa4-a97d-d965ccfc6d4b" outcome="Passed" testListId="f220f5e4-a68d-4e9c-90f3-cf2a900d1e6b" />
    <UnitTestResult executionId="2a886b0d-dc9e-4eab-bfbe-6b75f626d817" testId="9e571598-7d1a-406a-892e-a2db7c841a0f" testName="Test129" computerName="UA-LPT-OGA2" duration="00:00:00.6050000" startTime="2025-05-14T13:20:31.3146610Z" endTime="2025-05-14T13:25:31.3147553Z" testType="13cdc9d9-ddb5-4fa4-a97d-d965ccfc6d4b" outcome="Passed" testListId="f220f5e4-a68d-4e9c-90f3-cf2a900d1e6b" />
    <UnitTestResult executionId="6a0b438d-43d8-4483-beca-2e3463c2f338" testId="29b32167-b54e-4de3-8b7b-fb8cca0a01e1" testName="Test130" computerName="UA-LPT-OGA2" duration="00:00:01.6370000" startTime="2025-05-14T13:20:31.3146610Z" endTime="2025-05-14T13:25:31.3147553Z" testType="13cdc9d9-ddb5-4fa4-a97d-d965ccfc6d4b" outcome="Passed" testListId="f220f5e4-a68d-4e9c-90f3-cf2a900d1e6b" />
    <UnitTestResult executionId="7777bbca-a05a-47f5-808f-968cc92819d2" testId="2f18dbb4-222e-4a0d-a835-0746cd48dbc6" testName="Test131" computerName="UA-LPT-OGA2" duration="00:00:01.5360000" startTime="2025-05-14T13:20:31.3146610Z" endTime="2025-05-14T13:25:31.3147553Z" testType="13cdc9d9-ddb5-4fa4-a97d-d965ccfc6d4b" outcome="Passed" testListId="f220f5e4-a68d-4e9c-90f3-cf2a900d1e6b" />
    <UnitTestResult executionId="69b57762-ff0f-4226-b58b-4d8d796f1792" testId="0abdb3e1-aaa4-4ca8-9312-dab7d1d6f08d" testName="Test132" computerName="UA-LPT-OGA2" duration="00:00:00.3060000" startTime="2025-05-14T13:20:31.3146610Z" endTime="2025-05-14T13:25:31.3147553Z" testType="13cdc9d9-ddb5-4fa4-a97d-d965ccfc6d4b" outcome="Passed" testListId="f220f5e4-a68d-4e9c-90f3-cf2a900d1e6b" />
    <UnitTestResult executionId="3e801a0a-76e4-4db2-8c99-93ce01e484f3" testId="a2afa789-562e-46a9-950a-4672b1c0bf59" testName="Test133" computerName="UA-LPT-OGA2" duration="00:00:00.8380000" startTime="2025-05-14T13:20:31.3146610Z" endTime="2025-05-14T13:25:31.3147553Z" testType="13cdc9d9-ddb5-4fa4-a97d-d965ccfc6d4b" outcome="Passed" testListId="f220f5e4-a68d-4e9c-90f3-cf2a900d1e6b" />
    <UnitTestResult executionId="8f20b0a8-43d9-4b05-a931-d91427481d3f" testId="dc3bd7e8-3954-4e92-bb7e-7624855d22d3" testName="Test134" computerName="UA-LPT-OGA2" duration="00:00:01.7040000" startTime="2025-05-14T13:20:31.3146610Z" endTime="2025-05-14T13:25:31.3147553Z" testType="13cdc9d9-ddb5-4fa4-a97d-d965ccfc6d4b" outcome="Passed" testListId="f220f5e4-a68d-4e9c-90f3-cf2a900d1e6b" />
    <UnitTestResult executionId="d8f1d4e2-5b03-40fb-be60-1d974ec124c1" testId="46bf5170-4f25-4a55-a69e-2eb7f50f1783" testName="Test135" computerName="UA-LPT-OGA2" duration="00:00:00.2810000" startTime="2025-05-14T13:20:31.3146610Z" endTime="2025-05-14T13:25:31.3147553Z" testType="13cdc9d9-ddb5-4fa4-a97d-d965ccfc6d4b" outcome="Passed" testListId="f220f5e4-a68d-4e9c-90f3-cf2a900d1e6b" />
    <UnitTestResult executionId="745445a5-922a-4682-af19-5adecf7646c2" testId="9fd758a6-ee08-4489-a5d2-dd8f3fe7a27d" testName="Test136" computerName="UA-LPT-OGA2" duration="00:00:00.8180000" startTime="2025-05-14T13:20:31.3146610Z" endTime="2025-05-14T13:25:31.3147553Z" testType="13cdc9d9-ddb5-4fa4-a97d-d965ccfc6d4b" outcome="Failed" testListId="f220f5e4-a68d-4e9c-90f3-cf2a900d1e6b">
      <Output>
        <ErrorInfo>
          <Message>Assertion failed: Expected value did not match actual value.</Message>
          <StackTrace>   at TestNamespace.TestClass.Test() in TestClass.cs:line 56</StackTrace>
        </ErrorInfo>
      </Output>
    </UnitTestResult>
    <UnitTestResult executionId="cf27033b-049e-4513-bd08-89f1eee26d26" testId="be5cef4a-f9fa-4870-af94-c666ef66d11b" testName="Test137" computerName="UA-LPT-OGA2" duration="00:00:00.6180000" startTime="2025-05-14T13:20:31.3146610Z" endTime="2025-05-14T13:25:31.3147553Z" testType="13cdc9d9-ddb5-4fa4-a97d-d965ccfc6d4b" outcome="Passed" testListId="f220f5e4-a68d-4e9c-90f3-cf2a900d1e6b" />
    <UnitTestResult executionId="65c7c766-6fb5-4f00-ad68-3150ce8eef2d" testId="d611f48a-48a0-4e6f-a581-42ab3fe590bb" testName="Test138" computerName="UA-LPT-OGA2" duration="00:00:01.6910000" startTime="2025-05-14T13:20:31.3146610Z" endTime="2025-05-14T13:25:31.3147553Z" testType="13cdc9d9-ddb5-4fa4-a97d-d965ccfc6d4b" outcome="Passed" testListId="f220f5e4-a68d-4e9c-90f3-cf2a900d1e6b" />
    <UnitTestResult executionId="dadc7dc2-4563-4f9c-b61c-da940f8c0c75" testId="7d11d4a7-af28-4048-94c3-0d9dededcf05" testName="Test139" computerName="UA-LPT-OGA2" duration="00:00:00.6840000" startTime="2025-05-14T13:20:31.3146610Z" endTime="2025-05-14T13:25:31.3147553Z" testType="13cdc9d9-ddb5-4fa4-a97d-d965ccfc6d4b" outcome="Passed" testListId="f220f5e4-a68d-4e9c-90f3-cf2a900d1e6b" />
    <UnitTestResult executionId="b573e886-aedb-4983-96e0-550b18e73af2" testId="290e2134-8320-4a44-8532-a5e6cb42987f" testName="Test140" computerName="UA-LPT-OGA2" duration="00:00:00.6480000" startTime="2025-05-14T13:20:31.3146610Z" endTime="2025-05-14T13:25:31.3147553Z" testType="13cdc9d9-ddb5-4fa4-a97d-d965ccfc6d4b" outcome="Passed" testListId="f220f5e4-a68d-4e9c-90f3-cf2a900d1e6b" />
    <UnitTestResult executionId="5561af0b-5c21-46b4-bede-287c254cb7a4" testId="97eff840-e6cd-49bb-bc3c-a88ec1522573" testName="Test141" computerName="UA-LPT-OGA2" duration="00:00:00.1440000" startTime="2025-05-14T13:20:31.3146610Z" endTime="2025-05-14T13:25:31.3147553Z" testType="13cdc9d9-ddb5-4fa4-a97d-d965ccfc6d4b" outcome="Passed" testListId="f220f5e4-a68d-4e9c-90f3-cf2a900d1e6b" />
    <UnitTestResult executionId="d5082fd5-f8b1-416b-8e56-9a319274b326" testId="8519523a-4b16-4bb0-93b0-cc4ea294f05c" testName="Test142" computerName="UA-LPT-OGA2" duration="00:00:01.2600000" startTime="2025-05-14T13:20:31.3146610Z" endTime="2025-05-14T13:25:31.3147553Z" testType="13cdc9d9-ddb5-4fa4-a97d-d965ccfc6d4b" outcome="Passed" testListId="f220f5e4-a68d-4e9c-90f3-cf2a900d1e6b" />
    <UnitTestResult executionId="02355acb-c700-40b2-b7f7-b9c4f1cc009b" testId="6ea00ba6-23ea-45f1-bdba-0aada0e7cf19" testName="Test143" computerName="UA-LPT-OGA2" duration="00:00:00.9440000" startTime="2025-05-14T13:20:31.3146610Z" endTime="2025-05-14T13:25:31.3147553Z" testType="13cdc9d9-ddb5-4fa4-a97d-d965ccfc6d4b" outcome="Passed" testListId="f220f5e4-a68d-4e9c-90f3-cf2a900d1e6b" />
    <UnitTestResult executionId="16c7f61e-1ab7-4983-837e-9a727a8e5a00" testId="9f43f6d9-6be9-4a75-b473-ee9161d7a9b7" testName="Test144" computerName="UA-LPT-OGA2" duration="00:00:00.8430000" startTime="2025-05-14T13:20:31.3146610Z" endTime="2025-05-14T13:25:31.3147553Z" testType="13cdc9d9-ddb5-4fa4-a97d-d965ccfc6d4b" outcome="Passed" testListId="f220f5e4-a68d-4e9c-90f3-cf2a900d1e6b" />
    <UnitTestResult executionId="5a066984-37f9-4388-8019-4c96fc9beb8b" testId="7d5ca893-d5f6-4f7a-890d-3d3e16ba62ca" testName="Test145" computerName="UA-LPT-OGA2" duration="00:00:00.5930000" startTime="2025-05-14T13:20:31.3146610Z" endTime="2025-05-14T13:25:31.3147553Z" testType="13cdc9d9-ddb5-4fa4-a97d-d965ccfc6d4b" outcome="Passed" testListId="f220f5e4-a68d-4e9c-90f3-cf2a900d1e6b" />
    <UnitTestResult executionId="c8d13e27-aabc-4bdc-b7ee-9d7d1c73a79e" testId="8a00f68f-cec5-4371-8dd9-716f60859368" testName="Test146" computerName="UA-LPT-OGA2" duration="00:00:01.6030000" startTime="2025-05-14T13:20:31.3146610Z" endTime="2025-05-14T13:25:31.3147553Z" testType="13cdc9d9-ddb5-4fa4-a97d-d965ccfc6d4b" outcome="Passed" testListId="f220f5e4-a68d-4e9c-90f3-cf2a900d1e6b" />
    <UnitTestResult executionId="ce0b300e-94aa-42bd-abae-ce9cc37f1820" testId="08b934c0-f9c4-4458-8495-20d32d9846ae" testName="Test147" computerName="UA-LPT-OGA2" duration="00:00:01.3820000" startTime="2025-05-14T13:20:31.3146610Z" endTime="2025-05-14T13:25:31.3147553Z" testType="13cdc9d9-ddb5-4fa4-a97d-d965ccfc6d4b" outcome="Inconclusive" testListId="f220f5e4-a68d-4e9c-90f3-cf2a900d1e6b" />
    <UnitTestResult executionId="1930043d-c929-473d-af25-0e2baaa1d525" testId="e69def1c-1b83-4beb-8254-baf282d8dfda" testName="Test148" computerName="UA-LPT-OGA2" duration="00:00:00.8310000" startTime="2025-05-14T13:20:31.3146610Z" endTime="2025-05-14T13:25:31.3147553Z" testType="13cdc9d9-ddb5-4fa4-a97d-d965ccfc6d4b" outcome="Passed" testListId="f220f5e4-a68d-4e9c-90f3-cf2a900d1e6b" />
    <UnitTestResult executionId="dd5d4b32-429c-46a9-8ad6-4078c20e69f2" testId="0907176a-3c06-48e9-898d-2e731cd6fda2" testName="Test149" computerName="UA-LPT-OGA2" duration="00:00:01.2930000" startTime="2025-05-14T13:20:31.3146610Z" endTime="2025-05-14T13:25:31.3147553Z" testType="13cdc9d9-ddb5-4fa4-a97d-d965ccfc6d4b" outcome="Passed" testListId="f220f5e4-a68d-4e9c-90f3-cf2a900d1e6b" />
    <UnitTestResult executionId="49559594-c87d-4d5c-b097-5e2dec7faa04" testId="7719f90d-abd7-4786-9d24-d9d0e0d4e664" testName="Test150" computerName="UA-LPT-OGA2" duration="00:00:01.1810000" startTime="2025-05-14T13:20:31.3146610Z" endTime="2025-05-14T13:25:31.3147553Z" testType="13cdc9d9-ddb5-4fa4-a97d-d965ccfc6d4b" outcome="Passed" testListId="f220f5e4-a68d-4e9c-90f3-cf2a900d1e6b" />
    <UnitTestResult executionId="540bedb6-e840-4b92-9eae-e5f13385f48c" testId="7d98c958-bd8e-43d9-8484-d89f67c14cdd" testName="Test151" computerName="UA-LPT-OGA2" duration="00:00:00.1910000" startTime="2025-05-14T13:20:31.3146610Z" endTime="2025-05-14T13:25:31.3147553Z" testType="13cdc9d9-ddb5-4fa4-a97d-d965ccfc6d4b" outcome="Passed" testListId="f220f5e4-a68d-4e9c-90f3-cf2a900d1e6b" />
    <UnitTestResult executionId="a1877919-df9a-4d6f-a16d-1b08267eefba" testId="14fe8020-1077-457c-b108-bb041bc5dbbf" testName="Test152" computerName="UA-LPT-OGA2" duration="00:00:00.4930000" startTime="2025-05-14T13:20:31.3146610Z" endTime="2025-05-14T13:25:31.3147553Z" testType="13cdc9d9-ddb5-4fa4-a97d-d965ccfc6d4b" outcome="Passed" testListId="f220f5e4-a68d-4e9c-90f3-cf2a900d1e6b" />
    <UnitTestResult executionId="a12a3525-6464-46fc-86f8-fb789f607432" testId="480d68ea-5982-43a9-b534-9f19bc26c91c" testName="Test153" computerName="UA-LPT-OGA2" duration="00:00:00.7660000" startTime="2025-05-14T13:20:31.3146610Z" endTime="2025-05-14T13:25:31.3147553Z" testType="13cdc9d9-ddb5-4fa4-a97d-d965ccfc6d4b" outcome="Passed" testListId="f220f5e4-a68d-4e9c-90f3-cf2a900d1e6b" />
    <UnitTestResult executionId="08df24e5-62d1-46c6-a20e-d438ebaa874e" testId="1294ea45-e36a-4a2f-93a6-37a0a726508b" testName="Test154" computerName="UA-LPT-OGA2" duration="00:00:01.9450000" startTime="2025-05-14T13:20:31.3146610Z" endTime="2025-05-14T13:25:31.3147553Z" testType="13cdc9d9-ddb5-4fa4-a97d-d965ccfc6d4b" outcome="Passed" testListId="f220f5e4-a68d-4e9c-90f3-cf2a900d1e6b" />
    <UnitTestResult executionId="31fa8d1e-47a3-4db4-9805-4279c24ec818" testId="6ec36f8f-3d99-4f88-8a78-07305b9e57db" testName="Test155" computerName="UA-LPT-OGA2" duration="00:00:01.7580000" startTime="2025-05-14T13:20:31.3146610Z" endTime="2025-05-14T13:25:31.3147553Z" testType="13cdc9d9-ddb5-4fa4-a97d-d965ccfc6d4b" outcome="Passed" testListId="f220f5e4-a68d-4e9c-90f3-cf2a900d1e6b" />
    <UnitTestResult executionId="0748520a-5d6c-4979-a926-9c010a805a04" testId="c39f97b0-519c-4e59-8e8d-c7981d3e6728" testName="Test156" computerName="UA-LPT-OGA2" duration="00:00:00.6550000" startTime="2025-05-14T13:20:31.3146610Z" endTime="2025-05-14T13:25:31.3147553Z" testType="13cdc9d9-ddb5-4fa4-a97d-d965ccfc6d4b" outcome="Passed" testListId="f220f5e4-a68d-4e9c-90f3-cf2a900d1e6b" />
    <UnitTestResult executionId="4c1263b3-3401-474f-9d3b-962e7755f02e" testId="6d6f5a72-c798-4bc1-8ecf-1f8c50310324" testName="Test157" computerName="UA-LPT-OGA2" duration="00:00:00.8340000" startTime="2025-05-14T13:20:31.3146610Z" endTime="2025-05-14T13:25:31.3147553Z" testType="13cdc9d9-ddb5-4fa4-a97d-d965ccfc6d4b" outcome="Passed" testListId="f220f5e4-a68d-4e9c-90f3-cf2a900d1e6b" />
    <UnitTestResult executionId="a2961ad9-bc1a-4da9-affa-7301202c09b9" testId="3b1d5af4-0e2a-4c18-9e1d-10e69b7122b6" testName="Test158" computerName="UA-LPT-OGA2" duration="00:00:01.2290000" startTime="2025-05-14T13:20:31.3146610Z" endTime="2025-05-14T13:25:31.3147553Z" testType="13cdc9d9-ddb5-4fa4-a97d-d965ccfc6d4b" outcome="Passed" testListId="f220f5e4-a68d-4e9c-90f3-cf2a900d1e6b" />
    <UnitTestResult executionId="ff535a60-1f83-43d2-b91f-862623472a97" testId="6ede2c10-48b3-4216-ac31-19c5ebcecc67" testName="Test159" computerName="UA-LPT-OGA2" duration="00:00:00.6840000" startTime="2025-05-14T13:20:31.3146610Z" endTime="2025-05-14T13:25:31.3147553Z" testType="13cdc9d9-ddb5-4fa4-a97d-d965ccfc6d4b" outcome="Passed" testListId="f220f5e4-a68d-4e9c-90f3-cf2a900d1e6b" />
    <UnitTestResult executionId="590903e0-b84e-4d88-9245-75a7c1387901" testId="539ae8cf-5bf5-436a-8673-50d739b17eb4" testName="Test160" computerName="UA-LPT-OGA2" duration="00:00:01.0070000" startTime="2025-05-14T13:20:31.3146610Z" endTime="2025-05-14T13:25:31.3147553Z" testType="13cdc9d9-ddb5-4fa4-a97d-d965ccfc6d4b" outcome="Passed" testListId="f220f5e4-a68d-4e9c-90f3-cf2a900d1e6b" />
    <UnitTestResult executionId="0b51f185-368a-4da3-b428-f775cebd3a05" testId="d3aa4505-92b5-45b9-9e65-262ddb25923c" testName="Test161" computerName="UA-LPT-OGA2" duration="00:00:00.2610000" startTime="2025-05-14T13:20:31.3146610Z" endTime="2025-05-14T13:25:31.3147553Z" testType="13cdc9d9-ddb5-4fa4-a97d-d965ccfc6d4b" outcome="Passed" testListId="f220f5e4-a68d-4e9c-90f3-cf2a900d1e6b" />
    <UnitTestResult executionId="7384876a-6e1f-4a44-8486-449584b97b45" testId="acec5947-9ec9-41d8-aff3-83ecf8cd0e82" testName="Test162" computerName="UA-LPT-OGA2" duration="00:00:00.8850000" startTime="2025-05-14T13:20:31.3146610Z" endTime="2025-05-14T13:25:31.3147553Z" testType="13cdc9d9-ddb5-4fa4-a97d-d965ccfc6d4b" outcome="Passed" testListId="f220f5e4-a68d-4e9c-90f3-cf2a900d1e6b" />
    <UnitTestResult executionId="7607a501-06b5-4d81-85f0-352b0696ac70" testId="fa067390-8256-41da-86d4-7734c4b62bc7" testName="Test163" computerName="UA-LPT-OGA2" duration="00:00:01.5870000" startTime="2025-05-14T13:20:31.3146610Z" endTime="2025-05-14T13:25:31.3147553Z" testType="13cdc9d9-ddb5-4fa4-a97d-d965ccfc6d4b" outcome="Passed" testListId="f220f5e4-a68d-4e9c-90f3-cf2a900d1e6b" />
    <UnitTestResult executionId="a9199193-689e-4071-96eb-4341c499d06e" testId="3f3f809e-9288-4c55-8bed-de81649879f7" testName="Test164" computerName="UA-LPT-OGA2" duration="00:00:01.4540000" startTime="2025-05-14T13:20:31.3146610Z" endTime="2025-05-14T13:25:31.3147553Z" testType="13cdc9d9-ddb5-4fa4-a97d-d965ccfc6d4b" outcome="Passed" testListId="f220f5e4-a68d-4e9c-90f3-cf2a900d1e6b" />
    <UnitTestResult executionId="9f0c70ed-f6a9-4d57-aa09-a297db246f92" testId="116943a2-8c08-437b-b9ab-567742b4c86a" testName="Test165" computerName="UA-LPT-OGA2" duration="00:00:01.5770000" startTime="2025-05-14T13:20:31.3146610Z" endTime="2025-05-14T13:25:31.3147553Z" testType="13cdc9d9-ddb5-4fa4-a97d-d965ccfc6d4b" outcome="Passed" testListId="f220f5e4-a68d-4e9c-90f3-cf2a900d1e6b" />
    <UnitTestResult executionId="1295b249-9c77-4d1b-8734-fb3c4e036aca" testId="4e7f4156-3254-4777-aaa2-a17962dca12d" testName="Test166" computerName="UA-LPT-OGA2" duration="00:00:00.5480000" startTime="2025-05-14T13:20:31.3146610Z" endTime="2025-05-14T13:25:31.3147553Z" testType="13cdc9d9-ddb5-4fa4-a97d-d965ccfc6d4b" outcome="Failed" testListId="f220f5e4-a68d-4e9c-90f3-cf2a900d1e6b">
      <Output>
        <ErrorInfo>
          <Message>Assertion failed: Expected value did not match actual value.</Message>
          <StackTrace>   at TestNamespace.TestClass.Test() in TestClass.cs:line 424</StackTrace>
        </ErrorInfo>
      </Output>
    </UnitTestResult>
    <UnitTestResult executionId="29bfca38-ff9f-4b43-9115-b81deeb7583e" testId="1fe0f49a-2a86-47f2-8da5-de08159366d5" testName="Test167" computerName="UA-LPT-OGA2" duration="00:00:00.8230000" startTime="2025-05-14T13:20:31.3146610Z" endTime="2025-05-14T13:25:31.3147553Z" testType="13cdc9d9-ddb5-4fa4-a97d-d965ccfc6d4b" outcome="Passed" testListId="f220f5e4-a68d-4e9c-90f3-cf2a900d1e6b" />
    <UnitTestResult executionId="65210535-8f29-48f0-80f4-004d64c3f14d" testId="01fb67f4-0c18-432f-a991-42555e836f88" testName="Test168" computerName="UA-LPT-OGA2" duration="00:00:01.3920000" startTime="2025-05-14T13:20:31.3146610Z" endTime="2025-05-14T13:25:31.3147553Z" testType="13cdc9d9-ddb5-4fa4-a97d-d965ccfc6d4b" outcome="Passed" testListId="f220f5e4-a68d-4e9c-90f3-cf2a900d1e6b" />
    <UnitTestResult executionId="fa53fabd-53c4-49c3-9b5b-50e0655f54b4" testId="4348f910-f7b8-46ab-a0d0-aba3ba180c2b" testName="Test169" computerName="UA-LPT-OGA2" duration="00:00:00.8480000" startTime="2025-05-14T13:20:31.3146610Z" endTime="2025-05-14T13:25:31.3147553Z" testType="13cdc9d9-ddb5-4fa4-a97d-d965ccfc6d4b" outcome="Passed" testListId="f220f5e4-a68d-4e9c-90f3-cf2a900d1e6b" />
    <UnitTestResult executionId="203f8e35-c615-4016-90ac-329f1f417614" testId="1a4d7818-0695-4538-a4ae-301b8cab729a" testName="Test170" computerName="UA-LPT-OGA2" duration="00:00:00.3000000" startTime="2025-05-14T13:20:31.3146610Z" endTime="2025-05-14T13:25:31.3147553Z" testType="13cdc9d9-ddb5-4fa4-a97d-d965ccfc6d4b" outcome="Passed" testListId="f220f5e4-a68d-4e9c-90f3-cf2a900d1e6b" />
    <UnitTestResult executionId="bf0846a5-a698-4008-b6a7-439451d5c31e" testId="c14f06e6-84c1-430d-9d9d-9ab36e1746d2" testName="Test171" computerName="UA-LPT-OGA2" duration="00:00:00.0350000" startTime="2025-05-14T13:20:31.3146610Z" endTime="2025-05-14T13:25:31.3147553Z" testType="13cdc9d9-ddb5-4fa4-a97d-d965ccfc6d4b" outcome="Failed" testListId="f220f5e4-a68d-4e9c-90f3-cf2a900d1e6b">
      <Output>
        <ErrorInfo>
          <Message>Assertion failed: Expected value did not match actual value.</Message>
          <StackTrace>   at TestNamespace.TestClass.Test() in TestClass.cs:line 363</StackTrace>
        </ErrorInfo>
      </Output>
    </UnitTestResult>
    <UnitTestResult executionId="01ac5165-b9be-4494-bf67-958f9852426b" testId="f662a565-1b72-40f7-ab7f-c60a6757f31f" testName="Test172" computerName="UA-LPT-OGA2" duration="00:00:00.1830000" startTime="2025-05-14T13:20:31.3146610Z" endTime="2025-05-14T13:25:31.3147553Z" testType="13cdc9d9-ddb5-4fa4-a97d-d965ccfc6d4b" outcome="Failed" testListId="f220f5e4-a68d-4e9c-90f3-cf2a900d1e6b">
      <Output>
        <ErrorInfo>
          <Message>Assertion failed: Expected value did not match actual value.</Message>
          <StackTrace>   at TestNamespace.TestClass.Test() in TestClass.cs:line 65</StackTrace>
        </ErrorInfo>
      </Output>
    </UnitTestResult>
    <UnitTestResult executionId="c7b5cb5e-e9f8-4500-9c67-6036f4a94997" testId="03c86d02-04ca-4602-91bd-34812119d831" testName="Test173" computerName="UA-LPT-OGA2" duration="00:00:00.8650000" startTime="2025-05-14T13:20:31.3146610Z" endTime="2025-05-14T13:25:31.3147553Z" testType="13cdc9d9-ddb5-4fa4-a97d-d965ccfc6d4b" outcome="Passed" testListId="f220f5e4-a68d-4e9c-90f3-cf2a900d1e6b" />
    <UnitTestResult executionId="12f64fb5-b98a-4a55-9f9c-d4158e7e1ad1" testId="f4e2b153-2ffd-4ff4-a93d-cbf9f7199da6" testName="Test174" computerName="UA-LPT-OGA2" duration="00:00:01.7170000" startTime="2025-05-14T13:20:31.3146610Z" endTime="2025-05-14T13:25:31.3147553Z" testType="13cdc9d9-ddb5-4fa4-a97d-d965ccfc6d4b" outcome="Passed" testListId="f220f5e4-a68d-4e9c-90f3-cf2a900d1e6b" />
    <UnitTestResult executionId="49dec706-cc27-486c-9ba3-c22e16a1ca29" testId="d54bd458-301c-4ee1-880c-b29a2d57272a" testName="Test175" computerName="UA-LPT-OGA2" duration="00:00:01.5250000" startTime="2025-05-14T13:20:31.3146610Z" endTime="2025-05-14T13:25:31.3147553Z" testType="13cdc9d9-ddb5-4fa4-a97d-d965ccfc6d4b" outcome="Failed" testListId="f220f5e4-a68d-4e9c-90f3-cf2a900d1e6b">
      <Output>
        <ErrorInfo>
          <Message>Assertion failed: Expected value did not match actual value.</Message>
          <StackTrace>   at TestNamespace.TestClass.Test() in TestClass.cs:line 261</StackTrace>
        </ErrorInfo>
      </Output>
    </UnitTestResult>
    <UnitTestResult executionId="3ced43d5-50eb-4105-b903-a76b3c46c4b2" testId="94499c03-ea05-426b-a94a-c28f6dc54676" testName="Test176" computerName="UA-LPT-OGA2" duration="00:00:01.1250000" startTime="2025-05-14T13:20:31.3146610Z" endTime="2025-05-14T13:25:31.3147553Z" testType="13cdc9d9-ddb5-4fa4-a97d-d965ccfc6d4b" outcome="Passed" testListId="f220f5e4-a68d-4e9c-90f3-cf2a900d1e6b" />
    <UnitTestResult executionId="5b00beae-3ec4-4a3b-9c1f-a35cf9770474" testId="6fe5b344-933c-4e8f-8881-c2086ff3ab58" testName="Test177" computerName="UA-LPT-OGA2" duration="00:00:00.0680000" startTime="2025-05-14T13:20:31.3146610Z" endTime="2025-05-14T13:25:31.3147553Z" testType="13cdc9d9-ddb5-4fa4-a97d-d965ccfc6d4b" outcome="Passed" testListId="f220f5e4-a68d-4e9c-90f3-cf2a900d1e6b" />
    <UnitTestResult executionId="8b6376c0-d556-4797-8e90-74ff88e40837" testId="b7f9dfc2-d63d-4fc8-97c7-c59065f7afc8" testName="Test178" computerName="UA-LPT-OGA2" duration="00:00:01.7620000" startTime="2025-05-14T13:20:31.3146610Z" endTime="2025-05-14T13:25:31.3147553Z" testType="13cdc9d9-ddb5-4fa4-a97d-d965ccfc6d4b" outcome="Passed" testListId="f220f5e4-a68d-4e9c-90f3-cf2a900d1e6b" />
    <UnitTestResult executionId="e6392977-361b-4bcd-a3ac-afd538c7cf63" testId="97310ef8-d5ea-4286-a990-98a29f0ecb1d" testName="Test179" computerName="UA-LPT-OGA2" duration="00:00:00.7140000" startTime="2025-05-14T13:20:31.3146610Z" endTime="2025-05-14T13:25:31.3147553Z" testType="13cdc9d9-ddb5-4fa4-a97d-d965ccfc6d4b" outcome="Passed" testListId="f220f5e4-a68d-4e9c-90f3-cf2a900d1e6b" />
    <UnitTestResult executionId="04256f89-0577-473a-afd8-34ee3f4711cb" testId="c6546465-3177-43f7-b4c5-0371db2910c0" testName="Test180" computerName="UA-LPT-OGA2" duration="00:00:01.1710000" startTime="2025-05-14T13:20:31.3146610Z" endTime="2025-05-14T13:25:31.3147553Z" testType="13cdc9d9-ddb5-4fa4-a97d-d965ccfc6d4b" outcome="Passed" testListId="f220f5e4-a68d-4e9c-90f3-cf2a900d1e6b" />
    <UnitTestResult executionId="48ce1cfd-fcf1-4fe3-b50b-1ec51f903eab" testId="9467c171-f00a-4f84-844f-d9e9b5fec3e0" testName="Test181" computerName="UA-LPT-OGA2" duration="00:00:00.5200000" startTime="2025-05-14T13:20:31.3146610Z" endTime="2025-05-14T13:25:31.3147553Z" testType="13cdc9d9-ddb5-4fa4-a97d-d965ccfc6d4b" outcome="Passed" testListId="f220f5e4-a68d-4e9c-90f3-cf2a900d1e6b" />
    <UnitTestResult executionId="0363c901-7f91-4838-bc27-aa21dc513cf2" testId="07012589-f1bb-495a-9be2-59a364c5f186" testName="Test182" computerName="UA-LPT-OGA2" duration="00:00:00.9230000" startTime="2025-05-14T13:20:31.3146610Z" endTime="2025-05-14T13:25:31.3147553Z" testType="13cdc9d9-ddb5-4fa4-a97d-d965ccfc6d4b" outcome="Passed" testListId="f220f5e4-a68d-4e9c-90f3-cf2a900d1e6b" />
    <UnitTestResult executionId="f907c6b3-122c-485e-aaef-f235ae5f9df5" testId="a6aca49b-a3cd-4b69-bf7f-92046422c102" testName="Test183" computerName="UA-LPT-OGA2" duration="00:00:01.2980000" startTime="2025-05-14T13:20:31.3146610Z" endTime="2025-05-14T13:25:31.3147553Z" testType="13cdc9d9-ddb5-4fa4-a97d-d965ccfc6d4b" outcome="Passed" testListId="f220f5e4-a68d-4e9c-90f3-cf2a900d1e6b" />
    <UnitTestResult executionId="d65cba21-7f20-4bbf-93bd-a01e3afdfb8b" testId="03f2e098-55f5-4251-b9ec-0a87b3ef55d4" testName="Test184" computerName="UA-LPT-OGA2" duration="00:00:01.5260000" startTime="2025-05-14T13:20:31.3146610Z" endTime="2025-05-14T13:25:31.3147553Z" testType="13cdc9d9-ddb5-4fa4-a97d-d965ccfc6d4b" outcome="Failed" testListId="f220f5e4-a68d-4e9c-90f3-cf2a900d1e6b">
      <Output>
        <ErrorInfo>
          <Message>Assertion failed: Expected value did not match actual value.</Message>
          <StackTrace>   at TestNamespace.TestClass.Test() in TestClass.cs:line 428</StackTrace>
        </ErrorInfo>
      </Output>
    </UnitTestResult>
    <UnitTestResult executionId="2649fd38-0d8e-449e-b878-8c0448419583" testId="4e0282ce-676a-4e87-90d5-483b2d008f8d" testName="Test185" computerName="UA-LPT-OGA2" duration="00:00:01.2820000" startTime="2025-05-14T13:20:31.3146610Z" endTime="2025-05-14T13:25:31.3147553Z" testType="13cdc9d9-ddb5-4fa4-a97d-d965ccfc6d4b" outcome="Passed" testListId="f220f5e4-a68d-4e9c-90f3-cf2a900d1e6b" />
    <UnitTestResult executionId="9dc0afe6-219f-4302-a313-f7461972d603" testId="26b302fd-60d0-4bf3-99d7-dbc6b9cc3c4d" testName="Test186" computerName="UA-LPT-OGA2" duration="00:00:01.4660000" startTime="2025-05-14T13:20:31.3146610Z" endTime="2025-05-14T13:25:31.3147553Z" testType="13cdc9d9-ddb5-4fa4-a97d-d965ccfc6d4b" outcome="Passed" testListId="f220f5e4-a68d-4e9c-90f3-cf2a900d1e6b" />
    <UnitTestResult executionId="f62b9806-31f4-48ae-a3c6-42ca78e04c5e" testId="15fb37f8-0e5b-421a-888d-ce6b2a309d83" testName="Test187" computerName="UA-LPT-OGA2" duration="00:00:01.8620000" startTime="2025-05-14T13:20:31.3146610Z" endTime="2025-05-14T13:25:31.3147553Z" testType="13cdc9d9-ddb5-4fa4-a97d-d965ccfc6d4b" outcome="Passed" testListId="f220f5e4-a68d-4e9c-90f3-cf2a900d1e6b" />
    <UnitTestResult executionId="6a322f7e-9016-4e10-8776-4ca343bcb0c5" testId="4080c760-a6b9-4d70-b57f-900704533e42" testName="Test188" computerName="UA-LPT-OGA2" duration="00:00:00.6560000" startTime="2025-05-14T13:20:31.3146610Z" endTime="2025-05-14T13:25:31.3147553Z" testType="13cdc9d9-ddb5-4fa4-a97d-d965ccfc6d4b" outcome="Passed" testListId="f220f5e4-a68d-4e9c-90f3-cf2a900d1e6b" />
    <UnitTestResult executionId="ac9404e8-4cf8-45b0-b967-95aab54ff2a9" testId="a241d1ab-f986-459d-91d1-29da48309275" testName="Test189" computerName="UA-LPT-OGA2" duration="00:00:00.2810000" startTime="2025-05-14T13:20:31.3146610Z" endTime="2025-05-14T13:25:31.3147553Z" testType="13cdc9d9-ddb5-4fa4-a97d-d965ccfc6d4b" outcome="Passed" testListId="f220f5e4-a68d-4e9c-90f3-cf2a900d1e6b" />
    <UnitTestResult executionId="908f6e01-b57c-48b3-b711-3707f9dd3394" testId="1fe23eaa-04c1-4d75-ba6a-a00ef3f9634f" testName="Test190" computerName="UA-LPT-OGA2" duration="00:00:00.2850000" startTime="2025-05-14T13:20:31.3146610Z" endTime="2025-05-14T13:25:31.3147553Z" testType="13cdc9d9-ddb5-4fa4-a97d-d965ccfc6d4b" outcome="Passed" testListId="f220f5e4-a68d-4e9c-90f3-cf2a900d1e6b" />
    <UnitTestResult executionId="1506e26a-1597-4d6c-be2c-aaf20df5a800" testId="bdcefe7d-ea32-4df4-9fe2-90fa43ff0ef1" testName="Test191" computerName="UA-LPT-OGA2" duration="00:00:01.3430000" startTime="2025-05-14T13:20:31.3146610Z" endTime="2025-05-14T13:25:31.3147553Z" testType="13cdc9d9-ddb5-4fa4-a97d-d965ccfc6d4b" outcome="Passed" testListId="f220f5e4-a68d-4e9c-90f3-cf2a900d1e6b" />
    <UnitTestResult executionId="b041cdd4-8e54-414e-88c8-99e1f5c4aa02" testId="b3fd533d-8de4-480e-a5b9-013a61eb0446" testName="Test192" computerName="UA-LPT-OGA2" duration="00:00:00.5860000" startTime="2025-05-14T13:20:31.3146610Z" endTime="2025-05-14T13:25:31.3147553Z" testType="13cdc9d9-ddb5-4fa4-a97d-d965ccfc6d4b" outcome="Passed" testListId="f220f5e4-a68d-4e9c-90f3-cf2a900d1e6b" />
    <UnitTestResult executionId="4a805181-05b9-410e-b950-150442e042f2" testId="36276bd5-4891-45cf-ae67-f5a3342100d0" testName="Test193" computerName="UA-LPT-OGA2" duration="00:00:00.7230000" startTime="2025-05-14T13:20:31.3146610Z" endTime="2025-05-14T13:25:31.3147553Z" testType="13cdc9d9-ddb5-4fa4-a97d-d965ccfc6d4b" outcome="Failed" testListId="f220f5e4-a68d-4e9c-90f3-cf2a900d1e6b">
      <Output>
        <ErrorInfo>
          <Message>Assertion failed: Expected value did not match actual value.</Message>
          <StackTrace>   at TestNamespace.TestClass.Test() in TestClass.cs:line 58</StackTrace>
        </ErrorInfo>
      </Output>
    </UnitTestResult>
    <UnitTestResult executionId="3c91322f-00c8-4350-8664-b7a80e1ae944" testId="84697080-23d4-431d-929d-9ff2c9e1f26d" testName="Test194" computerName="UA-LPT-OGA2" duration="00:00:01.5310000" startTime="2025-05-14T13:20:31.3146610Z" endTime="2025-05-14T13:25:31.3147553Z" testType="13cdc9d9-ddb5-4fa4-a97d-d965ccfc6d4b" outcome="Passed" testListId="f220f5e4-a68d-4e9c-90f3-cf2a900d1e6b" />
    <UnitTestResult executionId="04ae29c5-de28-43b8-a16f-2acfcc75cd5f" testId="645d7c14-4b5b-48ef-9fdf-3b84d8f5103e" testName="Test195" computerName="UA-LPT-OGA2" duration="00:00:00.9290000" startTime="2025-05-14T13:20:31.3146610Z" endTime="2025-05-14T13:25:31.3147553Z" testType="13cdc9d9-ddb5-4fa4-a97d-d965ccfc6d4b" outcome="Passed" testListId="f220f5e4-a68d-4e9c-90f3-cf2a900d1e6b" />
    <UnitTestResult executionId="0ca34625-c086-4132-9a8e-089730ac513d" testId="1e209305-4b9e-4df2-bee2-62eb73800c05" testName="Test196" computerName="UA-LPT-OGA2" duration="00:00:00.2870000" startTime="2025-05-14T13:20:31.3146610Z" endTime="2025-05-14T13:25:31.3147553Z" testType="13cdc9d9-ddb5-4fa4-a97d-d965ccfc6d4b" outcome="Passed" testListId="f220f5e4-a68d-4e9c-90f3-cf2a900d1e6b" />
    <UnitTestResult executionId="24539435-73bf-463d-bd27-a7488c76226a" testId="e13cd461-0b6a-40e1-bbe6-9d42429ab4e2" testName="Test197" computerName="UA-LPT-OGA2" duration="00:00:00.5090000" startTime="2025-05-14T13:20:31.3146610Z" endTime="2025-05-14T13:25:31.3147553Z" testType="13cdc9d9-ddb5-4fa4-a97d-d965ccfc6d4b" outcome="Passed" testListId="f220f5e4-a68d-4e9c-90f3-cf2a900d1e6b" />
    <UnitTestResult executionId="9648e293-ed0b-4c28-89bb-9fcba94a313a" testId="539eb9c1-ee6f-44d7-8818-97acfa2fc91f" testName="Test198" computerName="UA-LPT-OGA2" duration="00:00:00.3320000" startTime="2025-05-14T13:20:31.3146610Z" endTime="2025-05-14T13:25:31.3147553Z" testType="13cdc9d9-ddb5-4fa4-a97d-d965ccfc6d4b" outcome="Passed" testListId="f220f5e4-a68d-4e9c-90f3-cf2a900d1e6b" />
    <UnitTestResult executionId="c445114a-9254-4cb9-8d2f-fd3d7a942e90" testId="dc49fabe-afb2-4409-8a08-865a93925fdf" testName="Test199" computerName="UA-LPT-OGA2" duration="00:00:00.0450000" startTime="2025-05-14T13:20:31.3146610Z" endTime="2025-05-14T13:25:31.3147553Z" testType="13cdc9d9-ddb5-4fa4-a97d-d965ccfc6d4b" outcome="Passed" testListId="f220f5e4-a68d-4e9c-90f3-cf2a900d1e6b" />
    <UnitTestResult executionId="f53a6fec-062c-478e-bd5b-efd975534846" testId="831914af-6515-46a7-971a-6f94fcd24c1b" testName="Test200" computerName="UA-LPT-OGA2" duration="00:00:01.7390000" startTime="2025-05-14T13:20:31.3146610Z" endTime="2025-05-14T13:25:31.3147553Z" testType="13cdc9d9-ddb5-4fa4-a97d-d965ccfc6d4b" outcome="Passed" testListId="f220f5e4-a68d-4e9c-90f3-cf2a900d1e6b" />
  </Results>
  <TestDefinitions>
    <UnitTest name="Test101" id="c8edea39-c840-4d64-a308-be66116ce128" storage="TestAssembly.dll">
      <Execution id="668e643b-6e0c-432d-b0f7-a9c055e7382b" />
      <TestMethod codeBase="TestAssembly.dll" className="TestNamespace.TestClass1" name="Test101" />
    </UnitTest>
    <UnitTest name="Test102" id="5127a06c-cdb9-4d04-8c5d-a2d3638176d4" storage="TestAssembly.dll">
      <Execution id="5477c825-f444-49e4-8d3b-1bec5e670f51" />
      <TestMethod codeBase="TestAssembly.dll" className="TestNamespace.TestClass1" name="Test102" />
    </UnitTest>
    <UnitTest name="Test103" id="32f4c402-4578-467b-88cd-de6fbb10f30e" storage="TestAssembly.dll">
      <Execution id="05510e7b-af26-4276-86cc-e9ed52fb8e60" />
      <TestMethod codeBase="TestAssembly.dll" className="TestNamespace.TestClass1" name="Test103" />
    </UnitTest>
    <UnitTest name="Test104" id="97ec4292-f9b1-4c8d-803f-037c2588505d" storage="TestAssembly.dll">
      <Execution id="240d34fa-80ee-4223-b5ca-20000dd8dc94" />
      <TestMethod codeBase="TestAssembly.dll" className="TestNamespace.TestClass1" name="Test104" />
    </UnitTest>
    <UnitTest name="Test105" id="54ab8b13-e975-4465-a055-e59bc054271f" storage="TestAssembly.dll">
      <Execution id="40770255-5256-4b85-a855-73be82fe7d2c" />
      <TestMethod codeBase="TestAssembly.dll" className="TestNamespace.TestClass1" name="Test105" />
    </UnitTest>
    <UnitTest name="Test106" id="e174058b-6063-42a6-9019-fc68c2436667" storage="TestAssembly.dll">
      <Execution id="e128506a-8eb0-46f5-b3c7-dfc54e8b47a2" />
      <TestMethod codeBase="TestAssembly.dll" className="TestNamespace.TestClass1" name="Test106" />
    </UnitTest>
    <UnitTest name="Test107" id="89116ff4-9e48-4fd4-8918-550521fb132e" storage="TestAssembly.dll">
      <Execution id="f03d90e9-22c7-4555-84c2-7302be837134" />
      <TestMethod codeBase="TestAssembly.dll" className="TestNamespace.TestClass1" name="Test107" />
    </UnitTest>
    <UnitTest name="Test108" id="b62c2213-fe28-4737-89c6-f2bb9ecde122" storage="TestAssembly.dll">
      <Execution id="f7b0e67d-fbf0-4c7b-9888-497f1899dce0" />
      <TestMethod codeBase="TestAssembly.dll" className="TestNamespace.TestClass1" name="Test108" />
    </UnitTest>
    <UnitTest name="Test109" id="a386acb5-3e7d-40a3-bab7-5bceaaa5d3bc" storage="TestAssembly.dll">
      <Execution id="3b056058-83c6-4001-ba73-0e3339c5614b" />
      <TestMethod codeBase="TestAssembly.dll" className="TestNamespace.TestClass1" name="Test109" />
    </UnitTest>
    <UnitTest name="Test110" id="ebe28d79-c58a-4c62-a0f7-0acb28a7b902" storage="TestAssembly.dll">
      <Execution id="7fac1f73-2a7f-4985-afcb-0aa35c9bbe45" />
      <TestMethod codeBase="TestAssembly.dll" className="TestNamespace.TestClass1" name="Test110" />
    </UnitTest>
    <UnitTest name="Test111" id="505d40b9-cb39-4c94-8829-23d0f10d4d5a" storage="TestAssembly.dll">
      <Execution id="b23265e4-6457-4fe5-b365-f2d7b860476f" />
      <TestMethod codeBase="TestAssembly.dll" className="TestNamespace.TestClass2" name="Test111" />
    </UnitTest>
    <UnitTest name="Test112" id="eae8a727-945a-45c4-bb57-d8fdb6dd95ba" storage="TestAssembly.dll">
      <Execution id="875a1993-3236-44e8-9b3b-3003f30b1e6c" />
      <TestMethod codeBase="TestAssembly.dll" className="TestNamespace.TestClass2" name="Test112" />
    </UnitTest>
    <UnitTest name="Test113" id="5a1d21cb-3f1b-4423-afba-e0568da191c4" storage="TestAssembly.dll">
      <Execution id="24375184-0bb6-4599-a949-fa958621e149" />
      <TestMethod codeBase="TestAssembly.dll" className="TestNamespace.TestClass2" name="Test113" />
    </UnitTest>
    <UnitTest name="Test114" id="5df52a8c-730b-42e8-940a-fb5f61231c64" storage="TestAssembly.dll">
      <Execution id="5457ca78-02f1-4b7d-afcb-60eff669d055" />
      <TestMethod codeBase="TestAssembly.dll" className="TestNamespace.TestClass2" name="Test114" />
    </UnitTest>
    <UnitTest name="Test115" id="cdf79905-3a97-451d-ad92-f2215c5906ee" storage="TestAssembly.dll">
      <Execution id="1fd8f6f1-eb20-4296-bef2-19e95f6a8294" />
      <TestMethod codeBase="TestAssembly.dll" className="TestNamespace.TestClass2" name="Test115" />
    </UnitTest>
    <UnitTest name="Test116" id="5db509b7-1d95-46cd-bba8-15da22227f43" storage="TestAssembly.dll">
      <Execution id="585cb41e-377f-4676-bc58-50f56a5c0de9" />
      <TestMethod codeBase="TestAssembly.dll" className="TestNamespace.TestClass2" name="Test116" />
    </UnitTest>
    <UnitTest name="Test117" id="ca1c1cf1-f4e5-4140-b85b-8fc7c15fdb52" storage="TestAssembly.dll">
      <Execution id="737248ea-b8b2-4310-a9b3-229d1ef2d2a6" />
      <TestMethod codeBase="TestAssembly.dll" className="TestNamespace.TestClass2" name="Test117" />
    </UnitTest>
    <UnitTest name="Test118" id="f988fabe-6ae6-464d-ad34-b5ac2ab9d5b2" storage="TestAssembly.dll">
      <Execution id="e62e33cc-ade6-47f4-97b5-00a3f066314a" />
      <TestMethod codeBase="TestAssembly.dll" className="TestNamespace.TestClass2" name="Test118" />
    </UnitTest>
    <UnitTest name="Test119" id="61870161-0ca4-421a-8e74-96936a19775f" storage="TestAssembly.dll">
      <Execution id="af2096cf-1338-4a67-b61e-8ae496646294" />
      <TestMethod codeBase="TestAssembly.dll" className="TestNamespace.TestClass2" name="Test119" />
    </UnitTest>
    <UnitTest name="Test120" id="dc425bb3-0dc7-469f-bbf4-621c79aa54fd" storage="TestAssembly.dll">
      <Execution id="b7dd92fa-847f-47af-b8a8-4187f0536a22" />
      <TestMethod codeBase="TestAssembly.dll" className="TestNamespace.TestClass2" name="Test120" />
    </UnitTest>
    <UnitTest name="Test121" id="df1f207f-0365-4489-8066-c04f3cc763e1" storage="TestAssembly.dll">
      <Execution id="094d4a14-fca5-4736-af51-5f4f3b8efab1" />
      <TestMethod codeBase="TestAssembly.dll" className="TestNamespace.TestClass3" name="Test121" />
    </UnitTest>
    <UnitTest name="Test122" id="e4861538-8325-4c21-bfa7-0ca147a86949" storage="TestAssembly.dll">
      <Execution id="98c50230-0a15-41af-ad79-f11030182340" />
      <TestMethod codeBase="TestAssembly.dll" className="TestNamespace.TestClass3" name="Test122" />
    </UnitTest>
    <UnitTest name="Test123" id="1313aa28-60d9-4eed-8613-a82c756c243d" storage="TestAssembly.dll">
      <Execution id="ccb096cc-ee7a-4adf-a061-cc71487cf575" />
      <TestMethod codeBase="TestAssembly.dll" className="TestNamespace.TestClass3" name="Test123" />
    </UnitTest>
    <UnitTest name="Test124" id="f2c58a5e-642c-4f6e-9d08-d60e3fef97e2" storage="TestAssembly.dll">
      <Execution id="a2da784b-0be4-4c01-b782-44a65aaec6e0" />
      <TestMethod codeBase="TestAssembly.dll" className="TestNamespace.TestClass3" name="Test124" />
    </UnitTest>
    <UnitTest name="Test125" id="c6ed4724-4a89-40d2-a72c-93b2e27a1ba0" storage="TestAssembly.dll">
      <Execution id="5863f630-f68d-4cb1-8ff3-189785bad794" />
      <TestMethod codeBase="TestAssembly.dll" className="TestNamespace.TestClass3" name="Test125" />
    </UnitTest>
    <UnitTest name="Test126" id="ba5de6d9-f84c-40d3-b1fe-a804e193c5ac" storage="TestAssembly.dll">
      <Execution id="e3799832-1487-4918-b03c-0fa228438e40" />
      <TestMethod codeBase="TestAssembly.dll" className="TestNamespace.TestClass3" name="Test126" />
    </UnitTest>
    <UnitTest name="Test127" id="9cb2bc2c-ae78-4dd9-bedf-53ef700ea3d0" storage="TestAssembly.dll">
      <Execution id="d500217e-9cf3-4572-a7d5-df9583ea1018" />
      <TestMethod codeBase="TestAssembly.dll" className="TestNamespace.TestClass3" name="Test127" />
    </UnitTest>
    <UnitTest name="Test128" id="4867a6b6-3b5b-4e2b-82fc-467ed302d7ec" storage="TestAssembly.dll">
      <Execution id="13686194-cb02-4b64-bb2b-b4e75389e30f" />
      <TestMethod codeBase="TestAssembly.dll" className="TestNamespace.TestClass3" name="Test128" />
    </UnitTest>
    <UnitTest name="Test129" id="9e571598-7d1a-406a-892e-a2db7c841a0f" storage="TestAssembly.dll">
      <Execution id="2a886b0d-dc9e-4eab-bfbe-6b75f626d817" />
      <TestMethod codeBase="TestAssembly.dll" className="TestNamespace.TestClass3" name="Test129" />
    </UnitTest>
    <UnitTest name="Test130" id="29b32167-b54e-4de3-8b7b-fb8cca0a01e1" storage="TestAssembly.dll">
      <Execution id="6a0b438d-43d8-4483-beca-2e3463c2f338" />
      <TestMethod codeBase="TestAssembly.dll" className="TestNamespace.TestClass3" name="Test130" />
    </UnitTest>
    <UnitTest name="Test131" id="2f18dbb4-222e-4a0d-a835-0746cd48dbc6" storage="TestAssembly.dll">
      <Execution id="7777bbca-a05a-47f5-808f-968cc92819d2" />
      <TestMethod codeBase="TestAssembly.dll" className="TestNamespace.TestClass4" name="Test131" />
    </UnitTest>
    <UnitTest name="Test132" id="0abdb3e1-aaa4-4ca8-9312-dab7d1d6f08d" storage="TestAssembly.dll">
      <Execution id="69b57762-ff0f-4226-b58b-4d8d796f1792" />
      <TestMethod codeBase="TestAssembly.dll" className="TestNamespace.TestClass4" name="Test132" />
    </UnitTest>
    <UnitTest name="Test133" id="a2afa789-562e-46a9-950a-4672b1c0bf59" storage="TestAssembly.dll">
      <Execution id="3e801a0a-76e4-4db2-8c99-93ce01e484f3" />
      <TestMethod codeBase="TestAssembly.dll" className="TestNamespace.TestClass4" name="Test133" />
    </UnitTest>
    <UnitTest name="Test134" id="dc3bd7e8-3954-4e92-bb7e-7624855d22d3" storage="TestAssembly.dll">
      <Execution id="8f20b0a8-43d9-4b05-a931-d91427481d3f" />
      <TestMethod codeBase="TestAssembly.dll" className="TestNamespace.TestClass4" name="Test134" />
    </UnitTest>
    <UnitTest name="Test135" id="46bf5170-4f25-4a55-a69e-2eb7f50f1783" storage="TestAssembly.dll">
      <Execution id="d8f1d4e2-5b03-40fb-be60-1d974ec124c1" />
      <TestMethod codeBase="TestAssembly.dll" className="TestNamespace.TestClass4" name="Test135" />
    </UnitTest>
    <UnitTest name="Test136" id="9fd758a6-ee08-4489-a5d2-dd8f3fe7a27d" storage="TestAssembly.dll">
      <Execution id="745445a5-922a-4682-af19-5adecf7646c2" />
      <TestMethod codeBase="TestAssembly.dll" className="TestNamespace.TestClass4" name="Test136" />
    </UnitTest>
    <UnitTest name="Test137" id="be5cef4a-f9fa-4870-af94-c666ef66d11b" storage="TestAssembly.dll">
      <Execution id="cf27033b-049e-4513-bd08-89f1eee26d26" />
      <TestMethod codeBase="TestAssembly.dll" className="TestNamespace.TestClass4" name="Test137" />
    </UnitTest>
    <UnitTest name="Test138" id="d611f48a-48a0-4e6f-a581-42ab3fe590bb" storage="TestAssembly.dll">
      <Execution id="65c7c766-6fb5-4f00-ad68-3150ce8eef2d" />
      <TestMethod codeBase="TestAssembly.dll" className="TestNamespace.TestClass4" name="Test138" />
    </UnitTest>
    <UnitTest name="Test139" id="7d11d4a7-af28-4048-94c3-0d9dededcf05" storage="TestAssembly.dll">
      <Execution id="dadc7dc2-4563-4f9c-b61c-da940f8c0c75" />
      <TestMethod codeBase="TestAssembly.dll" className="TestNamespace.TestClass4" name="Test139" />
    </UnitTest>
    <UnitTest name="Test140" id="290e2134-8320-4a44-8532-a5e6cb42987f" storage="TestAssembly.dll">
      <Execution id="b573e886-aedb-4983-96e0-550b18e73af2" />
      <TestMethod codeBase="TestAssembly.dll" className="TestNamespace.TestClass4" name="Test140" />
    </UnitTest>
    <UnitTest name="Test141" id="97eff840-e6cd-49bb-bc3c-a88ec1522573" storage="TestAssembly.dll">
      <Execution id="5561af0b-5c21-46b4-bede-287c254cb7a4" />
      <TestMethod codeBase="TestAssembly.dll" className="TestNamespace.TestClass5" name="Test141" />
    </UnitTest>
    <UnitTest name="Test142" id="8519523a-4b16-4bb0-93b0-cc4ea294f05c" storage="TestAssembly.dll">
      <Execution id="d5082fd5-f8b1-416b-8e56-9a319274b326" />
      <TestMethod codeBase="TestAssembly.dll" className="TestNamespace.TestClass5" name="Test142" />
    </UnitTest>
    <UnitTest name="Test143" id="6ea00ba6-23ea-45f1-bdba-0aada0e7cf19" storage="TestAssembly.dll">
      <Execution id="02355acb-c700-40b2-b7f7-b9c4f1cc009b" />
      <TestMethod codeBase="TestAssembly.dll" className="TestNamespace.TestClass5" name="Test143" />
    </UnitTest>
    <UnitTest name="Test144" id="9f43f6d9-6be9-4a75-b473-ee9161d7a9b7" storage="TestAssembly.dll">
      <Execution id="16c7f61e-1ab7-4983-837e-9a727a8e5a00" />
      <TestMethod codeBase="TestAssembly.dll" className="TestNamespace.TestClass5" name="Test144" />
    </UnitTest>
    <UnitTest name="Test145" id="7d5ca893-d5f6-4f7a-890d-3d3e16ba62ca" storage="TestAssembly.dll">
      <Execution id="5a066984-37f9-4388-8019-4c96fc9beb8b" />
      <TestMethod codeBase="TestAssembly.dll" className="TestNamespace.TestClass5" name="Test145" />
    </UnitTest>
    <UnitTest name="Test146" id="8a00f68f-cec5-4371-8dd9-716f60859368" storage="TestAssembly.dll">
      <Execution id="c8d13e27-aabc-4bdc-b7ee-9d7d1c73a79e" />
      <TestMethod codeBase="TestAssembly.dll" className="TestNamespace.TestClass5" name="Test146" />
    </UnitTest>
    <UnitTest name="Test147" id="08b934c0-f9c4-4458-8495-20d32d9846ae" storage="TestAssembly.dll">
      <Execution id="ce0b300e-94aa-42bd-abae-ce9cc37f1820" />
      <TestMethod codeBase="TestAssembly.dll" className="TestNamespace.TestClass5" name="Test147" />
    </UnitTest>
    <UnitTest name="Test148" id="e69def1c-1b83-4beb-8254-baf282d8dfda" storage="TestAssembly.dll">
      <Execution id="1930043d-c929-473d-af25-0e2baaa1d525" />
      <TestMethod codeBase="TestAssembly.dll" className="TestNamespace.TestClass5" name="Test148" />
    </UnitTest>
    <UnitTest name="Test149" id="0907176a-3c06-48e9-898d-2e731cd6fda2" storage="TestAssembly.dll">
      <Execution id="dd5d4b32-429c-46a9-8ad6-4078c20e69f2" />
      <TestMethod codeBase="TestAssembly.dll" className="TestNamespace.TestClass5" name="Test149" />
    </UnitTest>
    <UnitTest name="Test150" id="7719f90d-abd7-4786-9d24-d9d0e0d4e664" storage="TestAssembly.dll">
      <Execution id="49559594-c87d-4d5c-b097-5e2dec7faa04" />
      <TestMethod codeBase="TestAssembly.dll" className="TestNamespace.TestClass5" name="Test150" />
    </UnitTest>
    <UnitTest name="Test151" id="7d98c958-bd8e-43d9-8484-d89f67c14cdd" storage="TestAssembly.dll">
      <Execution id="540bedb6-e840-4b92-9eae-e5f13385f48c" />
      <TestMethod codeBase="TestAssembly.dll" className="TestNamespace.TestClass6" name="Test151" />
    </UnitTest>
    <UnitTest name="Test152" id="14fe8020-1077-457c-b108-bb041bc5dbbf" storage="TestAssembly.dll">
      <Execution id="a1877919-df9a-4d6f-a16d-1b08267eefba" />
      <TestMethod codeBase="TestAssembly.dll" className="TestNamespace.TestClass6" name="Test152" />
    </UnitTest>
    <UnitTest name="Test153" id="480d68ea-5982-43a9-b534-9f19bc26c91c" storage="TestAssembly.dll">
      <Execution id="a12a3525-6464-46fc-86f8-fb789f607432" />
      <TestMethod codeBase="TestAssembly.dll" className="TestNamespace.TestClass6" name="Test153" />
    </UnitTest>
    <UnitTest name="Test154" id="1294ea45-e36a-4a2f-93a6-37a0a726508b" storage="TestAssembly.dll">
      <Execution id="08df24e5-62d1-46c6-a20e-d438ebaa874e" />
      <TestMethod codeBase="TestAssembly.dll" className="TestNamespace.TestClass6" name="Test154" />
    </UnitTest>
    <UnitTest name="Test155" id="6ec36f8f-3d99-4f88-8a78-07305b9e57db" storage="TestAssembly.dll">
      <Execution id="31fa8d1e-47a3-4db4-9805-4279c24ec818" />
      <TestMethod codeBase="TestAssembly.dll" className="TestNamespace.TestClass6" name="Test155" />
    </UnitTest>
    <UnitTest name="Test156" id="c39f97b0-519c-4e59-8e8d-c7981d3e6728" storage="TestAssembly.dll">
      <Execution id="0748520a-5d6c-4979-a926-9c010a805a04" />
      <TestMethod codeBase="TestAssembly.dll" className="TestNamespace.TestClass6" name="Test156" />
    </UnitTest>
    <UnitTest name="Test157" id="6d6f5a72-c798-4bc1-8ecf-1f8c50310324" storage="TestAssembly.dll">
      <Execution id="4c1263b3-3401-474f-9d3b-962e7755f02e" />
      <TestMethod codeBase="TestAssembly.dll" className="TestNamespace.TestClass6" name="Test157" />
    </UnitTest>
    <UnitTest name="Test158" id="3b1d5af4-0e2a-4c18-9e1d-10e69b7122b6" storage="TestAssembly.dll">
      <Execution id="a2961ad9-bc1a-4da9-affa-7301202c09b9" />
      <TestMethod codeBase="TestAssembly.dll" className="TestNamespace.TestClass6" name="Test158" />
    </UnitTest>
    <UnitTest name="Test159" id="6ede2c10-48b3-4216-ac31-19c5ebcecc67" storage="TestAssembly.dll">
      <Execution id="ff535a60-1f83-43d2-b91f-862623472a97" />
      <TestMethod codeBase="TestAssembly.dll" className="TestNamespace.TestClass6" name="Test159" />
    </UnitTest>
    <UnitTest name="Test160" id="539ae8cf-5bf5-436a-8673-50d739b17eb4" storage="TestAssembly.dll">
      <Execution id="590903e0-b84e-4d88-9245-75a7c1387901" />
      <TestMethod codeBase="TestAssembly.dll" className="TestNamespace.TestClass6" name="Test160" />
    </UnitTest>
    <UnitTest name="Test161" id="d3aa4505-92b5-45b9-9e65-262ddb25923c" storage="TestAssembly.dll">
      <Execution id="0b51f185-368a-4da3-b428-f775cebd3a05" />
      <TestMethod codeBase="TestAssembly.dll" className="TestNamespace.TestClass7" name="Test161" />
    </UnitTest>
    <UnitTest name="Test162" id="acec5947-9ec9-41d8-aff3-83ecf8cd0e82" storage="TestAssembly.dll">
      <Execution id="7384876a-6e1f-4a44-8486-449584b97b45" />
      <TestMethod codeBase="TestAssembly.dll" className="TestNamespace.TestClass7" name="Test162" />
    </UnitTest>
    <UnitTest name="Test163" id="fa067390-8256-41da-86d4-7734c4b62bc7" storage="TestAssembly.dll">
      <Execution id="7607a501-06b5-4d81-85f0-352b0696ac70" />
      <TestMethod codeBase="TestAssembly.dll" className="TestNamespace.TestClass7" name="Test163" />
    </UnitTest>
    <UnitTest name="Test164" id="3f3f809e-9288-4c55-8bed-de81649879f7" storage="TestAssembly.dll">
      <Execution id="a9199193-689e-4071-96eb-4341c499d06e" />
      <TestMethod codeBase="TestAssembly.dll" className="TestNamespace.TestClass7" name="Test164" />
    </UnitTest>
    <UnitTest name="Test165" id="116943a2-8c08-437b-b9ab-567742b4c86a" storage="TestAssembly.dll">
      <Execution id="9f0c70ed-f6a9-4d57-aa09-a297db246f92" />
      <TestMethod codeBase="TestAssembly.dll" className="TestNamespace.TestClass7" name="Test165" />
    </UnitTest>
    <UnitTest name="Test166" id="4e7f4156-3254-4777-aaa2-a17962dca12d" storage="TestAssembly.dll">
      <Execution id="1295b249-9c77-4d1b-8734-fb3c4e036aca" />
      <TestMethod codeBase="TestAssembly.dll" className="TestNamespace.TestClass7" name="Test166" />
    </UnitTest>
    <UnitTest name="Test167" id="1fe0f49a-2a86-47f2-8da5-de08159366d5" storage="TestAssembly.dll">
      <Execution id="29bfca38-ff9f-4b43-9115-b81deeb7583e" />
      <TestMethod codeBase="TestAssembly.dll" className="TestNamespace.TestClass7" name="Test167" />
    </UnitTest>
    <UnitTest name="Test168" id="01fb67f4-0c18-432f-a991-42555e836f88" storage="TestAssembly.dll">
      <Execution id="65210535-8f29-48f0-80f4-004d64c3f14d" />
      <TestMethod codeBase="TestAssembly.dll" className="TestNamespace.TestClass7" name="Test168" />
    </UnitTest>
    <UnitTest name="Test169" id="4348f910-f7b8-46ab-a0d0-aba3ba180c2b" storage="TestAssembly.dll">
      <Execution id="fa53fabd-53c4-49c3-9b5b-50e0655f54b4" />
      <TestMethod codeBase="TestAssembly.dll" className="TestNamespace.TestClass7" name="Test169" />
    </UnitTest>
    <UnitTest name="Test170" id="1a4d7818-0695-4538-a4ae-301b8cab729a" storage="TestAssembly.dll">
      <Execution id="203f8e35-c615-4016-90ac-329f1f417614" />
      <TestMethod codeBase="TestAssembly.dll" className="TestNamespace.TestClass7" name="Test170" />
    </UnitTest>
    <UnitTest name="Test171" id="c14f06e6-84c1-430d-9d9d-9ab36e1746d2" storage="TestAssembly.dll">
      <Execution id="bf0846a5-a698-4008-b6a7-439451d5c31e" />
      <TestMethod codeBase="TestAssembly.dll" className="TestNamespace.TestClass8" name="Test171" />
    </UnitTest>
    <UnitTest name="Test172" id="f662a565-1b72-40f7-ab7f-c60a6757f31f" storage="TestAssembly.dll">
      <Execution id="01ac5165-b9be-4494-bf67-958f9852426b" />
      <TestMethod codeBase="TestAssembly.dll" className="TestNamespace.TestClass8" name="Test172" />
    </UnitTest>
    <UnitTest name="Test173" id="03c86d02-04ca-4602-91bd-34812119d831" storage="TestAssembly.dll">
      <Execution id="c7b5cb5e-e9f8-4500-9c67-6036f4a94997" />
      <TestMethod codeBase="TestAssembly.dll" className="TestNamespace.TestClass8" name="Test173" />
    </UnitTest>
    <UnitTest name="Test174" id="f4e2b153-2ffd-4ff4-a93d-cbf9f7199da6" storage="TestAssembly.dll">
      <Execution id="12f64fb5-b98a-4a55-9f9c-d4158e7e1ad1" />
      <TestMethod codeBase="TestAssembly.dll" className="TestNamespace.TestClass8" name="Test174" />
    </UnitTest>
    <UnitTest name="Test175" id="d54bd458-301c-4ee1-880c-b29a2d57272a" storage="TestAssembly.dll">
      <Execution id="49dec706-cc27-486c-9ba3-c22e16a1ca29" />
      <TestMethod codeBase="TestAssembly.dll" className="TestNamespace.TestClass8" name="Test175" />
    </UnitTest>
    <UnitTest name="Test176" id="94499c03-ea05-426b-a94a-c28f6dc54676" storage="TestAssembly.dll">
      <Execution id="3ced43d5-50eb-4105-b903-a76b3c46c4b2" />
      <TestMethod codeBase="TestAssembly.dll" className="TestNamespace.TestClass8" name="Test176" />
    </UnitTest>
    <UnitTest name="Test177" id="6fe5b344-933c-4e8f-8881-c2086ff3ab58" storage="TestAssembly.dll">
      <Execution id="5b00beae-3ec4-4a3b-9c1f-a35cf9770474" />
      <TestMethod codeBase="TestAssembly.dll" className="TestNamespace.TestClass8" name="Test177" />
    </UnitTest>
    <UnitTest name="Test178" id="b7f9dfc2-d63d-4fc8-97c7-c59065f7afc8" storage="TestAssembly.dll">
      <Execution id="8b6376c0-d556-4797-8e90-74ff88e40837" />
      <TestMethod codeBase="TestAssembly.dll" className="TestNamespace.TestClass8" name="Test178" />
    </UnitTest>
    <UnitTest name="Test179" id="97310ef8-d5ea-4286-a990-98a29f0ecb1d" storage="TestAssembly.dll">
      <Execution id="e6392977-361b-4bcd-a3ac-afd538c7cf63" />
      <TestMethod codeBase="TestAssembly.dll" className="TestNamespace.TestClass8" name="Test179" />
    </UnitTest>
    <UnitTest name="Test180" id="c6546465-3177-43f7-b4c5-0371db2910c0" storage="TestAssembly.dll">
      <Execution id="04256f89-0577-473a-afd8-34ee3f4711cb" />
      <TestMethod codeBase="TestAssembly.dll" className="TestNamespace.TestClass8" name="Test180" />
    </UnitTest>
    <UnitTest name="Test181" id="9467c171-f00a-4f84-844f-d9e9b5fec3e0" storage="TestAssembly.dll">
      <Execution id="48ce1cfd-fcf1-4fe3-b50b-1ec51f903eab" />
      <TestMethod codeBase="TestAssembly.dll" className="TestNamespace.TestClass9" name="Test181" />
    </UnitTest>
    <UnitTest name="Test182" id="07012589-f1bb-495a-9be2-59a364c5f186" storage="TestAssembly.dll">
      <Execution id="0363c901-7f91-4838-bc27-aa21dc513cf2" />
      <TestMethod codeBase="TestAssembly.dll" className="TestNamespace.TestClass9" name="Test182" />
    </UnitTest>
    <UnitTest name="Test183" id="a6aca49b-a3cd-4b69-bf7f-92046422c102" storage="TestAssembly.dll">
      <Execution id="f907c6b3-122c-485e-aaef-f235ae5f9df5" />
      <TestMethod codeBase="TestAssembly.dll" className="TestNamespace.TestClass9" name="Test183" />
    </UnitTest>
    <UnitTest name="Test184" id="03f2e098-55f5-4251-b9ec-0a87b3ef55d4" storage="TestAssembly.dll">
      <Execution id="d65cba21-7f20-4bbf-93bd-a01e3afdfb8b" />
      <TestMethod codeBase="TestAssembly.dll" className="TestNamespace.TestClass9" name="Test184" />
    </UnitTest>
    <UnitTest name="Test185" id="4e0282ce-676a-4e87-90d5-483b2d008f8d" storage="TestAssembly.dll">
      <Execution id="2649fd38-0d8e-449e-b878-8c0448419583" />
      <TestMethod codeBase="TestAssembly.dll" className="TestNamespace.TestClass9" name="Test185" />
    </UnitTest>
    <UnitTest name="Test186" id="26b302fd-60d0-4bf3-99d7-dbc6b9cc3c4d" storage="TestAssembly.dll">
      <Execution id="9dc0afe6-219f-4302-a313-f7461972d603" />
      <TestMethod codeBase="TestAssembly.dll" className="TestNamespace.TestClass9" name="Test186" />
    </UnitTest>
    <UnitTest name="Test187" id="15fb37f8-0e5b-421a-888d-ce6b2a309d83" storage="TestAssembly.dll">
      <Execution id="f62b9806-31f4-48ae-a3c6-42ca78e04c5e" />
      <TestMethod codeBase="TestAssembly.dll" className="TestNamespace.TestClass9" name="Test187" />
    </UnitTest>
    <UnitTest name="Test188" id="4080c760-a6b9-4d70-b57f-900704533e42" storage="TestAssembly.dll">
      <Execution id="6a322f7e-9016-4e10-8776-4ca343bcb0c5" />
      <TestMethod codeBase="TestAssembly.dll" className="TestNamespace.TestClass9" name="Test188" />
    </UnitTest>
    <UnitTest name="Test189" id="a241d1ab-f986-459d-91d1-29da48309275" storage="TestAssembly.dll">
      <Execution id="ac9404e8-4cf8-45b0-b967-95aab54ff2a9" />
      <TestMethod codeBase="TestAssembly.dll" className="TestNamespace.TestClass9" name="Test189" />
    </UnitTest>
    <UnitTest name="Test190" id="1fe23eaa-04c1-4d75-ba6a-a00ef3f9634f" storage="TestAssembly.dll">
      <Execution id="908f6e01-b57c-48b3-b711-3707f9dd3394" />
      <TestMethod codeBase="TestAssembly.dll" className="TestNamespace.TestClass9" name="Test190" />
    </UnitTest>
    <UnitTest name="Test191" id="bdcefe7d-ea32-4df4-9fe2-90fa43ff0ef1" storage="TestAssembly.dll">
      <Execution id="1506e26a-1597-4d6c-be2c-aaf20df5a800" />
      <TestMethod codeBase="TestAssembly.dll" className="TestNamespace.TestClass10" name="Test191" />
    </UnitTest>
    <UnitTest name="Test192" id="b3fd533d-8de4-480e-a5b9-013a61eb0446" storage="TestAssembly.dll">
      <Execution id="b041cdd4-8e54-414e-88c8-99e1f5c4aa02" />
      <TestMethod codeBase="TestAssembly.dll" className="TestNamespace.TestClass10" name="Test192" />
    </UnitTest>
    <UnitTest name="Test193" id="36276bd5-4891-45cf-ae67-f5a3342100d0" storage="TestAssembly.dll">
      <Execution id="4a805181-05b9-410e-b950-150442e042f2" />
      <TestMethod codeBase="TestAssembly.dll" className="TestNamespace.TestClass10" name="Test193" />
    </UnitTest>
    <UnitTest name="Test194" id="84697080-23d4-431d-929d-9ff2c9e1f26d" storage="TestAssembly.dll">
      <Execution id="3c91322f-00c8-4350-8664-b7a80e1ae944" />
      <TestMethod codeBase="TestAssembly.dll" className="TestNamespace.TestClass10" name="Test194" />
    </UnitTest>
    <UnitTest name="Test195" id="645d7c14-4b5b-48ef-9fdf-3b84d8f5103e" storage="TestAssembly.dll">
      <Execution id="04ae29c5-de28-43b8-a16f-2acfcc75cd5f" />
      <TestMethod codeBase="TestAssembly.dll" className="TestNamespace.TestClass10" name="Test195" />
    </UnitTest>
    <UnitTest name="Test196" id="1e209305-4b9e-4df2-bee2-62eb73800c05" storage="TestAssembly.dll">
      <Execution id="0ca34625-c086-4132-9a8e-089730ac513d" />
      <TestMethod codeBase="TestAssembly.dll" className="TestNamespace.TestClass10" name="Test196" />
    </UnitTest>
    <UnitTest name="Test197" id="e13cd461-0b6a-40e1-bbe6-9d42429ab4e2" storage="TestAssembly.dll">
      <Execution id="24539435-73bf-463d-bd27-a7488c76226a" />
      <TestMethod codeBase="TestAssembly.dll" className="TestNamespace.TestClass10" name="Test197" />
    </UnitTest>
    <UnitTest name="Test198" id="539eb9c1-ee6f-44d7-8818-97acfa2fc91f" storage="TestAssembly.dll">
      <Execution id="9648e293-ed0b-4c28-89bb-9fcba94a313a" />
      <TestMethod codeBase="TestAssembly.dll" className="TestNamespace.TestClass10" name="Test198" />
    </UnitTest>
    <UnitTest name="Test199" id="dc49fabe-afb2-4409-8a08-865a93925fdf" storage="TestAssembly.dll">
      <Execution id="c445114a-9254-4cb9-8d2f-fd3d7a942e90" />
      <TestMethod codeBase="TestAssembly.dll" className="TestNamespace.TestClass10" name="Test199" />
    </UnitTest>
    <UnitTest name="Test200" id="831914af-6515-46a7-971a-6f94fcd24c1b" storage="TestAssembly.dll">
      <Execution id="f53a6fec-062c-478e-bd5b-efd975534846" />
      <TestMethod codeBase="TestAssembly.dll" className="TestNamespace.TestClass10" name="Test200" />
    </UnitTest>
  </TestDefinitions>
  <TestEntries>
    <TestEntry testId="c8edea39-c840-4d64-a308-be66116ce128" executionId="668e643b-6e0c-432d-b0f7-a9c055e7382b" testListId="f220f5e4-a68d-4e9c-90f3-cf2a900d1e6b" />
    <TestEntry testId="5127a06c-cdb9-4d04-8c5d-a2d3638176d4" executionId="5477c825-f444-49e4-8d3b-1bec5e670f51" testListId="f220f5e4-a68d-4e9c-90f3-cf2a900d1e6b" />
    <TestEntry testId="32f4c402-4578-467b-88cd-de6fbb10f30e" executionId="05510e7b-af26-4276-86cc-e9ed52fb8e60" testListId="f220f5e4-a68d-4e9c-90f3-cf2a900d1e6b" />
    <TestEntry testId="97ec4292-f9b1-4c8d-803f-037c2588505d" executionId="240d34fa-80ee-4223-b5ca-20000dd8dc94" testListId="f220f5e4-a68d-4e9c-90f3-cf2a900d1e6b" />
    <TestEntry testId="54ab8b13-e975-4465-a055-e59bc054271f" executionId="40770255-5256-4b85-a855-73be82fe7d2c" testListId="f220f5e4-a68d-4e9c-90f3-cf2a900d1e6b" />
    <TestEntry testId="e174058b-6063-42a6-9019-fc68c2436667" executionId="e128506a-8eb0-46f5-b3c7-dfc54e8b47a2" testListId="f220f5e4-a68d-4e9c-90f3-cf2a900d1e6b" />
    <TestEntry testId="89116ff4-9e48-4fd4-8918-550521fb132e" executionId="f03d90e9-22c7-4555-84c2-7302be837134" testListId="f220f5e4-a68d-4e9c-90f3-cf2a900d1e6b" />
    <TestEntry testId="b62c2213-fe28-4737-89c6-f2bb9ecde122" executionId="f7b0e67d-fbf0-4c7b-9888-497f1899dce0" testListId="f220f5e4-a68d-4e9c-90f3-cf2a900d1e6b" />
    <TestEntry testId="a386acb5-3e7d-40a3-bab7-5bceaaa5d3bc" executionId="3b056058-83c6-4001-ba73-0e3339c5614b" testListId="f220f5e4-a68d-4e9c-90f3-cf2a900d1e6b" />
    <TestEntry testId="ebe28d79-c58a-4c62-a0f7-0acb28a7b902" executionId="7fac1f73-2a7f-4985-afcb-0aa35c9bbe45" testListId="f220f5e4-a68d-4e9c-90f3-cf2a900d1e6b" />
    <TestEntry testId="505d40b9-cb39-4c94-8829-23d0f10d4d5a" executionId="b23265e4-6457-4fe5-b365-f2d7b860476f" testListId="f220f5e4-a68d-4e9c-90f3-cf2a900d1e6b" />
    <TestEntry testId="eae8a727-945a-45c4-bb57-d8fdb6dd95ba" executionId="875a1993-3236-44e8-9b3b-3003f30b1e6c" testListId="f220f5e4-a68d-4e9c-90f3-cf2a900d1e6b" />
    <TestEntry testId="5a1d21cb-3f1b-4423-afba-e0568da191c4" executionId="24375184-0bb6-4599-a949-fa958621e149" testListId="f220f5e4-a68d-4e9c-90f3-cf2a900d1e6b" />
    <TestEntry testId="5df52a8c-730b-42e8-940a-fb5f61231c64" executionId="5457ca78-02f1-4b7d-afcb-60eff669d055" testListId="f220f5e4-a68d-4e9c-90f3-cf2a900d1e6b" />
    <TestEntry testId="cdf79905-3a97-451d-ad92-f2215c5906ee" executionId="1fd8f6f1-eb20-4296-bef2-19e95f6a8294" testListId="f220f5e4-a68d-4e9c-90f3-cf2a900d1e6b" />
    <TestEntry testId="5db509b7-1d95-46cd-bba8-15da22227f43" executionId="585cb41e-377f-4676-bc58-50f56a5c0de9" testListId="f220f5e4-a68d-4e9c-90f3-cf2a900d1e6b" />
    <TestEntry testId="ca1c1cf1-f4e5-4140-b85b-8fc7c15fdb52" executionId="737248ea-b8b2-4310-a9b3-229d1ef2d2a6" testListId="f220f5e4-a68d-4e9c-90f3-cf2a900d1e6b" />
    <TestEntry testId="f988fabe-6ae6-464d-ad34-b5ac2ab9d5b2" executionId="e62e33cc-ade6-47f4-97b5-00a3f066314a" testListId="f220f5e4-a68d-4e9c-90f3-cf2a900d1e6b" />
    <TestEntry testId="61870161-0ca4-421a-8e74-96936a19775f" executionId="af2096cf-1338-4a67-b61e-8ae496646294" testListId="f220f5e4-a68d-4e9c-90f3-cf2a900d1e6b" />
    <TestEntry testId="dc425bb3-0dc7-469f-bbf4-621c79aa54fd" executionId="b7dd92fa-847f-47af-b8a8-4187f0536a22" testListId="f220f5e4-a68d-4e9c-90f3-cf2a900d1e6b" />
    <TestEntry testId="df1f207f-0365-4489-8066-c04f3cc763e1" executionId="094d4a14-fca5-4736-af51-5f4f3b8efab1" testListId="f220f5e4-a68d-4e9c-90f3-cf2a900d1e6b" />
    <TestEntry testId="e4861538-8325-4c21-bfa7-0ca147a86949" executionId="98c50230-0a15-41af-ad79-f11030182340" testListId="f220f5e4-a68d-4e9c-90f3-cf2a900d1e6b" />
    <TestEntry testId="1313aa28-60d9-4eed-8613-a82c756c243d" executionId="ccb096cc-ee7a-4adf-a061-cc71487cf575" testListId="f220f5e4-a68d-4e9c-90f3-cf2a900d1e6b" />
    <TestEntry testId="f2c58a5e-642c-4f6e-9d08-d60e3fef97e2" executionId="a2da784b-0be4-4c01-b782-44a65aaec6e0" testListId="f220f5e4-a68d-4e9c-90f3-cf2a900d1e6b" />
    <TestEntry testId="c6ed4724-4a89-40d2-a72c-93b2e27a1ba0" executionId="5863f630-f68d-4cb1-8ff3-189785bad794" testListId="f220f5e4-a68d-4e9c-90f3-cf2a900d1e6b" />
    <TestEntry testId="ba5de6d9-f84c-40d3-b1fe-a804e193c5ac" executionId="e3799832-1487-4918-b03c-0fa228438e40" testListId="f220f5e4-a68d-4e9c-90f3-cf2a900d1e6b" />
    <TestEntry testId="9cb2bc2c-ae78-4dd9-bedf-53ef700ea3d0" executionId="d500217e-9cf3-4572-a7d5-df9583ea1018" testListId="f220f5e4-a68d-4e9c-90f3-cf2a900d1e6b" />
    <TestEntry testId="4867a6b6-3b5b-4e2b-82fc-467ed302d7ec" executionId="13686194-cb02-4b64-bb2b-b4e75389e30f" testListId="f220f5e4-a68d-4e9c-90f3-cf2a900d1e6b" />
    <TestEntry testId="9e571598-7d1a-406a-892e-a2db7c841a0f" executionId="2a886b0d-dc9e-4eab-bfbe-6b75f626d817" testListId="f220f5e4-a68d-4e9c-90f3-cf2a900d1e6b" />
    <TestEntry testId="29b32167-b54e-4de3-8b7b-fb8cca0a01e1" executionId="6a0b438d-43d8-4483-beca-2e3463c2f338" testListId="f220f5e4-a68d-4e9c-90f3-cf2a900d1e6b" />
    <TestEntry testId="2f18dbb4-222e-4a0d-a835-0746cd48dbc6" executionId="7777bbca-a05a-47f5-808f-968cc92819d2" testListId="f220f5e4-a68d-4e9c-90f3-cf2a900d1e6b" />
    <TestEntry testId="0abdb3e1-aaa4-4ca8-9312-dab7d1d6f08d" executionId="69b57762-ff0f-4226-b58b-4d8d796f1792" testListId="f220f5e4-a68d-4e9c-90f3-cf2a900d1e6b" />
    <TestEntry testId="a2afa789-562e-46a9-950a-4672b1c0bf59" executionId="3e801a0a-76e4-4db2-8c99-93ce01e484f3" testListId="f220f5e4-a68d-4e9c-90f3-cf2a900d1e6b" />
    <TestEntry testId="dc3bd7e8-3954-4e92-bb7e-7624855d22d3" executionId="8f20b0a8-43d9-4b05-a931-d91427481d3f" testListId="f220f5e4-a68d-4e9c-90f3-cf2a900d1e6b" />
    <TestEntry testId="46bf5170-4f25-4a55-a69e-2eb7f50f1783" executionId="d8f1d4e2-5b03-40fb-be60-1d974ec124c1" testListId="f220f5e4-a68d-4e9c-90f3-cf2a900d1e6b" />
    <TestEntry testId="9fd758a6-ee08-4489-a5d2-dd8f3fe7a27d" executionId="745445a5-922a-4682-af19-5adecf7646c2" testListId="f220f5e4-a68d-4e9c-90f3-cf2a900d1e6b" />
    <TestEntry testId="be5cef4a-f9fa-4870-af94-c666ef66d11b" executionId="cf27033b-049e-4513-bd08-89f1eee26d26" testListId="f220f5e4-a68d-4e9c-90f3-cf2a900d1e6b" />
    <TestEntry testId="d611f48a-48a0-4e6f-a581-42ab3fe590bb" executionId="65c7c766-6fb5-4f00-ad68-3150ce8eef2d" testListId="f220f5e4-a68d-4e9c-90f3-cf2a900d1e6b" />
    <TestEntry testId="7d11d4a7-af28-4048-94c3-0d9dededcf05" executionId="dadc7dc2-4563-4f9c-b61c-da940f8c0c75" testListId="f220f5e4-a68d-4e9c-90f3-cf2a900d1e6b" />
    <TestEntry testId="290e2134-8320-4a44-8532-a5e6cb42987f" executionId="b573e886-aedb-4983-96e0-550b18e73af2" testListId="f220f5e4-a68d-4e9c-90f3-cf2a900d1e6b" />
    <TestEntry testId="97eff840-e6cd-49bb-bc3c-a88ec1522573" executionId="5561af0b-5c21-46b4-bede-287c254cb7a4" testListId="f220f5e4-a68d-4e9c-90f3-cf2a900d1e6b" />
    <TestEntry testId="8519523a-4b16-4bb0-93b0-cc4ea294f05c" executionId="d5082fd5-f8b1-416b-8e56-9a319274b326" testListId="f220f5e4-a68d-4e9c-90f3-cf2a900d1e6b" />
    <TestEntry testId="6ea00ba6-23ea-45f1-bdba-0aada0e7cf19" executionId="02355acb-c700-40b2-b7f7-b9c4f1cc009b" testListId="f220f5e4-a68d-4e9c-90f3-cf2a900d1e6b" />
    <TestEntry testId="9f43f6d9-6be9-4a75-b473-ee9161d7a9b7" executionId="16c7f61e-1ab7-4983-837e-9a727a8e5a00" testListId="f220f5e4-a68d-4e9c-90f3-cf2a900d1e6b" />
    <TestEntry testId="7d5ca893-d5f6-4f7a-890d-3d3e16ba62ca" executionId="5a066984-37f9-4388-8019-4c96fc9beb8b" testListId="f220f5e4-a68d-4e9c-90f3-cf2a900d1e6b" />
    <TestEntry testId="8a00f68f-cec5-4371-8dd9-716f60859368" executionId="c8d13e27-aabc-4bdc-b7ee-9d7d1c73a79e" testListId="f220f5e4-a68d-4e9c-90f3-cf2a900d1e6b" />
    <TestEntry testId="08b934c0-f9c4-4458-8495-20d32d9846ae" executionId="ce0b300e-94aa-42bd-abae-ce9cc37f1820" testListId="f220f5e4-a68d-4e9c-90f3-cf2a900d1e6b" />
    <TestEntry testId="e69def1c-1b83-4beb-8254-baf282d8dfda" executionId="1930043d-c929-473d-af25-0e2baaa1d525" testListId="f220f5e4-a68d-4e9c-90f3-cf2a900d1e6b" />
    <TestEntry testId="0907176a-3c06-48e9-898d-2e731cd6fda2" executionId="dd5d4b32-429c-46a9-8ad6-4078c20e69f2" testListId="f220f5e4-a68d-4e9c-90f3-cf2a900d1e6b" />
    <TestEntry testId="7719f90d-abd7-4786-9d24-d9d0e0d4e664" executionId="49559594-c87d-4d5c-b097-5e2dec7faa04" testListId="f220f5e4-a68d-4e9c-90f3-cf2a900d1e6b" />
    <TestEntry testId="7d98c958-bd8e-43d9-8484-d89f67c14cdd" executionId="540bedb6-e840-4b92-9eae-e5f13385f48c" testListId="f220f5e4-a68d-4e9c-90f3-cf2a900d1e6b" />
    <TestEntry testId="14fe8020-1077-457c-b108-bb041bc5dbbf" executionId="a1877919-df9a-4d6f-a16d-1b08267eefba" testListId="f220f5e4-a68d-4e9c-90f3-cf2a900d1e6b" />
    <TestEntry testId="480d68ea-5982-43a9-b534-9f19bc26c91c" executionId="a12a3525-6464-46fc-86f8-fb789f607432" testListId="f220f5e4-a68d-4e9c-90f3-cf2a900d1e6b" />
    <TestEntry testId="1294ea45-e36a-4a2f-93a6-37a0a726508b" executionId="08df24e5-62d1-46c6-a20e-d438ebaa874e" testListId="f220f5e4-a68d-4e9c-90f3-cf2a900d1e6b" />
    <TestEntry testId="6ec36f8f-3d99-4f88-8a78-07305b9e57db" executionId="31fa8d1e-47a3-4db4-9805-4279c24ec818" testListId="f220f5e4-a68d-4e9c-90f3-cf2a900d1e6b" />
    <TestEntry testId="c39f97b0-519c-4e59-8e8d-c7981d3e6728" executionId="0748520a-5d6c-4979-a926-9c010a805a04" testListId="f220f5e4-a68d-4e9c-90f3-cf2a900d1e6b" />
    <TestEntry testId="6d6f5a72-c798-4bc1-8ecf-1f8c50310324" executionId="4c1263b3-3401-474f-9d3b-962e7755f02e" testListId="f220f5e4-a68d-4e9c-90f3-cf2a900d1e6b" />
    <TestEntry testId="3b1d5af4-0e2a-4c18-9e1d-10e69b7122b6" executionId="a2961ad9-bc1a-4da9-affa-7301202c09b9" testListId="f220f5e4-a68d-4e9c-90f3-cf2a900d1e6b" />
    <TestEntry testId="6ede2c10-48b3-4216-ac31-19c5ebcecc67" executionId="ff535a60-1f83-43d2-b91f-862623472a97" testListId="f220f5e4-a68d-4e9c-90f3-cf2a900d1e6b" />
    <TestEntry testId="539ae8cf-5bf5-436a-8673-50d739b17eb4" executionId="590903e0-b84e-4d88-9245-75a7c1387901" testListId="f220f5e4-a68d-4e9c-90f3-cf2a900d1e6b" />
    <TestEntry testId="d3aa4505-92b5-45b9-9e65-262ddb25923c" executionId="0b51f185-368a-4da3-b428-f775cebd3a05" testListId="f220f5e4-a68d-4e9c-90f3-cf2a900d1e6b" />
    <TestEntry testId="acec5947-9ec9-41d8-aff3-83ecf8cd0e82" executionId="7384876a-6e1f-4a44-8486-449584b97b45" testListId="f220f5e4-a68d-4e9c-90f3-cf2a900d1e6b" />
    <TestEntry testId="fa067390-8256-41da-86d4-7734c4b62bc7" executionId="7607a501-06b5-4d81-85f0-352b0696ac70" testListId="f220f5e4-a68d-4e9c-90f3-cf2a900d1e6b" />
    <TestEntry testId="3f3f809e-9288-4c55-8bed-de81649879f7" executionId="a9199193-689e-4071-96eb-4341c499d06e" testListId="f220f5e4-a68d-4e9c-90f3-cf2a900d1e6b" />
    <TestEntry testId="116943a2-8c08-437b-b9ab-567742b4c86a" executionId="9f0c70ed-f6a9-4d57-aa09-a297db246f92" testListId="f220f5e4-a68d-4e9c-90f3-cf2a900d1e6b" />
    <TestEntry testId="4e7f4156-3254-4777-aaa2-a17962dca12d" executionId="1295b249-9c77-4d1b-8734-fb3c4e036aca" testListId="f220f5e4-a68d-4e9c-90f3-cf2a900d1e6b" />
    <TestEntry testId="1fe0f49a-2a86-47f2-8da5-de08159366d5" executionId="29bfca38-ff9f-4b43-9115-b81deeb7583e" testListId="f220f5e4-a68d-4e9c-90f3-cf2a900d1e6b" />
    <TestEntry testId="01fb67f4-0c18-432f-a991-42555e836f88" executionId="65210535-8f29-48f0-80f4-004d64c3f14d" testListId="f220f5e4-a68d-4e9c-90f3-cf2a900d1e6b" />
    <TestEntry testId="4348f910-f7b8-46ab-a0d0-aba3ba180c2b" executionId="fa53fabd-53c4-49c3-9b5b-50e0655f54b4" testListId="f220f5e4-a68d-4e9c-90f3-cf2a900d1e6b" />
    <TestEntry testId="1a4d7818-0695-4538-a4ae-301b8cab729a" executionId="203f8e35-c615-4016-90ac-329f1f417614" testListId="f220f5e4-a68d-4e9c-90f3-cf2a900d1e6b" />
    <TestEntry testId="c14f06e6-84c1-430d-9d9d-9ab36e1746d2" executionId="bf0846a5-a698-4008-b6a7-439451d5c31e" testListId="f220f5e4-a68d-4e9c-90f3-cf2a900d1e6b" />
    <TestEntry testId="f662a565-1b72-40f7-ab7f-c60a6757f31f" executionId="01ac5165-b9be-4494-bf67-958f9852426b" testListId="f220f5e4-a68d-4e9c-90f3-cf2a900d1e6b" />
    <TestEntry testId="03c86d02-04ca-4602-91bd-34812119d831" executionId="c7b5cb5e-e9f8-4500-9c67-6036f4a94997" testListId="f220f5e4-a68d-4e9c-90f3-cf2a900d1e6b" />
    <TestEntry testId="f4e2b153-2ffd-4ff4-a93d-cbf9f7199da6" executionId="12f64fb5-b98a-4a55-9f9c-d4158e7e1ad1" testListId="f220f5e4-a68d-4e9c-90f3-cf2a900d1e6b" />
    <TestEntry testId="d54bd458-301c-4ee1-880c-b29a2d57272a" executionId="49dec706-cc27-486c-9ba3-c22e16a1ca29" testListId="f220f5e4-a68d-4e9c-90f3-cf2a900d1e6b" />
    <TestEntry testId="94499c03-ea05-426b-a94a-c28f6dc54676" executionId="3ced43d5-50eb-4105-b903-a76b3c46c4b2" testListId="f220f5e4-a68d-4e9c-90f3-cf2a900d1e6b" />
    <TestEntry testId="6fe5b344-933c-4e8f-8881-c2086ff3ab58" executionId="5b00beae-3ec4-4a3b-9c1f-a35cf9770474" testListId="f220f5e4-a68d-4e9c-90f3-cf2a900d1e6b" />
    <TestEntry testId="b7f9dfc2-d63d-4fc8-97c7-c59065f7afc8" executionId="8b6376c0-d556-4797-8e90-74ff88e40837" testListId="f220f5e4-a68d-4e9c-90f3-cf2a900d1e6b" />
    <TestEntry testId="97310ef8-d5ea-4286-a990-98a29f0ecb1d" executionId="e6392977-361b-4bcd-a3ac-afd538c7cf63" testListId="f220f5e4-a68d-4e9c-90f3-cf2a900d1e6b" />
    <TestEntry testId="c6546465-3177-43f7-b4c5-0371db2910c0" executionId="04256f89-0577-473a-afd8-34ee3f4711cb" testListId="f220f5e4-a68d-4e9c-90f3-cf2a900d1e6b" />
    <TestEntry testId="9467c171-f00a-4f84-844f-d9e9b5fec3e0" executionId="48ce1cfd-fcf1-4fe3-b50b-1ec51f903eab" testListId="f220f5e4-a68d-4e9c-90f3-cf2a900d1e6b" />
    <TestEntry testId="07012589-f1bb-495a-9be2-59a364c5f186" executionId="0363c901-7f91-4838-bc27-aa21dc513cf2" testListId="f220f5e4-a68d-4e9c-90f3-cf2a900d1e6b" />
    <TestEntry testId="a6aca49b-a3cd-4b69-bf7f-92046422c102" executionId="f907c6b3-122c-485e-aaef-f235ae5f9df5" testListId="f220f5e4-a68d-4e9c-90f3-cf2a900d1e6b" />
    <TestEntry testId="03f2e098-55f5-4251-b9ec-0a87b3ef55d4" executionId="d65cba21-7f20-4bbf-93bd-a01e3afdfb8b" testListId="f220f5e4-a68d-4e9c-90f3-cf2a900d1e6b" />
    <TestEntry testId="4e0282ce-676a-4e87-90d5-483b2d008f8d" executionId="2649fd38-0d8e-449e-b878-8c0448419583" testListId="f220f5e4-a68d-4e9c-90f3-cf2a900d1e6b" />
    <TestEntry testId="26b302fd-60d0-4bf3-99d7-dbc6b9cc3c4d" executionId="9dc0afe6-219f-4302-a313-f7461972d603" testListId="f220f5e4-a68d-4e9c-90f3-cf2a900d1e6b" />
    <TestEntry testId="15fb37f8-0e5b-421a-888d-ce6b2a309d83" executionId="f62b9806-31f4-48ae-a3c6-42ca78e04c5e" testListId="f220f5e4-a68d-4e9c-90f3-cf2a900d1e6b" />
    <TestEntry testId="4080c760-a6b9-4d70-b57f-900704533e42" executionId="6a322f7e-9016-4e10-8776-4ca343bcb0c5" testListId="f220f5e4-a68d-4e9c-90f3-cf2a900d1e6b" />
    <TestEntry testId="a241d1ab-f986-459d-91d1-29da48309275" executionId="ac9404e8-4cf8-45b0-b967-95aab54ff2a9" testListId="f220f5e4-a68d-4e9c-90f3-cf2a900d1e6b" />
    <TestEntry testId="1fe23eaa-04c1-4d75-ba6a-a00ef3f9634f" executionId="908f6e01-b57c-48b3-b711-3707f9dd3394" testListId="f220f5e4-a68d-4e9c-90f3-cf2a900d1e6b" />
    <TestEntry testId="bdcefe7d-ea32-4df4-9fe2-90fa43ff0ef1" executionId="1506e26a-1597-4d6c-be2c-aaf20df5a800" testListId="f220f5e4-a68d-4e9c-90f3-cf2a900d1e6b" />
    <TestEntry testId="b3fd533d-8de4-480e-a5b9-013a61eb0446" executionId="b041cdd4-8e54-414e-88c8-99e1f5c4aa02" testListId="f220f5e4-a68d-4e9c-90f3-cf2a900d1e6b" />
    <TestEntry testId="36276bd5-4891-45cf-ae67-f5a3342100d0" executionId="4a805181-05b9-410e-b950-150442e042f2" testListId="f220f5e4-a68d-4e9c-90f3-cf2a900d1e6b" />
    <TestEntry testId="84697080-23d4-431d-929d-9ff2c9e1f26d" executionId="3c91322f-00c8-4350-8664-b7a80e1ae944" testListId="f220f5e4-a68d-4e9c-90f3-cf2a900d1e6b" />
    <TestEntry testId="645d7c14-4b5b-48ef-9fdf-3b84d8f5103e" executionId="04ae29c5-de28-43b8-a16f-2acfcc75cd5f" testListId="f220f5e4-a68d-4e9c-90f3-cf2a900d1e6b" />
    <TestEntry testId="1e209305-4b9e-4df2-bee2-62eb73800c05" executionId="0ca34625-c086-4132-9a8e-089730ac513d" testListId="f220f5e4-a68d-4e9c-90f3-cf2a900d1e6b" />
    <TestEntry testId="e13cd461-0b6a-40e1-bbe6-9d42429ab4e2" executionId="24539435-73bf-463d-bd27-a7488c76226a" testListId="f220f5e4-a68d-4e9c-90f3-cf2a900d1e6b" />
    <TestEntry testId="539eb9c1-ee6f-44d7-8818-97acfa2fc91f" executionId="9648e293-ed0b-4c28-89bb-9fcba94a313a" testListId="f220f5e4-a68d-4e9c-90f3-cf2a900d1e6b" />
    <TestEntry testId="dc49fabe-afb2-4409-8a08-865a93925fdf" executionId="c445114a-9254-4cb9-8d2f-fd3d7a942e90" testListId="f220f5e4-a68d-4e9c-90f3-cf2a900d1e6b" />
    <TestEntry testId="831914af-6515-46a7-971a-6f94fcd24c1b" executionId="f53a6fec-062c-478e-bd5b-efd975534846" testListId="f220f5e4-a68d-4e9c-90f3-cf2a900d1e6b" />
  </TestEntries>
  <TestLists>
    <TestList name="Results Not in a List" id="f220f5e4-a68d-4e9c-90f3-cf2a900d1e6b" />
    <TestList name="All Loaded Results" id="7e1909fc-3cdb-4456-97fb-972f8209c351" />
  </TestLists>
</TestRun>