<?xml version="1.0" encoding="UTF-8"?>
<TestRun id="0ecdfaff-2d0c-4f07-a7ec-a587987f4a2b" name="Test Run 91" runUser="Oles Galatsan" xmlns="http://microsoft.com/schemas/VisualStudio/TeamTest/2010">
  <Times creation="2025-05-14T13:20:31.3125482Z" queuing="2025-05-14T13:20:31.3125482Z" start="2025-05-14T13:20:31.3146610Z" finish="2025-05-14T13:25:31.3147553Z" />
  <TestSettings name="Test Settings 91" id="229de9e6-c08c-4823-b00b-5c23be3de8f8" />
  <Results>
    <UnitTestResult executionId="33976388-8af5-4b67-931b-d110ab2e14ed" testId="8e5269eb-f9af-4205-b123-5fc7334a0fdf" testName="Test9001" computerName="UA-LPT-OGA2" duration="00:00:01.8570000" startTime="2025-05-14T13:20:31.3146610Z" endTime="2025-05-14T13:25:31.3147553Z" testType="13cdc9d9-ddb5-4fa4-a97d-d965ccfc6d4b" outcome="Passed" testListId="84e19e89-39ef-4747-b91c-9d26a05c4a8e" />
    <UnitTestResult executionId="6cfd4eeb-d79f-4314-8dc6-afc30993587d" testId="3f7747f1-b186-4bd9-b2fa-02f15fdb5b08" testName="Test9002" computerName="UA-LPT-OGA2" duration="00:00:00.6900000" startTime="2025-05-14T13:20:31.3146610Z" endTime="2025-05-14T13:25:31.3147553Z" testType="13cdc9d9-ddb5-4fa4-a97d-d965ccfc6d4b" outcome="Passed" testListId="84e19e89-39ef-4747-b91c-9d26a05c4a8e" />
    <UnitTestResult executionId="5fe6e3ec-8f40-4909-bed3-dbe0ad204e84" testId="d9e177f3-ab9d-4a5f-a788-1c837fc0e558" testName="Test9003" computerName="UA-LPT-OGA2" duration="00:00:00.6020000" startTime="2025-05-14T13:20:31.3146610Z" endTime="2025-05-14T13:25:31.3147553Z" testType="13cdc9d9-ddb5-4fa4-a97d-d965ccfc6d4b" outcome="Passed" testListId="84e19e89-39ef-4747-b91c-9d26a05c4a8e" />
    <UnitTestResult executionId="8081f67e-1271-4fe2-902a-b1894abb93ef" testId="ab9222e6-c1d7-4a17-bb85-cfda1d0ed7ce" testName="Test9004" computerName="UA-LPT-OGA2" duration="00:00:00.8230000" startTime="2025-05-14T13:20:31.3146610Z" endTime="2025-05-14T13:25:31.3147553Z" testType="13cdc9d9-ddb5-4fa4-a97d-d965ccfc6d4b" outcome="Passed" testListId="84e19e89-39ef-4747-b91c-9d26a05c4a8e" />
    <UnitTestResult executionId="a6b02b62-6c16-4178-b70a-406d104354cc" testId="171663c5-23df-4aca-90ec-4d7a6dae662a" testName="Test9005" computerName="UA-LPT-OGA2" duration="00:00:01.6440000" startTime="2025-05-14T13:20:31.3146610Z" endTime="2025-05-14T13:25:31.3147553Z" testType="13cdc9d9-ddb5-4fa4-a97d-d965ccfc6d4b" outcome="Passed" testListId="84e19e89-39ef-4747-b91c-9d26a05c4a8e" />
    <UnitTestResult executionId="bd0e6fd1-0582-4ef2-94a4-ee8e6f7f7e74" testId="309b019b-36d9-4aeb-8e7f-8c13b66899b3" testName="Test9006" computerName="UA-LPT-OGA2" duration="00:00:00.7930000" startTime="2025-05-14T13:20:31.3146610Z" endTime="2025-05-14T13:25:31.3147553Z" testType="13cdc9d9-ddb5-4fa4-a97d-d965ccfc6d4b" outcome="Passed" testListId="84e19e89-39ef-4747-b91c-9d26a05c4a8e" />
    <UnitTestResult executionId="c0ab04bf-1006-41c5-97f3-be2e11bc05ef" testId="84b7893b-7763-420d-a893-6ced0537f580" testName="Test9007" computerName="UA-LPT-OGA2" duration="00:00:01.2230000" startTime="2025-05-14T13:20:31.3146610Z" endTime="2025-05-14T13:25:31.3147553Z" testType="13cdc9d9-ddb5-4fa4-a97d-d965ccfc6d4b" outcome="Passed" testListId="84e19e89-39ef-4747-b91c-9d26a05c4a8e" />
    <UnitTestResult executionId="442cc4ba-6ddc-4f60-b4a6-37c8dcdc8416" testId="f2a675c5-d8b2-4fee-993d-fc7b39699304" testName="Test9008" computerName="UA-LPT-OGA2" duration="00:00:00.3320000" startTime="2025-05-14T13:20:31.3146610Z" endTime="2025-05-14T13:25:31.3147553Z" testType="13cdc9d9-ddb5-4fa4-a97d-d965ccfc6d4b" outcome="Passed" testListId="84e19e89-39ef-4747-b91c-9d26a05c4a8e" />
    <UnitTestResult executionId="0848e623-80eb-4373-bfbe-0b1751abca6a" testId="ae6ee4ba-ec48-4fa7-9780-5e350a90d00d" testName="Test9009" computerName="UA-LPT-OGA2" duration="00:00:00.5440000" startTime="2025-05-14T13:20:31.3146610Z" endTime="2025-05-14T13:25:31.3147553Z" testType="13cdc9d9-ddb5-4fa4-a97d-d965ccfc6d4b" outcome="Passed" testListId="84e19e89-39ef-4747-b91c-9d26a05c4a8e" />
    <UnitTestResult executionId="6579a89f-ce95-4be3-9650-9a6e22f6abbe" testId="8cd6b1ba-2a64-4730-978f-5b1887b43bbb" testName="Test9010" computerName="UA-LPT-OGA2" duration="00:00:00.0270000" startTime="2025-05-14T13:20:31.3146610Z" endTime="2025-05-14T13:25:31.3147553Z" testType="13cdc9d9-ddb5-4fa4-a97d-d965ccfc6d4b" outcome="Failed" testListId="84e19e89-39ef-4747-b91c-9d26a05c4a8e">
      <Output>
        <ErrorInfo>
          <Message>Assertion failed: Expected value did not match actual value.</Message>
          <StackTrace>   at TestNamespace.TestClass.Test() in TestClass.cs:line 353</StackTrace>
        </ErrorInfo>
      </Output>
    </UnitTestResult>
    <UnitTestResult executionId="abffd56f-f8fa-41e2-a58e-e2a2fca6ad9a" testId="33fb9054-aaca-495d-a374-bf7b2e997072" testName="Test9011" computerName="UA-LPT-OGA2" duration="00:00:00.5590000" startTime="2025-05-14T13:20:31.3146610Z" endTime="2025-05-14T13:25:31.3147553Z" testType="13cdc9d9-ddb5-4fa4-a97d-d965ccfc6d4b" outcome="Passed" testListId="84e19e89-39ef-4747-b91c-9d26a05c4a8e" />
    <UnitTestResult executionId="b63848e5-dc52-4411-a960-8641ea10ec7f" testId="800ef182-17b6-43b1-93a2-ef5017894bf3" testName="Test9012" computerName="UA-LPT-OGA2" duration="00:00:01.2580000" startTime="2025-05-14T13:20:31.3146610Z" endTime="2025-05-14T13:25:31.3147553Z" testType="13cdc9d9-ddb5-4fa4-a97d-d965ccfc6d4b" outcome="Passed" testListId="84e19e89-39ef-4747-b91c-9d26a05c4a8e" />
    <UnitTestResult executionId="8bed5c7a-2de7-44bc-9f69-cdf10fcd17f8" testId="2f8eba65-1193-472f-aabd-2073554e4806" testName="Test9013" computerName="UA-LPT-OGA2" duration="00:00:01.8360000" startTime="2025-05-14T13:20:31.3146610Z" endTime="2025-05-14T13:25:31.3147553Z" testType="13cdc9d9-ddb5-4fa4-a97d-d965ccfc6d4b" outcome="Failed" testListId="84e19e89-39ef-4747-b91c-9d26a05c4a8e">
      <Output>
        <ErrorInfo>
          <Message>Assertion failed: Expected value did not match actual value.</Message>
          <StackTrace>   at TestNamespace.TestClass.Test() in TestClass.cs:line 440</StackTrace>
        </ErrorInfo>
      </Output>
    </UnitTestResult>
    <UnitTestResult executionId="de6bae42-67cb-4922-adc5-76003f671851" testId="a5f6198e-8a02-4fcb-b7c5-d892a4c5e504" testName="Test9014" computerName="UA-LPT-OGA2" duration="00:00:01.1200000" startTime="2025-05-14T13:20:31.3146610Z" endTime="2025-05-14T13:25:31.3147553Z" testType="13cdc9d9-ddb5-4fa4-a97d-d965ccfc6d4b" outcome="Passed" testListId="84e19e89-39ef-4747-b91c-9d26a05c4a8e" />
    <UnitTestResult executionId="42229906-8d02-4529-9902-2fb893d8d308" testId="96c64cc0-51e7-4015-9a53-e95acc3ee767" testName="Test9015" computerName="UA-LPT-OGA2" duration="00:00:01.4350000" startTime="2025-05-14T13:20:31.3146610Z" endTime="2025-05-14T13:25:31.3147553Z" testType="13cdc9d9-ddb5-4fa4-a97d-d965ccfc6d4b" outcome="Failed" testListId="84e19e89-39ef-4747-b91c-9d26a05c4a8e">
      <Output>
        <ErrorInfo>
          <Message>Assertion failed: Expected value did not match actual value.</Message>
          <StackTrace>   at TestNamespace.TestClass.Test() in TestClass.cs:line 394</StackTrace>
        </ErrorInfo>
      </Output>
    </UnitTestResult>
    <UnitTestResult executionId="5e50a2c6-68d7-4ada-98c1-1e38f073c002" testId="a099c977-9fbe-43ef-b504-6f0112008999" testName="Test9016" computerName="UA-LPT-OGA2" duration="00:00:00.7970000" startTime="2025-05-14T13:20:31.3146610Z" endTime="2025-05-14T13:25:31.3147553Z" testType="13cdc9d9-ddb5-4fa4-a97d-d965ccfc6d4b" outcome="Passed" testListId="84e19e89-39ef-4747-b91c-9d26a05c4a8e" />
    <UnitTestResult executionId="1c2fcd9c-56d9-4d40-bc1e-4332b542130c" testId="173b0b5f-f983-4b7a-9495-d0f05d31ebbf" testName="Test9017" computerName="UA-LPT-OGA2" duration="00:00:00.3200000" startTime="2025-05-14T13:20:31.3146610Z" endTime="2025-05-14T13:25:31.3147553Z" testType="13cdc9d9-ddb5-4fa4-a97d-d965ccfc6d4b" outcome="Passed" testListId="84e19e89-39ef-4747-b91c-9d26a05c4a8e" />
    <UnitTestResult executionId="418f96a6-e8b3-4a42-9c71-698846cace61" testId="1412f3de-76a5-4040-8027-f5494ae764b9" testName="Test9018" computerName="UA-LPT-OGA2" duration="00:00:00.7510000" startTime="2025-05-14T13:20:31.3146610Z" endTime="2025-05-14T13:25:31.3147553Z" testType="13cdc9d9-ddb5-4fa4-a97d-d965ccfc6d4b" outcome="Passed" testListId="84e19e89-39ef-4747-b91c-9d26a05c4a8e" />
    <UnitTestResult executionId="8046878e-2438-4f10-84b2-1af13d9873a2" testId="2d3cffa3-3d23-4644-8da0-0c658d133490" testName="Test9019" computerName="UA-LPT-OGA2" duration="00:00:01.7290000" startTime="2025-05-14T13:20:31.3146610Z" endTime="2025-05-14T13:25:31.3147553Z" testType="13cdc9d9-ddb5-4fa4-a97d-d965ccfc6d4b" outcome="Passed" testListId="84e19e89-39ef-4747-b91c-9d26a05c4a8e" />
    <UnitTestResult executionId="c3e7ff05-54e7-4ec8-aa62-9197414f4529" testId="e60c821f-3a0a-4004-b9e9-9bb6b0ad01ad" testName="Test9020" computerName="UA-LPT-OGA2" duration="00:00:00.3970000" startTime="2025-05-14T13:20:31.3146610Z" endTime="2025-05-14T13:25:31.3147553Z" testType="13cdc9d9-ddb5-4fa4-a97d-d965ccfc6d4b" outcome="Passed" testListId="84e19e89-39ef-4747-b91c-9d26a05c4a8e" />
    <UnitTestResult executionId="bac36e61-facf-44e1-ae28-96a18db49e4a" testId="85ee7068-3d70-4b4d-a573-3b788621e7ca" testName="Test9021" computerName="UA-LPT-OGA2" duration="00:00:01.3920000" startTime="2025-05-14T13:20:31.3146610Z" endTime="2025-05-14T13:25:31.3147553Z" testType="13cdc9d9-ddb5-4fa4-a97d-d965ccfc6d4b" outcome="Passed" testListId="84e19e89-39ef-4747-b91c-9d26a05c4a8e" />
    <UnitTestResult executionId="d4f5d7bd-0cc8-4236-b4ce-49b74862e24b" testId="43289b1c-7fae-4780-9b82-ab34a0ea9703" testName="Test9022" computerName="UA-LPT-OGA2" duration="00:00:01.2780000" startTime="2025-05-14T13:20:31.3146610Z" endTime="2025-05-14T13:25:31.3147553Z" testType="13cdc9d9-ddb5-4fa4-a97d-d965ccfc6d4b" outcome="Failed" testListId="84e19e89-39ef-4747-b91c-9d26a05c4a8e">
      <Output>
        <ErrorInfo>
          <Message>Assertion failed: Expected value did not match actual value.</Message>
          <StackTrace>   at TestNamespace.TestClass.Test() in TestClass.cs:line 88</StackTrace>
        </ErrorInfo>
      </Output>
    </UnitTestResult>
    <UnitTestResult executionId="60b4e742-e60d-4eea-b2f3-986c614edbb3" testId="bf3c52db-8cca-431a-b285-288b254a2b71" testName="Test9023" computerName="UA-LPT-OGA2" duration="00:00:00.6100000" startTime="2025-05-14T13:20:31.3146610Z" endTime="2025-05-14T13:25:31.3147553Z" testType="13cdc9d9-ddb5-4fa4-a97d-d965ccfc6d4b" outcome="Passed" testListId="84e19e89-39ef-4747-b91c-9d26a05c4a8e" />
    <UnitTestResult executionId="132c6f78-884b-41cf-89ca-db8cbee1dfe3" testId="4ef90fa7-697f-4953-9f6c-b51c93169c0f" testName="Test9024" computerName="UA-LPT-OGA2" duration="00:00:01.4080000" startTime="2025-05-14T13:20:31.3146610Z" endTime="2025-05-14T13:25:31.3147553Z" testType="13cdc9d9-ddb5-4fa4-a97d-d965ccfc6d4b" outcome="Passed" testListId="84e19e89-39ef-4747-b91c-9d26a05c4a8e" />
    <UnitTestResult executionId="118f60e0-791a-41bd-8422-6668e1bded9b" testId="409a7788-8a46-410e-8f5d-7fb5b1e28a45" testName="Test9025" computerName="UA-LPT-OGA2" duration="00:00:00.4310000" startTime="2025-05-14T13:20:31.3146610Z" endTime="2025-05-14T13:25:31.3147553Z" testType="13cdc9d9-ddb5-4fa4-a97d-d965ccfc6d4b" outcome="Passed" testListId="84e19e89-39ef-4747-b91c-9d26a05c4a8e" />
    <UnitTestResult executionId="e6cf721a-0439-41f7-8308-e0ec8e8e2f70" testId="309a9e3f-dc55-49e3-bd06-2d0fc1a1b8f8" testName="Test9026" computerName="UA-LPT-OGA2" duration="00:00:01.7750000" startTime="2025-05-14T13:20:31.3146610Z" endTime="2025-05-14T13:25:31.3147553Z" testType="13cdc9d9-ddb5-4fa4-a97d-d965ccfc6d4b" outcome="Passed" testListId="84e19e89-39ef-4747-b91c-9d26a05c4a8e" />
    <UnitTestResult executionId="de34dc43-34ae-4a34-bbd6-9d536273d011" testId="e636404b-eed7-402c-9f70-57afa82a52aa" testName="Test9027" computerName="UA-LPT-OGA2" duration="00:00:00.4270000" startTime="2025-05-14T13:20:31.3146610Z" endTime="2025-05-14T13:25:31.3147553Z" testType="13cdc9d9-ddb5-4fa4-a97d-d965ccfc6d4b" outcome="Passed" testListId="84e19e89-39ef-4747-b91c-9d26a05c4a8e" />
    <UnitTestResult executionId="47068e59-b774-43f4-8ded-6cb06252dca7" testId="b5829470-bf27-4c64-b310-7be0d497ff4b" testName="Test9028" computerName="UA-LPT-OGA2" duration="00:00:00.8520000" startTime="2025-05-14T13:20:31.3146610Z" endTime="2025-05-14T13:25:31.3147553Z" testType="13cdc9d9-ddb5-4fa4-a97d-d965ccfc6d4b" outcome="Passed" testListId="84e19e89-39ef-4747-b91c-9d26a05c4a8e" />
    <UnitTestResult executionId="fccbeaf6-af13-45b9-b0d2-b577113bab3b" testId="2cd78fff-290a-4ad4-b916-c9080a1d87d6" testName="Test9029" computerName="UA-LPT-OGA2" duration="00:00:01.6120000" startTime="2025-05-14T13:20:31.3146610Z" endTime="2025-05-14T13:25:31.3147553Z" testType="13cdc9d9-ddb5-4fa4-a97d-d965ccfc6d4b" outcome="Passed" testListId="84e19e89-39ef-4747-b91c-9d26a05c4a8e" />
    <UnitTestResult executionId="05c4a53e-c175-4038-9add-23ea1efffcfc" testId="0688a93a-1852-46ec-8360-c2921a25d1e4" testName="Test9030" computerName="UA-LPT-OGA2" duration="00:00:00.5530000" startTime="2025-05-14T13:20:31.3146610Z" endTime="2025-05-14T13:25:31.3147553Z" testType="13cdc9d9-ddb5-4fa4-a97d-d965ccfc6d4b" outcome="Passed" testListId="84e19e89-39ef-4747-b91c-9d26a05c4a8e" />
    <UnitTestResult executionId="38fc3ea3-4514-4ddb-a781-a5376bbaa668" testId="a49afc3c-6915-4601-b27f-14bb6c22becf" testName="Test9031" computerName="UA-LPT-OGA2" duration="00:00:00.3670000" startTime="2025-05-14T13:20:31.3146610Z" endTime="2025-05-14T13:25:31.3147553Z" testType="13cdc9d9-ddb5-4fa4-a97d-d965ccfc6d4b" outcome="Failed" testListId="84e19e89-39ef-4747-b91c-9d26a05c4a8e">
      <Output>
        <ErrorInfo>
          <Message>Assertion failed: Expected value did not match actual value.</Message>
          <StackTrace>   at TestNamespace.TestClass.Test() in TestClass.cs:line 31</StackTrace>
        </ErrorInfo>
      </Output>
    </UnitTestResult>
    <UnitTestResult executionId="891bb141-9a56-4a79-b103-f8cd7e75d9b6" testId="548ea3a0-4676-4c8d-bd8c-10b3432daad2" testName="Test9032" computerName="UA-LPT-OGA2" duration="00:00:00.9020000" startTime="2025-05-14T13:20:31.3146610Z" endTime="2025-05-14T13:25:31.3147553Z" testType="13cdc9d9-ddb5-4fa4-a97d-d965ccfc6d4b" outcome="Passed" testListId="84e19e89-39ef-4747-b91c-9d26a05c4a8e" />
    <UnitTestResult executionId="05c068da-b13a-4e6c-9bf9-15240328cfc4" testId="371854a2-f086-4235-a97a-228a604fadb8" testName="Test9033" computerName="UA-LPT-OGA2" duration="00:00:01.0480000" startTime="2025-05-14T13:20:31.3146610Z" endTime="2025-05-14T13:25:31.3147553Z" testType="13cdc9d9-ddb5-4fa4-a97d-d965ccfc6d4b" outcome="Passed" testListId="84e19e89-39ef-4747-b91c-9d26a05c4a8e" />
    <UnitTestResult executionId="8f888b3d-0f8b-487c-b0eb-b3585159f869" testId="0fa5d420-42c0-421b-a4dc-8336f6314db0" testName="Test9034" computerName="UA-LPT-OGA2" duration="00:00:01.4480000" startTime="2025-05-14T13:20:31.3146610Z" endTime="2025-05-14T13:25:31.3147553Z" testType="13cdc9d9-ddb5-4fa4-a97d-d965ccfc6d4b" outcome="Passed" testListId="84e19e89-39ef-4747-b91c-9d26a05c4a8e" />
    <UnitTestResult executionId="8466dd94-3d78-4d13-9129-fccd710fba6f" testId="4a6e7ea2-682f-4252-bd58-7343ac05944c" testName="Test9035" computerName="UA-LPT-OGA2" duration="00:00:01.2950000" startTime="2025-05-14T13:20:31.3146610Z" endTime="2025-05-14T13:25:31.3147553Z" testType="13cdc9d9-ddb5-4fa4-a97d-d965ccfc6d4b" outcome="Passed" testListId="84e19e89-39ef-4747-b91c-9d26a05c4a8e" />
    <UnitTestResult executionId="5352bb14-6117-4182-9e6f-ed21125672f1" testId="461637a2-7d21-480f-ae5b-bcbdca759386" testName="Test9036" computerName="UA-LPT-OGA2" duration="00:00:01.3730000" startTime="2025-05-14T13:20:31.3146610Z" endTime="2025-05-14T13:25:31.3147553Z" testType="13cdc9d9-ddb5-4fa4-a97d-d965ccfc6d4b" outcome="Passed" testListId="84e19e89-39ef-4747-b91c-9d26a05c4a8e" />
    <UnitTestResult executionId="056cca83-6b50-4261-a90a-52916b81e748" testId="1ca352d3-2bf8-41dc-8fb0-25535138a8bd" testName="Test9037" computerName="UA-LPT-OGA2" duration="00:00:01.1540000" startTime="2025-05-14T13:20:31.3146610Z" endTime="2025-05-14T13:25:31.3147553Z" testType="13cdc9d9-ddb5-4fa4-a97d-d965ccfc6d4b" outcome="Failed" testListId="84e19e89-39ef-4747-b91c-9d26a05c4a8e">
      <Output>
        <ErrorInfo>
          <Message>Assertion failed: Expected value did not match actual value.</Message>
          <StackTrace>   at TestNamespace.TestClass.Test() in TestClass.cs:line 32</StackTrace>
        </ErrorInfo>
      </Output>
    </UnitTestResult>
    <UnitTestResult executionId="c9850735-0095-4fef-a599-924ef8d3b183" testId="5e2729ab-9cd1-43c0-a40c-876351e9206a" testName="Test9038" computerName="UA-LPT-OGA2" duration="00:00:00.2900000" startTime="2025-05-14T13:20:31.3146610Z" endTime="2025-05-14T13:25:31.3147553Z" testType="13cdc9d9-ddb5-4fa4-a97d-d965ccfc6d4b" outcome="Passed" testListId="84e19e89-39ef-4747-b91c-9d26a05c4a8e" />
    <UnitTestResult executionId="4fe77d9f-f896-4a8a-81a1-e0cc29f3510f" testId="d26bf0b8-9ec5-4ce7-b68a-0f9c3e5d5a6b" testName="Test9039" computerName="UA-LPT-OGA2" duration="00:00:00.8640000" startTime="2025-05-14T13:20:31.3146610Z" endTime="2025-05-14T13:25:31.3147553Z" testType="13cdc9d9-ddb5-4fa4-a97d-d965ccfc6d4b" outcome="Passed" testListId="84e19e89-39ef-4747-b91c-9d26a05c4a8e" />
    <UnitTestResult executionId="7d204e82-d702-46fc-9205-fc2362c14376" testId="4ebe5608-c1e5-4627-bcc7-1993844927df" testName="Test9040" computerName="UA-LPT-OGA2" duration="00:00:00.2020000" startTime="2025-05-14T13:20:31.3146610Z" endTime="2025-05-14T13:25:31.3147553Z" testType="13cdc9d9-ddb5-4fa4-a97d-d965ccfc6d4b" outcome="Passed" testListId="84e19e89-39ef-4747-b91c-9d26a05c4a8e" />
    <UnitTestResult executionId="8a894bcf-b640-4f7e-854f-9f65e9d59ab6" testId="1bdbbef9-f336-46ab-901a-39b7e60f522a" testName="Test9041" computerName="UA-LPT-OGA2" duration="00:00:01.6560000" startTime="2025-05-14T13:20:31.3146610Z" endTime="2025-05-14T13:25:31.3147553Z" testType="13cdc9d9-ddb5-4fa4-a97d-d965ccfc6d4b" outcome="Passed" testListId="84e19e89-39ef-4747-b91c-9d26a05c4a8e" />
    <UnitTestResult executionId="7d7d2a96-f5bc-45a6-857b-527ba15ecc2e" testId="67e02d72-71f8-406f-811e-5371f174917c" testName="Test9042" computerName="UA-LPT-OGA2" duration="00:00:01.5950000" startTime="2025-05-14T13:20:31.3146610Z" endTime="2025-05-14T13:25:31.3147553Z" testType="13cdc9d9-ddb5-4fa4-a97d-d965ccfc6d4b" outcome="Passed" testListId="84e19e89-39ef-4747-b91c-9d26a05c4a8e" />
    <UnitTestResult executionId="3038b8eb-53e3-409f-a73c-07f21e2e6a1e" testId="3dd8c62e-7517-4585-b3f5-e39f57c1ac22" testName="Test9043" computerName="UA-LPT-OGA2" duration="00:00:00.4140000" startTime="2025-05-14T13:20:31.3146610Z" endTime="2025-05-14T13:25:31.3147553Z" testType="13cdc9d9-ddb5-4fa4-a97d-d965ccfc6d4b" outcome="Passed" testListId="84e19e89-39ef-4747-b91c-9d26a05c4a8e" />
    <UnitTestResult executionId="4724905c-c0c4-40f8-a025-96eb5542684c" testId="3d4c57e1-4e79-4dfb-9c5f-9f42b03c7162" testName="Test9044" computerName="UA-LPT-OGA2" duration="00:00:00.5890000" startTime="2025-05-14T13:20:31.3146610Z" endTime="2025-05-14T13:25:31.3147553Z" testType="13cdc9d9-ddb5-4fa4-a97d-d965ccfc6d4b" outcome="Passed" testListId="84e19e89-39ef-4747-b91c-9d26a05c4a8e" />
    <UnitTestResult executionId="ca4fc29c-4114-4ce7-b172-705ab263e099" testId="d1748108-eb3b-4a64-ad94-a3fc5e2103eb" testName="Test9045" computerName="UA-LPT-OGA2" duration="00:00:01.7900000" startTime="2025-05-14T13:20:31.3146610Z" endTime="2025-05-14T13:25:31.3147553Z" testType="13cdc9d9-ddb5-4fa4-a97d-d965ccfc6d4b" outcome="Passed" testListId="84e19e89-39ef-4747-b91c-9d26a05c4a8e" />
    <UnitTestResult executionId="8935edf9-9f84-47be-9aed-e958d773a182" testId="baaa4a48-5d61-4c55-bf71-0df5f58fb1c8" testName="Test9046" computerName="UA-LPT-OGA2" duration="00:00:01.0540000" startTime="2025-05-14T13:20:31.3146610Z" endTime="2025-05-14T13:25:31.3147553Z" testType="13cdc9d9-ddb5-4fa4-a97d-d965ccfc6d4b" outcome="Passed" testListId="84e19e89-39ef-4747-b91c-9d26a05c4a8e" />
    <UnitTestResult executionId="dc2ecd32-d98e-4682-9693-51c5cbc4e852" testId="7021d122-22a6-4daa-88ab-30a0a2d94f78" testName="Test9047" computerName="UA-LPT-OGA2" duration="00:00:01.8570000" startTime="2025-05-14T13:20:31.3146610Z" endTime="2025-05-14T13:25:31.3147553Z" testType="13cdc9d9-ddb5-4fa4-a97d-d965ccfc6d4b" outcome="Passed" testListId="84e19e89-39ef-4747-b91c-9d26a05c4a8e" />
    <UnitTestResult executionId="e42385dc-8976-4b4b-908d-26dcbd101caf" testId="7a7034fb-76a8-490b-afd4-e21c884f1ee4" testName="Test9048" computerName="UA-LPT-OGA2" duration="00:00:00.1470000" startTime="2025-05-14T13:20:31.3146610Z" endTime="2025-05-14T13:25:31.3147553Z" testType="13cdc9d9-ddb5-4fa4-a97d-d965ccfc6d4b" outcome="Failed" testListId="84e19e89-39ef-4747-b91c-9d26a05c4a8e">
      <Output>
        <ErrorInfo>
          <Message>Assertion failed: Expected value did not match actual value.</Message>
          <StackTrace>   at TestNamespace.TestClass.Test() in TestClass.cs:line 29</StackTrace>
        </ErrorInfo>
      </Output>
    </UnitTestResult>
    <UnitTestResult executionId="15024fb9-ab19-427c-b875-08381965498a" testId="75f94387-6fad-42d5-8584-3f62274f3e7b" testName="Test9049" computerName="UA-LPT-OGA2" duration="00:00:01.4890000" startTime="2025-05-14T13:20:31.3146610Z" endTime="2025-05-14T13:25:31.3147553Z" testType="13cdc9d9-ddb5-4fa4-a97d-d965ccfc6d4b" outcome="Passed" testListId="84e19e89-39ef-4747-b91c-9d26a05c4a8e" />
    <UnitTestResult executionId="0b1a1c2f-ee5b-4529-a449-db613f4878bb" testId="15972eb8-67d8-4fbf-90b0-73cd70ef616e" testName="Test9050" computerName="UA-LPT-OGA2" duration="00:00:01.6100000" startTime="2025-05-14T13:20:31.3146610Z" endTime="2025-05-14T13:25:31.3147553Z" testType="13cdc9d9-ddb5-4fa4-a97d-d965ccfc6d4b" outcome="Passed" testListId="84e19e89-39ef-4747-b91c-9d26a05c4a8e" />
    <UnitTestResult executionId="5e931881-c673-4fad-87f5-ed763a0f7611" testId="c092db5b-5151-4367-a535-c4e968eac95e" testName="Test9051" computerName="UA-LPT-OGA2" duration="00:00:00.8280000" startTime="2025-05-14T13:20:31.3146610Z" endTime="2025-05-14T13:25:31.3147553Z" testType="13cdc9d9-ddb5-4fa4-a97d-d965ccfc6d4b" outcome="Passed" testListId="84e19e89-39ef-4747-b91c-9d26a05c4a8e" />
    <UnitTestResult executionId="74e81dd9-e578-4794-a370-f55f98225fda" testId="609980af-68d9-420a-b307-56f9fcff6ee3" testName="Test9052" computerName="UA-LPT-OGA2" duration="00:00:01.5940000" startTime="2025-05-14T13:20:31.3146610Z" endTime="2025-05-14T13:25:31.3147553Z" testType="13cdc9d9-ddb5-4fa4-a97d-d965ccfc6d4b" outcome="Passed" testListId="84e19e89-39ef-4747-b91c-9d26a05c4a8e" />
    <UnitTestResult executionId="d067e31e-10b6-46ec-94bb-cd82ddf250bd" testId="fc47d9ed-c67a-48bc-8e93-4396c13f670a" testName="Test9053" computerName="UA-LPT-OGA2" duration="00:00:00.9800000" startTime="2025-05-14T13:20:31.3146610Z" endTime="2025-05-14T13:25:31.3147553Z" testType="13cdc9d9-ddb5-4fa4-a97d-d965ccfc6d4b" outcome="Passed" testListId="84e19e89-39ef-4747-b91c-9d26a05c4a8e" />
    <UnitTestResult executionId="cd21260b-8460-453f-9e9b-435de3294047" testId="affac082-562d-4199-b1f1-ad061abdcc4f" testName="Test9054" computerName="UA-LPT-OGA2" duration="00:00:01.9150000" startTime="2025-05-14T13:20:31.3146610Z" endTime="2025-05-14T13:25:31.3147553Z" testType="13cdc9d9-ddb5-4fa4-a97d-d965ccfc6d4b" outcome="Passed" testListId="84e19e89-39ef-4747-b91c-9d26a05c4a8e" />
    <UnitTestResult executionId="e27638a0-c183-45cb-b935-4c9b2502f0f5" testId="e25c90e0-5d97-4ad7-8ed5-eba8950d414d" testName="Test9055" computerName="UA-LPT-OGA2" duration="00:00:01.9240000" startTime="2025-05-14T13:20:31.3146610Z" endTime="2025-05-14T13:25:31.3147553Z" testType="13cdc9d9-ddb5-4fa4-a97d-d965ccfc6d4b" outcome="Passed" testListId="84e19e89-39ef-4747-b91c-9d26a05c4a8e" />
    <UnitTestResult executionId="7ed5999f-e0be-45b0-82de-9d18606de4fa" testId="e5a2c319-d292-451b-9788-73ced26ec42f" testName="Test9056" computerName="UA-LPT-OGA2" duration="00:00:00.2270000" startTime="2025-05-14T13:20:31.3146610Z" endTime="2025-05-14T13:25:31.3147553Z" testType="13cdc9d9-ddb5-4fa4-a97d-d965ccfc6d4b" outcome="Passed" testListId="84e19e89-39ef-4747-b91c-9d26a05c4a8e" />
    <UnitTestResult executionId="da65a72f-1a99-46f2-a653-5b7a2fae032f" testId="a60f1746-0eb7-4527-b7ab-c124f766bfce" testName="Test9057" computerName="UA-LPT-OGA2" duration="00:00:01.3480000" startTime="2025-05-14T13:20:31.3146610Z" endTime="2025-05-14T13:25:31.3147553Z" testType="13cdc9d9-ddb5-4fa4-a97d-d965ccfc6d4b" outcome="Passed" testListId="84e19e89-39ef-4747-b91c-9d26a05c4a8e" />
    <UnitTestResult executionId="b3b7540b-e5aa-4b5f-984a-972b4982b937" testId="4180bebd-0435-4c7e-9cb5-503b9d236cbc" testName="Test9058" computerName="UA-LPT-OGA2" duration="00:00:00.1300000" startTime="2025-05-14T13:20:31.3146610Z" endTime="2025-05-14T13:25:31.3147553Z" testType="13cdc9d9-ddb5-4fa4-a97d-d965ccfc6d4b" outcome="Passed" testListId="84e19e89-39ef-4747-b91c-9d26a05c4a8e" />
    <UnitTestResult executionId="a8482bb9-151a-475a-93fc-36a3adae1b02" testId="ace6d3c7-9e77-4ee5-9444-6fb76295141e" testName="Test9059" computerName="UA-LPT-OGA2" duration="00:00:00.1450000" startTime="2025-05-14T13:20:31.3146610Z" endTime="2025-05-14T13:25:31.3147553Z" testType="13cdc9d9-ddb5-4fa4-a97d-d965ccfc6d4b" outcome="Passed" testListId="84e19e89-39ef-4747-b91c-9d26a05c4a8e" />
    <UnitTestResult executionId="5b54e3e4-836c-4ab9-a18e-671b24c735d0" testId="832114dc-a2af-4e4b-a431-067e54632a35" testName="Test9060" computerName="UA-LPT-OGA2" duration="00:00:01.3120000" startTime="2025-05-14T13:20:31.3146610Z" endTime="2025-05-14T13:25:31.3147553Z" testType="13cdc9d9-ddb5-4fa4-a97d-d965ccfc6d4b" outcome="Passed" testListId="84e19e89-39ef-4747-b91c-9d26a05c4a8e" />
    <UnitTestResult executionId="3a64fc64-b5a2-47ca-9dc9-a329594b6f84" testId="1441e598-b95d-4dd1-9c4d-95b5866b4675" testName="Test9061" computerName="UA-LPT-OGA2" duration="00:00:00.2820000" startTime="2025-05-14T13:20:31.3146610Z" endTime="2025-05-14T13:25:31.3147553Z" testType="13cdc9d9-ddb5-4fa4-a97d-d965ccfc6d4b" outcome="Passed" testListId="84e19e89-39ef-4747-b91c-9d26a05c4a8e" />
    <UnitTestResult executionId="d62b85a6-a6ea-4965-81a0-d96d0cd11d28" testId="1538e6b1-2481-4267-89d3-521e9ef4eb18" testName="Test9062" computerName="UA-LPT-OGA2" duration="00:00:00.1980000" startTime="2025-05-14T13:20:31.3146610Z" endTime="2025-05-14T13:25:31.3147553Z" testType="13cdc9d9-ddb5-4fa4-a97d-d965ccfc6d4b" outcome="Passed" testListId="84e19e89-39ef-4747-b91c-9d26a05c4a8e" />
    <UnitTestResult executionId="96a0be81-994d-4ce7-af57-bb6d3e5a7343" testId="277d9188-fd68-4d2b-8d87-d14753d92f51" testName="Test9063" computerName="UA-LPT-OGA2" duration="00:00:01.9590000" startTime="2025-05-14T13:20:31.3146610Z" endTime="2025-05-14T13:25:31.3147553Z" testType="13cdc9d9-ddb5-4fa4-a97d-d965ccfc6d4b" outcome="Failed" testListId="84e19e89-39ef-4747-b91c-9d26a05c4a8e">
      <Output>
        <ErrorInfo>
          <Message>Assertion failed: Expected value did not match actual value.</Message>
          <StackTrace>   at TestNamespace.TestClass.Test() in TestClass.cs:line 54</StackTrace>
        </ErrorInfo>
      </Output>
    </UnitTestResult>
    <UnitTestResult executionId="f61b37e2-92a0-45c4-9587-5e37a114cb03" testId="f332714f-872f-4541-b41d-b43fb1aea843" testName="Test9064" computerName="UA-LPT-OGA2" duration="00:00:01.4300000" startTime="2025-05-14T13:20:31.3146610Z" endTime="2025-05-14T13:25:31.3147553Z" testType="13cdc9d9-ddb5-4fa4-a97d-d965ccfc6d4b" outcome="Passed" testListId="84e19e89-39ef-4747-b91c-9d26a05c4a8e" />
    <UnitTestResult executionId="2ff1c19a-c1c8-437c-a606-1d49636e4f57" testId="fa4ed220-88a8-4b60-ad5c-17e845f24dc2" testName="Test9065" computerName="UA-LPT-OGA2" duration="00:00:00.4310000" startTime="2025-05-14T13:20:31.3146610Z" endTime="2025-05-14T13:25:31.3147553Z" testType="13cdc9d9-ddb5-4fa4-a97d-d965ccfc6d4b" outcome="Passed" testListId="84e19e89-39ef-4747-b91c-9d26a05c4a8e" />
    <UnitTestResult executionId="447aa1f9-938b-4978-9c33-1bc1c547d7b8" testId="5edfda6c-a15b-426d-b0b0-e0007a861cd8" testName="Test9066" computerName="UA-LPT-OGA2" duration="00:00:00.2100000" startTime="2025-05-14T13:20:31.3146610Z" endTime="2025-05-14T13:25:31.3147553Z" testType="13cdc9d9-ddb5-4fa4-a97d-d965ccfc6d4b" outcome="Passed" testListId="84e19e89-39ef-4747-b91c-9d26a05c4a8e" />
    <UnitTestResult executionId="354fbe80-fd58-474a-a650-6d9792198e5b" testId="b9af8c29-e480-48bd-873e-6abe9ddacb3c" testName="Test9067" computerName="UA-LPT-OGA2" duration="00:00:00.1110000" startTime="2025-05-14T13:20:31.3146610Z" endTime="2025-05-14T13:25:31.3147553Z" testType="13cdc9d9-ddb5-4fa4-a97d-d965ccfc6d4b" outcome="Passed" testListId="84e19e89-39ef-4747-b91c-9d26a05c4a8e" />
    <UnitTestResult executionId="62c133d9-efd9-49d1-905c-a96667c3f9ba" testId="3669ab52-0ef3-4894-8d54-60f6a94fb9fe" testName="Test9068" computerName="UA-LPT-OGA2" duration="00:00:01.4310000" startTime="2025-05-14T13:20:31.3146610Z" endTime="2025-05-14T13:25:31.3147553Z" testType="13cdc9d9-ddb5-4fa4-a97d-d965ccfc6d4b" outcome="Inconclusive" testListId="84e19e89-39ef-4747-b91c-9d26a05c4a8e" />
    <UnitTestResult executionId="1760b817-3749-4a10-b373-c28cdae5b575" testId="ad18b598-d91e-46c0-ab45-eee9126f0f0f" testName="Test9069" computerName="UA-LPT-OGA2" duration="00:00:01.7410000" startTime="2025-05-14T13:20:31.3146610Z" endTime="2025-05-14T13:25:31.3147553Z" testType="13cdc9d9-ddb5-4fa4-a97d-d965ccfc6d4b" outcome="Passed" testListId="84e19e89-39ef-4747-b91c-9d26a05c4a8e" />
    <UnitTestResult executionId="eae69648-de9b-4ebd-be6d-3bf76d907579" testId="82e1aea0-f68b-459c-8e19-db1b7670ef18" testName="Test9070" computerName="UA-LPT-OGA2" duration="00:00:00.7500000" startTime="2025-05-14T13:20:31.3146610Z" endTime="2025-05-14T13:25:31.3147553Z" testType="13cdc9d9-ddb5-4fa4-a97d-d965ccfc6d4b" outcome="Passed" testListId="84e19e89-39ef-4747-b91c-9d26a05c4a8e" />
    <UnitTestResult executionId="36d21ed5-1f9b-4295-aef0-bd0b55dc2079" testId="442e2dab-063d-4b05-810f-eae0f83c060e" testName="Test9071" computerName="UA-LPT-OGA2" duration="00:00:01.1530000" startTime="2025-05-14T13:20:31.3146610Z" endTime="2025-05-14T13:25:31.3147553Z" testType="13cdc9d9-ddb5-4fa4-a97d-d965ccfc6d4b" outcome="Passed" testListId="84e19e89-39ef-4747-b91c-9d26a05c4a8e" />
    <UnitTestResult executionId="b49f5f0b-3939-499f-a890-5f53b2ccd4d4" testId="55e064e3-d771-41c5-9597-df514b2e875d" testName="Test9072" computerName="UA-LPT-OGA2" duration="00:00:01.4540000" startTime="2025-05-14T13:20:31.3146610Z" endTime="2025-05-14T13:25:31.3147553Z" testType="13cdc9d9-ddb5-4fa4-a97d-d965ccfc6d4b" outcome="Passed" testListId="84e19e89-39ef-4747-b91c-9d26a05c4a8e" />
    <UnitTestResult executionId="ac36dd28-0ef2-4ca8-b19a-94fe5b2b81fe" testId="6a231bff-ebf8-4ff0-8cc0-d9a51dd30e87" testName="Test9073" computerName="UA-LPT-OGA2" duration="00:00:00.8980000" startTime="2025-05-14T13:20:31.3146610Z" endTime="2025-05-14T13:25:31.3147553Z" testType="13cdc9d9-ddb5-4fa4-a97d-d965ccfc6d4b" outcome="Passed" testListId="84e19e89-39ef-4747-b91c-9d26a05c4a8e" />
    <UnitTestResult executionId="8a6e6b24-b853-4ab3-8e4c-014f3542d8a8" testId="c997ed86-173c-40b8-aebd-66428ca06f3f" testName="Test9074" computerName="UA-LPT-OGA2" duration="00:00:01.3050000" startTime="2025-05-14T13:20:31.3146610Z" endTime="2025-05-14T13:25:31.3147553Z" testType="13cdc9d9-ddb5-4fa4-a97d-d965ccfc6d4b" outcome="Passed" testListId="84e19e89-39ef-4747-b91c-9d26a05c4a8e" />
    <UnitTestResult executionId="1d84afcc-a86a-4c9d-a160-ab94a5a76208" testId="ad49816e-bea4-4222-bb13-b6ccc15d8cf1" testName="Test9075" computerName="UA-LPT-OGA2" duration="00:00:00.3060000" startTime="2025-05-14T13:20:31.3146610Z" endTime="2025-05-14T13:25:31.3147553Z" testType="13cdc9d9-ddb5-4fa4-a97d-d965ccfc6d4b" outcome="Passed" testListId="84e19e89-39ef-4747-b91c-9d26a05c4a8e" />
    <UnitTestResult executionId="6485d0a8-061c-4d9c-b4ad-08eab185ecc2" testId="3884bed9-e48e-4ecd-908e-f2a0f36e297d" testName="Test9076" computerName="UA-LPT-OGA2" duration="00:00:01.1910000" startTime="2025-05-14T13:20:31.3146610Z" endTime="2025-05-14T13:25:31.3147553Z" testType="13cdc9d9-ddb5-4fa4-a97d-d965ccfc6d4b" outcome="Passed" testListId="84e19e89-39ef-4747-b91c-9d26a05c4a8e" />
    <UnitTestResult executionId="86221ced-d4c3-42f1-8fde-2c855219baed" testId="0eb23ddf-07a5-4351-9516-1ec35bb262e3" testName="Test9077" computerName="UA-LPT-OGA2" duration="00:00:01.9510000" startTime="2025-05-14T13:20:31.3146610Z" endTime="2025-05-14T13:25:31.3147553Z" testType="13cdc9d9-ddb5-4fa4-a97d-d965ccfc6d4b" outcome="Passed" testListId="84e19e89-39ef-4747-b91c-9d26a05c4a8e" />
    <UnitTestResult executionId="7be2061e-d30f-422e-8ac6-79d71389e15a" testId="2d6b647d-656b-4bc5-ae13-56c5245732cd" testName="Test9078" computerName="UA-LPT-OGA2" duration="00:00:01.5350000" startTime="2025-05-14T13:20:31.3146610Z" endTime="2025-05-14T13:25:31.3147553Z" testType="13cdc9d9-ddb5-4fa4-a97d-d965ccfc6d4b" outcome="Passed" testListId="84e19e89-39ef-4747-b91c-9d26a05c4a8e" />
    <UnitTestResult executionId="8b687d67-f636-4df9-851c-b5718015b651" testId="769ffccc-5358-4ce6-a96c-37e68110d9c2" testName="Test9079" computerName="UA-LPT-OGA2" duration="00:00:00.8500000" startTime="2025-05-14T13:20:31.3146610Z" endTime="2025-05-14T13:25:31.3147553Z" testType="13cdc9d9-ddb5-4fa4-a97d-d965ccfc6d4b" outcome="Passed" testListId="84e19e89-39ef-4747-b91c-9d26a05c4a8e" />
    <UnitTestResult executionId="fe40f25d-8972-4067-8d4b-0909a1b894b2" testId="6ce52f32-308a-4271-8585-0d39750cd26a" testName="Test9080" computerName="UA-LPT-OGA2" duration="00:00:00.5220000" startTime="2025-05-14T13:20:31.3146610Z" endTime="2025-05-14T13:25:31.3147553Z" testType="13cdc9d9-ddb5-4fa4-a97d-d965ccfc6d4b" outcome="Inconclusive" testListId="84e19e89-39ef-4747-b91c-9d26a05c4a8e" />
    <UnitTestResult executionId="40cfa3a6-a265-4f26-b5b4-93383fc91e9f" testId="37d3ac2b-4eb6-4401-8b03-884ac187566a" testName="Test9081" computerName="UA-LPT-OGA2" duration="00:00:00.1400000" startTime="2025-05-14T13:20:31.3146610Z" endTime="2025-05-14T13:25:31.3147553Z" testType="13cdc9d9-ddb5-4fa4-a97d-d965ccfc6d4b" outcome="Failed" testListId="84e19e89-39ef-4747-b91c-9d26a05c4a8e">
      <Output>
        <ErrorInfo>
          <Message>Assertion failed: Expected value did not match actual value.</Message>
          <StackTrace>   at TestNamespace.TestClass.Test() in TestClass.cs:line 434</StackTrace>
        </ErrorInfo>
      </Output>
    </UnitTestResult>
    <UnitTestResult executionId="06d2947d-65d1-43fe-a5fc-02881913f7cc" testId="9c006d2a-24b6-41f5-a150-a3a814519392" testName="Test9082" computerName="UA-LPT-OGA2" duration="00:00:00.7070000" startTime="2025-05-14T13:20:31.3146610Z" endTime="2025-05-14T13:25:31.3147553Z" testType="13cdc9d9-ddb5-4fa4-a97d-d965ccfc6d4b" outcome="Passed" testListId="84e19e89-39ef-4747-b91c-9d26a05c4a8e" />
    <UnitTestResult executionId="4df44da5-47a9-4a83-88b8-d8511372ae40" testId="f5ae47ca-16d4-4a2d-8006-ad34d2e6d996" testName="Test9083" computerName="UA-LPT-OGA2" duration="00:00:00.6830000" startTime="2025-05-14T13:20:31.3146610Z" endTime="2025-05-14T13:25:31.3147553Z" testType="13cdc9d9-ddb5-4fa4-a97d-d965ccfc6d4b" outcome="Passed" testListId="84e19e89-39ef-4747-b91c-9d26a05c4a8e" />
    <UnitTestResult executionId="7019c9ad-77ae-468e-ad7e-ee730c71faa4" testId="fdf87a37-9165-4776-b95e-d743b7a5924a" testName="Test9084" computerName="UA-LPT-OGA2" duration="00:00:01.0050000" startTime="2025-05-14T13:20:31.3146610Z" endTime="2025-05-14T13:25:31.3147553Z" testType="13cdc9d9-ddb5-4fa4-a97d-d965ccfc6d4b" outcome="Passed" testListId="84e19e89-39ef-4747-b91c-9d26a05c4a8e" />
    <UnitTestResult executionId="09320816-915e-4985-a1fc-93c0980c0673" testId="0ca8af4e-0eec-4bd0-aa10-cf9d6419be52" testName="Test9085" computerName="UA-LPT-OGA2" duration="00:00:01.5160000" startTime="2025-05-14T13:20:31.3146610Z" endTime="2025-05-14T13:25:31.3147553Z" testType="13cdc9d9-ddb5-4fa4-a97d-d965ccfc6d4b" outcome="Passed" testListId="84e19e89-39ef-4747-b91c-9d26a05c4a8e" />
    <UnitTestResult executionId="baa0e634-e7b1-4d87-9a4c-582e589871c6" testId="e380ab3b-111b-4f05-93f4-189a98cbb7f0" testName="Test9086" computerName="UA-LPT-OGA2" duration="00:00:00.5980000" startTime="2025-05-14T13:20:31.3146610Z" endTime="2025-05-14T13:25:31.3147553Z" testType="13cdc9d9-ddb5-4fa4-a97d-d965ccfc6d4b" outcome="Passed" testListId="84e19e89-39ef-4747-b91c-9d26a05c4a8e" />
    <UnitTestResult executionId="b1fc7cb8-f345-4a9c-9472-01cb9ef92d7c" testId="e852de48-ba04-4823-9e8f-fc572734146a" testName="Test9087" computerName="UA-LPT-OGA2" duration="00:00:00.3780000" startTime="2025-05-14T13:20:31.3146610Z" endTime="2025-05-14T13:25:31.3147553Z" testType="13cdc9d9-ddb5-4fa4-a97d-d965ccfc6d4b" outcome="Failed" testListId="84e19e89-39ef-4747-b91c-9d26a05c4a8e">
      <Output>
        <ErrorInfo>
          <Message>Assertion failed: Expected value did not match actual value.</Message>
          <StackTrace>   at TestNamespace.TestClass.Test() in TestClass.cs:line 11</StackTrace>
        </ErrorInfo>
      </Output>
    </UnitTestResult>
    <UnitTestResult executionId="24f3fde2-30a7-4660-86a0-4dbabe9278d5" testId="f30f8a90-ddde-451e-a108-3dc09a959d4e" testName="Test9088" computerName="UA-LPT-OGA2" duration="00:00:01.2570000" startTime="2025-05-14T13:20:31.3146610Z" endTime="2025-05-14T13:25:31.3147553Z" testType="13cdc9d9-ddb5-4fa4-a97d-d965ccfc6d4b" outcome="Failed" testListId="84e19e89-39ef-4747-b91c-9d26a05c4a8e">
      <Output>
        <ErrorInfo>
          <Message>Assertion failed: Expected value did not match actual value.</Message>
          <StackTrace>   at TestNamespace.TestClass.Test() in TestClass.cs:line 96</StackTrace>
        </ErrorInfo>
      </Output>
    </UnitTestResult>
    <UnitTestResult executionId="fd732dc1-e515-4b6b-9d32-5e00136c016c" testId="a3c380c3-450b-4a9d-a540-a92a5a8a9df1" testName="Test9089" computerName="UA-LPT-OGA2" duration="00:00:01.4500000" startTime="2025-05-14T13:20:31.3146610Z" endTime="2025-05-14T13:25:31.3147553Z" testType="13cdc9d9-ddb5-4fa4-a97d-d965ccfc6d4b" outcome="Passed" testListId="84e19e89-39ef-4747-b91c-9d26a05c4a8e" />
    <UnitTestResult executionId="286f6bcd-83bc-425e-9bb6-e49b1be17793" testId="01cae354-dfe9-4aff-b8d5-2c919bceafcc" testName="Test9090" computerName="UA-LPT-OGA2" duration="00:00:01.9860000" startTime="2025-05-14T13:20:31.3146610Z" endTime="2025-05-14T13:25:31.3147553Z" testType="13cdc9d9-ddb5-4fa4-a97d-d965ccfc6d4b" outcome="Passed" testListId="84e19e89-39ef-4747-b91c-9d26a05c4a8e" />
    <UnitTestResult executionId="36b3cb56-fd5c-42b9-b90f-d4941059ca56" testId="5dd67e37-9d29-4c06-8483-ed42e3bc6689" testName="Test9091" computerName="UA-LPT-OGA2" duration="00:00:01.4630000" startTime="2025-05-14T13:20:31.3146610Z" endTime="2025-05-14T13:25:31.3147553Z" testType="13cdc9d9-ddb5-4fa4-a97d-d965ccfc6d4b" outcome="Passed" testListId="84e19e89-39ef-4747-b91c-9d26a05c4a8e" />
    <UnitTestResult executionId="96409b5b-9465-4bbb-9904-4da52560861c" testId="aa5ae6a7-182b-429c-8075-a1e4e7333bec" testName="Test9092" computerName="UA-LPT-OGA2" duration="00:00:00.5840000" startTime="2025-05-14T13:20:31.3146610Z" endTime="2025-05-14T13:25:31.3147553Z" testType="13cdc9d9-ddb5-4fa4-a97d-d965ccfc6d4b" outcome="Passed" testListId="84e19e89-39ef-4747-b91c-9d26a05c4a8e" />
    <UnitTestResult executionId="55a0d50d-b8dd-4576-8f0e-d630a3366720" testId="c812aa09-d602-4ac1-9306-05318ec3dab9" testName="Test9093" computerName="UA-LPT-OGA2" duration="00:00:01.3830000" startTime="2025-05-14T13:20:31.3146610Z" endTime="2025-05-14T13:25:31.3147553Z" testType="13cdc9d9-ddb5-4fa4-a97d-d965ccfc6d4b" outcome="Passed" testListId="84e19e89-39ef-4747-b91c-9d26a05c4a8e" />
    <UnitTestResult executionId="2c02a84b-a2d3-41a4-bf5b-77b754015a77" testId="240e9004-b81a-4cbc-aaef-7fb4b8036a54" testName="Test9094" computerName="UA-LPT-OGA2" duration="00:00:00.4680000" startTime="2025-05-14T13:20:31.3146610Z" endTime="2025-05-14T13:25:31.3147553Z" testType="13cdc9d9-ddb5-4fa4-a97d-d965ccfc6d4b" outcome="Passed" testListId="84e19e89-39ef-4747-b91c-9d26a05c4a8e" />
    <UnitTestResult executionId="a853de92-00f9-4be8-8238-957fe799aa42" testId="12501f32-1aa6-4d10-9984-c7d248161538" testName="Test9095" computerName="UA-LPT-OGA2" duration="00:00:00.9590000" startTime="2025-05-14T13:20:31.3146610Z" endTime="2025-05-14T13:25:31.3147553Z" testType="13cdc9d9-ddb5-4fa4-a97d-d965ccfc6d4b" outcome="Passed" testListId="84e19e89-39ef-4747-b91c-9d26a05c4a8e" />
    <UnitTestResult executionId="604ec13c-8587-46e7-bf8b-404680be2791" testId="7e916102-aebd-45fc-9c49-2cf8a93e6717" testName="Test9096" computerName="UA-LPT-OGA2" duration="00:00:00.3610000" startTime="2025-05-14T13:20:31.3146610Z" endTime="2025-05-14T13:25:31.3147553Z" testType="13cdc9d9-ddb5-4fa4-a97d-d965ccfc6d4b" outcome="Passed" testListId="84e19e89-39ef-4747-b91c-9d26a05c4a8e" />
    <UnitTestResult executionId="863b6576-52b5-4d59-849b-28e77b7ad08e" testId="57fae798-94cc-487d-9dc3-617e058aebe7" testName="Test9097" computerName="UA-LPT-OGA2" duration="00:00:01.3210000" startTime="2025-05-14T13:20:31.3146610Z" endTime="2025-05-14T13:25:31.3147553Z" testType="13cdc9d9-ddb5-4fa4-a97d-d965ccfc6d4b" outcome="Passed" testListId="84e19e89-39ef-4747-b91c-9d26a05c4a8e" />
    <UnitTestResult executionId="f80342e7-3f13-4fd0-8b7b-35ba0d6d5206" testId="cf2a268d-6b3d-41fb-8138-54f45bbee84b" testName="Test9098" computerName="UA-LPT-OGA2" duration="00:00:00.9160000" startTime="2025-05-14T13:20:31.3146610Z" endTime="2025-05-14T13:25:31.3147553Z" testType="13cdc9d9-ddb5-4fa4-a97d-d965ccfc6d4b" outcome="Passed" testListId="84e19e89-39ef-4747-b91c-9d26a05c4a8e" />
    <UnitTestResult executionId="0c21caa5-bb46-48ff-90a1-c2dba34f4bf7" testId="b9c71b98-48f3-445b-ac0d-5984d7e08e4d" testName="Test9099" computerName="UA-LPT-OGA2" duration="00:00:00.7430000" startTime="2025-05-14T13:20:31.3146610Z" endTime="2025-05-14T13:25:31.3147553Z" testType="13cdc9d9-ddb5-4fa4-a97d-d965ccfc6d4b" outcome="Passed" testListId="84e19e89-39ef-4747-b91c-9d26a05c4a8e" />
    <UnitTestResult executionId="7a517be2-8efa-4d7e-9805-c3478ac44024" testId="a576d9a2-0d25-42fc-a8d5-810be61e3e58" testName="Test9100" computerName="UA-LPT-OGA2" duration="00:00:01.6080000" startTime="2025-05-14T13:20:31.3146610Z" endTime="2025-05-14T13:25:31.3147553Z" testType="13cdc9d9-ddb5-4fa4-a97d-d965ccfc6d4b" outcome="Passed" testListId="84e19e89-39ef-4747-b91c-9d26a05c4a8e" />
  </Results>
  <TestDefinitions>
    <UnitTest name="Test9001" id="8e5269eb-f9af-4205-b123-5fc7334a0fdf" storage="TestAssembly.dll">
      <Execution id="33976388-8af5-4b67-931b-d110ab2e14ed" />
      <TestMethod codeBase="TestAssembly.dll" className="TestNamespace.TestClass1" name="Test9001" />
    </UnitTest>
    <UnitTest name="Test9002" id="3f7747f1-b186-4bd9-b2fa-02f15fdb5b08" storage="TestAssembly.dll">
      <Execution id="6cfd4eeb-d79f-4314-8dc6-afc30993587d" />
      <TestMethod codeBase="TestAssembly.dll" className="TestNamespace.TestClass1" name="Test9002" />
    </UnitTest>
    <UnitTest name="Test9003" id="d9e177f3-ab9d-4a5f-a788-1c837fc0e558" storage="TestAssembly.dll">
      <Execution id="5fe6e3ec-8f40-4909-bed3-dbe0ad204e84" />
      <TestMethod codeBase="TestAssembly.dll" className="TestNamespace.TestClass1" name="Test9003" />
    </UnitTest>
    <UnitTest name="Test9004" id="ab9222e6-c1d7-4a17-bb85-cfda1d0ed7ce" storage="TestAssembly.dll">
      <Execution id="8081f67e-1271-4fe2-902a-b1894abb93ef" />
      <TestMethod codeBase="TestAssembly.dll" className="TestNamespace.TestClass1" name="Test9004" />
    </UnitTest>
    <UnitTest name="Test9005" id="171663c5-23df-4aca-90ec-4d7a6dae662a" storage="TestAssembly.dll">
      <Execution id="a6b02b62-6c16-4178-b70a-406d104354cc" />
      <TestMethod codeBase="TestAssembly.dll" className="TestNamespace.TestClass1" name="Test9005" />
    </UnitTest>
    <UnitTest name="Test9006" id="309b019b-36d9-4aeb-8e7f-8c13b66899b3" storage="TestAssembly.dll">
      <Execution id="bd0e6fd1-0582-4ef2-94a4-ee8e6f7f7e74" />
      <TestMethod codeBase="TestAssembly.dll" className="TestNamespace.TestClass1" name="Test9006" />
    </UnitTest>
    <UnitTest name="Test9007" id="84b7893b-7763-420d-a893-6ced0537f580" storage="TestAssembly.dll">
      <Execution id="c0ab04bf-1006-41c5-97f3-be2e11bc05ef" />
      <TestMethod codeBase="TestAssembly.dll" className="TestNamespace.TestClass1" name="Test9007" />
    </UnitTest>
    <UnitTest name="Test9008" id="f2a675c5-d8b2-4fee-993d-fc7b39699304" storage="TestAssembly.dll">
      <Execution id="442cc4ba-6ddc-4f60-b4a6-37c8dcdc8416" />
      <TestMethod codeBase="TestAssembly.dll" className="TestNamespace.TestClass1" name="Test9008" />
    </UnitTest>
    <UnitTest name="Test9009" id="ae6ee4ba-ec48-4fa7-9780-5e350a90d00d" storage="TestAssembly.dll">
      <Execution id="0848e623-80eb-4373-bfbe-0b1751abca6a" />
      <TestMethod codeBase="TestAssembly.dll" className="TestNamespace.TestClass1" name="Test9009" />
    </UnitTest>
    <UnitTest name="Test9010" id="8cd6b1ba-2a64-4730-978f-5b1887b43bbb" storage="TestAssembly.dll">
      <Execution id="6579a89f-ce95-4be3-9650-9a6e22f6abbe" />
      <TestMethod codeBase="TestAssembly.dll" className="TestNamespace.TestClass1" name="Test9010" />
    </UnitTest>
    <UnitTest name="Test9011" id="33fb9054-aaca-495d-a374-bf7b2e997072" storage="TestAssembly.dll">
      <Execution id="abffd56f-f8fa-41e2-a58e-e2a2fca6ad9a" />
      <TestMethod codeBase="TestAssembly.dll" className="TestNamespace.TestClass2" name="Test9011" />
    </UnitTest>
    <UnitTest name="Test9012" id="800ef182-17b6-43b1-93a2-ef5017894bf3" storage="TestAssembly.dll">
      <Execution id="b63848e5-dc52-4411-a960-8641ea10ec7f" />
      <TestMethod codeBase="TestAssembly.dll" className="TestNamespace.TestClass2" name="Test9012" />
    </UnitTest>
    <UnitTest name="Test9013" id="2f8eba65-1193-472f-aabd-2073554e4806" storage="TestAssembly.dll">
      <Execution id="8bed5c7a-2de7-44bc-9f69-cdf10fcd17f8" />
      <TestMethod codeBase="TestAssembly.dll" className="TestNamespace.TestClass2" name="Test9013" />
    </UnitTest>
    <UnitTest name="Test9014" id="a5f6198e-8a02-4fcb-b7c5-d892a4c5e504" storage="TestAssembly.dll">
      <Execution id="de6bae42-67cb-4922-adc5-76003f671851" />
      <TestMethod codeBase="TestAssembly.dll" className="TestNamespace.TestClass2" name="Test9014" />
    </UnitTest>
    <UnitTest name="Test9015" id="96c64cc0-51e7-4015-9a53-e95acc3ee767" storage="TestAssembly.dll">
      <Execution id="42229906-8d02-4529-9902-2fb893d8d308" />
      <TestMethod codeBase="TestAssembly.dll" className="TestNamespace.TestClass2" name="Test9015" />
    </UnitTest>
    <UnitTest name="Test9016" id="a099c977-9fbe-43ef-b504-6f0112008999" storage="TestAssembly.dll">
      <Execution id="5e50a2c6-68d7-4ada-98c1-1e38f073c002" />
      <TestMethod codeBase="TestAssembly.dll" className="TestNamespace.TestClass2" name="Test9016" />
    </UnitTest>
    <UnitTest name="Test9017" id="173b0b5f-f983-4b7a-9495-d0f05d31ebbf" storage="TestAssembly.dll">
      <Execution id="1c2fcd9c-56d9-4d40-bc1e-4332b542130c" />
      <TestMethod codeBase="TestAssembly.dll" className="TestNamespace.TestClass2" name="Test9017" />
    </UnitTest>
    <UnitTest name="Test9018" id="1412f3de-76a5-4040-8027-f5494ae764b9" storage="TestAssembly.dll">
      <Execution id="418f96a6-e8b3-4a42-9c71-698846cace61" />
      <TestMethod codeBase="TestAssembly.dll" className="TestNamespace.TestClass2" name="Test9018" />
    </UnitTest>
    <UnitTest name="Test9019" id="2d3cffa3-3d23-4644-8da0-0c658d133490" storage="TestAssembly.dll">
      <Execution id="8046878e-2438-4f10-84b2-1af13d9873a2" />
      <TestMethod codeBase="TestAssembly.dll" className="TestNamespace.TestClass2" name="Test9019" />
    </UnitTest>
    <UnitTest name="Test9020" id="e60c821f-3a0a-4004-b9e9-9bb6b0ad01ad" storage="TestAssembly.dll">
      <Execution id="c3e7ff05-54e7-4ec8-aa62-9197414f4529" />
      <TestMethod codeBase="TestAssembly.dll" className="TestNamespace.TestClass2" name="Test9020" />
    </UnitTest>
    <UnitTest name="Test9021" id="85ee7068-3d70-4b4d-a573-3b788621e7ca" storage="TestAssembly.dll">
      <Execution id="bac36e61-facf-44e1-ae28-96a18db49e4a" />
      <TestMethod codeBase="TestAssembly.dll" className="TestNamespace.TestClass3" name="Test9021" />
    </UnitTest>
    <UnitTest name="Test9022" id="43289b1c-7fae-4780-9b82-ab34a0ea9703" storage="TestAssembly.dll">
      <Execution id="d4f5d7bd-0cc8-4236-b4ce-49b74862e24b" />
      <TestMethod codeBase="TestAssembly.dll" className="TestNamespace.TestClass3" name="Test9022" />
    </UnitTest>
    <UnitTest name="Test9023" id="bf3c52db-8cca-431a-b285-288b254a2b71" storage="TestAssembly.dll">
      <Execution id="60b4e742-e60d-4eea-b2f3-986c614edbb3" />
      <TestMethod codeBase="TestAssembly.dll" className="TestNamespace.TestClass3" name="Test9023" />
    </UnitTest>
    <UnitTest name="Test9024" id="4ef90fa7-697f-4953-9f6c-b51c93169c0f" storage="TestAssembly.dll">
      <Execution id="132c6f78-884b-41cf-89ca-db8cbee1dfe3" />
      <TestMethod codeBase="TestAssembly.dll" className="TestNamespace.TestClass3" name="Test9024" />
    </UnitTest>
    <UnitTest name="Test9025" id="409a7788-8a46-410e-8f5d-7fb5b1e28a45" storage="TestAssembly.dll">
      <Execution id="118f60e0-791a-41bd-8422-6668e1bded9b" />
      <TestMethod codeBase="TestAssembly.dll" className="TestNamespace.TestClass3" name="Test9025" />
    </UnitTest>
    <UnitTest name="Test9026" id="309a9e3f-dc55-49e3-bd06-2d0fc1a1b8f8" storage="TestAssembly.dll">
      <Execution id="e6cf721a-0439-41f7-8308-e0ec8e8e2f70" />
      <TestMethod codeBase="TestAssembly.dll" className="TestNamespace.TestClass3" name="Test9026" />
    </UnitTest>
    <UnitTest name="Test9027" id="e636404b-eed7-402c-9f70-57afa82a52aa" storage="TestAssembly.dll">
      <Execution id="de34dc43-34ae-4a34-bbd6-9d536273d011" />
      <TestMethod codeBase="TestAssembly.dll" className="TestNamespace.TestClass3" name="Test9027" />
    </UnitTest>
    <UnitTest name="Test9028" id="b5829470-bf27-4c64-b310-7be0d497ff4b" storage="TestAssembly.dll">
      <Execution id="47068e59-b774-43f4-8ded-6cb06252dca7" />
      <TestMethod codeBase="TestAssembly.dll" className="TestNamespace.TestClass3" name="Test9028" />
    </UnitTest>
    <UnitTest name="Test9029" id="2cd78fff-290a-4ad4-b916-c9080a1d87d6" storage="TestAssembly.dll">
      <Execution id="fccbeaf6-af13-45b9-b0d2-b577113bab3b" />
      <TestMethod codeBase="TestAssembly.dll" className="TestNamespace.TestClass3" name="Test9029" />
    </UnitTest>
    <UnitTest name="Test9030" id="0688a93a-1852-46ec-8360-c2921a25d1e4" storage="TestAssembly.dll">
      <Execution id="05c4a53e-c175-4038-9add-23ea1efffcfc" />
      <TestMethod codeBase="TestAssembly.dll" className="TestNamespace.TestClass3" name="Test9030" />
    </UnitTest>
    <UnitTest name="Test9031" id="a49afc3c-6915-4601-b27f-14bb6c22becf" storage="TestAssembly.dll">
      <Execution id="38fc3ea3-4514-4ddb-a781-a5376bbaa668" />
      <TestMethod codeBase="TestAssembly.dll" className="TestNamespace.TestClass4" name="Test9031" />
    </UnitTest>
    <UnitTest name="Test9032" id="548ea3a0-4676-4c8d-bd8c-10b3432daad2" storage="TestAssembly.dll">
      <Execution id="891bb141-9a56-4a79-b103-f8cd7e75d9b6" />
      <TestMethod codeBase="TestAssembly.dll" className="TestNamespace.TestClass4" name="Test9032" />
    </UnitTest>
    <UnitTest name="Test9033" id="371854a2-f086-4235-a97a-228a604fadb8" storage="TestAssembly.dll">
      <Execution id="05c068da-b13a-4e6c-9bf9-15240328cfc4" />
      <TestMethod codeBase="TestAssembly.dll" className="TestNamespace.TestClass4" name="Test9033" />
    </UnitTest>
    <UnitTest name="Test9034" id="0fa5d420-42c0-421b-a4dc-8336f6314db0" storage="TestAssembly.dll">
      <Execution id="8f888b3d-0f8b-487c-b0eb-b3585159f869" />
      <TestMethod codeBase="TestAssembly.dll" className="TestNamespace.TestClass4" name="Test9034" />
    </UnitTest>
    <UnitTest name="Test9035" id="4a6e7ea2-682f-4252-bd58-7343ac05944c" storage="TestAssembly.dll">
      <Execution id="8466dd94-3d78-4d13-9129-fccd710fba6f" />
      <TestMethod codeBase="TestAssembly.dll" className="TestNamespace.TestClass4" name="Test9035" />
    </UnitTest>
    <UnitTest name="Test9036" id="461637a2-7d21-480f-ae5b-bcbdca759386" storage="TestAssembly.dll">
      <Execution id="5352bb14-6117-4182-9e6f-ed21125672f1" />
      <TestMethod codeBase="TestAssembly.dll" className="TestNamespace.TestClass4" name="Test9036" />
    </UnitTest>
    <UnitTest name="Test9037" id="1ca352d3-2bf8-41dc-8fb0-25535138a8bd" storage="TestAssembly.dll">
      <Execution id="056cca83-6b50-4261-a90a-52916b81e748" />
      <TestMethod codeBase="TestAssembly.dll" className="TestNamespace.TestClass4" name="Test9037" />
    </UnitTest>
    <UnitTest name="Test9038" id="5e2729ab-9cd1-43c0-a40c-876351e9206a" storage="TestAssembly.dll">
      <Execution id="c9850735-0095-4fef-a599-924ef8d3b183" />
      <TestMethod codeBase="TestAssembly.dll" className="TestNamespace.TestClass4" name="Test9038" />
    </UnitTest>
    <UnitTest name="Test9039" id="d26bf0b8-9ec5-4ce7-b68a-0f9c3e5d5a6b" storage="TestAssembly.dll">
      <Execution id="4fe77d9f-f896-4a8a-81a1-e0cc29f3510f" />
      <TestMethod codeBase="TestAssembly.dll" className="TestNamespace.TestClass4" name="Test9039" />
    </UnitTest>
    <UnitTest name="Test9040" id="4ebe5608-c1e5-4627-bcc7-1993844927df" storage="TestAssembly.dll">
      <Execution id="7d204e82-d702-46fc-9205-fc2362c14376" />
      <TestMethod codeBase="TestAssembly.dll" className="TestNamespace.TestClass4" name="Test9040" />
    </UnitTest>
    <UnitTest name="Test9041" id="1bdbbef9-f336-46ab-901a-39b7e60f522a" storage="TestAssembly.dll">
      <Execution id="8a894bcf-b640-4f7e-854f-9f65e9d59ab6" />
      <TestMethod codeBase="TestAssembly.dll" className="TestNamespace.TestClass5" name="Test9041" />
    </UnitTest>
    <UnitTest name="Test9042" id="67e02d72-71f8-406f-811e-5371f174917c" storage="TestAssembly.dll">
      <Execution id="7d7d2a96-f5bc-45a6-857b-527ba15ecc2e" />
      <TestMethod codeBase="TestAssembly.dll" className="TestNamespace.TestClass5" name="Test9042" />
    </UnitTest>
    <UnitTest name="Test9043" id="3dd8c62e-7517-4585-b3f5-e39f57c1ac22" storage="TestAssembly.dll">
      <Execution id="3038b8eb-53e3-409f-a73c-07f21e2e6a1e" />
      <TestMethod codeBase="TestAssembly.dll" className="TestNamespace.TestClass5" name="Test9043" />
    </UnitTest>
    <UnitTest name="Test9044" id="3d4c57e1-4e79-4dfb-9c5f-9f42b03c7162" storage="TestAssembly.dll">
      <Execution id="4724905c-c0c4-40f8-a025-96eb5542684c" />
      <TestMethod codeBase="TestAssembly.dll" className="TestNamespace.TestClass5" name="Test9044" />
    </UnitTest>
    <UnitTest name="Test9045" id="d1748108-eb3b-4a64-ad94-a3fc5e2103eb" storage="TestAssembly.dll">
      <Execution id="ca4fc29c-4114-4ce7-b172-705ab263e099" />
      <TestMethod codeBase="TestAssembly.dll" className="TestNamespace.TestClass5" name="Test9045" />
    </UnitTest>
    <UnitTest name="Test9046" id="baaa4a48-5d61-4c55-bf71-0df5f58fb1c8" storage="TestAssembly.dll">
      <Execution id="8935edf9-9f84-47be-9aed-e958d773a182" />
      <TestMethod codeBase="TestAssembly.dll" className="TestNamespace.TestClass5" name="Test9046" />
    </UnitTest>
    <UnitTest name="Test9047" id="7021d122-22a6-4daa-88ab-30a0a2d94f78" storage="TestAssembly.dll">
      <Execution id="dc2ecd32-d98e-4682-9693-51c5cbc4e852" />
      <TestMethod codeBase="TestAssembly.dll" className="TestNamespace.TestClass5" name="Test9047" />
    </UnitTest>
    <UnitTest name="Test9048" id="7a7034fb-76a8-490b-afd4-e21c884f1ee4" storage="TestAssembly.dll">
      <Execution id="e42385dc-8976-4b4b-908d-26dcbd101caf" />
      <TestMethod codeBase="TestAssembly.dll" className="TestNamespace.TestClass5" name="Test9048" />
    </UnitTest>
    <UnitTest name="Test9049" id="75f94387-6fad-42d5-8584-3f62274f3e7b" storage="TestAssembly.dll">
      <Execution id="15024fb9-ab19-427c-b875-08381965498a" />
      <TestMethod codeBase="TestAssembly.dll" className="TestNamespace.TestClass5" name="Test9049" />
    </UnitTest>
    <UnitTest name="Test9050" id="15972eb8-67d8-4fbf-90b0-73cd70ef616e" storage="TestAssembly.dll">
      <Execution id="0b1a1c2f-ee5b-4529-a449-db613f4878bb" />
      <TestMethod codeBase="TestAssembly.dll" className="TestNamespace.TestClass5" name="Test9050" />
    </UnitTest>
    <UnitTest name="Test9051" id="c092db5b-5151-4367-a535-c4e968eac95e" storage="TestAssembly.dll">
      <Execution id="5e931881-c673-4fad-87f5-ed763a0f7611" />
      <TestMethod codeBase="TestAssembly.dll" className="TestNamespace.TestClass6" name="Test9051" />
    </UnitTest>
    <UnitTest name="Test9052" id="609980af-68d9-420a-b307-56f9fcff6ee3" storage="TestAssembly.dll">
      <Execution id="74e81dd9-e578-4794-a370-f55f98225fda" />
      <TestMethod codeBase="TestAssembly.dll" className="TestNamespace.TestClass6" name="Test9052" />
    </UnitTest>
    <UnitTest name="Test9053" id="fc47d9ed-c67a-48bc-8e93-4396c13f670a" storage="TestAssembly.dll">
      <Execution id="d067e31e-10b6-46ec-94bb-cd82ddf250bd" />
      <TestMethod codeBase="TestAssembly.dll" className="TestNamespace.TestClass6" name="Test9053" />
    </UnitTest>
    <UnitTest name="Test9054" id="affac082-562d-4199-b1f1-ad061abdcc4f" storage="TestAssembly.dll">
      <Execution id="cd21260b-8460-453f-9e9b-435de3294047" />
      <TestMethod codeBase="TestAssembly.dll" className="TestNamespace.TestClass6" name="Test9054" />
    </UnitTest>
    <UnitTest name="Test9055" id="e25c90e0-5d97-4ad7-8ed5-eba8950d414d" storage="TestAssembly.dll">
      <Execution id="e27638a0-c183-45cb-b935-4c9b2502f0f5" />
      <TestMethod codeBase="TestAssembly.dll" className="TestNamespace.TestClass6" name="Test9055" />
    </UnitTest>
    <UnitTest name="Test9056" id="e5a2c319-d292-451b-9788-73ced26ec42f" storage="TestAssembly.dll">
      <Execution id="7ed5999f-e0be-45b0-82de-9d18606de4fa" />
      <TestMethod codeBase="TestAssembly.dll" className="TestNamespace.TestClass6" name="Test9056" />
    </UnitTest>
    <UnitTest name="Test9057" id="a60f1746-0eb7-4527-b7ab-c124f766bfce" storage="TestAssembly.dll">
      <Execution id="da65a72f-1a99-46f2-a653-5b7a2fae032f" />
      <TestMethod codeBase="TestAssembly.dll" className="TestNamespace.TestClass6" name="Test9057" />
    </UnitTest>
    <UnitTest name="Test9058" id="4180bebd-0435-4c7e-9cb5-503b9d236cbc" storage="TestAssembly.dll">
      <Execution id="b3b7540b-e5aa-4b5f-984a-972b4982b937" />
      <TestMethod codeBase="TestAssembly.dll" className="TestNamespace.TestClass6" name="Test9058" />
    </UnitTest>
    <UnitTest name="Test9059" id="ace6d3c7-9e77-4ee5-9444-6fb76295141e" storage="TestAssembly.dll">
      <Execution id="a8482bb9-151a-475a-93fc-36a3adae1b02" />
      <TestMethod codeBase="TestAssembly.dll" className="TestNamespace.TestClass6" name="Test9059" />
    </UnitTest>
    <UnitTest name="Test9060" id="832114dc-a2af-4e4b-a431-067e54632a35" storage="TestAssembly.dll">
      <Execution id="5b54e3e4-836c-4ab9-a18e-671b24c735d0" />
      <TestMethod codeBase="TestAssembly.dll" className="TestNamespace.TestClass6" name="Test9060" />
    </UnitTest>
    <UnitTest name="Test9061" id="1441e598-b95d-4dd1-9c4d-95b5866b4675" storage="TestAssembly.dll">
      <Execution id="3a64fc64-b5a2-47ca-9dc9-a329594b6f84" />
      <TestMethod codeBase="TestAssembly.dll" className="TestNamespace.TestClass7" name="Test9061" />
    </UnitTest>
    <UnitTest name="Test9062" id="1538e6b1-2481-4267-89d3-521e9ef4eb18" storage="TestAssembly.dll">
      <Execution id="d62b85a6-a6ea-4965-81a0-d96d0cd11d28" />
      <TestMethod codeBase="TestAssembly.dll" className="TestNamespace.TestClass7" name="Test9062" />
    </UnitTest>
    <UnitTest name="Test9063" id="277d9188-fd68-4d2b-8d87-d14753d92f51" storage="TestAssembly.dll">
      <Execution id="96a0be81-994d-4ce7-af57-bb6d3e5a7343" />
      <TestMethod codeBase="TestAssembly.dll" className="TestNamespace.TestClass7" name="Test9063" />
    </UnitTest>
    <UnitTest name="Test9064" id="f332714f-872f-4541-b41d-b43fb1aea843" storage="TestAssembly.dll">
      <Execution id="f61b37e2-92a0-45c4-9587-5e37a114cb03" />
      <TestMethod codeBase="TestAssembly.dll" className="TestNamespace.TestClass7" name="Test9064" />
    </UnitTest>
    <UnitTest name="Test9065" id="fa4ed220-88a8-4b60-ad5c-17e845f24dc2" storage="TestAssembly.dll">
      <Execution id="2ff1c19a-c1c8-437c-a606-1d49636e4f57" />
      <TestMethod codeBase="TestAssembly.dll" className="TestNamespace.TestClass7" name="Test9065" />
    </UnitTest>
    <UnitTest name="Test9066" id="5edfda6c-a15b-426d-b0b0-e0007a861cd8" storage="TestAssembly.dll">
      <Execution id="447aa1f9-938b-4978-9c33-1bc1c547d7b8" />
      <TestMethod codeBase="TestAssembly.dll" className="TestNamespace.TestClass7" name="Test9066" />
    </UnitTest>
    <UnitTest name="Test9067" id="b9af8c29-e480-48bd-873e-6abe9ddacb3c" storage="TestAssembly.dll">
      <Execution id="354fbe80-fd58-474a-a650-6d9792198e5b" />
      <TestMethod codeBase="TestAssembly.dll" className="TestNamespace.TestClass7" name="Test9067" />
    </UnitTest>
    <UnitTest name="Test9068" id="3669ab52-0ef3-4894-8d54-60f6a94fb9fe" storage="TestAssembly.dll">
      <Execution id="62c133d9-efd9-49d1-905c-a96667c3f9ba" />
      <TestMethod codeBase="TestAssembly.dll" className="TestNamespace.TestClass7" name="Test9068" />
    </UnitTest>
    <UnitTest name="Test9069" id="ad18b598-d91e-46c0-ab45-eee9126f0f0f" storage="TestAssembly.dll">
      <Execution id="1760b817-3749-4a10-b373-c28cdae5b575" />
      <TestMethod codeBase="TestAssembly.dll" className="TestNamespace.TestClass7" name="Test9069" />
    </UnitTest>
    <UnitTest name="Test9070" id="82e1aea0-f68b-459c-8e19-db1b7670ef18" storage="TestAssembly.dll">
      <Execution id="eae69648-de9b-4ebd-be6d-3bf76d907579" />
      <TestMethod codeBase="TestAssembly.dll" className="TestNamespace.TestClass7" name="Test9070" />
    </UnitTest>
    <UnitTest name="Test9071" id="442e2dab-063d-4b05-810f-eae0f83c060e" storage="TestAssembly.dll">
      <Execution id="36d21ed5-1f9b-4295-aef0-bd0b55dc2079" />
      <TestMethod codeBase="TestAssembly.dll" className="TestNamespace.TestClass8" name="Test9071" />
    </UnitTest>
    <UnitTest name="Test9072" id="55e064e3-d771-41c5-9597-df514b2e875d" storage="TestAssembly.dll">
      <Execution id="b49f5f0b-3939-499f-a890-5f53b2ccd4d4" />
      <TestMethod codeBase="TestAssembly.dll" className="TestNamespace.TestClass8" name="Test9072" />
    </UnitTest>
    <UnitTest name="Test9073" id="6a231bff-ebf8-4ff0-8cc0-d9a51dd30e87" storage="TestAssembly.dll">
      <Execution id="ac36dd28-0ef2-4ca8-b19a-94fe5b2b81fe" />
      <TestMethod codeBase="TestAssembly.dll" className="TestNamespace.TestClass8" name="Test9073" />
    </UnitTest>
    <UnitTest name="Test9074" id="c997ed86-173c-40b8-aebd-66428ca06f3f" storage="TestAssembly.dll">
      <Execution id="8a6e6b24-b853-4ab3-8e4c-014f3542d8a8" />
      <TestMethod codeBase="TestAssembly.dll" className="TestNamespace.TestClass8" name="Test9074" />
    </UnitTest>
    <UnitTest name="Test9075" id="ad49816e-bea4-4222-bb13-b6ccc15d8cf1" storage="TestAssembly.dll">
      <Execution id="1d84afcc-a86a-4c9d-a160-ab94a5a76208" />
      <TestMethod codeBase="TestAssembly.dll" className="TestNamespace.TestClass8" name="Test9075" />
    </UnitTest>
    <UnitTest name="Test9076" id="3884bed9-e48e-4ecd-908e-f2a0f36e297d" storage="TestAssembly.dll">
      <Execution id="6485d0a8-061c-4d9c-b4ad-08eab185ecc2" />
      <TestMethod codeBase="TestAssembly.dll" className="TestNamespace.TestClass8" name="Test9076" />
    </UnitTest>
    <UnitTest name="Test9077" id="0eb23ddf-07a5-4351-9516-1ec35bb262e3" storage="TestAssembly.dll">
      <Execution id="86221ced-d4c3-42f1-8fde-2c855219baed" />
      <TestMethod codeBase="TestAssembly.dll" className="TestNamespace.TestClass8" name="Test9077" />
    </UnitTest>
    <UnitTest name="Test9078" id="2d6b647d-656b-4bc5-ae13-56c5245732cd" storage="TestAssembly.dll">
      <Execution id="7be2061e-d30f-422e-8ac6-79d71389e15a" />
      <TestMethod codeBase="TestAssembly.dll" className="TestNamespace.TestClass8" name="Test9078" />
    </UnitTest>
    <UnitTest name="Test9079" id="769ffccc-5358-4ce6-a96c-37e68110d9c2" storage="TestAssembly.dll">
      <Execution id="8b687d67-f636-4df9-851c-b5718015b651" />
      <TestMethod codeBase="TestAssembly.dll" className="TestNamespace.TestClass8" name="Test9079" />
    </UnitTest>
    <UnitTest name="Test9080" id="6ce52f32-308a-4271-8585-0d39750cd26a" storage="TestAssembly.dll">
      <Execution id="fe40f25d-8972-4067-8d4b-0909a1b894b2" />
      <TestMethod codeBase="TestAssembly.dll" className="TestNamespace.TestClass8" name="Test9080" />
    </UnitTest>
    <UnitTest name="Test9081" id="37d3ac2b-4eb6-4401-8b03-884ac187566a" storage="TestAssembly.dll">
      <Execution id="40cfa3a6-a265-4f26-b5b4-93383fc91e9f" />
      <TestMethod codeBase="TestAssembly.dll" className="TestNamespace.TestClass9" name="Test9081" />
    </UnitTest>
    <UnitTest name="Test9082" id="9c006d2a-24b6-41f5-a150-a3a814519392" storage="TestAssembly.dll">
      <Execution id="06d2947d-65d1-43fe-a5fc-02881913f7cc" />
      <TestMethod codeBase="TestAssembly.dll" className="TestNamespace.TestClass9" name="Test9082" />
    </UnitTest>
    <UnitTest name="Test9083" id="f5ae47ca-16d4-4a2d-8006-ad34d2e6d996" storage="TestAssembly.dll">
      <Execution id="4df44da5-47a9-4a83-88b8-d8511372ae40" />
      <TestMethod codeBase="TestAssembly.dll" className="TestNamespace.TestClass9" name="Test9083" />
    </UnitTest>
    <UnitTest name="Test9084" id="fdf87a37-9165-4776-b95e-d743b7a5924a" storage="TestAssembly.dll">
      <Execution id="7019c9ad-77ae-468e-ad7e-ee730c71faa4" />
      <TestMethod codeBase="TestAssembly.dll" className="TestNamespace.TestClass9" name="Test9084" />
    </UnitTest>
    <UnitTest name="Test9085" id="0ca8af4e-0eec-4bd0-aa10-cf9d6419be52" storage="TestAssembly.dll">
      <Execution id="09320816-915e-4985-a1fc-93c0980c0673" />
      <TestMethod codeBase="TestAssembly.dll" className="TestNamespace.TestClass9" name="Test9085" />
    </UnitTest>
    <UnitTest name="Test9086" id="e380ab3b-111b-4f05-93f4-189a98cbb7f0" storage="TestAssembly.dll">
      <Execution id="baa0e634-e7b1-4d87-9a4c-582e589871c6" />
      <TestMethod codeBase="TestAssembly.dll" className="TestNamespace.TestClass9" name="Test9086" />
    </UnitTest>
    <UnitTest name="Test9087" id="e852de48-ba04-4823-9e8f-fc572734146a" storage="TestAssembly.dll">
      <Execution id="b1fc7cb8-f345-4a9c-9472-01cb9ef92d7c" />
      <TestMethod codeBase="TestAssembly.dll" className="TestNamespace.TestClass9" name="Test9087" />
    </UnitTest>
    <UnitTest name="Test9088" id="f30f8a90-ddde-451e-a108-3dc09a959d4e" storage="TestAssembly.dll">
      <Execution id="24f3fde2-30a7-4660-86a0-4dbabe9278d5" />
      <TestMethod codeBase="TestAssembly.dll" className="TestNamespace.TestClass9" name="Test9088" />
    </UnitTest>
    <UnitTest name="Test9089" id="a3c380c3-450b-4a9d-a540-a92a5a8a9df1" storage="TestAssembly.dll">
      <Execution id="fd732dc1-e515-4b6b-9d32-5e00136c016c" />
      <TestMethod codeBase="TestAssembly.dll" className="TestNamespace.TestClass9" name="Test9089" />
    </UnitTest>
    <UnitTest name="Test9090" id="01cae354-dfe9-4aff-b8d5-2c919bceafcc" storage="TestAssembly.dll">
      <Execution id="286f6bcd-83bc-425e-9bb6-e49b1be17793" />
      <TestMethod codeBase="TestAssembly.dll" className="TestNamespace.TestClass9" name="Test9090" />
    </UnitTest>
    <UnitTest name="Test9091" id="5dd67e37-9d29-4c06-8483-ed42e3bc6689" storage="TestAssembly.dll">
      <Execution id="36b3cb56-fd5c-42b9-b90f-d4941059ca56" />
      <TestMethod codeBase="TestAssembly.dll" className="TestNamespace.TestClass10" name="Test9091" />
    </UnitTest>
    <UnitTest name="Test9092" id="aa5ae6a7-182b-429c-8075-a1e4e7333bec" storage="TestAssembly.dll">
      <Execution id="96409b5b-9465-4bbb-9904-4da52560861c" />
      <TestMethod codeBase="TestAssembly.dll" className="TestNamespace.TestClass10" name="Test9092" />
    </UnitTest>
    <UnitTest name="Test9093" id="c812aa09-d602-4ac1-9306-05318ec3dab9" storage="TestAssembly.dll">
      <Execution id="55a0d50d-b8dd-4576-8f0e-d630a3366720" />
      <TestMethod codeBase="TestAssembly.dll" className="TestNamespace.TestClass10" name="Test9093" />
    </UnitTest>
    <UnitTest name="Test9094" id="240e9004-b81a-4cbc-aaef-7fb4b8036a54" storage="TestAssembly.dll">
      <Execution id="2c02a84b-a2d3-41a4-bf5b-77b754015a77" />
      <TestMethod codeBase="TestAssembly.dll" className="TestNamespace.TestClass10" name="Test9094" />
    </UnitTest>
    <UnitTest name="Test9095" id="12501f32-1aa6-4d10-9984-c7d248161538" storage="TestAssembly.dll">
      <Execution id="a853de92-00f9-4be8-8238-957fe799aa42" />
      <TestMethod codeBase="TestAssembly.dll" className="TestNamespace.TestClass10" name="Test9095" />
    </UnitTest>
    <UnitTest name="Test9096" id="7e916102-aebd-45fc-9c49-2cf8a93e6717" storage="TestAssembly.dll">
      <Execution id="604ec13c-8587-46e7-bf8b-404680be2791" />
      <TestMethod codeBase="TestAssembly.dll" className="TestNamespace.TestClass10" name="Test9096" />
    </UnitTest>
    <UnitTest name="Test9097" id="57fae798-94cc-487d-9dc3-617e058aebe7" storage="TestAssembly.dll">
      <Execution id="863b6576-52b5-4d59-849b-28e77b7ad08e" />
      <TestMethod codeBase="TestAssembly.dll" className="TestNamespace.TestClass10" name="Test9097" />
    </UnitTest>
    <UnitTest name="Test9098" id="cf2a268d-6b3d-41fb-8138-54f45bbee84b" storage="TestAssembly.dll">
      <Execution id="f80342e7-3f13-4fd0-8b7b-35ba0d6d5206" />
      <TestMethod codeBase="TestAssembly.dll" className="TestNamespace.TestClass10" name="Test9098" />
    </UnitTest>
    <UnitTest name="Test9099" id="b9c71b98-48f3-445b-ac0d-5984d7e08e4d" storage="TestAssembly.dll">
      <Execution id="0c21caa5-bb46-48ff-90a1-c2dba34f4bf7" />
      <TestMethod codeBase="TestAssembly.dll" className="TestNamespace.TestClass10" name="Test9099" />
    </UnitTest>
    <UnitTest name="Test9100" id="a576d9a2-0d25-42fc-a8d5-810be61e3e58" storage="TestAssembly.dll">
      <Execution id="7a517be2-8efa-4d7e-9805-c3478ac44024" />
      <TestMethod codeBase="TestAssembly.dll" className="TestNamespace.TestClass10" name="Test9100" />
    </UnitTest>
  </TestDefinitions>
  <TestEntries>
    <TestEntry testId="8e5269eb-f9af-4205-b123-5fc7334a0fdf" executionId="33976388-8af5-4b67-931b-d110ab2e14ed" testListId="84e19e89-39ef-4747-b91c-9d26a05c4a8e" />
    <TestEntry testId="3f7747f1-b186-4bd9-b2fa-02f15fdb5b08" executionId="6cfd4eeb-d79f-4314-8dc6-afc30993587d" testListId="84e19e89-39ef-4747-b91c-9d26a05c4a8e" />
    <TestEntry testId="d9e177f3-ab9d-4a5f-a788-1c837fc0e558" executionId="5fe6e3ec-8f40-4909-bed3-dbe0ad204e84" testListId="84e19e89-39ef-4747-b91c-9d26a05c4a8e" />
    <TestEntry testId="ab9222e6-c1d7-4a17-bb85-cfda1d0ed7ce" executionId="8081f67e-1271-4fe2-902a-b1894abb93ef" testListId="84e19e89-39ef-4747-b91c-9d26a05c4a8e" />
    <TestEntry testId="171663c5-23df-4aca-90ec-4d7a6dae662a" executionId="a6b02b62-6c16-4178-b70a-406d104354cc" testListId="84e19e89-39ef-4747-b91c-9d26a05c4a8e" />
    <TestEntry testId="309b019b-36d9-4aeb-8e7f-8c13b66899b3" executionId="bd0e6fd1-0582-4ef2-94a4-ee8e6f7f7e74" testListId="84e19e89-39ef-4747-b91c-9d26a05c4a8e" />
    <TestEntry testId="84b7893b-7763-420d-a893-6ced0537f580" executionId="c0ab04bf-1006-41c5-97f3-be2e11bc05ef" testListId="84e19e89-39ef-4747-b91c-9d26a05c4a8e" />
    <TestEntry testId="f2a675c5-d8b2-4fee-993d-fc7b39699304" executionId="442cc4ba-6ddc-4f60-b4a6-37c8dcdc8416" testListId="84e19e89-39ef-4747-b91c-9d26a05c4a8e" />
    <TestEntry testId="ae6ee4ba-ec48-4fa7-9780-5e350a90d00d" executionId="0848e623-80eb-4373-bfbe-0b1751abca6a" testListId="84e19e89-39ef-4747-b91c-9d26a05c4a8e" />
    <TestEntry testId="8cd6b1ba-2a64-4730-978f-5b1887b43bbb" executionId="6579a89f-ce95-4be3-9650-9a6e22f6abbe" testListId="84e19e89-39ef-4747-b91c-9d26a05c4a8e" />
    <TestEntry testId="33fb9054-aaca-495d-a374-bf7b2e997072" executionId="abffd56f-f8fa-41e2-a58e-e2a2fca6ad9a" testListId="84e19e89-39ef-4747-b91c-9d26a05c4a8e" />
    <TestEntry testId="800ef182-17b6-43b1-93a2-ef5017894bf3" executionId="b63848e5-dc52-4411-a960-8641ea10ec7f" testListId="84e19e89-39ef-4747-b91c-9d26a05c4a8e" />
    <TestEntry testId="2f8eba65-1193-472f-aabd-2073554e4806" executionId="8bed5c7a-2de7-44bc-9f69-cdf10fcd17f8" testListId="84e19e89-39ef-4747-b91c-9d26a05c4a8e" />
    <TestEntry testId="a5f6198e-8a02-4fcb-b7c5-d892a4c5e504" executionId="de6bae42-67cb-4922-adc5-76003f671851" testListId="84e19e89-39ef-4747-b91c-9d26a05c4a8e" />
    <TestEntry testId="96c64cc0-51e7-4015-9a53-e95acc3ee767" executionId="42229906-8d02-4529-9902-2fb893d8d308" testListId="84e19e89-39ef-4747-b91c-9d26a05c4a8e" />
    <TestEntry testId="a099c977-9fbe-43ef-b504-6f0112008999" executionId="5e50a2c6-68d7-4ada-98c1-1e38f073c002" testListId="84e19e89-39ef-4747-b91c-9d26a05c4a8e" />
    <TestEntry testId="173b0b5f-f983-4b7a-9495-d0f05d31ebbf" executionId="1c2fcd9c-56d9-4d40-bc1e-4332b542130c" testListId="84e19e89-39ef-4747-b91c-9d26a05c4a8e" />
    <TestEntry testId="1412f3de-76a5-4040-8027-f5494ae764b9" executionId="418f96a6-e8b3-4a42-9c71-698846cace61" testListId="84e19e89-39ef-4747-b91c-9d26a05c4a8e" />
    <TestEntry testId="2d3cffa3-3d23-4644-8da0-0c658d133490" executionId="8046878e-2438-4f10-84b2-1af13d9873a2" testListId="84e19e89-39ef-4747-b91c-9d26a05c4a8e" />
    <TestEntry testId="e60c821f-3a0a-4004-b9e9-9bb6b0ad01ad" executionId="c3e7ff05-54e7-4ec8-aa62-9197414f4529" testListId="84e19e89-39ef-4747-b91c-9d26a05c4a8e" />
    <TestEntry testId="85ee7068-3d70-4b4d-a573-3b788621e7ca" executionId="bac36e61-facf-44e1-ae28-96a18db49e4a" testListId="84e19e89-39ef-4747-b91c-9d26a05c4a8e" />
    <TestEntry testId="43289b1c-7fae-4780-9b82-ab34a0ea9703" executionId="d4f5d7bd-0cc8-4236-b4ce-49b74862e24b" testListId="84e19e89-39ef-4747-b91c-9d26a05c4a8e" />
    <TestEntry testId="bf3c52db-8cca-431a-b285-288b254a2b71" executionId="60b4e742-e60d-4eea-b2f3-986c614edbb3" testListId="84e19e89-39ef-4747-b91c-9d26a05c4a8e" />
    <TestEntry testId="4ef90fa7-697f-4953-9f6c-b51c93169c0f" executionId="132c6f78-884b-41cf-89ca-db8cbee1dfe3" testListId="84e19e89-39ef-4747-b91c-9d26a05c4a8e" />
    <TestEntry testId="409a7788-8a46-410e-8f5d-7fb5b1e28a45" executionId="118f60e0-791a-41bd-8422-6668e1bded9b" testListId="84e19e89-39ef-4747-b91c-9d26a05c4a8e" />
    <TestEntry testId="309a9e3f-dc55-49e3-bd06-2d0fc1a1b8f8" executionId="e6cf721a-0439-41f7-8308-e0ec8e8e2f70" testListId="84e19e89-39ef-4747-b91c-9d26a05c4a8e" />
    <TestEntry testId="e636404b-eed7-402c-9f70-57afa82a52aa" executionId="de34dc43-34ae-4a34-bbd6-9d536273d011" testListId="84e19e89-39ef-4747-b91c-9d26a05c4a8e" />
    <TestEntry testId="b5829470-bf27-4c64-b310-7be0d497ff4b" executionId="47068e59-b774-43f4-8ded-6cb06252dca7" testListId="84e19e89-39ef-4747-b91c-9d26a05c4a8e" />
    <TestEntry testId="2cd78fff-290a-4ad4-b916-c9080a1d87d6" executionId="fccbeaf6-af13-45b9-b0d2-b577113bab3b" testListId="84e19e89-39ef-4747-b91c-9d26a05c4a8e" />
    <TestEntry testId="0688a93a-1852-46ec-8360-c2921a25d1e4" executionId="05c4a53e-c175-4038-9add-23ea1efffcfc" testListId="84e19e89-39ef-4747-b91c-9d26a05c4a8e" />
    <TestEntry testId="a49afc3c-6915-4601-b27f-14bb6c22becf" executionId="38fc3ea3-4514-4ddb-a781-a5376bbaa668" testListId="84e19e89-39ef-4747-b91c-9d26a05c4a8e" />
    <TestEntry testId="548ea3a0-4676-4c8d-bd8c-10b3432daad2" executionId="891bb141-9a56-4a79-b103-f8cd7e75d9b6" testListId="84e19e89-39ef-4747-b91c-9d26a05c4a8e" />
    <TestEntry testId="371854a2-f086-4235-a97a-228a604fadb8" executionId="05c068da-b13a-4e6c-9bf9-15240328cfc4" testListId="84e19e89-39ef-4747-b91c-9d26a05c4a8e" />
    <TestEntry testId="0fa5d420-42c0-421b-a4dc-8336f6314db0" executionId="8f888b3d-0f8b-487c-b0eb-b3585159f869" testListId="84e19e89-39ef-4747-b91c-9d26a05c4a8e" />
    <TestEntry testId="4a6e7ea2-682f-4252-bd58-7343ac05944c" executionId="8466dd94-3d78-4d13-9129-fccd710fba6f" testListId="84e19e89-39ef-4747-b91c-9d26a05c4a8e" />
    <TestEntry testId="461637a2-7d21-480f-ae5b-bcbdca759386" executionId="5352bb14-6117-4182-9e6f-ed21125672f1" testListId="84e19e89-39ef-4747-b91c-9d26a05c4a8e" />
    <TestEntry testId="1ca352d3-2bf8-41dc-8fb0-25535138a8bd" executionId="056cca83-6b50-4261-a90a-52916b81e748" testListId="84e19e89-39ef-4747-b91c-9d26a05c4a8e" />
    <TestEntry testId="5e2729ab-9cd1-43c0-a40c-876351e9206a" executionId="c9850735-0095-4fef-a599-924ef8d3b183" testListId="84e19e89-39ef-4747-b91c-9d26a05c4a8e" />
    <TestEntry testId="d26bf0b8-9ec5-4ce7-b68a-0f9c3e5d5a6b" executionId="4fe77d9f-f896-4a8a-81a1-e0cc29f3510f" testListId="84e19e89-39ef-4747-b91c-9d26a05c4a8e" />
    <TestEntry testId="4ebe5608-c1e5-4627-bcc7-1993844927df" executionId="7d204e82-d702-46fc-9205-fc2362c14376" testListId="84e19e89-39ef-4747-b91c-9d26a05c4a8e" />
    <TestEntry testId="1bdbbef9-f336-46ab-901a-39b7e60f522a" executionId="8a894bcf-b640-4f7e-854f-9f65e9d59ab6" testListId="84e19e89-39ef-4747-b91c-9d26a05c4a8e" />
    <TestEntry testId="67e02d72-71f8-406f-811e-5371f174917c" executionId="7d7d2a96-f5bc-45a6-857b-527ba15ecc2e" testListId="84e19e89-39ef-4747-b91c-9d26a05c4a8e" />
    <TestEntry testId="3dd8c62e-7517-4585-b3f5-e39f57c1ac22" executionId="3038b8eb-53e3-409f-a73c-07f21e2e6a1e" testListId="84e19e89-39ef-4747-b91c-9d26a05c4a8e" />
    <TestEntry testId="3d4c57e1-4e79-4dfb-9c5f-9f42b03c7162" executionId="4724905c-c0c4-40f8-a025-96eb5542684c" testListId="84e19e89-39ef-4747-b91c-9d26a05c4a8e" />
    <TestEntry testId="d1748108-eb3b-4a64-ad94-a3fc5e2103eb" executionId="ca4fc29c-4114-4ce7-b172-705ab263e099" testListId="84e19e89-39ef-4747-b91c-9d26a05c4a8e" />
    <TestEntry testId="baaa4a48-5d61-4c55-bf71-0df5f58fb1c8" executionId="8935edf9-9f84-47be-9aed-e958d773a182" testListId="84e19e89-39ef-4747-b91c-9d26a05c4a8e" />
    <TestEntry testId="7021d122-22a6-4daa-88ab-30a0a2d94f78" executionId="dc2ecd32-d98e-4682-9693-51c5cbc4e852" testListId="84e19e89-39ef-4747-b91c-9d26a05c4a8e" />
    <TestEntry testId="7a7034fb-76a8-490b-afd4-e21c884f1ee4" executionId="e42385dc-8976-4b4b-908d-26dcbd101caf" testListId="84e19e89-39ef-4747-b91c-9d26a05c4a8e" />
    <TestEntry testId="75f94387-6fad-42d5-8584-3f62274f3e7b" executionId="15024fb9-ab19-427c-b875-08381965498a" testListId="84e19e89-39ef-4747-b91c-9d26a05c4a8e" />
    <TestEntry testId="15972eb8-67d8-4fbf-90b0-73cd70ef616e" executionId="0b1a1c2f-ee5b-4529-a449-db613f4878bb" testListId="84e19e89-39ef-4747-b91c-9d26a05c4a8e" />
    <TestEntry testId="c092db5b-5151-4367-a535-c4e968eac95e" executionId="5e931881-c673-4fad-87f5-ed763a0f7611" testListId="84e19e89-39ef-4747-b91c-9d26a05c4a8e" />
    <TestEntry testId="609980af-68d9-420a-b307-56f9fcff6ee3" executionId="74e81dd9-e578-4794-a370-f55f98225fda" testListId="84e19e89-39ef-4747-b91c-9d26a05c4a8e" />
    <TestEntry testId="fc47d9ed-c67a-48bc-8e93-4396c13f670a" executionId="d067e31e-10b6-46ec-94bb-cd82ddf250bd" testListId="84e19e89-39ef-4747-b91c-9d26a05c4a8e" />
    <TestEntry testId="affac082-562d-4199-b1f1-ad061abdcc4f" executionId="cd21260b-8460-453f-9e9b-435de3294047" testListId="84e19e89-39ef-4747-b91c-9d26a05c4a8e" />
    <TestEntry testId="e25c90e0-5d97-4ad7-8ed5-eba8950d414d" executionId="e27638a0-c183-45cb-b935-4c9b2502f0f5" testListId="84e19e89-39ef-4747-b91c-9d26a05c4a8e" />
    <TestEntry testId="e5a2c319-d292-451b-9788-73ced26ec42f" executionId="7ed5999f-e0be-45b0-82de-9d18606de4fa" testListId="84e19e89-39ef-4747-b91c-9d26a05c4a8e" />
    <TestEntry testId="a60f1746-0eb7-4527-b7ab-c124f766bfce" executionId="da65a72f-1a99-46f2-a653-5b7a2fae032f" testListId="84e19e89-39ef-4747-b91c-9d26a05c4a8e" />
    <TestEntry testId="4180bebd-0435-4c7e-9cb5-503b9d236cbc" executionId="b3b7540b-e5aa-4b5f-984a-972b4982b937" testListId="84e19e89-39ef-4747-b91c-9d26a05c4a8e" />
    <TestEntry testId="ace6d3c7-9e77-4ee5-9444-6fb76295141e" executionId="a8482bb9-151a-475a-93fc-36a3adae1b02" testListId="84e19e89-39ef-4747-b91c-9d26a05c4a8e" />
    <TestEntry testId="832114dc-a2af-4e4b-a431-067e54632a35" executionId="5b54e3e4-836c-4ab9-a18e-671b24c735d0" testListId="84e19e89-39ef-4747-b91c-9d26a05c4a8e" />
    <TestEntry testId="1441e598-b95d-4dd1-9c4d-95b5866b4675" executionId="3a64fc64-b5a2-47ca-9dc9-a329594b6f84" testListId="84e19e89-39ef-4747-b91c-9d26a05c4a8e" />
    <TestEntry testId="1538e6b1-2481-4267-89d3-521e9ef4eb18" executionId="d62b85a6-a6ea-4965-81a0-d96d0cd11d28" testListId="84e19e89-39ef-4747-b91c-9d26a05c4a8e" />
    <TestEntry testId="277d9188-fd68-4d2b-8d87-d14753d92f51" executionId="96a0be81-994d-4ce7-af57-bb6d3e5a7343" testListId="84e19e89-39ef-4747-b91c-9d26a05c4a8e" />
    <TestEntry testId="f332714f-872f-4541-b41d-b43fb1aea843" executionId="f61b37e2-92a0-45c4-9587-5e37a114cb03" testListId="84e19e89-39ef-4747-b91c-9d26a05c4a8e" />
    <TestEntry testId="fa4ed220-88a8-4b60-ad5c-17e845f24dc2" executionId="2ff1c19a-c1c8-437c-a606-1d49636e4f57" testListId="84e19e89-39ef-4747-b91c-9d26a05c4a8e" />
    <TestEntry testId="5edfda6c-a15b-426d-b0b0-e0007a861cd8" executionId="447aa1f9-938b-4978-9c33-1bc1c547d7b8" testListId="84e19e89-39ef-4747-b91c-9d26a05c4a8e" />
    <TestEntry testId="b9af8c29-e480-48bd-873e-6abe9ddacb3c" executionId="354fbe80-fd58-474a-a650-6d9792198e5b" testListId="84e19e89-39ef-4747-b91c-9d26a05c4a8e" />
    <TestEntry testId="3669ab52-0ef3-4894-8d54-60f6a94fb9fe" executionId="62c133d9-efd9-49d1-905c-a96667c3f9ba" testListId="84e19e89-39ef-4747-b91c-9d26a05c4a8e" />
    <TestEntry testId="ad18b598-d91e-46c0-ab45-eee9126f0f0f" executionId="1760b817-3749-4a10-b373-c28cdae5b575" testListId="84e19e89-39ef-4747-b91c-9d26a05c4a8e" />
    <TestEntry testId="82e1aea0-f68b-459c-8e19-db1b7670ef18" executionId="eae69648-de9b-4ebd-be6d-3bf76d907579" testListId="84e19e89-39ef-4747-b91c-9d26a05c4a8e" />
    <TestEntry testId="442e2dab-063d-4b05-810f-eae0f83c060e" executionId="36d21ed5-1f9b-4295-aef0-bd0b55dc2079" testListId="84e19e89-39ef-4747-b91c-9d26a05c4a8e" />
    <TestEntry testId="55e064e3-d771-41c5-9597-df514b2e875d" executionId="b49f5f0b-3939-499f-a890-5f53b2ccd4d4" testListId="84e19e89-39ef-4747-b91c-9d26a05c4a8e" />
    <TestEntry testId="6a231bff-ebf8-4ff0-8cc0-d9a51dd30e87" executionId="ac36dd28-0ef2-4ca8-b19a-94fe5b2b81fe" testListId="84e19e89-39ef-4747-b91c-9d26a05c4a8e" />
    <TestEntry testId="c997ed86-173c-40b8-aebd-66428ca06f3f" executionId="8a6e6b24-b853-4ab3-8e4c-014f3542d8a8" testListId="84e19e89-39ef-4747-b91c-9d26a05c4a8e" />
    <TestEntry testId="ad49816e-bea4-4222-bb13-b6ccc15d8cf1" executionId="1d84afcc-a86a-4c9d-a160-ab94a5a76208" testListId="84e19e89-39ef-4747-b91c-9d26a05c4a8e" />
    <TestEntry testId="3884bed9-e48e-4ecd-908e-f2a0f36e297d" executionId="6485d0a8-061c-4d9c-b4ad-08eab185ecc2" testListId="84e19e89-39ef-4747-b91c-9d26a05c4a8e" />
    <TestEntry testId="0eb23ddf-07a5-4351-9516-1ec35bb262e3" executionId="86221ced-d4c3-42f1-8fde-2c855219baed" testListId="84e19e89-39ef-4747-b91c-9d26a05c4a8e" />
    <TestEntry testId="2d6b647d-656b-4bc5-ae13-56c5245732cd" executionId="7be2061e-d30f-422e-8ac6-79d71389e15a" testListId="84e19e89-39ef-4747-b91c-9d26a05c4a8e" />
    <TestEntry testId="769ffccc-5358-4ce6-a96c-37e68110d9c2" executionId="8b687d67-f636-4df9-851c-b5718015b651" testListId="84e19e89-39ef-4747-b91c-9d26a05c4a8e" />
    <TestEntry testId="6ce52f32-308a-4271-8585-0d39750cd26a" executionId="fe40f25d-8972-4067-8d4b-0909a1b894b2" testListId="84e19e89-39ef-4747-b91c-9d26a05c4a8e" />
    <TestEntry testId="37d3ac2b-4eb6-4401-8b03-884ac187566a" executionId="40cfa3a6-a265-4f26-b5b4-93383fc91e9f" testListId="84e19e89-39ef-4747-b91c-9d26a05c4a8e" />
    <TestEntry testId="9c006d2a-24b6-41f5-a150-a3a814519392" executionId="06d2947d-65d1-43fe-a5fc-02881913f7cc" testListId="84e19e89-39ef-4747-b91c-9d26a05c4a8e" />
    <TestEntry testId="f5ae47ca-16d4-4a2d-8006-ad34d2e6d996" executionId="4df44da5-47a9-4a83-88b8-d8511372ae40" testListId="84e19e89-39ef-4747-b91c-9d26a05c4a8e" />
    <TestEntry testId="fdf87a37-9165-4776-b95e-d743b7a5924a" executionId="7019c9ad-77ae-468e-ad7e-ee730c71faa4" testListId="84e19e89-39ef-4747-b91c-9d26a05c4a8e" />
    <TestEntry testId="0ca8af4e-0eec-4bd0-aa10-cf9d6419be52" executionId="09320816-915e-4985-a1fc-93c0980c0673" testListId="84e19e89-39ef-4747-b91c-9d26a05c4a8e" />
    <TestEntry testId="e380ab3b-111b-4f05-93f4-189a98cbb7f0" executionId="baa0e634-e7b1-4d87-9a4c-582e589871c6" testListId="84e19e89-39ef-4747-b91c-9d26a05c4a8e" />
    <TestEntry testId="e852de48-ba04-4823-9e8f-fc572734146a" executionId="b1fc7cb8-f345-4a9c-9472-01cb9ef92d7c" testListId="84e19e89-39ef-4747-b91c-9d26a05c4a8e" />
    <TestEntry testId="f30f8a90-ddde-451e-a108-3dc09a959d4e" executionId="24f3fde2-30a7-4660-86a0-4dbabe9278d5" testListId="84e19e89-39ef-4747-b91c-9d26a05c4a8e" />
    <TestEntry testId="a3c380c3-450b-4a9d-a540-a92a5a8a9df1" executionId="fd732dc1-e515-4b6b-9d32-5e00136c016c" testListId="84e19e89-39ef-4747-b91c-9d26a05c4a8e" />
    <TestEntry testId="01cae354-dfe9-4aff-b8d5-2c919bceafcc" executionId="286f6bcd-83bc-425e-9bb6-e49b1be17793" testListId="84e19e89-39ef-4747-b91c-9d26a05c4a8e" />
    <TestEntry testId="5dd67e37-9d29-4c06-8483-ed42e3bc6689" executionId="36b3cb56-fd5c-42b9-b90f-d4941059ca56" testListId="84e19e89-39ef-4747-b91c-9d26a05c4a8e" />
    <TestEntry testId="aa5ae6a7-182b-429c-8075-a1e4e7333bec" executionId="96409b5b-9465-4bbb-9904-4da52560861c" testListId="84e19e89-39ef-4747-b91c-9d26a05c4a8e" />
    <TestEntry testId="c812aa09-d602-4ac1-9306-05318ec3dab9" executionId="55a0d50d-b8dd-4576-8f0e-d630a3366720" testListId="84e19e89-39ef-4747-b91c-9d26a05c4a8e" />
    <TestEntry testId="240e9004-b81a-4cbc-aaef-7fb4b8036a54" executionId="2c02a84b-a2d3-41a4-bf5b-77b754015a77" testListId="84e19e89-39ef-4747-b91c-9d26a05c4a8e" />
    <TestEntry testId="12501f32-1aa6-4d10-9984-c7d248161538" executionId="a853de92-00f9-4be8-8238-957fe799aa42" testListId="84e19e89-39ef-4747-b91c-9d26a05c4a8e" />
    <TestEntry testId="7e916102-aebd-45fc-9c49-2cf8a93e6717" executionId="604ec13c-8587-46e7-bf8b-404680be2791" testListId="84e19e89-39ef-4747-b91c-9d26a05c4a8e" />
    <TestEntry testId="57fae798-94cc-487d-9dc3-617e058aebe7" executionId="863b6576-52b5-4d59-849b-28e77b7ad08e" testListId="84e19e89-39ef-4747-b91c-9d26a05c4a8e" />
    <TestEntry testId="cf2a268d-6b3d-41fb-8138-54f45bbee84b" executionId="f80342e7-3f13-4fd0-8b7b-35ba0d6d5206" testListId="84e19e89-39ef-4747-b91c-9d26a05c4a8e" />
    <TestEntry testId="b9c71b98-48f3-445b-ac0d-5984d7e08e4d" executionId="0c21caa5-bb46-48ff-90a1-c2dba34f4bf7" testListId="84e19e89-39ef-4747-b91c-9d26a05c4a8e" />
    <TestEntry testId="a576d9a2-0d25-42fc-a8d5-810be61e3e58" executionId="7a517be2-8efa-4d7e-9805-c3478ac44024" testListId="84e19e89-39ef-4747-b91c-9d26a05c4a8e" />
  </TestEntries>
  <TestLists>
    <TestList name="Results Not in a List" id="84e19e89-39ef-4747-b91c-9d26a05c4a8e" />
    <TestList name="All Loaded Results" id="24629e17-50f1-4c00-bf76-fc23b38fa485" />
  </TestLists>
</TestRun>