<?xml version="1.0" encoding="UTF-8"?>
<TestRun id="924062b2-58f8-4927-8fc2-71669d71fae8" name="Test Run 76" runUser="Oles Galatsan" xmlns="http://microsoft.com/schemas/VisualStudio/TeamTest/2010">
  <Times creation="2025-05-14T13:20:31.3125482Z" queuing="2025-05-14T13:20:31.3125482Z" start="2025-05-14T13:20:31.3146610Z" finish="2025-05-14T13:25:31.3147553Z" />
  <TestSettings name="Test Settings 76" id="7324c87c-407c-49a1-8a1d-e65fad7a0dfa" />
  <Results>
    <UnitTestResult executionId="5d09114d-87ab-43c8-81c2-7a6f09849c89" testId="c60690b8-7bb4-4c04-b933-13e5e96f73c2" testName="Test7501" computerName="UA-LPT-OGA2" duration="00:00:01.7160000" startTime="2025-05-14T13:20:31.3146610Z" endTime="2025-05-14T13:25:31.3147553Z" testType="13cdc9d9-ddb5-4fa4-a97d-d965ccfc6d4b" outcome="Passed" testListId="6b917887-f880-456a-8cf2-ff5366d51484" />
    <UnitTestResult executionId="577a9b57-d4b4-410b-8f7c-5ac2d63b3691" testId="94df2d33-fc98-416b-b14e-90ec58e68383" testName="Test7502" computerName="UA-LPT-OGA2" duration="00:00:00.7890000" startTime="2025-05-14T13:20:31.3146610Z" endTime="2025-05-14T13:25:31.3147553Z" testType="13cdc9d9-ddb5-4fa4-a97d-d965ccfc6d4b" outcome="Passed" testListId="6b917887-f880-456a-8cf2-ff5366d51484" />
    <UnitTestResult executionId="f4a8c97f-ed36-4b08-887f-29ef7c6ff353" testId="27e275be-ff52-4c31-b1ef-01bfbf6960e7" testName="Test7503" computerName="UA-LPT-OGA2" duration="00:00:01.7450000" startTime="2025-05-14T13:20:31.3146610Z" endTime="2025-05-14T13:25:31.3147553Z" testType="13cdc9d9-ddb5-4fa4-a97d-d965ccfc6d4b" outcome="Failed" testListId="6b917887-f880-456a-8cf2-ff5366d51484">
      <Output>
        <ErrorInfo>
          <Message>Assertion failed: Expected value did not match actual value.</Message>
          <StackTrace>   at TestNamespace.TestClass.Test() in TestClass.cs:line 127</StackTrace>
        </ErrorInfo>
      </Output>
    </UnitTestResult>
    <UnitTestResult executionId="ae6b0c33-3c73-4ca5-93f6-836454ba57ce" testId="7697a497-184b-47fa-ace0-38f2690cb94e" testName="Test7504" computerName="UA-LPT-OGA2" duration="00:00:01.7540000" startTime="2025-05-14T13:20:31.3146610Z" endTime="2025-05-14T13:25:31.3147553Z" testType="13cdc9d9-ddb5-4fa4-a97d-d965ccfc6d4b" outcome="Passed" testListId="6b917887-f880-456a-8cf2-ff5366d51484" />
    <UnitTestResult executionId="e05223b8-d47d-4548-a717-5e0af6e61aa2" testId="e96e71c3-ac54-4ff0-848c-4a64c59322ef" testName="Test7505" computerName="UA-LPT-OGA2" duration="00:00:01.4800000" startTime="2025-05-14T13:20:31.3146610Z" endTime="2025-05-14T13:25:31.3147553Z" testType="13cdc9d9-ddb5-4fa4-a97d-d965ccfc6d4b" outcome="Passed" testListId="6b917887-f880-456a-8cf2-ff5366d51484" />
    <UnitTestResult executionId="28cbd86c-19b4-418b-b9b3-82b53bf220e0" testId="b71c4a4c-c002-4ab5-ad4b-a8b971fbdc1c" testName="Test7506" computerName="UA-LPT-OGA2" duration="00:00:00.3650000" startTime="2025-05-14T13:20:31.3146610Z" endTime="2025-05-14T13:25:31.3147553Z" testType="13cdc9d9-ddb5-4fa4-a97d-d965ccfc6d4b" outcome="Passed" testListId="6b917887-f880-456a-8cf2-ff5366d51484" />
    <UnitTestResult executionId="50828e3e-ed6b-40b2-b056-e7eb948d47fe" testId="0796f85f-a21a-4786-972c-12c0ccda706d" testName="Test7507" computerName="UA-LPT-OGA2" duration="00:00:00.8370000" startTime="2025-05-14T13:20:31.3146610Z" endTime="2025-05-14T13:25:31.3147553Z" testType="13cdc9d9-ddb5-4fa4-a97d-d965ccfc6d4b" outcome="Passed" testListId="6b917887-f880-456a-8cf2-ff5366d51484" />
    <UnitTestResult executionId="8ff97467-0a44-4baa-91f7-628dfd311b1c" testId="62b4abdf-9775-4fcb-8fbc-811684eecc6f" testName="Test7508" computerName="UA-LPT-OGA2" duration="00:00:01.2660000" startTime="2025-05-14T13:20:31.3146610Z" endTime="2025-05-14T13:25:31.3147553Z" testType="13cdc9d9-ddb5-4fa4-a97d-d965ccfc6d4b" outcome="Passed" testListId="6b917887-f880-456a-8cf2-ff5366d51484" />
    <UnitTestResult executionId="62c924e1-bae7-48ca-86a3-09a3e0bb5a38" testId="13048839-bc3b-474c-ba5a-338209531fe8" testName="Test7509" computerName="UA-LPT-OGA2" duration="00:00:01.7230000" startTime="2025-05-14T13:20:31.3146610Z" endTime="2025-05-14T13:25:31.3147553Z" testType="13cdc9d9-ddb5-4fa4-a97d-d965ccfc6d4b" outcome="Passed" testListId="6b917887-f880-456a-8cf2-ff5366d51484" />
    <UnitTestResult executionId="b19c6bda-5d2f-4a66-8c57-f9bb831e45d5" testId="0ff0ffeb-c53f-413e-b909-84bbf009b2ef" testName="Test7510" computerName="UA-LPT-OGA2" duration="00:00:00.0880000" startTime="2025-05-14T13:20:31.3146610Z" endTime="2025-05-14T13:25:31.3147553Z" testType="13cdc9d9-ddb5-4fa4-a97d-d965ccfc6d4b" outcome="Passed" testListId="6b917887-f880-456a-8cf2-ff5366d51484" />
    <UnitTestResult executionId="3aed1350-93cb-4758-a3b9-ae8bee3ff5e8" testId="81a7a1e5-06a3-42a6-90e8-732f65cf5022" testName="Test7511" computerName="UA-LPT-OGA2" duration="00:00:00.3010000" startTime="2025-05-14T13:20:31.3146610Z" endTime="2025-05-14T13:25:31.3147553Z" testType="13cdc9d9-ddb5-4fa4-a97d-d965ccfc6d4b" outcome="Passed" testListId="6b917887-f880-456a-8cf2-ff5366d51484" />
    <UnitTestResult executionId="da69ec9a-ec8a-4641-b02c-3ce0431af379" testId="5e13dfdf-73b8-4002-bf6c-906e473c0371" testName="Test7512" computerName="UA-LPT-OGA2" duration="00:00:01.4270000" startTime="2025-05-14T13:20:31.3146610Z" endTime="2025-05-14T13:25:31.3147553Z" testType="13cdc9d9-ddb5-4fa4-a97d-d965ccfc6d4b" outcome="Passed" testListId="6b917887-f880-456a-8cf2-ff5366d51484" />
    <UnitTestResult executionId="24b4a785-8240-4813-8cae-6d3f0c6134f1" testId="58cc0c15-ae21-4a13-b885-998912ca6fa4" testName="Test7513" computerName="UA-LPT-OGA2" duration="00:00:00.7440000" startTime="2025-05-14T13:20:31.3146610Z" endTime="2025-05-14T13:25:31.3147553Z" testType="13cdc9d9-ddb5-4fa4-a97d-d965ccfc6d4b" outcome="Passed" testListId="6b917887-f880-456a-8cf2-ff5366d51484" />
    <UnitTestResult executionId="8f583830-8e01-4c17-a30a-3d65fe2f851d" testId="2e229a16-d3a0-4629-a2a4-b4675f14bfd3" testName="Test7514" computerName="UA-LPT-OGA2" duration="00:00:01.2420000" startTime="2025-05-14T13:20:31.3146610Z" endTime="2025-05-14T13:25:31.3147553Z" testType="13cdc9d9-ddb5-4fa4-a97d-d965ccfc6d4b" outcome="Passed" testListId="6b917887-f880-456a-8cf2-ff5366d51484" />
    <UnitTestResult executionId="fd1553a8-7de2-4667-b822-60a0411e6b88" testId="b1b9b803-1d21-413c-ba6f-4c17aa7c222e" testName="Test7515" computerName="UA-LPT-OGA2" duration="00:00:00.6720000" startTime="2025-05-14T13:20:31.3146610Z" endTime="2025-05-14T13:25:31.3147553Z" testType="13cdc9d9-ddb5-4fa4-a97d-d965ccfc6d4b" outcome="Passed" testListId="6b917887-f880-456a-8cf2-ff5366d51484" />
    <UnitTestResult executionId="044a14e7-23e4-4883-90f1-bea4e97821bd" testId="d37e6676-e824-4ec8-b5ff-fe14a6155a81" testName="Test7516" computerName="UA-LPT-OGA2" duration="00:00:01.2190000" startTime="2025-05-14T13:20:31.3146610Z" endTime="2025-05-14T13:25:31.3147553Z" testType="13cdc9d9-ddb5-4fa4-a97d-d965ccfc6d4b" outcome="Passed" testListId="6b917887-f880-456a-8cf2-ff5366d51484" />
    <UnitTestResult executionId="272b99f2-0893-4730-947a-174ae45a4423" testId="b1465878-c80e-404d-b6a8-84b11bbfda31" testName="Test7517" computerName="UA-LPT-OGA2" duration="00:00:01.6450000" startTime="2025-05-14T13:20:31.3146610Z" endTime="2025-05-14T13:25:31.3147553Z" testType="13cdc9d9-ddb5-4fa4-a97d-d965ccfc6d4b" outcome="Passed" testListId="6b917887-f880-456a-8cf2-ff5366d51484" />
    <UnitTestResult executionId="1fbe1bdc-6302-4c41-8e93-7f16c6f45dce" testId="bde4460d-29e8-453d-a766-9316d207fa77" testName="Test7518" computerName="UA-LPT-OGA2" duration="00:00:01.2300000" startTime="2025-05-14T13:20:31.3146610Z" endTime="2025-05-14T13:25:31.3147553Z" testType="13cdc9d9-ddb5-4fa4-a97d-d965ccfc6d4b" outcome="Passed" testListId="6b917887-f880-456a-8cf2-ff5366d51484" />
    <UnitTestResult executionId="6073ea99-3719-43ac-9bcc-e9705715c533" testId="52e6975e-9079-4b3d-80e9-8a35daa8e060" testName="Test7519" computerName="UA-LPT-OGA2" duration="00:00:00.7700000" startTime="2025-05-14T13:20:31.3146610Z" endTime="2025-05-14T13:25:31.3147553Z" testType="13cdc9d9-ddb5-4fa4-a97d-d965ccfc6d4b" outcome="Passed" testListId="6b917887-f880-456a-8cf2-ff5366d51484" />
    <UnitTestResult executionId="10e60ace-010a-4e52-a6dc-890e9eb05687" testId="044ce6b5-eea5-4916-9e39-c97ffa61ad2e" testName="Test7520" computerName="UA-LPT-OGA2" duration="00:00:00.5350000" startTime="2025-05-14T13:20:31.3146610Z" endTime="2025-05-14T13:25:31.3147553Z" testType="13cdc9d9-ddb5-4fa4-a97d-d965ccfc6d4b" outcome="Passed" testListId="6b917887-f880-456a-8cf2-ff5366d51484" />
    <UnitTestResult executionId="94128be9-7618-4cac-bca3-7c0ddcb3fc50" testId="9885d277-fdbc-4a18-a7a0-ef8c103b3e77" testName="Test7521" computerName="UA-LPT-OGA2" duration="00:00:01.5160000" startTime="2025-05-14T13:20:31.3146610Z" endTime="2025-05-14T13:25:31.3147553Z" testType="13cdc9d9-ddb5-4fa4-a97d-d965ccfc6d4b" outcome="Passed" testListId="6b917887-f880-456a-8cf2-ff5366d51484" />
    <UnitTestResult executionId="c4cce6cd-d8d8-45a1-a7d1-8eb9d4946d7f" testId="03f5cf02-29cd-42ec-b38c-d3020f1a3a3d" testName="Test7522" computerName="UA-LPT-OGA2" duration="00:00:01.0670000" startTime="2025-05-14T13:20:31.3146610Z" endTime="2025-05-14T13:25:31.3147553Z" testType="13cdc9d9-ddb5-4fa4-a97d-d965ccfc6d4b" outcome="Failed" testListId="6b917887-f880-456a-8cf2-ff5366d51484">
      <Output>
        <ErrorInfo>
          <Message>Assertion failed: Expected value did not match actual value.</Message>
          <StackTrace>   at TestNamespace.TestClass.Test() in TestClass.cs:line 137</StackTrace>
        </ErrorInfo>
      </Output>
    </UnitTestResult>
    <UnitTestResult executionId="8e46b8ea-9820-4cba-a1e9-93874f4e9a06" testId="bd254ca8-6e1b-428e-96f3-d18661ee73e6" testName="Test7523" computerName="UA-LPT-OGA2" duration="00:00:00.7200000" startTime="2025-05-14T13:20:31.3146610Z" endTime="2025-05-14T13:25:31.3147553Z" testType="13cdc9d9-ddb5-4fa4-a97d-d965ccfc6d4b" outcome="Passed" testListId="6b917887-f880-456a-8cf2-ff5366d51484" />
    <UnitTestResult executionId="11a4cf50-4963-4b62-9a8c-77064893e06b" testId="ccf0ec65-6bf6-46f3-b05f-bf189e2dabd7" testName="Test7524" computerName="UA-LPT-OGA2" duration="00:00:00.4310000" startTime="2025-05-14T13:20:31.3146610Z" endTime="2025-05-14T13:25:31.3147553Z" testType="13cdc9d9-ddb5-4fa4-a97d-d965ccfc6d4b" outcome="Passed" testListId="6b917887-f880-456a-8cf2-ff5366d51484" />
    <UnitTestResult executionId="45a521fc-7b22-4762-86dd-973c08349511" testId="cb2346ad-6d31-48ec-b646-27fadd6debfb" testName="Test7525" computerName="UA-LPT-OGA2" duration="00:00:01.6560000" startTime="2025-05-14T13:20:31.3146610Z" endTime="2025-05-14T13:25:31.3147553Z" testType="13cdc9d9-ddb5-4fa4-a97d-d965ccfc6d4b" outcome="Passed" testListId="6b917887-f880-456a-8cf2-ff5366d51484" />
    <UnitTestResult executionId="27b9281c-be82-4b6c-ad2b-05f00d2cde5a" testId="6697d39f-ed9f-4c23-9058-7532ce4c4712" testName="Test7526" computerName="UA-LPT-OGA2" duration="00:00:00.4270000" startTime="2025-05-14T13:20:31.3146610Z" endTime="2025-05-14T13:25:31.3147553Z" testType="13cdc9d9-ddb5-4fa4-a97d-d965ccfc6d4b" outcome="Passed" testListId="6b917887-f880-456a-8cf2-ff5366d51484" />
    <UnitTestResult executionId="dc53620e-1362-4960-9525-4e100530deb1" testId="9f82ca2f-fe31-4a42-8b79-9221008f6b17" testName="Test7527" computerName="UA-LPT-OGA2" duration="00:00:01.7030000" startTime="2025-05-14T13:20:31.3146610Z" endTime="2025-05-14T13:25:31.3147553Z" testType="13cdc9d9-ddb5-4fa4-a97d-d965ccfc6d4b" outcome="Failed" testListId="6b917887-f880-456a-8cf2-ff5366d51484">
      <Output>
        <ErrorInfo>
          <Message>Assertion failed: Expected value did not match actual value.</Message>
          <StackTrace>   at TestNamespace.TestClass.Test() in TestClass.cs:line 151</StackTrace>
        </ErrorInfo>
      </Output>
    </UnitTestResult>
    <UnitTestResult executionId="7def197d-f0c6-4d43-abd4-04a57eddf472" testId="4e4a38a4-c6fe-41eb-a03c-a0c35dcd7d96" testName="Test7528" computerName="UA-LPT-OGA2" duration="00:00:00.0220000" startTime="2025-05-14T13:20:31.3146610Z" endTime="2025-05-14T13:25:31.3147553Z" testType="13cdc9d9-ddb5-4fa4-a97d-d965ccfc6d4b" outcome="Passed" testListId="6b917887-f880-456a-8cf2-ff5366d51484" />
    <UnitTestResult executionId="80f43dc9-9d83-4125-ae13-f64568e7bd19" testId="de694a8c-fb44-4ae5-8c03-9fb9be45a437" testName="Test7529" computerName="UA-LPT-OGA2" duration="00:00:01.1010000" startTime="2025-05-14T13:20:31.3146610Z" endTime="2025-05-14T13:25:31.3147553Z" testType="13cdc9d9-ddb5-4fa4-a97d-d965ccfc6d4b" outcome="Passed" testListId="6b917887-f880-456a-8cf2-ff5366d51484" />
    <UnitTestResult executionId="331d032d-f739-48e4-b1dd-24ef777a4585" testId="ad0feaf3-6ffa-4d0c-bf73-a88482c60da7" testName="Test7530" computerName="UA-LPT-OGA2" duration="00:00:01.0000000" startTime="2025-05-14T13:20:31.3146610Z" endTime="2025-05-14T13:25:31.3147553Z" testType="13cdc9d9-ddb5-4fa4-a97d-d965ccfc6d4b" outcome="Passed" testListId="6b917887-f880-456a-8cf2-ff5366d51484" />
    <UnitTestResult executionId="c92b6f17-573d-41d5-b570-0fe894e89a87" testId="d500cdf1-852d-43ba-803a-e2ffb7a26af5" testName="Test7531" computerName="UA-LPT-OGA2" duration="00:00:01.4560000" startTime="2025-05-14T13:20:31.3146610Z" endTime="2025-05-14T13:25:31.3147553Z" testType="13cdc9d9-ddb5-4fa4-a97d-d965ccfc6d4b" outcome="Passed" testListId="6b917887-f880-456a-8cf2-ff5366d51484" />
    <UnitTestResult executionId="c3102906-1542-40ae-8e43-919a72d14ce2" testId="386c5ff5-ae5c-433c-a46b-980537c80e51" testName="Test7532" computerName="UA-LPT-OGA2" duration="00:00:00.6300000" startTime="2025-05-14T13:20:31.3146610Z" endTime="2025-05-14T13:25:31.3147553Z" testType="13cdc9d9-ddb5-4fa4-a97d-d965ccfc6d4b" outcome="Passed" testListId="6b917887-f880-456a-8cf2-ff5366d51484" />
    <UnitTestResult executionId="5922ca72-fff5-48e9-b345-4a6b22a9447f" testId="babf796a-ad81-498b-bc44-99819a656efd" testName="Test7533" computerName="UA-LPT-OGA2" duration="00:00:00.1170000" startTime="2025-05-14T13:20:31.3146610Z" endTime="2025-05-14T13:25:31.3147553Z" testType="13cdc9d9-ddb5-4fa4-a97d-d965ccfc6d4b" outcome="Passed" testListId="6b917887-f880-456a-8cf2-ff5366d51484" />
    <UnitTestResult executionId="6ef0967b-88e2-49f7-b084-d49d01151603" testId="8ee66735-f52d-424b-8a15-367aaae26f34" testName="Test7534" computerName="UA-LPT-OGA2" duration="00:00:01.0600000" startTime="2025-05-14T13:20:31.3146610Z" endTime="2025-05-14T13:25:31.3147553Z" testType="13cdc9d9-ddb5-4fa4-a97d-d965ccfc6d4b" outcome="Passed" testListId="6b917887-f880-456a-8cf2-ff5366d51484" />
    <UnitTestResult executionId="a67a9505-e669-45d8-b54b-383a7855c6ad" testId="f3fe0c42-8631-48fc-a2fe-c295986eb5ef" testName="Test7535" computerName="UA-LPT-OGA2" duration="00:00:01.3650000" startTime="2025-05-14T13:20:31.3146610Z" endTime="2025-05-14T13:25:31.3147553Z" testType="13cdc9d9-ddb5-4fa4-a97d-d965ccfc6d4b" outcome="Passed" testListId="6b917887-f880-456a-8cf2-ff5366d51484" />
    <UnitTestResult executionId="23a1b4e2-c9ba-4d1d-88bc-0704341118b0" testId="0d5081ec-7969-4d90-86dd-1575ba18a076" testName="Test7536" computerName="UA-LPT-OGA2" duration="00:00:01.8820000" startTime="2025-05-14T13:20:31.3146610Z" endTime="2025-05-14T13:25:31.3147553Z" testType="13cdc9d9-ddb5-4fa4-a97d-d965ccfc6d4b" outcome="Inconclusive" testListId="6b917887-f880-456a-8cf2-ff5366d51484" />
    <UnitTestResult executionId="239124a6-6abc-45bf-86fe-32efc1d6f064" testId="30e71836-b93f-4f21-9ee0-008c602656f5" testName="Test7537" computerName="UA-LPT-OGA2" duration="00:00:01.6640000" startTime="2025-05-14T13:20:31.3146610Z" endTime="2025-05-14T13:25:31.3147553Z" testType="13cdc9d9-ddb5-4fa4-a97d-d965ccfc6d4b" outcome="Passed" testListId="6b917887-f880-456a-8cf2-ff5366d51484" />
    <UnitTestResult executionId="cd4414d1-44b4-4f9a-8fa7-49c390854312" testId="cf572aca-f095-45de-9cec-23c36d8b7f47" testName="Test7538" computerName="UA-LPT-OGA2" duration="00:00:00.5910000" startTime="2025-05-14T13:20:31.3146610Z" endTime="2025-05-14T13:25:31.3147553Z" testType="13cdc9d9-ddb5-4fa4-a97d-d965ccfc6d4b" outcome="Passed" testListId="6b917887-f880-456a-8cf2-ff5366d51484" />
    <UnitTestResult executionId="f0c8a932-eb96-4179-9d91-3a4c2709bb0d" testId="c4479e3f-5073-401a-912f-2b8ee1959b0b" testName="Test7539" computerName="UA-LPT-OGA2" duration="00:00:00.4010000" startTime="2025-05-14T13:20:31.3146610Z" endTime="2025-05-14T13:25:31.3147553Z" testType="13cdc9d9-ddb5-4fa4-a97d-d965ccfc6d4b" outcome="Passed" testListId="6b917887-f880-456a-8cf2-ff5366d51484" />
    <UnitTestResult executionId="99a084dd-776e-48f3-a886-31c9221f8009" testId="8963041d-f233-43ad-adda-a2b0d3b82081" testName="Test7540" computerName="UA-LPT-OGA2" duration="00:00:00.5290000" startTime="2025-05-14T13:20:31.3146610Z" endTime="2025-05-14T13:25:31.3147553Z" testType="13cdc9d9-ddb5-4fa4-a97d-d965ccfc6d4b" outcome="Failed" testListId="6b917887-f880-456a-8cf2-ff5366d51484">
      <Output>
        <ErrorInfo>
          <Message>Assertion failed: Expected value did not match actual value.</Message>
          <StackTrace>   at TestNamespace.TestClass.Test() in TestClass.cs:line 95</StackTrace>
        </ErrorInfo>
      </Output>
    </UnitTestResult>
    <UnitTestResult executionId="ae303fc5-7688-485f-99a5-2d7035a595f5" testId="11772ab5-ecaf-4eee-a1b3-7da6a0ed1c66" testName="Test7541" computerName="UA-LPT-OGA2" duration="00:00:00.6790000" startTime="2025-05-14T13:20:31.3146610Z" endTime="2025-05-14T13:25:31.3147553Z" testType="13cdc9d9-ddb5-4fa4-a97d-d965ccfc6d4b" outcome="Failed" testListId="6b917887-f880-456a-8cf2-ff5366d51484">
      <Output>
        <ErrorInfo>
          <Message>Assertion failed: Expected value did not match actual value.</Message>
          <StackTrace>   at TestNamespace.TestClass.Test() in TestClass.cs:line 345</StackTrace>
        </ErrorInfo>
      </Output>
    </UnitTestResult>
    <UnitTestResult executionId="7d16d753-7462-48ae-904f-0c0e4d6709d0" testId="3f5a0782-11b5-4f9c-b3e5-bb2ef28bd66e" testName="Test7542" computerName="UA-LPT-OGA2" duration="00:00:01.3590000" startTime="2025-05-14T13:20:31.3146610Z" endTime="2025-05-14T13:25:31.3147553Z" testType="13cdc9d9-ddb5-4fa4-a97d-d965ccfc6d4b" outcome="Passed" testListId="6b917887-f880-456a-8cf2-ff5366d51484" />
    <UnitTestResult executionId="6f1945f6-8385-4b63-a5aa-b32f92180dad" testId="ab83cbec-5e92-420d-a739-1f691a9c46cf" testName="Test7543" computerName="UA-LPT-OGA2" duration="00:00:01.1050000" startTime="2025-05-14T13:20:31.3146610Z" endTime="2025-05-14T13:25:31.3147553Z" testType="13cdc9d9-ddb5-4fa4-a97d-d965ccfc6d4b" outcome="Failed" testListId="6b917887-f880-456a-8cf2-ff5366d51484">
      <Output>
        <ErrorInfo>
          <Message>Assertion failed: Expected value did not match actual value.</Message>
          <StackTrace>   at TestNamespace.TestClass.Test() in TestClass.cs:line 177</StackTrace>
        </ErrorInfo>
      </Output>
    </UnitTestResult>
    <UnitTestResult executionId="458b86a0-7474-44be-9778-ff7fc3f23514" testId="add8651d-71cc-4971-b8cd-3b5871db2044" testName="Test7544" computerName="UA-LPT-OGA2" duration="00:00:01.5760000" startTime="2025-05-14T13:20:31.3146610Z" endTime="2025-05-14T13:25:31.3147553Z" testType="13cdc9d9-ddb5-4fa4-a97d-d965ccfc6d4b" outcome="Passed" testListId="6b917887-f880-456a-8cf2-ff5366d51484" />
    <UnitTestResult executionId="34653078-15c2-4f06-ba1f-09b9ddee0e51" testId="b73b9480-4e29-4b79-99de-6cb2ed593de0" testName="Test7545" computerName="UA-LPT-OGA2" duration="00:00:01.9170000" startTime="2025-05-14T13:20:31.3146610Z" endTime="2025-05-14T13:25:31.3147553Z" testType="13cdc9d9-ddb5-4fa4-a97d-d965ccfc6d4b" outcome="Passed" testListId="6b917887-f880-456a-8cf2-ff5366d51484" />
    <UnitTestResult executionId="ff7c6119-5db5-4462-9404-d6f2273b9355" testId="1ea5461a-ff7e-4f88-b19e-7df9395710b1" testName="Test7546" computerName="UA-LPT-OGA2" duration="00:00:01.7200000" startTime="2025-05-14T13:20:31.3146610Z" endTime="2025-05-14T13:25:31.3147553Z" testType="13cdc9d9-ddb5-4fa4-a97d-d965ccfc6d4b" outcome="Passed" testListId="6b917887-f880-456a-8cf2-ff5366d51484" />
    <UnitTestResult executionId="11f542bd-abb4-4487-b66c-f4516e3bf923" testId="a2afcefc-8806-4db3-8810-6d9ed0d12850" testName="Test7547" computerName="UA-LPT-OGA2" duration="00:00:00.9250000" startTime="2025-05-14T13:20:31.3146610Z" endTime="2025-05-14T13:25:31.3147553Z" testType="13cdc9d9-ddb5-4fa4-a97d-d965ccfc6d4b" outcome="Passed" testListId="6b917887-f880-456a-8cf2-ff5366d51484" />
    <UnitTestResult executionId="5fb69e35-aa2a-4a93-8239-9daf7ced18f7" testId="65e371e6-61cd-4793-98b6-5c5e0532183f" testName="Test7548" computerName="UA-LPT-OGA2" duration="00:00:01.6780000" startTime="2025-05-14T13:20:31.3146610Z" endTime="2025-05-14T13:25:31.3147553Z" testType="13cdc9d9-ddb5-4fa4-a97d-d965ccfc6d4b" outcome="Passed" testListId="6b917887-f880-456a-8cf2-ff5366d51484" />
    <UnitTestResult executionId="5b12c464-4a1f-4844-ada9-68566e9b3d6e" testId="f92df8c2-0674-4076-bb72-1bd725962858" testName="Test7549" computerName="UA-LPT-OGA2" duration="00:00:01.0260000" startTime="2025-05-14T13:20:31.3146610Z" endTime="2025-05-14T13:25:31.3147553Z" testType="13cdc9d9-ddb5-4fa4-a97d-d965ccfc6d4b" outcome="Passed" testListId="6b917887-f880-456a-8cf2-ff5366d51484" />
    <UnitTestResult executionId="2fd332cb-51fd-49e8-838f-3baf8c54c888" testId="f352313e-1003-47d0-83c6-f9d5ffdb696f" testName="Test7550" computerName="UA-LPT-OGA2" duration="00:00:00.8740000" startTime="2025-05-14T13:20:31.3146610Z" endTime="2025-05-14T13:25:31.3147553Z" testType="13cdc9d9-ddb5-4fa4-a97d-d965ccfc6d4b" outcome="Passed" testListId="6b917887-f880-456a-8cf2-ff5366d51484" />
    <UnitTestResult executionId="8fb85335-0f4b-4038-afa1-580619edf489" testId="bd996adc-322a-4e53-8302-9c299ace6365" testName="Test7551" computerName="UA-LPT-OGA2" duration="00:00:01.6720000" startTime="2025-05-14T13:20:31.3146610Z" endTime="2025-05-14T13:25:31.3147553Z" testType="13cdc9d9-ddb5-4fa4-a97d-d965ccfc6d4b" outcome="Passed" testListId="6b917887-f880-456a-8cf2-ff5366d51484" />
    <UnitTestResult executionId="ad2f44e1-0bb2-461d-9dbe-9f87d4e027ad" testId="f9462862-37ca-42fb-acf6-32667c6f9603" testName="Test7552" computerName="UA-LPT-OGA2" duration="00:00:00.9340000" startTime="2025-05-14T13:20:31.3146610Z" endTime="2025-05-14T13:25:31.3147553Z" testType="13cdc9d9-ddb5-4fa4-a97d-d965ccfc6d4b" outcome="Passed" testListId="6b917887-f880-456a-8cf2-ff5366d51484" />
    <UnitTestResult executionId="9af2fb48-72c1-483f-a8b1-9c95ead957ae" testId="2d0965ac-d73a-457c-b905-5f7a50c61824" testName="Test7553" computerName="UA-LPT-OGA2" duration="00:00:00.3410000" startTime="2025-05-14T13:20:31.3146610Z" endTime="2025-05-14T13:25:31.3147553Z" testType="13cdc9d9-ddb5-4fa4-a97d-d965ccfc6d4b" outcome="Passed" testListId="6b917887-f880-456a-8cf2-ff5366d51484" />
    <UnitTestResult executionId="76a7101c-50c6-4a66-ae26-fae68d527ac4" testId="38a04d41-83c8-4b44-868a-3e02bc3c37b8" testName="Test7554" computerName="UA-LPT-OGA2" duration="00:00:01.3940000" startTime="2025-05-14T13:20:31.3146610Z" endTime="2025-05-14T13:25:31.3147553Z" testType="13cdc9d9-ddb5-4fa4-a97d-d965ccfc6d4b" outcome="Passed" testListId="6b917887-f880-456a-8cf2-ff5366d51484" />
    <UnitTestResult executionId="4c0e012e-3c78-4195-9718-8e0dfa94263e" testId="1390d431-d34f-4ca0-8295-eaddeb5c205a" testName="Test7555" computerName="UA-LPT-OGA2" duration="00:00:01.5070000" startTime="2025-05-14T13:20:31.3146610Z" endTime="2025-05-14T13:25:31.3147553Z" testType="13cdc9d9-ddb5-4fa4-a97d-d965ccfc6d4b" outcome="Passed" testListId="6b917887-f880-456a-8cf2-ff5366d51484" />
    <UnitTestResult executionId="0e562ef6-5207-4951-a9b6-0afc92f87c5f" testId="f82f647d-6758-4b16-a430-d83f630f55fe" testName="Test7556" computerName="UA-LPT-OGA2" duration="00:00:01.5010000" startTime="2025-05-14T13:20:31.3146610Z" endTime="2025-05-14T13:25:31.3147553Z" testType="13cdc9d9-ddb5-4fa4-a97d-d965ccfc6d4b" outcome="Passed" testListId="6b917887-f880-456a-8cf2-ff5366d51484" />
    <UnitTestResult executionId="e96310c8-6ddf-4da2-8433-c045cccf0abc" testId="2bfd89d5-dbb8-40a6-a566-eab7ca167955" testName="Test7557" computerName="UA-LPT-OGA2" duration="00:00:01.9210000" startTime="2025-05-14T13:20:31.3146610Z" endTime="2025-05-14T13:25:31.3147553Z" testType="13cdc9d9-ddb5-4fa4-a97d-d965ccfc6d4b" outcome="Passed" testListId="6b917887-f880-456a-8cf2-ff5366d51484" />
    <UnitTestResult executionId="1ebc51aa-f2b2-4d6e-aa56-44a5d1a7f9f5" testId="7ed2f562-33bd-4714-adea-a1d982ba25d5" testName="Test7558" computerName="UA-LPT-OGA2" duration="00:00:01.3860000" startTime="2025-05-14T13:20:31.3146610Z" endTime="2025-05-14T13:25:31.3147553Z" testType="13cdc9d9-ddb5-4fa4-a97d-d965ccfc6d4b" outcome="Passed" testListId="6b917887-f880-456a-8cf2-ff5366d51484" />
    <UnitTestResult executionId="60e58682-048b-4eea-be46-ed201d7d0609" testId="4bd040db-5cf6-4527-a403-3720f260c54b" testName="Test7559" computerName="UA-LPT-OGA2" duration="00:00:00.2210000" startTime="2025-05-14T13:20:31.3146610Z" endTime="2025-05-14T13:25:31.3147553Z" testType="13cdc9d9-ddb5-4fa4-a97d-d965ccfc6d4b" outcome="Passed" testListId="6b917887-f880-456a-8cf2-ff5366d51484" />
    <UnitTestResult executionId="ca470814-689a-42a9-8def-515f9ddf9003" testId="7b831a88-f696-4043-9290-341b9a9d7bd4" testName="Test7560" computerName="UA-LPT-OGA2" duration="00:00:01.0440000" startTime="2025-05-14T13:20:31.3146610Z" endTime="2025-05-14T13:25:31.3147553Z" testType="13cdc9d9-ddb5-4fa4-a97d-d965ccfc6d4b" outcome="Failed" testListId="6b917887-f880-456a-8cf2-ff5366d51484">
      <Output>
        <ErrorInfo>
          <Message>Assertion failed: Expected value did not match actual value.</Message>
          <StackTrace>   at TestNamespace.TestClass.Test() in TestClass.cs:line 384</StackTrace>
        </ErrorInfo>
      </Output>
    </UnitTestResult>
    <UnitTestResult executionId="e51c14a3-2e06-4076-9b0d-fa591c926fa9" testId="2c8cba45-b1da-4808-a416-f204570b6ed4" testName="Test7561" computerName="UA-LPT-OGA2" duration="00:00:00.2410000" startTime="2025-05-14T13:20:31.3146610Z" endTime="2025-05-14T13:25:31.3147553Z" testType="13cdc9d9-ddb5-4fa4-a97d-d965ccfc6d4b" outcome="Passed" testListId="6b917887-f880-456a-8cf2-ff5366d51484" />
    <UnitTestResult executionId="3c57def8-96d8-4f22-92d1-b68288e93fa8" testId="2466caa2-4ce3-49b2-840b-734b0ff31ec3" testName="Test7562" computerName="UA-LPT-OGA2" duration="00:00:00.0420000" startTime="2025-05-14T13:20:31.3146610Z" endTime="2025-05-14T13:25:31.3147553Z" testType="13cdc9d9-ddb5-4fa4-a97d-d965ccfc6d4b" outcome="Passed" testListId="6b917887-f880-456a-8cf2-ff5366d51484" />
    <UnitTestResult executionId="e6d51ad2-c6c1-4048-b808-e163a79aa4ce" testId="bcdef6aa-7d43-4652-a6c1-7edc470ca521" testName="Test7563" computerName="UA-LPT-OGA2" duration="00:00:00.1030000" startTime="2025-05-14T13:20:31.3146610Z" endTime="2025-05-14T13:25:31.3147553Z" testType="13cdc9d9-ddb5-4fa4-a97d-d965ccfc6d4b" outcome="Passed" testListId="6b917887-f880-456a-8cf2-ff5366d51484" />
    <UnitTestResult executionId="b70f709a-b004-469c-960a-9c12dda2d44a" testId="95a5dc9e-ff87-426d-8d1d-fbe2379f0e5a" testName="Test7564" computerName="UA-LPT-OGA2" duration="00:00:00.4570000" startTime="2025-05-14T13:20:31.3146610Z" endTime="2025-05-14T13:25:31.3147553Z" testType="13cdc9d9-ddb5-4fa4-a97d-d965ccfc6d4b" outcome="Passed" testListId="6b917887-f880-456a-8cf2-ff5366d51484" />
    <UnitTestResult executionId="4003f332-c7e2-42a5-8ffd-60dbd3c88008" testId="443e0627-5f6b-4810-aedd-3bcd6abb6838" testName="Test7565" computerName="UA-LPT-OGA2" duration="00:00:01.2510000" startTime="2025-05-14T13:20:31.3146610Z" endTime="2025-05-14T13:25:31.3147553Z" testType="13cdc9d9-ddb5-4fa4-a97d-d965ccfc6d4b" outcome="Passed" testListId="6b917887-f880-456a-8cf2-ff5366d51484" />
    <UnitTestResult executionId="5e013465-07bf-48b0-8e05-676e0244a9f3" testId="bd5a8643-07b3-4cbc-99ce-92119d188f0e" testName="Test7566" computerName="UA-LPT-OGA2" duration="00:00:01.2710000" startTime="2025-05-14T13:20:31.3146610Z" endTime="2025-05-14T13:25:31.3147553Z" testType="13cdc9d9-ddb5-4fa4-a97d-d965ccfc6d4b" outcome="Passed" testListId="6b917887-f880-456a-8cf2-ff5366d51484" />
    <UnitTestResult executionId="da438c22-9330-4b93-898e-5199daafc5c6" testId="7abf3ad3-dc52-48a1-991a-0d33f84a5f15" testName="Test7567" computerName="UA-LPT-OGA2" duration="00:00:00.3470000" startTime="2025-05-14T13:20:31.3146610Z" endTime="2025-05-14T13:25:31.3147553Z" testType="13cdc9d9-ddb5-4fa4-a97d-d965ccfc6d4b" outcome="Passed" testListId="6b917887-f880-456a-8cf2-ff5366d51484" />
    <UnitTestResult executionId="a37cfdf9-75ee-410f-a48f-bbb3f802a2b0" testId="fb9ce320-2f84-47c4-835d-8d5d92f2c0c6" testName="Test7568" computerName="UA-LPT-OGA2" duration="00:00:01.7210000" startTime="2025-05-14T13:20:31.3146610Z" endTime="2025-05-14T13:25:31.3147553Z" testType="13cdc9d9-ddb5-4fa4-a97d-d965ccfc6d4b" outcome="Passed" testListId="6b917887-f880-456a-8cf2-ff5366d51484" />
    <UnitTestResult executionId="c12af19d-a079-4589-a9a6-aa46475c2cfc" testId="1513a8ae-fb02-4938-a58f-624af4756e0e" testName="Test7569" computerName="UA-LPT-OGA2" duration="00:00:00.9790000" startTime="2025-05-14T13:20:31.3146610Z" endTime="2025-05-14T13:25:31.3147553Z" testType="13cdc9d9-ddb5-4fa4-a97d-d965ccfc6d4b" outcome="Passed" testListId="6b917887-f880-456a-8cf2-ff5366d51484" />
    <UnitTestResult executionId="1dfa411e-c08a-4dd4-9cbd-eb6aef7ab5ed" testId="b8242261-e1fc-42ee-a429-c91569c042f5" testName="Test7570" computerName="UA-LPT-OGA2" duration="00:00:00.3800000" startTime="2025-05-14T13:20:31.3146610Z" endTime="2025-05-14T13:25:31.3147553Z" testType="13cdc9d9-ddb5-4fa4-a97d-d965ccfc6d4b" outcome="Passed" testListId="6b917887-f880-456a-8cf2-ff5366d51484" />
    <UnitTestResult executionId="7a4a8105-dff2-4b20-9744-5f9bb757e67c" testId="0f0c05a1-2cc9-4b90-8180-41080f546f40" testName="Test7571" computerName="UA-LPT-OGA2" duration="00:00:00.8070000" startTime="2025-05-14T13:20:31.3146610Z" endTime="2025-05-14T13:25:31.3147553Z" testType="13cdc9d9-ddb5-4fa4-a97d-d965ccfc6d4b" outcome="Passed" testListId="6b917887-f880-456a-8cf2-ff5366d51484" />
    <UnitTestResult executionId="347d209a-e430-47e5-a086-fc130861a2dd" testId="1b2ab4cf-9b8c-4753-8451-b703bfbecb4f" testName="Test7572" computerName="UA-LPT-OGA2" duration="00:00:01.6910000" startTime="2025-05-14T13:20:31.3146610Z" endTime="2025-05-14T13:25:31.3147553Z" testType="13cdc9d9-ddb5-4fa4-a97d-d965ccfc6d4b" outcome="Passed" testListId="6b917887-f880-456a-8cf2-ff5366d51484" />
    <UnitTestResult executionId="073c16dc-16ab-46a3-a647-bd7848a35b86" testId="aa3bdeb3-47a9-4550-8b12-738e3f90d48f" testName="Test7573" computerName="UA-LPT-OGA2" duration="00:00:00.5020000" startTime="2025-05-14T13:20:31.3146610Z" endTime="2025-05-14T13:25:31.3147553Z" testType="13cdc9d9-ddb5-4fa4-a97d-d965ccfc6d4b" outcome="Failed" testListId="6b917887-f880-456a-8cf2-ff5366d51484">
      <Output>
        <ErrorInfo>
          <Message>Assertion failed: Expected value did not match actual value.</Message>
          <StackTrace>   at TestNamespace.TestClass.Test() in TestClass.cs:line 449</StackTrace>
        </ErrorInfo>
      </Output>
    </UnitTestResult>
    <UnitTestResult executionId="fb34701d-31c1-47e2-85dc-f093181b63e0" testId="ef9eed37-24e2-4005-aa2e-97417e102466" testName="Test7574" computerName="UA-LPT-OGA2" duration="00:00:01.7520000" startTime="2025-05-14T13:20:31.3146610Z" endTime="2025-05-14T13:25:31.3147553Z" testType="13cdc9d9-ddb5-4fa4-a97d-d965ccfc6d4b" outcome="Passed" testListId="6b917887-f880-456a-8cf2-ff5366d51484" />
    <UnitTestResult executionId="2042ad2f-7176-4401-b711-1ddc5652ed52" testId="12f52008-163d-4d47-989f-1ac94d1b47c3" testName="Test7575" computerName="UA-LPT-OGA2" duration="00:00:01.4080000" startTime="2025-05-14T13:20:31.3146610Z" endTime="2025-05-14T13:25:31.3147553Z" testType="13cdc9d9-ddb5-4fa4-a97d-d965ccfc6d4b" outcome="Passed" testListId="6b917887-f880-456a-8cf2-ff5366d51484" />
    <UnitTestResult executionId="35c31340-8e79-4bf5-82e3-79967c7a6866" testId="6d2787ff-5b22-43ed-b0cb-c1b0a1b545dc" testName="Test7576" computerName="UA-LPT-OGA2" duration="00:00:00.3110000" startTime="2025-05-14T13:20:31.3146610Z" endTime="2025-05-14T13:25:31.3147553Z" testType="13cdc9d9-ddb5-4fa4-a97d-d965ccfc6d4b" outcome="Passed" testListId="6b917887-f880-456a-8cf2-ff5366d51484" />
    <UnitTestResult executionId="80485a35-6f7c-4b62-9f0f-de1c608beeba" testId="7ffe4d1e-9c78-42a0-b0a5-bc1f25ea2440" testName="Test7577" computerName="UA-LPT-OGA2" duration="00:00:01.8300000" startTime="2025-05-14T13:20:31.3146610Z" endTime="2025-05-14T13:25:31.3147553Z" testType="13cdc9d9-ddb5-4fa4-a97d-d965ccfc6d4b" outcome="Passed" testListId="6b917887-f880-456a-8cf2-ff5366d51484" />
    <UnitTestResult executionId="d00356e2-988f-44df-88c2-692d94f33118" testId="0f76d7a5-eb7e-43b9-a81e-7f27e5ccd11b" testName="Test7578" computerName="UA-LPT-OGA2" duration="00:00:01.2640000" startTime="2025-05-14T13:20:31.3146610Z" endTime="2025-05-14T13:25:31.3147553Z" testType="13cdc9d9-ddb5-4fa4-a97d-d965ccfc6d4b" outcome="Passed" testListId="6b917887-f880-456a-8cf2-ff5366d51484" />
    <UnitTestResult executionId="10779e7f-c4b6-4098-b9f6-47a4e099ccac" testId="b82684b6-5483-4ff6-bc02-c70661f13140" testName="Test7579" computerName="UA-LPT-OGA2" duration="00:00:01.5540000" startTime="2025-05-14T13:20:31.3146610Z" endTime="2025-05-14T13:25:31.3147553Z" testType="13cdc9d9-ddb5-4fa4-a97d-d965ccfc6d4b" outcome="Passed" testListId="6b917887-f880-456a-8cf2-ff5366d51484" />
    <UnitTestResult executionId="1e78b6ac-cf3c-462b-86ce-eb7037987ab8" testId="aa1f6c41-4484-4754-9a63-74e75a2e2aaa" testName="Test7580" computerName="UA-LPT-OGA2" duration="00:00:00.1580000" startTime="2025-05-14T13:20:31.3146610Z" endTime="2025-05-14T13:25:31.3147553Z" testType="13cdc9d9-ddb5-4fa4-a97d-d965ccfc6d4b" outcome="Passed" testListId="6b917887-f880-456a-8cf2-ff5366d51484" />
    <UnitTestResult executionId="e33fb1fb-562b-476b-b4f5-fde9bec0c08e" testId="305c1678-03b6-4d31-98c0-7ea53c50ba53" testName="Test7581" computerName="UA-LPT-OGA2" duration="00:00:00.4870000" startTime="2025-05-14T13:20:31.3146610Z" endTime="2025-05-14T13:25:31.3147553Z" testType="13cdc9d9-ddb5-4fa4-a97d-d965ccfc6d4b" outcome="Passed" testListId="6b917887-f880-456a-8cf2-ff5366d51484" />
    <UnitTestResult executionId="3dc6665e-0c13-46a1-a5be-dac6ece714d3" testId="fc4243a5-926e-4143-8dc2-9d38624e9409" testName="Test7582" computerName="UA-LPT-OGA2" duration="00:00:01.0370000" startTime="2025-05-14T13:20:31.3146610Z" endTime="2025-05-14T13:25:31.3147553Z" testType="13cdc9d9-ddb5-4fa4-a97d-d965ccfc6d4b" outcome="Passed" testListId="6b917887-f880-456a-8cf2-ff5366d51484" />
    <UnitTestResult executionId="117da41f-96a9-40d6-98ba-3a1c6f7236e5" testId="a4b23d33-50e4-4869-951e-12b02b1748e9" testName="Test7583" computerName="UA-LPT-OGA2" duration="00:00:01.6680000" startTime="2025-05-14T13:20:31.3146610Z" endTime="2025-05-14T13:25:31.3147553Z" testType="13cdc9d9-ddb5-4fa4-a97d-d965ccfc6d4b" outcome="Passed" testListId="6b917887-f880-456a-8cf2-ff5366d51484" />
    <UnitTestResult executionId="05125148-e59c-4ceb-aeba-6b369fa44d06" testId="9f0e9a5d-645c-45d7-a8bf-59d8e8366f6c" testName="Test7584" computerName="UA-LPT-OGA2" duration="00:00:01.4850000" startTime="2025-05-14T13:20:31.3146610Z" endTime="2025-05-14T13:25:31.3147553Z" testType="13cdc9d9-ddb5-4fa4-a97d-d965ccfc6d4b" outcome="Passed" testListId="6b917887-f880-456a-8cf2-ff5366d51484" />
    <UnitTestResult executionId="3c77a862-3612-42f9-ab59-0454e6025a39" testId="d2735234-8a28-490a-82ae-e6c7864ae8f5" testName="Test7585" computerName="UA-LPT-OGA2" duration="00:00:01.8960000" startTime="2025-05-14T13:20:31.3146610Z" endTime="2025-05-14T13:25:31.3147553Z" testType="13cdc9d9-ddb5-4fa4-a97d-d965ccfc6d4b" outcome="Passed" testListId="6b917887-f880-456a-8cf2-ff5366d51484" />
    <UnitTestResult executionId="0e0aa8f0-ce1c-4b7b-99e9-e0ea89f3e980" testId="bbca272e-90b3-4187-b34a-b1d5a1d772e4" testName="Test7586" computerName="UA-LPT-OGA2" duration="00:00:00.5340000" startTime="2025-05-14T13:20:31.3146610Z" endTime="2025-05-14T13:25:31.3147553Z" testType="13cdc9d9-ddb5-4fa4-a97d-d965ccfc6d4b" outcome="Passed" testListId="6b917887-f880-456a-8cf2-ff5366d51484" />
    <UnitTestResult executionId="d51a77c0-1765-4005-9ebc-46dfb47e0095" testId="59306d6a-390f-4386-98ce-7bf5471c20c9" testName="Test7587" computerName="UA-LPT-OGA2" duration="00:00:00.1310000" startTime="2025-05-14T13:20:31.3146610Z" endTime="2025-05-14T13:25:31.3147553Z" testType="13cdc9d9-ddb5-4fa4-a97d-d965ccfc6d4b" outcome="Passed" testListId="6b917887-f880-456a-8cf2-ff5366d51484" />
    <UnitTestResult executionId="aa5eb986-627d-469f-b624-bff4ca3a9e38" testId="75aa0a88-491b-4ee8-b7ab-6ec767e4b4c2" testName="Test7588" computerName="UA-LPT-OGA2" duration="00:00:00.4820000" startTime="2025-05-14T13:20:31.3146610Z" endTime="2025-05-14T13:25:31.3147553Z" testType="13cdc9d9-ddb5-4fa4-a97d-d965ccfc6d4b" outcome="Passed" testListId="6b917887-f880-456a-8cf2-ff5366d51484" />
    <UnitTestResult executionId="ac774d23-3a83-45ba-8b8f-64033da724fe" testId="e51af324-c066-4758-8754-bda27aa9ebb7" testName="Test7589" computerName="UA-LPT-OGA2" duration="00:00:01.3560000" startTime="2025-05-14T13:20:31.3146610Z" endTime="2025-05-14T13:25:31.3147553Z" testType="13cdc9d9-ddb5-4fa4-a97d-d965ccfc6d4b" outcome="Passed" testListId="6b917887-f880-456a-8cf2-ff5366d51484" />
    <UnitTestResult executionId="d039e0fa-c1cc-4e7c-854f-6963aece8293" testId="633c8d33-fd44-4f5b-aa87-eb3963f6ec89" testName="Test7590" computerName="UA-LPT-OGA2" duration="00:00:00.9800000" startTime="2025-05-14T13:20:31.3146610Z" endTime="2025-05-14T13:25:31.3147553Z" testType="13cdc9d9-ddb5-4fa4-a97d-d965ccfc6d4b" outcome="Passed" testListId="6b917887-f880-456a-8cf2-ff5366d51484" />
    <UnitTestResult executionId="362934f6-c37b-4296-aa82-90f102fe4408" testId="db0aab09-3e18-4b8a-a435-c5db60aa0170" testName="Test7591" computerName="UA-LPT-OGA2" duration="00:00:00.4040000" startTime="2025-05-14T13:20:31.3146610Z" endTime="2025-05-14T13:25:31.3147553Z" testType="13cdc9d9-ddb5-4fa4-a97d-d965ccfc6d4b" outcome="Passed" testListId="6b917887-f880-456a-8cf2-ff5366d51484" />
    <UnitTestResult executionId="6cc2dd5b-1da9-4a26-a2ae-74866171d523" testId="8d0f8f3c-1ae8-4d23-a094-18712b81df4f" testName="Test7592" computerName="UA-LPT-OGA2" duration="00:00:01.0120000" startTime="2025-05-14T13:20:31.3146610Z" endTime="2025-05-14T13:25:31.3147553Z" testType="13cdc9d9-ddb5-4fa4-a97d-d965ccfc6d4b" outcome="Passed" testListId="6b917887-f880-456a-8cf2-ff5366d51484" />
    <UnitTestResult executionId="525a0981-3037-496f-b8d3-553472d99635" testId="fae68dc0-e81d-4461-a7e4-29ed6cc71169" testName="Test7593" computerName="UA-LPT-OGA2" duration="00:00:00.4950000" startTime="2025-05-14T13:20:31.3146610Z" endTime="2025-05-14T13:25:31.3147553Z" testType="13cdc9d9-ddb5-4fa4-a97d-d965ccfc6d4b" outcome="Passed" testListId="6b917887-f880-456a-8cf2-ff5366d51484" />
    <UnitTestResult executionId="a57928a1-2a3b-4cfc-bfdb-3ce201a6203c" testId="25c3c1fa-e353-4665-9ce2-8b8f7a96fc4f" testName="Test7594" computerName="UA-LPT-OGA2" duration="00:00:00.9180000" startTime="2025-05-14T13:20:31.3146610Z" endTime="2025-05-14T13:25:31.3147553Z" testType="13cdc9d9-ddb5-4fa4-a97d-d965ccfc6d4b" outcome="Passed" testListId="6b917887-f880-456a-8cf2-ff5366d51484" />
    <UnitTestResult executionId="2859d822-6f2c-4f61-94c4-aa885fb0c6a8" testId="ff02175e-08c2-424e-88fd-9b06aff53341" testName="Test7595" computerName="UA-LPT-OGA2" duration="00:00:00.4720000" startTime="2025-05-14T13:20:31.3146610Z" endTime="2025-05-14T13:25:31.3147553Z" testType="13cdc9d9-ddb5-4fa4-a97d-d965ccfc6d4b" outcome="Passed" testListId="6b917887-f880-456a-8cf2-ff5366d51484" />
    <UnitTestResult executionId="88811156-b16e-4507-874a-30813cfeae2b" testId="20608fce-b996-4fe3-90b5-ea54219da755" testName="Test7596" computerName="UA-LPT-OGA2" duration="00:00:01.4120000" startTime="2025-05-14T13:20:31.3146610Z" endTime="2025-05-14T13:25:31.3147553Z" testType="13cdc9d9-ddb5-4fa4-a97d-d965ccfc6d4b" outcome="Passed" testListId="6b917887-f880-456a-8cf2-ff5366d51484" />
    <UnitTestResult executionId="26976102-b444-4b9e-8fd0-10cb22c223a1" testId="403eb3fe-327d-4ab8-bb73-3f37b5d6eb4c" testName="Test7597" computerName="UA-LPT-OGA2" duration="00:00:01.3250000" startTime="2025-05-14T13:20:31.3146610Z" endTime="2025-05-14T13:25:31.3147553Z" testType="13cdc9d9-ddb5-4fa4-a97d-d965ccfc6d4b" outcome="Passed" testListId="6b917887-f880-456a-8cf2-ff5366d51484" />
    <UnitTestResult executionId="c5fe525e-7f7c-4722-bd51-df015a1b8d81" testId="0fa45647-d5cf-4128-ad2e-998d69762f79" testName="Test7598" computerName="UA-LPT-OGA2" duration="00:00:01.5370000" startTime="2025-05-14T13:20:31.3146610Z" endTime="2025-05-14T13:25:31.3147553Z" testType="13cdc9d9-ddb5-4fa4-a97d-d965ccfc6d4b" outcome="Passed" testListId="6b917887-f880-456a-8cf2-ff5366d51484" />
    <UnitTestResult executionId="bd620861-9d96-4285-b1ed-9878dcd7b658" testId="f0ae2aee-9e9d-40df-8500-7ae90aa30010" testName="Test7599" computerName="UA-LPT-OGA2" duration="00:00:00.0100000" startTime="2025-05-14T13:20:31.3146610Z" endTime="2025-05-14T13:25:31.3147553Z" testType="13cdc9d9-ddb5-4fa4-a97d-d965ccfc6d4b" outcome="Passed" testListId="6b917887-f880-456a-8cf2-ff5366d51484" />
    <UnitTestResult executionId="a66ab76a-8d79-463e-8354-36e363fa0e80" testId="e008d848-c795-4cec-a029-3a9eb0c38008" testName="Test7600" computerName="UA-LPT-OGA2" duration="00:00:00.8260000" startTime="2025-05-14T13:20:31.3146610Z" endTime="2025-05-14T13:25:31.3147553Z" testType="13cdc9d9-ddb5-4fa4-a97d-d965ccfc6d4b" outcome="Passed" testListId="6b917887-f880-456a-8cf2-ff5366d51484" />
  </Results>
  <TestDefinitions>
    <UnitTest name="Test7501" id="c60690b8-7bb4-4c04-b933-13e5e96f73c2" storage="TestAssembly.dll">
      <Execution id="5d09114d-87ab-43c8-81c2-7a6f09849c89" />
      <TestMethod codeBase="TestAssembly.dll" className="TestNamespace.TestClass1" name="Test7501" />
    </UnitTest>
    <UnitTest name="Test7502" id="94df2d33-fc98-416b-b14e-90ec58e68383" storage="TestAssembly.dll">
      <Execution id="577a9b57-d4b4-410b-8f7c-5ac2d63b3691" />
      <TestMethod codeBase="TestAssembly.dll" className="TestNamespace.TestClass1" name="Test7502" />
    </UnitTest>
    <UnitTest name="Test7503" id="27e275be-ff52-4c31-b1ef-01bfbf6960e7" storage="TestAssembly.dll">
      <Execution id="f4a8c97f-ed36-4b08-887f-29ef7c6ff353" />
      <TestMethod codeBase="TestAssembly.dll" className="TestNamespace.TestClass1" name="Test7503" />
    </UnitTest>
    <UnitTest name="Test7504" id="7697a497-184b-47fa-ace0-38f2690cb94e" storage="TestAssembly.dll">
      <Execution id="ae6b0c33-3c73-4ca5-93f6-836454ba57ce" />
      <TestMethod codeBase="TestAssembly.dll" className="TestNamespace.TestClass1" name="Test7504" />
    </UnitTest>
    <UnitTest name="Test7505" id="e96e71c3-ac54-4ff0-848c-4a64c59322ef" storage="TestAssembly.dll">
      <Execution id="e05223b8-d47d-4548-a717-5e0af6e61aa2" />
      <TestMethod codeBase="TestAssembly.dll" className="TestNamespace.TestClass1" name="Test7505" />
    </UnitTest>
    <UnitTest name="Test7506" id="b71c4a4c-c002-4ab5-ad4b-a8b971fbdc1c" storage="TestAssembly.dll">
      <Execution id="28cbd86c-19b4-418b-b9b3-82b53bf220e0" />
      <TestMethod codeBase="TestAssembly.dll" className="TestNamespace.TestClass1" name="Test7506" />
    </UnitTest>
    <UnitTest name="Test7507" id="0796f85f-a21a-4786-972c-12c0ccda706d" storage="TestAssembly.dll">
      <Execution id="50828e3e-ed6b-40b2-b056-e7eb948d47fe" />
      <TestMethod codeBase="TestAssembly.dll" className="TestNamespace.TestClass1" name="Test7507" />
    </UnitTest>
    <UnitTest name="Test7508" id="62b4abdf-9775-4fcb-8fbc-811684eecc6f" storage="TestAssembly.dll">
      <Execution id="8ff97467-0a44-4baa-91f7-628dfd311b1c" />
      <TestMethod codeBase="TestAssembly.dll" className="TestNamespace.TestClass1" name="Test7508" />
    </UnitTest>
    <UnitTest name="Test7509" id="13048839-bc3b-474c-ba5a-338209531fe8" storage="TestAssembly.dll">
      <Execution id="62c924e1-bae7-48ca-86a3-09a3e0bb5a38" />
      <TestMethod codeBase="TestAssembly.dll" className="TestNamespace.TestClass1" name="Test7509" />
    </UnitTest>
    <UnitTest name="Test7510" id="0ff0ffeb-c53f-413e-b909-84bbf009b2ef" storage="TestAssembly.dll">
      <Execution id="b19c6bda-5d2f-4a66-8c57-f9bb831e45d5" />
      <TestMethod codeBase="TestAssembly.dll" className="TestNamespace.TestClass1" name="Test7510" />
    </UnitTest>
    <UnitTest name="Test7511" id="81a7a1e5-06a3-42a6-90e8-732f65cf5022" storage="TestAssembly.dll">
      <Execution id="3aed1350-93cb-4758-a3b9-ae8bee3ff5e8" />
      <TestMethod codeBase="TestAssembly.dll" className="TestNamespace.TestClass2" name="Test7511" />
    </UnitTest>
    <UnitTest name="Test7512" id="5e13dfdf-73b8-4002-bf6c-906e473c0371" storage="TestAssembly.dll">
      <Execution id="da69ec9a-ec8a-4641-b02c-3ce0431af379" />
      <TestMethod codeBase="TestAssembly.dll" className="TestNamespace.TestClass2" name="Test7512" />
    </UnitTest>
    <UnitTest name="Test7513" id="58cc0c15-ae21-4a13-b885-998912ca6fa4" storage="TestAssembly.dll">
      <Execution id="24b4a785-8240-4813-8cae-6d3f0c6134f1" />
      <TestMethod codeBase="TestAssembly.dll" className="TestNamespace.TestClass2" name="Test7513" />
    </UnitTest>
    <UnitTest name="Test7514" id="2e229a16-d3a0-4629-a2a4-b4675f14bfd3" storage="TestAssembly.dll">
      <Execution id="8f583830-8e01-4c17-a30a-3d65fe2f851d" />
      <TestMethod codeBase="TestAssembly.dll" className="TestNamespace.TestClass2" name="Test7514" />
    </UnitTest>
    <UnitTest name="Test7515" id="b1b9b803-1d21-413c-ba6f-4c17aa7c222e" storage="TestAssembly.dll">
      <Execution id="fd1553a8-7de2-4667-b822-60a0411e6b88" />
      <TestMethod codeBase="TestAssembly.dll" className="TestNamespace.TestClass2" name="Test7515" />
    </UnitTest>
    <UnitTest name="Test7516" id="d37e6676-e824-4ec8-b5ff-fe14a6155a81" storage="TestAssembly.dll">
      <Execution id="044a14e7-23e4-4883-90f1-bea4e97821bd" />
      <TestMethod codeBase="TestAssembly.dll" className="TestNamespace.TestClass2" name="Test7516" />
    </UnitTest>
    <UnitTest name="Test7517" id="b1465878-c80e-404d-b6a8-84b11bbfda31" storage="TestAssembly.dll">
      <Execution id="272b99f2-0893-4730-947a-174ae45a4423" />
      <TestMethod codeBase="TestAssembly.dll" className="TestNamespace.TestClass2" name="Test7517" />
    </UnitTest>
    <UnitTest name="Test7518" id="bde4460d-29e8-453d-a766-9316d207fa77" storage="TestAssembly.dll">
      <Execution id="1fbe1bdc-6302-4c41-8e93-7f16c6f45dce" />
      <TestMethod codeBase="TestAssembly.dll" className="TestNamespace.TestClass2" name="Test7518" />
    </UnitTest>
    <UnitTest name="Test7519" id="52e6975e-9079-4b3d-80e9-8a35daa8e060" storage="TestAssembly.dll">
      <Execution id="6073ea99-3719-43ac-9bcc-e9705715c533" />
      <TestMethod codeBase="TestAssembly.dll" className="TestNamespace.TestClass2" name="Test7519" />
    </UnitTest>
    <UnitTest name="Test7520" id="044ce6b5-eea5-4916-9e39-c97ffa61ad2e" storage="TestAssembly.dll">
      <Execution id="10e60ace-010a-4e52-a6dc-890e9eb05687" />
      <TestMethod codeBase="TestAssembly.dll" className="TestNamespace.TestClass2" name="Test7520" />
    </UnitTest>
    <UnitTest name="Test7521" id="9885d277-fdbc-4a18-a7a0-ef8c103b3e77" storage="TestAssembly.dll">
      <Execution id="94128be9-7618-4cac-bca3-7c0ddcb3fc50" />
      <TestMethod codeBase="TestAssembly.dll" className="TestNamespace.TestClass3" name="Test7521" />
    </UnitTest>
    <UnitTest name="Test7522" id="03f5cf02-29cd-42ec-b38c-d3020f1a3a3d" storage="TestAssembly.dll">
      <Execution id="c4cce6cd-d8d8-45a1-a7d1-8eb9d4946d7f" />
      <TestMethod codeBase="TestAssembly.dll" className="TestNamespace.TestClass3" name="Test7522" />
    </UnitTest>
    <UnitTest name="Test7523" id="bd254ca8-6e1b-428e-96f3-d18661ee73e6" storage="TestAssembly.dll">
      <Execution id="8e46b8ea-9820-4cba-a1e9-93874f4e9a06" />
      <TestMethod codeBase="TestAssembly.dll" className="TestNamespace.TestClass3" name="Test7523" />
    </UnitTest>
    <UnitTest name="Test7524" id="ccf0ec65-6bf6-46f3-b05f-bf189e2dabd7" storage="TestAssembly.dll">
      <Execution id="11a4cf50-4963-4b62-9a8c-77064893e06b" />
      <TestMethod codeBase="TestAssembly.dll" className="TestNamespace.TestClass3" name="Test7524" />
    </UnitTest>
    <UnitTest name="Test7525" id="cb2346ad-6d31-48ec-b646-27fadd6debfb" storage="TestAssembly.dll">
      <Execution id="45a521fc-7b22-4762-86dd-973c08349511" />
      <TestMethod codeBase="TestAssembly.dll" className="TestNamespace.TestClass3" name="Test7525" />
    </UnitTest>
    <UnitTest name="Test7526" id="6697d39f-ed9f-4c23-9058-7532ce4c4712" storage="TestAssembly.dll">
      <Execution id="27b9281c-be82-4b6c-ad2b-05f00d2cde5a" />
      <TestMethod codeBase="TestAssembly.dll" className="TestNamespace.TestClass3" name="Test7526" />
    </UnitTest>
    <UnitTest name="Test7527" id="9f82ca2f-fe31-4a42-8b79-9221008f6b17" storage="TestAssembly.dll">
      <Execution id="dc53620e-1362-4960-9525-4e100530deb1" />
      <TestMethod codeBase="TestAssembly.dll" className="TestNamespace.TestClass3" name="Test7527" />
    </UnitTest>
    <UnitTest name="Test7528" id="4e4a38a4-c6fe-41eb-a03c-a0c35dcd7d96" storage="TestAssembly.dll">
      <Execution id="7def197d-f0c6-4d43-abd4-04a57eddf472" />
      <TestMethod codeBase="TestAssembly.dll" className="TestNamespace.TestClass3" name="Test7528" />
    </UnitTest>
    <UnitTest name="Test7529" id="de694a8c-fb44-4ae5-8c03-9fb9be45a437" storage="TestAssembly.dll">
      <Execution id="80f43dc9-9d83-4125-ae13-f64568e7bd19" />
      <TestMethod codeBase="TestAssembly.dll" className="TestNamespace.TestClass3" name="Test7529" />
    </UnitTest>
    <UnitTest name="Test7530" id="ad0feaf3-6ffa-4d0c-bf73-a88482c60da7" storage="TestAssembly.dll">
      <Execution id="331d032d-f739-48e4-b1dd-24ef777a4585" />
      <TestMethod codeBase="TestAssembly.dll" className="TestNamespace.TestClass3" name="Test7530" />
    </UnitTest>
    <UnitTest name="Test7531" id="d500cdf1-852d-43ba-803a-e2ffb7a26af5" storage="TestAssembly.dll">
      <Execution id="c92b6f17-573d-41d5-b570-0fe894e89a87" />
      <TestMethod codeBase="TestAssembly.dll" className="TestNamespace.TestClass4" name="Test7531" />
    </UnitTest>
    <UnitTest name="Test7532" id="386c5ff5-ae5c-433c-a46b-980537c80e51" storage="TestAssembly.dll">
      <Execution id="c3102906-1542-40ae-8e43-919a72d14ce2" />
      <TestMethod codeBase="TestAssembly.dll" className="TestNamespace.TestClass4" name="Test7532" />
    </UnitTest>
    <UnitTest name="Test7533" id="babf796a-ad81-498b-bc44-99819a656efd" storage="TestAssembly.dll">
      <Execution id="5922ca72-fff5-48e9-b345-4a6b22a9447f" />
      <TestMethod codeBase="TestAssembly.dll" className="TestNamespace.TestClass4" name="Test7533" />
    </UnitTest>
    <UnitTest name="Test7534" id="8ee66735-f52d-424b-8a15-367aaae26f34" storage="TestAssembly.dll">
      <Execution id="6ef0967b-88e2-49f7-b084-d49d01151603" />
      <TestMethod codeBase="TestAssembly.dll" className="TestNamespace.TestClass4" name="Test7534" />
    </UnitTest>
    <UnitTest name="Test7535" id="f3fe0c42-8631-48fc-a2fe-c295986eb5ef" storage="TestAssembly.dll">
      <Execution id="a67a9505-e669-45d8-b54b-383a7855c6ad" />
      <TestMethod codeBase="TestAssembly.dll" className="TestNamespace.TestClass4" name="Test7535" />
    </UnitTest>
    <UnitTest name="Test7536" id="0d5081ec-7969-4d90-86dd-1575ba18a076" storage="TestAssembly.dll">
      <Execution id="23a1b4e2-c9ba-4d1d-88bc-0704341118b0" />
      <TestMethod codeBase="TestAssembly.dll" className="TestNamespace.TestClass4" name="Test7536" />
    </UnitTest>
    <UnitTest name="Test7537" id="30e71836-b93f-4f21-9ee0-008c602656f5" storage="TestAssembly.dll">
      <Execution id="239124a6-6abc-45bf-86fe-32efc1d6f064" />
      <TestMethod codeBase="TestAssembly.dll" className="TestNamespace.TestClass4" name="Test7537" />
    </UnitTest>
    <UnitTest name="Test7538" id="cf572aca-f095-45de-9cec-23c36d8b7f47" storage="TestAssembly.dll">
      <Execution id="cd4414d1-44b4-4f9a-8fa7-49c390854312" />
      <TestMethod codeBase="TestAssembly.dll" className="TestNamespace.TestClass4" name="Test7538" />
    </UnitTest>
    <UnitTest name="Test7539" id="c4479e3f-5073-401a-912f-2b8ee1959b0b" storage="TestAssembly.dll">
      <Execution id="f0c8a932-eb96-4179-9d91-3a4c2709bb0d" />
      <TestMethod codeBase="TestAssembly.dll" className="TestNamespace.TestClass4" name="Test7539" />
    </UnitTest>
    <UnitTest name="Test7540" id="8963041d-f233-43ad-adda-a2b0d3b82081" storage="TestAssembly.dll">
      <Execution id="99a084dd-776e-48f3-a886-31c9221f8009" />
      <TestMethod codeBase="TestAssembly.dll" className="TestNamespace.TestClass4" name="Test7540" />
    </UnitTest>
    <UnitTest name="Test7541" id="11772ab5-ecaf-4eee-a1b3-7da6a0ed1c66" storage="TestAssembly.dll">
      <Execution id="ae303fc5-7688-485f-99a5-2d7035a595f5" />
      <TestMethod codeBase="TestAssembly.dll" className="TestNamespace.TestClass5" name="Test7541" />
    </UnitTest>
    <UnitTest name="Test7542" id="3f5a0782-11b5-4f9c-b3e5-bb2ef28bd66e" storage="TestAssembly.dll">
      <Execution id="7d16d753-7462-48ae-904f-0c0e4d6709d0" />
      <TestMethod codeBase="TestAssembly.dll" className="TestNamespace.TestClass5" name="Test7542" />
    </UnitTest>
    <UnitTest name="Test7543" id="ab83cbec-5e92-420d-a739-1f691a9c46cf" storage="TestAssembly.dll">
      <Execution id="6f1945f6-8385-4b63-a5aa-b32f92180dad" />
      <TestMethod codeBase="TestAssembly.dll" className="TestNamespace.TestClass5" name="Test7543" />
    </UnitTest>
    <UnitTest name="Test7544" id="add8651d-71cc-4971-b8cd-3b5871db2044" storage="TestAssembly.dll">
      <Execution id="458b86a0-7474-44be-9778-ff7fc3f23514" />
      <TestMethod codeBase="TestAssembly.dll" className="TestNamespace.TestClass5" name="Test7544" />
    </UnitTest>
    <UnitTest name="Test7545" id="b73b9480-4e29-4b79-99de-6cb2ed593de0" storage="TestAssembly.dll">
      <Execution id="34653078-15c2-4f06-ba1f-09b9ddee0e51" />
      <TestMethod codeBase="TestAssembly.dll" className="TestNamespace.TestClass5" name="Test7545" />
    </UnitTest>
    <UnitTest name="Test7546" id="1ea5461a-ff7e-4f88-b19e-7df9395710b1" storage="TestAssembly.dll">
      <Execution id="ff7c6119-5db5-4462-9404-d6f2273b9355" />
      <TestMethod codeBase="TestAssembly.dll" className="TestNamespace.TestClass5" name="Test7546" />
    </UnitTest>
    <UnitTest name="Test7547" id="a2afcefc-8806-4db3-8810-6d9ed0d12850" storage="TestAssembly.dll">
      <Execution id="11f542bd-abb4-4487-b66c-f4516e3bf923" />
      <TestMethod codeBase="TestAssembly.dll" className="TestNamespace.TestClass5" name="Test7547" />
    </UnitTest>
    <UnitTest name="Test7548" id="65e371e6-61cd-4793-98b6-5c5e0532183f" storage="TestAssembly.dll">
      <Execution id="5fb69e35-aa2a-4a93-8239-9daf7ced18f7" />
      <TestMethod codeBase="TestAssembly.dll" className="TestNamespace.TestClass5" name="Test7548" />
    </UnitTest>
    <UnitTest name="Test7549" id="f92df8c2-0674-4076-bb72-1bd725962858" storage="TestAssembly.dll">
      <Execution id="5b12c464-4a1f-4844-ada9-68566e9b3d6e" />
      <TestMethod codeBase="TestAssembly.dll" className="TestNamespace.TestClass5" name="Test7549" />
    </UnitTest>
    <UnitTest name="Test7550" id="f352313e-1003-47d0-83c6-f9d5ffdb696f" storage="TestAssembly.dll">
      <Execution id="2fd332cb-51fd-49e8-838f-3baf8c54c888" />
      <TestMethod codeBase="TestAssembly.dll" className="TestNamespace.TestClass5" name="Test7550" />
    </UnitTest>
    <UnitTest name="Test7551" id="bd996adc-322a-4e53-8302-9c299ace6365" storage="TestAssembly.dll">
      <Execution id="8fb85335-0f4b-4038-afa1-580619edf489" />
      <TestMethod codeBase="TestAssembly.dll" className="TestNamespace.TestClass6" name="Test7551" />
    </UnitTest>
    <UnitTest name="Test7552" id="f9462862-37ca-42fb-acf6-32667c6f9603" storage="TestAssembly.dll">
      <Execution id="ad2f44e1-0bb2-461d-9dbe-9f87d4e027ad" />
      <TestMethod codeBase="TestAssembly.dll" className="TestNamespace.TestClass6" name="Test7552" />
    </UnitTest>
    <UnitTest name="Test7553" id="2d0965ac-d73a-457c-b905-5f7a50c61824" storage="TestAssembly.dll">
      <Execution id="9af2fb48-72c1-483f-a8b1-9c95ead957ae" />
      <TestMethod codeBase="TestAssembly.dll" className="TestNamespace.TestClass6" name="Test7553" />
    </UnitTest>
    <UnitTest name="Test7554" id="38a04d41-83c8-4b44-868a-3e02bc3c37b8" storage="TestAssembly.dll">
      <Execution id="76a7101c-50c6-4a66-ae26-fae68d527ac4" />
      <TestMethod codeBase="TestAssembly.dll" className="TestNamespace.TestClass6" name="Test7554" />
    </UnitTest>
    <UnitTest name="Test7555" id="1390d431-d34f-4ca0-8295-eaddeb5c205a" storage="TestAssembly.dll">
      <Execution id="4c0e012e-3c78-4195-9718-8e0dfa94263e" />
      <TestMethod codeBase="TestAssembly.dll" className="TestNamespace.TestClass6" name="Test7555" />
    </UnitTest>
    <UnitTest name="Test7556" id="f82f647d-6758-4b16-a430-d83f630f55fe" storage="TestAssembly.dll">
      <Execution id="0e562ef6-5207-4951-a9b6-0afc92f87c5f" />
      <TestMethod codeBase="TestAssembly.dll" className="TestNamespace.TestClass6" name="Test7556" />
    </UnitTest>
    <UnitTest name="Test7557" id="2bfd89d5-dbb8-40a6-a566-eab7ca167955" storage="TestAssembly.dll">
      <Execution id="e96310c8-6ddf-4da2-8433-c045cccf0abc" />
      <TestMethod codeBase="TestAssembly.dll" className="TestNamespace.TestClass6" name="Test7557" />
    </UnitTest>
    <UnitTest name="Test7558" id="7ed2f562-33bd-4714-adea-a1d982ba25d5" storage="TestAssembly.dll">
      <Execution id="1ebc51aa-f2b2-4d6e-aa56-44a5d1a7f9f5" />
      <TestMethod codeBase="TestAssembly.dll" className="TestNamespace.TestClass6" name="Test7558" />
    </UnitTest>
    <UnitTest name="Test7559" id="4bd040db-5cf6-4527-a403-3720f260c54b" storage="TestAssembly.dll">
      <Execution id="60e58682-048b-4eea-be46-ed201d7d0609" />
      <TestMethod codeBase="TestAssembly.dll" className="TestNamespace.TestClass6" name="Test7559" />
    </UnitTest>
    <UnitTest name="Test7560" id="7b831a88-f696-4043-9290-341b9a9d7bd4" storage="TestAssembly.dll">
      <Execution id="ca470814-689a-42a9-8def-515f9ddf9003" />
      <TestMethod codeBase="TestAssembly.dll" className="TestNamespace.TestClass6" name="Test7560" />
    </UnitTest>
    <UnitTest name="Test7561" id="2c8cba45-b1da-4808-a416-f204570b6ed4" storage="TestAssembly.dll">
      <Execution id="e51c14a3-2e06-4076-9b0d-fa591c926fa9" />
      <TestMethod codeBase="TestAssembly.dll" className="TestNamespace.TestClass7" name="Test7561" />
    </UnitTest>
    <UnitTest name="Test7562" id="2466caa2-4ce3-49b2-840b-734b0ff31ec3" storage="TestAssembly.dll">
      <Execution id="3c57def8-96d8-4f22-92d1-b68288e93fa8" />
      <TestMethod codeBase="TestAssembly.dll" className="TestNamespace.TestClass7" name="Test7562" />
    </UnitTest>
    <UnitTest name="Test7563" id="bcdef6aa-7d43-4652-a6c1-7edc470ca521" storage="TestAssembly.dll">
      <Execution id="e6d51ad2-c6c1-4048-b808-e163a79aa4ce" />
      <TestMethod codeBase="TestAssembly.dll" className="TestNamespace.TestClass7" name="Test7563" />
    </UnitTest>
    <UnitTest name="Test7564" id="95a5dc9e-ff87-426d-8d1d-fbe2379f0e5a" storage="TestAssembly.dll">
      <Execution id="b70f709a-b004-469c-960a-9c12dda2d44a" />
      <TestMethod codeBase="TestAssembly.dll" className="TestNamespace.TestClass7" name="Test7564" />
    </UnitTest>
    <UnitTest name="Test7565" id="443e0627-5f6b-4810-aedd-3bcd6abb6838" storage="TestAssembly.dll">
      <Execution id="4003f332-c7e2-42a5-8ffd-60dbd3c88008" />
      <TestMethod codeBase="TestAssembly.dll" className="TestNamespace.TestClass7" name="Test7565" />
    </UnitTest>
    <UnitTest name="Test7566" id="bd5a8643-07b3-4cbc-99ce-92119d188f0e" storage="TestAssembly.dll">
      <Execution id="5e013465-07bf-48b0-8e05-676e0244a9f3" />
      <TestMethod codeBase="TestAssembly.dll" className="TestNamespace.TestClass7" name="Test7566" />
    </UnitTest>
    <UnitTest name="Test7567" id="7abf3ad3-dc52-48a1-991a-0d33f84a5f15" storage="TestAssembly.dll">
      <Execution id="da438c22-9330-4b93-898e-5199daafc5c6" />
      <TestMethod codeBase="TestAssembly.dll" className="TestNamespace.TestClass7" name="Test7567" />
    </UnitTest>
    <UnitTest name="Test7568" id="fb9ce320-2f84-47c4-835d-8d5d92f2c0c6" storage="TestAssembly.dll">
      <Execution id="a37cfdf9-75ee-410f-a48f-bbb3f802a2b0" />
      <TestMethod codeBase="TestAssembly.dll" className="TestNamespace.TestClass7" name="Test7568" />
    </UnitTest>
    <UnitTest name="Test7569" id="1513a8ae-fb02-4938-a58f-624af4756e0e" storage="TestAssembly.dll">
      <Execution id="c12af19d-a079-4589-a9a6-aa46475c2cfc" />
      <TestMethod codeBase="TestAssembly.dll" className="TestNamespace.TestClass7" name="Test7569" />
    </UnitTest>
    <UnitTest name="Test7570" id="b8242261-e1fc-42ee-a429-c91569c042f5" storage="TestAssembly.dll">
      <Execution id="1dfa411e-c08a-4dd4-9cbd-eb6aef7ab5ed" />
      <TestMethod codeBase="TestAssembly.dll" className="TestNamespace.TestClass7" name="Test7570" />
    </UnitTest>
    <UnitTest name="Test7571" id="0f0c05a1-2cc9-4b90-8180-41080f546f40" storage="TestAssembly.dll">
      <Execution id="7a4a8105-dff2-4b20-9744-5f9bb757e67c" />
      <TestMethod codeBase="TestAssembly.dll" className="TestNamespace.TestClass8" name="Test7571" />
    </UnitTest>
    <UnitTest name="Test7572" id="1b2ab4cf-9b8c-4753-8451-b703bfbecb4f" storage="TestAssembly.dll">
      <Execution id="347d209a-e430-47e5-a086-fc130861a2dd" />
      <TestMethod codeBase="TestAssembly.dll" className="TestNamespace.TestClass8" name="Test7572" />
    </UnitTest>
    <UnitTest name="Test7573" id="aa3bdeb3-47a9-4550-8b12-738e3f90d48f" storage="TestAssembly.dll">
      <Execution id="073c16dc-16ab-46a3-a647-bd7848a35b86" />
      <TestMethod codeBase="TestAssembly.dll" className="TestNamespace.TestClass8" name="Test7573" />
    </UnitTest>
    <UnitTest name="Test7574" id="ef9eed37-24e2-4005-aa2e-97417e102466" storage="TestAssembly.dll">
      <Execution id="fb34701d-31c1-47e2-85dc-f093181b63e0" />
      <TestMethod codeBase="TestAssembly.dll" className="TestNamespace.TestClass8" name="Test7574" />
    </UnitTest>
    <UnitTest name="Test7575" id="12f52008-163d-4d47-989f-1ac94d1b47c3" storage="TestAssembly.dll">
      <Execution id="2042ad2f-7176-4401-b711-1ddc5652ed52" />
      <TestMethod codeBase="TestAssembly.dll" className="TestNamespace.TestClass8" name="Test7575" />
    </UnitTest>
    <UnitTest name="Test7576" id="6d2787ff-5b22-43ed-b0cb-c1b0a1b545dc" storage="TestAssembly.dll">
      <Execution id="35c31340-8e79-4bf5-82e3-79967c7a6866" />
      <TestMethod codeBase="TestAssembly.dll" className="TestNamespace.TestClass8" name="Test7576" />
    </UnitTest>
    <UnitTest name="Test7577" id="7ffe4d1e-9c78-42a0-b0a5-bc1f25ea2440" storage="TestAssembly.dll">
      <Execution id="80485a35-6f7c-4b62-9f0f-de1c608beeba" />
      <TestMethod codeBase="TestAssembly.dll" className="TestNamespace.TestClass8" name="Test7577" />
    </UnitTest>
    <UnitTest name="Test7578" id="0f76d7a5-eb7e-43b9-a81e-7f27e5ccd11b" storage="TestAssembly.dll">
      <Execution id="d00356e2-988f-44df-88c2-692d94f33118" />
      <TestMethod codeBase="TestAssembly.dll" className="TestNamespace.TestClass8" name="Test7578" />
    </UnitTest>
    <UnitTest name="Test7579" id="b82684b6-5483-4ff6-bc02-c70661f13140" storage="TestAssembly.dll">
      <Execution id="10779e7f-c4b6-4098-b9f6-47a4e099ccac" />
      <TestMethod codeBase="TestAssembly.dll" className="TestNamespace.TestClass8" name="Test7579" />
    </UnitTest>
    <UnitTest name="Test7580" id="aa1f6c41-4484-4754-9a63-74e75a2e2aaa" storage="TestAssembly.dll">
      <Execution id="1e78b6ac-cf3c-462b-86ce-eb7037987ab8" />
      <TestMethod codeBase="TestAssembly.dll" className="TestNamespace.TestClass8" name="Test7580" />
    </UnitTest>
    <UnitTest name="Test7581" id="305c1678-03b6-4d31-98c0-7ea53c50ba53" storage="TestAssembly.dll">
      <Execution id="e33fb1fb-562b-476b-b4f5-fde9bec0c08e" />
      <TestMethod codeBase="TestAssembly.dll" className="TestNamespace.TestClass9" name="Test7581" />
    </UnitTest>
    <UnitTest name="Test7582" id="fc4243a5-926e-4143-8dc2-9d38624e9409" storage="TestAssembly.dll">
      <Execution id="3dc6665e-0c13-46a1-a5be-dac6ece714d3" />
      <TestMethod codeBase="TestAssembly.dll" className="TestNamespace.TestClass9" name="Test7582" />
    </UnitTest>
    <UnitTest name="Test7583" id="a4b23d33-50e4-4869-951e-12b02b1748e9" storage="TestAssembly.dll">
      <Execution id="117da41f-96a9-40d6-98ba-3a1c6f7236e5" />
      <TestMethod codeBase="TestAssembly.dll" className="TestNamespace.TestClass9" name="Test7583" />
    </UnitTest>
    <UnitTest name="Test7584" id="9f0e9a5d-645c-45d7-a8bf-59d8e8366f6c" storage="TestAssembly.dll">
      <Execution id="05125148-e59c-4ceb-aeba-6b369fa44d06" />
      <TestMethod codeBase="TestAssembly.dll" className="TestNamespace.TestClass9" name="Test7584" />
    </UnitTest>
    <UnitTest name="Test7585" id="d2735234-8a28-490a-82ae-e6c7864ae8f5" storage="TestAssembly.dll">
      <Execution id="3c77a862-3612-42f9-ab59-0454e6025a39" />
      <TestMethod codeBase="TestAssembly.dll" className="TestNamespace.TestClass9" name="Test7585" />
    </UnitTest>
    <UnitTest name="Test7586" id="bbca272e-90b3-4187-b34a-b1d5a1d772e4" storage="TestAssembly.dll">
      <Execution id="0e0aa8f0-ce1c-4b7b-99e9-e0ea89f3e980" />
      <TestMethod codeBase="TestAssembly.dll" className="TestNamespace.TestClass9" name="Test7586" />
    </UnitTest>
    <UnitTest name="Test7587" id="59306d6a-390f-4386-98ce-7bf5471c20c9" storage="TestAssembly.dll">
      <Execution id="d51a77c0-1765-4005-9ebc-46dfb47e0095" />
      <TestMethod codeBase="TestAssembly.dll" className="TestNamespace.TestClass9" name="Test7587" />
    </UnitTest>
    <UnitTest name="Test7588" id="75aa0a88-491b-4ee8-b7ab-6ec767e4b4c2" storage="TestAssembly.dll">
      <Execution id="aa5eb986-627d-469f-b624-bff4ca3a9e38" />
      <TestMethod codeBase="TestAssembly.dll" className="TestNamespace.TestClass9" name="Test7588" />
    </UnitTest>
    <UnitTest name="Test7589" id="e51af324-c066-4758-8754-bda27aa9ebb7" storage="TestAssembly.dll">
      <Execution id="ac774d23-3a83-45ba-8b8f-64033da724fe" />
      <TestMethod codeBase="TestAssembly.dll" className="TestNamespace.TestClass9" name="Test7589" />
    </UnitTest>
    <UnitTest name="Test7590" id="633c8d33-fd44-4f5b-aa87-eb3963f6ec89" storage="TestAssembly.dll">
      <Execution id="d039e0fa-c1cc-4e7c-854f-6963aece8293" />
      <TestMethod codeBase="TestAssembly.dll" className="TestNamespace.TestClass9" name="Test7590" />
    </UnitTest>
    <UnitTest name="Test7591" id="db0aab09-3e18-4b8a-a435-c5db60aa0170" storage="TestAssembly.dll">
      <Execution id="362934f6-c37b-4296-aa82-90f102fe4408" />
      <TestMethod codeBase="TestAssembly.dll" className="TestNamespace.TestClass10" name="Test7591" />
    </UnitTest>
    <UnitTest name="Test7592" id="8d0f8f3c-1ae8-4d23-a094-18712b81df4f" storage="TestAssembly.dll">
      <Execution id="6cc2dd5b-1da9-4a26-a2ae-74866171d523" />
      <TestMethod codeBase="TestAssembly.dll" className="TestNamespace.TestClass10" name="Test7592" />
    </UnitTest>
    <UnitTest name="Test7593" id="fae68dc0-e81d-4461-a7e4-29ed6cc71169" storage="TestAssembly.dll">
      <Execution id="525a0981-3037-496f-b8d3-553472d99635" />
      <TestMethod codeBase="TestAssembly.dll" className="TestNamespace.TestClass10" name="Test7593" />
    </UnitTest>
    <UnitTest name="Test7594" id="25c3c1fa-e353-4665-9ce2-8b8f7a96fc4f" storage="TestAssembly.dll">
      <Execution id="a57928a1-2a3b-4cfc-bfdb-3ce201a6203c" />
      <TestMethod codeBase="TestAssembly.dll" className="TestNamespace.TestClass10" name="Test7594" />
    </UnitTest>
    <UnitTest name="Test7595" id="ff02175e-08c2-424e-88fd-9b06aff53341" storage="TestAssembly.dll">
      <Execution id="2859d822-6f2c-4f61-94c4-aa885fb0c6a8" />
      <TestMethod codeBase="TestAssembly.dll" className="TestNamespace.TestClass10" name="Test7595" />
    </UnitTest>
    <UnitTest name="Test7596" id="20608fce-b996-4fe3-90b5-ea54219da755" storage="TestAssembly.dll">
      <Execution id="88811156-b16e-4507-874a-30813cfeae2b" />
      <TestMethod codeBase="TestAssembly.dll" className="TestNamespace.TestClass10" name="Test7596" />
    </UnitTest>
    <UnitTest name="Test7597" id="403eb3fe-327d-4ab8-bb73-3f37b5d6eb4c" storage="TestAssembly.dll">
      <Execution id="26976102-b444-4b9e-8fd0-10cb22c223a1" />
      <TestMethod codeBase="TestAssembly.dll" className="TestNamespace.TestClass10" name="Test7597" />
    </UnitTest>
    <UnitTest name="Test7598" id="0fa45647-d5cf-4128-ad2e-998d69762f79" storage="TestAssembly.dll">
      <Execution id="c5fe525e-7f7c-4722-bd51-df015a1b8d81" />
      <TestMethod codeBase="TestAssembly.dll" className="TestNamespace.TestClass10" name="Test7598" />
    </UnitTest>
    <UnitTest name="Test7599" id="f0ae2aee-9e9d-40df-8500-7ae90aa30010" storage="TestAssembly.dll">
      <Execution id="bd620861-9d96-4285-b1ed-9878dcd7b658" />
      <TestMethod codeBase="TestAssembly.dll" className="TestNamespace.TestClass10" name="Test7599" />
    </UnitTest>
    <UnitTest name="Test7600" id="e008d848-c795-4cec-a029-3a9eb0c38008" storage="TestAssembly.dll">
      <Execution id="a66ab76a-8d79-463e-8354-36e363fa0e80" />
      <TestMethod codeBase="TestAssembly.dll" className="TestNamespace.TestClass10" name="Test7600" />
    </UnitTest>
  </TestDefinitions>
  <TestEntries>
    <TestEntry testId="c60690b8-7bb4-4c04-b933-13e5e96f73c2" executionId="5d09114d-87ab-43c8-81c2-7a6f09849c89" testListId="6b917887-f880-456a-8cf2-ff5366d51484" />
    <TestEntry testId="94df2d33-fc98-416b-b14e-90ec58e68383" executionId="577a9b57-d4b4-410b-8f7c-5ac2d63b3691" testListId="6b917887-f880-456a-8cf2-ff5366d51484" />
    <TestEntry testId="27e275be-ff52-4c31-b1ef-01bfbf6960e7" executionId="f4a8c97f-ed36-4b08-887f-29ef7c6ff353" testListId="6b917887-f880-456a-8cf2-ff5366d51484" />
    <TestEntry testId="7697a497-184b-47fa-ace0-38f2690cb94e" executionId="ae6b0c33-3c73-4ca5-93f6-836454ba57ce" testListId="6b917887-f880-456a-8cf2-ff5366d51484" />
    <TestEntry testId="e96e71c3-ac54-4ff0-848c-4a64c59322ef" executionId="e05223b8-d47d-4548-a717-5e0af6e61aa2" testListId="6b917887-f880-456a-8cf2-ff5366d51484" />
    <TestEntry testId="b71c4a4c-c002-4ab5-ad4b-a8b971fbdc1c" executionId="28cbd86c-19b4-418b-b9b3-82b53bf220e0" testListId="6b917887-f880-456a-8cf2-ff5366d51484" />
    <TestEntry testId="0796f85f-a21a-4786-972c-12c0ccda706d" executionId="50828e3e-ed6b-40b2-b056-e7eb948d47fe" testListId="6b917887-f880-456a-8cf2-ff5366d51484" />
    <TestEntry testId="62b4abdf-9775-4fcb-8fbc-811684eecc6f" executionId="8ff97467-0a44-4baa-91f7-628dfd311b1c" testListId="6b917887-f880-456a-8cf2-ff5366d51484" />
    <TestEntry testId="13048839-bc3b-474c-ba5a-338209531fe8" executionId="62c924e1-bae7-48ca-86a3-09a3e0bb5a38" testListId="6b917887-f880-456a-8cf2-ff5366d51484" />
    <TestEntry testId="0ff0ffeb-c53f-413e-b909-84bbf009b2ef" executionId="b19c6bda-5d2f-4a66-8c57-f9bb831e45d5" testListId="6b917887-f880-456a-8cf2-ff5366d51484" />
    <TestEntry testId="81a7a1e5-06a3-42a6-90e8-732f65cf5022" executionId="3aed1350-93cb-4758-a3b9-ae8bee3ff5e8" testListId="6b917887-f880-456a-8cf2-ff5366d51484" />
    <TestEntry testId="5e13dfdf-73b8-4002-bf6c-906e473c0371" executionId="da69ec9a-ec8a-4641-b02c-3ce0431af379" testListId="6b917887-f880-456a-8cf2-ff5366d51484" />
    <TestEntry testId="58cc0c15-ae21-4a13-b885-998912ca6fa4" executionId="24b4a785-8240-4813-8cae-6d3f0c6134f1" testListId="6b917887-f880-456a-8cf2-ff5366d51484" />
    <TestEntry testId="2e229a16-d3a0-4629-a2a4-b4675f14bfd3" executionId="8f583830-8e01-4c17-a30a-3d65fe2f851d" testListId="6b917887-f880-456a-8cf2-ff5366d51484" />
    <TestEntry testId="b1b9b803-1d21-413c-ba6f-4c17aa7c222e" executionId="fd1553a8-7de2-4667-b822-60a0411e6b88" testListId="6b917887-f880-456a-8cf2-ff5366d51484" />
    <TestEntry testId="d37e6676-e824-4ec8-b5ff-fe14a6155a81" executionId="044a14e7-23e4-4883-90f1-bea4e97821bd" testListId="6b917887-f880-456a-8cf2-ff5366d51484" />
    <TestEntry testId="b1465878-c80e-404d-b6a8-84b11bbfda31" executionId="272b99f2-0893-4730-947a-174ae45a4423" testListId="6b917887-f880-456a-8cf2-ff5366d51484" />
    <TestEntry testId="bde4460d-29e8-453d-a766-9316d207fa77" executionId="1fbe1bdc-6302-4c41-8e93-7f16c6f45dce" testListId="6b917887-f880-456a-8cf2-ff5366d51484" />
    <TestEntry testId="52e6975e-9079-4b3d-80e9-8a35daa8e060" executionId="6073ea99-3719-43ac-9bcc-e9705715c533" testListId="6b917887-f880-456a-8cf2-ff5366d51484" />
    <TestEntry testId="044ce6b5-eea5-4916-9e39-c97ffa61ad2e" executionId="10e60ace-010a-4e52-a6dc-890e9eb05687" testListId="6b917887-f880-456a-8cf2-ff5366d51484" />
    <TestEntry testId="9885d277-fdbc-4a18-a7a0-ef8c103b3e77" executionId="94128be9-7618-4cac-bca3-7c0ddcb3fc50" testListId="6b917887-f880-456a-8cf2-ff5366d51484" />
    <TestEntry testId="03f5cf02-29cd-42ec-b38c-d3020f1a3a3d" executionId="c4cce6cd-d8d8-45a1-a7d1-8eb9d4946d7f" testListId="6b917887-f880-456a-8cf2-ff5366d51484" />
    <TestEntry testId="bd254ca8-6e1b-428e-96f3-d18661ee73e6" executionId="8e46b8ea-9820-4cba-a1e9-93874f4e9a06" testListId="6b917887-f880-456a-8cf2-ff5366d51484" />
    <TestEntry testId="ccf0ec65-6bf6-46f3-b05f-bf189e2dabd7" executionId="11a4cf50-4963-4b62-9a8c-77064893e06b" testListId="6b917887-f880-456a-8cf2-ff5366d51484" />
    <TestEntry testId="cb2346ad-6d31-48ec-b646-27fadd6debfb" executionId="45a521fc-7b22-4762-86dd-973c08349511" testListId="6b917887-f880-456a-8cf2-ff5366d51484" />
    <TestEntry testId="6697d39f-ed9f-4c23-9058-7532ce4c4712" executionId="27b9281c-be82-4b6c-ad2b-05f00d2cde5a" testListId="6b917887-f880-456a-8cf2-ff5366d51484" />
    <TestEntry testId="9f82ca2f-fe31-4a42-8b79-9221008f6b17" executionId="dc53620e-1362-4960-9525-4e100530deb1" testListId="6b917887-f880-456a-8cf2-ff5366d51484" />
    <TestEntry testId="4e4a38a4-c6fe-41eb-a03c-a0c35dcd7d96" executionId="7def197d-f0c6-4d43-abd4-04a57eddf472" testListId="6b917887-f880-456a-8cf2-ff5366d51484" />
    <TestEntry testId="de694a8c-fb44-4ae5-8c03-9fb9be45a437" executionId="80f43dc9-9d83-4125-ae13-f64568e7bd19" testListId="6b917887-f880-456a-8cf2-ff5366d51484" />
    <TestEntry testId="ad0feaf3-6ffa-4d0c-bf73-a88482c60da7" executionId="331d032d-f739-48e4-b1dd-24ef777a4585" testListId="6b917887-f880-456a-8cf2-ff5366d51484" />
    <TestEntry testId="d500cdf1-852d-43ba-803a-e2ffb7a26af5" executionId="c92b6f17-573d-41d5-b570-0fe894e89a87" testListId="6b917887-f880-456a-8cf2-ff5366d51484" />
    <TestEntry testId="386c5ff5-ae5c-433c-a46b-980537c80e51" executionId="c3102906-1542-40ae-8e43-919a72d14ce2" testListId="6b917887-f880-456a-8cf2-ff5366d51484" />
    <TestEntry testId="babf796a-ad81-498b-bc44-99819a656efd" executionId="5922ca72-fff5-48e9-b345-4a6b22a9447f" testListId="6b917887-f880-456a-8cf2-ff5366d51484" />
    <TestEntry testId="8ee66735-f52d-424b-8a15-367aaae26f34" executionId="6ef0967b-88e2-49f7-b084-d49d01151603" testListId="6b917887-f880-456a-8cf2-ff5366d51484" />
    <TestEntry testId="f3fe0c42-8631-48fc-a2fe-c295986eb5ef" executionId="a67a9505-e669-45d8-b54b-383a7855c6ad" testListId="6b917887-f880-456a-8cf2-ff5366d51484" />
    <TestEntry testId="0d5081ec-7969-4d90-86dd-1575ba18a076" executionId="23a1b4e2-c9ba-4d1d-88bc-0704341118b0" testListId="6b917887-f880-456a-8cf2-ff5366d51484" />
    <TestEntry testId="30e71836-b93f-4f21-9ee0-008c602656f5" executionId="239124a6-6abc-45bf-86fe-32efc1d6f064" testListId="6b917887-f880-456a-8cf2-ff5366d51484" />
    <TestEntry testId="cf572aca-f095-45de-9cec-23c36d8b7f47" executionId="cd4414d1-44b4-4f9a-8fa7-49c390854312" testListId="6b917887-f880-456a-8cf2-ff5366d51484" />
    <TestEntry testId="c4479e3f-5073-401a-912f-2b8ee1959b0b" executionId="f0c8a932-eb96-4179-9d91-3a4c2709bb0d" testListId="6b917887-f880-456a-8cf2-ff5366d51484" />
    <TestEntry testId="8963041d-f233-43ad-adda-a2b0d3b82081" executionId="99a084dd-776e-48f3-a886-31c9221f8009" testListId="6b917887-f880-456a-8cf2-ff5366d51484" />
    <TestEntry testId="11772ab5-ecaf-4eee-a1b3-7da6a0ed1c66" executionId="ae303fc5-7688-485f-99a5-2d7035a595f5" testListId="6b917887-f880-456a-8cf2-ff5366d51484" />
    <TestEntry testId="3f5a0782-11b5-4f9c-b3e5-bb2ef28bd66e" executionId="7d16d753-7462-48ae-904f-0c0e4d6709d0" testListId="6b917887-f880-456a-8cf2-ff5366d51484" />
    <TestEntry testId="ab83cbec-5e92-420d-a739-1f691a9c46cf" executionId="6f1945f6-8385-4b63-a5aa-b32f92180dad" testListId="6b917887-f880-456a-8cf2-ff5366d51484" />
    <TestEntry testId="add8651d-71cc-4971-b8cd-3b5871db2044" executionId="458b86a0-7474-44be-9778-ff7fc3f23514" testListId="6b917887-f880-456a-8cf2-ff5366d51484" />
    <TestEntry testId="b73b9480-4e29-4b79-99de-6cb2ed593de0" executionId="34653078-15c2-4f06-ba1f-09b9ddee0e51" testListId="6b917887-f880-456a-8cf2-ff5366d51484" />
    <TestEntry testId="1ea5461a-ff7e-4f88-b19e-7df9395710b1" executionId="ff7c6119-5db5-4462-9404-d6f2273b9355" testListId="6b917887-f880-456a-8cf2-ff5366d51484" />
    <TestEntry testId="a2afcefc-8806-4db3-8810-6d9ed0d12850" executionId="11f542bd-abb4-4487-b66c-f4516e3bf923" testListId="6b917887-f880-456a-8cf2-ff5366d51484" />
    <TestEntry testId="65e371e6-61cd-4793-98b6-5c5e0532183f" executionId="5fb69e35-aa2a-4a93-8239-9daf7ced18f7" testListId="6b917887-f880-456a-8cf2-ff5366d51484" />
    <TestEntry testId="f92df8c2-0674-4076-bb72-1bd725962858" executionId="5b12c464-4a1f-4844-ada9-68566e9b3d6e" testListId="6b917887-f880-456a-8cf2-ff5366d51484" />
    <TestEntry testId="f352313e-1003-47d0-83c6-f9d5ffdb696f" executionId="2fd332cb-51fd-49e8-838f-3baf8c54c888" testListId="6b917887-f880-456a-8cf2-ff5366d51484" />
    <TestEntry testId="bd996adc-322a-4e53-8302-9c299ace6365" executionId="8fb85335-0f4b-4038-afa1-580619edf489" testListId="6b917887-f880-456a-8cf2-ff5366d51484" />
    <TestEntry testId="f9462862-37ca-42fb-acf6-32667c6f9603" executionId="ad2f44e1-0bb2-461d-9dbe-9f87d4e027ad" testListId="6b917887-f880-456a-8cf2-ff5366d51484" />
    <TestEntry testId="2d0965ac-d73a-457c-b905-5f7a50c61824" executionId="9af2fb48-72c1-483f-a8b1-9c95ead957ae" testListId="6b917887-f880-456a-8cf2-ff5366d51484" />
    <TestEntry testId="38a04d41-83c8-4b44-868a-3e02bc3c37b8" executionId="76a7101c-50c6-4a66-ae26-fae68d527ac4" testListId="6b917887-f880-456a-8cf2-ff5366d51484" />
    <TestEntry testId="1390d431-d34f-4ca0-8295-eaddeb5c205a" executionId="4c0e012e-3c78-4195-9718-8e0dfa94263e" testListId="6b917887-f880-456a-8cf2-ff5366d51484" />
    <TestEntry testId="f82f647d-6758-4b16-a430-d83f630f55fe" executionId="0e562ef6-5207-4951-a9b6-0afc92f87c5f" testListId="6b917887-f880-456a-8cf2-ff5366d51484" />
    <TestEntry testId="2bfd89d5-dbb8-40a6-a566-eab7ca167955" executionId="e96310c8-6ddf-4da2-8433-c045cccf0abc" testListId="6b917887-f880-456a-8cf2-ff5366d51484" />
    <TestEntry testId="7ed2f562-33bd-4714-adea-a1d982ba25d5" executionId="1ebc51aa-f2b2-4d6e-aa56-44a5d1a7f9f5" testListId="6b917887-f880-456a-8cf2-ff5366d51484" />
    <TestEntry testId="4bd040db-5cf6-4527-a403-3720f260c54b" executionId="60e58682-048b-4eea-be46-ed201d7d0609" testListId="6b917887-f880-456a-8cf2-ff5366d51484" />
    <TestEntry testId="7b831a88-f696-4043-9290-341b9a9d7bd4" executionId="ca470814-689a-42a9-8def-515f9ddf9003" testListId="6b917887-f880-456a-8cf2-ff5366d51484" />
    <TestEntry testId="2c8cba45-b1da-4808-a416-f204570b6ed4" executionId="e51c14a3-2e06-4076-9b0d-fa591c926fa9" testListId="6b917887-f880-456a-8cf2-ff5366d51484" />
    <TestEntry testId="2466caa2-4ce3-49b2-840b-734b0ff31ec3" executionId="3c57def8-96d8-4f22-92d1-b68288e93fa8" testListId="6b917887-f880-456a-8cf2-ff5366d51484" />
    <TestEntry testId="bcdef6aa-7d43-4652-a6c1-7edc470ca521" executionId="e6d51ad2-c6c1-4048-b808-e163a79aa4ce" testListId="6b917887-f880-456a-8cf2-ff5366d51484" />
    <TestEntry testId="95a5dc9e-ff87-426d-8d1d-fbe2379f0e5a" executionId="b70f709a-b004-469c-960a-9c12dda2d44a" testListId="6b917887-f880-456a-8cf2-ff5366d51484" />
    <TestEntry testId="443e0627-5f6b-4810-aedd-3bcd6abb6838" executionId="4003f332-c7e2-42a5-8ffd-60dbd3c88008" testListId="6b917887-f880-456a-8cf2-ff5366d51484" />
    <TestEntry testId="bd5a8643-07b3-4cbc-99ce-92119d188f0e" executionId="5e013465-07bf-48b0-8e05-676e0244a9f3" testListId="6b917887-f880-456a-8cf2-ff5366d51484" />
    <TestEntry testId="7abf3ad3-dc52-48a1-991a-0d33f84a5f15" executionId="da438c22-9330-4b93-898e-5199daafc5c6" testListId="6b917887-f880-456a-8cf2-ff5366d51484" />
    <TestEntry testId="fb9ce320-2f84-47c4-835d-8d5d92f2c0c6" executionId="a37cfdf9-75ee-410f-a48f-bbb3f802a2b0" testListId="6b917887-f880-456a-8cf2-ff5366d51484" />
    <TestEntry testId="1513a8ae-fb02-4938-a58f-624af4756e0e" executionId="c12af19d-a079-4589-a9a6-aa46475c2cfc" testListId="6b917887-f880-456a-8cf2-ff5366d51484" />
    <TestEntry testId="b8242261-e1fc-42ee-a429-c91569c042f5" executionId="1dfa411e-c08a-4dd4-9cbd-eb6aef7ab5ed" testListId="6b917887-f880-456a-8cf2-ff5366d51484" />
    <TestEntry testId="0f0c05a1-2cc9-4b90-8180-41080f546f40" executionId="7a4a8105-dff2-4b20-9744-5f9bb757e67c" testListId="6b917887-f880-456a-8cf2-ff5366d51484" />
    <TestEntry testId="1b2ab4cf-9b8c-4753-8451-b703bfbecb4f" executionId="347d209a-e430-47e5-a086-fc130861a2dd" testListId="6b917887-f880-456a-8cf2-ff5366d51484" />
    <TestEntry testId="aa3bdeb3-47a9-4550-8b12-738e3f90d48f" executionId="073c16dc-16ab-46a3-a647-bd7848a35b86" testListId="6b917887-f880-456a-8cf2-ff5366d51484" />
    <TestEntry testId="ef9eed37-24e2-4005-aa2e-97417e102466" executionId="fb34701d-31c1-47e2-85dc-f093181b63e0" testListId="6b917887-f880-456a-8cf2-ff5366d51484" />
    <TestEntry testId="12f52008-163d-4d47-989f-1ac94d1b47c3" executionId="2042ad2f-7176-4401-b711-1ddc5652ed52" testListId="6b917887-f880-456a-8cf2-ff5366d51484" />
    <TestEntry testId="6d2787ff-5b22-43ed-b0cb-c1b0a1b545dc" executionId="35c31340-8e79-4bf5-82e3-79967c7a6866" testListId="6b917887-f880-456a-8cf2-ff5366d51484" />
    <TestEntry testId="7ffe4d1e-9c78-42a0-b0a5-bc1f25ea2440" executionId="80485a35-6f7c-4b62-9f0f-de1c608beeba" testListId="6b917887-f880-456a-8cf2-ff5366d51484" />
    <TestEntry testId="0f76d7a5-eb7e-43b9-a81e-7f27e5ccd11b" executionId="d00356e2-988f-44df-88c2-692d94f33118" testListId="6b917887-f880-456a-8cf2-ff5366d51484" />
    <TestEntry testId="b82684b6-5483-4ff6-bc02-c70661f13140" executionId="10779e7f-c4b6-4098-b9f6-47a4e099ccac" testListId="6b917887-f880-456a-8cf2-ff5366d51484" />
    <TestEntry testId="aa1f6c41-4484-4754-9a63-74e75a2e2aaa" executionId="1e78b6ac-cf3c-462b-86ce-eb7037987ab8" testListId="6b917887-f880-456a-8cf2-ff5366d51484" />
    <TestEntry testId="305c1678-03b6-4d31-98c0-7ea53c50ba53" executionId="e33fb1fb-562b-476b-b4f5-fde9bec0c08e" testListId="6b917887-f880-456a-8cf2-ff5366d51484" />
    <TestEntry testId="fc4243a5-926e-4143-8dc2-9d38624e9409" executionId="3dc6665e-0c13-46a1-a5be-dac6ece714d3" testListId="6b917887-f880-456a-8cf2-ff5366d51484" />
    <TestEntry testId="a4b23d33-50e4-4869-951e-12b02b1748e9" executionId="117da41f-96a9-40d6-98ba-3a1c6f7236e5" testListId="6b917887-f880-456a-8cf2-ff5366d51484" />
    <TestEntry testId="9f0e9a5d-645c-45d7-a8bf-59d8e8366f6c" executionId="05125148-e59c-4ceb-aeba-6b369fa44d06" testListId="6b917887-f880-456a-8cf2-ff5366d51484" />
    <TestEntry testId="d2735234-8a28-490a-82ae-e6c7864ae8f5" executionId="3c77a862-3612-42f9-ab59-0454e6025a39" testListId="6b917887-f880-456a-8cf2-ff5366d51484" />
    <TestEntry testId="bbca272e-90b3-4187-b34a-b1d5a1d772e4" executionId="0e0aa8f0-ce1c-4b7b-99e9-e0ea89f3e980" testListId="6b917887-f880-456a-8cf2-ff5366d51484" />
    <TestEntry testId="59306d6a-390f-4386-98ce-7bf5471c20c9" executionId="d51a77c0-1765-4005-9ebc-46dfb47e0095" testListId="6b917887-f880-456a-8cf2-ff5366d51484" />
    <TestEntry testId="75aa0a88-491b-4ee8-b7ab-6ec767e4b4c2" executionId="aa5eb986-627d-469f-b624-bff4ca3a9e38" testListId="6b917887-f880-456a-8cf2-ff5366d51484" />
    <TestEntry testId="e51af324-c066-4758-8754-bda27aa9ebb7" executionId="ac774d23-3a83-45ba-8b8f-64033da724fe" testListId="6b917887-f880-456a-8cf2-ff5366d51484" />
    <TestEntry testId="633c8d33-fd44-4f5b-aa87-eb3963f6ec89" executionId="d039e0fa-c1cc-4e7c-854f-6963aece8293" testListId="6b917887-f880-456a-8cf2-ff5366d51484" />
    <TestEntry testId="db0aab09-3e18-4b8a-a435-c5db60aa0170" executionId="362934f6-c37b-4296-aa82-90f102fe4408" testListId="6b917887-f880-456a-8cf2-ff5366d51484" />
    <TestEntry testId="8d0f8f3c-1ae8-4d23-a094-18712b81df4f" executionId="6cc2dd5b-1da9-4a26-a2ae-74866171d523" testListId="6b917887-f880-456a-8cf2-ff5366d51484" />
    <TestEntry testId="fae68dc0-e81d-4461-a7e4-29ed6cc71169" executionId="525a0981-3037-496f-b8d3-553472d99635" testListId="6b917887-f880-456a-8cf2-ff5366d51484" />
    <TestEntry testId="25c3c1fa-e353-4665-9ce2-8b8f7a96fc4f" executionId="a57928a1-2a3b-4cfc-bfdb-3ce201a6203c" testListId="6b917887-f880-456a-8cf2-ff5366d51484" />
    <TestEntry testId="ff02175e-08c2-424e-88fd-9b06aff53341" executionId="2859d822-6f2c-4f61-94c4-aa885fb0c6a8" testListId="6b917887-f880-456a-8cf2-ff5366d51484" />
    <TestEntry testId="20608fce-b996-4fe3-90b5-ea54219da755" executionId="88811156-b16e-4507-874a-30813cfeae2b" testListId="6b917887-f880-456a-8cf2-ff5366d51484" />
    <TestEntry testId="403eb3fe-327d-4ab8-bb73-3f37b5d6eb4c" executionId="26976102-b444-4b9e-8fd0-10cb22c223a1" testListId="6b917887-f880-456a-8cf2-ff5366d51484" />
    <TestEntry testId="0fa45647-d5cf-4128-ad2e-998d69762f79" executionId="c5fe525e-7f7c-4722-bd51-df015a1b8d81" testListId="6b917887-f880-456a-8cf2-ff5366d51484" />
    <TestEntry testId="f0ae2aee-9e9d-40df-8500-7ae90aa30010" executionId="bd620861-9d96-4285-b1ed-9878dcd7b658" testListId="6b917887-f880-456a-8cf2-ff5366d51484" />
    <TestEntry testId="e008d848-c795-4cec-a029-3a9eb0c38008" executionId="a66ab76a-8d79-463e-8354-36e363fa0e80" testListId="6b917887-f880-456a-8cf2-ff5366d51484" />
  </TestEntries>
  <TestLists>
    <TestList name="Results Not in a List" id="6b917887-f880-456a-8cf2-ff5366d51484" />
    <TestList name="All Loaded Results" id="10d53579-738c-4641-a007-79d283d072cb" />
  </TestLists>
</TestRun>