<?xml version="1.0" encoding="UTF-8"?>
<TestRun id="7b27d392-a484-403f-915d-3f25fb421df8" name="Test Run 50" runUser="Oles Galatsan" xmlns="http://microsoft.com/schemas/VisualStudio/TeamTest/2010">
  <Times creation="2025-05-14T13:20:31.3125482Z" queuing="2025-05-14T13:20:31.3125482Z" start="2025-05-14T13:20:31.3146610Z" finish="2025-05-14T13:25:31.3147553Z" />
  <TestSettings name="Test Settings 50" id="577b6eff-4c17-4bce-acf9-4d38f82105cf" />
  <Results>
    <UnitTestResult executionId="4e23a700-9817-4c05-89dd-1567cb765c03" testId="915030a2-6aea-4c03-a8b1-5cd1e83c0239" testName="Test4901" computerName="UA-LPT-OGA2" duration="00:00:00.3440000" startTime="2025-05-14T13:20:31.3146610Z" endTime="2025-05-14T13:25:31.3147553Z" testType="13cdc9d9-ddb5-4fa4-a97d-d965ccfc6d4b" outcome="Passed" testListId="b55845df-9185-44b6-bbb4-c563401d02a6" />
    <UnitTestResult executionId="868718d7-7525-4639-b928-fd50b13e5bec" testId="3dc41c74-7818-4964-8e8d-441bc92e7a6d" testName="Test4902" computerName="UA-LPT-OGA2" duration="00:00:01.2250000" startTime="2025-05-14T13:20:31.3146610Z" endTime="2025-05-14T13:25:31.3147553Z" testType="13cdc9d9-ddb5-4fa4-a97d-d965ccfc6d4b" outcome="Passed" testListId="b55845df-9185-44b6-bbb4-c563401d02a6" />
    <UnitTestResult executionId="14b3f224-a641-420e-9f09-503e222ca408" testId="b1419c8a-e975-49bf-a72f-8d61716f10a3" testName="Test4903" computerName="UA-LPT-OGA2" duration="00:00:00.6510000" startTime="2025-05-14T13:20:31.3146610Z" endTime="2025-05-14T13:25:31.3147553Z" testType="13cdc9d9-ddb5-4fa4-a97d-d965ccfc6d4b" outcome="Failed" testListId="b55845df-9185-44b6-bbb4-c563401d02a6">
      <Output>
        <ErrorInfo>
          <Message>Assertion failed: Expected value did not match actual value.</Message>
          <StackTrace>   at TestNamespace.TestClass.Test() in TestClass.cs:line 363</StackTrace>
        </ErrorInfo>
      </Output>
    </UnitTestResult>
    <UnitTestResult executionId="ce6823eb-cc69-4129-b0a1-f597b7bb8f77" testId="bf231dd8-a5b3-4ccb-a3dd-ca80a6b5e606" testName="Test4904" computerName="UA-LPT-OGA2" duration="00:00:01.0320000" startTime="2025-05-14T13:20:31.3146610Z" endTime="2025-05-14T13:25:31.3147553Z" testType="13cdc9d9-ddb5-4fa4-a97d-d965ccfc6d4b" outcome="Failed" testListId="b55845df-9185-44b6-bbb4-c563401d02a6">
      <Output>
        <ErrorInfo>
          <Message>Assertion failed: Expected value did not match actual value.</Message>
          <StackTrace>   at TestNamespace.TestClass.Test() in TestClass.cs:line 431</StackTrace>
        </ErrorInfo>
      </Output>
    </UnitTestResult>
    <UnitTestResult executionId="3c3f989b-7214-4f23-b49f-c98c2529c3f6" testId="443213b3-01a1-4c8d-bc29-dabf1bc43932" testName="Test4905" computerName="UA-LPT-OGA2" duration="00:00:01.6430000" startTime="2025-05-14T13:20:31.3146610Z" endTime="2025-05-14T13:25:31.3147553Z" testType="13cdc9d9-ddb5-4fa4-a97d-d965ccfc6d4b" outcome="Passed" testListId="b55845df-9185-44b6-bbb4-c563401d02a6" />
    <UnitTestResult executionId="c04cb2fe-266a-4b10-b4c6-760945d70255" testId="6848a431-dbfc-44d1-83aa-a88e00c073a1" testName="Test4906" computerName="UA-LPT-OGA2" duration="00:00:01.4980000" startTime="2025-05-14T13:20:31.3146610Z" endTime="2025-05-14T13:25:31.3147553Z" testType="13cdc9d9-ddb5-4fa4-a97d-d965ccfc6d4b" outcome="Passed" testListId="b55845df-9185-44b6-bbb4-c563401d02a6" />
    <UnitTestResult executionId="29bb20e4-c1e5-42ad-ad33-adf41cc69c5e" testId="6a08adaf-e96e-4300-ac95-a02115eee2ba" testName="Test4907" computerName="UA-LPT-OGA2" duration="00:00:00.8060000" startTime="2025-05-14T13:20:31.3146610Z" endTime="2025-05-14T13:25:31.3147553Z" testType="13cdc9d9-ddb5-4fa4-a97d-d965ccfc6d4b" outcome="Passed" testListId="b55845df-9185-44b6-bbb4-c563401d02a6" />
    <UnitTestResult executionId="59eb28b6-50a6-42c1-b6a3-2ac2d1afe9ae" testId="1ebabd67-d60d-443c-adb8-dc601bb4971b" testName="Test4908" computerName="UA-LPT-OGA2" duration="00:00:00.2730000" startTime="2025-05-14T13:20:31.3146610Z" endTime="2025-05-14T13:25:31.3147553Z" testType="13cdc9d9-ddb5-4fa4-a97d-d965ccfc6d4b" outcome="Passed" testListId="b55845df-9185-44b6-bbb4-c563401d02a6" />
    <UnitTestResult executionId="2eb377e9-4ea6-4540-ac9f-b714bb4edb38" testId="6076e28b-6335-46d5-8a14-95a49753a8af" testName="Test4909" computerName="UA-LPT-OGA2" duration="00:00:01.6920000" startTime="2025-05-14T13:20:31.3146610Z" endTime="2025-05-14T13:25:31.3147553Z" testType="13cdc9d9-ddb5-4fa4-a97d-d965ccfc6d4b" outcome="Passed" testListId="b55845df-9185-44b6-bbb4-c563401d02a6" />
    <UnitTestResult executionId="0c51a01a-2944-4670-925e-d1725870bbea" testId="521443d1-9418-40ee-8fc0-53495061fc50" testName="Test4910" computerName="UA-LPT-OGA2" duration="00:00:00.1730000" startTime="2025-05-14T13:20:31.3146610Z" endTime="2025-05-14T13:25:31.3147553Z" testType="13cdc9d9-ddb5-4fa4-a97d-d965ccfc6d4b" outcome="Passed" testListId="b55845df-9185-44b6-bbb4-c563401d02a6" />
    <UnitTestResult executionId="04b91009-57e2-4ddb-8d0c-70bae56102d1" testId="ea5d413c-a6f5-4fa5-b2c4-b148b1939dee" testName="Test4911" computerName="UA-LPT-OGA2" duration="00:00:01.7840000" startTime="2025-05-14T13:20:31.3146610Z" endTime="2025-05-14T13:25:31.3147553Z" testType="13cdc9d9-ddb5-4fa4-a97d-d965ccfc6d4b" outcome="Passed" testListId="b55845df-9185-44b6-bbb4-c563401d02a6" />
    <UnitTestResult executionId="6c57b0fc-cd83-4f08-bf8e-dfd2837f0664" testId="e6c4b8c7-11eb-4eca-8a43-681d3e81eb9e" testName="Test4912" computerName="UA-LPT-OGA2" duration="00:00:00.7390000" startTime="2025-05-14T13:20:31.3146610Z" endTime="2025-05-14T13:25:31.3147553Z" testType="13cdc9d9-ddb5-4fa4-a97d-d965ccfc6d4b" outcome="Passed" testListId="b55845df-9185-44b6-bbb4-c563401d02a6" />
    <UnitTestResult executionId="7b1e997b-9e84-4ceb-88c6-3ad49b4794f1" testId="a134df26-b342-4490-a5d7-265539433c51" testName="Test4913" computerName="UA-LPT-OGA2" duration="00:00:00.9630000" startTime="2025-05-14T13:20:31.3146610Z" endTime="2025-05-14T13:25:31.3147553Z" testType="13cdc9d9-ddb5-4fa4-a97d-d965ccfc6d4b" outcome="Passed" testListId="b55845df-9185-44b6-bbb4-c563401d02a6" />
    <UnitTestResult executionId="7b7318c7-d625-4e64-bfb3-80733e12aba6" testId="6f36e9f3-fd84-488f-afd5-b9fddfe52bfa" testName="Test4914" computerName="UA-LPT-OGA2" duration="00:00:01.9780000" startTime="2025-05-14T13:20:31.3146610Z" endTime="2025-05-14T13:25:31.3147553Z" testType="13cdc9d9-ddb5-4fa4-a97d-d965ccfc6d4b" outcome="Passed" testListId="b55845df-9185-44b6-bbb4-c563401d02a6" />
    <UnitTestResult executionId="0403a1f3-5852-4748-853a-dc2bcaf68314" testId="4944db5e-aee9-4fd5-93ea-06aa7145f3df" testName="Test4915" computerName="UA-LPT-OGA2" duration="00:00:00.1620000" startTime="2025-05-14T13:20:31.3146610Z" endTime="2025-05-14T13:25:31.3147553Z" testType="13cdc9d9-ddb5-4fa4-a97d-d965ccfc6d4b" outcome="Passed" testListId="b55845df-9185-44b6-bbb4-c563401d02a6" />
    <UnitTestResult executionId="b04a425b-4a72-4b70-806e-3d4587f0b186" testId="7f87c2a1-5d15-4848-8183-fd568d025732" testName="Test4916" computerName="UA-LPT-OGA2" duration="00:00:01.3980000" startTime="2025-05-14T13:20:31.3146610Z" endTime="2025-05-14T13:25:31.3147553Z" testType="13cdc9d9-ddb5-4fa4-a97d-d965ccfc6d4b" outcome="Passed" testListId="b55845df-9185-44b6-bbb4-c563401d02a6" />
    <UnitTestResult executionId="6483360d-df45-4552-ab1a-cabb7a45b65a" testId="30074e43-3101-47df-a4e1-3a1f17cdcbd9" testName="Test4917" computerName="UA-LPT-OGA2" duration="00:00:01.6210000" startTime="2025-05-14T13:20:31.3146610Z" endTime="2025-05-14T13:25:31.3147553Z" testType="13cdc9d9-ddb5-4fa4-a97d-d965ccfc6d4b" outcome="Passed" testListId="b55845df-9185-44b6-bbb4-c563401d02a6" />
    <UnitTestResult executionId="ffc19f1a-22dc-4958-8f9c-37e922b5283e" testId="babc5182-a541-4d6a-bfb4-5c5553248f3c" testName="Test4918" computerName="UA-LPT-OGA2" duration="00:00:01.8570000" startTime="2025-05-14T13:20:31.3146610Z" endTime="2025-05-14T13:25:31.3147553Z" testType="13cdc9d9-ddb5-4fa4-a97d-d965ccfc6d4b" outcome="Passed" testListId="b55845df-9185-44b6-bbb4-c563401d02a6" />
    <UnitTestResult executionId="4a4ad662-68fa-4917-8316-0031858fadb7" testId="f749e159-8fd5-4489-afa1-e49dd5f03352" testName="Test4919" computerName="UA-LPT-OGA2" duration="00:00:00.3600000" startTime="2025-05-14T13:20:31.3146610Z" endTime="2025-05-14T13:25:31.3147553Z" testType="13cdc9d9-ddb5-4fa4-a97d-d965ccfc6d4b" outcome="Passed" testListId="b55845df-9185-44b6-bbb4-c563401d02a6" />
    <UnitTestResult executionId="46840ba8-4f32-42d1-8831-93c7993df2e3" testId="931ba1cd-944d-45eb-b329-46a280518a8f" testName="Test4920" computerName="UA-LPT-OGA2" duration="00:00:01.1200000" startTime="2025-05-14T13:20:31.3146610Z" endTime="2025-05-14T13:25:31.3147553Z" testType="13cdc9d9-ddb5-4fa4-a97d-d965ccfc6d4b" outcome="Passed" testListId="b55845df-9185-44b6-bbb4-c563401d02a6" />
    <UnitTestResult executionId="03176f98-a1a3-47e4-9c45-54cede23c1cb" testId="38d6979f-080b-4ed2-8c91-7b183e2f98eb" testName="Test4921" computerName="UA-LPT-OGA2" duration="00:00:00.1390000" startTime="2025-05-14T13:20:31.3146610Z" endTime="2025-05-14T13:25:31.3147553Z" testType="13cdc9d9-ddb5-4fa4-a97d-d965ccfc6d4b" outcome="Passed" testListId="b55845df-9185-44b6-bbb4-c563401d02a6" />
    <UnitTestResult executionId="33690ec2-a8a5-44e2-af34-b002697b8f06" testId="2d2d8b34-2a99-4f05-9b0d-4f21624b206e" testName="Test4922" computerName="UA-LPT-OGA2" duration="00:00:01.5120000" startTime="2025-05-14T13:20:31.3146610Z" endTime="2025-05-14T13:25:31.3147553Z" testType="13cdc9d9-ddb5-4fa4-a97d-d965ccfc6d4b" outcome="Passed" testListId="b55845df-9185-44b6-bbb4-c563401d02a6" />
    <UnitTestResult executionId="5c5c3895-e3cb-48a3-9583-ae16d2515a24" testId="b3527778-66ea-4864-b36b-a89783a1222e" testName="Test4923" computerName="UA-LPT-OGA2" duration="00:00:01.7800000" startTime="2025-05-14T13:20:31.3146610Z" endTime="2025-05-14T13:25:31.3147553Z" testType="13cdc9d9-ddb5-4fa4-a97d-d965ccfc6d4b" outcome="Passed" testListId="b55845df-9185-44b6-bbb4-c563401d02a6" />
    <UnitTestResult executionId="902b4f8d-55ff-42d5-99bf-56da439c1426" testId="eb19c220-0c87-4405-8a84-706cb6e22ee5" testName="Test4924" computerName="UA-LPT-OGA2" duration="00:00:00.2030000" startTime="2025-05-14T13:20:31.3146610Z" endTime="2025-05-14T13:25:31.3147553Z" testType="13cdc9d9-ddb5-4fa4-a97d-d965ccfc6d4b" outcome="Passed" testListId="b55845df-9185-44b6-bbb4-c563401d02a6" />
    <UnitTestResult executionId="61c20f56-3497-40a9-bd62-103ade44a2e1" testId="d14e9e42-730f-47a8-bba9-20501c384b90" testName="Test4925" computerName="UA-LPT-OGA2" duration="00:00:00.9440000" startTime="2025-05-14T13:20:31.3146610Z" endTime="2025-05-14T13:25:31.3147553Z" testType="13cdc9d9-ddb5-4fa4-a97d-d965ccfc6d4b" outcome="Passed" testListId="b55845df-9185-44b6-bbb4-c563401d02a6" />
    <UnitTestResult executionId="322e52c7-efeb-44af-87de-f772ed51e2e2" testId="45791260-69da-4808-8415-82ab67b6847b" testName="Test4926" computerName="UA-LPT-OGA2" duration="00:00:01.9090000" startTime="2025-05-14T13:20:31.3146610Z" endTime="2025-05-14T13:25:31.3147553Z" testType="13cdc9d9-ddb5-4fa4-a97d-d965ccfc6d4b" outcome="Passed" testListId="b55845df-9185-44b6-bbb4-c563401d02a6" />
    <UnitTestResult executionId="8f3f9826-6664-4df1-a187-5ab9039dcaef" testId="78efcf0c-419a-495a-8fc6-2f741dae8231" testName="Test4927" computerName="UA-LPT-OGA2" duration="00:00:01.4220000" startTime="2025-05-14T13:20:31.3146610Z" endTime="2025-05-14T13:25:31.3147553Z" testType="13cdc9d9-ddb5-4fa4-a97d-d965ccfc6d4b" outcome="Passed" testListId="b55845df-9185-44b6-bbb4-c563401d02a6" />
    <UnitTestResult executionId="8da8d62c-dfe8-49cb-b0e6-0d5aa5d2db23" testId="a31ae769-bc79-4cfc-8657-c0baead32d26" testName="Test4928" computerName="UA-LPT-OGA2" duration="00:00:00.0940000" startTime="2025-05-14T13:20:31.3146610Z" endTime="2025-05-14T13:25:31.3147553Z" testType="13cdc9d9-ddb5-4fa4-a97d-d965ccfc6d4b" outcome="Passed" testListId="b55845df-9185-44b6-bbb4-c563401d02a6" />
    <UnitTestResult executionId="2de8d7ca-c465-4737-a13a-7f7ab592bd11" testId="34c9f408-2c10-4f3e-b492-e937b2843bdb" testName="Test4929" computerName="UA-LPT-OGA2" duration="00:00:00.6750000" startTime="2025-05-14T13:20:31.3146610Z" endTime="2025-05-14T13:25:31.3147553Z" testType="13cdc9d9-ddb5-4fa4-a97d-d965ccfc6d4b" outcome="Passed" testListId="b55845df-9185-44b6-bbb4-c563401d02a6" />
    <UnitTestResult executionId="d3c11a70-351b-4bb4-b812-0ad5fed01e09" testId="80c28ec7-5886-4f6a-a092-abe7a51c91fa" testName="Test4930" computerName="UA-LPT-OGA2" duration="00:00:00.0930000" startTime="2025-05-14T13:20:31.3146610Z" endTime="2025-05-14T13:25:31.3147553Z" testType="13cdc9d9-ddb5-4fa4-a97d-d965ccfc6d4b" outcome="Passed" testListId="b55845df-9185-44b6-bbb4-c563401d02a6" />
    <UnitTestResult executionId="274b7644-31a5-4637-807a-ed78c291f7c7" testId="790dc5b4-dfe6-44a9-b595-ff54fbd7f183" testName="Test4931" computerName="UA-LPT-OGA2" duration="00:00:01.9580000" startTime="2025-05-14T13:20:31.3146610Z" endTime="2025-05-14T13:25:31.3147553Z" testType="13cdc9d9-ddb5-4fa4-a97d-d965ccfc6d4b" outcome="Passed" testListId="b55845df-9185-44b6-bbb4-c563401d02a6" />
    <UnitTestResult executionId="7a276c4d-9731-4cf0-a232-599c084cb3c1" testId="1735e246-2f25-4a75-98e5-4ae08a67f089" testName="Test4932" computerName="UA-LPT-OGA2" duration="00:00:01.4710000" startTime="2025-05-14T13:20:31.3146610Z" endTime="2025-05-14T13:25:31.3147553Z" testType="13cdc9d9-ddb5-4fa4-a97d-d965ccfc6d4b" outcome="Passed" testListId="b55845df-9185-44b6-bbb4-c563401d02a6" />
    <UnitTestResult executionId="390a9320-5d31-4c56-8f4f-ef03a879b608" testId="9df899d3-bf74-4586-b1e0-54e89e4c8d86" testName="Test4933" computerName="UA-LPT-OGA2" duration="00:00:01.6160000" startTime="2025-05-14T13:20:31.3146610Z" endTime="2025-05-14T13:25:31.3147553Z" testType="13cdc9d9-ddb5-4fa4-a97d-d965ccfc6d4b" outcome="Passed" testListId="b55845df-9185-44b6-bbb4-c563401d02a6" />
    <UnitTestResult executionId="d24a4562-5d0f-4007-834a-243e8636d75c" testId="4ecbdea0-37c3-4aa4-935c-f3550eba391f" testName="Test4934" computerName="UA-LPT-OGA2" duration="00:00:00.4390000" startTime="2025-05-14T13:20:31.3146610Z" endTime="2025-05-14T13:25:31.3147553Z" testType="13cdc9d9-ddb5-4fa4-a97d-d965ccfc6d4b" outcome="Passed" testListId="b55845df-9185-44b6-bbb4-c563401d02a6" />
    <UnitTestResult executionId="79e8cc26-80bf-4f60-91d4-47eb7282eedc" testId="17c91f12-3bb2-4c9e-b136-b3eccba6ea13" testName="Test4935" computerName="UA-LPT-OGA2" duration="00:00:01.8500000" startTime="2025-05-14T13:20:31.3146610Z" endTime="2025-05-14T13:25:31.3147553Z" testType="13cdc9d9-ddb5-4fa4-a97d-d965ccfc6d4b" outcome="Failed" testListId="b55845df-9185-44b6-bbb4-c563401d02a6">
      <Output>
        <ErrorInfo>
          <Message>Assertion failed: Expected value did not match actual value.</Message>
          <StackTrace>   at TestNamespace.TestClass.Test() in TestClass.cs:line 124</StackTrace>
        </ErrorInfo>
      </Output>
    </UnitTestResult>
    <UnitTestResult executionId="b6e88ba7-cf97-426c-8352-38094c8b89c5" testId="fbab6089-e35b-479a-9a23-5584fee9e264" testName="Test4936" computerName="UA-LPT-OGA2" duration="00:00:01.1720000" startTime="2025-05-14T13:20:31.3146610Z" endTime="2025-05-14T13:25:31.3147553Z" testType="13cdc9d9-ddb5-4fa4-a97d-d965ccfc6d4b" outcome="Passed" testListId="b55845df-9185-44b6-bbb4-c563401d02a6" />
    <UnitTestResult executionId="8081ed1b-b8ea-4303-9cf4-6f899bca15f6" testId="dbeee11a-8129-479b-a68d-3221be8e7ea6" testName="Test4937" computerName="UA-LPT-OGA2" duration="00:00:01.8390000" startTime="2025-05-14T13:20:31.3146610Z" endTime="2025-05-14T13:25:31.3147553Z" testType="13cdc9d9-ddb5-4fa4-a97d-d965ccfc6d4b" outcome="Passed" testListId="b55845df-9185-44b6-bbb4-c563401d02a6" />
    <UnitTestResult executionId="2b94fd7b-fd33-4f33-a086-0e7373d561d8" testId="17ec8366-9e9c-4df5-b122-b726364e03ad" testName="Test4938" computerName="UA-LPT-OGA2" duration="00:00:01.8630000" startTime="2025-05-14T13:20:31.3146610Z" endTime="2025-05-14T13:25:31.3147553Z" testType="13cdc9d9-ddb5-4fa4-a97d-d965ccfc6d4b" outcome="Passed" testListId="b55845df-9185-44b6-bbb4-c563401d02a6" />
    <UnitTestResult executionId="4975090c-d695-4e50-8379-37dd2ee3e370" testId="4288cf44-9b2f-41d4-aadc-89aeade03917" testName="Test4939" computerName="UA-LPT-OGA2" duration="00:00:01.1900000" startTime="2025-05-14T13:20:31.3146610Z" endTime="2025-05-14T13:25:31.3147553Z" testType="13cdc9d9-ddb5-4fa4-a97d-d965ccfc6d4b" outcome="Passed" testListId="b55845df-9185-44b6-bbb4-c563401d02a6" />
    <UnitTestResult executionId="e8061f36-2751-43dc-8db6-d80900b034af" testId="972dda98-bf79-4130-8d56-f6417e0a6394" testName="Test4940" computerName="UA-LPT-OGA2" duration="00:00:00.3530000" startTime="2025-05-14T13:20:31.3146610Z" endTime="2025-05-14T13:25:31.3147553Z" testType="13cdc9d9-ddb5-4fa4-a97d-d965ccfc6d4b" outcome="Passed" testListId="b55845df-9185-44b6-bbb4-c563401d02a6" />
    <UnitTestResult executionId="d769effe-0cdc-41cc-8172-95c14025d774" testId="3177e1f2-a45a-4ec7-b9f5-1b23c4f106f8" testName="Test4941" computerName="UA-LPT-OGA2" duration="00:00:01.7640000" startTime="2025-05-14T13:20:31.3146610Z" endTime="2025-05-14T13:25:31.3147553Z" testType="13cdc9d9-ddb5-4fa4-a97d-d965ccfc6d4b" outcome="Passed" testListId="b55845df-9185-44b6-bbb4-c563401d02a6" />
    <UnitTestResult executionId="b3a93b65-3413-44fc-9fff-f722ae03c804" testId="9fa09848-9a78-490f-a955-6f0174978db6" testName="Test4942" computerName="UA-LPT-OGA2" duration="00:00:00.5510000" startTime="2025-05-14T13:20:31.3146610Z" endTime="2025-05-14T13:25:31.3147553Z" testType="13cdc9d9-ddb5-4fa4-a97d-d965ccfc6d4b" outcome="Passed" testListId="b55845df-9185-44b6-bbb4-c563401d02a6" />
    <UnitTestResult executionId="f608718f-3998-4c8f-aefa-ba59dc8eac52" testId="278c3661-ce3c-4e8f-9145-479e65ad0549" testName="Test4943" computerName="UA-LPT-OGA2" duration="00:00:01.1100000" startTime="2025-05-14T13:20:31.3146610Z" endTime="2025-05-14T13:25:31.3147553Z" testType="13cdc9d9-ddb5-4fa4-a97d-d965ccfc6d4b" outcome="Passed" testListId="b55845df-9185-44b6-bbb4-c563401d02a6" />
    <UnitTestResult executionId="12011057-75c6-4ab7-ad87-da474eeb4618" testId="e150031a-bf51-4ca5-b514-a1fcf78e2499" testName="Test4944" computerName="UA-LPT-OGA2" duration="00:00:01.2630000" startTime="2025-05-14T13:20:31.3146610Z" endTime="2025-05-14T13:25:31.3147553Z" testType="13cdc9d9-ddb5-4fa4-a97d-d965ccfc6d4b" outcome="Passed" testListId="b55845df-9185-44b6-bbb4-c563401d02a6" />
    <UnitTestResult executionId="6738316f-c4b2-4e47-8202-a4d1770d8f49" testId="1122aab1-07fe-427c-abdf-8e113b9a5367" testName="Test4945" computerName="UA-LPT-OGA2" duration="00:00:01.8940000" startTime="2025-05-14T13:20:31.3146610Z" endTime="2025-05-14T13:25:31.3147553Z" testType="13cdc9d9-ddb5-4fa4-a97d-d965ccfc6d4b" outcome="Passed" testListId="b55845df-9185-44b6-bbb4-c563401d02a6" />
    <UnitTestResult executionId="5ea600b4-fa1f-49de-8c01-41755dfac6bc" testId="70994495-1132-4876-8981-332826637c28" testName="Test4946" computerName="UA-LPT-OGA2" duration="00:00:00.6730000" startTime="2025-05-14T13:20:31.3146610Z" endTime="2025-05-14T13:25:31.3147553Z" testType="13cdc9d9-ddb5-4fa4-a97d-d965ccfc6d4b" outcome="Passed" testListId="b55845df-9185-44b6-bbb4-c563401d02a6" />
    <UnitTestResult executionId="6bbfe467-8683-41d5-aef0-6eb4c79a5c6c" testId="000764b3-cfb1-477b-bd23-331bbbf4f7aa" testName="Test4947" computerName="UA-LPT-OGA2" duration="00:00:01.9100000" startTime="2025-05-14T13:20:31.3146610Z" endTime="2025-05-14T13:25:31.3147553Z" testType="13cdc9d9-ddb5-4fa4-a97d-d965ccfc6d4b" outcome="Passed" testListId="b55845df-9185-44b6-bbb4-c563401d02a6" />
    <UnitTestResult executionId="d9988d26-3409-41b6-bd8d-f09dfbc1cafc" testId="64145f6c-9075-422a-9b7d-d82e6b7c722e" testName="Test4948" computerName="UA-LPT-OGA2" duration="00:00:00.7550000" startTime="2025-05-14T13:20:31.3146610Z" endTime="2025-05-14T13:25:31.3147553Z" testType="13cdc9d9-ddb5-4fa4-a97d-d965ccfc6d4b" outcome="Passed" testListId="b55845df-9185-44b6-bbb4-c563401d02a6" />
    <UnitTestResult executionId="28cf49cf-e0e2-47ea-8544-605b2bbafdc9" testId="831cfbc9-8e59-4e07-8aeb-c5ecfeda54a5" testName="Test4949" computerName="UA-LPT-OGA2" duration="00:00:01.1170000" startTime="2025-05-14T13:20:31.3146610Z" endTime="2025-05-14T13:25:31.3147553Z" testType="13cdc9d9-ddb5-4fa4-a97d-d965ccfc6d4b" outcome="Passed" testListId="b55845df-9185-44b6-bbb4-c563401d02a6" />
    <UnitTestResult executionId="9b084f75-0126-44d2-ad5f-77aeadc6876c" testId="00d667c4-c57b-4691-ba61-97789137de32" testName="Test4950" computerName="UA-LPT-OGA2" duration="00:00:00.3530000" startTime="2025-05-14T13:20:31.3146610Z" endTime="2025-05-14T13:25:31.3147553Z" testType="13cdc9d9-ddb5-4fa4-a97d-d965ccfc6d4b" outcome="Passed" testListId="b55845df-9185-44b6-bbb4-c563401d02a6" />
    <UnitTestResult executionId="53b39696-a094-440f-a854-e172140d6d7b" testId="b64c1ca2-0010-4c13-89ea-801c1761feb7" testName="Test4951" computerName="UA-LPT-OGA2" duration="00:00:01.9880000" startTime="2025-05-14T13:20:31.3146610Z" endTime="2025-05-14T13:25:31.3147553Z" testType="13cdc9d9-ddb5-4fa4-a97d-d965ccfc6d4b" outcome="Passed" testListId="b55845df-9185-44b6-bbb4-c563401d02a6" />
    <UnitTestResult executionId="376d3f62-b73e-43d1-a8da-8603109ce128" testId="5fb1853c-87dd-4c4a-b2a2-c0aeb588d1fa" testName="Test4952" computerName="UA-LPT-OGA2" duration="00:00:00.3290000" startTime="2025-05-14T13:20:31.3146610Z" endTime="2025-05-14T13:25:31.3147553Z" testType="13cdc9d9-ddb5-4fa4-a97d-d965ccfc6d4b" outcome="Passed" testListId="b55845df-9185-44b6-bbb4-c563401d02a6" />
    <UnitTestResult executionId="2507bbe4-8824-496b-a9af-f8ede475d33f" testId="de63e377-5235-47aa-935a-a5ec31d67c17" testName="Test4953" computerName="UA-LPT-OGA2" duration="00:00:00.1770000" startTime="2025-05-14T13:20:31.3146610Z" endTime="2025-05-14T13:25:31.3147553Z" testType="13cdc9d9-ddb5-4fa4-a97d-d965ccfc6d4b" outcome="Failed" testListId="b55845df-9185-44b6-bbb4-c563401d02a6">
      <Output>
        <ErrorInfo>
          <Message>Assertion failed: Expected value did not match actual value.</Message>
          <StackTrace>   at TestNamespace.TestClass.Test() in TestClass.cs:line 247</StackTrace>
        </ErrorInfo>
      </Output>
    </UnitTestResult>
    <UnitTestResult executionId="d7abbfec-2f50-451d-a914-6b8b05d77f81" testId="4a82d586-8364-4754-8600-37d3f71c4453" testName="Test4954" computerName="UA-LPT-OGA2" duration="00:00:00.3600000" startTime="2025-05-14T13:20:31.3146610Z" endTime="2025-05-14T13:25:31.3147553Z" testType="13cdc9d9-ddb5-4fa4-a97d-d965ccfc6d4b" outcome="Passed" testListId="b55845df-9185-44b6-bbb4-c563401d02a6" />
    <UnitTestResult executionId="f4a44867-a511-4438-8b5d-973440eb5588" testId="f240ee98-5b0a-474c-b41a-2b7c98b971ab" testName="Test4955" computerName="UA-LPT-OGA2" duration="00:00:00.3670000" startTime="2025-05-14T13:20:31.3146610Z" endTime="2025-05-14T13:25:31.3147553Z" testType="13cdc9d9-ddb5-4fa4-a97d-d965ccfc6d4b" outcome="Passed" testListId="b55845df-9185-44b6-bbb4-c563401d02a6" />
    <UnitTestResult executionId="990771d6-5b6c-4514-84bb-c1e7f522aa59" testId="9c4e2443-6ad8-4c09-81c8-5254115439ca" testName="Test4956" computerName="UA-LPT-OGA2" duration="00:00:01.7700000" startTime="2025-05-14T13:20:31.3146610Z" endTime="2025-05-14T13:25:31.3147553Z" testType="13cdc9d9-ddb5-4fa4-a97d-d965ccfc6d4b" outcome="Passed" testListId="b55845df-9185-44b6-bbb4-c563401d02a6" />
    <UnitTestResult executionId="17283a26-24e7-428a-8494-7e30940a9f5b" testId="ef9d4947-2755-4ec2-8eea-b4110de67f1e" testName="Test4957" computerName="UA-LPT-OGA2" duration="00:00:01.1140000" startTime="2025-05-14T13:20:31.3146610Z" endTime="2025-05-14T13:25:31.3147553Z" testType="13cdc9d9-ddb5-4fa4-a97d-d965ccfc6d4b" outcome="Passed" testListId="b55845df-9185-44b6-bbb4-c563401d02a6" />
    <UnitTestResult executionId="ffce4ad3-bb6f-4014-ab33-5e3adf627a70" testId="814533bd-f0d7-4e83-be61-235d559caa80" testName="Test4958" computerName="UA-LPT-OGA2" duration="00:00:00.6290000" startTime="2025-05-14T13:20:31.3146610Z" endTime="2025-05-14T13:25:31.3147553Z" testType="13cdc9d9-ddb5-4fa4-a97d-d965ccfc6d4b" outcome="Passed" testListId="b55845df-9185-44b6-bbb4-c563401d02a6" />
    <UnitTestResult executionId="b6b7e2f5-0829-4f7c-a08b-17fa05c7e448" testId="ba2696f0-ffd0-4328-9669-5b9c436d3175" testName="Test4959" computerName="UA-LPT-OGA2" duration="00:00:00.4620000" startTime="2025-05-14T13:20:31.3146610Z" endTime="2025-05-14T13:25:31.3147553Z" testType="13cdc9d9-ddb5-4fa4-a97d-d965ccfc6d4b" outcome="Passed" testListId="b55845df-9185-44b6-bbb4-c563401d02a6" />
    <UnitTestResult executionId="138b4f5f-7fc9-4adc-8e35-ea72325399dc" testId="c6aa062a-6b8a-4768-b609-86ea8563c839" testName="Test4960" computerName="UA-LPT-OGA2" duration="00:00:00.4420000" startTime="2025-05-14T13:20:31.3146610Z" endTime="2025-05-14T13:25:31.3147553Z" testType="13cdc9d9-ddb5-4fa4-a97d-d965ccfc6d4b" outcome="Passed" testListId="b55845df-9185-44b6-bbb4-c563401d02a6" />
    <UnitTestResult executionId="9cfb192e-798f-494c-9378-9ae5de572792" testId="f7144575-6bc5-4ac1-8432-b6746ba3cc98" testName="Test4961" computerName="UA-LPT-OGA2" duration="00:00:01.1320000" startTime="2025-05-14T13:20:31.3146610Z" endTime="2025-05-14T13:25:31.3147553Z" testType="13cdc9d9-ddb5-4fa4-a97d-d965ccfc6d4b" outcome="Passed" testListId="b55845df-9185-44b6-bbb4-c563401d02a6" />
    <UnitTestResult executionId="b2b87473-700e-430f-a68d-55f796a2d6b7" testId="1bfd477a-2fa9-4e8d-99f4-0570c82d1992" testName="Test4962" computerName="UA-LPT-OGA2" duration="00:00:01.2940000" startTime="2025-05-14T13:20:31.3146610Z" endTime="2025-05-14T13:25:31.3147553Z" testType="13cdc9d9-ddb5-4fa4-a97d-d965ccfc6d4b" outcome="Passed" testListId="b55845df-9185-44b6-bbb4-c563401d02a6" />
    <UnitTestResult executionId="e7ef23db-0258-4657-a466-6f9092104613" testId="23e5bf86-b13f-4152-9a43-17b2aec4d2f5" testName="Test4963" computerName="UA-LPT-OGA2" duration="00:00:01.7740000" startTime="2025-05-14T13:20:31.3146610Z" endTime="2025-05-14T13:25:31.3147553Z" testType="13cdc9d9-ddb5-4fa4-a97d-d965ccfc6d4b" outcome="Passed" testListId="b55845df-9185-44b6-bbb4-c563401d02a6" />
    <UnitTestResult executionId="dfbfe5c6-bc7e-438a-9e40-0a6be9ca536d" testId="20d1af4b-e9f1-495d-85f3-2c18f92f68f1" testName="Test4964" computerName="UA-LPT-OGA2" duration="00:00:01.1610000" startTime="2025-05-14T13:20:31.3146610Z" endTime="2025-05-14T13:25:31.3147553Z" testType="13cdc9d9-ddb5-4fa4-a97d-d965ccfc6d4b" outcome="Failed" testListId="b55845df-9185-44b6-bbb4-c563401d02a6">
      <Output>
        <ErrorInfo>
          <Message>Assertion failed: Expected value did not match actual value.</Message>
          <StackTrace>   at TestNamespace.TestClass.Test() in TestClass.cs:line 479</StackTrace>
        </ErrorInfo>
      </Output>
    </UnitTestResult>
    <UnitTestResult executionId="cf586be9-4cb3-4c93-b2ce-a0aa9b3638e1" testId="bb67ca4b-4e6e-4706-bc3c-92810a224906" testName="Test4965" computerName="UA-LPT-OGA2" duration="00:00:01.5900000" startTime="2025-05-14T13:20:31.3146610Z" endTime="2025-05-14T13:25:31.3147553Z" testType="13cdc9d9-ddb5-4fa4-a97d-d965ccfc6d4b" outcome="Passed" testListId="b55845df-9185-44b6-bbb4-c563401d02a6" />
    <UnitTestResult executionId="5a7c682a-3c20-40bf-9dc3-69dbb250251d" testId="1055e049-9c2f-4989-b7f0-6df052ab8926" testName="Test4966" computerName="UA-LPT-OGA2" duration="00:00:01.0110000" startTime="2025-05-14T13:20:31.3146610Z" endTime="2025-05-14T13:25:31.3147553Z" testType="13cdc9d9-ddb5-4fa4-a97d-d965ccfc6d4b" outcome="Passed" testListId="b55845df-9185-44b6-bbb4-c563401d02a6" />
    <UnitTestResult executionId="59fc2cf8-c037-4a17-b41f-be286994556b" testId="3a1423e1-4033-4cba-b8a0-ee4aecd2308c" testName="Test4967" computerName="UA-LPT-OGA2" duration="00:00:01.3770000" startTime="2025-05-14T13:20:31.3146610Z" endTime="2025-05-14T13:25:31.3147553Z" testType="13cdc9d9-ddb5-4fa4-a97d-d965ccfc6d4b" outcome="Passed" testListId="b55845df-9185-44b6-bbb4-c563401d02a6" />
    <UnitTestResult executionId="c4ce0fd2-461a-4034-b222-3a023e61c314" testId="abf419f5-b42d-4d0c-9016-80f3a1c8816a" testName="Test4968" computerName="UA-LPT-OGA2" duration="00:00:00.8260000" startTime="2025-05-14T13:20:31.3146610Z" endTime="2025-05-14T13:25:31.3147553Z" testType="13cdc9d9-ddb5-4fa4-a97d-d965ccfc6d4b" outcome="Passed" testListId="b55845df-9185-44b6-bbb4-c563401d02a6" />
    <UnitTestResult executionId="b5573fe7-f818-45fe-8fa9-9a0b0fde264c" testId="50251fe8-5dd2-4c59-82ce-6fd3720c90da" testName="Test4969" computerName="UA-LPT-OGA2" duration="00:00:00.3400000" startTime="2025-05-14T13:20:31.3146610Z" endTime="2025-05-14T13:25:31.3147553Z" testType="13cdc9d9-ddb5-4fa4-a97d-d965ccfc6d4b" outcome="Failed" testListId="b55845df-9185-44b6-bbb4-c563401d02a6">
      <Output>
        <ErrorInfo>
          <Message>Assertion failed: Expected value did not match actual value.</Message>
          <StackTrace>   at TestNamespace.TestClass.Test() in TestClass.cs:line 193</StackTrace>
        </ErrorInfo>
      </Output>
    </UnitTestResult>
    <UnitTestResult executionId="b26ab2c7-4433-463d-bacf-a0f7d9c81dbc" testId="a7d38a24-9dcb-43ad-87d6-62158188407f" testName="Test4970" computerName="UA-LPT-OGA2" duration="00:00:01.3820000" startTime="2025-05-14T13:20:31.3146610Z" endTime="2025-05-14T13:25:31.3147553Z" testType="13cdc9d9-ddb5-4fa4-a97d-d965ccfc6d4b" outcome="Failed" testListId="b55845df-9185-44b6-bbb4-c563401d02a6">
      <Output>
        <ErrorInfo>
          <Message>Assertion failed: Expected value did not match actual value.</Message>
          <StackTrace>   at TestNamespace.TestClass.Test() in TestClass.cs:line 265</StackTrace>
        </ErrorInfo>
      </Output>
    </UnitTestResult>
    <UnitTestResult executionId="1b0dc9b0-ac30-4ef6-9bbd-b0d08c65bfec" testId="b8e716ad-a8f1-4ddf-865d-d5474fb39cb2" testName="Test4971" computerName="UA-LPT-OGA2" duration="00:00:00.9840000" startTime="2025-05-14T13:20:31.3146610Z" endTime="2025-05-14T13:25:31.3147553Z" testType="13cdc9d9-ddb5-4fa4-a97d-d965ccfc6d4b" outcome="Passed" testListId="b55845df-9185-44b6-bbb4-c563401d02a6" />
    <UnitTestResult executionId="26b79310-8cde-4f45-8340-cc883489d282" testId="c62d9a89-52f4-4a43-9f3c-d0586d0d5317" testName="Test4972" computerName="UA-LPT-OGA2" duration="00:00:00.7660000" startTime="2025-05-14T13:20:31.3146610Z" endTime="2025-05-14T13:25:31.3147553Z" testType="13cdc9d9-ddb5-4fa4-a97d-d965ccfc6d4b" outcome="Passed" testListId="b55845df-9185-44b6-bbb4-c563401d02a6" />
    <UnitTestResult executionId="823fb82c-4fb2-44e4-83b5-7f30c5a6612c" testId="5f9aa226-9592-4a96-8cbe-1e404aaafa88" testName="Test4973" computerName="UA-LPT-OGA2" duration="00:00:01.2290000" startTime="2025-05-14T13:20:31.3146610Z" endTime="2025-05-14T13:25:31.3147553Z" testType="13cdc9d9-ddb5-4fa4-a97d-d965ccfc6d4b" outcome="Passed" testListId="b55845df-9185-44b6-bbb4-c563401d02a6" />
    <UnitTestResult executionId="6f326d2e-3f87-41c9-b32a-0c75d20f61a8" testId="a0c9529d-ea17-47c8-b837-fc3f16dfea99" testName="Test4974" computerName="UA-LPT-OGA2" duration="00:00:01.3560000" startTime="2025-05-14T13:20:31.3146610Z" endTime="2025-05-14T13:25:31.3147553Z" testType="13cdc9d9-ddb5-4fa4-a97d-d965ccfc6d4b" outcome="Passed" testListId="b55845df-9185-44b6-bbb4-c563401d02a6" />
    <UnitTestResult executionId="be441f20-94aa-4dd5-b9f2-5e1670a62207" testId="b26dd256-dbc3-4c23-95a1-faf810b2760a" testName="Test4975" computerName="UA-LPT-OGA2" duration="00:00:00.9710000" startTime="2025-05-14T13:20:31.3146610Z" endTime="2025-05-14T13:25:31.3147553Z" testType="13cdc9d9-ddb5-4fa4-a97d-d965ccfc6d4b" outcome="Passed" testListId="b55845df-9185-44b6-bbb4-c563401d02a6" />
    <UnitTestResult executionId="9ff7d8c1-4360-4979-9b74-ab911aa9b743" testId="fb2e5bfb-0c14-47ed-a71c-72fd34518d6a" testName="Test4976" computerName="UA-LPT-OGA2" duration="00:00:00.4790000" startTime="2025-05-14T13:20:31.3146610Z" endTime="2025-05-14T13:25:31.3147553Z" testType="13cdc9d9-ddb5-4fa4-a97d-d965ccfc6d4b" outcome="Passed" testListId="b55845df-9185-44b6-bbb4-c563401d02a6" />
    <UnitTestResult executionId="0f3b92e6-26c2-4fbe-b329-dee4ce37c245" testId="ba2464fd-3264-4ae6-87f6-9e0a9421d6f8" testName="Test4977" computerName="UA-LPT-OGA2" duration="00:00:00.6640000" startTime="2025-05-14T13:20:31.3146610Z" endTime="2025-05-14T13:25:31.3147553Z" testType="13cdc9d9-ddb5-4fa4-a97d-d965ccfc6d4b" outcome="Passed" testListId="b55845df-9185-44b6-bbb4-c563401d02a6" />
    <UnitTestResult executionId="003b5daa-e31a-408e-ae15-742a54ef1c3c" testId="a9e0096d-f3d6-4202-9095-6ef8cbb955e8" testName="Test4978" computerName="UA-LPT-OGA2" duration="00:00:01.0990000" startTime="2025-05-14T13:20:31.3146610Z" endTime="2025-05-14T13:25:31.3147553Z" testType="13cdc9d9-ddb5-4fa4-a97d-d965ccfc6d4b" outcome="Passed" testListId="b55845df-9185-44b6-bbb4-c563401d02a6" />
    <UnitTestResult executionId="aad14755-690b-4d0d-b78c-cac0538fccb2" testId="e9bdff6c-19bb-410d-924f-164a6cf51282" testName="Test4979" computerName="UA-LPT-OGA2" duration="00:00:01.0350000" startTime="2025-05-14T13:20:31.3146610Z" endTime="2025-05-14T13:25:31.3147553Z" testType="13cdc9d9-ddb5-4fa4-a97d-d965ccfc6d4b" outcome="Passed" testListId="b55845df-9185-44b6-bbb4-c563401d02a6" />
    <UnitTestResult executionId="4bbb3035-09d8-4290-9b4d-c36f6a264f43" testId="d7e91731-02f3-4666-9757-8c6f5953e029" testName="Test4980" computerName="UA-LPT-OGA2" duration="00:00:01.0030000" startTime="2025-05-14T13:20:31.3146610Z" endTime="2025-05-14T13:25:31.3147553Z" testType="13cdc9d9-ddb5-4fa4-a97d-d965ccfc6d4b" outcome="Passed" testListId="b55845df-9185-44b6-bbb4-c563401d02a6" />
    <UnitTestResult executionId="30758bab-6006-43eb-a180-53f1f34b19ed" testId="ac86893e-c3c5-43e5-92e0-78e1000cdfae" testName="Test4981" computerName="UA-LPT-OGA2" duration="00:00:01.9540000" startTime="2025-05-14T13:20:31.3146610Z" endTime="2025-05-14T13:25:31.3147553Z" testType="13cdc9d9-ddb5-4fa4-a97d-d965ccfc6d4b" outcome="Passed" testListId="b55845df-9185-44b6-bbb4-c563401d02a6" />
    <UnitTestResult executionId="ebe08c6d-5153-4df9-a6e0-0e9d09e711d8" testId="b36685e6-eb21-4024-b110-0bc45e874723" testName="Test4982" computerName="UA-LPT-OGA2" duration="00:00:00.9810000" startTime="2025-05-14T13:20:31.3146610Z" endTime="2025-05-14T13:25:31.3147553Z" testType="13cdc9d9-ddb5-4fa4-a97d-d965ccfc6d4b" outcome="Failed" testListId="b55845df-9185-44b6-bbb4-c563401d02a6">
      <Output>
        <ErrorInfo>
          <Message>Assertion failed: Expected value did not match actual value.</Message>
          <StackTrace>   at TestNamespace.TestClass.Test() in TestClass.cs:line 306</StackTrace>
        </ErrorInfo>
      </Output>
    </UnitTestResult>
    <UnitTestResult executionId="19ff8a0f-8196-452b-9a91-4bd6146b49af" testId="8929056f-7b88-4f3e-a0b7-2e79005be08f" testName="Test4983" computerName="UA-LPT-OGA2" duration="00:00:00.7170000" startTime="2025-05-14T13:20:31.3146610Z" endTime="2025-05-14T13:25:31.3147553Z" testType="13cdc9d9-ddb5-4fa4-a97d-d965ccfc6d4b" outcome="Passed" testListId="b55845df-9185-44b6-bbb4-c563401d02a6" />
    <UnitTestResult executionId="9e9a35de-4202-47a8-95bb-a3fcd3edd8c4" testId="4c1af7b5-bf86-4f27-912e-a4f90e6858f4" testName="Test4984" computerName="UA-LPT-OGA2" duration="00:00:00.8410000" startTime="2025-05-14T13:20:31.3146610Z" endTime="2025-05-14T13:25:31.3147553Z" testType="13cdc9d9-ddb5-4fa4-a97d-d965ccfc6d4b" outcome="Passed" testListId="b55845df-9185-44b6-bbb4-c563401d02a6" />
    <UnitTestResult executionId="71168bce-a5cf-4f8b-9467-e90bff33c305" testId="71bba255-9f44-49fb-a558-e548fb4f7d86" testName="Test4985" computerName="UA-LPT-OGA2" duration="00:00:01.0350000" startTime="2025-05-14T13:20:31.3146610Z" endTime="2025-05-14T13:25:31.3147553Z" testType="13cdc9d9-ddb5-4fa4-a97d-d965ccfc6d4b" outcome="Passed" testListId="b55845df-9185-44b6-bbb4-c563401d02a6" />
    <UnitTestResult executionId="6b278014-c528-4e1e-80bd-8c17d46f2a16" testId="c0bb7beb-39c5-4eae-921b-6d18d3ae988b" testName="Test4986" computerName="UA-LPT-OGA2" duration="00:00:00.1940000" startTime="2025-05-14T13:20:31.3146610Z" endTime="2025-05-14T13:25:31.3147553Z" testType="13cdc9d9-ddb5-4fa4-a97d-d965ccfc6d4b" outcome="Passed" testListId="b55845df-9185-44b6-bbb4-c563401d02a6" />
    <UnitTestResult executionId="6c0cdbf8-cfc1-4eda-b7b0-f5579fcb99a1" testId="23450ae6-52d0-4cf5-8888-70687ad34dea" testName="Test4987" computerName="UA-LPT-OGA2" duration="00:00:00.2160000" startTime="2025-05-14T13:20:31.3146610Z" endTime="2025-05-14T13:25:31.3147553Z" testType="13cdc9d9-ddb5-4fa4-a97d-d965ccfc6d4b" outcome="Passed" testListId="b55845df-9185-44b6-bbb4-c563401d02a6" />
    <UnitTestResult executionId="36ea4942-3e37-4074-b696-22cbd6493cfa" testId="0d2237f1-4a6f-4b86-840d-930c8ae33399" testName="Test4988" computerName="UA-LPT-OGA2" duration="00:00:00.0860000" startTime="2025-05-14T13:20:31.3146610Z" endTime="2025-05-14T13:25:31.3147553Z" testType="13cdc9d9-ddb5-4fa4-a97d-d965ccfc6d4b" outcome="Passed" testListId="b55845df-9185-44b6-bbb4-c563401d02a6" />
    <UnitTestResult executionId="e5458140-18ba-41c4-bcd8-969c59faa32e" testId="7561eef3-a0f5-4614-bd22-aacd8d49d591" testName="Test4989" computerName="UA-LPT-OGA2" duration="00:00:00.7650000" startTime="2025-05-14T13:20:31.3146610Z" endTime="2025-05-14T13:25:31.3147553Z" testType="13cdc9d9-ddb5-4fa4-a97d-d965ccfc6d4b" outcome="Passed" testListId="b55845df-9185-44b6-bbb4-c563401d02a6" />
    <UnitTestResult executionId="29b62ec2-1125-479f-8703-e2c0aac7fadc" testId="1c7e82a9-a030-4376-a799-5b2a3a2dbb03" testName="Test4990" computerName="UA-LPT-OGA2" duration="00:00:01.8020000" startTime="2025-05-14T13:20:31.3146610Z" endTime="2025-05-14T13:25:31.3147553Z" testType="13cdc9d9-ddb5-4fa4-a97d-d965ccfc6d4b" outcome="Passed" testListId="b55845df-9185-44b6-bbb4-c563401d02a6" />
    <UnitTestResult executionId="f1345d28-3232-4bbd-b199-ad48397bc0d7" testId="fbad1f43-929b-40c2-845d-03da45a8f17c" testName="Test4991" computerName="UA-LPT-OGA2" duration="00:00:01.0120000" startTime="2025-05-14T13:20:31.3146610Z" endTime="2025-05-14T13:25:31.3147553Z" testType="13cdc9d9-ddb5-4fa4-a97d-d965ccfc6d4b" outcome="Passed" testListId="b55845df-9185-44b6-bbb4-c563401d02a6" />
    <UnitTestResult executionId="d46405a4-cb33-46e1-a9a3-94718a7074f5" testId="a5764d3f-2cde-4c88-8a73-3faa501110f6" testName="Test4992" computerName="UA-LPT-OGA2" duration="00:00:00.2050000" startTime="2025-05-14T13:20:31.3146610Z" endTime="2025-05-14T13:25:31.3147553Z" testType="13cdc9d9-ddb5-4fa4-a97d-d965ccfc6d4b" outcome="Passed" testListId="b55845df-9185-44b6-bbb4-c563401d02a6" />
    <UnitTestResult executionId="af328e4d-8deb-41b3-8de8-33f0ffc9b249" testId="dfeff14e-b42e-47b7-9134-5829862b64f3" testName="Test4993" computerName="UA-LPT-OGA2" duration="00:00:00.8230000" startTime="2025-05-14T13:20:31.3146610Z" endTime="2025-05-14T13:25:31.3147553Z" testType="13cdc9d9-ddb5-4fa4-a97d-d965ccfc6d4b" outcome="Passed" testListId="b55845df-9185-44b6-bbb4-c563401d02a6" />
    <UnitTestResult executionId="2555c666-fabc-413a-9640-9769f3d2452e" testId="c99eb103-261b-4026-88ec-ca7844158fd2" testName="Test4994" computerName="UA-LPT-OGA2" duration="00:00:01.1050000" startTime="2025-05-14T13:20:31.3146610Z" endTime="2025-05-14T13:25:31.3147553Z" testType="13cdc9d9-ddb5-4fa4-a97d-d965ccfc6d4b" outcome="Passed" testListId="b55845df-9185-44b6-bbb4-c563401d02a6" />
    <UnitTestResult executionId="ea264ddd-445b-4127-86b7-e81d2f501aff" testId="a0dd7a2a-f417-4b66-9d5f-787d23d112a0" testName="Test4995" computerName="UA-LPT-OGA2" duration="00:00:00.9500000" startTime="2025-05-14T13:20:31.3146610Z" endTime="2025-05-14T13:25:31.3147553Z" testType="13cdc9d9-ddb5-4fa4-a97d-d965ccfc6d4b" outcome="Passed" testListId="b55845df-9185-44b6-bbb4-c563401d02a6" />
    <UnitTestResult executionId="f38799fa-457a-4f37-b947-0e6b1fef544a" testId="7f1cf4a6-469f-4cce-970d-10967adb3173" testName="Test4996" computerName="UA-LPT-OGA2" duration="00:00:00.4480000" startTime="2025-05-14T13:20:31.3146610Z" endTime="2025-05-14T13:25:31.3147553Z" testType="13cdc9d9-ddb5-4fa4-a97d-d965ccfc6d4b" outcome="Passed" testListId="b55845df-9185-44b6-bbb4-c563401d02a6" />
    <UnitTestResult executionId="f6b93be0-1e5c-4b14-8a07-adfe2bda1fd2" testId="dff837f2-fb5a-4473-b70b-daa044de866d" testName="Test4997" computerName="UA-LPT-OGA2" duration="00:00:01.5830000" startTime="2025-05-14T13:20:31.3146610Z" endTime="2025-05-14T13:25:31.3147553Z" testType="13cdc9d9-ddb5-4fa4-a97d-d965ccfc6d4b" outcome="Passed" testListId="b55845df-9185-44b6-bbb4-c563401d02a6" />
    <UnitTestResult executionId="a0a56130-f3c9-47df-a709-38c7f2788bcc" testId="d9e9060e-e585-4a68-916d-78e71dd3ad64" testName="Test4998" computerName="UA-LPT-OGA2" duration="00:00:00.5910000" startTime="2025-05-14T13:20:31.3146610Z" endTime="2025-05-14T13:25:31.3147553Z" testType="13cdc9d9-ddb5-4fa4-a97d-d965ccfc6d4b" outcome="Passed" testListId="b55845df-9185-44b6-bbb4-c563401d02a6" />
    <UnitTestResult executionId="a997ab2f-6b6b-4866-8737-f25c1ca6cdb7" testId="99147ef6-558f-4838-8c81-4d5c55b1281c" testName="Test4999" computerName="UA-LPT-OGA2" duration="00:00:01.2120000" startTime="2025-05-14T13:20:31.3146610Z" endTime="2025-05-14T13:25:31.3147553Z" testType="13cdc9d9-ddb5-4fa4-a97d-d965ccfc6d4b" outcome="Passed" testListId="b55845df-9185-44b6-bbb4-c563401d02a6" />
    <UnitTestResult executionId="29dc0c8d-42c8-4cbb-aacf-b17064d27b38" testId="6da40ff7-1282-4f30-91a7-cb74dcab799a" testName="Test5000" computerName="UA-LPT-OGA2" duration="00:00:01.6930000" startTime="2025-05-14T13:20:31.3146610Z" endTime="2025-05-14T13:25:31.3147553Z" testType="13cdc9d9-ddb5-4fa4-a97d-d965ccfc6d4b" outcome="Passed" testListId="b55845df-9185-44b6-bbb4-c563401d02a6" />
  </Results>
  <TestDefinitions>
    <UnitTest name="Test4901" id="915030a2-6aea-4c03-a8b1-5cd1e83c0239" storage="TestAssembly.dll">
      <Execution id="4e23a700-9817-4c05-89dd-1567cb765c03" />
      <TestMethod codeBase="TestAssembly.dll" className="TestNamespace.TestClass1" name="Test4901" />
    </UnitTest>
    <UnitTest name="Test4902" id="3dc41c74-7818-4964-8e8d-441bc92e7a6d" storage="TestAssembly.dll">
      <Execution id="868718d7-7525-4639-b928-fd50b13e5bec" />
      <TestMethod codeBase="TestAssembly.dll" className="TestNamespace.TestClass1" name="Test4902" />
    </UnitTest>
    <UnitTest name="Test4903" id="b1419c8a-e975-49bf-a72f-8d61716f10a3" storage="TestAssembly.dll">
      <Execution id="14b3f224-a641-420e-9f09-503e222ca408" />
      <TestMethod codeBase="TestAssembly.dll" className="TestNamespace.TestClass1" name="Test4903" />
    </UnitTest>
    <UnitTest name="Test4904" id="bf231dd8-a5b3-4ccb-a3dd-ca80a6b5e606" storage="TestAssembly.dll">
      <Execution id="ce6823eb-cc69-4129-b0a1-f597b7bb8f77" />
      <TestMethod codeBase="TestAssembly.dll" className="TestNamespace.TestClass1" name="Test4904" />
    </UnitTest>
    <UnitTest name="Test4905" id="443213b3-01a1-4c8d-bc29-dabf1bc43932" storage="TestAssembly.dll">
      <Execution id="3c3f989b-7214-4f23-b49f-c98c2529c3f6" />
      <TestMethod codeBase="TestAssembly.dll" className="TestNamespace.TestClass1" name="Test4905" />
    </UnitTest>
    <UnitTest name="Test4906" id="6848a431-dbfc-44d1-83aa-a88e00c073a1" storage="TestAssembly.dll">
      <Execution id="c04cb2fe-266a-4b10-b4c6-760945d70255" />
      <TestMethod codeBase="TestAssembly.dll" className="TestNamespace.TestClass1" name="Test4906" />
    </UnitTest>
    <UnitTest name="Test4907" id="6a08adaf-e96e-4300-ac95-a02115eee2ba" storage="TestAssembly.dll">
      <Execution id="29bb20e4-c1e5-42ad-ad33-adf41cc69c5e" />
      <TestMethod codeBase="TestAssembly.dll" className="TestNamespace.TestClass1" name="Test4907" />
    </UnitTest>
    <UnitTest name="Test4908" id="1ebabd67-d60d-443c-adb8-dc601bb4971b" storage="TestAssembly.dll">
      <Execution id="59eb28b6-50a6-42c1-b6a3-2ac2d1afe9ae" />
      <TestMethod codeBase="TestAssembly.dll" className="TestNamespace.TestClass1" name="Test4908" />
    </UnitTest>
    <UnitTest name="Test4909" id="6076e28b-6335-46d5-8a14-95a49753a8af" storage="TestAssembly.dll">
      <Execution id="2eb377e9-4ea6-4540-ac9f-b714bb4edb38" />
      <TestMethod codeBase="TestAssembly.dll" className="TestNamespace.TestClass1" name="Test4909" />
    </UnitTest>
    <UnitTest name="Test4910" id="521443d1-9418-40ee-8fc0-53495061fc50" storage="TestAssembly.dll">
      <Execution id="0c51a01a-2944-4670-925e-d1725870bbea" />
      <TestMethod codeBase="TestAssembly.dll" className="TestNamespace.TestClass1" name="Test4910" />
    </UnitTest>
    <UnitTest name="Test4911" id="ea5d413c-a6f5-4fa5-b2c4-b148b1939dee" storage="TestAssembly.dll">
      <Execution id="04b91009-57e2-4ddb-8d0c-70bae56102d1" />
      <TestMethod codeBase="TestAssembly.dll" className="TestNamespace.TestClass2" name="Test4911" />
    </UnitTest>
    <UnitTest name="Test4912" id="e6c4b8c7-11eb-4eca-8a43-681d3e81eb9e" storage="TestAssembly.dll">
      <Execution id="6c57b0fc-cd83-4f08-bf8e-dfd2837f0664" />
      <TestMethod codeBase="TestAssembly.dll" className="TestNamespace.TestClass2" name="Test4912" />
    </UnitTest>
    <UnitTest name="Test4913" id="a134df26-b342-4490-a5d7-265539433c51" storage="TestAssembly.dll">
      <Execution id="7b1e997b-9e84-4ceb-88c6-3ad49b4794f1" />
      <TestMethod codeBase="TestAssembly.dll" className="TestNamespace.TestClass2" name="Test4913" />
    </UnitTest>
    <UnitTest name="Test4914" id="6f36e9f3-fd84-488f-afd5-b9fddfe52bfa" storage="TestAssembly.dll">
      <Execution id="7b7318c7-d625-4e64-bfb3-80733e12aba6" />
      <TestMethod codeBase="TestAssembly.dll" className="TestNamespace.TestClass2" name="Test4914" />
    </UnitTest>
    <UnitTest name="Test4915" id="4944db5e-aee9-4fd5-93ea-06aa7145f3df" storage="TestAssembly.dll">
      <Execution id="0403a1f3-5852-4748-853a-dc2bcaf68314" />
      <TestMethod codeBase="TestAssembly.dll" className="TestNamespace.TestClass2" name="Test4915" />
    </UnitTest>
    <UnitTest name="Test4916" id="7f87c2a1-5d15-4848-8183-fd568d025732" storage="TestAssembly.dll">
      <Execution id="b04a425b-4a72-4b70-806e-3d4587f0b186" />
      <TestMethod codeBase="TestAssembly.dll" className="TestNamespace.TestClass2" name="Test4916" />
    </UnitTest>
    <UnitTest name="Test4917" id="30074e43-3101-47df-a4e1-3a1f17cdcbd9" storage="TestAssembly.dll">
      <Execution id="6483360d-df45-4552-ab1a-cabb7a45b65a" />
      <TestMethod codeBase="TestAssembly.dll" className="TestNamespace.TestClass2" name="Test4917" />
    </UnitTest>
    <UnitTest name="Test4918" id="babc5182-a541-4d6a-bfb4-5c5553248f3c" storage="TestAssembly.dll">
      <Execution id="ffc19f1a-22dc-4958-8f9c-37e922b5283e" />
      <TestMethod codeBase="TestAssembly.dll" className="TestNamespace.TestClass2" name="Test4918" />
    </UnitTest>
    <UnitTest name="Test4919" id="f749e159-8fd5-4489-afa1-e49dd5f03352" storage="TestAssembly.dll">
      <Execution id="4a4ad662-68fa-4917-8316-0031858fadb7" />
      <TestMethod codeBase="TestAssembly.dll" className="TestNamespace.TestClass2" name="Test4919" />
    </UnitTest>
    <UnitTest name="Test4920" id="931ba1cd-944d-45eb-b329-46a280518a8f" storage="TestAssembly.dll">
      <Execution id="46840ba8-4f32-42d1-8831-93c7993df2e3" />
      <TestMethod codeBase="TestAssembly.dll" className="TestNamespace.TestClass2" name="Test4920" />
    </UnitTest>
    <UnitTest name="Test4921" id="38d6979f-080b-4ed2-8c91-7b183e2f98eb" storage="TestAssembly.dll">
      <Execution id="03176f98-a1a3-47e4-9c45-54cede23c1cb" />
      <TestMethod codeBase="TestAssembly.dll" className="TestNamespace.TestClass3" name="Test4921" />
    </UnitTest>
    <UnitTest name="Test4922" id="2d2d8b34-2a99-4f05-9b0d-4f21624b206e" storage="TestAssembly.dll">
      <Execution id="33690ec2-a8a5-44e2-af34-b002697b8f06" />
      <TestMethod codeBase="TestAssembly.dll" className="TestNamespace.TestClass3" name="Test4922" />
    </UnitTest>
    <UnitTest name="Test4923" id="b3527778-66ea-4864-b36b-a89783a1222e" storage="TestAssembly.dll">
      <Execution id="5c5c3895-e3cb-48a3-9583-ae16d2515a24" />
      <TestMethod codeBase="TestAssembly.dll" className="TestNamespace.TestClass3" name="Test4923" />
    </UnitTest>
    <UnitTest name="Test4924" id="eb19c220-0c87-4405-8a84-706cb6e22ee5" storage="TestAssembly.dll">
      <Execution id="902b4f8d-55ff-42d5-99bf-56da439c1426" />
      <TestMethod codeBase="TestAssembly.dll" className="TestNamespace.TestClass3" name="Test4924" />
    </UnitTest>
    <UnitTest name="Test4925" id="d14e9e42-730f-47a8-bba9-20501c384b90" storage="TestAssembly.dll">
      <Execution id="61c20f56-3497-40a9-bd62-103ade44a2e1" />
      <TestMethod codeBase="TestAssembly.dll" className="TestNamespace.TestClass3" name="Test4925" />
    </UnitTest>
    <UnitTest name="Test4926" id="45791260-69da-4808-8415-82ab67b6847b" storage="TestAssembly.dll">
      <Execution id="322e52c7-efeb-44af-87de-f772ed51e2e2" />
      <TestMethod codeBase="TestAssembly.dll" className="TestNamespace.TestClass3" name="Test4926" />
    </UnitTest>
    <UnitTest name="Test4927" id="78efcf0c-419a-495a-8fc6-2f741dae8231" storage="TestAssembly.dll">
      <Execution id="8f3f9826-6664-4df1-a187-5ab9039dcaef" />
      <TestMethod codeBase="TestAssembly.dll" className="TestNamespace.TestClass3" name="Test4927" />
    </UnitTest>
    <UnitTest name="Test4928" id="a31ae769-bc79-4cfc-8657-c0baead32d26" storage="TestAssembly.dll">
      <Execution id="8da8d62c-dfe8-49cb-b0e6-0d5aa5d2db23" />
      <TestMethod codeBase="TestAssembly.dll" className="TestNamespace.TestClass3" name="Test4928" />
    </UnitTest>
    <UnitTest name="Test4929" id="34c9f408-2c10-4f3e-b492-e937b2843bdb" storage="TestAssembly.dll">
      <Execution id="2de8d7ca-c465-4737-a13a-7f7ab592bd11" />
      <TestMethod codeBase="TestAssembly.dll" className="TestNamespace.TestClass3" name="Test4929" />
    </UnitTest>
    <UnitTest name="Test4930" id="80c28ec7-5886-4f6a-a092-abe7a51c91fa" storage="TestAssembly.dll">
      <Execution id="d3c11a70-351b-4bb4-b812-0ad5fed01e09" />
      <TestMethod codeBase="TestAssembly.dll" className="TestNamespace.TestClass3" name="Test4930" />
    </UnitTest>
    <UnitTest name="Test4931" id="790dc5b4-dfe6-44a9-b595-ff54fbd7f183" storage="TestAssembly.dll">
      <Execution id="274b7644-31a5-4637-807a-ed78c291f7c7" />
      <TestMethod codeBase="TestAssembly.dll" className="TestNamespace.TestClass4" name="Test4931" />
    </UnitTest>
    <UnitTest name="Test4932" id="1735e246-2f25-4a75-98e5-4ae08a67f089" storage="TestAssembly.dll">
      <Execution id="7a276c4d-9731-4cf0-a232-599c084cb3c1" />
      <TestMethod codeBase="TestAssembly.dll" className="TestNamespace.TestClass4" name="Test4932" />
    </UnitTest>
    <UnitTest name="Test4933" id="9df899d3-bf74-4586-b1e0-54e89e4c8d86" storage="TestAssembly.dll">
      <Execution id="390a9320-5d31-4c56-8f4f-ef03a879b608" />
      <TestMethod codeBase="TestAssembly.dll" className="TestNamespace.TestClass4" name="Test4933" />
    </UnitTest>
    <UnitTest name="Test4934" id="4ecbdea0-37c3-4aa4-935c-f3550eba391f" storage="TestAssembly.dll">
      <Execution id="d24a4562-5d0f-4007-834a-243e8636d75c" />
      <TestMethod codeBase="TestAssembly.dll" className="TestNamespace.TestClass4" name="Test4934" />
    </UnitTest>
    <UnitTest name="Test4935" id="17c91f12-3bb2-4c9e-b136-b3eccba6ea13" storage="TestAssembly.dll">
      <Execution id="79e8cc26-80bf-4f60-91d4-47eb7282eedc" />
      <TestMethod codeBase="TestAssembly.dll" className="TestNamespace.TestClass4" name="Test4935" />
    </UnitTest>
    <UnitTest name="Test4936" id="fbab6089-e35b-479a-9a23-5584fee9e264" storage="TestAssembly.dll">
      <Execution id="b6e88ba7-cf97-426c-8352-38094c8b89c5" />
      <TestMethod codeBase="TestAssembly.dll" className="TestNamespace.TestClass4" name="Test4936" />
    </UnitTest>
    <UnitTest name="Test4937" id="dbeee11a-8129-479b-a68d-3221be8e7ea6" storage="TestAssembly.dll">
      <Execution id="8081ed1b-b8ea-4303-9cf4-6f899bca15f6" />
      <TestMethod codeBase="TestAssembly.dll" className="TestNamespace.TestClass4" name="Test4937" />
    </UnitTest>
    <UnitTest name="Test4938" id="17ec8366-9e9c-4df5-b122-b726364e03ad" storage="TestAssembly.dll">
      <Execution id="2b94fd7b-fd33-4f33-a086-0e7373d561d8" />
      <TestMethod codeBase="TestAssembly.dll" className="TestNamespace.TestClass4" name="Test4938" />
    </UnitTest>
    <UnitTest name="Test4939" id="4288cf44-9b2f-41d4-aadc-89aeade03917" storage="TestAssembly.dll">
      <Execution id="4975090c-d695-4e50-8379-37dd2ee3e370" />
      <TestMethod codeBase="TestAssembly.dll" className="TestNamespace.TestClass4" name="Test4939" />
    </UnitTest>
    <UnitTest name="Test4940" id="972dda98-bf79-4130-8d56-f6417e0a6394" storage="TestAssembly.dll">
      <Execution id="e8061f36-2751-43dc-8db6-d80900b034af" />
      <TestMethod codeBase="TestAssembly.dll" className="TestNamespace.TestClass4" name="Test4940" />
    </UnitTest>
    <UnitTest name="Test4941" id="3177e1f2-a45a-4ec7-b9f5-1b23c4f106f8" storage="TestAssembly.dll">
      <Execution id="d769effe-0cdc-41cc-8172-95c14025d774" />
      <TestMethod codeBase="TestAssembly.dll" className="TestNamespace.TestClass5" name="Test4941" />
    </UnitTest>
    <UnitTest name="Test4942" id="9fa09848-9a78-490f-a955-6f0174978db6" storage="TestAssembly.dll">
      <Execution id="b3a93b65-3413-44fc-9fff-f722ae03c804" />
      <TestMethod codeBase="TestAssembly.dll" className="TestNamespace.TestClass5" name="Test4942" />
    </UnitTest>
    <UnitTest name="Test4943" id="278c3661-ce3c-4e8f-9145-479e65ad0549" storage="TestAssembly.dll">
      <Execution id="f608718f-3998-4c8f-aefa-ba59dc8eac52" />
      <TestMethod codeBase="TestAssembly.dll" className="TestNamespace.TestClass5" name="Test4943" />
    </UnitTest>
    <UnitTest name="Test4944" id="e150031a-bf51-4ca5-b514-a1fcf78e2499" storage="TestAssembly.dll">
      <Execution id="12011057-75c6-4ab7-ad87-da474eeb4618" />
      <TestMethod codeBase="TestAssembly.dll" className="TestNamespace.TestClass5" name="Test4944" />
    </UnitTest>
    <UnitTest name="Test4945" id="1122aab1-07fe-427c-abdf-8e113b9a5367" storage="TestAssembly.dll">
      <Execution id="6738316f-c4b2-4e47-8202-a4d1770d8f49" />
      <TestMethod codeBase="TestAssembly.dll" className="TestNamespace.TestClass5" name="Test4945" />
    </UnitTest>
    <UnitTest name="Test4946" id="70994495-1132-4876-8981-332826637c28" storage="TestAssembly.dll">
      <Execution id="5ea600b4-fa1f-49de-8c01-41755dfac6bc" />
      <TestMethod codeBase="TestAssembly.dll" className="TestNamespace.TestClass5" name="Test4946" />
    </UnitTest>
    <UnitTest name="Test4947" id="000764b3-cfb1-477b-bd23-331bbbf4f7aa" storage="TestAssembly.dll">
      <Execution id="6bbfe467-8683-41d5-aef0-6eb4c79a5c6c" />
      <TestMethod codeBase="TestAssembly.dll" className="TestNamespace.TestClass5" name="Test4947" />
    </UnitTest>
    <UnitTest name="Test4948" id="64145f6c-9075-422a-9b7d-d82e6b7c722e" storage="TestAssembly.dll">
      <Execution id="d9988d26-3409-41b6-bd8d-f09dfbc1cafc" />
      <TestMethod codeBase="TestAssembly.dll" className="TestNamespace.TestClass5" name="Test4948" />
    </UnitTest>
    <UnitTest name="Test4949" id="831cfbc9-8e59-4e07-8aeb-c5ecfeda54a5" storage="TestAssembly.dll">
      <Execution id="28cf49cf-e0e2-47ea-8544-605b2bbafdc9" />
      <TestMethod codeBase="TestAssembly.dll" className="TestNamespace.TestClass5" name="Test4949" />
    </UnitTest>
    <UnitTest name="Test4950" id="00d667c4-c57b-4691-ba61-97789137de32" storage="TestAssembly.dll">
      <Execution id="9b084f75-0126-44d2-ad5f-77aeadc6876c" />
      <TestMethod codeBase="TestAssembly.dll" className="TestNamespace.TestClass5" name="Test4950" />
    </UnitTest>
    <UnitTest name="Test4951" id="b64c1ca2-0010-4c13-89ea-801c1761feb7" storage="TestAssembly.dll">
      <Execution id="53b39696-a094-440f-a854-e172140d6d7b" />
      <TestMethod codeBase="TestAssembly.dll" className="TestNamespace.TestClass6" name="Test4951" />
    </UnitTest>
    <UnitTest name="Test4952" id="5fb1853c-87dd-4c4a-b2a2-c0aeb588d1fa" storage="TestAssembly.dll">
      <Execution id="376d3f62-b73e-43d1-a8da-8603109ce128" />
      <TestMethod codeBase="TestAssembly.dll" className="TestNamespace.TestClass6" name="Test4952" />
    </UnitTest>
    <UnitTest name="Test4953" id="de63e377-5235-47aa-935a-a5ec31d67c17" storage="TestAssembly.dll">
      <Execution id="2507bbe4-8824-496b-a9af-f8ede475d33f" />
      <TestMethod codeBase="TestAssembly.dll" className="TestNamespace.TestClass6" name="Test4953" />
    </UnitTest>
    <UnitTest name="Test4954" id="4a82d586-8364-4754-8600-37d3f71c4453" storage="TestAssembly.dll">
      <Execution id="d7abbfec-2f50-451d-a914-6b8b05d77f81" />
      <TestMethod codeBase="TestAssembly.dll" className="TestNamespace.TestClass6" name="Test4954" />
    </UnitTest>
    <UnitTest name="Test4955" id="f240ee98-5b0a-474c-b41a-2b7c98b971ab" storage="TestAssembly.dll">
      <Execution id="f4a44867-a511-4438-8b5d-973440eb5588" />
      <TestMethod codeBase="TestAssembly.dll" className="TestNamespace.TestClass6" name="Test4955" />
    </UnitTest>
    <UnitTest name="Test4956" id="9c4e2443-6ad8-4c09-81c8-5254115439ca" storage="TestAssembly.dll">
      <Execution id="990771d6-5b6c-4514-84bb-c1e7f522aa59" />
      <TestMethod codeBase="TestAssembly.dll" className="TestNamespace.TestClass6" name="Test4956" />
    </UnitTest>
    <UnitTest name="Test4957" id="ef9d4947-2755-4ec2-8eea-b4110de67f1e" storage="TestAssembly.dll">
      <Execution id="17283a26-24e7-428a-8494-7e30940a9f5b" />
      <TestMethod codeBase="TestAssembly.dll" className="TestNamespace.TestClass6" name="Test4957" />
    </UnitTest>
    <UnitTest name="Test4958" id="814533bd-f0d7-4e83-be61-235d559caa80" storage="TestAssembly.dll">
      <Execution id="ffce4ad3-bb6f-4014-ab33-5e3adf627a70" />
      <TestMethod codeBase="TestAssembly.dll" className="TestNamespace.TestClass6" name="Test4958" />
    </UnitTest>
    <UnitTest name="Test4959" id="ba2696f0-ffd0-4328-9669-5b9c436d3175" storage="TestAssembly.dll">
      <Execution id="b6b7e2f5-0829-4f7c-a08b-17fa05c7e448" />
      <TestMethod codeBase="TestAssembly.dll" className="TestNamespace.TestClass6" name="Test4959" />
    </UnitTest>
    <UnitTest name="Test4960" id="c6aa062a-6b8a-4768-b609-86ea8563c839" storage="TestAssembly.dll">
      <Execution id="138b4f5f-7fc9-4adc-8e35-ea72325399dc" />
      <TestMethod codeBase="TestAssembly.dll" className="TestNamespace.TestClass6" name="Test4960" />
    </UnitTest>
    <UnitTest name="Test4961" id="f7144575-6bc5-4ac1-8432-b6746ba3cc98" storage="TestAssembly.dll">
      <Execution id="9cfb192e-798f-494c-9378-9ae5de572792" />
      <TestMethod codeBase="TestAssembly.dll" className="TestNamespace.TestClass7" name="Test4961" />
    </UnitTest>
    <UnitTest name="Test4962" id="1bfd477a-2fa9-4e8d-99f4-0570c82d1992" storage="TestAssembly.dll">
      <Execution id="b2b87473-700e-430f-a68d-55f796a2d6b7" />
      <TestMethod codeBase="TestAssembly.dll" className="TestNamespace.TestClass7" name="Test4962" />
    </UnitTest>
    <UnitTest name="Test4963" id="23e5bf86-b13f-4152-9a43-17b2aec4d2f5" storage="TestAssembly.dll">
      <Execution id="e7ef23db-0258-4657-a466-6f9092104613" />
      <TestMethod codeBase="TestAssembly.dll" className="TestNamespace.TestClass7" name="Test4963" />
    </UnitTest>
    <UnitTest name="Test4964" id="20d1af4b-e9f1-495d-85f3-2c18f92f68f1" storage="TestAssembly.dll">
      <Execution id="dfbfe5c6-bc7e-438a-9e40-0a6be9ca536d" />
      <TestMethod codeBase="TestAssembly.dll" className="TestNamespace.TestClass7" name="Test4964" />
    </UnitTest>
    <UnitTest name="Test4965" id="bb67ca4b-4e6e-4706-bc3c-92810a224906" storage="TestAssembly.dll">
      <Execution id="cf586be9-4cb3-4c93-b2ce-a0aa9b3638e1" />
      <TestMethod codeBase="TestAssembly.dll" className="TestNamespace.TestClass7" name="Test4965" />
    </UnitTest>
    <UnitTest name="Test4966" id="1055e049-9c2f-4989-b7f0-6df052ab8926" storage="TestAssembly.dll">
      <Execution id="5a7c682a-3c20-40bf-9dc3-69dbb250251d" />
      <TestMethod codeBase="TestAssembly.dll" className="TestNamespace.TestClass7" name="Test4966" />
    </UnitTest>
    <UnitTest name="Test4967" id="3a1423e1-4033-4cba-b8a0-ee4aecd2308c" storage="TestAssembly.dll">
      <Execution id="59fc2cf8-c037-4a17-b41f-be286994556b" />
      <TestMethod codeBase="TestAssembly.dll" className="TestNamespace.TestClass7" name="Test4967" />
    </UnitTest>
    <UnitTest name="Test4968" id="abf419f5-b42d-4d0c-9016-80f3a1c8816a" storage="TestAssembly.dll">
      <Execution id="c4ce0fd2-461a-4034-b222-3a023e61c314" />
      <TestMethod codeBase="TestAssembly.dll" className="TestNamespace.TestClass7" name="Test4968" />
    </UnitTest>
    <UnitTest name="Test4969" id="50251fe8-5dd2-4c59-82ce-6fd3720c90da" storage="TestAssembly.dll">
      <Execution id="b5573fe7-f818-45fe-8fa9-9a0b0fde264c" />
      <TestMethod codeBase="TestAssembly.dll" className="TestNamespace.TestClass7" name="Test4969" />
    </UnitTest>
    <UnitTest name="Test4970" id="a7d38a24-9dcb-43ad-87d6-62158188407f" storage="TestAssembly.dll">
      <Execution id="b26ab2c7-4433-463d-bacf-a0f7d9c81dbc" />
      <TestMethod codeBase="TestAssembly.dll" className="TestNamespace.TestClass7" name="Test4970" />
    </UnitTest>
    <UnitTest name="Test4971" id="b8e716ad-a8f1-4ddf-865d-d5474fb39cb2" storage="TestAssembly.dll">
      <Execution id="1b0dc9b0-ac30-4ef6-9bbd-b0d08c65bfec" />
      <TestMethod codeBase="TestAssembly.dll" className="TestNamespace.TestClass8" name="Test4971" />
    </UnitTest>
    <UnitTest name="Test4972" id="c62d9a89-52f4-4a43-9f3c-d0586d0d5317" storage="TestAssembly.dll">
      <Execution id="26b79310-8cde-4f45-8340-cc883489d282" />
      <TestMethod codeBase="TestAssembly.dll" className="TestNamespace.TestClass8" name="Test4972" />
    </UnitTest>
    <UnitTest name="Test4973" id="5f9aa226-9592-4a96-8cbe-1e404aaafa88" storage="TestAssembly.dll">
      <Execution id="823fb82c-4fb2-44e4-83b5-7f30c5a6612c" />
      <TestMethod codeBase="TestAssembly.dll" className="TestNamespace.TestClass8" name="Test4973" />
    </UnitTest>
    <UnitTest name="Test4974" id="a0c9529d-ea17-47c8-b837-fc3f16dfea99" storage="TestAssembly.dll">
      <Execution id="6f326d2e-3f87-41c9-b32a-0c75d20f61a8" />
      <TestMethod codeBase="TestAssembly.dll" className="TestNamespace.TestClass8" name="Test4974" />
    </UnitTest>
    <UnitTest name="Test4975" id="b26dd256-dbc3-4c23-95a1-faf810b2760a" storage="TestAssembly.dll">
      <Execution id="be441f20-94aa-4dd5-b9f2-5e1670a62207" />
      <TestMethod codeBase="TestAssembly.dll" className="TestNamespace.TestClass8" name="Test4975" />
    </UnitTest>
    <UnitTest name="Test4976" id="fb2e5bfb-0c14-47ed-a71c-72fd34518d6a" storage="TestAssembly.dll">
      <Execution id="9ff7d8c1-4360-4979-9b74-ab911aa9b743" />
      <TestMethod codeBase="TestAssembly.dll" className="TestNamespace.TestClass8" name="Test4976" />
    </UnitTest>
    <UnitTest name="Test4977" id="ba2464fd-3264-4ae6-87f6-9e0a9421d6f8" storage="TestAssembly.dll">
      <Execution id="0f3b92e6-26c2-4fbe-b329-dee4ce37c245" />
      <TestMethod codeBase="TestAssembly.dll" className="TestNamespace.TestClass8" name="Test4977" />
    </UnitTest>
    <UnitTest name="Test4978" id="a9e0096d-f3d6-4202-9095-6ef8cbb955e8" storage="TestAssembly.dll">
      <Execution id="003b5daa-e31a-408e-ae15-742a54ef1c3c" />
      <TestMethod codeBase="TestAssembly.dll" className="TestNamespace.TestClass8" name="Test4978" />
    </UnitTest>
    <UnitTest name="Test4979" id="e9bdff6c-19bb-410d-924f-164a6cf51282" storage="TestAssembly.dll">
      <Execution id="aad14755-690b-4d0d-b78c-cac0538fccb2" />
      <TestMethod codeBase="TestAssembly.dll" className="TestNamespace.TestClass8" name="Test4979" />
    </UnitTest>
    <UnitTest name="Test4980" id="d7e91731-02f3-4666-9757-8c6f5953e029" storage="TestAssembly.dll">
      <Execution id="4bbb3035-09d8-4290-9b4d-c36f6a264f43" />
      <TestMethod codeBase="TestAssembly.dll" className="TestNamespace.TestClass8" name="Test4980" />
    </UnitTest>
    <UnitTest name="Test4981" id="ac86893e-c3c5-43e5-92e0-78e1000cdfae" storage="TestAssembly.dll">
      <Execution id="30758bab-6006-43eb-a180-53f1f34b19ed" />
      <TestMethod codeBase="TestAssembly.dll" className="TestNamespace.TestClass9" name="Test4981" />
    </UnitTest>
    <UnitTest name="Test4982" id="b36685e6-eb21-4024-b110-0bc45e874723" storage="TestAssembly.dll">
      <Execution id="ebe08c6d-5153-4df9-a6e0-0e9d09e711d8" />
      <TestMethod codeBase="TestAssembly.dll" className="TestNamespace.TestClass9" name="Test4982" />
    </UnitTest>
    <UnitTest name="Test4983" id="8929056f-7b88-4f3e-a0b7-2e79005be08f" storage="TestAssembly.dll">
      <Execution id="19ff8a0f-8196-452b-9a91-4bd6146b49af" />
      <TestMethod codeBase="TestAssembly.dll" className="TestNamespace.TestClass9" name="Test4983" />
    </UnitTest>
    <UnitTest name="Test4984" id="4c1af7b5-bf86-4f27-912e-a4f90e6858f4" storage="TestAssembly.dll">
      <Execution id="9e9a35de-4202-47a8-95bb-a3fcd3edd8c4" />
      <TestMethod codeBase="TestAssembly.dll" className="TestNamespace.TestClass9" name="Test4984" />
    </UnitTest>
    <UnitTest name="Test4985" id="71bba255-9f44-49fb-a558-e548fb4f7d86" storage="TestAssembly.dll">
      <Execution id="71168bce-a5cf-4f8b-9467-e90bff33c305" />
      <TestMethod codeBase="TestAssembly.dll" className="TestNamespace.TestClass9" name="Test4985" />
    </UnitTest>
    <UnitTest name="Test4986" id="c0bb7beb-39c5-4eae-921b-6d18d3ae988b" storage="TestAssembly.dll">
      <Execution id="6b278014-c528-4e1e-80bd-8c17d46f2a16" />
      <TestMethod codeBase="TestAssembly.dll" className="TestNamespace.TestClass9" name="Test4986" />
    </UnitTest>
    <UnitTest name="Test4987" id="23450ae6-52d0-4cf5-8888-70687ad34dea" storage="TestAssembly.dll">
      <Execution id="6c0cdbf8-cfc1-4eda-b7b0-f5579fcb99a1" />
      <TestMethod codeBase="TestAssembly.dll" className="TestNamespace.TestClass9" name="Test4987" />
    </UnitTest>
    <UnitTest name="Test4988" id="0d2237f1-4a6f-4b86-840d-930c8ae33399" storage="TestAssembly.dll">
      <Execution id="36ea4942-3e37-4074-b696-22cbd6493cfa" />
      <TestMethod codeBase="TestAssembly.dll" className="TestNamespace.TestClass9" name="Test4988" />
    </UnitTest>
    <UnitTest name="Test4989" id="7561eef3-a0f5-4614-bd22-aacd8d49d591" storage="TestAssembly.dll">
      <Execution id="e5458140-18ba-41c4-bcd8-969c59faa32e" />
      <TestMethod codeBase="TestAssembly.dll" className="TestNamespace.TestClass9" name="Test4989" />
    </UnitTest>
    <UnitTest name="Test4990" id="1c7e82a9-a030-4376-a799-5b2a3a2dbb03" storage="TestAssembly.dll">
      <Execution id="29b62ec2-1125-479f-8703-e2c0aac7fadc" />
      <TestMethod codeBase="TestAssembly.dll" className="TestNamespace.TestClass9" name="Test4990" />
    </UnitTest>
    <UnitTest name="Test4991" id="fbad1f43-929b-40c2-845d-03da45a8f17c" storage="TestAssembly.dll">
      <Execution id="f1345d28-3232-4bbd-b199-ad48397bc0d7" />
      <TestMethod codeBase="TestAssembly.dll" className="TestNamespace.TestClass10" name="Test4991" />
    </UnitTest>
    <UnitTest name="Test4992" id="a5764d3f-2cde-4c88-8a73-3faa501110f6" storage="TestAssembly.dll">
      <Execution id="d46405a4-cb33-46e1-a9a3-94718a7074f5" />
      <TestMethod codeBase="TestAssembly.dll" className="TestNamespace.TestClass10" name="Test4992" />
    </UnitTest>
    <UnitTest name="Test4993" id="dfeff14e-b42e-47b7-9134-5829862b64f3" storage="TestAssembly.dll">
      <Execution id="af328e4d-8deb-41b3-8de8-33f0ffc9b249" />
      <TestMethod codeBase="TestAssembly.dll" className="TestNamespace.TestClass10" name="Test4993" />
    </UnitTest>
    <UnitTest name="Test4994" id="c99eb103-261b-4026-88ec-ca7844158fd2" storage="TestAssembly.dll">
      <Execution id="2555c666-fabc-413a-9640-9769f3d2452e" />
      <TestMethod codeBase="TestAssembly.dll" className="TestNamespace.TestClass10" name="Test4994" />
    </UnitTest>
    <UnitTest name="Test4995" id="a0dd7a2a-f417-4b66-9d5f-787d23d112a0" storage="TestAssembly.dll">
      <Execution id="ea264ddd-445b-4127-86b7-e81d2f501aff" />
      <TestMethod codeBase="TestAssembly.dll" className="TestNamespace.TestClass10" name="Test4995" />
    </UnitTest>
    <UnitTest name="Test4996" id="7f1cf4a6-469f-4cce-970d-10967adb3173" storage="TestAssembly.dll">
      <Execution id="f38799fa-457a-4f37-b947-0e6b1fef544a" />
      <TestMethod codeBase="TestAssembly.dll" className="TestNamespace.TestClass10" name="Test4996" />
    </UnitTest>
    <UnitTest name="Test4997" id="dff837f2-fb5a-4473-b70b-daa044de866d" storage="TestAssembly.dll">
      <Execution id="f6b93be0-1e5c-4b14-8a07-adfe2bda1fd2" />
      <TestMethod codeBase="TestAssembly.dll" className="TestNamespace.TestClass10" name="Test4997" />
    </UnitTest>
    <UnitTest name="Test4998" id="d9e9060e-e585-4a68-916d-78e71dd3ad64" storage="TestAssembly.dll">
      <Execution id="a0a56130-f3c9-47df-a709-38c7f2788bcc" />
      <TestMethod codeBase="TestAssembly.dll" className="TestNamespace.TestClass10" name="Test4998" />
    </UnitTest>
    <UnitTest name="Test4999" id="99147ef6-558f-4838-8c81-4d5c55b1281c" storage="TestAssembly.dll">
      <Execution id="a997ab2f-6b6b-4866-8737-f25c1ca6cdb7" />
      <TestMethod codeBase="TestAssembly.dll" className="TestNamespace.TestClass10" name="Test4999" />
    </UnitTest>
    <UnitTest name="Test5000" id="6da40ff7-1282-4f30-91a7-cb74dcab799a" storage="TestAssembly.dll">
      <Execution id="29dc0c8d-42c8-4cbb-aacf-b17064d27b38" />
      <TestMethod codeBase="TestAssembly.dll" className="TestNamespace.TestClass10" name="Test5000" />
    </UnitTest>
  </TestDefinitions>
  <TestEntries>
    <TestEntry testId="915030a2-6aea-4c03-a8b1-5cd1e83c0239" executionId="4e23a700-9817-4c05-89dd-1567cb765c03" testListId="b55845df-9185-44b6-bbb4-c563401d02a6" />
    <TestEntry testId="3dc41c74-7818-4964-8e8d-441bc92e7a6d" executionId="868718d7-7525-4639-b928-fd50b13e5bec" testListId="b55845df-9185-44b6-bbb4-c563401d02a6" />
    <TestEntry testId="b1419c8a-e975-49bf-a72f-8d61716f10a3" executionId="14b3f224-a641-420e-9f09-503e222ca408" testListId="b55845df-9185-44b6-bbb4-c563401d02a6" />
    <TestEntry testId="bf231dd8-a5b3-4ccb-a3dd-ca80a6b5e606" executionId="ce6823eb-cc69-4129-b0a1-f597b7bb8f77" testListId="b55845df-9185-44b6-bbb4-c563401d02a6" />
    <TestEntry testId="443213b3-01a1-4c8d-bc29-dabf1bc43932" executionId="3c3f989b-7214-4f23-b49f-c98c2529c3f6" testListId="b55845df-9185-44b6-bbb4-c563401d02a6" />
    <TestEntry testId="6848a431-dbfc-44d1-83aa-a88e00c073a1" executionId="c04cb2fe-266a-4b10-b4c6-760945d70255" testListId="b55845df-9185-44b6-bbb4-c563401d02a6" />
    <TestEntry testId="6a08adaf-e96e-4300-ac95-a02115eee2ba" executionId="29bb20e4-c1e5-42ad-ad33-adf41cc69c5e" testListId="b55845df-9185-44b6-bbb4-c563401d02a6" />
    <TestEntry testId="1ebabd67-d60d-443c-adb8-dc601bb4971b" executionId="59eb28b6-50a6-42c1-b6a3-2ac2d1afe9ae" testListId="b55845df-9185-44b6-bbb4-c563401d02a6" />
    <TestEntry testId="6076e28b-6335-46d5-8a14-95a49753a8af" executionId="2eb377e9-4ea6-4540-ac9f-b714bb4edb38" testListId="b55845df-9185-44b6-bbb4-c563401d02a6" />
    <TestEntry testId="521443d1-9418-40ee-8fc0-53495061fc50" executionId="0c51a01a-2944-4670-925e-d1725870bbea" testListId="b55845df-9185-44b6-bbb4-c563401d02a6" />
    <TestEntry testId="ea5d413c-a6f5-4fa5-b2c4-b148b1939dee" executionId="04b91009-57e2-4ddb-8d0c-70bae56102d1" testListId="b55845df-9185-44b6-bbb4-c563401d02a6" />
    <TestEntry testId="e6c4b8c7-11eb-4eca-8a43-681d3e81eb9e" executionId="6c57b0fc-cd83-4f08-bf8e-dfd2837f0664" testListId="b55845df-9185-44b6-bbb4-c563401d02a6" />
    <TestEntry testId="a134df26-b342-4490-a5d7-265539433c51" executionId="7b1e997b-9e84-4ceb-88c6-3ad49b4794f1" testListId="b55845df-9185-44b6-bbb4-c563401d02a6" />
    <TestEntry testId="6f36e9f3-fd84-488f-afd5-b9fddfe52bfa" executionId="7b7318c7-d625-4e64-bfb3-80733e12aba6" testListId="b55845df-9185-44b6-bbb4-c563401d02a6" />
    <TestEntry testId="4944db5e-aee9-4fd5-93ea-06aa7145f3df" executionId="0403a1f3-5852-4748-853a-dc2bcaf68314" testListId="b55845df-9185-44b6-bbb4-c563401d02a6" />
    <TestEntry testId="7f87c2a1-5d15-4848-8183-fd568d025732" executionId="b04a425b-4a72-4b70-806e-3d4587f0b186" testListId="b55845df-9185-44b6-bbb4-c563401d02a6" />
    <TestEntry testId="30074e43-3101-47df-a4e1-3a1f17cdcbd9" executionId="6483360d-df45-4552-ab1a-cabb7a45b65a" testListId="b55845df-9185-44b6-bbb4-c563401d02a6" />
    <TestEntry testId="babc5182-a541-4d6a-bfb4-5c5553248f3c" executionId="ffc19f1a-22dc-4958-8f9c-37e922b5283e" testListId="b55845df-9185-44b6-bbb4-c563401d02a6" />
    <TestEntry testId="f749e159-8fd5-4489-afa1-e49dd5f03352" executionId="4a4ad662-68fa-4917-8316-0031858fadb7" testListId="b55845df-9185-44b6-bbb4-c563401d02a6" />
    <TestEntry testId="931ba1cd-944d-45eb-b329-46a280518a8f" executionId="46840ba8-4f32-42d1-8831-93c7993df2e3" testListId="b55845df-9185-44b6-bbb4-c563401d02a6" />
    <TestEntry testId="38d6979f-080b-4ed2-8c91-7b183e2f98eb" executionId="03176f98-a1a3-47e4-9c45-54cede23c1cb" testListId="b55845df-9185-44b6-bbb4-c563401d02a6" />
    <TestEntry testId="2d2d8b34-2a99-4f05-9b0d-4f21624b206e" executionId="33690ec2-a8a5-44e2-af34-b002697b8f06" testListId="b55845df-9185-44b6-bbb4-c563401d02a6" />
    <TestEntry testId="b3527778-66ea-4864-b36b-a89783a1222e" executionId="5c5c3895-e3cb-48a3-9583-ae16d2515a24" testListId="b55845df-9185-44b6-bbb4-c563401d02a6" />
    <TestEntry testId="eb19c220-0c87-4405-8a84-706cb6e22ee5" executionId="902b4f8d-55ff-42d5-99bf-56da439c1426" testListId="b55845df-9185-44b6-bbb4-c563401d02a6" />
    <TestEntry testId="d14e9e42-730f-47a8-bba9-20501c384b90" executionId="61c20f56-3497-40a9-bd62-103ade44a2e1" testListId="b55845df-9185-44b6-bbb4-c563401d02a6" />
    <TestEntry testId="45791260-69da-4808-8415-82ab67b6847b" executionId="322e52c7-efeb-44af-87de-f772ed51e2e2" testListId="b55845df-9185-44b6-bbb4-c563401d02a6" />
    <TestEntry testId="78efcf0c-419a-495a-8fc6-2f741dae8231" executionId="8f3f9826-6664-4df1-a187-5ab9039dcaef" testListId="b55845df-9185-44b6-bbb4-c563401d02a6" />
    <TestEntry testId="a31ae769-bc79-4cfc-8657-c0baead32d26" executionId="8da8d62c-dfe8-49cb-b0e6-0d5aa5d2db23" testListId="b55845df-9185-44b6-bbb4-c563401d02a6" />
    <TestEntry testId="34c9f408-2c10-4f3e-b492-e937b2843bdb" executionId="2de8d7ca-c465-4737-a13a-7f7ab592bd11" testListId="b55845df-9185-44b6-bbb4-c563401d02a6" />
    <TestEntry testId="80c28ec7-5886-4f6a-a092-abe7a51c91fa" executionId="d3c11a70-351b-4bb4-b812-0ad5fed01e09" testListId="b55845df-9185-44b6-bbb4-c563401d02a6" />
    <TestEntry testId="790dc5b4-dfe6-44a9-b595-ff54fbd7f183" executionId="274b7644-31a5-4637-807a-ed78c291f7c7" testListId="b55845df-9185-44b6-bbb4-c563401d02a6" />
    <TestEntry testId="1735e246-2f25-4a75-98e5-4ae08a67f089" executionId="7a276c4d-9731-4cf0-a232-599c084cb3c1" testListId="b55845df-9185-44b6-bbb4-c563401d02a6" />
    <TestEntry testId="9df899d3-bf74-4586-b1e0-54e89e4c8d86" executionId="390a9320-5d31-4c56-8f4f-ef03a879b608" testListId="b55845df-9185-44b6-bbb4-c563401d02a6" />
    <TestEntry testId="4ecbdea0-37c3-4aa4-935c-f3550eba391f" executionId="d24a4562-5d0f-4007-834a-243e8636d75c" testListId="b55845df-9185-44b6-bbb4-c563401d02a6" />
    <TestEntry testId="17c91f12-3bb2-4c9e-b136-b3eccba6ea13" executionId="79e8cc26-80bf-4f60-91d4-47eb7282eedc" testListId="b55845df-9185-44b6-bbb4-c563401d02a6" />
    <TestEntry testId="fbab6089-e35b-479a-9a23-5584fee9e264" executionId="b6e88ba7-cf97-426c-8352-38094c8b89c5" testListId="b55845df-9185-44b6-bbb4-c563401d02a6" />
    <TestEntry testId="dbeee11a-8129-479b-a68d-3221be8e7ea6" executionId="8081ed1b-b8ea-4303-9cf4-6f899bca15f6" testListId="b55845df-9185-44b6-bbb4-c563401d02a6" />
    <TestEntry testId="17ec8366-9e9c-4df5-b122-b726364e03ad" executionId="2b94fd7b-fd33-4f33-a086-0e7373d561d8" testListId="b55845df-9185-44b6-bbb4-c563401d02a6" />
    <TestEntry testId="4288cf44-9b2f-41d4-aadc-89aeade03917" executionId="4975090c-d695-4e50-8379-37dd2ee3e370" testListId="b55845df-9185-44b6-bbb4-c563401d02a6" />
    <TestEntry testId="972dda98-bf79-4130-8d56-f6417e0a6394" executionId="e8061f36-2751-43dc-8db6-d80900b034af" testListId="b55845df-9185-44b6-bbb4-c563401d02a6" />
    <TestEntry testId="3177e1f2-a45a-4ec7-b9f5-1b23c4f106f8" executionId="d769effe-0cdc-41cc-8172-95c14025d774" testListId="b55845df-9185-44b6-bbb4-c563401d02a6" />
    <TestEntry testId="9fa09848-9a78-490f-a955-6f0174978db6" executionId="b3a93b65-3413-44fc-9fff-f722ae03c804" testListId="b55845df-9185-44b6-bbb4-c563401d02a6" />
    <TestEntry testId="278c3661-ce3c-4e8f-9145-479e65ad0549" executionId="f608718f-3998-4c8f-aefa-ba59dc8eac52" testListId="b55845df-9185-44b6-bbb4-c563401d02a6" />
    <TestEntry testId="e150031a-bf51-4ca5-b514-a1fcf78e2499" executionId="12011057-75c6-4ab7-ad87-da474eeb4618" testListId="b55845df-9185-44b6-bbb4-c563401d02a6" />
    <TestEntry testId="1122aab1-07fe-427c-abdf-8e113b9a5367" executionId="6738316f-c4b2-4e47-8202-a4d1770d8f49" testListId="b55845df-9185-44b6-bbb4-c563401d02a6" />
    <TestEntry testId="70994495-1132-4876-8981-332826637c28" executionId="5ea600b4-fa1f-49de-8c01-41755dfac6bc" testListId="b55845df-9185-44b6-bbb4-c563401d02a6" />
    <TestEntry testId="000764b3-cfb1-477b-bd23-331bbbf4f7aa" executionId="6bbfe467-8683-41d5-aef0-6eb4c79a5c6c" testListId="b55845df-9185-44b6-bbb4-c563401d02a6" />
    <TestEntry testId="64145f6c-9075-422a-9b7d-d82e6b7c722e" executionId="d9988d26-3409-41b6-bd8d-f09dfbc1cafc" testListId="b55845df-9185-44b6-bbb4-c563401d02a6" />
    <TestEntry testId="831cfbc9-8e59-4e07-8aeb-c5ecfeda54a5" executionId="28cf49cf-e0e2-47ea-8544-605b2bbafdc9" testListId="b55845df-9185-44b6-bbb4-c563401d02a6" />
    <TestEntry testId="00d667c4-c57b-4691-ba61-97789137de32" executionId="9b084f75-0126-44d2-ad5f-77aeadc6876c" testListId="b55845df-9185-44b6-bbb4-c563401d02a6" />
    <TestEntry testId="b64c1ca2-0010-4c13-89ea-801c1761feb7" executionId="53b39696-a094-440f-a854-e172140d6d7b" testListId="b55845df-9185-44b6-bbb4-c563401d02a6" />
    <TestEntry testId="5fb1853c-87dd-4c4a-b2a2-c0aeb588d1fa" executionId="376d3f62-b73e-43d1-a8da-8603109ce128" testListId="b55845df-9185-44b6-bbb4-c563401d02a6" />
    <TestEntry testId="de63e377-5235-47aa-935a-a5ec31d67c17" executionId="2507bbe4-8824-496b-a9af-f8ede475d33f" testListId="b55845df-9185-44b6-bbb4-c563401d02a6" />
    <TestEntry testId="4a82d586-8364-4754-8600-37d3f71c4453" executionId="d7abbfec-2f50-451d-a914-6b8b05d77f81" testListId="b55845df-9185-44b6-bbb4-c563401d02a6" />
    <TestEntry testId="f240ee98-5b0a-474c-b41a-2b7c98b971ab" executionId="f4a44867-a511-4438-8b5d-973440eb5588" testListId="b55845df-9185-44b6-bbb4-c563401d02a6" />
    <TestEntry testId="9c4e2443-6ad8-4c09-81c8-5254115439ca" executionId="990771d6-5b6c-4514-84bb-c1e7f522aa59" testListId="b55845df-9185-44b6-bbb4-c563401d02a6" />
    <TestEntry testId="ef9d4947-2755-4ec2-8eea-b4110de67f1e" executionId="17283a26-24e7-428a-8494-7e30940a9f5b" testListId="b55845df-9185-44b6-bbb4-c563401d02a6" />
    <TestEntry testId="814533bd-f0d7-4e83-be61-235d559caa80" executionId="ffce4ad3-bb6f-4014-ab33-5e3adf627a70" testListId="b55845df-9185-44b6-bbb4-c563401d02a6" />
    <TestEntry testId="ba2696f0-ffd0-4328-9669-5b9c436d3175" executionId="b6b7e2f5-0829-4f7c-a08b-17fa05c7e448" testListId="b55845df-9185-44b6-bbb4-c563401d02a6" />
    <TestEntry testId="c6aa062a-6b8a-4768-b609-86ea8563c839" executionId="138b4f5f-7fc9-4adc-8e35-ea72325399dc" testListId="b55845df-9185-44b6-bbb4-c563401d02a6" />
    <TestEntry testId="f7144575-6bc5-4ac1-8432-b6746ba3cc98" executionId="9cfb192e-798f-494c-9378-9ae5de572792" testListId="b55845df-9185-44b6-bbb4-c563401d02a6" />
    <TestEntry testId="1bfd477a-2fa9-4e8d-99f4-0570c82d1992" executionId="b2b87473-700e-430f-a68d-55f796a2d6b7" testListId="b55845df-9185-44b6-bbb4-c563401d02a6" />
    <TestEntry testId="23e5bf86-b13f-4152-9a43-17b2aec4d2f5" executionId="e7ef23db-0258-4657-a466-6f9092104613" testListId="b55845df-9185-44b6-bbb4-c563401d02a6" />
    <TestEntry testId="20d1af4b-e9f1-495d-85f3-2c18f92f68f1" executionId="dfbfe5c6-bc7e-438a-9e40-0a6be9ca536d" testListId="b55845df-9185-44b6-bbb4-c563401d02a6" />
    <TestEntry testId="bb67ca4b-4e6e-4706-bc3c-92810a224906" executionId="cf586be9-4cb3-4c93-b2ce-a0aa9b3638e1" testListId="b55845df-9185-44b6-bbb4-c563401d02a6" />
    <TestEntry testId="1055e049-9c2f-4989-b7f0-6df052ab8926" executionId="5a7c682a-3c20-40bf-9dc3-69dbb250251d" testListId="b55845df-9185-44b6-bbb4-c563401d02a6" />
    <TestEntry testId="3a1423e1-4033-4cba-b8a0-ee4aecd2308c" executionId="59fc2cf8-c037-4a17-b41f-be286994556b" testListId="b55845df-9185-44b6-bbb4-c563401d02a6" />
    <TestEntry testId="abf419f5-b42d-4d0c-9016-80f3a1c8816a" executionId="c4ce0fd2-461a-4034-b222-3a023e61c314" testListId="b55845df-9185-44b6-bbb4-c563401d02a6" />
    <TestEntry testId="50251fe8-5dd2-4c59-82ce-6fd3720c90da" executionId="b5573fe7-f818-45fe-8fa9-9a0b0fde264c" testListId="b55845df-9185-44b6-bbb4-c563401d02a6" />
    <TestEntry testId="a7d38a24-9dcb-43ad-87d6-62158188407f" executionId="b26ab2c7-4433-463d-bacf-a0f7d9c81dbc" testListId="b55845df-9185-44b6-bbb4-c563401d02a6" />
    <TestEntry testId="b8e716ad-a8f1-4ddf-865d-d5474fb39cb2" executionId="1b0dc9b0-ac30-4ef6-9bbd-b0d08c65bfec" testListId="b55845df-9185-44b6-bbb4-c563401d02a6" />
    <TestEntry testId="c62d9a89-52f4-4a43-9f3c-d0586d0d5317" executionId="26b79310-8cde-4f45-8340-cc883489d282" testListId="b55845df-9185-44b6-bbb4-c563401d02a6" />
    <TestEntry testId="5f9aa226-9592-4a96-8cbe-1e404aaafa88" executionId="823fb82c-4fb2-44e4-83b5-7f30c5a6612c" testListId="b55845df-9185-44b6-bbb4-c563401d02a6" />
    <TestEntry testId="a0c9529d-ea17-47c8-b837-fc3f16dfea99" executionId="6f326d2e-3f87-41c9-b32a-0c75d20f61a8" testListId="b55845df-9185-44b6-bbb4-c563401d02a6" />
    <TestEntry testId="b26dd256-dbc3-4c23-95a1-faf810b2760a" executionId="be441f20-94aa-4dd5-b9f2-5e1670a62207" testListId="b55845df-9185-44b6-bbb4-c563401d02a6" />
    <TestEntry testId="fb2e5bfb-0c14-47ed-a71c-72fd34518d6a" executionId="9ff7d8c1-4360-4979-9b74-ab911aa9b743" testListId="b55845df-9185-44b6-bbb4-c563401d02a6" />
    <TestEntry testId="ba2464fd-3264-4ae6-87f6-9e0a9421d6f8" executionId="0f3b92e6-26c2-4fbe-b329-dee4ce37c245" testListId="b55845df-9185-44b6-bbb4-c563401d02a6" />
    <TestEntry testId="a9e0096d-f3d6-4202-9095-6ef8cbb955e8" executionId="003b5daa-e31a-408e-ae15-742a54ef1c3c" testListId="b55845df-9185-44b6-bbb4-c563401d02a6" />
    <TestEntry testId="e9bdff6c-19bb-410d-924f-164a6cf51282" executionId="aad14755-690b-4d0d-b78c-cac0538fccb2" testListId="b55845df-9185-44b6-bbb4-c563401d02a6" />
    <TestEntry testId="d7e91731-02f3-4666-9757-8c6f5953e029" executionId="4bbb3035-09d8-4290-9b4d-c36f6a264f43" testListId="b55845df-9185-44b6-bbb4-c563401d02a6" />
    <TestEntry testId="ac86893e-c3c5-43e5-92e0-78e1000cdfae" executionId="30758bab-6006-43eb-a180-53f1f34b19ed" testListId="b55845df-9185-44b6-bbb4-c563401d02a6" />
    <TestEntry testId="b36685e6-eb21-4024-b110-0bc45e874723" executionId="ebe08c6d-5153-4df9-a6e0-0e9d09e711d8" testListId="b55845df-9185-44b6-bbb4-c563401d02a6" />
    <TestEntry testId="8929056f-7b88-4f3e-a0b7-2e79005be08f" executionId="19ff8a0f-8196-452b-9a91-4bd6146b49af" testListId="b55845df-9185-44b6-bbb4-c563401d02a6" />
    <TestEntry testId="4c1af7b5-bf86-4f27-912e-a4f90e6858f4" executionId="9e9a35de-4202-47a8-95bb-a3fcd3edd8c4" testListId="b55845df-9185-44b6-bbb4-c563401d02a6" />
    <TestEntry testId="71bba255-9f44-49fb-a558-e548fb4f7d86" executionId="71168bce-a5cf-4f8b-9467-e90bff33c305" testListId="b55845df-9185-44b6-bbb4-c563401d02a6" />
    <TestEntry testId="c0bb7beb-39c5-4eae-921b-6d18d3ae988b" executionId="6b278014-c528-4e1e-80bd-8c17d46f2a16" testListId="b55845df-9185-44b6-bbb4-c563401d02a6" />
    <TestEntry testId="23450ae6-52d0-4cf5-8888-70687ad34dea" executionId="6c0cdbf8-cfc1-4eda-b7b0-f5579fcb99a1" testListId="b55845df-9185-44b6-bbb4-c563401d02a6" />
    <TestEntry testId="0d2237f1-4a6f-4b86-840d-930c8ae33399" executionId="36ea4942-3e37-4074-b696-22cbd6493cfa" testListId="b55845df-9185-44b6-bbb4-c563401d02a6" />
    <TestEntry testId="7561eef3-a0f5-4614-bd22-aacd8d49d591" executionId="e5458140-18ba-41c4-bcd8-969c59faa32e" testListId="b55845df-9185-44b6-bbb4-c563401d02a6" />
    <TestEntry testId="1c7e82a9-a030-4376-a799-5b2a3a2dbb03" executionId="29b62ec2-1125-479f-8703-e2c0aac7fadc" testListId="b55845df-9185-44b6-bbb4-c563401d02a6" />
    <TestEntry testId="fbad1f43-929b-40c2-845d-03da45a8f17c" executionId="f1345d28-3232-4bbd-b199-ad48397bc0d7" testListId="b55845df-9185-44b6-bbb4-c563401d02a6" />
    <TestEntry testId="a5764d3f-2cde-4c88-8a73-3faa501110f6" executionId="d46405a4-cb33-46e1-a9a3-94718a7074f5" testListId="b55845df-9185-44b6-bbb4-c563401d02a6" />
    <TestEntry testId="dfeff14e-b42e-47b7-9134-5829862b64f3" executionId="af328e4d-8deb-41b3-8de8-33f0ffc9b249" testListId="b55845df-9185-44b6-bbb4-c563401d02a6" />
    <TestEntry testId="c99eb103-261b-4026-88ec-ca7844158fd2" executionId="2555c666-fabc-413a-9640-9769f3d2452e" testListId="b55845df-9185-44b6-bbb4-c563401d02a6" />
    <TestEntry testId="a0dd7a2a-f417-4b66-9d5f-787d23d112a0" executionId="ea264ddd-445b-4127-86b7-e81d2f501aff" testListId="b55845df-9185-44b6-bbb4-c563401d02a6" />
    <TestEntry testId="7f1cf4a6-469f-4cce-970d-10967adb3173" executionId="f38799fa-457a-4f37-b947-0e6b1fef544a" testListId="b55845df-9185-44b6-bbb4-c563401d02a6" />
    <TestEntry testId="dff837f2-fb5a-4473-b70b-daa044de866d" executionId="f6b93be0-1e5c-4b14-8a07-adfe2bda1fd2" testListId="b55845df-9185-44b6-bbb4-c563401d02a6" />
    <TestEntry testId="d9e9060e-e585-4a68-916d-78e71dd3ad64" executionId="a0a56130-f3c9-47df-a709-38c7f2788bcc" testListId="b55845df-9185-44b6-bbb4-c563401d02a6" />
    <TestEntry testId="99147ef6-558f-4838-8c81-4d5c55b1281c" executionId="a997ab2f-6b6b-4866-8737-f25c1ca6cdb7" testListId="b55845df-9185-44b6-bbb4-c563401d02a6" />
    <TestEntry testId="6da40ff7-1282-4f30-91a7-cb74dcab799a" executionId="29dc0c8d-42c8-4cbb-aacf-b17064d27b38" testListId="b55845df-9185-44b6-bbb4-c563401d02a6" />
  </TestEntries>
  <TestLists>
    <TestList name="Results Not in a List" id="b55845df-9185-44b6-bbb4-c563401d02a6" />
    <TestList name="All Loaded Results" id="3447b65e-a26b-4a8d-b49c-319d9db817b1" />
  </TestLists>
</TestRun>