<?xml version="1.0" encoding="UTF-8"?>
<TestRun id="60152548-09e3-423c-8ba0-323bf5396c18" name="Test Run 95" runUser="Oles Galatsan" xmlns="http://microsoft.com/schemas/VisualStudio/TeamTest/2010">
  <Times creation="2025-05-14T13:20:31.3125482Z" queuing="2025-05-14T13:20:31.3125482Z" start="2025-05-14T13:20:31.3146610Z" finish="2025-05-14T13:25:31.3147553Z" />
  <TestSettings name="Test Settings 95" id="84d57105-d8ec-4b4d-bc62-cf6d23de003b" />
  <Results>
    <UnitTestResult executionId="18ac3aa3-1601-4056-8258-37a8231934b3" testId="5faa0f98-290a-49db-8339-459cb89f16d9" testName="Test9401" computerName="UA-LPT-OGA2" duration="00:00:01.7330000" startTime="2025-05-14T13:20:31.3146610Z" endTime="2025-05-14T13:25:31.3147553Z" testType="13cdc9d9-ddb5-4fa4-a97d-d965ccfc6d4b" outcome="Passed" testListId="632a4564-ab7b-47b0-b85e-6cd9d954c1eb" />
    <UnitTestResult executionId="160af87f-8b60-4850-b016-60938f0bc04d" testId="a570ff42-b180-4c6c-b382-d8cf195a49b5" testName="Test9402" computerName="UA-LPT-OGA2" duration="00:00:00.3360000" startTime="2025-05-14T13:20:31.3146610Z" endTime="2025-05-14T13:25:31.3147553Z" testType="13cdc9d9-ddb5-4fa4-a97d-d965ccfc6d4b" outcome="Passed" testListId="632a4564-ab7b-47b0-b85e-6cd9d954c1eb" />
    <UnitTestResult executionId="87b062fb-a7f6-475c-bc58-fc2f8f75ffe7" testId="63ab19cb-2ab9-43dc-b7d4-7bd556c9627f" testName="Test9403" computerName="UA-LPT-OGA2" duration="00:00:01.4570000" startTime="2025-05-14T13:20:31.3146610Z" endTime="2025-05-14T13:25:31.3147553Z" testType="13cdc9d9-ddb5-4fa4-a97d-d965ccfc6d4b" outcome="Passed" testListId="632a4564-ab7b-47b0-b85e-6cd9d954c1eb" />
    <UnitTestResult executionId="313a4139-61fe-4d45-8fe3-87c3ffcfd4ba" testId="b042f439-fde9-448b-9b36-e8ef5cf9d451" testName="Test9404" computerName="UA-LPT-OGA2" duration="00:00:01.3710000" startTime="2025-05-14T13:20:31.3146610Z" endTime="2025-05-14T13:25:31.3147553Z" testType="13cdc9d9-ddb5-4fa4-a97d-d965ccfc6d4b" outcome="Passed" testListId="632a4564-ab7b-47b0-b85e-6cd9d954c1eb" />
    <UnitTestResult executionId="18fef308-c2b9-4fa9-bb43-4381e3569ddb" testId="54eb833b-c3db-4155-9e98-0bc570407b91" testName="Test9405" computerName="UA-LPT-OGA2" duration="00:00:00.9080000" startTime="2025-05-14T13:20:31.3146610Z" endTime="2025-05-14T13:25:31.3147553Z" testType="13cdc9d9-ddb5-4fa4-a97d-d965ccfc6d4b" outcome="Passed" testListId="632a4564-ab7b-47b0-b85e-6cd9d954c1eb" />
    <UnitTestResult executionId="781a9a96-be71-40df-99b3-9d9064ff7c4d" testId="0805e6d4-4790-49c7-b532-8436d37677b8" testName="Test9406" computerName="UA-LPT-OGA2" duration="00:00:01.1030000" startTime="2025-05-14T13:20:31.3146610Z" endTime="2025-05-14T13:25:31.3147553Z" testType="13cdc9d9-ddb5-4fa4-a97d-d965ccfc6d4b" outcome="Passed" testListId="632a4564-ab7b-47b0-b85e-6cd9d954c1eb" />
    <UnitTestResult executionId="4df73b90-b929-45d6-bc77-b5a309882c13" testId="9516341d-8ddb-49f1-ae97-912aa4ca8493" testName="Test9407" computerName="UA-LPT-OGA2" duration="00:00:01.5950000" startTime="2025-05-14T13:20:31.3146610Z" endTime="2025-05-14T13:25:31.3147553Z" testType="13cdc9d9-ddb5-4fa4-a97d-d965ccfc6d4b" outcome="Passed" testListId="632a4564-ab7b-47b0-b85e-6cd9d954c1eb" />
    <UnitTestResult executionId="b9b7b635-238e-40d3-be14-27b7f1bea3dc" testId="5180e7f4-7e72-4662-807e-480381145792" testName="Test9408" computerName="UA-LPT-OGA2" duration="00:00:00.6640000" startTime="2025-05-14T13:20:31.3146610Z" endTime="2025-05-14T13:25:31.3147553Z" testType="13cdc9d9-ddb5-4fa4-a97d-d965ccfc6d4b" outcome="Passed" testListId="632a4564-ab7b-47b0-b85e-6cd9d954c1eb" />
    <UnitTestResult executionId="5682dac0-1233-4d19-8843-c789061cb3ab" testId="948b9c41-2d5f-41ed-b452-9cb3922cd7b1" testName="Test9409" computerName="UA-LPT-OGA2" duration="00:00:01.1950000" startTime="2025-05-14T13:20:31.3146610Z" endTime="2025-05-14T13:25:31.3147553Z" testType="13cdc9d9-ddb5-4fa4-a97d-d965ccfc6d4b" outcome="Passed" testListId="632a4564-ab7b-47b0-b85e-6cd9d954c1eb" />
    <UnitTestResult executionId="23cf0b0d-d43c-4532-a61f-f6b714699354" testId="d2704142-313c-406f-809b-a69a056bec8d" testName="Test9410" computerName="UA-LPT-OGA2" duration="00:00:01.6520000" startTime="2025-05-14T13:20:31.3146610Z" endTime="2025-05-14T13:25:31.3147553Z" testType="13cdc9d9-ddb5-4fa4-a97d-d965ccfc6d4b" outcome="Passed" testListId="632a4564-ab7b-47b0-b85e-6cd9d954c1eb" />
    <UnitTestResult executionId="1afaaf3b-4ab3-44a7-85e5-0f6e19402f79" testId="93a312ee-ffe8-47ab-8ee8-897b25fcc545" testName="Test9411" computerName="UA-LPT-OGA2" duration="00:00:00.3490000" startTime="2025-05-14T13:20:31.3146610Z" endTime="2025-05-14T13:25:31.3147553Z" testType="13cdc9d9-ddb5-4fa4-a97d-d965ccfc6d4b" outcome="Passed" testListId="632a4564-ab7b-47b0-b85e-6cd9d954c1eb" />
    <UnitTestResult executionId="91ee3052-0d4f-44df-83c3-5c04cb8f930e" testId="f49f4969-2643-4ce8-8ace-888ae7453a09" testName="Test9412" computerName="UA-LPT-OGA2" duration="00:00:01.5710000" startTime="2025-05-14T13:20:31.3146610Z" endTime="2025-05-14T13:25:31.3147553Z" testType="13cdc9d9-ddb5-4fa4-a97d-d965ccfc6d4b" outcome="Passed" testListId="632a4564-ab7b-47b0-b85e-6cd9d954c1eb" />
    <UnitTestResult executionId="702d1c47-b950-45a6-91ec-6ae1a5cc4fb6" testId="4ea5294f-3b1d-403b-a16d-c196c799a828" testName="Test9413" computerName="UA-LPT-OGA2" duration="00:00:01.0560000" startTime="2025-05-14T13:20:31.3146610Z" endTime="2025-05-14T13:25:31.3147553Z" testType="13cdc9d9-ddb5-4fa4-a97d-d965ccfc6d4b" outcome="Passed" testListId="632a4564-ab7b-47b0-b85e-6cd9d954c1eb" />
    <UnitTestResult executionId="8e2f3a23-a320-4bc0-bc46-d8fa446f28ac" testId="87488411-e6f9-4f9e-ae8c-43668626a7af" testName="Test9414" computerName="UA-LPT-OGA2" duration="00:00:01.5930000" startTime="2025-05-14T13:20:31.3146610Z" endTime="2025-05-14T13:25:31.3147553Z" testType="13cdc9d9-ddb5-4fa4-a97d-d965ccfc6d4b" outcome="Passed" testListId="632a4564-ab7b-47b0-b85e-6cd9d954c1eb" />
    <UnitTestResult executionId="a3891a65-0a93-46ef-9d6f-62ea2394369b" testId="0c532c3a-05e3-4a4e-80cd-cb1b8383140b" testName="Test9415" computerName="UA-LPT-OGA2" duration="00:00:01.9720000" startTime="2025-05-14T13:20:31.3146610Z" endTime="2025-05-14T13:25:31.3147553Z" testType="13cdc9d9-ddb5-4fa4-a97d-d965ccfc6d4b" outcome="Passed" testListId="632a4564-ab7b-47b0-b85e-6cd9d954c1eb" />
    <UnitTestResult executionId="f59998b5-eb3a-4212-84eb-9ddda806339e" testId="ba77fabd-1d49-4524-9b60-22bf48563b0b" testName="Test9416" computerName="UA-LPT-OGA2" duration="00:00:00.0850000" startTime="2025-05-14T13:20:31.3146610Z" endTime="2025-05-14T13:25:31.3147553Z" testType="13cdc9d9-ddb5-4fa4-a97d-d965ccfc6d4b" outcome="Passed" testListId="632a4564-ab7b-47b0-b85e-6cd9d954c1eb" />
    <UnitTestResult executionId="7f2da822-48ae-421a-8dfc-df0be6dce9b2" testId="77f9af75-5603-4c3d-b9a9-891e384ce7de" testName="Test9417" computerName="UA-LPT-OGA2" duration="00:00:01.4100000" startTime="2025-05-14T13:20:31.3146610Z" endTime="2025-05-14T13:25:31.3147553Z" testType="13cdc9d9-ddb5-4fa4-a97d-d965ccfc6d4b" outcome="Passed" testListId="632a4564-ab7b-47b0-b85e-6cd9d954c1eb" />
    <UnitTestResult executionId="9eba80ec-34e7-4578-aa72-80e1bc5675ad" testId="83bd553d-49a3-4954-b619-1a9968d78906" testName="Test9418" computerName="UA-LPT-OGA2" duration="00:00:00.0990000" startTime="2025-05-14T13:20:31.3146610Z" endTime="2025-05-14T13:25:31.3147553Z" testType="13cdc9d9-ddb5-4fa4-a97d-d965ccfc6d4b" outcome="Passed" testListId="632a4564-ab7b-47b0-b85e-6cd9d954c1eb" />
    <UnitTestResult executionId="19a86de3-e1af-421d-a155-fbf7cc7a63a7" testId="d4e1308b-81f7-4b20-b50c-e360cfa0d31f" testName="Test9419" computerName="UA-LPT-OGA2" duration="00:00:00.8290000" startTime="2025-05-14T13:20:31.3146610Z" endTime="2025-05-14T13:25:31.3147553Z" testType="13cdc9d9-ddb5-4fa4-a97d-d965ccfc6d4b" outcome="Passed" testListId="632a4564-ab7b-47b0-b85e-6cd9d954c1eb" />
    <UnitTestResult executionId="87e368db-f07a-466a-9636-d219a9220f72" testId="2b7dadac-1a12-415d-9cb2-29e8e38cf01b" testName="Test9420" computerName="UA-LPT-OGA2" duration="00:00:01.8890000" startTime="2025-05-14T13:20:31.3146610Z" endTime="2025-05-14T13:25:31.3147553Z" testType="13cdc9d9-ddb5-4fa4-a97d-d965ccfc6d4b" outcome="Passed" testListId="632a4564-ab7b-47b0-b85e-6cd9d954c1eb" />
    <UnitTestResult executionId="382aa0d6-00bf-4e1c-97ba-bd1714e69db4" testId="9e0576da-526f-49d1-b58b-0560a9b4141f" testName="Test9421" computerName="UA-LPT-OGA2" duration="00:00:00.0650000" startTime="2025-05-14T13:20:31.3146610Z" endTime="2025-05-14T13:25:31.3147553Z" testType="13cdc9d9-ddb5-4fa4-a97d-d965ccfc6d4b" outcome="Failed" testListId="632a4564-ab7b-47b0-b85e-6cd9d954c1eb">
      <Output>
        <ErrorInfo>
          <Message>Assertion failed: Expected value did not match actual value.</Message>
          <StackTrace>   at TestNamespace.TestClass.Test() in TestClass.cs:line 95</StackTrace>
        </ErrorInfo>
      </Output>
    </UnitTestResult>
    <UnitTestResult executionId="7496d59e-442b-4a84-946a-c3a1268b978e" testId="f353e5eb-2910-4517-b107-403f1f1b67da" testName="Test9422" computerName="UA-LPT-OGA2" duration="00:00:00.8390000" startTime="2025-05-14T13:20:31.3146610Z" endTime="2025-05-14T13:25:31.3147553Z" testType="13cdc9d9-ddb5-4fa4-a97d-d965ccfc6d4b" outcome="Passed" testListId="632a4564-ab7b-47b0-b85e-6cd9d954c1eb" />
    <UnitTestResult executionId="b126751f-a635-404b-a22a-b67171652a57" testId="1bd4799a-9c1e-4244-89b5-a43f37bb5950" testName="Test9423" computerName="UA-LPT-OGA2" duration="00:00:00.1890000" startTime="2025-05-14T13:20:31.3146610Z" endTime="2025-05-14T13:25:31.3147553Z" testType="13cdc9d9-ddb5-4fa4-a97d-d965ccfc6d4b" outcome="Passed" testListId="632a4564-ab7b-47b0-b85e-6cd9d954c1eb" />
    <UnitTestResult executionId="9c41c48e-b99a-4bc7-aefc-a4e71431b4fa" testId="4393f140-e5fb-4d0e-8c3d-ea2af9b0ef85" testName="Test9424" computerName="UA-LPT-OGA2" duration="00:00:01.6700000" startTime="2025-05-14T13:20:31.3146610Z" endTime="2025-05-14T13:25:31.3147553Z" testType="13cdc9d9-ddb5-4fa4-a97d-d965ccfc6d4b" outcome="Passed" testListId="632a4564-ab7b-47b0-b85e-6cd9d954c1eb" />
    <UnitTestResult executionId="1fa0cea2-e638-4142-932c-441bf055bf41" testId="a5573a5a-b4a5-4889-b9b5-db07d9b20074" testName="Test9425" computerName="UA-LPT-OGA2" duration="00:00:01.2930000" startTime="2025-05-14T13:20:31.3146610Z" endTime="2025-05-14T13:25:31.3147553Z" testType="13cdc9d9-ddb5-4fa4-a97d-d965ccfc6d4b" outcome="Passed" testListId="632a4564-ab7b-47b0-b85e-6cd9d954c1eb" />
    <UnitTestResult executionId="d16111af-ac8a-40bc-9350-03794c6057bf" testId="92a1377e-61ff-4a79-aabf-19fae57894e6" testName="Test9426" computerName="UA-LPT-OGA2" duration="00:00:00.2320000" startTime="2025-05-14T13:20:31.3146610Z" endTime="2025-05-14T13:25:31.3147553Z" testType="13cdc9d9-ddb5-4fa4-a97d-d965ccfc6d4b" outcome="Passed" testListId="632a4564-ab7b-47b0-b85e-6cd9d954c1eb" />
    <UnitTestResult executionId="41b61bb7-c957-4585-b7c7-69f74d0691b0" testId="c7cdc903-0fed-45a2-b272-7f4e8cedc405" testName="Test9427" computerName="UA-LPT-OGA2" duration="00:00:01.9010000" startTime="2025-05-14T13:20:31.3146610Z" endTime="2025-05-14T13:25:31.3147553Z" testType="13cdc9d9-ddb5-4fa4-a97d-d965ccfc6d4b" outcome="Passed" testListId="632a4564-ab7b-47b0-b85e-6cd9d954c1eb" />
    <UnitTestResult executionId="a4016311-425d-4542-b164-b88b5ef05ba4" testId="4972ee80-6d16-402e-ada7-8769f22be69e" testName="Test9428" computerName="UA-LPT-OGA2" duration="00:00:00.4660000" startTime="2025-05-14T13:20:31.3146610Z" endTime="2025-05-14T13:25:31.3147553Z" testType="13cdc9d9-ddb5-4fa4-a97d-d965ccfc6d4b" outcome="Passed" testListId="632a4564-ab7b-47b0-b85e-6cd9d954c1eb" />
    <UnitTestResult executionId="9ead2b76-b9c4-4206-8d93-d116fcdb5ed5" testId="b3e61950-9c07-4656-ac96-dbe7f4d6b8a3" testName="Test9429" computerName="UA-LPT-OGA2" duration="00:00:00.4520000" startTime="2025-05-14T13:20:31.3146610Z" endTime="2025-05-14T13:25:31.3147553Z" testType="13cdc9d9-ddb5-4fa4-a97d-d965ccfc6d4b" outcome="Passed" testListId="632a4564-ab7b-47b0-b85e-6cd9d954c1eb" />
    <UnitTestResult executionId="0b740c17-757d-45d9-9248-25cbde9e9734" testId="8989f327-20db-4a34-ba76-6de3b6c03ab9" testName="Test9430" computerName="UA-LPT-OGA2" duration="00:00:01.5570000" startTime="2025-05-14T13:20:31.3146610Z" endTime="2025-05-14T13:25:31.3147553Z" testType="13cdc9d9-ddb5-4fa4-a97d-d965ccfc6d4b" outcome="Passed" testListId="632a4564-ab7b-47b0-b85e-6cd9d954c1eb" />
    <UnitTestResult executionId="59f545fa-cc9b-4217-a49b-ed18aa3c3dbb" testId="267f7b10-0ea1-4949-bddb-a67f34d97ed9" testName="Test9431" computerName="UA-LPT-OGA2" duration="00:00:01.9150000" startTime="2025-05-14T13:20:31.3146610Z" endTime="2025-05-14T13:25:31.3147553Z" testType="13cdc9d9-ddb5-4fa4-a97d-d965ccfc6d4b" outcome="Passed" testListId="632a4564-ab7b-47b0-b85e-6cd9d954c1eb" />
    <UnitTestResult executionId="4d27bd8e-cc69-4c8d-8837-14cd2a7245aa" testId="7d800a6f-0870-4e85-bbf5-4b99b5d28b33" testName="Test9432" computerName="UA-LPT-OGA2" duration="00:00:00.6220000" startTime="2025-05-14T13:20:31.3146610Z" endTime="2025-05-14T13:25:31.3147553Z" testType="13cdc9d9-ddb5-4fa4-a97d-d965ccfc6d4b" outcome="Passed" testListId="632a4564-ab7b-47b0-b85e-6cd9d954c1eb" />
    <UnitTestResult executionId="4dee7e85-f7a5-4396-80d3-73fb2d4c3cd1" testId="4055b14f-5173-42fe-aa7f-c969159ecba6" testName="Test9433" computerName="UA-LPT-OGA2" duration="00:00:01.1960000" startTime="2025-05-14T13:20:31.3146610Z" endTime="2025-05-14T13:25:31.3147553Z" testType="13cdc9d9-ddb5-4fa4-a97d-d965ccfc6d4b" outcome="Passed" testListId="632a4564-ab7b-47b0-b85e-6cd9d954c1eb" />
    <UnitTestResult executionId="db9261f0-8dcd-4f62-91aa-0fdab85844d0" testId="65571a97-2ff3-4f92-bdf6-0ffebe6f098e" testName="Test9434" computerName="UA-LPT-OGA2" duration="00:00:00.8310000" startTime="2025-05-14T13:20:31.3146610Z" endTime="2025-05-14T13:25:31.3147553Z" testType="13cdc9d9-ddb5-4fa4-a97d-d965ccfc6d4b" outcome="Passed" testListId="632a4564-ab7b-47b0-b85e-6cd9d954c1eb" />
    <UnitTestResult executionId="fcb58945-b316-4c95-8702-79c88279af54" testId="5c8d0091-575d-4815-9104-a45a8a1f061b" testName="Test9435" computerName="UA-LPT-OGA2" duration="00:00:00.0540000" startTime="2025-05-14T13:20:31.3146610Z" endTime="2025-05-14T13:25:31.3147553Z" testType="13cdc9d9-ddb5-4fa4-a97d-d965ccfc6d4b" outcome="Passed" testListId="632a4564-ab7b-47b0-b85e-6cd9d954c1eb" />
    <UnitTestResult executionId="7f559a14-e71e-431a-8875-31f98f2c7f5f" testId="272b80ae-db51-45ff-859a-5ba71a1b248d" testName="Test9436" computerName="UA-LPT-OGA2" duration="00:00:01.3570000" startTime="2025-05-14T13:20:31.3146610Z" endTime="2025-05-14T13:25:31.3147553Z" testType="13cdc9d9-ddb5-4fa4-a97d-d965ccfc6d4b" outcome="Failed" testListId="632a4564-ab7b-47b0-b85e-6cd9d954c1eb">
      <Output>
        <ErrorInfo>
          <Message>Assertion failed: Expected value did not match actual value.</Message>
          <StackTrace>   at TestNamespace.TestClass.Test() in TestClass.cs:line 411</StackTrace>
        </ErrorInfo>
      </Output>
    </UnitTestResult>
    <UnitTestResult executionId="d09cc181-7691-4fec-baf8-b86f7cf82cf9" testId="1d55c87c-5388-4f14-8bff-60a83cd087cc" testName="Test9437" computerName="UA-LPT-OGA2" duration="00:00:01.1330000" startTime="2025-05-14T13:20:31.3146610Z" endTime="2025-05-14T13:25:31.3147553Z" testType="13cdc9d9-ddb5-4fa4-a97d-d965ccfc6d4b" outcome="Passed" testListId="632a4564-ab7b-47b0-b85e-6cd9d954c1eb" />
    <UnitTestResult executionId="54f4efef-99bd-4591-a72d-3c6db3ceb906" testId="ab61f33f-b96c-45a1-8fbc-783b5c90ef68" testName="Test9438" computerName="UA-LPT-OGA2" duration="00:00:01.4150000" startTime="2025-05-14T13:20:31.3146610Z" endTime="2025-05-14T13:25:31.3147553Z" testType="13cdc9d9-ddb5-4fa4-a97d-d965ccfc6d4b" outcome="Passed" testListId="632a4564-ab7b-47b0-b85e-6cd9d954c1eb" />
    <UnitTestResult executionId="e8701389-31a0-4d7a-bd44-9a81b71403ff" testId="6e3fc551-0b0c-45be-8517-fed5501e26f9" testName="Test9439" computerName="UA-LPT-OGA2" duration="00:00:01.6240000" startTime="2025-05-14T13:20:31.3146610Z" endTime="2025-05-14T13:25:31.3147553Z" testType="13cdc9d9-ddb5-4fa4-a97d-d965ccfc6d4b" outcome="Inconclusive" testListId="632a4564-ab7b-47b0-b85e-6cd9d954c1eb" />
    <UnitTestResult executionId="5bf6d59f-2859-4fd3-8fca-e23bb26173d7" testId="2f1a6135-c83e-4383-a979-18a1218b29dc" testName="Test9440" computerName="UA-LPT-OGA2" duration="00:00:00.7830000" startTime="2025-05-14T13:20:31.3146610Z" endTime="2025-05-14T13:25:31.3147553Z" testType="13cdc9d9-ddb5-4fa4-a97d-d965ccfc6d4b" outcome="Passed" testListId="632a4564-ab7b-47b0-b85e-6cd9d954c1eb" />
    <UnitTestResult executionId="d1b2c543-7638-4a38-a748-ae65c74d78ff" testId="feedb517-4dd2-46d1-8b86-8cd663e84ef4" testName="Test9441" computerName="UA-LPT-OGA2" duration="00:00:00.4840000" startTime="2025-05-14T13:20:31.3146610Z" endTime="2025-05-14T13:25:31.3147553Z" testType="13cdc9d9-ddb5-4fa4-a97d-d965ccfc6d4b" outcome="Passed" testListId="632a4564-ab7b-47b0-b85e-6cd9d954c1eb" />
    <UnitTestResult executionId="f6a0df84-3c78-4b22-8e9a-5781e1e0d061" testId="94cef452-ec28-4d34-a1dc-8c0267176eb6" testName="Test9442" computerName="UA-LPT-OGA2" duration="00:00:01.0200000" startTime="2025-05-14T13:20:31.3146610Z" endTime="2025-05-14T13:25:31.3147553Z" testType="13cdc9d9-ddb5-4fa4-a97d-d965ccfc6d4b" outcome="Passed" testListId="632a4564-ab7b-47b0-b85e-6cd9d954c1eb" />
    <UnitTestResult executionId="9567ce71-ae32-43e9-87ca-4b3be2dfa9d2" testId="3358d9fb-08fc-48ff-af70-865a2b7e2bcd" testName="Test9443" computerName="UA-LPT-OGA2" duration="00:00:01.2560000" startTime="2025-05-14T13:20:31.3146610Z" endTime="2025-05-14T13:25:31.3147553Z" testType="13cdc9d9-ddb5-4fa4-a97d-d965ccfc6d4b" outcome="Failed" testListId="632a4564-ab7b-47b0-b85e-6cd9d954c1eb">
      <Output>
        <ErrorInfo>
          <Message>Assertion failed: Expected value did not match actual value.</Message>
          <StackTrace>   at TestNamespace.TestClass.Test() in TestClass.cs:line 424</StackTrace>
        </ErrorInfo>
      </Output>
    </UnitTestResult>
    <UnitTestResult executionId="ca9e874f-ca24-4239-9150-970a85d881c3" testId="75a965c0-42f4-421c-85ae-1db756175760" testName="Test9444" computerName="UA-LPT-OGA2" duration="00:00:00.4090000" startTime="2025-05-14T13:20:31.3146610Z" endTime="2025-05-14T13:25:31.3147553Z" testType="13cdc9d9-ddb5-4fa4-a97d-d965ccfc6d4b" outcome="Passed" testListId="632a4564-ab7b-47b0-b85e-6cd9d954c1eb" />
    <UnitTestResult executionId="45a32f6e-0028-40c5-b701-da01ce1d38f4" testId="63cb468f-e7e6-4c8a-9354-6068b75cf2cd" testName="Test9445" computerName="UA-LPT-OGA2" duration="00:00:00.1580000" startTime="2025-05-14T13:20:31.3146610Z" endTime="2025-05-14T13:25:31.3147553Z" testType="13cdc9d9-ddb5-4fa4-a97d-d965ccfc6d4b" outcome="Passed" testListId="632a4564-ab7b-47b0-b85e-6cd9d954c1eb" />
    <UnitTestResult executionId="a3901e78-4d73-4d08-a95a-22c9878779f2" testId="8455bf86-9308-43ed-a183-1b035cd59879" testName="Test9446" computerName="UA-LPT-OGA2" duration="00:00:00.5450000" startTime="2025-05-14T13:20:31.3146610Z" endTime="2025-05-14T13:25:31.3147553Z" testType="13cdc9d9-ddb5-4fa4-a97d-d965ccfc6d4b" outcome="Passed" testListId="632a4564-ab7b-47b0-b85e-6cd9d954c1eb" />
    <UnitTestResult executionId="41151936-6c6c-4f4f-89a6-7baf93ec4006" testId="a0ed4a7b-ed84-425f-ae6e-9d2d3011ea54" testName="Test9447" computerName="UA-LPT-OGA2" duration="00:00:00.0210000" startTime="2025-05-14T13:20:31.3146610Z" endTime="2025-05-14T13:25:31.3147553Z" testType="13cdc9d9-ddb5-4fa4-a97d-d965ccfc6d4b" outcome="Passed" testListId="632a4564-ab7b-47b0-b85e-6cd9d954c1eb" />
    <UnitTestResult executionId="de274180-5395-46ea-8691-8a9178477146" testId="014d3af3-ee3b-4379-944a-b3b2f8ff385d" testName="Test9448" computerName="UA-LPT-OGA2" duration="00:00:01.9200000" startTime="2025-05-14T13:20:31.3146610Z" endTime="2025-05-14T13:25:31.3147553Z" testType="13cdc9d9-ddb5-4fa4-a97d-d965ccfc6d4b" outcome="Passed" testListId="632a4564-ab7b-47b0-b85e-6cd9d954c1eb" />
    <UnitTestResult executionId="93015551-7200-415a-96c9-dfe90f1c185a" testId="4ab337a9-01dc-4ec5-ada2-7f66766d1f8f" testName="Test9449" computerName="UA-LPT-OGA2" duration="00:00:00.6410000" startTime="2025-05-14T13:20:31.3146610Z" endTime="2025-05-14T13:25:31.3147553Z" testType="13cdc9d9-ddb5-4fa4-a97d-d965ccfc6d4b" outcome="Passed" testListId="632a4564-ab7b-47b0-b85e-6cd9d954c1eb" />
    <UnitTestResult executionId="797045eb-ef7f-4449-9c7d-be162132cc77" testId="a0db69c6-ca62-4b7a-ab77-6bed60aeac70" testName="Test9450" computerName="UA-LPT-OGA2" duration="00:00:01.5130000" startTime="2025-05-14T13:20:31.3146610Z" endTime="2025-05-14T13:25:31.3147553Z" testType="13cdc9d9-ddb5-4fa4-a97d-d965ccfc6d4b" outcome="Passed" testListId="632a4564-ab7b-47b0-b85e-6cd9d954c1eb" />
    <UnitTestResult executionId="becd3e00-ec2c-4698-bc45-e1d5f6c088ee" testId="a8aa6bb1-5b75-4967-8fb6-6c8b2b185b73" testName="Test9451" computerName="UA-LPT-OGA2" duration="00:00:00.4480000" startTime="2025-05-14T13:20:31.3146610Z" endTime="2025-05-14T13:25:31.3147553Z" testType="13cdc9d9-ddb5-4fa4-a97d-d965ccfc6d4b" outcome="Passed" testListId="632a4564-ab7b-47b0-b85e-6cd9d954c1eb" />
    <UnitTestResult executionId="624f2878-5f8e-4f64-bed9-6c27e866349e" testId="16a90838-8be5-4237-82b4-c585d41438eb" testName="Test9452" computerName="UA-LPT-OGA2" duration="00:00:01.3530000" startTime="2025-05-14T13:20:31.3146610Z" endTime="2025-05-14T13:25:31.3147553Z" testType="13cdc9d9-ddb5-4fa4-a97d-d965ccfc6d4b" outcome="Passed" testListId="632a4564-ab7b-47b0-b85e-6cd9d954c1eb" />
    <UnitTestResult executionId="a044956d-32a6-4223-bb83-5eb2c20b5882" testId="bd9d577e-db17-40d1-9b59-12d6129716ca" testName="Test9453" computerName="UA-LPT-OGA2" duration="00:00:01.7450000" startTime="2025-05-14T13:20:31.3146610Z" endTime="2025-05-14T13:25:31.3147553Z" testType="13cdc9d9-ddb5-4fa4-a97d-d965ccfc6d4b" outcome="Passed" testListId="632a4564-ab7b-47b0-b85e-6cd9d954c1eb" />
    <UnitTestResult executionId="de0594aa-6be8-4de0-9fec-ca4279704450" testId="47fbf105-780a-4041-b3fd-07431eb225f5" testName="Test9454" computerName="UA-LPT-OGA2" duration="00:00:00.4390000" startTime="2025-05-14T13:20:31.3146610Z" endTime="2025-05-14T13:25:31.3147553Z" testType="13cdc9d9-ddb5-4fa4-a97d-d965ccfc6d4b" outcome="Passed" testListId="632a4564-ab7b-47b0-b85e-6cd9d954c1eb" />
    <UnitTestResult executionId="25b59475-bcc7-44ed-b409-6ef85dda1a9a" testId="08361e3b-fae3-4630-bce7-167393fbe3e8" testName="Test9455" computerName="UA-LPT-OGA2" duration="00:00:00.1740000" startTime="2025-05-14T13:20:31.3146610Z" endTime="2025-05-14T13:25:31.3147553Z" testType="13cdc9d9-ddb5-4fa4-a97d-d965ccfc6d4b" outcome="Passed" testListId="632a4564-ab7b-47b0-b85e-6cd9d954c1eb" />
    <UnitTestResult executionId="1b9f3e8a-5cbf-4a28-b2aa-0df1e922332b" testId="448da6c2-5d3d-42bd-9bb1-4327ae06ebd1" testName="Test9456" computerName="UA-LPT-OGA2" duration="00:00:01.7810000" startTime="2025-05-14T13:20:31.3146610Z" endTime="2025-05-14T13:25:31.3147553Z" testType="13cdc9d9-ddb5-4fa4-a97d-d965ccfc6d4b" outcome="Passed" testListId="632a4564-ab7b-47b0-b85e-6cd9d954c1eb" />
    <UnitTestResult executionId="6979de77-35d4-4020-96e0-d5118157437d" testId="d1747d32-288d-4599-9761-d5c89d3a1454" testName="Test9457" computerName="UA-LPT-OGA2" duration="00:00:01.7590000" startTime="2025-05-14T13:20:31.3146610Z" endTime="2025-05-14T13:25:31.3147553Z" testType="13cdc9d9-ddb5-4fa4-a97d-d965ccfc6d4b" outcome="Passed" testListId="632a4564-ab7b-47b0-b85e-6cd9d954c1eb" />
    <UnitTestResult executionId="f9d36438-589e-4e3a-b88e-9c451495fb6e" testId="f213ca4f-032c-4447-a464-c875f6814be3" testName="Test9458" computerName="UA-LPT-OGA2" duration="00:00:00.2260000" startTime="2025-05-14T13:20:31.3146610Z" endTime="2025-05-14T13:25:31.3147553Z" testType="13cdc9d9-ddb5-4fa4-a97d-d965ccfc6d4b" outcome="Passed" testListId="632a4564-ab7b-47b0-b85e-6cd9d954c1eb" />
    <UnitTestResult executionId="8c94a08d-a8f8-41a8-aa4e-881a7aabfcb0" testId="c4abfecf-ba13-4339-bf09-f92e7c382c33" testName="Test9459" computerName="UA-LPT-OGA2" duration="00:00:01.6630000" startTime="2025-05-14T13:20:31.3146610Z" endTime="2025-05-14T13:25:31.3147553Z" testType="13cdc9d9-ddb5-4fa4-a97d-d965ccfc6d4b" outcome="Passed" testListId="632a4564-ab7b-47b0-b85e-6cd9d954c1eb" />
    <UnitTestResult executionId="0f20267b-aaca-4b5e-9dc7-1376d4bff719" testId="fa370a4b-3b46-48c6-a46e-d1ff05e1d8e6" testName="Test9460" computerName="UA-LPT-OGA2" duration="00:00:01.1850000" startTime="2025-05-14T13:20:31.3146610Z" endTime="2025-05-14T13:25:31.3147553Z" testType="13cdc9d9-ddb5-4fa4-a97d-d965ccfc6d4b" outcome="Passed" testListId="632a4564-ab7b-47b0-b85e-6cd9d954c1eb" />
    <UnitTestResult executionId="73fc7f54-cd10-4f76-b48d-e528d8e23187" testId="501cc5ba-7fc7-4ee3-b389-b2bb7e4c6b50" testName="Test9461" computerName="UA-LPT-OGA2" duration="00:00:01.4690000" startTime="2025-05-14T13:20:31.3146610Z" endTime="2025-05-14T13:25:31.3147553Z" testType="13cdc9d9-ddb5-4fa4-a97d-d965ccfc6d4b" outcome="Passed" testListId="632a4564-ab7b-47b0-b85e-6cd9d954c1eb" />
    <UnitTestResult executionId="24aad25d-8a6b-450b-84da-524f9f4091e9" testId="1334164a-33f5-4fda-aa8b-ef07bbce68d6" testName="Test9462" computerName="UA-LPT-OGA2" duration="00:00:01.4920000" startTime="2025-05-14T13:20:31.3146610Z" endTime="2025-05-14T13:25:31.3147553Z" testType="13cdc9d9-ddb5-4fa4-a97d-d965ccfc6d4b" outcome="Passed" testListId="632a4564-ab7b-47b0-b85e-6cd9d954c1eb" />
    <UnitTestResult executionId="5e7c28c3-0330-463f-8c86-727022c2a12e" testId="22bb08eb-5ee0-4416-ac77-c7feff83408d" testName="Test9463" computerName="UA-LPT-OGA2" duration="00:00:01.0990000" startTime="2025-05-14T13:20:31.3146610Z" endTime="2025-05-14T13:25:31.3147553Z" testType="13cdc9d9-ddb5-4fa4-a97d-d965ccfc6d4b" outcome="Passed" testListId="632a4564-ab7b-47b0-b85e-6cd9d954c1eb" />
    <UnitTestResult executionId="82b49c27-b235-4406-931a-0f1880063876" testId="77a9078b-3178-4c78-b099-434226060716" testName="Test9464" computerName="UA-LPT-OGA2" duration="00:00:01.6600000" startTime="2025-05-14T13:20:31.3146610Z" endTime="2025-05-14T13:25:31.3147553Z" testType="13cdc9d9-ddb5-4fa4-a97d-d965ccfc6d4b" outcome="Passed" testListId="632a4564-ab7b-47b0-b85e-6cd9d954c1eb" />
    <UnitTestResult executionId="3889d758-be45-4ea3-b319-5f3c9d3b5d1e" testId="8dd8ef7a-8072-4191-897d-ea430c147ac8" testName="Test9465" computerName="UA-LPT-OGA2" duration="00:00:00.2570000" startTime="2025-05-14T13:20:31.3146610Z" endTime="2025-05-14T13:25:31.3147553Z" testType="13cdc9d9-ddb5-4fa4-a97d-d965ccfc6d4b" outcome="Passed" testListId="632a4564-ab7b-47b0-b85e-6cd9d954c1eb" />
    <UnitTestResult executionId="c3843336-b963-45c0-82e4-efd28f200fee" testId="0eb22839-50cd-45fb-aee0-7b7aa4b04e8c" testName="Test9466" computerName="UA-LPT-OGA2" duration="00:00:01.6090000" startTime="2025-05-14T13:20:31.3146610Z" endTime="2025-05-14T13:25:31.3147553Z" testType="13cdc9d9-ddb5-4fa4-a97d-d965ccfc6d4b" outcome="Passed" testListId="632a4564-ab7b-47b0-b85e-6cd9d954c1eb" />
    <UnitTestResult executionId="b1abba8a-4001-40ee-9c73-132a71e222e4" testId="07bf3c40-8171-4637-a65d-93948dd31f7d" testName="Test9467" computerName="UA-LPT-OGA2" duration="00:00:00.1440000" startTime="2025-05-14T13:20:31.3146610Z" endTime="2025-05-14T13:25:31.3147553Z" testType="13cdc9d9-ddb5-4fa4-a97d-d965ccfc6d4b" outcome="Passed" testListId="632a4564-ab7b-47b0-b85e-6cd9d954c1eb" />
    <UnitTestResult executionId="e8dbf94d-c2f9-4383-9d51-f7aa2f1f97f6" testId="a204fa32-8f4c-4a79-9dca-b3eed964e3c7" testName="Test9468" computerName="UA-LPT-OGA2" duration="00:00:01.1100000" startTime="2025-05-14T13:20:31.3146610Z" endTime="2025-05-14T13:25:31.3147553Z" testType="13cdc9d9-ddb5-4fa4-a97d-d965ccfc6d4b" outcome="Passed" testListId="632a4564-ab7b-47b0-b85e-6cd9d954c1eb" />
    <UnitTestResult executionId="9f474e70-2787-4943-9f50-4ca057a6fd29" testId="55a71eb1-ad5c-46f6-8cd6-d5c015c15f3f" testName="Test9469" computerName="UA-LPT-OGA2" duration="00:00:01.3130000" startTime="2025-05-14T13:20:31.3146610Z" endTime="2025-05-14T13:25:31.3147553Z" testType="13cdc9d9-ddb5-4fa4-a97d-d965ccfc6d4b" outcome="Passed" testListId="632a4564-ab7b-47b0-b85e-6cd9d954c1eb" />
    <UnitTestResult executionId="3bfaf5cb-d473-4ab5-926b-b6063219ad8c" testId="777d1761-50ea-4e5a-b6f3-cac923073019" testName="Test9470" computerName="UA-LPT-OGA2" duration="00:00:01.3480000" startTime="2025-05-14T13:20:31.3146610Z" endTime="2025-05-14T13:25:31.3147553Z" testType="13cdc9d9-ddb5-4fa4-a97d-d965ccfc6d4b" outcome="Passed" testListId="632a4564-ab7b-47b0-b85e-6cd9d954c1eb" />
    <UnitTestResult executionId="d33ba432-d078-4698-aeef-a835e35ff073" testId="05d55c4c-d1d0-4253-9730-cc1179ce30e5" testName="Test9471" computerName="UA-LPT-OGA2" duration="00:00:00.8690000" startTime="2025-05-14T13:20:31.3146610Z" endTime="2025-05-14T13:25:31.3147553Z" testType="13cdc9d9-ddb5-4fa4-a97d-d965ccfc6d4b" outcome="Passed" testListId="632a4564-ab7b-47b0-b85e-6cd9d954c1eb" />
    <UnitTestResult executionId="08bbed3f-7fb6-4e46-8823-71c7f7e87f96" testId="d19ae2da-9441-428e-8547-3b49ad96410d" testName="Test9472" computerName="UA-LPT-OGA2" duration="00:00:00.6550000" startTime="2025-05-14T13:20:31.3146610Z" endTime="2025-05-14T13:25:31.3147553Z" testType="13cdc9d9-ddb5-4fa4-a97d-d965ccfc6d4b" outcome="Passed" testListId="632a4564-ab7b-47b0-b85e-6cd9d954c1eb" />
    <UnitTestResult executionId="6e8520eb-8c88-4c31-9394-5395915166a0" testId="3ee1aabd-6a0b-4360-b5b1-d79ccafca4e0" testName="Test9473" computerName="UA-LPT-OGA2" duration="00:00:01.2790000" startTime="2025-05-14T13:20:31.3146610Z" endTime="2025-05-14T13:25:31.3147553Z" testType="13cdc9d9-ddb5-4fa4-a97d-d965ccfc6d4b" outcome="Passed" testListId="632a4564-ab7b-47b0-b85e-6cd9d954c1eb" />
    <UnitTestResult executionId="e9a84c37-f0c2-4fc8-b6e9-49eeaace7c16" testId="23ef1bfd-c938-416c-bd65-3818f56f0fe0" testName="Test9474" computerName="UA-LPT-OGA2" duration="00:00:01.8800000" startTime="2025-05-14T13:20:31.3146610Z" endTime="2025-05-14T13:25:31.3147553Z" testType="13cdc9d9-ddb5-4fa4-a97d-d965ccfc6d4b" outcome="Passed" testListId="632a4564-ab7b-47b0-b85e-6cd9d954c1eb" />
    <UnitTestResult executionId="257717b2-d02d-40d9-b9c4-7ccd530b5f8b" testId="2fb30529-9aef-4a20-8b5a-94e9108a8f61" testName="Test9475" computerName="UA-LPT-OGA2" duration="00:00:00.7420000" startTime="2025-05-14T13:20:31.3146610Z" endTime="2025-05-14T13:25:31.3147553Z" testType="13cdc9d9-ddb5-4fa4-a97d-d965ccfc6d4b" outcome="Passed" testListId="632a4564-ab7b-47b0-b85e-6cd9d954c1eb" />
    <UnitTestResult executionId="581a291c-efaa-44cc-9f27-895eea7bbdf3" testId="5e2720c5-5f5e-4d29-8870-c4bdcebe7f6b" testName="Test9476" computerName="UA-LPT-OGA2" duration="00:00:00.4150000" startTime="2025-05-14T13:20:31.3146610Z" endTime="2025-05-14T13:25:31.3147553Z" testType="13cdc9d9-ddb5-4fa4-a97d-d965ccfc6d4b" outcome="Passed" testListId="632a4564-ab7b-47b0-b85e-6cd9d954c1eb" />
    <UnitTestResult executionId="5e8286f2-593b-4ebb-9a9b-37620f2e096b" testId="f3dc8f82-ffe5-45ea-901b-08ca5955ef95" testName="Test9477" computerName="UA-LPT-OGA2" duration="00:00:00.1010000" startTime="2025-05-14T13:20:31.3146610Z" endTime="2025-05-14T13:25:31.3147553Z" testType="13cdc9d9-ddb5-4fa4-a97d-d965ccfc6d4b" outcome="Passed" testListId="632a4564-ab7b-47b0-b85e-6cd9d954c1eb" />
    <UnitTestResult executionId="ddeca3c9-fb82-4a25-a4cc-cb308a7780f8" testId="484a1a1b-ba7e-4196-ad4b-ef7ae6d44552" testName="Test9478" computerName="UA-LPT-OGA2" duration="00:00:01.7530000" startTime="2025-05-14T13:20:31.3146610Z" endTime="2025-05-14T13:25:31.3147553Z" testType="13cdc9d9-ddb5-4fa4-a97d-d965ccfc6d4b" outcome="Passed" testListId="632a4564-ab7b-47b0-b85e-6cd9d954c1eb" />
    <UnitTestResult executionId="2de20a2c-7c66-45ce-991f-cbf136fd3378" testId="06950fc8-4c32-4a40-9d8b-adf850c81650" testName="Test9479" computerName="UA-LPT-OGA2" duration="00:00:00.9250000" startTime="2025-05-14T13:20:31.3146610Z" endTime="2025-05-14T13:25:31.3147553Z" testType="13cdc9d9-ddb5-4fa4-a97d-d965ccfc6d4b" outcome="Failed" testListId="632a4564-ab7b-47b0-b85e-6cd9d954c1eb">
      <Output>
        <ErrorInfo>
          <Message>Assertion failed: Expected value did not match actual value.</Message>
          <StackTrace>   at TestNamespace.TestClass.Test() in TestClass.cs:line 278</StackTrace>
        </ErrorInfo>
      </Output>
    </UnitTestResult>
    <UnitTestResult executionId="71971f30-efb9-47eb-95d6-52924c00d477" testId="b7eb82de-b23d-42a6-b1c3-39953a29dd82" testName="Test9480" computerName="UA-LPT-OGA2" duration="00:00:00.2770000" startTime="2025-05-14T13:20:31.3146610Z" endTime="2025-05-14T13:25:31.3147553Z" testType="13cdc9d9-ddb5-4fa4-a97d-d965ccfc6d4b" outcome="Passed" testListId="632a4564-ab7b-47b0-b85e-6cd9d954c1eb" />
    <UnitTestResult executionId="51625df5-dc98-4adb-9f1d-83e0bc0b8de8" testId="b2f62951-ba63-4922-a279-c5121bd3b12f" testName="Test9481" computerName="UA-LPT-OGA2" duration="00:00:01.8240000" startTime="2025-05-14T13:20:31.3146610Z" endTime="2025-05-14T13:25:31.3147553Z" testType="13cdc9d9-ddb5-4fa4-a97d-d965ccfc6d4b" outcome="Passed" testListId="632a4564-ab7b-47b0-b85e-6cd9d954c1eb" />
    <UnitTestResult executionId="39876362-b444-416d-9eea-f99a614eeadc" testId="a82ee580-604a-4a16-b04f-1be30be3861c" testName="Test9482" computerName="UA-LPT-OGA2" duration="00:00:00.8180000" startTime="2025-05-14T13:20:31.3146610Z" endTime="2025-05-14T13:25:31.3147553Z" testType="13cdc9d9-ddb5-4fa4-a97d-d965ccfc6d4b" outcome="Passed" testListId="632a4564-ab7b-47b0-b85e-6cd9d954c1eb" />
    <UnitTestResult executionId="e1a91e3d-3629-4f64-8146-6efa67e9e3b9" testId="a55b0066-73ef-44c4-8212-feded0beb13a" testName="Test9483" computerName="UA-LPT-OGA2" duration="00:00:00.8270000" startTime="2025-05-14T13:20:31.3146610Z" endTime="2025-05-14T13:25:31.3147553Z" testType="13cdc9d9-ddb5-4fa4-a97d-d965ccfc6d4b" outcome="Failed" testListId="632a4564-ab7b-47b0-b85e-6cd9d954c1eb">
      <Output>
        <ErrorInfo>
          <Message>Assertion failed: Expected value did not match actual value.</Message>
          <StackTrace>   at TestNamespace.TestClass.Test() in TestClass.cs:line 179</StackTrace>
        </ErrorInfo>
      </Output>
    </UnitTestResult>
    <UnitTestResult executionId="05c0ed70-a462-4b11-8228-1863349ae3bc" testId="234c3495-2682-4c72-89bc-8f3fae37bf0d" testName="Test9484" computerName="UA-LPT-OGA2" duration="00:00:01.3380000" startTime="2025-05-14T13:20:31.3146610Z" endTime="2025-05-14T13:25:31.3147553Z" testType="13cdc9d9-ddb5-4fa4-a97d-d965ccfc6d4b" outcome="Passed" testListId="632a4564-ab7b-47b0-b85e-6cd9d954c1eb" />
    <UnitTestResult executionId="9e13599a-16f9-4a05-a6a1-57847577e8f8" testId="6ed905c4-0714-46f7-abdc-be73ae63057e" testName="Test9485" computerName="UA-LPT-OGA2" duration="00:00:00.8480000" startTime="2025-05-14T13:20:31.3146610Z" endTime="2025-05-14T13:25:31.3147553Z" testType="13cdc9d9-ddb5-4fa4-a97d-d965ccfc6d4b" outcome="Passed" testListId="632a4564-ab7b-47b0-b85e-6cd9d954c1eb" />
    <UnitTestResult executionId="2a688061-dcef-4c91-b11f-e69b666a9300" testId="24353bf8-588f-4a36-a753-067f78cde5c2" testName="Test9486" computerName="UA-LPT-OGA2" duration="00:00:01.4490000" startTime="2025-05-14T13:20:31.3146610Z" endTime="2025-05-14T13:25:31.3147553Z" testType="13cdc9d9-ddb5-4fa4-a97d-d965ccfc6d4b" outcome="Failed" testListId="632a4564-ab7b-47b0-b85e-6cd9d954c1eb">
      <Output>
        <ErrorInfo>
          <Message>Assertion failed: Expected value did not match actual value.</Message>
          <StackTrace>   at TestNamespace.TestClass.Test() in TestClass.cs:line 209</StackTrace>
        </ErrorInfo>
      </Output>
    </UnitTestResult>
    <UnitTestResult executionId="4591c5b2-df4e-4046-bfb9-6b6631d86c11" testId="54f07fe1-8c80-4306-b18b-8d49fb99779c" testName="Test9487" computerName="UA-LPT-OGA2" duration="00:00:01.2690000" startTime="2025-05-14T13:20:31.3146610Z" endTime="2025-05-14T13:25:31.3147553Z" testType="13cdc9d9-ddb5-4fa4-a97d-d965ccfc6d4b" outcome="Passed" testListId="632a4564-ab7b-47b0-b85e-6cd9d954c1eb" />
    <UnitTestResult executionId="726ce8cb-7cac-47ea-9a4f-bbfcf3c03b09" testId="78e7c6f1-0164-41d5-a542-afffe8898968" testName="Test9488" computerName="UA-LPT-OGA2" duration="00:00:01.8580000" startTime="2025-05-14T13:20:31.3146610Z" endTime="2025-05-14T13:25:31.3147553Z" testType="13cdc9d9-ddb5-4fa4-a97d-d965ccfc6d4b" outcome="Passed" testListId="632a4564-ab7b-47b0-b85e-6cd9d954c1eb" />
    <UnitTestResult executionId="a40106ec-205f-4ef5-a2e6-35ec868f6559" testId="43246fa7-f802-48df-bac3-c4b197062db2" testName="Test9489" computerName="UA-LPT-OGA2" duration="00:00:01.6360000" startTime="2025-05-14T13:20:31.3146610Z" endTime="2025-05-14T13:25:31.3147553Z" testType="13cdc9d9-ddb5-4fa4-a97d-d965ccfc6d4b" outcome="Passed" testListId="632a4564-ab7b-47b0-b85e-6cd9d954c1eb" />
    <UnitTestResult executionId="c6556c21-7649-4a6f-a4e6-69ab8b136dad" testId="16ebb7ba-e89e-49c8-8709-4333e14f62c0" testName="Test9490" computerName="UA-LPT-OGA2" duration="00:00:00.4150000" startTime="2025-05-14T13:20:31.3146610Z" endTime="2025-05-14T13:25:31.3147553Z" testType="13cdc9d9-ddb5-4fa4-a97d-d965ccfc6d4b" outcome="Passed" testListId="632a4564-ab7b-47b0-b85e-6cd9d954c1eb" />
    <UnitTestResult executionId="e56094d7-75f2-470b-abee-1c920326818b" testId="567bbe88-3181-4fd1-8711-18ffa9d46998" testName="Test9491" computerName="UA-LPT-OGA2" duration="00:00:00.2200000" startTime="2025-05-14T13:20:31.3146610Z" endTime="2025-05-14T13:25:31.3147553Z" testType="13cdc9d9-ddb5-4fa4-a97d-d965ccfc6d4b" outcome="Failed" testListId="632a4564-ab7b-47b0-b85e-6cd9d954c1eb">
      <Output>
        <ErrorInfo>
          <Message>Assertion failed: Expected value did not match actual value.</Message>
          <StackTrace>   at TestNamespace.TestClass.Test() in TestClass.cs:line 288</StackTrace>
        </ErrorInfo>
      </Output>
    </UnitTestResult>
    <UnitTestResult executionId="fad24f93-36b7-41b5-aa8a-67cbb1c0b023" testId="6ece3c67-1575-4f5d-a459-00c512c672e7" testName="Test9492" computerName="UA-LPT-OGA2" duration="00:00:01.7980000" startTime="2025-05-14T13:20:31.3146610Z" endTime="2025-05-14T13:25:31.3147553Z" testType="13cdc9d9-ddb5-4fa4-a97d-d965ccfc6d4b" outcome="Passed" testListId="632a4564-ab7b-47b0-b85e-6cd9d954c1eb" />
    <UnitTestResult executionId="7beaff78-bd38-492e-b0f1-69c9fca697fd" testId="7dcbd79b-85b7-4dea-9cb1-9b87d94ae464" testName="Test9493" computerName="UA-LPT-OGA2" duration="00:00:01.4660000" startTime="2025-05-14T13:20:31.3146610Z" endTime="2025-05-14T13:25:31.3147553Z" testType="13cdc9d9-ddb5-4fa4-a97d-d965ccfc6d4b" outcome="Passed" testListId="632a4564-ab7b-47b0-b85e-6cd9d954c1eb" />
    <UnitTestResult executionId="d5c7d125-21ba-4a6b-ad0a-c9d7c2beb29c" testId="1535eb91-3cf2-4211-a13b-26ca190c413a" testName="Test9494" computerName="UA-LPT-OGA2" duration="00:00:01.6600000" startTime="2025-05-14T13:20:31.3146610Z" endTime="2025-05-14T13:25:31.3147553Z" testType="13cdc9d9-ddb5-4fa4-a97d-d965ccfc6d4b" outcome="Failed" testListId="632a4564-ab7b-47b0-b85e-6cd9d954c1eb">
      <Output>
        <ErrorInfo>
          <Message>Assertion failed: Expected value did not match actual value.</Message>
          <StackTrace>   at TestNamespace.TestClass.Test() in TestClass.cs:line 296</StackTrace>
        </ErrorInfo>
      </Output>
    </UnitTestResult>
    <UnitTestResult executionId="8309a086-629d-4c4c-b235-046db81bcd9e" testId="a0b9b78d-c692-4d13-a16d-67d7993a82e5" testName="Test9495" computerName="UA-LPT-OGA2" duration="00:00:00.2680000" startTime="2025-05-14T13:20:31.3146610Z" endTime="2025-05-14T13:25:31.3147553Z" testType="13cdc9d9-ddb5-4fa4-a97d-d965ccfc6d4b" outcome="Passed" testListId="632a4564-ab7b-47b0-b85e-6cd9d954c1eb" />
    <UnitTestResult executionId="db78a71b-2b32-44b5-af8c-5512d9304f69" testId="9642e2c6-ac1c-4ed0-ae98-58c013e46afd" testName="Test9496" computerName="UA-LPT-OGA2" duration="00:00:00.8820000" startTime="2025-05-14T13:20:31.3146610Z" endTime="2025-05-14T13:25:31.3147553Z" testType="13cdc9d9-ddb5-4fa4-a97d-d965ccfc6d4b" outcome="Passed" testListId="632a4564-ab7b-47b0-b85e-6cd9d954c1eb" />
    <UnitTestResult executionId="fdb93dde-f4bf-49d6-9568-fcee253a113a" testId="ac3d34af-c8c0-4e80-b2c7-a78176cb7216" testName="Test9497" computerName="UA-LPT-OGA2" duration="00:00:00.2560000" startTime="2025-05-14T13:20:31.3146610Z" endTime="2025-05-14T13:25:31.3147553Z" testType="13cdc9d9-ddb5-4fa4-a97d-d965ccfc6d4b" outcome="Passed" testListId="632a4564-ab7b-47b0-b85e-6cd9d954c1eb" />
    <UnitTestResult executionId="e7135c2b-c1c0-42ea-911a-038528b78a5a" testId="e4df0633-6b1d-402c-82fa-0eb260fa6c5a" testName="Test9498" computerName="UA-LPT-OGA2" duration="00:00:01.2060000" startTime="2025-05-14T13:20:31.3146610Z" endTime="2025-05-14T13:25:31.3147553Z" testType="13cdc9d9-ddb5-4fa4-a97d-d965ccfc6d4b" outcome="Passed" testListId="632a4564-ab7b-47b0-b85e-6cd9d954c1eb" />
    <UnitTestResult executionId="3dfbf094-58f8-4731-af9f-576d39c21c4c" testId="c10898a4-7e87-48a9-9cc0-ea510b256f57" testName="Test9499" computerName="UA-LPT-OGA2" duration="00:00:00.7220000" startTime="2025-05-14T13:20:31.3146610Z" endTime="2025-05-14T13:25:31.3147553Z" testType="13cdc9d9-ddb5-4fa4-a97d-d965ccfc6d4b" outcome="Passed" testListId="632a4564-ab7b-47b0-b85e-6cd9d954c1eb" />
    <UnitTestResult executionId="a9a708e2-6712-4be1-9e2b-086b27a15648" testId="d114a48e-c11f-4c63-b3df-49d171e80a3c" testName="Test9500" computerName="UA-LPT-OGA2" duration="00:00:01.7510000" startTime="2025-05-14T13:20:31.3146610Z" endTime="2025-05-14T13:25:31.3147553Z" testType="13cdc9d9-ddb5-4fa4-a97d-d965ccfc6d4b" outcome="Passed" testListId="632a4564-ab7b-47b0-b85e-6cd9d954c1eb" />
  </Results>
  <TestDefinitions>
    <UnitTest name="Test9401" id="5faa0f98-290a-49db-8339-459cb89f16d9" storage="TestAssembly.dll">
      <Execution id="18ac3aa3-1601-4056-8258-37a8231934b3" />
      <TestMethod codeBase="TestAssembly.dll" className="TestNamespace.TestClass1" name="Test9401" />
    </UnitTest>
    <UnitTest name="Test9402" id="a570ff42-b180-4c6c-b382-d8cf195a49b5" storage="TestAssembly.dll">
      <Execution id="160af87f-8b60-4850-b016-60938f0bc04d" />
      <TestMethod codeBase="TestAssembly.dll" className="TestNamespace.TestClass1" name="Test9402" />
    </UnitTest>
    <UnitTest name="Test9403" id="63ab19cb-2ab9-43dc-b7d4-7bd556c9627f" storage="TestAssembly.dll">
      <Execution id="87b062fb-a7f6-475c-bc58-fc2f8f75ffe7" />
      <TestMethod codeBase="TestAssembly.dll" className="TestNamespace.TestClass1" name="Test9403" />
    </UnitTest>
    <UnitTest name="Test9404" id="b042f439-fde9-448b-9b36-e8ef5cf9d451" storage="TestAssembly.dll">
      <Execution id="313a4139-61fe-4d45-8fe3-87c3ffcfd4ba" />
      <TestMethod codeBase="TestAssembly.dll" className="TestNamespace.TestClass1" name="Test9404" />
    </UnitTest>
    <UnitTest name="Test9405" id="54eb833b-c3db-4155-9e98-0bc570407b91" storage="TestAssembly.dll">
      <Execution id="18fef308-c2b9-4fa9-bb43-4381e3569ddb" />
      <TestMethod codeBase="TestAssembly.dll" className="TestNamespace.TestClass1" name="Test9405" />
    </UnitTest>
    <UnitTest name="Test9406" id="0805e6d4-4790-49c7-b532-8436d37677b8" storage="TestAssembly.dll">
      <Execution id="781a9a96-be71-40df-99b3-9d9064ff7c4d" />
      <TestMethod codeBase="TestAssembly.dll" className="TestNamespace.TestClass1" name="Test9406" />
    </UnitTest>
    <UnitTest name="Test9407" id="9516341d-8ddb-49f1-ae97-912aa4ca8493" storage="TestAssembly.dll">
      <Execution id="4df73b90-b929-45d6-bc77-b5a309882c13" />
      <TestMethod codeBase="TestAssembly.dll" className="TestNamespace.TestClass1" name="Test9407" />
    </UnitTest>
    <UnitTest name="Test9408" id="5180e7f4-7e72-4662-807e-480381145792" storage="TestAssembly.dll">
      <Execution id="b9b7b635-238e-40d3-be14-27b7f1bea3dc" />
      <TestMethod codeBase="TestAssembly.dll" className="TestNamespace.TestClass1" name="Test9408" />
    </UnitTest>
    <UnitTest name="Test9409" id="948b9c41-2d5f-41ed-b452-9cb3922cd7b1" storage="TestAssembly.dll">
      <Execution id="5682dac0-1233-4d19-8843-c789061cb3ab" />
      <TestMethod codeBase="TestAssembly.dll" className="TestNamespace.TestClass1" name="Test9409" />
    </UnitTest>
    <UnitTest name="Test9410" id="d2704142-313c-406f-809b-a69a056bec8d" storage="TestAssembly.dll">
      <Execution id="23cf0b0d-d43c-4532-a61f-f6b714699354" />
      <TestMethod codeBase="TestAssembly.dll" className="TestNamespace.TestClass1" name="Test9410" />
    </UnitTest>
    <UnitTest name="Test9411" id="93a312ee-ffe8-47ab-8ee8-897b25fcc545" storage="TestAssembly.dll">
      <Execution id="1afaaf3b-4ab3-44a7-85e5-0f6e19402f79" />
      <TestMethod codeBase="TestAssembly.dll" className="TestNamespace.TestClass2" name="Test9411" />
    </UnitTest>
    <UnitTest name="Test9412" id="f49f4969-2643-4ce8-8ace-888ae7453a09" storage="TestAssembly.dll">
      <Execution id="91ee3052-0d4f-44df-83c3-5c04cb8f930e" />
      <TestMethod codeBase="TestAssembly.dll" className="TestNamespace.TestClass2" name="Test9412" />
    </UnitTest>
    <UnitTest name="Test9413" id="4ea5294f-3b1d-403b-a16d-c196c799a828" storage="TestAssembly.dll">
      <Execution id="702d1c47-b950-45a6-91ec-6ae1a5cc4fb6" />
      <TestMethod codeBase="TestAssembly.dll" className="TestNamespace.TestClass2" name="Test9413" />
    </UnitTest>
    <UnitTest name="Test9414" id="87488411-e6f9-4f9e-ae8c-43668626a7af" storage="TestAssembly.dll">
      <Execution id="8e2f3a23-a320-4bc0-bc46-d8fa446f28ac" />
      <TestMethod codeBase="TestAssembly.dll" className="TestNamespace.TestClass2" name="Test9414" />
    </UnitTest>
    <UnitTest name="Test9415" id="0c532c3a-05e3-4a4e-80cd-cb1b8383140b" storage="TestAssembly.dll">
      <Execution id="a3891a65-0a93-46ef-9d6f-62ea2394369b" />
      <TestMethod codeBase="TestAssembly.dll" className="TestNamespace.TestClass2" name="Test9415" />
    </UnitTest>
    <UnitTest name="Test9416" id="ba77fabd-1d49-4524-9b60-22bf48563b0b" storage="TestAssembly.dll">
      <Execution id="f59998b5-eb3a-4212-84eb-9ddda806339e" />
      <TestMethod codeBase="TestAssembly.dll" className="TestNamespace.TestClass2" name="Test9416" />
    </UnitTest>
    <UnitTest name="Test9417" id="77f9af75-5603-4c3d-b9a9-891e384ce7de" storage="TestAssembly.dll">
      <Execution id="7f2da822-48ae-421a-8dfc-df0be6dce9b2" />
      <TestMethod codeBase="TestAssembly.dll" className="TestNamespace.TestClass2" name="Test9417" />
    </UnitTest>
    <UnitTest name="Test9418" id="83bd553d-49a3-4954-b619-1a9968d78906" storage="TestAssembly.dll">
      <Execution id="9eba80ec-34e7-4578-aa72-80e1bc5675ad" />
      <TestMethod codeBase="TestAssembly.dll" className="TestNamespace.TestClass2" name="Test9418" />
    </UnitTest>
    <UnitTest name="Test9419" id="d4e1308b-81f7-4b20-b50c-e360cfa0d31f" storage="TestAssembly.dll">
      <Execution id="19a86de3-e1af-421d-a155-fbf7cc7a63a7" />
      <TestMethod codeBase="TestAssembly.dll" className="TestNamespace.TestClass2" name="Test9419" />
    </UnitTest>
    <UnitTest name="Test9420" id="2b7dadac-1a12-415d-9cb2-29e8e38cf01b" storage="TestAssembly.dll">
      <Execution id="87e368db-f07a-466a-9636-d219a9220f72" />
      <TestMethod codeBase="TestAssembly.dll" className="TestNamespace.TestClass2" name="Test9420" />
    </UnitTest>
    <UnitTest name="Test9421" id="9e0576da-526f-49d1-b58b-0560a9b4141f" storage="TestAssembly.dll">
      <Execution id="382aa0d6-00bf-4e1c-97ba-bd1714e69db4" />
      <TestMethod codeBase="TestAssembly.dll" className="TestNamespace.TestClass3" name="Test9421" />
    </UnitTest>
    <UnitTest name="Test9422" id="f353e5eb-2910-4517-b107-403f1f1b67da" storage="TestAssembly.dll">
      <Execution id="7496d59e-442b-4a84-946a-c3a1268b978e" />
      <TestMethod codeBase="TestAssembly.dll" className="TestNamespace.TestClass3" name="Test9422" />
    </UnitTest>
    <UnitTest name="Test9423" id="1bd4799a-9c1e-4244-89b5-a43f37bb5950" storage="TestAssembly.dll">
      <Execution id="b126751f-a635-404b-a22a-b67171652a57" />
      <TestMethod codeBase="TestAssembly.dll" className="TestNamespace.TestClass3" name="Test9423" />
    </UnitTest>
    <UnitTest name="Test9424" id="4393f140-e5fb-4d0e-8c3d-ea2af9b0ef85" storage="TestAssembly.dll">
      <Execution id="9c41c48e-b99a-4bc7-aefc-a4e71431b4fa" />
      <TestMethod codeBase="TestAssembly.dll" className="TestNamespace.TestClass3" name="Test9424" />
    </UnitTest>
    <UnitTest name="Test9425" id="a5573a5a-b4a5-4889-b9b5-db07d9b20074" storage="TestAssembly.dll">
      <Execution id="1fa0cea2-e638-4142-932c-441bf055bf41" />
      <TestMethod codeBase="TestAssembly.dll" className="TestNamespace.TestClass3" name="Test9425" />
    </UnitTest>
    <UnitTest name="Test9426" id="92a1377e-61ff-4a79-aabf-19fae57894e6" storage="TestAssembly.dll">
      <Execution id="d16111af-ac8a-40bc-9350-03794c6057bf" />
      <TestMethod codeBase="TestAssembly.dll" className="TestNamespace.TestClass3" name="Test9426" />
    </UnitTest>
    <UnitTest name="Test9427" id="c7cdc903-0fed-45a2-b272-7f4e8cedc405" storage="TestAssembly.dll">
      <Execution id="41b61bb7-c957-4585-b7c7-69f74d0691b0" />
      <TestMethod codeBase="TestAssembly.dll" className="TestNamespace.TestClass3" name="Test9427" />
    </UnitTest>
    <UnitTest name="Test9428" id="4972ee80-6d16-402e-ada7-8769f22be69e" storage="TestAssembly.dll">
      <Execution id="a4016311-425d-4542-b164-b88b5ef05ba4" />
      <TestMethod codeBase="TestAssembly.dll" className="TestNamespace.TestClass3" name="Test9428" />
    </UnitTest>
    <UnitTest name="Test9429" id="b3e61950-9c07-4656-ac96-dbe7f4d6b8a3" storage="TestAssembly.dll">
      <Execution id="9ead2b76-b9c4-4206-8d93-d116fcdb5ed5" />
      <TestMethod codeBase="TestAssembly.dll" className="TestNamespace.TestClass3" name="Test9429" />
    </UnitTest>
    <UnitTest name="Test9430" id="8989f327-20db-4a34-ba76-6de3b6c03ab9" storage="TestAssembly.dll">
      <Execution id="0b740c17-757d-45d9-9248-25cbde9e9734" />
      <TestMethod codeBase="TestAssembly.dll" className="TestNamespace.TestClass3" name="Test9430" />
    </UnitTest>
    <UnitTest name="Test9431" id="267f7b10-0ea1-4949-bddb-a67f34d97ed9" storage="TestAssembly.dll">
      <Execution id="59f545fa-cc9b-4217-a49b-ed18aa3c3dbb" />
      <TestMethod codeBase="TestAssembly.dll" className="TestNamespace.TestClass4" name="Test9431" />
    </UnitTest>
    <UnitTest name="Test9432" id="7d800a6f-0870-4e85-bbf5-4b99b5d28b33" storage="TestAssembly.dll">
      <Execution id="4d27bd8e-cc69-4c8d-8837-14cd2a7245aa" />
      <TestMethod codeBase="TestAssembly.dll" className="TestNamespace.TestClass4" name="Test9432" />
    </UnitTest>
    <UnitTest name="Test9433" id="4055b14f-5173-42fe-aa7f-c969159ecba6" storage="TestAssembly.dll">
      <Execution id="4dee7e85-f7a5-4396-80d3-73fb2d4c3cd1" />
      <TestMethod codeBase="TestAssembly.dll" className="TestNamespace.TestClass4" name="Test9433" />
    </UnitTest>
    <UnitTest name="Test9434" id="65571a97-2ff3-4f92-bdf6-0ffebe6f098e" storage="TestAssembly.dll">
      <Execution id="db9261f0-8dcd-4f62-91aa-0fdab85844d0" />
      <TestMethod codeBase="TestAssembly.dll" className="TestNamespace.TestClass4" name="Test9434" />
    </UnitTest>
    <UnitTest name="Test9435" id="5c8d0091-575d-4815-9104-a45a8a1f061b" storage="TestAssembly.dll">
      <Execution id="fcb58945-b316-4c95-8702-79c88279af54" />
      <TestMethod codeBase="TestAssembly.dll" className="TestNamespace.TestClass4" name="Test9435" />
    </UnitTest>
    <UnitTest name="Test9436" id="272b80ae-db51-45ff-859a-5ba71a1b248d" storage="TestAssembly.dll">
      <Execution id="7f559a14-e71e-431a-8875-31f98f2c7f5f" />
      <TestMethod codeBase="TestAssembly.dll" className="TestNamespace.TestClass4" name="Test9436" />
    </UnitTest>
    <UnitTest name="Test9437" id="1d55c87c-5388-4f14-8bff-60a83cd087cc" storage="TestAssembly.dll">
      <Execution id="d09cc181-7691-4fec-baf8-b86f7cf82cf9" />
      <TestMethod codeBase="TestAssembly.dll" className="TestNamespace.TestClass4" name="Test9437" />
    </UnitTest>
    <UnitTest name="Test9438" id="ab61f33f-b96c-45a1-8fbc-783b5c90ef68" storage="TestAssembly.dll">
      <Execution id="54f4efef-99bd-4591-a72d-3c6db3ceb906" />
      <TestMethod codeBase="TestAssembly.dll" className="TestNamespace.TestClass4" name="Test9438" />
    </UnitTest>
    <UnitTest name="Test9439" id="6e3fc551-0b0c-45be-8517-fed5501e26f9" storage="TestAssembly.dll">
      <Execution id="e8701389-31a0-4d7a-bd44-9a81b71403ff" />
      <TestMethod codeBase="TestAssembly.dll" className="TestNamespace.TestClass4" name="Test9439" />
    </UnitTest>
    <UnitTest name="Test9440" id="2f1a6135-c83e-4383-a979-18a1218b29dc" storage="TestAssembly.dll">
      <Execution id="5bf6d59f-2859-4fd3-8fca-e23bb26173d7" />
      <TestMethod codeBase="TestAssembly.dll" className="TestNamespace.TestClass4" name="Test9440" />
    </UnitTest>
    <UnitTest name="Test9441" id="feedb517-4dd2-46d1-8b86-8cd663e84ef4" storage="TestAssembly.dll">
      <Execution id="d1b2c543-7638-4a38-a748-ae65c74d78ff" />
      <TestMethod codeBase="TestAssembly.dll" className="TestNamespace.TestClass5" name="Test9441" />
    </UnitTest>
    <UnitTest name="Test9442" id="94cef452-ec28-4d34-a1dc-8c0267176eb6" storage="TestAssembly.dll">
      <Execution id="f6a0df84-3c78-4b22-8e9a-5781e1e0d061" />
      <TestMethod codeBase="TestAssembly.dll" className="TestNamespace.TestClass5" name="Test9442" />
    </UnitTest>
    <UnitTest name="Test9443" id="3358d9fb-08fc-48ff-af70-865a2b7e2bcd" storage="TestAssembly.dll">
      <Execution id="9567ce71-ae32-43e9-87ca-4b3be2dfa9d2" />
      <TestMethod codeBase="TestAssembly.dll" className="TestNamespace.TestClass5" name="Test9443" />
    </UnitTest>
    <UnitTest name="Test9444" id="75a965c0-42f4-421c-85ae-1db756175760" storage="TestAssembly.dll">
      <Execution id="ca9e874f-ca24-4239-9150-970a85d881c3" />
      <TestMethod codeBase="TestAssembly.dll" className="TestNamespace.TestClass5" name="Test9444" />
    </UnitTest>
    <UnitTest name="Test9445" id="63cb468f-e7e6-4c8a-9354-6068b75cf2cd" storage="TestAssembly.dll">
      <Execution id="45a32f6e-0028-40c5-b701-da01ce1d38f4" />
      <TestMethod codeBase="TestAssembly.dll" className="TestNamespace.TestClass5" name="Test9445" />
    </UnitTest>
    <UnitTest name="Test9446" id="8455bf86-9308-43ed-a183-1b035cd59879" storage="TestAssembly.dll">
      <Execution id="a3901e78-4d73-4d08-a95a-22c9878779f2" />
      <TestMethod codeBase="TestAssembly.dll" className="TestNamespace.TestClass5" name="Test9446" />
    </UnitTest>
    <UnitTest name="Test9447" id="a0ed4a7b-ed84-425f-ae6e-9d2d3011ea54" storage="TestAssembly.dll">
      <Execution id="41151936-6c6c-4f4f-89a6-7baf93ec4006" />
      <TestMethod codeBase="TestAssembly.dll" className="TestNamespace.TestClass5" name="Test9447" />
    </UnitTest>
    <UnitTest name="Test9448" id="014d3af3-ee3b-4379-944a-b3b2f8ff385d" storage="TestAssembly.dll">
      <Execution id="de274180-5395-46ea-8691-8a9178477146" />
      <TestMethod codeBase="TestAssembly.dll" className="TestNamespace.TestClass5" name="Test9448" />
    </UnitTest>
    <UnitTest name="Test9449" id="4ab337a9-01dc-4ec5-ada2-7f66766d1f8f" storage="TestAssembly.dll">
      <Execution id="93015551-7200-415a-96c9-dfe90f1c185a" />
      <TestMethod codeBase="TestAssembly.dll" className="TestNamespace.TestClass5" name="Test9449" />
    </UnitTest>
    <UnitTest name="Test9450" id="a0db69c6-ca62-4b7a-ab77-6bed60aeac70" storage="TestAssembly.dll">
      <Execution id="797045eb-ef7f-4449-9c7d-be162132cc77" />
      <TestMethod codeBase="TestAssembly.dll" className="TestNamespace.TestClass5" name="Test9450" />
    </UnitTest>
    <UnitTest name="Test9451" id="a8aa6bb1-5b75-4967-8fb6-6c8b2b185b73" storage="TestAssembly.dll">
      <Execution id="becd3e00-ec2c-4698-bc45-e1d5f6c088ee" />
      <TestMethod codeBase="TestAssembly.dll" className="TestNamespace.TestClass6" name="Test9451" />
    </UnitTest>
    <UnitTest name="Test9452" id="16a90838-8be5-4237-82b4-c585d41438eb" storage="TestAssembly.dll">
      <Execution id="624f2878-5f8e-4f64-bed9-6c27e866349e" />
      <TestMethod codeBase="TestAssembly.dll" className="TestNamespace.TestClass6" name="Test9452" />
    </UnitTest>
    <UnitTest name="Test9453" id="bd9d577e-db17-40d1-9b59-12d6129716ca" storage="TestAssembly.dll">
      <Execution id="a044956d-32a6-4223-bb83-5eb2c20b5882" />
      <TestMethod codeBase="TestAssembly.dll" className="TestNamespace.TestClass6" name="Test9453" />
    </UnitTest>
    <UnitTest name="Test9454" id="47fbf105-780a-4041-b3fd-07431eb225f5" storage="TestAssembly.dll">
      <Execution id="de0594aa-6be8-4de0-9fec-ca4279704450" />
      <TestMethod codeBase="TestAssembly.dll" className="TestNamespace.TestClass6" name="Test9454" />
    </UnitTest>
    <UnitTest name="Test9455" id="08361e3b-fae3-4630-bce7-167393fbe3e8" storage="TestAssembly.dll">
      <Execution id="25b59475-bcc7-44ed-b409-6ef85dda1a9a" />
      <TestMethod codeBase="TestAssembly.dll" className="TestNamespace.TestClass6" name="Test9455" />
    </UnitTest>
    <UnitTest name="Test9456" id="448da6c2-5d3d-42bd-9bb1-4327ae06ebd1" storage="TestAssembly.dll">
      <Execution id="1b9f3e8a-5cbf-4a28-b2aa-0df1e922332b" />
      <TestMethod codeBase="TestAssembly.dll" className="TestNamespace.TestClass6" name="Test9456" />
    </UnitTest>
    <UnitTest name="Test9457" id="d1747d32-288d-4599-9761-d5c89d3a1454" storage="TestAssembly.dll">
      <Execution id="6979de77-35d4-4020-96e0-d5118157437d" />
      <TestMethod codeBase="TestAssembly.dll" className="TestNamespace.TestClass6" name="Test9457" />
    </UnitTest>
    <UnitTest name="Test9458" id="f213ca4f-032c-4447-a464-c875f6814be3" storage="TestAssembly.dll">
      <Execution id="f9d36438-589e-4e3a-b88e-9c451495fb6e" />
      <TestMethod codeBase="TestAssembly.dll" className="TestNamespace.TestClass6" name="Test9458" />
    </UnitTest>
    <UnitTest name="Test9459" id="c4abfecf-ba13-4339-bf09-f92e7c382c33" storage="TestAssembly.dll">
      <Execution id="8c94a08d-a8f8-41a8-aa4e-881a7aabfcb0" />
      <TestMethod codeBase="TestAssembly.dll" className="TestNamespace.TestClass6" name="Test9459" />
    </UnitTest>
    <UnitTest name="Test9460" id="fa370a4b-3b46-48c6-a46e-d1ff05e1d8e6" storage="TestAssembly.dll">
      <Execution id="0f20267b-aaca-4b5e-9dc7-1376d4bff719" />
      <TestMethod codeBase="TestAssembly.dll" className="TestNamespace.TestClass6" name="Test9460" />
    </UnitTest>
    <UnitTest name="Test9461" id="501cc5ba-7fc7-4ee3-b389-b2bb7e4c6b50" storage="TestAssembly.dll">
      <Execution id="73fc7f54-cd10-4f76-b48d-e528d8e23187" />
      <TestMethod codeBase="TestAssembly.dll" className="TestNamespace.TestClass7" name="Test9461" />
    </UnitTest>
    <UnitTest name="Test9462" id="1334164a-33f5-4fda-aa8b-ef07bbce68d6" storage="TestAssembly.dll">
      <Execution id="24aad25d-8a6b-450b-84da-524f9f4091e9" />
      <TestMethod codeBase="TestAssembly.dll" className="TestNamespace.TestClass7" name="Test9462" />
    </UnitTest>
    <UnitTest name="Test9463" id="22bb08eb-5ee0-4416-ac77-c7feff83408d" storage="TestAssembly.dll">
      <Execution id="5e7c28c3-0330-463f-8c86-727022c2a12e" />
      <TestMethod codeBase="TestAssembly.dll" className="TestNamespace.TestClass7" name="Test9463" />
    </UnitTest>
    <UnitTest name="Test9464" id="77a9078b-3178-4c78-b099-434226060716" storage="TestAssembly.dll">
      <Execution id="82b49c27-b235-4406-931a-0f1880063876" />
      <TestMethod codeBase="TestAssembly.dll" className="TestNamespace.TestClass7" name="Test9464" />
    </UnitTest>
    <UnitTest name="Test9465" id="8dd8ef7a-8072-4191-897d-ea430c147ac8" storage="TestAssembly.dll">
      <Execution id="3889d758-be45-4ea3-b319-5f3c9d3b5d1e" />
      <TestMethod codeBase="TestAssembly.dll" className="TestNamespace.TestClass7" name="Test9465" />
    </UnitTest>
    <UnitTest name="Test9466" id="0eb22839-50cd-45fb-aee0-7b7aa4b04e8c" storage="TestAssembly.dll">
      <Execution id="c3843336-b963-45c0-82e4-efd28f200fee" />
      <TestMethod codeBase="TestAssembly.dll" className="TestNamespace.TestClass7" name="Test9466" />
    </UnitTest>
    <UnitTest name="Test9467" id="07bf3c40-8171-4637-a65d-93948dd31f7d" storage="TestAssembly.dll">
      <Execution id="b1abba8a-4001-40ee-9c73-132a71e222e4" />
      <TestMethod codeBase="TestAssembly.dll" className="TestNamespace.TestClass7" name="Test9467" />
    </UnitTest>
    <UnitTest name="Test9468" id="a204fa32-8f4c-4a79-9dca-b3eed964e3c7" storage="TestAssembly.dll">
      <Execution id="e8dbf94d-c2f9-4383-9d51-f7aa2f1f97f6" />
      <TestMethod codeBase="TestAssembly.dll" className="TestNamespace.TestClass7" name="Test9468" />
    </UnitTest>
    <UnitTest name="Test9469" id="55a71eb1-ad5c-46f6-8cd6-d5c015c15f3f" storage="TestAssembly.dll">
      <Execution id="9f474e70-2787-4943-9f50-4ca057a6fd29" />
      <TestMethod codeBase="TestAssembly.dll" className="TestNamespace.TestClass7" name="Test9469" />
    </UnitTest>
    <UnitTest name="Test9470" id="777d1761-50ea-4e5a-b6f3-cac923073019" storage="TestAssembly.dll">
      <Execution id="3bfaf5cb-d473-4ab5-926b-b6063219ad8c" />
      <TestMethod codeBase="TestAssembly.dll" className="TestNamespace.TestClass7" name="Test9470" />
    </UnitTest>
    <UnitTest name="Test9471" id="05d55c4c-d1d0-4253-9730-cc1179ce30e5" storage="TestAssembly.dll">
      <Execution id="d33ba432-d078-4698-aeef-a835e35ff073" />
      <TestMethod codeBase="TestAssembly.dll" className="TestNamespace.TestClass8" name="Test9471" />
    </UnitTest>
    <UnitTest name="Test9472" id="d19ae2da-9441-428e-8547-3b49ad96410d" storage="TestAssembly.dll">
      <Execution id="08bbed3f-7fb6-4e46-8823-71c7f7e87f96" />
      <TestMethod codeBase="TestAssembly.dll" className="TestNamespace.TestClass8" name="Test9472" />
    </UnitTest>
    <UnitTest name="Test9473" id="3ee1aabd-6a0b-4360-b5b1-d79ccafca4e0" storage="TestAssembly.dll">
      <Execution id="6e8520eb-8c88-4c31-9394-5395915166a0" />
      <TestMethod codeBase="TestAssembly.dll" className="TestNamespace.TestClass8" name="Test9473" />
    </UnitTest>
    <UnitTest name="Test9474" id="23ef1bfd-c938-416c-bd65-3818f56f0fe0" storage="TestAssembly.dll">
      <Execution id="e9a84c37-f0c2-4fc8-b6e9-49eeaace7c16" />
      <TestMethod codeBase="TestAssembly.dll" className="TestNamespace.TestClass8" name="Test9474" />
    </UnitTest>
    <UnitTest name="Test9475" id="2fb30529-9aef-4a20-8b5a-94e9108a8f61" storage="TestAssembly.dll">
      <Execution id="257717b2-d02d-40d9-b9c4-7ccd530b5f8b" />
      <TestMethod codeBase="TestAssembly.dll" className="TestNamespace.TestClass8" name="Test9475" />
    </UnitTest>
    <UnitTest name="Test9476" id="5e2720c5-5f5e-4d29-8870-c4bdcebe7f6b" storage="TestAssembly.dll">
      <Execution id="581a291c-efaa-44cc-9f27-895eea7bbdf3" />
      <TestMethod codeBase="TestAssembly.dll" className="TestNamespace.TestClass8" name="Test9476" />
    </UnitTest>
    <UnitTest name="Test9477" id="f3dc8f82-ffe5-45ea-901b-08ca5955ef95" storage="TestAssembly.dll">
      <Execution id="5e8286f2-593b-4ebb-9a9b-37620f2e096b" />
      <TestMethod codeBase="TestAssembly.dll" className="TestNamespace.TestClass8" name="Test9477" />
    </UnitTest>
    <UnitTest name="Test9478" id="484a1a1b-ba7e-4196-ad4b-ef7ae6d44552" storage="TestAssembly.dll">
      <Execution id="ddeca3c9-fb82-4a25-a4cc-cb308a7780f8" />
      <TestMethod codeBase="TestAssembly.dll" className="TestNamespace.TestClass8" name="Test9478" />
    </UnitTest>
    <UnitTest name="Test9479" id="06950fc8-4c32-4a40-9d8b-adf850c81650" storage="TestAssembly.dll">
      <Execution id="2de20a2c-7c66-45ce-991f-cbf136fd3378" />
      <TestMethod codeBase="TestAssembly.dll" className="TestNamespace.TestClass8" name="Test9479" />
    </UnitTest>
    <UnitTest name="Test9480" id="b7eb82de-b23d-42a6-b1c3-39953a29dd82" storage="TestAssembly.dll">
      <Execution id="71971f30-efb9-47eb-95d6-52924c00d477" />
      <TestMethod codeBase="TestAssembly.dll" className="TestNamespace.TestClass8" name="Test9480" />
    </UnitTest>
    <UnitTest name="Test9481" id="b2f62951-ba63-4922-a279-c5121bd3b12f" storage="TestAssembly.dll">
      <Execution id="51625df5-dc98-4adb-9f1d-83e0bc0b8de8" />
      <TestMethod codeBase="TestAssembly.dll" className="TestNamespace.TestClass9" name="Test9481" />
    </UnitTest>
    <UnitTest name="Test9482" id="a82ee580-604a-4a16-b04f-1be30be3861c" storage="TestAssembly.dll">
      <Execution id="39876362-b444-416d-9eea-f99a614eeadc" />
      <TestMethod codeBase="TestAssembly.dll" className="TestNamespace.TestClass9" name="Test9482" />
    </UnitTest>
    <UnitTest name="Test9483" id="a55b0066-73ef-44c4-8212-feded0beb13a" storage="TestAssembly.dll">
      <Execution id="e1a91e3d-3629-4f64-8146-6efa67e9e3b9" />
      <TestMethod codeBase="TestAssembly.dll" className="TestNamespace.TestClass9" name="Test9483" />
    </UnitTest>
    <UnitTest name="Test9484" id="234c3495-2682-4c72-89bc-8f3fae37bf0d" storage="TestAssembly.dll">
      <Execution id="05c0ed70-a462-4b11-8228-1863349ae3bc" />
      <TestMethod codeBase="TestAssembly.dll" className="TestNamespace.TestClass9" name="Test9484" />
    </UnitTest>
    <UnitTest name="Test9485" id="6ed905c4-0714-46f7-abdc-be73ae63057e" storage="TestAssembly.dll">
      <Execution id="9e13599a-16f9-4a05-a6a1-57847577e8f8" />
      <TestMethod codeBase="TestAssembly.dll" className="TestNamespace.TestClass9" name="Test9485" />
    </UnitTest>
    <UnitTest name="Test9486" id="24353bf8-588f-4a36-a753-067f78cde5c2" storage="TestAssembly.dll">
      <Execution id="2a688061-dcef-4c91-b11f-e69b666a9300" />
      <TestMethod codeBase="TestAssembly.dll" className="TestNamespace.TestClass9" name="Test9486" />
    </UnitTest>
    <UnitTest name="Test9487" id="54f07fe1-8c80-4306-b18b-8d49fb99779c" storage="TestAssembly.dll">
      <Execution id="4591c5b2-df4e-4046-bfb9-6b6631d86c11" />
      <TestMethod codeBase="TestAssembly.dll" className="TestNamespace.TestClass9" name="Test9487" />
    </UnitTest>
    <UnitTest name="Test9488" id="78e7c6f1-0164-41d5-a542-afffe8898968" storage="TestAssembly.dll">
      <Execution id="726ce8cb-7cac-47ea-9a4f-bbfcf3c03b09" />
      <TestMethod codeBase="TestAssembly.dll" className="TestNamespace.TestClass9" name="Test9488" />
    </UnitTest>
    <UnitTest name="Test9489" id="43246fa7-f802-48df-bac3-c4b197062db2" storage="TestAssembly.dll">
      <Execution id="a40106ec-205f-4ef5-a2e6-35ec868f6559" />
      <TestMethod codeBase="TestAssembly.dll" className="TestNamespace.TestClass9" name="Test9489" />
    </UnitTest>
    <UnitTest name="Test9490" id="16ebb7ba-e89e-49c8-8709-4333e14f62c0" storage="TestAssembly.dll">
      <Execution id="c6556c21-7649-4a6f-a4e6-69ab8b136dad" />
      <TestMethod codeBase="TestAssembly.dll" className="TestNamespace.TestClass9" name="Test9490" />
    </UnitTest>
    <UnitTest name="Test9491" id="567bbe88-3181-4fd1-8711-18ffa9d46998" storage="TestAssembly.dll">
      <Execution id="e56094d7-75f2-470b-abee-1c920326818b" />
      <TestMethod codeBase="TestAssembly.dll" className="TestNamespace.TestClass10" name="Test9491" />
    </UnitTest>
    <UnitTest name="Test9492" id="6ece3c67-1575-4f5d-a459-00c512c672e7" storage="TestAssembly.dll">
      <Execution id="fad24f93-36b7-41b5-aa8a-67cbb1c0b023" />
      <TestMethod codeBase="TestAssembly.dll" className="TestNamespace.TestClass10" name="Test9492" />
    </UnitTest>
    <UnitTest name="Test9493" id="7dcbd79b-85b7-4dea-9cb1-9b87d94ae464" storage="TestAssembly.dll">
      <Execution id="7beaff78-bd38-492e-b0f1-69c9fca697fd" />
      <TestMethod codeBase="TestAssembly.dll" className="TestNamespace.TestClass10" name="Test9493" />
    </UnitTest>
    <UnitTest name="Test9494" id="1535eb91-3cf2-4211-a13b-26ca190c413a" storage="TestAssembly.dll">
      <Execution id="d5c7d125-21ba-4a6b-ad0a-c9d7c2beb29c" />
      <TestMethod codeBase="TestAssembly.dll" className="TestNamespace.TestClass10" name="Test9494" />
    </UnitTest>
    <UnitTest name="Test9495" id="a0b9b78d-c692-4d13-a16d-67d7993a82e5" storage="TestAssembly.dll">
      <Execution id="8309a086-629d-4c4c-b235-046db81bcd9e" />
      <TestMethod codeBase="TestAssembly.dll" className="TestNamespace.TestClass10" name="Test9495" />
    </UnitTest>
    <UnitTest name="Test9496" id="9642e2c6-ac1c-4ed0-ae98-58c013e46afd" storage="TestAssembly.dll">
      <Execution id="db78a71b-2b32-44b5-af8c-5512d9304f69" />
      <TestMethod codeBase="TestAssembly.dll" className="TestNamespace.TestClass10" name="Test9496" />
    </UnitTest>
    <UnitTest name="Test9497" id="ac3d34af-c8c0-4e80-b2c7-a78176cb7216" storage="TestAssembly.dll">
      <Execution id="fdb93dde-f4bf-49d6-9568-fcee253a113a" />
      <TestMethod codeBase="TestAssembly.dll" className="TestNamespace.TestClass10" name="Test9497" />
    </UnitTest>
    <UnitTest name="Test9498" id="e4df0633-6b1d-402c-82fa-0eb260fa6c5a" storage="TestAssembly.dll">
      <Execution id="e7135c2b-c1c0-42ea-911a-038528b78a5a" />
      <TestMethod codeBase="TestAssembly.dll" className="TestNamespace.TestClass10" name="Test9498" />
    </UnitTest>
    <UnitTest name="Test9499" id="c10898a4-7e87-48a9-9cc0-ea510b256f57" storage="TestAssembly.dll">
      <Execution id="3dfbf094-58f8-4731-af9f-576d39c21c4c" />
      <TestMethod codeBase="TestAssembly.dll" className="TestNamespace.TestClass10" name="Test9499" />
    </UnitTest>
    <UnitTest name="Test9500" id="d114a48e-c11f-4c63-b3df-49d171e80a3c" storage="TestAssembly.dll">
      <Execution id="a9a708e2-6712-4be1-9e2b-086b27a15648" />
      <TestMethod codeBase="TestAssembly.dll" className="TestNamespace.TestClass10" name="Test9500" />
    </UnitTest>
  </TestDefinitions>
  <TestEntries>
    <TestEntry testId="5faa0f98-290a-49db-8339-459cb89f16d9" executionId="18ac3aa3-1601-4056-8258-37a8231934b3" testListId="632a4564-ab7b-47b0-b85e-6cd9d954c1eb" />
    <TestEntry testId="a570ff42-b180-4c6c-b382-d8cf195a49b5" executionId="160af87f-8b60-4850-b016-60938f0bc04d" testListId="632a4564-ab7b-47b0-b85e-6cd9d954c1eb" />
    <TestEntry testId="63ab19cb-2ab9-43dc-b7d4-7bd556c9627f" executionId="87b062fb-a7f6-475c-bc58-fc2f8f75ffe7" testListId="632a4564-ab7b-47b0-b85e-6cd9d954c1eb" />
    <TestEntry testId="b042f439-fde9-448b-9b36-e8ef5cf9d451" executionId="313a4139-61fe-4d45-8fe3-87c3ffcfd4ba" testListId="632a4564-ab7b-47b0-b85e-6cd9d954c1eb" />
    <TestEntry testId="54eb833b-c3db-4155-9e98-0bc570407b91" executionId="18fef308-c2b9-4fa9-bb43-4381e3569ddb" testListId="632a4564-ab7b-47b0-b85e-6cd9d954c1eb" />
    <TestEntry testId="0805e6d4-4790-49c7-b532-8436d37677b8" executionId="781a9a96-be71-40df-99b3-9d9064ff7c4d" testListId="632a4564-ab7b-47b0-b85e-6cd9d954c1eb" />
    <TestEntry testId="9516341d-8ddb-49f1-ae97-912aa4ca8493" executionId="4df73b90-b929-45d6-bc77-b5a309882c13" testListId="632a4564-ab7b-47b0-b85e-6cd9d954c1eb" />
    <TestEntry testId="5180e7f4-7e72-4662-807e-480381145792" executionId="b9b7b635-238e-40d3-be14-27b7f1bea3dc" testListId="632a4564-ab7b-47b0-b85e-6cd9d954c1eb" />
    <TestEntry testId="948b9c41-2d5f-41ed-b452-9cb3922cd7b1" executionId="5682dac0-1233-4d19-8843-c789061cb3ab" testListId="632a4564-ab7b-47b0-b85e-6cd9d954c1eb" />
    <TestEntry testId="d2704142-313c-406f-809b-a69a056bec8d" executionId="23cf0b0d-d43c-4532-a61f-f6b714699354" testListId="632a4564-ab7b-47b0-b85e-6cd9d954c1eb" />
    <TestEntry testId="93a312ee-ffe8-47ab-8ee8-897b25fcc545" executionId="1afaaf3b-4ab3-44a7-85e5-0f6e19402f79" testListId="632a4564-ab7b-47b0-b85e-6cd9d954c1eb" />
    <TestEntry testId="f49f4969-2643-4ce8-8ace-888ae7453a09" executionId="91ee3052-0d4f-44df-83c3-5c04cb8f930e" testListId="632a4564-ab7b-47b0-b85e-6cd9d954c1eb" />
    <TestEntry testId="4ea5294f-3b1d-403b-a16d-c196c799a828" executionId="702d1c47-b950-45a6-91ec-6ae1a5cc4fb6" testListId="632a4564-ab7b-47b0-b85e-6cd9d954c1eb" />
    <TestEntry testId="87488411-e6f9-4f9e-ae8c-43668626a7af" executionId="8e2f3a23-a320-4bc0-bc46-d8fa446f28ac" testListId="632a4564-ab7b-47b0-b85e-6cd9d954c1eb" />
    <TestEntry testId="0c532c3a-05e3-4a4e-80cd-cb1b8383140b" executionId="a3891a65-0a93-46ef-9d6f-62ea2394369b" testListId="632a4564-ab7b-47b0-b85e-6cd9d954c1eb" />
    <TestEntry testId="ba77fabd-1d49-4524-9b60-22bf48563b0b" executionId="f59998b5-eb3a-4212-84eb-9ddda806339e" testListId="632a4564-ab7b-47b0-b85e-6cd9d954c1eb" />
    <TestEntry testId="77f9af75-5603-4c3d-b9a9-891e384ce7de" executionId="7f2da822-48ae-421a-8dfc-df0be6dce9b2" testListId="632a4564-ab7b-47b0-b85e-6cd9d954c1eb" />
    <TestEntry testId="83bd553d-49a3-4954-b619-1a9968d78906" executionId="9eba80ec-34e7-4578-aa72-80e1bc5675ad" testListId="632a4564-ab7b-47b0-b85e-6cd9d954c1eb" />
    <TestEntry testId="d4e1308b-81f7-4b20-b50c-e360cfa0d31f" executionId="19a86de3-e1af-421d-a155-fbf7cc7a63a7" testListId="632a4564-ab7b-47b0-b85e-6cd9d954c1eb" />
    <TestEntry testId="2b7dadac-1a12-415d-9cb2-29e8e38cf01b" executionId="87e368db-f07a-466a-9636-d219a9220f72" testListId="632a4564-ab7b-47b0-b85e-6cd9d954c1eb" />
    <TestEntry testId="9e0576da-526f-49d1-b58b-0560a9b4141f" executionId="382aa0d6-00bf-4e1c-97ba-bd1714e69db4" testListId="632a4564-ab7b-47b0-b85e-6cd9d954c1eb" />
    <TestEntry testId="f353e5eb-2910-4517-b107-403f1f1b67da" executionId="7496d59e-442b-4a84-946a-c3a1268b978e" testListId="632a4564-ab7b-47b0-b85e-6cd9d954c1eb" />
    <TestEntry testId="1bd4799a-9c1e-4244-89b5-a43f37bb5950" executionId="b126751f-a635-404b-a22a-b67171652a57" testListId="632a4564-ab7b-47b0-b85e-6cd9d954c1eb" />
    <TestEntry testId="4393f140-e5fb-4d0e-8c3d-ea2af9b0ef85" executionId="9c41c48e-b99a-4bc7-aefc-a4e71431b4fa" testListId="632a4564-ab7b-47b0-b85e-6cd9d954c1eb" />
    <TestEntry testId="a5573a5a-b4a5-4889-b9b5-db07d9b20074" executionId="1fa0cea2-e638-4142-932c-441bf055bf41" testListId="632a4564-ab7b-47b0-b85e-6cd9d954c1eb" />
    <TestEntry testId="92a1377e-61ff-4a79-aabf-19fae57894e6" executionId="d16111af-ac8a-40bc-9350-03794c6057bf" testListId="632a4564-ab7b-47b0-b85e-6cd9d954c1eb" />
    <TestEntry testId="c7cdc903-0fed-45a2-b272-7f4e8cedc405" executionId="41b61bb7-c957-4585-b7c7-69f74d0691b0" testListId="632a4564-ab7b-47b0-b85e-6cd9d954c1eb" />
    <TestEntry testId="4972ee80-6d16-402e-ada7-8769f22be69e" executionId="a4016311-425d-4542-b164-b88b5ef05ba4" testListId="632a4564-ab7b-47b0-b85e-6cd9d954c1eb" />
    <TestEntry testId="b3e61950-9c07-4656-ac96-dbe7f4d6b8a3" executionId="9ead2b76-b9c4-4206-8d93-d116fcdb5ed5" testListId="632a4564-ab7b-47b0-b85e-6cd9d954c1eb" />
    <TestEntry testId="8989f327-20db-4a34-ba76-6de3b6c03ab9" executionId="0b740c17-757d-45d9-9248-25cbde9e9734" testListId="632a4564-ab7b-47b0-b85e-6cd9d954c1eb" />
    <TestEntry testId="267f7b10-0ea1-4949-bddb-a67f34d97ed9" executionId="59f545fa-cc9b-4217-a49b-ed18aa3c3dbb" testListId="632a4564-ab7b-47b0-b85e-6cd9d954c1eb" />
    <TestEntry testId="7d800a6f-0870-4e85-bbf5-4b99b5d28b33" executionId="4d27bd8e-cc69-4c8d-8837-14cd2a7245aa" testListId="632a4564-ab7b-47b0-b85e-6cd9d954c1eb" />
    <TestEntry testId="4055b14f-5173-42fe-aa7f-c969159ecba6" executionId="4dee7e85-f7a5-4396-80d3-73fb2d4c3cd1" testListId="632a4564-ab7b-47b0-b85e-6cd9d954c1eb" />
    <TestEntry testId="65571a97-2ff3-4f92-bdf6-0ffebe6f098e" executionId="db9261f0-8dcd-4f62-91aa-0fdab85844d0" testListId="632a4564-ab7b-47b0-b85e-6cd9d954c1eb" />
    <TestEntry testId="5c8d0091-575d-4815-9104-a45a8a1f061b" executionId="fcb58945-b316-4c95-8702-79c88279af54" testListId="632a4564-ab7b-47b0-b85e-6cd9d954c1eb" />
    <TestEntry testId="272b80ae-db51-45ff-859a-5ba71a1b248d" executionId="7f559a14-e71e-431a-8875-31f98f2c7f5f" testListId="632a4564-ab7b-47b0-b85e-6cd9d954c1eb" />
    <TestEntry testId="1d55c87c-5388-4f14-8bff-60a83cd087cc" executionId="d09cc181-7691-4fec-baf8-b86f7cf82cf9" testListId="632a4564-ab7b-47b0-b85e-6cd9d954c1eb" />
    <TestEntry testId="ab61f33f-b96c-45a1-8fbc-783b5c90ef68" executionId="54f4efef-99bd-4591-a72d-3c6db3ceb906" testListId="632a4564-ab7b-47b0-b85e-6cd9d954c1eb" />
    <TestEntry testId="6e3fc551-0b0c-45be-8517-fed5501e26f9" executionId="e8701389-31a0-4d7a-bd44-9a81b71403ff" testListId="632a4564-ab7b-47b0-b85e-6cd9d954c1eb" />
    <TestEntry testId="2f1a6135-c83e-4383-a979-18a1218b29dc" executionId="5bf6d59f-2859-4fd3-8fca-e23bb26173d7" testListId="632a4564-ab7b-47b0-b85e-6cd9d954c1eb" />
    <TestEntry testId="feedb517-4dd2-46d1-8b86-8cd663e84ef4" executionId="d1b2c543-7638-4a38-a748-ae65c74d78ff" testListId="632a4564-ab7b-47b0-b85e-6cd9d954c1eb" />
    <TestEntry testId="94cef452-ec28-4d34-a1dc-8c0267176eb6" executionId="f6a0df84-3c78-4b22-8e9a-5781e1e0d061" testListId="632a4564-ab7b-47b0-b85e-6cd9d954c1eb" />
    <TestEntry testId="3358d9fb-08fc-48ff-af70-865a2b7e2bcd" executionId="9567ce71-ae32-43e9-87ca-4b3be2dfa9d2" testListId="632a4564-ab7b-47b0-b85e-6cd9d954c1eb" />
    <TestEntry testId="75a965c0-42f4-421c-85ae-1db756175760" executionId="ca9e874f-ca24-4239-9150-970a85d881c3" testListId="632a4564-ab7b-47b0-b85e-6cd9d954c1eb" />
    <TestEntry testId="63cb468f-e7e6-4c8a-9354-6068b75cf2cd" executionId="45a32f6e-0028-40c5-b701-da01ce1d38f4" testListId="632a4564-ab7b-47b0-b85e-6cd9d954c1eb" />
    <TestEntry testId="8455bf86-9308-43ed-a183-1b035cd59879" executionId="a3901e78-4d73-4d08-a95a-22c9878779f2" testListId="632a4564-ab7b-47b0-b85e-6cd9d954c1eb" />
    <TestEntry testId="a0ed4a7b-ed84-425f-ae6e-9d2d3011ea54" executionId="41151936-6c6c-4f4f-89a6-7baf93ec4006" testListId="632a4564-ab7b-47b0-b85e-6cd9d954c1eb" />
    <TestEntry testId="014d3af3-ee3b-4379-944a-b3b2f8ff385d" executionId="de274180-5395-46ea-8691-8a9178477146" testListId="632a4564-ab7b-47b0-b85e-6cd9d954c1eb" />
    <TestEntry testId="4ab337a9-01dc-4ec5-ada2-7f66766d1f8f" executionId="93015551-7200-415a-96c9-dfe90f1c185a" testListId="632a4564-ab7b-47b0-b85e-6cd9d954c1eb" />
    <TestEntry testId="a0db69c6-ca62-4b7a-ab77-6bed60aeac70" executionId="797045eb-ef7f-4449-9c7d-be162132cc77" testListId="632a4564-ab7b-47b0-b85e-6cd9d954c1eb" />
    <TestEntry testId="a8aa6bb1-5b75-4967-8fb6-6c8b2b185b73" executionId="becd3e00-ec2c-4698-bc45-e1d5f6c088ee" testListId="632a4564-ab7b-47b0-b85e-6cd9d954c1eb" />
    <TestEntry testId="16a90838-8be5-4237-82b4-c585d41438eb" executionId="624f2878-5f8e-4f64-bed9-6c27e866349e" testListId="632a4564-ab7b-47b0-b85e-6cd9d954c1eb" />
    <TestEntry testId="bd9d577e-db17-40d1-9b59-12d6129716ca" executionId="a044956d-32a6-4223-bb83-5eb2c20b5882" testListId="632a4564-ab7b-47b0-b85e-6cd9d954c1eb" />
    <TestEntry testId="47fbf105-780a-4041-b3fd-07431eb225f5" executionId="de0594aa-6be8-4de0-9fec-ca4279704450" testListId="632a4564-ab7b-47b0-b85e-6cd9d954c1eb" />
    <TestEntry testId="08361e3b-fae3-4630-bce7-167393fbe3e8" executionId="25b59475-bcc7-44ed-b409-6ef85dda1a9a" testListId="632a4564-ab7b-47b0-b85e-6cd9d954c1eb" />
    <TestEntry testId="448da6c2-5d3d-42bd-9bb1-4327ae06ebd1" executionId="1b9f3e8a-5cbf-4a28-b2aa-0df1e922332b" testListId="632a4564-ab7b-47b0-b85e-6cd9d954c1eb" />
    <TestEntry testId="d1747d32-288d-4599-9761-d5c89d3a1454" executionId="6979de77-35d4-4020-96e0-d5118157437d" testListId="632a4564-ab7b-47b0-b85e-6cd9d954c1eb" />
    <TestEntry testId="f213ca4f-032c-4447-a464-c875f6814be3" executionId="f9d36438-589e-4e3a-b88e-9c451495fb6e" testListId="632a4564-ab7b-47b0-b85e-6cd9d954c1eb" />
    <TestEntry testId="c4abfecf-ba13-4339-bf09-f92e7c382c33" executionId="8c94a08d-a8f8-41a8-aa4e-881a7aabfcb0" testListId="632a4564-ab7b-47b0-b85e-6cd9d954c1eb" />
    <TestEntry testId="fa370a4b-3b46-48c6-a46e-d1ff05e1d8e6" executionId="0f20267b-aaca-4b5e-9dc7-1376d4bff719" testListId="632a4564-ab7b-47b0-b85e-6cd9d954c1eb" />
    <TestEntry testId="501cc5ba-7fc7-4ee3-b389-b2bb7e4c6b50" executionId="73fc7f54-cd10-4f76-b48d-e528d8e23187" testListId="632a4564-ab7b-47b0-b85e-6cd9d954c1eb" />
    <TestEntry testId="1334164a-33f5-4fda-aa8b-ef07bbce68d6" executionId="24aad25d-8a6b-450b-84da-524f9f4091e9" testListId="632a4564-ab7b-47b0-b85e-6cd9d954c1eb" />
    <TestEntry testId="22bb08eb-5ee0-4416-ac77-c7feff83408d" executionId="5e7c28c3-0330-463f-8c86-727022c2a12e" testListId="632a4564-ab7b-47b0-b85e-6cd9d954c1eb" />
    <TestEntry testId="77a9078b-3178-4c78-b099-434226060716" executionId="82b49c27-b235-4406-931a-0f1880063876" testListId="632a4564-ab7b-47b0-b85e-6cd9d954c1eb" />
    <TestEntry testId="8dd8ef7a-8072-4191-897d-ea430c147ac8" executionId="3889d758-be45-4ea3-b319-5f3c9d3b5d1e" testListId="632a4564-ab7b-47b0-b85e-6cd9d954c1eb" />
    <TestEntry testId="0eb22839-50cd-45fb-aee0-7b7aa4b04e8c" executionId="c3843336-b963-45c0-82e4-efd28f200fee" testListId="632a4564-ab7b-47b0-b85e-6cd9d954c1eb" />
    <TestEntry testId="07bf3c40-8171-4637-a65d-93948dd31f7d" executionId="b1abba8a-4001-40ee-9c73-132a71e222e4" testListId="632a4564-ab7b-47b0-b85e-6cd9d954c1eb" />
    <TestEntry testId="a204fa32-8f4c-4a79-9dca-b3eed964e3c7" executionId="e8dbf94d-c2f9-4383-9d51-f7aa2f1f97f6" testListId="632a4564-ab7b-47b0-b85e-6cd9d954c1eb" />
    <TestEntry testId="55a71eb1-ad5c-46f6-8cd6-d5c015c15f3f" executionId="9f474e70-2787-4943-9f50-4ca057a6fd29" testListId="632a4564-ab7b-47b0-b85e-6cd9d954c1eb" />
    <TestEntry testId="777d1761-50ea-4e5a-b6f3-cac923073019" executionId="3bfaf5cb-d473-4ab5-926b-b6063219ad8c" testListId="632a4564-ab7b-47b0-b85e-6cd9d954c1eb" />
    <TestEntry testId="05d55c4c-d1d0-4253-9730-cc1179ce30e5" executionId="d33ba432-d078-4698-aeef-a835e35ff073" testListId="632a4564-ab7b-47b0-b85e-6cd9d954c1eb" />
    <TestEntry testId="d19ae2da-9441-428e-8547-3b49ad96410d" executionId="08bbed3f-7fb6-4e46-8823-71c7f7e87f96" testListId="632a4564-ab7b-47b0-b85e-6cd9d954c1eb" />
    <TestEntry testId="3ee1aabd-6a0b-4360-b5b1-d79ccafca4e0" executionId="6e8520eb-8c88-4c31-9394-5395915166a0" testListId="632a4564-ab7b-47b0-b85e-6cd9d954c1eb" />
    <TestEntry testId="23ef1bfd-c938-416c-bd65-3818f56f0fe0" executionId="e9a84c37-f0c2-4fc8-b6e9-49eeaace7c16" testListId="632a4564-ab7b-47b0-b85e-6cd9d954c1eb" />
    <TestEntry testId="2fb30529-9aef-4a20-8b5a-94e9108a8f61" executionId="257717b2-d02d-40d9-b9c4-7ccd530b5f8b" testListId="632a4564-ab7b-47b0-b85e-6cd9d954c1eb" />
    <TestEntry testId="5e2720c5-5f5e-4d29-8870-c4bdcebe7f6b" executionId="581a291c-efaa-44cc-9f27-895eea7bbdf3" testListId="632a4564-ab7b-47b0-b85e-6cd9d954c1eb" />
    <TestEntry testId="f3dc8f82-ffe5-45ea-901b-08ca5955ef95" executionId="5e8286f2-593b-4ebb-9a9b-37620f2e096b" testListId="632a4564-ab7b-47b0-b85e-6cd9d954c1eb" />
    <TestEntry testId="484a1a1b-ba7e-4196-ad4b-ef7ae6d44552" executionId="ddeca3c9-fb82-4a25-a4cc-cb308a7780f8" testListId="632a4564-ab7b-47b0-b85e-6cd9d954c1eb" />
    <TestEntry testId="06950fc8-4c32-4a40-9d8b-adf850c81650" executionId="2de20a2c-7c66-45ce-991f-cbf136fd3378" testListId="632a4564-ab7b-47b0-b85e-6cd9d954c1eb" />
    <TestEntry testId="b7eb82de-b23d-42a6-b1c3-39953a29dd82" executionId="71971f30-efb9-47eb-95d6-52924c00d477" testListId="632a4564-ab7b-47b0-b85e-6cd9d954c1eb" />
    <TestEntry testId="b2f62951-ba63-4922-a279-c5121bd3b12f" executionId="51625df5-dc98-4adb-9f1d-83e0bc0b8de8" testListId="632a4564-ab7b-47b0-b85e-6cd9d954c1eb" />
    <TestEntry testId="a82ee580-604a-4a16-b04f-1be30be3861c" executionId="39876362-b444-416d-9eea-f99a614eeadc" testListId="632a4564-ab7b-47b0-b85e-6cd9d954c1eb" />
    <TestEntry testId="a55b0066-73ef-44c4-8212-feded0beb13a" executionId="e1a91e3d-3629-4f64-8146-6efa67e9e3b9" testListId="632a4564-ab7b-47b0-b85e-6cd9d954c1eb" />
    <TestEntry testId="234c3495-2682-4c72-89bc-8f3fae37bf0d" executionId="05c0ed70-a462-4b11-8228-1863349ae3bc" testListId="632a4564-ab7b-47b0-b85e-6cd9d954c1eb" />
    <TestEntry testId="6ed905c4-0714-46f7-abdc-be73ae63057e" executionId="9e13599a-16f9-4a05-a6a1-57847577e8f8" testListId="632a4564-ab7b-47b0-b85e-6cd9d954c1eb" />
    <TestEntry testId="24353bf8-588f-4a36-a753-067f78cde5c2" executionId="2a688061-dcef-4c91-b11f-e69b666a9300" testListId="632a4564-ab7b-47b0-b85e-6cd9d954c1eb" />
    <TestEntry testId="54f07fe1-8c80-4306-b18b-8d49fb99779c" executionId="4591c5b2-df4e-4046-bfb9-6b6631d86c11" testListId="632a4564-ab7b-47b0-b85e-6cd9d954c1eb" />
    <TestEntry testId="78e7c6f1-0164-41d5-a542-afffe8898968" executionId="726ce8cb-7cac-47ea-9a4f-bbfcf3c03b09" testListId="632a4564-ab7b-47b0-b85e-6cd9d954c1eb" />
    <TestEntry testId="43246fa7-f802-48df-bac3-c4b197062db2" executionId="a40106ec-205f-4ef5-a2e6-35ec868f6559" testListId="632a4564-ab7b-47b0-b85e-6cd9d954c1eb" />
    <TestEntry testId="16ebb7ba-e89e-49c8-8709-4333e14f62c0" executionId="c6556c21-7649-4a6f-a4e6-69ab8b136dad" testListId="632a4564-ab7b-47b0-b85e-6cd9d954c1eb" />
    <TestEntry testId="567bbe88-3181-4fd1-8711-18ffa9d46998" executionId="e56094d7-75f2-470b-abee-1c920326818b" testListId="632a4564-ab7b-47b0-b85e-6cd9d954c1eb" />
    <TestEntry testId="6ece3c67-1575-4f5d-a459-00c512c672e7" executionId="fad24f93-36b7-41b5-aa8a-67cbb1c0b023" testListId="632a4564-ab7b-47b0-b85e-6cd9d954c1eb" />
    <TestEntry testId="7dcbd79b-85b7-4dea-9cb1-9b87d94ae464" executionId="7beaff78-bd38-492e-b0f1-69c9fca697fd" testListId="632a4564-ab7b-47b0-b85e-6cd9d954c1eb" />
    <TestEntry testId="1535eb91-3cf2-4211-a13b-26ca190c413a" executionId="d5c7d125-21ba-4a6b-ad0a-c9d7c2beb29c" testListId="632a4564-ab7b-47b0-b85e-6cd9d954c1eb" />
    <TestEntry testId="a0b9b78d-c692-4d13-a16d-67d7993a82e5" executionId="8309a086-629d-4c4c-b235-046db81bcd9e" testListId="632a4564-ab7b-47b0-b85e-6cd9d954c1eb" />
    <TestEntry testId="9642e2c6-ac1c-4ed0-ae98-58c013e46afd" executionId="db78a71b-2b32-44b5-af8c-5512d9304f69" testListId="632a4564-ab7b-47b0-b85e-6cd9d954c1eb" />
    <TestEntry testId="ac3d34af-c8c0-4e80-b2c7-a78176cb7216" executionId="fdb93dde-f4bf-49d6-9568-fcee253a113a" testListId="632a4564-ab7b-47b0-b85e-6cd9d954c1eb" />
    <TestEntry testId="e4df0633-6b1d-402c-82fa-0eb260fa6c5a" executionId="e7135c2b-c1c0-42ea-911a-038528b78a5a" testListId="632a4564-ab7b-47b0-b85e-6cd9d954c1eb" />
    <TestEntry testId="c10898a4-7e87-48a9-9cc0-ea510b256f57" executionId="3dfbf094-58f8-4731-af9f-576d39c21c4c" testListId="632a4564-ab7b-47b0-b85e-6cd9d954c1eb" />
    <TestEntry testId="d114a48e-c11f-4c63-b3df-49d171e80a3c" executionId="a9a708e2-6712-4be1-9e2b-086b27a15648" testListId="632a4564-ab7b-47b0-b85e-6cd9d954c1eb" />
  </TestEntries>
  <TestLists>
    <TestList name="Results Not in a List" id="632a4564-ab7b-47b0-b85e-6cd9d954c1eb" />
    <TestList name="All Loaded Results" id="5967616b-6f12-4901-9658-5bc20f830531" />
  </TestLists>
</TestRun>