<?xml version="1.0" encoding="UTF-8"?>
<TestRun id="8e40e992-1e02-4207-ba21-ea0a93cc1c43" name="Test Run 84" runUser="Oles Galatsan" xmlns="http://microsoft.com/schemas/VisualStudio/TeamTest/2010">
  <Times creation="2025-05-14T13:20:31.3125482Z" queuing="2025-05-14T13:20:31.3125482Z" start="2025-05-14T13:20:31.3146610Z" finish="2025-05-14T13:25:31.3147553Z" />
  <TestSettings name="Test Settings 84" id="1c925c5c-7b0a-4d2e-bbd9-0922a46b6cd5" />
  <Results>
    <UnitTestResult executionId="905c9754-7223-48ea-b6e2-30b3ad8db39f" testId="c1685bd4-cc9d-480c-a28f-b797d585a079" testName="Test8301" computerName="UA-LPT-OGA2" duration="00:00:00.2980000" startTime="2025-05-14T13:20:31.3146610Z" endTime="2025-05-14T13:25:31.3147553Z" testType="13cdc9d9-ddb5-4fa4-a97d-d965ccfc6d4b" outcome="Passed" testListId="df57c519-e363-4613-870f-1e9c0583fe14" />
    <UnitTestResult executionId="eaa7e58a-be78-4ba9-81c9-9a0efd27ec0a" testId="bc89448f-132a-4c01-8ffd-bf260cec994b" testName="Test8302" computerName="UA-LPT-OGA2" duration="00:00:00.4610000" startTime="2025-05-14T13:20:31.3146610Z" endTime="2025-05-14T13:25:31.3147553Z" testType="13cdc9d9-ddb5-4fa4-a97d-d965ccfc6d4b" outcome="Failed" testListId="df57c519-e363-4613-870f-1e9c0583fe14">
      <Output>
        <ErrorInfo>
          <Message>Assertion failed: Expected value did not match actual value.</Message>
          <StackTrace>   at TestNamespace.TestClass.Test() in TestClass.cs:line 368</StackTrace>
        </ErrorInfo>
      </Output>
    </UnitTestResult>
    <UnitTestResult executionId="550c66a6-531d-4648-999e-ead9e6f92684" testId="e43169a1-92c6-4772-9421-f8ea30221bc5" testName="Test8303" computerName="UA-LPT-OGA2" duration="00:00:00.6400000" startTime="2025-05-14T13:20:31.3146610Z" endTime="2025-05-14T13:25:31.3147553Z" testType="13cdc9d9-ddb5-4fa4-a97d-d965ccfc6d4b" outcome="Passed" testListId="df57c519-e363-4613-870f-1e9c0583fe14" />
    <UnitTestResult executionId="d057a50d-f1a7-44a8-a7d8-6a82e5ec8824" testId="05f97d02-bc75-44e8-ac18-d8d5e1a2145b" testName="Test8304" computerName="UA-LPT-OGA2" duration="00:00:00.9990000" startTime="2025-05-14T13:20:31.3146610Z" endTime="2025-05-14T13:25:31.3147553Z" testType="13cdc9d9-ddb5-4fa4-a97d-d965ccfc6d4b" outcome="Passed" testListId="df57c519-e363-4613-870f-1e9c0583fe14" />
    <UnitTestResult executionId="1e830066-e097-445a-a9bb-37a8165c77f1" testId="f8126907-4010-4a6a-b9c0-82bd48bba2da" testName="Test8305" computerName="UA-LPT-OGA2" duration="00:00:00.0370000" startTime="2025-05-14T13:20:31.3146610Z" endTime="2025-05-14T13:25:31.3147553Z" testType="13cdc9d9-ddb5-4fa4-a97d-d965ccfc6d4b" outcome="Passed" testListId="df57c519-e363-4613-870f-1e9c0583fe14" />
    <UnitTestResult executionId="56291a00-de06-4ea2-9485-d7030f10f508" testId="9b5899ac-9804-46e5-ad07-c026f436bccc" testName="Test8306" computerName="UA-LPT-OGA2" duration="00:00:01.9520000" startTime="2025-05-14T13:20:31.3146610Z" endTime="2025-05-14T13:25:31.3147553Z" testType="13cdc9d9-ddb5-4fa4-a97d-d965ccfc6d4b" outcome="Passed" testListId="df57c519-e363-4613-870f-1e9c0583fe14" />
    <UnitTestResult executionId="d662c243-7c24-4c29-a8d9-11e237615a91" testId="069e7e9a-158e-4f02-bcf1-89ff5bfe9a53" testName="Test8307" computerName="UA-LPT-OGA2" duration="00:00:01.0150000" startTime="2025-05-14T13:20:31.3146610Z" endTime="2025-05-14T13:25:31.3147553Z" testType="13cdc9d9-ddb5-4fa4-a97d-d965ccfc6d4b" outcome="Passed" testListId="df57c519-e363-4613-870f-1e9c0583fe14" />
    <UnitTestResult executionId="b2a0cc29-9ad1-47af-a7c7-b9ea730ecbb7" testId="fb2bc0a4-d7e7-4ade-948c-a663a69824ab" testName="Test8308" computerName="UA-LPT-OGA2" duration="00:00:00.9040000" startTime="2025-05-14T13:20:31.3146610Z" endTime="2025-05-14T13:25:31.3147553Z" testType="13cdc9d9-ddb5-4fa4-a97d-d965ccfc6d4b" outcome="Passed" testListId="df57c519-e363-4613-870f-1e9c0583fe14" />
    <UnitTestResult executionId="817a642b-288b-4bd7-b590-f7351d62f66a" testId="ac960034-e19c-458c-ae32-ba757ac9fe40" testName="Test8309" computerName="UA-LPT-OGA2" duration="00:00:01.7690000" startTime="2025-05-14T13:20:31.3146610Z" endTime="2025-05-14T13:25:31.3147553Z" testType="13cdc9d9-ddb5-4fa4-a97d-d965ccfc6d4b" outcome="Passed" testListId="df57c519-e363-4613-870f-1e9c0583fe14" />
    <UnitTestResult executionId="361daf80-1a29-4abd-bc37-023fec30dd91" testId="a7e5b282-4dc9-4666-9aeb-b645f8e070e5" testName="Test8310" computerName="UA-LPT-OGA2" duration="00:00:01.6860000" startTime="2025-05-14T13:20:31.3146610Z" endTime="2025-05-14T13:25:31.3147553Z" testType="13cdc9d9-ddb5-4fa4-a97d-d965ccfc6d4b" outcome="Passed" testListId="df57c519-e363-4613-870f-1e9c0583fe14" />
    <UnitTestResult executionId="02307773-2bce-4518-9e7c-d61f1c4a5702" testId="e69f7747-aa69-4447-8b80-6f0f59fd5f11" testName="Test8311" computerName="UA-LPT-OGA2" duration="00:00:01.8280000" startTime="2025-05-14T13:20:31.3146610Z" endTime="2025-05-14T13:25:31.3147553Z" testType="13cdc9d9-ddb5-4fa4-a97d-d965ccfc6d4b" outcome="Passed" testListId="df57c519-e363-4613-870f-1e9c0583fe14" />
    <UnitTestResult executionId="b4dddf23-8daf-401e-b89c-b618a1b2e6a0" testId="b95c26b6-f6f8-4324-8006-76719bc58435" testName="Test8312" computerName="UA-LPT-OGA2" duration="00:00:01.4330000" startTime="2025-05-14T13:20:31.3146610Z" endTime="2025-05-14T13:25:31.3147553Z" testType="13cdc9d9-ddb5-4fa4-a97d-d965ccfc6d4b" outcome="Passed" testListId="df57c519-e363-4613-870f-1e9c0583fe14" />
    <UnitTestResult executionId="8aaa00a9-32c9-445f-8445-ec252ff78f50" testId="81798e8e-6857-4e88-8381-ec813920e1c5" testName="Test8313" computerName="UA-LPT-OGA2" duration="00:00:01.2580000" startTime="2025-05-14T13:20:31.3146610Z" endTime="2025-05-14T13:25:31.3147553Z" testType="13cdc9d9-ddb5-4fa4-a97d-d965ccfc6d4b" outcome="Passed" testListId="df57c519-e363-4613-870f-1e9c0583fe14" />
    <UnitTestResult executionId="c451789e-3f61-4341-a422-767301c040f0" testId="3513bd54-68c7-4a12-ba62-828af87b29d4" testName="Test8314" computerName="UA-LPT-OGA2" duration="00:00:00.5820000" startTime="2025-05-14T13:20:31.3146610Z" endTime="2025-05-14T13:25:31.3147553Z" testType="13cdc9d9-ddb5-4fa4-a97d-d965ccfc6d4b" outcome="Passed" testListId="df57c519-e363-4613-870f-1e9c0583fe14" />
    <UnitTestResult executionId="69344a29-f548-4d3e-babe-c88a78ac3927" testId="23100216-0a77-4063-ab98-c2f778f8de02" testName="Test8315" computerName="UA-LPT-OGA2" duration="00:00:01.8380000" startTime="2025-05-14T13:20:31.3146610Z" endTime="2025-05-14T13:25:31.3147553Z" testType="13cdc9d9-ddb5-4fa4-a97d-d965ccfc6d4b" outcome="Passed" testListId="df57c519-e363-4613-870f-1e9c0583fe14" />
    <UnitTestResult executionId="9409cc1e-c16c-4044-acbc-8de4c6722b08" testId="b5c44342-ab58-459a-8f89-4bdab3ee940a" testName="Test8316" computerName="UA-LPT-OGA2" duration="00:00:01.6050000" startTime="2025-05-14T13:20:31.3146610Z" endTime="2025-05-14T13:25:31.3147553Z" testType="13cdc9d9-ddb5-4fa4-a97d-d965ccfc6d4b" outcome="Passed" testListId="df57c519-e363-4613-870f-1e9c0583fe14" />
    <UnitTestResult executionId="845bd3b5-260a-4427-bd75-ce34762e3f5f" testId="8e9dc3b6-51fe-4555-9dca-ee38dee10bc3" testName="Test8317" computerName="UA-LPT-OGA2" duration="00:00:00.4140000" startTime="2025-05-14T13:20:31.3146610Z" endTime="2025-05-14T13:25:31.3147553Z" testType="13cdc9d9-ddb5-4fa4-a97d-d965ccfc6d4b" outcome="Passed" testListId="df57c519-e363-4613-870f-1e9c0583fe14" />
    <UnitTestResult executionId="3c55e10f-bd7b-406a-b3dd-84d65f227365" testId="56f4e073-f2bd-45ef-b505-7028ab36bee5" testName="Test8318" computerName="UA-LPT-OGA2" duration="00:00:01.9850000" startTime="2025-05-14T13:20:31.3146610Z" endTime="2025-05-14T13:25:31.3147553Z" testType="13cdc9d9-ddb5-4fa4-a97d-d965ccfc6d4b" outcome="Passed" testListId="df57c519-e363-4613-870f-1e9c0583fe14" />
    <UnitTestResult executionId="5872380f-63ea-45ac-8654-c700e90e2b5a" testId="48a0e2a2-2c8c-4b6f-a7a6-a97aa4d9eddb" testName="Test8319" computerName="UA-LPT-OGA2" duration="00:00:01.2650000" startTime="2025-05-14T13:20:31.3146610Z" endTime="2025-05-14T13:25:31.3147553Z" testType="13cdc9d9-ddb5-4fa4-a97d-d965ccfc6d4b" outcome="Passed" testListId="df57c519-e363-4613-870f-1e9c0583fe14" />
    <UnitTestResult executionId="46b8b769-9d5e-41e3-97cf-ae345a616370" testId="14c59709-4124-42a1-a82c-61757d2c6e51" testName="Test8320" computerName="UA-LPT-OGA2" duration="00:00:00.9650000" startTime="2025-05-14T13:20:31.3146610Z" endTime="2025-05-14T13:25:31.3147553Z" testType="13cdc9d9-ddb5-4fa4-a97d-d965ccfc6d4b" outcome="Passed" testListId="df57c519-e363-4613-870f-1e9c0583fe14" />
    <UnitTestResult executionId="16f98096-f362-429d-bc2f-68eb8d4f1c86" testId="81cf82b6-7762-4dde-922c-ab4e9554f011" testName="Test8321" computerName="UA-LPT-OGA2" duration="00:00:00.7420000" startTime="2025-05-14T13:20:31.3146610Z" endTime="2025-05-14T13:25:31.3147553Z" testType="13cdc9d9-ddb5-4fa4-a97d-d965ccfc6d4b" outcome="Passed" testListId="df57c519-e363-4613-870f-1e9c0583fe14" />
    <UnitTestResult executionId="9a4dbbe4-7357-4f6e-af9c-5307bdddacb7" testId="051c6447-8ff3-45b5-97d4-e65a84c4afef" testName="Test8322" computerName="UA-LPT-OGA2" duration="00:00:00.5490000" startTime="2025-05-14T13:20:31.3146610Z" endTime="2025-05-14T13:25:31.3147553Z" testType="13cdc9d9-ddb5-4fa4-a97d-d965ccfc6d4b" outcome="Passed" testListId="df57c519-e363-4613-870f-1e9c0583fe14" />
    <UnitTestResult executionId="7cf32c5b-250e-47ef-8ba5-e7d35a3940ff" testId="88c6c915-2f9e-42b8-94e0-d069765f298d" testName="Test8323" computerName="UA-LPT-OGA2" duration="00:00:00.4150000" startTime="2025-05-14T13:20:31.3146610Z" endTime="2025-05-14T13:25:31.3147553Z" testType="13cdc9d9-ddb5-4fa4-a97d-d965ccfc6d4b" outcome="Inconclusive" testListId="df57c519-e363-4613-870f-1e9c0583fe14" />
    <UnitTestResult executionId="d26b58c7-eb4d-4fd1-b25f-bcd54b6af9f8" testId="81b4bd31-0b99-43b3-8aaa-57fe8dc45477" testName="Test8324" computerName="UA-LPT-OGA2" duration="00:00:01.0650000" startTime="2025-05-14T13:20:31.3146610Z" endTime="2025-05-14T13:25:31.3147553Z" testType="13cdc9d9-ddb5-4fa4-a97d-d965ccfc6d4b" outcome="Passed" testListId="df57c519-e363-4613-870f-1e9c0583fe14" />
    <UnitTestResult executionId="0372f333-00cb-4bec-9898-f39fe0fcf113" testId="b0f11b82-9e33-440e-9158-a8cdac8e9a01" testName="Test8325" computerName="UA-LPT-OGA2" duration="00:00:01.8790000" startTime="2025-05-14T13:20:31.3146610Z" endTime="2025-05-14T13:25:31.3147553Z" testType="13cdc9d9-ddb5-4fa4-a97d-d965ccfc6d4b" outcome="Passed" testListId="df57c519-e363-4613-870f-1e9c0583fe14" />
    <UnitTestResult executionId="04d477a5-66cd-4673-a1d5-b952ffe69540" testId="6ed3e318-c762-402d-9885-b69a9121d21e" testName="Test8326" computerName="UA-LPT-OGA2" duration="00:00:01.1580000" startTime="2025-05-14T13:20:31.3146610Z" endTime="2025-05-14T13:25:31.3147553Z" testType="13cdc9d9-ddb5-4fa4-a97d-d965ccfc6d4b" outcome="Passed" testListId="df57c519-e363-4613-870f-1e9c0583fe14" />
    <UnitTestResult executionId="ff20949d-2e07-4ef0-bb63-67cdcc2fcc7e" testId="0d125a54-079b-44d1-9e42-917cd824b1e3" testName="Test8327" computerName="UA-LPT-OGA2" duration="00:00:01.7730000" startTime="2025-05-14T13:20:31.3146610Z" endTime="2025-05-14T13:25:31.3147553Z" testType="13cdc9d9-ddb5-4fa4-a97d-d965ccfc6d4b" outcome="Passed" testListId="df57c519-e363-4613-870f-1e9c0583fe14" />
    <UnitTestResult executionId="68c98569-22a5-41ca-a635-b0a8c5ec0923" testId="30180d71-ed71-495d-b859-342d037a4190" testName="Test8328" computerName="UA-LPT-OGA2" duration="00:00:01.2220000" startTime="2025-05-14T13:20:31.3146610Z" endTime="2025-05-14T13:25:31.3147553Z" testType="13cdc9d9-ddb5-4fa4-a97d-d965ccfc6d4b" outcome="Passed" testListId="df57c519-e363-4613-870f-1e9c0583fe14" />
    <UnitTestResult executionId="7de1cac4-db92-4aa3-beb9-02faefb8f60b" testId="c4ae96bd-dd2e-4a91-b1d4-26d0f170a6a3" testName="Test8329" computerName="UA-LPT-OGA2" duration="00:00:01.3400000" startTime="2025-05-14T13:20:31.3146610Z" endTime="2025-05-14T13:25:31.3147553Z" testType="13cdc9d9-ddb5-4fa4-a97d-d965ccfc6d4b" outcome="Passed" testListId="df57c519-e363-4613-870f-1e9c0583fe14" />
    <UnitTestResult executionId="11883490-9885-4f04-a3ff-5885f30dc5eb" testId="26679c75-375c-49d7-92db-3c95c8bb3703" testName="Test8330" computerName="UA-LPT-OGA2" duration="00:00:00.7700000" startTime="2025-05-14T13:20:31.3146610Z" endTime="2025-05-14T13:25:31.3147553Z" testType="13cdc9d9-ddb5-4fa4-a97d-d965ccfc6d4b" outcome="Passed" testListId="df57c519-e363-4613-870f-1e9c0583fe14" />
    <UnitTestResult executionId="2dbe56f3-e381-4d12-9f9c-fd3e871d67e9" testId="6dc02dcf-1b31-440a-99c5-8514783d2314" testName="Test8331" computerName="UA-LPT-OGA2" duration="00:00:01.7740000" startTime="2025-05-14T13:20:31.3146610Z" endTime="2025-05-14T13:25:31.3147553Z" testType="13cdc9d9-ddb5-4fa4-a97d-d965ccfc6d4b" outcome="Passed" testListId="df57c519-e363-4613-870f-1e9c0583fe14" />
    <UnitTestResult executionId="930599e0-f726-4dde-8887-1e62a0c51793" testId="1d7067d7-7bca-47ab-b945-c9d606724738" testName="Test8332" computerName="UA-LPT-OGA2" duration="00:00:01.4190000" startTime="2025-05-14T13:20:31.3146610Z" endTime="2025-05-14T13:25:31.3147553Z" testType="13cdc9d9-ddb5-4fa4-a97d-d965ccfc6d4b" outcome="Passed" testListId="df57c519-e363-4613-870f-1e9c0583fe14" />
    <UnitTestResult executionId="3657c0b1-869b-4993-bfc4-c44f0cc04fbe" testId="af465b90-7fde-4244-b610-a5f303ce1a1c" testName="Test8333" computerName="UA-LPT-OGA2" duration="00:00:00.1100000" startTime="2025-05-14T13:20:31.3146610Z" endTime="2025-05-14T13:25:31.3147553Z" testType="13cdc9d9-ddb5-4fa4-a97d-d965ccfc6d4b" outcome="Passed" testListId="df57c519-e363-4613-870f-1e9c0583fe14" />
    <UnitTestResult executionId="e9a56402-944b-42bb-b576-ec27a367d9ab" testId="8bbf4d57-5b0c-400a-a923-763ce3323465" testName="Test8334" computerName="UA-LPT-OGA2" duration="00:00:01.1900000" startTime="2025-05-14T13:20:31.3146610Z" endTime="2025-05-14T13:25:31.3147553Z" testType="13cdc9d9-ddb5-4fa4-a97d-d965ccfc6d4b" outcome="Passed" testListId="df57c519-e363-4613-870f-1e9c0583fe14" />
    <UnitTestResult executionId="aecfb56f-2b00-4f66-98f5-d15b4c27bc36" testId="20114b95-9677-49d4-b2c5-61adb8ae3500" testName="Test8335" computerName="UA-LPT-OGA2" duration="00:00:01.8130000" startTime="2025-05-14T13:20:31.3146610Z" endTime="2025-05-14T13:25:31.3147553Z" testType="13cdc9d9-ddb5-4fa4-a97d-d965ccfc6d4b" outcome="Passed" testListId="df57c519-e363-4613-870f-1e9c0583fe14" />
    <UnitTestResult executionId="479bddab-f2f1-43ac-b1f0-0b249e6ce56c" testId="abbb69b4-7d56-4314-ae28-65b8281869ac" testName="Test8336" computerName="UA-LPT-OGA2" duration="00:00:00.5080000" startTime="2025-05-14T13:20:31.3146610Z" endTime="2025-05-14T13:25:31.3147553Z" testType="13cdc9d9-ddb5-4fa4-a97d-d965ccfc6d4b" outcome="Passed" testListId="df57c519-e363-4613-870f-1e9c0583fe14" />
    <UnitTestResult executionId="c469b4c6-3748-4b7e-ae72-bd85d6f1b3f0" testId="7a82aefd-b822-4813-af1d-7e0a28e0bb99" testName="Test8337" computerName="UA-LPT-OGA2" duration="00:00:01.3150000" startTime="2025-05-14T13:20:31.3146610Z" endTime="2025-05-14T13:25:31.3147553Z" testType="13cdc9d9-ddb5-4fa4-a97d-d965ccfc6d4b" outcome="Passed" testListId="df57c519-e363-4613-870f-1e9c0583fe14" />
    <UnitTestResult executionId="17f7eefc-87a7-44e5-b963-c091df0af161" testId="9887e83f-d430-4e0c-8e22-d01cb4c752d1" testName="Test8338" computerName="UA-LPT-OGA2" duration="00:00:01.1530000" startTime="2025-05-14T13:20:31.3146610Z" endTime="2025-05-14T13:25:31.3147553Z" testType="13cdc9d9-ddb5-4fa4-a97d-d965ccfc6d4b" outcome="Passed" testListId="df57c519-e363-4613-870f-1e9c0583fe14" />
    <UnitTestResult executionId="8f454d3a-0185-45cc-8dda-cb026cdc07a7" testId="d2c7a3fa-e77f-4737-835a-58bd57555a9a" testName="Test8339" computerName="UA-LPT-OGA2" duration="00:00:00.1530000" startTime="2025-05-14T13:20:31.3146610Z" endTime="2025-05-14T13:25:31.3147553Z" testType="13cdc9d9-ddb5-4fa4-a97d-d965ccfc6d4b" outcome="Failed" testListId="df57c519-e363-4613-870f-1e9c0583fe14">
      <Output>
        <ErrorInfo>
          <Message>Assertion failed: Expected value did not match actual value.</Message>
          <StackTrace>   at TestNamespace.TestClass.Test() in TestClass.cs:line 103</StackTrace>
        </ErrorInfo>
      </Output>
    </UnitTestResult>
    <UnitTestResult executionId="1bdadbdb-a3ce-44c2-8e2a-cd2329c8d806" testId="68bffbc5-d574-4245-ad91-7df1b4380888" testName="Test8340" computerName="UA-LPT-OGA2" duration="00:00:01.2920000" startTime="2025-05-14T13:20:31.3146610Z" endTime="2025-05-14T13:25:31.3147553Z" testType="13cdc9d9-ddb5-4fa4-a97d-d965ccfc6d4b" outcome="Passed" testListId="df57c519-e363-4613-870f-1e9c0583fe14" />
    <UnitTestResult executionId="34abf9fe-148b-4673-99d5-873a6bd75122" testId="8f54f8dd-3158-43d4-9e20-e036011e726c" testName="Test8341" computerName="UA-LPT-OGA2" duration="00:00:00.8780000" startTime="2025-05-14T13:20:31.3146610Z" endTime="2025-05-14T13:25:31.3147553Z" testType="13cdc9d9-ddb5-4fa4-a97d-d965ccfc6d4b" outcome="Passed" testListId="df57c519-e363-4613-870f-1e9c0583fe14" />
    <UnitTestResult executionId="0ae858ba-2591-45cb-a8db-27a9545390c8" testId="9b042e82-68b7-403a-979a-4ef1b09504a5" testName="Test8342" computerName="UA-LPT-OGA2" duration="00:00:01.8630000" startTime="2025-05-14T13:20:31.3146610Z" endTime="2025-05-14T13:25:31.3147553Z" testType="13cdc9d9-ddb5-4fa4-a97d-d965ccfc6d4b" outcome="Passed" testListId="df57c519-e363-4613-870f-1e9c0583fe14" />
    <UnitTestResult executionId="afb5e9e3-00bb-4558-86f6-f7ffe17ba21e" testId="750988b0-3973-415a-958a-8a095021c9ff" testName="Test8343" computerName="UA-LPT-OGA2" duration="00:00:01.2420000" startTime="2025-05-14T13:20:31.3146610Z" endTime="2025-05-14T13:25:31.3147553Z" testType="13cdc9d9-ddb5-4fa4-a97d-d965ccfc6d4b" outcome="Passed" testListId="df57c519-e363-4613-870f-1e9c0583fe14" />
    <UnitTestResult executionId="5272672a-3239-42df-b87e-049bff2d3307" testId="a6468733-8592-4c26-ae3b-4e82a723da09" testName="Test8344" computerName="UA-LPT-OGA2" duration="00:00:00.0200000" startTime="2025-05-14T13:20:31.3146610Z" endTime="2025-05-14T13:25:31.3147553Z" testType="13cdc9d9-ddb5-4fa4-a97d-d965ccfc6d4b" outcome="Passed" testListId="df57c519-e363-4613-870f-1e9c0583fe14" />
    <UnitTestResult executionId="83e5c02a-33bc-4a82-bc42-4e59d47f05b4" testId="debf796c-d623-4779-9ef3-d3093fdd455d" testName="Test8345" computerName="UA-LPT-OGA2" duration="00:00:00.7720000" startTime="2025-05-14T13:20:31.3146610Z" endTime="2025-05-14T13:25:31.3147553Z" testType="13cdc9d9-ddb5-4fa4-a97d-d965ccfc6d4b" outcome="Passed" testListId="df57c519-e363-4613-870f-1e9c0583fe14" />
    <UnitTestResult executionId="f330d7b3-0fe0-4cf2-93ee-cb931bcdc4fc" testId="370ee92b-c390-4b52-8d7a-ff3a59bbc1cd" testName="Test8346" computerName="UA-LPT-OGA2" duration="00:00:00.7180000" startTime="2025-05-14T13:20:31.3146610Z" endTime="2025-05-14T13:25:31.3147553Z" testType="13cdc9d9-ddb5-4fa4-a97d-d965ccfc6d4b" outcome="Passed" testListId="df57c519-e363-4613-870f-1e9c0583fe14" />
    <UnitTestResult executionId="2521faba-2747-4b73-b529-2694a094ccfe" testId="f5513238-dcd5-489f-b3af-b6cadf5b1512" testName="Test8347" computerName="UA-LPT-OGA2" duration="00:00:01.4410000" startTime="2025-05-14T13:20:31.3146610Z" endTime="2025-05-14T13:25:31.3147553Z" testType="13cdc9d9-ddb5-4fa4-a97d-d965ccfc6d4b" outcome="Passed" testListId="df57c519-e363-4613-870f-1e9c0583fe14" />
    <UnitTestResult executionId="1279e1a0-304f-486e-baf4-65bcd2804209" testId="1e90349a-b3f8-41a7-8226-a2b337380534" testName="Test8348" computerName="UA-LPT-OGA2" duration="00:00:01.3780000" startTime="2025-05-14T13:20:31.3146610Z" endTime="2025-05-14T13:25:31.3147553Z" testType="13cdc9d9-ddb5-4fa4-a97d-d965ccfc6d4b" outcome="Passed" testListId="df57c519-e363-4613-870f-1e9c0583fe14" />
    <UnitTestResult executionId="bf24fde4-f862-4eff-a85c-5bd9c45571d8" testId="633a5359-6e64-4054-9264-4b2b2fd406fc" testName="Test8349" computerName="UA-LPT-OGA2" duration="00:00:00.0620000" startTime="2025-05-14T13:20:31.3146610Z" endTime="2025-05-14T13:25:31.3147553Z" testType="13cdc9d9-ddb5-4fa4-a97d-d965ccfc6d4b" outcome="Passed" testListId="df57c519-e363-4613-870f-1e9c0583fe14" />
    <UnitTestResult executionId="543142c1-6c40-466b-b09a-2985697b2636" testId="dcfd7da4-5485-4603-88aa-f9a40971b2c6" testName="Test8350" computerName="UA-LPT-OGA2" duration="00:00:01.9250000" startTime="2025-05-14T13:20:31.3146610Z" endTime="2025-05-14T13:25:31.3147553Z" testType="13cdc9d9-ddb5-4fa4-a97d-d965ccfc6d4b" outcome="Passed" testListId="df57c519-e363-4613-870f-1e9c0583fe14" />
    <UnitTestResult executionId="9868ff43-6b12-45d3-97a0-35c6431bcc79" testId="c0a9933f-568f-4e67-9d1f-2217f4ac38a2" testName="Test8351" computerName="UA-LPT-OGA2" duration="00:00:01.4600000" startTime="2025-05-14T13:20:31.3146610Z" endTime="2025-05-14T13:25:31.3147553Z" testType="13cdc9d9-ddb5-4fa4-a97d-d965ccfc6d4b" outcome="Passed" testListId="df57c519-e363-4613-870f-1e9c0583fe14" />
    <UnitTestResult executionId="d1f72c9c-d60a-4907-964d-ac11d1c30992" testId="a7e07b64-c8d2-46a0-8cc3-152b6513459d" testName="Test8352" computerName="UA-LPT-OGA2" duration="00:00:01.9170000" startTime="2025-05-14T13:20:31.3146610Z" endTime="2025-05-14T13:25:31.3147553Z" testType="13cdc9d9-ddb5-4fa4-a97d-d965ccfc6d4b" outcome="Passed" testListId="df57c519-e363-4613-870f-1e9c0583fe14" />
    <UnitTestResult executionId="21966acb-fa59-4786-9e56-e7dfa7347de3" testId="19619477-8d8a-4f3e-aebc-8dcc284bfc3a" testName="Test8353" computerName="UA-LPT-OGA2" duration="00:00:01.9600000" startTime="2025-05-14T13:20:31.3146610Z" endTime="2025-05-14T13:25:31.3147553Z" testType="13cdc9d9-ddb5-4fa4-a97d-d965ccfc6d4b" outcome="Passed" testListId="df57c519-e363-4613-870f-1e9c0583fe14" />
    <UnitTestResult executionId="78eec420-6f64-4d7a-83b1-67ee7bb851b5" testId="ea76922b-d80e-420d-975a-bb513e93864a" testName="Test8354" computerName="UA-LPT-OGA2" duration="00:00:00.6210000" startTime="2025-05-14T13:20:31.3146610Z" endTime="2025-05-14T13:25:31.3147553Z" testType="13cdc9d9-ddb5-4fa4-a97d-d965ccfc6d4b" outcome="Passed" testListId="df57c519-e363-4613-870f-1e9c0583fe14" />
    <UnitTestResult executionId="3c88785d-84e7-4e62-9735-73194f4a00e6" testId="0ae4bc6d-e092-41a3-b467-95b0689cf19a" testName="Test8355" computerName="UA-LPT-OGA2" duration="00:00:01.4720000" startTime="2025-05-14T13:20:31.3146610Z" endTime="2025-05-14T13:25:31.3147553Z" testType="13cdc9d9-ddb5-4fa4-a97d-d965ccfc6d4b" outcome="Passed" testListId="df57c519-e363-4613-870f-1e9c0583fe14" />
    <UnitTestResult executionId="1dab49c7-c1b4-41b2-81af-e6b3d54733b2" testId="e329d103-966a-4403-837b-9aa3001eb58a" testName="Test8356" computerName="UA-LPT-OGA2" duration="00:00:00.3970000" startTime="2025-05-14T13:20:31.3146610Z" endTime="2025-05-14T13:25:31.3147553Z" testType="13cdc9d9-ddb5-4fa4-a97d-d965ccfc6d4b" outcome="Passed" testListId="df57c519-e363-4613-870f-1e9c0583fe14" />
    <UnitTestResult executionId="e9ca2e38-ddee-40f9-8c6b-1193b2d88be8" testId="dce2c497-a895-4c8a-8757-eae11c13fe38" testName="Test8357" computerName="UA-LPT-OGA2" duration="00:00:01.5190000" startTime="2025-05-14T13:20:31.3146610Z" endTime="2025-05-14T13:25:31.3147553Z" testType="13cdc9d9-ddb5-4fa4-a97d-d965ccfc6d4b" outcome="Passed" testListId="df57c519-e363-4613-870f-1e9c0583fe14" />
    <UnitTestResult executionId="d9c47fa8-a179-4d6b-b514-eba76f2b59a1" testId="6474462e-71ff-413a-beca-064df22e8ede" testName="Test8358" computerName="UA-LPT-OGA2" duration="00:00:00.7640000" startTime="2025-05-14T13:20:31.3146610Z" endTime="2025-05-14T13:25:31.3147553Z" testType="13cdc9d9-ddb5-4fa4-a97d-d965ccfc6d4b" outcome="Passed" testListId="df57c519-e363-4613-870f-1e9c0583fe14" />
    <UnitTestResult executionId="aeaa4067-f711-4b33-ad81-5d42a8f15d46" testId="a835694e-9db4-4eac-9c94-fdcde783ff02" testName="Test8359" computerName="UA-LPT-OGA2" duration="00:00:00.6350000" startTime="2025-05-14T13:20:31.3146610Z" endTime="2025-05-14T13:25:31.3147553Z" testType="13cdc9d9-ddb5-4fa4-a97d-d965ccfc6d4b" outcome="Passed" testListId="df57c519-e363-4613-870f-1e9c0583fe14" />
    <UnitTestResult executionId="0a1d066b-1c12-4eac-9462-fcf6cc034f9a" testId="e31d3957-2b2f-49a8-80cb-a969915c1f91" testName="Test8360" computerName="UA-LPT-OGA2" duration="00:00:00.9650000" startTime="2025-05-14T13:20:31.3146610Z" endTime="2025-05-14T13:25:31.3147553Z" testType="13cdc9d9-ddb5-4fa4-a97d-d965ccfc6d4b" outcome="Passed" testListId="df57c519-e363-4613-870f-1e9c0583fe14" />
    <UnitTestResult executionId="e5731605-5b32-4567-929b-07249b21b82a" testId="db82d1a6-d4f0-45d6-a141-d7590e548cbb" testName="Test8361" computerName="UA-LPT-OGA2" duration="00:00:00.1200000" startTime="2025-05-14T13:20:31.3146610Z" endTime="2025-05-14T13:25:31.3147553Z" testType="13cdc9d9-ddb5-4fa4-a97d-d965ccfc6d4b" outcome="Passed" testListId="df57c519-e363-4613-870f-1e9c0583fe14" />
    <UnitTestResult executionId="10a506c0-d88a-4eac-8074-ec60c954e896" testId="a45a01c6-f581-4f7f-bd57-6485e119c6f0" testName="Test8362" computerName="UA-LPT-OGA2" duration="00:00:00.1070000" startTime="2025-05-14T13:20:31.3146610Z" endTime="2025-05-14T13:25:31.3147553Z" testType="13cdc9d9-ddb5-4fa4-a97d-d965ccfc6d4b" outcome="Failed" testListId="df57c519-e363-4613-870f-1e9c0583fe14">
      <Output>
        <ErrorInfo>
          <Message>Assertion failed: Expected value did not match actual value.</Message>
          <StackTrace>   at TestNamespace.TestClass.Test() in TestClass.cs:line 467</StackTrace>
        </ErrorInfo>
      </Output>
    </UnitTestResult>
    <UnitTestResult executionId="b5fc9686-12eb-487b-843f-257c5846b50b" testId="c58dc2ad-6138-4c1e-971a-9b7311569b48" testName="Test8363" computerName="UA-LPT-OGA2" duration="00:00:01.6350000" startTime="2025-05-14T13:20:31.3146610Z" endTime="2025-05-14T13:25:31.3147553Z" testType="13cdc9d9-ddb5-4fa4-a97d-d965ccfc6d4b" outcome="Passed" testListId="df57c519-e363-4613-870f-1e9c0583fe14" />
    <UnitTestResult executionId="b9208d61-f89a-478b-b99f-0fe3407edec7" testId="04f8e737-453b-4451-9d3b-714dff189d15" testName="Test8364" computerName="UA-LPT-OGA2" duration="00:00:00.2060000" startTime="2025-05-14T13:20:31.3146610Z" endTime="2025-05-14T13:25:31.3147553Z" testType="13cdc9d9-ddb5-4fa4-a97d-d965ccfc6d4b" outcome="Passed" testListId="df57c519-e363-4613-870f-1e9c0583fe14" />
    <UnitTestResult executionId="d5fb7ae7-5570-4f01-b861-9dc8a8bf4a7a" testId="87e936a8-74ac-4350-9862-8923377924a5" testName="Test8365" computerName="UA-LPT-OGA2" duration="00:00:00.6000000" startTime="2025-05-14T13:20:31.3146610Z" endTime="2025-05-14T13:25:31.3147553Z" testType="13cdc9d9-ddb5-4fa4-a97d-d965ccfc6d4b" outcome="Passed" testListId="df57c519-e363-4613-870f-1e9c0583fe14" />
    <UnitTestResult executionId="6f2804c6-60c5-49c6-bd27-af3ef08c6ccc" testId="a51450ee-44a9-4ba1-9bee-3033258b5873" testName="Test8366" computerName="UA-LPT-OGA2" duration="00:00:00.3570000" startTime="2025-05-14T13:20:31.3146610Z" endTime="2025-05-14T13:25:31.3147553Z" testType="13cdc9d9-ddb5-4fa4-a97d-d965ccfc6d4b" outcome="Passed" testListId="df57c519-e363-4613-870f-1e9c0583fe14" />
    <UnitTestResult executionId="38bc467a-719b-4a9b-8730-eee1a51e0f1b" testId="13e5c360-1d84-4222-9d98-04b4c7a7b002" testName="Test8367" computerName="UA-LPT-OGA2" duration="00:00:01.2680000" startTime="2025-05-14T13:20:31.3146610Z" endTime="2025-05-14T13:25:31.3147553Z" testType="13cdc9d9-ddb5-4fa4-a97d-d965ccfc6d4b" outcome="Passed" testListId="df57c519-e363-4613-870f-1e9c0583fe14" />
    <UnitTestResult executionId="5c4f6a47-5204-401a-815b-bde9d9d31bf3" testId="cdf66c63-a8c1-4536-b674-0a7990bb6b70" testName="Test8368" computerName="UA-LPT-OGA2" duration="00:00:01.5350000" startTime="2025-05-14T13:20:31.3146610Z" endTime="2025-05-14T13:25:31.3147553Z" testType="13cdc9d9-ddb5-4fa4-a97d-d965ccfc6d4b" outcome="Passed" testListId="df57c519-e363-4613-870f-1e9c0583fe14" />
    <UnitTestResult executionId="6e28990a-08ed-4e87-bdaa-4224351c0833" testId="5d33e565-220e-4871-a4dc-9da6e5e8a1da" testName="Test8369" computerName="UA-LPT-OGA2" duration="00:00:00.1410000" startTime="2025-05-14T13:20:31.3146610Z" endTime="2025-05-14T13:25:31.3147553Z" testType="13cdc9d9-ddb5-4fa4-a97d-d965ccfc6d4b" outcome="Passed" testListId="df57c519-e363-4613-870f-1e9c0583fe14" />
    <UnitTestResult executionId="afb0e71b-a9d7-42c0-a594-50c4a8ec8e6a" testId="f612f333-04cf-405b-adb5-58c20dbad669" testName="Test8370" computerName="UA-LPT-OGA2" duration="00:00:00.2080000" startTime="2025-05-14T13:20:31.3146610Z" endTime="2025-05-14T13:25:31.3147553Z" testType="13cdc9d9-ddb5-4fa4-a97d-d965ccfc6d4b" outcome="Passed" testListId="df57c519-e363-4613-870f-1e9c0583fe14" />
    <UnitTestResult executionId="047972f2-f9f9-40df-a1db-f190772c9f36" testId="9c572e9f-aecd-4ba1-a176-74c2fab84a38" testName="Test8371" computerName="UA-LPT-OGA2" duration="00:00:00.2160000" startTime="2025-05-14T13:20:31.3146610Z" endTime="2025-05-14T13:25:31.3147553Z" testType="13cdc9d9-ddb5-4fa4-a97d-d965ccfc6d4b" outcome="Passed" testListId="df57c519-e363-4613-870f-1e9c0583fe14" />
    <UnitTestResult executionId="a557f0d7-a257-4248-83ef-59297705d2b1" testId="c0790db7-bce7-4478-8beb-d5de6d55dddf" testName="Test8372" computerName="UA-LPT-OGA2" duration="00:00:01.5570000" startTime="2025-05-14T13:20:31.3146610Z" endTime="2025-05-14T13:25:31.3147553Z" testType="13cdc9d9-ddb5-4fa4-a97d-d965ccfc6d4b" outcome="Passed" testListId="df57c519-e363-4613-870f-1e9c0583fe14" />
    <UnitTestResult executionId="4ceadf4e-922b-4128-9635-83b38dacf211" testId="fd9fcc11-7792-4a8b-9094-dabe60e1eb86" testName="Test8373" computerName="UA-LPT-OGA2" duration="00:00:01.9660000" startTime="2025-05-14T13:20:31.3146610Z" endTime="2025-05-14T13:25:31.3147553Z" testType="13cdc9d9-ddb5-4fa4-a97d-d965ccfc6d4b" outcome="Passed" testListId="df57c519-e363-4613-870f-1e9c0583fe14" />
    <UnitTestResult executionId="4411a5c2-5d68-4126-96cc-ab23f7efae8c" testId="0ad27a59-118b-4555-b0ad-c25e61adf5b1" testName="Test8374" computerName="UA-LPT-OGA2" duration="00:00:01.0290000" startTime="2025-05-14T13:20:31.3146610Z" endTime="2025-05-14T13:25:31.3147553Z" testType="13cdc9d9-ddb5-4fa4-a97d-d965ccfc6d4b" outcome="Passed" testListId="df57c519-e363-4613-870f-1e9c0583fe14" />
    <UnitTestResult executionId="6123acd1-5a6a-4ca4-92ff-77821ed58a72" testId="7aa2a380-8ab8-4dee-b164-69fb766cd6be" testName="Test8375" computerName="UA-LPT-OGA2" duration="00:00:01.5850000" startTime="2025-05-14T13:20:31.3146610Z" endTime="2025-05-14T13:25:31.3147553Z" testType="13cdc9d9-ddb5-4fa4-a97d-d965ccfc6d4b" outcome="Failed" testListId="df57c519-e363-4613-870f-1e9c0583fe14">
      <Output>
        <ErrorInfo>
          <Message>Assertion failed: Expected value did not match actual value.</Message>
          <StackTrace>   at TestNamespace.TestClass.Test() in TestClass.cs:line 483</StackTrace>
        </ErrorInfo>
      </Output>
    </UnitTestResult>
    <UnitTestResult executionId="87587c07-8748-4875-acf1-c4c1dc2b478a" testId="a8431f97-a3ab-449c-8ac6-ed8f2c5da928" testName="Test8376" computerName="UA-LPT-OGA2" duration="00:00:01.4970000" startTime="2025-05-14T13:20:31.3146610Z" endTime="2025-05-14T13:25:31.3147553Z" testType="13cdc9d9-ddb5-4fa4-a97d-d965ccfc6d4b" outcome="Passed" testListId="df57c519-e363-4613-870f-1e9c0583fe14" />
    <UnitTestResult executionId="1a60931f-7e4a-454a-8f5f-f507de02584c" testId="d852d16a-a035-4688-9d92-3e5a06a49c9a" testName="Test8377" computerName="UA-LPT-OGA2" duration="00:00:00.2670000" startTime="2025-05-14T13:20:31.3146610Z" endTime="2025-05-14T13:25:31.3147553Z" testType="13cdc9d9-ddb5-4fa4-a97d-d965ccfc6d4b" outcome="Passed" testListId="df57c519-e363-4613-870f-1e9c0583fe14" />
    <UnitTestResult executionId="a92b762a-3d60-4f5a-9fcc-3951f1c10ddf" testId="6fe00fe5-d5f2-48f3-a1df-c2e7d0e2292a" testName="Test8378" computerName="UA-LPT-OGA2" duration="00:00:00.0780000" startTime="2025-05-14T13:20:31.3146610Z" endTime="2025-05-14T13:25:31.3147553Z" testType="13cdc9d9-ddb5-4fa4-a97d-d965ccfc6d4b" outcome="Passed" testListId="df57c519-e363-4613-870f-1e9c0583fe14" />
    <UnitTestResult executionId="33416bfa-3612-4123-842e-25967b17ff15" testId="84868098-c462-4878-a5a6-52c7ea9246d1" testName="Test8379" computerName="UA-LPT-OGA2" duration="00:00:01.6580000" startTime="2025-05-14T13:20:31.3146610Z" endTime="2025-05-14T13:25:31.3147553Z" testType="13cdc9d9-ddb5-4fa4-a97d-d965ccfc6d4b" outcome="Passed" testListId="df57c519-e363-4613-870f-1e9c0583fe14" />
    <UnitTestResult executionId="b044350a-b49a-4573-b96e-8b0cc3d8631e" testId="7ffefa0f-cbe1-4c1e-888d-7570506ff56c" testName="Test8380" computerName="UA-LPT-OGA2" duration="00:00:01.0730000" startTime="2025-05-14T13:20:31.3146610Z" endTime="2025-05-14T13:25:31.3147553Z" testType="13cdc9d9-ddb5-4fa4-a97d-d965ccfc6d4b" outcome="Passed" testListId="df57c519-e363-4613-870f-1e9c0583fe14" />
    <UnitTestResult executionId="9b5c9e0a-1d87-4067-93b7-856992e4e1f6" testId="ac6d401e-bdfa-4fb5-90ce-d53023f7bf61" testName="Test8381" computerName="UA-LPT-OGA2" duration="00:00:00.1970000" startTime="2025-05-14T13:20:31.3146610Z" endTime="2025-05-14T13:25:31.3147553Z" testType="13cdc9d9-ddb5-4fa4-a97d-d965ccfc6d4b" outcome="Failed" testListId="df57c519-e363-4613-870f-1e9c0583fe14">
      <Output>
        <ErrorInfo>
          <Message>Assertion failed: Expected value did not match actual value.</Message>
          <StackTrace>   at TestNamespace.TestClass.Test() in TestClass.cs:line 450</StackTrace>
        </ErrorInfo>
      </Output>
    </UnitTestResult>
    <UnitTestResult executionId="cfd0c926-1616-41d6-a394-e0a077603bb1" testId="2f6eb51b-be61-4fb6-ae3d-09520e7e2b44" testName="Test8382" computerName="UA-LPT-OGA2" duration="00:00:00.9900000" startTime="2025-05-14T13:20:31.3146610Z" endTime="2025-05-14T13:25:31.3147553Z" testType="13cdc9d9-ddb5-4fa4-a97d-d965ccfc6d4b" outcome="Failed" testListId="df57c519-e363-4613-870f-1e9c0583fe14">
      <Output>
        <ErrorInfo>
          <Message>Assertion failed: Expected value did not match actual value.</Message>
          <StackTrace>   at TestNamespace.TestClass.Test() in TestClass.cs:line 43</StackTrace>
        </ErrorInfo>
      </Output>
    </UnitTestResult>
    <UnitTestResult executionId="b3c039c8-e71a-4a06-ac8d-dbfb6f30b5d0" testId="ef8bd91b-a04d-40c4-a278-100de89e7939" testName="Test8383" computerName="UA-LPT-OGA2" duration="00:00:01.7080000" startTime="2025-05-14T13:20:31.3146610Z" endTime="2025-05-14T13:25:31.3147553Z" testType="13cdc9d9-ddb5-4fa4-a97d-d965ccfc6d4b" outcome="Passed" testListId="df57c519-e363-4613-870f-1e9c0583fe14" />
    <UnitTestResult executionId="40e0e3d5-7e07-47da-b243-c6ab4824aded" testId="a9b82c16-dc80-4cc5-aaa9-9a6ed2502d4c" testName="Test8384" computerName="UA-LPT-OGA2" duration="00:00:01.0780000" startTime="2025-05-14T13:20:31.3146610Z" endTime="2025-05-14T13:25:31.3147553Z" testType="13cdc9d9-ddb5-4fa4-a97d-d965ccfc6d4b" outcome="Passed" testListId="df57c519-e363-4613-870f-1e9c0583fe14" />
    <UnitTestResult executionId="fff5b691-aff0-4edf-9419-3c11e20dd182" testId="74513aa7-63cc-4b22-ad47-794387fef606" testName="Test8385" computerName="UA-LPT-OGA2" duration="00:00:01.9140000" startTime="2025-05-14T13:20:31.3146610Z" endTime="2025-05-14T13:25:31.3147553Z" testType="13cdc9d9-ddb5-4fa4-a97d-d965ccfc6d4b" outcome="Passed" testListId="df57c519-e363-4613-870f-1e9c0583fe14" />
    <UnitTestResult executionId="20ca7e18-7c47-40c4-a1c1-8868844d8227" testId="194f3669-1dde-4e1e-a502-e3992f443d69" testName="Test8386" computerName="UA-LPT-OGA2" duration="00:00:01.1140000" startTime="2025-05-14T13:20:31.3146610Z" endTime="2025-05-14T13:25:31.3147553Z" testType="13cdc9d9-ddb5-4fa4-a97d-d965ccfc6d4b" outcome="Inconclusive" testListId="df57c519-e363-4613-870f-1e9c0583fe14" />
    <UnitTestResult executionId="c75225cc-929a-417a-a232-7c0554f5e7e5" testId="c693ae8e-31a1-4083-a58e-1337fc374052" testName="Test8387" computerName="UA-LPT-OGA2" duration="00:00:01.2500000" startTime="2025-05-14T13:20:31.3146610Z" endTime="2025-05-14T13:25:31.3147553Z" testType="13cdc9d9-ddb5-4fa4-a97d-d965ccfc6d4b" outcome="Passed" testListId="df57c519-e363-4613-870f-1e9c0583fe14" />
    <UnitTestResult executionId="36e69aca-b3ce-43ff-bb61-e9e4d701343a" testId="8fd62262-5aa9-4a9f-bd64-660008e51ed5" testName="Test8388" computerName="UA-LPT-OGA2" duration="00:00:00.4260000" startTime="2025-05-14T13:20:31.3146610Z" endTime="2025-05-14T13:25:31.3147553Z" testType="13cdc9d9-ddb5-4fa4-a97d-d965ccfc6d4b" outcome="Passed" testListId="df57c519-e363-4613-870f-1e9c0583fe14" />
    <UnitTestResult executionId="29fd09f6-0fe5-4701-b41b-c42dc784c5d6" testId="3fadcb37-94d8-4b18-87d4-6153400667d5" testName="Test8389" computerName="UA-LPT-OGA2" duration="00:00:01.5330000" startTime="2025-05-14T13:20:31.3146610Z" endTime="2025-05-14T13:25:31.3147553Z" testType="13cdc9d9-ddb5-4fa4-a97d-d965ccfc6d4b" outcome="Passed" testListId="df57c519-e363-4613-870f-1e9c0583fe14" />
    <UnitTestResult executionId="a4543b88-773c-456c-9222-c9a65b29a2f9" testId="047dec1d-97a8-43f6-a842-0d60aa01a8a1" testName="Test8390" computerName="UA-LPT-OGA2" duration="00:00:00.4050000" startTime="2025-05-14T13:20:31.3146610Z" endTime="2025-05-14T13:25:31.3147553Z" testType="13cdc9d9-ddb5-4fa4-a97d-d965ccfc6d4b" outcome="Passed" testListId="df57c519-e363-4613-870f-1e9c0583fe14" />
    <UnitTestResult executionId="6b268408-1ed5-40b8-adb9-546fd6d20079" testId="66529df3-86e9-48bb-a4ac-67e1f3eab465" testName="Test8391" computerName="UA-LPT-OGA2" duration="00:00:01.6360000" startTime="2025-05-14T13:20:31.3146610Z" endTime="2025-05-14T13:25:31.3147553Z" testType="13cdc9d9-ddb5-4fa4-a97d-d965ccfc6d4b" outcome="Passed" testListId="df57c519-e363-4613-870f-1e9c0583fe14" />
    <UnitTestResult executionId="e00a614b-40a0-470b-be79-76993afe9805" testId="d6c3a9b3-64e2-49d1-9a8f-0ffd859e6bb1" testName="Test8392" computerName="UA-LPT-OGA2" duration="00:00:00.7200000" startTime="2025-05-14T13:20:31.3146610Z" endTime="2025-05-14T13:25:31.3147553Z" testType="13cdc9d9-ddb5-4fa4-a97d-d965ccfc6d4b" outcome="Passed" testListId="df57c519-e363-4613-870f-1e9c0583fe14" />
    <UnitTestResult executionId="48edadf9-65be-4be3-8c7c-5c9b3eb380fa" testId="c1892e15-98b9-4622-bb03-e74b9aa5efd8" testName="Test8393" computerName="UA-LPT-OGA2" duration="00:00:00.6090000" startTime="2025-05-14T13:20:31.3146610Z" endTime="2025-05-14T13:25:31.3147553Z" testType="13cdc9d9-ddb5-4fa4-a97d-d965ccfc6d4b" outcome="Passed" testListId="df57c519-e363-4613-870f-1e9c0583fe14" />
    <UnitTestResult executionId="fefdf2de-6f99-4f94-a2c5-12a1cc9ae357" testId="e49da2f2-03ce-4f5f-9af8-1e3832448463" testName="Test8394" computerName="UA-LPT-OGA2" duration="00:00:01.8070000" startTime="2025-05-14T13:20:31.3146610Z" endTime="2025-05-14T13:25:31.3147553Z" testType="13cdc9d9-ddb5-4fa4-a97d-d965ccfc6d4b" outcome="Passed" testListId="df57c519-e363-4613-870f-1e9c0583fe14" />
    <UnitTestResult executionId="5abbc242-b6d3-4847-859c-e3a31ec6984d" testId="d5b0c5f1-bae7-4fc7-8ddf-b851fa20b378" testName="Test8395" computerName="UA-LPT-OGA2" duration="00:00:00.4450000" startTime="2025-05-14T13:20:31.3146610Z" endTime="2025-05-14T13:25:31.3147553Z" testType="13cdc9d9-ddb5-4fa4-a97d-d965ccfc6d4b" outcome="Passed" testListId="df57c519-e363-4613-870f-1e9c0583fe14" />
    <UnitTestResult executionId="3ee73c62-8a97-462c-b5f6-245744405abb" testId="fde140fd-25a1-498c-9b9c-0fe42d8cc445" testName="Test8396" computerName="UA-LPT-OGA2" duration="00:00:01.4070000" startTime="2025-05-14T13:20:31.3146610Z" endTime="2025-05-14T13:25:31.3147553Z" testType="13cdc9d9-ddb5-4fa4-a97d-d965ccfc6d4b" outcome="Passed" testListId="df57c519-e363-4613-870f-1e9c0583fe14" />
    <UnitTestResult executionId="aad6e8d6-33cb-4b2d-9b3c-b90842f1689f" testId="70941301-4d71-4b86-bd83-f8585dd2deab" testName="Test8397" computerName="UA-LPT-OGA2" duration="00:00:00.2240000" startTime="2025-05-14T13:20:31.3146610Z" endTime="2025-05-14T13:25:31.3147553Z" testType="13cdc9d9-ddb5-4fa4-a97d-d965ccfc6d4b" outcome="Passed" testListId="df57c519-e363-4613-870f-1e9c0583fe14" />
    <UnitTestResult executionId="ec07d6ff-e607-49c6-9455-873ab8a14c71" testId="40db34d5-d945-4605-818b-e231bff317ea" testName="Test8398" computerName="UA-LPT-OGA2" duration="00:00:01.9010000" startTime="2025-05-14T13:20:31.3146610Z" endTime="2025-05-14T13:25:31.3147553Z" testType="13cdc9d9-ddb5-4fa4-a97d-d965ccfc6d4b" outcome="Passed" testListId="df57c519-e363-4613-870f-1e9c0583fe14" />
    <UnitTestResult executionId="86c8ce0c-e6a4-4fe3-80f7-271b069325c4" testId="3555fec8-0dc2-476b-ab6c-deb8c1fe4845" testName="Test8399" computerName="UA-LPT-OGA2" duration="00:00:01.4710000" startTime="2025-05-14T13:20:31.3146610Z" endTime="2025-05-14T13:25:31.3147553Z" testType="13cdc9d9-ddb5-4fa4-a97d-d965ccfc6d4b" outcome="Passed" testListId="df57c519-e363-4613-870f-1e9c0583fe14" />
    <UnitTestResult executionId="7740d5ed-a4d6-4ecc-9d64-2fac3ef9e263" testId="6ba6e593-a2d6-4b41-834f-cdbc8ee671b9" testName="Test8400" computerName="UA-LPT-OGA2" duration="00:00:00.4890000" startTime="2025-05-14T13:20:31.3146610Z" endTime="2025-05-14T13:25:31.3147553Z" testType="13cdc9d9-ddb5-4fa4-a97d-d965ccfc6d4b" outcome="Passed" testListId="df57c519-e363-4613-870f-1e9c0583fe14" />
  </Results>
  <TestDefinitions>
    <UnitTest name="Test8301" id="c1685bd4-cc9d-480c-a28f-b797d585a079" storage="TestAssembly.dll">
      <Execution id="905c9754-7223-48ea-b6e2-30b3ad8db39f" />
      <TestMethod codeBase="TestAssembly.dll" className="TestNamespace.TestClass1" name="Test8301" />
    </UnitTest>
    <UnitTest name="Test8302" id="bc89448f-132a-4c01-8ffd-bf260cec994b" storage="TestAssembly.dll">
      <Execution id="eaa7e58a-be78-4ba9-81c9-9a0efd27ec0a" />
      <TestMethod codeBase="TestAssembly.dll" className="TestNamespace.TestClass1" name="Test8302" />
    </UnitTest>
    <UnitTest name="Test8303" id="e43169a1-92c6-4772-9421-f8ea30221bc5" storage="TestAssembly.dll">
      <Execution id="550c66a6-531d-4648-999e-ead9e6f92684" />
      <TestMethod codeBase="TestAssembly.dll" className="TestNamespace.TestClass1" name="Test8303" />
    </UnitTest>
    <UnitTest name="Test8304" id="05f97d02-bc75-44e8-ac18-d8d5e1a2145b" storage="TestAssembly.dll">
      <Execution id="d057a50d-f1a7-44a8-a7d8-6a82e5ec8824" />
      <TestMethod codeBase="TestAssembly.dll" className="TestNamespace.TestClass1" name="Test8304" />
    </UnitTest>
    <UnitTest name="Test8305" id="f8126907-4010-4a6a-b9c0-82bd48bba2da" storage="TestAssembly.dll">
      <Execution id="1e830066-e097-445a-a9bb-37a8165c77f1" />
      <TestMethod codeBase="TestAssembly.dll" className="TestNamespace.TestClass1" name="Test8305" />
    </UnitTest>
    <UnitTest name="Test8306" id="9b5899ac-9804-46e5-ad07-c026f436bccc" storage="TestAssembly.dll">
      <Execution id="56291a00-de06-4ea2-9485-d7030f10f508" />
      <TestMethod codeBase="TestAssembly.dll" className="TestNamespace.TestClass1" name="Test8306" />
    </UnitTest>
    <UnitTest name="Test8307" id="069e7e9a-158e-4f02-bcf1-89ff5bfe9a53" storage="TestAssembly.dll">
      <Execution id="d662c243-7c24-4c29-a8d9-11e237615a91" />
      <TestMethod codeBase="TestAssembly.dll" className="TestNamespace.TestClass1" name="Test8307" />
    </UnitTest>
    <UnitTest name="Test8308" id="fb2bc0a4-d7e7-4ade-948c-a663a69824ab" storage="TestAssembly.dll">
      <Execution id="b2a0cc29-9ad1-47af-a7c7-b9ea730ecbb7" />
      <TestMethod codeBase="TestAssembly.dll" className="TestNamespace.TestClass1" name="Test8308" />
    </UnitTest>
    <UnitTest name="Test8309" id="ac960034-e19c-458c-ae32-ba757ac9fe40" storage="TestAssembly.dll">
      <Execution id="817a642b-288b-4bd7-b590-f7351d62f66a" />
      <TestMethod codeBase="TestAssembly.dll" className="TestNamespace.TestClass1" name="Test8309" />
    </UnitTest>
    <UnitTest name="Test8310" id="a7e5b282-4dc9-4666-9aeb-b645f8e070e5" storage="TestAssembly.dll">
      <Execution id="361daf80-1a29-4abd-bc37-023fec30dd91" />
      <TestMethod codeBase="TestAssembly.dll" className="TestNamespace.TestClass1" name="Test8310" />
    </UnitTest>
    <UnitTest name="Test8311" id="e69f7747-aa69-4447-8b80-6f0f59fd5f11" storage="TestAssembly.dll">
      <Execution id="02307773-2bce-4518-9e7c-d61f1c4a5702" />
      <TestMethod codeBase="TestAssembly.dll" className="TestNamespace.TestClass2" name="Test8311" />
    </UnitTest>
    <UnitTest name="Test8312" id="b95c26b6-f6f8-4324-8006-76719bc58435" storage="TestAssembly.dll">
      <Execution id="b4dddf23-8daf-401e-b89c-b618a1b2e6a0" />
      <TestMethod codeBase="TestAssembly.dll" className="TestNamespace.TestClass2" name="Test8312" />
    </UnitTest>
    <UnitTest name="Test8313" id="81798e8e-6857-4e88-8381-ec813920e1c5" storage="TestAssembly.dll">
      <Execution id="8aaa00a9-32c9-445f-8445-ec252ff78f50" />
      <TestMethod codeBase="TestAssembly.dll" className="TestNamespace.TestClass2" name="Test8313" />
    </UnitTest>
    <UnitTest name="Test8314" id="3513bd54-68c7-4a12-ba62-828af87b29d4" storage="TestAssembly.dll">
      <Execution id="c451789e-3f61-4341-a422-767301c040f0" />
      <TestMethod codeBase="TestAssembly.dll" className="TestNamespace.TestClass2" name="Test8314" />
    </UnitTest>
    <UnitTest name="Test8315" id="23100216-0a77-4063-ab98-c2f778f8de02" storage="TestAssembly.dll">
      <Execution id="69344a29-f548-4d3e-babe-c88a78ac3927" />
      <TestMethod codeBase="TestAssembly.dll" className="TestNamespace.TestClass2" name="Test8315" />
    </UnitTest>
    <UnitTest name="Test8316" id="b5c44342-ab58-459a-8f89-4bdab3ee940a" storage="TestAssembly.dll">
      <Execution id="9409cc1e-c16c-4044-acbc-8de4c6722b08" />
      <TestMethod codeBase="TestAssembly.dll" className="TestNamespace.TestClass2" name="Test8316" />
    </UnitTest>
    <UnitTest name="Test8317" id="8e9dc3b6-51fe-4555-9dca-ee38dee10bc3" storage="TestAssembly.dll">
      <Execution id="845bd3b5-260a-4427-bd75-ce34762e3f5f" />
      <TestMethod codeBase="TestAssembly.dll" className="TestNamespace.TestClass2" name="Test8317" />
    </UnitTest>
    <UnitTest name="Test8318" id="56f4e073-f2bd-45ef-b505-7028ab36bee5" storage="TestAssembly.dll">
      <Execution id="3c55e10f-bd7b-406a-b3dd-84d65f227365" />
      <TestMethod codeBase="TestAssembly.dll" className="TestNamespace.TestClass2" name="Test8318" />
    </UnitTest>
    <UnitTest name="Test8319" id="48a0e2a2-2c8c-4b6f-a7a6-a97aa4d9eddb" storage="TestAssembly.dll">
      <Execution id="5872380f-63ea-45ac-8654-c700e90e2b5a" />
      <TestMethod codeBase="TestAssembly.dll" className="TestNamespace.TestClass2" name="Test8319" />
    </UnitTest>
    <UnitTest name="Test8320" id="14c59709-4124-42a1-a82c-61757d2c6e51" storage="TestAssembly.dll">
      <Execution id="46b8b769-9d5e-41e3-97cf-ae345a616370" />
      <TestMethod codeBase="TestAssembly.dll" className="TestNamespace.TestClass2" name="Test8320" />
    </UnitTest>
    <UnitTest name="Test8321" id="81cf82b6-7762-4dde-922c-ab4e9554f011" storage="TestAssembly.dll">
      <Execution id="16f98096-f362-429d-bc2f-68eb8d4f1c86" />
      <TestMethod codeBase="TestAssembly.dll" className="TestNamespace.TestClass3" name="Test8321" />
    </UnitTest>
    <UnitTest name="Test8322" id="051c6447-8ff3-45b5-97d4-e65a84c4afef" storage="TestAssembly.dll">
      <Execution id="9a4dbbe4-7357-4f6e-af9c-5307bdddacb7" />
      <TestMethod codeBase="TestAssembly.dll" className="TestNamespace.TestClass3" name="Test8322" />
    </UnitTest>
    <UnitTest name="Test8323" id="88c6c915-2f9e-42b8-94e0-d069765f298d" storage="TestAssembly.dll">
      <Execution id="7cf32c5b-250e-47ef-8ba5-e7d35a3940ff" />
      <TestMethod codeBase="TestAssembly.dll" className="TestNamespace.TestClass3" name="Test8323" />
    </UnitTest>
    <UnitTest name="Test8324" id="81b4bd31-0b99-43b3-8aaa-57fe8dc45477" storage="TestAssembly.dll">
      <Execution id="d26b58c7-eb4d-4fd1-b25f-bcd54b6af9f8" />
      <TestMethod codeBase="TestAssembly.dll" className="TestNamespace.TestClass3" name="Test8324" />
    </UnitTest>
    <UnitTest name="Test8325" id="b0f11b82-9e33-440e-9158-a8cdac8e9a01" storage="TestAssembly.dll">
      <Execution id="0372f333-00cb-4bec-9898-f39fe0fcf113" />
      <TestMethod codeBase="TestAssembly.dll" className="TestNamespace.TestClass3" name="Test8325" />
    </UnitTest>
    <UnitTest name="Test8326" id="6ed3e318-c762-402d-9885-b69a9121d21e" storage="TestAssembly.dll">
      <Execution id="04d477a5-66cd-4673-a1d5-b952ffe69540" />
      <TestMethod codeBase="TestAssembly.dll" className="TestNamespace.TestClass3" name="Test8326" />
    </UnitTest>
    <UnitTest name="Test8327" id="0d125a54-079b-44d1-9e42-917cd824b1e3" storage="TestAssembly.dll">
      <Execution id="ff20949d-2e07-4ef0-bb63-67cdcc2fcc7e" />
      <TestMethod codeBase="TestAssembly.dll" className="TestNamespace.TestClass3" name="Test8327" />
    </UnitTest>
    <UnitTest name="Test8328" id="30180d71-ed71-495d-b859-342d037a4190" storage="TestAssembly.dll">
      <Execution id="68c98569-22a5-41ca-a635-b0a8c5ec0923" />
      <TestMethod codeBase="TestAssembly.dll" className="TestNamespace.TestClass3" name="Test8328" />
    </UnitTest>
    <UnitTest name="Test8329" id="c4ae96bd-dd2e-4a91-b1d4-26d0f170a6a3" storage="TestAssembly.dll">
      <Execution id="7de1cac4-db92-4aa3-beb9-02faefb8f60b" />
      <TestMethod codeBase="TestAssembly.dll" className="TestNamespace.TestClass3" name="Test8329" />
    </UnitTest>
    <UnitTest name="Test8330" id="26679c75-375c-49d7-92db-3c95c8bb3703" storage="TestAssembly.dll">
      <Execution id="11883490-9885-4f04-a3ff-5885f30dc5eb" />
      <TestMethod codeBase="TestAssembly.dll" className="TestNamespace.TestClass3" name="Test8330" />
    </UnitTest>
    <UnitTest name="Test8331" id="6dc02dcf-1b31-440a-99c5-8514783d2314" storage="TestAssembly.dll">
      <Execution id="2dbe56f3-e381-4d12-9f9c-fd3e871d67e9" />
      <TestMethod codeBase="TestAssembly.dll" className="TestNamespace.TestClass4" name="Test8331" />
    </UnitTest>
    <UnitTest name="Test8332" id="1d7067d7-7bca-47ab-b945-c9d606724738" storage="TestAssembly.dll">
      <Execution id="930599e0-f726-4dde-8887-1e62a0c51793" />
      <TestMethod codeBase="TestAssembly.dll" className="TestNamespace.TestClass4" name="Test8332" />
    </UnitTest>
    <UnitTest name="Test8333" id="af465b90-7fde-4244-b610-a5f303ce1a1c" storage="TestAssembly.dll">
      <Execution id="3657c0b1-869b-4993-bfc4-c44f0cc04fbe" />
      <TestMethod codeBase="TestAssembly.dll" className="TestNamespace.TestClass4" name="Test8333" />
    </UnitTest>
    <UnitTest name="Test8334" id="8bbf4d57-5b0c-400a-a923-763ce3323465" storage="TestAssembly.dll">
      <Execution id="e9a56402-944b-42bb-b576-ec27a367d9ab" />
      <TestMethod codeBase="TestAssembly.dll" className="TestNamespace.TestClass4" name="Test8334" />
    </UnitTest>
    <UnitTest name="Test8335" id="20114b95-9677-49d4-b2c5-61adb8ae3500" storage="TestAssembly.dll">
      <Execution id="aecfb56f-2b00-4f66-98f5-d15b4c27bc36" />
      <TestMethod codeBase="TestAssembly.dll" className="TestNamespace.TestClass4" name="Test8335" />
    </UnitTest>
    <UnitTest name="Test8336" id="abbb69b4-7d56-4314-ae28-65b8281869ac" storage="TestAssembly.dll">
      <Execution id="479bddab-f2f1-43ac-b1f0-0b249e6ce56c" />
      <TestMethod codeBase="TestAssembly.dll" className="TestNamespace.TestClass4" name="Test8336" />
    </UnitTest>
    <UnitTest name="Test8337" id="7a82aefd-b822-4813-af1d-7e0a28e0bb99" storage="TestAssembly.dll">
      <Execution id="c469b4c6-3748-4b7e-ae72-bd85d6f1b3f0" />
      <TestMethod codeBase="TestAssembly.dll" className="TestNamespace.TestClass4" name="Test8337" />
    </UnitTest>
    <UnitTest name="Test8338" id="9887e83f-d430-4e0c-8e22-d01cb4c752d1" storage="TestAssembly.dll">
      <Execution id="17f7eefc-87a7-44e5-b963-c091df0af161" />
      <TestMethod codeBase="TestAssembly.dll" className="TestNamespace.TestClass4" name="Test8338" />
    </UnitTest>
    <UnitTest name="Test8339" id="d2c7a3fa-e77f-4737-835a-58bd57555a9a" storage="TestAssembly.dll">
      <Execution id="8f454d3a-0185-45cc-8dda-cb026cdc07a7" />
      <TestMethod codeBase="TestAssembly.dll" className="TestNamespace.TestClass4" name="Test8339" />
    </UnitTest>
    <UnitTest name="Test8340" id="68bffbc5-d574-4245-ad91-7df1b4380888" storage="TestAssembly.dll">
      <Execution id="1bdadbdb-a3ce-44c2-8e2a-cd2329c8d806" />
      <TestMethod codeBase="TestAssembly.dll" className="TestNamespace.TestClass4" name="Test8340" />
    </UnitTest>
    <UnitTest name="Test8341" id="8f54f8dd-3158-43d4-9e20-e036011e726c" storage="TestAssembly.dll">
      <Execution id="34abf9fe-148b-4673-99d5-873a6bd75122" />
      <TestMethod codeBase="TestAssembly.dll" className="TestNamespace.TestClass5" name="Test8341" />
    </UnitTest>
    <UnitTest name="Test8342" id="9b042e82-68b7-403a-979a-4ef1b09504a5" storage="TestAssembly.dll">
      <Execution id="0ae858ba-2591-45cb-a8db-27a9545390c8" />
      <TestMethod codeBase="TestAssembly.dll" className="TestNamespace.TestClass5" name="Test8342" />
    </UnitTest>
    <UnitTest name="Test8343" id="750988b0-3973-415a-958a-8a095021c9ff" storage="TestAssembly.dll">
      <Execution id="afb5e9e3-00bb-4558-86f6-f7ffe17ba21e" />
      <TestMethod codeBase="TestAssembly.dll" className="TestNamespace.TestClass5" name="Test8343" />
    </UnitTest>
    <UnitTest name="Test8344" id="a6468733-8592-4c26-ae3b-4e82a723da09" storage="TestAssembly.dll">
      <Execution id="5272672a-3239-42df-b87e-049bff2d3307" />
      <TestMethod codeBase="TestAssembly.dll" className="TestNamespace.TestClass5" name="Test8344" />
    </UnitTest>
    <UnitTest name="Test8345" id="debf796c-d623-4779-9ef3-d3093fdd455d" storage="TestAssembly.dll">
      <Execution id="83e5c02a-33bc-4a82-bc42-4e59d47f05b4" />
      <TestMethod codeBase="TestAssembly.dll" className="TestNamespace.TestClass5" name="Test8345" />
    </UnitTest>
    <UnitTest name="Test8346" id="370ee92b-c390-4b52-8d7a-ff3a59bbc1cd" storage="TestAssembly.dll">
      <Execution id="f330d7b3-0fe0-4cf2-93ee-cb931bcdc4fc" />
      <TestMethod codeBase="TestAssembly.dll" className="TestNamespace.TestClass5" name="Test8346" />
    </UnitTest>
    <UnitTest name="Test8347" id="f5513238-dcd5-489f-b3af-b6cadf5b1512" storage="TestAssembly.dll">
      <Execution id="2521faba-2747-4b73-b529-2694a094ccfe" />
      <TestMethod codeBase="TestAssembly.dll" className="TestNamespace.TestClass5" name="Test8347" />
    </UnitTest>
    <UnitTest name="Test8348" id="1e90349a-b3f8-41a7-8226-a2b337380534" storage="TestAssembly.dll">
      <Execution id="1279e1a0-304f-486e-baf4-65bcd2804209" />
      <TestMethod codeBase="TestAssembly.dll" className="TestNamespace.TestClass5" name="Test8348" />
    </UnitTest>
    <UnitTest name="Test8349" id="633a5359-6e64-4054-9264-4b2b2fd406fc" storage="TestAssembly.dll">
      <Execution id="bf24fde4-f862-4eff-a85c-5bd9c45571d8" />
      <TestMethod codeBase="TestAssembly.dll" className="TestNamespace.TestClass5" name="Test8349" />
    </UnitTest>
    <UnitTest name="Test8350" id="dcfd7da4-5485-4603-88aa-f9a40971b2c6" storage="TestAssembly.dll">
      <Execution id="543142c1-6c40-466b-b09a-2985697b2636" />
      <TestMethod codeBase="TestAssembly.dll" className="TestNamespace.TestClass5" name="Test8350" />
    </UnitTest>
    <UnitTest name="Test8351" id="c0a9933f-568f-4e67-9d1f-2217f4ac38a2" storage="TestAssembly.dll">
      <Execution id="9868ff43-6b12-45d3-97a0-35c6431bcc79" />
      <TestMethod codeBase="TestAssembly.dll" className="TestNamespace.TestClass6" name="Test8351" />
    </UnitTest>
    <UnitTest name="Test8352" id="a7e07b64-c8d2-46a0-8cc3-152b6513459d" storage="TestAssembly.dll">
      <Execution id="d1f72c9c-d60a-4907-964d-ac11d1c30992" />
      <TestMethod codeBase="TestAssembly.dll" className="TestNamespace.TestClass6" name="Test8352" />
    </UnitTest>
    <UnitTest name="Test8353" id="19619477-8d8a-4f3e-aebc-8dcc284bfc3a" storage="TestAssembly.dll">
      <Execution id="21966acb-fa59-4786-9e56-e7dfa7347de3" />
      <TestMethod codeBase="TestAssembly.dll" className="TestNamespace.TestClass6" name="Test8353" />
    </UnitTest>
    <UnitTest name="Test8354" id="ea76922b-d80e-420d-975a-bb513e93864a" storage="TestAssembly.dll">
      <Execution id="78eec420-6f64-4d7a-83b1-67ee7bb851b5" />
      <TestMethod codeBase="TestAssembly.dll" className="TestNamespace.TestClass6" name="Test8354" />
    </UnitTest>
    <UnitTest name="Test8355" id="0ae4bc6d-e092-41a3-b467-95b0689cf19a" storage="TestAssembly.dll">
      <Execution id="3c88785d-84e7-4e62-9735-73194f4a00e6" />
      <TestMethod codeBase="TestAssembly.dll" className="TestNamespace.TestClass6" name="Test8355" />
    </UnitTest>
    <UnitTest name="Test8356" id="e329d103-966a-4403-837b-9aa3001eb58a" storage="TestAssembly.dll">
      <Execution id="1dab49c7-c1b4-41b2-81af-e6b3d54733b2" />
      <TestMethod codeBase="TestAssembly.dll" className="TestNamespace.TestClass6" name="Test8356" />
    </UnitTest>
    <UnitTest name="Test8357" id="dce2c497-a895-4c8a-8757-eae11c13fe38" storage="TestAssembly.dll">
      <Execution id="e9ca2e38-ddee-40f9-8c6b-1193b2d88be8" />
      <TestMethod codeBase="TestAssembly.dll" className="TestNamespace.TestClass6" name="Test8357" />
    </UnitTest>
    <UnitTest name="Test8358" id="6474462e-71ff-413a-beca-064df22e8ede" storage="TestAssembly.dll">
      <Execution id="d9c47fa8-a179-4d6b-b514-eba76f2b59a1" />
      <TestMethod codeBase="TestAssembly.dll" className="TestNamespace.TestClass6" name="Test8358" />
    </UnitTest>
    <UnitTest name="Test8359" id="a835694e-9db4-4eac-9c94-fdcde783ff02" storage="TestAssembly.dll">
      <Execution id="aeaa4067-f711-4b33-ad81-5d42a8f15d46" />
      <TestMethod codeBase="TestAssembly.dll" className="TestNamespace.TestClass6" name="Test8359" />
    </UnitTest>
    <UnitTest name="Test8360" id="e31d3957-2b2f-49a8-80cb-a969915c1f91" storage="TestAssembly.dll">
      <Execution id="0a1d066b-1c12-4eac-9462-fcf6cc034f9a" />
      <TestMethod codeBase="TestAssembly.dll" className="TestNamespace.TestClass6" name="Test8360" />
    </UnitTest>
    <UnitTest name="Test8361" id="db82d1a6-d4f0-45d6-a141-d7590e548cbb" storage="TestAssembly.dll">
      <Execution id="e5731605-5b32-4567-929b-07249b21b82a" />
      <TestMethod codeBase="TestAssembly.dll" className="TestNamespace.TestClass7" name="Test8361" />
    </UnitTest>
    <UnitTest name="Test8362" id="a45a01c6-f581-4f7f-bd57-6485e119c6f0" storage="TestAssembly.dll">
      <Execution id="10a506c0-d88a-4eac-8074-ec60c954e896" />
      <TestMethod codeBase="TestAssembly.dll" className="TestNamespace.TestClass7" name="Test8362" />
    </UnitTest>
    <UnitTest name="Test8363" id="c58dc2ad-6138-4c1e-971a-9b7311569b48" storage="TestAssembly.dll">
      <Execution id="b5fc9686-12eb-487b-843f-257c5846b50b" />
      <TestMethod codeBase="TestAssembly.dll" className="TestNamespace.TestClass7" name="Test8363" />
    </UnitTest>
    <UnitTest name="Test8364" id="04f8e737-453b-4451-9d3b-714dff189d15" storage="TestAssembly.dll">
      <Execution id="b9208d61-f89a-478b-b99f-0fe3407edec7" />
      <TestMethod codeBase="TestAssembly.dll" className="TestNamespace.TestClass7" name="Test8364" />
    </UnitTest>
    <UnitTest name="Test8365" id="87e936a8-74ac-4350-9862-8923377924a5" storage="TestAssembly.dll">
      <Execution id="d5fb7ae7-5570-4f01-b861-9dc8a8bf4a7a" />
      <TestMethod codeBase="TestAssembly.dll" className="TestNamespace.TestClass7" name="Test8365" />
    </UnitTest>
    <UnitTest name="Test8366" id="a51450ee-44a9-4ba1-9bee-3033258b5873" storage="TestAssembly.dll">
      <Execution id="6f2804c6-60c5-49c6-bd27-af3ef08c6ccc" />
      <TestMethod codeBase="TestAssembly.dll" className="TestNamespace.TestClass7" name="Test8366" />
    </UnitTest>
    <UnitTest name="Test8367" id="13e5c360-1d84-4222-9d98-04b4c7a7b002" storage="TestAssembly.dll">
      <Execution id="38bc467a-719b-4a9b-8730-eee1a51e0f1b" />
      <TestMethod codeBase="TestAssembly.dll" className="TestNamespace.TestClass7" name="Test8367" />
    </UnitTest>
    <UnitTest name="Test8368" id="cdf66c63-a8c1-4536-b674-0a7990bb6b70" storage="TestAssembly.dll">
      <Execution id="5c4f6a47-5204-401a-815b-bde9d9d31bf3" />
      <TestMethod codeBase="TestAssembly.dll" className="TestNamespace.TestClass7" name="Test8368" />
    </UnitTest>
    <UnitTest name="Test8369" id="5d33e565-220e-4871-a4dc-9da6e5e8a1da" storage="TestAssembly.dll">
      <Execution id="6e28990a-08ed-4e87-bdaa-4224351c0833" />
      <TestMethod codeBase="TestAssembly.dll" className="TestNamespace.TestClass7" name="Test8369" />
    </UnitTest>
    <UnitTest name="Test8370" id="f612f333-04cf-405b-adb5-58c20dbad669" storage="TestAssembly.dll">
      <Execution id="afb0e71b-a9d7-42c0-a594-50c4a8ec8e6a" />
      <TestMethod codeBase="TestAssembly.dll" className="TestNamespace.TestClass7" name="Test8370" />
    </UnitTest>
    <UnitTest name="Test8371" id="9c572e9f-aecd-4ba1-a176-74c2fab84a38" storage="TestAssembly.dll">
      <Execution id="047972f2-f9f9-40df-a1db-f190772c9f36" />
      <TestMethod codeBase="TestAssembly.dll" className="TestNamespace.TestClass8" name="Test8371" />
    </UnitTest>
    <UnitTest name="Test8372" id="c0790db7-bce7-4478-8beb-d5de6d55dddf" storage="TestAssembly.dll">
      <Execution id="a557f0d7-a257-4248-83ef-59297705d2b1" />
      <TestMethod codeBase="TestAssembly.dll" className="TestNamespace.TestClass8" name="Test8372" />
    </UnitTest>
    <UnitTest name="Test8373" id="fd9fcc11-7792-4a8b-9094-dabe60e1eb86" storage="TestAssembly.dll">
      <Execution id="4ceadf4e-922b-4128-9635-83b38dacf211" />
      <TestMethod codeBase="TestAssembly.dll" className="TestNamespace.TestClass8" name="Test8373" />
    </UnitTest>
    <UnitTest name="Test8374" id="0ad27a59-118b-4555-b0ad-c25e61adf5b1" storage="TestAssembly.dll">
      <Execution id="4411a5c2-5d68-4126-96cc-ab23f7efae8c" />
      <TestMethod codeBase="TestAssembly.dll" className="TestNamespace.TestClass8" name="Test8374" />
    </UnitTest>
    <UnitTest name="Test8375" id="7aa2a380-8ab8-4dee-b164-69fb766cd6be" storage="TestAssembly.dll">
      <Execution id="6123acd1-5a6a-4ca4-92ff-77821ed58a72" />
      <TestMethod codeBase="TestAssembly.dll" className="TestNamespace.TestClass8" name="Test8375" />
    </UnitTest>
    <UnitTest name="Test8376" id="a8431f97-a3ab-449c-8ac6-ed8f2c5da928" storage="TestAssembly.dll">
      <Execution id="87587c07-8748-4875-acf1-c4c1dc2b478a" />
      <TestMethod codeBase="TestAssembly.dll" className="TestNamespace.TestClass8" name="Test8376" />
    </UnitTest>
    <UnitTest name="Test8377" id="d852d16a-a035-4688-9d92-3e5a06a49c9a" storage="TestAssembly.dll">
      <Execution id="1a60931f-7e4a-454a-8f5f-f507de02584c" />
      <TestMethod codeBase="TestAssembly.dll" className="TestNamespace.TestClass8" name="Test8377" />
    </UnitTest>
    <UnitTest name="Test8378" id="6fe00fe5-d5f2-48f3-a1df-c2e7d0e2292a" storage="TestAssembly.dll">
      <Execution id="a92b762a-3d60-4f5a-9fcc-3951f1c10ddf" />
      <TestMethod codeBase="TestAssembly.dll" className="TestNamespace.TestClass8" name="Test8378" />
    </UnitTest>
    <UnitTest name="Test8379" id="84868098-c462-4878-a5a6-52c7ea9246d1" storage="TestAssembly.dll">
      <Execution id="33416bfa-3612-4123-842e-25967b17ff15" />
      <TestMethod codeBase="TestAssembly.dll" className="TestNamespace.TestClass8" name="Test8379" />
    </UnitTest>
    <UnitTest name="Test8380" id="7ffefa0f-cbe1-4c1e-888d-7570506ff56c" storage="TestAssembly.dll">
      <Execution id="b044350a-b49a-4573-b96e-8b0cc3d8631e" />
      <TestMethod codeBase="TestAssembly.dll" className="TestNamespace.TestClass8" name="Test8380" />
    </UnitTest>
    <UnitTest name="Test8381" id="ac6d401e-bdfa-4fb5-90ce-d53023f7bf61" storage="TestAssembly.dll">
      <Execution id="9b5c9e0a-1d87-4067-93b7-856992e4e1f6" />
      <TestMethod codeBase="TestAssembly.dll" className="TestNamespace.TestClass9" name="Test8381" />
    </UnitTest>
    <UnitTest name="Test8382" id="2f6eb51b-be61-4fb6-ae3d-09520e7e2b44" storage="TestAssembly.dll">
      <Execution id="cfd0c926-1616-41d6-a394-e0a077603bb1" />
      <TestMethod codeBase="TestAssembly.dll" className="TestNamespace.TestClass9" name="Test8382" />
    </UnitTest>
    <UnitTest name="Test8383" id="ef8bd91b-a04d-40c4-a278-100de89e7939" storage="TestAssembly.dll">
      <Execution id="b3c039c8-e71a-4a06-ac8d-dbfb6f30b5d0" />
      <TestMethod codeBase="TestAssembly.dll" className="TestNamespace.TestClass9" name="Test8383" />
    </UnitTest>
    <UnitTest name="Test8384" id="a9b82c16-dc80-4cc5-aaa9-9a6ed2502d4c" storage="TestAssembly.dll">
      <Execution id="40e0e3d5-7e07-47da-b243-c6ab4824aded" />
      <TestMethod codeBase="TestAssembly.dll" className="TestNamespace.TestClass9" name="Test8384" />
    </UnitTest>
    <UnitTest name="Test8385" id="74513aa7-63cc-4b22-ad47-794387fef606" storage="TestAssembly.dll">
      <Execution id="fff5b691-aff0-4edf-9419-3c11e20dd182" />
      <TestMethod codeBase="TestAssembly.dll" className="TestNamespace.TestClass9" name="Test8385" />
    </UnitTest>
    <UnitTest name="Test8386" id="194f3669-1dde-4e1e-a502-e3992f443d69" storage="TestAssembly.dll">
      <Execution id="20ca7e18-7c47-40c4-a1c1-8868844d8227" />
      <TestMethod codeBase="TestAssembly.dll" className="TestNamespace.TestClass9" name="Test8386" />
    </UnitTest>
    <UnitTest name="Test8387" id="c693ae8e-31a1-4083-a58e-1337fc374052" storage="TestAssembly.dll">
      <Execution id="c75225cc-929a-417a-a232-7c0554f5e7e5" />
      <TestMethod codeBase="TestAssembly.dll" className="TestNamespace.TestClass9" name="Test8387" />
    </UnitTest>
    <UnitTest name="Test8388" id="8fd62262-5aa9-4a9f-bd64-660008e51ed5" storage="TestAssembly.dll">
      <Execution id="36e69aca-b3ce-43ff-bb61-e9e4d701343a" />
      <TestMethod codeBase="TestAssembly.dll" className="TestNamespace.TestClass9" name="Test8388" />
    </UnitTest>
    <UnitTest name="Test8389" id="3fadcb37-94d8-4b18-87d4-6153400667d5" storage="TestAssembly.dll">
      <Execution id="29fd09f6-0fe5-4701-b41b-c42dc784c5d6" />
      <TestMethod codeBase="TestAssembly.dll" className="TestNamespace.TestClass9" name="Test8389" />
    </UnitTest>
    <UnitTest name="Test8390" id="047dec1d-97a8-43f6-a842-0d60aa01a8a1" storage="TestAssembly.dll">
      <Execution id="a4543b88-773c-456c-9222-c9a65b29a2f9" />
      <TestMethod codeBase="TestAssembly.dll" className="TestNamespace.TestClass9" name="Test8390" />
    </UnitTest>
    <UnitTest name="Test8391" id="66529df3-86e9-48bb-a4ac-67e1f3eab465" storage="TestAssembly.dll">
      <Execution id="6b268408-1ed5-40b8-adb9-546fd6d20079" />
      <TestMethod codeBase="TestAssembly.dll" className="TestNamespace.TestClass10" name="Test8391" />
    </UnitTest>
    <UnitTest name="Test8392" id="d6c3a9b3-64e2-49d1-9a8f-0ffd859e6bb1" storage="TestAssembly.dll">
      <Execution id="e00a614b-40a0-470b-be79-76993afe9805" />
      <TestMethod codeBase="TestAssembly.dll" className="TestNamespace.TestClass10" name="Test8392" />
    </UnitTest>
    <UnitTest name="Test8393" id="c1892e15-98b9-4622-bb03-e74b9aa5efd8" storage="TestAssembly.dll">
      <Execution id="48edadf9-65be-4be3-8c7c-5c9b3eb380fa" />
      <TestMethod codeBase="TestAssembly.dll" className="TestNamespace.TestClass10" name="Test8393" />
    </UnitTest>
    <UnitTest name="Test8394" id="e49da2f2-03ce-4f5f-9af8-1e3832448463" storage="TestAssembly.dll">
      <Execution id="fefdf2de-6f99-4f94-a2c5-12a1cc9ae357" />
      <TestMethod codeBase="TestAssembly.dll" className="TestNamespace.TestClass10" name="Test8394" />
    </UnitTest>
    <UnitTest name="Test8395" id="d5b0c5f1-bae7-4fc7-8ddf-b851fa20b378" storage="TestAssembly.dll">
      <Execution id="5abbc242-b6d3-4847-859c-e3a31ec6984d" />
      <TestMethod codeBase="TestAssembly.dll" className="TestNamespace.TestClass10" name="Test8395" />
    </UnitTest>
    <UnitTest name="Test8396" id="fde140fd-25a1-498c-9b9c-0fe42d8cc445" storage="TestAssembly.dll">
      <Execution id="3ee73c62-8a97-462c-b5f6-245744405abb" />
      <TestMethod codeBase="TestAssembly.dll" className="TestNamespace.TestClass10" name="Test8396" />
    </UnitTest>
    <UnitTest name="Test8397" id="70941301-4d71-4b86-bd83-f8585dd2deab" storage="TestAssembly.dll">
      <Execution id="aad6e8d6-33cb-4b2d-9b3c-b90842f1689f" />
      <TestMethod codeBase="TestAssembly.dll" className="TestNamespace.TestClass10" name="Test8397" />
    </UnitTest>
    <UnitTest name="Test8398" id="40db34d5-d945-4605-818b-e231bff317ea" storage="TestAssembly.dll">
      <Execution id="ec07d6ff-e607-49c6-9455-873ab8a14c71" />
      <TestMethod codeBase="TestAssembly.dll" className="TestNamespace.TestClass10" name="Test8398" />
    </UnitTest>
    <UnitTest name="Test8399" id="3555fec8-0dc2-476b-ab6c-deb8c1fe4845" storage="TestAssembly.dll">
      <Execution id="86c8ce0c-e6a4-4fe3-80f7-271b069325c4" />
      <TestMethod codeBase="TestAssembly.dll" className="TestNamespace.TestClass10" name="Test8399" />
    </UnitTest>
    <UnitTest name="Test8400" id="6ba6e593-a2d6-4b41-834f-cdbc8ee671b9" storage="TestAssembly.dll">
      <Execution id="7740d5ed-a4d6-4ecc-9d64-2fac3ef9e263" />
      <TestMethod codeBase="TestAssembly.dll" className="TestNamespace.TestClass10" name="Test8400" />
    </UnitTest>
  </TestDefinitions>
  <TestEntries>
    <TestEntry testId="c1685bd4-cc9d-480c-a28f-b797d585a079" executionId="905c9754-7223-48ea-b6e2-30b3ad8db39f" testListId="df57c519-e363-4613-870f-1e9c0583fe14" />
    <TestEntry testId="bc89448f-132a-4c01-8ffd-bf260cec994b" executionId="eaa7e58a-be78-4ba9-81c9-9a0efd27ec0a" testListId="df57c519-e363-4613-870f-1e9c0583fe14" />
    <TestEntry testId="e43169a1-92c6-4772-9421-f8ea30221bc5" executionId="550c66a6-531d-4648-999e-ead9e6f92684" testListId="df57c519-e363-4613-870f-1e9c0583fe14" />
    <TestEntry testId="05f97d02-bc75-44e8-ac18-d8d5e1a2145b" executionId="d057a50d-f1a7-44a8-a7d8-6a82e5ec8824" testListId="df57c519-e363-4613-870f-1e9c0583fe14" />
    <TestEntry testId="f8126907-4010-4a6a-b9c0-82bd48bba2da" executionId="1e830066-e097-445a-a9bb-37a8165c77f1" testListId="df57c519-e363-4613-870f-1e9c0583fe14" />
    <TestEntry testId="9b5899ac-9804-46e5-ad07-c026f436bccc" executionId="56291a00-de06-4ea2-9485-d7030f10f508" testListId="df57c519-e363-4613-870f-1e9c0583fe14" />
    <TestEntry testId="069e7e9a-158e-4f02-bcf1-89ff5bfe9a53" executionId="d662c243-7c24-4c29-a8d9-11e237615a91" testListId="df57c519-e363-4613-870f-1e9c0583fe14" />
    <TestEntry testId="fb2bc0a4-d7e7-4ade-948c-a663a69824ab" executionId="b2a0cc29-9ad1-47af-a7c7-b9ea730ecbb7" testListId="df57c519-e363-4613-870f-1e9c0583fe14" />
    <TestEntry testId="ac960034-e19c-458c-ae32-ba757ac9fe40" executionId="817a642b-288b-4bd7-b590-f7351d62f66a" testListId="df57c519-e363-4613-870f-1e9c0583fe14" />
    <TestEntry testId="a7e5b282-4dc9-4666-9aeb-b645f8e070e5" executionId="361daf80-1a29-4abd-bc37-023fec30dd91" testListId="df57c519-e363-4613-870f-1e9c0583fe14" />
    <TestEntry testId="e69f7747-aa69-4447-8b80-6f0f59fd5f11" executionId="02307773-2bce-4518-9e7c-d61f1c4a5702" testListId="df57c519-e363-4613-870f-1e9c0583fe14" />
    <TestEntry testId="b95c26b6-f6f8-4324-8006-76719bc58435" executionId="b4dddf23-8daf-401e-b89c-b618a1b2e6a0" testListId="df57c519-e363-4613-870f-1e9c0583fe14" />
    <TestEntry testId="81798e8e-6857-4e88-8381-ec813920e1c5" executionId="8aaa00a9-32c9-445f-8445-ec252ff78f50" testListId="df57c519-e363-4613-870f-1e9c0583fe14" />
    <TestEntry testId="3513bd54-68c7-4a12-ba62-828af87b29d4" executionId="c451789e-3f61-4341-a422-767301c040f0" testListId="df57c519-e363-4613-870f-1e9c0583fe14" />
    <TestEntry testId="23100216-0a77-4063-ab98-c2f778f8de02" executionId="69344a29-f548-4d3e-babe-c88a78ac3927" testListId="df57c519-e363-4613-870f-1e9c0583fe14" />
    <TestEntry testId="b5c44342-ab58-459a-8f89-4bdab3ee940a" executionId="9409cc1e-c16c-4044-acbc-8de4c6722b08" testListId="df57c519-e363-4613-870f-1e9c0583fe14" />
    <TestEntry testId="8e9dc3b6-51fe-4555-9dca-ee38dee10bc3" executionId="845bd3b5-260a-4427-bd75-ce34762e3f5f" testListId="df57c519-e363-4613-870f-1e9c0583fe14" />
    <TestEntry testId="56f4e073-f2bd-45ef-b505-7028ab36bee5" executionId="3c55e10f-bd7b-406a-b3dd-84d65f227365" testListId="df57c519-e363-4613-870f-1e9c0583fe14" />
    <TestEntry testId="48a0e2a2-2c8c-4b6f-a7a6-a97aa4d9eddb" executionId="5872380f-63ea-45ac-8654-c700e90e2b5a" testListId="df57c519-e363-4613-870f-1e9c0583fe14" />
    <TestEntry testId="14c59709-4124-42a1-a82c-61757d2c6e51" executionId="46b8b769-9d5e-41e3-97cf-ae345a616370" testListId="df57c519-e363-4613-870f-1e9c0583fe14" />
    <TestEntry testId="81cf82b6-7762-4dde-922c-ab4e9554f011" executionId="16f98096-f362-429d-bc2f-68eb8d4f1c86" testListId="df57c519-e363-4613-870f-1e9c0583fe14" />
    <TestEntry testId="051c6447-8ff3-45b5-97d4-e65a84c4afef" executionId="9a4dbbe4-7357-4f6e-af9c-5307bdddacb7" testListId="df57c519-e363-4613-870f-1e9c0583fe14" />
    <TestEntry testId="88c6c915-2f9e-42b8-94e0-d069765f298d" executionId="7cf32c5b-250e-47ef-8ba5-e7d35a3940ff" testListId="df57c519-e363-4613-870f-1e9c0583fe14" />
    <TestEntry testId="81b4bd31-0b99-43b3-8aaa-57fe8dc45477" executionId="d26b58c7-eb4d-4fd1-b25f-bcd54b6af9f8" testListId="df57c519-e363-4613-870f-1e9c0583fe14" />
    <TestEntry testId="b0f11b82-9e33-440e-9158-a8cdac8e9a01" executionId="0372f333-00cb-4bec-9898-f39fe0fcf113" testListId="df57c519-e363-4613-870f-1e9c0583fe14" />
    <TestEntry testId="6ed3e318-c762-402d-9885-b69a9121d21e" executionId="04d477a5-66cd-4673-a1d5-b952ffe69540" testListId="df57c519-e363-4613-870f-1e9c0583fe14" />
    <TestEntry testId="0d125a54-079b-44d1-9e42-917cd824b1e3" executionId="ff20949d-2e07-4ef0-bb63-67cdcc2fcc7e" testListId="df57c519-e363-4613-870f-1e9c0583fe14" />
    <TestEntry testId="30180d71-ed71-495d-b859-342d037a4190" executionId="68c98569-22a5-41ca-a635-b0a8c5ec0923" testListId="df57c519-e363-4613-870f-1e9c0583fe14" />
    <TestEntry testId="c4ae96bd-dd2e-4a91-b1d4-26d0f170a6a3" executionId="7de1cac4-db92-4aa3-beb9-02faefb8f60b" testListId="df57c519-e363-4613-870f-1e9c0583fe14" />
    <TestEntry testId="26679c75-375c-49d7-92db-3c95c8bb3703" executionId="11883490-9885-4f04-a3ff-5885f30dc5eb" testListId="df57c519-e363-4613-870f-1e9c0583fe14" />
    <TestEntry testId="6dc02dcf-1b31-440a-99c5-8514783d2314" executionId="2dbe56f3-e381-4d12-9f9c-fd3e871d67e9" testListId="df57c519-e363-4613-870f-1e9c0583fe14" />
    <TestEntry testId="1d7067d7-7bca-47ab-b945-c9d606724738" executionId="930599e0-f726-4dde-8887-1e62a0c51793" testListId="df57c519-e363-4613-870f-1e9c0583fe14" />
    <TestEntry testId="af465b90-7fde-4244-b610-a5f303ce1a1c" executionId="3657c0b1-869b-4993-bfc4-c44f0cc04fbe" testListId="df57c519-e363-4613-870f-1e9c0583fe14" />
    <TestEntry testId="8bbf4d57-5b0c-400a-a923-763ce3323465" executionId="e9a56402-944b-42bb-b576-ec27a367d9ab" testListId="df57c519-e363-4613-870f-1e9c0583fe14" />
    <TestEntry testId="20114b95-9677-49d4-b2c5-61adb8ae3500" executionId="aecfb56f-2b00-4f66-98f5-d15b4c27bc36" testListId="df57c519-e363-4613-870f-1e9c0583fe14" />
    <TestEntry testId="abbb69b4-7d56-4314-ae28-65b8281869ac" executionId="479bddab-f2f1-43ac-b1f0-0b249e6ce56c" testListId="df57c519-e363-4613-870f-1e9c0583fe14" />
    <TestEntry testId="7a82aefd-b822-4813-af1d-7e0a28e0bb99" executionId="c469b4c6-3748-4b7e-ae72-bd85d6f1b3f0" testListId="df57c519-e363-4613-870f-1e9c0583fe14" />
    <TestEntry testId="9887e83f-d430-4e0c-8e22-d01cb4c752d1" executionId="17f7eefc-87a7-44e5-b963-c091df0af161" testListId="df57c519-e363-4613-870f-1e9c0583fe14" />
    <TestEntry testId="d2c7a3fa-e77f-4737-835a-58bd57555a9a" executionId="8f454d3a-0185-45cc-8dda-cb026cdc07a7" testListId="df57c519-e363-4613-870f-1e9c0583fe14" />
    <TestEntry testId="68bffbc5-d574-4245-ad91-7df1b4380888" executionId="1bdadbdb-a3ce-44c2-8e2a-cd2329c8d806" testListId="df57c519-e363-4613-870f-1e9c0583fe14" />
    <TestEntry testId="8f54f8dd-3158-43d4-9e20-e036011e726c" executionId="34abf9fe-148b-4673-99d5-873a6bd75122" testListId="df57c519-e363-4613-870f-1e9c0583fe14" />
    <TestEntry testId="9b042e82-68b7-403a-979a-4ef1b09504a5" executionId="0ae858ba-2591-45cb-a8db-27a9545390c8" testListId="df57c519-e363-4613-870f-1e9c0583fe14" />
    <TestEntry testId="750988b0-3973-415a-958a-8a095021c9ff" executionId="afb5e9e3-00bb-4558-86f6-f7ffe17ba21e" testListId="df57c519-e363-4613-870f-1e9c0583fe14" />
    <TestEntry testId="a6468733-8592-4c26-ae3b-4e82a723da09" executionId="5272672a-3239-42df-b87e-049bff2d3307" testListId="df57c519-e363-4613-870f-1e9c0583fe14" />
    <TestEntry testId="debf796c-d623-4779-9ef3-d3093fdd455d" executionId="83e5c02a-33bc-4a82-bc42-4e59d47f05b4" testListId="df57c519-e363-4613-870f-1e9c0583fe14" />
    <TestEntry testId="370ee92b-c390-4b52-8d7a-ff3a59bbc1cd" executionId="f330d7b3-0fe0-4cf2-93ee-cb931bcdc4fc" testListId="df57c519-e363-4613-870f-1e9c0583fe14" />
    <TestEntry testId="f5513238-dcd5-489f-b3af-b6cadf5b1512" executionId="2521faba-2747-4b73-b529-2694a094ccfe" testListId="df57c519-e363-4613-870f-1e9c0583fe14" />
    <TestEntry testId="1e90349a-b3f8-41a7-8226-a2b337380534" executionId="1279e1a0-304f-486e-baf4-65bcd2804209" testListId="df57c519-e363-4613-870f-1e9c0583fe14" />
    <TestEntry testId="633a5359-6e64-4054-9264-4b2b2fd406fc" executionId="bf24fde4-f862-4eff-a85c-5bd9c45571d8" testListId="df57c519-e363-4613-870f-1e9c0583fe14" />
    <TestEntry testId="dcfd7da4-5485-4603-88aa-f9a40971b2c6" executionId="543142c1-6c40-466b-b09a-2985697b2636" testListId="df57c519-e363-4613-870f-1e9c0583fe14" />
    <TestEntry testId="c0a9933f-568f-4e67-9d1f-2217f4ac38a2" executionId="9868ff43-6b12-45d3-97a0-35c6431bcc79" testListId="df57c519-e363-4613-870f-1e9c0583fe14" />
    <TestEntry testId="a7e07b64-c8d2-46a0-8cc3-152b6513459d" executionId="d1f72c9c-d60a-4907-964d-ac11d1c30992" testListId="df57c519-e363-4613-870f-1e9c0583fe14" />
    <TestEntry testId="19619477-8d8a-4f3e-aebc-8dcc284bfc3a" executionId="21966acb-fa59-4786-9e56-e7dfa7347de3" testListId="df57c519-e363-4613-870f-1e9c0583fe14" />
    <TestEntry testId="ea76922b-d80e-420d-975a-bb513e93864a" executionId="78eec420-6f64-4d7a-83b1-67ee7bb851b5" testListId="df57c519-e363-4613-870f-1e9c0583fe14" />
    <TestEntry testId="0ae4bc6d-e092-41a3-b467-95b0689cf19a" executionId="3c88785d-84e7-4e62-9735-73194f4a00e6" testListId="df57c519-e363-4613-870f-1e9c0583fe14" />
    <TestEntry testId="e329d103-966a-4403-837b-9aa3001eb58a" executionId="1dab49c7-c1b4-41b2-81af-e6b3d54733b2" testListId="df57c519-e363-4613-870f-1e9c0583fe14" />
    <TestEntry testId="dce2c497-a895-4c8a-8757-eae11c13fe38" executionId="e9ca2e38-ddee-40f9-8c6b-1193b2d88be8" testListId="df57c519-e363-4613-870f-1e9c0583fe14" />
    <TestEntry testId="6474462e-71ff-413a-beca-064df22e8ede" executionId="d9c47fa8-a179-4d6b-b514-eba76f2b59a1" testListId="df57c519-e363-4613-870f-1e9c0583fe14" />
    <TestEntry testId="a835694e-9db4-4eac-9c94-fdcde783ff02" executionId="aeaa4067-f711-4b33-ad81-5d42a8f15d46" testListId="df57c519-e363-4613-870f-1e9c0583fe14" />
    <TestEntry testId="e31d3957-2b2f-49a8-80cb-a969915c1f91" executionId="0a1d066b-1c12-4eac-9462-fcf6cc034f9a" testListId="df57c519-e363-4613-870f-1e9c0583fe14" />
    <TestEntry testId="db82d1a6-d4f0-45d6-a141-d7590e548cbb" executionId="e5731605-5b32-4567-929b-07249b21b82a" testListId="df57c519-e363-4613-870f-1e9c0583fe14" />
    <TestEntry testId="a45a01c6-f581-4f7f-bd57-6485e119c6f0" executionId="10a506c0-d88a-4eac-8074-ec60c954e896" testListId="df57c519-e363-4613-870f-1e9c0583fe14" />
    <TestEntry testId="c58dc2ad-6138-4c1e-971a-9b7311569b48" executionId="b5fc9686-12eb-487b-843f-257c5846b50b" testListId="df57c519-e363-4613-870f-1e9c0583fe14" />
    <TestEntry testId="04f8e737-453b-4451-9d3b-714dff189d15" executionId="b9208d61-f89a-478b-b99f-0fe3407edec7" testListId="df57c519-e363-4613-870f-1e9c0583fe14" />
    <TestEntry testId="87e936a8-74ac-4350-9862-8923377924a5" executionId="d5fb7ae7-5570-4f01-b861-9dc8a8bf4a7a" testListId="df57c519-e363-4613-870f-1e9c0583fe14" />
    <TestEntry testId="a51450ee-44a9-4ba1-9bee-3033258b5873" executionId="6f2804c6-60c5-49c6-bd27-af3ef08c6ccc" testListId="df57c519-e363-4613-870f-1e9c0583fe14" />
    <TestEntry testId="13e5c360-1d84-4222-9d98-04b4c7a7b002" executionId="38bc467a-719b-4a9b-8730-eee1a51e0f1b" testListId="df57c519-e363-4613-870f-1e9c0583fe14" />
    <TestEntry testId="cdf66c63-a8c1-4536-b674-0a7990bb6b70" executionId="5c4f6a47-5204-401a-815b-bde9d9d31bf3" testListId="df57c519-e363-4613-870f-1e9c0583fe14" />
    <TestEntry testId="5d33e565-220e-4871-a4dc-9da6e5e8a1da" executionId="6e28990a-08ed-4e87-bdaa-4224351c0833" testListId="df57c519-e363-4613-870f-1e9c0583fe14" />
    <TestEntry testId="f612f333-04cf-405b-adb5-58c20dbad669" executionId="afb0e71b-a9d7-42c0-a594-50c4a8ec8e6a" testListId="df57c519-e363-4613-870f-1e9c0583fe14" />
    <TestEntry testId="9c572e9f-aecd-4ba1-a176-74c2fab84a38" executionId="047972f2-f9f9-40df-a1db-f190772c9f36" testListId="df57c519-e363-4613-870f-1e9c0583fe14" />
    <TestEntry testId="c0790db7-bce7-4478-8beb-d5de6d55dddf" executionId="a557f0d7-a257-4248-83ef-59297705d2b1" testListId="df57c519-e363-4613-870f-1e9c0583fe14" />
    <TestEntry testId="fd9fcc11-7792-4a8b-9094-dabe60e1eb86" executionId="4ceadf4e-922b-4128-9635-83b38dacf211" testListId="df57c519-e363-4613-870f-1e9c0583fe14" />
    <TestEntry testId="0ad27a59-118b-4555-b0ad-c25e61adf5b1" executionId="4411a5c2-5d68-4126-96cc-ab23f7efae8c" testListId="df57c519-e363-4613-870f-1e9c0583fe14" />
    <TestEntry testId="7aa2a380-8ab8-4dee-b164-69fb766cd6be" executionId="6123acd1-5a6a-4ca4-92ff-77821ed58a72" testListId="df57c519-e363-4613-870f-1e9c0583fe14" />
    <TestEntry testId="a8431f97-a3ab-449c-8ac6-ed8f2c5da928" executionId="87587c07-8748-4875-acf1-c4c1dc2b478a" testListId="df57c519-e363-4613-870f-1e9c0583fe14" />
    <TestEntry testId="d852d16a-a035-4688-9d92-3e5a06a49c9a" executionId="1a60931f-7e4a-454a-8f5f-f507de02584c" testListId="df57c519-e363-4613-870f-1e9c0583fe14" />
    <TestEntry testId="6fe00fe5-d5f2-48f3-a1df-c2e7d0e2292a" executionId="a92b762a-3d60-4f5a-9fcc-3951f1c10ddf" testListId="df57c519-e363-4613-870f-1e9c0583fe14" />
    <TestEntry testId="84868098-c462-4878-a5a6-52c7ea9246d1" executionId="33416bfa-3612-4123-842e-25967b17ff15" testListId="df57c519-e363-4613-870f-1e9c0583fe14" />
    <TestEntry testId="7ffefa0f-cbe1-4c1e-888d-7570506ff56c" executionId="b044350a-b49a-4573-b96e-8b0cc3d8631e" testListId="df57c519-e363-4613-870f-1e9c0583fe14" />
    <TestEntry testId="ac6d401e-bdfa-4fb5-90ce-d53023f7bf61" executionId="9b5c9e0a-1d87-4067-93b7-856992e4e1f6" testListId="df57c519-e363-4613-870f-1e9c0583fe14" />
    <TestEntry testId="2f6eb51b-be61-4fb6-ae3d-09520e7e2b44" executionId="cfd0c926-1616-41d6-a394-e0a077603bb1" testListId="df57c519-e363-4613-870f-1e9c0583fe14" />
    <TestEntry testId="ef8bd91b-a04d-40c4-a278-100de89e7939" executionId="b3c039c8-e71a-4a06-ac8d-dbfb6f30b5d0" testListId="df57c519-e363-4613-870f-1e9c0583fe14" />
    <TestEntry testId="a9b82c16-dc80-4cc5-aaa9-9a6ed2502d4c" executionId="40e0e3d5-7e07-47da-b243-c6ab4824aded" testListId="df57c519-e363-4613-870f-1e9c0583fe14" />
    <TestEntry testId="74513aa7-63cc-4b22-ad47-794387fef606" executionId="fff5b691-aff0-4edf-9419-3c11e20dd182" testListId="df57c519-e363-4613-870f-1e9c0583fe14" />
    <TestEntry testId="194f3669-1dde-4e1e-a502-e3992f443d69" executionId="20ca7e18-7c47-40c4-a1c1-8868844d8227" testListId="df57c519-e363-4613-870f-1e9c0583fe14" />
    <TestEntry testId="c693ae8e-31a1-4083-a58e-1337fc374052" executionId="c75225cc-929a-417a-a232-7c0554f5e7e5" testListId="df57c519-e363-4613-870f-1e9c0583fe14" />
    <TestEntry testId="8fd62262-5aa9-4a9f-bd64-660008e51ed5" executionId="36e69aca-b3ce-43ff-bb61-e9e4d701343a" testListId="df57c519-e363-4613-870f-1e9c0583fe14" />
    <TestEntry testId="3fadcb37-94d8-4b18-87d4-6153400667d5" executionId="29fd09f6-0fe5-4701-b41b-c42dc784c5d6" testListId="df57c519-e363-4613-870f-1e9c0583fe14" />
    <TestEntry testId="047dec1d-97a8-43f6-a842-0d60aa01a8a1" executionId="a4543b88-773c-456c-9222-c9a65b29a2f9" testListId="df57c519-e363-4613-870f-1e9c0583fe14" />
    <TestEntry testId="66529df3-86e9-48bb-a4ac-67e1f3eab465" executionId="6b268408-1ed5-40b8-adb9-546fd6d20079" testListId="df57c519-e363-4613-870f-1e9c0583fe14" />
    <TestEntry testId="d6c3a9b3-64e2-49d1-9a8f-0ffd859e6bb1" executionId="e00a614b-40a0-470b-be79-76993afe9805" testListId="df57c519-e363-4613-870f-1e9c0583fe14" />
    <TestEntry testId="c1892e15-98b9-4622-bb03-e74b9aa5efd8" executionId="48edadf9-65be-4be3-8c7c-5c9b3eb380fa" testListId="df57c519-e363-4613-870f-1e9c0583fe14" />
    <TestEntry testId="e49da2f2-03ce-4f5f-9af8-1e3832448463" executionId="fefdf2de-6f99-4f94-a2c5-12a1cc9ae357" testListId="df57c519-e363-4613-870f-1e9c0583fe14" />
    <TestEntry testId="d5b0c5f1-bae7-4fc7-8ddf-b851fa20b378" executionId="5abbc242-b6d3-4847-859c-e3a31ec6984d" testListId="df57c519-e363-4613-870f-1e9c0583fe14" />
    <TestEntry testId="fde140fd-25a1-498c-9b9c-0fe42d8cc445" executionId="3ee73c62-8a97-462c-b5f6-245744405abb" testListId="df57c519-e363-4613-870f-1e9c0583fe14" />
    <TestEntry testId="70941301-4d71-4b86-bd83-f8585dd2deab" executionId="aad6e8d6-33cb-4b2d-9b3c-b90842f1689f" testListId="df57c519-e363-4613-870f-1e9c0583fe14" />
    <TestEntry testId="40db34d5-d945-4605-818b-e231bff317ea" executionId="ec07d6ff-e607-49c6-9455-873ab8a14c71" testListId="df57c519-e363-4613-870f-1e9c0583fe14" />
    <TestEntry testId="3555fec8-0dc2-476b-ab6c-deb8c1fe4845" executionId="86c8ce0c-e6a4-4fe3-80f7-271b069325c4" testListId="df57c519-e363-4613-870f-1e9c0583fe14" />
    <TestEntry testId="6ba6e593-a2d6-4b41-834f-cdbc8ee671b9" executionId="7740d5ed-a4d6-4ecc-9d64-2fac3ef9e263" testListId="df57c519-e363-4613-870f-1e9c0583fe14" />
  </TestEntries>
  <TestLists>
    <TestList name="Results Not in a List" id="df57c519-e363-4613-870f-1e9c0583fe14" />
    <TestList name="All Loaded Results" id="ae60d0de-7ca4-40ef-85e5-07bec8cdc1b4" />
  </TestLists>
</TestRun>