<?xml version="1.0" encoding="UTF-8"?>
<TestRun id="9935efec-200e-4b5d-8387-cfb17043e83e" name="Test Run 62" runUser="Oles Galatsan" xmlns="http://microsoft.com/schemas/VisualStudio/TeamTest/2010">
  <Times creation="2025-05-14T13:20:31.3125482Z" queuing="2025-05-14T13:20:31.3125482Z" start="2025-05-14T13:20:31.3146610Z" finish="2025-05-14T13:25:31.3147553Z" />
  <TestSettings name="Test Settings 62" id="5eaea99c-9d37-4b5a-8b07-9d4d1e4ddb29" />
  <Results>
    <UnitTestResult executionId="596cc1a8-3374-48c7-9efa-15c33a1bd84c" testId="235e6984-760e-49fb-bc58-51b486df71d7" testName="Test6101" computerName="UA-LPT-OGA2" duration="00:00:01.8930000" startTime="2025-05-14T13:20:31.3146610Z" endTime="2025-05-14T13:25:31.3147553Z" testType="13cdc9d9-ddb5-4fa4-a97d-d965ccfc6d4b" outcome="Passed" testListId="53c6b84a-6f6f-4846-9f13-0859909ef907" />
    <UnitTestResult executionId="49cb9223-3269-4cfd-b969-03cb1fbd42a0" testId="771db76e-4551-46fe-9fa5-f1ecdfbebf77" testName="Test6102" computerName="UA-LPT-OGA2" duration="00:00:00.9890000" startTime="2025-05-14T13:20:31.3146610Z" endTime="2025-05-14T13:25:31.3147553Z" testType="13cdc9d9-ddb5-4fa4-a97d-d965ccfc6d4b" outcome="Passed" testListId="53c6b84a-6f6f-4846-9f13-0859909ef907" />
    <UnitTestResult executionId="00e68e1d-fbc8-4f9b-b585-32583f0b718d" testId="7c5ec12e-9fd7-4c69-bbaa-7ea91730d587" testName="Test6103" computerName="UA-LPT-OGA2" duration="00:00:01.2720000" startTime="2025-05-14T13:20:31.3146610Z" endTime="2025-05-14T13:25:31.3147553Z" testType="13cdc9d9-ddb5-4fa4-a97d-d965ccfc6d4b" outcome="Passed" testListId="53c6b84a-6f6f-4846-9f13-0859909ef907" />
    <UnitTestResult executionId="affff20c-e75a-4525-9c29-b033cc2de0d2" testId="12475fe2-7f8c-477e-8451-ba2285f1b39e" testName="Test6104" computerName="UA-LPT-OGA2" duration="00:00:01.5040000" startTime="2025-05-14T13:20:31.3146610Z" endTime="2025-05-14T13:25:31.3147553Z" testType="13cdc9d9-ddb5-4fa4-a97d-d965ccfc6d4b" outcome="Passed" testListId="53c6b84a-6f6f-4846-9f13-0859909ef907" />
    <UnitTestResult executionId="4d9252c9-0d1f-4564-88ab-c64d560db077" testId="cb19d74b-b136-4ba1-b9a9-c36bc104646d" testName="Test6105" computerName="UA-LPT-OGA2" duration="00:00:00.0400000" startTime="2025-05-14T13:20:31.3146610Z" endTime="2025-05-14T13:25:31.3147553Z" testType="13cdc9d9-ddb5-4fa4-a97d-d965ccfc6d4b" outcome="Passed" testListId="53c6b84a-6f6f-4846-9f13-0859909ef907" />
    <UnitTestResult executionId="879b9e9c-fa25-497c-8783-b4c8ede3c152" testId="09f22121-affe-4f90-aaeb-24c8ce4c8adf" testName="Test6106" computerName="UA-LPT-OGA2" duration="00:00:01.5350000" startTime="2025-05-14T13:20:31.3146610Z" endTime="2025-05-14T13:25:31.3147553Z" testType="13cdc9d9-ddb5-4fa4-a97d-d965ccfc6d4b" outcome="Failed" testListId="53c6b84a-6f6f-4846-9f13-0859909ef907">
      <Output>
        <ErrorInfo>
          <Message>Assertion failed: Expected value did not match actual value.</Message>
          <StackTrace>   at TestNamespace.TestClass.Test() in TestClass.cs:line 323</StackTrace>
        </ErrorInfo>
      </Output>
    </UnitTestResult>
    <UnitTestResult executionId="6d8fd73a-f26f-4cbe-a02d-f85bcaed1aba" testId="39ab24be-d0f9-4b5a-bfa8-4874e9675eab" testName="Test6107" computerName="UA-LPT-OGA2" duration="00:00:01.0340000" startTime="2025-05-14T13:20:31.3146610Z" endTime="2025-05-14T13:25:31.3147553Z" testType="13cdc9d9-ddb5-4fa4-a97d-d965ccfc6d4b" outcome="Passed" testListId="53c6b84a-6f6f-4846-9f13-0859909ef907" />
    <UnitTestResult executionId="5da94c78-0292-474e-b69f-9bd0697a8956" testId="e8d82f6e-2b86-4840-ac01-a07a29efae71" testName="Test6108" computerName="UA-LPT-OGA2" duration="00:00:01.5220000" startTime="2025-05-14T13:20:31.3146610Z" endTime="2025-05-14T13:25:31.3147553Z" testType="13cdc9d9-ddb5-4fa4-a97d-d965ccfc6d4b" outcome="Passed" testListId="53c6b84a-6f6f-4846-9f13-0859909ef907" />
    <UnitTestResult executionId="aea39aa2-ac15-400d-8b2a-c55b301ba538" testId="d2238b63-afd8-4693-9740-ed86cf8c5031" testName="Test6109" computerName="UA-LPT-OGA2" duration="00:00:01.4470000" startTime="2025-05-14T13:20:31.3146610Z" endTime="2025-05-14T13:25:31.3147553Z" testType="13cdc9d9-ddb5-4fa4-a97d-d965ccfc6d4b" outcome="Passed" testListId="53c6b84a-6f6f-4846-9f13-0859909ef907" />
    <UnitTestResult executionId="23f65ad0-938b-4d43-b4f3-b15eeae2eabc" testId="6772bdb9-8cd5-4279-83cc-cf4b2eaeac05" testName="Test6110" computerName="UA-LPT-OGA2" duration="00:00:00.3770000" startTime="2025-05-14T13:20:31.3146610Z" endTime="2025-05-14T13:25:31.3147553Z" testType="13cdc9d9-ddb5-4fa4-a97d-d965ccfc6d4b" outcome="Passed" testListId="53c6b84a-6f6f-4846-9f13-0859909ef907" />
    <UnitTestResult executionId="06a82df2-746a-4373-8d66-58cc0701f67d" testId="f02bcbc9-80e8-4776-9f56-88aacd0194df" testName="Test6111" computerName="UA-LPT-OGA2" duration="00:00:01.2830000" startTime="2025-05-14T13:20:31.3146610Z" endTime="2025-05-14T13:25:31.3147553Z" testType="13cdc9d9-ddb5-4fa4-a97d-d965ccfc6d4b" outcome="Passed" testListId="53c6b84a-6f6f-4846-9f13-0859909ef907" />
    <UnitTestResult executionId="83a82263-0f34-4074-a0fe-d1e2ee951c5b" testId="8ac0c4f5-5e7d-4aad-87c4-90f69d09cd05" testName="Test6112" computerName="UA-LPT-OGA2" duration="00:00:01.0190000" startTime="2025-05-14T13:20:31.3146610Z" endTime="2025-05-14T13:25:31.3147553Z" testType="13cdc9d9-ddb5-4fa4-a97d-d965ccfc6d4b" outcome="Passed" testListId="53c6b84a-6f6f-4846-9f13-0859909ef907" />
    <UnitTestResult executionId="cdf33b7b-8a36-45f3-889f-3f63d629af27" testId="7befd5bb-c04e-41a6-926a-e717c9c73443" testName="Test6113" computerName="UA-LPT-OGA2" duration="00:00:00.8340000" startTime="2025-05-14T13:20:31.3146610Z" endTime="2025-05-14T13:25:31.3147553Z" testType="13cdc9d9-ddb5-4fa4-a97d-d965ccfc6d4b" outcome="Passed" testListId="53c6b84a-6f6f-4846-9f13-0859909ef907" />
    <UnitTestResult executionId="66321ba2-97bc-48e9-8919-d3d34ed24892" testId="0dbf376b-5791-49a0-9179-cdf672eb322e" testName="Test6114" computerName="UA-LPT-OGA2" duration="00:00:00.5620000" startTime="2025-05-14T13:20:31.3146610Z" endTime="2025-05-14T13:25:31.3147553Z" testType="13cdc9d9-ddb5-4fa4-a97d-d965ccfc6d4b" outcome="Passed" testListId="53c6b84a-6f6f-4846-9f13-0859909ef907" />
    <UnitTestResult executionId="aadf9109-6e48-46ae-b1d7-58619a43c653" testId="ac85a4b5-87cd-45bb-867a-83faf4e3b782" testName="Test6115" computerName="UA-LPT-OGA2" duration="00:00:01.2680000" startTime="2025-05-14T13:20:31.3146610Z" endTime="2025-05-14T13:25:31.3147553Z" testType="13cdc9d9-ddb5-4fa4-a97d-d965ccfc6d4b" outcome="Passed" testListId="53c6b84a-6f6f-4846-9f13-0859909ef907" />
    <UnitTestResult executionId="e51ca57d-d85e-43ff-a47b-767a796e9c7d" testId="fe6bbffd-a93c-48f0-9f8b-c92105356ab7" testName="Test6116" computerName="UA-LPT-OGA2" duration="00:00:00.8350000" startTime="2025-05-14T13:20:31.3146610Z" endTime="2025-05-14T13:25:31.3147553Z" testType="13cdc9d9-ddb5-4fa4-a97d-d965ccfc6d4b" outcome="Passed" testListId="53c6b84a-6f6f-4846-9f13-0859909ef907" />
    <UnitTestResult executionId="7c3ab027-6830-47ce-a106-6e1962f38b01" testId="bf05302d-88e2-4cd7-b028-3b7fff0c03a0" testName="Test6117" computerName="UA-LPT-OGA2" duration="00:00:00.9460000" startTime="2025-05-14T13:20:31.3146610Z" endTime="2025-05-14T13:25:31.3147553Z" testType="13cdc9d9-ddb5-4fa4-a97d-d965ccfc6d4b" outcome="Passed" testListId="53c6b84a-6f6f-4846-9f13-0859909ef907" />
    <UnitTestResult executionId="da67d8c7-5491-4f5e-b902-5c1bbeb46a2f" testId="6dd77b25-3907-4e88-aae2-a811e473d3bf" testName="Test6118" computerName="UA-LPT-OGA2" duration="00:00:00.0700000" startTime="2025-05-14T13:20:31.3146610Z" endTime="2025-05-14T13:25:31.3147553Z" testType="13cdc9d9-ddb5-4fa4-a97d-d965ccfc6d4b" outcome="Passed" testListId="53c6b84a-6f6f-4846-9f13-0859909ef907" />
    <UnitTestResult executionId="0ac594fc-f635-4404-8087-5bb85b6c3fe6" testId="da1436c2-83d2-44b6-9c45-3cf5813a6a43" testName="Test6119" computerName="UA-LPT-OGA2" duration="00:00:00.3020000" startTime="2025-05-14T13:20:31.3146610Z" endTime="2025-05-14T13:25:31.3147553Z" testType="13cdc9d9-ddb5-4fa4-a97d-d965ccfc6d4b" outcome="Passed" testListId="53c6b84a-6f6f-4846-9f13-0859909ef907" />
    <UnitTestResult executionId="aad73ed5-3f73-4102-934d-de8aa874746d" testId="77c06ec7-e0f6-4f64-9d8a-210caddc718d" testName="Test6120" computerName="UA-LPT-OGA2" duration="00:00:00.5760000" startTime="2025-05-14T13:20:31.3146610Z" endTime="2025-05-14T13:25:31.3147553Z" testType="13cdc9d9-ddb5-4fa4-a97d-d965ccfc6d4b" outcome="Passed" testListId="53c6b84a-6f6f-4846-9f13-0859909ef907" />
    <UnitTestResult executionId="79f7175e-058a-4f5c-8d18-8f8765ff94d0" testId="75f6fa27-4572-4853-bafe-bea28c909ff7" testName="Test6121" computerName="UA-LPT-OGA2" duration="00:00:01.0020000" startTime="2025-05-14T13:20:31.3146610Z" endTime="2025-05-14T13:25:31.3147553Z" testType="13cdc9d9-ddb5-4fa4-a97d-d965ccfc6d4b" outcome="Passed" testListId="53c6b84a-6f6f-4846-9f13-0859909ef907" />
    <UnitTestResult executionId="b0f8a80b-ebae-4882-9a08-d7a40e116e36" testId="952a85d6-be97-4bd1-b584-3827e3b9f9e1" testName="Test6122" computerName="UA-LPT-OGA2" duration="00:00:00.9120000" startTime="2025-05-14T13:20:31.3146610Z" endTime="2025-05-14T13:25:31.3147553Z" testType="13cdc9d9-ddb5-4fa4-a97d-d965ccfc6d4b" outcome="Passed" testListId="53c6b84a-6f6f-4846-9f13-0859909ef907" />
    <UnitTestResult executionId="4492ed79-9b73-4e0c-9a3a-cb2ed9b0c35b" testId="bca898f8-439b-4156-b449-7f5e6a49060c" testName="Test6123" computerName="UA-LPT-OGA2" duration="00:00:01.6640000" startTime="2025-05-14T13:20:31.3146610Z" endTime="2025-05-14T13:25:31.3147553Z" testType="13cdc9d9-ddb5-4fa4-a97d-d965ccfc6d4b" outcome="Passed" testListId="53c6b84a-6f6f-4846-9f13-0859909ef907" />
    <UnitTestResult executionId="1ff9e914-fe14-47f9-a134-18d693b9582e" testId="7d70e374-7a68-4dca-8b01-763c6aacfd51" testName="Test6124" computerName="UA-LPT-OGA2" duration="00:00:00.1130000" startTime="2025-05-14T13:20:31.3146610Z" endTime="2025-05-14T13:25:31.3147553Z" testType="13cdc9d9-ddb5-4fa4-a97d-d965ccfc6d4b" outcome="Passed" testListId="53c6b84a-6f6f-4846-9f13-0859909ef907" />
    <UnitTestResult executionId="523fd2e5-aaaf-4fcf-ad4f-6cbae394d719" testId="9f38c628-8c67-4fcd-a3ba-331d5ee93c02" testName="Test6125" computerName="UA-LPT-OGA2" duration="00:00:01.7980000" startTime="2025-05-14T13:20:31.3146610Z" endTime="2025-05-14T13:25:31.3147553Z" testType="13cdc9d9-ddb5-4fa4-a97d-d965ccfc6d4b" outcome="Passed" testListId="53c6b84a-6f6f-4846-9f13-0859909ef907" />
    <UnitTestResult executionId="fbafecdd-25c0-4a3c-b42b-f48db1704ed3" testId="f2167dc3-2a58-4662-84ef-c7b484f1c922" testName="Test6126" computerName="UA-LPT-OGA2" duration="00:00:01.8560000" startTime="2025-05-14T13:20:31.3146610Z" endTime="2025-05-14T13:25:31.3147553Z" testType="13cdc9d9-ddb5-4fa4-a97d-d965ccfc6d4b" outcome="Passed" testListId="53c6b84a-6f6f-4846-9f13-0859909ef907" />
    <UnitTestResult executionId="370d97a5-e4c5-44ba-9efb-0be26c3357e3" testId="f94633e3-8313-4d01-b9bb-3f2ff50595f2" testName="Test6127" computerName="UA-LPT-OGA2" duration="00:00:00.2320000" startTime="2025-05-14T13:20:31.3146610Z" endTime="2025-05-14T13:25:31.3147553Z" testType="13cdc9d9-ddb5-4fa4-a97d-d965ccfc6d4b" outcome="Passed" testListId="53c6b84a-6f6f-4846-9f13-0859909ef907" />
    <UnitTestResult executionId="b0e633de-3121-4aa6-a856-565437a8cb4e" testId="07f65550-e7ae-4985-8e1e-c6439fe1db1c" testName="Test6128" computerName="UA-LPT-OGA2" duration="00:00:01.8080000" startTime="2025-05-14T13:20:31.3146610Z" endTime="2025-05-14T13:25:31.3147553Z" testType="13cdc9d9-ddb5-4fa4-a97d-d965ccfc6d4b" outcome="Passed" testListId="53c6b84a-6f6f-4846-9f13-0859909ef907" />
    <UnitTestResult executionId="89a5f1eb-5221-4cf4-85e6-d10a35cdbcc3" testId="04b055e3-c37b-40a8-90e0-be1e3bfd7a87" testName="Test6129" computerName="UA-LPT-OGA2" duration="00:00:01.5140000" startTime="2025-05-14T13:20:31.3146610Z" endTime="2025-05-14T13:25:31.3147553Z" testType="13cdc9d9-ddb5-4fa4-a97d-d965ccfc6d4b" outcome="Passed" testListId="53c6b84a-6f6f-4846-9f13-0859909ef907" />
    <UnitTestResult executionId="02692221-206b-48dd-b54b-61a0c1e8f09b" testId="5459a899-ef5a-407c-9138-91bebbc1a944" testName="Test6130" computerName="UA-LPT-OGA2" duration="00:00:00.7610000" startTime="2025-05-14T13:20:31.3146610Z" endTime="2025-05-14T13:25:31.3147553Z" testType="13cdc9d9-ddb5-4fa4-a97d-d965ccfc6d4b" outcome="Inconclusive" testListId="53c6b84a-6f6f-4846-9f13-0859909ef907" />
    <UnitTestResult executionId="6347526e-5413-4d08-9ebe-690cc1a83bd2" testId="3556ae05-77f3-4fe9-94eb-6164443aaf2a" testName="Test6131" computerName="UA-LPT-OGA2" duration="00:00:00.2690000" startTime="2025-05-14T13:20:31.3146610Z" endTime="2025-05-14T13:25:31.3147553Z" testType="13cdc9d9-ddb5-4fa4-a97d-d965ccfc6d4b" outcome="Passed" testListId="53c6b84a-6f6f-4846-9f13-0859909ef907" />
    <UnitTestResult executionId="7281bf29-0d6f-4ed5-b68f-9e2461592798" testId="64718221-414a-4d14-987a-1ddf6d6e1c4e" testName="Test6132" computerName="UA-LPT-OGA2" duration="00:00:01.1640000" startTime="2025-05-14T13:20:31.3146610Z" endTime="2025-05-14T13:25:31.3147553Z" testType="13cdc9d9-ddb5-4fa4-a97d-d965ccfc6d4b" outcome="Passed" testListId="53c6b84a-6f6f-4846-9f13-0859909ef907" />
    <UnitTestResult executionId="35057d32-5e01-4ef3-b1d1-ab01017a7439" testId="ab8745df-46c7-4a93-b946-7df8a99b29da" testName="Test6133" computerName="UA-LPT-OGA2" duration="00:00:01.4880000" startTime="2025-05-14T13:20:31.3146610Z" endTime="2025-05-14T13:25:31.3147553Z" testType="13cdc9d9-ddb5-4fa4-a97d-d965ccfc6d4b" outcome="Passed" testListId="53c6b84a-6f6f-4846-9f13-0859909ef907" />
    <UnitTestResult executionId="6fb3ff42-3be1-4c0d-b2c0-a2e368eb10a5" testId="fe433fa3-e768-4512-92cc-0a97f54ae422" testName="Test6134" computerName="UA-LPT-OGA2" duration="00:00:01.9550000" startTime="2025-05-14T13:20:31.3146610Z" endTime="2025-05-14T13:25:31.3147553Z" testType="13cdc9d9-ddb5-4fa4-a97d-d965ccfc6d4b" outcome="Passed" testListId="53c6b84a-6f6f-4846-9f13-0859909ef907" />
    <UnitTestResult executionId="c16fb857-e5a0-4f0d-afd8-9438343629e9" testId="f24aaf90-91fc-4024-86ab-f1f83a832b95" testName="Test6135" computerName="UA-LPT-OGA2" duration="00:00:00.7900000" startTime="2025-05-14T13:20:31.3146610Z" endTime="2025-05-14T13:25:31.3147553Z" testType="13cdc9d9-ddb5-4fa4-a97d-d965ccfc6d4b" outcome="Passed" testListId="53c6b84a-6f6f-4846-9f13-0859909ef907" />
    <UnitTestResult executionId="70ec39ce-290d-4654-9c02-7a676f58dcc7" testId="976aaf7d-c874-4c85-8963-95f548ab42c6" testName="Test6136" computerName="UA-LPT-OGA2" duration="00:00:01.4960000" startTime="2025-05-14T13:20:31.3146610Z" endTime="2025-05-14T13:25:31.3147553Z" testType="13cdc9d9-ddb5-4fa4-a97d-d965ccfc6d4b" outcome="Passed" testListId="53c6b84a-6f6f-4846-9f13-0859909ef907" />
    <UnitTestResult executionId="8fe863e7-8cab-45cb-ab63-b95494b96d1f" testId="bd6dc097-7b83-4c1d-8968-5c5b5bf5c166" testName="Test6137" computerName="UA-LPT-OGA2" duration="00:00:01.6340000" startTime="2025-05-14T13:20:31.3146610Z" endTime="2025-05-14T13:25:31.3147553Z" testType="13cdc9d9-ddb5-4fa4-a97d-d965ccfc6d4b" outcome="Passed" testListId="53c6b84a-6f6f-4846-9f13-0859909ef907" />
    <UnitTestResult executionId="0c5923a4-754f-4017-bfae-7e780a9cb22e" testId="77b1a54b-3d01-4db7-81d6-694ce99c205e" testName="Test6138" computerName="UA-LPT-OGA2" duration="00:00:00.3960000" startTime="2025-05-14T13:20:31.3146610Z" endTime="2025-05-14T13:25:31.3147553Z" testType="13cdc9d9-ddb5-4fa4-a97d-d965ccfc6d4b" outcome="Failed" testListId="53c6b84a-6f6f-4846-9f13-0859909ef907">
      <Output>
        <ErrorInfo>
          <Message>Assertion failed: Expected value did not match actual value.</Message>
          <StackTrace>   at TestNamespace.TestClass.Test() in TestClass.cs:line 20</StackTrace>
        </ErrorInfo>
      </Output>
    </UnitTestResult>
    <UnitTestResult executionId="cace9ba2-9d3c-4381-bd5c-40d2338a45bc" testId="7e680ba8-39b5-48ac-a491-58d069911299" testName="Test6139" computerName="UA-LPT-OGA2" duration="00:00:00.9570000" startTime="2025-05-14T13:20:31.3146610Z" endTime="2025-05-14T13:25:31.3147553Z" testType="13cdc9d9-ddb5-4fa4-a97d-d965ccfc6d4b" outcome="Passed" testListId="53c6b84a-6f6f-4846-9f13-0859909ef907" />
    <UnitTestResult executionId="baebaf51-4201-488a-9631-55b7553f1b1b" testId="7b751450-4e06-4dc0-878b-c03c50b2a23f" testName="Test6140" computerName="UA-LPT-OGA2" duration="00:00:01.7320000" startTime="2025-05-14T13:20:31.3146610Z" endTime="2025-05-14T13:25:31.3147553Z" testType="13cdc9d9-ddb5-4fa4-a97d-d965ccfc6d4b" outcome="Passed" testListId="53c6b84a-6f6f-4846-9f13-0859909ef907" />
    <UnitTestResult executionId="c8ba2965-f526-4737-9c7d-ae2b0f28831d" testId="0e23cc0b-3680-4676-8d6e-961d84353da6" testName="Test6141" computerName="UA-LPT-OGA2" duration="00:00:00.5580000" startTime="2025-05-14T13:20:31.3146610Z" endTime="2025-05-14T13:25:31.3147553Z" testType="13cdc9d9-ddb5-4fa4-a97d-d965ccfc6d4b" outcome="Passed" testListId="53c6b84a-6f6f-4846-9f13-0859909ef907" />
    <UnitTestResult executionId="a4510ec6-ddbc-4e93-b581-95d05a28f3c2" testId="e780e166-3f73-49e6-8f14-adebe453a396" testName="Test6142" computerName="UA-LPT-OGA2" duration="00:00:00.2820000" startTime="2025-05-14T13:20:31.3146610Z" endTime="2025-05-14T13:25:31.3147553Z" testType="13cdc9d9-ddb5-4fa4-a97d-d965ccfc6d4b" outcome="Passed" testListId="53c6b84a-6f6f-4846-9f13-0859909ef907" />
    <UnitTestResult executionId="9e1c9e1f-64e0-43c7-a791-e0816e3b4a1c" testId="72cfa3b7-258b-4ac8-95f6-a62290086b91" testName="Test6143" computerName="UA-LPT-OGA2" duration="00:00:00.0670000" startTime="2025-05-14T13:20:31.3146610Z" endTime="2025-05-14T13:25:31.3147553Z" testType="13cdc9d9-ddb5-4fa4-a97d-d965ccfc6d4b" outcome="Passed" testListId="53c6b84a-6f6f-4846-9f13-0859909ef907" />
    <UnitTestResult executionId="dc929236-355e-4b1c-ab62-2ab8c1396ee9" testId="ef752fd8-f71a-44f4-92a9-849c5f84b166" testName="Test6144" computerName="UA-LPT-OGA2" duration="00:00:00.2840000" startTime="2025-05-14T13:20:31.3146610Z" endTime="2025-05-14T13:25:31.3147553Z" testType="13cdc9d9-ddb5-4fa4-a97d-d965ccfc6d4b" outcome="Passed" testListId="53c6b84a-6f6f-4846-9f13-0859909ef907" />
    <UnitTestResult executionId="ffb7f37f-03ca-48d4-ab77-dc1a8a898bdc" testId="f483cd05-fd00-4f97-af08-cc92debac771" testName="Test6145" computerName="UA-LPT-OGA2" duration="00:00:01.3470000" startTime="2025-05-14T13:20:31.3146610Z" endTime="2025-05-14T13:25:31.3147553Z" testType="13cdc9d9-ddb5-4fa4-a97d-d965ccfc6d4b" outcome="Passed" testListId="53c6b84a-6f6f-4846-9f13-0859909ef907" />
    <UnitTestResult executionId="ac352ac1-0165-4460-b10f-069d4129fc1c" testId="fb704e91-ee72-47fe-8986-eebcd6c3da71" testName="Test6146" computerName="UA-LPT-OGA2" duration="00:00:01.4370000" startTime="2025-05-14T13:20:31.3146610Z" endTime="2025-05-14T13:25:31.3147553Z" testType="13cdc9d9-ddb5-4fa4-a97d-d965ccfc6d4b" outcome="Passed" testListId="53c6b84a-6f6f-4846-9f13-0859909ef907" />
    <UnitTestResult executionId="ca34dcd8-586d-47d1-b3ec-45b22f43c173" testId="dec6b63b-9431-47a6-bfd8-5bb7ca781925" testName="Test6147" computerName="UA-LPT-OGA2" duration="00:00:00.3010000" startTime="2025-05-14T13:20:31.3146610Z" endTime="2025-05-14T13:25:31.3147553Z" testType="13cdc9d9-ddb5-4fa4-a97d-d965ccfc6d4b" outcome="Passed" testListId="53c6b84a-6f6f-4846-9f13-0859909ef907" />
    <UnitTestResult executionId="98330477-c63e-4f4c-a239-de067bf624cb" testId="0bc944c7-3ebc-4303-a4bd-b1fe587c1f46" testName="Test6148" computerName="UA-LPT-OGA2" duration="00:00:01.1770000" startTime="2025-05-14T13:20:31.3146610Z" endTime="2025-05-14T13:25:31.3147553Z" testType="13cdc9d9-ddb5-4fa4-a97d-d965ccfc6d4b" outcome="Passed" testListId="53c6b84a-6f6f-4846-9f13-0859909ef907" />
    <UnitTestResult executionId="c2594efd-ca24-41bf-9e19-aeada072de6e" testId="b2939e24-9700-4d52-b5f0-1237a663402a" testName="Test6149" computerName="UA-LPT-OGA2" duration="00:00:00.7350000" startTime="2025-05-14T13:20:31.3146610Z" endTime="2025-05-14T13:25:31.3147553Z" testType="13cdc9d9-ddb5-4fa4-a97d-d965ccfc6d4b" outcome="Passed" testListId="53c6b84a-6f6f-4846-9f13-0859909ef907" />
    <UnitTestResult executionId="61475162-5ebb-49e5-85df-eea2a7da19ec" testId="cdc30c0e-2b2b-4529-b615-bbdc0e58f5df" testName="Test6150" computerName="UA-LPT-OGA2" duration="00:00:01.6840000" startTime="2025-05-14T13:20:31.3146610Z" endTime="2025-05-14T13:25:31.3147553Z" testType="13cdc9d9-ddb5-4fa4-a97d-d965ccfc6d4b" outcome="Passed" testListId="53c6b84a-6f6f-4846-9f13-0859909ef907" />
    <UnitTestResult executionId="adca5f02-9d9b-41b0-9cf2-e892abed9209" testId="96f1200a-2d8e-4b09-8117-cb6955e69a5d" testName="Test6151" computerName="UA-LPT-OGA2" duration="00:00:01.5120000" startTime="2025-05-14T13:20:31.3146610Z" endTime="2025-05-14T13:25:31.3147553Z" testType="13cdc9d9-ddb5-4fa4-a97d-d965ccfc6d4b" outcome="Passed" testListId="53c6b84a-6f6f-4846-9f13-0859909ef907" />
    <UnitTestResult executionId="d5b04a1d-3a7d-4b85-91d8-f57fd8ee5eb8" testId="d08e84b4-789d-4fed-ba2f-9b357feba8d1" testName="Test6152" computerName="UA-LPT-OGA2" duration="00:00:01.7240000" startTime="2025-05-14T13:20:31.3146610Z" endTime="2025-05-14T13:25:31.3147553Z" testType="13cdc9d9-ddb5-4fa4-a97d-d965ccfc6d4b" outcome="Passed" testListId="53c6b84a-6f6f-4846-9f13-0859909ef907" />
    <UnitTestResult executionId="7486ec42-e0cd-4eea-8a27-5ccefb6b8e8d" testId="13868c25-f8ea-410d-8380-e249e3b2fe79" testName="Test6153" computerName="UA-LPT-OGA2" duration="00:00:01.9180000" startTime="2025-05-14T13:20:31.3146610Z" endTime="2025-05-14T13:25:31.3147553Z" testType="13cdc9d9-ddb5-4fa4-a97d-d965ccfc6d4b" outcome="Passed" testListId="53c6b84a-6f6f-4846-9f13-0859909ef907" />
    <UnitTestResult executionId="2566d6d9-b23e-4bf0-95dd-367940863884" testId="655397f9-afa0-4d15-8800-2d33a619855f" testName="Test6154" computerName="UA-LPT-OGA2" duration="00:00:00.6500000" startTime="2025-05-14T13:20:31.3146610Z" endTime="2025-05-14T13:25:31.3147553Z" testType="13cdc9d9-ddb5-4fa4-a97d-d965ccfc6d4b" outcome="Passed" testListId="53c6b84a-6f6f-4846-9f13-0859909ef907" />
    <UnitTestResult executionId="6638a65c-3a2c-4beb-8419-cc58329d5bef" testId="ea6cae0a-76ee-4606-9779-936bce9ccb44" testName="Test6155" computerName="UA-LPT-OGA2" duration="00:00:01.8700000" startTime="2025-05-14T13:20:31.3146610Z" endTime="2025-05-14T13:25:31.3147553Z" testType="13cdc9d9-ddb5-4fa4-a97d-d965ccfc6d4b" outcome="Passed" testListId="53c6b84a-6f6f-4846-9f13-0859909ef907" />
    <UnitTestResult executionId="16cb1839-008d-4171-bd7c-01da13a9ab7e" testId="0ba652cd-cc89-4fe2-b889-8ce959f415d5" testName="Test6156" computerName="UA-LPT-OGA2" duration="00:00:00.2130000" startTime="2025-05-14T13:20:31.3146610Z" endTime="2025-05-14T13:25:31.3147553Z" testType="13cdc9d9-ddb5-4fa4-a97d-d965ccfc6d4b" outcome="Passed" testListId="53c6b84a-6f6f-4846-9f13-0859909ef907" />
    <UnitTestResult executionId="07134bca-f9df-44dc-913b-a9fa3d189411" testId="2ad80df4-957c-4e77-8bdb-0473403385bb" testName="Test6157" computerName="UA-LPT-OGA2" duration="00:00:00.8120000" startTime="2025-05-14T13:20:31.3146610Z" endTime="2025-05-14T13:25:31.3147553Z" testType="13cdc9d9-ddb5-4fa4-a97d-d965ccfc6d4b" outcome="Passed" testListId="53c6b84a-6f6f-4846-9f13-0859909ef907" />
    <UnitTestResult executionId="cb0a825f-1c85-4037-8343-85fdce6fa2f0" testId="5aeda8f9-080d-4338-a915-1aba3db9fda0" testName="Test6158" computerName="UA-LPT-OGA2" duration="00:00:00.6140000" startTime="2025-05-14T13:20:31.3146610Z" endTime="2025-05-14T13:25:31.3147553Z" testType="13cdc9d9-ddb5-4fa4-a97d-d965ccfc6d4b" outcome="Passed" testListId="53c6b84a-6f6f-4846-9f13-0859909ef907" />
    <UnitTestResult executionId="ab9d42d0-017d-4848-b312-aee636439f95" testId="b78200b4-ae58-4672-965f-f867995ebd3c" testName="Test6159" computerName="UA-LPT-OGA2" duration="00:00:00.6340000" startTime="2025-05-14T13:20:31.3146610Z" endTime="2025-05-14T13:25:31.3147553Z" testType="13cdc9d9-ddb5-4fa4-a97d-d965ccfc6d4b" outcome="Passed" testListId="53c6b84a-6f6f-4846-9f13-0859909ef907" />
    <UnitTestResult executionId="11977761-49e2-441e-98f6-47b1af8f9aa9" testId="1265ebb3-9fe3-400e-aab0-0040908477ca" testName="Test6160" computerName="UA-LPT-OGA2" duration="00:00:01.8340000" startTime="2025-05-14T13:20:31.3146610Z" endTime="2025-05-14T13:25:31.3147553Z" testType="13cdc9d9-ddb5-4fa4-a97d-d965ccfc6d4b" outcome="Passed" testListId="53c6b84a-6f6f-4846-9f13-0859909ef907" />
    <UnitTestResult executionId="76463847-32bf-4b2a-99de-1894695324e1" testId="6cdd2f06-5b33-4221-b5f9-69a186aee7a3" testName="Test6161" computerName="UA-LPT-OGA2" duration="00:00:01.1270000" startTime="2025-05-14T13:20:31.3146610Z" endTime="2025-05-14T13:25:31.3147553Z" testType="13cdc9d9-ddb5-4fa4-a97d-d965ccfc6d4b" outcome="Passed" testListId="53c6b84a-6f6f-4846-9f13-0859909ef907" />
    <UnitTestResult executionId="bce28611-ec8b-49a8-9346-054073bcaf45" testId="74221c48-2641-416f-9221-be069f6d62ee" testName="Test6162" computerName="UA-LPT-OGA2" duration="00:00:01.1070000" startTime="2025-05-14T13:20:31.3146610Z" endTime="2025-05-14T13:25:31.3147553Z" testType="13cdc9d9-ddb5-4fa4-a97d-d965ccfc6d4b" outcome="Passed" testListId="53c6b84a-6f6f-4846-9f13-0859909ef907" />
    <UnitTestResult executionId="9c2b983b-b00d-4616-a43d-9a23522ad032" testId="23a4d250-08f7-488b-b0ed-29e8bbbdf141" testName="Test6163" computerName="UA-LPT-OGA2" duration="00:00:00.1770000" startTime="2025-05-14T13:20:31.3146610Z" endTime="2025-05-14T13:25:31.3147553Z" testType="13cdc9d9-ddb5-4fa4-a97d-d965ccfc6d4b" outcome="Passed" testListId="53c6b84a-6f6f-4846-9f13-0859909ef907" />
    <UnitTestResult executionId="e0b03664-42c7-406a-8ed1-86c1e096f294" testId="a27b405a-94fc-47bb-a25c-74e44b57b8b8" testName="Test6164" computerName="UA-LPT-OGA2" duration="00:00:00.0920000" startTime="2025-05-14T13:20:31.3146610Z" endTime="2025-05-14T13:25:31.3147553Z" testType="13cdc9d9-ddb5-4fa4-a97d-d965ccfc6d4b" outcome="Passed" testListId="53c6b84a-6f6f-4846-9f13-0859909ef907" />
    <UnitTestResult executionId="581aa4b1-5118-423d-a51b-e7a318da6e92" testId="4e4d402d-99b6-4cf5-b90c-36699c366855" testName="Test6165" computerName="UA-LPT-OGA2" duration="00:00:01.9350000" startTime="2025-05-14T13:20:31.3146610Z" endTime="2025-05-14T13:25:31.3147553Z" testType="13cdc9d9-ddb5-4fa4-a97d-d965ccfc6d4b" outcome="Passed" testListId="53c6b84a-6f6f-4846-9f13-0859909ef907" />
    <UnitTestResult executionId="d4ab084f-84a4-46bc-bd34-086e043461fe" testId="ea23f31e-c77d-403d-a98c-85a0ed71f9a3" testName="Test6166" computerName="UA-LPT-OGA2" duration="00:00:01.3290000" startTime="2025-05-14T13:20:31.3146610Z" endTime="2025-05-14T13:25:31.3147553Z" testType="13cdc9d9-ddb5-4fa4-a97d-d965ccfc6d4b" outcome="Passed" testListId="53c6b84a-6f6f-4846-9f13-0859909ef907" />
    <UnitTestResult executionId="46322ee0-ea69-4b7e-8664-62182ad175e2" testId="e43829ce-6256-4d4c-8afe-1f0962e2a8b8" testName="Test6167" computerName="UA-LPT-OGA2" duration="00:00:01.5130000" startTime="2025-05-14T13:20:31.3146610Z" endTime="2025-05-14T13:25:31.3147553Z" testType="13cdc9d9-ddb5-4fa4-a97d-d965ccfc6d4b" outcome="Passed" testListId="53c6b84a-6f6f-4846-9f13-0859909ef907" />
    <UnitTestResult executionId="c557ca3f-4fd4-4d77-aa84-42185dfec995" testId="81094b5f-7004-4a63-86ae-99a77ceaeae4" testName="Test6168" computerName="UA-LPT-OGA2" duration="00:00:01.2920000" startTime="2025-05-14T13:20:31.3146610Z" endTime="2025-05-14T13:25:31.3147553Z" testType="13cdc9d9-ddb5-4fa4-a97d-d965ccfc6d4b" outcome="Passed" testListId="53c6b84a-6f6f-4846-9f13-0859909ef907" />
    <UnitTestResult executionId="ae5d537e-0cc9-46b9-89a0-78e3c5909c77" testId="fd0becf3-6d47-4e0e-8127-bdb49148898b" testName="Test6169" computerName="UA-LPT-OGA2" duration="00:00:00.4490000" startTime="2025-05-14T13:20:31.3146610Z" endTime="2025-05-14T13:25:31.3147553Z" testType="13cdc9d9-ddb5-4fa4-a97d-d965ccfc6d4b" outcome="Passed" testListId="53c6b84a-6f6f-4846-9f13-0859909ef907" />
    <UnitTestResult executionId="2e596910-2b72-46f4-a120-4a0194c61ee1" testId="d45e774f-1bca-4df7-9a46-4900f6877bc3" testName="Test6170" computerName="UA-LPT-OGA2" duration="00:00:00.6890000" startTime="2025-05-14T13:20:31.3146610Z" endTime="2025-05-14T13:25:31.3147553Z" testType="13cdc9d9-ddb5-4fa4-a97d-d965ccfc6d4b" outcome="Passed" testListId="53c6b84a-6f6f-4846-9f13-0859909ef907" />
    <UnitTestResult executionId="9acdf927-25fb-4e05-9fe9-3f77caa241a6" testId="62dcd77e-f275-41ed-8376-8c4578a167c3" testName="Test6171" computerName="UA-LPT-OGA2" duration="00:00:01.2300000" startTime="2025-05-14T13:20:31.3146610Z" endTime="2025-05-14T13:25:31.3147553Z" testType="13cdc9d9-ddb5-4fa4-a97d-d965ccfc6d4b" outcome="Passed" testListId="53c6b84a-6f6f-4846-9f13-0859909ef907" />
    <UnitTestResult executionId="41332271-53e4-4c99-abc8-dc1eab55b92a" testId="b899ef0f-2bb1-482b-8e18-f9c9916a940b" testName="Test6172" computerName="UA-LPT-OGA2" duration="00:00:00.9310000" startTime="2025-05-14T13:20:31.3146610Z" endTime="2025-05-14T13:25:31.3147553Z" testType="13cdc9d9-ddb5-4fa4-a97d-d965ccfc6d4b" outcome="Passed" testListId="53c6b84a-6f6f-4846-9f13-0859909ef907" />
    <UnitTestResult executionId="8618e8ef-355f-40d5-88c8-2890ad83a912" testId="734c2707-641f-45f6-b80c-569459989d75" testName="Test6173" computerName="UA-LPT-OGA2" duration="00:00:01.4170000" startTime="2025-05-14T13:20:31.3146610Z" endTime="2025-05-14T13:25:31.3147553Z" testType="13cdc9d9-ddb5-4fa4-a97d-d965ccfc6d4b" outcome="Passed" testListId="53c6b84a-6f6f-4846-9f13-0859909ef907" />
    <UnitTestResult executionId="33ba225b-dfbc-48d0-98c0-47afd4a9af13" testId="c077431e-1039-43de-9d01-2db73bff6a18" testName="Test6174" computerName="UA-LPT-OGA2" duration="00:00:01.5380000" startTime="2025-05-14T13:20:31.3146610Z" endTime="2025-05-14T13:25:31.3147553Z" testType="13cdc9d9-ddb5-4fa4-a97d-d965ccfc6d4b" outcome="Passed" testListId="53c6b84a-6f6f-4846-9f13-0859909ef907" />
    <UnitTestResult executionId="5333e762-6710-4b49-a7ce-8078bc0a8296" testId="d83f084b-9673-4c52-a142-b427b27cc84e" testName="Test6175" computerName="UA-LPT-OGA2" duration="00:00:00.4660000" startTime="2025-05-14T13:20:31.3146610Z" endTime="2025-05-14T13:25:31.3147553Z" testType="13cdc9d9-ddb5-4fa4-a97d-d965ccfc6d4b" outcome="Failed" testListId="53c6b84a-6f6f-4846-9f13-0859909ef907">
      <Output>
        <ErrorInfo>
          <Message>Assertion failed: Expected value did not match actual value.</Message>
          <StackTrace>   at TestNamespace.TestClass.Test() in TestClass.cs:line 38</StackTrace>
        </ErrorInfo>
      </Output>
    </UnitTestResult>
    <UnitTestResult executionId="b34601df-7e12-4487-8726-75160cd2a2cf" testId="da1f1af2-07ee-481a-a4c7-850f2da38ee6" testName="Test6176" computerName="UA-LPT-OGA2" duration="00:00:00.6100000" startTime="2025-05-14T13:20:31.3146610Z" endTime="2025-05-14T13:25:31.3147553Z" testType="13cdc9d9-ddb5-4fa4-a97d-d965ccfc6d4b" outcome="Passed" testListId="53c6b84a-6f6f-4846-9f13-0859909ef907" />
    <UnitTestResult executionId="ae3ba9f4-b32e-4fc4-b4fb-70a84ec11255" testId="8650f20f-c973-419a-b3d2-24d197a6b830" testName="Test6177" computerName="UA-LPT-OGA2" duration="00:00:00.3890000" startTime="2025-05-14T13:20:31.3146610Z" endTime="2025-05-14T13:25:31.3147553Z" testType="13cdc9d9-ddb5-4fa4-a97d-d965ccfc6d4b" outcome="Passed" testListId="53c6b84a-6f6f-4846-9f13-0859909ef907" />
    <UnitTestResult executionId="15805576-67ee-47b2-9279-f27e3fb7ccac" testId="d98f5e01-460d-4832-9ac2-bd5d0f8fbc21" testName="Test6178" computerName="UA-LPT-OGA2" duration="00:00:01.1730000" startTime="2025-05-14T13:20:31.3146610Z" endTime="2025-05-14T13:25:31.3147553Z" testType="13cdc9d9-ddb5-4fa4-a97d-d965ccfc6d4b" outcome="Passed" testListId="53c6b84a-6f6f-4846-9f13-0859909ef907" />
    <UnitTestResult executionId="afcccac7-0bbf-48be-b1b0-00248f20f92a" testId="7dc3b67d-2056-47c9-a0e7-da215f6a6969" testName="Test6179" computerName="UA-LPT-OGA2" duration="00:00:01.1400000" startTime="2025-05-14T13:20:31.3146610Z" endTime="2025-05-14T13:25:31.3147553Z" testType="13cdc9d9-ddb5-4fa4-a97d-d965ccfc6d4b" outcome="Failed" testListId="53c6b84a-6f6f-4846-9f13-0859909ef907">
      <Output>
        <ErrorInfo>
          <Message>Assertion failed: Expected value did not match actual value.</Message>
          <StackTrace>   at TestNamespace.TestClass.Test() in TestClass.cs:line 119</StackTrace>
        </ErrorInfo>
      </Output>
    </UnitTestResult>
    <UnitTestResult executionId="bbdac50e-2d1a-47e1-8a16-53cdfacb8aa8" testId="c0f44a08-5318-4afa-84ac-acbdbd80d55f" testName="Test6180" computerName="UA-LPT-OGA2" duration="00:00:01.5130000" startTime="2025-05-14T13:20:31.3146610Z" endTime="2025-05-14T13:25:31.3147553Z" testType="13cdc9d9-ddb5-4fa4-a97d-d965ccfc6d4b" outcome="Passed" testListId="53c6b84a-6f6f-4846-9f13-0859909ef907" />
    <UnitTestResult executionId="0a0da2e8-9081-4dd7-9005-33a53d8a6b63" testId="2e38cdec-18e0-41bd-885d-f62333557199" testName="Test6181" computerName="UA-LPT-OGA2" duration="00:00:01.9380000" startTime="2025-05-14T13:20:31.3146610Z" endTime="2025-05-14T13:25:31.3147553Z" testType="13cdc9d9-ddb5-4fa4-a97d-d965ccfc6d4b" outcome="Passed" testListId="53c6b84a-6f6f-4846-9f13-0859909ef907" />
    <UnitTestResult executionId="31155b8a-a8ad-443e-a59d-f862f7c32ca4" testId="ea2ddb68-b038-4fe3-b205-52b267c5c923" testName="Test6182" computerName="UA-LPT-OGA2" duration="00:00:01.7990000" startTime="2025-05-14T13:20:31.3146610Z" endTime="2025-05-14T13:25:31.3147553Z" testType="13cdc9d9-ddb5-4fa4-a97d-d965ccfc6d4b" outcome="Passed" testListId="53c6b84a-6f6f-4846-9f13-0859909ef907" />
    <UnitTestResult executionId="4a950eb5-856d-473a-b1d6-a1059503ccb0" testId="f52507a9-1383-4209-9016-31956bb03a4a" testName="Test6183" computerName="UA-LPT-OGA2" duration="00:00:00.0460000" startTime="2025-05-14T13:20:31.3146610Z" endTime="2025-05-14T13:25:31.3147553Z" testType="13cdc9d9-ddb5-4fa4-a97d-d965ccfc6d4b" outcome="Passed" testListId="53c6b84a-6f6f-4846-9f13-0859909ef907" />
    <UnitTestResult executionId="870bf357-d460-435c-a5ed-62fa293e7af4" testId="20bae909-855b-498e-a0e3-ff66624b3227" testName="Test6184" computerName="UA-LPT-OGA2" duration="00:00:01.0650000" startTime="2025-05-14T13:20:31.3146610Z" endTime="2025-05-14T13:25:31.3147553Z" testType="13cdc9d9-ddb5-4fa4-a97d-d965ccfc6d4b" outcome="Passed" testListId="53c6b84a-6f6f-4846-9f13-0859909ef907" />
    <UnitTestResult executionId="99786aa2-4ae9-4331-83a2-9209bafcaf7e" testId="608cfae4-dbaa-438a-9181-6f4a27e13bae" testName="Test6185" computerName="UA-LPT-OGA2" duration="00:00:01.9520000" startTime="2025-05-14T13:20:31.3146610Z" endTime="2025-05-14T13:25:31.3147553Z" testType="13cdc9d9-ddb5-4fa4-a97d-d965ccfc6d4b" outcome="Passed" testListId="53c6b84a-6f6f-4846-9f13-0859909ef907" />
    <UnitTestResult executionId="759dddc2-617a-4d27-8a2c-66268dc4d084" testId="72c27669-d979-4765-b97c-d3ab7df87eca" testName="Test6186" computerName="UA-LPT-OGA2" duration="00:00:01.6920000" startTime="2025-05-14T13:20:31.3146610Z" endTime="2025-05-14T13:25:31.3147553Z" testType="13cdc9d9-ddb5-4fa4-a97d-d965ccfc6d4b" outcome="Passed" testListId="53c6b84a-6f6f-4846-9f13-0859909ef907" />
    <UnitTestResult executionId="9b03326a-3e71-4e4d-b55b-b43d472c4712" testId="accd7768-96c8-4ce0-95d7-7c3de2a62044" testName="Test6187" computerName="UA-LPT-OGA2" duration="00:00:00.5970000" startTime="2025-05-14T13:20:31.3146610Z" endTime="2025-05-14T13:25:31.3147553Z" testType="13cdc9d9-ddb5-4fa4-a97d-d965ccfc6d4b" outcome="Passed" testListId="53c6b84a-6f6f-4846-9f13-0859909ef907" />
    <UnitTestResult executionId="371dbf30-cd25-49c7-805b-c6ac5d168577" testId="2355ad78-cada-4335-91ac-4d574fde9cdd" testName="Test6188" computerName="UA-LPT-OGA2" duration="00:00:00.0970000" startTime="2025-05-14T13:20:31.3146610Z" endTime="2025-05-14T13:25:31.3147553Z" testType="13cdc9d9-ddb5-4fa4-a97d-d965ccfc6d4b" outcome="Passed" testListId="53c6b84a-6f6f-4846-9f13-0859909ef907" />
    <UnitTestResult executionId="a40f9e11-1cd0-457b-a8e2-beaee06b1f61" testId="3ffdd194-8772-492c-b169-199a024ab4e2" testName="Test6189" computerName="UA-LPT-OGA2" duration="00:00:00.0210000" startTime="2025-05-14T13:20:31.3146610Z" endTime="2025-05-14T13:25:31.3147553Z" testType="13cdc9d9-ddb5-4fa4-a97d-d965ccfc6d4b" outcome="Passed" testListId="53c6b84a-6f6f-4846-9f13-0859909ef907" />
    <UnitTestResult executionId="4ce0b267-7ca8-4647-9f0c-34c27927f317" testId="d8acc65c-e498-4648-b077-856581aaf39c" testName="Test6190" computerName="UA-LPT-OGA2" duration="00:00:00.2590000" startTime="2025-05-14T13:20:31.3146610Z" endTime="2025-05-14T13:25:31.3147553Z" testType="13cdc9d9-ddb5-4fa4-a97d-d965ccfc6d4b" outcome="Passed" testListId="53c6b84a-6f6f-4846-9f13-0859909ef907" />
    <UnitTestResult executionId="a241e356-bc5c-4fcb-ad2a-ddd3d942080d" testId="25678ab0-bfbe-43ac-8b5a-44c7baef3e19" testName="Test6191" computerName="UA-LPT-OGA2" duration="00:00:00.9050000" startTime="2025-05-14T13:20:31.3146610Z" endTime="2025-05-14T13:25:31.3147553Z" testType="13cdc9d9-ddb5-4fa4-a97d-d965ccfc6d4b" outcome="Failed" testListId="53c6b84a-6f6f-4846-9f13-0859909ef907">
      <Output>
        <ErrorInfo>
          <Message>Assertion failed: Expected value did not match actual value.</Message>
          <StackTrace>   at TestNamespace.TestClass.Test() in TestClass.cs:line 85</StackTrace>
        </ErrorInfo>
      </Output>
    </UnitTestResult>
    <UnitTestResult executionId="c290e2f3-42b8-4e66-8ece-b4e6176580ea" testId="a64d3c20-b7e8-42b8-befb-27a348840291" testName="Test6192" computerName="UA-LPT-OGA2" duration="00:00:00.5480000" startTime="2025-05-14T13:20:31.3146610Z" endTime="2025-05-14T13:25:31.3147553Z" testType="13cdc9d9-ddb5-4fa4-a97d-d965ccfc6d4b" outcome="Passed" testListId="53c6b84a-6f6f-4846-9f13-0859909ef907" />
    <UnitTestResult executionId="9be9c5ff-74e2-453f-b724-729c970d2fbc" testId="2165f6bc-f308-4f2a-ad85-0e7b889e2f58" testName="Test6193" computerName="UA-LPT-OGA2" duration="00:00:01.3560000" startTime="2025-05-14T13:20:31.3146610Z" endTime="2025-05-14T13:25:31.3147553Z" testType="13cdc9d9-ddb5-4fa4-a97d-d965ccfc6d4b" outcome="Passed" testListId="53c6b84a-6f6f-4846-9f13-0859909ef907" />
    <UnitTestResult executionId="5ede34bf-b860-4a0a-973b-2570756813a8" testId="62e41eff-5fbb-41d6-bff4-af916d9c4820" testName="Test6194" computerName="UA-LPT-OGA2" duration="00:00:01.3330000" startTime="2025-05-14T13:20:31.3146610Z" endTime="2025-05-14T13:25:31.3147553Z" testType="13cdc9d9-ddb5-4fa4-a97d-d965ccfc6d4b" outcome="Passed" testListId="53c6b84a-6f6f-4846-9f13-0859909ef907" />
    <UnitTestResult executionId="e44a60aa-27e6-4cca-a9a3-6b7bb3721cc9" testId="109b442f-fd60-419d-a954-bf3520913a23" testName="Test6195" computerName="UA-LPT-OGA2" duration="00:00:01.8090000" startTime="2025-05-14T13:20:31.3146610Z" endTime="2025-05-14T13:25:31.3147553Z" testType="13cdc9d9-ddb5-4fa4-a97d-d965ccfc6d4b" outcome="Passed" testListId="53c6b84a-6f6f-4846-9f13-0859909ef907" />
    <UnitTestResult executionId="0b64232f-0a24-4933-a852-aa5554df728f" testId="d41fa4dd-2017-42d1-9ed8-fc351196e919" testName="Test6196" computerName="UA-LPT-OGA2" duration="00:00:01.7590000" startTime="2025-05-14T13:20:31.3146610Z" endTime="2025-05-14T13:25:31.3147553Z" testType="13cdc9d9-ddb5-4fa4-a97d-d965ccfc6d4b" outcome="Passed" testListId="53c6b84a-6f6f-4846-9f13-0859909ef907" />
    <UnitTestResult executionId="70d5de4a-428f-48ce-8a17-96e2de7b1ee9" testId="aadf5c05-f925-4a2a-aa19-e28e559c1656" testName="Test6197" computerName="UA-LPT-OGA2" duration="00:00:01.0000000" startTime="2025-05-14T13:20:31.3146610Z" endTime="2025-05-14T13:25:31.3147553Z" testType="13cdc9d9-ddb5-4fa4-a97d-d965ccfc6d4b" outcome="Passed" testListId="53c6b84a-6f6f-4846-9f13-0859909ef907" />
    <UnitTestResult executionId="1ee7c5be-77f1-4981-9dd2-bf41392ac3ef" testId="b284c871-10d2-4aff-84cd-dffac9dcd148" testName="Test6198" computerName="UA-LPT-OGA2" duration="00:00:00.8040000" startTime="2025-05-14T13:20:31.3146610Z" endTime="2025-05-14T13:25:31.3147553Z" testType="13cdc9d9-ddb5-4fa4-a97d-d965ccfc6d4b" outcome="Passed" testListId="53c6b84a-6f6f-4846-9f13-0859909ef907" />
    <UnitTestResult executionId="ca108e1b-2f28-4659-b28c-ac69050a1fe2" testId="5f6083ca-3db0-4623-a5e1-a35c0a488960" testName="Test6199" computerName="UA-LPT-OGA2" duration="00:00:00.8770000" startTime="2025-05-14T13:20:31.3146610Z" endTime="2025-05-14T13:25:31.3147553Z" testType="13cdc9d9-ddb5-4fa4-a97d-d965ccfc6d4b" outcome="Passed" testListId="53c6b84a-6f6f-4846-9f13-0859909ef907" />
    <UnitTestResult executionId="fba9b829-3f9d-4447-99f8-1fa3e9d73aaf" testId="cee012cc-2f15-427a-89fb-99faf1b5191e" testName="Test6200" computerName="UA-LPT-OGA2" duration="00:00:01.2440000" startTime="2025-05-14T13:20:31.3146610Z" endTime="2025-05-14T13:25:31.3147553Z" testType="13cdc9d9-ddb5-4fa4-a97d-d965ccfc6d4b" outcome="Passed" testListId="53c6b84a-6f6f-4846-9f13-0859909ef907" />
  </Results>
  <TestDefinitions>
    <UnitTest name="Test6101" id="235e6984-760e-49fb-bc58-51b486df71d7" storage="TestAssembly.dll">
      <Execution id="596cc1a8-3374-48c7-9efa-15c33a1bd84c" />
      <TestMethod codeBase="TestAssembly.dll" className="TestNamespace.TestClass1" name="Test6101" />
    </UnitTest>
    <UnitTest name="Test6102" id="771db76e-4551-46fe-9fa5-f1ecdfbebf77" storage="TestAssembly.dll">
      <Execution id="49cb9223-3269-4cfd-b969-03cb1fbd42a0" />
      <TestMethod codeBase="TestAssembly.dll" className="TestNamespace.TestClass1" name="Test6102" />
    </UnitTest>
    <UnitTest name="Test6103" id="7c5ec12e-9fd7-4c69-bbaa-7ea91730d587" storage="TestAssembly.dll">
      <Execution id="00e68e1d-fbc8-4f9b-b585-32583f0b718d" />
      <TestMethod codeBase="TestAssembly.dll" className="TestNamespace.TestClass1" name="Test6103" />
    </UnitTest>
    <UnitTest name="Test6104" id="12475fe2-7f8c-477e-8451-ba2285f1b39e" storage="TestAssembly.dll">
      <Execution id="affff20c-e75a-4525-9c29-b033cc2de0d2" />
      <TestMethod codeBase="TestAssembly.dll" className="TestNamespace.TestClass1" name="Test6104" />
    </UnitTest>
    <UnitTest name="Test6105" id="cb19d74b-b136-4ba1-b9a9-c36bc104646d" storage="TestAssembly.dll">
      <Execution id="4d9252c9-0d1f-4564-88ab-c64d560db077" />
      <TestMethod codeBase="TestAssembly.dll" className="TestNamespace.TestClass1" name="Test6105" />
    </UnitTest>
    <UnitTest name="Test6106" id="09f22121-affe-4f90-aaeb-24c8ce4c8adf" storage="TestAssembly.dll">
      <Execution id="879b9e9c-fa25-497c-8783-b4c8ede3c152" />
      <TestMethod codeBase="TestAssembly.dll" className="TestNamespace.TestClass1" name="Test6106" />
    </UnitTest>
    <UnitTest name="Test6107" id="39ab24be-d0f9-4b5a-bfa8-4874e9675eab" storage="TestAssembly.dll">
      <Execution id="6d8fd73a-f26f-4cbe-a02d-f85bcaed1aba" />
      <TestMethod codeBase="TestAssembly.dll" className="TestNamespace.TestClass1" name="Test6107" />
    </UnitTest>
    <UnitTest name="Test6108" id="e8d82f6e-2b86-4840-ac01-a07a29efae71" storage="TestAssembly.dll">
      <Execution id="5da94c78-0292-474e-b69f-9bd0697a8956" />
      <TestMethod codeBase="TestAssembly.dll" className="TestNamespace.TestClass1" name="Test6108" />
    </UnitTest>
    <UnitTest name="Test6109" id="d2238b63-afd8-4693-9740-ed86cf8c5031" storage="TestAssembly.dll">
      <Execution id="aea39aa2-ac15-400d-8b2a-c55b301ba538" />
      <TestMethod codeBase="TestAssembly.dll" className="TestNamespace.TestClass1" name="Test6109" />
    </UnitTest>
    <UnitTest name="Test6110" id="6772bdb9-8cd5-4279-83cc-cf4b2eaeac05" storage="TestAssembly.dll">
      <Execution id="23f65ad0-938b-4d43-b4f3-b15eeae2eabc" />
      <TestMethod codeBase="TestAssembly.dll" className="TestNamespace.TestClass1" name="Test6110" />
    </UnitTest>
    <UnitTest name="Test6111" id="f02bcbc9-80e8-4776-9f56-88aacd0194df" storage="TestAssembly.dll">
      <Execution id="06a82df2-746a-4373-8d66-58cc0701f67d" />
      <TestMethod codeBase="TestAssembly.dll" className="TestNamespace.TestClass2" name="Test6111" />
    </UnitTest>
    <UnitTest name="Test6112" id="8ac0c4f5-5e7d-4aad-87c4-90f69d09cd05" storage="TestAssembly.dll">
      <Execution id="83a82263-0f34-4074-a0fe-d1e2ee951c5b" />
      <TestMethod codeBase="TestAssembly.dll" className="TestNamespace.TestClass2" name="Test6112" />
    </UnitTest>
    <UnitTest name="Test6113" id="7befd5bb-c04e-41a6-926a-e717c9c73443" storage="TestAssembly.dll">
      <Execution id="cdf33b7b-8a36-45f3-889f-3f63d629af27" />
      <TestMethod codeBase="TestAssembly.dll" className="TestNamespace.TestClass2" name="Test6113" />
    </UnitTest>
    <UnitTest name="Test6114" id="0dbf376b-5791-49a0-9179-cdf672eb322e" storage="TestAssembly.dll">
      <Execution id="66321ba2-97bc-48e9-8919-d3d34ed24892" />
      <TestMethod codeBase="TestAssembly.dll" className="TestNamespace.TestClass2" name="Test6114" />
    </UnitTest>
    <UnitTest name="Test6115" id="ac85a4b5-87cd-45bb-867a-83faf4e3b782" storage="TestAssembly.dll">
      <Execution id="aadf9109-6e48-46ae-b1d7-58619a43c653" />
      <TestMethod codeBase="TestAssembly.dll" className="TestNamespace.TestClass2" name="Test6115" />
    </UnitTest>
    <UnitTest name="Test6116" id="fe6bbffd-a93c-48f0-9f8b-c92105356ab7" storage="TestAssembly.dll">
      <Execution id="e51ca57d-d85e-43ff-a47b-767a796e9c7d" />
      <TestMethod codeBase="TestAssembly.dll" className="TestNamespace.TestClass2" name="Test6116" />
    </UnitTest>
    <UnitTest name="Test6117" id="bf05302d-88e2-4cd7-b028-3b7fff0c03a0" storage="TestAssembly.dll">
      <Execution id="7c3ab027-6830-47ce-a106-6e1962f38b01" />
      <TestMethod codeBase="TestAssembly.dll" className="TestNamespace.TestClass2" name="Test6117" />
    </UnitTest>
    <UnitTest name="Test6118" id="6dd77b25-3907-4e88-aae2-a811e473d3bf" storage="TestAssembly.dll">
      <Execution id="da67d8c7-5491-4f5e-b902-5c1bbeb46a2f" />
      <TestMethod codeBase="TestAssembly.dll" className="TestNamespace.TestClass2" name="Test6118" />
    </UnitTest>
    <UnitTest name="Test6119" id="da1436c2-83d2-44b6-9c45-3cf5813a6a43" storage="TestAssembly.dll">
      <Execution id="0ac594fc-f635-4404-8087-5bb85b6c3fe6" />
      <TestMethod codeBase="TestAssembly.dll" className="TestNamespace.TestClass2" name="Test6119" />
    </UnitTest>
    <UnitTest name="Test6120" id="77c06ec7-e0f6-4f64-9d8a-210caddc718d" storage="TestAssembly.dll">
      <Execution id="aad73ed5-3f73-4102-934d-de8aa874746d" />
      <TestMethod codeBase="TestAssembly.dll" className="TestNamespace.TestClass2" name="Test6120" />
    </UnitTest>
    <UnitTest name="Test6121" id="75f6fa27-4572-4853-bafe-bea28c909ff7" storage="TestAssembly.dll">
      <Execution id="79f7175e-058a-4f5c-8d18-8f8765ff94d0" />
      <TestMethod codeBase="TestAssembly.dll" className="TestNamespace.TestClass3" name="Test6121" />
    </UnitTest>
    <UnitTest name="Test6122" id="952a85d6-be97-4bd1-b584-3827e3b9f9e1" storage="TestAssembly.dll">
      <Execution id="b0f8a80b-ebae-4882-9a08-d7a40e116e36" />
      <TestMethod codeBase="TestAssembly.dll" className="TestNamespace.TestClass3" name="Test6122" />
    </UnitTest>
    <UnitTest name="Test6123" id="bca898f8-439b-4156-b449-7f5e6a49060c" storage="TestAssembly.dll">
      <Execution id="4492ed79-9b73-4e0c-9a3a-cb2ed9b0c35b" />
      <TestMethod codeBase="TestAssembly.dll" className="TestNamespace.TestClass3" name="Test6123" />
    </UnitTest>
    <UnitTest name="Test6124" id="7d70e374-7a68-4dca-8b01-763c6aacfd51" storage="TestAssembly.dll">
      <Execution id="1ff9e914-fe14-47f9-a134-18d693b9582e" />
      <TestMethod codeBase="TestAssembly.dll" className="TestNamespace.TestClass3" name="Test6124" />
    </UnitTest>
    <UnitTest name="Test6125" id="9f38c628-8c67-4fcd-a3ba-331d5ee93c02" storage="TestAssembly.dll">
      <Execution id="523fd2e5-aaaf-4fcf-ad4f-6cbae394d719" />
      <TestMethod codeBase="TestAssembly.dll" className="TestNamespace.TestClass3" name="Test6125" />
    </UnitTest>
    <UnitTest name="Test6126" id="f2167dc3-2a58-4662-84ef-c7b484f1c922" storage="TestAssembly.dll">
      <Execution id="fbafecdd-25c0-4a3c-b42b-f48db1704ed3" />
      <TestMethod codeBase="TestAssembly.dll" className="TestNamespace.TestClass3" name="Test6126" />
    </UnitTest>
    <UnitTest name="Test6127" id="f94633e3-8313-4d01-b9bb-3f2ff50595f2" storage="TestAssembly.dll">
      <Execution id="370d97a5-e4c5-44ba-9efb-0be26c3357e3" />
      <TestMethod codeBase="TestAssembly.dll" className="TestNamespace.TestClass3" name="Test6127" />
    </UnitTest>
    <UnitTest name="Test6128" id="07f65550-e7ae-4985-8e1e-c6439fe1db1c" storage="TestAssembly.dll">
      <Execution id="b0e633de-3121-4aa6-a856-565437a8cb4e" />
      <TestMethod codeBase="TestAssembly.dll" className="TestNamespace.TestClass3" name="Test6128" />
    </UnitTest>
    <UnitTest name="Test6129" id="04b055e3-c37b-40a8-90e0-be1e3bfd7a87" storage="TestAssembly.dll">
      <Execution id="89a5f1eb-5221-4cf4-85e6-d10a35cdbcc3" />
      <TestMethod codeBase="TestAssembly.dll" className="TestNamespace.TestClass3" name="Test6129" />
    </UnitTest>
    <UnitTest name="Test6130" id="5459a899-ef5a-407c-9138-91bebbc1a944" storage="TestAssembly.dll">
      <Execution id="02692221-206b-48dd-b54b-61a0c1e8f09b" />
      <TestMethod codeBase="TestAssembly.dll" className="TestNamespace.TestClass3" name="Test6130" />
    </UnitTest>
    <UnitTest name="Test6131" id="3556ae05-77f3-4fe9-94eb-6164443aaf2a" storage="TestAssembly.dll">
      <Execution id="6347526e-5413-4d08-9ebe-690cc1a83bd2" />
      <TestMethod codeBase="TestAssembly.dll" className="TestNamespace.TestClass4" name="Test6131" />
    </UnitTest>
    <UnitTest name="Test6132" id="64718221-414a-4d14-987a-1ddf6d6e1c4e" storage="TestAssembly.dll">
      <Execution id="7281bf29-0d6f-4ed5-b68f-9e2461592798" />
      <TestMethod codeBase="TestAssembly.dll" className="TestNamespace.TestClass4" name="Test6132" />
    </UnitTest>
    <UnitTest name="Test6133" id="ab8745df-46c7-4a93-b946-7df8a99b29da" storage="TestAssembly.dll">
      <Execution id="35057d32-5e01-4ef3-b1d1-ab01017a7439" />
      <TestMethod codeBase="TestAssembly.dll" className="TestNamespace.TestClass4" name="Test6133" />
    </UnitTest>
    <UnitTest name="Test6134" id="fe433fa3-e768-4512-92cc-0a97f54ae422" storage="TestAssembly.dll">
      <Execution id="6fb3ff42-3be1-4c0d-b2c0-a2e368eb10a5" />
      <TestMethod codeBase="TestAssembly.dll" className="TestNamespace.TestClass4" name="Test6134" />
    </UnitTest>
    <UnitTest name="Test6135" id="f24aaf90-91fc-4024-86ab-f1f83a832b95" storage="TestAssembly.dll">
      <Execution id="c16fb857-e5a0-4f0d-afd8-9438343629e9" />
      <TestMethod codeBase="TestAssembly.dll" className="TestNamespace.TestClass4" name="Test6135" />
    </UnitTest>
    <UnitTest name="Test6136" id="976aaf7d-c874-4c85-8963-95f548ab42c6" storage="TestAssembly.dll">
      <Execution id="70ec39ce-290d-4654-9c02-7a676f58dcc7" />
      <TestMethod codeBase="TestAssembly.dll" className="TestNamespace.TestClass4" name="Test6136" />
    </UnitTest>
    <UnitTest name="Test6137" id="bd6dc097-7b83-4c1d-8968-5c5b5bf5c166" storage="TestAssembly.dll">
      <Execution id="8fe863e7-8cab-45cb-ab63-b95494b96d1f" />
      <TestMethod codeBase="TestAssembly.dll" className="TestNamespace.TestClass4" name="Test6137" />
    </UnitTest>
    <UnitTest name="Test6138" id="77b1a54b-3d01-4db7-81d6-694ce99c205e" storage="TestAssembly.dll">
      <Execution id="0c5923a4-754f-4017-bfae-7e780a9cb22e" />
      <TestMethod codeBase="TestAssembly.dll" className="TestNamespace.TestClass4" name="Test6138" />
    </UnitTest>
    <UnitTest name="Test6139" id="7e680ba8-39b5-48ac-a491-58d069911299" storage="TestAssembly.dll">
      <Execution id="cace9ba2-9d3c-4381-bd5c-40d2338a45bc" />
      <TestMethod codeBase="TestAssembly.dll" className="TestNamespace.TestClass4" name="Test6139" />
    </UnitTest>
    <UnitTest name="Test6140" id="7b751450-4e06-4dc0-878b-c03c50b2a23f" storage="TestAssembly.dll">
      <Execution id="baebaf51-4201-488a-9631-55b7553f1b1b" />
      <TestMethod codeBase="TestAssembly.dll" className="TestNamespace.TestClass4" name="Test6140" />
    </UnitTest>
    <UnitTest name="Test6141" id="0e23cc0b-3680-4676-8d6e-961d84353da6" storage="TestAssembly.dll">
      <Execution id="c8ba2965-f526-4737-9c7d-ae2b0f28831d" />
      <TestMethod codeBase="TestAssembly.dll" className="TestNamespace.TestClass5" name="Test6141" />
    </UnitTest>
    <UnitTest name="Test6142" id="e780e166-3f73-49e6-8f14-adebe453a396" storage="TestAssembly.dll">
      <Execution id="a4510ec6-ddbc-4e93-b581-95d05a28f3c2" />
      <TestMethod codeBase="TestAssembly.dll" className="TestNamespace.TestClass5" name="Test6142" />
    </UnitTest>
    <UnitTest name="Test6143" id="72cfa3b7-258b-4ac8-95f6-a62290086b91" storage="TestAssembly.dll">
      <Execution id="9e1c9e1f-64e0-43c7-a791-e0816e3b4a1c" />
      <TestMethod codeBase="TestAssembly.dll" className="TestNamespace.TestClass5" name="Test6143" />
    </UnitTest>
    <UnitTest name="Test6144" id="ef752fd8-f71a-44f4-92a9-849c5f84b166" storage="TestAssembly.dll">
      <Execution id="dc929236-355e-4b1c-ab62-2ab8c1396ee9" />
      <TestMethod codeBase="TestAssembly.dll" className="TestNamespace.TestClass5" name="Test6144" />
    </UnitTest>
    <UnitTest name="Test6145" id="f483cd05-fd00-4f97-af08-cc92debac771" storage="TestAssembly.dll">
      <Execution id="ffb7f37f-03ca-48d4-ab77-dc1a8a898bdc" />
      <TestMethod codeBase="TestAssembly.dll" className="TestNamespace.TestClass5" name="Test6145" />
    </UnitTest>
    <UnitTest name="Test6146" id="fb704e91-ee72-47fe-8986-eebcd6c3da71" storage="TestAssembly.dll">
      <Execution id="ac352ac1-0165-4460-b10f-069d4129fc1c" />
      <TestMethod codeBase="TestAssembly.dll" className="TestNamespace.TestClass5" name="Test6146" />
    </UnitTest>
    <UnitTest name="Test6147" id="dec6b63b-9431-47a6-bfd8-5bb7ca781925" storage="TestAssembly.dll">
      <Execution id="ca34dcd8-586d-47d1-b3ec-45b22f43c173" />
      <TestMethod codeBase="TestAssembly.dll" className="TestNamespace.TestClass5" name="Test6147" />
    </UnitTest>
    <UnitTest name="Test6148" id="0bc944c7-3ebc-4303-a4bd-b1fe587c1f46" storage="TestAssembly.dll">
      <Execution id="98330477-c63e-4f4c-a239-de067bf624cb" />
      <TestMethod codeBase="TestAssembly.dll" className="TestNamespace.TestClass5" name="Test6148" />
    </UnitTest>
    <UnitTest name="Test6149" id="b2939e24-9700-4d52-b5f0-1237a663402a" storage="TestAssembly.dll">
      <Execution id="c2594efd-ca24-41bf-9e19-aeada072de6e" />
      <TestMethod codeBase="TestAssembly.dll" className="TestNamespace.TestClass5" name="Test6149" />
    </UnitTest>
    <UnitTest name="Test6150" id="cdc30c0e-2b2b-4529-b615-bbdc0e58f5df" storage="TestAssembly.dll">
      <Execution id="61475162-5ebb-49e5-85df-eea2a7da19ec" />
      <TestMethod codeBase="TestAssembly.dll" className="TestNamespace.TestClass5" name="Test6150" />
    </UnitTest>
    <UnitTest name="Test6151" id="96f1200a-2d8e-4b09-8117-cb6955e69a5d" storage="TestAssembly.dll">
      <Execution id="adca5f02-9d9b-41b0-9cf2-e892abed9209" />
      <TestMethod codeBase="TestAssembly.dll" className="TestNamespace.TestClass6" name="Test6151" />
    </UnitTest>
    <UnitTest name="Test6152" id="d08e84b4-789d-4fed-ba2f-9b357feba8d1" storage="TestAssembly.dll">
      <Execution id="d5b04a1d-3a7d-4b85-91d8-f57fd8ee5eb8" />
      <TestMethod codeBase="TestAssembly.dll" className="TestNamespace.TestClass6" name="Test6152" />
    </UnitTest>
    <UnitTest name="Test6153" id="13868c25-f8ea-410d-8380-e249e3b2fe79" storage="TestAssembly.dll">
      <Execution id="7486ec42-e0cd-4eea-8a27-5ccefb6b8e8d" />
      <TestMethod codeBase="TestAssembly.dll" className="TestNamespace.TestClass6" name="Test6153" />
    </UnitTest>
    <UnitTest name="Test6154" id="655397f9-afa0-4d15-8800-2d33a619855f" storage="TestAssembly.dll">
      <Execution id="2566d6d9-b23e-4bf0-95dd-367940863884" />
      <TestMethod codeBase="TestAssembly.dll" className="TestNamespace.TestClass6" name="Test6154" />
    </UnitTest>
    <UnitTest name="Test6155" id="ea6cae0a-76ee-4606-9779-936bce9ccb44" storage="TestAssembly.dll">
      <Execution id="6638a65c-3a2c-4beb-8419-cc58329d5bef" />
      <TestMethod codeBase="TestAssembly.dll" className="TestNamespace.TestClass6" name="Test6155" />
    </UnitTest>
    <UnitTest name="Test6156" id="0ba652cd-cc89-4fe2-b889-8ce959f415d5" storage="TestAssembly.dll">
      <Execution id="16cb1839-008d-4171-bd7c-01da13a9ab7e" />
      <TestMethod codeBase="TestAssembly.dll" className="TestNamespace.TestClass6" name="Test6156" />
    </UnitTest>
    <UnitTest name="Test6157" id="2ad80df4-957c-4e77-8bdb-0473403385bb" storage="TestAssembly.dll">
      <Execution id="07134bca-f9df-44dc-913b-a9fa3d189411" />
      <TestMethod codeBase="TestAssembly.dll" className="TestNamespace.TestClass6" name="Test6157" />
    </UnitTest>
    <UnitTest name="Test6158" id="5aeda8f9-080d-4338-a915-1aba3db9fda0" storage="TestAssembly.dll">
      <Execution id="cb0a825f-1c85-4037-8343-85fdce6fa2f0" />
      <TestMethod codeBase="TestAssembly.dll" className="TestNamespace.TestClass6" name="Test6158" />
    </UnitTest>
    <UnitTest name="Test6159" id="b78200b4-ae58-4672-965f-f867995ebd3c" storage="TestAssembly.dll">
      <Execution id="ab9d42d0-017d-4848-b312-aee636439f95" />
      <TestMethod codeBase="TestAssembly.dll" className="TestNamespace.TestClass6" name="Test6159" />
    </UnitTest>
    <UnitTest name="Test6160" id="1265ebb3-9fe3-400e-aab0-0040908477ca" storage="TestAssembly.dll">
      <Execution id="11977761-49e2-441e-98f6-47b1af8f9aa9" />
      <TestMethod codeBase="TestAssembly.dll" className="TestNamespace.TestClass6" name="Test6160" />
    </UnitTest>
    <UnitTest name="Test6161" id="6cdd2f06-5b33-4221-b5f9-69a186aee7a3" storage="TestAssembly.dll">
      <Execution id="76463847-32bf-4b2a-99de-1894695324e1" />
      <TestMethod codeBase="TestAssembly.dll" className="TestNamespace.TestClass7" name="Test6161" />
    </UnitTest>
    <UnitTest name="Test6162" id="74221c48-2641-416f-9221-be069f6d62ee" storage="TestAssembly.dll">
      <Execution id="bce28611-ec8b-49a8-9346-054073bcaf45" />
      <TestMethod codeBase="TestAssembly.dll" className="TestNamespace.TestClass7" name="Test6162" />
    </UnitTest>
    <UnitTest name="Test6163" id="23a4d250-08f7-488b-b0ed-29e8bbbdf141" storage="TestAssembly.dll">
      <Execution id="9c2b983b-b00d-4616-a43d-9a23522ad032" />
      <TestMethod codeBase="TestAssembly.dll" className="TestNamespace.TestClass7" name="Test6163" />
    </UnitTest>
    <UnitTest name="Test6164" id="a27b405a-94fc-47bb-a25c-74e44b57b8b8" storage="TestAssembly.dll">
      <Execution id="e0b03664-42c7-406a-8ed1-86c1e096f294" />
      <TestMethod codeBase="TestAssembly.dll" className="TestNamespace.TestClass7" name="Test6164" />
    </UnitTest>
    <UnitTest name="Test6165" id="4e4d402d-99b6-4cf5-b90c-36699c366855" storage="TestAssembly.dll">
      <Execution id="581aa4b1-5118-423d-a51b-e7a318da6e92" />
      <TestMethod codeBase="TestAssembly.dll" className="TestNamespace.TestClass7" name="Test6165" />
    </UnitTest>
    <UnitTest name="Test6166" id="ea23f31e-c77d-403d-a98c-85a0ed71f9a3" storage="TestAssembly.dll">
      <Execution id="d4ab084f-84a4-46bc-bd34-086e043461fe" />
      <TestMethod codeBase="TestAssembly.dll" className="TestNamespace.TestClass7" name="Test6166" />
    </UnitTest>
    <UnitTest name="Test6167" id="e43829ce-6256-4d4c-8afe-1f0962e2a8b8" storage="TestAssembly.dll">
      <Execution id="46322ee0-ea69-4b7e-8664-62182ad175e2" />
      <TestMethod codeBase="TestAssembly.dll" className="TestNamespace.TestClass7" name="Test6167" />
    </UnitTest>
    <UnitTest name="Test6168" id="81094b5f-7004-4a63-86ae-99a77ceaeae4" storage="TestAssembly.dll">
      <Execution id="c557ca3f-4fd4-4d77-aa84-42185dfec995" />
      <TestMethod codeBase="TestAssembly.dll" className="TestNamespace.TestClass7" name="Test6168" />
    </UnitTest>
    <UnitTest name="Test6169" id="fd0becf3-6d47-4e0e-8127-bdb49148898b" storage="TestAssembly.dll">
      <Execution id="ae5d537e-0cc9-46b9-89a0-78e3c5909c77" />
      <TestMethod codeBase="TestAssembly.dll" className="TestNamespace.TestClass7" name="Test6169" />
    </UnitTest>
    <UnitTest name="Test6170" id="d45e774f-1bca-4df7-9a46-4900f6877bc3" storage="TestAssembly.dll">
      <Execution id="2e596910-2b72-46f4-a120-4a0194c61ee1" />
      <TestMethod codeBase="TestAssembly.dll" className="TestNamespace.TestClass7" name="Test6170" />
    </UnitTest>
    <UnitTest name="Test6171" id="62dcd77e-f275-41ed-8376-8c4578a167c3" storage="TestAssembly.dll">
      <Execution id="9acdf927-25fb-4e05-9fe9-3f77caa241a6" />
      <TestMethod codeBase="TestAssembly.dll" className="TestNamespace.TestClass8" name="Test6171" />
    </UnitTest>
    <UnitTest name="Test6172" id="b899ef0f-2bb1-482b-8e18-f9c9916a940b" storage="TestAssembly.dll">
      <Execution id="41332271-53e4-4c99-abc8-dc1eab55b92a" />
      <TestMethod codeBase="TestAssembly.dll" className="TestNamespace.TestClass8" name="Test6172" />
    </UnitTest>
    <UnitTest name="Test6173" id="734c2707-641f-45f6-b80c-569459989d75" storage="TestAssembly.dll">
      <Execution id="8618e8ef-355f-40d5-88c8-2890ad83a912" />
      <TestMethod codeBase="TestAssembly.dll" className="TestNamespace.TestClass8" name="Test6173" />
    </UnitTest>
    <UnitTest name="Test6174" id="c077431e-1039-43de-9d01-2db73bff6a18" storage="TestAssembly.dll">
      <Execution id="33ba225b-dfbc-48d0-98c0-47afd4a9af13" />
      <TestMethod codeBase="TestAssembly.dll" className="TestNamespace.TestClass8" name="Test6174" />
    </UnitTest>
    <UnitTest name="Test6175" id="d83f084b-9673-4c52-a142-b427b27cc84e" storage="TestAssembly.dll">
      <Execution id="5333e762-6710-4b49-a7ce-8078bc0a8296" />
      <TestMethod codeBase="TestAssembly.dll" className="TestNamespace.TestClass8" name="Test6175" />
    </UnitTest>
    <UnitTest name="Test6176" id="da1f1af2-07ee-481a-a4c7-850f2da38ee6" storage="TestAssembly.dll">
      <Execution id="b34601df-7e12-4487-8726-75160cd2a2cf" />
      <TestMethod codeBase="TestAssembly.dll" className="TestNamespace.TestClass8" name="Test6176" />
    </UnitTest>
    <UnitTest name="Test6177" id="8650f20f-c973-419a-b3d2-24d197a6b830" storage="TestAssembly.dll">
      <Execution id="ae3ba9f4-b32e-4fc4-b4fb-70a84ec11255" />
      <TestMethod codeBase="TestAssembly.dll" className="TestNamespace.TestClass8" name="Test6177" />
    </UnitTest>
    <UnitTest name="Test6178" id="d98f5e01-460d-4832-9ac2-bd5d0f8fbc21" storage="TestAssembly.dll">
      <Execution id="15805576-67ee-47b2-9279-f27e3fb7ccac" />
      <TestMethod codeBase="TestAssembly.dll" className="TestNamespace.TestClass8" name="Test6178" />
    </UnitTest>
    <UnitTest name="Test6179" id="7dc3b67d-2056-47c9-a0e7-da215f6a6969" storage="TestAssembly.dll">
      <Execution id="afcccac7-0bbf-48be-b1b0-00248f20f92a" />
      <TestMethod codeBase="TestAssembly.dll" className="TestNamespace.TestClass8" name="Test6179" />
    </UnitTest>
    <UnitTest name="Test6180" id="c0f44a08-5318-4afa-84ac-acbdbd80d55f" storage="TestAssembly.dll">
      <Execution id="bbdac50e-2d1a-47e1-8a16-53cdfacb8aa8" />
      <TestMethod codeBase="TestAssembly.dll" className="TestNamespace.TestClass8" name="Test6180" />
    </UnitTest>
    <UnitTest name="Test6181" id="2e38cdec-18e0-41bd-885d-f62333557199" storage="TestAssembly.dll">
      <Execution id="0a0da2e8-9081-4dd7-9005-33a53d8a6b63" />
      <TestMethod codeBase="TestAssembly.dll" className="TestNamespace.TestClass9" name="Test6181" />
    </UnitTest>
    <UnitTest name="Test6182" id="ea2ddb68-b038-4fe3-b205-52b267c5c923" storage="TestAssembly.dll">
      <Execution id="31155b8a-a8ad-443e-a59d-f862f7c32ca4" />
      <TestMethod codeBase="TestAssembly.dll" className="TestNamespace.TestClass9" name="Test6182" />
    </UnitTest>
    <UnitTest name="Test6183" id="f52507a9-1383-4209-9016-31956bb03a4a" storage="TestAssembly.dll">
      <Execution id="4a950eb5-856d-473a-b1d6-a1059503ccb0" />
      <TestMethod codeBase="TestAssembly.dll" className="TestNamespace.TestClass9" name="Test6183" />
    </UnitTest>
    <UnitTest name="Test6184" id="20bae909-855b-498e-a0e3-ff66624b3227" storage="TestAssembly.dll">
      <Execution id="870bf357-d460-435c-a5ed-62fa293e7af4" />
      <TestMethod codeBase="TestAssembly.dll" className="TestNamespace.TestClass9" name="Test6184" />
    </UnitTest>
    <UnitTest name="Test6185" id="608cfae4-dbaa-438a-9181-6f4a27e13bae" storage="TestAssembly.dll">
      <Execution id="99786aa2-4ae9-4331-83a2-9209bafcaf7e" />
      <TestMethod codeBase="TestAssembly.dll" className="TestNamespace.TestClass9" name="Test6185" />
    </UnitTest>
    <UnitTest name="Test6186" id="72c27669-d979-4765-b97c-d3ab7df87eca" storage="TestAssembly.dll">
      <Execution id="759dddc2-617a-4d27-8a2c-66268dc4d084" />
      <TestMethod codeBase="TestAssembly.dll" className="TestNamespace.TestClass9" name="Test6186" />
    </UnitTest>
    <UnitTest name="Test6187" id="accd7768-96c8-4ce0-95d7-7c3de2a62044" storage="TestAssembly.dll">
      <Execution id="9b03326a-3e71-4e4d-b55b-b43d472c4712" />
      <TestMethod codeBase="TestAssembly.dll" className="TestNamespace.TestClass9" name="Test6187" />
    </UnitTest>
    <UnitTest name="Test6188" id="2355ad78-cada-4335-91ac-4d574fde9cdd" storage="TestAssembly.dll">
      <Execution id="371dbf30-cd25-49c7-805b-c6ac5d168577" />
      <TestMethod codeBase="TestAssembly.dll" className="TestNamespace.TestClass9" name="Test6188" />
    </UnitTest>
    <UnitTest name="Test6189" id="3ffdd194-8772-492c-b169-199a024ab4e2" storage="TestAssembly.dll">
      <Execution id="a40f9e11-1cd0-457b-a8e2-beaee06b1f61" />
      <TestMethod codeBase="TestAssembly.dll" className="TestNamespace.TestClass9" name="Test6189" />
    </UnitTest>
    <UnitTest name="Test6190" id="d8acc65c-e498-4648-b077-856581aaf39c" storage="TestAssembly.dll">
      <Execution id="4ce0b267-7ca8-4647-9f0c-34c27927f317" />
      <TestMethod codeBase="TestAssembly.dll" className="TestNamespace.TestClass9" name="Test6190" />
    </UnitTest>
    <UnitTest name="Test6191" id="25678ab0-bfbe-43ac-8b5a-44c7baef3e19" storage="TestAssembly.dll">
      <Execution id="a241e356-bc5c-4fcb-ad2a-ddd3d942080d" />
      <TestMethod codeBase="TestAssembly.dll" className="TestNamespace.TestClass10" name="Test6191" />
    </UnitTest>
    <UnitTest name="Test6192" id="a64d3c20-b7e8-42b8-befb-27a348840291" storage="TestAssembly.dll">
      <Execution id="c290e2f3-42b8-4e66-8ece-b4e6176580ea" />
      <TestMethod codeBase="TestAssembly.dll" className="TestNamespace.TestClass10" name="Test6192" />
    </UnitTest>
    <UnitTest name="Test6193" id="2165f6bc-f308-4f2a-ad85-0e7b889e2f58" storage="TestAssembly.dll">
      <Execution id="9be9c5ff-74e2-453f-b724-729c970d2fbc" />
      <TestMethod codeBase="TestAssembly.dll" className="TestNamespace.TestClass10" name="Test6193" />
    </UnitTest>
    <UnitTest name="Test6194" id="62e41eff-5fbb-41d6-bff4-af916d9c4820" storage="TestAssembly.dll">
      <Execution id="5ede34bf-b860-4a0a-973b-2570756813a8" />
      <TestMethod codeBase="TestAssembly.dll" className="TestNamespace.TestClass10" name="Test6194" />
    </UnitTest>
    <UnitTest name="Test6195" id="109b442f-fd60-419d-a954-bf3520913a23" storage="TestAssembly.dll">
      <Execution id="e44a60aa-27e6-4cca-a9a3-6b7bb3721cc9" />
      <TestMethod codeBase="TestAssembly.dll" className="TestNamespace.TestClass10" name="Test6195" />
    </UnitTest>
    <UnitTest name="Test6196" id="d41fa4dd-2017-42d1-9ed8-fc351196e919" storage="TestAssembly.dll">
      <Execution id="0b64232f-0a24-4933-a852-aa5554df728f" />
      <TestMethod codeBase="TestAssembly.dll" className="TestNamespace.TestClass10" name="Test6196" />
    </UnitTest>
    <UnitTest name="Test6197" id="aadf5c05-f925-4a2a-aa19-e28e559c1656" storage="TestAssembly.dll">
      <Execution id="70d5de4a-428f-48ce-8a17-96e2de7b1ee9" />
      <TestMethod codeBase="TestAssembly.dll" className="TestNamespace.TestClass10" name="Test6197" />
    </UnitTest>
    <UnitTest name="Test6198" id="b284c871-10d2-4aff-84cd-dffac9dcd148" storage="TestAssembly.dll">
      <Execution id="1ee7c5be-77f1-4981-9dd2-bf41392ac3ef" />
      <TestMethod codeBase="TestAssembly.dll" className="TestNamespace.TestClass10" name="Test6198" />
    </UnitTest>
    <UnitTest name="Test6199" id="5f6083ca-3db0-4623-a5e1-a35c0a488960" storage="TestAssembly.dll">
      <Execution id="ca108e1b-2f28-4659-b28c-ac69050a1fe2" />
      <TestMethod codeBase="TestAssembly.dll" className="TestNamespace.TestClass10" name="Test6199" />
    </UnitTest>
    <UnitTest name="Test6200" id="cee012cc-2f15-427a-89fb-99faf1b5191e" storage="TestAssembly.dll">
      <Execution id="fba9b829-3f9d-4447-99f8-1fa3e9d73aaf" />
      <TestMethod codeBase="TestAssembly.dll" className="TestNamespace.TestClass10" name="Test6200" />
    </UnitTest>
  </TestDefinitions>
  <TestEntries>
    <TestEntry testId="235e6984-760e-49fb-bc58-51b486df71d7" executionId="596cc1a8-3374-48c7-9efa-15c33a1bd84c" testListId="53c6b84a-6f6f-4846-9f13-0859909ef907" />
    <TestEntry testId="771db76e-4551-46fe-9fa5-f1ecdfbebf77" executionId="49cb9223-3269-4cfd-b969-03cb1fbd42a0" testListId="53c6b84a-6f6f-4846-9f13-0859909ef907" />
    <TestEntry testId="7c5ec12e-9fd7-4c69-bbaa-7ea91730d587" executionId="00e68e1d-fbc8-4f9b-b585-32583f0b718d" testListId="53c6b84a-6f6f-4846-9f13-0859909ef907" />
    <TestEntry testId="12475fe2-7f8c-477e-8451-ba2285f1b39e" executionId="affff20c-e75a-4525-9c29-b033cc2de0d2" testListId="53c6b84a-6f6f-4846-9f13-0859909ef907" />
    <TestEntry testId="cb19d74b-b136-4ba1-b9a9-c36bc104646d" executionId="4d9252c9-0d1f-4564-88ab-c64d560db077" testListId="53c6b84a-6f6f-4846-9f13-0859909ef907" />
    <TestEntry testId="09f22121-affe-4f90-aaeb-24c8ce4c8adf" executionId="879b9e9c-fa25-497c-8783-b4c8ede3c152" testListId="53c6b84a-6f6f-4846-9f13-0859909ef907" />
    <TestEntry testId="39ab24be-d0f9-4b5a-bfa8-4874e9675eab" executionId="6d8fd73a-f26f-4cbe-a02d-f85bcaed1aba" testListId="53c6b84a-6f6f-4846-9f13-0859909ef907" />
    <TestEntry testId="e8d82f6e-2b86-4840-ac01-a07a29efae71" executionId="5da94c78-0292-474e-b69f-9bd0697a8956" testListId="53c6b84a-6f6f-4846-9f13-0859909ef907" />
    <TestEntry testId="d2238b63-afd8-4693-9740-ed86cf8c5031" executionId="aea39aa2-ac15-400d-8b2a-c55b301ba538" testListId="53c6b84a-6f6f-4846-9f13-0859909ef907" />
    <TestEntry testId="6772bdb9-8cd5-4279-83cc-cf4b2eaeac05" executionId="23f65ad0-938b-4d43-b4f3-b15eeae2eabc" testListId="53c6b84a-6f6f-4846-9f13-0859909ef907" />
    <TestEntry testId="f02bcbc9-80e8-4776-9f56-88aacd0194df" executionId="06a82df2-746a-4373-8d66-58cc0701f67d" testListId="53c6b84a-6f6f-4846-9f13-0859909ef907" />
    <TestEntry testId="8ac0c4f5-5e7d-4aad-87c4-90f69d09cd05" executionId="83a82263-0f34-4074-a0fe-d1e2ee951c5b" testListId="53c6b84a-6f6f-4846-9f13-0859909ef907" />
    <TestEntry testId="7befd5bb-c04e-41a6-926a-e717c9c73443" executionId="cdf33b7b-8a36-45f3-889f-3f63d629af27" testListId="53c6b84a-6f6f-4846-9f13-0859909ef907" />
    <TestEntry testId="0dbf376b-5791-49a0-9179-cdf672eb322e" executionId="66321ba2-97bc-48e9-8919-d3d34ed24892" testListId="53c6b84a-6f6f-4846-9f13-0859909ef907" />
    <TestEntry testId="ac85a4b5-87cd-45bb-867a-83faf4e3b782" executionId="aadf9109-6e48-46ae-b1d7-58619a43c653" testListId="53c6b84a-6f6f-4846-9f13-0859909ef907" />
    <TestEntry testId="fe6bbffd-a93c-48f0-9f8b-c92105356ab7" executionId="e51ca57d-d85e-43ff-a47b-767a796e9c7d" testListId="53c6b84a-6f6f-4846-9f13-0859909ef907" />
    <TestEntry testId="bf05302d-88e2-4cd7-b028-3b7fff0c03a0" executionId="7c3ab027-6830-47ce-a106-6e1962f38b01" testListId="53c6b84a-6f6f-4846-9f13-0859909ef907" />
    <TestEntry testId="6dd77b25-3907-4e88-aae2-a811e473d3bf" executionId="da67d8c7-5491-4f5e-b902-5c1bbeb46a2f" testListId="53c6b84a-6f6f-4846-9f13-0859909ef907" />
    <TestEntry testId="da1436c2-83d2-44b6-9c45-3cf5813a6a43" executionId="0ac594fc-f635-4404-8087-5bb85b6c3fe6" testListId="53c6b84a-6f6f-4846-9f13-0859909ef907" />
    <TestEntry testId="77c06ec7-e0f6-4f64-9d8a-210caddc718d" executionId="aad73ed5-3f73-4102-934d-de8aa874746d" testListId="53c6b84a-6f6f-4846-9f13-0859909ef907" />
    <TestEntry testId="75f6fa27-4572-4853-bafe-bea28c909ff7" executionId="79f7175e-058a-4f5c-8d18-8f8765ff94d0" testListId="53c6b84a-6f6f-4846-9f13-0859909ef907" />
    <TestEntry testId="952a85d6-be97-4bd1-b584-3827e3b9f9e1" executionId="b0f8a80b-ebae-4882-9a08-d7a40e116e36" testListId="53c6b84a-6f6f-4846-9f13-0859909ef907" />
    <TestEntry testId="bca898f8-439b-4156-b449-7f5e6a49060c" executionId="4492ed79-9b73-4e0c-9a3a-cb2ed9b0c35b" testListId="53c6b84a-6f6f-4846-9f13-0859909ef907" />
    <TestEntry testId="7d70e374-7a68-4dca-8b01-763c6aacfd51" executionId="1ff9e914-fe14-47f9-a134-18d693b9582e" testListId="53c6b84a-6f6f-4846-9f13-0859909ef907" />
    <TestEntry testId="9f38c628-8c67-4fcd-a3ba-331d5ee93c02" executionId="523fd2e5-aaaf-4fcf-ad4f-6cbae394d719" testListId="53c6b84a-6f6f-4846-9f13-0859909ef907" />
    <TestEntry testId="f2167dc3-2a58-4662-84ef-c7b484f1c922" executionId="fbafecdd-25c0-4a3c-b42b-f48db1704ed3" testListId="53c6b84a-6f6f-4846-9f13-0859909ef907" />
    <TestEntry testId="f94633e3-8313-4d01-b9bb-3f2ff50595f2" executionId="370d97a5-e4c5-44ba-9efb-0be26c3357e3" testListId="53c6b84a-6f6f-4846-9f13-0859909ef907" />
    <TestEntry testId="07f65550-e7ae-4985-8e1e-c6439fe1db1c" executionId="b0e633de-3121-4aa6-a856-565437a8cb4e" testListId="53c6b84a-6f6f-4846-9f13-0859909ef907" />
    <TestEntry testId="04b055e3-c37b-40a8-90e0-be1e3bfd7a87" executionId="89a5f1eb-5221-4cf4-85e6-d10a35cdbcc3" testListId="53c6b84a-6f6f-4846-9f13-0859909ef907" />
    <TestEntry testId="5459a899-ef5a-407c-9138-91bebbc1a944" executionId="02692221-206b-48dd-b54b-61a0c1e8f09b" testListId="53c6b84a-6f6f-4846-9f13-0859909ef907" />
    <TestEntry testId="3556ae05-77f3-4fe9-94eb-6164443aaf2a" executionId="6347526e-5413-4d08-9ebe-690cc1a83bd2" testListId="53c6b84a-6f6f-4846-9f13-0859909ef907" />
    <TestEntry testId="64718221-414a-4d14-987a-1ddf6d6e1c4e" executionId="7281bf29-0d6f-4ed5-b68f-9e2461592798" testListId="53c6b84a-6f6f-4846-9f13-0859909ef907" />
    <TestEntry testId="ab8745df-46c7-4a93-b946-7df8a99b29da" executionId="35057d32-5e01-4ef3-b1d1-ab01017a7439" testListId="53c6b84a-6f6f-4846-9f13-0859909ef907" />
    <TestEntry testId="fe433fa3-e768-4512-92cc-0a97f54ae422" executionId="6fb3ff42-3be1-4c0d-b2c0-a2e368eb10a5" testListId="53c6b84a-6f6f-4846-9f13-0859909ef907" />
    <TestEntry testId="f24aaf90-91fc-4024-86ab-f1f83a832b95" executionId="c16fb857-e5a0-4f0d-afd8-9438343629e9" testListId="53c6b84a-6f6f-4846-9f13-0859909ef907" />
    <TestEntry testId="976aaf7d-c874-4c85-8963-95f548ab42c6" executionId="70ec39ce-290d-4654-9c02-7a676f58dcc7" testListId="53c6b84a-6f6f-4846-9f13-0859909ef907" />
    <TestEntry testId="bd6dc097-7b83-4c1d-8968-5c5b5bf5c166" executionId="8fe863e7-8cab-45cb-ab63-b95494b96d1f" testListId="53c6b84a-6f6f-4846-9f13-0859909ef907" />
    <TestEntry testId="77b1a54b-3d01-4db7-81d6-694ce99c205e" executionId="0c5923a4-754f-4017-bfae-7e780a9cb22e" testListId="53c6b84a-6f6f-4846-9f13-0859909ef907" />
    <TestEntry testId="7e680ba8-39b5-48ac-a491-58d069911299" executionId="cace9ba2-9d3c-4381-bd5c-40d2338a45bc" testListId="53c6b84a-6f6f-4846-9f13-0859909ef907" />
    <TestEntry testId="7b751450-4e06-4dc0-878b-c03c50b2a23f" executionId="baebaf51-4201-488a-9631-55b7553f1b1b" testListId="53c6b84a-6f6f-4846-9f13-0859909ef907" />
    <TestEntry testId="0e23cc0b-3680-4676-8d6e-961d84353da6" executionId="c8ba2965-f526-4737-9c7d-ae2b0f28831d" testListId="53c6b84a-6f6f-4846-9f13-0859909ef907" />
    <TestEntry testId="e780e166-3f73-49e6-8f14-adebe453a396" executionId="a4510ec6-ddbc-4e93-b581-95d05a28f3c2" testListId="53c6b84a-6f6f-4846-9f13-0859909ef907" />
    <TestEntry testId="72cfa3b7-258b-4ac8-95f6-a62290086b91" executionId="9e1c9e1f-64e0-43c7-a791-e0816e3b4a1c" testListId="53c6b84a-6f6f-4846-9f13-0859909ef907" />
    <TestEntry testId="ef752fd8-f71a-44f4-92a9-849c5f84b166" executionId="dc929236-355e-4b1c-ab62-2ab8c1396ee9" testListId="53c6b84a-6f6f-4846-9f13-0859909ef907" />
    <TestEntry testId="f483cd05-fd00-4f97-af08-cc92debac771" executionId="ffb7f37f-03ca-48d4-ab77-dc1a8a898bdc" testListId="53c6b84a-6f6f-4846-9f13-0859909ef907" />
    <TestEntry testId="fb704e91-ee72-47fe-8986-eebcd6c3da71" executionId="ac352ac1-0165-4460-b10f-069d4129fc1c" testListId="53c6b84a-6f6f-4846-9f13-0859909ef907" />
    <TestEntry testId="dec6b63b-9431-47a6-bfd8-5bb7ca781925" executionId="ca34dcd8-586d-47d1-b3ec-45b22f43c173" testListId="53c6b84a-6f6f-4846-9f13-0859909ef907" />
    <TestEntry testId="0bc944c7-3ebc-4303-a4bd-b1fe587c1f46" executionId="98330477-c63e-4f4c-a239-de067bf624cb" testListId="53c6b84a-6f6f-4846-9f13-0859909ef907" />
    <TestEntry testId="b2939e24-9700-4d52-b5f0-1237a663402a" executionId="c2594efd-ca24-41bf-9e19-aeada072de6e" testListId="53c6b84a-6f6f-4846-9f13-0859909ef907" />
    <TestEntry testId="cdc30c0e-2b2b-4529-b615-bbdc0e58f5df" executionId="61475162-5ebb-49e5-85df-eea2a7da19ec" testListId="53c6b84a-6f6f-4846-9f13-0859909ef907" />
    <TestEntry testId="96f1200a-2d8e-4b09-8117-cb6955e69a5d" executionId="adca5f02-9d9b-41b0-9cf2-e892abed9209" testListId="53c6b84a-6f6f-4846-9f13-0859909ef907" />
    <TestEntry testId="d08e84b4-789d-4fed-ba2f-9b357feba8d1" executionId="d5b04a1d-3a7d-4b85-91d8-f57fd8ee5eb8" testListId="53c6b84a-6f6f-4846-9f13-0859909ef907" />
    <TestEntry testId="13868c25-f8ea-410d-8380-e249e3b2fe79" executionId="7486ec42-e0cd-4eea-8a27-5ccefb6b8e8d" testListId="53c6b84a-6f6f-4846-9f13-0859909ef907" />
    <TestEntry testId="655397f9-afa0-4d15-8800-2d33a619855f" executionId="2566d6d9-b23e-4bf0-95dd-367940863884" testListId="53c6b84a-6f6f-4846-9f13-0859909ef907" />
    <TestEntry testId="ea6cae0a-76ee-4606-9779-936bce9ccb44" executionId="6638a65c-3a2c-4beb-8419-cc58329d5bef" testListId="53c6b84a-6f6f-4846-9f13-0859909ef907" />
    <TestEntry testId="0ba652cd-cc89-4fe2-b889-8ce959f415d5" executionId="16cb1839-008d-4171-bd7c-01da13a9ab7e" testListId="53c6b84a-6f6f-4846-9f13-0859909ef907" />
    <TestEntry testId="2ad80df4-957c-4e77-8bdb-0473403385bb" executionId="07134bca-f9df-44dc-913b-a9fa3d189411" testListId="53c6b84a-6f6f-4846-9f13-0859909ef907" />
    <TestEntry testId="5aeda8f9-080d-4338-a915-1aba3db9fda0" executionId="cb0a825f-1c85-4037-8343-85fdce6fa2f0" testListId="53c6b84a-6f6f-4846-9f13-0859909ef907" />
    <TestEntry testId="b78200b4-ae58-4672-965f-f867995ebd3c" executionId="ab9d42d0-017d-4848-b312-aee636439f95" testListId="53c6b84a-6f6f-4846-9f13-0859909ef907" />
    <TestEntry testId="1265ebb3-9fe3-400e-aab0-0040908477ca" executionId="11977761-49e2-441e-98f6-47b1af8f9aa9" testListId="53c6b84a-6f6f-4846-9f13-0859909ef907" />
    <TestEntry testId="6cdd2f06-5b33-4221-b5f9-69a186aee7a3" executionId="76463847-32bf-4b2a-99de-1894695324e1" testListId="53c6b84a-6f6f-4846-9f13-0859909ef907" />
    <TestEntry testId="74221c48-2641-416f-9221-be069f6d62ee" executionId="bce28611-ec8b-49a8-9346-054073bcaf45" testListId="53c6b84a-6f6f-4846-9f13-0859909ef907" />
    <TestEntry testId="23a4d250-08f7-488b-b0ed-29e8bbbdf141" executionId="9c2b983b-b00d-4616-a43d-9a23522ad032" testListId="53c6b84a-6f6f-4846-9f13-0859909ef907" />
    <TestEntry testId="a27b405a-94fc-47bb-a25c-74e44b57b8b8" executionId="e0b03664-42c7-406a-8ed1-86c1e096f294" testListId="53c6b84a-6f6f-4846-9f13-0859909ef907" />
    <TestEntry testId="4e4d402d-99b6-4cf5-b90c-36699c366855" executionId="581aa4b1-5118-423d-a51b-e7a318da6e92" testListId="53c6b84a-6f6f-4846-9f13-0859909ef907" />
    <TestEntry testId="ea23f31e-c77d-403d-a98c-85a0ed71f9a3" executionId="d4ab084f-84a4-46bc-bd34-086e043461fe" testListId="53c6b84a-6f6f-4846-9f13-0859909ef907" />
    <TestEntry testId="e43829ce-6256-4d4c-8afe-1f0962e2a8b8" executionId="46322ee0-ea69-4b7e-8664-62182ad175e2" testListId="53c6b84a-6f6f-4846-9f13-0859909ef907" />
    <TestEntry testId="81094b5f-7004-4a63-86ae-99a77ceaeae4" executionId="c557ca3f-4fd4-4d77-aa84-42185dfec995" testListId="53c6b84a-6f6f-4846-9f13-0859909ef907" />
    <TestEntry testId="fd0becf3-6d47-4e0e-8127-bdb49148898b" executionId="ae5d537e-0cc9-46b9-89a0-78e3c5909c77" testListId="53c6b84a-6f6f-4846-9f13-0859909ef907" />
    <TestEntry testId="d45e774f-1bca-4df7-9a46-4900f6877bc3" executionId="2e596910-2b72-46f4-a120-4a0194c61ee1" testListId="53c6b84a-6f6f-4846-9f13-0859909ef907" />
    <TestEntry testId="62dcd77e-f275-41ed-8376-8c4578a167c3" executionId="9acdf927-25fb-4e05-9fe9-3f77caa241a6" testListId="53c6b84a-6f6f-4846-9f13-0859909ef907" />
    <TestEntry testId="b899ef0f-2bb1-482b-8e18-f9c9916a940b" executionId="41332271-53e4-4c99-abc8-dc1eab55b92a" testListId="53c6b84a-6f6f-4846-9f13-0859909ef907" />
    <TestEntry testId="734c2707-641f-45f6-b80c-569459989d75" executionId="8618e8ef-355f-40d5-88c8-2890ad83a912" testListId="53c6b84a-6f6f-4846-9f13-0859909ef907" />
    <TestEntry testId="c077431e-1039-43de-9d01-2db73bff6a18" executionId="33ba225b-dfbc-48d0-98c0-47afd4a9af13" testListId="53c6b84a-6f6f-4846-9f13-0859909ef907" />
    <TestEntry testId="d83f084b-9673-4c52-a142-b427b27cc84e" executionId="5333e762-6710-4b49-a7ce-8078bc0a8296" testListId="53c6b84a-6f6f-4846-9f13-0859909ef907" />
    <TestEntry testId="da1f1af2-07ee-481a-a4c7-850f2da38ee6" executionId="b34601df-7e12-4487-8726-75160cd2a2cf" testListId="53c6b84a-6f6f-4846-9f13-0859909ef907" />
    <TestEntry testId="8650f20f-c973-419a-b3d2-24d197a6b830" executionId="ae3ba9f4-b32e-4fc4-b4fb-70a84ec11255" testListId="53c6b84a-6f6f-4846-9f13-0859909ef907" />
    <TestEntry testId="d98f5e01-460d-4832-9ac2-bd5d0f8fbc21" executionId="15805576-67ee-47b2-9279-f27e3fb7ccac" testListId="53c6b84a-6f6f-4846-9f13-0859909ef907" />
    <TestEntry testId="7dc3b67d-2056-47c9-a0e7-da215f6a6969" executionId="afcccac7-0bbf-48be-b1b0-00248f20f92a" testListId="53c6b84a-6f6f-4846-9f13-0859909ef907" />
    <TestEntry testId="c0f44a08-5318-4afa-84ac-acbdbd80d55f" executionId="bbdac50e-2d1a-47e1-8a16-53cdfacb8aa8" testListId="53c6b84a-6f6f-4846-9f13-0859909ef907" />
    <TestEntry testId="2e38cdec-18e0-41bd-885d-f62333557199" executionId="0a0da2e8-9081-4dd7-9005-33a53d8a6b63" testListId="53c6b84a-6f6f-4846-9f13-0859909ef907" />
    <TestEntry testId="ea2ddb68-b038-4fe3-b205-52b267c5c923" executionId="31155b8a-a8ad-443e-a59d-f862f7c32ca4" testListId="53c6b84a-6f6f-4846-9f13-0859909ef907" />
    <TestEntry testId="f52507a9-1383-4209-9016-31956bb03a4a" executionId="4a950eb5-856d-473a-b1d6-a1059503ccb0" testListId="53c6b84a-6f6f-4846-9f13-0859909ef907" />
    <TestEntry testId="20bae909-855b-498e-a0e3-ff66624b3227" executionId="870bf357-d460-435c-a5ed-62fa293e7af4" testListId="53c6b84a-6f6f-4846-9f13-0859909ef907" />
    <TestEntry testId="608cfae4-dbaa-438a-9181-6f4a27e13bae" executionId="99786aa2-4ae9-4331-83a2-9209bafcaf7e" testListId="53c6b84a-6f6f-4846-9f13-0859909ef907" />
    <TestEntry testId="72c27669-d979-4765-b97c-d3ab7df87eca" executionId="759dddc2-617a-4d27-8a2c-66268dc4d084" testListId="53c6b84a-6f6f-4846-9f13-0859909ef907" />
    <TestEntry testId="accd7768-96c8-4ce0-95d7-7c3de2a62044" executionId="9b03326a-3e71-4e4d-b55b-b43d472c4712" testListId="53c6b84a-6f6f-4846-9f13-0859909ef907" />
    <TestEntry testId="2355ad78-cada-4335-91ac-4d574fde9cdd" executionId="371dbf30-cd25-49c7-805b-c6ac5d168577" testListId="53c6b84a-6f6f-4846-9f13-0859909ef907" />
    <TestEntry testId="3ffdd194-8772-492c-b169-199a024ab4e2" executionId="a40f9e11-1cd0-457b-a8e2-beaee06b1f61" testListId="53c6b84a-6f6f-4846-9f13-0859909ef907" />
    <TestEntry testId="d8acc65c-e498-4648-b077-856581aaf39c" executionId="4ce0b267-7ca8-4647-9f0c-34c27927f317" testListId="53c6b84a-6f6f-4846-9f13-0859909ef907" />
    <TestEntry testId="25678ab0-bfbe-43ac-8b5a-44c7baef3e19" executionId="a241e356-bc5c-4fcb-ad2a-ddd3d942080d" testListId="53c6b84a-6f6f-4846-9f13-0859909ef907" />
    <TestEntry testId="a64d3c20-b7e8-42b8-befb-27a348840291" executionId="c290e2f3-42b8-4e66-8ece-b4e6176580ea" testListId="53c6b84a-6f6f-4846-9f13-0859909ef907" />
    <TestEntry testId="2165f6bc-f308-4f2a-ad85-0e7b889e2f58" executionId="9be9c5ff-74e2-453f-b724-729c970d2fbc" testListId="53c6b84a-6f6f-4846-9f13-0859909ef907" />
    <TestEntry testId="62e41eff-5fbb-41d6-bff4-af916d9c4820" executionId="5ede34bf-b860-4a0a-973b-2570756813a8" testListId="53c6b84a-6f6f-4846-9f13-0859909ef907" />
    <TestEntry testId="109b442f-fd60-419d-a954-bf3520913a23" executionId="e44a60aa-27e6-4cca-a9a3-6b7bb3721cc9" testListId="53c6b84a-6f6f-4846-9f13-0859909ef907" />
    <TestEntry testId="d41fa4dd-2017-42d1-9ed8-fc351196e919" executionId="0b64232f-0a24-4933-a852-aa5554df728f" testListId="53c6b84a-6f6f-4846-9f13-0859909ef907" />
    <TestEntry testId="aadf5c05-f925-4a2a-aa19-e28e559c1656" executionId="70d5de4a-428f-48ce-8a17-96e2de7b1ee9" testListId="53c6b84a-6f6f-4846-9f13-0859909ef907" />
    <TestEntry testId="b284c871-10d2-4aff-84cd-dffac9dcd148" executionId="1ee7c5be-77f1-4981-9dd2-bf41392ac3ef" testListId="53c6b84a-6f6f-4846-9f13-0859909ef907" />
    <TestEntry testId="5f6083ca-3db0-4623-a5e1-a35c0a488960" executionId="ca108e1b-2f28-4659-b28c-ac69050a1fe2" testListId="53c6b84a-6f6f-4846-9f13-0859909ef907" />
    <TestEntry testId="cee012cc-2f15-427a-89fb-99faf1b5191e" executionId="fba9b829-3f9d-4447-99f8-1fa3e9d73aaf" testListId="53c6b84a-6f6f-4846-9f13-0859909ef907" />
  </TestEntries>
  <TestLists>
    <TestList name="Results Not in a List" id="53c6b84a-6f6f-4846-9f13-0859909ef907" />
    <TestList name="All Loaded Results" id="069d9dfd-a593-4684-b64c-b7a584bf0a2a" />
  </TestLists>
</TestRun>