<?xml version="1.0" encoding="UTF-8"?>
<TestRun id="443a025a-7c54-4630-95ca-0dfa6e72324d" name="Test Run 12" runUser="Oles Galatsan" xmlns="http://microsoft.com/schemas/VisualStudio/TeamTest/2010">
  <Times creation="2025-05-14T13:20:31.3125482Z" queuing="2025-05-14T13:20:31.3125482Z" start="2025-05-14T13:20:31.3146610Z" finish="2025-05-14T13:25:31.3147553Z" />
  <TestSettings name="Test Settings 12" id="c0039eab-b4b8-4353-bc25-71be58846c23" />
  <Results>
    <UnitTestResult executionId="d91aa5cc-055f-474a-993d-efe09a2240f9" testId="1a3e9d41-ae9c-4143-aae8-5ba3b152586e" testName="Test1101" computerName="UA-LPT-OGA2" duration="00:00:00.8370000" startTime="2025-05-14T13:20:31.3146610Z" endTime="2025-05-14T13:25:31.3147553Z" testType="13cdc9d9-ddb5-4fa4-a97d-d965ccfc6d4b" outcome="Passed" testListId="924a0988-d5c4-4570-b341-a23ac5bc8d38" />
    <UnitTestResult executionId="1762ea7e-076c-46d9-9363-dae6d7fb443e" testId="087548ee-3365-4479-9a21-382e2e347046" testName="Test1102" computerName="UA-LPT-OGA2" duration="00:00:01.7750000" startTime="2025-05-14T13:20:31.3146610Z" endTime="2025-05-14T13:25:31.3147553Z" testType="13cdc9d9-ddb5-4fa4-a97d-d965ccfc6d4b" outcome="Passed" testListId="924a0988-d5c4-4570-b341-a23ac5bc8d38" />
    <UnitTestResult executionId="d5102d35-0d9d-4e1e-bca0-42e23f07d2b3" testId="1f019599-6e4d-4364-8b41-c7e82d5073f1" testName="Test1103" computerName="UA-LPT-OGA2" duration="00:00:01.5990000" startTime="2025-05-14T13:20:31.3146610Z" endTime="2025-05-14T13:25:31.3147553Z" testType="13cdc9d9-ddb5-4fa4-a97d-d965ccfc6d4b" outcome="Passed" testListId="924a0988-d5c4-4570-b341-a23ac5bc8d38" />
    <UnitTestResult executionId="fde27039-1833-459f-9e48-570fe0860a43" testId="5ca82fbd-a37f-48ab-934e-d1024276f7f7" testName="Test1104" computerName="UA-LPT-OGA2" duration="00:00:00.5750000" startTime="2025-05-14T13:20:31.3146610Z" endTime="2025-05-14T13:25:31.3147553Z" testType="13cdc9d9-ddb5-4fa4-a97d-d965ccfc6d4b" outcome="Passed" testListId="924a0988-d5c4-4570-b341-a23ac5bc8d38" />
    <UnitTestResult executionId="af15b1d1-ae27-4d12-8740-8dd14e3bdd47" testId="0f8c5d59-dce7-4960-9b74-03a617badee3" testName="Test1105" computerName="UA-LPT-OGA2" duration="00:00:00.8040000" startTime="2025-05-14T13:20:31.3146610Z" endTime="2025-05-14T13:25:31.3147553Z" testType="13cdc9d9-ddb5-4fa4-a97d-d965ccfc6d4b" outcome="Passed" testListId="924a0988-d5c4-4570-b341-a23ac5bc8d38" />
    <UnitTestResult executionId="17f04766-70ad-42f4-83df-59243f484198" testId="beb3cdb4-e1fa-4229-bf0c-1f5331ad8ed7" testName="Test1106" computerName="UA-LPT-OGA2" duration="00:00:01.3780000" startTime="2025-05-14T13:20:31.3146610Z" endTime="2025-05-14T13:25:31.3147553Z" testType="13cdc9d9-ddb5-4fa4-a97d-d965ccfc6d4b" outcome="Passed" testListId="924a0988-d5c4-4570-b341-a23ac5bc8d38" />
    <UnitTestResult executionId="88e31ca3-d161-4b4f-9046-2eb25c069dc3" testId="f2095957-49e9-4de6-bdfe-556543abda43" testName="Test1107" computerName="UA-LPT-OGA2" duration="00:00:00.9960000" startTime="2025-05-14T13:20:31.3146610Z" endTime="2025-05-14T13:25:31.3147553Z" testType="13cdc9d9-ddb5-4fa4-a97d-d965ccfc6d4b" outcome="Passed" testListId="924a0988-d5c4-4570-b341-a23ac5bc8d38" />
    <UnitTestResult executionId="f73a5ea6-743c-4de8-870d-ac036671b62c" testId="f254fc7c-4609-4b85-8145-2c809979fda1" testName="Test1108" computerName="UA-LPT-OGA2" duration="00:00:00.8500000" startTime="2025-05-14T13:20:31.3146610Z" endTime="2025-05-14T13:25:31.3147553Z" testType="13cdc9d9-ddb5-4fa4-a97d-d965ccfc6d4b" outcome="Passed" testListId="924a0988-d5c4-4570-b341-a23ac5bc8d38" />
    <UnitTestResult executionId="05e09409-6a44-4646-b737-3d45298823f7" testId="be5c7167-b0dd-4c30-8125-dcf67cb7c974" testName="Test1109" computerName="UA-LPT-OGA2" duration="00:00:01.1260000" startTime="2025-05-14T13:20:31.3146610Z" endTime="2025-05-14T13:25:31.3147553Z" testType="13cdc9d9-ddb5-4fa4-a97d-d965ccfc6d4b" outcome="Passed" testListId="924a0988-d5c4-4570-b341-a23ac5bc8d38" />
    <UnitTestResult executionId="9bc32e90-b560-43e6-9935-b6ec5506ce52" testId="ebe2d86a-60d2-455e-975c-8357c8a5265e" testName="Test1110" computerName="UA-LPT-OGA2" duration="00:00:01.4830000" startTime="2025-05-14T13:20:31.3146610Z" endTime="2025-05-14T13:25:31.3147553Z" testType="13cdc9d9-ddb5-4fa4-a97d-d965ccfc6d4b" outcome="Passed" testListId="924a0988-d5c4-4570-b341-a23ac5bc8d38" />
    <UnitTestResult executionId="436274c6-6956-41db-baf5-e86c5b462097" testId="4dae318f-907f-4234-a5f8-09a4970e17e4" testName="Test1111" computerName="UA-LPT-OGA2" duration="00:00:01.2170000" startTime="2025-05-14T13:20:31.3146610Z" endTime="2025-05-14T13:25:31.3147553Z" testType="13cdc9d9-ddb5-4fa4-a97d-d965ccfc6d4b" outcome="Failed" testListId="924a0988-d5c4-4570-b341-a23ac5bc8d38">
      <Output>
        <ErrorInfo>
          <Message>Assertion failed: Expected value did not match actual value.</Message>
          <StackTrace>   at TestNamespace.TestClass.Test() in TestClass.cs:line 491</StackTrace>
        </ErrorInfo>
      </Output>
    </UnitTestResult>
    <UnitTestResult executionId="c03e611a-3190-4e3d-abfc-fdacce2dc31d" testId="4ccecc5d-089e-4113-8698-00c8a906e743" testName="Test1112" computerName="UA-LPT-OGA2" duration="00:00:00.1980000" startTime="2025-05-14T13:20:31.3146610Z" endTime="2025-05-14T13:25:31.3147553Z" testType="13cdc9d9-ddb5-4fa4-a97d-d965ccfc6d4b" outcome="Passed" testListId="924a0988-d5c4-4570-b341-a23ac5bc8d38" />
    <UnitTestResult executionId="2ed43590-5d73-4164-bcb2-127aed45d3d4" testId="fd79dd0e-49d8-4662-afab-3a76aa61f116" testName="Test1113" computerName="UA-LPT-OGA2" duration="00:00:00.8140000" startTime="2025-05-14T13:20:31.3146610Z" endTime="2025-05-14T13:25:31.3147553Z" testType="13cdc9d9-ddb5-4fa4-a97d-d965ccfc6d4b" outcome="Passed" testListId="924a0988-d5c4-4570-b341-a23ac5bc8d38" />
    <UnitTestResult executionId="710c3d85-428b-44a2-9ec1-05d5ae3b93ca" testId="f23021fa-1875-4c83-96c4-abee0f9dbcb5" testName="Test1114" computerName="UA-LPT-OGA2" duration="00:00:00.7960000" startTime="2025-05-14T13:20:31.3146610Z" endTime="2025-05-14T13:25:31.3147553Z" testType="13cdc9d9-ddb5-4fa4-a97d-d965ccfc6d4b" outcome="Passed" testListId="924a0988-d5c4-4570-b341-a23ac5bc8d38" />
    <UnitTestResult executionId="bfad625d-350d-424c-8139-90f5c8438c36" testId="e6c5bfe9-930c-4cae-89aa-44a2f139a1ce" testName="Test1115" computerName="UA-LPT-OGA2" duration="00:00:01.4060000" startTime="2025-05-14T13:20:31.3146610Z" endTime="2025-05-14T13:25:31.3147553Z" testType="13cdc9d9-ddb5-4fa4-a97d-d965ccfc6d4b" outcome="Passed" testListId="924a0988-d5c4-4570-b341-a23ac5bc8d38" />
    <UnitTestResult executionId="feed796d-4951-4c18-86b6-a04e6b6f6c5f" testId="74e3702d-0212-4cec-9ff3-26dd3ecb2d9d" testName="Test1116" computerName="UA-LPT-OGA2" duration="00:00:01.4080000" startTime="2025-05-14T13:20:31.3146610Z" endTime="2025-05-14T13:25:31.3147553Z" testType="13cdc9d9-ddb5-4fa4-a97d-d965ccfc6d4b" outcome="Passed" testListId="924a0988-d5c4-4570-b341-a23ac5bc8d38" />
    <UnitTestResult executionId="6bc00aeb-b715-4cf1-ae08-fadb0f1cfc98" testId="ef1888ed-a20b-4d95-abbe-9007402cbc81" testName="Test1117" computerName="UA-LPT-OGA2" duration="00:00:01.3270000" startTime="2025-05-14T13:20:31.3146610Z" endTime="2025-05-14T13:25:31.3147553Z" testType="13cdc9d9-ddb5-4fa4-a97d-d965ccfc6d4b" outcome="Passed" testListId="924a0988-d5c4-4570-b341-a23ac5bc8d38" />
    <UnitTestResult executionId="25ee9370-ac74-4de9-a9c7-361516db373a" testId="b91f7ece-65aa-4466-8c79-7c8d2b6d575c" testName="Test1118" computerName="UA-LPT-OGA2" duration="00:00:00.1120000" startTime="2025-05-14T13:20:31.3146610Z" endTime="2025-05-14T13:25:31.3147553Z" testType="13cdc9d9-ddb5-4fa4-a97d-d965ccfc6d4b" outcome="Passed" testListId="924a0988-d5c4-4570-b341-a23ac5bc8d38" />
    <UnitTestResult executionId="b062ae1d-4c53-4a1d-b3cc-305e35edb67d" testId="1a554b95-9d8b-43ff-b796-26f61ce0ccc1" testName="Test1119" computerName="UA-LPT-OGA2" duration="00:00:00.0420000" startTime="2025-05-14T13:20:31.3146610Z" endTime="2025-05-14T13:25:31.3147553Z" testType="13cdc9d9-ddb5-4fa4-a97d-d965ccfc6d4b" outcome="Passed" testListId="924a0988-d5c4-4570-b341-a23ac5bc8d38" />
    <UnitTestResult executionId="3fab6520-1fe2-4327-8847-b415bac2c542" testId="45babc7c-ac06-4501-b147-1bcaa49d3529" testName="Test1120" computerName="UA-LPT-OGA2" duration="00:00:01.9160000" startTime="2025-05-14T13:20:31.3146610Z" endTime="2025-05-14T13:25:31.3147553Z" testType="13cdc9d9-ddb5-4fa4-a97d-d965ccfc6d4b" outcome="Passed" testListId="924a0988-d5c4-4570-b341-a23ac5bc8d38" />
    <UnitTestResult executionId="e4317c44-b85c-485d-9201-e824a30df557" testId="5586ef2a-d4d1-4975-9b03-a40c552954b2" testName="Test1121" computerName="UA-LPT-OGA2" duration="00:00:01.6260000" startTime="2025-05-14T13:20:31.3146610Z" endTime="2025-05-14T13:25:31.3147553Z" testType="13cdc9d9-ddb5-4fa4-a97d-d965ccfc6d4b" outcome="Passed" testListId="924a0988-d5c4-4570-b341-a23ac5bc8d38" />
    <UnitTestResult executionId="850b588c-0820-4a12-8158-f0f271eb89e7" testId="27305a24-a419-425d-8309-42d50d8b72f4" testName="Test1122" computerName="UA-LPT-OGA2" duration="00:00:00.8800000" startTime="2025-05-14T13:20:31.3146610Z" endTime="2025-05-14T13:25:31.3147553Z" testType="13cdc9d9-ddb5-4fa4-a97d-d965ccfc6d4b" outcome="Passed" testListId="924a0988-d5c4-4570-b341-a23ac5bc8d38" />
    <UnitTestResult executionId="2a3822a9-0ace-4c6a-8669-4dedf94328de" testId="870fa5c0-d3c3-44e6-857c-5ddb6b83fc04" testName="Test1123" computerName="UA-LPT-OGA2" duration="00:00:01.5630000" startTime="2025-05-14T13:20:31.3146610Z" endTime="2025-05-14T13:25:31.3147553Z" testType="13cdc9d9-ddb5-4fa4-a97d-d965ccfc6d4b" outcome="Passed" testListId="924a0988-d5c4-4570-b341-a23ac5bc8d38" />
    <UnitTestResult executionId="228a77d1-f497-416f-8874-579b573d788d" testId="515b1460-fe4a-4e8d-927f-8a5dae443bd7" testName="Test1124" computerName="UA-LPT-OGA2" duration="00:00:00.9830000" startTime="2025-05-14T13:20:31.3146610Z" endTime="2025-05-14T13:25:31.3147553Z" testType="13cdc9d9-ddb5-4fa4-a97d-d965ccfc6d4b" outcome="Passed" testListId="924a0988-d5c4-4570-b341-a23ac5bc8d38" />
    <UnitTestResult executionId="62135d0b-b65d-4f8b-a0b0-d0c8dafdfd93" testId="a985c68f-54dc-4793-a09a-43dfd2dc5f0c" testName="Test1125" computerName="UA-LPT-OGA2" duration="00:00:00.2120000" startTime="2025-05-14T13:20:31.3146610Z" endTime="2025-05-14T13:25:31.3147553Z" testType="13cdc9d9-ddb5-4fa4-a97d-d965ccfc6d4b" outcome="Failed" testListId="924a0988-d5c4-4570-b341-a23ac5bc8d38">
      <Output>
        <ErrorInfo>
          <Message>Assertion failed: Expected value did not match actual value.</Message>
          <StackTrace>   at TestNamespace.TestClass.Test() in TestClass.cs:line 129</StackTrace>
        </ErrorInfo>
      </Output>
    </UnitTestResult>
    <UnitTestResult executionId="9676c110-d449-48f4-9af0-bdef68c85836" testId="8ab50a5c-2dc5-4adc-95a6-cb13113c4e75" testName="Test1126" computerName="UA-LPT-OGA2" duration="00:00:01.3580000" startTime="2025-05-14T13:20:31.3146610Z" endTime="2025-05-14T13:25:31.3147553Z" testType="13cdc9d9-ddb5-4fa4-a97d-d965ccfc6d4b" outcome="Passed" testListId="924a0988-d5c4-4570-b341-a23ac5bc8d38" />
    <UnitTestResult executionId="c7a74c85-9749-4843-9ca8-ce214deeea78" testId="b84772aa-0961-4e1e-88c4-c349891ea920" testName="Test1127" computerName="UA-LPT-OGA2" duration="00:00:01.7510000" startTime="2025-05-14T13:20:31.3146610Z" endTime="2025-05-14T13:25:31.3147553Z" testType="13cdc9d9-ddb5-4fa4-a97d-d965ccfc6d4b" outcome="Passed" testListId="924a0988-d5c4-4570-b341-a23ac5bc8d38" />
    <UnitTestResult executionId="855875e4-25cd-4c38-b7c8-234a7c583d3f" testId="eda6ff69-3465-4475-8ce9-33c7d16703c3" testName="Test1128" computerName="UA-LPT-OGA2" duration="00:00:01.9720000" startTime="2025-05-14T13:20:31.3146610Z" endTime="2025-05-14T13:25:31.3147553Z" testType="13cdc9d9-ddb5-4fa4-a97d-d965ccfc6d4b" outcome="Passed" testListId="924a0988-d5c4-4570-b341-a23ac5bc8d38" />
    <UnitTestResult executionId="fa5d1823-617b-439c-8526-40f2dcfb8681" testId="cb7ea523-a6ac-4d34-b82b-91580768164e" testName="Test1129" computerName="UA-LPT-OGA2" duration="00:00:00.9180000" startTime="2025-05-14T13:20:31.3146610Z" endTime="2025-05-14T13:25:31.3147553Z" testType="13cdc9d9-ddb5-4fa4-a97d-d965ccfc6d4b" outcome="Passed" testListId="924a0988-d5c4-4570-b341-a23ac5bc8d38" />
    <UnitTestResult executionId="6056473e-e1c0-41f8-b9b1-34c5d4b0467d" testId="d139181e-ede0-43f0-8636-fcabfdafda1f" testName="Test1130" computerName="UA-LPT-OGA2" duration="00:00:00.8570000" startTime="2025-05-14T13:20:31.3146610Z" endTime="2025-05-14T13:25:31.3147553Z" testType="13cdc9d9-ddb5-4fa4-a97d-d965ccfc6d4b" outcome="Passed" testListId="924a0988-d5c4-4570-b341-a23ac5bc8d38" />
    <UnitTestResult executionId="e1ba1e10-c907-40ba-a419-65be9090dc1b" testId="117b4e9e-063a-41af-ba9e-7496310fe395" testName="Test1131" computerName="UA-LPT-OGA2" duration="00:00:00.1690000" startTime="2025-05-14T13:20:31.3146610Z" endTime="2025-05-14T13:25:31.3147553Z" testType="13cdc9d9-ddb5-4fa4-a97d-d965ccfc6d4b" outcome="Passed" testListId="924a0988-d5c4-4570-b341-a23ac5bc8d38" />
    <UnitTestResult executionId="c314bae1-7add-4685-9888-0cfd592a9bce" testId="b13abf47-cafd-49f9-8257-d9068aaa2ac8" testName="Test1132" computerName="UA-LPT-OGA2" duration="00:00:00.9790000" startTime="2025-05-14T13:20:31.3146610Z" endTime="2025-05-14T13:25:31.3147553Z" testType="13cdc9d9-ddb5-4fa4-a97d-d965ccfc6d4b" outcome="Passed" testListId="924a0988-d5c4-4570-b341-a23ac5bc8d38" />
    <UnitTestResult executionId="8a535801-85fb-48af-8271-22e498ec7584" testId="15fbca2c-c880-4bba-a77b-e1279ac663f4" testName="Test1133" computerName="UA-LPT-OGA2" duration="00:00:01.3270000" startTime="2025-05-14T13:20:31.3146610Z" endTime="2025-05-14T13:25:31.3147553Z" testType="13cdc9d9-ddb5-4fa4-a97d-d965ccfc6d4b" outcome="Passed" testListId="924a0988-d5c4-4570-b341-a23ac5bc8d38" />
    <UnitTestResult executionId="b7ec0e95-7b75-4cce-858e-64b5a220777f" testId="115c9523-249c-4e18-a33f-146525a56e3d" testName="Test1134" computerName="UA-LPT-OGA2" duration="00:00:00.9210000" startTime="2025-05-14T13:20:31.3146610Z" endTime="2025-05-14T13:25:31.3147553Z" testType="13cdc9d9-ddb5-4fa4-a97d-d965ccfc6d4b" outcome="Passed" testListId="924a0988-d5c4-4570-b341-a23ac5bc8d38" />
    <UnitTestResult executionId="cffbc79d-2ef5-4bf8-b7ae-3f9e1525efd1" testId="83677f3b-a578-4214-af58-8123c9ec10fd" testName="Test1135" computerName="UA-LPT-OGA2" duration="00:00:01.8030000" startTime="2025-05-14T13:20:31.3146610Z" endTime="2025-05-14T13:25:31.3147553Z" testType="13cdc9d9-ddb5-4fa4-a97d-d965ccfc6d4b" outcome="Passed" testListId="924a0988-d5c4-4570-b341-a23ac5bc8d38" />
    <UnitTestResult executionId="00b64703-b4c7-40cc-acfd-92ae1c7a7be9" testId="1575223e-6f96-400f-8fe9-06c744ff6afd" testName="Test1136" computerName="UA-LPT-OGA2" duration="00:00:01.2890000" startTime="2025-05-14T13:20:31.3146610Z" endTime="2025-05-14T13:25:31.3147553Z" testType="13cdc9d9-ddb5-4fa4-a97d-d965ccfc6d4b" outcome="Passed" testListId="924a0988-d5c4-4570-b341-a23ac5bc8d38" />
    <UnitTestResult executionId="52155f27-0c57-44ba-97c7-33aeaad7c881" testId="1c917869-9318-4aee-96f6-09b2490bd581" testName="Test1137" computerName="UA-LPT-OGA2" duration="00:00:00.5800000" startTime="2025-05-14T13:20:31.3146610Z" endTime="2025-05-14T13:25:31.3147553Z" testType="13cdc9d9-ddb5-4fa4-a97d-d965ccfc6d4b" outcome="Failed" testListId="924a0988-d5c4-4570-b341-a23ac5bc8d38">
      <Output>
        <ErrorInfo>
          <Message>Assertion failed: Expected value did not match actual value.</Message>
          <StackTrace>   at TestNamespace.TestClass.Test() in TestClass.cs:line 182</StackTrace>
        </ErrorInfo>
      </Output>
    </UnitTestResult>
    <UnitTestResult executionId="7c75a24c-f109-4fcb-9c1d-349e5fab1335" testId="f4e0c6a6-3071-4323-be57-0c59ecea287e" testName="Test1138" computerName="UA-LPT-OGA2" duration="00:00:00.8320000" startTime="2025-05-14T13:20:31.3146610Z" endTime="2025-05-14T13:25:31.3147553Z" testType="13cdc9d9-ddb5-4fa4-a97d-d965ccfc6d4b" outcome="Passed" testListId="924a0988-d5c4-4570-b341-a23ac5bc8d38" />
    <UnitTestResult executionId="4c427663-b4c1-4694-96a3-2f054194159e" testId="ce40e20c-67d7-49f0-a0e4-41de2475cec4" testName="Test1139" computerName="UA-LPT-OGA2" duration="00:00:00.4050000" startTime="2025-05-14T13:20:31.3146610Z" endTime="2025-05-14T13:25:31.3147553Z" testType="13cdc9d9-ddb5-4fa4-a97d-d965ccfc6d4b" outcome="Passed" testListId="924a0988-d5c4-4570-b341-a23ac5bc8d38" />
    <UnitTestResult executionId="2ede9689-3b61-459f-a972-6dd0a02626e4" testId="6607c57d-cb62-421a-905c-3be5a9b24645" testName="Test1140" computerName="UA-LPT-OGA2" duration="00:00:00.7190000" startTime="2025-05-14T13:20:31.3146610Z" endTime="2025-05-14T13:25:31.3147553Z" testType="13cdc9d9-ddb5-4fa4-a97d-d965ccfc6d4b" outcome="Passed" testListId="924a0988-d5c4-4570-b341-a23ac5bc8d38" />
    <UnitTestResult executionId="fcd3f8d1-76ea-4e3c-8566-8c889c73874f" testId="b25e05d4-1ecc-491c-a887-104332ca3af7" testName="Test1141" computerName="UA-LPT-OGA2" duration="00:00:00.8000000" startTime="2025-05-14T13:20:31.3146610Z" endTime="2025-05-14T13:25:31.3147553Z" testType="13cdc9d9-ddb5-4fa4-a97d-d965ccfc6d4b" outcome="Passed" testListId="924a0988-d5c4-4570-b341-a23ac5bc8d38" />
    <UnitTestResult executionId="52f2f298-012c-4899-aadb-c97ebe404cd6" testId="a6374846-e8f9-4c08-84ea-3e64a26e42b7" testName="Test1142" computerName="UA-LPT-OGA2" duration="00:00:01.9230000" startTime="2025-05-14T13:20:31.3146610Z" endTime="2025-05-14T13:25:31.3147553Z" testType="13cdc9d9-ddb5-4fa4-a97d-d965ccfc6d4b" outcome="Passed" testListId="924a0988-d5c4-4570-b341-a23ac5bc8d38" />
    <UnitTestResult executionId="af136b3b-1fe4-4252-8fc6-e086ffb12d93" testId="346c973b-14a2-4663-9c81-6dfcfc11b17b" testName="Test1143" computerName="UA-LPT-OGA2" duration="00:00:01.4270000" startTime="2025-05-14T13:20:31.3146610Z" endTime="2025-05-14T13:25:31.3147553Z" testType="13cdc9d9-ddb5-4fa4-a97d-d965ccfc6d4b" outcome="Passed" testListId="924a0988-d5c4-4570-b341-a23ac5bc8d38" />
    <UnitTestResult executionId="4e2965c2-a50f-4599-9845-a745f1d1ade9" testId="81b96316-dd7e-4552-9e34-8ea45451653c" testName="Test1144" computerName="UA-LPT-OGA2" duration="00:00:00.2030000" startTime="2025-05-14T13:20:31.3146610Z" endTime="2025-05-14T13:25:31.3147553Z" testType="13cdc9d9-ddb5-4fa4-a97d-d965ccfc6d4b" outcome="Passed" testListId="924a0988-d5c4-4570-b341-a23ac5bc8d38" />
    <UnitTestResult executionId="d96d60c3-d5a5-48f0-82bc-6bcad1fb0a9b" testId="f0dfe733-bd41-49d6-b1ef-702ceea4b330" testName="Test1145" computerName="UA-LPT-OGA2" duration="00:00:01.0270000" startTime="2025-05-14T13:20:31.3146610Z" endTime="2025-05-14T13:25:31.3147553Z" testType="13cdc9d9-ddb5-4fa4-a97d-d965ccfc6d4b" outcome="Passed" testListId="924a0988-d5c4-4570-b341-a23ac5bc8d38" />
    <UnitTestResult executionId="15a10fe1-7172-4054-883f-9f690b9f9f6d" testId="89867627-52f9-4e79-9acf-7873edcc1faa" testName="Test1146" computerName="UA-LPT-OGA2" duration="00:00:01.1280000" startTime="2025-05-14T13:20:31.3146610Z" endTime="2025-05-14T13:25:31.3147553Z" testType="13cdc9d9-ddb5-4fa4-a97d-d965ccfc6d4b" outcome="Passed" testListId="924a0988-d5c4-4570-b341-a23ac5bc8d38" />
    <UnitTestResult executionId="d9f9f1e3-51a8-4927-b8a7-37529b7319d5" testId="918d04e0-9220-40fd-85b3-c6e5ade8f9d9" testName="Test1147" computerName="UA-LPT-OGA2" duration="00:00:01.5100000" startTime="2025-05-14T13:20:31.3146610Z" endTime="2025-05-14T13:25:31.3147553Z" testType="13cdc9d9-ddb5-4fa4-a97d-d965ccfc6d4b" outcome="Passed" testListId="924a0988-d5c4-4570-b341-a23ac5bc8d38" />
    <UnitTestResult executionId="01fa81bb-18a0-4851-b54d-eaab439d5996" testId="a5725f38-c533-47d7-8ed9-2329bed9c9f9" testName="Test1148" computerName="UA-LPT-OGA2" duration="00:00:00.4370000" startTime="2025-05-14T13:20:31.3146610Z" endTime="2025-05-14T13:25:31.3147553Z" testType="13cdc9d9-ddb5-4fa4-a97d-d965ccfc6d4b" outcome="Passed" testListId="924a0988-d5c4-4570-b341-a23ac5bc8d38" />
    <UnitTestResult executionId="9ab5026b-55fb-4443-8ea8-d05336688c40" testId="3a204446-160c-43b4-aacb-f7c35a51e6bd" testName="Test1149" computerName="UA-LPT-OGA2" duration="00:00:01.6010000" startTime="2025-05-14T13:20:31.3146610Z" endTime="2025-05-14T13:25:31.3147553Z" testType="13cdc9d9-ddb5-4fa4-a97d-d965ccfc6d4b" outcome="Passed" testListId="924a0988-d5c4-4570-b341-a23ac5bc8d38" />
    <UnitTestResult executionId="1ae662a8-18a1-432b-b975-7b78200f98ce" testId="c7594752-4008-4e44-8e62-97d6766cf961" testName="Test1150" computerName="UA-LPT-OGA2" duration="00:00:01.3400000" startTime="2025-05-14T13:20:31.3146610Z" endTime="2025-05-14T13:25:31.3147553Z" testType="13cdc9d9-ddb5-4fa4-a97d-d965ccfc6d4b" outcome="Passed" testListId="924a0988-d5c4-4570-b341-a23ac5bc8d38" />
    <UnitTestResult executionId="d20d29ac-a5c2-4d1c-bce2-4398b531ce26" testId="dd96e066-5eea-40ee-b780-1abbb3cf6f72" testName="Test1151" computerName="UA-LPT-OGA2" duration="00:00:00.6270000" startTime="2025-05-14T13:20:31.3146610Z" endTime="2025-05-14T13:25:31.3147553Z" testType="13cdc9d9-ddb5-4fa4-a97d-d965ccfc6d4b" outcome="Passed" testListId="924a0988-d5c4-4570-b341-a23ac5bc8d38" />
    <UnitTestResult executionId="97e147ca-5768-4a7d-b7d8-d8897a30ba22" testId="505bd846-b06b-4a3e-9267-8e3881106af1" testName="Test1152" computerName="UA-LPT-OGA2" duration="00:00:00.6860000" startTime="2025-05-14T13:20:31.3146610Z" endTime="2025-05-14T13:25:31.3147553Z" testType="13cdc9d9-ddb5-4fa4-a97d-d965ccfc6d4b" outcome="Passed" testListId="924a0988-d5c4-4570-b341-a23ac5bc8d38" />
    <UnitTestResult executionId="2c3a0627-b70c-4266-afad-7018f3fac8b4" testId="cb17c2d3-4bbc-40f7-8f1e-e9bef6b2be62" testName="Test1153" computerName="UA-LPT-OGA2" duration="00:00:01.4470000" startTime="2025-05-14T13:20:31.3146610Z" endTime="2025-05-14T13:25:31.3147553Z" testType="13cdc9d9-ddb5-4fa4-a97d-d965ccfc6d4b" outcome="Passed" testListId="924a0988-d5c4-4570-b341-a23ac5bc8d38" />
    <UnitTestResult executionId="2aadbfbf-939e-41d6-938d-cab1c6c0b79f" testId="ebc6db0d-4658-4630-a329-5f805a4cb221" testName="Test1154" computerName="UA-LPT-OGA2" duration="00:00:01.3540000" startTime="2025-05-14T13:20:31.3146610Z" endTime="2025-05-14T13:25:31.3147553Z" testType="13cdc9d9-ddb5-4fa4-a97d-d965ccfc6d4b" outcome="Passed" testListId="924a0988-d5c4-4570-b341-a23ac5bc8d38" />
    <UnitTestResult executionId="25eb3621-23c4-4acd-b34d-11f484700308" testId="6ae71217-d6e7-48ec-88b3-10b3dab3910b" testName="Test1155" computerName="UA-LPT-OGA2" duration="00:00:00.7200000" startTime="2025-05-14T13:20:31.3146610Z" endTime="2025-05-14T13:25:31.3147553Z" testType="13cdc9d9-ddb5-4fa4-a97d-d965ccfc6d4b" outcome="Passed" testListId="924a0988-d5c4-4570-b341-a23ac5bc8d38" />
    <UnitTestResult executionId="14951d59-0015-4313-9a12-1c8b99c5c877" testId="5c5e7d82-76a0-486e-b76f-e73ec9bcf932" testName="Test1156" computerName="UA-LPT-OGA2" duration="00:00:01.8850000" startTime="2025-05-14T13:20:31.3146610Z" endTime="2025-05-14T13:25:31.3147553Z" testType="13cdc9d9-ddb5-4fa4-a97d-d965ccfc6d4b" outcome="Passed" testListId="924a0988-d5c4-4570-b341-a23ac5bc8d38" />
    <UnitTestResult executionId="23d7a7c5-e528-4b01-8d55-9d2ebd542729" testId="ea0e9c7a-f296-4994-a12f-c1fab6ec988b" testName="Test1157" computerName="UA-LPT-OGA2" duration="00:00:01.4440000" startTime="2025-05-14T13:20:31.3146610Z" endTime="2025-05-14T13:25:31.3147553Z" testType="13cdc9d9-ddb5-4fa4-a97d-d965ccfc6d4b" outcome="Passed" testListId="924a0988-d5c4-4570-b341-a23ac5bc8d38" />
    <UnitTestResult executionId="e43f80ef-e8f4-456e-82a5-94da4befc7a5" testId="d5e1e508-322e-4915-b5ee-0fa4cb84ba61" testName="Test1158" computerName="UA-LPT-OGA2" duration="00:00:00.7090000" startTime="2025-05-14T13:20:31.3146610Z" endTime="2025-05-14T13:25:31.3147553Z" testType="13cdc9d9-ddb5-4fa4-a97d-d965ccfc6d4b" outcome="Passed" testListId="924a0988-d5c4-4570-b341-a23ac5bc8d38" />
    <UnitTestResult executionId="a4d10cb7-7b9e-4eaf-a5de-e9e2970aa162" testId="4dacdeca-c733-4145-8658-e4d7bdc76073" testName="Test1159" computerName="UA-LPT-OGA2" duration="00:00:01.3650000" startTime="2025-05-14T13:20:31.3146610Z" endTime="2025-05-14T13:25:31.3147553Z" testType="13cdc9d9-ddb5-4fa4-a97d-d965ccfc6d4b" outcome="Passed" testListId="924a0988-d5c4-4570-b341-a23ac5bc8d38" />
    <UnitTestResult executionId="21b6c3a1-337c-497f-9b12-0db09e9d0b8d" testId="3bb9b956-09b5-46da-8d63-ed8a86aecd30" testName="Test1160" computerName="UA-LPT-OGA2" duration="00:00:00.3970000" startTime="2025-05-14T13:20:31.3146610Z" endTime="2025-05-14T13:25:31.3147553Z" testType="13cdc9d9-ddb5-4fa4-a97d-d965ccfc6d4b" outcome="Passed" testListId="924a0988-d5c4-4570-b341-a23ac5bc8d38" />
    <UnitTestResult executionId="3b78aa16-4b54-415d-aebd-e4488fa0b658" testId="d2fb9908-c13e-41d1-9701-8a89365e2dee" testName="Test1161" computerName="UA-LPT-OGA2" duration="00:00:01.9630000" startTime="2025-05-14T13:20:31.3146610Z" endTime="2025-05-14T13:25:31.3147553Z" testType="13cdc9d9-ddb5-4fa4-a97d-d965ccfc6d4b" outcome="Passed" testListId="924a0988-d5c4-4570-b341-a23ac5bc8d38" />
    <UnitTestResult executionId="7718a7a1-1307-4d79-a0e7-6629526f7a25" testId="4cbee7b8-36b9-494c-9252-c909932955b8" testName="Test1162" computerName="UA-LPT-OGA2" duration="00:00:00.7860000" startTime="2025-05-14T13:20:31.3146610Z" endTime="2025-05-14T13:25:31.3147553Z" testType="13cdc9d9-ddb5-4fa4-a97d-d965ccfc6d4b" outcome="Passed" testListId="924a0988-d5c4-4570-b341-a23ac5bc8d38" />
    <UnitTestResult executionId="304202c1-2c6e-4018-9c1f-6edae991575d" testId="ef2b2d30-c2e5-439d-afa7-81faaf825353" testName="Test1163" computerName="UA-LPT-OGA2" duration="00:00:00.6180000" startTime="2025-05-14T13:20:31.3146610Z" endTime="2025-05-14T13:25:31.3147553Z" testType="13cdc9d9-ddb5-4fa4-a97d-d965ccfc6d4b" outcome="Passed" testListId="924a0988-d5c4-4570-b341-a23ac5bc8d38" />
    <UnitTestResult executionId="8af3fcb7-a77d-48e4-a734-a8b3f54d61ee" testId="541a58e1-54fd-4309-b875-fc015cd85b79" testName="Test1164" computerName="UA-LPT-OGA2" duration="00:00:01.7220000" startTime="2025-05-14T13:20:31.3146610Z" endTime="2025-05-14T13:25:31.3147553Z" testType="13cdc9d9-ddb5-4fa4-a97d-d965ccfc6d4b" outcome="Passed" testListId="924a0988-d5c4-4570-b341-a23ac5bc8d38" />
    <UnitTestResult executionId="05d872dd-5cfb-41d6-897b-f64683021626" testId="ff04749f-0bcb-4bdc-b0a8-6845f2ec5bdb" testName="Test1165" computerName="UA-LPT-OGA2" duration="00:00:01.1520000" startTime="2025-05-14T13:20:31.3146610Z" endTime="2025-05-14T13:25:31.3147553Z" testType="13cdc9d9-ddb5-4fa4-a97d-d965ccfc6d4b" outcome="Passed" testListId="924a0988-d5c4-4570-b341-a23ac5bc8d38" />
    <UnitTestResult executionId="68d5eaef-5d37-4ec5-b8a6-ac095056e48f" testId="3b88c9cb-5e83-4f24-8dbf-82a40a8b9e49" testName="Test1166" computerName="UA-LPT-OGA2" duration="00:00:01.6790000" startTime="2025-05-14T13:20:31.3146610Z" endTime="2025-05-14T13:25:31.3147553Z" testType="13cdc9d9-ddb5-4fa4-a97d-d965ccfc6d4b" outcome="Passed" testListId="924a0988-d5c4-4570-b341-a23ac5bc8d38" />
    <UnitTestResult executionId="7303f659-f8a3-4986-a3a8-eefb0045842a" testId="9704e115-eb45-424e-b89b-ef05b3141bc8" testName="Test1167" computerName="UA-LPT-OGA2" duration="00:00:01.7660000" startTime="2025-05-14T13:20:31.3146610Z" endTime="2025-05-14T13:25:31.3147553Z" testType="13cdc9d9-ddb5-4fa4-a97d-d965ccfc6d4b" outcome="Passed" testListId="924a0988-d5c4-4570-b341-a23ac5bc8d38" />
    <UnitTestResult executionId="e61398b6-2ea9-47e9-9e75-cf260318faaa" testId="7bc8573a-908f-468a-b20f-6e3b09a23060" testName="Test1168" computerName="UA-LPT-OGA2" duration="00:00:00.8590000" startTime="2025-05-14T13:20:31.3146610Z" endTime="2025-05-14T13:25:31.3147553Z" testType="13cdc9d9-ddb5-4fa4-a97d-d965ccfc6d4b" outcome="Passed" testListId="924a0988-d5c4-4570-b341-a23ac5bc8d38" />
    <UnitTestResult executionId="d4494a5e-caf7-43b2-a7c0-9b1803ccdb88" testId="7dd979ce-9076-42ce-ab37-1e9d578366f7" testName="Test1169" computerName="UA-LPT-OGA2" duration="00:00:01.4890000" startTime="2025-05-14T13:20:31.3146610Z" endTime="2025-05-14T13:25:31.3147553Z" testType="13cdc9d9-ddb5-4fa4-a97d-d965ccfc6d4b" outcome="Passed" testListId="924a0988-d5c4-4570-b341-a23ac5bc8d38" />
    <UnitTestResult executionId="a8af135b-7efc-418b-b66a-8fc3aecb5e0c" testId="60041a78-a7bc-4874-b7ae-83670038e60b" testName="Test1170" computerName="UA-LPT-OGA2" duration="00:00:01.5880000" startTime="2025-05-14T13:20:31.3146610Z" endTime="2025-05-14T13:25:31.3147553Z" testType="13cdc9d9-ddb5-4fa4-a97d-d965ccfc6d4b" outcome="Passed" testListId="924a0988-d5c4-4570-b341-a23ac5bc8d38" />
    <UnitTestResult executionId="1eb9380c-afc7-4595-ab66-7165d8bcc832" testId="d6b6e632-7998-4b0d-9905-4df9bf8c8012" testName="Test1171" computerName="UA-LPT-OGA2" duration="00:00:01.2040000" startTime="2025-05-14T13:20:31.3146610Z" endTime="2025-05-14T13:25:31.3147553Z" testType="13cdc9d9-ddb5-4fa4-a97d-d965ccfc6d4b" outcome="Failed" testListId="924a0988-d5c4-4570-b341-a23ac5bc8d38">
      <Output>
        <ErrorInfo>
          <Message>Assertion failed: Expected value did not match actual value.</Message>
          <StackTrace>   at TestNamespace.TestClass.Test() in TestClass.cs:line 439</StackTrace>
        </ErrorInfo>
      </Output>
    </UnitTestResult>
    <UnitTestResult executionId="2ac83f5f-4442-4dd9-afd8-fd801e1c4abc" testId="fb9f9e5e-7760-430a-92c8-2831a532372b" testName="Test1172" computerName="UA-LPT-OGA2" duration="00:00:00.5730000" startTime="2025-05-14T13:20:31.3146610Z" endTime="2025-05-14T13:25:31.3147553Z" testType="13cdc9d9-ddb5-4fa4-a97d-d965ccfc6d4b" outcome="Passed" testListId="924a0988-d5c4-4570-b341-a23ac5bc8d38" />
    <UnitTestResult executionId="12267a7e-d7ec-4e65-9263-a444cc46c3c0" testId="518c027f-c4fd-485e-ac64-daa1b073629f" testName="Test1173" computerName="UA-LPT-OGA2" duration="00:00:01.3550000" startTime="2025-05-14T13:20:31.3146610Z" endTime="2025-05-14T13:25:31.3147553Z" testType="13cdc9d9-ddb5-4fa4-a97d-d965ccfc6d4b" outcome="Passed" testListId="924a0988-d5c4-4570-b341-a23ac5bc8d38" />
    <UnitTestResult executionId="ea4a103e-0457-4088-8398-0ce1c273758d" testId="2882e6d6-acec-40da-9c2e-e71ae6d33b8f" testName="Test1174" computerName="UA-LPT-OGA2" duration="00:00:00.7490000" startTime="2025-05-14T13:20:31.3146610Z" endTime="2025-05-14T13:25:31.3147553Z" testType="13cdc9d9-ddb5-4fa4-a97d-d965ccfc6d4b" outcome="Passed" testListId="924a0988-d5c4-4570-b341-a23ac5bc8d38" />
    <UnitTestResult executionId="5efa118f-b782-407a-814b-6dd8914ee199" testId="80ddace2-d961-4601-b4ee-229bab3f91be" testName="Test1175" computerName="UA-LPT-OGA2" duration="00:00:00.5780000" startTime="2025-05-14T13:20:31.3146610Z" endTime="2025-05-14T13:25:31.3147553Z" testType="13cdc9d9-ddb5-4fa4-a97d-d965ccfc6d4b" outcome="Passed" testListId="924a0988-d5c4-4570-b341-a23ac5bc8d38" />
    <UnitTestResult executionId="838d703a-1eac-4e61-9d2c-198d4b74017e" testId="78a1d72d-6aac-4173-a8a0-29a2dfb931f4" testName="Test1176" computerName="UA-LPT-OGA2" duration="00:00:00.1890000" startTime="2025-05-14T13:20:31.3146610Z" endTime="2025-05-14T13:25:31.3147553Z" testType="13cdc9d9-ddb5-4fa4-a97d-d965ccfc6d4b" outcome="Passed" testListId="924a0988-d5c4-4570-b341-a23ac5bc8d38" />
    <UnitTestResult executionId="303defd3-6f95-4a8b-9bbe-7fe8734436a5" testId="a991bf52-f097-418f-b5c9-b7e84c8c9125" testName="Test1177" computerName="UA-LPT-OGA2" duration="00:00:00.2180000" startTime="2025-05-14T13:20:31.3146610Z" endTime="2025-05-14T13:25:31.3147553Z" testType="13cdc9d9-ddb5-4fa4-a97d-d965ccfc6d4b" outcome="Passed" testListId="924a0988-d5c4-4570-b341-a23ac5bc8d38" />
    <UnitTestResult executionId="48bc0be6-b38e-455e-8019-411020f839ee" testId="87a121b5-ef21-4d80-876d-98c6651f1017" testName="Test1178" computerName="UA-LPT-OGA2" duration="00:00:01.9590000" startTime="2025-05-14T13:20:31.3146610Z" endTime="2025-05-14T13:25:31.3147553Z" testType="13cdc9d9-ddb5-4fa4-a97d-d965ccfc6d4b" outcome="Passed" testListId="924a0988-d5c4-4570-b341-a23ac5bc8d38" />
    <UnitTestResult executionId="46574001-341e-44b2-a8f8-98ece243690e" testId="d5064b3b-2add-4937-b602-80e56a26d473" testName="Test1179" computerName="UA-LPT-OGA2" duration="00:00:00.4780000" startTime="2025-05-14T13:20:31.3146610Z" endTime="2025-05-14T13:25:31.3147553Z" testType="13cdc9d9-ddb5-4fa4-a97d-d965ccfc6d4b" outcome="Passed" testListId="924a0988-d5c4-4570-b341-a23ac5bc8d38" />
    <UnitTestResult executionId="5034803f-14d4-4abc-9949-f71675e0a7de" testId="578962f5-6b41-43d4-b4ba-24b3b635b2e1" testName="Test1180" computerName="UA-LPT-OGA2" duration="00:00:01.2500000" startTime="2025-05-14T13:20:31.3146610Z" endTime="2025-05-14T13:25:31.3147553Z" testType="13cdc9d9-ddb5-4fa4-a97d-d965ccfc6d4b" outcome="Passed" testListId="924a0988-d5c4-4570-b341-a23ac5bc8d38" />
    <UnitTestResult executionId="bfe4cf03-2a66-4979-80ea-d585986b76f5" testId="dd8fc869-b903-415e-b525-0c4b98f85827" testName="Test1181" computerName="UA-LPT-OGA2" duration="00:00:00.2100000" startTime="2025-05-14T13:20:31.3146610Z" endTime="2025-05-14T13:25:31.3147553Z" testType="13cdc9d9-ddb5-4fa4-a97d-d965ccfc6d4b" outcome="Passed" testListId="924a0988-d5c4-4570-b341-a23ac5bc8d38" />
    <UnitTestResult executionId="4a471b37-508e-425c-a9f6-e0f8cfd4e997" testId="2a9dbaf1-6366-4e91-9400-36a4882ab1bb" testName="Test1182" computerName="UA-LPT-OGA2" duration="00:00:01.2560000" startTime="2025-05-14T13:20:31.3146610Z" endTime="2025-05-14T13:25:31.3147553Z" testType="13cdc9d9-ddb5-4fa4-a97d-d965ccfc6d4b" outcome="Inconclusive" testListId="924a0988-d5c4-4570-b341-a23ac5bc8d38" />
    <UnitTestResult executionId="4bb66eb0-50f2-4af6-9c7c-b7ea64e65958" testId="1af214ba-c4e9-4b89-9da5-e1defac0630e" testName="Test1183" computerName="UA-LPT-OGA2" duration="00:00:01.3890000" startTime="2025-05-14T13:20:31.3146610Z" endTime="2025-05-14T13:25:31.3147553Z" testType="13cdc9d9-ddb5-4fa4-a97d-d965ccfc6d4b" outcome="Passed" testListId="924a0988-d5c4-4570-b341-a23ac5bc8d38" />
    <UnitTestResult executionId="e511775c-2e07-4d24-99ba-aefefd73d310" testId="62fd3199-b875-42cf-9e73-bf46e83b65fc" testName="Test1184" computerName="UA-LPT-OGA2" duration="00:00:01.9680000" startTime="2025-05-14T13:20:31.3146610Z" endTime="2025-05-14T13:25:31.3147553Z" testType="13cdc9d9-ddb5-4fa4-a97d-d965ccfc6d4b" outcome="Failed" testListId="924a0988-d5c4-4570-b341-a23ac5bc8d38">
      <Output>
        <ErrorInfo>
          <Message>Assertion failed: Expected value did not match actual value.</Message>
          <StackTrace>   at TestNamespace.TestClass.Test() in TestClass.cs:line 267</StackTrace>
        </ErrorInfo>
      </Output>
    </UnitTestResult>
    <UnitTestResult executionId="0eb31648-7b91-4c8f-94df-5d52df1f4db8" testId="2a808dae-0e1b-436c-b2a5-532cf40ae5d4" testName="Test1185" computerName="UA-LPT-OGA2" duration="00:00:00.9150000" startTime="2025-05-14T13:20:31.3146610Z" endTime="2025-05-14T13:25:31.3147553Z" testType="13cdc9d9-ddb5-4fa4-a97d-d965ccfc6d4b" outcome="Passed" testListId="924a0988-d5c4-4570-b341-a23ac5bc8d38" />
    <UnitTestResult executionId="d5e825fe-53b3-450e-8373-da23aef97859" testId="fe77ec65-42a1-453f-844a-211b0aa7f993" testName="Test1186" computerName="UA-LPT-OGA2" duration="00:00:00.2340000" startTime="2025-05-14T13:20:31.3146610Z" endTime="2025-05-14T13:25:31.3147553Z" testType="13cdc9d9-ddb5-4fa4-a97d-d965ccfc6d4b" outcome="Passed" testListId="924a0988-d5c4-4570-b341-a23ac5bc8d38" />
    <UnitTestResult executionId="f6879db1-b51c-41a5-8b3a-12b92f86aa0b" testId="5ff21550-9119-41fe-8beb-ee9d0ade8fef" testName="Test1187" computerName="UA-LPT-OGA2" duration="00:00:00.6220000" startTime="2025-05-14T13:20:31.3146610Z" endTime="2025-05-14T13:25:31.3147553Z" testType="13cdc9d9-ddb5-4fa4-a97d-d965ccfc6d4b" outcome="Passed" testListId="924a0988-d5c4-4570-b341-a23ac5bc8d38" />
    <UnitTestResult executionId="f883d543-68b0-4464-915f-69a9ee5ee56a" testId="853c9e0d-ff80-45de-a7f6-85dcd6bdf0d8" testName="Test1188" computerName="UA-LPT-OGA2" duration="00:00:01.5030000" startTime="2025-05-14T13:20:31.3146610Z" endTime="2025-05-14T13:25:31.3147553Z" testType="13cdc9d9-ddb5-4fa4-a97d-d965ccfc6d4b" outcome="Failed" testListId="924a0988-d5c4-4570-b341-a23ac5bc8d38">
      <Output>
        <ErrorInfo>
          <Message>Assertion failed: Expected value did not match actual value.</Message>
          <StackTrace>   at TestNamespace.TestClass.Test() in TestClass.cs:line 474</StackTrace>
        </ErrorInfo>
      </Output>
    </UnitTestResult>
    <UnitTestResult executionId="d55fdb41-79dc-4229-a97e-ea29b0612c48" testId="0b1b8479-31cb-4020-92ce-4d6e055aaad1" testName="Test1189" computerName="UA-LPT-OGA2" duration="00:00:01.8060000" startTime="2025-05-14T13:20:31.3146610Z" endTime="2025-05-14T13:25:31.3147553Z" testType="13cdc9d9-ddb5-4fa4-a97d-d965ccfc6d4b" outcome="Passed" testListId="924a0988-d5c4-4570-b341-a23ac5bc8d38" />
    <UnitTestResult executionId="81f8ecde-e4e1-417c-88cd-cac22994cd81" testId="0d0aaf6c-d7a5-4c9c-90e3-9bfa82c048e3" testName="Test1190" computerName="UA-LPT-OGA2" duration="00:00:01.9890000" startTime="2025-05-14T13:20:31.3146610Z" endTime="2025-05-14T13:25:31.3147553Z" testType="13cdc9d9-ddb5-4fa4-a97d-d965ccfc6d4b" outcome="Passed" testListId="924a0988-d5c4-4570-b341-a23ac5bc8d38" />
    <UnitTestResult executionId="a5942204-25b1-462c-903e-c8a24c7b9d22" testId="d498d092-5318-4530-aab2-476d033ba228" testName="Test1191" computerName="UA-LPT-OGA2" duration="00:00:01.5300000" startTime="2025-05-14T13:20:31.3146610Z" endTime="2025-05-14T13:25:31.3147553Z" testType="13cdc9d9-ddb5-4fa4-a97d-d965ccfc6d4b" outcome="Passed" testListId="924a0988-d5c4-4570-b341-a23ac5bc8d38" />
    <UnitTestResult executionId="687e1085-6c53-4b1f-854b-2b95588351c6" testId="67740c69-f9c7-4787-b314-582f21cd2f3c" testName="Test1192" computerName="UA-LPT-OGA2" duration="00:00:00.3770000" startTime="2025-05-14T13:20:31.3146610Z" endTime="2025-05-14T13:25:31.3147553Z" testType="13cdc9d9-ddb5-4fa4-a97d-d965ccfc6d4b" outcome="Passed" testListId="924a0988-d5c4-4570-b341-a23ac5bc8d38" />
    <UnitTestResult executionId="ea5bd9f8-a8eb-489e-bf17-f1e59e15f4ff" testId="1f65842a-dbe6-4c32-9877-bee4406bfb13" testName="Test1193" computerName="UA-LPT-OGA2" duration="00:00:00.3370000" startTime="2025-05-14T13:20:31.3146610Z" endTime="2025-05-14T13:25:31.3147553Z" testType="13cdc9d9-ddb5-4fa4-a97d-d965ccfc6d4b" outcome="Passed" testListId="924a0988-d5c4-4570-b341-a23ac5bc8d38" />
    <UnitTestResult executionId="0bcf960f-f899-4c5b-a2cf-7a4f48ff876e" testId="056ab30f-2b95-4ab0-987e-b2f6f4f72b19" testName="Test1194" computerName="UA-LPT-OGA2" duration="00:00:01.9750000" startTime="2025-05-14T13:20:31.3146610Z" endTime="2025-05-14T13:25:31.3147553Z" testType="13cdc9d9-ddb5-4fa4-a97d-d965ccfc6d4b" outcome="Passed" testListId="924a0988-d5c4-4570-b341-a23ac5bc8d38" />
    <UnitTestResult executionId="e71e169a-f3e9-4d30-ad6f-c13c2368e6ff" testId="26f54722-d30a-471c-8b32-f1792cad7634" testName="Test1195" computerName="UA-LPT-OGA2" duration="00:00:00.3510000" startTime="2025-05-14T13:20:31.3146610Z" endTime="2025-05-14T13:25:31.3147553Z" testType="13cdc9d9-ddb5-4fa4-a97d-d965ccfc6d4b" outcome="Passed" testListId="924a0988-d5c4-4570-b341-a23ac5bc8d38" />
    <UnitTestResult executionId="35cdb0a8-62b5-47d4-92b3-424a134548f4" testId="63638286-a501-4785-91e2-75d26d20f30a" testName="Test1196" computerName="UA-LPT-OGA2" duration="00:00:00.8910000" startTime="2025-05-14T13:20:31.3146610Z" endTime="2025-05-14T13:25:31.3147553Z" testType="13cdc9d9-ddb5-4fa4-a97d-d965ccfc6d4b" outcome="Passed" testListId="924a0988-d5c4-4570-b341-a23ac5bc8d38" />
    <UnitTestResult executionId="ad76096f-43d2-4161-bf1a-7ce11797ee77" testId="97ea8faf-0318-41e6-a8b8-5103f348fd9c" testName="Test1197" computerName="UA-LPT-OGA2" duration="00:00:01.4840000" startTime="2025-05-14T13:20:31.3146610Z" endTime="2025-05-14T13:25:31.3147553Z" testType="13cdc9d9-ddb5-4fa4-a97d-d965ccfc6d4b" outcome="Failed" testListId="924a0988-d5c4-4570-b341-a23ac5bc8d38">
      <Output>
        <ErrorInfo>
          <Message>Assertion failed: Expected value did not match actual value.</Message>
          <StackTrace>   at TestNamespace.TestClass.Test() in TestClass.cs:line 65</StackTrace>
        </ErrorInfo>
      </Output>
    </UnitTestResult>
    <UnitTestResult executionId="91090b15-8d26-425a-a8ee-11ea77dbd609" testId="416e9b10-33b9-4b8d-b507-500dc5d6361a" testName="Test1198" computerName="UA-LPT-OGA2" duration="00:00:00.0770000" startTime="2025-05-14T13:20:31.3146610Z" endTime="2025-05-14T13:25:31.3147553Z" testType="13cdc9d9-ddb5-4fa4-a97d-d965ccfc6d4b" outcome="Passed" testListId="924a0988-d5c4-4570-b341-a23ac5bc8d38" />
    <UnitTestResult executionId="55d53aae-a391-4e75-8c72-5512d4070202" testId="98a56705-ee2f-408b-8e7f-e20380411cc3" testName="Test1199" computerName="UA-LPT-OGA2" duration="00:00:01.6250000" startTime="2025-05-14T13:20:31.3146610Z" endTime="2025-05-14T13:25:31.3147553Z" testType="13cdc9d9-ddb5-4fa4-a97d-d965ccfc6d4b" outcome="Passed" testListId="924a0988-d5c4-4570-b341-a23ac5bc8d38" />
    <UnitTestResult executionId="c67fad70-62be-4581-ba8a-bba40d8f932e" testId="76a505c5-2f8d-4998-ac9b-6cd47f6f7a9c" testName="Test1200" computerName="UA-LPT-OGA2" duration="00:00:01.5080000" startTime="2025-05-14T13:20:31.3146610Z" endTime="2025-05-14T13:25:31.3147553Z" testType="13cdc9d9-ddb5-4fa4-a97d-d965ccfc6d4b" outcome="Passed" testListId="924a0988-d5c4-4570-b341-a23ac5bc8d38" />
  </Results>
  <TestDefinitions>
    <UnitTest name="Test1101" id="1a3e9d41-ae9c-4143-aae8-5ba3b152586e" storage="TestAssembly.dll">
      <Execution id="d91aa5cc-055f-474a-993d-efe09a2240f9" />
      <TestMethod codeBase="TestAssembly.dll" className="TestNamespace.TestClass1" name="Test1101" />
    </UnitTest>
    <UnitTest name="Test1102" id="087548ee-3365-4479-9a21-382e2e347046" storage="TestAssembly.dll">
      <Execution id="1762ea7e-076c-46d9-9363-dae6d7fb443e" />
      <TestMethod codeBase="TestAssembly.dll" className="TestNamespace.TestClass1" name="Test1102" />
    </UnitTest>
    <UnitTest name="Test1103" id="1f019599-6e4d-4364-8b41-c7e82d5073f1" storage="TestAssembly.dll">
      <Execution id="d5102d35-0d9d-4e1e-bca0-42e23f07d2b3" />
      <TestMethod codeBase="TestAssembly.dll" className="TestNamespace.TestClass1" name="Test1103" />
    </UnitTest>
    <UnitTest name="Test1104" id="5ca82fbd-a37f-48ab-934e-d1024276f7f7" storage="TestAssembly.dll">
      <Execution id="fde27039-1833-459f-9e48-570fe0860a43" />
      <TestMethod codeBase="TestAssembly.dll" className="TestNamespace.TestClass1" name="Test1104" />
    </UnitTest>
    <UnitTest name="Test1105" id="0f8c5d59-dce7-4960-9b74-03a617badee3" storage="TestAssembly.dll">
      <Execution id="af15b1d1-ae27-4d12-8740-8dd14e3bdd47" />
      <TestMethod codeBase="TestAssembly.dll" className="TestNamespace.TestClass1" name="Test1105" />
    </UnitTest>
    <UnitTest name="Test1106" id="beb3cdb4-e1fa-4229-bf0c-1f5331ad8ed7" storage="TestAssembly.dll">
      <Execution id="17f04766-70ad-42f4-83df-59243f484198" />
      <TestMethod codeBase="TestAssembly.dll" className="TestNamespace.TestClass1" name="Test1106" />
    </UnitTest>
    <UnitTest name="Test1107" id="f2095957-49e9-4de6-bdfe-556543abda43" storage="TestAssembly.dll">
      <Execution id="88e31ca3-d161-4b4f-9046-2eb25c069dc3" />
      <TestMethod codeBase="TestAssembly.dll" className="TestNamespace.TestClass1" name="Test1107" />
    </UnitTest>
    <UnitTest name="Test1108" id="f254fc7c-4609-4b85-8145-2c809979fda1" storage="TestAssembly.dll">
      <Execution id="f73a5ea6-743c-4de8-870d-ac036671b62c" />
      <TestMethod codeBase="TestAssembly.dll" className="TestNamespace.TestClass1" name="Test1108" />
    </UnitTest>
    <UnitTest name="Test1109" id="be5c7167-b0dd-4c30-8125-dcf67cb7c974" storage="TestAssembly.dll">
      <Execution id="05e09409-6a44-4646-b737-3d45298823f7" />
      <TestMethod codeBase="TestAssembly.dll" className="TestNamespace.TestClass1" name="Test1109" />
    </UnitTest>
    <UnitTest name="Test1110" id="ebe2d86a-60d2-455e-975c-8357c8a5265e" storage="TestAssembly.dll">
      <Execution id="9bc32e90-b560-43e6-9935-b6ec5506ce52" />
      <TestMethod codeBase="TestAssembly.dll" className="TestNamespace.TestClass1" name="Test1110" />
    </UnitTest>
    <UnitTest name="Test1111" id="4dae318f-907f-4234-a5f8-09a4970e17e4" storage="TestAssembly.dll">
      <Execution id="436274c6-6956-41db-baf5-e86c5b462097" />
      <TestMethod codeBase="TestAssembly.dll" className="TestNamespace.TestClass2" name="Test1111" />
    </UnitTest>
    <UnitTest name="Test1112" id="4ccecc5d-089e-4113-8698-00c8a906e743" storage="TestAssembly.dll">
      <Execution id="c03e611a-3190-4e3d-abfc-fdacce2dc31d" />
      <TestMethod codeBase="TestAssembly.dll" className="TestNamespace.TestClass2" name="Test1112" />
    </UnitTest>
    <UnitTest name="Test1113" id="fd79dd0e-49d8-4662-afab-3a76aa61f116" storage="TestAssembly.dll">
      <Execution id="2ed43590-5d73-4164-bcb2-127aed45d3d4" />
      <TestMethod codeBase="TestAssembly.dll" className="TestNamespace.TestClass2" name="Test1113" />
    </UnitTest>
    <UnitTest name="Test1114" id="f23021fa-1875-4c83-96c4-abee0f9dbcb5" storage="TestAssembly.dll">
      <Execution id="710c3d85-428b-44a2-9ec1-05d5ae3b93ca" />
      <TestMethod codeBase="TestAssembly.dll" className="TestNamespace.TestClass2" name="Test1114" />
    </UnitTest>
    <UnitTest name="Test1115" id="e6c5bfe9-930c-4cae-89aa-44a2f139a1ce" storage="TestAssembly.dll">
      <Execution id="bfad625d-350d-424c-8139-90f5c8438c36" />
      <TestMethod codeBase="TestAssembly.dll" className="TestNamespace.TestClass2" name="Test1115" />
    </UnitTest>
    <UnitTest name="Test1116" id="74e3702d-0212-4cec-9ff3-26dd3ecb2d9d" storage="TestAssembly.dll">
      <Execution id="feed796d-4951-4c18-86b6-a04e6b6f6c5f" />
      <TestMethod codeBase="TestAssembly.dll" className="TestNamespace.TestClass2" name="Test1116" />
    </UnitTest>
    <UnitTest name="Test1117" id="ef1888ed-a20b-4d95-abbe-9007402cbc81" storage="TestAssembly.dll">
      <Execution id="6bc00aeb-b715-4cf1-ae08-fadb0f1cfc98" />
      <TestMethod codeBase="TestAssembly.dll" className="TestNamespace.TestClass2" name="Test1117" />
    </UnitTest>
    <UnitTest name="Test1118" id="b91f7ece-65aa-4466-8c79-7c8d2b6d575c" storage="TestAssembly.dll">
      <Execution id="25ee9370-ac74-4de9-a9c7-361516db373a" />
      <TestMethod codeBase="TestAssembly.dll" className="TestNamespace.TestClass2" name="Test1118" />
    </UnitTest>
    <UnitTest name="Test1119" id="1a554b95-9d8b-43ff-b796-26f61ce0ccc1" storage="TestAssembly.dll">
      <Execution id="b062ae1d-4c53-4a1d-b3cc-305e35edb67d" />
      <TestMethod codeBase="TestAssembly.dll" className="TestNamespace.TestClass2" name="Test1119" />
    </UnitTest>
    <UnitTest name="Test1120" id="45babc7c-ac06-4501-b147-1bcaa49d3529" storage="TestAssembly.dll">
      <Execution id="3fab6520-1fe2-4327-8847-b415bac2c542" />
      <TestMethod codeBase="TestAssembly.dll" className="TestNamespace.TestClass2" name="Test1120" />
    </UnitTest>
    <UnitTest name="Test1121" id="5586ef2a-d4d1-4975-9b03-a40c552954b2" storage="TestAssembly.dll">
      <Execution id="e4317c44-b85c-485d-9201-e824a30df557" />
      <TestMethod codeBase="TestAssembly.dll" className="TestNamespace.TestClass3" name="Test1121" />
    </UnitTest>
    <UnitTest name="Test1122" id="27305a24-a419-425d-8309-42d50d8b72f4" storage="TestAssembly.dll">
      <Execution id="850b588c-0820-4a12-8158-f0f271eb89e7" />
      <TestMethod codeBase="TestAssembly.dll" className="TestNamespace.TestClass3" name="Test1122" />
    </UnitTest>
    <UnitTest name="Test1123" id="870fa5c0-d3c3-44e6-857c-5ddb6b83fc04" storage="TestAssembly.dll">
      <Execution id="2a3822a9-0ace-4c6a-8669-4dedf94328de" />
      <TestMethod codeBase="TestAssembly.dll" className="TestNamespace.TestClass3" name="Test1123" />
    </UnitTest>
    <UnitTest name="Test1124" id="515b1460-fe4a-4e8d-927f-8a5dae443bd7" storage="TestAssembly.dll">
      <Execution id="228a77d1-f497-416f-8874-579b573d788d" />
      <TestMethod codeBase="TestAssembly.dll" className="TestNamespace.TestClass3" name="Test1124" />
    </UnitTest>
    <UnitTest name="Test1125" id="a985c68f-54dc-4793-a09a-43dfd2dc5f0c" storage="TestAssembly.dll">
      <Execution id="62135d0b-b65d-4f8b-a0b0-d0c8dafdfd93" />
      <TestMethod codeBase="TestAssembly.dll" className="TestNamespace.TestClass3" name="Test1125" />
    </UnitTest>
    <UnitTest name="Test1126" id="8ab50a5c-2dc5-4adc-95a6-cb13113c4e75" storage="TestAssembly.dll">
      <Execution id="9676c110-d449-48f4-9af0-bdef68c85836" />
      <TestMethod codeBase="TestAssembly.dll" className="TestNamespace.TestClass3" name="Test1126" />
    </UnitTest>
    <UnitTest name="Test1127" id="b84772aa-0961-4e1e-88c4-c349891ea920" storage="TestAssembly.dll">
      <Execution id="c7a74c85-9749-4843-9ca8-ce214deeea78" />
      <TestMethod codeBase="TestAssembly.dll" className="TestNamespace.TestClass3" name="Test1127" />
    </UnitTest>
    <UnitTest name="Test1128" id="eda6ff69-3465-4475-8ce9-33c7d16703c3" storage="TestAssembly.dll">
      <Execution id="855875e4-25cd-4c38-b7c8-234a7c583d3f" />
      <TestMethod codeBase="TestAssembly.dll" className="TestNamespace.TestClass3" name="Test1128" />
    </UnitTest>
    <UnitTest name="Test1129" id="cb7ea523-a6ac-4d34-b82b-91580768164e" storage="TestAssembly.dll">
      <Execution id="fa5d1823-617b-439c-8526-40f2dcfb8681" />
      <TestMethod codeBase="TestAssembly.dll" className="TestNamespace.TestClass3" name="Test1129" />
    </UnitTest>
    <UnitTest name="Test1130" id="d139181e-ede0-43f0-8636-fcabfdafda1f" storage="TestAssembly.dll">
      <Execution id="6056473e-e1c0-41f8-b9b1-34c5d4b0467d" />
      <TestMethod codeBase="TestAssembly.dll" className="TestNamespace.TestClass3" name="Test1130" />
    </UnitTest>
    <UnitTest name="Test1131" id="117b4e9e-063a-41af-ba9e-7496310fe395" storage="TestAssembly.dll">
      <Execution id="e1ba1e10-c907-40ba-a419-65be9090dc1b" />
      <TestMethod codeBase="TestAssembly.dll" className="TestNamespace.TestClass4" name="Test1131" />
    </UnitTest>
    <UnitTest name="Test1132" id="b13abf47-cafd-49f9-8257-d9068aaa2ac8" storage="TestAssembly.dll">
      <Execution id="c314bae1-7add-4685-9888-0cfd592a9bce" />
      <TestMethod codeBase="TestAssembly.dll" className="TestNamespace.TestClass4" name="Test1132" />
    </UnitTest>
    <UnitTest name="Test1133" id="15fbca2c-c880-4bba-a77b-e1279ac663f4" storage="TestAssembly.dll">
      <Execution id="8a535801-85fb-48af-8271-22e498ec7584" />
      <TestMethod codeBase="TestAssembly.dll" className="TestNamespace.TestClass4" name="Test1133" />
    </UnitTest>
    <UnitTest name="Test1134" id="115c9523-249c-4e18-a33f-146525a56e3d" storage="TestAssembly.dll">
      <Execution id="b7ec0e95-7b75-4cce-858e-64b5a220777f" />
      <TestMethod codeBase="TestAssembly.dll" className="TestNamespace.TestClass4" name="Test1134" />
    </UnitTest>
    <UnitTest name="Test1135" id="83677f3b-a578-4214-af58-8123c9ec10fd" storage="TestAssembly.dll">
      <Execution id="cffbc79d-2ef5-4bf8-b7ae-3f9e1525efd1" />
      <TestMethod codeBase="TestAssembly.dll" className="TestNamespace.TestClass4" name="Test1135" />
    </UnitTest>
    <UnitTest name="Test1136" id="1575223e-6f96-400f-8fe9-06c744ff6afd" storage="TestAssembly.dll">
      <Execution id="00b64703-b4c7-40cc-acfd-92ae1c7a7be9" />
      <TestMethod codeBase="TestAssembly.dll" className="TestNamespace.TestClass4" name="Test1136" />
    </UnitTest>
    <UnitTest name="Test1137" id="1c917869-9318-4aee-96f6-09b2490bd581" storage="TestAssembly.dll">
      <Execution id="52155f27-0c57-44ba-97c7-33aeaad7c881" />
      <TestMethod codeBase="TestAssembly.dll" className="TestNamespace.TestClass4" name="Test1137" />
    </UnitTest>
    <UnitTest name="Test1138" id="f4e0c6a6-3071-4323-be57-0c59ecea287e" storage="TestAssembly.dll">
      <Execution id="7c75a24c-f109-4fcb-9c1d-349e5fab1335" />
      <TestMethod codeBase="TestAssembly.dll" className="TestNamespace.TestClass4" name="Test1138" />
    </UnitTest>
    <UnitTest name="Test1139" id="ce40e20c-67d7-49f0-a0e4-41de2475cec4" storage="TestAssembly.dll">
      <Execution id="4c427663-b4c1-4694-96a3-2f054194159e" />
      <TestMethod codeBase="TestAssembly.dll" className="TestNamespace.TestClass4" name="Test1139" />
    </UnitTest>
    <UnitTest name="Test1140" id="6607c57d-cb62-421a-905c-3be5a9b24645" storage="TestAssembly.dll">
      <Execution id="2ede9689-3b61-459f-a972-6dd0a02626e4" />
      <TestMethod codeBase="TestAssembly.dll" className="TestNamespace.TestClass4" name="Test1140" />
    </UnitTest>
    <UnitTest name="Test1141" id="b25e05d4-1ecc-491c-a887-104332ca3af7" storage="TestAssembly.dll">
      <Execution id="fcd3f8d1-76ea-4e3c-8566-8c889c73874f" />
      <TestMethod codeBase="TestAssembly.dll" className="TestNamespace.TestClass5" name="Test1141" />
    </UnitTest>
    <UnitTest name="Test1142" id="a6374846-e8f9-4c08-84ea-3e64a26e42b7" storage="TestAssembly.dll">
      <Execution id="52f2f298-012c-4899-aadb-c97ebe404cd6" />
      <TestMethod codeBase="TestAssembly.dll" className="TestNamespace.TestClass5" name="Test1142" />
    </UnitTest>
    <UnitTest name="Test1143" id="346c973b-14a2-4663-9c81-6dfcfc11b17b" storage="TestAssembly.dll">
      <Execution id="af136b3b-1fe4-4252-8fc6-e086ffb12d93" />
      <TestMethod codeBase="TestAssembly.dll" className="TestNamespace.TestClass5" name="Test1143" />
    </UnitTest>
    <UnitTest name="Test1144" id="81b96316-dd7e-4552-9e34-8ea45451653c" storage="TestAssembly.dll">
      <Execution id="4e2965c2-a50f-4599-9845-a745f1d1ade9" />
      <TestMethod codeBase="TestAssembly.dll" className="TestNamespace.TestClass5" name="Test1144" />
    </UnitTest>
    <UnitTest name="Test1145" id="f0dfe733-bd41-49d6-b1ef-702ceea4b330" storage="TestAssembly.dll">
      <Execution id="d96d60c3-d5a5-48f0-82bc-6bcad1fb0a9b" />
      <TestMethod codeBase="TestAssembly.dll" className="TestNamespace.TestClass5" name="Test1145" />
    </UnitTest>
    <UnitTest name="Test1146" id="89867627-52f9-4e79-9acf-7873edcc1faa" storage="TestAssembly.dll">
      <Execution id="15a10fe1-7172-4054-883f-9f690b9f9f6d" />
      <TestMethod codeBase="TestAssembly.dll" className="TestNamespace.TestClass5" name="Test1146" />
    </UnitTest>
    <UnitTest name="Test1147" id="918d04e0-9220-40fd-85b3-c6e5ade8f9d9" storage="TestAssembly.dll">
      <Execution id="d9f9f1e3-51a8-4927-b8a7-37529b7319d5" />
      <TestMethod codeBase="TestAssembly.dll" className="TestNamespace.TestClass5" name="Test1147" />
    </UnitTest>
    <UnitTest name="Test1148" id="a5725f38-c533-47d7-8ed9-2329bed9c9f9" storage="TestAssembly.dll">
      <Execution id="01fa81bb-18a0-4851-b54d-eaab439d5996" />
      <TestMethod codeBase="TestAssembly.dll" className="TestNamespace.TestClass5" name="Test1148" />
    </UnitTest>
    <UnitTest name="Test1149" id="3a204446-160c-43b4-aacb-f7c35a51e6bd" storage="TestAssembly.dll">
      <Execution id="9ab5026b-55fb-4443-8ea8-d05336688c40" />
      <TestMethod codeBase="TestAssembly.dll" className="TestNamespace.TestClass5" name="Test1149" />
    </UnitTest>
    <UnitTest name="Test1150" id="c7594752-4008-4e44-8e62-97d6766cf961" storage="TestAssembly.dll">
      <Execution id="1ae662a8-18a1-432b-b975-7b78200f98ce" />
      <TestMethod codeBase="TestAssembly.dll" className="TestNamespace.TestClass5" name="Test1150" />
    </UnitTest>
    <UnitTest name="Test1151" id="dd96e066-5eea-40ee-b780-1abbb3cf6f72" storage="TestAssembly.dll">
      <Execution id="d20d29ac-a5c2-4d1c-bce2-4398b531ce26" />
      <TestMethod codeBase="TestAssembly.dll" className="TestNamespace.TestClass6" name="Test1151" />
    </UnitTest>
    <UnitTest name="Test1152" id="505bd846-b06b-4a3e-9267-8e3881106af1" storage="TestAssembly.dll">
      <Execution id="97e147ca-5768-4a7d-b7d8-d8897a30ba22" />
      <TestMethod codeBase="TestAssembly.dll" className="TestNamespace.TestClass6" name="Test1152" />
    </UnitTest>
    <UnitTest name="Test1153" id="cb17c2d3-4bbc-40f7-8f1e-e9bef6b2be62" storage="TestAssembly.dll">
      <Execution id="2c3a0627-b70c-4266-afad-7018f3fac8b4" />
      <TestMethod codeBase="TestAssembly.dll" className="TestNamespace.TestClass6" name="Test1153" />
    </UnitTest>
    <UnitTest name="Test1154" id="ebc6db0d-4658-4630-a329-5f805a4cb221" storage="TestAssembly.dll">
      <Execution id="2aadbfbf-939e-41d6-938d-cab1c6c0b79f" />
      <TestMethod codeBase="TestAssembly.dll" className="TestNamespace.TestClass6" name="Test1154" />
    </UnitTest>
    <UnitTest name="Test1155" id="6ae71217-d6e7-48ec-88b3-10b3dab3910b" storage="TestAssembly.dll">
      <Execution id="25eb3621-23c4-4acd-b34d-11f484700308" />
      <TestMethod codeBase="TestAssembly.dll" className="TestNamespace.TestClass6" name="Test1155" />
    </UnitTest>
    <UnitTest name="Test1156" id="5c5e7d82-76a0-486e-b76f-e73ec9bcf932" storage="TestAssembly.dll">
      <Execution id="14951d59-0015-4313-9a12-1c8b99c5c877" />
      <TestMethod codeBase="TestAssembly.dll" className="TestNamespace.TestClass6" name="Test1156" />
    </UnitTest>
    <UnitTest name="Test1157" id="ea0e9c7a-f296-4994-a12f-c1fab6ec988b" storage="TestAssembly.dll">
      <Execution id="23d7a7c5-e528-4b01-8d55-9d2ebd542729" />
      <TestMethod codeBase="TestAssembly.dll" className="TestNamespace.TestClass6" name="Test1157" />
    </UnitTest>
    <UnitTest name="Test1158" id="d5e1e508-322e-4915-b5ee-0fa4cb84ba61" storage="TestAssembly.dll">
      <Execution id="e43f80ef-e8f4-456e-82a5-94da4befc7a5" />
      <TestMethod codeBase="TestAssembly.dll" className="TestNamespace.TestClass6" name="Test1158" />
    </UnitTest>
    <UnitTest name="Test1159" id="4dacdeca-c733-4145-8658-e4d7bdc76073" storage="TestAssembly.dll">
      <Execution id="a4d10cb7-7b9e-4eaf-a5de-e9e2970aa162" />
      <TestMethod codeBase="TestAssembly.dll" className="TestNamespace.TestClass6" name="Test1159" />
    </UnitTest>
    <UnitTest name="Test1160" id="3bb9b956-09b5-46da-8d63-ed8a86aecd30" storage="TestAssembly.dll">
      <Execution id="21b6c3a1-337c-497f-9b12-0db09e9d0b8d" />
      <TestMethod codeBase="TestAssembly.dll" className="TestNamespace.TestClass6" name="Test1160" />
    </UnitTest>
    <UnitTest name="Test1161" id="d2fb9908-c13e-41d1-9701-8a89365e2dee" storage="TestAssembly.dll">
      <Execution id="3b78aa16-4b54-415d-aebd-e4488fa0b658" />
      <TestMethod codeBase="TestAssembly.dll" className="TestNamespace.TestClass7" name="Test1161" />
    </UnitTest>
    <UnitTest name="Test1162" id="4cbee7b8-36b9-494c-9252-c909932955b8" storage="TestAssembly.dll">
      <Execution id="7718a7a1-1307-4d79-a0e7-6629526f7a25" />
      <TestMethod codeBase="TestAssembly.dll" className="TestNamespace.TestClass7" name="Test1162" />
    </UnitTest>
    <UnitTest name="Test1163" id="ef2b2d30-c2e5-439d-afa7-81faaf825353" storage="TestAssembly.dll">
      <Execution id="304202c1-2c6e-4018-9c1f-6edae991575d" />
      <TestMethod codeBase="TestAssembly.dll" className="TestNamespace.TestClass7" name="Test1163" />
    </UnitTest>
    <UnitTest name="Test1164" id="541a58e1-54fd-4309-b875-fc015cd85b79" storage="TestAssembly.dll">
      <Execution id="8af3fcb7-a77d-48e4-a734-a8b3f54d61ee" />
      <TestMethod codeBase="TestAssembly.dll" className="TestNamespace.TestClass7" name="Test1164" />
    </UnitTest>
    <UnitTest name="Test1165" id="ff04749f-0bcb-4bdc-b0a8-6845f2ec5bdb" storage="TestAssembly.dll">
      <Execution id="05d872dd-5cfb-41d6-897b-f64683021626" />
      <TestMethod codeBase="TestAssembly.dll" className="TestNamespace.TestClass7" name="Test1165" />
    </UnitTest>
    <UnitTest name="Test1166" id="3b88c9cb-5e83-4f24-8dbf-82a40a8b9e49" storage="TestAssembly.dll">
      <Execution id="68d5eaef-5d37-4ec5-b8a6-ac095056e48f" />
      <TestMethod codeBase="TestAssembly.dll" className="TestNamespace.TestClass7" name="Test1166" />
    </UnitTest>
    <UnitTest name="Test1167" id="9704e115-eb45-424e-b89b-ef05b3141bc8" storage="TestAssembly.dll">
      <Execution id="7303f659-f8a3-4986-a3a8-eefb0045842a" />
      <TestMethod codeBase="TestAssembly.dll" className="TestNamespace.TestClass7" name="Test1167" />
    </UnitTest>
    <UnitTest name="Test1168" id="7bc8573a-908f-468a-b20f-6e3b09a23060" storage="TestAssembly.dll">
      <Execution id="e61398b6-2ea9-47e9-9e75-cf260318faaa" />
      <TestMethod codeBase="TestAssembly.dll" className="TestNamespace.TestClass7" name="Test1168" />
    </UnitTest>
    <UnitTest name="Test1169" id="7dd979ce-9076-42ce-ab37-1e9d578366f7" storage="TestAssembly.dll">
      <Execution id="d4494a5e-caf7-43b2-a7c0-9b1803ccdb88" />
      <TestMethod codeBase="TestAssembly.dll" className="TestNamespace.TestClass7" name="Test1169" />
    </UnitTest>
    <UnitTest name="Test1170" id="60041a78-a7bc-4874-b7ae-83670038e60b" storage="TestAssembly.dll">
      <Execution id="a8af135b-7efc-418b-b66a-8fc3aecb5e0c" />
      <TestMethod codeBase="TestAssembly.dll" className="TestNamespace.TestClass7" name="Test1170" />
    </UnitTest>
    <UnitTest name="Test1171" id="d6b6e632-7998-4b0d-9905-4df9bf8c8012" storage="TestAssembly.dll">
      <Execution id="1eb9380c-afc7-4595-ab66-7165d8bcc832" />
      <TestMethod codeBase="TestAssembly.dll" className="TestNamespace.TestClass8" name="Test1171" />
    </UnitTest>
    <UnitTest name="Test1172" id="fb9f9e5e-7760-430a-92c8-2831a532372b" storage="TestAssembly.dll">
      <Execution id="2ac83f5f-4442-4dd9-afd8-fd801e1c4abc" />
      <TestMethod codeBase="TestAssembly.dll" className="TestNamespace.TestClass8" name="Test1172" />
    </UnitTest>
    <UnitTest name="Test1173" id="518c027f-c4fd-485e-ac64-daa1b073629f" storage="TestAssembly.dll">
      <Execution id="12267a7e-d7ec-4e65-9263-a444cc46c3c0" />
      <TestMethod codeBase="TestAssembly.dll" className="TestNamespace.TestClass8" name="Test1173" />
    </UnitTest>
    <UnitTest name="Test1174" id="2882e6d6-acec-40da-9c2e-e71ae6d33b8f" storage="TestAssembly.dll">
      <Execution id="ea4a103e-0457-4088-8398-0ce1c273758d" />
      <TestMethod codeBase="TestAssembly.dll" className="TestNamespace.TestClass8" name="Test1174" />
    </UnitTest>
    <UnitTest name="Test1175" id="80ddace2-d961-4601-b4ee-229bab3f91be" storage="TestAssembly.dll">
      <Execution id="5efa118f-b782-407a-814b-6dd8914ee199" />
      <TestMethod codeBase="TestAssembly.dll" className="TestNamespace.TestClass8" name="Test1175" />
    </UnitTest>
    <UnitTest name="Test1176" id="78a1d72d-6aac-4173-a8a0-29a2dfb931f4" storage="TestAssembly.dll">
      <Execution id="838d703a-1eac-4e61-9d2c-198d4b74017e" />
      <TestMethod codeBase="TestAssembly.dll" className="TestNamespace.TestClass8" name="Test1176" />
    </UnitTest>
    <UnitTest name="Test1177" id="a991bf52-f097-418f-b5c9-b7e84c8c9125" storage="TestAssembly.dll">
      <Execution id="303defd3-6f95-4a8b-9bbe-7fe8734436a5" />
      <TestMethod codeBase="TestAssembly.dll" className="TestNamespace.TestClass8" name="Test1177" />
    </UnitTest>
    <UnitTest name="Test1178" id="87a121b5-ef21-4d80-876d-98c6651f1017" storage="TestAssembly.dll">
      <Execution id="48bc0be6-b38e-455e-8019-411020f839ee" />
      <TestMethod codeBase="TestAssembly.dll" className="TestNamespace.TestClass8" name="Test1178" />
    </UnitTest>
    <UnitTest name="Test1179" id="d5064b3b-2add-4937-b602-80e56a26d473" storage="TestAssembly.dll">
      <Execution id="46574001-341e-44b2-a8f8-98ece243690e" />
      <TestMethod codeBase="TestAssembly.dll" className="TestNamespace.TestClass8" name="Test1179" />
    </UnitTest>
    <UnitTest name="Test1180" id="578962f5-6b41-43d4-b4ba-24b3b635b2e1" storage="TestAssembly.dll">
      <Execution id="5034803f-14d4-4abc-9949-f71675e0a7de" />
      <TestMethod codeBase="TestAssembly.dll" className="TestNamespace.TestClass8" name="Test1180" />
    </UnitTest>
    <UnitTest name="Test1181" id="dd8fc869-b903-415e-b525-0c4b98f85827" storage="TestAssembly.dll">
      <Execution id="bfe4cf03-2a66-4979-80ea-d585986b76f5" />
      <TestMethod codeBase="TestAssembly.dll" className="TestNamespace.TestClass9" name="Test1181" />
    </UnitTest>
    <UnitTest name="Test1182" id="2a9dbaf1-6366-4e91-9400-36a4882ab1bb" storage="TestAssembly.dll">
      <Execution id="4a471b37-508e-425c-a9f6-e0f8cfd4e997" />
      <TestMethod codeBase="TestAssembly.dll" className="TestNamespace.TestClass9" name="Test1182" />
    </UnitTest>
    <UnitTest name="Test1183" id="1af214ba-c4e9-4b89-9da5-e1defac0630e" storage="TestAssembly.dll">
      <Execution id="4bb66eb0-50f2-4af6-9c7c-b7ea64e65958" />
      <TestMethod codeBase="TestAssembly.dll" className="TestNamespace.TestClass9" name="Test1183" />
    </UnitTest>
    <UnitTest name="Test1184" id="62fd3199-b875-42cf-9e73-bf46e83b65fc" storage="TestAssembly.dll">
      <Execution id="e511775c-2e07-4d24-99ba-aefefd73d310" />
      <TestMethod codeBase="TestAssembly.dll" className="TestNamespace.TestClass9" name="Test1184" />
    </UnitTest>
    <UnitTest name="Test1185" id="2a808dae-0e1b-436c-b2a5-532cf40ae5d4" storage="TestAssembly.dll">
      <Execution id="0eb31648-7b91-4c8f-94df-5d52df1f4db8" />
      <TestMethod codeBase="TestAssembly.dll" className="TestNamespace.TestClass9" name="Test1185" />
    </UnitTest>
    <UnitTest name="Test1186" id="fe77ec65-42a1-453f-844a-211b0aa7f993" storage="TestAssembly.dll">
      <Execution id="d5e825fe-53b3-450e-8373-da23aef97859" />
      <TestMethod codeBase="TestAssembly.dll" className="TestNamespace.TestClass9" name="Test1186" />
    </UnitTest>
    <UnitTest name="Test1187" id="5ff21550-9119-41fe-8beb-ee9d0ade8fef" storage="TestAssembly.dll">
      <Execution id="f6879db1-b51c-41a5-8b3a-12b92f86aa0b" />
      <TestMethod codeBase="TestAssembly.dll" className="TestNamespace.TestClass9" name="Test1187" />
    </UnitTest>
    <UnitTest name="Test1188" id="853c9e0d-ff80-45de-a7f6-85dcd6bdf0d8" storage="TestAssembly.dll">
      <Execution id="f883d543-68b0-4464-915f-69a9ee5ee56a" />
      <TestMethod codeBase="TestAssembly.dll" className="TestNamespace.TestClass9" name="Test1188" />
    </UnitTest>
    <UnitTest name="Test1189" id="0b1b8479-31cb-4020-92ce-4d6e055aaad1" storage="TestAssembly.dll">
      <Execution id="d55fdb41-79dc-4229-a97e-ea29b0612c48" />
      <TestMethod codeBase="TestAssembly.dll" className="TestNamespace.TestClass9" name="Test1189" />
    </UnitTest>
    <UnitTest name="Test1190" id="0d0aaf6c-d7a5-4c9c-90e3-9bfa82c048e3" storage="TestAssembly.dll">
      <Execution id="81f8ecde-e4e1-417c-88cd-cac22994cd81" />
      <TestMethod codeBase="TestAssembly.dll" className="TestNamespace.TestClass9" name="Test1190" />
    </UnitTest>
    <UnitTest name="Test1191" id="d498d092-5318-4530-aab2-476d033ba228" storage="TestAssembly.dll">
      <Execution id="a5942204-25b1-462c-903e-c8a24c7b9d22" />
      <TestMethod codeBase="TestAssembly.dll" className="TestNamespace.TestClass10" name="Test1191" />
    </UnitTest>
    <UnitTest name="Test1192" id="67740c69-f9c7-4787-b314-582f21cd2f3c" storage="TestAssembly.dll">
      <Execution id="687e1085-6c53-4b1f-854b-2b95588351c6" />
      <TestMethod codeBase="TestAssembly.dll" className="TestNamespace.TestClass10" name="Test1192" />
    </UnitTest>
    <UnitTest name="Test1193" id="1f65842a-dbe6-4c32-9877-bee4406bfb13" storage="TestAssembly.dll">
      <Execution id="ea5bd9f8-a8eb-489e-bf17-f1e59e15f4ff" />
      <TestMethod codeBase="TestAssembly.dll" className="TestNamespace.TestClass10" name="Test1193" />
    </UnitTest>
    <UnitTest name="Test1194" id="056ab30f-2b95-4ab0-987e-b2f6f4f72b19" storage="TestAssembly.dll">
      <Execution id="0bcf960f-f899-4c5b-a2cf-7a4f48ff876e" />
      <TestMethod codeBase="TestAssembly.dll" className="TestNamespace.TestClass10" name="Test1194" />
    </UnitTest>
    <UnitTest name="Test1195" id="26f54722-d30a-471c-8b32-f1792cad7634" storage="TestAssembly.dll">
      <Execution id="e71e169a-f3e9-4d30-ad6f-c13c2368e6ff" />
      <TestMethod codeBase="TestAssembly.dll" className="TestNamespace.TestClass10" name="Test1195" />
    </UnitTest>
    <UnitTest name="Test1196" id="63638286-a501-4785-91e2-75d26d20f30a" storage="TestAssembly.dll">
      <Execution id="35cdb0a8-62b5-47d4-92b3-424a134548f4" />
      <TestMethod codeBase="TestAssembly.dll" className="TestNamespace.TestClass10" name="Test1196" />
    </UnitTest>
    <UnitTest name="Test1197" id="97ea8faf-0318-41e6-a8b8-5103f348fd9c" storage="TestAssembly.dll">
      <Execution id="ad76096f-43d2-4161-bf1a-7ce11797ee77" />
      <TestMethod codeBase="TestAssembly.dll" className="TestNamespace.TestClass10" name="Test1197" />
    </UnitTest>
    <UnitTest name="Test1198" id="416e9b10-33b9-4b8d-b507-500dc5d6361a" storage="TestAssembly.dll">
      <Execution id="91090b15-8d26-425a-a8ee-11ea77dbd609" />
      <TestMethod codeBase="TestAssembly.dll" className="TestNamespace.TestClass10" name="Test1198" />
    </UnitTest>
    <UnitTest name="Test1199" id="98a56705-ee2f-408b-8e7f-e20380411cc3" storage="TestAssembly.dll">
      <Execution id="55d53aae-a391-4e75-8c72-5512d4070202" />
      <TestMethod codeBase="TestAssembly.dll" className="TestNamespace.TestClass10" name="Test1199" />
    </UnitTest>
    <UnitTest name="Test1200" id="76a505c5-2f8d-4998-ac9b-6cd47f6f7a9c" storage="TestAssembly.dll">
      <Execution id="c67fad70-62be-4581-ba8a-bba40d8f932e" />
      <TestMethod codeBase="TestAssembly.dll" className="TestNamespace.TestClass10" name="Test1200" />
    </UnitTest>
  </TestDefinitions>
  <TestEntries>
    <TestEntry testId="1a3e9d41-ae9c-4143-aae8-5ba3b152586e" executionId="d91aa5cc-055f-474a-993d-efe09a2240f9" testListId="924a0988-d5c4-4570-b341-a23ac5bc8d38" />
    <TestEntry testId="087548ee-3365-4479-9a21-382e2e347046" executionId="1762ea7e-076c-46d9-9363-dae6d7fb443e" testListId="924a0988-d5c4-4570-b341-a23ac5bc8d38" />
    <TestEntry testId="1f019599-6e4d-4364-8b41-c7e82d5073f1" executionId="d5102d35-0d9d-4e1e-bca0-42e23f07d2b3" testListId="924a0988-d5c4-4570-b341-a23ac5bc8d38" />
    <TestEntry testId="5ca82fbd-a37f-48ab-934e-d1024276f7f7" executionId="fde27039-1833-459f-9e48-570fe0860a43" testListId="924a0988-d5c4-4570-b341-a23ac5bc8d38" />
    <TestEntry testId="0f8c5d59-dce7-4960-9b74-03a617badee3" executionId="af15b1d1-ae27-4d12-8740-8dd14e3bdd47" testListId="924a0988-d5c4-4570-b341-a23ac5bc8d38" />
    <TestEntry testId="beb3cdb4-e1fa-4229-bf0c-1f5331ad8ed7" executionId="17f04766-70ad-42f4-83df-59243f484198" testListId="924a0988-d5c4-4570-b341-a23ac5bc8d38" />
    <TestEntry testId="f2095957-49e9-4de6-bdfe-556543abda43" executionId="88e31ca3-d161-4b4f-9046-2eb25c069dc3" testListId="924a0988-d5c4-4570-b341-a23ac5bc8d38" />
    <TestEntry testId="f254fc7c-4609-4b85-8145-2c809979fda1" executionId="f73a5ea6-743c-4de8-870d-ac036671b62c" testListId="924a0988-d5c4-4570-b341-a23ac5bc8d38" />
    <TestEntry testId="be5c7167-b0dd-4c30-8125-dcf67cb7c974" executionId="05e09409-6a44-4646-b737-3d45298823f7" testListId="924a0988-d5c4-4570-b341-a23ac5bc8d38" />
    <TestEntry testId="ebe2d86a-60d2-455e-975c-8357c8a5265e" executionId="9bc32e90-b560-43e6-9935-b6ec5506ce52" testListId="924a0988-d5c4-4570-b341-a23ac5bc8d38" />
    <TestEntry testId="4dae318f-907f-4234-a5f8-09a4970e17e4" executionId="436274c6-6956-41db-baf5-e86c5b462097" testListId="924a0988-d5c4-4570-b341-a23ac5bc8d38" />
    <TestEntry testId="4ccecc5d-089e-4113-8698-00c8a906e743" executionId="c03e611a-3190-4e3d-abfc-fdacce2dc31d" testListId="924a0988-d5c4-4570-b341-a23ac5bc8d38" />
    <TestEntry testId="fd79dd0e-49d8-4662-afab-3a76aa61f116" executionId="2ed43590-5d73-4164-bcb2-127aed45d3d4" testListId="924a0988-d5c4-4570-b341-a23ac5bc8d38" />
    <TestEntry testId="f23021fa-1875-4c83-96c4-abee0f9dbcb5" executionId="710c3d85-428b-44a2-9ec1-05d5ae3b93ca" testListId="924a0988-d5c4-4570-b341-a23ac5bc8d38" />
    <TestEntry testId="e6c5bfe9-930c-4cae-89aa-44a2f139a1ce" executionId="bfad625d-350d-424c-8139-90f5c8438c36" testListId="924a0988-d5c4-4570-b341-a23ac5bc8d38" />
    <TestEntry testId="74e3702d-0212-4cec-9ff3-26dd3ecb2d9d" executionId="feed796d-4951-4c18-86b6-a04e6b6f6c5f" testListId="924a0988-d5c4-4570-b341-a23ac5bc8d38" />
    <TestEntry testId="ef1888ed-a20b-4d95-abbe-9007402cbc81" executionId="6bc00aeb-b715-4cf1-ae08-fadb0f1cfc98" testListId="924a0988-d5c4-4570-b341-a23ac5bc8d38" />
    <TestEntry testId="b91f7ece-65aa-4466-8c79-7c8d2b6d575c" executionId="25ee9370-ac74-4de9-a9c7-361516db373a" testListId="924a0988-d5c4-4570-b341-a23ac5bc8d38" />
    <TestEntry testId="1a554b95-9d8b-43ff-b796-26f61ce0ccc1" executionId="b062ae1d-4c53-4a1d-b3cc-305e35edb67d" testListId="924a0988-d5c4-4570-b341-a23ac5bc8d38" />
    <TestEntry testId="45babc7c-ac06-4501-b147-1bcaa49d3529" executionId="3fab6520-1fe2-4327-8847-b415bac2c542" testListId="924a0988-d5c4-4570-b341-a23ac5bc8d38" />
    <TestEntry testId="5586ef2a-d4d1-4975-9b03-a40c552954b2" executionId="e4317c44-b85c-485d-9201-e824a30df557" testListId="924a0988-d5c4-4570-b341-a23ac5bc8d38" />
    <TestEntry testId="27305a24-a419-425d-8309-42d50d8b72f4" executionId="850b588c-0820-4a12-8158-f0f271eb89e7" testListId="924a0988-d5c4-4570-b341-a23ac5bc8d38" />
    <TestEntry testId="870fa5c0-d3c3-44e6-857c-5ddb6b83fc04" executionId="2a3822a9-0ace-4c6a-8669-4dedf94328de" testListId="924a0988-d5c4-4570-b341-a23ac5bc8d38" />
    <TestEntry testId="515b1460-fe4a-4e8d-927f-8a5dae443bd7" executionId="228a77d1-f497-416f-8874-579b573d788d" testListId="924a0988-d5c4-4570-b341-a23ac5bc8d38" />
    <TestEntry testId="a985c68f-54dc-4793-a09a-43dfd2dc5f0c" executionId="62135d0b-b65d-4f8b-a0b0-d0c8dafdfd93" testListId="924a0988-d5c4-4570-b341-a23ac5bc8d38" />
    <TestEntry testId="8ab50a5c-2dc5-4adc-95a6-cb13113c4e75" executionId="9676c110-d449-48f4-9af0-bdef68c85836" testListId="924a0988-d5c4-4570-b341-a23ac5bc8d38" />
    <TestEntry testId="b84772aa-0961-4e1e-88c4-c349891ea920" executionId="c7a74c85-9749-4843-9ca8-ce214deeea78" testListId="924a0988-d5c4-4570-b341-a23ac5bc8d38" />
    <TestEntry testId="eda6ff69-3465-4475-8ce9-33c7d16703c3" executionId="855875e4-25cd-4c38-b7c8-234a7c583d3f" testListId="924a0988-d5c4-4570-b341-a23ac5bc8d38" />
    <TestEntry testId="cb7ea523-a6ac-4d34-b82b-91580768164e" executionId="fa5d1823-617b-439c-8526-40f2dcfb8681" testListId="924a0988-d5c4-4570-b341-a23ac5bc8d38" />
    <TestEntry testId="d139181e-ede0-43f0-8636-fcabfdafda1f" executionId="6056473e-e1c0-41f8-b9b1-34c5d4b0467d" testListId="924a0988-d5c4-4570-b341-a23ac5bc8d38" />
    <TestEntry testId="117b4e9e-063a-41af-ba9e-7496310fe395" executionId="e1ba1e10-c907-40ba-a419-65be9090dc1b" testListId="924a0988-d5c4-4570-b341-a23ac5bc8d38" />
    <TestEntry testId="b13abf47-cafd-49f9-8257-d9068aaa2ac8" executionId="c314bae1-7add-4685-9888-0cfd592a9bce" testListId="924a0988-d5c4-4570-b341-a23ac5bc8d38" />
    <TestEntry testId="15fbca2c-c880-4bba-a77b-e1279ac663f4" executionId="8a535801-85fb-48af-8271-22e498ec7584" testListId="924a0988-d5c4-4570-b341-a23ac5bc8d38" />
    <TestEntry testId="115c9523-249c-4e18-a33f-146525a56e3d" executionId="b7ec0e95-7b75-4cce-858e-64b5a220777f" testListId="924a0988-d5c4-4570-b341-a23ac5bc8d38" />
    <TestEntry testId="83677f3b-a578-4214-af58-8123c9ec10fd" executionId="cffbc79d-2ef5-4bf8-b7ae-3f9e1525efd1" testListId="924a0988-d5c4-4570-b341-a23ac5bc8d38" />
    <TestEntry testId="1575223e-6f96-400f-8fe9-06c744ff6afd" executionId="00b64703-b4c7-40cc-acfd-92ae1c7a7be9" testListId="924a0988-d5c4-4570-b341-a23ac5bc8d38" />
    <TestEntry testId="1c917869-9318-4aee-96f6-09b2490bd581" executionId="52155f27-0c57-44ba-97c7-33aeaad7c881" testListId="924a0988-d5c4-4570-b341-a23ac5bc8d38" />
    <TestEntry testId="f4e0c6a6-3071-4323-be57-0c59ecea287e" executionId="7c75a24c-f109-4fcb-9c1d-349e5fab1335" testListId="924a0988-d5c4-4570-b341-a23ac5bc8d38" />
    <TestEntry testId="ce40e20c-67d7-49f0-a0e4-41de2475cec4" executionId="4c427663-b4c1-4694-96a3-2f054194159e" testListId="924a0988-d5c4-4570-b341-a23ac5bc8d38" />
    <TestEntry testId="6607c57d-cb62-421a-905c-3be5a9b24645" executionId="2ede9689-3b61-459f-a972-6dd0a02626e4" testListId="924a0988-d5c4-4570-b341-a23ac5bc8d38" />
    <TestEntry testId="b25e05d4-1ecc-491c-a887-104332ca3af7" executionId="fcd3f8d1-76ea-4e3c-8566-8c889c73874f" testListId="924a0988-d5c4-4570-b341-a23ac5bc8d38" />
    <TestEntry testId="a6374846-e8f9-4c08-84ea-3e64a26e42b7" executionId="52f2f298-012c-4899-aadb-c97ebe404cd6" testListId="924a0988-d5c4-4570-b341-a23ac5bc8d38" />
    <TestEntry testId="346c973b-14a2-4663-9c81-6dfcfc11b17b" executionId="af136b3b-1fe4-4252-8fc6-e086ffb12d93" testListId="924a0988-d5c4-4570-b341-a23ac5bc8d38" />
    <TestEntry testId="81b96316-dd7e-4552-9e34-8ea45451653c" executionId="4e2965c2-a50f-4599-9845-a745f1d1ade9" testListId="924a0988-d5c4-4570-b341-a23ac5bc8d38" />
    <TestEntry testId="f0dfe733-bd41-49d6-b1ef-702ceea4b330" executionId="d96d60c3-d5a5-48f0-82bc-6bcad1fb0a9b" testListId="924a0988-d5c4-4570-b341-a23ac5bc8d38" />
    <TestEntry testId="89867627-52f9-4e79-9acf-7873edcc1faa" executionId="15a10fe1-7172-4054-883f-9f690b9f9f6d" testListId="924a0988-d5c4-4570-b341-a23ac5bc8d38" />
    <TestEntry testId="918d04e0-9220-40fd-85b3-c6e5ade8f9d9" executionId="d9f9f1e3-51a8-4927-b8a7-37529b7319d5" testListId="924a0988-d5c4-4570-b341-a23ac5bc8d38" />
    <TestEntry testId="a5725f38-c533-47d7-8ed9-2329bed9c9f9" executionId="01fa81bb-18a0-4851-b54d-eaab439d5996" testListId="924a0988-d5c4-4570-b341-a23ac5bc8d38" />
    <TestEntry testId="3a204446-160c-43b4-aacb-f7c35a51e6bd" executionId="9ab5026b-55fb-4443-8ea8-d05336688c40" testListId="924a0988-d5c4-4570-b341-a23ac5bc8d38" />
    <TestEntry testId="c7594752-4008-4e44-8e62-97d6766cf961" executionId="1ae662a8-18a1-432b-b975-7b78200f98ce" testListId="924a0988-d5c4-4570-b341-a23ac5bc8d38" />
    <TestEntry testId="dd96e066-5eea-40ee-b780-1abbb3cf6f72" executionId="d20d29ac-a5c2-4d1c-bce2-4398b531ce26" testListId="924a0988-d5c4-4570-b341-a23ac5bc8d38" />
    <TestEntry testId="505bd846-b06b-4a3e-9267-8e3881106af1" executionId="97e147ca-5768-4a7d-b7d8-d8897a30ba22" testListId="924a0988-d5c4-4570-b341-a23ac5bc8d38" />
    <TestEntry testId="cb17c2d3-4bbc-40f7-8f1e-e9bef6b2be62" executionId="2c3a0627-b70c-4266-afad-7018f3fac8b4" testListId="924a0988-d5c4-4570-b341-a23ac5bc8d38" />
    <TestEntry testId="ebc6db0d-4658-4630-a329-5f805a4cb221" executionId="2aadbfbf-939e-41d6-938d-cab1c6c0b79f" testListId="924a0988-d5c4-4570-b341-a23ac5bc8d38" />
    <TestEntry testId="6ae71217-d6e7-48ec-88b3-10b3dab3910b" executionId="25eb3621-23c4-4acd-b34d-11f484700308" testListId="924a0988-d5c4-4570-b341-a23ac5bc8d38" />
    <TestEntry testId="5c5e7d82-76a0-486e-b76f-e73ec9bcf932" executionId="14951d59-0015-4313-9a12-1c8b99c5c877" testListId="924a0988-d5c4-4570-b341-a23ac5bc8d38" />
    <TestEntry testId="ea0e9c7a-f296-4994-a12f-c1fab6ec988b" executionId="23d7a7c5-e528-4b01-8d55-9d2ebd542729" testListId="924a0988-d5c4-4570-b341-a23ac5bc8d38" />
    <TestEntry testId="d5e1e508-322e-4915-b5ee-0fa4cb84ba61" executionId="e43f80ef-e8f4-456e-82a5-94da4befc7a5" testListId="924a0988-d5c4-4570-b341-a23ac5bc8d38" />
    <TestEntry testId="4dacdeca-c733-4145-8658-e4d7bdc76073" executionId="a4d10cb7-7b9e-4eaf-a5de-e9e2970aa162" testListId="924a0988-d5c4-4570-b341-a23ac5bc8d38" />
    <TestEntry testId="3bb9b956-09b5-46da-8d63-ed8a86aecd30" executionId="21b6c3a1-337c-497f-9b12-0db09e9d0b8d" testListId="924a0988-d5c4-4570-b341-a23ac5bc8d38" />
    <TestEntry testId="d2fb9908-c13e-41d1-9701-8a89365e2dee" executionId="3b78aa16-4b54-415d-aebd-e4488fa0b658" testListId="924a0988-d5c4-4570-b341-a23ac5bc8d38" />
    <TestEntry testId="4cbee7b8-36b9-494c-9252-c909932955b8" executionId="7718a7a1-1307-4d79-a0e7-6629526f7a25" testListId="924a0988-d5c4-4570-b341-a23ac5bc8d38" />
    <TestEntry testId="ef2b2d30-c2e5-439d-afa7-81faaf825353" executionId="304202c1-2c6e-4018-9c1f-6edae991575d" testListId="924a0988-d5c4-4570-b341-a23ac5bc8d38" />
    <TestEntry testId="541a58e1-54fd-4309-b875-fc015cd85b79" executionId="8af3fcb7-a77d-48e4-a734-a8b3f54d61ee" testListId="924a0988-d5c4-4570-b341-a23ac5bc8d38" />
    <TestEntry testId="ff04749f-0bcb-4bdc-b0a8-6845f2ec5bdb" executionId="05d872dd-5cfb-41d6-897b-f64683021626" testListId="924a0988-d5c4-4570-b341-a23ac5bc8d38" />
    <TestEntry testId="3b88c9cb-5e83-4f24-8dbf-82a40a8b9e49" executionId="68d5eaef-5d37-4ec5-b8a6-ac095056e48f" testListId="924a0988-d5c4-4570-b341-a23ac5bc8d38" />
    <TestEntry testId="9704e115-eb45-424e-b89b-ef05b3141bc8" executionId="7303f659-f8a3-4986-a3a8-eefb0045842a" testListId="924a0988-d5c4-4570-b341-a23ac5bc8d38" />
    <TestEntry testId="7bc8573a-908f-468a-b20f-6e3b09a23060" executionId="e61398b6-2ea9-47e9-9e75-cf260318faaa" testListId="924a0988-d5c4-4570-b341-a23ac5bc8d38" />
    <TestEntry testId="7dd979ce-9076-42ce-ab37-1e9d578366f7" executionId="d4494a5e-caf7-43b2-a7c0-9b1803ccdb88" testListId="924a0988-d5c4-4570-b341-a23ac5bc8d38" />
    <TestEntry testId="60041a78-a7bc-4874-b7ae-83670038e60b" executionId="a8af135b-7efc-418b-b66a-8fc3aecb5e0c" testListId="924a0988-d5c4-4570-b341-a23ac5bc8d38" />
    <TestEntry testId="d6b6e632-7998-4b0d-9905-4df9bf8c8012" executionId="1eb9380c-afc7-4595-ab66-7165d8bcc832" testListId="924a0988-d5c4-4570-b341-a23ac5bc8d38" />
    <TestEntry testId="fb9f9e5e-7760-430a-92c8-2831a532372b" executionId="2ac83f5f-4442-4dd9-afd8-fd801e1c4abc" testListId="924a0988-d5c4-4570-b341-a23ac5bc8d38" />
    <TestEntry testId="518c027f-c4fd-485e-ac64-daa1b073629f" executionId="12267a7e-d7ec-4e65-9263-a444cc46c3c0" testListId="924a0988-d5c4-4570-b341-a23ac5bc8d38" />
    <TestEntry testId="2882e6d6-acec-40da-9c2e-e71ae6d33b8f" executionId="ea4a103e-0457-4088-8398-0ce1c273758d" testListId="924a0988-d5c4-4570-b341-a23ac5bc8d38" />
    <TestEntry testId="80ddace2-d961-4601-b4ee-229bab3f91be" executionId="5efa118f-b782-407a-814b-6dd8914ee199" testListId="924a0988-d5c4-4570-b341-a23ac5bc8d38" />
    <TestEntry testId="78a1d72d-6aac-4173-a8a0-29a2dfb931f4" executionId="838d703a-1eac-4e61-9d2c-198d4b74017e" testListId="924a0988-d5c4-4570-b341-a23ac5bc8d38" />
    <TestEntry testId="a991bf52-f097-418f-b5c9-b7e84c8c9125" executionId="303defd3-6f95-4a8b-9bbe-7fe8734436a5" testListId="924a0988-d5c4-4570-b341-a23ac5bc8d38" />
    <TestEntry testId="87a121b5-ef21-4d80-876d-98c6651f1017" executionId="48bc0be6-b38e-455e-8019-411020f839ee" testListId="924a0988-d5c4-4570-b341-a23ac5bc8d38" />
    <TestEntry testId="d5064b3b-2add-4937-b602-80e56a26d473" executionId="46574001-341e-44b2-a8f8-98ece243690e" testListId="924a0988-d5c4-4570-b341-a23ac5bc8d38" />
    <TestEntry testId="578962f5-6b41-43d4-b4ba-24b3b635b2e1" executionId="5034803f-14d4-4abc-9949-f71675e0a7de" testListId="924a0988-d5c4-4570-b341-a23ac5bc8d38" />
    <TestEntry testId="dd8fc869-b903-415e-b525-0c4b98f85827" executionId="bfe4cf03-2a66-4979-80ea-d585986b76f5" testListId="924a0988-d5c4-4570-b341-a23ac5bc8d38" />
    <TestEntry testId="2a9dbaf1-6366-4e91-9400-36a4882ab1bb" executionId="4a471b37-508e-425c-a9f6-e0f8cfd4e997" testListId="924a0988-d5c4-4570-b341-a23ac5bc8d38" />
    <TestEntry testId="1af214ba-c4e9-4b89-9da5-e1defac0630e" executionId="4bb66eb0-50f2-4af6-9c7c-b7ea64e65958" testListId="924a0988-d5c4-4570-b341-a23ac5bc8d38" />
    <TestEntry testId="62fd3199-b875-42cf-9e73-bf46e83b65fc" executionId="e511775c-2e07-4d24-99ba-aefefd73d310" testListId="924a0988-d5c4-4570-b341-a23ac5bc8d38" />
    <TestEntry testId="2a808dae-0e1b-436c-b2a5-532cf40ae5d4" executionId="0eb31648-7b91-4c8f-94df-5d52df1f4db8" testListId="924a0988-d5c4-4570-b341-a23ac5bc8d38" />
    <TestEntry testId="fe77ec65-42a1-453f-844a-211b0aa7f993" executionId="d5e825fe-53b3-450e-8373-da23aef97859" testListId="924a0988-d5c4-4570-b341-a23ac5bc8d38" />
    <TestEntry testId="5ff21550-9119-41fe-8beb-ee9d0ade8fef" executionId="f6879db1-b51c-41a5-8b3a-12b92f86aa0b" testListId="924a0988-d5c4-4570-b341-a23ac5bc8d38" />
    <TestEntry testId="853c9e0d-ff80-45de-a7f6-85dcd6bdf0d8" executionId="f883d543-68b0-4464-915f-69a9ee5ee56a" testListId="924a0988-d5c4-4570-b341-a23ac5bc8d38" />
    <TestEntry testId="0b1b8479-31cb-4020-92ce-4d6e055aaad1" executionId="d55fdb41-79dc-4229-a97e-ea29b0612c48" testListId="924a0988-d5c4-4570-b341-a23ac5bc8d38" />
    <TestEntry testId="0d0aaf6c-d7a5-4c9c-90e3-9bfa82c048e3" executionId="81f8ecde-e4e1-417c-88cd-cac22994cd81" testListId="924a0988-d5c4-4570-b341-a23ac5bc8d38" />
    <TestEntry testId="d498d092-5318-4530-aab2-476d033ba228" executionId="a5942204-25b1-462c-903e-c8a24c7b9d22" testListId="924a0988-d5c4-4570-b341-a23ac5bc8d38" />
    <TestEntry testId="67740c69-f9c7-4787-b314-582f21cd2f3c" executionId="687e1085-6c53-4b1f-854b-2b95588351c6" testListId="924a0988-d5c4-4570-b341-a23ac5bc8d38" />
    <TestEntry testId="1f65842a-dbe6-4c32-9877-bee4406bfb13" executionId="ea5bd9f8-a8eb-489e-bf17-f1e59e15f4ff" testListId="924a0988-d5c4-4570-b341-a23ac5bc8d38" />
    <TestEntry testId="056ab30f-2b95-4ab0-987e-b2f6f4f72b19" executionId="0bcf960f-f899-4c5b-a2cf-7a4f48ff876e" testListId="924a0988-d5c4-4570-b341-a23ac5bc8d38" />
    <TestEntry testId="26f54722-d30a-471c-8b32-f1792cad7634" executionId="e71e169a-f3e9-4d30-ad6f-c13c2368e6ff" testListId="924a0988-d5c4-4570-b341-a23ac5bc8d38" />
    <TestEntry testId="63638286-a501-4785-91e2-75d26d20f30a" executionId="35cdb0a8-62b5-47d4-92b3-424a134548f4" testListId="924a0988-d5c4-4570-b341-a23ac5bc8d38" />
    <TestEntry testId="97ea8faf-0318-41e6-a8b8-5103f348fd9c" executionId="ad76096f-43d2-4161-bf1a-7ce11797ee77" testListId="924a0988-d5c4-4570-b341-a23ac5bc8d38" />
    <TestEntry testId="416e9b10-33b9-4b8d-b507-500dc5d6361a" executionId="91090b15-8d26-425a-a8ee-11ea77dbd609" testListId="924a0988-d5c4-4570-b341-a23ac5bc8d38" />
    <TestEntry testId="98a56705-ee2f-408b-8e7f-e20380411cc3" executionId="55d53aae-a391-4e75-8c72-5512d4070202" testListId="924a0988-d5c4-4570-b341-a23ac5bc8d38" />
    <TestEntry testId="76a505c5-2f8d-4998-ac9b-6cd47f6f7a9c" executionId="c67fad70-62be-4581-ba8a-bba40d8f932e" testListId="924a0988-d5c4-4570-b341-a23ac5bc8d38" />
  </TestEntries>
  <TestLists>
    <TestList name="Results Not in a List" id="924a0988-d5c4-4570-b341-a23ac5bc8d38" />
    <TestList name="All Loaded Results" id="26599e72-bbb6-4025-83f5-b5692fd0e62a" />
  </TestLists>
</TestRun>