<?xml version="1.0" encoding="UTF-8"?>
<TestRun id="60a69497-10ed-4d79-b075-80d06e0e6e11" name="Test Run 80" runUser="Oles Galatsan" xmlns="http://microsoft.com/schemas/VisualStudio/TeamTest/2010">
  <Times creation="2025-05-14T13:20:31.3125482Z" queuing="2025-05-14T13:20:31.3125482Z" start="2025-05-14T13:20:31.3146610Z" finish="2025-05-14T13:25:31.3147553Z" />
  <TestSettings name="Test Settings 80" id="7ee5894b-29e0-43f7-a9db-c67c55c13e63" />
  <Results>
    <UnitTestResult executionId="0c8f120f-ad72-4939-9417-18021cbbfc20" testId="617e9d9c-25fd-4490-8567-fd73762c5b65" testName="Test7901" computerName="UA-LPT-OGA2" duration="00:00:01.4480000" startTime="2025-05-14T13:20:31.3146610Z" endTime="2025-05-14T13:25:31.3147553Z" testType="13cdc9d9-ddb5-4fa4-a97d-d965ccfc6d4b" outcome="Passed" testListId="c7a860bc-6331-4e4d-a4db-66c7004d9c49" />
    <UnitTestResult executionId="75cd2c20-0828-4883-a005-abafe91f9115" testId="c5e07fc9-02fb-4bb3-b059-4c885aebff67" testName="Test7902" computerName="UA-LPT-OGA2" duration="00:00:00.0480000" startTime="2025-05-14T13:20:31.3146610Z" endTime="2025-05-14T13:25:31.3147553Z" testType="13cdc9d9-ddb5-4fa4-a97d-d965ccfc6d4b" outcome="Passed" testListId="c7a860bc-6331-4e4d-a4db-66c7004d9c49" />
    <UnitTestResult executionId="54d28462-9ccb-448a-a358-a1422cbdce4a" testId="c1cb7851-3e79-4f3b-828d-fce9fbb65d29" testName="Test7903" computerName="UA-LPT-OGA2" duration="00:00:00.3500000" startTime="2025-05-14T13:20:31.3146610Z" endTime="2025-05-14T13:25:31.3147553Z" testType="13cdc9d9-ddb5-4fa4-a97d-d965ccfc6d4b" outcome="Passed" testListId="c7a860bc-6331-4e4d-a4db-66c7004d9c49" />
    <UnitTestResult executionId="303a72e0-3c0e-4a8d-ad66-c4fd48eb00b5" testId="5558d4e8-3be3-4b3c-a5da-23adf7de5079" testName="Test7904" computerName="UA-LPT-OGA2" duration="00:00:01.1760000" startTime="2025-05-14T13:20:31.3146610Z" endTime="2025-05-14T13:25:31.3147553Z" testType="13cdc9d9-ddb5-4fa4-a97d-d965ccfc6d4b" outcome="Passed" testListId="c7a860bc-6331-4e4d-a4db-66c7004d9c49" />
    <UnitTestResult executionId="90cc4026-9f94-49a2-9869-02ca71f1aa1f" testId="5c5f18dd-7275-4a52-8857-efd29575498f" testName="Test7905" computerName="UA-LPT-OGA2" duration="00:00:00.3370000" startTime="2025-05-14T13:20:31.3146610Z" endTime="2025-05-14T13:25:31.3147553Z" testType="13cdc9d9-ddb5-4fa4-a97d-d965ccfc6d4b" outcome="Passed" testListId="c7a860bc-6331-4e4d-a4db-66c7004d9c49" />
    <UnitTestResult executionId="45fdcf6a-00a6-4bf5-a4da-6e0d3afcff15" testId="41dace66-fa45-417b-928d-2816bb9127cf" testName="Test7906" computerName="UA-LPT-OGA2" duration="00:00:00.0100000" startTime="2025-05-14T13:20:31.3146610Z" endTime="2025-05-14T13:25:31.3147553Z" testType="13cdc9d9-ddb5-4fa4-a97d-d965ccfc6d4b" outcome="Passed" testListId="c7a860bc-6331-4e4d-a4db-66c7004d9c49" />
    <UnitTestResult executionId="b382dd37-0da3-4fe7-9cd4-56292db7a0b8" testId="64b4b521-e7d7-4d1a-a952-3f261f02fcf3" testName="Test7907" computerName="UA-LPT-OGA2" duration="00:00:01.2950000" startTime="2025-05-14T13:20:31.3146610Z" endTime="2025-05-14T13:25:31.3147553Z" testType="13cdc9d9-ddb5-4fa4-a97d-d965ccfc6d4b" outcome="Passed" testListId="c7a860bc-6331-4e4d-a4db-66c7004d9c49" />
    <UnitTestResult executionId="fa2ac08a-f2e6-416d-9802-01cbeba6e1a7" testId="152ae719-c6e7-4222-8b55-ea171a593837" testName="Test7908" computerName="UA-LPT-OGA2" duration="00:00:01.2200000" startTime="2025-05-14T13:20:31.3146610Z" endTime="2025-05-14T13:25:31.3147553Z" testType="13cdc9d9-ddb5-4fa4-a97d-d965ccfc6d4b" outcome="Passed" testListId="c7a860bc-6331-4e4d-a4db-66c7004d9c49" />
    <UnitTestResult executionId="afe4e454-8d47-45c8-84a2-f10d75985e50" testId="7b9436ee-e147-43c1-bea0-f924d15b8b9a" testName="Test7909" computerName="UA-LPT-OGA2" duration="00:00:00.5690000" startTime="2025-05-14T13:20:31.3146610Z" endTime="2025-05-14T13:25:31.3147553Z" testType="13cdc9d9-ddb5-4fa4-a97d-d965ccfc6d4b" outcome="Passed" testListId="c7a860bc-6331-4e4d-a4db-66c7004d9c49" />
    <UnitTestResult executionId="5aeeff79-06c3-42e8-9d23-49de80627298" testId="f018d0ee-1d26-428a-a7dd-1b49739b295a" testName="Test7910" computerName="UA-LPT-OGA2" duration="00:00:00.7720000" startTime="2025-05-14T13:20:31.3146610Z" endTime="2025-05-14T13:25:31.3147553Z" testType="13cdc9d9-ddb5-4fa4-a97d-d965ccfc6d4b" outcome="Passed" testListId="c7a860bc-6331-4e4d-a4db-66c7004d9c49" />
    <UnitTestResult executionId="f96de3c6-71fb-4ebb-9895-443ee009212a" testId="667bcffc-78d8-4e44-9f38-79771b8e0fdb" testName="Test7911" computerName="UA-LPT-OGA2" duration="00:00:01.6790000" startTime="2025-05-14T13:20:31.3146610Z" endTime="2025-05-14T13:25:31.3147553Z" testType="13cdc9d9-ddb5-4fa4-a97d-d965ccfc6d4b" outcome="Passed" testListId="c7a860bc-6331-4e4d-a4db-66c7004d9c49" />
    <UnitTestResult executionId="605ce50c-012b-421d-825a-dc0301865954" testId="d9d3a9ec-7b42-42d1-9d05-4c32bb8f8614" testName="Test7912" computerName="UA-LPT-OGA2" duration="00:00:01.4840000" startTime="2025-05-14T13:20:31.3146610Z" endTime="2025-05-14T13:25:31.3147553Z" testType="13cdc9d9-ddb5-4fa4-a97d-d965ccfc6d4b" outcome="Passed" testListId="c7a860bc-6331-4e4d-a4db-66c7004d9c49" />
    <UnitTestResult executionId="35c3483e-7014-4845-9779-2e833f891b55" testId="cd9ff3b7-de4e-4b0d-a3e5-97cd1629149e" testName="Test7913" computerName="UA-LPT-OGA2" duration="00:00:01.6300000" startTime="2025-05-14T13:20:31.3146610Z" endTime="2025-05-14T13:25:31.3147553Z" testType="13cdc9d9-ddb5-4fa4-a97d-d965ccfc6d4b" outcome="Passed" testListId="c7a860bc-6331-4e4d-a4db-66c7004d9c49" />
    <UnitTestResult executionId="da65dca4-176c-406e-ac3b-5acafd849688" testId="ddfdf8fb-6756-493d-901d-2bda6d39a864" testName="Test7914" computerName="UA-LPT-OGA2" duration="00:00:00.4690000" startTime="2025-05-14T13:20:31.3146610Z" endTime="2025-05-14T13:25:31.3147553Z" testType="13cdc9d9-ddb5-4fa4-a97d-d965ccfc6d4b" outcome="Passed" testListId="c7a860bc-6331-4e4d-a4db-66c7004d9c49" />
    <UnitTestResult executionId="3bd9fd75-477a-4728-a27a-f6aa2b3c8af6" testId="6790b24c-c7af-43ea-95dd-6a750abdd8a8" testName="Test7915" computerName="UA-LPT-OGA2" duration="00:00:00.9490000" startTime="2025-05-14T13:20:31.3146610Z" endTime="2025-05-14T13:25:31.3147553Z" testType="13cdc9d9-ddb5-4fa4-a97d-d965ccfc6d4b" outcome="Passed" testListId="c7a860bc-6331-4e4d-a4db-66c7004d9c49" />
    <UnitTestResult executionId="a74b4881-36ea-4691-9618-fa7ae1e413ac" testId="e4b605b8-7b49-49c4-ad46-e1b553ae1d3e" testName="Test7916" computerName="UA-LPT-OGA2" duration="00:00:00.4420000" startTime="2025-05-14T13:20:31.3146610Z" endTime="2025-05-14T13:25:31.3147553Z" testType="13cdc9d9-ddb5-4fa4-a97d-d965ccfc6d4b" outcome="Passed" testListId="c7a860bc-6331-4e4d-a4db-66c7004d9c49" />
    <UnitTestResult executionId="e353319d-d5e3-4e21-8fc7-db854577e544" testId="dda748d9-93a9-4549-bc17-f25ac5601620" testName="Test7917" computerName="UA-LPT-OGA2" duration="00:00:01.7900000" startTime="2025-05-14T13:20:31.3146610Z" endTime="2025-05-14T13:25:31.3147553Z" testType="13cdc9d9-ddb5-4fa4-a97d-d965ccfc6d4b" outcome="Passed" testListId="c7a860bc-6331-4e4d-a4db-66c7004d9c49" />
    <UnitTestResult executionId="2c5343c6-6df8-46b3-91e1-e04122922698" testId="ffed056b-bd98-46b5-87b1-ff6c3887412c" testName="Test7918" computerName="UA-LPT-OGA2" duration="00:00:01.0320000" startTime="2025-05-14T13:20:31.3146610Z" endTime="2025-05-14T13:25:31.3147553Z" testType="13cdc9d9-ddb5-4fa4-a97d-d965ccfc6d4b" outcome="Passed" testListId="c7a860bc-6331-4e4d-a4db-66c7004d9c49" />
    <UnitTestResult executionId="7ea83b31-dac1-48d2-9d59-3ea67909c790" testId="3ff478aa-1d07-4b0e-9972-934b42544245" testName="Test7919" computerName="UA-LPT-OGA2" duration="00:00:01.1950000" startTime="2025-05-14T13:20:31.3146610Z" endTime="2025-05-14T13:25:31.3147553Z" testType="13cdc9d9-ddb5-4fa4-a97d-d965ccfc6d4b" outcome="Passed" testListId="c7a860bc-6331-4e4d-a4db-66c7004d9c49" />
    <UnitTestResult executionId="7ae2c281-ccf1-4855-bab0-a98100f0bcfb" testId="8169c534-64af-443f-8c81-897c0437cf52" testName="Test7920" computerName="UA-LPT-OGA2" duration="00:00:00.8000000" startTime="2025-05-14T13:20:31.3146610Z" endTime="2025-05-14T13:25:31.3147553Z" testType="13cdc9d9-ddb5-4fa4-a97d-d965ccfc6d4b" outcome="Passed" testListId="c7a860bc-6331-4e4d-a4db-66c7004d9c49" />
    <UnitTestResult executionId="fd21dd12-c0c4-4679-8fdc-5323ffa098da" testId="d34cd62f-c159-4516-a561-abfab57efd3f" testName="Test7921" computerName="UA-LPT-OGA2" duration="00:00:00.6600000" startTime="2025-05-14T13:20:31.3146610Z" endTime="2025-05-14T13:25:31.3147553Z" testType="13cdc9d9-ddb5-4fa4-a97d-d965ccfc6d4b" outcome="Passed" testListId="c7a860bc-6331-4e4d-a4db-66c7004d9c49" />
    <UnitTestResult executionId="66c3d8a4-a47c-4623-9605-84f109fd32b3" testId="1ec45ff0-7765-432e-bab4-bdc6fe3254a5" testName="Test7922" computerName="UA-LPT-OGA2" duration="00:00:00.2940000" startTime="2025-05-14T13:20:31.3146610Z" endTime="2025-05-14T13:25:31.3147553Z" testType="13cdc9d9-ddb5-4fa4-a97d-d965ccfc6d4b" outcome="Passed" testListId="c7a860bc-6331-4e4d-a4db-66c7004d9c49" />
    <UnitTestResult executionId="13f3fd49-c883-499f-99b1-1efc8307ca5e" testId="a563ac1d-1e3b-4354-a1cc-5cb1495501e6" testName="Test7923" computerName="UA-LPT-OGA2" duration="00:00:01.2820000" startTime="2025-05-14T13:20:31.3146610Z" endTime="2025-05-14T13:25:31.3147553Z" testType="13cdc9d9-ddb5-4fa4-a97d-d965ccfc6d4b" outcome="Passed" testListId="c7a860bc-6331-4e4d-a4db-66c7004d9c49" />
    <UnitTestResult executionId="1a9ce769-27e6-4bb7-86dd-ff73020a657c" testId="806c629d-0eca-483a-98e3-31b39d39a1f5" testName="Test7924" computerName="UA-LPT-OGA2" duration="00:00:00.0700000" startTime="2025-05-14T13:20:31.3146610Z" endTime="2025-05-14T13:25:31.3147553Z" testType="13cdc9d9-ddb5-4fa4-a97d-d965ccfc6d4b" outcome="Passed" testListId="c7a860bc-6331-4e4d-a4db-66c7004d9c49" />
    <UnitTestResult executionId="07c0b027-1ffb-4c07-a5a3-819ecb846294" testId="3eeb0daa-f991-48be-98ec-47d59f3a0916" testName="Test7925" computerName="UA-LPT-OGA2" duration="00:00:00.8540000" startTime="2025-05-14T13:20:31.3146610Z" endTime="2025-05-14T13:25:31.3147553Z" testType="13cdc9d9-ddb5-4fa4-a97d-d965ccfc6d4b" outcome="Passed" testListId="c7a860bc-6331-4e4d-a4db-66c7004d9c49" />
    <UnitTestResult executionId="053cc6d9-6e7a-4061-bfab-52cc83c2aee3" testId="e266992b-daff-4210-ac64-ab581e485bae" testName="Test7926" computerName="UA-LPT-OGA2" duration="00:00:00.9240000" startTime="2025-05-14T13:20:31.3146610Z" endTime="2025-05-14T13:25:31.3147553Z" testType="13cdc9d9-ddb5-4fa4-a97d-d965ccfc6d4b" outcome="Passed" testListId="c7a860bc-6331-4e4d-a4db-66c7004d9c49" />
    <UnitTestResult executionId="e80de638-0aa3-428f-9af4-c1e141992bc3" testId="75abc81b-b1d6-4e5c-9781-5a7300f3e810" testName="Test7927" computerName="UA-LPT-OGA2" duration="00:00:00.5980000" startTime="2025-05-14T13:20:31.3146610Z" endTime="2025-05-14T13:25:31.3147553Z" testType="13cdc9d9-ddb5-4fa4-a97d-d965ccfc6d4b" outcome="Passed" testListId="c7a860bc-6331-4e4d-a4db-66c7004d9c49" />
    <UnitTestResult executionId="bfb6fae4-b3e1-44bb-92e6-02e4e25a4929" testId="cc1b00b1-a469-4a6c-86fd-37b561083839" testName="Test7928" computerName="UA-LPT-OGA2" duration="00:00:01.0510000" startTime="2025-05-14T13:20:31.3146610Z" endTime="2025-05-14T13:25:31.3147553Z" testType="13cdc9d9-ddb5-4fa4-a97d-d965ccfc6d4b" outcome="Passed" testListId="c7a860bc-6331-4e4d-a4db-66c7004d9c49" />
    <UnitTestResult executionId="681c01bf-1854-43d9-97b7-1b63db293972" testId="aaae0331-cb6f-4cc6-a9a4-dd9dce2ae7a5" testName="Test7929" computerName="UA-LPT-OGA2" duration="00:00:01.4520000" startTime="2025-05-14T13:20:31.3146610Z" endTime="2025-05-14T13:25:31.3147553Z" testType="13cdc9d9-ddb5-4fa4-a97d-d965ccfc6d4b" outcome="Passed" testListId="c7a860bc-6331-4e4d-a4db-66c7004d9c49" />
    <UnitTestResult executionId="fdeed64c-d7dd-4933-8253-52adb44f31ad" testId="0fcb77dd-f35b-4cec-ad74-dda0bda783df" testName="Test7930" computerName="UA-LPT-OGA2" duration="00:00:00.5530000" startTime="2025-05-14T13:20:31.3146610Z" endTime="2025-05-14T13:25:31.3147553Z" testType="13cdc9d9-ddb5-4fa4-a97d-d965ccfc6d4b" outcome="Passed" testListId="c7a860bc-6331-4e4d-a4db-66c7004d9c49" />
    <UnitTestResult executionId="f55161cd-7a0f-4c8b-adec-d48f8152391b" testId="0b5cbdba-4945-47bd-956f-8f888233d2b0" testName="Test7931" computerName="UA-LPT-OGA2" duration="00:00:00.4620000" startTime="2025-05-14T13:20:31.3146610Z" endTime="2025-05-14T13:25:31.3147553Z" testType="13cdc9d9-ddb5-4fa4-a97d-d965ccfc6d4b" outcome="Passed" testListId="c7a860bc-6331-4e4d-a4db-66c7004d9c49" />
    <UnitTestResult executionId="1ac382fe-20fb-4a83-a9c6-4fe385f3b8a9" testId="403d5d88-1f30-4c91-9947-0d04546b5f10" testName="Test7932" computerName="UA-LPT-OGA2" duration="00:00:01.2700000" startTime="2025-05-14T13:20:31.3146610Z" endTime="2025-05-14T13:25:31.3147553Z" testType="13cdc9d9-ddb5-4fa4-a97d-d965ccfc6d4b" outcome="Passed" testListId="c7a860bc-6331-4e4d-a4db-66c7004d9c49" />
    <UnitTestResult executionId="feaca95c-1db8-4031-9216-534061bf2d82" testId="66441fed-f28e-4d45-9b49-fe062288a2cc" testName="Test7933" computerName="UA-LPT-OGA2" duration="00:00:00.6950000" startTime="2025-05-14T13:20:31.3146610Z" endTime="2025-05-14T13:25:31.3147553Z" testType="13cdc9d9-ddb5-4fa4-a97d-d965ccfc6d4b" outcome="Passed" testListId="c7a860bc-6331-4e4d-a4db-66c7004d9c49" />
    <UnitTestResult executionId="bc225667-130e-4449-8b7d-8723c740f6cd" testId="d3290374-34a6-4b31-a193-40b46855571e" testName="Test7934" computerName="UA-LPT-OGA2" duration="00:00:00.8420000" startTime="2025-05-14T13:20:31.3146610Z" endTime="2025-05-14T13:25:31.3147553Z" testType="13cdc9d9-ddb5-4fa4-a97d-d965ccfc6d4b" outcome="Failed" testListId="c7a860bc-6331-4e4d-a4db-66c7004d9c49">
      <Output>
        <ErrorInfo>
          <Message>Assertion failed: Expected value did not match actual value.</Message>
          <StackTrace>   at TestNamespace.TestClass.Test() in TestClass.cs:line 405</StackTrace>
        </ErrorInfo>
      </Output>
    </UnitTestResult>
    <UnitTestResult executionId="61a80fc2-2b85-4316-bbc9-c41906f3fbbd" testId="5eccdca7-7210-4352-a5c1-2357ed8a849c" testName="Test7935" computerName="UA-LPT-OGA2" duration="00:00:00.8910000" startTime="2025-05-14T13:20:31.3146610Z" endTime="2025-05-14T13:25:31.3147553Z" testType="13cdc9d9-ddb5-4fa4-a97d-d965ccfc6d4b" outcome="Passed" testListId="c7a860bc-6331-4e4d-a4db-66c7004d9c49" />
    <UnitTestResult executionId="d33c3212-1121-4875-9592-0b427eb3dce8" testId="1af369ed-1e18-4d3e-bdcd-6b4628564c00" testName="Test7936" computerName="UA-LPT-OGA2" duration="00:00:01.9850000" startTime="2025-05-14T13:20:31.3146610Z" endTime="2025-05-14T13:25:31.3147553Z" testType="13cdc9d9-ddb5-4fa4-a97d-d965ccfc6d4b" outcome="Passed" testListId="c7a860bc-6331-4e4d-a4db-66c7004d9c49" />
    <UnitTestResult executionId="19e96d93-7e19-456f-acee-31dc3d944eef" testId="77a93c5b-48c1-4b77-8e40-44d808972f5b" testName="Test7937" computerName="UA-LPT-OGA2" duration="00:00:00.3460000" startTime="2025-05-14T13:20:31.3146610Z" endTime="2025-05-14T13:25:31.3147553Z" testType="13cdc9d9-ddb5-4fa4-a97d-d965ccfc6d4b" outcome="Passed" testListId="c7a860bc-6331-4e4d-a4db-66c7004d9c49" />
    <UnitTestResult executionId="92e02a28-fc5d-424c-8e69-a231bc1c372f" testId="07edb0b9-5eae-43b5-8a8a-aca7de514d9f" testName="Test7938" computerName="UA-LPT-OGA2" duration="00:00:01.3950000" startTime="2025-05-14T13:20:31.3146610Z" endTime="2025-05-14T13:25:31.3147553Z" testType="13cdc9d9-ddb5-4fa4-a97d-d965ccfc6d4b" outcome="Passed" testListId="c7a860bc-6331-4e4d-a4db-66c7004d9c49" />
    <UnitTestResult executionId="ba6b1274-faa7-47b1-8117-72e59ec65e62" testId="8eaa7bf9-e628-4a0f-b589-5af515561ec7" testName="Test7939" computerName="UA-LPT-OGA2" duration="00:00:01.6540000" startTime="2025-05-14T13:20:31.3146610Z" endTime="2025-05-14T13:25:31.3147553Z" testType="13cdc9d9-ddb5-4fa4-a97d-d965ccfc6d4b" outcome="Passed" testListId="c7a860bc-6331-4e4d-a4db-66c7004d9c49" />
    <UnitTestResult executionId="c1c86f5b-5f9b-495a-a765-873e1be67f06" testId="4bb301b4-8606-497d-bfb4-1de415807df3" testName="Test7940" computerName="UA-LPT-OGA2" duration="00:00:00.7870000" startTime="2025-05-14T13:20:31.3146610Z" endTime="2025-05-14T13:25:31.3147553Z" testType="13cdc9d9-ddb5-4fa4-a97d-d965ccfc6d4b" outcome="Passed" testListId="c7a860bc-6331-4e4d-a4db-66c7004d9c49" />
    <UnitTestResult executionId="3347a7e9-1a80-4ad3-bc04-e46c8dbac827" testId="2ad0714b-8527-4cd4-9173-43c9442dd740" testName="Test7941" computerName="UA-LPT-OGA2" duration="00:00:01.6870000" startTime="2025-05-14T13:20:31.3146610Z" endTime="2025-05-14T13:25:31.3147553Z" testType="13cdc9d9-ddb5-4fa4-a97d-d965ccfc6d4b" outcome="Passed" testListId="c7a860bc-6331-4e4d-a4db-66c7004d9c49" />
    <UnitTestResult executionId="21907c15-d05d-40f6-807c-232e83c7857c" testId="5cca7a82-5376-4f78-afa1-67b01fdf779a" testName="Test7942" computerName="UA-LPT-OGA2" duration="00:00:01.6720000" startTime="2025-05-14T13:20:31.3146610Z" endTime="2025-05-14T13:25:31.3147553Z" testType="13cdc9d9-ddb5-4fa4-a97d-d965ccfc6d4b" outcome="Passed" testListId="c7a860bc-6331-4e4d-a4db-66c7004d9c49" />
    <UnitTestResult executionId="89c57d92-372d-4ef3-905a-1104510ae487" testId="5c765421-9365-4f4b-9189-49171d73bceb" testName="Test7943" computerName="UA-LPT-OGA2" duration="00:00:00.2120000" startTime="2025-05-14T13:20:31.3146610Z" endTime="2025-05-14T13:25:31.3147553Z" testType="13cdc9d9-ddb5-4fa4-a97d-d965ccfc6d4b" outcome="Passed" testListId="c7a860bc-6331-4e4d-a4db-66c7004d9c49" />
    <UnitTestResult executionId="01c785be-7af8-48ea-a7f2-27c45e22800b" testId="ce0c3b45-42e6-464e-86ce-fd747ab6aefa" testName="Test7944" computerName="UA-LPT-OGA2" duration="00:00:00.7660000" startTime="2025-05-14T13:20:31.3146610Z" endTime="2025-05-14T13:25:31.3147553Z" testType="13cdc9d9-ddb5-4fa4-a97d-d965ccfc6d4b" outcome="Passed" testListId="c7a860bc-6331-4e4d-a4db-66c7004d9c49" />
    <UnitTestResult executionId="5752fb57-7764-44b1-be1c-39e1c5cf56be" testId="5804cc48-0705-4613-a0d8-92fa1a4f4cdf" testName="Test7945" computerName="UA-LPT-OGA2" duration="00:00:01.9080000" startTime="2025-05-14T13:20:31.3146610Z" endTime="2025-05-14T13:25:31.3147553Z" testType="13cdc9d9-ddb5-4fa4-a97d-d965ccfc6d4b" outcome="Passed" testListId="c7a860bc-6331-4e4d-a4db-66c7004d9c49" />
    <UnitTestResult executionId="a0d10609-2ffb-41f5-94ac-3859934e5dcb" testId="5a404469-9b78-484f-81bd-e2b48ad5be05" testName="Test7946" computerName="UA-LPT-OGA2" duration="00:00:01.9500000" startTime="2025-05-14T13:20:31.3146610Z" endTime="2025-05-14T13:25:31.3147553Z" testType="13cdc9d9-ddb5-4fa4-a97d-d965ccfc6d4b" outcome="Passed" testListId="c7a860bc-6331-4e4d-a4db-66c7004d9c49" />
    <UnitTestResult executionId="8398edd1-8317-49f9-9e87-5ece4047e143" testId="4e163ab5-4ad1-44c0-b4d1-c11081befb42" testName="Test7947" computerName="UA-LPT-OGA2" duration="00:00:01.1240000" startTime="2025-05-14T13:20:31.3146610Z" endTime="2025-05-14T13:25:31.3147553Z" testType="13cdc9d9-ddb5-4fa4-a97d-d965ccfc6d4b" outcome="Passed" testListId="c7a860bc-6331-4e4d-a4db-66c7004d9c49" />
    <UnitTestResult executionId="b697c71c-23f3-427a-a821-c79caaa92f91" testId="53012ea2-3515-4b76-a3e4-462e39939e98" testName="Test7948" computerName="UA-LPT-OGA2" duration="00:00:00.8430000" startTime="2025-05-14T13:20:31.3146610Z" endTime="2025-05-14T13:25:31.3147553Z" testType="13cdc9d9-ddb5-4fa4-a97d-d965ccfc6d4b" outcome="Passed" testListId="c7a860bc-6331-4e4d-a4db-66c7004d9c49" />
    <UnitTestResult executionId="6051929a-a988-44a7-a340-5eb8075719ed" testId="2d788153-ec45-4ba9-b75c-186cfacbde8b" testName="Test7949" computerName="UA-LPT-OGA2" duration="00:00:01.0310000" startTime="2025-05-14T13:20:31.3146610Z" endTime="2025-05-14T13:25:31.3147553Z" testType="13cdc9d9-ddb5-4fa4-a97d-d965ccfc6d4b" outcome="Passed" testListId="c7a860bc-6331-4e4d-a4db-66c7004d9c49" />
    <UnitTestResult executionId="0aefde72-ac54-4380-a85a-9c1298dd845a" testId="7e29abe0-ff25-4dde-925c-a0f0c53a173d" testName="Test7950" computerName="UA-LPT-OGA2" duration="00:00:01.1650000" startTime="2025-05-14T13:20:31.3146610Z" endTime="2025-05-14T13:25:31.3147553Z" testType="13cdc9d9-ddb5-4fa4-a97d-d965ccfc6d4b" outcome="Passed" testListId="c7a860bc-6331-4e4d-a4db-66c7004d9c49" />
    <UnitTestResult executionId="e43ccf4c-f195-4e75-98dc-3ef468942735" testId="f78e86b6-2e51-4ea5-8baf-94a48d8e7a4d" testName="Test7951" computerName="UA-LPT-OGA2" duration="00:00:00.9320000" startTime="2025-05-14T13:20:31.3146610Z" endTime="2025-05-14T13:25:31.3147553Z" testType="13cdc9d9-ddb5-4fa4-a97d-d965ccfc6d4b" outcome="Failed" testListId="c7a860bc-6331-4e4d-a4db-66c7004d9c49">
      <Output>
        <ErrorInfo>
          <Message>Assertion failed: Expected value did not match actual value.</Message>
          <StackTrace>   at TestNamespace.TestClass.Test() in TestClass.cs:line 320</StackTrace>
        </ErrorInfo>
      </Output>
    </UnitTestResult>
    <UnitTestResult executionId="e852b865-11f2-4106-9073-e2e54fcfce9e" testId="45dd9a40-bbff-41e4-a372-efafb8ab998c" testName="Test7952" computerName="UA-LPT-OGA2" duration="00:00:00.8860000" startTime="2025-05-14T13:20:31.3146610Z" endTime="2025-05-14T13:25:31.3147553Z" testType="13cdc9d9-ddb5-4fa4-a97d-d965ccfc6d4b" outcome="Passed" testListId="c7a860bc-6331-4e4d-a4db-66c7004d9c49" />
    <UnitTestResult executionId="6a4814a9-196f-40c0-8536-065ca233fa51" testId="60fab71e-b680-4fc6-8318-731df7dea761" testName="Test7953" computerName="UA-LPT-OGA2" duration="00:00:00.0730000" startTime="2025-05-14T13:20:31.3146610Z" endTime="2025-05-14T13:25:31.3147553Z" testType="13cdc9d9-ddb5-4fa4-a97d-d965ccfc6d4b" outcome="Passed" testListId="c7a860bc-6331-4e4d-a4db-66c7004d9c49" />
    <UnitTestResult executionId="5dbe69d9-c954-4740-84ce-a8c1bdaf290e" testId="bc967cdb-9205-446d-98f4-ba6c62341b1e" testName="Test7954" computerName="UA-LPT-OGA2" duration="00:00:01.1210000" startTime="2025-05-14T13:20:31.3146610Z" endTime="2025-05-14T13:25:31.3147553Z" testType="13cdc9d9-ddb5-4fa4-a97d-d965ccfc6d4b" outcome="Passed" testListId="c7a860bc-6331-4e4d-a4db-66c7004d9c49" />
    <UnitTestResult executionId="fede6054-bd1d-49df-9f68-432f1ecb9da5" testId="c7d924f2-8884-4c9e-a324-5483372e9fa3" testName="Test7955" computerName="UA-LPT-OGA2" duration="00:00:00.1730000" startTime="2025-05-14T13:20:31.3146610Z" endTime="2025-05-14T13:25:31.3147553Z" testType="13cdc9d9-ddb5-4fa4-a97d-d965ccfc6d4b" outcome="Passed" testListId="c7a860bc-6331-4e4d-a4db-66c7004d9c49" />
    <UnitTestResult executionId="c14894a4-fd80-4266-8561-bf5933b5d219" testId="8cc8f7e6-1345-46a9-96a1-1c46addb6691" testName="Test7956" computerName="UA-LPT-OGA2" duration="00:00:01.0840000" startTime="2025-05-14T13:20:31.3146610Z" endTime="2025-05-14T13:25:31.3147553Z" testType="13cdc9d9-ddb5-4fa4-a97d-d965ccfc6d4b" outcome="Passed" testListId="c7a860bc-6331-4e4d-a4db-66c7004d9c49" />
    <UnitTestResult executionId="6d71232b-5c2c-403f-a2b3-9d6c89a60472" testId="6a74d44b-ef1a-45f6-b2ff-a8c23352e9f6" testName="Test7957" computerName="UA-LPT-OGA2" duration="00:00:01.6170000" startTime="2025-05-14T13:20:31.3146610Z" endTime="2025-05-14T13:25:31.3147553Z" testType="13cdc9d9-ddb5-4fa4-a97d-d965ccfc6d4b" outcome="Passed" testListId="c7a860bc-6331-4e4d-a4db-66c7004d9c49" />
    <UnitTestResult executionId="8dee9cef-af15-4c87-899f-47886a526c5f" testId="f20915ad-34e2-4c02-a506-55472fdcaa70" testName="Test7958" computerName="UA-LPT-OGA2" duration="00:00:00.8110000" startTime="2025-05-14T13:20:31.3146610Z" endTime="2025-05-14T13:25:31.3147553Z" testType="13cdc9d9-ddb5-4fa4-a97d-d965ccfc6d4b" outcome="Passed" testListId="c7a860bc-6331-4e4d-a4db-66c7004d9c49" />
    <UnitTestResult executionId="7011020a-4b54-42fd-9dc1-b20b138d1773" testId="5c2a24e6-1bfc-484c-a2b7-77f19641f830" testName="Test7959" computerName="UA-LPT-OGA2" duration="00:00:01.3970000" startTime="2025-05-14T13:20:31.3146610Z" endTime="2025-05-14T13:25:31.3147553Z" testType="13cdc9d9-ddb5-4fa4-a97d-d965ccfc6d4b" outcome="Passed" testListId="c7a860bc-6331-4e4d-a4db-66c7004d9c49" />
    <UnitTestResult executionId="20fc67ca-619b-4856-ba33-6dea3f45abae" testId="195a321f-4729-42ac-bc42-bef609870688" testName="Test7960" computerName="UA-LPT-OGA2" duration="00:00:01.7540000" startTime="2025-05-14T13:20:31.3146610Z" endTime="2025-05-14T13:25:31.3147553Z" testType="13cdc9d9-ddb5-4fa4-a97d-d965ccfc6d4b" outcome="Passed" testListId="c7a860bc-6331-4e4d-a4db-66c7004d9c49" />
    <UnitTestResult executionId="3d1adf4e-ecb5-45c0-92f5-fb4b3018ae9a" testId="101984b7-4e9c-42da-9645-5444a79b5903" testName="Test7961" computerName="UA-LPT-OGA2" duration="00:00:01.1110000" startTime="2025-05-14T13:20:31.3146610Z" endTime="2025-05-14T13:25:31.3147553Z" testType="13cdc9d9-ddb5-4fa4-a97d-d965ccfc6d4b" outcome="Passed" testListId="c7a860bc-6331-4e4d-a4db-66c7004d9c49" />
    <UnitTestResult executionId="e66b72e5-b545-4aa9-ae6d-6fbe1df0dcc6" testId="cb479f46-e415-46cc-9801-6d3520460362" testName="Test7962" computerName="UA-LPT-OGA2" duration="00:00:00.6150000" startTime="2025-05-14T13:20:31.3146610Z" endTime="2025-05-14T13:25:31.3147553Z" testType="13cdc9d9-ddb5-4fa4-a97d-d965ccfc6d4b" outcome="Passed" testListId="c7a860bc-6331-4e4d-a4db-66c7004d9c49" />
    <UnitTestResult executionId="ac81aa8d-704c-4606-965b-85d349e7ac98" testId="7f6b8f69-cbc8-4e50-8ecb-bb712e048f18" testName="Test7963" computerName="UA-LPT-OGA2" duration="00:00:00.7400000" startTime="2025-05-14T13:20:31.3146610Z" endTime="2025-05-14T13:25:31.3147553Z" testType="13cdc9d9-ddb5-4fa4-a97d-d965ccfc6d4b" outcome="Passed" testListId="c7a860bc-6331-4e4d-a4db-66c7004d9c49" />
    <UnitTestResult executionId="06ff0360-0be3-436d-a090-5f7fa6097d6e" testId="6722e112-8db6-4170-81a0-368e8548c8df" testName="Test7964" computerName="UA-LPT-OGA2" duration="00:00:00.9940000" startTime="2025-05-14T13:20:31.3146610Z" endTime="2025-05-14T13:25:31.3147553Z" testType="13cdc9d9-ddb5-4fa4-a97d-d965ccfc6d4b" outcome="Passed" testListId="c7a860bc-6331-4e4d-a4db-66c7004d9c49" />
    <UnitTestResult executionId="072179fe-c69a-464b-a9d5-f665fc3b6969" testId="f15601d0-27d7-457d-af24-7cfd122d4df9" testName="Test7965" computerName="UA-LPT-OGA2" duration="00:00:00.5670000" startTime="2025-05-14T13:20:31.3146610Z" endTime="2025-05-14T13:25:31.3147553Z" testType="13cdc9d9-ddb5-4fa4-a97d-d965ccfc6d4b" outcome="Passed" testListId="c7a860bc-6331-4e4d-a4db-66c7004d9c49" />
    <UnitTestResult executionId="00994909-aaa6-4f87-a46b-59278c0e2daf" testId="1b531c00-6504-4d7f-884a-a0ebfd096a4e" testName="Test7966" computerName="UA-LPT-OGA2" duration="00:00:01.1690000" startTime="2025-05-14T13:20:31.3146610Z" endTime="2025-05-14T13:25:31.3147553Z" testType="13cdc9d9-ddb5-4fa4-a97d-d965ccfc6d4b" outcome="Failed" testListId="c7a860bc-6331-4e4d-a4db-66c7004d9c49">
      <Output>
        <ErrorInfo>
          <Message>Assertion failed: Expected value did not match actual value.</Message>
          <StackTrace>   at TestNamespace.TestClass.Test() in TestClass.cs:line 464</StackTrace>
        </ErrorInfo>
      </Output>
    </UnitTestResult>
    <UnitTestResult executionId="19390f43-6c52-429b-82b4-c3175d154568" testId="b377500f-6413-477c-8263-b5a00b685efe" testName="Test7967" computerName="UA-LPT-OGA2" duration="00:00:00.7370000" startTime="2025-05-14T13:20:31.3146610Z" endTime="2025-05-14T13:25:31.3147553Z" testType="13cdc9d9-ddb5-4fa4-a97d-d965ccfc6d4b" outcome="Failed" testListId="c7a860bc-6331-4e4d-a4db-66c7004d9c49">
      <Output>
        <ErrorInfo>
          <Message>Assertion failed: Expected value did not match actual value.</Message>
          <StackTrace>   at TestNamespace.TestClass.Test() in TestClass.cs:line 155</StackTrace>
        </ErrorInfo>
      </Output>
    </UnitTestResult>
    <UnitTestResult executionId="694c1a5c-2af9-4715-abe2-e6bf177b661b" testId="80954605-c057-4997-b9bd-200992181a13" testName="Test7968" computerName="UA-LPT-OGA2" duration="00:00:01.3230000" startTime="2025-05-14T13:20:31.3146610Z" endTime="2025-05-14T13:25:31.3147553Z" testType="13cdc9d9-ddb5-4fa4-a97d-d965ccfc6d4b" outcome="Passed" testListId="c7a860bc-6331-4e4d-a4db-66c7004d9c49" />
    <UnitTestResult executionId="1f309858-1fa2-4955-80fd-8c03acb6553e" testId="efb655bd-8231-4ad3-a888-7352430a7085" testName="Test7969" computerName="UA-LPT-OGA2" duration="00:00:01.6100000" startTime="2025-05-14T13:20:31.3146610Z" endTime="2025-05-14T13:25:31.3147553Z" testType="13cdc9d9-ddb5-4fa4-a97d-d965ccfc6d4b" outcome="Passed" testListId="c7a860bc-6331-4e4d-a4db-66c7004d9c49" />
    <UnitTestResult executionId="2c5335c8-5ffe-4b44-9944-08ba3fe421b5" testId="e57e777d-c441-4a48-950d-41057238da8f" testName="Test7970" computerName="UA-LPT-OGA2" duration="00:00:01.6380000" startTime="2025-05-14T13:20:31.3146610Z" endTime="2025-05-14T13:25:31.3147553Z" testType="13cdc9d9-ddb5-4fa4-a97d-d965ccfc6d4b" outcome="Passed" testListId="c7a860bc-6331-4e4d-a4db-66c7004d9c49" />
    <UnitTestResult executionId="1b443c90-03fa-42ee-808d-efdf60d702c1" testId="c8b4583e-4379-42a4-b62e-1357cbc85197" testName="Test7971" computerName="UA-LPT-OGA2" duration="00:00:01.8580000" startTime="2025-05-14T13:20:31.3146610Z" endTime="2025-05-14T13:25:31.3147553Z" testType="13cdc9d9-ddb5-4fa4-a97d-d965ccfc6d4b" outcome="Passed" testListId="c7a860bc-6331-4e4d-a4db-66c7004d9c49" />
    <UnitTestResult executionId="08ed09a8-9837-44bb-badc-471a581fac5b" testId="680fd9a4-3441-4299-9198-4b28acd7c09b" testName="Test7972" computerName="UA-LPT-OGA2" duration="00:00:00.9740000" startTime="2025-05-14T13:20:31.3146610Z" endTime="2025-05-14T13:25:31.3147553Z" testType="13cdc9d9-ddb5-4fa4-a97d-d965ccfc6d4b" outcome="Passed" testListId="c7a860bc-6331-4e4d-a4db-66c7004d9c49" />
    <UnitTestResult executionId="ec7e9a33-4d3a-452e-860f-f2a3fbb9e0d3" testId="61280da6-ad69-41b1-ad93-760722dc664f" testName="Test7973" computerName="UA-LPT-OGA2" duration="00:00:00.6090000" startTime="2025-05-14T13:20:31.3146610Z" endTime="2025-05-14T13:25:31.3147553Z" testType="13cdc9d9-ddb5-4fa4-a97d-d965ccfc6d4b" outcome="Passed" testListId="c7a860bc-6331-4e4d-a4db-66c7004d9c49" />
    <UnitTestResult executionId="73325639-0dfc-4773-80f5-78c1cf472356" testId="f7b10f0c-9327-4037-ac93-68e53a6a43a2" testName="Test7974" computerName="UA-LPT-OGA2" duration="00:00:00.0240000" startTime="2025-05-14T13:20:31.3146610Z" endTime="2025-05-14T13:25:31.3147553Z" testType="13cdc9d9-ddb5-4fa4-a97d-d965ccfc6d4b" outcome="Passed" testListId="c7a860bc-6331-4e4d-a4db-66c7004d9c49" />
    <UnitTestResult executionId="d7461f52-2f8f-4f57-8aa2-acaaa5701e8f" testId="f92e688d-3f4b-426b-993b-e3a5c0a9a7ab" testName="Test7975" computerName="UA-LPT-OGA2" duration="00:00:00.1780000" startTime="2025-05-14T13:20:31.3146610Z" endTime="2025-05-14T13:25:31.3147553Z" testType="13cdc9d9-ddb5-4fa4-a97d-d965ccfc6d4b" outcome="Passed" testListId="c7a860bc-6331-4e4d-a4db-66c7004d9c49" />
    <UnitTestResult executionId="aaf834c1-e0ba-4a2c-ad33-44da94d27051" testId="2a54c587-1bdb-4177-880d-aff3ed308ba9" testName="Test7976" computerName="UA-LPT-OGA2" duration="00:00:00.5850000" startTime="2025-05-14T13:20:31.3146610Z" endTime="2025-05-14T13:25:31.3147553Z" testType="13cdc9d9-ddb5-4fa4-a97d-d965ccfc6d4b" outcome="Passed" testListId="c7a860bc-6331-4e4d-a4db-66c7004d9c49" />
    <UnitTestResult executionId="c068be8b-ad7b-4427-9b1a-56aecbe8ce9b" testId="9e16352d-5617-4b48-825d-d9f0b0b41bd6" testName="Test7977" computerName="UA-LPT-OGA2" duration="00:00:01.0780000" startTime="2025-05-14T13:20:31.3146610Z" endTime="2025-05-14T13:25:31.3147553Z" testType="13cdc9d9-ddb5-4fa4-a97d-d965ccfc6d4b" outcome="Passed" testListId="c7a860bc-6331-4e4d-a4db-66c7004d9c49" />
    <UnitTestResult executionId="c21b2e96-7b76-49f6-abb8-e56e89fa6100" testId="cf1ff0c1-bc25-42eb-b27e-ef04fd21f16e" testName="Test7978" computerName="UA-LPT-OGA2" duration="00:00:00.0620000" startTime="2025-05-14T13:20:31.3146610Z" endTime="2025-05-14T13:25:31.3147553Z" testType="13cdc9d9-ddb5-4fa4-a97d-d965ccfc6d4b" outcome="Passed" testListId="c7a860bc-6331-4e4d-a4db-66c7004d9c49" />
    <UnitTestResult executionId="59ac803b-62db-47c9-ae6d-236b0d63f075" testId="3e3e9353-940b-480b-b1d1-ede6be2ae520" testName="Test7979" computerName="UA-LPT-OGA2" duration="00:00:01.7220000" startTime="2025-05-14T13:20:31.3146610Z" endTime="2025-05-14T13:25:31.3147553Z" testType="13cdc9d9-ddb5-4fa4-a97d-d965ccfc6d4b" outcome="Passed" testListId="c7a860bc-6331-4e4d-a4db-66c7004d9c49" />
    <UnitTestResult executionId="e4e88bf7-3193-48e4-aadd-ad452e3ccbf1" testId="7a77e047-b349-4fa8-aefd-defe4dccf936" testName="Test7980" computerName="UA-LPT-OGA2" duration="00:00:00.2220000" startTime="2025-05-14T13:20:31.3146610Z" endTime="2025-05-14T13:25:31.3147553Z" testType="13cdc9d9-ddb5-4fa4-a97d-d965ccfc6d4b" outcome="Passed" testListId="c7a860bc-6331-4e4d-a4db-66c7004d9c49" />
    <UnitTestResult executionId="9f0c9079-ad62-4695-ba54-0dea8523bfe3" testId="3de92307-69f6-4d57-b728-cca13f16a5d2" testName="Test7981" computerName="UA-LPT-OGA2" duration="00:00:00.4110000" startTime="2025-05-14T13:20:31.3146610Z" endTime="2025-05-14T13:25:31.3147553Z" testType="13cdc9d9-ddb5-4fa4-a97d-d965ccfc6d4b" outcome="Passed" testListId="c7a860bc-6331-4e4d-a4db-66c7004d9c49" />
    <UnitTestResult executionId="d118a2c3-412c-494c-974b-d69dd30fe686" testId="2175f7de-b9f2-469a-bc97-7b52e2759ac7" testName="Test7982" computerName="UA-LPT-OGA2" duration="00:00:01.9120000" startTime="2025-05-14T13:20:31.3146610Z" endTime="2025-05-14T13:25:31.3147553Z" testType="13cdc9d9-ddb5-4fa4-a97d-d965ccfc6d4b" outcome="Passed" testListId="c7a860bc-6331-4e4d-a4db-66c7004d9c49" />
    <UnitTestResult executionId="d0fa829c-75b2-4764-8d3f-5c942df18b5c" testId="3fad5f5b-fa92-44af-8aa5-31aaefeafa21" testName="Test7983" computerName="UA-LPT-OGA2" duration="00:00:01.7500000" startTime="2025-05-14T13:20:31.3146610Z" endTime="2025-05-14T13:25:31.3147553Z" testType="13cdc9d9-ddb5-4fa4-a97d-d965ccfc6d4b" outcome="Passed" testListId="c7a860bc-6331-4e4d-a4db-66c7004d9c49" />
    <UnitTestResult executionId="8f6c2182-5d0d-4e5c-a4af-14fe49bb355b" testId="9cf984c9-9753-4efa-9f86-5ac38251d1cb" testName="Test7984" computerName="UA-LPT-OGA2" duration="00:00:01.7260000" startTime="2025-05-14T13:20:31.3146610Z" endTime="2025-05-14T13:25:31.3147553Z" testType="13cdc9d9-ddb5-4fa4-a97d-d965ccfc6d4b" outcome="Passed" testListId="c7a860bc-6331-4e4d-a4db-66c7004d9c49" />
    <UnitTestResult executionId="5deffd81-b328-44f5-80c3-697b0ec127a7" testId="c6540d0c-8710-4acb-9271-9aa52621ffd3" testName="Test7985" computerName="UA-LPT-OGA2" duration="00:00:00.7730000" startTime="2025-05-14T13:20:31.3146610Z" endTime="2025-05-14T13:25:31.3147553Z" testType="13cdc9d9-ddb5-4fa4-a97d-d965ccfc6d4b" outcome="Passed" testListId="c7a860bc-6331-4e4d-a4db-66c7004d9c49" />
    <UnitTestResult executionId="d362ce9f-90e5-43b5-9b5e-fc82f6e0806e" testId="67726777-83e8-4d07-8908-005fbdfb6b08" testName="Test7986" computerName="UA-LPT-OGA2" duration="00:00:01.5410000" startTime="2025-05-14T13:20:31.3146610Z" endTime="2025-05-14T13:25:31.3147553Z" testType="13cdc9d9-ddb5-4fa4-a97d-d965ccfc6d4b" outcome="Passed" testListId="c7a860bc-6331-4e4d-a4db-66c7004d9c49" />
    <UnitTestResult executionId="2d972f4a-666d-4cd9-8f86-48f0c2654eba" testId="f16234c9-3cbd-4bde-864b-dc255a2e178f" testName="Test7987" computerName="UA-LPT-OGA2" duration="00:00:00.9320000" startTime="2025-05-14T13:20:31.3146610Z" endTime="2025-05-14T13:25:31.3147553Z" testType="13cdc9d9-ddb5-4fa4-a97d-d965ccfc6d4b" outcome="Passed" testListId="c7a860bc-6331-4e4d-a4db-66c7004d9c49" />
    <UnitTestResult executionId="24829a51-b1e7-4a2e-8621-2dd85b30021b" testId="41b2e7ba-a64c-4202-809e-3a7aba826f98" testName="Test7988" computerName="UA-LPT-OGA2" duration="00:00:00.3330000" startTime="2025-05-14T13:20:31.3146610Z" endTime="2025-05-14T13:25:31.3147553Z" testType="13cdc9d9-ddb5-4fa4-a97d-d965ccfc6d4b" outcome="Passed" testListId="c7a860bc-6331-4e4d-a4db-66c7004d9c49" />
    <UnitTestResult executionId="7d235038-7ea8-45b5-a94c-ee88b4f68dea" testId="21708c89-3940-4733-8141-b5cb69bf15e1" testName="Test7989" computerName="UA-LPT-OGA2" duration="00:00:00.9420000" startTime="2025-05-14T13:20:31.3146610Z" endTime="2025-05-14T13:25:31.3147553Z" testType="13cdc9d9-ddb5-4fa4-a97d-d965ccfc6d4b" outcome="Passed" testListId="c7a860bc-6331-4e4d-a4db-66c7004d9c49" />
    <UnitTestResult executionId="a166a108-8723-4d54-866f-d697e65069a2" testId="f001ca01-970c-41d2-b43b-c3d366898b87" testName="Test7990" computerName="UA-LPT-OGA2" duration="00:00:01.3930000" startTime="2025-05-14T13:20:31.3146610Z" endTime="2025-05-14T13:25:31.3147553Z" testType="13cdc9d9-ddb5-4fa4-a97d-d965ccfc6d4b" outcome="Passed" testListId="c7a860bc-6331-4e4d-a4db-66c7004d9c49" />
    <UnitTestResult executionId="8ada27d5-9ac1-40b7-a426-1eb2c81818af" testId="78e9bd2d-58b5-4e5a-bbea-ea9a6421f82d" testName="Test7991" computerName="UA-LPT-OGA2" duration="00:00:01.4200000" startTime="2025-05-14T13:20:31.3146610Z" endTime="2025-05-14T13:25:31.3147553Z" testType="13cdc9d9-ddb5-4fa4-a97d-d965ccfc6d4b" outcome="Passed" testListId="c7a860bc-6331-4e4d-a4db-66c7004d9c49" />
    <UnitTestResult executionId="98779972-25fb-45e1-b437-3d5e946e63b0" testId="31a40086-f582-4ac3-a2b2-013e9653e25d" testName="Test7992" computerName="UA-LPT-OGA2" duration="00:00:01.1450000" startTime="2025-05-14T13:20:31.3146610Z" endTime="2025-05-14T13:25:31.3147553Z" testType="13cdc9d9-ddb5-4fa4-a97d-d965ccfc6d4b" outcome="Passed" testListId="c7a860bc-6331-4e4d-a4db-66c7004d9c49" />
    <UnitTestResult executionId="0cd72870-3f58-4b37-8f54-f417bed7190c" testId="e3c37a90-dfa5-415a-a5f3-d471fe0cdb26" testName="Test7993" computerName="UA-LPT-OGA2" duration="00:00:01.4380000" startTime="2025-05-14T13:20:31.3146610Z" endTime="2025-05-14T13:25:31.3147553Z" testType="13cdc9d9-ddb5-4fa4-a97d-d965ccfc6d4b" outcome="Passed" testListId="c7a860bc-6331-4e4d-a4db-66c7004d9c49" />
    <UnitTestResult executionId="a3d9682a-eca3-4685-bf33-5d4b3856bd22" testId="f9a602b3-716c-4a74-8821-0eb546265157" testName="Test7994" computerName="UA-LPT-OGA2" duration="00:00:00.5590000" startTime="2025-05-14T13:20:31.3146610Z" endTime="2025-05-14T13:25:31.3147553Z" testType="13cdc9d9-ddb5-4fa4-a97d-d965ccfc6d4b" outcome="Passed" testListId="c7a860bc-6331-4e4d-a4db-66c7004d9c49" />
    <UnitTestResult executionId="c6d15180-84f2-47ed-a31c-6dfd1eb9f17d" testId="5d8f42e6-5821-43fb-9b6a-f582fd1ead9b" testName="Test7995" computerName="UA-LPT-OGA2" duration="00:00:00.2650000" startTime="2025-05-14T13:20:31.3146610Z" endTime="2025-05-14T13:25:31.3147553Z" testType="13cdc9d9-ddb5-4fa4-a97d-d965ccfc6d4b" outcome="Passed" testListId="c7a860bc-6331-4e4d-a4db-66c7004d9c49" />
    <UnitTestResult executionId="8942855e-bf78-4fea-b2ae-6fe7514106a4" testId="4c5cb470-8503-4d5d-ae2c-6d9b2f21421a" testName="Test7996" computerName="UA-LPT-OGA2" duration="00:00:01.9240000" startTime="2025-05-14T13:20:31.3146610Z" endTime="2025-05-14T13:25:31.3147553Z" testType="13cdc9d9-ddb5-4fa4-a97d-d965ccfc6d4b" outcome="Passed" testListId="c7a860bc-6331-4e4d-a4db-66c7004d9c49" />
    <UnitTestResult executionId="a3060546-b642-47d5-baa2-d83f4d6c4154" testId="7c5f899d-d7e9-42f0-8c3b-6541b9996ba8" testName="Test7997" computerName="UA-LPT-OGA2" duration="00:00:01.4880000" startTime="2025-05-14T13:20:31.3146610Z" endTime="2025-05-14T13:25:31.3147553Z" testType="13cdc9d9-ddb5-4fa4-a97d-d965ccfc6d4b" outcome="Passed" testListId="c7a860bc-6331-4e4d-a4db-66c7004d9c49" />
    <UnitTestResult executionId="3b35fdc9-7c57-4c97-9ba1-395e0f950524" testId="668b458c-b2df-417c-9fa6-7dba37969cc4" testName="Test7998" computerName="UA-LPT-OGA2" duration="00:00:01.3430000" startTime="2025-05-14T13:20:31.3146610Z" endTime="2025-05-14T13:25:31.3147553Z" testType="13cdc9d9-ddb5-4fa4-a97d-d965ccfc6d4b" outcome="Passed" testListId="c7a860bc-6331-4e4d-a4db-66c7004d9c49" />
    <UnitTestResult executionId="6e4ec3dd-82e6-435a-afc1-f0d58273f1ec" testId="b1eafb36-c5a7-4d9b-843f-5a7b6c7e8701" testName="Test7999" computerName="UA-LPT-OGA2" duration="00:00:00.0690000" startTime="2025-05-14T13:20:31.3146610Z" endTime="2025-05-14T13:25:31.3147553Z" testType="13cdc9d9-ddb5-4fa4-a97d-d965ccfc6d4b" outcome="Passed" testListId="c7a860bc-6331-4e4d-a4db-66c7004d9c49" />
    <UnitTestResult executionId="7caffeca-fd8b-46c1-a17d-13f93083cb8e" testId="978a591a-6c85-4fd8-aa5b-d2461a16acfa" testName="Test8000" computerName="UA-LPT-OGA2" duration="00:00:01.2500000" startTime="2025-05-14T13:20:31.3146610Z" endTime="2025-05-14T13:25:31.3147553Z" testType="13cdc9d9-ddb5-4fa4-a97d-d965ccfc6d4b" outcome="Passed" testListId="c7a860bc-6331-4e4d-a4db-66c7004d9c49" />
  </Results>
  <TestDefinitions>
    <UnitTest name="Test7901" id="617e9d9c-25fd-4490-8567-fd73762c5b65" storage="TestAssembly.dll">
      <Execution id="0c8f120f-ad72-4939-9417-18021cbbfc20" />
      <TestMethod codeBase="TestAssembly.dll" className="TestNamespace.TestClass1" name="Test7901" />
    </UnitTest>
    <UnitTest name="Test7902" id="c5e07fc9-02fb-4bb3-b059-4c885aebff67" storage="TestAssembly.dll">
      <Execution id="75cd2c20-0828-4883-a005-abafe91f9115" />
      <TestMethod codeBase="TestAssembly.dll" className="TestNamespace.TestClass1" name="Test7902" />
    </UnitTest>
    <UnitTest name="Test7903" id="c1cb7851-3e79-4f3b-828d-fce9fbb65d29" storage="TestAssembly.dll">
      <Execution id="54d28462-9ccb-448a-a358-a1422cbdce4a" />
      <TestMethod codeBase="TestAssembly.dll" className="TestNamespace.TestClass1" name="Test7903" />
    </UnitTest>
    <UnitTest name="Test7904" id="5558d4e8-3be3-4b3c-a5da-23adf7de5079" storage="TestAssembly.dll">
      <Execution id="303a72e0-3c0e-4a8d-ad66-c4fd48eb00b5" />
      <TestMethod codeBase="TestAssembly.dll" className="TestNamespace.TestClass1" name="Test7904" />
    </UnitTest>
    <UnitTest name="Test7905" id="5c5f18dd-7275-4a52-8857-efd29575498f" storage="TestAssembly.dll">
      <Execution id="90cc4026-9f94-49a2-9869-02ca71f1aa1f" />
      <TestMethod codeBase="TestAssembly.dll" className="TestNamespace.TestClass1" name="Test7905" />
    </UnitTest>
    <UnitTest name="Test7906" id="41dace66-fa45-417b-928d-2816bb9127cf" storage="TestAssembly.dll">
      <Execution id="45fdcf6a-00a6-4bf5-a4da-6e0d3afcff15" />
      <TestMethod codeBase="TestAssembly.dll" className="TestNamespace.TestClass1" name="Test7906" />
    </UnitTest>
    <UnitTest name="Test7907" id="64b4b521-e7d7-4d1a-a952-3f261f02fcf3" storage="TestAssembly.dll">
      <Execution id="b382dd37-0da3-4fe7-9cd4-56292db7a0b8" />
      <TestMethod codeBase="TestAssembly.dll" className="TestNamespace.TestClass1" name="Test7907" />
    </UnitTest>
    <UnitTest name="Test7908" id="152ae719-c6e7-4222-8b55-ea171a593837" storage="TestAssembly.dll">
      <Execution id="fa2ac08a-f2e6-416d-9802-01cbeba6e1a7" />
      <TestMethod codeBase="TestAssembly.dll" className="TestNamespace.TestClass1" name="Test7908" />
    </UnitTest>
    <UnitTest name="Test7909" id="7b9436ee-e147-43c1-bea0-f924d15b8b9a" storage="TestAssembly.dll">
      <Execution id="afe4e454-8d47-45c8-84a2-f10d75985e50" />
      <TestMethod codeBase="TestAssembly.dll" className="TestNamespace.TestClass1" name="Test7909" />
    </UnitTest>
    <UnitTest name="Test7910" id="f018d0ee-1d26-428a-a7dd-1b49739b295a" storage="TestAssembly.dll">
      <Execution id="5aeeff79-06c3-42e8-9d23-49de80627298" />
      <TestMethod codeBase="TestAssembly.dll" className="TestNamespace.TestClass1" name="Test7910" />
    </UnitTest>
    <UnitTest name="Test7911" id="667bcffc-78d8-4e44-9f38-79771b8e0fdb" storage="TestAssembly.dll">
      <Execution id="f96de3c6-71fb-4ebb-9895-443ee009212a" />
      <TestMethod codeBase="TestAssembly.dll" className="TestNamespace.TestClass2" name="Test7911" />
    </UnitTest>
    <UnitTest name="Test7912" id="d9d3a9ec-7b42-42d1-9d05-4c32bb8f8614" storage="TestAssembly.dll">
      <Execution id="605ce50c-012b-421d-825a-dc0301865954" />
      <TestMethod codeBase="TestAssembly.dll" className="TestNamespace.TestClass2" name="Test7912" />
    </UnitTest>
    <UnitTest name="Test7913" id="cd9ff3b7-de4e-4b0d-a3e5-97cd1629149e" storage="TestAssembly.dll">
      <Execution id="35c3483e-7014-4845-9779-2e833f891b55" />
      <TestMethod codeBase="TestAssembly.dll" className="TestNamespace.TestClass2" name="Test7913" />
    </UnitTest>
    <UnitTest name="Test7914" id="ddfdf8fb-6756-493d-901d-2bda6d39a864" storage="TestAssembly.dll">
      <Execution id="da65dca4-176c-406e-ac3b-5acafd849688" />
      <TestMethod codeBase="TestAssembly.dll" className="TestNamespace.TestClass2" name="Test7914" />
    </UnitTest>
    <UnitTest name="Test7915" id="6790b24c-c7af-43ea-95dd-6a750abdd8a8" storage="TestAssembly.dll">
      <Execution id="3bd9fd75-477a-4728-a27a-f6aa2b3c8af6" />
      <TestMethod codeBase="TestAssembly.dll" className="TestNamespace.TestClass2" name="Test7915" />
    </UnitTest>
    <UnitTest name="Test7916" id="e4b605b8-7b49-49c4-ad46-e1b553ae1d3e" storage="TestAssembly.dll">
      <Execution id="a74b4881-36ea-4691-9618-fa7ae1e413ac" />
      <TestMethod codeBase="TestAssembly.dll" className="TestNamespace.TestClass2" name="Test7916" />
    </UnitTest>
    <UnitTest name="Test7917" id="dda748d9-93a9-4549-bc17-f25ac5601620" storage="TestAssembly.dll">
      <Execution id="e353319d-d5e3-4e21-8fc7-db854577e544" />
      <TestMethod codeBase="TestAssembly.dll" className="TestNamespace.TestClass2" name="Test7917" />
    </UnitTest>
    <UnitTest name="Test7918" id="ffed056b-bd98-46b5-87b1-ff6c3887412c" storage="TestAssembly.dll">
      <Execution id="2c5343c6-6df8-46b3-91e1-e04122922698" />
      <TestMethod codeBase="TestAssembly.dll" className="TestNamespace.TestClass2" name="Test7918" />
    </UnitTest>
    <UnitTest name="Test7919" id="3ff478aa-1d07-4b0e-9972-934b42544245" storage="TestAssembly.dll">
      <Execution id="7ea83b31-dac1-48d2-9d59-3ea67909c790" />
      <TestMethod codeBase="TestAssembly.dll" className="TestNamespace.TestClass2" name="Test7919" />
    </UnitTest>
    <UnitTest name="Test7920" id="8169c534-64af-443f-8c81-897c0437cf52" storage="TestAssembly.dll">
      <Execution id="7ae2c281-ccf1-4855-bab0-a98100f0bcfb" />
      <TestMethod codeBase="TestAssembly.dll" className="TestNamespace.TestClass2" name="Test7920" />
    </UnitTest>
    <UnitTest name="Test7921" id="d34cd62f-c159-4516-a561-abfab57efd3f" storage="TestAssembly.dll">
      <Execution id="fd21dd12-c0c4-4679-8fdc-5323ffa098da" />
      <TestMethod codeBase="TestAssembly.dll" className="TestNamespace.TestClass3" name="Test7921" />
    </UnitTest>
    <UnitTest name="Test7922" id="1ec45ff0-7765-432e-bab4-bdc6fe3254a5" storage="TestAssembly.dll">
      <Execution id="66c3d8a4-a47c-4623-9605-84f109fd32b3" />
      <TestMethod codeBase="TestAssembly.dll" className="TestNamespace.TestClass3" name="Test7922" />
    </UnitTest>
    <UnitTest name="Test7923" id="a563ac1d-1e3b-4354-a1cc-5cb1495501e6" storage="TestAssembly.dll">
      <Execution id="13f3fd49-c883-499f-99b1-1efc8307ca5e" />
      <TestMethod codeBase="TestAssembly.dll" className="TestNamespace.TestClass3" name="Test7923" />
    </UnitTest>
    <UnitTest name="Test7924" id="806c629d-0eca-483a-98e3-31b39d39a1f5" storage="TestAssembly.dll">
      <Execution id="1a9ce769-27e6-4bb7-86dd-ff73020a657c" />
      <TestMethod codeBase="TestAssembly.dll" className="TestNamespace.TestClass3" name="Test7924" />
    </UnitTest>
    <UnitTest name="Test7925" id="3eeb0daa-f991-48be-98ec-47d59f3a0916" storage="TestAssembly.dll">
      <Execution id="07c0b027-1ffb-4c07-a5a3-819ecb846294" />
      <TestMethod codeBase="TestAssembly.dll" className="TestNamespace.TestClass3" name="Test7925" />
    </UnitTest>
    <UnitTest name="Test7926" id="e266992b-daff-4210-ac64-ab581e485bae" storage="TestAssembly.dll">
      <Execution id="053cc6d9-6e7a-4061-bfab-52cc83c2aee3" />
      <TestMethod codeBase="TestAssembly.dll" className="TestNamespace.TestClass3" name="Test7926" />
    </UnitTest>
    <UnitTest name="Test7927" id="75abc81b-b1d6-4e5c-9781-5a7300f3e810" storage="TestAssembly.dll">
      <Execution id="e80de638-0aa3-428f-9af4-c1e141992bc3" />
      <TestMethod codeBase="TestAssembly.dll" className="TestNamespace.TestClass3" name="Test7927" />
    </UnitTest>
    <UnitTest name="Test7928" id="cc1b00b1-a469-4a6c-86fd-37b561083839" storage="TestAssembly.dll">
      <Execution id="bfb6fae4-b3e1-44bb-92e6-02e4e25a4929" />
      <TestMethod codeBase="TestAssembly.dll" className="TestNamespace.TestClass3" name="Test7928" />
    </UnitTest>
    <UnitTest name="Test7929" id="aaae0331-cb6f-4cc6-a9a4-dd9dce2ae7a5" storage="TestAssembly.dll">
      <Execution id="681c01bf-1854-43d9-97b7-1b63db293972" />
      <TestMethod codeBase="TestAssembly.dll" className="TestNamespace.TestClass3" name="Test7929" />
    </UnitTest>
    <UnitTest name="Test7930" id="0fcb77dd-f35b-4cec-ad74-dda0bda783df" storage="TestAssembly.dll">
      <Execution id="fdeed64c-d7dd-4933-8253-52adb44f31ad" />
      <TestMethod codeBase="TestAssembly.dll" className="TestNamespace.TestClass3" name="Test7930" />
    </UnitTest>
    <UnitTest name="Test7931" id="0b5cbdba-4945-47bd-956f-8f888233d2b0" storage="TestAssembly.dll">
      <Execution id="f55161cd-7a0f-4c8b-adec-d48f8152391b" />
      <TestMethod codeBase="TestAssembly.dll" className="TestNamespace.TestClass4" name="Test7931" />
    </UnitTest>
    <UnitTest name="Test7932" id="403d5d88-1f30-4c91-9947-0d04546b5f10" storage="TestAssembly.dll">
      <Execution id="1ac382fe-20fb-4a83-a9c6-4fe385f3b8a9" />
      <TestMethod codeBase="TestAssembly.dll" className="TestNamespace.TestClass4" name="Test7932" />
    </UnitTest>
    <UnitTest name="Test7933" id="66441fed-f28e-4d45-9b49-fe062288a2cc" storage="TestAssembly.dll">
      <Execution id="feaca95c-1db8-4031-9216-534061bf2d82" />
      <TestMethod codeBase="TestAssembly.dll" className="TestNamespace.TestClass4" name="Test7933" />
    </UnitTest>
    <UnitTest name="Test7934" id="d3290374-34a6-4b31-a193-40b46855571e" storage="TestAssembly.dll">
      <Execution id="bc225667-130e-4449-8b7d-8723c740f6cd" />
      <TestMethod codeBase="TestAssembly.dll" className="TestNamespace.TestClass4" name="Test7934" />
    </UnitTest>
    <UnitTest name="Test7935" id="5eccdca7-7210-4352-a5c1-2357ed8a849c" storage="TestAssembly.dll">
      <Execution id="61a80fc2-2b85-4316-bbc9-c41906f3fbbd" />
      <TestMethod codeBase="TestAssembly.dll" className="TestNamespace.TestClass4" name="Test7935" />
    </UnitTest>
    <UnitTest name="Test7936" id="1af369ed-1e18-4d3e-bdcd-6b4628564c00" storage="TestAssembly.dll">
      <Execution id="d33c3212-1121-4875-9592-0b427eb3dce8" />
      <TestMethod codeBase="TestAssembly.dll" className="TestNamespace.TestClass4" name="Test7936" />
    </UnitTest>
    <UnitTest name="Test7937" id="77a93c5b-48c1-4b77-8e40-44d808972f5b" storage="TestAssembly.dll">
      <Execution id="19e96d93-7e19-456f-acee-31dc3d944eef" />
      <TestMethod codeBase="TestAssembly.dll" className="TestNamespace.TestClass4" name="Test7937" />
    </UnitTest>
    <UnitTest name="Test7938" id="07edb0b9-5eae-43b5-8a8a-aca7de514d9f" storage="TestAssembly.dll">
      <Execution id="92e02a28-fc5d-424c-8e69-a231bc1c372f" />
      <TestMethod codeBase="TestAssembly.dll" className="TestNamespace.TestClass4" name="Test7938" />
    </UnitTest>
    <UnitTest name="Test7939" id="8eaa7bf9-e628-4a0f-b589-5af515561ec7" storage="TestAssembly.dll">
      <Execution id="ba6b1274-faa7-47b1-8117-72e59ec65e62" />
      <TestMethod codeBase="TestAssembly.dll" className="TestNamespace.TestClass4" name="Test7939" />
    </UnitTest>
    <UnitTest name="Test7940" id="4bb301b4-8606-497d-bfb4-1de415807df3" storage="TestAssembly.dll">
      <Execution id="c1c86f5b-5f9b-495a-a765-873e1be67f06" />
      <TestMethod codeBase="TestAssembly.dll" className="TestNamespace.TestClass4" name="Test7940" />
    </UnitTest>
    <UnitTest name="Test7941" id="2ad0714b-8527-4cd4-9173-43c9442dd740" storage="TestAssembly.dll">
      <Execution id="3347a7e9-1a80-4ad3-bc04-e46c8dbac827" />
      <TestMethod codeBase="TestAssembly.dll" className="TestNamespace.TestClass5" name="Test7941" />
    </UnitTest>
    <UnitTest name="Test7942" id="5cca7a82-5376-4f78-afa1-67b01fdf779a" storage="TestAssembly.dll">
      <Execution id="21907c15-d05d-40f6-807c-232e83c7857c" />
      <TestMethod codeBase="TestAssembly.dll" className="TestNamespace.TestClass5" name="Test7942" />
    </UnitTest>
    <UnitTest name="Test7943" id="5c765421-9365-4f4b-9189-49171d73bceb" storage="TestAssembly.dll">
      <Execution id="89c57d92-372d-4ef3-905a-1104510ae487" />
      <TestMethod codeBase="TestAssembly.dll" className="TestNamespace.TestClass5" name="Test7943" />
    </UnitTest>
    <UnitTest name="Test7944" id="ce0c3b45-42e6-464e-86ce-fd747ab6aefa" storage="TestAssembly.dll">
      <Execution id="01c785be-7af8-48ea-a7f2-27c45e22800b" />
      <TestMethod codeBase="TestAssembly.dll" className="TestNamespace.TestClass5" name="Test7944" />
    </UnitTest>
    <UnitTest name="Test7945" id="5804cc48-0705-4613-a0d8-92fa1a4f4cdf" storage="TestAssembly.dll">
      <Execution id="5752fb57-7764-44b1-be1c-39e1c5cf56be" />
      <TestMethod codeBase="TestAssembly.dll" className="TestNamespace.TestClass5" name="Test7945" />
    </UnitTest>
    <UnitTest name="Test7946" id="5a404469-9b78-484f-81bd-e2b48ad5be05" storage="TestAssembly.dll">
      <Execution id="a0d10609-2ffb-41f5-94ac-3859934e5dcb" />
      <TestMethod codeBase="TestAssembly.dll" className="TestNamespace.TestClass5" name="Test7946" />
    </UnitTest>
    <UnitTest name="Test7947" id="4e163ab5-4ad1-44c0-b4d1-c11081befb42" storage="TestAssembly.dll">
      <Execution id="8398edd1-8317-49f9-9e87-5ece4047e143" />
      <TestMethod codeBase="TestAssembly.dll" className="TestNamespace.TestClass5" name="Test7947" />
    </UnitTest>
    <UnitTest name="Test7948" id="53012ea2-3515-4b76-a3e4-462e39939e98" storage="TestAssembly.dll">
      <Execution id="b697c71c-23f3-427a-a821-c79caaa92f91" />
      <TestMethod codeBase="TestAssembly.dll" className="TestNamespace.TestClass5" name="Test7948" />
    </UnitTest>
    <UnitTest name="Test7949" id="2d788153-ec45-4ba9-b75c-186cfacbde8b" storage="TestAssembly.dll">
      <Execution id="6051929a-a988-44a7-a340-5eb8075719ed" />
      <TestMethod codeBase="TestAssembly.dll" className="TestNamespace.TestClass5" name="Test7949" />
    </UnitTest>
    <UnitTest name="Test7950" id="7e29abe0-ff25-4dde-925c-a0f0c53a173d" storage="TestAssembly.dll">
      <Execution id="0aefde72-ac54-4380-a85a-9c1298dd845a" />
      <TestMethod codeBase="TestAssembly.dll" className="TestNamespace.TestClass5" name="Test7950" />
    </UnitTest>
    <UnitTest name="Test7951" id="f78e86b6-2e51-4ea5-8baf-94a48d8e7a4d" storage="TestAssembly.dll">
      <Execution id="e43ccf4c-f195-4e75-98dc-3ef468942735" />
      <TestMethod codeBase="TestAssembly.dll" className="TestNamespace.TestClass6" name="Test7951" />
    </UnitTest>
    <UnitTest name="Test7952" id="45dd9a40-bbff-41e4-a372-efafb8ab998c" storage="TestAssembly.dll">
      <Execution id="e852b865-11f2-4106-9073-e2e54fcfce9e" />
      <TestMethod codeBase="TestAssembly.dll" className="TestNamespace.TestClass6" name="Test7952" />
    </UnitTest>
    <UnitTest name="Test7953" id="60fab71e-b680-4fc6-8318-731df7dea761" storage="TestAssembly.dll">
      <Execution id="6a4814a9-196f-40c0-8536-065ca233fa51" />
      <TestMethod codeBase="TestAssembly.dll" className="TestNamespace.TestClass6" name="Test7953" />
    </UnitTest>
    <UnitTest name="Test7954" id="bc967cdb-9205-446d-98f4-ba6c62341b1e" storage="TestAssembly.dll">
      <Execution id="5dbe69d9-c954-4740-84ce-a8c1bdaf290e" />
      <TestMethod codeBase="TestAssembly.dll" className="TestNamespace.TestClass6" name="Test7954" />
    </UnitTest>
    <UnitTest name="Test7955" id="c7d924f2-8884-4c9e-a324-5483372e9fa3" storage="TestAssembly.dll">
      <Execution id="fede6054-bd1d-49df-9f68-432f1ecb9da5" />
      <TestMethod codeBase="TestAssembly.dll" className="TestNamespace.TestClass6" name="Test7955" />
    </UnitTest>
    <UnitTest name="Test7956" id="8cc8f7e6-1345-46a9-96a1-1c46addb6691" storage="TestAssembly.dll">
      <Execution id="c14894a4-fd80-4266-8561-bf5933b5d219" />
      <TestMethod codeBase="TestAssembly.dll" className="TestNamespace.TestClass6" name="Test7956" />
    </UnitTest>
    <UnitTest name="Test7957" id="6a74d44b-ef1a-45f6-b2ff-a8c23352e9f6" storage="TestAssembly.dll">
      <Execution id="6d71232b-5c2c-403f-a2b3-9d6c89a60472" />
      <TestMethod codeBase="TestAssembly.dll" className="TestNamespace.TestClass6" name="Test7957" />
    </UnitTest>
    <UnitTest name="Test7958" id="f20915ad-34e2-4c02-a506-55472fdcaa70" storage="TestAssembly.dll">
      <Execution id="8dee9cef-af15-4c87-899f-47886a526c5f" />
      <TestMethod codeBase="TestAssembly.dll" className="TestNamespace.TestClass6" name="Test7958" />
    </UnitTest>
    <UnitTest name="Test7959" id="5c2a24e6-1bfc-484c-a2b7-77f19641f830" storage="TestAssembly.dll">
      <Execution id="7011020a-4b54-42fd-9dc1-b20b138d1773" />
      <TestMethod codeBase="TestAssembly.dll" className="TestNamespace.TestClass6" name="Test7959" />
    </UnitTest>
    <UnitTest name="Test7960" id="195a321f-4729-42ac-bc42-bef609870688" storage="TestAssembly.dll">
      <Execution id="20fc67ca-619b-4856-ba33-6dea3f45abae" />
      <TestMethod codeBase="TestAssembly.dll" className="TestNamespace.TestClass6" name="Test7960" />
    </UnitTest>
    <UnitTest name="Test7961" id="101984b7-4e9c-42da-9645-5444a79b5903" storage="TestAssembly.dll">
      <Execution id="3d1adf4e-ecb5-45c0-92f5-fb4b3018ae9a" />
      <TestMethod codeBase="TestAssembly.dll" className="TestNamespace.TestClass7" name="Test7961" />
    </UnitTest>
    <UnitTest name="Test7962" id="cb479f46-e415-46cc-9801-6d3520460362" storage="TestAssembly.dll">
      <Execution id="e66b72e5-b545-4aa9-ae6d-6fbe1df0dcc6" />
      <TestMethod codeBase="TestAssembly.dll" className="TestNamespace.TestClass7" name="Test7962" />
    </UnitTest>
    <UnitTest name="Test7963" id="7f6b8f69-cbc8-4e50-8ecb-bb712e048f18" storage="TestAssembly.dll">
      <Execution id="ac81aa8d-704c-4606-965b-85d349e7ac98" />
      <TestMethod codeBase="TestAssembly.dll" className="TestNamespace.TestClass7" name="Test7963" />
    </UnitTest>
    <UnitTest name="Test7964" id="6722e112-8db6-4170-81a0-368e8548c8df" storage="TestAssembly.dll">
      <Execution id="06ff0360-0be3-436d-a090-5f7fa6097d6e" />
      <TestMethod codeBase="TestAssembly.dll" className="TestNamespace.TestClass7" name="Test7964" />
    </UnitTest>
    <UnitTest name="Test7965" id="f15601d0-27d7-457d-af24-7cfd122d4df9" storage="TestAssembly.dll">
      <Execution id="072179fe-c69a-464b-a9d5-f665fc3b6969" />
      <TestMethod codeBase="TestAssembly.dll" className="TestNamespace.TestClass7" name="Test7965" />
    </UnitTest>
    <UnitTest name="Test7966" id="1b531c00-6504-4d7f-884a-a0ebfd096a4e" storage="TestAssembly.dll">
      <Execution id="00994909-aaa6-4f87-a46b-59278c0e2daf" />
      <TestMethod codeBase="TestAssembly.dll" className="TestNamespace.TestClass7" name="Test7966" />
    </UnitTest>
    <UnitTest name="Test7967" id="b377500f-6413-477c-8263-b5a00b685efe" storage="TestAssembly.dll">
      <Execution id="19390f43-6c52-429b-82b4-c3175d154568" />
      <TestMethod codeBase="TestAssembly.dll" className="TestNamespace.TestClass7" name="Test7967" />
    </UnitTest>
    <UnitTest name="Test7968" id="80954605-c057-4997-b9bd-200992181a13" storage="TestAssembly.dll">
      <Execution id="694c1a5c-2af9-4715-abe2-e6bf177b661b" />
      <TestMethod codeBase="TestAssembly.dll" className="TestNamespace.TestClass7" name="Test7968" />
    </UnitTest>
    <UnitTest name="Test7969" id="efb655bd-8231-4ad3-a888-7352430a7085" storage="TestAssembly.dll">
      <Execution id="1f309858-1fa2-4955-80fd-8c03acb6553e" />
      <TestMethod codeBase="TestAssembly.dll" className="TestNamespace.TestClass7" name="Test7969" />
    </UnitTest>
    <UnitTest name="Test7970" id="e57e777d-c441-4a48-950d-41057238da8f" storage="TestAssembly.dll">
      <Execution id="2c5335c8-5ffe-4b44-9944-08ba3fe421b5" />
      <TestMethod codeBase="TestAssembly.dll" className="TestNamespace.TestClass7" name="Test7970" />
    </UnitTest>
    <UnitTest name="Test7971" id="c8b4583e-4379-42a4-b62e-1357cbc85197" storage="TestAssembly.dll">
      <Execution id="1b443c90-03fa-42ee-808d-efdf60d702c1" />
      <TestMethod codeBase="TestAssembly.dll" className="TestNamespace.TestClass8" name="Test7971" />
    </UnitTest>
    <UnitTest name="Test7972" id="680fd9a4-3441-4299-9198-4b28acd7c09b" storage="TestAssembly.dll">
      <Execution id="08ed09a8-9837-44bb-badc-471a581fac5b" />
      <TestMethod codeBase="TestAssembly.dll" className="TestNamespace.TestClass8" name="Test7972" />
    </UnitTest>
    <UnitTest name="Test7973" id="61280da6-ad69-41b1-ad93-760722dc664f" storage="TestAssembly.dll">
      <Execution id="ec7e9a33-4d3a-452e-860f-f2a3fbb9e0d3" />
      <TestMethod codeBase="TestAssembly.dll" className="TestNamespace.TestClass8" name="Test7973" />
    </UnitTest>
    <UnitTest name="Test7974" id="f7b10f0c-9327-4037-ac93-68e53a6a43a2" storage="TestAssembly.dll">
      <Execution id="73325639-0dfc-4773-80f5-78c1cf472356" />
      <TestMethod codeBase="TestAssembly.dll" className="TestNamespace.TestClass8" name="Test7974" />
    </UnitTest>
    <UnitTest name="Test7975" id="f92e688d-3f4b-426b-993b-e3a5c0a9a7ab" storage="TestAssembly.dll">
      <Execution id="d7461f52-2f8f-4f57-8aa2-acaaa5701e8f" />
      <TestMethod codeBase="TestAssembly.dll" className="TestNamespace.TestClass8" name="Test7975" />
    </UnitTest>
    <UnitTest name="Test7976" id="2a54c587-1bdb-4177-880d-aff3ed308ba9" storage="TestAssembly.dll">
      <Execution id="aaf834c1-e0ba-4a2c-ad33-44da94d27051" />
      <TestMethod codeBase="TestAssembly.dll" className="TestNamespace.TestClass8" name="Test7976" />
    </UnitTest>
    <UnitTest name="Test7977" id="9e16352d-5617-4b48-825d-d9f0b0b41bd6" storage="TestAssembly.dll">
      <Execution id="c068be8b-ad7b-4427-9b1a-56aecbe8ce9b" />
      <TestMethod codeBase="TestAssembly.dll" className="TestNamespace.TestClass8" name="Test7977" />
    </UnitTest>
    <UnitTest name="Test7978" id="cf1ff0c1-bc25-42eb-b27e-ef04fd21f16e" storage="TestAssembly.dll">
      <Execution id="c21b2e96-7b76-49f6-abb8-e56e89fa6100" />
      <TestMethod codeBase="TestAssembly.dll" className="TestNamespace.TestClass8" name="Test7978" />
    </UnitTest>
    <UnitTest name="Test7979" id="3e3e9353-940b-480b-b1d1-ede6be2ae520" storage="TestAssembly.dll">
      <Execution id="59ac803b-62db-47c9-ae6d-236b0d63f075" />
      <TestMethod codeBase="TestAssembly.dll" className="TestNamespace.TestClass8" name="Test7979" />
    </UnitTest>
    <UnitTest name="Test7980" id="7a77e047-b349-4fa8-aefd-defe4dccf936" storage="TestAssembly.dll">
      <Execution id="e4e88bf7-3193-48e4-aadd-ad452e3ccbf1" />
      <TestMethod codeBase="TestAssembly.dll" className="TestNamespace.TestClass8" name="Test7980" />
    </UnitTest>
    <UnitTest name="Test7981" id="3de92307-69f6-4d57-b728-cca13f16a5d2" storage="TestAssembly.dll">
      <Execution id="9f0c9079-ad62-4695-ba54-0dea8523bfe3" />
      <TestMethod codeBase="TestAssembly.dll" className="TestNamespace.TestClass9" name="Test7981" />
    </UnitTest>
    <UnitTest name="Test7982" id="2175f7de-b9f2-469a-bc97-7b52e2759ac7" storage="TestAssembly.dll">
      <Execution id="d118a2c3-412c-494c-974b-d69dd30fe686" />
      <TestMethod codeBase="TestAssembly.dll" className="TestNamespace.TestClass9" name="Test7982" />
    </UnitTest>
    <UnitTest name="Test7983" id="3fad5f5b-fa92-44af-8aa5-31aaefeafa21" storage="TestAssembly.dll">
      <Execution id="d0fa829c-75b2-4764-8d3f-5c942df18b5c" />
      <TestMethod codeBase="TestAssembly.dll" className="TestNamespace.TestClass9" name="Test7983" />
    </UnitTest>
    <UnitTest name="Test7984" id="9cf984c9-9753-4efa-9f86-5ac38251d1cb" storage="TestAssembly.dll">
      <Execution id="8f6c2182-5d0d-4e5c-a4af-14fe49bb355b" />
      <TestMethod codeBase="TestAssembly.dll" className="TestNamespace.TestClass9" name="Test7984" />
    </UnitTest>
    <UnitTest name="Test7985" id="c6540d0c-8710-4acb-9271-9aa52621ffd3" storage="TestAssembly.dll">
      <Execution id="5deffd81-b328-44f5-80c3-697b0ec127a7" />
      <TestMethod codeBase="TestAssembly.dll" className="TestNamespace.TestClass9" name="Test7985" />
    </UnitTest>
    <UnitTest name="Test7986" id="67726777-83e8-4d07-8908-005fbdfb6b08" storage="TestAssembly.dll">
      <Execution id="d362ce9f-90e5-43b5-9b5e-fc82f6e0806e" />
      <TestMethod codeBase="TestAssembly.dll" className="TestNamespace.TestClass9" name="Test7986" />
    </UnitTest>
    <UnitTest name="Test7987" id="f16234c9-3cbd-4bde-864b-dc255a2e178f" storage="TestAssembly.dll">
      <Execution id="2d972f4a-666d-4cd9-8f86-48f0c2654eba" />
      <TestMethod codeBase="TestAssembly.dll" className="TestNamespace.TestClass9" name="Test7987" />
    </UnitTest>
    <UnitTest name="Test7988" id="41b2e7ba-a64c-4202-809e-3a7aba826f98" storage="TestAssembly.dll">
      <Execution id="24829a51-b1e7-4a2e-8621-2dd85b30021b" />
      <TestMethod codeBase="TestAssembly.dll" className="TestNamespace.TestClass9" name="Test7988" />
    </UnitTest>
    <UnitTest name="Test7989" id="21708c89-3940-4733-8141-b5cb69bf15e1" storage="TestAssembly.dll">
      <Execution id="7d235038-7ea8-45b5-a94c-ee88b4f68dea" />
      <TestMethod codeBase="TestAssembly.dll" className="TestNamespace.TestClass9" name="Test7989" />
    </UnitTest>
    <UnitTest name="Test7990" id="f001ca01-970c-41d2-b43b-c3d366898b87" storage="TestAssembly.dll">
      <Execution id="a166a108-8723-4d54-866f-d697e65069a2" />
      <TestMethod codeBase="TestAssembly.dll" className="TestNamespace.TestClass9" name="Test7990" />
    </UnitTest>
    <UnitTest name="Test7991" id="78e9bd2d-58b5-4e5a-bbea-ea9a6421f82d" storage="TestAssembly.dll">
      <Execution id="8ada27d5-9ac1-40b7-a426-1eb2c81818af" />
      <TestMethod codeBase="TestAssembly.dll" className="TestNamespace.TestClass10" name="Test7991" />
    </UnitTest>
    <UnitTest name="Test7992" id="31a40086-f582-4ac3-a2b2-013e9653e25d" storage="TestAssembly.dll">
      <Execution id="98779972-25fb-45e1-b437-3d5e946e63b0" />
      <TestMethod codeBase="TestAssembly.dll" className="TestNamespace.TestClass10" name="Test7992" />
    </UnitTest>
    <UnitTest name="Test7993" id="e3c37a90-dfa5-415a-a5f3-d471fe0cdb26" storage="TestAssembly.dll">
      <Execution id="0cd72870-3f58-4b37-8f54-f417bed7190c" />
      <TestMethod codeBase="TestAssembly.dll" className="TestNamespace.TestClass10" name="Test7993" />
    </UnitTest>
    <UnitTest name="Test7994" id="f9a602b3-716c-4a74-8821-0eb546265157" storage="TestAssembly.dll">
      <Execution id="a3d9682a-eca3-4685-bf33-5d4b3856bd22" />
      <TestMethod codeBase="TestAssembly.dll" className="TestNamespace.TestClass10" name="Test7994" />
    </UnitTest>
    <UnitTest name="Test7995" id="5d8f42e6-5821-43fb-9b6a-f582fd1ead9b" storage="TestAssembly.dll">
      <Execution id="c6d15180-84f2-47ed-a31c-6dfd1eb9f17d" />
      <TestMethod codeBase="TestAssembly.dll" className="TestNamespace.TestClass10" name="Test7995" />
    </UnitTest>
    <UnitTest name="Test7996" id="4c5cb470-8503-4d5d-ae2c-6d9b2f21421a" storage="TestAssembly.dll">
      <Execution id="8942855e-bf78-4fea-b2ae-6fe7514106a4" />
      <TestMethod codeBase="TestAssembly.dll" className="TestNamespace.TestClass10" name="Test7996" />
    </UnitTest>
    <UnitTest name="Test7997" id="7c5f899d-d7e9-42f0-8c3b-6541b9996ba8" storage="TestAssembly.dll">
      <Execution id="a3060546-b642-47d5-baa2-d83f4d6c4154" />
      <TestMethod codeBase="TestAssembly.dll" className="TestNamespace.TestClass10" name="Test7997" />
    </UnitTest>
    <UnitTest name="Test7998" id="668b458c-b2df-417c-9fa6-7dba37969cc4" storage="TestAssembly.dll">
      <Execution id="3b35fdc9-7c57-4c97-9ba1-395e0f950524" />
      <TestMethod codeBase="TestAssembly.dll" className="TestNamespace.TestClass10" name="Test7998" />
    </UnitTest>
    <UnitTest name="Test7999" id="b1eafb36-c5a7-4d9b-843f-5a7b6c7e8701" storage="TestAssembly.dll">
      <Execution id="6e4ec3dd-82e6-435a-afc1-f0d58273f1ec" />
      <TestMethod codeBase="TestAssembly.dll" className="TestNamespace.TestClass10" name="Test7999" />
    </UnitTest>
    <UnitTest name="Test8000" id="978a591a-6c85-4fd8-aa5b-d2461a16acfa" storage="TestAssembly.dll">
      <Execution id="7caffeca-fd8b-46c1-a17d-13f93083cb8e" />
      <TestMethod codeBase="TestAssembly.dll" className="TestNamespace.TestClass10" name="Test8000" />
    </UnitTest>
  </TestDefinitions>
  <TestEntries>
    <TestEntry testId="617e9d9c-25fd-4490-8567-fd73762c5b65" executionId="0c8f120f-ad72-4939-9417-18021cbbfc20" testListId="c7a860bc-6331-4e4d-a4db-66c7004d9c49" />
    <TestEntry testId="c5e07fc9-02fb-4bb3-b059-4c885aebff67" executionId="75cd2c20-0828-4883-a005-abafe91f9115" testListId="c7a860bc-6331-4e4d-a4db-66c7004d9c49" />
    <TestEntry testId="c1cb7851-3e79-4f3b-828d-fce9fbb65d29" executionId="54d28462-9ccb-448a-a358-a1422cbdce4a" testListId="c7a860bc-6331-4e4d-a4db-66c7004d9c49" />
    <TestEntry testId="5558d4e8-3be3-4b3c-a5da-23adf7de5079" executionId="303a72e0-3c0e-4a8d-ad66-c4fd48eb00b5" testListId="c7a860bc-6331-4e4d-a4db-66c7004d9c49" />
    <TestEntry testId="5c5f18dd-7275-4a52-8857-efd29575498f" executionId="90cc4026-9f94-49a2-9869-02ca71f1aa1f" testListId="c7a860bc-6331-4e4d-a4db-66c7004d9c49" />
    <TestEntry testId="41dace66-fa45-417b-928d-2816bb9127cf" executionId="45fdcf6a-00a6-4bf5-a4da-6e0d3afcff15" testListId="c7a860bc-6331-4e4d-a4db-66c7004d9c49" />
    <TestEntry testId="64b4b521-e7d7-4d1a-a952-3f261f02fcf3" executionId="b382dd37-0da3-4fe7-9cd4-56292db7a0b8" testListId="c7a860bc-6331-4e4d-a4db-66c7004d9c49" />
    <TestEntry testId="152ae719-c6e7-4222-8b55-ea171a593837" executionId="fa2ac08a-f2e6-416d-9802-01cbeba6e1a7" testListId="c7a860bc-6331-4e4d-a4db-66c7004d9c49" />
    <TestEntry testId="7b9436ee-e147-43c1-bea0-f924d15b8b9a" executionId="afe4e454-8d47-45c8-84a2-f10d75985e50" testListId="c7a860bc-6331-4e4d-a4db-66c7004d9c49" />
    <TestEntry testId="f018d0ee-1d26-428a-a7dd-1b49739b295a" executionId="5aeeff79-06c3-42e8-9d23-49de80627298" testListId="c7a860bc-6331-4e4d-a4db-66c7004d9c49" />
    <TestEntry testId="667bcffc-78d8-4e44-9f38-79771b8e0fdb" executionId="f96de3c6-71fb-4ebb-9895-443ee009212a" testListId="c7a860bc-6331-4e4d-a4db-66c7004d9c49" />
    <TestEntry testId="d9d3a9ec-7b42-42d1-9d05-4c32bb8f8614" executionId="605ce50c-012b-421d-825a-dc0301865954" testListId="c7a860bc-6331-4e4d-a4db-66c7004d9c49" />
    <TestEntry testId="cd9ff3b7-de4e-4b0d-a3e5-97cd1629149e" executionId="35c3483e-7014-4845-9779-2e833f891b55" testListId="c7a860bc-6331-4e4d-a4db-66c7004d9c49" />
    <TestEntry testId="ddfdf8fb-6756-493d-901d-2bda6d39a864" executionId="da65dca4-176c-406e-ac3b-5acafd849688" testListId="c7a860bc-6331-4e4d-a4db-66c7004d9c49" />
    <TestEntry testId="6790b24c-c7af-43ea-95dd-6a750abdd8a8" executionId="3bd9fd75-477a-4728-a27a-f6aa2b3c8af6" testListId="c7a860bc-6331-4e4d-a4db-66c7004d9c49" />
    <TestEntry testId="e4b605b8-7b49-49c4-ad46-e1b553ae1d3e" executionId="a74b4881-36ea-4691-9618-fa7ae1e413ac" testListId="c7a860bc-6331-4e4d-a4db-66c7004d9c49" />
    <TestEntry testId="dda748d9-93a9-4549-bc17-f25ac5601620" executionId="e353319d-d5e3-4e21-8fc7-db854577e544" testListId="c7a860bc-6331-4e4d-a4db-66c7004d9c49" />
    <TestEntry testId="ffed056b-bd98-46b5-87b1-ff6c3887412c" executionId="2c5343c6-6df8-46b3-91e1-e04122922698" testListId="c7a860bc-6331-4e4d-a4db-66c7004d9c49" />
    <TestEntry testId="3ff478aa-1d07-4b0e-9972-934b42544245" executionId="7ea83b31-dac1-48d2-9d59-3ea67909c790" testListId="c7a860bc-6331-4e4d-a4db-66c7004d9c49" />
    <TestEntry testId="8169c534-64af-443f-8c81-897c0437cf52" executionId="7ae2c281-ccf1-4855-bab0-a98100f0bcfb" testListId="c7a860bc-6331-4e4d-a4db-66c7004d9c49" />
    <TestEntry testId="d34cd62f-c159-4516-a561-abfab57efd3f" executionId="fd21dd12-c0c4-4679-8fdc-5323ffa098da" testListId="c7a860bc-6331-4e4d-a4db-66c7004d9c49" />
    <TestEntry testId="1ec45ff0-7765-432e-bab4-bdc6fe3254a5" executionId="66c3d8a4-a47c-4623-9605-84f109fd32b3" testListId="c7a860bc-6331-4e4d-a4db-66c7004d9c49" />
    <TestEntry testId="a563ac1d-1e3b-4354-a1cc-5cb1495501e6" executionId="13f3fd49-c883-499f-99b1-1efc8307ca5e" testListId="c7a860bc-6331-4e4d-a4db-66c7004d9c49" />
    <TestEntry testId="806c629d-0eca-483a-98e3-31b39d39a1f5" executionId="1a9ce769-27e6-4bb7-86dd-ff73020a657c" testListId="c7a860bc-6331-4e4d-a4db-66c7004d9c49" />
    <TestEntry testId="3eeb0daa-f991-48be-98ec-47d59f3a0916" executionId="07c0b027-1ffb-4c07-a5a3-819ecb846294" testListId="c7a860bc-6331-4e4d-a4db-66c7004d9c49" />
    <TestEntry testId="e266992b-daff-4210-ac64-ab581e485bae" executionId="053cc6d9-6e7a-4061-bfab-52cc83c2aee3" testListId="c7a860bc-6331-4e4d-a4db-66c7004d9c49" />
    <TestEntry testId="75abc81b-b1d6-4e5c-9781-5a7300f3e810" executionId="e80de638-0aa3-428f-9af4-c1e141992bc3" testListId="c7a860bc-6331-4e4d-a4db-66c7004d9c49" />
    <TestEntry testId="cc1b00b1-a469-4a6c-86fd-37b561083839" executionId="bfb6fae4-b3e1-44bb-92e6-02e4e25a4929" testListId="c7a860bc-6331-4e4d-a4db-66c7004d9c49" />
    <TestEntry testId="aaae0331-cb6f-4cc6-a9a4-dd9dce2ae7a5" executionId="681c01bf-1854-43d9-97b7-1b63db293972" testListId="c7a860bc-6331-4e4d-a4db-66c7004d9c49" />
    <TestEntry testId="0fcb77dd-f35b-4cec-ad74-dda0bda783df" executionId="fdeed64c-d7dd-4933-8253-52adb44f31ad" testListId="c7a860bc-6331-4e4d-a4db-66c7004d9c49" />
    <TestEntry testId="0b5cbdba-4945-47bd-956f-8f888233d2b0" executionId="f55161cd-7a0f-4c8b-adec-d48f8152391b" testListId="c7a860bc-6331-4e4d-a4db-66c7004d9c49" />
    <TestEntry testId="403d5d88-1f30-4c91-9947-0d04546b5f10" executionId="1ac382fe-20fb-4a83-a9c6-4fe385f3b8a9" testListId="c7a860bc-6331-4e4d-a4db-66c7004d9c49" />
    <TestEntry testId="66441fed-f28e-4d45-9b49-fe062288a2cc" executionId="feaca95c-1db8-4031-9216-534061bf2d82" testListId="c7a860bc-6331-4e4d-a4db-66c7004d9c49" />
    <TestEntry testId="d3290374-34a6-4b31-a193-40b46855571e" executionId="bc225667-130e-4449-8b7d-8723c740f6cd" testListId="c7a860bc-6331-4e4d-a4db-66c7004d9c49" />
    <TestEntry testId="5eccdca7-7210-4352-a5c1-2357ed8a849c" executionId="61a80fc2-2b85-4316-bbc9-c41906f3fbbd" testListId="c7a860bc-6331-4e4d-a4db-66c7004d9c49" />
    <TestEntry testId="1af369ed-1e18-4d3e-bdcd-6b4628564c00" executionId="d33c3212-1121-4875-9592-0b427eb3dce8" testListId="c7a860bc-6331-4e4d-a4db-66c7004d9c49" />
    <TestEntry testId="77a93c5b-48c1-4b77-8e40-44d808972f5b" executionId="19e96d93-7e19-456f-acee-31dc3d944eef" testListId="c7a860bc-6331-4e4d-a4db-66c7004d9c49" />
    <TestEntry testId="07edb0b9-5eae-43b5-8a8a-aca7de514d9f" executionId="92e02a28-fc5d-424c-8e69-a231bc1c372f" testListId="c7a860bc-6331-4e4d-a4db-66c7004d9c49" />
    <TestEntry testId="8eaa7bf9-e628-4a0f-b589-5af515561ec7" executionId="ba6b1274-faa7-47b1-8117-72e59ec65e62" testListId="c7a860bc-6331-4e4d-a4db-66c7004d9c49" />
    <TestEntry testId="4bb301b4-8606-497d-bfb4-1de415807df3" executionId="c1c86f5b-5f9b-495a-a765-873e1be67f06" testListId="c7a860bc-6331-4e4d-a4db-66c7004d9c49" />
    <TestEntry testId="2ad0714b-8527-4cd4-9173-43c9442dd740" executionId="3347a7e9-1a80-4ad3-bc04-e46c8dbac827" testListId="c7a860bc-6331-4e4d-a4db-66c7004d9c49" />
    <TestEntry testId="5cca7a82-5376-4f78-afa1-67b01fdf779a" executionId="21907c15-d05d-40f6-807c-232e83c7857c" testListId="c7a860bc-6331-4e4d-a4db-66c7004d9c49" />
    <TestEntry testId="5c765421-9365-4f4b-9189-49171d73bceb" executionId="89c57d92-372d-4ef3-905a-1104510ae487" testListId="c7a860bc-6331-4e4d-a4db-66c7004d9c49" />
    <TestEntry testId="ce0c3b45-42e6-464e-86ce-fd747ab6aefa" executionId="01c785be-7af8-48ea-a7f2-27c45e22800b" testListId="c7a860bc-6331-4e4d-a4db-66c7004d9c49" />
    <TestEntry testId="5804cc48-0705-4613-a0d8-92fa1a4f4cdf" executionId="5752fb57-7764-44b1-be1c-39e1c5cf56be" testListId="c7a860bc-6331-4e4d-a4db-66c7004d9c49" />
    <TestEntry testId="5a404469-9b78-484f-81bd-e2b48ad5be05" executionId="a0d10609-2ffb-41f5-94ac-3859934e5dcb" testListId="c7a860bc-6331-4e4d-a4db-66c7004d9c49" />
    <TestEntry testId="4e163ab5-4ad1-44c0-b4d1-c11081befb42" executionId="8398edd1-8317-49f9-9e87-5ece4047e143" testListId="c7a860bc-6331-4e4d-a4db-66c7004d9c49" />
    <TestEntry testId="53012ea2-3515-4b76-a3e4-462e39939e98" executionId="b697c71c-23f3-427a-a821-c79caaa92f91" testListId="c7a860bc-6331-4e4d-a4db-66c7004d9c49" />
    <TestEntry testId="2d788153-ec45-4ba9-b75c-186cfacbde8b" executionId="6051929a-a988-44a7-a340-5eb8075719ed" testListId="c7a860bc-6331-4e4d-a4db-66c7004d9c49" />
    <TestEntry testId="7e29abe0-ff25-4dde-925c-a0f0c53a173d" executionId="0aefde72-ac54-4380-a85a-9c1298dd845a" testListId="c7a860bc-6331-4e4d-a4db-66c7004d9c49" />
    <TestEntry testId="f78e86b6-2e51-4ea5-8baf-94a48d8e7a4d" executionId="e43ccf4c-f195-4e75-98dc-3ef468942735" testListId="c7a860bc-6331-4e4d-a4db-66c7004d9c49" />
    <TestEntry testId="45dd9a40-bbff-41e4-a372-efafb8ab998c" executionId="e852b865-11f2-4106-9073-e2e54fcfce9e" testListId="c7a860bc-6331-4e4d-a4db-66c7004d9c49" />
    <TestEntry testId="60fab71e-b680-4fc6-8318-731df7dea761" executionId="6a4814a9-196f-40c0-8536-065ca233fa51" testListId="c7a860bc-6331-4e4d-a4db-66c7004d9c49" />
    <TestEntry testId="bc967cdb-9205-446d-98f4-ba6c62341b1e" executionId="5dbe69d9-c954-4740-84ce-a8c1bdaf290e" testListId="c7a860bc-6331-4e4d-a4db-66c7004d9c49" />
    <TestEntry testId="c7d924f2-8884-4c9e-a324-5483372e9fa3" executionId="fede6054-bd1d-49df-9f68-432f1ecb9da5" testListId="c7a860bc-6331-4e4d-a4db-66c7004d9c49" />
    <TestEntry testId="8cc8f7e6-1345-46a9-96a1-1c46addb6691" executionId="c14894a4-fd80-4266-8561-bf5933b5d219" testListId="c7a860bc-6331-4e4d-a4db-66c7004d9c49" />
    <TestEntry testId="6a74d44b-ef1a-45f6-b2ff-a8c23352e9f6" executionId="6d71232b-5c2c-403f-a2b3-9d6c89a60472" testListId="c7a860bc-6331-4e4d-a4db-66c7004d9c49" />
    <TestEntry testId="f20915ad-34e2-4c02-a506-55472fdcaa70" executionId="8dee9cef-af15-4c87-899f-47886a526c5f" testListId="c7a860bc-6331-4e4d-a4db-66c7004d9c49" />
    <TestEntry testId="5c2a24e6-1bfc-484c-a2b7-77f19641f830" executionId="7011020a-4b54-42fd-9dc1-b20b138d1773" testListId="c7a860bc-6331-4e4d-a4db-66c7004d9c49" />
    <TestEntry testId="195a321f-4729-42ac-bc42-bef609870688" executionId="20fc67ca-619b-4856-ba33-6dea3f45abae" testListId="c7a860bc-6331-4e4d-a4db-66c7004d9c49" />
    <TestEntry testId="101984b7-4e9c-42da-9645-5444a79b5903" executionId="3d1adf4e-ecb5-45c0-92f5-fb4b3018ae9a" testListId="c7a860bc-6331-4e4d-a4db-66c7004d9c49" />
    <TestEntry testId="cb479f46-e415-46cc-9801-6d3520460362" executionId="e66b72e5-b545-4aa9-ae6d-6fbe1df0dcc6" testListId="c7a860bc-6331-4e4d-a4db-66c7004d9c49" />
    <TestEntry testId="7f6b8f69-cbc8-4e50-8ecb-bb712e048f18" executionId="ac81aa8d-704c-4606-965b-85d349e7ac98" testListId="c7a860bc-6331-4e4d-a4db-66c7004d9c49" />
    <TestEntry testId="6722e112-8db6-4170-81a0-368e8548c8df" executionId="06ff0360-0be3-436d-a090-5f7fa6097d6e" testListId="c7a860bc-6331-4e4d-a4db-66c7004d9c49" />
    <TestEntry testId="f15601d0-27d7-457d-af24-7cfd122d4df9" executionId="072179fe-c69a-464b-a9d5-f665fc3b6969" testListId="c7a860bc-6331-4e4d-a4db-66c7004d9c49" />
    <TestEntry testId="1b531c00-6504-4d7f-884a-a0ebfd096a4e" executionId="00994909-aaa6-4f87-a46b-59278c0e2daf" testListId="c7a860bc-6331-4e4d-a4db-66c7004d9c49" />
    <TestEntry testId="b377500f-6413-477c-8263-b5a00b685efe" executionId="19390f43-6c52-429b-82b4-c3175d154568" testListId="c7a860bc-6331-4e4d-a4db-66c7004d9c49" />
    <TestEntry testId="80954605-c057-4997-b9bd-200992181a13" executionId="694c1a5c-2af9-4715-abe2-e6bf177b661b" testListId="c7a860bc-6331-4e4d-a4db-66c7004d9c49" />
    <TestEntry testId="efb655bd-8231-4ad3-a888-7352430a7085" executionId="1f309858-1fa2-4955-80fd-8c03acb6553e" testListId="c7a860bc-6331-4e4d-a4db-66c7004d9c49" />
    <TestEntry testId="e57e777d-c441-4a48-950d-41057238da8f" executionId="2c5335c8-5ffe-4b44-9944-08ba3fe421b5" testListId="c7a860bc-6331-4e4d-a4db-66c7004d9c49" />
    <TestEntry testId="c8b4583e-4379-42a4-b62e-1357cbc85197" executionId="1b443c90-03fa-42ee-808d-efdf60d702c1" testListId="c7a860bc-6331-4e4d-a4db-66c7004d9c49" />
    <TestEntry testId="680fd9a4-3441-4299-9198-4b28acd7c09b" executionId="08ed09a8-9837-44bb-badc-471a581fac5b" testListId="c7a860bc-6331-4e4d-a4db-66c7004d9c49" />
    <TestEntry testId="61280da6-ad69-41b1-ad93-760722dc664f" executionId="ec7e9a33-4d3a-452e-860f-f2a3fbb9e0d3" testListId="c7a860bc-6331-4e4d-a4db-66c7004d9c49" />
    <TestEntry testId="f7b10f0c-9327-4037-ac93-68e53a6a43a2" executionId="73325639-0dfc-4773-80f5-78c1cf472356" testListId="c7a860bc-6331-4e4d-a4db-66c7004d9c49" />
    <TestEntry testId="f92e688d-3f4b-426b-993b-e3a5c0a9a7ab" executionId="d7461f52-2f8f-4f57-8aa2-acaaa5701e8f" testListId="c7a860bc-6331-4e4d-a4db-66c7004d9c49" />
    <TestEntry testId="2a54c587-1bdb-4177-880d-aff3ed308ba9" executionId="aaf834c1-e0ba-4a2c-ad33-44da94d27051" testListId="c7a860bc-6331-4e4d-a4db-66c7004d9c49" />
    <TestEntry testId="9e16352d-5617-4b48-825d-d9f0b0b41bd6" executionId="c068be8b-ad7b-4427-9b1a-56aecbe8ce9b" testListId="c7a860bc-6331-4e4d-a4db-66c7004d9c49" />
    <TestEntry testId="cf1ff0c1-bc25-42eb-b27e-ef04fd21f16e" executionId="c21b2e96-7b76-49f6-abb8-e56e89fa6100" testListId="c7a860bc-6331-4e4d-a4db-66c7004d9c49" />
    <TestEntry testId="3e3e9353-940b-480b-b1d1-ede6be2ae520" executionId="59ac803b-62db-47c9-ae6d-236b0d63f075" testListId="c7a860bc-6331-4e4d-a4db-66c7004d9c49" />
    <TestEntry testId="7a77e047-b349-4fa8-aefd-defe4dccf936" executionId="e4e88bf7-3193-48e4-aadd-ad452e3ccbf1" testListId="c7a860bc-6331-4e4d-a4db-66c7004d9c49" />
    <TestEntry testId="3de92307-69f6-4d57-b728-cca13f16a5d2" executionId="9f0c9079-ad62-4695-ba54-0dea8523bfe3" testListId="c7a860bc-6331-4e4d-a4db-66c7004d9c49" />
    <TestEntry testId="2175f7de-b9f2-469a-bc97-7b52e2759ac7" executionId="d118a2c3-412c-494c-974b-d69dd30fe686" testListId="c7a860bc-6331-4e4d-a4db-66c7004d9c49" />
    <TestEntry testId="3fad5f5b-fa92-44af-8aa5-31aaefeafa21" executionId="d0fa829c-75b2-4764-8d3f-5c942df18b5c" testListId="c7a860bc-6331-4e4d-a4db-66c7004d9c49" />
    <TestEntry testId="9cf984c9-9753-4efa-9f86-5ac38251d1cb" executionId="8f6c2182-5d0d-4e5c-a4af-14fe49bb355b" testListId="c7a860bc-6331-4e4d-a4db-66c7004d9c49" />
    <TestEntry testId="c6540d0c-8710-4acb-9271-9aa52621ffd3" executionId="5deffd81-b328-44f5-80c3-697b0ec127a7" testListId="c7a860bc-6331-4e4d-a4db-66c7004d9c49" />
    <TestEntry testId="67726777-83e8-4d07-8908-005fbdfb6b08" executionId="d362ce9f-90e5-43b5-9b5e-fc82f6e0806e" testListId="c7a860bc-6331-4e4d-a4db-66c7004d9c49" />
    <TestEntry testId="f16234c9-3cbd-4bde-864b-dc255a2e178f" executionId="2d972f4a-666d-4cd9-8f86-48f0c2654eba" testListId="c7a860bc-6331-4e4d-a4db-66c7004d9c49" />
    <TestEntry testId="41b2e7ba-a64c-4202-809e-3a7aba826f98" executionId="24829a51-b1e7-4a2e-8621-2dd85b30021b" testListId="c7a860bc-6331-4e4d-a4db-66c7004d9c49" />
    <TestEntry testId="21708c89-3940-4733-8141-b5cb69bf15e1" executionId="7d235038-7ea8-45b5-a94c-ee88b4f68dea" testListId="c7a860bc-6331-4e4d-a4db-66c7004d9c49" />
    <TestEntry testId="f001ca01-970c-41d2-b43b-c3d366898b87" executionId="a166a108-8723-4d54-866f-d697e65069a2" testListId="c7a860bc-6331-4e4d-a4db-66c7004d9c49" />
    <TestEntry testId="78e9bd2d-58b5-4e5a-bbea-ea9a6421f82d" executionId="8ada27d5-9ac1-40b7-a426-1eb2c81818af" testListId="c7a860bc-6331-4e4d-a4db-66c7004d9c49" />
    <TestEntry testId="31a40086-f582-4ac3-a2b2-013e9653e25d" executionId="98779972-25fb-45e1-b437-3d5e946e63b0" testListId="c7a860bc-6331-4e4d-a4db-66c7004d9c49" />
    <TestEntry testId="e3c37a90-dfa5-415a-a5f3-d471fe0cdb26" executionId="0cd72870-3f58-4b37-8f54-f417bed7190c" testListId="c7a860bc-6331-4e4d-a4db-66c7004d9c49" />
    <TestEntry testId="f9a602b3-716c-4a74-8821-0eb546265157" executionId="a3d9682a-eca3-4685-bf33-5d4b3856bd22" testListId="c7a860bc-6331-4e4d-a4db-66c7004d9c49" />
    <TestEntry testId="5d8f42e6-5821-43fb-9b6a-f582fd1ead9b" executionId="c6d15180-84f2-47ed-a31c-6dfd1eb9f17d" testListId="c7a860bc-6331-4e4d-a4db-66c7004d9c49" />
    <TestEntry testId="4c5cb470-8503-4d5d-ae2c-6d9b2f21421a" executionId="8942855e-bf78-4fea-b2ae-6fe7514106a4" testListId="c7a860bc-6331-4e4d-a4db-66c7004d9c49" />
    <TestEntry testId="7c5f899d-d7e9-42f0-8c3b-6541b9996ba8" executionId="a3060546-b642-47d5-baa2-d83f4d6c4154" testListId="c7a860bc-6331-4e4d-a4db-66c7004d9c49" />
    <TestEntry testId="668b458c-b2df-417c-9fa6-7dba37969cc4" executionId="3b35fdc9-7c57-4c97-9ba1-395e0f950524" testListId="c7a860bc-6331-4e4d-a4db-66c7004d9c49" />
    <TestEntry testId="b1eafb36-c5a7-4d9b-843f-5a7b6c7e8701" executionId="6e4ec3dd-82e6-435a-afc1-f0d58273f1ec" testListId="c7a860bc-6331-4e4d-a4db-66c7004d9c49" />
    <TestEntry testId="978a591a-6c85-4fd8-aa5b-d2461a16acfa" executionId="7caffeca-fd8b-46c1-a17d-13f93083cb8e" testListId="c7a860bc-6331-4e4d-a4db-66c7004d9c49" />
  </TestEntries>
  <TestLists>
    <TestList name="Results Not in a List" id="c7a860bc-6331-4e4d-a4db-66c7004d9c49" />
    <TestList name="All Loaded Results" id="f49cdfba-2d01-4005-b658-fa00df069f00" />
  </TestLists>
</TestRun>