<?xml version="1.0" encoding="UTF-8"?>
<TestRun id="2f4fd34e-5151-469a-bc6b-64a5377e5d1f" name="Test Run 46" runUser="Oles Galatsan" xmlns="http://microsoft.com/schemas/VisualStudio/TeamTest/2010">
  <Times creation="2025-05-14T13:20:31.3125482Z" queuing="2025-05-14T13:20:31.3125482Z" start="2025-05-14T13:20:31.3146610Z" finish="2025-05-14T13:25:31.3147553Z" />
  <TestSettings name="Test Settings 46" id="0397eacc-06c5-4d26-a383-7e324edcdbf8" />
  <Results>
    <UnitTestResult executionId="5447cde0-fe40-447f-afa1-43f1f2a2911a" testId="7a31e0a1-9172-4c05-9d7b-b878903798ad" testName="Test4501" computerName="UA-LPT-OGA2" duration="00:00:00.3760000" startTime="2025-05-14T13:20:31.3146610Z" endTime="2025-05-14T13:25:31.3147553Z" testType="13cdc9d9-ddb5-4fa4-a97d-d965ccfc6d4b" outcome="Passed" testListId="5d5a4a07-319f-4e55-b11f-94981c1f6bd5" />
    <UnitTestResult executionId="131b6112-74d3-4f7e-b2c0-83c9c9777497" testId="3c16db46-89fb-4907-9c72-3caff343e95b" testName="Test4502" computerName="UA-LPT-OGA2" duration="00:00:00.4760000" startTime="2025-05-14T13:20:31.3146610Z" endTime="2025-05-14T13:25:31.3147553Z" testType="13cdc9d9-ddb5-4fa4-a97d-d965ccfc6d4b" outcome="Passed" testListId="5d5a4a07-319f-4e55-b11f-94981c1f6bd5" />
    <UnitTestResult executionId="7f7875e3-3634-4355-a4d0-601ee15bf8a2" testId="6a3b8485-4f54-43c6-af0d-7ca39da81983" testName="Test4503" computerName="UA-LPT-OGA2" duration="00:00:00.8060000" startTime="2025-05-14T13:20:31.3146610Z" endTime="2025-05-14T13:25:31.3147553Z" testType="13cdc9d9-ddb5-4fa4-a97d-d965ccfc6d4b" outcome="Passed" testListId="5d5a4a07-319f-4e55-b11f-94981c1f6bd5" />
    <UnitTestResult executionId="f0b55a57-2700-4a0c-ab49-e0eab3d6fc2e" testId="64ddaeba-26ab-449d-9e2f-3d4df820f141" testName="Test4504" computerName="UA-LPT-OGA2" duration="00:00:00.6130000" startTime="2025-05-14T13:20:31.3146610Z" endTime="2025-05-14T13:25:31.3147553Z" testType="13cdc9d9-ddb5-4fa4-a97d-d965ccfc6d4b" outcome="Passed" testListId="5d5a4a07-319f-4e55-b11f-94981c1f6bd5" />
    <UnitTestResult executionId="b7099da3-7b96-4db8-ac4a-333324bab99d" testId="3d5a3155-82b6-4b37-bf7e-e19259ca4832" testName="Test4505" computerName="UA-LPT-OGA2" duration="00:00:00.3540000" startTime="2025-05-14T13:20:31.3146610Z" endTime="2025-05-14T13:25:31.3147553Z" testType="13cdc9d9-ddb5-4fa4-a97d-d965ccfc6d4b" outcome="Failed" testListId="5d5a4a07-319f-4e55-b11f-94981c1f6bd5">
      <Output>
        <ErrorInfo>
          <Message>Assertion failed: Expected value did not match actual value.</Message>
          <StackTrace>   at TestNamespace.TestClass.Test() in TestClass.cs:line 252</StackTrace>
        </ErrorInfo>
      </Output>
    </UnitTestResult>
    <UnitTestResult executionId="692848a7-0f51-4dd3-9697-82e79b50acb5" testId="d44a2ea7-98e2-492e-8b7c-1bba957a12ba" testName="Test4506" computerName="UA-LPT-OGA2" duration="00:00:01.8440000" startTime="2025-05-14T13:20:31.3146610Z" endTime="2025-05-14T13:25:31.3147553Z" testType="13cdc9d9-ddb5-4fa4-a97d-d965ccfc6d4b" outcome="Passed" testListId="5d5a4a07-319f-4e55-b11f-94981c1f6bd5" />
    <UnitTestResult executionId="8d60cc58-402d-4a1c-a880-d356be591777" testId="bcb89f95-d5d0-4a37-b356-b5324a18ebf4" testName="Test4507" computerName="UA-LPT-OGA2" duration="00:00:01.8020000" startTime="2025-05-14T13:20:31.3146610Z" endTime="2025-05-14T13:25:31.3147553Z" testType="13cdc9d9-ddb5-4fa4-a97d-d965ccfc6d4b" outcome="Failed" testListId="5d5a4a07-319f-4e55-b11f-94981c1f6bd5">
      <Output>
        <ErrorInfo>
          <Message>Assertion failed: Expected value did not match actual value.</Message>
          <StackTrace>   at TestNamespace.TestClass.Test() in TestClass.cs:line 210</StackTrace>
        </ErrorInfo>
      </Output>
    </UnitTestResult>
    <UnitTestResult executionId="d387c509-e1b7-4390-a21d-9b8c0ae1095d" testId="d6a6b3fa-83a5-4dbf-a42a-2653d0e4a38d" testName="Test4508" computerName="UA-LPT-OGA2" duration="00:00:01.6740000" startTime="2025-05-14T13:20:31.3146610Z" endTime="2025-05-14T13:25:31.3147553Z" testType="13cdc9d9-ddb5-4fa4-a97d-d965ccfc6d4b" outcome="Passed" testListId="5d5a4a07-319f-4e55-b11f-94981c1f6bd5" />
    <UnitTestResult executionId="2fa27145-f6cd-4725-ad1a-b68991a63977" testId="1404dcf9-df5c-4458-889e-4c326f8d5b2e" testName="Test4509" computerName="UA-LPT-OGA2" duration="00:00:01.0880000" startTime="2025-05-14T13:20:31.3146610Z" endTime="2025-05-14T13:25:31.3147553Z" testType="13cdc9d9-ddb5-4fa4-a97d-d965ccfc6d4b" outcome="Passed" testListId="5d5a4a07-319f-4e55-b11f-94981c1f6bd5" />
    <UnitTestResult executionId="eebb1395-ebf1-48d9-b8b1-a7695c085ee0" testId="39ef21f3-8d8d-4bbc-a724-4d7097427285" testName="Test4510" computerName="UA-LPT-OGA2" duration="00:00:00.5540000" startTime="2025-05-14T13:20:31.3146610Z" endTime="2025-05-14T13:25:31.3147553Z" testType="13cdc9d9-ddb5-4fa4-a97d-d965ccfc6d4b" outcome="Passed" testListId="5d5a4a07-319f-4e55-b11f-94981c1f6bd5" />
    <UnitTestResult executionId="d5a768de-74d6-4200-bbfd-07ddee01200a" testId="d5a9e6e7-b169-4f2c-a8ab-23091750ca3d" testName="Test4511" computerName="UA-LPT-OGA2" duration="00:00:00.2590000" startTime="2025-05-14T13:20:31.3146610Z" endTime="2025-05-14T13:25:31.3147553Z" testType="13cdc9d9-ddb5-4fa4-a97d-d965ccfc6d4b" outcome="Passed" testListId="5d5a4a07-319f-4e55-b11f-94981c1f6bd5" />
    <UnitTestResult executionId="dcf8b976-55a7-48f6-b620-c52ba2c5a9d7" testId="6aa2c39f-327c-4523-994c-f8a98b2db9db" testName="Test4512" computerName="UA-LPT-OGA2" duration="00:00:00.9440000" startTime="2025-05-14T13:20:31.3146610Z" endTime="2025-05-14T13:25:31.3147553Z" testType="13cdc9d9-ddb5-4fa4-a97d-d965ccfc6d4b" outcome="Passed" testListId="5d5a4a07-319f-4e55-b11f-94981c1f6bd5" />
    <UnitTestResult executionId="d8731703-1a17-49d0-9b8f-c22bc1c55108" testId="07654ce4-5b16-4e1f-8274-7b18e68ad5d9" testName="Test4513" computerName="UA-LPT-OGA2" duration="00:00:01.1330000" startTime="2025-05-14T13:20:31.3146610Z" endTime="2025-05-14T13:25:31.3147553Z" testType="13cdc9d9-ddb5-4fa4-a97d-d965ccfc6d4b" outcome="Failed" testListId="5d5a4a07-319f-4e55-b11f-94981c1f6bd5">
      <Output>
        <ErrorInfo>
          <Message>Assertion failed: Expected value did not match actual value.</Message>
          <StackTrace>   at TestNamespace.TestClass.Test() in TestClass.cs:line 18</StackTrace>
        </ErrorInfo>
      </Output>
    </UnitTestResult>
    <UnitTestResult executionId="05025d02-8b67-40d2-a248-00c97e70c1d8" testId="12a46d35-62db-485e-b45b-1dc1211c00ea" testName="Test4514" computerName="UA-LPT-OGA2" duration="00:00:01.2500000" startTime="2025-05-14T13:20:31.3146610Z" endTime="2025-05-14T13:25:31.3147553Z" testType="13cdc9d9-ddb5-4fa4-a97d-d965ccfc6d4b" outcome="Passed" testListId="5d5a4a07-319f-4e55-b11f-94981c1f6bd5" />
    <UnitTestResult executionId="08645d44-1744-40d4-8e69-084efece91be" testId="8bb9d67d-59c1-426b-abf8-6d1409b991aa" testName="Test4515" computerName="UA-LPT-OGA2" duration="00:00:01.1120000" startTime="2025-05-14T13:20:31.3146610Z" endTime="2025-05-14T13:25:31.3147553Z" testType="13cdc9d9-ddb5-4fa4-a97d-d965ccfc6d4b" outcome="Failed" testListId="5d5a4a07-319f-4e55-b11f-94981c1f6bd5">
      <Output>
        <ErrorInfo>
          <Message>Assertion failed: Expected value did not match actual value.</Message>
          <StackTrace>   at TestNamespace.TestClass.Test() in TestClass.cs:line 302</StackTrace>
        </ErrorInfo>
      </Output>
    </UnitTestResult>
    <UnitTestResult executionId="e7cfbb78-4bbf-4271-b377-b9e5940d7b50" testId="fc721587-dd2a-4b6a-8d51-de3aa8c51b88" testName="Test4516" computerName="UA-LPT-OGA2" duration="00:00:01.5040000" startTime="2025-05-14T13:20:31.3146610Z" endTime="2025-05-14T13:25:31.3147553Z" testType="13cdc9d9-ddb5-4fa4-a97d-d965ccfc6d4b" outcome="Passed" testListId="5d5a4a07-319f-4e55-b11f-94981c1f6bd5" />
    <UnitTestResult executionId="33a0c6b1-e3bc-44be-a439-b71dee467083" testId="f144a6dc-0d9a-4bb2-b76b-d7de3d64c750" testName="Test4517" computerName="UA-LPT-OGA2" duration="00:00:01.5000000" startTime="2025-05-14T13:20:31.3146610Z" endTime="2025-05-14T13:25:31.3147553Z" testType="13cdc9d9-ddb5-4fa4-a97d-d965ccfc6d4b" outcome="Passed" testListId="5d5a4a07-319f-4e55-b11f-94981c1f6bd5" />
    <UnitTestResult executionId="58dc71b5-9b54-46f5-9d26-74a85fab09ae" testId="2b02bfc8-db34-4db6-9cba-7cf813a1dca0" testName="Test4518" computerName="UA-LPT-OGA2" duration="00:00:00.1630000" startTime="2025-05-14T13:20:31.3146610Z" endTime="2025-05-14T13:25:31.3147553Z" testType="13cdc9d9-ddb5-4fa4-a97d-d965ccfc6d4b" outcome="Passed" testListId="5d5a4a07-319f-4e55-b11f-94981c1f6bd5" />
    <UnitTestResult executionId="5f6fad9b-c335-4403-b820-455d06d46f17" testId="c8a36e1e-a2f1-461e-8710-bd0f28536cd3" testName="Test4519" computerName="UA-LPT-OGA2" duration="00:00:01.0990000" startTime="2025-05-14T13:20:31.3146610Z" endTime="2025-05-14T13:25:31.3147553Z" testType="13cdc9d9-ddb5-4fa4-a97d-d965ccfc6d4b" outcome="Passed" testListId="5d5a4a07-319f-4e55-b11f-94981c1f6bd5" />
    <UnitTestResult executionId="b462c3c8-e60d-4e9a-aadf-147a1aa04409" testId="ca850473-dc4c-460c-8fc3-e58b8d0b2280" testName="Test4520" computerName="UA-LPT-OGA2" duration="00:00:00.8920000" startTime="2025-05-14T13:20:31.3146610Z" endTime="2025-05-14T13:25:31.3147553Z" testType="13cdc9d9-ddb5-4fa4-a97d-d965ccfc6d4b" outcome="Passed" testListId="5d5a4a07-319f-4e55-b11f-94981c1f6bd5" />
    <UnitTestResult executionId="a19002a2-8c70-415e-b2ee-138cd517cc04" testId="803ff87e-d385-4721-bbfb-2192cba9bbb4" testName="Test4521" computerName="UA-LPT-OGA2" duration="00:00:00.7190000" startTime="2025-05-14T13:20:31.3146610Z" endTime="2025-05-14T13:25:31.3147553Z" testType="13cdc9d9-ddb5-4fa4-a97d-d965ccfc6d4b" outcome="Passed" testListId="5d5a4a07-319f-4e55-b11f-94981c1f6bd5" />
    <UnitTestResult executionId="e3b53dd1-ea0b-4287-a8fc-a4cfa79313a8" testId="aee14d22-d376-404d-b952-2a27bab22bb2" testName="Test4522" computerName="UA-LPT-OGA2" duration="00:00:01.4920000" startTime="2025-05-14T13:20:31.3146610Z" endTime="2025-05-14T13:25:31.3147553Z" testType="13cdc9d9-ddb5-4fa4-a97d-d965ccfc6d4b" outcome="Passed" testListId="5d5a4a07-319f-4e55-b11f-94981c1f6bd5" />
    <UnitTestResult executionId="8e1d0c54-1970-4807-8052-023e252429fe" testId="a3a49552-7848-4796-9933-5b2881c38089" testName="Test4523" computerName="UA-LPT-OGA2" duration="00:00:00.8600000" startTime="2025-05-14T13:20:31.3146610Z" endTime="2025-05-14T13:25:31.3147553Z" testType="13cdc9d9-ddb5-4fa4-a97d-d965ccfc6d4b" outcome="Passed" testListId="5d5a4a07-319f-4e55-b11f-94981c1f6bd5" />
    <UnitTestResult executionId="a8f23f9d-37e2-4fe1-89c6-a332be5e2527" testId="d97e91ec-2917-4d31-a6e5-70eb9901416b" testName="Test4524" computerName="UA-LPT-OGA2" duration="00:00:01.3680000" startTime="2025-05-14T13:20:31.3146610Z" endTime="2025-05-14T13:25:31.3147553Z" testType="13cdc9d9-ddb5-4fa4-a97d-d965ccfc6d4b" outcome="Passed" testListId="5d5a4a07-319f-4e55-b11f-94981c1f6bd5" />
    <UnitTestResult executionId="9c8f1b4d-fd8c-41bf-bb20-8c5871233ce8" testId="26102d5c-3f56-439b-9d7e-e97d18be42a7" testName="Test4525" computerName="UA-LPT-OGA2" duration="00:00:00.2280000" startTime="2025-05-14T13:20:31.3146610Z" endTime="2025-05-14T13:25:31.3147553Z" testType="13cdc9d9-ddb5-4fa4-a97d-d965ccfc6d4b" outcome="Passed" testListId="5d5a4a07-319f-4e55-b11f-94981c1f6bd5" />
    <UnitTestResult executionId="8a8b7f70-04f0-45fc-bc30-934df780c249" testId="0ba59d22-6e9a-4775-9655-b8ed52fa6a51" testName="Test4526" computerName="UA-LPT-OGA2" duration="00:00:01.1950000" startTime="2025-05-14T13:20:31.3146610Z" endTime="2025-05-14T13:25:31.3147553Z" testType="13cdc9d9-ddb5-4fa4-a97d-d965ccfc6d4b" outcome="Passed" testListId="5d5a4a07-319f-4e55-b11f-94981c1f6bd5" />
    <UnitTestResult executionId="7d5e1c95-d2e4-4a78-b9a5-362f11514a33" testId="3e506dc0-c752-473e-934d-c5131683e6aa" testName="Test4527" computerName="UA-LPT-OGA2" duration="00:00:00.0370000" startTime="2025-05-14T13:20:31.3146610Z" endTime="2025-05-14T13:25:31.3147553Z" testType="13cdc9d9-ddb5-4fa4-a97d-d965ccfc6d4b" outcome="Passed" testListId="5d5a4a07-319f-4e55-b11f-94981c1f6bd5" />
    <UnitTestResult executionId="6ef9c98b-1144-4ee6-9016-eb339c1ffb0b" testId="503ac72f-ed4a-4254-81b0-2a1b1ecfbf35" testName="Test4528" computerName="UA-LPT-OGA2" duration="00:00:00.4340000" startTime="2025-05-14T13:20:31.3146610Z" endTime="2025-05-14T13:25:31.3147553Z" testType="13cdc9d9-ddb5-4fa4-a97d-d965ccfc6d4b" outcome="Failed" testListId="5d5a4a07-319f-4e55-b11f-94981c1f6bd5">
      <Output>
        <ErrorInfo>
          <Message>Assertion failed: Expected value did not match actual value.</Message>
          <StackTrace>   at TestNamespace.TestClass.Test() in TestClass.cs:line 255</StackTrace>
        </ErrorInfo>
      </Output>
    </UnitTestResult>
    <UnitTestResult executionId="3ad8c817-37e0-4de9-91a3-e865676eb5d0" testId="24a8cfed-3f7f-4e78-8b38-0e82a8feaaa2" testName="Test4529" computerName="UA-LPT-OGA2" duration="00:00:00.9560000" startTime="2025-05-14T13:20:31.3146610Z" endTime="2025-05-14T13:25:31.3147553Z" testType="13cdc9d9-ddb5-4fa4-a97d-d965ccfc6d4b" outcome="Passed" testListId="5d5a4a07-319f-4e55-b11f-94981c1f6bd5" />
    <UnitTestResult executionId="999641ff-824b-436a-9f31-c95a24b64bdf" testId="f703533a-6b5c-4afa-b97d-6d0368a4f28b" testName="Test4530" computerName="UA-LPT-OGA2" duration="00:00:00.5460000" startTime="2025-05-14T13:20:31.3146610Z" endTime="2025-05-14T13:25:31.3147553Z" testType="13cdc9d9-ddb5-4fa4-a97d-d965ccfc6d4b" outcome="Passed" testListId="5d5a4a07-319f-4e55-b11f-94981c1f6bd5" />
    <UnitTestResult executionId="303bf7e6-1147-4858-83c3-d91a0abc5596" testId="0b6e77fe-d262-43f1-88cd-304c87013497" testName="Test4531" computerName="UA-LPT-OGA2" duration="00:00:00.5860000" startTime="2025-05-14T13:20:31.3146610Z" endTime="2025-05-14T13:25:31.3147553Z" testType="13cdc9d9-ddb5-4fa4-a97d-d965ccfc6d4b" outcome="Passed" testListId="5d5a4a07-319f-4e55-b11f-94981c1f6bd5" />
    <UnitTestResult executionId="b0695b8e-d98d-4dda-80b3-daf57daf2be7" testId="16809225-68a1-4201-bd17-e6f4a8f328a1" testName="Test4532" computerName="UA-LPT-OGA2" duration="00:00:01.2940000" startTime="2025-05-14T13:20:31.3146610Z" endTime="2025-05-14T13:25:31.3147553Z" testType="13cdc9d9-ddb5-4fa4-a97d-d965ccfc6d4b" outcome="Passed" testListId="5d5a4a07-319f-4e55-b11f-94981c1f6bd5" />
    <UnitTestResult executionId="79c22514-c26f-4e02-95e3-cfaf79243f06" testId="5af2c263-6188-44e0-bc98-d994c2afc59c" testName="Test4533" computerName="UA-LPT-OGA2" duration="00:00:00.2740000" startTime="2025-05-14T13:20:31.3146610Z" endTime="2025-05-14T13:25:31.3147553Z" testType="13cdc9d9-ddb5-4fa4-a97d-d965ccfc6d4b" outcome="Passed" testListId="5d5a4a07-319f-4e55-b11f-94981c1f6bd5" />
    <UnitTestResult executionId="7055685a-8935-4083-833d-89e8004b8de8" testId="0651e6f3-b061-4ebb-99f3-b1cdf43072f4" testName="Test4534" computerName="UA-LPT-OGA2" duration="00:00:01.2070000" startTime="2025-05-14T13:20:31.3146610Z" endTime="2025-05-14T13:25:31.3147553Z" testType="13cdc9d9-ddb5-4fa4-a97d-d965ccfc6d4b" outcome="Passed" testListId="5d5a4a07-319f-4e55-b11f-94981c1f6bd5" />
    <UnitTestResult executionId="0d348d9d-0611-4ce5-b90b-07a4ec743c41" testId="c9624da9-c29d-46e2-93e8-1b31f35a7ffe" testName="Test4535" computerName="UA-LPT-OGA2" duration="00:00:00.2830000" startTime="2025-05-14T13:20:31.3146610Z" endTime="2025-05-14T13:25:31.3147553Z" testType="13cdc9d9-ddb5-4fa4-a97d-d965ccfc6d4b" outcome="Passed" testListId="5d5a4a07-319f-4e55-b11f-94981c1f6bd5" />
    <UnitTestResult executionId="91507d9a-f663-41b0-b0f9-06128df296b2" testId="19ec620f-579e-4557-a012-3685e810aef1" testName="Test4536" computerName="UA-LPT-OGA2" duration="00:00:01.3600000" startTime="2025-05-14T13:20:31.3146610Z" endTime="2025-05-14T13:25:31.3147553Z" testType="13cdc9d9-ddb5-4fa4-a97d-d965ccfc6d4b" outcome="Passed" testListId="5d5a4a07-319f-4e55-b11f-94981c1f6bd5" />
    <UnitTestResult executionId="a7ea16e0-cb3f-4297-9a7b-51b113db4554" testId="e7359fed-8a28-4dbf-955e-927ae9999af0" testName="Test4537" computerName="UA-LPT-OGA2" duration="00:00:01.8330000" startTime="2025-05-14T13:20:31.3146610Z" endTime="2025-05-14T13:25:31.3147553Z" testType="13cdc9d9-ddb5-4fa4-a97d-d965ccfc6d4b" outcome="Passed" testListId="5d5a4a07-319f-4e55-b11f-94981c1f6bd5" />
    <UnitTestResult executionId="181800d5-a43f-4e1c-89ac-0cdff57496bd" testId="f950e985-e9a1-4859-8371-2a624048fa92" testName="Test4538" computerName="UA-LPT-OGA2" duration="00:00:00.1420000" startTime="2025-05-14T13:20:31.3146610Z" endTime="2025-05-14T13:25:31.3147553Z" testType="13cdc9d9-ddb5-4fa4-a97d-d965ccfc6d4b" outcome="Passed" testListId="5d5a4a07-319f-4e55-b11f-94981c1f6bd5" />
    <UnitTestResult executionId="7d7a4974-02da-4029-91af-6f53af9cd4fb" testId="19be7c07-d607-456c-ae10-8c40c0c53132" testName="Test4539" computerName="UA-LPT-OGA2" duration="00:00:00.0280000" startTime="2025-05-14T13:20:31.3146610Z" endTime="2025-05-14T13:25:31.3147553Z" testType="13cdc9d9-ddb5-4fa4-a97d-d965ccfc6d4b" outcome="Passed" testListId="5d5a4a07-319f-4e55-b11f-94981c1f6bd5" />
    <UnitTestResult executionId="c4d30b2a-87fc-4c68-bb14-2db7ce5c240a" testId="e608cd94-37fe-4530-aff6-e87ce7192569" testName="Test4540" computerName="UA-LPT-OGA2" duration="00:00:01.8980000" startTime="2025-05-14T13:20:31.3146610Z" endTime="2025-05-14T13:25:31.3147553Z" testType="13cdc9d9-ddb5-4fa4-a97d-d965ccfc6d4b" outcome="Passed" testListId="5d5a4a07-319f-4e55-b11f-94981c1f6bd5" />
    <UnitTestResult executionId="eb81646d-ad80-4818-9903-e7995adc4111" testId="2158eaef-5aaa-4c26-9dd8-9fb2026f4830" testName="Test4541" computerName="UA-LPT-OGA2" duration="00:00:01.5190000" startTime="2025-05-14T13:20:31.3146610Z" endTime="2025-05-14T13:25:31.3147553Z" testType="13cdc9d9-ddb5-4fa4-a97d-d965ccfc6d4b" outcome="Failed" testListId="5d5a4a07-319f-4e55-b11f-94981c1f6bd5">
      <Output>
        <ErrorInfo>
          <Message>Assertion failed: Expected value did not match actual value.</Message>
          <StackTrace>   at TestNamespace.TestClass.Test() in TestClass.cs:line 102</StackTrace>
        </ErrorInfo>
      </Output>
    </UnitTestResult>
    <UnitTestResult executionId="1be26a65-037b-48a0-b1ed-573b213ec75a" testId="8778d972-c87f-4999-a197-84a2b669045c" testName="Test4542" computerName="UA-LPT-OGA2" duration="00:00:00.7030000" startTime="2025-05-14T13:20:31.3146610Z" endTime="2025-05-14T13:25:31.3147553Z" testType="13cdc9d9-ddb5-4fa4-a97d-d965ccfc6d4b" outcome="Passed" testListId="5d5a4a07-319f-4e55-b11f-94981c1f6bd5" />
    <UnitTestResult executionId="84a8a992-3dde-4939-9780-b1fc69b59e6a" testId="f6670326-9a12-4f48-a939-5c707f46a4cd" testName="Test4543" computerName="UA-LPT-OGA2" duration="00:00:00.7030000" startTime="2025-05-14T13:20:31.3146610Z" endTime="2025-05-14T13:25:31.3147553Z" testType="13cdc9d9-ddb5-4fa4-a97d-d965ccfc6d4b" outcome="Passed" testListId="5d5a4a07-319f-4e55-b11f-94981c1f6bd5" />
    <UnitTestResult executionId="04a59de8-b44d-4dc9-88b3-eda90c4a5fb8" testId="d865437c-b50c-4700-be1a-42cb17fb3c45" testName="Test4544" computerName="UA-LPT-OGA2" duration="00:00:00.7470000" startTime="2025-05-14T13:20:31.3146610Z" endTime="2025-05-14T13:25:31.3147553Z" testType="13cdc9d9-ddb5-4fa4-a97d-d965ccfc6d4b" outcome="Passed" testListId="5d5a4a07-319f-4e55-b11f-94981c1f6bd5" />
    <UnitTestResult executionId="40093fc9-4fe1-4422-bd85-5ccc5be5d0d1" testId="efc25987-b563-46f2-88f9-bcf878b6748d" testName="Test4545" computerName="UA-LPT-OGA2" duration="00:00:00.9710000" startTime="2025-05-14T13:20:31.3146610Z" endTime="2025-05-14T13:25:31.3147553Z" testType="13cdc9d9-ddb5-4fa4-a97d-d965ccfc6d4b" outcome="Failed" testListId="5d5a4a07-319f-4e55-b11f-94981c1f6bd5">
      <Output>
        <ErrorInfo>
          <Message>Assertion failed: Expected value did not match actual value.</Message>
          <StackTrace>   at TestNamespace.TestClass.Test() in TestClass.cs:line 292</StackTrace>
        </ErrorInfo>
      </Output>
    </UnitTestResult>
    <UnitTestResult executionId="79350c3c-e7d8-4a54-b45a-02b54cce1bcf" testId="d5f03d69-5893-4822-b33c-ad2c4f7f3719" testName="Test4546" computerName="UA-LPT-OGA2" duration="00:00:01.1500000" startTime="2025-05-14T13:20:31.3146610Z" endTime="2025-05-14T13:25:31.3147553Z" testType="13cdc9d9-ddb5-4fa4-a97d-d965ccfc6d4b" outcome="Passed" testListId="5d5a4a07-319f-4e55-b11f-94981c1f6bd5" />
    <UnitTestResult executionId="bdf78390-bb34-4fe0-9666-dc7885aee0d9" testId="6c7e8e6b-9f0a-4927-91b0-bc56229e5470" testName="Test4547" computerName="UA-LPT-OGA2" duration="00:00:01.2970000" startTime="2025-05-14T13:20:31.3146610Z" endTime="2025-05-14T13:25:31.3147553Z" testType="13cdc9d9-ddb5-4fa4-a97d-d965ccfc6d4b" outcome="Failed" testListId="5d5a4a07-319f-4e55-b11f-94981c1f6bd5">
      <Output>
        <ErrorInfo>
          <Message>Assertion failed: Expected value did not match actual value.</Message>
          <StackTrace>   at TestNamespace.TestClass.Test() in TestClass.cs:line 422</StackTrace>
        </ErrorInfo>
      </Output>
    </UnitTestResult>
    <UnitTestResult executionId="e11f2b83-bef3-4f6f-91dc-180b783bae76" testId="326225c0-6632-45a7-9971-90c5e17edc3e" testName="Test4548" computerName="UA-LPT-OGA2" duration="00:00:01.9700000" startTime="2025-05-14T13:20:31.3146610Z" endTime="2025-05-14T13:25:31.3147553Z" testType="13cdc9d9-ddb5-4fa4-a97d-d965ccfc6d4b" outcome="Passed" testListId="5d5a4a07-319f-4e55-b11f-94981c1f6bd5" />
    <UnitTestResult executionId="fb39e4b4-75b1-414a-a2d5-a33d89383ca3" testId="f0b1a779-d723-47cc-8832-d1290a682e87" testName="Test4549" computerName="UA-LPT-OGA2" duration="00:00:01.8740000" startTime="2025-05-14T13:20:31.3146610Z" endTime="2025-05-14T13:25:31.3147553Z" testType="13cdc9d9-ddb5-4fa4-a97d-d965ccfc6d4b" outcome="Passed" testListId="5d5a4a07-319f-4e55-b11f-94981c1f6bd5" />
    <UnitTestResult executionId="90e200c2-8990-4911-ba98-d749da2bb62d" testId="bd29aa35-48f8-4c63-b22b-bd29b005c6dc" testName="Test4550" computerName="UA-LPT-OGA2" duration="00:00:01.7760000" startTime="2025-05-14T13:20:31.3146610Z" endTime="2025-05-14T13:25:31.3147553Z" testType="13cdc9d9-ddb5-4fa4-a97d-d965ccfc6d4b" outcome="Passed" testListId="5d5a4a07-319f-4e55-b11f-94981c1f6bd5" />
    <UnitTestResult executionId="08962b07-9a77-4309-9361-838ae2d20919" testId="a34e8971-4886-45a1-9a55-1796c3558c8a" testName="Test4551" computerName="UA-LPT-OGA2" duration="00:00:00.7660000" startTime="2025-05-14T13:20:31.3146610Z" endTime="2025-05-14T13:25:31.3147553Z" testType="13cdc9d9-ddb5-4fa4-a97d-d965ccfc6d4b" outcome="Failed" testListId="5d5a4a07-319f-4e55-b11f-94981c1f6bd5">
      <Output>
        <ErrorInfo>
          <Message>Assertion failed: Expected value did not match actual value.</Message>
          <StackTrace>   at TestNamespace.TestClass.Test() in TestClass.cs:line 313</StackTrace>
        </ErrorInfo>
      </Output>
    </UnitTestResult>
    <UnitTestResult executionId="fe220d11-ee3e-4fc0-a806-6e199a75572d" testId="87bd2961-443b-4ed4-82f9-93305b80ca19" testName="Test4552" computerName="UA-LPT-OGA2" duration="00:00:00.4230000" startTime="2025-05-14T13:20:31.3146610Z" endTime="2025-05-14T13:25:31.3147553Z" testType="13cdc9d9-ddb5-4fa4-a97d-d965ccfc6d4b" outcome="Passed" testListId="5d5a4a07-319f-4e55-b11f-94981c1f6bd5" />
    <UnitTestResult executionId="defbb9ae-ca6e-49fc-9377-ec821845d6e3" testId="f2051421-f70b-4252-b06a-cc6af8410d72" testName="Test4553" computerName="UA-LPT-OGA2" duration="00:00:01.1250000" startTime="2025-05-14T13:20:31.3146610Z" endTime="2025-05-14T13:25:31.3147553Z" testType="13cdc9d9-ddb5-4fa4-a97d-d965ccfc6d4b" outcome="Passed" testListId="5d5a4a07-319f-4e55-b11f-94981c1f6bd5" />
    <UnitTestResult executionId="631841b3-36c7-43e9-a2e5-50116435ff43" testId="20ec92a4-2af4-462f-a84e-d535919257b3" testName="Test4554" computerName="UA-LPT-OGA2" duration="00:00:00.6000000" startTime="2025-05-14T13:20:31.3146610Z" endTime="2025-05-14T13:25:31.3147553Z" testType="13cdc9d9-ddb5-4fa4-a97d-d965ccfc6d4b" outcome="Passed" testListId="5d5a4a07-319f-4e55-b11f-94981c1f6bd5" />
    <UnitTestResult executionId="4d3abfa6-c3ce-4c48-be02-bad9dcdbe045" testId="6d84331a-2fe7-4a8f-9574-6a661d528f68" testName="Test4555" computerName="UA-LPT-OGA2" duration="00:00:01.1060000" startTime="2025-05-14T13:20:31.3146610Z" endTime="2025-05-14T13:25:31.3147553Z" testType="13cdc9d9-ddb5-4fa4-a97d-d965ccfc6d4b" outcome="Passed" testListId="5d5a4a07-319f-4e55-b11f-94981c1f6bd5" />
    <UnitTestResult executionId="19b8a359-ad69-42ce-9d30-8adc549d7053" testId="94863fb2-07f1-4734-8c29-1f014c6d99df" testName="Test4556" computerName="UA-LPT-OGA2" duration="00:00:01.3900000" startTime="2025-05-14T13:20:31.3146610Z" endTime="2025-05-14T13:25:31.3147553Z" testType="13cdc9d9-ddb5-4fa4-a97d-d965ccfc6d4b" outcome="Passed" testListId="5d5a4a07-319f-4e55-b11f-94981c1f6bd5" />
    <UnitTestResult executionId="f2b3520f-bfc5-4b1f-97fb-0d2e81581af1" testId="6d427c46-ec24-4242-bc0d-32dd3a75aec6" testName="Test4557" computerName="UA-LPT-OGA2" duration="00:00:00.6230000" startTime="2025-05-14T13:20:31.3146610Z" endTime="2025-05-14T13:25:31.3147553Z" testType="13cdc9d9-ddb5-4fa4-a97d-d965ccfc6d4b" outcome="Passed" testListId="5d5a4a07-319f-4e55-b11f-94981c1f6bd5" />
    <UnitTestResult executionId="b2c20cb2-3a13-4f8f-af67-0bf68bd244ae" testId="6e474c87-eee4-4b6c-8aa9-9b5d8e294271" testName="Test4558" computerName="UA-LPT-OGA2" duration="00:00:01.5100000" startTime="2025-05-14T13:20:31.3146610Z" endTime="2025-05-14T13:25:31.3147553Z" testType="13cdc9d9-ddb5-4fa4-a97d-d965ccfc6d4b" outcome="Passed" testListId="5d5a4a07-319f-4e55-b11f-94981c1f6bd5" />
    <UnitTestResult executionId="ab7bee94-58f9-4154-97f9-65c45a351a15" testId="92f3d98e-d88c-4f21-a2b3-095a3c8b754d" testName="Test4559" computerName="UA-LPT-OGA2" duration="00:00:00.3970000" startTime="2025-05-14T13:20:31.3146610Z" endTime="2025-05-14T13:25:31.3147553Z" testType="13cdc9d9-ddb5-4fa4-a97d-d965ccfc6d4b" outcome="Passed" testListId="5d5a4a07-319f-4e55-b11f-94981c1f6bd5" />
    <UnitTestResult executionId="81a4add9-f399-4d02-ad81-da1aabfcbc84" testId="22290de5-1e79-451d-bdc7-64ebb7c8d49b" testName="Test4560" computerName="UA-LPT-OGA2" duration="00:00:01.5230000" startTime="2025-05-14T13:20:31.3146610Z" endTime="2025-05-14T13:25:31.3147553Z" testType="13cdc9d9-ddb5-4fa4-a97d-d965ccfc6d4b" outcome="Passed" testListId="5d5a4a07-319f-4e55-b11f-94981c1f6bd5" />
    <UnitTestResult executionId="6109967e-d3fb-4489-8da5-de96643eaf52" testId="8a207e91-bac7-4d3b-8990-2e2db14de1fb" testName="Test4561" computerName="UA-LPT-OGA2" duration="00:00:00.6980000" startTime="2025-05-14T13:20:31.3146610Z" endTime="2025-05-14T13:25:31.3147553Z" testType="13cdc9d9-ddb5-4fa4-a97d-d965ccfc6d4b" outcome="Passed" testListId="5d5a4a07-319f-4e55-b11f-94981c1f6bd5" />
    <UnitTestResult executionId="933f419f-2206-41d5-96aa-68e93554a277" testId="90540dcb-1267-45f9-a920-b1dda67fb63f" testName="Test4562" computerName="UA-LPT-OGA2" duration="00:00:01.5520000" startTime="2025-05-14T13:20:31.3146610Z" endTime="2025-05-14T13:25:31.3147553Z" testType="13cdc9d9-ddb5-4fa4-a97d-d965ccfc6d4b" outcome="Passed" testListId="5d5a4a07-319f-4e55-b11f-94981c1f6bd5" />
    <UnitTestResult executionId="5f4a9d8b-2299-4415-9548-b2e58a1ec292" testId="c2d9a8be-e3ef-4389-bf43-c833620fb658" testName="Test4563" computerName="UA-LPT-OGA2" duration="00:00:00.3350000" startTime="2025-05-14T13:20:31.3146610Z" endTime="2025-05-14T13:25:31.3147553Z" testType="13cdc9d9-ddb5-4fa4-a97d-d965ccfc6d4b" outcome="Failed" testListId="5d5a4a07-319f-4e55-b11f-94981c1f6bd5">
      <Output>
        <ErrorInfo>
          <Message>Assertion failed: Expected value did not match actual value.</Message>
          <StackTrace>   at TestNamespace.TestClass.Test() in TestClass.cs:line 10</StackTrace>
        </ErrorInfo>
      </Output>
    </UnitTestResult>
    <UnitTestResult executionId="a1c45151-1d28-4c63-9d4f-2816394529e2" testId="4e822b5e-6138-4af9-b11b-9dc12933d231" testName="Test4564" computerName="UA-LPT-OGA2" duration="00:00:00.7870000" startTime="2025-05-14T13:20:31.3146610Z" endTime="2025-05-14T13:25:31.3147553Z" testType="13cdc9d9-ddb5-4fa4-a97d-d965ccfc6d4b" outcome="Passed" testListId="5d5a4a07-319f-4e55-b11f-94981c1f6bd5" />
    <UnitTestResult executionId="9a81d296-6527-450f-812f-af5dc98d6d8b" testId="7797748f-aa46-4669-83d6-c57762d63dd9" testName="Test4565" computerName="UA-LPT-OGA2" duration="00:00:00.8840000" startTime="2025-05-14T13:20:31.3146610Z" endTime="2025-05-14T13:25:31.3147553Z" testType="13cdc9d9-ddb5-4fa4-a97d-d965ccfc6d4b" outcome="Passed" testListId="5d5a4a07-319f-4e55-b11f-94981c1f6bd5" />
    <UnitTestResult executionId="ec188e0f-f65b-47cd-aae7-9cf2f3889800" testId="b326436b-9ec7-441d-81cd-598b72adb767" testName="Test4566" computerName="UA-LPT-OGA2" duration="00:00:00.8130000" startTime="2025-05-14T13:20:31.3146610Z" endTime="2025-05-14T13:25:31.3147553Z" testType="13cdc9d9-ddb5-4fa4-a97d-d965ccfc6d4b" outcome="Passed" testListId="5d5a4a07-319f-4e55-b11f-94981c1f6bd5" />
    <UnitTestResult executionId="72b1d864-6bf8-4b1e-a85b-cd228e731ff3" testId="5e053c24-16dc-4845-a350-a736750bd2ee" testName="Test4567" computerName="UA-LPT-OGA2" duration="00:00:01.5810000" startTime="2025-05-14T13:20:31.3146610Z" endTime="2025-05-14T13:25:31.3147553Z" testType="13cdc9d9-ddb5-4fa4-a97d-d965ccfc6d4b" outcome="Passed" testListId="5d5a4a07-319f-4e55-b11f-94981c1f6bd5" />
    <UnitTestResult executionId="6cb02ec3-34bb-4c62-b447-93fa171ddde9" testId="64bf2e2f-6716-498f-8c32-a3b935d469dd" testName="Test4568" computerName="UA-LPT-OGA2" duration="00:00:01.7250000" startTime="2025-05-14T13:20:31.3146610Z" endTime="2025-05-14T13:25:31.3147553Z" testType="13cdc9d9-ddb5-4fa4-a97d-d965ccfc6d4b" outcome="Passed" testListId="5d5a4a07-319f-4e55-b11f-94981c1f6bd5" />
    <UnitTestResult executionId="6212c4d2-0bee-408b-8437-43d459271ee2" testId="d5159609-c873-45a2-96a3-0686daf2765d" testName="Test4569" computerName="UA-LPT-OGA2" duration="00:00:01.1770000" startTime="2025-05-14T13:20:31.3146610Z" endTime="2025-05-14T13:25:31.3147553Z" testType="13cdc9d9-ddb5-4fa4-a97d-d965ccfc6d4b" outcome="Passed" testListId="5d5a4a07-319f-4e55-b11f-94981c1f6bd5" />
    <UnitTestResult executionId="2e810028-331d-49eb-86cd-ce93bb54d2b7" testId="9445f633-bd86-43bc-81f5-0cab6f70eb9b" testName="Test4570" computerName="UA-LPT-OGA2" duration="00:00:01.8440000" startTime="2025-05-14T13:20:31.3146610Z" endTime="2025-05-14T13:25:31.3147553Z" testType="13cdc9d9-ddb5-4fa4-a97d-d965ccfc6d4b" outcome="Failed" testListId="5d5a4a07-319f-4e55-b11f-94981c1f6bd5">
      <Output>
        <ErrorInfo>
          <Message>Assertion failed: Expected value did not match actual value.</Message>
          <StackTrace>   at TestNamespace.TestClass.Test() in TestClass.cs:line 70</StackTrace>
        </ErrorInfo>
      </Output>
    </UnitTestResult>
    <UnitTestResult executionId="4af126ae-f7cf-4e46-bad4-87507347858c" testId="c5ec65d2-4167-492d-8421-c2654d14d16b" testName="Test4571" computerName="UA-LPT-OGA2" duration="00:00:00.8750000" startTime="2025-05-14T13:20:31.3146610Z" endTime="2025-05-14T13:25:31.3147553Z" testType="13cdc9d9-ddb5-4fa4-a97d-d965ccfc6d4b" outcome="Passed" testListId="5d5a4a07-319f-4e55-b11f-94981c1f6bd5" />
    <UnitTestResult executionId="7eefc3bf-90e0-4763-82b6-17060513e6eb" testId="28e6b711-b2f9-403f-af92-57b4fe124cca" testName="Test4572" computerName="UA-LPT-OGA2" duration="00:00:01.5640000" startTime="2025-05-14T13:20:31.3146610Z" endTime="2025-05-14T13:25:31.3147553Z" testType="13cdc9d9-ddb5-4fa4-a97d-d965ccfc6d4b" outcome="Passed" testListId="5d5a4a07-319f-4e55-b11f-94981c1f6bd5" />
    <UnitTestResult executionId="590d72c2-9a77-4c8e-9795-eba3bae9d6e1" testId="c0bccca9-bef3-4904-a8e6-c856d8e64042" testName="Test4573" computerName="UA-LPT-OGA2" duration="00:00:01.3010000" startTime="2025-05-14T13:20:31.3146610Z" endTime="2025-05-14T13:25:31.3147553Z" testType="13cdc9d9-ddb5-4fa4-a97d-d965ccfc6d4b" outcome="Passed" testListId="5d5a4a07-319f-4e55-b11f-94981c1f6bd5" />
    <UnitTestResult executionId="18909c9f-c93f-4fb1-9125-d176a462bedd" testId="d93169bd-83fe-4eac-9aeb-62ec3262283d" testName="Test4574" computerName="UA-LPT-OGA2" duration="00:00:01.3730000" startTime="2025-05-14T13:20:31.3146610Z" endTime="2025-05-14T13:25:31.3147553Z" testType="13cdc9d9-ddb5-4fa4-a97d-d965ccfc6d4b" outcome="Failed" testListId="5d5a4a07-319f-4e55-b11f-94981c1f6bd5">
      <Output>
        <ErrorInfo>
          <Message>Assertion failed: Expected value did not match actual value.</Message>
          <StackTrace>   at TestNamespace.TestClass.Test() in TestClass.cs:line 345</StackTrace>
        </ErrorInfo>
      </Output>
    </UnitTestResult>
    <UnitTestResult executionId="75c41756-8067-4ed2-bb7c-28862600c31a" testId="3c536ebe-86b1-4303-901d-08f3a8a14508" testName="Test4575" computerName="UA-LPT-OGA2" duration="00:00:00.6080000" startTime="2025-05-14T13:20:31.3146610Z" endTime="2025-05-14T13:25:31.3147553Z" testType="13cdc9d9-ddb5-4fa4-a97d-d965ccfc6d4b" outcome="Passed" testListId="5d5a4a07-319f-4e55-b11f-94981c1f6bd5" />
    <UnitTestResult executionId="18fd3f54-ad23-4c2a-85cd-8ed007bff26a" testId="ac980d90-178b-4f96-8783-4298c5f09a4d" testName="Test4576" computerName="UA-LPT-OGA2" duration="00:00:01.4390000" startTime="2025-05-14T13:20:31.3146610Z" endTime="2025-05-14T13:25:31.3147553Z" testType="13cdc9d9-ddb5-4fa4-a97d-d965ccfc6d4b" outcome="Passed" testListId="5d5a4a07-319f-4e55-b11f-94981c1f6bd5" />
    <UnitTestResult executionId="3832ac82-6fd9-49a6-8e00-d964d2468951" testId="24f07d4d-a9d3-4963-9433-97d71dcd0917" testName="Test4577" computerName="UA-LPT-OGA2" duration="00:00:01.7260000" startTime="2025-05-14T13:20:31.3146610Z" endTime="2025-05-14T13:25:31.3147553Z" testType="13cdc9d9-ddb5-4fa4-a97d-d965ccfc6d4b" outcome="Passed" testListId="5d5a4a07-319f-4e55-b11f-94981c1f6bd5" />
    <UnitTestResult executionId="b8a170d2-dd2f-419d-9fc6-e96d8489f391" testId="b9f2b350-5840-4f2b-9044-4509b94c8725" testName="Test4578" computerName="UA-LPT-OGA2" duration="00:00:01.1120000" startTime="2025-05-14T13:20:31.3146610Z" endTime="2025-05-14T13:25:31.3147553Z" testType="13cdc9d9-ddb5-4fa4-a97d-d965ccfc6d4b" outcome="Passed" testListId="5d5a4a07-319f-4e55-b11f-94981c1f6bd5" />
    <UnitTestResult executionId="9a97d8b7-ba45-4f38-89d9-a60e975b001f" testId="a22536df-1ee9-4717-8987-c9791490906e" testName="Test4579" computerName="UA-LPT-OGA2" duration="00:00:01.2330000" startTime="2025-05-14T13:20:31.3146610Z" endTime="2025-05-14T13:25:31.3147553Z" testType="13cdc9d9-ddb5-4fa4-a97d-d965ccfc6d4b" outcome="Passed" testListId="5d5a4a07-319f-4e55-b11f-94981c1f6bd5" />
    <UnitTestResult executionId="83abb89e-258b-4092-9f50-2a00c1292fdd" testId="5d2dba8e-ce3c-4c75-b6de-6e2627428c52" testName="Test4580" computerName="UA-LPT-OGA2" duration="00:00:01.4720000" startTime="2025-05-14T13:20:31.3146610Z" endTime="2025-05-14T13:25:31.3147553Z" testType="13cdc9d9-ddb5-4fa4-a97d-d965ccfc6d4b" outcome="Passed" testListId="5d5a4a07-319f-4e55-b11f-94981c1f6bd5" />
    <UnitTestResult executionId="ed39d079-5cbe-4536-afd9-2771ffd87b65" testId="b49dcccc-a8b6-4e82-b63a-44ec263b0b0e" testName="Test4581" computerName="UA-LPT-OGA2" duration="00:00:01.9590000" startTime="2025-05-14T13:20:31.3146610Z" endTime="2025-05-14T13:25:31.3147553Z" testType="13cdc9d9-ddb5-4fa4-a97d-d965ccfc6d4b" outcome="Passed" testListId="5d5a4a07-319f-4e55-b11f-94981c1f6bd5" />
    <UnitTestResult executionId="944490b5-2d17-4864-a463-9e587f4a2876" testId="03ddc7dd-c1df-46f0-943f-243ac0f98556" testName="Test4582" computerName="UA-LPT-OGA2" duration="00:00:01.8740000" startTime="2025-05-14T13:20:31.3146610Z" endTime="2025-05-14T13:25:31.3147553Z" testType="13cdc9d9-ddb5-4fa4-a97d-d965ccfc6d4b" outcome="Passed" testListId="5d5a4a07-319f-4e55-b11f-94981c1f6bd5" />
    <UnitTestResult executionId="f8792a0d-a455-4972-b040-92c69efb3ec0" testId="94361f2c-0cad-4849-a6e4-09b92de4407b" testName="Test4583" computerName="UA-LPT-OGA2" duration="00:00:00.6490000" startTime="2025-05-14T13:20:31.3146610Z" endTime="2025-05-14T13:25:31.3147553Z" testType="13cdc9d9-ddb5-4fa4-a97d-d965ccfc6d4b" outcome="Passed" testListId="5d5a4a07-319f-4e55-b11f-94981c1f6bd5" />
    <UnitTestResult executionId="7903ab9d-4185-4e9c-bbc5-615215f1da43" testId="0a7bd6c8-f90b-477e-a2a0-c3c3014fb12a" testName="Test4584" computerName="UA-LPT-OGA2" duration="00:00:01.9540000" startTime="2025-05-14T13:20:31.3146610Z" endTime="2025-05-14T13:25:31.3147553Z" testType="13cdc9d9-ddb5-4fa4-a97d-d965ccfc6d4b" outcome="Passed" testListId="5d5a4a07-319f-4e55-b11f-94981c1f6bd5" />
    <UnitTestResult executionId="d13cc921-fd1c-40da-8591-2b3db8ac9369" testId="7e4a53db-d64c-4e5a-aaec-07c07cdaa335" testName="Test4585" computerName="UA-LPT-OGA2" duration="00:00:00.1520000" startTime="2025-05-14T13:20:31.3146610Z" endTime="2025-05-14T13:25:31.3147553Z" testType="13cdc9d9-ddb5-4fa4-a97d-d965ccfc6d4b" outcome="Passed" testListId="5d5a4a07-319f-4e55-b11f-94981c1f6bd5" />
    <UnitTestResult executionId="1f3d48a3-ef45-4ef9-9525-d6f415de4de5" testId="c5d86409-d6a3-410f-8f18-a363eddd8588" testName="Test4586" computerName="UA-LPT-OGA2" duration="00:00:00.7830000" startTime="2025-05-14T13:20:31.3146610Z" endTime="2025-05-14T13:25:31.3147553Z" testType="13cdc9d9-ddb5-4fa4-a97d-d965ccfc6d4b" outcome="Passed" testListId="5d5a4a07-319f-4e55-b11f-94981c1f6bd5" />
    <UnitTestResult executionId="2404d745-5533-44d1-b58e-e7117d3c8ecc" testId="353896bb-6b79-48cc-b92e-0bdf6dbac3cc" testName="Test4587" computerName="UA-LPT-OGA2" duration="00:00:00.6780000" startTime="2025-05-14T13:20:31.3146610Z" endTime="2025-05-14T13:25:31.3147553Z" testType="13cdc9d9-ddb5-4fa4-a97d-d965ccfc6d4b" outcome="Passed" testListId="5d5a4a07-319f-4e55-b11f-94981c1f6bd5" />
    <UnitTestResult executionId="b52ec944-0487-4c01-93be-3108a8a56289" testId="358874b9-d2ed-4034-8e93-48e53717bf5e" testName="Test4588" computerName="UA-LPT-OGA2" duration="00:00:00.7580000" startTime="2025-05-14T13:20:31.3146610Z" endTime="2025-05-14T13:25:31.3147553Z" testType="13cdc9d9-ddb5-4fa4-a97d-d965ccfc6d4b" outcome="Passed" testListId="5d5a4a07-319f-4e55-b11f-94981c1f6bd5" />
    <UnitTestResult executionId="545db5ed-2caf-493b-9f44-5aedbbc9aa01" testId="c9c16dd8-34dd-439d-8e47-63590324440a" testName="Test4589" computerName="UA-LPT-OGA2" duration="00:00:00.7110000" startTime="2025-05-14T13:20:31.3146610Z" endTime="2025-05-14T13:25:31.3147553Z" testType="13cdc9d9-ddb5-4fa4-a97d-d965ccfc6d4b" outcome="Passed" testListId="5d5a4a07-319f-4e55-b11f-94981c1f6bd5" />
    <UnitTestResult executionId="41e0ee6a-4232-41fa-8ca7-06216d4603e0" testId="ccbde39b-ecd8-46d8-857e-3a52fbc1e0eb" testName="Test4590" computerName="UA-LPT-OGA2" duration="00:00:00.4760000" startTime="2025-05-14T13:20:31.3146610Z" endTime="2025-05-14T13:25:31.3147553Z" testType="13cdc9d9-ddb5-4fa4-a97d-d965ccfc6d4b" outcome="Passed" testListId="5d5a4a07-319f-4e55-b11f-94981c1f6bd5" />
    <UnitTestResult executionId="2ec14dbe-aaa3-4a35-8222-e07bfde9f27c" testId="50b83972-fcfe-4906-96d3-ce6615d2d66c" testName="Test4591" computerName="UA-LPT-OGA2" duration="00:00:00.2430000" startTime="2025-05-14T13:20:31.3146610Z" endTime="2025-05-14T13:25:31.3147553Z" testType="13cdc9d9-ddb5-4fa4-a97d-d965ccfc6d4b" outcome="Passed" testListId="5d5a4a07-319f-4e55-b11f-94981c1f6bd5" />
    <UnitTestResult executionId="d7777025-7e8c-4cba-b1a2-92dccf8e17cd" testId="c88c5e87-e7f5-419f-91a9-28909f8d0bb5" testName="Test4592" computerName="UA-LPT-OGA2" duration="00:00:01.1210000" startTime="2025-05-14T13:20:31.3146610Z" endTime="2025-05-14T13:25:31.3147553Z" testType="13cdc9d9-ddb5-4fa4-a97d-d965ccfc6d4b" outcome="Passed" testListId="5d5a4a07-319f-4e55-b11f-94981c1f6bd5" />
    <UnitTestResult executionId="cc872a9d-e3e1-443b-ac97-fc2c500d318f" testId="e1616a6e-250c-45b8-89b9-97ca0077f2cd" testName="Test4593" computerName="UA-LPT-OGA2" duration="00:00:01.9840000" startTime="2025-05-14T13:20:31.3146610Z" endTime="2025-05-14T13:25:31.3147553Z" testType="13cdc9d9-ddb5-4fa4-a97d-d965ccfc6d4b" outcome="Passed" testListId="5d5a4a07-319f-4e55-b11f-94981c1f6bd5" />
    <UnitTestResult executionId="1594a372-2f79-4b02-88eb-f7f13a9e4265" testId="4b5e2d13-5fe1-42f9-80c4-5955c12ddd4b" testName="Test4594" computerName="UA-LPT-OGA2" duration="00:00:01.8590000" startTime="2025-05-14T13:20:31.3146610Z" endTime="2025-05-14T13:25:31.3147553Z" testType="13cdc9d9-ddb5-4fa4-a97d-d965ccfc6d4b" outcome="Passed" testListId="5d5a4a07-319f-4e55-b11f-94981c1f6bd5" />
    <UnitTestResult executionId="28ac64d7-1770-4b58-a19e-2eb1a651077f" testId="8860280a-9514-4c3d-902d-77e58cededf0" testName="Test4595" computerName="UA-LPT-OGA2" duration="00:00:00.6870000" startTime="2025-05-14T13:20:31.3146610Z" endTime="2025-05-14T13:25:31.3147553Z" testType="13cdc9d9-ddb5-4fa4-a97d-d965ccfc6d4b" outcome="Passed" testListId="5d5a4a07-319f-4e55-b11f-94981c1f6bd5" />
    <UnitTestResult executionId="70e601e1-b206-4d3b-a02d-6b4c777134c4" testId="5ad44b4c-f57d-4053-a14b-22fc7d3d9829" testName="Test4596" computerName="UA-LPT-OGA2" duration="00:00:01.5650000" startTime="2025-05-14T13:20:31.3146610Z" endTime="2025-05-14T13:25:31.3147553Z" testType="13cdc9d9-ddb5-4fa4-a97d-d965ccfc6d4b" outcome="Passed" testListId="5d5a4a07-319f-4e55-b11f-94981c1f6bd5" />
    <UnitTestResult executionId="ac1ee9bc-0540-45f1-8813-89d1dddb017e" testId="463ab852-5377-460e-b8f1-ca2d5bb03fc2" testName="Test4597" computerName="UA-LPT-OGA2" duration="00:00:01.2560000" startTime="2025-05-14T13:20:31.3146610Z" endTime="2025-05-14T13:25:31.3147553Z" testType="13cdc9d9-ddb5-4fa4-a97d-d965ccfc6d4b" outcome="Passed" testListId="5d5a4a07-319f-4e55-b11f-94981c1f6bd5" />
    <UnitTestResult executionId="03532884-1d18-4f90-8030-771346930ef1" testId="03074b98-5084-48f7-b481-95a9b24ea374" testName="Test4598" computerName="UA-LPT-OGA2" duration="00:00:01.7460000" startTime="2025-05-14T13:20:31.3146610Z" endTime="2025-05-14T13:25:31.3147553Z" testType="13cdc9d9-ddb5-4fa4-a97d-d965ccfc6d4b" outcome="Passed" testListId="5d5a4a07-319f-4e55-b11f-94981c1f6bd5" />
    <UnitTestResult executionId="49cf9077-6709-46e5-bc52-3a7e402302dc" testId="86efc058-2014-44fc-a4eb-fbfcfc6e190b" testName="Test4599" computerName="UA-LPT-OGA2" duration="00:00:01.6940000" startTime="2025-05-14T13:20:31.3146610Z" endTime="2025-05-14T13:25:31.3147553Z" testType="13cdc9d9-ddb5-4fa4-a97d-d965ccfc6d4b" outcome="Passed" testListId="5d5a4a07-319f-4e55-b11f-94981c1f6bd5" />
    <UnitTestResult executionId="b917ffe9-4f03-41cd-9e44-e19cfd573e27" testId="182caeca-0471-4535-ad97-bbfced188c6b" testName="Test4600" computerName="UA-LPT-OGA2" duration="00:00:01.8080000" startTime="2025-05-14T13:20:31.3146610Z" endTime="2025-05-14T13:25:31.3147553Z" testType="13cdc9d9-ddb5-4fa4-a97d-d965ccfc6d4b" outcome="Passed" testListId="5d5a4a07-319f-4e55-b11f-94981c1f6bd5" />
  </Results>
  <TestDefinitions>
    <UnitTest name="Test4501" id="7a31e0a1-9172-4c05-9d7b-b878903798ad" storage="TestAssembly.dll">
      <Execution id="5447cde0-fe40-447f-afa1-43f1f2a2911a" />
      <TestMethod codeBase="TestAssembly.dll" className="TestNamespace.TestClass1" name="Test4501" />
    </UnitTest>
    <UnitTest name="Test4502" id="3c16db46-89fb-4907-9c72-3caff343e95b" storage="TestAssembly.dll">
      <Execution id="131b6112-74d3-4f7e-b2c0-83c9c9777497" />
      <TestMethod codeBase="TestAssembly.dll" className="TestNamespace.TestClass1" name="Test4502" />
    </UnitTest>
    <UnitTest name="Test4503" id="6a3b8485-4f54-43c6-af0d-7ca39da81983" storage="TestAssembly.dll">
      <Execution id="7f7875e3-3634-4355-a4d0-601ee15bf8a2" />
      <TestMethod codeBase="TestAssembly.dll" className="TestNamespace.TestClass1" name="Test4503" />
    </UnitTest>
    <UnitTest name="Test4504" id="64ddaeba-26ab-449d-9e2f-3d4df820f141" storage="TestAssembly.dll">
      <Execution id="f0b55a57-2700-4a0c-ab49-e0eab3d6fc2e" />
      <TestMethod codeBase="TestAssembly.dll" className="TestNamespace.TestClass1" name="Test4504" />
    </UnitTest>
    <UnitTest name="Test4505" id="3d5a3155-82b6-4b37-bf7e-e19259ca4832" storage="TestAssembly.dll">
      <Execution id="b7099da3-7b96-4db8-ac4a-333324bab99d" />
      <TestMethod codeBase="TestAssembly.dll" className="TestNamespace.TestClass1" name="Test4505" />
    </UnitTest>
    <UnitTest name="Test4506" id="d44a2ea7-98e2-492e-8b7c-1bba957a12ba" storage="TestAssembly.dll">
      <Execution id="692848a7-0f51-4dd3-9697-82e79b50acb5" />
      <TestMethod codeBase="TestAssembly.dll" className="TestNamespace.TestClass1" name="Test4506" />
    </UnitTest>
    <UnitTest name="Test4507" id="bcb89f95-d5d0-4a37-b356-b5324a18ebf4" storage="TestAssembly.dll">
      <Execution id="8d60cc58-402d-4a1c-a880-d356be591777" />
      <TestMethod codeBase="TestAssembly.dll" className="TestNamespace.TestClass1" name="Test4507" />
    </UnitTest>
    <UnitTest name="Test4508" id="d6a6b3fa-83a5-4dbf-a42a-2653d0e4a38d" storage="TestAssembly.dll">
      <Execution id="d387c509-e1b7-4390-a21d-9b8c0ae1095d" />
      <TestMethod codeBase="TestAssembly.dll" className="TestNamespace.TestClass1" name="Test4508" />
    </UnitTest>
    <UnitTest name="Test4509" id="1404dcf9-df5c-4458-889e-4c326f8d5b2e" storage="TestAssembly.dll">
      <Execution id="2fa27145-f6cd-4725-ad1a-b68991a63977" />
      <TestMethod codeBase="TestAssembly.dll" className="TestNamespace.TestClass1" name="Test4509" />
    </UnitTest>
    <UnitTest name="Test4510" id="39ef21f3-8d8d-4bbc-a724-4d7097427285" storage="TestAssembly.dll">
      <Execution id="eebb1395-ebf1-48d9-b8b1-a7695c085ee0" />
      <TestMethod codeBase="TestAssembly.dll" className="TestNamespace.TestClass1" name="Test4510" />
    </UnitTest>
    <UnitTest name="Test4511" id="d5a9e6e7-b169-4f2c-a8ab-23091750ca3d" storage="TestAssembly.dll">
      <Execution id="d5a768de-74d6-4200-bbfd-07ddee01200a" />
      <TestMethod codeBase="TestAssembly.dll" className="TestNamespace.TestClass2" name="Test4511" />
    </UnitTest>
    <UnitTest name="Test4512" id="6aa2c39f-327c-4523-994c-f8a98b2db9db" storage="TestAssembly.dll">
      <Execution id="dcf8b976-55a7-48f6-b620-c52ba2c5a9d7" />
      <TestMethod codeBase="TestAssembly.dll" className="TestNamespace.TestClass2" name="Test4512" />
    </UnitTest>
    <UnitTest name="Test4513" id="07654ce4-5b16-4e1f-8274-7b18e68ad5d9" storage="TestAssembly.dll">
      <Execution id="d8731703-1a17-49d0-9b8f-c22bc1c55108" />
      <TestMethod codeBase="TestAssembly.dll" className="TestNamespace.TestClass2" name="Test4513" />
    </UnitTest>
    <UnitTest name="Test4514" id="12a46d35-62db-485e-b45b-1dc1211c00ea" storage="TestAssembly.dll">
      <Execution id="05025d02-8b67-40d2-a248-00c97e70c1d8" />
      <TestMethod codeBase="TestAssembly.dll" className="TestNamespace.TestClass2" name="Test4514" />
    </UnitTest>
    <UnitTest name="Test4515" id="8bb9d67d-59c1-426b-abf8-6d1409b991aa" storage="TestAssembly.dll">
      <Execution id="08645d44-1744-40d4-8e69-084efece91be" />
      <TestMethod codeBase="TestAssembly.dll" className="TestNamespace.TestClass2" name="Test4515" />
    </UnitTest>
    <UnitTest name="Test4516" id="fc721587-dd2a-4b6a-8d51-de3aa8c51b88" storage="TestAssembly.dll">
      <Execution id="e7cfbb78-4bbf-4271-b377-b9e5940d7b50" />
      <TestMethod codeBase="TestAssembly.dll" className="TestNamespace.TestClass2" name="Test4516" />
    </UnitTest>
    <UnitTest name="Test4517" id="f144a6dc-0d9a-4bb2-b76b-d7de3d64c750" storage="TestAssembly.dll">
      <Execution id="33a0c6b1-e3bc-44be-a439-b71dee467083" />
      <TestMethod codeBase="TestAssembly.dll" className="TestNamespace.TestClass2" name="Test4517" />
    </UnitTest>
    <UnitTest name="Test4518" id="2b02bfc8-db34-4db6-9cba-7cf813a1dca0" storage="TestAssembly.dll">
      <Execution id="58dc71b5-9b54-46f5-9d26-74a85fab09ae" />
      <TestMethod codeBase="TestAssembly.dll" className="TestNamespace.TestClass2" name="Test4518" />
    </UnitTest>
    <UnitTest name="Test4519" id="c8a36e1e-a2f1-461e-8710-bd0f28536cd3" storage="TestAssembly.dll">
      <Execution id="5f6fad9b-c335-4403-b820-455d06d46f17" />
      <TestMethod codeBase="TestAssembly.dll" className="TestNamespace.TestClass2" name="Test4519" />
    </UnitTest>
    <UnitTest name="Test4520" id="ca850473-dc4c-460c-8fc3-e58b8d0b2280" storage="TestAssembly.dll">
      <Execution id="b462c3c8-e60d-4e9a-aadf-147a1aa04409" />
      <TestMethod codeBase="TestAssembly.dll" className="TestNamespace.TestClass2" name="Test4520" />
    </UnitTest>
    <UnitTest name="Test4521" id="803ff87e-d385-4721-bbfb-2192cba9bbb4" storage="TestAssembly.dll">
      <Execution id="a19002a2-8c70-415e-b2ee-138cd517cc04" />
      <TestMethod codeBase="TestAssembly.dll" className="TestNamespace.TestClass3" name="Test4521" />
    </UnitTest>
    <UnitTest name="Test4522" id="aee14d22-d376-404d-b952-2a27bab22bb2" storage="TestAssembly.dll">
      <Execution id="e3b53dd1-ea0b-4287-a8fc-a4cfa79313a8" />
      <TestMethod codeBase="TestAssembly.dll" className="TestNamespace.TestClass3" name="Test4522" />
    </UnitTest>
    <UnitTest name="Test4523" id="a3a49552-7848-4796-9933-5b2881c38089" storage="TestAssembly.dll">
      <Execution id="8e1d0c54-1970-4807-8052-023e252429fe" />
      <TestMethod codeBase="TestAssembly.dll" className="TestNamespace.TestClass3" name="Test4523" />
    </UnitTest>
    <UnitTest name="Test4524" id="d97e91ec-2917-4d31-a6e5-70eb9901416b" storage="TestAssembly.dll">
      <Execution id="a8f23f9d-37e2-4fe1-89c6-a332be5e2527" />
      <TestMethod codeBase="TestAssembly.dll" className="TestNamespace.TestClass3" name="Test4524" />
    </UnitTest>
    <UnitTest name="Test4525" id="26102d5c-3f56-439b-9d7e-e97d18be42a7" storage="TestAssembly.dll">
      <Execution id="9c8f1b4d-fd8c-41bf-bb20-8c5871233ce8" />
      <TestMethod codeBase="TestAssembly.dll" className="TestNamespace.TestClass3" name="Test4525" />
    </UnitTest>
    <UnitTest name="Test4526" id="0ba59d22-6e9a-4775-9655-b8ed52fa6a51" storage="TestAssembly.dll">
      <Execution id="8a8b7f70-04f0-45fc-bc30-934df780c249" />
      <TestMethod codeBase="TestAssembly.dll" className="TestNamespace.TestClass3" name="Test4526" />
    </UnitTest>
    <UnitTest name="Test4527" id="3e506dc0-c752-473e-934d-c5131683e6aa" storage="TestAssembly.dll">
      <Execution id="7d5e1c95-d2e4-4a78-b9a5-362f11514a33" />
      <TestMethod codeBase="TestAssembly.dll" className="TestNamespace.TestClass3" name="Test4527" />
    </UnitTest>
    <UnitTest name="Test4528" id="503ac72f-ed4a-4254-81b0-2a1b1ecfbf35" storage="TestAssembly.dll">
      <Execution id="6ef9c98b-1144-4ee6-9016-eb339c1ffb0b" />
      <TestMethod codeBase="TestAssembly.dll" className="TestNamespace.TestClass3" name="Test4528" />
    </UnitTest>
    <UnitTest name="Test4529" id="24a8cfed-3f7f-4e78-8b38-0e82a8feaaa2" storage="TestAssembly.dll">
      <Execution id="3ad8c817-37e0-4de9-91a3-e865676eb5d0" />
      <TestMethod codeBase="TestAssembly.dll" className="TestNamespace.TestClass3" name="Test4529" />
    </UnitTest>
    <UnitTest name="Test4530" id="f703533a-6b5c-4afa-b97d-6d0368a4f28b" storage="TestAssembly.dll">
      <Execution id="999641ff-824b-436a-9f31-c95a24b64bdf" />
      <TestMethod codeBase="TestAssembly.dll" className="TestNamespace.TestClass3" name="Test4530" />
    </UnitTest>
    <UnitTest name="Test4531" id="0b6e77fe-d262-43f1-88cd-304c87013497" storage="TestAssembly.dll">
      <Execution id="303bf7e6-1147-4858-83c3-d91a0abc5596" />
      <TestMethod codeBase="TestAssembly.dll" className="TestNamespace.TestClass4" name="Test4531" />
    </UnitTest>
    <UnitTest name="Test4532" id="16809225-68a1-4201-bd17-e6f4a8f328a1" storage="TestAssembly.dll">
      <Execution id="b0695b8e-d98d-4dda-80b3-daf57daf2be7" />
      <TestMethod codeBase="TestAssembly.dll" className="TestNamespace.TestClass4" name="Test4532" />
    </UnitTest>
    <UnitTest name="Test4533" id="5af2c263-6188-44e0-bc98-d994c2afc59c" storage="TestAssembly.dll">
      <Execution id="79c22514-c26f-4e02-95e3-cfaf79243f06" />
      <TestMethod codeBase="TestAssembly.dll" className="TestNamespace.TestClass4" name="Test4533" />
    </UnitTest>
    <UnitTest name="Test4534" id="0651e6f3-b061-4ebb-99f3-b1cdf43072f4" storage="TestAssembly.dll">
      <Execution id="7055685a-8935-4083-833d-89e8004b8de8" />
      <TestMethod codeBase="TestAssembly.dll" className="TestNamespace.TestClass4" name="Test4534" />
    </UnitTest>
    <UnitTest name="Test4535" id="c9624da9-c29d-46e2-93e8-1b31f35a7ffe" storage="TestAssembly.dll">
      <Execution id="0d348d9d-0611-4ce5-b90b-07a4ec743c41" />
      <TestMethod codeBase="TestAssembly.dll" className="TestNamespace.TestClass4" name="Test4535" />
    </UnitTest>
    <UnitTest name="Test4536" id="19ec620f-579e-4557-a012-3685e810aef1" storage="TestAssembly.dll">
      <Execution id="91507d9a-f663-41b0-b0f9-06128df296b2" />
      <TestMethod codeBase="TestAssembly.dll" className="TestNamespace.TestClass4" name="Test4536" />
    </UnitTest>
    <UnitTest name="Test4537" id="e7359fed-8a28-4dbf-955e-927ae9999af0" storage="TestAssembly.dll">
      <Execution id="a7ea16e0-cb3f-4297-9a7b-51b113db4554" />
      <TestMethod codeBase="TestAssembly.dll" className="TestNamespace.TestClass4" name="Test4537" />
    </UnitTest>
    <UnitTest name="Test4538" id="f950e985-e9a1-4859-8371-2a624048fa92" storage="TestAssembly.dll">
      <Execution id="181800d5-a43f-4e1c-89ac-0cdff57496bd" />
      <TestMethod codeBase="TestAssembly.dll" className="TestNamespace.TestClass4" name="Test4538" />
    </UnitTest>
    <UnitTest name="Test4539" id="19be7c07-d607-456c-ae10-8c40c0c53132" storage="TestAssembly.dll">
      <Execution id="7d7a4974-02da-4029-91af-6f53af9cd4fb" />
      <TestMethod codeBase="TestAssembly.dll" className="TestNamespace.TestClass4" name="Test4539" />
    </UnitTest>
    <UnitTest name="Test4540" id="e608cd94-37fe-4530-aff6-e87ce7192569" storage="TestAssembly.dll">
      <Execution id="c4d30b2a-87fc-4c68-bb14-2db7ce5c240a" />
      <TestMethod codeBase="TestAssembly.dll" className="TestNamespace.TestClass4" name="Test4540" />
    </UnitTest>
    <UnitTest name="Test4541" id="2158eaef-5aaa-4c26-9dd8-9fb2026f4830" storage="TestAssembly.dll">
      <Execution id="eb81646d-ad80-4818-9903-e7995adc4111" />
      <TestMethod codeBase="TestAssembly.dll" className="TestNamespace.TestClass5" name="Test4541" />
    </UnitTest>
    <UnitTest name="Test4542" id="8778d972-c87f-4999-a197-84a2b669045c" storage="TestAssembly.dll">
      <Execution id="1be26a65-037b-48a0-b1ed-573b213ec75a" />
      <TestMethod codeBase="TestAssembly.dll" className="TestNamespace.TestClass5" name="Test4542" />
    </UnitTest>
    <UnitTest name="Test4543" id="f6670326-9a12-4f48-a939-5c707f46a4cd" storage="TestAssembly.dll">
      <Execution id="84a8a992-3dde-4939-9780-b1fc69b59e6a" />
      <TestMethod codeBase="TestAssembly.dll" className="TestNamespace.TestClass5" name="Test4543" />
    </UnitTest>
    <UnitTest name="Test4544" id="d865437c-b50c-4700-be1a-42cb17fb3c45" storage="TestAssembly.dll">
      <Execution id="04a59de8-b44d-4dc9-88b3-eda90c4a5fb8" />
      <TestMethod codeBase="TestAssembly.dll" className="TestNamespace.TestClass5" name="Test4544" />
    </UnitTest>
    <UnitTest name="Test4545" id="efc25987-b563-46f2-88f9-bcf878b6748d" storage="TestAssembly.dll">
      <Execution id="40093fc9-4fe1-4422-bd85-5ccc5be5d0d1" />
      <TestMethod codeBase="TestAssembly.dll" className="TestNamespace.TestClass5" name="Test4545" />
    </UnitTest>
    <UnitTest name="Test4546" id="d5f03d69-5893-4822-b33c-ad2c4f7f3719" storage="TestAssembly.dll">
      <Execution id="79350c3c-e7d8-4a54-b45a-02b54cce1bcf" />
      <TestMethod codeBase="TestAssembly.dll" className="TestNamespace.TestClass5" name="Test4546" />
    </UnitTest>
    <UnitTest name="Test4547" id="6c7e8e6b-9f0a-4927-91b0-bc56229e5470" storage="TestAssembly.dll">
      <Execution id="bdf78390-bb34-4fe0-9666-dc7885aee0d9" />
      <TestMethod codeBase="TestAssembly.dll" className="TestNamespace.TestClass5" name="Test4547" />
    </UnitTest>
    <UnitTest name="Test4548" id="326225c0-6632-45a7-9971-90c5e17edc3e" storage="TestAssembly.dll">
      <Execution id="e11f2b83-bef3-4f6f-91dc-180b783bae76" />
      <TestMethod codeBase="TestAssembly.dll" className="TestNamespace.TestClass5" name="Test4548" />
    </UnitTest>
    <UnitTest name="Test4549" id="f0b1a779-d723-47cc-8832-d1290a682e87" storage="TestAssembly.dll">
      <Execution id="fb39e4b4-75b1-414a-a2d5-a33d89383ca3" />
      <TestMethod codeBase="TestAssembly.dll" className="TestNamespace.TestClass5" name="Test4549" />
    </UnitTest>
    <UnitTest name="Test4550" id="bd29aa35-48f8-4c63-b22b-bd29b005c6dc" storage="TestAssembly.dll">
      <Execution id="90e200c2-8990-4911-ba98-d749da2bb62d" />
      <TestMethod codeBase="TestAssembly.dll" className="TestNamespace.TestClass5" name="Test4550" />
    </UnitTest>
    <UnitTest name="Test4551" id="a34e8971-4886-45a1-9a55-1796c3558c8a" storage="TestAssembly.dll">
      <Execution id="08962b07-9a77-4309-9361-838ae2d20919" />
      <TestMethod codeBase="TestAssembly.dll" className="TestNamespace.TestClass6" name="Test4551" />
    </UnitTest>
    <UnitTest name="Test4552" id="87bd2961-443b-4ed4-82f9-93305b80ca19" storage="TestAssembly.dll">
      <Execution id="fe220d11-ee3e-4fc0-a806-6e199a75572d" />
      <TestMethod codeBase="TestAssembly.dll" className="TestNamespace.TestClass6" name="Test4552" />
    </UnitTest>
    <UnitTest name="Test4553" id="f2051421-f70b-4252-b06a-cc6af8410d72" storage="TestAssembly.dll">
      <Execution id="defbb9ae-ca6e-49fc-9377-ec821845d6e3" />
      <TestMethod codeBase="TestAssembly.dll" className="TestNamespace.TestClass6" name="Test4553" />
    </UnitTest>
    <UnitTest name="Test4554" id="20ec92a4-2af4-462f-a84e-d535919257b3" storage="TestAssembly.dll">
      <Execution id="631841b3-36c7-43e9-a2e5-50116435ff43" />
      <TestMethod codeBase="TestAssembly.dll" className="TestNamespace.TestClass6" name="Test4554" />
    </UnitTest>
    <UnitTest name="Test4555" id="6d84331a-2fe7-4a8f-9574-6a661d528f68" storage="TestAssembly.dll">
      <Execution id="4d3abfa6-c3ce-4c48-be02-bad9dcdbe045" />
      <TestMethod codeBase="TestAssembly.dll" className="TestNamespace.TestClass6" name="Test4555" />
    </UnitTest>
    <UnitTest name="Test4556" id="94863fb2-07f1-4734-8c29-1f014c6d99df" storage="TestAssembly.dll">
      <Execution id="19b8a359-ad69-42ce-9d30-8adc549d7053" />
      <TestMethod codeBase="TestAssembly.dll" className="TestNamespace.TestClass6" name="Test4556" />
    </UnitTest>
    <UnitTest name="Test4557" id="6d427c46-ec24-4242-bc0d-32dd3a75aec6" storage="TestAssembly.dll">
      <Execution id="f2b3520f-bfc5-4b1f-97fb-0d2e81581af1" />
      <TestMethod codeBase="TestAssembly.dll" className="TestNamespace.TestClass6" name="Test4557" />
    </UnitTest>
    <UnitTest name="Test4558" id="6e474c87-eee4-4b6c-8aa9-9b5d8e294271" storage="TestAssembly.dll">
      <Execution id="b2c20cb2-3a13-4f8f-af67-0bf68bd244ae" />
      <TestMethod codeBase="TestAssembly.dll" className="TestNamespace.TestClass6" name="Test4558" />
    </UnitTest>
    <UnitTest name="Test4559" id="92f3d98e-d88c-4f21-a2b3-095a3c8b754d" storage="TestAssembly.dll">
      <Execution id="ab7bee94-58f9-4154-97f9-65c45a351a15" />
      <TestMethod codeBase="TestAssembly.dll" className="TestNamespace.TestClass6" name="Test4559" />
    </UnitTest>
    <UnitTest name="Test4560" id="22290de5-1e79-451d-bdc7-64ebb7c8d49b" storage="TestAssembly.dll">
      <Execution id="81a4add9-f399-4d02-ad81-da1aabfcbc84" />
      <TestMethod codeBase="TestAssembly.dll" className="TestNamespace.TestClass6" name="Test4560" />
    </UnitTest>
    <UnitTest name="Test4561" id="8a207e91-bac7-4d3b-8990-2e2db14de1fb" storage="TestAssembly.dll">
      <Execution id="6109967e-d3fb-4489-8da5-de96643eaf52" />
      <TestMethod codeBase="TestAssembly.dll" className="TestNamespace.TestClass7" name="Test4561" />
    </UnitTest>
    <UnitTest name="Test4562" id="90540dcb-1267-45f9-a920-b1dda67fb63f" storage="TestAssembly.dll">
      <Execution id="933f419f-2206-41d5-96aa-68e93554a277" />
      <TestMethod codeBase="TestAssembly.dll" className="TestNamespace.TestClass7" name="Test4562" />
    </UnitTest>
    <UnitTest name="Test4563" id="c2d9a8be-e3ef-4389-bf43-c833620fb658" storage="TestAssembly.dll">
      <Execution id="5f4a9d8b-2299-4415-9548-b2e58a1ec292" />
      <TestMethod codeBase="TestAssembly.dll" className="TestNamespace.TestClass7" name="Test4563" />
    </UnitTest>
    <UnitTest name="Test4564" id="4e822b5e-6138-4af9-b11b-9dc12933d231" storage="TestAssembly.dll">
      <Execution id="a1c45151-1d28-4c63-9d4f-2816394529e2" />
      <TestMethod codeBase="TestAssembly.dll" className="TestNamespace.TestClass7" name="Test4564" />
    </UnitTest>
    <UnitTest name="Test4565" id="7797748f-aa46-4669-83d6-c57762d63dd9" storage="TestAssembly.dll">
      <Execution id="9a81d296-6527-450f-812f-af5dc98d6d8b" />
      <TestMethod codeBase="TestAssembly.dll" className="TestNamespace.TestClass7" name="Test4565" />
    </UnitTest>
    <UnitTest name="Test4566" id="b326436b-9ec7-441d-81cd-598b72adb767" storage="TestAssembly.dll">
      <Execution id="ec188e0f-f65b-47cd-aae7-9cf2f3889800" />
      <TestMethod codeBase="TestAssembly.dll" className="TestNamespace.TestClass7" name="Test4566" />
    </UnitTest>
    <UnitTest name="Test4567" id="5e053c24-16dc-4845-a350-a736750bd2ee" storage="TestAssembly.dll">
      <Execution id="72b1d864-6bf8-4b1e-a85b-cd228e731ff3" />
      <TestMethod codeBase="TestAssembly.dll" className="TestNamespace.TestClass7" name="Test4567" />
    </UnitTest>
    <UnitTest name="Test4568" id="64bf2e2f-6716-498f-8c32-a3b935d469dd" storage="TestAssembly.dll">
      <Execution id="6cb02ec3-34bb-4c62-b447-93fa171ddde9" />
      <TestMethod codeBase="TestAssembly.dll" className="TestNamespace.TestClass7" name="Test4568" />
    </UnitTest>
    <UnitTest name="Test4569" id="d5159609-c873-45a2-96a3-0686daf2765d" storage="TestAssembly.dll">
      <Execution id="6212c4d2-0bee-408b-8437-43d459271ee2" />
      <TestMethod codeBase="TestAssembly.dll" className="TestNamespace.TestClass7" name="Test4569" />
    </UnitTest>
    <UnitTest name="Test4570" id="9445f633-bd86-43bc-81f5-0cab6f70eb9b" storage="TestAssembly.dll">
      <Execution id="2e810028-331d-49eb-86cd-ce93bb54d2b7" />
      <TestMethod codeBase="TestAssembly.dll" className="TestNamespace.TestClass7" name="Test4570" />
    </UnitTest>
    <UnitTest name="Test4571" id="c5ec65d2-4167-492d-8421-c2654d14d16b" storage="TestAssembly.dll">
      <Execution id="4af126ae-f7cf-4e46-bad4-87507347858c" />
      <TestMethod codeBase="TestAssembly.dll" className="TestNamespace.TestClass8" name="Test4571" />
    </UnitTest>
    <UnitTest name="Test4572" id="28e6b711-b2f9-403f-af92-57b4fe124cca" storage="TestAssembly.dll">
      <Execution id="7eefc3bf-90e0-4763-82b6-17060513e6eb" />
      <TestMethod codeBase="TestAssembly.dll" className="TestNamespace.TestClass8" name="Test4572" />
    </UnitTest>
    <UnitTest name="Test4573" id="c0bccca9-bef3-4904-a8e6-c856d8e64042" storage="TestAssembly.dll">
      <Execution id="590d72c2-9a77-4c8e-9795-eba3bae9d6e1" />
      <TestMethod codeBase="TestAssembly.dll" className="TestNamespace.TestClass8" name="Test4573" />
    </UnitTest>
    <UnitTest name="Test4574" id="d93169bd-83fe-4eac-9aeb-62ec3262283d" storage="TestAssembly.dll">
      <Execution id="18909c9f-c93f-4fb1-9125-d176a462bedd" />
      <TestMethod codeBase="TestAssembly.dll" className="TestNamespace.TestClass8" name="Test4574" />
    </UnitTest>
    <UnitTest name="Test4575" id="3c536ebe-86b1-4303-901d-08f3a8a14508" storage="TestAssembly.dll">
      <Execution id="75c41756-8067-4ed2-bb7c-28862600c31a" />
      <TestMethod codeBase="TestAssembly.dll" className="TestNamespace.TestClass8" name="Test4575" />
    </UnitTest>
    <UnitTest name="Test4576" id="ac980d90-178b-4f96-8783-4298c5f09a4d" storage="TestAssembly.dll">
      <Execution id="18fd3f54-ad23-4c2a-85cd-8ed007bff26a" />
      <TestMethod codeBase="TestAssembly.dll" className="TestNamespace.TestClass8" name="Test4576" />
    </UnitTest>
    <UnitTest name="Test4577" id="24f07d4d-a9d3-4963-9433-97d71dcd0917" storage="TestAssembly.dll">
      <Execution id="3832ac82-6fd9-49a6-8e00-d964d2468951" />
      <TestMethod codeBase="TestAssembly.dll" className="TestNamespace.TestClass8" name="Test4577" />
    </UnitTest>
    <UnitTest name="Test4578" id="b9f2b350-5840-4f2b-9044-4509b94c8725" storage="TestAssembly.dll">
      <Execution id="b8a170d2-dd2f-419d-9fc6-e96d8489f391" />
      <TestMethod codeBase="TestAssembly.dll" className="TestNamespace.TestClass8" name="Test4578" />
    </UnitTest>
    <UnitTest name="Test4579" id="a22536df-1ee9-4717-8987-c9791490906e" storage="TestAssembly.dll">
      <Execution id="9a97d8b7-ba45-4f38-89d9-a60e975b001f" />
      <TestMethod codeBase="TestAssembly.dll" className="TestNamespace.TestClass8" name="Test4579" />
    </UnitTest>
    <UnitTest name="Test4580" id="5d2dba8e-ce3c-4c75-b6de-6e2627428c52" storage="TestAssembly.dll">
      <Execution id="83abb89e-258b-4092-9f50-2a00c1292fdd" />
      <TestMethod codeBase="TestAssembly.dll" className="TestNamespace.TestClass8" name="Test4580" />
    </UnitTest>
    <UnitTest name="Test4581" id="b49dcccc-a8b6-4e82-b63a-44ec263b0b0e" storage="TestAssembly.dll">
      <Execution id="ed39d079-5cbe-4536-afd9-2771ffd87b65" />
      <TestMethod codeBase="TestAssembly.dll" className="TestNamespace.TestClass9" name="Test4581" />
    </UnitTest>
    <UnitTest name="Test4582" id="03ddc7dd-c1df-46f0-943f-243ac0f98556" storage="TestAssembly.dll">
      <Execution id="944490b5-2d17-4864-a463-9e587f4a2876" />
      <TestMethod codeBase="TestAssembly.dll" className="TestNamespace.TestClass9" name="Test4582" />
    </UnitTest>
    <UnitTest name="Test4583" id="94361f2c-0cad-4849-a6e4-09b92de4407b" storage="TestAssembly.dll">
      <Execution id="f8792a0d-a455-4972-b040-92c69efb3ec0" />
      <TestMethod codeBase="TestAssembly.dll" className="TestNamespace.TestClass9" name="Test4583" />
    </UnitTest>
    <UnitTest name="Test4584" id="0a7bd6c8-f90b-477e-a2a0-c3c3014fb12a" storage="TestAssembly.dll">
      <Execution id="7903ab9d-4185-4e9c-bbc5-615215f1da43" />
      <TestMethod codeBase="TestAssembly.dll" className="TestNamespace.TestClass9" name="Test4584" />
    </UnitTest>
    <UnitTest name="Test4585" id="7e4a53db-d64c-4e5a-aaec-07c07cdaa335" storage="TestAssembly.dll">
      <Execution id="d13cc921-fd1c-40da-8591-2b3db8ac9369" />
      <TestMethod codeBase="TestAssembly.dll" className="TestNamespace.TestClass9" name="Test4585" />
    </UnitTest>
    <UnitTest name="Test4586" id="c5d86409-d6a3-410f-8f18-a363eddd8588" storage="TestAssembly.dll">
      <Execution id="1f3d48a3-ef45-4ef9-9525-d6f415de4de5" />
      <TestMethod codeBase="TestAssembly.dll" className="TestNamespace.TestClass9" name="Test4586" />
    </UnitTest>
    <UnitTest name="Test4587" id="353896bb-6b79-48cc-b92e-0bdf6dbac3cc" storage="TestAssembly.dll">
      <Execution id="2404d745-5533-44d1-b58e-e7117d3c8ecc" />
      <TestMethod codeBase="TestAssembly.dll" className="TestNamespace.TestClass9" name="Test4587" />
    </UnitTest>
    <UnitTest name="Test4588" id="358874b9-d2ed-4034-8e93-48e53717bf5e" storage="TestAssembly.dll">
      <Execution id="b52ec944-0487-4c01-93be-3108a8a56289" />
      <TestMethod codeBase="TestAssembly.dll" className="TestNamespace.TestClass9" name="Test4588" />
    </UnitTest>
    <UnitTest name="Test4589" id="c9c16dd8-34dd-439d-8e47-63590324440a" storage="TestAssembly.dll">
      <Execution id="545db5ed-2caf-493b-9f44-5aedbbc9aa01" />
      <TestMethod codeBase="TestAssembly.dll" className="TestNamespace.TestClass9" name="Test4589" />
    </UnitTest>
    <UnitTest name="Test4590" id="ccbde39b-ecd8-46d8-857e-3a52fbc1e0eb" storage="TestAssembly.dll">
      <Execution id="41e0ee6a-4232-41fa-8ca7-06216d4603e0" />
      <TestMethod codeBase="TestAssembly.dll" className="TestNamespace.TestClass9" name="Test4590" />
    </UnitTest>
    <UnitTest name="Test4591" id="50b83972-fcfe-4906-96d3-ce6615d2d66c" storage="TestAssembly.dll">
      <Execution id="2ec14dbe-aaa3-4a35-8222-e07bfde9f27c" />
      <TestMethod codeBase="TestAssembly.dll" className="TestNamespace.TestClass10" name="Test4591" />
    </UnitTest>
    <UnitTest name="Test4592" id="c88c5e87-e7f5-419f-91a9-28909f8d0bb5" storage="TestAssembly.dll">
      <Execution id="d7777025-7e8c-4cba-b1a2-92dccf8e17cd" />
      <TestMethod codeBase="TestAssembly.dll" className="TestNamespace.TestClass10" name="Test4592" />
    </UnitTest>
    <UnitTest name="Test4593" id="e1616a6e-250c-45b8-89b9-97ca0077f2cd" storage="TestAssembly.dll">
      <Execution id="cc872a9d-e3e1-443b-ac97-fc2c500d318f" />
      <TestMethod codeBase="TestAssembly.dll" className="TestNamespace.TestClass10" name="Test4593" />
    </UnitTest>
    <UnitTest name="Test4594" id="4b5e2d13-5fe1-42f9-80c4-5955c12ddd4b" storage="TestAssembly.dll">
      <Execution id="1594a372-2f79-4b02-88eb-f7f13a9e4265" />
      <TestMethod codeBase="TestAssembly.dll" className="TestNamespace.TestClass10" name="Test4594" />
    </UnitTest>
    <UnitTest name="Test4595" id="8860280a-9514-4c3d-902d-77e58cededf0" storage="TestAssembly.dll">
      <Execution id="28ac64d7-1770-4b58-a19e-2eb1a651077f" />
      <TestMethod codeBase="TestAssembly.dll" className="TestNamespace.TestClass10" name="Test4595" />
    </UnitTest>
    <UnitTest name="Test4596" id="5ad44b4c-f57d-4053-a14b-22fc7d3d9829" storage="TestAssembly.dll">
      <Execution id="70e601e1-b206-4d3b-a02d-6b4c777134c4" />
      <TestMethod codeBase="TestAssembly.dll" className="TestNamespace.TestClass10" name="Test4596" />
    </UnitTest>
    <UnitTest name="Test4597" id="463ab852-5377-460e-b8f1-ca2d5bb03fc2" storage="TestAssembly.dll">
      <Execution id="ac1ee9bc-0540-45f1-8813-89d1dddb017e" />
      <TestMethod codeBase="TestAssembly.dll" className="TestNamespace.TestClass10" name="Test4597" />
    </UnitTest>
    <UnitTest name="Test4598" id="03074b98-5084-48f7-b481-95a9b24ea374" storage="TestAssembly.dll">
      <Execution id="03532884-1d18-4f90-8030-771346930ef1" />
      <TestMethod codeBase="TestAssembly.dll" className="TestNamespace.TestClass10" name="Test4598" />
    </UnitTest>
    <UnitTest name="Test4599" id="86efc058-2014-44fc-a4eb-fbfcfc6e190b" storage="TestAssembly.dll">
      <Execution id="49cf9077-6709-46e5-bc52-3a7e402302dc" />
      <TestMethod codeBase="TestAssembly.dll" className="TestNamespace.TestClass10" name="Test4599" />
    </UnitTest>
    <UnitTest name="Test4600" id="182caeca-0471-4535-ad97-bbfced188c6b" storage="TestAssembly.dll">
      <Execution id="b917ffe9-4f03-41cd-9e44-e19cfd573e27" />
      <TestMethod codeBase="TestAssembly.dll" className="TestNamespace.TestClass10" name="Test4600" />
    </UnitTest>
  </TestDefinitions>
  <TestEntries>
    <TestEntry testId="7a31e0a1-9172-4c05-9d7b-b878903798ad" executionId="5447cde0-fe40-447f-afa1-43f1f2a2911a" testListId="5d5a4a07-319f-4e55-b11f-94981c1f6bd5" />
    <TestEntry testId="3c16db46-89fb-4907-9c72-3caff343e95b" executionId="131b6112-74d3-4f7e-b2c0-83c9c9777497" testListId="5d5a4a07-319f-4e55-b11f-94981c1f6bd5" />
    <TestEntry testId="6a3b8485-4f54-43c6-af0d-7ca39da81983" executionId="7f7875e3-3634-4355-a4d0-601ee15bf8a2" testListId="5d5a4a07-319f-4e55-b11f-94981c1f6bd5" />
    <TestEntry testId="64ddaeba-26ab-449d-9e2f-3d4df820f141" executionId="f0b55a57-2700-4a0c-ab49-e0eab3d6fc2e" testListId="5d5a4a07-319f-4e55-b11f-94981c1f6bd5" />
    <TestEntry testId="3d5a3155-82b6-4b37-bf7e-e19259ca4832" executionId="b7099da3-7b96-4db8-ac4a-333324bab99d" testListId="5d5a4a07-319f-4e55-b11f-94981c1f6bd5" />
    <TestEntry testId="d44a2ea7-98e2-492e-8b7c-1bba957a12ba" executionId="692848a7-0f51-4dd3-9697-82e79b50acb5" testListId="5d5a4a07-319f-4e55-b11f-94981c1f6bd5" />
    <TestEntry testId="bcb89f95-d5d0-4a37-b356-b5324a18ebf4" executionId="8d60cc58-402d-4a1c-a880-d356be591777" testListId="5d5a4a07-319f-4e55-b11f-94981c1f6bd5" />
    <TestEntry testId="d6a6b3fa-83a5-4dbf-a42a-2653d0e4a38d" executionId="d387c509-e1b7-4390-a21d-9b8c0ae1095d" testListId="5d5a4a07-319f-4e55-b11f-94981c1f6bd5" />
    <TestEntry testId="1404dcf9-df5c-4458-889e-4c326f8d5b2e" executionId="2fa27145-f6cd-4725-ad1a-b68991a63977" testListId="5d5a4a07-319f-4e55-b11f-94981c1f6bd5" />
    <TestEntry testId="39ef21f3-8d8d-4bbc-a724-4d7097427285" executionId="eebb1395-ebf1-48d9-b8b1-a7695c085ee0" testListId="5d5a4a07-319f-4e55-b11f-94981c1f6bd5" />
    <TestEntry testId="d5a9e6e7-b169-4f2c-a8ab-23091750ca3d" executionId="d5a768de-74d6-4200-bbfd-07ddee01200a" testListId="5d5a4a07-319f-4e55-b11f-94981c1f6bd5" />
    <TestEntry testId="6aa2c39f-327c-4523-994c-f8a98b2db9db" executionId="dcf8b976-55a7-48f6-b620-c52ba2c5a9d7" testListId="5d5a4a07-319f-4e55-b11f-94981c1f6bd5" />
    <TestEntry testId="07654ce4-5b16-4e1f-8274-7b18e68ad5d9" executionId="d8731703-1a17-49d0-9b8f-c22bc1c55108" testListId="5d5a4a07-319f-4e55-b11f-94981c1f6bd5" />
    <TestEntry testId="12a46d35-62db-485e-b45b-1dc1211c00ea" executionId="05025d02-8b67-40d2-a248-00c97e70c1d8" testListId="5d5a4a07-319f-4e55-b11f-94981c1f6bd5" />
    <TestEntry testId="8bb9d67d-59c1-426b-abf8-6d1409b991aa" executionId="08645d44-1744-40d4-8e69-084efece91be" testListId="5d5a4a07-319f-4e55-b11f-94981c1f6bd5" />
    <TestEntry testId="fc721587-dd2a-4b6a-8d51-de3aa8c51b88" executionId="e7cfbb78-4bbf-4271-b377-b9e5940d7b50" testListId="5d5a4a07-319f-4e55-b11f-94981c1f6bd5" />
    <TestEntry testId="f144a6dc-0d9a-4bb2-b76b-d7de3d64c750" executionId="33a0c6b1-e3bc-44be-a439-b71dee467083" testListId="5d5a4a07-319f-4e55-b11f-94981c1f6bd5" />
    <TestEntry testId="2b02bfc8-db34-4db6-9cba-7cf813a1dca0" executionId="58dc71b5-9b54-46f5-9d26-74a85fab09ae" testListId="5d5a4a07-319f-4e55-b11f-94981c1f6bd5" />
    <TestEntry testId="c8a36e1e-a2f1-461e-8710-bd0f28536cd3" executionId="5f6fad9b-c335-4403-b820-455d06d46f17" testListId="5d5a4a07-319f-4e55-b11f-94981c1f6bd5" />
    <TestEntry testId="ca850473-dc4c-460c-8fc3-e58b8d0b2280" executionId="b462c3c8-e60d-4e9a-aadf-147a1aa04409" testListId="5d5a4a07-319f-4e55-b11f-94981c1f6bd5" />
    <TestEntry testId="803ff87e-d385-4721-bbfb-2192cba9bbb4" executionId="a19002a2-8c70-415e-b2ee-138cd517cc04" testListId="5d5a4a07-319f-4e55-b11f-94981c1f6bd5" />
    <TestEntry testId="aee14d22-d376-404d-b952-2a27bab22bb2" executionId="e3b53dd1-ea0b-4287-a8fc-a4cfa79313a8" testListId="5d5a4a07-319f-4e55-b11f-94981c1f6bd5" />
    <TestEntry testId="a3a49552-7848-4796-9933-5b2881c38089" executionId="8e1d0c54-1970-4807-8052-023e252429fe" testListId="5d5a4a07-319f-4e55-b11f-94981c1f6bd5" />
    <TestEntry testId="d97e91ec-2917-4d31-a6e5-70eb9901416b" executionId="a8f23f9d-37e2-4fe1-89c6-a332be5e2527" testListId="5d5a4a07-319f-4e55-b11f-94981c1f6bd5" />
    <TestEntry testId="26102d5c-3f56-439b-9d7e-e97d18be42a7" executionId="9c8f1b4d-fd8c-41bf-bb20-8c5871233ce8" testListId="5d5a4a07-319f-4e55-b11f-94981c1f6bd5" />
    <TestEntry testId="0ba59d22-6e9a-4775-9655-b8ed52fa6a51" executionId="8a8b7f70-04f0-45fc-bc30-934df780c249" testListId="5d5a4a07-319f-4e55-b11f-94981c1f6bd5" />
    <TestEntry testId="3e506dc0-c752-473e-934d-c5131683e6aa" executionId="7d5e1c95-d2e4-4a78-b9a5-362f11514a33" testListId="5d5a4a07-319f-4e55-b11f-94981c1f6bd5" />
    <TestEntry testId="503ac72f-ed4a-4254-81b0-2a1b1ecfbf35" executionId="6ef9c98b-1144-4ee6-9016-eb339c1ffb0b" testListId="5d5a4a07-319f-4e55-b11f-94981c1f6bd5" />
    <TestEntry testId="24a8cfed-3f7f-4e78-8b38-0e82a8feaaa2" executionId="3ad8c817-37e0-4de9-91a3-e865676eb5d0" testListId="5d5a4a07-319f-4e55-b11f-94981c1f6bd5" />
    <TestEntry testId="f703533a-6b5c-4afa-b97d-6d0368a4f28b" executionId="999641ff-824b-436a-9f31-c95a24b64bdf" testListId="5d5a4a07-319f-4e55-b11f-94981c1f6bd5" />
    <TestEntry testId="0b6e77fe-d262-43f1-88cd-304c87013497" executionId="303bf7e6-1147-4858-83c3-d91a0abc5596" testListId="5d5a4a07-319f-4e55-b11f-94981c1f6bd5" />
    <TestEntry testId="16809225-68a1-4201-bd17-e6f4a8f328a1" executionId="b0695b8e-d98d-4dda-80b3-daf57daf2be7" testListId="5d5a4a07-319f-4e55-b11f-94981c1f6bd5" />
    <TestEntry testId="5af2c263-6188-44e0-bc98-d994c2afc59c" executionId="79c22514-c26f-4e02-95e3-cfaf79243f06" testListId="5d5a4a07-319f-4e55-b11f-94981c1f6bd5" />
    <TestEntry testId="0651e6f3-b061-4ebb-99f3-b1cdf43072f4" executionId="7055685a-8935-4083-833d-89e8004b8de8" testListId="5d5a4a07-319f-4e55-b11f-94981c1f6bd5" />
    <TestEntry testId="c9624da9-c29d-46e2-93e8-1b31f35a7ffe" executionId="0d348d9d-0611-4ce5-b90b-07a4ec743c41" testListId="5d5a4a07-319f-4e55-b11f-94981c1f6bd5" />
    <TestEntry testId="19ec620f-579e-4557-a012-3685e810aef1" executionId="91507d9a-f663-41b0-b0f9-06128df296b2" testListId="5d5a4a07-319f-4e55-b11f-94981c1f6bd5" />
    <TestEntry testId="e7359fed-8a28-4dbf-955e-927ae9999af0" executionId="a7ea16e0-cb3f-4297-9a7b-51b113db4554" testListId="5d5a4a07-319f-4e55-b11f-94981c1f6bd5" />
    <TestEntry testId="f950e985-e9a1-4859-8371-2a624048fa92" executionId="181800d5-a43f-4e1c-89ac-0cdff57496bd" testListId="5d5a4a07-319f-4e55-b11f-94981c1f6bd5" />
    <TestEntry testId="19be7c07-d607-456c-ae10-8c40c0c53132" executionId="7d7a4974-02da-4029-91af-6f53af9cd4fb" testListId="5d5a4a07-319f-4e55-b11f-94981c1f6bd5" />
    <TestEntry testId="e608cd94-37fe-4530-aff6-e87ce7192569" executionId="c4d30b2a-87fc-4c68-bb14-2db7ce5c240a" testListId="5d5a4a07-319f-4e55-b11f-94981c1f6bd5" />
    <TestEntry testId="2158eaef-5aaa-4c26-9dd8-9fb2026f4830" executionId="eb81646d-ad80-4818-9903-e7995adc4111" testListId="5d5a4a07-319f-4e55-b11f-94981c1f6bd5" />
    <TestEntry testId="8778d972-c87f-4999-a197-84a2b669045c" executionId="1be26a65-037b-48a0-b1ed-573b213ec75a" testListId="5d5a4a07-319f-4e55-b11f-94981c1f6bd5" />
    <TestEntry testId="f6670326-9a12-4f48-a939-5c707f46a4cd" executionId="84a8a992-3dde-4939-9780-b1fc69b59e6a" testListId="5d5a4a07-319f-4e55-b11f-94981c1f6bd5" />
    <TestEntry testId="d865437c-b50c-4700-be1a-42cb17fb3c45" executionId="04a59de8-b44d-4dc9-88b3-eda90c4a5fb8" testListId="5d5a4a07-319f-4e55-b11f-94981c1f6bd5" />
    <TestEntry testId="efc25987-b563-46f2-88f9-bcf878b6748d" executionId="40093fc9-4fe1-4422-bd85-5ccc5be5d0d1" testListId="5d5a4a07-319f-4e55-b11f-94981c1f6bd5" />
    <TestEntry testId="d5f03d69-5893-4822-b33c-ad2c4f7f3719" executionId="79350c3c-e7d8-4a54-b45a-02b54cce1bcf" testListId="5d5a4a07-319f-4e55-b11f-94981c1f6bd5" />
    <TestEntry testId="6c7e8e6b-9f0a-4927-91b0-bc56229e5470" executionId="bdf78390-bb34-4fe0-9666-dc7885aee0d9" testListId="5d5a4a07-319f-4e55-b11f-94981c1f6bd5" />
    <TestEntry testId="326225c0-6632-45a7-9971-90c5e17edc3e" executionId="e11f2b83-bef3-4f6f-91dc-180b783bae76" testListId="5d5a4a07-319f-4e55-b11f-94981c1f6bd5" />
    <TestEntry testId="f0b1a779-d723-47cc-8832-d1290a682e87" executionId="fb39e4b4-75b1-414a-a2d5-a33d89383ca3" testListId="5d5a4a07-319f-4e55-b11f-94981c1f6bd5" />
    <TestEntry testId="bd29aa35-48f8-4c63-b22b-bd29b005c6dc" executionId="90e200c2-8990-4911-ba98-d749da2bb62d" testListId="5d5a4a07-319f-4e55-b11f-94981c1f6bd5" />
    <TestEntry testId="a34e8971-4886-45a1-9a55-1796c3558c8a" executionId="08962b07-9a77-4309-9361-838ae2d20919" testListId="5d5a4a07-319f-4e55-b11f-94981c1f6bd5" />
    <TestEntry testId="87bd2961-443b-4ed4-82f9-93305b80ca19" executionId="fe220d11-ee3e-4fc0-a806-6e199a75572d" testListId="5d5a4a07-319f-4e55-b11f-94981c1f6bd5" />
    <TestEntry testId="f2051421-f70b-4252-b06a-cc6af8410d72" executionId="defbb9ae-ca6e-49fc-9377-ec821845d6e3" testListId="5d5a4a07-319f-4e55-b11f-94981c1f6bd5" />
    <TestEntry testId="20ec92a4-2af4-462f-a84e-d535919257b3" executionId="631841b3-36c7-43e9-a2e5-50116435ff43" testListId="5d5a4a07-319f-4e55-b11f-94981c1f6bd5" />
    <TestEntry testId="6d84331a-2fe7-4a8f-9574-6a661d528f68" executionId="4d3abfa6-c3ce-4c48-be02-bad9dcdbe045" testListId="5d5a4a07-319f-4e55-b11f-94981c1f6bd5" />
    <TestEntry testId="94863fb2-07f1-4734-8c29-1f014c6d99df" executionId="19b8a359-ad69-42ce-9d30-8adc549d7053" testListId="5d5a4a07-319f-4e55-b11f-94981c1f6bd5" />
    <TestEntry testId="6d427c46-ec24-4242-bc0d-32dd3a75aec6" executionId="f2b3520f-bfc5-4b1f-97fb-0d2e81581af1" testListId="5d5a4a07-319f-4e55-b11f-94981c1f6bd5" />
    <TestEntry testId="6e474c87-eee4-4b6c-8aa9-9b5d8e294271" executionId="b2c20cb2-3a13-4f8f-af67-0bf68bd244ae" testListId="5d5a4a07-319f-4e55-b11f-94981c1f6bd5" />
    <TestEntry testId="92f3d98e-d88c-4f21-a2b3-095a3c8b754d" executionId="ab7bee94-58f9-4154-97f9-65c45a351a15" testListId="5d5a4a07-319f-4e55-b11f-94981c1f6bd5" />
    <TestEntry testId="22290de5-1e79-451d-bdc7-64ebb7c8d49b" executionId="81a4add9-f399-4d02-ad81-da1aabfcbc84" testListId="5d5a4a07-319f-4e55-b11f-94981c1f6bd5" />
    <TestEntry testId="8a207e91-bac7-4d3b-8990-2e2db14de1fb" executionId="6109967e-d3fb-4489-8da5-de96643eaf52" testListId="5d5a4a07-319f-4e55-b11f-94981c1f6bd5" />
    <TestEntry testId="90540dcb-1267-45f9-a920-b1dda67fb63f" executionId="933f419f-2206-41d5-96aa-68e93554a277" testListId="5d5a4a07-319f-4e55-b11f-94981c1f6bd5" />
    <TestEntry testId="c2d9a8be-e3ef-4389-bf43-c833620fb658" executionId="5f4a9d8b-2299-4415-9548-b2e58a1ec292" testListId="5d5a4a07-319f-4e55-b11f-94981c1f6bd5" />
    <TestEntry testId="4e822b5e-6138-4af9-b11b-9dc12933d231" executionId="a1c45151-1d28-4c63-9d4f-2816394529e2" testListId="5d5a4a07-319f-4e55-b11f-94981c1f6bd5" />
    <TestEntry testId="7797748f-aa46-4669-83d6-c57762d63dd9" executionId="9a81d296-6527-450f-812f-af5dc98d6d8b" testListId="5d5a4a07-319f-4e55-b11f-94981c1f6bd5" />
    <TestEntry testId="b326436b-9ec7-441d-81cd-598b72adb767" executionId="ec188e0f-f65b-47cd-aae7-9cf2f3889800" testListId="5d5a4a07-319f-4e55-b11f-94981c1f6bd5" />
    <TestEntry testId="5e053c24-16dc-4845-a350-a736750bd2ee" executionId="72b1d864-6bf8-4b1e-a85b-cd228e731ff3" testListId="5d5a4a07-319f-4e55-b11f-94981c1f6bd5" />
    <TestEntry testId="64bf2e2f-6716-498f-8c32-a3b935d469dd" executionId="6cb02ec3-34bb-4c62-b447-93fa171ddde9" testListId="5d5a4a07-319f-4e55-b11f-94981c1f6bd5" />
    <TestEntry testId="d5159609-c873-45a2-96a3-0686daf2765d" executionId="6212c4d2-0bee-408b-8437-43d459271ee2" testListId="5d5a4a07-319f-4e55-b11f-94981c1f6bd5" />
    <TestEntry testId="9445f633-bd86-43bc-81f5-0cab6f70eb9b" executionId="2e810028-331d-49eb-86cd-ce93bb54d2b7" testListId="5d5a4a07-319f-4e55-b11f-94981c1f6bd5" />
    <TestEntry testId="c5ec65d2-4167-492d-8421-c2654d14d16b" executionId="4af126ae-f7cf-4e46-bad4-87507347858c" testListId="5d5a4a07-319f-4e55-b11f-94981c1f6bd5" />
    <TestEntry testId="28e6b711-b2f9-403f-af92-57b4fe124cca" executionId="7eefc3bf-90e0-4763-82b6-17060513e6eb" testListId="5d5a4a07-319f-4e55-b11f-94981c1f6bd5" />
    <TestEntry testId="c0bccca9-bef3-4904-a8e6-c856d8e64042" executionId="590d72c2-9a77-4c8e-9795-eba3bae9d6e1" testListId="5d5a4a07-319f-4e55-b11f-94981c1f6bd5" />
    <TestEntry testId="d93169bd-83fe-4eac-9aeb-62ec3262283d" executionId="18909c9f-c93f-4fb1-9125-d176a462bedd" testListId="5d5a4a07-319f-4e55-b11f-94981c1f6bd5" />
    <TestEntry testId="3c536ebe-86b1-4303-901d-08f3a8a14508" executionId="75c41756-8067-4ed2-bb7c-28862600c31a" testListId="5d5a4a07-319f-4e55-b11f-94981c1f6bd5" />
    <TestEntry testId="ac980d90-178b-4f96-8783-4298c5f09a4d" executionId="18fd3f54-ad23-4c2a-85cd-8ed007bff26a" testListId="5d5a4a07-319f-4e55-b11f-94981c1f6bd5" />
    <TestEntry testId="24f07d4d-a9d3-4963-9433-97d71dcd0917" executionId="3832ac82-6fd9-49a6-8e00-d964d2468951" testListId="5d5a4a07-319f-4e55-b11f-94981c1f6bd5" />
    <TestEntry testId="b9f2b350-5840-4f2b-9044-4509b94c8725" executionId="b8a170d2-dd2f-419d-9fc6-e96d8489f391" testListId="5d5a4a07-319f-4e55-b11f-94981c1f6bd5" />
    <TestEntry testId="a22536df-1ee9-4717-8987-c9791490906e" executionId="9a97d8b7-ba45-4f38-89d9-a60e975b001f" testListId="5d5a4a07-319f-4e55-b11f-94981c1f6bd5" />
    <TestEntry testId="5d2dba8e-ce3c-4c75-b6de-6e2627428c52" executionId="83abb89e-258b-4092-9f50-2a00c1292fdd" testListId="5d5a4a07-319f-4e55-b11f-94981c1f6bd5" />
    <TestEntry testId="b49dcccc-a8b6-4e82-b63a-44ec263b0b0e" executionId="ed39d079-5cbe-4536-afd9-2771ffd87b65" testListId="5d5a4a07-319f-4e55-b11f-94981c1f6bd5" />
    <TestEntry testId="03ddc7dd-c1df-46f0-943f-243ac0f98556" executionId="944490b5-2d17-4864-a463-9e587f4a2876" testListId="5d5a4a07-319f-4e55-b11f-94981c1f6bd5" />
    <TestEntry testId="94361f2c-0cad-4849-a6e4-09b92de4407b" executionId="f8792a0d-a455-4972-b040-92c69efb3ec0" testListId="5d5a4a07-319f-4e55-b11f-94981c1f6bd5" />
    <TestEntry testId="0a7bd6c8-f90b-477e-a2a0-c3c3014fb12a" executionId="7903ab9d-4185-4e9c-bbc5-615215f1da43" testListId="5d5a4a07-319f-4e55-b11f-94981c1f6bd5" />
    <TestEntry testId="7e4a53db-d64c-4e5a-aaec-07c07cdaa335" executionId="d13cc921-fd1c-40da-8591-2b3db8ac9369" testListId="5d5a4a07-319f-4e55-b11f-94981c1f6bd5" />
    <TestEntry testId="c5d86409-d6a3-410f-8f18-a363eddd8588" executionId="1f3d48a3-ef45-4ef9-9525-d6f415de4de5" testListId="5d5a4a07-319f-4e55-b11f-94981c1f6bd5" />
    <TestEntry testId="353896bb-6b79-48cc-b92e-0bdf6dbac3cc" executionId="2404d745-5533-44d1-b58e-e7117d3c8ecc" testListId="5d5a4a07-319f-4e55-b11f-94981c1f6bd5" />
    <TestEntry testId="358874b9-d2ed-4034-8e93-48e53717bf5e" executionId="b52ec944-0487-4c01-93be-3108a8a56289" testListId="5d5a4a07-319f-4e55-b11f-94981c1f6bd5" />
    <TestEntry testId="c9c16dd8-34dd-439d-8e47-63590324440a" executionId="545db5ed-2caf-493b-9f44-5aedbbc9aa01" testListId="5d5a4a07-319f-4e55-b11f-94981c1f6bd5" />
    <TestEntry testId="ccbde39b-ecd8-46d8-857e-3a52fbc1e0eb" executionId="41e0ee6a-4232-41fa-8ca7-06216d4603e0" testListId="5d5a4a07-319f-4e55-b11f-94981c1f6bd5" />
    <TestEntry testId="50b83972-fcfe-4906-96d3-ce6615d2d66c" executionId="2ec14dbe-aaa3-4a35-8222-e07bfde9f27c" testListId="5d5a4a07-319f-4e55-b11f-94981c1f6bd5" />
    <TestEntry testId="c88c5e87-e7f5-419f-91a9-28909f8d0bb5" executionId="d7777025-7e8c-4cba-b1a2-92dccf8e17cd" testListId="5d5a4a07-319f-4e55-b11f-94981c1f6bd5" />
    <TestEntry testId="e1616a6e-250c-45b8-89b9-97ca0077f2cd" executionId="cc872a9d-e3e1-443b-ac97-fc2c500d318f" testListId="5d5a4a07-319f-4e55-b11f-94981c1f6bd5" />
    <TestEntry testId="4b5e2d13-5fe1-42f9-80c4-5955c12ddd4b" executionId="1594a372-2f79-4b02-88eb-f7f13a9e4265" testListId="5d5a4a07-319f-4e55-b11f-94981c1f6bd5" />
    <TestEntry testId="8860280a-9514-4c3d-902d-77e58cededf0" executionId="28ac64d7-1770-4b58-a19e-2eb1a651077f" testListId="5d5a4a07-319f-4e55-b11f-94981c1f6bd5" />
    <TestEntry testId="5ad44b4c-f57d-4053-a14b-22fc7d3d9829" executionId="70e601e1-b206-4d3b-a02d-6b4c777134c4" testListId="5d5a4a07-319f-4e55-b11f-94981c1f6bd5" />
    <TestEntry testId="463ab852-5377-460e-b8f1-ca2d5bb03fc2" executionId="ac1ee9bc-0540-45f1-8813-89d1dddb017e" testListId="5d5a4a07-319f-4e55-b11f-94981c1f6bd5" />
    <TestEntry testId="03074b98-5084-48f7-b481-95a9b24ea374" executionId="03532884-1d18-4f90-8030-771346930ef1" testListId="5d5a4a07-319f-4e55-b11f-94981c1f6bd5" />
    <TestEntry testId="86efc058-2014-44fc-a4eb-fbfcfc6e190b" executionId="49cf9077-6709-46e5-bc52-3a7e402302dc" testListId="5d5a4a07-319f-4e55-b11f-94981c1f6bd5" />
    <TestEntry testId="182caeca-0471-4535-ad97-bbfced188c6b" executionId="b917ffe9-4f03-41cd-9e44-e19cfd573e27" testListId="5d5a4a07-319f-4e55-b11f-94981c1f6bd5" />
  </TestEntries>
  <TestLists>
    <TestList name="Results Not in a List" id="5d5a4a07-319f-4e55-b11f-94981c1f6bd5" />
    <TestList name="All Loaded Results" id="2005db68-2028-4aae-bd2c-af4434f64a69" />
  </TestLists>
</TestRun>