<?xml version="1.0" encoding="UTF-8"?>
<TestRun id="a63c6c20-c4ae-4d3d-953a-d4f4a999a452" name="Test Run 78" runUser="Oles Galatsan" xmlns="http://microsoft.com/schemas/VisualStudio/TeamTest/2010">
  <Times creation="2025-05-14T13:20:31.3125482Z" queuing="2025-05-14T13:20:31.3125482Z" start="2025-05-14T13:20:31.3146610Z" finish="2025-05-14T13:25:31.3147553Z" />
  <TestSettings name="Test Settings 78" id="6a398774-2fe0-4ed5-a6da-5abe5e7daa8d" />
  <Results>
    <UnitTestResult executionId="49f26aeb-5549-4966-a8a0-cc0529aaef6f" testId="fb3b2587-a7af-4868-a92b-70ff621630ad" testName="Test7701" computerName="UA-LPT-OGA2" duration="00:00:01.9260000" startTime="2025-05-14T13:20:31.3146610Z" endTime="2025-05-14T13:25:31.3147553Z" testType="13cdc9d9-ddb5-4fa4-a97d-d965ccfc6d4b" outcome="Passed" testListId="31b3c1e4-27e8-474e-9045-0ae24d797e1b" />
    <UnitTestResult executionId="8724e751-220c-4910-856f-a1f0d4112c9d" testId="f9ec136e-99b9-4c7e-8a7c-b50795c9408a" testName="Test7702" computerName="UA-LPT-OGA2" duration="00:00:00.6010000" startTime="2025-05-14T13:20:31.3146610Z" endTime="2025-05-14T13:25:31.3147553Z" testType="13cdc9d9-ddb5-4fa4-a97d-d965ccfc6d4b" outcome="Passed" testListId="31b3c1e4-27e8-474e-9045-0ae24d797e1b" />
    <UnitTestResult executionId="f8ab5080-dc02-4224-8003-7de60b39f380" testId="1fcccca4-833f-4f39-8a50-c53a2ebe8fab" testName="Test7703" computerName="UA-LPT-OGA2" duration="00:00:00.2860000" startTime="2025-05-14T13:20:31.3146610Z" endTime="2025-05-14T13:25:31.3147553Z" testType="13cdc9d9-ddb5-4fa4-a97d-d965ccfc6d4b" outcome="Passed" testListId="31b3c1e4-27e8-474e-9045-0ae24d797e1b" />
    <UnitTestResult executionId="d9872da3-31d4-4ea9-9b44-d76cc8ac58dd" testId="33b562a3-bd97-4790-aa45-130b43485d1d" testName="Test7704" computerName="UA-LPT-OGA2" duration="00:00:00.5910000" startTime="2025-05-14T13:20:31.3146610Z" endTime="2025-05-14T13:25:31.3147553Z" testType="13cdc9d9-ddb5-4fa4-a97d-d965ccfc6d4b" outcome="Passed" testListId="31b3c1e4-27e8-474e-9045-0ae24d797e1b" />
    <UnitTestResult executionId="3193483f-56ae-4dbb-977c-4059ec9d27d9" testId="96bd6198-c552-497d-b943-b46af56ebe15" testName="Test7705" computerName="UA-LPT-OGA2" duration="00:00:00.2770000" startTime="2025-05-14T13:20:31.3146610Z" endTime="2025-05-14T13:25:31.3147553Z" testType="13cdc9d9-ddb5-4fa4-a97d-d965ccfc6d4b" outcome="Passed" testListId="31b3c1e4-27e8-474e-9045-0ae24d797e1b" />
    <UnitTestResult executionId="5c00e00f-c74b-4e72-9a86-53ed6d0f8495" testId="022be854-219f-4df1-a385-7633f29d2d6c" testName="Test7706" computerName="UA-LPT-OGA2" duration="00:00:00.1250000" startTime="2025-05-14T13:20:31.3146610Z" endTime="2025-05-14T13:25:31.3147553Z" testType="13cdc9d9-ddb5-4fa4-a97d-d965ccfc6d4b" outcome="Passed" testListId="31b3c1e4-27e8-474e-9045-0ae24d797e1b" />
    <UnitTestResult executionId="41496588-da4d-4ac9-a6c3-1640b99c7e08" testId="a2c5fbc0-0c21-4461-ae37-6ed2e7c1b814" testName="Test7707" computerName="UA-LPT-OGA2" duration="00:00:00.1060000" startTime="2025-05-14T13:20:31.3146610Z" endTime="2025-05-14T13:25:31.3147553Z" testType="13cdc9d9-ddb5-4fa4-a97d-d965ccfc6d4b" outcome="Passed" testListId="31b3c1e4-27e8-474e-9045-0ae24d797e1b" />
    <UnitTestResult executionId="87e697d1-ceda-450a-a8df-b114dcf95584" testId="08ec13d2-253d-41d7-8e1c-c1242b65b2b9" testName="Test7708" computerName="UA-LPT-OGA2" duration="00:00:01.1640000" startTime="2025-05-14T13:20:31.3146610Z" endTime="2025-05-14T13:25:31.3147553Z" testType="13cdc9d9-ddb5-4fa4-a97d-d965ccfc6d4b" outcome="Passed" testListId="31b3c1e4-27e8-474e-9045-0ae24d797e1b" />
    <UnitTestResult executionId="08446094-933f-438b-b469-d7c2fa44af79" testId="2824d835-0dec-41e1-921d-c20ee657330d" testName="Test7709" computerName="UA-LPT-OGA2" duration="00:00:01.9750000" startTime="2025-05-14T13:20:31.3146610Z" endTime="2025-05-14T13:25:31.3147553Z" testType="13cdc9d9-ddb5-4fa4-a97d-d965ccfc6d4b" outcome="Passed" testListId="31b3c1e4-27e8-474e-9045-0ae24d797e1b" />
    <UnitTestResult executionId="432205b0-eda3-499d-a91e-d5f7af26ceb0" testId="84242315-9768-4779-a70c-628fdd5b6e2b" testName="Test7710" computerName="UA-LPT-OGA2" duration="00:00:01.8640000" startTime="2025-05-14T13:20:31.3146610Z" endTime="2025-05-14T13:25:31.3147553Z" testType="13cdc9d9-ddb5-4fa4-a97d-d965ccfc6d4b" outcome="Passed" testListId="31b3c1e4-27e8-474e-9045-0ae24d797e1b" />
    <UnitTestResult executionId="3b967a2f-9c44-4fb7-9483-fcfa5017ee48" testId="2b324100-d5b1-4980-b0cf-e0590265f231" testName="Test7711" computerName="UA-LPT-OGA2" duration="00:00:00.4580000" startTime="2025-05-14T13:20:31.3146610Z" endTime="2025-05-14T13:25:31.3147553Z" testType="13cdc9d9-ddb5-4fa4-a97d-d965ccfc6d4b" outcome="Passed" testListId="31b3c1e4-27e8-474e-9045-0ae24d797e1b" />
    <UnitTestResult executionId="269bd313-9856-4019-85a3-8ec78b27ccd6" testId="0141d673-f13c-432f-bb1a-01819085b543" testName="Test7712" computerName="UA-LPT-OGA2" duration="00:00:01.2090000" startTime="2025-05-14T13:20:31.3146610Z" endTime="2025-05-14T13:25:31.3147553Z" testType="13cdc9d9-ddb5-4fa4-a97d-d965ccfc6d4b" outcome="Passed" testListId="31b3c1e4-27e8-474e-9045-0ae24d797e1b" />
    <UnitTestResult executionId="0d77499c-10b5-41ab-89b9-b00dd1dfef90" testId="88ab7335-fbb2-4467-b995-30744a9c92af" testName="Test7713" computerName="UA-LPT-OGA2" duration="00:00:01.7200000" startTime="2025-05-14T13:20:31.3146610Z" endTime="2025-05-14T13:25:31.3147553Z" testType="13cdc9d9-ddb5-4fa4-a97d-d965ccfc6d4b" outcome="Passed" testListId="31b3c1e4-27e8-474e-9045-0ae24d797e1b" />
    <UnitTestResult executionId="905806cb-0e79-41f1-8481-a26edb6d422c" testId="eb5eb6f5-41c4-49b6-8c52-07056bf8ae3a" testName="Test7714" computerName="UA-LPT-OGA2" duration="00:00:00.3400000" startTime="2025-05-14T13:20:31.3146610Z" endTime="2025-05-14T13:25:31.3147553Z" testType="13cdc9d9-ddb5-4fa4-a97d-d965ccfc6d4b" outcome="Failed" testListId="31b3c1e4-27e8-474e-9045-0ae24d797e1b">
      <Output>
        <ErrorInfo>
          <Message>Assertion failed: Expected value did not match actual value.</Message>
          <StackTrace>   at TestNamespace.TestClass.Test() in TestClass.cs:line 494</StackTrace>
        </ErrorInfo>
      </Output>
    </UnitTestResult>
    <UnitTestResult executionId="ed156fab-af2a-4904-830d-37226154a9e8" testId="5abdda1e-4d01-4d5c-9049-2e9dcba5357c" testName="Test7715" computerName="UA-LPT-OGA2" duration="00:00:00.7650000" startTime="2025-05-14T13:20:31.3146610Z" endTime="2025-05-14T13:25:31.3147553Z" testType="13cdc9d9-ddb5-4fa4-a97d-d965ccfc6d4b" outcome="Passed" testListId="31b3c1e4-27e8-474e-9045-0ae24d797e1b" />
    <UnitTestResult executionId="55ce6d93-6bba-422f-bf97-dc342897d1d4" testId="57a64931-a071-49a2-9043-94fad8777b79" testName="Test7716" computerName="UA-LPT-OGA2" duration="00:00:00.5570000" startTime="2025-05-14T13:20:31.3146610Z" endTime="2025-05-14T13:25:31.3147553Z" testType="13cdc9d9-ddb5-4fa4-a97d-d965ccfc6d4b" outcome="Passed" testListId="31b3c1e4-27e8-474e-9045-0ae24d797e1b" />
    <UnitTestResult executionId="33513e16-ff8e-4cdc-99e0-d7b434b90740" testId="22d4fb1a-7113-41d9-a863-0635b9b44ba6" testName="Test7717" computerName="UA-LPT-OGA2" duration="00:00:01.9520000" startTime="2025-05-14T13:20:31.3146610Z" endTime="2025-05-14T13:25:31.3147553Z" testType="13cdc9d9-ddb5-4fa4-a97d-d965ccfc6d4b" outcome="Passed" testListId="31b3c1e4-27e8-474e-9045-0ae24d797e1b" />
    <UnitTestResult executionId="dc2d1351-b960-4846-93d6-9ff307dd2824" testId="76b62b12-2861-426c-b4b2-3166e6b53567" testName="Test7718" computerName="UA-LPT-OGA2" duration="00:00:01.3520000" startTime="2025-05-14T13:20:31.3146610Z" endTime="2025-05-14T13:25:31.3147553Z" testType="13cdc9d9-ddb5-4fa4-a97d-d965ccfc6d4b" outcome="Passed" testListId="31b3c1e4-27e8-474e-9045-0ae24d797e1b" />
    <UnitTestResult executionId="9220f24b-f50e-4f72-895f-4d5e3a98e842" testId="48ff50cb-3675-481c-abad-e307af8edef7" testName="Test7719" computerName="UA-LPT-OGA2" duration="00:00:01.8250000" startTime="2025-05-14T13:20:31.3146610Z" endTime="2025-05-14T13:25:31.3147553Z" testType="13cdc9d9-ddb5-4fa4-a97d-d965ccfc6d4b" outcome="Passed" testListId="31b3c1e4-27e8-474e-9045-0ae24d797e1b" />
    <UnitTestResult executionId="ebb349f7-d505-4d19-b7ad-dc8fe41ebbbc" testId="68f98359-dd44-4951-aacf-b41e61c04df7" testName="Test7720" computerName="UA-LPT-OGA2" duration="00:00:01.7750000" startTime="2025-05-14T13:20:31.3146610Z" endTime="2025-05-14T13:25:31.3147553Z" testType="13cdc9d9-ddb5-4fa4-a97d-d965ccfc6d4b" outcome="Passed" testListId="31b3c1e4-27e8-474e-9045-0ae24d797e1b" />
    <UnitTestResult executionId="212ffa28-ab50-4afa-9a43-8c849b4e678a" testId="b34adf11-fdbe-453d-bc7e-990703f4377a" testName="Test7721" computerName="UA-LPT-OGA2" duration="00:00:00.3170000" startTime="2025-05-14T13:20:31.3146610Z" endTime="2025-05-14T13:25:31.3147553Z" testType="13cdc9d9-ddb5-4fa4-a97d-d965ccfc6d4b" outcome="Passed" testListId="31b3c1e4-27e8-474e-9045-0ae24d797e1b" />
    <UnitTestResult executionId="a9a7ac3c-13f9-40b8-b88d-a5b86534fdb6" testId="d33d7ffd-3322-4de1-a705-fa4b60497808" testName="Test7722" computerName="UA-LPT-OGA2" duration="00:00:01.7330000" startTime="2025-05-14T13:20:31.3146610Z" endTime="2025-05-14T13:25:31.3147553Z" testType="13cdc9d9-ddb5-4fa4-a97d-d965ccfc6d4b" outcome="Passed" testListId="31b3c1e4-27e8-474e-9045-0ae24d797e1b" />
    <UnitTestResult executionId="f32368a5-0674-40b5-8ae2-02b90d85f265" testId="2b9cfe76-7e51-4231-9706-d7796e4d8366" testName="Test7723" computerName="UA-LPT-OGA2" duration="00:00:00.6430000" startTime="2025-05-14T13:20:31.3146610Z" endTime="2025-05-14T13:25:31.3147553Z" testType="13cdc9d9-ddb5-4fa4-a97d-d965ccfc6d4b" outcome="Passed" testListId="31b3c1e4-27e8-474e-9045-0ae24d797e1b" />
    <UnitTestResult executionId="012e790b-7a77-43aa-9c35-65f15999c162" testId="79e31d97-29a7-4b25-9634-b82fb59d5444" testName="Test7724" computerName="UA-LPT-OGA2" duration="00:00:01.8980000" startTime="2025-05-14T13:20:31.3146610Z" endTime="2025-05-14T13:25:31.3147553Z" testType="13cdc9d9-ddb5-4fa4-a97d-d965ccfc6d4b" outcome="Passed" testListId="31b3c1e4-27e8-474e-9045-0ae24d797e1b" />
    <UnitTestResult executionId="01b01d5c-4d1e-446d-af60-f6e3ce277f7a" testId="e249ac81-7298-44b4-9999-76cb7a5e5b53" testName="Test7725" computerName="UA-LPT-OGA2" duration="00:00:00.6980000" startTime="2025-05-14T13:20:31.3146610Z" endTime="2025-05-14T13:25:31.3147553Z" testType="13cdc9d9-ddb5-4fa4-a97d-d965ccfc6d4b" outcome="Passed" testListId="31b3c1e4-27e8-474e-9045-0ae24d797e1b" />
    <UnitTestResult executionId="c06c4739-b618-4989-ab1f-acb238372229" testId="17e700e1-b4d3-4508-9f8c-3211691ccdce" testName="Test7726" computerName="UA-LPT-OGA2" duration="00:00:00.3560000" startTime="2025-05-14T13:20:31.3146610Z" endTime="2025-05-14T13:25:31.3147553Z" testType="13cdc9d9-ddb5-4fa4-a97d-d965ccfc6d4b" outcome="Passed" testListId="31b3c1e4-27e8-474e-9045-0ae24d797e1b" />
    <UnitTestResult executionId="b532529c-3c29-4ebe-87b7-f554c2a71eaa" testId="5eccab74-b331-476c-a1a7-54e278124164" testName="Test7727" computerName="UA-LPT-OGA2" duration="00:00:00.2700000" startTime="2025-05-14T13:20:31.3146610Z" endTime="2025-05-14T13:25:31.3147553Z" testType="13cdc9d9-ddb5-4fa4-a97d-d965ccfc6d4b" outcome="Passed" testListId="31b3c1e4-27e8-474e-9045-0ae24d797e1b" />
    <UnitTestResult executionId="51f5bf68-f15f-433a-8b3e-4589a0ae98ce" testId="28af3a46-9fd0-4637-a8c9-5f03449011b4" testName="Test7728" computerName="UA-LPT-OGA2" duration="00:00:01.7860000" startTime="2025-05-14T13:20:31.3146610Z" endTime="2025-05-14T13:25:31.3147553Z" testType="13cdc9d9-ddb5-4fa4-a97d-d965ccfc6d4b" outcome="Passed" testListId="31b3c1e4-27e8-474e-9045-0ae24d797e1b" />
    <UnitTestResult executionId="474e0e54-5edf-4bfb-8c08-011398fdd013" testId="d66e5b6b-e885-4110-8f5b-c6e6f1234b4b" testName="Test7729" computerName="UA-LPT-OGA2" duration="00:00:00.5750000" startTime="2025-05-14T13:20:31.3146610Z" endTime="2025-05-14T13:25:31.3147553Z" testType="13cdc9d9-ddb5-4fa4-a97d-d965ccfc6d4b" outcome="Passed" testListId="31b3c1e4-27e8-474e-9045-0ae24d797e1b" />
    <UnitTestResult executionId="a8136b95-e728-402e-842b-4ae2f7d436f3" testId="cb41f7db-b756-4649-b8e1-a86f9d6189e5" testName="Test7730" computerName="UA-LPT-OGA2" duration="00:00:00.4940000" startTime="2025-05-14T13:20:31.3146610Z" endTime="2025-05-14T13:25:31.3147553Z" testType="13cdc9d9-ddb5-4fa4-a97d-d965ccfc6d4b" outcome="Passed" testListId="31b3c1e4-27e8-474e-9045-0ae24d797e1b" />
    <UnitTestResult executionId="988086f8-d561-464a-89f0-10f8a3aaf330" testId="b0212737-86ee-4c92-bea7-0b974edd27c2" testName="Test7731" computerName="UA-LPT-OGA2" duration="00:00:00.5280000" startTime="2025-05-14T13:20:31.3146610Z" endTime="2025-05-14T13:25:31.3147553Z" testType="13cdc9d9-ddb5-4fa4-a97d-d965ccfc6d4b" outcome="Passed" testListId="31b3c1e4-27e8-474e-9045-0ae24d797e1b" />
    <UnitTestResult executionId="60190143-5b11-4346-b4c8-2a36d4c653d7" testId="15d9f04b-29ea-4e7d-8132-aae76fbbf074" testName="Test7732" computerName="UA-LPT-OGA2" duration="00:00:00.4540000" startTime="2025-05-14T13:20:31.3146610Z" endTime="2025-05-14T13:25:31.3147553Z" testType="13cdc9d9-ddb5-4fa4-a97d-d965ccfc6d4b" outcome="Passed" testListId="31b3c1e4-27e8-474e-9045-0ae24d797e1b" />
    <UnitTestResult executionId="ff452d81-a1ef-4134-b5ac-acca2d34e60f" testId="b7497462-1182-459d-beb9-796978caa9f1" testName="Test7733" computerName="UA-LPT-OGA2" duration="00:00:00.9690000" startTime="2025-05-14T13:20:31.3146610Z" endTime="2025-05-14T13:25:31.3147553Z" testType="13cdc9d9-ddb5-4fa4-a97d-d965ccfc6d4b" outcome="Passed" testListId="31b3c1e4-27e8-474e-9045-0ae24d797e1b" />
    <UnitTestResult executionId="4f6ee10f-497e-4be0-814c-778d0a237296" testId="c5581ab8-020b-4b2f-aeca-168a3841cd80" testName="Test7734" computerName="UA-LPT-OGA2" duration="00:00:01.7900000" startTime="2025-05-14T13:20:31.3146610Z" endTime="2025-05-14T13:25:31.3147553Z" testType="13cdc9d9-ddb5-4fa4-a97d-d965ccfc6d4b" outcome="Passed" testListId="31b3c1e4-27e8-474e-9045-0ae24d797e1b" />
    <UnitTestResult executionId="9902b9b2-41ee-451d-a01a-4e0483978033" testId="9c7d4a27-a3f9-4caf-afb5-f7ade6a69158" testName="Test7735" computerName="UA-LPT-OGA2" duration="00:00:01.1340000" startTime="2025-05-14T13:20:31.3146610Z" endTime="2025-05-14T13:25:31.3147553Z" testType="13cdc9d9-ddb5-4fa4-a97d-d965ccfc6d4b" outcome="Passed" testListId="31b3c1e4-27e8-474e-9045-0ae24d797e1b" />
    <UnitTestResult executionId="75f6df66-8772-427e-8fbe-dca5ff9b4225" testId="3df91c2a-582e-4b3a-a514-85c01e1a1b7b" testName="Test7736" computerName="UA-LPT-OGA2" duration="00:00:01.3740000" startTime="2025-05-14T13:20:31.3146610Z" endTime="2025-05-14T13:25:31.3147553Z" testType="13cdc9d9-ddb5-4fa4-a97d-d965ccfc6d4b" outcome="Passed" testListId="31b3c1e4-27e8-474e-9045-0ae24d797e1b" />
    <UnitTestResult executionId="5d95b700-221d-475e-a906-9923b9ba4f79" testId="6b96409c-6e23-426d-93c3-ab58fae58f59" testName="Test7737" computerName="UA-LPT-OGA2" duration="00:00:01.2420000" startTime="2025-05-14T13:20:31.3146610Z" endTime="2025-05-14T13:25:31.3147553Z" testType="13cdc9d9-ddb5-4fa4-a97d-d965ccfc6d4b" outcome="Passed" testListId="31b3c1e4-27e8-474e-9045-0ae24d797e1b" />
    <UnitTestResult executionId="6ab7de0b-e2d5-4d93-864b-b0f22ad8fa39" testId="1cfd2e74-ca26-4ff1-a8f0-2213f2006bf8" testName="Test7738" computerName="UA-LPT-OGA2" duration="00:00:01.0190000" startTime="2025-05-14T13:20:31.3146610Z" endTime="2025-05-14T13:25:31.3147553Z" testType="13cdc9d9-ddb5-4fa4-a97d-d965ccfc6d4b" outcome="Passed" testListId="31b3c1e4-27e8-474e-9045-0ae24d797e1b" />
    <UnitTestResult executionId="2e85a5cc-8b27-4a88-aa3c-23da06a3753f" testId="70aa049f-674a-4666-a1d1-6f7c75e08cdd" testName="Test7739" computerName="UA-LPT-OGA2" duration="00:00:01.6200000" startTime="2025-05-14T13:20:31.3146610Z" endTime="2025-05-14T13:25:31.3147553Z" testType="13cdc9d9-ddb5-4fa4-a97d-d965ccfc6d4b" outcome="Passed" testListId="31b3c1e4-27e8-474e-9045-0ae24d797e1b" />
    <UnitTestResult executionId="c68de52a-4308-454c-adf0-2123fb349aeb" testId="453599a5-4805-4bf3-9b87-4ec050fe14fa" testName="Test7740" computerName="UA-LPT-OGA2" duration="00:00:00.4900000" startTime="2025-05-14T13:20:31.3146610Z" endTime="2025-05-14T13:25:31.3147553Z" testType="13cdc9d9-ddb5-4fa4-a97d-d965ccfc6d4b" outcome="Passed" testListId="31b3c1e4-27e8-474e-9045-0ae24d797e1b" />
    <UnitTestResult executionId="2f7c3c44-4c26-4724-9a1a-54ece99a3213" testId="e8398aa4-75f0-4fc8-b200-0ac1a669354f" testName="Test7741" computerName="UA-LPT-OGA2" duration="00:00:01.3420000" startTime="2025-05-14T13:20:31.3146610Z" endTime="2025-05-14T13:25:31.3147553Z" testType="13cdc9d9-ddb5-4fa4-a97d-d965ccfc6d4b" outcome="Passed" testListId="31b3c1e4-27e8-474e-9045-0ae24d797e1b" />
    <UnitTestResult executionId="e527a289-2cdd-431a-8cd8-cdf5584fe52b" testId="9a643bfc-5fef-4fe2-834e-602caf84e7b3" testName="Test7742" computerName="UA-LPT-OGA2" duration="00:00:01.4880000" startTime="2025-05-14T13:20:31.3146610Z" endTime="2025-05-14T13:25:31.3147553Z" testType="13cdc9d9-ddb5-4fa4-a97d-d965ccfc6d4b" outcome="Passed" testListId="31b3c1e4-27e8-474e-9045-0ae24d797e1b" />
    <UnitTestResult executionId="7baf2517-903d-4143-95e1-c5b4fa75f368" testId="a1b2e7d4-e498-44d7-8281-297e6a47b1d8" testName="Test7743" computerName="UA-LPT-OGA2" duration="00:00:00.3090000" startTime="2025-05-14T13:20:31.3146610Z" endTime="2025-05-14T13:25:31.3147553Z" testType="13cdc9d9-ddb5-4fa4-a97d-d965ccfc6d4b" outcome="Passed" testListId="31b3c1e4-27e8-474e-9045-0ae24d797e1b" />
    <UnitTestResult executionId="017537d3-145c-48b6-a5d0-13ad6cf62891" testId="5fb4533e-c524-420d-b468-c4b34666d52c" testName="Test7744" computerName="UA-LPT-OGA2" duration="00:00:00.1840000" startTime="2025-05-14T13:20:31.3146610Z" endTime="2025-05-14T13:25:31.3147553Z" testType="13cdc9d9-ddb5-4fa4-a97d-d965ccfc6d4b" outcome="Passed" testListId="31b3c1e4-27e8-474e-9045-0ae24d797e1b" />
    <UnitTestResult executionId="6097c423-dca5-4dcc-9112-d3ebff7dfead" testId="70bf22e9-fd19-4a50-a522-dbadc9f5a44c" testName="Test7745" computerName="UA-LPT-OGA2" duration="00:00:01.4810000" startTime="2025-05-14T13:20:31.3146610Z" endTime="2025-05-14T13:25:31.3147553Z" testType="13cdc9d9-ddb5-4fa4-a97d-d965ccfc6d4b" outcome="Passed" testListId="31b3c1e4-27e8-474e-9045-0ae24d797e1b" />
    <UnitTestResult executionId="c4f49b03-6e13-40f9-a66a-0ca7746f6aec" testId="88483066-1a13-445a-b4bd-a80f5766e7a8" testName="Test7746" computerName="UA-LPT-OGA2" duration="00:00:00.7070000" startTime="2025-05-14T13:20:31.3146610Z" endTime="2025-05-14T13:25:31.3147553Z" testType="13cdc9d9-ddb5-4fa4-a97d-d965ccfc6d4b" outcome="Passed" testListId="31b3c1e4-27e8-474e-9045-0ae24d797e1b" />
    <UnitTestResult executionId="2d4ca6a5-01ce-48d4-b009-915fbb5ece05" testId="d1f6e324-e80a-435d-a872-75d8f42ca81f" testName="Test7747" computerName="UA-LPT-OGA2" duration="00:00:00.1010000" startTime="2025-05-14T13:20:31.3146610Z" endTime="2025-05-14T13:25:31.3147553Z" testType="13cdc9d9-ddb5-4fa4-a97d-d965ccfc6d4b" outcome="Passed" testListId="31b3c1e4-27e8-474e-9045-0ae24d797e1b" />
    <UnitTestResult executionId="0da4d199-e37a-4c19-bb77-77a796bfb40c" testId="822b76d8-f4eb-42f8-8626-f3ce22f70b0d" testName="Test7748" computerName="UA-LPT-OGA2" duration="00:00:00.4710000" startTime="2025-05-14T13:20:31.3146610Z" endTime="2025-05-14T13:25:31.3147553Z" testType="13cdc9d9-ddb5-4fa4-a97d-d965ccfc6d4b" outcome="Passed" testListId="31b3c1e4-27e8-474e-9045-0ae24d797e1b" />
    <UnitTestResult executionId="24089f8d-036f-45fc-9685-776c904451c1" testId="bb82df88-476f-4c98-a6b3-3ac02ee53914" testName="Test7749" computerName="UA-LPT-OGA2" duration="00:00:00.8570000" startTime="2025-05-14T13:20:31.3146610Z" endTime="2025-05-14T13:25:31.3147553Z" testType="13cdc9d9-ddb5-4fa4-a97d-d965ccfc6d4b" outcome="Passed" testListId="31b3c1e4-27e8-474e-9045-0ae24d797e1b" />
    <UnitTestResult executionId="2db032f6-19c1-4f7a-a419-f474fbcfe503" testId="5d042106-ca88-4480-9d7b-7924b98a97da" testName="Test7750" computerName="UA-LPT-OGA2" duration="00:00:01.1870000" startTime="2025-05-14T13:20:31.3146610Z" endTime="2025-05-14T13:25:31.3147553Z" testType="13cdc9d9-ddb5-4fa4-a97d-d965ccfc6d4b" outcome="Passed" testListId="31b3c1e4-27e8-474e-9045-0ae24d797e1b" />
    <UnitTestResult executionId="92323400-0bf0-49cc-835c-170c7391c61e" testId="ad65a2c8-7088-424b-8824-850351423fe0" testName="Test7751" computerName="UA-LPT-OGA2" duration="00:00:00.1990000" startTime="2025-05-14T13:20:31.3146610Z" endTime="2025-05-14T13:25:31.3147553Z" testType="13cdc9d9-ddb5-4fa4-a97d-d965ccfc6d4b" outcome="Passed" testListId="31b3c1e4-27e8-474e-9045-0ae24d797e1b" />
    <UnitTestResult executionId="b338a547-db4f-4cde-8718-d2063bb98ff0" testId="bc2203a2-1926-475e-95e5-7763617acc55" testName="Test7752" computerName="UA-LPT-OGA2" duration="00:00:01.5050000" startTime="2025-05-14T13:20:31.3146610Z" endTime="2025-05-14T13:25:31.3147553Z" testType="13cdc9d9-ddb5-4fa4-a97d-d965ccfc6d4b" outcome="Passed" testListId="31b3c1e4-27e8-474e-9045-0ae24d797e1b" />
    <UnitTestResult executionId="c3f15677-1027-4f98-85f6-ec75645d8007" testId="fa357ce4-3b83-4137-a3f6-eefbc80f076a" testName="Test7753" computerName="UA-LPT-OGA2" duration="00:00:01.4740000" startTime="2025-05-14T13:20:31.3146610Z" endTime="2025-05-14T13:25:31.3147553Z" testType="13cdc9d9-ddb5-4fa4-a97d-d965ccfc6d4b" outcome="Passed" testListId="31b3c1e4-27e8-474e-9045-0ae24d797e1b" />
    <UnitTestResult executionId="4baf3c34-a7e8-463f-8f2f-814cb22f79c4" testId="759d513c-7fd3-4368-a36e-3d37d3384cdf" testName="Test7754" computerName="UA-LPT-OGA2" duration="00:00:01.0980000" startTime="2025-05-14T13:20:31.3146610Z" endTime="2025-05-14T13:25:31.3147553Z" testType="13cdc9d9-ddb5-4fa4-a97d-d965ccfc6d4b" outcome="Passed" testListId="31b3c1e4-27e8-474e-9045-0ae24d797e1b" />
    <UnitTestResult executionId="54c9600a-d7f6-41f6-9402-5f0f539dc9d4" testId="e6b1db37-5de9-4cd2-a527-81eb9fb97956" testName="Test7755" computerName="UA-LPT-OGA2" duration="00:00:01.6080000" startTime="2025-05-14T13:20:31.3146610Z" endTime="2025-05-14T13:25:31.3147553Z" testType="13cdc9d9-ddb5-4fa4-a97d-d965ccfc6d4b" outcome="Passed" testListId="31b3c1e4-27e8-474e-9045-0ae24d797e1b" />
    <UnitTestResult executionId="fcc61be1-01bd-4233-8991-d2dc4ef3952f" testId="0189bc62-21bc-4b85-b9b0-66384b7ba339" testName="Test7756" computerName="UA-LPT-OGA2" duration="00:00:01.3760000" startTime="2025-05-14T13:20:31.3146610Z" endTime="2025-05-14T13:25:31.3147553Z" testType="13cdc9d9-ddb5-4fa4-a97d-d965ccfc6d4b" outcome="Passed" testListId="31b3c1e4-27e8-474e-9045-0ae24d797e1b" />
    <UnitTestResult executionId="86ae7dcf-fd4e-4fde-8627-1a1511842c18" testId="7ddb910b-b620-4f44-9aa5-c286106d1157" testName="Test7757" computerName="UA-LPT-OGA2" duration="00:00:00.7880000" startTime="2025-05-14T13:20:31.3146610Z" endTime="2025-05-14T13:25:31.3147553Z" testType="13cdc9d9-ddb5-4fa4-a97d-d965ccfc6d4b" outcome="Passed" testListId="31b3c1e4-27e8-474e-9045-0ae24d797e1b" />
    <UnitTestResult executionId="e48d74a3-aea8-4605-941e-e2748d9f2a7e" testId="060bcea4-edd2-489c-9ba3-8ca7a9420099" testName="Test7758" computerName="UA-LPT-OGA2" duration="00:00:01.4960000" startTime="2025-05-14T13:20:31.3146610Z" endTime="2025-05-14T13:25:31.3147553Z" testType="13cdc9d9-ddb5-4fa4-a97d-d965ccfc6d4b" outcome="Passed" testListId="31b3c1e4-27e8-474e-9045-0ae24d797e1b" />
    <UnitTestResult executionId="15e304e5-3452-489f-bf8a-446085860d35" testId="a437eb0c-a61a-4844-900f-79d009f4f30d" testName="Test7759" computerName="UA-LPT-OGA2" duration="00:00:00.7270000" startTime="2025-05-14T13:20:31.3146610Z" endTime="2025-05-14T13:25:31.3147553Z" testType="13cdc9d9-ddb5-4fa4-a97d-d965ccfc6d4b" outcome="Passed" testListId="31b3c1e4-27e8-474e-9045-0ae24d797e1b" />
    <UnitTestResult executionId="2a1a5df9-9f89-4480-a066-8e5dad3c871e" testId="7e9f53c6-867a-4d6a-a9d1-90c62c2336d6" testName="Test7760" computerName="UA-LPT-OGA2" duration="00:00:01.7670000" startTime="2025-05-14T13:20:31.3146610Z" endTime="2025-05-14T13:25:31.3147553Z" testType="13cdc9d9-ddb5-4fa4-a97d-d965ccfc6d4b" outcome="Passed" testListId="31b3c1e4-27e8-474e-9045-0ae24d797e1b" />
    <UnitTestResult executionId="eb878dd4-30e4-493c-ae76-b8020f00d6aa" testId="9372b477-a72c-4592-b9e8-3537a510a19c" testName="Test7761" computerName="UA-LPT-OGA2" duration="00:00:01.4630000" startTime="2025-05-14T13:20:31.3146610Z" endTime="2025-05-14T13:25:31.3147553Z" testType="13cdc9d9-ddb5-4fa4-a97d-d965ccfc6d4b" outcome="Passed" testListId="31b3c1e4-27e8-474e-9045-0ae24d797e1b" />
    <UnitTestResult executionId="dd642347-996a-4fa8-85e5-aaa0cd32e529" testId="5513c465-09a9-4743-897d-cd995ee1bc9c" testName="Test7762" computerName="UA-LPT-OGA2" duration="00:00:01.1770000" startTime="2025-05-14T13:20:31.3146610Z" endTime="2025-05-14T13:25:31.3147553Z" testType="13cdc9d9-ddb5-4fa4-a97d-d965ccfc6d4b" outcome="Passed" testListId="31b3c1e4-27e8-474e-9045-0ae24d797e1b" />
    <UnitTestResult executionId="47834805-eb54-4da2-9685-6a3842e5d6e0" testId="51d61c5c-2e59-4e24-be9e-0d026eec77c2" testName="Test7763" computerName="UA-LPT-OGA2" duration="00:00:00.8280000" startTime="2025-05-14T13:20:31.3146610Z" endTime="2025-05-14T13:25:31.3147553Z" testType="13cdc9d9-ddb5-4fa4-a97d-d965ccfc6d4b" outcome="Passed" testListId="31b3c1e4-27e8-474e-9045-0ae24d797e1b" />
    <UnitTestResult executionId="5a93ae5a-8d66-497a-a7bc-e37e848746f3" testId="feddd6c7-14b6-4ceb-aca0-acfb3d07c947" testName="Test7764" computerName="UA-LPT-OGA2" duration="00:00:01.0290000" startTime="2025-05-14T13:20:31.3146610Z" endTime="2025-05-14T13:25:31.3147553Z" testType="13cdc9d9-ddb5-4fa4-a97d-d965ccfc6d4b" outcome="Passed" testListId="31b3c1e4-27e8-474e-9045-0ae24d797e1b" />
    <UnitTestResult executionId="e81a7c7d-6b60-4b58-aa27-5ce44513f355" testId="3ace5c89-3fdc-4ccb-a14d-95d9a80b1a08" testName="Test7765" computerName="UA-LPT-OGA2" duration="00:00:01.4420000" startTime="2025-05-14T13:20:31.3146610Z" endTime="2025-05-14T13:25:31.3147553Z" testType="13cdc9d9-ddb5-4fa4-a97d-d965ccfc6d4b" outcome="Passed" testListId="31b3c1e4-27e8-474e-9045-0ae24d797e1b" />
    <UnitTestResult executionId="7918b439-2ef5-4e0c-8452-9b6634a19118" testId="c7fed39e-fb22-4e59-b95e-79b6175b9856" testName="Test7766" computerName="UA-LPT-OGA2" duration="00:00:00.0680000" startTime="2025-05-14T13:20:31.3146610Z" endTime="2025-05-14T13:25:31.3147553Z" testType="13cdc9d9-ddb5-4fa4-a97d-d965ccfc6d4b" outcome="Passed" testListId="31b3c1e4-27e8-474e-9045-0ae24d797e1b" />
    <UnitTestResult executionId="0ac38648-3816-4fb8-bc80-a295d908ebbd" testId="b8a207c1-9181-44d3-97d2-ec36b113b0b9" testName="Test7767" computerName="UA-LPT-OGA2" duration="00:00:00.0350000" startTime="2025-05-14T13:20:31.3146610Z" endTime="2025-05-14T13:25:31.3147553Z" testType="13cdc9d9-ddb5-4fa4-a97d-d965ccfc6d4b" outcome="Passed" testListId="31b3c1e4-27e8-474e-9045-0ae24d797e1b" />
    <UnitTestResult executionId="9b94ba9d-3ef8-43b2-8071-cab993209cb1" testId="372a831d-fc58-45e4-8a2e-8c5d8de666e0" testName="Test7768" computerName="UA-LPT-OGA2" duration="00:00:01.3170000" startTime="2025-05-14T13:20:31.3146610Z" endTime="2025-05-14T13:25:31.3147553Z" testType="13cdc9d9-ddb5-4fa4-a97d-d965ccfc6d4b" outcome="Passed" testListId="31b3c1e4-27e8-474e-9045-0ae24d797e1b" />
    <UnitTestResult executionId="101ab76b-1ee8-4b8a-b6b2-99fcfe324e14" testId="70f217b3-1b6e-4c72-b101-1fba24d18104" testName="Test7769" computerName="UA-LPT-OGA2" duration="00:00:00.2920000" startTime="2025-05-14T13:20:31.3146610Z" endTime="2025-05-14T13:25:31.3147553Z" testType="13cdc9d9-ddb5-4fa4-a97d-d965ccfc6d4b" outcome="Passed" testListId="31b3c1e4-27e8-474e-9045-0ae24d797e1b" />
    <UnitTestResult executionId="a5ce2e73-cf0b-4ca9-bbae-9b9c68157c67" testId="2e64d044-746b-466e-b26f-73b074e9c18e" testName="Test7770" computerName="UA-LPT-OGA2" duration="00:00:00.9980000" startTime="2025-05-14T13:20:31.3146610Z" endTime="2025-05-14T13:25:31.3147553Z" testType="13cdc9d9-ddb5-4fa4-a97d-d965ccfc6d4b" outcome="Inconclusive" testListId="31b3c1e4-27e8-474e-9045-0ae24d797e1b" />
    <UnitTestResult executionId="118991ce-9193-4a9a-9c7d-e3daa4eeb055" testId="91d68e17-f00a-4358-b8f6-7ed1a423a3aa" testName="Test7771" computerName="UA-LPT-OGA2" duration="00:00:00.5000000" startTime="2025-05-14T13:20:31.3146610Z" endTime="2025-05-14T13:25:31.3147553Z" testType="13cdc9d9-ddb5-4fa4-a97d-d965ccfc6d4b" outcome="Passed" testListId="31b3c1e4-27e8-474e-9045-0ae24d797e1b" />
    <UnitTestResult executionId="168d72b3-439b-42fd-8021-2c40d517939f" testId="adf68f0c-8f88-4bfc-b0c1-945e4518ee79" testName="Test7772" computerName="UA-LPT-OGA2" duration="00:00:01.2270000" startTime="2025-05-14T13:20:31.3146610Z" endTime="2025-05-14T13:25:31.3147553Z" testType="13cdc9d9-ddb5-4fa4-a97d-d965ccfc6d4b" outcome="Passed" testListId="31b3c1e4-27e8-474e-9045-0ae24d797e1b" />
    <UnitTestResult executionId="674d4d7f-15d4-46f8-be92-d34822fe4806" testId="2e8d952a-24e6-4689-a975-a22efd117225" testName="Test7773" computerName="UA-LPT-OGA2" duration="00:00:01.2790000" startTime="2025-05-14T13:20:31.3146610Z" endTime="2025-05-14T13:25:31.3147553Z" testType="13cdc9d9-ddb5-4fa4-a97d-d965ccfc6d4b" outcome="Passed" testListId="31b3c1e4-27e8-474e-9045-0ae24d797e1b" />
    <UnitTestResult executionId="374e0f8a-7b98-4319-9ed1-25ec9d68174c" testId="e7b74735-693c-4fac-8171-f655158208bf" testName="Test7774" computerName="UA-LPT-OGA2" duration="00:00:00.2830000" startTime="2025-05-14T13:20:31.3146610Z" endTime="2025-05-14T13:25:31.3147553Z" testType="13cdc9d9-ddb5-4fa4-a97d-d965ccfc6d4b" outcome="Passed" testListId="31b3c1e4-27e8-474e-9045-0ae24d797e1b" />
    <UnitTestResult executionId="f58b1742-1576-4a5d-85a0-3209b8cc273a" testId="517b4569-d55a-408b-abcd-de56eda174fb" testName="Test7775" computerName="UA-LPT-OGA2" duration="00:00:01.9590000" startTime="2025-05-14T13:20:31.3146610Z" endTime="2025-05-14T13:25:31.3147553Z" testType="13cdc9d9-ddb5-4fa4-a97d-d965ccfc6d4b" outcome="Passed" testListId="31b3c1e4-27e8-474e-9045-0ae24d797e1b" />
    <UnitTestResult executionId="64288eec-f5d0-457b-bfcb-3ff6a1977afb" testId="35e26fbb-7402-4c9a-81ca-49c0505d9ac1" testName="Test7776" computerName="UA-LPT-OGA2" duration="00:00:00.1900000" startTime="2025-05-14T13:20:31.3146610Z" endTime="2025-05-14T13:25:31.3147553Z" testType="13cdc9d9-ddb5-4fa4-a97d-d965ccfc6d4b" outcome="Passed" testListId="31b3c1e4-27e8-474e-9045-0ae24d797e1b" />
    <UnitTestResult executionId="ea3dca44-732e-4056-8622-d156f5a83e34" testId="fa2fd483-26e2-4590-bcc9-4eaadf539795" testName="Test7777" computerName="UA-LPT-OGA2" duration="00:00:01.7530000" startTime="2025-05-14T13:20:31.3146610Z" endTime="2025-05-14T13:25:31.3147553Z" testType="13cdc9d9-ddb5-4fa4-a97d-d965ccfc6d4b" outcome="Passed" testListId="31b3c1e4-27e8-474e-9045-0ae24d797e1b" />
    <UnitTestResult executionId="59c25dce-01c2-480f-a25a-b252084b354e" testId="e8dab428-ca84-4538-b997-5c8f25d0066b" testName="Test7778" computerName="UA-LPT-OGA2" duration="00:00:01.1860000" startTime="2025-05-14T13:20:31.3146610Z" endTime="2025-05-14T13:25:31.3147553Z" testType="13cdc9d9-ddb5-4fa4-a97d-d965ccfc6d4b" outcome="Passed" testListId="31b3c1e4-27e8-474e-9045-0ae24d797e1b" />
    <UnitTestResult executionId="3361c0ae-7379-4a81-8e8f-099f4fef424f" testId="b3d85947-f743-403c-af4e-bbfaf826be03" testName="Test7779" computerName="UA-LPT-OGA2" duration="00:00:00.9980000" startTime="2025-05-14T13:20:31.3146610Z" endTime="2025-05-14T13:25:31.3147553Z" testType="13cdc9d9-ddb5-4fa4-a97d-d965ccfc6d4b" outcome="Passed" testListId="31b3c1e4-27e8-474e-9045-0ae24d797e1b" />
    <UnitTestResult executionId="0c73067b-d329-4751-b8e5-bd34428284df" testId="c7ab0bea-3401-45b0-9711-d1a257c0c301" testName="Test7780" computerName="UA-LPT-OGA2" duration="00:00:01.8330000" startTime="2025-05-14T13:20:31.3146610Z" endTime="2025-05-14T13:25:31.3147553Z" testType="13cdc9d9-ddb5-4fa4-a97d-d965ccfc6d4b" outcome="Passed" testListId="31b3c1e4-27e8-474e-9045-0ae24d797e1b" />
    <UnitTestResult executionId="4eabfa0b-9ae5-4ecc-b8d0-9aacb56a8b46" testId="3c7147df-d332-413b-918b-33ca3d69ca8b" testName="Test7781" computerName="UA-LPT-OGA2" duration="00:00:01.8070000" startTime="2025-05-14T13:20:31.3146610Z" endTime="2025-05-14T13:25:31.3147553Z" testType="13cdc9d9-ddb5-4fa4-a97d-d965ccfc6d4b" outcome="Passed" testListId="31b3c1e4-27e8-474e-9045-0ae24d797e1b" />
    <UnitTestResult executionId="ae07f0e5-6125-45bc-9a16-c155ff601226" testId="2526e188-8718-47a9-aa6e-e756865ce9fa" testName="Test7782" computerName="UA-LPT-OGA2" duration="00:00:01.9480000" startTime="2025-05-14T13:20:31.3146610Z" endTime="2025-05-14T13:25:31.3147553Z" testType="13cdc9d9-ddb5-4fa4-a97d-d965ccfc6d4b" outcome="Passed" testListId="31b3c1e4-27e8-474e-9045-0ae24d797e1b" />
    <UnitTestResult executionId="a3ffe30d-9f44-4904-9a8b-c1be069d963e" testId="c670f650-5022-4e83-934a-3aa5b20e3d51" testName="Test7783" computerName="UA-LPT-OGA2" duration="00:00:01.9360000" startTime="2025-05-14T13:20:31.3146610Z" endTime="2025-05-14T13:25:31.3147553Z" testType="13cdc9d9-ddb5-4fa4-a97d-d965ccfc6d4b" outcome="Passed" testListId="31b3c1e4-27e8-474e-9045-0ae24d797e1b" />
    <UnitTestResult executionId="86a1bfee-d69c-487d-a765-342df604ae2e" testId="a772afb1-8efd-4044-8857-f1cd6b1489a2" testName="Test7784" computerName="UA-LPT-OGA2" duration="00:00:01.9770000" startTime="2025-05-14T13:20:31.3146610Z" endTime="2025-05-14T13:25:31.3147553Z" testType="13cdc9d9-ddb5-4fa4-a97d-d965ccfc6d4b" outcome="Passed" testListId="31b3c1e4-27e8-474e-9045-0ae24d797e1b" />
    <UnitTestResult executionId="2af3ebff-6309-4aaf-8392-320e37e963c6" testId="9814d595-c0b0-4c77-ab91-317fdc008fae" testName="Test7785" computerName="UA-LPT-OGA2" duration="00:00:00.9290000" startTime="2025-05-14T13:20:31.3146610Z" endTime="2025-05-14T13:25:31.3147553Z" testType="13cdc9d9-ddb5-4fa4-a97d-d965ccfc6d4b" outcome="Failed" testListId="31b3c1e4-27e8-474e-9045-0ae24d797e1b">
      <Output>
        <ErrorInfo>
          <Message>Assertion failed: Expected value did not match actual value.</Message>
          <StackTrace>   at TestNamespace.TestClass.Test() in TestClass.cs:line 195</StackTrace>
        </ErrorInfo>
      </Output>
    </UnitTestResult>
    <UnitTestResult executionId="83dc1ba3-5ff1-4486-ba37-b029cb1701db" testId="28e89003-8fa1-4573-89e3-1e6d951fc3ac" testName="Test7786" computerName="UA-LPT-OGA2" duration="00:00:01.8140000" startTime="2025-05-14T13:20:31.3146610Z" endTime="2025-05-14T13:25:31.3147553Z" testType="13cdc9d9-ddb5-4fa4-a97d-d965ccfc6d4b" outcome="Passed" testListId="31b3c1e4-27e8-474e-9045-0ae24d797e1b" />
    <UnitTestResult executionId="aa16bb53-c3ca-433f-94a0-e245744a8a14" testId="4919ccac-fe77-4a4f-8dea-07bdb996122a" testName="Test7787" computerName="UA-LPT-OGA2" duration="00:00:00.8160000" startTime="2025-05-14T13:20:31.3146610Z" endTime="2025-05-14T13:25:31.3147553Z" testType="13cdc9d9-ddb5-4fa4-a97d-d965ccfc6d4b" outcome="Passed" testListId="31b3c1e4-27e8-474e-9045-0ae24d797e1b" />
    <UnitTestResult executionId="d722c301-c61a-43dc-b723-210ab3f7de87" testId="ec81a579-beb3-4d51-9faa-0198aefabd07" testName="Test7788" computerName="UA-LPT-OGA2" duration="00:00:00.4180000" startTime="2025-05-14T13:20:31.3146610Z" endTime="2025-05-14T13:25:31.3147553Z" testType="13cdc9d9-ddb5-4fa4-a97d-d965ccfc6d4b" outcome="Passed" testListId="31b3c1e4-27e8-474e-9045-0ae24d797e1b" />
    <UnitTestResult executionId="d04e5cea-3856-41cb-bdab-3aa154da369f" testId="66ed92ea-2c7d-40cd-b2e1-f04b6b2b0283" testName="Test7789" computerName="UA-LPT-OGA2" duration="00:00:01.2230000" startTime="2025-05-14T13:20:31.3146610Z" endTime="2025-05-14T13:25:31.3147553Z" testType="13cdc9d9-ddb5-4fa4-a97d-d965ccfc6d4b" outcome="Passed" testListId="31b3c1e4-27e8-474e-9045-0ae24d797e1b" />
    <UnitTestResult executionId="35cb43b2-ec9f-4767-9549-de4e7898cc6e" testId="cf9c84d9-1176-4123-8af2-0b9036b7b650" testName="Test7790" computerName="UA-LPT-OGA2" duration="00:00:00.3110000" startTime="2025-05-14T13:20:31.3146610Z" endTime="2025-05-14T13:25:31.3147553Z" testType="13cdc9d9-ddb5-4fa4-a97d-d965ccfc6d4b" outcome="Passed" testListId="31b3c1e4-27e8-474e-9045-0ae24d797e1b" />
    <UnitTestResult executionId="de56135a-fa89-4fc7-b004-72586dae2634" testId="1b1a9d3d-2bea-49ee-8ca3-9371ffc668dc" testName="Test7791" computerName="UA-LPT-OGA2" duration="00:00:01.9110000" startTime="2025-05-14T13:20:31.3146610Z" endTime="2025-05-14T13:25:31.3147553Z" testType="13cdc9d9-ddb5-4fa4-a97d-d965ccfc6d4b" outcome="Passed" testListId="31b3c1e4-27e8-474e-9045-0ae24d797e1b" />
    <UnitTestResult executionId="9e641a22-bb97-4617-af79-a5450c2420c8" testId="21fabedf-4d45-45d6-91b6-301a41753ba3" testName="Test7792" computerName="UA-LPT-OGA2" duration="00:00:00.9310000" startTime="2025-05-14T13:20:31.3146610Z" endTime="2025-05-14T13:25:31.3147553Z" testType="13cdc9d9-ddb5-4fa4-a97d-d965ccfc6d4b" outcome="Passed" testListId="31b3c1e4-27e8-474e-9045-0ae24d797e1b" />
    <UnitTestResult executionId="43d91998-ce73-4f77-a900-946a0a15807c" testId="63f1b67c-4016-48ce-bbe9-9dd35c11ba40" testName="Test7793" computerName="UA-LPT-OGA2" duration="00:00:01.5930000" startTime="2025-05-14T13:20:31.3146610Z" endTime="2025-05-14T13:25:31.3147553Z" testType="13cdc9d9-ddb5-4fa4-a97d-d965ccfc6d4b" outcome="Passed" testListId="31b3c1e4-27e8-474e-9045-0ae24d797e1b" />
    <UnitTestResult executionId="e680531c-eae2-46b3-a50c-8e41f05434db" testId="10df05ec-9a38-4185-ada8-a86cd1c58731" testName="Test7794" computerName="UA-LPT-OGA2" duration="00:00:01.6290000" startTime="2025-05-14T13:20:31.3146610Z" endTime="2025-05-14T13:25:31.3147553Z" testType="13cdc9d9-ddb5-4fa4-a97d-d965ccfc6d4b" outcome="Failed" testListId="31b3c1e4-27e8-474e-9045-0ae24d797e1b">
      <Output>
        <ErrorInfo>
          <Message>Assertion failed: Expected value did not match actual value.</Message>
          <StackTrace>   at TestNamespace.TestClass.Test() in TestClass.cs:line 390</StackTrace>
        </ErrorInfo>
      </Output>
    </UnitTestResult>
    <UnitTestResult executionId="d6da2352-ab45-449d-8ae6-40e33f2e7f39" testId="e0365ed5-713a-4a6e-b554-b3d5055ab3b1" testName="Test7795" computerName="UA-LPT-OGA2" duration="00:00:00.3690000" startTime="2025-05-14T13:20:31.3146610Z" endTime="2025-05-14T13:25:31.3147553Z" testType="13cdc9d9-ddb5-4fa4-a97d-d965ccfc6d4b" outcome="Passed" testListId="31b3c1e4-27e8-474e-9045-0ae24d797e1b" />
    <UnitTestResult executionId="c135bdc4-6d4c-4efe-861e-7e81d39dea5b" testId="ce4ece44-9b93-4a28-bd08-324d33874005" testName="Test7796" computerName="UA-LPT-OGA2" duration="00:00:00.8730000" startTime="2025-05-14T13:20:31.3146610Z" endTime="2025-05-14T13:25:31.3147553Z" testType="13cdc9d9-ddb5-4fa4-a97d-d965ccfc6d4b" outcome="Passed" testListId="31b3c1e4-27e8-474e-9045-0ae24d797e1b" />
    <UnitTestResult executionId="a1ef4e8a-c09e-4d19-a6bc-ebb248d0e22b" testId="c78e2d30-48a7-49b1-af57-c2ead1f63760" testName="Test7797" computerName="UA-LPT-OGA2" duration="00:00:01.4940000" startTime="2025-05-14T13:20:31.3146610Z" endTime="2025-05-14T13:25:31.3147553Z" testType="13cdc9d9-ddb5-4fa4-a97d-d965ccfc6d4b" outcome="Passed" testListId="31b3c1e4-27e8-474e-9045-0ae24d797e1b" />
    <UnitTestResult executionId="bf73d299-c0a2-49d0-9555-f5f5ad49c552" testId="31f6e117-0476-4f56-9374-1c2f11a5a894" testName="Test7798" computerName="UA-LPT-OGA2" duration="00:00:00.6140000" startTime="2025-05-14T13:20:31.3146610Z" endTime="2025-05-14T13:25:31.3147553Z" testType="13cdc9d9-ddb5-4fa4-a97d-d965ccfc6d4b" outcome="Passed" testListId="31b3c1e4-27e8-474e-9045-0ae24d797e1b" />
    <UnitTestResult executionId="85bb6a61-e1e8-4b3c-a266-ede6de6f7d10" testId="05f9d5f5-146d-4fe3-9bd7-70130fcf69ae" testName="Test7799" computerName="UA-LPT-OGA2" duration="00:00:00.4390000" startTime="2025-05-14T13:20:31.3146610Z" endTime="2025-05-14T13:25:31.3147553Z" testType="13cdc9d9-ddb5-4fa4-a97d-d965ccfc6d4b" outcome="Passed" testListId="31b3c1e4-27e8-474e-9045-0ae24d797e1b" />
    <UnitTestResult executionId="71cd0740-c0a4-44f7-a59b-0bf210a2addd" testId="f1a20c08-9e26-499a-a143-06cdfba59d22" testName="Test7800" computerName="UA-LPT-OGA2" duration="00:00:00.7560000" startTime="2025-05-14T13:20:31.3146610Z" endTime="2025-05-14T13:25:31.3147553Z" testType="13cdc9d9-ddb5-4fa4-a97d-d965ccfc6d4b" outcome="Passed" testListId="31b3c1e4-27e8-474e-9045-0ae24d797e1b" />
  </Results>
  <TestDefinitions>
    <UnitTest name="Test7701" id="fb3b2587-a7af-4868-a92b-70ff621630ad" storage="TestAssembly.dll">
      <Execution id="49f26aeb-5549-4966-a8a0-cc0529aaef6f" />
      <TestMethod codeBase="TestAssembly.dll" className="TestNamespace.TestClass1" name="Test7701" />
    </UnitTest>
    <UnitTest name="Test7702" id="f9ec136e-99b9-4c7e-8a7c-b50795c9408a" storage="TestAssembly.dll">
      <Execution id="8724e751-220c-4910-856f-a1f0d4112c9d" />
      <TestMethod codeBase="TestAssembly.dll" className="TestNamespace.TestClass1" name="Test7702" />
    </UnitTest>
    <UnitTest name="Test7703" id="1fcccca4-833f-4f39-8a50-c53a2ebe8fab" storage="TestAssembly.dll">
      <Execution id="f8ab5080-dc02-4224-8003-7de60b39f380" />
      <TestMethod codeBase="TestAssembly.dll" className="TestNamespace.TestClass1" name="Test7703" />
    </UnitTest>
    <UnitTest name="Test7704" id="33b562a3-bd97-4790-aa45-130b43485d1d" storage="TestAssembly.dll">
      <Execution id="d9872da3-31d4-4ea9-9b44-d76cc8ac58dd" />
      <TestMethod codeBase="TestAssembly.dll" className="TestNamespace.TestClass1" name="Test7704" />
    </UnitTest>
    <UnitTest name="Test7705" id="96bd6198-c552-497d-b943-b46af56ebe15" storage="TestAssembly.dll">
      <Execution id="3193483f-56ae-4dbb-977c-4059ec9d27d9" />
      <TestMethod codeBase="TestAssembly.dll" className="TestNamespace.TestClass1" name="Test7705" />
    </UnitTest>
    <UnitTest name="Test7706" id="022be854-219f-4df1-a385-7633f29d2d6c" storage="TestAssembly.dll">
      <Execution id="5c00e00f-c74b-4e72-9a86-53ed6d0f8495" />
      <TestMethod codeBase="TestAssembly.dll" className="TestNamespace.TestClass1" name="Test7706" />
    </UnitTest>
    <UnitTest name="Test7707" id="a2c5fbc0-0c21-4461-ae37-6ed2e7c1b814" storage="TestAssembly.dll">
      <Execution id="41496588-da4d-4ac9-a6c3-1640b99c7e08" />
      <TestMethod codeBase="TestAssembly.dll" className="TestNamespace.TestClass1" name="Test7707" />
    </UnitTest>
    <UnitTest name="Test7708" id="08ec13d2-253d-41d7-8e1c-c1242b65b2b9" storage="TestAssembly.dll">
      <Execution id="87e697d1-ceda-450a-a8df-b114dcf95584" />
      <TestMethod codeBase="TestAssembly.dll" className="TestNamespace.TestClass1" name="Test7708" />
    </UnitTest>
    <UnitTest name="Test7709" id="2824d835-0dec-41e1-921d-c20ee657330d" storage="TestAssembly.dll">
      <Execution id="08446094-933f-438b-b469-d7c2fa44af79" />
      <TestMethod codeBase="TestAssembly.dll" className="TestNamespace.TestClass1" name="Test7709" />
    </UnitTest>
    <UnitTest name="Test7710" id="84242315-9768-4779-a70c-628fdd5b6e2b" storage="TestAssembly.dll">
      <Execution id="432205b0-eda3-499d-a91e-d5f7af26ceb0" />
      <TestMethod codeBase="TestAssembly.dll" className="TestNamespace.TestClass1" name="Test7710" />
    </UnitTest>
    <UnitTest name="Test7711" id="2b324100-d5b1-4980-b0cf-e0590265f231" storage="TestAssembly.dll">
      <Execution id="3b967a2f-9c44-4fb7-9483-fcfa5017ee48" />
      <TestMethod codeBase="TestAssembly.dll" className="TestNamespace.TestClass2" name="Test7711" />
    </UnitTest>
    <UnitTest name="Test7712" id="0141d673-f13c-432f-bb1a-01819085b543" storage="TestAssembly.dll">
      <Execution id="269bd313-9856-4019-85a3-8ec78b27ccd6" />
      <TestMethod codeBase="TestAssembly.dll" className="TestNamespace.TestClass2" name="Test7712" />
    </UnitTest>
    <UnitTest name="Test7713" id="88ab7335-fbb2-4467-b995-30744a9c92af" storage="TestAssembly.dll">
      <Execution id="0d77499c-10b5-41ab-89b9-b00dd1dfef90" />
      <TestMethod codeBase="TestAssembly.dll" className="TestNamespace.TestClass2" name="Test7713" />
    </UnitTest>
    <UnitTest name="Test7714" id="eb5eb6f5-41c4-49b6-8c52-07056bf8ae3a" storage="TestAssembly.dll">
      <Execution id="905806cb-0e79-41f1-8481-a26edb6d422c" />
      <TestMethod codeBase="TestAssembly.dll" className="TestNamespace.TestClass2" name="Test7714" />
    </UnitTest>
    <UnitTest name="Test7715" id="5abdda1e-4d01-4d5c-9049-2e9dcba5357c" storage="TestAssembly.dll">
      <Execution id="ed156fab-af2a-4904-830d-37226154a9e8" />
      <TestMethod codeBase="TestAssembly.dll" className="TestNamespace.TestClass2" name="Test7715" />
    </UnitTest>
    <UnitTest name="Test7716" id="57a64931-a071-49a2-9043-94fad8777b79" storage="TestAssembly.dll">
      <Execution id="55ce6d93-6bba-422f-bf97-dc342897d1d4" />
      <TestMethod codeBase="TestAssembly.dll" className="TestNamespace.TestClass2" name="Test7716" />
    </UnitTest>
    <UnitTest name="Test7717" id="22d4fb1a-7113-41d9-a863-0635b9b44ba6" storage="TestAssembly.dll">
      <Execution id="33513e16-ff8e-4cdc-99e0-d7b434b90740" />
      <TestMethod codeBase="TestAssembly.dll" className="TestNamespace.TestClass2" name="Test7717" />
    </UnitTest>
    <UnitTest name="Test7718" id="76b62b12-2861-426c-b4b2-3166e6b53567" storage="TestAssembly.dll">
      <Execution id="dc2d1351-b960-4846-93d6-9ff307dd2824" />
      <TestMethod codeBase="TestAssembly.dll" className="TestNamespace.TestClass2" name="Test7718" />
    </UnitTest>
    <UnitTest name="Test7719" id="48ff50cb-3675-481c-abad-e307af8edef7" storage="TestAssembly.dll">
      <Execution id="9220f24b-f50e-4f72-895f-4d5e3a98e842" />
      <TestMethod codeBase="TestAssembly.dll" className="TestNamespace.TestClass2" name="Test7719" />
    </UnitTest>
    <UnitTest name="Test7720" id="68f98359-dd44-4951-aacf-b41e61c04df7" storage="TestAssembly.dll">
      <Execution id="ebb349f7-d505-4d19-b7ad-dc8fe41ebbbc" />
      <TestMethod codeBase="TestAssembly.dll" className="TestNamespace.TestClass2" name="Test7720" />
    </UnitTest>
    <UnitTest name="Test7721" id="b34adf11-fdbe-453d-bc7e-990703f4377a" storage="TestAssembly.dll">
      <Execution id="212ffa28-ab50-4afa-9a43-8c849b4e678a" />
      <TestMethod codeBase="TestAssembly.dll" className="TestNamespace.TestClass3" name="Test7721" />
    </UnitTest>
    <UnitTest name="Test7722" id="d33d7ffd-3322-4de1-a705-fa4b60497808" storage="TestAssembly.dll">
      <Execution id="a9a7ac3c-13f9-40b8-b88d-a5b86534fdb6" />
      <TestMethod codeBase="TestAssembly.dll" className="TestNamespace.TestClass3" name="Test7722" />
    </UnitTest>
    <UnitTest name="Test7723" id="2b9cfe76-7e51-4231-9706-d7796e4d8366" storage="TestAssembly.dll">
      <Execution id="f32368a5-0674-40b5-8ae2-02b90d85f265" />
      <TestMethod codeBase="TestAssembly.dll" className="TestNamespace.TestClass3" name="Test7723" />
    </UnitTest>
    <UnitTest name="Test7724" id="79e31d97-29a7-4b25-9634-b82fb59d5444" storage="TestAssembly.dll">
      <Execution id="012e790b-7a77-43aa-9c35-65f15999c162" />
      <TestMethod codeBase="TestAssembly.dll" className="TestNamespace.TestClass3" name="Test7724" />
    </UnitTest>
    <UnitTest name="Test7725" id="e249ac81-7298-44b4-9999-76cb7a5e5b53" storage="TestAssembly.dll">
      <Execution id="01b01d5c-4d1e-446d-af60-f6e3ce277f7a" />
      <TestMethod codeBase="TestAssembly.dll" className="TestNamespace.TestClass3" name="Test7725" />
    </UnitTest>
    <UnitTest name="Test7726" id="17e700e1-b4d3-4508-9f8c-3211691ccdce" storage="TestAssembly.dll">
      <Execution id="c06c4739-b618-4989-ab1f-acb238372229" />
      <TestMethod codeBase="TestAssembly.dll" className="TestNamespace.TestClass3" name="Test7726" />
    </UnitTest>
    <UnitTest name="Test7727" id="5eccab74-b331-476c-a1a7-54e278124164" storage="TestAssembly.dll">
      <Execution id="b532529c-3c29-4ebe-87b7-f554c2a71eaa" />
      <TestMethod codeBase="TestAssembly.dll" className="TestNamespace.TestClass3" name="Test7727" />
    </UnitTest>
    <UnitTest name="Test7728" id="28af3a46-9fd0-4637-a8c9-5f03449011b4" storage="TestAssembly.dll">
      <Execution id="51f5bf68-f15f-433a-8b3e-4589a0ae98ce" />
      <TestMethod codeBase="TestAssembly.dll" className="TestNamespace.TestClass3" name="Test7728" />
    </UnitTest>
    <UnitTest name="Test7729" id="d66e5b6b-e885-4110-8f5b-c6e6f1234b4b" storage="TestAssembly.dll">
      <Execution id="474e0e54-5edf-4bfb-8c08-011398fdd013" />
      <TestMethod codeBase="TestAssembly.dll" className="TestNamespace.TestClass3" name="Test7729" />
    </UnitTest>
    <UnitTest name="Test7730" id="cb41f7db-b756-4649-b8e1-a86f9d6189e5" storage="TestAssembly.dll">
      <Execution id="a8136b95-e728-402e-842b-4ae2f7d436f3" />
      <TestMethod codeBase="TestAssembly.dll" className="TestNamespace.TestClass3" name="Test7730" />
    </UnitTest>
    <UnitTest name="Test7731" id="b0212737-86ee-4c92-bea7-0b974edd27c2" storage="TestAssembly.dll">
      <Execution id="988086f8-d561-464a-89f0-10f8a3aaf330" />
      <TestMethod codeBase="TestAssembly.dll" className="TestNamespace.TestClass4" name="Test7731" />
    </UnitTest>
    <UnitTest name="Test7732" id="15d9f04b-29ea-4e7d-8132-aae76fbbf074" storage="TestAssembly.dll">
      <Execution id="60190143-5b11-4346-b4c8-2a36d4c653d7" />
      <TestMethod codeBase="TestAssembly.dll" className="TestNamespace.TestClass4" name="Test7732" />
    </UnitTest>
    <UnitTest name="Test7733" id="b7497462-1182-459d-beb9-796978caa9f1" storage="TestAssembly.dll">
      <Execution id="ff452d81-a1ef-4134-b5ac-acca2d34e60f" />
      <TestMethod codeBase="TestAssembly.dll" className="TestNamespace.TestClass4" name="Test7733" />
    </UnitTest>
    <UnitTest name="Test7734" id="c5581ab8-020b-4b2f-aeca-168a3841cd80" storage="TestAssembly.dll">
      <Execution id="4f6ee10f-497e-4be0-814c-778d0a237296" />
      <TestMethod codeBase="TestAssembly.dll" className="TestNamespace.TestClass4" name="Test7734" />
    </UnitTest>
    <UnitTest name="Test7735" id="9c7d4a27-a3f9-4caf-afb5-f7ade6a69158" storage="TestAssembly.dll">
      <Execution id="9902b9b2-41ee-451d-a01a-4e0483978033" />
      <TestMethod codeBase="TestAssembly.dll" className="TestNamespace.TestClass4" name="Test7735" />
    </UnitTest>
    <UnitTest name="Test7736" id="3df91c2a-582e-4b3a-a514-85c01e1a1b7b" storage="TestAssembly.dll">
      <Execution id="75f6df66-8772-427e-8fbe-dca5ff9b4225" />
      <TestMethod codeBase="TestAssembly.dll" className="TestNamespace.TestClass4" name="Test7736" />
    </UnitTest>
    <UnitTest name="Test7737" id="6b96409c-6e23-426d-93c3-ab58fae58f59" storage="TestAssembly.dll">
      <Execution id="5d95b700-221d-475e-a906-9923b9ba4f79" />
      <TestMethod codeBase="TestAssembly.dll" className="TestNamespace.TestClass4" name="Test7737" />
    </UnitTest>
    <UnitTest name="Test7738" id="1cfd2e74-ca26-4ff1-a8f0-2213f2006bf8" storage="TestAssembly.dll">
      <Execution id="6ab7de0b-e2d5-4d93-864b-b0f22ad8fa39" />
      <TestMethod codeBase="TestAssembly.dll" className="TestNamespace.TestClass4" name="Test7738" />
    </UnitTest>
    <UnitTest name="Test7739" id="70aa049f-674a-4666-a1d1-6f7c75e08cdd" storage="TestAssembly.dll">
      <Execution id="2e85a5cc-8b27-4a88-aa3c-23da06a3753f" />
      <TestMethod codeBase="TestAssembly.dll" className="TestNamespace.TestClass4" name="Test7739" />
    </UnitTest>
    <UnitTest name="Test7740" id="453599a5-4805-4bf3-9b87-4ec050fe14fa" storage="TestAssembly.dll">
      <Execution id="c68de52a-4308-454c-adf0-2123fb349aeb" />
      <TestMethod codeBase="TestAssembly.dll" className="TestNamespace.TestClass4" name="Test7740" />
    </UnitTest>
    <UnitTest name="Test7741" id="e8398aa4-75f0-4fc8-b200-0ac1a669354f" storage="TestAssembly.dll">
      <Execution id="2f7c3c44-4c26-4724-9a1a-54ece99a3213" />
      <TestMethod codeBase="TestAssembly.dll" className="TestNamespace.TestClass5" name="Test7741" />
    </UnitTest>
    <UnitTest name="Test7742" id="9a643bfc-5fef-4fe2-834e-602caf84e7b3" storage="TestAssembly.dll">
      <Execution id="e527a289-2cdd-431a-8cd8-cdf5584fe52b" />
      <TestMethod codeBase="TestAssembly.dll" className="TestNamespace.TestClass5" name="Test7742" />
    </UnitTest>
    <UnitTest name="Test7743" id="a1b2e7d4-e498-44d7-8281-297e6a47b1d8" storage="TestAssembly.dll">
      <Execution id="7baf2517-903d-4143-95e1-c5b4fa75f368" />
      <TestMethod codeBase="TestAssembly.dll" className="TestNamespace.TestClass5" name="Test7743" />
    </UnitTest>
    <UnitTest name="Test7744" id="5fb4533e-c524-420d-b468-c4b34666d52c" storage="TestAssembly.dll">
      <Execution id="017537d3-145c-48b6-a5d0-13ad6cf62891" />
      <TestMethod codeBase="TestAssembly.dll" className="TestNamespace.TestClass5" name="Test7744" />
    </UnitTest>
    <UnitTest name="Test7745" id="70bf22e9-fd19-4a50-a522-dbadc9f5a44c" storage="TestAssembly.dll">
      <Execution id="6097c423-dca5-4dcc-9112-d3ebff7dfead" />
      <TestMethod codeBase="TestAssembly.dll" className="TestNamespace.TestClass5" name="Test7745" />
    </UnitTest>
    <UnitTest name="Test7746" id="88483066-1a13-445a-b4bd-a80f5766e7a8" storage="TestAssembly.dll">
      <Execution id="c4f49b03-6e13-40f9-a66a-0ca7746f6aec" />
      <TestMethod codeBase="TestAssembly.dll" className="TestNamespace.TestClass5" name="Test7746" />
    </UnitTest>
    <UnitTest name="Test7747" id="d1f6e324-e80a-435d-a872-75d8f42ca81f" storage="TestAssembly.dll">
      <Execution id="2d4ca6a5-01ce-48d4-b009-915fbb5ece05" />
      <TestMethod codeBase="TestAssembly.dll" className="TestNamespace.TestClass5" name="Test7747" />
    </UnitTest>
    <UnitTest name="Test7748" id="822b76d8-f4eb-42f8-8626-f3ce22f70b0d" storage="TestAssembly.dll">
      <Execution id="0da4d199-e37a-4c19-bb77-77a796bfb40c" />
      <TestMethod codeBase="TestAssembly.dll" className="TestNamespace.TestClass5" name="Test7748" />
    </UnitTest>
    <UnitTest name="Test7749" id="bb82df88-476f-4c98-a6b3-3ac02ee53914" storage="TestAssembly.dll">
      <Execution id="24089f8d-036f-45fc-9685-776c904451c1" />
      <TestMethod codeBase="TestAssembly.dll" className="TestNamespace.TestClass5" name="Test7749" />
    </UnitTest>
    <UnitTest name="Test7750" id="5d042106-ca88-4480-9d7b-7924b98a97da" storage="TestAssembly.dll">
      <Execution id="2db032f6-19c1-4f7a-a419-f474fbcfe503" />
      <TestMethod codeBase="TestAssembly.dll" className="TestNamespace.TestClass5" name="Test7750" />
    </UnitTest>
    <UnitTest name="Test7751" id="ad65a2c8-7088-424b-8824-850351423fe0" storage="TestAssembly.dll">
      <Execution id="92323400-0bf0-49cc-835c-170c7391c61e" />
      <TestMethod codeBase="TestAssembly.dll" className="TestNamespace.TestClass6" name="Test7751" />
    </UnitTest>
    <UnitTest name="Test7752" id="bc2203a2-1926-475e-95e5-7763617acc55" storage="TestAssembly.dll">
      <Execution id="b338a547-db4f-4cde-8718-d2063bb98ff0" />
      <TestMethod codeBase="TestAssembly.dll" className="TestNamespace.TestClass6" name="Test7752" />
    </UnitTest>
    <UnitTest name="Test7753" id="fa357ce4-3b83-4137-a3f6-eefbc80f076a" storage="TestAssembly.dll">
      <Execution id="c3f15677-1027-4f98-85f6-ec75645d8007" />
      <TestMethod codeBase="TestAssembly.dll" className="TestNamespace.TestClass6" name="Test7753" />
    </UnitTest>
    <UnitTest name="Test7754" id="759d513c-7fd3-4368-a36e-3d37d3384cdf" storage="TestAssembly.dll">
      <Execution id="4baf3c34-a7e8-463f-8f2f-814cb22f79c4" />
      <TestMethod codeBase="TestAssembly.dll" className="TestNamespace.TestClass6" name="Test7754" />
    </UnitTest>
    <UnitTest name="Test7755" id="e6b1db37-5de9-4cd2-a527-81eb9fb97956" storage="TestAssembly.dll">
      <Execution id="54c9600a-d7f6-41f6-9402-5f0f539dc9d4" />
      <TestMethod codeBase="TestAssembly.dll" className="TestNamespace.TestClass6" name="Test7755" />
    </UnitTest>
    <UnitTest name="Test7756" id="0189bc62-21bc-4b85-b9b0-66384b7ba339" storage="TestAssembly.dll">
      <Execution id="fcc61be1-01bd-4233-8991-d2dc4ef3952f" />
      <TestMethod codeBase="TestAssembly.dll" className="TestNamespace.TestClass6" name="Test7756" />
    </UnitTest>
    <UnitTest name="Test7757" id="7ddb910b-b620-4f44-9aa5-c286106d1157" storage="TestAssembly.dll">
      <Execution id="86ae7dcf-fd4e-4fde-8627-1a1511842c18" />
      <TestMethod codeBase="TestAssembly.dll" className="TestNamespace.TestClass6" name="Test7757" />
    </UnitTest>
    <UnitTest name="Test7758" id="060bcea4-edd2-489c-9ba3-8ca7a9420099" storage="TestAssembly.dll">
      <Execution id="e48d74a3-aea8-4605-941e-e2748d9f2a7e" />
      <TestMethod codeBase="TestAssembly.dll" className="TestNamespace.TestClass6" name="Test7758" />
    </UnitTest>
    <UnitTest name="Test7759" id="a437eb0c-a61a-4844-900f-79d009f4f30d" storage="TestAssembly.dll">
      <Execution id="15e304e5-3452-489f-bf8a-446085860d35" />
      <TestMethod codeBase="TestAssembly.dll" className="TestNamespace.TestClass6" name="Test7759" />
    </UnitTest>
    <UnitTest name="Test7760" id="7e9f53c6-867a-4d6a-a9d1-90c62c2336d6" storage="TestAssembly.dll">
      <Execution id="2a1a5df9-9f89-4480-a066-8e5dad3c871e" />
      <TestMethod codeBase="TestAssembly.dll" className="TestNamespace.TestClass6" name="Test7760" />
    </UnitTest>
    <UnitTest name="Test7761" id="9372b477-a72c-4592-b9e8-3537a510a19c" storage="TestAssembly.dll">
      <Execution id="eb878dd4-30e4-493c-ae76-b8020f00d6aa" />
      <TestMethod codeBase="TestAssembly.dll" className="TestNamespace.TestClass7" name="Test7761" />
    </UnitTest>
    <UnitTest name="Test7762" id="5513c465-09a9-4743-897d-cd995ee1bc9c" storage="TestAssembly.dll">
      <Execution id="dd642347-996a-4fa8-85e5-aaa0cd32e529" />
      <TestMethod codeBase="TestAssembly.dll" className="TestNamespace.TestClass7" name="Test7762" />
    </UnitTest>
    <UnitTest name="Test7763" id="51d61c5c-2e59-4e24-be9e-0d026eec77c2" storage="TestAssembly.dll">
      <Execution id="47834805-eb54-4da2-9685-6a3842e5d6e0" />
      <TestMethod codeBase="TestAssembly.dll" className="TestNamespace.TestClass7" name="Test7763" />
    </UnitTest>
    <UnitTest name="Test7764" id="feddd6c7-14b6-4ceb-aca0-acfb3d07c947" storage="TestAssembly.dll">
      <Execution id="5a93ae5a-8d66-497a-a7bc-e37e848746f3" />
      <TestMethod codeBase="TestAssembly.dll" className="TestNamespace.TestClass7" name="Test7764" />
    </UnitTest>
    <UnitTest name="Test7765" id="3ace5c89-3fdc-4ccb-a14d-95d9a80b1a08" storage="TestAssembly.dll">
      <Execution id="e81a7c7d-6b60-4b58-aa27-5ce44513f355" />
      <TestMethod codeBase="TestAssembly.dll" className="TestNamespace.TestClass7" name="Test7765" />
    </UnitTest>
    <UnitTest name="Test7766" id="c7fed39e-fb22-4e59-b95e-79b6175b9856" storage="TestAssembly.dll">
      <Execution id="7918b439-2ef5-4e0c-8452-9b6634a19118" />
      <TestMethod codeBase="TestAssembly.dll" className="TestNamespace.TestClass7" name="Test7766" />
    </UnitTest>
    <UnitTest name="Test7767" id="b8a207c1-9181-44d3-97d2-ec36b113b0b9" storage="TestAssembly.dll">
      <Execution id="0ac38648-3816-4fb8-bc80-a295d908ebbd" />
      <TestMethod codeBase="TestAssembly.dll" className="TestNamespace.TestClass7" name="Test7767" />
    </UnitTest>
    <UnitTest name="Test7768" id="372a831d-fc58-45e4-8a2e-8c5d8de666e0" storage="TestAssembly.dll">
      <Execution id="9b94ba9d-3ef8-43b2-8071-cab993209cb1" />
      <TestMethod codeBase="TestAssembly.dll" className="TestNamespace.TestClass7" name="Test7768" />
    </UnitTest>
    <UnitTest name="Test7769" id="70f217b3-1b6e-4c72-b101-1fba24d18104" storage="TestAssembly.dll">
      <Execution id="101ab76b-1ee8-4b8a-b6b2-99fcfe324e14" />
      <TestMethod codeBase="TestAssembly.dll" className="TestNamespace.TestClass7" name="Test7769" />
    </UnitTest>
    <UnitTest name="Test7770" id="2e64d044-746b-466e-b26f-73b074e9c18e" storage="TestAssembly.dll">
      <Execution id="a5ce2e73-cf0b-4ca9-bbae-9b9c68157c67" />
      <TestMethod codeBase="TestAssembly.dll" className="TestNamespace.TestClass7" name="Test7770" />
    </UnitTest>
    <UnitTest name="Test7771" id="91d68e17-f00a-4358-b8f6-7ed1a423a3aa" storage="TestAssembly.dll">
      <Execution id="118991ce-9193-4a9a-9c7d-e3daa4eeb055" />
      <TestMethod codeBase="TestAssembly.dll" className="TestNamespace.TestClass8" name="Test7771" />
    </UnitTest>
    <UnitTest name="Test7772" id="adf68f0c-8f88-4bfc-b0c1-945e4518ee79" storage="TestAssembly.dll">
      <Execution id="168d72b3-439b-42fd-8021-2c40d517939f" />
      <TestMethod codeBase="TestAssembly.dll" className="TestNamespace.TestClass8" name="Test7772" />
    </UnitTest>
    <UnitTest name="Test7773" id="2e8d952a-24e6-4689-a975-a22efd117225" storage="TestAssembly.dll">
      <Execution id="674d4d7f-15d4-46f8-be92-d34822fe4806" />
      <TestMethod codeBase="TestAssembly.dll" className="TestNamespace.TestClass8" name="Test7773" />
    </UnitTest>
    <UnitTest name="Test7774" id="e7b74735-693c-4fac-8171-f655158208bf" storage="TestAssembly.dll">
      <Execution id="374e0f8a-7b98-4319-9ed1-25ec9d68174c" />
      <TestMethod codeBase="TestAssembly.dll" className="TestNamespace.TestClass8" name="Test7774" />
    </UnitTest>
    <UnitTest name="Test7775" id="517b4569-d55a-408b-abcd-de56eda174fb" storage="TestAssembly.dll">
      <Execution id="f58b1742-1576-4a5d-85a0-3209b8cc273a" />
      <TestMethod codeBase="TestAssembly.dll" className="TestNamespace.TestClass8" name="Test7775" />
    </UnitTest>
    <UnitTest name="Test7776" id="35e26fbb-7402-4c9a-81ca-49c0505d9ac1" storage="TestAssembly.dll">
      <Execution id="64288eec-f5d0-457b-bfcb-3ff6a1977afb" />
      <TestMethod codeBase="TestAssembly.dll" className="TestNamespace.TestClass8" name="Test7776" />
    </UnitTest>
    <UnitTest name="Test7777" id="fa2fd483-26e2-4590-bcc9-4eaadf539795" storage="TestAssembly.dll">
      <Execution id="ea3dca44-732e-4056-8622-d156f5a83e34" />
      <TestMethod codeBase="TestAssembly.dll" className="TestNamespace.TestClass8" name="Test7777" />
    </UnitTest>
    <UnitTest name="Test7778" id="e8dab428-ca84-4538-b997-5c8f25d0066b" storage="TestAssembly.dll">
      <Execution id="59c25dce-01c2-480f-a25a-b252084b354e" />
      <TestMethod codeBase="TestAssembly.dll" className="TestNamespace.TestClass8" name="Test7778" />
    </UnitTest>
    <UnitTest name="Test7779" id="b3d85947-f743-403c-af4e-bbfaf826be03" storage="TestAssembly.dll">
      <Execution id="3361c0ae-7379-4a81-8e8f-099f4fef424f" />
      <TestMethod codeBase="TestAssembly.dll" className="TestNamespace.TestClass8" name="Test7779" />
    </UnitTest>
    <UnitTest name="Test7780" id="c7ab0bea-3401-45b0-9711-d1a257c0c301" storage="TestAssembly.dll">
      <Execution id="0c73067b-d329-4751-b8e5-bd34428284df" />
      <TestMethod codeBase="TestAssembly.dll" className="TestNamespace.TestClass8" name="Test7780" />
    </UnitTest>
    <UnitTest name="Test7781" id="3c7147df-d332-413b-918b-33ca3d69ca8b" storage="TestAssembly.dll">
      <Execution id="4eabfa0b-9ae5-4ecc-b8d0-9aacb56a8b46" />
      <TestMethod codeBase="TestAssembly.dll" className="TestNamespace.TestClass9" name="Test7781" />
    </UnitTest>
    <UnitTest name="Test7782" id="2526e188-8718-47a9-aa6e-e756865ce9fa" storage="TestAssembly.dll">
      <Execution id="ae07f0e5-6125-45bc-9a16-c155ff601226" />
      <TestMethod codeBase="TestAssembly.dll" className="TestNamespace.TestClass9" name="Test7782" />
    </UnitTest>
    <UnitTest name="Test7783" id="c670f650-5022-4e83-934a-3aa5b20e3d51" storage="TestAssembly.dll">
      <Execution id="a3ffe30d-9f44-4904-9a8b-c1be069d963e" />
      <TestMethod codeBase="TestAssembly.dll" className="TestNamespace.TestClass9" name="Test7783" />
    </UnitTest>
    <UnitTest name="Test7784" id="a772afb1-8efd-4044-8857-f1cd6b1489a2" storage="TestAssembly.dll">
      <Execution id="86a1bfee-d69c-487d-a765-342df604ae2e" />
      <TestMethod codeBase="TestAssembly.dll" className="TestNamespace.TestClass9" name="Test7784" />
    </UnitTest>
    <UnitTest name="Test7785" id="9814d595-c0b0-4c77-ab91-317fdc008fae" storage="TestAssembly.dll">
      <Execution id="2af3ebff-6309-4aaf-8392-320e37e963c6" />
      <TestMethod codeBase="TestAssembly.dll" className="TestNamespace.TestClass9" name="Test7785" />
    </UnitTest>
    <UnitTest name="Test7786" id="28e89003-8fa1-4573-89e3-1e6d951fc3ac" storage="TestAssembly.dll">
      <Execution id="83dc1ba3-5ff1-4486-ba37-b029cb1701db" />
      <TestMethod codeBase="TestAssembly.dll" className="TestNamespace.TestClass9" name="Test7786" />
    </UnitTest>
    <UnitTest name="Test7787" id="4919ccac-fe77-4a4f-8dea-07bdb996122a" storage="TestAssembly.dll">
      <Execution id="aa16bb53-c3ca-433f-94a0-e245744a8a14" />
      <TestMethod codeBase="TestAssembly.dll" className="TestNamespace.TestClass9" name="Test7787" />
    </UnitTest>
    <UnitTest name="Test7788" id="ec81a579-beb3-4d51-9faa-0198aefabd07" storage="TestAssembly.dll">
      <Execution id="d722c301-c61a-43dc-b723-210ab3f7de87" />
      <TestMethod codeBase="TestAssembly.dll" className="TestNamespace.TestClass9" name="Test7788" />
    </UnitTest>
    <UnitTest name="Test7789" id="66ed92ea-2c7d-40cd-b2e1-f04b6b2b0283" storage="TestAssembly.dll">
      <Execution id="d04e5cea-3856-41cb-bdab-3aa154da369f" />
      <TestMethod codeBase="TestAssembly.dll" className="TestNamespace.TestClass9" name="Test7789" />
    </UnitTest>
    <UnitTest name="Test7790" id="cf9c84d9-1176-4123-8af2-0b9036b7b650" storage="TestAssembly.dll">
      <Execution id="35cb43b2-ec9f-4767-9549-de4e7898cc6e" />
      <TestMethod codeBase="TestAssembly.dll" className="TestNamespace.TestClass9" name="Test7790" />
    </UnitTest>
    <UnitTest name="Test7791" id="1b1a9d3d-2bea-49ee-8ca3-9371ffc668dc" storage="TestAssembly.dll">
      <Execution id="de56135a-fa89-4fc7-b004-72586dae2634" />
      <TestMethod codeBase="TestAssembly.dll" className="TestNamespace.TestClass10" name="Test7791" />
    </UnitTest>
    <UnitTest name="Test7792" id="21fabedf-4d45-45d6-91b6-301a41753ba3" storage="TestAssembly.dll">
      <Execution id="9e641a22-bb97-4617-af79-a5450c2420c8" />
      <TestMethod codeBase="TestAssembly.dll" className="TestNamespace.TestClass10" name="Test7792" />
    </UnitTest>
    <UnitTest name="Test7793" id="63f1b67c-4016-48ce-bbe9-9dd35c11ba40" storage="TestAssembly.dll">
      <Execution id="43d91998-ce73-4f77-a900-946a0a15807c" />
      <TestMethod codeBase="TestAssembly.dll" className="TestNamespace.TestClass10" name="Test7793" />
    </UnitTest>
    <UnitTest name="Test7794" id="10df05ec-9a38-4185-ada8-a86cd1c58731" storage="TestAssembly.dll">
      <Execution id="e680531c-eae2-46b3-a50c-8e41f05434db" />
      <TestMethod codeBase="TestAssembly.dll" className="TestNamespace.TestClass10" name="Test7794" />
    </UnitTest>
    <UnitTest name="Test7795" id="e0365ed5-713a-4a6e-b554-b3d5055ab3b1" storage="TestAssembly.dll">
      <Execution id="d6da2352-ab45-449d-8ae6-40e33f2e7f39" />
      <TestMethod codeBase="TestAssembly.dll" className="TestNamespace.TestClass10" name="Test7795" />
    </UnitTest>
    <UnitTest name="Test7796" id="ce4ece44-9b93-4a28-bd08-324d33874005" storage="TestAssembly.dll">
      <Execution id="c135bdc4-6d4c-4efe-861e-7e81d39dea5b" />
      <TestMethod codeBase="TestAssembly.dll" className="TestNamespace.TestClass10" name="Test7796" />
    </UnitTest>
    <UnitTest name="Test7797" id="c78e2d30-48a7-49b1-af57-c2ead1f63760" storage="TestAssembly.dll">
      <Execution id="a1ef4e8a-c09e-4d19-a6bc-ebb248d0e22b" />
      <TestMethod codeBase="TestAssembly.dll" className="TestNamespace.TestClass10" name="Test7797" />
    </UnitTest>
    <UnitTest name="Test7798" id="31f6e117-0476-4f56-9374-1c2f11a5a894" storage="TestAssembly.dll">
      <Execution id="bf73d299-c0a2-49d0-9555-f5f5ad49c552" />
      <TestMethod codeBase="TestAssembly.dll" className="TestNamespace.TestClass10" name="Test7798" />
    </UnitTest>
    <UnitTest name="Test7799" id="05f9d5f5-146d-4fe3-9bd7-70130fcf69ae" storage="TestAssembly.dll">
      <Execution id="85bb6a61-e1e8-4b3c-a266-ede6de6f7d10" />
      <TestMethod codeBase="TestAssembly.dll" className="TestNamespace.TestClass10" name="Test7799" />
    </UnitTest>
    <UnitTest name="Test7800" id="f1a20c08-9e26-499a-a143-06cdfba59d22" storage="TestAssembly.dll">
      <Execution id="71cd0740-c0a4-44f7-a59b-0bf210a2addd" />
      <TestMethod codeBase="TestAssembly.dll" className="TestNamespace.TestClass10" name="Test7800" />
    </UnitTest>
  </TestDefinitions>
  <TestEntries>
    <TestEntry testId="fb3b2587-a7af-4868-a92b-70ff621630ad" executionId="49f26aeb-5549-4966-a8a0-cc0529aaef6f" testListId="31b3c1e4-27e8-474e-9045-0ae24d797e1b" />
    <TestEntry testId="f9ec136e-99b9-4c7e-8a7c-b50795c9408a" executionId="8724e751-220c-4910-856f-a1f0d4112c9d" testListId="31b3c1e4-27e8-474e-9045-0ae24d797e1b" />
    <TestEntry testId="1fcccca4-833f-4f39-8a50-c53a2ebe8fab" executionId="f8ab5080-dc02-4224-8003-7de60b39f380" testListId="31b3c1e4-27e8-474e-9045-0ae24d797e1b" />
    <TestEntry testId="33b562a3-bd97-4790-aa45-130b43485d1d" executionId="d9872da3-31d4-4ea9-9b44-d76cc8ac58dd" testListId="31b3c1e4-27e8-474e-9045-0ae24d797e1b" />
    <TestEntry testId="96bd6198-c552-497d-b943-b46af56ebe15" executionId="3193483f-56ae-4dbb-977c-4059ec9d27d9" testListId="31b3c1e4-27e8-474e-9045-0ae24d797e1b" />
    <TestEntry testId="022be854-219f-4df1-a385-7633f29d2d6c" executionId="5c00e00f-c74b-4e72-9a86-53ed6d0f8495" testListId="31b3c1e4-27e8-474e-9045-0ae24d797e1b" />
    <TestEntry testId="a2c5fbc0-0c21-4461-ae37-6ed2e7c1b814" executionId="41496588-da4d-4ac9-a6c3-1640b99c7e08" testListId="31b3c1e4-27e8-474e-9045-0ae24d797e1b" />
    <TestEntry testId="08ec13d2-253d-41d7-8e1c-c1242b65b2b9" executionId="87e697d1-ceda-450a-a8df-b114dcf95584" testListId="31b3c1e4-27e8-474e-9045-0ae24d797e1b" />
    <TestEntry testId="2824d835-0dec-41e1-921d-c20ee657330d" executionId="08446094-933f-438b-b469-d7c2fa44af79" testListId="31b3c1e4-27e8-474e-9045-0ae24d797e1b" />
    <TestEntry testId="84242315-9768-4779-a70c-628fdd5b6e2b" executionId="432205b0-eda3-499d-a91e-d5f7af26ceb0" testListId="31b3c1e4-27e8-474e-9045-0ae24d797e1b" />
    <TestEntry testId="2b324100-d5b1-4980-b0cf-e0590265f231" executionId="3b967a2f-9c44-4fb7-9483-fcfa5017ee48" testListId="31b3c1e4-27e8-474e-9045-0ae24d797e1b" />
    <TestEntry testId="0141d673-f13c-432f-bb1a-01819085b543" executionId="269bd313-9856-4019-85a3-8ec78b27ccd6" testListId="31b3c1e4-27e8-474e-9045-0ae24d797e1b" />
    <TestEntry testId="88ab7335-fbb2-4467-b995-30744a9c92af" executionId="0d77499c-10b5-41ab-89b9-b00dd1dfef90" testListId="31b3c1e4-27e8-474e-9045-0ae24d797e1b" />
    <TestEntry testId="eb5eb6f5-41c4-49b6-8c52-07056bf8ae3a" executionId="905806cb-0e79-41f1-8481-a26edb6d422c" testListId="31b3c1e4-27e8-474e-9045-0ae24d797e1b" />
    <TestEntry testId="5abdda1e-4d01-4d5c-9049-2e9dcba5357c" executionId="ed156fab-af2a-4904-830d-37226154a9e8" testListId="31b3c1e4-27e8-474e-9045-0ae24d797e1b" />
    <TestEntry testId="57a64931-a071-49a2-9043-94fad8777b79" executionId="55ce6d93-6bba-422f-bf97-dc342897d1d4" testListId="31b3c1e4-27e8-474e-9045-0ae24d797e1b" />
    <TestEntry testId="22d4fb1a-7113-41d9-a863-0635b9b44ba6" executionId="33513e16-ff8e-4cdc-99e0-d7b434b90740" testListId="31b3c1e4-27e8-474e-9045-0ae24d797e1b" />
    <TestEntry testId="76b62b12-2861-426c-b4b2-3166e6b53567" executionId="dc2d1351-b960-4846-93d6-9ff307dd2824" testListId="31b3c1e4-27e8-474e-9045-0ae24d797e1b" />
    <TestEntry testId="48ff50cb-3675-481c-abad-e307af8edef7" executionId="9220f24b-f50e-4f72-895f-4d5e3a98e842" testListId="31b3c1e4-27e8-474e-9045-0ae24d797e1b" />
    <TestEntry testId="68f98359-dd44-4951-aacf-b41e61c04df7" executionId="ebb349f7-d505-4d19-b7ad-dc8fe41ebbbc" testListId="31b3c1e4-27e8-474e-9045-0ae24d797e1b" />
    <TestEntry testId="b34adf11-fdbe-453d-bc7e-990703f4377a" executionId="212ffa28-ab50-4afa-9a43-8c849b4e678a" testListId="31b3c1e4-27e8-474e-9045-0ae24d797e1b" />
    <TestEntry testId="d33d7ffd-3322-4de1-a705-fa4b60497808" executionId="a9a7ac3c-13f9-40b8-b88d-a5b86534fdb6" testListId="31b3c1e4-27e8-474e-9045-0ae24d797e1b" />
    <TestEntry testId="2b9cfe76-7e51-4231-9706-d7796e4d8366" executionId="f32368a5-0674-40b5-8ae2-02b90d85f265" testListId="31b3c1e4-27e8-474e-9045-0ae24d797e1b" />
    <TestEntry testId="79e31d97-29a7-4b25-9634-b82fb59d5444" executionId="012e790b-7a77-43aa-9c35-65f15999c162" testListId="31b3c1e4-27e8-474e-9045-0ae24d797e1b" />
    <TestEntry testId="e249ac81-7298-44b4-9999-76cb7a5e5b53" executionId="01b01d5c-4d1e-446d-af60-f6e3ce277f7a" testListId="31b3c1e4-27e8-474e-9045-0ae24d797e1b" />
    <TestEntry testId="17e700e1-b4d3-4508-9f8c-3211691ccdce" executionId="c06c4739-b618-4989-ab1f-acb238372229" testListId="31b3c1e4-27e8-474e-9045-0ae24d797e1b" />
    <TestEntry testId="5eccab74-b331-476c-a1a7-54e278124164" executionId="b532529c-3c29-4ebe-87b7-f554c2a71eaa" testListId="31b3c1e4-27e8-474e-9045-0ae24d797e1b" />
    <TestEntry testId="28af3a46-9fd0-4637-a8c9-5f03449011b4" executionId="51f5bf68-f15f-433a-8b3e-4589a0ae98ce" testListId="31b3c1e4-27e8-474e-9045-0ae24d797e1b" />
    <TestEntry testId="d66e5b6b-e885-4110-8f5b-c6e6f1234b4b" executionId="474e0e54-5edf-4bfb-8c08-011398fdd013" testListId="31b3c1e4-27e8-474e-9045-0ae24d797e1b" />
    <TestEntry testId="cb41f7db-b756-4649-b8e1-a86f9d6189e5" executionId="a8136b95-e728-402e-842b-4ae2f7d436f3" testListId="31b3c1e4-27e8-474e-9045-0ae24d797e1b" />
    <TestEntry testId="b0212737-86ee-4c92-bea7-0b974edd27c2" executionId="988086f8-d561-464a-89f0-10f8a3aaf330" testListId="31b3c1e4-27e8-474e-9045-0ae24d797e1b" />
    <TestEntry testId="15d9f04b-29ea-4e7d-8132-aae76fbbf074" executionId="60190143-5b11-4346-b4c8-2a36d4c653d7" testListId="31b3c1e4-27e8-474e-9045-0ae24d797e1b" />
    <TestEntry testId="b7497462-1182-459d-beb9-796978caa9f1" executionId="ff452d81-a1ef-4134-b5ac-acca2d34e60f" testListId="31b3c1e4-27e8-474e-9045-0ae24d797e1b" />
    <TestEntry testId="c5581ab8-020b-4b2f-aeca-168a3841cd80" executionId="4f6ee10f-497e-4be0-814c-778d0a237296" testListId="31b3c1e4-27e8-474e-9045-0ae24d797e1b" />
    <TestEntry testId="9c7d4a27-a3f9-4caf-afb5-f7ade6a69158" executionId="9902b9b2-41ee-451d-a01a-4e0483978033" testListId="31b3c1e4-27e8-474e-9045-0ae24d797e1b" />
    <TestEntry testId="3df91c2a-582e-4b3a-a514-85c01e1a1b7b" executionId="75f6df66-8772-427e-8fbe-dca5ff9b4225" testListId="31b3c1e4-27e8-474e-9045-0ae24d797e1b" />
    <TestEntry testId="6b96409c-6e23-426d-93c3-ab58fae58f59" executionId="5d95b700-221d-475e-a906-9923b9ba4f79" testListId="31b3c1e4-27e8-474e-9045-0ae24d797e1b" />
    <TestEntry testId="1cfd2e74-ca26-4ff1-a8f0-2213f2006bf8" executionId="6ab7de0b-e2d5-4d93-864b-b0f22ad8fa39" testListId="31b3c1e4-27e8-474e-9045-0ae24d797e1b" />
    <TestEntry testId="70aa049f-674a-4666-a1d1-6f7c75e08cdd" executionId="2e85a5cc-8b27-4a88-aa3c-23da06a3753f" testListId="31b3c1e4-27e8-474e-9045-0ae24d797e1b" />
    <TestEntry testId="453599a5-4805-4bf3-9b87-4ec050fe14fa" executionId="c68de52a-4308-454c-adf0-2123fb349aeb" testListId="31b3c1e4-27e8-474e-9045-0ae24d797e1b" />
    <TestEntry testId="e8398aa4-75f0-4fc8-b200-0ac1a669354f" executionId="2f7c3c44-4c26-4724-9a1a-54ece99a3213" testListId="31b3c1e4-27e8-474e-9045-0ae24d797e1b" />
    <TestEntry testId="9a643bfc-5fef-4fe2-834e-602caf84e7b3" executionId="e527a289-2cdd-431a-8cd8-cdf5584fe52b" testListId="31b3c1e4-27e8-474e-9045-0ae24d797e1b" />
    <TestEntry testId="a1b2e7d4-e498-44d7-8281-297e6a47b1d8" executionId="7baf2517-903d-4143-95e1-c5b4fa75f368" testListId="31b3c1e4-27e8-474e-9045-0ae24d797e1b" />
    <TestEntry testId="5fb4533e-c524-420d-b468-c4b34666d52c" executionId="017537d3-145c-48b6-a5d0-13ad6cf62891" testListId="31b3c1e4-27e8-474e-9045-0ae24d797e1b" />
    <TestEntry testId="70bf22e9-fd19-4a50-a522-dbadc9f5a44c" executionId="6097c423-dca5-4dcc-9112-d3ebff7dfead" testListId="31b3c1e4-27e8-474e-9045-0ae24d797e1b" />
    <TestEntry testId="88483066-1a13-445a-b4bd-a80f5766e7a8" executionId="c4f49b03-6e13-40f9-a66a-0ca7746f6aec" testListId="31b3c1e4-27e8-474e-9045-0ae24d797e1b" />
    <TestEntry testId="d1f6e324-e80a-435d-a872-75d8f42ca81f" executionId="2d4ca6a5-01ce-48d4-b009-915fbb5ece05" testListId="31b3c1e4-27e8-474e-9045-0ae24d797e1b" />
    <TestEntry testId="822b76d8-f4eb-42f8-8626-f3ce22f70b0d" executionId="0da4d199-e37a-4c19-bb77-77a796bfb40c" testListId="31b3c1e4-27e8-474e-9045-0ae24d797e1b" />
    <TestEntry testId="bb82df88-476f-4c98-a6b3-3ac02ee53914" executionId="24089f8d-036f-45fc-9685-776c904451c1" testListId="31b3c1e4-27e8-474e-9045-0ae24d797e1b" />
    <TestEntry testId="5d042106-ca88-4480-9d7b-7924b98a97da" executionId="2db032f6-19c1-4f7a-a419-f474fbcfe503" testListId="31b3c1e4-27e8-474e-9045-0ae24d797e1b" />
    <TestEntry testId="ad65a2c8-7088-424b-8824-850351423fe0" executionId="92323400-0bf0-49cc-835c-170c7391c61e" testListId="31b3c1e4-27e8-474e-9045-0ae24d797e1b" />
    <TestEntry testId="bc2203a2-1926-475e-95e5-7763617acc55" executionId="b338a547-db4f-4cde-8718-d2063bb98ff0" testListId="31b3c1e4-27e8-474e-9045-0ae24d797e1b" />
    <TestEntry testId="fa357ce4-3b83-4137-a3f6-eefbc80f076a" executionId="c3f15677-1027-4f98-85f6-ec75645d8007" testListId="31b3c1e4-27e8-474e-9045-0ae24d797e1b" />
    <TestEntry testId="759d513c-7fd3-4368-a36e-3d37d3384cdf" executionId="4baf3c34-a7e8-463f-8f2f-814cb22f79c4" testListId="31b3c1e4-27e8-474e-9045-0ae24d797e1b" />
    <TestEntry testId="e6b1db37-5de9-4cd2-a527-81eb9fb97956" executionId="54c9600a-d7f6-41f6-9402-5f0f539dc9d4" testListId="31b3c1e4-27e8-474e-9045-0ae24d797e1b" />
    <TestEntry testId="0189bc62-21bc-4b85-b9b0-66384b7ba339" executionId="fcc61be1-01bd-4233-8991-d2dc4ef3952f" testListId="31b3c1e4-27e8-474e-9045-0ae24d797e1b" />
    <TestEntry testId="7ddb910b-b620-4f44-9aa5-c286106d1157" executionId="86ae7dcf-fd4e-4fde-8627-1a1511842c18" testListId="31b3c1e4-27e8-474e-9045-0ae24d797e1b" />
    <TestEntry testId="060bcea4-edd2-489c-9ba3-8ca7a9420099" executionId="e48d74a3-aea8-4605-941e-e2748d9f2a7e" testListId="31b3c1e4-27e8-474e-9045-0ae24d797e1b" />
    <TestEntry testId="a437eb0c-a61a-4844-900f-79d009f4f30d" executionId="15e304e5-3452-489f-bf8a-446085860d35" testListId="31b3c1e4-27e8-474e-9045-0ae24d797e1b" />
    <TestEntry testId="7e9f53c6-867a-4d6a-a9d1-90c62c2336d6" executionId="2a1a5df9-9f89-4480-a066-8e5dad3c871e" testListId="31b3c1e4-27e8-474e-9045-0ae24d797e1b" />
    <TestEntry testId="9372b477-a72c-4592-b9e8-3537a510a19c" executionId="eb878dd4-30e4-493c-ae76-b8020f00d6aa" testListId="31b3c1e4-27e8-474e-9045-0ae24d797e1b" />
    <TestEntry testId="5513c465-09a9-4743-897d-cd995ee1bc9c" executionId="dd642347-996a-4fa8-85e5-aaa0cd32e529" testListId="31b3c1e4-27e8-474e-9045-0ae24d797e1b" />
    <TestEntry testId="51d61c5c-2e59-4e24-be9e-0d026eec77c2" executionId="47834805-eb54-4da2-9685-6a3842e5d6e0" testListId="31b3c1e4-27e8-474e-9045-0ae24d797e1b" />
    <TestEntry testId="feddd6c7-14b6-4ceb-aca0-acfb3d07c947" executionId="5a93ae5a-8d66-497a-a7bc-e37e848746f3" testListId="31b3c1e4-27e8-474e-9045-0ae24d797e1b" />
    <TestEntry testId="3ace5c89-3fdc-4ccb-a14d-95d9a80b1a08" executionId="e81a7c7d-6b60-4b58-aa27-5ce44513f355" testListId="31b3c1e4-27e8-474e-9045-0ae24d797e1b" />
    <TestEntry testId="c7fed39e-fb22-4e59-b95e-79b6175b9856" executionId="7918b439-2ef5-4e0c-8452-9b6634a19118" testListId="31b3c1e4-27e8-474e-9045-0ae24d797e1b" />
    <TestEntry testId="b8a207c1-9181-44d3-97d2-ec36b113b0b9" executionId="0ac38648-3816-4fb8-bc80-a295d908ebbd" testListId="31b3c1e4-27e8-474e-9045-0ae24d797e1b" />
    <TestEntry testId="372a831d-fc58-45e4-8a2e-8c5d8de666e0" executionId="9b94ba9d-3ef8-43b2-8071-cab993209cb1" testListId="31b3c1e4-27e8-474e-9045-0ae24d797e1b" />
    <TestEntry testId="70f217b3-1b6e-4c72-b101-1fba24d18104" executionId="101ab76b-1ee8-4b8a-b6b2-99fcfe324e14" testListId="31b3c1e4-27e8-474e-9045-0ae24d797e1b" />
    <TestEntry testId="2e64d044-746b-466e-b26f-73b074e9c18e" executionId="a5ce2e73-cf0b-4ca9-bbae-9b9c68157c67" testListId="31b3c1e4-27e8-474e-9045-0ae24d797e1b" />
    <TestEntry testId="91d68e17-f00a-4358-b8f6-7ed1a423a3aa" executionId="118991ce-9193-4a9a-9c7d-e3daa4eeb055" testListId="31b3c1e4-27e8-474e-9045-0ae24d797e1b" />
    <TestEntry testId="adf68f0c-8f88-4bfc-b0c1-945e4518ee79" executionId="168d72b3-439b-42fd-8021-2c40d517939f" testListId="31b3c1e4-27e8-474e-9045-0ae24d797e1b" />
    <TestEntry testId="2e8d952a-24e6-4689-a975-a22efd117225" executionId="674d4d7f-15d4-46f8-be92-d34822fe4806" testListId="31b3c1e4-27e8-474e-9045-0ae24d797e1b" />
    <TestEntry testId="e7b74735-693c-4fac-8171-f655158208bf" executionId="374e0f8a-7b98-4319-9ed1-25ec9d68174c" testListId="31b3c1e4-27e8-474e-9045-0ae24d797e1b" />
    <TestEntry testId="517b4569-d55a-408b-abcd-de56eda174fb" executionId="f58b1742-1576-4a5d-85a0-3209b8cc273a" testListId="31b3c1e4-27e8-474e-9045-0ae24d797e1b" />
    <TestEntry testId="35e26fbb-7402-4c9a-81ca-49c0505d9ac1" executionId="64288eec-f5d0-457b-bfcb-3ff6a1977afb" testListId="31b3c1e4-27e8-474e-9045-0ae24d797e1b" />
    <TestEntry testId="fa2fd483-26e2-4590-bcc9-4eaadf539795" executionId="ea3dca44-732e-4056-8622-d156f5a83e34" testListId="31b3c1e4-27e8-474e-9045-0ae24d797e1b" />
    <TestEntry testId="e8dab428-ca84-4538-b997-5c8f25d0066b" executionId="59c25dce-01c2-480f-a25a-b252084b354e" testListId="31b3c1e4-27e8-474e-9045-0ae24d797e1b" />
    <TestEntry testId="b3d85947-f743-403c-af4e-bbfaf826be03" executionId="3361c0ae-7379-4a81-8e8f-099f4fef424f" testListId="31b3c1e4-27e8-474e-9045-0ae24d797e1b" />
    <TestEntry testId="c7ab0bea-3401-45b0-9711-d1a257c0c301" executionId="0c73067b-d329-4751-b8e5-bd34428284df" testListId="31b3c1e4-27e8-474e-9045-0ae24d797e1b" />
    <TestEntry testId="3c7147df-d332-413b-918b-33ca3d69ca8b" executionId="4eabfa0b-9ae5-4ecc-b8d0-9aacb56a8b46" testListId="31b3c1e4-27e8-474e-9045-0ae24d797e1b" />
    <TestEntry testId="2526e188-8718-47a9-aa6e-e756865ce9fa" executionId="ae07f0e5-6125-45bc-9a16-c155ff601226" testListId="31b3c1e4-27e8-474e-9045-0ae24d797e1b" />
    <TestEntry testId="c670f650-5022-4e83-934a-3aa5b20e3d51" executionId="a3ffe30d-9f44-4904-9a8b-c1be069d963e" testListId="31b3c1e4-27e8-474e-9045-0ae24d797e1b" />
    <TestEntry testId="a772afb1-8efd-4044-8857-f1cd6b1489a2" executionId="86a1bfee-d69c-487d-a765-342df604ae2e" testListId="31b3c1e4-27e8-474e-9045-0ae24d797e1b" />
    <TestEntry testId="9814d595-c0b0-4c77-ab91-317fdc008fae" executionId="2af3ebff-6309-4aaf-8392-320e37e963c6" testListId="31b3c1e4-27e8-474e-9045-0ae24d797e1b" />
    <TestEntry testId="28e89003-8fa1-4573-89e3-1e6d951fc3ac" executionId="83dc1ba3-5ff1-4486-ba37-b029cb1701db" testListId="31b3c1e4-27e8-474e-9045-0ae24d797e1b" />
    <TestEntry testId="4919ccac-fe77-4a4f-8dea-07bdb996122a" executionId="aa16bb53-c3ca-433f-94a0-e245744a8a14" testListId="31b3c1e4-27e8-474e-9045-0ae24d797e1b" />
    <TestEntry testId="ec81a579-beb3-4d51-9faa-0198aefabd07" executionId="d722c301-c61a-43dc-b723-210ab3f7de87" testListId="31b3c1e4-27e8-474e-9045-0ae24d797e1b" />
    <TestEntry testId="66ed92ea-2c7d-40cd-b2e1-f04b6b2b0283" executionId="d04e5cea-3856-41cb-bdab-3aa154da369f" testListId="31b3c1e4-27e8-474e-9045-0ae24d797e1b" />
    <TestEntry testId="cf9c84d9-1176-4123-8af2-0b9036b7b650" executionId="35cb43b2-ec9f-4767-9549-de4e7898cc6e" testListId="31b3c1e4-27e8-474e-9045-0ae24d797e1b" />
    <TestEntry testId="1b1a9d3d-2bea-49ee-8ca3-9371ffc668dc" executionId="de56135a-fa89-4fc7-b004-72586dae2634" testListId="31b3c1e4-27e8-474e-9045-0ae24d797e1b" />
    <TestEntry testId="21fabedf-4d45-45d6-91b6-301a41753ba3" executionId="9e641a22-bb97-4617-af79-a5450c2420c8" testListId="31b3c1e4-27e8-474e-9045-0ae24d797e1b" />
    <TestEntry testId="63f1b67c-4016-48ce-bbe9-9dd35c11ba40" executionId="43d91998-ce73-4f77-a900-946a0a15807c" testListId="31b3c1e4-27e8-474e-9045-0ae24d797e1b" />
    <TestEntry testId="10df05ec-9a38-4185-ada8-a86cd1c58731" executionId="e680531c-eae2-46b3-a50c-8e41f05434db" testListId="31b3c1e4-27e8-474e-9045-0ae24d797e1b" />
    <TestEntry testId="e0365ed5-713a-4a6e-b554-b3d5055ab3b1" executionId="d6da2352-ab45-449d-8ae6-40e33f2e7f39" testListId="31b3c1e4-27e8-474e-9045-0ae24d797e1b" />
    <TestEntry testId="ce4ece44-9b93-4a28-bd08-324d33874005" executionId="c135bdc4-6d4c-4efe-861e-7e81d39dea5b" testListId="31b3c1e4-27e8-474e-9045-0ae24d797e1b" />
    <TestEntry testId="c78e2d30-48a7-49b1-af57-c2ead1f63760" executionId="a1ef4e8a-c09e-4d19-a6bc-ebb248d0e22b" testListId="31b3c1e4-27e8-474e-9045-0ae24d797e1b" />
    <TestEntry testId="31f6e117-0476-4f56-9374-1c2f11a5a894" executionId="bf73d299-c0a2-49d0-9555-f5f5ad49c552" testListId="31b3c1e4-27e8-474e-9045-0ae24d797e1b" />
    <TestEntry testId="05f9d5f5-146d-4fe3-9bd7-70130fcf69ae" executionId="85bb6a61-e1e8-4b3c-a266-ede6de6f7d10" testListId="31b3c1e4-27e8-474e-9045-0ae24d797e1b" />
    <TestEntry testId="f1a20c08-9e26-499a-a143-06cdfba59d22" executionId="71cd0740-c0a4-44f7-a59b-0bf210a2addd" testListId="31b3c1e4-27e8-474e-9045-0ae24d797e1b" />
  </TestEntries>
  <TestLists>
    <TestList name="Results Not in a List" id="31b3c1e4-27e8-474e-9045-0ae24d797e1b" />
    <TestList name="All Loaded Results" id="2c4ebbdb-0e9e-4cf9-8e0c-67790a6de6fb" />
  </TestLists>
</TestRun>