<?xml version="1.0" encoding="UTF-8"?>
<TestRun id="997950fd-c6e1-4cd0-8ae4-1a4513039397" name="Test Run 74" runUser="Oles Galatsan" xmlns="http://microsoft.com/schemas/VisualStudio/TeamTest/2010">
  <Times creation="2025-05-14T13:20:31.3125482Z" queuing="2025-05-14T13:20:31.3125482Z" start="2025-05-14T13:20:31.3146610Z" finish="2025-05-14T13:25:31.3147553Z" />
  <TestSettings name="Test Settings 74" id="2baf224c-54f8-4064-8e73-51a6bb5d2ade" />
  <Results>
    <UnitTestResult executionId="3ef01387-da18-4fb8-b935-9b176ad7812b" testId="0396b908-03cb-40fa-8ea9-da943edac925" testName="Test7301" computerName="UA-LPT-OGA2" duration="00:00:01.7290000" startTime="2025-05-14T13:20:31.3146610Z" endTime="2025-05-14T13:25:31.3147553Z" testType="13cdc9d9-ddb5-4fa4-a97d-d965ccfc6d4b" outcome="Passed" testListId="0cc0dcd4-aed7-45d5-87ba-d6573b1fa291" />
    <UnitTestResult executionId="9d1c0ff3-7108-4d09-b225-90537b09dbeb" testId="382b3ef0-0258-4e30-9f62-bbe3a3010063" testName="Test7302" computerName="UA-LPT-OGA2" duration="00:00:00.7990000" startTime="2025-05-14T13:20:31.3146610Z" endTime="2025-05-14T13:25:31.3147553Z" testType="13cdc9d9-ddb5-4fa4-a97d-d965ccfc6d4b" outcome="Passed" testListId="0cc0dcd4-aed7-45d5-87ba-d6573b1fa291" />
    <UnitTestResult executionId="0e343908-ec1e-4ecb-af96-58d5d1a768d3" testId="adf24d6b-5a50-488f-9a48-717a9fbe7bb2" testName="Test7303" computerName="UA-LPT-OGA2" duration="00:00:00.5540000" startTime="2025-05-14T13:20:31.3146610Z" endTime="2025-05-14T13:25:31.3147553Z" testType="13cdc9d9-ddb5-4fa4-a97d-d965ccfc6d4b" outcome="Passed" testListId="0cc0dcd4-aed7-45d5-87ba-d6573b1fa291" />
    <UnitTestResult executionId="92a377ef-db65-4ea7-9ff3-d53479faff21" testId="ace4034d-bc77-4b8d-b171-71680d69d640" testName="Test7304" computerName="UA-LPT-OGA2" duration="00:00:00.1340000" startTime="2025-05-14T13:20:31.3146610Z" endTime="2025-05-14T13:25:31.3147553Z" testType="13cdc9d9-ddb5-4fa4-a97d-d965ccfc6d4b" outcome="Passed" testListId="0cc0dcd4-aed7-45d5-87ba-d6573b1fa291" />
    <UnitTestResult executionId="12553b16-c2a4-4727-a7d6-70ae8fd0c3b2" testId="15b4d847-45de-4ba7-88e5-8cab58384e37" testName="Test7305" computerName="UA-LPT-OGA2" duration="00:00:01.5510000" startTime="2025-05-14T13:20:31.3146610Z" endTime="2025-05-14T13:25:31.3147553Z" testType="13cdc9d9-ddb5-4fa4-a97d-d965ccfc6d4b" outcome="Passed" testListId="0cc0dcd4-aed7-45d5-87ba-d6573b1fa291" />
    <UnitTestResult executionId="aa782d2a-4bd8-46ab-88ef-81d7425316a0" testId="e2a8db44-5165-4141-a8bf-19961e414986" testName="Test7306" computerName="UA-LPT-OGA2" duration="00:00:00.9460000" startTime="2025-05-14T13:20:31.3146610Z" endTime="2025-05-14T13:25:31.3147553Z" testType="13cdc9d9-ddb5-4fa4-a97d-d965ccfc6d4b" outcome="Passed" testListId="0cc0dcd4-aed7-45d5-87ba-d6573b1fa291" />
    <UnitTestResult executionId="ed3202c9-d275-4bfa-a1d5-947ec3e31b07" testId="7153f3b7-5af1-40e3-add9-23ef87f01d03" testName="Test7307" computerName="UA-LPT-OGA2" duration="00:00:01.6780000" startTime="2025-05-14T13:20:31.3146610Z" endTime="2025-05-14T13:25:31.3147553Z" testType="13cdc9d9-ddb5-4fa4-a97d-d965ccfc6d4b" outcome="Passed" testListId="0cc0dcd4-aed7-45d5-87ba-d6573b1fa291" />
    <UnitTestResult executionId="563084af-8446-4fa3-9bbb-8fd435359234" testId="78595e8c-d2d6-46af-9cf7-e9ad40b7766c" testName="Test7308" computerName="UA-LPT-OGA2" duration="00:00:00.3100000" startTime="2025-05-14T13:20:31.3146610Z" endTime="2025-05-14T13:25:31.3147553Z" testType="13cdc9d9-ddb5-4fa4-a97d-d965ccfc6d4b" outcome="Passed" testListId="0cc0dcd4-aed7-45d5-87ba-d6573b1fa291" />
    <UnitTestResult executionId="993be38d-f19d-42b4-ad13-900008798b82" testId="b4e9d029-d377-4e56-86b1-6b69b10c9666" testName="Test7309" computerName="UA-LPT-OGA2" duration="00:00:01.6870000" startTime="2025-05-14T13:20:31.3146610Z" endTime="2025-05-14T13:25:31.3147553Z" testType="13cdc9d9-ddb5-4fa4-a97d-d965ccfc6d4b" outcome="Passed" testListId="0cc0dcd4-aed7-45d5-87ba-d6573b1fa291" />
    <UnitTestResult executionId="b4087d7f-65c1-4f37-a68b-54313b2f112d" testId="e20785f7-a95f-4479-afa1-b6f832e7b75d" testName="Test7310" computerName="UA-LPT-OGA2" duration="00:00:01.4370000" startTime="2025-05-14T13:20:31.3146610Z" endTime="2025-05-14T13:25:31.3147553Z" testType="13cdc9d9-ddb5-4fa4-a97d-d965ccfc6d4b" outcome="Passed" testListId="0cc0dcd4-aed7-45d5-87ba-d6573b1fa291" />
    <UnitTestResult executionId="70de7158-3313-4c42-af7d-d95db4451aa9" testId="a79841dc-cc79-42fe-b179-3e018be701a0" testName="Test7311" computerName="UA-LPT-OGA2" duration="00:00:01.9410000" startTime="2025-05-14T13:20:31.3146610Z" endTime="2025-05-14T13:25:31.3147553Z" testType="13cdc9d9-ddb5-4fa4-a97d-d965ccfc6d4b" outcome="Passed" testListId="0cc0dcd4-aed7-45d5-87ba-d6573b1fa291" />
    <UnitTestResult executionId="58252d69-871f-4eab-b57f-f7b1567f4546" testId="b456defd-09dd-48cd-a068-87e73dedcd7a" testName="Test7312" computerName="UA-LPT-OGA2" duration="00:00:00.9060000" startTime="2025-05-14T13:20:31.3146610Z" endTime="2025-05-14T13:25:31.3147553Z" testType="13cdc9d9-ddb5-4fa4-a97d-d965ccfc6d4b" outcome="Passed" testListId="0cc0dcd4-aed7-45d5-87ba-d6573b1fa291" />
    <UnitTestResult executionId="a701b9a7-982a-4c53-b2bc-c66c37b214fc" testId="56efbbb7-d740-41fd-998b-d60931d02585" testName="Test7313" computerName="UA-LPT-OGA2" duration="00:00:01.3650000" startTime="2025-05-14T13:20:31.3146610Z" endTime="2025-05-14T13:25:31.3147553Z" testType="13cdc9d9-ddb5-4fa4-a97d-d965ccfc6d4b" outcome="Passed" testListId="0cc0dcd4-aed7-45d5-87ba-d6573b1fa291" />
    <UnitTestResult executionId="18114851-c7e9-46af-9535-c15109da7719" testId="0f2c7067-ec09-445a-92a6-4b7356685cf0" testName="Test7314" computerName="UA-LPT-OGA2" duration="00:00:01.6060000" startTime="2025-05-14T13:20:31.3146610Z" endTime="2025-05-14T13:25:31.3147553Z" testType="13cdc9d9-ddb5-4fa4-a97d-d965ccfc6d4b" outcome="Failed" testListId="0cc0dcd4-aed7-45d5-87ba-d6573b1fa291">
      <Output>
        <ErrorInfo>
          <Message>Assertion failed: Expected value did not match actual value.</Message>
          <StackTrace>   at TestNamespace.TestClass.Test() in TestClass.cs:line 321</StackTrace>
        </ErrorInfo>
      </Output>
    </UnitTestResult>
    <UnitTestResult executionId="dc7c533e-f8f7-4d40-a78c-3bb101cc8be5" testId="b8d299c2-ca74-4060-8f15-2d8c01dee8b8" testName="Test7315" computerName="UA-LPT-OGA2" duration="00:00:01.8120000" startTime="2025-05-14T13:20:31.3146610Z" endTime="2025-05-14T13:25:31.3147553Z" testType="13cdc9d9-ddb5-4fa4-a97d-d965ccfc6d4b" outcome="Passed" testListId="0cc0dcd4-aed7-45d5-87ba-d6573b1fa291" />
    <UnitTestResult executionId="76a3dcf0-73e1-4720-9f43-4d9ee43f2e48" testId="5f4693ea-b71a-4e06-b60f-e83ec48683f7" testName="Test7316" computerName="UA-LPT-OGA2" duration="00:00:00.1920000" startTime="2025-05-14T13:20:31.3146610Z" endTime="2025-05-14T13:25:31.3147553Z" testType="13cdc9d9-ddb5-4fa4-a97d-d965ccfc6d4b" outcome="Passed" testListId="0cc0dcd4-aed7-45d5-87ba-d6573b1fa291" />
    <UnitTestResult executionId="8b954eaf-4843-4b35-8cd6-be2b599500f5" testId="3d104a5e-7f10-4b90-a17d-db0aca7e9328" testName="Test7317" computerName="UA-LPT-OGA2" duration="00:00:00.8440000" startTime="2025-05-14T13:20:31.3146610Z" endTime="2025-05-14T13:25:31.3147553Z" testType="13cdc9d9-ddb5-4fa4-a97d-d965ccfc6d4b" outcome="Failed" testListId="0cc0dcd4-aed7-45d5-87ba-d6573b1fa291">
      <Output>
        <ErrorInfo>
          <Message>Assertion failed: Expected value did not match actual value.</Message>
          <StackTrace>   at TestNamespace.TestClass.Test() in TestClass.cs:line 431</StackTrace>
        </ErrorInfo>
      </Output>
    </UnitTestResult>
    <UnitTestResult executionId="ddd5cf70-7fc3-4f57-8021-ced2bb9554a0" testId="86fcd3a3-277c-408e-8a96-4460c0ae0b86" testName="Test7318" computerName="UA-LPT-OGA2" duration="00:00:00.8760000" startTime="2025-05-14T13:20:31.3146610Z" endTime="2025-05-14T13:25:31.3147553Z" testType="13cdc9d9-ddb5-4fa4-a97d-d965ccfc6d4b" outcome="Passed" testListId="0cc0dcd4-aed7-45d5-87ba-d6573b1fa291" />
    <UnitTestResult executionId="8b5beea0-ce8b-48f8-ae4d-b7602ea9cd83" testId="29b13cce-81bd-4403-a8ac-cff25193dc25" testName="Test7319" computerName="UA-LPT-OGA2" duration="00:00:00.5880000" startTime="2025-05-14T13:20:31.3146610Z" endTime="2025-05-14T13:25:31.3147553Z" testType="13cdc9d9-ddb5-4fa4-a97d-d965ccfc6d4b" outcome="Passed" testListId="0cc0dcd4-aed7-45d5-87ba-d6573b1fa291" />
    <UnitTestResult executionId="07ac8613-4a69-4b77-ba10-8aafbad78e20" testId="914600df-b737-4e9f-a9e8-da64d3feeea5" testName="Test7320" computerName="UA-LPT-OGA2" duration="00:00:01.2880000" startTime="2025-05-14T13:20:31.3146610Z" endTime="2025-05-14T13:25:31.3147553Z" testType="13cdc9d9-ddb5-4fa4-a97d-d965ccfc6d4b" outcome="Passed" testListId="0cc0dcd4-aed7-45d5-87ba-d6573b1fa291" />
    <UnitTestResult executionId="3445d671-f824-4704-8320-b27e99fb9c00" testId="d95c7182-de9f-4642-b3f2-514ea37c33ff" testName="Test7321" computerName="UA-LPT-OGA2" duration="00:00:01.3130000" startTime="2025-05-14T13:20:31.3146610Z" endTime="2025-05-14T13:25:31.3147553Z" testType="13cdc9d9-ddb5-4fa4-a97d-d965ccfc6d4b" outcome="Failed" testListId="0cc0dcd4-aed7-45d5-87ba-d6573b1fa291">
      <Output>
        <ErrorInfo>
          <Message>Assertion failed: Expected value did not match actual value.</Message>
          <StackTrace>   at TestNamespace.TestClass.Test() in TestClass.cs:line 88</StackTrace>
        </ErrorInfo>
      </Output>
    </UnitTestResult>
    <UnitTestResult executionId="8e3ecab7-e29b-4f83-9f59-c8bac8bdd7fb" testId="9b9ed55a-cfab-4ae4-8622-974e75e2378d" testName="Test7322" computerName="UA-LPT-OGA2" duration="00:00:01.5290000" startTime="2025-05-14T13:20:31.3146610Z" endTime="2025-05-14T13:25:31.3147553Z" testType="13cdc9d9-ddb5-4fa4-a97d-d965ccfc6d4b" outcome="Passed" testListId="0cc0dcd4-aed7-45d5-87ba-d6573b1fa291" />
    <UnitTestResult executionId="87af04d5-b53a-4889-a10e-352f226e6ac0" testId="9f0e1ab7-07b6-4c18-97f4-5b65a64fb230" testName="Test7323" computerName="UA-LPT-OGA2" duration="00:00:01.4850000" startTime="2025-05-14T13:20:31.3146610Z" endTime="2025-05-14T13:25:31.3147553Z" testType="13cdc9d9-ddb5-4fa4-a97d-d965ccfc6d4b" outcome="Passed" testListId="0cc0dcd4-aed7-45d5-87ba-d6573b1fa291" />
    <UnitTestResult executionId="1355dde2-ab46-4249-860c-0d21b72bd2fc" testId="60affa17-5146-4919-a7f6-1b0a699f36c7" testName="Test7324" computerName="UA-LPT-OGA2" duration="00:00:01.8080000" startTime="2025-05-14T13:20:31.3146610Z" endTime="2025-05-14T13:25:31.3147553Z" testType="13cdc9d9-ddb5-4fa4-a97d-d965ccfc6d4b" outcome="Failed" testListId="0cc0dcd4-aed7-45d5-87ba-d6573b1fa291">
      <Output>
        <ErrorInfo>
          <Message>Assertion failed: Expected value did not match actual value.</Message>
          <StackTrace>   at TestNamespace.TestClass.Test() in TestClass.cs:line 250</StackTrace>
        </ErrorInfo>
      </Output>
    </UnitTestResult>
    <UnitTestResult executionId="440831cb-fb48-436a-9ab8-6da70e1d699d" testId="b37edb85-be38-41ba-bb51-f84f8b327ced" testName="Test7325" computerName="UA-LPT-OGA2" duration="00:00:00.9870000" startTime="2025-05-14T13:20:31.3146610Z" endTime="2025-05-14T13:25:31.3147553Z" testType="13cdc9d9-ddb5-4fa4-a97d-d965ccfc6d4b" outcome="Passed" testListId="0cc0dcd4-aed7-45d5-87ba-d6573b1fa291" />
    <UnitTestResult executionId="40d27210-0d2e-4fcf-9811-8e22e1c4ac91" testId="881fabfc-3119-4be1-b6ae-09e6501166a8" testName="Test7326" computerName="UA-LPT-OGA2" duration="00:00:00.8590000" startTime="2025-05-14T13:20:31.3146610Z" endTime="2025-05-14T13:25:31.3147553Z" testType="13cdc9d9-ddb5-4fa4-a97d-d965ccfc6d4b" outcome="Passed" testListId="0cc0dcd4-aed7-45d5-87ba-d6573b1fa291" />
    <UnitTestResult executionId="6e3ff049-9459-4323-ad46-38d3764f15e3" testId="aa8553a5-13e8-4635-877f-2312ac861df9" testName="Test7327" computerName="UA-LPT-OGA2" duration="00:00:01.2660000" startTime="2025-05-14T13:20:31.3146610Z" endTime="2025-05-14T13:25:31.3147553Z" testType="13cdc9d9-ddb5-4fa4-a97d-d965ccfc6d4b" outcome="Passed" testListId="0cc0dcd4-aed7-45d5-87ba-d6573b1fa291" />
    <UnitTestResult executionId="e590813c-0425-47dd-b06c-a29a1334e54c" testId="594c9485-1ff6-41c5-8703-e64d8a1d67f3" testName="Test7328" computerName="UA-LPT-OGA2" duration="00:00:01.0060000" startTime="2025-05-14T13:20:31.3146610Z" endTime="2025-05-14T13:25:31.3147553Z" testType="13cdc9d9-ddb5-4fa4-a97d-d965ccfc6d4b" outcome="Failed" testListId="0cc0dcd4-aed7-45d5-87ba-d6573b1fa291">
      <Output>
        <ErrorInfo>
          <Message>Assertion failed: Expected value did not match actual value.</Message>
          <StackTrace>   at TestNamespace.TestClass.Test() in TestClass.cs:line 345</StackTrace>
        </ErrorInfo>
      </Output>
    </UnitTestResult>
    <UnitTestResult executionId="321c60d8-7448-440d-abba-c52a9f46b1dc" testId="e84b8cdd-5394-47ba-9ab9-9616e0262be5" testName="Test7329" computerName="UA-LPT-OGA2" duration="00:00:01.0570000" startTime="2025-05-14T13:20:31.3146610Z" endTime="2025-05-14T13:25:31.3147553Z" testType="13cdc9d9-ddb5-4fa4-a97d-d965ccfc6d4b" outcome="Passed" testListId="0cc0dcd4-aed7-45d5-87ba-d6573b1fa291" />
    <UnitTestResult executionId="50430c62-53da-42a5-84bc-1935823521a7" testId="c98d70fd-1b1e-46b9-84a9-ae1c36c85e25" testName="Test7330" computerName="UA-LPT-OGA2" duration="00:00:01.0580000" startTime="2025-05-14T13:20:31.3146610Z" endTime="2025-05-14T13:25:31.3147553Z" testType="13cdc9d9-ddb5-4fa4-a97d-d965ccfc6d4b" outcome="Passed" testListId="0cc0dcd4-aed7-45d5-87ba-d6573b1fa291" />
    <UnitTestResult executionId="9f40191e-7ed9-40d4-8ccc-7da8766b4e77" testId="36fb516f-c9ee-4c7e-b3be-20e037e3c191" testName="Test7331" computerName="UA-LPT-OGA2" duration="00:00:01.0480000" startTime="2025-05-14T13:20:31.3146610Z" endTime="2025-05-14T13:25:31.3147553Z" testType="13cdc9d9-ddb5-4fa4-a97d-d965ccfc6d4b" outcome="Passed" testListId="0cc0dcd4-aed7-45d5-87ba-d6573b1fa291" />
    <UnitTestResult executionId="05cc7f7a-7c14-4a2b-a473-8a5d7f2b7e01" testId="f03bdf2e-2504-494a-8beb-204fcdf1bc0c" testName="Test7332" computerName="UA-LPT-OGA2" duration="00:00:01.4000000" startTime="2025-05-14T13:20:31.3146610Z" endTime="2025-05-14T13:25:31.3147553Z" testType="13cdc9d9-ddb5-4fa4-a97d-d965ccfc6d4b" outcome="Passed" testListId="0cc0dcd4-aed7-45d5-87ba-d6573b1fa291" />
    <UnitTestResult executionId="ce805723-7d4f-4ad6-a29f-c737196ba02d" testId="0f0ee793-7b58-43df-a6c2-b32f455b3737" testName="Test7333" computerName="UA-LPT-OGA2" duration="00:00:01.9280000" startTime="2025-05-14T13:20:31.3146610Z" endTime="2025-05-14T13:25:31.3147553Z" testType="13cdc9d9-ddb5-4fa4-a97d-d965ccfc6d4b" outcome="Passed" testListId="0cc0dcd4-aed7-45d5-87ba-d6573b1fa291" />
    <UnitTestResult executionId="f47c4dd4-440f-42d2-bc55-4d64ce1c7d49" testId="33ed3a86-7786-42d4-a841-7e2c133ea428" testName="Test7334" computerName="UA-LPT-OGA2" duration="00:00:00.1040000" startTime="2025-05-14T13:20:31.3146610Z" endTime="2025-05-14T13:25:31.3147553Z" testType="13cdc9d9-ddb5-4fa4-a97d-d965ccfc6d4b" outcome="Failed" testListId="0cc0dcd4-aed7-45d5-87ba-d6573b1fa291">
      <Output>
        <ErrorInfo>
          <Message>Assertion failed: Expected value did not match actual value.</Message>
          <StackTrace>   at TestNamespace.TestClass.Test() in TestClass.cs:line 140</StackTrace>
        </ErrorInfo>
      </Output>
    </UnitTestResult>
    <UnitTestResult executionId="00ed0b16-82ce-4749-ade5-7a8f1d4ee522" testId="266d0f68-53f5-4e30-ad48-6457f1c96015" testName="Test7335" computerName="UA-LPT-OGA2" duration="00:00:01.5730000" startTime="2025-05-14T13:20:31.3146610Z" endTime="2025-05-14T13:25:31.3147553Z" testType="13cdc9d9-ddb5-4fa4-a97d-d965ccfc6d4b" outcome="Passed" testListId="0cc0dcd4-aed7-45d5-87ba-d6573b1fa291" />
    <UnitTestResult executionId="0fe6b74a-b7a3-464f-aea5-57a6829f900c" testId="d0ac300d-90c4-4141-ba7f-7231db380b8a" testName="Test7336" computerName="UA-LPT-OGA2" duration="00:00:00.7750000" startTime="2025-05-14T13:20:31.3146610Z" endTime="2025-05-14T13:25:31.3147553Z" testType="13cdc9d9-ddb5-4fa4-a97d-d965ccfc6d4b" outcome="Passed" testListId="0cc0dcd4-aed7-45d5-87ba-d6573b1fa291" />
    <UnitTestResult executionId="05a17f5a-8ced-4aa1-8ce5-0cd96c560ffb" testId="059b8c34-de1d-4c8e-ae45-9de90aa060a6" testName="Test7337" computerName="UA-LPT-OGA2" duration="00:00:00.5750000" startTime="2025-05-14T13:20:31.3146610Z" endTime="2025-05-14T13:25:31.3147553Z" testType="13cdc9d9-ddb5-4fa4-a97d-d965ccfc6d4b" outcome="Passed" testListId="0cc0dcd4-aed7-45d5-87ba-d6573b1fa291" />
    <UnitTestResult executionId="17c16b20-e7b4-4b12-8876-9ff1db392568" testId="a8dc48a6-0115-45ea-88a1-48a034af7498" testName="Test7338" computerName="UA-LPT-OGA2" duration="00:00:00.4170000" startTime="2025-05-14T13:20:31.3146610Z" endTime="2025-05-14T13:25:31.3147553Z" testType="13cdc9d9-ddb5-4fa4-a97d-d965ccfc6d4b" outcome="Passed" testListId="0cc0dcd4-aed7-45d5-87ba-d6573b1fa291" />
    <UnitTestResult executionId="c1033f7a-6462-4813-bb29-0cc4bfa8cbd8" testId="c81b37ba-a429-4ca1-872d-c1168d0e6150" testName="Test7339" computerName="UA-LPT-OGA2" duration="00:00:01.4190000" startTime="2025-05-14T13:20:31.3146610Z" endTime="2025-05-14T13:25:31.3147553Z" testType="13cdc9d9-ddb5-4fa4-a97d-d965ccfc6d4b" outcome="Passed" testListId="0cc0dcd4-aed7-45d5-87ba-d6573b1fa291" />
    <UnitTestResult executionId="2b20dd9f-9a5d-4226-847b-5645afcc4b7f" testId="00617cf0-1082-436f-a56d-9b531e661220" testName="Test7340" computerName="UA-LPT-OGA2" duration="00:00:01.7120000" startTime="2025-05-14T13:20:31.3146610Z" endTime="2025-05-14T13:25:31.3147553Z" testType="13cdc9d9-ddb5-4fa4-a97d-d965ccfc6d4b" outcome="Passed" testListId="0cc0dcd4-aed7-45d5-87ba-d6573b1fa291" />
    <UnitTestResult executionId="6340aaf3-4aac-495b-a1e7-f8ee1f1b174e" testId="0fd25f2c-d6a3-4102-af5c-547b241e429c" testName="Test7341" computerName="UA-LPT-OGA2" duration="00:00:01.7060000" startTime="2025-05-14T13:20:31.3146610Z" endTime="2025-05-14T13:25:31.3147553Z" testType="13cdc9d9-ddb5-4fa4-a97d-d965ccfc6d4b" outcome="Passed" testListId="0cc0dcd4-aed7-45d5-87ba-d6573b1fa291" />
    <UnitTestResult executionId="cd0da449-f644-46ce-b920-fc2199d28ef8" testId="cdde2ae2-5ac2-4e50-a7f1-457a1924357b" testName="Test7342" computerName="UA-LPT-OGA2" duration="00:00:01.8640000" startTime="2025-05-14T13:20:31.3146610Z" endTime="2025-05-14T13:25:31.3147553Z" testType="13cdc9d9-ddb5-4fa4-a97d-d965ccfc6d4b" outcome="Passed" testListId="0cc0dcd4-aed7-45d5-87ba-d6573b1fa291" />
    <UnitTestResult executionId="d51e066f-7a15-491e-88ad-c9f4c1756258" testId="653ef023-12d9-4e24-9ad7-52eb0dc16ccf" testName="Test7343" computerName="UA-LPT-OGA2" duration="00:00:01.2520000" startTime="2025-05-14T13:20:31.3146610Z" endTime="2025-05-14T13:25:31.3147553Z" testType="13cdc9d9-ddb5-4fa4-a97d-d965ccfc6d4b" outcome="Passed" testListId="0cc0dcd4-aed7-45d5-87ba-d6573b1fa291" />
    <UnitTestResult executionId="bf4cdc06-3ca1-48d7-b607-2cacef1a578a" testId="364b931a-8b35-4ba4-85b8-96ecf7adc303" testName="Test7344" computerName="UA-LPT-OGA2" duration="00:00:00.5360000" startTime="2025-05-14T13:20:31.3146610Z" endTime="2025-05-14T13:25:31.3147553Z" testType="13cdc9d9-ddb5-4fa4-a97d-d965ccfc6d4b" outcome="Passed" testListId="0cc0dcd4-aed7-45d5-87ba-d6573b1fa291" />
    <UnitTestResult executionId="8e96a032-f4e8-4f6b-b0e5-354233e8b4e6" testId="d4f20542-8921-4ffe-badf-0b86b85ae48f" testName="Test7345" computerName="UA-LPT-OGA2" duration="00:00:01.4720000" startTime="2025-05-14T13:20:31.3146610Z" endTime="2025-05-14T13:25:31.3147553Z" testType="13cdc9d9-ddb5-4fa4-a97d-d965ccfc6d4b" outcome="Passed" testListId="0cc0dcd4-aed7-45d5-87ba-d6573b1fa291" />
    <UnitTestResult executionId="27de525d-23cd-4f15-bc66-fee3e32c90a3" testId="0823599a-074e-4071-b6a7-ad80176e95f2" testName="Test7346" computerName="UA-LPT-OGA2" duration="00:00:01.4760000" startTime="2025-05-14T13:20:31.3146610Z" endTime="2025-05-14T13:25:31.3147553Z" testType="13cdc9d9-ddb5-4fa4-a97d-d965ccfc6d4b" outcome="Passed" testListId="0cc0dcd4-aed7-45d5-87ba-d6573b1fa291" />
    <UnitTestResult executionId="5149ef70-c957-4605-9b4f-53f130662765" testId="4979c6d2-f1c6-4365-a9c3-155debff5828" testName="Test7347" computerName="UA-LPT-OGA2" duration="00:00:01.2030000" startTime="2025-05-14T13:20:31.3146610Z" endTime="2025-05-14T13:25:31.3147553Z" testType="13cdc9d9-ddb5-4fa4-a97d-d965ccfc6d4b" outcome="Passed" testListId="0cc0dcd4-aed7-45d5-87ba-d6573b1fa291" />
    <UnitTestResult executionId="e0c84cb7-99ef-4626-9059-1ff7b8f29199" testId="fc690e9a-b669-4999-8c3d-08bef87cf741" testName="Test7348" computerName="UA-LPT-OGA2" duration="00:00:01.8830000" startTime="2025-05-14T13:20:31.3146610Z" endTime="2025-05-14T13:25:31.3147553Z" testType="13cdc9d9-ddb5-4fa4-a97d-d965ccfc6d4b" outcome="Passed" testListId="0cc0dcd4-aed7-45d5-87ba-d6573b1fa291" />
    <UnitTestResult executionId="ae3bc164-4950-428c-a2b3-3c4ccce4bf44" testId="548379a1-6811-4f59-8eaa-2e190f8b8a0d" testName="Test7349" computerName="UA-LPT-OGA2" duration="00:00:00.3160000" startTime="2025-05-14T13:20:31.3146610Z" endTime="2025-05-14T13:25:31.3147553Z" testType="13cdc9d9-ddb5-4fa4-a97d-d965ccfc6d4b" outcome="Passed" testListId="0cc0dcd4-aed7-45d5-87ba-d6573b1fa291" />
    <UnitTestResult executionId="e0e68eb8-e8d5-4dd7-99e3-359337dc1a70" testId="697f04bc-ef9a-446c-b609-be069ed4bdbe" testName="Test7350" computerName="UA-LPT-OGA2" duration="00:00:01.1860000" startTime="2025-05-14T13:20:31.3146610Z" endTime="2025-05-14T13:25:31.3147553Z" testType="13cdc9d9-ddb5-4fa4-a97d-d965ccfc6d4b" outcome="Passed" testListId="0cc0dcd4-aed7-45d5-87ba-d6573b1fa291" />
    <UnitTestResult executionId="d04d49a1-6006-4694-96c9-1f6f19cda402" testId="af24c822-5ca2-4743-96f6-12d95a6326a7" testName="Test7351" computerName="UA-LPT-OGA2" duration="00:00:01.0010000" startTime="2025-05-14T13:20:31.3146610Z" endTime="2025-05-14T13:25:31.3147553Z" testType="13cdc9d9-ddb5-4fa4-a97d-d965ccfc6d4b" outcome="Passed" testListId="0cc0dcd4-aed7-45d5-87ba-d6573b1fa291" />
    <UnitTestResult executionId="5ea7337e-1631-406d-9f71-b9051a8b2922" testId="41c7e7ba-bddd-43a9-8364-6ffbb2ee7b0f" testName="Test7352" computerName="UA-LPT-OGA2" duration="00:00:00.9890000" startTime="2025-05-14T13:20:31.3146610Z" endTime="2025-05-14T13:25:31.3147553Z" testType="13cdc9d9-ddb5-4fa4-a97d-d965ccfc6d4b" outcome="Passed" testListId="0cc0dcd4-aed7-45d5-87ba-d6573b1fa291" />
    <UnitTestResult executionId="6c6040c1-b397-441a-9d24-06688c19dcc0" testId="64ee904f-4b5a-4a5d-9e2b-93557db09beb" testName="Test7353" computerName="UA-LPT-OGA2" duration="00:00:00.4090000" startTime="2025-05-14T13:20:31.3146610Z" endTime="2025-05-14T13:25:31.3147553Z" testType="13cdc9d9-ddb5-4fa4-a97d-d965ccfc6d4b" outcome="Failed" testListId="0cc0dcd4-aed7-45d5-87ba-d6573b1fa291">
      <Output>
        <ErrorInfo>
          <Message>Assertion failed: Expected value did not match actual value.</Message>
          <StackTrace>   at TestNamespace.TestClass.Test() in TestClass.cs:line 49</StackTrace>
        </ErrorInfo>
      </Output>
    </UnitTestResult>
    <UnitTestResult executionId="e7803119-cb05-4ee1-a21b-3dc50ba66c3b" testId="13c3e0f1-2d84-4a5f-ad42-f2ad9b7b2711" testName="Test7354" computerName="UA-LPT-OGA2" duration="00:00:01.7570000" startTime="2025-05-14T13:20:31.3146610Z" endTime="2025-05-14T13:25:31.3147553Z" testType="13cdc9d9-ddb5-4fa4-a97d-d965ccfc6d4b" outcome="Passed" testListId="0cc0dcd4-aed7-45d5-87ba-d6573b1fa291" />
    <UnitTestResult executionId="38a4f31c-429c-4314-9146-9f58b7cee610" testId="be246eed-aa81-47bb-828a-f099f884a13f" testName="Test7355" computerName="UA-LPT-OGA2" duration="00:00:01.3550000" startTime="2025-05-14T13:20:31.3146610Z" endTime="2025-05-14T13:25:31.3147553Z" testType="13cdc9d9-ddb5-4fa4-a97d-d965ccfc6d4b" outcome="Passed" testListId="0cc0dcd4-aed7-45d5-87ba-d6573b1fa291" />
    <UnitTestResult executionId="8d66a6d6-7b4f-4364-a781-5a93db77fecc" testId="1067dfe4-26d1-4536-bcdd-e75a1140ea65" testName="Test7356" computerName="UA-LPT-OGA2" duration="00:00:00.5140000" startTime="2025-05-14T13:20:31.3146610Z" endTime="2025-05-14T13:25:31.3147553Z" testType="13cdc9d9-ddb5-4fa4-a97d-d965ccfc6d4b" outcome="Passed" testListId="0cc0dcd4-aed7-45d5-87ba-d6573b1fa291" />
    <UnitTestResult executionId="c17e366b-cc43-430f-b57f-87374acf9baf" testId="1802bed9-be73-4dcd-8599-ce6f67b9fb32" testName="Test7357" computerName="UA-LPT-OGA2" duration="00:00:01.7600000" startTime="2025-05-14T13:20:31.3146610Z" endTime="2025-05-14T13:25:31.3147553Z" testType="13cdc9d9-ddb5-4fa4-a97d-d965ccfc6d4b" outcome="Passed" testListId="0cc0dcd4-aed7-45d5-87ba-d6573b1fa291" />
    <UnitTestResult executionId="1e024f93-f6ac-48a1-a9ec-bb7f58a9b229" testId="9192e59b-423f-4de4-909a-6039c94d6902" testName="Test7358" computerName="UA-LPT-OGA2" duration="00:00:00.6960000" startTime="2025-05-14T13:20:31.3146610Z" endTime="2025-05-14T13:25:31.3147553Z" testType="13cdc9d9-ddb5-4fa4-a97d-d965ccfc6d4b" outcome="Passed" testListId="0cc0dcd4-aed7-45d5-87ba-d6573b1fa291" />
    <UnitTestResult executionId="233614ba-31c2-4ccd-b719-15bb72a737f5" testId="f762563a-0661-40dc-9786-b7c1a48c8763" testName="Test7359" computerName="UA-LPT-OGA2" duration="00:00:00.9640000" startTime="2025-05-14T13:20:31.3146610Z" endTime="2025-05-14T13:25:31.3147553Z" testType="13cdc9d9-ddb5-4fa4-a97d-d965ccfc6d4b" outcome="Passed" testListId="0cc0dcd4-aed7-45d5-87ba-d6573b1fa291" />
    <UnitTestResult executionId="8aeff347-904c-4ea1-a042-f8ba18a06fe5" testId="d7c66c0d-c1ea-431c-949a-311e1afda422" testName="Test7360" computerName="UA-LPT-OGA2" duration="00:00:00.4290000" startTime="2025-05-14T13:20:31.3146610Z" endTime="2025-05-14T13:25:31.3147553Z" testType="13cdc9d9-ddb5-4fa4-a97d-d965ccfc6d4b" outcome="Passed" testListId="0cc0dcd4-aed7-45d5-87ba-d6573b1fa291" />
    <UnitTestResult executionId="f8b6d17c-4786-4f38-805b-f589465ad956" testId="bc166bf2-e9ac-4822-b406-16cb34d63d11" testName="Test7361" computerName="UA-LPT-OGA2" duration="00:00:01.2260000" startTime="2025-05-14T13:20:31.3146610Z" endTime="2025-05-14T13:25:31.3147553Z" testType="13cdc9d9-ddb5-4fa4-a97d-d965ccfc6d4b" outcome="Passed" testListId="0cc0dcd4-aed7-45d5-87ba-d6573b1fa291" />
    <UnitTestResult executionId="f10873a0-8b90-4c14-aea1-d5e6c803d858" testId="e9ecd9d5-3219-4c32-95e4-7bb9fa7f807e" testName="Test7362" computerName="UA-LPT-OGA2" duration="00:00:01.6360000" startTime="2025-05-14T13:20:31.3146610Z" endTime="2025-05-14T13:25:31.3147553Z" testType="13cdc9d9-ddb5-4fa4-a97d-d965ccfc6d4b" outcome="Failed" testListId="0cc0dcd4-aed7-45d5-87ba-d6573b1fa291">
      <Output>
        <ErrorInfo>
          <Message>Assertion failed: Expected value did not match actual value.</Message>
          <StackTrace>   at TestNamespace.TestClass.Test() in TestClass.cs:line 257</StackTrace>
        </ErrorInfo>
      </Output>
    </UnitTestResult>
    <UnitTestResult executionId="94a9440d-8711-488d-a000-d1ca4927193e" testId="3be0c83a-a917-4f6a-92a0-57a06db63334" testName="Test7363" computerName="UA-LPT-OGA2" duration="00:00:00.7840000" startTime="2025-05-14T13:20:31.3146610Z" endTime="2025-05-14T13:25:31.3147553Z" testType="13cdc9d9-ddb5-4fa4-a97d-d965ccfc6d4b" outcome="Passed" testListId="0cc0dcd4-aed7-45d5-87ba-d6573b1fa291" />
    <UnitTestResult executionId="1ab0a8cf-2d97-4c78-96a2-791894995570" testId="a86e8ecd-083f-4400-9cf5-be8925bbd0dd" testName="Test7364" computerName="UA-LPT-OGA2" duration="00:00:01.9590000" startTime="2025-05-14T13:20:31.3146610Z" endTime="2025-05-14T13:25:31.3147553Z" testType="13cdc9d9-ddb5-4fa4-a97d-d965ccfc6d4b" outcome="Passed" testListId="0cc0dcd4-aed7-45d5-87ba-d6573b1fa291" />
    <UnitTestResult executionId="e4aa69c2-effe-4b52-8033-07e56ab9e01b" testId="fcc2e15c-1fec-41f9-a255-fe05b89aa4da" testName="Test7365" computerName="UA-LPT-OGA2" duration="00:00:00.1750000" startTime="2025-05-14T13:20:31.3146610Z" endTime="2025-05-14T13:25:31.3147553Z" testType="13cdc9d9-ddb5-4fa4-a97d-d965ccfc6d4b" outcome="Passed" testListId="0cc0dcd4-aed7-45d5-87ba-d6573b1fa291" />
    <UnitTestResult executionId="7e7cde7d-2fdd-4f65-ae53-5ecb8b25df34" testId="529f05df-ad28-4781-bde9-d813b1b5dc7a" testName="Test7366" computerName="UA-LPT-OGA2" duration="00:00:01.3780000" startTime="2025-05-14T13:20:31.3146610Z" endTime="2025-05-14T13:25:31.3147553Z" testType="13cdc9d9-ddb5-4fa4-a97d-d965ccfc6d4b" outcome="Passed" testListId="0cc0dcd4-aed7-45d5-87ba-d6573b1fa291" />
    <UnitTestResult executionId="17ebfcfe-7f83-4114-9461-3a9730d6f9e8" testId="33391918-c655-449a-84f5-0cdb4409ba9f" testName="Test7367" computerName="UA-LPT-OGA2" duration="00:00:01.4390000" startTime="2025-05-14T13:20:31.3146610Z" endTime="2025-05-14T13:25:31.3147553Z" testType="13cdc9d9-ddb5-4fa4-a97d-d965ccfc6d4b" outcome="Passed" testListId="0cc0dcd4-aed7-45d5-87ba-d6573b1fa291" />
    <UnitTestResult executionId="663062e1-2c84-458d-a834-419f55ac7e70" testId="31c73760-1575-4fb1-9775-4895a8712ca4" testName="Test7368" computerName="UA-LPT-OGA2" duration="00:00:01.6600000" startTime="2025-05-14T13:20:31.3146610Z" endTime="2025-05-14T13:25:31.3147553Z" testType="13cdc9d9-ddb5-4fa4-a97d-d965ccfc6d4b" outcome="Failed" testListId="0cc0dcd4-aed7-45d5-87ba-d6573b1fa291">
      <Output>
        <ErrorInfo>
          <Message>Assertion failed: Expected value did not match actual value.</Message>
          <StackTrace>   at TestNamespace.TestClass.Test() in TestClass.cs:line 265</StackTrace>
        </ErrorInfo>
      </Output>
    </UnitTestResult>
    <UnitTestResult executionId="b8544cf0-3a03-4692-b2de-e7b78ce3dca8" testId="bf67e6ae-0ba9-41ca-bdb7-c5ddedeac99b" testName="Test7369" computerName="UA-LPT-OGA2" duration="00:00:01.1300000" startTime="2025-05-14T13:20:31.3146610Z" endTime="2025-05-14T13:25:31.3147553Z" testType="13cdc9d9-ddb5-4fa4-a97d-d965ccfc6d4b" outcome="Failed" testListId="0cc0dcd4-aed7-45d5-87ba-d6573b1fa291">
      <Output>
        <ErrorInfo>
          <Message>Assertion failed: Expected value did not match actual value.</Message>
          <StackTrace>   at TestNamespace.TestClass.Test() in TestClass.cs:line 200</StackTrace>
        </ErrorInfo>
      </Output>
    </UnitTestResult>
    <UnitTestResult executionId="3189d6fc-6ba2-4a6a-bde0-533e441e2e10" testId="12a54f80-b3ec-450f-92b9-50d34a264006" testName="Test7370" computerName="UA-LPT-OGA2" duration="00:00:01.4530000" startTime="2025-05-14T13:20:31.3146610Z" endTime="2025-05-14T13:25:31.3147553Z" testType="13cdc9d9-ddb5-4fa4-a97d-d965ccfc6d4b" outcome="Passed" testListId="0cc0dcd4-aed7-45d5-87ba-d6573b1fa291" />
    <UnitTestResult executionId="db5dff4b-e40c-4d4f-8772-9d21f8a94503" testId="770f43f3-a36b-4ac7-a5b8-d87f188c9ec4" testName="Test7371" computerName="UA-LPT-OGA2" duration="00:00:00.3540000" startTime="2025-05-14T13:20:31.3146610Z" endTime="2025-05-14T13:25:31.3147553Z" testType="13cdc9d9-ddb5-4fa4-a97d-d965ccfc6d4b" outcome="Passed" testListId="0cc0dcd4-aed7-45d5-87ba-d6573b1fa291" />
    <UnitTestResult executionId="1e66412a-5dcd-4b99-9b50-a04894ac810b" testId="cd22e06b-5e60-4b43-9999-71920d4bd0e0" testName="Test7372" computerName="UA-LPT-OGA2" duration="00:00:00.4000000" startTime="2025-05-14T13:20:31.3146610Z" endTime="2025-05-14T13:25:31.3147553Z" testType="13cdc9d9-ddb5-4fa4-a97d-d965ccfc6d4b" outcome="Failed" testListId="0cc0dcd4-aed7-45d5-87ba-d6573b1fa291">
      <Output>
        <ErrorInfo>
          <Message>Assertion failed: Expected value did not match actual value.</Message>
          <StackTrace>   at TestNamespace.TestClass.Test() in TestClass.cs:line 259</StackTrace>
        </ErrorInfo>
      </Output>
    </UnitTestResult>
    <UnitTestResult executionId="7a270943-1a05-4005-ac82-0825f07193f9" testId="80f02c71-091b-42af-9f37-b9a6e885365a" testName="Test7373" computerName="UA-LPT-OGA2" duration="00:00:00.7910000" startTime="2025-05-14T13:20:31.3146610Z" endTime="2025-05-14T13:25:31.3147553Z" testType="13cdc9d9-ddb5-4fa4-a97d-d965ccfc6d4b" outcome="Passed" testListId="0cc0dcd4-aed7-45d5-87ba-d6573b1fa291" />
    <UnitTestResult executionId="a0a60614-92f0-4f3c-8ca4-965b1dff9d17" testId="67c1416d-5a53-47e1-be40-8a8994d84898" testName="Test7374" computerName="UA-LPT-OGA2" duration="00:00:00.8220000" startTime="2025-05-14T13:20:31.3146610Z" endTime="2025-05-14T13:25:31.3147553Z" testType="13cdc9d9-ddb5-4fa4-a97d-d965ccfc6d4b" outcome="Passed" testListId="0cc0dcd4-aed7-45d5-87ba-d6573b1fa291" />
    <UnitTestResult executionId="3a54e246-9ab3-4338-919c-09b9b15b3cd5" testId="810d470f-e22f-4215-98a2-6684ce2be429" testName="Test7375" computerName="UA-LPT-OGA2" duration="00:00:01.0200000" startTime="2025-05-14T13:20:31.3146610Z" endTime="2025-05-14T13:25:31.3147553Z" testType="13cdc9d9-ddb5-4fa4-a97d-d965ccfc6d4b" outcome="Failed" testListId="0cc0dcd4-aed7-45d5-87ba-d6573b1fa291">
      <Output>
        <ErrorInfo>
          <Message>Assertion failed: Expected value did not match actual value.</Message>
          <StackTrace>   at TestNamespace.TestClass.Test() in TestClass.cs:line 402</StackTrace>
        </ErrorInfo>
      </Output>
    </UnitTestResult>
    <UnitTestResult executionId="01848bf0-6c3c-4d44-9c97-5bdd9c1c5bcb" testId="d9c6cb4f-5990-47af-97fc-91cd0ee04182" testName="Test7376" computerName="UA-LPT-OGA2" duration="00:00:00.7170000" startTime="2025-05-14T13:20:31.3146610Z" endTime="2025-05-14T13:25:31.3147553Z" testType="13cdc9d9-ddb5-4fa4-a97d-d965ccfc6d4b" outcome="Passed" testListId="0cc0dcd4-aed7-45d5-87ba-d6573b1fa291" />
    <UnitTestResult executionId="91b95d11-1d11-4775-a56b-1da773f92527" testId="0d55e8a6-b6a2-4a81-ac33-c5853e05e4f0" testName="Test7377" computerName="UA-LPT-OGA2" duration="00:00:01.9060000" startTime="2025-05-14T13:20:31.3146610Z" endTime="2025-05-14T13:25:31.3147553Z" testType="13cdc9d9-ddb5-4fa4-a97d-d965ccfc6d4b" outcome="Passed" testListId="0cc0dcd4-aed7-45d5-87ba-d6573b1fa291" />
    <UnitTestResult executionId="4d4f0af1-03ea-498a-a9d1-52fb2264d13e" testId="72a85f90-65f3-44e6-8f64-63b8f2970a12" testName="Test7378" computerName="UA-LPT-OGA2" duration="00:00:00.9910000" startTime="2025-05-14T13:20:31.3146610Z" endTime="2025-05-14T13:25:31.3147553Z" testType="13cdc9d9-ddb5-4fa4-a97d-d965ccfc6d4b" outcome="Passed" testListId="0cc0dcd4-aed7-45d5-87ba-d6573b1fa291" />
    <UnitTestResult executionId="f439ccdd-35fa-45dc-9a1d-4042cf5f82f0" testId="499114e0-454f-44ac-b845-43142872f5a4" testName="Test7379" computerName="UA-LPT-OGA2" duration="00:00:01.3190000" startTime="2025-05-14T13:20:31.3146610Z" endTime="2025-05-14T13:25:31.3147553Z" testType="13cdc9d9-ddb5-4fa4-a97d-d965ccfc6d4b" outcome="Passed" testListId="0cc0dcd4-aed7-45d5-87ba-d6573b1fa291" />
    <UnitTestResult executionId="b229efce-82ec-4671-a61b-0c80c6adf2c8" testId="57776ae7-102a-43e7-aadd-566070e5ecee" testName="Test7380" computerName="UA-LPT-OGA2" duration="00:00:01.5840000" startTime="2025-05-14T13:20:31.3146610Z" endTime="2025-05-14T13:25:31.3147553Z" testType="13cdc9d9-ddb5-4fa4-a97d-d965ccfc6d4b" outcome="Inconclusive" testListId="0cc0dcd4-aed7-45d5-87ba-d6573b1fa291" />
    <UnitTestResult executionId="e68b7cfe-d038-4279-bcc6-851eab0f0a63" testId="51101f47-6fe0-4881-8f2d-12748b76be7d" testName="Test7381" computerName="UA-LPT-OGA2" duration="00:00:00.8770000" startTime="2025-05-14T13:20:31.3146610Z" endTime="2025-05-14T13:25:31.3147553Z" testType="13cdc9d9-ddb5-4fa4-a97d-d965ccfc6d4b" outcome="Passed" testListId="0cc0dcd4-aed7-45d5-87ba-d6573b1fa291" />
    <UnitTestResult executionId="18c50cae-a6b7-4de2-a31f-c982f8e08629" testId="216988ab-d03c-4600-b66d-d7d52fe3555a" testName="Test7382" computerName="UA-LPT-OGA2" duration="00:00:01.4850000" startTime="2025-05-14T13:20:31.3146610Z" endTime="2025-05-14T13:25:31.3147553Z" testType="13cdc9d9-ddb5-4fa4-a97d-d965ccfc6d4b" outcome="Passed" testListId="0cc0dcd4-aed7-45d5-87ba-d6573b1fa291" />
    <UnitTestResult executionId="b47ff7ad-05d5-4bd6-9568-4455553bf37d" testId="2122c523-594c-4234-ae62-776641e483c1" testName="Test7383" computerName="UA-LPT-OGA2" duration="00:00:01.2240000" startTime="2025-05-14T13:20:31.3146610Z" endTime="2025-05-14T13:25:31.3147553Z" testType="13cdc9d9-ddb5-4fa4-a97d-d965ccfc6d4b" outcome="Passed" testListId="0cc0dcd4-aed7-45d5-87ba-d6573b1fa291" />
    <UnitTestResult executionId="28b02e20-efc1-4648-ba36-8b54ead87d6f" testId="3f76de3f-cc3d-4b29-9505-a5b10582d6cc" testName="Test7384" computerName="UA-LPT-OGA2" duration="00:00:00.3500000" startTime="2025-05-14T13:20:31.3146610Z" endTime="2025-05-14T13:25:31.3147553Z" testType="13cdc9d9-ddb5-4fa4-a97d-d965ccfc6d4b" outcome="Passed" testListId="0cc0dcd4-aed7-45d5-87ba-d6573b1fa291" />
    <UnitTestResult executionId="3376fcf4-8d97-442d-862c-ce17fb008380" testId="90619f1c-963d-48b9-a3d3-be52cc93570b" testName="Test7385" computerName="UA-LPT-OGA2" duration="00:00:00.6320000" startTime="2025-05-14T13:20:31.3146610Z" endTime="2025-05-14T13:25:31.3147553Z" testType="13cdc9d9-ddb5-4fa4-a97d-d965ccfc6d4b" outcome="Passed" testListId="0cc0dcd4-aed7-45d5-87ba-d6573b1fa291" />
    <UnitTestResult executionId="526aa434-2a73-4ded-a748-007b588257f3" testId="f791c250-5584-4896-81ec-e28a4da9d7ae" testName="Test7386" computerName="UA-LPT-OGA2" duration="00:00:01.5900000" startTime="2025-05-14T13:20:31.3146610Z" endTime="2025-05-14T13:25:31.3147553Z" testType="13cdc9d9-ddb5-4fa4-a97d-d965ccfc6d4b" outcome="Passed" testListId="0cc0dcd4-aed7-45d5-87ba-d6573b1fa291" />
    <UnitTestResult executionId="59ffcb5d-c1d5-4566-9e5b-bc42a42cd6cb" testId="18f22b80-ecf3-449f-bee2-cf23c66f8602" testName="Test7387" computerName="UA-LPT-OGA2" duration="00:00:01.2550000" startTime="2025-05-14T13:20:31.3146610Z" endTime="2025-05-14T13:25:31.3147553Z" testType="13cdc9d9-ddb5-4fa4-a97d-d965ccfc6d4b" outcome="Passed" testListId="0cc0dcd4-aed7-45d5-87ba-d6573b1fa291" />
    <UnitTestResult executionId="09451a6d-44fe-4c41-b921-335769d53ab2" testId="917c9eaa-7b8a-4dad-890c-b350999f4e89" testName="Test7388" computerName="UA-LPT-OGA2" duration="00:00:00.5100000" startTime="2025-05-14T13:20:31.3146610Z" endTime="2025-05-14T13:25:31.3147553Z" testType="13cdc9d9-ddb5-4fa4-a97d-d965ccfc6d4b" outcome="Passed" testListId="0cc0dcd4-aed7-45d5-87ba-d6573b1fa291" />
    <UnitTestResult executionId="086cb30b-3cf9-4e93-9e16-c7ce3efaf513" testId="a384ce03-4960-4a30-9ba6-35c9ab809369" testName="Test7389" computerName="UA-LPT-OGA2" duration="00:00:00.9970000" startTime="2025-05-14T13:20:31.3146610Z" endTime="2025-05-14T13:25:31.3147553Z" testType="13cdc9d9-ddb5-4fa4-a97d-d965ccfc6d4b" outcome="Passed" testListId="0cc0dcd4-aed7-45d5-87ba-d6573b1fa291" />
    <UnitTestResult executionId="e6d44334-54c3-4fb7-9563-c25f2365c955" testId="f21f092c-af30-497c-8f38-173ffb6c931f" testName="Test7390" computerName="UA-LPT-OGA2" duration="00:00:01.4140000" startTime="2025-05-14T13:20:31.3146610Z" endTime="2025-05-14T13:25:31.3147553Z" testType="13cdc9d9-ddb5-4fa4-a97d-d965ccfc6d4b" outcome="Passed" testListId="0cc0dcd4-aed7-45d5-87ba-d6573b1fa291" />
    <UnitTestResult executionId="0379f247-93ce-4f76-a08e-a75b4c5b3447" testId="474a857b-bb97-4db9-93ca-580cdc787465" testName="Test7391" computerName="UA-LPT-OGA2" duration="00:00:01.0140000" startTime="2025-05-14T13:20:31.3146610Z" endTime="2025-05-14T13:25:31.3147553Z" testType="13cdc9d9-ddb5-4fa4-a97d-d965ccfc6d4b" outcome="Passed" testListId="0cc0dcd4-aed7-45d5-87ba-d6573b1fa291" />
    <UnitTestResult executionId="f2dfbafe-5e27-4195-b211-69c06ac0b61f" testId="59f538e2-95c5-4805-99a5-4649ed58f6e9" testName="Test7392" computerName="UA-LPT-OGA2" duration="00:00:00.9980000" startTime="2025-05-14T13:20:31.3146610Z" endTime="2025-05-14T13:25:31.3147553Z" testType="13cdc9d9-ddb5-4fa4-a97d-d965ccfc6d4b" outcome="Passed" testListId="0cc0dcd4-aed7-45d5-87ba-d6573b1fa291" />
    <UnitTestResult executionId="0eb82abc-b517-48ed-8f76-6627cc14d9d6" testId="5a4a4631-0aca-438b-9b62-b641ab294da1" testName="Test7393" computerName="UA-LPT-OGA2" duration="00:00:01.5990000" startTime="2025-05-14T13:20:31.3146610Z" endTime="2025-05-14T13:25:31.3147553Z" testType="13cdc9d9-ddb5-4fa4-a97d-d965ccfc6d4b" outcome="Passed" testListId="0cc0dcd4-aed7-45d5-87ba-d6573b1fa291" />
    <UnitTestResult executionId="51e64e6f-e811-4e6f-9dfc-8c522cc4c4c2" testId="c7a86503-6fda-4309-b711-a13986285aa2" testName="Test7394" computerName="UA-LPT-OGA2" duration="00:00:01.7310000" startTime="2025-05-14T13:20:31.3146610Z" endTime="2025-05-14T13:25:31.3147553Z" testType="13cdc9d9-ddb5-4fa4-a97d-d965ccfc6d4b" outcome="Passed" testListId="0cc0dcd4-aed7-45d5-87ba-d6573b1fa291" />
    <UnitTestResult executionId="21a1aa48-216e-456f-a332-3916af673041" testId="32030ebc-2864-42ef-b46b-f79b07840ab6" testName="Test7395" computerName="UA-LPT-OGA2" duration="00:00:00.0260000" startTime="2025-05-14T13:20:31.3146610Z" endTime="2025-05-14T13:25:31.3147553Z" testType="13cdc9d9-ddb5-4fa4-a97d-d965ccfc6d4b" outcome="Passed" testListId="0cc0dcd4-aed7-45d5-87ba-d6573b1fa291" />
    <UnitTestResult executionId="e8bcca32-3102-4e62-b741-879ed2944309" testId="d7cb52d1-386a-458d-ba32-2243880ca8e2" testName="Test7396" computerName="UA-LPT-OGA2" duration="00:00:00.2390000" startTime="2025-05-14T13:20:31.3146610Z" endTime="2025-05-14T13:25:31.3147553Z" testType="13cdc9d9-ddb5-4fa4-a97d-d965ccfc6d4b" outcome="Passed" testListId="0cc0dcd4-aed7-45d5-87ba-d6573b1fa291" />
    <UnitTestResult executionId="232009c6-d5bd-4144-8330-65f0ed1ec0d1" testId="982490e5-f16d-41b0-9f7e-f57e3e83a093" testName="Test7397" computerName="UA-LPT-OGA2" duration="00:00:00.3770000" startTime="2025-05-14T13:20:31.3146610Z" endTime="2025-05-14T13:25:31.3147553Z" testType="13cdc9d9-ddb5-4fa4-a97d-d965ccfc6d4b" outcome="Passed" testListId="0cc0dcd4-aed7-45d5-87ba-d6573b1fa291" />
    <UnitTestResult executionId="8581ea1c-163c-444d-933e-4944b3ab73c0" testId="e5c7a4c4-0c0c-4da4-b342-b8b3309d1fcf" testName="Test7398" computerName="UA-LPT-OGA2" duration="00:00:01.9310000" startTime="2025-05-14T13:20:31.3146610Z" endTime="2025-05-14T13:25:31.3147553Z" testType="13cdc9d9-ddb5-4fa4-a97d-d965ccfc6d4b" outcome="Passed" testListId="0cc0dcd4-aed7-45d5-87ba-d6573b1fa291" />
    <UnitTestResult executionId="a2738e6a-5b01-4833-bea8-64d16552cb54" testId="7fc27745-0c38-4539-bc39-6e4fed381003" testName="Test7399" computerName="UA-LPT-OGA2" duration="00:00:01.8010000" startTime="2025-05-14T13:20:31.3146610Z" endTime="2025-05-14T13:25:31.3147553Z" testType="13cdc9d9-ddb5-4fa4-a97d-d965ccfc6d4b" outcome="Passed" testListId="0cc0dcd4-aed7-45d5-87ba-d6573b1fa291" />
    <UnitTestResult executionId="bd2a542e-4125-4ccf-b516-a549266175be" testId="a4706dc8-237c-4fdd-93ba-b782c5cc572e" testName="Test7400" computerName="UA-LPT-OGA2" duration="00:00:00.7820000" startTime="2025-05-14T13:20:31.3146610Z" endTime="2025-05-14T13:25:31.3147553Z" testType="13cdc9d9-ddb5-4fa4-a97d-d965ccfc6d4b" outcome="Passed" testListId="0cc0dcd4-aed7-45d5-87ba-d6573b1fa291" />
  </Results>
  <TestDefinitions>
    <UnitTest name="Test7301" id="0396b908-03cb-40fa-8ea9-da943edac925" storage="TestAssembly.dll">
      <Execution id="3ef01387-da18-4fb8-b935-9b176ad7812b" />
      <TestMethod codeBase="TestAssembly.dll" className="TestNamespace.TestClass1" name="Test7301" />
    </UnitTest>
    <UnitTest name="Test7302" id="382b3ef0-0258-4e30-9f62-bbe3a3010063" storage="TestAssembly.dll">
      <Execution id="9d1c0ff3-7108-4d09-b225-90537b09dbeb" />
      <TestMethod codeBase="TestAssembly.dll" className="TestNamespace.TestClass1" name="Test7302" />
    </UnitTest>
    <UnitTest name="Test7303" id="adf24d6b-5a50-488f-9a48-717a9fbe7bb2" storage="TestAssembly.dll">
      <Execution id="0e343908-ec1e-4ecb-af96-58d5d1a768d3" />
      <TestMethod codeBase="TestAssembly.dll" className="TestNamespace.TestClass1" name="Test7303" />
    </UnitTest>
    <UnitTest name="Test7304" id="ace4034d-bc77-4b8d-b171-71680d69d640" storage="TestAssembly.dll">
      <Execution id="92a377ef-db65-4ea7-9ff3-d53479faff21" />
      <TestMethod codeBase="TestAssembly.dll" className="TestNamespace.TestClass1" name="Test7304" />
    </UnitTest>
    <UnitTest name="Test7305" id="15b4d847-45de-4ba7-88e5-8cab58384e37" storage="TestAssembly.dll">
      <Execution id="12553b16-c2a4-4727-a7d6-70ae8fd0c3b2" />
      <TestMethod codeBase="TestAssembly.dll" className="TestNamespace.TestClass1" name="Test7305" />
    </UnitTest>
    <UnitTest name="Test7306" id="e2a8db44-5165-4141-a8bf-19961e414986" storage="TestAssembly.dll">
      <Execution id="aa782d2a-4bd8-46ab-88ef-81d7425316a0" />
      <TestMethod codeBase="TestAssembly.dll" className="TestNamespace.TestClass1" name="Test7306" />
    </UnitTest>
    <UnitTest name="Test7307" id="7153f3b7-5af1-40e3-add9-23ef87f01d03" storage="TestAssembly.dll">
      <Execution id="ed3202c9-d275-4bfa-a1d5-947ec3e31b07" />
      <TestMethod codeBase="TestAssembly.dll" className="TestNamespace.TestClass1" name="Test7307" />
    </UnitTest>
    <UnitTest name="Test7308" id="78595e8c-d2d6-46af-9cf7-e9ad40b7766c" storage="TestAssembly.dll">
      <Execution id="563084af-8446-4fa3-9bbb-8fd435359234" />
      <TestMethod codeBase="TestAssembly.dll" className="TestNamespace.TestClass1" name="Test7308" />
    </UnitTest>
    <UnitTest name="Test7309" id="b4e9d029-d377-4e56-86b1-6b69b10c9666" storage="TestAssembly.dll">
      <Execution id="993be38d-f19d-42b4-ad13-900008798b82" />
      <TestMethod codeBase="TestAssembly.dll" className="TestNamespace.TestClass1" name="Test7309" />
    </UnitTest>
    <UnitTest name="Test7310" id="e20785f7-a95f-4479-afa1-b6f832e7b75d" storage="TestAssembly.dll">
      <Execution id="b4087d7f-65c1-4f37-a68b-54313b2f112d" />
      <TestMethod codeBase="TestAssembly.dll" className="TestNamespace.TestClass1" name="Test7310" />
    </UnitTest>
    <UnitTest name="Test7311" id="a79841dc-cc79-42fe-b179-3e018be701a0" storage="TestAssembly.dll">
      <Execution id="70de7158-3313-4c42-af7d-d95db4451aa9" />
      <TestMethod codeBase="TestAssembly.dll" className="TestNamespace.TestClass2" name="Test7311" />
    </UnitTest>
    <UnitTest name="Test7312" id="b456defd-09dd-48cd-a068-87e73dedcd7a" storage="TestAssembly.dll">
      <Execution id="58252d69-871f-4eab-b57f-f7b1567f4546" />
      <TestMethod codeBase="TestAssembly.dll" className="TestNamespace.TestClass2" name="Test7312" />
    </UnitTest>
    <UnitTest name="Test7313" id="56efbbb7-d740-41fd-998b-d60931d02585" storage="TestAssembly.dll">
      <Execution id="a701b9a7-982a-4c53-b2bc-c66c37b214fc" />
      <TestMethod codeBase="TestAssembly.dll" className="TestNamespace.TestClass2" name="Test7313" />
    </UnitTest>
    <UnitTest name="Test7314" id="0f2c7067-ec09-445a-92a6-4b7356685cf0" storage="TestAssembly.dll">
      <Execution id="18114851-c7e9-46af-9535-c15109da7719" />
      <TestMethod codeBase="TestAssembly.dll" className="TestNamespace.TestClass2" name="Test7314" />
    </UnitTest>
    <UnitTest name="Test7315" id="b8d299c2-ca74-4060-8f15-2d8c01dee8b8" storage="TestAssembly.dll">
      <Execution id="dc7c533e-f8f7-4d40-a78c-3bb101cc8be5" />
      <TestMethod codeBase="TestAssembly.dll" className="TestNamespace.TestClass2" name="Test7315" />
    </UnitTest>
    <UnitTest name="Test7316" id="5f4693ea-b71a-4e06-b60f-e83ec48683f7" storage="TestAssembly.dll">
      <Execution id="76a3dcf0-73e1-4720-9f43-4d9ee43f2e48" />
      <TestMethod codeBase="TestAssembly.dll" className="TestNamespace.TestClass2" name="Test7316" />
    </UnitTest>
    <UnitTest name="Test7317" id="3d104a5e-7f10-4b90-a17d-db0aca7e9328" storage="TestAssembly.dll">
      <Execution id="8b954eaf-4843-4b35-8cd6-be2b599500f5" />
      <TestMethod codeBase="TestAssembly.dll" className="TestNamespace.TestClass2" name="Test7317" />
    </UnitTest>
    <UnitTest name="Test7318" id="86fcd3a3-277c-408e-8a96-4460c0ae0b86" storage="TestAssembly.dll">
      <Execution id="ddd5cf70-7fc3-4f57-8021-ced2bb9554a0" />
      <TestMethod codeBase="TestAssembly.dll" className="TestNamespace.TestClass2" name="Test7318" />
    </UnitTest>
    <UnitTest name="Test7319" id="29b13cce-81bd-4403-a8ac-cff25193dc25" storage="TestAssembly.dll">
      <Execution id="8b5beea0-ce8b-48f8-ae4d-b7602ea9cd83" />
      <TestMethod codeBase="TestAssembly.dll" className="TestNamespace.TestClass2" name="Test7319" />
    </UnitTest>
    <UnitTest name="Test7320" id="914600df-b737-4e9f-a9e8-da64d3feeea5" storage="TestAssembly.dll">
      <Execution id="07ac8613-4a69-4b77-ba10-8aafbad78e20" />
      <TestMethod codeBase="TestAssembly.dll" className="TestNamespace.TestClass2" name="Test7320" />
    </UnitTest>
    <UnitTest name="Test7321" id="d95c7182-de9f-4642-b3f2-514ea37c33ff" storage="TestAssembly.dll">
      <Execution id="3445d671-f824-4704-8320-b27e99fb9c00" />
      <TestMethod codeBase="TestAssembly.dll" className="TestNamespace.TestClass3" name="Test7321" />
    </UnitTest>
    <UnitTest name="Test7322" id="9b9ed55a-cfab-4ae4-8622-974e75e2378d" storage="TestAssembly.dll">
      <Execution id="8e3ecab7-e29b-4f83-9f59-c8bac8bdd7fb" />
      <TestMethod codeBase="TestAssembly.dll" className="TestNamespace.TestClass3" name="Test7322" />
    </UnitTest>
    <UnitTest name="Test7323" id="9f0e1ab7-07b6-4c18-97f4-5b65a64fb230" storage="TestAssembly.dll">
      <Execution id="87af04d5-b53a-4889-a10e-352f226e6ac0" />
      <TestMethod codeBase="TestAssembly.dll" className="TestNamespace.TestClass3" name="Test7323" />
    </UnitTest>
    <UnitTest name="Test7324" id="60affa17-5146-4919-a7f6-1b0a699f36c7" storage="TestAssembly.dll">
      <Execution id="1355dde2-ab46-4249-860c-0d21b72bd2fc" />
      <TestMethod codeBase="TestAssembly.dll" className="TestNamespace.TestClass3" name="Test7324" />
    </UnitTest>
    <UnitTest name="Test7325" id="b37edb85-be38-41ba-bb51-f84f8b327ced" storage="TestAssembly.dll">
      <Execution id="440831cb-fb48-436a-9ab8-6da70e1d699d" />
      <TestMethod codeBase="TestAssembly.dll" className="TestNamespace.TestClass3" name="Test7325" />
    </UnitTest>
    <UnitTest name="Test7326" id="881fabfc-3119-4be1-b6ae-09e6501166a8" storage="TestAssembly.dll">
      <Execution id="40d27210-0d2e-4fcf-9811-8e22e1c4ac91" />
      <TestMethod codeBase="TestAssembly.dll" className="TestNamespace.TestClass3" name="Test7326" />
    </UnitTest>
    <UnitTest name="Test7327" id="aa8553a5-13e8-4635-877f-2312ac861df9" storage="TestAssembly.dll">
      <Execution id="6e3ff049-9459-4323-ad46-38d3764f15e3" />
      <TestMethod codeBase="TestAssembly.dll" className="TestNamespace.TestClass3" name="Test7327" />
    </UnitTest>
    <UnitTest name="Test7328" id="594c9485-1ff6-41c5-8703-e64d8a1d67f3" storage="TestAssembly.dll">
      <Execution id="e590813c-0425-47dd-b06c-a29a1334e54c" />
      <TestMethod codeBase="TestAssembly.dll" className="TestNamespace.TestClass3" name="Test7328" />
    </UnitTest>
    <UnitTest name="Test7329" id="e84b8cdd-5394-47ba-9ab9-9616e0262be5" storage="TestAssembly.dll">
      <Execution id="321c60d8-7448-440d-abba-c52a9f46b1dc" />
      <TestMethod codeBase="TestAssembly.dll" className="TestNamespace.TestClass3" name="Test7329" />
    </UnitTest>
    <UnitTest name="Test7330" id="c98d70fd-1b1e-46b9-84a9-ae1c36c85e25" storage="TestAssembly.dll">
      <Execution id="50430c62-53da-42a5-84bc-1935823521a7" />
      <TestMethod codeBase="TestAssembly.dll" className="TestNamespace.TestClass3" name="Test7330" />
    </UnitTest>
    <UnitTest name="Test7331" id="36fb516f-c9ee-4c7e-b3be-20e037e3c191" storage="TestAssembly.dll">
      <Execution id="9f40191e-7ed9-40d4-8ccc-7da8766b4e77" />
      <TestMethod codeBase="TestAssembly.dll" className="TestNamespace.TestClass4" name="Test7331" />
    </UnitTest>
    <UnitTest name="Test7332" id="f03bdf2e-2504-494a-8beb-204fcdf1bc0c" storage="TestAssembly.dll">
      <Execution id="05cc7f7a-7c14-4a2b-a473-8a5d7f2b7e01" />
      <TestMethod codeBase="TestAssembly.dll" className="TestNamespace.TestClass4" name="Test7332" />
    </UnitTest>
    <UnitTest name="Test7333" id="0f0ee793-7b58-43df-a6c2-b32f455b3737" storage="TestAssembly.dll">
      <Execution id="ce805723-7d4f-4ad6-a29f-c737196ba02d" />
      <TestMethod codeBase="TestAssembly.dll" className="TestNamespace.TestClass4" name="Test7333" />
    </UnitTest>
    <UnitTest name="Test7334" id="33ed3a86-7786-42d4-a841-7e2c133ea428" storage="TestAssembly.dll">
      <Execution id="f47c4dd4-440f-42d2-bc55-4d64ce1c7d49" />
      <TestMethod codeBase="TestAssembly.dll" className="TestNamespace.TestClass4" name="Test7334" />
    </UnitTest>
    <UnitTest name="Test7335" id="266d0f68-53f5-4e30-ad48-6457f1c96015" storage="TestAssembly.dll">
      <Execution id="00ed0b16-82ce-4749-ade5-7a8f1d4ee522" />
      <TestMethod codeBase="TestAssembly.dll" className="TestNamespace.TestClass4" name="Test7335" />
    </UnitTest>
    <UnitTest name="Test7336" id="d0ac300d-90c4-4141-ba7f-7231db380b8a" storage="TestAssembly.dll">
      <Execution id="0fe6b74a-b7a3-464f-aea5-57a6829f900c" />
      <TestMethod codeBase="TestAssembly.dll" className="TestNamespace.TestClass4" name="Test7336" />
    </UnitTest>
    <UnitTest name="Test7337" id="059b8c34-de1d-4c8e-ae45-9de90aa060a6" storage="TestAssembly.dll">
      <Execution id="05a17f5a-8ced-4aa1-8ce5-0cd96c560ffb" />
      <TestMethod codeBase="TestAssembly.dll" className="TestNamespace.TestClass4" name="Test7337" />
    </UnitTest>
    <UnitTest name="Test7338" id="a8dc48a6-0115-45ea-88a1-48a034af7498" storage="TestAssembly.dll">
      <Execution id="17c16b20-e7b4-4b12-8876-9ff1db392568" />
      <TestMethod codeBase="TestAssembly.dll" className="TestNamespace.TestClass4" name="Test7338" />
    </UnitTest>
    <UnitTest name="Test7339" id="c81b37ba-a429-4ca1-872d-c1168d0e6150" storage="TestAssembly.dll">
      <Execution id="c1033f7a-6462-4813-bb29-0cc4bfa8cbd8" />
      <TestMethod codeBase="TestAssembly.dll" className="TestNamespace.TestClass4" name="Test7339" />
    </UnitTest>
    <UnitTest name="Test7340" id="00617cf0-1082-436f-a56d-9b531e661220" storage="TestAssembly.dll">
      <Execution id="2b20dd9f-9a5d-4226-847b-5645afcc4b7f" />
      <TestMethod codeBase="TestAssembly.dll" className="TestNamespace.TestClass4" name="Test7340" />
    </UnitTest>
    <UnitTest name="Test7341" id="0fd25f2c-d6a3-4102-af5c-547b241e429c" storage="TestAssembly.dll">
      <Execution id="6340aaf3-4aac-495b-a1e7-f8ee1f1b174e" />
      <TestMethod codeBase="TestAssembly.dll" className="TestNamespace.TestClass5" name="Test7341" />
    </UnitTest>
    <UnitTest name="Test7342" id="cdde2ae2-5ac2-4e50-a7f1-457a1924357b" storage="TestAssembly.dll">
      <Execution id="cd0da449-f644-46ce-b920-fc2199d28ef8" />
      <TestMethod codeBase="TestAssembly.dll" className="TestNamespace.TestClass5" name="Test7342" />
    </UnitTest>
    <UnitTest name="Test7343" id="653ef023-12d9-4e24-9ad7-52eb0dc16ccf" storage="TestAssembly.dll">
      <Execution id="d51e066f-7a15-491e-88ad-c9f4c1756258" />
      <TestMethod codeBase="TestAssembly.dll" className="TestNamespace.TestClass5" name="Test7343" />
    </UnitTest>
    <UnitTest name="Test7344" id="364b931a-8b35-4ba4-85b8-96ecf7adc303" storage="TestAssembly.dll">
      <Execution id="bf4cdc06-3ca1-48d7-b607-2cacef1a578a" />
      <TestMethod codeBase="TestAssembly.dll" className="TestNamespace.TestClass5" name="Test7344" />
    </UnitTest>
    <UnitTest name="Test7345" id="d4f20542-8921-4ffe-badf-0b86b85ae48f" storage="TestAssembly.dll">
      <Execution id="8e96a032-f4e8-4f6b-b0e5-354233e8b4e6" />
      <TestMethod codeBase="TestAssembly.dll" className="TestNamespace.TestClass5" name="Test7345" />
    </UnitTest>
    <UnitTest name="Test7346" id="0823599a-074e-4071-b6a7-ad80176e95f2" storage="TestAssembly.dll">
      <Execution id="27de525d-23cd-4f15-bc66-fee3e32c90a3" />
      <TestMethod codeBase="TestAssembly.dll" className="TestNamespace.TestClass5" name="Test7346" />
    </UnitTest>
    <UnitTest name="Test7347" id="4979c6d2-f1c6-4365-a9c3-155debff5828" storage="TestAssembly.dll">
      <Execution id="5149ef70-c957-4605-9b4f-53f130662765" />
      <TestMethod codeBase="TestAssembly.dll" className="TestNamespace.TestClass5" name="Test7347" />
    </UnitTest>
    <UnitTest name="Test7348" id="fc690e9a-b669-4999-8c3d-08bef87cf741" storage="TestAssembly.dll">
      <Execution id="e0c84cb7-99ef-4626-9059-1ff7b8f29199" />
      <TestMethod codeBase="TestAssembly.dll" className="TestNamespace.TestClass5" name="Test7348" />
    </UnitTest>
    <UnitTest name="Test7349" id="548379a1-6811-4f59-8eaa-2e190f8b8a0d" storage="TestAssembly.dll">
      <Execution id="ae3bc164-4950-428c-a2b3-3c4ccce4bf44" />
      <TestMethod codeBase="TestAssembly.dll" className="TestNamespace.TestClass5" name="Test7349" />
    </UnitTest>
    <UnitTest name="Test7350" id="697f04bc-ef9a-446c-b609-be069ed4bdbe" storage="TestAssembly.dll">
      <Execution id="e0e68eb8-e8d5-4dd7-99e3-359337dc1a70" />
      <TestMethod codeBase="TestAssembly.dll" className="TestNamespace.TestClass5" name="Test7350" />
    </UnitTest>
    <UnitTest name="Test7351" id="af24c822-5ca2-4743-96f6-12d95a6326a7" storage="TestAssembly.dll">
      <Execution id="d04d49a1-6006-4694-96c9-1f6f19cda402" />
      <TestMethod codeBase="TestAssembly.dll" className="TestNamespace.TestClass6" name="Test7351" />
    </UnitTest>
    <UnitTest name="Test7352" id="41c7e7ba-bddd-43a9-8364-6ffbb2ee7b0f" storage="TestAssembly.dll">
      <Execution id="5ea7337e-1631-406d-9f71-b9051a8b2922" />
      <TestMethod codeBase="TestAssembly.dll" className="TestNamespace.TestClass6" name="Test7352" />
    </UnitTest>
    <UnitTest name="Test7353" id="64ee904f-4b5a-4a5d-9e2b-93557db09beb" storage="TestAssembly.dll">
      <Execution id="6c6040c1-b397-441a-9d24-06688c19dcc0" />
      <TestMethod codeBase="TestAssembly.dll" className="TestNamespace.TestClass6" name="Test7353" />
    </UnitTest>
    <UnitTest name="Test7354" id="13c3e0f1-2d84-4a5f-ad42-f2ad9b7b2711" storage="TestAssembly.dll">
      <Execution id="e7803119-cb05-4ee1-a21b-3dc50ba66c3b" />
      <TestMethod codeBase="TestAssembly.dll" className="TestNamespace.TestClass6" name="Test7354" />
    </UnitTest>
    <UnitTest name="Test7355" id="be246eed-aa81-47bb-828a-f099f884a13f" storage="TestAssembly.dll">
      <Execution id="38a4f31c-429c-4314-9146-9f58b7cee610" />
      <TestMethod codeBase="TestAssembly.dll" className="TestNamespace.TestClass6" name="Test7355" />
    </UnitTest>
    <UnitTest name="Test7356" id="1067dfe4-26d1-4536-bcdd-e75a1140ea65" storage="TestAssembly.dll">
      <Execution id="8d66a6d6-7b4f-4364-a781-5a93db77fecc" />
      <TestMethod codeBase="TestAssembly.dll" className="TestNamespace.TestClass6" name="Test7356" />
    </UnitTest>
    <UnitTest name="Test7357" id="1802bed9-be73-4dcd-8599-ce6f67b9fb32" storage="TestAssembly.dll">
      <Execution id="c17e366b-cc43-430f-b57f-87374acf9baf" />
      <TestMethod codeBase="TestAssembly.dll" className="TestNamespace.TestClass6" name="Test7357" />
    </UnitTest>
    <UnitTest name="Test7358" id="9192e59b-423f-4de4-909a-6039c94d6902" storage="TestAssembly.dll">
      <Execution id="1e024f93-f6ac-48a1-a9ec-bb7f58a9b229" />
      <TestMethod codeBase="TestAssembly.dll" className="TestNamespace.TestClass6" name="Test7358" />
    </UnitTest>
    <UnitTest name="Test7359" id="f762563a-0661-40dc-9786-b7c1a48c8763" storage="TestAssembly.dll">
      <Execution id="233614ba-31c2-4ccd-b719-15bb72a737f5" />
      <TestMethod codeBase="TestAssembly.dll" className="TestNamespace.TestClass6" name="Test7359" />
    </UnitTest>
    <UnitTest name="Test7360" id="d7c66c0d-c1ea-431c-949a-311e1afda422" storage="TestAssembly.dll">
      <Execution id="8aeff347-904c-4ea1-a042-f8ba18a06fe5" />
      <TestMethod codeBase="TestAssembly.dll" className="TestNamespace.TestClass6" name="Test7360" />
    </UnitTest>
    <UnitTest name="Test7361" id="bc166bf2-e9ac-4822-b406-16cb34d63d11" storage="TestAssembly.dll">
      <Execution id="f8b6d17c-4786-4f38-805b-f589465ad956" />
      <TestMethod codeBase="TestAssembly.dll" className="TestNamespace.TestClass7" name="Test7361" />
    </UnitTest>
    <UnitTest name="Test7362" id="e9ecd9d5-3219-4c32-95e4-7bb9fa7f807e" storage="TestAssembly.dll">
      <Execution id="f10873a0-8b90-4c14-aea1-d5e6c803d858" />
      <TestMethod codeBase="TestAssembly.dll" className="TestNamespace.TestClass7" name="Test7362" />
    </UnitTest>
    <UnitTest name="Test7363" id="3be0c83a-a917-4f6a-92a0-57a06db63334" storage="TestAssembly.dll">
      <Execution id="94a9440d-8711-488d-a000-d1ca4927193e" />
      <TestMethod codeBase="TestAssembly.dll" className="TestNamespace.TestClass7" name="Test7363" />
    </UnitTest>
    <UnitTest name="Test7364" id="a86e8ecd-083f-4400-9cf5-be8925bbd0dd" storage="TestAssembly.dll">
      <Execution id="1ab0a8cf-2d97-4c78-96a2-791894995570" />
      <TestMethod codeBase="TestAssembly.dll" className="TestNamespace.TestClass7" name="Test7364" />
    </UnitTest>
    <UnitTest name="Test7365" id="fcc2e15c-1fec-41f9-a255-fe05b89aa4da" storage="TestAssembly.dll">
      <Execution id="e4aa69c2-effe-4b52-8033-07e56ab9e01b" />
      <TestMethod codeBase="TestAssembly.dll" className="TestNamespace.TestClass7" name="Test7365" />
    </UnitTest>
    <UnitTest name="Test7366" id="529f05df-ad28-4781-bde9-d813b1b5dc7a" storage="TestAssembly.dll">
      <Execution id="7e7cde7d-2fdd-4f65-ae53-5ecb8b25df34" />
      <TestMethod codeBase="TestAssembly.dll" className="TestNamespace.TestClass7" name="Test7366" />
    </UnitTest>
    <UnitTest name="Test7367" id="33391918-c655-449a-84f5-0cdb4409ba9f" storage="TestAssembly.dll">
      <Execution id="17ebfcfe-7f83-4114-9461-3a9730d6f9e8" />
      <TestMethod codeBase="TestAssembly.dll" className="TestNamespace.TestClass7" name="Test7367" />
    </UnitTest>
    <UnitTest name="Test7368" id="31c73760-1575-4fb1-9775-4895a8712ca4" storage="TestAssembly.dll">
      <Execution id="663062e1-2c84-458d-a834-419f55ac7e70" />
      <TestMethod codeBase="TestAssembly.dll" className="TestNamespace.TestClass7" name="Test7368" />
    </UnitTest>
    <UnitTest name="Test7369" id="bf67e6ae-0ba9-41ca-bdb7-c5ddedeac99b" storage="TestAssembly.dll">
      <Execution id="b8544cf0-3a03-4692-b2de-e7b78ce3dca8" />
      <TestMethod codeBase="TestAssembly.dll" className="TestNamespace.TestClass7" name="Test7369" />
    </UnitTest>
    <UnitTest name="Test7370" id="12a54f80-b3ec-450f-92b9-50d34a264006" storage="TestAssembly.dll">
      <Execution id="3189d6fc-6ba2-4a6a-bde0-533e441e2e10" />
      <TestMethod codeBase="TestAssembly.dll" className="TestNamespace.TestClass7" name="Test7370" />
    </UnitTest>
    <UnitTest name="Test7371" id="770f43f3-a36b-4ac7-a5b8-d87f188c9ec4" storage="TestAssembly.dll">
      <Execution id="db5dff4b-e40c-4d4f-8772-9d21f8a94503" />
      <TestMethod codeBase="TestAssembly.dll" className="TestNamespace.TestClass8" name="Test7371" />
    </UnitTest>
    <UnitTest name="Test7372" id="cd22e06b-5e60-4b43-9999-71920d4bd0e0" storage="TestAssembly.dll">
      <Execution id="1e66412a-5dcd-4b99-9b50-a04894ac810b" />
      <TestMethod codeBase="TestAssembly.dll" className="TestNamespace.TestClass8" name="Test7372" />
    </UnitTest>
    <UnitTest name="Test7373" id="80f02c71-091b-42af-9f37-b9a6e885365a" storage="TestAssembly.dll">
      <Execution id="7a270943-1a05-4005-ac82-0825f07193f9" />
      <TestMethod codeBase="TestAssembly.dll" className="TestNamespace.TestClass8" name="Test7373" />
    </UnitTest>
    <UnitTest name="Test7374" id="67c1416d-5a53-47e1-be40-8a8994d84898" storage="TestAssembly.dll">
      <Execution id="a0a60614-92f0-4f3c-8ca4-965b1dff9d17" />
      <TestMethod codeBase="TestAssembly.dll" className="TestNamespace.TestClass8" name="Test7374" />
    </UnitTest>
    <UnitTest name="Test7375" id="810d470f-e22f-4215-98a2-6684ce2be429" storage="TestAssembly.dll">
      <Execution id="3a54e246-9ab3-4338-919c-09b9b15b3cd5" />
      <TestMethod codeBase="TestAssembly.dll" className="TestNamespace.TestClass8" name="Test7375" />
    </UnitTest>
    <UnitTest name="Test7376" id="d9c6cb4f-5990-47af-97fc-91cd0ee04182" storage="TestAssembly.dll">
      <Execution id="01848bf0-6c3c-4d44-9c97-5bdd9c1c5bcb" />
      <TestMethod codeBase="TestAssembly.dll" className="TestNamespace.TestClass8" name="Test7376" />
    </UnitTest>
    <UnitTest name="Test7377" id="0d55e8a6-b6a2-4a81-ac33-c5853e05e4f0" storage="TestAssembly.dll">
      <Execution id="91b95d11-1d11-4775-a56b-1da773f92527" />
      <TestMethod codeBase="TestAssembly.dll" className="TestNamespace.TestClass8" name="Test7377" />
    </UnitTest>
    <UnitTest name="Test7378" id="72a85f90-65f3-44e6-8f64-63b8f2970a12" storage="TestAssembly.dll">
      <Execution id="4d4f0af1-03ea-498a-a9d1-52fb2264d13e" />
      <TestMethod codeBase="TestAssembly.dll" className="TestNamespace.TestClass8" name="Test7378" />
    </UnitTest>
    <UnitTest name="Test7379" id="499114e0-454f-44ac-b845-43142872f5a4" storage="TestAssembly.dll">
      <Execution id="f439ccdd-35fa-45dc-9a1d-4042cf5f82f0" />
      <TestMethod codeBase="TestAssembly.dll" className="TestNamespace.TestClass8" name="Test7379" />
    </UnitTest>
    <UnitTest name="Test7380" id="57776ae7-102a-43e7-aadd-566070e5ecee" storage="TestAssembly.dll">
      <Execution id="b229efce-82ec-4671-a61b-0c80c6adf2c8" />
      <TestMethod codeBase="TestAssembly.dll" className="TestNamespace.TestClass8" name="Test7380" />
    </UnitTest>
    <UnitTest name="Test7381" id="51101f47-6fe0-4881-8f2d-12748b76be7d" storage="TestAssembly.dll">
      <Execution id="e68b7cfe-d038-4279-bcc6-851eab0f0a63" />
      <TestMethod codeBase="TestAssembly.dll" className="TestNamespace.TestClass9" name="Test7381" />
    </UnitTest>
    <UnitTest name="Test7382" id="216988ab-d03c-4600-b66d-d7d52fe3555a" storage="TestAssembly.dll">
      <Execution id="18c50cae-a6b7-4de2-a31f-c982f8e08629" />
      <TestMethod codeBase="TestAssembly.dll" className="TestNamespace.TestClass9" name="Test7382" />
    </UnitTest>
    <UnitTest name="Test7383" id="2122c523-594c-4234-ae62-776641e483c1" storage="TestAssembly.dll">
      <Execution id="b47ff7ad-05d5-4bd6-9568-4455553bf37d" />
      <TestMethod codeBase="TestAssembly.dll" className="TestNamespace.TestClass9" name="Test7383" />
    </UnitTest>
    <UnitTest name="Test7384" id="3f76de3f-cc3d-4b29-9505-a5b10582d6cc" storage="TestAssembly.dll">
      <Execution id="28b02e20-efc1-4648-ba36-8b54ead87d6f" />
      <TestMethod codeBase="TestAssembly.dll" className="TestNamespace.TestClass9" name="Test7384" />
    </UnitTest>
    <UnitTest name="Test7385" id="90619f1c-963d-48b9-a3d3-be52cc93570b" storage="TestAssembly.dll">
      <Execution id="3376fcf4-8d97-442d-862c-ce17fb008380" />
      <TestMethod codeBase="TestAssembly.dll" className="TestNamespace.TestClass9" name="Test7385" />
    </UnitTest>
    <UnitTest name="Test7386" id="f791c250-5584-4896-81ec-e28a4da9d7ae" storage="TestAssembly.dll">
      <Execution id="526aa434-2a73-4ded-a748-007b588257f3" />
      <TestMethod codeBase="TestAssembly.dll" className="TestNamespace.TestClass9" name="Test7386" />
    </UnitTest>
    <UnitTest name="Test7387" id="18f22b80-ecf3-449f-bee2-cf23c66f8602" storage="TestAssembly.dll">
      <Execution id="59ffcb5d-c1d5-4566-9e5b-bc42a42cd6cb" />
      <TestMethod codeBase="TestAssembly.dll" className="TestNamespace.TestClass9" name="Test7387" />
    </UnitTest>
    <UnitTest name="Test7388" id="917c9eaa-7b8a-4dad-890c-b350999f4e89" storage="TestAssembly.dll">
      <Execution id="09451a6d-44fe-4c41-b921-335769d53ab2" />
      <TestMethod codeBase="TestAssembly.dll" className="TestNamespace.TestClass9" name="Test7388" />
    </UnitTest>
    <UnitTest name="Test7389" id="a384ce03-4960-4a30-9ba6-35c9ab809369" storage="TestAssembly.dll">
      <Execution id="086cb30b-3cf9-4e93-9e16-c7ce3efaf513" />
      <TestMethod codeBase="TestAssembly.dll" className="TestNamespace.TestClass9" name="Test7389" />
    </UnitTest>
    <UnitTest name="Test7390" id="f21f092c-af30-497c-8f38-173ffb6c931f" storage="TestAssembly.dll">
      <Execution id="e6d44334-54c3-4fb7-9563-c25f2365c955" />
      <TestMethod codeBase="TestAssembly.dll" className="TestNamespace.TestClass9" name="Test7390" />
    </UnitTest>
    <UnitTest name="Test7391" id="474a857b-bb97-4db9-93ca-580cdc787465" storage="TestAssembly.dll">
      <Execution id="0379f247-93ce-4f76-a08e-a75b4c5b3447" />
      <TestMethod codeBase="TestAssembly.dll" className="TestNamespace.TestClass10" name="Test7391" />
    </UnitTest>
    <UnitTest name="Test7392" id="59f538e2-95c5-4805-99a5-4649ed58f6e9" storage="TestAssembly.dll">
      <Execution id="f2dfbafe-5e27-4195-b211-69c06ac0b61f" />
      <TestMethod codeBase="TestAssembly.dll" className="TestNamespace.TestClass10" name="Test7392" />
    </UnitTest>
    <UnitTest name="Test7393" id="5a4a4631-0aca-438b-9b62-b641ab294da1" storage="TestAssembly.dll">
      <Execution id="0eb82abc-b517-48ed-8f76-6627cc14d9d6" />
      <TestMethod codeBase="TestAssembly.dll" className="TestNamespace.TestClass10" name="Test7393" />
    </UnitTest>
    <UnitTest name="Test7394" id="c7a86503-6fda-4309-b711-a13986285aa2" storage="TestAssembly.dll">
      <Execution id="51e64e6f-e811-4e6f-9dfc-8c522cc4c4c2" />
      <TestMethod codeBase="TestAssembly.dll" className="TestNamespace.TestClass10" name="Test7394" />
    </UnitTest>
    <UnitTest name="Test7395" id="32030ebc-2864-42ef-b46b-f79b07840ab6" storage="TestAssembly.dll">
      <Execution id="21a1aa48-216e-456f-a332-3916af673041" />
      <TestMethod codeBase="TestAssembly.dll" className="TestNamespace.TestClass10" name="Test7395" />
    </UnitTest>
    <UnitTest name="Test7396" id="d7cb52d1-386a-458d-ba32-2243880ca8e2" storage="TestAssembly.dll">
      <Execution id="e8bcca32-3102-4e62-b741-879ed2944309" />
      <TestMethod codeBase="TestAssembly.dll" className="TestNamespace.TestClass10" name="Test7396" />
    </UnitTest>
    <UnitTest name="Test7397" id="982490e5-f16d-41b0-9f7e-f57e3e83a093" storage="TestAssembly.dll">
      <Execution id="232009c6-d5bd-4144-8330-65f0ed1ec0d1" />
      <TestMethod codeBase="TestAssembly.dll" className="TestNamespace.TestClass10" name="Test7397" />
    </UnitTest>
    <UnitTest name="Test7398" id="e5c7a4c4-0c0c-4da4-b342-b8b3309d1fcf" storage="TestAssembly.dll">
      <Execution id="8581ea1c-163c-444d-933e-4944b3ab73c0" />
      <TestMethod codeBase="TestAssembly.dll" className="TestNamespace.TestClass10" name="Test7398" />
    </UnitTest>
    <UnitTest name="Test7399" id="7fc27745-0c38-4539-bc39-6e4fed381003" storage="TestAssembly.dll">
      <Execution id="a2738e6a-5b01-4833-bea8-64d16552cb54" />
      <TestMethod codeBase="TestAssembly.dll" className="TestNamespace.TestClass10" name="Test7399" />
    </UnitTest>
    <UnitTest name="Test7400" id="a4706dc8-237c-4fdd-93ba-b782c5cc572e" storage="TestAssembly.dll">
      <Execution id="bd2a542e-4125-4ccf-b516-a549266175be" />
      <TestMethod codeBase="TestAssembly.dll" className="TestNamespace.TestClass10" name="Test7400" />
    </UnitTest>
  </TestDefinitions>
  <TestEntries>
    <TestEntry testId="0396b908-03cb-40fa-8ea9-da943edac925" executionId="3ef01387-da18-4fb8-b935-9b176ad7812b" testListId="0cc0dcd4-aed7-45d5-87ba-d6573b1fa291" />
    <TestEntry testId="382b3ef0-0258-4e30-9f62-bbe3a3010063" executionId="9d1c0ff3-7108-4d09-b225-90537b09dbeb" testListId="0cc0dcd4-aed7-45d5-87ba-d6573b1fa291" />
    <TestEntry testId="adf24d6b-5a50-488f-9a48-717a9fbe7bb2" executionId="0e343908-ec1e-4ecb-af96-58d5d1a768d3" testListId="0cc0dcd4-aed7-45d5-87ba-d6573b1fa291" />
    <TestEntry testId="ace4034d-bc77-4b8d-b171-71680d69d640" executionId="92a377ef-db65-4ea7-9ff3-d53479faff21" testListId="0cc0dcd4-aed7-45d5-87ba-d6573b1fa291" />
    <TestEntry testId="15b4d847-45de-4ba7-88e5-8cab58384e37" executionId="12553b16-c2a4-4727-a7d6-70ae8fd0c3b2" testListId="0cc0dcd4-aed7-45d5-87ba-d6573b1fa291" />
    <TestEntry testId="e2a8db44-5165-4141-a8bf-19961e414986" executionId="aa782d2a-4bd8-46ab-88ef-81d7425316a0" testListId="0cc0dcd4-aed7-45d5-87ba-d6573b1fa291" />
    <TestEntry testId="7153f3b7-5af1-40e3-add9-23ef87f01d03" executionId="ed3202c9-d275-4bfa-a1d5-947ec3e31b07" testListId="0cc0dcd4-aed7-45d5-87ba-d6573b1fa291" />
    <TestEntry testId="78595e8c-d2d6-46af-9cf7-e9ad40b7766c" executionId="563084af-8446-4fa3-9bbb-8fd435359234" testListId="0cc0dcd4-aed7-45d5-87ba-d6573b1fa291" />
    <TestEntry testId="b4e9d029-d377-4e56-86b1-6b69b10c9666" executionId="993be38d-f19d-42b4-ad13-900008798b82" testListId="0cc0dcd4-aed7-45d5-87ba-d6573b1fa291" />
    <TestEntry testId="e20785f7-a95f-4479-afa1-b6f832e7b75d" executionId="b4087d7f-65c1-4f37-a68b-54313b2f112d" testListId="0cc0dcd4-aed7-45d5-87ba-d6573b1fa291" />
    <TestEntry testId="a79841dc-cc79-42fe-b179-3e018be701a0" executionId="70de7158-3313-4c42-af7d-d95db4451aa9" testListId="0cc0dcd4-aed7-45d5-87ba-d6573b1fa291" />
    <TestEntry testId="b456defd-09dd-48cd-a068-87e73dedcd7a" executionId="58252d69-871f-4eab-b57f-f7b1567f4546" testListId="0cc0dcd4-aed7-45d5-87ba-d6573b1fa291" />
    <TestEntry testId="56efbbb7-d740-41fd-998b-d60931d02585" executionId="a701b9a7-982a-4c53-b2bc-c66c37b214fc" testListId="0cc0dcd4-aed7-45d5-87ba-d6573b1fa291" />
    <TestEntry testId="0f2c7067-ec09-445a-92a6-4b7356685cf0" executionId="18114851-c7e9-46af-9535-c15109da7719" testListId="0cc0dcd4-aed7-45d5-87ba-d6573b1fa291" />
    <TestEntry testId="b8d299c2-ca74-4060-8f15-2d8c01dee8b8" executionId="dc7c533e-f8f7-4d40-a78c-3bb101cc8be5" testListId="0cc0dcd4-aed7-45d5-87ba-d6573b1fa291" />
    <TestEntry testId="5f4693ea-b71a-4e06-b60f-e83ec48683f7" executionId="76a3dcf0-73e1-4720-9f43-4d9ee43f2e48" testListId="0cc0dcd4-aed7-45d5-87ba-d6573b1fa291" />
    <TestEntry testId="3d104a5e-7f10-4b90-a17d-db0aca7e9328" executionId="8b954eaf-4843-4b35-8cd6-be2b599500f5" testListId="0cc0dcd4-aed7-45d5-87ba-d6573b1fa291" />
    <TestEntry testId="86fcd3a3-277c-408e-8a96-4460c0ae0b86" executionId="ddd5cf70-7fc3-4f57-8021-ced2bb9554a0" testListId="0cc0dcd4-aed7-45d5-87ba-d6573b1fa291" />
    <TestEntry testId="29b13cce-81bd-4403-a8ac-cff25193dc25" executionId="8b5beea0-ce8b-48f8-ae4d-b7602ea9cd83" testListId="0cc0dcd4-aed7-45d5-87ba-d6573b1fa291" />
    <TestEntry testId="914600df-b737-4e9f-a9e8-da64d3feeea5" executionId="07ac8613-4a69-4b77-ba10-8aafbad78e20" testListId="0cc0dcd4-aed7-45d5-87ba-d6573b1fa291" />
    <TestEntry testId="d95c7182-de9f-4642-b3f2-514ea37c33ff" executionId="3445d671-f824-4704-8320-b27e99fb9c00" testListId="0cc0dcd4-aed7-45d5-87ba-d6573b1fa291" />
    <TestEntry testId="9b9ed55a-cfab-4ae4-8622-974e75e2378d" executionId="8e3ecab7-e29b-4f83-9f59-c8bac8bdd7fb" testListId="0cc0dcd4-aed7-45d5-87ba-d6573b1fa291" />
    <TestEntry testId="9f0e1ab7-07b6-4c18-97f4-5b65a64fb230" executionId="87af04d5-b53a-4889-a10e-352f226e6ac0" testListId="0cc0dcd4-aed7-45d5-87ba-d6573b1fa291" />
    <TestEntry testId="60affa17-5146-4919-a7f6-1b0a699f36c7" executionId="1355dde2-ab46-4249-860c-0d21b72bd2fc" testListId="0cc0dcd4-aed7-45d5-87ba-d6573b1fa291" />
    <TestEntry testId="b37edb85-be38-41ba-bb51-f84f8b327ced" executionId="440831cb-fb48-436a-9ab8-6da70e1d699d" testListId="0cc0dcd4-aed7-45d5-87ba-d6573b1fa291" />
    <TestEntry testId="881fabfc-3119-4be1-b6ae-09e6501166a8" executionId="40d27210-0d2e-4fcf-9811-8e22e1c4ac91" testListId="0cc0dcd4-aed7-45d5-87ba-d6573b1fa291" />
    <TestEntry testId="aa8553a5-13e8-4635-877f-2312ac861df9" executionId="6e3ff049-9459-4323-ad46-38d3764f15e3" testListId="0cc0dcd4-aed7-45d5-87ba-d6573b1fa291" />
    <TestEntry testId="594c9485-1ff6-41c5-8703-e64d8a1d67f3" executionId="e590813c-0425-47dd-b06c-a29a1334e54c" testListId="0cc0dcd4-aed7-45d5-87ba-d6573b1fa291" />
    <TestEntry testId="e84b8cdd-5394-47ba-9ab9-9616e0262be5" executionId="321c60d8-7448-440d-abba-c52a9f46b1dc" testListId="0cc0dcd4-aed7-45d5-87ba-d6573b1fa291" />
    <TestEntry testId="c98d70fd-1b1e-46b9-84a9-ae1c36c85e25" executionId="50430c62-53da-42a5-84bc-1935823521a7" testListId="0cc0dcd4-aed7-45d5-87ba-d6573b1fa291" />
    <TestEntry testId="36fb516f-c9ee-4c7e-b3be-20e037e3c191" executionId="9f40191e-7ed9-40d4-8ccc-7da8766b4e77" testListId="0cc0dcd4-aed7-45d5-87ba-d6573b1fa291" />
    <TestEntry testId="f03bdf2e-2504-494a-8beb-204fcdf1bc0c" executionId="05cc7f7a-7c14-4a2b-a473-8a5d7f2b7e01" testListId="0cc0dcd4-aed7-45d5-87ba-d6573b1fa291" />
    <TestEntry testId="0f0ee793-7b58-43df-a6c2-b32f455b3737" executionId="ce805723-7d4f-4ad6-a29f-c737196ba02d" testListId="0cc0dcd4-aed7-45d5-87ba-d6573b1fa291" />
    <TestEntry testId="33ed3a86-7786-42d4-a841-7e2c133ea428" executionId="f47c4dd4-440f-42d2-bc55-4d64ce1c7d49" testListId="0cc0dcd4-aed7-45d5-87ba-d6573b1fa291" />
    <TestEntry testId="266d0f68-53f5-4e30-ad48-6457f1c96015" executionId="00ed0b16-82ce-4749-ade5-7a8f1d4ee522" testListId="0cc0dcd4-aed7-45d5-87ba-d6573b1fa291" />
    <TestEntry testId="d0ac300d-90c4-4141-ba7f-7231db380b8a" executionId="0fe6b74a-b7a3-464f-aea5-57a6829f900c" testListId="0cc0dcd4-aed7-45d5-87ba-d6573b1fa291" />
    <TestEntry testId="059b8c34-de1d-4c8e-ae45-9de90aa060a6" executionId="05a17f5a-8ced-4aa1-8ce5-0cd96c560ffb" testListId="0cc0dcd4-aed7-45d5-87ba-d6573b1fa291" />
    <TestEntry testId="a8dc48a6-0115-45ea-88a1-48a034af7498" executionId="17c16b20-e7b4-4b12-8876-9ff1db392568" testListId="0cc0dcd4-aed7-45d5-87ba-d6573b1fa291" />
    <TestEntry testId="c81b37ba-a429-4ca1-872d-c1168d0e6150" executionId="c1033f7a-6462-4813-bb29-0cc4bfa8cbd8" testListId="0cc0dcd4-aed7-45d5-87ba-d6573b1fa291" />
    <TestEntry testId="00617cf0-1082-436f-a56d-9b531e661220" executionId="2b20dd9f-9a5d-4226-847b-5645afcc4b7f" testListId="0cc0dcd4-aed7-45d5-87ba-d6573b1fa291" />
    <TestEntry testId="0fd25f2c-d6a3-4102-af5c-547b241e429c" executionId="6340aaf3-4aac-495b-a1e7-f8ee1f1b174e" testListId="0cc0dcd4-aed7-45d5-87ba-d6573b1fa291" />
    <TestEntry testId="cdde2ae2-5ac2-4e50-a7f1-457a1924357b" executionId="cd0da449-f644-46ce-b920-fc2199d28ef8" testListId="0cc0dcd4-aed7-45d5-87ba-d6573b1fa291" />
    <TestEntry testId="653ef023-12d9-4e24-9ad7-52eb0dc16ccf" executionId="d51e066f-7a15-491e-88ad-c9f4c1756258" testListId="0cc0dcd4-aed7-45d5-87ba-d6573b1fa291" />
    <TestEntry testId="364b931a-8b35-4ba4-85b8-96ecf7adc303" executionId="bf4cdc06-3ca1-48d7-b607-2cacef1a578a" testListId="0cc0dcd4-aed7-45d5-87ba-d6573b1fa291" />
    <TestEntry testId="d4f20542-8921-4ffe-badf-0b86b85ae48f" executionId="8e96a032-f4e8-4f6b-b0e5-354233e8b4e6" testListId="0cc0dcd4-aed7-45d5-87ba-d6573b1fa291" />
    <TestEntry testId="0823599a-074e-4071-b6a7-ad80176e95f2" executionId="27de525d-23cd-4f15-bc66-fee3e32c90a3" testListId="0cc0dcd4-aed7-45d5-87ba-d6573b1fa291" />
    <TestEntry testId="4979c6d2-f1c6-4365-a9c3-155debff5828" executionId="5149ef70-c957-4605-9b4f-53f130662765" testListId="0cc0dcd4-aed7-45d5-87ba-d6573b1fa291" />
    <TestEntry testId="fc690e9a-b669-4999-8c3d-08bef87cf741" executionId="e0c84cb7-99ef-4626-9059-1ff7b8f29199" testListId="0cc0dcd4-aed7-45d5-87ba-d6573b1fa291" />
    <TestEntry testId="548379a1-6811-4f59-8eaa-2e190f8b8a0d" executionId="ae3bc164-4950-428c-a2b3-3c4ccce4bf44" testListId="0cc0dcd4-aed7-45d5-87ba-d6573b1fa291" />
    <TestEntry testId="697f04bc-ef9a-446c-b609-be069ed4bdbe" executionId="e0e68eb8-e8d5-4dd7-99e3-359337dc1a70" testListId="0cc0dcd4-aed7-45d5-87ba-d6573b1fa291" />
    <TestEntry testId="af24c822-5ca2-4743-96f6-12d95a6326a7" executionId="d04d49a1-6006-4694-96c9-1f6f19cda402" testListId="0cc0dcd4-aed7-45d5-87ba-d6573b1fa291" />
    <TestEntry testId="41c7e7ba-bddd-43a9-8364-6ffbb2ee7b0f" executionId="5ea7337e-1631-406d-9f71-b9051a8b2922" testListId="0cc0dcd4-aed7-45d5-87ba-d6573b1fa291" />
    <TestEntry testId="64ee904f-4b5a-4a5d-9e2b-93557db09beb" executionId="6c6040c1-b397-441a-9d24-06688c19dcc0" testListId="0cc0dcd4-aed7-45d5-87ba-d6573b1fa291" />
    <TestEntry testId="13c3e0f1-2d84-4a5f-ad42-f2ad9b7b2711" executionId="e7803119-cb05-4ee1-a21b-3dc50ba66c3b" testListId="0cc0dcd4-aed7-45d5-87ba-d6573b1fa291" />
    <TestEntry testId="be246eed-aa81-47bb-828a-f099f884a13f" executionId="38a4f31c-429c-4314-9146-9f58b7cee610" testListId="0cc0dcd4-aed7-45d5-87ba-d6573b1fa291" />
    <TestEntry testId="1067dfe4-26d1-4536-bcdd-e75a1140ea65" executionId="8d66a6d6-7b4f-4364-a781-5a93db77fecc" testListId="0cc0dcd4-aed7-45d5-87ba-d6573b1fa291" />
    <TestEntry testId="1802bed9-be73-4dcd-8599-ce6f67b9fb32" executionId="c17e366b-cc43-430f-b57f-87374acf9baf" testListId="0cc0dcd4-aed7-45d5-87ba-d6573b1fa291" />
    <TestEntry testId="9192e59b-423f-4de4-909a-6039c94d6902" executionId="1e024f93-f6ac-48a1-a9ec-bb7f58a9b229" testListId="0cc0dcd4-aed7-45d5-87ba-d6573b1fa291" />
    <TestEntry testId="f762563a-0661-40dc-9786-b7c1a48c8763" executionId="233614ba-31c2-4ccd-b719-15bb72a737f5" testListId="0cc0dcd4-aed7-45d5-87ba-d6573b1fa291" />
    <TestEntry testId="d7c66c0d-c1ea-431c-949a-311e1afda422" executionId="8aeff347-904c-4ea1-a042-f8ba18a06fe5" testListId="0cc0dcd4-aed7-45d5-87ba-d6573b1fa291" />
    <TestEntry testId="bc166bf2-e9ac-4822-b406-16cb34d63d11" executionId="f8b6d17c-4786-4f38-805b-f589465ad956" testListId="0cc0dcd4-aed7-45d5-87ba-d6573b1fa291" />
    <TestEntry testId="e9ecd9d5-3219-4c32-95e4-7bb9fa7f807e" executionId="f10873a0-8b90-4c14-aea1-d5e6c803d858" testListId="0cc0dcd4-aed7-45d5-87ba-d6573b1fa291" />
    <TestEntry testId="3be0c83a-a917-4f6a-92a0-57a06db63334" executionId="94a9440d-8711-488d-a000-d1ca4927193e" testListId="0cc0dcd4-aed7-45d5-87ba-d6573b1fa291" />
    <TestEntry testId="a86e8ecd-083f-4400-9cf5-be8925bbd0dd" executionId="1ab0a8cf-2d97-4c78-96a2-791894995570" testListId="0cc0dcd4-aed7-45d5-87ba-d6573b1fa291" />
    <TestEntry testId="fcc2e15c-1fec-41f9-a255-fe05b89aa4da" executionId="e4aa69c2-effe-4b52-8033-07e56ab9e01b" testListId="0cc0dcd4-aed7-45d5-87ba-d6573b1fa291" />
    <TestEntry testId="529f05df-ad28-4781-bde9-d813b1b5dc7a" executionId="7e7cde7d-2fdd-4f65-ae53-5ecb8b25df34" testListId="0cc0dcd4-aed7-45d5-87ba-d6573b1fa291" />
    <TestEntry testId="33391918-c655-449a-84f5-0cdb4409ba9f" executionId="17ebfcfe-7f83-4114-9461-3a9730d6f9e8" testListId="0cc0dcd4-aed7-45d5-87ba-d6573b1fa291" />
    <TestEntry testId="31c73760-1575-4fb1-9775-4895a8712ca4" executionId="663062e1-2c84-458d-a834-419f55ac7e70" testListId="0cc0dcd4-aed7-45d5-87ba-d6573b1fa291" />
    <TestEntry testId="bf67e6ae-0ba9-41ca-bdb7-c5ddedeac99b" executionId="b8544cf0-3a03-4692-b2de-e7b78ce3dca8" testListId="0cc0dcd4-aed7-45d5-87ba-d6573b1fa291" />
    <TestEntry testId="12a54f80-b3ec-450f-92b9-50d34a264006" executionId="3189d6fc-6ba2-4a6a-bde0-533e441e2e10" testListId="0cc0dcd4-aed7-45d5-87ba-d6573b1fa291" />
    <TestEntry testId="770f43f3-a36b-4ac7-a5b8-d87f188c9ec4" executionId="db5dff4b-e40c-4d4f-8772-9d21f8a94503" testListId="0cc0dcd4-aed7-45d5-87ba-d6573b1fa291" />
    <TestEntry testId="cd22e06b-5e60-4b43-9999-71920d4bd0e0" executionId="1e66412a-5dcd-4b99-9b50-a04894ac810b" testListId="0cc0dcd4-aed7-45d5-87ba-d6573b1fa291" />
    <TestEntry testId="80f02c71-091b-42af-9f37-b9a6e885365a" executionId="7a270943-1a05-4005-ac82-0825f07193f9" testListId="0cc0dcd4-aed7-45d5-87ba-d6573b1fa291" />
    <TestEntry testId="67c1416d-5a53-47e1-be40-8a8994d84898" executionId="a0a60614-92f0-4f3c-8ca4-965b1dff9d17" testListId="0cc0dcd4-aed7-45d5-87ba-d6573b1fa291" />
    <TestEntry testId="810d470f-e22f-4215-98a2-6684ce2be429" executionId="3a54e246-9ab3-4338-919c-09b9b15b3cd5" testListId="0cc0dcd4-aed7-45d5-87ba-d6573b1fa291" />
    <TestEntry testId="d9c6cb4f-5990-47af-97fc-91cd0ee04182" executionId="01848bf0-6c3c-4d44-9c97-5bdd9c1c5bcb" testListId="0cc0dcd4-aed7-45d5-87ba-d6573b1fa291" />
    <TestEntry testId="0d55e8a6-b6a2-4a81-ac33-c5853e05e4f0" executionId="91b95d11-1d11-4775-a56b-1da773f92527" testListId="0cc0dcd4-aed7-45d5-87ba-d6573b1fa291" />
    <TestEntry testId="72a85f90-65f3-44e6-8f64-63b8f2970a12" executionId="4d4f0af1-03ea-498a-a9d1-52fb2264d13e" testListId="0cc0dcd4-aed7-45d5-87ba-d6573b1fa291" />
    <TestEntry testId="499114e0-454f-44ac-b845-43142872f5a4" executionId="f439ccdd-35fa-45dc-9a1d-4042cf5f82f0" testListId="0cc0dcd4-aed7-45d5-87ba-d6573b1fa291" />
    <TestEntry testId="57776ae7-102a-43e7-aadd-566070e5ecee" executionId="b229efce-82ec-4671-a61b-0c80c6adf2c8" testListId="0cc0dcd4-aed7-45d5-87ba-d6573b1fa291" />
    <TestEntry testId="51101f47-6fe0-4881-8f2d-12748b76be7d" executionId="e68b7cfe-d038-4279-bcc6-851eab0f0a63" testListId="0cc0dcd4-aed7-45d5-87ba-d6573b1fa291" />
    <TestEntry testId="216988ab-d03c-4600-b66d-d7d52fe3555a" executionId="18c50cae-a6b7-4de2-a31f-c982f8e08629" testListId="0cc0dcd4-aed7-45d5-87ba-d6573b1fa291" />
    <TestEntry testId="2122c523-594c-4234-ae62-776641e483c1" executionId="b47ff7ad-05d5-4bd6-9568-4455553bf37d" testListId="0cc0dcd4-aed7-45d5-87ba-d6573b1fa291" />
    <TestEntry testId="3f76de3f-cc3d-4b29-9505-a5b10582d6cc" executionId="28b02e20-efc1-4648-ba36-8b54ead87d6f" testListId="0cc0dcd4-aed7-45d5-87ba-d6573b1fa291" />
    <TestEntry testId="90619f1c-963d-48b9-a3d3-be52cc93570b" executionId="3376fcf4-8d97-442d-862c-ce17fb008380" testListId="0cc0dcd4-aed7-45d5-87ba-d6573b1fa291" />
    <TestEntry testId="f791c250-5584-4896-81ec-e28a4da9d7ae" executionId="526aa434-2a73-4ded-a748-007b588257f3" testListId="0cc0dcd4-aed7-45d5-87ba-d6573b1fa291" />
    <TestEntry testId="18f22b80-ecf3-449f-bee2-cf23c66f8602" executionId="59ffcb5d-c1d5-4566-9e5b-bc42a42cd6cb" testListId="0cc0dcd4-aed7-45d5-87ba-d6573b1fa291" />
    <TestEntry testId="917c9eaa-7b8a-4dad-890c-b350999f4e89" executionId="09451a6d-44fe-4c41-b921-335769d53ab2" testListId="0cc0dcd4-aed7-45d5-87ba-d6573b1fa291" />
    <TestEntry testId="a384ce03-4960-4a30-9ba6-35c9ab809369" executionId="086cb30b-3cf9-4e93-9e16-c7ce3efaf513" testListId="0cc0dcd4-aed7-45d5-87ba-d6573b1fa291" />
    <TestEntry testId="f21f092c-af30-497c-8f38-173ffb6c931f" executionId="e6d44334-54c3-4fb7-9563-c25f2365c955" testListId="0cc0dcd4-aed7-45d5-87ba-d6573b1fa291" />
    <TestEntry testId="474a857b-bb97-4db9-93ca-580cdc787465" executionId="0379f247-93ce-4f76-a08e-a75b4c5b3447" testListId="0cc0dcd4-aed7-45d5-87ba-d6573b1fa291" />
    <TestEntry testId="59f538e2-95c5-4805-99a5-4649ed58f6e9" executionId="f2dfbafe-5e27-4195-b211-69c06ac0b61f" testListId="0cc0dcd4-aed7-45d5-87ba-d6573b1fa291" />
    <TestEntry testId="5a4a4631-0aca-438b-9b62-b641ab294da1" executionId="0eb82abc-b517-48ed-8f76-6627cc14d9d6" testListId="0cc0dcd4-aed7-45d5-87ba-d6573b1fa291" />
    <TestEntry testId="c7a86503-6fda-4309-b711-a13986285aa2" executionId="51e64e6f-e811-4e6f-9dfc-8c522cc4c4c2" testListId="0cc0dcd4-aed7-45d5-87ba-d6573b1fa291" />
    <TestEntry testId="32030ebc-2864-42ef-b46b-f79b07840ab6" executionId="21a1aa48-216e-456f-a332-3916af673041" testListId="0cc0dcd4-aed7-45d5-87ba-d6573b1fa291" />
    <TestEntry testId="d7cb52d1-386a-458d-ba32-2243880ca8e2" executionId="e8bcca32-3102-4e62-b741-879ed2944309" testListId="0cc0dcd4-aed7-45d5-87ba-d6573b1fa291" />
    <TestEntry testId="982490e5-f16d-41b0-9f7e-f57e3e83a093" executionId="232009c6-d5bd-4144-8330-65f0ed1ec0d1" testListId="0cc0dcd4-aed7-45d5-87ba-d6573b1fa291" />
    <TestEntry testId="e5c7a4c4-0c0c-4da4-b342-b8b3309d1fcf" executionId="8581ea1c-163c-444d-933e-4944b3ab73c0" testListId="0cc0dcd4-aed7-45d5-87ba-d6573b1fa291" />
    <TestEntry testId="7fc27745-0c38-4539-bc39-6e4fed381003" executionId="a2738e6a-5b01-4833-bea8-64d16552cb54" testListId="0cc0dcd4-aed7-45d5-87ba-d6573b1fa291" />
    <TestEntry testId="a4706dc8-237c-4fdd-93ba-b782c5cc572e" executionId="bd2a542e-4125-4ccf-b516-a549266175be" testListId="0cc0dcd4-aed7-45d5-87ba-d6573b1fa291" />
  </TestEntries>
  <TestLists>
    <TestList name="Results Not in a List" id="0cc0dcd4-aed7-45d5-87ba-d6573b1fa291" />
    <TestList name="All Loaded Results" id="baa23bd9-bdfe-41ca-8694-b50e1d270937" />
  </TestLists>
</TestRun>