<?xml version="1.0" encoding="UTF-8"?>
<TestRun id="8dc0e74c-b774-4730-bdad-082e21c8e1d5" name="Test Run 18" runUser="Oles Galatsan" xmlns="http://microsoft.com/schemas/VisualStudio/TeamTest/2010">
  <Times creation="2025-05-14T13:20:31.3125482Z" queuing="2025-05-14T13:20:31.3125482Z" start="2025-05-14T13:20:31.3146610Z" finish="2025-05-14T13:25:31.3147553Z" />
  <TestSettings name="Test Settings 18" id="892523f2-710a-4970-bf39-4c91d2c3cd17" />
  <Results>
    <UnitTestResult executionId="79035eb8-0920-4e08-9540-33a957784af7" testId="9defe25b-06e0-4919-8f3a-cd2ba4069175" testName="Test1701" computerName="UA-LPT-OGA2" duration="00:00:01.2370000" startTime="2025-05-14T13:20:31.3146610Z" endTime="2025-05-14T13:25:31.3147553Z" testType="13cdc9d9-ddb5-4fa4-a97d-d965ccfc6d4b" outcome="Passed" testListId="66512059-37c5-437b-adba-1fa5fb23b949" />
    <UnitTestResult executionId="7045e260-7b08-4c57-a770-75dc3c82d2a5" testId="6a539d5d-547b-4779-ab26-dcb11f2d8319" testName="Test1702" computerName="UA-LPT-OGA2" duration="00:00:01.0550000" startTime="2025-05-14T13:20:31.3146610Z" endTime="2025-05-14T13:25:31.3147553Z" testType="13cdc9d9-ddb5-4fa4-a97d-d965ccfc6d4b" outcome="Passed" testListId="66512059-37c5-437b-adba-1fa5fb23b949" />
    <UnitTestResult executionId="ba46cad2-66a7-40a2-8ccb-d0f9104f0fec" testId="03498d59-710b-4ee3-b7ea-889fceab25e1" testName="Test1703" computerName="UA-LPT-OGA2" duration="00:00:00.0550000" startTime="2025-05-14T13:20:31.3146610Z" endTime="2025-05-14T13:25:31.3147553Z" testType="13cdc9d9-ddb5-4fa4-a97d-d965ccfc6d4b" outcome="Passed" testListId="66512059-37c5-437b-adba-1fa5fb23b949" />
    <UnitTestResult executionId="38a39192-b407-4630-88ae-63f39dc70ce4" testId="f1e65fbd-f8eb-4b17-900c-b4c8e57f3e82" testName="Test1704" computerName="UA-LPT-OGA2" duration="00:00:01.8380000" startTime="2025-05-14T13:20:31.3146610Z" endTime="2025-05-14T13:25:31.3147553Z" testType="13cdc9d9-ddb5-4fa4-a97d-d965ccfc6d4b" outcome="Passed" testListId="66512059-37c5-437b-adba-1fa5fb23b949" />
    <UnitTestResult executionId="c5d2bccd-f3e6-4975-990e-66f8d8645030" testId="7bc66e7e-68e9-4129-9ecd-284a43fe5d00" testName="Test1705" computerName="UA-LPT-OGA2" duration="00:00:00.3320000" startTime="2025-05-14T13:20:31.3146610Z" endTime="2025-05-14T13:25:31.3147553Z" testType="13cdc9d9-ddb5-4fa4-a97d-d965ccfc6d4b" outcome="Passed" testListId="66512059-37c5-437b-adba-1fa5fb23b949" />
    <UnitTestResult executionId="695e5334-3cd1-4d33-bb9e-19d68e37ae0c" testId="024f7ca6-d07f-4ed4-9f21-a02f8ae42433" testName="Test1706" computerName="UA-LPT-OGA2" duration="00:00:01.9530000" startTime="2025-05-14T13:20:31.3146610Z" endTime="2025-05-14T13:25:31.3147553Z" testType="13cdc9d9-ddb5-4fa4-a97d-d965ccfc6d4b" outcome="Passed" testListId="66512059-37c5-437b-adba-1fa5fb23b949" />
    <UnitTestResult executionId="32124806-302f-4070-8749-041ffd6c8f2d" testId="5ddfb769-4d68-4dff-aa01-fce06d10ff47" testName="Test1707" computerName="UA-LPT-OGA2" duration="00:00:01.2650000" startTime="2025-05-14T13:20:31.3146610Z" endTime="2025-05-14T13:25:31.3147553Z" testType="13cdc9d9-ddb5-4fa4-a97d-d965ccfc6d4b" outcome="Passed" testListId="66512059-37c5-437b-adba-1fa5fb23b949" />
    <UnitTestResult executionId="1b4defc8-f38e-497e-a27a-58f7126542b5" testId="e7602c2b-bab9-45af-add0-de442036508c" testName="Test1708" computerName="UA-LPT-OGA2" duration="00:00:00.3480000" startTime="2025-05-14T13:20:31.3146610Z" endTime="2025-05-14T13:25:31.3147553Z" testType="13cdc9d9-ddb5-4fa4-a97d-d965ccfc6d4b" outcome="Passed" testListId="66512059-37c5-437b-adba-1fa5fb23b949" />
    <UnitTestResult executionId="5b3b8d52-b700-4478-b6ff-e08205debce0" testId="41122d9a-e13f-4f6d-a76a-df4d068ec2eb" testName="Test1709" computerName="UA-LPT-OGA2" duration="00:00:00.0750000" startTime="2025-05-14T13:20:31.3146610Z" endTime="2025-05-14T13:25:31.3147553Z" testType="13cdc9d9-ddb5-4fa4-a97d-d965ccfc6d4b" outcome="Passed" testListId="66512059-37c5-437b-adba-1fa5fb23b949" />
    <UnitTestResult executionId="f4e8df2e-1007-4bd0-8bbf-e86d084791fb" testId="45c087c4-912f-4cc0-b14e-e0c4dc446ccc" testName="Test1710" computerName="UA-LPT-OGA2" duration="00:00:00.9250000" startTime="2025-05-14T13:20:31.3146610Z" endTime="2025-05-14T13:25:31.3147553Z" testType="13cdc9d9-ddb5-4fa4-a97d-d965ccfc6d4b" outcome="Passed" testListId="66512059-37c5-437b-adba-1fa5fb23b949" />
    <UnitTestResult executionId="f2e6f33d-4de7-48de-a899-bc3964036861" testId="cfad70a1-e218-4599-82ca-84117ae9119b" testName="Test1711" computerName="UA-LPT-OGA2" duration="00:00:00.4520000" startTime="2025-05-14T13:20:31.3146610Z" endTime="2025-05-14T13:25:31.3147553Z" testType="13cdc9d9-ddb5-4fa4-a97d-d965ccfc6d4b" outcome="Passed" testListId="66512059-37c5-437b-adba-1fa5fb23b949" />
    <UnitTestResult executionId="acccbdc9-fd4e-43b7-b329-47b5b70ec4cb" testId="c2721fa4-2c67-46bf-8563-4760f69b42d9" testName="Test1712" computerName="UA-LPT-OGA2" duration="00:00:01.3650000" startTime="2025-05-14T13:20:31.3146610Z" endTime="2025-05-14T13:25:31.3147553Z" testType="13cdc9d9-ddb5-4fa4-a97d-d965ccfc6d4b" outcome="Passed" testListId="66512059-37c5-437b-adba-1fa5fb23b949" />
    <UnitTestResult executionId="7f4407ce-f60b-4b75-aac6-f5ce77443b80" testId="46fd9a95-2e54-498e-a68d-349a26c49aa0" testName="Test1713" computerName="UA-LPT-OGA2" duration="00:00:01.7130000" startTime="2025-05-14T13:20:31.3146610Z" endTime="2025-05-14T13:25:31.3147553Z" testType="13cdc9d9-ddb5-4fa4-a97d-d965ccfc6d4b" outcome="Passed" testListId="66512059-37c5-437b-adba-1fa5fb23b949" />
    <UnitTestResult executionId="53a0c9b0-9298-4f72-a4af-2a70a6d13e18" testId="e47eacf5-d093-4d7b-a709-e4b7e8e74ec0" testName="Test1714" computerName="UA-LPT-OGA2" duration="00:00:01.9740000" startTime="2025-05-14T13:20:31.3146610Z" endTime="2025-05-14T13:25:31.3147553Z" testType="13cdc9d9-ddb5-4fa4-a97d-d965ccfc6d4b" outcome="Passed" testListId="66512059-37c5-437b-adba-1fa5fb23b949" />
    <UnitTestResult executionId="33ae70b9-7650-4e3a-8a49-36bf755da324" testId="2c39e417-969a-4601-a514-9a4b530debbc" testName="Test1715" computerName="UA-LPT-OGA2" duration="00:00:00.6430000" startTime="2025-05-14T13:20:31.3146610Z" endTime="2025-05-14T13:25:31.3147553Z" testType="13cdc9d9-ddb5-4fa4-a97d-d965ccfc6d4b" outcome="Passed" testListId="66512059-37c5-437b-adba-1fa5fb23b949" />
    <UnitTestResult executionId="dc72f09c-c861-44e1-b116-334ca075a025" testId="34409016-9d08-44a8-baa4-6b0ae43e1036" testName="Test1716" computerName="UA-LPT-OGA2" duration="00:00:01.9920000" startTime="2025-05-14T13:20:31.3146610Z" endTime="2025-05-14T13:25:31.3147553Z" testType="13cdc9d9-ddb5-4fa4-a97d-d965ccfc6d4b" outcome="Passed" testListId="66512059-37c5-437b-adba-1fa5fb23b949" />
    <UnitTestResult executionId="1917e906-9a73-4fcb-99ce-e0d91dfcc15f" testId="bb35778e-78aa-458f-b126-c824fa392bad" testName="Test1717" computerName="UA-LPT-OGA2" duration="00:00:00.5120000" startTime="2025-05-14T13:20:31.3146610Z" endTime="2025-05-14T13:25:31.3147553Z" testType="13cdc9d9-ddb5-4fa4-a97d-d965ccfc6d4b" outcome="Passed" testListId="66512059-37c5-437b-adba-1fa5fb23b949" />
    <UnitTestResult executionId="817bfca6-3408-4064-8a1f-a7dfdb84ab0f" testId="ceb9a3dc-7766-4c01-8c5a-195ca1ab2376" testName="Test1718" computerName="UA-LPT-OGA2" duration="00:00:00.5430000" startTime="2025-05-14T13:20:31.3146610Z" endTime="2025-05-14T13:25:31.3147553Z" testType="13cdc9d9-ddb5-4fa4-a97d-d965ccfc6d4b" outcome="Passed" testListId="66512059-37c5-437b-adba-1fa5fb23b949" />
    <UnitTestResult executionId="7aab17ed-3001-4ae2-bba2-620279ea6ed8" testId="d7b8623c-e7d1-4540-a907-1479301283bc" testName="Test1719" computerName="UA-LPT-OGA2" duration="00:00:00.2160000" startTime="2025-05-14T13:20:31.3146610Z" endTime="2025-05-14T13:25:31.3147553Z" testType="13cdc9d9-ddb5-4fa4-a97d-d965ccfc6d4b" outcome="Passed" testListId="66512059-37c5-437b-adba-1fa5fb23b949" />
    <UnitTestResult executionId="8fcb3d1b-77a6-4c8e-a854-02c623724041" testId="5496d931-f088-4f39-b7cd-6d65d43d1f78" testName="Test1720" computerName="UA-LPT-OGA2" duration="00:00:00.4580000" startTime="2025-05-14T13:20:31.3146610Z" endTime="2025-05-14T13:25:31.3147553Z" testType="13cdc9d9-ddb5-4fa4-a97d-d965ccfc6d4b" outcome="Passed" testListId="66512059-37c5-437b-adba-1fa5fb23b949" />
    <UnitTestResult executionId="d78040e6-a2c2-4a10-9dd1-f9c7202c2a77" testId="92f842e1-4acf-4fa1-9759-57f2de291a33" testName="Test1721" computerName="UA-LPT-OGA2" duration="00:00:00.3950000" startTime="2025-05-14T13:20:31.3146610Z" endTime="2025-05-14T13:25:31.3147553Z" testType="13cdc9d9-ddb5-4fa4-a97d-d965ccfc6d4b" outcome="Passed" testListId="66512059-37c5-437b-adba-1fa5fb23b949" />
    <UnitTestResult executionId="d24281ee-7406-42d3-8ad2-17c474286852" testId="08159909-9275-4447-843c-d8f6fb26a021" testName="Test1722" computerName="UA-LPT-OGA2" duration="00:00:00.4040000" startTime="2025-05-14T13:20:31.3146610Z" endTime="2025-05-14T13:25:31.3147553Z" testType="13cdc9d9-ddb5-4fa4-a97d-d965ccfc6d4b" outcome="Passed" testListId="66512059-37c5-437b-adba-1fa5fb23b949" />
    <UnitTestResult executionId="831bca57-1c39-4271-a563-3577bb372563" testId="99202a30-5f51-4893-b6fb-4182253cd5c2" testName="Test1723" computerName="UA-LPT-OGA2" duration="00:00:01.7880000" startTime="2025-05-14T13:20:31.3146610Z" endTime="2025-05-14T13:25:31.3147553Z" testType="13cdc9d9-ddb5-4fa4-a97d-d965ccfc6d4b" outcome="Failed" testListId="66512059-37c5-437b-adba-1fa5fb23b949">
      <Output>
        <ErrorInfo>
          <Message>Assertion failed: Expected value did not match actual value.</Message>
          <StackTrace>   at TestNamespace.TestClass.Test() in TestClass.cs:line 459</StackTrace>
        </ErrorInfo>
      </Output>
    </UnitTestResult>
    <UnitTestResult executionId="b375fdaa-f315-4c8a-bffd-2c9c2f812ed5" testId="14c91af5-b02e-4b82-8665-7a42667fa55e" testName="Test1724" computerName="UA-LPT-OGA2" duration="00:00:00.7070000" startTime="2025-05-14T13:20:31.3146610Z" endTime="2025-05-14T13:25:31.3147553Z" testType="13cdc9d9-ddb5-4fa4-a97d-d965ccfc6d4b" outcome="Passed" testListId="66512059-37c5-437b-adba-1fa5fb23b949" />
    <UnitTestResult executionId="375f7679-29e7-48b6-88cc-627c0a2eb754" testId="9f8500c2-5541-4f61-8ccf-6ad8a17d9ede" testName="Test1725" computerName="UA-LPT-OGA2" duration="00:00:01.2450000" startTime="2025-05-14T13:20:31.3146610Z" endTime="2025-05-14T13:25:31.3147553Z" testType="13cdc9d9-ddb5-4fa4-a97d-d965ccfc6d4b" outcome="Passed" testListId="66512059-37c5-437b-adba-1fa5fb23b949" />
    <UnitTestResult executionId="3b006b03-1573-4f91-a90e-177cc12df451" testId="fe6f4d5e-e6ff-4d10-9a9f-9ae9b52ccf40" testName="Test1726" computerName="UA-LPT-OGA2" duration="00:00:01.5740000" startTime="2025-05-14T13:20:31.3146610Z" endTime="2025-05-14T13:25:31.3147553Z" testType="13cdc9d9-ddb5-4fa4-a97d-d965ccfc6d4b" outcome="Passed" testListId="66512059-37c5-437b-adba-1fa5fb23b949" />
    <UnitTestResult executionId="bfe2cb7c-4ac7-422b-b923-95bacba64fbe" testId="dbc2d972-2a0c-475b-81ed-a119c9ad0962" testName="Test1727" computerName="UA-LPT-OGA2" duration="00:00:01.6260000" startTime="2025-05-14T13:20:31.3146610Z" endTime="2025-05-14T13:25:31.3147553Z" testType="13cdc9d9-ddb5-4fa4-a97d-d965ccfc6d4b" outcome="Passed" testListId="66512059-37c5-437b-adba-1fa5fb23b949" />
    <UnitTestResult executionId="7a5d7577-21eb-41b7-b8fe-bb959d2b8a09" testId="9893e53d-a80a-4c13-a2d3-cf4402cb9349" testName="Test1728" computerName="UA-LPT-OGA2" duration="00:00:01.0710000" startTime="2025-05-14T13:20:31.3146610Z" endTime="2025-05-14T13:25:31.3147553Z" testType="13cdc9d9-ddb5-4fa4-a97d-d965ccfc6d4b" outcome="Failed" testListId="66512059-37c5-437b-adba-1fa5fb23b949">
      <Output>
        <ErrorInfo>
          <Message>Assertion failed: Expected value did not match actual value.</Message>
          <StackTrace>   at TestNamespace.TestClass.Test() in TestClass.cs:line 306</StackTrace>
        </ErrorInfo>
      </Output>
    </UnitTestResult>
    <UnitTestResult executionId="3d05677a-4932-4815-b778-c9650e9bbc56" testId="e2db55f3-21b3-4ce3-add0-710e4128b6f4" testName="Test1729" computerName="UA-LPT-OGA2" duration="00:00:01.7630000" startTime="2025-05-14T13:20:31.3146610Z" endTime="2025-05-14T13:25:31.3147553Z" testType="13cdc9d9-ddb5-4fa4-a97d-d965ccfc6d4b" outcome="Passed" testListId="66512059-37c5-437b-adba-1fa5fb23b949" />
    <UnitTestResult executionId="6f5c8f90-60b4-4f7e-942c-5631a36494e2" testId="e007053b-c5ee-4312-8148-c4ea20439419" testName="Test1730" computerName="UA-LPT-OGA2" duration="00:00:00.4030000" startTime="2025-05-14T13:20:31.3146610Z" endTime="2025-05-14T13:25:31.3147553Z" testType="13cdc9d9-ddb5-4fa4-a97d-d965ccfc6d4b" outcome="Passed" testListId="66512059-37c5-437b-adba-1fa5fb23b949" />
    <UnitTestResult executionId="5379dfe0-0c7e-4ecf-bb8f-3109f1e204ff" testId="059ad563-6181-47ec-bb5f-1e047b1563e2" testName="Test1731" computerName="UA-LPT-OGA2" duration="00:00:00.6560000" startTime="2025-05-14T13:20:31.3146610Z" endTime="2025-05-14T13:25:31.3147553Z" testType="13cdc9d9-ddb5-4fa4-a97d-d965ccfc6d4b" outcome="Passed" testListId="66512059-37c5-437b-adba-1fa5fb23b949" />
    <UnitTestResult executionId="ea7183f8-cb0c-4226-bb88-42c238b49015" testId="9802564e-aacf-42c0-9059-6ebbc07e05d5" testName="Test1732" computerName="UA-LPT-OGA2" duration="00:00:01.9850000" startTime="2025-05-14T13:20:31.3146610Z" endTime="2025-05-14T13:25:31.3147553Z" testType="13cdc9d9-ddb5-4fa4-a97d-d965ccfc6d4b" outcome="Passed" testListId="66512059-37c5-437b-adba-1fa5fb23b949" />
    <UnitTestResult executionId="cdb12cb0-0b53-4809-9b3f-3148ed449fb7" testId="244e9cea-63b0-4b2e-9346-8d7891ab62b4" testName="Test1733" computerName="UA-LPT-OGA2" duration="00:00:00.7950000" startTime="2025-05-14T13:20:31.3146610Z" endTime="2025-05-14T13:25:31.3147553Z" testType="13cdc9d9-ddb5-4fa4-a97d-d965ccfc6d4b" outcome="Passed" testListId="66512059-37c5-437b-adba-1fa5fb23b949" />
    <UnitTestResult executionId="5db16cf2-f556-41fb-9b28-096467ef5a33" testId="f4219e8c-4b70-4d53-bf12-4e21931be2e5" testName="Test1734" computerName="UA-LPT-OGA2" duration="00:00:01.5330000" startTime="2025-05-14T13:20:31.3146610Z" endTime="2025-05-14T13:25:31.3147553Z" testType="13cdc9d9-ddb5-4fa4-a97d-d965ccfc6d4b" outcome="Passed" testListId="66512059-37c5-437b-adba-1fa5fb23b949" />
    <UnitTestResult executionId="98c72d31-b9b9-4a46-ac15-a091bd1784e7" testId="5fa89a6d-b836-4b5a-bf67-47eef98f89c2" testName="Test1735" computerName="UA-LPT-OGA2" duration="00:00:00.1050000" startTime="2025-05-14T13:20:31.3146610Z" endTime="2025-05-14T13:25:31.3147553Z" testType="13cdc9d9-ddb5-4fa4-a97d-d965ccfc6d4b" outcome="Passed" testListId="66512059-37c5-437b-adba-1fa5fb23b949" />
    <UnitTestResult executionId="99282917-c55b-49a1-a81b-9838b541d7a7" testId="b755c38f-b3a2-4ec6-ba7a-a4e7208956df" testName="Test1736" computerName="UA-LPT-OGA2" duration="00:00:01.2190000" startTime="2025-05-14T13:20:31.3146610Z" endTime="2025-05-14T13:25:31.3147553Z" testType="13cdc9d9-ddb5-4fa4-a97d-d965ccfc6d4b" outcome="Passed" testListId="66512059-37c5-437b-adba-1fa5fb23b949" />
    <UnitTestResult executionId="61987f15-6c2c-4e21-ad78-0a0bc4682543" testId="34582199-52d2-49ce-8903-cb4bbf44aaf9" testName="Test1737" computerName="UA-LPT-OGA2" duration="00:00:00.5560000" startTime="2025-05-14T13:20:31.3146610Z" endTime="2025-05-14T13:25:31.3147553Z" testType="13cdc9d9-ddb5-4fa4-a97d-d965ccfc6d4b" outcome="Passed" testListId="66512059-37c5-437b-adba-1fa5fb23b949" />
    <UnitTestResult executionId="2a772fd5-6d3f-4d92-b442-252214d0a512" testId="1b861f66-ef6e-465c-aab7-da59f7650a79" testName="Test1738" computerName="UA-LPT-OGA2" duration="00:00:00.6190000" startTime="2025-05-14T13:20:31.3146610Z" endTime="2025-05-14T13:25:31.3147553Z" testType="13cdc9d9-ddb5-4fa4-a97d-d965ccfc6d4b" outcome="Failed" testListId="66512059-37c5-437b-adba-1fa5fb23b949">
      <Output>
        <ErrorInfo>
          <Message>Assertion failed: Expected value did not match actual value.</Message>
          <StackTrace>   at TestNamespace.TestClass.Test() in TestClass.cs:line 44</StackTrace>
        </ErrorInfo>
      </Output>
    </UnitTestResult>
    <UnitTestResult executionId="84644e2f-7f05-4792-83b6-99b93ed6770c" testId="acfea93d-2ec5-41eb-901a-016707aeabe8" testName="Test1739" computerName="UA-LPT-OGA2" duration="00:00:01.8530000" startTime="2025-05-14T13:20:31.3146610Z" endTime="2025-05-14T13:25:31.3147553Z" testType="13cdc9d9-ddb5-4fa4-a97d-d965ccfc6d4b" outcome="Passed" testListId="66512059-37c5-437b-adba-1fa5fb23b949" />
    <UnitTestResult executionId="45826ccb-39a5-4680-b120-1860c7fbc00f" testId="47827f73-0a96-4c92-80bd-59c1f07aa569" testName="Test1740" computerName="UA-LPT-OGA2" duration="00:00:00.4340000" startTime="2025-05-14T13:20:31.3146610Z" endTime="2025-05-14T13:25:31.3147553Z" testType="13cdc9d9-ddb5-4fa4-a97d-d965ccfc6d4b" outcome="Passed" testListId="66512059-37c5-437b-adba-1fa5fb23b949" />
    <UnitTestResult executionId="0eb042d9-85a0-445b-88cf-a31162a962b3" testId="6b736f8f-f29b-4072-aa98-930754a6b5d9" testName="Test1741" computerName="UA-LPT-OGA2" duration="00:00:01.9470000" startTime="2025-05-14T13:20:31.3146610Z" endTime="2025-05-14T13:25:31.3147553Z" testType="13cdc9d9-ddb5-4fa4-a97d-d965ccfc6d4b" outcome="Passed" testListId="66512059-37c5-437b-adba-1fa5fb23b949" />
    <UnitTestResult executionId="b8ec40e2-5140-4a69-8a32-a1dc523817b8" testId="0170a2b5-6e95-4e68-88d1-1d77c79b638d" testName="Test1742" computerName="UA-LPT-OGA2" duration="00:00:01.2710000" startTime="2025-05-14T13:20:31.3146610Z" endTime="2025-05-14T13:25:31.3147553Z" testType="13cdc9d9-ddb5-4fa4-a97d-d965ccfc6d4b" outcome="Passed" testListId="66512059-37c5-437b-adba-1fa5fb23b949" />
    <UnitTestResult executionId="c67fc3fe-149f-423f-b4a9-b3d64a96be88" testId="dc033209-d11d-4c6e-9dcc-fb3d8200ae09" testName="Test1743" computerName="UA-LPT-OGA2" duration="00:00:00.4130000" startTime="2025-05-14T13:20:31.3146610Z" endTime="2025-05-14T13:25:31.3147553Z" testType="13cdc9d9-ddb5-4fa4-a97d-d965ccfc6d4b" outcome="Passed" testListId="66512059-37c5-437b-adba-1fa5fb23b949" />
    <UnitTestResult executionId="32316c14-7c9c-4375-be2f-9146609d6b8f" testId="07725805-371a-47e3-8a75-2d0363cc1624" testName="Test1744" computerName="UA-LPT-OGA2" duration="00:00:01.8650000" startTime="2025-05-14T13:20:31.3146610Z" endTime="2025-05-14T13:25:31.3147553Z" testType="13cdc9d9-ddb5-4fa4-a97d-d965ccfc6d4b" outcome="Passed" testListId="66512059-37c5-437b-adba-1fa5fb23b949" />
    <UnitTestResult executionId="eb1731d1-c384-44ba-a17f-e0349c1a5205" testId="fbed67ee-c3ab-4b14-bdcd-f6c48179344f" testName="Test1745" computerName="UA-LPT-OGA2" duration="00:00:00.8530000" startTime="2025-05-14T13:20:31.3146610Z" endTime="2025-05-14T13:25:31.3147553Z" testType="13cdc9d9-ddb5-4fa4-a97d-d965ccfc6d4b" outcome="Passed" testListId="66512059-37c5-437b-adba-1fa5fb23b949" />
    <UnitTestResult executionId="88271b34-c188-4c72-a922-2f557f7af045" testId="6e6c0191-966d-48c0-ad26-653ed3a0a09d" testName="Test1746" computerName="UA-LPT-OGA2" duration="00:00:01.4050000" startTime="2025-05-14T13:20:31.3146610Z" endTime="2025-05-14T13:25:31.3147553Z" testType="13cdc9d9-ddb5-4fa4-a97d-d965ccfc6d4b" outcome="Passed" testListId="66512059-37c5-437b-adba-1fa5fb23b949" />
    <UnitTestResult executionId="72d45f19-215d-474a-8905-350830b1e8e5" testId="eef420c0-a094-47c5-9999-95d43a988ee1" testName="Test1747" computerName="UA-LPT-OGA2" duration="00:00:01.9790000" startTime="2025-05-14T13:20:31.3146610Z" endTime="2025-05-14T13:25:31.3147553Z" testType="13cdc9d9-ddb5-4fa4-a97d-d965ccfc6d4b" outcome="Passed" testListId="66512059-37c5-437b-adba-1fa5fb23b949" />
    <UnitTestResult executionId="b2f09522-4df9-4213-b51b-29048b4458df" testId="776a95b2-f33d-4de4-b674-da3dda6f37fe" testName="Test1748" computerName="UA-LPT-OGA2" duration="00:00:01.0510000" startTime="2025-05-14T13:20:31.3146610Z" endTime="2025-05-14T13:25:31.3147553Z" testType="13cdc9d9-ddb5-4fa4-a97d-d965ccfc6d4b" outcome="Passed" testListId="66512059-37c5-437b-adba-1fa5fb23b949" />
    <UnitTestResult executionId="1a8cabac-1a23-4f32-9ed6-846c9e615975" testId="54f87958-71aa-406f-9f99-4d53f5f86c27" testName="Test1749" computerName="UA-LPT-OGA2" duration="00:00:00.5650000" startTime="2025-05-14T13:20:31.3146610Z" endTime="2025-05-14T13:25:31.3147553Z" testType="13cdc9d9-ddb5-4fa4-a97d-d965ccfc6d4b" outcome="Failed" testListId="66512059-37c5-437b-adba-1fa5fb23b949">
      <Output>
        <ErrorInfo>
          <Message>Assertion failed: Expected value did not match actual value.</Message>
          <StackTrace>   at TestNamespace.TestClass.Test() in TestClass.cs:line 266</StackTrace>
        </ErrorInfo>
      </Output>
    </UnitTestResult>
    <UnitTestResult executionId="b42adb0d-ab6b-495e-bc99-60777f105394" testId="57d6ffb8-e909-4e8d-8450-b4f75724f853" testName="Test1750" computerName="UA-LPT-OGA2" duration="00:00:01.6260000" startTime="2025-05-14T13:20:31.3146610Z" endTime="2025-05-14T13:25:31.3147553Z" testType="13cdc9d9-ddb5-4fa4-a97d-d965ccfc6d4b" outcome="Passed" testListId="66512059-37c5-437b-adba-1fa5fb23b949" />
    <UnitTestResult executionId="ab34e51b-0f31-4216-9220-d2dd7d9c866a" testId="5a7b21e0-eda5-4582-9fa0-b2b51bfa1020" testName="Test1751" computerName="UA-LPT-OGA2" duration="00:00:01.3020000" startTime="2025-05-14T13:20:31.3146610Z" endTime="2025-05-14T13:25:31.3147553Z" testType="13cdc9d9-ddb5-4fa4-a97d-d965ccfc6d4b" outcome="Passed" testListId="66512059-37c5-437b-adba-1fa5fb23b949" />
    <UnitTestResult executionId="48fc478c-c7f8-40db-a5c0-c00813abcd33" testId="3bb5ea11-0914-411b-9e54-b63c2a3b60ec" testName="Test1752" computerName="UA-LPT-OGA2" duration="00:00:01.9150000" startTime="2025-05-14T13:20:31.3146610Z" endTime="2025-05-14T13:25:31.3147553Z" testType="13cdc9d9-ddb5-4fa4-a97d-d965ccfc6d4b" outcome="Passed" testListId="66512059-37c5-437b-adba-1fa5fb23b949" />
    <UnitTestResult executionId="333372d1-62e9-445f-8728-e57773d0e7aa" testId="4125fcd4-6b2e-4ba1-a5be-0647ca5d5c58" testName="Test1753" computerName="UA-LPT-OGA2" duration="00:00:01.2450000" startTime="2025-05-14T13:20:31.3146610Z" endTime="2025-05-14T13:25:31.3147553Z" testType="13cdc9d9-ddb5-4fa4-a97d-d965ccfc6d4b" outcome="Failed" testListId="66512059-37c5-437b-adba-1fa5fb23b949">
      <Output>
        <ErrorInfo>
          <Message>Assertion failed: Expected value did not match actual value.</Message>
          <StackTrace>   at TestNamespace.TestClass.Test() in TestClass.cs:line 212</StackTrace>
        </ErrorInfo>
      </Output>
    </UnitTestResult>
    <UnitTestResult executionId="c59aac0d-f4ef-4678-a417-d3a44513fb75" testId="950fdc8d-c2b9-4a50-8d7d-030115d07137" testName="Test1754" computerName="UA-LPT-OGA2" duration="00:00:00.4050000" startTime="2025-05-14T13:20:31.3146610Z" endTime="2025-05-14T13:25:31.3147553Z" testType="13cdc9d9-ddb5-4fa4-a97d-d965ccfc6d4b" outcome="Passed" testListId="66512059-37c5-437b-adba-1fa5fb23b949" />
    <UnitTestResult executionId="c4b0f933-9d66-49ad-ae97-26b5d658fe82" testId="2467721e-35b6-4079-83d1-b47df506daa4" testName="Test1755" computerName="UA-LPT-OGA2" duration="00:00:00.2870000" startTime="2025-05-14T13:20:31.3146610Z" endTime="2025-05-14T13:25:31.3147553Z" testType="13cdc9d9-ddb5-4fa4-a97d-d965ccfc6d4b" outcome="Passed" testListId="66512059-37c5-437b-adba-1fa5fb23b949" />
    <UnitTestResult executionId="0cf595db-83a3-4f20-b5cd-e0e2dbd03b3c" testId="5fbd1621-ce54-47ae-b2fd-952dd6627966" testName="Test1756" computerName="UA-LPT-OGA2" duration="00:00:00.2620000" startTime="2025-05-14T13:20:31.3146610Z" endTime="2025-05-14T13:25:31.3147553Z" testType="13cdc9d9-ddb5-4fa4-a97d-d965ccfc6d4b" outcome="Failed" testListId="66512059-37c5-437b-adba-1fa5fb23b949">
      <Output>
        <ErrorInfo>
          <Message>Assertion failed: Expected value did not match actual value.</Message>
          <StackTrace>   at TestNamespace.TestClass.Test() in TestClass.cs:line 180</StackTrace>
        </ErrorInfo>
      </Output>
    </UnitTestResult>
    <UnitTestResult executionId="952780fe-2e42-410c-8e68-e2b56b2a6839" testId="b8c0ce04-6d11-456b-bfb1-414255ee299b" testName="Test1757" computerName="UA-LPT-OGA2" duration="00:00:01.8830000" startTime="2025-05-14T13:20:31.3146610Z" endTime="2025-05-14T13:25:31.3147553Z" testType="13cdc9d9-ddb5-4fa4-a97d-d965ccfc6d4b" outcome="Inconclusive" testListId="66512059-37c5-437b-adba-1fa5fb23b949" />
    <UnitTestResult executionId="f3d8ce93-5f69-4b3b-b447-3079320ddd6e" testId="0c4eff9f-8f43-4201-b58a-32f4c4c45b80" testName="Test1758" computerName="UA-LPT-OGA2" duration="00:00:00.4920000" startTime="2025-05-14T13:20:31.3146610Z" endTime="2025-05-14T13:25:31.3147553Z" testType="13cdc9d9-ddb5-4fa4-a97d-d965ccfc6d4b" outcome="Passed" testListId="66512059-37c5-437b-adba-1fa5fb23b949" />
    <UnitTestResult executionId="49a28bdc-8525-4666-9e58-37db097a73f4" testId="033727f4-14c2-489c-816d-d8fca9ef4c13" testName="Test1759" computerName="UA-LPT-OGA2" duration="00:00:01.6280000" startTime="2025-05-14T13:20:31.3146610Z" endTime="2025-05-14T13:25:31.3147553Z" testType="13cdc9d9-ddb5-4fa4-a97d-d965ccfc6d4b" outcome="Failed" testListId="66512059-37c5-437b-adba-1fa5fb23b949">
      <Output>
        <ErrorInfo>
          <Message>Assertion failed: Expected value did not match actual value.</Message>
          <StackTrace>   at TestNamespace.TestClass.Test() in TestClass.cs:line 348</StackTrace>
        </ErrorInfo>
      </Output>
    </UnitTestResult>
    <UnitTestResult executionId="31d276e8-632e-43a8-9475-2e37fbdc743f" testId="d5b9e4ee-5f52-48fa-97f6-816cd259d074" testName="Test1760" computerName="UA-LPT-OGA2" duration="00:00:00.1400000" startTime="2025-05-14T13:20:31.3146610Z" endTime="2025-05-14T13:25:31.3147553Z" testType="13cdc9d9-ddb5-4fa4-a97d-d965ccfc6d4b" outcome="Passed" testListId="66512059-37c5-437b-adba-1fa5fb23b949" />
    <UnitTestResult executionId="4fff0c26-d2ce-454e-9381-0a888d86062c" testId="d327c643-d75f-44d3-aa54-ca73c60bae46" testName="Test1761" computerName="UA-LPT-OGA2" duration="00:00:00.4980000" startTime="2025-05-14T13:20:31.3146610Z" endTime="2025-05-14T13:25:31.3147553Z" testType="13cdc9d9-ddb5-4fa4-a97d-d965ccfc6d4b" outcome="Passed" testListId="66512059-37c5-437b-adba-1fa5fb23b949" />
    <UnitTestResult executionId="667dd6bd-6e46-4fbe-a373-5230dbb12336" testId="199628f6-fb22-4c8d-ac5a-f39059ffbfed" testName="Test1762" computerName="UA-LPT-OGA2" duration="00:00:00.1740000" startTime="2025-05-14T13:20:31.3146610Z" endTime="2025-05-14T13:25:31.3147553Z" testType="13cdc9d9-ddb5-4fa4-a97d-d965ccfc6d4b" outcome="Passed" testListId="66512059-37c5-437b-adba-1fa5fb23b949" />
    <UnitTestResult executionId="a9c903e1-e0a7-4698-99d3-a162781ea5c6" testId="9e32ea3b-c822-4384-a4f9-ce637f748fec" testName="Test1763" computerName="UA-LPT-OGA2" duration="00:00:01.6860000" startTime="2025-05-14T13:20:31.3146610Z" endTime="2025-05-14T13:25:31.3147553Z" testType="13cdc9d9-ddb5-4fa4-a97d-d965ccfc6d4b" outcome="Passed" testListId="66512059-37c5-437b-adba-1fa5fb23b949" />
    <UnitTestResult executionId="b881c1b8-71e8-4996-bf4d-7f751d0b2b02" testId="00337b4f-3749-4c95-a191-ee1bcb6c2507" testName="Test1764" computerName="UA-LPT-OGA2" duration="00:00:01.7190000" startTime="2025-05-14T13:20:31.3146610Z" endTime="2025-05-14T13:25:31.3147553Z" testType="13cdc9d9-ddb5-4fa4-a97d-d965ccfc6d4b" outcome="Passed" testListId="66512059-37c5-437b-adba-1fa5fb23b949" />
    <UnitTestResult executionId="6b73a702-05b7-47b2-90b9-8082ffc173ca" testId="5db6be9b-49f7-4c48-8a56-95c1886ba5ba" testName="Test1765" computerName="UA-LPT-OGA2" duration="00:00:00.8150000" startTime="2025-05-14T13:20:31.3146610Z" endTime="2025-05-14T13:25:31.3147553Z" testType="13cdc9d9-ddb5-4fa4-a97d-d965ccfc6d4b" outcome="Failed" testListId="66512059-37c5-437b-adba-1fa5fb23b949">
      <Output>
        <ErrorInfo>
          <Message>Assertion failed: Expected value did not match actual value.</Message>
          <StackTrace>   at TestNamespace.TestClass.Test() in TestClass.cs:line 173</StackTrace>
        </ErrorInfo>
      </Output>
    </UnitTestResult>
    <UnitTestResult executionId="3336c023-0e89-4dda-92a3-e25809395569" testId="9d77a9d9-48b4-4aa6-a0c7-3020c26bdf82" testName="Test1766" computerName="UA-LPT-OGA2" duration="00:00:00.6930000" startTime="2025-05-14T13:20:31.3146610Z" endTime="2025-05-14T13:25:31.3147553Z" testType="13cdc9d9-ddb5-4fa4-a97d-d965ccfc6d4b" outcome="Passed" testListId="66512059-37c5-437b-adba-1fa5fb23b949" />
    <UnitTestResult executionId="a51f6c76-1f6e-4c83-b725-3642aa96a53f" testId="fc11a4a8-675c-4e1c-ae36-34d1332e5c20" testName="Test1767" computerName="UA-LPT-OGA2" duration="00:00:01.1670000" startTime="2025-05-14T13:20:31.3146610Z" endTime="2025-05-14T13:25:31.3147553Z" testType="13cdc9d9-ddb5-4fa4-a97d-d965ccfc6d4b" outcome="Passed" testListId="66512059-37c5-437b-adba-1fa5fb23b949" />
    <UnitTestResult executionId="4dea75c2-74bf-4771-b5fe-64a9d00cee3c" testId="e1bef13d-23dc-4039-9bf9-ecc7434cb537" testName="Test1768" computerName="UA-LPT-OGA2" duration="00:00:00.8470000" startTime="2025-05-14T13:20:31.3146610Z" endTime="2025-05-14T13:25:31.3147553Z" testType="13cdc9d9-ddb5-4fa4-a97d-d965ccfc6d4b" outcome="Passed" testListId="66512059-37c5-437b-adba-1fa5fb23b949" />
    <UnitTestResult executionId="14e673a5-9e76-4fbb-afec-e458f6168917" testId="828b57c8-fe74-4268-a79b-4dc1cd4a48ec" testName="Test1769" computerName="UA-LPT-OGA2" duration="00:00:00.7470000" startTime="2025-05-14T13:20:31.3146610Z" endTime="2025-05-14T13:25:31.3147553Z" testType="13cdc9d9-ddb5-4fa4-a97d-d965ccfc6d4b" outcome="Passed" testListId="66512059-37c5-437b-adba-1fa5fb23b949" />
    <UnitTestResult executionId="8e0792fe-632f-49f4-91f4-ab6743385f33" testId="43ad63e7-f1ad-4753-afd0-38c375dacf3e" testName="Test1770" computerName="UA-LPT-OGA2" duration="00:00:01.2800000" startTime="2025-05-14T13:20:31.3146610Z" endTime="2025-05-14T13:25:31.3147553Z" testType="13cdc9d9-ddb5-4fa4-a97d-d965ccfc6d4b" outcome="Passed" testListId="66512059-37c5-437b-adba-1fa5fb23b949" />
    <UnitTestResult executionId="426a023f-c2d8-4b70-8aa7-d39d4d68584e" testId="c072663d-5516-4fa8-8a00-da4a445c6611" testName="Test1771" computerName="UA-LPT-OGA2" duration="00:00:01.1720000" startTime="2025-05-14T13:20:31.3146610Z" endTime="2025-05-14T13:25:31.3147553Z" testType="13cdc9d9-ddb5-4fa4-a97d-d965ccfc6d4b" outcome="Passed" testListId="66512059-37c5-437b-adba-1fa5fb23b949" />
    <UnitTestResult executionId="07f1410f-4a25-48ad-89ba-837df6cd4f98" testId="ee5583fb-fcb8-4caf-9434-e60de0ad7d7f" testName="Test1772" computerName="UA-LPT-OGA2" duration="00:00:01.6700000" startTime="2025-05-14T13:20:31.3146610Z" endTime="2025-05-14T13:25:31.3147553Z" testType="13cdc9d9-ddb5-4fa4-a97d-d965ccfc6d4b" outcome="Passed" testListId="66512059-37c5-437b-adba-1fa5fb23b949" />
    <UnitTestResult executionId="ff902175-0a14-4ebe-9a82-d04aa2399764" testId="368bc5e3-05ef-49ac-b9cb-93b61e27c28c" testName="Test1773" computerName="UA-LPT-OGA2" duration="00:00:00.5980000" startTime="2025-05-14T13:20:31.3146610Z" endTime="2025-05-14T13:25:31.3147553Z" testType="13cdc9d9-ddb5-4fa4-a97d-d965ccfc6d4b" outcome="Passed" testListId="66512059-37c5-437b-adba-1fa5fb23b949" />
    <UnitTestResult executionId="7a94b0cf-091f-420d-911e-a40cd891a1fd" testId="3785e1fa-7750-464e-9c6f-11d841803b17" testName="Test1774" computerName="UA-LPT-OGA2" duration="00:00:01.4100000" startTime="2025-05-14T13:20:31.3146610Z" endTime="2025-05-14T13:25:31.3147553Z" testType="13cdc9d9-ddb5-4fa4-a97d-d965ccfc6d4b" outcome="Passed" testListId="66512059-37c5-437b-adba-1fa5fb23b949" />
    <UnitTestResult executionId="bedcb388-8bf1-48b6-bc06-470b78968aa6" testId="f807ff88-5f6c-46f2-b07d-1d4e143496e1" testName="Test1775" computerName="UA-LPT-OGA2" duration="00:00:00.0870000" startTime="2025-05-14T13:20:31.3146610Z" endTime="2025-05-14T13:25:31.3147553Z" testType="13cdc9d9-ddb5-4fa4-a97d-d965ccfc6d4b" outcome="Passed" testListId="66512059-37c5-437b-adba-1fa5fb23b949" />
    <UnitTestResult executionId="a478d0fa-65e5-45ad-be61-de5ee0681d67" testId="646ad55e-c4fd-452d-94fe-cb530142f26b" testName="Test1776" computerName="UA-LPT-OGA2" duration="00:00:01.1180000" startTime="2025-05-14T13:20:31.3146610Z" endTime="2025-05-14T13:25:31.3147553Z" testType="13cdc9d9-ddb5-4fa4-a97d-d965ccfc6d4b" outcome="Passed" testListId="66512059-37c5-437b-adba-1fa5fb23b949" />
    <UnitTestResult executionId="4f08b5fe-7a10-4503-a6f6-4f03f66f3bbf" testId="06c3423c-d0be-4e0d-a5d7-87b38e5bf5fc" testName="Test1777" computerName="UA-LPT-OGA2" duration="00:00:00.8330000" startTime="2025-05-14T13:20:31.3146610Z" endTime="2025-05-14T13:25:31.3147553Z" testType="13cdc9d9-ddb5-4fa4-a97d-d965ccfc6d4b" outcome="Failed" testListId="66512059-37c5-437b-adba-1fa5fb23b949">
      <Output>
        <ErrorInfo>
          <Message>Assertion failed: Expected value did not match actual value.</Message>
          <StackTrace>   at TestNamespace.TestClass.Test() in TestClass.cs:line 118</StackTrace>
        </ErrorInfo>
      </Output>
    </UnitTestResult>
    <UnitTestResult executionId="5ac078b8-9e21-441a-9b18-ba54d3fa847a" testId="1bddb73e-9542-46ae-addf-5b346c6b0a45" testName="Test1778" computerName="UA-LPT-OGA2" duration="00:00:00.3850000" startTime="2025-05-14T13:20:31.3146610Z" endTime="2025-05-14T13:25:31.3147553Z" testType="13cdc9d9-ddb5-4fa4-a97d-d965ccfc6d4b" outcome="Passed" testListId="66512059-37c5-437b-adba-1fa5fb23b949" />
    <UnitTestResult executionId="d3c6dc48-d123-44ed-a0f9-a29c49921c0d" testId="4ba89f85-657d-46d4-8038-30b50d4c926b" testName="Test1779" computerName="UA-LPT-OGA2" duration="00:00:00.1330000" startTime="2025-05-14T13:20:31.3146610Z" endTime="2025-05-14T13:25:31.3147553Z" testType="13cdc9d9-ddb5-4fa4-a97d-d965ccfc6d4b" outcome="Passed" testListId="66512059-37c5-437b-adba-1fa5fb23b949" />
    <UnitTestResult executionId="7c87c0a2-96b0-447e-928a-83ada3e4ea6b" testId="fb448e5f-6ef1-4d77-aac7-d8e499944b3b" testName="Test1780" computerName="UA-LPT-OGA2" duration="00:00:00.8840000" startTime="2025-05-14T13:20:31.3146610Z" endTime="2025-05-14T13:25:31.3147553Z" testType="13cdc9d9-ddb5-4fa4-a97d-d965ccfc6d4b" outcome="Passed" testListId="66512059-37c5-437b-adba-1fa5fb23b949" />
    <UnitTestResult executionId="48dac6f8-d493-4a82-9dfc-4abdb71a7fa6" testId="10069461-5d5e-4c16-bab8-4cf36c4f8a5b" testName="Test1781" computerName="UA-LPT-OGA2" duration="00:00:01.4620000" startTime="2025-05-14T13:20:31.3146610Z" endTime="2025-05-14T13:25:31.3147553Z" testType="13cdc9d9-ddb5-4fa4-a97d-d965ccfc6d4b" outcome="Passed" testListId="66512059-37c5-437b-adba-1fa5fb23b949" />
    <UnitTestResult executionId="90fa0fb5-e744-48e2-baa7-2abde43b33c1" testId="983bc640-483b-4b1a-a593-c74d37e4d154" testName="Test1782" computerName="UA-LPT-OGA2" duration="00:00:00.7290000" startTime="2025-05-14T13:20:31.3146610Z" endTime="2025-05-14T13:25:31.3147553Z" testType="13cdc9d9-ddb5-4fa4-a97d-d965ccfc6d4b" outcome="Passed" testListId="66512059-37c5-437b-adba-1fa5fb23b949" />
    <UnitTestResult executionId="6dd7c24b-846e-40a1-901f-230efa3a47af" testId="2dbeecca-8f97-4fc7-ae1e-827d19e98844" testName="Test1783" computerName="UA-LPT-OGA2" duration="00:00:01.3100000" startTime="2025-05-14T13:20:31.3146610Z" endTime="2025-05-14T13:25:31.3147553Z" testType="13cdc9d9-ddb5-4fa4-a97d-d965ccfc6d4b" outcome="Passed" testListId="66512059-37c5-437b-adba-1fa5fb23b949" />
    <UnitTestResult executionId="5fb16759-4355-40a4-9f04-7c5327230320" testId="9a2d8e67-e340-4e13-84f9-ab28453cbdc5" testName="Test1784" computerName="UA-LPT-OGA2" duration="00:00:01.2670000" startTime="2025-05-14T13:20:31.3146610Z" endTime="2025-05-14T13:25:31.3147553Z" testType="13cdc9d9-ddb5-4fa4-a97d-d965ccfc6d4b" outcome="Passed" testListId="66512059-37c5-437b-adba-1fa5fb23b949" />
    <UnitTestResult executionId="e68adb9e-74fd-41ef-9cd3-283ce47ab711" testId="ccbcde1d-de01-43a1-a21a-e3478ae93e8d" testName="Test1785" computerName="UA-LPT-OGA2" duration="00:00:00.5720000" startTime="2025-05-14T13:20:31.3146610Z" endTime="2025-05-14T13:25:31.3147553Z" testType="13cdc9d9-ddb5-4fa4-a97d-d965ccfc6d4b" outcome="Passed" testListId="66512059-37c5-437b-adba-1fa5fb23b949" />
    <UnitTestResult executionId="94966687-0092-461d-b293-acceca316757" testId="9d5c4ec4-64fb-4dc9-bacc-2c854a62a116" testName="Test1786" computerName="UA-LPT-OGA2" duration="00:00:00.5960000" startTime="2025-05-14T13:20:31.3146610Z" endTime="2025-05-14T13:25:31.3147553Z" testType="13cdc9d9-ddb5-4fa4-a97d-d965ccfc6d4b" outcome="Passed" testListId="66512059-37c5-437b-adba-1fa5fb23b949" />
    <UnitTestResult executionId="7abb2dc8-f7e0-4ef2-a524-af8c54796fa1" testId="384a1a13-3e36-457b-a124-aa9a68320426" testName="Test1787" computerName="UA-LPT-OGA2" duration="00:00:01.8030000" startTime="2025-05-14T13:20:31.3146610Z" endTime="2025-05-14T13:25:31.3147553Z" testType="13cdc9d9-ddb5-4fa4-a97d-d965ccfc6d4b" outcome="Passed" testListId="66512059-37c5-437b-adba-1fa5fb23b949" />
    <UnitTestResult executionId="8250b814-c041-414d-966b-74dce5c8368e" testId="cc35b83e-ac57-4c17-91e7-731ec6366378" testName="Test1788" computerName="UA-LPT-OGA2" duration="00:00:00.8490000" startTime="2025-05-14T13:20:31.3146610Z" endTime="2025-05-14T13:25:31.3147553Z" testType="13cdc9d9-ddb5-4fa4-a97d-d965ccfc6d4b" outcome="Passed" testListId="66512059-37c5-437b-adba-1fa5fb23b949" />
    <UnitTestResult executionId="16407bfb-8737-455c-9f4e-36727107134d" testId="919899b3-93d1-430f-92e2-2c9c22b8b8b9" testName="Test1789" computerName="UA-LPT-OGA2" duration="00:00:00.9200000" startTime="2025-05-14T13:20:31.3146610Z" endTime="2025-05-14T13:25:31.3147553Z" testType="13cdc9d9-ddb5-4fa4-a97d-d965ccfc6d4b" outcome="Passed" testListId="66512059-37c5-437b-adba-1fa5fb23b949" />
    <UnitTestResult executionId="f64b292d-be1b-4b20-8908-2bad1d612457" testId="3d2bd4db-141c-488d-8905-baab9db6343c" testName="Test1790" computerName="UA-LPT-OGA2" duration="00:00:01.2500000" startTime="2025-05-14T13:20:31.3146610Z" endTime="2025-05-14T13:25:31.3147553Z" testType="13cdc9d9-ddb5-4fa4-a97d-d965ccfc6d4b" outcome="Failed" testListId="66512059-37c5-437b-adba-1fa5fb23b949">
      <Output>
        <ErrorInfo>
          <Message>Assertion failed: Expected value did not match actual value.</Message>
          <StackTrace>   at TestNamespace.TestClass.Test() in TestClass.cs:line 153</StackTrace>
        </ErrorInfo>
      </Output>
    </UnitTestResult>
    <UnitTestResult executionId="8e62d957-2965-4985-8397-0e1b742b0b40" testId="0280a759-fcbb-4c61-bc64-b5da81958d44" testName="Test1791" computerName="UA-LPT-OGA2" duration="00:00:01.9370000" startTime="2025-05-14T13:20:31.3146610Z" endTime="2025-05-14T13:25:31.3147553Z" testType="13cdc9d9-ddb5-4fa4-a97d-d965ccfc6d4b" outcome="Passed" testListId="66512059-37c5-437b-adba-1fa5fb23b949" />
    <UnitTestResult executionId="c7ac73fc-51f1-4942-b512-dec0a06e097d" testId="320ee809-1426-4e59-b565-a60330d41bf9" testName="Test1792" computerName="UA-LPT-OGA2" duration="00:00:01.3430000" startTime="2025-05-14T13:20:31.3146610Z" endTime="2025-05-14T13:25:31.3147553Z" testType="13cdc9d9-ddb5-4fa4-a97d-d965ccfc6d4b" outcome="Inconclusive" testListId="66512059-37c5-437b-adba-1fa5fb23b949" />
    <UnitTestResult executionId="f5ad00f8-7c4c-489e-b476-ef6e9a07bed8" testId="53ae7c9b-29c9-4844-af5a-3c6540a55f2e" testName="Test1793" computerName="UA-LPT-OGA2" duration="00:00:00.9570000" startTime="2025-05-14T13:20:31.3146610Z" endTime="2025-05-14T13:25:31.3147553Z" testType="13cdc9d9-ddb5-4fa4-a97d-d965ccfc6d4b" outcome="Failed" testListId="66512059-37c5-437b-adba-1fa5fb23b949">
      <Output>
        <ErrorInfo>
          <Message>Assertion failed: Expected value did not match actual value.</Message>
          <StackTrace>   at TestNamespace.TestClass.Test() in TestClass.cs:line 475</StackTrace>
        </ErrorInfo>
      </Output>
    </UnitTestResult>
    <UnitTestResult executionId="e9fe81a0-5e1a-46b2-94a0-16dff472f2fd" testId="0770f1fd-6d6e-4adc-a587-b6e7b4915bee" testName="Test1794" computerName="UA-LPT-OGA2" duration="00:00:01.0860000" startTime="2025-05-14T13:20:31.3146610Z" endTime="2025-05-14T13:25:31.3147553Z" testType="13cdc9d9-ddb5-4fa4-a97d-d965ccfc6d4b" outcome="Passed" testListId="66512059-37c5-437b-adba-1fa5fb23b949" />
    <UnitTestResult executionId="ad7d8593-b52d-445d-b911-2db6feb86e2d" testId="7a12c51b-2d69-4922-996f-f0cb8f525a67" testName="Test1795" computerName="UA-LPT-OGA2" duration="00:00:00.6770000" startTime="2025-05-14T13:20:31.3146610Z" endTime="2025-05-14T13:25:31.3147553Z" testType="13cdc9d9-ddb5-4fa4-a97d-d965ccfc6d4b" outcome="Passed" testListId="66512059-37c5-437b-adba-1fa5fb23b949" />
    <UnitTestResult executionId="e9743e28-a7b0-4ae8-93dc-ff46bd8bc821" testId="0d4750e3-a964-4db3-a0cf-ce19b53956b3" testName="Test1796" computerName="UA-LPT-OGA2" duration="00:00:01.6090000" startTime="2025-05-14T13:20:31.3146610Z" endTime="2025-05-14T13:25:31.3147553Z" testType="13cdc9d9-ddb5-4fa4-a97d-d965ccfc6d4b" outcome="Failed" testListId="66512059-37c5-437b-adba-1fa5fb23b949">
      <Output>
        <ErrorInfo>
          <Message>Assertion failed: Expected value did not match actual value.</Message>
          <StackTrace>   at TestNamespace.TestClass.Test() in TestClass.cs:line 436</StackTrace>
        </ErrorInfo>
      </Output>
    </UnitTestResult>
    <UnitTestResult executionId="cc63b372-b243-4100-b915-f1d79c407c96" testId="f1af7b1a-f875-4072-948d-adaf36deb8bf" testName="Test1797" computerName="UA-LPT-OGA2" duration="00:00:01.3760000" startTime="2025-05-14T13:20:31.3146610Z" endTime="2025-05-14T13:25:31.3147553Z" testType="13cdc9d9-ddb5-4fa4-a97d-d965ccfc6d4b" outcome="Passed" testListId="66512059-37c5-437b-adba-1fa5fb23b949" />
    <UnitTestResult executionId="9a1c3d06-ebf7-49ae-8f12-1808515e4e85" testId="70e54128-fb8f-40a1-91b0-2a861be050d5" testName="Test1798" computerName="UA-LPT-OGA2" duration="00:00:01.4140000" startTime="2025-05-14T13:20:31.3146610Z" endTime="2025-05-14T13:25:31.3147553Z" testType="13cdc9d9-ddb5-4fa4-a97d-d965ccfc6d4b" outcome="Passed" testListId="66512059-37c5-437b-adba-1fa5fb23b949" />
    <UnitTestResult executionId="5c6cc1ff-9126-496b-9f75-934e76aa9287" testId="0743275e-f66f-413e-bc31-33375f8e82b8" testName="Test1799" computerName="UA-LPT-OGA2" duration="00:00:01.9770000" startTime="2025-05-14T13:20:31.3146610Z" endTime="2025-05-14T13:25:31.3147553Z" testType="13cdc9d9-ddb5-4fa4-a97d-d965ccfc6d4b" outcome="Passed" testListId="66512059-37c5-437b-adba-1fa5fb23b949" />
    <UnitTestResult executionId="a8f0ee01-876b-4747-bc7a-2ee5ee057de8" testId="edb677a8-d59b-4c8a-b34d-31e972641024" testName="Test1800" computerName="UA-LPT-OGA2" duration="00:00:00.6210000" startTime="2025-05-14T13:20:31.3146610Z" endTime="2025-05-14T13:25:31.3147553Z" testType="13cdc9d9-ddb5-4fa4-a97d-d965ccfc6d4b" outcome="Passed" testListId="66512059-37c5-437b-adba-1fa5fb23b949" />
  </Results>
  <TestDefinitions>
    <UnitTest name="Test1701" id="9defe25b-06e0-4919-8f3a-cd2ba4069175" storage="TestAssembly.dll">
      <Execution id="79035eb8-0920-4e08-9540-33a957784af7" />
      <TestMethod codeBase="TestAssembly.dll" className="TestNamespace.TestClass1" name="Test1701" />
    </UnitTest>
    <UnitTest name="Test1702" id="6a539d5d-547b-4779-ab26-dcb11f2d8319" storage="TestAssembly.dll">
      <Execution id="7045e260-7b08-4c57-a770-75dc3c82d2a5" />
      <TestMethod codeBase="TestAssembly.dll" className="TestNamespace.TestClass1" name="Test1702" />
    </UnitTest>
    <UnitTest name="Test1703" id="03498d59-710b-4ee3-b7ea-889fceab25e1" storage="TestAssembly.dll">
      <Execution id="ba46cad2-66a7-40a2-8ccb-d0f9104f0fec" />
      <TestMethod codeBase="TestAssembly.dll" className="TestNamespace.TestClass1" name="Test1703" />
    </UnitTest>
    <UnitTest name="Test1704" id="f1e65fbd-f8eb-4b17-900c-b4c8e57f3e82" storage="TestAssembly.dll">
      <Execution id="38a39192-b407-4630-88ae-63f39dc70ce4" />
      <TestMethod codeBase="TestAssembly.dll" className="TestNamespace.TestClass1" name="Test1704" />
    </UnitTest>
    <UnitTest name="Test1705" id="7bc66e7e-68e9-4129-9ecd-284a43fe5d00" storage="TestAssembly.dll">
      <Execution id="c5d2bccd-f3e6-4975-990e-66f8d8645030" />
      <TestMethod codeBase="TestAssembly.dll" className="TestNamespace.TestClass1" name="Test1705" />
    </UnitTest>
    <UnitTest name="Test1706" id="024f7ca6-d07f-4ed4-9f21-a02f8ae42433" storage="TestAssembly.dll">
      <Execution id="695e5334-3cd1-4d33-bb9e-19d68e37ae0c" />
      <TestMethod codeBase="TestAssembly.dll" className="TestNamespace.TestClass1" name="Test1706" />
    </UnitTest>
    <UnitTest name="Test1707" id="5ddfb769-4d68-4dff-aa01-fce06d10ff47" storage="TestAssembly.dll">
      <Execution id="32124806-302f-4070-8749-041ffd6c8f2d" />
      <TestMethod codeBase="TestAssembly.dll" className="TestNamespace.TestClass1" name="Test1707" />
    </UnitTest>
    <UnitTest name="Test1708" id="e7602c2b-bab9-45af-add0-de442036508c" storage="TestAssembly.dll">
      <Execution id="1b4defc8-f38e-497e-a27a-58f7126542b5" />
      <TestMethod codeBase="TestAssembly.dll" className="TestNamespace.TestClass1" name="Test1708" />
    </UnitTest>
    <UnitTest name="Test1709" id="41122d9a-e13f-4f6d-a76a-df4d068ec2eb" storage="TestAssembly.dll">
      <Execution id="5b3b8d52-b700-4478-b6ff-e08205debce0" />
      <TestMethod codeBase="TestAssembly.dll" className="TestNamespace.TestClass1" name="Test1709" />
    </UnitTest>
    <UnitTest name="Test1710" id="45c087c4-912f-4cc0-b14e-e0c4dc446ccc" storage="TestAssembly.dll">
      <Execution id="f4e8df2e-1007-4bd0-8bbf-e86d084791fb" />
      <TestMethod codeBase="TestAssembly.dll" className="TestNamespace.TestClass1" name="Test1710" />
    </UnitTest>
    <UnitTest name="Test1711" id="cfad70a1-e218-4599-82ca-84117ae9119b" storage="TestAssembly.dll">
      <Execution id="f2e6f33d-4de7-48de-a899-bc3964036861" />
      <TestMethod codeBase="TestAssembly.dll" className="TestNamespace.TestClass2" name="Test1711" />
    </UnitTest>
    <UnitTest name="Test1712" id="c2721fa4-2c67-46bf-8563-4760f69b42d9" storage="TestAssembly.dll">
      <Execution id="acccbdc9-fd4e-43b7-b329-47b5b70ec4cb" />
      <TestMethod codeBase="TestAssembly.dll" className="TestNamespace.TestClass2" name="Test1712" />
    </UnitTest>
    <UnitTest name="Test1713" id="46fd9a95-2e54-498e-a68d-349a26c49aa0" storage="TestAssembly.dll">
      <Execution id="7f4407ce-f60b-4b75-aac6-f5ce77443b80" />
      <TestMethod codeBase="TestAssembly.dll" className="TestNamespace.TestClass2" name="Test1713" />
    </UnitTest>
    <UnitTest name="Test1714" id="e47eacf5-d093-4d7b-a709-e4b7e8e74ec0" storage="TestAssembly.dll">
      <Execution id="53a0c9b0-9298-4f72-a4af-2a70a6d13e18" />
      <TestMethod codeBase="TestAssembly.dll" className="TestNamespace.TestClass2" name="Test1714" />
    </UnitTest>
    <UnitTest name="Test1715" id="2c39e417-969a-4601-a514-9a4b530debbc" storage="TestAssembly.dll">
      <Execution id="33ae70b9-7650-4e3a-8a49-36bf755da324" />
      <TestMethod codeBase="TestAssembly.dll" className="TestNamespace.TestClass2" name="Test1715" />
    </UnitTest>
    <UnitTest name="Test1716" id="34409016-9d08-44a8-baa4-6b0ae43e1036" storage="TestAssembly.dll">
      <Execution id="dc72f09c-c861-44e1-b116-334ca075a025" />
      <TestMethod codeBase="TestAssembly.dll" className="TestNamespace.TestClass2" name="Test1716" />
    </UnitTest>
    <UnitTest name="Test1717" id="bb35778e-78aa-458f-b126-c824fa392bad" storage="TestAssembly.dll">
      <Execution id="1917e906-9a73-4fcb-99ce-e0d91dfcc15f" />
      <TestMethod codeBase="TestAssembly.dll" className="TestNamespace.TestClass2" name="Test1717" />
    </UnitTest>
    <UnitTest name="Test1718" id="ceb9a3dc-7766-4c01-8c5a-195ca1ab2376" storage="TestAssembly.dll">
      <Execution id="817bfca6-3408-4064-8a1f-a7dfdb84ab0f" />
      <TestMethod codeBase="TestAssembly.dll" className="TestNamespace.TestClass2" name="Test1718" />
    </UnitTest>
    <UnitTest name="Test1719" id="d7b8623c-e7d1-4540-a907-1479301283bc" storage="TestAssembly.dll">
      <Execution id="7aab17ed-3001-4ae2-bba2-620279ea6ed8" />
      <TestMethod codeBase="TestAssembly.dll" className="TestNamespace.TestClass2" name="Test1719" />
    </UnitTest>
    <UnitTest name="Test1720" id="5496d931-f088-4f39-b7cd-6d65d43d1f78" storage="TestAssembly.dll">
      <Execution id="8fcb3d1b-77a6-4c8e-a854-02c623724041" />
      <TestMethod codeBase="TestAssembly.dll" className="TestNamespace.TestClass2" name="Test1720" />
    </UnitTest>
    <UnitTest name="Test1721" id="92f842e1-4acf-4fa1-9759-57f2de291a33" storage="TestAssembly.dll">
      <Execution id="d78040e6-a2c2-4a10-9dd1-f9c7202c2a77" />
      <TestMethod codeBase="TestAssembly.dll" className="TestNamespace.TestClass3" name="Test1721" />
    </UnitTest>
    <UnitTest name="Test1722" id="08159909-9275-4447-843c-d8f6fb26a021" storage="TestAssembly.dll">
      <Execution id="d24281ee-7406-42d3-8ad2-17c474286852" />
      <TestMethod codeBase="TestAssembly.dll" className="TestNamespace.TestClass3" name="Test1722" />
    </UnitTest>
    <UnitTest name="Test1723" id="99202a30-5f51-4893-b6fb-4182253cd5c2" storage="TestAssembly.dll">
      <Execution id="831bca57-1c39-4271-a563-3577bb372563" />
      <TestMethod codeBase="TestAssembly.dll" className="TestNamespace.TestClass3" name="Test1723" />
    </UnitTest>
    <UnitTest name="Test1724" id="14c91af5-b02e-4b82-8665-7a42667fa55e" storage="TestAssembly.dll">
      <Execution id="b375fdaa-f315-4c8a-bffd-2c9c2f812ed5" />
      <TestMethod codeBase="TestAssembly.dll" className="TestNamespace.TestClass3" name="Test1724" />
    </UnitTest>
    <UnitTest name="Test1725" id="9f8500c2-5541-4f61-8ccf-6ad8a17d9ede" storage="TestAssembly.dll">
      <Execution id="375f7679-29e7-48b6-88cc-627c0a2eb754" />
      <TestMethod codeBase="TestAssembly.dll" className="TestNamespace.TestClass3" name="Test1725" />
    </UnitTest>
    <UnitTest name="Test1726" id="fe6f4d5e-e6ff-4d10-9a9f-9ae9b52ccf40" storage="TestAssembly.dll">
      <Execution id="3b006b03-1573-4f91-a90e-177cc12df451" />
      <TestMethod codeBase="TestAssembly.dll" className="TestNamespace.TestClass3" name="Test1726" />
    </UnitTest>
    <UnitTest name="Test1727" id="dbc2d972-2a0c-475b-81ed-a119c9ad0962" storage="TestAssembly.dll">
      <Execution id="bfe2cb7c-4ac7-422b-b923-95bacba64fbe" />
      <TestMethod codeBase="TestAssembly.dll" className="TestNamespace.TestClass3" name="Test1727" />
    </UnitTest>
    <UnitTest name="Test1728" id="9893e53d-a80a-4c13-a2d3-cf4402cb9349" storage="TestAssembly.dll">
      <Execution id="7a5d7577-21eb-41b7-b8fe-bb959d2b8a09" />
      <TestMethod codeBase="TestAssembly.dll" className="TestNamespace.TestClass3" name="Test1728" />
    </UnitTest>
    <UnitTest name="Test1729" id="e2db55f3-21b3-4ce3-add0-710e4128b6f4" storage="TestAssembly.dll">
      <Execution id="3d05677a-4932-4815-b778-c9650e9bbc56" />
      <TestMethod codeBase="TestAssembly.dll" className="TestNamespace.TestClass3" name="Test1729" />
    </UnitTest>
    <UnitTest name="Test1730" id="e007053b-c5ee-4312-8148-c4ea20439419" storage="TestAssembly.dll">
      <Execution id="6f5c8f90-60b4-4f7e-942c-5631a36494e2" />
      <TestMethod codeBase="TestAssembly.dll" className="TestNamespace.TestClass3" name="Test1730" />
    </UnitTest>
    <UnitTest name="Test1731" id="059ad563-6181-47ec-bb5f-1e047b1563e2" storage="TestAssembly.dll">
      <Execution id="5379dfe0-0c7e-4ecf-bb8f-3109f1e204ff" />
      <TestMethod codeBase="TestAssembly.dll" className="TestNamespace.TestClass4" name="Test1731" />
    </UnitTest>
    <UnitTest name="Test1732" id="9802564e-aacf-42c0-9059-6ebbc07e05d5" storage="TestAssembly.dll">
      <Execution id="ea7183f8-cb0c-4226-bb88-42c238b49015" />
      <TestMethod codeBase="TestAssembly.dll" className="TestNamespace.TestClass4" name="Test1732" />
    </UnitTest>
    <UnitTest name="Test1733" id="244e9cea-63b0-4b2e-9346-8d7891ab62b4" storage="TestAssembly.dll">
      <Execution id="cdb12cb0-0b53-4809-9b3f-3148ed449fb7" />
      <TestMethod codeBase="TestAssembly.dll" className="TestNamespace.TestClass4" name="Test1733" />
    </UnitTest>
    <UnitTest name="Test1734" id="f4219e8c-4b70-4d53-bf12-4e21931be2e5" storage="TestAssembly.dll">
      <Execution id="5db16cf2-f556-41fb-9b28-096467ef5a33" />
      <TestMethod codeBase="TestAssembly.dll" className="TestNamespace.TestClass4" name="Test1734" />
    </UnitTest>
    <UnitTest name="Test1735" id="5fa89a6d-b836-4b5a-bf67-47eef98f89c2" storage="TestAssembly.dll">
      <Execution id="98c72d31-b9b9-4a46-ac15-a091bd1784e7" />
      <TestMethod codeBase="TestAssembly.dll" className="TestNamespace.TestClass4" name="Test1735" />
    </UnitTest>
    <UnitTest name="Test1736" id="b755c38f-b3a2-4ec6-ba7a-a4e7208956df" storage="TestAssembly.dll">
      <Execution id="99282917-c55b-49a1-a81b-9838b541d7a7" />
      <TestMethod codeBase="TestAssembly.dll" className="TestNamespace.TestClass4" name="Test1736" />
    </UnitTest>
    <UnitTest name="Test1737" id="34582199-52d2-49ce-8903-cb4bbf44aaf9" storage="TestAssembly.dll">
      <Execution id="61987f15-6c2c-4e21-ad78-0a0bc4682543" />
      <TestMethod codeBase="TestAssembly.dll" className="TestNamespace.TestClass4" name="Test1737" />
    </UnitTest>
    <UnitTest name="Test1738" id="1b861f66-ef6e-465c-aab7-da59f7650a79" storage="TestAssembly.dll">
      <Execution id="2a772fd5-6d3f-4d92-b442-252214d0a512" />
      <TestMethod codeBase="TestAssembly.dll" className="TestNamespace.TestClass4" name="Test1738" />
    </UnitTest>
    <UnitTest name="Test1739" id="acfea93d-2ec5-41eb-901a-016707aeabe8" storage="TestAssembly.dll">
      <Execution id="84644e2f-7f05-4792-83b6-99b93ed6770c" />
      <TestMethod codeBase="TestAssembly.dll" className="TestNamespace.TestClass4" name="Test1739" />
    </UnitTest>
    <UnitTest name="Test1740" id="47827f73-0a96-4c92-80bd-59c1f07aa569" storage="TestAssembly.dll">
      <Execution id="45826ccb-39a5-4680-b120-1860c7fbc00f" />
      <TestMethod codeBase="TestAssembly.dll" className="TestNamespace.TestClass4" name="Test1740" />
    </UnitTest>
    <UnitTest name="Test1741" id="6b736f8f-f29b-4072-aa98-930754a6b5d9" storage="TestAssembly.dll">
      <Execution id="0eb042d9-85a0-445b-88cf-a31162a962b3" />
      <TestMethod codeBase="TestAssembly.dll" className="TestNamespace.TestClass5" name="Test1741" />
    </UnitTest>
    <UnitTest name="Test1742" id="0170a2b5-6e95-4e68-88d1-1d77c79b638d" storage="TestAssembly.dll">
      <Execution id="b8ec40e2-5140-4a69-8a32-a1dc523817b8" />
      <TestMethod codeBase="TestAssembly.dll" className="TestNamespace.TestClass5" name="Test1742" />
    </UnitTest>
    <UnitTest name="Test1743" id="dc033209-d11d-4c6e-9dcc-fb3d8200ae09" storage="TestAssembly.dll">
      <Execution id="c67fc3fe-149f-423f-b4a9-b3d64a96be88" />
      <TestMethod codeBase="TestAssembly.dll" className="TestNamespace.TestClass5" name="Test1743" />
    </UnitTest>
    <UnitTest name="Test1744" id="07725805-371a-47e3-8a75-2d0363cc1624" storage="TestAssembly.dll">
      <Execution id="32316c14-7c9c-4375-be2f-9146609d6b8f" />
      <TestMethod codeBase="TestAssembly.dll" className="TestNamespace.TestClass5" name="Test1744" />
    </UnitTest>
    <UnitTest name="Test1745" id="fbed67ee-c3ab-4b14-bdcd-f6c48179344f" storage="TestAssembly.dll">
      <Execution id="eb1731d1-c384-44ba-a17f-e0349c1a5205" />
      <TestMethod codeBase="TestAssembly.dll" className="TestNamespace.TestClass5" name="Test1745" />
    </UnitTest>
    <UnitTest name="Test1746" id="6e6c0191-966d-48c0-ad26-653ed3a0a09d" storage="TestAssembly.dll">
      <Execution id="88271b34-c188-4c72-a922-2f557f7af045" />
      <TestMethod codeBase="TestAssembly.dll" className="TestNamespace.TestClass5" name="Test1746" />
    </UnitTest>
    <UnitTest name="Test1747" id="eef420c0-a094-47c5-9999-95d43a988ee1" storage="TestAssembly.dll">
      <Execution id="72d45f19-215d-474a-8905-350830b1e8e5" />
      <TestMethod codeBase="TestAssembly.dll" className="TestNamespace.TestClass5" name="Test1747" />
    </UnitTest>
    <UnitTest name="Test1748" id="776a95b2-f33d-4de4-b674-da3dda6f37fe" storage="TestAssembly.dll">
      <Execution id="b2f09522-4df9-4213-b51b-29048b4458df" />
      <TestMethod codeBase="TestAssembly.dll" className="TestNamespace.TestClass5" name="Test1748" />
    </UnitTest>
    <UnitTest name="Test1749" id="54f87958-71aa-406f-9f99-4d53f5f86c27" storage="TestAssembly.dll">
      <Execution id="1a8cabac-1a23-4f32-9ed6-846c9e615975" />
      <TestMethod codeBase="TestAssembly.dll" className="TestNamespace.TestClass5" name="Test1749" />
    </UnitTest>
    <UnitTest name="Test1750" id="57d6ffb8-e909-4e8d-8450-b4f75724f853" storage="TestAssembly.dll">
      <Execution id="b42adb0d-ab6b-495e-bc99-60777f105394" />
      <TestMethod codeBase="TestAssembly.dll" className="TestNamespace.TestClass5" name="Test1750" />
    </UnitTest>
    <UnitTest name="Test1751" id="5a7b21e0-eda5-4582-9fa0-b2b51bfa1020" storage="TestAssembly.dll">
      <Execution id="ab34e51b-0f31-4216-9220-d2dd7d9c866a" />
      <TestMethod codeBase="TestAssembly.dll" className="TestNamespace.TestClass6" name="Test1751" />
    </UnitTest>
    <UnitTest name="Test1752" id="3bb5ea11-0914-411b-9e54-b63c2a3b60ec" storage="TestAssembly.dll">
      <Execution id="48fc478c-c7f8-40db-a5c0-c00813abcd33" />
      <TestMethod codeBase="TestAssembly.dll" className="TestNamespace.TestClass6" name="Test1752" />
    </UnitTest>
    <UnitTest name="Test1753" id="4125fcd4-6b2e-4ba1-a5be-0647ca5d5c58" storage="TestAssembly.dll">
      <Execution id="333372d1-62e9-445f-8728-e57773d0e7aa" />
      <TestMethod codeBase="TestAssembly.dll" className="TestNamespace.TestClass6" name="Test1753" />
    </UnitTest>
    <UnitTest name="Test1754" id="950fdc8d-c2b9-4a50-8d7d-030115d07137" storage="TestAssembly.dll">
      <Execution id="c59aac0d-f4ef-4678-a417-d3a44513fb75" />
      <TestMethod codeBase="TestAssembly.dll" className="TestNamespace.TestClass6" name="Test1754" />
    </UnitTest>
    <UnitTest name="Test1755" id="2467721e-35b6-4079-83d1-b47df506daa4" storage="TestAssembly.dll">
      <Execution id="c4b0f933-9d66-49ad-ae97-26b5d658fe82" />
      <TestMethod codeBase="TestAssembly.dll" className="TestNamespace.TestClass6" name="Test1755" />
    </UnitTest>
    <UnitTest name="Test1756" id="5fbd1621-ce54-47ae-b2fd-952dd6627966" storage="TestAssembly.dll">
      <Execution id="0cf595db-83a3-4f20-b5cd-e0e2dbd03b3c" />
      <TestMethod codeBase="TestAssembly.dll" className="TestNamespace.TestClass6" name="Test1756" />
    </UnitTest>
    <UnitTest name="Test1757" id="b8c0ce04-6d11-456b-bfb1-414255ee299b" storage="TestAssembly.dll">
      <Execution id="952780fe-2e42-410c-8e68-e2b56b2a6839" />
      <TestMethod codeBase="TestAssembly.dll" className="TestNamespace.TestClass6" name="Test1757" />
    </UnitTest>
    <UnitTest name="Test1758" id="0c4eff9f-8f43-4201-b58a-32f4c4c45b80" storage="TestAssembly.dll">
      <Execution id="f3d8ce93-5f69-4b3b-b447-3079320ddd6e" />
      <TestMethod codeBase="TestAssembly.dll" className="TestNamespace.TestClass6" name="Test1758" />
    </UnitTest>
    <UnitTest name="Test1759" id="033727f4-14c2-489c-816d-d8fca9ef4c13" storage="TestAssembly.dll">
      <Execution id="49a28bdc-8525-4666-9e58-37db097a73f4" />
      <TestMethod codeBase="TestAssembly.dll" className="TestNamespace.TestClass6" name="Test1759" />
    </UnitTest>
    <UnitTest name="Test1760" id="d5b9e4ee-5f52-48fa-97f6-816cd259d074" storage="TestAssembly.dll">
      <Execution id="31d276e8-632e-43a8-9475-2e37fbdc743f" />
      <TestMethod codeBase="TestAssembly.dll" className="TestNamespace.TestClass6" name="Test1760" />
    </UnitTest>
    <UnitTest name="Test1761" id="d327c643-d75f-44d3-aa54-ca73c60bae46" storage="TestAssembly.dll">
      <Execution id="4fff0c26-d2ce-454e-9381-0a888d86062c" />
      <TestMethod codeBase="TestAssembly.dll" className="TestNamespace.TestClass7" name="Test1761" />
    </UnitTest>
    <UnitTest name="Test1762" id="199628f6-fb22-4c8d-ac5a-f39059ffbfed" storage="TestAssembly.dll">
      <Execution id="667dd6bd-6e46-4fbe-a373-5230dbb12336" />
      <TestMethod codeBase="TestAssembly.dll" className="TestNamespace.TestClass7" name="Test1762" />
    </UnitTest>
    <UnitTest name="Test1763" id="9e32ea3b-c822-4384-a4f9-ce637f748fec" storage="TestAssembly.dll">
      <Execution id="a9c903e1-e0a7-4698-99d3-a162781ea5c6" />
      <TestMethod codeBase="TestAssembly.dll" className="TestNamespace.TestClass7" name="Test1763" />
    </UnitTest>
    <UnitTest name="Test1764" id="00337b4f-3749-4c95-a191-ee1bcb6c2507" storage="TestAssembly.dll">
      <Execution id="b881c1b8-71e8-4996-bf4d-7f751d0b2b02" />
      <TestMethod codeBase="TestAssembly.dll" className="TestNamespace.TestClass7" name="Test1764" />
    </UnitTest>
    <UnitTest name="Test1765" id="5db6be9b-49f7-4c48-8a56-95c1886ba5ba" storage="TestAssembly.dll">
      <Execution id="6b73a702-05b7-47b2-90b9-8082ffc173ca" />
      <TestMethod codeBase="TestAssembly.dll" className="TestNamespace.TestClass7" name="Test1765" />
    </UnitTest>
    <UnitTest name="Test1766" id="9d77a9d9-48b4-4aa6-a0c7-3020c26bdf82" storage="TestAssembly.dll">
      <Execution id="3336c023-0e89-4dda-92a3-e25809395569" />
      <TestMethod codeBase="TestAssembly.dll" className="TestNamespace.TestClass7" name="Test1766" />
    </UnitTest>
    <UnitTest name="Test1767" id="fc11a4a8-675c-4e1c-ae36-34d1332e5c20" storage="TestAssembly.dll">
      <Execution id="a51f6c76-1f6e-4c83-b725-3642aa96a53f" />
      <TestMethod codeBase="TestAssembly.dll" className="TestNamespace.TestClass7" name="Test1767" />
    </UnitTest>
    <UnitTest name="Test1768" id="e1bef13d-23dc-4039-9bf9-ecc7434cb537" storage="TestAssembly.dll">
      <Execution id="4dea75c2-74bf-4771-b5fe-64a9d00cee3c" />
      <TestMethod codeBase="TestAssembly.dll" className="TestNamespace.TestClass7" name="Test1768" />
    </UnitTest>
    <UnitTest name="Test1769" id="828b57c8-fe74-4268-a79b-4dc1cd4a48ec" storage="TestAssembly.dll">
      <Execution id="14e673a5-9e76-4fbb-afec-e458f6168917" />
      <TestMethod codeBase="TestAssembly.dll" className="TestNamespace.TestClass7" name="Test1769" />
    </UnitTest>
    <UnitTest name="Test1770" id="43ad63e7-f1ad-4753-afd0-38c375dacf3e" storage="TestAssembly.dll">
      <Execution id="8e0792fe-632f-49f4-91f4-ab6743385f33" />
      <TestMethod codeBase="TestAssembly.dll" className="TestNamespace.TestClass7" name="Test1770" />
    </UnitTest>
    <UnitTest name="Test1771" id="c072663d-5516-4fa8-8a00-da4a445c6611" storage="TestAssembly.dll">
      <Execution id="426a023f-c2d8-4b70-8aa7-d39d4d68584e" />
      <TestMethod codeBase="TestAssembly.dll" className="TestNamespace.TestClass8" name="Test1771" />
    </UnitTest>
    <UnitTest name="Test1772" id="ee5583fb-fcb8-4caf-9434-e60de0ad7d7f" storage="TestAssembly.dll">
      <Execution id="07f1410f-4a25-48ad-89ba-837df6cd4f98" />
      <TestMethod codeBase="TestAssembly.dll" className="TestNamespace.TestClass8" name="Test1772" />
    </UnitTest>
    <UnitTest name="Test1773" id="368bc5e3-05ef-49ac-b9cb-93b61e27c28c" storage="TestAssembly.dll">
      <Execution id="ff902175-0a14-4ebe-9a82-d04aa2399764" />
      <TestMethod codeBase="TestAssembly.dll" className="TestNamespace.TestClass8" name="Test1773" />
    </UnitTest>
    <UnitTest name="Test1774" id="3785e1fa-7750-464e-9c6f-11d841803b17" storage="TestAssembly.dll">
      <Execution id="7a94b0cf-091f-420d-911e-a40cd891a1fd" />
      <TestMethod codeBase="TestAssembly.dll" className="TestNamespace.TestClass8" name="Test1774" />
    </UnitTest>
    <UnitTest name="Test1775" id="f807ff88-5f6c-46f2-b07d-1d4e143496e1" storage="TestAssembly.dll">
      <Execution id="bedcb388-8bf1-48b6-bc06-470b78968aa6" />
      <TestMethod codeBase="TestAssembly.dll" className="TestNamespace.TestClass8" name="Test1775" />
    </UnitTest>
    <UnitTest name="Test1776" id="646ad55e-c4fd-452d-94fe-cb530142f26b" storage="TestAssembly.dll">
      <Execution id="a478d0fa-65e5-45ad-be61-de5ee0681d67" />
      <TestMethod codeBase="TestAssembly.dll" className="TestNamespace.TestClass8" name="Test1776" />
    </UnitTest>
    <UnitTest name="Test1777" id="06c3423c-d0be-4e0d-a5d7-87b38e5bf5fc" storage="TestAssembly.dll">
      <Execution id="4f08b5fe-7a10-4503-a6f6-4f03f66f3bbf" />
      <TestMethod codeBase="TestAssembly.dll" className="TestNamespace.TestClass8" name="Test1777" />
    </UnitTest>
    <UnitTest name="Test1778" id="1bddb73e-9542-46ae-addf-5b346c6b0a45" storage="TestAssembly.dll">
      <Execution id="5ac078b8-9e21-441a-9b18-ba54d3fa847a" />
      <TestMethod codeBase="TestAssembly.dll" className="TestNamespace.TestClass8" name="Test1778" />
    </UnitTest>
    <UnitTest name="Test1779" id="4ba89f85-657d-46d4-8038-30b50d4c926b" storage="TestAssembly.dll">
      <Execution id="d3c6dc48-d123-44ed-a0f9-a29c49921c0d" />
      <TestMethod codeBase="TestAssembly.dll" className="TestNamespace.TestClass8" name="Test1779" />
    </UnitTest>
    <UnitTest name="Test1780" id="fb448e5f-6ef1-4d77-aac7-d8e499944b3b" storage="TestAssembly.dll">
      <Execution id="7c87c0a2-96b0-447e-928a-83ada3e4ea6b" />
      <TestMethod codeBase="TestAssembly.dll" className="TestNamespace.TestClass8" name="Test1780" />
    </UnitTest>
    <UnitTest name="Test1781" id="10069461-5d5e-4c16-bab8-4cf36c4f8a5b" storage="TestAssembly.dll">
      <Execution id="48dac6f8-d493-4a82-9dfc-4abdb71a7fa6" />
      <TestMethod codeBase="TestAssembly.dll" className="TestNamespace.TestClass9" name="Test1781" />
    </UnitTest>
    <UnitTest name="Test1782" id="983bc640-483b-4b1a-a593-c74d37e4d154" storage="TestAssembly.dll">
      <Execution id="90fa0fb5-e744-48e2-baa7-2abde43b33c1" />
      <TestMethod codeBase="TestAssembly.dll" className="TestNamespace.TestClass9" name="Test1782" />
    </UnitTest>
    <UnitTest name="Test1783" id="2dbeecca-8f97-4fc7-ae1e-827d19e98844" storage="TestAssembly.dll">
      <Execution id="6dd7c24b-846e-40a1-901f-230efa3a47af" />
      <TestMethod codeBase="TestAssembly.dll" className="TestNamespace.TestClass9" name="Test1783" />
    </UnitTest>
    <UnitTest name="Test1784" id="9a2d8e67-e340-4e13-84f9-ab28453cbdc5" storage="TestAssembly.dll">
      <Execution id="5fb16759-4355-40a4-9f04-7c5327230320" />
      <TestMethod codeBase="TestAssembly.dll" className="TestNamespace.TestClass9" name="Test1784" />
    </UnitTest>
    <UnitTest name="Test1785" id="ccbcde1d-de01-43a1-a21a-e3478ae93e8d" storage="TestAssembly.dll">
      <Execution id="e68adb9e-74fd-41ef-9cd3-283ce47ab711" />
      <TestMethod codeBase="TestAssembly.dll" className="TestNamespace.TestClass9" name="Test1785" />
    </UnitTest>
    <UnitTest name="Test1786" id="9d5c4ec4-64fb-4dc9-bacc-2c854a62a116" storage="TestAssembly.dll">
      <Execution id="94966687-0092-461d-b293-acceca316757" />
      <TestMethod codeBase="TestAssembly.dll" className="TestNamespace.TestClass9" name="Test1786" />
    </UnitTest>
    <UnitTest name="Test1787" id="384a1a13-3e36-457b-a124-aa9a68320426" storage="TestAssembly.dll">
      <Execution id="7abb2dc8-f7e0-4ef2-a524-af8c54796fa1" />
      <TestMethod codeBase="TestAssembly.dll" className="TestNamespace.TestClass9" name="Test1787" />
    </UnitTest>
    <UnitTest name="Test1788" id="cc35b83e-ac57-4c17-91e7-731ec6366378" storage="TestAssembly.dll">
      <Execution id="8250b814-c041-414d-966b-74dce5c8368e" />
      <TestMethod codeBase="TestAssembly.dll" className="TestNamespace.TestClass9" name="Test1788" />
    </UnitTest>
    <UnitTest name="Test1789" id="919899b3-93d1-430f-92e2-2c9c22b8b8b9" storage="TestAssembly.dll">
      <Execution id="16407bfb-8737-455c-9f4e-36727107134d" />
      <TestMethod codeBase="TestAssembly.dll" className="TestNamespace.TestClass9" name="Test1789" />
    </UnitTest>
    <UnitTest name="Test1790" id="3d2bd4db-141c-488d-8905-baab9db6343c" storage="TestAssembly.dll">
      <Execution id="f64b292d-be1b-4b20-8908-2bad1d612457" />
      <TestMethod codeBase="TestAssembly.dll" className="TestNamespace.TestClass9" name="Test1790" />
    </UnitTest>
    <UnitTest name="Test1791" id="0280a759-fcbb-4c61-bc64-b5da81958d44" storage="TestAssembly.dll">
      <Execution id="8e62d957-2965-4985-8397-0e1b742b0b40" />
      <TestMethod codeBase="TestAssembly.dll" className="TestNamespace.TestClass10" name="Test1791" />
    </UnitTest>
    <UnitTest name="Test1792" id="320ee809-1426-4e59-b565-a60330d41bf9" storage="TestAssembly.dll">
      <Execution id="c7ac73fc-51f1-4942-b512-dec0a06e097d" />
      <TestMethod codeBase="TestAssembly.dll" className="TestNamespace.TestClass10" name="Test1792" />
    </UnitTest>
    <UnitTest name="Test1793" id="53ae7c9b-29c9-4844-af5a-3c6540a55f2e" storage="TestAssembly.dll">
      <Execution id="f5ad00f8-7c4c-489e-b476-ef6e9a07bed8" />
      <TestMethod codeBase="TestAssembly.dll" className="TestNamespace.TestClass10" name="Test1793" />
    </UnitTest>
    <UnitTest name="Test1794" id="0770f1fd-6d6e-4adc-a587-b6e7b4915bee" storage="TestAssembly.dll">
      <Execution id="e9fe81a0-5e1a-46b2-94a0-16dff472f2fd" />
      <TestMethod codeBase="TestAssembly.dll" className="TestNamespace.TestClass10" name="Test1794" />
    </UnitTest>
    <UnitTest name="Test1795" id="7a12c51b-2d69-4922-996f-f0cb8f525a67" storage="TestAssembly.dll">
      <Execution id="ad7d8593-b52d-445d-b911-2db6feb86e2d" />
      <TestMethod codeBase="TestAssembly.dll" className="TestNamespace.TestClass10" name="Test1795" />
    </UnitTest>
    <UnitTest name="Test1796" id="0d4750e3-a964-4db3-a0cf-ce19b53956b3" storage="TestAssembly.dll">
      <Execution id="e9743e28-a7b0-4ae8-93dc-ff46bd8bc821" />
      <TestMethod codeBase="TestAssembly.dll" className="TestNamespace.TestClass10" name="Test1796" />
    </UnitTest>
    <UnitTest name="Test1797" id="f1af7b1a-f875-4072-948d-adaf36deb8bf" storage="TestAssembly.dll">
      <Execution id="cc63b372-b243-4100-b915-f1d79c407c96" />
      <TestMethod codeBase="TestAssembly.dll" className="TestNamespace.TestClass10" name="Test1797" />
    </UnitTest>
    <UnitTest name="Test1798" id="70e54128-fb8f-40a1-91b0-2a861be050d5" storage="TestAssembly.dll">
      <Execution id="9a1c3d06-ebf7-49ae-8f12-1808515e4e85" />
      <TestMethod codeBase="TestAssembly.dll" className="TestNamespace.TestClass10" name="Test1798" />
    </UnitTest>
    <UnitTest name="Test1799" id="0743275e-f66f-413e-bc31-33375f8e82b8" storage="TestAssembly.dll">
      <Execution id="5c6cc1ff-9126-496b-9f75-934e76aa9287" />
      <TestMethod codeBase="TestAssembly.dll" className="TestNamespace.TestClass10" name="Test1799" />
    </UnitTest>
    <UnitTest name="Test1800" id="edb677a8-d59b-4c8a-b34d-31e972641024" storage="TestAssembly.dll">
      <Execution id="a8f0ee01-876b-4747-bc7a-2ee5ee057de8" />
      <TestMethod codeBase="TestAssembly.dll" className="TestNamespace.TestClass10" name="Test1800" />
    </UnitTest>
  </TestDefinitions>
  <TestEntries>
    <TestEntry testId="9defe25b-06e0-4919-8f3a-cd2ba4069175" executionId="79035eb8-0920-4e08-9540-33a957784af7" testListId="66512059-37c5-437b-adba-1fa5fb23b949" />
    <TestEntry testId="6a539d5d-547b-4779-ab26-dcb11f2d8319" executionId="7045e260-7b08-4c57-a770-75dc3c82d2a5" testListId="66512059-37c5-437b-adba-1fa5fb23b949" />
    <TestEntry testId="03498d59-710b-4ee3-b7ea-889fceab25e1" executionId="ba46cad2-66a7-40a2-8ccb-d0f9104f0fec" testListId="66512059-37c5-437b-adba-1fa5fb23b949" />
    <TestEntry testId="f1e65fbd-f8eb-4b17-900c-b4c8e57f3e82" executionId="38a39192-b407-4630-88ae-63f39dc70ce4" testListId="66512059-37c5-437b-adba-1fa5fb23b949" />
    <TestEntry testId="7bc66e7e-68e9-4129-9ecd-284a43fe5d00" executionId="c5d2bccd-f3e6-4975-990e-66f8d8645030" testListId="66512059-37c5-437b-adba-1fa5fb23b949" />
    <TestEntry testId="024f7ca6-d07f-4ed4-9f21-a02f8ae42433" executionId="695e5334-3cd1-4d33-bb9e-19d68e37ae0c" testListId="66512059-37c5-437b-adba-1fa5fb23b949" />
    <TestEntry testId="5ddfb769-4d68-4dff-aa01-fce06d10ff47" executionId="32124806-302f-4070-8749-041ffd6c8f2d" testListId="66512059-37c5-437b-adba-1fa5fb23b949" />
    <TestEntry testId="e7602c2b-bab9-45af-add0-de442036508c" executionId="1b4defc8-f38e-497e-a27a-58f7126542b5" testListId="66512059-37c5-437b-adba-1fa5fb23b949" />
    <TestEntry testId="41122d9a-e13f-4f6d-a76a-df4d068ec2eb" executionId="5b3b8d52-b700-4478-b6ff-e08205debce0" testListId="66512059-37c5-437b-adba-1fa5fb23b949" />
    <TestEntry testId="45c087c4-912f-4cc0-b14e-e0c4dc446ccc" executionId="f4e8df2e-1007-4bd0-8bbf-e86d084791fb" testListId="66512059-37c5-437b-adba-1fa5fb23b949" />
    <TestEntry testId="cfad70a1-e218-4599-82ca-84117ae9119b" executionId="f2e6f33d-4de7-48de-a899-bc3964036861" testListId="66512059-37c5-437b-adba-1fa5fb23b949" />
    <TestEntry testId="c2721fa4-2c67-46bf-8563-4760f69b42d9" executionId="acccbdc9-fd4e-43b7-b329-47b5b70ec4cb" testListId="66512059-37c5-437b-adba-1fa5fb23b949" />
    <TestEntry testId="46fd9a95-2e54-498e-a68d-349a26c49aa0" executionId="7f4407ce-f60b-4b75-aac6-f5ce77443b80" testListId="66512059-37c5-437b-adba-1fa5fb23b949" />
    <TestEntry testId="e47eacf5-d093-4d7b-a709-e4b7e8e74ec0" executionId="53a0c9b0-9298-4f72-a4af-2a70a6d13e18" testListId="66512059-37c5-437b-adba-1fa5fb23b949" />
    <TestEntry testId="2c39e417-969a-4601-a514-9a4b530debbc" executionId="33ae70b9-7650-4e3a-8a49-36bf755da324" testListId="66512059-37c5-437b-adba-1fa5fb23b949" />
    <TestEntry testId="34409016-9d08-44a8-baa4-6b0ae43e1036" executionId="dc72f09c-c861-44e1-b116-334ca075a025" testListId="66512059-37c5-437b-adba-1fa5fb23b949" />
    <TestEntry testId="bb35778e-78aa-458f-b126-c824fa392bad" executionId="1917e906-9a73-4fcb-99ce-e0d91dfcc15f" testListId="66512059-37c5-437b-adba-1fa5fb23b949" />
    <TestEntry testId="ceb9a3dc-7766-4c01-8c5a-195ca1ab2376" executionId="817bfca6-3408-4064-8a1f-a7dfdb84ab0f" testListId="66512059-37c5-437b-adba-1fa5fb23b949" />
    <TestEntry testId="d7b8623c-e7d1-4540-a907-1479301283bc" executionId="7aab17ed-3001-4ae2-bba2-620279ea6ed8" testListId="66512059-37c5-437b-adba-1fa5fb23b949" />
    <TestEntry testId="5496d931-f088-4f39-b7cd-6d65d43d1f78" executionId="8fcb3d1b-77a6-4c8e-a854-02c623724041" testListId="66512059-37c5-437b-adba-1fa5fb23b949" />
    <TestEntry testId="92f842e1-4acf-4fa1-9759-57f2de291a33" executionId="d78040e6-a2c2-4a10-9dd1-f9c7202c2a77" testListId="66512059-37c5-437b-adba-1fa5fb23b949" />
    <TestEntry testId="08159909-9275-4447-843c-d8f6fb26a021" executionId="d24281ee-7406-42d3-8ad2-17c474286852" testListId="66512059-37c5-437b-adba-1fa5fb23b949" />
    <TestEntry testId="99202a30-5f51-4893-b6fb-4182253cd5c2" executionId="831bca57-1c39-4271-a563-3577bb372563" testListId="66512059-37c5-437b-adba-1fa5fb23b949" />
    <TestEntry testId="14c91af5-b02e-4b82-8665-7a42667fa55e" executionId="b375fdaa-f315-4c8a-bffd-2c9c2f812ed5" testListId="66512059-37c5-437b-adba-1fa5fb23b949" />
    <TestEntry testId="9f8500c2-5541-4f61-8ccf-6ad8a17d9ede" executionId="375f7679-29e7-48b6-88cc-627c0a2eb754" testListId="66512059-37c5-437b-adba-1fa5fb23b949" />
    <TestEntry testId="fe6f4d5e-e6ff-4d10-9a9f-9ae9b52ccf40" executionId="3b006b03-1573-4f91-a90e-177cc12df451" testListId="66512059-37c5-437b-adba-1fa5fb23b949" />
    <TestEntry testId="dbc2d972-2a0c-475b-81ed-a119c9ad0962" executionId="bfe2cb7c-4ac7-422b-b923-95bacba64fbe" testListId="66512059-37c5-437b-adba-1fa5fb23b949" />
    <TestEntry testId="9893e53d-a80a-4c13-a2d3-cf4402cb9349" executionId="7a5d7577-21eb-41b7-b8fe-bb959d2b8a09" testListId="66512059-37c5-437b-adba-1fa5fb23b949" />
    <TestEntry testId="e2db55f3-21b3-4ce3-add0-710e4128b6f4" executionId="3d05677a-4932-4815-b778-c9650e9bbc56" testListId="66512059-37c5-437b-adba-1fa5fb23b949" />
    <TestEntry testId="e007053b-c5ee-4312-8148-c4ea20439419" executionId="6f5c8f90-60b4-4f7e-942c-5631a36494e2" testListId="66512059-37c5-437b-adba-1fa5fb23b949" />
    <TestEntry testId="059ad563-6181-47ec-bb5f-1e047b1563e2" executionId="5379dfe0-0c7e-4ecf-bb8f-3109f1e204ff" testListId="66512059-37c5-437b-adba-1fa5fb23b949" />
    <TestEntry testId="9802564e-aacf-42c0-9059-6ebbc07e05d5" executionId="ea7183f8-cb0c-4226-bb88-42c238b49015" testListId="66512059-37c5-437b-adba-1fa5fb23b949" />
    <TestEntry testId="244e9cea-63b0-4b2e-9346-8d7891ab62b4" executionId="cdb12cb0-0b53-4809-9b3f-3148ed449fb7" testListId="66512059-37c5-437b-adba-1fa5fb23b949" />
    <TestEntry testId="f4219e8c-4b70-4d53-bf12-4e21931be2e5" executionId="5db16cf2-f556-41fb-9b28-096467ef5a33" testListId="66512059-37c5-437b-adba-1fa5fb23b949" />
    <TestEntry testId="5fa89a6d-b836-4b5a-bf67-47eef98f89c2" executionId="98c72d31-b9b9-4a46-ac15-a091bd1784e7" testListId="66512059-37c5-437b-adba-1fa5fb23b949" />
    <TestEntry testId="b755c38f-b3a2-4ec6-ba7a-a4e7208956df" executionId="99282917-c55b-49a1-a81b-9838b541d7a7" testListId="66512059-37c5-437b-adba-1fa5fb23b949" />
    <TestEntry testId="34582199-52d2-49ce-8903-cb4bbf44aaf9" executionId="61987f15-6c2c-4e21-ad78-0a0bc4682543" testListId="66512059-37c5-437b-adba-1fa5fb23b949" />
    <TestEntry testId="1b861f66-ef6e-465c-aab7-da59f7650a79" executionId="2a772fd5-6d3f-4d92-b442-252214d0a512" testListId="66512059-37c5-437b-adba-1fa5fb23b949" />
    <TestEntry testId="acfea93d-2ec5-41eb-901a-016707aeabe8" executionId="84644e2f-7f05-4792-83b6-99b93ed6770c" testListId="66512059-37c5-437b-adba-1fa5fb23b949" />
    <TestEntry testId="47827f73-0a96-4c92-80bd-59c1f07aa569" executionId="45826ccb-39a5-4680-b120-1860c7fbc00f" testListId="66512059-37c5-437b-adba-1fa5fb23b949" />
    <TestEntry testId="6b736f8f-f29b-4072-aa98-930754a6b5d9" executionId="0eb042d9-85a0-445b-88cf-a31162a962b3" testListId="66512059-37c5-437b-adba-1fa5fb23b949" />
    <TestEntry testId="0170a2b5-6e95-4e68-88d1-1d77c79b638d" executionId="b8ec40e2-5140-4a69-8a32-a1dc523817b8" testListId="66512059-37c5-437b-adba-1fa5fb23b949" />
    <TestEntry testId="dc033209-d11d-4c6e-9dcc-fb3d8200ae09" executionId="c67fc3fe-149f-423f-b4a9-b3d64a96be88" testListId="66512059-37c5-437b-adba-1fa5fb23b949" />
    <TestEntry testId="07725805-371a-47e3-8a75-2d0363cc1624" executionId="32316c14-7c9c-4375-be2f-9146609d6b8f" testListId="66512059-37c5-437b-adba-1fa5fb23b949" />
    <TestEntry testId="fbed67ee-c3ab-4b14-bdcd-f6c48179344f" executionId="eb1731d1-c384-44ba-a17f-e0349c1a5205" testListId="66512059-37c5-437b-adba-1fa5fb23b949" />
    <TestEntry testId="6e6c0191-966d-48c0-ad26-653ed3a0a09d" executionId="88271b34-c188-4c72-a922-2f557f7af045" testListId="66512059-37c5-437b-adba-1fa5fb23b949" />
    <TestEntry testId="eef420c0-a094-47c5-9999-95d43a988ee1" executionId="72d45f19-215d-474a-8905-350830b1e8e5" testListId="66512059-37c5-437b-adba-1fa5fb23b949" />
    <TestEntry testId="776a95b2-f33d-4de4-b674-da3dda6f37fe" executionId="b2f09522-4df9-4213-b51b-29048b4458df" testListId="66512059-37c5-437b-adba-1fa5fb23b949" />
    <TestEntry testId="54f87958-71aa-406f-9f99-4d53f5f86c27" executionId="1a8cabac-1a23-4f32-9ed6-846c9e615975" testListId="66512059-37c5-437b-adba-1fa5fb23b949" />
    <TestEntry testId="57d6ffb8-e909-4e8d-8450-b4f75724f853" executionId="b42adb0d-ab6b-495e-bc99-60777f105394" testListId="66512059-37c5-437b-adba-1fa5fb23b949" />
    <TestEntry testId="5a7b21e0-eda5-4582-9fa0-b2b51bfa1020" executionId="ab34e51b-0f31-4216-9220-d2dd7d9c866a" testListId="66512059-37c5-437b-adba-1fa5fb23b949" />
    <TestEntry testId="3bb5ea11-0914-411b-9e54-b63c2a3b60ec" executionId="48fc478c-c7f8-40db-a5c0-c00813abcd33" testListId="66512059-37c5-437b-adba-1fa5fb23b949" />
    <TestEntry testId="4125fcd4-6b2e-4ba1-a5be-0647ca5d5c58" executionId="333372d1-62e9-445f-8728-e57773d0e7aa" testListId="66512059-37c5-437b-adba-1fa5fb23b949" />
    <TestEntry testId="950fdc8d-c2b9-4a50-8d7d-030115d07137" executionId="c59aac0d-f4ef-4678-a417-d3a44513fb75" testListId="66512059-37c5-437b-adba-1fa5fb23b949" />
    <TestEntry testId="2467721e-35b6-4079-83d1-b47df506daa4" executionId="c4b0f933-9d66-49ad-ae97-26b5d658fe82" testListId="66512059-37c5-437b-adba-1fa5fb23b949" />
    <TestEntry testId="5fbd1621-ce54-47ae-b2fd-952dd6627966" executionId="0cf595db-83a3-4f20-b5cd-e0e2dbd03b3c" testListId="66512059-37c5-437b-adba-1fa5fb23b949" />
    <TestEntry testId="b8c0ce04-6d11-456b-bfb1-414255ee299b" executionId="952780fe-2e42-410c-8e68-e2b56b2a6839" testListId="66512059-37c5-437b-adba-1fa5fb23b949" />
    <TestEntry testId="0c4eff9f-8f43-4201-b58a-32f4c4c45b80" executionId="f3d8ce93-5f69-4b3b-b447-3079320ddd6e" testListId="66512059-37c5-437b-adba-1fa5fb23b949" />
    <TestEntry testId="033727f4-14c2-489c-816d-d8fca9ef4c13" executionId="49a28bdc-8525-4666-9e58-37db097a73f4" testListId="66512059-37c5-437b-adba-1fa5fb23b949" />
    <TestEntry testId="d5b9e4ee-5f52-48fa-97f6-816cd259d074" executionId="31d276e8-632e-43a8-9475-2e37fbdc743f" testListId="66512059-37c5-437b-adba-1fa5fb23b949" />
    <TestEntry testId="d327c643-d75f-44d3-aa54-ca73c60bae46" executionId="4fff0c26-d2ce-454e-9381-0a888d86062c" testListId="66512059-37c5-437b-adba-1fa5fb23b949" />
    <TestEntry testId="199628f6-fb22-4c8d-ac5a-f39059ffbfed" executionId="667dd6bd-6e46-4fbe-a373-5230dbb12336" testListId="66512059-37c5-437b-adba-1fa5fb23b949" />
    <TestEntry testId="9e32ea3b-c822-4384-a4f9-ce637f748fec" executionId="a9c903e1-e0a7-4698-99d3-a162781ea5c6" testListId="66512059-37c5-437b-adba-1fa5fb23b949" />
    <TestEntry testId="00337b4f-3749-4c95-a191-ee1bcb6c2507" executionId="b881c1b8-71e8-4996-bf4d-7f751d0b2b02" testListId="66512059-37c5-437b-adba-1fa5fb23b949" />
    <TestEntry testId="5db6be9b-49f7-4c48-8a56-95c1886ba5ba" executionId="6b73a702-05b7-47b2-90b9-8082ffc173ca" testListId="66512059-37c5-437b-adba-1fa5fb23b949" />
    <TestEntry testId="9d77a9d9-48b4-4aa6-a0c7-3020c26bdf82" executionId="3336c023-0e89-4dda-92a3-e25809395569" testListId="66512059-37c5-437b-adba-1fa5fb23b949" />
    <TestEntry testId="fc11a4a8-675c-4e1c-ae36-34d1332e5c20" executionId="a51f6c76-1f6e-4c83-b725-3642aa96a53f" testListId="66512059-37c5-437b-adba-1fa5fb23b949" />
    <TestEntry testId="e1bef13d-23dc-4039-9bf9-ecc7434cb537" executionId="4dea75c2-74bf-4771-b5fe-64a9d00cee3c" testListId="66512059-37c5-437b-adba-1fa5fb23b949" />
    <TestEntry testId="828b57c8-fe74-4268-a79b-4dc1cd4a48ec" executionId="14e673a5-9e76-4fbb-afec-e458f6168917" testListId="66512059-37c5-437b-adba-1fa5fb23b949" />
    <TestEntry testId="43ad63e7-f1ad-4753-afd0-38c375dacf3e" executionId="8e0792fe-632f-49f4-91f4-ab6743385f33" testListId="66512059-37c5-437b-adba-1fa5fb23b949" />
    <TestEntry testId="c072663d-5516-4fa8-8a00-da4a445c6611" executionId="426a023f-c2d8-4b70-8aa7-d39d4d68584e" testListId="66512059-37c5-437b-adba-1fa5fb23b949" />
    <TestEntry testId="ee5583fb-fcb8-4caf-9434-e60de0ad7d7f" executionId="07f1410f-4a25-48ad-89ba-837df6cd4f98" testListId="66512059-37c5-437b-adba-1fa5fb23b949" />
    <TestEntry testId="368bc5e3-05ef-49ac-b9cb-93b61e27c28c" executionId="ff902175-0a14-4ebe-9a82-d04aa2399764" testListId="66512059-37c5-437b-adba-1fa5fb23b949" />
    <TestEntry testId="3785e1fa-7750-464e-9c6f-11d841803b17" executionId="7a94b0cf-091f-420d-911e-a40cd891a1fd" testListId="66512059-37c5-437b-adba-1fa5fb23b949" />
    <TestEntry testId="f807ff88-5f6c-46f2-b07d-1d4e143496e1" executionId="bedcb388-8bf1-48b6-bc06-470b78968aa6" testListId="66512059-37c5-437b-adba-1fa5fb23b949" />
    <TestEntry testId="646ad55e-c4fd-452d-94fe-cb530142f26b" executionId="a478d0fa-65e5-45ad-be61-de5ee0681d67" testListId="66512059-37c5-437b-adba-1fa5fb23b949" />
    <TestEntry testId="06c3423c-d0be-4e0d-a5d7-87b38e5bf5fc" executionId="4f08b5fe-7a10-4503-a6f6-4f03f66f3bbf" testListId="66512059-37c5-437b-adba-1fa5fb23b949" />
    <TestEntry testId="1bddb73e-9542-46ae-addf-5b346c6b0a45" executionId="5ac078b8-9e21-441a-9b18-ba54d3fa847a" testListId="66512059-37c5-437b-adba-1fa5fb23b949" />
    <TestEntry testId="4ba89f85-657d-46d4-8038-30b50d4c926b" executionId="d3c6dc48-d123-44ed-a0f9-a29c49921c0d" testListId="66512059-37c5-437b-adba-1fa5fb23b949" />
    <TestEntry testId="fb448e5f-6ef1-4d77-aac7-d8e499944b3b" executionId="7c87c0a2-96b0-447e-928a-83ada3e4ea6b" testListId="66512059-37c5-437b-adba-1fa5fb23b949" />
    <TestEntry testId="10069461-5d5e-4c16-bab8-4cf36c4f8a5b" executionId="48dac6f8-d493-4a82-9dfc-4abdb71a7fa6" testListId="66512059-37c5-437b-adba-1fa5fb23b949" />
    <TestEntry testId="983bc640-483b-4b1a-a593-c74d37e4d154" executionId="90fa0fb5-e744-48e2-baa7-2abde43b33c1" testListId="66512059-37c5-437b-adba-1fa5fb23b949" />
    <TestEntry testId="2dbeecca-8f97-4fc7-ae1e-827d19e98844" executionId="6dd7c24b-846e-40a1-901f-230efa3a47af" testListId="66512059-37c5-437b-adba-1fa5fb23b949" />
    <TestEntry testId="9a2d8e67-e340-4e13-84f9-ab28453cbdc5" executionId="5fb16759-4355-40a4-9f04-7c5327230320" testListId="66512059-37c5-437b-adba-1fa5fb23b949" />
    <TestEntry testId="ccbcde1d-de01-43a1-a21a-e3478ae93e8d" executionId="e68adb9e-74fd-41ef-9cd3-283ce47ab711" testListId="66512059-37c5-437b-adba-1fa5fb23b949" />
    <TestEntry testId="9d5c4ec4-64fb-4dc9-bacc-2c854a62a116" executionId="94966687-0092-461d-b293-acceca316757" testListId="66512059-37c5-437b-adba-1fa5fb23b949" />
    <TestEntry testId="384a1a13-3e36-457b-a124-aa9a68320426" executionId="7abb2dc8-f7e0-4ef2-a524-af8c54796fa1" testListId="66512059-37c5-437b-adba-1fa5fb23b949" />
    <TestEntry testId="cc35b83e-ac57-4c17-91e7-731ec6366378" executionId="8250b814-c041-414d-966b-74dce5c8368e" testListId="66512059-37c5-437b-adba-1fa5fb23b949" />
    <TestEntry testId="919899b3-93d1-430f-92e2-2c9c22b8b8b9" executionId="16407bfb-8737-455c-9f4e-36727107134d" testListId="66512059-37c5-437b-adba-1fa5fb23b949" />
    <TestEntry testId="3d2bd4db-141c-488d-8905-baab9db6343c" executionId="f64b292d-be1b-4b20-8908-2bad1d612457" testListId="66512059-37c5-437b-adba-1fa5fb23b949" />
    <TestEntry testId="0280a759-fcbb-4c61-bc64-b5da81958d44" executionId="8e62d957-2965-4985-8397-0e1b742b0b40" testListId="66512059-37c5-437b-adba-1fa5fb23b949" />
    <TestEntry testId="320ee809-1426-4e59-b565-a60330d41bf9" executionId="c7ac73fc-51f1-4942-b512-dec0a06e097d" testListId="66512059-37c5-437b-adba-1fa5fb23b949" />
    <TestEntry testId="53ae7c9b-29c9-4844-af5a-3c6540a55f2e" executionId="f5ad00f8-7c4c-489e-b476-ef6e9a07bed8" testListId="66512059-37c5-437b-adba-1fa5fb23b949" />
    <TestEntry testId="0770f1fd-6d6e-4adc-a587-b6e7b4915bee" executionId="e9fe81a0-5e1a-46b2-94a0-16dff472f2fd" testListId="66512059-37c5-437b-adba-1fa5fb23b949" />
    <TestEntry testId="7a12c51b-2d69-4922-996f-f0cb8f525a67" executionId="ad7d8593-b52d-445d-b911-2db6feb86e2d" testListId="66512059-37c5-437b-adba-1fa5fb23b949" />
    <TestEntry testId="0d4750e3-a964-4db3-a0cf-ce19b53956b3" executionId="e9743e28-a7b0-4ae8-93dc-ff46bd8bc821" testListId="66512059-37c5-437b-adba-1fa5fb23b949" />
    <TestEntry testId="f1af7b1a-f875-4072-948d-adaf36deb8bf" executionId="cc63b372-b243-4100-b915-f1d79c407c96" testListId="66512059-37c5-437b-adba-1fa5fb23b949" />
    <TestEntry testId="70e54128-fb8f-40a1-91b0-2a861be050d5" executionId="9a1c3d06-ebf7-49ae-8f12-1808515e4e85" testListId="66512059-37c5-437b-adba-1fa5fb23b949" />
    <TestEntry testId="0743275e-f66f-413e-bc31-33375f8e82b8" executionId="5c6cc1ff-9126-496b-9f75-934e76aa9287" testListId="66512059-37c5-437b-adba-1fa5fb23b949" />
    <TestEntry testId="edb677a8-d59b-4c8a-b34d-31e972641024" executionId="a8f0ee01-876b-4747-bc7a-2ee5ee057de8" testListId="66512059-37c5-437b-adba-1fa5fb23b949" />
  </TestEntries>
  <TestLists>
    <TestList name="Results Not in a List" id="66512059-37c5-437b-adba-1fa5fb23b949" />
    <TestList name="All Loaded Results" id="16a245f5-0d5c-44d3-a341-cb5b12a2bf95" />
  </TestLists>
</TestRun>