<?xml version="1.0" encoding="UTF-8"?>
<TestRun id="0d10f372-8cba-4986-b2c7-824feb0ae50d" name="Test Run 66" runUser="Oles Galatsan" xmlns="http://microsoft.com/schemas/VisualStudio/TeamTest/2010">
  <Times creation="2025-05-14T13:20:31.3125482Z" queuing="2025-05-14T13:20:31.3125482Z" start="2025-05-14T13:20:31.3146610Z" finish="2025-05-14T13:25:31.3147553Z" />
  <TestSettings name="Test Settings 66" id="72dcedae-1414-4bf1-9829-02b58cd96544" />
  <Results>
    <UnitTestResult executionId="7a70d8ad-b180-4b97-86dc-1c64f61feafc" testId="85dc1f00-5d0e-4c5c-8a8f-650356d7152c" testName="Test6501" computerName="UA-LPT-OGA2" duration="00:00:01.8910000" startTime="2025-05-14T13:20:31.3146610Z" endTime="2025-05-14T13:25:31.3147553Z" testType="13cdc9d9-ddb5-4fa4-a97d-d965ccfc6d4b" outcome="Passed" testListId="c1affe38-e78d-4ce6-883a-05ecc9ca790a" />
    <UnitTestResult executionId="94bfdc23-c3ca-4ad1-8958-d5306fec52a7" testId="591b06a2-035e-4b42-b36f-29eabb794148" testName="Test6502" computerName="UA-LPT-OGA2" duration="00:00:00.9690000" startTime="2025-05-14T13:20:31.3146610Z" endTime="2025-05-14T13:25:31.3147553Z" testType="13cdc9d9-ddb5-4fa4-a97d-d965ccfc6d4b" outcome="Failed" testListId="c1affe38-e78d-4ce6-883a-05ecc9ca790a">
      <Output>
        <ErrorInfo>
          <Message>Assertion failed: Expected value did not match actual value.</Message>
          <StackTrace>   at TestNamespace.TestClass.Test() in TestClass.cs:line 35</StackTrace>
        </ErrorInfo>
      </Output>
    </UnitTestResult>
    <UnitTestResult executionId="837ad74a-a23d-463b-b5ed-375a85e71b28" testId="142600fb-5545-4be5-b254-dbfee15e40b0" testName="Test6503" computerName="UA-LPT-OGA2" duration="00:00:01.5090000" startTime="2025-05-14T13:20:31.3146610Z" endTime="2025-05-14T13:25:31.3147553Z" testType="13cdc9d9-ddb5-4fa4-a97d-d965ccfc6d4b" outcome="Failed" testListId="c1affe38-e78d-4ce6-883a-05ecc9ca790a">
      <Output>
        <ErrorInfo>
          <Message>Assertion failed: Expected value did not match actual value.</Message>
          <StackTrace>   at TestNamespace.TestClass.Test() in TestClass.cs:line 37</StackTrace>
        </ErrorInfo>
      </Output>
    </UnitTestResult>
    <UnitTestResult executionId="2a13aa9b-8caf-4b86-aa93-2395fc42bd2e" testId="c03db75a-6eac-4a7e-8685-efc7f57db1fe" testName="Test6504" computerName="UA-LPT-OGA2" duration="00:00:00.3680000" startTime="2025-05-14T13:20:31.3146610Z" endTime="2025-05-14T13:25:31.3147553Z" testType="13cdc9d9-ddb5-4fa4-a97d-d965ccfc6d4b" outcome="Passed" testListId="c1affe38-e78d-4ce6-883a-05ecc9ca790a" />
    <UnitTestResult executionId="5f8e06ee-beed-42d2-b731-abfce1b0a5ec" testId="40bdd85a-bcdd-4a98-b3f3-59fd8240ce9d" testName="Test6505" computerName="UA-LPT-OGA2" duration="00:00:01.0470000" startTime="2025-05-14T13:20:31.3146610Z" endTime="2025-05-14T13:25:31.3147553Z" testType="13cdc9d9-ddb5-4fa4-a97d-d965ccfc6d4b" outcome="Passed" testListId="c1affe38-e78d-4ce6-883a-05ecc9ca790a" />
    <UnitTestResult executionId="93b5a390-b141-4680-884a-59fc692dfc5c" testId="2ce3610b-6db7-4d4d-9fce-9a897db631a1" testName="Test6506" computerName="UA-LPT-OGA2" duration="00:00:01.6360000" startTime="2025-05-14T13:20:31.3146610Z" endTime="2025-05-14T13:25:31.3147553Z" testType="13cdc9d9-ddb5-4fa4-a97d-d965ccfc6d4b" outcome="Passed" testListId="c1affe38-e78d-4ce6-883a-05ecc9ca790a" />
    <UnitTestResult executionId="36e78938-abb4-4dbe-8e6f-a6cf81705c8d" testId="23d7075a-a913-4f08-91d4-6fe50ae3a938" testName="Test6507" computerName="UA-LPT-OGA2" duration="00:00:01.2270000" startTime="2025-05-14T13:20:31.3146610Z" endTime="2025-05-14T13:25:31.3147553Z" testType="13cdc9d9-ddb5-4fa4-a97d-d965ccfc6d4b" outcome="Passed" testListId="c1affe38-e78d-4ce6-883a-05ecc9ca790a" />
    <UnitTestResult executionId="94204d8d-2abb-450b-91c1-9f3c18c88947" testId="2c3e8642-7901-45ef-9f80-9510899eb0e4" testName="Test6508" computerName="UA-LPT-OGA2" duration="00:00:01.4110000" startTime="2025-05-14T13:20:31.3146610Z" endTime="2025-05-14T13:25:31.3147553Z" testType="13cdc9d9-ddb5-4fa4-a97d-d965ccfc6d4b" outcome="Passed" testListId="c1affe38-e78d-4ce6-883a-05ecc9ca790a" />
    <UnitTestResult executionId="549cad7e-3359-44b0-b797-e4b1221ece1d" testId="15f787c1-bd62-426f-a498-a715893a6932" testName="Test6509" computerName="UA-LPT-OGA2" duration="00:00:00.7770000" startTime="2025-05-14T13:20:31.3146610Z" endTime="2025-05-14T13:25:31.3147553Z" testType="13cdc9d9-ddb5-4fa4-a97d-d965ccfc6d4b" outcome="Passed" testListId="c1affe38-e78d-4ce6-883a-05ecc9ca790a" />
    <UnitTestResult executionId="dbb68858-126e-49da-9d79-9e55bf95afc0" testId="bd155efd-f68a-47cf-aff5-11c6819f9673" testName="Test6510" computerName="UA-LPT-OGA2" duration="00:00:00.0140000" startTime="2025-05-14T13:20:31.3146610Z" endTime="2025-05-14T13:25:31.3147553Z" testType="13cdc9d9-ddb5-4fa4-a97d-d965ccfc6d4b" outcome="Passed" testListId="c1affe38-e78d-4ce6-883a-05ecc9ca790a" />
    <UnitTestResult executionId="b134e6db-dc3a-4aff-996a-cdab13848575" testId="3cc05ac5-37bc-4d20-ad64-b106367d32ec" testName="Test6511" computerName="UA-LPT-OGA2" duration="00:00:00.5940000" startTime="2025-05-14T13:20:31.3146610Z" endTime="2025-05-14T13:25:31.3147553Z" testType="13cdc9d9-ddb5-4fa4-a97d-d965ccfc6d4b" outcome="Passed" testListId="c1affe38-e78d-4ce6-883a-05ecc9ca790a" />
    <UnitTestResult executionId="6e38950a-2f3f-42fc-9176-00013f0b8186" testId="3ccc54d8-f2ac-44ba-9730-d48fd59526c7" testName="Test6512" computerName="UA-LPT-OGA2" duration="00:00:01.4810000" startTime="2025-05-14T13:20:31.3146610Z" endTime="2025-05-14T13:25:31.3147553Z" testType="13cdc9d9-ddb5-4fa4-a97d-d965ccfc6d4b" outcome="Passed" testListId="c1affe38-e78d-4ce6-883a-05ecc9ca790a" />
    <UnitTestResult executionId="f641d9f1-1fe3-4464-81fc-c5c0f5279828" testId="4f4dde67-1192-4383-8139-88b73066216a" testName="Test6513" computerName="UA-LPT-OGA2" duration="00:00:01.9210000" startTime="2025-05-14T13:20:31.3146610Z" endTime="2025-05-14T13:25:31.3147553Z" testType="13cdc9d9-ddb5-4fa4-a97d-d965ccfc6d4b" outcome="Failed" testListId="c1affe38-e78d-4ce6-883a-05ecc9ca790a">
      <Output>
        <ErrorInfo>
          <Message>Assertion failed: Expected value did not match actual value.</Message>
          <StackTrace>   at TestNamespace.TestClass.Test() in TestClass.cs:line 252</StackTrace>
        </ErrorInfo>
      </Output>
    </UnitTestResult>
    <UnitTestResult executionId="59315c02-3291-434e-9c98-ff51ca89f5b9" testId="086d920e-87da-4f4b-a0d8-833c40f30c7e" testName="Test6514" computerName="UA-LPT-OGA2" duration="00:00:01.0400000" startTime="2025-05-14T13:20:31.3146610Z" endTime="2025-05-14T13:25:31.3147553Z" testType="13cdc9d9-ddb5-4fa4-a97d-d965ccfc6d4b" outcome="Passed" testListId="c1affe38-e78d-4ce6-883a-05ecc9ca790a" />
    <UnitTestResult executionId="86809a15-5811-4264-ac25-a76d1caff86b" testId="2b10d1a2-82b7-4a50-832d-cee7c747c03a" testName="Test6515" computerName="UA-LPT-OGA2" duration="00:00:00.7350000" startTime="2025-05-14T13:20:31.3146610Z" endTime="2025-05-14T13:25:31.3147553Z" testType="13cdc9d9-ddb5-4fa4-a97d-d965ccfc6d4b" outcome="Passed" testListId="c1affe38-e78d-4ce6-883a-05ecc9ca790a" />
    <UnitTestResult executionId="3f8e8c5b-4e16-45f2-9195-e6aea1eb0590" testId="7e2ac8d2-d020-46bb-938d-d0d3b17377e4" testName="Test6516" computerName="UA-LPT-OGA2" duration="00:00:01.7430000" startTime="2025-05-14T13:20:31.3146610Z" endTime="2025-05-14T13:25:31.3147553Z" testType="13cdc9d9-ddb5-4fa4-a97d-d965ccfc6d4b" outcome="Passed" testListId="c1affe38-e78d-4ce6-883a-05ecc9ca790a" />
    <UnitTestResult executionId="260c6b26-e733-423c-a570-3fbd2b25308d" testId="d1dde8b4-86cf-4be8-bf83-2564c161ca5f" testName="Test6517" computerName="UA-LPT-OGA2" duration="00:00:00.5050000" startTime="2025-05-14T13:20:31.3146610Z" endTime="2025-05-14T13:25:31.3147553Z" testType="13cdc9d9-ddb5-4fa4-a97d-d965ccfc6d4b" outcome="Passed" testListId="c1affe38-e78d-4ce6-883a-05ecc9ca790a" />
    <UnitTestResult executionId="f70c7096-8d3a-4442-a8df-6d47e2b746a4" testId="3588bcb1-c85d-436d-9492-a4ca3dd41324" testName="Test6518" computerName="UA-LPT-OGA2" duration="00:00:00.6910000" startTime="2025-05-14T13:20:31.3146610Z" endTime="2025-05-14T13:25:31.3147553Z" testType="13cdc9d9-ddb5-4fa4-a97d-d965ccfc6d4b" outcome="Passed" testListId="c1affe38-e78d-4ce6-883a-05ecc9ca790a" />
    <UnitTestResult executionId="19e13ea8-c8ee-47a7-9b27-f6b54e8e1f46" testId="d1ae834f-8ebd-4780-920a-e8a478ec6c65" testName="Test6519" computerName="UA-LPT-OGA2" duration="00:00:01.7710000" startTime="2025-05-14T13:20:31.3146610Z" endTime="2025-05-14T13:25:31.3147553Z" testType="13cdc9d9-ddb5-4fa4-a97d-d965ccfc6d4b" outcome="Passed" testListId="c1affe38-e78d-4ce6-883a-05ecc9ca790a" />
    <UnitTestResult executionId="bd3a1b10-3484-4b1a-9a58-bef436a11e8b" testId="8bc9c4a1-0afb-4ae0-b600-a57013ab6ec7" testName="Test6520" computerName="UA-LPT-OGA2" duration="00:00:00.2530000" startTime="2025-05-14T13:20:31.3146610Z" endTime="2025-05-14T13:25:31.3147553Z" testType="13cdc9d9-ddb5-4fa4-a97d-d965ccfc6d4b" outcome="Passed" testListId="c1affe38-e78d-4ce6-883a-05ecc9ca790a" />
    <UnitTestResult executionId="c8ddc94d-845f-4263-9b9c-e1893f126fd3" testId="5b1ea841-0632-475c-a67b-dbcbce9b99a6" testName="Test6521" computerName="UA-LPT-OGA2" duration="00:00:00.0980000" startTime="2025-05-14T13:20:31.3146610Z" endTime="2025-05-14T13:25:31.3147553Z" testType="13cdc9d9-ddb5-4fa4-a97d-d965ccfc6d4b" outcome="Passed" testListId="c1affe38-e78d-4ce6-883a-05ecc9ca790a" />
    <UnitTestResult executionId="22d64e76-646a-48f5-983c-347a390de5a7" testId="a4eff702-1a09-4dd6-b0af-914572bfd603" testName="Test6522" computerName="UA-LPT-OGA2" duration="00:00:00.8840000" startTime="2025-05-14T13:20:31.3146610Z" endTime="2025-05-14T13:25:31.3147553Z" testType="13cdc9d9-ddb5-4fa4-a97d-d965ccfc6d4b" outcome="Passed" testListId="c1affe38-e78d-4ce6-883a-05ecc9ca790a" />
    <UnitTestResult executionId="ff836ff2-1dd3-4ee2-ad70-b80973cc8d29" testId="66d084b8-8e7f-44e6-a481-1930d9735bb9" testName="Test6523" computerName="UA-LPT-OGA2" duration="00:00:01.1690000" startTime="2025-05-14T13:20:31.3146610Z" endTime="2025-05-14T13:25:31.3147553Z" testType="13cdc9d9-ddb5-4fa4-a97d-d965ccfc6d4b" outcome="Passed" testListId="c1affe38-e78d-4ce6-883a-05ecc9ca790a" />
    <UnitTestResult executionId="c236aa40-d20a-4175-bc0a-a6c2f76bc6ad" testId="2e32d8a9-983e-45c8-871d-b1b747e73fea" testName="Test6524" computerName="UA-LPT-OGA2" duration="00:00:01.9090000" startTime="2025-05-14T13:20:31.3146610Z" endTime="2025-05-14T13:25:31.3147553Z" testType="13cdc9d9-ddb5-4fa4-a97d-d965ccfc6d4b" outcome="Passed" testListId="c1affe38-e78d-4ce6-883a-05ecc9ca790a" />
    <UnitTestResult executionId="19a2f5d1-04fb-4f69-b218-ee51896dc853" testId="a9dc3497-e214-471b-ad65-c1a9b7ae6701" testName="Test6525" computerName="UA-LPT-OGA2" duration="00:00:01.4450000" startTime="2025-05-14T13:20:31.3146610Z" endTime="2025-05-14T13:25:31.3147553Z" testType="13cdc9d9-ddb5-4fa4-a97d-d965ccfc6d4b" outcome="Passed" testListId="c1affe38-e78d-4ce6-883a-05ecc9ca790a" />
    <UnitTestResult executionId="6035a854-e9f2-4fb6-8778-ac0e86ba37ed" testId="d5404331-64fa-4d6c-9cc4-c7dd02c7cae4" testName="Test6526" computerName="UA-LPT-OGA2" duration="00:00:00.6070000" startTime="2025-05-14T13:20:31.3146610Z" endTime="2025-05-14T13:25:31.3147553Z" testType="13cdc9d9-ddb5-4fa4-a97d-d965ccfc6d4b" outcome="Passed" testListId="c1affe38-e78d-4ce6-883a-05ecc9ca790a" />
    <UnitTestResult executionId="9185ebde-0cb0-4218-91a3-b8a3f8ba501c" testId="093d06be-9f48-4ff7-a017-1916ebd30c2b" testName="Test6527" computerName="UA-LPT-OGA2" duration="00:00:00.4910000" startTime="2025-05-14T13:20:31.3146610Z" endTime="2025-05-14T13:25:31.3147553Z" testType="13cdc9d9-ddb5-4fa4-a97d-d965ccfc6d4b" outcome="Passed" testListId="c1affe38-e78d-4ce6-883a-05ecc9ca790a" />
    <UnitTestResult executionId="6571bfe5-3b20-4224-aae9-ebeb62de92db" testId="b891dd74-5028-4873-a72e-53ecf3b66712" testName="Test6528" computerName="UA-LPT-OGA2" duration="00:00:00.9840000" startTime="2025-05-14T13:20:31.3146610Z" endTime="2025-05-14T13:25:31.3147553Z" testType="13cdc9d9-ddb5-4fa4-a97d-d965ccfc6d4b" outcome="Passed" testListId="c1affe38-e78d-4ce6-883a-05ecc9ca790a" />
    <UnitTestResult executionId="952d46d8-094b-4883-9b76-e332c21afcb9" testId="7b646efb-1b00-4cdf-b2d5-c5ba9f53d958" testName="Test6529" computerName="UA-LPT-OGA2" duration="00:00:01.9970000" startTime="2025-05-14T13:20:31.3146610Z" endTime="2025-05-14T13:25:31.3147553Z" testType="13cdc9d9-ddb5-4fa4-a97d-d965ccfc6d4b" outcome="Passed" testListId="c1affe38-e78d-4ce6-883a-05ecc9ca790a" />
    <UnitTestResult executionId="b31cfe22-96ed-463b-82a9-f6764c11b045" testId="20508189-bfbb-4a9f-89d4-a3be52a64114" testName="Test6530" computerName="UA-LPT-OGA2" duration="00:00:01.0150000" startTime="2025-05-14T13:20:31.3146610Z" endTime="2025-05-14T13:25:31.3147553Z" testType="13cdc9d9-ddb5-4fa4-a97d-d965ccfc6d4b" outcome="Passed" testListId="c1affe38-e78d-4ce6-883a-05ecc9ca790a" />
    <UnitTestResult executionId="99b33c73-0859-4349-a97a-b4640f2c63f4" testId="064779bb-edb0-4a72-9910-9378dc20ca81" testName="Test6531" computerName="UA-LPT-OGA2" duration="00:00:00.7590000" startTime="2025-05-14T13:20:31.3146610Z" endTime="2025-05-14T13:25:31.3147553Z" testType="13cdc9d9-ddb5-4fa4-a97d-d965ccfc6d4b" outcome="Passed" testListId="c1affe38-e78d-4ce6-883a-05ecc9ca790a" />
    <UnitTestResult executionId="03c863de-22c3-46d6-9da4-a17f3b6a7594" testId="e972b0c8-a1a2-414e-a9b5-63364d0f4de2" testName="Test6532" computerName="UA-LPT-OGA2" duration="00:00:01.7240000" startTime="2025-05-14T13:20:31.3146610Z" endTime="2025-05-14T13:25:31.3147553Z" testType="13cdc9d9-ddb5-4fa4-a97d-d965ccfc6d4b" outcome="Passed" testListId="c1affe38-e78d-4ce6-883a-05ecc9ca790a" />
    <UnitTestResult executionId="cd31cc51-c78f-41cf-a21d-32f5847c1c1e" testId="bd8aab0e-d6cf-46e2-b638-65b397dfb8f5" testName="Test6533" computerName="UA-LPT-OGA2" duration="00:00:01.4530000" startTime="2025-05-14T13:20:31.3146610Z" endTime="2025-05-14T13:25:31.3147553Z" testType="13cdc9d9-ddb5-4fa4-a97d-d965ccfc6d4b" outcome="Passed" testListId="c1affe38-e78d-4ce6-883a-05ecc9ca790a" />
    <UnitTestResult executionId="15413967-ac58-47f4-a48f-953863892863" testId="b4eea58e-7f75-43a7-8700-167bda7587fa" testName="Test6534" computerName="UA-LPT-OGA2" duration="00:00:01.1960000" startTime="2025-05-14T13:20:31.3146610Z" endTime="2025-05-14T13:25:31.3147553Z" testType="13cdc9d9-ddb5-4fa4-a97d-d965ccfc6d4b" outcome="Passed" testListId="c1affe38-e78d-4ce6-883a-05ecc9ca790a" />
    <UnitTestResult executionId="5e1cfc83-7a6f-484b-857c-a8470a9767d7" testId="6303ad49-f881-4062-91e1-b02d2ad6767a" testName="Test6535" computerName="UA-LPT-OGA2" duration="00:00:01.7900000" startTime="2025-05-14T13:20:31.3146610Z" endTime="2025-05-14T13:25:31.3147553Z" testType="13cdc9d9-ddb5-4fa4-a97d-d965ccfc6d4b" outcome="Passed" testListId="c1affe38-e78d-4ce6-883a-05ecc9ca790a" />
    <UnitTestResult executionId="f8780119-6fab-4d67-ac8e-92b15d208897" testId="22a880a4-be48-4d6a-b415-a3fbebcc8ddd" testName="Test6536" computerName="UA-LPT-OGA2" duration="00:00:00.9530000" startTime="2025-05-14T13:20:31.3146610Z" endTime="2025-05-14T13:25:31.3147553Z" testType="13cdc9d9-ddb5-4fa4-a97d-d965ccfc6d4b" outcome="Passed" testListId="c1affe38-e78d-4ce6-883a-05ecc9ca790a" />
    <UnitTestResult executionId="968d0e4b-5d30-404d-bb3f-29c53d484721" testId="68f061ad-7dc4-4ada-acbd-d33acbfb3549" testName="Test6537" computerName="UA-LPT-OGA2" duration="00:00:00.1000000" startTime="2025-05-14T13:20:31.3146610Z" endTime="2025-05-14T13:25:31.3147553Z" testType="13cdc9d9-ddb5-4fa4-a97d-d965ccfc6d4b" outcome="Passed" testListId="c1affe38-e78d-4ce6-883a-05ecc9ca790a" />
    <UnitTestResult executionId="36af8ae4-499d-4d23-802d-ef339e7b8383" testId="d9bae7b7-f3a4-456e-ae71-82158c58c303" testName="Test6538" computerName="UA-LPT-OGA2" duration="00:00:01.7980000" startTime="2025-05-14T13:20:31.3146610Z" endTime="2025-05-14T13:25:31.3147553Z" testType="13cdc9d9-ddb5-4fa4-a97d-d965ccfc6d4b" outcome="Passed" testListId="c1affe38-e78d-4ce6-883a-05ecc9ca790a" />
    <UnitTestResult executionId="9c5da3df-04c2-4c15-879f-afe5afe098f3" testId="f263a25e-6646-41af-8530-887aae1c6366" testName="Test6539" computerName="UA-LPT-OGA2" duration="00:00:01.1350000" startTime="2025-05-14T13:20:31.3146610Z" endTime="2025-05-14T13:25:31.3147553Z" testType="13cdc9d9-ddb5-4fa4-a97d-d965ccfc6d4b" outcome="Failed" testListId="c1affe38-e78d-4ce6-883a-05ecc9ca790a">
      <Output>
        <ErrorInfo>
          <Message>Assertion failed: Expected value did not match actual value.</Message>
          <StackTrace>   at TestNamespace.TestClass.Test() in TestClass.cs:line 422</StackTrace>
        </ErrorInfo>
      </Output>
    </UnitTestResult>
    <UnitTestResult executionId="f8233c96-0d0d-4a70-82fb-e65d75c360a6" testId="1c15f3a5-6989-4d01-8e09-f69852099a9b" testName="Test6540" computerName="UA-LPT-OGA2" duration="00:00:01.6180000" startTime="2025-05-14T13:20:31.3146610Z" endTime="2025-05-14T13:25:31.3147553Z" testType="13cdc9d9-ddb5-4fa4-a97d-d965ccfc6d4b" outcome="Passed" testListId="c1affe38-e78d-4ce6-883a-05ecc9ca790a" />
    <UnitTestResult executionId="0a2357a8-c2ed-4c49-be57-61b1b1dd94d3" testId="e4aadbd6-4449-40bb-a992-d19daaba2e43" testName="Test6541" computerName="UA-LPT-OGA2" duration="00:00:00.0360000" startTime="2025-05-14T13:20:31.3146610Z" endTime="2025-05-14T13:25:31.3147553Z" testType="13cdc9d9-ddb5-4fa4-a97d-d965ccfc6d4b" outcome="Passed" testListId="c1affe38-e78d-4ce6-883a-05ecc9ca790a" />
    <UnitTestResult executionId="9158ad17-7f67-4e7e-9bfd-8df08355ff1d" testId="b7c6c42e-e7e5-49dd-82b6-0550271a08f4" testName="Test6542" computerName="UA-LPT-OGA2" duration="00:00:01.6800000" startTime="2025-05-14T13:20:31.3146610Z" endTime="2025-05-14T13:25:31.3147553Z" testType="13cdc9d9-ddb5-4fa4-a97d-d965ccfc6d4b" outcome="Passed" testListId="c1affe38-e78d-4ce6-883a-05ecc9ca790a" />
    <UnitTestResult executionId="aac1f78c-74e1-4431-86d3-335b6b0f2ce7" testId="499ff7f9-7958-4e95-a248-58cc4ea21c1d" testName="Test6543" computerName="UA-LPT-OGA2" duration="00:00:00.4980000" startTime="2025-05-14T13:20:31.3146610Z" endTime="2025-05-14T13:25:31.3147553Z" testType="13cdc9d9-ddb5-4fa4-a97d-d965ccfc6d4b" outcome="Passed" testListId="c1affe38-e78d-4ce6-883a-05ecc9ca790a" />
    <UnitTestResult executionId="3628f710-98a1-48e9-9a97-077e1d7ce948" testId="e0938637-8f5d-48d3-a3b5-720a1c833cc3" testName="Test6544" computerName="UA-LPT-OGA2" duration="00:00:00.3180000" startTime="2025-05-14T13:20:31.3146610Z" endTime="2025-05-14T13:25:31.3147553Z" testType="13cdc9d9-ddb5-4fa4-a97d-d965ccfc6d4b" outcome="Passed" testListId="c1affe38-e78d-4ce6-883a-05ecc9ca790a" />
    <UnitTestResult executionId="82f0277b-bdb0-4287-b648-c9a89ec99723" testId="1676f3ac-746f-43d1-8496-ead8934a6fea" testName="Test6545" computerName="UA-LPT-OGA2" duration="00:00:00.7810000" startTime="2025-05-14T13:20:31.3146610Z" endTime="2025-05-14T13:25:31.3147553Z" testType="13cdc9d9-ddb5-4fa4-a97d-d965ccfc6d4b" outcome="Passed" testListId="c1affe38-e78d-4ce6-883a-05ecc9ca790a" />
    <UnitTestResult executionId="6d057af5-2952-43f3-a229-d3f30881a03b" testId="11cbafa0-6eec-4837-b620-cf65da62937e" testName="Test6546" computerName="UA-LPT-OGA2" duration="00:00:00.8620000" startTime="2025-05-14T13:20:31.3146610Z" endTime="2025-05-14T13:25:31.3147553Z" testType="13cdc9d9-ddb5-4fa4-a97d-d965ccfc6d4b" outcome="Passed" testListId="c1affe38-e78d-4ce6-883a-05ecc9ca790a" />
    <UnitTestResult executionId="9182b3dc-a014-485d-a694-8499fda7b90b" testId="1614f232-e6a0-41f6-ada2-8fd4196ae357" testName="Test6547" computerName="UA-LPT-OGA2" duration="00:00:01.3370000" startTime="2025-05-14T13:20:31.3146610Z" endTime="2025-05-14T13:25:31.3147553Z" testType="13cdc9d9-ddb5-4fa4-a97d-d965ccfc6d4b" outcome="Passed" testListId="c1affe38-e78d-4ce6-883a-05ecc9ca790a" />
    <UnitTestResult executionId="becc316e-68b3-4091-9de9-0da5c20f901d" testId="81099af2-cc8a-4b5e-9f9b-90e4f80d08a4" testName="Test6548" computerName="UA-LPT-OGA2" duration="00:00:00.1780000" startTime="2025-05-14T13:20:31.3146610Z" endTime="2025-05-14T13:25:31.3147553Z" testType="13cdc9d9-ddb5-4fa4-a97d-d965ccfc6d4b" outcome="Passed" testListId="c1affe38-e78d-4ce6-883a-05ecc9ca790a" />
    <UnitTestResult executionId="6f17a75f-599f-407b-8e19-61e023b55131" testId="dfb11d39-90c8-4877-b860-6b6f8f45f598" testName="Test6549" computerName="UA-LPT-OGA2" duration="00:00:01.4970000" startTime="2025-05-14T13:20:31.3146610Z" endTime="2025-05-14T13:25:31.3147553Z" testType="13cdc9d9-ddb5-4fa4-a97d-d965ccfc6d4b" outcome="Passed" testListId="c1affe38-e78d-4ce6-883a-05ecc9ca790a" />
    <UnitTestResult executionId="5bf97848-463c-4d15-a24c-8109cc11d4f0" testId="2028db35-0f4b-443b-bbe7-2b6ae4127cfa" testName="Test6550" computerName="UA-LPT-OGA2" duration="00:00:00.9950000" startTime="2025-05-14T13:20:31.3146610Z" endTime="2025-05-14T13:25:31.3147553Z" testType="13cdc9d9-ddb5-4fa4-a97d-d965ccfc6d4b" outcome="Passed" testListId="c1affe38-e78d-4ce6-883a-05ecc9ca790a" />
    <UnitTestResult executionId="05277932-b048-4d85-883b-4208a7162c0a" testId="46cd2103-600b-4673-9a20-d691344d64c7" testName="Test6551" computerName="UA-LPT-OGA2" duration="00:00:01.3350000" startTime="2025-05-14T13:20:31.3146610Z" endTime="2025-05-14T13:25:31.3147553Z" testType="13cdc9d9-ddb5-4fa4-a97d-d965ccfc6d4b" outcome="Passed" testListId="c1affe38-e78d-4ce6-883a-05ecc9ca790a" />
    <UnitTestResult executionId="8844efb1-55d6-4fa0-ad48-40a695c61ed3" testId="6a6ccff7-e926-4540-8b20-cdd70a94f5e2" testName="Test6552" computerName="UA-LPT-OGA2" duration="00:00:01.3280000" startTime="2025-05-14T13:20:31.3146610Z" endTime="2025-05-14T13:25:31.3147553Z" testType="13cdc9d9-ddb5-4fa4-a97d-d965ccfc6d4b" outcome="Passed" testListId="c1affe38-e78d-4ce6-883a-05ecc9ca790a" />
    <UnitTestResult executionId="057cfa56-8aed-4d70-bfc2-0fd94a241f44" testId="a9275285-a339-44f5-9d16-70ed14018a56" testName="Test6553" computerName="UA-LPT-OGA2" duration="00:00:01.0620000" startTime="2025-05-14T13:20:31.3146610Z" endTime="2025-05-14T13:25:31.3147553Z" testType="13cdc9d9-ddb5-4fa4-a97d-d965ccfc6d4b" outcome="Inconclusive" testListId="c1affe38-e78d-4ce6-883a-05ecc9ca790a" />
    <UnitTestResult executionId="c23f2879-9399-4f88-a2e4-303622b9ede4" testId="27990b19-6b24-4168-88fe-4cff7cd1490f" testName="Test6554" computerName="UA-LPT-OGA2" duration="00:00:00.4250000" startTime="2025-05-14T13:20:31.3146610Z" endTime="2025-05-14T13:25:31.3147553Z" testType="13cdc9d9-ddb5-4fa4-a97d-d965ccfc6d4b" outcome="Failed" testListId="c1affe38-e78d-4ce6-883a-05ecc9ca790a">
      <Output>
        <ErrorInfo>
          <Message>Assertion failed: Expected value did not match actual value.</Message>
          <StackTrace>   at TestNamespace.TestClass.Test() in TestClass.cs:line 342</StackTrace>
        </ErrorInfo>
      </Output>
    </UnitTestResult>
    <UnitTestResult executionId="9973e4cd-c50e-48e3-8a0c-ecb4440b1f46" testId="8570b777-fd5d-4fa1-8687-baeb057d1f5d" testName="Test6555" computerName="UA-LPT-OGA2" duration="00:00:00.5150000" startTime="2025-05-14T13:20:31.3146610Z" endTime="2025-05-14T13:25:31.3147553Z" testType="13cdc9d9-ddb5-4fa4-a97d-d965ccfc6d4b" outcome="Passed" testListId="c1affe38-e78d-4ce6-883a-05ecc9ca790a" />
    <UnitTestResult executionId="961ac1f5-97cc-496a-a9bb-69958dc631cc" testId="82c71232-4386-4648-8080-8234f9726ade" testName="Test6556" computerName="UA-LPT-OGA2" duration="00:00:00.1190000" startTime="2025-05-14T13:20:31.3146610Z" endTime="2025-05-14T13:25:31.3147553Z" testType="13cdc9d9-ddb5-4fa4-a97d-d965ccfc6d4b" outcome="Passed" testListId="c1affe38-e78d-4ce6-883a-05ecc9ca790a" />
    <UnitTestResult executionId="82e6a832-eb2f-452a-8e3b-13a2742049dc" testId="88844fcb-0654-45a3-afbd-457043a0819b" testName="Test6557" computerName="UA-LPT-OGA2" duration="00:00:00.1110000" startTime="2025-05-14T13:20:31.3146610Z" endTime="2025-05-14T13:25:31.3147553Z" testType="13cdc9d9-ddb5-4fa4-a97d-d965ccfc6d4b" outcome="Passed" testListId="c1affe38-e78d-4ce6-883a-05ecc9ca790a" />
    <UnitTestResult executionId="84d37f29-c003-43ce-8b7b-5b2cf8f38880" testId="9dd399c7-2289-41a5-8728-c3d654548be5" testName="Test6558" computerName="UA-LPT-OGA2" duration="00:00:01.7880000" startTime="2025-05-14T13:20:31.3146610Z" endTime="2025-05-14T13:25:31.3147553Z" testType="13cdc9d9-ddb5-4fa4-a97d-d965ccfc6d4b" outcome="Failed" testListId="c1affe38-e78d-4ce6-883a-05ecc9ca790a">
      <Output>
        <ErrorInfo>
          <Message>Assertion failed: Expected value did not match actual value.</Message>
          <StackTrace>   at TestNamespace.TestClass.Test() in TestClass.cs:line 220</StackTrace>
        </ErrorInfo>
      </Output>
    </UnitTestResult>
    <UnitTestResult executionId="22af1b78-1fb9-4079-aac9-267972b0ae85" testId="8e566121-286a-43ca-a722-aff8e51bd9cd" testName="Test6559" computerName="UA-LPT-OGA2" duration="00:00:01.2140000" startTime="2025-05-14T13:20:31.3146610Z" endTime="2025-05-14T13:25:31.3147553Z" testType="13cdc9d9-ddb5-4fa4-a97d-d965ccfc6d4b" outcome="Passed" testListId="c1affe38-e78d-4ce6-883a-05ecc9ca790a" />
    <UnitTestResult executionId="0d79f367-41ac-4256-90c7-ab8a6966dab2" testId="644bb218-08e2-4337-9d43-a2840f89d4eb" testName="Test6560" computerName="UA-LPT-OGA2" duration="00:00:01.7970000" startTime="2025-05-14T13:20:31.3146610Z" endTime="2025-05-14T13:25:31.3147553Z" testType="13cdc9d9-ddb5-4fa4-a97d-d965ccfc6d4b" outcome="Passed" testListId="c1affe38-e78d-4ce6-883a-05ecc9ca790a" />
    <UnitTestResult executionId="d70139c1-4d29-4948-9aba-bfdfcbdabcdc" testId="0f06e301-f55d-465b-ab4d-027c8a6885fe" testName="Test6561" computerName="UA-LPT-OGA2" duration="00:00:00.5250000" startTime="2025-05-14T13:20:31.3146610Z" endTime="2025-05-14T13:25:31.3147553Z" testType="13cdc9d9-ddb5-4fa4-a97d-d965ccfc6d4b" outcome="Passed" testListId="c1affe38-e78d-4ce6-883a-05ecc9ca790a" />
    <UnitTestResult executionId="289d02f8-92e2-4267-a293-dcf77359685d" testId="2553bd04-635f-4cc7-b20e-f209cbf9427a" testName="Test6562" computerName="UA-LPT-OGA2" duration="00:00:00.4060000" startTime="2025-05-14T13:20:31.3146610Z" endTime="2025-05-14T13:25:31.3147553Z" testType="13cdc9d9-ddb5-4fa4-a97d-d965ccfc6d4b" outcome="Passed" testListId="c1affe38-e78d-4ce6-883a-05ecc9ca790a" />
    <UnitTestResult executionId="56c9fe0f-8f74-498e-9ac1-7af167950f07" testId="e6c6699f-9bf0-48df-ba40-dabeca788cd4" testName="Test6563" computerName="UA-LPT-OGA2" duration="00:00:01.7340000" startTime="2025-05-14T13:20:31.3146610Z" endTime="2025-05-14T13:25:31.3147553Z" testType="13cdc9d9-ddb5-4fa4-a97d-d965ccfc6d4b" outcome="Passed" testListId="c1affe38-e78d-4ce6-883a-05ecc9ca790a" />
    <UnitTestResult executionId="c499e25f-80ad-48be-85d2-bad0d902efee" testId="e84a5679-4958-4d30-a232-feb7c799da00" testName="Test6564" computerName="UA-LPT-OGA2" duration="00:00:01.3570000" startTime="2025-05-14T13:20:31.3146610Z" endTime="2025-05-14T13:25:31.3147553Z" testType="13cdc9d9-ddb5-4fa4-a97d-d965ccfc6d4b" outcome="Passed" testListId="c1affe38-e78d-4ce6-883a-05ecc9ca790a" />
    <UnitTestResult executionId="851c2da0-c01e-4f64-8d3a-e311e0f68c53" testId="04ad83df-7c78-40cd-b39e-12b9727e15f2" testName="Test6565" computerName="UA-LPT-OGA2" duration="00:00:01.5280000" startTime="2025-05-14T13:20:31.3146610Z" endTime="2025-05-14T13:25:31.3147553Z" testType="13cdc9d9-ddb5-4fa4-a97d-d965ccfc6d4b" outcome="Passed" testListId="c1affe38-e78d-4ce6-883a-05ecc9ca790a" />
    <UnitTestResult executionId="bfb2a3c6-e379-4851-94a2-a983b07e2358" testId="cb1c9f6e-1939-45d0-83b1-9acdde2f2b46" testName="Test6566" computerName="UA-LPT-OGA2" duration="00:00:00.9240000" startTime="2025-05-14T13:20:31.3146610Z" endTime="2025-05-14T13:25:31.3147553Z" testType="13cdc9d9-ddb5-4fa4-a97d-d965ccfc6d4b" outcome="Passed" testListId="c1affe38-e78d-4ce6-883a-05ecc9ca790a" />
    <UnitTestResult executionId="f0834ea2-0efd-45de-83bb-8fd274b56bee" testId="a886186f-5d56-4981-a831-7df7ce148e56" testName="Test6567" computerName="UA-LPT-OGA2" duration="00:00:01.7190000" startTime="2025-05-14T13:20:31.3146610Z" endTime="2025-05-14T13:25:31.3147553Z" testType="13cdc9d9-ddb5-4fa4-a97d-d965ccfc6d4b" outcome="Passed" testListId="c1affe38-e78d-4ce6-883a-05ecc9ca790a" />
    <UnitTestResult executionId="24f1ce16-c9ee-4413-81bf-b68cf29bfc22" testId="6c7b763c-0587-40f5-b56f-08b96c6c9332" testName="Test6568" computerName="UA-LPT-OGA2" duration="00:00:00.5490000" startTime="2025-05-14T13:20:31.3146610Z" endTime="2025-05-14T13:25:31.3147553Z" testType="13cdc9d9-ddb5-4fa4-a97d-d965ccfc6d4b" outcome="Passed" testListId="c1affe38-e78d-4ce6-883a-05ecc9ca790a" />
    <UnitTestResult executionId="4b83cda9-4ef5-460e-aa80-8a3d2b58b033" testId="d9684d2d-8847-4df3-baff-34a3f2dbb507" testName="Test6569" computerName="UA-LPT-OGA2" duration="00:00:01.4230000" startTime="2025-05-14T13:20:31.3146610Z" endTime="2025-05-14T13:25:31.3147553Z" testType="13cdc9d9-ddb5-4fa4-a97d-d965ccfc6d4b" outcome="Passed" testListId="c1affe38-e78d-4ce6-883a-05ecc9ca790a" />
    <UnitTestResult executionId="bd0cd8c0-bafd-4270-9ad0-488cfee56336" testId="ad0fd456-be04-4842-88fa-86708dafc61b" testName="Test6570" computerName="UA-LPT-OGA2" duration="00:00:00.5420000" startTime="2025-05-14T13:20:31.3146610Z" endTime="2025-05-14T13:25:31.3147553Z" testType="13cdc9d9-ddb5-4fa4-a97d-d965ccfc6d4b" outcome="Passed" testListId="c1affe38-e78d-4ce6-883a-05ecc9ca790a" />
    <UnitTestResult executionId="d0791259-16ba-4bdb-a273-c9d47f48c8b1" testId="20b5bbd6-5201-400f-b9eb-45caf7981386" testName="Test6571" computerName="UA-LPT-OGA2" duration="00:00:01.4930000" startTime="2025-05-14T13:20:31.3146610Z" endTime="2025-05-14T13:25:31.3147553Z" testType="13cdc9d9-ddb5-4fa4-a97d-d965ccfc6d4b" outcome="Passed" testListId="c1affe38-e78d-4ce6-883a-05ecc9ca790a" />
    <UnitTestResult executionId="8a8a4bb2-99e7-4b8f-b6c4-5f5c6d195812" testId="f04f4ce7-7acf-45b9-8b50-02d5d981fd4f" testName="Test6572" computerName="UA-LPT-OGA2" duration="00:00:01.8300000" startTime="2025-05-14T13:20:31.3146610Z" endTime="2025-05-14T13:25:31.3147553Z" testType="13cdc9d9-ddb5-4fa4-a97d-d965ccfc6d4b" outcome="Passed" testListId="c1affe38-e78d-4ce6-883a-05ecc9ca790a" />
    <UnitTestResult executionId="70a5c351-0f36-4bca-b948-c58cfb4396b9" testId="5cb8cd6e-6191-41c5-a280-2ca805e4ad34" testName="Test6573" computerName="UA-LPT-OGA2" duration="00:00:00.8990000" startTime="2025-05-14T13:20:31.3146610Z" endTime="2025-05-14T13:25:31.3147553Z" testType="13cdc9d9-ddb5-4fa4-a97d-d965ccfc6d4b" outcome="Passed" testListId="c1affe38-e78d-4ce6-883a-05ecc9ca790a" />
    <UnitTestResult executionId="0f7b1853-9c4c-4af3-9320-9e29e950af51" testId="01c412c6-bd9d-4d74-8f6d-c2c2df0b8c2e" testName="Test6574" computerName="UA-LPT-OGA2" duration="00:00:01.0400000" startTime="2025-05-14T13:20:31.3146610Z" endTime="2025-05-14T13:25:31.3147553Z" testType="13cdc9d9-ddb5-4fa4-a97d-d965ccfc6d4b" outcome="Passed" testListId="c1affe38-e78d-4ce6-883a-05ecc9ca790a" />
    <UnitTestResult executionId="c46a756a-340f-4f37-ac5f-ca6b96fc18ca" testId="89b2779b-6570-4766-9a13-fb94e28939c4" testName="Test6575" computerName="UA-LPT-OGA2" duration="00:00:01.0360000" startTime="2025-05-14T13:20:31.3146610Z" endTime="2025-05-14T13:25:31.3147553Z" testType="13cdc9d9-ddb5-4fa4-a97d-d965ccfc6d4b" outcome="Passed" testListId="c1affe38-e78d-4ce6-883a-05ecc9ca790a" />
    <UnitTestResult executionId="b448d808-059e-4277-900b-53756abf65b0" testId="9a00600f-26f2-49a8-901d-7a8e2be90e2e" testName="Test6576" computerName="UA-LPT-OGA2" duration="00:00:01.1200000" startTime="2025-05-14T13:20:31.3146610Z" endTime="2025-05-14T13:25:31.3147553Z" testType="13cdc9d9-ddb5-4fa4-a97d-d965ccfc6d4b" outcome="Failed" testListId="c1affe38-e78d-4ce6-883a-05ecc9ca790a">
      <Output>
        <ErrorInfo>
          <Message>Assertion failed: Expected value did not match actual value.</Message>
          <StackTrace>   at TestNamespace.TestClass.Test() in TestClass.cs:line 141</StackTrace>
        </ErrorInfo>
      </Output>
    </UnitTestResult>
    <UnitTestResult executionId="752dd3b1-da21-44fc-ae91-2bd1520e19a3" testId="0d53203a-43d1-4498-9736-c165c5e8455b" testName="Test6577" computerName="UA-LPT-OGA2" duration="00:00:00.1660000" startTime="2025-05-14T13:20:31.3146610Z" endTime="2025-05-14T13:25:31.3147553Z" testType="13cdc9d9-ddb5-4fa4-a97d-d965ccfc6d4b" outcome="Passed" testListId="c1affe38-e78d-4ce6-883a-05ecc9ca790a" />
    <UnitTestResult executionId="d16c9761-cc65-4fdd-a727-644e37564609" testId="f723295a-7132-4be2-8758-73f20c697820" testName="Test6578" computerName="UA-LPT-OGA2" duration="00:00:01.3120000" startTime="2025-05-14T13:20:31.3146610Z" endTime="2025-05-14T13:25:31.3147553Z" testType="13cdc9d9-ddb5-4fa4-a97d-d965ccfc6d4b" outcome="Passed" testListId="c1affe38-e78d-4ce6-883a-05ecc9ca790a" />
    <UnitTestResult executionId="0cd429b3-f316-4870-be4a-220f40b2a2f8" testId="b23b159b-f83a-484b-a275-5f936798a086" testName="Test6579" computerName="UA-LPT-OGA2" duration="00:00:01.4100000" startTime="2025-05-14T13:20:31.3146610Z" endTime="2025-05-14T13:25:31.3147553Z" testType="13cdc9d9-ddb5-4fa4-a97d-d965ccfc6d4b" outcome="Passed" testListId="c1affe38-e78d-4ce6-883a-05ecc9ca790a" />
    <UnitTestResult executionId="3e34547a-5b11-404d-921d-851f5e0c85cc" testId="307590a5-adf6-47b0-afe8-79aa12309af4" testName="Test6580" computerName="UA-LPT-OGA2" duration="00:00:00.4960000" startTime="2025-05-14T13:20:31.3146610Z" endTime="2025-05-14T13:25:31.3147553Z" testType="13cdc9d9-ddb5-4fa4-a97d-d965ccfc6d4b" outcome="Passed" testListId="c1affe38-e78d-4ce6-883a-05ecc9ca790a" />
    <UnitTestResult executionId="40c00114-7337-44a6-b206-7a9ab4252fd5" testId="fbafd34c-54da-42ba-a038-6e295be2f538" testName="Test6581" computerName="UA-LPT-OGA2" duration="00:00:00.2340000" startTime="2025-05-14T13:20:31.3146610Z" endTime="2025-05-14T13:25:31.3147553Z" testType="13cdc9d9-ddb5-4fa4-a97d-d965ccfc6d4b" outcome="Passed" testListId="c1affe38-e78d-4ce6-883a-05ecc9ca790a" />
    <UnitTestResult executionId="c28b8ba8-2b85-49c0-a5a9-f5450eaf58aa" testId="82e517bb-0a68-4065-a035-db8a917325ac" testName="Test6582" computerName="UA-LPT-OGA2" duration="00:00:00.2180000" startTime="2025-05-14T13:20:31.3146610Z" endTime="2025-05-14T13:25:31.3147553Z" testType="13cdc9d9-ddb5-4fa4-a97d-d965ccfc6d4b" outcome="Passed" testListId="c1affe38-e78d-4ce6-883a-05ecc9ca790a" />
    <UnitTestResult executionId="c98091ef-c843-4971-bb95-a14fd2e70d9e" testId="43d1e52c-2a67-4c52-8d6b-135e0ada76a5" testName="Test6583" computerName="UA-LPT-OGA2" duration="00:00:01.4210000" startTime="2025-05-14T13:20:31.3146610Z" endTime="2025-05-14T13:25:31.3147553Z" testType="13cdc9d9-ddb5-4fa4-a97d-d965ccfc6d4b" outcome="Failed" testListId="c1affe38-e78d-4ce6-883a-05ecc9ca790a">
      <Output>
        <ErrorInfo>
          <Message>Assertion failed: Expected value did not match actual value.</Message>
          <StackTrace>   at TestNamespace.TestClass.Test() in TestClass.cs:line 337</StackTrace>
        </ErrorInfo>
      </Output>
    </UnitTestResult>
    <UnitTestResult executionId="45eac173-c3e6-4c40-b31d-ab15ba29ddc0" testId="1ffd45a2-23ad-40e2-997c-9a1ccb0856d2" testName="Test6584" computerName="UA-LPT-OGA2" duration="00:00:00.4280000" startTime="2025-05-14T13:20:31.3146610Z" endTime="2025-05-14T13:25:31.3147553Z" testType="13cdc9d9-ddb5-4fa4-a97d-d965ccfc6d4b" outcome="Passed" testListId="c1affe38-e78d-4ce6-883a-05ecc9ca790a" />
    <UnitTestResult executionId="faf4dbfa-f836-4fb3-bda4-7b8a7c99f097" testId="9fa129fb-a3f3-4a2a-8ecb-06ff24e2286d" testName="Test6585" computerName="UA-LPT-OGA2" duration="00:00:00.0410000" startTime="2025-05-14T13:20:31.3146610Z" endTime="2025-05-14T13:25:31.3147553Z" testType="13cdc9d9-ddb5-4fa4-a97d-d965ccfc6d4b" outcome="Passed" testListId="c1affe38-e78d-4ce6-883a-05ecc9ca790a" />
    <UnitTestResult executionId="a2207c43-e000-400b-b921-acfd756d154c" testId="611867a0-695c-4c30-abb0-7d93d2cde679" testName="Test6586" computerName="UA-LPT-OGA2" duration="00:00:00.1410000" startTime="2025-05-14T13:20:31.3146610Z" endTime="2025-05-14T13:25:31.3147553Z" testType="13cdc9d9-ddb5-4fa4-a97d-d965ccfc6d4b" outcome="Passed" testListId="c1affe38-e78d-4ce6-883a-05ecc9ca790a" />
    <UnitTestResult executionId="8ec8d694-65a2-48d9-8192-0ec976da5417" testId="67491df8-074d-4cf7-9d90-2954f163c659" testName="Test6587" computerName="UA-LPT-OGA2" duration="00:00:00.8960000" startTime="2025-05-14T13:20:31.3146610Z" endTime="2025-05-14T13:25:31.3147553Z" testType="13cdc9d9-ddb5-4fa4-a97d-d965ccfc6d4b" outcome="Passed" testListId="c1affe38-e78d-4ce6-883a-05ecc9ca790a" />
    <UnitTestResult executionId="c0e04a6f-f12f-45ec-bce7-a2d1866245a4" testId="d62cc51a-912e-4cfa-8b54-6c6c012e1ad0" testName="Test6588" computerName="UA-LPT-OGA2" duration="00:00:00.0100000" startTime="2025-05-14T13:20:31.3146610Z" endTime="2025-05-14T13:25:31.3147553Z" testType="13cdc9d9-ddb5-4fa4-a97d-d965ccfc6d4b" outcome="Passed" testListId="c1affe38-e78d-4ce6-883a-05ecc9ca790a" />
    <UnitTestResult executionId="79e4116e-e2a1-438e-bdcb-4d085180a4fc" testId="d987b31d-e65f-4eef-ae6e-55683283f4b0" testName="Test6589" computerName="UA-LPT-OGA2" duration="00:00:01.2220000" startTime="2025-05-14T13:20:31.3146610Z" endTime="2025-05-14T13:25:31.3147553Z" testType="13cdc9d9-ddb5-4fa4-a97d-d965ccfc6d4b" outcome="Passed" testListId="c1affe38-e78d-4ce6-883a-05ecc9ca790a" />
    <UnitTestResult executionId="1d6e9bc7-46cb-4a50-b59c-fe637cc6db79" testId="d1a062cf-ff16-4be2-a935-92ba7567d2a8" testName="Test6590" computerName="UA-LPT-OGA2" duration="00:00:00.6730000" startTime="2025-05-14T13:20:31.3146610Z" endTime="2025-05-14T13:25:31.3147553Z" testType="13cdc9d9-ddb5-4fa4-a97d-d965ccfc6d4b" outcome="Passed" testListId="c1affe38-e78d-4ce6-883a-05ecc9ca790a" />
    <UnitTestResult executionId="d513aaa5-bb5a-4e89-b521-559f3c546f9c" testId="bc778fcd-a07c-4465-b501-6c775a7afb83" testName="Test6591" computerName="UA-LPT-OGA2" duration="00:00:01.9400000" startTime="2025-05-14T13:20:31.3146610Z" endTime="2025-05-14T13:25:31.3147553Z" testType="13cdc9d9-ddb5-4fa4-a97d-d965ccfc6d4b" outcome="Failed" testListId="c1affe38-e78d-4ce6-883a-05ecc9ca790a">
      <Output>
        <ErrorInfo>
          <Message>Assertion failed: Expected value did not match actual value.</Message>
          <StackTrace>   at TestNamespace.TestClass.Test() in TestClass.cs:line 369</StackTrace>
        </ErrorInfo>
      </Output>
    </UnitTestResult>
    <UnitTestResult executionId="747b9f08-743d-4ef9-a4d2-83aad4ac2973" testId="50be207c-9972-489d-9be6-6fe07672bc31" testName="Test6592" computerName="UA-LPT-OGA2" duration="00:00:01.2460000" startTime="2025-05-14T13:20:31.3146610Z" endTime="2025-05-14T13:25:31.3147553Z" testType="13cdc9d9-ddb5-4fa4-a97d-d965ccfc6d4b" outcome="Passed" testListId="c1affe38-e78d-4ce6-883a-05ecc9ca790a" />
    <UnitTestResult executionId="98b952ed-c4f1-4541-a2a3-7b9d2a56a6a1" testId="6c2c7220-65ca-47ae-8f9a-bcac5d716f48" testName="Test6593" computerName="UA-LPT-OGA2" duration="00:00:01.0470000" startTime="2025-05-14T13:20:31.3146610Z" endTime="2025-05-14T13:25:31.3147553Z" testType="13cdc9d9-ddb5-4fa4-a97d-d965ccfc6d4b" outcome="Passed" testListId="c1affe38-e78d-4ce6-883a-05ecc9ca790a" />
    <UnitTestResult executionId="bbdbe0a3-0b10-4133-96e8-08c769049a44" testId="20f8a041-c1a6-4da8-88af-7019e8eccd05" testName="Test6594" computerName="UA-LPT-OGA2" duration="00:00:00.8390000" startTime="2025-05-14T13:20:31.3146610Z" endTime="2025-05-14T13:25:31.3147553Z" testType="13cdc9d9-ddb5-4fa4-a97d-d965ccfc6d4b" outcome="Passed" testListId="c1affe38-e78d-4ce6-883a-05ecc9ca790a" />
    <UnitTestResult executionId="5252a455-eb79-41cd-9974-f3d1b3cdc671" testId="054c9fa1-f2f2-4f4d-bd3c-99dd91c66646" testName="Test6595" computerName="UA-LPT-OGA2" duration="00:00:01.1740000" startTime="2025-05-14T13:20:31.3146610Z" endTime="2025-05-14T13:25:31.3147553Z" testType="13cdc9d9-ddb5-4fa4-a97d-d965ccfc6d4b" outcome="Passed" testListId="c1affe38-e78d-4ce6-883a-05ecc9ca790a" />
    <UnitTestResult executionId="d7585494-8f6c-460a-ae26-8f4a1544618f" testId="ba026521-2c91-427a-b0a6-aa68caa5eaf1" testName="Test6596" computerName="UA-LPT-OGA2" duration="00:00:00.3210000" startTime="2025-05-14T13:20:31.3146610Z" endTime="2025-05-14T13:25:31.3147553Z" testType="13cdc9d9-ddb5-4fa4-a97d-d965ccfc6d4b" outcome="Passed" testListId="c1affe38-e78d-4ce6-883a-05ecc9ca790a" />
    <UnitTestResult executionId="39afaf54-6bd3-4d9b-bad0-b31d5693efe2" testId="f1dea702-2853-4e2f-9942-7933138034f2" testName="Test6597" computerName="UA-LPT-OGA2" duration="00:00:01.2800000" startTime="2025-05-14T13:20:31.3146610Z" endTime="2025-05-14T13:25:31.3147553Z" testType="13cdc9d9-ddb5-4fa4-a97d-d965ccfc6d4b" outcome="Passed" testListId="c1affe38-e78d-4ce6-883a-05ecc9ca790a" />
    <UnitTestResult executionId="b1ad509f-d7f5-45f3-a872-0d73439343bc" testId="78794a11-cda0-492e-a706-b14410a3bff0" testName="Test6598" computerName="UA-LPT-OGA2" duration="00:00:01.8120000" startTime="2025-05-14T13:20:31.3146610Z" endTime="2025-05-14T13:25:31.3147553Z" testType="13cdc9d9-ddb5-4fa4-a97d-d965ccfc6d4b" outcome="Failed" testListId="c1affe38-e78d-4ce6-883a-05ecc9ca790a">
      <Output>
        <ErrorInfo>
          <Message>Assertion failed: Expected value did not match actual value.</Message>
          <StackTrace>   at TestNamespace.TestClass.Test() in TestClass.cs:line 11</StackTrace>
        </ErrorInfo>
      </Output>
    </UnitTestResult>
    <UnitTestResult executionId="7abf1e2a-e9ec-48ac-a647-b1d1641188c9" testId="fa028e91-af82-4bf2-b637-655da340220e" testName="Test6599" computerName="UA-LPT-OGA2" duration="00:00:01.8450000" startTime="2025-05-14T13:20:31.3146610Z" endTime="2025-05-14T13:25:31.3147553Z" testType="13cdc9d9-ddb5-4fa4-a97d-d965ccfc6d4b" outcome="Passed" testListId="c1affe38-e78d-4ce6-883a-05ecc9ca790a" />
    <UnitTestResult executionId="2fae509d-8454-4e79-92b4-684cadc9c492" testId="31130c92-0ae8-46fc-9369-20ebee401fc8" testName="Test6600" computerName="UA-LPT-OGA2" duration="00:00:01.7910000" startTime="2025-05-14T13:20:31.3146610Z" endTime="2025-05-14T13:25:31.3147553Z" testType="13cdc9d9-ddb5-4fa4-a97d-d965ccfc6d4b" outcome="Passed" testListId="c1affe38-e78d-4ce6-883a-05ecc9ca790a" />
  </Results>
  <TestDefinitions>
    <UnitTest name="Test6501" id="85dc1f00-5d0e-4c5c-8a8f-650356d7152c" storage="TestAssembly.dll">
      <Execution id="7a70d8ad-b180-4b97-86dc-1c64f61feafc" />
      <TestMethod codeBase="TestAssembly.dll" className="TestNamespace.TestClass1" name="Test6501" />
    </UnitTest>
    <UnitTest name="Test6502" id="591b06a2-035e-4b42-b36f-29eabb794148" storage="TestAssembly.dll">
      <Execution id="94bfdc23-c3ca-4ad1-8958-d5306fec52a7" />
      <TestMethod codeBase="TestAssembly.dll" className="TestNamespace.TestClass1" name="Test6502" />
    </UnitTest>
    <UnitTest name="Test6503" id="142600fb-5545-4be5-b254-dbfee15e40b0" storage="TestAssembly.dll">
      <Execution id="837ad74a-a23d-463b-b5ed-375a85e71b28" />
      <TestMethod codeBase="TestAssembly.dll" className="TestNamespace.TestClass1" name="Test6503" />
    </UnitTest>
    <UnitTest name="Test6504" id="c03db75a-6eac-4a7e-8685-efc7f57db1fe" storage="TestAssembly.dll">
      <Execution id="2a13aa9b-8caf-4b86-aa93-2395fc42bd2e" />
      <TestMethod codeBase="TestAssembly.dll" className="TestNamespace.TestClass1" name="Test6504" />
    </UnitTest>
    <UnitTest name="Test6505" id="40bdd85a-bcdd-4a98-b3f3-59fd8240ce9d" storage="TestAssembly.dll">
      <Execution id="5f8e06ee-beed-42d2-b731-abfce1b0a5ec" />
      <TestMethod codeBase="TestAssembly.dll" className="TestNamespace.TestClass1" name="Test6505" />
    </UnitTest>
    <UnitTest name="Test6506" id="2ce3610b-6db7-4d4d-9fce-9a897db631a1" storage="TestAssembly.dll">
      <Execution id="93b5a390-b141-4680-884a-59fc692dfc5c" />
      <TestMethod codeBase="TestAssembly.dll" className="TestNamespace.TestClass1" name="Test6506" />
    </UnitTest>
    <UnitTest name="Test6507" id="23d7075a-a913-4f08-91d4-6fe50ae3a938" storage="TestAssembly.dll">
      <Execution id="36e78938-abb4-4dbe-8e6f-a6cf81705c8d" />
      <TestMethod codeBase="TestAssembly.dll" className="TestNamespace.TestClass1" name="Test6507" />
    </UnitTest>
    <UnitTest name="Test6508" id="2c3e8642-7901-45ef-9f80-9510899eb0e4" storage="TestAssembly.dll">
      <Execution id="94204d8d-2abb-450b-91c1-9f3c18c88947" />
      <TestMethod codeBase="TestAssembly.dll" className="TestNamespace.TestClass1" name="Test6508" />
    </UnitTest>
    <UnitTest name="Test6509" id="15f787c1-bd62-426f-a498-a715893a6932" storage="TestAssembly.dll">
      <Execution id="549cad7e-3359-44b0-b797-e4b1221ece1d" />
      <TestMethod codeBase="TestAssembly.dll" className="TestNamespace.TestClass1" name="Test6509" />
    </UnitTest>
    <UnitTest name="Test6510" id="bd155efd-f68a-47cf-aff5-11c6819f9673" storage="TestAssembly.dll">
      <Execution id="dbb68858-126e-49da-9d79-9e55bf95afc0" />
      <TestMethod codeBase="TestAssembly.dll" className="TestNamespace.TestClass1" name="Test6510" />
    </UnitTest>
    <UnitTest name="Test6511" id="3cc05ac5-37bc-4d20-ad64-b106367d32ec" storage="TestAssembly.dll">
      <Execution id="b134e6db-dc3a-4aff-996a-cdab13848575" />
      <TestMethod codeBase="TestAssembly.dll" className="TestNamespace.TestClass2" name="Test6511" />
    </UnitTest>
    <UnitTest name="Test6512" id="3ccc54d8-f2ac-44ba-9730-d48fd59526c7" storage="TestAssembly.dll">
      <Execution id="6e38950a-2f3f-42fc-9176-00013f0b8186" />
      <TestMethod codeBase="TestAssembly.dll" className="TestNamespace.TestClass2" name="Test6512" />
    </UnitTest>
    <UnitTest name="Test6513" id="4f4dde67-1192-4383-8139-88b73066216a" storage="TestAssembly.dll">
      <Execution id="f641d9f1-1fe3-4464-81fc-c5c0f5279828" />
      <TestMethod codeBase="TestAssembly.dll" className="TestNamespace.TestClass2" name="Test6513" />
    </UnitTest>
    <UnitTest name="Test6514" id="086d920e-87da-4f4b-a0d8-833c40f30c7e" storage="TestAssembly.dll">
      <Execution id="59315c02-3291-434e-9c98-ff51ca89f5b9" />
      <TestMethod codeBase="TestAssembly.dll" className="TestNamespace.TestClass2" name="Test6514" />
    </UnitTest>
    <UnitTest name="Test6515" id="2b10d1a2-82b7-4a50-832d-cee7c747c03a" storage="TestAssembly.dll">
      <Execution id="86809a15-5811-4264-ac25-a76d1caff86b" />
      <TestMethod codeBase="TestAssembly.dll" className="TestNamespace.TestClass2" name="Test6515" />
    </UnitTest>
    <UnitTest name="Test6516" id="7e2ac8d2-d020-46bb-938d-d0d3b17377e4" storage="TestAssembly.dll">
      <Execution id="3f8e8c5b-4e16-45f2-9195-e6aea1eb0590" />
      <TestMethod codeBase="TestAssembly.dll" className="TestNamespace.TestClass2" name="Test6516" />
    </UnitTest>
    <UnitTest name="Test6517" id="d1dde8b4-86cf-4be8-bf83-2564c161ca5f" storage="TestAssembly.dll">
      <Execution id="260c6b26-e733-423c-a570-3fbd2b25308d" />
      <TestMethod codeBase="TestAssembly.dll" className="TestNamespace.TestClass2" name="Test6517" />
    </UnitTest>
    <UnitTest name="Test6518" id="3588bcb1-c85d-436d-9492-a4ca3dd41324" storage="TestAssembly.dll">
      <Execution id="f70c7096-8d3a-4442-a8df-6d47e2b746a4" />
      <TestMethod codeBase="TestAssembly.dll" className="TestNamespace.TestClass2" name="Test6518" />
    </UnitTest>
    <UnitTest name="Test6519" id="d1ae834f-8ebd-4780-920a-e8a478ec6c65" storage="TestAssembly.dll">
      <Execution id="19e13ea8-c8ee-47a7-9b27-f6b54e8e1f46" />
      <TestMethod codeBase="TestAssembly.dll" className="TestNamespace.TestClass2" name="Test6519" />
    </UnitTest>
    <UnitTest name="Test6520" id="8bc9c4a1-0afb-4ae0-b600-a57013ab6ec7" storage="TestAssembly.dll">
      <Execution id="bd3a1b10-3484-4b1a-9a58-bef436a11e8b" />
      <TestMethod codeBase="TestAssembly.dll" className="TestNamespace.TestClass2" name="Test6520" />
    </UnitTest>
    <UnitTest name="Test6521" id="5b1ea841-0632-475c-a67b-dbcbce9b99a6" storage="TestAssembly.dll">
      <Execution id="c8ddc94d-845f-4263-9b9c-e1893f126fd3" />
      <TestMethod codeBase="TestAssembly.dll" className="TestNamespace.TestClass3" name="Test6521" />
    </UnitTest>
    <UnitTest name="Test6522" id="a4eff702-1a09-4dd6-b0af-914572bfd603" storage="TestAssembly.dll">
      <Execution id="22d64e76-646a-48f5-983c-347a390de5a7" />
      <TestMethod codeBase="TestAssembly.dll" className="TestNamespace.TestClass3" name="Test6522" />
    </UnitTest>
    <UnitTest name="Test6523" id="66d084b8-8e7f-44e6-a481-1930d9735bb9" storage="TestAssembly.dll">
      <Execution id="ff836ff2-1dd3-4ee2-ad70-b80973cc8d29" />
      <TestMethod codeBase="TestAssembly.dll" className="TestNamespace.TestClass3" name="Test6523" />
    </UnitTest>
    <UnitTest name="Test6524" id="2e32d8a9-983e-45c8-871d-b1b747e73fea" storage="TestAssembly.dll">
      <Execution id="c236aa40-d20a-4175-bc0a-a6c2f76bc6ad" />
      <TestMethod codeBase="TestAssembly.dll" className="TestNamespace.TestClass3" name="Test6524" />
    </UnitTest>
    <UnitTest name="Test6525" id="a9dc3497-e214-471b-ad65-c1a9b7ae6701" storage="TestAssembly.dll">
      <Execution id="19a2f5d1-04fb-4f69-b218-ee51896dc853" />
      <TestMethod codeBase="TestAssembly.dll" className="TestNamespace.TestClass3" name="Test6525" />
    </UnitTest>
    <UnitTest name="Test6526" id="d5404331-64fa-4d6c-9cc4-c7dd02c7cae4" storage="TestAssembly.dll">
      <Execution id="6035a854-e9f2-4fb6-8778-ac0e86ba37ed" />
      <TestMethod codeBase="TestAssembly.dll" className="TestNamespace.TestClass3" name="Test6526" />
    </UnitTest>
    <UnitTest name="Test6527" id="093d06be-9f48-4ff7-a017-1916ebd30c2b" storage="TestAssembly.dll">
      <Execution id="9185ebde-0cb0-4218-91a3-b8a3f8ba501c" />
      <TestMethod codeBase="TestAssembly.dll" className="TestNamespace.TestClass3" name="Test6527" />
    </UnitTest>
    <UnitTest name="Test6528" id="b891dd74-5028-4873-a72e-53ecf3b66712" storage="TestAssembly.dll">
      <Execution id="6571bfe5-3b20-4224-aae9-ebeb62de92db" />
      <TestMethod codeBase="TestAssembly.dll" className="TestNamespace.TestClass3" name="Test6528" />
    </UnitTest>
    <UnitTest name="Test6529" id="7b646efb-1b00-4cdf-b2d5-c5ba9f53d958" storage="TestAssembly.dll">
      <Execution id="952d46d8-094b-4883-9b76-e332c21afcb9" />
      <TestMethod codeBase="TestAssembly.dll" className="TestNamespace.TestClass3" name="Test6529" />
    </UnitTest>
    <UnitTest name="Test6530" id="20508189-bfbb-4a9f-89d4-a3be52a64114" storage="TestAssembly.dll">
      <Execution id="b31cfe22-96ed-463b-82a9-f6764c11b045" />
      <TestMethod codeBase="TestAssembly.dll" className="TestNamespace.TestClass3" name="Test6530" />
    </UnitTest>
    <UnitTest name="Test6531" id="064779bb-edb0-4a72-9910-9378dc20ca81" storage="TestAssembly.dll">
      <Execution id="99b33c73-0859-4349-a97a-b4640f2c63f4" />
      <TestMethod codeBase="TestAssembly.dll" className="TestNamespace.TestClass4" name="Test6531" />
    </UnitTest>
    <UnitTest name="Test6532" id="e972b0c8-a1a2-414e-a9b5-63364d0f4de2" storage="TestAssembly.dll">
      <Execution id="03c863de-22c3-46d6-9da4-a17f3b6a7594" />
      <TestMethod codeBase="TestAssembly.dll" className="TestNamespace.TestClass4" name="Test6532" />
    </UnitTest>
    <UnitTest name="Test6533" id="bd8aab0e-d6cf-46e2-b638-65b397dfb8f5" storage="TestAssembly.dll">
      <Execution id="cd31cc51-c78f-41cf-a21d-32f5847c1c1e" />
      <TestMethod codeBase="TestAssembly.dll" className="TestNamespace.TestClass4" name="Test6533" />
    </UnitTest>
    <UnitTest name="Test6534" id="b4eea58e-7f75-43a7-8700-167bda7587fa" storage="TestAssembly.dll">
      <Execution id="15413967-ac58-47f4-a48f-953863892863" />
      <TestMethod codeBase="TestAssembly.dll" className="TestNamespace.TestClass4" name="Test6534" />
    </UnitTest>
    <UnitTest name="Test6535" id="6303ad49-f881-4062-91e1-b02d2ad6767a" storage="TestAssembly.dll">
      <Execution id="5e1cfc83-7a6f-484b-857c-a8470a9767d7" />
      <TestMethod codeBase="TestAssembly.dll" className="TestNamespace.TestClass4" name="Test6535" />
    </UnitTest>
    <UnitTest name="Test6536" id="22a880a4-be48-4d6a-b415-a3fbebcc8ddd" storage="TestAssembly.dll">
      <Execution id="f8780119-6fab-4d67-ac8e-92b15d208897" />
      <TestMethod codeBase="TestAssembly.dll" className="TestNamespace.TestClass4" name="Test6536" />
    </UnitTest>
    <UnitTest name="Test6537" id="68f061ad-7dc4-4ada-acbd-d33acbfb3549" storage="TestAssembly.dll">
      <Execution id="968d0e4b-5d30-404d-bb3f-29c53d484721" />
      <TestMethod codeBase="TestAssembly.dll" className="TestNamespace.TestClass4" name="Test6537" />
    </UnitTest>
    <UnitTest name="Test6538" id="d9bae7b7-f3a4-456e-ae71-82158c58c303" storage="TestAssembly.dll">
      <Execution id="36af8ae4-499d-4d23-802d-ef339e7b8383" />
      <TestMethod codeBase="TestAssembly.dll" className="TestNamespace.TestClass4" name="Test6538" />
    </UnitTest>
    <UnitTest name="Test6539" id="f263a25e-6646-41af-8530-887aae1c6366" storage="TestAssembly.dll">
      <Execution id="9c5da3df-04c2-4c15-879f-afe5afe098f3" />
      <TestMethod codeBase="TestAssembly.dll" className="TestNamespace.TestClass4" name="Test6539" />
    </UnitTest>
    <UnitTest name="Test6540" id="1c15f3a5-6989-4d01-8e09-f69852099a9b" storage="TestAssembly.dll">
      <Execution id="f8233c96-0d0d-4a70-82fb-e65d75c360a6" />
      <TestMethod codeBase="TestAssembly.dll" className="TestNamespace.TestClass4" name="Test6540" />
    </UnitTest>
    <UnitTest name="Test6541" id="e4aadbd6-4449-40bb-a992-d19daaba2e43" storage="TestAssembly.dll">
      <Execution id="0a2357a8-c2ed-4c49-be57-61b1b1dd94d3" />
      <TestMethod codeBase="TestAssembly.dll" className="TestNamespace.TestClass5" name="Test6541" />
    </UnitTest>
    <UnitTest name="Test6542" id="b7c6c42e-e7e5-49dd-82b6-0550271a08f4" storage="TestAssembly.dll">
      <Execution id="9158ad17-7f67-4e7e-9bfd-8df08355ff1d" />
      <TestMethod codeBase="TestAssembly.dll" className="TestNamespace.TestClass5" name="Test6542" />
    </UnitTest>
    <UnitTest name="Test6543" id="499ff7f9-7958-4e95-a248-58cc4ea21c1d" storage="TestAssembly.dll">
      <Execution id="aac1f78c-74e1-4431-86d3-335b6b0f2ce7" />
      <TestMethod codeBase="TestAssembly.dll" className="TestNamespace.TestClass5" name="Test6543" />
    </UnitTest>
    <UnitTest name="Test6544" id="e0938637-8f5d-48d3-a3b5-720a1c833cc3" storage="TestAssembly.dll">
      <Execution id="3628f710-98a1-48e9-9a97-077e1d7ce948" />
      <TestMethod codeBase="TestAssembly.dll" className="TestNamespace.TestClass5" name="Test6544" />
    </UnitTest>
    <UnitTest name="Test6545" id="1676f3ac-746f-43d1-8496-ead8934a6fea" storage="TestAssembly.dll">
      <Execution id="82f0277b-bdb0-4287-b648-c9a89ec99723" />
      <TestMethod codeBase="TestAssembly.dll" className="TestNamespace.TestClass5" name="Test6545" />
    </UnitTest>
    <UnitTest name="Test6546" id="11cbafa0-6eec-4837-b620-cf65da62937e" storage="TestAssembly.dll">
      <Execution id="6d057af5-2952-43f3-a229-d3f30881a03b" />
      <TestMethod codeBase="TestAssembly.dll" className="TestNamespace.TestClass5" name="Test6546" />
    </UnitTest>
    <UnitTest name="Test6547" id="1614f232-e6a0-41f6-ada2-8fd4196ae357" storage="TestAssembly.dll">
      <Execution id="9182b3dc-a014-485d-a694-8499fda7b90b" />
      <TestMethod codeBase="TestAssembly.dll" className="TestNamespace.TestClass5" name="Test6547" />
    </UnitTest>
    <UnitTest name="Test6548" id="81099af2-cc8a-4b5e-9f9b-90e4f80d08a4" storage="TestAssembly.dll">
      <Execution id="becc316e-68b3-4091-9de9-0da5c20f901d" />
      <TestMethod codeBase="TestAssembly.dll" className="TestNamespace.TestClass5" name="Test6548" />
    </UnitTest>
    <UnitTest name="Test6549" id="dfb11d39-90c8-4877-b860-6b6f8f45f598" storage="TestAssembly.dll">
      <Execution id="6f17a75f-599f-407b-8e19-61e023b55131" />
      <TestMethod codeBase="TestAssembly.dll" className="TestNamespace.TestClass5" name="Test6549" />
    </UnitTest>
    <UnitTest name="Test6550" id="2028db35-0f4b-443b-bbe7-2b6ae4127cfa" storage="TestAssembly.dll">
      <Execution id="5bf97848-463c-4d15-a24c-8109cc11d4f0" />
      <TestMethod codeBase="TestAssembly.dll" className="TestNamespace.TestClass5" name="Test6550" />
    </UnitTest>
    <UnitTest name="Test6551" id="46cd2103-600b-4673-9a20-d691344d64c7" storage="TestAssembly.dll">
      <Execution id="05277932-b048-4d85-883b-4208a7162c0a" />
      <TestMethod codeBase="TestAssembly.dll" className="TestNamespace.TestClass6" name="Test6551" />
    </UnitTest>
    <UnitTest name="Test6552" id="6a6ccff7-e926-4540-8b20-cdd70a94f5e2" storage="TestAssembly.dll">
      <Execution id="8844efb1-55d6-4fa0-ad48-40a695c61ed3" />
      <TestMethod codeBase="TestAssembly.dll" className="TestNamespace.TestClass6" name="Test6552" />
    </UnitTest>
    <UnitTest name="Test6553" id="a9275285-a339-44f5-9d16-70ed14018a56" storage="TestAssembly.dll">
      <Execution id="057cfa56-8aed-4d70-bfc2-0fd94a241f44" />
      <TestMethod codeBase="TestAssembly.dll" className="TestNamespace.TestClass6" name="Test6553" />
    </UnitTest>
    <UnitTest name="Test6554" id="27990b19-6b24-4168-88fe-4cff7cd1490f" storage="TestAssembly.dll">
      <Execution id="c23f2879-9399-4f88-a2e4-303622b9ede4" />
      <TestMethod codeBase="TestAssembly.dll" className="TestNamespace.TestClass6" name="Test6554" />
    </UnitTest>
    <UnitTest name="Test6555" id="8570b777-fd5d-4fa1-8687-baeb057d1f5d" storage="TestAssembly.dll">
      <Execution id="9973e4cd-c50e-48e3-8a0c-ecb4440b1f46" />
      <TestMethod codeBase="TestAssembly.dll" className="TestNamespace.TestClass6" name="Test6555" />
    </UnitTest>
    <UnitTest name="Test6556" id="82c71232-4386-4648-8080-8234f9726ade" storage="TestAssembly.dll">
      <Execution id="961ac1f5-97cc-496a-a9bb-69958dc631cc" />
      <TestMethod codeBase="TestAssembly.dll" className="TestNamespace.TestClass6" name="Test6556" />
    </UnitTest>
    <UnitTest name="Test6557" id="88844fcb-0654-45a3-afbd-457043a0819b" storage="TestAssembly.dll">
      <Execution id="82e6a832-eb2f-452a-8e3b-13a2742049dc" />
      <TestMethod codeBase="TestAssembly.dll" className="TestNamespace.TestClass6" name="Test6557" />
    </UnitTest>
    <UnitTest name="Test6558" id="9dd399c7-2289-41a5-8728-c3d654548be5" storage="TestAssembly.dll">
      <Execution id="84d37f29-c003-43ce-8b7b-5b2cf8f38880" />
      <TestMethod codeBase="TestAssembly.dll" className="TestNamespace.TestClass6" name="Test6558" />
    </UnitTest>
    <UnitTest name="Test6559" id="8e566121-286a-43ca-a722-aff8e51bd9cd" storage="TestAssembly.dll">
      <Execution id="22af1b78-1fb9-4079-aac9-267972b0ae85" />
      <TestMethod codeBase="TestAssembly.dll" className="TestNamespace.TestClass6" name="Test6559" />
    </UnitTest>
    <UnitTest name="Test6560" id="644bb218-08e2-4337-9d43-a2840f89d4eb" storage="TestAssembly.dll">
      <Execution id="0d79f367-41ac-4256-90c7-ab8a6966dab2" />
      <TestMethod codeBase="TestAssembly.dll" className="TestNamespace.TestClass6" name="Test6560" />
    </UnitTest>
    <UnitTest name="Test6561" id="0f06e301-f55d-465b-ab4d-027c8a6885fe" storage="TestAssembly.dll">
      <Execution id="d70139c1-4d29-4948-9aba-bfdfcbdabcdc" />
      <TestMethod codeBase="TestAssembly.dll" className="TestNamespace.TestClass7" name="Test6561" />
    </UnitTest>
    <UnitTest name="Test6562" id="2553bd04-635f-4cc7-b20e-f209cbf9427a" storage="TestAssembly.dll">
      <Execution id="289d02f8-92e2-4267-a293-dcf77359685d" />
      <TestMethod codeBase="TestAssembly.dll" className="TestNamespace.TestClass7" name="Test6562" />
    </UnitTest>
    <UnitTest name="Test6563" id="e6c6699f-9bf0-48df-ba40-dabeca788cd4" storage="TestAssembly.dll">
      <Execution id="56c9fe0f-8f74-498e-9ac1-7af167950f07" />
      <TestMethod codeBase="TestAssembly.dll" className="TestNamespace.TestClass7" name="Test6563" />
    </UnitTest>
    <UnitTest name="Test6564" id="e84a5679-4958-4d30-a232-feb7c799da00" storage="TestAssembly.dll">
      <Execution id="c499e25f-80ad-48be-85d2-bad0d902efee" />
      <TestMethod codeBase="TestAssembly.dll" className="TestNamespace.TestClass7" name="Test6564" />
    </UnitTest>
    <UnitTest name="Test6565" id="04ad83df-7c78-40cd-b39e-12b9727e15f2" storage="TestAssembly.dll">
      <Execution id="851c2da0-c01e-4f64-8d3a-e311e0f68c53" />
      <TestMethod codeBase="TestAssembly.dll" className="TestNamespace.TestClass7" name="Test6565" />
    </UnitTest>
    <UnitTest name="Test6566" id="cb1c9f6e-1939-45d0-83b1-9acdde2f2b46" storage="TestAssembly.dll">
      <Execution id="bfb2a3c6-e379-4851-94a2-a983b07e2358" />
      <TestMethod codeBase="TestAssembly.dll" className="TestNamespace.TestClass7" name="Test6566" />
    </UnitTest>
    <UnitTest name="Test6567" id="a886186f-5d56-4981-a831-7df7ce148e56" storage="TestAssembly.dll">
      <Execution id="f0834ea2-0efd-45de-83bb-8fd274b56bee" />
      <TestMethod codeBase="TestAssembly.dll" className="TestNamespace.TestClass7" name="Test6567" />
    </UnitTest>
    <UnitTest name="Test6568" id="6c7b763c-0587-40f5-b56f-08b96c6c9332" storage="TestAssembly.dll">
      <Execution id="24f1ce16-c9ee-4413-81bf-b68cf29bfc22" />
      <TestMethod codeBase="TestAssembly.dll" className="TestNamespace.TestClass7" name="Test6568" />
    </UnitTest>
    <UnitTest name="Test6569" id="d9684d2d-8847-4df3-baff-34a3f2dbb507" storage="TestAssembly.dll">
      <Execution id="4b83cda9-4ef5-460e-aa80-8a3d2b58b033" />
      <TestMethod codeBase="TestAssembly.dll" className="TestNamespace.TestClass7" name="Test6569" />
    </UnitTest>
    <UnitTest name="Test6570" id="ad0fd456-be04-4842-88fa-86708dafc61b" storage="TestAssembly.dll">
      <Execution id="bd0cd8c0-bafd-4270-9ad0-488cfee56336" />
      <TestMethod codeBase="TestAssembly.dll" className="TestNamespace.TestClass7" name="Test6570" />
    </UnitTest>
    <UnitTest name="Test6571" id="20b5bbd6-5201-400f-b9eb-45caf7981386" storage="TestAssembly.dll">
      <Execution id="d0791259-16ba-4bdb-a273-c9d47f48c8b1" />
      <TestMethod codeBase="TestAssembly.dll" className="TestNamespace.TestClass8" name="Test6571" />
    </UnitTest>
    <UnitTest name="Test6572" id="f04f4ce7-7acf-45b9-8b50-02d5d981fd4f" storage="TestAssembly.dll">
      <Execution id="8a8a4bb2-99e7-4b8f-b6c4-5f5c6d195812" />
      <TestMethod codeBase="TestAssembly.dll" className="TestNamespace.TestClass8" name="Test6572" />
    </UnitTest>
    <UnitTest name="Test6573" id="5cb8cd6e-6191-41c5-a280-2ca805e4ad34" storage="TestAssembly.dll">
      <Execution id="70a5c351-0f36-4bca-b948-c58cfb4396b9" />
      <TestMethod codeBase="TestAssembly.dll" className="TestNamespace.TestClass8" name="Test6573" />
    </UnitTest>
    <UnitTest name="Test6574" id="01c412c6-bd9d-4d74-8f6d-c2c2df0b8c2e" storage="TestAssembly.dll">
      <Execution id="0f7b1853-9c4c-4af3-9320-9e29e950af51" />
      <TestMethod codeBase="TestAssembly.dll" className="TestNamespace.TestClass8" name="Test6574" />
    </UnitTest>
    <UnitTest name="Test6575" id="89b2779b-6570-4766-9a13-fb94e28939c4" storage="TestAssembly.dll">
      <Execution id="c46a756a-340f-4f37-ac5f-ca6b96fc18ca" />
      <TestMethod codeBase="TestAssembly.dll" className="TestNamespace.TestClass8" name="Test6575" />
    </UnitTest>
    <UnitTest name="Test6576" id="9a00600f-26f2-49a8-901d-7a8e2be90e2e" storage="TestAssembly.dll">
      <Execution id="b448d808-059e-4277-900b-53756abf65b0" />
      <TestMethod codeBase="TestAssembly.dll" className="TestNamespace.TestClass8" name="Test6576" />
    </UnitTest>
    <UnitTest name="Test6577" id="0d53203a-43d1-4498-9736-c165c5e8455b" storage="TestAssembly.dll">
      <Execution id="752dd3b1-da21-44fc-ae91-2bd1520e19a3" />
      <TestMethod codeBase="TestAssembly.dll" className="TestNamespace.TestClass8" name="Test6577" />
    </UnitTest>
    <UnitTest name="Test6578" id="f723295a-7132-4be2-8758-73f20c697820" storage="TestAssembly.dll">
      <Execution id="d16c9761-cc65-4fdd-a727-644e37564609" />
      <TestMethod codeBase="TestAssembly.dll" className="TestNamespace.TestClass8" name="Test6578" />
    </UnitTest>
    <UnitTest name="Test6579" id="b23b159b-f83a-484b-a275-5f936798a086" storage="TestAssembly.dll">
      <Execution id="0cd429b3-f316-4870-be4a-220f40b2a2f8" />
      <TestMethod codeBase="TestAssembly.dll" className="TestNamespace.TestClass8" name="Test6579" />
    </UnitTest>
    <UnitTest name="Test6580" id="307590a5-adf6-47b0-afe8-79aa12309af4" storage="TestAssembly.dll">
      <Execution id="3e34547a-5b11-404d-921d-851f5e0c85cc" />
      <TestMethod codeBase="TestAssembly.dll" className="TestNamespace.TestClass8" name="Test6580" />
    </UnitTest>
    <UnitTest name="Test6581" id="fbafd34c-54da-42ba-a038-6e295be2f538" storage="TestAssembly.dll">
      <Execution id="40c00114-7337-44a6-b206-7a9ab4252fd5" />
      <TestMethod codeBase="TestAssembly.dll" className="TestNamespace.TestClass9" name="Test6581" />
    </UnitTest>
    <UnitTest name="Test6582" id="82e517bb-0a68-4065-a035-db8a917325ac" storage="TestAssembly.dll">
      <Execution id="c28b8ba8-2b85-49c0-a5a9-f5450eaf58aa" />
      <TestMethod codeBase="TestAssembly.dll" className="TestNamespace.TestClass9" name="Test6582" />
    </UnitTest>
    <UnitTest name="Test6583" id="43d1e52c-2a67-4c52-8d6b-135e0ada76a5" storage="TestAssembly.dll">
      <Execution id="c98091ef-c843-4971-bb95-a14fd2e70d9e" />
      <TestMethod codeBase="TestAssembly.dll" className="TestNamespace.TestClass9" name="Test6583" />
    </UnitTest>
    <UnitTest name="Test6584" id="1ffd45a2-23ad-40e2-997c-9a1ccb0856d2" storage="TestAssembly.dll">
      <Execution id="45eac173-c3e6-4c40-b31d-ab15ba29ddc0" />
      <TestMethod codeBase="TestAssembly.dll" className="TestNamespace.TestClass9" name="Test6584" />
    </UnitTest>
    <UnitTest name="Test6585" id="9fa129fb-a3f3-4a2a-8ecb-06ff24e2286d" storage="TestAssembly.dll">
      <Execution id="faf4dbfa-f836-4fb3-bda4-7b8a7c99f097" />
      <TestMethod codeBase="TestAssembly.dll" className="TestNamespace.TestClass9" name="Test6585" />
    </UnitTest>
    <UnitTest name="Test6586" id="611867a0-695c-4c30-abb0-7d93d2cde679" storage="TestAssembly.dll">
      <Execution id="a2207c43-e000-400b-b921-acfd756d154c" />
      <TestMethod codeBase="TestAssembly.dll" className="TestNamespace.TestClass9" name="Test6586" />
    </UnitTest>
    <UnitTest name="Test6587" id="67491df8-074d-4cf7-9d90-2954f163c659" storage="TestAssembly.dll">
      <Execution id="8ec8d694-65a2-48d9-8192-0ec976da5417" />
      <TestMethod codeBase="TestAssembly.dll" className="TestNamespace.TestClass9" name="Test6587" />
    </UnitTest>
    <UnitTest name="Test6588" id="d62cc51a-912e-4cfa-8b54-6c6c012e1ad0" storage="TestAssembly.dll">
      <Execution id="c0e04a6f-f12f-45ec-bce7-a2d1866245a4" />
      <TestMethod codeBase="TestAssembly.dll" className="TestNamespace.TestClass9" name="Test6588" />
    </UnitTest>
    <UnitTest name="Test6589" id="d987b31d-e65f-4eef-ae6e-55683283f4b0" storage="TestAssembly.dll">
      <Execution id="79e4116e-e2a1-438e-bdcb-4d085180a4fc" />
      <TestMethod codeBase="TestAssembly.dll" className="TestNamespace.TestClass9" name="Test6589" />
    </UnitTest>
    <UnitTest name="Test6590" id="d1a062cf-ff16-4be2-a935-92ba7567d2a8" storage="TestAssembly.dll">
      <Execution id="1d6e9bc7-46cb-4a50-b59c-fe637cc6db79" />
      <TestMethod codeBase="TestAssembly.dll" className="TestNamespace.TestClass9" name="Test6590" />
    </UnitTest>
    <UnitTest name="Test6591" id="bc778fcd-a07c-4465-b501-6c775a7afb83" storage="TestAssembly.dll">
      <Execution id="d513aaa5-bb5a-4e89-b521-559f3c546f9c" />
      <TestMethod codeBase="TestAssembly.dll" className="TestNamespace.TestClass10" name="Test6591" />
    </UnitTest>
    <UnitTest name="Test6592" id="50be207c-9972-489d-9be6-6fe07672bc31" storage="TestAssembly.dll">
      <Execution id="747b9f08-743d-4ef9-a4d2-83aad4ac2973" />
      <TestMethod codeBase="TestAssembly.dll" className="TestNamespace.TestClass10" name="Test6592" />
    </UnitTest>
    <UnitTest name="Test6593" id="6c2c7220-65ca-47ae-8f9a-bcac5d716f48" storage="TestAssembly.dll">
      <Execution id="98b952ed-c4f1-4541-a2a3-7b9d2a56a6a1" />
      <TestMethod codeBase="TestAssembly.dll" className="TestNamespace.TestClass10" name="Test6593" />
    </UnitTest>
    <UnitTest name="Test6594" id="20f8a041-c1a6-4da8-88af-7019e8eccd05" storage="TestAssembly.dll">
      <Execution id="bbdbe0a3-0b10-4133-96e8-08c769049a44" />
      <TestMethod codeBase="TestAssembly.dll" className="TestNamespace.TestClass10" name="Test6594" />
    </UnitTest>
    <UnitTest name="Test6595" id="054c9fa1-f2f2-4f4d-bd3c-99dd91c66646" storage="TestAssembly.dll">
      <Execution id="5252a455-eb79-41cd-9974-f3d1b3cdc671" />
      <TestMethod codeBase="TestAssembly.dll" className="TestNamespace.TestClass10" name="Test6595" />
    </UnitTest>
    <UnitTest name="Test6596" id="ba026521-2c91-427a-b0a6-aa68caa5eaf1" storage="TestAssembly.dll">
      <Execution id="d7585494-8f6c-460a-ae26-8f4a1544618f" />
      <TestMethod codeBase="TestAssembly.dll" className="TestNamespace.TestClass10" name="Test6596" />
    </UnitTest>
    <UnitTest name="Test6597" id="f1dea702-2853-4e2f-9942-7933138034f2" storage="TestAssembly.dll">
      <Execution id="39afaf54-6bd3-4d9b-bad0-b31d5693efe2" />
      <TestMethod codeBase="TestAssembly.dll" className="TestNamespace.TestClass10" name="Test6597" />
    </UnitTest>
    <UnitTest name="Test6598" id="78794a11-cda0-492e-a706-b14410a3bff0" storage="TestAssembly.dll">
      <Execution id="b1ad509f-d7f5-45f3-a872-0d73439343bc" />
      <TestMethod codeBase="TestAssembly.dll" className="TestNamespace.TestClass10" name="Test6598" />
    </UnitTest>
    <UnitTest name="Test6599" id="fa028e91-af82-4bf2-b637-655da340220e" storage="TestAssembly.dll">
      <Execution id="7abf1e2a-e9ec-48ac-a647-b1d1641188c9" />
      <TestMethod codeBase="TestAssembly.dll" className="TestNamespace.TestClass10" name="Test6599" />
    </UnitTest>
    <UnitTest name="Test6600" id="31130c92-0ae8-46fc-9369-20ebee401fc8" storage="TestAssembly.dll">
      <Execution id="2fae509d-8454-4e79-92b4-684cadc9c492" />
      <TestMethod codeBase="TestAssembly.dll" className="TestNamespace.TestClass10" name="Test6600" />
    </UnitTest>
  </TestDefinitions>
  <TestEntries>
    <TestEntry testId="85dc1f00-5d0e-4c5c-8a8f-650356d7152c" executionId="7a70d8ad-b180-4b97-86dc-1c64f61feafc" testListId="c1affe38-e78d-4ce6-883a-05ecc9ca790a" />
    <TestEntry testId="591b06a2-035e-4b42-b36f-29eabb794148" executionId="94bfdc23-c3ca-4ad1-8958-d5306fec52a7" testListId="c1affe38-e78d-4ce6-883a-05ecc9ca790a" />
    <TestEntry testId="142600fb-5545-4be5-b254-dbfee15e40b0" executionId="837ad74a-a23d-463b-b5ed-375a85e71b28" testListId="c1affe38-e78d-4ce6-883a-05ecc9ca790a" />
    <TestEntry testId="c03db75a-6eac-4a7e-8685-efc7f57db1fe" executionId="2a13aa9b-8caf-4b86-aa93-2395fc42bd2e" testListId="c1affe38-e78d-4ce6-883a-05ecc9ca790a" />
    <TestEntry testId="40bdd85a-bcdd-4a98-b3f3-59fd8240ce9d" executionId="5f8e06ee-beed-42d2-b731-abfce1b0a5ec" testListId="c1affe38-e78d-4ce6-883a-05ecc9ca790a" />
    <TestEntry testId="2ce3610b-6db7-4d4d-9fce-9a897db631a1" executionId="93b5a390-b141-4680-884a-59fc692dfc5c" testListId="c1affe38-e78d-4ce6-883a-05ecc9ca790a" />
    <TestEntry testId="23d7075a-a913-4f08-91d4-6fe50ae3a938" executionId="36e78938-abb4-4dbe-8e6f-a6cf81705c8d" testListId="c1affe38-e78d-4ce6-883a-05ecc9ca790a" />
    <TestEntry testId="2c3e8642-7901-45ef-9f80-9510899eb0e4" executionId="94204d8d-2abb-450b-91c1-9f3c18c88947" testListId="c1affe38-e78d-4ce6-883a-05ecc9ca790a" />
    <TestEntry testId="15f787c1-bd62-426f-a498-a715893a6932" executionId="549cad7e-3359-44b0-b797-e4b1221ece1d" testListId="c1affe38-e78d-4ce6-883a-05ecc9ca790a" />
    <TestEntry testId="bd155efd-f68a-47cf-aff5-11c6819f9673" executionId="dbb68858-126e-49da-9d79-9e55bf95afc0" testListId="c1affe38-e78d-4ce6-883a-05ecc9ca790a" />
    <TestEntry testId="3cc05ac5-37bc-4d20-ad64-b106367d32ec" executionId="b134e6db-dc3a-4aff-996a-cdab13848575" testListId="c1affe38-e78d-4ce6-883a-05ecc9ca790a" />
    <TestEntry testId="3ccc54d8-f2ac-44ba-9730-d48fd59526c7" executionId="6e38950a-2f3f-42fc-9176-00013f0b8186" testListId="c1affe38-e78d-4ce6-883a-05ecc9ca790a" />
    <TestEntry testId="4f4dde67-1192-4383-8139-88b73066216a" executionId="f641d9f1-1fe3-4464-81fc-c5c0f5279828" testListId="c1affe38-e78d-4ce6-883a-05ecc9ca790a" />
    <TestEntry testId="086d920e-87da-4f4b-a0d8-833c40f30c7e" executionId="59315c02-3291-434e-9c98-ff51ca89f5b9" testListId="c1affe38-e78d-4ce6-883a-05ecc9ca790a" />
    <TestEntry testId="2b10d1a2-82b7-4a50-832d-cee7c747c03a" executionId="86809a15-5811-4264-ac25-a76d1caff86b" testListId="c1affe38-e78d-4ce6-883a-05ecc9ca790a" />
    <TestEntry testId="7e2ac8d2-d020-46bb-938d-d0d3b17377e4" executionId="3f8e8c5b-4e16-45f2-9195-e6aea1eb0590" testListId="c1affe38-e78d-4ce6-883a-05ecc9ca790a" />
    <TestEntry testId="d1dde8b4-86cf-4be8-bf83-2564c161ca5f" executionId="260c6b26-e733-423c-a570-3fbd2b25308d" testListId="c1affe38-e78d-4ce6-883a-05ecc9ca790a" />
    <TestEntry testId="3588bcb1-c85d-436d-9492-a4ca3dd41324" executionId="f70c7096-8d3a-4442-a8df-6d47e2b746a4" testListId="c1affe38-e78d-4ce6-883a-05ecc9ca790a" />
    <TestEntry testId="d1ae834f-8ebd-4780-920a-e8a478ec6c65" executionId="19e13ea8-c8ee-47a7-9b27-f6b54e8e1f46" testListId="c1affe38-e78d-4ce6-883a-05ecc9ca790a" />
    <TestEntry testId="8bc9c4a1-0afb-4ae0-b600-a57013ab6ec7" executionId="bd3a1b10-3484-4b1a-9a58-bef436a11e8b" testListId="c1affe38-e78d-4ce6-883a-05ecc9ca790a" />
    <TestEntry testId="5b1ea841-0632-475c-a67b-dbcbce9b99a6" executionId="c8ddc94d-845f-4263-9b9c-e1893f126fd3" testListId="c1affe38-e78d-4ce6-883a-05ecc9ca790a" />
    <TestEntry testId="a4eff702-1a09-4dd6-b0af-914572bfd603" executionId="22d64e76-646a-48f5-983c-347a390de5a7" testListId="c1affe38-e78d-4ce6-883a-05ecc9ca790a" />
    <TestEntry testId="66d084b8-8e7f-44e6-a481-1930d9735bb9" executionId="ff836ff2-1dd3-4ee2-ad70-b80973cc8d29" testListId="c1affe38-e78d-4ce6-883a-05ecc9ca790a" />
    <TestEntry testId="2e32d8a9-983e-45c8-871d-b1b747e73fea" executionId="c236aa40-d20a-4175-bc0a-a6c2f76bc6ad" testListId="c1affe38-e78d-4ce6-883a-05ecc9ca790a" />
    <TestEntry testId="a9dc3497-e214-471b-ad65-c1a9b7ae6701" executionId="19a2f5d1-04fb-4f69-b218-ee51896dc853" testListId="c1affe38-e78d-4ce6-883a-05ecc9ca790a" />
    <TestEntry testId="d5404331-64fa-4d6c-9cc4-c7dd02c7cae4" executionId="6035a854-e9f2-4fb6-8778-ac0e86ba37ed" testListId="c1affe38-e78d-4ce6-883a-05ecc9ca790a" />
    <TestEntry testId="093d06be-9f48-4ff7-a017-1916ebd30c2b" executionId="9185ebde-0cb0-4218-91a3-b8a3f8ba501c" testListId="c1affe38-e78d-4ce6-883a-05ecc9ca790a" />
    <TestEntry testId="b891dd74-5028-4873-a72e-53ecf3b66712" executionId="6571bfe5-3b20-4224-aae9-ebeb62de92db" testListId="c1affe38-e78d-4ce6-883a-05ecc9ca790a" />
    <TestEntry testId="7b646efb-1b00-4cdf-b2d5-c5ba9f53d958" executionId="952d46d8-094b-4883-9b76-e332c21afcb9" testListId="c1affe38-e78d-4ce6-883a-05ecc9ca790a" />
    <TestEntry testId="20508189-bfbb-4a9f-89d4-a3be52a64114" executionId="b31cfe22-96ed-463b-82a9-f6764c11b045" testListId="c1affe38-e78d-4ce6-883a-05ecc9ca790a" />
    <TestEntry testId="064779bb-edb0-4a72-9910-9378dc20ca81" executionId="99b33c73-0859-4349-a97a-b4640f2c63f4" testListId="c1affe38-e78d-4ce6-883a-05ecc9ca790a" />
    <TestEntry testId="e972b0c8-a1a2-414e-a9b5-63364d0f4de2" executionId="03c863de-22c3-46d6-9da4-a17f3b6a7594" testListId="c1affe38-e78d-4ce6-883a-05ecc9ca790a" />
    <TestEntry testId="bd8aab0e-d6cf-46e2-b638-65b397dfb8f5" executionId="cd31cc51-c78f-41cf-a21d-32f5847c1c1e" testListId="c1affe38-e78d-4ce6-883a-05ecc9ca790a" />
    <TestEntry testId="b4eea58e-7f75-43a7-8700-167bda7587fa" executionId="15413967-ac58-47f4-a48f-953863892863" testListId="c1affe38-e78d-4ce6-883a-05ecc9ca790a" />
    <TestEntry testId="6303ad49-f881-4062-91e1-b02d2ad6767a" executionId="5e1cfc83-7a6f-484b-857c-a8470a9767d7" testListId="c1affe38-e78d-4ce6-883a-05ecc9ca790a" />
    <TestEntry testId="22a880a4-be48-4d6a-b415-a3fbebcc8ddd" executionId="f8780119-6fab-4d67-ac8e-92b15d208897" testListId="c1affe38-e78d-4ce6-883a-05ecc9ca790a" />
    <TestEntry testId="68f061ad-7dc4-4ada-acbd-d33acbfb3549" executionId="968d0e4b-5d30-404d-bb3f-29c53d484721" testListId="c1affe38-e78d-4ce6-883a-05ecc9ca790a" />
    <TestEntry testId="d9bae7b7-f3a4-456e-ae71-82158c58c303" executionId="36af8ae4-499d-4d23-802d-ef339e7b8383" testListId="c1affe38-e78d-4ce6-883a-05ecc9ca790a" />
    <TestEntry testId="f263a25e-6646-41af-8530-887aae1c6366" executionId="9c5da3df-04c2-4c15-879f-afe5afe098f3" testListId="c1affe38-e78d-4ce6-883a-05ecc9ca790a" />
    <TestEntry testId="1c15f3a5-6989-4d01-8e09-f69852099a9b" executionId="f8233c96-0d0d-4a70-82fb-e65d75c360a6" testListId="c1affe38-e78d-4ce6-883a-05ecc9ca790a" />
    <TestEntry testId="e4aadbd6-4449-40bb-a992-d19daaba2e43" executionId="0a2357a8-c2ed-4c49-be57-61b1b1dd94d3" testListId="c1affe38-e78d-4ce6-883a-05ecc9ca790a" />
    <TestEntry testId="b7c6c42e-e7e5-49dd-82b6-0550271a08f4" executionId="9158ad17-7f67-4e7e-9bfd-8df08355ff1d" testListId="c1affe38-e78d-4ce6-883a-05ecc9ca790a" />
    <TestEntry testId="499ff7f9-7958-4e95-a248-58cc4ea21c1d" executionId="aac1f78c-74e1-4431-86d3-335b6b0f2ce7" testListId="c1affe38-e78d-4ce6-883a-05ecc9ca790a" />
    <TestEntry testId="e0938637-8f5d-48d3-a3b5-720a1c833cc3" executionId="3628f710-98a1-48e9-9a97-077e1d7ce948" testListId="c1affe38-e78d-4ce6-883a-05ecc9ca790a" />
    <TestEntry testId="1676f3ac-746f-43d1-8496-ead8934a6fea" executionId="82f0277b-bdb0-4287-b648-c9a89ec99723" testListId="c1affe38-e78d-4ce6-883a-05ecc9ca790a" />
    <TestEntry testId="11cbafa0-6eec-4837-b620-cf65da62937e" executionId="6d057af5-2952-43f3-a229-d3f30881a03b" testListId="c1affe38-e78d-4ce6-883a-05ecc9ca790a" />
    <TestEntry testId="1614f232-e6a0-41f6-ada2-8fd4196ae357" executionId="9182b3dc-a014-485d-a694-8499fda7b90b" testListId="c1affe38-e78d-4ce6-883a-05ecc9ca790a" />
    <TestEntry testId="81099af2-cc8a-4b5e-9f9b-90e4f80d08a4" executionId="becc316e-68b3-4091-9de9-0da5c20f901d" testListId="c1affe38-e78d-4ce6-883a-05ecc9ca790a" />
    <TestEntry testId="dfb11d39-90c8-4877-b860-6b6f8f45f598" executionId="6f17a75f-599f-407b-8e19-61e023b55131" testListId="c1affe38-e78d-4ce6-883a-05ecc9ca790a" />
    <TestEntry testId="2028db35-0f4b-443b-bbe7-2b6ae4127cfa" executionId="5bf97848-463c-4d15-a24c-8109cc11d4f0" testListId="c1affe38-e78d-4ce6-883a-05ecc9ca790a" />
    <TestEntry testId="46cd2103-600b-4673-9a20-d691344d64c7" executionId="05277932-b048-4d85-883b-4208a7162c0a" testListId="c1affe38-e78d-4ce6-883a-05ecc9ca790a" />
    <TestEntry testId="6a6ccff7-e926-4540-8b20-cdd70a94f5e2" executionId="8844efb1-55d6-4fa0-ad48-40a695c61ed3" testListId="c1affe38-e78d-4ce6-883a-05ecc9ca790a" />
    <TestEntry testId="a9275285-a339-44f5-9d16-70ed14018a56" executionId="057cfa56-8aed-4d70-bfc2-0fd94a241f44" testListId="c1affe38-e78d-4ce6-883a-05ecc9ca790a" />
    <TestEntry testId="27990b19-6b24-4168-88fe-4cff7cd1490f" executionId="c23f2879-9399-4f88-a2e4-303622b9ede4" testListId="c1affe38-e78d-4ce6-883a-05ecc9ca790a" />
    <TestEntry testId="8570b777-fd5d-4fa1-8687-baeb057d1f5d" executionId="9973e4cd-c50e-48e3-8a0c-ecb4440b1f46" testListId="c1affe38-e78d-4ce6-883a-05ecc9ca790a" />
    <TestEntry testId="82c71232-4386-4648-8080-8234f9726ade" executionId="961ac1f5-97cc-496a-a9bb-69958dc631cc" testListId="c1affe38-e78d-4ce6-883a-05ecc9ca790a" />
    <TestEntry testId="88844fcb-0654-45a3-afbd-457043a0819b" executionId="82e6a832-eb2f-452a-8e3b-13a2742049dc" testListId="c1affe38-e78d-4ce6-883a-05ecc9ca790a" />
    <TestEntry testId="9dd399c7-2289-41a5-8728-c3d654548be5" executionId="84d37f29-c003-43ce-8b7b-5b2cf8f38880" testListId="c1affe38-e78d-4ce6-883a-05ecc9ca790a" />
    <TestEntry testId="8e566121-286a-43ca-a722-aff8e51bd9cd" executionId="22af1b78-1fb9-4079-aac9-267972b0ae85" testListId="c1affe38-e78d-4ce6-883a-05ecc9ca790a" />
    <TestEntry testId="644bb218-08e2-4337-9d43-a2840f89d4eb" executionId="0d79f367-41ac-4256-90c7-ab8a6966dab2" testListId="c1affe38-e78d-4ce6-883a-05ecc9ca790a" />
    <TestEntry testId="0f06e301-f55d-465b-ab4d-027c8a6885fe" executionId="d70139c1-4d29-4948-9aba-bfdfcbdabcdc" testListId="c1affe38-e78d-4ce6-883a-05ecc9ca790a" />
    <TestEntry testId="2553bd04-635f-4cc7-b20e-f209cbf9427a" executionId="289d02f8-92e2-4267-a293-dcf77359685d" testListId="c1affe38-e78d-4ce6-883a-05ecc9ca790a" />
    <TestEntry testId="e6c6699f-9bf0-48df-ba40-dabeca788cd4" executionId="56c9fe0f-8f74-498e-9ac1-7af167950f07" testListId="c1affe38-e78d-4ce6-883a-05ecc9ca790a" />
    <TestEntry testId="e84a5679-4958-4d30-a232-feb7c799da00" executionId="c499e25f-80ad-48be-85d2-bad0d902efee" testListId="c1affe38-e78d-4ce6-883a-05ecc9ca790a" />
    <TestEntry testId="04ad83df-7c78-40cd-b39e-12b9727e15f2" executionId="851c2da0-c01e-4f64-8d3a-e311e0f68c53" testListId="c1affe38-e78d-4ce6-883a-05ecc9ca790a" />
    <TestEntry testId="cb1c9f6e-1939-45d0-83b1-9acdde2f2b46" executionId="bfb2a3c6-e379-4851-94a2-a983b07e2358" testListId="c1affe38-e78d-4ce6-883a-05ecc9ca790a" />
    <TestEntry testId="a886186f-5d56-4981-a831-7df7ce148e56" executionId="f0834ea2-0efd-45de-83bb-8fd274b56bee" testListId="c1affe38-e78d-4ce6-883a-05ecc9ca790a" />
    <TestEntry testId="6c7b763c-0587-40f5-b56f-08b96c6c9332" executionId="24f1ce16-c9ee-4413-81bf-b68cf29bfc22" testListId="c1affe38-e78d-4ce6-883a-05ecc9ca790a" />
    <TestEntry testId="d9684d2d-8847-4df3-baff-34a3f2dbb507" executionId="4b83cda9-4ef5-460e-aa80-8a3d2b58b033" testListId="c1affe38-e78d-4ce6-883a-05ecc9ca790a" />
    <TestEntry testId="ad0fd456-be04-4842-88fa-86708dafc61b" executionId="bd0cd8c0-bafd-4270-9ad0-488cfee56336" testListId="c1affe38-e78d-4ce6-883a-05ecc9ca790a" />
    <TestEntry testId="20b5bbd6-5201-400f-b9eb-45caf7981386" executionId="d0791259-16ba-4bdb-a273-c9d47f48c8b1" testListId="c1affe38-e78d-4ce6-883a-05ecc9ca790a" />
    <TestEntry testId="f04f4ce7-7acf-45b9-8b50-02d5d981fd4f" executionId="8a8a4bb2-99e7-4b8f-b6c4-5f5c6d195812" testListId="c1affe38-e78d-4ce6-883a-05ecc9ca790a" />
    <TestEntry testId="5cb8cd6e-6191-41c5-a280-2ca805e4ad34" executionId="70a5c351-0f36-4bca-b948-c58cfb4396b9" testListId="c1affe38-e78d-4ce6-883a-05ecc9ca790a" />
    <TestEntry testId="01c412c6-bd9d-4d74-8f6d-c2c2df0b8c2e" executionId="0f7b1853-9c4c-4af3-9320-9e29e950af51" testListId="c1affe38-e78d-4ce6-883a-05ecc9ca790a" />
    <TestEntry testId="89b2779b-6570-4766-9a13-fb94e28939c4" executionId="c46a756a-340f-4f37-ac5f-ca6b96fc18ca" testListId="c1affe38-e78d-4ce6-883a-05ecc9ca790a" />
    <TestEntry testId="9a00600f-26f2-49a8-901d-7a8e2be90e2e" executionId="b448d808-059e-4277-900b-53756abf65b0" testListId="c1affe38-e78d-4ce6-883a-05ecc9ca790a" />
    <TestEntry testId="0d53203a-43d1-4498-9736-c165c5e8455b" executionId="752dd3b1-da21-44fc-ae91-2bd1520e19a3" testListId="c1affe38-e78d-4ce6-883a-05ecc9ca790a" />
    <TestEntry testId="f723295a-7132-4be2-8758-73f20c697820" executionId="d16c9761-cc65-4fdd-a727-644e37564609" testListId="c1affe38-e78d-4ce6-883a-05ecc9ca790a" />
    <TestEntry testId="b23b159b-f83a-484b-a275-5f936798a086" executionId="0cd429b3-f316-4870-be4a-220f40b2a2f8" testListId="c1affe38-e78d-4ce6-883a-05ecc9ca790a" />
    <TestEntry testId="307590a5-adf6-47b0-afe8-79aa12309af4" executionId="3e34547a-5b11-404d-921d-851f5e0c85cc" testListId="c1affe38-e78d-4ce6-883a-05ecc9ca790a" />
    <TestEntry testId="fbafd34c-54da-42ba-a038-6e295be2f538" executionId="40c00114-7337-44a6-b206-7a9ab4252fd5" testListId="c1affe38-e78d-4ce6-883a-05ecc9ca790a" />
    <TestEntry testId="82e517bb-0a68-4065-a035-db8a917325ac" executionId="c28b8ba8-2b85-49c0-a5a9-f5450eaf58aa" testListId="c1affe38-e78d-4ce6-883a-05ecc9ca790a" />
    <TestEntry testId="43d1e52c-2a67-4c52-8d6b-135e0ada76a5" executionId="c98091ef-c843-4971-bb95-a14fd2e70d9e" testListId="c1affe38-e78d-4ce6-883a-05ecc9ca790a" />
    <TestEntry testId="1ffd45a2-23ad-40e2-997c-9a1ccb0856d2" executionId="45eac173-c3e6-4c40-b31d-ab15ba29ddc0" testListId="c1affe38-e78d-4ce6-883a-05ecc9ca790a" />
    <TestEntry testId="9fa129fb-a3f3-4a2a-8ecb-06ff24e2286d" executionId="faf4dbfa-f836-4fb3-bda4-7b8a7c99f097" testListId="c1affe38-e78d-4ce6-883a-05ecc9ca790a" />
    <TestEntry testId="611867a0-695c-4c30-abb0-7d93d2cde679" executionId="a2207c43-e000-400b-b921-acfd756d154c" testListId="c1affe38-e78d-4ce6-883a-05ecc9ca790a" />
    <TestEntry testId="67491df8-074d-4cf7-9d90-2954f163c659" executionId="8ec8d694-65a2-48d9-8192-0ec976da5417" testListId="c1affe38-e78d-4ce6-883a-05ecc9ca790a" />
    <TestEntry testId="d62cc51a-912e-4cfa-8b54-6c6c012e1ad0" executionId="c0e04a6f-f12f-45ec-bce7-a2d1866245a4" testListId="c1affe38-e78d-4ce6-883a-05ecc9ca790a" />
    <TestEntry testId="d987b31d-e65f-4eef-ae6e-55683283f4b0" executionId="79e4116e-e2a1-438e-bdcb-4d085180a4fc" testListId="c1affe38-e78d-4ce6-883a-05ecc9ca790a" />
    <TestEntry testId="d1a062cf-ff16-4be2-a935-92ba7567d2a8" executionId="1d6e9bc7-46cb-4a50-b59c-fe637cc6db79" testListId="c1affe38-e78d-4ce6-883a-05ecc9ca790a" />
    <TestEntry testId="bc778fcd-a07c-4465-b501-6c775a7afb83" executionId="d513aaa5-bb5a-4e89-b521-559f3c546f9c" testListId="c1affe38-e78d-4ce6-883a-05ecc9ca790a" />
    <TestEntry testId="50be207c-9972-489d-9be6-6fe07672bc31" executionId="747b9f08-743d-4ef9-a4d2-83aad4ac2973" testListId="c1affe38-e78d-4ce6-883a-05ecc9ca790a" />
    <TestEntry testId="6c2c7220-65ca-47ae-8f9a-bcac5d716f48" executionId="98b952ed-c4f1-4541-a2a3-7b9d2a56a6a1" testListId="c1affe38-e78d-4ce6-883a-05ecc9ca790a" />
    <TestEntry testId="20f8a041-c1a6-4da8-88af-7019e8eccd05" executionId="bbdbe0a3-0b10-4133-96e8-08c769049a44" testListId="c1affe38-e78d-4ce6-883a-05ecc9ca790a" />
    <TestEntry testId="054c9fa1-f2f2-4f4d-bd3c-99dd91c66646" executionId="5252a455-eb79-41cd-9974-f3d1b3cdc671" testListId="c1affe38-e78d-4ce6-883a-05ecc9ca790a" />
    <TestEntry testId="ba026521-2c91-427a-b0a6-aa68caa5eaf1" executionId="d7585494-8f6c-460a-ae26-8f4a1544618f" testListId="c1affe38-e78d-4ce6-883a-05ecc9ca790a" />
    <TestEntry testId="f1dea702-2853-4e2f-9942-7933138034f2" executionId="39afaf54-6bd3-4d9b-bad0-b31d5693efe2" testListId="c1affe38-e78d-4ce6-883a-05ecc9ca790a" />
    <TestEntry testId="78794a11-cda0-492e-a706-b14410a3bff0" executionId="b1ad509f-d7f5-45f3-a872-0d73439343bc" testListId="c1affe38-e78d-4ce6-883a-05ecc9ca790a" />
    <TestEntry testId="fa028e91-af82-4bf2-b637-655da340220e" executionId="7abf1e2a-e9ec-48ac-a647-b1d1641188c9" testListId="c1affe38-e78d-4ce6-883a-05ecc9ca790a" />
    <TestEntry testId="31130c92-0ae8-46fc-9369-20ebee401fc8" executionId="2fae509d-8454-4e79-92b4-684cadc9c492" testListId="c1affe38-e78d-4ce6-883a-05ecc9ca790a" />
  </TestEntries>
  <TestLists>
    <TestList name="Results Not in a List" id="c1affe38-e78d-4ce6-883a-05ecc9ca790a" />
    <TestList name="All Loaded Results" id="07e3d088-8849-4f51-8baa-ad1cc7e86468" />
  </TestLists>
</TestRun>