<?xml version="1.0" encoding="UTF-8"?>
<TestRun id="d0ec6285-a158-40ef-a13e-9872f6b29843" name="Test Run 92" runUser="Oles Galatsan" xmlns="http://microsoft.com/schemas/VisualStudio/TeamTest/2010">
  <Times creation="2025-05-14T13:20:31.3125482Z" queuing="2025-05-14T13:20:31.3125482Z" start="2025-05-14T13:20:31.3146610Z" finish="2025-05-14T13:25:31.3147553Z" />
  <TestSettings name="Test Settings 92" id="fd4eafa6-1de2-4dee-9daa-6f59cc1c329d" />
  <Results>
    <UnitTestResult executionId="dcbb476d-3d6b-4a62-a5f4-1600ec474955" testId="05b7bb97-0d57-4f0e-a859-b8b4d51b102c" testName="Test9101" computerName="UA-LPT-OGA2" duration="00:00:00.4790000" startTime="2025-05-14T13:20:31.3146610Z" endTime="2025-05-14T13:25:31.3147553Z" testType="13cdc9d9-ddb5-4fa4-a97d-d965ccfc6d4b" outcome="Failed" testListId="8fdc9b45-31c5-4be8-9aa1-158b352e44c9">
      <Output>
        <ErrorInfo>
          <Message>Assertion failed: Expected value did not match actual value.</Message>
          <StackTrace>   at TestNamespace.TestClass.Test() in TestClass.cs:line 157</StackTrace>
        </ErrorInfo>
      </Output>
    </UnitTestResult>
    <UnitTestResult executionId="f7ed6c04-982e-4887-aaa8-ea64a1290079" testId="c7609090-0090-40be-b459-3c6755153d51" testName="Test9102" computerName="UA-LPT-OGA2" duration="00:00:00.5280000" startTime="2025-05-14T13:20:31.3146610Z" endTime="2025-05-14T13:25:31.3147553Z" testType="13cdc9d9-ddb5-4fa4-a97d-d965ccfc6d4b" outcome="Passed" testListId="8fdc9b45-31c5-4be8-9aa1-158b352e44c9" />
    <UnitTestResult executionId="22b03a1c-9c73-4a49-9d0d-173a2693ca9e" testId="978115e0-0b32-4fc3-8116-ea998daf54a8" testName="Test9103" computerName="UA-LPT-OGA2" duration="00:00:00.0370000" startTime="2025-05-14T13:20:31.3146610Z" endTime="2025-05-14T13:25:31.3147553Z" testType="13cdc9d9-ddb5-4fa4-a97d-d965ccfc6d4b" outcome="Passed" testListId="8fdc9b45-31c5-4be8-9aa1-158b352e44c9" />
    <UnitTestResult executionId="f16a6abe-6834-46fc-8508-2af3bcab5c1e" testId="0dba9a56-506e-4bbf-bee3-a8de2ba2da7a" testName="Test9104" computerName="UA-LPT-OGA2" duration="00:00:01.5720000" startTime="2025-05-14T13:20:31.3146610Z" endTime="2025-05-14T13:25:31.3147553Z" testType="13cdc9d9-ddb5-4fa4-a97d-d965ccfc6d4b" outcome="Failed" testListId="8fdc9b45-31c5-4be8-9aa1-158b352e44c9">
      <Output>
        <ErrorInfo>
          <Message>Assertion failed: Expected value did not match actual value.</Message>
          <StackTrace>   at TestNamespace.TestClass.Test() in TestClass.cs:line 385</StackTrace>
        </ErrorInfo>
      </Output>
    </UnitTestResult>
    <UnitTestResult executionId="4cfcac93-163b-4c81-bdf4-3021fc885bb2" testId="4a05b39d-1942-44a5-9231-9297cc40e871" testName="Test9105" computerName="UA-LPT-OGA2" duration="00:00:00.8690000" startTime="2025-05-14T13:20:31.3146610Z" endTime="2025-05-14T13:25:31.3147553Z" testType="13cdc9d9-ddb5-4fa4-a97d-d965ccfc6d4b" outcome="Passed" testListId="8fdc9b45-31c5-4be8-9aa1-158b352e44c9" />
    <UnitTestResult executionId="e02c3b47-5409-42e3-ad2e-63c3e0bd6a92" testId="ea4a440f-5b7f-4fc9-87ea-e4276098bbd4" testName="Test9106" computerName="UA-LPT-OGA2" duration="00:00:01.5830000" startTime="2025-05-14T13:20:31.3146610Z" endTime="2025-05-14T13:25:31.3147553Z" testType="13cdc9d9-ddb5-4fa4-a97d-d965ccfc6d4b" outcome="Passed" testListId="8fdc9b45-31c5-4be8-9aa1-158b352e44c9" />
    <UnitTestResult executionId="f1b8ebe3-3889-449f-b219-3b3cc205e172" testId="e11cceb5-292e-4814-a3cb-31772b1d2677" testName="Test9107" computerName="UA-LPT-OGA2" duration="00:00:00.2050000" startTime="2025-05-14T13:20:31.3146610Z" endTime="2025-05-14T13:25:31.3147553Z" testType="13cdc9d9-ddb5-4fa4-a97d-d965ccfc6d4b" outcome="Passed" testListId="8fdc9b45-31c5-4be8-9aa1-158b352e44c9" />
    <UnitTestResult executionId="e9a688ff-b533-4972-9de8-86196496b47f" testId="b1ce68ce-f60a-4ae1-8881-9477961907f8" testName="Test9108" computerName="UA-LPT-OGA2" duration="00:00:01.5160000" startTime="2025-05-14T13:20:31.3146610Z" endTime="2025-05-14T13:25:31.3147553Z" testType="13cdc9d9-ddb5-4fa4-a97d-d965ccfc6d4b" outcome="Passed" testListId="8fdc9b45-31c5-4be8-9aa1-158b352e44c9" />
    <UnitTestResult executionId="c6c4ce0c-8786-44c8-91a6-779edeca2e60" testId="a741ac07-1b29-4531-9fd5-9ad3aa1a59a6" testName="Test9109" computerName="UA-LPT-OGA2" duration="00:00:01.2570000" startTime="2025-05-14T13:20:31.3146610Z" endTime="2025-05-14T13:25:31.3147553Z" testType="13cdc9d9-ddb5-4fa4-a97d-d965ccfc6d4b" outcome="Passed" testListId="8fdc9b45-31c5-4be8-9aa1-158b352e44c9" />
    <UnitTestResult executionId="bb66bec0-2dad-4260-9cd3-d49e4d1d7f3f" testId="214422e2-ab49-4a34-8ae2-70470b29b63b" testName="Test9110" computerName="UA-LPT-OGA2" duration="00:00:00.6870000" startTime="2025-05-14T13:20:31.3146610Z" endTime="2025-05-14T13:25:31.3147553Z" testType="13cdc9d9-ddb5-4fa4-a97d-d965ccfc6d4b" outcome="Passed" testListId="8fdc9b45-31c5-4be8-9aa1-158b352e44c9" />
    <UnitTestResult executionId="2d67f838-7aa9-49b1-b99f-2c6c9ef218d4" testId="513e8ac9-65b3-48af-855f-397f6cba6f5f" testName="Test9111" computerName="UA-LPT-OGA2" duration="00:00:01.9840000" startTime="2025-05-14T13:20:31.3146610Z" endTime="2025-05-14T13:25:31.3147553Z" testType="13cdc9d9-ddb5-4fa4-a97d-d965ccfc6d4b" outcome="Passed" testListId="8fdc9b45-31c5-4be8-9aa1-158b352e44c9" />
    <UnitTestResult executionId="b82bee48-ca1a-4c0f-99f8-fa6d7c71ae8b" testId="8d491f29-a2ad-486b-862f-2cee56c05886" testName="Test9112" computerName="UA-LPT-OGA2" duration="00:00:00.9860000" startTime="2025-05-14T13:20:31.3146610Z" endTime="2025-05-14T13:25:31.3147553Z" testType="13cdc9d9-ddb5-4fa4-a97d-d965ccfc6d4b" outcome="Passed" testListId="8fdc9b45-31c5-4be8-9aa1-158b352e44c9" />
    <UnitTestResult executionId="0947dc4e-43ef-4a52-9d69-4e6b6b26fbdd" testId="d00704b3-17c1-41f7-baf0-79b70a5013fe" testName="Test9113" computerName="UA-LPT-OGA2" duration="00:00:01.6620000" startTime="2025-05-14T13:20:31.3146610Z" endTime="2025-05-14T13:25:31.3147553Z" testType="13cdc9d9-ddb5-4fa4-a97d-d965ccfc6d4b" outcome="Passed" testListId="8fdc9b45-31c5-4be8-9aa1-158b352e44c9" />
    <UnitTestResult executionId="0227c9d5-d0a0-4f0e-8f5b-8984c085dcd5" testId="5a364dcb-3c5f-4d51-9be7-0a913ef199d4" testName="Test9114" computerName="UA-LPT-OGA2" duration="00:00:01.0030000" startTime="2025-05-14T13:20:31.3146610Z" endTime="2025-05-14T13:25:31.3147553Z" testType="13cdc9d9-ddb5-4fa4-a97d-d965ccfc6d4b" outcome="Passed" testListId="8fdc9b45-31c5-4be8-9aa1-158b352e44c9" />
    <UnitTestResult executionId="92437d60-5957-44e3-9cce-2485ee76f4df" testId="6424ab8b-62ae-4871-b839-ee1a2e9ca494" testName="Test9115" computerName="UA-LPT-OGA2" duration="00:00:00.6100000" startTime="2025-05-14T13:20:31.3146610Z" endTime="2025-05-14T13:25:31.3147553Z" testType="13cdc9d9-ddb5-4fa4-a97d-d965ccfc6d4b" outcome="Passed" testListId="8fdc9b45-31c5-4be8-9aa1-158b352e44c9" />
    <UnitTestResult executionId="f02a7d86-3eb9-44b8-8adb-d0911607d83f" testId="9ef46838-fff2-43de-a7b6-06203b01ecaf" testName="Test9116" computerName="UA-LPT-OGA2" duration="00:00:01.9640000" startTime="2025-05-14T13:20:31.3146610Z" endTime="2025-05-14T13:25:31.3147553Z" testType="13cdc9d9-ddb5-4fa4-a97d-d965ccfc6d4b" outcome="Passed" testListId="8fdc9b45-31c5-4be8-9aa1-158b352e44c9" />
    <UnitTestResult executionId="55670c33-b9fc-42e0-9af0-4cf02b2d31b7" testId="e60de078-9b71-4a2a-8b1e-c524172a419e" testName="Test9117" computerName="UA-LPT-OGA2" duration="00:00:01.6410000" startTime="2025-05-14T13:20:31.3146610Z" endTime="2025-05-14T13:25:31.3147553Z" testType="13cdc9d9-ddb5-4fa4-a97d-d965ccfc6d4b" outcome="Passed" testListId="8fdc9b45-31c5-4be8-9aa1-158b352e44c9" />
    <UnitTestResult executionId="6c400355-6ce3-4a6e-96b1-bc79a3577b68" testId="268924b5-2654-485a-9d19-8e04a4968fbc" testName="Test9118" computerName="UA-LPT-OGA2" duration="00:00:00.6150000" startTime="2025-05-14T13:20:31.3146610Z" endTime="2025-05-14T13:25:31.3147553Z" testType="13cdc9d9-ddb5-4fa4-a97d-d965ccfc6d4b" outcome="Passed" testListId="8fdc9b45-31c5-4be8-9aa1-158b352e44c9" />
    <UnitTestResult executionId="59f16356-12f9-479b-8cee-1650194a41ac" testId="13bf5a93-8528-44a2-9830-24914e80cac0" testName="Test9119" computerName="UA-LPT-OGA2" duration="00:00:00.3510000" startTime="2025-05-14T13:20:31.3146610Z" endTime="2025-05-14T13:25:31.3147553Z" testType="13cdc9d9-ddb5-4fa4-a97d-d965ccfc6d4b" outcome="Passed" testListId="8fdc9b45-31c5-4be8-9aa1-158b352e44c9" />
    <UnitTestResult executionId="2ab1e819-5b5d-4851-90a9-ea5ade9da7d0" testId="d1a30fb2-b1c1-407f-933f-a87f1f332948" testName="Test9120" computerName="UA-LPT-OGA2" duration="00:00:01.2880000" startTime="2025-05-14T13:20:31.3146610Z" endTime="2025-05-14T13:25:31.3147553Z" testType="13cdc9d9-ddb5-4fa4-a97d-d965ccfc6d4b" outcome="Passed" testListId="8fdc9b45-31c5-4be8-9aa1-158b352e44c9" />
    <UnitTestResult executionId="3cd953e9-4c9b-464e-8c58-b4546f691690" testId="93b63b80-cefb-4aca-920d-8bddd2d852ae" testName="Test9121" computerName="UA-LPT-OGA2" duration="00:00:01.8090000" startTime="2025-05-14T13:20:31.3146610Z" endTime="2025-05-14T13:25:31.3147553Z" testType="13cdc9d9-ddb5-4fa4-a97d-d965ccfc6d4b" outcome="Passed" testListId="8fdc9b45-31c5-4be8-9aa1-158b352e44c9" />
    <UnitTestResult executionId="b0ccd2ba-ebb7-421f-a01a-fd8156a0eb8d" testId="7100083e-e4b2-41dc-b6f8-b73064670024" testName="Test9122" computerName="UA-LPT-OGA2" duration="00:00:01.3450000" startTime="2025-05-14T13:20:31.3146610Z" endTime="2025-05-14T13:25:31.3147553Z" testType="13cdc9d9-ddb5-4fa4-a97d-d965ccfc6d4b" outcome="Passed" testListId="8fdc9b45-31c5-4be8-9aa1-158b352e44c9" />
    <UnitTestResult executionId="10903872-9d99-4195-9be1-f650e0f1134e" testId="f473bc3d-2ae9-4608-8084-092002148016" testName="Test9123" computerName="UA-LPT-OGA2" duration="00:00:00.1460000" startTime="2025-05-14T13:20:31.3146610Z" endTime="2025-05-14T13:25:31.3147553Z" testType="13cdc9d9-ddb5-4fa4-a97d-d965ccfc6d4b" outcome="Passed" testListId="8fdc9b45-31c5-4be8-9aa1-158b352e44c9" />
    <UnitTestResult executionId="eb7d952e-2252-45a3-b5af-4a68fb697053" testId="efe4b086-9037-4936-944b-08f252bf1ed1" testName="Test9124" computerName="UA-LPT-OGA2" duration="00:00:00.7630000" startTime="2025-05-14T13:20:31.3146610Z" endTime="2025-05-14T13:25:31.3147553Z" testType="13cdc9d9-ddb5-4fa4-a97d-d965ccfc6d4b" outcome="Passed" testListId="8fdc9b45-31c5-4be8-9aa1-158b352e44c9" />
    <UnitTestResult executionId="ab46771b-d92a-4323-80fb-54c69101b550" testId="1218eaed-ba29-4ac3-9fef-59817bcb78eb" testName="Test9125" computerName="UA-LPT-OGA2" duration="00:00:01.0460000" startTime="2025-05-14T13:20:31.3146610Z" endTime="2025-05-14T13:25:31.3147553Z" testType="13cdc9d9-ddb5-4fa4-a97d-d965ccfc6d4b" outcome="Passed" testListId="8fdc9b45-31c5-4be8-9aa1-158b352e44c9" />
    <UnitTestResult executionId="997d4230-5b76-4834-8956-4e1ef7f0cb23" testId="8b4f96ca-12e0-434f-8654-51253b0c2f38" testName="Test9126" computerName="UA-LPT-OGA2" duration="00:00:00.7440000" startTime="2025-05-14T13:20:31.3146610Z" endTime="2025-05-14T13:25:31.3147553Z" testType="13cdc9d9-ddb5-4fa4-a97d-d965ccfc6d4b" outcome="Passed" testListId="8fdc9b45-31c5-4be8-9aa1-158b352e44c9" />
    <UnitTestResult executionId="fd0fc8ad-3d0b-4406-a1cd-7afdd37b640b" testId="5a52340c-699f-4865-a978-cad07280f983" testName="Test9127" computerName="UA-LPT-OGA2" duration="00:00:01.9590000" startTime="2025-05-14T13:20:31.3146610Z" endTime="2025-05-14T13:25:31.3147553Z" testType="13cdc9d9-ddb5-4fa4-a97d-d965ccfc6d4b" outcome="Passed" testListId="8fdc9b45-31c5-4be8-9aa1-158b352e44c9" />
    <UnitTestResult executionId="3b4351f3-d9c8-4fab-81ef-0503ae7f1a62" testId="b4498c08-c476-4dc1-9211-d20e17f12b39" testName="Test9128" computerName="UA-LPT-OGA2" duration="00:00:01.0830000" startTime="2025-05-14T13:20:31.3146610Z" endTime="2025-05-14T13:25:31.3147553Z" testType="13cdc9d9-ddb5-4fa4-a97d-d965ccfc6d4b" outcome="Passed" testListId="8fdc9b45-31c5-4be8-9aa1-158b352e44c9" />
    <UnitTestResult executionId="0762aa5a-b064-42ad-af66-59c8a4670314" testId="535aa71e-373f-429d-90cb-fb41fd8031aa" testName="Test9129" computerName="UA-LPT-OGA2" duration="00:00:01.2370000" startTime="2025-05-14T13:20:31.3146610Z" endTime="2025-05-14T13:25:31.3147553Z" testType="13cdc9d9-ddb5-4fa4-a97d-d965ccfc6d4b" outcome="Passed" testListId="8fdc9b45-31c5-4be8-9aa1-158b352e44c9" />
    <UnitTestResult executionId="3348f385-f8b4-43b9-ab0e-18344cd85be3" testId="6323173d-55ca-4e15-b2f2-291bb08bc685" testName="Test9130" computerName="UA-LPT-OGA2" duration="00:00:01.6770000" startTime="2025-05-14T13:20:31.3146610Z" endTime="2025-05-14T13:25:31.3147553Z" testType="13cdc9d9-ddb5-4fa4-a97d-d965ccfc6d4b" outcome="Passed" testListId="8fdc9b45-31c5-4be8-9aa1-158b352e44c9" />
    <UnitTestResult executionId="787f60c6-c729-4c35-bf57-b8fc1e6634cd" testId="c2f654b8-4831-4287-9b6b-5dbdff241d0f" testName="Test9131" computerName="UA-LPT-OGA2" duration="00:00:00.7720000" startTime="2025-05-14T13:20:31.3146610Z" endTime="2025-05-14T13:25:31.3147553Z" testType="13cdc9d9-ddb5-4fa4-a97d-d965ccfc6d4b" outcome="Passed" testListId="8fdc9b45-31c5-4be8-9aa1-158b352e44c9" />
    <UnitTestResult executionId="bf03d564-dd6a-4706-8ccf-a669bf0e57f1" testId="a1e0b8e8-537f-4968-bcb7-e24267394d8c" testName="Test9132" computerName="UA-LPT-OGA2" duration="00:00:00.1730000" startTime="2025-05-14T13:20:31.3146610Z" endTime="2025-05-14T13:25:31.3147553Z" testType="13cdc9d9-ddb5-4fa4-a97d-d965ccfc6d4b" outcome="Passed" testListId="8fdc9b45-31c5-4be8-9aa1-158b352e44c9" />
    <UnitTestResult executionId="9a72c897-2f70-4eaf-90ab-eee0d0898f6a" testId="ff49c65e-6f66-49c7-b065-b0278a1ec8bc" testName="Test9133" computerName="UA-LPT-OGA2" duration="00:00:01.8540000" startTime="2025-05-14T13:20:31.3146610Z" endTime="2025-05-14T13:25:31.3147553Z" testType="13cdc9d9-ddb5-4fa4-a97d-d965ccfc6d4b" outcome="Failed" testListId="8fdc9b45-31c5-4be8-9aa1-158b352e44c9">
      <Output>
        <ErrorInfo>
          <Message>Assertion failed: Expected value did not match actual value.</Message>
          <StackTrace>   at TestNamespace.TestClass.Test() in TestClass.cs:line 96</StackTrace>
        </ErrorInfo>
      </Output>
    </UnitTestResult>
    <UnitTestResult executionId="21247534-44f1-4ab3-9b6a-a27eae089d90" testId="d2092f3d-a373-431a-b6fc-ff04cecb2258" testName="Test9134" computerName="UA-LPT-OGA2" duration="00:00:00.3460000" startTime="2025-05-14T13:20:31.3146610Z" endTime="2025-05-14T13:25:31.3147553Z" testType="13cdc9d9-ddb5-4fa4-a97d-d965ccfc6d4b" outcome="Passed" testListId="8fdc9b45-31c5-4be8-9aa1-158b352e44c9" />
    <UnitTestResult executionId="72320d14-b0e9-4c6f-bef1-5b756a3ba907" testId="d5fcd9f1-3645-4b74-8bf3-b0dc5191807c" testName="Test9135" computerName="UA-LPT-OGA2" duration="00:00:01.5050000" startTime="2025-05-14T13:20:31.3146610Z" endTime="2025-05-14T13:25:31.3147553Z" testType="13cdc9d9-ddb5-4fa4-a97d-d965ccfc6d4b" outcome="Passed" testListId="8fdc9b45-31c5-4be8-9aa1-158b352e44c9" />
    <UnitTestResult executionId="b42b305b-a1eb-4deb-88f0-624156b3de8f" testId="db67a800-dadb-46cf-9693-9231d7e18cc3" testName="Test9136" computerName="UA-LPT-OGA2" duration="00:00:00.6600000" startTime="2025-05-14T13:20:31.3146610Z" endTime="2025-05-14T13:25:31.3147553Z" testType="13cdc9d9-ddb5-4fa4-a97d-d965ccfc6d4b" outcome="Passed" testListId="8fdc9b45-31c5-4be8-9aa1-158b352e44c9" />
    <UnitTestResult executionId="e7a8cfac-42ef-4f96-bdc8-b91a8a96b1b8" testId="ceb31096-89e9-4c2e-a56c-dfc9d6bfb932" testName="Test9137" computerName="UA-LPT-OGA2" duration="00:00:00.3810000" startTime="2025-05-14T13:20:31.3146610Z" endTime="2025-05-14T13:25:31.3147553Z" testType="13cdc9d9-ddb5-4fa4-a97d-d965ccfc6d4b" outcome="Passed" testListId="8fdc9b45-31c5-4be8-9aa1-158b352e44c9" />
    <UnitTestResult executionId="0d2624ad-d71c-4778-9582-f7ff08718157" testId="3e6480ad-2004-460b-aed3-68ae8fa3dda7" testName="Test9138" computerName="UA-LPT-OGA2" duration="00:00:00.8090000" startTime="2025-05-14T13:20:31.3146610Z" endTime="2025-05-14T13:25:31.3147553Z" testType="13cdc9d9-ddb5-4fa4-a97d-d965ccfc6d4b" outcome="Passed" testListId="8fdc9b45-31c5-4be8-9aa1-158b352e44c9" />
    <UnitTestResult executionId="2d3d9865-e3d5-4e8c-8fd5-0c88756774aa" testId="2bb225b9-d8f8-455d-8b62-92a250564ce3" testName="Test9139" computerName="UA-LPT-OGA2" duration="00:00:01.4580000" startTime="2025-05-14T13:20:31.3146610Z" endTime="2025-05-14T13:25:31.3147553Z" testType="13cdc9d9-ddb5-4fa4-a97d-d965ccfc6d4b" outcome="Passed" testListId="8fdc9b45-31c5-4be8-9aa1-158b352e44c9" />
    <UnitTestResult executionId="e0e2d4cc-3d73-486c-bc33-6308c5845930" testId="878e309d-0402-4f97-b4be-446d36955d00" testName="Test9140" computerName="UA-LPT-OGA2" duration="00:00:00.1710000" startTime="2025-05-14T13:20:31.3146610Z" endTime="2025-05-14T13:25:31.3147553Z" testType="13cdc9d9-ddb5-4fa4-a97d-d965ccfc6d4b" outcome="Passed" testListId="8fdc9b45-31c5-4be8-9aa1-158b352e44c9" />
    <UnitTestResult executionId="a8fc80eb-37c9-4656-a575-12e71aa5094b" testId="8f122063-75dd-41b2-8abb-1a97affe27db" testName="Test9141" computerName="UA-LPT-OGA2" duration="00:00:01.9270000" startTime="2025-05-14T13:20:31.3146610Z" endTime="2025-05-14T13:25:31.3147553Z" testType="13cdc9d9-ddb5-4fa4-a97d-d965ccfc6d4b" outcome="Failed" testListId="8fdc9b45-31c5-4be8-9aa1-158b352e44c9">
      <Output>
        <ErrorInfo>
          <Message>Assertion failed: Expected value did not match actual value.</Message>
          <StackTrace>   at TestNamespace.TestClass.Test() in TestClass.cs:line 397</StackTrace>
        </ErrorInfo>
      </Output>
    </UnitTestResult>
    <UnitTestResult executionId="e540e13b-c00c-4606-ba21-6c454dcaaa17" testId="480f82b2-3ad6-479a-8ece-eec4c44eea61" testName="Test9142" computerName="UA-LPT-OGA2" duration="00:00:01.6280000" startTime="2025-05-14T13:20:31.3146610Z" endTime="2025-05-14T13:25:31.3147553Z" testType="13cdc9d9-ddb5-4fa4-a97d-d965ccfc6d4b" outcome="Passed" testListId="8fdc9b45-31c5-4be8-9aa1-158b352e44c9" />
    <UnitTestResult executionId="75cb16cd-1cd5-4516-a4f3-dc9b408b2a20" testId="4f5cccba-6108-4f62-85f7-5436f3497964" testName="Test9143" computerName="UA-LPT-OGA2" duration="00:00:00.5030000" startTime="2025-05-14T13:20:31.3146610Z" endTime="2025-05-14T13:25:31.3147553Z" testType="13cdc9d9-ddb5-4fa4-a97d-d965ccfc6d4b" outcome="Passed" testListId="8fdc9b45-31c5-4be8-9aa1-158b352e44c9" />
    <UnitTestResult executionId="f492e1eb-b5fb-4213-a315-81c3356fbf05" testId="0c964a33-26aa-4686-a46c-09ba81c0c732" testName="Test9144" computerName="UA-LPT-OGA2" duration="00:00:01.5610000" startTime="2025-05-14T13:20:31.3146610Z" endTime="2025-05-14T13:25:31.3147553Z" testType="13cdc9d9-ddb5-4fa4-a97d-d965ccfc6d4b" outcome="Passed" testListId="8fdc9b45-31c5-4be8-9aa1-158b352e44c9" />
    <UnitTestResult executionId="fe5c0a29-9986-49c3-b484-f1a5b3486eb2" testId="e6aca7c1-d390-4d80-a3fa-bc154ac34fbb" testName="Test9145" computerName="UA-LPT-OGA2" duration="00:00:01.6600000" startTime="2025-05-14T13:20:31.3146610Z" endTime="2025-05-14T13:25:31.3147553Z" testType="13cdc9d9-ddb5-4fa4-a97d-d965ccfc6d4b" outcome="Passed" testListId="8fdc9b45-31c5-4be8-9aa1-158b352e44c9" />
    <UnitTestResult executionId="0fae6369-f7a5-4aac-ac75-5137ea9acfa2" testId="f991f88c-a5cd-4f81-85bd-f6c050f5e59c" testName="Test9146" computerName="UA-LPT-OGA2" duration="00:00:01.4580000" startTime="2025-05-14T13:20:31.3146610Z" endTime="2025-05-14T13:25:31.3147553Z" testType="13cdc9d9-ddb5-4fa4-a97d-d965ccfc6d4b" outcome="Passed" testListId="8fdc9b45-31c5-4be8-9aa1-158b352e44c9" />
    <UnitTestResult executionId="5f290360-537b-4f8c-a522-e030211df531" testId="c7ba98f4-0d4a-4c03-846e-9a2133c30803" testName="Test9147" computerName="UA-LPT-OGA2" duration="00:00:00.3080000" startTime="2025-05-14T13:20:31.3146610Z" endTime="2025-05-14T13:25:31.3147553Z" testType="13cdc9d9-ddb5-4fa4-a97d-d965ccfc6d4b" outcome="Passed" testListId="8fdc9b45-31c5-4be8-9aa1-158b352e44c9" />
    <UnitTestResult executionId="88587d9a-0371-42ba-894a-88a23d7e0b73" testId="a9f372d4-129c-4f1c-87c9-c9371989bba3" testName="Test9148" computerName="UA-LPT-OGA2" duration="00:00:00.7280000" startTime="2025-05-14T13:20:31.3146610Z" endTime="2025-05-14T13:25:31.3147553Z" testType="13cdc9d9-ddb5-4fa4-a97d-d965ccfc6d4b" outcome="Inconclusive" testListId="8fdc9b45-31c5-4be8-9aa1-158b352e44c9" />
    <UnitTestResult executionId="9480d3e5-caf1-46e8-887c-303cd22df057" testId="cb50eacb-e0f3-4c95-b6e4-d28f5836d87a" testName="Test9149" computerName="UA-LPT-OGA2" duration="00:00:00.8940000" startTime="2025-05-14T13:20:31.3146610Z" endTime="2025-05-14T13:25:31.3147553Z" testType="13cdc9d9-ddb5-4fa4-a97d-d965ccfc6d4b" outcome="Passed" testListId="8fdc9b45-31c5-4be8-9aa1-158b352e44c9" />
    <UnitTestResult executionId="0576895a-a896-4059-adc8-7170950329bd" testId="d5c50207-7dd2-4287-90c2-96f60b6238fa" testName="Test9150" computerName="UA-LPT-OGA2" duration="00:00:00.6070000" startTime="2025-05-14T13:20:31.3146610Z" endTime="2025-05-14T13:25:31.3147553Z" testType="13cdc9d9-ddb5-4fa4-a97d-d965ccfc6d4b" outcome="Passed" testListId="8fdc9b45-31c5-4be8-9aa1-158b352e44c9" />
    <UnitTestResult executionId="e42825e3-3667-4992-8b71-87525d3b7e34" testId="1c2a6883-0a96-462d-a0c0-ced9db8970b4" testName="Test9151" computerName="UA-LPT-OGA2" duration="00:00:01.6630000" startTime="2025-05-14T13:20:31.3146610Z" endTime="2025-05-14T13:25:31.3147553Z" testType="13cdc9d9-ddb5-4fa4-a97d-d965ccfc6d4b" outcome="Passed" testListId="8fdc9b45-31c5-4be8-9aa1-158b352e44c9" />
    <UnitTestResult executionId="776e060a-63ea-4fa7-9583-c9aef9c3a8ca" testId="e33b0b3e-96c9-44fe-91d3-4a765f61a064" testName="Test9152" computerName="UA-LPT-OGA2" duration="00:00:01.3460000" startTime="2025-05-14T13:20:31.3146610Z" endTime="2025-05-14T13:25:31.3147553Z" testType="13cdc9d9-ddb5-4fa4-a97d-d965ccfc6d4b" outcome="Passed" testListId="8fdc9b45-31c5-4be8-9aa1-158b352e44c9" />
    <UnitTestResult executionId="14a8bfc4-0ede-44cf-8b3b-d30f33bb7e49" testId="b4f802ce-ecf0-4d94-a4e3-9b4d5e6194d4" testName="Test9153" computerName="UA-LPT-OGA2" duration="00:00:00.7520000" startTime="2025-05-14T13:20:31.3146610Z" endTime="2025-05-14T13:25:31.3147553Z" testType="13cdc9d9-ddb5-4fa4-a97d-d965ccfc6d4b" outcome="Passed" testListId="8fdc9b45-31c5-4be8-9aa1-158b352e44c9" />
    <UnitTestResult executionId="955e1396-19c2-423b-b0af-96c5b28f09f8" testId="3d7628ce-ad57-47ed-8d07-7aa48a4075e4" testName="Test9154" computerName="UA-LPT-OGA2" duration="00:00:01.6340000" startTime="2025-05-14T13:20:31.3146610Z" endTime="2025-05-14T13:25:31.3147553Z" testType="13cdc9d9-ddb5-4fa4-a97d-d965ccfc6d4b" outcome="Passed" testListId="8fdc9b45-31c5-4be8-9aa1-158b352e44c9" />
    <UnitTestResult executionId="fa341613-a1bd-4157-adc3-5980b84fc81f" testId="fd4b5fbc-a2c6-4e24-87de-e9b3f2c620e1" testName="Test9155" computerName="UA-LPT-OGA2" duration="00:00:00.1980000" startTime="2025-05-14T13:20:31.3146610Z" endTime="2025-05-14T13:25:31.3147553Z" testType="13cdc9d9-ddb5-4fa4-a97d-d965ccfc6d4b" outcome="Passed" testListId="8fdc9b45-31c5-4be8-9aa1-158b352e44c9" />
    <UnitTestResult executionId="ebd71df9-7a21-40fb-a614-6c26a7f1163b" testId="c662684c-2117-432b-bc74-92c345373e67" testName="Test9156" computerName="UA-LPT-OGA2" duration="00:00:01.3540000" startTime="2025-05-14T13:20:31.3146610Z" endTime="2025-05-14T13:25:31.3147553Z" testType="13cdc9d9-ddb5-4fa4-a97d-d965ccfc6d4b" outcome="Passed" testListId="8fdc9b45-31c5-4be8-9aa1-158b352e44c9" />
    <UnitTestResult executionId="09bef3ff-3715-4340-8a64-e6049e0080d3" testId="13ea3bd0-3c55-4f33-bfa0-3e29e7b7378c" testName="Test9157" computerName="UA-LPT-OGA2" duration="00:00:01.6980000" startTime="2025-05-14T13:20:31.3146610Z" endTime="2025-05-14T13:25:31.3147553Z" testType="13cdc9d9-ddb5-4fa4-a97d-d965ccfc6d4b" outcome="Passed" testListId="8fdc9b45-31c5-4be8-9aa1-158b352e44c9" />
    <UnitTestResult executionId="10cb6888-74f2-4b73-9bd5-51e1fae6446c" testId="9b2bbbbd-d0db-4f6a-b1eb-d8d6d499a689" testName="Test9158" computerName="UA-LPT-OGA2" duration="00:00:00.1910000" startTime="2025-05-14T13:20:31.3146610Z" endTime="2025-05-14T13:25:31.3147553Z" testType="13cdc9d9-ddb5-4fa4-a97d-d965ccfc6d4b" outcome="Passed" testListId="8fdc9b45-31c5-4be8-9aa1-158b352e44c9" />
    <UnitTestResult executionId="e19fbf11-1e9c-434d-aa6d-ae031b1e0a14" testId="8df625d5-997d-4a40-8ea6-d33b388ca34b" testName="Test9159" computerName="UA-LPT-OGA2" duration="00:00:00.6080000" startTime="2025-05-14T13:20:31.3146610Z" endTime="2025-05-14T13:25:31.3147553Z" testType="13cdc9d9-ddb5-4fa4-a97d-d965ccfc6d4b" outcome="Passed" testListId="8fdc9b45-31c5-4be8-9aa1-158b352e44c9" />
    <UnitTestResult executionId="4b10d067-0969-4dd5-a40c-fdf76816aa5e" testId="c0b8e50e-82e1-48d3-8b32-22c994913f67" testName="Test9160" computerName="UA-LPT-OGA2" duration="00:00:01.4380000" startTime="2025-05-14T13:20:31.3146610Z" endTime="2025-05-14T13:25:31.3147553Z" testType="13cdc9d9-ddb5-4fa4-a97d-d965ccfc6d4b" outcome="Passed" testListId="8fdc9b45-31c5-4be8-9aa1-158b352e44c9" />
    <UnitTestResult executionId="f68c1983-3a3e-40fb-afc8-29fbb19bb56c" testId="805cc31c-f363-4d26-aa4f-5636688a50d5" testName="Test9161" computerName="UA-LPT-OGA2" duration="00:00:00.7550000" startTime="2025-05-14T13:20:31.3146610Z" endTime="2025-05-14T13:25:31.3147553Z" testType="13cdc9d9-ddb5-4fa4-a97d-d965ccfc6d4b" outcome="Failed" testListId="8fdc9b45-31c5-4be8-9aa1-158b352e44c9">
      <Output>
        <ErrorInfo>
          <Message>Assertion failed: Expected value did not match actual value.</Message>
          <StackTrace>   at TestNamespace.TestClass.Test() in TestClass.cs:line 168</StackTrace>
        </ErrorInfo>
      </Output>
    </UnitTestResult>
    <UnitTestResult executionId="f5c8e484-a790-4b66-a107-0e489e0885b0" testId="b606f153-04f6-468c-a867-b816ee751285" testName="Test9162" computerName="UA-LPT-OGA2" duration="00:00:00.2010000" startTime="2025-05-14T13:20:31.3146610Z" endTime="2025-05-14T13:25:31.3147553Z" testType="13cdc9d9-ddb5-4fa4-a97d-d965ccfc6d4b" outcome="Passed" testListId="8fdc9b45-31c5-4be8-9aa1-158b352e44c9" />
    <UnitTestResult executionId="fbcbd1bf-a578-4c21-b561-df23dc8f52d9" testId="dc87c04a-a23f-43e3-b509-906220d924a7" testName="Test9163" computerName="UA-LPT-OGA2" duration="00:00:00.6840000" startTime="2025-05-14T13:20:31.3146610Z" endTime="2025-05-14T13:25:31.3147553Z" testType="13cdc9d9-ddb5-4fa4-a97d-d965ccfc6d4b" outcome="Passed" testListId="8fdc9b45-31c5-4be8-9aa1-158b352e44c9" />
    <UnitTestResult executionId="da2167b4-b587-47c2-8d2d-36e03bf06cb8" testId="31b2428d-78f3-45dd-b240-29a276866b0a" testName="Test9164" computerName="UA-LPT-OGA2" duration="00:00:00.7260000" startTime="2025-05-14T13:20:31.3146610Z" endTime="2025-05-14T13:25:31.3147553Z" testType="13cdc9d9-ddb5-4fa4-a97d-d965ccfc6d4b" outcome="Passed" testListId="8fdc9b45-31c5-4be8-9aa1-158b352e44c9" />
    <UnitTestResult executionId="c4b2a7f2-80a2-4a98-9984-c3a100950c4f" testId="9b2b763b-0ad1-4252-8171-d004ed5dd758" testName="Test9165" computerName="UA-LPT-OGA2" duration="00:00:01.7780000" startTime="2025-05-14T13:20:31.3146610Z" endTime="2025-05-14T13:25:31.3147553Z" testType="13cdc9d9-ddb5-4fa4-a97d-d965ccfc6d4b" outcome="Passed" testListId="8fdc9b45-31c5-4be8-9aa1-158b352e44c9" />
    <UnitTestResult executionId="0157784d-e84c-4ce8-b598-fecfc95c0916" testId="0af8fcc4-72a3-4305-a62b-e06128f7b932" testName="Test9166" computerName="UA-LPT-OGA2" duration="00:00:00.0450000" startTime="2025-05-14T13:20:31.3146610Z" endTime="2025-05-14T13:25:31.3147553Z" testType="13cdc9d9-ddb5-4fa4-a97d-d965ccfc6d4b" outcome="Passed" testListId="8fdc9b45-31c5-4be8-9aa1-158b352e44c9" />
    <UnitTestResult executionId="9f33a211-642d-42c6-9c91-a6b92ef655a1" testId="a72caa8e-8697-4c60-91ef-58f171ec5456" testName="Test9167" computerName="UA-LPT-OGA2" duration="00:00:00.9460000" startTime="2025-05-14T13:20:31.3146610Z" endTime="2025-05-14T13:25:31.3147553Z" testType="13cdc9d9-ddb5-4fa4-a97d-d965ccfc6d4b" outcome="Failed" testListId="8fdc9b45-31c5-4be8-9aa1-158b352e44c9">
      <Output>
        <ErrorInfo>
          <Message>Assertion failed: Expected value did not match actual value.</Message>
          <StackTrace>   at TestNamespace.TestClass.Test() in TestClass.cs:line 321</StackTrace>
        </ErrorInfo>
      </Output>
    </UnitTestResult>
    <UnitTestResult executionId="27b6df0e-fdf3-4880-8e53-dd7bd64f4dcb" testId="a29672d5-d1c6-4191-a11c-ec9815a0f93f" testName="Test9168" computerName="UA-LPT-OGA2" duration="00:00:00.4760000" startTime="2025-05-14T13:20:31.3146610Z" endTime="2025-05-14T13:25:31.3147553Z" testType="13cdc9d9-ddb5-4fa4-a97d-d965ccfc6d4b" outcome="Passed" testListId="8fdc9b45-31c5-4be8-9aa1-158b352e44c9" />
    <UnitTestResult executionId="47ac19c9-674e-4ab4-9781-23f121f50a66" testId="0d421769-fc68-49f4-88c0-2a9428138129" testName="Test9169" computerName="UA-LPT-OGA2" duration="00:00:00.5390000" startTime="2025-05-14T13:20:31.3146610Z" endTime="2025-05-14T13:25:31.3147553Z" testType="13cdc9d9-ddb5-4fa4-a97d-d965ccfc6d4b" outcome="Passed" testListId="8fdc9b45-31c5-4be8-9aa1-158b352e44c9" />
    <UnitTestResult executionId="ecf8656e-5350-4b5d-9fd4-f72b7fb70e63" testId="aa68522c-eb89-46d0-8e70-b008a237eb5e" testName="Test9170" computerName="UA-LPT-OGA2" duration="00:00:01.5320000" startTime="2025-05-14T13:20:31.3146610Z" endTime="2025-05-14T13:25:31.3147553Z" testType="13cdc9d9-ddb5-4fa4-a97d-d965ccfc6d4b" outcome="Passed" testListId="8fdc9b45-31c5-4be8-9aa1-158b352e44c9" />
    <UnitTestResult executionId="52763ad2-76d8-42dc-9414-a0cfcf5fc2db" testId="0f90f2c3-36f0-4122-85f3-03e52b53e754" testName="Test9171" computerName="UA-LPT-OGA2" duration="00:00:01.2550000" startTime="2025-05-14T13:20:31.3146610Z" endTime="2025-05-14T13:25:31.3147553Z" testType="13cdc9d9-ddb5-4fa4-a97d-d965ccfc6d4b" outcome="Passed" testListId="8fdc9b45-31c5-4be8-9aa1-158b352e44c9" />
    <UnitTestResult executionId="26fc36e5-72fd-4749-b3f9-13baf6bf4fdd" testId="57294e9f-3109-4f0e-8a49-95d29b48a702" testName="Test9172" computerName="UA-LPT-OGA2" duration="00:00:00.9680000" startTime="2025-05-14T13:20:31.3146610Z" endTime="2025-05-14T13:25:31.3147553Z" testType="13cdc9d9-ddb5-4fa4-a97d-d965ccfc6d4b" outcome="Passed" testListId="8fdc9b45-31c5-4be8-9aa1-158b352e44c9" />
    <UnitTestResult executionId="03e167c3-3bb0-44c2-bc8a-c2934bff87e1" testId="2de90ec8-3c5b-4075-a63b-e42694cbc619" testName="Test9173" computerName="UA-LPT-OGA2" duration="00:00:00.1680000" startTime="2025-05-14T13:20:31.3146610Z" endTime="2025-05-14T13:25:31.3147553Z" testType="13cdc9d9-ddb5-4fa4-a97d-d965ccfc6d4b" outcome="Failed" testListId="8fdc9b45-31c5-4be8-9aa1-158b352e44c9">
      <Output>
        <ErrorInfo>
          <Message>Assertion failed: Expected value did not match actual value.</Message>
          <StackTrace>   at TestNamespace.TestClass.Test() in TestClass.cs:line 371</StackTrace>
        </ErrorInfo>
      </Output>
    </UnitTestResult>
    <UnitTestResult executionId="554d4bdd-5698-4f0f-a4af-3032eff30a49" testId="c2513357-7b94-4c5f-ac54-d9aef8688ac9" testName="Test9174" computerName="UA-LPT-OGA2" duration="00:00:00.3870000" startTime="2025-05-14T13:20:31.3146610Z" endTime="2025-05-14T13:25:31.3147553Z" testType="13cdc9d9-ddb5-4fa4-a97d-d965ccfc6d4b" outcome="Passed" testListId="8fdc9b45-31c5-4be8-9aa1-158b352e44c9" />
    <UnitTestResult executionId="101a6226-4510-407d-a6be-596d451af334" testId="93f78fdd-f8b2-4a3f-99f7-97eaccd99241" testName="Test9175" computerName="UA-LPT-OGA2" duration="00:00:01.1030000" startTime="2025-05-14T13:20:31.3146610Z" endTime="2025-05-14T13:25:31.3147553Z" testType="13cdc9d9-ddb5-4fa4-a97d-d965ccfc6d4b" outcome="Passed" testListId="8fdc9b45-31c5-4be8-9aa1-158b352e44c9" />
    <UnitTestResult executionId="a34c9299-042a-4564-a1b6-26274102bddd" testId="860f1246-448a-4ba4-b7ec-411c73536fbb" testName="Test9176" computerName="UA-LPT-OGA2" duration="00:00:01.6220000" startTime="2025-05-14T13:20:31.3146610Z" endTime="2025-05-14T13:25:31.3147553Z" testType="13cdc9d9-ddb5-4fa4-a97d-d965ccfc6d4b" outcome="Passed" testListId="8fdc9b45-31c5-4be8-9aa1-158b352e44c9" />
    <UnitTestResult executionId="d0f23a5e-77ef-4d49-b70d-0deb0c443e95" testId="10453e02-0a21-4912-ae33-c567083c22cc" testName="Test9177" computerName="UA-LPT-OGA2" duration="00:00:00.8340000" startTime="2025-05-14T13:20:31.3146610Z" endTime="2025-05-14T13:25:31.3147553Z" testType="13cdc9d9-ddb5-4fa4-a97d-d965ccfc6d4b" outcome="Passed" testListId="8fdc9b45-31c5-4be8-9aa1-158b352e44c9" />
    <UnitTestResult executionId="5d9d2099-8bae-4cf3-adc7-0938e5427ca5" testId="d72c5840-7c9c-4e64-95da-4ed0bf3f8f25" testName="Test9178" computerName="UA-LPT-OGA2" duration="00:00:00.4200000" startTime="2025-05-14T13:20:31.3146610Z" endTime="2025-05-14T13:25:31.3147553Z" testType="13cdc9d9-ddb5-4fa4-a97d-d965ccfc6d4b" outcome="Passed" testListId="8fdc9b45-31c5-4be8-9aa1-158b352e44c9" />
    <UnitTestResult executionId="6c3a8188-f564-40e9-b5e3-b4d6ab774a77" testId="09d6772d-d067-4c07-a470-9044f7b3cba1" testName="Test9179" computerName="UA-LPT-OGA2" duration="00:00:00.0250000" startTime="2025-05-14T13:20:31.3146610Z" endTime="2025-05-14T13:25:31.3147553Z" testType="13cdc9d9-ddb5-4fa4-a97d-d965ccfc6d4b" outcome="Passed" testListId="8fdc9b45-31c5-4be8-9aa1-158b352e44c9" />
    <UnitTestResult executionId="0d34ac4b-8362-4904-b0d0-a1cf5bb365af" testId="ba8eca77-e8aa-4553-be27-42daa9074846" testName="Test9180" computerName="UA-LPT-OGA2" duration="00:00:01.8850000" startTime="2025-05-14T13:20:31.3146610Z" endTime="2025-05-14T13:25:31.3147553Z" testType="13cdc9d9-ddb5-4fa4-a97d-d965ccfc6d4b" outcome="Failed" testListId="8fdc9b45-31c5-4be8-9aa1-158b352e44c9">
      <Output>
        <ErrorInfo>
          <Message>Assertion failed: Expected value did not match actual value.</Message>
          <StackTrace>   at TestNamespace.TestClass.Test() in TestClass.cs:line 302</StackTrace>
        </ErrorInfo>
      </Output>
    </UnitTestResult>
    <UnitTestResult executionId="02966825-9429-47e9-9242-cb9b70e4b82e" testId="f5eb6797-7d68-462d-be31-5e500b57fe5f" testName="Test9181" computerName="UA-LPT-OGA2" duration="00:00:00.7790000" startTime="2025-05-14T13:20:31.3146610Z" endTime="2025-05-14T13:25:31.3147553Z" testType="13cdc9d9-ddb5-4fa4-a97d-d965ccfc6d4b" outcome="Passed" testListId="8fdc9b45-31c5-4be8-9aa1-158b352e44c9" />
    <UnitTestResult executionId="17f6bac5-d7cb-43e8-a1ac-eeb149b69e84" testId="51431125-df69-41d3-9144-a55515295b4e" testName="Test9182" computerName="UA-LPT-OGA2" duration="00:00:01.2380000" startTime="2025-05-14T13:20:31.3146610Z" endTime="2025-05-14T13:25:31.3147553Z" testType="13cdc9d9-ddb5-4fa4-a97d-d965ccfc6d4b" outcome="Passed" testListId="8fdc9b45-31c5-4be8-9aa1-158b352e44c9" />
    <UnitTestResult executionId="7a036760-e5b6-46a1-a722-05d66aed290f" testId="05dbaf45-6fa0-4bff-9eaa-ba8ff24e9b08" testName="Test9183" computerName="UA-LPT-OGA2" duration="00:00:00.6390000" startTime="2025-05-14T13:20:31.3146610Z" endTime="2025-05-14T13:25:31.3147553Z" testType="13cdc9d9-ddb5-4fa4-a97d-d965ccfc6d4b" outcome="Passed" testListId="8fdc9b45-31c5-4be8-9aa1-158b352e44c9" />
    <UnitTestResult executionId="92da65ab-4733-401e-90d2-67fee4d0e0ba" testId="89b5dae9-f861-4fd5-9fcb-7d033d9b75a6" testName="Test9184" computerName="UA-LPT-OGA2" duration="00:00:01.8180000" startTime="2025-05-14T13:20:31.3146610Z" endTime="2025-05-14T13:25:31.3147553Z" testType="13cdc9d9-ddb5-4fa4-a97d-d965ccfc6d4b" outcome="Inconclusive" testListId="8fdc9b45-31c5-4be8-9aa1-158b352e44c9" />
    <UnitTestResult executionId="fe48d5db-98d8-436c-b718-8b76505d8f3b" testId="f2d2efb8-a6fa-48a7-8d1c-466a12a1e71d" testName="Test9185" computerName="UA-LPT-OGA2" duration="00:00:01.8690000" startTime="2025-05-14T13:20:31.3146610Z" endTime="2025-05-14T13:25:31.3147553Z" testType="13cdc9d9-ddb5-4fa4-a97d-d965ccfc6d4b" outcome="Passed" testListId="8fdc9b45-31c5-4be8-9aa1-158b352e44c9" />
    <UnitTestResult executionId="7b58a0aa-cf81-4284-9c78-739cc7e7dd8b" testId="072c475c-a15f-4c69-9072-450b40a84c55" testName="Test9186" computerName="UA-LPT-OGA2" duration="00:00:01.6250000" startTime="2025-05-14T13:20:31.3146610Z" endTime="2025-05-14T13:25:31.3147553Z" testType="13cdc9d9-ddb5-4fa4-a97d-d965ccfc6d4b" outcome="Passed" testListId="8fdc9b45-31c5-4be8-9aa1-158b352e44c9" />
    <UnitTestResult executionId="65caea52-2a56-4494-99a5-5032a31aa5ac" testId="67a91502-3a76-4eb5-8990-bb3c0eea8be0" testName="Test9187" computerName="UA-LPT-OGA2" duration="00:00:01.0050000" startTime="2025-05-14T13:20:31.3146610Z" endTime="2025-05-14T13:25:31.3147553Z" testType="13cdc9d9-ddb5-4fa4-a97d-d965ccfc6d4b" outcome="Passed" testListId="8fdc9b45-31c5-4be8-9aa1-158b352e44c9" />
    <UnitTestResult executionId="9d3fb1c6-21b8-496c-b6b4-d06f96a01085" testId="49106b15-e763-4ecd-8b2f-6462ad47e088" testName="Test9188" computerName="UA-LPT-OGA2" duration="00:00:00.8200000" startTime="2025-05-14T13:20:31.3146610Z" endTime="2025-05-14T13:25:31.3147553Z" testType="13cdc9d9-ddb5-4fa4-a97d-d965ccfc6d4b" outcome="Passed" testListId="8fdc9b45-31c5-4be8-9aa1-158b352e44c9" />
    <UnitTestResult executionId="3c13fa26-86f7-4118-82f1-d538fc689907" testId="af6a2508-f303-407e-b192-5d8274a866d7" testName="Test9189" computerName="UA-LPT-OGA2" duration="00:00:00.6230000" startTime="2025-05-14T13:20:31.3146610Z" endTime="2025-05-14T13:25:31.3147553Z" testType="13cdc9d9-ddb5-4fa4-a97d-d965ccfc6d4b" outcome="Passed" testListId="8fdc9b45-31c5-4be8-9aa1-158b352e44c9" />
    <UnitTestResult executionId="8887a199-6b4b-4545-bffd-16afcdd63fb2" testId="9b15f272-8fc5-4cb3-b45d-a9188a6587a2" testName="Test9190" computerName="UA-LPT-OGA2" duration="00:00:00.7790000" startTime="2025-05-14T13:20:31.3146610Z" endTime="2025-05-14T13:25:31.3147553Z" testType="13cdc9d9-ddb5-4fa4-a97d-d965ccfc6d4b" outcome="Failed" testListId="8fdc9b45-31c5-4be8-9aa1-158b352e44c9">
      <Output>
        <ErrorInfo>
          <Message>Assertion failed: Expected value did not match actual value.</Message>
          <StackTrace>   at TestNamespace.TestClass.Test() in TestClass.cs:line 16</StackTrace>
        </ErrorInfo>
      </Output>
    </UnitTestResult>
    <UnitTestResult executionId="430ba72c-e0ee-447d-9dc8-04b5b6842795" testId="c5a6ffd6-36c6-490a-8808-e8d324c4678b" testName="Test9191" computerName="UA-LPT-OGA2" duration="00:00:01.6040000" startTime="2025-05-14T13:20:31.3146610Z" endTime="2025-05-14T13:25:31.3147553Z" testType="13cdc9d9-ddb5-4fa4-a97d-d965ccfc6d4b" outcome="Failed" testListId="8fdc9b45-31c5-4be8-9aa1-158b352e44c9">
      <Output>
        <ErrorInfo>
          <Message>Assertion failed: Expected value did not match actual value.</Message>
          <StackTrace>   at TestNamespace.TestClass.Test() in TestClass.cs:line 169</StackTrace>
        </ErrorInfo>
      </Output>
    </UnitTestResult>
    <UnitTestResult executionId="c05b7b5f-42b5-4384-98fc-84cecc236525" testId="6b549b5c-8619-4b32-814a-7e0d609ce343" testName="Test9192" computerName="UA-LPT-OGA2" duration="00:00:01.6820000" startTime="2025-05-14T13:20:31.3146610Z" endTime="2025-05-14T13:25:31.3147553Z" testType="13cdc9d9-ddb5-4fa4-a97d-d965ccfc6d4b" outcome="Passed" testListId="8fdc9b45-31c5-4be8-9aa1-158b352e44c9" />
    <UnitTestResult executionId="80ba1fa4-e427-4211-9283-b17eac7eb3e5" testId="927ccca4-6ab0-43f8-811d-3fecdecaa14e" testName="Test9193" computerName="UA-LPT-OGA2" duration="00:00:00.8190000" startTime="2025-05-14T13:20:31.3146610Z" endTime="2025-05-14T13:25:31.3147553Z" testType="13cdc9d9-ddb5-4fa4-a97d-d965ccfc6d4b" outcome="Passed" testListId="8fdc9b45-31c5-4be8-9aa1-158b352e44c9" />
    <UnitTestResult executionId="376e422b-2a7b-4391-be6d-b1b4b20cd36d" testId="9e8ad49a-0ac9-4eae-b536-2aab2c35da6b" testName="Test9194" computerName="UA-LPT-OGA2" duration="00:00:01.1070000" startTime="2025-05-14T13:20:31.3146610Z" endTime="2025-05-14T13:25:31.3147553Z" testType="13cdc9d9-ddb5-4fa4-a97d-d965ccfc6d4b" outcome="Passed" testListId="8fdc9b45-31c5-4be8-9aa1-158b352e44c9" />
    <UnitTestResult executionId="5f7b404b-0f55-4dc1-bbe2-139b50438df6" testId="cc5f3495-9d8a-4c31-97da-ff54108e7aaa" testName="Test9195" computerName="UA-LPT-OGA2" duration="00:00:00.7600000" startTime="2025-05-14T13:20:31.3146610Z" endTime="2025-05-14T13:25:31.3147553Z" testType="13cdc9d9-ddb5-4fa4-a97d-d965ccfc6d4b" outcome="Passed" testListId="8fdc9b45-31c5-4be8-9aa1-158b352e44c9" />
    <UnitTestResult executionId="7ccff630-191f-47ab-b813-d48830d9870c" testId="d3e5e9ab-ea97-42a2-8b0f-ef212642c277" testName="Test9196" computerName="UA-LPT-OGA2" duration="00:00:01.5030000" startTime="2025-05-14T13:20:31.3146610Z" endTime="2025-05-14T13:25:31.3147553Z" testType="13cdc9d9-ddb5-4fa4-a97d-d965ccfc6d4b" outcome="Passed" testListId="8fdc9b45-31c5-4be8-9aa1-158b352e44c9" />
    <UnitTestResult executionId="af8ed239-4b6d-45f5-aecc-c3e587069d23" testId="95f4392d-c4c5-43f9-9c95-12fcf938c3da" testName="Test9197" computerName="UA-LPT-OGA2" duration="00:00:00.5170000" startTime="2025-05-14T13:20:31.3146610Z" endTime="2025-05-14T13:25:31.3147553Z" testType="13cdc9d9-ddb5-4fa4-a97d-d965ccfc6d4b" outcome="Passed" testListId="8fdc9b45-31c5-4be8-9aa1-158b352e44c9" />
    <UnitTestResult executionId="f461fbb8-bcf6-4141-901a-fbc8e9c42548" testId="4ff9f65b-6f8e-42c2-8806-6776d4491860" testName="Test9198" computerName="UA-LPT-OGA2" duration="00:00:00.5220000" startTime="2025-05-14T13:20:31.3146610Z" endTime="2025-05-14T13:25:31.3147553Z" testType="13cdc9d9-ddb5-4fa4-a97d-d965ccfc6d4b" outcome="Passed" testListId="8fdc9b45-31c5-4be8-9aa1-158b352e44c9" />
    <UnitTestResult executionId="ff078fe3-852b-49f9-ba2a-f5c9fe3a0c0d" testId="d5104c71-785c-431e-bb68-298cebfa4d7f" testName="Test9199" computerName="UA-LPT-OGA2" duration="00:00:00.3710000" startTime="2025-05-14T13:20:31.3146610Z" endTime="2025-05-14T13:25:31.3147553Z" testType="13cdc9d9-ddb5-4fa4-a97d-d965ccfc6d4b" outcome="Passed" testListId="8fdc9b45-31c5-4be8-9aa1-158b352e44c9" />
    <UnitTestResult executionId="f6bedd41-1d27-45d1-8400-4f3926578377" testId="0db64594-c1af-43c2-b17b-b0e5113d41ec" testName="Test9200" computerName="UA-LPT-OGA2" duration="00:00:00.0510000" startTime="2025-05-14T13:20:31.3146610Z" endTime="2025-05-14T13:25:31.3147553Z" testType="13cdc9d9-ddb5-4fa4-a97d-d965ccfc6d4b" outcome="Passed" testListId="8fdc9b45-31c5-4be8-9aa1-158b352e44c9" />
  </Results>
  <TestDefinitions>
    <UnitTest name="Test9101" id="05b7bb97-0d57-4f0e-a859-b8b4d51b102c" storage="TestAssembly.dll">
      <Execution id="dcbb476d-3d6b-4a62-a5f4-1600ec474955" />
      <TestMethod codeBase="TestAssembly.dll" className="TestNamespace.TestClass1" name="Test9101" />
    </UnitTest>
    <UnitTest name="Test9102" id="c7609090-0090-40be-b459-3c6755153d51" storage="TestAssembly.dll">
      <Execution id="f7ed6c04-982e-4887-aaa8-ea64a1290079" />
      <TestMethod codeBase="TestAssembly.dll" className="TestNamespace.TestClass1" name="Test9102" />
    </UnitTest>
    <UnitTest name="Test9103" id="978115e0-0b32-4fc3-8116-ea998daf54a8" storage="TestAssembly.dll">
      <Execution id="22b03a1c-9c73-4a49-9d0d-173a2693ca9e" />
      <TestMethod codeBase="TestAssembly.dll" className="TestNamespace.TestClass1" name="Test9103" />
    </UnitTest>
    <UnitTest name="Test9104" id="0dba9a56-506e-4bbf-bee3-a8de2ba2da7a" storage="TestAssembly.dll">
      <Execution id="f16a6abe-6834-46fc-8508-2af3bcab5c1e" />
      <TestMethod codeBase="TestAssembly.dll" className="TestNamespace.TestClass1" name="Test9104" />
    </UnitTest>
    <UnitTest name="Test9105" id="4a05b39d-1942-44a5-9231-9297cc40e871" storage="TestAssembly.dll">
      <Execution id="4cfcac93-163b-4c81-bdf4-3021fc885bb2" />
      <TestMethod codeBase="TestAssembly.dll" className="TestNamespace.TestClass1" name="Test9105" />
    </UnitTest>
    <UnitTest name="Test9106" id="ea4a440f-5b7f-4fc9-87ea-e4276098bbd4" storage="TestAssembly.dll">
      <Execution id="e02c3b47-5409-42e3-ad2e-63c3e0bd6a92" />
      <TestMethod codeBase="TestAssembly.dll" className="TestNamespace.TestClass1" name="Test9106" />
    </UnitTest>
    <UnitTest name="Test9107" id="e11cceb5-292e-4814-a3cb-31772b1d2677" storage="TestAssembly.dll">
      <Execution id="f1b8ebe3-3889-449f-b219-3b3cc205e172" />
      <TestMethod codeBase="TestAssembly.dll" className="TestNamespace.TestClass1" name="Test9107" />
    </UnitTest>
    <UnitTest name="Test9108" id="b1ce68ce-f60a-4ae1-8881-9477961907f8" storage="TestAssembly.dll">
      <Execution id="e9a688ff-b533-4972-9de8-86196496b47f" />
      <TestMethod codeBase="TestAssembly.dll" className="TestNamespace.TestClass1" name="Test9108" />
    </UnitTest>
    <UnitTest name="Test9109" id="a741ac07-1b29-4531-9fd5-9ad3aa1a59a6" storage="TestAssembly.dll">
      <Execution id="c6c4ce0c-8786-44c8-91a6-779edeca2e60" />
      <TestMethod codeBase="TestAssembly.dll" className="TestNamespace.TestClass1" name="Test9109" />
    </UnitTest>
    <UnitTest name="Test9110" id="214422e2-ab49-4a34-8ae2-70470b29b63b" storage="TestAssembly.dll">
      <Execution id="bb66bec0-2dad-4260-9cd3-d49e4d1d7f3f" />
      <TestMethod codeBase="TestAssembly.dll" className="TestNamespace.TestClass1" name="Test9110" />
    </UnitTest>
    <UnitTest name="Test9111" id="513e8ac9-65b3-48af-855f-397f6cba6f5f" storage="TestAssembly.dll">
      <Execution id="2d67f838-7aa9-49b1-b99f-2c6c9ef218d4" />
      <TestMethod codeBase="TestAssembly.dll" className="TestNamespace.TestClass2" name="Test9111" />
    </UnitTest>
    <UnitTest name="Test9112" id="8d491f29-a2ad-486b-862f-2cee56c05886" storage="TestAssembly.dll">
      <Execution id="b82bee48-ca1a-4c0f-99f8-fa6d7c71ae8b" />
      <TestMethod codeBase="TestAssembly.dll" className="TestNamespace.TestClass2" name="Test9112" />
    </UnitTest>
    <UnitTest name="Test9113" id="d00704b3-17c1-41f7-baf0-79b70a5013fe" storage="TestAssembly.dll">
      <Execution id="0947dc4e-43ef-4a52-9d69-4e6b6b26fbdd" />
      <TestMethod codeBase="TestAssembly.dll" className="TestNamespace.TestClass2" name="Test9113" />
    </UnitTest>
    <UnitTest name="Test9114" id="5a364dcb-3c5f-4d51-9be7-0a913ef199d4" storage="TestAssembly.dll">
      <Execution id="0227c9d5-d0a0-4f0e-8f5b-8984c085dcd5" />
      <TestMethod codeBase="TestAssembly.dll" className="TestNamespace.TestClass2" name="Test9114" />
    </UnitTest>
    <UnitTest name="Test9115" id="6424ab8b-62ae-4871-b839-ee1a2e9ca494" storage="TestAssembly.dll">
      <Execution id="92437d60-5957-44e3-9cce-2485ee76f4df" />
      <TestMethod codeBase="TestAssembly.dll" className="TestNamespace.TestClass2" name="Test9115" />
    </UnitTest>
    <UnitTest name="Test9116" id="9ef46838-fff2-43de-a7b6-06203b01ecaf" storage="TestAssembly.dll">
      <Execution id="f02a7d86-3eb9-44b8-8adb-d0911607d83f" />
      <TestMethod codeBase="TestAssembly.dll" className="TestNamespace.TestClass2" name="Test9116" />
    </UnitTest>
    <UnitTest name="Test9117" id="e60de078-9b71-4a2a-8b1e-c524172a419e" storage="TestAssembly.dll">
      <Execution id="55670c33-b9fc-42e0-9af0-4cf02b2d31b7" />
      <TestMethod codeBase="TestAssembly.dll" className="TestNamespace.TestClass2" name="Test9117" />
    </UnitTest>
    <UnitTest name="Test9118" id="268924b5-2654-485a-9d19-8e04a4968fbc" storage="TestAssembly.dll">
      <Execution id="6c400355-6ce3-4a6e-96b1-bc79a3577b68" />
      <TestMethod codeBase="TestAssembly.dll" className="TestNamespace.TestClass2" name="Test9118" />
    </UnitTest>
    <UnitTest name="Test9119" id="13bf5a93-8528-44a2-9830-24914e80cac0" storage="TestAssembly.dll">
      <Execution id="59f16356-12f9-479b-8cee-1650194a41ac" />
      <TestMethod codeBase="TestAssembly.dll" className="TestNamespace.TestClass2" name="Test9119" />
    </UnitTest>
    <UnitTest name="Test9120" id="d1a30fb2-b1c1-407f-933f-a87f1f332948" storage="TestAssembly.dll">
      <Execution id="2ab1e819-5b5d-4851-90a9-ea5ade9da7d0" />
      <TestMethod codeBase="TestAssembly.dll" className="TestNamespace.TestClass2" name="Test9120" />
    </UnitTest>
    <UnitTest name="Test9121" id="93b63b80-cefb-4aca-920d-8bddd2d852ae" storage="TestAssembly.dll">
      <Execution id="3cd953e9-4c9b-464e-8c58-b4546f691690" />
      <TestMethod codeBase="TestAssembly.dll" className="TestNamespace.TestClass3" name="Test9121" />
    </UnitTest>
    <UnitTest name="Test9122" id="7100083e-e4b2-41dc-b6f8-b73064670024" storage="TestAssembly.dll">
      <Execution id="b0ccd2ba-ebb7-421f-a01a-fd8156a0eb8d" />
      <TestMethod codeBase="TestAssembly.dll" className="TestNamespace.TestClass3" name="Test9122" />
    </UnitTest>
    <UnitTest name="Test9123" id="f473bc3d-2ae9-4608-8084-092002148016" storage="TestAssembly.dll">
      <Execution id="10903872-9d99-4195-9be1-f650e0f1134e" />
      <TestMethod codeBase="TestAssembly.dll" className="TestNamespace.TestClass3" name="Test9123" />
    </UnitTest>
    <UnitTest name="Test9124" id="efe4b086-9037-4936-944b-08f252bf1ed1" storage="TestAssembly.dll">
      <Execution id="eb7d952e-2252-45a3-b5af-4a68fb697053" />
      <TestMethod codeBase="TestAssembly.dll" className="TestNamespace.TestClass3" name="Test9124" />
    </UnitTest>
    <UnitTest name="Test9125" id="1218eaed-ba29-4ac3-9fef-59817bcb78eb" storage="TestAssembly.dll">
      <Execution id="ab46771b-d92a-4323-80fb-54c69101b550" />
      <TestMethod codeBase="TestAssembly.dll" className="TestNamespace.TestClass3" name="Test9125" />
    </UnitTest>
    <UnitTest name="Test9126" id="8b4f96ca-12e0-434f-8654-51253b0c2f38" storage="TestAssembly.dll">
      <Execution id="997d4230-5b76-4834-8956-4e1ef7f0cb23" />
      <TestMethod codeBase="TestAssembly.dll" className="TestNamespace.TestClass3" name="Test9126" />
    </UnitTest>
    <UnitTest name="Test9127" id="5a52340c-699f-4865-a978-cad07280f983" storage="TestAssembly.dll">
      <Execution id="fd0fc8ad-3d0b-4406-a1cd-7afdd37b640b" />
      <TestMethod codeBase="TestAssembly.dll" className="TestNamespace.TestClass3" name="Test9127" />
    </UnitTest>
    <UnitTest name="Test9128" id="b4498c08-c476-4dc1-9211-d20e17f12b39" storage="TestAssembly.dll">
      <Execution id="3b4351f3-d9c8-4fab-81ef-0503ae7f1a62" />
      <TestMethod codeBase="TestAssembly.dll" className="TestNamespace.TestClass3" name="Test9128" />
    </UnitTest>
    <UnitTest name="Test9129" id="535aa71e-373f-429d-90cb-fb41fd8031aa" storage="TestAssembly.dll">
      <Execution id="0762aa5a-b064-42ad-af66-59c8a4670314" />
      <TestMethod codeBase="TestAssembly.dll" className="TestNamespace.TestClass3" name="Test9129" />
    </UnitTest>
    <UnitTest name="Test9130" id="6323173d-55ca-4e15-b2f2-291bb08bc685" storage="TestAssembly.dll">
      <Execution id="3348f385-f8b4-43b9-ab0e-18344cd85be3" />
      <TestMethod codeBase="TestAssembly.dll" className="TestNamespace.TestClass3" name="Test9130" />
    </UnitTest>
    <UnitTest name="Test9131" id="c2f654b8-4831-4287-9b6b-5dbdff241d0f" storage="TestAssembly.dll">
      <Execution id="787f60c6-c729-4c35-bf57-b8fc1e6634cd" />
      <TestMethod codeBase="TestAssembly.dll" className="TestNamespace.TestClass4" name="Test9131" />
    </UnitTest>
    <UnitTest name="Test9132" id="a1e0b8e8-537f-4968-bcb7-e24267394d8c" storage="TestAssembly.dll">
      <Execution id="bf03d564-dd6a-4706-8ccf-a669bf0e57f1" />
      <TestMethod codeBase="TestAssembly.dll" className="TestNamespace.TestClass4" name="Test9132" />
    </UnitTest>
    <UnitTest name="Test9133" id="ff49c65e-6f66-49c7-b065-b0278a1ec8bc" storage="TestAssembly.dll">
      <Execution id="9a72c897-2f70-4eaf-90ab-eee0d0898f6a" />
      <TestMethod codeBase="TestAssembly.dll" className="TestNamespace.TestClass4" name="Test9133" />
    </UnitTest>
    <UnitTest name="Test9134" id="d2092f3d-a373-431a-b6fc-ff04cecb2258" storage="TestAssembly.dll">
      <Execution id="21247534-44f1-4ab3-9b6a-a27eae089d90" />
      <TestMethod codeBase="TestAssembly.dll" className="TestNamespace.TestClass4" name="Test9134" />
    </UnitTest>
    <UnitTest name="Test9135" id="d5fcd9f1-3645-4b74-8bf3-b0dc5191807c" storage="TestAssembly.dll">
      <Execution id="72320d14-b0e9-4c6f-bef1-5b756a3ba907" />
      <TestMethod codeBase="TestAssembly.dll" className="TestNamespace.TestClass4" name="Test9135" />
    </UnitTest>
    <UnitTest name="Test9136" id="db67a800-dadb-46cf-9693-9231d7e18cc3" storage="TestAssembly.dll">
      <Execution id="b42b305b-a1eb-4deb-88f0-624156b3de8f" />
      <TestMethod codeBase="TestAssembly.dll" className="TestNamespace.TestClass4" name="Test9136" />
    </UnitTest>
    <UnitTest name="Test9137" id="ceb31096-89e9-4c2e-a56c-dfc9d6bfb932" storage="TestAssembly.dll">
      <Execution id="e7a8cfac-42ef-4f96-bdc8-b91a8a96b1b8" />
      <TestMethod codeBase="TestAssembly.dll" className="TestNamespace.TestClass4" name="Test9137" />
    </UnitTest>
    <UnitTest name="Test9138" id="3e6480ad-2004-460b-aed3-68ae8fa3dda7" storage="TestAssembly.dll">
      <Execution id="0d2624ad-d71c-4778-9582-f7ff08718157" />
      <TestMethod codeBase="TestAssembly.dll" className="TestNamespace.TestClass4" name="Test9138" />
    </UnitTest>
    <UnitTest name="Test9139" id="2bb225b9-d8f8-455d-8b62-92a250564ce3" storage="TestAssembly.dll">
      <Execution id="2d3d9865-e3d5-4e8c-8fd5-0c88756774aa" />
      <TestMethod codeBase="TestAssembly.dll" className="TestNamespace.TestClass4" name="Test9139" />
    </UnitTest>
    <UnitTest name="Test9140" id="878e309d-0402-4f97-b4be-446d36955d00" storage="TestAssembly.dll">
      <Execution id="e0e2d4cc-3d73-486c-bc33-6308c5845930" />
      <TestMethod codeBase="TestAssembly.dll" className="TestNamespace.TestClass4" name="Test9140" />
    </UnitTest>
    <UnitTest name="Test9141" id="8f122063-75dd-41b2-8abb-1a97affe27db" storage="TestAssembly.dll">
      <Execution id="a8fc80eb-37c9-4656-a575-12e71aa5094b" />
      <TestMethod codeBase="TestAssembly.dll" className="TestNamespace.TestClass5" name="Test9141" />
    </UnitTest>
    <UnitTest name="Test9142" id="480f82b2-3ad6-479a-8ece-eec4c44eea61" storage="TestAssembly.dll">
      <Execution id="e540e13b-c00c-4606-ba21-6c454dcaaa17" />
      <TestMethod codeBase="TestAssembly.dll" className="TestNamespace.TestClass5" name="Test9142" />
    </UnitTest>
    <UnitTest name="Test9143" id="4f5cccba-6108-4f62-85f7-5436f3497964" storage="TestAssembly.dll">
      <Execution id="75cb16cd-1cd5-4516-a4f3-dc9b408b2a20" />
      <TestMethod codeBase="TestAssembly.dll" className="TestNamespace.TestClass5" name="Test9143" />
    </UnitTest>
    <UnitTest name="Test9144" id="0c964a33-26aa-4686-a46c-09ba81c0c732" storage="TestAssembly.dll">
      <Execution id="f492e1eb-b5fb-4213-a315-81c3356fbf05" />
      <TestMethod codeBase="TestAssembly.dll" className="TestNamespace.TestClass5" name="Test9144" />
    </UnitTest>
    <UnitTest name="Test9145" id="e6aca7c1-d390-4d80-a3fa-bc154ac34fbb" storage="TestAssembly.dll">
      <Execution id="fe5c0a29-9986-49c3-b484-f1a5b3486eb2" />
      <TestMethod codeBase="TestAssembly.dll" className="TestNamespace.TestClass5" name="Test9145" />
    </UnitTest>
    <UnitTest name="Test9146" id="f991f88c-a5cd-4f81-85bd-f6c050f5e59c" storage="TestAssembly.dll">
      <Execution id="0fae6369-f7a5-4aac-ac75-5137ea9acfa2" />
      <TestMethod codeBase="TestAssembly.dll" className="TestNamespace.TestClass5" name="Test9146" />
    </UnitTest>
    <UnitTest name="Test9147" id="c7ba98f4-0d4a-4c03-846e-9a2133c30803" storage="TestAssembly.dll">
      <Execution id="5f290360-537b-4f8c-a522-e030211df531" />
      <TestMethod codeBase="TestAssembly.dll" className="TestNamespace.TestClass5" name="Test9147" />
    </UnitTest>
    <UnitTest name="Test9148" id="a9f372d4-129c-4f1c-87c9-c9371989bba3" storage="TestAssembly.dll">
      <Execution id="88587d9a-0371-42ba-894a-88a23d7e0b73" />
      <TestMethod codeBase="TestAssembly.dll" className="TestNamespace.TestClass5" name="Test9148" />
    </UnitTest>
    <UnitTest name="Test9149" id="cb50eacb-e0f3-4c95-b6e4-d28f5836d87a" storage="TestAssembly.dll">
      <Execution id="9480d3e5-caf1-46e8-887c-303cd22df057" />
      <TestMethod codeBase="TestAssembly.dll" className="TestNamespace.TestClass5" name="Test9149" />
    </UnitTest>
    <UnitTest name="Test9150" id="d5c50207-7dd2-4287-90c2-96f60b6238fa" storage="TestAssembly.dll">
      <Execution id="0576895a-a896-4059-adc8-7170950329bd" />
      <TestMethod codeBase="TestAssembly.dll" className="TestNamespace.TestClass5" name="Test9150" />
    </UnitTest>
    <UnitTest name="Test9151" id="1c2a6883-0a96-462d-a0c0-ced9db8970b4" storage="TestAssembly.dll">
      <Execution id="e42825e3-3667-4992-8b71-87525d3b7e34" />
      <TestMethod codeBase="TestAssembly.dll" className="TestNamespace.TestClass6" name="Test9151" />
    </UnitTest>
    <UnitTest name="Test9152" id="e33b0b3e-96c9-44fe-91d3-4a765f61a064" storage="TestAssembly.dll">
      <Execution id="776e060a-63ea-4fa7-9583-c9aef9c3a8ca" />
      <TestMethod codeBase="TestAssembly.dll" className="TestNamespace.TestClass6" name="Test9152" />
    </UnitTest>
    <UnitTest name="Test9153" id="b4f802ce-ecf0-4d94-a4e3-9b4d5e6194d4" storage="TestAssembly.dll">
      <Execution id="14a8bfc4-0ede-44cf-8b3b-d30f33bb7e49" />
      <TestMethod codeBase="TestAssembly.dll" className="TestNamespace.TestClass6" name="Test9153" />
    </UnitTest>
    <UnitTest name="Test9154" id="3d7628ce-ad57-47ed-8d07-7aa48a4075e4" storage="TestAssembly.dll">
      <Execution id="955e1396-19c2-423b-b0af-96c5b28f09f8" />
      <TestMethod codeBase="TestAssembly.dll" className="TestNamespace.TestClass6" name="Test9154" />
    </UnitTest>
    <UnitTest name="Test9155" id="fd4b5fbc-a2c6-4e24-87de-e9b3f2c620e1" storage="TestAssembly.dll">
      <Execution id="fa341613-a1bd-4157-adc3-5980b84fc81f" />
      <TestMethod codeBase="TestAssembly.dll" className="TestNamespace.TestClass6" name="Test9155" />
    </UnitTest>
    <UnitTest name="Test9156" id="c662684c-2117-432b-bc74-92c345373e67" storage="TestAssembly.dll">
      <Execution id="ebd71df9-7a21-40fb-a614-6c26a7f1163b" />
      <TestMethod codeBase="TestAssembly.dll" className="TestNamespace.TestClass6" name="Test9156" />
    </UnitTest>
    <UnitTest name="Test9157" id="13ea3bd0-3c55-4f33-bfa0-3e29e7b7378c" storage="TestAssembly.dll">
      <Execution id="09bef3ff-3715-4340-8a64-e6049e0080d3" />
      <TestMethod codeBase="TestAssembly.dll" className="TestNamespace.TestClass6" name="Test9157" />
    </UnitTest>
    <UnitTest name="Test9158" id="9b2bbbbd-d0db-4f6a-b1eb-d8d6d499a689" storage="TestAssembly.dll">
      <Execution id="10cb6888-74f2-4b73-9bd5-51e1fae6446c" />
      <TestMethod codeBase="TestAssembly.dll" className="TestNamespace.TestClass6" name="Test9158" />
    </UnitTest>
    <UnitTest name="Test9159" id="8df625d5-997d-4a40-8ea6-d33b388ca34b" storage="TestAssembly.dll">
      <Execution id="e19fbf11-1e9c-434d-aa6d-ae031b1e0a14" />
      <TestMethod codeBase="TestAssembly.dll" className="TestNamespace.TestClass6" name="Test9159" />
    </UnitTest>
    <UnitTest name="Test9160" id="c0b8e50e-82e1-48d3-8b32-22c994913f67" storage="TestAssembly.dll">
      <Execution id="4b10d067-0969-4dd5-a40c-fdf76816aa5e" />
      <TestMethod codeBase="TestAssembly.dll" className="TestNamespace.TestClass6" name="Test9160" />
    </UnitTest>
    <UnitTest name="Test9161" id="805cc31c-f363-4d26-aa4f-5636688a50d5" storage="TestAssembly.dll">
      <Execution id="f68c1983-3a3e-40fb-afc8-29fbb19bb56c" />
      <TestMethod codeBase="TestAssembly.dll" className="TestNamespace.TestClass7" name="Test9161" />
    </UnitTest>
    <UnitTest name="Test9162" id="b606f153-04f6-468c-a867-b816ee751285" storage="TestAssembly.dll">
      <Execution id="f5c8e484-a790-4b66-a107-0e489e0885b0" />
      <TestMethod codeBase="TestAssembly.dll" className="TestNamespace.TestClass7" name="Test9162" />
    </UnitTest>
    <UnitTest name="Test9163" id="dc87c04a-a23f-43e3-b509-906220d924a7" storage="TestAssembly.dll">
      <Execution id="fbcbd1bf-a578-4c21-b561-df23dc8f52d9" />
      <TestMethod codeBase="TestAssembly.dll" className="TestNamespace.TestClass7" name="Test9163" />
    </UnitTest>
    <UnitTest name="Test9164" id="31b2428d-78f3-45dd-b240-29a276866b0a" storage="TestAssembly.dll">
      <Execution id="da2167b4-b587-47c2-8d2d-36e03bf06cb8" />
      <TestMethod codeBase="TestAssembly.dll" className="TestNamespace.TestClass7" name="Test9164" />
    </UnitTest>
    <UnitTest name="Test9165" id="9b2b763b-0ad1-4252-8171-d004ed5dd758" storage="TestAssembly.dll">
      <Execution id="c4b2a7f2-80a2-4a98-9984-c3a100950c4f" />
      <TestMethod codeBase="TestAssembly.dll" className="TestNamespace.TestClass7" name="Test9165" />
    </UnitTest>
    <UnitTest name="Test9166" id="0af8fcc4-72a3-4305-a62b-e06128f7b932" storage="TestAssembly.dll">
      <Execution id="0157784d-e84c-4ce8-b598-fecfc95c0916" />
      <TestMethod codeBase="TestAssembly.dll" className="TestNamespace.TestClass7" name="Test9166" />
    </UnitTest>
    <UnitTest name="Test9167" id="a72caa8e-8697-4c60-91ef-58f171ec5456" storage="TestAssembly.dll">
      <Execution id="9f33a211-642d-42c6-9c91-a6b92ef655a1" />
      <TestMethod codeBase="TestAssembly.dll" className="TestNamespace.TestClass7" name="Test9167" />
    </UnitTest>
    <UnitTest name="Test9168" id="a29672d5-d1c6-4191-a11c-ec9815a0f93f" storage="TestAssembly.dll">
      <Execution id="27b6df0e-fdf3-4880-8e53-dd7bd64f4dcb" />
      <TestMethod codeBase="TestAssembly.dll" className="TestNamespace.TestClass7" name="Test9168" />
    </UnitTest>
    <UnitTest name="Test9169" id="0d421769-fc68-49f4-88c0-2a9428138129" storage="TestAssembly.dll">
      <Execution id="47ac19c9-674e-4ab4-9781-23f121f50a66" />
      <TestMethod codeBase="TestAssembly.dll" className="TestNamespace.TestClass7" name="Test9169" />
    </UnitTest>
    <UnitTest name="Test9170" id="aa68522c-eb89-46d0-8e70-b008a237eb5e" storage="TestAssembly.dll">
      <Execution id="ecf8656e-5350-4b5d-9fd4-f72b7fb70e63" />
      <TestMethod codeBase="TestAssembly.dll" className="TestNamespace.TestClass7" name="Test9170" />
    </UnitTest>
    <UnitTest name="Test9171" id="0f90f2c3-36f0-4122-85f3-03e52b53e754" storage="TestAssembly.dll">
      <Execution id="52763ad2-76d8-42dc-9414-a0cfcf5fc2db" />
      <TestMethod codeBase="TestAssembly.dll" className="TestNamespace.TestClass8" name="Test9171" />
    </UnitTest>
    <UnitTest name="Test9172" id="57294e9f-3109-4f0e-8a49-95d29b48a702" storage="TestAssembly.dll">
      <Execution id="26fc36e5-72fd-4749-b3f9-13baf6bf4fdd" />
      <TestMethod codeBase="TestAssembly.dll" className="TestNamespace.TestClass8" name="Test9172" />
    </UnitTest>
    <UnitTest name="Test9173" id="2de90ec8-3c5b-4075-a63b-e42694cbc619" storage="TestAssembly.dll">
      <Execution id="03e167c3-3bb0-44c2-bc8a-c2934bff87e1" />
      <TestMethod codeBase="TestAssembly.dll" className="TestNamespace.TestClass8" name="Test9173" />
    </UnitTest>
    <UnitTest name="Test9174" id="c2513357-7b94-4c5f-ac54-d9aef8688ac9" storage="TestAssembly.dll">
      <Execution id="554d4bdd-5698-4f0f-a4af-3032eff30a49" />
      <TestMethod codeBase="TestAssembly.dll" className="TestNamespace.TestClass8" name="Test9174" />
    </UnitTest>
    <UnitTest name="Test9175" id="93f78fdd-f8b2-4a3f-99f7-97eaccd99241" storage="TestAssembly.dll">
      <Execution id="101a6226-4510-407d-a6be-596d451af334" />
      <TestMethod codeBase="TestAssembly.dll" className="TestNamespace.TestClass8" name="Test9175" />
    </UnitTest>
    <UnitTest name="Test9176" id="860f1246-448a-4ba4-b7ec-411c73536fbb" storage="TestAssembly.dll">
      <Execution id="a34c9299-042a-4564-a1b6-26274102bddd" />
      <TestMethod codeBase="TestAssembly.dll" className="TestNamespace.TestClass8" name="Test9176" />
    </UnitTest>
    <UnitTest name="Test9177" id="10453e02-0a21-4912-ae33-c567083c22cc" storage="TestAssembly.dll">
      <Execution id="d0f23a5e-77ef-4d49-b70d-0deb0c443e95" />
      <TestMethod codeBase="TestAssembly.dll" className="TestNamespace.TestClass8" name="Test9177" />
    </UnitTest>
    <UnitTest name="Test9178" id="d72c5840-7c9c-4e64-95da-4ed0bf3f8f25" storage="TestAssembly.dll">
      <Execution id="5d9d2099-8bae-4cf3-adc7-0938e5427ca5" />
      <TestMethod codeBase="TestAssembly.dll" className="TestNamespace.TestClass8" name="Test9178" />
    </UnitTest>
    <UnitTest name="Test9179" id="09d6772d-d067-4c07-a470-9044f7b3cba1" storage="TestAssembly.dll">
      <Execution id="6c3a8188-f564-40e9-b5e3-b4d6ab774a77" />
      <TestMethod codeBase="TestAssembly.dll" className="TestNamespace.TestClass8" name="Test9179" />
    </UnitTest>
    <UnitTest name="Test9180" id="ba8eca77-e8aa-4553-be27-42daa9074846" storage="TestAssembly.dll">
      <Execution id="0d34ac4b-8362-4904-b0d0-a1cf5bb365af" />
      <TestMethod codeBase="TestAssembly.dll" className="TestNamespace.TestClass8" name="Test9180" />
    </UnitTest>
    <UnitTest name="Test9181" id="f5eb6797-7d68-462d-be31-5e500b57fe5f" storage="TestAssembly.dll">
      <Execution id="02966825-9429-47e9-9242-cb9b70e4b82e" />
      <TestMethod codeBase="TestAssembly.dll" className="TestNamespace.TestClass9" name="Test9181" />
    </UnitTest>
    <UnitTest name="Test9182" id="51431125-df69-41d3-9144-a55515295b4e" storage="TestAssembly.dll">
      <Execution id="17f6bac5-d7cb-43e8-a1ac-eeb149b69e84" />
      <TestMethod codeBase="TestAssembly.dll" className="TestNamespace.TestClass9" name="Test9182" />
    </UnitTest>
    <UnitTest name="Test9183" id="05dbaf45-6fa0-4bff-9eaa-ba8ff24e9b08" storage="TestAssembly.dll">
      <Execution id="7a036760-e5b6-46a1-a722-05d66aed290f" />
      <TestMethod codeBase="TestAssembly.dll" className="TestNamespace.TestClass9" name="Test9183" />
    </UnitTest>
    <UnitTest name="Test9184" id="89b5dae9-f861-4fd5-9fcb-7d033d9b75a6" storage="TestAssembly.dll">
      <Execution id="92da65ab-4733-401e-90d2-67fee4d0e0ba" />
      <TestMethod codeBase="TestAssembly.dll" className="TestNamespace.TestClass9" name="Test9184" />
    </UnitTest>
    <UnitTest name="Test9185" id="f2d2efb8-a6fa-48a7-8d1c-466a12a1e71d" storage="TestAssembly.dll">
      <Execution id="fe48d5db-98d8-436c-b718-8b76505d8f3b" />
      <TestMethod codeBase="TestAssembly.dll" className="TestNamespace.TestClass9" name="Test9185" />
    </UnitTest>
    <UnitTest name="Test9186" id="072c475c-a15f-4c69-9072-450b40a84c55" storage="TestAssembly.dll">
      <Execution id="7b58a0aa-cf81-4284-9c78-739cc7e7dd8b" />
      <TestMethod codeBase="TestAssembly.dll" className="TestNamespace.TestClass9" name="Test9186" />
    </UnitTest>
    <UnitTest name="Test9187" id="67a91502-3a76-4eb5-8990-bb3c0eea8be0" storage="TestAssembly.dll">
      <Execution id="65caea52-2a56-4494-99a5-5032a31aa5ac" />
      <TestMethod codeBase="TestAssembly.dll" className="TestNamespace.TestClass9" name="Test9187" />
    </UnitTest>
    <UnitTest name="Test9188" id="49106b15-e763-4ecd-8b2f-6462ad47e088" storage="TestAssembly.dll">
      <Execution id="9d3fb1c6-21b8-496c-b6b4-d06f96a01085" />
      <TestMethod codeBase="TestAssembly.dll" className="TestNamespace.TestClass9" name="Test9188" />
    </UnitTest>
    <UnitTest name="Test9189" id="af6a2508-f303-407e-b192-5d8274a866d7" storage="TestAssembly.dll">
      <Execution id="3c13fa26-86f7-4118-82f1-d538fc689907" />
      <TestMethod codeBase="TestAssembly.dll" className="TestNamespace.TestClass9" name="Test9189" />
    </UnitTest>
    <UnitTest name="Test9190" id="9b15f272-8fc5-4cb3-b45d-a9188a6587a2" storage="TestAssembly.dll">
      <Execution id="8887a199-6b4b-4545-bffd-16afcdd63fb2" />
      <TestMethod codeBase="TestAssembly.dll" className="TestNamespace.TestClass9" name="Test9190" />
    </UnitTest>
    <UnitTest name="Test9191" id="c5a6ffd6-36c6-490a-8808-e8d324c4678b" storage="TestAssembly.dll">
      <Execution id="430ba72c-e0ee-447d-9dc8-04b5b6842795" />
      <TestMethod codeBase="TestAssembly.dll" className="TestNamespace.TestClass10" name="Test9191" />
    </UnitTest>
    <UnitTest name="Test9192" id="6b549b5c-8619-4b32-814a-7e0d609ce343" storage="TestAssembly.dll">
      <Execution id="c05b7b5f-42b5-4384-98fc-84cecc236525" />
      <TestMethod codeBase="TestAssembly.dll" className="TestNamespace.TestClass10" name="Test9192" />
    </UnitTest>
    <UnitTest name="Test9193" id="927ccca4-6ab0-43f8-811d-3fecdecaa14e" storage="TestAssembly.dll">
      <Execution id="80ba1fa4-e427-4211-9283-b17eac7eb3e5" />
      <TestMethod codeBase="TestAssembly.dll" className="TestNamespace.TestClass10" name="Test9193" />
    </UnitTest>
    <UnitTest name="Test9194" id="9e8ad49a-0ac9-4eae-b536-2aab2c35da6b" storage="TestAssembly.dll">
      <Execution id="376e422b-2a7b-4391-be6d-b1b4b20cd36d" />
      <TestMethod codeBase="TestAssembly.dll" className="TestNamespace.TestClass10" name="Test9194" />
    </UnitTest>
    <UnitTest name="Test9195" id="cc5f3495-9d8a-4c31-97da-ff54108e7aaa" storage="TestAssembly.dll">
      <Execution id="5f7b404b-0f55-4dc1-bbe2-139b50438df6" />
      <TestMethod codeBase="TestAssembly.dll" className="TestNamespace.TestClass10" name="Test9195" />
    </UnitTest>
    <UnitTest name="Test9196" id="d3e5e9ab-ea97-42a2-8b0f-ef212642c277" storage="TestAssembly.dll">
      <Execution id="7ccff630-191f-47ab-b813-d48830d9870c" />
      <TestMethod codeBase="TestAssembly.dll" className="TestNamespace.TestClass10" name="Test9196" />
    </UnitTest>
    <UnitTest name="Test9197" id="95f4392d-c4c5-43f9-9c95-12fcf938c3da" storage="TestAssembly.dll">
      <Execution id="af8ed239-4b6d-45f5-aecc-c3e587069d23" />
      <TestMethod codeBase="TestAssembly.dll" className="TestNamespace.TestClass10" name="Test9197" />
    </UnitTest>
    <UnitTest name="Test9198" id="4ff9f65b-6f8e-42c2-8806-6776d4491860" storage="TestAssembly.dll">
      <Execution id="f461fbb8-bcf6-4141-901a-fbc8e9c42548" />
      <TestMethod codeBase="TestAssembly.dll" className="TestNamespace.TestClass10" name="Test9198" />
    </UnitTest>
    <UnitTest name="Test9199" id="d5104c71-785c-431e-bb68-298cebfa4d7f" storage="TestAssembly.dll">
      <Execution id="ff078fe3-852b-49f9-ba2a-f5c9fe3a0c0d" />
      <TestMethod codeBase="TestAssembly.dll" className="TestNamespace.TestClass10" name="Test9199" />
    </UnitTest>
    <UnitTest name="Test9200" id="0db64594-c1af-43c2-b17b-b0e5113d41ec" storage="TestAssembly.dll">
      <Execution id="f6bedd41-1d27-45d1-8400-4f3926578377" />
      <TestMethod codeBase="TestAssembly.dll" className="TestNamespace.TestClass10" name="Test9200" />
    </UnitTest>
  </TestDefinitions>
  <TestEntries>
    <TestEntry testId="05b7bb97-0d57-4f0e-a859-b8b4d51b102c" executionId="dcbb476d-3d6b-4a62-a5f4-1600ec474955" testListId="8fdc9b45-31c5-4be8-9aa1-158b352e44c9" />
    <TestEntry testId="c7609090-0090-40be-b459-3c6755153d51" executionId="f7ed6c04-982e-4887-aaa8-ea64a1290079" testListId="8fdc9b45-31c5-4be8-9aa1-158b352e44c9" />
    <TestEntry testId="978115e0-0b32-4fc3-8116-ea998daf54a8" executionId="22b03a1c-9c73-4a49-9d0d-173a2693ca9e" testListId="8fdc9b45-31c5-4be8-9aa1-158b352e44c9" />
    <TestEntry testId="0dba9a56-506e-4bbf-bee3-a8de2ba2da7a" executionId="f16a6abe-6834-46fc-8508-2af3bcab5c1e" testListId="8fdc9b45-31c5-4be8-9aa1-158b352e44c9" />
    <TestEntry testId="4a05b39d-1942-44a5-9231-9297cc40e871" executionId="4cfcac93-163b-4c81-bdf4-3021fc885bb2" testListId="8fdc9b45-31c5-4be8-9aa1-158b352e44c9" />
    <TestEntry testId="ea4a440f-5b7f-4fc9-87ea-e4276098bbd4" executionId="e02c3b47-5409-42e3-ad2e-63c3e0bd6a92" testListId="8fdc9b45-31c5-4be8-9aa1-158b352e44c9" />
    <TestEntry testId="e11cceb5-292e-4814-a3cb-31772b1d2677" executionId="f1b8ebe3-3889-449f-b219-3b3cc205e172" testListId="8fdc9b45-31c5-4be8-9aa1-158b352e44c9" />
    <TestEntry testId="b1ce68ce-f60a-4ae1-8881-9477961907f8" executionId="e9a688ff-b533-4972-9de8-86196496b47f" testListId="8fdc9b45-31c5-4be8-9aa1-158b352e44c9" />
    <TestEntry testId="a741ac07-1b29-4531-9fd5-9ad3aa1a59a6" executionId="c6c4ce0c-8786-44c8-91a6-779edeca2e60" testListId="8fdc9b45-31c5-4be8-9aa1-158b352e44c9" />
    <TestEntry testId="214422e2-ab49-4a34-8ae2-70470b29b63b" executionId="bb66bec0-2dad-4260-9cd3-d49e4d1d7f3f" testListId="8fdc9b45-31c5-4be8-9aa1-158b352e44c9" />
    <TestEntry testId="513e8ac9-65b3-48af-855f-397f6cba6f5f" executionId="2d67f838-7aa9-49b1-b99f-2c6c9ef218d4" testListId="8fdc9b45-31c5-4be8-9aa1-158b352e44c9" />
    <TestEntry testId="8d491f29-a2ad-486b-862f-2cee56c05886" executionId="b82bee48-ca1a-4c0f-99f8-fa6d7c71ae8b" testListId="8fdc9b45-31c5-4be8-9aa1-158b352e44c9" />
    <TestEntry testId="d00704b3-17c1-41f7-baf0-79b70a5013fe" executionId="0947dc4e-43ef-4a52-9d69-4e6b6b26fbdd" testListId="8fdc9b45-31c5-4be8-9aa1-158b352e44c9" />
    <TestEntry testId="5a364dcb-3c5f-4d51-9be7-0a913ef199d4" executionId="0227c9d5-d0a0-4f0e-8f5b-8984c085dcd5" testListId="8fdc9b45-31c5-4be8-9aa1-158b352e44c9" />
    <TestEntry testId="6424ab8b-62ae-4871-b839-ee1a2e9ca494" executionId="92437d60-5957-44e3-9cce-2485ee76f4df" testListId="8fdc9b45-31c5-4be8-9aa1-158b352e44c9" />
    <TestEntry testId="9ef46838-fff2-43de-a7b6-06203b01ecaf" executionId="f02a7d86-3eb9-44b8-8adb-d0911607d83f" testListId="8fdc9b45-31c5-4be8-9aa1-158b352e44c9" />
    <TestEntry testId="e60de078-9b71-4a2a-8b1e-c524172a419e" executionId="55670c33-b9fc-42e0-9af0-4cf02b2d31b7" testListId="8fdc9b45-31c5-4be8-9aa1-158b352e44c9" />
    <TestEntry testId="268924b5-2654-485a-9d19-8e04a4968fbc" executionId="6c400355-6ce3-4a6e-96b1-bc79a3577b68" testListId="8fdc9b45-31c5-4be8-9aa1-158b352e44c9" />
    <TestEntry testId="13bf5a93-8528-44a2-9830-24914e80cac0" executionId="59f16356-12f9-479b-8cee-1650194a41ac" testListId="8fdc9b45-31c5-4be8-9aa1-158b352e44c9" />
    <TestEntry testId="d1a30fb2-b1c1-407f-933f-a87f1f332948" executionId="2ab1e819-5b5d-4851-90a9-ea5ade9da7d0" testListId="8fdc9b45-31c5-4be8-9aa1-158b352e44c9" />
    <TestEntry testId="93b63b80-cefb-4aca-920d-8bddd2d852ae" executionId="3cd953e9-4c9b-464e-8c58-b4546f691690" testListId="8fdc9b45-31c5-4be8-9aa1-158b352e44c9" />
    <TestEntry testId="7100083e-e4b2-41dc-b6f8-b73064670024" executionId="b0ccd2ba-ebb7-421f-a01a-fd8156a0eb8d" testListId="8fdc9b45-31c5-4be8-9aa1-158b352e44c9" />
    <TestEntry testId="f473bc3d-2ae9-4608-8084-092002148016" executionId="10903872-9d99-4195-9be1-f650e0f1134e" testListId="8fdc9b45-31c5-4be8-9aa1-158b352e44c9" />
    <TestEntry testId="efe4b086-9037-4936-944b-08f252bf1ed1" executionId="eb7d952e-2252-45a3-b5af-4a68fb697053" testListId="8fdc9b45-31c5-4be8-9aa1-158b352e44c9" />
    <TestEntry testId="1218eaed-ba29-4ac3-9fef-59817bcb78eb" executionId="ab46771b-d92a-4323-80fb-54c69101b550" testListId="8fdc9b45-31c5-4be8-9aa1-158b352e44c9" />
    <TestEntry testId="8b4f96ca-12e0-434f-8654-51253b0c2f38" executionId="997d4230-5b76-4834-8956-4e1ef7f0cb23" testListId="8fdc9b45-31c5-4be8-9aa1-158b352e44c9" />
    <TestEntry testId="5a52340c-699f-4865-a978-cad07280f983" executionId="fd0fc8ad-3d0b-4406-a1cd-7afdd37b640b" testListId="8fdc9b45-31c5-4be8-9aa1-158b352e44c9" />
    <TestEntry testId="b4498c08-c476-4dc1-9211-d20e17f12b39" executionId="3b4351f3-d9c8-4fab-81ef-0503ae7f1a62" testListId="8fdc9b45-31c5-4be8-9aa1-158b352e44c9" />
    <TestEntry testId="535aa71e-373f-429d-90cb-fb41fd8031aa" executionId="0762aa5a-b064-42ad-af66-59c8a4670314" testListId="8fdc9b45-31c5-4be8-9aa1-158b352e44c9" />
    <TestEntry testId="6323173d-55ca-4e15-b2f2-291bb08bc685" executionId="3348f385-f8b4-43b9-ab0e-18344cd85be3" testListId="8fdc9b45-31c5-4be8-9aa1-158b352e44c9" />
    <TestEntry testId="c2f654b8-4831-4287-9b6b-5dbdff241d0f" executionId="787f60c6-c729-4c35-bf57-b8fc1e6634cd" testListId="8fdc9b45-31c5-4be8-9aa1-158b352e44c9" />
    <TestEntry testId="a1e0b8e8-537f-4968-bcb7-e24267394d8c" executionId="bf03d564-dd6a-4706-8ccf-a669bf0e57f1" testListId="8fdc9b45-31c5-4be8-9aa1-158b352e44c9" />
    <TestEntry testId="ff49c65e-6f66-49c7-b065-b0278a1ec8bc" executionId="9a72c897-2f70-4eaf-90ab-eee0d0898f6a" testListId="8fdc9b45-31c5-4be8-9aa1-158b352e44c9" />
    <TestEntry testId="d2092f3d-a373-431a-b6fc-ff04cecb2258" executionId="21247534-44f1-4ab3-9b6a-a27eae089d90" testListId="8fdc9b45-31c5-4be8-9aa1-158b352e44c9" />
    <TestEntry testId="d5fcd9f1-3645-4b74-8bf3-b0dc5191807c" executionId="72320d14-b0e9-4c6f-bef1-5b756a3ba907" testListId="8fdc9b45-31c5-4be8-9aa1-158b352e44c9" />
    <TestEntry testId="db67a800-dadb-46cf-9693-9231d7e18cc3" executionId="b42b305b-a1eb-4deb-88f0-624156b3de8f" testListId="8fdc9b45-31c5-4be8-9aa1-158b352e44c9" />
    <TestEntry testId="ceb31096-89e9-4c2e-a56c-dfc9d6bfb932" executionId="e7a8cfac-42ef-4f96-bdc8-b91a8a96b1b8" testListId="8fdc9b45-31c5-4be8-9aa1-158b352e44c9" />
    <TestEntry testId="3e6480ad-2004-460b-aed3-68ae8fa3dda7" executionId="0d2624ad-d71c-4778-9582-f7ff08718157" testListId="8fdc9b45-31c5-4be8-9aa1-158b352e44c9" />
    <TestEntry testId="2bb225b9-d8f8-455d-8b62-92a250564ce3" executionId="2d3d9865-e3d5-4e8c-8fd5-0c88756774aa" testListId="8fdc9b45-31c5-4be8-9aa1-158b352e44c9" />
    <TestEntry testId="878e309d-0402-4f97-b4be-446d36955d00" executionId="e0e2d4cc-3d73-486c-bc33-6308c5845930" testListId="8fdc9b45-31c5-4be8-9aa1-158b352e44c9" />
    <TestEntry testId="8f122063-75dd-41b2-8abb-1a97affe27db" executionId="a8fc80eb-37c9-4656-a575-12e71aa5094b" testListId="8fdc9b45-31c5-4be8-9aa1-158b352e44c9" />
    <TestEntry testId="480f82b2-3ad6-479a-8ece-eec4c44eea61" executionId="e540e13b-c00c-4606-ba21-6c454dcaaa17" testListId="8fdc9b45-31c5-4be8-9aa1-158b352e44c9" />
    <TestEntry testId="4f5cccba-6108-4f62-85f7-5436f3497964" executionId="75cb16cd-1cd5-4516-a4f3-dc9b408b2a20" testListId="8fdc9b45-31c5-4be8-9aa1-158b352e44c9" />
    <TestEntry testId="0c964a33-26aa-4686-a46c-09ba81c0c732" executionId="f492e1eb-b5fb-4213-a315-81c3356fbf05" testListId="8fdc9b45-31c5-4be8-9aa1-158b352e44c9" />
    <TestEntry testId="e6aca7c1-d390-4d80-a3fa-bc154ac34fbb" executionId="fe5c0a29-9986-49c3-b484-f1a5b3486eb2" testListId="8fdc9b45-31c5-4be8-9aa1-158b352e44c9" />
    <TestEntry testId="f991f88c-a5cd-4f81-85bd-f6c050f5e59c" executionId="0fae6369-f7a5-4aac-ac75-5137ea9acfa2" testListId="8fdc9b45-31c5-4be8-9aa1-158b352e44c9" />
    <TestEntry testId="c7ba98f4-0d4a-4c03-846e-9a2133c30803" executionId="5f290360-537b-4f8c-a522-e030211df531" testListId="8fdc9b45-31c5-4be8-9aa1-158b352e44c9" />
    <TestEntry testId="a9f372d4-129c-4f1c-87c9-c9371989bba3" executionId="88587d9a-0371-42ba-894a-88a23d7e0b73" testListId="8fdc9b45-31c5-4be8-9aa1-158b352e44c9" />
    <TestEntry testId="cb50eacb-e0f3-4c95-b6e4-d28f5836d87a" executionId="9480d3e5-caf1-46e8-887c-303cd22df057" testListId="8fdc9b45-31c5-4be8-9aa1-158b352e44c9" />
    <TestEntry testId="d5c50207-7dd2-4287-90c2-96f60b6238fa" executionId="0576895a-a896-4059-adc8-7170950329bd" testListId="8fdc9b45-31c5-4be8-9aa1-158b352e44c9" />
    <TestEntry testId="1c2a6883-0a96-462d-a0c0-ced9db8970b4" executionId="e42825e3-3667-4992-8b71-87525d3b7e34" testListId="8fdc9b45-31c5-4be8-9aa1-158b352e44c9" />
    <TestEntry testId="e33b0b3e-96c9-44fe-91d3-4a765f61a064" executionId="776e060a-63ea-4fa7-9583-c9aef9c3a8ca" testListId="8fdc9b45-31c5-4be8-9aa1-158b352e44c9" />
    <TestEntry testId="b4f802ce-ecf0-4d94-a4e3-9b4d5e6194d4" executionId="14a8bfc4-0ede-44cf-8b3b-d30f33bb7e49" testListId="8fdc9b45-31c5-4be8-9aa1-158b352e44c9" />
    <TestEntry testId="3d7628ce-ad57-47ed-8d07-7aa48a4075e4" executionId="955e1396-19c2-423b-b0af-96c5b28f09f8" testListId="8fdc9b45-31c5-4be8-9aa1-158b352e44c9" />
    <TestEntry testId="fd4b5fbc-a2c6-4e24-87de-e9b3f2c620e1" executionId="fa341613-a1bd-4157-adc3-5980b84fc81f" testListId="8fdc9b45-31c5-4be8-9aa1-158b352e44c9" />
    <TestEntry testId="c662684c-2117-432b-bc74-92c345373e67" executionId="ebd71df9-7a21-40fb-a614-6c26a7f1163b" testListId="8fdc9b45-31c5-4be8-9aa1-158b352e44c9" />
    <TestEntry testId="13ea3bd0-3c55-4f33-bfa0-3e29e7b7378c" executionId="09bef3ff-3715-4340-8a64-e6049e0080d3" testListId="8fdc9b45-31c5-4be8-9aa1-158b352e44c9" />
    <TestEntry testId="9b2bbbbd-d0db-4f6a-b1eb-d8d6d499a689" executionId="10cb6888-74f2-4b73-9bd5-51e1fae6446c" testListId="8fdc9b45-31c5-4be8-9aa1-158b352e44c9" />
    <TestEntry testId="8df625d5-997d-4a40-8ea6-d33b388ca34b" executionId="e19fbf11-1e9c-434d-aa6d-ae031b1e0a14" testListId="8fdc9b45-31c5-4be8-9aa1-158b352e44c9" />
    <TestEntry testId="c0b8e50e-82e1-48d3-8b32-22c994913f67" executionId="4b10d067-0969-4dd5-a40c-fdf76816aa5e" testListId="8fdc9b45-31c5-4be8-9aa1-158b352e44c9" />
    <TestEntry testId="805cc31c-f363-4d26-aa4f-5636688a50d5" executionId="f68c1983-3a3e-40fb-afc8-29fbb19bb56c" testListId="8fdc9b45-31c5-4be8-9aa1-158b352e44c9" />
    <TestEntry testId="b606f153-04f6-468c-a867-b816ee751285" executionId="f5c8e484-a790-4b66-a107-0e489e0885b0" testListId="8fdc9b45-31c5-4be8-9aa1-158b352e44c9" />
    <TestEntry testId="dc87c04a-a23f-43e3-b509-906220d924a7" executionId="fbcbd1bf-a578-4c21-b561-df23dc8f52d9" testListId="8fdc9b45-31c5-4be8-9aa1-158b352e44c9" />
    <TestEntry testId="31b2428d-78f3-45dd-b240-29a276866b0a" executionId="da2167b4-b587-47c2-8d2d-36e03bf06cb8" testListId="8fdc9b45-31c5-4be8-9aa1-158b352e44c9" />
    <TestEntry testId="9b2b763b-0ad1-4252-8171-d004ed5dd758" executionId="c4b2a7f2-80a2-4a98-9984-c3a100950c4f" testListId="8fdc9b45-31c5-4be8-9aa1-158b352e44c9" />
    <TestEntry testId="0af8fcc4-72a3-4305-a62b-e06128f7b932" executionId="0157784d-e84c-4ce8-b598-fecfc95c0916" testListId="8fdc9b45-31c5-4be8-9aa1-158b352e44c9" />
    <TestEntry testId="a72caa8e-8697-4c60-91ef-58f171ec5456" executionId="9f33a211-642d-42c6-9c91-a6b92ef655a1" testListId="8fdc9b45-31c5-4be8-9aa1-158b352e44c9" />
    <TestEntry testId="a29672d5-d1c6-4191-a11c-ec9815a0f93f" executionId="27b6df0e-fdf3-4880-8e53-dd7bd64f4dcb" testListId="8fdc9b45-31c5-4be8-9aa1-158b352e44c9" />
    <TestEntry testId="0d421769-fc68-49f4-88c0-2a9428138129" executionId="47ac19c9-674e-4ab4-9781-23f121f50a66" testListId="8fdc9b45-31c5-4be8-9aa1-158b352e44c9" />
    <TestEntry testId="aa68522c-eb89-46d0-8e70-b008a237eb5e" executionId="ecf8656e-5350-4b5d-9fd4-f72b7fb70e63" testListId="8fdc9b45-31c5-4be8-9aa1-158b352e44c9" />
    <TestEntry testId="0f90f2c3-36f0-4122-85f3-03e52b53e754" executionId="52763ad2-76d8-42dc-9414-a0cfcf5fc2db" testListId="8fdc9b45-31c5-4be8-9aa1-158b352e44c9" />
    <TestEntry testId="57294e9f-3109-4f0e-8a49-95d29b48a702" executionId="26fc36e5-72fd-4749-b3f9-13baf6bf4fdd" testListId="8fdc9b45-31c5-4be8-9aa1-158b352e44c9" />
    <TestEntry testId="2de90ec8-3c5b-4075-a63b-e42694cbc619" executionId="03e167c3-3bb0-44c2-bc8a-c2934bff87e1" testListId="8fdc9b45-31c5-4be8-9aa1-158b352e44c9" />
    <TestEntry testId="c2513357-7b94-4c5f-ac54-d9aef8688ac9" executionId="554d4bdd-5698-4f0f-a4af-3032eff30a49" testListId="8fdc9b45-31c5-4be8-9aa1-158b352e44c9" />
    <TestEntry testId="93f78fdd-f8b2-4a3f-99f7-97eaccd99241" executionId="101a6226-4510-407d-a6be-596d451af334" testListId="8fdc9b45-31c5-4be8-9aa1-158b352e44c9" />
    <TestEntry testId="860f1246-448a-4ba4-b7ec-411c73536fbb" executionId="a34c9299-042a-4564-a1b6-26274102bddd" testListId="8fdc9b45-31c5-4be8-9aa1-158b352e44c9" />
    <TestEntry testId="10453e02-0a21-4912-ae33-c567083c22cc" executionId="d0f23a5e-77ef-4d49-b70d-0deb0c443e95" testListId="8fdc9b45-31c5-4be8-9aa1-158b352e44c9" />
    <TestEntry testId="d72c5840-7c9c-4e64-95da-4ed0bf3f8f25" executionId="5d9d2099-8bae-4cf3-adc7-0938e5427ca5" testListId="8fdc9b45-31c5-4be8-9aa1-158b352e44c9" />
    <TestEntry testId="09d6772d-d067-4c07-a470-9044f7b3cba1" executionId="6c3a8188-f564-40e9-b5e3-b4d6ab774a77" testListId="8fdc9b45-31c5-4be8-9aa1-158b352e44c9" />
    <TestEntry testId="ba8eca77-e8aa-4553-be27-42daa9074846" executionId="0d34ac4b-8362-4904-b0d0-a1cf5bb365af" testListId="8fdc9b45-31c5-4be8-9aa1-158b352e44c9" />
    <TestEntry testId="f5eb6797-7d68-462d-be31-5e500b57fe5f" executionId="02966825-9429-47e9-9242-cb9b70e4b82e" testListId="8fdc9b45-31c5-4be8-9aa1-158b352e44c9" />
    <TestEntry testId="51431125-df69-41d3-9144-a55515295b4e" executionId="17f6bac5-d7cb-43e8-a1ac-eeb149b69e84" testListId="8fdc9b45-31c5-4be8-9aa1-158b352e44c9" />
    <TestEntry testId="05dbaf45-6fa0-4bff-9eaa-ba8ff24e9b08" executionId="7a036760-e5b6-46a1-a722-05d66aed290f" testListId="8fdc9b45-31c5-4be8-9aa1-158b352e44c9" />
    <TestEntry testId="89b5dae9-f861-4fd5-9fcb-7d033d9b75a6" executionId="92da65ab-4733-401e-90d2-67fee4d0e0ba" testListId="8fdc9b45-31c5-4be8-9aa1-158b352e44c9" />
    <TestEntry testId="f2d2efb8-a6fa-48a7-8d1c-466a12a1e71d" executionId="fe48d5db-98d8-436c-b718-8b76505d8f3b" testListId="8fdc9b45-31c5-4be8-9aa1-158b352e44c9" />
    <TestEntry testId="072c475c-a15f-4c69-9072-450b40a84c55" executionId="7b58a0aa-cf81-4284-9c78-739cc7e7dd8b" testListId="8fdc9b45-31c5-4be8-9aa1-158b352e44c9" />
    <TestEntry testId="67a91502-3a76-4eb5-8990-bb3c0eea8be0" executionId="65caea52-2a56-4494-99a5-5032a31aa5ac" testListId="8fdc9b45-31c5-4be8-9aa1-158b352e44c9" />
    <TestEntry testId="49106b15-e763-4ecd-8b2f-6462ad47e088" executionId="9d3fb1c6-21b8-496c-b6b4-d06f96a01085" testListId="8fdc9b45-31c5-4be8-9aa1-158b352e44c9" />
    <TestEntry testId="af6a2508-f303-407e-b192-5d8274a866d7" executionId="3c13fa26-86f7-4118-82f1-d538fc689907" testListId="8fdc9b45-31c5-4be8-9aa1-158b352e44c9" />
    <TestEntry testId="9b15f272-8fc5-4cb3-b45d-a9188a6587a2" executionId="8887a199-6b4b-4545-bffd-16afcdd63fb2" testListId="8fdc9b45-31c5-4be8-9aa1-158b352e44c9" />
    <TestEntry testId="c5a6ffd6-36c6-490a-8808-e8d324c4678b" executionId="430ba72c-e0ee-447d-9dc8-04b5b6842795" testListId="8fdc9b45-31c5-4be8-9aa1-158b352e44c9" />
    <TestEntry testId="6b549b5c-8619-4b32-814a-7e0d609ce343" executionId="c05b7b5f-42b5-4384-98fc-84cecc236525" testListId="8fdc9b45-31c5-4be8-9aa1-158b352e44c9" />
    <TestEntry testId="927ccca4-6ab0-43f8-811d-3fecdecaa14e" executionId="80ba1fa4-e427-4211-9283-b17eac7eb3e5" testListId="8fdc9b45-31c5-4be8-9aa1-158b352e44c9" />
    <TestEntry testId="9e8ad49a-0ac9-4eae-b536-2aab2c35da6b" executionId="376e422b-2a7b-4391-be6d-b1b4b20cd36d" testListId="8fdc9b45-31c5-4be8-9aa1-158b352e44c9" />
    <TestEntry testId="cc5f3495-9d8a-4c31-97da-ff54108e7aaa" executionId="5f7b404b-0f55-4dc1-bbe2-139b50438df6" testListId="8fdc9b45-31c5-4be8-9aa1-158b352e44c9" />
    <TestEntry testId="d3e5e9ab-ea97-42a2-8b0f-ef212642c277" executionId="7ccff630-191f-47ab-b813-d48830d9870c" testListId="8fdc9b45-31c5-4be8-9aa1-158b352e44c9" />
    <TestEntry testId="95f4392d-c4c5-43f9-9c95-12fcf938c3da" executionId="af8ed239-4b6d-45f5-aecc-c3e587069d23" testListId="8fdc9b45-31c5-4be8-9aa1-158b352e44c9" />
    <TestEntry testId="4ff9f65b-6f8e-42c2-8806-6776d4491860" executionId="f461fbb8-bcf6-4141-901a-fbc8e9c42548" testListId="8fdc9b45-31c5-4be8-9aa1-158b352e44c9" />
    <TestEntry testId="d5104c71-785c-431e-bb68-298cebfa4d7f" executionId="ff078fe3-852b-49f9-ba2a-f5c9fe3a0c0d" testListId="8fdc9b45-31c5-4be8-9aa1-158b352e44c9" />
    <TestEntry testId="0db64594-c1af-43c2-b17b-b0e5113d41ec" executionId="f6bedd41-1d27-45d1-8400-4f3926578377" testListId="8fdc9b45-31c5-4be8-9aa1-158b352e44c9" />
  </TestEntries>
  <TestLists>
    <TestList name="Results Not in a List" id="8fdc9b45-31c5-4be8-9aa1-158b352e44c9" />
    <TestList name="All Loaded Results" id="79beb955-d7b7-4d41-bd20-c9c2be9ae22c" />
  </TestLists>
</TestRun>