<?xml version="1.0" encoding="UTF-8"?>
<TestRun id="e34f9688-ba38-42a4-a702-bd423202ee78" name="Test Run 22" runUser="Oles Galatsan" xmlns="http://microsoft.com/schemas/VisualStudio/TeamTest/2010">
  <Times creation="2025-05-14T13:20:31.3125482Z" queuing="2025-05-14T13:20:31.3125482Z" start="2025-05-14T13:20:31.3146610Z" finish="2025-05-14T13:25:31.3147553Z" />
  <TestSettings name="Test Settings 22" id="c52ceb1b-a98e-415c-9ee9-72c5e490dc42" />
  <Results>
    <UnitTestResult executionId="df137cff-9aa8-46ef-9c5c-69faf1d0c76f" testId="75f92e72-413d-4997-b219-099c3fd06168" testName="Test2101" computerName="UA-LPT-OGA2" duration="00:00:00.2550000" startTime="2025-05-14T13:20:31.3146610Z" endTime="2025-05-14T13:25:31.3147553Z" testType="13cdc9d9-ddb5-4fa4-a97d-d965ccfc6d4b" outcome="Passed" testListId="1d8be660-8e27-49ef-be08-c51e4a3745ea" />
    <UnitTestResult executionId="89919dfe-9c47-4b54-8a5f-84a06f312578" testId="0392fa2e-607b-470d-b43c-8397ac9464b2" testName="Test2102" computerName="UA-LPT-OGA2" duration="00:00:00.1990000" startTime="2025-05-14T13:20:31.3146610Z" endTime="2025-05-14T13:25:31.3147553Z" testType="13cdc9d9-ddb5-4fa4-a97d-d965ccfc6d4b" outcome="Passed" testListId="1d8be660-8e27-49ef-be08-c51e4a3745ea" />
    <UnitTestResult executionId="1adb21ba-8282-439d-8b7d-d56bfb458087" testId="c78b1546-0e59-4964-9348-5931771c96a4" testName="Test2103" computerName="UA-LPT-OGA2" duration="00:00:00.8060000" startTime="2025-05-14T13:20:31.3146610Z" endTime="2025-05-14T13:25:31.3147553Z" testType="13cdc9d9-ddb5-4fa4-a97d-d965ccfc6d4b" outcome="Passed" testListId="1d8be660-8e27-49ef-be08-c51e4a3745ea" />
    <UnitTestResult executionId="cad9486f-ca23-4ac4-8580-20dc59565ea3" testId="8663196b-cdad-40fc-843e-c2a1b170e8fd" testName="Test2104" computerName="UA-LPT-OGA2" duration="00:00:01.9820000" startTime="2025-05-14T13:20:31.3146610Z" endTime="2025-05-14T13:25:31.3147553Z" testType="13cdc9d9-ddb5-4fa4-a97d-d965ccfc6d4b" outcome="Passed" testListId="1d8be660-8e27-49ef-be08-c51e4a3745ea" />
    <UnitTestResult executionId="339f1052-573d-48ec-8403-555d026979f4" testId="7a62489e-6883-4d75-a316-bb6c881ee8bf" testName="Test2105" computerName="UA-LPT-OGA2" duration="00:00:01.2190000" startTime="2025-05-14T13:20:31.3146610Z" endTime="2025-05-14T13:25:31.3147553Z" testType="13cdc9d9-ddb5-4fa4-a97d-d965ccfc6d4b" outcome="Passed" testListId="1d8be660-8e27-49ef-be08-c51e4a3745ea" />
    <UnitTestResult executionId="d9bb1152-98ae-4b46-b85b-5219662fa02f" testId="77642e7c-6778-4f16-a39e-f5a65500d0bc" testName="Test2106" computerName="UA-LPT-OGA2" duration="00:00:00.8110000" startTime="2025-05-14T13:20:31.3146610Z" endTime="2025-05-14T13:25:31.3147553Z" testType="13cdc9d9-ddb5-4fa4-a97d-d965ccfc6d4b" outcome="Passed" testListId="1d8be660-8e27-49ef-be08-c51e4a3745ea" />
    <UnitTestResult executionId="590db185-f363-4c9c-8abe-7d99c019c2c7" testId="8c9b93e6-96f8-4e81-be9e-de4f910fa260" testName="Test2107" computerName="UA-LPT-OGA2" duration="00:00:01.2590000" startTime="2025-05-14T13:20:31.3146610Z" endTime="2025-05-14T13:25:31.3147553Z" testType="13cdc9d9-ddb5-4fa4-a97d-d965ccfc6d4b" outcome="Passed" testListId="1d8be660-8e27-49ef-be08-c51e4a3745ea" />
    <UnitTestResult executionId="4ab33004-a9c0-4b32-97a1-17704c678cb1" testId="e8fcc919-82c7-43fa-a500-485d90e116e1" testName="Test2108" computerName="UA-LPT-OGA2" duration="00:00:01.2530000" startTime="2025-05-14T13:20:31.3146610Z" endTime="2025-05-14T13:25:31.3147553Z" testType="13cdc9d9-ddb5-4fa4-a97d-d965ccfc6d4b" outcome="Passed" testListId="1d8be660-8e27-49ef-be08-c51e4a3745ea" />
    <UnitTestResult executionId="896c8721-2446-459c-934a-d7d375c3605d" testId="bd4207c9-6fb3-4465-b4ae-ed7bc191be1b" testName="Test2109" computerName="UA-LPT-OGA2" duration="00:00:00.8530000" startTime="2025-05-14T13:20:31.3146610Z" endTime="2025-05-14T13:25:31.3147553Z" testType="13cdc9d9-ddb5-4fa4-a97d-d965ccfc6d4b" outcome="Passed" testListId="1d8be660-8e27-49ef-be08-c51e4a3745ea" />
    <UnitTestResult executionId="56c808d3-ceee-46ae-8c99-53ee3831889f" testId="206517ed-b89c-4292-85ce-a16649609ab9" testName="Test2110" computerName="UA-LPT-OGA2" duration="00:00:01.8490000" startTime="2025-05-14T13:20:31.3146610Z" endTime="2025-05-14T13:25:31.3147553Z" testType="13cdc9d9-ddb5-4fa4-a97d-d965ccfc6d4b" outcome="Passed" testListId="1d8be660-8e27-49ef-be08-c51e4a3745ea" />
    <UnitTestResult executionId="0d3ac4f8-a3b6-4123-b3ad-2cb308b94a3c" testId="b5dfc5e6-4eb8-42d4-9d43-807820ec30be" testName="Test2111" computerName="UA-LPT-OGA2" duration="00:00:01.0390000" startTime="2025-05-14T13:20:31.3146610Z" endTime="2025-05-14T13:25:31.3147553Z" testType="13cdc9d9-ddb5-4fa4-a97d-d965ccfc6d4b" outcome="Passed" testListId="1d8be660-8e27-49ef-be08-c51e4a3745ea" />
    <UnitTestResult executionId="c4cd838e-9273-465e-9cc0-2a7179e5f1a8" testId="8ab7a910-e46c-4881-8718-f0bdef2f9963" testName="Test2112" computerName="UA-LPT-OGA2" duration="00:00:00.1570000" startTime="2025-05-14T13:20:31.3146610Z" endTime="2025-05-14T13:25:31.3147553Z" testType="13cdc9d9-ddb5-4fa4-a97d-d965ccfc6d4b" outcome="Passed" testListId="1d8be660-8e27-49ef-be08-c51e4a3745ea" />
    <UnitTestResult executionId="a121c589-58b3-4b91-9c98-80d3ae56cb02" testId="228482ba-adb3-47ca-aad7-771f13b5bf1b" testName="Test2113" computerName="UA-LPT-OGA2" duration="00:00:00.1070000" startTime="2025-05-14T13:20:31.3146610Z" endTime="2025-05-14T13:25:31.3147553Z" testType="13cdc9d9-ddb5-4fa4-a97d-d965ccfc6d4b" outcome="Passed" testListId="1d8be660-8e27-49ef-be08-c51e4a3745ea" />
    <UnitTestResult executionId="83c3800c-6d48-473a-80ed-a0def39a2b03" testId="1c7c526f-7674-4fc0-84b9-1590ff1afadf" testName="Test2114" computerName="UA-LPT-OGA2" duration="00:00:00.4060000" startTime="2025-05-14T13:20:31.3146610Z" endTime="2025-05-14T13:25:31.3147553Z" testType="13cdc9d9-ddb5-4fa4-a97d-d965ccfc6d4b" outcome="Passed" testListId="1d8be660-8e27-49ef-be08-c51e4a3745ea" />
    <UnitTestResult executionId="2b33fbdd-c2f2-46e0-a007-fe7f79c199c9" testId="c407286a-7461-4755-a02f-aff09ec70c75" testName="Test2115" computerName="UA-LPT-OGA2" duration="00:00:01.4820000" startTime="2025-05-14T13:20:31.3146610Z" endTime="2025-05-14T13:25:31.3147553Z" testType="13cdc9d9-ddb5-4fa4-a97d-d965ccfc6d4b" outcome="Passed" testListId="1d8be660-8e27-49ef-be08-c51e4a3745ea" />
    <UnitTestResult executionId="a3dbbc67-5f50-46e7-8063-ddb294ba9e5b" testId="0ddae943-8a04-478a-8aef-80ef5c85874d" testName="Test2116" computerName="UA-LPT-OGA2" duration="00:00:00.9610000" startTime="2025-05-14T13:20:31.3146610Z" endTime="2025-05-14T13:25:31.3147553Z" testType="13cdc9d9-ddb5-4fa4-a97d-d965ccfc6d4b" outcome="Passed" testListId="1d8be660-8e27-49ef-be08-c51e4a3745ea" />
    <UnitTestResult executionId="60c78bd3-4e45-468e-b19e-9b9bed4460f1" testId="93d752b6-c6ed-48cf-992f-96d7635fddec" testName="Test2117" computerName="UA-LPT-OGA2" duration="00:00:00.7950000" startTime="2025-05-14T13:20:31.3146610Z" endTime="2025-05-14T13:25:31.3147553Z" testType="13cdc9d9-ddb5-4fa4-a97d-d965ccfc6d4b" outcome="Passed" testListId="1d8be660-8e27-49ef-be08-c51e4a3745ea" />
    <UnitTestResult executionId="93ecd545-382e-4cda-88e1-d23c07c7ba9a" testId="286153bb-436c-479f-8a52-1ac7b3b93e33" testName="Test2118" computerName="UA-LPT-OGA2" duration="00:00:01.2600000" startTime="2025-05-14T13:20:31.3146610Z" endTime="2025-05-14T13:25:31.3147553Z" testType="13cdc9d9-ddb5-4fa4-a97d-d965ccfc6d4b" outcome="Passed" testListId="1d8be660-8e27-49ef-be08-c51e4a3745ea" />
    <UnitTestResult executionId="f350ae0c-01f8-479c-b1c4-dba8c56127d1" testId="d09b012c-bded-4149-ad92-74a6a6fafe0b" testName="Test2119" computerName="UA-LPT-OGA2" duration="00:00:00.8140000" startTime="2025-05-14T13:20:31.3146610Z" endTime="2025-05-14T13:25:31.3147553Z" testType="13cdc9d9-ddb5-4fa4-a97d-d965ccfc6d4b" outcome="Passed" testListId="1d8be660-8e27-49ef-be08-c51e4a3745ea" />
    <UnitTestResult executionId="ee40f6e4-82f3-4204-8875-44768bdcd4cc" testId="b69fbff1-a42e-40a8-87b9-b33560e301fe" testName="Test2120" computerName="UA-LPT-OGA2" duration="00:00:01.4760000" startTime="2025-05-14T13:20:31.3146610Z" endTime="2025-05-14T13:25:31.3147553Z" testType="13cdc9d9-ddb5-4fa4-a97d-d965ccfc6d4b" outcome="Failed" testListId="1d8be660-8e27-49ef-be08-c51e4a3745ea">
      <Output>
        <ErrorInfo>
          <Message>Assertion failed: Expected value did not match actual value.</Message>
          <StackTrace>   at TestNamespace.TestClass.Test() in TestClass.cs:line 55</StackTrace>
        </ErrorInfo>
      </Output>
    </UnitTestResult>
    <UnitTestResult executionId="031b8a1a-259c-4714-9029-0600013ae216" testId="fc47398e-350c-4833-933c-18306de75137" testName="Test2121" computerName="UA-LPT-OGA2" duration="00:00:00.7830000" startTime="2025-05-14T13:20:31.3146610Z" endTime="2025-05-14T13:25:31.3147553Z" testType="13cdc9d9-ddb5-4fa4-a97d-d965ccfc6d4b" outcome="Passed" testListId="1d8be660-8e27-49ef-be08-c51e4a3745ea" />
    <UnitTestResult executionId="c1744798-07ff-4f4d-ab0e-d713467836c2" testId="4f95f1cf-95e8-4776-98ce-4f8dc0a690ff" testName="Test2122" computerName="UA-LPT-OGA2" duration="00:00:00.6630000" startTime="2025-05-14T13:20:31.3146610Z" endTime="2025-05-14T13:25:31.3147553Z" testType="13cdc9d9-ddb5-4fa4-a97d-d965ccfc6d4b" outcome="Passed" testListId="1d8be660-8e27-49ef-be08-c51e4a3745ea" />
    <UnitTestResult executionId="dbd7efb8-d77d-4959-a15f-0461180a1361" testId="074b5f65-2ea3-4ae3-9a4c-a285b68bc09f" testName="Test2123" computerName="UA-LPT-OGA2" duration="00:00:01.4840000" startTime="2025-05-14T13:20:31.3146610Z" endTime="2025-05-14T13:25:31.3147553Z" testType="13cdc9d9-ddb5-4fa4-a97d-d965ccfc6d4b" outcome="Passed" testListId="1d8be660-8e27-49ef-be08-c51e4a3745ea" />
    <UnitTestResult executionId="53d82af8-3192-4b92-b72c-3c5d806e764b" testId="7018cc7d-9b8f-44b7-85e4-77989c2f1112" testName="Test2124" computerName="UA-LPT-OGA2" duration="00:00:01.4810000" startTime="2025-05-14T13:20:31.3146610Z" endTime="2025-05-14T13:25:31.3147553Z" testType="13cdc9d9-ddb5-4fa4-a97d-d965ccfc6d4b" outcome="Passed" testListId="1d8be660-8e27-49ef-be08-c51e4a3745ea" />
    <UnitTestResult executionId="cf10ddcd-8523-4908-9153-7068f288e91e" testId="9ce2d2aa-9a5d-442f-9f88-0da8851ebea7" testName="Test2125" computerName="UA-LPT-OGA2" duration="00:00:01.5270000" startTime="2025-05-14T13:20:31.3146610Z" endTime="2025-05-14T13:25:31.3147553Z" testType="13cdc9d9-ddb5-4fa4-a97d-d965ccfc6d4b" outcome="Failed" testListId="1d8be660-8e27-49ef-be08-c51e4a3745ea">
      <Output>
        <ErrorInfo>
          <Message>Assertion failed: Expected value did not match actual value.</Message>
          <StackTrace>   at TestNamespace.TestClass.Test() in TestClass.cs:line 150</StackTrace>
        </ErrorInfo>
      </Output>
    </UnitTestResult>
    <UnitTestResult executionId="e0999679-9f95-4248-920a-d7defe6a0323" testId="7ed3f96c-6c1c-45cb-99e6-2d4c03743b24" testName="Test2126" computerName="UA-LPT-OGA2" duration="00:00:00.3890000" startTime="2025-05-14T13:20:31.3146610Z" endTime="2025-05-14T13:25:31.3147553Z" testType="13cdc9d9-ddb5-4fa4-a97d-d965ccfc6d4b" outcome="Passed" testListId="1d8be660-8e27-49ef-be08-c51e4a3745ea" />
    <UnitTestResult executionId="c0de81d2-4310-4488-afa2-e2a9dbc25378" testId="7e29fe87-eba6-4993-ab80-a7a59b4a5762" testName="Test2127" computerName="UA-LPT-OGA2" duration="00:00:01.9320000" startTime="2025-05-14T13:20:31.3146610Z" endTime="2025-05-14T13:25:31.3147553Z" testType="13cdc9d9-ddb5-4fa4-a97d-d965ccfc6d4b" outcome="Passed" testListId="1d8be660-8e27-49ef-be08-c51e4a3745ea" />
    <UnitTestResult executionId="d33c8b8f-1143-43ae-ba34-ca86fa263a6f" testId="c19dcf01-ca0f-4316-b3d7-51d5efd6b1e3" testName="Test2128" computerName="UA-LPT-OGA2" duration="00:00:00.3970000" startTime="2025-05-14T13:20:31.3146610Z" endTime="2025-05-14T13:25:31.3147553Z" testType="13cdc9d9-ddb5-4fa4-a97d-d965ccfc6d4b" outcome="Passed" testListId="1d8be660-8e27-49ef-be08-c51e4a3745ea" />
    <UnitTestResult executionId="d1d57124-5a14-43e1-b828-003a13782b8a" testId="a067f0b2-4b57-40ac-a179-f783412effc3" testName="Test2129" computerName="UA-LPT-OGA2" duration="00:00:00.5280000" startTime="2025-05-14T13:20:31.3146610Z" endTime="2025-05-14T13:25:31.3147553Z" testType="13cdc9d9-ddb5-4fa4-a97d-d965ccfc6d4b" outcome="Passed" testListId="1d8be660-8e27-49ef-be08-c51e4a3745ea" />
    <UnitTestResult executionId="ba20a29f-67e3-436a-aa60-9b4542a93559" testId="b61e8614-0ce2-4b47-a5a2-8700bbd7d823" testName="Test2130" computerName="UA-LPT-OGA2" duration="00:00:00.3330000" startTime="2025-05-14T13:20:31.3146610Z" endTime="2025-05-14T13:25:31.3147553Z" testType="13cdc9d9-ddb5-4fa4-a97d-d965ccfc6d4b" outcome="Passed" testListId="1d8be660-8e27-49ef-be08-c51e4a3745ea" />
    <UnitTestResult executionId="9f36e66b-846d-495a-b609-fe7c84b761a7" testId="8f4fdd81-2008-4f92-af6c-6d97f811bf99" testName="Test2131" computerName="UA-LPT-OGA2" duration="00:00:01.5560000" startTime="2025-05-14T13:20:31.3146610Z" endTime="2025-05-14T13:25:31.3147553Z" testType="13cdc9d9-ddb5-4fa4-a97d-d965ccfc6d4b" outcome="Passed" testListId="1d8be660-8e27-49ef-be08-c51e4a3745ea" />
    <UnitTestResult executionId="3017953f-16ca-411e-b959-10a98cf85f9d" testId="89590f8a-ca5f-43ee-bb5b-2321bacf0526" testName="Test2132" computerName="UA-LPT-OGA2" duration="00:00:00.3390000" startTime="2025-05-14T13:20:31.3146610Z" endTime="2025-05-14T13:25:31.3147553Z" testType="13cdc9d9-ddb5-4fa4-a97d-d965ccfc6d4b" outcome="Passed" testListId="1d8be660-8e27-49ef-be08-c51e4a3745ea" />
    <UnitTestResult executionId="0ef74e9d-d9fb-4d46-9bf6-c0a25896395d" testId="13d57ad1-9f62-4a19-b160-22de2ba944c1" testName="Test2133" computerName="UA-LPT-OGA2" duration="00:00:01.4840000" startTime="2025-05-14T13:20:31.3146610Z" endTime="2025-05-14T13:25:31.3147553Z" testType="13cdc9d9-ddb5-4fa4-a97d-d965ccfc6d4b" outcome="Passed" testListId="1d8be660-8e27-49ef-be08-c51e4a3745ea" />
    <UnitTestResult executionId="5ac64a1c-ea57-4cc6-a581-cf6081318c62" testId="ce74b866-e849-4d87-9a09-2cdbb60d2766" testName="Test2134" computerName="UA-LPT-OGA2" duration="00:00:00.1300000" startTime="2025-05-14T13:20:31.3146610Z" endTime="2025-05-14T13:25:31.3147553Z" testType="13cdc9d9-ddb5-4fa4-a97d-d965ccfc6d4b" outcome="Passed" testListId="1d8be660-8e27-49ef-be08-c51e4a3745ea" />
    <UnitTestResult executionId="651116a5-32f5-48b0-806a-9dc460fb46af" testId="2c6087db-387f-4f14-ab64-4b13bd944459" testName="Test2135" computerName="UA-LPT-OGA2" duration="00:00:01.0820000" startTime="2025-05-14T13:20:31.3146610Z" endTime="2025-05-14T13:25:31.3147553Z" testType="13cdc9d9-ddb5-4fa4-a97d-d965ccfc6d4b" outcome="Passed" testListId="1d8be660-8e27-49ef-be08-c51e4a3745ea" />
    <UnitTestResult executionId="e98019cd-bda0-44a0-8ccb-e6ed2a714b74" testId="c9978369-8fec-4517-b6a7-47f56b4c5bd7" testName="Test2136" computerName="UA-LPT-OGA2" duration="00:00:00.1050000" startTime="2025-05-14T13:20:31.3146610Z" endTime="2025-05-14T13:25:31.3147553Z" testType="13cdc9d9-ddb5-4fa4-a97d-d965ccfc6d4b" outcome="Passed" testListId="1d8be660-8e27-49ef-be08-c51e4a3745ea" />
    <UnitTestResult executionId="e75e9605-b146-420e-9070-b0235705d8d7" testId="6def2bb1-af5e-4bd5-9b67-f9179bf5dd9d" testName="Test2137" computerName="UA-LPT-OGA2" duration="00:00:01.2220000" startTime="2025-05-14T13:20:31.3146610Z" endTime="2025-05-14T13:25:31.3147553Z" testType="13cdc9d9-ddb5-4fa4-a97d-d965ccfc6d4b" outcome="Passed" testListId="1d8be660-8e27-49ef-be08-c51e4a3745ea" />
    <UnitTestResult executionId="0d33ba44-96f4-4328-aebc-0bafb6bb02df" testId="e3f98ad7-7f79-4a5e-8f34-380fdaeaab47" testName="Test2138" computerName="UA-LPT-OGA2" duration="00:00:00.2700000" startTime="2025-05-14T13:20:31.3146610Z" endTime="2025-05-14T13:25:31.3147553Z" testType="13cdc9d9-ddb5-4fa4-a97d-d965ccfc6d4b" outcome="Passed" testListId="1d8be660-8e27-49ef-be08-c51e4a3745ea" />
    <UnitTestResult executionId="9a52d817-1834-41a2-8ca0-66d1882884e1" testId="81c5de88-916b-4307-b7df-32d33287e40b" testName="Test2139" computerName="UA-LPT-OGA2" duration="00:00:01.9230000" startTime="2025-05-14T13:20:31.3146610Z" endTime="2025-05-14T13:25:31.3147553Z" testType="13cdc9d9-ddb5-4fa4-a97d-d965ccfc6d4b" outcome="Passed" testListId="1d8be660-8e27-49ef-be08-c51e4a3745ea" />
    <UnitTestResult executionId="87791fd4-5446-47f2-a83f-449979080959" testId="e1130d9d-1572-4f07-a9d8-38732a813f8a" testName="Test2140" computerName="UA-LPT-OGA2" duration="00:00:01.9240000" startTime="2025-05-14T13:20:31.3146610Z" endTime="2025-05-14T13:25:31.3147553Z" testType="13cdc9d9-ddb5-4fa4-a97d-d965ccfc6d4b" outcome="Passed" testListId="1d8be660-8e27-49ef-be08-c51e4a3745ea" />
    <UnitTestResult executionId="bb16723d-65b3-416e-939e-d753b7f931a8" testId="63e9439a-c4ac-40e3-af2c-3176bd2a883c" testName="Test2141" computerName="UA-LPT-OGA2" duration="00:00:00.1230000" startTime="2025-05-14T13:20:31.3146610Z" endTime="2025-05-14T13:25:31.3147553Z" testType="13cdc9d9-ddb5-4fa4-a97d-d965ccfc6d4b" outcome="Passed" testListId="1d8be660-8e27-49ef-be08-c51e4a3745ea" />
    <UnitTestResult executionId="fed1d6a5-67cf-4b86-9539-219df57e6af9" testId="1c2f56a6-0201-40af-a2e0-8ee5511eed54" testName="Test2142" computerName="UA-LPT-OGA2" duration="00:00:01.4520000" startTime="2025-05-14T13:20:31.3146610Z" endTime="2025-05-14T13:25:31.3147553Z" testType="13cdc9d9-ddb5-4fa4-a97d-d965ccfc6d4b" outcome="Passed" testListId="1d8be660-8e27-49ef-be08-c51e4a3745ea" />
    <UnitTestResult executionId="bf9917d9-bc4c-497f-85a1-1dfdc8b5b2f4" testId="29c62d59-da01-46d0-a526-885d0e9ce374" testName="Test2143" computerName="UA-LPT-OGA2" duration="00:00:01.0560000" startTime="2025-05-14T13:20:31.3146610Z" endTime="2025-05-14T13:25:31.3147553Z" testType="13cdc9d9-ddb5-4fa4-a97d-d965ccfc6d4b" outcome="Passed" testListId="1d8be660-8e27-49ef-be08-c51e4a3745ea" />
    <UnitTestResult executionId="8f354e9c-088e-48c8-b306-da377228e72c" testId="74c77472-66ca-470b-abb0-2677466d3157" testName="Test2144" computerName="UA-LPT-OGA2" duration="00:00:00.3290000" startTime="2025-05-14T13:20:31.3146610Z" endTime="2025-05-14T13:25:31.3147553Z" testType="13cdc9d9-ddb5-4fa4-a97d-d965ccfc6d4b" outcome="Passed" testListId="1d8be660-8e27-49ef-be08-c51e4a3745ea" />
    <UnitTestResult executionId="ae938e88-c6f7-4ead-aa82-708f2273519f" testId="f3ce54b2-36d7-43d3-96ca-d8f31eb76b76" testName="Test2145" computerName="UA-LPT-OGA2" duration="00:00:00.2890000" startTime="2025-05-14T13:20:31.3146610Z" endTime="2025-05-14T13:25:31.3147553Z" testType="13cdc9d9-ddb5-4fa4-a97d-d965ccfc6d4b" outcome="Passed" testListId="1d8be660-8e27-49ef-be08-c51e4a3745ea" />
    <UnitTestResult executionId="87e73139-8cb5-430e-b47c-70d5c70f1515" testId="920bdb26-06bc-43ca-9b2a-e77bdd1bbc28" testName="Test2146" computerName="UA-LPT-OGA2" duration="00:00:01.0530000" startTime="2025-05-14T13:20:31.3146610Z" endTime="2025-05-14T13:25:31.3147553Z" testType="13cdc9d9-ddb5-4fa4-a97d-d965ccfc6d4b" outcome="Passed" testListId="1d8be660-8e27-49ef-be08-c51e4a3745ea" />
    <UnitTestResult executionId="962b2d44-1e33-40e6-92f0-c6a5e2bffce8" testId="a6219c17-86f0-4292-a321-85475eeb2de9" testName="Test2147" computerName="UA-LPT-OGA2" duration="00:00:00.7180000" startTime="2025-05-14T13:20:31.3146610Z" endTime="2025-05-14T13:25:31.3147553Z" testType="13cdc9d9-ddb5-4fa4-a97d-d965ccfc6d4b" outcome="Passed" testListId="1d8be660-8e27-49ef-be08-c51e4a3745ea" />
    <UnitTestResult executionId="cbdf58f1-e491-4acb-a154-f50f6854c2ad" testId="0cbc97b6-6700-4b11-9e22-c575d38a5016" testName="Test2148" computerName="UA-LPT-OGA2" duration="00:00:01.1430000" startTime="2025-05-14T13:20:31.3146610Z" endTime="2025-05-14T13:25:31.3147553Z" testType="13cdc9d9-ddb5-4fa4-a97d-d965ccfc6d4b" outcome="Passed" testListId="1d8be660-8e27-49ef-be08-c51e4a3745ea" />
    <UnitTestResult executionId="0f0b2350-3ed6-448b-b3bf-05f929f97741" testId="3e808a48-f015-4b76-afbc-960b55fdd592" testName="Test2149" computerName="UA-LPT-OGA2" duration="00:00:00.2980000" startTime="2025-05-14T13:20:31.3146610Z" endTime="2025-05-14T13:25:31.3147553Z" testType="13cdc9d9-ddb5-4fa4-a97d-d965ccfc6d4b" outcome="Passed" testListId="1d8be660-8e27-49ef-be08-c51e4a3745ea" />
    <UnitTestResult executionId="ef3440a8-6193-4797-8cd6-941f87e3f793" testId="9b1df5f8-cb85-48d0-bcfb-e0b8346d5d79" testName="Test2150" computerName="UA-LPT-OGA2" duration="00:00:00.3470000" startTime="2025-05-14T13:20:31.3146610Z" endTime="2025-05-14T13:25:31.3147553Z" testType="13cdc9d9-ddb5-4fa4-a97d-d965ccfc6d4b" outcome="Passed" testListId="1d8be660-8e27-49ef-be08-c51e4a3745ea" />
    <UnitTestResult executionId="9d30ad88-95be-4ec6-8f3b-078bc573c513" testId="e0baf36f-dcd7-4985-a256-aacd0a118eab" testName="Test2151" computerName="UA-LPT-OGA2" duration="00:00:01.6930000" startTime="2025-05-14T13:20:31.3146610Z" endTime="2025-05-14T13:25:31.3147553Z" testType="13cdc9d9-ddb5-4fa4-a97d-d965ccfc6d4b" outcome="Passed" testListId="1d8be660-8e27-49ef-be08-c51e4a3745ea" />
    <UnitTestResult executionId="9758935d-d0fd-4cc1-b1de-d5e9920f95b3" testId="1f463451-4732-4dcf-bab3-841bc4ad014a" testName="Test2152" computerName="UA-LPT-OGA2" duration="00:00:01.6010000" startTime="2025-05-14T13:20:31.3146610Z" endTime="2025-05-14T13:25:31.3147553Z" testType="13cdc9d9-ddb5-4fa4-a97d-d965ccfc6d4b" outcome="Passed" testListId="1d8be660-8e27-49ef-be08-c51e4a3745ea" />
    <UnitTestResult executionId="16cf0c8f-ed34-4ace-84fb-babb30e3ae99" testId="f53fcb50-636b-477b-98fb-9fe1efbe9500" testName="Test2153" computerName="UA-LPT-OGA2" duration="00:00:00.5250000" startTime="2025-05-14T13:20:31.3146610Z" endTime="2025-05-14T13:25:31.3147553Z" testType="13cdc9d9-ddb5-4fa4-a97d-d965ccfc6d4b" outcome="Passed" testListId="1d8be660-8e27-49ef-be08-c51e4a3745ea" />
    <UnitTestResult executionId="ed1ee3ce-642b-4f36-84e8-c4ac6e516b7f" testId="58b876b9-fc61-49e6-9f3d-0bd9b112d3ef" testName="Test2154" computerName="UA-LPT-OGA2" duration="00:00:01.2530000" startTime="2025-05-14T13:20:31.3146610Z" endTime="2025-05-14T13:25:31.3147553Z" testType="13cdc9d9-ddb5-4fa4-a97d-d965ccfc6d4b" outcome="Passed" testListId="1d8be660-8e27-49ef-be08-c51e4a3745ea" />
    <UnitTestResult executionId="b3871a0a-d02e-48fd-a1ce-9ca3cde126be" testId="a77cdc22-316c-4ac4-af4f-ca1f54e6f154" testName="Test2155" computerName="UA-LPT-OGA2" duration="00:00:01.1900000" startTime="2025-05-14T13:20:31.3146610Z" endTime="2025-05-14T13:25:31.3147553Z" testType="13cdc9d9-ddb5-4fa4-a97d-d965ccfc6d4b" outcome="Passed" testListId="1d8be660-8e27-49ef-be08-c51e4a3745ea" />
    <UnitTestResult executionId="a6e2a6ae-ef24-4650-b437-74bc8a63452e" testId="3def55cf-fe7f-443c-b03e-02e01bb7de72" testName="Test2156" computerName="UA-LPT-OGA2" duration="00:00:01.3740000" startTime="2025-05-14T13:20:31.3146610Z" endTime="2025-05-14T13:25:31.3147553Z" testType="13cdc9d9-ddb5-4fa4-a97d-d965ccfc6d4b" outcome="Passed" testListId="1d8be660-8e27-49ef-be08-c51e4a3745ea" />
    <UnitTestResult executionId="bc3505b2-1efb-409b-acbd-1220932b0be4" testId="4ce6346d-619a-4a24-a22c-15d12cd2d8b4" testName="Test2157" computerName="UA-LPT-OGA2" duration="00:00:01.4780000" startTime="2025-05-14T13:20:31.3146610Z" endTime="2025-05-14T13:25:31.3147553Z" testType="13cdc9d9-ddb5-4fa4-a97d-d965ccfc6d4b" outcome="Passed" testListId="1d8be660-8e27-49ef-be08-c51e4a3745ea" />
    <UnitTestResult executionId="b19b3f5b-e073-4d1b-bbc6-0dfb7494a8b6" testId="83250025-f041-4625-b3c3-36f31c764919" testName="Test2158" computerName="UA-LPT-OGA2" duration="00:00:01.5110000" startTime="2025-05-14T13:20:31.3146610Z" endTime="2025-05-14T13:25:31.3147553Z" testType="13cdc9d9-ddb5-4fa4-a97d-d965ccfc6d4b" outcome="Failed" testListId="1d8be660-8e27-49ef-be08-c51e4a3745ea">
      <Output>
        <ErrorInfo>
          <Message>Assertion failed: Expected value did not match actual value.</Message>
          <StackTrace>   at TestNamespace.TestClass.Test() in TestClass.cs:line 328</StackTrace>
        </ErrorInfo>
      </Output>
    </UnitTestResult>
    <UnitTestResult executionId="7d4d39a9-a357-40dc-97c8-1249d1bae2b8" testId="5834822f-a5be-4a5e-95cb-343f44b1003c" testName="Test2159" computerName="UA-LPT-OGA2" duration="00:00:00.4160000" startTime="2025-05-14T13:20:31.3146610Z" endTime="2025-05-14T13:25:31.3147553Z" testType="13cdc9d9-ddb5-4fa4-a97d-d965ccfc6d4b" outcome="Failed" testListId="1d8be660-8e27-49ef-be08-c51e4a3745ea">
      <Output>
        <ErrorInfo>
          <Message>Assertion failed: Expected value did not match actual value.</Message>
          <StackTrace>   at TestNamespace.TestClass.Test() in TestClass.cs:line 250</StackTrace>
        </ErrorInfo>
      </Output>
    </UnitTestResult>
    <UnitTestResult executionId="5d9e7c62-7195-4b15-af0f-de9bd897f3da" testId="a8dce793-7d4d-4a81-8a9e-bb47325d0d4d" testName="Test2160" computerName="UA-LPT-OGA2" duration="00:00:00.8940000" startTime="2025-05-14T13:20:31.3146610Z" endTime="2025-05-14T13:25:31.3147553Z" testType="13cdc9d9-ddb5-4fa4-a97d-d965ccfc6d4b" outcome="Passed" testListId="1d8be660-8e27-49ef-be08-c51e4a3745ea" />
    <UnitTestResult executionId="a9ae1d41-c1c3-475c-b220-669f7f434fc2" testId="6420b71a-227d-4a66-87f6-57233a5ee880" testName="Test2161" computerName="UA-LPT-OGA2" duration="00:00:00.3730000" startTime="2025-05-14T13:20:31.3146610Z" endTime="2025-05-14T13:25:31.3147553Z" testType="13cdc9d9-ddb5-4fa4-a97d-d965ccfc6d4b" outcome="Passed" testListId="1d8be660-8e27-49ef-be08-c51e4a3745ea" />
    <UnitTestResult executionId="cf6fcf1f-0be5-4fe8-bbcb-9eefbdc1a17c" testId="d3cce488-f8c5-4e1d-9996-1b1862c2cf77" testName="Test2162" computerName="UA-LPT-OGA2" duration="00:00:01.6230000" startTime="2025-05-14T13:20:31.3146610Z" endTime="2025-05-14T13:25:31.3147553Z" testType="13cdc9d9-ddb5-4fa4-a97d-d965ccfc6d4b" outcome="Passed" testListId="1d8be660-8e27-49ef-be08-c51e4a3745ea" />
    <UnitTestResult executionId="393308a0-a3c0-46ec-939c-20aafe0e634a" testId="1c453ca4-f676-4a0b-bb3d-d85ef85126f4" testName="Test2163" computerName="UA-LPT-OGA2" duration="00:00:00.5120000" startTime="2025-05-14T13:20:31.3146610Z" endTime="2025-05-14T13:25:31.3147553Z" testType="13cdc9d9-ddb5-4fa4-a97d-d965ccfc6d4b" outcome="Passed" testListId="1d8be660-8e27-49ef-be08-c51e4a3745ea" />
    <UnitTestResult executionId="a98341e8-6950-4e77-a46e-72d29beba50b" testId="c96281a9-7e02-4c76-b052-223f3f14bf7b" testName="Test2164" computerName="UA-LPT-OGA2" duration="00:00:00.4360000" startTime="2025-05-14T13:20:31.3146610Z" endTime="2025-05-14T13:25:31.3147553Z" testType="13cdc9d9-ddb5-4fa4-a97d-d965ccfc6d4b" outcome="Passed" testListId="1d8be660-8e27-49ef-be08-c51e4a3745ea" />
    <UnitTestResult executionId="69bcff63-0d0f-424b-b843-b62fca08316f" testId="fd33265c-4d3d-4b7a-ac1c-495886b9e669" testName="Test2165" computerName="UA-LPT-OGA2" duration="00:00:00.2650000" startTime="2025-05-14T13:20:31.3146610Z" endTime="2025-05-14T13:25:31.3147553Z" testType="13cdc9d9-ddb5-4fa4-a97d-d965ccfc6d4b" outcome="Passed" testListId="1d8be660-8e27-49ef-be08-c51e4a3745ea" />
    <UnitTestResult executionId="e7d23c2a-b119-4225-9029-23b07341ce60" testId="0c94b605-0387-41d5-8138-a92d7a091dbb" testName="Test2166" computerName="UA-LPT-OGA2" duration="00:00:01.1650000" startTime="2025-05-14T13:20:31.3146610Z" endTime="2025-05-14T13:25:31.3147553Z" testType="13cdc9d9-ddb5-4fa4-a97d-d965ccfc6d4b" outcome="Passed" testListId="1d8be660-8e27-49ef-be08-c51e4a3745ea" />
    <UnitTestResult executionId="3613029f-f5e4-4c46-bc30-93f6856e325c" testId="1fcceb9c-f810-484e-8902-9c9bc9a2ce08" testName="Test2167" computerName="UA-LPT-OGA2" duration="00:00:00.7280000" startTime="2025-05-14T13:20:31.3146610Z" endTime="2025-05-14T13:25:31.3147553Z" testType="13cdc9d9-ddb5-4fa4-a97d-d965ccfc6d4b" outcome="Passed" testListId="1d8be660-8e27-49ef-be08-c51e4a3745ea" />
    <UnitTestResult executionId="032665ab-abdb-497a-8da2-bd637f0fb04c" testId="508b1031-df60-4fa6-a9e1-484d8a0321d8" testName="Test2168" computerName="UA-LPT-OGA2" duration="00:00:00.6340000" startTime="2025-05-14T13:20:31.3146610Z" endTime="2025-05-14T13:25:31.3147553Z" testType="13cdc9d9-ddb5-4fa4-a97d-d965ccfc6d4b" outcome="Passed" testListId="1d8be660-8e27-49ef-be08-c51e4a3745ea" />
    <UnitTestResult executionId="1754b710-4fd8-480c-b05e-f3e96c3a5c7e" testId="25caec7d-af26-43d7-8817-fe702b59cef6" testName="Test2169" computerName="UA-LPT-OGA2" duration="00:00:01.5280000" startTime="2025-05-14T13:20:31.3146610Z" endTime="2025-05-14T13:25:31.3147553Z" testType="13cdc9d9-ddb5-4fa4-a97d-d965ccfc6d4b" outcome="Passed" testListId="1d8be660-8e27-49ef-be08-c51e4a3745ea" />
    <UnitTestResult executionId="37da267d-7148-450d-ab14-7db92313c4bf" testId="6e8c2d35-d60c-4c63-9824-29b416bf62e2" testName="Test2170" computerName="UA-LPT-OGA2" duration="00:00:01.6240000" startTime="2025-05-14T13:20:31.3146610Z" endTime="2025-05-14T13:25:31.3147553Z" testType="13cdc9d9-ddb5-4fa4-a97d-d965ccfc6d4b" outcome="Passed" testListId="1d8be660-8e27-49ef-be08-c51e4a3745ea" />
    <UnitTestResult executionId="2f9e4172-cf73-436c-ab18-8f0de63dc6fa" testId="8c5beebc-e923-4f41-95bf-dda9e1dd746c" testName="Test2171" computerName="UA-LPT-OGA2" duration="00:00:01.5950000" startTime="2025-05-14T13:20:31.3146610Z" endTime="2025-05-14T13:25:31.3147553Z" testType="13cdc9d9-ddb5-4fa4-a97d-d965ccfc6d4b" outcome="Failed" testListId="1d8be660-8e27-49ef-be08-c51e4a3745ea">
      <Output>
        <ErrorInfo>
          <Message>Assertion failed: Expected value did not match actual value.</Message>
          <StackTrace>   at TestNamespace.TestClass.Test() in TestClass.cs:line 228</StackTrace>
        </ErrorInfo>
      </Output>
    </UnitTestResult>
    <UnitTestResult executionId="c3ea1f0c-b259-4797-abed-6f58431e0f1a" testId="8cd4205a-e5e4-49e3-acd3-87497809e5f5" testName="Test2172" computerName="UA-LPT-OGA2" duration="00:00:01.7430000" startTime="2025-05-14T13:20:31.3146610Z" endTime="2025-05-14T13:25:31.3147553Z" testType="13cdc9d9-ddb5-4fa4-a97d-d965ccfc6d4b" outcome="Passed" testListId="1d8be660-8e27-49ef-be08-c51e4a3745ea" />
    <UnitTestResult executionId="c45c10f0-c4f0-448d-84ea-3a8e923e7a1f" testId="235d5305-1919-4642-bc58-39cf2b25bef4" testName="Test2173" computerName="UA-LPT-OGA2" duration="00:00:01.7700000" startTime="2025-05-14T13:20:31.3146610Z" endTime="2025-05-14T13:25:31.3147553Z" testType="13cdc9d9-ddb5-4fa4-a97d-d965ccfc6d4b" outcome="Passed" testListId="1d8be660-8e27-49ef-be08-c51e4a3745ea" />
    <UnitTestResult executionId="0ec507d9-43fe-423d-b815-0d9567c74b8a" testId="1d962746-02aa-4ff7-a7c6-668e49ac5df2" testName="Test2174" computerName="UA-LPT-OGA2" duration="00:00:01.5920000" startTime="2025-05-14T13:20:31.3146610Z" endTime="2025-05-14T13:25:31.3147553Z" testType="13cdc9d9-ddb5-4fa4-a97d-d965ccfc6d4b" outcome="Passed" testListId="1d8be660-8e27-49ef-be08-c51e4a3745ea" />
    <UnitTestResult executionId="ee34cd46-7c11-47cd-8ec2-c9ebcd0055b5" testId="7b9aa2d7-6f82-43ab-a624-e7612a069310" testName="Test2175" computerName="UA-LPT-OGA2" duration="00:00:00.1680000" startTime="2025-05-14T13:20:31.3146610Z" endTime="2025-05-14T13:25:31.3147553Z" testType="13cdc9d9-ddb5-4fa4-a97d-d965ccfc6d4b" outcome="Passed" testListId="1d8be660-8e27-49ef-be08-c51e4a3745ea" />
    <UnitTestResult executionId="9b072e4a-be99-42eb-ac06-359954852046" testId="4ebcfa23-3c02-4e60-8e7f-785ab7e71854" testName="Test2176" computerName="UA-LPT-OGA2" duration="00:00:00.5480000" startTime="2025-05-14T13:20:31.3146610Z" endTime="2025-05-14T13:25:31.3147553Z" testType="13cdc9d9-ddb5-4fa4-a97d-d965ccfc6d4b" outcome="Passed" testListId="1d8be660-8e27-49ef-be08-c51e4a3745ea" />
    <UnitTestResult executionId="b14fd510-641c-401a-b94b-9a2f33a25fd0" testId="d6d7e55a-d810-4267-bbbb-7578b0149904" testName="Test2177" computerName="UA-LPT-OGA2" duration="00:00:00.3650000" startTime="2025-05-14T13:20:31.3146610Z" endTime="2025-05-14T13:25:31.3147553Z" testType="13cdc9d9-ddb5-4fa4-a97d-d965ccfc6d4b" outcome="Passed" testListId="1d8be660-8e27-49ef-be08-c51e4a3745ea" />
    <UnitTestResult executionId="d1ab84c1-6e3f-4cc8-8017-c4e78aea1218" testId="d3beadc1-da0c-45c9-94b7-6641b457bf2a" testName="Test2178" computerName="UA-LPT-OGA2" duration="00:00:01.2730000" startTime="2025-05-14T13:20:31.3146610Z" endTime="2025-05-14T13:25:31.3147553Z" testType="13cdc9d9-ddb5-4fa4-a97d-d965ccfc6d4b" outcome="Passed" testListId="1d8be660-8e27-49ef-be08-c51e4a3745ea" />
    <UnitTestResult executionId="df99090f-91ac-4044-ac32-c92ca83f5a0b" testId="5b02e99d-a459-40f6-8991-6cb3e1ac68e5" testName="Test2179" computerName="UA-LPT-OGA2" duration="00:00:00.2080000" startTime="2025-05-14T13:20:31.3146610Z" endTime="2025-05-14T13:25:31.3147553Z" testType="13cdc9d9-ddb5-4fa4-a97d-d965ccfc6d4b" outcome="Passed" testListId="1d8be660-8e27-49ef-be08-c51e4a3745ea" />
    <UnitTestResult executionId="917a2836-6cc2-49a2-b9cb-4ea0de05a27c" testId="74d878dc-5773-4636-a674-afc6fc05a117" testName="Test2180" computerName="UA-LPT-OGA2" duration="00:00:01.4880000" startTime="2025-05-14T13:20:31.3146610Z" endTime="2025-05-14T13:25:31.3147553Z" testType="13cdc9d9-ddb5-4fa4-a97d-d965ccfc6d4b" outcome="Passed" testListId="1d8be660-8e27-49ef-be08-c51e4a3745ea" />
    <UnitTestResult executionId="47a51b6b-61a0-46bb-bca2-f43edf4c6134" testId="042809cf-c6c6-4c0d-b54c-32ca133ffb6c" testName="Test2181" computerName="UA-LPT-OGA2" duration="00:00:00.2130000" startTime="2025-05-14T13:20:31.3146610Z" endTime="2025-05-14T13:25:31.3147553Z" testType="13cdc9d9-ddb5-4fa4-a97d-d965ccfc6d4b" outcome="Passed" testListId="1d8be660-8e27-49ef-be08-c51e4a3745ea" />
    <UnitTestResult executionId="cf9bfb5f-1e0b-4165-ba2d-77b656c45703" testId="0bed02d2-c97f-4194-ad75-dff47c2de1aa" testName="Test2182" computerName="UA-LPT-OGA2" duration="00:00:01.4980000" startTime="2025-05-14T13:20:31.3146610Z" endTime="2025-05-14T13:25:31.3147553Z" testType="13cdc9d9-ddb5-4fa4-a97d-d965ccfc6d4b" outcome="Failed" testListId="1d8be660-8e27-49ef-be08-c51e4a3745ea">
      <Output>
        <ErrorInfo>
          <Message>Assertion failed: Expected value did not match actual value.</Message>
          <StackTrace>   at TestNamespace.TestClass.Test() in TestClass.cs:line 306</StackTrace>
        </ErrorInfo>
      </Output>
    </UnitTestResult>
    <UnitTestResult executionId="b253f3ea-b416-4e28-9abd-ecd210022b61" testId="6e9f2197-1c48-4f9c-bd3e-f7eb8e518a18" testName="Test2183" computerName="UA-LPT-OGA2" duration="00:00:01.5880000" startTime="2025-05-14T13:20:31.3146610Z" endTime="2025-05-14T13:25:31.3147553Z" testType="13cdc9d9-ddb5-4fa4-a97d-d965ccfc6d4b" outcome="Passed" testListId="1d8be660-8e27-49ef-be08-c51e4a3745ea" />
    <UnitTestResult executionId="b9b6bc09-22d4-448f-9733-f8f88d6a08b0" testId="9a2c41ce-4d81-4851-9498-ef7c682e86a0" testName="Test2184" computerName="UA-LPT-OGA2" duration="00:00:01.2090000" startTime="2025-05-14T13:20:31.3146610Z" endTime="2025-05-14T13:25:31.3147553Z" testType="13cdc9d9-ddb5-4fa4-a97d-d965ccfc6d4b" outcome="Passed" testListId="1d8be660-8e27-49ef-be08-c51e4a3745ea" />
    <UnitTestResult executionId="35356a44-f051-48a6-b143-891bca30c761" testId="9ff09bc2-7259-460f-bca6-da2b522b2bd5" testName="Test2185" computerName="UA-LPT-OGA2" duration="00:00:00.2390000" startTime="2025-05-14T13:20:31.3146610Z" endTime="2025-05-14T13:25:31.3147553Z" testType="13cdc9d9-ddb5-4fa4-a97d-d965ccfc6d4b" outcome="Passed" testListId="1d8be660-8e27-49ef-be08-c51e4a3745ea" />
    <UnitTestResult executionId="17b507c3-fbe8-4d5b-93e3-27b5407f0267" testId="3a5713dd-dfe1-4c40-a393-f15fcfac0668" testName="Test2186" computerName="UA-LPT-OGA2" duration="00:00:00.0330000" startTime="2025-05-14T13:20:31.3146610Z" endTime="2025-05-14T13:25:31.3147553Z" testType="13cdc9d9-ddb5-4fa4-a97d-d965ccfc6d4b" outcome="Passed" testListId="1d8be660-8e27-49ef-be08-c51e4a3745ea" />
    <UnitTestResult executionId="b0766a12-bea5-4a72-bb86-629900a22e0b" testId="36a26b9d-5214-4c81-a581-b30530116512" testName="Test2187" computerName="UA-LPT-OGA2" duration="00:00:01.0570000" startTime="2025-05-14T13:20:31.3146610Z" endTime="2025-05-14T13:25:31.3147553Z" testType="13cdc9d9-ddb5-4fa4-a97d-d965ccfc6d4b" outcome="Passed" testListId="1d8be660-8e27-49ef-be08-c51e4a3745ea" />
    <UnitTestResult executionId="a799709a-78c1-4db7-ad3a-a2e8a9ce244c" testId="29899cd3-fa55-4c57-98e2-1f2f4b994316" testName="Test2188" computerName="UA-LPT-OGA2" duration="00:00:00.3580000" startTime="2025-05-14T13:20:31.3146610Z" endTime="2025-05-14T13:25:31.3147553Z" testType="13cdc9d9-ddb5-4fa4-a97d-d965ccfc6d4b" outcome="Passed" testListId="1d8be660-8e27-49ef-be08-c51e4a3745ea" />
    <UnitTestResult executionId="b62a2627-2ac9-4b30-95ea-c2ccd0d95ea1" testId="40d62ecd-f16f-4eed-9d73-a55603c6d9bd" testName="Test2189" computerName="UA-LPT-OGA2" duration="00:00:00.1190000" startTime="2025-05-14T13:20:31.3146610Z" endTime="2025-05-14T13:25:31.3147553Z" testType="13cdc9d9-ddb5-4fa4-a97d-d965ccfc6d4b" outcome="Passed" testListId="1d8be660-8e27-49ef-be08-c51e4a3745ea" />
    <UnitTestResult executionId="805734c5-ed31-4911-adbe-f6c50da55b70" testId="9a431798-7e62-4562-bb01-8615ef467e7f" testName="Test2190" computerName="UA-LPT-OGA2" duration="00:00:00.5920000" startTime="2025-05-14T13:20:31.3146610Z" endTime="2025-05-14T13:25:31.3147553Z" testType="13cdc9d9-ddb5-4fa4-a97d-d965ccfc6d4b" outcome="Passed" testListId="1d8be660-8e27-49ef-be08-c51e4a3745ea" />
    <UnitTestResult executionId="8e14cf92-459f-429e-a182-5066468da4c0" testId="22fb8842-b2c3-413e-983d-278aae509fe3" testName="Test2191" computerName="UA-LPT-OGA2" duration="00:00:00.5000000" startTime="2025-05-14T13:20:31.3146610Z" endTime="2025-05-14T13:25:31.3147553Z" testType="13cdc9d9-ddb5-4fa4-a97d-d965ccfc6d4b" outcome="Passed" testListId="1d8be660-8e27-49ef-be08-c51e4a3745ea" />
    <UnitTestResult executionId="df163650-c543-492d-b188-3fbde233e0aa" testId="3373d345-3947-4100-861d-6fa517a34fb4" testName="Test2192" computerName="UA-LPT-OGA2" duration="00:00:01.4130000" startTime="2025-05-14T13:20:31.3146610Z" endTime="2025-05-14T13:25:31.3147553Z" testType="13cdc9d9-ddb5-4fa4-a97d-d965ccfc6d4b" outcome="Passed" testListId="1d8be660-8e27-49ef-be08-c51e4a3745ea" />
    <UnitTestResult executionId="42e141a1-1ecc-422c-a2c8-b4e0b46d8a2d" testId="bf822232-7d2d-4262-bb30-38588bf1b675" testName="Test2193" computerName="UA-LPT-OGA2" duration="00:00:00.7780000" startTime="2025-05-14T13:20:31.3146610Z" endTime="2025-05-14T13:25:31.3147553Z" testType="13cdc9d9-ddb5-4fa4-a97d-d965ccfc6d4b" outcome="Passed" testListId="1d8be660-8e27-49ef-be08-c51e4a3745ea" />
    <UnitTestResult executionId="86fc3bd5-dc8a-45ad-b60a-7667f0fc334c" testId="6152c0c7-1171-4eab-9e13-b21968e22c4a" testName="Test2194" computerName="UA-LPT-OGA2" duration="00:00:00.2930000" startTime="2025-05-14T13:20:31.3146610Z" endTime="2025-05-14T13:25:31.3147553Z" testType="13cdc9d9-ddb5-4fa4-a97d-d965ccfc6d4b" outcome="Passed" testListId="1d8be660-8e27-49ef-be08-c51e4a3745ea" />
    <UnitTestResult executionId="d5ae3cb1-20fd-430f-a037-3ddaf5e51160" testId="5ed9693e-34c9-4d4d-a6e5-ea499663ee7a" testName="Test2195" computerName="UA-LPT-OGA2" duration="00:00:01.3200000" startTime="2025-05-14T13:20:31.3146610Z" endTime="2025-05-14T13:25:31.3147553Z" testType="13cdc9d9-ddb5-4fa4-a97d-d965ccfc6d4b" outcome="Passed" testListId="1d8be660-8e27-49ef-be08-c51e4a3745ea" />
    <UnitTestResult executionId="c994087b-0213-4cba-b33a-560cb0f03a57" testId="97bfea26-8fb8-444d-9c46-7fea96114230" testName="Test2196" computerName="UA-LPT-OGA2" duration="00:00:00.2090000" startTime="2025-05-14T13:20:31.3146610Z" endTime="2025-05-14T13:25:31.3147553Z" testType="13cdc9d9-ddb5-4fa4-a97d-d965ccfc6d4b" outcome="Passed" testListId="1d8be660-8e27-49ef-be08-c51e4a3745ea" />
    <UnitTestResult executionId="a802430c-5bc9-4ecf-b919-8ec9041e95ef" testId="fea8e3be-c73c-4d67-bdb2-1b4a24afc9d6" testName="Test2197" computerName="UA-LPT-OGA2" duration="00:00:01.3680000" startTime="2025-05-14T13:20:31.3146610Z" endTime="2025-05-14T13:25:31.3147553Z" testType="13cdc9d9-ddb5-4fa4-a97d-d965ccfc6d4b" outcome="Passed" testListId="1d8be660-8e27-49ef-be08-c51e4a3745ea" />
    <UnitTestResult executionId="ef509728-50c7-4783-8c0e-27787fdef61e" testId="5bd9ba07-3103-459a-9deb-22650fe071c9" testName="Test2198" computerName="UA-LPT-OGA2" duration="00:00:00.5970000" startTime="2025-05-14T13:20:31.3146610Z" endTime="2025-05-14T13:25:31.3147553Z" testType="13cdc9d9-ddb5-4fa4-a97d-d965ccfc6d4b" outcome="Passed" testListId="1d8be660-8e27-49ef-be08-c51e4a3745ea" />
    <UnitTestResult executionId="2824f88b-b1da-496d-853a-daffcc021899" testId="54269364-87cb-4ba2-9577-5c5da031b11c" testName="Test2199" computerName="UA-LPT-OGA2" duration="00:00:00.2980000" startTime="2025-05-14T13:20:31.3146610Z" endTime="2025-05-14T13:25:31.3147553Z" testType="13cdc9d9-ddb5-4fa4-a97d-d965ccfc6d4b" outcome="Passed" testListId="1d8be660-8e27-49ef-be08-c51e4a3745ea" />
    <UnitTestResult executionId="b5fe2a91-b6c5-4a64-bce7-bc5b06752319" testId="0bf54ede-b8b6-4b5b-b2d2-7dc2449aa7c7" testName="Test2200" computerName="UA-LPT-OGA2" duration="00:00:01.5890000" startTime="2025-05-14T13:20:31.3146610Z" endTime="2025-05-14T13:25:31.3147553Z" testType="13cdc9d9-ddb5-4fa4-a97d-d965ccfc6d4b" outcome="Passed" testListId="1d8be660-8e27-49ef-be08-c51e4a3745ea" />
  </Results>
  <TestDefinitions>
    <UnitTest name="Test2101" id="75f92e72-413d-4997-b219-099c3fd06168" storage="TestAssembly.dll">
      <Execution id="df137cff-9aa8-46ef-9c5c-69faf1d0c76f" />
      <TestMethod codeBase="TestAssembly.dll" className="TestNamespace.TestClass1" name="Test2101" />
    </UnitTest>
    <UnitTest name="Test2102" id="0392fa2e-607b-470d-b43c-8397ac9464b2" storage="TestAssembly.dll">
      <Execution id="89919dfe-9c47-4b54-8a5f-84a06f312578" />
      <TestMethod codeBase="TestAssembly.dll" className="TestNamespace.TestClass1" name="Test2102" />
    </UnitTest>
    <UnitTest name="Test2103" id="c78b1546-0e59-4964-9348-5931771c96a4" storage="TestAssembly.dll">
      <Execution id="1adb21ba-8282-439d-8b7d-d56bfb458087" />
      <TestMethod codeBase="TestAssembly.dll" className="TestNamespace.TestClass1" name="Test2103" />
    </UnitTest>
    <UnitTest name="Test2104" id="8663196b-cdad-40fc-843e-c2a1b170e8fd" storage="TestAssembly.dll">
      <Execution id="cad9486f-ca23-4ac4-8580-20dc59565ea3" />
      <TestMethod codeBase="TestAssembly.dll" className="TestNamespace.TestClass1" name="Test2104" />
    </UnitTest>
    <UnitTest name="Test2105" id="7a62489e-6883-4d75-a316-bb6c881ee8bf" storage="TestAssembly.dll">
      <Execution id="339f1052-573d-48ec-8403-555d026979f4" />
      <TestMethod codeBase="TestAssembly.dll" className="TestNamespace.TestClass1" name="Test2105" />
    </UnitTest>
    <UnitTest name="Test2106" id="77642e7c-6778-4f16-a39e-f5a65500d0bc" storage="TestAssembly.dll">
      <Execution id="d9bb1152-98ae-4b46-b85b-5219662fa02f" />
      <TestMethod codeBase="TestAssembly.dll" className="TestNamespace.TestClass1" name="Test2106" />
    </UnitTest>
    <UnitTest name="Test2107" id="8c9b93e6-96f8-4e81-be9e-de4f910fa260" storage="TestAssembly.dll">
      <Execution id="590db185-f363-4c9c-8abe-7d99c019c2c7" />
      <TestMethod codeBase="TestAssembly.dll" className="TestNamespace.TestClass1" name="Test2107" />
    </UnitTest>
    <UnitTest name="Test2108" id="e8fcc919-82c7-43fa-a500-485d90e116e1" storage="TestAssembly.dll">
      <Execution id="4ab33004-a9c0-4b32-97a1-17704c678cb1" />
      <TestMethod codeBase="TestAssembly.dll" className="TestNamespace.TestClass1" name="Test2108" />
    </UnitTest>
    <UnitTest name="Test2109" id="bd4207c9-6fb3-4465-b4ae-ed7bc191be1b" storage="TestAssembly.dll">
      <Execution id="896c8721-2446-459c-934a-d7d375c3605d" />
      <TestMethod codeBase="TestAssembly.dll" className="TestNamespace.TestClass1" name="Test2109" />
    </UnitTest>
    <UnitTest name="Test2110" id="206517ed-b89c-4292-85ce-a16649609ab9" storage="TestAssembly.dll">
      <Execution id="56c808d3-ceee-46ae-8c99-53ee3831889f" />
      <TestMethod codeBase="TestAssembly.dll" className="TestNamespace.TestClass1" name="Test2110" />
    </UnitTest>
    <UnitTest name="Test2111" id="b5dfc5e6-4eb8-42d4-9d43-807820ec30be" storage="TestAssembly.dll">
      <Execution id="0d3ac4f8-a3b6-4123-b3ad-2cb308b94a3c" />
      <TestMethod codeBase="TestAssembly.dll" className="TestNamespace.TestClass2" name="Test2111" />
    </UnitTest>
    <UnitTest name="Test2112" id="8ab7a910-e46c-4881-8718-f0bdef2f9963" storage="TestAssembly.dll">
      <Execution id="c4cd838e-9273-465e-9cc0-2a7179e5f1a8" />
      <TestMethod codeBase="TestAssembly.dll" className="TestNamespace.TestClass2" name="Test2112" />
    </UnitTest>
    <UnitTest name="Test2113" id="228482ba-adb3-47ca-aad7-771f13b5bf1b" storage="TestAssembly.dll">
      <Execution id="a121c589-58b3-4b91-9c98-80d3ae56cb02" />
      <TestMethod codeBase="TestAssembly.dll" className="TestNamespace.TestClass2" name="Test2113" />
    </UnitTest>
    <UnitTest name="Test2114" id="1c7c526f-7674-4fc0-84b9-1590ff1afadf" storage="TestAssembly.dll">
      <Execution id="83c3800c-6d48-473a-80ed-a0def39a2b03" />
      <TestMethod codeBase="TestAssembly.dll" className="TestNamespace.TestClass2" name="Test2114" />
    </UnitTest>
    <UnitTest name="Test2115" id="c407286a-7461-4755-a02f-aff09ec70c75" storage="TestAssembly.dll">
      <Execution id="2b33fbdd-c2f2-46e0-a007-fe7f79c199c9" />
      <TestMethod codeBase="TestAssembly.dll" className="TestNamespace.TestClass2" name="Test2115" />
    </UnitTest>
    <UnitTest name="Test2116" id="0ddae943-8a04-478a-8aef-80ef5c85874d" storage="TestAssembly.dll">
      <Execution id="a3dbbc67-5f50-46e7-8063-ddb294ba9e5b" />
      <TestMethod codeBase="TestAssembly.dll" className="TestNamespace.TestClass2" name="Test2116" />
    </UnitTest>
    <UnitTest name="Test2117" id="93d752b6-c6ed-48cf-992f-96d7635fddec" storage="TestAssembly.dll">
      <Execution id="60c78bd3-4e45-468e-b19e-9b9bed4460f1" />
      <TestMethod codeBase="TestAssembly.dll" className="TestNamespace.TestClass2" name="Test2117" />
    </UnitTest>
    <UnitTest name="Test2118" id="286153bb-436c-479f-8a52-1ac7b3b93e33" storage="TestAssembly.dll">
      <Execution id="93ecd545-382e-4cda-88e1-d23c07c7ba9a" />
      <TestMethod codeBase="TestAssembly.dll" className="TestNamespace.TestClass2" name="Test2118" />
    </UnitTest>
    <UnitTest name="Test2119" id="d09b012c-bded-4149-ad92-74a6a6fafe0b" storage="TestAssembly.dll">
      <Execution id="f350ae0c-01f8-479c-b1c4-dba8c56127d1" />
      <TestMethod codeBase="TestAssembly.dll" className="TestNamespace.TestClass2" name="Test2119" />
    </UnitTest>
    <UnitTest name="Test2120" id="b69fbff1-a42e-40a8-87b9-b33560e301fe" storage="TestAssembly.dll">
      <Execution id="ee40f6e4-82f3-4204-8875-44768bdcd4cc" />
      <TestMethod codeBase="TestAssembly.dll" className="TestNamespace.TestClass2" name="Test2120" />
    </UnitTest>
    <UnitTest name="Test2121" id="fc47398e-350c-4833-933c-18306de75137" storage="TestAssembly.dll">
      <Execution id="031b8a1a-259c-4714-9029-0600013ae216" />
      <TestMethod codeBase="TestAssembly.dll" className="TestNamespace.TestClass3" name="Test2121" />
    </UnitTest>
    <UnitTest name="Test2122" id="4f95f1cf-95e8-4776-98ce-4f8dc0a690ff" storage="TestAssembly.dll">
      <Execution id="c1744798-07ff-4f4d-ab0e-d713467836c2" />
      <TestMethod codeBase="TestAssembly.dll" className="TestNamespace.TestClass3" name="Test2122" />
    </UnitTest>
    <UnitTest name="Test2123" id="074b5f65-2ea3-4ae3-9a4c-a285b68bc09f" storage="TestAssembly.dll">
      <Execution id="dbd7efb8-d77d-4959-a15f-0461180a1361" />
      <TestMethod codeBase="TestAssembly.dll" className="TestNamespace.TestClass3" name="Test2123" />
    </UnitTest>
    <UnitTest name="Test2124" id="7018cc7d-9b8f-44b7-85e4-77989c2f1112" storage="TestAssembly.dll">
      <Execution id="53d82af8-3192-4b92-b72c-3c5d806e764b" />
      <TestMethod codeBase="TestAssembly.dll" className="TestNamespace.TestClass3" name="Test2124" />
    </UnitTest>
    <UnitTest name="Test2125" id="9ce2d2aa-9a5d-442f-9f88-0da8851ebea7" storage="TestAssembly.dll">
      <Execution id="cf10ddcd-8523-4908-9153-7068f288e91e" />
      <TestMethod codeBase="TestAssembly.dll" className="TestNamespace.TestClass3" name="Test2125" />
    </UnitTest>
    <UnitTest name="Test2126" id="7ed3f96c-6c1c-45cb-99e6-2d4c03743b24" storage="TestAssembly.dll">
      <Execution id="e0999679-9f95-4248-920a-d7defe6a0323" />
      <TestMethod codeBase="TestAssembly.dll" className="TestNamespace.TestClass3" name="Test2126" />
    </UnitTest>
    <UnitTest name="Test2127" id="7e29fe87-eba6-4993-ab80-a7a59b4a5762" storage="TestAssembly.dll">
      <Execution id="c0de81d2-4310-4488-afa2-e2a9dbc25378" />
      <TestMethod codeBase="TestAssembly.dll" className="TestNamespace.TestClass3" name="Test2127" />
    </UnitTest>
    <UnitTest name="Test2128" id="c19dcf01-ca0f-4316-b3d7-51d5efd6b1e3" storage="TestAssembly.dll">
      <Execution id="d33c8b8f-1143-43ae-ba34-ca86fa263a6f" />
      <TestMethod codeBase="TestAssembly.dll" className="TestNamespace.TestClass3" name="Test2128" />
    </UnitTest>
    <UnitTest name="Test2129" id="a067f0b2-4b57-40ac-a179-f783412effc3" storage="TestAssembly.dll">
      <Execution id="d1d57124-5a14-43e1-b828-003a13782b8a" />
      <TestMethod codeBase="TestAssembly.dll" className="TestNamespace.TestClass3" name="Test2129" />
    </UnitTest>
    <UnitTest name="Test2130" id="b61e8614-0ce2-4b47-a5a2-8700bbd7d823" storage="TestAssembly.dll">
      <Execution id="ba20a29f-67e3-436a-aa60-9b4542a93559" />
      <TestMethod codeBase="TestAssembly.dll" className="TestNamespace.TestClass3" name="Test2130" />
    </UnitTest>
    <UnitTest name="Test2131" id="8f4fdd81-2008-4f92-af6c-6d97f811bf99" storage="TestAssembly.dll">
      <Execution id="9f36e66b-846d-495a-b609-fe7c84b761a7" />
      <TestMethod codeBase="TestAssembly.dll" className="TestNamespace.TestClass4" name="Test2131" />
    </UnitTest>
    <UnitTest name="Test2132" id="89590f8a-ca5f-43ee-bb5b-2321bacf0526" storage="TestAssembly.dll">
      <Execution id="3017953f-16ca-411e-b959-10a98cf85f9d" />
      <TestMethod codeBase="TestAssembly.dll" className="TestNamespace.TestClass4" name="Test2132" />
    </UnitTest>
    <UnitTest name="Test2133" id="13d57ad1-9f62-4a19-b160-22de2ba944c1" storage="TestAssembly.dll">
      <Execution id="0ef74e9d-d9fb-4d46-9bf6-c0a25896395d" />
      <TestMethod codeBase="TestAssembly.dll" className="TestNamespace.TestClass4" name="Test2133" />
    </UnitTest>
    <UnitTest name="Test2134" id="ce74b866-e849-4d87-9a09-2cdbb60d2766" storage="TestAssembly.dll">
      <Execution id="5ac64a1c-ea57-4cc6-a581-cf6081318c62" />
      <TestMethod codeBase="TestAssembly.dll" className="TestNamespace.TestClass4" name="Test2134" />
    </UnitTest>
    <UnitTest name="Test2135" id="2c6087db-387f-4f14-ab64-4b13bd944459" storage="TestAssembly.dll">
      <Execution id="651116a5-32f5-48b0-806a-9dc460fb46af" />
      <TestMethod codeBase="TestAssembly.dll" className="TestNamespace.TestClass4" name="Test2135" />
    </UnitTest>
    <UnitTest name="Test2136" id="c9978369-8fec-4517-b6a7-47f56b4c5bd7" storage="TestAssembly.dll">
      <Execution id="e98019cd-bda0-44a0-8ccb-e6ed2a714b74" />
      <TestMethod codeBase="TestAssembly.dll" className="TestNamespace.TestClass4" name="Test2136" />
    </UnitTest>
    <UnitTest name="Test2137" id="6def2bb1-af5e-4bd5-9b67-f9179bf5dd9d" storage="TestAssembly.dll">
      <Execution id="e75e9605-b146-420e-9070-b0235705d8d7" />
      <TestMethod codeBase="TestAssembly.dll" className="TestNamespace.TestClass4" name="Test2137" />
    </UnitTest>
    <UnitTest name="Test2138" id="e3f98ad7-7f79-4a5e-8f34-380fdaeaab47" storage="TestAssembly.dll">
      <Execution id="0d33ba44-96f4-4328-aebc-0bafb6bb02df" />
      <TestMethod codeBase="TestAssembly.dll" className="TestNamespace.TestClass4" name="Test2138" />
    </UnitTest>
    <UnitTest name="Test2139" id="81c5de88-916b-4307-b7df-32d33287e40b" storage="TestAssembly.dll">
      <Execution id="9a52d817-1834-41a2-8ca0-66d1882884e1" />
      <TestMethod codeBase="TestAssembly.dll" className="TestNamespace.TestClass4" name="Test2139" />
    </UnitTest>
    <UnitTest name="Test2140" id="e1130d9d-1572-4f07-a9d8-38732a813f8a" storage="TestAssembly.dll">
      <Execution id="87791fd4-5446-47f2-a83f-449979080959" />
      <TestMethod codeBase="TestAssembly.dll" className="TestNamespace.TestClass4" name="Test2140" />
    </UnitTest>
    <UnitTest name="Test2141" id="63e9439a-c4ac-40e3-af2c-3176bd2a883c" storage="TestAssembly.dll">
      <Execution id="bb16723d-65b3-416e-939e-d753b7f931a8" />
      <TestMethod codeBase="TestAssembly.dll" className="TestNamespace.TestClass5" name="Test2141" />
    </UnitTest>
    <UnitTest name="Test2142" id="1c2f56a6-0201-40af-a2e0-8ee5511eed54" storage="TestAssembly.dll">
      <Execution id="fed1d6a5-67cf-4b86-9539-219df57e6af9" />
      <TestMethod codeBase="TestAssembly.dll" className="TestNamespace.TestClass5" name="Test2142" />
    </UnitTest>
    <UnitTest name="Test2143" id="29c62d59-da01-46d0-a526-885d0e9ce374" storage="TestAssembly.dll">
      <Execution id="bf9917d9-bc4c-497f-85a1-1dfdc8b5b2f4" />
      <TestMethod codeBase="TestAssembly.dll" className="TestNamespace.TestClass5" name="Test2143" />
    </UnitTest>
    <UnitTest name="Test2144" id="74c77472-66ca-470b-abb0-2677466d3157" storage="TestAssembly.dll">
      <Execution id="8f354e9c-088e-48c8-b306-da377228e72c" />
      <TestMethod codeBase="TestAssembly.dll" className="TestNamespace.TestClass5" name="Test2144" />
    </UnitTest>
    <UnitTest name="Test2145" id="f3ce54b2-36d7-43d3-96ca-d8f31eb76b76" storage="TestAssembly.dll">
      <Execution id="ae938e88-c6f7-4ead-aa82-708f2273519f" />
      <TestMethod codeBase="TestAssembly.dll" className="TestNamespace.TestClass5" name="Test2145" />
    </UnitTest>
    <UnitTest name="Test2146" id="920bdb26-06bc-43ca-9b2a-e77bdd1bbc28" storage="TestAssembly.dll">
      <Execution id="87e73139-8cb5-430e-b47c-70d5c70f1515" />
      <TestMethod codeBase="TestAssembly.dll" className="TestNamespace.TestClass5" name="Test2146" />
    </UnitTest>
    <UnitTest name="Test2147" id="a6219c17-86f0-4292-a321-85475eeb2de9" storage="TestAssembly.dll">
      <Execution id="962b2d44-1e33-40e6-92f0-c6a5e2bffce8" />
      <TestMethod codeBase="TestAssembly.dll" className="TestNamespace.TestClass5" name="Test2147" />
    </UnitTest>
    <UnitTest name="Test2148" id="0cbc97b6-6700-4b11-9e22-c575d38a5016" storage="TestAssembly.dll">
      <Execution id="cbdf58f1-e491-4acb-a154-f50f6854c2ad" />
      <TestMethod codeBase="TestAssembly.dll" className="TestNamespace.TestClass5" name="Test2148" />
    </UnitTest>
    <UnitTest name="Test2149" id="3e808a48-f015-4b76-afbc-960b55fdd592" storage="TestAssembly.dll">
      <Execution id="0f0b2350-3ed6-448b-b3bf-05f929f97741" />
      <TestMethod codeBase="TestAssembly.dll" className="TestNamespace.TestClass5" name="Test2149" />
    </UnitTest>
    <UnitTest name="Test2150" id="9b1df5f8-cb85-48d0-bcfb-e0b8346d5d79" storage="TestAssembly.dll">
      <Execution id="ef3440a8-6193-4797-8cd6-941f87e3f793" />
      <TestMethod codeBase="TestAssembly.dll" className="TestNamespace.TestClass5" name="Test2150" />
    </UnitTest>
    <UnitTest name="Test2151" id="e0baf36f-dcd7-4985-a256-aacd0a118eab" storage="TestAssembly.dll">
      <Execution id="9d30ad88-95be-4ec6-8f3b-078bc573c513" />
      <TestMethod codeBase="TestAssembly.dll" className="TestNamespace.TestClass6" name="Test2151" />
    </UnitTest>
    <UnitTest name="Test2152" id="1f463451-4732-4dcf-bab3-841bc4ad014a" storage="TestAssembly.dll">
      <Execution id="9758935d-d0fd-4cc1-b1de-d5e9920f95b3" />
      <TestMethod codeBase="TestAssembly.dll" className="TestNamespace.TestClass6" name="Test2152" />
    </UnitTest>
    <UnitTest name="Test2153" id="f53fcb50-636b-477b-98fb-9fe1efbe9500" storage="TestAssembly.dll">
      <Execution id="16cf0c8f-ed34-4ace-84fb-babb30e3ae99" />
      <TestMethod codeBase="TestAssembly.dll" className="TestNamespace.TestClass6" name="Test2153" />
    </UnitTest>
    <UnitTest name="Test2154" id="58b876b9-fc61-49e6-9f3d-0bd9b112d3ef" storage="TestAssembly.dll">
      <Execution id="ed1ee3ce-642b-4f36-84e8-c4ac6e516b7f" />
      <TestMethod codeBase="TestAssembly.dll" className="TestNamespace.TestClass6" name="Test2154" />
    </UnitTest>
    <UnitTest name="Test2155" id="a77cdc22-316c-4ac4-af4f-ca1f54e6f154" storage="TestAssembly.dll">
      <Execution id="b3871a0a-d02e-48fd-a1ce-9ca3cde126be" />
      <TestMethod codeBase="TestAssembly.dll" className="TestNamespace.TestClass6" name="Test2155" />
    </UnitTest>
    <UnitTest name="Test2156" id="3def55cf-fe7f-443c-b03e-02e01bb7de72" storage="TestAssembly.dll">
      <Execution id="a6e2a6ae-ef24-4650-b437-74bc8a63452e" />
      <TestMethod codeBase="TestAssembly.dll" className="TestNamespace.TestClass6" name="Test2156" />
    </UnitTest>
    <UnitTest name="Test2157" id="4ce6346d-619a-4a24-a22c-15d12cd2d8b4" storage="TestAssembly.dll">
      <Execution id="bc3505b2-1efb-409b-acbd-1220932b0be4" />
      <TestMethod codeBase="TestAssembly.dll" className="TestNamespace.TestClass6" name="Test2157" />
    </UnitTest>
    <UnitTest name="Test2158" id="83250025-f041-4625-b3c3-36f31c764919" storage="TestAssembly.dll">
      <Execution id="b19b3f5b-e073-4d1b-bbc6-0dfb7494a8b6" />
      <TestMethod codeBase="TestAssembly.dll" className="TestNamespace.TestClass6" name="Test2158" />
    </UnitTest>
    <UnitTest name="Test2159" id="5834822f-a5be-4a5e-95cb-343f44b1003c" storage="TestAssembly.dll">
      <Execution id="7d4d39a9-a357-40dc-97c8-1249d1bae2b8" />
      <TestMethod codeBase="TestAssembly.dll" className="TestNamespace.TestClass6" name="Test2159" />
    </UnitTest>
    <UnitTest name="Test2160" id="a8dce793-7d4d-4a81-8a9e-bb47325d0d4d" storage="TestAssembly.dll">
      <Execution id="5d9e7c62-7195-4b15-af0f-de9bd897f3da" />
      <TestMethod codeBase="TestAssembly.dll" className="TestNamespace.TestClass6" name="Test2160" />
    </UnitTest>
    <UnitTest name="Test2161" id="6420b71a-227d-4a66-87f6-57233a5ee880" storage="TestAssembly.dll">
      <Execution id="a9ae1d41-c1c3-475c-b220-669f7f434fc2" />
      <TestMethod codeBase="TestAssembly.dll" className="TestNamespace.TestClass7" name="Test2161" />
    </UnitTest>
    <UnitTest name="Test2162" id="d3cce488-f8c5-4e1d-9996-1b1862c2cf77" storage="TestAssembly.dll">
      <Execution id="cf6fcf1f-0be5-4fe8-bbcb-9eefbdc1a17c" />
      <TestMethod codeBase="TestAssembly.dll" className="TestNamespace.TestClass7" name="Test2162" />
    </UnitTest>
    <UnitTest name="Test2163" id="1c453ca4-f676-4a0b-bb3d-d85ef85126f4" storage="TestAssembly.dll">
      <Execution id="393308a0-a3c0-46ec-939c-20aafe0e634a" />
      <TestMethod codeBase="TestAssembly.dll" className="TestNamespace.TestClass7" name="Test2163" />
    </UnitTest>
    <UnitTest name="Test2164" id="c96281a9-7e02-4c76-b052-223f3f14bf7b" storage="TestAssembly.dll">
      <Execution id="a98341e8-6950-4e77-a46e-72d29beba50b" />
      <TestMethod codeBase="TestAssembly.dll" className="TestNamespace.TestClass7" name="Test2164" />
    </UnitTest>
    <UnitTest name="Test2165" id="fd33265c-4d3d-4b7a-ac1c-495886b9e669" storage="TestAssembly.dll">
      <Execution id="69bcff63-0d0f-424b-b843-b62fca08316f" />
      <TestMethod codeBase="TestAssembly.dll" className="TestNamespace.TestClass7" name="Test2165" />
    </UnitTest>
    <UnitTest name="Test2166" id="0c94b605-0387-41d5-8138-a92d7a091dbb" storage="TestAssembly.dll">
      <Execution id="e7d23c2a-b119-4225-9029-23b07341ce60" />
      <TestMethod codeBase="TestAssembly.dll" className="TestNamespace.TestClass7" name="Test2166" />
    </UnitTest>
    <UnitTest name="Test2167" id="1fcceb9c-f810-484e-8902-9c9bc9a2ce08" storage="TestAssembly.dll">
      <Execution id="3613029f-f5e4-4c46-bc30-93f6856e325c" />
      <TestMethod codeBase="TestAssembly.dll" className="TestNamespace.TestClass7" name="Test2167" />
    </UnitTest>
    <UnitTest name="Test2168" id="508b1031-df60-4fa6-a9e1-484d8a0321d8" storage="TestAssembly.dll">
      <Execution id="032665ab-abdb-497a-8da2-bd637f0fb04c" />
      <TestMethod codeBase="TestAssembly.dll" className="TestNamespace.TestClass7" name="Test2168" />
    </UnitTest>
    <UnitTest name="Test2169" id="25caec7d-af26-43d7-8817-fe702b59cef6" storage="TestAssembly.dll">
      <Execution id="1754b710-4fd8-480c-b05e-f3e96c3a5c7e" />
      <TestMethod codeBase="TestAssembly.dll" className="TestNamespace.TestClass7" name="Test2169" />
    </UnitTest>
    <UnitTest name="Test2170" id="6e8c2d35-d60c-4c63-9824-29b416bf62e2" storage="TestAssembly.dll">
      <Execution id="37da267d-7148-450d-ab14-7db92313c4bf" />
      <TestMethod codeBase="TestAssembly.dll" className="TestNamespace.TestClass7" name="Test2170" />
    </UnitTest>
    <UnitTest name="Test2171" id="8c5beebc-e923-4f41-95bf-dda9e1dd746c" storage="TestAssembly.dll">
      <Execution id="2f9e4172-cf73-436c-ab18-8f0de63dc6fa" />
      <TestMethod codeBase="TestAssembly.dll" className="TestNamespace.TestClass8" name="Test2171" />
    </UnitTest>
    <UnitTest name="Test2172" id="8cd4205a-e5e4-49e3-acd3-87497809e5f5" storage="TestAssembly.dll">
      <Execution id="c3ea1f0c-b259-4797-abed-6f58431e0f1a" />
      <TestMethod codeBase="TestAssembly.dll" className="TestNamespace.TestClass8" name="Test2172" />
    </UnitTest>
    <UnitTest name="Test2173" id="235d5305-1919-4642-bc58-39cf2b25bef4" storage="TestAssembly.dll">
      <Execution id="c45c10f0-c4f0-448d-84ea-3a8e923e7a1f" />
      <TestMethod codeBase="TestAssembly.dll" className="TestNamespace.TestClass8" name="Test2173" />
    </UnitTest>
    <UnitTest name="Test2174" id="1d962746-02aa-4ff7-a7c6-668e49ac5df2" storage="TestAssembly.dll">
      <Execution id="0ec507d9-43fe-423d-b815-0d9567c74b8a" />
      <TestMethod codeBase="TestAssembly.dll" className="TestNamespace.TestClass8" name="Test2174" />
    </UnitTest>
    <UnitTest name="Test2175" id="7b9aa2d7-6f82-43ab-a624-e7612a069310" storage="TestAssembly.dll">
      <Execution id="ee34cd46-7c11-47cd-8ec2-c9ebcd0055b5" />
      <TestMethod codeBase="TestAssembly.dll" className="TestNamespace.TestClass8" name="Test2175" />
    </UnitTest>
    <UnitTest name="Test2176" id="4ebcfa23-3c02-4e60-8e7f-785ab7e71854" storage="TestAssembly.dll">
      <Execution id="9b072e4a-be99-42eb-ac06-359954852046" />
      <TestMethod codeBase="TestAssembly.dll" className="TestNamespace.TestClass8" name="Test2176" />
    </UnitTest>
    <UnitTest name="Test2177" id="d6d7e55a-d810-4267-bbbb-7578b0149904" storage="TestAssembly.dll">
      <Execution id="b14fd510-641c-401a-b94b-9a2f33a25fd0" />
      <TestMethod codeBase="TestAssembly.dll" className="TestNamespace.TestClass8" name="Test2177" />
    </UnitTest>
    <UnitTest name="Test2178" id="d3beadc1-da0c-45c9-94b7-6641b457bf2a" storage="TestAssembly.dll">
      <Execution id="d1ab84c1-6e3f-4cc8-8017-c4e78aea1218" />
      <TestMethod codeBase="TestAssembly.dll" className="TestNamespace.TestClass8" name="Test2178" />
    </UnitTest>
    <UnitTest name="Test2179" id="5b02e99d-a459-40f6-8991-6cb3e1ac68e5" storage="TestAssembly.dll">
      <Execution id="df99090f-91ac-4044-ac32-c92ca83f5a0b" />
      <TestMethod codeBase="TestAssembly.dll" className="TestNamespace.TestClass8" name="Test2179" />
    </UnitTest>
    <UnitTest name="Test2180" id="74d878dc-5773-4636-a674-afc6fc05a117" storage="TestAssembly.dll">
      <Execution id="917a2836-6cc2-49a2-b9cb-4ea0de05a27c" />
      <TestMethod codeBase="TestAssembly.dll" className="TestNamespace.TestClass8" name="Test2180" />
    </UnitTest>
    <UnitTest name="Test2181" id="042809cf-c6c6-4c0d-b54c-32ca133ffb6c" storage="TestAssembly.dll">
      <Execution id="47a51b6b-61a0-46bb-bca2-f43edf4c6134" />
      <TestMethod codeBase="TestAssembly.dll" className="TestNamespace.TestClass9" name="Test2181" />
    </UnitTest>
    <UnitTest name="Test2182" id="0bed02d2-c97f-4194-ad75-dff47c2de1aa" storage="TestAssembly.dll">
      <Execution id="cf9bfb5f-1e0b-4165-ba2d-77b656c45703" />
      <TestMethod codeBase="TestAssembly.dll" className="TestNamespace.TestClass9" name="Test2182" />
    </UnitTest>
    <UnitTest name="Test2183" id="6e9f2197-1c48-4f9c-bd3e-f7eb8e518a18" storage="TestAssembly.dll">
      <Execution id="b253f3ea-b416-4e28-9abd-ecd210022b61" />
      <TestMethod codeBase="TestAssembly.dll" className="TestNamespace.TestClass9" name="Test2183" />
    </UnitTest>
    <UnitTest name="Test2184" id="9a2c41ce-4d81-4851-9498-ef7c682e86a0" storage="TestAssembly.dll">
      <Execution id="b9b6bc09-22d4-448f-9733-f8f88d6a08b0" />
      <TestMethod codeBase="TestAssembly.dll" className="TestNamespace.TestClass9" name="Test2184" />
    </UnitTest>
    <UnitTest name="Test2185" id="9ff09bc2-7259-460f-bca6-da2b522b2bd5" storage="TestAssembly.dll">
      <Execution id="35356a44-f051-48a6-b143-891bca30c761" />
      <TestMethod codeBase="TestAssembly.dll" className="TestNamespace.TestClass9" name="Test2185" />
    </UnitTest>
    <UnitTest name="Test2186" id="3a5713dd-dfe1-4c40-a393-f15fcfac0668" storage="TestAssembly.dll">
      <Execution id="17b507c3-fbe8-4d5b-93e3-27b5407f0267" />
      <TestMethod codeBase="TestAssembly.dll" className="TestNamespace.TestClass9" name="Test2186" />
    </UnitTest>
    <UnitTest name="Test2187" id="36a26b9d-5214-4c81-a581-b30530116512" storage="TestAssembly.dll">
      <Execution id="b0766a12-bea5-4a72-bb86-629900a22e0b" />
      <TestMethod codeBase="TestAssembly.dll" className="TestNamespace.TestClass9" name="Test2187" />
    </UnitTest>
    <UnitTest name="Test2188" id="29899cd3-fa55-4c57-98e2-1f2f4b994316" storage="TestAssembly.dll">
      <Execution id="a799709a-78c1-4db7-ad3a-a2e8a9ce244c" />
      <TestMethod codeBase="TestAssembly.dll" className="TestNamespace.TestClass9" name="Test2188" />
    </UnitTest>
    <UnitTest name="Test2189" id="40d62ecd-f16f-4eed-9d73-a55603c6d9bd" storage="TestAssembly.dll">
      <Execution id="b62a2627-2ac9-4b30-95ea-c2ccd0d95ea1" />
      <TestMethod codeBase="TestAssembly.dll" className="TestNamespace.TestClass9" name="Test2189" />
    </UnitTest>
    <UnitTest name="Test2190" id="9a431798-7e62-4562-bb01-8615ef467e7f" storage="TestAssembly.dll">
      <Execution id="805734c5-ed31-4911-adbe-f6c50da55b70" />
      <TestMethod codeBase="TestAssembly.dll" className="TestNamespace.TestClass9" name="Test2190" />
    </UnitTest>
    <UnitTest name="Test2191" id="22fb8842-b2c3-413e-983d-278aae509fe3" storage="TestAssembly.dll">
      <Execution id="8e14cf92-459f-429e-a182-5066468da4c0" />
      <TestMethod codeBase="TestAssembly.dll" className="TestNamespace.TestClass10" name="Test2191" />
    </UnitTest>
    <UnitTest name="Test2192" id="3373d345-3947-4100-861d-6fa517a34fb4" storage="TestAssembly.dll">
      <Execution id="df163650-c543-492d-b188-3fbde233e0aa" />
      <TestMethod codeBase="TestAssembly.dll" className="TestNamespace.TestClass10" name="Test2192" />
    </UnitTest>
    <UnitTest name="Test2193" id="bf822232-7d2d-4262-bb30-38588bf1b675" storage="TestAssembly.dll">
      <Execution id="42e141a1-1ecc-422c-a2c8-b4e0b46d8a2d" />
      <TestMethod codeBase="TestAssembly.dll" className="TestNamespace.TestClass10" name="Test2193" />
    </UnitTest>
    <UnitTest name="Test2194" id="6152c0c7-1171-4eab-9e13-b21968e22c4a" storage="TestAssembly.dll">
      <Execution id="86fc3bd5-dc8a-45ad-b60a-7667f0fc334c" />
      <TestMethod codeBase="TestAssembly.dll" className="TestNamespace.TestClass10" name="Test2194" />
    </UnitTest>
    <UnitTest name="Test2195" id="5ed9693e-34c9-4d4d-a6e5-ea499663ee7a" storage="TestAssembly.dll">
      <Execution id="d5ae3cb1-20fd-430f-a037-3ddaf5e51160" />
      <TestMethod codeBase="TestAssembly.dll" className="TestNamespace.TestClass10" name="Test2195" />
    </UnitTest>
    <UnitTest name="Test2196" id="97bfea26-8fb8-444d-9c46-7fea96114230" storage="TestAssembly.dll">
      <Execution id="c994087b-0213-4cba-b33a-560cb0f03a57" />
      <TestMethod codeBase="TestAssembly.dll" className="TestNamespace.TestClass10" name="Test2196" />
    </UnitTest>
    <UnitTest name="Test2197" id="fea8e3be-c73c-4d67-bdb2-1b4a24afc9d6" storage="TestAssembly.dll">
      <Execution id="a802430c-5bc9-4ecf-b919-8ec9041e95ef" />
      <TestMethod codeBase="TestAssembly.dll" className="TestNamespace.TestClass10" name="Test2197" />
    </UnitTest>
    <UnitTest name="Test2198" id="5bd9ba07-3103-459a-9deb-22650fe071c9" storage="TestAssembly.dll">
      <Execution id="ef509728-50c7-4783-8c0e-27787fdef61e" />
      <TestMethod codeBase="TestAssembly.dll" className="TestNamespace.TestClass10" name="Test2198" />
    </UnitTest>
    <UnitTest name="Test2199" id="54269364-87cb-4ba2-9577-5c5da031b11c" storage="TestAssembly.dll">
      <Execution id="2824f88b-b1da-496d-853a-daffcc021899" />
      <TestMethod codeBase="TestAssembly.dll" className="TestNamespace.TestClass10" name="Test2199" />
    </UnitTest>
    <UnitTest name="Test2200" id="0bf54ede-b8b6-4b5b-b2d2-7dc2449aa7c7" storage="TestAssembly.dll">
      <Execution id="b5fe2a91-b6c5-4a64-bce7-bc5b06752319" />
      <TestMethod codeBase="TestAssembly.dll" className="TestNamespace.TestClass10" name="Test2200" />
    </UnitTest>
  </TestDefinitions>
  <TestEntries>
    <TestEntry testId="75f92e72-413d-4997-b219-099c3fd06168" executionId="df137cff-9aa8-46ef-9c5c-69faf1d0c76f" testListId="1d8be660-8e27-49ef-be08-c51e4a3745ea" />
    <TestEntry testId="0392fa2e-607b-470d-b43c-8397ac9464b2" executionId="89919dfe-9c47-4b54-8a5f-84a06f312578" testListId="1d8be660-8e27-49ef-be08-c51e4a3745ea" />
    <TestEntry testId="c78b1546-0e59-4964-9348-5931771c96a4" executionId="1adb21ba-8282-439d-8b7d-d56bfb458087" testListId="1d8be660-8e27-49ef-be08-c51e4a3745ea" />
    <TestEntry testId="8663196b-cdad-40fc-843e-c2a1b170e8fd" executionId="cad9486f-ca23-4ac4-8580-20dc59565ea3" testListId="1d8be660-8e27-49ef-be08-c51e4a3745ea" />
    <TestEntry testId="7a62489e-6883-4d75-a316-bb6c881ee8bf" executionId="339f1052-573d-48ec-8403-555d026979f4" testListId="1d8be660-8e27-49ef-be08-c51e4a3745ea" />
    <TestEntry testId="77642e7c-6778-4f16-a39e-f5a65500d0bc" executionId="d9bb1152-98ae-4b46-b85b-5219662fa02f" testListId="1d8be660-8e27-49ef-be08-c51e4a3745ea" />
    <TestEntry testId="8c9b93e6-96f8-4e81-be9e-de4f910fa260" executionId="590db185-f363-4c9c-8abe-7d99c019c2c7" testListId="1d8be660-8e27-49ef-be08-c51e4a3745ea" />
    <TestEntry testId="e8fcc919-82c7-43fa-a500-485d90e116e1" executionId="4ab33004-a9c0-4b32-97a1-17704c678cb1" testListId="1d8be660-8e27-49ef-be08-c51e4a3745ea" />
    <TestEntry testId="bd4207c9-6fb3-4465-b4ae-ed7bc191be1b" executionId="896c8721-2446-459c-934a-d7d375c3605d" testListId="1d8be660-8e27-49ef-be08-c51e4a3745ea" />
    <TestEntry testId="206517ed-b89c-4292-85ce-a16649609ab9" executionId="56c808d3-ceee-46ae-8c99-53ee3831889f" testListId="1d8be660-8e27-49ef-be08-c51e4a3745ea" />
    <TestEntry testId="b5dfc5e6-4eb8-42d4-9d43-807820ec30be" executionId="0d3ac4f8-a3b6-4123-b3ad-2cb308b94a3c" testListId="1d8be660-8e27-49ef-be08-c51e4a3745ea" />
    <TestEntry testId="8ab7a910-e46c-4881-8718-f0bdef2f9963" executionId="c4cd838e-9273-465e-9cc0-2a7179e5f1a8" testListId="1d8be660-8e27-49ef-be08-c51e4a3745ea" />
    <TestEntry testId="228482ba-adb3-47ca-aad7-771f13b5bf1b" executionId="a121c589-58b3-4b91-9c98-80d3ae56cb02" testListId="1d8be660-8e27-49ef-be08-c51e4a3745ea" />
    <TestEntry testId="1c7c526f-7674-4fc0-84b9-1590ff1afadf" executionId="83c3800c-6d48-473a-80ed-a0def39a2b03" testListId="1d8be660-8e27-49ef-be08-c51e4a3745ea" />
    <TestEntry testId="c407286a-7461-4755-a02f-aff09ec70c75" executionId="2b33fbdd-c2f2-46e0-a007-fe7f79c199c9" testListId="1d8be660-8e27-49ef-be08-c51e4a3745ea" />
    <TestEntry testId="0ddae943-8a04-478a-8aef-80ef5c85874d" executionId="a3dbbc67-5f50-46e7-8063-ddb294ba9e5b" testListId="1d8be660-8e27-49ef-be08-c51e4a3745ea" />
    <TestEntry testId="93d752b6-c6ed-48cf-992f-96d7635fddec" executionId="60c78bd3-4e45-468e-b19e-9b9bed4460f1" testListId="1d8be660-8e27-49ef-be08-c51e4a3745ea" />
    <TestEntry testId="286153bb-436c-479f-8a52-1ac7b3b93e33" executionId="93ecd545-382e-4cda-88e1-d23c07c7ba9a" testListId="1d8be660-8e27-49ef-be08-c51e4a3745ea" />
    <TestEntry testId="d09b012c-bded-4149-ad92-74a6a6fafe0b" executionId="f350ae0c-01f8-479c-b1c4-dba8c56127d1" testListId="1d8be660-8e27-49ef-be08-c51e4a3745ea" />
    <TestEntry testId="b69fbff1-a42e-40a8-87b9-b33560e301fe" executionId="ee40f6e4-82f3-4204-8875-44768bdcd4cc" testListId="1d8be660-8e27-49ef-be08-c51e4a3745ea" />
    <TestEntry testId="fc47398e-350c-4833-933c-18306de75137" executionId="031b8a1a-259c-4714-9029-0600013ae216" testListId="1d8be660-8e27-49ef-be08-c51e4a3745ea" />
    <TestEntry testId="4f95f1cf-95e8-4776-98ce-4f8dc0a690ff" executionId="c1744798-07ff-4f4d-ab0e-d713467836c2" testListId="1d8be660-8e27-49ef-be08-c51e4a3745ea" />
    <TestEntry testId="074b5f65-2ea3-4ae3-9a4c-a285b68bc09f" executionId="dbd7efb8-d77d-4959-a15f-0461180a1361" testListId="1d8be660-8e27-49ef-be08-c51e4a3745ea" />
    <TestEntry testId="7018cc7d-9b8f-44b7-85e4-77989c2f1112" executionId="53d82af8-3192-4b92-b72c-3c5d806e764b" testListId="1d8be660-8e27-49ef-be08-c51e4a3745ea" />
    <TestEntry testId="9ce2d2aa-9a5d-442f-9f88-0da8851ebea7" executionId="cf10ddcd-8523-4908-9153-7068f288e91e" testListId="1d8be660-8e27-49ef-be08-c51e4a3745ea" />
    <TestEntry testId="7ed3f96c-6c1c-45cb-99e6-2d4c03743b24" executionId="e0999679-9f95-4248-920a-d7defe6a0323" testListId="1d8be660-8e27-49ef-be08-c51e4a3745ea" />
    <TestEntry testId="7e29fe87-eba6-4993-ab80-a7a59b4a5762" executionId="c0de81d2-4310-4488-afa2-e2a9dbc25378" testListId="1d8be660-8e27-49ef-be08-c51e4a3745ea" />
    <TestEntry testId="c19dcf01-ca0f-4316-b3d7-51d5efd6b1e3" executionId="d33c8b8f-1143-43ae-ba34-ca86fa263a6f" testListId="1d8be660-8e27-49ef-be08-c51e4a3745ea" />
    <TestEntry testId="a067f0b2-4b57-40ac-a179-f783412effc3" executionId="d1d57124-5a14-43e1-b828-003a13782b8a" testListId="1d8be660-8e27-49ef-be08-c51e4a3745ea" />
    <TestEntry testId="b61e8614-0ce2-4b47-a5a2-8700bbd7d823" executionId="ba20a29f-67e3-436a-aa60-9b4542a93559" testListId="1d8be660-8e27-49ef-be08-c51e4a3745ea" />
    <TestEntry testId="8f4fdd81-2008-4f92-af6c-6d97f811bf99" executionId="9f36e66b-846d-495a-b609-fe7c84b761a7" testListId="1d8be660-8e27-49ef-be08-c51e4a3745ea" />
    <TestEntry testId="89590f8a-ca5f-43ee-bb5b-2321bacf0526" executionId="3017953f-16ca-411e-b959-10a98cf85f9d" testListId="1d8be660-8e27-49ef-be08-c51e4a3745ea" />
    <TestEntry testId="13d57ad1-9f62-4a19-b160-22de2ba944c1" executionId="0ef74e9d-d9fb-4d46-9bf6-c0a25896395d" testListId="1d8be660-8e27-49ef-be08-c51e4a3745ea" />
    <TestEntry testId="ce74b866-e849-4d87-9a09-2cdbb60d2766" executionId="5ac64a1c-ea57-4cc6-a581-cf6081318c62" testListId="1d8be660-8e27-49ef-be08-c51e4a3745ea" />
    <TestEntry testId="2c6087db-387f-4f14-ab64-4b13bd944459" executionId="651116a5-32f5-48b0-806a-9dc460fb46af" testListId="1d8be660-8e27-49ef-be08-c51e4a3745ea" />
    <TestEntry testId="c9978369-8fec-4517-b6a7-47f56b4c5bd7" executionId="e98019cd-bda0-44a0-8ccb-e6ed2a714b74" testListId="1d8be660-8e27-49ef-be08-c51e4a3745ea" />
    <TestEntry testId="6def2bb1-af5e-4bd5-9b67-f9179bf5dd9d" executionId="e75e9605-b146-420e-9070-b0235705d8d7" testListId="1d8be660-8e27-49ef-be08-c51e4a3745ea" />
    <TestEntry testId="e3f98ad7-7f79-4a5e-8f34-380fdaeaab47" executionId="0d33ba44-96f4-4328-aebc-0bafb6bb02df" testListId="1d8be660-8e27-49ef-be08-c51e4a3745ea" />
    <TestEntry testId="81c5de88-916b-4307-b7df-32d33287e40b" executionId="9a52d817-1834-41a2-8ca0-66d1882884e1" testListId="1d8be660-8e27-49ef-be08-c51e4a3745ea" />
    <TestEntry testId="e1130d9d-1572-4f07-a9d8-38732a813f8a" executionId="87791fd4-5446-47f2-a83f-449979080959" testListId="1d8be660-8e27-49ef-be08-c51e4a3745ea" />
    <TestEntry testId="63e9439a-c4ac-40e3-af2c-3176bd2a883c" executionId="bb16723d-65b3-416e-939e-d753b7f931a8" testListId="1d8be660-8e27-49ef-be08-c51e4a3745ea" />
    <TestEntry testId="1c2f56a6-0201-40af-a2e0-8ee5511eed54" executionId="fed1d6a5-67cf-4b86-9539-219df57e6af9" testListId="1d8be660-8e27-49ef-be08-c51e4a3745ea" />
    <TestEntry testId="29c62d59-da01-46d0-a526-885d0e9ce374" executionId="bf9917d9-bc4c-497f-85a1-1dfdc8b5b2f4" testListId="1d8be660-8e27-49ef-be08-c51e4a3745ea" />
    <TestEntry testId="74c77472-66ca-470b-abb0-2677466d3157" executionId="8f354e9c-088e-48c8-b306-da377228e72c" testListId="1d8be660-8e27-49ef-be08-c51e4a3745ea" />
    <TestEntry testId="f3ce54b2-36d7-43d3-96ca-d8f31eb76b76" executionId="ae938e88-c6f7-4ead-aa82-708f2273519f" testListId="1d8be660-8e27-49ef-be08-c51e4a3745ea" />
    <TestEntry testId="920bdb26-06bc-43ca-9b2a-e77bdd1bbc28" executionId="87e73139-8cb5-430e-b47c-70d5c70f1515" testListId="1d8be660-8e27-49ef-be08-c51e4a3745ea" />
    <TestEntry testId="a6219c17-86f0-4292-a321-85475eeb2de9" executionId="962b2d44-1e33-40e6-92f0-c6a5e2bffce8" testListId="1d8be660-8e27-49ef-be08-c51e4a3745ea" />
    <TestEntry testId="0cbc97b6-6700-4b11-9e22-c575d38a5016" executionId="cbdf58f1-e491-4acb-a154-f50f6854c2ad" testListId="1d8be660-8e27-49ef-be08-c51e4a3745ea" />
    <TestEntry testId="3e808a48-f015-4b76-afbc-960b55fdd592" executionId="0f0b2350-3ed6-448b-b3bf-05f929f97741" testListId="1d8be660-8e27-49ef-be08-c51e4a3745ea" />
    <TestEntry testId="9b1df5f8-cb85-48d0-bcfb-e0b8346d5d79" executionId="ef3440a8-6193-4797-8cd6-941f87e3f793" testListId="1d8be660-8e27-49ef-be08-c51e4a3745ea" />
    <TestEntry testId="e0baf36f-dcd7-4985-a256-aacd0a118eab" executionId="9d30ad88-95be-4ec6-8f3b-078bc573c513" testListId="1d8be660-8e27-49ef-be08-c51e4a3745ea" />
    <TestEntry testId="1f463451-4732-4dcf-bab3-841bc4ad014a" executionId="9758935d-d0fd-4cc1-b1de-d5e9920f95b3" testListId="1d8be660-8e27-49ef-be08-c51e4a3745ea" />
    <TestEntry testId="f53fcb50-636b-477b-98fb-9fe1efbe9500" executionId="16cf0c8f-ed34-4ace-84fb-babb30e3ae99" testListId="1d8be660-8e27-49ef-be08-c51e4a3745ea" />
    <TestEntry testId="58b876b9-fc61-49e6-9f3d-0bd9b112d3ef" executionId="ed1ee3ce-642b-4f36-84e8-c4ac6e516b7f" testListId="1d8be660-8e27-49ef-be08-c51e4a3745ea" />
    <TestEntry testId="a77cdc22-316c-4ac4-af4f-ca1f54e6f154" executionId="b3871a0a-d02e-48fd-a1ce-9ca3cde126be" testListId="1d8be660-8e27-49ef-be08-c51e4a3745ea" />
    <TestEntry testId="3def55cf-fe7f-443c-b03e-02e01bb7de72" executionId="a6e2a6ae-ef24-4650-b437-74bc8a63452e" testListId="1d8be660-8e27-49ef-be08-c51e4a3745ea" />
    <TestEntry testId="4ce6346d-619a-4a24-a22c-15d12cd2d8b4" executionId="bc3505b2-1efb-409b-acbd-1220932b0be4" testListId="1d8be660-8e27-49ef-be08-c51e4a3745ea" />
    <TestEntry testId="83250025-f041-4625-b3c3-36f31c764919" executionId="b19b3f5b-e073-4d1b-bbc6-0dfb7494a8b6" testListId="1d8be660-8e27-49ef-be08-c51e4a3745ea" />
    <TestEntry testId="5834822f-a5be-4a5e-95cb-343f44b1003c" executionId="7d4d39a9-a357-40dc-97c8-1249d1bae2b8" testListId="1d8be660-8e27-49ef-be08-c51e4a3745ea" />
    <TestEntry testId="a8dce793-7d4d-4a81-8a9e-bb47325d0d4d" executionId="5d9e7c62-7195-4b15-af0f-de9bd897f3da" testListId="1d8be660-8e27-49ef-be08-c51e4a3745ea" />
    <TestEntry testId="6420b71a-227d-4a66-87f6-57233a5ee880" executionId="a9ae1d41-c1c3-475c-b220-669f7f434fc2" testListId="1d8be660-8e27-49ef-be08-c51e4a3745ea" />
    <TestEntry testId="d3cce488-f8c5-4e1d-9996-1b1862c2cf77" executionId="cf6fcf1f-0be5-4fe8-bbcb-9eefbdc1a17c" testListId="1d8be660-8e27-49ef-be08-c51e4a3745ea" />
    <TestEntry testId="1c453ca4-f676-4a0b-bb3d-d85ef85126f4" executionId="393308a0-a3c0-46ec-939c-20aafe0e634a" testListId="1d8be660-8e27-49ef-be08-c51e4a3745ea" />
    <TestEntry testId="c96281a9-7e02-4c76-b052-223f3f14bf7b" executionId="a98341e8-6950-4e77-a46e-72d29beba50b" testListId="1d8be660-8e27-49ef-be08-c51e4a3745ea" />
    <TestEntry testId="fd33265c-4d3d-4b7a-ac1c-495886b9e669" executionId="69bcff63-0d0f-424b-b843-b62fca08316f" testListId="1d8be660-8e27-49ef-be08-c51e4a3745ea" />
    <TestEntry testId="0c94b605-0387-41d5-8138-a92d7a091dbb" executionId="e7d23c2a-b119-4225-9029-23b07341ce60" testListId="1d8be660-8e27-49ef-be08-c51e4a3745ea" />
    <TestEntry testId="1fcceb9c-f810-484e-8902-9c9bc9a2ce08" executionId="3613029f-f5e4-4c46-bc30-93f6856e325c" testListId="1d8be660-8e27-49ef-be08-c51e4a3745ea" />
    <TestEntry testId="508b1031-df60-4fa6-a9e1-484d8a0321d8" executionId="032665ab-abdb-497a-8da2-bd637f0fb04c" testListId="1d8be660-8e27-49ef-be08-c51e4a3745ea" />
    <TestEntry testId="25caec7d-af26-43d7-8817-fe702b59cef6" executionId="1754b710-4fd8-480c-b05e-f3e96c3a5c7e" testListId="1d8be660-8e27-49ef-be08-c51e4a3745ea" />
    <TestEntry testId="6e8c2d35-d60c-4c63-9824-29b416bf62e2" executionId="37da267d-7148-450d-ab14-7db92313c4bf" testListId="1d8be660-8e27-49ef-be08-c51e4a3745ea" />
    <TestEntry testId="8c5beebc-e923-4f41-95bf-dda9e1dd746c" executionId="2f9e4172-cf73-436c-ab18-8f0de63dc6fa" testListId="1d8be660-8e27-49ef-be08-c51e4a3745ea" />
    <TestEntry testId="8cd4205a-e5e4-49e3-acd3-87497809e5f5" executionId="c3ea1f0c-b259-4797-abed-6f58431e0f1a" testListId="1d8be660-8e27-49ef-be08-c51e4a3745ea" />
    <TestEntry testId="235d5305-1919-4642-bc58-39cf2b25bef4" executionId="c45c10f0-c4f0-448d-84ea-3a8e923e7a1f" testListId="1d8be660-8e27-49ef-be08-c51e4a3745ea" />
    <TestEntry testId="1d962746-02aa-4ff7-a7c6-668e49ac5df2" executionId="0ec507d9-43fe-423d-b815-0d9567c74b8a" testListId="1d8be660-8e27-49ef-be08-c51e4a3745ea" />
    <TestEntry testId="7b9aa2d7-6f82-43ab-a624-e7612a069310" executionId="ee34cd46-7c11-47cd-8ec2-c9ebcd0055b5" testListId="1d8be660-8e27-49ef-be08-c51e4a3745ea" />
    <TestEntry testId="4ebcfa23-3c02-4e60-8e7f-785ab7e71854" executionId="9b072e4a-be99-42eb-ac06-359954852046" testListId="1d8be660-8e27-49ef-be08-c51e4a3745ea" />
    <TestEntry testId="d6d7e55a-d810-4267-bbbb-7578b0149904" executionId="b14fd510-641c-401a-b94b-9a2f33a25fd0" testListId="1d8be660-8e27-49ef-be08-c51e4a3745ea" />
    <TestEntry testId="d3beadc1-da0c-45c9-94b7-6641b457bf2a" executionId="d1ab84c1-6e3f-4cc8-8017-c4e78aea1218" testListId="1d8be660-8e27-49ef-be08-c51e4a3745ea" />
    <TestEntry testId="5b02e99d-a459-40f6-8991-6cb3e1ac68e5" executionId="df99090f-91ac-4044-ac32-c92ca83f5a0b" testListId="1d8be660-8e27-49ef-be08-c51e4a3745ea" />
    <TestEntry testId="74d878dc-5773-4636-a674-afc6fc05a117" executionId="917a2836-6cc2-49a2-b9cb-4ea0de05a27c" testListId="1d8be660-8e27-49ef-be08-c51e4a3745ea" />
    <TestEntry testId="042809cf-c6c6-4c0d-b54c-32ca133ffb6c" executionId="47a51b6b-61a0-46bb-bca2-f43edf4c6134" testListId="1d8be660-8e27-49ef-be08-c51e4a3745ea" />
    <TestEntry testId="0bed02d2-c97f-4194-ad75-dff47c2de1aa" executionId="cf9bfb5f-1e0b-4165-ba2d-77b656c45703" testListId="1d8be660-8e27-49ef-be08-c51e4a3745ea" />
    <TestEntry testId="6e9f2197-1c48-4f9c-bd3e-f7eb8e518a18" executionId="b253f3ea-b416-4e28-9abd-ecd210022b61" testListId="1d8be660-8e27-49ef-be08-c51e4a3745ea" />
    <TestEntry testId="9a2c41ce-4d81-4851-9498-ef7c682e86a0" executionId="b9b6bc09-22d4-448f-9733-f8f88d6a08b0" testListId="1d8be660-8e27-49ef-be08-c51e4a3745ea" />
    <TestEntry testId="9ff09bc2-7259-460f-bca6-da2b522b2bd5" executionId="35356a44-f051-48a6-b143-891bca30c761" testListId="1d8be660-8e27-49ef-be08-c51e4a3745ea" />
    <TestEntry testId="3a5713dd-dfe1-4c40-a393-f15fcfac0668" executionId="17b507c3-fbe8-4d5b-93e3-27b5407f0267" testListId="1d8be660-8e27-49ef-be08-c51e4a3745ea" />
    <TestEntry testId="36a26b9d-5214-4c81-a581-b30530116512" executionId="b0766a12-bea5-4a72-bb86-629900a22e0b" testListId="1d8be660-8e27-49ef-be08-c51e4a3745ea" />
    <TestEntry testId="29899cd3-fa55-4c57-98e2-1f2f4b994316" executionId="a799709a-78c1-4db7-ad3a-a2e8a9ce244c" testListId="1d8be660-8e27-49ef-be08-c51e4a3745ea" />
    <TestEntry testId="40d62ecd-f16f-4eed-9d73-a55603c6d9bd" executionId="b62a2627-2ac9-4b30-95ea-c2ccd0d95ea1" testListId="1d8be660-8e27-49ef-be08-c51e4a3745ea" />
    <TestEntry testId="9a431798-7e62-4562-bb01-8615ef467e7f" executionId="805734c5-ed31-4911-adbe-f6c50da55b70" testListId="1d8be660-8e27-49ef-be08-c51e4a3745ea" />
    <TestEntry testId="22fb8842-b2c3-413e-983d-278aae509fe3" executionId="8e14cf92-459f-429e-a182-5066468da4c0" testListId="1d8be660-8e27-49ef-be08-c51e4a3745ea" />
    <TestEntry testId="3373d345-3947-4100-861d-6fa517a34fb4" executionId="df163650-c543-492d-b188-3fbde233e0aa" testListId="1d8be660-8e27-49ef-be08-c51e4a3745ea" />
    <TestEntry testId="bf822232-7d2d-4262-bb30-38588bf1b675" executionId="42e141a1-1ecc-422c-a2c8-b4e0b46d8a2d" testListId="1d8be660-8e27-49ef-be08-c51e4a3745ea" />
    <TestEntry testId="6152c0c7-1171-4eab-9e13-b21968e22c4a" executionId="86fc3bd5-dc8a-45ad-b60a-7667f0fc334c" testListId="1d8be660-8e27-49ef-be08-c51e4a3745ea" />
    <TestEntry testId="5ed9693e-34c9-4d4d-a6e5-ea499663ee7a" executionId="d5ae3cb1-20fd-430f-a037-3ddaf5e51160" testListId="1d8be660-8e27-49ef-be08-c51e4a3745ea" />
    <TestEntry testId="97bfea26-8fb8-444d-9c46-7fea96114230" executionId="c994087b-0213-4cba-b33a-560cb0f03a57" testListId="1d8be660-8e27-49ef-be08-c51e4a3745ea" />
    <TestEntry testId="fea8e3be-c73c-4d67-bdb2-1b4a24afc9d6" executionId="a802430c-5bc9-4ecf-b919-8ec9041e95ef" testListId="1d8be660-8e27-49ef-be08-c51e4a3745ea" />
    <TestEntry testId="5bd9ba07-3103-459a-9deb-22650fe071c9" executionId="ef509728-50c7-4783-8c0e-27787fdef61e" testListId="1d8be660-8e27-49ef-be08-c51e4a3745ea" />
    <TestEntry testId="54269364-87cb-4ba2-9577-5c5da031b11c" executionId="2824f88b-b1da-496d-853a-daffcc021899" testListId="1d8be660-8e27-49ef-be08-c51e4a3745ea" />
    <TestEntry testId="0bf54ede-b8b6-4b5b-b2d2-7dc2449aa7c7" executionId="b5fe2a91-b6c5-4a64-bce7-bc5b06752319" testListId="1d8be660-8e27-49ef-be08-c51e4a3745ea" />
  </TestEntries>
  <TestLists>
    <TestList name="Results Not in a List" id="1d8be660-8e27-49ef-be08-c51e4a3745ea" />
    <TestList name="All Loaded Results" id="e90b49b1-4412-4c95-b1a8-b4abb4cf751e" />
  </TestLists>
</TestRun>