<?xml version="1.0" encoding="UTF-8"?>
<TestRun id="92e29e7b-7d2c-4eb8-a633-4243793fb585" name="Test Run 55" runUser="Oles Galatsan" xmlns="http://microsoft.com/schemas/VisualStudio/TeamTest/2010">
  <Times creation="2025-05-14T13:20:31.3125482Z" queuing="2025-05-14T13:20:31.3125482Z" start="2025-05-14T13:20:31.3146610Z" finish="2025-05-14T13:25:31.3147553Z" />
  <TestSettings name="Test Settings 55" id="0c1f1e3b-e086-4bd4-a36c-c1e1013b1b9a" />
  <Results>
    <UnitTestResult executionId="d554980a-69a8-44b8-83d8-d518eb0ef92f" testId="6a9c398a-e260-458c-9efc-e4e72f416565" testName="Test5401" computerName="UA-LPT-OGA2" duration="00:00:01.5310000" startTime="2025-05-14T13:20:31.3146610Z" endTime="2025-05-14T13:25:31.3147553Z" testType="13cdc9d9-ddb5-4fa4-a97d-d965ccfc6d4b" outcome="Passed" testListId="4b525f1e-64c5-498b-89a3-dc5beaf81482" />
    <UnitTestResult executionId="c6444f41-66ab-4c79-84cd-57b685d04911" testId="e1587554-fa38-4234-95e8-bcbdc5756261" testName="Test5402" computerName="UA-LPT-OGA2" duration="00:00:00.1350000" startTime="2025-05-14T13:20:31.3146610Z" endTime="2025-05-14T13:25:31.3147553Z" testType="13cdc9d9-ddb5-4fa4-a97d-d965ccfc6d4b" outcome="Passed" testListId="4b525f1e-64c5-498b-89a3-dc5beaf81482" />
    <UnitTestResult executionId="ef43e8df-2811-49f1-9a44-335e70e23911" testId="fa1b8f92-e125-4cf6-b023-2f2c2751f293" testName="Test5403" computerName="UA-LPT-OGA2" duration="00:00:00.4690000" startTime="2025-05-14T13:20:31.3146610Z" endTime="2025-05-14T13:25:31.3147553Z" testType="13cdc9d9-ddb5-4fa4-a97d-d965ccfc6d4b" outcome="Passed" testListId="4b525f1e-64c5-498b-89a3-dc5beaf81482" />
    <UnitTestResult executionId="690d6739-b49f-475a-b221-027810721094" testId="31893999-563f-43ac-a0ed-d45f21dab946" testName="Test5404" computerName="UA-LPT-OGA2" duration="00:00:00.5660000" startTime="2025-05-14T13:20:31.3146610Z" endTime="2025-05-14T13:25:31.3147553Z" testType="13cdc9d9-ddb5-4fa4-a97d-d965ccfc6d4b" outcome="Passed" testListId="4b525f1e-64c5-498b-89a3-dc5beaf81482" />
    <UnitTestResult executionId="f75a7173-9841-4646-8a28-2b99c8e58f51" testId="d43159f9-f4da-4ec4-b6c9-c212d51c42b3" testName="Test5405" computerName="UA-LPT-OGA2" duration="00:00:00.7880000" startTime="2025-05-14T13:20:31.3146610Z" endTime="2025-05-14T13:25:31.3147553Z" testType="13cdc9d9-ddb5-4fa4-a97d-d965ccfc6d4b" outcome="Passed" testListId="4b525f1e-64c5-498b-89a3-dc5beaf81482" />
    <UnitTestResult executionId="a86733c8-a5d3-4f29-af30-49c433ce0cc3" testId="40c3a883-2a6f-471a-a776-cc7d82abd795" testName="Test5406" computerName="UA-LPT-OGA2" duration="00:00:01.8630000" startTime="2025-05-14T13:20:31.3146610Z" endTime="2025-05-14T13:25:31.3147553Z" testType="13cdc9d9-ddb5-4fa4-a97d-d965ccfc6d4b" outcome="Passed" testListId="4b525f1e-64c5-498b-89a3-dc5beaf81482" />
    <UnitTestResult executionId="88f22972-883a-466c-8996-3bd006ad0af8" testId="fb8100e6-e1ea-4c7e-af8e-0ccc25090c62" testName="Test5407" computerName="UA-LPT-OGA2" duration="00:00:00.7520000" startTime="2025-05-14T13:20:31.3146610Z" endTime="2025-05-14T13:25:31.3147553Z" testType="13cdc9d9-ddb5-4fa4-a97d-d965ccfc6d4b" outcome="Passed" testListId="4b525f1e-64c5-498b-89a3-dc5beaf81482" />
    <UnitTestResult executionId="bb9b721b-0755-4ce7-bd9f-c16b07c324ec" testId="a564e9c1-d6db-405a-9e71-9cae4d227572" testName="Test5408" computerName="UA-LPT-OGA2" duration="00:00:00.3790000" startTime="2025-05-14T13:20:31.3146610Z" endTime="2025-05-14T13:25:31.3147553Z" testType="13cdc9d9-ddb5-4fa4-a97d-d965ccfc6d4b" outcome="Passed" testListId="4b525f1e-64c5-498b-89a3-dc5beaf81482" />
    <UnitTestResult executionId="0717a4aa-492f-46e0-bf84-a15055516d61" testId="91421d44-f2c5-4021-b562-77030f801a81" testName="Test5409" computerName="UA-LPT-OGA2" duration="00:00:00.7980000" startTime="2025-05-14T13:20:31.3146610Z" endTime="2025-05-14T13:25:31.3147553Z" testType="13cdc9d9-ddb5-4fa4-a97d-d965ccfc6d4b" outcome="Passed" testListId="4b525f1e-64c5-498b-89a3-dc5beaf81482" />
    <UnitTestResult executionId="b219c3d7-0b50-4849-ac26-4e36db0b4e92" testId="0b23151a-9737-483d-b1b3-62b5b5f97002" testName="Test5410" computerName="UA-LPT-OGA2" duration="00:00:00.7510000" startTime="2025-05-14T13:20:31.3146610Z" endTime="2025-05-14T13:25:31.3147553Z" testType="13cdc9d9-ddb5-4fa4-a97d-d965ccfc6d4b" outcome="Passed" testListId="4b525f1e-64c5-498b-89a3-dc5beaf81482" />
    <UnitTestResult executionId="dbb5776e-069b-42b7-9477-bf5eba3cb916" testId="061d49b8-0ad0-4cb8-8ddd-1fed63e1043d" testName="Test5411" computerName="UA-LPT-OGA2" duration="00:00:01.1560000" startTime="2025-05-14T13:20:31.3146610Z" endTime="2025-05-14T13:25:31.3147553Z" testType="13cdc9d9-ddb5-4fa4-a97d-d965ccfc6d4b" outcome="Passed" testListId="4b525f1e-64c5-498b-89a3-dc5beaf81482" />
    <UnitTestResult executionId="18a97631-b01c-4f45-9baf-4b3422331a4a" testId="522d595c-dec1-42ae-a3a1-96c6dec996ae" testName="Test5412" computerName="UA-LPT-OGA2" duration="00:00:00.8910000" startTime="2025-05-14T13:20:31.3146610Z" endTime="2025-05-14T13:25:31.3147553Z" testType="13cdc9d9-ddb5-4fa4-a97d-d965ccfc6d4b" outcome="Passed" testListId="4b525f1e-64c5-498b-89a3-dc5beaf81482" />
    <UnitTestResult executionId="332c2378-19bb-4713-ad63-fad909489385" testId="28b8afd4-c295-4687-ac3f-699eda2f9bb2" testName="Test5413" computerName="UA-LPT-OGA2" duration="00:00:00.4370000" startTime="2025-05-14T13:20:31.3146610Z" endTime="2025-05-14T13:25:31.3147553Z" testType="13cdc9d9-ddb5-4fa4-a97d-d965ccfc6d4b" outcome="Passed" testListId="4b525f1e-64c5-498b-89a3-dc5beaf81482" />
    <UnitTestResult executionId="04d1dd50-e960-4e13-b08f-cfbceaad9a79" testId="48303b58-4656-4f42-9702-01ffabf6fc95" testName="Test5414" computerName="UA-LPT-OGA2" duration="00:00:00.2960000" startTime="2025-05-14T13:20:31.3146610Z" endTime="2025-05-14T13:25:31.3147553Z" testType="13cdc9d9-ddb5-4fa4-a97d-d965ccfc6d4b" outcome="Passed" testListId="4b525f1e-64c5-498b-89a3-dc5beaf81482" />
    <UnitTestResult executionId="7ae3e706-b55c-47fa-abe7-5412fcb31840" testId="ae124fc2-ec52-43d1-a2ee-bb0d3770fe2f" testName="Test5415" computerName="UA-LPT-OGA2" duration="00:00:00.8050000" startTime="2025-05-14T13:20:31.3146610Z" endTime="2025-05-14T13:25:31.3147553Z" testType="13cdc9d9-ddb5-4fa4-a97d-d965ccfc6d4b" outcome="Passed" testListId="4b525f1e-64c5-498b-89a3-dc5beaf81482" />
    <UnitTestResult executionId="b2c08d81-100a-4618-b6f0-2f7f6ce975a4" testId="0dabfce3-d824-480e-bd2d-609a03aeaf56" testName="Test5416" computerName="UA-LPT-OGA2" duration="00:00:00.7640000" startTime="2025-05-14T13:20:31.3146610Z" endTime="2025-05-14T13:25:31.3147553Z" testType="13cdc9d9-ddb5-4fa4-a97d-d965ccfc6d4b" outcome="Passed" testListId="4b525f1e-64c5-498b-89a3-dc5beaf81482" />
    <UnitTestResult executionId="c33624c0-9aa1-4325-8a44-dbad54af81e5" testId="7a5f2ca7-b3ac-4a8e-b875-a6ca82bf832c" testName="Test5417" computerName="UA-LPT-OGA2" duration="00:00:01.8900000" startTime="2025-05-14T13:20:31.3146610Z" endTime="2025-05-14T13:25:31.3147553Z" testType="13cdc9d9-ddb5-4fa4-a97d-d965ccfc6d4b" outcome="Passed" testListId="4b525f1e-64c5-498b-89a3-dc5beaf81482" />
    <UnitTestResult executionId="55e32e82-2591-4c6d-8dcf-03e67bc2c644" testId="bda8f1fc-ad50-4751-94b6-83bea744e521" testName="Test5418" computerName="UA-LPT-OGA2" duration="00:00:00.0180000" startTime="2025-05-14T13:20:31.3146610Z" endTime="2025-05-14T13:25:31.3147553Z" testType="13cdc9d9-ddb5-4fa4-a97d-d965ccfc6d4b" outcome="Passed" testListId="4b525f1e-64c5-498b-89a3-dc5beaf81482" />
    <UnitTestResult executionId="526fe120-c6d5-4dff-a235-ad3f4326101d" testId="23f24b2c-5844-437b-ad6e-841e1bf84f1c" testName="Test5419" computerName="UA-LPT-OGA2" duration="00:00:01.7910000" startTime="2025-05-14T13:20:31.3146610Z" endTime="2025-05-14T13:25:31.3147553Z" testType="13cdc9d9-ddb5-4fa4-a97d-d965ccfc6d4b" outcome="Passed" testListId="4b525f1e-64c5-498b-89a3-dc5beaf81482" />
    <UnitTestResult executionId="adfb3c4c-1d3a-45ab-b32b-7c5c86834ba0" testId="664edb8a-c37f-484c-9d7a-6afcdf9fe7fe" testName="Test5420" computerName="UA-LPT-OGA2" duration="00:00:00.6880000" startTime="2025-05-14T13:20:31.3146610Z" endTime="2025-05-14T13:25:31.3147553Z" testType="13cdc9d9-ddb5-4fa4-a97d-d965ccfc6d4b" outcome="Passed" testListId="4b525f1e-64c5-498b-89a3-dc5beaf81482" />
    <UnitTestResult executionId="15e33757-bc3e-49f1-a9f0-783f60b390eb" testId="4fba8f4a-25b8-4823-997e-2b556ebfd8ef" testName="Test5421" computerName="UA-LPT-OGA2" duration="00:00:00.3110000" startTime="2025-05-14T13:20:31.3146610Z" endTime="2025-05-14T13:25:31.3147553Z" testType="13cdc9d9-ddb5-4fa4-a97d-d965ccfc6d4b" outcome="Failed" testListId="4b525f1e-64c5-498b-89a3-dc5beaf81482">
      <Output>
        <ErrorInfo>
          <Message>Assertion failed: Expected value did not match actual value.</Message>
          <StackTrace>   at TestNamespace.TestClass.Test() in TestClass.cs:line 199</StackTrace>
        </ErrorInfo>
      </Output>
    </UnitTestResult>
    <UnitTestResult executionId="ab760ddd-ae42-4911-a179-7d543af14a3b" testId="a91b2be1-8453-420b-8eaa-ae17c65b5242" testName="Test5422" computerName="UA-LPT-OGA2" duration="00:00:00.0750000" startTime="2025-05-14T13:20:31.3146610Z" endTime="2025-05-14T13:25:31.3147553Z" testType="13cdc9d9-ddb5-4fa4-a97d-d965ccfc6d4b" outcome="Passed" testListId="4b525f1e-64c5-498b-89a3-dc5beaf81482" />
    <UnitTestResult executionId="c4f62a92-c646-49cb-811f-80c356a01280" testId="3d735e07-4c41-4cbb-a82f-f992d9301f38" testName="Test5423" computerName="UA-LPT-OGA2" duration="00:00:01.0130000" startTime="2025-05-14T13:20:31.3146610Z" endTime="2025-05-14T13:25:31.3147553Z" testType="13cdc9d9-ddb5-4fa4-a97d-d965ccfc6d4b" outcome="Passed" testListId="4b525f1e-64c5-498b-89a3-dc5beaf81482" />
    <UnitTestResult executionId="dd2a6d27-28f8-44bc-9d1c-fa2daab0d88c" testId="3e7dc152-b5ab-40fe-83d1-ab7971e03762" testName="Test5424" computerName="UA-LPT-OGA2" duration="00:00:00.3310000" startTime="2025-05-14T13:20:31.3146610Z" endTime="2025-05-14T13:25:31.3147553Z" testType="13cdc9d9-ddb5-4fa4-a97d-d965ccfc6d4b" outcome="Passed" testListId="4b525f1e-64c5-498b-89a3-dc5beaf81482" />
    <UnitTestResult executionId="6f92cb17-a605-457c-b1e4-583266c68d1b" testId="9b72dace-18de-4e05-8ee0-9c1becc4fd8b" testName="Test5425" computerName="UA-LPT-OGA2" duration="00:00:00.2350000" startTime="2025-05-14T13:20:31.3146610Z" endTime="2025-05-14T13:25:31.3147553Z" testType="13cdc9d9-ddb5-4fa4-a97d-d965ccfc6d4b" outcome="Passed" testListId="4b525f1e-64c5-498b-89a3-dc5beaf81482" />
    <UnitTestResult executionId="f76f238c-84c9-4063-8e0e-421e0d234352" testId="251dffa5-9b1c-4545-99ec-48561569a749" testName="Test5426" computerName="UA-LPT-OGA2" duration="00:00:00.7760000" startTime="2025-05-14T13:20:31.3146610Z" endTime="2025-05-14T13:25:31.3147553Z" testType="13cdc9d9-ddb5-4fa4-a97d-d965ccfc6d4b" outcome="Passed" testListId="4b525f1e-64c5-498b-89a3-dc5beaf81482" />
    <UnitTestResult executionId="875b54f2-15f6-4f9e-8bcc-e2f62c9df562" testId="5156bd5c-5f72-466a-ae82-319a11eeae78" testName="Test5427" computerName="UA-LPT-OGA2" duration="00:00:00.6760000" startTime="2025-05-14T13:20:31.3146610Z" endTime="2025-05-14T13:25:31.3147553Z" testType="13cdc9d9-ddb5-4fa4-a97d-d965ccfc6d4b" outcome="Passed" testListId="4b525f1e-64c5-498b-89a3-dc5beaf81482" />
    <UnitTestResult executionId="5848a3ff-950d-4f80-bcc5-d2e287bbeea6" testId="4a43e0d8-1d4f-4483-8979-005c6cb7f19c" testName="Test5428" computerName="UA-LPT-OGA2" duration="00:00:00.1490000" startTime="2025-05-14T13:20:31.3146610Z" endTime="2025-05-14T13:25:31.3147553Z" testType="13cdc9d9-ddb5-4fa4-a97d-d965ccfc6d4b" outcome="Passed" testListId="4b525f1e-64c5-498b-89a3-dc5beaf81482" />
    <UnitTestResult executionId="28f1d69f-e982-4e52-b7fb-8a1f363cca96" testId="f31b955a-e40e-4608-8bbf-c481fb6e1b51" testName="Test5429" computerName="UA-LPT-OGA2" duration="00:00:01.2020000" startTime="2025-05-14T13:20:31.3146610Z" endTime="2025-05-14T13:25:31.3147553Z" testType="13cdc9d9-ddb5-4fa4-a97d-d965ccfc6d4b" outcome="Passed" testListId="4b525f1e-64c5-498b-89a3-dc5beaf81482" />
    <UnitTestResult executionId="10c9f89a-96e5-442e-b959-80bb386e02d1" testId="274f9b0c-fe82-4b85-a403-22c26d71cacf" testName="Test5430" computerName="UA-LPT-OGA2" duration="00:00:01.8030000" startTime="2025-05-14T13:20:31.3146610Z" endTime="2025-05-14T13:25:31.3147553Z" testType="13cdc9d9-ddb5-4fa4-a97d-d965ccfc6d4b" outcome="Passed" testListId="4b525f1e-64c5-498b-89a3-dc5beaf81482" />
    <UnitTestResult executionId="c0865125-6de1-4da3-b514-83fdfa82a19e" testId="ee93f11c-1913-42b2-a45e-58b53cc401e7" testName="Test5431" computerName="UA-LPT-OGA2" duration="00:00:01.4730000" startTime="2025-05-14T13:20:31.3146610Z" endTime="2025-05-14T13:25:31.3147553Z" testType="13cdc9d9-ddb5-4fa4-a97d-d965ccfc6d4b" outcome="Passed" testListId="4b525f1e-64c5-498b-89a3-dc5beaf81482" />
    <UnitTestResult executionId="3ab235be-437b-4b6e-94f3-6372b18f9e40" testId="5399a119-b073-4dd0-948d-24324ad88ee0" testName="Test5432" computerName="UA-LPT-OGA2" duration="00:00:00.2670000" startTime="2025-05-14T13:20:31.3146610Z" endTime="2025-05-14T13:25:31.3147553Z" testType="13cdc9d9-ddb5-4fa4-a97d-d965ccfc6d4b" outcome="Passed" testListId="4b525f1e-64c5-498b-89a3-dc5beaf81482" />
    <UnitTestResult executionId="e2bcfabb-bc11-49fc-ae10-3a2dae3b17bb" testId="63e4ba54-aa83-4df1-a1f6-51e413cbd0de" testName="Test5433" computerName="UA-LPT-OGA2" duration="00:00:00.1240000" startTime="2025-05-14T13:20:31.3146610Z" endTime="2025-05-14T13:25:31.3147553Z" testType="13cdc9d9-ddb5-4fa4-a97d-d965ccfc6d4b" outcome="Passed" testListId="4b525f1e-64c5-498b-89a3-dc5beaf81482" />
    <UnitTestResult executionId="493fc491-c4c7-48b7-afe8-fec1c4e425f6" testId="522ad878-879a-4622-8fb0-faf7bb1c1d18" testName="Test5434" computerName="UA-LPT-OGA2" duration="00:00:01.8420000" startTime="2025-05-14T13:20:31.3146610Z" endTime="2025-05-14T13:25:31.3147553Z" testType="13cdc9d9-ddb5-4fa4-a97d-d965ccfc6d4b" outcome="Passed" testListId="4b525f1e-64c5-498b-89a3-dc5beaf81482" />
    <UnitTestResult executionId="6ea557c1-ff08-43d6-b82d-e6384d90e789" testId="5538bec4-bda8-40c5-8a72-7d025f134dd2" testName="Test5435" computerName="UA-LPT-OGA2" duration="00:00:01.7820000" startTime="2025-05-14T13:20:31.3146610Z" endTime="2025-05-14T13:25:31.3147553Z" testType="13cdc9d9-ddb5-4fa4-a97d-d965ccfc6d4b" outcome="Passed" testListId="4b525f1e-64c5-498b-89a3-dc5beaf81482" />
    <UnitTestResult executionId="fb186b52-cffa-43b7-8fc9-911ad93bdc0c" testId="1f4c73d6-7bf4-466e-b377-a61b692d034d" testName="Test5436" computerName="UA-LPT-OGA2" duration="00:00:01.0590000" startTime="2025-05-14T13:20:31.3146610Z" endTime="2025-05-14T13:25:31.3147553Z" testType="13cdc9d9-ddb5-4fa4-a97d-d965ccfc6d4b" outcome="Passed" testListId="4b525f1e-64c5-498b-89a3-dc5beaf81482" />
    <UnitTestResult executionId="354cfdf2-7f97-4ee2-b818-3d85d9d86023" testId="a5337e26-2001-4a21-a4a6-f6f216cfdca6" testName="Test5437" computerName="UA-LPT-OGA2" duration="00:00:01.3190000" startTime="2025-05-14T13:20:31.3146610Z" endTime="2025-05-14T13:25:31.3147553Z" testType="13cdc9d9-ddb5-4fa4-a97d-d965ccfc6d4b" outcome="Passed" testListId="4b525f1e-64c5-498b-89a3-dc5beaf81482" />
    <UnitTestResult executionId="c04d9d71-66b6-472a-aaa5-05dcbf732024" testId="5da38268-72f9-4342-964f-da46e3a34ef0" testName="Test5438" computerName="UA-LPT-OGA2" duration="00:00:01.1090000" startTime="2025-05-14T13:20:31.3146610Z" endTime="2025-05-14T13:25:31.3147553Z" testType="13cdc9d9-ddb5-4fa4-a97d-d965ccfc6d4b" outcome="Passed" testListId="4b525f1e-64c5-498b-89a3-dc5beaf81482" />
    <UnitTestResult executionId="060b9874-0d0e-42ec-84e3-1b7c4ed48760" testId="f6256318-3f93-4d41-a078-30121f1eb33f" testName="Test5439" computerName="UA-LPT-OGA2" duration="00:00:01.9360000" startTime="2025-05-14T13:20:31.3146610Z" endTime="2025-05-14T13:25:31.3147553Z" testType="13cdc9d9-ddb5-4fa4-a97d-d965ccfc6d4b" outcome="Passed" testListId="4b525f1e-64c5-498b-89a3-dc5beaf81482" />
    <UnitTestResult executionId="8061d519-badc-41e7-a557-242e04ca36b7" testId="1eaf62bd-545a-4faf-a650-2ed32b0a5206" testName="Test5440" computerName="UA-LPT-OGA2" duration="00:00:00.4820000" startTime="2025-05-14T13:20:31.3146610Z" endTime="2025-05-14T13:25:31.3147553Z" testType="13cdc9d9-ddb5-4fa4-a97d-d965ccfc6d4b" outcome="Passed" testListId="4b525f1e-64c5-498b-89a3-dc5beaf81482" />
    <UnitTestResult executionId="37736fa6-0051-48bb-ac6f-e38ab9aea864" testId="ce465a4c-8b75-4488-84b6-1cacaa958a7c" testName="Test5441" computerName="UA-LPT-OGA2" duration="00:00:00.5520000" startTime="2025-05-14T13:20:31.3146610Z" endTime="2025-05-14T13:25:31.3147553Z" testType="13cdc9d9-ddb5-4fa4-a97d-d965ccfc6d4b" outcome="Passed" testListId="4b525f1e-64c5-498b-89a3-dc5beaf81482" />
    <UnitTestResult executionId="5929b85d-d454-4021-96c5-5b9f59d87368" testId="7e2db94a-35ac-468a-9cd5-0b528e481390" testName="Test5442" computerName="UA-LPT-OGA2" duration="00:00:01.4650000" startTime="2025-05-14T13:20:31.3146610Z" endTime="2025-05-14T13:25:31.3147553Z" testType="13cdc9d9-ddb5-4fa4-a97d-d965ccfc6d4b" outcome="Passed" testListId="4b525f1e-64c5-498b-89a3-dc5beaf81482" />
    <UnitTestResult executionId="75ff382a-9874-4ae1-a6a5-c9a38170348c" testId="762a5017-021b-4dcf-a930-d4c657501360" testName="Test5443" computerName="UA-LPT-OGA2" duration="00:00:00.2990000" startTime="2025-05-14T13:20:31.3146610Z" endTime="2025-05-14T13:25:31.3147553Z" testType="13cdc9d9-ddb5-4fa4-a97d-d965ccfc6d4b" outcome="Passed" testListId="4b525f1e-64c5-498b-89a3-dc5beaf81482" />
    <UnitTestResult executionId="83c9e250-9e1b-4465-a1b3-eacc2bd21a2a" testId="90bb6a5e-bde4-4ab7-b337-22efd824eacd" testName="Test5444" computerName="UA-LPT-OGA2" duration="00:00:00.2490000" startTime="2025-05-14T13:20:31.3146610Z" endTime="2025-05-14T13:25:31.3147553Z" testType="13cdc9d9-ddb5-4fa4-a97d-d965ccfc6d4b" outcome="Passed" testListId="4b525f1e-64c5-498b-89a3-dc5beaf81482" />
    <UnitTestResult executionId="5e90c92e-4409-4a35-ab85-f1c1c5cb3f1c" testId="c3e11f18-aada-4f74-8dc1-7700936c9fbd" testName="Test5445" computerName="UA-LPT-OGA2" duration="00:00:01.1880000" startTime="2025-05-14T13:20:31.3146610Z" endTime="2025-05-14T13:25:31.3147553Z" testType="13cdc9d9-ddb5-4fa4-a97d-d965ccfc6d4b" outcome="Passed" testListId="4b525f1e-64c5-498b-89a3-dc5beaf81482" />
    <UnitTestResult executionId="6d322b2f-6726-4555-a9c9-e1c087772b11" testId="7a7b3cd2-1301-422c-a2c4-4d61f902a36f" testName="Test5446" computerName="UA-LPT-OGA2" duration="00:00:01.2800000" startTime="2025-05-14T13:20:31.3146610Z" endTime="2025-05-14T13:25:31.3147553Z" testType="13cdc9d9-ddb5-4fa4-a97d-d965ccfc6d4b" outcome="Passed" testListId="4b525f1e-64c5-498b-89a3-dc5beaf81482" />
    <UnitTestResult executionId="e6f4f537-1ae9-4c49-b88e-05d1856a2102" testId="adde89b1-0d76-429d-b3db-2a70a4ae2849" testName="Test5447" computerName="UA-LPT-OGA2" duration="00:00:01.7390000" startTime="2025-05-14T13:20:31.3146610Z" endTime="2025-05-14T13:25:31.3147553Z" testType="13cdc9d9-ddb5-4fa4-a97d-d965ccfc6d4b" outcome="Passed" testListId="4b525f1e-64c5-498b-89a3-dc5beaf81482" />
    <UnitTestResult executionId="4f34d001-4017-4f10-9e45-9233d00b4fed" testId="118ee49d-eac7-4541-a5cb-4cf0e50e43f8" testName="Test5448" computerName="UA-LPT-OGA2" duration="00:00:00.6410000" startTime="2025-05-14T13:20:31.3146610Z" endTime="2025-05-14T13:25:31.3147553Z" testType="13cdc9d9-ddb5-4fa4-a97d-d965ccfc6d4b" outcome="Passed" testListId="4b525f1e-64c5-498b-89a3-dc5beaf81482" />
    <UnitTestResult executionId="69803af7-5778-44a2-b1af-50df8a10f8aa" testId="4b089a77-792b-4149-9aaa-b3d3e82bcfe4" testName="Test5449" computerName="UA-LPT-OGA2" duration="00:00:00.4980000" startTime="2025-05-14T13:20:31.3146610Z" endTime="2025-05-14T13:25:31.3147553Z" testType="13cdc9d9-ddb5-4fa4-a97d-d965ccfc6d4b" outcome="Passed" testListId="4b525f1e-64c5-498b-89a3-dc5beaf81482" />
    <UnitTestResult executionId="5774f061-1ccf-4781-bf22-5b3245b3f02f" testId="330ecd24-ca5a-4133-a892-9617d605314d" testName="Test5450" computerName="UA-LPT-OGA2" duration="00:00:01.5510000" startTime="2025-05-14T13:20:31.3146610Z" endTime="2025-05-14T13:25:31.3147553Z" testType="13cdc9d9-ddb5-4fa4-a97d-d965ccfc6d4b" outcome="Passed" testListId="4b525f1e-64c5-498b-89a3-dc5beaf81482" />
    <UnitTestResult executionId="d2b94cdb-0391-4a78-8dac-86c9105d6c46" testId="81040256-c395-4ee1-86ac-6f3391bfb0d2" testName="Test5451" computerName="UA-LPT-OGA2" duration="00:00:00.6150000" startTime="2025-05-14T13:20:31.3146610Z" endTime="2025-05-14T13:25:31.3147553Z" testType="13cdc9d9-ddb5-4fa4-a97d-d965ccfc6d4b" outcome="Failed" testListId="4b525f1e-64c5-498b-89a3-dc5beaf81482">
      <Output>
        <ErrorInfo>
          <Message>Assertion failed: Expected value did not match actual value.</Message>
          <StackTrace>   at TestNamespace.TestClass.Test() in TestClass.cs:line 367</StackTrace>
        </ErrorInfo>
      </Output>
    </UnitTestResult>
    <UnitTestResult executionId="a07de938-a5ed-4a3a-a92d-cc7749c7198c" testId="daff7c0f-0704-4767-b572-00d41afcd1c9" testName="Test5452" computerName="UA-LPT-OGA2" duration="00:00:00.3840000" startTime="2025-05-14T13:20:31.3146610Z" endTime="2025-05-14T13:25:31.3147553Z" testType="13cdc9d9-ddb5-4fa4-a97d-d965ccfc6d4b" outcome="Passed" testListId="4b525f1e-64c5-498b-89a3-dc5beaf81482" />
    <UnitTestResult executionId="7bd4f790-cfcc-4efc-acd6-c5677fe107d5" testId="26f97a1b-59b1-46db-90ea-7428ae4e0590" testName="Test5453" computerName="UA-LPT-OGA2" duration="00:00:01.9310000" startTime="2025-05-14T13:20:31.3146610Z" endTime="2025-05-14T13:25:31.3147553Z" testType="13cdc9d9-ddb5-4fa4-a97d-d965ccfc6d4b" outcome="Passed" testListId="4b525f1e-64c5-498b-89a3-dc5beaf81482" />
    <UnitTestResult executionId="400d0a6a-8a0b-4168-8faf-caa3cfe47937" testId="4b1b1fd7-914d-4db5-93e7-ab225247aff4" testName="Test5454" computerName="UA-LPT-OGA2" duration="00:00:00.7280000" startTime="2025-05-14T13:20:31.3146610Z" endTime="2025-05-14T13:25:31.3147553Z" testType="13cdc9d9-ddb5-4fa4-a97d-d965ccfc6d4b" outcome="Passed" testListId="4b525f1e-64c5-498b-89a3-dc5beaf81482" />
    <UnitTestResult executionId="25f48912-414b-4e18-b2c5-30a3a59926ec" testId="1f22555a-1b47-4c42-87b2-433c73268f06" testName="Test5455" computerName="UA-LPT-OGA2" duration="00:00:00.5690000" startTime="2025-05-14T13:20:31.3146610Z" endTime="2025-05-14T13:25:31.3147553Z" testType="13cdc9d9-ddb5-4fa4-a97d-d965ccfc6d4b" outcome="Passed" testListId="4b525f1e-64c5-498b-89a3-dc5beaf81482" />
    <UnitTestResult executionId="8d030587-f278-40a8-b5c9-83f4a9c69c1d" testId="c4d827f9-195e-4faa-ae97-cd144572b06c" testName="Test5456" computerName="UA-LPT-OGA2" duration="00:00:00.4650000" startTime="2025-05-14T13:20:31.3146610Z" endTime="2025-05-14T13:25:31.3147553Z" testType="13cdc9d9-ddb5-4fa4-a97d-d965ccfc6d4b" outcome="Passed" testListId="4b525f1e-64c5-498b-89a3-dc5beaf81482" />
    <UnitTestResult executionId="088cbf1d-ad3a-40ca-8ecc-146f670fcb48" testId="02e73c4f-302d-41f4-9354-cdc74fccc908" testName="Test5457" computerName="UA-LPT-OGA2" duration="00:00:00.6640000" startTime="2025-05-14T13:20:31.3146610Z" endTime="2025-05-14T13:25:31.3147553Z" testType="13cdc9d9-ddb5-4fa4-a97d-d965ccfc6d4b" outcome="Passed" testListId="4b525f1e-64c5-498b-89a3-dc5beaf81482" />
    <UnitTestResult executionId="a43c522b-d1af-42ed-b09b-d325d7b8fb6f" testId="1e3dd138-2d49-47f2-abb7-f6b989111663" testName="Test5458" computerName="UA-LPT-OGA2" duration="00:00:01.3730000" startTime="2025-05-14T13:20:31.3146610Z" endTime="2025-05-14T13:25:31.3147553Z" testType="13cdc9d9-ddb5-4fa4-a97d-d965ccfc6d4b" outcome="Passed" testListId="4b525f1e-64c5-498b-89a3-dc5beaf81482" />
    <UnitTestResult executionId="1262c8f8-0cf3-4c87-a805-62f9f52f2373" testId="a515c566-5ffa-40ad-a14a-3f8ff04c2601" testName="Test5459" computerName="UA-LPT-OGA2" duration="00:00:00.8280000" startTime="2025-05-14T13:20:31.3146610Z" endTime="2025-05-14T13:25:31.3147553Z" testType="13cdc9d9-ddb5-4fa4-a97d-d965ccfc6d4b" outcome="Passed" testListId="4b525f1e-64c5-498b-89a3-dc5beaf81482" />
    <UnitTestResult executionId="b2ebbc3a-c8bf-4ac0-937a-15d8048ed732" testId="bfd5d128-b51b-4fa0-96c3-87316a766fa5" testName="Test5460" computerName="UA-LPT-OGA2" duration="00:00:00.3580000" startTime="2025-05-14T13:20:31.3146610Z" endTime="2025-05-14T13:25:31.3147553Z" testType="13cdc9d9-ddb5-4fa4-a97d-d965ccfc6d4b" outcome="Passed" testListId="4b525f1e-64c5-498b-89a3-dc5beaf81482" />
    <UnitTestResult executionId="84ab337b-e4ce-4047-ae42-0ee81fe5fd14" testId="ccaeacc8-152f-437d-88bb-103e78dce599" testName="Test5461" computerName="UA-LPT-OGA2" duration="00:00:00.5710000" startTime="2025-05-14T13:20:31.3146610Z" endTime="2025-05-14T13:25:31.3147553Z" testType="13cdc9d9-ddb5-4fa4-a97d-d965ccfc6d4b" outcome="Passed" testListId="4b525f1e-64c5-498b-89a3-dc5beaf81482" />
    <UnitTestResult executionId="cc9c98d1-b26b-41d5-9966-74781abaac11" testId="c5b9d331-5114-4015-beed-bd610460f993" testName="Test5462" computerName="UA-LPT-OGA2" duration="00:00:01.1500000" startTime="2025-05-14T13:20:31.3146610Z" endTime="2025-05-14T13:25:31.3147553Z" testType="13cdc9d9-ddb5-4fa4-a97d-d965ccfc6d4b" outcome="Passed" testListId="4b525f1e-64c5-498b-89a3-dc5beaf81482" />
    <UnitTestResult executionId="da96de66-9331-4510-bc5f-3a6b0545d892" testId="99de935a-0507-4d7f-8725-dba3250f2832" testName="Test5463" computerName="UA-LPT-OGA2" duration="00:00:00.8510000" startTime="2025-05-14T13:20:31.3146610Z" endTime="2025-05-14T13:25:31.3147553Z" testType="13cdc9d9-ddb5-4fa4-a97d-d965ccfc6d4b" outcome="Failed" testListId="4b525f1e-64c5-498b-89a3-dc5beaf81482">
      <Output>
        <ErrorInfo>
          <Message>Assertion failed: Expected value did not match actual value.</Message>
          <StackTrace>   at TestNamespace.TestClass.Test() in TestClass.cs:line 173</StackTrace>
        </ErrorInfo>
      </Output>
    </UnitTestResult>
    <UnitTestResult executionId="f8a69220-5086-424f-a4fc-c76c15ac7b01" testId="ff295b84-a59d-4aa3-b082-a159e6623b8a" testName="Test5464" computerName="UA-LPT-OGA2" duration="00:00:01.9340000" startTime="2025-05-14T13:20:31.3146610Z" endTime="2025-05-14T13:25:31.3147553Z" testType="13cdc9d9-ddb5-4fa4-a97d-d965ccfc6d4b" outcome="Passed" testListId="4b525f1e-64c5-498b-89a3-dc5beaf81482" />
    <UnitTestResult executionId="4686b690-2b9b-47fd-b23b-370d76620382" testId="259608e7-8653-4608-92cd-975bef8b23e8" testName="Test5465" computerName="UA-LPT-OGA2" duration="00:00:01.2500000" startTime="2025-05-14T13:20:31.3146610Z" endTime="2025-05-14T13:25:31.3147553Z" testType="13cdc9d9-ddb5-4fa4-a97d-d965ccfc6d4b" outcome="Passed" testListId="4b525f1e-64c5-498b-89a3-dc5beaf81482" />
    <UnitTestResult executionId="8d3b4749-0946-432f-adb9-dd2506952ee1" testId="861bc869-bb37-456c-a3ba-f9a8f2363fb4" testName="Test5466" computerName="UA-LPT-OGA2" duration="00:00:01.4680000" startTime="2025-05-14T13:20:31.3146610Z" endTime="2025-05-14T13:25:31.3147553Z" testType="13cdc9d9-ddb5-4fa4-a97d-d965ccfc6d4b" outcome="Passed" testListId="4b525f1e-64c5-498b-89a3-dc5beaf81482" />
    <UnitTestResult executionId="c27dd88a-e12e-4ec3-9c5e-8b8020c4714d" testId="b7948e86-6d18-4538-8af0-9f5d63ad24e2" testName="Test5467" computerName="UA-LPT-OGA2" duration="00:00:00.4130000" startTime="2025-05-14T13:20:31.3146610Z" endTime="2025-05-14T13:25:31.3147553Z" testType="13cdc9d9-ddb5-4fa4-a97d-d965ccfc6d4b" outcome="Failed" testListId="4b525f1e-64c5-498b-89a3-dc5beaf81482">
      <Output>
        <ErrorInfo>
          <Message>Assertion failed: Expected value did not match actual value.</Message>
          <StackTrace>   at TestNamespace.TestClass.Test() in TestClass.cs:line 387</StackTrace>
        </ErrorInfo>
      </Output>
    </UnitTestResult>
    <UnitTestResult executionId="ebdc43d7-ea2b-4a2f-88de-dc066a601cb6" testId="e6aee062-478c-4ea8-b736-772220c6ec0c" testName="Test5468" computerName="UA-LPT-OGA2" duration="00:00:01.2320000" startTime="2025-05-14T13:20:31.3146610Z" endTime="2025-05-14T13:25:31.3147553Z" testType="13cdc9d9-ddb5-4fa4-a97d-d965ccfc6d4b" outcome="Passed" testListId="4b525f1e-64c5-498b-89a3-dc5beaf81482" />
    <UnitTestResult executionId="9d1e1ef8-d614-40f5-b7ea-6fc2d5f57832" testId="8515e4d9-edd7-4aa0-8cd9-867010820385" testName="Test5469" computerName="UA-LPT-OGA2" duration="00:00:01.6330000" startTime="2025-05-14T13:20:31.3146610Z" endTime="2025-05-14T13:25:31.3147553Z" testType="13cdc9d9-ddb5-4fa4-a97d-d965ccfc6d4b" outcome="Passed" testListId="4b525f1e-64c5-498b-89a3-dc5beaf81482" />
    <UnitTestResult executionId="5ff30d50-1b7a-439b-add5-6898a955abd9" testId="45e58c3e-74af-46a2-b8d6-443bcee3e8f8" testName="Test5470" computerName="UA-LPT-OGA2" duration="00:00:01.5310000" startTime="2025-05-14T13:20:31.3146610Z" endTime="2025-05-14T13:25:31.3147553Z" testType="13cdc9d9-ddb5-4fa4-a97d-d965ccfc6d4b" outcome="Passed" testListId="4b525f1e-64c5-498b-89a3-dc5beaf81482" />
    <UnitTestResult executionId="9ddf8188-a63f-4c7b-ab6f-c9f7736dacab" testId="5e3ee337-db41-44c6-a22f-8197b3cdd190" testName="Test5471" computerName="UA-LPT-OGA2" duration="00:00:01.9460000" startTime="2025-05-14T13:20:31.3146610Z" endTime="2025-05-14T13:25:31.3147553Z" testType="13cdc9d9-ddb5-4fa4-a97d-d965ccfc6d4b" outcome="Failed" testListId="4b525f1e-64c5-498b-89a3-dc5beaf81482">
      <Output>
        <ErrorInfo>
          <Message>Assertion failed: Expected value did not match actual value.</Message>
          <StackTrace>   at TestNamespace.TestClass.Test() in TestClass.cs:line 55</StackTrace>
        </ErrorInfo>
      </Output>
    </UnitTestResult>
    <UnitTestResult executionId="4a4b1510-cd3e-4aed-8140-9a6bbfb19048" testId="fd0466d1-a382-42da-8253-333ecf77fb42" testName="Test5472" computerName="UA-LPT-OGA2" duration="00:00:00.5810000" startTime="2025-05-14T13:20:31.3146610Z" endTime="2025-05-14T13:25:31.3147553Z" testType="13cdc9d9-ddb5-4fa4-a97d-d965ccfc6d4b" outcome="Passed" testListId="4b525f1e-64c5-498b-89a3-dc5beaf81482" />
    <UnitTestResult executionId="25099849-5b3f-424f-9905-a2c5add3ed76" testId="fcd6c3fb-662c-463f-9f01-dad7372bd94b" testName="Test5473" computerName="UA-LPT-OGA2" duration="00:00:01.1730000" startTime="2025-05-14T13:20:31.3146610Z" endTime="2025-05-14T13:25:31.3147553Z" testType="13cdc9d9-ddb5-4fa4-a97d-d965ccfc6d4b" outcome="Passed" testListId="4b525f1e-64c5-498b-89a3-dc5beaf81482" />
    <UnitTestResult executionId="19b78d78-67d4-4468-96d8-8ddb56f3e560" testId="da24fd03-cc47-4418-94a9-ccda0f27a729" testName="Test5474" computerName="UA-LPT-OGA2" duration="00:00:01.8170000" startTime="2025-05-14T13:20:31.3146610Z" endTime="2025-05-14T13:25:31.3147553Z" testType="13cdc9d9-ddb5-4fa4-a97d-d965ccfc6d4b" outcome="Passed" testListId="4b525f1e-64c5-498b-89a3-dc5beaf81482" />
    <UnitTestResult executionId="63f55c68-df74-4f19-bc6f-fed25ab54890" testId="2834d5a1-8eec-4231-af35-e37bb2445081" testName="Test5475" computerName="UA-LPT-OGA2" duration="00:00:01.4340000" startTime="2025-05-14T13:20:31.3146610Z" endTime="2025-05-14T13:25:31.3147553Z" testType="13cdc9d9-ddb5-4fa4-a97d-d965ccfc6d4b" outcome="Failed" testListId="4b525f1e-64c5-498b-89a3-dc5beaf81482">
      <Output>
        <ErrorInfo>
          <Message>Assertion failed: Expected value did not match actual value.</Message>
          <StackTrace>   at TestNamespace.TestClass.Test() in TestClass.cs:line 161</StackTrace>
        </ErrorInfo>
      </Output>
    </UnitTestResult>
    <UnitTestResult executionId="171be511-ebef-4a86-965d-4288b9c70160" testId="3eadc119-fd30-4dec-b387-6fda7748ec4e" testName="Test5476" computerName="UA-LPT-OGA2" duration="00:00:01.9930000" startTime="2025-05-14T13:20:31.3146610Z" endTime="2025-05-14T13:25:31.3147553Z" testType="13cdc9d9-ddb5-4fa4-a97d-d965ccfc6d4b" outcome="Failed" testListId="4b525f1e-64c5-498b-89a3-dc5beaf81482">
      <Output>
        <ErrorInfo>
          <Message>Assertion failed: Expected value did not match actual value.</Message>
          <StackTrace>   at TestNamespace.TestClass.Test() in TestClass.cs:line 242</StackTrace>
        </ErrorInfo>
      </Output>
    </UnitTestResult>
    <UnitTestResult executionId="1eb545ec-6d35-4f72-a83f-f8f91dbb10f9" testId="4a32f0ba-78f5-46f2-ae13-3d61693e61ab" testName="Test5477" computerName="UA-LPT-OGA2" duration="00:00:01.2850000" startTime="2025-05-14T13:20:31.3146610Z" endTime="2025-05-14T13:25:31.3147553Z" testType="13cdc9d9-ddb5-4fa4-a97d-d965ccfc6d4b" outcome="Failed" testListId="4b525f1e-64c5-498b-89a3-dc5beaf81482">
      <Output>
        <ErrorInfo>
          <Message>Assertion failed: Expected value did not match actual value.</Message>
          <StackTrace>   at TestNamespace.TestClass.Test() in TestClass.cs:line 94</StackTrace>
        </ErrorInfo>
      </Output>
    </UnitTestResult>
    <UnitTestResult executionId="692c9e77-4df3-44fe-b3dd-a1a25576043a" testId="26bebc7b-8a63-4bf4-8f7a-b7c7b63ed212" testName="Test5478" computerName="UA-LPT-OGA2" duration="00:00:00.6650000" startTime="2025-05-14T13:20:31.3146610Z" endTime="2025-05-14T13:25:31.3147553Z" testType="13cdc9d9-ddb5-4fa4-a97d-d965ccfc6d4b" outcome="Passed" testListId="4b525f1e-64c5-498b-89a3-dc5beaf81482" />
    <UnitTestResult executionId="59b68ec3-d3b2-4802-90b7-85af37d42d32" testId="7113990d-fe85-44b3-b444-c79435472a27" testName="Test5479" computerName="UA-LPT-OGA2" duration="00:00:01.2940000" startTime="2025-05-14T13:20:31.3146610Z" endTime="2025-05-14T13:25:31.3147553Z" testType="13cdc9d9-ddb5-4fa4-a97d-d965ccfc6d4b" outcome="Passed" testListId="4b525f1e-64c5-498b-89a3-dc5beaf81482" />
    <UnitTestResult executionId="345cb92d-5acf-4cd6-ab09-bc4122bb67b8" testId="76a6a70b-fde7-4a13-82b7-3efa3fa0a3ba" testName="Test5480" computerName="UA-LPT-OGA2" duration="00:00:00.5650000" startTime="2025-05-14T13:20:31.3146610Z" endTime="2025-05-14T13:25:31.3147553Z" testType="13cdc9d9-ddb5-4fa4-a97d-d965ccfc6d4b" outcome="Passed" testListId="4b525f1e-64c5-498b-89a3-dc5beaf81482" />
    <UnitTestResult executionId="0363c2a7-ed02-41fb-a17c-aa6646a7fae7" testId="d975dce4-c472-4979-883f-0f8d9fa94d15" testName="Test5481" computerName="UA-LPT-OGA2" duration="00:00:01.0170000" startTime="2025-05-14T13:20:31.3146610Z" endTime="2025-05-14T13:25:31.3147553Z" testType="13cdc9d9-ddb5-4fa4-a97d-d965ccfc6d4b" outcome="Passed" testListId="4b525f1e-64c5-498b-89a3-dc5beaf81482" />
    <UnitTestResult executionId="3a427572-c49b-4c66-bb7e-011e3b2303c9" testId="21b02d53-3fab-412a-8055-667257237524" testName="Test5482" computerName="UA-LPT-OGA2" duration="00:00:00.4470000" startTime="2025-05-14T13:20:31.3146610Z" endTime="2025-05-14T13:25:31.3147553Z" testType="13cdc9d9-ddb5-4fa4-a97d-d965ccfc6d4b" outcome="Passed" testListId="4b525f1e-64c5-498b-89a3-dc5beaf81482" />
    <UnitTestResult executionId="aef20287-20ed-43c9-93a9-5112a69381d3" testId="6107189f-75fb-41f3-a6a7-b571bf00bc5a" testName="Test5483" computerName="UA-LPT-OGA2" duration="00:00:01.7170000" startTime="2025-05-14T13:20:31.3146610Z" endTime="2025-05-14T13:25:31.3147553Z" testType="13cdc9d9-ddb5-4fa4-a97d-d965ccfc6d4b" outcome="Passed" testListId="4b525f1e-64c5-498b-89a3-dc5beaf81482" />
    <UnitTestResult executionId="e38e1eee-a6c7-4102-afca-46491b425ec5" testId="19f7d45c-8535-4580-94d6-4b8617294249" testName="Test5484" computerName="UA-LPT-OGA2" duration="00:00:01.4520000" startTime="2025-05-14T13:20:31.3146610Z" endTime="2025-05-14T13:25:31.3147553Z" testType="13cdc9d9-ddb5-4fa4-a97d-d965ccfc6d4b" outcome="Passed" testListId="4b525f1e-64c5-498b-89a3-dc5beaf81482" />
    <UnitTestResult executionId="d5e81e4a-4b17-42a8-8698-e69df95104ef" testId="5b669242-1585-4547-9f90-4fce1d70e8ed" testName="Test5485" computerName="UA-LPT-OGA2" duration="00:00:00.0290000" startTime="2025-05-14T13:20:31.3146610Z" endTime="2025-05-14T13:25:31.3147553Z" testType="13cdc9d9-ddb5-4fa4-a97d-d965ccfc6d4b" outcome="Passed" testListId="4b525f1e-64c5-498b-89a3-dc5beaf81482" />
    <UnitTestResult executionId="ea8a888a-2e9e-4e01-aea4-cf22f0babef6" testId="2ddbe507-c033-4089-972d-2c7eaf6d62c3" testName="Test5486" computerName="UA-LPT-OGA2" duration="00:00:01.3640000" startTime="2025-05-14T13:20:31.3146610Z" endTime="2025-05-14T13:25:31.3147553Z" testType="13cdc9d9-ddb5-4fa4-a97d-d965ccfc6d4b" outcome="Passed" testListId="4b525f1e-64c5-498b-89a3-dc5beaf81482" />
    <UnitTestResult executionId="1886e5ba-367a-4ab5-8b77-ed4ccefa2958" testId="c5960291-1710-4336-a8c1-0ac765aea199" testName="Test5487" computerName="UA-LPT-OGA2" duration="00:00:01.5300000" startTime="2025-05-14T13:20:31.3146610Z" endTime="2025-05-14T13:25:31.3147553Z" testType="13cdc9d9-ddb5-4fa4-a97d-d965ccfc6d4b" outcome="Passed" testListId="4b525f1e-64c5-498b-89a3-dc5beaf81482" />
    <UnitTestResult executionId="84558b1f-ec1f-482f-8878-352693563a12" testId="71fa00aa-4c52-4ab1-9908-84abb5c6c825" testName="Test5488" computerName="UA-LPT-OGA2" duration="00:00:01.8530000" startTime="2025-05-14T13:20:31.3146610Z" endTime="2025-05-14T13:25:31.3147553Z" testType="13cdc9d9-ddb5-4fa4-a97d-d965ccfc6d4b" outcome="Passed" testListId="4b525f1e-64c5-498b-89a3-dc5beaf81482" />
    <UnitTestResult executionId="3f57598a-187a-4887-af62-107122c190d6" testId="f302aea7-0ad2-4dad-9ca7-474ee4160ff4" testName="Test5489" computerName="UA-LPT-OGA2" duration="00:00:01.6840000" startTime="2025-05-14T13:20:31.3146610Z" endTime="2025-05-14T13:25:31.3147553Z" testType="13cdc9d9-ddb5-4fa4-a97d-d965ccfc6d4b" outcome="Passed" testListId="4b525f1e-64c5-498b-89a3-dc5beaf81482" />
    <UnitTestResult executionId="3b995cff-ec2d-47b4-8928-cbc0276176c3" testId="c7a31b60-5600-4b04-a25a-9d7ffa233e99" testName="Test5490" computerName="UA-LPT-OGA2" duration="00:00:00.6770000" startTime="2025-05-14T13:20:31.3146610Z" endTime="2025-05-14T13:25:31.3147553Z" testType="13cdc9d9-ddb5-4fa4-a97d-d965ccfc6d4b" outcome="Passed" testListId="4b525f1e-64c5-498b-89a3-dc5beaf81482" />
    <UnitTestResult executionId="afdf00aa-c9d5-47b9-b047-a72a7e9bd06e" testId="2583d956-6fa8-45ba-9cdf-035414bed630" testName="Test5491" computerName="UA-LPT-OGA2" duration="00:00:00.8000000" startTime="2025-05-14T13:20:31.3146610Z" endTime="2025-05-14T13:25:31.3147553Z" testType="13cdc9d9-ddb5-4fa4-a97d-d965ccfc6d4b" outcome="Passed" testListId="4b525f1e-64c5-498b-89a3-dc5beaf81482" />
    <UnitTestResult executionId="dc71c369-2766-4721-bcde-e22f713a200d" testId="30e6a874-852e-4652-9802-c7d498413875" testName="Test5492" computerName="UA-LPT-OGA2" duration="00:00:00.5560000" startTime="2025-05-14T13:20:31.3146610Z" endTime="2025-05-14T13:25:31.3147553Z" testType="13cdc9d9-ddb5-4fa4-a97d-d965ccfc6d4b" outcome="Passed" testListId="4b525f1e-64c5-498b-89a3-dc5beaf81482" />
    <UnitTestResult executionId="d6f2d049-5e69-4b86-9735-ae54931573f4" testId="9831f19d-a690-4796-8dfc-18f1d9d9237b" testName="Test5493" computerName="UA-LPT-OGA2" duration="00:00:01.0730000" startTime="2025-05-14T13:20:31.3146610Z" endTime="2025-05-14T13:25:31.3147553Z" testType="13cdc9d9-ddb5-4fa4-a97d-d965ccfc6d4b" outcome="Passed" testListId="4b525f1e-64c5-498b-89a3-dc5beaf81482" />
    <UnitTestResult executionId="c97c4a22-cf2d-41e8-9c92-72723e827be5" testId="368d27da-019a-47ed-a810-79a8b8ba66a3" testName="Test5494" computerName="UA-LPT-OGA2" duration="00:00:01.4670000" startTime="2025-05-14T13:20:31.3146610Z" endTime="2025-05-14T13:25:31.3147553Z" testType="13cdc9d9-ddb5-4fa4-a97d-d965ccfc6d4b" outcome="Passed" testListId="4b525f1e-64c5-498b-89a3-dc5beaf81482" />
    <UnitTestResult executionId="6a44b34f-6506-4a9b-8be6-14fd433e509d" testId="643ec0d1-ab9e-47f9-94da-344f18e7b134" testName="Test5495" computerName="UA-LPT-OGA2" duration="00:00:01.8380000" startTime="2025-05-14T13:20:31.3146610Z" endTime="2025-05-14T13:25:31.3147553Z" testType="13cdc9d9-ddb5-4fa4-a97d-d965ccfc6d4b" outcome="Passed" testListId="4b525f1e-64c5-498b-89a3-dc5beaf81482" />
    <UnitTestResult executionId="3a2ee5a6-6e1f-4d95-9965-288ec4c2f277" testId="846e0cb1-51e0-41ee-9f34-7e4fac2f276c" testName="Test5496" computerName="UA-LPT-OGA2" duration="00:00:01.8090000" startTime="2025-05-14T13:20:31.3146610Z" endTime="2025-05-14T13:25:31.3147553Z" testType="13cdc9d9-ddb5-4fa4-a97d-d965ccfc6d4b" outcome="Passed" testListId="4b525f1e-64c5-498b-89a3-dc5beaf81482" />
    <UnitTestResult executionId="a55e9251-cde7-4907-8324-34943fe67013" testId="6d3de384-c8bd-4d9f-b4ca-35d8def2d942" testName="Test5497" computerName="UA-LPT-OGA2" duration="00:00:00.3130000" startTime="2025-05-14T13:20:31.3146610Z" endTime="2025-05-14T13:25:31.3147553Z" testType="13cdc9d9-ddb5-4fa4-a97d-d965ccfc6d4b" outcome="Passed" testListId="4b525f1e-64c5-498b-89a3-dc5beaf81482" />
    <UnitTestResult executionId="5e21c69b-568c-4b36-9364-9433e5ae9e74" testId="f4b0bb2a-8fed-4875-9573-27d09bb2f6d1" testName="Test5498" computerName="UA-LPT-OGA2" duration="00:00:01.5410000" startTime="2025-05-14T13:20:31.3146610Z" endTime="2025-05-14T13:25:31.3147553Z" testType="13cdc9d9-ddb5-4fa4-a97d-d965ccfc6d4b" outcome="Passed" testListId="4b525f1e-64c5-498b-89a3-dc5beaf81482" />
    <UnitTestResult executionId="59fcf29a-b535-4561-a36d-0c4edcee7ebc" testId="bb51187b-c626-4a47-80e3-d887596b2bc7" testName="Test5499" computerName="UA-LPT-OGA2" duration="00:00:00.4260000" startTime="2025-05-14T13:20:31.3146610Z" endTime="2025-05-14T13:25:31.3147553Z" testType="13cdc9d9-ddb5-4fa4-a97d-d965ccfc6d4b" outcome="Passed" testListId="4b525f1e-64c5-498b-89a3-dc5beaf81482" />
    <UnitTestResult executionId="12768e08-dd34-40ea-88ee-032640939b19" testId="eb20ac51-74f0-42c9-a133-f8a5f24f0d05" testName="Test5500" computerName="UA-LPT-OGA2" duration="00:00:00.7510000" startTime="2025-05-14T13:20:31.3146610Z" endTime="2025-05-14T13:25:31.3147553Z" testType="13cdc9d9-ddb5-4fa4-a97d-d965ccfc6d4b" outcome="Passed" testListId="4b525f1e-64c5-498b-89a3-dc5beaf81482" />
  </Results>
  <TestDefinitions>
    <UnitTest name="Test5401" id="6a9c398a-e260-458c-9efc-e4e72f416565" storage="TestAssembly.dll">
      <Execution id="d554980a-69a8-44b8-83d8-d518eb0ef92f" />
      <TestMethod codeBase="TestAssembly.dll" className="TestNamespace.TestClass1" name="Test5401" />
    </UnitTest>
    <UnitTest name="Test5402" id="e1587554-fa38-4234-95e8-bcbdc5756261" storage="TestAssembly.dll">
      <Execution id="c6444f41-66ab-4c79-84cd-57b685d04911" />
      <TestMethod codeBase="TestAssembly.dll" className="TestNamespace.TestClass1" name="Test5402" />
    </UnitTest>
    <UnitTest name="Test5403" id="fa1b8f92-e125-4cf6-b023-2f2c2751f293" storage="TestAssembly.dll">
      <Execution id="ef43e8df-2811-49f1-9a44-335e70e23911" />
      <TestMethod codeBase="TestAssembly.dll" className="TestNamespace.TestClass1" name="Test5403" />
    </UnitTest>
    <UnitTest name="Test5404" id="31893999-563f-43ac-a0ed-d45f21dab946" storage="TestAssembly.dll">
      <Execution id="690d6739-b49f-475a-b221-027810721094" />
      <TestMethod codeBase="TestAssembly.dll" className="TestNamespace.TestClass1" name="Test5404" />
    </UnitTest>
    <UnitTest name="Test5405" id="d43159f9-f4da-4ec4-b6c9-c212d51c42b3" storage="TestAssembly.dll">
      <Execution id="f75a7173-9841-4646-8a28-2b99c8e58f51" />
      <TestMethod codeBase="TestAssembly.dll" className="TestNamespace.TestClass1" name="Test5405" />
    </UnitTest>
    <UnitTest name="Test5406" id="40c3a883-2a6f-471a-a776-cc7d82abd795" storage="TestAssembly.dll">
      <Execution id="a86733c8-a5d3-4f29-af30-49c433ce0cc3" />
      <TestMethod codeBase="TestAssembly.dll" className="TestNamespace.TestClass1" name="Test5406" />
    </UnitTest>
    <UnitTest name="Test5407" id="fb8100e6-e1ea-4c7e-af8e-0ccc25090c62" storage="TestAssembly.dll">
      <Execution id="88f22972-883a-466c-8996-3bd006ad0af8" />
      <TestMethod codeBase="TestAssembly.dll" className="TestNamespace.TestClass1" name="Test5407" />
    </UnitTest>
    <UnitTest name="Test5408" id="a564e9c1-d6db-405a-9e71-9cae4d227572" storage="TestAssembly.dll">
      <Execution id="bb9b721b-0755-4ce7-bd9f-c16b07c324ec" />
      <TestMethod codeBase="TestAssembly.dll" className="TestNamespace.TestClass1" name="Test5408" />
    </UnitTest>
    <UnitTest name="Test5409" id="91421d44-f2c5-4021-b562-77030f801a81" storage="TestAssembly.dll">
      <Execution id="0717a4aa-492f-46e0-bf84-a15055516d61" />
      <TestMethod codeBase="TestAssembly.dll" className="TestNamespace.TestClass1" name="Test5409" />
    </UnitTest>
    <UnitTest name="Test5410" id="0b23151a-9737-483d-b1b3-62b5b5f97002" storage="TestAssembly.dll">
      <Execution id="b219c3d7-0b50-4849-ac26-4e36db0b4e92" />
      <TestMethod codeBase="TestAssembly.dll" className="TestNamespace.TestClass1" name="Test5410" />
    </UnitTest>
    <UnitTest name="Test5411" id="061d49b8-0ad0-4cb8-8ddd-1fed63e1043d" storage="TestAssembly.dll">
      <Execution id="dbb5776e-069b-42b7-9477-bf5eba3cb916" />
      <TestMethod codeBase="TestAssembly.dll" className="TestNamespace.TestClass2" name="Test5411" />
    </UnitTest>
    <UnitTest name="Test5412" id="522d595c-dec1-42ae-a3a1-96c6dec996ae" storage="TestAssembly.dll">
      <Execution id="18a97631-b01c-4f45-9baf-4b3422331a4a" />
      <TestMethod codeBase="TestAssembly.dll" className="TestNamespace.TestClass2" name="Test5412" />
    </UnitTest>
    <UnitTest name="Test5413" id="28b8afd4-c295-4687-ac3f-699eda2f9bb2" storage="TestAssembly.dll">
      <Execution id="332c2378-19bb-4713-ad63-fad909489385" />
      <TestMethod codeBase="TestAssembly.dll" className="TestNamespace.TestClass2" name="Test5413" />
    </UnitTest>
    <UnitTest name="Test5414" id="48303b58-4656-4f42-9702-01ffabf6fc95" storage="TestAssembly.dll">
      <Execution id="04d1dd50-e960-4e13-b08f-cfbceaad9a79" />
      <TestMethod codeBase="TestAssembly.dll" className="TestNamespace.TestClass2" name="Test5414" />
    </UnitTest>
    <UnitTest name="Test5415" id="ae124fc2-ec52-43d1-a2ee-bb0d3770fe2f" storage="TestAssembly.dll">
      <Execution id="7ae3e706-b55c-47fa-abe7-5412fcb31840" />
      <TestMethod codeBase="TestAssembly.dll" className="TestNamespace.TestClass2" name="Test5415" />
    </UnitTest>
    <UnitTest name="Test5416" id="0dabfce3-d824-480e-bd2d-609a03aeaf56" storage="TestAssembly.dll">
      <Execution id="b2c08d81-100a-4618-b6f0-2f7f6ce975a4" />
      <TestMethod codeBase="TestAssembly.dll" className="TestNamespace.TestClass2" name="Test5416" />
    </UnitTest>
    <UnitTest name="Test5417" id="7a5f2ca7-b3ac-4a8e-b875-a6ca82bf832c" storage="TestAssembly.dll">
      <Execution id="c33624c0-9aa1-4325-8a44-dbad54af81e5" />
      <TestMethod codeBase="TestAssembly.dll" className="TestNamespace.TestClass2" name="Test5417" />
    </UnitTest>
    <UnitTest name="Test5418" id="bda8f1fc-ad50-4751-94b6-83bea744e521" storage="TestAssembly.dll">
      <Execution id="55e32e82-2591-4c6d-8dcf-03e67bc2c644" />
      <TestMethod codeBase="TestAssembly.dll" className="TestNamespace.TestClass2" name="Test5418" />
    </UnitTest>
    <UnitTest name="Test5419" id="23f24b2c-5844-437b-ad6e-841e1bf84f1c" storage="TestAssembly.dll">
      <Execution id="526fe120-c6d5-4dff-a235-ad3f4326101d" />
      <TestMethod codeBase="TestAssembly.dll" className="TestNamespace.TestClass2" name="Test5419" />
    </UnitTest>
    <UnitTest name="Test5420" id="664edb8a-c37f-484c-9d7a-6afcdf9fe7fe" storage="TestAssembly.dll">
      <Execution id="adfb3c4c-1d3a-45ab-b32b-7c5c86834ba0" />
      <TestMethod codeBase="TestAssembly.dll" className="TestNamespace.TestClass2" name="Test5420" />
    </UnitTest>
    <UnitTest name="Test5421" id="4fba8f4a-25b8-4823-997e-2b556ebfd8ef" storage="TestAssembly.dll">
      <Execution id="15e33757-bc3e-49f1-a9f0-783f60b390eb" />
      <TestMethod codeBase="TestAssembly.dll" className="TestNamespace.TestClass3" name="Test5421" />
    </UnitTest>
    <UnitTest name="Test5422" id="a91b2be1-8453-420b-8eaa-ae17c65b5242" storage="TestAssembly.dll">
      <Execution id="ab760ddd-ae42-4911-a179-7d543af14a3b" />
      <TestMethod codeBase="TestAssembly.dll" className="TestNamespace.TestClass3" name="Test5422" />
    </UnitTest>
    <UnitTest name="Test5423" id="3d735e07-4c41-4cbb-a82f-f992d9301f38" storage="TestAssembly.dll">
      <Execution id="c4f62a92-c646-49cb-811f-80c356a01280" />
      <TestMethod codeBase="TestAssembly.dll" className="TestNamespace.TestClass3" name="Test5423" />
    </UnitTest>
    <UnitTest name="Test5424" id="3e7dc152-b5ab-40fe-83d1-ab7971e03762" storage="TestAssembly.dll">
      <Execution id="dd2a6d27-28f8-44bc-9d1c-fa2daab0d88c" />
      <TestMethod codeBase="TestAssembly.dll" className="TestNamespace.TestClass3" name="Test5424" />
    </UnitTest>
    <UnitTest name="Test5425" id="9b72dace-18de-4e05-8ee0-9c1becc4fd8b" storage="TestAssembly.dll">
      <Execution id="6f92cb17-a605-457c-b1e4-583266c68d1b" />
      <TestMethod codeBase="TestAssembly.dll" className="TestNamespace.TestClass3" name="Test5425" />
    </UnitTest>
    <UnitTest name="Test5426" id="251dffa5-9b1c-4545-99ec-48561569a749" storage="TestAssembly.dll">
      <Execution id="f76f238c-84c9-4063-8e0e-421e0d234352" />
      <TestMethod codeBase="TestAssembly.dll" className="TestNamespace.TestClass3" name="Test5426" />
    </UnitTest>
    <UnitTest name="Test5427" id="5156bd5c-5f72-466a-ae82-319a11eeae78" storage="TestAssembly.dll">
      <Execution id="875b54f2-15f6-4f9e-8bcc-e2f62c9df562" />
      <TestMethod codeBase="TestAssembly.dll" className="TestNamespace.TestClass3" name="Test5427" />
    </UnitTest>
    <UnitTest name="Test5428" id="4a43e0d8-1d4f-4483-8979-005c6cb7f19c" storage="TestAssembly.dll">
      <Execution id="5848a3ff-950d-4f80-bcc5-d2e287bbeea6" />
      <TestMethod codeBase="TestAssembly.dll" className="TestNamespace.TestClass3" name="Test5428" />
    </UnitTest>
    <UnitTest name="Test5429" id="f31b955a-e40e-4608-8bbf-c481fb6e1b51" storage="TestAssembly.dll">
      <Execution id="28f1d69f-e982-4e52-b7fb-8a1f363cca96" />
      <TestMethod codeBase="TestAssembly.dll" className="TestNamespace.TestClass3" name="Test5429" />
    </UnitTest>
    <UnitTest name="Test5430" id="274f9b0c-fe82-4b85-a403-22c26d71cacf" storage="TestAssembly.dll">
      <Execution id="10c9f89a-96e5-442e-b959-80bb386e02d1" />
      <TestMethod codeBase="TestAssembly.dll" className="TestNamespace.TestClass3" name="Test5430" />
    </UnitTest>
    <UnitTest name="Test5431" id="ee93f11c-1913-42b2-a45e-58b53cc401e7" storage="TestAssembly.dll">
      <Execution id="c0865125-6de1-4da3-b514-83fdfa82a19e" />
      <TestMethod codeBase="TestAssembly.dll" className="TestNamespace.TestClass4" name="Test5431" />
    </UnitTest>
    <UnitTest name="Test5432" id="5399a119-b073-4dd0-948d-24324ad88ee0" storage="TestAssembly.dll">
      <Execution id="3ab235be-437b-4b6e-94f3-6372b18f9e40" />
      <TestMethod codeBase="TestAssembly.dll" className="TestNamespace.TestClass4" name="Test5432" />
    </UnitTest>
    <UnitTest name="Test5433" id="63e4ba54-aa83-4df1-a1f6-51e413cbd0de" storage="TestAssembly.dll">
      <Execution id="e2bcfabb-bc11-49fc-ae10-3a2dae3b17bb" />
      <TestMethod codeBase="TestAssembly.dll" className="TestNamespace.TestClass4" name="Test5433" />
    </UnitTest>
    <UnitTest name="Test5434" id="522ad878-879a-4622-8fb0-faf7bb1c1d18" storage="TestAssembly.dll">
      <Execution id="493fc491-c4c7-48b7-afe8-fec1c4e425f6" />
      <TestMethod codeBase="TestAssembly.dll" className="TestNamespace.TestClass4" name="Test5434" />
    </UnitTest>
    <UnitTest name="Test5435" id="5538bec4-bda8-40c5-8a72-7d025f134dd2" storage="TestAssembly.dll">
      <Execution id="6ea557c1-ff08-43d6-b82d-e6384d90e789" />
      <TestMethod codeBase="TestAssembly.dll" className="TestNamespace.TestClass4" name="Test5435" />
    </UnitTest>
    <UnitTest name="Test5436" id="1f4c73d6-7bf4-466e-b377-a61b692d034d" storage="TestAssembly.dll">
      <Execution id="fb186b52-cffa-43b7-8fc9-911ad93bdc0c" />
      <TestMethod codeBase="TestAssembly.dll" className="TestNamespace.TestClass4" name="Test5436" />
    </UnitTest>
    <UnitTest name="Test5437" id="a5337e26-2001-4a21-a4a6-f6f216cfdca6" storage="TestAssembly.dll">
      <Execution id="354cfdf2-7f97-4ee2-b818-3d85d9d86023" />
      <TestMethod codeBase="TestAssembly.dll" className="TestNamespace.TestClass4" name="Test5437" />
    </UnitTest>
    <UnitTest name="Test5438" id="5da38268-72f9-4342-964f-da46e3a34ef0" storage="TestAssembly.dll">
      <Execution id="c04d9d71-66b6-472a-aaa5-05dcbf732024" />
      <TestMethod codeBase="TestAssembly.dll" className="TestNamespace.TestClass4" name="Test5438" />
    </UnitTest>
    <UnitTest name="Test5439" id="f6256318-3f93-4d41-a078-30121f1eb33f" storage="TestAssembly.dll">
      <Execution id="060b9874-0d0e-42ec-84e3-1b7c4ed48760" />
      <TestMethod codeBase="TestAssembly.dll" className="TestNamespace.TestClass4" name="Test5439" />
    </UnitTest>
    <UnitTest name="Test5440" id="1eaf62bd-545a-4faf-a650-2ed32b0a5206" storage="TestAssembly.dll">
      <Execution id="8061d519-badc-41e7-a557-242e04ca36b7" />
      <TestMethod codeBase="TestAssembly.dll" className="TestNamespace.TestClass4" name="Test5440" />
    </UnitTest>
    <UnitTest name="Test5441" id="ce465a4c-8b75-4488-84b6-1cacaa958a7c" storage="TestAssembly.dll">
      <Execution id="37736fa6-0051-48bb-ac6f-e38ab9aea864" />
      <TestMethod codeBase="TestAssembly.dll" className="TestNamespace.TestClass5" name="Test5441" />
    </UnitTest>
    <UnitTest name="Test5442" id="7e2db94a-35ac-468a-9cd5-0b528e481390" storage="TestAssembly.dll">
      <Execution id="5929b85d-d454-4021-96c5-5b9f59d87368" />
      <TestMethod codeBase="TestAssembly.dll" className="TestNamespace.TestClass5" name="Test5442" />
    </UnitTest>
    <UnitTest name="Test5443" id="762a5017-021b-4dcf-a930-d4c657501360" storage="TestAssembly.dll">
      <Execution id="75ff382a-9874-4ae1-a6a5-c9a38170348c" />
      <TestMethod codeBase="TestAssembly.dll" className="TestNamespace.TestClass5" name="Test5443" />
    </UnitTest>
    <UnitTest name="Test5444" id="90bb6a5e-bde4-4ab7-b337-22efd824eacd" storage="TestAssembly.dll">
      <Execution id="83c9e250-9e1b-4465-a1b3-eacc2bd21a2a" />
      <TestMethod codeBase="TestAssembly.dll" className="TestNamespace.TestClass5" name="Test5444" />
    </UnitTest>
    <UnitTest name="Test5445" id="c3e11f18-aada-4f74-8dc1-7700936c9fbd" storage="TestAssembly.dll">
      <Execution id="5e90c92e-4409-4a35-ab85-f1c1c5cb3f1c" />
      <TestMethod codeBase="TestAssembly.dll" className="TestNamespace.TestClass5" name="Test5445" />
    </UnitTest>
    <UnitTest name="Test5446" id="7a7b3cd2-1301-422c-a2c4-4d61f902a36f" storage="TestAssembly.dll">
      <Execution id="6d322b2f-6726-4555-a9c9-e1c087772b11" />
      <TestMethod codeBase="TestAssembly.dll" className="TestNamespace.TestClass5" name="Test5446" />
    </UnitTest>
    <UnitTest name="Test5447" id="adde89b1-0d76-429d-b3db-2a70a4ae2849" storage="TestAssembly.dll">
      <Execution id="e6f4f537-1ae9-4c49-b88e-05d1856a2102" />
      <TestMethod codeBase="TestAssembly.dll" className="TestNamespace.TestClass5" name="Test5447" />
    </UnitTest>
    <UnitTest name="Test5448" id="118ee49d-eac7-4541-a5cb-4cf0e50e43f8" storage="TestAssembly.dll">
      <Execution id="4f34d001-4017-4f10-9e45-9233d00b4fed" />
      <TestMethod codeBase="TestAssembly.dll" className="TestNamespace.TestClass5" name="Test5448" />
    </UnitTest>
    <UnitTest name="Test5449" id="4b089a77-792b-4149-9aaa-b3d3e82bcfe4" storage="TestAssembly.dll">
      <Execution id="69803af7-5778-44a2-b1af-50df8a10f8aa" />
      <TestMethod codeBase="TestAssembly.dll" className="TestNamespace.TestClass5" name="Test5449" />
    </UnitTest>
    <UnitTest name="Test5450" id="330ecd24-ca5a-4133-a892-9617d605314d" storage="TestAssembly.dll">
      <Execution id="5774f061-1ccf-4781-bf22-5b3245b3f02f" />
      <TestMethod codeBase="TestAssembly.dll" className="TestNamespace.TestClass5" name="Test5450" />
    </UnitTest>
    <UnitTest name="Test5451" id="81040256-c395-4ee1-86ac-6f3391bfb0d2" storage="TestAssembly.dll">
      <Execution id="d2b94cdb-0391-4a78-8dac-86c9105d6c46" />
      <TestMethod codeBase="TestAssembly.dll" className="TestNamespace.TestClass6" name="Test5451" />
    </UnitTest>
    <UnitTest name="Test5452" id="daff7c0f-0704-4767-b572-00d41afcd1c9" storage="TestAssembly.dll">
      <Execution id="a07de938-a5ed-4a3a-a92d-cc7749c7198c" />
      <TestMethod codeBase="TestAssembly.dll" className="TestNamespace.TestClass6" name="Test5452" />
    </UnitTest>
    <UnitTest name="Test5453" id="26f97a1b-59b1-46db-90ea-7428ae4e0590" storage="TestAssembly.dll">
      <Execution id="7bd4f790-cfcc-4efc-acd6-c5677fe107d5" />
      <TestMethod codeBase="TestAssembly.dll" className="TestNamespace.TestClass6" name="Test5453" />
    </UnitTest>
    <UnitTest name="Test5454" id="4b1b1fd7-914d-4db5-93e7-ab225247aff4" storage="TestAssembly.dll">
      <Execution id="400d0a6a-8a0b-4168-8faf-caa3cfe47937" />
      <TestMethod codeBase="TestAssembly.dll" className="TestNamespace.TestClass6" name="Test5454" />
    </UnitTest>
    <UnitTest name="Test5455" id="1f22555a-1b47-4c42-87b2-433c73268f06" storage="TestAssembly.dll">
      <Execution id="25f48912-414b-4e18-b2c5-30a3a59926ec" />
      <TestMethod codeBase="TestAssembly.dll" className="TestNamespace.TestClass6" name="Test5455" />
    </UnitTest>
    <UnitTest name="Test5456" id="c4d827f9-195e-4faa-ae97-cd144572b06c" storage="TestAssembly.dll">
      <Execution id="8d030587-f278-40a8-b5c9-83f4a9c69c1d" />
      <TestMethod codeBase="TestAssembly.dll" className="TestNamespace.TestClass6" name="Test5456" />
    </UnitTest>
    <UnitTest name="Test5457" id="02e73c4f-302d-41f4-9354-cdc74fccc908" storage="TestAssembly.dll">
      <Execution id="088cbf1d-ad3a-40ca-8ecc-146f670fcb48" />
      <TestMethod codeBase="TestAssembly.dll" className="TestNamespace.TestClass6" name="Test5457" />
    </UnitTest>
    <UnitTest name="Test5458" id="1e3dd138-2d49-47f2-abb7-f6b989111663" storage="TestAssembly.dll">
      <Execution id="a43c522b-d1af-42ed-b09b-d325d7b8fb6f" />
      <TestMethod codeBase="TestAssembly.dll" className="TestNamespace.TestClass6" name="Test5458" />
    </UnitTest>
    <UnitTest name="Test5459" id="a515c566-5ffa-40ad-a14a-3f8ff04c2601" storage="TestAssembly.dll">
      <Execution id="1262c8f8-0cf3-4c87-a805-62f9f52f2373" />
      <TestMethod codeBase="TestAssembly.dll" className="TestNamespace.TestClass6" name="Test5459" />
    </UnitTest>
    <UnitTest name="Test5460" id="bfd5d128-b51b-4fa0-96c3-87316a766fa5" storage="TestAssembly.dll">
      <Execution id="b2ebbc3a-c8bf-4ac0-937a-15d8048ed732" />
      <TestMethod codeBase="TestAssembly.dll" className="TestNamespace.TestClass6" name="Test5460" />
    </UnitTest>
    <UnitTest name="Test5461" id="ccaeacc8-152f-437d-88bb-103e78dce599" storage="TestAssembly.dll">
      <Execution id="84ab337b-e4ce-4047-ae42-0ee81fe5fd14" />
      <TestMethod codeBase="TestAssembly.dll" className="TestNamespace.TestClass7" name="Test5461" />
    </UnitTest>
    <UnitTest name="Test5462" id="c5b9d331-5114-4015-beed-bd610460f993" storage="TestAssembly.dll">
      <Execution id="cc9c98d1-b26b-41d5-9966-74781abaac11" />
      <TestMethod codeBase="TestAssembly.dll" className="TestNamespace.TestClass7" name="Test5462" />
    </UnitTest>
    <UnitTest name="Test5463" id="99de935a-0507-4d7f-8725-dba3250f2832" storage="TestAssembly.dll">
      <Execution id="da96de66-9331-4510-bc5f-3a6b0545d892" />
      <TestMethod codeBase="TestAssembly.dll" className="TestNamespace.TestClass7" name="Test5463" />
    </UnitTest>
    <UnitTest name="Test5464" id="ff295b84-a59d-4aa3-b082-a159e6623b8a" storage="TestAssembly.dll">
      <Execution id="f8a69220-5086-424f-a4fc-c76c15ac7b01" />
      <TestMethod codeBase="TestAssembly.dll" className="TestNamespace.TestClass7" name="Test5464" />
    </UnitTest>
    <UnitTest name="Test5465" id="259608e7-8653-4608-92cd-975bef8b23e8" storage="TestAssembly.dll">
      <Execution id="4686b690-2b9b-47fd-b23b-370d76620382" />
      <TestMethod codeBase="TestAssembly.dll" className="TestNamespace.TestClass7" name="Test5465" />
    </UnitTest>
    <UnitTest name="Test5466" id="861bc869-bb37-456c-a3ba-f9a8f2363fb4" storage="TestAssembly.dll">
      <Execution id="8d3b4749-0946-432f-adb9-dd2506952ee1" />
      <TestMethod codeBase="TestAssembly.dll" className="TestNamespace.TestClass7" name="Test5466" />
    </UnitTest>
    <UnitTest name="Test5467" id="b7948e86-6d18-4538-8af0-9f5d63ad24e2" storage="TestAssembly.dll">
      <Execution id="c27dd88a-e12e-4ec3-9c5e-8b8020c4714d" />
      <TestMethod codeBase="TestAssembly.dll" className="TestNamespace.TestClass7" name="Test5467" />
    </UnitTest>
    <UnitTest name="Test5468" id="e6aee062-478c-4ea8-b736-772220c6ec0c" storage="TestAssembly.dll">
      <Execution id="ebdc43d7-ea2b-4a2f-88de-dc066a601cb6" />
      <TestMethod codeBase="TestAssembly.dll" className="TestNamespace.TestClass7" name="Test5468" />
    </UnitTest>
    <UnitTest name="Test5469" id="8515e4d9-edd7-4aa0-8cd9-867010820385" storage="TestAssembly.dll">
      <Execution id="9d1e1ef8-d614-40f5-b7ea-6fc2d5f57832" />
      <TestMethod codeBase="TestAssembly.dll" className="TestNamespace.TestClass7" name="Test5469" />
    </UnitTest>
    <UnitTest name="Test5470" id="45e58c3e-74af-46a2-b8d6-443bcee3e8f8" storage="TestAssembly.dll">
      <Execution id="5ff30d50-1b7a-439b-add5-6898a955abd9" />
      <TestMethod codeBase="TestAssembly.dll" className="TestNamespace.TestClass7" name="Test5470" />
    </UnitTest>
    <UnitTest name="Test5471" id="5e3ee337-db41-44c6-a22f-8197b3cdd190" storage="TestAssembly.dll">
      <Execution id="9ddf8188-a63f-4c7b-ab6f-c9f7736dacab" />
      <TestMethod codeBase="TestAssembly.dll" className="TestNamespace.TestClass8" name="Test5471" />
    </UnitTest>
    <UnitTest name="Test5472" id="fd0466d1-a382-42da-8253-333ecf77fb42" storage="TestAssembly.dll">
      <Execution id="4a4b1510-cd3e-4aed-8140-9a6bbfb19048" />
      <TestMethod codeBase="TestAssembly.dll" className="TestNamespace.TestClass8" name="Test5472" />
    </UnitTest>
    <UnitTest name="Test5473" id="fcd6c3fb-662c-463f-9f01-dad7372bd94b" storage="TestAssembly.dll">
      <Execution id="25099849-5b3f-424f-9905-a2c5add3ed76" />
      <TestMethod codeBase="TestAssembly.dll" className="TestNamespace.TestClass8" name="Test5473" />
    </UnitTest>
    <UnitTest name="Test5474" id="da24fd03-cc47-4418-94a9-ccda0f27a729" storage="TestAssembly.dll">
      <Execution id="19b78d78-67d4-4468-96d8-8ddb56f3e560" />
      <TestMethod codeBase="TestAssembly.dll" className="TestNamespace.TestClass8" name="Test5474" />
    </UnitTest>
    <UnitTest name="Test5475" id="2834d5a1-8eec-4231-af35-e37bb2445081" storage="TestAssembly.dll">
      <Execution id="63f55c68-df74-4f19-bc6f-fed25ab54890" />
      <TestMethod codeBase="TestAssembly.dll" className="TestNamespace.TestClass8" name="Test5475" />
    </UnitTest>
    <UnitTest name="Test5476" id="3eadc119-fd30-4dec-b387-6fda7748ec4e" storage="TestAssembly.dll">
      <Execution id="171be511-ebef-4a86-965d-4288b9c70160" />
      <TestMethod codeBase="TestAssembly.dll" className="TestNamespace.TestClass8" name="Test5476" />
    </UnitTest>
    <UnitTest name="Test5477" id="4a32f0ba-78f5-46f2-ae13-3d61693e61ab" storage="TestAssembly.dll">
      <Execution id="1eb545ec-6d35-4f72-a83f-f8f91dbb10f9" />
      <TestMethod codeBase="TestAssembly.dll" className="TestNamespace.TestClass8" name="Test5477" />
    </UnitTest>
    <UnitTest name="Test5478" id="26bebc7b-8a63-4bf4-8f7a-b7c7b63ed212" storage="TestAssembly.dll">
      <Execution id="692c9e77-4df3-44fe-b3dd-a1a25576043a" />
      <TestMethod codeBase="TestAssembly.dll" className="TestNamespace.TestClass8" name="Test5478" />
    </UnitTest>
    <UnitTest name="Test5479" id="7113990d-fe85-44b3-b444-c79435472a27" storage="TestAssembly.dll">
      <Execution id="59b68ec3-d3b2-4802-90b7-85af37d42d32" />
      <TestMethod codeBase="TestAssembly.dll" className="TestNamespace.TestClass8" name="Test5479" />
    </UnitTest>
    <UnitTest name="Test5480" id="76a6a70b-fde7-4a13-82b7-3efa3fa0a3ba" storage="TestAssembly.dll">
      <Execution id="345cb92d-5acf-4cd6-ab09-bc4122bb67b8" />
      <TestMethod codeBase="TestAssembly.dll" className="TestNamespace.TestClass8" name="Test5480" />
    </UnitTest>
    <UnitTest name="Test5481" id="d975dce4-c472-4979-883f-0f8d9fa94d15" storage="TestAssembly.dll">
      <Execution id="0363c2a7-ed02-41fb-a17c-aa6646a7fae7" />
      <TestMethod codeBase="TestAssembly.dll" className="TestNamespace.TestClass9" name="Test5481" />
    </UnitTest>
    <UnitTest name="Test5482" id="21b02d53-3fab-412a-8055-667257237524" storage="TestAssembly.dll">
      <Execution id="3a427572-c49b-4c66-bb7e-011e3b2303c9" />
      <TestMethod codeBase="TestAssembly.dll" className="TestNamespace.TestClass9" name="Test5482" />
    </UnitTest>
    <UnitTest name="Test5483" id="6107189f-75fb-41f3-a6a7-b571bf00bc5a" storage="TestAssembly.dll">
      <Execution id="aef20287-20ed-43c9-93a9-5112a69381d3" />
      <TestMethod codeBase="TestAssembly.dll" className="TestNamespace.TestClass9" name="Test5483" />
    </UnitTest>
    <UnitTest name="Test5484" id="19f7d45c-8535-4580-94d6-4b8617294249" storage="TestAssembly.dll">
      <Execution id="e38e1eee-a6c7-4102-afca-46491b425ec5" />
      <TestMethod codeBase="TestAssembly.dll" className="TestNamespace.TestClass9" name="Test5484" />
    </UnitTest>
    <UnitTest name="Test5485" id="5b669242-1585-4547-9f90-4fce1d70e8ed" storage="TestAssembly.dll">
      <Execution id="d5e81e4a-4b17-42a8-8698-e69df95104ef" />
      <TestMethod codeBase="TestAssembly.dll" className="TestNamespace.TestClass9" name="Test5485" />
    </UnitTest>
    <UnitTest name="Test5486" id="2ddbe507-c033-4089-972d-2c7eaf6d62c3" storage="TestAssembly.dll">
      <Execution id="ea8a888a-2e9e-4e01-aea4-cf22f0babef6" />
      <TestMethod codeBase="TestAssembly.dll" className="TestNamespace.TestClass9" name="Test5486" />
    </UnitTest>
    <UnitTest name="Test5487" id="c5960291-1710-4336-a8c1-0ac765aea199" storage="TestAssembly.dll">
      <Execution id="1886e5ba-367a-4ab5-8b77-ed4ccefa2958" />
      <TestMethod codeBase="TestAssembly.dll" className="TestNamespace.TestClass9" name="Test5487" />
    </UnitTest>
    <UnitTest name="Test5488" id="71fa00aa-4c52-4ab1-9908-84abb5c6c825" storage="TestAssembly.dll">
      <Execution id="84558b1f-ec1f-482f-8878-352693563a12" />
      <TestMethod codeBase="TestAssembly.dll" className="TestNamespace.TestClass9" name="Test5488" />
    </UnitTest>
    <UnitTest name="Test5489" id="f302aea7-0ad2-4dad-9ca7-474ee4160ff4" storage="TestAssembly.dll">
      <Execution id="3f57598a-187a-4887-af62-107122c190d6" />
      <TestMethod codeBase="TestAssembly.dll" className="TestNamespace.TestClass9" name="Test5489" />
    </UnitTest>
    <UnitTest name="Test5490" id="c7a31b60-5600-4b04-a25a-9d7ffa233e99" storage="TestAssembly.dll">
      <Execution id="3b995cff-ec2d-47b4-8928-cbc0276176c3" />
      <TestMethod codeBase="TestAssembly.dll" className="TestNamespace.TestClass9" name="Test5490" />
    </UnitTest>
    <UnitTest name="Test5491" id="2583d956-6fa8-45ba-9cdf-035414bed630" storage="TestAssembly.dll">
      <Execution id="afdf00aa-c9d5-47b9-b047-a72a7e9bd06e" />
      <TestMethod codeBase="TestAssembly.dll" className="TestNamespace.TestClass10" name="Test5491" />
    </UnitTest>
    <UnitTest name="Test5492" id="30e6a874-852e-4652-9802-c7d498413875" storage="TestAssembly.dll">
      <Execution id="dc71c369-2766-4721-bcde-e22f713a200d" />
      <TestMethod codeBase="TestAssembly.dll" className="TestNamespace.TestClass10" name="Test5492" />
    </UnitTest>
    <UnitTest name="Test5493" id="9831f19d-a690-4796-8dfc-18f1d9d9237b" storage="TestAssembly.dll">
      <Execution id="d6f2d049-5e69-4b86-9735-ae54931573f4" />
      <TestMethod codeBase="TestAssembly.dll" className="TestNamespace.TestClass10" name="Test5493" />
    </UnitTest>
    <UnitTest name="Test5494" id="368d27da-019a-47ed-a810-79a8b8ba66a3" storage="TestAssembly.dll">
      <Execution id="c97c4a22-cf2d-41e8-9c92-72723e827be5" />
      <TestMethod codeBase="TestAssembly.dll" className="TestNamespace.TestClass10" name="Test5494" />
    </UnitTest>
    <UnitTest name="Test5495" id="643ec0d1-ab9e-47f9-94da-344f18e7b134" storage="TestAssembly.dll">
      <Execution id="6a44b34f-6506-4a9b-8be6-14fd433e509d" />
      <TestMethod codeBase="TestAssembly.dll" className="TestNamespace.TestClass10" name="Test5495" />
    </UnitTest>
    <UnitTest name="Test5496" id="846e0cb1-51e0-41ee-9f34-7e4fac2f276c" storage="TestAssembly.dll">
      <Execution id="3a2ee5a6-6e1f-4d95-9965-288ec4c2f277" />
      <TestMethod codeBase="TestAssembly.dll" className="TestNamespace.TestClass10" name="Test5496" />
    </UnitTest>
    <UnitTest name="Test5497" id="6d3de384-c8bd-4d9f-b4ca-35d8def2d942" storage="TestAssembly.dll">
      <Execution id="a55e9251-cde7-4907-8324-34943fe67013" />
      <TestMethod codeBase="TestAssembly.dll" className="TestNamespace.TestClass10" name="Test5497" />
    </UnitTest>
    <UnitTest name="Test5498" id="f4b0bb2a-8fed-4875-9573-27d09bb2f6d1" storage="TestAssembly.dll">
      <Execution id="5e21c69b-568c-4b36-9364-9433e5ae9e74" />
      <TestMethod codeBase="TestAssembly.dll" className="TestNamespace.TestClass10" name="Test5498" />
    </UnitTest>
    <UnitTest name="Test5499" id="bb51187b-c626-4a47-80e3-d887596b2bc7" storage="TestAssembly.dll">
      <Execution id="59fcf29a-b535-4561-a36d-0c4edcee7ebc" />
      <TestMethod codeBase="TestAssembly.dll" className="TestNamespace.TestClass10" name="Test5499" />
    </UnitTest>
    <UnitTest name="Test5500" id="eb20ac51-74f0-42c9-a133-f8a5f24f0d05" storage="TestAssembly.dll">
      <Execution id="12768e08-dd34-40ea-88ee-032640939b19" />
      <TestMethod codeBase="TestAssembly.dll" className="TestNamespace.TestClass10" name="Test5500" />
    </UnitTest>
  </TestDefinitions>
  <TestEntries>
    <TestEntry testId="6a9c398a-e260-458c-9efc-e4e72f416565" executionId="d554980a-69a8-44b8-83d8-d518eb0ef92f" testListId="4b525f1e-64c5-498b-89a3-dc5beaf81482" />
    <TestEntry testId="e1587554-fa38-4234-95e8-bcbdc5756261" executionId="c6444f41-66ab-4c79-84cd-57b685d04911" testListId="4b525f1e-64c5-498b-89a3-dc5beaf81482" />
    <TestEntry testId="fa1b8f92-e125-4cf6-b023-2f2c2751f293" executionId="ef43e8df-2811-49f1-9a44-335e70e23911" testListId="4b525f1e-64c5-498b-89a3-dc5beaf81482" />
    <TestEntry testId="31893999-563f-43ac-a0ed-d45f21dab946" executionId="690d6739-b49f-475a-b221-027810721094" testListId="4b525f1e-64c5-498b-89a3-dc5beaf81482" />
    <TestEntry testId="d43159f9-f4da-4ec4-b6c9-c212d51c42b3" executionId="f75a7173-9841-4646-8a28-2b99c8e58f51" testListId="4b525f1e-64c5-498b-89a3-dc5beaf81482" />
    <TestEntry testId="40c3a883-2a6f-471a-a776-cc7d82abd795" executionId="a86733c8-a5d3-4f29-af30-49c433ce0cc3" testListId="4b525f1e-64c5-498b-89a3-dc5beaf81482" />
    <TestEntry testId="fb8100e6-e1ea-4c7e-af8e-0ccc25090c62" executionId="88f22972-883a-466c-8996-3bd006ad0af8" testListId="4b525f1e-64c5-498b-89a3-dc5beaf81482" />
    <TestEntry testId="a564e9c1-d6db-405a-9e71-9cae4d227572" executionId="bb9b721b-0755-4ce7-bd9f-c16b07c324ec" testListId="4b525f1e-64c5-498b-89a3-dc5beaf81482" />
    <TestEntry testId="91421d44-f2c5-4021-b562-77030f801a81" executionId="0717a4aa-492f-46e0-bf84-a15055516d61" testListId="4b525f1e-64c5-498b-89a3-dc5beaf81482" />
    <TestEntry testId="0b23151a-9737-483d-b1b3-62b5b5f97002" executionId="b219c3d7-0b50-4849-ac26-4e36db0b4e92" testListId="4b525f1e-64c5-498b-89a3-dc5beaf81482" />
    <TestEntry testId="061d49b8-0ad0-4cb8-8ddd-1fed63e1043d" executionId="dbb5776e-069b-42b7-9477-bf5eba3cb916" testListId="4b525f1e-64c5-498b-89a3-dc5beaf81482" />
    <TestEntry testId="522d595c-dec1-42ae-a3a1-96c6dec996ae" executionId="18a97631-b01c-4f45-9baf-4b3422331a4a" testListId="4b525f1e-64c5-498b-89a3-dc5beaf81482" />
    <TestEntry testId="28b8afd4-c295-4687-ac3f-699eda2f9bb2" executionId="332c2378-19bb-4713-ad63-fad909489385" testListId="4b525f1e-64c5-498b-89a3-dc5beaf81482" />
    <TestEntry testId="48303b58-4656-4f42-9702-01ffabf6fc95" executionId="04d1dd50-e960-4e13-b08f-cfbceaad9a79" testListId="4b525f1e-64c5-498b-89a3-dc5beaf81482" />
    <TestEntry testId="ae124fc2-ec52-43d1-a2ee-bb0d3770fe2f" executionId="7ae3e706-b55c-47fa-abe7-5412fcb31840" testListId="4b525f1e-64c5-498b-89a3-dc5beaf81482" />
    <TestEntry testId="0dabfce3-d824-480e-bd2d-609a03aeaf56" executionId="b2c08d81-100a-4618-b6f0-2f7f6ce975a4" testListId="4b525f1e-64c5-498b-89a3-dc5beaf81482" />
    <TestEntry testId="7a5f2ca7-b3ac-4a8e-b875-a6ca82bf832c" executionId="c33624c0-9aa1-4325-8a44-dbad54af81e5" testListId="4b525f1e-64c5-498b-89a3-dc5beaf81482" />
    <TestEntry testId="bda8f1fc-ad50-4751-94b6-83bea744e521" executionId="55e32e82-2591-4c6d-8dcf-03e67bc2c644" testListId="4b525f1e-64c5-498b-89a3-dc5beaf81482" />
    <TestEntry testId="23f24b2c-5844-437b-ad6e-841e1bf84f1c" executionId="526fe120-c6d5-4dff-a235-ad3f4326101d" testListId="4b525f1e-64c5-498b-89a3-dc5beaf81482" />
    <TestEntry testId="664edb8a-c37f-484c-9d7a-6afcdf9fe7fe" executionId="adfb3c4c-1d3a-45ab-b32b-7c5c86834ba0" testListId="4b525f1e-64c5-498b-89a3-dc5beaf81482" />
    <TestEntry testId="4fba8f4a-25b8-4823-997e-2b556ebfd8ef" executionId="15e33757-bc3e-49f1-a9f0-783f60b390eb" testListId="4b525f1e-64c5-498b-89a3-dc5beaf81482" />
    <TestEntry testId="a91b2be1-8453-420b-8eaa-ae17c65b5242" executionId="ab760ddd-ae42-4911-a179-7d543af14a3b" testListId="4b525f1e-64c5-498b-89a3-dc5beaf81482" />
    <TestEntry testId="3d735e07-4c41-4cbb-a82f-f992d9301f38" executionId="c4f62a92-c646-49cb-811f-80c356a01280" testListId="4b525f1e-64c5-498b-89a3-dc5beaf81482" />
    <TestEntry testId="3e7dc152-b5ab-40fe-83d1-ab7971e03762" executionId="dd2a6d27-28f8-44bc-9d1c-fa2daab0d88c" testListId="4b525f1e-64c5-498b-89a3-dc5beaf81482" />
    <TestEntry testId="9b72dace-18de-4e05-8ee0-9c1becc4fd8b" executionId="6f92cb17-a605-457c-b1e4-583266c68d1b" testListId="4b525f1e-64c5-498b-89a3-dc5beaf81482" />
    <TestEntry testId="251dffa5-9b1c-4545-99ec-48561569a749" executionId="f76f238c-84c9-4063-8e0e-421e0d234352" testListId="4b525f1e-64c5-498b-89a3-dc5beaf81482" />
    <TestEntry testId="5156bd5c-5f72-466a-ae82-319a11eeae78" executionId="875b54f2-15f6-4f9e-8bcc-e2f62c9df562" testListId="4b525f1e-64c5-498b-89a3-dc5beaf81482" />
    <TestEntry testId="4a43e0d8-1d4f-4483-8979-005c6cb7f19c" executionId="5848a3ff-950d-4f80-bcc5-d2e287bbeea6" testListId="4b525f1e-64c5-498b-89a3-dc5beaf81482" />
    <TestEntry testId="f31b955a-e40e-4608-8bbf-c481fb6e1b51" executionId="28f1d69f-e982-4e52-b7fb-8a1f363cca96" testListId="4b525f1e-64c5-498b-89a3-dc5beaf81482" />
    <TestEntry testId="274f9b0c-fe82-4b85-a403-22c26d71cacf" executionId="10c9f89a-96e5-442e-b959-80bb386e02d1" testListId="4b525f1e-64c5-498b-89a3-dc5beaf81482" />
    <TestEntry testId="ee93f11c-1913-42b2-a45e-58b53cc401e7" executionId="c0865125-6de1-4da3-b514-83fdfa82a19e" testListId="4b525f1e-64c5-498b-89a3-dc5beaf81482" />
    <TestEntry testId="5399a119-b073-4dd0-948d-24324ad88ee0" executionId="3ab235be-437b-4b6e-94f3-6372b18f9e40" testListId="4b525f1e-64c5-498b-89a3-dc5beaf81482" />
    <TestEntry testId="63e4ba54-aa83-4df1-a1f6-51e413cbd0de" executionId="e2bcfabb-bc11-49fc-ae10-3a2dae3b17bb" testListId="4b525f1e-64c5-498b-89a3-dc5beaf81482" />
    <TestEntry testId="522ad878-879a-4622-8fb0-faf7bb1c1d18" executionId="493fc491-c4c7-48b7-afe8-fec1c4e425f6" testListId="4b525f1e-64c5-498b-89a3-dc5beaf81482" />
    <TestEntry testId="5538bec4-bda8-40c5-8a72-7d025f134dd2" executionId="6ea557c1-ff08-43d6-b82d-e6384d90e789" testListId="4b525f1e-64c5-498b-89a3-dc5beaf81482" />
    <TestEntry testId="1f4c73d6-7bf4-466e-b377-a61b692d034d" executionId="fb186b52-cffa-43b7-8fc9-911ad93bdc0c" testListId="4b525f1e-64c5-498b-89a3-dc5beaf81482" />
    <TestEntry testId="a5337e26-2001-4a21-a4a6-f6f216cfdca6" executionId="354cfdf2-7f97-4ee2-b818-3d85d9d86023" testListId="4b525f1e-64c5-498b-89a3-dc5beaf81482" />
    <TestEntry testId="5da38268-72f9-4342-964f-da46e3a34ef0" executionId="c04d9d71-66b6-472a-aaa5-05dcbf732024" testListId="4b525f1e-64c5-498b-89a3-dc5beaf81482" />
    <TestEntry testId="f6256318-3f93-4d41-a078-30121f1eb33f" executionId="060b9874-0d0e-42ec-84e3-1b7c4ed48760" testListId="4b525f1e-64c5-498b-89a3-dc5beaf81482" />
    <TestEntry testId="1eaf62bd-545a-4faf-a650-2ed32b0a5206" executionId="8061d519-badc-41e7-a557-242e04ca36b7" testListId="4b525f1e-64c5-498b-89a3-dc5beaf81482" />
    <TestEntry testId="ce465a4c-8b75-4488-84b6-1cacaa958a7c" executionId="37736fa6-0051-48bb-ac6f-e38ab9aea864" testListId="4b525f1e-64c5-498b-89a3-dc5beaf81482" />
    <TestEntry testId="7e2db94a-35ac-468a-9cd5-0b528e481390" executionId="5929b85d-d454-4021-96c5-5b9f59d87368" testListId="4b525f1e-64c5-498b-89a3-dc5beaf81482" />
    <TestEntry testId="762a5017-021b-4dcf-a930-d4c657501360" executionId="75ff382a-9874-4ae1-a6a5-c9a38170348c" testListId="4b525f1e-64c5-498b-89a3-dc5beaf81482" />
    <TestEntry testId="90bb6a5e-bde4-4ab7-b337-22efd824eacd" executionId="83c9e250-9e1b-4465-a1b3-eacc2bd21a2a" testListId="4b525f1e-64c5-498b-89a3-dc5beaf81482" />
    <TestEntry testId="c3e11f18-aada-4f74-8dc1-7700936c9fbd" executionId="5e90c92e-4409-4a35-ab85-f1c1c5cb3f1c" testListId="4b525f1e-64c5-498b-89a3-dc5beaf81482" />
    <TestEntry testId="7a7b3cd2-1301-422c-a2c4-4d61f902a36f" executionId="6d322b2f-6726-4555-a9c9-e1c087772b11" testListId="4b525f1e-64c5-498b-89a3-dc5beaf81482" />
    <TestEntry testId="adde89b1-0d76-429d-b3db-2a70a4ae2849" executionId="e6f4f537-1ae9-4c49-b88e-05d1856a2102" testListId="4b525f1e-64c5-498b-89a3-dc5beaf81482" />
    <TestEntry testId="118ee49d-eac7-4541-a5cb-4cf0e50e43f8" executionId="4f34d001-4017-4f10-9e45-9233d00b4fed" testListId="4b525f1e-64c5-498b-89a3-dc5beaf81482" />
    <TestEntry testId="4b089a77-792b-4149-9aaa-b3d3e82bcfe4" executionId="69803af7-5778-44a2-b1af-50df8a10f8aa" testListId="4b525f1e-64c5-498b-89a3-dc5beaf81482" />
    <TestEntry testId="330ecd24-ca5a-4133-a892-9617d605314d" executionId="5774f061-1ccf-4781-bf22-5b3245b3f02f" testListId="4b525f1e-64c5-498b-89a3-dc5beaf81482" />
    <TestEntry testId="81040256-c395-4ee1-86ac-6f3391bfb0d2" executionId="d2b94cdb-0391-4a78-8dac-86c9105d6c46" testListId="4b525f1e-64c5-498b-89a3-dc5beaf81482" />
    <TestEntry testId="daff7c0f-0704-4767-b572-00d41afcd1c9" executionId="a07de938-a5ed-4a3a-a92d-cc7749c7198c" testListId="4b525f1e-64c5-498b-89a3-dc5beaf81482" />
    <TestEntry testId="26f97a1b-59b1-46db-90ea-7428ae4e0590" executionId="7bd4f790-cfcc-4efc-acd6-c5677fe107d5" testListId="4b525f1e-64c5-498b-89a3-dc5beaf81482" />
    <TestEntry testId="4b1b1fd7-914d-4db5-93e7-ab225247aff4" executionId="400d0a6a-8a0b-4168-8faf-caa3cfe47937" testListId="4b525f1e-64c5-498b-89a3-dc5beaf81482" />
    <TestEntry testId="1f22555a-1b47-4c42-87b2-433c73268f06" executionId="25f48912-414b-4e18-b2c5-30a3a59926ec" testListId="4b525f1e-64c5-498b-89a3-dc5beaf81482" />
    <TestEntry testId="c4d827f9-195e-4faa-ae97-cd144572b06c" executionId="8d030587-f278-40a8-b5c9-83f4a9c69c1d" testListId="4b525f1e-64c5-498b-89a3-dc5beaf81482" />
    <TestEntry testId="02e73c4f-302d-41f4-9354-cdc74fccc908" executionId="088cbf1d-ad3a-40ca-8ecc-146f670fcb48" testListId="4b525f1e-64c5-498b-89a3-dc5beaf81482" />
    <TestEntry testId="1e3dd138-2d49-47f2-abb7-f6b989111663" executionId="a43c522b-d1af-42ed-b09b-d325d7b8fb6f" testListId="4b525f1e-64c5-498b-89a3-dc5beaf81482" />
    <TestEntry testId="a515c566-5ffa-40ad-a14a-3f8ff04c2601" executionId="1262c8f8-0cf3-4c87-a805-62f9f52f2373" testListId="4b525f1e-64c5-498b-89a3-dc5beaf81482" />
    <TestEntry testId="bfd5d128-b51b-4fa0-96c3-87316a766fa5" executionId="b2ebbc3a-c8bf-4ac0-937a-15d8048ed732" testListId="4b525f1e-64c5-498b-89a3-dc5beaf81482" />
    <TestEntry testId="ccaeacc8-152f-437d-88bb-103e78dce599" executionId="84ab337b-e4ce-4047-ae42-0ee81fe5fd14" testListId="4b525f1e-64c5-498b-89a3-dc5beaf81482" />
    <TestEntry testId="c5b9d331-5114-4015-beed-bd610460f993" executionId="cc9c98d1-b26b-41d5-9966-74781abaac11" testListId="4b525f1e-64c5-498b-89a3-dc5beaf81482" />
    <TestEntry testId="99de935a-0507-4d7f-8725-dba3250f2832" executionId="da96de66-9331-4510-bc5f-3a6b0545d892" testListId="4b525f1e-64c5-498b-89a3-dc5beaf81482" />
    <TestEntry testId="ff295b84-a59d-4aa3-b082-a159e6623b8a" executionId="f8a69220-5086-424f-a4fc-c76c15ac7b01" testListId="4b525f1e-64c5-498b-89a3-dc5beaf81482" />
    <TestEntry testId="259608e7-8653-4608-92cd-975bef8b23e8" executionId="4686b690-2b9b-47fd-b23b-370d76620382" testListId="4b525f1e-64c5-498b-89a3-dc5beaf81482" />
    <TestEntry testId="861bc869-bb37-456c-a3ba-f9a8f2363fb4" executionId="8d3b4749-0946-432f-adb9-dd2506952ee1" testListId="4b525f1e-64c5-498b-89a3-dc5beaf81482" />
    <TestEntry testId="b7948e86-6d18-4538-8af0-9f5d63ad24e2" executionId="c27dd88a-e12e-4ec3-9c5e-8b8020c4714d" testListId="4b525f1e-64c5-498b-89a3-dc5beaf81482" />
    <TestEntry testId="e6aee062-478c-4ea8-b736-772220c6ec0c" executionId="ebdc43d7-ea2b-4a2f-88de-dc066a601cb6" testListId="4b525f1e-64c5-498b-89a3-dc5beaf81482" />
    <TestEntry testId="8515e4d9-edd7-4aa0-8cd9-867010820385" executionId="9d1e1ef8-d614-40f5-b7ea-6fc2d5f57832" testListId="4b525f1e-64c5-498b-89a3-dc5beaf81482" />
    <TestEntry testId="45e58c3e-74af-46a2-b8d6-443bcee3e8f8" executionId="5ff30d50-1b7a-439b-add5-6898a955abd9" testListId="4b525f1e-64c5-498b-89a3-dc5beaf81482" />
    <TestEntry testId="5e3ee337-db41-44c6-a22f-8197b3cdd190" executionId="9ddf8188-a63f-4c7b-ab6f-c9f7736dacab" testListId="4b525f1e-64c5-498b-89a3-dc5beaf81482" />
    <TestEntry testId="fd0466d1-a382-42da-8253-333ecf77fb42" executionId="4a4b1510-cd3e-4aed-8140-9a6bbfb19048" testListId="4b525f1e-64c5-498b-89a3-dc5beaf81482" />
    <TestEntry testId="fcd6c3fb-662c-463f-9f01-dad7372bd94b" executionId="25099849-5b3f-424f-9905-a2c5add3ed76" testListId="4b525f1e-64c5-498b-89a3-dc5beaf81482" />
    <TestEntry testId="da24fd03-cc47-4418-94a9-ccda0f27a729" executionId="19b78d78-67d4-4468-96d8-8ddb56f3e560" testListId="4b525f1e-64c5-498b-89a3-dc5beaf81482" />
    <TestEntry testId="2834d5a1-8eec-4231-af35-e37bb2445081" executionId="63f55c68-df74-4f19-bc6f-fed25ab54890" testListId="4b525f1e-64c5-498b-89a3-dc5beaf81482" />
    <TestEntry testId="3eadc119-fd30-4dec-b387-6fda7748ec4e" executionId="171be511-ebef-4a86-965d-4288b9c70160" testListId="4b525f1e-64c5-498b-89a3-dc5beaf81482" />
    <TestEntry testId="4a32f0ba-78f5-46f2-ae13-3d61693e61ab" executionId="1eb545ec-6d35-4f72-a83f-f8f91dbb10f9" testListId="4b525f1e-64c5-498b-89a3-dc5beaf81482" />
    <TestEntry testId="26bebc7b-8a63-4bf4-8f7a-b7c7b63ed212" executionId="692c9e77-4df3-44fe-b3dd-a1a25576043a" testListId="4b525f1e-64c5-498b-89a3-dc5beaf81482" />
    <TestEntry testId="7113990d-fe85-44b3-b444-c79435472a27" executionId="59b68ec3-d3b2-4802-90b7-85af37d42d32" testListId="4b525f1e-64c5-498b-89a3-dc5beaf81482" />
    <TestEntry testId="76a6a70b-fde7-4a13-82b7-3efa3fa0a3ba" executionId="345cb92d-5acf-4cd6-ab09-bc4122bb67b8" testListId="4b525f1e-64c5-498b-89a3-dc5beaf81482" />
    <TestEntry testId="d975dce4-c472-4979-883f-0f8d9fa94d15" executionId="0363c2a7-ed02-41fb-a17c-aa6646a7fae7" testListId="4b525f1e-64c5-498b-89a3-dc5beaf81482" />
    <TestEntry testId="21b02d53-3fab-412a-8055-667257237524" executionId="3a427572-c49b-4c66-bb7e-011e3b2303c9" testListId="4b525f1e-64c5-498b-89a3-dc5beaf81482" />
    <TestEntry testId="6107189f-75fb-41f3-a6a7-b571bf00bc5a" executionId="aef20287-20ed-43c9-93a9-5112a69381d3" testListId="4b525f1e-64c5-498b-89a3-dc5beaf81482" />
    <TestEntry testId="19f7d45c-8535-4580-94d6-4b8617294249" executionId="e38e1eee-a6c7-4102-afca-46491b425ec5" testListId="4b525f1e-64c5-498b-89a3-dc5beaf81482" />
    <TestEntry testId="5b669242-1585-4547-9f90-4fce1d70e8ed" executionId="d5e81e4a-4b17-42a8-8698-e69df95104ef" testListId="4b525f1e-64c5-498b-89a3-dc5beaf81482" />
    <TestEntry testId="2ddbe507-c033-4089-972d-2c7eaf6d62c3" executionId="ea8a888a-2e9e-4e01-aea4-cf22f0babef6" testListId="4b525f1e-64c5-498b-89a3-dc5beaf81482" />
    <TestEntry testId="c5960291-1710-4336-a8c1-0ac765aea199" executionId="1886e5ba-367a-4ab5-8b77-ed4ccefa2958" testListId="4b525f1e-64c5-498b-89a3-dc5beaf81482" />
    <TestEntry testId="71fa00aa-4c52-4ab1-9908-84abb5c6c825" executionId="84558b1f-ec1f-482f-8878-352693563a12" testListId="4b525f1e-64c5-498b-89a3-dc5beaf81482" />
    <TestEntry testId="f302aea7-0ad2-4dad-9ca7-474ee4160ff4" executionId="3f57598a-187a-4887-af62-107122c190d6" testListId="4b525f1e-64c5-498b-89a3-dc5beaf81482" />
    <TestEntry testId="c7a31b60-5600-4b04-a25a-9d7ffa233e99" executionId="3b995cff-ec2d-47b4-8928-cbc0276176c3" testListId="4b525f1e-64c5-498b-89a3-dc5beaf81482" />
    <TestEntry testId="2583d956-6fa8-45ba-9cdf-035414bed630" executionId="afdf00aa-c9d5-47b9-b047-a72a7e9bd06e" testListId="4b525f1e-64c5-498b-89a3-dc5beaf81482" />
    <TestEntry testId="30e6a874-852e-4652-9802-c7d498413875" executionId="dc71c369-2766-4721-bcde-e22f713a200d" testListId="4b525f1e-64c5-498b-89a3-dc5beaf81482" />
    <TestEntry testId="9831f19d-a690-4796-8dfc-18f1d9d9237b" executionId="d6f2d049-5e69-4b86-9735-ae54931573f4" testListId="4b525f1e-64c5-498b-89a3-dc5beaf81482" />
    <TestEntry testId="368d27da-019a-47ed-a810-79a8b8ba66a3" executionId="c97c4a22-cf2d-41e8-9c92-72723e827be5" testListId="4b525f1e-64c5-498b-89a3-dc5beaf81482" />
    <TestEntry testId="643ec0d1-ab9e-47f9-94da-344f18e7b134" executionId="6a44b34f-6506-4a9b-8be6-14fd433e509d" testListId="4b525f1e-64c5-498b-89a3-dc5beaf81482" />
    <TestEntry testId="846e0cb1-51e0-41ee-9f34-7e4fac2f276c" executionId="3a2ee5a6-6e1f-4d95-9965-288ec4c2f277" testListId="4b525f1e-64c5-498b-89a3-dc5beaf81482" />
    <TestEntry testId="6d3de384-c8bd-4d9f-b4ca-35d8def2d942" executionId="a55e9251-cde7-4907-8324-34943fe67013" testListId="4b525f1e-64c5-498b-89a3-dc5beaf81482" />
    <TestEntry testId="f4b0bb2a-8fed-4875-9573-27d09bb2f6d1" executionId="5e21c69b-568c-4b36-9364-9433e5ae9e74" testListId="4b525f1e-64c5-498b-89a3-dc5beaf81482" />
    <TestEntry testId="bb51187b-c626-4a47-80e3-d887596b2bc7" executionId="59fcf29a-b535-4561-a36d-0c4edcee7ebc" testListId="4b525f1e-64c5-498b-89a3-dc5beaf81482" />
    <TestEntry testId="eb20ac51-74f0-42c9-a133-f8a5f24f0d05" executionId="12768e08-dd34-40ea-88ee-032640939b19" testListId="4b525f1e-64c5-498b-89a3-dc5beaf81482" />
  </TestEntries>
  <TestLists>
    <TestList name="Results Not in a List" id="4b525f1e-64c5-498b-89a3-dc5beaf81482" />
    <TestList name="All Loaded Results" id="3e935183-3ab5-4901-b281-a502428b4998" />
  </TestLists>
</TestRun>