<?xml version="1.0" encoding="UTF-8"?>
<TestRun id="89ba2683-1342-431b-bab2-13b8eeb190d2" name="Test Run 59" runUser="Oles Galatsan" xmlns="http://microsoft.com/schemas/VisualStudio/TeamTest/2010">
  <Times creation="2025-05-14T13:20:31.3125482Z" queuing="2025-05-14T13:20:31.3125482Z" start="2025-05-14T13:20:31.3146610Z" finish="2025-05-14T13:25:31.3147553Z" />
  <TestSettings name="Test Settings 59" id="6a15b091-c1a8-484b-b67b-b41662498864" />
  <Results>
    <UnitTestResult executionId="56d9c7b4-1e3a-4912-8f46-04fa05a5e185" testId="045ced90-7526-442e-a420-71c718acc906" testName="Test5801" computerName="UA-LPT-OGA2" duration="00:00:01.7360000" startTime="2025-05-14T13:20:31.3146610Z" endTime="2025-05-14T13:25:31.3147553Z" testType="13cdc9d9-ddb5-4fa4-a97d-d965ccfc6d4b" outcome="Passed" testListId="3ef4ff14-1d6f-4280-b9f9-1a5442425e86" />
    <UnitTestResult executionId="d51dc498-74a8-4176-83aa-d737681d5d8c" testId="76c11c8e-3bce-49e7-baa8-1deb010a93a4" testName="Test5802" computerName="UA-LPT-OGA2" duration="00:00:01.2030000" startTime="2025-05-14T13:20:31.3146610Z" endTime="2025-05-14T13:25:31.3147553Z" testType="13cdc9d9-ddb5-4fa4-a97d-d965ccfc6d4b" outcome="Passed" testListId="3ef4ff14-1d6f-4280-b9f9-1a5442425e86" />
    <UnitTestResult executionId="dc3c48dd-e1e8-47ac-b027-cc912ac37340" testId="156ea08d-db44-448a-96e4-404eb72dcaa7" testName="Test5803" computerName="UA-LPT-OGA2" duration="00:00:00.1230000" startTime="2025-05-14T13:20:31.3146610Z" endTime="2025-05-14T13:25:31.3147553Z" testType="13cdc9d9-ddb5-4fa4-a97d-d965ccfc6d4b" outcome="Passed" testListId="3ef4ff14-1d6f-4280-b9f9-1a5442425e86" />
    <UnitTestResult executionId="0f74d238-caea-4443-9ccd-7cea2212e05e" testId="5e32814c-cb34-41d0-ab3a-937ced9227eb" testName="Test5804" computerName="UA-LPT-OGA2" duration="00:00:01.8350000" startTime="2025-05-14T13:20:31.3146610Z" endTime="2025-05-14T13:25:31.3147553Z" testType="13cdc9d9-ddb5-4fa4-a97d-d965ccfc6d4b" outcome="Failed" testListId="3ef4ff14-1d6f-4280-b9f9-1a5442425e86">
      <Output>
        <ErrorInfo>
          <Message>Assertion failed: Expected value did not match actual value.</Message>
          <StackTrace>   at TestNamespace.TestClass.Test() in TestClass.cs:line 334</StackTrace>
        </ErrorInfo>
      </Output>
    </UnitTestResult>
    <UnitTestResult executionId="d6ae3e6c-312e-4520-b9b5-bb953ccee8f4" testId="1d6d5342-a94d-4acd-8f38-d09571543bd0" testName="Test5805" computerName="UA-LPT-OGA2" duration="00:00:01.0290000" startTime="2025-05-14T13:20:31.3146610Z" endTime="2025-05-14T13:25:31.3147553Z" testType="13cdc9d9-ddb5-4fa4-a97d-d965ccfc6d4b" outcome="Passed" testListId="3ef4ff14-1d6f-4280-b9f9-1a5442425e86" />
    <UnitTestResult executionId="2d966afd-79f2-49f6-a0a1-16a751b1d4d4" testId="7f1270a9-cae1-4822-a601-a9f79d6f1943" testName="Test5806" computerName="UA-LPT-OGA2" duration="00:00:00.8870000" startTime="2025-05-14T13:20:31.3146610Z" endTime="2025-05-14T13:25:31.3147553Z" testType="13cdc9d9-ddb5-4fa4-a97d-d965ccfc6d4b" outcome="Passed" testListId="3ef4ff14-1d6f-4280-b9f9-1a5442425e86" />
    <UnitTestResult executionId="04756d83-fac4-4c16-b00f-0b7f44bf6eda" testId="580cb8bd-9e72-4a4d-acae-06760976a8e0" testName="Test5807" computerName="UA-LPT-OGA2" duration="00:00:00.5210000" startTime="2025-05-14T13:20:31.3146610Z" endTime="2025-05-14T13:25:31.3147553Z" testType="13cdc9d9-ddb5-4fa4-a97d-d965ccfc6d4b" outcome="Passed" testListId="3ef4ff14-1d6f-4280-b9f9-1a5442425e86" />
    <UnitTestResult executionId="f0c02850-be80-4690-8620-dc5de30e4a8d" testId="69d82fb8-9b76-47d6-8fa9-70c0110faf22" testName="Test5808" computerName="UA-LPT-OGA2" duration="00:00:01.6460000" startTime="2025-05-14T13:20:31.3146610Z" endTime="2025-05-14T13:25:31.3147553Z" testType="13cdc9d9-ddb5-4fa4-a97d-d965ccfc6d4b" outcome="Passed" testListId="3ef4ff14-1d6f-4280-b9f9-1a5442425e86" />
    <UnitTestResult executionId="3abc1faa-b733-4782-b1a4-503742691a3a" testId="561b9a68-fb3b-4ec7-8a63-2a76c3cf4c0c" testName="Test5809" computerName="UA-LPT-OGA2" duration="00:00:01.9790000" startTime="2025-05-14T13:20:31.3146610Z" endTime="2025-05-14T13:25:31.3147553Z" testType="13cdc9d9-ddb5-4fa4-a97d-d965ccfc6d4b" outcome="Passed" testListId="3ef4ff14-1d6f-4280-b9f9-1a5442425e86" />
    <UnitTestResult executionId="f19e2571-9721-4d81-be62-6318d453f39c" testId="2b7f20c2-09fb-484d-b9ca-d142d2bbec7c" testName="Test5810" computerName="UA-LPT-OGA2" duration="00:00:01.7090000" startTime="2025-05-14T13:20:31.3146610Z" endTime="2025-05-14T13:25:31.3147553Z" testType="13cdc9d9-ddb5-4fa4-a97d-d965ccfc6d4b" outcome="Failed" testListId="3ef4ff14-1d6f-4280-b9f9-1a5442425e86">
      <Output>
        <ErrorInfo>
          <Message>Assertion failed: Expected value did not match actual value.</Message>
          <StackTrace>   at TestNamespace.TestClass.Test() in TestClass.cs:line 210</StackTrace>
        </ErrorInfo>
      </Output>
    </UnitTestResult>
    <UnitTestResult executionId="9001d700-322b-4499-97c3-df9b06c439e3" testId="e1405abe-feb6-44fe-836c-68133f2192ba" testName="Test5811" computerName="UA-LPT-OGA2" duration="00:00:00.0260000" startTime="2025-05-14T13:20:31.3146610Z" endTime="2025-05-14T13:25:31.3147553Z" testType="13cdc9d9-ddb5-4fa4-a97d-d965ccfc6d4b" outcome="Passed" testListId="3ef4ff14-1d6f-4280-b9f9-1a5442425e86" />
    <UnitTestResult executionId="6cbb23b9-f74f-4776-8b6b-c4d7b9f4ff31" testId="47b85789-f095-41d1-ba1c-18a58ffc7e8a" testName="Test5812" computerName="UA-LPT-OGA2" duration="00:00:00.1450000" startTime="2025-05-14T13:20:31.3146610Z" endTime="2025-05-14T13:25:31.3147553Z" testType="13cdc9d9-ddb5-4fa4-a97d-d965ccfc6d4b" outcome="Passed" testListId="3ef4ff14-1d6f-4280-b9f9-1a5442425e86" />
    <UnitTestResult executionId="686ca1ea-8854-4a89-82d5-cc7d25f95318" testId="98005c05-181d-4f27-bccc-e046ac81b5e6" testName="Test5813" computerName="UA-LPT-OGA2" duration="00:00:00.9930000" startTime="2025-05-14T13:20:31.3146610Z" endTime="2025-05-14T13:25:31.3147553Z" testType="13cdc9d9-ddb5-4fa4-a97d-d965ccfc6d4b" outcome="Passed" testListId="3ef4ff14-1d6f-4280-b9f9-1a5442425e86" />
    <UnitTestResult executionId="6a7b6abf-085b-4a56-b6a6-1a4193405065" testId="a96c0833-8ffa-43c9-ab25-418c465ec6a7" testName="Test5814" computerName="UA-LPT-OGA2" duration="00:00:00.3640000" startTime="2025-05-14T13:20:31.3146610Z" endTime="2025-05-14T13:25:31.3147553Z" testType="13cdc9d9-ddb5-4fa4-a97d-d965ccfc6d4b" outcome="Passed" testListId="3ef4ff14-1d6f-4280-b9f9-1a5442425e86" />
    <UnitTestResult executionId="67ffd2cd-ac81-48e1-b4fd-66c0eb565778" testId="f1e49189-675e-473d-a8ef-a622679874d0" testName="Test5815" computerName="UA-LPT-OGA2" duration="00:00:00.2960000" startTime="2025-05-14T13:20:31.3146610Z" endTime="2025-05-14T13:25:31.3147553Z" testType="13cdc9d9-ddb5-4fa4-a97d-d965ccfc6d4b" outcome="Passed" testListId="3ef4ff14-1d6f-4280-b9f9-1a5442425e86" />
    <UnitTestResult executionId="f3b11330-3ea6-4301-ad7b-1ace2dda3ece" testId="6b1677ba-1d66-426b-833a-056c1cc57952" testName="Test5816" computerName="UA-LPT-OGA2" duration="00:00:01.8010000" startTime="2025-05-14T13:20:31.3146610Z" endTime="2025-05-14T13:25:31.3147553Z" testType="13cdc9d9-ddb5-4fa4-a97d-d965ccfc6d4b" outcome="Failed" testListId="3ef4ff14-1d6f-4280-b9f9-1a5442425e86">
      <Output>
        <ErrorInfo>
          <Message>Assertion failed: Expected value did not match actual value.</Message>
          <StackTrace>   at TestNamespace.TestClass.Test() in TestClass.cs:line 269</StackTrace>
        </ErrorInfo>
      </Output>
    </UnitTestResult>
    <UnitTestResult executionId="a3417980-c88b-4098-97be-116596b2c02f" testId="c5a7279f-7a67-4e3d-ba88-6d4ecf8e44cb" testName="Test5817" computerName="UA-LPT-OGA2" duration="00:00:00.7970000" startTime="2025-05-14T13:20:31.3146610Z" endTime="2025-05-14T13:25:31.3147553Z" testType="13cdc9d9-ddb5-4fa4-a97d-d965ccfc6d4b" outcome="Passed" testListId="3ef4ff14-1d6f-4280-b9f9-1a5442425e86" />
    <UnitTestResult executionId="fac4c05a-d053-4ec0-aa35-6013b38d8187" testId="c3f7c6ce-1234-4288-ae29-c1b42fa0dc29" testName="Test5818" computerName="UA-LPT-OGA2" duration="00:00:00.6370000" startTime="2025-05-14T13:20:31.3146610Z" endTime="2025-05-14T13:25:31.3147553Z" testType="13cdc9d9-ddb5-4fa4-a97d-d965ccfc6d4b" outcome="Passed" testListId="3ef4ff14-1d6f-4280-b9f9-1a5442425e86" />
    <UnitTestResult executionId="c1c43484-ce50-4337-a290-4d12d6bf8db5" testId="d4004af0-b240-44f3-b518-ecb514659358" testName="Test5819" computerName="UA-LPT-OGA2" duration="00:00:01.6520000" startTime="2025-05-14T13:20:31.3146610Z" endTime="2025-05-14T13:25:31.3147553Z" testType="13cdc9d9-ddb5-4fa4-a97d-d965ccfc6d4b" outcome="Passed" testListId="3ef4ff14-1d6f-4280-b9f9-1a5442425e86" />
    <UnitTestResult executionId="7553b893-a897-47a6-a784-9f9ab62bbd13" testId="a28f6309-88f5-4725-8468-6429f9145e58" testName="Test5820" computerName="UA-LPT-OGA2" duration="00:00:01.6420000" startTime="2025-05-14T13:20:31.3146610Z" endTime="2025-05-14T13:25:31.3147553Z" testType="13cdc9d9-ddb5-4fa4-a97d-d965ccfc6d4b" outcome="Passed" testListId="3ef4ff14-1d6f-4280-b9f9-1a5442425e86" />
    <UnitTestResult executionId="1738e994-de6a-4fe2-8d0a-6965eb3d7cd8" testId="83bcb6ac-3e64-4b74-8e40-3c0f1a82436f" testName="Test5821" computerName="UA-LPT-OGA2" duration="00:00:00.7320000" startTime="2025-05-14T13:20:31.3146610Z" endTime="2025-05-14T13:25:31.3147553Z" testType="13cdc9d9-ddb5-4fa4-a97d-d965ccfc6d4b" outcome="Passed" testListId="3ef4ff14-1d6f-4280-b9f9-1a5442425e86" />
    <UnitTestResult executionId="d5c4609c-9cf8-4d3b-a561-6e5203053dbc" testId="0ef73f59-2ee5-45c1-ba4a-359398bd65ae" testName="Test5822" computerName="UA-LPT-OGA2" duration="00:00:00.9900000" startTime="2025-05-14T13:20:31.3146610Z" endTime="2025-05-14T13:25:31.3147553Z" testType="13cdc9d9-ddb5-4fa4-a97d-d965ccfc6d4b" outcome="Passed" testListId="3ef4ff14-1d6f-4280-b9f9-1a5442425e86" />
    <UnitTestResult executionId="16a6d3ca-4175-4898-99c4-0601d52b11b4" testId="d48d2741-9367-4b1a-be09-af83a81bd90d" testName="Test5823" computerName="UA-LPT-OGA2" duration="00:00:01.1660000" startTime="2025-05-14T13:20:31.3146610Z" endTime="2025-05-14T13:25:31.3147553Z" testType="13cdc9d9-ddb5-4fa4-a97d-d965ccfc6d4b" outcome="Passed" testListId="3ef4ff14-1d6f-4280-b9f9-1a5442425e86" />
    <UnitTestResult executionId="3300f0a1-de90-4d23-980a-3769484b988d" testId="c9807099-8dee-45eb-98f9-4813d33d49d8" testName="Test5824" computerName="UA-LPT-OGA2" duration="00:00:00.9700000" startTime="2025-05-14T13:20:31.3146610Z" endTime="2025-05-14T13:25:31.3147553Z" testType="13cdc9d9-ddb5-4fa4-a97d-d965ccfc6d4b" outcome="Passed" testListId="3ef4ff14-1d6f-4280-b9f9-1a5442425e86" />
    <UnitTestResult executionId="ca66646f-5b42-471c-a29c-69c27d78d9e0" testId="c465bdff-6c66-4c7b-918f-e8dcc5b2cad0" testName="Test5825" computerName="UA-LPT-OGA2" duration="00:00:00.4640000" startTime="2025-05-14T13:20:31.3146610Z" endTime="2025-05-14T13:25:31.3147553Z" testType="13cdc9d9-ddb5-4fa4-a97d-d965ccfc6d4b" outcome="Passed" testListId="3ef4ff14-1d6f-4280-b9f9-1a5442425e86" />
    <UnitTestResult executionId="c6910998-8440-4772-ac57-8116c2de76a9" testId="10c49034-448e-43e6-99f5-3a9ceffd995d" testName="Test5826" computerName="UA-LPT-OGA2" duration="00:00:00.8160000" startTime="2025-05-14T13:20:31.3146610Z" endTime="2025-05-14T13:25:31.3147553Z" testType="13cdc9d9-ddb5-4fa4-a97d-d965ccfc6d4b" outcome="Passed" testListId="3ef4ff14-1d6f-4280-b9f9-1a5442425e86" />
    <UnitTestResult executionId="92c586a5-9244-4932-bb9f-bd1127378631" testId="d291f6e5-4a25-4132-b522-ba497cc6f6cc" testName="Test5827" computerName="UA-LPT-OGA2" duration="00:00:00.7010000" startTime="2025-05-14T13:20:31.3146610Z" endTime="2025-05-14T13:25:31.3147553Z" testType="13cdc9d9-ddb5-4fa4-a97d-d965ccfc6d4b" outcome="Passed" testListId="3ef4ff14-1d6f-4280-b9f9-1a5442425e86" />
    <UnitTestResult executionId="7e00f5c0-0148-473f-9f3b-46891fcd637a" testId="8d396c83-6054-4434-9e51-bb62b9f6b921" testName="Test5828" computerName="UA-LPT-OGA2" duration="00:00:00.9380000" startTime="2025-05-14T13:20:31.3146610Z" endTime="2025-05-14T13:25:31.3147553Z" testType="13cdc9d9-ddb5-4fa4-a97d-d965ccfc6d4b" outcome="Passed" testListId="3ef4ff14-1d6f-4280-b9f9-1a5442425e86" />
    <UnitTestResult executionId="1f0430f6-b331-4232-88db-bbc5bf9e09cd" testId="f94f7584-0937-400a-ad9f-353fcc95aa09" testName="Test5829" computerName="UA-LPT-OGA2" duration="00:00:00.1750000" startTime="2025-05-14T13:20:31.3146610Z" endTime="2025-05-14T13:25:31.3147553Z" testType="13cdc9d9-ddb5-4fa4-a97d-d965ccfc6d4b" outcome="Passed" testListId="3ef4ff14-1d6f-4280-b9f9-1a5442425e86" />
    <UnitTestResult executionId="01f981b7-09dd-4308-95b2-5cdb487ed96d" testId="04ed5b3d-d1be-438a-bc7b-4b3c1a632a7e" testName="Test5830" computerName="UA-LPT-OGA2" duration="00:00:00.0180000" startTime="2025-05-14T13:20:31.3146610Z" endTime="2025-05-14T13:25:31.3147553Z" testType="13cdc9d9-ddb5-4fa4-a97d-d965ccfc6d4b" outcome="Failed" testListId="3ef4ff14-1d6f-4280-b9f9-1a5442425e86">
      <Output>
        <ErrorInfo>
          <Message>Assertion failed: Expected value did not match actual value.</Message>
          <StackTrace>   at TestNamespace.TestClass.Test() in TestClass.cs:line 132</StackTrace>
        </ErrorInfo>
      </Output>
    </UnitTestResult>
    <UnitTestResult executionId="61493cf8-815f-47a3-9189-18649068e341" testId="198c3714-ca4b-46b1-8660-dd600f0e476d" testName="Test5831" computerName="UA-LPT-OGA2" duration="00:00:00.1820000" startTime="2025-05-14T13:20:31.3146610Z" endTime="2025-05-14T13:25:31.3147553Z" testType="13cdc9d9-ddb5-4fa4-a97d-d965ccfc6d4b" outcome="Passed" testListId="3ef4ff14-1d6f-4280-b9f9-1a5442425e86" />
    <UnitTestResult executionId="08d215f2-ce6f-4e7d-bc7f-894a71dc0ecd" testId="533177de-ce2d-4855-916a-b3ad5f669873" testName="Test5832" computerName="UA-LPT-OGA2" duration="00:00:01.0470000" startTime="2025-05-14T13:20:31.3146610Z" endTime="2025-05-14T13:25:31.3147553Z" testType="13cdc9d9-ddb5-4fa4-a97d-d965ccfc6d4b" outcome="Passed" testListId="3ef4ff14-1d6f-4280-b9f9-1a5442425e86" />
    <UnitTestResult executionId="5f6c35ea-a8b8-40cf-832a-f7574c06c717" testId="34d61fc0-2b8f-40ee-9711-24391bab92b6" testName="Test5833" computerName="UA-LPT-OGA2" duration="00:00:00.6960000" startTime="2025-05-14T13:20:31.3146610Z" endTime="2025-05-14T13:25:31.3147553Z" testType="13cdc9d9-ddb5-4fa4-a97d-d965ccfc6d4b" outcome="Passed" testListId="3ef4ff14-1d6f-4280-b9f9-1a5442425e86" />
    <UnitTestResult executionId="acecd08a-2e03-451d-8342-8088bae4ccac" testId="9f8b3bc6-ae99-43f9-be11-0ec534e193d6" testName="Test5834" computerName="UA-LPT-OGA2" duration="00:00:00.1030000" startTime="2025-05-14T13:20:31.3146610Z" endTime="2025-05-14T13:25:31.3147553Z" testType="13cdc9d9-ddb5-4fa4-a97d-d965ccfc6d4b" outcome="Passed" testListId="3ef4ff14-1d6f-4280-b9f9-1a5442425e86" />
    <UnitTestResult executionId="2c3c9843-505a-473e-bae6-bb8be2432a9e" testId="5d9d0f6e-0902-4b06-a7bd-61f88a0f47e0" testName="Test5835" computerName="UA-LPT-OGA2" duration="00:00:00.2750000" startTime="2025-05-14T13:20:31.3146610Z" endTime="2025-05-14T13:25:31.3147553Z" testType="13cdc9d9-ddb5-4fa4-a97d-d965ccfc6d4b" outcome="Failed" testListId="3ef4ff14-1d6f-4280-b9f9-1a5442425e86">
      <Output>
        <ErrorInfo>
          <Message>Assertion failed: Expected value did not match actual value.</Message>
          <StackTrace>   at TestNamespace.TestClass.Test() in TestClass.cs:line 308</StackTrace>
        </ErrorInfo>
      </Output>
    </UnitTestResult>
    <UnitTestResult executionId="61ae4135-ac5a-4c32-aad6-565768a63ea1" testId="e5919ed1-4f09-405f-8c4c-f79728a56934" testName="Test5836" computerName="UA-LPT-OGA2" duration="00:00:01.0900000" startTime="2025-05-14T13:20:31.3146610Z" endTime="2025-05-14T13:25:31.3147553Z" testType="13cdc9d9-ddb5-4fa4-a97d-d965ccfc6d4b" outcome="Passed" testListId="3ef4ff14-1d6f-4280-b9f9-1a5442425e86" />
    <UnitTestResult executionId="5d89ae0b-9a52-46f6-aefe-44df8c19a6a2" testId="77e9412b-b1f7-438e-99b8-1c3b4e906538" testName="Test5837" computerName="UA-LPT-OGA2" duration="00:00:01.7230000" startTime="2025-05-14T13:20:31.3146610Z" endTime="2025-05-14T13:25:31.3147553Z" testType="13cdc9d9-ddb5-4fa4-a97d-d965ccfc6d4b" outcome="Passed" testListId="3ef4ff14-1d6f-4280-b9f9-1a5442425e86" />
    <UnitTestResult executionId="2acf01ad-8b53-4f85-ad36-7542a99ebec6" testId="5b7e0b02-899d-4595-b75e-7e2b7b5e7e2f" testName="Test5838" computerName="UA-LPT-OGA2" duration="00:00:00.5470000" startTime="2025-05-14T13:20:31.3146610Z" endTime="2025-05-14T13:25:31.3147553Z" testType="13cdc9d9-ddb5-4fa4-a97d-d965ccfc6d4b" outcome="Passed" testListId="3ef4ff14-1d6f-4280-b9f9-1a5442425e86" />
    <UnitTestResult executionId="18ca26c8-0cc5-4c28-9536-c6c24cea5f37" testId="15d52bd0-ab4f-4542-816a-0d3dd077e6b6" testName="Test5839" computerName="UA-LPT-OGA2" duration="00:00:01.6510000" startTime="2025-05-14T13:20:31.3146610Z" endTime="2025-05-14T13:25:31.3147553Z" testType="13cdc9d9-ddb5-4fa4-a97d-d965ccfc6d4b" outcome="Passed" testListId="3ef4ff14-1d6f-4280-b9f9-1a5442425e86" />
    <UnitTestResult executionId="415bc695-bbc4-4477-819b-213a9e059e20" testId="f064492a-2c96-4147-b821-f0738b6efbcf" testName="Test5840" computerName="UA-LPT-OGA2" duration="00:00:00.2610000" startTime="2025-05-14T13:20:31.3146610Z" endTime="2025-05-14T13:25:31.3147553Z" testType="13cdc9d9-ddb5-4fa4-a97d-d965ccfc6d4b" outcome="Passed" testListId="3ef4ff14-1d6f-4280-b9f9-1a5442425e86" />
    <UnitTestResult executionId="2438ff66-b9f0-47e5-bf04-82ba0ca30084" testId="2756c872-9de4-475c-9f5b-428cb252634c" testName="Test5841" computerName="UA-LPT-OGA2" duration="00:00:01.7770000" startTime="2025-05-14T13:20:31.3146610Z" endTime="2025-05-14T13:25:31.3147553Z" testType="13cdc9d9-ddb5-4fa4-a97d-d965ccfc6d4b" outcome="Passed" testListId="3ef4ff14-1d6f-4280-b9f9-1a5442425e86" />
    <UnitTestResult executionId="c4da24a1-2b68-438e-b461-0d3a7656619b" testId="85300abd-7c6d-4220-b82b-17db89e64e58" testName="Test5842" computerName="UA-LPT-OGA2" duration="00:00:01.2200000" startTime="2025-05-14T13:20:31.3146610Z" endTime="2025-05-14T13:25:31.3147553Z" testType="13cdc9d9-ddb5-4fa4-a97d-d965ccfc6d4b" outcome="Passed" testListId="3ef4ff14-1d6f-4280-b9f9-1a5442425e86" />
    <UnitTestResult executionId="db8f616f-4bcc-4a03-a8de-8c57c8fba8cc" testId="8db665e2-f699-442f-a498-12d3e0d6baf1" testName="Test5843" computerName="UA-LPT-OGA2" duration="00:00:01.9190000" startTime="2025-05-14T13:20:31.3146610Z" endTime="2025-05-14T13:25:31.3147553Z" testType="13cdc9d9-ddb5-4fa4-a97d-d965ccfc6d4b" outcome="Passed" testListId="3ef4ff14-1d6f-4280-b9f9-1a5442425e86" />
    <UnitTestResult executionId="5df6dea1-be1d-47f0-84cd-0b14815edc7e" testId="a55a3157-b022-4036-95db-45e474166cdb" testName="Test5844" computerName="UA-LPT-OGA2" duration="00:00:01.2500000" startTime="2025-05-14T13:20:31.3146610Z" endTime="2025-05-14T13:25:31.3147553Z" testType="13cdc9d9-ddb5-4fa4-a97d-d965ccfc6d4b" outcome="Passed" testListId="3ef4ff14-1d6f-4280-b9f9-1a5442425e86" />
    <UnitTestResult executionId="9335c6e1-0cce-40f1-a9bf-ca28d25edbd7" testId="2647dd16-dae2-45bd-8a42-cb07d4488660" testName="Test5845" computerName="UA-LPT-OGA2" duration="00:00:01.4510000" startTime="2025-05-14T13:20:31.3146610Z" endTime="2025-05-14T13:25:31.3147553Z" testType="13cdc9d9-ddb5-4fa4-a97d-d965ccfc6d4b" outcome="Passed" testListId="3ef4ff14-1d6f-4280-b9f9-1a5442425e86" />
    <UnitTestResult executionId="4052beae-74f2-4030-92ec-f8616f4cacfc" testId="22294cb3-0a63-4575-8bfb-2667544cb375" testName="Test5846" computerName="UA-LPT-OGA2" duration="00:00:01.2360000" startTime="2025-05-14T13:20:31.3146610Z" endTime="2025-05-14T13:25:31.3147553Z" testType="13cdc9d9-ddb5-4fa4-a97d-d965ccfc6d4b" outcome="Passed" testListId="3ef4ff14-1d6f-4280-b9f9-1a5442425e86" />
    <UnitTestResult executionId="fe6cd939-65c6-4b7d-9ef4-46429da1de2b" testId="b11f37db-2768-4a2b-89c5-36cd6bd59ca8" testName="Test5847" computerName="UA-LPT-OGA2" duration="00:00:01.7430000" startTime="2025-05-14T13:20:31.3146610Z" endTime="2025-05-14T13:25:31.3147553Z" testType="13cdc9d9-ddb5-4fa4-a97d-d965ccfc6d4b" outcome="Passed" testListId="3ef4ff14-1d6f-4280-b9f9-1a5442425e86" />
    <UnitTestResult executionId="b761c62c-cc5b-4cfc-9f78-e2c349d4bd7e" testId="a9fed7ae-18f9-4fd5-a645-ef8291987ea3" testName="Test5848" computerName="UA-LPT-OGA2" duration="00:00:00.5870000" startTime="2025-05-14T13:20:31.3146610Z" endTime="2025-05-14T13:25:31.3147553Z" testType="13cdc9d9-ddb5-4fa4-a97d-d965ccfc6d4b" outcome="Passed" testListId="3ef4ff14-1d6f-4280-b9f9-1a5442425e86" />
    <UnitTestResult executionId="452d86fa-6ee6-4e02-82c8-9224ea15af91" testId="43b3a1c4-18f5-4b51-b140-4d6f8eae0585" testName="Test5849" computerName="UA-LPT-OGA2" duration="00:00:01.6170000" startTime="2025-05-14T13:20:31.3146610Z" endTime="2025-05-14T13:25:31.3147553Z" testType="13cdc9d9-ddb5-4fa4-a97d-d965ccfc6d4b" outcome="Passed" testListId="3ef4ff14-1d6f-4280-b9f9-1a5442425e86" />
    <UnitTestResult executionId="a882413e-106a-4ea4-b76b-f38b926b3d9b" testId="b96588a1-a1f6-4d61-b902-8cf25ced6aa7" testName="Test5850" computerName="UA-LPT-OGA2" duration="00:00:00.8830000" startTime="2025-05-14T13:20:31.3146610Z" endTime="2025-05-14T13:25:31.3147553Z" testType="13cdc9d9-ddb5-4fa4-a97d-d965ccfc6d4b" outcome="Passed" testListId="3ef4ff14-1d6f-4280-b9f9-1a5442425e86" />
    <UnitTestResult executionId="676d4c7f-6a9f-4da2-b71b-c72aa405ad2d" testId="fac0e74d-e3f9-4281-946c-4d525a13ad60" testName="Test5851" computerName="UA-LPT-OGA2" duration="00:00:00.3920000" startTime="2025-05-14T13:20:31.3146610Z" endTime="2025-05-14T13:25:31.3147553Z" testType="13cdc9d9-ddb5-4fa4-a97d-d965ccfc6d4b" outcome="Failed" testListId="3ef4ff14-1d6f-4280-b9f9-1a5442425e86">
      <Output>
        <ErrorInfo>
          <Message>Assertion failed: Expected value did not match actual value.</Message>
          <StackTrace>   at TestNamespace.TestClass.Test() in TestClass.cs:line 218</StackTrace>
        </ErrorInfo>
      </Output>
    </UnitTestResult>
    <UnitTestResult executionId="835f7e6c-2617-4e59-8377-15faf1382a95" testId="1fc94eef-73ab-4c03-a4dc-54d2c88fe1d1" testName="Test5852" computerName="UA-LPT-OGA2" duration="00:00:00.3890000" startTime="2025-05-14T13:20:31.3146610Z" endTime="2025-05-14T13:25:31.3147553Z" testType="13cdc9d9-ddb5-4fa4-a97d-d965ccfc6d4b" outcome="Passed" testListId="3ef4ff14-1d6f-4280-b9f9-1a5442425e86" />
    <UnitTestResult executionId="1349dfb5-9ac7-4c22-ac1e-fc91cbfd38af" testId="aa72f230-8e07-4af1-9a99-43a87a89ded7" testName="Test5853" computerName="UA-LPT-OGA2" duration="00:00:01.0590000" startTime="2025-05-14T13:20:31.3146610Z" endTime="2025-05-14T13:25:31.3147553Z" testType="13cdc9d9-ddb5-4fa4-a97d-d965ccfc6d4b" outcome="Passed" testListId="3ef4ff14-1d6f-4280-b9f9-1a5442425e86" />
    <UnitTestResult executionId="26fd9217-c16b-49c2-8354-ed80871741d3" testId="7d2efad4-79d1-4b27-90f4-346a359f89c9" testName="Test5854" computerName="UA-LPT-OGA2" duration="00:00:00.3810000" startTime="2025-05-14T13:20:31.3146610Z" endTime="2025-05-14T13:25:31.3147553Z" testType="13cdc9d9-ddb5-4fa4-a97d-d965ccfc6d4b" outcome="Passed" testListId="3ef4ff14-1d6f-4280-b9f9-1a5442425e86" />
    <UnitTestResult executionId="5ad78716-2b8f-403b-8578-0bfe7d741458" testId="740c36d8-d61e-4442-aadc-647fd22b7cd0" testName="Test5855" computerName="UA-LPT-OGA2" duration="00:00:00.7140000" startTime="2025-05-14T13:20:31.3146610Z" endTime="2025-05-14T13:25:31.3147553Z" testType="13cdc9d9-ddb5-4fa4-a97d-d965ccfc6d4b" outcome="Passed" testListId="3ef4ff14-1d6f-4280-b9f9-1a5442425e86" />
    <UnitTestResult executionId="0aa9508c-240c-4344-942a-738f5145dcba" testId="1785eec0-8a38-461f-98f7-10a65d1f6eff" testName="Test5856" computerName="UA-LPT-OGA2" duration="00:00:01.9470000" startTime="2025-05-14T13:20:31.3146610Z" endTime="2025-05-14T13:25:31.3147553Z" testType="13cdc9d9-ddb5-4fa4-a97d-d965ccfc6d4b" outcome="Passed" testListId="3ef4ff14-1d6f-4280-b9f9-1a5442425e86" />
    <UnitTestResult executionId="b9b1637a-671d-4320-9830-9490192116cb" testId="beb900d6-a18e-498e-9341-77057796e092" testName="Test5857" computerName="UA-LPT-OGA2" duration="00:00:00.8440000" startTime="2025-05-14T13:20:31.3146610Z" endTime="2025-05-14T13:25:31.3147553Z" testType="13cdc9d9-ddb5-4fa4-a97d-d965ccfc6d4b" outcome="Passed" testListId="3ef4ff14-1d6f-4280-b9f9-1a5442425e86" />
    <UnitTestResult executionId="a5b21860-0056-4b21-8bf5-26761d5ddaaa" testId="f208547a-0638-4b22-b26c-f36a2cfcdedd" testName="Test5858" computerName="UA-LPT-OGA2" duration="00:00:01.9370000" startTime="2025-05-14T13:20:31.3146610Z" endTime="2025-05-14T13:25:31.3147553Z" testType="13cdc9d9-ddb5-4fa4-a97d-d965ccfc6d4b" outcome="Failed" testListId="3ef4ff14-1d6f-4280-b9f9-1a5442425e86">
      <Output>
        <ErrorInfo>
          <Message>Assertion failed: Expected value did not match actual value.</Message>
          <StackTrace>   at TestNamespace.TestClass.Test() in TestClass.cs:line 419</StackTrace>
        </ErrorInfo>
      </Output>
    </UnitTestResult>
    <UnitTestResult executionId="b42e5499-d7ad-4c8c-8afe-b59b75ccf539" testId="1022dbff-0136-49ea-9851-bfa82edb27d2" testName="Test5859" computerName="UA-LPT-OGA2" duration="00:00:01.3300000" startTime="2025-05-14T13:20:31.3146610Z" endTime="2025-05-14T13:25:31.3147553Z" testType="13cdc9d9-ddb5-4fa4-a97d-d965ccfc6d4b" outcome="Passed" testListId="3ef4ff14-1d6f-4280-b9f9-1a5442425e86" />
    <UnitTestResult executionId="c9fbdfc5-72d6-4ccc-9e59-a13c48cd1ee2" testId="0fb3095f-d41d-4ad9-ac6e-0e4b81fe3f73" testName="Test5860" computerName="UA-LPT-OGA2" duration="00:00:01.9290000" startTime="2025-05-14T13:20:31.3146610Z" endTime="2025-05-14T13:25:31.3147553Z" testType="13cdc9d9-ddb5-4fa4-a97d-d965ccfc6d4b" outcome="Passed" testListId="3ef4ff14-1d6f-4280-b9f9-1a5442425e86" />
    <UnitTestResult executionId="61aad726-820a-4aa5-b695-0ea5c817a544" testId="8b01ea5d-ab96-47f4-afdf-d6df282c52d6" testName="Test5861" computerName="UA-LPT-OGA2" duration="00:00:01.9370000" startTime="2025-05-14T13:20:31.3146610Z" endTime="2025-05-14T13:25:31.3147553Z" testType="13cdc9d9-ddb5-4fa4-a97d-d965ccfc6d4b" outcome="Passed" testListId="3ef4ff14-1d6f-4280-b9f9-1a5442425e86" />
    <UnitTestResult executionId="1b84c5ab-9cc2-472d-a6df-9663d434d271" testId="b7d4a3a5-3ab5-45ae-ba05-05bf6399be88" testName="Test5862" computerName="UA-LPT-OGA2" duration="00:00:00.3390000" startTime="2025-05-14T13:20:31.3146610Z" endTime="2025-05-14T13:25:31.3147553Z" testType="13cdc9d9-ddb5-4fa4-a97d-d965ccfc6d4b" outcome="Passed" testListId="3ef4ff14-1d6f-4280-b9f9-1a5442425e86" />
    <UnitTestResult executionId="ab8f2657-12db-4d55-9415-31c08c2c16cb" testId="c650ffe8-0737-4b2f-94fc-923f05c6a8eb" testName="Test5863" computerName="UA-LPT-OGA2" duration="00:00:01.7350000" startTime="2025-05-14T13:20:31.3146610Z" endTime="2025-05-14T13:25:31.3147553Z" testType="13cdc9d9-ddb5-4fa4-a97d-d965ccfc6d4b" outcome="Passed" testListId="3ef4ff14-1d6f-4280-b9f9-1a5442425e86" />
    <UnitTestResult executionId="3fb139c8-17c0-4472-a04e-3f2f41dd59e8" testId="c0a72085-c81a-49a6-8821-210417328ab7" testName="Test5864" computerName="UA-LPT-OGA2" duration="00:00:00.8600000" startTime="2025-05-14T13:20:31.3146610Z" endTime="2025-05-14T13:25:31.3147553Z" testType="13cdc9d9-ddb5-4fa4-a97d-d965ccfc6d4b" outcome="Passed" testListId="3ef4ff14-1d6f-4280-b9f9-1a5442425e86" />
    <UnitTestResult executionId="8d0a9c14-2e76-41b5-9795-69da26fa6c0e" testId="44793f9f-1c42-4d8d-ae47-74eea12104a9" testName="Test5865" computerName="UA-LPT-OGA2" duration="00:00:01.0900000" startTime="2025-05-14T13:20:31.3146610Z" endTime="2025-05-14T13:25:31.3147553Z" testType="13cdc9d9-ddb5-4fa4-a97d-d965ccfc6d4b" outcome="Passed" testListId="3ef4ff14-1d6f-4280-b9f9-1a5442425e86" />
    <UnitTestResult executionId="99898f20-e129-408d-ba41-eacf990c5441" testId="d8b85d01-a00a-4baf-b114-a899f8c55e37" testName="Test5866" computerName="UA-LPT-OGA2" duration="00:00:00.6790000" startTime="2025-05-14T13:20:31.3146610Z" endTime="2025-05-14T13:25:31.3147553Z" testType="13cdc9d9-ddb5-4fa4-a97d-d965ccfc6d4b" outcome="Passed" testListId="3ef4ff14-1d6f-4280-b9f9-1a5442425e86" />
    <UnitTestResult executionId="1b32489c-ecb8-4360-ac24-9ef04b6dc934" testId="bc70b1e7-ccb2-4bc6-a333-0be297a9bf24" testName="Test5867" computerName="UA-LPT-OGA2" duration="00:00:01.4040000" startTime="2025-05-14T13:20:31.3146610Z" endTime="2025-05-14T13:25:31.3147553Z" testType="13cdc9d9-ddb5-4fa4-a97d-d965ccfc6d4b" outcome="Passed" testListId="3ef4ff14-1d6f-4280-b9f9-1a5442425e86" />
    <UnitTestResult executionId="12c6d645-6d5a-42a9-964a-8774a3108505" testId="98c0b254-50bc-4805-b403-e74a46a4ec2f" testName="Test5868" computerName="UA-LPT-OGA2" duration="00:00:01.3360000" startTime="2025-05-14T13:20:31.3146610Z" endTime="2025-05-14T13:25:31.3147553Z" testType="13cdc9d9-ddb5-4fa4-a97d-d965ccfc6d4b" outcome="Passed" testListId="3ef4ff14-1d6f-4280-b9f9-1a5442425e86" />
    <UnitTestResult executionId="f36c296a-1c93-459a-a743-de0adf9d97fd" testId="9d60672b-8b4b-49c1-8744-85b145e7f58b" testName="Test5869" computerName="UA-LPT-OGA2" duration="00:00:01.7530000" startTime="2025-05-14T13:20:31.3146610Z" endTime="2025-05-14T13:25:31.3147553Z" testType="13cdc9d9-ddb5-4fa4-a97d-d965ccfc6d4b" outcome="Failed" testListId="3ef4ff14-1d6f-4280-b9f9-1a5442425e86">
      <Output>
        <ErrorInfo>
          <Message>Assertion failed: Expected value did not match actual value.</Message>
          <StackTrace>   at TestNamespace.TestClass.Test() in TestClass.cs:line 167</StackTrace>
        </ErrorInfo>
      </Output>
    </UnitTestResult>
    <UnitTestResult executionId="40e2008c-6af1-49fc-a23d-23153237cc9f" testId="50fb61d3-bab5-4379-b3c2-2502527b7e4e" testName="Test5870" computerName="UA-LPT-OGA2" duration="00:00:00.9950000" startTime="2025-05-14T13:20:31.3146610Z" endTime="2025-05-14T13:25:31.3147553Z" testType="13cdc9d9-ddb5-4fa4-a97d-d965ccfc6d4b" outcome="Failed" testListId="3ef4ff14-1d6f-4280-b9f9-1a5442425e86">
      <Output>
        <ErrorInfo>
          <Message>Assertion failed: Expected value did not match actual value.</Message>
          <StackTrace>   at TestNamespace.TestClass.Test() in TestClass.cs:line 458</StackTrace>
        </ErrorInfo>
      </Output>
    </UnitTestResult>
    <UnitTestResult executionId="4ab728d8-cd91-4dda-b3af-266a864647c1" testId="0969193b-89f3-4c38-b34c-c6bde68c5d43" testName="Test5871" computerName="UA-LPT-OGA2" duration="00:00:00.6070000" startTime="2025-05-14T13:20:31.3146610Z" endTime="2025-05-14T13:25:31.3147553Z" testType="13cdc9d9-ddb5-4fa4-a97d-d965ccfc6d4b" outcome="Passed" testListId="3ef4ff14-1d6f-4280-b9f9-1a5442425e86" />
    <UnitTestResult executionId="5e08c8b3-45fe-44b1-b715-a240b6408988" testId="64f2d143-a7c9-481f-9480-c55fde873b94" testName="Test5872" computerName="UA-LPT-OGA2" duration="00:00:00.9810000" startTime="2025-05-14T13:20:31.3146610Z" endTime="2025-05-14T13:25:31.3147553Z" testType="13cdc9d9-ddb5-4fa4-a97d-d965ccfc6d4b" outcome="Passed" testListId="3ef4ff14-1d6f-4280-b9f9-1a5442425e86" />
    <UnitTestResult executionId="9d396b92-a371-4443-9349-71d77e444138" testId="ee43c715-02a0-4977-baff-3c2b784758f9" testName="Test5873" computerName="UA-LPT-OGA2" duration="00:00:01.8200000" startTime="2025-05-14T13:20:31.3146610Z" endTime="2025-05-14T13:25:31.3147553Z" testType="13cdc9d9-ddb5-4fa4-a97d-d965ccfc6d4b" outcome="Passed" testListId="3ef4ff14-1d6f-4280-b9f9-1a5442425e86" />
    <UnitTestResult executionId="cc6cefbe-f9e0-4fec-ae75-ffe187592c27" testId="d59e955f-9874-4994-b150-6b08887f91d6" testName="Test5874" computerName="UA-LPT-OGA2" duration="00:00:00.7840000" startTime="2025-05-14T13:20:31.3146610Z" endTime="2025-05-14T13:25:31.3147553Z" testType="13cdc9d9-ddb5-4fa4-a97d-d965ccfc6d4b" outcome="Passed" testListId="3ef4ff14-1d6f-4280-b9f9-1a5442425e86" />
    <UnitTestResult executionId="6c64dd4f-498c-43e5-ad60-a67ce6ea1c5b" testId="1fe5ebc3-ee67-408e-921b-ccb25f2be6b1" testName="Test5875" computerName="UA-LPT-OGA2" duration="00:00:01.6650000" startTime="2025-05-14T13:20:31.3146610Z" endTime="2025-05-14T13:25:31.3147553Z" testType="13cdc9d9-ddb5-4fa4-a97d-d965ccfc6d4b" outcome="Failed" testListId="3ef4ff14-1d6f-4280-b9f9-1a5442425e86">
      <Output>
        <ErrorInfo>
          <Message>Assertion failed: Expected value did not match actual value.</Message>
          <StackTrace>   at TestNamespace.TestClass.Test() in TestClass.cs:line 274</StackTrace>
        </ErrorInfo>
      </Output>
    </UnitTestResult>
    <UnitTestResult executionId="95129433-351a-4e55-bc56-7b07af4a6461" testId="ed6fdf7c-44f8-4157-90a1-637d25d30ab1" testName="Test5876" computerName="UA-LPT-OGA2" duration="00:00:01.8250000" startTime="2025-05-14T13:20:31.3146610Z" endTime="2025-05-14T13:25:31.3147553Z" testType="13cdc9d9-ddb5-4fa4-a97d-d965ccfc6d4b" outcome="Passed" testListId="3ef4ff14-1d6f-4280-b9f9-1a5442425e86" />
    <UnitTestResult executionId="71369ad3-a91d-480c-b8b6-06459ce117ad" testId="ef97f790-9acc-42a2-a3de-e75bedd4b4b4" testName="Test5877" computerName="UA-LPT-OGA2" duration="00:00:00.9670000" startTime="2025-05-14T13:20:31.3146610Z" endTime="2025-05-14T13:25:31.3147553Z" testType="13cdc9d9-ddb5-4fa4-a97d-d965ccfc6d4b" outcome="Passed" testListId="3ef4ff14-1d6f-4280-b9f9-1a5442425e86" />
    <UnitTestResult executionId="4cbbb916-689f-47d2-9e52-20a4b424e0ec" testId="75a975f4-b152-4d5e-9345-4f7b8205c76c" testName="Test5878" computerName="UA-LPT-OGA2" duration="00:00:01.4060000" startTime="2025-05-14T13:20:31.3146610Z" endTime="2025-05-14T13:25:31.3147553Z" testType="13cdc9d9-ddb5-4fa4-a97d-d965ccfc6d4b" outcome="Passed" testListId="3ef4ff14-1d6f-4280-b9f9-1a5442425e86" />
    <UnitTestResult executionId="b46437b4-bc54-47ca-9fcc-6f7df3d147e5" testId="aa1fc2b3-1632-48dc-a9f3-59e3161d41c4" testName="Test5879" computerName="UA-LPT-OGA2" duration="00:00:01.6820000" startTime="2025-05-14T13:20:31.3146610Z" endTime="2025-05-14T13:25:31.3147553Z" testType="13cdc9d9-ddb5-4fa4-a97d-d965ccfc6d4b" outcome="Passed" testListId="3ef4ff14-1d6f-4280-b9f9-1a5442425e86" />
    <UnitTestResult executionId="e6ed6dac-f2f3-4451-a233-1a61490f2073" testId="0fa6c7df-e07e-408a-b599-f647124da6e1" testName="Test5880" computerName="UA-LPT-OGA2" duration="00:00:01.7050000" startTime="2025-05-14T13:20:31.3146610Z" endTime="2025-05-14T13:25:31.3147553Z" testType="13cdc9d9-ddb5-4fa4-a97d-d965ccfc6d4b" outcome="Passed" testListId="3ef4ff14-1d6f-4280-b9f9-1a5442425e86" />
    <UnitTestResult executionId="cd44a262-8a1b-4283-beb3-33ba01aa7845" testId="6ed63309-3a48-423a-9dd1-6b6b21144907" testName="Test5881" computerName="UA-LPT-OGA2" duration="00:00:00.3560000" startTime="2025-05-14T13:20:31.3146610Z" endTime="2025-05-14T13:25:31.3147553Z" testType="13cdc9d9-ddb5-4fa4-a97d-d965ccfc6d4b" outcome="Failed" testListId="3ef4ff14-1d6f-4280-b9f9-1a5442425e86">
      <Output>
        <ErrorInfo>
          <Message>Assertion failed: Expected value did not match actual value.</Message>
          <StackTrace>   at TestNamespace.TestClass.Test() in TestClass.cs:line 142</StackTrace>
        </ErrorInfo>
      </Output>
    </UnitTestResult>
    <UnitTestResult executionId="d2ac2474-f93c-46f9-8271-597bb9e7145c" testId="946b15aa-bf37-4c59-bab9-3b550357d77a" testName="Test5882" computerName="UA-LPT-OGA2" duration="00:00:01.2880000" startTime="2025-05-14T13:20:31.3146610Z" endTime="2025-05-14T13:25:31.3147553Z" testType="13cdc9d9-ddb5-4fa4-a97d-d965ccfc6d4b" outcome="Passed" testListId="3ef4ff14-1d6f-4280-b9f9-1a5442425e86" />
    <UnitTestResult executionId="e8b59156-9435-43a7-a2d2-d5e4976ac23c" testId="63b24325-fee8-4746-a245-808ed331cb39" testName="Test5883" computerName="UA-LPT-OGA2" duration="00:00:01.4110000" startTime="2025-05-14T13:20:31.3146610Z" endTime="2025-05-14T13:25:31.3147553Z" testType="13cdc9d9-ddb5-4fa4-a97d-d965ccfc6d4b" outcome="Passed" testListId="3ef4ff14-1d6f-4280-b9f9-1a5442425e86" />
    <UnitTestResult executionId="787e0e17-581c-4260-8eb6-fc19b7522a97" testId="d9c09c97-f319-417b-9fe5-0ab012220239" testName="Test5884" computerName="UA-LPT-OGA2" duration="00:00:01.9920000" startTime="2025-05-14T13:20:31.3146610Z" endTime="2025-05-14T13:25:31.3147553Z" testType="13cdc9d9-ddb5-4fa4-a97d-d965ccfc6d4b" outcome="Passed" testListId="3ef4ff14-1d6f-4280-b9f9-1a5442425e86" />
    <UnitTestResult executionId="bd9685e4-d621-4053-99e4-f9b00d411d42" testId="4d5ff5e7-86a8-41c6-b8e9-03474c54b0f3" testName="Test5885" computerName="UA-LPT-OGA2" duration="00:00:01.3780000" startTime="2025-05-14T13:20:31.3146610Z" endTime="2025-05-14T13:25:31.3147553Z" testType="13cdc9d9-ddb5-4fa4-a97d-d965ccfc6d4b" outcome="Passed" testListId="3ef4ff14-1d6f-4280-b9f9-1a5442425e86" />
    <UnitTestResult executionId="a6ac24c7-12ab-47de-8c01-334f8c0eedb5" testId="09000a1b-173e-4b92-b25d-c9042b3ef265" testName="Test5886" computerName="UA-LPT-OGA2" duration="00:00:00.0740000" startTime="2025-05-14T13:20:31.3146610Z" endTime="2025-05-14T13:25:31.3147553Z" testType="13cdc9d9-ddb5-4fa4-a97d-d965ccfc6d4b" outcome="Passed" testListId="3ef4ff14-1d6f-4280-b9f9-1a5442425e86" />
    <UnitTestResult executionId="f2a589ac-3cdd-4ecc-96e3-21fb4e430c24" testId="f145647a-ab71-48f3-ad11-36c32992df84" testName="Test5887" computerName="UA-LPT-OGA2" duration="00:00:01.0060000" startTime="2025-05-14T13:20:31.3146610Z" endTime="2025-05-14T13:25:31.3147553Z" testType="13cdc9d9-ddb5-4fa4-a97d-d965ccfc6d4b" outcome="Failed" testListId="3ef4ff14-1d6f-4280-b9f9-1a5442425e86">
      <Output>
        <ErrorInfo>
          <Message>Assertion failed: Expected value did not match actual value.</Message>
          <StackTrace>   at TestNamespace.TestClass.Test() in TestClass.cs:line 143</StackTrace>
        </ErrorInfo>
      </Output>
    </UnitTestResult>
    <UnitTestResult executionId="2e525682-6a0b-48ab-b2d5-b03f7060be68" testId="82b2e55e-c28e-4b8a-8d3f-78579d2af055" testName="Test5888" computerName="UA-LPT-OGA2" duration="00:00:00.9980000" startTime="2025-05-14T13:20:31.3146610Z" endTime="2025-05-14T13:25:31.3147553Z" testType="13cdc9d9-ddb5-4fa4-a97d-d965ccfc6d4b" outcome="Passed" testListId="3ef4ff14-1d6f-4280-b9f9-1a5442425e86" />
    <UnitTestResult executionId="9dfd6765-b6d4-4d98-8c14-44254fef2ec4" testId="2b813275-7194-4000-85d1-8c391060cfc3" testName="Test5889" computerName="UA-LPT-OGA2" duration="00:00:01.2730000" startTime="2025-05-14T13:20:31.3146610Z" endTime="2025-05-14T13:25:31.3147553Z" testType="13cdc9d9-ddb5-4fa4-a97d-d965ccfc6d4b" outcome="Passed" testListId="3ef4ff14-1d6f-4280-b9f9-1a5442425e86" />
    <UnitTestResult executionId="af945a68-76de-455d-9474-a712dccab3d0" testId="0d1fb973-a8e5-4364-9105-eee15a7dbb95" testName="Test5890" computerName="UA-LPT-OGA2" duration="00:00:00.7040000" startTime="2025-05-14T13:20:31.3146610Z" endTime="2025-05-14T13:25:31.3147553Z" testType="13cdc9d9-ddb5-4fa4-a97d-d965ccfc6d4b" outcome="Passed" testListId="3ef4ff14-1d6f-4280-b9f9-1a5442425e86" />
    <UnitTestResult executionId="f0d5e49f-8c71-4756-9782-48ed7ab2b444" testId="4fbea24c-08c1-4eae-b325-883fe922b9e9" testName="Test5891" computerName="UA-LPT-OGA2" duration="00:00:01.5200000" startTime="2025-05-14T13:20:31.3146610Z" endTime="2025-05-14T13:25:31.3147553Z" testType="13cdc9d9-ddb5-4fa4-a97d-d965ccfc6d4b" outcome="Passed" testListId="3ef4ff14-1d6f-4280-b9f9-1a5442425e86" />
    <UnitTestResult executionId="4075983e-d729-443e-a11a-148e8f9bdf7f" testId="ce4d3099-e303-4528-821c-9b4fe7974857" testName="Test5892" computerName="UA-LPT-OGA2" duration="00:00:00.0560000" startTime="2025-05-14T13:20:31.3146610Z" endTime="2025-05-14T13:25:31.3147553Z" testType="13cdc9d9-ddb5-4fa4-a97d-d965ccfc6d4b" outcome="Passed" testListId="3ef4ff14-1d6f-4280-b9f9-1a5442425e86" />
    <UnitTestResult executionId="45df976f-2626-47db-a9b9-6d4900a17469" testId="582731c5-c7df-479e-8827-ee6513888c77" testName="Test5893" computerName="UA-LPT-OGA2" duration="00:00:01.4390000" startTime="2025-05-14T13:20:31.3146610Z" endTime="2025-05-14T13:25:31.3147553Z" testType="13cdc9d9-ddb5-4fa4-a97d-d965ccfc6d4b" outcome="Passed" testListId="3ef4ff14-1d6f-4280-b9f9-1a5442425e86" />
    <UnitTestResult executionId="0691eda3-3cb9-4e95-8b6e-aa0263b8e300" testId="290f81fd-36ee-4822-9ab6-65c6aadebdcd" testName="Test5894" computerName="UA-LPT-OGA2" duration="00:00:01.0380000" startTime="2025-05-14T13:20:31.3146610Z" endTime="2025-05-14T13:25:31.3147553Z" testType="13cdc9d9-ddb5-4fa4-a97d-d965ccfc6d4b" outcome="Passed" testListId="3ef4ff14-1d6f-4280-b9f9-1a5442425e86" />
    <UnitTestResult executionId="41ffcfe0-fd0f-4689-8467-67ab9e30ea85" testId="4bcef03e-920e-4358-aebb-3c507af54723" testName="Test5895" computerName="UA-LPT-OGA2" duration="00:00:01.9830000" startTime="2025-05-14T13:20:31.3146610Z" endTime="2025-05-14T13:25:31.3147553Z" testType="13cdc9d9-ddb5-4fa4-a97d-d965ccfc6d4b" outcome="Passed" testListId="3ef4ff14-1d6f-4280-b9f9-1a5442425e86" />
    <UnitTestResult executionId="bf891688-982b-40a2-8f09-b9c268bfce4a" testId="d284ac2f-f9cb-439c-a07c-28e4d1f22fb0" testName="Test5896" computerName="UA-LPT-OGA2" duration="00:00:01.7450000" startTime="2025-05-14T13:20:31.3146610Z" endTime="2025-05-14T13:25:31.3147553Z" testType="13cdc9d9-ddb5-4fa4-a97d-d965ccfc6d4b" outcome="Passed" testListId="3ef4ff14-1d6f-4280-b9f9-1a5442425e86" />
    <UnitTestResult executionId="266b1e32-b60a-4958-9161-3f41128b8c26" testId="26b40f7c-b39b-4a37-912c-a08917a0bd0f" testName="Test5897" computerName="UA-LPT-OGA2" duration="00:00:01.6170000" startTime="2025-05-14T13:20:31.3146610Z" endTime="2025-05-14T13:25:31.3147553Z" testType="13cdc9d9-ddb5-4fa4-a97d-d965ccfc6d4b" outcome="Passed" testListId="3ef4ff14-1d6f-4280-b9f9-1a5442425e86" />
    <UnitTestResult executionId="0710eb38-6f0e-437d-abd7-a8e939ac6935" testId="b8757567-7be3-41c5-9bbb-5cae2e7d654f" testName="Test5898" computerName="UA-LPT-OGA2" duration="00:00:01.5660000" startTime="2025-05-14T13:20:31.3146610Z" endTime="2025-05-14T13:25:31.3147553Z" testType="13cdc9d9-ddb5-4fa4-a97d-d965ccfc6d4b" outcome="Passed" testListId="3ef4ff14-1d6f-4280-b9f9-1a5442425e86" />
    <UnitTestResult executionId="4215e17d-638d-4d4e-a282-6be67ab8d0b7" testId="4deb3b3e-38b1-40e4-912d-235e5a691ba0" testName="Test5899" computerName="UA-LPT-OGA2" duration="00:00:00.7610000" startTime="2025-05-14T13:20:31.3146610Z" endTime="2025-05-14T13:25:31.3147553Z" testType="13cdc9d9-ddb5-4fa4-a97d-d965ccfc6d4b" outcome="Passed" testListId="3ef4ff14-1d6f-4280-b9f9-1a5442425e86" />
    <UnitTestResult executionId="e7d1ee38-728b-4963-a246-1fa0ad9d774e" testId="4f939439-7067-4538-84f1-350b0f3101c0" testName="Test5900" computerName="UA-LPT-OGA2" duration="00:00:01.7000000" startTime="2025-05-14T13:20:31.3146610Z" endTime="2025-05-14T13:25:31.3147553Z" testType="13cdc9d9-ddb5-4fa4-a97d-d965ccfc6d4b" outcome="Passed" testListId="3ef4ff14-1d6f-4280-b9f9-1a5442425e86" />
  </Results>
  <TestDefinitions>
    <UnitTest name="Test5801" id="045ced90-7526-442e-a420-71c718acc906" storage="TestAssembly.dll">
      <Execution id="56d9c7b4-1e3a-4912-8f46-04fa05a5e185" />
      <TestMethod codeBase="TestAssembly.dll" className="TestNamespace.TestClass1" name="Test5801" />
    </UnitTest>
    <UnitTest name="Test5802" id="76c11c8e-3bce-49e7-baa8-1deb010a93a4" storage="TestAssembly.dll">
      <Execution id="d51dc498-74a8-4176-83aa-d737681d5d8c" />
      <TestMethod codeBase="TestAssembly.dll" className="TestNamespace.TestClass1" name="Test5802" />
    </UnitTest>
    <UnitTest name="Test5803" id="156ea08d-db44-448a-96e4-404eb72dcaa7" storage="TestAssembly.dll">
      <Execution id="dc3c48dd-e1e8-47ac-b027-cc912ac37340" />
      <TestMethod codeBase="TestAssembly.dll" className="TestNamespace.TestClass1" name="Test5803" />
    </UnitTest>
    <UnitTest name="Test5804" id="5e32814c-cb34-41d0-ab3a-937ced9227eb" storage="TestAssembly.dll">
      <Execution id="0f74d238-caea-4443-9ccd-7cea2212e05e" />
      <TestMethod codeBase="TestAssembly.dll" className="TestNamespace.TestClass1" name="Test5804" />
    </UnitTest>
    <UnitTest name="Test5805" id="1d6d5342-a94d-4acd-8f38-d09571543bd0" storage="TestAssembly.dll">
      <Execution id="d6ae3e6c-312e-4520-b9b5-bb953ccee8f4" />
      <TestMethod codeBase="TestAssembly.dll" className="TestNamespace.TestClass1" name="Test5805" />
    </UnitTest>
    <UnitTest name="Test5806" id="7f1270a9-cae1-4822-a601-a9f79d6f1943" storage="TestAssembly.dll">
      <Execution id="2d966afd-79f2-49f6-a0a1-16a751b1d4d4" />
      <TestMethod codeBase="TestAssembly.dll" className="TestNamespace.TestClass1" name="Test5806" />
    </UnitTest>
    <UnitTest name="Test5807" id="580cb8bd-9e72-4a4d-acae-06760976a8e0" storage="TestAssembly.dll">
      <Execution id="04756d83-fac4-4c16-b00f-0b7f44bf6eda" />
      <TestMethod codeBase="TestAssembly.dll" className="TestNamespace.TestClass1" name="Test5807" />
    </UnitTest>
    <UnitTest name="Test5808" id="69d82fb8-9b76-47d6-8fa9-70c0110faf22" storage="TestAssembly.dll">
      <Execution id="f0c02850-be80-4690-8620-dc5de30e4a8d" />
      <TestMethod codeBase="TestAssembly.dll" className="TestNamespace.TestClass1" name="Test5808" />
    </UnitTest>
    <UnitTest name="Test5809" id="561b9a68-fb3b-4ec7-8a63-2a76c3cf4c0c" storage="TestAssembly.dll">
      <Execution id="3abc1faa-b733-4782-b1a4-503742691a3a" />
      <TestMethod codeBase="TestAssembly.dll" className="TestNamespace.TestClass1" name="Test5809" />
    </UnitTest>
    <UnitTest name="Test5810" id="2b7f20c2-09fb-484d-b9ca-d142d2bbec7c" storage="TestAssembly.dll">
      <Execution id="f19e2571-9721-4d81-be62-6318d453f39c" />
      <TestMethod codeBase="TestAssembly.dll" className="TestNamespace.TestClass1" name="Test5810" />
    </UnitTest>
    <UnitTest name="Test5811" id="e1405abe-feb6-44fe-836c-68133f2192ba" storage="TestAssembly.dll">
      <Execution id="9001d700-322b-4499-97c3-df9b06c439e3" />
      <TestMethod codeBase="TestAssembly.dll" className="TestNamespace.TestClass2" name="Test5811" />
    </UnitTest>
    <UnitTest name="Test5812" id="47b85789-f095-41d1-ba1c-18a58ffc7e8a" storage="TestAssembly.dll">
      <Execution id="6cbb23b9-f74f-4776-8b6b-c4d7b9f4ff31" />
      <TestMethod codeBase="TestAssembly.dll" className="TestNamespace.TestClass2" name="Test5812" />
    </UnitTest>
    <UnitTest name="Test5813" id="98005c05-181d-4f27-bccc-e046ac81b5e6" storage="TestAssembly.dll">
      <Execution id="686ca1ea-8854-4a89-82d5-cc7d25f95318" />
      <TestMethod codeBase="TestAssembly.dll" className="TestNamespace.TestClass2" name="Test5813" />
    </UnitTest>
    <UnitTest name="Test5814" id="a96c0833-8ffa-43c9-ab25-418c465ec6a7" storage="TestAssembly.dll">
      <Execution id="6a7b6abf-085b-4a56-b6a6-1a4193405065" />
      <TestMethod codeBase="TestAssembly.dll" className="TestNamespace.TestClass2" name="Test5814" />
    </UnitTest>
    <UnitTest name="Test5815" id="f1e49189-675e-473d-a8ef-a622679874d0" storage="TestAssembly.dll">
      <Execution id="67ffd2cd-ac81-48e1-b4fd-66c0eb565778" />
      <TestMethod codeBase="TestAssembly.dll" className="TestNamespace.TestClass2" name="Test5815" />
    </UnitTest>
    <UnitTest name="Test5816" id="6b1677ba-1d66-426b-833a-056c1cc57952" storage="TestAssembly.dll">
      <Execution id="f3b11330-3ea6-4301-ad7b-1ace2dda3ece" />
      <TestMethod codeBase="TestAssembly.dll" className="TestNamespace.TestClass2" name="Test5816" />
    </UnitTest>
    <UnitTest name="Test5817" id="c5a7279f-7a67-4e3d-ba88-6d4ecf8e44cb" storage="TestAssembly.dll">
      <Execution id="a3417980-c88b-4098-97be-116596b2c02f" />
      <TestMethod codeBase="TestAssembly.dll" className="TestNamespace.TestClass2" name="Test5817" />
    </UnitTest>
    <UnitTest name="Test5818" id="c3f7c6ce-1234-4288-ae29-c1b42fa0dc29" storage="TestAssembly.dll">
      <Execution id="fac4c05a-d053-4ec0-aa35-6013b38d8187" />
      <TestMethod codeBase="TestAssembly.dll" className="TestNamespace.TestClass2" name="Test5818" />
    </UnitTest>
    <UnitTest name="Test5819" id="d4004af0-b240-44f3-b518-ecb514659358" storage="TestAssembly.dll">
      <Execution id="c1c43484-ce50-4337-a290-4d12d6bf8db5" />
      <TestMethod codeBase="TestAssembly.dll" className="TestNamespace.TestClass2" name="Test5819" />
    </UnitTest>
    <UnitTest name="Test5820" id="a28f6309-88f5-4725-8468-6429f9145e58" storage="TestAssembly.dll">
      <Execution id="7553b893-a897-47a6-a784-9f9ab62bbd13" />
      <TestMethod codeBase="TestAssembly.dll" className="TestNamespace.TestClass2" name="Test5820" />
    </UnitTest>
    <UnitTest name="Test5821" id="83bcb6ac-3e64-4b74-8e40-3c0f1a82436f" storage="TestAssembly.dll">
      <Execution id="1738e994-de6a-4fe2-8d0a-6965eb3d7cd8" />
      <TestMethod codeBase="TestAssembly.dll" className="TestNamespace.TestClass3" name="Test5821" />
    </UnitTest>
    <UnitTest name="Test5822" id="0ef73f59-2ee5-45c1-ba4a-359398bd65ae" storage="TestAssembly.dll">
      <Execution id="d5c4609c-9cf8-4d3b-a561-6e5203053dbc" />
      <TestMethod codeBase="TestAssembly.dll" className="TestNamespace.TestClass3" name="Test5822" />
    </UnitTest>
    <UnitTest name="Test5823" id="d48d2741-9367-4b1a-be09-af83a81bd90d" storage="TestAssembly.dll">
      <Execution id="16a6d3ca-4175-4898-99c4-0601d52b11b4" />
      <TestMethod codeBase="TestAssembly.dll" className="TestNamespace.TestClass3" name="Test5823" />
    </UnitTest>
    <UnitTest name="Test5824" id="c9807099-8dee-45eb-98f9-4813d33d49d8" storage="TestAssembly.dll">
      <Execution id="3300f0a1-de90-4d23-980a-3769484b988d" />
      <TestMethod codeBase="TestAssembly.dll" className="TestNamespace.TestClass3" name="Test5824" />
    </UnitTest>
    <UnitTest name="Test5825" id="c465bdff-6c66-4c7b-918f-e8dcc5b2cad0" storage="TestAssembly.dll">
      <Execution id="ca66646f-5b42-471c-a29c-69c27d78d9e0" />
      <TestMethod codeBase="TestAssembly.dll" className="TestNamespace.TestClass3" name="Test5825" />
    </UnitTest>
    <UnitTest name="Test5826" id="10c49034-448e-43e6-99f5-3a9ceffd995d" storage="TestAssembly.dll">
      <Execution id="c6910998-8440-4772-ac57-8116c2de76a9" />
      <TestMethod codeBase="TestAssembly.dll" className="TestNamespace.TestClass3" name="Test5826" />
    </UnitTest>
    <UnitTest name="Test5827" id="d291f6e5-4a25-4132-b522-ba497cc6f6cc" storage="TestAssembly.dll">
      <Execution id="92c586a5-9244-4932-bb9f-bd1127378631" />
      <TestMethod codeBase="TestAssembly.dll" className="TestNamespace.TestClass3" name="Test5827" />
    </UnitTest>
    <UnitTest name="Test5828" id="8d396c83-6054-4434-9e51-bb62b9f6b921" storage="TestAssembly.dll">
      <Execution id="7e00f5c0-0148-473f-9f3b-46891fcd637a" />
      <TestMethod codeBase="TestAssembly.dll" className="TestNamespace.TestClass3" name="Test5828" />
    </UnitTest>
    <UnitTest name="Test5829" id="f94f7584-0937-400a-ad9f-353fcc95aa09" storage="TestAssembly.dll">
      <Execution id="1f0430f6-b331-4232-88db-bbc5bf9e09cd" />
      <TestMethod codeBase="TestAssembly.dll" className="TestNamespace.TestClass3" name="Test5829" />
    </UnitTest>
    <UnitTest name="Test5830" id="04ed5b3d-d1be-438a-bc7b-4b3c1a632a7e" storage="TestAssembly.dll">
      <Execution id="01f981b7-09dd-4308-95b2-5cdb487ed96d" />
      <TestMethod codeBase="TestAssembly.dll" className="TestNamespace.TestClass3" name="Test5830" />
    </UnitTest>
    <UnitTest name="Test5831" id="198c3714-ca4b-46b1-8660-dd600f0e476d" storage="TestAssembly.dll">
      <Execution id="61493cf8-815f-47a3-9189-18649068e341" />
      <TestMethod codeBase="TestAssembly.dll" className="TestNamespace.TestClass4" name="Test5831" />
    </UnitTest>
    <UnitTest name="Test5832" id="533177de-ce2d-4855-916a-b3ad5f669873" storage="TestAssembly.dll">
      <Execution id="08d215f2-ce6f-4e7d-bc7f-894a71dc0ecd" />
      <TestMethod codeBase="TestAssembly.dll" className="TestNamespace.TestClass4" name="Test5832" />
    </UnitTest>
    <UnitTest name="Test5833" id="34d61fc0-2b8f-40ee-9711-24391bab92b6" storage="TestAssembly.dll">
      <Execution id="5f6c35ea-a8b8-40cf-832a-f7574c06c717" />
      <TestMethod codeBase="TestAssembly.dll" className="TestNamespace.TestClass4" name="Test5833" />
    </UnitTest>
    <UnitTest name="Test5834" id="9f8b3bc6-ae99-43f9-be11-0ec534e193d6" storage="TestAssembly.dll">
      <Execution id="acecd08a-2e03-451d-8342-8088bae4ccac" />
      <TestMethod codeBase="TestAssembly.dll" className="TestNamespace.TestClass4" name="Test5834" />
    </UnitTest>
    <UnitTest name="Test5835" id="5d9d0f6e-0902-4b06-a7bd-61f88a0f47e0" storage="TestAssembly.dll">
      <Execution id="2c3c9843-505a-473e-bae6-bb8be2432a9e" />
      <TestMethod codeBase="TestAssembly.dll" className="TestNamespace.TestClass4" name="Test5835" />
    </UnitTest>
    <UnitTest name="Test5836" id="e5919ed1-4f09-405f-8c4c-f79728a56934" storage="TestAssembly.dll">
      <Execution id="61ae4135-ac5a-4c32-aad6-565768a63ea1" />
      <TestMethod codeBase="TestAssembly.dll" className="TestNamespace.TestClass4" name="Test5836" />
    </UnitTest>
    <UnitTest name="Test5837" id="77e9412b-b1f7-438e-99b8-1c3b4e906538" storage="TestAssembly.dll">
      <Execution id="5d89ae0b-9a52-46f6-aefe-44df8c19a6a2" />
      <TestMethod codeBase="TestAssembly.dll" className="TestNamespace.TestClass4" name="Test5837" />
    </UnitTest>
    <UnitTest name="Test5838" id="5b7e0b02-899d-4595-b75e-7e2b7b5e7e2f" storage="TestAssembly.dll">
      <Execution id="2acf01ad-8b53-4f85-ad36-7542a99ebec6" />
      <TestMethod codeBase="TestAssembly.dll" className="TestNamespace.TestClass4" name="Test5838" />
    </UnitTest>
    <UnitTest name="Test5839" id="15d52bd0-ab4f-4542-816a-0d3dd077e6b6" storage="TestAssembly.dll">
      <Execution id="18ca26c8-0cc5-4c28-9536-c6c24cea5f37" />
      <TestMethod codeBase="TestAssembly.dll" className="TestNamespace.TestClass4" name="Test5839" />
    </UnitTest>
    <UnitTest name="Test5840" id="f064492a-2c96-4147-b821-f0738b6efbcf" storage="TestAssembly.dll">
      <Execution id="415bc695-bbc4-4477-819b-213a9e059e20" />
      <TestMethod codeBase="TestAssembly.dll" className="TestNamespace.TestClass4" name="Test5840" />
    </UnitTest>
    <UnitTest name="Test5841" id="2756c872-9de4-475c-9f5b-428cb252634c" storage="TestAssembly.dll">
      <Execution id="2438ff66-b9f0-47e5-bf04-82ba0ca30084" />
      <TestMethod codeBase="TestAssembly.dll" className="TestNamespace.TestClass5" name="Test5841" />
    </UnitTest>
    <UnitTest name="Test5842" id="85300abd-7c6d-4220-b82b-17db89e64e58" storage="TestAssembly.dll">
      <Execution id="c4da24a1-2b68-438e-b461-0d3a7656619b" />
      <TestMethod codeBase="TestAssembly.dll" className="TestNamespace.TestClass5" name="Test5842" />
    </UnitTest>
    <UnitTest name="Test5843" id="8db665e2-f699-442f-a498-12d3e0d6baf1" storage="TestAssembly.dll">
      <Execution id="db8f616f-4bcc-4a03-a8de-8c57c8fba8cc" />
      <TestMethod codeBase="TestAssembly.dll" className="TestNamespace.TestClass5" name="Test5843" />
    </UnitTest>
    <UnitTest name="Test5844" id="a55a3157-b022-4036-95db-45e474166cdb" storage="TestAssembly.dll">
      <Execution id="5df6dea1-be1d-47f0-84cd-0b14815edc7e" />
      <TestMethod codeBase="TestAssembly.dll" className="TestNamespace.TestClass5" name="Test5844" />
    </UnitTest>
    <UnitTest name="Test5845" id="2647dd16-dae2-45bd-8a42-cb07d4488660" storage="TestAssembly.dll">
      <Execution id="9335c6e1-0cce-40f1-a9bf-ca28d25edbd7" />
      <TestMethod codeBase="TestAssembly.dll" className="TestNamespace.TestClass5" name="Test5845" />
    </UnitTest>
    <UnitTest name="Test5846" id="22294cb3-0a63-4575-8bfb-2667544cb375" storage="TestAssembly.dll">
      <Execution id="4052beae-74f2-4030-92ec-f8616f4cacfc" />
      <TestMethod codeBase="TestAssembly.dll" className="TestNamespace.TestClass5" name="Test5846" />
    </UnitTest>
    <UnitTest name="Test5847" id="b11f37db-2768-4a2b-89c5-36cd6bd59ca8" storage="TestAssembly.dll">
      <Execution id="fe6cd939-65c6-4b7d-9ef4-46429da1de2b" />
      <TestMethod codeBase="TestAssembly.dll" className="TestNamespace.TestClass5" name="Test5847" />
    </UnitTest>
    <UnitTest name="Test5848" id="a9fed7ae-18f9-4fd5-a645-ef8291987ea3" storage="TestAssembly.dll">
      <Execution id="b761c62c-cc5b-4cfc-9f78-e2c349d4bd7e" />
      <TestMethod codeBase="TestAssembly.dll" className="TestNamespace.TestClass5" name="Test5848" />
    </UnitTest>
    <UnitTest name="Test5849" id="43b3a1c4-18f5-4b51-b140-4d6f8eae0585" storage="TestAssembly.dll">
      <Execution id="452d86fa-6ee6-4e02-82c8-9224ea15af91" />
      <TestMethod codeBase="TestAssembly.dll" className="TestNamespace.TestClass5" name="Test5849" />
    </UnitTest>
    <UnitTest name="Test5850" id="b96588a1-a1f6-4d61-b902-8cf25ced6aa7" storage="TestAssembly.dll">
      <Execution id="a882413e-106a-4ea4-b76b-f38b926b3d9b" />
      <TestMethod codeBase="TestAssembly.dll" className="TestNamespace.TestClass5" name="Test5850" />
    </UnitTest>
    <UnitTest name="Test5851" id="fac0e74d-e3f9-4281-946c-4d525a13ad60" storage="TestAssembly.dll">
      <Execution id="676d4c7f-6a9f-4da2-b71b-c72aa405ad2d" />
      <TestMethod codeBase="TestAssembly.dll" className="TestNamespace.TestClass6" name="Test5851" />
    </UnitTest>
    <UnitTest name="Test5852" id="1fc94eef-73ab-4c03-a4dc-54d2c88fe1d1" storage="TestAssembly.dll">
      <Execution id="835f7e6c-2617-4e59-8377-15faf1382a95" />
      <TestMethod codeBase="TestAssembly.dll" className="TestNamespace.TestClass6" name="Test5852" />
    </UnitTest>
    <UnitTest name="Test5853" id="aa72f230-8e07-4af1-9a99-43a87a89ded7" storage="TestAssembly.dll">
      <Execution id="1349dfb5-9ac7-4c22-ac1e-fc91cbfd38af" />
      <TestMethod codeBase="TestAssembly.dll" className="TestNamespace.TestClass6" name="Test5853" />
    </UnitTest>
    <UnitTest name="Test5854" id="7d2efad4-79d1-4b27-90f4-346a359f89c9" storage="TestAssembly.dll">
      <Execution id="26fd9217-c16b-49c2-8354-ed80871741d3" />
      <TestMethod codeBase="TestAssembly.dll" className="TestNamespace.TestClass6" name="Test5854" />
    </UnitTest>
    <UnitTest name="Test5855" id="740c36d8-d61e-4442-aadc-647fd22b7cd0" storage="TestAssembly.dll">
      <Execution id="5ad78716-2b8f-403b-8578-0bfe7d741458" />
      <TestMethod codeBase="TestAssembly.dll" className="TestNamespace.TestClass6" name="Test5855" />
    </UnitTest>
    <UnitTest name="Test5856" id="1785eec0-8a38-461f-98f7-10a65d1f6eff" storage="TestAssembly.dll">
      <Execution id="0aa9508c-240c-4344-942a-738f5145dcba" />
      <TestMethod codeBase="TestAssembly.dll" className="TestNamespace.TestClass6" name="Test5856" />
    </UnitTest>
    <UnitTest name="Test5857" id="beb900d6-a18e-498e-9341-77057796e092" storage="TestAssembly.dll">
      <Execution id="b9b1637a-671d-4320-9830-9490192116cb" />
      <TestMethod codeBase="TestAssembly.dll" className="TestNamespace.TestClass6" name="Test5857" />
    </UnitTest>
    <UnitTest name="Test5858" id="f208547a-0638-4b22-b26c-f36a2cfcdedd" storage="TestAssembly.dll">
      <Execution id="a5b21860-0056-4b21-8bf5-26761d5ddaaa" />
      <TestMethod codeBase="TestAssembly.dll" className="TestNamespace.TestClass6" name="Test5858" />
    </UnitTest>
    <UnitTest name="Test5859" id="1022dbff-0136-49ea-9851-bfa82edb27d2" storage="TestAssembly.dll">
      <Execution id="b42e5499-d7ad-4c8c-8afe-b59b75ccf539" />
      <TestMethod codeBase="TestAssembly.dll" className="TestNamespace.TestClass6" name="Test5859" />
    </UnitTest>
    <UnitTest name="Test5860" id="0fb3095f-d41d-4ad9-ac6e-0e4b81fe3f73" storage="TestAssembly.dll">
      <Execution id="c9fbdfc5-72d6-4ccc-9e59-a13c48cd1ee2" />
      <TestMethod codeBase="TestAssembly.dll" className="TestNamespace.TestClass6" name="Test5860" />
    </UnitTest>
    <UnitTest name="Test5861" id="8b01ea5d-ab96-47f4-afdf-d6df282c52d6" storage="TestAssembly.dll">
      <Execution id="61aad726-820a-4aa5-b695-0ea5c817a544" />
      <TestMethod codeBase="TestAssembly.dll" className="TestNamespace.TestClass7" name="Test5861" />
    </UnitTest>
    <UnitTest name="Test5862" id="b7d4a3a5-3ab5-45ae-ba05-05bf6399be88" storage="TestAssembly.dll">
      <Execution id="1b84c5ab-9cc2-472d-a6df-9663d434d271" />
      <TestMethod codeBase="TestAssembly.dll" className="TestNamespace.TestClass7" name="Test5862" />
    </UnitTest>
    <UnitTest name="Test5863" id="c650ffe8-0737-4b2f-94fc-923f05c6a8eb" storage="TestAssembly.dll">
      <Execution id="ab8f2657-12db-4d55-9415-31c08c2c16cb" />
      <TestMethod codeBase="TestAssembly.dll" className="TestNamespace.TestClass7" name="Test5863" />
    </UnitTest>
    <UnitTest name="Test5864" id="c0a72085-c81a-49a6-8821-210417328ab7" storage="TestAssembly.dll">
      <Execution id="3fb139c8-17c0-4472-a04e-3f2f41dd59e8" />
      <TestMethod codeBase="TestAssembly.dll" className="TestNamespace.TestClass7" name="Test5864" />
    </UnitTest>
    <UnitTest name="Test5865" id="44793f9f-1c42-4d8d-ae47-74eea12104a9" storage="TestAssembly.dll">
      <Execution id="8d0a9c14-2e76-41b5-9795-69da26fa6c0e" />
      <TestMethod codeBase="TestAssembly.dll" className="TestNamespace.TestClass7" name="Test5865" />
    </UnitTest>
    <UnitTest name="Test5866" id="d8b85d01-a00a-4baf-b114-a899f8c55e37" storage="TestAssembly.dll">
      <Execution id="99898f20-e129-408d-ba41-eacf990c5441" />
      <TestMethod codeBase="TestAssembly.dll" className="TestNamespace.TestClass7" name="Test5866" />
    </UnitTest>
    <UnitTest name="Test5867" id="bc70b1e7-ccb2-4bc6-a333-0be297a9bf24" storage="TestAssembly.dll">
      <Execution id="1b32489c-ecb8-4360-ac24-9ef04b6dc934" />
      <TestMethod codeBase="TestAssembly.dll" className="TestNamespace.TestClass7" name="Test5867" />
    </UnitTest>
    <UnitTest name="Test5868" id="98c0b254-50bc-4805-b403-e74a46a4ec2f" storage="TestAssembly.dll">
      <Execution id="12c6d645-6d5a-42a9-964a-8774a3108505" />
      <TestMethod codeBase="TestAssembly.dll" className="TestNamespace.TestClass7" name="Test5868" />
    </UnitTest>
    <UnitTest name="Test5869" id="9d60672b-8b4b-49c1-8744-85b145e7f58b" storage="TestAssembly.dll">
      <Execution id="f36c296a-1c93-459a-a743-de0adf9d97fd" />
      <TestMethod codeBase="TestAssembly.dll" className="TestNamespace.TestClass7" name="Test5869" />
    </UnitTest>
    <UnitTest name="Test5870" id="50fb61d3-bab5-4379-b3c2-2502527b7e4e" storage="TestAssembly.dll">
      <Execution id="40e2008c-6af1-49fc-a23d-23153237cc9f" />
      <TestMethod codeBase="TestAssembly.dll" className="TestNamespace.TestClass7" name="Test5870" />
    </UnitTest>
    <UnitTest name="Test5871" id="0969193b-89f3-4c38-b34c-c6bde68c5d43" storage="TestAssembly.dll">
      <Execution id="4ab728d8-cd91-4dda-b3af-266a864647c1" />
      <TestMethod codeBase="TestAssembly.dll" className="TestNamespace.TestClass8" name="Test5871" />
    </UnitTest>
    <UnitTest name="Test5872" id="64f2d143-a7c9-481f-9480-c55fde873b94" storage="TestAssembly.dll">
      <Execution id="5e08c8b3-45fe-44b1-b715-a240b6408988" />
      <TestMethod codeBase="TestAssembly.dll" className="TestNamespace.TestClass8" name="Test5872" />
    </UnitTest>
    <UnitTest name="Test5873" id="ee43c715-02a0-4977-baff-3c2b784758f9" storage="TestAssembly.dll">
      <Execution id="9d396b92-a371-4443-9349-71d77e444138" />
      <TestMethod codeBase="TestAssembly.dll" className="TestNamespace.TestClass8" name="Test5873" />
    </UnitTest>
    <UnitTest name="Test5874" id="d59e955f-9874-4994-b150-6b08887f91d6" storage="TestAssembly.dll">
      <Execution id="cc6cefbe-f9e0-4fec-ae75-ffe187592c27" />
      <TestMethod codeBase="TestAssembly.dll" className="TestNamespace.TestClass8" name="Test5874" />
    </UnitTest>
    <UnitTest name="Test5875" id="1fe5ebc3-ee67-408e-921b-ccb25f2be6b1" storage="TestAssembly.dll">
      <Execution id="6c64dd4f-498c-43e5-ad60-a67ce6ea1c5b" />
      <TestMethod codeBase="TestAssembly.dll" className="TestNamespace.TestClass8" name="Test5875" />
    </UnitTest>
    <UnitTest name="Test5876" id="ed6fdf7c-44f8-4157-90a1-637d25d30ab1" storage="TestAssembly.dll">
      <Execution id="95129433-351a-4e55-bc56-7b07af4a6461" />
      <TestMethod codeBase="TestAssembly.dll" className="TestNamespace.TestClass8" name="Test5876" />
    </UnitTest>
    <UnitTest name="Test5877" id="ef97f790-9acc-42a2-a3de-e75bedd4b4b4" storage="TestAssembly.dll">
      <Execution id="71369ad3-a91d-480c-b8b6-06459ce117ad" />
      <TestMethod codeBase="TestAssembly.dll" className="TestNamespace.TestClass8" name="Test5877" />
    </UnitTest>
    <UnitTest name="Test5878" id="75a975f4-b152-4d5e-9345-4f7b8205c76c" storage="TestAssembly.dll">
      <Execution id="4cbbb916-689f-47d2-9e52-20a4b424e0ec" />
      <TestMethod codeBase="TestAssembly.dll" className="TestNamespace.TestClass8" name="Test5878" />
    </UnitTest>
    <UnitTest name="Test5879" id="aa1fc2b3-1632-48dc-a9f3-59e3161d41c4" storage="TestAssembly.dll">
      <Execution id="b46437b4-bc54-47ca-9fcc-6f7df3d147e5" />
      <TestMethod codeBase="TestAssembly.dll" className="TestNamespace.TestClass8" name="Test5879" />
    </UnitTest>
    <UnitTest name="Test5880" id="0fa6c7df-e07e-408a-b599-f647124da6e1" storage="TestAssembly.dll">
      <Execution id="e6ed6dac-f2f3-4451-a233-1a61490f2073" />
      <TestMethod codeBase="TestAssembly.dll" className="TestNamespace.TestClass8" name="Test5880" />
    </UnitTest>
    <UnitTest name="Test5881" id="6ed63309-3a48-423a-9dd1-6b6b21144907" storage="TestAssembly.dll">
      <Execution id="cd44a262-8a1b-4283-beb3-33ba01aa7845" />
      <TestMethod codeBase="TestAssembly.dll" className="TestNamespace.TestClass9" name="Test5881" />
    </UnitTest>
    <UnitTest name="Test5882" id="946b15aa-bf37-4c59-bab9-3b550357d77a" storage="TestAssembly.dll">
      <Execution id="d2ac2474-f93c-46f9-8271-597bb9e7145c" />
      <TestMethod codeBase="TestAssembly.dll" className="TestNamespace.TestClass9" name="Test5882" />
    </UnitTest>
    <UnitTest name="Test5883" id="63b24325-fee8-4746-a245-808ed331cb39" storage="TestAssembly.dll">
      <Execution id="e8b59156-9435-43a7-a2d2-d5e4976ac23c" />
      <TestMethod codeBase="TestAssembly.dll" className="TestNamespace.TestClass9" name="Test5883" />
    </UnitTest>
    <UnitTest name="Test5884" id="d9c09c97-f319-417b-9fe5-0ab012220239" storage="TestAssembly.dll">
      <Execution id="787e0e17-581c-4260-8eb6-fc19b7522a97" />
      <TestMethod codeBase="TestAssembly.dll" className="TestNamespace.TestClass9" name="Test5884" />
    </UnitTest>
    <UnitTest name="Test5885" id="4d5ff5e7-86a8-41c6-b8e9-03474c54b0f3" storage="TestAssembly.dll">
      <Execution id="bd9685e4-d621-4053-99e4-f9b00d411d42" />
      <TestMethod codeBase="TestAssembly.dll" className="TestNamespace.TestClass9" name="Test5885" />
    </UnitTest>
    <UnitTest name="Test5886" id="09000a1b-173e-4b92-b25d-c9042b3ef265" storage="TestAssembly.dll">
      <Execution id="a6ac24c7-12ab-47de-8c01-334f8c0eedb5" />
      <TestMethod codeBase="TestAssembly.dll" className="TestNamespace.TestClass9" name="Test5886" />
    </UnitTest>
    <UnitTest name="Test5887" id="f145647a-ab71-48f3-ad11-36c32992df84" storage="TestAssembly.dll">
      <Execution id="f2a589ac-3cdd-4ecc-96e3-21fb4e430c24" />
      <TestMethod codeBase="TestAssembly.dll" className="TestNamespace.TestClass9" name="Test5887" />
    </UnitTest>
    <UnitTest name="Test5888" id="82b2e55e-c28e-4b8a-8d3f-78579d2af055" storage="TestAssembly.dll">
      <Execution id="2e525682-6a0b-48ab-b2d5-b03f7060be68" />
      <TestMethod codeBase="TestAssembly.dll" className="TestNamespace.TestClass9" name="Test5888" />
    </UnitTest>
    <UnitTest name="Test5889" id="2b813275-7194-4000-85d1-8c391060cfc3" storage="TestAssembly.dll">
      <Execution id="9dfd6765-b6d4-4d98-8c14-44254fef2ec4" />
      <TestMethod codeBase="TestAssembly.dll" className="TestNamespace.TestClass9" name="Test5889" />
    </UnitTest>
    <UnitTest name="Test5890" id="0d1fb973-a8e5-4364-9105-eee15a7dbb95" storage="TestAssembly.dll">
      <Execution id="af945a68-76de-455d-9474-a712dccab3d0" />
      <TestMethod codeBase="TestAssembly.dll" className="TestNamespace.TestClass9" name="Test5890" />
    </UnitTest>
    <UnitTest name="Test5891" id="4fbea24c-08c1-4eae-b325-883fe922b9e9" storage="TestAssembly.dll">
      <Execution id="f0d5e49f-8c71-4756-9782-48ed7ab2b444" />
      <TestMethod codeBase="TestAssembly.dll" className="TestNamespace.TestClass10" name="Test5891" />
    </UnitTest>
    <UnitTest name="Test5892" id="ce4d3099-e303-4528-821c-9b4fe7974857" storage="TestAssembly.dll">
      <Execution id="4075983e-d729-443e-a11a-148e8f9bdf7f" />
      <TestMethod codeBase="TestAssembly.dll" className="TestNamespace.TestClass10" name="Test5892" />
    </UnitTest>
    <UnitTest name="Test5893" id="582731c5-c7df-479e-8827-ee6513888c77" storage="TestAssembly.dll">
      <Execution id="45df976f-2626-47db-a9b9-6d4900a17469" />
      <TestMethod codeBase="TestAssembly.dll" className="TestNamespace.TestClass10" name="Test5893" />
    </UnitTest>
    <UnitTest name="Test5894" id="290f81fd-36ee-4822-9ab6-65c6aadebdcd" storage="TestAssembly.dll">
      <Execution id="0691eda3-3cb9-4e95-8b6e-aa0263b8e300" />
      <TestMethod codeBase="TestAssembly.dll" className="TestNamespace.TestClass10" name="Test5894" />
    </UnitTest>
    <UnitTest name="Test5895" id="4bcef03e-920e-4358-aebb-3c507af54723" storage="TestAssembly.dll">
      <Execution id="41ffcfe0-fd0f-4689-8467-67ab9e30ea85" />
      <TestMethod codeBase="TestAssembly.dll" className="TestNamespace.TestClass10" name="Test5895" />
    </UnitTest>
    <UnitTest name="Test5896" id="d284ac2f-f9cb-439c-a07c-28e4d1f22fb0" storage="TestAssembly.dll">
      <Execution id="bf891688-982b-40a2-8f09-b9c268bfce4a" />
      <TestMethod codeBase="TestAssembly.dll" className="TestNamespace.TestClass10" name="Test5896" />
    </UnitTest>
    <UnitTest name="Test5897" id="26b40f7c-b39b-4a37-912c-a08917a0bd0f" storage="TestAssembly.dll">
      <Execution id="266b1e32-b60a-4958-9161-3f41128b8c26" />
      <TestMethod codeBase="TestAssembly.dll" className="TestNamespace.TestClass10" name="Test5897" />
    </UnitTest>
    <UnitTest name="Test5898" id="b8757567-7be3-41c5-9bbb-5cae2e7d654f" storage="TestAssembly.dll">
      <Execution id="0710eb38-6f0e-437d-abd7-a8e939ac6935" />
      <TestMethod codeBase="TestAssembly.dll" className="TestNamespace.TestClass10" name="Test5898" />
    </UnitTest>
    <UnitTest name="Test5899" id="4deb3b3e-38b1-40e4-912d-235e5a691ba0" storage="TestAssembly.dll">
      <Execution id="4215e17d-638d-4d4e-a282-6be67ab8d0b7" />
      <TestMethod codeBase="TestAssembly.dll" className="TestNamespace.TestClass10" name="Test5899" />
    </UnitTest>
    <UnitTest name="Test5900" id="4f939439-7067-4538-84f1-350b0f3101c0" storage="TestAssembly.dll">
      <Execution id="e7d1ee38-728b-4963-a246-1fa0ad9d774e" />
      <TestMethod codeBase="TestAssembly.dll" className="TestNamespace.TestClass10" name="Test5900" />
    </UnitTest>
  </TestDefinitions>
  <TestEntries>
    <TestEntry testId="045ced90-7526-442e-a420-71c718acc906" executionId="56d9c7b4-1e3a-4912-8f46-04fa05a5e185" testListId="3ef4ff14-1d6f-4280-b9f9-1a5442425e86" />
    <TestEntry testId="76c11c8e-3bce-49e7-baa8-1deb010a93a4" executionId="d51dc498-74a8-4176-83aa-d737681d5d8c" testListId="3ef4ff14-1d6f-4280-b9f9-1a5442425e86" />
    <TestEntry testId="156ea08d-db44-448a-96e4-404eb72dcaa7" executionId="dc3c48dd-e1e8-47ac-b027-cc912ac37340" testListId="3ef4ff14-1d6f-4280-b9f9-1a5442425e86" />
    <TestEntry testId="5e32814c-cb34-41d0-ab3a-937ced9227eb" executionId="0f74d238-caea-4443-9ccd-7cea2212e05e" testListId="3ef4ff14-1d6f-4280-b9f9-1a5442425e86" />
    <TestEntry testId="1d6d5342-a94d-4acd-8f38-d09571543bd0" executionId="d6ae3e6c-312e-4520-b9b5-bb953ccee8f4" testListId="3ef4ff14-1d6f-4280-b9f9-1a5442425e86" />
    <TestEntry testId="7f1270a9-cae1-4822-a601-a9f79d6f1943" executionId="2d966afd-79f2-49f6-a0a1-16a751b1d4d4" testListId="3ef4ff14-1d6f-4280-b9f9-1a5442425e86" />
    <TestEntry testId="580cb8bd-9e72-4a4d-acae-06760976a8e0" executionId="04756d83-fac4-4c16-b00f-0b7f44bf6eda" testListId="3ef4ff14-1d6f-4280-b9f9-1a5442425e86" />
    <TestEntry testId="69d82fb8-9b76-47d6-8fa9-70c0110faf22" executionId="f0c02850-be80-4690-8620-dc5de30e4a8d" testListId="3ef4ff14-1d6f-4280-b9f9-1a5442425e86" />
    <TestEntry testId="561b9a68-fb3b-4ec7-8a63-2a76c3cf4c0c" executionId="3abc1faa-b733-4782-b1a4-503742691a3a" testListId="3ef4ff14-1d6f-4280-b9f9-1a5442425e86" />
    <TestEntry testId="2b7f20c2-09fb-484d-b9ca-d142d2bbec7c" executionId="f19e2571-9721-4d81-be62-6318d453f39c" testListId="3ef4ff14-1d6f-4280-b9f9-1a5442425e86" />
    <TestEntry testId="e1405abe-feb6-44fe-836c-68133f2192ba" executionId="9001d700-322b-4499-97c3-df9b06c439e3" testListId="3ef4ff14-1d6f-4280-b9f9-1a5442425e86" />
    <TestEntry testId="47b85789-f095-41d1-ba1c-18a58ffc7e8a" executionId="6cbb23b9-f74f-4776-8b6b-c4d7b9f4ff31" testListId="3ef4ff14-1d6f-4280-b9f9-1a5442425e86" />
    <TestEntry testId="98005c05-181d-4f27-bccc-e046ac81b5e6" executionId="686ca1ea-8854-4a89-82d5-cc7d25f95318" testListId="3ef4ff14-1d6f-4280-b9f9-1a5442425e86" />
    <TestEntry testId="a96c0833-8ffa-43c9-ab25-418c465ec6a7" executionId="6a7b6abf-085b-4a56-b6a6-1a4193405065" testListId="3ef4ff14-1d6f-4280-b9f9-1a5442425e86" />
    <TestEntry testId="f1e49189-675e-473d-a8ef-a622679874d0" executionId="67ffd2cd-ac81-48e1-b4fd-66c0eb565778" testListId="3ef4ff14-1d6f-4280-b9f9-1a5442425e86" />
    <TestEntry testId="6b1677ba-1d66-426b-833a-056c1cc57952" executionId="f3b11330-3ea6-4301-ad7b-1ace2dda3ece" testListId="3ef4ff14-1d6f-4280-b9f9-1a5442425e86" />
    <TestEntry testId="c5a7279f-7a67-4e3d-ba88-6d4ecf8e44cb" executionId="a3417980-c88b-4098-97be-116596b2c02f" testListId="3ef4ff14-1d6f-4280-b9f9-1a5442425e86" />
    <TestEntry testId="c3f7c6ce-1234-4288-ae29-c1b42fa0dc29" executionId="fac4c05a-d053-4ec0-aa35-6013b38d8187" testListId="3ef4ff14-1d6f-4280-b9f9-1a5442425e86" />
    <TestEntry testId="d4004af0-b240-44f3-b518-ecb514659358" executionId="c1c43484-ce50-4337-a290-4d12d6bf8db5" testListId="3ef4ff14-1d6f-4280-b9f9-1a5442425e86" />
    <TestEntry testId="a28f6309-88f5-4725-8468-6429f9145e58" executionId="7553b893-a897-47a6-a784-9f9ab62bbd13" testListId="3ef4ff14-1d6f-4280-b9f9-1a5442425e86" />
    <TestEntry testId="83bcb6ac-3e64-4b74-8e40-3c0f1a82436f" executionId="1738e994-de6a-4fe2-8d0a-6965eb3d7cd8" testListId="3ef4ff14-1d6f-4280-b9f9-1a5442425e86" />
    <TestEntry testId="0ef73f59-2ee5-45c1-ba4a-359398bd65ae" executionId="d5c4609c-9cf8-4d3b-a561-6e5203053dbc" testListId="3ef4ff14-1d6f-4280-b9f9-1a5442425e86" />
    <TestEntry testId="d48d2741-9367-4b1a-be09-af83a81bd90d" executionId="16a6d3ca-4175-4898-99c4-0601d52b11b4" testListId="3ef4ff14-1d6f-4280-b9f9-1a5442425e86" />
    <TestEntry testId="c9807099-8dee-45eb-98f9-4813d33d49d8" executionId="3300f0a1-de90-4d23-980a-3769484b988d" testListId="3ef4ff14-1d6f-4280-b9f9-1a5442425e86" />
    <TestEntry testId="c465bdff-6c66-4c7b-918f-e8dcc5b2cad0" executionId="ca66646f-5b42-471c-a29c-69c27d78d9e0" testListId="3ef4ff14-1d6f-4280-b9f9-1a5442425e86" />
    <TestEntry testId="10c49034-448e-43e6-99f5-3a9ceffd995d" executionId="c6910998-8440-4772-ac57-8116c2de76a9" testListId="3ef4ff14-1d6f-4280-b9f9-1a5442425e86" />
    <TestEntry testId="d291f6e5-4a25-4132-b522-ba497cc6f6cc" executionId="92c586a5-9244-4932-bb9f-bd1127378631" testListId="3ef4ff14-1d6f-4280-b9f9-1a5442425e86" />
    <TestEntry testId="8d396c83-6054-4434-9e51-bb62b9f6b921" executionId="7e00f5c0-0148-473f-9f3b-46891fcd637a" testListId="3ef4ff14-1d6f-4280-b9f9-1a5442425e86" />
    <TestEntry testId="f94f7584-0937-400a-ad9f-353fcc95aa09" executionId="1f0430f6-b331-4232-88db-bbc5bf9e09cd" testListId="3ef4ff14-1d6f-4280-b9f9-1a5442425e86" />
    <TestEntry testId="04ed5b3d-d1be-438a-bc7b-4b3c1a632a7e" executionId="01f981b7-09dd-4308-95b2-5cdb487ed96d" testListId="3ef4ff14-1d6f-4280-b9f9-1a5442425e86" />
    <TestEntry testId="198c3714-ca4b-46b1-8660-dd600f0e476d" executionId="61493cf8-815f-47a3-9189-18649068e341" testListId="3ef4ff14-1d6f-4280-b9f9-1a5442425e86" />
    <TestEntry testId="533177de-ce2d-4855-916a-b3ad5f669873" executionId="08d215f2-ce6f-4e7d-bc7f-894a71dc0ecd" testListId="3ef4ff14-1d6f-4280-b9f9-1a5442425e86" />
    <TestEntry testId="34d61fc0-2b8f-40ee-9711-24391bab92b6" executionId="5f6c35ea-a8b8-40cf-832a-f7574c06c717" testListId="3ef4ff14-1d6f-4280-b9f9-1a5442425e86" />
    <TestEntry testId="9f8b3bc6-ae99-43f9-be11-0ec534e193d6" executionId="acecd08a-2e03-451d-8342-8088bae4ccac" testListId="3ef4ff14-1d6f-4280-b9f9-1a5442425e86" />
    <TestEntry testId="5d9d0f6e-0902-4b06-a7bd-61f88a0f47e0" executionId="2c3c9843-505a-473e-bae6-bb8be2432a9e" testListId="3ef4ff14-1d6f-4280-b9f9-1a5442425e86" />
    <TestEntry testId="e5919ed1-4f09-405f-8c4c-f79728a56934" executionId="61ae4135-ac5a-4c32-aad6-565768a63ea1" testListId="3ef4ff14-1d6f-4280-b9f9-1a5442425e86" />
    <TestEntry testId="77e9412b-b1f7-438e-99b8-1c3b4e906538" executionId="5d89ae0b-9a52-46f6-aefe-44df8c19a6a2" testListId="3ef4ff14-1d6f-4280-b9f9-1a5442425e86" />
    <TestEntry testId="5b7e0b02-899d-4595-b75e-7e2b7b5e7e2f" executionId="2acf01ad-8b53-4f85-ad36-7542a99ebec6" testListId="3ef4ff14-1d6f-4280-b9f9-1a5442425e86" />
    <TestEntry testId="15d52bd0-ab4f-4542-816a-0d3dd077e6b6" executionId="18ca26c8-0cc5-4c28-9536-c6c24cea5f37" testListId="3ef4ff14-1d6f-4280-b9f9-1a5442425e86" />
    <TestEntry testId="f064492a-2c96-4147-b821-f0738b6efbcf" executionId="415bc695-bbc4-4477-819b-213a9e059e20" testListId="3ef4ff14-1d6f-4280-b9f9-1a5442425e86" />
    <TestEntry testId="2756c872-9de4-475c-9f5b-428cb252634c" executionId="2438ff66-b9f0-47e5-bf04-82ba0ca30084" testListId="3ef4ff14-1d6f-4280-b9f9-1a5442425e86" />
    <TestEntry testId="85300abd-7c6d-4220-b82b-17db89e64e58" executionId="c4da24a1-2b68-438e-b461-0d3a7656619b" testListId="3ef4ff14-1d6f-4280-b9f9-1a5442425e86" />
    <TestEntry testId="8db665e2-f699-442f-a498-12d3e0d6baf1" executionId="db8f616f-4bcc-4a03-a8de-8c57c8fba8cc" testListId="3ef4ff14-1d6f-4280-b9f9-1a5442425e86" />
    <TestEntry testId="a55a3157-b022-4036-95db-45e474166cdb" executionId="5df6dea1-be1d-47f0-84cd-0b14815edc7e" testListId="3ef4ff14-1d6f-4280-b9f9-1a5442425e86" />
    <TestEntry testId="2647dd16-dae2-45bd-8a42-cb07d4488660" executionId="9335c6e1-0cce-40f1-a9bf-ca28d25edbd7" testListId="3ef4ff14-1d6f-4280-b9f9-1a5442425e86" />
    <TestEntry testId="22294cb3-0a63-4575-8bfb-2667544cb375" executionId="4052beae-74f2-4030-92ec-f8616f4cacfc" testListId="3ef4ff14-1d6f-4280-b9f9-1a5442425e86" />
    <TestEntry testId="b11f37db-2768-4a2b-89c5-36cd6bd59ca8" executionId="fe6cd939-65c6-4b7d-9ef4-46429da1de2b" testListId="3ef4ff14-1d6f-4280-b9f9-1a5442425e86" />
    <TestEntry testId="a9fed7ae-18f9-4fd5-a645-ef8291987ea3" executionId="b761c62c-cc5b-4cfc-9f78-e2c349d4bd7e" testListId="3ef4ff14-1d6f-4280-b9f9-1a5442425e86" />
    <TestEntry testId="43b3a1c4-18f5-4b51-b140-4d6f8eae0585" executionId="452d86fa-6ee6-4e02-82c8-9224ea15af91" testListId="3ef4ff14-1d6f-4280-b9f9-1a5442425e86" />
    <TestEntry testId="b96588a1-a1f6-4d61-b902-8cf25ced6aa7" executionId="a882413e-106a-4ea4-b76b-f38b926b3d9b" testListId="3ef4ff14-1d6f-4280-b9f9-1a5442425e86" />
    <TestEntry testId="fac0e74d-e3f9-4281-946c-4d525a13ad60" executionId="676d4c7f-6a9f-4da2-b71b-c72aa405ad2d" testListId="3ef4ff14-1d6f-4280-b9f9-1a5442425e86" />
    <TestEntry testId="1fc94eef-73ab-4c03-a4dc-54d2c88fe1d1" executionId="835f7e6c-2617-4e59-8377-15faf1382a95" testListId="3ef4ff14-1d6f-4280-b9f9-1a5442425e86" />
    <TestEntry testId="aa72f230-8e07-4af1-9a99-43a87a89ded7" executionId="1349dfb5-9ac7-4c22-ac1e-fc91cbfd38af" testListId="3ef4ff14-1d6f-4280-b9f9-1a5442425e86" />
    <TestEntry testId="7d2efad4-79d1-4b27-90f4-346a359f89c9" executionId="26fd9217-c16b-49c2-8354-ed80871741d3" testListId="3ef4ff14-1d6f-4280-b9f9-1a5442425e86" />
    <TestEntry testId="740c36d8-d61e-4442-aadc-647fd22b7cd0" executionId="5ad78716-2b8f-403b-8578-0bfe7d741458" testListId="3ef4ff14-1d6f-4280-b9f9-1a5442425e86" />
    <TestEntry testId="1785eec0-8a38-461f-98f7-10a65d1f6eff" executionId="0aa9508c-240c-4344-942a-738f5145dcba" testListId="3ef4ff14-1d6f-4280-b9f9-1a5442425e86" />
    <TestEntry testId="beb900d6-a18e-498e-9341-77057796e092" executionId="b9b1637a-671d-4320-9830-9490192116cb" testListId="3ef4ff14-1d6f-4280-b9f9-1a5442425e86" />
    <TestEntry testId="f208547a-0638-4b22-b26c-f36a2cfcdedd" executionId="a5b21860-0056-4b21-8bf5-26761d5ddaaa" testListId="3ef4ff14-1d6f-4280-b9f9-1a5442425e86" />
    <TestEntry testId="1022dbff-0136-49ea-9851-bfa82edb27d2" executionId="b42e5499-d7ad-4c8c-8afe-b59b75ccf539" testListId="3ef4ff14-1d6f-4280-b9f9-1a5442425e86" />
    <TestEntry testId="0fb3095f-d41d-4ad9-ac6e-0e4b81fe3f73" executionId="c9fbdfc5-72d6-4ccc-9e59-a13c48cd1ee2" testListId="3ef4ff14-1d6f-4280-b9f9-1a5442425e86" />
    <TestEntry testId="8b01ea5d-ab96-47f4-afdf-d6df282c52d6" executionId="61aad726-820a-4aa5-b695-0ea5c817a544" testListId="3ef4ff14-1d6f-4280-b9f9-1a5442425e86" />
    <TestEntry testId="b7d4a3a5-3ab5-45ae-ba05-05bf6399be88" executionId="1b84c5ab-9cc2-472d-a6df-9663d434d271" testListId="3ef4ff14-1d6f-4280-b9f9-1a5442425e86" />
    <TestEntry testId="c650ffe8-0737-4b2f-94fc-923f05c6a8eb" executionId="ab8f2657-12db-4d55-9415-31c08c2c16cb" testListId="3ef4ff14-1d6f-4280-b9f9-1a5442425e86" />
    <TestEntry testId="c0a72085-c81a-49a6-8821-210417328ab7" executionId="3fb139c8-17c0-4472-a04e-3f2f41dd59e8" testListId="3ef4ff14-1d6f-4280-b9f9-1a5442425e86" />
    <TestEntry testId="44793f9f-1c42-4d8d-ae47-74eea12104a9" executionId="8d0a9c14-2e76-41b5-9795-69da26fa6c0e" testListId="3ef4ff14-1d6f-4280-b9f9-1a5442425e86" />
    <TestEntry testId="d8b85d01-a00a-4baf-b114-a899f8c55e37" executionId="99898f20-e129-408d-ba41-eacf990c5441" testListId="3ef4ff14-1d6f-4280-b9f9-1a5442425e86" />
    <TestEntry testId="bc70b1e7-ccb2-4bc6-a333-0be297a9bf24" executionId="1b32489c-ecb8-4360-ac24-9ef04b6dc934" testListId="3ef4ff14-1d6f-4280-b9f9-1a5442425e86" />
    <TestEntry testId="98c0b254-50bc-4805-b403-e74a46a4ec2f" executionId="12c6d645-6d5a-42a9-964a-8774a3108505" testListId="3ef4ff14-1d6f-4280-b9f9-1a5442425e86" />
    <TestEntry testId="9d60672b-8b4b-49c1-8744-85b145e7f58b" executionId="f36c296a-1c93-459a-a743-de0adf9d97fd" testListId="3ef4ff14-1d6f-4280-b9f9-1a5442425e86" />
    <TestEntry testId="50fb61d3-bab5-4379-b3c2-2502527b7e4e" executionId="40e2008c-6af1-49fc-a23d-23153237cc9f" testListId="3ef4ff14-1d6f-4280-b9f9-1a5442425e86" />
    <TestEntry testId="0969193b-89f3-4c38-b34c-c6bde68c5d43" executionId="4ab728d8-cd91-4dda-b3af-266a864647c1" testListId="3ef4ff14-1d6f-4280-b9f9-1a5442425e86" />
    <TestEntry testId="64f2d143-a7c9-481f-9480-c55fde873b94" executionId="5e08c8b3-45fe-44b1-b715-a240b6408988" testListId="3ef4ff14-1d6f-4280-b9f9-1a5442425e86" />
    <TestEntry testId="ee43c715-02a0-4977-baff-3c2b784758f9" executionId="9d396b92-a371-4443-9349-71d77e444138" testListId="3ef4ff14-1d6f-4280-b9f9-1a5442425e86" />
    <TestEntry testId="d59e955f-9874-4994-b150-6b08887f91d6" executionId="cc6cefbe-f9e0-4fec-ae75-ffe187592c27" testListId="3ef4ff14-1d6f-4280-b9f9-1a5442425e86" />
    <TestEntry testId="1fe5ebc3-ee67-408e-921b-ccb25f2be6b1" executionId="6c64dd4f-498c-43e5-ad60-a67ce6ea1c5b" testListId="3ef4ff14-1d6f-4280-b9f9-1a5442425e86" />
    <TestEntry testId="ed6fdf7c-44f8-4157-90a1-637d25d30ab1" executionId="95129433-351a-4e55-bc56-7b07af4a6461" testListId="3ef4ff14-1d6f-4280-b9f9-1a5442425e86" />
    <TestEntry testId="ef97f790-9acc-42a2-a3de-e75bedd4b4b4" executionId="71369ad3-a91d-480c-b8b6-06459ce117ad" testListId="3ef4ff14-1d6f-4280-b9f9-1a5442425e86" />
    <TestEntry testId="75a975f4-b152-4d5e-9345-4f7b8205c76c" executionId="4cbbb916-689f-47d2-9e52-20a4b424e0ec" testListId="3ef4ff14-1d6f-4280-b9f9-1a5442425e86" />
    <TestEntry testId="aa1fc2b3-1632-48dc-a9f3-59e3161d41c4" executionId="b46437b4-bc54-47ca-9fcc-6f7df3d147e5" testListId="3ef4ff14-1d6f-4280-b9f9-1a5442425e86" />
    <TestEntry testId="0fa6c7df-e07e-408a-b599-f647124da6e1" executionId="e6ed6dac-f2f3-4451-a233-1a61490f2073" testListId="3ef4ff14-1d6f-4280-b9f9-1a5442425e86" />
    <TestEntry testId="6ed63309-3a48-423a-9dd1-6b6b21144907" executionId="cd44a262-8a1b-4283-beb3-33ba01aa7845" testListId="3ef4ff14-1d6f-4280-b9f9-1a5442425e86" />
    <TestEntry testId="946b15aa-bf37-4c59-bab9-3b550357d77a" executionId="d2ac2474-f93c-46f9-8271-597bb9e7145c" testListId="3ef4ff14-1d6f-4280-b9f9-1a5442425e86" />
    <TestEntry testId="63b24325-fee8-4746-a245-808ed331cb39" executionId="e8b59156-9435-43a7-a2d2-d5e4976ac23c" testListId="3ef4ff14-1d6f-4280-b9f9-1a5442425e86" />
    <TestEntry testId="d9c09c97-f319-417b-9fe5-0ab012220239" executionId="787e0e17-581c-4260-8eb6-fc19b7522a97" testListId="3ef4ff14-1d6f-4280-b9f9-1a5442425e86" />
    <TestEntry testId="4d5ff5e7-86a8-41c6-b8e9-03474c54b0f3" executionId="bd9685e4-d621-4053-99e4-f9b00d411d42" testListId="3ef4ff14-1d6f-4280-b9f9-1a5442425e86" />
    <TestEntry testId="09000a1b-173e-4b92-b25d-c9042b3ef265" executionId="a6ac24c7-12ab-47de-8c01-334f8c0eedb5" testListId="3ef4ff14-1d6f-4280-b9f9-1a5442425e86" />
    <TestEntry testId="f145647a-ab71-48f3-ad11-36c32992df84" executionId="f2a589ac-3cdd-4ecc-96e3-21fb4e430c24" testListId="3ef4ff14-1d6f-4280-b9f9-1a5442425e86" />
    <TestEntry testId="82b2e55e-c28e-4b8a-8d3f-78579d2af055" executionId="2e525682-6a0b-48ab-b2d5-b03f7060be68" testListId="3ef4ff14-1d6f-4280-b9f9-1a5442425e86" />
    <TestEntry testId="2b813275-7194-4000-85d1-8c391060cfc3" executionId="9dfd6765-b6d4-4d98-8c14-44254fef2ec4" testListId="3ef4ff14-1d6f-4280-b9f9-1a5442425e86" />
    <TestEntry testId="0d1fb973-a8e5-4364-9105-eee15a7dbb95" executionId="af945a68-76de-455d-9474-a712dccab3d0" testListId="3ef4ff14-1d6f-4280-b9f9-1a5442425e86" />
    <TestEntry testId="4fbea24c-08c1-4eae-b325-883fe922b9e9" executionId="f0d5e49f-8c71-4756-9782-48ed7ab2b444" testListId="3ef4ff14-1d6f-4280-b9f9-1a5442425e86" />
    <TestEntry testId="ce4d3099-e303-4528-821c-9b4fe7974857" executionId="4075983e-d729-443e-a11a-148e8f9bdf7f" testListId="3ef4ff14-1d6f-4280-b9f9-1a5442425e86" />
    <TestEntry testId="582731c5-c7df-479e-8827-ee6513888c77" executionId="45df976f-2626-47db-a9b9-6d4900a17469" testListId="3ef4ff14-1d6f-4280-b9f9-1a5442425e86" />
    <TestEntry testId="290f81fd-36ee-4822-9ab6-65c6aadebdcd" executionId="0691eda3-3cb9-4e95-8b6e-aa0263b8e300" testListId="3ef4ff14-1d6f-4280-b9f9-1a5442425e86" />
    <TestEntry testId="4bcef03e-920e-4358-aebb-3c507af54723" executionId="41ffcfe0-fd0f-4689-8467-67ab9e30ea85" testListId="3ef4ff14-1d6f-4280-b9f9-1a5442425e86" />
    <TestEntry testId="d284ac2f-f9cb-439c-a07c-28e4d1f22fb0" executionId="bf891688-982b-40a2-8f09-b9c268bfce4a" testListId="3ef4ff14-1d6f-4280-b9f9-1a5442425e86" />
    <TestEntry testId="26b40f7c-b39b-4a37-912c-a08917a0bd0f" executionId="266b1e32-b60a-4958-9161-3f41128b8c26" testListId="3ef4ff14-1d6f-4280-b9f9-1a5442425e86" />
    <TestEntry testId="b8757567-7be3-41c5-9bbb-5cae2e7d654f" executionId="0710eb38-6f0e-437d-abd7-a8e939ac6935" testListId="3ef4ff14-1d6f-4280-b9f9-1a5442425e86" />
    <TestEntry testId="4deb3b3e-38b1-40e4-912d-235e5a691ba0" executionId="4215e17d-638d-4d4e-a282-6be67ab8d0b7" testListId="3ef4ff14-1d6f-4280-b9f9-1a5442425e86" />
    <TestEntry testId="4f939439-7067-4538-84f1-350b0f3101c0" executionId="e7d1ee38-728b-4963-a246-1fa0ad9d774e" testListId="3ef4ff14-1d6f-4280-b9f9-1a5442425e86" />
  </TestEntries>
  <TestLists>
    <TestList name="Results Not in a List" id="3ef4ff14-1d6f-4280-b9f9-1a5442425e86" />
    <TestList name="All Loaded Results" id="d3573678-2f96-4fde-a43a-3e23b08f058b" />
  </TestLists>
</TestRun>