<?xml version="1.0" encoding="UTF-8"?>
<TestRun id="c2e40f34-34a4-43cd-8403-fed262d053f1" name="Test Run 81" runUser="Oles Galatsan" xmlns="http://microsoft.com/schemas/VisualStudio/TeamTest/2010">
  <Times creation="2025-05-14T13:20:31.3125482Z" queuing="2025-05-14T13:20:31.3125482Z" start="2025-05-14T13:20:31.3146610Z" finish="2025-05-14T13:25:31.3147553Z" />
  <TestSettings name="Test Settings 81" id="958136fc-b075-4038-8aca-ee02dbae4796" />
  <Results>
    <UnitTestResult executionId="21c5513a-b24a-4f16-996e-5227692148ee" testId="3392da75-c13e-40a3-b874-31560c726738" testName="Test8001" computerName="UA-LPT-OGA2" duration="00:00:00.7840000" startTime="2025-05-14T13:20:31.3146610Z" endTime="2025-05-14T13:25:31.3147553Z" testType="13cdc9d9-ddb5-4fa4-a97d-d965ccfc6d4b" outcome="Passed" testListId="c671819d-7322-4317-9673-d0e471365555" />
    <UnitTestResult executionId="c8bbdc39-e9ec-407f-b755-22eaa1ca7ede" testId="15f6744a-a549-4ed4-a322-5ca98e63e64a" testName="Test8002" computerName="UA-LPT-OGA2" duration="00:00:00.3350000" startTime="2025-05-14T13:20:31.3146610Z" endTime="2025-05-14T13:25:31.3147553Z" testType="13cdc9d9-ddb5-4fa4-a97d-d965ccfc6d4b" outcome="Passed" testListId="c671819d-7322-4317-9673-d0e471365555" />
    <UnitTestResult executionId="b7a101f8-d559-4aca-bc9f-bc65cff4cc5b" testId="7c9739a8-d141-4b59-9622-47460b796ea7" testName="Test8003" computerName="UA-LPT-OGA2" duration="00:00:01.5450000" startTime="2025-05-14T13:20:31.3146610Z" endTime="2025-05-14T13:25:31.3147553Z" testType="13cdc9d9-ddb5-4fa4-a97d-d965ccfc6d4b" outcome="Passed" testListId="c671819d-7322-4317-9673-d0e471365555" />
    <UnitTestResult executionId="f17b8c78-668e-432f-8008-0edbb92bee25" testId="10faec52-cbb2-4ef1-8a23-5219c1730854" testName="Test8004" computerName="UA-LPT-OGA2" duration="00:00:00.9280000" startTime="2025-05-14T13:20:31.3146610Z" endTime="2025-05-14T13:25:31.3147553Z" testType="13cdc9d9-ddb5-4fa4-a97d-d965ccfc6d4b" outcome="Failed" testListId="c671819d-7322-4317-9673-d0e471365555">
      <Output>
        <ErrorInfo>
          <Message>Assertion failed: Expected value did not match actual value.</Message>
          <StackTrace>   at TestNamespace.TestClass.Test() in TestClass.cs:line 59</StackTrace>
        </ErrorInfo>
      </Output>
    </UnitTestResult>
    <UnitTestResult executionId="f676f488-396c-4a65-aeae-77571d5c8072" testId="3405ddd0-61c4-433e-a54c-e27024d4fa55" testName="Test8005" computerName="UA-LPT-OGA2" duration="00:00:00.8590000" startTime="2025-05-14T13:20:31.3146610Z" endTime="2025-05-14T13:25:31.3147553Z" testType="13cdc9d9-ddb5-4fa4-a97d-d965ccfc6d4b" outcome="Passed" testListId="c671819d-7322-4317-9673-d0e471365555" />
    <UnitTestResult executionId="ad567f3d-48d2-40fd-b131-acb0a6958899" testId="201394a3-5706-4228-a387-fade18b692da" testName="Test8006" computerName="UA-LPT-OGA2" duration="00:00:00.3410000" startTime="2025-05-14T13:20:31.3146610Z" endTime="2025-05-14T13:25:31.3147553Z" testType="13cdc9d9-ddb5-4fa4-a97d-d965ccfc6d4b" outcome="Passed" testListId="c671819d-7322-4317-9673-d0e471365555" />
    <UnitTestResult executionId="02572b2c-8efb-4658-94b4-4a8bc09e4c46" testId="d0385b04-2871-4f5b-a28b-5314726b4184" testName="Test8007" computerName="UA-LPT-OGA2" duration="00:00:00.0710000" startTime="2025-05-14T13:20:31.3146610Z" endTime="2025-05-14T13:25:31.3147553Z" testType="13cdc9d9-ddb5-4fa4-a97d-d965ccfc6d4b" outcome="Passed" testListId="c671819d-7322-4317-9673-d0e471365555" />
    <UnitTestResult executionId="3755fbc4-33c0-4257-9a1c-b191ef62e2d2" testId="c54ec525-ffec-4e6a-9258-4d42835a11c2" testName="Test8008" computerName="UA-LPT-OGA2" duration="00:00:00.8530000" startTime="2025-05-14T13:20:31.3146610Z" endTime="2025-05-14T13:25:31.3147553Z" testType="13cdc9d9-ddb5-4fa4-a97d-d965ccfc6d4b" outcome="Passed" testListId="c671819d-7322-4317-9673-d0e471365555" />
    <UnitTestResult executionId="1ad31c19-4bd8-4003-89a8-18c87ce681bb" testId="a0aed3b2-1083-4245-bd44-247819b4e72f" testName="Test8009" computerName="UA-LPT-OGA2" duration="00:00:00.7640000" startTime="2025-05-14T13:20:31.3146610Z" endTime="2025-05-14T13:25:31.3147553Z" testType="13cdc9d9-ddb5-4fa4-a97d-d965ccfc6d4b" outcome="Passed" testListId="c671819d-7322-4317-9673-d0e471365555" />
    <UnitTestResult executionId="c7c85ec6-2cd1-4f1a-a812-b20652b12915" testId="b19a6d68-f17d-4839-b7d4-4d0114092053" testName="Test8010" computerName="UA-LPT-OGA2" duration="00:00:00.1890000" startTime="2025-05-14T13:20:31.3146610Z" endTime="2025-05-14T13:25:31.3147553Z" testType="13cdc9d9-ddb5-4fa4-a97d-d965ccfc6d4b" outcome="Passed" testListId="c671819d-7322-4317-9673-d0e471365555" />
    <UnitTestResult executionId="ec66bd84-111c-4bf1-9edc-009c1240b511" testId="c857ad20-a4a8-4208-9962-a33034c36545" testName="Test8011" computerName="UA-LPT-OGA2" duration="00:00:00.8710000" startTime="2025-05-14T13:20:31.3146610Z" endTime="2025-05-14T13:25:31.3147553Z" testType="13cdc9d9-ddb5-4fa4-a97d-d965ccfc6d4b" outcome="Passed" testListId="c671819d-7322-4317-9673-d0e471365555" />
    <UnitTestResult executionId="fc05d556-8488-4765-b641-e1cc8eb21f0d" testId="5353d70e-2391-4804-92fe-66bf55a4ba91" testName="Test8012" computerName="UA-LPT-OGA2" duration="00:00:01.0110000" startTime="2025-05-14T13:20:31.3146610Z" endTime="2025-05-14T13:25:31.3147553Z" testType="13cdc9d9-ddb5-4fa4-a97d-d965ccfc6d4b" outcome="Failed" testListId="c671819d-7322-4317-9673-d0e471365555">
      <Output>
        <ErrorInfo>
          <Message>Assertion failed: Expected value did not match actual value.</Message>
          <StackTrace>   at TestNamespace.TestClass.Test() in TestClass.cs:line 223</StackTrace>
        </ErrorInfo>
      </Output>
    </UnitTestResult>
    <UnitTestResult executionId="2828f807-1183-49b2-8029-eb363d4d0d13" testId="3a6f740b-2c4a-4293-8f05-4115f3a919b3" testName="Test8013" computerName="UA-LPT-OGA2" duration="00:00:00.8850000" startTime="2025-05-14T13:20:31.3146610Z" endTime="2025-05-14T13:25:31.3147553Z" testType="13cdc9d9-ddb5-4fa4-a97d-d965ccfc6d4b" outcome="Passed" testListId="c671819d-7322-4317-9673-d0e471365555" />
    <UnitTestResult executionId="a9378e5f-70f9-422b-8134-b5f8caec0ba6" testId="8d24061c-e104-4f6d-b70b-8cfd02fc1ec0" testName="Test8014" computerName="UA-LPT-OGA2" duration="00:00:01.1120000" startTime="2025-05-14T13:20:31.3146610Z" endTime="2025-05-14T13:25:31.3147553Z" testType="13cdc9d9-ddb5-4fa4-a97d-d965ccfc6d4b" outcome="Passed" testListId="c671819d-7322-4317-9673-d0e471365555" />
    <UnitTestResult executionId="ac9f5207-12d9-4302-b336-9e79107dae9c" testId="449ee6d3-ff90-4df7-888d-23345f12743e" testName="Test8015" computerName="UA-LPT-OGA2" duration="00:00:00.0530000" startTime="2025-05-14T13:20:31.3146610Z" endTime="2025-05-14T13:25:31.3147553Z" testType="13cdc9d9-ddb5-4fa4-a97d-d965ccfc6d4b" outcome="Passed" testListId="c671819d-7322-4317-9673-d0e471365555" />
    <UnitTestResult executionId="2a2eb955-7b04-4a69-8bd6-01baa157849f" testId="d42be1d4-c3b9-4c97-8043-08a40ceb7c35" testName="Test8016" computerName="UA-LPT-OGA2" duration="00:00:01.6550000" startTime="2025-05-14T13:20:31.3146610Z" endTime="2025-05-14T13:25:31.3147553Z" testType="13cdc9d9-ddb5-4fa4-a97d-d965ccfc6d4b" outcome="Passed" testListId="c671819d-7322-4317-9673-d0e471365555" />
    <UnitTestResult executionId="23adf184-ffc6-4631-ac5b-b7d6565f361d" testId="cc5252b4-286e-4b9c-9ae1-c09d68d95673" testName="Test8017" computerName="UA-LPT-OGA2" duration="00:00:00.1910000" startTime="2025-05-14T13:20:31.3146610Z" endTime="2025-05-14T13:25:31.3147553Z" testType="13cdc9d9-ddb5-4fa4-a97d-d965ccfc6d4b" outcome="Passed" testListId="c671819d-7322-4317-9673-d0e471365555" />
    <UnitTestResult executionId="c94d360e-4fb9-4e96-8908-2b89f9fc94b4" testId="c9581974-4bc6-4408-b5f5-86367ce2a809" testName="Test8018" computerName="UA-LPT-OGA2" duration="00:00:00.2130000" startTime="2025-05-14T13:20:31.3146610Z" endTime="2025-05-14T13:25:31.3147553Z" testType="13cdc9d9-ddb5-4fa4-a97d-d965ccfc6d4b" outcome="Passed" testListId="c671819d-7322-4317-9673-d0e471365555" />
    <UnitTestResult executionId="483c65ca-77d1-44f8-807b-d37c901cd4bc" testId="9e171b58-436a-4704-b88d-2aafe77c27ce" testName="Test8019" computerName="UA-LPT-OGA2" duration="00:00:00.5940000" startTime="2025-05-14T13:20:31.3146610Z" endTime="2025-05-14T13:25:31.3147553Z" testType="13cdc9d9-ddb5-4fa4-a97d-d965ccfc6d4b" outcome="Passed" testListId="c671819d-7322-4317-9673-d0e471365555" />
    <UnitTestResult executionId="3a8ddd14-f833-4106-9a59-e73700fb33de" testId="1caf9939-2e0f-4ff2-99ef-9c90f8bf697e" testName="Test8020" computerName="UA-LPT-OGA2" duration="00:00:00.0890000" startTime="2025-05-14T13:20:31.3146610Z" endTime="2025-05-14T13:25:31.3147553Z" testType="13cdc9d9-ddb5-4fa4-a97d-d965ccfc6d4b" outcome="Passed" testListId="c671819d-7322-4317-9673-d0e471365555" />
    <UnitTestResult executionId="a5805c50-3123-437f-8f80-4179acbbd3ef" testId="c0a66e44-094d-4845-a990-e7f62d3396b1" testName="Test8021" computerName="UA-LPT-OGA2" duration="00:00:01.4080000" startTime="2025-05-14T13:20:31.3146610Z" endTime="2025-05-14T13:25:31.3147553Z" testType="13cdc9d9-ddb5-4fa4-a97d-d965ccfc6d4b" outcome="Passed" testListId="c671819d-7322-4317-9673-d0e471365555" />
    <UnitTestResult executionId="254629a3-0d31-4e56-9a45-0cee6f4dd361" testId="db3b4b10-0c41-4b2e-aecf-2871ef16c3fd" testName="Test8022" computerName="UA-LPT-OGA2" duration="00:00:01.3840000" startTime="2025-05-14T13:20:31.3146610Z" endTime="2025-05-14T13:25:31.3147553Z" testType="13cdc9d9-ddb5-4fa4-a97d-d965ccfc6d4b" outcome="Passed" testListId="c671819d-7322-4317-9673-d0e471365555" />
    <UnitTestResult executionId="2bb7fb38-ab8b-4ba6-944e-726915041e61" testId="7d4b5781-179f-423b-8300-1dfb910b9b26" testName="Test8023" computerName="UA-LPT-OGA2" duration="00:00:00.1140000" startTime="2025-05-14T13:20:31.3146610Z" endTime="2025-05-14T13:25:31.3147553Z" testType="13cdc9d9-ddb5-4fa4-a97d-d965ccfc6d4b" outcome="Passed" testListId="c671819d-7322-4317-9673-d0e471365555" />
    <UnitTestResult executionId="7ef890f9-9f2b-47e8-bf79-09fba7d8e1b8" testId="db13c3a1-3eab-4002-be48-2f37704e5d67" testName="Test8024" computerName="UA-LPT-OGA2" duration="00:00:01.4170000" startTime="2025-05-14T13:20:31.3146610Z" endTime="2025-05-14T13:25:31.3147553Z" testType="13cdc9d9-ddb5-4fa4-a97d-d965ccfc6d4b" outcome="Passed" testListId="c671819d-7322-4317-9673-d0e471365555" />
    <UnitTestResult executionId="450f05be-08a4-4a29-824a-4b978ca2ca50" testId="272909e4-b4af-4fb7-aa87-94ef67c313d8" testName="Test8025" computerName="UA-LPT-OGA2" duration="00:00:01.4800000" startTime="2025-05-14T13:20:31.3146610Z" endTime="2025-05-14T13:25:31.3147553Z" testType="13cdc9d9-ddb5-4fa4-a97d-d965ccfc6d4b" outcome="Passed" testListId="c671819d-7322-4317-9673-d0e471365555" />
    <UnitTestResult executionId="5f3857bd-6028-4220-98e1-6c67379404f8" testId="3567005c-050b-45a7-b2a1-df8fa01bd3ea" testName="Test8026" computerName="UA-LPT-OGA2" duration="00:00:00.4780000" startTime="2025-05-14T13:20:31.3146610Z" endTime="2025-05-14T13:25:31.3147553Z" testType="13cdc9d9-ddb5-4fa4-a97d-d965ccfc6d4b" outcome="Passed" testListId="c671819d-7322-4317-9673-d0e471365555" />
    <UnitTestResult executionId="28145e80-e438-441f-9a5a-cb4b1f992afd" testId="d0be2df1-665b-4d39-b998-d53e03d963bd" testName="Test8027" computerName="UA-LPT-OGA2" duration="00:00:00.5250000" startTime="2025-05-14T13:20:31.3146610Z" endTime="2025-05-14T13:25:31.3147553Z" testType="13cdc9d9-ddb5-4fa4-a97d-d965ccfc6d4b" outcome="Passed" testListId="c671819d-7322-4317-9673-d0e471365555" />
    <UnitTestResult executionId="0de8ffbf-0fdf-448f-bfb1-058d7dd884c9" testId="4cea6a5f-18c2-4ed9-867c-a2758fa1d917" testName="Test8028" computerName="UA-LPT-OGA2" duration="00:00:01.7650000" startTime="2025-05-14T13:20:31.3146610Z" endTime="2025-05-14T13:25:31.3147553Z" testType="13cdc9d9-ddb5-4fa4-a97d-d965ccfc6d4b" outcome="Passed" testListId="c671819d-7322-4317-9673-d0e471365555" />
    <UnitTestResult executionId="3aa818d5-352c-41be-bd0e-22633fa105a9" testId="41be6437-813b-450f-b757-d94157d19c66" testName="Test8029" computerName="UA-LPT-OGA2" duration="00:00:00.0760000" startTime="2025-05-14T13:20:31.3146610Z" endTime="2025-05-14T13:25:31.3147553Z" testType="13cdc9d9-ddb5-4fa4-a97d-d965ccfc6d4b" outcome="Passed" testListId="c671819d-7322-4317-9673-d0e471365555" />
    <UnitTestResult executionId="f064a991-0de2-41eb-b5f2-5678bdd4c140" testId="72b0f366-22ae-4a41-87fe-8f09f56ad243" testName="Test8030" computerName="UA-LPT-OGA2" duration="00:00:01.0450000" startTime="2025-05-14T13:20:31.3146610Z" endTime="2025-05-14T13:25:31.3147553Z" testType="13cdc9d9-ddb5-4fa4-a97d-d965ccfc6d4b" outcome="Failed" testListId="c671819d-7322-4317-9673-d0e471365555">
      <Output>
        <ErrorInfo>
          <Message>Assertion failed: Expected value did not match actual value.</Message>
          <StackTrace>   at TestNamespace.TestClass.Test() in TestClass.cs:line 472</StackTrace>
        </ErrorInfo>
      </Output>
    </UnitTestResult>
    <UnitTestResult executionId="cad65b06-5ea0-44c6-b4db-4df989b7284e" testId="e2c80ee7-a760-4357-bde7-6bb797ae3a2a" testName="Test8031" computerName="UA-LPT-OGA2" duration="00:00:00.6440000" startTime="2025-05-14T13:20:31.3146610Z" endTime="2025-05-14T13:25:31.3147553Z" testType="13cdc9d9-ddb5-4fa4-a97d-d965ccfc6d4b" outcome="Passed" testListId="c671819d-7322-4317-9673-d0e471365555" />
    <UnitTestResult executionId="2bb4374c-ca82-46b9-b36b-cbf84b6f4a3b" testId="655d08dd-a544-482d-b73b-2ec93370c1b1" testName="Test8032" computerName="UA-LPT-OGA2" duration="00:00:01.0770000" startTime="2025-05-14T13:20:31.3146610Z" endTime="2025-05-14T13:25:31.3147553Z" testType="13cdc9d9-ddb5-4fa4-a97d-d965ccfc6d4b" outcome="Passed" testListId="c671819d-7322-4317-9673-d0e471365555" />
    <UnitTestResult executionId="38388b20-f90b-4c25-be69-cc59b3b0911d" testId="0ee818aa-0859-482b-a238-93daf111b8ba" testName="Test8033" computerName="UA-LPT-OGA2" duration="00:00:01.0360000" startTime="2025-05-14T13:20:31.3146610Z" endTime="2025-05-14T13:25:31.3147553Z" testType="13cdc9d9-ddb5-4fa4-a97d-d965ccfc6d4b" outcome="Passed" testListId="c671819d-7322-4317-9673-d0e471365555" />
    <UnitTestResult executionId="5c8b6b14-63b6-4381-8104-671984657c44" testId="a940b7ee-beff-41e1-b8b6-f80c45f974fb" testName="Test8034" computerName="UA-LPT-OGA2" duration="00:00:01.4840000" startTime="2025-05-14T13:20:31.3146610Z" endTime="2025-05-14T13:25:31.3147553Z" testType="13cdc9d9-ddb5-4fa4-a97d-d965ccfc6d4b" outcome="Passed" testListId="c671819d-7322-4317-9673-d0e471365555" />
    <UnitTestResult executionId="cf9ed3fb-e5b6-4082-b40d-37e1e1688c9d" testId="1a032b01-146d-4ac9-be71-9c5a4fe7211b" testName="Test8035" computerName="UA-LPT-OGA2" duration="00:00:00.8600000" startTime="2025-05-14T13:20:31.3146610Z" endTime="2025-05-14T13:25:31.3147553Z" testType="13cdc9d9-ddb5-4fa4-a97d-d965ccfc6d4b" outcome="Passed" testListId="c671819d-7322-4317-9673-d0e471365555" />
    <UnitTestResult executionId="d5b25086-ef24-4729-85ec-a46329cadc87" testId="e42c26fd-469c-4f0c-a149-1d35e27b8a0c" testName="Test8036" computerName="UA-LPT-OGA2" duration="00:00:01.6980000" startTime="2025-05-14T13:20:31.3146610Z" endTime="2025-05-14T13:25:31.3147553Z" testType="13cdc9d9-ddb5-4fa4-a97d-d965ccfc6d4b" outcome="Passed" testListId="c671819d-7322-4317-9673-d0e471365555" />
    <UnitTestResult executionId="75c10c60-da26-498f-bbcd-9d5f0196499d" testId="965cfce7-bb31-40a5-8324-6f2adce7380f" testName="Test8037" computerName="UA-LPT-OGA2" duration="00:00:01.4590000" startTime="2025-05-14T13:20:31.3146610Z" endTime="2025-05-14T13:25:31.3147553Z" testType="13cdc9d9-ddb5-4fa4-a97d-d965ccfc6d4b" outcome="Passed" testListId="c671819d-7322-4317-9673-d0e471365555" />
    <UnitTestResult executionId="28acc0f9-25dd-4655-909b-ab70e1b2a78e" testId="7ce07630-07ea-4069-9cd3-f595fca9b857" testName="Test8038" computerName="UA-LPT-OGA2" duration="00:00:01.4020000" startTime="2025-05-14T13:20:31.3146610Z" endTime="2025-05-14T13:25:31.3147553Z" testType="13cdc9d9-ddb5-4fa4-a97d-d965ccfc6d4b" outcome="Passed" testListId="c671819d-7322-4317-9673-d0e471365555" />
    <UnitTestResult executionId="96dd8bf9-97d3-4527-abbf-c885e001ad49" testId="28189b72-d80d-4770-babf-5b7366cbc8eb" testName="Test8039" computerName="UA-LPT-OGA2" duration="00:00:00.9920000" startTime="2025-05-14T13:20:31.3146610Z" endTime="2025-05-14T13:25:31.3147553Z" testType="13cdc9d9-ddb5-4fa4-a97d-d965ccfc6d4b" outcome="Passed" testListId="c671819d-7322-4317-9673-d0e471365555" />
    <UnitTestResult executionId="b8d870f8-5129-4d9a-8843-52e03733aea7" testId="c38a8b3f-777f-4c9d-9dfc-aca35eb52455" testName="Test8040" computerName="UA-LPT-OGA2" duration="00:00:01.9680000" startTime="2025-05-14T13:20:31.3146610Z" endTime="2025-05-14T13:25:31.3147553Z" testType="13cdc9d9-ddb5-4fa4-a97d-d965ccfc6d4b" outcome="Passed" testListId="c671819d-7322-4317-9673-d0e471365555" />
    <UnitTestResult executionId="77fa4bd0-c32f-4724-af65-fd546bc24b2e" testId="8568f4eb-eb2b-4282-b81e-08032eb16b9e" testName="Test8041" computerName="UA-LPT-OGA2" duration="00:00:00.2110000" startTime="2025-05-14T13:20:31.3146610Z" endTime="2025-05-14T13:25:31.3147553Z" testType="13cdc9d9-ddb5-4fa4-a97d-d965ccfc6d4b" outcome="Passed" testListId="c671819d-7322-4317-9673-d0e471365555" />
    <UnitTestResult executionId="ebd0b201-0b4e-4883-9c08-e649973d7b5f" testId="1122fe80-5429-4b7a-96f6-55c9c2b0c2c5" testName="Test8042" computerName="UA-LPT-OGA2" duration="00:00:00.6570000" startTime="2025-05-14T13:20:31.3146610Z" endTime="2025-05-14T13:25:31.3147553Z" testType="13cdc9d9-ddb5-4fa4-a97d-d965ccfc6d4b" outcome="Passed" testListId="c671819d-7322-4317-9673-d0e471365555" />
    <UnitTestResult executionId="9cda41ac-81a4-408c-ba7a-e6ea92407138" testId="3bb43e69-193b-4cf7-80ba-b81cca40050c" testName="Test8043" computerName="UA-LPT-OGA2" duration="00:00:00.6670000" startTime="2025-05-14T13:20:31.3146610Z" endTime="2025-05-14T13:25:31.3147553Z" testType="13cdc9d9-ddb5-4fa4-a97d-d965ccfc6d4b" outcome="Passed" testListId="c671819d-7322-4317-9673-d0e471365555" />
    <UnitTestResult executionId="6d0af36d-3ea0-40ce-8a8d-8d7b9fe3ed38" testId="55305594-dda3-434f-8eeb-b5e66888e304" testName="Test8044" computerName="UA-LPT-OGA2" duration="00:00:00.5730000" startTime="2025-05-14T13:20:31.3146610Z" endTime="2025-05-14T13:25:31.3147553Z" testType="13cdc9d9-ddb5-4fa4-a97d-d965ccfc6d4b" outcome="Passed" testListId="c671819d-7322-4317-9673-d0e471365555" />
    <UnitTestResult executionId="18ac1242-8e4e-45c5-86e4-dfeb15e5d696" testId="3c2dfd3c-8242-44bd-aa57-ffff312f4744" testName="Test8045" computerName="UA-LPT-OGA2" duration="00:00:01.9060000" startTime="2025-05-14T13:20:31.3146610Z" endTime="2025-05-14T13:25:31.3147553Z" testType="13cdc9d9-ddb5-4fa4-a97d-d965ccfc6d4b" outcome="Passed" testListId="c671819d-7322-4317-9673-d0e471365555" />
    <UnitTestResult executionId="e875abb7-27ee-4ee8-aa79-1be67f14fe90" testId="3a142085-2f25-490a-8f76-d837ec582b4a" testName="Test8046" computerName="UA-LPT-OGA2" duration="00:00:01.0790000" startTime="2025-05-14T13:20:31.3146610Z" endTime="2025-05-14T13:25:31.3147553Z" testType="13cdc9d9-ddb5-4fa4-a97d-d965ccfc6d4b" outcome="Passed" testListId="c671819d-7322-4317-9673-d0e471365555" />
    <UnitTestResult executionId="412c2e86-f85e-43c2-bb62-719696e935be" testId="6a506354-4732-4341-b095-dcebe00ee58f" testName="Test8047" computerName="UA-LPT-OGA2" duration="00:00:01.6810000" startTime="2025-05-14T13:20:31.3146610Z" endTime="2025-05-14T13:25:31.3147553Z" testType="13cdc9d9-ddb5-4fa4-a97d-d965ccfc6d4b" outcome="Passed" testListId="c671819d-7322-4317-9673-d0e471365555" />
    <UnitTestResult executionId="9514f203-f8ec-46a8-bf3d-98b1ba2a93d2" testId="f179ded3-d2fb-4922-afc1-8497252717de" testName="Test8048" computerName="UA-LPT-OGA2" duration="00:00:00.9540000" startTime="2025-05-14T13:20:31.3146610Z" endTime="2025-05-14T13:25:31.3147553Z" testType="13cdc9d9-ddb5-4fa4-a97d-d965ccfc6d4b" outcome="Passed" testListId="c671819d-7322-4317-9673-d0e471365555" />
    <UnitTestResult executionId="ee084272-4a4b-4463-9dc0-caeffb6fede0" testId="9d7aee3a-4875-4625-897a-4b2d1eeff584" testName="Test8049" computerName="UA-LPT-OGA2" duration="00:00:00.6960000" startTime="2025-05-14T13:20:31.3146610Z" endTime="2025-05-14T13:25:31.3147553Z" testType="13cdc9d9-ddb5-4fa4-a97d-d965ccfc6d4b" outcome="Passed" testListId="c671819d-7322-4317-9673-d0e471365555" />
    <UnitTestResult executionId="70771b2b-4fa7-4e19-a91a-e14358166477" testId="0a55e407-4a6c-4820-ae36-e5e0ff112fa2" testName="Test8050" computerName="UA-LPT-OGA2" duration="00:00:00.7830000" startTime="2025-05-14T13:20:31.3146610Z" endTime="2025-05-14T13:25:31.3147553Z" testType="13cdc9d9-ddb5-4fa4-a97d-d965ccfc6d4b" outcome="Passed" testListId="c671819d-7322-4317-9673-d0e471365555" />
    <UnitTestResult executionId="e1834750-0e42-456e-b514-c958aeac2f4f" testId="ddf034c6-aae9-4304-ab57-5c08102f492b" testName="Test8051" computerName="UA-LPT-OGA2" duration="00:00:00.9850000" startTime="2025-05-14T13:20:31.3146610Z" endTime="2025-05-14T13:25:31.3147553Z" testType="13cdc9d9-ddb5-4fa4-a97d-d965ccfc6d4b" outcome="Passed" testListId="c671819d-7322-4317-9673-d0e471365555" />
    <UnitTestResult executionId="b720c8b2-24c6-4b1c-99c3-fa2c7ce751e9" testId="dec8c960-af6f-418f-a103-2f6084d4f3b4" testName="Test8052" computerName="UA-LPT-OGA2" duration="00:00:01.8600000" startTime="2025-05-14T13:20:31.3146610Z" endTime="2025-05-14T13:25:31.3147553Z" testType="13cdc9d9-ddb5-4fa4-a97d-d965ccfc6d4b" outcome="Passed" testListId="c671819d-7322-4317-9673-d0e471365555" />
    <UnitTestResult executionId="631ee242-3da6-4a83-8acf-4c1f91547f76" testId="d3c5232e-e671-4e18-a255-2ca833b9b560" testName="Test8053" computerName="UA-LPT-OGA2" duration="00:00:01.5800000" startTime="2025-05-14T13:20:31.3146610Z" endTime="2025-05-14T13:25:31.3147553Z" testType="13cdc9d9-ddb5-4fa4-a97d-d965ccfc6d4b" outcome="Passed" testListId="c671819d-7322-4317-9673-d0e471365555" />
    <UnitTestResult executionId="245e9464-9694-4b8e-8cd2-eba964e05ebd" testId="cc1106e4-2629-46ef-8ba8-0b6e24eaf18d" testName="Test8054" computerName="UA-LPT-OGA2" duration="00:00:00.7900000" startTime="2025-05-14T13:20:31.3146610Z" endTime="2025-05-14T13:25:31.3147553Z" testType="13cdc9d9-ddb5-4fa4-a97d-d965ccfc6d4b" outcome="Passed" testListId="c671819d-7322-4317-9673-d0e471365555" />
    <UnitTestResult executionId="c6b52c74-1519-40af-9d3b-802dc70b5ae9" testId="80a663cd-98f9-4cb3-9a7a-cf0e7cfc2538" testName="Test8055" computerName="UA-LPT-OGA2" duration="00:00:01.1060000" startTime="2025-05-14T13:20:31.3146610Z" endTime="2025-05-14T13:25:31.3147553Z" testType="13cdc9d9-ddb5-4fa4-a97d-d965ccfc6d4b" outcome="Passed" testListId="c671819d-7322-4317-9673-d0e471365555" />
    <UnitTestResult executionId="5a9d86f2-c520-4b30-a49f-0e01b0db0307" testId="2240371e-221c-40ca-adda-bddc07a671f9" testName="Test8056" computerName="UA-LPT-OGA2" duration="00:00:00.5960000" startTime="2025-05-14T13:20:31.3146610Z" endTime="2025-05-14T13:25:31.3147553Z" testType="13cdc9d9-ddb5-4fa4-a97d-d965ccfc6d4b" outcome="Passed" testListId="c671819d-7322-4317-9673-d0e471365555" />
    <UnitTestResult executionId="6d750b48-58a8-4275-89a8-36be7d9ee398" testId="c54fd5aa-b648-4a81-8c86-25514e161550" testName="Test8057" computerName="UA-LPT-OGA2" duration="00:00:00.6630000" startTime="2025-05-14T13:20:31.3146610Z" endTime="2025-05-14T13:25:31.3147553Z" testType="13cdc9d9-ddb5-4fa4-a97d-d965ccfc6d4b" outcome="Passed" testListId="c671819d-7322-4317-9673-d0e471365555" />
    <UnitTestResult executionId="e76a7645-da6a-4ecf-94e0-261783ecf0a1" testId="7c065ef8-a5f5-4ec1-b888-7b60baa8c1f8" testName="Test8058" computerName="UA-LPT-OGA2" duration="00:00:00.9070000" startTime="2025-05-14T13:20:31.3146610Z" endTime="2025-05-14T13:25:31.3147553Z" testType="13cdc9d9-ddb5-4fa4-a97d-d965ccfc6d4b" outcome="Passed" testListId="c671819d-7322-4317-9673-d0e471365555" />
    <UnitTestResult executionId="87ba10a0-8c1a-4066-a0b6-271e978775fe" testId="6fbc21d0-def9-480f-8088-8eae8212f08e" testName="Test8059" computerName="UA-LPT-OGA2" duration="00:00:01.5090000" startTime="2025-05-14T13:20:31.3146610Z" endTime="2025-05-14T13:25:31.3147553Z" testType="13cdc9d9-ddb5-4fa4-a97d-d965ccfc6d4b" outcome="Passed" testListId="c671819d-7322-4317-9673-d0e471365555" />
    <UnitTestResult executionId="b19e94e9-5dd8-4486-ae68-45fdfcb731a0" testId="e15b872b-9b73-4416-a6fb-fdb96e9aef2d" testName="Test8060" computerName="UA-LPT-OGA2" duration="00:00:01.2570000" startTime="2025-05-14T13:20:31.3146610Z" endTime="2025-05-14T13:25:31.3147553Z" testType="13cdc9d9-ddb5-4fa4-a97d-d965ccfc6d4b" outcome="Passed" testListId="c671819d-7322-4317-9673-d0e471365555" />
    <UnitTestResult executionId="2dc6aeab-ca36-482e-ad4f-a6809be25bd0" testId="7343549b-f36b-408c-8c59-e41dd2be2a24" testName="Test8061" computerName="UA-LPT-OGA2" duration="00:00:01.1160000" startTime="2025-05-14T13:20:31.3146610Z" endTime="2025-05-14T13:25:31.3147553Z" testType="13cdc9d9-ddb5-4fa4-a97d-d965ccfc6d4b" outcome="Passed" testListId="c671819d-7322-4317-9673-d0e471365555" />
    <UnitTestResult executionId="1c0009ba-dadc-482b-936c-d5b130c87fbc" testId="fefaeff2-f632-433d-b1d8-962b489bb331" testName="Test8062" computerName="UA-LPT-OGA2" duration="00:00:01.5900000" startTime="2025-05-14T13:20:31.3146610Z" endTime="2025-05-14T13:25:31.3147553Z" testType="13cdc9d9-ddb5-4fa4-a97d-d965ccfc6d4b" outcome="Passed" testListId="c671819d-7322-4317-9673-d0e471365555" />
    <UnitTestResult executionId="2b3c1935-72d4-4927-9ae6-1111245352d3" testId="27adcae4-b709-451b-afde-23ce65c5f154" testName="Test8063" computerName="UA-LPT-OGA2" duration="00:00:01.6480000" startTime="2025-05-14T13:20:31.3146610Z" endTime="2025-05-14T13:25:31.3147553Z" testType="13cdc9d9-ddb5-4fa4-a97d-d965ccfc6d4b" outcome="Passed" testListId="c671819d-7322-4317-9673-d0e471365555" />
    <UnitTestResult executionId="36342939-fa63-47ee-aba2-414fd5f3b5cb" testId="3604884a-8a12-4db4-bf6d-e7a70b180c15" testName="Test8064" computerName="UA-LPT-OGA2" duration="00:00:01.0870000" startTime="2025-05-14T13:20:31.3146610Z" endTime="2025-05-14T13:25:31.3147553Z" testType="13cdc9d9-ddb5-4fa4-a97d-d965ccfc6d4b" outcome="Passed" testListId="c671819d-7322-4317-9673-d0e471365555" />
    <UnitTestResult executionId="7bcf9a65-af78-418a-967e-df41149c308f" testId="3b4547f9-0961-4b1a-8f8a-6efa6ba0ed54" testName="Test8065" computerName="UA-LPT-OGA2" duration="00:00:01.1690000" startTime="2025-05-14T13:20:31.3146610Z" endTime="2025-05-14T13:25:31.3147553Z" testType="13cdc9d9-ddb5-4fa4-a97d-d965ccfc6d4b" outcome="Failed" testListId="c671819d-7322-4317-9673-d0e471365555">
      <Output>
        <ErrorInfo>
          <Message>Assertion failed: Expected value did not match actual value.</Message>
          <StackTrace>   at TestNamespace.TestClass.Test() in TestClass.cs:line 154</StackTrace>
        </ErrorInfo>
      </Output>
    </UnitTestResult>
    <UnitTestResult executionId="da220628-1b05-44ab-be68-717b7e81b4da" testId="b5462b96-f353-4c23-918d-014b3832e82d" testName="Test8066" computerName="UA-LPT-OGA2" duration="00:00:01.0620000" startTime="2025-05-14T13:20:31.3146610Z" endTime="2025-05-14T13:25:31.3147553Z" testType="13cdc9d9-ddb5-4fa4-a97d-d965ccfc6d4b" outcome="Passed" testListId="c671819d-7322-4317-9673-d0e471365555" />
    <UnitTestResult executionId="7a5ffc1b-1e74-4034-a17e-5a3b5722a04e" testId="ed1651ac-8724-420d-a44a-2b1aff18d0fb" testName="Test8067" computerName="UA-LPT-OGA2" duration="00:00:01.9810000" startTime="2025-05-14T13:20:31.3146610Z" endTime="2025-05-14T13:25:31.3147553Z" testType="13cdc9d9-ddb5-4fa4-a97d-d965ccfc6d4b" outcome="Passed" testListId="c671819d-7322-4317-9673-d0e471365555" />
    <UnitTestResult executionId="c42db0c9-bdfd-4458-b6d6-036048a98585" testId="2d903039-bcec-42be-a8a7-c1a49d9b6a87" testName="Test8068" computerName="UA-LPT-OGA2" duration="00:00:00.4110000" startTime="2025-05-14T13:20:31.3146610Z" endTime="2025-05-14T13:25:31.3147553Z" testType="13cdc9d9-ddb5-4fa4-a97d-d965ccfc6d4b" outcome="Failed" testListId="c671819d-7322-4317-9673-d0e471365555">
      <Output>
        <ErrorInfo>
          <Message>Assertion failed: Expected value did not match actual value.</Message>
          <StackTrace>   at TestNamespace.TestClass.Test() in TestClass.cs:line 347</StackTrace>
        </ErrorInfo>
      </Output>
    </UnitTestResult>
    <UnitTestResult executionId="5db072db-299d-49c7-9f2d-4994e5dea2b7" testId="934fbb1c-4d77-4ae3-82ea-348a7a657624" testName="Test8069" computerName="UA-LPT-OGA2" duration="00:00:00.5120000" startTime="2025-05-14T13:20:31.3146610Z" endTime="2025-05-14T13:25:31.3147553Z" testType="13cdc9d9-ddb5-4fa4-a97d-d965ccfc6d4b" outcome="Passed" testListId="c671819d-7322-4317-9673-d0e471365555" />
    <UnitTestResult executionId="4903085b-9fdf-41fa-a837-48fcb1ce865d" testId="f39bd9b0-b6dc-4961-9b42-98f58575c4ea" testName="Test8070" computerName="UA-LPT-OGA2" duration="00:00:01.5820000" startTime="2025-05-14T13:20:31.3146610Z" endTime="2025-05-14T13:25:31.3147553Z" testType="13cdc9d9-ddb5-4fa4-a97d-d965ccfc6d4b" outcome="Passed" testListId="c671819d-7322-4317-9673-d0e471365555" />
    <UnitTestResult executionId="a5c4d2eb-c18d-4a28-aaf6-a1a9670f595a" testId="14eb47df-c98a-4153-85c8-9bb91276a921" testName="Test8071" computerName="UA-LPT-OGA2" duration="00:00:01.7240000" startTime="2025-05-14T13:20:31.3146610Z" endTime="2025-05-14T13:25:31.3147553Z" testType="13cdc9d9-ddb5-4fa4-a97d-d965ccfc6d4b" outcome="Passed" testListId="c671819d-7322-4317-9673-d0e471365555" />
    <UnitTestResult executionId="28834d1c-038a-4f03-8cb7-8b6ae99aa88a" testId="d65892a3-b4f5-4fd0-97eb-49f278c60d8e" testName="Test8072" computerName="UA-LPT-OGA2" duration="00:00:00.5550000" startTime="2025-05-14T13:20:31.3146610Z" endTime="2025-05-14T13:25:31.3147553Z" testType="13cdc9d9-ddb5-4fa4-a97d-d965ccfc6d4b" outcome="Passed" testListId="c671819d-7322-4317-9673-d0e471365555" />
    <UnitTestResult executionId="8d3b630f-8bb7-4997-b166-c4d18f8f45ba" testId="b3132ba1-0144-41f9-bcfd-4f35e8010893" testName="Test8073" computerName="UA-LPT-OGA2" duration="00:00:01.5510000" startTime="2025-05-14T13:20:31.3146610Z" endTime="2025-05-14T13:25:31.3147553Z" testType="13cdc9d9-ddb5-4fa4-a97d-d965ccfc6d4b" outcome="Failed" testListId="c671819d-7322-4317-9673-d0e471365555">
      <Output>
        <ErrorInfo>
          <Message>Assertion failed: Expected value did not match actual value.</Message>
          <StackTrace>   at TestNamespace.TestClass.Test() in TestClass.cs:line 36</StackTrace>
        </ErrorInfo>
      </Output>
    </UnitTestResult>
    <UnitTestResult executionId="dfe66d46-3c69-40f1-88dc-1a6924e0ef67" testId="ff701154-7fdd-44d3-8a93-c2b601975783" testName="Test8074" computerName="UA-LPT-OGA2" duration="00:00:00.7330000" startTime="2025-05-14T13:20:31.3146610Z" endTime="2025-05-14T13:25:31.3147553Z" testType="13cdc9d9-ddb5-4fa4-a97d-d965ccfc6d4b" outcome="Passed" testListId="c671819d-7322-4317-9673-d0e471365555" />
    <UnitTestResult executionId="f4521f6b-a00c-4101-8f90-a086bb1752b4" testId="234b3b76-2fb9-45a1-8072-a49be990f3ef" testName="Test8075" computerName="UA-LPT-OGA2" duration="00:00:01.1550000" startTime="2025-05-14T13:20:31.3146610Z" endTime="2025-05-14T13:25:31.3147553Z" testType="13cdc9d9-ddb5-4fa4-a97d-d965ccfc6d4b" outcome="Failed" testListId="c671819d-7322-4317-9673-d0e471365555">
      <Output>
        <ErrorInfo>
          <Message>Assertion failed: Expected value did not match actual value.</Message>
          <StackTrace>   at TestNamespace.TestClass.Test() in TestClass.cs:line 133</StackTrace>
        </ErrorInfo>
      </Output>
    </UnitTestResult>
    <UnitTestResult executionId="097e6627-f067-4917-9350-d33cf082cc90" testId="10f5f7ec-a0df-44b1-9e28-fa164ef47e3c" testName="Test8076" computerName="UA-LPT-OGA2" duration="00:00:00.9990000" startTime="2025-05-14T13:20:31.3146610Z" endTime="2025-05-14T13:25:31.3147553Z" testType="13cdc9d9-ddb5-4fa4-a97d-d965ccfc6d4b" outcome="Passed" testListId="c671819d-7322-4317-9673-d0e471365555" />
    <UnitTestResult executionId="65d60c14-144e-406e-9609-e009c63eb483" testId="4da77bc2-08ef-48e9-8ec1-22c3efe5b4ae" testName="Test8077" computerName="UA-LPT-OGA2" duration="00:00:00.7430000" startTime="2025-05-14T13:20:31.3146610Z" endTime="2025-05-14T13:25:31.3147553Z" testType="13cdc9d9-ddb5-4fa4-a97d-d965ccfc6d4b" outcome="Passed" testListId="c671819d-7322-4317-9673-d0e471365555" />
    <UnitTestResult executionId="cb8e47e1-44b8-4657-a869-33293cea6ae9" testId="47283f18-e140-4889-b677-7493b3a8c1a9" testName="Test8078" computerName="UA-LPT-OGA2" duration="00:00:00.2350000" startTime="2025-05-14T13:20:31.3146610Z" endTime="2025-05-14T13:25:31.3147553Z" testType="13cdc9d9-ddb5-4fa4-a97d-d965ccfc6d4b" outcome="Failed" testListId="c671819d-7322-4317-9673-d0e471365555">
      <Output>
        <ErrorInfo>
          <Message>Assertion failed: Expected value did not match actual value.</Message>
          <StackTrace>   at TestNamespace.TestClass.Test() in TestClass.cs:line 338</StackTrace>
        </ErrorInfo>
      </Output>
    </UnitTestResult>
    <UnitTestResult executionId="9e101f7a-edba-4185-9762-fc3281f6b7dc" testId="3e3d70a3-2b4f-40d6-b889-2ce2aca8ca58" testName="Test8079" computerName="UA-LPT-OGA2" duration="00:00:00.4010000" startTime="2025-05-14T13:20:31.3146610Z" endTime="2025-05-14T13:25:31.3147553Z" testType="13cdc9d9-ddb5-4fa4-a97d-d965ccfc6d4b" outcome="Failed" testListId="c671819d-7322-4317-9673-d0e471365555">
      <Output>
        <ErrorInfo>
          <Message>Assertion failed: Expected value did not match actual value.</Message>
          <StackTrace>   at TestNamespace.TestClass.Test() in TestClass.cs:line 112</StackTrace>
        </ErrorInfo>
      </Output>
    </UnitTestResult>
    <UnitTestResult executionId="18659b69-49e2-49de-8b16-2745c7f69e2a" testId="0f3e13ef-1084-4bdd-a8aa-bbca9a2c7fff" testName="Test8080" computerName="UA-LPT-OGA2" duration="00:00:00.9360000" startTime="2025-05-14T13:20:31.3146610Z" endTime="2025-05-14T13:25:31.3147553Z" testType="13cdc9d9-ddb5-4fa4-a97d-d965ccfc6d4b" outcome="Passed" testListId="c671819d-7322-4317-9673-d0e471365555" />
    <UnitTestResult executionId="45aa4e5b-75a2-472a-9ab4-0a72aebe9bce" testId="511d40f5-79bb-42c9-ae61-0329097dc869" testName="Test8081" computerName="UA-LPT-OGA2" duration="00:00:01.4180000" startTime="2025-05-14T13:20:31.3146610Z" endTime="2025-05-14T13:25:31.3147553Z" testType="13cdc9d9-ddb5-4fa4-a97d-d965ccfc6d4b" outcome="Passed" testListId="c671819d-7322-4317-9673-d0e471365555" />
    <UnitTestResult executionId="a0b364d0-7b5a-4214-a149-072a30b31a95" testId="d8c27f57-c8b3-4321-a81a-4d5bb9c25f08" testName="Test8082" computerName="UA-LPT-OGA2" duration="00:00:00.4280000" startTime="2025-05-14T13:20:31.3146610Z" endTime="2025-05-14T13:25:31.3147553Z" testType="13cdc9d9-ddb5-4fa4-a97d-d965ccfc6d4b" outcome="Passed" testListId="c671819d-7322-4317-9673-d0e471365555" />
    <UnitTestResult executionId="7c63070d-f8ec-455e-9c0f-80ec9844644d" testId="dc8dd114-2ebf-4878-8b83-6de4ad4c73ff" testName="Test8083" computerName="UA-LPT-OGA2" duration="00:00:00.9570000" startTime="2025-05-14T13:20:31.3146610Z" endTime="2025-05-14T13:25:31.3147553Z" testType="13cdc9d9-ddb5-4fa4-a97d-d965ccfc6d4b" outcome="Passed" testListId="c671819d-7322-4317-9673-d0e471365555" />
    <UnitTestResult executionId="919db6b3-d6a6-418f-9b5b-457d020e6436" testId="b850ce07-e5fa-4049-af74-df001a32432a" testName="Test8084" computerName="UA-LPT-OGA2" duration="00:00:01.8720000" startTime="2025-05-14T13:20:31.3146610Z" endTime="2025-05-14T13:25:31.3147553Z" testType="13cdc9d9-ddb5-4fa4-a97d-d965ccfc6d4b" outcome="Passed" testListId="c671819d-7322-4317-9673-d0e471365555" />
    <UnitTestResult executionId="03291416-e53b-489c-a74b-8210b7dc44e2" testId="0bfde952-77fd-4c8e-bdde-3202e86552a8" testName="Test8085" computerName="UA-LPT-OGA2" duration="00:00:00.3840000" startTime="2025-05-14T13:20:31.3146610Z" endTime="2025-05-14T13:25:31.3147553Z" testType="13cdc9d9-ddb5-4fa4-a97d-d965ccfc6d4b" outcome="Failed" testListId="c671819d-7322-4317-9673-d0e471365555">
      <Output>
        <ErrorInfo>
          <Message>Assertion failed: Expected value did not match actual value.</Message>
          <StackTrace>   at TestNamespace.TestClass.Test() in TestClass.cs:line 120</StackTrace>
        </ErrorInfo>
      </Output>
    </UnitTestResult>
    <UnitTestResult executionId="c67d31bd-f209-4719-8b00-97727a813407" testId="8db7eed0-1b5f-4b60-8f53-b24744cc2b92" testName="Test8086" computerName="UA-LPT-OGA2" duration="00:00:01.3510000" startTime="2025-05-14T13:20:31.3146610Z" endTime="2025-05-14T13:25:31.3147553Z" testType="13cdc9d9-ddb5-4fa4-a97d-d965ccfc6d4b" outcome="Passed" testListId="c671819d-7322-4317-9673-d0e471365555" />
    <UnitTestResult executionId="14590716-e2f2-4cbd-a6e4-de7ece2c60d3" testId="8d1f176d-eb82-4cf9-9a3e-9920dbb4b156" testName="Test8087" computerName="UA-LPT-OGA2" duration="00:00:01.8670000" startTime="2025-05-14T13:20:31.3146610Z" endTime="2025-05-14T13:25:31.3147553Z" testType="13cdc9d9-ddb5-4fa4-a97d-d965ccfc6d4b" outcome="Passed" testListId="c671819d-7322-4317-9673-d0e471365555" />
    <UnitTestResult executionId="eac6b3a1-0e20-4d91-8225-7463630c43b4" testId="0eb9d2c0-6eee-402c-9572-d1cbd5c1887d" testName="Test8088" computerName="UA-LPT-OGA2" duration="00:00:01.4340000" startTime="2025-05-14T13:20:31.3146610Z" endTime="2025-05-14T13:25:31.3147553Z" testType="13cdc9d9-ddb5-4fa4-a97d-d965ccfc6d4b" outcome="Passed" testListId="c671819d-7322-4317-9673-d0e471365555" />
    <UnitTestResult executionId="1c99ed9a-a988-4d23-9809-81b7d58b81c0" testId="5a3995c8-46cb-4fb8-9fd7-4f0dd3bbad1c" testName="Test8089" computerName="UA-LPT-OGA2" duration="00:00:00.8550000" startTime="2025-05-14T13:20:31.3146610Z" endTime="2025-05-14T13:25:31.3147553Z" testType="13cdc9d9-ddb5-4fa4-a97d-d965ccfc6d4b" outcome="Passed" testListId="c671819d-7322-4317-9673-d0e471365555" />
    <UnitTestResult executionId="952acde7-4b9b-4eab-aceb-b2cb2aac2b58" testId="52439971-fc82-460b-b0f9-4918b62be12c" testName="Test8090" computerName="UA-LPT-OGA2" duration="00:00:00.9560000" startTime="2025-05-14T13:20:31.3146610Z" endTime="2025-05-14T13:25:31.3147553Z" testType="13cdc9d9-ddb5-4fa4-a97d-d965ccfc6d4b" outcome="Passed" testListId="c671819d-7322-4317-9673-d0e471365555" />
    <UnitTestResult executionId="c21721b2-58d7-4ea8-a7da-cb38cdfe7989" testId="40150979-2002-4b1f-825d-be7884e2b3ad" testName="Test8091" computerName="UA-LPT-OGA2" duration="00:00:01.6340000" startTime="2025-05-14T13:20:31.3146610Z" endTime="2025-05-14T13:25:31.3147553Z" testType="13cdc9d9-ddb5-4fa4-a97d-d965ccfc6d4b" outcome="Passed" testListId="c671819d-7322-4317-9673-d0e471365555" />
    <UnitTestResult executionId="a854e834-2706-4232-bf50-39b6b5d63b03" testId="dfa1fccf-bc76-4844-a873-bc4b910f51d2" testName="Test8092" computerName="UA-LPT-OGA2" duration="00:00:01.1700000" startTime="2025-05-14T13:20:31.3146610Z" endTime="2025-05-14T13:25:31.3147553Z" testType="13cdc9d9-ddb5-4fa4-a97d-d965ccfc6d4b" outcome="Passed" testListId="c671819d-7322-4317-9673-d0e471365555" />
    <UnitTestResult executionId="91177c0e-825b-45fe-955f-7c3d63039470" testId="ca5580bb-8c99-4297-8434-1a43601804e8" testName="Test8093" computerName="UA-LPT-OGA2" duration="00:00:01.8900000" startTime="2025-05-14T13:20:31.3146610Z" endTime="2025-05-14T13:25:31.3147553Z" testType="13cdc9d9-ddb5-4fa4-a97d-d965ccfc6d4b" outcome="Passed" testListId="c671819d-7322-4317-9673-d0e471365555" />
    <UnitTestResult executionId="108e44e8-b784-4975-8ef5-8168b248c61b" testId="6568e039-29a5-4393-9e76-246a61488c82" testName="Test8094" computerName="UA-LPT-OGA2" duration="00:00:01.0470000" startTime="2025-05-14T13:20:31.3146610Z" endTime="2025-05-14T13:25:31.3147553Z" testType="13cdc9d9-ddb5-4fa4-a97d-d965ccfc6d4b" outcome="Passed" testListId="c671819d-7322-4317-9673-d0e471365555" />
    <UnitTestResult executionId="b56406ef-ef21-4104-aa7d-7d1a4af41796" testId="8e53142b-cb84-4bc4-a8d5-9f6dc32381d7" testName="Test8095" computerName="UA-LPT-OGA2" duration="00:00:00.3720000" startTime="2025-05-14T13:20:31.3146610Z" endTime="2025-05-14T13:25:31.3147553Z" testType="13cdc9d9-ddb5-4fa4-a97d-d965ccfc6d4b" outcome="Passed" testListId="c671819d-7322-4317-9673-d0e471365555" />
    <UnitTestResult executionId="61a45832-87f4-43b2-9854-d7a2df170e30" testId="0eb21c82-c6e7-4eea-8c8c-66570f12568e" testName="Test8096" computerName="UA-LPT-OGA2" duration="00:00:00.6280000" startTime="2025-05-14T13:20:31.3146610Z" endTime="2025-05-14T13:25:31.3147553Z" testType="13cdc9d9-ddb5-4fa4-a97d-d965ccfc6d4b" outcome="Passed" testListId="c671819d-7322-4317-9673-d0e471365555" />
    <UnitTestResult executionId="b503fce5-c3b2-48b7-aa14-e9ffe8fd6653" testId="5095c91c-5f2c-4e8b-9849-5e9d7b95f452" testName="Test8097" computerName="UA-LPT-OGA2" duration="00:00:00.8400000" startTime="2025-05-14T13:20:31.3146610Z" endTime="2025-05-14T13:25:31.3147553Z" testType="13cdc9d9-ddb5-4fa4-a97d-d965ccfc6d4b" outcome="Passed" testListId="c671819d-7322-4317-9673-d0e471365555" />
    <UnitTestResult executionId="75423fe5-c0cd-4da7-ae6f-99898a2ba0e0" testId="38106f4a-8813-4066-81a0-415cdaee7a2d" testName="Test8098" computerName="UA-LPT-OGA2" duration="00:00:00.6190000" startTime="2025-05-14T13:20:31.3146610Z" endTime="2025-05-14T13:25:31.3147553Z" testType="13cdc9d9-ddb5-4fa4-a97d-d965ccfc6d4b" outcome="Passed" testListId="c671819d-7322-4317-9673-d0e471365555" />
    <UnitTestResult executionId="7b314359-f81b-4f9f-a7b0-3a9fcec1ca79" testId="4e7ef858-72a7-46ce-8314-6423397f8fb1" testName="Test8099" computerName="UA-LPT-OGA2" duration="00:00:00.0470000" startTime="2025-05-14T13:20:31.3146610Z" endTime="2025-05-14T13:25:31.3147553Z" testType="13cdc9d9-ddb5-4fa4-a97d-d965ccfc6d4b" outcome="Passed" testListId="c671819d-7322-4317-9673-d0e471365555" />
    <UnitTestResult executionId="11956ffc-548b-4d53-ac62-3fc0bdbe4f32" testId="641c2591-238c-433f-b303-a8080f2a0966" testName="Test8100" computerName="UA-LPT-OGA2" duration="00:00:01.7720000" startTime="2025-05-14T13:20:31.3146610Z" endTime="2025-05-14T13:25:31.3147553Z" testType="13cdc9d9-ddb5-4fa4-a97d-d965ccfc6d4b" outcome="Passed" testListId="c671819d-7322-4317-9673-d0e471365555" />
  </Results>
  <TestDefinitions>
    <UnitTest name="Test8001" id="3392da75-c13e-40a3-b874-31560c726738" storage="TestAssembly.dll">
      <Execution id="21c5513a-b24a-4f16-996e-5227692148ee" />
      <TestMethod codeBase="TestAssembly.dll" className="TestNamespace.TestClass1" name="Test8001" />
    </UnitTest>
    <UnitTest name="Test8002" id="15f6744a-a549-4ed4-a322-5ca98e63e64a" storage="TestAssembly.dll">
      <Execution id="c8bbdc39-e9ec-407f-b755-22eaa1ca7ede" />
      <TestMethod codeBase="TestAssembly.dll" className="TestNamespace.TestClass1" name="Test8002" />
    </UnitTest>
    <UnitTest name="Test8003" id="7c9739a8-d141-4b59-9622-47460b796ea7" storage="TestAssembly.dll">
      <Execution id="b7a101f8-d559-4aca-bc9f-bc65cff4cc5b" />
      <TestMethod codeBase="TestAssembly.dll" className="TestNamespace.TestClass1" name="Test8003" />
    </UnitTest>
    <UnitTest name="Test8004" id="10faec52-cbb2-4ef1-8a23-5219c1730854" storage="TestAssembly.dll">
      <Execution id="f17b8c78-668e-432f-8008-0edbb92bee25" />
      <TestMethod codeBase="TestAssembly.dll" className="TestNamespace.TestClass1" name="Test8004" />
    </UnitTest>
    <UnitTest name="Test8005" id="3405ddd0-61c4-433e-a54c-e27024d4fa55" storage="TestAssembly.dll">
      <Execution id="f676f488-396c-4a65-aeae-77571d5c8072" />
      <TestMethod codeBase="TestAssembly.dll" className="TestNamespace.TestClass1" name="Test8005" />
    </UnitTest>
    <UnitTest name="Test8006" id="201394a3-5706-4228-a387-fade18b692da" storage="TestAssembly.dll">
      <Execution id="ad567f3d-48d2-40fd-b131-acb0a6958899" />
      <TestMethod codeBase="TestAssembly.dll" className="TestNamespace.TestClass1" name="Test8006" />
    </UnitTest>
    <UnitTest name="Test8007" id="d0385b04-2871-4f5b-a28b-5314726b4184" storage="TestAssembly.dll">
      <Execution id="02572b2c-8efb-4658-94b4-4a8bc09e4c46" />
      <TestMethod codeBase="TestAssembly.dll" className="TestNamespace.TestClass1" name="Test8007" />
    </UnitTest>
    <UnitTest name="Test8008" id="c54ec525-ffec-4e6a-9258-4d42835a11c2" storage="TestAssembly.dll">
      <Execution id="3755fbc4-33c0-4257-9a1c-b191ef62e2d2" />
      <TestMethod codeBase="TestAssembly.dll" className="TestNamespace.TestClass1" name="Test8008" />
    </UnitTest>
    <UnitTest name="Test8009" id="a0aed3b2-1083-4245-bd44-247819b4e72f" storage="TestAssembly.dll">
      <Execution id="1ad31c19-4bd8-4003-89a8-18c87ce681bb" />
      <TestMethod codeBase="TestAssembly.dll" className="TestNamespace.TestClass1" name="Test8009" />
    </UnitTest>
    <UnitTest name="Test8010" id="b19a6d68-f17d-4839-b7d4-4d0114092053" storage="TestAssembly.dll">
      <Execution id="c7c85ec6-2cd1-4f1a-a812-b20652b12915" />
      <TestMethod codeBase="TestAssembly.dll" className="TestNamespace.TestClass1" name="Test8010" />
    </UnitTest>
    <UnitTest name="Test8011" id="c857ad20-a4a8-4208-9962-a33034c36545" storage="TestAssembly.dll">
      <Execution id="ec66bd84-111c-4bf1-9edc-009c1240b511" />
      <TestMethod codeBase="TestAssembly.dll" className="TestNamespace.TestClass2" name="Test8011" />
    </UnitTest>
    <UnitTest name="Test8012" id="5353d70e-2391-4804-92fe-66bf55a4ba91" storage="TestAssembly.dll">
      <Execution id="fc05d556-8488-4765-b641-e1cc8eb21f0d" />
      <TestMethod codeBase="TestAssembly.dll" className="TestNamespace.TestClass2" name="Test8012" />
    </UnitTest>
    <UnitTest name="Test8013" id="3a6f740b-2c4a-4293-8f05-4115f3a919b3" storage="TestAssembly.dll">
      <Execution id="2828f807-1183-49b2-8029-eb363d4d0d13" />
      <TestMethod codeBase="TestAssembly.dll" className="TestNamespace.TestClass2" name="Test8013" />
    </UnitTest>
    <UnitTest name="Test8014" id="8d24061c-e104-4f6d-b70b-8cfd02fc1ec0" storage="TestAssembly.dll">
      <Execution id="a9378e5f-70f9-422b-8134-b5f8caec0ba6" />
      <TestMethod codeBase="TestAssembly.dll" className="TestNamespace.TestClass2" name="Test8014" />
    </UnitTest>
    <UnitTest name="Test8015" id="449ee6d3-ff90-4df7-888d-23345f12743e" storage="TestAssembly.dll">
      <Execution id="ac9f5207-12d9-4302-b336-9e79107dae9c" />
      <TestMethod codeBase="TestAssembly.dll" className="TestNamespace.TestClass2" name="Test8015" />
    </UnitTest>
    <UnitTest name="Test8016" id="d42be1d4-c3b9-4c97-8043-08a40ceb7c35" storage="TestAssembly.dll">
      <Execution id="2a2eb955-7b04-4a69-8bd6-01baa157849f" />
      <TestMethod codeBase="TestAssembly.dll" className="TestNamespace.TestClass2" name="Test8016" />
    </UnitTest>
    <UnitTest name="Test8017" id="cc5252b4-286e-4b9c-9ae1-c09d68d95673" storage="TestAssembly.dll">
      <Execution id="23adf184-ffc6-4631-ac5b-b7d6565f361d" />
      <TestMethod codeBase="TestAssembly.dll" className="TestNamespace.TestClass2" name="Test8017" />
    </UnitTest>
    <UnitTest name="Test8018" id="c9581974-4bc6-4408-b5f5-86367ce2a809" storage="TestAssembly.dll">
      <Execution id="c94d360e-4fb9-4e96-8908-2b89f9fc94b4" />
      <TestMethod codeBase="TestAssembly.dll" className="TestNamespace.TestClass2" name="Test8018" />
    </UnitTest>
    <UnitTest name="Test8019" id="9e171b58-436a-4704-b88d-2aafe77c27ce" storage="TestAssembly.dll">
      <Execution id="483c65ca-77d1-44f8-807b-d37c901cd4bc" />
      <TestMethod codeBase="TestAssembly.dll" className="TestNamespace.TestClass2" name="Test8019" />
    </UnitTest>
    <UnitTest name="Test8020" id="1caf9939-2e0f-4ff2-99ef-9c90f8bf697e" storage="TestAssembly.dll">
      <Execution id="3a8ddd14-f833-4106-9a59-e73700fb33de" />
      <TestMethod codeBase="TestAssembly.dll" className="TestNamespace.TestClass2" name="Test8020" />
    </UnitTest>
    <UnitTest name="Test8021" id="c0a66e44-094d-4845-a990-e7f62d3396b1" storage="TestAssembly.dll">
      <Execution id="a5805c50-3123-437f-8f80-4179acbbd3ef" />
      <TestMethod codeBase="TestAssembly.dll" className="TestNamespace.TestClass3" name="Test8021" />
    </UnitTest>
    <UnitTest name="Test8022" id="db3b4b10-0c41-4b2e-aecf-2871ef16c3fd" storage="TestAssembly.dll">
      <Execution id="254629a3-0d31-4e56-9a45-0cee6f4dd361" />
      <TestMethod codeBase="TestAssembly.dll" className="TestNamespace.TestClass3" name="Test8022" />
    </UnitTest>
    <UnitTest name="Test8023" id="7d4b5781-179f-423b-8300-1dfb910b9b26" storage="TestAssembly.dll">
      <Execution id="2bb7fb38-ab8b-4ba6-944e-726915041e61" />
      <TestMethod codeBase="TestAssembly.dll" className="TestNamespace.TestClass3" name="Test8023" />
    </UnitTest>
    <UnitTest name="Test8024" id="db13c3a1-3eab-4002-be48-2f37704e5d67" storage="TestAssembly.dll">
      <Execution id="7ef890f9-9f2b-47e8-bf79-09fba7d8e1b8" />
      <TestMethod codeBase="TestAssembly.dll" className="TestNamespace.TestClass3" name="Test8024" />
    </UnitTest>
    <UnitTest name="Test8025" id="272909e4-b4af-4fb7-aa87-94ef67c313d8" storage="TestAssembly.dll">
      <Execution id="450f05be-08a4-4a29-824a-4b978ca2ca50" />
      <TestMethod codeBase="TestAssembly.dll" className="TestNamespace.TestClass3" name="Test8025" />
    </UnitTest>
    <UnitTest name="Test8026" id="3567005c-050b-45a7-b2a1-df8fa01bd3ea" storage="TestAssembly.dll">
      <Execution id="5f3857bd-6028-4220-98e1-6c67379404f8" />
      <TestMethod codeBase="TestAssembly.dll" className="TestNamespace.TestClass3" name="Test8026" />
    </UnitTest>
    <UnitTest name="Test8027" id="d0be2df1-665b-4d39-b998-d53e03d963bd" storage="TestAssembly.dll">
      <Execution id="28145e80-e438-441f-9a5a-cb4b1f992afd" />
      <TestMethod codeBase="TestAssembly.dll" className="TestNamespace.TestClass3" name="Test8027" />
    </UnitTest>
    <UnitTest name="Test8028" id="4cea6a5f-18c2-4ed9-867c-a2758fa1d917" storage="TestAssembly.dll">
      <Execution id="0de8ffbf-0fdf-448f-bfb1-058d7dd884c9" />
      <TestMethod codeBase="TestAssembly.dll" className="TestNamespace.TestClass3" name="Test8028" />
    </UnitTest>
    <UnitTest name="Test8029" id="41be6437-813b-450f-b757-d94157d19c66" storage="TestAssembly.dll">
      <Execution id="3aa818d5-352c-41be-bd0e-22633fa105a9" />
      <TestMethod codeBase="TestAssembly.dll" className="TestNamespace.TestClass3" name="Test8029" />
    </UnitTest>
    <UnitTest name="Test8030" id="72b0f366-22ae-4a41-87fe-8f09f56ad243" storage="TestAssembly.dll">
      <Execution id="f064a991-0de2-41eb-b5f2-5678bdd4c140" />
      <TestMethod codeBase="TestAssembly.dll" className="TestNamespace.TestClass3" name="Test8030" />
    </UnitTest>
    <UnitTest name="Test8031" id="e2c80ee7-a760-4357-bde7-6bb797ae3a2a" storage="TestAssembly.dll">
      <Execution id="cad65b06-5ea0-44c6-b4db-4df989b7284e" />
      <TestMethod codeBase="TestAssembly.dll" className="TestNamespace.TestClass4" name="Test8031" />
    </UnitTest>
    <UnitTest name="Test8032" id="655d08dd-a544-482d-b73b-2ec93370c1b1" storage="TestAssembly.dll">
      <Execution id="2bb4374c-ca82-46b9-b36b-cbf84b6f4a3b" />
      <TestMethod codeBase="TestAssembly.dll" className="TestNamespace.TestClass4" name="Test8032" />
    </UnitTest>
    <UnitTest name="Test8033" id="0ee818aa-0859-482b-a238-93daf111b8ba" storage="TestAssembly.dll">
      <Execution id="38388b20-f90b-4c25-be69-cc59b3b0911d" />
      <TestMethod codeBase="TestAssembly.dll" className="TestNamespace.TestClass4" name="Test8033" />
    </UnitTest>
    <UnitTest name="Test8034" id="a940b7ee-beff-41e1-b8b6-f80c45f974fb" storage="TestAssembly.dll">
      <Execution id="5c8b6b14-63b6-4381-8104-671984657c44" />
      <TestMethod codeBase="TestAssembly.dll" className="TestNamespace.TestClass4" name="Test8034" />
    </UnitTest>
    <UnitTest name="Test8035" id="1a032b01-146d-4ac9-be71-9c5a4fe7211b" storage="TestAssembly.dll">
      <Execution id="cf9ed3fb-e5b6-4082-b40d-37e1e1688c9d" />
      <TestMethod codeBase="TestAssembly.dll" className="TestNamespace.TestClass4" name="Test8035" />
    </UnitTest>
    <UnitTest name="Test8036" id="e42c26fd-469c-4f0c-a149-1d35e27b8a0c" storage="TestAssembly.dll">
      <Execution id="d5b25086-ef24-4729-85ec-a46329cadc87" />
      <TestMethod codeBase="TestAssembly.dll" className="TestNamespace.TestClass4" name="Test8036" />
    </UnitTest>
    <UnitTest name="Test8037" id="965cfce7-bb31-40a5-8324-6f2adce7380f" storage="TestAssembly.dll">
      <Execution id="75c10c60-da26-498f-bbcd-9d5f0196499d" />
      <TestMethod codeBase="TestAssembly.dll" className="TestNamespace.TestClass4" name="Test8037" />
    </UnitTest>
    <UnitTest name="Test8038" id="7ce07630-07ea-4069-9cd3-f595fca9b857" storage="TestAssembly.dll">
      <Execution id="28acc0f9-25dd-4655-909b-ab70e1b2a78e" />
      <TestMethod codeBase="TestAssembly.dll" className="TestNamespace.TestClass4" name="Test8038" />
    </UnitTest>
    <UnitTest name="Test8039" id="28189b72-d80d-4770-babf-5b7366cbc8eb" storage="TestAssembly.dll">
      <Execution id="96dd8bf9-97d3-4527-abbf-c885e001ad49" />
      <TestMethod codeBase="TestAssembly.dll" className="TestNamespace.TestClass4" name="Test8039" />
    </UnitTest>
    <UnitTest name="Test8040" id="c38a8b3f-777f-4c9d-9dfc-aca35eb52455" storage="TestAssembly.dll">
      <Execution id="b8d870f8-5129-4d9a-8843-52e03733aea7" />
      <TestMethod codeBase="TestAssembly.dll" className="TestNamespace.TestClass4" name="Test8040" />
    </UnitTest>
    <UnitTest name="Test8041" id="8568f4eb-eb2b-4282-b81e-08032eb16b9e" storage="TestAssembly.dll">
      <Execution id="77fa4bd0-c32f-4724-af65-fd546bc24b2e" />
      <TestMethod codeBase="TestAssembly.dll" className="TestNamespace.TestClass5" name="Test8041" />
    </UnitTest>
    <UnitTest name="Test8042" id="1122fe80-5429-4b7a-96f6-55c9c2b0c2c5" storage="TestAssembly.dll">
      <Execution id="ebd0b201-0b4e-4883-9c08-e649973d7b5f" />
      <TestMethod codeBase="TestAssembly.dll" className="TestNamespace.TestClass5" name="Test8042" />
    </UnitTest>
    <UnitTest name="Test8043" id="3bb43e69-193b-4cf7-80ba-b81cca40050c" storage="TestAssembly.dll">
      <Execution id="9cda41ac-81a4-408c-ba7a-e6ea92407138" />
      <TestMethod codeBase="TestAssembly.dll" className="TestNamespace.TestClass5" name="Test8043" />
    </UnitTest>
    <UnitTest name="Test8044" id="55305594-dda3-434f-8eeb-b5e66888e304" storage="TestAssembly.dll">
      <Execution id="6d0af36d-3ea0-40ce-8a8d-8d7b9fe3ed38" />
      <TestMethod codeBase="TestAssembly.dll" className="TestNamespace.TestClass5" name="Test8044" />
    </UnitTest>
    <UnitTest name="Test8045" id="3c2dfd3c-8242-44bd-aa57-ffff312f4744" storage="TestAssembly.dll">
      <Execution id="18ac1242-8e4e-45c5-86e4-dfeb15e5d696" />
      <TestMethod codeBase="TestAssembly.dll" className="TestNamespace.TestClass5" name="Test8045" />
    </UnitTest>
    <UnitTest name="Test8046" id="3a142085-2f25-490a-8f76-d837ec582b4a" storage="TestAssembly.dll">
      <Execution id="e875abb7-27ee-4ee8-aa79-1be67f14fe90" />
      <TestMethod codeBase="TestAssembly.dll" className="TestNamespace.TestClass5" name="Test8046" />
    </UnitTest>
    <UnitTest name="Test8047" id="6a506354-4732-4341-b095-dcebe00ee58f" storage="TestAssembly.dll">
      <Execution id="412c2e86-f85e-43c2-bb62-719696e935be" />
      <TestMethod codeBase="TestAssembly.dll" className="TestNamespace.TestClass5" name="Test8047" />
    </UnitTest>
    <UnitTest name="Test8048" id="f179ded3-d2fb-4922-afc1-8497252717de" storage="TestAssembly.dll">
      <Execution id="9514f203-f8ec-46a8-bf3d-98b1ba2a93d2" />
      <TestMethod codeBase="TestAssembly.dll" className="TestNamespace.TestClass5" name="Test8048" />
    </UnitTest>
    <UnitTest name="Test8049" id="9d7aee3a-4875-4625-897a-4b2d1eeff584" storage="TestAssembly.dll">
      <Execution id="ee084272-4a4b-4463-9dc0-caeffb6fede0" />
      <TestMethod codeBase="TestAssembly.dll" className="TestNamespace.TestClass5" name="Test8049" />
    </UnitTest>
    <UnitTest name="Test8050" id="0a55e407-4a6c-4820-ae36-e5e0ff112fa2" storage="TestAssembly.dll">
      <Execution id="70771b2b-4fa7-4e19-a91a-e14358166477" />
      <TestMethod codeBase="TestAssembly.dll" className="TestNamespace.TestClass5" name="Test8050" />
    </UnitTest>
    <UnitTest name="Test8051" id="ddf034c6-aae9-4304-ab57-5c08102f492b" storage="TestAssembly.dll">
      <Execution id="e1834750-0e42-456e-b514-c958aeac2f4f" />
      <TestMethod codeBase="TestAssembly.dll" className="TestNamespace.TestClass6" name="Test8051" />
    </UnitTest>
    <UnitTest name="Test8052" id="dec8c960-af6f-418f-a103-2f6084d4f3b4" storage="TestAssembly.dll">
      <Execution id="b720c8b2-24c6-4b1c-99c3-fa2c7ce751e9" />
      <TestMethod codeBase="TestAssembly.dll" className="TestNamespace.TestClass6" name="Test8052" />
    </UnitTest>
    <UnitTest name="Test8053" id="d3c5232e-e671-4e18-a255-2ca833b9b560" storage="TestAssembly.dll">
      <Execution id="631ee242-3da6-4a83-8acf-4c1f91547f76" />
      <TestMethod codeBase="TestAssembly.dll" className="TestNamespace.TestClass6" name="Test8053" />
    </UnitTest>
    <UnitTest name="Test8054" id="cc1106e4-2629-46ef-8ba8-0b6e24eaf18d" storage="TestAssembly.dll">
      <Execution id="245e9464-9694-4b8e-8cd2-eba964e05ebd" />
      <TestMethod codeBase="TestAssembly.dll" className="TestNamespace.TestClass6" name="Test8054" />
    </UnitTest>
    <UnitTest name="Test8055" id="80a663cd-98f9-4cb3-9a7a-cf0e7cfc2538" storage="TestAssembly.dll">
      <Execution id="c6b52c74-1519-40af-9d3b-802dc70b5ae9" />
      <TestMethod codeBase="TestAssembly.dll" className="TestNamespace.TestClass6" name="Test8055" />
    </UnitTest>
    <UnitTest name="Test8056" id="2240371e-221c-40ca-adda-bddc07a671f9" storage="TestAssembly.dll">
      <Execution id="5a9d86f2-c520-4b30-a49f-0e01b0db0307" />
      <TestMethod codeBase="TestAssembly.dll" className="TestNamespace.TestClass6" name="Test8056" />
    </UnitTest>
    <UnitTest name="Test8057" id="c54fd5aa-b648-4a81-8c86-25514e161550" storage="TestAssembly.dll">
      <Execution id="6d750b48-58a8-4275-89a8-36be7d9ee398" />
      <TestMethod codeBase="TestAssembly.dll" className="TestNamespace.TestClass6" name="Test8057" />
    </UnitTest>
    <UnitTest name="Test8058" id="7c065ef8-a5f5-4ec1-b888-7b60baa8c1f8" storage="TestAssembly.dll">
      <Execution id="e76a7645-da6a-4ecf-94e0-261783ecf0a1" />
      <TestMethod codeBase="TestAssembly.dll" className="TestNamespace.TestClass6" name="Test8058" />
    </UnitTest>
    <UnitTest name="Test8059" id="6fbc21d0-def9-480f-8088-8eae8212f08e" storage="TestAssembly.dll">
      <Execution id="87ba10a0-8c1a-4066-a0b6-271e978775fe" />
      <TestMethod codeBase="TestAssembly.dll" className="TestNamespace.TestClass6" name="Test8059" />
    </UnitTest>
    <UnitTest name="Test8060" id="e15b872b-9b73-4416-a6fb-fdb96e9aef2d" storage="TestAssembly.dll">
      <Execution id="b19e94e9-5dd8-4486-ae68-45fdfcb731a0" />
      <TestMethod codeBase="TestAssembly.dll" className="TestNamespace.TestClass6" name="Test8060" />
    </UnitTest>
    <UnitTest name="Test8061" id="7343549b-f36b-408c-8c59-e41dd2be2a24" storage="TestAssembly.dll">
      <Execution id="2dc6aeab-ca36-482e-ad4f-a6809be25bd0" />
      <TestMethod codeBase="TestAssembly.dll" className="TestNamespace.TestClass7" name="Test8061" />
    </UnitTest>
    <UnitTest name="Test8062" id="fefaeff2-f632-433d-b1d8-962b489bb331" storage="TestAssembly.dll">
      <Execution id="1c0009ba-dadc-482b-936c-d5b130c87fbc" />
      <TestMethod codeBase="TestAssembly.dll" className="TestNamespace.TestClass7" name="Test8062" />
    </UnitTest>
    <UnitTest name="Test8063" id="27adcae4-b709-451b-afde-23ce65c5f154" storage="TestAssembly.dll">
      <Execution id="2b3c1935-72d4-4927-9ae6-1111245352d3" />
      <TestMethod codeBase="TestAssembly.dll" className="TestNamespace.TestClass7" name="Test8063" />
    </UnitTest>
    <UnitTest name="Test8064" id="3604884a-8a12-4db4-bf6d-e7a70b180c15" storage="TestAssembly.dll">
      <Execution id="36342939-fa63-47ee-aba2-414fd5f3b5cb" />
      <TestMethod codeBase="TestAssembly.dll" className="TestNamespace.TestClass7" name="Test8064" />
    </UnitTest>
    <UnitTest name="Test8065" id="3b4547f9-0961-4b1a-8f8a-6efa6ba0ed54" storage="TestAssembly.dll">
      <Execution id="7bcf9a65-af78-418a-967e-df41149c308f" />
      <TestMethod codeBase="TestAssembly.dll" className="TestNamespace.TestClass7" name="Test8065" />
    </UnitTest>
    <UnitTest name="Test8066" id="b5462b96-f353-4c23-918d-014b3832e82d" storage="TestAssembly.dll">
      <Execution id="da220628-1b05-44ab-be68-717b7e81b4da" />
      <TestMethod codeBase="TestAssembly.dll" className="TestNamespace.TestClass7" name="Test8066" />
    </UnitTest>
    <UnitTest name="Test8067" id="ed1651ac-8724-420d-a44a-2b1aff18d0fb" storage="TestAssembly.dll">
      <Execution id="7a5ffc1b-1e74-4034-a17e-5a3b5722a04e" />
      <TestMethod codeBase="TestAssembly.dll" className="TestNamespace.TestClass7" name="Test8067" />
    </UnitTest>
    <UnitTest name="Test8068" id="2d903039-bcec-42be-a8a7-c1a49d9b6a87" storage="TestAssembly.dll">
      <Execution id="c42db0c9-bdfd-4458-b6d6-036048a98585" />
      <TestMethod codeBase="TestAssembly.dll" className="TestNamespace.TestClass7" name="Test8068" />
    </UnitTest>
    <UnitTest name="Test8069" id="934fbb1c-4d77-4ae3-82ea-348a7a657624" storage="TestAssembly.dll">
      <Execution id="5db072db-299d-49c7-9f2d-4994e5dea2b7" />
      <TestMethod codeBase="TestAssembly.dll" className="TestNamespace.TestClass7" name="Test8069" />
    </UnitTest>
    <UnitTest name="Test8070" id="f39bd9b0-b6dc-4961-9b42-98f58575c4ea" storage="TestAssembly.dll">
      <Execution id="4903085b-9fdf-41fa-a837-48fcb1ce865d" />
      <TestMethod codeBase="TestAssembly.dll" className="TestNamespace.TestClass7" name="Test8070" />
    </UnitTest>
    <UnitTest name="Test8071" id="14eb47df-c98a-4153-85c8-9bb91276a921" storage="TestAssembly.dll">
      <Execution id="a5c4d2eb-c18d-4a28-aaf6-a1a9670f595a" />
      <TestMethod codeBase="TestAssembly.dll" className="TestNamespace.TestClass8" name="Test8071" />
    </UnitTest>
    <UnitTest name="Test8072" id="d65892a3-b4f5-4fd0-97eb-49f278c60d8e" storage="TestAssembly.dll">
      <Execution id="28834d1c-038a-4f03-8cb7-8b6ae99aa88a" />
      <TestMethod codeBase="TestAssembly.dll" className="TestNamespace.TestClass8" name="Test8072" />
    </UnitTest>
    <UnitTest name="Test8073" id="b3132ba1-0144-41f9-bcfd-4f35e8010893" storage="TestAssembly.dll">
      <Execution id="8d3b630f-8bb7-4997-b166-c4d18f8f45ba" />
      <TestMethod codeBase="TestAssembly.dll" className="TestNamespace.TestClass8" name="Test8073" />
    </UnitTest>
    <UnitTest name="Test8074" id="ff701154-7fdd-44d3-8a93-c2b601975783" storage="TestAssembly.dll">
      <Execution id="dfe66d46-3c69-40f1-88dc-1a6924e0ef67" />
      <TestMethod codeBase="TestAssembly.dll" className="TestNamespace.TestClass8" name="Test8074" />
    </UnitTest>
    <UnitTest name="Test8075" id="234b3b76-2fb9-45a1-8072-a49be990f3ef" storage="TestAssembly.dll">
      <Execution id="f4521f6b-a00c-4101-8f90-a086bb1752b4" />
      <TestMethod codeBase="TestAssembly.dll" className="TestNamespace.TestClass8" name="Test8075" />
    </UnitTest>
    <UnitTest name="Test8076" id="10f5f7ec-a0df-44b1-9e28-fa164ef47e3c" storage="TestAssembly.dll">
      <Execution id="097e6627-f067-4917-9350-d33cf082cc90" />
      <TestMethod codeBase="TestAssembly.dll" className="TestNamespace.TestClass8" name="Test8076" />
    </UnitTest>
    <UnitTest name="Test8077" id="4da77bc2-08ef-48e9-8ec1-22c3efe5b4ae" storage="TestAssembly.dll">
      <Execution id="65d60c14-144e-406e-9609-e009c63eb483" />
      <TestMethod codeBase="TestAssembly.dll" className="TestNamespace.TestClass8" name="Test8077" />
    </UnitTest>
    <UnitTest name="Test8078" id="47283f18-e140-4889-b677-7493b3a8c1a9" storage="TestAssembly.dll">
      <Execution id="cb8e47e1-44b8-4657-a869-33293cea6ae9" />
      <TestMethod codeBase="TestAssembly.dll" className="TestNamespace.TestClass8" name="Test8078" />
    </UnitTest>
    <UnitTest name="Test8079" id="3e3d70a3-2b4f-40d6-b889-2ce2aca8ca58" storage="TestAssembly.dll">
      <Execution id="9e101f7a-edba-4185-9762-fc3281f6b7dc" />
      <TestMethod codeBase="TestAssembly.dll" className="TestNamespace.TestClass8" name="Test8079" />
    </UnitTest>
    <UnitTest name="Test8080" id="0f3e13ef-1084-4bdd-a8aa-bbca9a2c7fff" storage="TestAssembly.dll">
      <Execution id="18659b69-49e2-49de-8b16-2745c7f69e2a" />
      <TestMethod codeBase="TestAssembly.dll" className="TestNamespace.TestClass8" name="Test8080" />
    </UnitTest>
    <UnitTest name="Test8081" id="511d40f5-79bb-42c9-ae61-0329097dc869" storage="TestAssembly.dll">
      <Execution id="45aa4e5b-75a2-472a-9ab4-0a72aebe9bce" />
      <TestMethod codeBase="TestAssembly.dll" className="TestNamespace.TestClass9" name="Test8081" />
    </UnitTest>
    <UnitTest name="Test8082" id="d8c27f57-c8b3-4321-a81a-4d5bb9c25f08" storage="TestAssembly.dll">
      <Execution id="a0b364d0-7b5a-4214-a149-072a30b31a95" />
      <TestMethod codeBase="TestAssembly.dll" className="TestNamespace.TestClass9" name="Test8082" />
    </UnitTest>
    <UnitTest name="Test8083" id="dc8dd114-2ebf-4878-8b83-6de4ad4c73ff" storage="TestAssembly.dll">
      <Execution id="7c63070d-f8ec-455e-9c0f-80ec9844644d" />
      <TestMethod codeBase="TestAssembly.dll" className="TestNamespace.TestClass9" name="Test8083" />
    </UnitTest>
    <UnitTest name="Test8084" id="b850ce07-e5fa-4049-af74-df001a32432a" storage="TestAssembly.dll">
      <Execution id="919db6b3-d6a6-418f-9b5b-457d020e6436" />
      <TestMethod codeBase="TestAssembly.dll" className="TestNamespace.TestClass9" name="Test8084" />
    </UnitTest>
    <UnitTest name="Test8085" id="0bfde952-77fd-4c8e-bdde-3202e86552a8" storage="TestAssembly.dll">
      <Execution id="03291416-e53b-489c-a74b-8210b7dc44e2" />
      <TestMethod codeBase="TestAssembly.dll" className="TestNamespace.TestClass9" name="Test8085" />
    </UnitTest>
    <UnitTest name="Test8086" id="8db7eed0-1b5f-4b60-8f53-b24744cc2b92" storage="TestAssembly.dll">
      <Execution id="c67d31bd-f209-4719-8b00-97727a813407" />
      <TestMethod codeBase="TestAssembly.dll" className="TestNamespace.TestClass9" name="Test8086" />
    </UnitTest>
    <UnitTest name="Test8087" id="8d1f176d-eb82-4cf9-9a3e-9920dbb4b156" storage="TestAssembly.dll">
      <Execution id="14590716-e2f2-4cbd-a6e4-de7ece2c60d3" />
      <TestMethod codeBase="TestAssembly.dll" className="TestNamespace.TestClass9" name="Test8087" />
    </UnitTest>
    <UnitTest name="Test8088" id="0eb9d2c0-6eee-402c-9572-d1cbd5c1887d" storage="TestAssembly.dll">
      <Execution id="eac6b3a1-0e20-4d91-8225-7463630c43b4" />
      <TestMethod codeBase="TestAssembly.dll" className="TestNamespace.TestClass9" name="Test8088" />
    </UnitTest>
    <UnitTest name="Test8089" id="5a3995c8-46cb-4fb8-9fd7-4f0dd3bbad1c" storage="TestAssembly.dll">
      <Execution id="1c99ed9a-a988-4d23-9809-81b7d58b81c0" />
      <TestMethod codeBase="TestAssembly.dll" className="TestNamespace.TestClass9" name="Test8089" />
    </UnitTest>
    <UnitTest name="Test8090" id="52439971-fc82-460b-b0f9-4918b62be12c" storage="TestAssembly.dll">
      <Execution id="952acde7-4b9b-4eab-aceb-b2cb2aac2b58" />
      <TestMethod codeBase="TestAssembly.dll" className="TestNamespace.TestClass9" name="Test8090" />
    </UnitTest>
    <UnitTest name="Test8091" id="40150979-2002-4b1f-825d-be7884e2b3ad" storage="TestAssembly.dll">
      <Execution id="c21721b2-58d7-4ea8-a7da-cb38cdfe7989" />
      <TestMethod codeBase="TestAssembly.dll" className="TestNamespace.TestClass10" name="Test8091" />
    </UnitTest>
    <UnitTest name="Test8092" id="dfa1fccf-bc76-4844-a873-bc4b910f51d2" storage="TestAssembly.dll">
      <Execution id="a854e834-2706-4232-bf50-39b6b5d63b03" />
      <TestMethod codeBase="TestAssembly.dll" className="TestNamespace.TestClass10" name="Test8092" />
    </UnitTest>
    <UnitTest name="Test8093" id="ca5580bb-8c99-4297-8434-1a43601804e8" storage="TestAssembly.dll">
      <Execution id="91177c0e-825b-45fe-955f-7c3d63039470" />
      <TestMethod codeBase="TestAssembly.dll" className="TestNamespace.TestClass10" name="Test8093" />
    </UnitTest>
    <UnitTest name="Test8094" id="6568e039-29a5-4393-9e76-246a61488c82" storage="TestAssembly.dll">
      <Execution id="108e44e8-b784-4975-8ef5-8168b248c61b" />
      <TestMethod codeBase="TestAssembly.dll" className="TestNamespace.TestClass10" name="Test8094" />
    </UnitTest>
    <UnitTest name="Test8095" id="8e53142b-cb84-4bc4-a8d5-9f6dc32381d7" storage="TestAssembly.dll">
      <Execution id="b56406ef-ef21-4104-aa7d-7d1a4af41796" />
      <TestMethod codeBase="TestAssembly.dll" className="TestNamespace.TestClass10" name="Test8095" />
    </UnitTest>
    <UnitTest name="Test8096" id="0eb21c82-c6e7-4eea-8c8c-66570f12568e" storage="TestAssembly.dll">
      <Execution id="61a45832-87f4-43b2-9854-d7a2df170e30" />
      <TestMethod codeBase="TestAssembly.dll" className="TestNamespace.TestClass10" name="Test8096" />
    </UnitTest>
    <UnitTest name="Test8097" id="5095c91c-5f2c-4e8b-9849-5e9d7b95f452" storage="TestAssembly.dll">
      <Execution id="b503fce5-c3b2-48b7-aa14-e9ffe8fd6653" />
      <TestMethod codeBase="TestAssembly.dll" className="TestNamespace.TestClass10" name="Test8097" />
    </UnitTest>
    <UnitTest name="Test8098" id="38106f4a-8813-4066-81a0-415cdaee7a2d" storage="TestAssembly.dll">
      <Execution id="75423fe5-c0cd-4da7-ae6f-99898a2ba0e0" />
      <TestMethod codeBase="TestAssembly.dll" className="TestNamespace.TestClass10" name="Test8098" />
    </UnitTest>
    <UnitTest name="Test8099" id="4e7ef858-72a7-46ce-8314-6423397f8fb1" storage="TestAssembly.dll">
      <Execution id="7b314359-f81b-4f9f-a7b0-3a9fcec1ca79" />
      <TestMethod codeBase="TestAssembly.dll" className="TestNamespace.TestClass10" name="Test8099" />
    </UnitTest>
    <UnitTest name="Test8100" id="641c2591-238c-433f-b303-a8080f2a0966" storage="TestAssembly.dll">
      <Execution id="11956ffc-548b-4d53-ac62-3fc0bdbe4f32" />
      <TestMethod codeBase="TestAssembly.dll" className="TestNamespace.TestClass10" name="Test8100" />
    </UnitTest>
  </TestDefinitions>
  <TestEntries>
    <TestEntry testId="3392da75-c13e-40a3-b874-31560c726738" executionId="21c5513a-b24a-4f16-996e-5227692148ee" testListId="c671819d-7322-4317-9673-d0e471365555" />
    <TestEntry testId="15f6744a-a549-4ed4-a322-5ca98e63e64a" executionId="c8bbdc39-e9ec-407f-b755-22eaa1ca7ede" testListId="c671819d-7322-4317-9673-d0e471365555" />
    <TestEntry testId="7c9739a8-d141-4b59-9622-47460b796ea7" executionId="b7a101f8-d559-4aca-bc9f-bc65cff4cc5b" testListId="c671819d-7322-4317-9673-d0e471365555" />
    <TestEntry testId="10faec52-cbb2-4ef1-8a23-5219c1730854" executionId="f17b8c78-668e-432f-8008-0edbb92bee25" testListId="c671819d-7322-4317-9673-d0e471365555" />
    <TestEntry testId="3405ddd0-61c4-433e-a54c-e27024d4fa55" executionId="f676f488-396c-4a65-aeae-77571d5c8072" testListId="c671819d-7322-4317-9673-d0e471365555" />
    <TestEntry testId="201394a3-5706-4228-a387-fade18b692da" executionId="ad567f3d-48d2-40fd-b131-acb0a6958899" testListId="c671819d-7322-4317-9673-d0e471365555" />
    <TestEntry testId="d0385b04-2871-4f5b-a28b-5314726b4184" executionId="02572b2c-8efb-4658-94b4-4a8bc09e4c46" testListId="c671819d-7322-4317-9673-d0e471365555" />
    <TestEntry testId="c54ec525-ffec-4e6a-9258-4d42835a11c2" executionId="3755fbc4-33c0-4257-9a1c-b191ef62e2d2" testListId="c671819d-7322-4317-9673-d0e471365555" />
    <TestEntry testId="a0aed3b2-1083-4245-bd44-247819b4e72f" executionId="1ad31c19-4bd8-4003-89a8-18c87ce681bb" testListId="c671819d-7322-4317-9673-d0e471365555" />
    <TestEntry testId="b19a6d68-f17d-4839-b7d4-4d0114092053" executionId="c7c85ec6-2cd1-4f1a-a812-b20652b12915" testListId="c671819d-7322-4317-9673-d0e471365555" />
    <TestEntry testId="c857ad20-a4a8-4208-9962-a33034c36545" executionId="ec66bd84-111c-4bf1-9edc-009c1240b511" testListId="c671819d-7322-4317-9673-d0e471365555" />
    <TestEntry testId="5353d70e-2391-4804-92fe-66bf55a4ba91" executionId="fc05d556-8488-4765-b641-e1cc8eb21f0d" testListId="c671819d-7322-4317-9673-d0e471365555" />
    <TestEntry testId="3a6f740b-2c4a-4293-8f05-4115f3a919b3" executionId="2828f807-1183-49b2-8029-eb363d4d0d13" testListId="c671819d-7322-4317-9673-d0e471365555" />
    <TestEntry testId="8d24061c-e104-4f6d-b70b-8cfd02fc1ec0" executionId="a9378e5f-70f9-422b-8134-b5f8caec0ba6" testListId="c671819d-7322-4317-9673-d0e471365555" />
    <TestEntry testId="449ee6d3-ff90-4df7-888d-23345f12743e" executionId="ac9f5207-12d9-4302-b336-9e79107dae9c" testListId="c671819d-7322-4317-9673-d0e471365555" />
    <TestEntry testId="d42be1d4-c3b9-4c97-8043-08a40ceb7c35" executionId="2a2eb955-7b04-4a69-8bd6-01baa157849f" testListId="c671819d-7322-4317-9673-d0e471365555" />
    <TestEntry testId="cc5252b4-286e-4b9c-9ae1-c09d68d95673" executionId="23adf184-ffc6-4631-ac5b-b7d6565f361d" testListId="c671819d-7322-4317-9673-d0e471365555" />
    <TestEntry testId="c9581974-4bc6-4408-b5f5-86367ce2a809" executionId="c94d360e-4fb9-4e96-8908-2b89f9fc94b4" testListId="c671819d-7322-4317-9673-d0e471365555" />
    <TestEntry testId="9e171b58-436a-4704-b88d-2aafe77c27ce" executionId="483c65ca-77d1-44f8-807b-d37c901cd4bc" testListId="c671819d-7322-4317-9673-d0e471365555" />
    <TestEntry testId="1caf9939-2e0f-4ff2-99ef-9c90f8bf697e" executionId="3a8ddd14-f833-4106-9a59-e73700fb33de" testListId="c671819d-7322-4317-9673-d0e471365555" />
    <TestEntry testId="c0a66e44-094d-4845-a990-e7f62d3396b1" executionId="a5805c50-3123-437f-8f80-4179acbbd3ef" testListId="c671819d-7322-4317-9673-d0e471365555" />
    <TestEntry testId="db3b4b10-0c41-4b2e-aecf-2871ef16c3fd" executionId="254629a3-0d31-4e56-9a45-0cee6f4dd361" testListId="c671819d-7322-4317-9673-d0e471365555" />
    <TestEntry testId="7d4b5781-179f-423b-8300-1dfb910b9b26" executionId="2bb7fb38-ab8b-4ba6-944e-726915041e61" testListId="c671819d-7322-4317-9673-d0e471365555" />
    <TestEntry testId="db13c3a1-3eab-4002-be48-2f37704e5d67" executionId="7ef890f9-9f2b-47e8-bf79-09fba7d8e1b8" testListId="c671819d-7322-4317-9673-d0e471365555" />
    <TestEntry testId="272909e4-b4af-4fb7-aa87-94ef67c313d8" executionId="450f05be-08a4-4a29-824a-4b978ca2ca50" testListId="c671819d-7322-4317-9673-d0e471365555" />
    <TestEntry testId="3567005c-050b-45a7-b2a1-df8fa01bd3ea" executionId="5f3857bd-6028-4220-98e1-6c67379404f8" testListId="c671819d-7322-4317-9673-d0e471365555" />
    <TestEntry testId="d0be2df1-665b-4d39-b998-d53e03d963bd" executionId="28145e80-e438-441f-9a5a-cb4b1f992afd" testListId="c671819d-7322-4317-9673-d0e471365555" />
    <TestEntry testId="4cea6a5f-18c2-4ed9-867c-a2758fa1d917" executionId="0de8ffbf-0fdf-448f-bfb1-058d7dd884c9" testListId="c671819d-7322-4317-9673-d0e471365555" />
    <TestEntry testId="41be6437-813b-450f-b757-d94157d19c66" executionId="3aa818d5-352c-41be-bd0e-22633fa105a9" testListId="c671819d-7322-4317-9673-d0e471365555" />
    <TestEntry testId="72b0f366-22ae-4a41-87fe-8f09f56ad243" executionId="f064a991-0de2-41eb-b5f2-5678bdd4c140" testListId="c671819d-7322-4317-9673-d0e471365555" />
    <TestEntry testId="e2c80ee7-a760-4357-bde7-6bb797ae3a2a" executionId="cad65b06-5ea0-44c6-b4db-4df989b7284e" testListId="c671819d-7322-4317-9673-d0e471365555" />
    <TestEntry testId="655d08dd-a544-482d-b73b-2ec93370c1b1" executionId="2bb4374c-ca82-46b9-b36b-cbf84b6f4a3b" testListId="c671819d-7322-4317-9673-d0e471365555" />
    <TestEntry testId="0ee818aa-0859-482b-a238-93daf111b8ba" executionId="38388b20-f90b-4c25-be69-cc59b3b0911d" testListId="c671819d-7322-4317-9673-d0e471365555" />
    <TestEntry testId="a940b7ee-beff-41e1-b8b6-f80c45f974fb" executionId="5c8b6b14-63b6-4381-8104-671984657c44" testListId="c671819d-7322-4317-9673-d0e471365555" />
    <TestEntry testId="1a032b01-146d-4ac9-be71-9c5a4fe7211b" executionId="cf9ed3fb-e5b6-4082-b40d-37e1e1688c9d" testListId="c671819d-7322-4317-9673-d0e471365555" />
    <TestEntry testId="e42c26fd-469c-4f0c-a149-1d35e27b8a0c" executionId="d5b25086-ef24-4729-85ec-a46329cadc87" testListId="c671819d-7322-4317-9673-d0e471365555" />
    <TestEntry testId="965cfce7-bb31-40a5-8324-6f2adce7380f" executionId="75c10c60-da26-498f-bbcd-9d5f0196499d" testListId="c671819d-7322-4317-9673-d0e471365555" />
    <TestEntry testId="7ce07630-07ea-4069-9cd3-f595fca9b857" executionId="28acc0f9-25dd-4655-909b-ab70e1b2a78e" testListId="c671819d-7322-4317-9673-d0e471365555" />
    <TestEntry testId="28189b72-d80d-4770-babf-5b7366cbc8eb" executionId="96dd8bf9-97d3-4527-abbf-c885e001ad49" testListId="c671819d-7322-4317-9673-d0e471365555" />
    <TestEntry testId="c38a8b3f-777f-4c9d-9dfc-aca35eb52455" executionId="b8d870f8-5129-4d9a-8843-52e03733aea7" testListId="c671819d-7322-4317-9673-d0e471365555" />
    <TestEntry testId="8568f4eb-eb2b-4282-b81e-08032eb16b9e" executionId="77fa4bd0-c32f-4724-af65-fd546bc24b2e" testListId="c671819d-7322-4317-9673-d0e471365555" />
    <TestEntry testId="1122fe80-5429-4b7a-96f6-55c9c2b0c2c5" executionId="ebd0b201-0b4e-4883-9c08-e649973d7b5f" testListId="c671819d-7322-4317-9673-d0e471365555" />
    <TestEntry testId="3bb43e69-193b-4cf7-80ba-b81cca40050c" executionId="9cda41ac-81a4-408c-ba7a-e6ea92407138" testListId="c671819d-7322-4317-9673-d0e471365555" />
    <TestEntry testId="55305594-dda3-434f-8eeb-b5e66888e304" executionId="6d0af36d-3ea0-40ce-8a8d-8d7b9fe3ed38" testListId="c671819d-7322-4317-9673-d0e471365555" />
    <TestEntry testId="3c2dfd3c-8242-44bd-aa57-ffff312f4744" executionId="18ac1242-8e4e-45c5-86e4-dfeb15e5d696" testListId="c671819d-7322-4317-9673-d0e471365555" />
    <TestEntry testId="3a142085-2f25-490a-8f76-d837ec582b4a" executionId="e875abb7-27ee-4ee8-aa79-1be67f14fe90" testListId="c671819d-7322-4317-9673-d0e471365555" />
    <TestEntry testId="6a506354-4732-4341-b095-dcebe00ee58f" executionId="412c2e86-f85e-43c2-bb62-719696e935be" testListId="c671819d-7322-4317-9673-d0e471365555" />
    <TestEntry testId="f179ded3-d2fb-4922-afc1-8497252717de" executionId="9514f203-f8ec-46a8-bf3d-98b1ba2a93d2" testListId="c671819d-7322-4317-9673-d0e471365555" />
    <TestEntry testId="9d7aee3a-4875-4625-897a-4b2d1eeff584" executionId="ee084272-4a4b-4463-9dc0-caeffb6fede0" testListId="c671819d-7322-4317-9673-d0e471365555" />
    <TestEntry testId="0a55e407-4a6c-4820-ae36-e5e0ff112fa2" executionId="70771b2b-4fa7-4e19-a91a-e14358166477" testListId="c671819d-7322-4317-9673-d0e471365555" />
    <TestEntry testId="ddf034c6-aae9-4304-ab57-5c08102f492b" executionId="e1834750-0e42-456e-b514-c958aeac2f4f" testListId="c671819d-7322-4317-9673-d0e471365555" />
    <TestEntry testId="dec8c960-af6f-418f-a103-2f6084d4f3b4" executionId="b720c8b2-24c6-4b1c-99c3-fa2c7ce751e9" testListId="c671819d-7322-4317-9673-d0e471365555" />
    <TestEntry testId="d3c5232e-e671-4e18-a255-2ca833b9b560" executionId="631ee242-3da6-4a83-8acf-4c1f91547f76" testListId="c671819d-7322-4317-9673-d0e471365555" />
    <TestEntry testId="cc1106e4-2629-46ef-8ba8-0b6e24eaf18d" executionId="245e9464-9694-4b8e-8cd2-eba964e05ebd" testListId="c671819d-7322-4317-9673-d0e471365555" />
    <TestEntry testId="80a663cd-98f9-4cb3-9a7a-cf0e7cfc2538" executionId="c6b52c74-1519-40af-9d3b-802dc70b5ae9" testListId="c671819d-7322-4317-9673-d0e471365555" />
    <TestEntry testId="2240371e-221c-40ca-adda-bddc07a671f9" executionId="5a9d86f2-c520-4b30-a49f-0e01b0db0307" testListId="c671819d-7322-4317-9673-d0e471365555" />
    <TestEntry testId="c54fd5aa-b648-4a81-8c86-25514e161550" executionId="6d750b48-58a8-4275-89a8-36be7d9ee398" testListId="c671819d-7322-4317-9673-d0e471365555" />
    <TestEntry testId="7c065ef8-a5f5-4ec1-b888-7b60baa8c1f8" executionId="e76a7645-da6a-4ecf-94e0-261783ecf0a1" testListId="c671819d-7322-4317-9673-d0e471365555" />
    <TestEntry testId="6fbc21d0-def9-480f-8088-8eae8212f08e" executionId="87ba10a0-8c1a-4066-a0b6-271e978775fe" testListId="c671819d-7322-4317-9673-d0e471365555" />
    <TestEntry testId="e15b872b-9b73-4416-a6fb-fdb96e9aef2d" executionId="b19e94e9-5dd8-4486-ae68-45fdfcb731a0" testListId="c671819d-7322-4317-9673-d0e471365555" />
    <TestEntry testId="7343549b-f36b-408c-8c59-e41dd2be2a24" executionId="2dc6aeab-ca36-482e-ad4f-a6809be25bd0" testListId="c671819d-7322-4317-9673-d0e471365555" />
    <TestEntry testId="fefaeff2-f632-433d-b1d8-962b489bb331" executionId="1c0009ba-dadc-482b-936c-d5b130c87fbc" testListId="c671819d-7322-4317-9673-d0e471365555" />
    <TestEntry testId="27adcae4-b709-451b-afde-23ce65c5f154" executionId="2b3c1935-72d4-4927-9ae6-1111245352d3" testListId="c671819d-7322-4317-9673-d0e471365555" />
    <TestEntry testId="3604884a-8a12-4db4-bf6d-e7a70b180c15" executionId="36342939-fa63-47ee-aba2-414fd5f3b5cb" testListId="c671819d-7322-4317-9673-d0e471365555" />
    <TestEntry testId="3b4547f9-0961-4b1a-8f8a-6efa6ba0ed54" executionId="7bcf9a65-af78-418a-967e-df41149c308f" testListId="c671819d-7322-4317-9673-d0e471365555" />
    <TestEntry testId="b5462b96-f353-4c23-918d-014b3832e82d" executionId="da220628-1b05-44ab-be68-717b7e81b4da" testListId="c671819d-7322-4317-9673-d0e471365555" />
    <TestEntry testId="ed1651ac-8724-420d-a44a-2b1aff18d0fb" executionId="7a5ffc1b-1e74-4034-a17e-5a3b5722a04e" testListId="c671819d-7322-4317-9673-d0e471365555" />
    <TestEntry testId="2d903039-bcec-42be-a8a7-c1a49d9b6a87" executionId="c42db0c9-bdfd-4458-b6d6-036048a98585" testListId="c671819d-7322-4317-9673-d0e471365555" />
    <TestEntry testId="934fbb1c-4d77-4ae3-82ea-348a7a657624" executionId="5db072db-299d-49c7-9f2d-4994e5dea2b7" testListId="c671819d-7322-4317-9673-d0e471365555" />
    <TestEntry testId="f39bd9b0-b6dc-4961-9b42-98f58575c4ea" executionId="4903085b-9fdf-41fa-a837-48fcb1ce865d" testListId="c671819d-7322-4317-9673-d0e471365555" />
    <TestEntry testId="14eb47df-c98a-4153-85c8-9bb91276a921" executionId="a5c4d2eb-c18d-4a28-aaf6-a1a9670f595a" testListId="c671819d-7322-4317-9673-d0e471365555" />
    <TestEntry testId="d65892a3-b4f5-4fd0-97eb-49f278c60d8e" executionId="28834d1c-038a-4f03-8cb7-8b6ae99aa88a" testListId="c671819d-7322-4317-9673-d0e471365555" />
    <TestEntry testId="b3132ba1-0144-41f9-bcfd-4f35e8010893" executionId="8d3b630f-8bb7-4997-b166-c4d18f8f45ba" testListId="c671819d-7322-4317-9673-d0e471365555" />
    <TestEntry testId="ff701154-7fdd-44d3-8a93-c2b601975783" executionId="dfe66d46-3c69-40f1-88dc-1a6924e0ef67" testListId="c671819d-7322-4317-9673-d0e471365555" />
    <TestEntry testId="234b3b76-2fb9-45a1-8072-a49be990f3ef" executionId="f4521f6b-a00c-4101-8f90-a086bb1752b4" testListId="c671819d-7322-4317-9673-d0e471365555" />
    <TestEntry testId="10f5f7ec-a0df-44b1-9e28-fa164ef47e3c" executionId="097e6627-f067-4917-9350-d33cf082cc90" testListId="c671819d-7322-4317-9673-d0e471365555" />
    <TestEntry testId="4da77bc2-08ef-48e9-8ec1-22c3efe5b4ae" executionId="65d60c14-144e-406e-9609-e009c63eb483" testListId="c671819d-7322-4317-9673-d0e471365555" />
    <TestEntry testId="47283f18-e140-4889-b677-7493b3a8c1a9" executionId="cb8e47e1-44b8-4657-a869-33293cea6ae9" testListId="c671819d-7322-4317-9673-d0e471365555" />
    <TestEntry testId="3e3d70a3-2b4f-40d6-b889-2ce2aca8ca58" executionId="9e101f7a-edba-4185-9762-fc3281f6b7dc" testListId="c671819d-7322-4317-9673-d0e471365555" />
    <TestEntry testId="0f3e13ef-1084-4bdd-a8aa-bbca9a2c7fff" executionId="18659b69-49e2-49de-8b16-2745c7f69e2a" testListId="c671819d-7322-4317-9673-d0e471365555" />
    <TestEntry testId="511d40f5-79bb-42c9-ae61-0329097dc869" executionId="45aa4e5b-75a2-472a-9ab4-0a72aebe9bce" testListId="c671819d-7322-4317-9673-d0e471365555" />
    <TestEntry testId="d8c27f57-c8b3-4321-a81a-4d5bb9c25f08" executionId="a0b364d0-7b5a-4214-a149-072a30b31a95" testListId="c671819d-7322-4317-9673-d0e471365555" />
    <TestEntry testId="dc8dd114-2ebf-4878-8b83-6de4ad4c73ff" executionId="7c63070d-f8ec-455e-9c0f-80ec9844644d" testListId="c671819d-7322-4317-9673-d0e471365555" />
    <TestEntry testId="b850ce07-e5fa-4049-af74-df001a32432a" executionId="919db6b3-d6a6-418f-9b5b-457d020e6436" testListId="c671819d-7322-4317-9673-d0e471365555" />
    <TestEntry testId="0bfde952-77fd-4c8e-bdde-3202e86552a8" executionId="03291416-e53b-489c-a74b-8210b7dc44e2" testListId="c671819d-7322-4317-9673-d0e471365555" />
    <TestEntry testId="8db7eed0-1b5f-4b60-8f53-b24744cc2b92" executionId="c67d31bd-f209-4719-8b00-97727a813407" testListId="c671819d-7322-4317-9673-d0e471365555" />
    <TestEntry testId="8d1f176d-eb82-4cf9-9a3e-9920dbb4b156" executionId="14590716-e2f2-4cbd-a6e4-de7ece2c60d3" testListId="c671819d-7322-4317-9673-d0e471365555" />
    <TestEntry testId="0eb9d2c0-6eee-402c-9572-d1cbd5c1887d" executionId="eac6b3a1-0e20-4d91-8225-7463630c43b4" testListId="c671819d-7322-4317-9673-d0e471365555" />
    <TestEntry testId="5a3995c8-46cb-4fb8-9fd7-4f0dd3bbad1c" executionId="1c99ed9a-a988-4d23-9809-81b7d58b81c0" testListId="c671819d-7322-4317-9673-d0e471365555" />
    <TestEntry testId="52439971-fc82-460b-b0f9-4918b62be12c" executionId="952acde7-4b9b-4eab-aceb-b2cb2aac2b58" testListId="c671819d-7322-4317-9673-d0e471365555" />
    <TestEntry testId="40150979-2002-4b1f-825d-be7884e2b3ad" executionId="c21721b2-58d7-4ea8-a7da-cb38cdfe7989" testListId="c671819d-7322-4317-9673-d0e471365555" />
    <TestEntry testId="dfa1fccf-bc76-4844-a873-bc4b910f51d2" executionId="a854e834-2706-4232-bf50-39b6b5d63b03" testListId="c671819d-7322-4317-9673-d0e471365555" />
    <TestEntry testId="ca5580bb-8c99-4297-8434-1a43601804e8" executionId="91177c0e-825b-45fe-955f-7c3d63039470" testListId="c671819d-7322-4317-9673-d0e471365555" />
    <TestEntry testId="6568e039-29a5-4393-9e76-246a61488c82" executionId="108e44e8-b784-4975-8ef5-8168b248c61b" testListId="c671819d-7322-4317-9673-d0e471365555" />
    <TestEntry testId="8e53142b-cb84-4bc4-a8d5-9f6dc32381d7" executionId="b56406ef-ef21-4104-aa7d-7d1a4af41796" testListId="c671819d-7322-4317-9673-d0e471365555" />
    <TestEntry testId="0eb21c82-c6e7-4eea-8c8c-66570f12568e" executionId="61a45832-87f4-43b2-9854-d7a2df170e30" testListId="c671819d-7322-4317-9673-d0e471365555" />
    <TestEntry testId="5095c91c-5f2c-4e8b-9849-5e9d7b95f452" executionId="b503fce5-c3b2-48b7-aa14-e9ffe8fd6653" testListId="c671819d-7322-4317-9673-d0e471365555" />
    <TestEntry testId="38106f4a-8813-4066-81a0-415cdaee7a2d" executionId="75423fe5-c0cd-4da7-ae6f-99898a2ba0e0" testListId="c671819d-7322-4317-9673-d0e471365555" />
    <TestEntry testId="4e7ef858-72a7-46ce-8314-6423397f8fb1" executionId="7b314359-f81b-4f9f-a7b0-3a9fcec1ca79" testListId="c671819d-7322-4317-9673-d0e471365555" />
    <TestEntry testId="641c2591-238c-433f-b303-a8080f2a0966" executionId="11956ffc-548b-4d53-ac62-3fc0bdbe4f32" testListId="c671819d-7322-4317-9673-d0e471365555" />
  </TestEntries>
  <TestLists>
    <TestList name="Results Not in a List" id="c671819d-7322-4317-9673-d0e471365555" />
    <TestList name="All Loaded Results" id="9e6bb4ca-d38e-48a4-b11a-7c778d686e0e" />
  </TestLists>
</TestRun>