<?xml version="1.0" encoding="UTF-8"?>
<TestRun id="94579bf5-9341-4936-b0bf-e204be58f7cd" name="Test Run 77" runUser="Oles Galatsan" xmlns="http://microsoft.com/schemas/VisualStudio/TeamTest/2010">
  <Times creation="2025-05-14T13:20:31.3125482Z" queuing="2025-05-14T13:20:31.3125482Z" start="2025-05-14T13:20:31.3146610Z" finish="2025-05-14T13:25:31.3147553Z" />
  <TestSettings name="Test Settings 77" id="4b834394-c374-4d00-86f2-7c146b3b676f" />
  <Results>
    <UnitTestResult executionId="ab07128a-b543-486c-9a65-65b5906aab43" testId="7c591f9a-ae6c-4cd1-b5d6-22a449faf451" testName="Test7601" computerName="UA-LPT-OGA2" duration="00:00:00.3080000" startTime="2025-05-14T13:20:31.3146610Z" endTime="2025-05-14T13:25:31.3147553Z" testType="13cdc9d9-ddb5-4fa4-a97d-d965ccfc6d4b" outcome="Failed" testListId="7ba7746b-2e80-4292-8609-e9db6eca740e">
      <Output>
        <ErrorInfo>
          <Message>Assertion failed: Expected value did not match actual value.</Message>
          <StackTrace>   at TestNamespace.TestClass.Test() in TestClass.cs:line 54</StackTrace>
        </ErrorInfo>
      </Output>
    </UnitTestResult>
    <UnitTestResult executionId="ebb47a75-f1b8-44bc-9af3-31b2c472a8c8" testId="ff0af437-4066-4a20-a88b-107d3aa9181f" testName="Test7602" computerName="UA-LPT-OGA2" duration="00:00:00.1120000" startTime="2025-05-14T13:20:31.3146610Z" endTime="2025-05-14T13:25:31.3147553Z" testType="13cdc9d9-ddb5-4fa4-a97d-d965ccfc6d4b" outcome="Passed" testListId="7ba7746b-2e80-4292-8609-e9db6eca740e" />
    <UnitTestResult executionId="d608cc37-9721-40ae-aa85-8a3dd308e8c8" testId="fdcc45c8-cad5-46bb-b77a-2d8bab11fcbf" testName="Test7603" computerName="UA-LPT-OGA2" duration="00:00:01.8190000" startTime="2025-05-14T13:20:31.3146610Z" endTime="2025-05-14T13:25:31.3147553Z" testType="13cdc9d9-ddb5-4fa4-a97d-d965ccfc6d4b" outcome="Passed" testListId="7ba7746b-2e80-4292-8609-e9db6eca740e" />
    <UnitTestResult executionId="f91e4599-573e-4306-8e93-481a0ae3dc6e" testId="c7343841-b92b-444f-a320-613cef7a3162" testName="Test7604" computerName="UA-LPT-OGA2" duration="00:00:00.4790000" startTime="2025-05-14T13:20:31.3146610Z" endTime="2025-05-14T13:25:31.3147553Z" testType="13cdc9d9-ddb5-4fa4-a97d-d965ccfc6d4b" outcome="Passed" testListId="7ba7746b-2e80-4292-8609-e9db6eca740e" />
    <UnitTestResult executionId="8476a59d-b694-4997-a6b9-cb66e6e70e1f" testId="56b0b1a5-dd83-4343-a58f-88a4f83f5803" testName="Test7605" computerName="UA-LPT-OGA2" duration="00:00:00.3130000" startTime="2025-05-14T13:20:31.3146610Z" endTime="2025-05-14T13:25:31.3147553Z" testType="13cdc9d9-ddb5-4fa4-a97d-d965ccfc6d4b" outcome="Passed" testListId="7ba7746b-2e80-4292-8609-e9db6eca740e" />
    <UnitTestResult executionId="0a723558-6880-445e-8517-b5b9690601f2" testId="8232e0cf-e8e3-407d-b1ca-e63bc526a359" testName="Test7606" computerName="UA-LPT-OGA2" duration="00:00:00.9670000" startTime="2025-05-14T13:20:31.3146610Z" endTime="2025-05-14T13:25:31.3147553Z" testType="13cdc9d9-ddb5-4fa4-a97d-d965ccfc6d4b" outcome="Passed" testListId="7ba7746b-2e80-4292-8609-e9db6eca740e" />
    <UnitTestResult executionId="ecf16dac-9f00-4837-946c-0abd17634af2" testId="d2ac1589-6f55-4ccd-9fce-a96a013dc005" testName="Test7607" computerName="UA-LPT-OGA2" duration="00:00:01.1870000" startTime="2025-05-14T13:20:31.3146610Z" endTime="2025-05-14T13:25:31.3147553Z" testType="13cdc9d9-ddb5-4fa4-a97d-d965ccfc6d4b" outcome="Passed" testListId="7ba7746b-2e80-4292-8609-e9db6eca740e" />
    <UnitTestResult executionId="bee8bd31-bd0d-42e3-ae9e-a2ec05239ba1" testId="6d80979d-bde5-4189-a9fa-c415700a94bc" testName="Test7608" computerName="UA-LPT-OGA2" duration="00:00:00.1320000" startTime="2025-05-14T13:20:31.3146610Z" endTime="2025-05-14T13:25:31.3147553Z" testType="13cdc9d9-ddb5-4fa4-a97d-d965ccfc6d4b" outcome="Failed" testListId="7ba7746b-2e80-4292-8609-e9db6eca740e">
      <Output>
        <ErrorInfo>
          <Message>Assertion failed: Expected value did not match actual value.</Message>
          <StackTrace>   at TestNamespace.TestClass.Test() in TestClass.cs:line 51</StackTrace>
        </ErrorInfo>
      </Output>
    </UnitTestResult>
    <UnitTestResult executionId="f5033f7c-6e7b-4021-a826-c4ba65931a97" testId="946f8d6e-cf8e-4068-bc50-0bf4d4605ae7" testName="Test7609" computerName="UA-LPT-OGA2" duration="00:00:00.7360000" startTime="2025-05-14T13:20:31.3146610Z" endTime="2025-05-14T13:25:31.3147553Z" testType="13cdc9d9-ddb5-4fa4-a97d-d965ccfc6d4b" outcome="Passed" testListId="7ba7746b-2e80-4292-8609-e9db6eca740e" />
    <UnitTestResult executionId="a34cc015-441d-459a-bf66-65af3cfbbbf2" testId="d5ca6ff4-07d9-4790-a1bf-9eed3cf73148" testName="Test7610" computerName="UA-LPT-OGA2" duration="00:00:00.2130000" startTime="2025-05-14T13:20:31.3146610Z" endTime="2025-05-14T13:25:31.3147553Z" testType="13cdc9d9-ddb5-4fa4-a97d-d965ccfc6d4b" outcome="Passed" testListId="7ba7746b-2e80-4292-8609-e9db6eca740e" />
    <UnitTestResult executionId="02fa5b2e-b1d6-4bfb-94a2-102249feb7aa" testId="b99351dd-689e-4795-aded-ef2f91205276" testName="Test7611" computerName="UA-LPT-OGA2" duration="00:00:01.0430000" startTime="2025-05-14T13:20:31.3146610Z" endTime="2025-05-14T13:25:31.3147553Z" testType="13cdc9d9-ddb5-4fa4-a97d-d965ccfc6d4b" outcome="Passed" testListId="7ba7746b-2e80-4292-8609-e9db6eca740e" />
    <UnitTestResult executionId="0ba467af-3178-4809-952b-52243162e3bf" testId="70786256-5132-4bdf-adc9-bc37dff2e701" testName="Test7612" computerName="UA-LPT-OGA2" duration="00:00:00.3110000" startTime="2025-05-14T13:20:31.3146610Z" endTime="2025-05-14T13:25:31.3147553Z" testType="13cdc9d9-ddb5-4fa4-a97d-d965ccfc6d4b" outcome="Passed" testListId="7ba7746b-2e80-4292-8609-e9db6eca740e" />
    <UnitTestResult executionId="a00ea52c-71a7-4ebf-b206-7f96826d1eb3" testId="94f4085a-7888-4b4f-8a34-5b715a49b3a8" testName="Test7613" computerName="UA-LPT-OGA2" duration="00:00:00.9330000" startTime="2025-05-14T13:20:31.3146610Z" endTime="2025-05-14T13:25:31.3147553Z" testType="13cdc9d9-ddb5-4fa4-a97d-d965ccfc6d4b" outcome="Passed" testListId="7ba7746b-2e80-4292-8609-e9db6eca740e" />
    <UnitTestResult executionId="32d3ce92-1ddd-4f60-a368-184210a7c82e" testId="82eba444-f2a5-49c9-ab33-07214627844c" testName="Test7614" computerName="UA-LPT-OGA2" duration="00:00:00.8010000" startTime="2025-05-14T13:20:31.3146610Z" endTime="2025-05-14T13:25:31.3147553Z" testType="13cdc9d9-ddb5-4fa4-a97d-d965ccfc6d4b" outcome="Passed" testListId="7ba7746b-2e80-4292-8609-e9db6eca740e" />
    <UnitTestResult executionId="01a0e6f4-b0be-4407-92d7-833256b5b723" testId="30b5c083-b5d3-40df-9526-e049647adb9b" testName="Test7615" computerName="UA-LPT-OGA2" duration="00:00:00.4100000" startTime="2025-05-14T13:20:31.3146610Z" endTime="2025-05-14T13:25:31.3147553Z" testType="13cdc9d9-ddb5-4fa4-a97d-d965ccfc6d4b" outcome="Passed" testListId="7ba7746b-2e80-4292-8609-e9db6eca740e" />
    <UnitTestResult executionId="baabaf4f-9692-403f-9543-f9dedac7afb1" testId="135d62c2-4e05-4f94-84c7-5210c7be43a2" testName="Test7616" computerName="UA-LPT-OGA2" duration="00:00:01.5690000" startTime="2025-05-14T13:20:31.3146610Z" endTime="2025-05-14T13:25:31.3147553Z" testType="13cdc9d9-ddb5-4fa4-a97d-d965ccfc6d4b" outcome="Passed" testListId="7ba7746b-2e80-4292-8609-e9db6eca740e" />
    <UnitTestResult executionId="fde8b39e-abee-46eb-9176-03df50f26f89" testId="1c04851d-ab84-4861-8a62-7e01b5109038" testName="Test7617" computerName="UA-LPT-OGA2" duration="00:00:00.8290000" startTime="2025-05-14T13:20:31.3146610Z" endTime="2025-05-14T13:25:31.3147553Z" testType="13cdc9d9-ddb5-4fa4-a97d-d965ccfc6d4b" outcome="Passed" testListId="7ba7746b-2e80-4292-8609-e9db6eca740e" />
    <UnitTestResult executionId="6e88eec5-dc90-46c0-a732-a70eeed66ed8" testId="5d87f88c-45f9-4542-a784-5f0dd9e64ae5" testName="Test7618" computerName="UA-LPT-OGA2" duration="00:00:01.9260000" startTime="2025-05-14T13:20:31.3146610Z" endTime="2025-05-14T13:25:31.3147553Z" testType="13cdc9d9-ddb5-4fa4-a97d-d965ccfc6d4b" outcome="Passed" testListId="7ba7746b-2e80-4292-8609-e9db6eca740e" />
    <UnitTestResult executionId="653a6882-6532-475c-b485-26a4d07c52bf" testId="bcc80320-89cb-4791-8365-8b3d0e401cb1" testName="Test7619" computerName="UA-LPT-OGA2" duration="00:00:00.6380000" startTime="2025-05-14T13:20:31.3146610Z" endTime="2025-05-14T13:25:31.3147553Z" testType="13cdc9d9-ddb5-4fa4-a97d-d965ccfc6d4b" outcome="Passed" testListId="7ba7746b-2e80-4292-8609-e9db6eca740e" />
    <UnitTestResult executionId="8f4af379-e634-40e7-b960-470c27069dcc" testId="59587bcc-ca8b-4f33-a9b0-ac2fe40f25f4" testName="Test7620" computerName="UA-LPT-OGA2" duration="00:00:01.2560000" startTime="2025-05-14T13:20:31.3146610Z" endTime="2025-05-14T13:25:31.3147553Z" testType="13cdc9d9-ddb5-4fa4-a97d-d965ccfc6d4b" outcome="Passed" testListId="7ba7746b-2e80-4292-8609-e9db6eca740e" />
    <UnitTestResult executionId="73246624-e3c9-4390-af13-e7573559588e" testId="007f6778-9c7e-464a-9bd3-baaa04498beb" testName="Test7621" computerName="UA-LPT-OGA2" duration="00:00:00.3500000" startTime="2025-05-14T13:20:31.3146610Z" endTime="2025-05-14T13:25:31.3147553Z" testType="13cdc9d9-ddb5-4fa4-a97d-d965ccfc6d4b" outcome="Passed" testListId="7ba7746b-2e80-4292-8609-e9db6eca740e" />
    <UnitTestResult executionId="46911327-6d4d-4541-8e41-2c8f00ac0b5f" testId="12d60799-52a4-4382-9610-7df4d9ba3eb4" testName="Test7622" computerName="UA-LPT-OGA2" duration="00:00:00.4760000" startTime="2025-05-14T13:20:31.3146610Z" endTime="2025-05-14T13:25:31.3147553Z" testType="13cdc9d9-ddb5-4fa4-a97d-d965ccfc6d4b" outcome="Passed" testListId="7ba7746b-2e80-4292-8609-e9db6eca740e" />
    <UnitTestResult executionId="0a5e4c8d-c6a6-4639-96f3-dfd3c3e75457" testId="ea0f4867-2da8-4a28-9c1e-19ed6b070a13" testName="Test7623" computerName="UA-LPT-OGA2" duration="00:00:00.8180000" startTime="2025-05-14T13:20:31.3146610Z" endTime="2025-05-14T13:25:31.3147553Z" testType="13cdc9d9-ddb5-4fa4-a97d-d965ccfc6d4b" outcome="Passed" testListId="7ba7746b-2e80-4292-8609-e9db6eca740e" />
    <UnitTestResult executionId="5eb6c33d-8f3d-4b9c-aa0a-b737d96524a4" testId="3f80c01e-7c2c-4f1d-8369-e499987da373" testName="Test7624" computerName="UA-LPT-OGA2" duration="00:00:01.8260000" startTime="2025-05-14T13:20:31.3146610Z" endTime="2025-05-14T13:25:31.3147553Z" testType="13cdc9d9-ddb5-4fa4-a97d-d965ccfc6d4b" outcome="Passed" testListId="7ba7746b-2e80-4292-8609-e9db6eca740e" />
    <UnitTestResult executionId="75777127-d7f7-4b91-9c90-2da9660ae2e6" testId="32eb3dea-dc2b-4511-bdc7-9b2f5f123545" testName="Test7625" computerName="UA-LPT-OGA2" duration="00:00:00.1670000" startTime="2025-05-14T13:20:31.3146610Z" endTime="2025-05-14T13:25:31.3147553Z" testType="13cdc9d9-ddb5-4fa4-a97d-d965ccfc6d4b" outcome="Passed" testListId="7ba7746b-2e80-4292-8609-e9db6eca740e" />
    <UnitTestResult executionId="96ea770c-041f-4cdd-9f23-0e42477cea7d" testId="49ac40d4-c9d1-442e-ab57-3d506cbaba5e" testName="Test7626" computerName="UA-LPT-OGA2" duration="00:00:01.3360000" startTime="2025-05-14T13:20:31.3146610Z" endTime="2025-05-14T13:25:31.3147553Z" testType="13cdc9d9-ddb5-4fa4-a97d-d965ccfc6d4b" outcome="Passed" testListId="7ba7746b-2e80-4292-8609-e9db6eca740e" />
    <UnitTestResult executionId="3cb8e0a6-f7f5-420d-9c7e-20eb7dc40257" testId="a5a6480b-554e-4463-96dc-876bda5882eb" testName="Test7627" computerName="UA-LPT-OGA2" duration="00:00:00.7070000" startTime="2025-05-14T13:20:31.3146610Z" endTime="2025-05-14T13:25:31.3147553Z" testType="13cdc9d9-ddb5-4fa4-a97d-d965ccfc6d4b" outcome="Passed" testListId="7ba7746b-2e80-4292-8609-e9db6eca740e" />
    <UnitTestResult executionId="205c95ed-beb1-4e32-9dd5-574d2b773038" testId="d00d5a9b-1921-4572-9870-14daa85590c9" testName="Test7628" computerName="UA-LPT-OGA2" duration="00:00:00.6090000" startTime="2025-05-14T13:20:31.3146610Z" endTime="2025-05-14T13:25:31.3147553Z" testType="13cdc9d9-ddb5-4fa4-a97d-d965ccfc6d4b" outcome="Passed" testListId="7ba7746b-2e80-4292-8609-e9db6eca740e" />
    <UnitTestResult executionId="9dd4cbc1-c769-460e-8a20-004dc46ece87" testId="682115d7-f1dd-4936-a5cc-c0df0c6e58e6" testName="Test7629" computerName="UA-LPT-OGA2" duration="00:00:00.6110000" startTime="2025-05-14T13:20:31.3146610Z" endTime="2025-05-14T13:25:31.3147553Z" testType="13cdc9d9-ddb5-4fa4-a97d-d965ccfc6d4b" outcome="Passed" testListId="7ba7746b-2e80-4292-8609-e9db6eca740e" />
    <UnitTestResult executionId="a2d8822d-e2a9-4b70-b23c-45d50221a740" testId="4f4e6ad9-5ab5-4a42-b779-a47ccff654c7" testName="Test7630" computerName="UA-LPT-OGA2" duration="00:00:00.7210000" startTime="2025-05-14T13:20:31.3146610Z" endTime="2025-05-14T13:25:31.3147553Z" testType="13cdc9d9-ddb5-4fa4-a97d-d965ccfc6d4b" outcome="Passed" testListId="7ba7746b-2e80-4292-8609-e9db6eca740e" />
    <UnitTestResult executionId="8d729e0f-db61-4b08-9e25-65069a39f0f1" testId="00b96950-5aad-4d95-a8de-6c1679bfe3e9" testName="Test7631" computerName="UA-LPT-OGA2" duration="00:00:01.9040000" startTime="2025-05-14T13:20:31.3146610Z" endTime="2025-05-14T13:25:31.3147553Z" testType="13cdc9d9-ddb5-4fa4-a97d-d965ccfc6d4b" outcome="Passed" testListId="7ba7746b-2e80-4292-8609-e9db6eca740e" />
    <UnitTestResult executionId="9630cff3-1231-466c-a1a0-744781624e65" testId="f442562a-9caa-46d3-92b3-691a88f62f4a" testName="Test7632" computerName="UA-LPT-OGA2" duration="00:00:01.7640000" startTime="2025-05-14T13:20:31.3146610Z" endTime="2025-05-14T13:25:31.3147553Z" testType="13cdc9d9-ddb5-4fa4-a97d-d965ccfc6d4b" outcome="Passed" testListId="7ba7746b-2e80-4292-8609-e9db6eca740e" />
    <UnitTestResult executionId="9bcb84cc-9be5-4d81-a40a-dbb77a86577d" testId="5373ed11-42dc-45cf-815a-547dbb9d4d63" testName="Test7633" computerName="UA-LPT-OGA2" duration="00:00:00.5240000" startTime="2025-05-14T13:20:31.3146610Z" endTime="2025-05-14T13:25:31.3147553Z" testType="13cdc9d9-ddb5-4fa4-a97d-d965ccfc6d4b" outcome="Passed" testListId="7ba7746b-2e80-4292-8609-e9db6eca740e" />
    <UnitTestResult executionId="017546f0-57a0-496f-919f-a9e6bbecd248" testId="e96f0e89-65bd-4e09-b7ad-f090e5089dc5" testName="Test7634" computerName="UA-LPT-OGA2" duration="00:00:01.0790000" startTime="2025-05-14T13:20:31.3146610Z" endTime="2025-05-14T13:25:31.3147553Z" testType="13cdc9d9-ddb5-4fa4-a97d-d965ccfc6d4b" outcome="Passed" testListId="7ba7746b-2e80-4292-8609-e9db6eca740e" />
    <UnitTestResult executionId="52b1aa26-46fe-4919-8e2c-9ad3b202b86c" testId="38eb2404-e815-4007-8cdb-bc3b971280bb" testName="Test7635" computerName="UA-LPT-OGA2" duration="00:00:01.5220000" startTime="2025-05-14T13:20:31.3146610Z" endTime="2025-05-14T13:25:31.3147553Z" testType="13cdc9d9-ddb5-4fa4-a97d-d965ccfc6d4b" outcome="Passed" testListId="7ba7746b-2e80-4292-8609-e9db6eca740e" />
    <UnitTestResult executionId="7079b06e-ef6d-4bc6-b05e-ab9e05a902a3" testId="9eff9cb2-9443-4a69-9f53-ef6423880f11" testName="Test7636" computerName="UA-LPT-OGA2" duration="00:00:00.1680000" startTime="2025-05-14T13:20:31.3146610Z" endTime="2025-05-14T13:25:31.3147553Z" testType="13cdc9d9-ddb5-4fa4-a97d-d965ccfc6d4b" outcome="Passed" testListId="7ba7746b-2e80-4292-8609-e9db6eca740e" />
    <UnitTestResult executionId="0b64cf19-86e7-4a05-aa03-bdde34372081" testId="88ee8f5a-2e90-4bd8-a180-b910367a44de" testName="Test7637" computerName="UA-LPT-OGA2" duration="00:00:00.3350000" startTime="2025-05-14T13:20:31.3146610Z" endTime="2025-05-14T13:25:31.3147553Z" testType="13cdc9d9-ddb5-4fa4-a97d-d965ccfc6d4b" outcome="Inconclusive" testListId="7ba7746b-2e80-4292-8609-e9db6eca740e" />
    <UnitTestResult executionId="d634b886-c60b-4cfb-b24b-7066288339cd" testId="57ebab0e-7d2f-436d-bdca-eeefbff5a21e" testName="Test7638" computerName="UA-LPT-OGA2" duration="00:00:01.6550000" startTime="2025-05-14T13:20:31.3146610Z" endTime="2025-05-14T13:25:31.3147553Z" testType="13cdc9d9-ddb5-4fa4-a97d-d965ccfc6d4b" outcome="Passed" testListId="7ba7746b-2e80-4292-8609-e9db6eca740e" />
    <UnitTestResult executionId="88ca7ec8-c127-4d58-ba75-9d2aac114e46" testId="aa741284-ba3c-4835-b712-cebb5978b914" testName="Test7639" computerName="UA-LPT-OGA2" duration="00:00:00.5710000" startTime="2025-05-14T13:20:31.3146610Z" endTime="2025-05-14T13:25:31.3147553Z" testType="13cdc9d9-ddb5-4fa4-a97d-d965ccfc6d4b" outcome="Passed" testListId="7ba7746b-2e80-4292-8609-e9db6eca740e" />
    <UnitTestResult executionId="79452a48-63d1-4131-8578-c21830a3500c" testId="518a516a-72d7-4b45-84a3-4abaef843249" testName="Test7640" computerName="UA-LPT-OGA2" duration="00:00:01.5570000" startTime="2025-05-14T13:20:31.3146610Z" endTime="2025-05-14T13:25:31.3147553Z" testType="13cdc9d9-ddb5-4fa4-a97d-d965ccfc6d4b" outcome="Passed" testListId="7ba7746b-2e80-4292-8609-e9db6eca740e" />
    <UnitTestResult executionId="5aded706-2375-403e-a2f5-3468667265fd" testId="4c767f5f-a9a6-4a45-8e75-a925516a5d1d" testName="Test7641" computerName="UA-LPT-OGA2" duration="00:00:00.8080000" startTime="2025-05-14T13:20:31.3146610Z" endTime="2025-05-14T13:25:31.3147553Z" testType="13cdc9d9-ddb5-4fa4-a97d-d965ccfc6d4b" outcome="Passed" testListId="7ba7746b-2e80-4292-8609-e9db6eca740e" />
    <UnitTestResult executionId="4379e016-2e10-451e-b4c5-5e6dea01f288" testId="a08bad42-e370-4126-8a8a-dbb0eb3a6243" testName="Test7642" computerName="UA-LPT-OGA2" duration="00:00:01.0160000" startTime="2025-05-14T13:20:31.3146610Z" endTime="2025-05-14T13:25:31.3147553Z" testType="13cdc9d9-ddb5-4fa4-a97d-d965ccfc6d4b" outcome="Passed" testListId="7ba7746b-2e80-4292-8609-e9db6eca740e" />
    <UnitTestResult executionId="13d52e65-a218-4269-8471-4e0aa9c6c12b" testId="dc728984-aafc-462f-b2d6-ea2df2707235" testName="Test7643" computerName="UA-LPT-OGA2" duration="00:00:01.9580000" startTime="2025-05-14T13:20:31.3146610Z" endTime="2025-05-14T13:25:31.3147553Z" testType="13cdc9d9-ddb5-4fa4-a97d-d965ccfc6d4b" outcome="Passed" testListId="7ba7746b-2e80-4292-8609-e9db6eca740e" />
    <UnitTestResult executionId="723b01a7-a14b-4e34-bc08-e84ade4d247c" testId="87576d7e-357e-41a8-a92c-31f7e5beabff" testName="Test7644" computerName="UA-LPT-OGA2" duration="00:00:00.2110000" startTime="2025-05-14T13:20:31.3146610Z" endTime="2025-05-14T13:25:31.3147553Z" testType="13cdc9d9-ddb5-4fa4-a97d-d965ccfc6d4b" outcome="Passed" testListId="7ba7746b-2e80-4292-8609-e9db6eca740e" />
    <UnitTestResult executionId="4f6226fe-14c4-43b0-9106-c3f5d254e503" testId="07f54c2e-1745-4625-ac73-fc2315ed89bd" testName="Test7645" computerName="UA-LPT-OGA2" duration="00:00:01.1310000" startTime="2025-05-14T13:20:31.3146610Z" endTime="2025-05-14T13:25:31.3147553Z" testType="13cdc9d9-ddb5-4fa4-a97d-d965ccfc6d4b" outcome="Passed" testListId="7ba7746b-2e80-4292-8609-e9db6eca740e" />
    <UnitTestResult executionId="4d000abf-2bb5-4ddd-b976-905b5a5da28f" testId="ae77ba60-6e74-49c0-b6dd-4cb31c62fa8f" testName="Test7646" computerName="UA-LPT-OGA2" duration="00:00:00.9590000" startTime="2025-05-14T13:20:31.3146610Z" endTime="2025-05-14T13:25:31.3147553Z" testType="13cdc9d9-ddb5-4fa4-a97d-d965ccfc6d4b" outcome="Passed" testListId="7ba7746b-2e80-4292-8609-e9db6eca740e" />
    <UnitTestResult executionId="152a6b86-2629-4035-b8d2-af975a0c892a" testId="3ec898cf-cca6-4046-9230-56c37225a7de" testName="Test7647" computerName="UA-LPT-OGA2" duration="00:00:01.0900000" startTime="2025-05-14T13:20:31.3146610Z" endTime="2025-05-14T13:25:31.3147553Z" testType="13cdc9d9-ddb5-4fa4-a97d-d965ccfc6d4b" outcome="Passed" testListId="7ba7746b-2e80-4292-8609-e9db6eca740e" />
    <UnitTestResult executionId="f4aec365-d8f7-47e3-9494-2f21e39abd52" testId="ff6eaa3d-5476-4fdb-ad20-2314c1f552dd" testName="Test7648" computerName="UA-LPT-OGA2" duration="00:00:01.1000000" startTime="2025-05-14T13:20:31.3146610Z" endTime="2025-05-14T13:25:31.3147553Z" testType="13cdc9d9-ddb5-4fa4-a97d-d965ccfc6d4b" outcome="Passed" testListId="7ba7746b-2e80-4292-8609-e9db6eca740e" />
    <UnitTestResult executionId="a32c3ff1-e05b-4752-853e-98e7ee5233c6" testId="c846188c-be7f-40c9-8829-3092a6502893" testName="Test7649" computerName="UA-LPT-OGA2" duration="00:00:00.5090000" startTime="2025-05-14T13:20:31.3146610Z" endTime="2025-05-14T13:25:31.3147553Z" testType="13cdc9d9-ddb5-4fa4-a97d-d965ccfc6d4b" outcome="Failed" testListId="7ba7746b-2e80-4292-8609-e9db6eca740e">
      <Output>
        <ErrorInfo>
          <Message>Assertion failed: Expected value did not match actual value.</Message>
          <StackTrace>   at TestNamespace.TestClass.Test() in TestClass.cs:line 30</StackTrace>
        </ErrorInfo>
      </Output>
    </UnitTestResult>
    <UnitTestResult executionId="935e437b-7ac5-4dfb-a6dd-f49139b6f88f" testId="0956fc87-29bb-4289-bd9d-01f95995d818" testName="Test7650" computerName="UA-LPT-OGA2" duration="00:00:01.6490000" startTime="2025-05-14T13:20:31.3146610Z" endTime="2025-05-14T13:25:31.3147553Z" testType="13cdc9d9-ddb5-4fa4-a97d-d965ccfc6d4b" outcome="Passed" testListId="7ba7746b-2e80-4292-8609-e9db6eca740e" />
    <UnitTestResult executionId="3498ef9f-01ff-4aef-9983-435b6ebb941c" testId="db8b87e5-2f58-400f-8c29-a0e9f22ddc3f" testName="Test7651" computerName="UA-LPT-OGA2" duration="00:00:00.7090000" startTime="2025-05-14T13:20:31.3146610Z" endTime="2025-05-14T13:25:31.3147553Z" testType="13cdc9d9-ddb5-4fa4-a97d-d965ccfc6d4b" outcome="Passed" testListId="7ba7746b-2e80-4292-8609-e9db6eca740e" />
    <UnitTestResult executionId="f28bc47b-f190-4101-96b4-005ad0898d7e" testId="5035875e-152b-49a8-b10d-3e7241bdc345" testName="Test7652" computerName="UA-LPT-OGA2" duration="00:00:00.2220000" startTime="2025-05-14T13:20:31.3146610Z" endTime="2025-05-14T13:25:31.3147553Z" testType="13cdc9d9-ddb5-4fa4-a97d-d965ccfc6d4b" outcome="Passed" testListId="7ba7746b-2e80-4292-8609-e9db6eca740e" />
    <UnitTestResult executionId="b3b778a1-d373-46ed-9c5a-2be8ce84373c" testId="17c29bdd-a306-4495-9e71-1e385c3d33bd" testName="Test7653" computerName="UA-LPT-OGA2" duration="00:00:00.6940000" startTime="2025-05-14T13:20:31.3146610Z" endTime="2025-05-14T13:25:31.3147553Z" testType="13cdc9d9-ddb5-4fa4-a97d-d965ccfc6d4b" outcome="Passed" testListId="7ba7746b-2e80-4292-8609-e9db6eca740e" />
    <UnitTestResult executionId="ad125d46-c740-47d1-89b6-b59c061f26e1" testId="281bde22-c5db-47f7-b519-e61d88ab6c4a" testName="Test7654" computerName="UA-LPT-OGA2" duration="00:00:01.0030000" startTime="2025-05-14T13:20:31.3146610Z" endTime="2025-05-14T13:25:31.3147553Z" testType="13cdc9d9-ddb5-4fa4-a97d-d965ccfc6d4b" outcome="Failed" testListId="7ba7746b-2e80-4292-8609-e9db6eca740e">
      <Output>
        <ErrorInfo>
          <Message>Assertion failed: Expected value did not match actual value.</Message>
          <StackTrace>   at TestNamespace.TestClass.Test() in TestClass.cs:line 314</StackTrace>
        </ErrorInfo>
      </Output>
    </UnitTestResult>
    <UnitTestResult executionId="267a438c-017c-405d-8a31-756c60192228" testId="0b28958f-2770-4886-8875-4c2591e770e9" testName="Test7655" computerName="UA-LPT-OGA2" duration="00:00:00.9890000" startTime="2025-05-14T13:20:31.3146610Z" endTime="2025-05-14T13:25:31.3147553Z" testType="13cdc9d9-ddb5-4fa4-a97d-d965ccfc6d4b" outcome="Passed" testListId="7ba7746b-2e80-4292-8609-e9db6eca740e" />
    <UnitTestResult executionId="15242802-e263-4d07-bcff-0fbb4fed4ba1" testId="623354c8-f076-405d-affa-f9f1c9613994" testName="Test7656" computerName="UA-LPT-OGA2" duration="00:00:01.4010000" startTime="2025-05-14T13:20:31.3146610Z" endTime="2025-05-14T13:25:31.3147553Z" testType="13cdc9d9-ddb5-4fa4-a97d-d965ccfc6d4b" outcome="Passed" testListId="7ba7746b-2e80-4292-8609-e9db6eca740e" />
    <UnitTestResult executionId="f2bb1006-5ab5-43d4-9c7c-296b527954e7" testId="043a060e-888c-4b00-a63d-233cfc3a4407" testName="Test7657" computerName="UA-LPT-OGA2" duration="00:00:00.1950000" startTime="2025-05-14T13:20:31.3146610Z" endTime="2025-05-14T13:25:31.3147553Z" testType="13cdc9d9-ddb5-4fa4-a97d-d965ccfc6d4b" outcome="Passed" testListId="7ba7746b-2e80-4292-8609-e9db6eca740e" />
    <UnitTestResult executionId="f4a31610-e91c-4d93-a3be-46818b5d1209" testId="c37f58c0-8100-4d40-9b9a-1d94af074da8" testName="Test7658" computerName="UA-LPT-OGA2" duration="00:00:00.8410000" startTime="2025-05-14T13:20:31.3146610Z" endTime="2025-05-14T13:25:31.3147553Z" testType="13cdc9d9-ddb5-4fa4-a97d-d965ccfc6d4b" outcome="Passed" testListId="7ba7746b-2e80-4292-8609-e9db6eca740e" />
    <UnitTestResult executionId="84ee12e3-bef3-4759-ba5a-0621cbe5363e" testId="cc923ea4-08e6-4620-82f5-4bfaf87d5265" testName="Test7659" computerName="UA-LPT-OGA2" duration="00:00:01.9150000" startTime="2025-05-14T13:20:31.3146610Z" endTime="2025-05-14T13:25:31.3147553Z" testType="13cdc9d9-ddb5-4fa4-a97d-d965ccfc6d4b" outcome="Passed" testListId="7ba7746b-2e80-4292-8609-e9db6eca740e" />
    <UnitTestResult executionId="f7529231-4c2e-4789-9f62-3beee554b3c6" testId="0c290f94-1840-49d3-9ba0-ae0d29a4ed1e" testName="Test7660" computerName="UA-LPT-OGA2" duration="00:00:00.0310000" startTime="2025-05-14T13:20:31.3146610Z" endTime="2025-05-14T13:25:31.3147553Z" testType="13cdc9d9-ddb5-4fa4-a97d-d965ccfc6d4b" outcome="Failed" testListId="7ba7746b-2e80-4292-8609-e9db6eca740e">
      <Output>
        <ErrorInfo>
          <Message>Assertion failed: Expected value did not match actual value.</Message>
          <StackTrace>   at TestNamespace.TestClass.Test() in TestClass.cs:line 214</StackTrace>
        </ErrorInfo>
      </Output>
    </UnitTestResult>
    <UnitTestResult executionId="9214e903-46f8-4b91-9f9e-0fb891596395" testId="5477bfc0-d686-4bc6-b155-e50ceb5aa08e" testName="Test7661" computerName="UA-LPT-OGA2" duration="00:00:01.1570000" startTime="2025-05-14T13:20:31.3146610Z" endTime="2025-05-14T13:25:31.3147553Z" testType="13cdc9d9-ddb5-4fa4-a97d-d965ccfc6d4b" outcome="Passed" testListId="7ba7746b-2e80-4292-8609-e9db6eca740e" />
    <UnitTestResult executionId="9b1fb3ae-5dba-4abb-be55-0857f05487cc" testId="78141f36-9056-4710-96ff-fb81ea788a41" testName="Test7662" computerName="UA-LPT-OGA2" duration="00:00:01.6770000" startTime="2025-05-14T13:20:31.3146610Z" endTime="2025-05-14T13:25:31.3147553Z" testType="13cdc9d9-ddb5-4fa4-a97d-d965ccfc6d4b" outcome="Passed" testListId="7ba7746b-2e80-4292-8609-e9db6eca740e" />
    <UnitTestResult executionId="10719f7d-8bf3-4f59-9f66-d93749fb8f0c" testId="668d66f9-3263-4b00-9819-6353abc36810" testName="Test7663" computerName="UA-LPT-OGA2" duration="00:00:00.0920000" startTime="2025-05-14T13:20:31.3146610Z" endTime="2025-05-14T13:25:31.3147553Z" testType="13cdc9d9-ddb5-4fa4-a97d-d965ccfc6d4b" outcome="Passed" testListId="7ba7746b-2e80-4292-8609-e9db6eca740e" />
    <UnitTestResult executionId="6ffb6757-901e-49db-af3d-e3844b6c6164" testId="2397e220-fb49-42e6-b208-c113ddfd5cc8" testName="Test7664" computerName="UA-LPT-OGA2" duration="00:00:00.4860000" startTime="2025-05-14T13:20:31.3146610Z" endTime="2025-05-14T13:25:31.3147553Z" testType="13cdc9d9-ddb5-4fa4-a97d-d965ccfc6d4b" outcome="Passed" testListId="7ba7746b-2e80-4292-8609-e9db6eca740e" />
    <UnitTestResult executionId="9fee96bc-8e9f-4b7f-be01-eab5288fc7c8" testId="eccd7086-9039-47bf-893c-ded9c3b1f4c1" testName="Test7665" computerName="UA-LPT-OGA2" duration="00:00:01.6960000" startTime="2025-05-14T13:20:31.3146610Z" endTime="2025-05-14T13:25:31.3147553Z" testType="13cdc9d9-ddb5-4fa4-a97d-d965ccfc6d4b" outcome="Passed" testListId="7ba7746b-2e80-4292-8609-e9db6eca740e" />
    <UnitTestResult executionId="e164396f-8880-4b26-8cb7-da96e619178d" testId="34ad56a4-02cd-4b7b-997f-e7cb07bf04d3" testName="Test7666" computerName="UA-LPT-OGA2" duration="00:00:01.3140000" startTime="2025-05-14T13:20:31.3146610Z" endTime="2025-05-14T13:25:31.3147553Z" testType="13cdc9d9-ddb5-4fa4-a97d-d965ccfc6d4b" outcome="Passed" testListId="7ba7746b-2e80-4292-8609-e9db6eca740e" />
    <UnitTestResult executionId="0c478852-e4ff-48cc-918e-072a81dcbeff" testId="6b8fedcd-be9a-42df-b26c-e6a145ef3f2e" testName="Test7667" computerName="UA-LPT-OGA2" duration="00:00:01.9600000" startTime="2025-05-14T13:20:31.3146610Z" endTime="2025-05-14T13:25:31.3147553Z" testType="13cdc9d9-ddb5-4fa4-a97d-d965ccfc6d4b" outcome="Passed" testListId="7ba7746b-2e80-4292-8609-e9db6eca740e" />
    <UnitTestResult executionId="63559fd0-6fbd-4f86-9020-780ab80224e6" testId="4d0f79db-a299-4f48-91f8-ace7b527eb63" testName="Test7668" computerName="UA-LPT-OGA2" duration="00:00:01.1310000" startTime="2025-05-14T13:20:31.3146610Z" endTime="2025-05-14T13:25:31.3147553Z" testType="13cdc9d9-ddb5-4fa4-a97d-d965ccfc6d4b" outcome="Passed" testListId="7ba7746b-2e80-4292-8609-e9db6eca740e" />
    <UnitTestResult executionId="e6f6acad-1837-4869-9c77-2fcba942b67e" testId="7a9f28e7-3638-4d23-98c1-97377f4b92c6" testName="Test7669" computerName="UA-LPT-OGA2" duration="00:00:01.4260000" startTime="2025-05-14T13:20:31.3146610Z" endTime="2025-05-14T13:25:31.3147553Z" testType="13cdc9d9-ddb5-4fa4-a97d-d965ccfc6d4b" outcome="Passed" testListId="7ba7746b-2e80-4292-8609-e9db6eca740e" />
    <UnitTestResult executionId="fb034335-777a-48c6-9ddb-d462da5dc4c3" testId="e9a30723-acc7-44d4-bbb6-ae174d2f9500" testName="Test7670" computerName="UA-LPT-OGA2" duration="00:00:00.7210000" startTime="2025-05-14T13:20:31.3146610Z" endTime="2025-05-14T13:25:31.3147553Z" testType="13cdc9d9-ddb5-4fa4-a97d-d965ccfc6d4b" outcome="Passed" testListId="7ba7746b-2e80-4292-8609-e9db6eca740e" />
    <UnitTestResult executionId="cfe21b5a-f1ba-49c1-a6c1-2bedd806152b" testId="060c9e04-a43f-460a-ad49-38b089317ad7" testName="Test7671" computerName="UA-LPT-OGA2" duration="00:00:00.5240000" startTime="2025-05-14T13:20:31.3146610Z" endTime="2025-05-14T13:25:31.3147553Z" testType="13cdc9d9-ddb5-4fa4-a97d-d965ccfc6d4b" outcome="Passed" testListId="7ba7746b-2e80-4292-8609-e9db6eca740e" />
    <UnitTestResult executionId="8b418894-df96-4ac4-871a-ec72ecf96695" testId="7fcc78f5-8365-41aa-b04c-b7d0615d5acd" testName="Test7672" computerName="UA-LPT-OGA2" duration="00:00:01.0900000" startTime="2025-05-14T13:20:31.3146610Z" endTime="2025-05-14T13:25:31.3147553Z" testType="13cdc9d9-ddb5-4fa4-a97d-d965ccfc6d4b" outcome="Passed" testListId="7ba7746b-2e80-4292-8609-e9db6eca740e" />
    <UnitTestResult executionId="b52f8ab5-b014-46a1-93bd-f7b7a8dfe396" testId="3cfb5c78-354a-4463-a21c-270a2207f067" testName="Test7673" computerName="UA-LPT-OGA2" duration="00:00:00.5020000" startTime="2025-05-14T13:20:31.3146610Z" endTime="2025-05-14T13:25:31.3147553Z" testType="13cdc9d9-ddb5-4fa4-a97d-d965ccfc6d4b" outcome="Passed" testListId="7ba7746b-2e80-4292-8609-e9db6eca740e" />
    <UnitTestResult executionId="2cd69b37-8511-4772-846d-af495f8759ee" testId="b64a395d-49c6-40c3-8061-efb052c883a4" testName="Test7674" computerName="UA-LPT-OGA2" duration="00:00:01.5460000" startTime="2025-05-14T13:20:31.3146610Z" endTime="2025-05-14T13:25:31.3147553Z" testType="13cdc9d9-ddb5-4fa4-a97d-d965ccfc6d4b" outcome="Failed" testListId="7ba7746b-2e80-4292-8609-e9db6eca740e">
      <Output>
        <ErrorInfo>
          <Message>Assertion failed: Expected value did not match actual value.</Message>
          <StackTrace>   at TestNamespace.TestClass.Test() in TestClass.cs:line 485</StackTrace>
        </ErrorInfo>
      </Output>
    </UnitTestResult>
    <UnitTestResult executionId="7234bf27-95eb-409e-ba3d-74e83644522e" testId="e59478f2-892b-447a-a047-32c95870e5fc" testName="Test7675" computerName="UA-LPT-OGA2" duration="00:00:00.7640000" startTime="2025-05-14T13:20:31.3146610Z" endTime="2025-05-14T13:25:31.3147553Z" testType="13cdc9d9-ddb5-4fa4-a97d-d965ccfc6d4b" outcome="Passed" testListId="7ba7746b-2e80-4292-8609-e9db6eca740e" />
    <UnitTestResult executionId="251df7fa-ce20-446d-b727-623aac45e94a" testId="d5f730bb-887e-4962-8a38-181ed1f18958" testName="Test7676" computerName="UA-LPT-OGA2" duration="00:00:00.4810000" startTime="2025-05-14T13:20:31.3146610Z" endTime="2025-05-14T13:25:31.3147553Z" testType="13cdc9d9-ddb5-4fa4-a97d-d965ccfc6d4b" outcome="Passed" testListId="7ba7746b-2e80-4292-8609-e9db6eca740e" />
    <UnitTestResult executionId="236bb3c7-5c4a-4ec6-8df5-826f954cf338" testId="2f38516b-cbce-4724-bade-49462fdd72b2" testName="Test7677" computerName="UA-LPT-OGA2" duration="00:00:00.3710000" startTime="2025-05-14T13:20:31.3146610Z" endTime="2025-05-14T13:25:31.3147553Z" testType="13cdc9d9-ddb5-4fa4-a97d-d965ccfc6d4b" outcome="Failed" testListId="7ba7746b-2e80-4292-8609-e9db6eca740e">
      <Output>
        <ErrorInfo>
          <Message>Assertion failed: Expected value did not match actual value.</Message>
          <StackTrace>   at TestNamespace.TestClass.Test() in TestClass.cs:line 279</StackTrace>
        </ErrorInfo>
      </Output>
    </UnitTestResult>
    <UnitTestResult executionId="b60c7115-8379-4962-8e6d-87bc3efd624f" testId="3ef9110d-6953-4e34-99e0-f1c58c63f8cc" testName="Test7678" computerName="UA-LPT-OGA2" duration="00:00:01.6320000" startTime="2025-05-14T13:20:31.3146610Z" endTime="2025-05-14T13:25:31.3147553Z" testType="13cdc9d9-ddb5-4fa4-a97d-d965ccfc6d4b" outcome="Passed" testListId="7ba7746b-2e80-4292-8609-e9db6eca740e" />
    <UnitTestResult executionId="f996391c-b359-4e83-81e3-379043ac9bae" testId="dbe995d8-8ba7-46c2-9f5d-2ea9847c1282" testName="Test7679" computerName="UA-LPT-OGA2" duration="00:00:01.0380000" startTime="2025-05-14T13:20:31.3146610Z" endTime="2025-05-14T13:25:31.3147553Z" testType="13cdc9d9-ddb5-4fa4-a97d-d965ccfc6d4b" outcome="Passed" testListId="7ba7746b-2e80-4292-8609-e9db6eca740e" />
    <UnitTestResult executionId="defad939-2998-41a3-b643-4c919543836c" testId="e4b9d81f-9fbd-45d4-82a6-1e915265f780" testName="Test7680" computerName="UA-LPT-OGA2" duration="00:00:00.6560000" startTime="2025-05-14T13:20:31.3146610Z" endTime="2025-05-14T13:25:31.3147553Z" testType="13cdc9d9-ddb5-4fa4-a97d-d965ccfc6d4b" outcome="Passed" testListId="7ba7746b-2e80-4292-8609-e9db6eca740e" />
    <UnitTestResult executionId="47e5b503-62dd-4aa3-a3fa-5787d2f43b24" testId="ee655953-5e03-4d3a-8afd-285a889e19cb" testName="Test7681" computerName="UA-LPT-OGA2" duration="00:00:00.9340000" startTime="2025-05-14T13:20:31.3146610Z" endTime="2025-05-14T13:25:31.3147553Z" testType="13cdc9d9-ddb5-4fa4-a97d-d965ccfc6d4b" outcome="Passed" testListId="7ba7746b-2e80-4292-8609-e9db6eca740e" />
    <UnitTestResult executionId="eb6b7f80-0165-4b40-9d4e-504210c6dbcd" testId="6ea0875e-1693-4d94-a1dd-6a18bc4a6d06" testName="Test7682" computerName="UA-LPT-OGA2" duration="00:00:00.4390000" startTime="2025-05-14T13:20:31.3146610Z" endTime="2025-05-14T13:25:31.3147553Z" testType="13cdc9d9-ddb5-4fa4-a97d-d965ccfc6d4b" outcome="Passed" testListId="7ba7746b-2e80-4292-8609-e9db6eca740e" />
    <UnitTestResult executionId="0b0f69f2-60ac-493a-b445-4a80061474c7" testId="06e99c85-e470-46e7-b089-629e9eef4064" testName="Test7683" computerName="UA-LPT-OGA2" duration="00:00:01.5810000" startTime="2025-05-14T13:20:31.3146610Z" endTime="2025-05-14T13:25:31.3147553Z" testType="13cdc9d9-ddb5-4fa4-a97d-d965ccfc6d4b" outcome="Passed" testListId="7ba7746b-2e80-4292-8609-e9db6eca740e" />
    <UnitTestResult executionId="b33e041e-dd33-4223-827e-dbe04bca9b07" testId="289a7dd7-f659-4a56-ae06-5e4bc9b21d66" testName="Test7684" computerName="UA-LPT-OGA2" duration="00:00:00.7990000" startTime="2025-05-14T13:20:31.3146610Z" endTime="2025-05-14T13:25:31.3147553Z" testType="13cdc9d9-ddb5-4fa4-a97d-d965ccfc6d4b" outcome="Passed" testListId="7ba7746b-2e80-4292-8609-e9db6eca740e" />
    <UnitTestResult executionId="48b708a5-37fd-45a5-8eff-adbed5c2fd9a" testId="fa18f336-fbf2-48fd-9dae-149e83e368b6" testName="Test7685" computerName="UA-LPT-OGA2" duration="00:00:01.5100000" startTime="2025-05-14T13:20:31.3146610Z" endTime="2025-05-14T13:25:31.3147553Z" testType="13cdc9d9-ddb5-4fa4-a97d-d965ccfc6d4b" outcome="Passed" testListId="7ba7746b-2e80-4292-8609-e9db6eca740e" />
    <UnitTestResult executionId="9996ff65-06ab-4a68-958f-80c0c60c99f2" testId="f41b626d-c801-4960-8eb8-15368d42f502" testName="Test7686" computerName="UA-LPT-OGA2" duration="00:00:00.2240000" startTime="2025-05-14T13:20:31.3146610Z" endTime="2025-05-14T13:25:31.3147553Z" testType="13cdc9d9-ddb5-4fa4-a97d-d965ccfc6d4b" outcome="Passed" testListId="7ba7746b-2e80-4292-8609-e9db6eca740e" />
    <UnitTestResult executionId="a478bef0-a4cc-4a62-9c62-99f723ef75ae" testId="72a1f3a8-3105-4c08-a829-c98d7dc7ddd3" testName="Test7687" computerName="UA-LPT-OGA2" duration="00:00:01.0720000" startTime="2025-05-14T13:20:31.3146610Z" endTime="2025-05-14T13:25:31.3147553Z" testType="13cdc9d9-ddb5-4fa4-a97d-d965ccfc6d4b" outcome="Passed" testListId="7ba7746b-2e80-4292-8609-e9db6eca740e" />
    <UnitTestResult executionId="ec7cef17-e6d5-4f15-bb6e-6372d345ed3e" testId="44f6070d-afa0-4212-9705-8554bf4913c1" testName="Test7688" computerName="UA-LPT-OGA2" duration="00:00:00.6270000" startTime="2025-05-14T13:20:31.3146610Z" endTime="2025-05-14T13:25:31.3147553Z" testType="13cdc9d9-ddb5-4fa4-a97d-d965ccfc6d4b" outcome="Passed" testListId="7ba7746b-2e80-4292-8609-e9db6eca740e" />
    <UnitTestResult executionId="a64765e2-8dc4-4290-a9ee-53390424f64b" testId="399ac847-c6a1-424b-bbb1-d4769bc1e600" testName="Test7689" computerName="UA-LPT-OGA2" duration="00:00:01.2420000" startTime="2025-05-14T13:20:31.3146610Z" endTime="2025-05-14T13:25:31.3147553Z" testType="13cdc9d9-ddb5-4fa4-a97d-d965ccfc6d4b" outcome="Passed" testListId="7ba7746b-2e80-4292-8609-e9db6eca740e" />
    <UnitTestResult executionId="a18fcd3f-2784-4893-b99f-f35ffc5a499b" testId="2c584cfe-ef9e-493c-93e3-8ec965efc560" testName="Test7690" computerName="UA-LPT-OGA2" duration="00:00:00.6910000" startTime="2025-05-14T13:20:31.3146610Z" endTime="2025-05-14T13:25:31.3147553Z" testType="13cdc9d9-ddb5-4fa4-a97d-d965ccfc6d4b" outcome="Passed" testListId="7ba7746b-2e80-4292-8609-e9db6eca740e" />
    <UnitTestResult executionId="ffaab927-fcea-4108-8e96-3c9d36931900" testId="07f92a41-17e0-4532-b068-02ff4a77c5bf" testName="Test7691" computerName="UA-LPT-OGA2" duration="00:00:01.2650000" startTime="2025-05-14T13:20:31.3146610Z" endTime="2025-05-14T13:25:31.3147553Z" testType="13cdc9d9-ddb5-4fa4-a97d-d965ccfc6d4b" outcome="Passed" testListId="7ba7746b-2e80-4292-8609-e9db6eca740e" />
    <UnitTestResult executionId="01a18412-4411-4e97-97fb-d765d9025b27" testId="1659c691-12ad-43c3-8dd8-2b98e4a9fed0" testName="Test7692" computerName="UA-LPT-OGA2" duration="00:00:01.0780000" startTime="2025-05-14T13:20:31.3146610Z" endTime="2025-05-14T13:25:31.3147553Z" testType="13cdc9d9-ddb5-4fa4-a97d-d965ccfc6d4b" outcome="Passed" testListId="7ba7746b-2e80-4292-8609-e9db6eca740e" />
    <UnitTestResult executionId="4ac2e1db-42a4-47bf-95a8-9fd4b021795e" testId="ac66c1f1-7fd4-4ac6-973f-f90d4cd7c482" testName="Test7693" computerName="UA-LPT-OGA2" duration="00:00:01.4380000" startTime="2025-05-14T13:20:31.3146610Z" endTime="2025-05-14T13:25:31.3147553Z" testType="13cdc9d9-ddb5-4fa4-a97d-d965ccfc6d4b" outcome="Passed" testListId="7ba7746b-2e80-4292-8609-e9db6eca740e" />
    <UnitTestResult executionId="eb6fda3a-f2f3-49c4-a88c-fc6daa8f5d89" testId="b6b0580a-5fdf-456c-889d-2099b6cfa149" testName="Test7694" computerName="UA-LPT-OGA2" duration="00:00:01.3060000" startTime="2025-05-14T13:20:31.3146610Z" endTime="2025-05-14T13:25:31.3147553Z" testType="13cdc9d9-ddb5-4fa4-a97d-d965ccfc6d4b" outcome="Passed" testListId="7ba7746b-2e80-4292-8609-e9db6eca740e" />
    <UnitTestResult executionId="76eabf44-68c3-419f-b3cd-53a67f616a9c" testId="5b6d651e-a8ab-4871-a0de-c02077b884ac" testName="Test7695" computerName="UA-LPT-OGA2" duration="00:00:01.9460000" startTime="2025-05-14T13:20:31.3146610Z" endTime="2025-05-14T13:25:31.3147553Z" testType="13cdc9d9-ddb5-4fa4-a97d-d965ccfc6d4b" outcome="Passed" testListId="7ba7746b-2e80-4292-8609-e9db6eca740e" />
    <UnitTestResult executionId="9f0c7ca8-1867-449c-98b6-9fd22825a47f" testId="f9874700-7778-4b7a-b5f7-5fb267351268" testName="Test7696" computerName="UA-LPT-OGA2" duration="00:00:00.3310000" startTime="2025-05-14T13:20:31.3146610Z" endTime="2025-05-14T13:25:31.3147553Z" testType="13cdc9d9-ddb5-4fa4-a97d-d965ccfc6d4b" outcome="Passed" testListId="7ba7746b-2e80-4292-8609-e9db6eca740e" />
    <UnitTestResult executionId="34e03d52-50bc-429e-92ef-84be233be28f" testId="acbceb25-f2dd-4eaf-a716-9b10ab2b1b82" testName="Test7697" computerName="UA-LPT-OGA2" duration="00:00:00.9050000" startTime="2025-05-14T13:20:31.3146610Z" endTime="2025-05-14T13:25:31.3147553Z" testType="13cdc9d9-ddb5-4fa4-a97d-d965ccfc6d4b" outcome="Passed" testListId="7ba7746b-2e80-4292-8609-e9db6eca740e" />
    <UnitTestResult executionId="5fefdc49-0e3f-4d82-b0f6-5461623672a3" testId="5562b7ca-b8de-4c52-9f3b-9a160c624507" testName="Test7698" computerName="UA-LPT-OGA2" duration="00:00:00.3800000" startTime="2025-05-14T13:20:31.3146610Z" endTime="2025-05-14T13:25:31.3147553Z" testType="13cdc9d9-ddb5-4fa4-a97d-d965ccfc6d4b" outcome="Passed" testListId="7ba7746b-2e80-4292-8609-e9db6eca740e" />
    <UnitTestResult executionId="9a1fc5c3-da92-44af-8a07-7cf1e8fc1afd" testId="b783c60e-b949-4700-b95d-8504002660d7" testName="Test7699" computerName="UA-LPT-OGA2" duration="00:00:01.3620000" startTime="2025-05-14T13:20:31.3146610Z" endTime="2025-05-14T13:25:31.3147553Z" testType="13cdc9d9-ddb5-4fa4-a97d-d965ccfc6d4b" outcome="Passed" testListId="7ba7746b-2e80-4292-8609-e9db6eca740e" />
    <UnitTestResult executionId="41218912-f12f-4bbc-8ad5-1b3522125eb1" testId="81f30013-924a-43c4-941c-07bc64f36006" testName="Test7700" computerName="UA-LPT-OGA2" duration="00:00:01.1400000" startTime="2025-05-14T13:20:31.3146610Z" endTime="2025-05-14T13:25:31.3147553Z" testType="13cdc9d9-ddb5-4fa4-a97d-d965ccfc6d4b" outcome="Passed" testListId="7ba7746b-2e80-4292-8609-e9db6eca740e" />
  </Results>
  <TestDefinitions>
    <UnitTest name="Test7601" id="7c591f9a-ae6c-4cd1-b5d6-22a449faf451" storage="TestAssembly.dll">
      <Execution id="ab07128a-b543-486c-9a65-65b5906aab43" />
      <TestMethod codeBase="TestAssembly.dll" className="TestNamespace.TestClass1" name="Test7601" />
    </UnitTest>
    <UnitTest name="Test7602" id="ff0af437-4066-4a20-a88b-107d3aa9181f" storage="TestAssembly.dll">
      <Execution id="ebb47a75-f1b8-44bc-9af3-31b2c472a8c8" />
      <TestMethod codeBase="TestAssembly.dll" className="TestNamespace.TestClass1" name="Test7602" />
    </UnitTest>
    <UnitTest name="Test7603" id="fdcc45c8-cad5-46bb-b77a-2d8bab11fcbf" storage="TestAssembly.dll">
      <Execution id="d608cc37-9721-40ae-aa85-8a3dd308e8c8" />
      <TestMethod codeBase="TestAssembly.dll" className="TestNamespace.TestClass1" name="Test7603" />
    </UnitTest>
    <UnitTest name="Test7604" id="c7343841-b92b-444f-a320-613cef7a3162" storage="TestAssembly.dll">
      <Execution id="f91e4599-573e-4306-8e93-481a0ae3dc6e" />
      <TestMethod codeBase="TestAssembly.dll" className="TestNamespace.TestClass1" name="Test7604" />
    </UnitTest>
    <UnitTest name="Test7605" id="56b0b1a5-dd83-4343-a58f-88a4f83f5803" storage="TestAssembly.dll">
      <Execution id="8476a59d-b694-4997-a6b9-cb66e6e70e1f" />
      <TestMethod codeBase="TestAssembly.dll" className="TestNamespace.TestClass1" name="Test7605" />
    </UnitTest>
    <UnitTest name="Test7606" id="8232e0cf-e8e3-407d-b1ca-e63bc526a359" storage="TestAssembly.dll">
      <Execution id="0a723558-6880-445e-8517-b5b9690601f2" />
      <TestMethod codeBase="TestAssembly.dll" className="TestNamespace.TestClass1" name="Test7606" />
    </UnitTest>
    <UnitTest name="Test7607" id="d2ac1589-6f55-4ccd-9fce-a96a013dc005" storage="TestAssembly.dll">
      <Execution id="ecf16dac-9f00-4837-946c-0abd17634af2" />
      <TestMethod codeBase="TestAssembly.dll" className="TestNamespace.TestClass1" name="Test7607" />
    </UnitTest>
    <UnitTest name="Test7608" id="6d80979d-bde5-4189-a9fa-c415700a94bc" storage="TestAssembly.dll">
      <Execution id="bee8bd31-bd0d-42e3-ae9e-a2ec05239ba1" />
      <TestMethod codeBase="TestAssembly.dll" className="TestNamespace.TestClass1" name="Test7608" />
    </UnitTest>
    <UnitTest name="Test7609" id="946f8d6e-cf8e-4068-bc50-0bf4d4605ae7" storage="TestAssembly.dll">
      <Execution id="f5033f7c-6e7b-4021-a826-c4ba65931a97" />
      <TestMethod codeBase="TestAssembly.dll" className="TestNamespace.TestClass1" name="Test7609" />
    </UnitTest>
    <UnitTest name="Test7610" id="d5ca6ff4-07d9-4790-a1bf-9eed3cf73148" storage="TestAssembly.dll">
      <Execution id="a34cc015-441d-459a-bf66-65af3cfbbbf2" />
      <TestMethod codeBase="TestAssembly.dll" className="TestNamespace.TestClass1" name="Test7610" />
    </UnitTest>
    <UnitTest name="Test7611" id="b99351dd-689e-4795-aded-ef2f91205276" storage="TestAssembly.dll">
      <Execution id="02fa5b2e-b1d6-4bfb-94a2-102249feb7aa" />
      <TestMethod codeBase="TestAssembly.dll" className="TestNamespace.TestClass2" name="Test7611" />
    </UnitTest>
    <UnitTest name="Test7612" id="70786256-5132-4bdf-adc9-bc37dff2e701" storage="TestAssembly.dll">
      <Execution id="0ba467af-3178-4809-952b-52243162e3bf" />
      <TestMethod codeBase="TestAssembly.dll" className="TestNamespace.TestClass2" name="Test7612" />
    </UnitTest>
    <UnitTest name="Test7613" id="94f4085a-7888-4b4f-8a34-5b715a49b3a8" storage="TestAssembly.dll">
      <Execution id="a00ea52c-71a7-4ebf-b206-7f96826d1eb3" />
      <TestMethod codeBase="TestAssembly.dll" className="TestNamespace.TestClass2" name="Test7613" />
    </UnitTest>
    <UnitTest name="Test7614" id="82eba444-f2a5-49c9-ab33-07214627844c" storage="TestAssembly.dll">
      <Execution id="32d3ce92-1ddd-4f60-a368-184210a7c82e" />
      <TestMethod codeBase="TestAssembly.dll" className="TestNamespace.TestClass2" name="Test7614" />
    </UnitTest>
    <UnitTest name="Test7615" id="30b5c083-b5d3-40df-9526-e049647adb9b" storage="TestAssembly.dll">
      <Execution id="01a0e6f4-b0be-4407-92d7-833256b5b723" />
      <TestMethod codeBase="TestAssembly.dll" className="TestNamespace.TestClass2" name="Test7615" />
    </UnitTest>
    <UnitTest name="Test7616" id="135d62c2-4e05-4f94-84c7-5210c7be43a2" storage="TestAssembly.dll">
      <Execution id="baabaf4f-9692-403f-9543-f9dedac7afb1" />
      <TestMethod codeBase="TestAssembly.dll" className="TestNamespace.TestClass2" name="Test7616" />
    </UnitTest>
    <UnitTest name="Test7617" id="1c04851d-ab84-4861-8a62-7e01b5109038" storage="TestAssembly.dll">
      <Execution id="fde8b39e-abee-46eb-9176-03df50f26f89" />
      <TestMethod codeBase="TestAssembly.dll" className="TestNamespace.TestClass2" name="Test7617" />
    </UnitTest>
    <UnitTest name="Test7618" id="5d87f88c-45f9-4542-a784-5f0dd9e64ae5" storage="TestAssembly.dll">
      <Execution id="6e88eec5-dc90-46c0-a732-a70eeed66ed8" />
      <TestMethod codeBase="TestAssembly.dll" className="TestNamespace.TestClass2" name="Test7618" />
    </UnitTest>
    <UnitTest name="Test7619" id="bcc80320-89cb-4791-8365-8b3d0e401cb1" storage="TestAssembly.dll">
      <Execution id="653a6882-6532-475c-b485-26a4d07c52bf" />
      <TestMethod codeBase="TestAssembly.dll" className="TestNamespace.TestClass2" name="Test7619" />
    </UnitTest>
    <UnitTest name="Test7620" id="59587bcc-ca8b-4f33-a9b0-ac2fe40f25f4" storage="TestAssembly.dll">
      <Execution id="8f4af379-e634-40e7-b960-470c27069dcc" />
      <TestMethod codeBase="TestAssembly.dll" className="TestNamespace.TestClass2" name="Test7620" />
    </UnitTest>
    <UnitTest name="Test7621" id="007f6778-9c7e-464a-9bd3-baaa04498beb" storage="TestAssembly.dll">
      <Execution id="73246624-e3c9-4390-af13-e7573559588e" />
      <TestMethod codeBase="TestAssembly.dll" className="TestNamespace.TestClass3" name="Test7621" />
    </UnitTest>
    <UnitTest name="Test7622" id="12d60799-52a4-4382-9610-7df4d9ba3eb4" storage="TestAssembly.dll">
      <Execution id="46911327-6d4d-4541-8e41-2c8f00ac0b5f" />
      <TestMethod codeBase="TestAssembly.dll" className="TestNamespace.TestClass3" name="Test7622" />
    </UnitTest>
    <UnitTest name="Test7623" id="ea0f4867-2da8-4a28-9c1e-19ed6b070a13" storage="TestAssembly.dll">
      <Execution id="0a5e4c8d-c6a6-4639-96f3-dfd3c3e75457" />
      <TestMethod codeBase="TestAssembly.dll" className="TestNamespace.TestClass3" name="Test7623" />
    </UnitTest>
    <UnitTest name="Test7624" id="3f80c01e-7c2c-4f1d-8369-e499987da373" storage="TestAssembly.dll">
      <Execution id="5eb6c33d-8f3d-4b9c-aa0a-b737d96524a4" />
      <TestMethod codeBase="TestAssembly.dll" className="TestNamespace.TestClass3" name="Test7624" />
    </UnitTest>
    <UnitTest name="Test7625" id="32eb3dea-dc2b-4511-bdc7-9b2f5f123545" storage="TestAssembly.dll">
      <Execution id="75777127-d7f7-4b91-9c90-2da9660ae2e6" />
      <TestMethod codeBase="TestAssembly.dll" className="TestNamespace.TestClass3" name="Test7625" />
    </UnitTest>
    <UnitTest name="Test7626" id="49ac40d4-c9d1-442e-ab57-3d506cbaba5e" storage="TestAssembly.dll">
      <Execution id="96ea770c-041f-4cdd-9f23-0e42477cea7d" />
      <TestMethod codeBase="TestAssembly.dll" className="TestNamespace.TestClass3" name="Test7626" />
    </UnitTest>
    <UnitTest name="Test7627" id="a5a6480b-554e-4463-96dc-876bda5882eb" storage="TestAssembly.dll">
      <Execution id="3cb8e0a6-f7f5-420d-9c7e-20eb7dc40257" />
      <TestMethod codeBase="TestAssembly.dll" className="TestNamespace.TestClass3" name="Test7627" />
    </UnitTest>
    <UnitTest name="Test7628" id="d00d5a9b-1921-4572-9870-14daa85590c9" storage="TestAssembly.dll">
      <Execution id="205c95ed-beb1-4e32-9dd5-574d2b773038" />
      <TestMethod codeBase="TestAssembly.dll" className="TestNamespace.TestClass3" name="Test7628" />
    </UnitTest>
    <UnitTest name="Test7629" id="682115d7-f1dd-4936-a5cc-c0df0c6e58e6" storage="TestAssembly.dll">
      <Execution id="9dd4cbc1-c769-460e-8a20-004dc46ece87" />
      <TestMethod codeBase="TestAssembly.dll" className="TestNamespace.TestClass3" name="Test7629" />
    </UnitTest>
    <UnitTest name="Test7630" id="4f4e6ad9-5ab5-4a42-b779-a47ccff654c7" storage="TestAssembly.dll">
      <Execution id="a2d8822d-e2a9-4b70-b23c-45d50221a740" />
      <TestMethod codeBase="TestAssembly.dll" className="TestNamespace.TestClass3" name="Test7630" />
    </UnitTest>
    <UnitTest name="Test7631" id="00b96950-5aad-4d95-a8de-6c1679bfe3e9" storage="TestAssembly.dll">
      <Execution id="8d729e0f-db61-4b08-9e25-65069a39f0f1" />
      <TestMethod codeBase="TestAssembly.dll" className="TestNamespace.TestClass4" name="Test7631" />
    </UnitTest>
    <UnitTest name="Test7632" id="f442562a-9caa-46d3-92b3-691a88f62f4a" storage="TestAssembly.dll">
      <Execution id="9630cff3-1231-466c-a1a0-744781624e65" />
      <TestMethod codeBase="TestAssembly.dll" className="TestNamespace.TestClass4" name="Test7632" />
    </UnitTest>
    <UnitTest name="Test7633" id="5373ed11-42dc-45cf-815a-547dbb9d4d63" storage="TestAssembly.dll">
      <Execution id="9bcb84cc-9be5-4d81-a40a-dbb77a86577d" />
      <TestMethod codeBase="TestAssembly.dll" className="TestNamespace.TestClass4" name="Test7633" />
    </UnitTest>
    <UnitTest name="Test7634" id="e96f0e89-65bd-4e09-b7ad-f090e5089dc5" storage="TestAssembly.dll">
      <Execution id="017546f0-57a0-496f-919f-a9e6bbecd248" />
      <TestMethod codeBase="TestAssembly.dll" className="TestNamespace.TestClass4" name="Test7634" />
    </UnitTest>
    <UnitTest name="Test7635" id="38eb2404-e815-4007-8cdb-bc3b971280bb" storage="TestAssembly.dll">
      <Execution id="52b1aa26-46fe-4919-8e2c-9ad3b202b86c" />
      <TestMethod codeBase="TestAssembly.dll" className="TestNamespace.TestClass4" name="Test7635" />
    </UnitTest>
    <UnitTest name="Test7636" id="9eff9cb2-9443-4a69-9f53-ef6423880f11" storage="TestAssembly.dll">
      <Execution id="7079b06e-ef6d-4bc6-b05e-ab9e05a902a3" />
      <TestMethod codeBase="TestAssembly.dll" className="TestNamespace.TestClass4" name="Test7636" />
    </UnitTest>
    <UnitTest name="Test7637" id="88ee8f5a-2e90-4bd8-a180-b910367a44de" storage="TestAssembly.dll">
      <Execution id="0b64cf19-86e7-4a05-aa03-bdde34372081" />
      <TestMethod codeBase="TestAssembly.dll" className="TestNamespace.TestClass4" name="Test7637" />
    </UnitTest>
    <UnitTest name="Test7638" id="57ebab0e-7d2f-436d-bdca-eeefbff5a21e" storage="TestAssembly.dll">
      <Execution id="d634b886-c60b-4cfb-b24b-7066288339cd" />
      <TestMethod codeBase="TestAssembly.dll" className="TestNamespace.TestClass4" name="Test7638" />
    </UnitTest>
    <UnitTest name="Test7639" id="aa741284-ba3c-4835-b712-cebb5978b914" storage="TestAssembly.dll">
      <Execution id="88ca7ec8-c127-4d58-ba75-9d2aac114e46" />
      <TestMethod codeBase="TestAssembly.dll" className="TestNamespace.TestClass4" name="Test7639" />
    </UnitTest>
    <UnitTest name="Test7640" id="518a516a-72d7-4b45-84a3-4abaef843249" storage="TestAssembly.dll">
      <Execution id="79452a48-63d1-4131-8578-c21830a3500c" />
      <TestMethod codeBase="TestAssembly.dll" className="TestNamespace.TestClass4" name="Test7640" />
    </UnitTest>
    <UnitTest name="Test7641" id="4c767f5f-a9a6-4a45-8e75-a925516a5d1d" storage="TestAssembly.dll">
      <Execution id="5aded706-2375-403e-a2f5-3468667265fd" />
      <TestMethod codeBase="TestAssembly.dll" className="TestNamespace.TestClass5" name="Test7641" />
    </UnitTest>
    <UnitTest name="Test7642" id="a08bad42-e370-4126-8a8a-dbb0eb3a6243" storage="TestAssembly.dll">
      <Execution id="4379e016-2e10-451e-b4c5-5e6dea01f288" />
      <TestMethod codeBase="TestAssembly.dll" className="TestNamespace.TestClass5" name="Test7642" />
    </UnitTest>
    <UnitTest name="Test7643" id="dc728984-aafc-462f-b2d6-ea2df2707235" storage="TestAssembly.dll">
      <Execution id="13d52e65-a218-4269-8471-4e0aa9c6c12b" />
      <TestMethod codeBase="TestAssembly.dll" className="TestNamespace.TestClass5" name="Test7643" />
    </UnitTest>
    <UnitTest name="Test7644" id="87576d7e-357e-41a8-a92c-31f7e5beabff" storage="TestAssembly.dll">
      <Execution id="723b01a7-a14b-4e34-bc08-e84ade4d247c" />
      <TestMethod codeBase="TestAssembly.dll" className="TestNamespace.TestClass5" name="Test7644" />
    </UnitTest>
    <UnitTest name="Test7645" id="07f54c2e-1745-4625-ac73-fc2315ed89bd" storage="TestAssembly.dll">
      <Execution id="4f6226fe-14c4-43b0-9106-c3f5d254e503" />
      <TestMethod codeBase="TestAssembly.dll" className="TestNamespace.TestClass5" name="Test7645" />
    </UnitTest>
    <UnitTest name="Test7646" id="ae77ba60-6e74-49c0-b6dd-4cb31c62fa8f" storage="TestAssembly.dll">
      <Execution id="4d000abf-2bb5-4ddd-b976-905b5a5da28f" />
      <TestMethod codeBase="TestAssembly.dll" className="TestNamespace.TestClass5" name="Test7646" />
    </UnitTest>
    <UnitTest name="Test7647" id="3ec898cf-cca6-4046-9230-56c37225a7de" storage="TestAssembly.dll">
      <Execution id="152a6b86-2629-4035-b8d2-af975a0c892a" />
      <TestMethod codeBase="TestAssembly.dll" className="TestNamespace.TestClass5" name="Test7647" />
    </UnitTest>
    <UnitTest name="Test7648" id="ff6eaa3d-5476-4fdb-ad20-2314c1f552dd" storage="TestAssembly.dll">
      <Execution id="f4aec365-d8f7-47e3-9494-2f21e39abd52" />
      <TestMethod codeBase="TestAssembly.dll" className="TestNamespace.TestClass5" name="Test7648" />
    </UnitTest>
    <UnitTest name="Test7649" id="c846188c-be7f-40c9-8829-3092a6502893" storage="TestAssembly.dll">
      <Execution id="a32c3ff1-e05b-4752-853e-98e7ee5233c6" />
      <TestMethod codeBase="TestAssembly.dll" className="TestNamespace.TestClass5" name="Test7649" />
    </UnitTest>
    <UnitTest name="Test7650" id="0956fc87-29bb-4289-bd9d-01f95995d818" storage="TestAssembly.dll">
      <Execution id="935e437b-7ac5-4dfb-a6dd-f49139b6f88f" />
      <TestMethod codeBase="TestAssembly.dll" className="TestNamespace.TestClass5" name="Test7650" />
    </UnitTest>
    <UnitTest name="Test7651" id="db8b87e5-2f58-400f-8c29-a0e9f22ddc3f" storage="TestAssembly.dll">
      <Execution id="3498ef9f-01ff-4aef-9983-435b6ebb941c" />
      <TestMethod codeBase="TestAssembly.dll" className="TestNamespace.TestClass6" name="Test7651" />
    </UnitTest>
    <UnitTest name="Test7652" id="5035875e-152b-49a8-b10d-3e7241bdc345" storage="TestAssembly.dll">
      <Execution id="f28bc47b-f190-4101-96b4-005ad0898d7e" />
      <TestMethod codeBase="TestAssembly.dll" className="TestNamespace.TestClass6" name="Test7652" />
    </UnitTest>
    <UnitTest name="Test7653" id="17c29bdd-a306-4495-9e71-1e385c3d33bd" storage="TestAssembly.dll">
      <Execution id="b3b778a1-d373-46ed-9c5a-2be8ce84373c" />
      <TestMethod codeBase="TestAssembly.dll" className="TestNamespace.TestClass6" name="Test7653" />
    </UnitTest>
    <UnitTest name="Test7654" id="281bde22-c5db-47f7-b519-e61d88ab6c4a" storage="TestAssembly.dll">
      <Execution id="ad125d46-c740-47d1-89b6-b59c061f26e1" />
      <TestMethod codeBase="TestAssembly.dll" className="TestNamespace.TestClass6" name="Test7654" />
    </UnitTest>
    <UnitTest name="Test7655" id="0b28958f-2770-4886-8875-4c2591e770e9" storage="TestAssembly.dll">
      <Execution id="267a438c-017c-405d-8a31-756c60192228" />
      <TestMethod codeBase="TestAssembly.dll" className="TestNamespace.TestClass6" name="Test7655" />
    </UnitTest>
    <UnitTest name="Test7656" id="623354c8-f076-405d-affa-f9f1c9613994" storage="TestAssembly.dll">
      <Execution id="15242802-e263-4d07-bcff-0fbb4fed4ba1" />
      <TestMethod codeBase="TestAssembly.dll" className="TestNamespace.TestClass6" name="Test7656" />
    </UnitTest>
    <UnitTest name="Test7657" id="043a060e-888c-4b00-a63d-233cfc3a4407" storage="TestAssembly.dll">
      <Execution id="f2bb1006-5ab5-43d4-9c7c-296b527954e7" />
      <TestMethod codeBase="TestAssembly.dll" className="TestNamespace.TestClass6" name="Test7657" />
    </UnitTest>
    <UnitTest name="Test7658" id="c37f58c0-8100-4d40-9b9a-1d94af074da8" storage="TestAssembly.dll">
      <Execution id="f4a31610-e91c-4d93-a3be-46818b5d1209" />
      <TestMethod codeBase="TestAssembly.dll" className="TestNamespace.TestClass6" name="Test7658" />
    </UnitTest>
    <UnitTest name="Test7659" id="cc923ea4-08e6-4620-82f5-4bfaf87d5265" storage="TestAssembly.dll">
      <Execution id="84ee12e3-bef3-4759-ba5a-0621cbe5363e" />
      <TestMethod codeBase="TestAssembly.dll" className="TestNamespace.TestClass6" name="Test7659" />
    </UnitTest>
    <UnitTest name="Test7660" id="0c290f94-1840-49d3-9ba0-ae0d29a4ed1e" storage="TestAssembly.dll">
      <Execution id="f7529231-4c2e-4789-9f62-3beee554b3c6" />
      <TestMethod codeBase="TestAssembly.dll" className="TestNamespace.TestClass6" name="Test7660" />
    </UnitTest>
    <UnitTest name="Test7661" id="5477bfc0-d686-4bc6-b155-e50ceb5aa08e" storage="TestAssembly.dll">
      <Execution id="9214e903-46f8-4b91-9f9e-0fb891596395" />
      <TestMethod codeBase="TestAssembly.dll" className="TestNamespace.TestClass7" name="Test7661" />
    </UnitTest>
    <UnitTest name="Test7662" id="78141f36-9056-4710-96ff-fb81ea788a41" storage="TestAssembly.dll">
      <Execution id="9b1fb3ae-5dba-4abb-be55-0857f05487cc" />
      <TestMethod codeBase="TestAssembly.dll" className="TestNamespace.TestClass7" name="Test7662" />
    </UnitTest>
    <UnitTest name="Test7663" id="668d66f9-3263-4b00-9819-6353abc36810" storage="TestAssembly.dll">
      <Execution id="10719f7d-8bf3-4f59-9f66-d93749fb8f0c" />
      <TestMethod codeBase="TestAssembly.dll" className="TestNamespace.TestClass7" name="Test7663" />
    </UnitTest>
    <UnitTest name="Test7664" id="2397e220-fb49-42e6-b208-c113ddfd5cc8" storage="TestAssembly.dll">
      <Execution id="6ffb6757-901e-49db-af3d-e3844b6c6164" />
      <TestMethod codeBase="TestAssembly.dll" className="TestNamespace.TestClass7" name="Test7664" />
    </UnitTest>
    <UnitTest name="Test7665" id="eccd7086-9039-47bf-893c-ded9c3b1f4c1" storage="TestAssembly.dll">
      <Execution id="9fee96bc-8e9f-4b7f-be01-eab5288fc7c8" />
      <TestMethod codeBase="TestAssembly.dll" className="TestNamespace.TestClass7" name="Test7665" />
    </UnitTest>
    <UnitTest name="Test7666" id="34ad56a4-02cd-4b7b-997f-e7cb07bf04d3" storage="TestAssembly.dll">
      <Execution id="e164396f-8880-4b26-8cb7-da96e619178d" />
      <TestMethod codeBase="TestAssembly.dll" className="TestNamespace.TestClass7" name="Test7666" />
    </UnitTest>
    <UnitTest name="Test7667" id="6b8fedcd-be9a-42df-b26c-e6a145ef3f2e" storage="TestAssembly.dll">
      <Execution id="0c478852-e4ff-48cc-918e-072a81dcbeff" />
      <TestMethod codeBase="TestAssembly.dll" className="TestNamespace.TestClass7" name="Test7667" />
    </UnitTest>
    <UnitTest name="Test7668" id="4d0f79db-a299-4f48-91f8-ace7b527eb63" storage="TestAssembly.dll">
      <Execution id="63559fd0-6fbd-4f86-9020-780ab80224e6" />
      <TestMethod codeBase="TestAssembly.dll" className="TestNamespace.TestClass7" name="Test7668" />
    </UnitTest>
    <UnitTest name="Test7669" id="7a9f28e7-3638-4d23-98c1-97377f4b92c6" storage="TestAssembly.dll">
      <Execution id="e6f6acad-1837-4869-9c77-2fcba942b67e" />
      <TestMethod codeBase="TestAssembly.dll" className="TestNamespace.TestClass7" name="Test7669" />
    </UnitTest>
    <UnitTest name="Test7670" id="e9a30723-acc7-44d4-bbb6-ae174d2f9500" storage="TestAssembly.dll">
      <Execution id="fb034335-777a-48c6-9ddb-d462da5dc4c3" />
      <TestMethod codeBase="TestAssembly.dll" className="TestNamespace.TestClass7" name="Test7670" />
    </UnitTest>
    <UnitTest name="Test7671" id="060c9e04-a43f-460a-ad49-38b089317ad7" storage="TestAssembly.dll">
      <Execution id="cfe21b5a-f1ba-49c1-a6c1-2bedd806152b" />
      <TestMethod codeBase="TestAssembly.dll" className="TestNamespace.TestClass8" name="Test7671" />
    </UnitTest>
    <UnitTest name="Test7672" id="7fcc78f5-8365-41aa-b04c-b7d0615d5acd" storage="TestAssembly.dll">
      <Execution id="8b418894-df96-4ac4-871a-ec72ecf96695" />
      <TestMethod codeBase="TestAssembly.dll" className="TestNamespace.TestClass8" name="Test7672" />
    </UnitTest>
    <UnitTest name="Test7673" id="3cfb5c78-354a-4463-a21c-270a2207f067" storage="TestAssembly.dll">
      <Execution id="b52f8ab5-b014-46a1-93bd-f7b7a8dfe396" />
      <TestMethod codeBase="TestAssembly.dll" className="TestNamespace.TestClass8" name="Test7673" />
    </UnitTest>
    <UnitTest name="Test7674" id="b64a395d-49c6-40c3-8061-efb052c883a4" storage="TestAssembly.dll">
      <Execution id="2cd69b37-8511-4772-846d-af495f8759ee" />
      <TestMethod codeBase="TestAssembly.dll" className="TestNamespace.TestClass8" name="Test7674" />
    </UnitTest>
    <UnitTest name="Test7675" id="e59478f2-892b-447a-a047-32c95870e5fc" storage="TestAssembly.dll">
      <Execution id="7234bf27-95eb-409e-ba3d-74e83644522e" />
      <TestMethod codeBase="TestAssembly.dll" className="TestNamespace.TestClass8" name="Test7675" />
    </UnitTest>
    <UnitTest name="Test7676" id="d5f730bb-887e-4962-8a38-181ed1f18958" storage="TestAssembly.dll">
      <Execution id="251df7fa-ce20-446d-b727-623aac45e94a" />
      <TestMethod codeBase="TestAssembly.dll" className="TestNamespace.TestClass8" name="Test7676" />
    </UnitTest>
    <UnitTest name="Test7677" id="2f38516b-cbce-4724-bade-49462fdd72b2" storage="TestAssembly.dll">
      <Execution id="236bb3c7-5c4a-4ec6-8df5-826f954cf338" />
      <TestMethod codeBase="TestAssembly.dll" className="TestNamespace.TestClass8" name="Test7677" />
    </UnitTest>
    <UnitTest name="Test7678" id="3ef9110d-6953-4e34-99e0-f1c58c63f8cc" storage="TestAssembly.dll">
      <Execution id="b60c7115-8379-4962-8e6d-87bc3efd624f" />
      <TestMethod codeBase="TestAssembly.dll" className="TestNamespace.TestClass8" name="Test7678" />
    </UnitTest>
    <UnitTest name="Test7679" id="dbe995d8-8ba7-46c2-9f5d-2ea9847c1282" storage="TestAssembly.dll">
      <Execution id="f996391c-b359-4e83-81e3-379043ac9bae" />
      <TestMethod codeBase="TestAssembly.dll" className="TestNamespace.TestClass8" name="Test7679" />
    </UnitTest>
    <UnitTest name="Test7680" id="e4b9d81f-9fbd-45d4-82a6-1e915265f780" storage="TestAssembly.dll">
      <Execution id="defad939-2998-41a3-b643-4c919543836c" />
      <TestMethod codeBase="TestAssembly.dll" className="TestNamespace.TestClass8" name="Test7680" />
    </UnitTest>
    <UnitTest name="Test7681" id="ee655953-5e03-4d3a-8afd-285a889e19cb" storage="TestAssembly.dll">
      <Execution id="47e5b503-62dd-4aa3-a3fa-5787d2f43b24" />
      <TestMethod codeBase="TestAssembly.dll" className="TestNamespace.TestClass9" name="Test7681" />
    </UnitTest>
    <UnitTest name="Test7682" id="6ea0875e-1693-4d94-a1dd-6a18bc4a6d06" storage="TestAssembly.dll">
      <Execution id="eb6b7f80-0165-4b40-9d4e-504210c6dbcd" />
      <TestMethod codeBase="TestAssembly.dll" className="TestNamespace.TestClass9" name="Test7682" />
    </UnitTest>
    <UnitTest name="Test7683" id="06e99c85-e470-46e7-b089-629e9eef4064" storage="TestAssembly.dll">
      <Execution id="0b0f69f2-60ac-493a-b445-4a80061474c7" />
      <TestMethod codeBase="TestAssembly.dll" className="TestNamespace.TestClass9" name="Test7683" />
    </UnitTest>
    <UnitTest name="Test7684" id="289a7dd7-f659-4a56-ae06-5e4bc9b21d66" storage="TestAssembly.dll">
      <Execution id="b33e041e-dd33-4223-827e-dbe04bca9b07" />
      <TestMethod codeBase="TestAssembly.dll" className="TestNamespace.TestClass9" name="Test7684" />
    </UnitTest>
    <UnitTest name="Test7685" id="fa18f336-fbf2-48fd-9dae-149e83e368b6" storage="TestAssembly.dll">
      <Execution id="48b708a5-37fd-45a5-8eff-adbed5c2fd9a" />
      <TestMethod codeBase="TestAssembly.dll" className="TestNamespace.TestClass9" name="Test7685" />
    </UnitTest>
    <UnitTest name="Test7686" id="f41b626d-c801-4960-8eb8-15368d42f502" storage="TestAssembly.dll">
      <Execution id="9996ff65-06ab-4a68-958f-80c0c60c99f2" />
      <TestMethod codeBase="TestAssembly.dll" className="TestNamespace.TestClass9" name="Test7686" />
    </UnitTest>
    <UnitTest name="Test7687" id="72a1f3a8-3105-4c08-a829-c98d7dc7ddd3" storage="TestAssembly.dll">
      <Execution id="a478bef0-a4cc-4a62-9c62-99f723ef75ae" />
      <TestMethod codeBase="TestAssembly.dll" className="TestNamespace.TestClass9" name="Test7687" />
    </UnitTest>
    <UnitTest name="Test7688" id="44f6070d-afa0-4212-9705-8554bf4913c1" storage="TestAssembly.dll">
      <Execution id="ec7cef17-e6d5-4f15-bb6e-6372d345ed3e" />
      <TestMethod codeBase="TestAssembly.dll" className="TestNamespace.TestClass9" name="Test7688" />
    </UnitTest>
    <UnitTest name="Test7689" id="399ac847-c6a1-424b-bbb1-d4769bc1e600" storage="TestAssembly.dll">
      <Execution id="a64765e2-8dc4-4290-a9ee-53390424f64b" />
      <TestMethod codeBase="TestAssembly.dll" className="TestNamespace.TestClass9" name="Test7689" />
    </UnitTest>
    <UnitTest name="Test7690" id="2c584cfe-ef9e-493c-93e3-8ec965efc560" storage="TestAssembly.dll">
      <Execution id="a18fcd3f-2784-4893-b99f-f35ffc5a499b" />
      <TestMethod codeBase="TestAssembly.dll" className="TestNamespace.TestClass9" name="Test7690" />
    </UnitTest>
    <UnitTest name="Test7691" id="07f92a41-17e0-4532-b068-02ff4a77c5bf" storage="TestAssembly.dll">
      <Execution id="ffaab927-fcea-4108-8e96-3c9d36931900" />
      <TestMethod codeBase="TestAssembly.dll" className="TestNamespace.TestClass10" name="Test7691" />
    </UnitTest>
    <UnitTest name="Test7692" id="1659c691-12ad-43c3-8dd8-2b98e4a9fed0" storage="TestAssembly.dll">
      <Execution id="01a18412-4411-4e97-97fb-d765d9025b27" />
      <TestMethod codeBase="TestAssembly.dll" className="TestNamespace.TestClass10" name="Test7692" />
    </UnitTest>
    <UnitTest name="Test7693" id="ac66c1f1-7fd4-4ac6-973f-f90d4cd7c482" storage="TestAssembly.dll">
      <Execution id="4ac2e1db-42a4-47bf-95a8-9fd4b021795e" />
      <TestMethod codeBase="TestAssembly.dll" className="TestNamespace.TestClass10" name="Test7693" />
    </UnitTest>
    <UnitTest name="Test7694" id="b6b0580a-5fdf-456c-889d-2099b6cfa149" storage="TestAssembly.dll">
      <Execution id="eb6fda3a-f2f3-49c4-a88c-fc6daa8f5d89" />
      <TestMethod codeBase="TestAssembly.dll" className="TestNamespace.TestClass10" name="Test7694" />
    </UnitTest>
    <UnitTest name="Test7695" id="5b6d651e-a8ab-4871-a0de-c02077b884ac" storage="TestAssembly.dll">
      <Execution id="76eabf44-68c3-419f-b3cd-53a67f616a9c" />
      <TestMethod codeBase="TestAssembly.dll" className="TestNamespace.TestClass10" name="Test7695" />
    </UnitTest>
    <UnitTest name="Test7696" id="f9874700-7778-4b7a-b5f7-5fb267351268" storage="TestAssembly.dll">
      <Execution id="9f0c7ca8-1867-449c-98b6-9fd22825a47f" />
      <TestMethod codeBase="TestAssembly.dll" className="TestNamespace.TestClass10" name="Test7696" />
    </UnitTest>
    <UnitTest name="Test7697" id="acbceb25-f2dd-4eaf-a716-9b10ab2b1b82" storage="TestAssembly.dll">
      <Execution id="34e03d52-50bc-429e-92ef-84be233be28f" />
      <TestMethod codeBase="TestAssembly.dll" className="TestNamespace.TestClass10" name="Test7697" />
    </UnitTest>
    <UnitTest name="Test7698" id="5562b7ca-b8de-4c52-9f3b-9a160c624507" storage="TestAssembly.dll">
      <Execution id="5fefdc49-0e3f-4d82-b0f6-5461623672a3" />
      <TestMethod codeBase="TestAssembly.dll" className="TestNamespace.TestClass10" name="Test7698" />
    </UnitTest>
    <UnitTest name="Test7699" id="b783c60e-b949-4700-b95d-8504002660d7" storage="TestAssembly.dll">
      <Execution id="9a1fc5c3-da92-44af-8a07-7cf1e8fc1afd" />
      <TestMethod codeBase="TestAssembly.dll" className="TestNamespace.TestClass10" name="Test7699" />
    </UnitTest>
    <UnitTest name="Test7700" id="81f30013-924a-43c4-941c-07bc64f36006" storage="TestAssembly.dll">
      <Execution id="41218912-f12f-4bbc-8ad5-1b3522125eb1" />
      <TestMethod codeBase="TestAssembly.dll" className="TestNamespace.TestClass10" name="Test7700" />
    </UnitTest>
  </TestDefinitions>
  <TestEntries>
    <TestEntry testId="7c591f9a-ae6c-4cd1-b5d6-22a449faf451" executionId="ab07128a-b543-486c-9a65-65b5906aab43" testListId="7ba7746b-2e80-4292-8609-e9db6eca740e" />
    <TestEntry testId="ff0af437-4066-4a20-a88b-107d3aa9181f" executionId="ebb47a75-f1b8-44bc-9af3-31b2c472a8c8" testListId="7ba7746b-2e80-4292-8609-e9db6eca740e" />
    <TestEntry testId="fdcc45c8-cad5-46bb-b77a-2d8bab11fcbf" executionId="d608cc37-9721-40ae-aa85-8a3dd308e8c8" testListId="7ba7746b-2e80-4292-8609-e9db6eca740e" />
    <TestEntry testId="c7343841-b92b-444f-a320-613cef7a3162" executionId="f91e4599-573e-4306-8e93-481a0ae3dc6e" testListId="7ba7746b-2e80-4292-8609-e9db6eca740e" />
    <TestEntry testId="56b0b1a5-dd83-4343-a58f-88a4f83f5803" executionId="8476a59d-b694-4997-a6b9-cb66e6e70e1f" testListId="7ba7746b-2e80-4292-8609-e9db6eca740e" />
    <TestEntry testId="8232e0cf-e8e3-407d-b1ca-e63bc526a359" executionId="0a723558-6880-445e-8517-b5b9690601f2" testListId="7ba7746b-2e80-4292-8609-e9db6eca740e" />
    <TestEntry testId="d2ac1589-6f55-4ccd-9fce-a96a013dc005" executionId="ecf16dac-9f00-4837-946c-0abd17634af2" testListId="7ba7746b-2e80-4292-8609-e9db6eca740e" />
    <TestEntry testId="6d80979d-bde5-4189-a9fa-c415700a94bc" executionId="bee8bd31-bd0d-42e3-ae9e-a2ec05239ba1" testListId="7ba7746b-2e80-4292-8609-e9db6eca740e" />
    <TestEntry testId="946f8d6e-cf8e-4068-bc50-0bf4d4605ae7" executionId="f5033f7c-6e7b-4021-a826-c4ba65931a97" testListId="7ba7746b-2e80-4292-8609-e9db6eca740e" />
    <TestEntry testId="d5ca6ff4-07d9-4790-a1bf-9eed3cf73148" executionId="a34cc015-441d-459a-bf66-65af3cfbbbf2" testListId="7ba7746b-2e80-4292-8609-e9db6eca740e" />
    <TestEntry testId="b99351dd-689e-4795-aded-ef2f91205276" executionId="02fa5b2e-b1d6-4bfb-94a2-102249feb7aa" testListId="7ba7746b-2e80-4292-8609-e9db6eca740e" />
    <TestEntry testId="70786256-5132-4bdf-adc9-bc37dff2e701" executionId="0ba467af-3178-4809-952b-52243162e3bf" testListId="7ba7746b-2e80-4292-8609-e9db6eca740e" />
    <TestEntry testId="94f4085a-7888-4b4f-8a34-5b715a49b3a8" executionId="a00ea52c-71a7-4ebf-b206-7f96826d1eb3" testListId="7ba7746b-2e80-4292-8609-e9db6eca740e" />
    <TestEntry testId="82eba444-f2a5-49c9-ab33-07214627844c" executionId="32d3ce92-1ddd-4f60-a368-184210a7c82e" testListId="7ba7746b-2e80-4292-8609-e9db6eca740e" />
    <TestEntry testId="30b5c083-b5d3-40df-9526-e049647adb9b" executionId="01a0e6f4-b0be-4407-92d7-833256b5b723" testListId="7ba7746b-2e80-4292-8609-e9db6eca740e" />
    <TestEntry testId="135d62c2-4e05-4f94-84c7-5210c7be43a2" executionId="baabaf4f-9692-403f-9543-f9dedac7afb1" testListId="7ba7746b-2e80-4292-8609-e9db6eca740e" />
    <TestEntry testId="1c04851d-ab84-4861-8a62-7e01b5109038" executionId="fde8b39e-abee-46eb-9176-03df50f26f89" testListId="7ba7746b-2e80-4292-8609-e9db6eca740e" />
    <TestEntry testId="5d87f88c-45f9-4542-a784-5f0dd9e64ae5" executionId="6e88eec5-dc90-46c0-a732-a70eeed66ed8" testListId="7ba7746b-2e80-4292-8609-e9db6eca740e" />
    <TestEntry testId="bcc80320-89cb-4791-8365-8b3d0e401cb1" executionId="653a6882-6532-475c-b485-26a4d07c52bf" testListId="7ba7746b-2e80-4292-8609-e9db6eca740e" />
    <TestEntry testId="59587bcc-ca8b-4f33-a9b0-ac2fe40f25f4" executionId="8f4af379-e634-40e7-b960-470c27069dcc" testListId="7ba7746b-2e80-4292-8609-e9db6eca740e" />
    <TestEntry testId="007f6778-9c7e-464a-9bd3-baaa04498beb" executionId="73246624-e3c9-4390-af13-e7573559588e" testListId="7ba7746b-2e80-4292-8609-e9db6eca740e" />
    <TestEntry testId="12d60799-52a4-4382-9610-7df4d9ba3eb4" executionId="46911327-6d4d-4541-8e41-2c8f00ac0b5f" testListId="7ba7746b-2e80-4292-8609-e9db6eca740e" />
    <TestEntry testId="ea0f4867-2da8-4a28-9c1e-19ed6b070a13" executionId="0a5e4c8d-c6a6-4639-96f3-dfd3c3e75457" testListId="7ba7746b-2e80-4292-8609-e9db6eca740e" />
    <TestEntry testId="3f80c01e-7c2c-4f1d-8369-e499987da373" executionId="5eb6c33d-8f3d-4b9c-aa0a-b737d96524a4" testListId="7ba7746b-2e80-4292-8609-e9db6eca740e" />
    <TestEntry testId="32eb3dea-dc2b-4511-bdc7-9b2f5f123545" executionId="75777127-d7f7-4b91-9c90-2da9660ae2e6" testListId="7ba7746b-2e80-4292-8609-e9db6eca740e" />
    <TestEntry testId="49ac40d4-c9d1-442e-ab57-3d506cbaba5e" executionId="96ea770c-041f-4cdd-9f23-0e42477cea7d" testListId="7ba7746b-2e80-4292-8609-e9db6eca740e" />
    <TestEntry testId="a5a6480b-554e-4463-96dc-876bda5882eb" executionId="3cb8e0a6-f7f5-420d-9c7e-20eb7dc40257" testListId="7ba7746b-2e80-4292-8609-e9db6eca740e" />
    <TestEntry testId="d00d5a9b-1921-4572-9870-14daa85590c9" executionId="205c95ed-beb1-4e32-9dd5-574d2b773038" testListId="7ba7746b-2e80-4292-8609-e9db6eca740e" />
    <TestEntry testId="682115d7-f1dd-4936-a5cc-c0df0c6e58e6" executionId="9dd4cbc1-c769-460e-8a20-004dc46ece87" testListId="7ba7746b-2e80-4292-8609-e9db6eca740e" />
    <TestEntry testId="4f4e6ad9-5ab5-4a42-b779-a47ccff654c7" executionId="a2d8822d-e2a9-4b70-b23c-45d50221a740" testListId="7ba7746b-2e80-4292-8609-e9db6eca740e" />
    <TestEntry testId="00b96950-5aad-4d95-a8de-6c1679bfe3e9" executionId="8d729e0f-db61-4b08-9e25-65069a39f0f1" testListId="7ba7746b-2e80-4292-8609-e9db6eca740e" />
    <TestEntry testId="f442562a-9caa-46d3-92b3-691a88f62f4a" executionId="9630cff3-1231-466c-a1a0-744781624e65" testListId="7ba7746b-2e80-4292-8609-e9db6eca740e" />
    <TestEntry testId="5373ed11-42dc-45cf-815a-547dbb9d4d63" executionId="9bcb84cc-9be5-4d81-a40a-dbb77a86577d" testListId="7ba7746b-2e80-4292-8609-e9db6eca740e" />
    <TestEntry testId="e96f0e89-65bd-4e09-b7ad-f090e5089dc5" executionId="017546f0-57a0-496f-919f-a9e6bbecd248" testListId="7ba7746b-2e80-4292-8609-e9db6eca740e" />
    <TestEntry testId="38eb2404-e815-4007-8cdb-bc3b971280bb" executionId="52b1aa26-46fe-4919-8e2c-9ad3b202b86c" testListId="7ba7746b-2e80-4292-8609-e9db6eca740e" />
    <TestEntry testId="9eff9cb2-9443-4a69-9f53-ef6423880f11" executionId="7079b06e-ef6d-4bc6-b05e-ab9e05a902a3" testListId="7ba7746b-2e80-4292-8609-e9db6eca740e" />
    <TestEntry testId="88ee8f5a-2e90-4bd8-a180-b910367a44de" executionId="0b64cf19-86e7-4a05-aa03-bdde34372081" testListId="7ba7746b-2e80-4292-8609-e9db6eca740e" />
    <TestEntry testId="57ebab0e-7d2f-436d-bdca-eeefbff5a21e" executionId="d634b886-c60b-4cfb-b24b-7066288339cd" testListId="7ba7746b-2e80-4292-8609-e9db6eca740e" />
    <TestEntry testId="aa741284-ba3c-4835-b712-cebb5978b914" executionId="88ca7ec8-c127-4d58-ba75-9d2aac114e46" testListId="7ba7746b-2e80-4292-8609-e9db6eca740e" />
    <TestEntry testId="518a516a-72d7-4b45-84a3-4abaef843249" executionId="79452a48-63d1-4131-8578-c21830a3500c" testListId="7ba7746b-2e80-4292-8609-e9db6eca740e" />
    <TestEntry testId="4c767f5f-a9a6-4a45-8e75-a925516a5d1d" executionId="5aded706-2375-403e-a2f5-3468667265fd" testListId="7ba7746b-2e80-4292-8609-e9db6eca740e" />
    <TestEntry testId="a08bad42-e370-4126-8a8a-dbb0eb3a6243" executionId="4379e016-2e10-451e-b4c5-5e6dea01f288" testListId="7ba7746b-2e80-4292-8609-e9db6eca740e" />
    <TestEntry testId="dc728984-aafc-462f-b2d6-ea2df2707235" executionId="13d52e65-a218-4269-8471-4e0aa9c6c12b" testListId="7ba7746b-2e80-4292-8609-e9db6eca740e" />
    <TestEntry testId="87576d7e-357e-41a8-a92c-31f7e5beabff" executionId="723b01a7-a14b-4e34-bc08-e84ade4d247c" testListId="7ba7746b-2e80-4292-8609-e9db6eca740e" />
    <TestEntry testId="07f54c2e-1745-4625-ac73-fc2315ed89bd" executionId="4f6226fe-14c4-43b0-9106-c3f5d254e503" testListId="7ba7746b-2e80-4292-8609-e9db6eca740e" />
    <TestEntry testId="ae77ba60-6e74-49c0-b6dd-4cb31c62fa8f" executionId="4d000abf-2bb5-4ddd-b976-905b5a5da28f" testListId="7ba7746b-2e80-4292-8609-e9db6eca740e" />
    <TestEntry testId="3ec898cf-cca6-4046-9230-56c37225a7de" executionId="152a6b86-2629-4035-b8d2-af975a0c892a" testListId="7ba7746b-2e80-4292-8609-e9db6eca740e" />
    <TestEntry testId="ff6eaa3d-5476-4fdb-ad20-2314c1f552dd" executionId="f4aec365-d8f7-47e3-9494-2f21e39abd52" testListId="7ba7746b-2e80-4292-8609-e9db6eca740e" />
    <TestEntry testId="c846188c-be7f-40c9-8829-3092a6502893" executionId="a32c3ff1-e05b-4752-853e-98e7ee5233c6" testListId="7ba7746b-2e80-4292-8609-e9db6eca740e" />
    <TestEntry testId="0956fc87-29bb-4289-bd9d-01f95995d818" executionId="935e437b-7ac5-4dfb-a6dd-f49139b6f88f" testListId="7ba7746b-2e80-4292-8609-e9db6eca740e" />
    <TestEntry testId="db8b87e5-2f58-400f-8c29-a0e9f22ddc3f" executionId="3498ef9f-01ff-4aef-9983-435b6ebb941c" testListId="7ba7746b-2e80-4292-8609-e9db6eca740e" />
    <TestEntry testId="5035875e-152b-49a8-b10d-3e7241bdc345" executionId="f28bc47b-f190-4101-96b4-005ad0898d7e" testListId="7ba7746b-2e80-4292-8609-e9db6eca740e" />
    <TestEntry testId="17c29bdd-a306-4495-9e71-1e385c3d33bd" executionId="b3b778a1-d373-46ed-9c5a-2be8ce84373c" testListId="7ba7746b-2e80-4292-8609-e9db6eca740e" />
    <TestEntry testId="281bde22-c5db-47f7-b519-e61d88ab6c4a" executionId="ad125d46-c740-47d1-89b6-b59c061f26e1" testListId="7ba7746b-2e80-4292-8609-e9db6eca740e" />
    <TestEntry testId="0b28958f-2770-4886-8875-4c2591e770e9" executionId="267a438c-017c-405d-8a31-756c60192228" testListId="7ba7746b-2e80-4292-8609-e9db6eca740e" />
    <TestEntry testId="623354c8-f076-405d-affa-f9f1c9613994" executionId="15242802-e263-4d07-bcff-0fbb4fed4ba1" testListId="7ba7746b-2e80-4292-8609-e9db6eca740e" />
    <TestEntry testId="043a060e-888c-4b00-a63d-233cfc3a4407" executionId="f2bb1006-5ab5-43d4-9c7c-296b527954e7" testListId="7ba7746b-2e80-4292-8609-e9db6eca740e" />
    <TestEntry testId="c37f58c0-8100-4d40-9b9a-1d94af074da8" executionId="f4a31610-e91c-4d93-a3be-46818b5d1209" testListId="7ba7746b-2e80-4292-8609-e9db6eca740e" />
    <TestEntry testId="cc923ea4-08e6-4620-82f5-4bfaf87d5265" executionId="84ee12e3-bef3-4759-ba5a-0621cbe5363e" testListId="7ba7746b-2e80-4292-8609-e9db6eca740e" />
    <TestEntry testId="0c290f94-1840-49d3-9ba0-ae0d29a4ed1e" executionId="f7529231-4c2e-4789-9f62-3beee554b3c6" testListId="7ba7746b-2e80-4292-8609-e9db6eca740e" />
    <TestEntry testId="5477bfc0-d686-4bc6-b155-e50ceb5aa08e" executionId="9214e903-46f8-4b91-9f9e-0fb891596395" testListId="7ba7746b-2e80-4292-8609-e9db6eca740e" />
    <TestEntry testId="78141f36-9056-4710-96ff-fb81ea788a41" executionId="9b1fb3ae-5dba-4abb-be55-0857f05487cc" testListId="7ba7746b-2e80-4292-8609-e9db6eca740e" />
    <TestEntry testId="668d66f9-3263-4b00-9819-6353abc36810" executionId="10719f7d-8bf3-4f59-9f66-d93749fb8f0c" testListId="7ba7746b-2e80-4292-8609-e9db6eca740e" />
    <TestEntry testId="2397e220-fb49-42e6-b208-c113ddfd5cc8" executionId="6ffb6757-901e-49db-af3d-e3844b6c6164" testListId="7ba7746b-2e80-4292-8609-e9db6eca740e" />
    <TestEntry testId="eccd7086-9039-47bf-893c-ded9c3b1f4c1" executionId="9fee96bc-8e9f-4b7f-be01-eab5288fc7c8" testListId="7ba7746b-2e80-4292-8609-e9db6eca740e" />
    <TestEntry testId="34ad56a4-02cd-4b7b-997f-e7cb07bf04d3" executionId="e164396f-8880-4b26-8cb7-da96e619178d" testListId="7ba7746b-2e80-4292-8609-e9db6eca740e" />
    <TestEntry testId="6b8fedcd-be9a-42df-b26c-e6a145ef3f2e" executionId="0c478852-e4ff-48cc-918e-072a81dcbeff" testListId="7ba7746b-2e80-4292-8609-e9db6eca740e" />
    <TestEntry testId="4d0f79db-a299-4f48-91f8-ace7b527eb63" executionId="63559fd0-6fbd-4f86-9020-780ab80224e6" testListId="7ba7746b-2e80-4292-8609-e9db6eca740e" />
    <TestEntry testId="7a9f28e7-3638-4d23-98c1-97377f4b92c6" executionId="e6f6acad-1837-4869-9c77-2fcba942b67e" testListId="7ba7746b-2e80-4292-8609-e9db6eca740e" />
    <TestEntry testId="e9a30723-acc7-44d4-bbb6-ae174d2f9500" executionId="fb034335-777a-48c6-9ddb-d462da5dc4c3" testListId="7ba7746b-2e80-4292-8609-e9db6eca740e" />
    <TestEntry testId="060c9e04-a43f-460a-ad49-38b089317ad7" executionId="cfe21b5a-f1ba-49c1-a6c1-2bedd806152b" testListId="7ba7746b-2e80-4292-8609-e9db6eca740e" />
    <TestEntry testId="7fcc78f5-8365-41aa-b04c-b7d0615d5acd" executionId="8b418894-df96-4ac4-871a-ec72ecf96695" testListId="7ba7746b-2e80-4292-8609-e9db6eca740e" />
    <TestEntry testId="3cfb5c78-354a-4463-a21c-270a2207f067" executionId="b52f8ab5-b014-46a1-93bd-f7b7a8dfe396" testListId="7ba7746b-2e80-4292-8609-e9db6eca740e" />
    <TestEntry testId="b64a395d-49c6-40c3-8061-efb052c883a4" executionId="2cd69b37-8511-4772-846d-af495f8759ee" testListId="7ba7746b-2e80-4292-8609-e9db6eca740e" />
    <TestEntry testId="e59478f2-892b-447a-a047-32c95870e5fc" executionId="7234bf27-95eb-409e-ba3d-74e83644522e" testListId="7ba7746b-2e80-4292-8609-e9db6eca740e" />
    <TestEntry testId="d5f730bb-887e-4962-8a38-181ed1f18958" executionId="251df7fa-ce20-446d-b727-623aac45e94a" testListId="7ba7746b-2e80-4292-8609-e9db6eca740e" />
    <TestEntry testId="2f38516b-cbce-4724-bade-49462fdd72b2" executionId="236bb3c7-5c4a-4ec6-8df5-826f954cf338" testListId="7ba7746b-2e80-4292-8609-e9db6eca740e" />
    <TestEntry testId="3ef9110d-6953-4e34-99e0-f1c58c63f8cc" executionId="b60c7115-8379-4962-8e6d-87bc3efd624f" testListId="7ba7746b-2e80-4292-8609-e9db6eca740e" />
    <TestEntry testId="dbe995d8-8ba7-46c2-9f5d-2ea9847c1282" executionId="f996391c-b359-4e83-81e3-379043ac9bae" testListId="7ba7746b-2e80-4292-8609-e9db6eca740e" />
    <TestEntry testId="e4b9d81f-9fbd-45d4-82a6-1e915265f780" executionId="defad939-2998-41a3-b643-4c919543836c" testListId="7ba7746b-2e80-4292-8609-e9db6eca740e" />
    <TestEntry testId="ee655953-5e03-4d3a-8afd-285a889e19cb" executionId="47e5b503-62dd-4aa3-a3fa-5787d2f43b24" testListId="7ba7746b-2e80-4292-8609-e9db6eca740e" />
    <TestEntry testId="6ea0875e-1693-4d94-a1dd-6a18bc4a6d06" executionId="eb6b7f80-0165-4b40-9d4e-504210c6dbcd" testListId="7ba7746b-2e80-4292-8609-e9db6eca740e" />
    <TestEntry testId="06e99c85-e470-46e7-b089-629e9eef4064" executionId="0b0f69f2-60ac-493a-b445-4a80061474c7" testListId="7ba7746b-2e80-4292-8609-e9db6eca740e" />
    <TestEntry testId="289a7dd7-f659-4a56-ae06-5e4bc9b21d66" executionId="b33e041e-dd33-4223-827e-dbe04bca9b07" testListId="7ba7746b-2e80-4292-8609-e9db6eca740e" />
    <TestEntry testId="fa18f336-fbf2-48fd-9dae-149e83e368b6" executionId="48b708a5-37fd-45a5-8eff-adbed5c2fd9a" testListId="7ba7746b-2e80-4292-8609-e9db6eca740e" />
    <TestEntry testId="f41b626d-c801-4960-8eb8-15368d42f502" executionId="9996ff65-06ab-4a68-958f-80c0c60c99f2" testListId="7ba7746b-2e80-4292-8609-e9db6eca740e" />
    <TestEntry testId="72a1f3a8-3105-4c08-a829-c98d7dc7ddd3" executionId="a478bef0-a4cc-4a62-9c62-99f723ef75ae" testListId="7ba7746b-2e80-4292-8609-e9db6eca740e" />
    <TestEntry testId="44f6070d-afa0-4212-9705-8554bf4913c1" executionId="ec7cef17-e6d5-4f15-bb6e-6372d345ed3e" testListId="7ba7746b-2e80-4292-8609-e9db6eca740e" />
    <TestEntry testId="399ac847-c6a1-424b-bbb1-d4769bc1e600" executionId="a64765e2-8dc4-4290-a9ee-53390424f64b" testListId="7ba7746b-2e80-4292-8609-e9db6eca740e" />
    <TestEntry testId="2c584cfe-ef9e-493c-93e3-8ec965efc560" executionId="a18fcd3f-2784-4893-b99f-f35ffc5a499b" testListId="7ba7746b-2e80-4292-8609-e9db6eca740e" />
    <TestEntry testId="07f92a41-17e0-4532-b068-02ff4a77c5bf" executionId="ffaab927-fcea-4108-8e96-3c9d36931900" testListId="7ba7746b-2e80-4292-8609-e9db6eca740e" />
    <TestEntry testId="1659c691-12ad-43c3-8dd8-2b98e4a9fed0" executionId="01a18412-4411-4e97-97fb-d765d9025b27" testListId="7ba7746b-2e80-4292-8609-e9db6eca740e" />
    <TestEntry testId="ac66c1f1-7fd4-4ac6-973f-f90d4cd7c482" executionId="4ac2e1db-42a4-47bf-95a8-9fd4b021795e" testListId="7ba7746b-2e80-4292-8609-e9db6eca740e" />
    <TestEntry testId="b6b0580a-5fdf-456c-889d-2099b6cfa149" executionId="eb6fda3a-f2f3-49c4-a88c-fc6daa8f5d89" testListId="7ba7746b-2e80-4292-8609-e9db6eca740e" />
    <TestEntry testId="5b6d651e-a8ab-4871-a0de-c02077b884ac" executionId="76eabf44-68c3-419f-b3cd-53a67f616a9c" testListId="7ba7746b-2e80-4292-8609-e9db6eca740e" />
    <TestEntry testId="f9874700-7778-4b7a-b5f7-5fb267351268" executionId="9f0c7ca8-1867-449c-98b6-9fd22825a47f" testListId="7ba7746b-2e80-4292-8609-e9db6eca740e" />
    <TestEntry testId="acbceb25-f2dd-4eaf-a716-9b10ab2b1b82" executionId="34e03d52-50bc-429e-92ef-84be233be28f" testListId="7ba7746b-2e80-4292-8609-e9db6eca740e" />
    <TestEntry testId="5562b7ca-b8de-4c52-9f3b-9a160c624507" executionId="5fefdc49-0e3f-4d82-b0f6-5461623672a3" testListId="7ba7746b-2e80-4292-8609-e9db6eca740e" />
    <TestEntry testId="b783c60e-b949-4700-b95d-8504002660d7" executionId="9a1fc5c3-da92-44af-8a07-7cf1e8fc1afd" testListId="7ba7746b-2e80-4292-8609-e9db6eca740e" />
    <TestEntry testId="81f30013-924a-43c4-941c-07bc64f36006" executionId="41218912-f12f-4bbc-8ad5-1b3522125eb1" testListId="7ba7746b-2e80-4292-8609-e9db6eca740e" />
  </TestEntries>
  <TestLists>
    <TestList name="Results Not in a List" id="7ba7746b-2e80-4292-8609-e9db6eca740e" />
    <TestList name="All Loaded Results" id="1bf0a357-4bcd-4d4c-8a05-1457ece900b6" />
  </TestLists>
</TestRun>