<?xml version="1.0" encoding="UTF-8"?>
<TestRun id="5080bfc9-d15c-4509-af2b-055c655ff54b" name="Test Run 17" runUser="Oles Galatsan" xmlns="http://microsoft.com/schemas/VisualStudio/TeamTest/2010">
  <Times creation="2025-05-14T13:20:31.3125482Z" queuing="2025-05-14T13:20:31.3125482Z" start="2025-05-14T13:20:31.3146610Z" finish="2025-05-14T13:25:31.3147553Z" />
  <TestSettings name="Test Settings 17" id="7fe86875-8988-4914-87bb-e3dd11409858" />
  <Results>
    <UnitTestResult executionId="07039f37-6bf1-4c68-b9f4-784777460162" testId="9d0d8d3c-c9ca-4479-a4f8-d590adea1803" testName="Test1601" computerName="UA-LPT-OGA2" duration="00:00:00.8080000" startTime="2025-05-14T13:20:31.3146610Z" endTime="2025-05-14T13:25:31.3147553Z" testType="13cdc9d9-ddb5-4fa4-a97d-d965ccfc6d4b" outcome="Passed" testListId="9ae86d14-9a5c-41b6-99a0-36f6b0367227" />
    <UnitTestResult executionId="50fa8125-3b70-42e9-ba84-8e6db7120fff" testId="8bd4bd5f-bd00-44ea-ba82-e1578ce25e76" testName="Test1602" computerName="UA-LPT-OGA2" duration="00:00:01.7760000" startTime="2025-05-14T13:20:31.3146610Z" endTime="2025-05-14T13:25:31.3147553Z" testType="13cdc9d9-ddb5-4fa4-a97d-d965ccfc6d4b" outcome="Passed" testListId="9ae86d14-9a5c-41b6-99a0-36f6b0367227" />
    <UnitTestResult executionId="5972307a-2550-4a3e-8139-694b9901d1b5" testId="c27d941d-dbf2-4b19-bc75-a8b745c80a2e" testName="Test1603" computerName="UA-LPT-OGA2" duration="00:00:01.7120000" startTime="2025-05-14T13:20:31.3146610Z" endTime="2025-05-14T13:25:31.3147553Z" testType="13cdc9d9-ddb5-4fa4-a97d-d965ccfc6d4b" outcome="Passed" testListId="9ae86d14-9a5c-41b6-99a0-36f6b0367227" />
    <UnitTestResult executionId="1fcc4ebe-df08-4966-baec-9f2323d6d733" testId="456123b6-89df-441c-a8fd-b37d84668954" testName="Test1604" computerName="UA-LPT-OGA2" duration="00:00:00.1050000" startTime="2025-05-14T13:20:31.3146610Z" endTime="2025-05-14T13:25:31.3147553Z" testType="13cdc9d9-ddb5-4fa4-a97d-d965ccfc6d4b" outcome="Passed" testListId="9ae86d14-9a5c-41b6-99a0-36f6b0367227" />
    <UnitTestResult executionId="46ad7f7f-dfd4-455c-a4ec-b8c5c017f072" testId="d9271ae3-d820-41bb-a8da-75df5b7b69fa" testName="Test1605" computerName="UA-LPT-OGA2" duration="00:00:01.8540000" startTime="2025-05-14T13:20:31.3146610Z" endTime="2025-05-14T13:25:31.3147553Z" testType="13cdc9d9-ddb5-4fa4-a97d-d965ccfc6d4b" outcome="Passed" testListId="9ae86d14-9a5c-41b6-99a0-36f6b0367227" />
    <UnitTestResult executionId="ff69c219-227a-4235-9e77-d0e41d120bc9" testId="47dda927-cae5-4fa0-b2a2-b1e1dc1657d4" testName="Test1606" computerName="UA-LPT-OGA2" duration="00:00:00.5460000" startTime="2025-05-14T13:20:31.3146610Z" endTime="2025-05-14T13:25:31.3147553Z" testType="13cdc9d9-ddb5-4fa4-a97d-d965ccfc6d4b" outcome="Passed" testListId="9ae86d14-9a5c-41b6-99a0-36f6b0367227" />
    <UnitTestResult executionId="40ee5510-4ebc-4359-a357-b6b7baff9fcf" testId="41491add-316f-4c1e-96e1-bb3310c12b21" testName="Test1607" computerName="UA-LPT-OGA2" duration="00:00:00.1760000" startTime="2025-05-14T13:20:31.3146610Z" endTime="2025-05-14T13:25:31.3147553Z" testType="13cdc9d9-ddb5-4fa4-a97d-d965ccfc6d4b" outcome="Passed" testListId="9ae86d14-9a5c-41b6-99a0-36f6b0367227" />
    <UnitTestResult executionId="885b119a-8e02-42d0-8e74-3efee004139b" testId="a20820d1-b24e-4c12-aa02-a5f2fc958709" testName="Test1608" computerName="UA-LPT-OGA2" duration="00:00:01.8110000" startTime="2025-05-14T13:20:31.3146610Z" endTime="2025-05-14T13:25:31.3147553Z" testType="13cdc9d9-ddb5-4fa4-a97d-d965ccfc6d4b" outcome="Passed" testListId="9ae86d14-9a5c-41b6-99a0-36f6b0367227" />
    <UnitTestResult executionId="0c0b76b2-37ee-4366-a0cc-fd381fc714cf" testId="b30b901a-7ae8-43e7-9a41-5f4df651f9b9" testName="Test1609" computerName="UA-LPT-OGA2" duration="00:00:00.1390000" startTime="2025-05-14T13:20:31.3146610Z" endTime="2025-05-14T13:25:31.3147553Z" testType="13cdc9d9-ddb5-4fa4-a97d-d965ccfc6d4b" outcome="Passed" testListId="9ae86d14-9a5c-41b6-99a0-36f6b0367227" />
    <UnitTestResult executionId="6725f151-05bc-4f02-96a6-53eb312f46b2" testId="01dbed21-cd13-4ca1-a1db-cd6fc4674c4e" testName="Test1610" computerName="UA-LPT-OGA2" duration="00:00:00.8070000" startTime="2025-05-14T13:20:31.3146610Z" endTime="2025-05-14T13:25:31.3147553Z" testType="13cdc9d9-ddb5-4fa4-a97d-d965ccfc6d4b" outcome="Passed" testListId="9ae86d14-9a5c-41b6-99a0-36f6b0367227" />
    <UnitTestResult executionId="6df41841-4bc7-4bc1-9a8a-d88def0bef7f" testId="b284b588-4fe3-41f2-b46a-aba3ba1ba829" testName="Test1611" computerName="UA-LPT-OGA2" duration="00:00:01.5520000" startTime="2025-05-14T13:20:31.3146610Z" endTime="2025-05-14T13:25:31.3147553Z" testType="13cdc9d9-ddb5-4fa4-a97d-d965ccfc6d4b" outcome="Passed" testListId="9ae86d14-9a5c-41b6-99a0-36f6b0367227" />
    <UnitTestResult executionId="110d2b52-2c4e-4616-a763-c127061ee257" testId="3b843fd1-d168-4a07-bc8c-896b767c0530" testName="Test1612" computerName="UA-LPT-OGA2" duration="00:00:00.6760000" startTime="2025-05-14T13:20:31.3146610Z" endTime="2025-05-14T13:25:31.3147553Z" testType="13cdc9d9-ddb5-4fa4-a97d-d965ccfc6d4b" outcome="Failed" testListId="9ae86d14-9a5c-41b6-99a0-36f6b0367227">
      <Output>
        <ErrorInfo>
          <Message>Assertion failed: Expected value did not match actual value.</Message>
          <StackTrace>   at TestNamespace.TestClass.Test() in TestClass.cs:line 116</StackTrace>
        </ErrorInfo>
      </Output>
    </UnitTestResult>
    <UnitTestResult executionId="1aea2536-4c02-4e85-a736-8ff1fc11ccff" testId="54c9e44a-c940-4df0-811b-b5c902586f89" testName="Test1613" computerName="UA-LPT-OGA2" duration="00:00:00.2740000" startTime="2025-05-14T13:20:31.3146610Z" endTime="2025-05-14T13:25:31.3147553Z" testType="13cdc9d9-ddb5-4fa4-a97d-d965ccfc6d4b" outcome="Passed" testListId="9ae86d14-9a5c-41b6-99a0-36f6b0367227" />
    <UnitTestResult executionId="c0f5b899-66e1-428c-afa2-57856774c151" testId="703b20a8-c1e5-4474-9747-bb157a54ef8f" testName="Test1614" computerName="UA-LPT-OGA2" duration="00:00:00.9610000" startTime="2025-05-14T13:20:31.3146610Z" endTime="2025-05-14T13:25:31.3147553Z" testType="13cdc9d9-ddb5-4fa4-a97d-d965ccfc6d4b" outcome="Passed" testListId="9ae86d14-9a5c-41b6-99a0-36f6b0367227" />
    <UnitTestResult executionId="c054729c-ef24-4700-961f-93906e9f3e6b" testId="42b368a2-f059-4ddb-b2ad-64850ecfd621" testName="Test1615" computerName="UA-LPT-OGA2" duration="00:00:00.5780000" startTime="2025-05-14T13:20:31.3146610Z" endTime="2025-05-14T13:25:31.3147553Z" testType="13cdc9d9-ddb5-4fa4-a97d-d965ccfc6d4b" outcome="Passed" testListId="9ae86d14-9a5c-41b6-99a0-36f6b0367227" />
    <UnitTestResult executionId="2921b3f3-b13b-4a67-a98e-40556a4b94b1" testId="c77fb910-651d-48b4-8ba9-38e3338cb04c" testName="Test1616" computerName="UA-LPT-OGA2" duration="00:00:01.1920000" startTime="2025-05-14T13:20:31.3146610Z" endTime="2025-05-14T13:25:31.3147553Z" testType="13cdc9d9-ddb5-4fa4-a97d-d965ccfc6d4b" outcome="Passed" testListId="9ae86d14-9a5c-41b6-99a0-36f6b0367227" />
    <UnitTestResult executionId="e9208628-55e7-4a52-8c67-e66f6cd0ee92" testId="32fdbddf-b00a-47d2-90d9-6164a0c36d6e" testName="Test1617" computerName="UA-LPT-OGA2" duration="00:00:00.0230000" startTime="2025-05-14T13:20:31.3146610Z" endTime="2025-05-14T13:25:31.3147553Z" testType="13cdc9d9-ddb5-4fa4-a97d-d965ccfc6d4b" outcome="Passed" testListId="9ae86d14-9a5c-41b6-99a0-36f6b0367227" />
    <UnitTestResult executionId="e92b1877-59d1-4f83-addd-09dc0c43e93a" testId="7e3e59fd-c011-4436-a45d-f6805a0f8d41" testName="Test1618" computerName="UA-LPT-OGA2" duration="00:00:00.5940000" startTime="2025-05-14T13:20:31.3146610Z" endTime="2025-05-14T13:25:31.3147553Z" testType="13cdc9d9-ddb5-4fa4-a97d-d965ccfc6d4b" outcome="Passed" testListId="9ae86d14-9a5c-41b6-99a0-36f6b0367227" />
    <UnitTestResult executionId="0c0ea44f-0e01-4ce2-a337-8b2ad3081207" testId="92981bc6-d475-43a9-8dab-c087e30567d3" testName="Test1619" computerName="UA-LPT-OGA2" duration="00:00:00.2540000" startTime="2025-05-14T13:20:31.3146610Z" endTime="2025-05-14T13:25:31.3147553Z" testType="13cdc9d9-ddb5-4fa4-a97d-d965ccfc6d4b" outcome="Passed" testListId="9ae86d14-9a5c-41b6-99a0-36f6b0367227" />
    <UnitTestResult executionId="aaa22aa1-f3b8-469d-82c9-43f8865dce8f" testId="d1892678-7e73-449f-9cd1-18e566707959" testName="Test1620" computerName="UA-LPT-OGA2" duration="00:00:01.7960000" startTime="2025-05-14T13:20:31.3146610Z" endTime="2025-05-14T13:25:31.3147553Z" testType="13cdc9d9-ddb5-4fa4-a97d-d965ccfc6d4b" outcome="Passed" testListId="9ae86d14-9a5c-41b6-99a0-36f6b0367227" />
    <UnitTestResult executionId="fdf17fb9-5d8d-4de6-a67b-2cef3935f130" testId="128fd478-7db2-4a8e-85e6-171db566c1ad" testName="Test1621" computerName="UA-LPT-OGA2" duration="00:00:01.5120000" startTime="2025-05-14T13:20:31.3146610Z" endTime="2025-05-14T13:25:31.3147553Z" testType="13cdc9d9-ddb5-4fa4-a97d-d965ccfc6d4b" outcome="Passed" testListId="9ae86d14-9a5c-41b6-99a0-36f6b0367227" />
    <UnitTestResult executionId="797263e0-0d71-4527-b497-25d6a00e01ff" testId="a1382fba-5704-4b9c-82e6-21c2e0cb929b" testName="Test1622" computerName="UA-LPT-OGA2" duration="00:00:01.1150000" startTime="2025-05-14T13:20:31.3146610Z" endTime="2025-05-14T13:25:31.3147553Z" testType="13cdc9d9-ddb5-4fa4-a97d-d965ccfc6d4b" outcome="Passed" testListId="9ae86d14-9a5c-41b6-99a0-36f6b0367227" />
    <UnitTestResult executionId="3df5b5c6-f5f5-45a6-be2d-cdd5d2490c30" testId="d7e4cf0d-f515-4c11-8530-856afc255cad" testName="Test1623" computerName="UA-LPT-OGA2" duration="00:00:00.9510000" startTime="2025-05-14T13:20:31.3146610Z" endTime="2025-05-14T13:25:31.3147553Z" testType="13cdc9d9-ddb5-4fa4-a97d-d965ccfc6d4b" outcome="Passed" testListId="9ae86d14-9a5c-41b6-99a0-36f6b0367227" />
    <UnitTestResult executionId="1bb74950-05fb-476c-9082-b34e7eff8971" testId="ade54c5b-af34-45a7-a5e3-b632a0b818c3" testName="Test1624" computerName="UA-LPT-OGA2" duration="00:00:00.1030000" startTime="2025-05-14T13:20:31.3146610Z" endTime="2025-05-14T13:25:31.3147553Z" testType="13cdc9d9-ddb5-4fa4-a97d-d965ccfc6d4b" outcome="Passed" testListId="9ae86d14-9a5c-41b6-99a0-36f6b0367227" />
    <UnitTestResult executionId="ea25f116-32f7-4d2c-8cf6-443b272310fc" testId="94ba7e31-d723-4643-b47a-35abe6ec58fd" testName="Test1625" computerName="UA-LPT-OGA2" duration="00:00:00.9040000" startTime="2025-05-14T13:20:31.3146610Z" endTime="2025-05-14T13:25:31.3147553Z" testType="13cdc9d9-ddb5-4fa4-a97d-d965ccfc6d4b" outcome="Passed" testListId="9ae86d14-9a5c-41b6-99a0-36f6b0367227" />
    <UnitTestResult executionId="0ca0cc26-feeb-47e4-8664-d3d3c614c2cb" testId="8c7e46bd-916d-4d9b-bdc6-43220d6ad345" testName="Test1626" computerName="UA-LPT-OGA2" duration="00:00:00.6380000" startTime="2025-05-14T13:20:31.3146610Z" endTime="2025-05-14T13:25:31.3147553Z" testType="13cdc9d9-ddb5-4fa4-a97d-d965ccfc6d4b" outcome="Failed" testListId="9ae86d14-9a5c-41b6-99a0-36f6b0367227">
      <Output>
        <ErrorInfo>
          <Message>Assertion failed: Expected value did not match actual value.</Message>
          <StackTrace>   at TestNamespace.TestClass.Test() in TestClass.cs:line 212</StackTrace>
        </ErrorInfo>
      </Output>
    </UnitTestResult>
    <UnitTestResult executionId="a91d2f23-11ff-4a34-8efd-d0d5da19904c" testId="85e92594-c423-49a2-a557-cc56c9d9c8b2" testName="Test1627" computerName="UA-LPT-OGA2" duration="00:00:01.2030000" startTime="2025-05-14T13:20:31.3146610Z" endTime="2025-05-14T13:25:31.3147553Z" testType="13cdc9d9-ddb5-4fa4-a97d-d965ccfc6d4b" outcome="Passed" testListId="9ae86d14-9a5c-41b6-99a0-36f6b0367227" />
    <UnitTestResult executionId="e4d0e7ae-cc34-4c8e-853a-392b00751f1d" testId="ee3ccd9a-e389-42ab-b695-80f1cf23b44d" testName="Test1628" computerName="UA-LPT-OGA2" duration="00:00:01.5110000" startTime="2025-05-14T13:20:31.3146610Z" endTime="2025-05-14T13:25:31.3147553Z" testType="13cdc9d9-ddb5-4fa4-a97d-d965ccfc6d4b" outcome="Passed" testListId="9ae86d14-9a5c-41b6-99a0-36f6b0367227" />
    <UnitTestResult executionId="77f01072-9e16-4a56-b42a-10335dc4f30d" testId="39127eee-62b8-4bd5-8b26-ccf9ecc73c4e" testName="Test1629" computerName="UA-LPT-OGA2" duration="00:00:01.3190000" startTime="2025-05-14T13:20:31.3146610Z" endTime="2025-05-14T13:25:31.3147553Z" testType="13cdc9d9-ddb5-4fa4-a97d-d965ccfc6d4b" outcome="Passed" testListId="9ae86d14-9a5c-41b6-99a0-36f6b0367227" />
    <UnitTestResult executionId="e28d283a-161c-4660-8080-6e4da1e4410f" testId="9124b20f-9327-4637-b628-a161df4d4b1d" testName="Test1630" computerName="UA-LPT-OGA2" duration="00:00:00.8260000" startTime="2025-05-14T13:20:31.3146610Z" endTime="2025-05-14T13:25:31.3147553Z" testType="13cdc9d9-ddb5-4fa4-a97d-d965ccfc6d4b" outcome="Passed" testListId="9ae86d14-9a5c-41b6-99a0-36f6b0367227" />
    <UnitTestResult executionId="9e0a6123-3c1c-420e-96a9-00178c4fa75d" testId="8815649c-ccbd-4b5a-936a-27d858ec20ed" testName="Test1631" computerName="UA-LPT-OGA2" duration="00:00:00.5370000" startTime="2025-05-14T13:20:31.3146610Z" endTime="2025-05-14T13:25:31.3147553Z" testType="13cdc9d9-ddb5-4fa4-a97d-d965ccfc6d4b" outcome="Passed" testListId="9ae86d14-9a5c-41b6-99a0-36f6b0367227" />
    <UnitTestResult executionId="3d756be2-7556-4338-afac-55646105637b" testId="64d4144c-cf5a-4e1d-83c8-6f3bdef7497c" testName="Test1632" computerName="UA-LPT-OGA2" duration="00:00:00.3800000" startTime="2025-05-14T13:20:31.3146610Z" endTime="2025-05-14T13:25:31.3147553Z" testType="13cdc9d9-ddb5-4fa4-a97d-d965ccfc6d4b" outcome="Passed" testListId="9ae86d14-9a5c-41b6-99a0-36f6b0367227" />
    <UnitTestResult executionId="ef699569-13d4-4063-b0d0-d86ac38f9785" testId="1b067dc6-10ef-4380-acde-035d1a8fc869" testName="Test1633" computerName="UA-LPT-OGA2" duration="00:00:01.2710000" startTime="2025-05-14T13:20:31.3146610Z" endTime="2025-05-14T13:25:31.3147553Z" testType="13cdc9d9-ddb5-4fa4-a97d-d965ccfc6d4b" outcome="Passed" testListId="9ae86d14-9a5c-41b6-99a0-36f6b0367227" />
    <UnitTestResult executionId="f630e059-6fff-4f5a-a342-d1603d9f8f4c" testId="1b7f7884-dd52-4abf-b939-b793c91ecf62" testName="Test1634" computerName="UA-LPT-OGA2" duration="00:00:01.2310000" startTime="2025-05-14T13:20:31.3146610Z" endTime="2025-05-14T13:25:31.3147553Z" testType="13cdc9d9-ddb5-4fa4-a97d-d965ccfc6d4b" outcome="Passed" testListId="9ae86d14-9a5c-41b6-99a0-36f6b0367227" />
    <UnitTestResult executionId="a15378eb-ba39-47b7-8073-c87a967462b6" testId="b27c1017-6298-4854-8fc6-d2e33c9e43c0" testName="Test1635" computerName="UA-LPT-OGA2" duration="00:00:01.6230000" startTime="2025-05-14T13:20:31.3146610Z" endTime="2025-05-14T13:25:31.3147553Z" testType="13cdc9d9-ddb5-4fa4-a97d-d965ccfc6d4b" outcome="Passed" testListId="9ae86d14-9a5c-41b6-99a0-36f6b0367227" />
    <UnitTestResult executionId="296640fb-c9e8-45da-9628-6bbd8eabdd07" testId="ab43b8bf-4719-4834-af2e-2ce20910c482" testName="Test1636" computerName="UA-LPT-OGA2" duration="00:00:00.4330000" startTime="2025-05-14T13:20:31.3146610Z" endTime="2025-05-14T13:25:31.3147553Z" testType="13cdc9d9-ddb5-4fa4-a97d-d965ccfc6d4b" outcome="Passed" testListId="9ae86d14-9a5c-41b6-99a0-36f6b0367227" />
    <UnitTestResult executionId="94165727-4946-4c8d-ac50-143afdb3de90" testId="286f807e-cf47-4e64-b20e-19e8d3cf2488" testName="Test1637" computerName="UA-LPT-OGA2" duration="00:00:00.4530000" startTime="2025-05-14T13:20:31.3146610Z" endTime="2025-05-14T13:25:31.3147553Z" testType="13cdc9d9-ddb5-4fa4-a97d-d965ccfc6d4b" outcome="Passed" testListId="9ae86d14-9a5c-41b6-99a0-36f6b0367227" />
    <UnitTestResult executionId="f02a1936-4b7c-4bfa-897b-5469567b3ec6" testId="c584d359-6ce3-44d3-b3b5-902f152c0c75" testName="Test1638" computerName="UA-LPT-OGA2" duration="00:00:00.0130000" startTime="2025-05-14T13:20:31.3146610Z" endTime="2025-05-14T13:25:31.3147553Z" testType="13cdc9d9-ddb5-4fa4-a97d-d965ccfc6d4b" outcome="Passed" testListId="9ae86d14-9a5c-41b6-99a0-36f6b0367227" />
    <UnitTestResult executionId="4c3e85f7-e965-43b8-b285-41799fc3756b" testId="3a1330bc-ebfb-46ed-aa0a-3be1fb575fab" testName="Test1639" computerName="UA-LPT-OGA2" duration="00:00:00.8310000" startTime="2025-05-14T13:20:31.3146610Z" endTime="2025-05-14T13:25:31.3147553Z" testType="13cdc9d9-ddb5-4fa4-a97d-d965ccfc6d4b" outcome="Passed" testListId="9ae86d14-9a5c-41b6-99a0-36f6b0367227" />
    <UnitTestResult executionId="2a03c552-ea59-4aa0-afb9-2adb47801909" testId="f46a04a5-8885-40bc-a41c-6b0c3373799c" testName="Test1640" computerName="UA-LPT-OGA2" duration="00:00:00.2240000" startTime="2025-05-14T13:20:31.3146610Z" endTime="2025-05-14T13:25:31.3147553Z" testType="13cdc9d9-ddb5-4fa4-a97d-d965ccfc6d4b" outcome="Passed" testListId="9ae86d14-9a5c-41b6-99a0-36f6b0367227" />
    <UnitTestResult executionId="5d605e41-ece3-4637-952e-1c6f6bbf36c8" testId="3a58670f-f4e2-4ba3-8b44-65e41239a2e1" testName="Test1641" computerName="UA-LPT-OGA2" duration="00:00:01.0180000" startTime="2025-05-14T13:20:31.3146610Z" endTime="2025-05-14T13:25:31.3147553Z" testType="13cdc9d9-ddb5-4fa4-a97d-d965ccfc6d4b" outcome="Passed" testListId="9ae86d14-9a5c-41b6-99a0-36f6b0367227" />
    <UnitTestResult executionId="ce703e53-6cba-431f-997a-517eadcde4a1" testId="ab1638d5-fcf2-4aaa-8c6d-e8a75e04e6b0" testName="Test1642" computerName="UA-LPT-OGA2" duration="00:00:00.5680000" startTime="2025-05-14T13:20:31.3146610Z" endTime="2025-05-14T13:25:31.3147553Z" testType="13cdc9d9-ddb5-4fa4-a97d-d965ccfc6d4b" outcome="Failed" testListId="9ae86d14-9a5c-41b6-99a0-36f6b0367227">
      <Output>
        <ErrorInfo>
          <Message>Assertion failed: Expected value did not match actual value.</Message>
          <StackTrace>   at TestNamespace.TestClass.Test() in TestClass.cs:line 245</StackTrace>
        </ErrorInfo>
      </Output>
    </UnitTestResult>
    <UnitTestResult executionId="57dcce6a-2d0c-4f25-91eb-d5e4df813690" testId="44fa69ee-4c45-48b5-bd38-1a1aae39434d" testName="Test1643" computerName="UA-LPT-OGA2" duration="00:00:01.0440000" startTime="2025-05-14T13:20:31.3146610Z" endTime="2025-05-14T13:25:31.3147553Z" testType="13cdc9d9-ddb5-4fa4-a97d-d965ccfc6d4b" outcome="Passed" testListId="9ae86d14-9a5c-41b6-99a0-36f6b0367227" />
    <UnitTestResult executionId="069ff9ad-a104-4ad1-998a-0d8f8fdfea86" testId="eebed17c-bc92-416a-bdea-79fc243322b3" testName="Test1644" computerName="UA-LPT-OGA2" duration="00:00:01.2420000" startTime="2025-05-14T13:20:31.3146610Z" endTime="2025-05-14T13:25:31.3147553Z" testType="13cdc9d9-ddb5-4fa4-a97d-d965ccfc6d4b" outcome="Passed" testListId="9ae86d14-9a5c-41b6-99a0-36f6b0367227" />
    <UnitTestResult executionId="b0c5ae04-37b3-4ba4-8bb2-33787cc46cde" testId="1a63a1c8-d067-4d0a-acc4-28acb9a2aeb2" testName="Test1645" computerName="UA-LPT-OGA2" duration="00:00:01.3090000" startTime="2025-05-14T13:20:31.3146610Z" endTime="2025-05-14T13:25:31.3147553Z" testType="13cdc9d9-ddb5-4fa4-a97d-d965ccfc6d4b" outcome="Passed" testListId="9ae86d14-9a5c-41b6-99a0-36f6b0367227" />
    <UnitTestResult executionId="4a2f4569-617c-402e-a9bc-d63814136145" testId="fcec8253-9afa-43ed-96a9-0f3dc6c3a16b" testName="Test1646" computerName="UA-LPT-OGA2" duration="00:00:01.1250000" startTime="2025-05-14T13:20:31.3146610Z" endTime="2025-05-14T13:25:31.3147553Z" testType="13cdc9d9-ddb5-4fa4-a97d-d965ccfc6d4b" outcome="Passed" testListId="9ae86d14-9a5c-41b6-99a0-36f6b0367227" />
    <UnitTestResult executionId="69bbe6e0-99c4-47c6-9644-d250ac81b704" testId="cb9a1fb7-58cf-4b37-a2fd-9a7fe039e684" testName="Test1647" computerName="UA-LPT-OGA2" duration="00:00:00.9470000" startTime="2025-05-14T13:20:31.3146610Z" endTime="2025-05-14T13:25:31.3147553Z" testType="13cdc9d9-ddb5-4fa4-a97d-d965ccfc6d4b" outcome="Passed" testListId="9ae86d14-9a5c-41b6-99a0-36f6b0367227" />
    <UnitTestResult executionId="a64427a8-3817-4c8b-bb15-a55d693a9987" testId="64010cd2-fc27-47a3-aac3-2f65b9b5ab34" testName="Test1648" computerName="UA-LPT-OGA2" duration="00:00:01.6860000" startTime="2025-05-14T13:20:31.3146610Z" endTime="2025-05-14T13:25:31.3147553Z" testType="13cdc9d9-ddb5-4fa4-a97d-d965ccfc6d4b" outcome="Passed" testListId="9ae86d14-9a5c-41b6-99a0-36f6b0367227" />
    <UnitTestResult executionId="d046ec7d-b0e1-4fd7-be0a-5da644af52a1" testId="1f6f49d1-41dd-4216-b99e-51c091bb4f26" testName="Test1649" computerName="UA-LPT-OGA2" duration="00:00:00.5280000" startTime="2025-05-14T13:20:31.3146610Z" endTime="2025-05-14T13:25:31.3147553Z" testType="13cdc9d9-ddb5-4fa4-a97d-d965ccfc6d4b" outcome="Passed" testListId="9ae86d14-9a5c-41b6-99a0-36f6b0367227" />
    <UnitTestResult executionId="c6d53da8-65c0-4e9d-b93d-ed8a3a6060b6" testId="9534c490-ac2a-4ac6-abff-36cabe8d89bf" testName="Test1650" computerName="UA-LPT-OGA2" duration="00:00:01.2680000" startTime="2025-05-14T13:20:31.3146610Z" endTime="2025-05-14T13:25:31.3147553Z" testType="13cdc9d9-ddb5-4fa4-a97d-d965ccfc6d4b" outcome="Passed" testListId="9ae86d14-9a5c-41b6-99a0-36f6b0367227" />
    <UnitTestResult executionId="2bb60d31-d8b4-4972-aab3-543fbf7e6350" testId="21022610-12e9-4a0a-aace-b72d980f4fc8" testName="Test1651" computerName="UA-LPT-OGA2" duration="00:00:00.8220000" startTime="2025-05-14T13:20:31.3146610Z" endTime="2025-05-14T13:25:31.3147553Z" testType="13cdc9d9-ddb5-4fa4-a97d-d965ccfc6d4b" outcome="Passed" testListId="9ae86d14-9a5c-41b6-99a0-36f6b0367227" />
    <UnitTestResult executionId="fa7ad1b1-ecac-4701-bdbd-408f11cd7f3e" testId="1c8660dd-5033-48e1-8b8d-0355c36bbaf4" testName="Test1652" computerName="UA-LPT-OGA2" duration="00:00:01.6270000" startTime="2025-05-14T13:20:31.3146610Z" endTime="2025-05-14T13:25:31.3147553Z" testType="13cdc9d9-ddb5-4fa4-a97d-d965ccfc6d4b" outcome="Passed" testListId="9ae86d14-9a5c-41b6-99a0-36f6b0367227" />
    <UnitTestResult executionId="1608fbfd-7ccd-4466-8651-3542d84e6d5c" testId="4052d977-1777-415f-ae12-8dc5a738a78e" testName="Test1653" computerName="UA-LPT-OGA2" duration="00:00:00.9270000" startTime="2025-05-14T13:20:31.3146610Z" endTime="2025-05-14T13:25:31.3147553Z" testType="13cdc9d9-ddb5-4fa4-a97d-d965ccfc6d4b" outcome="Passed" testListId="9ae86d14-9a5c-41b6-99a0-36f6b0367227" />
    <UnitTestResult executionId="5faf94cb-19b7-4f0e-a791-2ad6351070e2" testId="60c6befc-39ad-4169-b582-2f720ffb5c70" testName="Test1654" computerName="UA-LPT-OGA2" duration="00:00:00.6770000" startTime="2025-05-14T13:20:31.3146610Z" endTime="2025-05-14T13:25:31.3147553Z" testType="13cdc9d9-ddb5-4fa4-a97d-d965ccfc6d4b" outcome="Passed" testListId="9ae86d14-9a5c-41b6-99a0-36f6b0367227" />
    <UnitTestResult executionId="41ffbb9a-e7a7-4047-b2fc-99fd67857dee" testId="8fbe9a32-6d54-4607-addf-f324a1bbd7b8" testName="Test1655" computerName="UA-LPT-OGA2" duration="00:00:01.5930000" startTime="2025-05-14T13:20:31.3146610Z" endTime="2025-05-14T13:25:31.3147553Z" testType="13cdc9d9-ddb5-4fa4-a97d-d965ccfc6d4b" outcome="Passed" testListId="9ae86d14-9a5c-41b6-99a0-36f6b0367227" />
    <UnitTestResult executionId="8bc57dba-3685-4d4d-88f7-2dc4e03188dc" testId="67396b57-8da3-476d-8535-411a0de69a3b" testName="Test1656" computerName="UA-LPT-OGA2" duration="00:00:00.2080000" startTime="2025-05-14T13:20:31.3146610Z" endTime="2025-05-14T13:25:31.3147553Z" testType="13cdc9d9-ddb5-4fa4-a97d-d965ccfc6d4b" outcome="Passed" testListId="9ae86d14-9a5c-41b6-99a0-36f6b0367227" />
    <UnitTestResult executionId="b4f19763-240f-4cf5-a36b-4363abde41bc" testId="88601de8-875d-4ca8-b49e-4cdd03b002b5" testName="Test1657" computerName="UA-LPT-OGA2" duration="00:00:01.8830000" startTime="2025-05-14T13:20:31.3146610Z" endTime="2025-05-14T13:25:31.3147553Z" testType="13cdc9d9-ddb5-4fa4-a97d-d965ccfc6d4b" outcome="Passed" testListId="9ae86d14-9a5c-41b6-99a0-36f6b0367227" />
    <UnitTestResult executionId="979ddda4-1b51-43e6-9ffd-13269629f5ea" testId="82d18e05-9fe4-4016-838b-f705cd39940a" testName="Test1658" computerName="UA-LPT-OGA2" duration="00:00:00.1390000" startTime="2025-05-14T13:20:31.3146610Z" endTime="2025-05-14T13:25:31.3147553Z" testType="13cdc9d9-ddb5-4fa4-a97d-d965ccfc6d4b" outcome="Passed" testListId="9ae86d14-9a5c-41b6-99a0-36f6b0367227" />
    <UnitTestResult executionId="7b78121e-4f84-4cc7-830d-6227c35c9336" testId="29d177d9-a472-473f-8e0d-a46da9ec4411" testName="Test1659" computerName="UA-LPT-OGA2" duration="00:00:01.6860000" startTime="2025-05-14T13:20:31.3146610Z" endTime="2025-05-14T13:25:31.3147553Z" testType="13cdc9d9-ddb5-4fa4-a97d-d965ccfc6d4b" outcome="Passed" testListId="9ae86d14-9a5c-41b6-99a0-36f6b0367227" />
    <UnitTestResult executionId="d912c8cb-26bf-497b-8708-be32d8db05fd" testId="7864885b-4f8d-45a0-b503-b4f4ec0b256d" testName="Test1660" computerName="UA-LPT-OGA2" duration="00:00:00.0760000" startTime="2025-05-14T13:20:31.3146610Z" endTime="2025-05-14T13:25:31.3147553Z" testType="13cdc9d9-ddb5-4fa4-a97d-d965ccfc6d4b" outcome="Passed" testListId="9ae86d14-9a5c-41b6-99a0-36f6b0367227" />
    <UnitTestResult executionId="9a933cb4-37b4-4a7a-a318-dce76f47665e" testId="4361f9eb-9fc1-48aa-b64f-a36cba73f600" testName="Test1661" computerName="UA-LPT-OGA2" duration="00:00:00.2200000" startTime="2025-05-14T13:20:31.3146610Z" endTime="2025-05-14T13:25:31.3147553Z" testType="13cdc9d9-ddb5-4fa4-a97d-d965ccfc6d4b" outcome="Passed" testListId="9ae86d14-9a5c-41b6-99a0-36f6b0367227" />
    <UnitTestResult executionId="8f54e1bd-fecf-432a-be54-061dbbe3af5a" testId="05bd727e-2b2f-402e-bc24-edf4c33adf86" testName="Test1662" computerName="UA-LPT-OGA2" duration="00:00:01.1020000" startTime="2025-05-14T13:20:31.3146610Z" endTime="2025-05-14T13:25:31.3147553Z" testType="13cdc9d9-ddb5-4fa4-a97d-d965ccfc6d4b" outcome="Passed" testListId="9ae86d14-9a5c-41b6-99a0-36f6b0367227" />
    <UnitTestResult executionId="a1cde4ac-4ad2-4653-a83b-73b9c71350cb" testId="5b4d22cb-5861-4d06-91a1-282f89d0bec8" testName="Test1663" computerName="UA-LPT-OGA2" duration="00:00:01.2920000" startTime="2025-05-14T13:20:31.3146610Z" endTime="2025-05-14T13:25:31.3147553Z" testType="13cdc9d9-ddb5-4fa4-a97d-d965ccfc6d4b" outcome="Passed" testListId="9ae86d14-9a5c-41b6-99a0-36f6b0367227" />
    <UnitTestResult executionId="406b575b-2519-4ee0-a4ac-716e1d06b2ed" testId="eaad4506-cf64-46b1-a3c3-90e3a972c6cd" testName="Test1664" computerName="UA-LPT-OGA2" duration="00:00:00.1410000" startTime="2025-05-14T13:20:31.3146610Z" endTime="2025-05-14T13:25:31.3147553Z" testType="13cdc9d9-ddb5-4fa4-a97d-d965ccfc6d4b" outcome="Passed" testListId="9ae86d14-9a5c-41b6-99a0-36f6b0367227" />
    <UnitTestResult executionId="abf79991-31f0-4d1b-973b-16a51a732e79" testId="d2e4f28e-b5c0-481d-91d9-d9cb5aaa5ded" testName="Test1665" computerName="UA-LPT-OGA2" duration="00:00:01.3650000" startTime="2025-05-14T13:20:31.3146610Z" endTime="2025-05-14T13:25:31.3147553Z" testType="13cdc9d9-ddb5-4fa4-a97d-d965ccfc6d4b" outcome="Passed" testListId="9ae86d14-9a5c-41b6-99a0-36f6b0367227" />
    <UnitTestResult executionId="38b9e79e-a02d-40fd-9497-61d1320c8ed1" testId="43d08510-ab68-44a6-ac20-22fccf8bea97" testName="Test1666" computerName="UA-LPT-OGA2" duration="00:00:00.7350000" startTime="2025-05-14T13:20:31.3146610Z" endTime="2025-05-14T13:25:31.3147553Z" testType="13cdc9d9-ddb5-4fa4-a97d-d965ccfc6d4b" outcome="Failed" testListId="9ae86d14-9a5c-41b6-99a0-36f6b0367227">
      <Output>
        <ErrorInfo>
          <Message>Assertion failed: Expected value did not match actual value.</Message>
          <StackTrace>   at TestNamespace.TestClass.Test() in TestClass.cs:line 417</StackTrace>
        </ErrorInfo>
      </Output>
    </UnitTestResult>
    <UnitTestResult executionId="782d3de2-9462-4d30-8eb5-67bc435263ba" testId="d4436857-a43f-4e7a-926b-1b11d4fb15e8" testName="Test1667" computerName="UA-LPT-OGA2" duration="00:00:01.8800000" startTime="2025-05-14T13:20:31.3146610Z" endTime="2025-05-14T13:25:31.3147553Z" testType="13cdc9d9-ddb5-4fa4-a97d-d965ccfc6d4b" outcome="Passed" testListId="9ae86d14-9a5c-41b6-99a0-36f6b0367227" />
    <UnitTestResult executionId="ca9cc974-1314-48b0-bdc4-e058486d9e9f" testId="d1e76230-f747-4453-bc4d-75138f8e5301" testName="Test1668" computerName="UA-LPT-OGA2" duration="00:00:00.4790000" startTime="2025-05-14T13:20:31.3146610Z" endTime="2025-05-14T13:25:31.3147553Z" testType="13cdc9d9-ddb5-4fa4-a97d-d965ccfc6d4b" outcome="Passed" testListId="9ae86d14-9a5c-41b6-99a0-36f6b0367227" />
    <UnitTestResult executionId="c9e1ca98-394e-493c-a1a8-389952df4a94" testId="2029f361-1200-4d57-b830-4009f1406054" testName="Test1669" computerName="UA-LPT-OGA2" duration="00:00:01.5380000" startTime="2025-05-14T13:20:31.3146610Z" endTime="2025-05-14T13:25:31.3147553Z" testType="13cdc9d9-ddb5-4fa4-a97d-d965ccfc6d4b" outcome="Failed" testListId="9ae86d14-9a5c-41b6-99a0-36f6b0367227">
      <Output>
        <ErrorInfo>
          <Message>Assertion failed: Expected value did not match actual value.</Message>
          <StackTrace>   at TestNamespace.TestClass.Test() in TestClass.cs:line 268</StackTrace>
        </ErrorInfo>
      </Output>
    </UnitTestResult>
    <UnitTestResult executionId="8bec2f14-3e69-4217-a901-8e1122b06dfb" testId="3c91ead8-3c53-4da5-b8bc-48f8b6e242aa" testName="Test1670" computerName="UA-LPT-OGA2" duration="00:00:00.5840000" startTime="2025-05-14T13:20:31.3146610Z" endTime="2025-05-14T13:25:31.3147553Z" testType="13cdc9d9-ddb5-4fa4-a97d-d965ccfc6d4b" outcome="Passed" testListId="9ae86d14-9a5c-41b6-99a0-36f6b0367227" />
    <UnitTestResult executionId="3ecb5f51-4a3d-4ac3-9369-da53d944e10d" testId="9c129fba-664d-44c7-a9a6-15472440055b" testName="Test1671" computerName="UA-LPT-OGA2" duration="00:00:00.3770000" startTime="2025-05-14T13:20:31.3146610Z" endTime="2025-05-14T13:25:31.3147553Z" testType="13cdc9d9-ddb5-4fa4-a97d-d965ccfc6d4b" outcome="Failed" testListId="9ae86d14-9a5c-41b6-99a0-36f6b0367227">
      <Output>
        <ErrorInfo>
          <Message>Assertion failed: Expected value did not match actual value.</Message>
          <StackTrace>   at TestNamespace.TestClass.Test() in TestClass.cs:line 84</StackTrace>
        </ErrorInfo>
      </Output>
    </UnitTestResult>
    <UnitTestResult executionId="80bd2da8-f5bd-4b29-9887-10dd6b41c67f" testId="f9a054fe-15bf-48d9-8921-6709032de9f7" testName="Test1672" computerName="UA-LPT-OGA2" duration="00:00:00.6290000" startTime="2025-05-14T13:20:31.3146610Z" endTime="2025-05-14T13:25:31.3147553Z" testType="13cdc9d9-ddb5-4fa4-a97d-d965ccfc6d4b" outcome="Passed" testListId="9ae86d14-9a5c-41b6-99a0-36f6b0367227" />
    <UnitTestResult executionId="1c5902f5-ade7-4690-92ff-595b1ae4725e" testId="db7b2ec7-016c-4186-8917-727ba38db56c" testName="Test1673" computerName="UA-LPT-OGA2" duration="00:00:00.0430000" startTime="2025-05-14T13:20:31.3146610Z" endTime="2025-05-14T13:25:31.3147553Z" testType="13cdc9d9-ddb5-4fa4-a97d-d965ccfc6d4b" outcome="Passed" testListId="9ae86d14-9a5c-41b6-99a0-36f6b0367227" />
    <UnitTestResult executionId="3b62bfec-faf7-46c8-9c79-a1422e2f6fcc" testId="8a73f707-4ff3-4cd4-bfb3-32343c880852" testName="Test1674" computerName="UA-LPT-OGA2" duration="00:00:00.5300000" startTime="2025-05-14T13:20:31.3146610Z" endTime="2025-05-14T13:25:31.3147553Z" testType="13cdc9d9-ddb5-4fa4-a97d-d965ccfc6d4b" outcome="Passed" testListId="9ae86d14-9a5c-41b6-99a0-36f6b0367227" />
    <UnitTestResult executionId="281d99be-d134-464f-b6fa-71fd1e769fb5" testId="dafcd971-67ca-41aa-afa7-d12250616b11" testName="Test1675" computerName="UA-LPT-OGA2" duration="00:00:00.1440000" startTime="2025-05-14T13:20:31.3146610Z" endTime="2025-05-14T13:25:31.3147553Z" testType="13cdc9d9-ddb5-4fa4-a97d-d965ccfc6d4b" outcome="Passed" testListId="9ae86d14-9a5c-41b6-99a0-36f6b0367227" />
    <UnitTestResult executionId="31d36f48-3e10-4fce-8178-360beac60920" testId="63793d91-803c-48c5-b3e4-f60c05237e4f" testName="Test1676" computerName="UA-LPT-OGA2" duration="00:00:00.3420000" startTime="2025-05-14T13:20:31.3146610Z" endTime="2025-05-14T13:25:31.3147553Z" testType="13cdc9d9-ddb5-4fa4-a97d-d965ccfc6d4b" outcome="Passed" testListId="9ae86d14-9a5c-41b6-99a0-36f6b0367227" />
    <UnitTestResult executionId="2381fca9-a277-4513-9b0c-8f56529099eb" testId="bcad5992-7ba3-4dc7-ba3d-e0ff1eea5d91" testName="Test1677" computerName="UA-LPT-OGA2" duration="00:00:01.3880000" startTime="2025-05-14T13:20:31.3146610Z" endTime="2025-05-14T13:25:31.3147553Z" testType="13cdc9d9-ddb5-4fa4-a97d-d965ccfc6d4b" outcome="Passed" testListId="9ae86d14-9a5c-41b6-99a0-36f6b0367227" />
    <UnitTestResult executionId="b020ef25-1717-4bc7-8964-6dcdcebcfed2" testId="0ff61718-151d-4c40-9490-5a8fc840ad58" testName="Test1678" computerName="UA-LPT-OGA2" duration="00:00:00.3690000" startTime="2025-05-14T13:20:31.3146610Z" endTime="2025-05-14T13:25:31.3147553Z" testType="13cdc9d9-ddb5-4fa4-a97d-d965ccfc6d4b" outcome="Passed" testListId="9ae86d14-9a5c-41b6-99a0-36f6b0367227" />
    <UnitTestResult executionId="162f7daf-58f9-4e93-b649-652e799a3538" testId="7d33607d-b552-4bee-a891-5875d2bd5947" testName="Test1679" computerName="UA-LPT-OGA2" duration="00:00:01.2890000" startTime="2025-05-14T13:20:31.3146610Z" endTime="2025-05-14T13:25:31.3147553Z" testType="13cdc9d9-ddb5-4fa4-a97d-d965ccfc6d4b" outcome="Passed" testListId="9ae86d14-9a5c-41b6-99a0-36f6b0367227" />
    <UnitTestResult executionId="6a2d9609-153e-45b9-a905-dd10c3a44f2e" testId="73e04b35-f783-4069-aee6-bb931c39f3a5" testName="Test1680" computerName="UA-LPT-OGA2" duration="00:00:01.7760000" startTime="2025-05-14T13:20:31.3146610Z" endTime="2025-05-14T13:25:31.3147553Z" testType="13cdc9d9-ddb5-4fa4-a97d-d965ccfc6d4b" outcome="Passed" testListId="9ae86d14-9a5c-41b6-99a0-36f6b0367227" />
    <UnitTestResult executionId="a5c05270-d0ca-4ee8-a289-0c23e475b576" testId="a6e141de-df93-4fbf-a2f0-87b93c94b094" testName="Test1681" computerName="UA-LPT-OGA2" duration="00:00:00.1950000" startTime="2025-05-14T13:20:31.3146610Z" endTime="2025-05-14T13:25:31.3147553Z" testType="13cdc9d9-ddb5-4fa4-a97d-d965ccfc6d4b" outcome="Failed" testListId="9ae86d14-9a5c-41b6-99a0-36f6b0367227">
      <Output>
        <ErrorInfo>
          <Message>Assertion failed: Expected value did not match actual value.</Message>
          <StackTrace>   at TestNamespace.TestClass.Test() in TestClass.cs:line 493</StackTrace>
        </ErrorInfo>
      </Output>
    </UnitTestResult>
    <UnitTestResult executionId="101f4bcb-63a6-4030-8040-334248a75e13" testId="0d6e34b2-ef8e-403d-9db9-39edf3ba49b3" testName="Test1682" computerName="UA-LPT-OGA2" duration="00:00:00.1180000" startTime="2025-05-14T13:20:31.3146610Z" endTime="2025-05-14T13:25:31.3147553Z" testType="13cdc9d9-ddb5-4fa4-a97d-d965ccfc6d4b" outcome="Passed" testListId="9ae86d14-9a5c-41b6-99a0-36f6b0367227" />
    <UnitTestResult executionId="75e6895e-d170-45f1-81ea-310e5faf0a9b" testId="6079edf3-893a-4d08-9032-847ff42f85da" testName="Test1683" computerName="UA-LPT-OGA2" duration="00:00:00.2350000" startTime="2025-05-14T13:20:31.3146610Z" endTime="2025-05-14T13:25:31.3147553Z" testType="13cdc9d9-ddb5-4fa4-a97d-d965ccfc6d4b" outcome="Passed" testListId="9ae86d14-9a5c-41b6-99a0-36f6b0367227" />
    <UnitTestResult executionId="5ad85bb3-aea8-4a93-b0ab-64ba96ddc18f" testId="455293b0-1892-422c-8823-441f6f77592e" testName="Test1684" computerName="UA-LPT-OGA2" duration="00:00:01.8720000" startTime="2025-05-14T13:20:31.3146610Z" endTime="2025-05-14T13:25:31.3147553Z" testType="13cdc9d9-ddb5-4fa4-a97d-d965ccfc6d4b" outcome="Passed" testListId="9ae86d14-9a5c-41b6-99a0-36f6b0367227" />
    <UnitTestResult executionId="7414b3d2-5ae4-4c9b-aabc-1bd91edc0ee6" testId="1a51bd10-0397-453c-aa62-2a9e1309a317" testName="Test1685" computerName="UA-LPT-OGA2" duration="00:00:00.2180000" startTime="2025-05-14T13:20:31.3146610Z" endTime="2025-05-14T13:25:31.3147553Z" testType="13cdc9d9-ddb5-4fa4-a97d-d965ccfc6d4b" outcome="Passed" testListId="9ae86d14-9a5c-41b6-99a0-36f6b0367227" />
    <UnitTestResult executionId="f376f95e-bec3-49d9-b079-c88fe5e4e333" testId="2a1458a0-6676-41f0-843c-a33147f4558a" testName="Test1686" computerName="UA-LPT-OGA2" duration="00:00:00.2380000" startTime="2025-05-14T13:20:31.3146610Z" endTime="2025-05-14T13:25:31.3147553Z" testType="13cdc9d9-ddb5-4fa4-a97d-d965ccfc6d4b" outcome="Passed" testListId="9ae86d14-9a5c-41b6-99a0-36f6b0367227" />
    <UnitTestResult executionId="55016d3c-76af-4290-b7bd-af599ac1e7eb" testId="7c89dd28-935c-4a70-b483-3c07ee905af4" testName="Test1687" computerName="UA-LPT-OGA2" duration="00:00:00.8970000" startTime="2025-05-14T13:20:31.3146610Z" endTime="2025-05-14T13:25:31.3147553Z" testType="13cdc9d9-ddb5-4fa4-a97d-d965ccfc6d4b" outcome="Passed" testListId="9ae86d14-9a5c-41b6-99a0-36f6b0367227" />
    <UnitTestResult executionId="f98270cc-a406-4b44-a157-f766c459b0fc" testId="a4dc9391-f25e-4944-8dae-cf78484b9145" testName="Test1688" computerName="UA-LPT-OGA2" duration="00:00:00.7800000" startTime="2025-05-14T13:20:31.3146610Z" endTime="2025-05-14T13:25:31.3147553Z" testType="13cdc9d9-ddb5-4fa4-a97d-d965ccfc6d4b" outcome="Passed" testListId="9ae86d14-9a5c-41b6-99a0-36f6b0367227" />
    <UnitTestResult executionId="43472ed1-6f03-46ea-9427-275fba0b9b86" testId="a877f9d0-1532-4eb1-8b07-134d86015dff" testName="Test1689" computerName="UA-LPT-OGA2" duration="00:00:01.2030000" startTime="2025-05-14T13:20:31.3146610Z" endTime="2025-05-14T13:25:31.3147553Z" testType="13cdc9d9-ddb5-4fa4-a97d-d965ccfc6d4b" outcome="Passed" testListId="9ae86d14-9a5c-41b6-99a0-36f6b0367227" />
    <UnitTestResult executionId="97ae9dfb-4646-40fa-a4f0-816029b75f3b" testId="dfa5991e-44bd-405e-a5cc-1566701f627d" testName="Test1690" computerName="UA-LPT-OGA2" duration="00:00:00.6400000" startTime="2025-05-14T13:20:31.3146610Z" endTime="2025-05-14T13:25:31.3147553Z" testType="13cdc9d9-ddb5-4fa4-a97d-d965ccfc6d4b" outcome="Passed" testListId="9ae86d14-9a5c-41b6-99a0-36f6b0367227" />
    <UnitTestResult executionId="d079d573-69b9-4072-a3bf-b8eadd89c316" testId="ef8df198-0621-4d80-992b-d2518987d525" testName="Test1691" computerName="UA-LPT-OGA2" duration="00:00:01.2350000" startTime="2025-05-14T13:20:31.3146610Z" endTime="2025-05-14T13:25:31.3147553Z" testType="13cdc9d9-ddb5-4fa4-a97d-d965ccfc6d4b" outcome="Passed" testListId="9ae86d14-9a5c-41b6-99a0-36f6b0367227" />
    <UnitTestResult executionId="04468bfd-e5c7-481f-b0cb-17e42cb8add6" testId="353321c4-ee05-46c8-a7ae-3b665433b337" testName="Test1692" computerName="UA-LPT-OGA2" duration="00:00:01.3240000" startTime="2025-05-14T13:20:31.3146610Z" endTime="2025-05-14T13:25:31.3147553Z" testType="13cdc9d9-ddb5-4fa4-a97d-d965ccfc6d4b" outcome="Passed" testListId="9ae86d14-9a5c-41b6-99a0-36f6b0367227" />
    <UnitTestResult executionId="200beeb9-4651-4924-9f23-59f63883a451" testId="c68e62d6-43fd-4630-ad6d-7e9f1bfd37ab" testName="Test1693" computerName="UA-LPT-OGA2" duration="00:00:01.5160000" startTime="2025-05-14T13:20:31.3146610Z" endTime="2025-05-14T13:25:31.3147553Z" testType="13cdc9d9-ddb5-4fa4-a97d-d965ccfc6d4b" outcome="Passed" testListId="9ae86d14-9a5c-41b6-99a0-36f6b0367227" />
    <UnitTestResult executionId="ecf8aa97-11c7-4142-8ceb-c918ebfa93f1" testId="9115a465-53a3-4b28-8cd4-460be7f47ffb" testName="Test1694" computerName="UA-LPT-OGA2" duration="00:00:01.1390000" startTime="2025-05-14T13:20:31.3146610Z" endTime="2025-05-14T13:25:31.3147553Z" testType="13cdc9d9-ddb5-4fa4-a97d-d965ccfc6d4b" outcome="Failed" testListId="9ae86d14-9a5c-41b6-99a0-36f6b0367227">
      <Output>
        <ErrorInfo>
          <Message>Assertion failed: Expected value did not match actual value.</Message>
          <StackTrace>   at TestNamespace.TestClass.Test() in TestClass.cs:line 448</StackTrace>
        </ErrorInfo>
      </Output>
    </UnitTestResult>
    <UnitTestResult executionId="a37976bf-5fb0-4c00-9c60-30ba2b6253bd" testId="b2466e3f-5626-4dd4-9692-70b14665f41f" testName="Test1695" computerName="UA-LPT-OGA2" duration="00:00:00.7970000" startTime="2025-05-14T13:20:31.3146610Z" endTime="2025-05-14T13:25:31.3147553Z" testType="13cdc9d9-ddb5-4fa4-a97d-d965ccfc6d4b" outcome="Passed" testListId="9ae86d14-9a5c-41b6-99a0-36f6b0367227" />
    <UnitTestResult executionId="a7155b75-2ec8-450f-a808-0843e242c109" testId="e2cf4905-6bce-428c-8fbb-166e983e0b64" testName="Test1696" computerName="UA-LPT-OGA2" duration="00:00:01.1030000" startTime="2025-05-14T13:20:31.3146610Z" endTime="2025-05-14T13:25:31.3147553Z" testType="13cdc9d9-ddb5-4fa4-a97d-d965ccfc6d4b" outcome="Failed" testListId="9ae86d14-9a5c-41b6-99a0-36f6b0367227">
      <Output>
        <ErrorInfo>
          <Message>Assertion failed: Expected value did not match actual value.</Message>
          <StackTrace>   at TestNamespace.TestClass.Test() in TestClass.cs:line 304</StackTrace>
        </ErrorInfo>
      </Output>
    </UnitTestResult>
    <UnitTestResult executionId="0f5b958f-a2d5-40dd-96b2-394ec555f765" testId="763d6160-16dc-4e38-a58c-fc99fc018bd3" testName="Test1697" computerName="UA-LPT-OGA2" duration="00:00:00.1160000" startTime="2025-05-14T13:20:31.3146610Z" endTime="2025-05-14T13:25:31.3147553Z" testType="13cdc9d9-ddb5-4fa4-a97d-d965ccfc6d4b" outcome="Passed" testListId="9ae86d14-9a5c-41b6-99a0-36f6b0367227" />
    <UnitTestResult executionId="7ba6f3e5-9945-4430-9993-b5ee283b160c" testId="8902cf26-c7ee-4f15-bd0e-e3f7e0350e54" testName="Test1698" computerName="UA-LPT-OGA2" duration="00:00:01.0550000" startTime="2025-05-14T13:20:31.3146610Z" endTime="2025-05-14T13:25:31.3147553Z" testType="13cdc9d9-ddb5-4fa4-a97d-d965ccfc6d4b" outcome="Passed" testListId="9ae86d14-9a5c-41b6-99a0-36f6b0367227" />
    <UnitTestResult executionId="5c13dccc-1d16-431d-8866-6eef5be0b6bb" testId="a30e685a-df9d-4a0b-af05-17cdea955057" testName="Test1699" computerName="UA-LPT-OGA2" duration="00:00:00.9380000" startTime="2025-05-14T13:20:31.3146610Z" endTime="2025-05-14T13:25:31.3147553Z" testType="13cdc9d9-ddb5-4fa4-a97d-d965ccfc6d4b" outcome="Passed" testListId="9ae86d14-9a5c-41b6-99a0-36f6b0367227" />
    <UnitTestResult executionId="5b4553dc-0d06-499a-86af-4f9961938004" testId="ce083ec3-0549-43b6-99ce-d9b60eb6fbc9" testName="Test1700" computerName="UA-LPT-OGA2" duration="00:00:01.5890000" startTime="2025-05-14T13:20:31.3146610Z" endTime="2025-05-14T13:25:31.3147553Z" testType="13cdc9d9-ddb5-4fa4-a97d-d965ccfc6d4b" outcome="Passed" testListId="9ae86d14-9a5c-41b6-99a0-36f6b0367227" />
  </Results>
  <TestDefinitions>
    <UnitTest name="Test1601" id="9d0d8d3c-c9ca-4479-a4f8-d590adea1803" storage="TestAssembly.dll">
      <Execution id="07039f37-6bf1-4c68-b9f4-784777460162" />
      <TestMethod codeBase="TestAssembly.dll" className="TestNamespace.TestClass1" name="Test1601" />
    </UnitTest>
    <UnitTest name="Test1602" id="8bd4bd5f-bd00-44ea-ba82-e1578ce25e76" storage="TestAssembly.dll">
      <Execution id="50fa8125-3b70-42e9-ba84-8e6db7120fff" />
      <TestMethod codeBase="TestAssembly.dll" className="TestNamespace.TestClass1" name="Test1602" />
    </UnitTest>
    <UnitTest name="Test1603" id="c27d941d-dbf2-4b19-bc75-a8b745c80a2e" storage="TestAssembly.dll">
      <Execution id="5972307a-2550-4a3e-8139-694b9901d1b5" />
      <TestMethod codeBase="TestAssembly.dll" className="TestNamespace.TestClass1" name="Test1603" />
    </UnitTest>
    <UnitTest name="Test1604" id="456123b6-89df-441c-a8fd-b37d84668954" storage="TestAssembly.dll">
      <Execution id="1fcc4ebe-df08-4966-baec-9f2323d6d733" />
      <TestMethod codeBase="TestAssembly.dll" className="TestNamespace.TestClass1" name="Test1604" />
    </UnitTest>
    <UnitTest name="Test1605" id="d9271ae3-d820-41bb-a8da-75df5b7b69fa" storage="TestAssembly.dll">
      <Execution id="46ad7f7f-dfd4-455c-a4ec-b8c5c017f072" />
      <TestMethod codeBase="TestAssembly.dll" className="TestNamespace.TestClass1" name="Test1605" />
    </UnitTest>
    <UnitTest name="Test1606" id="47dda927-cae5-4fa0-b2a2-b1e1dc1657d4" storage="TestAssembly.dll">
      <Execution id="ff69c219-227a-4235-9e77-d0e41d120bc9" />
      <TestMethod codeBase="TestAssembly.dll" className="TestNamespace.TestClass1" name="Test1606" />
    </UnitTest>
    <UnitTest name="Test1607" id="41491add-316f-4c1e-96e1-bb3310c12b21" storage="TestAssembly.dll">
      <Execution id="40ee5510-4ebc-4359-a357-b6b7baff9fcf" />
      <TestMethod codeBase="TestAssembly.dll" className="TestNamespace.TestClass1" name="Test1607" />
    </UnitTest>
    <UnitTest name="Test1608" id="a20820d1-b24e-4c12-aa02-a5f2fc958709" storage="TestAssembly.dll">
      <Execution id="885b119a-8e02-42d0-8e74-3efee004139b" />
      <TestMethod codeBase="TestAssembly.dll" className="TestNamespace.TestClass1" name="Test1608" />
    </UnitTest>
    <UnitTest name="Test1609" id="b30b901a-7ae8-43e7-9a41-5f4df651f9b9" storage="TestAssembly.dll">
      <Execution id="0c0b76b2-37ee-4366-a0cc-fd381fc714cf" />
      <TestMethod codeBase="TestAssembly.dll" className="TestNamespace.TestClass1" name="Test1609" />
    </UnitTest>
    <UnitTest name="Test1610" id="01dbed21-cd13-4ca1-a1db-cd6fc4674c4e" storage="TestAssembly.dll">
      <Execution id="6725f151-05bc-4f02-96a6-53eb312f46b2" />
      <TestMethod codeBase="TestAssembly.dll" className="TestNamespace.TestClass1" name="Test1610" />
    </UnitTest>
    <UnitTest name="Test1611" id="b284b588-4fe3-41f2-b46a-aba3ba1ba829" storage="TestAssembly.dll">
      <Execution id="6df41841-4bc7-4bc1-9a8a-d88def0bef7f" />
      <TestMethod codeBase="TestAssembly.dll" className="TestNamespace.TestClass2" name="Test1611" />
    </UnitTest>
    <UnitTest name="Test1612" id="3b843fd1-d168-4a07-bc8c-896b767c0530" storage="TestAssembly.dll">
      <Execution id="110d2b52-2c4e-4616-a763-c127061ee257" />
      <TestMethod codeBase="TestAssembly.dll" className="TestNamespace.TestClass2" name="Test1612" />
    </UnitTest>
    <UnitTest name="Test1613" id="54c9e44a-c940-4df0-811b-b5c902586f89" storage="TestAssembly.dll">
      <Execution id="1aea2536-4c02-4e85-a736-8ff1fc11ccff" />
      <TestMethod codeBase="TestAssembly.dll" className="TestNamespace.TestClass2" name="Test1613" />
    </UnitTest>
    <UnitTest name="Test1614" id="703b20a8-c1e5-4474-9747-bb157a54ef8f" storage="TestAssembly.dll">
      <Execution id="c0f5b899-66e1-428c-afa2-57856774c151" />
      <TestMethod codeBase="TestAssembly.dll" className="TestNamespace.TestClass2" name="Test1614" />
    </UnitTest>
    <UnitTest name="Test1615" id="42b368a2-f059-4ddb-b2ad-64850ecfd621" storage="TestAssembly.dll">
      <Execution id="c054729c-ef24-4700-961f-93906e9f3e6b" />
      <TestMethod codeBase="TestAssembly.dll" className="TestNamespace.TestClass2" name="Test1615" />
    </UnitTest>
    <UnitTest name="Test1616" id="c77fb910-651d-48b4-8ba9-38e3338cb04c" storage="TestAssembly.dll">
      <Execution id="2921b3f3-b13b-4a67-a98e-40556a4b94b1" />
      <TestMethod codeBase="TestAssembly.dll" className="TestNamespace.TestClass2" name="Test1616" />
    </UnitTest>
    <UnitTest name="Test1617" id="32fdbddf-b00a-47d2-90d9-6164a0c36d6e" storage="TestAssembly.dll">
      <Execution id="e9208628-55e7-4a52-8c67-e66f6cd0ee92" />
      <TestMethod codeBase="TestAssembly.dll" className="TestNamespace.TestClass2" name="Test1617" />
    </UnitTest>
    <UnitTest name="Test1618" id="7e3e59fd-c011-4436-a45d-f6805a0f8d41" storage="TestAssembly.dll">
      <Execution id="e92b1877-59d1-4f83-addd-09dc0c43e93a" />
      <TestMethod codeBase="TestAssembly.dll" className="TestNamespace.TestClass2" name="Test1618" />
    </UnitTest>
    <UnitTest name="Test1619" id="92981bc6-d475-43a9-8dab-c087e30567d3" storage="TestAssembly.dll">
      <Execution id="0c0ea44f-0e01-4ce2-a337-8b2ad3081207" />
      <TestMethod codeBase="TestAssembly.dll" className="TestNamespace.TestClass2" name="Test1619" />
    </UnitTest>
    <UnitTest name="Test1620" id="d1892678-7e73-449f-9cd1-18e566707959" storage="TestAssembly.dll">
      <Execution id="aaa22aa1-f3b8-469d-82c9-43f8865dce8f" />
      <TestMethod codeBase="TestAssembly.dll" className="TestNamespace.TestClass2" name="Test1620" />
    </UnitTest>
    <UnitTest name="Test1621" id="128fd478-7db2-4a8e-85e6-171db566c1ad" storage="TestAssembly.dll">
      <Execution id="fdf17fb9-5d8d-4de6-a67b-2cef3935f130" />
      <TestMethod codeBase="TestAssembly.dll" className="TestNamespace.TestClass3" name="Test1621" />
    </UnitTest>
    <UnitTest name="Test1622" id="a1382fba-5704-4b9c-82e6-21c2e0cb929b" storage="TestAssembly.dll">
      <Execution id="797263e0-0d71-4527-b497-25d6a00e01ff" />
      <TestMethod codeBase="TestAssembly.dll" className="TestNamespace.TestClass3" name="Test1622" />
    </UnitTest>
    <UnitTest name="Test1623" id="d7e4cf0d-f515-4c11-8530-856afc255cad" storage="TestAssembly.dll">
      <Execution id="3df5b5c6-f5f5-45a6-be2d-cdd5d2490c30" />
      <TestMethod codeBase="TestAssembly.dll" className="TestNamespace.TestClass3" name="Test1623" />
    </UnitTest>
    <UnitTest name="Test1624" id="ade54c5b-af34-45a7-a5e3-b632a0b818c3" storage="TestAssembly.dll">
      <Execution id="1bb74950-05fb-476c-9082-b34e7eff8971" />
      <TestMethod codeBase="TestAssembly.dll" className="TestNamespace.TestClass3" name="Test1624" />
    </UnitTest>
    <UnitTest name="Test1625" id="94ba7e31-d723-4643-b47a-35abe6ec58fd" storage="TestAssembly.dll">
      <Execution id="ea25f116-32f7-4d2c-8cf6-443b272310fc" />
      <TestMethod codeBase="TestAssembly.dll" className="TestNamespace.TestClass3" name="Test1625" />
    </UnitTest>
    <UnitTest name="Test1626" id="8c7e46bd-916d-4d9b-bdc6-43220d6ad345" storage="TestAssembly.dll">
      <Execution id="0ca0cc26-feeb-47e4-8664-d3d3c614c2cb" />
      <TestMethod codeBase="TestAssembly.dll" className="TestNamespace.TestClass3" name="Test1626" />
    </UnitTest>
    <UnitTest name="Test1627" id="85e92594-c423-49a2-a557-cc56c9d9c8b2" storage="TestAssembly.dll">
      <Execution id="a91d2f23-11ff-4a34-8efd-d0d5da19904c" />
      <TestMethod codeBase="TestAssembly.dll" className="TestNamespace.TestClass3" name="Test1627" />
    </UnitTest>
    <UnitTest name="Test1628" id="ee3ccd9a-e389-42ab-b695-80f1cf23b44d" storage="TestAssembly.dll">
      <Execution id="e4d0e7ae-cc34-4c8e-853a-392b00751f1d" />
      <TestMethod codeBase="TestAssembly.dll" className="TestNamespace.TestClass3" name="Test1628" />
    </UnitTest>
    <UnitTest name="Test1629" id="39127eee-62b8-4bd5-8b26-ccf9ecc73c4e" storage="TestAssembly.dll">
      <Execution id="77f01072-9e16-4a56-b42a-10335dc4f30d" />
      <TestMethod codeBase="TestAssembly.dll" className="TestNamespace.TestClass3" name="Test1629" />
    </UnitTest>
    <UnitTest name="Test1630" id="9124b20f-9327-4637-b628-a161df4d4b1d" storage="TestAssembly.dll">
      <Execution id="e28d283a-161c-4660-8080-6e4da1e4410f" />
      <TestMethod codeBase="TestAssembly.dll" className="TestNamespace.TestClass3" name="Test1630" />
    </UnitTest>
    <UnitTest name="Test1631" id="8815649c-ccbd-4b5a-936a-27d858ec20ed" storage="TestAssembly.dll">
      <Execution id="9e0a6123-3c1c-420e-96a9-00178c4fa75d" />
      <TestMethod codeBase="TestAssembly.dll" className="TestNamespace.TestClass4" name="Test1631" />
    </UnitTest>
    <UnitTest name="Test1632" id="64d4144c-cf5a-4e1d-83c8-6f3bdef7497c" storage="TestAssembly.dll">
      <Execution id="3d756be2-7556-4338-afac-55646105637b" />
      <TestMethod codeBase="TestAssembly.dll" className="TestNamespace.TestClass4" name="Test1632" />
    </UnitTest>
    <UnitTest name="Test1633" id="1b067dc6-10ef-4380-acde-035d1a8fc869" storage="TestAssembly.dll">
      <Execution id="ef699569-13d4-4063-b0d0-d86ac38f9785" />
      <TestMethod codeBase="TestAssembly.dll" className="TestNamespace.TestClass4" name="Test1633" />
    </UnitTest>
    <UnitTest name="Test1634" id="1b7f7884-dd52-4abf-b939-b793c91ecf62" storage="TestAssembly.dll">
      <Execution id="f630e059-6fff-4f5a-a342-d1603d9f8f4c" />
      <TestMethod codeBase="TestAssembly.dll" className="TestNamespace.TestClass4" name="Test1634" />
    </UnitTest>
    <UnitTest name="Test1635" id="b27c1017-6298-4854-8fc6-d2e33c9e43c0" storage="TestAssembly.dll">
      <Execution id="a15378eb-ba39-47b7-8073-c87a967462b6" />
      <TestMethod codeBase="TestAssembly.dll" className="TestNamespace.TestClass4" name="Test1635" />
    </UnitTest>
    <UnitTest name="Test1636" id="ab43b8bf-4719-4834-af2e-2ce20910c482" storage="TestAssembly.dll">
      <Execution id="296640fb-c9e8-45da-9628-6bbd8eabdd07" />
      <TestMethod codeBase="TestAssembly.dll" className="TestNamespace.TestClass4" name="Test1636" />
    </UnitTest>
    <UnitTest name="Test1637" id="286f807e-cf47-4e64-b20e-19e8d3cf2488" storage="TestAssembly.dll">
      <Execution id="94165727-4946-4c8d-ac50-143afdb3de90" />
      <TestMethod codeBase="TestAssembly.dll" className="TestNamespace.TestClass4" name="Test1637" />
    </UnitTest>
    <UnitTest name="Test1638" id="c584d359-6ce3-44d3-b3b5-902f152c0c75" storage="TestAssembly.dll">
      <Execution id="f02a1936-4b7c-4bfa-897b-5469567b3ec6" />
      <TestMethod codeBase="TestAssembly.dll" className="TestNamespace.TestClass4" name="Test1638" />
    </UnitTest>
    <UnitTest name="Test1639" id="3a1330bc-ebfb-46ed-aa0a-3be1fb575fab" storage="TestAssembly.dll">
      <Execution id="4c3e85f7-e965-43b8-b285-41799fc3756b" />
      <TestMethod codeBase="TestAssembly.dll" className="TestNamespace.TestClass4" name="Test1639" />
    </UnitTest>
    <UnitTest name="Test1640" id="f46a04a5-8885-40bc-a41c-6b0c3373799c" storage="TestAssembly.dll">
      <Execution id="2a03c552-ea59-4aa0-afb9-2adb47801909" />
      <TestMethod codeBase="TestAssembly.dll" className="TestNamespace.TestClass4" name="Test1640" />
    </UnitTest>
    <UnitTest name="Test1641" id="3a58670f-f4e2-4ba3-8b44-65e41239a2e1" storage="TestAssembly.dll">
      <Execution id="5d605e41-ece3-4637-952e-1c6f6bbf36c8" />
      <TestMethod codeBase="TestAssembly.dll" className="TestNamespace.TestClass5" name="Test1641" />
    </UnitTest>
    <UnitTest name="Test1642" id="ab1638d5-fcf2-4aaa-8c6d-e8a75e04e6b0" storage="TestAssembly.dll">
      <Execution id="ce703e53-6cba-431f-997a-517eadcde4a1" />
      <TestMethod codeBase="TestAssembly.dll" className="TestNamespace.TestClass5" name="Test1642" />
    </UnitTest>
    <UnitTest name="Test1643" id="44fa69ee-4c45-48b5-bd38-1a1aae39434d" storage="TestAssembly.dll">
      <Execution id="57dcce6a-2d0c-4f25-91eb-d5e4df813690" />
      <TestMethod codeBase="TestAssembly.dll" className="TestNamespace.TestClass5" name="Test1643" />
    </UnitTest>
    <UnitTest name="Test1644" id="eebed17c-bc92-416a-bdea-79fc243322b3" storage="TestAssembly.dll">
      <Execution id="069ff9ad-a104-4ad1-998a-0d8f8fdfea86" />
      <TestMethod codeBase="TestAssembly.dll" className="TestNamespace.TestClass5" name="Test1644" />
    </UnitTest>
    <UnitTest name="Test1645" id="1a63a1c8-d067-4d0a-acc4-28acb9a2aeb2" storage="TestAssembly.dll">
      <Execution id="b0c5ae04-37b3-4ba4-8bb2-33787cc46cde" />
      <TestMethod codeBase="TestAssembly.dll" className="TestNamespace.TestClass5" name="Test1645" />
    </UnitTest>
    <UnitTest name="Test1646" id="fcec8253-9afa-43ed-96a9-0f3dc6c3a16b" storage="TestAssembly.dll">
      <Execution id="4a2f4569-617c-402e-a9bc-d63814136145" />
      <TestMethod codeBase="TestAssembly.dll" className="TestNamespace.TestClass5" name="Test1646" />
    </UnitTest>
    <UnitTest name="Test1647" id="cb9a1fb7-58cf-4b37-a2fd-9a7fe039e684" storage="TestAssembly.dll">
      <Execution id="69bbe6e0-99c4-47c6-9644-d250ac81b704" />
      <TestMethod codeBase="TestAssembly.dll" className="TestNamespace.TestClass5" name="Test1647" />
    </UnitTest>
    <UnitTest name="Test1648" id="64010cd2-fc27-47a3-aac3-2f65b9b5ab34" storage="TestAssembly.dll">
      <Execution id="a64427a8-3817-4c8b-bb15-a55d693a9987" />
      <TestMethod codeBase="TestAssembly.dll" className="TestNamespace.TestClass5" name="Test1648" />
    </UnitTest>
    <UnitTest name="Test1649" id="1f6f49d1-41dd-4216-b99e-51c091bb4f26" storage="TestAssembly.dll">
      <Execution id="d046ec7d-b0e1-4fd7-be0a-5da644af52a1" />
      <TestMethod codeBase="TestAssembly.dll" className="TestNamespace.TestClass5" name="Test1649" />
    </UnitTest>
    <UnitTest name="Test1650" id="9534c490-ac2a-4ac6-abff-36cabe8d89bf" storage="TestAssembly.dll">
      <Execution id="c6d53da8-65c0-4e9d-b93d-ed8a3a6060b6" />
      <TestMethod codeBase="TestAssembly.dll" className="TestNamespace.TestClass5" name="Test1650" />
    </UnitTest>
    <UnitTest name="Test1651" id="21022610-12e9-4a0a-aace-b72d980f4fc8" storage="TestAssembly.dll">
      <Execution id="2bb60d31-d8b4-4972-aab3-543fbf7e6350" />
      <TestMethod codeBase="TestAssembly.dll" className="TestNamespace.TestClass6" name="Test1651" />
    </UnitTest>
    <UnitTest name="Test1652" id="1c8660dd-5033-48e1-8b8d-0355c36bbaf4" storage="TestAssembly.dll">
      <Execution id="fa7ad1b1-ecac-4701-bdbd-408f11cd7f3e" />
      <TestMethod codeBase="TestAssembly.dll" className="TestNamespace.TestClass6" name="Test1652" />
    </UnitTest>
    <UnitTest name="Test1653" id="4052d977-1777-415f-ae12-8dc5a738a78e" storage="TestAssembly.dll">
      <Execution id="1608fbfd-7ccd-4466-8651-3542d84e6d5c" />
      <TestMethod codeBase="TestAssembly.dll" className="TestNamespace.TestClass6" name="Test1653" />
    </UnitTest>
    <UnitTest name="Test1654" id="60c6befc-39ad-4169-b582-2f720ffb5c70" storage="TestAssembly.dll">
      <Execution id="5faf94cb-19b7-4f0e-a791-2ad6351070e2" />
      <TestMethod codeBase="TestAssembly.dll" className="TestNamespace.TestClass6" name="Test1654" />
    </UnitTest>
    <UnitTest name="Test1655" id="8fbe9a32-6d54-4607-addf-f324a1bbd7b8" storage="TestAssembly.dll">
      <Execution id="41ffbb9a-e7a7-4047-b2fc-99fd67857dee" />
      <TestMethod codeBase="TestAssembly.dll" className="TestNamespace.TestClass6" name="Test1655" />
    </UnitTest>
    <UnitTest name="Test1656" id="67396b57-8da3-476d-8535-411a0de69a3b" storage="TestAssembly.dll">
      <Execution id="8bc57dba-3685-4d4d-88f7-2dc4e03188dc" />
      <TestMethod codeBase="TestAssembly.dll" className="TestNamespace.TestClass6" name="Test1656" />
    </UnitTest>
    <UnitTest name="Test1657" id="88601de8-875d-4ca8-b49e-4cdd03b002b5" storage="TestAssembly.dll">
      <Execution id="b4f19763-240f-4cf5-a36b-4363abde41bc" />
      <TestMethod codeBase="TestAssembly.dll" className="TestNamespace.TestClass6" name="Test1657" />
    </UnitTest>
    <UnitTest name="Test1658" id="82d18e05-9fe4-4016-838b-f705cd39940a" storage="TestAssembly.dll">
      <Execution id="979ddda4-1b51-43e6-9ffd-13269629f5ea" />
      <TestMethod codeBase="TestAssembly.dll" className="TestNamespace.TestClass6" name="Test1658" />
    </UnitTest>
    <UnitTest name="Test1659" id="29d177d9-a472-473f-8e0d-a46da9ec4411" storage="TestAssembly.dll">
      <Execution id="7b78121e-4f84-4cc7-830d-6227c35c9336" />
      <TestMethod codeBase="TestAssembly.dll" className="TestNamespace.TestClass6" name="Test1659" />
    </UnitTest>
    <UnitTest name="Test1660" id="7864885b-4f8d-45a0-b503-b4f4ec0b256d" storage="TestAssembly.dll">
      <Execution id="d912c8cb-26bf-497b-8708-be32d8db05fd" />
      <TestMethod codeBase="TestAssembly.dll" className="TestNamespace.TestClass6" name="Test1660" />
    </UnitTest>
    <UnitTest name="Test1661" id="4361f9eb-9fc1-48aa-b64f-a36cba73f600" storage="TestAssembly.dll">
      <Execution id="9a933cb4-37b4-4a7a-a318-dce76f47665e" />
      <TestMethod codeBase="TestAssembly.dll" className="TestNamespace.TestClass7" name="Test1661" />
    </UnitTest>
    <UnitTest name="Test1662" id="05bd727e-2b2f-402e-bc24-edf4c33adf86" storage="TestAssembly.dll">
      <Execution id="8f54e1bd-fecf-432a-be54-061dbbe3af5a" />
      <TestMethod codeBase="TestAssembly.dll" className="TestNamespace.TestClass7" name="Test1662" />
    </UnitTest>
    <UnitTest name="Test1663" id="5b4d22cb-5861-4d06-91a1-282f89d0bec8" storage="TestAssembly.dll">
      <Execution id="a1cde4ac-4ad2-4653-a83b-73b9c71350cb" />
      <TestMethod codeBase="TestAssembly.dll" className="TestNamespace.TestClass7" name="Test1663" />
    </UnitTest>
    <UnitTest name="Test1664" id="eaad4506-cf64-46b1-a3c3-90e3a972c6cd" storage="TestAssembly.dll">
      <Execution id="406b575b-2519-4ee0-a4ac-716e1d06b2ed" />
      <TestMethod codeBase="TestAssembly.dll" className="TestNamespace.TestClass7" name="Test1664" />
    </UnitTest>
    <UnitTest name="Test1665" id="d2e4f28e-b5c0-481d-91d9-d9cb5aaa5ded" storage="TestAssembly.dll">
      <Execution id="abf79991-31f0-4d1b-973b-16a51a732e79" />
      <TestMethod codeBase="TestAssembly.dll" className="TestNamespace.TestClass7" name="Test1665" />
    </UnitTest>
    <UnitTest name="Test1666" id="43d08510-ab68-44a6-ac20-22fccf8bea97" storage="TestAssembly.dll">
      <Execution id="38b9e79e-a02d-40fd-9497-61d1320c8ed1" />
      <TestMethod codeBase="TestAssembly.dll" className="TestNamespace.TestClass7" name="Test1666" />
    </UnitTest>
    <UnitTest name="Test1667" id="d4436857-a43f-4e7a-926b-1b11d4fb15e8" storage="TestAssembly.dll">
      <Execution id="782d3de2-9462-4d30-8eb5-67bc435263ba" />
      <TestMethod codeBase="TestAssembly.dll" className="TestNamespace.TestClass7" name="Test1667" />
    </UnitTest>
    <UnitTest name="Test1668" id="d1e76230-f747-4453-bc4d-75138f8e5301" storage="TestAssembly.dll">
      <Execution id="ca9cc974-1314-48b0-bdc4-e058486d9e9f" />
      <TestMethod codeBase="TestAssembly.dll" className="TestNamespace.TestClass7" name="Test1668" />
    </UnitTest>
    <UnitTest name="Test1669" id="2029f361-1200-4d57-b830-4009f1406054" storage="TestAssembly.dll">
      <Execution id="c9e1ca98-394e-493c-a1a8-389952df4a94" />
      <TestMethod codeBase="TestAssembly.dll" className="TestNamespace.TestClass7" name="Test1669" />
    </UnitTest>
    <UnitTest name="Test1670" id="3c91ead8-3c53-4da5-b8bc-48f8b6e242aa" storage="TestAssembly.dll">
      <Execution id="8bec2f14-3e69-4217-a901-8e1122b06dfb" />
      <TestMethod codeBase="TestAssembly.dll" className="TestNamespace.TestClass7" name="Test1670" />
    </UnitTest>
    <UnitTest name="Test1671" id="9c129fba-664d-44c7-a9a6-15472440055b" storage="TestAssembly.dll">
      <Execution id="3ecb5f51-4a3d-4ac3-9369-da53d944e10d" />
      <TestMethod codeBase="TestAssembly.dll" className="TestNamespace.TestClass8" name="Test1671" />
    </UnitTest>
    <UnitTest name="Test1672" id="f9a054fe-15bf-48d9-8921-6709032de9f7" storage="TestAssembly.dll">
      <Execution id="80bd2da8-f5bd-4b29-9887-10dd6b41c67f" />
      <TestMethod codeBase="TestAssembly.dll" className="TestNamespace.TestClass8" name="Test1672" />
    </UnitTest>
    <UnitTest name="Test1673" id="db7b2ec7-016c-4186-8917-727ba38db56c" storage="TestAssembly.dll">
      <Execution id="1c5902f5-ade7-4690-92ff-595b1ae4725e" />
      <TestMethod codeBase="TestAssembly.dll" className="TestNamespace.TestClass8" name="Test1673" />
    </UnitTest>
    <UnitTest name="Test1674" id="8a73f707-4ff3-4cd4-bfb3-32343c880852" storage="TestAssembly.dll">
      <Execution id="3b62bfec-faf7-46c8-9c79-a1422e2f6fcc" />
      <TestMethod codeBase="TestAssembly.dll" className="TestNamespace.TestClass8" name="Test1674" />
    </UnitTest>
    <UnitTest name="Test1675" id="dafcd971-67ca-41aa-afa7-d12250616b11" storage="TestAssembly.dll">
      <Execution id="281d99be-d134-464f-b6fa-71fd1e769fb5" />
      <TestMethod codeBase="TestAssembly.dll" className="TestNamespace.TestClass8" name="Test1675" />
    </UnitTest>
    <UnitTest name="Test1676" id="63793d91-803c-48c5-b3e4-f60c05237e4f" storage="TestAssembly.dll">
      <Execution id="31d36f48-3e10-4fce-8178-360beac60920" />
      <TestMethod codeBase="TestAssembly.dll" className="TestNamespace.TestClass8" name="Test1676" />
    </UnitTest>
    <UnitTest name="Test1677" id="bcad5992-7ba3-4dc7-ba3d-e0ff1eea5d91" storage="TestAssembly.dll">
      <Execution id="2381fca9-a277-4513-9b0c-8f56529099eb" />
      <TestMethod codeBase="TestAssembly.dll" className="TestNamespace.TestClass8" name="Test1677" />
    </UnitTest>
    <UnitTest name="Test1678" id="0ff61718-151d-4c40-9490-5a8fc840ad58" storage="TestAssembly.dll">
      <Execution id="b020ef25-1717-4bc7-8964-6dcdcebcfed2" />
      <TestMethod codeBase="TestAssembly.dll" className="TestNamespace.TestClass8" name="Test1678" />
    </UnitTest>
    <UnitTest name="Test1679" id="7d33607d-b552-4bee-a891-5875d2bd5947" storage="TestAssembly.dll">
      <Execution id="162f7daf-58f9-4e93-b649-652e799a3538" />
      <TestMethod codeBase="TestAssembly.dll" className="TestNamespace.TestClass8" name="Test1679" />
    </UnitTest>
    <UnitTest name="Test1680" id="73e04b35-f783-4069-aee6-bb931c39f3a5" storage="TestAssembly.dll">
      <Execution id="6a2d9609-153e-45b9-a905-dd10c3a44f2e" />
      <TestMethod codeBase="TestAssembly.dll" className="TestNamespace.TestClass8" name="Test1680" />
    </UnitTest>
    <UnitTest name="Test1681" id="a6e141de-df93-4fbf-a2f0-87b93c94b094" storage="TestAssembly.dll">
      <Execution id="a5c05270-d0ca-4ee8-a289-0c23e475b576" />
      <TestMethod codeBase="TestAssembly.dll" className="TestNamespace.TestClass9" name="Test1681" />
    </UnitTest>
    <UnitTest name="Test1682" id="0d6e34b2-ef8e-403d-9db9-39edf3ba49b3" storage="TestAssembly.dll">
      <Execution id="101f4bcb-63a6-4030-8040-334248a75e13" />
      <TestMethod codeBase="TestAssembly.dll" className="TestNamespace.TestClass9" name="Test1682" />
    </UnitTest>
    <UnitTest name="Test1683" id="6079edf3-893a-4d08-9032-847ff42f85da" storage="TestAssembly.dll">
      <Execution id="75e6895e-d170-45f1-81ea-310e5faf0a9b" />
      <TestMethod codeBase="TestAssembly.dll" className="TestNamespace.TestClass9" name="Test1683" />
    </UnitTest>
    <UnitTest name="Test1684" id="455293b0-1892-422c-8823-441f6f77592e" storage="TestAssembly.dll">
      <Execution id="5ad85bb3-aea8-4a93-b0ab-64ba96ddc18f" />
      <TestMethod codeBase="TestAssembly.dll" className="TestNamespace.TestClass9" name="Test1684" />
    </UnitTest>
    <UnitTest name="Test1685" id="1a51bd10-0397-453c-aa62-2a9e1309a317" storage="TestAssembly.dll">
      <Execution id="7414b3d2-5ae4-4c9b-aabc-1bd91edc0ee6" />
      <TestMethod codeBase="TestAssembly.dll" className="TestNamespace.TestClass9" name="Test1685" />
    </UnitTest>
    <UnitTest name="Test1686" id="2a1458a0-6676-41f0-843c-a33147f4558a" storage="TestAssembly.dll">
      <Execution id="f376f95e-bec3-49d9-b079-c88fe5e4e333" />
      <TestMethod codeBase="TestAssembly.dll" className="TestNamespace.TestClass9" name="Test1686" />
    </UnitTest>
    <UnitTest name="Test1687" id="7c89dd28-935c-4a70-b483-3c07ee905af4" storage="TestAssembly.dll">
      <Execution id="55016d3c-76af-4290-b7bd-af599ac1e7eb" />
      <TestMethod codeBase="TestAssembly.dll" className="TestNamespace.TestClass9" name="Test1687" />
    </UnitTest>
    <UnitTest name="Test1688" id="a4dc9391-f25e-4944-8dae-cf78484b9145" storage="TestAssembly.dll">
      <Execution id="f98270cc-a406-4b44-a157-f766c459b0fc" />
      <TestMethod codeBase="TestAssembly.dll" className="TestNamespace.TestClass9" name="Test1688" />
    </UnitTest>
    <UnitTest name="Test1689" id="a877f9d0-1532-4eb1-8b07-134d86015dff" storage="TestAssembly.dll">
      <Execution id="43472ed1-6f03-46ea-9427-275fba0b9b86" />
      <TestMethod codeBase="TestAssembly.dll" className="TestNamespace.TestClass9" name="Test1689" />
    </UnitTest>
    <UnitTest name="Test1690" id="dfa5991e-44bd-405e-a5cc-1566701f627d" storage="TestAssembly.dll">
      <Execution id="97ae9dfb-4646-40fa-a4f0-816029b75f3b" />
      <TestMethod codeBase="TestAssembly.dll" className="TestNamespace.TestClass9" name="Test1690" />
    </UnitTest>
    <UnitTest name="Test1691" id="ef8df198-0621-4d80-992b-d2518987d525" storage="TestAssembly.dll">
      <Execution id="d079d573-69b9-4072-a3bf-b8eadd89c316" />
      <TestMethod codeBase="TestAssembly.dll" className="TestNamespace.TestClass10" name="Test1691" />
    </UnitTest>
    <UnitTest name="Test1692" id="353321c4-ee05-46c8-a7ae-3b665433b337" storage="TestAssembly.dll">
      <Execution id="04468bfd-e5c7-481f-b0cb-17e42cb8add6" />
      <TestMethod codeBase="TestAssembly.dll" className="TestNamespace.TestClass10" name="Test1692" />
    </UnitTest>
    <UnitTest name="Test1693" id="c68e62d6-43fd-4630-ad6d-7e9f1bfd37ab" storage="TestAssembly.dll">
      <Execution id="200beeb9-4651-4924-9f23-59f63883a451" />
      <TestMethod codeBase="TestAssembly.dll" className="TestNamespace.TestClass10" name="Test1693" />
    </UnitTest>
    <UnitTest name="Test1694" id="9115a465-53a3-4b28-8cd4-460be7f47ffb" storage="TestAssembly.dll">
      <Execution id="ecf8aa97-11c7-4142-8ceb-c918ebfa93f1" />
      <TestMethod codeBase="TestAssembly.dll" className="TestNamespace.TestClass10" name="Test1694" />
    </UnitTest>
    <UnitTest name="Test1695" id="b2466e3f-5626-4dd4-9692-70b14665f41f" storage="TestAssembly.dll">
      <Execution id="a37976bf-5fb0-4c00-9c60-30ba2b6253bd" />
      <TestMethod codeBase="TestAssembly.dll" className="TestNamespace.TestClass10" name="Test1695" />
    </UnitTest>
    <UnitTest name="Test1696" id="e2cf4905-6bce-428c-8fbb-166e983e0b64" storage="TestAssembly.dll">
      <Execution id="a7155b75-2ec8-450f-a808-0843e242c109" />
      <TestMethod codeBase="TestAssembly.dll" className="TestNamespace.TestClass10" name="Test1696" />
    </UnitTest>
    <UnitTest name="Test1697" id="763d6160-16dc-4e38-a58c-fc99fc018bd3" storage="TestAssembly.dll">
      <Execution id="0f5b958f-a2d5-40dd-96b2-394ec555f765" />
      <TestMethod codeBase="TestAssembly.dll" className="TestNamespace.TestClass10" name="Test1697" />
    </UnitTest>
    <UnitTest name="Test1698" id="8902cf26-c7ee-4f15-bd0e-e3f7e0350e54" storage="TestAssembly.dll">
      <Execution id="7ba6f3e5-9945-4430-9993-b5ee283b160c" />
      <TestMethod codeBase="TestAssembly.dll" className="TestNamespace.TestClass10" name="Test1698" />
    </UnitTest>
    <UnitTest name="Test1699" id="a30e685a-df9d-4a0b-af05-17cdea955057" storage="TestAssembly.dll">
      <Execution id="5c13dccc-1d16-431d-8866-6eef5be0b6bb" />
      <TestMethod codeBase="TestAssembly.dll" className="TestNamespace.TestClass10" name="Test1699" />
    </UnitTest>
    <UnitTest name="Test1700" id="ce083ec3-0549-43b6-99ce-d9b60eb6fbc9" storage="TestAssembly.dll">
      <Execution id="5b4553dc-0d06-499a-86af-4f9961938004" />
      <TestMethod codeBase="TestAssembly.dll" className="TestNamespace.TestClass10" name="Test1700" />
    </UnitTest>
  </TestDefinitions>
  <TestEntries>
    <TestEntry testId="9d0d8d3c-c9ca-4479-a4f8-d590adea1803" executionId="07039f37-6bf1-4c68-b9f4-784777460162" testListId="9ae86d14-9a5c-41b6-99a0-36f6b0367227" />
    <TestEntry testId="8bd4bd5f-bd00-44ea-ba82-e1578ce25e76" executionId="50fa8125-3b70-42e9-ba84-8e6db7120fff" testListId="9ae86d14-9a5c-41b6-99a0-36f6b0367227" />
    <TestEntry testId="c27d941d-dbf2-4b19-bc75-a8b745c80a2e" executionId="5972307a-2550-4a3e-8139-694b9901d1b5" testListId="9ae86d14-9a5c-41b6-99a0-36f6b0367227" />
    <TestEntry testId="456123b6-89df-441c-a8fd-b37d84668954" executionId="1fcc4ebe-df08-4966-baec-9f2323d6d733" testListId="9ae86d14-9a5c-41b6-99a0-36f6b0367227" />
    <TestEntry testId="d9271ae3-d820-41bb-a8da-75df5b7b69fa" executionId="46ad7f7f-dfd4-455c-a4ec-b8c5c017f072" testListId="9ae86d14-9a5c-41b6-99a0-36f6b0367227" />
    <TestEntry testId="47dda927-cae5-4fa0-b2a2-b1e1dc1657d4" executionId="ff69c219-227a-4235-9e77-d0e41d120bc9" testListId="9ae86d14-9a5c-41b6-99a0-36f6b0367227" />
    <TestEntry testId="41491add-316f-4c1e-96e1-bb3310c12b21" executionId="40ee5510-4ebc-4359-a357-b6b7baff9fcf" testListId="9ae86d14-9a5c-41b6-99a0-36f6b0367227" />
    <TestEntry testId="a20820d1-b24e-4c12-aa02-a5f2fc958709" executionId="885b119a-8e02-42d0-8e74-3efee004139b" testListId="9ae86d14-9a5c-41b6-99a0-36f6b0367227" />
    <TestEntry testId="b30b901a-7ae8-43e7-9a41-5f4df651f9b9" executionId="0c0b76b2-37ee-4366-a0cc-fd381fc714cf" testListId="9ae86d14-9a5c-41b6-99a0-36f6b0367227" />
    <TestEntry testId="01dbed21-cd13-4ca1-a1db-cd6fc4674c4e" executionId="6725f151-05bc-4f02-96a6-53eb312f46b2" testListId="9ae86d14-9a5c-41b6-99a0-36f6b0367227" />
    <TestEntry testId="b284b588-4fe3-41f2-b46a-aba3ba1ba829" executionId="6df41841-4bc7-4bc1-9a8a-d88def0bef7f" testListId="9ae86d14-9a5c-41b6-99a0-36f6b0367227" />
    <TestEntry testId="3b843fd1-d168-4a07-bc8c-896b767c0530" executionId="110d2b52-2c4e-4616-a763-c127061ee257" testListId="9ae86d14-9a5c-41b6-99a0-36f6b0367227" />
    <TestEntry testId="54c9e44a-c940-4df0-811b-b5c902586f89" executionId="1aea2536-4c02-4e85-a736-8ff1fc11ccff" testListId="9ae86d14-9a5c-41b6-99a0-36f6b0367227" />
    <TestEntry testId="703b20a8-c1e5-4474-9747-bb157a54ef8f" executionId="c0f5b899-66e1-428c-afa2-57856774c151" testListId="9ae86d14-9a5c-41b6-99a0-36f6b0367227" />
    <TestEntry testId="42b368a2-f059-4ddb-b2ad-64850ecfd621" executionId="c054729c-ef24-4700-961f-93906e9f3e6b" testListId="9ae86d14-9a5c-41b6-99a0-36f6b0367227" />
    <TestEntry testId="c77fb910-651d-48b4-8ba9-38e3338cb04c" executionId="2921b3f3-b13b-4a67-a98e-40556a4b94b1" testListId="9ae86d14-9a5c-41b6-99a0-36f6b0367227" />
    <TestEntry testId="32fdbddf-b00a-47d2-90d9-6164a0c36d6e" executionId="e9208628-55e7-4a52-8c67-e66f6cd0ee92" testListId="9ae86d14-9a5c-41b6-99a0-36f6b0367227" />
    <TestEntry testId="7e3e59fd-c011-4436-a45d-f6805a0f8d41" executionId="e92b1877-59d1-4f83-addd-09dc0c43e93a" testListId="9ae86d14-9a5c-41b6-99a0-36f6b0367227" />
    <TestEntry testId="92981bc6-d475-43a9-8dab-c087e30567d3" executionId="0c0ea44f-0e01-4ce2-a337-8b2ad3081207" testListId="9ae86d14-9a5c-41b6-99a0-36f6b0367227" />
    <TestEntry testId="d1892678-7e73-449f-9cd1-18e566707959" executionId="aaa22aa1-f3b8-469d-82c9-43f8865dce8f" testListId="9ae86d14-9a5c-41b6-99a0-36f6b0367227" />
    <TestEntry testId="128fd478-7db2-4a8e-85e6-171db566c1ad" executionId="fdf17fb9-5d8d-4de6-a67b-2cef3935f130" testListId="9ae86d14-9a5c-41b6-99a0-36f6b0367227" />
    <TestEntry testId="a1382fba-5704-4b9c-82e6-21c2e0cb929b" executionId="797263e0-0d71-4527-b497-25d6a00e01ff" testListId="9ae86d14-9a5c-41b6-99a0-36f6b0367227" />
    <TestEntry testId="d7e4cf0d-f515-4c11-8530-856afc255cad" executionId="3df5b5c6-f5f5-45a6-be2d-cdd5d2490c30" testListId="9ae86d14-9a5c-41b6-99a0-36f6b0367227" />
    <TestEntry testId="ade54c5b-af34-45a7-a5e3-b632a0b818c3" executionId="1bb74950-05fb-476c-9082-b34e7eff8971" testListId="9ae86d14-9a5c-41b6-99a0-36f6b0367227" />
    <TestEntry testId="94ba7e31-d723-4643-b47a-35abe6ec58fd" executionId="ea25f116-32f7-4d2c-8cf6-443b272310fc" testListId="9ae86d14-9a5c-41b6-99a0-36f6b0367227" />
    <TestEntry testId="8c7e46bd-916d-4d9b-bdc6-43220d6ad345" executionId="0ca0cc26-feeb-47e4-8664-d3d3c614c2cb" testListId="9ae86d14-9a5c-41b6-99a0-36f6b0367227" />
    <TestEntry testId="85e92594-c423-49a2-a557-cc56c9d9c8b2" executionId="a91d2f23-11ff-4a34-8efd-d0d5da19904c" testListId="9ae86d14-9a5c-41b6-99a0-36f6b0367227" />
    <TestEntry testId="ee3ccd9a-e389-42ab-b695-80f1cf23b44d" executionId="e4d0e7ae-cc34-4c8e-853a-392b00751f1d" testListId="9ae86d14-9a5c-41b6-99a0-36f6b0367227" />
    <TestEntry testId="39127eee-62b8-4bd5-8b26-ccf9ecc73c4e" executionId="77f01072-9e16-4a56-b42a-10335dc4f30d" testListId="9ae86d14-9a5c-41b6-99a0-36f6b0367227" />
    <TestEntry testId="9124b20f-9327-4637-b628-a161df4d4b1d" executionId="e28d283a-161c-4660-8080-6e4da1e4410f" testListId="9ae86d14-9a5c-41b6-99a0-36f6b0367227" />
    <TestEntry testId="8815649c-ccbd-4b5a-936a-27d858ec20ed" executionId="9e0a6123-3c1c-420e-96a9-00178c4fa75d" testListId="9ae86d14-9a5c-41b6-99a0-36f6b0367227" />
    <TestEntry testId="64d4144c-cf5a-4e1d-83c8-6f3bdef7497c" executionId="3d756be2-7556-4338-afac-55646105637b" testListId="9ae86d14-9a5c-41b6-99a0-36f6b0367227" />
    <TestEntry testId="1b067dc6-10ef-4380-acde-035d1a8fc869" executionId="ef699569-13d4-4063-b0d0-d86ac38f9785" testListId="9ae86d14-9a5c-41b6-99a0-36f6b0367227" />
    <TestEntry testId="1b7f7884-dd52-4abf-b939-b793c91ecf62" executionId="f630e059-6fff-4f5a-a342-d1603d9f8f4c" testListId="9ae86d14-9a5c-41b6-99a0-36f6b0367227" />
    <TestEntry testId="b27c1017-6298-4854-8fc6-d2e33c9e43c0" executionId="a15378eb-ba39-47b7-8073-c87a967462b6" testListId="9ae86d14-9a5c-41b6-99a0-36f6b0367227" />
    <TestEntry testId="ab43b8bf-4719-4834-af2e-2ce20910c482" executionId="296640fb-c9e8-45da-9628-6bbd8eabdd07" testListId="9ae86d14-9a5c-41b6-99a0-36f6b0367227" />
    <TestEntry testId="286f807e-cf47-4e64-b20e-19e8d3cf2488" executionId="94165727-4946-4c8d-ac50-143afdb3de90" testListId="9ae86d14-9a5c-41b6-99a0-36f6b0367227" />
    <TestEntry testId="c584d359-6ce3-44d3-b3b5-902f152c0c75" executionId="f02a1936-4b7c-4bfa-897b-5469567b3ec6" testListId="9ae86d14-9a5c-41b6-99a0-36f6b0367227" />
    <TestEntry testId="3a1330bc-ebfb-46ed-aa0a-3be1fb575fab" executionId="4c3e85f7-e965-43b8-b285-41799fc3756b" testListId="9ae86d14-9a5c-41b6-99a0-36f6b0367227" />
    <TestEntry testId="f46a04a5-8885-40bc-a41c-6b0c3373799c" executionId="2a03c552-ea59-4aa0-afb9-2adb47801909" testListId="9ae86d14-9a5c-41b6-99a0-36f6b0367227" />
    <TestEntry testId="3a58670f-f4e2-4ba3-8b44-65e41239a2e1" executionId="5d605e41-ece3-4637-952e-1c6f6bbf36c8" testListId="9ae86d14-9a5c-41b6-99a0-36f6b0367227" />
    <TestEntry testId="ab1638d5-fcf2-4aaa-8c6d-e8a75e04e6b0" executionId="ce703e53-6cba-431f-997a-517eadcde4a1" testListId="9ae86d14-9a5c-41b6-99a0-36f6b0367227" />
    <TestEntry testId="44fa69ee-4c45-48b5-bd38-1a1aae39434d" executionId="57dcce6a-2d0c-4f25-91eb-d5e4df813690" testListId="9ae86d14-9a5c-41b6-99a0-36f6b0367227" />
    <TestEntry testId="eebed17c-bc92-416a-bdea-79fc243322b3" executionId="069ff9ad-a104-4ad1-998a-0d8f8fdfea86" testListId="9ae86d14-9a5c-41b6-99a0-36f6b0367227" />
    <TestEntry testId="1a63a1c8-d067-4d0a-acc4-28acb9a2aeb2" executionId="b0c5ae04-37b3-4ba4-8bb2-33787cc46cde" testListId="9ae86d14-9a5c-41b6-99a0-36f6b0367227" />
    <TestEntry testId="fcec8253-9afa-43ed-96a9-0f3dc6c3a16b" executionId="4a2f4569-617c-402e-a9bc-d63814136145" testListId="9ae86d14-9a5c-41b6-99a0-36f6b0367227" />
    <TestEntry testId="cb9a1fb7-58cf-4b37-a2fd-9a7fe039e684" executionId="69bbe6e0-99c4-47c6-9644-d250ac81b704" testListId="9ae86d14-9a5c-41b6-99a0-36f6b0367227" />
    <TestEntry testId="64010cd2-fc27-47a3-aac3-2f65b9b5ab34" executionId="a64427a8-3817-4c8b-bb15-a55d693a9987" testListId="9ae86d14-9a5c-41b6-99a0-36f6b0367227" />
    <TestEntry testId="1f6f49d1-41dd-4216-b99e-51c091bb4f26" executionId="d046ec7d-b0e1-4fd7-be0a-5da644af52a1" testListId="9ae86d14-9a5c-41b6-99a0-36f6b0367227" />
    <TestEntry testId="9534c490-ac2a-4ac6-abff-36cabe8d89bf" executionId="c6d53da8-65c0-4e9d-b93d-ed8a3a6060b6" testListId="9ae86d14-9a5c-41b6-99a0-36f6b0367227" />
    <TestEntry testId="21022610-12e9-4a0a-aace-b72d980f4fc8" executionId="2bb60d31-d8b4-4972-aab3-543fbf7e6350" testListId="9ae86d14-9a5c-41b6-99a0-36f6b0367227" />
    <TestEntry testId="1c8660dd-5033-48e1-8b8d-0355c36bbaf4" executionId="fa7ad1b1-ecac-4701-bdbd-408f11cd7f3e" testListId="9ae86d14-9a5c-41b6-99a0-36f6b0367227" />
    <TestEntry testId="4052d977-1777-415f-ae12-8dc5a738a78e" executionId="1608fbfd-7ccd-4466-8651-3542d84e6d5c" testListId="9ae86d14-9a5c-41b6-99a0-36f6b0367227" />
    <TestEntry testId="60c6befc-39ad-4169-b582-2f720ffb5c70" executionId="5faf94cb-19b7-4f0e-a791-2ad6351070e2" testListId="9ae86d14-9a5c-41b6-99a0-36f6b0367227" />
    <TestEntry testId="8fbe9a32-6d54-4607-addf-f324a1bbd7b8" executionId="41ffbb9a-e7a7-4047-b2fc-99fd67857dee" testListId="9ae86d14-9a5c-41b6-99a0-36f6b0367227" />
    <TestEntry testId="67396b57-8da3-476d-8535-411a0de69a3b" executionId="8bc57dba-3685-4d4d-88f7-2dc4e03188dc" testListId="9ae86d14-9a5c-41b6-99a0-36f6b0367227" />
    <TestEntry testId="88601de8-875d-4ca8-b49e-4cdd03b002b5" executionId="b4f19763-240f-4cf5-a36b-4363abde41bc" testListId="9ae86d14-9a5c-41b6-99a0-36f6b0367227" />
    <TestEntry testId="82d18e05-9fe4-4016-838b-f705cd39940a" executionId="979ddda4-1b51-43e6-9ffd-13269629f5ea" testListId="9ae86d14-9a5c-41b6-99a0-36f6b0367227" />
    <TestEntry testId="29d177d9-a472-473f-8e0d-a46da9ec4411" executionId="7b78121e-4f84-4cc7-830d-6227c35c9336" testListId="9ae86d14-9a5c-41b6-99a0-36f6b0367227" />
    <TestEntry testId="7864885b-4f8d-45a0-b503-b4f4ec0b256d" executionId="d912c8cb-26bf-497b-8708-be32d8db05fd" testListId="9ae86d14-9a5c-41b6-99a0-36f6b0367227" />
    <TestEntry testId="4361f9eb-9fc1-48aa-b64f-a36cba73f600" executionId="9a933cb4-37b4-4a7a-a318-dce76f47665e" testListId="9ae86d14-9a5c-41b6-99a0-36f6b0367227" />
    <TestEntry testId="05bd727e-2b2f-402e-bc24-edf4c33adf86" executionId="8f54e1bd-fecf-432a-be54-061dbbe3af5a" testListId="9ae86d14-9a5c-41b6-99a0-36f6b0367227" />
    <TestEntry testId="5b4d22cb-5861-4d06-91a1-282f89d0bec8" executionId="a1cde4ac-4ad2-4653-a83b-73b9c71350cb" testListId="9ae86d14-9a5c-41b6-99a0-36f6b0367227" />
    <TestEntry testId="eaad4506-cf64-46b1-a3c3-90e3a972c6cd" executionId="406b575b-2519-4ee0-a4ac-716e1d06b2ed" testListId="9ae86d14-9a5c-41b6-99a0-36f6b0367227" />
    <TestEntry testId="d2e4f28e-b5c0-481d-91d9-d9cb5aaa5ded" executionId="abf79991-31f0-4d1b-973b-16a51a732e79" testListId="9ae86d14-9a5c-41b6-99a0-36f6b0367227" />
    <TestEntry testId="43d08510-ab68-44a6-ac20-22fccf8bea97" executionId="38b9e79e-a02d-40fd-9497-61d1320c8ed1" testListId="9ae86d14-9a5c-41b6-99a0-36f6b0367227" />
    <TestEntry testId="d4436857-a43f-4e7a-926b-1b11d4fb15e8" executionId="782d3de2-9462-4d30-8eb5-67bc435263ba" testListId="9ae86d14-9a5c-41b6-99a0-36f6b0367227" />
    <TestEntry testId="d1e76230-f747-4453-bc4d-75138f8e5301" executionId="ca9cc974-1314-48b0-bdc4-e058486d9e9f" testListId="9ae86d14-9a5c-41b6-99a0-36f6b0367227" />
    <TestEntry testId="2029f361-1200-4d57-b830-4009f1406054" executionId="c9e1ca98-394e-493c-a1a8-389952df4a94" testListId="9ae86d14-9a5c-41b6-99a0-36f6b0367227" />
    <TestEntry testId="3c91ead8-3c53-4da5-b8bc-48f8b6e242aa" executionId="8bec2f14-3e69-4217-a901-8e1122b06dfb" testListId="9ae86d14-9a5c-41b6-99a0-36f6b0367227" />
    <TestEntry testId="9c129fba-664d-44c7-a9a6-15472440055b" executionId="3ecb5f51-4a3d-4ac3-9369-da53d944e10d" testListId="9ae86d14-9a5c-41b6-99a0-36f6b0367227" />
    <TestEntry testId="f9a054fe-15bf-48d9-8921-6709032de9f7" executionId="80bd2da8-f5bd-4b29-9887-10dd6b41c67f" testListId="9ae86d14-9a5c-41b6-99a0-36f6b0367227" />
    <TestEntry testId="db7b2ec7-016c-4186-8917-727ba38db56c" executionId="1c5902f5-ade7-4690-92ff-595b1ae4725e" testListId="9ae86d14-9a5c-41b6-99a0-36f6b0367227" />
    <TestEntry testId="8a73f707-4ff3-4cd4-bfb3-32343c880852" executionId="3b62bfec-faf7-46c8-9c79-a1422e2f6fcc" testListId="9ae86d14-9a5c-41b6-99a0-36f6b0367227" />
    <TestEntry testId="dafcd971-67ca-41aa-afa7-d12250616b11" executionId="281d99be-d134-464f-b6fa-71fd1e769fb5" testListId="9ae86d14-9a5c-41b6-99a0-36f6b0367227" />
    <TestEntry testId="63793d91-803c-48c5-b3e4-f60c05237e4f" executionId="31d36f48-3e10-4fce-8178-360beac60920" testListId="9ae86d14-9a5c-41b6-99a0-36f6b0367227" />
    <TestEntry testId="bcad5992-7ba3-4dc7-ba3d-e0ff1eea5d91" executionId="2381fca9-a277-4513-9b0c-8f56529099eb" testListId="9ae86d14-9a5c-41b6-99a0-36f6b0367227" />
    <TestEntry testId="0ff61718-151d-4c40-9490-5a8fc840ad58" executionId="b020ef25-1717-4bc7-8964-6dcdcebcfed2" testListId="9ae86d14-9a5c-41b6-99a0-36f6b0367227" />
    <TestEntry testId="7d33607d-b552-4bee-a891-5875d2bd5947" executionId="162f7daf-58f9-4e93-b649-652e799a3538" testListId="9ae86d14-9a5c-41b6-99a0-36f6b0367227" />
    <TestEntry testId="73e04b35-f783-4069-aee6-bb931c39f3a5" executionId="6a2d9609-153e-45b9-a905-dd10c3a44f2e" testListId="9ae86d14-9a5c-41b6-99a0-36f6b0367227" />
    <TestEntry testId="a6e141de-df93-4fbf-a2f0-87b93c94b094" executionId="a5c05270-d0ca-4ee8-a289-0c23e475b576" testListId="9ae86d14-9a5c-41b6-99a0-36f6b0367227" />
    <TestEntry testId="0d6e34b2-ef8e-403d-9db9-39edf3ba49b3" executionId="101f4bcb-63a6-4030-8040-334248a75e13" testListId="9ae86d14-9a5c-41b6-99a0-36f6b0367227" />
    <TestEntry testId="6079edf3-893a-4d08-9032-847ff42f85da" executionId="75e6895e-d170-45f1-81ea-310e5faf0a9b" testListId="9ae86d14-9a5c-41b6-99a0-36f6b0367227" />
    <TestEntry testId="455293b0-1892-422c-8823-441f6f77592e" executionId="5ad85bb3-aea8-4a93-b0ab-64ba96ddc18f" testListId="9ae86d14-9a5c-41b6-99a0-36f6b0367227" />
    <TestEntry testId="1a51bd10-0397-453c-aa62-2a9e1309a317" executionId="7414b3d2-5ae4-4c9b-aabc-1bd91edc0ee6" testListId="9ae86d14-9a5c-41b6-99a0-36f6b0367227" />
    <TestEntry testId="2a1458a0-6676-41f0-843c-a33147f4558a" executionId="f376f95e-bec3-49d9-b079-c88fe5e4e333" testListId="9ae86d14-9a5c-41b6-99a0-36f6b0367227" />
    <TestEntry testId="7c89dd28-935c-4a70-b483-3c07ee905af4" executionId="55016d3c-76af-4290-b7bd-af599ac1e7eb" testListId="9ae86d14-9a5c-41b6-99a0-36f6b0367227" />
    <TestEntry testId="a4dc9391-f25e-4944-8dae-cf78484b9145" executionId="f98270cc-a406-4b44-a157-f766c459b0fc" testListId="9ae86d14-9a5c-41b6-99a0-36f6b0367227" />
    <TestEntry testId="a877f9d0-1532-4eb1-8b07-134d86015dff" executionId="43472ed1-6f03-46ea-9427-275fba0b9b86" testListId="9ae86d14-9a5c-41b6-99a0-36f6b0367227" />
    <TestEntry testId="dfa5991e-44bd-405e-a5cc-1566701f627d" executionId="97ae9dfb-4646-40fa-a4f0-816029b75f3b" testListId="9ae86d14-9a5c-41b6-99a0-36f6b0367227" />
    <TestEntry testId="ef8df198-0621-4d80-992b-d2518987d525" executionId="d079d573-69b9-4072-a3bf-b8eadd89c316" testListId="9ae86d14-9a5c-41b6-99a0-36f6b0367227" />
    <TestEntry testId="353321c4-ee05-46c8-a7ae-3b665433b337" executionId="04468bfd-e5c7-481f-b0cb-17e42cb8add6" testListId="9ae86d14-9a5c-41b6-99a0-36f6b0367227" />
    <TestEntry testId="c68e62d6-43fd-4630-ad6d-7e9f1bfd37ab" executionId="200beeb9-4651-4924-9f23-59f63883a451" testListId="9ae86d14-9a5c-41b6-99a0-36f6b0367227" />
    <TestEntry testId="9115a465-53a3-4b28-8cd4-460be7f47ffb" executionId="ecf8aa97-11c7-4142-8ceb-c918ebfa93f1" testListId="9ae86d14-9a5c-41b6-99a0-36f6b0367227" />
    <TestEntry testId="b2466e3f-5626-4dd4-9692-70b14665f41f" executionId="a37976bf-5fb0-4c00-9c60-30ba2b6253bd" testListId="9ae86d14-9a5c-41b6-99a0-36f6b0367227" />
    <TestEntry testId="e2cf4905-6bce-428c-8fbb-166e983e0b64" executionId="a7155b75-2ec8-450f-a808-0843e242c109" testListId="9ae86d14-9a5c-41b6-99a0-36f6b0367227" />
    <TestEntry testId="763d6160-16dc-4e38-a58c-fc99fc018bd3" executionId="0f5b958f-a2d5-40dd-96b2-394ec555f765" testListId="9ae86d14-9a5c-41b6-99a0-36f6b0367227" />
    <TestEntry testId="8902cf26-c7ee-4f15-bd0e-e3f7e0350e54" executionId="7ba6f3e5-9945-4430-9993-b5ee283b160c" testListId="9ae86d14-9a5c-41b6-99a0-36f6b0367227" />
    <TestEntry testId="a30e685a-df9d-4a0b-af05-17cdea955057" executionId="5c13dccc-1d16-431d-8866-6eef5be0b6bb" testListId="9ae86d14-9a5c-41b6-99a0-36f6b0367227" />
    <TestEntry testId="ce083ec3-0549-43b6-99ce-d9b60eb6fbc9" executionId="5b4553dc-0d06-499a-86af-4f9961938004" testListId="9ae86d14-9a5c-41b6-99a0-36f6b0367227" />
  </TestEntries>
  <TestLists>
    <TestList name="Results Not in a List" id="9ae86d14-9a5c-41b6-99a0-36f6b0367227" />
    <TestList name="All Loaded Results" id="ce003131-2019-4340-a4c7-b18a4bcf7c5d" />
  </TestLists>
</TestRun>