<?xml version="1.0" encoding="UTF-8"?>
<TestRun id="d0f9ceb1-92b1-4211-8c58-ea7b3099319a" name="Test Run 89" runUser="Oles Galatsan" xmlns="http://microsoft.com/schemas/VisualStudio/TeamTest/2010">
  <Times creation="2025-05-14T13:20:31.3125482Z" queuing="2025-05-14T13:20:31.3125482Z" start="2025-05-14T13:20:31.3146610Z" finish="2025-05-14T13:25:31.3147553Z" />
  <TestSettings name="Test Settings 89" id="9f4aae86-d77b-483c-ac99-2b540ae9198c" />
  <Results>
    <UnitTestResult executionId="3a63cce5-66da-4fd1-9b7a-c84af05ae3bc" testId="4221a1f8-9c62-402f-9805-50194e667e0a" testName="Test8801" computerName="UA-LPT-OGA2" duration="00:00:00.0500000" startTime="2025-05-14T13:20:31.3146610Z" endTime="2025-05-14T13:25:31.3147553Z" testType="13cdc9d9-ddb5-4fa4-a97d-d965ccfc6d4b" outcome="Passed" testListId="6be8b237-ad12-498a-895b-a6c1a129e775" />
    <UnitTestResult executionId="1b4a04cd-c14f-479b-b830-db5ae3f68523" testId="4f9aa88f-14f3-4f78-9184-76df1c839f8a" testName="Test8802" computerName="UA-LPT-OGA2" duration="00:00:00.4320000" startTime="2025-05-14T13:20:31.3146610Z" endTime="2025-05-14T13:25:31.3147553Z" testType="13cdc9d9-ddb5-4fa4-a97d-d965ccfc6d4b" outcome="Passed" testListId="6be8b237-ad12-498a-895b-a6c1a129e775" />
    <UnitTestResult executionId="94056473-690c-45c8-ad72-efbc5d3618a0" testId="4134ed1a-8aef-49c6-aca5-d35db0ec4dd0" testName="Test8803" computerName="UA-LPT-OGA2" duration="00:00:00.4600000" startTime="2025-05-14T13:20:31.3146610Z" endTime="2025-05-14T13:25:31.3147553Z" testType="13cdc9d9-ddb5-4fa4-a97d-d965ccfc6d4b" outcome="Passed" testListId="6be8b237-ad12-498a-895b-a6c1a129e775" />
    <UnitTestResult executionId="f922c4fd-ba99-463a-8c1d-15c4a6159c1a" testId="dc110834-6124-4562-b4d0-43e0514ad516" testName="Test8804" computerName="UA-LPT-OGA2" duration="00:00:01.9590000" startTime="2025-05-14T13:20:31.3146610Z" endTime="2025-05-14T13:25:31.3147553Z" testType="13cdc9d9-ddb5-4fa4-a97d-d965ccfc6d4b" outcome="Passed" testListId="6be8b237-ad12-498a-895b-a6c1a129e775" />
    <UnitTestResult executionId="240a5dbb-50bb-4559-9939-d0f8c32c90f8" testId="2b2c5978-75fc-4d5e-ab5f-1768cb296994" testName="Test8805" computerName="UA-LPT-OGA2" duration="00:00:00.1890000" startTime="2025-05-14T13:20:31.3146610Z" endTime="2025-05-14T13:25:31.3147553Z" testType="13cdc9d9-ddb5-4fa4-a97d-d965ccfc6d4b" outcome="Passed" testListId="6be8b237-ad12-498a-895b-a6c1a129e775" />
    <UnitTestResult executionId="229e6844-5fed-4da2-a51e-94e968af5894" testId="b271617a-6ff4-40cd-afee-08e7d2d2552d" testName="Test8806" computerName="UA-LPT-OGA2" duration="00:00:00.7930000" startTime="2025-05-14T13:20:31.3146610Z" endTime="2025-05-14T13:25:31.3147553Z" testType="13cdc9d9-ddb5-4fa4-a97d-d965ccfc6d4b" outcome="Passed" testListId="6be8b237-ad12-498a-895b-a6c1a129e775" />
    <UnitTestResult executionId="b1291655-8461-459c-a1ac-5cf8e0b55ad7" testId="c61f3fb3-c231-4b58-bc67-92f66d2543fb" testName="Test8807" computerName="UA-LPT-OGA2" duration="00:00:01.2150000" startTime="2025-05-14T13:20:31.3146610Z" endTime="2025-05-14T13:25:31.3147553Z" testType="13cdc9d9-ddb5-4fa4-a97d-d965ccfc6d4b" outcome="Passed" testListId="6be8b237-ad12-498a-895b-a6c1a129e775" />
    <UnitTestResult executionId="3e28e7a1-2a12-4331-9e3f-8dfd41671ff7" testId="fbb9cdc8-0bba-4f12-9322-73f36a64d19a" testName="Test8808" computerName="UA-LPT-OGA2" duration="00:00:00.7130000" startTime="2025-05-14T13:20:31.3146610Z" endTime="2025-05-14T13:25:31.3147553Z" testType="13cdc9d9-ddb5-4fa4-a97d-d965ccfc6d4b" outcome="Passed" testListId="6be8b237-ad12-498a-895b-a6c1a129e775" />
    <UnitTestResult executionId="6d715647-0e09-4926-8f3e-33723a31ee3b" testId="4d9258d1-9839-4fe2-86ee-b610de4b4ce3" testName="Test8809" computerName="UA-LPT-OGA2" duration="00:00:00.5570000" startTime="2025-05-14T13:20:31.3146610Z" endTime="2025-05-14T13:25:31.3147553Z" testType="13cdc9d9-ddb5-4fa4-a97d-d965ccfc6d4b" outcome="Passed" testListId="6be8b237-ad12-498a-895b-a6c1a129e775" />
    <UnitTestResult executionId="07660770-80bd-42c4-8275-bd9d3c8b8789" testId="39b76a9d-fc2b-470d-90ef-09658d28870d" testName="Test8810" computerName="UA-LPT-OGA2" duration="00:00:00.4720000" startTime="2025-05-14T13:20:31.3146610Z" endTime="2025-05-14T13:25:31.3147553Z" testType="13cdc9d9-ddb5-4fa4-a97d-d965ccfc6d4b" outcome="Passed" testListId="6be8b237-ad12-498a-895b-a6c1a129e775" />
    <UnitTestResult executionId="40b7bd38-b98c-4909-a559-d997afd5aa57" testId="50d741cd-9df7-4661-96d5-7c8152d93919" testName="Test8811" computerName="UA-LPT-OGA2" duration="00:00:00.7540000" startTime="2025-05-14T13:20:31.3146610Z" endTime="2025-05-14T13:25:31.3147553Z" testType="13cdc9d9-ddb5-4fa4-a97d-d965ccfc6d4b" outcome="Passed" testListId="6be8b237-ad12-498a-895b-a6c1a129e775" />
    <UnitTestResult executionId="f581981b-bd87-4e8e-8471-232cb0eb03a5" testId="213a4a85-b732-470d-a543-bbd2ad33f592" testName="Test8812" computerName="UA-LPT-OGA2" duration="00:00:01.3970000" startTime="2025-05-14T13:20:31.3146610Z" endTime="2025-05-14T13:25:31.3147553Z" testType="13cdc9d9-ddb5-4fa4-a97d-d965ccfc6d4b" outcome="Passed" testListId="6be8b237-ad12-498a-895b-a6c1a129e775" />
    <UnitTestResult executionId="5d46ed77-961d-4ceb-9834-4a9b002ea870" testId="378340f5-f757-4c8d-a293-155ebcb57b8f" testName="Test8813" computerName="UA-LPT-OGA2" duration="00:00:01.2270000" startTime="2025-05-14T13:20:31.3146610Z" endTime="2025-05-14T13:25:31.3147553Z" testType="13cdc9d9-ddb5-4fa4-a97d-d965ccfc6d4b" outcome="Passed" testListId="6be8b237-ad12-498a-895b-a6c1a129e775" />
    <UnitTestResult executionId="1bab9f3b-3555-4bd9-8d7a-aec7219512c0" testId="6453846e-0533-462d-9c5e-f649f94c3182" testName="Test8814" computerName="UA-LPT-OGA2" duration="00:00:01.7570000" startTime="2025-05-14T13:20:31.3146610Z" endTime="2025-05-14T13:25:31.3147553Z" testType="13cdc9d9-ddb5-4fa4-a97d-d965ccfc6d4b" outcome="Passed" testListId="6be8b237-ad12-498a-895b-a6c1a129e775" />
    <UnitTestResult executionId="fccf98f0-90cf-43e1-b118-e868d77b593f" testId="c333f341-251d-45f0-abf7-ceae23371c93" testName="Test8815" computerName="UA-LPT-OGA2" duration="00:00:00.3690000" startTime="2025-05-14T13:20:31.3146610Z" endTime="2025-05-14T13:25:31.3147553Z" testType="13cdc9d9-ddb5-4fa4-a97d-d965ccfc6d4b" outcome="Passed" testListId="6be8b237-ad12-498a-895b-a6c1a129e775" />
    <UnitTestResult executionId="139b86f1-5257-40c8-be2c-1bc3287f43ab" testId="09c85e6f-9543-459a-a07d-c8f2355e5660" testName="Test8816" computerName="UA-LPT-OGA2" duration="00:00:01.2140000" startTime="2025-05-14T13:20:31.3146610Z" endTime="2025-05-14T13:25:31.3147553Z" testType="13cdc9d9-ddb5-4fa4-a97d-d965ccfc6d4b" outcome="Passed" testListId="6be8b237-ad12-498a-895b-a6c1a129e775" />
    <UnitTestResult executionId="51da7cbf-aedb-4c0c-af01-9eefbe29998a" testId="8f081fa2-24ad-492f-890d-f8480876ce21" testName="Test8817" computerName="UA-LPT-OGA2" duration="00:00:00.0480000" startTime="2025-05-14T13:20:31.3146610Z" endTime="2025-05-14T13:25:31.3147553Z" testType="13cdc9d9-ddb5-4fa4-a97d-d965ccfc6d4b" outcome="Passed" testListId="6be8b237-ad12-498a-895b-a6c1a129e775" />
    <UnitTestResult executionId="73ef9dff-db7e-48ee-abb0-29947f49d77f" testId="235cf899-0e94-4b86-af9c-225c7a456190" testName="Test8818" computerName="UA-LPT-OGA2" duration="00:00:01.4710000" startTime="2025-05-14T13:20:31.3146610Z" endTime="2025-05-14T13:25:31.3147553Z" testType="13cdc9d9-ddb5-4fa4-a97d-d965ccfc6d4b" outcome="Passed" testListId="6be8b237-ad12-498a-895b-a6c1a129e775" />
    <UnitTestResult executionId="6715cf6c-a58f-4f07-9525-e53db415a9b1" testId="7d15021b-96a1-451c-9291-91d30db97b28" testName="Test8819" computerName="UA-LPT-OGA2" duration="00:00:01.8230000" startTime="2025-05-14T13:20:31.3146610Z" endTime="2025-05-14T13:25:31.3147553Z" testType="13cdc9d9-ddb5-4fa4-a97d-d965ccfc6d4b" outcome="Inconclusive" testListId="6be8b237-ad12-498a-895b-a6c1a129e775" />
    <UnitTestResult executionId="fa0b6bd4-d73b-4bc8-ba91-4c54004adc22" testId="d209964c-eecd-4970-ae95-b34f6c180f89" testName="Test8820" computerName="UA-LPT-OGA2" duration="00:00:01.9200000" startTime="2025-05-14T13:20:31.3146610Z" endTime="2025-05-14T13:25:31.3147553Z" testType="13cdc9d9-ddb5-4fa4-a97d-d965ccfc6d4b" outcome="Passed" testListId="6be8b237-ad12-498a-895b-a6c1a129e775" />
    <UnitTestResult executionId="f4549745-39c3-4e08-8a6d-2e91321750ad" testId="53d552c6-4079-46bc-be00-d2ea357592be" testName="Test8821" computerName="UA-LPT-OGA2" duration="00:00:00.5570000" startTime="2025-05-14T13:20:31.3146610Z" endTime="2025-05-14T13:25:31.3147553Z" testType="13cdc9d9-ddb5-4fa4-a97d-d965ccfc6d4b" outcome="Passed" testListId="6be8b237-ad12-498a-895b-a6c1a129e775" />
    <UnitTestResult executionId="29e2c25f-9d17-48b9-a4f1-3633de4681ef" testId="199c56c3-3312-4fd3-9eb1-13069a92c12a" testName="Test8822" computerName="UA-LPT-OGA2" duration="00:00:01.1550000" startTime="2025-05-14T13:20:31.3146610Z" endTime="2025-05-14T13:25:31.3147553Z" testType="13cdc9d9-ddb5-4fa4-a97d-d965ccfc6d4b" outcome="Passed" testListId="6be8b237-ad12-498a-895b-a6c1a129e775" />
    <UnitTestResult executionId="631a4185-8901-481a-a720-a69c7ce51447" testId="974db77d-bd69-4a48-991e-e4f01bec03ce" testName="Test8823" computerName="UA-LPT-OGA2" duration="00:00:01.4230000" startTime="2025-05-14T13:20:31.3146610Z" endTime="2025-05-14T13:25:31.3147553Z" testType="13cdc9d9-ddb5-4fa4-a97d-d965ccfc6d4b" outcome="Passed" testListId="6be8b237-ad12-498a-895b-a6c1a129e775" />
    <UnitTestResult executionId="d0fb289f-fb4c-4981-a47a-abc5781d80ac" testId="19fb20fe-5401-4a95-9982-ea763910667a" testName="Test8824" computerName="UA-LPT-OGA2" duration="00:00:01.7590000" startTime="2025-05-14T13:20:31.3146610Z" endTime="2025-05-14T13:25:31.3147553Z" testType="13cdc9d9-ddb5-4fa4-a97d-d965ccfc6d4b" outcome="Failed" testListId="6be8b237-ad12-498a-895b-a6c1a129e775">
      <Output>
        <ErrorInfo>
          <Message>Assertion failed: Expected value did not match actual value.</Message>
          <StackTrace>   at TestNamespace.TestClass.Test() in TestClass.cs:line 437</StackTrace>
        </ErrorInfo>
      </Output>
    </UnitTestResult>
    <UnitTestResult executionId="cbd1fd35-d513-4a3c-b712-26663579560d" testId="de447de5-500d-46fc-b050-defc89203914" testName="Test8825" computerName="UA-LPT-OGA2" duration="00:00:00.3890000" startTime="2025-05-14T13:20:31.3146610Z" endTime="2025-05-14T13:25:31.3147553Z" testType="13cdc9d9-ddb5-4fa4-a97d-d965ccfc6d4b" outcome="Passed" testListId="6be8b237-ad12-498a-895b-a6c1a129e775" />
    <UnitTestResult executionId="a63eaf90-3181-41d7-941a-ef7da8079a57" testId="647df011-4b8b-41ef-8b25-56b4ee7d28df" testName="Test8826" computerName="UA-LPT-OGA2" duration="00:00:01.0040000" startTime="2025-05-14T13:20:31.3146610Z" endTime="2025-05-14T13:25:31.3147553Z" testType="13cdc9d9-ddb5-4fa4-a97d-d965ccfc6d4b" outcome="Passed" testListId="6be8b237-ad12-498a-895b-a6c1a129e775" />
    <UnitTestResult executionId="51a606bc-f3c1-458c-b23e-dbfd648b2708" testId="08af2bb7-c661-4202-824b-e4b8c9aaf7c9" testName="Test8827" computerName="UA-LPT-OGA2" duration="00:00:01.4700000" startTime="2025-05-14T13:20:31.3146610Z" endTime="2025-05-14T13:25:31.3147553Z" testType="13cdc9d9-ddb5-4fa4-a97d-d965ccfc6d4b" outcome="Passed" testListId="6be8b237-ad12-498a-895b-a6c1a129e775" />
    <UnitTestResult executionId="1a104958-2644-407d-a3b9-363d3c3f93b3" testId="b1f4e77b-e581-4a68-9824-2ed8d4881730" testName="Test8828" computerName="UA-LPT-OGA2" duration="00:00:01.9810000" startTime="2025-05-14T13:20:31.3146610Z" endTime="2025-05-14T13:25:31.3147553Z" testType="13cdc9d9-ddb5-4fa4-a97d-d965ccfc6d4b" outcome="Passed" testListId="6be8b237-ad12-498a-895b-a6c1a129e775" />
    <UnitTestResult executionId="5db1af31-55fc-48ff-bae9-d8d65e3cc293" testId="cc394642-cd26-4394-b923-9f2e07f5246a" testName="Test8829" computerName="UA-LPT-OGA2" duration="00:00:00.0320000" startTime="2025-05-14T13:20:31.3146610Z" endTime="2025-05-14T13:25:31.3147553Z" testType="13cdc9d9-ddb5-4fa4-a97d-d965ccfc6d4b" outcome="Passed" testListId="6be8b237-ad12-498a-895b-a6c1a129e775" />
    <UnitTestResult executionId="916080d7-dcaa-4273-89f9-d5da5c792736" testId="52d26c00-b2d6-4b44-9bdf-969beb7fa3fe" testName="Test8830" computerName="UA-LPT-OGA2" duration="00:00:00.2530000" startTime="2025-05-14T13:20:31.3146610Z" endTime="2025-05-14T13:25:31.3147553Z" testType="13cdc9d9-ddb5-4fa4-a97d-d965ccfc6d4b" outcome="Passed" testListId="6be8b237-ad12-498a-895b-a6c1a129e775" />
    <UnitTestResult executionId="3aa8d13c-eb17-4473-b87b-9965133f11aa" testId="7c295b6f-70c7-48ef-96f9-e0aa4b55da5b" testName="Test8831" computerName="UA-LPT-OGA2" duration="00:00:01.6120000" startTime="2025-05-14T13:20:31.3146610Z" endTime="2025-05-14T13:25:31.3147553Z" testType="13cdc9d9-ddb5-4fa4-a97d-d965ccfc6d4b" outcome="Passed" testListId="6be8b237-ad12-498a-895b-a6c1a129e775" />
    <UnitTestResult executionId="a1db6c88-4be9-485b-848e-cd5d82eefaf2" testId="b5a3cf8d-6efb-45b1-87fe-8acb3b4d6732" testName="Test8832" computerName="UA-LPT-OGA2" duration="00:00:01.5990000" startTime="2025-05-14T13:20:31.3146610Z" endTime="2025-05-14T13:25:31.3147553Z" testType="13cdc9d9-ddb5-4fa4-a97d-d965ccfc6d4b" outcome="Passed" testListId="6be8b237-ad12-498a-895b-a6c1a129e775" />
    <UnitTestResult executionId="20da1f1f-6a82-4608-b567-5a83021cfdca" testId="8163e129-8f17-4b4f-90fd-3d88d359e3a4" testName="Test8833" computerName="UA-LPT-OGA2" duration="00:00:00.8790000" startTime="2025-05-14T13:20:31.3146610Z" endTime="2025-05-14T13:25:31.3147553Z" testType="13cdc9d9-ddb5-4fa4-a97d-d965ccfc6d4b" outcome="Passed" testListId="6be8b237-ad12-498a-895b-a6c1a129e775" />
    <UnitTestResult executionId="133ad37e-5e2f-451f-8c49-73d9bc52da51" testId="d5cd5c4e-9fca-4220-aa57-ff82f3ad5201" testName="Test8834" computerName="UA-LPT-OGA2" duration="00:00:00.5280000" startTime="2025-05-14T13:20:31.3146610Z" endTime="2025-05-14T13:25:31.3147553Z" testType="13cdc9d9-ddb5-4fa4-a97d-d965ccfc6d4b" outcome="Passed" testListId="6be8b237-ad12-498a-895b-a6c1a129e775" />
    <UnitTestResult executionId="1c072c67-818d-4ea1-8749-f384d9278466" testId="5c12307c-a4a3-4d6f-a39d-15caff8d7e88" testName="Test8835" computerName="UA-LPT-OGA2" duration="00:00:00.9720000" startTime="2025-05-14T13:20:31.3146610Z" endTime="2025-05-14T13:25:31.3147553Z" testType="13cdc9d9-ddb5-4fa4-a97d-d965ccfc6d4b" outcome="Passed" testListId="6be8b237-ad12-498a-895b-a6c1a129e775" />
    <UnitTestResult executionId="7c0437c3-d1e7-4e87-816a-b377470ce1e6" testId="b9af2a0c-5b4a-4039-981d-aeba42c99fcd" testName="Test8836" computerName="UA-LPT-OGA2" duration="00:00:00.0330000" startTime="2025-05-14T13:20:31.3146610Z" endTime="2025-05-14T13:25:31.3147553Z" testType="13cdc9d9-ddb5-4fa4-a97d-d965ccfc6d4b" outcome="Passed" testListId="6be8b237-ad12-498a-895b-a6c1a129e775" />
    <UnitTestResult executionId="0b86bd02-02b2-43ad-93ab-287c22a8cacc" testId="b8ad1404-d907-4f00-ac62-02098743c6bb" testName="Test8837" computerName="UA-LPT-OGA2" duration="00:00:01.7900000" startTime="2025-05-14T13:20:31.3146610Z" endTime="2025-05-14T13:25:31.3147553Z" testType="13cdc9d9-ddb5-4fa4-a97d-d965ccfc6d4b" outcome="Passed" testListId="6be8b237-ad12-498a-895b-a6c1a129e775" />
    <UnitTestResult executionId="06020824-3fd7-40fa-9834-2f6369aba59c" testId="5b05c733-183d-49b3-bd7d-f489b7f87556" testName="Test8838" computerName="UA-LPT-OGA2" duration="00:00:00.4640000" startTime="2025-05-14T13:20:31.3146610Z" endTime="2025-05-14T13:25:31.3147553Z" testType="13cdc9d9-ddb5-4fa4-a97d-d965ccfc6d4b" outcome="Passed" testListId="6be8b237-ad12-498a-895b-a6c1a129e775" />
    <UnitTestResult executionId="4640f5bc-2848-430a-8115-08b1a4ca04b8" testId="86ca1a5d-0a00-4a46-bebd-575a34dcabb5" testName="Test8839" computerName="UA-LPT-OGA2" duration="00:00:00.7970000" startTime="2025-05-14T13:20:31.3146610Z" endTime="2025-05-14T13:25:31.3147553Z" testType="13cdc9d9-ddb5-4fa4-a97d-d965ccfc6d4b" outcome="Passed" testListId="6be8b237-ad12-498a-895b-a6c1a129e775" />
    <UnitTestResult executionId="d77196ef-d92a-4ef3-93ad-c007f2061941" testId="50f545ed-2c0f-4118-9d5d-fa743339fba6" testName="Test8840" computerName="UA-LPT-OGA2" duration="00:00:01.5040000" startTime="2025-05-14T13:20:31.3146610Z" endTime="2025-05-14T13:25:31.3147553Z" testType="13cdc9d9-ddb5-4fa4-a97d-d965ccfc6d4b" outcome="Passed" testListId="6be8b237-ad12-498a-895b-a6c1a129e775" />
    <UnitTestResult executionId="aad9a5db-45a1-496e-9663-1f218ffc09cb" testId="8f66d165-77c2-4000-8424-017fc2f73747" testName="Test8841" computerName="UA-LPT-OGA2" duration="00:00:01.1100000" startTime="2025-05-14T13:20:31.3146610Z" endTime="2025-05-14T13:25:31.3147553Z" testType="13cdc9d9-ddb5-4fa4-a97d-d965ccfc6d4b" outcome="Inconclusive" testListId="6be8b237-ad12-498a-895b-a6c1a129e775" />
    <UnitTestResult executionId="dfa51862-3a2c-4ab5-ba23-04eb596907bd" testId="13cb8097-0fc1-49d9-b534-9451a0770acf" testName="Test8842" computerName="UA-LPT-OGA2" duration="00:00:01.8410000" startTime="2025-05-14T13:20:31.3146610Z" endTime="2025-05-14T13:25:31.3147553Z" testType="13cdc9d9-ddb5-4fa4-a97d-d965ccfc6d4b" outcome="Passed" testListId="6be8b237-ad12-498a-895b-a6c1a129e775" />
    <UnitTestResult executionId="0841fe50-5568-4231-8f9c-c6577aa1f408" testId="a5c2a181-7213-41cd-8368-5bac165563ef" testName="Test8843" computerName="UA-LPT-OGA2" duration="00:00:00.2440000" startTime="2025-05-14T13:20:31.3146610Z" endTime="2025-05-14T13:25:31.3147553Z" testType="13cdc9d9-ddb5-4fa4-a97d-d965ccfc6d4b" outcome="Failed" testListId="6be8b237-ad12-498a-895b-a6c1a129e775">
      <Output>
        <ErrorInfo>
          <Message>Assertion failed: Expected value did not match actual value.</Message>
          <StackTrace>   at TestNamespace.TestClass.Test() in TestClass.cs:line 50</StackTrace>
        </ErrorInfo>
      </Output>
    </UnitTestResult>
    <UnitTestResult executionId="6115290e-a409-445d-a660-f403f27d9647" testId="3eca6f3e-6eb9-4e80-8fb8-149bf4db8be9" testName="Test8844" computerName="UA-LPT-OGA2" duration="00:00:01.1860000" startTime="2025-05-14T13:20:31.3146610Z" endTime="2025-05-14T13:25:31.3147553Z" testType="13cdc9d9-ddb5-4fa4-a97d-d965ccfc6d4b" outcome="Passed" testListId="6be8b237-ad12-498a-895b-a6c1a129e775" />
    <UnitTestResult executionId="f9dae62f-e381-4e10-b74a-ca38567447b6" testId="d5b6f17d-52a3-41f5-9b1a-9d6ee75871c2" testName="Test8845" computerName="UA-LPT-OGA2" duration="00:00:00.6250000" startTime="2025-05-14T13:20:31.3146610Z" endTime="2025-05-14T13:25:31.3147553Z" testType="13cdc9d9-ddb5-4fa4-a97d-d965ccfc6d4b" outcome="Passed" testListId="6be8b237-ad12-498a-895b-a6c1a129e775" />
    <UnitTestResult executionId="5280268c-fef7-4766-8558-b8814b331529" testId="714473aa-779e-4902-93d7-3251fa2c89cc" testName="Test8846" computerName="UA-LPT-OGA2" duration="00:00:01.3550000" startTime="2025-05-14T13:20:31.3146610Z" endTime="2025-05-14T13:25:31.3147553Z" testType="13cdc9d9-ddb5-4fa4-a97d-d965ccfc6d4b" outcome="Passed" testListId="6be8b237-ad12-498a-895b-a6c1a129e775" />
    <UnitTestResult executionId="05374d6b-3e2a-485f-811a-0b0636a4de28" testId="2fe1760d-8263-4398-9063-ed284cc067a4" testName="Test8847" computerName="UA-LPT-OGA2" duration="00:00:01.8530000" startTime="2025-05-14T13:20:31.3146610Z" endTime="2025-05-14T13:25:31.3147553Z" testType="13cdc9d9-ddb5-4fa4-a97d-d965ccfc6d4b" outcome="Passed" testListId="6be8b237-ad12-498a-895b-a6c1a129e775" />
    <UnitTestResult executionId="2de35f4f-64d3-4259-8102-ac77383a98c2" testId="63bfc9ca-dbe8-465f-b2b2-f0b0d5a0d323" testName="Test8848" computerName="UA-LPT-OGA2" duration="00:00:00.6520000" startTime="2025-05-14T13:20:31.3146610Z" endTime="2025-05-14T13:25:31.3147553Z" testType="13cdc9d9-ddb5-4fa4-a97d-d965ccfc6d4b" outcome="Failed" testListId="6be8b237-ad12-498a-895b-a6c1a129e775">
      <Output>
        <ErrorInfo>
          <Message>Assertion failed: Expected value did not match actual value.</Message>
          <StackTrace>   at TestNamespace.TestClass.Test() in TestClass.cs:line 236</StackTrace>
        </ErrorInfo>
      </Output>
    </UnitTestResult>
    <UnitTestResult executionId="cbcbdb22-660f-411b-b0bc-5d3c0b7ae1e1" testId="95addccd-1291-4265-9f9a-f1fe7803318c" testName="Test8849" computerName="UA-LPT-OGA2" duration="00:00:01.0290000" startTime="2025-05-14T13:20:31.3146610Z" endTime="2025-05-14T13:25:31.3147553Z" testType="13cdc9d9-ddb5-4fa4-a97d-d965ccfc6d4b" outcome="Failed" testListId="6be8b237-ad12-498a-895b-a6c1a129e775">
      <Output>
        <ErrorInfo>
          <Message>Assertion failed: Expected value did not match actual value.</Message>
          <StackTrace>   at TestNamespace.TestClass.Test() in TestClass.cs:line 447</StackTrace>
        </ErrorInfo>
      </Output>
    </UnitTestResult>
    <UnitTestResult executionId="2889b095-cbec-480c-84be-acce85a516bd" testId="0ed2b2ce-fb64-4623-b036-eeb640a57e72" testName="Test8850" computerName="UA-LPT-OGA2" duration="00:00:00.0490000" startTime="2025-05-14T13:20:31.3146610Z" endTime="2025-05-14T13:25:31.3147553Z" testType="13cdc9d9-ddb5-4fa4-a97d-d965ccfc6d4b" outcome="Passed" testListId="6be8b237-ad12-498a-895b-a6c1a129e775" />
    <UnitTestResult executionId="affe64b5-9a05-4b3e-b12d-1584443a3297" testId="08df7671-0e08-4c1c-b700-088b87c2a863" testName="Test8851" computerName="UA-LPT-OGA2" duration="00:00:00.2700000" startTime="2025-05-14T13:20:31.3146610Z" endTime="2025-05-14T13:25:31.3147553Z" testType="13cdc9d9-ddb5-4fa4-a97d-d965ccfc6d4b" outcome="Passed" testListId="6be8b237-ad12-498a-895b-a6c1a129e775" />
    <UnitTestResult executionId="a2b54c37-066d-4b7f-8e0a-6ab4b23c709f" testId="3c40f8ef-9e00-429b-8c62-a43974b02ef6" testName="Test8852" computerName="UA-LPT-OGA2" duration="00:00:01.4010000" startTime="2025-05-14T13:20:31.3146610Z" endTime="2025-05-14T13:25:31.3147553Z" testType="13cdc9d9-ddb5-4fa4-a97d-d965ccfc6d4b" outcome="Passed" testListId="6be8b237-ad12-498a-895b-a6c1a129e775" />
    <UnitTestResult executionId="d91ba2e5-1d68-451a-8578-861451e2b004" testId="fecbb412-1b1c-4b46-9318-e7d95f84fa49" testName="Test8853" computerName="UA-LPT-OGA2" duration="00:00:01.4620000" startTime="2025-05-14T13:20:31.3146610Z" endTime="2025-05-14T13:25:31.3147553Z" testType="13cdc9d9-ddb5-4fa4-a97d-d965ccfc6d4b" outcome="Passed" testListId="6be8b237-ad12-498a-895b-a6c1a129e775" />
    <UnitTestResult executionId="1e3d4c7a-75fd-4031-8fb8-df27b27bd821" testId="03ceed04-ec28-4f6b-9fb3-0d145c938f7c" testName="Test8854" computerName="UA-LPT-OGA2" duration="00:00:01.2330000" startTime="2025-05-14T13:20:31.3146610Z" endTime="2025-05-14T13:25:31.3147553Z" testType="13cdc9d9-ddb5-4fa4-a97d-d965ccfc6d4b" outcome="Passed" testListId="6be8b237-ad12-498a-895b-a6c1a129e775" />
    <UnitTestResult executionId="eb0842b1-982c-4cd3-9106-3413315a3ed4" testId="49acc4b8-6ae3-45a6-af7f-10c6091e5a81" testName="Test8855" computerName="UA-LPT-OGA2" duration="00:00:01.0310000" startTime="2025-05-14T13:20:31.3146610Z" endTime="2025-05-14T13:25:31.3147553Z" testType="13cdc9d9-ddb5-4fa4-a97d-d965ccfc6d4b" outcome="Passed" testListId="6be8b237-ad12-498a-895b-a6c1a129e775" />
    <UnitTestResult executionId="d686c5eb-7f95-4f89-8964-529b91ebbec9" testId="31439406-dc35-4b9f-aa8f-902ab445f91e" testName="Test8856" computerName="UA-LPT-OGA2" duration="00:00:01.0480000" startTime="2025-05-14T13:20:31.3146610Z" endTime="2025-05-14T13:25:31.3147553Z" testType="13cdc9d9-ddb5-4fa4-a97d-d965ccfc6d4b" outcome="Passed" testListId="6be8b237-ad12-498a-895b-a6c1a129e775" />
    <UnitTestResult executionId="6caeed4d-15ff-478a-92b8-dd0f51a190d1" testId="8ba89a8a-5a12-4d4e-a2b0-73ede631e691" testName="Test8857" computerName="UA-LPT-OGA2" duration="00:00:01.6730000" startTime="2025-05-14T13:20:31.3146610Z" endTime="2025-05-14T13:25:31.3147553Z" testType="13cdc9d9-ddb5-4fa4-a97d-d965ccfc6d4b" outcome="Passed" testListId="6be8b237-ad12-498a-895b-a6c1a129e775" />
    <UnitTestResult executionId="3d5f85af-7b76-4464-b2ff-d98add78c557" testId="89450eab-5767-43c3-972c-49f0b72cdb68" testName="Test8858" computerName="UA-LPT-OGA2" duration="00:00:00.4290000" startTime="2025-05-14T13:20:31.3146610Z" endTime="2025-05-14T13:25:31.3147553Z" testType="13cdc9d9-ddb5-4fa4-a97d-d965ccfc6d4b" outcome="Passed" testListId="6be8b237-ad12-498a-895b-a6c1a129e775" />
    <UnitTestResult executionId="efedc65a-7ea7-4aea-9188-6ff7108b0c2a" testId="c671e2b7-d322-4bde-bf92-1c9d6a5f72fb" testName="Test8859" computerName="UA-LPT-OGA2" duration="00:00:01.4530000" startTime="2025-05-14T13:20:31.3146610Z" endTime="2025-05-14T13:25:31.3147553Z" testType="13cdc9d9-ddb5-4fa4-a97d-d965ccfc6d4b" outcome="Failed" testListId="6be8b237-ad12-498a-895b-a6c1a129e775">
      <Output>
        <ErrorInfo>
          <Message>Assertion failed: Expected value did not match actual value.</Message>
          <StackTrace>   at TestNamespace.TestClass.Test() in TestClass.cs:line 332</StackTrace>
        </ErrorInfo>
      </Output>
    </UnitTestResult>
    <UnitTestResult executionId="8e1cda68-ac21-4f4b-b93e-3925e9a0199e" testId="9b56aa6e-76b3-48ef-a27d-5b1b06419a1c" testName="Test8860" computerName="UA-LPT-OGA2" duration="00:00:01.0400000" startTime="2025-05-14T13:20:31.3146610Z" endTime="2025-05-14T13:25:31.3147553Z" testType="13cdc9d9-ddb5-4fa4-a97d-d965ccfc6d4b" outcome="Passed" testListId="6be8b237-ad12-498a-895b-a6c1a129e775" />
    <UnitTestResult executionId="b0457b74-c3a6-42a8-b283-574bf91416c3" testId="01cf79f5-f7d4-446c-958b-59f4e2f7e8a1" testName="Test8861" computerName="UA-LPT-OGA2" duration="00:00:00.8680000" startTime="2025-05-14T13:20:31.3146610Z" endTime="2025-05-14T13:25:31.3147553Z" testType="13cdc9d9-ddb5-4fa4-a97d-d965ccfc6d4b" outcome="Passed" testListId="6be8b237-ad12-498a-895b-a6c1a129e775" />
    <UnitTestResult executionId="1cac2486-bb59-446a-98fd-58e385446f98" testId="02bf53bf-9ac1-4264-997e-8f681f52948a" testName="Test8862" computerName="UA-LPT-OGA2" duration="00:00:00.9330000" startTime="2025-05-14T13:20:31.3146610Z" endTime="2025-05-14T13:25:31.3147553Z" testType="13cdc9d9-ddb5-4fa4-a97d-d965ccfc6d4b" outcome="Passed" testListId="6be8b237-ad12-498a-895b-a6c1a129e775" />
    <UnitTestResult executionId="a3e5fa69-8c88-468e-9fa1-7c0ebb82657c" testId="c0d5df63-71cf-4d85-8881-4f2339688836" testName="Test8863" computerName="UA-LPT-OGA2" duration="00:00:01.7300000" startTime="2025-05-14T13:20:31.3146610Z" endTime="2025-05-14T13:25:31.3147553Z" testType="13cdc9d9-ddb5-4fa4-a97d-d965ccfc6d4b" outcome="Passed" testListId="6be8b237-ad12-498a-895b-a6c1a129e775" />
    <UnitTestResult executionId="b6549095-253e-46ce-89e9-553427126e8f" testId="85241808-8ca0-4971-b9d0-9b39639c5e65" testName="Test8864" computerName="UA-LPT-OGA2" duration="00:00:01.4110000" startTime="2025-05-14T13:20:31.3146610Z" endTime="2025-05-14T13:25:31.3147553Z" testType="13cdc9d9-ddb5-4fa4-a97d-d965ccfc6d4b" outcome="Failed" testListId="6be8b237-ad12-498a-895b-a6c1a129e775">
      <Output>
        <ErrorInfo>
          <Message>Assertion failed: Expected value did not match actual value.</Message>
          <StackTrace>   at TestNamespace.TestClass.Test() in TestClass.cs:line 343</StackTrace>
        </ErrorInfo>
      </Output>
    </UnitTestResult>
    <UnitTestResult executionId="d6d693ed-9686-4269-8d4e-a0e0d75c462f" testId="801db871-ee66-498e-ab01-5d7952ad4c69" testName="Test8865" computerName="UA-LPT-OGA2" duration="00:00:00.0310000" startTime="2025-05-14T13:20:31.3146610Z" endTime="2025-05-14T13:25:31.3147553Z" testType="13cdc9d9-ddb5-4fa4-a97d-d965ccfc6d4b" outcome="Passed" testListId="6be8b237-ad12-498a-895b-a6c1a129e775" />
    <UnitTestResult executionId="24f2fe3a-b842-4b0d-8480-36743e6634b8" testId="72fe523f-3f55-41e1-9477-0e91c443e101" testName="Test8866" computerName="UA-LPT-OGA2" duration="00:00:00.4300000" startTime="2025-05-14T13:20:31.3146610Z" endTime="2025-05-14T13:25:31.3147553Z" testType="13cdc9d9-ddb5-4fa4-a97d-d965ccfc6d4b" outcome="Failed" testListId="6be8b237-ad12-498a-895b-a6c1a129e775">
      <Output>
        <ErrorInfo>
          <Message>Assertion failed: Expected value did not match actual value.</Message>
          <StackTrace>   at TestNamespace.TestClass.Test() in TestClass.cs:line 487</StackTrace>
        </ErrorInfo>
      </Output>
    </UnitTestResult>
    <UnitTestResult executionId="5bc6eb65-837d-44a7-bab5-8bf31da66197" testId="9b75792e-6617-4fd1-9c87-bf4ff273097f" testName="Test8867" computerName="UA-LPT-OGA2" duration="00:00:01.3670000" startTime="2025-05-14T13:20:31.3146610Z" endTime="2025-05-14T13:25:31.3147553Z" testType="13cdc9d9-ddb5-4fa4-a97d-d965ccfc6d4b" outcome="Failed" testListId="6be8b237-ad12-498a-895b-a6c1a129e775">
      <Output>
        <ErrorInfo>
          <Message>Assertion failed: Expected value did not match actual value.</Message>
          <StackTrace>   at TestNamespace.TestClass.Test() in TestClass.cs:line 133</StackTrace>
        </ErrorInfo>
      </Output>
    </UnitTestResult>
    <UnitTestResult executionId="8fce83cb-d4de-4f80-a049-08fe28633f11" testId="a83c949c-b4aa-4312-8806-f231b72d3b44" testName="Test8868" computerName="UA-LPT-OGA2" duration="00:00:01.7960000" startTime="2025-05-14T13:20:31.3146610Z" endTime="2025-05-14T13:25:31.3147553Z" testType="13cdc9d9-ddb5-4fa4-a97d-d965ccfc6d4b" outcome="Passed" testListId="6be8b237-ad12-498a-895b-a6c1a129e775" />
    <UnitTestResult executionId="46d1c188-a910-4540-8455-f7c262d9cb3e" testId="573bfb3e-c0fd-4c44-b9c1-483930825f27" testName="Test8869" computerName="UA-LPT-OGA2" duration="00:00:00.2360000" startTime="2025-05-14T13:20:31.3146610Z" endTime="2025-05-14T13:25:31.3147553Z" testType="13cdc9d9-ddb5-4fa4-a97d-d965ccfc6d4b" outcome="Passed" testListId="6be8b237-ad12-498a-895b-a6c1a129e775" />
    <UnitTestResult executionId="46845d71-8ee5-480a-9f9c-939215ff9e30" testId="bb252ded-0a20-4963-999d-f36900ea772e" testName="Test8870" computerName="UA-LPT-OGA2" duration="00:00:01.8850000" startTime="2025-05-14T13:20:31.3146610Z" endTime="2025-05-14T13:25:31.3147553Z" testType="13cdc9d9-ddb5-4fa4-a97d-d965ccfc6d4b" outcome="Passed" testListId="6be8b237-ad12-498a-895b-a6c1a129e775" />
    <UnitTestResult executionId="b4daa59a-d0e0-46b9-bec4-e5074f972353" testId="067903a5-11a0-42a6-9c9e-0136b77f3cb8" testName="Test8871" computerName="UA-LPT-OGA2" duration="00:00:00.7500000" startTime="2025-05-14T13:20:31.3146610Z" endTime="2025-05-14T13:25:31.3147553Z" testType="13cdc9d9-ddb5-4fa4-a97d-d965ccfc6d4b" outcome="Passed" testListId="6be8b237-ad12-498a-895b-a6c1a129e775" />
    <UnitTestResult executionId="523fd083-8f92-4e3a-a615-2f0f8bbdcd00" testId="7d6a0498-b50c-46b7-91f7-f361c4e2e690" testName="Test8872" computerName="UA-LPT-OGA2" duration="00:00:00.1450000" startTime="2025-05-14T13:20:31.3146610Z" endTime="2025-05-14T13:25:31.3147553Z" testType="13cdc9d9-ddb5-4fa4-a97d-d965ccfc6d4b" outcome="Passed" testListId="6be8b237-ad12-498a-895b-a6c1a129e775" />
    <UnitTestResult executionId="3ff59b69-70a6-4f30-9605-57f076e40094" testId="16a3e988-72f9-411e-9588-0c1d2e50b8b0" testName="Test8873" computerName="UA-LPT-OGA2" duration="00:00:01.8150000" startTime="2025-05-14T13:20:31.3146610Z" endTime="2025-05-14T13:25:31.3147553Z" testType="13cdc9d9-ddb5-4fa4-a97d-d965ccfc6d4b" outcome="Passed" testListId="6be8b237-ad12-498a-895b-a6c1a129e775" />
    <UnitTestResult executionId="470f2f62-2cb9-41ba-9a60-76f9347eeb8e" testId="4aaf6e97-dccc-48e1-8860-6ca1a4aaf9e0" testName="Test8874" computerName="UA-LPT-OGA2" duration="00:00:01.7290000" startTime="2025-05-14T13:20:31.3146610Z" endTime="2025-05-14T13:25:31.3147553Z" testType="13cdc9d9-ddb5-4fa4-a97d-d965ccfc6d4b" outcome="Passed" testListId="6be8b237-ad12-498a-895b-a6c1a129e775" />
    <UnitTestResult executionId="b7b9f336-9fe3-4be4-8b33-4eb49a1e31fe" testId="fb37b443-1cec-4a50-a340-3c03fdf9338c" testName="Test8875" computerName="UA-LPT-OGA2" duration="00:00:00.8930000" startTime="2025-05-14T13:20:31.3146610Z" endTime="2025-05-14T13:25:31.3147553Z" testType="13cdc9d9-ddb5-4fa4-a97d-d965ccfc6d4b" outcome="Passed" testListId="6be8b237-ad12-498a-895b-a6c1a129e775" />
    <UnitTestResult executionId="6e01cddf-ca35-4003-a131-82a6da267102" testId="b1f0873a-f18f-4632-a1d5-e03d2cd22c99" testName="Test8876" computerName="UA-LPT-OGA2" duration="00:00:00.2710000" startTime="2025-05-14T13:20:31.3146610Z" endTime="2025-05-14T13:25:31.3147553Z" testType="13cdc9d9-ddb5-4fa4-a97d-d965ccfc6d4b" outcome="Passed" testListId="6be8b237-ad12-498a-895b-a6c1a129e775" />
    <UnitTestResult executionId="9e1d4d80-5bd7-4919-b99c-4bc871fd7520" testId="26089b4a-8636-4290-92ad-74353cc63462" testName="Test8877" computerName="UA-LPT-OGA2" duration="00:00:00.6010000" startTime="2025-05-14T13:20:31.3146610Z" endTime="2025-05-14T13:25:31.3147553Z" testType="13cdc9d9-ddb5-4fa4-a97d-d965ccfc6d4b" outcome="Passed" testListId="6be8b237-ad12-498a-895b-a6c1a129e775" />
    <UnitTestResult executionId="0c0209a9-3f08-4339-93b8-62c211b7ac77" testId="a26036ac-0761-4a77-9f50-1d0cedd77a35" testName="Test8878" computerName="UA-LPT-OGA2" duration="00:00:00.5950000" startTime="2025-05-14T13:20:31.3146610Z" endTime="2025-05-14T13:25:31.3147553Z" testType="13cdc9d9-ddb5-4fa4-a97d-d965ccfc6d4b" outcome="Passed" testListId="6be8b237-ad12-498a-895b-a6c1a129e775" />
    <UnitTestResult executionId="79d43b41-4834-486b-8500-fe1fca9b472b" testId="1c338c3b-536a-4874-953b-b5007e7f8539" testName="Test8879" computerName="UA-LPT-OGA2" duration="00:00:00.6880000" startTime="2025-05-14T13:20:31.3146610Z" endTime="2025-05-14T13:25:31.3147553Z" testType="13cdc9d9-ddb5-4fa4-a97d-d965ccfc6d4b" outcome="Passed" testListId="6be8b237-ad12-498a-895b-a6c1a129e775" />
    <UnitTestResult executionId="860adf1f-694d-42a0-9aeb-08a767133334" testId="947ee938-a24f-4fc5-a156-8571b6fb77d8" testName="Test8880" computerName="UA-LPT-OGA2" duration="00:00:00.1540000" startTime="2025-05-14T13:20:31.3146610Z" endTime="2025-05-14T13:25:31.3147553Z" testType="13cdc9d9-ddb5-4fa4-a97d-d965ccfc6d4b" outcome="Failed" testListId="6be8b237-ad12-498a-895b-a6c1a129e775">
      <Output>
        <ErrorInfo>
          <Message>Assertion failed: Expected value did not match actual value.</Message>
          <StackTrace>   at TestNamespace.TestClass.Test() in TestClass.cs:line 327</StackTrace>
        </ErrorInfo>
      </Output>
    </UnitTestResult>
    <UnitTestResult executionId="2a460740-bc1b-4f93-ae2a-45f48c130f83" testId="3239a975-f0ac-4119-a339-03c8385240ec" testName="Test8881" computerName="UA-LPT-OGA2" duration="00:00:00.4770000" startTime="2025-05-14T13:20:31.3146610Z" endTime="2025-05-14T13:25:31.3147553Z" testType="13cdc9d9-ddb5-4fa4-a97d-d965ccfc6d4b" outcome="Passed" testListId="6be8b237-ad12-498a-895b-a6c1a129e775" />
    <UnitTestResult executionId="c57a8e08-c5f4-44ad-9a9c-3adc22a84921" testId="3154f1c9-ab84-4610-90d9-bc67f4fb048f" testName="Test8882" computerName="UA-LPT-OGA2" duration="00:00:01.8620000" startTime="2025-05-14T13:20:31.3146610Z" endTime="2025-05-14T13:25:31.3147553Z" testType="13cdc9d9-ddb5-4fa4-a97d-d965ccfc6d4b" outcome="Passed" testListId="6be8b237-ad12-498a-895b-a6c1a129e775" />
    <UnitTestResult executionId="daddce3b-d58e-4f16-8968-a51253fc0f55" testId="edc64bcc-a0c4-45c0-9c84-230f5ff5f62a" testName="Test8883" computerName="UA-LPT-OGA2" duration="00:00:01.4780000" startTime="2025-05-14T13:20:31.3146610Z" endTime="2025-05-14T13:25:31.3147553Z" testType="13cdc9d9-ddb5-4fa4-a97d-d965ccfc6d4b" outcome="Passed" testListId="6be8b237-ad12-498a-895b-a6c1a129e775" />
    <UnitTestResult executionId="7260e405-fab5-4cb1-ac88-250bee68cd2c" testId="0d0ae15a-2f43-4d2d-9d7a-7ee07a51bbf9" testName="Test8884" computerName="UA-LPT-OGA2" duration="00:00:01.0590000" startTime="2025-05-14T13:20:31.3146610Z" endTime="2025-05-14T13:25:31.3147553Z" testType="13cdc9d9-ddb5-4fa4-a97d-d965ccfc6d4b" outcome="Passed" testListId="6be8b237-ad12-498a-895b-a6c1a129e775" />
    <UnitTestResult executionId="587d2ef1-aaa4-407a-a097-924aa7f97d62" testId="58d1e71c-532f-44ca-a905-c2c408d44fc9" testName="Test8885" computerName="UA-LPT-OGA2" duration="00:00:00.0670000" startTime="2025-05-14T13:20:31.3146610Z" endTime="2025-05-14T13:25:31.3147553Z" testType="13cdc9d9-ddb5-4fa4-a97d-d965ccfc6d4b" outcome="Passed" testListId="6be8b237-ad12-498a-895b-a6c1a129e775" />
    <UnitTestResult executionId="48cdbd0f-d11d-4365-b264-7550c3734496" testId="dda5bc55-ddfa-4598-861b-80fdfd31f361" testName="Test8886" computerName="UA-LPT-OGA2" duration="00:00:00.8800000" startTime="2025-05-14T13:20:31.3146610Z" endTime="2025-05-14T13:25:31.3147553Z" testType="13cdc9d9-ddb5-4fa4-a97d-d965ccfc6d4b" outcome="Passed" testListId="6be8b237-ad12-498a-895b-a6c1a129e775" />
    <UnitTestResult executionId="7ab38e5d-de60-4bd4-b1a2-6daa8296b2c8" testId="bdd398e1-848c-4291-b098-c88647b89446" testName="Test8887" computerName="UA-LPT-OGA2" duration="00:00:00.9910000" startTime="2025-05-14T13:20:31.3146610Z" endTime="2025-05-14T13:25:31.3147553Z" testType="13cdc9d9-ddb5-4fa4-a97d-d965ccfc6d4b" outcome="Passed" testListId="6be8b237-ad12-498a-895b-a6c1a129e775" />
    <UnitTestResult executionId="60a9f2ec-e7e8-49ab-ba83-5db26e6e1255" testId="cfc832e7-79a6-43e9-923c-454f3997c65d" testName="Test8888" computerName="UA-LPT-OGA2" duration="00:00:00.6020000" startTime="2025-05-14T13:20:31.3146610Z" endTime="2025-05-14T13:25:31.3147553Z" testType="13cdc9d9-ddb5-4fa4-a97d-d965ccfc6d4b" outcome="Passed" testListId="6be8b237-ad12-498a-895b-a6c1a129e775" />
    <UnitTestResult executionId="93f68939-1192-49f8-acfa-e32215931c81" testId="ef647ffe-82d9-4f5c-ad94-c6f8f8331bcb" testName="Test8889" computerName="UA-LPT-OGA2" duration="00:00:01.3050000" startTime="2025-05-14T13:20:31.3146610Z" endTime="2025-05-14T13:25:31.3147553Z" testType="13cdc9d9-ddb5-4fa4-a97d-d965ccfc6d4b" outcome="Passed" testListId="6be8b237-ad12-498a-895b-a6c1a129e775" />
    <UnitTestResult executionId="5a764701-8129-49a8-981b-6a59a0ec3d84" testId="2606740a-5aec-4874-b853-2211bfc4938c" testName="Test8890" computerName="UA-LPT-OGA2" duration="00:00:01.6820000" startTime="2025-05-14T13:20:31.3146610Z" endTime="2025-05-14T13:25:31.3147553Z" testType="13cdc9d9-ddb5-4fa4-a97d-d965ccfc6d4b" outcome="Passed" testListId="6be8b237-ad12-498a-895b-a6c1a129e775" />
    <UnitTestResult executionId="0de9f32f-fca8-4ab5-9438-e298acc71563" testId="5cd18417-6916-4bff-9fb1-ac8ddabf3ccb" testName="Test8891" computerName="UA-LPT-OGA2" duration="00:00:01.8160000" startTime="2025-05-14T13:20:31.3146610Z" endTime="2025-05-14T13:25:31.3147553Z" testType="13cdc9d9-ddb5-4fa4-a97d-d965ccfc6d4b" outcome="Passed" testListId="6be8b237-ad12-498a-895b-a6c1a129e775" />
    <UnitTestResult executionId="460d2493-472b-4079-95ed-65b88b5947b4" testId="ddb01030-590b-4a5b-858a-559e7c329807" testName="Test8892" computerName="UA-LPT-OGA2" duration="00:00:00.6930000" startTime="2025-05-14T13:20:31.3146610Z" endTime="2025-05-14T13:25:31.3147553Z" testType="13cdc9d9-ddb5-4fa4-a97d-d965ccfc6d4b" outcome="Inconclusive" testListId="6be8b237-ad12-498a-895b-a6c1a129e775" />
    <UnitTestResult executionId="63e02164-c6c7-4806-bed2-b8ff1b985cdb" testId="dd7fbb3c-72eb-4eea-a746-17625ea941db" testName="Test8893" computerName="UA-LPT-OGA2" duration="00:00:00.8700000" startTime="2025-05-14T13:20:31.3146610Z" endTime="2025-05-14T13:25:31.3147553Z" testType="13cdc9d9-ddb5-4fa4-a97d-d965ccfc6d4b" outcome="Passed" testListId="6be8b237-ad12-498a-895b-a6c1a129e775" />
    <UnitTestResult executionId="d489a566-be59-4c95-94f5-5ba8fe952059" testId="9bb0a841-44f7-40d0-a883-635ca4785827" testName="Test8894" computerName="UA-LPT-OGA2" duration="00:00:01.7540000" startTime="2025-05-14T13:20:31.3146610Z" endTime="2025-05-14T13:25:31.3147553Z" testType="13cdc9d9-ddb5-4fa4-a97d-d965ccfc6d4b" outcome="Passed" testListId="6be8b237-ad12-498a-895b-a6c1a129e775" />
    <UnitTestResult executionId="cff4dda1-ffe8-4c56-b07e-8c2a13c55c3f" testId="7c20be86-5ef4-414a-ade9-ad4451c8d8cf" testName="Test8895" computerName="UA-LPT-OGA2" duration="00:00:00.5460000" startTime="2025-05-14T13:20:31.3146610Z" endTime="2025-05-14T13:25:31.3147553Z" testType="13cdc9d9-ddb5-4fa4-a97d-d965ccfc6d4b" outcome="Passed" testListId="6be8b237-ad12-498a-895b-a6c1a129e775" />
    <UnitTestResult executionId="81a187b8-a36f-4685-9cfc-b532ac563d06" testId="340afa5d-4af3-4a18-bb19-9cf18509d920" testName="Test8896" computerName="UA-LPT-OGA2" duration="00:00:00.6450000" startTime="2025-05-14T13:20:31.3146610Z" endTime="2025-05-14T13:25:31.3147553Z" testType="13cdc9d9-ddb5-4fa4-a97d-d965ccfc6d4b" outcome="Passed" testListId="6be8b237-ad12-498a-895b-a6c1a129e775" />
    <UnitTestResult executionId="55d59fc8-84c9-4cf0-bc85-1440310d10e2" testId="4fe16b23-ed23-4e8c-8189-5182596a82ad" testName="Test8897" computerName="UA-LPT-OGA2" duration="00:00:01.6190000" startTime="2025-05-14T13:20:31.3146610Z" endTime="2025-05-14T13:25:31.3147553Z" testType="13cdc9d9-ddb5-4fa4-a97d-d965ccfc6d4b" outcome="Passed" testListId="6be8b237-ad12-498a-895b-a6c1a129e775" />
    <UnitTestResult executionId="939d25ca-a2ad-4ff6-86f5-99b035b7b85d" testId="8190c3dd-394e-4c11-bdbe-b675efb98bf6" testName="Test8898" computerName="UA-LPT-OGA2" duration="00:00:01.3930000" startTime="2025-05-14T13:20:31.3146610Z" endTime="2025-05-14T13:25:31.3147553Z" testType="13cdc9d9-ddb5-4fa4-a97d-d965ccfc6d4b" outcome="Passed" testListId="6be8b237-ad12-498a-895b-a6c1a129e775" />
    <UnitTestResult executionId="03fb2366-caeb-46a4-9d06-f36c12bbf6f3" testId="d8b6789c-0f87-4dad-8d9c-fa3f11aadf96" testName="Test8899" computerName="UA-LPT-OGA2" duration="00:00:00.0270000" startTime="2025-05-14T13:20:31.3146610Z" endTime="2025-05-14T13:25:31.3147553Z" testType="13cdc9d9-ddb5-4fa4-a97d-d965ccfc6d4b" outcome="Passed" testListId="6be8b237-ad12-498a-895b-a6c1a129e775" />
    <UnitTestResult executionId="3d7cba4a-1e27-4c49-82b7-ebaae3fb93ca" testId="d27beb35-433f-4e6b-a08d-a6c0fe3e7bf8" testName="Test8900" computerName="UA-LPT-OGA2" duration="00:00:00.2590000" startTime="2025-05-14T13:20:31.3146610Z" endTime="2025-05-14T13:25:31.3147553Z" testType="13cdc9d9-ddb5-4fa4-a97d-d965ccfc6d4b" outcome="Passed" testListId="6be8b237-ad12-498a-895b-a6c1a129e775" />
  </Results>
  <TestDefinitions>
    <UnitTest name="Test8801" id="4221a1f8-9c62-402f-9805-50194e667e0a" storage="TestAssembly.dll">
      <Execution id="3a63cce5-66da-4fd1-9b7a-c84af05ae3bc" />
      <TestMethod codeBase="TestAssembly.dll" className="TestNamespace.TestClass1" name="Test8801" />
    </UnitTest>
    <UnitTest name="Test8802" id="4f9aa88f-14f3-4f78-9184-76df1c839f8a" storage="TestAssembly.dll">
      <Execution id="1b4a04cd-c14f-479b-b830-db5ae3f68523" />
      <TestMethod codeBase="TestAssembly.dll" className="TestNamespace.TestClass1" name="Test8802" />
    </UnitTest>
    <UnitTest name="Test8803" id="4134ed1a-8aef-49c6-aca5-d35db0ec4dd0" storage="TestAssembly.dll">
      <Execution id="94056473-690c-45c8-ad72-efbc5d3618a0" />
      <TestMethod codeBase="TestAssembly.dll" className="TestNamespace.TestClass1" name="Test8803" />
    </UnitTest>
    <UnitTest name="Test8804" id="dc110834-6124-4562-b4d0-43e0514ad516" storage="TestAssembly.dll">
      <Execution id="f922c4fd-ba99-463a-8c1d-15c4a6159c1a" />
      <TestMethod codeBase="TestAssembly.dll" className="TestNamespace.TestClass1" name="Test8804" />
    </UnitTest>
    <UnitTest name="Test8805" id="2b2c5978-75fc-4d5e-ab5f-1768cb296994" storage="TestAssembly.dll">
      <Execution id="240a5dbb-50bb-4559-9939-d0f8c32c90f8" />
      <TestMethod codeBase="TestAssembly.dll" className="TestNamespace.TestClass1" name="Test8805" />
    </UnitTest>
    <UnitTest name="Test8806" id="b271617a-6ff4-40cd-afee-08e7d2d2552d" storage="TestAssembly.dll">
      <Execution id="229e6844-5fed-4da2-a51e-94e968af5894" />
      <TestMethod codeBase="TestAssembly.dll" className="TestNamespace.TestClass1" name="Test8806" />
    </UnitTest>
    <UnitTest name="Test8807" id="c61f3fb3-c231-4b58-bc67-92f66d2543fb" storage="TestAssembly.dll">
      <Execution id="b1291655-8461-459c-a1ac-5cf8e0b55ad7" />
      <TestMethod codeBase="TestAssembly.dll" className="TestNamespace.TestClass1" name="Test8807" />
    </UnitTest>
    <UnitTest name="Test8808" id="fbb9cdc8-0bba-4f12-9322-73f36a64d19a" storage="TestAssembly.dll">
      <Execution id="3e28e7a1-2a12-4331-9e3f-8dfd41671ff7" />
      <TestMethod codeBase="TestAssembly.dll" className="TestNamespace.TestClass1" name="Test8808" />
    </UnitTest>
    <UnitTest name="Test8809" id="4d9258d1-9839-4fe2-86ee-b610de4b4ce3" storage="TestAssembly.dll">
      <Execution id="6d715647-0e09-4926-8f3e-33723a31ee3b" />
      <TestMethod codeBase="TestAssembly.dll" className="TestNamespace.TestClass1" name="Test8809" />
    </UnitTest>
    <UnitTest name="Test8810" id="39b76a9d-fc2b-470d-90ef-09658d28870d" storage="TestAssembly.dll">
      <Execution id="07660770-80bd-42c4-8275-bd9d3c8b8789" />
      <TestMethod codeBase="TestAssembly.dll" className="TestNamespace.TestClass1" name="Test8810" />
    </UnitTest>
    <UnitTest name="Test8811" id="50d741cd-9df7-4661-96d5-7c8152d93919" storage="TestAssembly.dll">
      <Execution id="40b7bd38-b98c-4909-a559-d997afd5aa57" />
      <TestMethod codeBase="TestAssembly.dll" className="TestNamespace.TestClass2" name="Test8811" />
    </UnitTest>
    <UnitTest name="Test8812" id="213a4a85-b732-470d-a543-bbd2ad33f592" storage="TestAssembly.dll">
      <Execution id="f581981b-bd87-4e8e-8471-232cb0eb03a5" />
      <TestMethod codeBase="TestAssembly.dll" className="TestNamespace.TestClass2" name="Test8812" />
    </UnitTest>
    <UnitTest name="Test8813" id="378340f5-f757-4c8d-a293-155ebcb57b8f" storage="TestAssembly.dll">
      <Execution id="5d46ed77-961d-4ceb-9834-4a9b002ea870" />
      <TestMethod codeBase="TestAssembly.dll" className="TestNamespace.TestClass2" name="Test8813" />
    </UnitTest>
    <UnitTest name="Test8814" id="6453846e-0533-462d-9c5e-f649f94c3182" storage="TestAssembly.dll">
      <Execution id="1bab9f3b-3555-4bd9-8d7a-aec7219512c0" />
      <TestMethod codeBase="TestAssembly.dll" className="TestNamespace.TestClass2" name="Test8814" />
    </UnitTest>
    <UnitTest name="Test8815" id="c333f341-251d-45f0-abf7-ceae23371c93" storage="TestAssembly.dll">
      <Execution id="fccf98f0-90cf-43e1-b118-e868d77b593f" />
      <TestMethod codeBase="TestAssembly.dll" className="TestNamespace.TestClass2" name="Test8815" />
    </UnitTest>
    <UnitTest name="Test8816" id="09c85e6f-9543-459a-a07d-c8f2355e5660" storage="TestAssembly.dll">
      <Execution id="139b86f1-5257-40c8-be2c-1bc3287f43ab" />
      <TestMethod codeBase="TestAssembly.dll" className="TestNamespace.TestClass2" name="Test8816" />
    </UnitTest>
    <UnitTest name="Test8817" id="8f081fa2-24ad-492f-890d-f8480876ce21" storage="TestAssembly.dll">
      <Execution id="51da7cbf-aedb-4c0c-af01-9eefbe29998a" />
      <TestMethod codeBase="TestAssembly.dll" className="TestNamespace.TestClass2" name="Test8817" />
    </UnitTest>
    <UnitTest name="Test8818" id="235cf899-0e94-4b86-af9c-225c7a456190" storage="TestAssembly.dll">
      <Execution id="73ef9dff-db7e-48ee-abb0-29947f49d77f" />
      <TestMethod codeBase="TestAssembly.dll" className="TestNamespace.TestClass2" name="Test8818" />
    </UnitTest>
    <UnitTest name="Test8819" id="7d15021b-96a1-451c-9291-91d30db97b28" storage="TestAssembly.dll">
      <Execution id="6715cf6c-a58f-4f07-9525-e53db415a9b1" />
      <TestMethod codeBase="TestAssembly.dll" className="TestNamespace.TestClass2" name="Test8819" />
    </UnitTest>
    <UnitTest name="Test8820" id="d209964c-eecd-4970-ae95-b34f6c180f89" storage="TestAssembly.dll">
      <Execution id="fa0b6bd4-d73b-4bc8-ba91-4c54004adc22" />
      <TestMethod codeBase="TestAssembly.dll" className="TestNamespace.TestClass2" name="Test8820" />
    </UnitTest>
    <UnitTest name="Test8821" id="53d552c6-4079-46bc-be00-d2ea357592be" storage="TestAssembly.dll">
      <Execution id="f4549745-39c3-4e08-8a6d-2e91321750ad" />
      <TestMethod codeBase="TestAssembly.dll" className="TestNamespace.TestClass3" name="Test8821" />
    </UnitTest>
    <UnitTest name="Test8822" id="199c56c3-3312-4fd3-9eb1-13069a92c12a" storage="TestAssembly.dll">
      <Execution id="29e2c25f-9d17-48b9-a4f1-3633de4681ef" />
      <TestMethod codeBase="TestAssembly.dll" className="TestNamespace.TestClass3" name="Test8822" />
    </UnitTest>
    <UnitTest name="Test8823" id="974db77d-bd69-4a48-991e-e4f01bec03ce" storage="TestAssembly.dll">
      <Execution id="631a4185-8901-481a-a720-a69c7ce51447" />
      <TestMethod codeBase="TestAssembly.dll" className="TestNamespace.TestClass3" name="Test8823" />
    </UnitTest>
    <UnitTest name="Test8824" id="19fb20fe-5401-4a95-9982-ea763910667a" storage="TestAssembly.dll">
      <Execution id="d0fb289f-fb4c-4981-a47a-abc5781d80ac" />
      <TestMethod codeBase="TestAssembly.dll" className="TestNamespace.TestClass3" name="Test8824" />
    </UnitTest>
    <UnitTest name="Test8825" id="de447de5-500d-46fc-b050-defc89203914" storage="TestAssembly.dll">
      <Execution id="cbd1fd35-d513-4a3c-b712-26663579560d" />
      <TestMethod codeBase="TestAssembly.dll" className="TestNamespace.TestClass3" name="Test8825" />
    </UnitTest>
    <UnitTest name="Test8826" id="647df011-4b8b-41ef-8b25-56b4ee7d28df" storage="TestAssembly.dll">
      <Execution id="a63eaf90-3181-41d7-941a-ef7da8079a57" />
      <TestMethod codeBase="TestAssembly.dll" className="TestNamespace.TestClass3" name="Test8826" />
    </UnitTest>
    <UnitTest name="Test8827" id="08af2bb7-c661-4202-824b-e4b8c9aaf7c9" storage="TestAssembly.dll">
      <Execution id="51a606bc-f3c1-458c-b23e-dbfd648b2708" />
      <TestMethod codeBase="TestAssembly.dll" className="TestNamespace.TestClass3" name="Test8827" />
    </UnitTest>
    <UnitTest name="Test8828" id="b1f4e77b-e581-4a68-9824-2ed8d4881730" storage="TestAssembly.dll">
      <Execution id="1a104958-2644-407d-a3b9-363d3c3f93b3" />
      <TestMethod codeBase="TestAssembly.dll" className="TestNamespace.TestClass3" name="Test8828" />
    </UnitTest>
    <UnitTest name="Test8829" id="cc394642-cd26-4394-b923-9f2e07f5246a" storage="TestAssembly.dll">
      <Execution id="5db1af31-55fc-48ff-bae9-d8d65e3cc293" />
      <TestMethod codeBase="TestAssembly.dll" className="TestNamespace.TestClass3" name="Test8829" />
    </UnitTest>
    <UnitTest name="Test8830" id="52d26c00-b2d6-4b44-9bdf-969beb7fa3fe" storage="TestAssembly.dll">
      <Execution id="916080d7-dcaa-4273-89f9-d5da5c792736" />
      <TestMethod codeBase="TestAssembly.dll" className="TestNamespace.TestClass3" name="Test8830" />
    </UnitTest>
    <UnitTest name="Test8831" id="7c295b6f-70c7-48ef-96f9-e0aa4b55da5b" storage="TestAssembly.dll">
      <Execution id="3aa8d13c-eb17-4473-b87b-9965133f11aa" />
      <TestMethod codeBase="TestAssembly.dll" className="TestNamespace.TestClass4" name="Test8831" />
    </UnitTest>
    <UnitTest name="Test8832" id="b5a3cf8d-6efb-45b1-87fe-8acb3b4d6732" storage="TestAssembly.dll">
      <Execution id="a1db6c88-4be9-485b-848e-cd5d82eefaf2" />
      <TestMethod codeBase="TestAssembly.dll" className="TestNamespace.TestClass4" name="Test8832" />
    </UnitTest>
    <UnitTest name="Test8833" id="8163e129-8f17-4b4f-90fd-3d88d359e3a4" storage="TestAssembly.dll">
      <Execution id="20da1f1f-6a82-4608-b567-5a83021cfdca" />
      <TestMethod codeBase="TestAssembly.dll" className="TestNamespace.TestClass4" name="Test8833" />
    </UnitTest>
    <UnitTest name="Test8834" id="d5cd5c4e-9fca-4220-aa57-ff82f3ad5201" storage="TestAssembly.dll">
      <Execution id="133ad37e-5e2f-451f-8c49-73d9bc52da51" />
      <TestMethod codeBase="TestAssembly.dll" className="TestNamespace.TestClass4" name="Test8834" />
    </UnitTest>
    <UnitTest name="Test8835" id="5c12307c-a4a3-4d6f-a39d-15caff8d7e88" storage="TestAssembly.dll">
      <Execution id="1c072c67-818d-4ea1-8749-f384d9278466" />
      <TestMethod codeBase="TestAssembly.dll" className="TestNamespace.TestClass4" name="Test8835" />
    </UnitTest>
    <UnitTest name="Test8836" id="b9af2a0c-5b4a-4039-981d-aeba42c99fcd" storage="TestAssembly.dll">
      <Execution id="7c0437c3-d1e7-4e87-816a-b377470ce1e6" />
      <TestMethod codeBase="TestAssembly.dll" className="TestNamespace.TestClass4" name="Test8836" />
    </UnitTest>
    <UnitTest name="Test8837" id="b8ad1404-d907-4f00-ac62-02098743c6bb" storage="TestAssembly.dll">
      <Execution id="0b86bd02-02b2-43ad-93ab-287c22a8cacc" />
      <TestMethod codeBase="TestAssembly.dll" className="TestNamespace.TestClass4" name="Test8837" />
    </UnitTest>
    <UnitTest name="Test8838" id="5b05c733-183d-49b3-bd7d-f489b7f87556" storage="TestAssembly.dll">
      <Execution id="06020824-3fd7-40fa-9834-2f6369aba59c" />
      <TestMethod codeBase="TestAssembly.dll" className="TestNamespace.TestClass4" name="Test8838" />
    </UnitTest>
    <UnitTest name="Test8839" id="86ca1a5d-0a00-4a46-bebd-575a34dcabb5" storage="TestAssembly.dll">
      <Execution id="4640f5bc-2848-430a-8115-08b1a4ca04b8" />
      <TestMethod codeBase="TestAssembly.dll" className="TestNamespace.TestClass4" name="Test8839" />
    </UnitTest>
    <UnitTest name="Test8840" id="50f545ed-2c0f-4118-9d5d-fa743339fba6" storage="TestAssembly.dll">
      <Execution id="d77196ef-d92a-4ef3-93ad-c007f2061941" />
      <TestMethod codeBase="TestAssembly.dll" className="TestNamespace.TestClass4" name="Test8840" />
    </UnitTest>
    <UnitTest name="Test8841" id="8f66d165-77c2-4000-8424-017fc2f73747" storage="TestAssembly.dll">
      <Execution id="aad9a5db-45a1-496e-9663-1f218ffc09cb" />
      <TestMethod codeBase="TestAssembly.dll" className="TestNamespace.TestClass5" name="Test8841" />
    </UnitTest>
    <UnitTest name="Test8842" id="13cb8097-0fc1-49d9-b534-9451a0770acf" storage="TestAssembly.dll">
      <Execution id="dfa51862-3a2c-4ab5-ba23-04eb596907bd" />
      <TestMethod codeBase="TestAssembly.dll" className="TestNamespace.TestClass5" name="Test8842" />
    </UnitTest>
    <UnitTest name="Test8843" id="a5c2a181-7213-41cd-8368-5bac165563ef" storage="TestAssembly.dll">
      <Execution id="0841fe50-5568-4231-8f9c-c6577aa1f408" />
      <TestMethod codeBase="TestAssembly.dll" className="TestNamespace.TestClass5" name="Test8843" />
    </UnitTest>
    <UnitTest name="Test8844" id="3eca6f3e-6eb9-4e80-8fb8-149bf4db8be9" storage="TestAssembly.dll">
      <Execution id="6115290e-a409-445d-a660-f403f27d9647" />
      <TestMethod codeBase="TestAssembly.dll" className="TestNamespace.TestClass5" name="Test8844" />
    </UnitTest>
    <UnitTest name="Test8845" id="d5b6f17d-52a3-41f5-9b1a-9d6ee75871c2" storage="TestAssembly.dll">
      <Execution id="f9dae62f-e381-4e10-b74a-ca38567447b6" />
      <TestMethod codeBase="TestAssembly.dll" className="TestNamespace.TestClass5" name="Test8845" />
    </UnitTest>
    <UnitTest name="Test8846" id="714473aa-779e-4902-93d7-3251fa2c89cc" storage="TestAssembly.dll">
      <Execution id="5280268c-fef7-4766-8558-b8814b331529" />
      <TestMethod codeBase="TestAssembly.dll" className="TestNamespace.TestClass5" name="Test8846" />
    </UnitTest>
    <UnitTest name="Test8847" id="2fe1760d-8263-4398-9063-ed284cc067a4" storage="TestAssembly.dll">
      <Execution id="05374d6b-3e2a-485f-811a-0b0636a4de28" />
      <TestMethod codeBase="TestAssembly.dll" className="TestNamespace.TestClass5" name="Test8847" />
    </UnitTest>
    <UnitTest name="Test8848" id="63bfc9ca-dbe8-465f-b2b2-f0b0d5a0d323" storage="TestAssembly.dll">
      <Execution id="2de35f4f-64d3-4259-8102-ac77383a98c2" />
      <TestMethod codeBase="TestAssembly.dll" className="TestNamespace.TestClass5" name="Test8848" />
    </UnitTest>
    <UnitTest name="Test8849" id="95addccd-1291-4265-9f9a-f1fe7803318c" storage="TestAssembly.dll">
      <Execution id="cbcbdb22-660f-411b-b0bc-5d3c0b7ae1e1" />
      <TestMethod codeBase="TestAssembly.dll" className="TestNamespace.TestClass5" name="Test8849" />
    </UnitTest>
    <UnitTest name="Test8850" id="0ed2b2ce-fb64-4623-b036-eeb640a57e72" storage="TestAssembly.dll">
      <Execution id="2889b095-cbec-480c-84be-acce85a516bd" />
      <TestMethod codeBase="TestAssembly.dll" className="TestNamespace.TestClass5" name="Test8850" />
    </UnitTest>
    <UnitTest name="Test8851" id="08df7671-0e08-4c1c-b700-088b87c2a863" storage="TestAssembly.dll">
      <Execution id="affe64b5-9a05-4b3e-b12d-1584443a3297" />
      <TestMethod codeBase="TestAssembly.dll" className="TestNamespace.TestClass6" name="Test8851" />
    </UnitTest>
    <UnitTest name="Test8852" id="3c40f8ef-9e00-429b-8c62-a43974b02ef6" storage="TestAssembly.dll">
      <Execution id="a2b54c37-066d-4b7f-8e0a-6ab4b23c709f" />
      <TestMethod codeBase="TestAssembly.dll" className="TestNamespace.TestClass6" name="Test8852" />
    </UnitTest>
    <UnitTest name="Test8853" id="fecbb412-1b1c-4b46-9318-e7d95f84fa49" storage="TestAssembly.dll">
      <Execution id="d91ba2e5-1d68-451a-8578-861451e2b004" />
      <TestMethod codeBase="TestAssembly.dll" className="TestNamespace.TestClass6" name="Test8853" />
    </UnitTest>
    <UnitTest name="Test8854" id="03ceed04-ec28-4f6b-9fb3-0d145c938f7c" storage="TestAssembly.dll">
      <Execution id="1e3d4c7a-75fd-4031-8fb8-df27b27bd821" />
      <TestMethod codeBase="TestAssembly.dll" className="TestNamespace.TestClass6" name="Test8854" />
    </UnitTest>
    <UnitTest name="Test8855" id="49acc4b8-6ae3-45a6-af7f-10c6091e5a81" storage="TestAssembly.dll">
      <Execution id="eb0842b1-982c-4cd3-9106-3413315a3ed4" />
      <TestMethod codeBase="TestAssembly.dll" className="TestNamespace.TestClass6" name="Test8855" />
    </UnitTest>
    <UnitTest name="Test8856" id="31439406-dc35-4b9f-aa8f-902ab445f91e" storage="TestAssembly.dll">
      <Execution id="d686c5eb-7f95-4f89-8964-529b91ebbec9" />
      <TestMethod codeBase="TestAssembly.dll" className="TestNamespace.TestClass6" name="Test8856" />
    </UnitTest>
    <UnitTest name="Test8857" id="8ba89a8a-5a12-4d4e-a2b0-73ede631e691" storage="TestAssembly.dll">
      <Execution id="6caeed4d-15ff-478a-92b8-dd0f51a190d1" />
      <TestMethod codeBase="TestAssembly.dll" className="TestNamespace.TestClass6" name="Test8857" />
    </UnitTest>
    <UnitTest name="Test8858" id="89450eab-5767-43c3-972c-49f0b72cdb68" storage="TestAssembly.dll">
      <Execution id="3d5f85af-7b76-4464-b2ff-d98add78c557" />
      <TestMethod codeBase="TestAssembly.dll" className="TestNamespace.TestClass6" name="Test8858" />
    </UnitTest>
    <UnitTest name="Test8859" id="c671e2b7-d322-4bde-bf92-1c9d6a5f72fb" storage="TestAssembly.dll">
      <Execution id="efedc65a-7ea7-4aea-9188-6ff7108b0c2a" />
      <TestMethod codeBase="TestAssembly.dll" className="TestNamespace.TestClass6" name="Test8859" />
    </UnitTest>
    <UnitTest name="Test8860" id="9b56aa6e-76b3-48ef-a27d-5b1b06419a1c" storage="TestAssembly.dll">
      <Execution id="8e1cda68-ac21-4f4b-b93e-3925e9a0199e" />
      <TestMethod codeBase="TestAssembly.dll" className="TestNamespace.TestClass6" name="Test8860" />
    </UnitTest>
    <UnitTest name="Test8861" id="01cf79f5-f7d4-446c-958b-59f4e2f7e8a1" storage="TestAssembly.dll">
      <Execution id="b0457b74-c3a6-42a8-b283-574bf91416c3" />
      <TestMethod codeBase="TestAssembly.dll" className="TestNamespace.TestClass7" name="Test8861" />
    </UnitTest>
    <UnitTest name="Test8862" id="02bf53bf-9ac1-4264-997e-8f681f52948a" storage="TestAssembly.dll">
      <Execution id="1cac2486-bb59-446a-98fd-58e385446f98" />
      <TestMethod codeBase="TestAssembly.dll" className="TestNamespace.TestClass7" name="Test8862" />
    </UnitTest>
    <UnitTest name="Test8863" id="c0d5df63-71cf-4d85-8881-4f2339688836" storage="TestAssembly.dll">
      <Execution id="a3e5fa69-8c88-468e-9fa1-7c0ebb82657c" />
      <TestMethod codeBase="TestAssembly.dll" className="TestNamespace.TestClass7" name="Test8863" />
    </UnitTest>
    <UnitTest name="Test8864" id="85241808-8ca0-4971-b9d0-9b39639c5e65" storage="TestAssembly.dll">
      <Execution id="b6549095-253e-46ce-89e9-553427126e8f" />
      <TestMethod codeBase="TestAssembly.dll" className="TestNamespace.TestClass7" name="Test8864" />
    </UnitTest>
    <UnitTest name="Test8865" id="801db871-ee66-498e-ab01-5d7952ad4c69" storage="TestAssembly.dll">
      <Execution id="d6d693ed-9686-4269-8d4e-a0e0d75c462f" />
      <TestMethod codeBase="TestAssembly.dll" className="TestNamespace.TestClass7" name="Test8865" />
    </UnitTest>
    <UnitTest name="Test8866" id="72fe523f-3f55-41e1-9477-0e91c443e101" storage="TestAssembly.dll">
      <Execution id="24f2fe3a-b842-4b0d-8480-36743e6634b8" />
      <TestMethod codeBase="TestAssembly.dll" className="TestNamespace.TestClass7" name="Test8866" />
    </UnitTest>
    <UnitTest name="Test8867" id="9b75792e-6617-4fd1-9c87-bf4ff273097f" storage="TestAssembly.dll">
      <Execution id="5bc6eb65-837d-44a7-bab5-8bf31da66197" />
      <TestMethod codeBase="TestAssembly.dll" className="TestNamespace.TestClass7" name="Test8867" />
    </UnitTest>
    <UnitTest name="Test8868" id="a83c949c-b4aa-4312-8806-f231b72d3b44" storage="TestAssembly.dll">
      <Execution id="8fce83cb-d4de-4f80-a049-08fe28633f11" />
      <TestMethod codeBase="TestAssembly.dll" className="TestNamespace.TestClass7" name="Test8868" />
    </UnitTest>
    <UnitTest name="Test8869" id="573bfb3e-c0fd-4c44-b9c1-483930825f27" storage="TestAssembly.dll">
      <Execution id="46d1c188-a910-4540-8455-f7c262d9cb3e" />
      <TestMethod codeBase="TestAssembly.dll" className="TestNamespace.TestClass7" name="Test8869" />
    </UnitTest>
    <UnitTest name="Test8870" id="bb252ded-0a20-4963-999d-f36900ea772e" storage="TestAssembly.dll">
      <Execution id="46845d71-8ee5-480a-9f9c-939215ff9e30" />
      <TestMethod codeBase="TestAssembly.dll" className="TestNamespace.TestClass7" name="Test8870" />
    </UnitTest>
    <UnitTest name="Test8871" id="067903a5-11a0-42a6-9c9e-0136b77f3cb8" storage="TestAssembly.dll">
      <Execution id="b4daa59a-d0e0-46b9-bec4-e5074f972353" />
      <TestMethod codeBase="TestAssembly.dll" className="TestNamespace.TestClass8" name="Test8871" />
    </UnitTest>
    <UnitTest name="Test8872" id="7d6a0498-b50c-46b7-91f7-f361c4e2e690" storage="TestAssembly.dll">
      <Execution id="523fd083-8f92-4e3a-a615-2f0f8bbdcd00" />
      <TestMethod codeBase="TestAssembly.dll" className="TestNamespace.TestClass8" name="Test8872" />
    </UnitTest>
    <UnitTest name="Test8873" id="16a3e988-72f9-411e-9588-0c1d2e50b8b0" storage="TestAssembly.dll">
      <Execution id="3ff59b69-70a6-4f30-9605-57f076e40094" />
      <TestMethod codeBase="TestAssembly.dll" className="TestNamespace.TestClass8" name="Test8873" />
    </UnitTest>
    <UnitTest name="Test8874" id="4aaf6e97-dccc-48e1-8860-6ca1a4aaf9e0" storage="TestAssembly.dll">
      <Execution id="470f2f62-2cb9-41ba-9a60-76f9347eeb8e" />
      <TestMethod codeBase="TestAssembly.dll" className="TestNamespace.TestClass8" name="Test8874" />
    </UnitTest>
    <UnitTest name="Test8875" id="fb37b443-1cec-4a50-a340-3c03fdf9338c" storage="TestAssembly.dll">
      <Execution id="b7b9f336-9fe3-4be4-8b33-4eb49a1e31fe" />
      <TestMethod codeBase="TestAssembly.dll" className="TestNamespace.TestClass8" name="Test8875" />
    </UnitTest>
    <UnitTest name="Test8876" id="b1f0873a-f18f-4632-a1d5-e03d2cd22c99" storage="TestAssembly.dll">
      <Execution id="6e01cddf-ca35-4003-a131-82a6da267102" />
      <TestMethod codeBase="TestAssembly.dll" className="TestNamespace.TestClass8" name="Test8876" />
    </UnitTest>
    <UnitTest name="Test8877" id="26089b4a-8636-4290-92ad-74353cc63462" storage="TestAssembly.dll">
      <Execution id="9e1d4d80-5bd7-4919-b99c-4bc871fd7520" />
      <TestMethod codeBase="TestAssembly.dll" className="TestNamespace.TestClass8" name="Test8877" />
    </UnitTest>
    <UnitTest name="Test8878" id="a26036ac-0761-4a77-9f50-1d0cedd77a35" storage="TestAssembly.dll">
      <Execution id="0c0209a9-3f08-4339-93b8-62c211b7ac77" />
      <TestMethod codeBase="TestAssembly.dll" className="TestNamespace.TestClass8" name="Test8878" />
    </UnitTest>
    <UnitTest name="Test8879" id="1c338c3b-536a-4874-953b-b5007e7f8539" storage="TestAssembly.dll">
      <Execution id="79d43b41-4834-486b-8500-fe1fca9b472b" />
      <TestMethod codeBase="TestAssembly.dll" className="TestNamespace.TestClass8" name="Test8879" />
    </UnitTest>
    <UnitTest name="Test8880" id="947ee938-a24f-4fc5-a156-8571b6fb77d8" storage="TestAssembly.dll">
      <Execution id="860adf1f-694d-42a0-9aeb-08a767133334" />
      <TestMethod codeBase="TestAssembly.dll" className="TestNamespace.TestClass8" name="Test8880" />
    </UnitTest>
    <UnitTest name="Test8881" id="3239a975-f0ac-4119-a339-03c8385240ec" storage="TestAssembly.dll">
      <Execution id="2a460740-bc1b-4f93-ae2a-45f48c130f83" />
      <TestMethod codeBase="TestAssembly.dll" className="TestNamespace.TestClass9" name="Test8881" />
    </UnitTest>
    <UnitTest name="Test8882" id="3154f1c9-ab84-4610-90d9-bc67f4fb048f" storage="TestAssembly.dll">
      <Execution id="c57a8e08-c5f4-44ad-9a9c-3adc22a84921" />
      <TestMethod codeBase="TestAssembly.dll" className="TestNamespace.TestClass9" name="Test8882" />
    </UnitTest>
    <UnitTest name="Test8883" id="edc64bcc-a0c4-45c0-9c84-230f5ff5f62a" storage="TestAssembly.dll">
      <Execution id="daddce3b-d58e-4f16-8968-a51253fc0f55" />
      <TestMethod codeBase="TestAssembly.dll" className="TestNamespace.TestClass9" name="Test8883" />
    </UnitTest>
    <UnitTest name="Test8884" id="0d0ae15a-2f43-4d2d-9d7a-7ee07a51bbf9" storage="TestAssembly.dll">
      <Execution id="7260e405-fab5-4cb1-ac88-250bee68cd2c" />
      <TestMethod codeBase="TestAssembly.dll" className="TestNamespace.TestClass9" name="Test8884" />
    </UnitTest>
    <UnitTest name="Test8885" id="58d1e71c-532f-44ca-a905-c2c408d44fc9" storage="TestAssembly.dll">
      <Execution id="587d2ef1-aaa4-407a-a097-924aa7f97d62" />
      <TestMethod codeBase="TestAssembly.dll" className="TestNamespace.TestClass9" name="Test8885" />
    </UnitTest>
    <UnitTest name="Test8886" id="dda5bc55-ddfa-4598-861b-80fdfd31f361" storage="TestAssembly.dll">
      <Execution id="48cdbd0f-d11d-4365-b264-7550c3734496" />
      <TestMethod codeBase="TestAssembly.dll" className="TestNamespace.TestClass9" name="Test8886" />
    </UnitTest>
    <UnitTest name="Test8887" id="bdd398e1-848c-4291-b098-c88647b89446" storage="TestAssembly.dll">
      <Execution id="7ab38e5d-de60-4bd4-b1a2-6daa8296b2c8" />
      <TestMethod codeBase="TestAssembly.dll" className="TestNamespace.TestClass9" name="Test8887" />
    </UnitTest>
    <UnitTest name="Test8888" id="cfc832e7-79a6-43e9-923c-454f3997c65d" storage="TestAssembly.dll">
      <Execution id="60a9f2ec-e7e8-49ab-ba83-5db26e6e1255" />
      <TestMethod codeBase="TestAssembly.dll" className="TestNamespace.TestClass9" name="Test8888" />
    </UnitTest>
    <UnitTest name="Test8889" id="ef647ffe-82d9-4f5c-ad94-c6f8f8331bcb" storage="TestAssembly.dll">
      <Execution id="93f68939-1192-49f8-acfa-e32215931c81" />
      <TestMethod codeBase="TestAssembly.dll" className="TestNamespace.TestClass9" name="Test8889" />
    </UnitTest>
    <UnitTest name="Test8890" id="2606740a-5aec-4874-b853-2211bfc4938c" storage="TestAssembly.dll">
      <Execution id="5a764701-8129-49a8-981b-6a59a0ec3d84" />
      <TestMethod codeBase="TestAssembly.dll" className="TestNamespace.TestClass9" name="Test8890" />
    </UnitTest>
    <UnitTest name="Test8891" id="5cd18417-6916-4bff-9fb1-ac8ddabf3ccb" storage="TestAssembly.dll">
      <Execution id="0de9f32f-fca8-4ab5-9438-e298acc71563" />
      <TestMethod codeBase="TestAssembly.dll" className="TestNamespace.TestClass10" name="Test8891" />
    </UnitTest>
    <UnitTest name="Test8892" id="ddb01030-590b-4a5b-858a-559e7c329807" storage="TestAssembly.dll">
      <Execution id="460d2493-472b-4079-95ed-65b88b5947b4" />
      <TestMethod codeBase="TestAssembly.dll" className="TestNamespace.TestClass10" name="Test8892" />
    </UnitTest>
    <UnitTest name="Test8893" id="dd7fbb3c-72eb-4eea-a746-17625ea941db" storage="TestAssembly.dll">
      <Execution id="63e02164-c6c7-4806-bed2-b8ff1b985cdb" />
      <TestMethod codeBase="TestAssembly.dll" className="TestNamespace.TestClass10" name="Test8893" />
    </UnitTest>
    <UnitTest name="Test8894" id="9bb0a841-44f7-40d0-a883-635ca4785827" storage="TestAssembly.dll">
      <Execution id="d489a566-be59-4c95-94f5-5ba8fe952059" />
      <TestMethod codeBase="TestAssembly.dll" className="TestNamespace.TestClass10" name="Test8894" />
    </UnitTest>
    <UnitTest name="Test8895" id="7c20be86-5ef4-414a-ade9-ad4451c8d8cf" storage="TestAssembly.dll">
      <Execution id="cff4dda1-ffe8-4c56-b07e-8c2a13c55c3f" />
      <TestMethod codeBase="TestAssembly.dll" className="TestNamespace.TestClass10" name="Test8895" />
    </UnitTest>
    <UnitTest name="Test8896" id="340afa5d-4af3-4a18-bb19-9cf18509d920" storage="TestAssembly.dll">
      <Execution id="81a187b8-a36f-4685-9cfc-b532ac563d06" />
      <TestMethod codeBase="TestAssembly.dll" className="TestNamespace.TestClass10" name="Test8896" />
    </UnitTest>
    <UnitTest name="Test8897" id="4fe16b23-ed23-4e8c-8189-5182596a82ad" storage="TestAssembly.dll">
      <Execution id="55d59fc8-84c9-4cf0-bc85-1440310d10e2" />
      <TestMethod codeBase="TestAssembly.dll" className="TestNamespace.TestClass10" name="Test8897" />
    </UnitTest>
    <UnitTest name="Test8898" id="8190c3dd-394e-4c11-bdbe-b675efb98bf6" storage="TestAssembly.dll">
      <Execution id="939d25ca-a2ad-4ff6-86f5-99b035b7b85d" />
      <TestMethod codeBase="TestAssembly.dll" className="TestNamespace.TestClass10" name="Test8898" />
    </UnitTest>
    <UnitTest name="Test8899" id="d8b6789c-0f87-4dad-8d9c-fa3f11aadf96" storage="TestAssembly.dll">
      <Execution id="03fb2366-caeb-46a4-9d06-f36c12bbf6f3" />
      <TestMethod codeBase="TestAssembly.dll" className="TestNamespace.TestClass10" name="Test8899" />
    </UnitTest>
    <UnitTest name="Test8900" id="d27beb35-433f-4e6b-a08d-a6c0fe3e7bf8" storage="TestAssembly.dll">
      <Execution id="3d7cba4a-1e27-4c49-82b7-ebaae3fb93ca" />
      <TestMethod codeBase="TestAssembly.dll" className="TestNamespace.TestClass10" name="Test8900" />
    </UnitTest>
  </TestDefinitions>
  <TestEntries>
    <TestEntry testId="4221a1f8-9c62-402f-9805-50194e667e0a" executionId="3a63cce5-66da-4fd1-9b7a-c84af05ae3bc" testListId="6be8b237-ad12-498a-895b-a6c1a129e775" />
    <TestEntry testId="4f9aa88f-14f3-4f78-9184-76df1c839f8a" executionId="1b4a04cd-c14f-479b-b830-db5ae3f68523" testListId="6be8b237-ad12-498a-895b-a6c1a129e775" />
    <TestEntry testId="4134ed1a-8aef-49c6-aca5-d35db0ec4dd0" executionId="94056473-690c-45c8-ad72-efbc5d3618a0" testListId="6be8b237-ad12-498a-895b-a6c1a129e775" />
    <TestEntry testId="dc110834-6124-4562-b4d0-43e0514ad516" executionId="f922c4fd-ba99-463a-8c1d-15c4a6159c1a" testListId="6be8b237-ad12-498a-895b-a6c1a129e775" />
    <TestEntry testId="2b2c5978-75fc-4d5e-ab5f-1768cb296994" executionId="240a5dbb-50bb-4559-9939-d0f8c32c90f8" testListId="6be8b237-ad12-498a-895b-a6c1a129e775" />
    <TestEntry testId="b271617a-6ff4-40cd-afee-08e7d2d2552d" executionId="229e6844-5fed-4da2-a51e-94e968af5894" testListId="6be8b237-ad12-498a-895b-a6c1a129e775" />
    <TestEntry testId="c61f3fb3-c231-4b58-bc67-92f66d2543fb" executionId="b1291655-8461-459c-a1ac-5cf8e0b55ad7" testListId="6be8b237-ad12-498a-895b-a6c1a129e775" />
    <TestEntry testId="fbb9cdc8-0bba-4f12-9322-73f36a64d19a" executionId="3e28e7a1-2a12-4331-9e3f-8dfd41671ff7" testListId="6be8b237-ad12-498a-895b-a6c1a129e775" />
    <TestEntry testId="4d9258d1-9839-4fe2-86ee-b610de4b4ce3" executionId="6d715647-0e09-4926-8f3e-33723a31ee3b" testListId="6be8b237-ad12-498a-895b-a6c1a129e775" />
    <TestEntry testId="39b76a9d-fc2b-470d-90ef-09658d28870d" executionId="07660770-80bd-42c4-8275-bd9d3c8b8789" testListId="6be8b237-ad12-498a-895b-a6c1a129e775" />
    <TestEntry testId="50d741cd-9df7-4661-96d5-7c8152d93919" executionId="40b7bd38-b98c-4909-a559-d997afd5aa57" testListId="6be8b237-ad12-498a-895b-a6c1a129e775" />
    <TestEntry testId="213a4a85-b732-470d-a543-bbd2ad33f592" executionId="f581981b-bd87-4e8e-8471-232cb0eb03a5" testListId="6be8b237-ad12-498a-895b-a6c1a129e775" />
    <TestEntry testId="378340f5-f757-4c8d-a293-155ebcb57b8f" executionId="5d46ed77-961d-4ceb-9834-4a9b002ea870" testListId="6be8b237-ad12-498a-895b-a6c1a129e775" />
    <TestEntry testId="6453846e-0533-462d-9c5e-f649f94c3182" executionId="1bab9f3b-3555-4bd9-8d7a-aec7219512c0" testListId="6be8b237-ad12-498a-895b-a6c1a129e775" />
    <TestEntry testId="c333f341-251d-45f0-abf7-ceae23371c93" executionId="fccf98f0-90cf-43e1-b118-e868d77b593f" testListId="6be8b237-ad12-498a-895b-a6c1a129e775" />
    <TestEntry testId="09c85e6f-9543-459a-a07d-c8f2355e5660" executionId="139b86f1-5257-40c8-be2c-1bc3287f43ab" testListId="6be8b237-ad12-498a-895b-a6c1a129e775" />
    <TestEntry testId="8f081fa2-24ad-492f-890d-f8480876ce21" executionId="51da7cbf-aedb-4c0c-af01-9eefbe29998a" testListId="6be8b237-ad12-498a-895b-a6c1a129e775" />
    <TestEntry testId="235cf899-0e94-4b86-af9c-225c7a456190" executionId="73ef9dff-db7e-48ee-abb0-29947f49d77f" testListId="6be8b237-ad12-498a-895b-a6c1a129e775" />
    <TestEntry testId="7d15021b-96a1-451c-9291-91d30db97b28" executionId="6715cf6c-a58f-4f07-9525-e53db415a9b1" testListId="6be8b237-ad12-498a-895b-a6c1a129e775" />
    <TestEntry testId="d209964c-eecd-4970-ae95-b34f6c180f89" executionId="fa0b6bd4-d73b-4bc8-ba91-4c54004adc22" testListId="6be8b237-ad12-498a-895b-a6c1a129e775" />
    <TestEntry testId="53d552c6-4079-46bc-be00-d2ea357592be" executionId="f4549745-39c3-4e08-8a6d-2e91321750ad" testListId="6be8b237-ad12-498a-895b-a6c1a129e775" />
    <TestEntry testId="199c56c3-3312-4fd3-9eb1-13069a92c12a" executionId="29e2c25f-9d17-48b9-a4f1-3633de4681ef" testListId="6be8b237-ad12-498a-895b-a6c1a129e775" />
    <TestEntry testId="974db77d-bd69-4a48-991e-e4f01bec03ce" executionId="631a4185-8901-481a-a720-a69c7ce51447" testListId="6be8b237-ad12-498a-895b-a6c1a129e775" />
    <TestEntry testId="19fb20fe-5401-4a95-9982-ea763910667a" executionId="d0fb289f-fb4c-4981-a47a-abc5781d80ac" testListId="6be8b237-ad12-498a-895b-a6c1a129e775" />
    <TestEntry testId="de447de5-500d-46fc-b050-defc89203914" executionId="cbd1fd35-d513-4a3c-b712-26663579560d" testListId="6be8b237-ad12-498a-895b-a6c1a129e775" />
    <TestEntry testId="647df011-4b8b-41ef-8b25-56b4ee7d28df" executionId="a63eaf90-3181-41d7-941a-ef7da8079a57" testListId="6be8b237-ad12-498a-895b-a6c1a129e775" />
    <TestEntry testId="08af2bb7-c661-4202-824b-e4b8c9aaf7c9" executionId="51a606bc-f3c1-458c-b23e-dbfd648b2708" testListId="6be8b237-ad12-498a-895b-a6c1a129e775" />
    <TestEntry testId="b1f4e77b-e581-4a68-9824-2ed8d4881730" executionId="1a104958-2644-407d-a3b9-363d3c3f93b3" testListId="6be8b237-ad12-498a-895b-a6c1a129e775" />
    <TestEntry testId="cc394642-cd26-4394-b923-9f2e07f5246a" executionId="5db1af31-55fc-48ff-bae9-d8d65e3cc293" testListId="6be8b237-ad12-498a-895b-a6c1a129e775" />
    <TestEntry testId="52d26c00-b2d6-4b44-9bdf-969beb7fa3fe" executionId="916080d7-dcaa-4273-89f9-d5da5c792736" testListId="6be8b237-ad12-498a-895b-a6c1a129e775" />
    <TestEntry testId="7c295b6f-70c7-48ef-96f9-e0aa4b55da5b" executionId="3aa8d13c-eb17-4473-b87b-9965133f11aa" testListId="6be8b237-ad12-498a-895b-a6c1a129e775" />
    <TestEntry testId="b5a3cf8d-6efb-45b1-87fe-8acb3b4d6732" executionId="a1db6c88-4be9-485b-848e-cd5d82eefaf2" testListId="6be8b237-ad12-498a-895b-a6c1a129e775" />
    <TestEntry testId="8163e129-8f17-4b4f-90fd-3d88d359e3a4" executionId="20da1f1f-6a82-4608-b567-5a83021cfdca" testListId="6be8b237-ad12-498a-895b-a6c1a129e775" />
    <TestEntry testId="d5cd5c4e-9fca-4220-aa57-ff82f3ad5201" executionId="133ad37e-5e2f-451f-8c49-73d9bc52da51" testListId="6be8b237-ad12-498a-895b-a6c1a129e775" />
    <TestEntry testId="5c12307c-a4a3-4d6f-a39d-15caff8d7e88" executionId="1c072c67-818d-4ea1-8749-f384d9278466" testListId="6be8b237-ad12-498a-895b-a6c1a129e775" />
    <TestEntry testId="b9af2a0c-5b4a-4039-981d-aeba42c99fcd" executionId="7c0437c3-d1e7-4e87-816a-b377470ce1e6" testListId="6be8b237-ad12-498a-895b-a6c1a129e775" />
    <TestEntry testId="b8ad1404-d907-4f00-ac62-02098743c6bb" executionId="0b86bd02-02b2-43ad-93ab-287c22a8cacc" testListId="6be8b237-ad12-498a-895b-a6c1a129e775" />
    <TestEntry testId="5b05c733-183d-49b3-bd7d-f489b7f87556" executionId="06020824-3fd7-40fa-9834-2f6369aba59c" testListId="6be8b237-ad12-498a-895b-a6c1a129e775" />
    <TestEntry testId="86ca1a5d-0a00-4a46-bebd-575a34dcabb5" executionId="4640f5bc-2848-430a-8115-08b1a4ca04b8" testListId="6be8b237-ad12-498a-895b-a6c1a129e775" />
    <TestEntry testId="50f545ed-2c0f-4118-9d5d-fa743339fba6" executionId="d77196ef-d92a-4ef3-93ad-c007f2061941" testListId="6be8b237-ad12-498a-895b-a6c1a129e775" />
    <TestEntry testId="8f66d165-77c2-4000-8424-017fc2f73747" executionId="aad9a5db-45a1-496e-9663-1f218ffc09cb" testListId="6be8b237-ad12-498a-895b-a6c1a129e775" />
    <TestEntry testId="13cb8097-0fc1-49d9-b534-9451a0770acf" executionId="dfa51862-3a2c-4ab5-ba23-04eb596907bd" testListId="6be8b237-ad12-498a-895b-a6c1a129e775" />
    <TestEntry testId="a5c2a181-7213-41cd-8368-5bac165563ef" executionId="0841fe50-5568-4231-8f9c-c6577aa1f408" testListId="6be8b237-ad12-498a-895b-a6c1a129e775" />
    <TestEntry testId="3eca6f3e-6eb9-4e80-8fb8-149bf4db8be9" executionId="6115290e-a409-445d-a660-f403f27d9647" testListId="6be8b237-ad12-498a-895b-a6c1a129e775" />
    <TestEntry testId="d5b6f17d-52a3-41f5-9b1a-9d6ee75871c2" executionId="f9dae62f-e381-4e10-b74a-ca38567447b6" testListId="6be8b237-ad12-498a-895b-a6c1a129e775" />
    <TestEntry testId="714473aa-779e-4902-93d7-3251fa2c89cc" executionId="5280268c-fef7-4766-8558-b8814b331529" testListId="6be8b237-ad12-498a-895b-a6c1a129e775" />
    <TestEntry testId="2fe1760d-8263-4398-9063-ed284cc067a4" executionId="05374d6b-3e2a-485f-811a-0b0636a4de28" testListId="6be8b237-ad12-498a-895b-a6c1a129e775" />
    <TestEntry testId="63bfc9ca-dbe8-465f-b2b2-f0b0d5a0d323" executionId="2de35f4f-64d3-4259-8102-ac77383a98c2" testListId="6be8b237-ad12-498a-895b-a6c1a129e775" />
    <TestEntry testId="95addccd-1291-4265-9f9a-f1fe7803318c" executionId="cbcbdb22-660f-411b-b0bc-5d3c0b7ae1e1" testListId="6be8b237-ad12-498a-895b-a6c1a129e775" />
    <TestEntry testId="0ed2b2ce-fb64-4623-b036-eeb640a57e72" executionId="2889b095-cbec-480c-84be-acce85a516bd" testListId="6be8b237-ad12-498a-895b-a6c1a129e775" />
    <TestEntry testId="08df7671-0e08-4c1c-b700-088b87c2a863" executionId="affe64b5-9a05-4b3e-b12d-1584443a3297" testListId="6be8b237-ad12-498a-895b-a6c1a129e775" />
    <TestEntry testId="3c40f8ef-9e00-429b-8c62-a43974b02ef6" executionId="a2b54c37-066d-4b7f-8e0a-6ab4b23c709f" testListId="6be8b237-ad12-498a-895b-a6c1a129e775" />
    <TestEntry testId="fecbb412-1b1c-4b46-9318-e7d95f84fa49" executionId="d91ba2e5-1d68-451a-8578-861451e2b004" testListId="6be8b237-ad12-498a-895b-a6c1a129e775" />
    <TestEntry testId="03ceed04-ec28-4f6b-9fb3-0d145c938f7c" executionId="1e3d4c7a-75fd-4031-8fb8-df27b27bd821" testListId="6be8b237-ad12-498a-895b-a6c1a129e775" />
    <TestEntry testId="49acc4b8-6ae3-45a6-af7f-10c6091e5a81" executionId="eb0842b1-982c-4cd3-9106-3413315a3ed4" testListId="6be8b237-ad12-498a-895b-a6c1a129e775" />
    <TestEntry testId="31439406-dc35-4b9f-aa8f-902ab445f91e" executionId="d686c5eb-7f95-4f89-8964-529b91ebbec9" testListId="6be8b237-ad12-498a-895b-a6c1a129e775" />
    <TestEntry testId="8ba89a8a-5a12-4d4e-a2b0-73ede631e691" executionId="6caeed4d-15ff-478a-92b8-dd0f51a190d1" testListId="6be8b237-ad12-498a-895b-a6c1a129e775" />
    <TestEntry testId="89450eab-5767-43c3-972c-49f0b72cdb68" executionId="3d5f85af-7b76-4464-b2ff-d98add78c557" testListId="6be8b237-ad12-498a-895b-a6c1a129e775" />
    <TestEntry testId="c671e2b7-d322-4bde-bf92-1c9d6a5f72fb" executionId="efedc65a-7ea7-4aea-9188-6ff7108b0c2a" testListId="6be8b237-ad12-498a-895b-a6c1a129e775" />
    <TestEntry testId="9b56aa6e-76b3-48ef-a27d-5b1b06419a1c" executionId="8e1cda68-ac21-4f4b-b93e-3925e9a0199e" testListId="6be8b237-ad12-498a-895b-a6c1a129e775" />
    <TestEntry testId="01cf79f5-f7d4-446c-958b-59f4e2f7e8a1" executionId="b0457b74-c3a6-42a8-b283-574bf91416c3" testListId="6be8b237-ad12-498a-895b-a6c1a129e775" />
    <TestEntry testId="02bf53bf-9ac1-4264-997e-8f681f52948a" executionId="1cac2486-bb59-446a-98fd-58e385446f98" testListId="6be8b237-ad12-498a-895b-a6c1a129e775" />
    <TestEntry testId="c0d5df63-71cf-4d85-8881-4f2339688836" executionId="a3e5fa69-8c88-468e-9fa1-7c0ebb82657c" testListId="6be8b237-ad12-498a-895b-a6c1a129e775" />
    <TestEntry testId="85241808-8ca0-4971-b9d0-9b39639c5e65" executionId="b6549095-253e-46ce-89e9-553427126e8f" testListId="6be8b237-ad12-498a-895b-a6c1a129e775" />
    <TestEntry testId="801db871-ee66-498e-ab01-5d7952ad4c69" executionId="d6d693ed-9686-4269-8d4e-a0e0d75c462f" testListId="6be8b237-ad12-498a-895b-a6c1a129e775" />
    <TestEntry testId="72fe523f-3f55-41e1-9477-0e91c443e101" executionId="24f2fe3a-b842-4b0d-8480-36743e6634b8" testListId="6be8b237-ad12-498a-895b-a6c1a129e775" />
    <TestEntry testId="9b75792e-6617-4fd1-9c87-bf4ff273097f" executionId="5bc6eb65-837d-44a7-bab5-8bf31da66197" testListId="6be8b237-ad12-498a-895b-a6c1a129e775" />
    <TestEntry testId="a83c949c-b4aa-4312-8806-f231b72d3b44" executionId="8fce83cb-d4de-4f80-a049-08fe28633f11" testListId="6be8b237-ad12-498a-895b-a6c1a129e775" />
    <TestEntry testId="573bfb3e-c0fd-4c44-b9c1-483930825f27" executionId="46d1c188-a910-4540-8455-f7c262d9cb3e" testListId="6be8b237-ad12-498a-895b-a6c1a129e775" />
    <TestEntry testId="bb252ded-0a20-4963-999d-f36900ea772e" executionId="46845d71-8ee5-480a-9f9c-939215ff9e30" testListId="6be8b237-ad12-498a-895b-a6c1a129e775" />
    <TestEntry testId="067903a5-11a0-42a6-9c9e-0136b77f3cb8" executionId="b4daa59a-d0e0-46b9-bec4-e5074f972353" testListId="6be8b237-ad12-498a-895b-a6c1a129e775" />
    <TestEntry testId="7d6a0498-b50c-46b7-91f7-f361c4e2e690" executionId="523fd083-8f92-4e3a-a615-2f0f8bbdcd00" testListId="6be8b237-ad12-498a-895b-a6c1a129e775" />
    <TestEntry testId="16a3e988-72f9-411e-9588-0c1d2e50b8b0" executionId="3ff59b69-70a6-4f30-9605-57f076e40094" testListId="6be8b237-ad12-498a-895b-a6c1a129e775" />
    <TestEntry testId="4aaf6e97-dccc-48e1-8860-6ca1a4aaf9e0" executionId="470f2f62-2cb9-41ba-9a60-76f9347eeb8e" testListId="6be8b237-ad12-498a-895b-a6c1a129e775" />
    <TestEntry testId="fb37b443-1cec-4a50-a340-3c03fdf9338c" executionId="b7b9f336-9fe3-4be4-8b33-4eb49a1e31fe" testListId="6be8b237-ad12-498a-895b-a6c1a129e775" />
    <TestEntry testId="b1f0873a-f18f-4632-a1d5-e03d2cd22c99" executionId="6e01cddf-ca35-4003-a131-82a6da267102" testListId="6be8b237-ad12-498a-895b-a6c1a129e775" />
    <TestEntry testId="26089b4a-8636-4290-92ad-74353cc63462" executionId="9e1d4d80-5bd7-4919-b99c-4bc871fd7520" testListId="6be8b237-ad12-498a-895b-a6c1a129e775" />
    <TestEntry testId="a26036ac-0761-4a77-9f50-1d0cedd77a35" executionId="0c0209a9-3f08-4339-93b8-62c211b7ac77" testListId="6be8b237-ad12-498a-895b-a6c1a129e775" />
    <TestEntry testId="1c338c3b-536a-4874-953b-b5007e7f8539" executionId="79d43b41-4834-486b-8500-fe1fca9b472b" testListId="6be8b237-ad12-498a-895b-a6c1a129e775" />
    <TestEntry testId="947ee938-a24f-4fc5-a156-8571b6fb77d8" executionId="860adf1f-694d-42a0-9aeb-08a767133334" testListId="6be8b237-ad12-498a-895b-a6c1a129e775" />
    <TestEntry testId="3239a975-f0ac-4119-a339-03c8385240ec" executionId="2a460740-bc1b-4f93-ae2a-45f48c130f83" testListId="6be8b237-ad12-498a-895b-a6c1a129e775" />
    <TestEntry testId="3154f1c9-ab84-4610-90d9-bc67f4fb048f" executionId="c57a8e08-c5f4-44ad-9a9c-3adc22a84921" testListId="6be8b237-ad12-498a-895b-a6c1a129e775" />
    <TestEntry testId="edc64bcc-a0c4-45c0-9c84-230f5ff5f62a" executionId="daddce3b-d58e-4f16-8968-a51253fc0f55" testListId="6be8b237-ad12-498a-895b-a6c1a129e775" />
    <TestEntry testId="0d0ae15a-2f43-4d2d-9d7a-7ee07a51bbf9" executionId="7260e405-fab5-4cb1-ac88-250bee68cd2c" testListId="6be8b237-ad12-498a-895b-a6c1a129e775" />
    <TestEntry testId="58d1e71c-532f-44ca-a905-c2c408d44fc9" executionId="587d2ef1-aaa4-407a-a097-924aa7f97d62" testListId="6be8b237-ad12-498a-895b-a6c1a129e775" />
    <TestEntry testId="dda5bc55-ddfa-4598-861b-80fdfd31f361" executionId="48cdbd0f-d11d-4365-b264-7550c3734496" testListId="6be8b237-ad12-498a-895b-a6c1a129e775" />
    <TestEntry testId="bdd398e1-848c-4291-b098-c88647b89446" executionId="7ab38e5d-de60-4bd4-b1a2-6daa8296b2c8" testListId="6be8b237-ad12-498a-895b-a6c1a129e775" />
    <TestEntry testId="cfc832e7-79a6-43e9-923c-454f3997c65d" executionId="60a9f2ec-e7e8-49ab-ba83-5db26e6e1255" testListId="6be8b237-ad12-498a-895b-a6c1a129e775" />
    <TestEntry testId="ef647ffe-82d9-4f5c-ad94-c6f8f8331bcb" executionId="93f68939-1192-49f8-acfa-e32215931c81" testListId="6be8b237-ad12-498a-895b-a6c1a129e775" />
    <TestEntry testId="2606740a-5aec-4874-b853-2211bfc4938c" executionId="5a764701-8129-49a8-981b-6a59a0ec3d84" testListId="6be8b237-ad12-498a-895b-a6c1a129e775" />
    <TestEntry testId="5cd18417-6916-4bff-9fb1-ac8ddabf3ccb" executionId="0de9f32f-fca8-4ab5-9438-e298acc71563" testListId="6be8b237-ad12-498a-895b-a6c1a129e775" />
    <TestEntry testId="ddb01030-590b-4a5b-858a-559e7c329807" executionId="460d2493-472b-4079-95ed-65b88b5947b4" testListId="6be8b237-ad12-498a-895b-a6c1a129e775" />
    <TestEntry testId="dd7fbb3c-72eb-4eea-a746-17625ea941db" executionId="63e02164-c6c7-4806-bed2-b8ff1b985cdb" testListId="6be8b237-ad12-498a-895b-a6c1a129e775" />
    <TestEntry testId="9bb0a841-44f7-40d0-a883-635ca4785827" executionId="d489a566-be59-4c95-94f5-5ba8fe952059" testListId="6be8b237-ad12-498a-895b-a6c1a129e775" />
    <TestEntry testId="7c20be86-5ef4-414a-ade9-ad4451c8d8cf" executionId="cff4dda1-ffe8-4c56-b07e-8c2a13c55c3f" testListId="6be8b237-ad12-498a-895b-a6c1a129e775" />
    <TestEntry testId="340afa5d-4af3-4a18-bb19-9cf18509d920" executionId="81a187b8-a36f-4685-9cfc-b532ac563d06" testListId="6be8b237-ad12-498a-895b-a6c1a129e775" />
    <TestEntry testId="4fe16b23-ed23-4e8c-8189-5182596a82ad" executionId="55d59fc8-84c9-4cf0-bc85-1440310d10e2" testListId="6be8b237-ad12-498a-895b-a6c1a129e775" />
    <TestEntry testId="8190c3dd-394e-4c11-bdbe-b675efb98bf6" executionId="939d25ca-a2ad-4ff6-86f5-99b035b7b85d" testListId="6be8b237-ad12-498a-895b-a6c1a129e775" />
    <TestEntry testId="d8b6789c-0f87-4dad-8d9c-fa3f11aadf96" executionId="03fb2366-caeb-46a4-9d06-f36c12bbf6f3" testListId="6be8b237-ad12-498a-895b-a6c1a129e775" />
    <TestEntry testId="d27beb35-433f-4e6b-a08d-a6c0fe3e7bf8" executionId="3d7cba4a-1e27-4c49-82b7-ebaae3fb93ca" testListId="6be8b237-ad12-498a-895b-a6c1a129e775" />
  </TestEntries>
  <TestLists>
    <TestList name="Results Not in a List" id="6be8b237-ad12-498a-895b-a6c1a129e775" />
    <TestList name="All Loaded Results" id="f88f2f87-4177-4319-ad11-52f7cc4b3278" />
  </TestLists>
</TestRun>