<?xml version="1.0" encoding="UTF-8"?>
<TestRun id="bc9ecff3-3129-4a71-a9fb-f64838c46a01" name="Test Run 90" runUser="Oles Galatsan" xmlns="http://microsoft.com/schemas/VisualStudio/TeamTest/2010">
  <Times creation="2025-05-14T13:20:31.3125482Z" queuing="2025-05-14T13:20:31.3125482Z" start="2025-05-14T13:20:31.3146610Z" finish="2025-05-14T13:25:31.3147553Z" />
  <TestSettings name="Test Settings 90" id="5551aa09-1d93-4629-9943-307f8a23372e" />
  <Results>
    <UnitTestResult executionId="fcbe47d0-e078-4af7-9c67-e3330cbbce73" testId="73727df7-8f90-44c3-ab61-e9de9d80e935" testName="Test8901" computerName="UA-LPT-OGA2" duration="00:00:01.4180000" startTime="2025-05-14T13:20:31.3146610Z" endTime="2025-05-14T13:25:31.3147553Z" testType="13cdc9d9-ddb5-4fa4-a97d-d965ccfc6d4b" outcome="Passed" testListId="9de7de23-778d-4aca-b3cc-72adbe3fd240" />
    <UnitTestResult executionId="ef847f79-73dc-469f-911f-0c4c9e8131b7" testId="3baefe48-1d20-475f-9a0e-5a8bb521977d" testName="Test8902" computerName="UA-LPT-OGA2" duration="00:00:00.7900000" startTime="2025-05-14T13:20:31.3146610Z" endTime="2025-05-14T13:25:31.3147553Z" testType="13cdc9d9-ddb5-4fa4-a97d-d965ccfc6d4b" outcome="Passed" testListId="9de7de23-778d-4aca-b3cc-72adbe3fd240" />
    <UnitTestResult executionId="10f4f5aa-1bae-4afa-a637-5cab2fabd7cc" testId="7b8547cd-f4c7-41ec-8bc2-5b412b4b9d3e" testName="Test8903" computerName="UA-LPT-OGA2" duration="00:00:00.7660000" startTime="2025-05-14T13:20:31.3146610Z" endTime="2025-05-14T13:25:31.3147553Z" testType="13cdc9d9-ddb5-4fa4-a97d-d965ccfc6d4b" outcome="Passed" testListId="9de7de23-778d-4aca-b3cc-72adbe3fd240" />
    <UnitTestResult executionId="52e097d9-ede1-4577-90af-4b097a362831" testId="3d6c1b85-8340-4626-b8d2-9f3d5082eb14" testName="Test8904" computerName="UA-LPT-OGA2" duration="00:00:01.3820000" startTime="2025-05-14T13:20:31.3146610Z" endTime="2025-05-14T13:25:31.3147553Z" testType="13cdc9d9-ddb5-4fa4-a97d-d965ccfc6d4b" outcome="Passed" testListId="9de7de23-778d-4aca-b3cc-72adbe3fd240" />
    <UnitTestResult executionId="1b16a319-c32d-470f-88c2-60782540df07" testId="c0d199dd-7d54-4d3a-9f79-7887460bd4a7" testName="Test8905" computerName="UA-LPT-OGA2" duration="00:00:00.3660000" startTime="2025-05-14T13:20:31.3146610Z" endTime="2025-05-14T13:25:31.3147553Z" testType="13cdc9d9-ddb5-4fa4-a97d-d965ccfc6d4b" outcome="Passed" testListId="9de7de23-778d-4aca-b3cc-72adbe3fd240" />
    <UnitTestResult executionId="859368d0-77b9-4351-8e2a-eaa3ecdd615b" testId="6bc7d5d8-1ccc-4740-b0d4-7758ae00a1e7" testName="Test8906" computerName="UA-LPT-OGA2" duration="00:00:00.5660000" startTime="2025-05-14T13:20:31.3146610Z" endTime="2025-05-14T13:25:31.3147553Z" testType="13cdc9d9-ddb5-4fa4-a97d-d965ccfc6d4b" outcome="Failed" testListId="9de7de23-778d-4aca-b3cc-72adbe3fd240">
      <Output>
        <ErrorInfo>
          <Message>Assertion failed: Expected value did not match actual value.</Message>
          <StackTrace>   at TestNamespace.TestClass.Test() in TestClass.cs:line 425</StackTrace>
        </ErrorInfo>
      </Output>
    </UnitTestResult>
    <UnitTestResult executionId="ca1ea832-380d-458e-a5a0-a1c3733d9374" testId="b595779c-1dab-49c4-9ae3-57dbb4b1e8e4" testName="Test8907" computerName="UA-LPT-OGA2" duration="00:00:01.3900000" startTime="2025-05-14T13:20:31.3146610Z" endTime="2025-05-14T13:25:31.3147553Z" testType="13cdc9d9-ddb5-4fa4-a97d-d965ccfc6d4b" outcome="Passed" testListId="9de7de23-778d-4aca-b3cc-72adbe3fd240" />
    <UnitTestResult executionId="b42b8dec-7f61-42f1-867a-73e49a310d58" testId="a3f42247-46c9-4963-a5b5-bae7229ae2af" testName="Test8908" computerName="UA-LPT-OGA2" duration="00:00:00.1900000" startTime="2025-05-14T13:20:31.3146610Z" endTime="2025-05-14T13:25:31.3147553Z" testType="13cdc9d9-ddb5-4fa4-a97d-d965ccfc6d4b" outcome="Passed" testListId="9de7de23-778d-4aca-b3cc-72adbe3fd240" />
    <UnitTestResult executionId="be4a36bd-526e-41a7-beb9-91e511ed69d8" testId="0341c824-a466-49c2-abce-cc49a58ed001" testName="Test8909" computerName="UA-LPT-OGA2" duration="00:00:00.7210000" startTime="2025-05-14T13:20:31.3146610Z" endTime="2025-05-14T13:25:31.3147553Z" testType="13cdc9d9-ddb5-4fa4-a97d-d965ccfc6d4b" outcome="Passed" testListId="9de7de23-778d-4aca-b3cc-72adbe3fd240" />
    <UnitTestResult executionId="f7b8f47e-a21e-4c41-a50b-6fc257d4e5f1" testId="7cf93c25-86d8-4091-9e71-28fd8bf89591" testName="Test8910" computerName="UA-LPT-OGA2" duration="00:00:01.3490000" startTime="2025-05-14T13:20:31.3146610Z" endTime="2025-05-14T13:25:31.3147553Z" testType="13cdc9d9-ddb5-4fa4-a97d-d965ccfc6d4b" outcome="Inconclusive" testListId="9de7de23-778d-4aca-b3cc-72adbe3fd240" />
    <UnitTestResult executionId="d434fc48-b8d9-443a-8a4a-3a9309f03fa8" testId="55317659-a1e0-411a-a3b9-ea8b9bf75e22" testName="Test8911" computerName="UA-LPT-OGA2" duration="00:00:00.0250000" startTime="2025-05-14T13:20:31.3146610Z" endTime="2025-05-14T13:25:31.3147553Z" testType="13cdc9d9-ddb5-4fa4-a97d-d965ccfc6d4b" outcome="Passed" testListId="9de7de23-778d-4aca-b3cc-72adbe3fd240" />
    <UnitTestResult executionId="2429362b-ccbd-4b9b-8955-18b4637e0914" testId="856e7d89-3229-4ca2-91f1-aaf7b9bae143" testName="Test8912" computerName="UA-LPT-OGA2" duration="00:00:00.1470000" startTime="2025-05-14T13:20:31.3146610Z" endTime="2025-05-14T13:25:31.3147553Z" testType="13cdc9d9-ddb5-4fa4-a97d-d965ccfc6d4b" outcome="Passed" testListId="9de7de23-778d-4aca-b3cc-72adbe3fd240" />
    <UnitTestResult executionId="79c680ff-fbf4-45e8-88c6-006c22a9e479" testId="6115db59-f4ac-42ce-9dde-e668ed6ceca3" testName="Test8913" computerName="UA-LPT-OGA2" duration="00:00:01.4230000" startTime="2025-05-14T13:20:31.3146610Z" endTime="2025-05-14T13:25:31.3147553Z" testType="13cdc9d9-ddb5-4fa4-a97d-d965ccfc6d4b" outcome="Passed" testListId="9de7de23-778d-4aca-b3cc-72adbe3fd240" />
    <UnitTestResult executionId="b72fb884-58e9-4ed9-aa7c-e2ac50396c08" testId="a3956613-9b45-44f9-8bce-7f2b88becab0" testName="Test8914" computerName="UA-LPT-OGA2" duration="00:00:01.4610000" startTime="2025-05-14T13:20:31.3146610Z" endTime="2025-05-14T13:25:31.3147553Z" testType="13cdc9d9-ddb5-4fa4-a97d-d965ccfc6d4b" outcome="Failed" testListId="9de7de23-778d-4aca-b3cc-72adbe3fd240">
      <Output>
        <ErrorInfo>
          <Message>Assertion failed: Expected value did not match actual value.</Message>
          <StackTrace>   at TestNamespace.TestClass.Test() in TestClass.cs:line 297</StackTrace>
        </ErrorInfo>
      </Output>
    </UnitTestResult>
    <UnitTestResult executionId="60fbe030-97f1-4268-87a2-abbc9a553b89" testId="1a7bb2cd-6638-43d9-b0a3-293d3ad6eacf" testName="Test8915" computerName="UA-LPT-OGA2" duration="00:00:00.7560000" startTime="2025-05-14T13:20:31.3146610Z" endTime="2025-05-14T13:25:31.3147553Z" testType="13cdc9d9-ddb5-4fa4-a97d-d965ccfc6d4b" outcome="Passed" testListId="9de7de23-778d-4aca-b3cc-72adbe3fd240" />
    <UnitTestResult executionId="74a5b82c-7b07-450d-b08c-937f5def352d" testId="d20bd7fd-0fc7-405e-a544-410ff1ee1c88" testName="Test8916" computerName="UA-LPT-OGA2" duration="00:00:01.0600000" startTime="2025-05-14T13:20:31.3146610Z" endTime="2025-05-14T13:25:31.3147553Z" testType="13cdc9d9-ddb5-4fa4-a97d-d965ccfc6d4b" outcome="Passed" testListId="9de7de23-778d-4aca-b3cc-72adbe3fd240" />
    <UnitTestResult executionId="f7d5f819-1a59-4f8d-ab97-20a92dd86bef" testId="3c964297-b2af-4df1-b130-f476b092f99d" testName="Test8917" computerName="UA-LPT-OGA2" duration="00:00:00.0790000" startTime="2025-05-14T13:20:31.3146610Z" endTime="2025-05-14T13:25:31.3147553Z" testType="13cdc9d9-ddb5-4fa4-a97d-d965ccfc6d4b" outcome="Passed" testListId="9de7de23-778d-4aca-b3cc-72adbe3fd240" />
    <UnitTestResult executionId="9926546f-5b90-4894-8f20-a49dfbf5d03b" testId="567d268c-50fe-4a94-a563-30cbd55f0489" testName="Test8918" computerName="UA-LPT-OGA2" duration="00:00:00.8620000" startTime="2025-05-14T13:20:31.3146610Z" endTime="2025-05-14T13:25:31.3147553Z" testType="13cdc9d9-ddb5-4fa4-a97d-d965ccfc6d4b" outcome="Passed" testListId="9de7de23-778d-4aca-b3cc-72adbe3fd240" />
    <UnitTestResult executionId="7d35e282-e0ee-4b76-8a59-9dd81a62354f" testId="345cb3fd-1946-47b0-8879-b3b4c9d25d8c" testName="Test8919" computerName="UA-LPT-OGA2" duration="00:00:01.4900000" startTime="2025-05-14T13:20:31.3146610Z" endTime="2025-05-14T13:25:31.3147553Z" testType="13cdc9d9-ddb5-4fa4-a97d-d965ccfc6d4b" outcome="Passed" testListId="9de7de23-778d-4aca-b3cc-72adbe3fd240" />
    <UnitTestResult executionId="5c2d6b71-c0ae-4087-92d4-6071e5f21776" testId="81bff9a9-6fe8-4b13-a137-c05d91f01446" testName="Test8920" computerName="UA-LPT-OGA2" duration="00:00:01.1780000" startTime="2025-05-14T13:20:31.3146610Z" endTime="2025-05-14T13:25:31.3147553Z" testType="13cdc9d9-ddb5-4fa4-a97d-d965ccfc6d4b" outcome="Passed" testListId="9de7de23-778d-4aca-b3cc-72adbe3fd240" />
    <UnitTestResult executionId="54e47df3-0774-4862-aa26-716d3bdaf137" testId="1c3a3433-6d61-4d23-87ce-ea50d95f4858" testName="Test8921" computerName="UA-LPT-OGA2" duration="00:00:01.5070000" startTime="2025-05-14T13:20:31.3146610Z" endTime="2025-05-14T13:25:31.3147553Z" testType="13cdc9d9-ddb5-4fa4-a97d-d965ccfc6d4b" outcome="Passed" testListId="9de7de23-778d-4aca-b3cc-72adbe3fd240" />
    <UnitTestResult executionId="4fd739d0-519e-443f-8ad8-b502be68735d" testId="395680b4-34f8-4b76-83e4-06387a186006" testName="Test8922" computerName="UA-LPT-OGA2" duration="00:00:00.3040000" startTime="2025-05-14T13:20:31.3146610Z" endTime="2025-05-14T13:25:31.3147553Z" testType="13cdc9d9-ddb5-4fa4-a97d-d965ccfc6d4b" outcome="Passed" testListId="9de7de23-778d-4aca-b3cc-72adbe3fd240" />
    <UnitTestResult executionId="3c40da77-0644-4912-83d7-61f8676ba443" testId="5b7d5f66-842d-4d03-ba51-458ae07d498c" testName="Test8923" computerName="UA-LPT-OGA2" duration="00:00:00.1120000" startTime="2025-05-14T13:20:31.3146610Z" endTime="2025-05-14T13:25:31.3147553Z" testType="13cdc9d9-ddb5-4fa4-a97d-d965ccfc6d4b" outcome="Passed" testListId="9de7de23-778d-4aca-b3cc-72adbe3fd240" />
    <UnitTestResult executionId="f2b531c8-94e1-413f-8dd3-6395866cd657" testId="c259827f-463b-415e-98b4-f5c8241cd609" testName="Test8924" computerName="UA-LPT-OGA2" duration="00:00:01.6390000" startTime="2025-05-14T13:20:31.3146610Z" endTime="2025-05-14T13:25:31.3147553Z" testType="13cdc9d9-ddb5-4fa4-a97d-d965ccfc6d4b" outcome="Passed" testListId="9de7de23-778d-4aca-b3cc-72adbe3fd240" />
    <UnitTestResult executionId="fe9b845e-82de-46d6-8c49-9bd9ae5820de" testId="bc776380-ba06-4b13-8e2e-ad045934bd30" testName="Test8925" computerName="UA-LPT-OGA2" duration="00:00:01.9480000" startTime="2025-05-14T13:20:31.3146610Z" endTime="2025-05-14T13:25:31.3147553Z" testType="13cdc9d9-ddb5-4fa4-a97d-d965ccfc6d4b" outcome="Failed" testListId="9de7de23-778d-4aca-b3cc-72adbe3fd240">
      <Output>
        <ErrorInfo>
          <Message>Assertion failed: Expected value did not match actual value.</Message>
          <StackTrace>   at TestNamespace.TestClass.Test() in TestClass.cs:line 460</StackTrace>
        </ErrorInfo>
      </Output>
    </UnitTestResult>
    <UnitTestResult executionId="9b54449d-b478-4dee-821c-591e7bde305e" testId="e496b3d3-2c67-4688-bcd1-e4024a9a4fd9" testName="Test8926" computerName="UA-LPT-OGA2" duration="00:00:00.7440000" startTime="2025-05-14T13:20:31.3146610Z" endTime="2025-05-14T13:25:31.3147553Z" testType="13cdc9d9-ddb5-4fa4-a97d-d965ccfc6d4b" outcome="Passed" testListId="9de7de23-778d-4aca-b3cc-72adbe3fd240" />
    <UnitTestResult executionId="8fb1ed01-aafc-4701-9693-94a62bbb3b84" testId="8d065408-e29e-4a17-be02-03b2c88d168e" testName="Test8927" computerName="UA-LPT-OGA2" duration="00:00:01.6830000" startTime="2025-05-14T13:20:31.3146610Z" endTime="2025-05-14T13:25:31.3147553Z" testType="13cdc9d9-ddb5-4fa4-a97d-d965ccfc6d4b" outcome="Passed" testListId="9de7de23-778d-4aca-b3cc-72adbe3fd240" />
    <UnitTestResult executionId="5648594b-4b7c-444d-8251-62708702ce55" testId="23a72030-c6c6-484a-bd11-2fb0c471a8f5" testName="Test8928" computerName="UA-LPT-OGA2" duration="00:00:01.0550000" startTime="2025-05-14T13:20:31.3146610Z" endTime="2025-05-14T13:25:31.3147553Z" testType="13cdc9d9-ddb5-4fa4-a97d-d965ccfc6d4b" outcome="Passed" testListId="9de7de23-778d-4aca-b3cc-72adbe3fd240" />
    <UnitTestResult executionId="a5148cec-436d-470e-a4ee-c1852f45cbfd" testId="c0a31f9d-cad1-4f17-8359-46662c312ff0" testName="Test8929" computerName="UA-LPT-OGA2" duration="00:00:00.3390000" startTime="2025-05-14T13:20:31.3146610Z" endTime="2025-05-14T13:25:31.3147553Z" testType="13cdc9d9-ddb5-4fa4-a97d-d965ccfc6d4b" outcome="Passed" testListId="9de7de23-778d-4aca-b3cc-72adbe3fd240" />
    <UnitTestResult executionId="d37ff251-d3ce-490b-8c76-6d150f4f4cb3" testId="ca53057e-e20c-4b8d-bd73-41edc0dc48be" testName="Test8930" computerName="UA-LPT-OGA2" duration="00:00:01.3180000" startTime="2025-05-14T13:20:31.3146610Z" endTime="2025-05-14T13:25:31.3147553Z" testType="13cdc9d9-ddb5-4fa4-a97d-d965ccfc6d4b" outcome="Passed" testListId="9de7de23-778d-4aca-b3cc-72adbe3fd240" />
    <UnitTestResult executionId="28efdddf-80ee-4186-95d2-7b3969538517" testId="b26b85f0-ebd9-4055-93cf-5a398a5fe296" testName="Test8931" computerName="UA-LPT-OGA2" duration="00:00:01.1710000" startTime="2025-05-14T13:20:31.3146610Z" endTime="2025-05-14T13:25:31.3147553Z" testType="13cdc9d9-ddb5-4fa4-a97d-d965ccfc6d4b" outcome="Passed" testListId="9de7de23-778d-4aca-b3cc-72adbe3fd240" />
    <UnitTestResult executionId="0d16bf77-ad9d-4aac-a0d2-1ebad26c74d6" testId="325115f3-422a-4c60-a28e-1eb3537160e8" testName="Test8932" computerName="UA-LPT-OGA2" duration="00:00:01.9560000" startTime="2025-05-14T13:20:31.3146610Z" endTime="2025-05-14T13:25:31.3147553Z" testType="13cdc9d9-ddb5-4fa4-a97d-d965ccfc6d4b" outcome="Failed" testListId="9de7de23-778d-4aca-b3cc-72adbe3fd240">
      <Output>
        <ErrorInfo>
          <Message>Assertion failed: Expected value did not match actual value.</Message>
          <StackTrace>   at TestNamespace.TestClass.Test() in TestClass.cs:line 156</StackTrace>
        </ErrorInfo>
      </Output>
    </UnitTestResult>
    <UnitTestResult executionId="5a928b84-1d12-4169-9b01-a365f1efc598" testId="1427c9cb-bcd8-47b7-a80f-62b0cb4d0da7" testName="Test8933" computerName="UA-LPT-OGA2" duration="00:00:00.2680000" startTime="2025-05-14T13:20:31.3146610Z" endTime="2025-05-14T13:25:31.3147553Z" testType="13cdc9d9-ddb5-4fa4-a97d-d965ccfc6d4b" outcome="Passed" testListId="9de7de23-778d-4aca-b3cc-72adbe3fd240" />
    <UnitTestResult executionId="b6aebc06-5bef-4ba2-8359-afd0b7753827" testId="1fb1e017-17dd-407b-899e-77471687af42" testName="Test8934" computerName="UA-LPT-OGA2" duration="00:00:01.4190000" startTime="2025-05-14T13:20:31.3146610Z" endTime="2025-05-14T13:25:31.3147553Z" testType="13cdc9d9-ddb5-4fa4-a97d-d965ccfc6d4b" outcome="Passed" testListId="9de7de23-778d-4aca-b3cc-72adbe3fd240" />
    <UnitTestResult executionId="8cb539d3-eeb9-450a-8db9-f6a8432e2672" testId="8bb6594f-15ad-49cf-acfe-cd2716c4ddc4" testName="Test8935" computerName="UA-LPT-OGA2" duration="00:00:00.7070000" startTime="2025-05-14T13:20:31.3146610Z" endTime="2025-05-14T13:25:31.3147553Z" testType="13cdc9d9-ddb5-4fa4-a97d-d965ccfc6d4b" outcome="Passed" testListId="9de7de23-778d-4aca-b3cc-72adbe3fd240" />
    <UnitTestResult executionId="2312b637-bf63-48eb-a8ec-926e66e1d6dc" testId="2428765e-0236-4437-b79a-c4583232d80e" testName="Test8936" computerName="UA-LPT-OGA2" duration="00:00:01.6650000" startTime="2025-05-14T13:20:31.3146610Z" endTime="2025-05-14T13:25:31.3147553Z" testType="13cdc9d9-ddb5-4fa4-a97d-d965ccfc6d4b" outcome="Passed" testListId="9de7de23-778d-4aca-b3cc-72adbe3fd240" />
    <UnitTestResult executionId="f4633bfa-58b7-4353-9eca-edd25021c3e1" testId="bdc3162c-0a4b-4381-94e6-dac1d57b133e" testName="Test8937" computerName="UA-LPT-OGA2" duration="00:00:01.8280000" startTime="2025-05-14T13:20:31.3146610Z" endTime="2025-05-14T13:25:31.3147553Z" testType="13cdc9d9-ddb5-4fa4-a97d-d965ccfc6d4b" outcome="Passed" testListId="9de7de23-778d-4aca-b3cc-72adbe3fd240" />
    <UnitTestResult executionId="703ba586-0246-4a81-a282-834ed2e07c95" testId="51da22a7-10e0-4410-967d-8937287a4f13" testName="Test8938" computerName="UA-LPT-OGA2" duration="00:00:01.9840000" startTime="2025-05-14T13:20:31.3146610Z" endTime="2025-05-14T13:25:31.3147553Z" testType="13cdc9d9-ddb5-4fa4-a97d-d965ccfc6d4b" outcome="Failed" testListId="9de7de23-778d-4aca-b3cc-72adbe3fd240">
      <Output>
        <ErrorInfo>
          <Message>Assertion failed: Expected value did not match actual value.</Message>
          <StackTrace>   at TestNamespace.TestClass.Test() in TestClass.cs:line 471</StackTrace>
        </ErrorInfo>
      </Output>
    </UnitTestResult>
    <UnitTestResult executionId="c3704ac7-562e-4ed4-aeec-9bb6e6f974d2" testId="1ba74a06-8ed3-4f4c-8a89-06fd9fd2b927" testName="Test8939" computerName="UA-LPT-OGA2" duration="00:00:01.6520000" startTime="2025-05-14T13:20:31.3146610Z" endTime="2025-05-14T13:25:31.3147553Z" testType="13cdc9d9-ddb5-4fa4-a97d-d965ccfc6d4b" outcome="Passed" testListId="9de7de23-778d-4aca-b3cc-72adbe3fd240" />
    <UnitTestResult executionId="55242cf8-3883-4350-b94f-8902e3324508" testId="561df202-1360-498e-b5b3-b99ddec6257a" testName="Test8940" computerName="UA-LPT-OGA2" duration="00:00:00.2170000" startTime="2025-05-14T13:20:31.3146610Z" endTime="2025-05-14T13:25:31.3147553Z" testType="13cdc9d9-ddb5-4fa4-a97d-d965ccfc6d4b" outcome="Passed" testListId="9de7de23-778d-4aca-b3cc-72adbe3fd240" />
    <UnitTestResult executionId="28b04596-5232-419c-95cc-f2033ebe4d9b" testId="352fc58e-db5f-4ce6-aef9-9c06f6bbde64" testName="Test8941" computerName="UA-LPT-OGA2" duration="00:00:01.6740000" startTime="2025-05-14T13:20:31.3146610Z" endTime="2025-05-14T13:25:31.3147553Z" testType="13cdc9d9-ddb5-4fa4-a97d-d965ccfc6d4b" outcome="Passed" testListId="9de7de23-778d-4aca-b3cc-72adbe3fd240" />
    <UnitTestResult executionId="7c264a45-1355-45d2-ad55-127b5b62a8b1" testId="2d327ca4-df7f-4262-a393-bccf34b40326" testName="Test8942" computerName="UA-LPT-OGA2" duration="00:00:01.1810000" startTime="2025-05-14T13:20:31.3146610Z" endTime="2025-05-14T13:25:31.3147553Z" testType="13cdc9d9-ddb5-4fa4-a97d-d965ccfc6d4b" outcome="Passed" testListId="9de7de23-778d-4aca-b3cc-72adbe3fd240" />
    <UnitTestResult executionId="8b78a31c-5bf2-40ab-afb5-62544c630b04" testId="4b6041c6-9d87-41df-a24d-41071a78b9d0" testName="Test8943" computerName="UA-LPT-OGA2" duration="00:00:00.4050000" startTime="2025-05-14T13:20:31.3146610Z" endTime="2025-05-14T13:25:31.3147553Z" testType="13cdc9d9-ddb5-4fa4-a97d-d965ccfc6d4b" outcome="Passed" testListId="9de7de23-778d-4aca-b3cc-72adbe3fd240" />
    <UnitTestResult executionId="5768229c-6edf-4fc9-b776-afdc55406f72" testId="68ff8c3a-793b-4612-b046-6f04300d6052" testName="Test8944" computerName="UA-LPT-OGA2" duration="00:00:01.7540000" startTime="2025-05-14T13:20:31.3146610Z" endTime="2025-05-14T13:25:31.3147553Z" testType="13cdc9d9-ddb5-4fa4-a97d-d965ccfc6d4b" outcome="Passed" testListId="9de7de23-778d-4aca-b3cc-72adbe3fd240" />
    <UnitTestResult executionId="c4306ac6-a61c-4750-9554-02472a3f0b28" testId="cd31a827-4739-40d5-af55-cbee9192e7b8" testName="Test8945" computerName="UA-LPT-OGA2" duration="00:00:01.3940000" startTime="2025-05-14T13:20:31.3146610Z" endTime="2025-05-14T13:25:31.3147553Z" testType="13cdc9d9-ddb5-4fa4-a97d-d965ccfc6d4b" outcome="Failed" testListId="9de7de23-778d-4aca-b3cc-72adbe3fd240">
      <Output>
        <ErrorInfo>
          <Message>Assertion failed: Expected value did not match actual value.</Message>
          <StackTrace>   at TestNamespace.TestClass.Test() in TestClass.cs:line 411</StackTrace>
        </ErrorInfo>
      </Output>
    </UnitTestResult>
    <UnitTestResult executionId="e54254fe-2578-4000-88db-96c10e5e6328" testId="9409788b-9f64-44e7-816d-f60ca67d7fea" testName="Test8946" computerName="UA-LPT-OGA2" duration="00:00:01.0150000" startTime="2025-05-14T13:20:31.3146610Z" endTime="2025-05-14T13:25:31.3147553Z" testType="13cdc9d9-ddb5-4fa4-a97d-d965ccfc6d4b" outcome="Inconclusive" testListId="9de7de23-778d-4aca-b3cc-72adbe3fd240" />
    <UnitTestResult executionId="cd5b476c-685d-4681-98a0-abe4ebf1786c" testId="8764f716-4cbd-45d0-9f06-e9cb84f5bfb0" testName="Test8947" computerName="UA-LPT-OGA2" duration="00:00:01.1010000" startTime="2025-05-14T13:20:31.3146610Z" endTime="2025-05-14T13:25:31.3147553Z" testType="13cdc9d9-ddb5-4fa4-a97d-d965ccfc6d4b" outcome="Failed" testListId="9de7de23-778d-4aca-b3cc-72adbe3fd240">
      <Output>
        <ErrorInfo>
          <Message>Assertion failed: Expected value did not match actual value.</Message>
          <StackTrace>   at TestNamespace.TestClass.Test() in TestClass.cs:line 451</StackTrace>
        </ErrorInfo>
      </Output>
    </UnitTestResult>
    <UnitTestResult executionId="2d78e780-a9d3-416c-9188-6f83440db956" testId="485bbade-0e6a-4ac8-8097-a802660776ac" testName="Test8948" computerName="UA-LPT-OGA2" duration="00:00:00.4960000" startTime="2025-05-14T13:20:31.3146610Z" endTime="2025-05-14T13:25:31.3147553Z" testType="13cdc9d9-ddb5-4fa4-a97d-d965ccfc6d4b" outcome="Passed" testListId="9de7de23-778d-4aca-b3cc-72adbe3fd240" />
    <UnitTestResult executionId="74ca06e7-ba5b-401e-8e82-173e4b458534" testId="5217537e-d2a6-4bc6-9473-d337a62892f0" testName="Test8949" computerName="UA-LPT-OGA2" duration="00:00:01.9020000" startTime="2025-05-14T13:20:31.3146610Z" endTime="2025-05-14T13:25:31.3147553Z" testType="13cdc9d9-ddb5-4fa4-a97d-d965ccfc6d4b" outcome="Passed" testListId="9de7de23-778d-4aca-b3cc-72adbe3fd240" />
    <UnitTestResult executionId="6efc0b49-40a9-4af9-946e-f5bbe5ba4cc9" testId="e66382c1-3c0b-4cb0-9f29-b8c097b8d57b" testName="Test8950" computerName="UA-LPT-OGA2" duration="00:00:01.9820000" startTime="2025-05-14T13:20:31.3146610Z" endTime="2025-05-14T13:25:31.3147553Z" testType="13cdc9d9-ddb5-4fa4-a97d-d965ccfc6d4b" outcome="Failed" testListId="9de7de23-778d-4aca-b3cc-72adbe3fd240">
      <Output>
        <ErrorInfo>
          <Message>Assertion failed: Expected value did not match actual value.</Message>
          <StackTrace>   at TestNamespace.TestClass.Test() in TestClass.cs:line 326</StackTrace>
        </ErrorInfo>
      </Output>
    </UnitTestResult>
    <UnitTestResult executionId="85115c86-db67-4ebf-bd3d-01b882456236" testId="3c48f57a-aa7b-48c5-8cf6-f2f0e7aa466b" testName="Test8951" computerName="UA-LPT-OGA2" duration="00:00:00.7210000" startTime="2025-05-14T13:20:31.3146610Z" endTime="2025-05-14T13:25:31.3147553Z" testType="13cdc9d9-ddb5-4fa4-a97d-d965ccfc6d4b" outcome="Passed" testListId="9de7de23-778d-4aca-b3cc-72adbe3fd240" />
    <UnitTestResult executionId="0d85b970-2200-488e-b8fa-3664e31caf96" testId="0b7ca1d6-c1b1-401e-b5b0-34ec34e4001d" testName="Test8952" computerName="UA-LPT-OGA2" duration="00:00:00.2950000" startTime="2025-05-14T13:20:31.3146610Z" endTime="2025-05-14T13:25:31.3147553Z" testType="13cdc9d9-ddb5-4fa4-a97d-d965ccfc6d4b" outcome="Passed" testListId="9de7de23-778d-4aca-b3cc-72adbe3fd240" />
    <UnitTestResult executionId="eba83303-0112-4cc9-a642-b3a187e96c35" testId="4f9dfb6b-1669-416c-a1f9-c3d5bb4b64dd" testName="Test8953" computerName="UA-LPT-OGA2" duration="00:00:00.3310000" startTime="2025-05-14T13:20:31.3146610Z" endTime="2025-05-14T13:25:31.3147553Z" testType="13cdc9d9-ddb5-4fa4-a97d-d965ccfc6d4b" outcome="Passed" testListId="9de7de23-778d-4aca-b3cc-72adbe3fd240" />
    <UnitTestResult executionId="5bbca79c-b488-4704-8124-4c229055ba76" testId="444ccf82-206b-4b3d-b284-22df7c2e4a26" testName="Test8954" computerName="UA-LPT-OGA2" duration="00:00:01.0770000" startTime="2025-05-14T13:20:31.3146610Z" endTime="2025-05-14T13:25:31.3147553Z" testType="13cdc9d9-ddb5-4fa4-a97d-d965ccfc6d4b" outcome="Passed" testListId="9de7de23-778d-4aca-b3cc-72adbe3fd240" />
    <UnitTestResult executionId="6c75e3a6-83b6-48a5-8992-804e40f906fb" testId="1d88b19a-5620-438d-a479-63de95b1ce12" testName="Test8955" computerName="UA-LPT-OGA2" duration="00:00:01.2420000" startTime="2025-05-14T13:20:31.3146610Z" endTime="2025-05-14T13:25:31.3147553Z" testType="13cdc9d9-ddb5-4fa4-a97d-d965ccfc6d4b" outcome="Passed" testListId="9de7de23-778d-4aca-b3cc-72adbe3fd240" />
    <UnitTestResult executionId="58ef5ebf-f0b6-4b76-ba22-29acb1bef167" testId="24f64b80-74b8-4432-8ca2-3ed66d63aec0" testName="Test8956" computerName="UA-LPT-OGA2" duration="00:00:01.2010000" startTime="2025-05-14T13:20:31.3146610Z" endTime="2025-05-14T13:25:31.3147553Z" testType="13cdc9d9-ddb5-4fa4-a97d-d965ccfc6d4b" outcome="Passed" testListId="9de7de23-778d-4aca-b3cc-72adbe3fd240" />
    <UnitTestResult executionId="ad6d1746-4471-47cb-bc11-bed006ac8397" testId="75aabf3a-d167-4eb4-a45c-9d847d3f63b8" testName="Test8957" computerName="UA-LPT-OGA2" duration="00:00:00.5560000" startTime="2025-05-14T13:20:31.3146610Z" endTime="2025-05-14T13:25:31.3147553Z" testType="13cdc9d9-ddb5-4fa4-a97d-d965ccfc6d4b" outcome="Passed" testListId="9de7de23-778d-4aca-b3cc-72adbe3fd240" />
    <UnitTestResult executionId="6c0b9501-2e21-4f91-9728-d33a2dfcc57f" testId="1549d9f4-b0a5-448b-89b4-36caf5985ce5" testName="Test8958" computerName="UA-LPT-OGA2" duration="00:00:00.0420000" startTime="2025-05-14T13:20:31.3146610Z" endTime="2025-05-14T13:25:31.3147553Z" testType="13cdc9d9-ddb5-4fa4-a97d-d965ccfc6d4b" outcome="Passed" testListId="9de7de23-778d-4aca-b3cc-72adbe3fd240" />
    <UnitTestResult executionId="3a4e18ec-a80c-44f3-a3af-1f255b8606f4" testId="ea7ceb0a-3be2-4a34-bdb3-f06b7478fab8" testName="Test8959" computerName="UA-LPT-OGA2" duration="00:00:00.6060000" startTime="2025-05-14T13:20:31.3146610Z" endTime="2025-05-14T13:25:31.3147553Z" testType="13cdc9d9-ddb5-4fa4-a97d-d965ccfc6d4b" outcome="Passed" testListId="9de7de23-778d-4aca-b3cc-72adbe3fd240" />
    <UnitTestResult executionId="37a60c9d-0cdd-403f-abba-718c2e74c72a" testId="49b9cce5-5399-4c2d-beb5-dd010a4a586b" testName="Test8960" computerName="UA-LPT-OGA2" duration="00:00:01.9870000" startTime="2025-05-14T13:20:31.3146610Z" endTime="2025-05-14T13:25:31.3147553Z" testType="13cdc9d9-ddb5-4fa4-a97d-d965ccfc6d4b" outcome="Failed" testListId="9de7de23-778d-4aca-b3cc-72adbe3fd240">
      <Output>
        <ErrorInfo>
          <Message>Assertion failed: Expected value did not match actual value.</Message>
          <StackTrace>   at TestNamespace.TestClass.Test() in TestClass.cs:line 312</StackTrace>
        </ErrorInfo>
      </Output>
    </UnitTestResult>
    <UnitTestResult executionId="c8337cc1-0e8d-42d9-9384-fadeeb5aeeb5" testId="c032d509-8df8-455e-83d4-f2de2e93de70" testName="Test8961" computerName="UA-LPT-OGA2" duration="00:00:01.2630000" startTime="2025-05-14T13:20:31.3146610Z" endTime="2025-05-14T13:25:31.3147553Z" testType="13cdc9d9-ddb5-4fa4-a97d-d965ccfc6d4b" outcome="Passed" testListId="9de7de23-778d-4aca-b3cc-72adbe3fd240" />
    <UnitTestResult executionId="c0118739-64f4-499f-aedc-145008cd938e" testId="5aca83a5-856e-4040-9a5b-d2c89a612877" testName="Test8962" computerName="UA-LPT-OGA2" duration="00:00:00.4230000" startTime="2025-05-14T13:20:31.3146610Z" endTime="2025-05-14T13:25:31.3147553Z" testType="13cdc9d9-ddb5-4fa4-a97d-d965ccfc6d4b" outcome="Passed" testListId="9de7de23-778d-4aca-b3cc-72adbe3fd240" />
    <UnitTestResult executionId="c3a624bd-dc84-4351-9b83-c90dedd12f9b" testId="5fcbfe57-0ee7-4323-8373-a0229a64035c" testName="Test8963" computerName="UA-LPT-OGA2" duration="00:00:01.2850000" startTime="2025-05-14T13:20:31.3146610Z" endTime="2025-05-14T13:25:31.3147553Z" testType="13cdc9d9-ddb5-4fa4-a97d-d965ccfc6d4b" outcome="Passed" testListId="9de7de23-778d-4aca-b3cc-72adbe3fd240" />
    <UnitTestResult executionId="2ce36ace-5fcf-4e88-9235-1ede0cf659de" testId="cd2ca52e-ad01-4083-8093-735267758fed" testName="Test8964" computerName="UA-LPT-OGA2" duration="00:00:01.6080000" startTime="2025-05-14T13:20:31.3146610Z" endTime="2025-05-14T13:25:31.3147553Z" testType="13cdc9d9-ddb5-4fa4-a97d-d965ccfc6d4b" outcome="Passed" testListId="9de7de23-778d-4aca-b3cc-72adbe3fd240" />
    <UnitTestResult executionId="0f8414c9-23a2-4354-988f-cc1d8bff2f3d" testId="afbababb-5d87-42c2-9bb3-c6e1eed763ef" testName="Test8965" computerName="UA-LPT-OGA2" duration="00:00:00.7500000" startTime="2025-05-14T13:20:31.3146610Z" endTime="2025-05-14T13:25:31.3147553Z" testType="13cdc9d9-ddb5-4fa4-a97d-d965ccfc6d4b" outcome="Passed" testListId="9de7de23-778d-4aca-b3cc-72adbe3fd240" />
    <UnitTestResult executionId="8a3e8671-df4b-430f-9f72-b82d8dffbda7" testId="83658a26-b4e1-4d65-9d18-6e045109c7ca" testName="Test8966" computerName="UA-LPT-OGA2" duration="00:00:00.0440000" startTime="2025-05-14T13:20:31.3146610Z" endTime="2025-05-14T13:25:31.3147553Z" testType="13cdc9d9-ddb5-4fa4-a97d-d965ccfc6d4b" outcome="Passed" testListId="9de7de23-778d-4aca-b3cc-72adbe3fd240" />
    <UnitTestResult executionId="e6de2ea0-0143-46b0-9673-ddb9fb401956" testId="fd12fb27-54a8-43ad-a368-5ab8efb27fa8" testName="Test8967" computerName="UA-LPT-OGA2" duration="00:00:01.2530000" startTime="2025-05-14T13:20:31.3146610Z" endTime="2025-05-14T13:25:31.3147553Z" testType="13cdc9d9-ddb5-4fa4-a97d-d965ccfc6d4b" outcome="Passed" testListId="9de7de23-778d-4aca-b3cc-72adbe3fd240" />
    <UnitTestResult executionId="f052ce87-b0af-4416-98b6-ec49683880d3" testId="56f27e66-75e2-4ad2-9f94-9dc79fc0ab82" testName="Test8968" computerName="UA-LPT-OGA2" duration="00:00:01.5310000" startTime="2025-05-14T13:20:31.3146610Z" endTime="2025-05-14T13:25:31.3147553Z" testType="13cdc9d9-ddb5-4fa4-a97d-d965ccfc6d4b" outcome="Passed" testListId="9de7de23-778d-4aca-b3cc-72adbe3fd240" />
    <UnitTestResult executionId="eb655e4f-2a59-473a-82cb-1830f8941b1c" testId="c43593a9-0254-4e80-bd75-0901c9fafdbd" testName="Test8969" computerName="UA-LPT-OGA2" duration="00:00:00.3090000" startTime="2025-05-14T13:20:31.3146610Z" endTime="2025-05-14T13:25:31.3147553Z" testType="13cdc9d9-ddb5-4fa4-a97d-d965ccfc6d4b" outcome="Passed" testListId="9de7de23-778d-4aca-b3cc-72adbe3fd240" />
    <UnitTestResult executionId="3c784dc2-b19f-4941-873e-4533571dcb82" testId="e4ada135-862c-494e-a5aa-944426c691b1" testName="Test8970" computerName="UA-LPT-OGA2" duration="00:00:01.1200000" startTime="2025-05-14T13:20:31.3146610Z" endTime="2025-05-14T13:25:31.3147553Z" testType="13cdc9d9-ddb5-4fa4-a97d-d965ccfc6d4b" outcome="Passed" testListId="9de7de23-778d-4aca-b3cc-72adbe3fd240" />
    <UnitTestResult executionId="c44ee4a9-6bbc-400a-9a35-43dcbfaca2f9" testId="07d68d4d-9156-42c0-a627-93d9427bb5e6" testName="Test8971" computerName="UA-LPT-OGA2" duration="00:00:00.2730000" startTime="2025-05-14T13:20:31.3146610Z" endTime="2025-05-14T13:25:31.3147553Z" testType="13cdc9d9-ddb5-4fa4-a97d-d965ccfc6d4b" outcome="Passed" testListId="9de7de23-778d-4aca-b3cc-72adbe3fd240" />
    <UnitTestResult executionId="cdae52a0-47de-471a-b275-570f50053b8e" testId="c95f5eb9-0a4f-4f22-8ab5-e13d40b95b4e" testName="Test8972" computerName="UA-LPT-OGA2" duration="00:00:01.0170000" startTime="2025-05-14T13:20:31.3146610Z" endTime="2025-05-14T13:25:31.3147553Z" testType="13cdc9d9-ddb5-4fa4-a97d-d965ccfc6d4b" outcome="Passed" testListId="9de7de23-778d-4aca-b3cc-72adbe3fd240" />
    <UnitTestResult executionId="9721a3f0-e0bc-45c9-8088-19cb3e4abda4" testId="355592db-9aa4-4a03-be66-eecd0d2c33e5" testName="Test8973" computerName="UA-LPT-OGA2" duration="00:00:01.5430000" startTime="2025-05-14T13:20:31.3146610Z" endTime="2025-05-14T13:25:31.3147553Z" testType="13cdc9d9-ddb5-4fa4-a97d-d965ccfc6d4b" outcome="Passed" testListId="9de7de23-778d-4aca-b3cc-72adbe3fd240" />
    <UnitTestResult executionId="6c6a4016-c9d9-414f-bdf7-ab26ece83410" testId="134710f5-24eb-409c-846e-8ce01e9cee87" testName="Test8974" computerName="UA-LPT-OGA2" duration="00:00:00.3270000" startTime="2025-05-14T13:20:31.3146610Z" endTime="2025-05-14T13:25:31.3147553Z" testType="13cdc9d9-ddb5-4fa4-a97d-d965ccfc6d4b" outcome="Passed" testListId="9de7de23-778d-4aca-b3cc-72adbe3fd240" />
    <UnitTestResult executionId="9a682f5f-6615-42a5-96ca-3295529d564e" testId="0a5276e2-d304-4dc1-8614-0605ea5fcb30" testName="Test8975" computerName="UA-LPT-OGA2" duration="00:00:01.1040000" startTime="2025-05-14T13:20:31.3146610Z" endTime="2025-05-14T13:25:31.3147553Z" testType="13cdc9d9-ddb5-4fa4-a97d-d965ccfc6d4b" outcome="Failed" testListId="9de7de23-778d-4aca-b3cc-72adbe3fd240">
      <Output>
        <ErrorInfo>
          <Message>Assertion failed: Expected value did not match actual value.</Message>
          <StackTrace>   at TestNamespace.TestClass.Test() in TestClass.cs:line 312</StackTrace>
        </ErrorInfo>
      </Output>
    </UnitTestResult>
    <UnitTestResult executionId="324b8495-d5b4-47d8-8a84-f715cac52829" testId="33473f0e-cd48-4825-983b-6e8d7a1dd7c0" testName="Test8976" computerName="UA-LPT-OGA2" duration="00:00:00.5350000" startTime="2025-05-14T13:20:31.3146610Z" endTime="2025-05-14T13:25:31.3147553Z" testType="13cdc9d9-ddb5-4fa4-a97d-d965ccfc6d4b" outcome="Passed" testListId="9de7de23-778d-4aca-b3cc-72adbe3fd240" />
    <UnitTestResult executionId="5a34f3f8-3b9f-41a3-9a1a-9c73cc721c4c" testId="7320dd82-5b5b-49ef-acc1-14c40e793692" testName="Test8977" computerName="UA-LPT-OGA2" duration="00:00:00.9600000" startTime="2025-05-14T13:20:31.3146610Z" endTime="2025-05-14T13:25:31.3147553Z" testType="13cdc9d9-ddb5-4fa4-a97d-d965ccfc6d4b" outcome="Passed" testListId="9de7de23-778d-4aca-b3cc-72adbe3fd240" />
    <UnitTestResult executionId="3a781c3e-aa26-41b2-85e5-532b3329fe65" testId="5e0f3cdd-fdcb-48d5-8c64-7272f20fa58a" testName="Test8978" computerName="UA-LPT-OGA2" duration="00:00:00.0500000" startTime="2025-05-14T13:20:31.3146610Z" endTime="2025-05-14T13:25:31.3147553Z" testType="13cdc9d9-ddb5-4fa4-a97d-d965ccfc6d4b" outcome="Passed" testListId="9de7de23-778d-4aca-b3cc-72adbe3fd240" />
    <UnitTestResult executionId="8e9bc404-5b53-4343-b9be-35406d523876" testId="24901f91-5523-4bce-ace3-6c2b0255c221" testName="Test8979" computerName="UA-LPT-OGA2" duration="00:00:00.7890000" startTime="2025-05-14T13:20:31.3146610Z" endTime="2025-05-14T13:25:31.3147553Z" testType="13cdc9d9-ddb5-4fa4-a97d-d965ccfc6d4b" outcome="Failed" testListId="9de7de23-778d-4aca-b3cc-72adbe3fd240">
      <Output>
        <ErrorInfo>
          <Message>Assertion failed: Expected value did not match actual value.</Message>
          <StackTrace>   at TestNamespace.TestClass.Test() in TestClass.cs:line 26</StackTrace>
        </ErrorInfo>
      </Output>
    </UnitTestResult>
    <UnitTestResult executionId="e5cc5975-247d-4eaa-8c0f-d5f654c06b1e" testId="1f6bf564-3ee3-4413-838b-be7b70cb09c7" testName="Test8980" computerName="UA-LPT-OGA2" duration="00:00:01.4990000" startTime="2025-05-14T13:20:31.3146610Z" endTime="2025-05-14T13:25:31.3147553Z" testType="13cdc9d9-ddb5-4fa4-a97d-d965ccfc6d4b" outcome="Passed" testListId="9de7de23-778d-4aca-b3cc-72adbe3fd240" />
    <UnitTestResult executionId="712b5ff3-6b1a-40d0-b14f-9b9064858491" testId="fd1c5023-8360-4f59-a92b-90b5a8071804" testName="Test8981" computerName="UA-LPT-OGA2" duration="00:00:00.8050000" startTime="2025-05-14T13:20:31.3146610Z" endTime="2025-05-14T13:25:31.3147553Z" testType="13cdc9d9-ddb5-4fa4-a97d-d965ccfc6d4b" outcome="Passed" testListId="9de7de23-778d-4aca-b3cc-72adbe3fd240" />
    <UnitTestResult executionId="50aebf69-38cc-40b2-83d9-d85200e569e3" testId="b9d3f553-b199-42b0-93b6-9502bd4f93a2" testName="Test8982" computerName="UA-LPT-OGA2" duration="00:00:00.9210000" startTime="2025-05-14T13:20:31.3146610Z" endTime="2025-05-14T13:25:31.3147553Z" testType="13cdc9d9-ddb5-4fa4-a97d-d965ccfc6d4b" outcome="Failed" testListId="9de7de23-778d-4aca-b3cc-72adbe3fd240">
      <Output>
        <ErrorInfo>
          <Message>Assertion failed: Expected value did not match actual value.</Message>
          <StackTrace>   at TestNamespace.TestClass.Test() in TestClass.cs:line 416</StackTrace>
        </ErrorInfo>
      </Output>
    </UnitTestResult>
    <UnitTestResult executionId="4e70a543-a2fb-4f9e-b34e-9094545fa41e" testId="159c8a62-028a-4b85-b0b0-c5491657b087" testName="Test8983" computerName="UA-LPT-OGA2" duration="00:00:00.8780000" startTime="2025-05-14T13:20:31.3146610Z" endTime="2025-05-14T13:25:31.3147553Z" testType="13cdc9d9-ddb5-4fa4-a97d-d965ccfc6d4b" outcome="Passed" testListId="9de7de23-778d-4aca-b3cc-72adbe3fd240" />
    <UnitTestResult executionId="2142a1f5-a53b-4f23-bf88-4d82b2476425" testId="0b0480e1-c30f-4250-b929-a188bf1b2a4b" testName="Test8984" computerName="UA-LPT-OGA2" duration="00:00:00.3000000" startTime="2025-05-14T13:20:31.3146610Z" endTime="2025-05-14T13:25:31.3147553Z" testType="13cdc9d9-ddb5-4fa4-a97d-d965ccfc6d4b" outcome="Passed" testListId="9de7de23-778d-4aca-b3cc-72adbe3fd240" />
    <UnitTestResult executionId="be65bb35-e7cd-4f75-a87c-9658ea98a8bc" testId="bcb23849-0109-4c09-a212-ec350716334e" testName="Test8985" computerName="UA-LPT-OGA2" duration="00:00:01.1440000" startTime="2025-05-14T13:20:31.3146610Z" endTime="2025-05-14T13:25:31.3147553Z" testType="13cdc9d9-ddb5-4fa4-a97d-d965ccfc6d4b" outcome="Passed" testListId="9de7de23-778d-4aca-b3cc-72adbe3fd240" />
    <UnitTestResult executionId="62f43b7d-a330-4fb4-a938-508bab771e9d" testId="ef65a6a5-0e9a-459d-bb14-310d9b16a453" testName="Test8986" computerName="UA-LPT-OGA2" duration="00:00:01.2110000" startTime="2025-05-14T13:20:31.3146610Z" endTime="2025-05-14T13:25:31.3147553Z" testType="13cdc9d9-ddb5-4fa4-a97d-d965ccfc6d4b" outcome="Passed" testListId="9de7de23-778d-4aca-b3cc-72adbe3fd240" />
    <UnitTestResult executionId="82bebaed-5f61-45dc-967b-7f9eea7b1c3b" testId="868d3ace-a39b-40f6-82a2-6b735d76ce74" testName="Test8987" computerName="UA-LPT-OGA2" duration="00:00:01.3740000" startTime="2025-05-14T13:20:31.3146610Z" endTime="2025-05-14T13:25:31.3147553Z" testType="13cdc9d9-ddb5-4fa4-a97d-d965ccfc6d4b" outcome="Failed" testListId="9de7de23-778d-4aca-b3cc-72adbe3fd240">
      <Output>
        <ErrorInfo>
          <Message>Assertion failed: Expected value did not match actual value.</Message>
          <StackTrace>   at TestNamespace.TestClass.Test() in TestClass.cs:line 447</StackTrace>
        </ErrorInfo>
      </Output>
    </UnitTestResult>
    <UnitTestResult executionId="679b1dca-3dbd-44bd-bc73-6f497e4e9330" testId="c44903db-4375-4892-af2d-e85a6c5f2c5e" testName="Test8988" computerName="UA-LPT-OGA2" duration="00:00:00.5270000" startTime="2025-05-14T13:20:31.3146610Z" endTime="2025-05-14T13:25:31.3147553Z" testType="13cdc9d9-ddb5-4fa4-a97d-d965ccfc6d4b" outcome="Passed" testListId="9de7de23-778d-4aca-b3cc-72adbe3fd240" />
    <UnitTestResult executionId="291f9c77-6120-4da4-9c92-ce18039abb5e" testId="de07c2dd-9131-4336-a69a-21f27df3d130" testName="Test8989" computerName="UA-LPT-OGA2" duration="00:00:01.0180000" startTime="2025-05-14T13:20:31.3146610Z" endTime="2025-05-14T13:25:31.3147553Z" testType="13cdc9d9-ddb5-4fa4-a97d-d965ccfc6d4b" outcome="Passed" testListId="9de7de23-778d-4aca-b3cc-72adbe3fd240" />
    <UnitTestResult executionId="ffbb5d35-abc8-4bc4-8c58-e5c7071c3999" testId="bfbae9a2-96ed-4831-9f04-043220a6933b" testName="Test8990" computerName="UA-LPT-OGA2" duration="00:00:01.2850000" startTime="2025-05-14T13:20:31.3146610Z" endTime="2025-05-14T13:25:31.3147553Z" testType="13cdc9d9-ddb5-4fa4-a97d-d965ccfc6d4b" outcome="Passed" testListId="9de7de23-778d-4aca-b3cc-72adbe3fd240" />
    <UnitTestResult executionId="5aa35f5c-2a9e-4999-a921-dcd05d4109d9" testId="849c50d5-a228-41fa-bc2a-8649c35e70b3" testName="Test8991" computerName="UA-LPT-OGA2" duration="00:00:01.2670000" startTime="2025-05-14T13:20:31.3146610Z" endTime="2025-05-14T13:25:31.3147553Z" testType="13cdc9d9-ddb5-4fa4-a97d-d965ccfc6d4b" outcome="Passed" testListId="9de7de23-778d-4aca-b3cc-72adbe3fd240" />
    <UnitTestResult executionId="5ea21600-9ccb-4c4c-8d90-75d4844e89fe" testId="f408dccf-9f84-4306-98d7-f3c012745cd2" testName="Test8992" computerName="UA-LPT-OGA2" duration="00:00:01.6040000" startTime="2025-05-14T13:20:31.3146610Z" endTime="2025-05-14T13:25:31.3147553Z" testType="13cdc9d9-ddb5-4fa4-a97d-d965ccfc6d4b" outcome="Passed" testListId="9de7de23-778d-4aca-b3cc-72adbe3fd240" />
    <UnitTestResult executionId="945d4892-80c4-4314-a00a-ba78843ccbc0" testId="7bd5f897-52fb-4a28-bcda-18a86e8e21b5" testName="Test8993" computerName="UA-LPT-OGA2" duration="00:00:00.7140000" startTime="2025-05-14T13:20:31.3146610Z" endTime="2025-05-14T13:25:31.3147553Z" testType="13cdc9d9-ddb5-4fa4-a97d-d965ccfc6d4b" outcome="Passed" testListId="9de7de23-778d-4aca-b3cc-72adbe3fd240" />
    <UnitTestResult executionId="e865c855-694f-497b-9c7d-cbc7384c2717" testId="eaa339f7-19e4-4e05-8df1-29fb070f0f79" testName="Test8994" computerName="UA-LPT-OGA2" duration="00:00:00.8860000" startTime="2025-05-14T13:20:31.3146610Z" endTime="2025-05-14T13:25:31.3147553Z" testType="13cdc9d9-ddb5-4fa4-a97d-d965ccfc6d4b" outcome="Passed" testListId="9de7de23-778d-4aca-b3cc-72adbe3fd240" />
    <UnitTestResult executionId="25e93de7-b39a-4a44-9624-f52aca276e52" testId="9ac6341b-b402-4ad7-b095-4fb772759e39" testName="Test8995" computerName="UA-LPT-OGA2" duration="00:00:00.1790000" startTime="2025-05-14T13:20:31.3146610Z" endTime="2025-05-14T13:25:31.3147553Z" testType="13cdc9d9-ddb5-4fa4-a97d-d965ccfc6d4b" outcome="Passed" testListId="9de7de23-778d-4aca-b3cc-72adbe3fd240" />
    <UnitTestResult executionId="8bb1a39b-90d4-4f0a-9f18-3e99acf1673f" testId="2dc8009f-0433-445e-ada2-0906ed66efcb" testName="Test8996" computerName="UA-LPT-OGA2" duration="00:00:01.4860000" startTime="2025-05-14T13:20:31.3146610Z" endTime="2025-05-14T13:25:31.3147553Z" testType="13cdc9d9-ddb5-4fa4-a97d-d965ccfc6d4b" outcome="Passed" testListId="9de7de23-778d-4aca-b3cc-72adbe3fd240" />
    <UnitTestResult executionId="52fbd7fd-dbfd-46d8-aee2-d69384b519a3" testId="1fecf35b-19bc-48cf-b8fc-54d3ab42706d" testName="Test8997" computerName="UA-LPT-OGA2" duration="00:00:00.9060000" startTime="2025-05-14T13:20:31.3146610Z" endTime="2025-05-14T13:25:31.3147553Z" testType="13cdc9d9-ddb5-4fa4-a97d-d965ccfc6d4b" outcome="Passed" testListId="9de7de23-778d-4aca-b3cc-72adbe3fd240" />
    <UnitTestResult executionId="f59e672e-e1a0-4fb5-9de2-150157a224b2" testId="ced2bdd7-b6d7-4eaf-a011-809553cf3be3" testName="Test8998" computerName="UA-LPT-OGA2" duration="00:00:01.7350000" startTime="2025-05-14T13:20:31.3146610Z" endTime="2025-05-14T13:25:31.3147553Z" testType="13cdc9d9-ddb5-4fa4-a97d-d965ccfc6d4b" outcome="Passed" testListId="9de7de23-778d-4aca-b3cc-72adbe3fd240" />
    <UnitTestResult executionId="d2031a35-ef59-4f56-83ea-bb74b1061d43" testId="99684d08-7e0e-4e56-90fe-4485378f4b96" testName="Test8999" computerName="UA-LPT-OGA2" duration="00:00:00.6840000" startTime="2025-05-14T13:20:31.3146610Z" endTime="2025-05-14T13:25:31.3147553Z" testType="13cdc9d9-ddb5-4fa4-a97d-d965ccfc6d4b" outcome="Passed" testListId="9de7de23-778d-4aca-b3cc-72adbe3fd240" />
    <UnitTestResult executionId="6908a6dd-4e66-4e27-9d00-ac11ab03686c" testId="1a96d73e-6c28-4991-b7b9-8cdc0814e530" testName="Test9000" computerName="UA-LPT-OGA2" duration="00:00:00.2170000" startTime="2025-05-14T13:20:31.3146610Z" endTime="2025-05-14T13:25:31.3147553Z" testType="13cdc9d9-ddb5-4fa4-a97d-d965ccfc6d4b" outcome="Passed" testListId="9de7de23-778d-4aca-b3cc-72adbe3fd240" />
  </Results>
  <TestDefinitions>
    <UnitTest name="Test8901" id="73727df7-8f90-44c3-ab61-e9de9d80e935" storage="TestAssembly.dll">
      <Execution id="fcbe47d0-e078-4af7-9c67-e3330cbbce73" />
      <TestMethod codeBase="TestAssembly.dll" className="TestNamespace.TestClass1" name="Test8901" />
    </UnitTest>
    <UnitTest name="Test8902" id="3baefe48-1d20-475f-9a0e-5a8bb521977d" storage="TestAssembly.dll">
      <Execution id="ef847f79-73dc-469f-911f-0c4c9e8131b7" />
      <TestMethod codeBase="TestAssembly.dll" className="TestNamespace.TestClass1" name="Test8902" />
    </UnitTest>
    <UnitTest name="Test8903" id="7b8547cd-f4c7-41ec-8bc2-5b412b4b9d3e" storage="TestAssembly.dll">
      <Execution id="10f4f5aa-1bae-4afa-a637-5cab2fabd7cc" />
      <TestMethod codeBase="TestAssembly.dll" className="TestNamespace.TestClass1" name="Test8903" />
    </UnitTest>
    <UnitTest name="Test8904" id="3d6c1b85-8340-4626-b8d2-9f3d5082eb14" storage="TestAssembly.dll">
      <Execution id="52e097d9-ede1-4577-90af-4b097a362831" />
      <TestMethod codeBase="TestAssembly.dll" className="TestNamespace.TestClass1" name="Test8904" />
    </UnitTest>
    <UnitTest name="Test8905" id="c0d199dd-7d54-4d3a-9f79-7887460bd4a7" storage="TestAssembly.dll">
      <Execution id="1b16a319-c32d-470f-88c2-60782540df07" />
      <TestMethod codeBase="TestAssembly.dll" className="TestNamespace.TestClass1" name="Test8905" />
    </UnitTest>
    <UnitTest name="Test8906" id="6bc7d5d8-1ccc-4740-b0d4-7758ae00a1e7" storage="TestAssembly.dll">
      <Execution id="859368d0-77b9-4351-8e2a-eaa3ecdd615b" />
      <TestMethod codeBase="TestAssembly.dll" className="TestNamespace.TestClass1" name="Test8906" />
    </UnitTest>
    <UnitTest name="Test8907" id="b595779c-1dab-49c4-9ae3-57dbb4b1e8e4" storage="TestAssembly.dll">
      <Execution id="ca1ea832-380d-458e-a5a0-a1c3733d9374" />
      <TestMethod codeBase="TestAssembly.dll" className="TestNamespace.TestClass1" name="Test8907" />
    </UnitTest>
    <UnitTest name="Test8908" id="a3f42247-46c9-4963-a5b5-bae7229ae2af" storage="TestAssembly.dll">
      <Execution id="b42b8dec-7f61-42f1-867a-73e49a310d58" />
      <TestMethod codeBase="TestAssembly.dll" className="TestNamespace.TestClass1" name="Test8908" />
    </UnitTest>
    <UnitTest name="Test8909" id="0341c824-a466-49c2-abce-cc49a58ed001" storage="TestAssembly.dll">
      <Execution id="be4a36bd-526e-41a7-beb9-91e511ed69d8" />
      <TestMethod codeBase="TestAssembly.dll" className="TestNamespace.TestClass1" name="Test8909" />
    </UnitTest>
    <UnitTest name="Test8910" id="7cf93c25-86d8-4091-9e71-28fd8bf89591" storage="TestAssembly.dll">
      <Execution id="f7b8f47e-a21e-4c41-a50b-6fc257d4e5f1" />
      <TestMethod codeBase="TestAssembly.dll" className="TestNamespace.TestClass1" name="Test8910" />
    </UnitTest>
    <UnitTest name="Test8911" id="55317659-a1e0-411a-a3b9-ea8b9bf75e22" storage="TestAssembly.dll">
      <Execution id="d434fc48-b8d9-443a-8a4a-3a9309f03fa8" />
      <TestMethod codeBase="TestAssembly.dll" className="TestNamespace.TestClass2" name="Test8911" />
    </UnitTest>
    <UnitTest name="Test8912" id="856e7d89-3229-4ca2-91f1-aaf7b9bae143" storage="TestAssembly.dll">
      <Execution id="2429362b-ccbd-4b9b-8955-18b4637e0914" />
      <TestMethod codeBase="TestAssembly.dll" className="TestNamespace.TestClass2" name="Test8912" />
    </UnitTest>
    <UnitTest name="Test8913" id="6115db59-f4ac-42ce-9dde-e668ed6ceca3" storage="TestAssembly.dll">
      <Execution id="79c680ff-fbf4-45e8-88c6-006c22a9e479" />
      <TestMethod codeBase="TestAssembly.dll" className="TestNamespace.TestClass2" name="Test8913" />
    </UnitTest>
    <UnitTest name="Test8914" id="a3956613-9b45-44f9-8bce-7f2b88becab0" storage="TestAssembly.dll">
      <Execution id="b72fb884-58e9-4ed9-aa7c-e2ac50396c08" />
      <TestMethod codeBase="TestAssembly.dll" className="TestNamespace.TestClass2" name="Test8914" />
    </UnitTest>
    <UnitTest name="Test8915" id="1a7bb2cd-6638-43d9-b0a3-293d3ad6eacf" storage="TestAssembly.dll">
      <Execution id="60fbe030-97f1-4268-87a2-abbc9a553b89" />
      <TestMethod codeBase="TestAssembly.dll" className="TestNamespace.TestClass2" name="Test8915" />
    </UnitTest>
    <UnitTest name="Test8916" id="d20bd7fd-0fc7-405e-a544-410ff1ee1c88" storage="TestAssembly.dll">
      <Execution id="74a5b82c-7b07-450d-b08c-937f5def352d" />
      <TestMethod codeBase="TestAssembly.dll" className="TestNamespace.TestClass2" name="Test8916" />
    </UnitTest>
    <UnitTest name="Test8917" id="3c964297-b2af-4df1-b130-f476b092f99d" storage="TestAssembly.dll">
      <Execution id="f7d5f819-1a59-4f8d-ab97-20a92dd86bef" />
      <TestMethod codeBase="TestAssembly.dll" className="TestNamespace.TestClass2" name="Test8917" />
    </UnitTest>
    <UnitTest name="Test8918" id="567d268c-50fe-4a94-a563-30cbd55f0489" storage="TestAssembly.dll">
      <Execution id="9926546f-5b90-4894-8f20-a49dfbf5d03b" />
      <TestMethod codeBase="TestAssembly.dll" className="TestNamespace.TestClass2" name="Test8918" />
    </UnitTest>
    <UnitTest name="Test8919" id="345cb3fd-1946-47b0-8879-b3b4c9d25d8c" storage="TestAssembly.dll">
      <Execution id="7d35e282-e0ee-4b76-8a59-9dd81a62354f" />
      <TestMethod codeBase="TestAssembly.dll" className="TestNamespace.TestClass2" name="Test8919" />
    </UnitTest>
    <UnitTest name="Test8920" id="81bff9a9-6fe8-4b13-a137-c05d91f01446" storage="TestAssembly.dll">
      <Execution id="5c2d6b71-c0ae-4087-92d4-6071e5f21776" />
      <TestMethod codeBase="TestAssembly.dll" className="TestNamespace.TestClass2" name="Test8920" />
    </UnitTest>
    <UnitTest name="Test8921" id="1c3a3433-6d61-4d23-87ce-ea50d95f4858" storage="TestAssembly.dll">
      <Execution id="54e47df3-0774-4862-aa26-716d3bdaf137" />
      <TestMethod codeBase="TestAssembly.dll" className="TestNamespace.TestClass3" name="Test8921" />
    </UnitTest>
    <UnitTest name="Test8922" id="395680b4-34f8-4b76-83e4-06387a186006" storage="TestAssembly.dll">
      <Execution id="4fd739d0-519e-443f-8ad8-b502be68735d" />
      <TestMethod codeBase="TestAssembly.dll" className="TestNamespace.TestClass3" name="Test8922" />
    </UnitTest>
    <UnitTest name="Test8923" id="5b7d5f66-842d-4d03-ba51-458ae07d498c" storage="TestAssembly.dll">
      <Execution id="3c40da77-0644-4912-83d7-61f8676ba443" />
      <TestMethod codeBase="TestAssembly.dll" className="TestNamespace.TestClass3" name="Test8923" />
    </UnitTest>
    <UnitTest name="Test8924" id="c259827f-463b-415e-98b4-f5c8241cd609" storage="TestAssembly.dll">
      <Execution id="f2b531c8-94e1-413f-8dd3-6395866cd657" />
      <TestMethod codeBase="TestAssembly.dll" className="TestNamespace.TestClass3" name="Test8924" />
    </UnitTest>
    <UnitTest name="Test8925" id="bc776380-ba06-4b13-8e2e-ad045934bd30" storage="TestAssembly.dll">
      <Execution id="fe9b845e-82de-46d6-8c49-9bd9ae5820de" />
      <TestMethod codeBase="TestAssembly.dll" className="TestNamespace.TestClass3" name="Test8925" />
    </UnitTest>
    <UnitTest name="Test8926" id="e496b3d3-2c67-4688-bcd1-e4024a9a4fd9" storage="TestAssembly.dll">
      <Execution id="9b54449d-b478-4dee-821c-591e7bde305e" />
      <TestMethod codeBase="TestAssembly.dll" className="TestNamespace.TestClass3" name="Test8926" />
    </UnitTest>
    <UnitTest name="Test8927" id="8d065408-e29e-4a17-be02-03b2c88d168e" storage="TestAssembly.dll">
      <Execution id="8fb1ed01-aafc-4701-9693-94a62bbb3b84" />
      <TestMethod codeBase="TestAssembly.dll" className="TestNamespace.TestClass3" name="Test8927" />
    </UnitTest>
    <UnitTest name="Test8928" id="23a72030-c6c6-484a-bd11-2fb0c471a8f5" storage="TestAssembly.dll">
      <Execution id="5648594b-4b7c-444d-8251-62708702ce55" />
      <TestMethod codeBase="TestAssembly.dll" className="TestNamespace.TestClass3" name="Test8928" />
    </UnitTest>
    <UnitTest name="Test8929" id="c0a31f9d-cad1-4f17-8359-46662c312ff0" storage="TestAssembly.dll">
      <Execution id="a5148cec-436d-470e-a4ee-c1852f45cbfd" />
      <TestMethod codeBase="TestAssembly.dll" className="TestNamespace.TestClass3" name="Test8929" />
    </UnitTest>
    <UnitTest name="Test8930" id="ca53057e-e20c-4b8d-bd73-41edc0dc48be" storage="TestAssembly.dll">
      <Execution id="d37ff251-d3ce-490b-8c76-6d150f4f4cb3" />
      <TestMethod codeBase="TestAssembly.dll" className="TestNamespace.TestClass3" name="Test8930" />
    </UnitTest>
    <UnitTest name="Test8931" id="b26b85f0-ebd9-4055-93cf-5a398a5fe296" storage="TestAssembly.dll">
      <Execution id="28efdddf-80ee-4186-95d2-7b3969538517" />
      <TestMethod codeBase="TestAssembly.dll" className="TestNamespace.TestClass4" name="Test8931" />
    </UnitTest>
    <UnitTest name="Test8932" id="325115f3-422a-4c60-a28e-1eb3537160e8" storage="TestAssembly.dll">
      <Execution id="0d16bf77-ad9d-4aac-a0d2-1ebad26c74d6" />
      <TestMethod codeBase="TestAssembly.dll" className="TestNamespace.TestClass4" name="Test8932" />
    </UnitTest>
    <UnitTest name="Test8933" id="1427c9cb-bcd8-47b7-a80f-62b0cb4d0da7" storage="TestAssembly.dll">
      <Execution id="5a928b84-1d12-4169-9b01-a365f1efc598" />
      <TestMethod codeBase="TestAssembly.dll" className="TestNamespace.TestClass4" name="Test8933" />
    </UnitTest>
    <UnitTest name="Test8934" id="1fb1e017-17dd-407b-899e-77471687af42" storage="TestAssembly.dll">
      <Execution id="b6aebc06-5bef-4ba2-8359-afd0b7753827" />
      <TestMethod codeBase="TestAssembly.dll" className="TestNamespace.TestClass4" name="Test8934" />
    </UnitTest>
    <UnitTest name="Test8935" id="8bb6594f-15ad-49cf-acfe-cd2716c4ddc4" storage="TestAssembly.dll">
      <Execution id="8cb539d3-eeb9-450a-8db9-f6a8432e2672" />
      <TestMethod codeBase="TestAssembly.dll" className="TestNamespace.TestClass4" name="Test8935" />
    </UnitTest>
    <UnitTest name="Test8936" id="2428765e-0236-4437-b79a-c4583232d80e" storage="TestAssembly.dll">
      <Execution id="2312b637-bf63-48eb-a8ec-926e66e1d6dc" />
      <TestMethod codeBase="TestAssembly.dll" className="TestNamespace.TestClass4" name="Test8936" />
    </UnitTest>
    <UnitTest name="Test8937" id="bdc3162c-0a4b-4381-94e6-dac1d57b133e" storage="TestAssembly.dll">
      <Execution id="f4633bfa-58b7-4353-9eca-edd25021c3e1" />
      <TestMethod codeBase="TestAssembly.dll" className="TestNamespace.TestClass4" name="Test8937" />
    </UnitTest>
    <UnitTest name="Test8938" id="51da22a7-10e0-4410-967d-8937287a4f13" storage="TestAssembly.dll">
      <Execution id="703ba586-0246-4a81-a282-834ed2e07c95" />
      <TestMethod codeBase="TestAssembly.dll" className="TestNamespace.TestClass4" name="Test8938" />
    </UnitTest>
    <UnitTest name="Test8939" id="1ba74a06-8ed3-4f4c-8a89-06fd9fd2b927" storage="TestAssembly.dll">
      <Execution id="c3704ac7-562e-4ed4-aeec-9bb6e6f974d2" />
      <TestMethod codeBase="TestAssembly.dll" className="TestNamespace.TestClass4" name="Test8939" />
    </UnitTest>
    <UnitTest name="Test8940" id="561df202-1360-498e-b5b3-b99ddec6257a" storage="TestAssembly.dll">
      <Execution id="55242cf8-3883-4350-b94f-8902e3324508" />
      <TestMethod codeBase="TestAssembly.dll" className="TestNamespace.TestClass4" name="Test8940" />
    </UnitTest>
    <UnitTest name="Test8941" id="352fc58e-db5f-4ce6-aef9-9c06f6bbde64" storage="TestAssembly.dll">
      <Execution id="28b04596-5232-419c-95cc-f2033ebe4d9b" />
      <TestMethod codeBase="TestAssembly.dll" className="TestNamespace.TestClass5" name="Test8941" />
    </UnitTest>
    <UnitTest name="Test8942" id="2d327ca4-df7f-4262-a393-bccf34b40326" storage="TestAssembly.dll">
      <Execution id="7c264a45-1355-45d2-ad55-127b5b62a8b1" />
      <TestMethod codeBase="TestAssembly.dll" className="TestNamespace.TestClass5" name="Test8942" />
    </UnitTest>
    <UnitTest name="Test8943" id="4b6041c6-9d87-41df-a24d-41071a78b9d0" storage="TestAssembly.dll">
      <Execution id="8b78a31c-5bf2-40ab-afb5-62544c630b04" />
      <TestMethod codeBase="TestAssembly.dll" className="TestNamespace.TestClass5" name="Test8943" />
    </UnitTest>
    <UnitTest name="Test8944" id="68ff8c3a-793b-4612-b046-6f04300d6052" storage="TestAssembly.dll">
      <Execution id="5768229c-6edf-4fc9-b776-afdc55406f72" />
      <TestMethod codeBase="TestAssembly.dll" className="TestNamespace.TestClass5" name="Test8944" />
    </UnitTest>
    <UnitTest name="Test8945" id="cd31a827-4739-40d5-af55-cbee9192e7b8" storage="TestAssembly.dll">
      <Execution id="c4306ac6-a61c-4750-9554-02472a3f0b28" />
      <TestMethod codeBase="TestAssembly.dll" className="TestNamespace.TestClass5" name="Test8945" />
    </UnitTest>
    <UnitTest name="Test8946" id="9409788b-9f64-44e7-816d-f60ca67d7fea" storage="TestAssembly.dll">
      <Execution id="e54254fe-2578-4000-88db-96c10e5e6328" />
      <TestMethod codeBase="TestAssembly.dll" className="TestNamespace.TestClass5" name="Test8946" />
    </UnitTest>
    <UnitTest name="Test8947" id="8764f716-4cbd-45d0-9f06-e9cb84f5bfb0" storage="TestAssembly.dll">
      <Execution id="cd5b476c-685d-4681-98a0-abe4ebf1786c" />
      <TestMethod codeBase="TestAssembly.dll" className="TestNamespace.TestClass5" name="Test8947" />
    </UnitTest>
    <UnitTest name="Test8948" id="485bbade-0e6a-4ac8-8097-a802660776ac" storage="TestAssembly.dll">
      <Execution id="2d78e780-a9d3-416c-9188-6f83440db956" />
      <TestMethod codeBase="TestAssembly.dll" className="TestNamespace.TestClass5" name="Test8948" />
    </UnitTest>
    <UnitTest name="Test8949" id="5217537e-d2a6-4bc6-9473-d337a62892f0" storage="TestAssembly.dll">
      <Execution id="74ca06e7-ba5b-401e-8e82-173e4b458534" />
      <TestMethod codeBase="TestAssembly.dll" className="TestNamespace.TestClass5" name="Test8949" />
    </UnitTest>
    <UnitTest name="Test8950" id="e66382c1-3c0b-4cb0-9f29-b8c097b8d57b" storage="TestAssembly.dll">
      <Execution id="6efc0b49-40a9-4af9-946e-f5bbe5ba4cc9" />
      <TestMethod codeBase="TestAssembly.dll" className="TestNamespace.TestClass5" name="Test8950" />
    </UnitTest>
    <UnitTest name="Test8951" id="3c48f57a-aa7b-48c5-8cf6-f2f0e7aa466b" storage="TestAssembly.dll">
      <Execution id="85115c86-db67-4ebf-bd3d-01b882456236" />
      <TestMethod codeBase="TestAssembly.dll" className="TestNamespace.TestClass6" name="Test8951" />
    </UnitTest>
    <UnitTest name="Test8952" id="0b7ca1d6-c1b1-401e-b5b0-34ec34e4001d" storage="TestAssembly.dll">
      <Execution id="0d85b970-2200-488e-b8fa-3664e31caf96" />
      <TestMethod codeBase="TestAssembly.dll" className="TestNamespace.TestClass6" name="Test8952" />
    </UnitTest>
    <UnitTest name="Test8953" id="4f9dfb6b-1669-416c-a1f9-c3d5bb4b64dd" storage="TestAssembly.dll">
      <Execution id="eba83303-0112-4cc9-a642-b3a187e96c35" />
      <TestMethod codeBase="TestAssembly.dll" className="TestNamespace.TestClass6" name="Test8953" />
    </UnitTest>
    <UnitTest name="Test8954" id="444ccf82-206b-4b3d-b284-22df7c2e4a26" storage="TestAssembly.dll">
      <Execution id="5bbca79c-b488-4704-8124-4c229055ba76" />
      <TestMethod codeBase="TestAssembly.dll" className="TestNamespace.TestClass6" name="Test8954" />
    </UnitTest>
    <UnitTest name="Test8955" id="1d88b19a-5620-438d-a479-63de95b1ce12" storage="TestAssembly.dll">
      <Execution id="6c75e3a6-83b6-48a5-8992-804e40f906fb" />
      <TestMethod codeBase="TestAssembly.dll" className="TestNamespace.TestClass6" name="Test8955" />
    </UnitTest>
    <UnitTest name="Test8956" id="24f64b80-74b8-4432-8ca2-3ed66d63aec0" storage="TestAssembly.dll">
      <Execution id="58ef5ebf-f0b6-4b76-ba22-29acb1bef167" />
      <TestMethod codeBase="TestAssembly.dll" className="TestNamespace.TestClass6" name="Test8956" />
    </UnitTest>
    <UnitTest name="Test8957" id="75aabf3a-d167-4eb4-a45c-9d847d3f63b8" storage="TestAssembly.dll">
      <Execution id="ad6d1746-4471-47cb-bc11-bed006ac8397" />
      <TestMethod codeBase="TestAssembly.dll" className="TestNamespace.TestClass6" name="Test8957" />
    </UnitTest>
    <UnitTest name="Test8958" id="1549d9f4-b0a5-448b-89b4-36caf5985ce5" storage="TestAssembly.dll">
      <Execution id="6c0b9501-2e21-4f91-9728-d33a2dfcc57f" />
      <TestMethod codeBase="TestAssembly.dll" className="TestNamespace.TestClass6" name="Test8958" />
    </UnitTest>
    <UnitTest name="Test8959" id="ea7ceb0a-3be2-4a34-bdb3-f06b7478fab8" storage="TestAssembly.dll">
      <Execution id="3a4e18ec-a80c-44f3-a3af-1f255b8606f4" />
      <TestMethod codeBase="TestAssembly.dll" className="TestNamespace.TestClass6" name="Test8959" />
    </UnitTest>
    <UnitTest name="Test8960" id="49b9cce5-5399-4c2d-beb5-dd010a4a586b" storage="TestAssembly.dll">
      <Execution id="37a60c9d-0cdd-403f-abba-718c2e74c72a" />
      <TestMethod codeBase="TestAssembly.dll" className="TestNamespace.TestClass6" name="Test8960" />
    </UnitTest>
    <UnitTest name="Test8961" id="c032d509-8df8-455e-83d4-f2de2e93de70" storage="TestAssembly.dll">
      <Execution id="c8337cc1-0e8d-42d9-9384-fadeeb5aeeb5" />
      <TestMethod codeBase="TestAssembly.dll" className="TestNamespace.TestClass7" name="Test8961" />
    </UnitTest>
    <UnitTest name="Test8962" id="5aca83a5-856e-4040-9a5b-d2c89a612877" storage="TestAssembly.dll">
      <Execution id="c0118739-64f4-499f-aedc-145008cd938e" />
      <TestMethod codeBase="TestAssembly.dll" className="TestNamespace.TestClass7" name="Test8962" />
    </UnitTest>
    <UnitTest name="Test8963" id="5fcbfe57-0ee7-4323-8373-a0229a64035c" storage="TestAssembly.dll">
      <Execution id="c3a624bd-dc84-4351-9b83-c90dedd12f9b" />
      <TestMethod codeBase="TestAssembly.dll" className="TestNamespace.TestClass7" name="Test8963" />
    </UnitTest>
    <UnitTest name="Test8964" id="cd2ca52e-ad01-4083-8093-735267758fed" storage="TestAssembly.dll">
      <Execution id="2ce36ace-5fcf-4e88-9235-1ede0cf659de" />
      <TestMethod codeBase="TestAssembly.dll" className="TestNamespace.TestClass7" name="Test8964" />
    </UnitTest>
    <UnitTest name="Test8965" id="afbababb-5d87-42c2-9bb3-c6e1eed763ef" storage="TestAssembly.dll">
      <Execution id="0f8414c9-23a2-4354-988f-cc1d8bff2f3d" />
      <TestMethod codeBase="TestAssembly.dll" className="TestNamespace.TestClass7" name="Test8965" />
    </UnitTest>
    <UnitTest name="Test8966" id="83658a26-b4e1-4d65-9d18-6e045109c7ca" storage="TestAssembly.dll">
      <Execution id="8a3e8671-df4b-430f-9f72-b82d8dffbda7" />
      <TestMethod codeBase="TestAssembly.dll" className="TestNamespace.TestClass7" name="Test8966" />
    </UnitTest>
    <UnitTest name="Test8967" id="fd12fb27-54a8-43ad-a368-5ab8efb27fa8" storage="TestAssembly.dll">
      <Execution id="e6de2ea0-0143-46b0-9673-ddb9fb401956" />
      <TestMethod codeBase="TestAssembly.dll" className="TestNamespace.TestClass7" name="Test8967" />
    </UnitTest>
    <UnitTest name="Test8968" id="56f27e66-75e2-4ad2-9f94-9dc79fc0ab82" storage="TestAssembly.dll">
      <Execution id="f052ce87-b0af-4416-98b6-ec49683880d3" />
      <TestMethod codeBase="TestAssembly.dll" className="TestNamespace.TestClass7" name="Test8968" />
    </UnitTest>
    <UnitTest name="Test8969" id="c43593a9-0254-4e80-bd75-0901c9fafdbd" storage="TestAssembly.dll">
      <Execution id="eb655e4f-2a59-473a-82cb-1830f8941b1c" />
      <TestMethod codeBase="TestAssembly.dll" className="TestNamespace.TestClass7" name="Test8969" />
    </UnitTest>
    <UnitTest name="Test8970" id="e4ada135-862c-494e-a5aa-944426c691b1" storage="TestAssembly.dll">
      <Execution id="3c784dc2-b19f-4941-873e-4533571dcb82" />
      <TestMethod codeBase="TestAssembly.dll" className="TestNamespace.TestClass7" name="Test8970" />
    </UnitTest>
    <UnitTest name="Test8971" id="07d68d4d-9156-42c0-a627-93d9427bb5e6" storage="TestAssembly.dll">
      <Execution id="c44ee4a9-6bbc-400a-9a35-43dcbfaca2f9" />
      <TestMethod codeBase="TestAssembly.dll" className="TestNamespace.TestClass8" name="Test8971" />
    </UnitTest>
    <UnitTest name="Test8972" id="c95f5eb9-0a4f-4f22-8ab5-e13d40b95b4e" storage="TestAssembly.dll">
      <Execution id="cdae52a0-47de-471a-b275-570f50053b8e" />
      <TestMethod codeBase="TestAssembly.dll" className="TestNamespace.TestClass8" name="Test8972" />
    </UnitTest>
    <UnitTest name="Test8973" id="355592db-9aa4-4a03-be66-eecd0d2c33e5" storage="TestAssembly.dll">
      <Execution id="9721a3f0-e0bc-45c9-8088-19cb3e4abda4" />
      <TestMethod codeBase="TestAssembly.dll" className="TestNamespace.TestClass8" name="Test8973" />
    </UnitTest>
    <UnitTest name="Test8974" id="134710f5-24eb-409c-846e-8ce01e9cee87" storage="TestAssembly.dll">
      <Execution id="6c6a4016-c9d9-414f-bdf7-ab26ece83410" />
      <TestMethod codeBase="TestAssembly.dll" className="TestNamespace.TestClass8" name="Test8974" />
    </UnitTest>
    <UnitTest name="Test8975" id="0a5276e2-d304-4dc1-8614-0605ea5fcb30" storage="TestAssembly.dll">
      <Execution id="9a682f5f-6615-42a5-96ca-3295529d564e" />
      <TestMethod codeBase="TestAssembly.dll" className="TestNamespace.TestClass8" name="Test8975" />
    </UnitTest>
    <UnitTest name="Test8976" id="33473f0e-cd48-4825-983b-6e8d7a1dd7c0" storage="TestAssembly.dll">
      <Execution id="324b8495-d5b4-47d8-8a84-f715cac52829" />
      <TestMethod codeBase="TestAssembly.dll" className="TestNamespace.TestClass8" name="Test8976" />
    </UnitTest>
    <UnitTest name="Test8977" id="7320dd82-5b5b-49ef-acc1-14c40e793692" storage="TestAssembly.dll">
      <Execution id="5a34f3f8-3b9f-41a3-9a1a-9c73cc721c4c" />
      <TestMethod codeBase="TestAssembly.dll" className="TestNamespace.TestClass8" name="Test8977" />
    </UnitTest>
    <UnitTest name="Test8978" id="5e0f3cdd-fdcb-48d5-8c64-7272f20fa58a" storage="TestAssembly.dll">
      <Execution id="3a781c3e-aa26-41b2-85e5-532b3329fe65" />
      <TestMethod codeBase="TestAssembly.dll" className="TestNamespace.TestClass8" name="Test8978" />
    </UnitTest>
    <UnitTest name="Test8979" id="24901f91-5523-4bce-ace3-6c2b0255c221" storage="TestAssembly.dll">
      <Execution id="8e9bc404-5b53-4343-b9be-35406d523876" />
      <TestMethod codeBase="TestAssembly.dll" className="TestNamespace.TestClass8" name="Test8979" />
    </UnitTest>
    <UnitTest name="Test8980" id="1f6bf564-3ee3-4413-838b-be7b70cb09c7" storage="TestAssembly.dll">
      <Execution id="e5cc5975-247d-4eaa-8c0f-d5f654c06b1e" />
      <TestMethod codeBase="TestAssembly.dll" className="TestNamespace.TestClass8" name="Test8980" />
    </UnitTest>
    <UnitTest name="Test8981" id="fd1c5023-8360-4f59-a92b-90b5a8071804" storage="TestAssembly.dll">
      <Execution id="712b5ff3-6b1a-40d0-b14f-9b9064858491" />
      <TestMethod codeBase="TestAssembly.dll" className="TestNamespace.TestClass9" name="Test8981" />
    </UnitTest>
    <UnitTest name="Test8982" id="b9d3f553-b199-42b0-93b6-9502bd4f93a2" storage="TestAssembly.dll">
      <Execution id="50aebf69-38cc-40b2-83d9-d85200e569e3" />
      <TestMethod codeBase="TestAssembly.dll" className="TestNamespace.TestClass9" name="Test8982" />
    </UnitTest>
    <UnitTest name="Test8983" id="159c8a62-028a-4b85-b0b0-c5491657b087" storage="TestAssembly.dll">
      <Execution id="4e70a543-a2fb-4f9e-b34e-9094545fa41e" />
      <TestMethod codeBase="TestAssembly.dll" className="TestNamespace.TestClass9" name="Test8983" />
    </UnitTest>
    <UnitTest name="Test8984" id="0b0480e1-c30f-4250-b929-a188bf1b2a4b" storage="TestAssembly.dll">
      <Execution id="2142a1f5-a53b-4f23-bf88-4d82b2476425" />
      <TestMethod codeBase="TestAssembly.dll" className="TestNamespace.TestClass9" name="Test8984" />
    </UnitTest>
    <UnitTest name="Test8985" id="bcb23849-0109-4c09-a212-ec350716334e" storage="TestAssembly.dll">
      <Execution id="be65bb35-e7cd-4f75-a87c-9658ea98a8bc" />
      <TestMethod codeBase="TestAssembly.dll" className="TestNamespace.TestClass9" name="Test8985" />
    </UnitTest>
    <UnitTest name="Test8986" id="ef65a6a5-0e9a-459d-bb14-310d9b16a453" storage="TestAssembly.dll">
      <Execution id="62f43b7d-a330-4fb4-a938-508bab771e9d" />
      <TestMethod codeBase="TestAssembly.dll" className="TestNamespace.TestClass9" name="Test8986" />
    </UnitTest>
    <UnitTest name="Test8987" id="868d3ace-a39b-40f6-82a2-6b735d76ce74" storage="TestAssembly.dll">
      <Execution id="82bebaed-5f61-45dc-967b-7f9eea7b1c3b" />
      <TestMethod codeBase="TestAssembly.dll" className="TestNamespace.TestClass9" name="Test8987" />
    </UnitTest>
    <UnitTest name="Test8988" id="c44903db-4375-4892-af2d-e85a6c5f2c5e" storage="TestAssembly.dll">
      <Execution id="679b1dca-3dbd-44bd-bc73-6f497e4e9330" />
      <TestMethod codeBase="TestAssembly.dll" className="TestNamespace.TestClass9" name="Test8988" />
    </UnitTest>
    <UnitTest name="Test8989" id="de07c2dd-9131-4336-a69a-21f27df3d130" storage="TestAssembly.dll">
      <Execution id="291f9c77-6120-4da4-9c92-ce18039abb5e" />
      <TestMethod codeBase="TestAssembly.dll" className="TestNamespace.TestClass9" name="Test8989" />
    </UnitTest>
    <UnitTest name="Test8990" id="bfbae9a2-96ed-4831-9f04-043220a6933b" storage="TestAssembly.dll">
      <Execution id="ffbb5d35-abc8-4bc4-8c58-e5c7071c3999" />
      <TestMethod codeBase="TestAssembly.dll" className="TestNamespace.TestClass9" name="Test8990" />
    </UnitTest>
    <UnitTest name="Test8991" id="849c50d5-a228-41fa-bc2a-8649c35e70b3" storage="TestAssembly.dll">
      <Execution id="5aa35f5c-2a9e-4999-a921-dcd05d4109d9" />
      <TestMethod codeBase="TestAssembly.dll" className="TestNamespace.TestClass10" name="Test8991" />
    </UnitTest>
    <UnitTest name="Test8992" id="f408dccf-9f84-4306-98d7-f3c012745cd2" storage="TestAssembly.dll">
      <Execution id="5ea21600-9ccb-4c4c-8d90-75d4844e89fe" />
      <TestMethod codeBase="TestAssembly.dll" className="TestNamespace.TestClass10" name="Test8992" />
    </UnitTest>
    <UnitTest name="Test8993" id="7bd5f897-52fb-4a28-bcda-18a86e8e21b5" storage="TestAssembly.dll">
      <Execution id="945d4892-80c4-4314-a00a-ba78843ccbc0" />
      <TestMethod codeBase="TestAssembly.dll" className="TestNamespace.TestClass10" name="Test8993" />
    </UnitTest>
    <UnitTest name="Test8994" id="eaa339f7-19e4-4e05-8df1-29fb070f0f79" storage="TestAssembly.dll">
      <Execution id="e865c855-694f-497b-9c7d-cbc7384c2717" />
      <TestMethod codeBase="TestAssembly.dll" className="TestNamespace.TestClass10" name="Test8994" />
    </UnitTest>
    <UnitTest name="Test8995" id="9ac6341b-b402-4ad7-b095-4fb772759e39" storage="TestAssembly.dll">
      <Execution id="25e93de7-b39a-4a44-9624-f52aca276e52" />
      <TestMethod codeBase="TestAssembly.dll" className="TestNamespace.TestClass10" name="Test8995" />
    </UnitTest>
    <UnitTest name="Test8996" id="2dc8009f-0433-445e-ada2-0906ed66efcb" storage="TestAssembly.dll">
      <Execution id="8bb1a39b-90d4-4f0a-9f18-3e99acf1673f" />
      <TestMethod codeBase="TestAssembly.dll" className="TestNamespace.TestClass10" name="Test8996" />
    </UnitTest>
    <UnitTest name="Test8997" id="1fecf35b-19bc-48cf-b8fc-54d3ab42706d" storage="TestAssembly.dll">
      <Execution id="52fbd7fd-dbfd-46d8-aee2-d69384b519a3" />
      <TestMethod codeBase="TestAssembly.dll" className="TestNamespace.TestClass10" name="Test8997" />
    </UnitTest>
    <UnitTest name="Test8998" id="ced2bdd7-b6d7-4eaf-a011-809553cf3be3" storage="TestAssembly.dll">
      <Execution id="f59e672e-e1a0-4fb5-9de2-150157a224b2" />
      <TestMethod codeBase="TestAssembly.dll" className="TestNamespace.TestClass10" name="Test8998" />
    </UnitTest>
    <UnitTest name="Test8999" id="99684d08-7e0e-4e56-90fe-4485378f4b96" storage="TestAssembly.dll">
      <Execution id="d2031a35-ef59-4f56-83ea-bb74b1061d43" />
      <TestMethod codeBase="TestAssembly.dll" className="TestNamespace.TestClass10" name="Test8999" />
    </UnitTest>
    <UnitTest name="Test9000" id="1a96d73e-6c28-4991-b7b9-8cdc0814e530" storage="TestAssembly.dll">
      <Execution id="6908a6dd-4e66-4e27-9d00-ac11ab03686c" />
      <TestMethod codeBase="TestAssembly.dll" className="TestNamespace.TestClass10" name="Test9000" />
    </UnitTest>
  </TestDefinitions>
  <TestEntries>
    <TestEntry testId="73727df7-8f90-44c3-ab61-e9de9d80e935" executionId="fcbe47d0-e078-4af7-9c67-e3330cbbce73" testListId="9de7de23-778d-4aca-b3cc-72adbe3fd240" />
    <TestEntry testId="3baefe48-1d20-475f-9a0e-5a8bb521977d" executionId="ef847f79-73dc-469f-911f-0c4c9e8131b7" testListId="9de7de23-778d-4aca-b3cc-72adbe3fd240" />
    <TestEntry testId="7b8547cd-f4c7-41ec-8bc2-5b412b4b9d3e" executionId="10f4f5aa-1bae-4afa-a637-5cab2fabd7cc" testListId="9de7de23-778d-4aca-b3cc-72adbe3fd240" />
    <TestEntry testId="3d6c1b85-8340-4626-b8d2-9f3d5082eb14" executionId="52e097d9-ede1-4577-90af-4b097a362831" testListId="9de7de23-778d-4aca-b3cc-72adbe3fd240" />
    <TestEntry testId="c0d199dd-7d54-4d3a-9f79-7887460bd4a7" executionId="1b16a319-c32d-470f-88c2-60782540df07" testListId="9de7de23-778d-4aca-b3cc-72adbe3fd240" />
    <TestEntry testId="6bc7d5d8-1ccc-4740-b0d4-7758ae00a1e7" executionId="859368d0-77b9-4351-8e2a-eaa3ecdd615b" testListId="9de7de23-778d-4aca-b3cc-72adbe3fd240" />
    <TestEntry testId="b595779c-1dab-49c4-9ae3-57dbb4b1e8e4" executionId="ca1ea832-380d-458e-a5a0-a1c3733d9374" testListId="9de7de23-778d-4aca-b3cc-72adbe3fd240" />
    <TestEntry testId="a3f42247-46c9-4963-a5b5-bae7229ae2af" executionId="b42b8dec-7f61-42f1-867a-73e49a310d58" testListId="9de7de23-778d-4aca-b3cc-72adbe3fd240" />
    <TestEntry testId="0341c824-a466-49c2-abce-cc49a58ed001" executionId="be4a36bd-526e-41a7-beb9-91e511ed69d8" testListId="9de7de23-778d-4aca-b3cc-72adbe3fd240" />
    <TestEntry testId="7cf93c25-86d8-4091-9e71-28fd8bf89591" executionId="f7b8f47e-a21e-4c41-a50b-6fc257d4e5f1" testListId="9de7de23-778d-4aca-b3cc-72adbe3fd240" />
    <TestEntry testId="55317659-a1e0-411a-a3b9-ea8b9bf75e22" executionId="d434fc48-b8d9-443a-8a4a-3a9309f03fa8" testListId="9de7de23-778d-4aca-b3cc-72adbe3fd240" />
    <TestEntry testId="856e7d89-3229-4ca2-91f1-aaf7b9bae143" executionId="2429362b-ccbd-4b9b-8955-18b4637e0914" testListId="9de7de23-778d-4aca-b3cc-72adbe3fd240" />
    <TestEntry testId="6115db59-f4ac-42ce-9dde-e668ed6ceca3" executionId="79c680ff-fbf4-45e8-88c6-006c22a9e479" testListId="9de7de23-778d-4aca-b3cc-72adbe3fd240" />
    <TestEntry testId="a3956613-9b45-44f9-8bce-7f2b88becab0" executionId="b72fb884-58e9-4ed9-aa7c-e2ac50396c08" testListId="9de7de23-778d-4aca-b3cc-72adbe3fd240" />
    <TestEntry testId="1a7bb2cd-6638-43d9-b0a3-293d3ad6eacf" executionId="60fbe030-97f1-4268-87a2-abbc9a553b89" testListId="9de7de23-778d-4aca-b3cc-72adbe3fd240" />
    <TestEntry testId="d20bd7fd-0fc7-405e-a544-410ff1ee1c88" executionId="74a5b82c-7b07-450d-b08c-937f5def352d" testListId="9de7de23-778d-4aca-b3cc-72adbe3fd240" />
    <TestEntry testId="3c964297-b2af-4df1-b130-f476b092f99d" executionId="f7d5f819-1a59-4f8d-ab97-20a92dd86bef" testListId="9de7de23-778d-4aca-b3cc-72adbe3fd240" />
    <TestEntry testId="567d268c-50fe-4a94-a563-30cbd55f0489" executionId="9926546f-5b90-4894-8f20-a49dfbf5d03b" testListId="9de7de23-778d-4aca-b3cc-72adbe3fd240" />
    <TestEntry testId="345cb3fd-1946-47b0-8879-b3b4c9d25d8c" executionId="7d35e282-e0ee-4b76-8a59-9dd81a62354f" testListId="9de7de23-778d-4aca-b3cc-72adbe3fd240" />
    <TestEntry testId="81bff9a9-6fe8-4b13-a137-c05d91f01446" executionId="5c2d6b71-c0ae-4087-92d4-6071e5f21776" testListId="9de7de23-778d-4aca-b3cc-72adbe3fd240" />
    <TestEntry testId="1c3a3433-6d61-4d23-87ce-ea50d95f4858" executionId="54e47df3-0774-4862-aa26-716d3bdaf137" testListId="9de7de23-778d-4aca-b3cc-72adbe3fd240" />
    <TestEntry testId="395680b4-34f8-4b76-83e4-06387a186006" executionId="4fd739d0-519e-443f-8ad8-b502be68735d" testListId="9de7de23-778d-4aca-b3cc-72adbe3fd240" />
    <TestEntry testId="5b7d5f66-842d-4d03-ba51-458ae07d498c" executionId="3c40da77-0644-4912-83d7-61f8676ba443" testListId="9de7de23-778d-4aca-b3cc-72adbe3fd240" />
    <TestEntry testId="c259827f-463b-415e-98b4-f5c8241cd609" executionId="f2b531c8-94e1-413f-8dd3-6395866cd657" testListId="9de7de23-778d-4aca-b3cc-72adbe3fd240" />
    <TestEntry testId="bc776380-ba06-4b13-8e2e-ad045934bd30" executionId="fe9b845e-82de-46d6-8c49-9bd9ae5820de" testListId="9de7de23-778d-4aca-b3cc-72adbe3fd240" />
    <TestEntry testId="e496b3d3-2c67-4688-bcd1-e4024a9a4fd9" executionId="9b54449d-b478-4dee-821c-591e7bde305e" testListId="9de7de23-778d-4aca-b3cc-72adbe3fd240" />
    <TestEntry testId="8d065408-e29e-4a17-be02-03b2c88d168e" executionId="8fb1ed01-aafc-4701-9693-94a62bbb3b84" testListId="9de7de23-778d-4aca-b3cc-72adbe3fd240" />
    <TestEntry testId="23a72030-c6c6-484a-bd11-2fb0c471a8f5" executionId="5648594b-4b7c-444d-8251-62708702ce55" testListId="9de7de23-778d-4aca-b3cc-72adbe3fd240" />
    <TestEntry testId="c0a31f9d-cad1-4f17-8359-46662c312ff0" executionId="a5148cec-436d-470e-a4ee-c1852f45cbfd" testListId="9de7de23-778d-4aca-b3cc-72adbe3fd240" />
    <TestEntry testId="ca53057e-e20c-4b8d-bd73-41edc0dc48be" executionId="d37ff251-d3ce-490b-8c76-6d150f4f4cb3" testListId="9de7de23-778d-4aca-b3cc-72adbe3fd240" />
    <TestEntry testId="b26b85f0-ebd9-4055-93cf-5a398a5fe296" executionId="28efdddf-80ee-4186-95d2-7b3969538517" testListId="9de7de23-778d-4aca-b3cc-72adbe3fd240" />
    <TestEntry testId="325115f3-422a-4c60-a28e-1eb3537160e8" executionId="0d16bf77-ad9d-4aac-a0d2-1ebad26c74d6" testListId="9de7de23-778d-4aca-b3cc-72adbe3fd240" />
    <TestEntry testId="1427c9cb-bcd8-47b7-a80f-62b0cb4d0da7" executionId="5a928b84-1d12-4169-9b01-a365f1efc598" testListId="9de7de23-778d-4aca-b3cc-72adbe3fd240" />
    <TestEntry testId="1fb1e017-17dd-407b-899e-77471687af42" executionId="b6aebc06-5bef-4ba2-8359-afd0b7753827" testListId="9de7de23-778d-4aca-b3cc-72adbe3fd240" />
    <TestEntry testId="8bb6594f-15ad-49cf-acfe-cd2716c4ddc4" executionId="8cb539d3-eeb9-450a-8db9-f6a8432e2672" testListId="9de7de23-778d-4aca-b3cc-72adbe3fd240" />
    <TestEntry testId="2428765e-0236-4437-b79a-c4583232d80e" executionId="2312b637-bf63-48eb-a8ec-926e66e1d6dc" testListId="9de7de23-778d-4aca-b3cc-72adbe3fd240" />
    <TestEntry testId="bdc3162c-0a4b-4381-94e6-dac1d57b133e" executionId="f4633bfa-58b7-4353-9eca-edd25021c3e1" testListId="9de7de23-778d-4aca-b3cc-72adbe3fd240" />
    <TestEntry testId="51da22a7-10e0-4410-967d-8937287a4f13" executionId="703ba586-0246-4a81-a282-834ed2e07c95" testListId="9de7de23-778d-4aca-b3cc-72adbe3fd240" />
    <TestEntry testId="1ba74a06-8ed3-4f4c-8a89-06fd9fd2b927" executionId="c3704ac7-562e-4ed4-aeec-9bb6e6f974d2" testListId="9de7de23-778d-4aca-b3cc-72adbe3fd240" />
    <TestEntry testId="561df202-1360-498e-b5b3-b99ddec6257a" executionId="55242cf8-3883-4350-b94f-8902e3324508" testListId="9de7de23-778d-4aca-b3cc-72adbe3fd240" />
    <TestEntry testId="352fc58e-db5f-4ce6-aef9-9c06f6bbde64" executionId="28b04596-5232-419c-95cc-f2033ebe4d9b" testListId="9de7de23-778d-4aca-b3cc-72adbe3fd240" />
    <TestEntry testId="2d327ca4-df7f-4262-a393-bccf34b40326" executionId="7c264a45-1355-45d2-ad55-127b5b62a8b1" testListId="9de7de23-778d-4aca-b3cc-72adbe3fd240" />
    <TestEntry testId="4b6041c6-9d87-41df-a24d-41071a78b9d0" executionId="8b78a31c-5bf2-40ab-afb5-62544c630b04" testListId="9de7de23-778d-4aca-b3cc-72adbe3fd240" />
    <TestEntry testId="68ff8c3a-793b-4612-b046-6f04300d6052" executionId="5768229c-6edf-4fc9-b776-afdc55406f72" testListId="9de7de23-778d-4aca-b3cc-72adbe3fd240" />
    <TestEntry testId="cd31a827-4739-40d5-af55-cbee9192e7b8" executionId="c4306ac6-a61c-4750-9554-02472a3f0b28" testListId="9de7de23-778d-4aca-b3cc-72adbe3fd240" />
    <TestEntry testId="9409788b-9f64-44e7-816d-f60ca67d7fea" executionId="e54254fe-2578-4000-88db-96c10e5e6328" testListId="9de7de23-778d-4aca-b3cc-72adbe3fd240" />
    <TestEntry testId="8764f716-4cbd-45d0-9f06-e9cb84f5bfb0" executionId="cd5b476c-685d-4681-98a0-abe4ebf1786c" testListId="9de7de23-778d-4aca-b3cc-72adbe3fd240" />
    <TestEntry testId="485bbade-0e6a-4ac8-8097-a802660776ac" executionId="2d78e780-a9d3-416c-9188-6f83440db956" testListId="9de7de23-778d-4aca-b3cc-72adbe3fd240" />
    <TestEntry testId="5217537e-d2a6-4bc6-9473-d337a62892f0" executionId="74ca06e7-ba5b-401e-8e82-173e4b458534" testListId="9de7de23-778d-4aca-b3cc-72adbe3fd240" />
    <TestEntry testId="e66382c1-3c0b-4cb0-9f29-b8c097b8d57b" executionId="6efc0b49-40a9-4af9-946e-f5bbe5ba4cc9" testListId="9de7de23-778d-4aca-b3cc-72adbe3fd240" />
    <TestEntry testId="3c48f57a-aa7b-48c5-8cf6-f2f0e7aa466b" executionId="85115c86-db67-4ebf-bd3d-01b882456236" testListId="9de7de23-778d-4aca-b3cc-72adbe3fd240" />
    <TestEntry testId="0b7ca1d6-c1b1-401e-b5b0-34ec34e4001d" executionId="0d85b970-2200-488e-b8fa-3664e31caf96" testListId="9de7de23-778d-4aca-b3cc-72adbe3fd240" />
    <TestEntry testId="4f9dfb6b-1669-416c-a1f9-c3d5bb4b64dd" executionId="eba83303-0112-4cc9-a642-b3a187e96c35" testListId="9de7de23-778d-4aca-b3cc-72adbe3fd240" />
    <TestEntry testId="444ccf82-206b-4b3d-b284-22df7c2e4a26" executionId="5bbca79c-b488-4704-8124-4c229055ba76" testListId="9de7de23-778d-4aca-b3cc-72adbe3fd240" />
    <TestEntry testId="1d88b19a-5620-438d-a479-63de95b1ce12" executionId="6c75e3a6-83b6-48a5-8992-804e40f906fb" testListId="9de7de23-778d-4aca-b3cc-72adbe3fd240" />
    <TestEntry testId="24f64b80-74b8-4432-8ca2-3ed66d63aec0" executionId="58ef5ebf-f0b6-4b76-ba22-29acb1bef167" testListId="9de7de23-778d-4aca-b3cc-72adbe3fd240" />
    <TestEntry testId="75aabf3a-d167-4eb4-a45c-9d847d3f63b8" executionId="ad6d1746-4471-47cb-bc11-bed006ac8397" testListId="9de7de23-778d-4aca-b3cc-72adbe3fd240" />
    <TestEntry testId="1549d9f4-b0a5-448b-89b4-36caf5985ce5" executionId="6c0b9501-2e21-4f91-9728-d33a2dfcc57f" testListId="9de7de23-778d-4aca-b3cc-72adbe3fd240" />
    <TestEntry testId="ea7ceb0a-3be2-4a34-bdb3-f06b7478fab8" executionId="3a4e18ec-a80c-44f3-a3af-1f255b8606f4" testListId="9de7de23-778d-4aca-b3cc-72adbe3fd240" />
    <TestEntry testId="49b9cce5-5399-4c2d-beb5-dd010a4a586b" executionId="37a60c9d-0cdd-403f-abba-718c2e74c72a" testListId="9de7de23-778d-4aca-b3cc-72adbe3fd240" />
    <TestEntry testId="c032d509-8df8-455e-83d4-f2de2e93de70" executionId="c8337cc1-0e8d-42d9-9384-fadeeb5aeeb5" testListId="9de7de23-778d-4aca-b3cc-72adbe3fd240" />
    <TestEntry testId="5aca83a5-856e-4040-9a5b-d2c89a612877" executionId="c0118739-64f4-499f-aedc-145008cd938e" testListId="9de7de23-778d-4aca-b3cc-72adbe3fd240" />
    <TestEntry testId="5fcbfe57-0ee7-4323-8373-a0229a64035c" executionId="c3a624bd-dc84-4351-9b83-c90dedd12f9b" testListId="9de7de23-778d-4aca-b3cc-72adbe3fd240" />
    <TestEntry testId="cd2ca52e-ad01-4083-8093-735267758fed" executionId="2ce36ace-5fcf-4e88-9235-1ede0cf659de" testListId="9de7de23-778d-4aca-b3cc-72adbe3fd240" />
    <TestEntry testId="afbababb-5d87-42c2-9bb3-c6e1eed763ef" executionId="0f8414c9-23a2-4354-988f-cc1d8bff2f3d" testListId="9de7de23-778d-4aca-b3cc-72adbe3fd240" />
    <TestEntry testId="83658a26-b4e1-4d65-9d18-6e045109c7ca" executionId="8a3e8671-df4b-430f-9f72-b82d8dffbda7" testListId="9de7de23-778d-4aca-b3cc-72adbe3fd240" />
    <TestEntry testId="fd12fb27-54a8-43ad-a368-5ab8efb27fa8" executionId="e6de2ea0-0143-46b0-9673-ddb9fb401956" testListId="9de7de23-778d-4aca-b3cc-72adbe3fd240" />
    <TestEntry testId="56f27e66-75e2-4ad2-9f94-9dc79fc0ab82" executionId="f052ce87-b0af-4416-98b6-ec49683880d3" testListId="9de7de23-778d-4aca-b3cc-72adbe3fd240" />
    <TestEntry testId="c43593a9-0254-4e80-bd75-0901c9fafdbd" executionId="eb655e4f-2a59-473a-82cb-1830f8941b1c" testListId="9de7de23-778d-4aca-b3cc-72adbe3fd240" />
    <TestEntry testId="e4ada135-862c-494e-a5aa-944426c691b1" executionId="3c784dc2-b19f-4941-873e-4533571dcb82" testListId="9de7de23-778d-4aca-b3cc-72adbe3fd240" />
    <TestEntry testId="07d68d4d-9156-42c0-a627-93d9427bb5e6" executionId="c44ee4a9-6bbc-400a-9a35-43dcbfaca2f9" testListId="9de7de23-778d-4aca-b3cc-72adbe3fd240" />
    <TestEntry testId="c95f5eb9-0a4f-4f22-8ab5-e13d40b95b4e" executionId="cdae52a0-47de-471a-b275-570f50053b8e" testListId="9de7de23-778d-4aca-b3cc-72adbe3fd240" />
    <TestEntry testId="355592db-9aa4-4a03-be66-eecd0d2c33e5" executionId="9721a3f0-e0bc-45c9-8088-19cb3e4abda4" testListId="9de7de23-778d-4aca-b3cc-72adbe3fd240" />
    <TestEntry testId="134710f5-24eb-409c-846e-8ce01e9cee87" executionId="6c6a4016-c9d9-414f-bdf7-ab26ece83410" testListId="9de7de23-778d-4aca-b3cc-72adbe3fd240" />
    <TestEntry testId="0a5276e2-d304-4dc1-8614-0605ea5fcb30" executionId="9a682f5f-6615-42a5-96ca-3295529d564e" testListId="9de7de23-778d-4aca-b3cc-72adbe3fd240" />
    <TestEntry testId="33473f0e-cd48-4825-983b-6e8d7a1dd7c0" executionId="324b8495-d5b4-47d8-8a84-f715cac52829" testListId="9de7de23-778d-4aca-b3cc-72adbe3fd240" />
    <TestEntry testId="7320dd82-5b5b-49ef-acc1-14c40e793692" executionId="5a34f3f8-3b9f-41a3-9a1a-9c73cc721c4c" testListId="9de7de23-778d-4aca-b3cc-72adbe3fd240" />
    <TestEntry testId="5e0f3cdd-fdcb-48d5-8c64-7272f20fa58a" executionId="3a781c3e-aa26-41b2-85e5-532b3329fe65" testListId="9de7de23-778d-4aca-b3cc-72adbe3fd240" />
    <TestEntry testId="24901f91-5523-4bce-ace3-6c2b0255c221" executionId="8e9bc404-5b53-4343-b9be-35406d523876" testListId="9de7de23-778d-4aca-b3cc-72adbe3fd240" />
    <TestEntry testId="1f6bf564-3ee3-4413-838b-be7b70cb09c7" executionId="e5cc5975-247d-4eaa-8c0f-d5f654c06b1e" testListId="9de7de23-778d-4aca-b3cc-72adbe3fd240" />
    <TestEntry testId="fd1c5023-8360-4f59-a92b-90b5a8071804" executionId="712b5ff3-6b1a-40d0-b14f-9b9064858491" testListId="9de7de23-778d-4aca-b3cc-72adbe3fd240" />
    <TestEntry testId="b9d3f553-b199-42b0-93b6-9502bd4f93a2" executionId="50aebf69-38cc-40b2-83d9-d85200e569e3" testListId="9de7de23-778d-4aca-b3cc-72adbe3fd240" />
    <TestEntry testId="159c8a62-028a-4b85-b0b0-c5491657b087" executionId="4e70a543-a2fb-4f9e-b34e-9094545fa41e" testListId="9de7de23-778d-4aca-b3cc-72adbe3fd240" />
    <TestEntry testId="0b0480e1-c30f-4250-b929-a188bf1b2a4b" executionId="2142a1f5-a53b-4f23-bf88-4d82b2476425" testListId="9de7de23-778d-4aca-b3cc-72adbe3fd240" />
    <TestEntry testId="bcb23849-0109-4c09-a212-ec350716334e" executionId="be65bb35-e7cd-4f75-a87c-9658ea98a8bc" testListId="9de7de23-778d-4aca-b3cc-72adbe3fd240" />
    <TestEntry testId="ef65a6a5-0e9a-459d-bb14-310d9b16a453" executionId="62f43b7d-a330-4fb4-a938-508bab771e9d" testListId="9de7de23-778d-4aca-b3cc-72adbe3fd240" />
    <TestEntry testId="868d3ace-a39b-40f6-82a2-6b735d76ce74" executionId="82bebaed-5f61-45dc-967b-7f9eea7b1c3b" testListId="9de7de23-778d-4aca-b3cc-72adbe3fd240" />
    <TestEntry testId="c44903db-4375-4892-af2d-e85a6c5f2c5e" executionId="679b1dca-3dbd-44bd-bc73-6f497e4e9330" testListId="9de7de23-778d-4aca-b3cc-72adbe3fd240" />
    <TestEntry testId="de07c2dd-9131-4336-a69a-21f27df3d130" executionId="291f9c77-6120-4da4-9c92-ce18039abb5e" testListId="9de7de23-778d-4aca-b3cc-72adbe3fd240" />
    <TestEntry testId="bfbae9a2-96ed-4831-9f04-043220a6933b" executionId="ffbb5d35-abc8-4bc4-8c58-e5c7071c3999" testListId="9de7de23-778d-4aca-b3cc-72adbe3fd240" />
    <TestEntry testId="849c50d5-a228-41fa-bc2a-8649c35e70b3" executionId="5aa35f5c-2a9e-4999-a921-dcd05d4109d9" testListId="9de7de23-778d-4aca-b3cc-72adbe3fd240" />
    <TestEntry testId="f408dccf-9f84-4306-98d7-f3c012745cd2" executionId="5ea21600-9ccb-4c4c-8d90-75d4844e89fe" testListId="9de7de23-778d-4aca-b3cc-72adbe3fd240" />
    <TestEntry testId="7bd5f897-52fb-4a28-bcda-18a86e8e21b5" executionId="945d4892-80c4-4314-a00a-ba78843ccbc0" testListId="9de7de23-778d-4aca-b3cc-72adbe3fd240" />
    <TestEntry testId="eaa339f7-19e4-4e05-8df1-29fb070f0f79" executionId="e865c855-694f-497b-9c7d-cbc7384c2717" testListId="9de7de23-778d-4aca-b3cc-72adbe3fd240" />
    <TestEntry testId="9ac6341b-b402-4ad7-b095-4fb772759e39" executionId="25e93de7-b39a-4a44-9624-f52aca276e52" testListId="9de7de23-778d-4aca-b3cc-72adbe3fd240" />
    <TestEntry testId="2dc8009f-0433-445e-ada2-0906ed66efcb" executionId="8bb1a39b-90d4-4f0a-9f18-3e99acf1673f" testListId="9de7de23-778d-4aca-b3cc-72adbe3fd240" />
    <TestEntry testId="1fecf35b-19bc-48cf-b8fc-54d3ab42706d" executionId="52fbd7fd-dbfd-46d8-aee2-d69384b519a3" testListId="9de7de23-778d-4aca-b3cc-72adbe3fd240" />
    <TestEntry testId="ced2bdd7-b6d7-4eaf-a011-809553cf3be3" executionId="f59e672e-e1a0-4fb5-9de2-150157a224b2" testListId="9de7de23-778d-4aca-b3cc-72adbe3fd240" />
    <TestEntry testId="99684d08-7e0e-4e56-90fe-4485378f4b96" executionId="d2031a35-ef59-4f56-83ea-bb74b1061d43" testListId="9de7de23-778d-4aca-b3cc-72adbe3fd240" />
    <TestEntry testId="1a96d73e-6c28-4991-b7b9-8cdc0814e530" executionId="6908a6dd-4e66-4e27-9d00-ac11ab03686c" testListId="9de7de23-778d-4aca-b3cc-72adbe3fd240" />
  </TestEntries>
  <TestLists>
    <TestList name="Results Not in a List" id="9de7de23-778d-4aca-b3cc-72adbe3fd240" />
    <TestList name="All Loaded Results" id="f3fc84c1-3ca5-43bb-91c1-23d1ddedbf76" />
  </TestLists>
</TestRun>