<?xml version="1.0" encoding="UTF-8"?>
<TestRun id="880566aa-067d-447a-ba35-ccbcaef48fe6" name="Test Run 7" runUser="Oles Galatsan" xmlns="http://microsoft.com/schemas/VisualStudio/TeamTest/2010">
  <Times creation="2025-05-14T13:20:31.3125482Z" queuing="2025-05-14T13:20:31.3125482Z" start="2025-05-14T13:20:31.3146610Z" finish="2025-05-14T13:25:31.3147553Z" />
  <TestSettings name="Test Settings 7" id="5f85c9fa-a2a0-432d-b69e-9132900dbbbb" />
  <Results>
    <UnitTestResult executionId="5926fbe5-ca7e-4418-813c-2e47ce670d02" testId="6c3b7ee5-0bb9-4400-97e8-5d34f6abd1bd" testName="Test601" computerName="UA-LPT-OGA2" duration="00:00:00.5640000" startTime="2025-05-14T13:20:31.3146610Z" endTime="2025-05-14T13:25:31.3147553Z" testType="13cdc9d9-ddb5-4fa4-a97d-d965ccfc6d4b" outcome="Passed" testListId="3b8bfd50-2ad0-43bc-af08-dc6a012fa968" />
    <UnitTestResult executionId="4ac89a22-069a-48a9-b930-d8a1458aed3b" testId="acd2a8c8-993d-4349-b5b9-0616b8fb9591" testName="Test602" computerName="UA-LPT-OGA2" duration="00:00:01.7820000" startTime="2025-05-14T13:20:31.3146610Z" endTime="2025-05-14T13:25:31.3147553Z" testType="13cdc9d9-ddb5-4fa4-a97d-d965ccfc6d4b" outcome="Passed" testListId="3b8bfd50-2ad0-43bc-af08-dc6a012fa968" />
    <UnitTestResult executionId="956b48ea-f789-434d-a123-5008bc5e39ea" testId="e348604c-2e8b-456a-b84a-1186bc3607d2" testName="Test603" computerName="UA-LPT-OGA2" duration="00:00:00.0770000" startTime="2025-05-14T13:20:31.3146610Z" endTime="2025-05-14T13:25:31.3147553Z" testType="13cdc9d9-ddb5-4fa4-a97d-d965ccfc6d4b" outcome="Passed" testListId="3b8bfd50-2ad0-43bc-af08-dc6a012fa968" />
    <UnitTestResult executionId="ca7f4a00-7228-4f94-90ca-5a116e105a13" testId="d1a4729a-b8dd-4efa-81cf-57cc237bf7fa" testName="Test604" computerName="UA-LPT-OGA2" duration="00:00:00.7790000" startTime="2025-05-14T13:20:31.3146610Z" endTime="2025-05-14T13:25:31.3147553Z" testType="13cdc9d9-ddb5-4fa4-a97d-d965ccfc6d4b" outcome="Passed" testListId="3b8bfd50-2ad0-43bc-af08-dc6a012fa968" />
    <UnitTestResult executionId="a9c59b33-365d-4191-87ff-bda7db4b0503" testId="157db24a-2258-49ae-afce-c5a53b1ecd67" testName="Test605" computerName="UA-LPT-OGA2" duration="00:00:00.5000000" startTime="2025-05-14T13:20:31.3146610Z" endTime="2025-05-14T13:25:31.3147553Z" testType="13cdc9d9-ddb5-4fa4-a97d-d965ccfc6d4b" outcome="Passed" testListId="3b8bfd50-2ad0-43bc-af08-dc6a012fa968" />
    <UnitTestResult executionId="669af8be-442f-40f7-b3df-d3caef808c51" testId="76c76f0e-89e4-40bb-832e-df86be46114b" testName="Test606" computerName="UA-LPT-OGA2" duration="00:00:01.1330000" startTime="2025-05-14T13:20:31.3146610Z" endTime="2025-05-14T13:25:31.3147553Z" testType="13cdc9d9-ddb5-4fa4-a97d-d965ccfc6d4b" outcome="Passed" testListId="3b8bfd50-2ad0-43bc-af08-dc6a012fa968" />
    <UnitTestResult executionId="44717eee-df47-446e-8fa1-de3770cc7fb3" testId="ac0c1899-d5a5-4aa8-ba56-43965467e158" testName="Test607" computerName="UA-LPT-OGA2" duration="00:00:00.0310000" startTime="2025-05-14T13:20:31.3146610Z" endTime="2025-05-14T13:25:31.3147553Z" testType="13cdc9d9-ddb5-4fa4-a97d-d965ccfc6d4b" outcome="Passed" testListId="3b8bfd50-2ad0-43bc-af08-dc6a012fa968" />
    <UnitTestResult executionId="12a50619-751d-467a-b680-4a437fa9628c" testId="859eb1c6-4ddc-4695-91b2-05e7b9d0237e" testName="Test608" computerName="UA-LPT-OGA2" duration="00:00:00.6500000" startTime="2025-05-14T13:20:31.3146610Z" endTime="2025-05-14T13:25:31.3147553Z" testType="13cdc9d9-ddb5-4fa4-a97d-d965ccfc6d4b" outcome="Passed" testListId="3b8bfd50-2ad0-43bc-af08-dc6a012fa968" />
    <UnitTestResult executionId="7e7fe53d-4648-4c46-b716-f7b5cf782984" testId="4ab239e0-c019-4433-a601-2e22686608e5" testName="Test609" computerName="UA-LPT-OGA2" duration="00:00:01.4740000" startTime="2025-05-14T13:20:31.3146610Z" endTime="2025-05-14T13:25:31.3147553Z" testType="13cdc9d9-ddb5-4fa4-a97d-d965ccfc6d4b" outcome="Passed" testListId="3b8bfd50-2ad0-43bc-af08-dc6a012fa968" />
    <UnitTestResult executionId="60e37fcf-bacd-4711-912b-406f01abd8c3" testId="20bdb324-1e96-4221-94a2-b9a29ee7061f" testName="Test610" computerName="UA-LPT-OGA2" duration="00:00:01.9110000" startTime="2025-05-14T13:20:31.3146610Z" endTime="2025-05-14T13:25:31.3147553Z" testType="13cdc9d9-ddb5-4fa4-a97d-d965ccfc6d4b" outcome="Passed" testListId="3b8bfd50-2ad0-43bc-af08-dc6a012fa968" />
    <UnitTestResult executionId="6191980a-416e-43b0-960f-2a77ff969361" testId="b7c9a1cb-941d-41c3-942d-f38ef5042282" testName="Test611" computerName="UA-LPT-OGA2" duration="00:00:00.4620000" startTime="2025-05-14T13:20:31.3146610Z" endTime="2025-05-14T13:25:31.3147553Z" testType="13cdc9d9-ddb5-4fa4-a97d-d965ccfc6d4b" outcome="Passed" testListId="3b8bfd50-2ad0-43bc-af08-dc6a012fa968" />
    <UnitTestResult executionId="3ed07e48-1e4a-463f-b585-20315d103826" testId="c8561b91-f209-4448-ad6b-f4aaea2c6e8e" testName="Test612" computerName="UA-LPT-OGA2" duration="00:00:01.1190000" startTime="2025-05-14T13:20:31.3146610Z" endTime="2025-05-14T13:25:31.3147553Z" testType="13cdc9d9-ddb5-4fa4-a97d-d965ccfc6d4b" outcome="Passed" testListId="3b8bfd50-2ad0-43bc-af08-dc6a012fa968" />
    <UnitTestResult executionId="004e524b-f98f-41c0-831f-36921d649b99" testId="060b1ca3-c02a-4b06-94e8-828b8d9c4409" testName="Test613" computerName="UA-LPT-OGA2" duration="00:00:01.7920000" startTime="2025-05-14T13:20:31.3146610Z" endTime="2025-05-14T13:25:31.3147553Z" testType="13cdc9d9-ddb5-4fa4-a97d-d965ccfc6d4b" outcome="Passed" testListId="3b8bfd50-2ad0-43bc-af08-dc6a012fa968" />
    <UnitTestResult executionId="b9e4bf69-1321-4f26-bb15-bf4a0e9a130b" testId="e5a5d709-0d53-4cd1-8014-9e87726f0f56" testName="Test614" computerName="UA-LPT-OGA2" duration="00:00:01.3380000" startTime="2025-05-14T13:20:31.3146610Z" endTime="2025-05-14T13:25:31.3147553Z" testType="13cdc9d9-ddb5-4fa4-a97d-d965ccfc6d4b" outcome="Passed" testListId="3b8bfd50-2ad0-43bc-af08-dc6a012fa968" />
    <UnitTestResult executionId="1b30ea57-2aff-4fc6-a07a-79264b592b9f" testId="0da7d6d5-15ac-483d-84dc-1d782223ccdd" testName="Test615" computerName="UA-LPT-OGA2" duration="00:00:01.7450000" startTime="2025-05-14T13:20:31.3146610Z" endTime="2025-05-14T13:25:31.3147553Z" testType="13cdc9d9-ddb5-4fa4-a97d-d965ccfc6d4b" outcome="Passed" testListId="3b8bfd50-2ad0-43bc-af08-dc6a012fa968" />
    <UnitTestResult executionId="bb358511-2595-4ef2-9a05-a21baa7e5a42" testId="3e98a633-6449-44a3-b2ae-0e0cfaa9b68d" testName="Test616" computerName="UA-LPT-OGA2" duration="00:00:01.2240000" startTime="2025-05-14T13:20:31.3146610Z" endTime="2025-05-14T13:25:31.3147553Z" testType="13cdc9d9-ddb5-4fa4-a97d-d965ccfc6d4b" outcome="Passed" testListId="3b8bfd50-2ad0-43bc-af08-dc6a012fa968" />
    <UnitTestResult executionId="dcfcb915-ac96-4a5f-bfef-a73434559055" testId="e559c950-3ea0-43b4-bc2f-f611c377b893" testName="Test617" computerName="UA-LPT-OGA2" duration="00:00:00.9000000" startTime="2025-05-14T13:20:31.3146610Z" endTime="2025-05-14T13:25:31.3147553Z" testType="13cdc9d9-ddb5-4fa4-a97d-d965ccfc6d4b" outcome="Failed" testListId="3b8bfd50-2ad0-43bc-af08-dc6a012fa968">
      <Output>
        <ErrorInfo>
          <Message>Assertion failed: Expected value did not match actual value.</Message>
          <StackTrace>   at TestNamespace.TestClass.Test() in TestClass.cs:line 336</StackTrace>
        </ErrorInfo>
      </Output>
    </UnitTestResult>
    <UnitTestResult executionId="74619796-8fff-46c2-afe6-27e92668a4f7" testId="d514b80e-8fe2-4db5-b5fd-5ed211cd2454" testName="Test618" computerName="UA-LPT-OGA2" duration="00:00:00.7710000" startTime="2025-05-14T13:20:31.3146610Z" endTime="2025-05-14T13:25:31.3147553Z" testType="13cdc9d9-ddb5-4fa4-a97d-d965ccfc6d4b" outcome="Passed" testListId="3b8bfd50-2ad0-43bc-af08-dc6a012fa968" />
    <UnitTestResult executionId="26c6b775-1d58-4f16-a619-0bf52b6820fa" testId="f0a5b4c0-06b9-4fb4-98e6-599ee540f64b" testName="Test619" computerName="UA-LPT-OGA2" duration="00:00:01.1240000" startTime="2025-05-14T13:20:31.3146610Z" endTime="2025-05-14T13:25:31.3147553Z" testType="13cdc9d9-ddb5-4fa4-a97d-d965ccfc6d4b" outcome="Passed" testListId="3b8bfd50-2ad0-43bc-af08-dc6a012fa968" />
    <UnitTestResult executionId="c7940c2d-291e-464f-b56b-25c4d6d7f109" testId="d777e54c-2eea-4abb-9391-6f35dfda23fc" testName="Test620" computerName="UA-LPT-OGA2" duration="00:00:00.6150000" startTime="2025-05-14T13:20:31.3146610Z" endTime="2025-05-14T13:25:31.3147553Z" testType="13cdc9d9-ddb5-4fa4-a97d-d965ccfc6d4b" outcome="Passed" testListId="3b8bfd50-2ad0-43bc-af08-dc6a012fa968" />
    <UnitTestResult executionId="d5955ff5-a492-4012-8f92-bdbf2abf85b2" testId="a453ab6a-df25-4cb1-a7bd-4f28e0dcdb03" testName="Test621" computerName="UA-LPT-OGA2" duration="00:00:00.2220000" startTime="2025-05-14T13:20:31.3146610Z" endTime="2025-05-14T13:25:31.3147553Z" testType="13cdc9d9-ddb5-4fa4-a97d-d965ccfc6d4b" outcome="Passed" testListId="3b8bfd50-2ad0-43bc-af08-dc6a012fa968" />
    <UnitTestResult executionId="6819afc4-fc23-4c52-9784-5d9273caba48" testId="f7b13778-cb55-44cf-aee9-1e156cc6ec8d" testName="Test622" computerName="UA-LPT-OGA2" duration="00:00:01.4630000" startTime="2025-05-14T13:20:31.3146610Z" endTime="2025-05-14T13:25:31.3147553Z" testType="13cdc9d9-ddb5-4fa4-a97d-d965ccfc6d4b" outcome="Failed" testListId="3b8bfd50-2ad0-43bc-af08-dc6a012fa968">
      <Output>
        <ErrorInfo>
          <Message>Assertion failed: Expected value did not match actual value.</Message>
          <StackTrace>   at TestNamespace.TestClass.Test() in TestClass.cs:line 153</StackTrace>
        </ErrorInfo>
      </Output>
    </UnitTestResult>
    <UnitTestResult executionId="308d79c8-d4ce-4685-b355-897b0abe77f2" testId="dd0b00ed-f214-4efe-82aa-30444f429060" testName="Test623" computerName="UA-LPT-OGA2" duration="00:00:00.4720000" startTime="2025-05-14T13:20:31.3146610Z" endTime="2025-05-14T13:25:31.3147553Z" testType="13cdc9d9-ddb5-4fa4-a97d-d965ccfc6d4b" outcome="Passed" testListId="3b8bfd50-2ad0-43bc-af08-dc6a012fa968" />
    <UnitTestResult executionId="a7837cd0-57c0-483f-ae92-701bcdea2117" testId="9230d0f0-b625-4807-8127-dba5d32da7fb" testName="Test624" computerName="UA-LPT-OGA2" duration="00:00:00.3020000" startTime="2025-05-14T13:20:31.3146610Z" endTime="2025-05-14T13:25:31.3147553Z" testType="13cdc9d9-ddb5-4fa4-a97d-d965ccfc6d4b" outcome="Failed" testListId="3b8bfd50-2ad0-43bc-af08-dc6a012fa968">
      <Output>
        <ErrorInfo>
          <Message>Assertion failed: Expected value did not match actual value.</Message>
          <StackTrace>   at TestNamespace.TestClass.Test() in TestClass.cs:line 245</StackTrace>
        </ErrorInfo>
      </Output>
    </UnitTestResult>
    <UnitTestResult executionId="f8fe9a83-d981-4507-ad3b-82825f2f67e7" testId="d3f79655-e02f-40dc-8d21-0afb1162f885" testName="Test625" computerName="UA-LPT-OGA2" duration="00:00:01.5100000" startTime="2025-05-14T13:20:31.3146610Z" endTime="2025-05-14T13:25:31.3147553Z" testType="13cdc9d9-ddb5-4fa4-a97d-d965ccfc6d4b" outcome="Passed" testListId="3b8bfd50-2ad0-43bc-af08-dc6a012fa968" />
    <UnitTestResult executionId="b9e70b2b-a11f-4e68-85a9-24622ecde76e" testId="62cb4406-4304-48d6-862e-c37c98d7d3fc" testName="Test626" computerName="UA-LPT-OGA2" duration="00:00:00.9990000" startTime="2025-05-14T13:20:31.3146610Z" endTime="2025-05-14T13:25:31.3147553Z" testType="13cdc9d9-ddb5-4fa4-a97d-d965ccfc6d4b" outcome="Passed" testListId="3b8bfd50-2ad0-43bc-af08-dc6a012fa968" />
    <UnitTestResult executionId="4bd294b0-e20d-461a-aa83-297e27badd0e" testId="87538650-5095-4f13-b937-735616b52a4b" testName="Test627" computerName="UA-LPT-OGA2" duration="00:00:00.7590000" startTime="2025-05-14T13:20:31.3146610Z" endTime="2025-05-14T13:25:31.3147553Z" testType="13cdc9d9-ddb5-4fa4-a97d-d965ccfc6d4b" outcome="Inconclusive" testListId="3b8bfd50-2ad0-43bc-af08-dc6a012fa968" />
    <UnitTestResult executionId="bff9e3fe-12e5-47f1-baf8-9c2edcac99cc" testId="bd8b50b1-4ec0-4bcb-bf95-374ec56a1613" testName="Test628" computerName="UA-LPT-OGA2" duration="00:00:00.2550000" startTime="2025-05-14T13:20:31.3146610Z" endTime="2025-05-14T13:25:31.3147553Z" testType="13cdc9d9-ddb5-4fa4-a97d-d965ccfc6d4b" outcome="Passed" testListId="3b8bfd50-2ad0-43bc-af08-dc6a012fa968" />
    <UnitTestResult executionId="78f2652c-4a0c-478d-af83-b5ca9a6edf2e" testId="549bab29-57e4-4099-817a-9df53917b9af" testName="Test629" computerName="UA-LPT-OGA2" duration="00:00:01.9420000" startTime="2025-05-14T13:20:31.3146610Z" endTime="2025-05-14T13:25:31.3147553Z" testType="13cdc9d9-ddb5-4fa4-a97d-d965ccfc6d4b" outcome="Passed" testListId="3b8bfd50-2ad0-43bc-af08-dc6a012fa968" />
    <UnitTestResult executionId="aa363eba-e8e9-4d87-ba49-5e0f800ebd1f" testId="ed91d991-5047-4a4d-8e14-198206e37c67" testName="Test630" computerName="UA-LPT-OGA2" duration="00:00:00.4800000" startTime="2025-05-14T13:20:31.3146610Z" endTime="2025-05-14T13:25:31.3147553Z" testType="13cdc9d9-ddb5-4fa4-a97d-d965ccfc6d4b" outcome="Passed" testListId="3b8bfd50-2ad0-43bc-af08-dc6a012fa968" />
    <UnitTestResult executionId="d219eaab-bd0f-44ab-a809-71bcd175ce00" testId="b50d290e-c767-49f7-89f7-b9e92729410d" testName="Test631" computerName="UA-LPT-OGA2" duration="00:00:01.9530000" startTime="2025-05-14T13:20:31.3146610Z" endTime="2025-05-14T13:25:31.3147553Z" testType="13cdc9d9-ddb5-4fa4-a97d-d965ccfc6d4b" outcome="Passed" testListId="3b8bfd50-2ad0-43bc-af08-dc6a012fa968" />
    <UnitTestResult executionId="145b80a7-6f8e-457c-8cfc-38258acd3b3c" testId="17b92645-f1bf-46b5-961d-959dd7e5df41" testName="Test632" computerName="UA-LPT-OGA2" duration="00:00:01.1680000" startTime="2025-05-14T13:20:31.3146610Z" endTime="2025-05-14T13:25:31.3147553Z" testType="13cdc9d9-ddb5-4fa4-a97d-d965ccfc6d4b" outcome="Passed" testListId="3b8bfd50-2ad0-43bc-af08-dc6a012fa968" />
    <UnitTestResult executionId="e2941df1-4b0a-49da-8187-4c60f9bef50c" testId="5c36b2cd-91f5-45fe-b966-40d31538ffb1" testName="Test633" computerName="UA-LPT-OGA2" duration="00:00:01.4360000" startTime="2025-05-14T13:20:31.3146610Z" endTime="2025-05-14T13:25:31.3147553Z" testType="13cdc9d9-ddb5-4fa4-a97d-d965ccfc6d4b" outcome="Passed" testListId="3b8bfd50-2ad0-43bc-af08-dc6a012fa968" />
    <UnitTestResult executionId="5b09d6a1-61b9-4622-9a08-5119d002d9cc" testId="4044eaa1-6d19-49fb-97d7-d0a50fb64b85" testName="Test634" computerName="UA-LPT-OGA2" duration="00:00:01.6860000" startTime="2025-05-14T13:20:31.3146610Z" endTime="2025-05-14T13:25:31.3147553Z" testType="13cdc9d9-ddb5-4fa4-a97d-d965ccfc6d4b" outcome="Failed" testListId="3b8bfd50-2ad0-43bc-af08-dc6a012fa968">
      <Output>
        <ErrorInfo>
          <Message>Assertion failed: Expected value did not match actual value.</Message>
          <StackTrace>   at TestNamespace.TestClass.Test() in TestClass.cs:line 165</StackTrace>
        </ErrorInfo>
      </Output>
    </UnitTestResult>
    <UnitTestResult executionId="db45185f-ee2d-4e4a-a4a1-714caaace499" testId="2c7519a5-1585-479d-bb1a-1b04fb4cf633" testName="Test635" computerName="UA-LPT-OGA2" duration="00:00:01.5930000" startTime="2025-05-14T13:20:31.3146610Z" endTime="2025-05-14T13:25:31.3147553Z" testType="13cdc9d9-ddb5-4fa4-a97d-d965ccfc6d4b" outcome="Passed" testListId="3b8bfd50-2ad0-43bc-af08-dc6a012fa968" />
    <UnitTestResult executionId="08f4597b-6e69-4a23-8cdc-e886c5994c91" testId="4a993ca7-d74c-4f31-99f8-802954cba772" testName="Test636" computerName="UA-LPT-OGA2" duration="00:00:00.6540000" startTime="2025-05-14T13:20:31.3146610Z" endTime="2025-05-14T13:25:31.3147553Z" testType="13cdc9d9-ddb5-4fa4-a97d-d965ccfc6d4b" outcome="Passed" testListId="3b8bfd50-2ad0-43bc-af08-dc6a012fa968" />
    <UnitTestResult executionId="d8220523-5e4e-40ea-a9dd-ebf961a26429" testId="4dec3723-dcf3-44e5-a25a-52f3613a4514" testName="Test637" computerName="UA-LPT-OGA2" duration="00:00:00.8170000" startTime="2025-05-14T13:20:31.3146610Z" endTime="2025-05-14T13:25:31.3147553Z" testType="13cdc9d9-ddb5-4fa4-a97d-d965ccfc6d4b" outcome="Passed" testListId="3b8bfd50-2ad0-43bc-af08-dc6a012fa968" />
    <UnitTestResult executionId="635d21ac-b097-4b42-86bc-f747ee2f43b1" testId="2812e2ec-2681-4eec-bc0b-624b53b2b997" testName="Test638" computerName="UA-LPT-OGA2" duration="00:00:01.1020000" startTime="2025-05-14T13:20:31.3146610Z" endTime="2025-05-14T13:25:31.3147553Z" testType="13cdc9d9-ddb5-4fa4-a97d-d965ccfc6d4b" outcome="Passed" testListId="3b8bfd50-2ad0-43bc-af08-dc6a012fa968" />
    <UnitTestResult executionId="b663ba0d-cc0d-465d-b882-4ab5ec856053" testId="8c68baaa-1563-4153-a7fa-a271fdef341d" testName="Test639" computerName="UA-LPT-OGA2" duration="00:00:00.5250000" startTime="2025-05-14T13:20:31.3146610Z" endTime="2025-05-14T13:25:31.3147553Z" testType="13cdc9d9-ddb5-4fa4-a97d-d965ccfc6d4b" outcome="Passed" testListId="3b8bfd50-2ad0-43bc-af08-dc6a012fa968" />
    <UnitTestResult executionId="822767a5-8e9d-4885-abe3-d8168c5a4b8c" testId="31e9bc6c-605e-476d-a13a-6ca3462143d1" testName="Test640" computerName="UA-LPT-OGA2" duration="00:00:00.3860000" startTime="2025-05-14T13:20:31.3146610Z" endTime="2025-05-14T13:25:31.3147553Z" testType="13cdc9d9-ddb5-4fa4-a97d-d965ccfc6d4b" outcome="Passed" testListId="3b8bfd50-2ad0-43bc-af08-dc6a012fa968" />
    <UnitTestResult executionId="33d56acd-c727-4f12-9594-fb01364ab980" testId="129712c2-bb6e-40b6-ac9f-5147dc3dee5e" testName="Test641" computerName="UA-LPT-OGA2" duration="00:00:00.1840000" startTime="2025-05-14T13:20:31.3146610Z" endTime="2025-05-14T13:25:31.3147553Z" testType="13cdc9d9-ddb5-4fa4-a97d-d965ccfc6d4b" outcome="Passed" testListId="3b8bfd50-2ad0-43bc-af08-dc6a012fa968" />
    <UnitTestResult executionId="aad32eb8-99d2-4dba-a8cb-784d62d00ab4" testId="a7e887d1-01f1-4aa3-a497-6f44dc342f4d" testName="Test642" computerName="UA-LPT-OGA2" duration="00:00:00.9770000" startTime="2025-05-14T13:20:31.3146610Z" endTime="2025-05-14T13:25:31.3147553Z" testType="13cdc9d9-ddb5-4fa4-a97d-d965ccfc6d4b" outcome="Failed" testListId="3b8bfd50-2ad0-43bc-af08-dc6a012fa968">
      <Output>
        <ErrorInfo>
          <Message>Assertion failed: Expected value did not match actual value.</Message>
          <StackTrace>   at TestNamespace.TestClass.Test() in TestClass.cs:line 490</StackTrace>
        </ErrorInfo>
      </Output>
    </UnitTestResult>
    <UnitTestResult executionId="438d009b-3cf6-4e8e-936f-5dc053be6810" testId="52e67480-250a-422c-b957-5277ab351b94" testName="Test643" computerName="UA-LPT-OGA2" duration="00:00:01.3770000" startTime="2025-05-14T13:20:31.3146610Z" endTime="2025-05-14T13:25:31.3147553Z" testType="13cdc9d9-ddb5-4fa4-a97d-d965ccfc6d4b" outcome="Passed" testListId="3b8bfd50-2ad0-43bc-af08-dc6a012fa968" />
    <UnitTestResult executionId="ff72f5b9-b509-4c49-8d04-420e8c4745d4" testId="ba76d1f3-1d23-48bb-95fd-978c67a59ab3" testName="Test644" computerName="UA-LPT-OGA2" duration="00:00:00.3380000" startTime="2025-05-14T13:20:31.3146610Z" endTime="2025-05-14T13:25:31.3147553Z" testType="13cdc9d9-ddb5-4fa4-a97d-d965ccfc6d4b" outcome="Failed" testListId="3b8bfd50-2ad0-43bc-af08-dc6a012fa968">
      <Output>
        <ErrorInfo>
          <Message>Assertion failed: Expected value did not match actual value.</Message>
          <StackTrace>   at TestNamespace.TestClass.Test() in TestClass.cs:line 15</StackTrace>
        </ErrorInfo>
      </Output>
    </UnitTestResult>
    <UnitTestResult executionId="d69862bc-a457-4992-a08a-5ebda63f2ffe" testId="aee87100-0b34-44c6-8721-aa59a5434f6c" testName="Test645" computerName="UA-LPT-OGA2" duration="00:00:00.6740000" startTime="2025-05-14T13:20:31.3146610Z" endTime="2025-05-14T13:25:31.3147553Z" testType="13cdc9d9-ddb5-4fa4-a97d-d965ccfc6d4b" outcome="Passed" testListId="3b8bfd50-2ad0-43bc-af08-dc6a012fa968" />
    <UnitTestResult executionId="4009b652-63fb-4795-a9b6-56626952d216" testId="ec91ef2a-520b-4714-843b-846ebce86f5d" testName="Test646" computerName="UA-LPT-OGA2" duration="00:00:00.3810000" startTime="2025-05-14T13:20:31.3146610Z" endTime="2025-05-14T13:25:31.3147553Z" testType="13cdc9d9-ddb5-4fa4-a97d-d965ccfc6d4b" outcome="Passed" testListId="3b8bfd50-2ad0-43bc-af08-dc6a012fa968" />
    <UnitTestResult executionId="203c0951-c3c1-47f8-9a36-e5d25cd1d9f3" testId="cbf3dacd-d628-4ead-b9a8-148646d3ec8d" testName="Test647" computerName="UA-LPT-OGA2" duration="00:00:00.1790000" startTime="2025-05-14T13:20:31.3146610Z" endTime="2025-05-14T13:25:31.3147553Z" testType="13cdc9d9-ddb5-4fa4-a97d-d965ccfc6d4b" outcome="Passed" testListId="3b8bfd50-2ad0-43bc-af08-dc6a012fa968" />
    <UnitTestResult executionId="85cae3f0-745d-4f5d-bd1e-341c6eccb2b0" testId="0ab5f684-ab4d-4780-a6f7-b9ebe4fea0ce" testName="Test648" computerName="UA-LPT-OGA2" duration="00:00:00.8420000" startTime="2025-05-14T13:20:31.3146610Z" endTime="2025-05-14T13:25:31.3147553Z" testType="13cdc9d9-ddb5-4fa4-a97d-d965ccfc6d4b" outcome="Failed" testListId="3b8bfd50-2ad0-43bc-af08-dc6a012fa968">
      <Output>
        <ErrorInfo>
          <Message>Assertion failed: Expected value did not match actual value.</Message>
          <StackTrace>   at TestNamespace.TestClass.Test() in TestClass.cs:line 422</StackTrace>
        </ErrorInfo>
      </Output>
    </UnitTestResult>
    <UnitTestResult executionId="80514ac7-3244-4660-9ef0-5347df527081" testId="9275df12-eae5-4801-9949-a380c66f56d1" testName="Test649" computerName="UA-LPT-OGA2" duration="00:00:00.3860000" startTime="2025-05-14T13:20:31.3146610Z" endTime="2025-05-14T13:25:31.3147553Z" testType="13cdc9d9-ddb5-4fa4-a97d-d965ccfc6d4b" outcome="Passed" testListId="3b8bfd50-2ad0-43bc-af08-dc6a012fa968" />
    <UnitTestResult executionId="6ba472dc-857d-4690-87c6-06a6b8535430" testId="8cafeb3e-5c11-46ef-930f-e7bdb475af47" testName="Test650" computerName="UA-LPT-OGA2" duration="00:00:01.7630000" startTime="2025-05-14T13:20:31.3146610Z" endTime="2025-05-14T13:25:31.3147553Z" testType="13cdc9d9-ddb5-4fa4-a97d-d965ccfc6d4b" outcome="Passed" testListId="3b8bfd50-2ad0-43bc-af08-dc6a012fa968" />
    <UnitTestResult executionId="f6b4cf42-7247-4e66-96bb-0dc022203d7e" testId="03a3b5aa-8e6a-4958-bb32-928814d0b330" testName="Test651" computerName="UA-LPT-OGA2" duration="00:00:00.7400000" startTime="2025-05-14T13:20:31.3146610Z" endTime="2025-05-14T13:25:31.3147553Z" testType="13cdc9d9-ddb5-4fa4-a97d-d965ccfc6d4b" outcome="Failed" testListId="3b8bfd50-2ad0-43bc-af08-dc6a012fa968">
      <Output>
        <ErrorInfo>
          <Message>Assertion failed: Expected value did not match actual value.</Message>
          <StackTrace>   at TestNamespace.TestClass.Test() in TestClass.cs:line 214</StackTrace>
        </ErrorInfo>
      </Output>
    </UnitTestResult>
    <UnitTestResult executionId="c25c6aca-1104-47f8-b9fe-215dd6b0869a" testId="d1d7304b-8efc-45bd-8ee3-86f00ad2a23f" testName="Test652" computerName="UA-LPT-OGA2" duration="00:00:00.9870000" startTime="2025-05-14T13:20:31.3146610Z" endTime="2025-05-14T13:25:31.3147553Z" testType="13cdc9d9-ddb5-4fa4-a97d-d965ccfc6d4b" outcome="Passed" testListId="3b8bfd50-2ad0-43bc-af08-dc6a012fa968" />
    <UnitTestResult executionId="50477880-d9dc-49b3-87e7-01cfdd3be298" testId="338cc42f-9365-4f8e-baf5-7643c883b5a0" testName="Test653" computerName="UA-LPT-OGA2" duration="00:00:01.4560000" startTime="2025-05-14T13:20:31.3146610Z" endTime="2025-05-14T13:25:31.3147553Z" testType="13cdc9d9-ddb5-4fa4-a97d-d965ccfc6d4b" outcome="Passed" testListId="3b8bfd50-2ad0-43bc-af08-dc6a012fa968" />
    <UnitTestResult executionId="478a4c14-f707-49ae-8fcf-fdfeac343522" testId="911e62da-332e-42a3-8d9a-c9782f8d8e4d" testName="Test654" computerName="UA-LPT-OGA2" duration="00:00:01.6380000" startTime="2025-05-14T13:20:31.3146610Z" endTime="2025-05-14T13:25:31.3147553Z" testType="13cdc9d9-ddb5-4fa4-a97d-d965ccfc6d4b" outcome="Passed" testListId="3b8bfd50-2ad0-43bc-af08-dc6a012fa968" />
    <UnitTestResult executionId="1704010f-641b-4264-b7a0-da0583488684" testId="da8724df-8151-4054-913d-c9e4fdcf5869" testName="Test655" computerName="UA-LPT-OGA2" duration="00:00:01.7540000" startTime="2025-05-14T13:20:31.3146610Z" endTime="2025-05-14T13:25:31.3147553Z" testType="13cdc9d9-ddb5-4fa4-a97d-d965ccfc6d4b" outcome="Passed" testListId="3b8bfd50-2ad0-43bc-af08-dc6a012fa968" />
    <UnitTestResult executionId="c925361a-fc22-4ccd-9c0d-54cfad453f20" testId="89362704-f6ad-43cf-9285-61152f95028b" testName="Test656" computerName="UA-LPT-OGA2" duration="00:00:00.1550000" startTime="2025-05-14T13:20:31.3146610Z" endTime="2025-05-14T13:25:31.3147553Z" testType="13cdc9d9-ddb5-4fa4-a97d-d965ccfc6d4b" outcome="Passed" testListId="3b8bfd50-2ad0-43bc-af08-dc6a012fa968" />
    <UnitTestResult executionId="ba808b31-7703-4f2b-983a-bd6faab9e3b8" testId="9d2ce495-bf21-415f-93fd-489e89637f81" testName="Test657" computerName="UA-LPT-OGA2" duration="00:00:01.5530000" startTime="2025-05-14T13:20:31.3146610Z" endTime="2025-05-14T13:25:31.3147553Z" testType="13cdc9d9-ddb5-4fa4-a97d-d965ccfc6d4b" outcome="Passed" testListId="3b8bfd50-2ad0-43bc-af08-dc6a012fa968" />
    <UnitTestResult executionId="d2e52684-5312-46d7-8a1c-ccbc057053de" testId="1b75d822-4427-4eac-bb10-8802e5ad8d1f" testName="Test658" computerName="UA-LPT-OGA2" duration="00:00:01.5100000" startTime="2025-05-14T13:20:31.3146610Z" endTime="2025-05-14T13:25:31.3147553Z" testType="13cdc9d9-ddb5-4fa4-a97d-d965ccfc6d4b" outcome="Passed" testListId="3b8bfd50-2ad0-43bc-af08-dc6a012fa968" />
    <UnitTestResult executionId="9b413caa-5d80-4da1-85ca-8b22de275302" testId="de467a1a-11ce-420e-ae5c-51eaca3f363b" testName="Test659" computerName="UA-LPT-OGA2" duration="00:00:00.1120000" startTime="2025-05-14T13:20:31.3146610Z" endTime="2025-05-14T13:25:31.3147553Z" testType="13cdc9d9-ddb5-4fa4-a97d-d965ccfc6d4b" outcome="Passed" testListId="3b8bfd50-2ad0-43bc-af08-dc6a012fa968" />
    <UnitTestResult executionId="75a0b311-7538-4162-bc10-701e163e2ce8" testId="f1c36c07-64ed-476d-9221-ac2eac78ebe6" testName="Test660" computerName="UA-LPT-OGA2" duration="00:00:01.1540000" startTime="2025-05-14T13:20:31.3146610Z" endTime="2025-05-14T13:25:31.3147553Z" testType="13cdc9d9-ddb5-4fa4-a97d-d965ccfc6d4b" outcome="Passed" testListId="3b8bfd50-2ad0-43bc-af08-dc6a012fa968" />
    <UnitTestResult executionId="89735c05-ea77-4778-adaf-a6617c13f374" testId="763cbc7a-7304-46fc-9aee-4561c0357f81" testName="Test661" computerName="UA-LPT-OGA2" duration="00:00:00.8250000" startTime="2025-05-14T13:20:31.3146610Z" endTime="2025-05-14T13:25:31.3147553Z" testType="13cdc9d9-ddb5-4fa4-a97d-d965ccfc6d4b" outcome="Passed" testListId="3b8bfd50-2ad0-43bc-af08-dc6a012fa968" />
    <UnitTestResult executionId="0c4ff65c-54f0-4f63-b9e8-3cb6285c19e4" testId="28305d5b-616f-4b11-a83f-273207f29887" testName="Test662" computerName="UA-LPT-OGA2" duration="00:00:01.2890000" startTime="2025-05-14T13:20:31.3146610Z" endTime="2025-05-14T13:25:31.3147553Z" testType="13cdc9d9-ddb5-4fa4-a97d-d965ccfc6d4b" outcome="Passed" testListId="3b8bfd50-2ad0-43bc-af08-dc6a012fa968" />
    <UnitTestResult executionId="0a4692a0-3b9f-4bbe-8c29-9db5c35ae75e" testId="448ed0cd-a1fa-428c-8eda-eeee7ab1acb0" testName="Test663" computerName="UA-LPT-OGA2" duration="00:00:00.9920000" startTime="2025-05-14T13:20:31.3146610Z" endTime="2025-05-14T13:25:31.3147553Z" testType="13cdc9d9-ddb5-4fa4-a97d-d965ccfc6d4b" outcome="Passed" testListId="3b8bfd50-2ad0-43bc-af08-dc6a012fa968" />
    <UnitTestResult executionId="6466a962-2fa9-40e8-b5fb-b738c56bf22a" testId="057e5ca4-7446-49ab-afbd-874bd8d61ff8" testName="Test664" computerName="UA-LPT-OGA2" duration="00:00:00.3450000" startTime="2025-05-14T13:20:31.3146610Z" endTime="2025-05-14T13:25:31.3147553Z" testType="13cdc9d9-ddb5-4fa4-a97d-d965ccfc6d4b" outcome="Inconclusive" testListId="3b8bfd50-2ad0-43bc-af08-dc6a012fa968" />
    <UnitTestResult executionId="2113dd11-3207-4050-923f-3d808e46d999" testId="633aab40-175d-4f9f-9c0b-07bf75d9d30c" testName="Test665" computerName="UA-LPT-OGA2" duration="00:00:00.9250000" startTime="2025-05-14T13:20:31.3146610Z" endTime="2025-05-14T13:25:31.3147553Z" testType="13cdc9d9-ddb5-4fa4-a97d-d965ccfc6d4b" outcome="Passed" testListId="3b8bfd50-2ad0-43bc-af08-dc6a012fa968" />
    <UnitTestResult executionId="fc3d9257-878d-4498-8f98-50f6a66f9fb1" testId="a1b8a54e-3830-4fbf-9fe9-971c1068ef16" testName="Test666" computerName="UA-LPT-OGA2" duration="00:00:01.7940000" startTime="2025-05-14T13:20:31.3146610Z" endTime="2025-05-14T13:25:31.3147553Z" testType="13cdc9d9-ddb5-4fa4-a97d-d965ccfc6d4b" outcome="Passed" testListId="3b8bfd50-2ad0-43bc-af08-dc6a012fa968" />
    <UnitTestResult executionId="31bb9636-7029-4788-80ac-d68e3325242f" testId="6779e34d-1f7f-4dcd-abd8-3621b2babbe7" testName="Test667" computerName="UA-LPT-OGA2" duration="00:00:01.5650000" startTime="2025-05-14T13:20:31.3146610Z" endTime="2025-05-14T13:25:31.3147553Z" testType="13cdc9d9-ddb5-4fa4-a97d-d965ccfc6d4b" outcome="Passed" testListId="3b8bfd50-2ad0-43bc-af08-dc6a012fa968" />
    <UnitTestResult executionId="7f6c23eb-e8e6-42ae-ad12-8f8f8eed7dfb" testId="44bc31ff-fe4d-41e3-babc-8a6919991129" testName="Test668" computerName="UA-LPT-OGA2" duration="00:00:00.3440000" startTime="2025-05-14T13:20:31.3146610Z" endTime="2025-05-14T13:25:31.3147553Z" testType="13cdc9d9-ddb5-4fa4-a97d-d965ccfc6d4b" outcome="Failed" testListId="3b8bfd50-2ad0-43bc-af08-dc6a012fa968">
      <Output>
        <ErrorInfo>
          <Message>Assertion failed: Expected value did not match actual value.</Message>
          <StackTrace>   at TestNamespace.TestClass.Test() in TestClass.cs:line 139</StackTrace>
        </ErrorInfo>
      </Output>
    </UnitTestResult>
    <UnitTestResult executionId="461d94e9-8c18-4c39-af45-17699bd7035d" testId="46833363-dedc-47aa-9490-fafe18583c67" testName="Test669" computerName="UA-LPT-OGA2" duration="00:00:00.5490000" startTime="2025-05-14T13:20:31.3146610Z" endTime="2025-05-14T13:25:31.3147553Z" testType="13cdc9d9-ddb5-4fa4-a97d-d965ccfc6d4b" outcome="Passed" testListId="3b8bfd50-2ad0-43bc-af08-dc6a012fa968" />
    <UnitTestResult executionId="b8d7aedf-953b-4eb9-b95d-df72531a41ad" testId="c752d201-bbbc-492d-9191-40be766b8882" testName="Test670" computerName="UA-LPT-OGA2" duration="00:00:00.5430000" startTime="2025-05-14T13:20:31.3146610Z" endTime="2025-05-14T13:25:31.3147553Z" testType="13cdc9d9-ddb5-4fa4-a97d-d965ccfc6d4b" outcome="Passed" testListId="3b8bfd50-2ad0-43bc-af08-dc6a012fa968" />
    <UnitTestResult executionId="11000251-f82f-4423-9a5b-2772427d2458" testId="c941c05a-2788-4e62-a138-7763ae4c881b" testName="Test671" computerName="UA-LPT-OGA2" duration="00:00:00.3880000" startTime="2025-05-14T13:20:31.3146610Z" endTime="2025-05-14T13:25:31.3147553Z" testType="13cdc9d9-ddb5-4fa4-a97d-d965ccfc6d4b" outcome="Passed" testListId="3b8bfd50-2ad0-43bc-af08-dc6a012fa968" />
    <UnitTestResult executionId="3f592e69-bfcf-4c38-b411-17be42f4a1a1" testId="b36e9151-5f80-4bc0-ae3c-987405edd6f9" testName="Test672" computerName="UA-LPT-OGA2" duration="00:00:01.9500000" startTime="2025-05-14T13:20:31.3146610Z" endTime="2025-05-14T13:25:31.3147553Z" testType="13cdc9d9-ddb5-4fa4-a97d-d965ccfc6d4b" outcome="Passed" testListId="3b8bfd50-2ad0-43bc-af08-dc6a012fa968" />
    <UnitTestResult executionId="c56adb4e-48ee-466a-b279-257c9ec1508d" testId="b3e57d13-fc8f-4a6c-80eb-21f563172a0d" testName="Test673" computerName="UA-LPT-OGA2" duration="00:00:00.9300000" startTime="2025-05-14T13:20:31.3146610Z" endTime="2025-05-14T13:25:31.3147553Z" testType="13cdc9d9-ddb5-4fa4-a97d-d965ccfc6d4b" outcome="Passed" testListId="3b8bfd50-2ad0-43bc-af08-dc6a012fa968" />
    <UnitTestResult executionId="9586152c-68f3-4bbb-b98a-9ae08f72cc17" testId="cc9adc4f-ef97-43ef-95b8-75b21f206245" testName="Test674" computerName="UA-LPT-OGA2" duration="00:00:01.7090000" startTime="2025-05-14T13:20:31.3146610Z" endTime="2025-05-14T13:25:31.3147553Z" testType="13cdc9d9-ddb5-4fa4-a97d-d965ccfc6d4b" outcome="Passed" testListId="3b8bfd50-2ad0-43bc-af08-dc6a012fa968" />
    <UnitTestResult executionId="faabf238-e283-4503-9f94-c658c677db92" testId="39347e04-6737-4c5e-94c5-d0ad0860a71a" testName="Test675" computerName="UA-LPT-OGA2" duration="00:00:00.1280000" startTime="2025-05-14T13:20:31.3146610Z" endTime="2025-05-14T13:25:31.3147553Z" testType="13cdc9d9-ddb5-4fa4-a97d-d965ccfc6d4b" outcome="Passed" testListId="3b8bfd50-2ad0-43bc-af08-dc6a012fa968" />
    <UnitTestResult executionId="7a97d88c-c1fe-402e-a7e7-6c225e339855" testId="0afb5e59-c88f-4cd5-a66b-abff155204cb" testName="Test676" computerName="UA-LPT-OGA2" duration="00:00:00.3870000" startTime="2025-05-14T13:20:31.3146610Z" endTime="2025-05-14T13:25:31.3147553Z" testType="13cdc9d9-ddb5-4fa4-a97d-d965ccfc6d4b" outcome="Passed" testListId="3b8bfd50-2ad0-43bc-af08-dc6a012fa968" />
    <UnitTestResult executionId="7c533eb9-a984-4cf0-827b-4266192e7ca4" testId="9c756086-3cd3-4bc0-97c5-0839a5c5b737" testName="Test677" computerName="UA-LPT-OGA2" duration="00:00:00.7380000" startTime="2025-05-14T13:20:31.3146610Z" endTime="2025-05-14T13:25:31.3147553Z" testType="13cdc9d9-ddb5-4fa4-a97d-d965ccfc6d4b" outcome="Failed" testListId="3b8bfd50-2ad0-43bc-af08-dc6a012fa968">
      <Output>
        <ErrorInfo>
          <Message>Assertion failed: Expected value did not match actual value.</Message>
          <StackTrace>   at TestNamespace.TestClass.Test() in TestClass.cs:line 145</StackTrace>
        </ErrorInfo>
      </Output>
    </UnitTestResult>
    <UnitTestResult executionId="7d505cd8-b1e6-4341-a80f-f39a9d0d9793" testId="db371621-c22c-4c76-8808-491e977d4bd4" testName="Test678" computerName="UA-LPT-OGA2" duration="00:00:00.0680000" startTime="2025-05-14T13:20:31.3146610Z" endTime="2025-05-14T13:25:31.3147553Z" testType="13cdc9d9-ddb5-4fa4-a97d-d965ccfc6d4b" outcome="Passed" testListId="3b8bfd50-2ad0-43bc-af08-dc6a012fa968" />
    <UnitTestResult executionId="76d440df-78b5-4109-a883-8249b66f04f0" testId="466fa61b-3412-45fc-a420-49db1ecd0c9d" testName="Test679" computerName="UA-LPT-OGA2" duration="00:00:01.3420000" startTime="2025-05-14T13:20:31.3146610Z" endTime="2025-05-14T13:25:31.3147553Z" testType="13cdc9d9-ddb5-4fa4-a97d-d965ccfc6d4b" outcome="Passed" testListId="3b8bfd50-2ad0-43bc-af08-dc6a012fa968" />
    <UnitTestResult executionId="2a18c6b0-054b-41de-ba8c-266361ba9df6" testId="f32baaf9-0965-4e93-81ab-7d5edbcdd790" testName="Test680" computerName="UA-LPT-OGA2" duration="00:00:00.3260000" startTime="2025-05-14T13:20:31.3146610Z" endTime="2025-05-14T13:25:31.3147553Z" testType="13cdc9d9-ddb5-4fa4-a97d-d965ccfc6d4b" outcome="Passed" testListId="3b8bfd50-2ad0-43bc-af08-dc6a012fa968" />
    <UnitTestResult executionId="8380d2db-db63-4eba-b594-dda92e70639a" testId="0476391d-33ec-4183-b83d-bde20a61c5b6" testName="Test681" computerName="UA-LPT-OGA2" duration="00:00:00.8050000" startTime="2025-05-14T13:20:31.3146610Z" endTime="2025-05-14T13:25:31.3147553Z" testType="13cdc9d9-ddb5-4fa4-a97d-d965ccfc6d4b" outcome="Passed" testListId="3b8bfd50-2ad0-43bc-af08-dc6a012fa968" />
    <UnitTestResult executionId="b9d6d613-e30b-49f9-bdb2-31bd9ff5faec" testId="de930f34-f915-4f2c-b6ef-450c05cb8ed8" testName="Test682" computerName="UA-LPT-OGA2" duration="00:00:01.4630000" startTime="2025-05-14T13:20:31.3146610Z" endTime="2025-05-14T13:25:31.3147553Z" testType="13cdc9d9-ddb5-4fa4-a97d-d965ccfc6d4b" outcome="Passed" testListId="3b8bfd50-2ad0-43bc-af08-dc6a012fa968" />
    <UnitTestResult executionId="945a197f-261b-4d9e-9731-e3ba78612ab8" testId="0b01083f-c8ca-458c-959c-d63cbb9ce7b2" testName="Test683" computerName="UA-LPT-OGA2" duration="00:00:00.1170000" startTime="2025-05-14T13:20:31.3146610Z" endTime="2025-05-14T13:25:31.3147553Z" testType="13cdc9d9-ddb5-4fa4-a97d-d965ccfc6d4b" outcome="Passed" testListId="3b8bfd50-2ad0-43bc-af08-dc6a012fa968" />
    <UnitTestResult executionId="f7253ea6-9ce7-4b24-9eb5-d0a556f7bb77" testId="7d0c7876-50cf-484f-b715-1205b7bc787c" testName="Test684" computerName="UA-LPT-OGA2" duration="00:00:00.5770000" startTime="2025-05-14T13:20:31.3146610Z" endTime="2025-05-14T13:25:31.3147553Z" testType="13cdc9d9-ddb5-4fa4-a97d-d965ccfc6d4b" outcome="Passed" testListId="3b8bfd50-2ad0-43bc-af08-dc6a012fa968" />
    <UnitTestResult executionId="0a4f8bcd-e858-4231-b5ec-ac52c6e8ef0b" testId="a496b6c8-947b-4959-b8e4-2c907634e257" testName="Test685" computerName="UA-LPT-OGA2" duration="00:00:00.9340000" startTime="2025-05-14T13:20:31.3146610Z" endTime="2025-05-14T13:25:31.3147553Z" testType="13cdc9d9-ddb5-4fa4-a97d-d965ccfc6d4b" outcome="Passed" testListId="3b8bfd50-2ad0-43bc-af08-dc6a012fa968" />
    <UnitTestResult executionId="a8b1b911-e06c-4694-8c37-40577b7e2ed5" testId="fd6170c6-4972-417b-9bcf-55f93bbc1228" testName="Test686" computerName="UA-LPT-OGA2" duration="00:00:01.8230000" startTime="2025-05-14T13:20:31.3146610Z" endTime="2025-05-14T13:25:31.3147553Z" testType="13cdc9d9-ddb5-4fa4-a97d-d965ccfc6d4b" outcome="Passed" testListId="3b8bfd50-2ad0-43bc-af08-dc6a012fa968" />
    <UnitTestResult executionId="6c0215e9-3a13-45d1-89c9-a5d86f96719a" testId="a1498ca9-0c69-4c6f-b7d8-602eec2190ad" testName="Test687" computerName="UA-LPT-OGA2" duration="00:00:00.2790000" startTime="2025-05-14T13:20:31.3146610Z" endTime="2025-05-14T13:25:31.3147553Z" testType="13cdc9d9-ddb5-4fa4-a97d-d965ccfc6d4b" outcome="Passed" testListId="3b8bfd50-2ad0-43bc-af08-dc6a012fa968" />
    <UnitTestResult executionId="ddd5c557-4ab2-4e6d-b453-0cd6f3201cc6" testId="c0151bfa-d976-4c95-a2b5-939454ddcdea" testName="Test688" computerName="UA-LPT-OGA2" duration="00:00:01.5700000" startTime="2025-05-14T13:20:31.3146610Z" endTime="2025-05-14T13:25:31.3147553Z" testType="13cdc9d9-ddb5-4fa4-a97d-d965ccfc6d4b" outcome="Passed" testListId="3b8bfd50-2ad0-43bc-af08-dc6a012fa968" />
    <UnitTestResult executionId="3ca61758-ee35-4421-9b85-68caceadf04e" testId="6f1a6bf8-b14e-4c92-bc1f-fdc917b678f4" testName="Test689" computerName="UA-LPT-OGA2" duration="00:00:01.3810000" startTime="2025-05-14T13:20:31.3146610Z" endTime="2025-05-14T13:25:31.3147553Z" testType="13cdc9d9-ddb5-4fa4-a97d-d965ccfc6d4b" outcome="Passed" testListId="3b8bfd50-2ad0-43bc-af08-dc6a012fa968" />
    <UnitTestResult executionId="877060ee-c06c-42e6-99f3-f164a5c31cc5" testId="606b238c-b4a7-4291-8ed4-a46bda805d6c" testName="Test690" computerName="UA-LPT-OGA2" duration="00:00:00.8720000" startTime="2025-05-14T13:20:31.3146610Z" endTime="2025-05-14T13:25:31.3147553Z" testType="13cdc9d9-ddb5-4fa4-a97d-d965ccfc6d4b" outcome="Passed" testListId="3b8bfd50-2ad0-43bc-af08-dc6a012fa968" />
    <UnitTestResult executionId="f44db30a-1fc3-4cc2-a889-2df63c153d19" testId="cf9cc5a2-6e48-47d0-9645-c4acfc7845a1" testName="Test691" computerName="UA-LPT-OGA2" duration="00:00:01.1070000" startTime="2025-05-14T13:20:31.3146610Z" endTime="2025-05-14T13:25:31.3147553Z" testType="13cdc9d9-ddb5-4fa4-a97d-d965ccfc6d4b" outcome="Passed" testListId="3b8bfd50-2ad0-43bc-af08-dc6a012fa968" />
    <UnitTestResult executionId="a66d62d7-c194-4576-88a5-758236b9cd43" testId="560b9648-1916-4237-b928-08f6ffcc1733" testName="Test692" computerName="UA-LPT-OGA2" duration="00:00:00.3430000" startTime="2025-05-14T13:20:31.3146610Z" endTime="2025-05-14T13:25:31.3147553Z" testType="13cdc9d9-ddb5-4fa4-a97d-d965ccfc6d4b" outcome="Passed" testListId="3b8bfd50-2ad0-43bc-af08-dc6a012fa968" />
    <UnitTestResult executionId="ed861399-a98d-4cff-8eb7-cac2e299f6ac" testId="65e86351-5955-4fa3-9530-901e1ea5b9db" testName="Test693" computerName="UA-LPT-OGA2" duration="00:00:00.5790000" startTime="2025-05-14T13:20:31.3146610Z" endTime="2025-05-14T13:25:31.3147553Z" testType="13cdc9d9-ddb5-4fa4-a97d-d965ccfc6d4b" outcome="Passed" testListId="3b8bfd50-2ad0-43bc-af08-dc6a012fa968" />
    <UnitTestResult executionId="618afb78-ad5a-46a3-8c1f-d27a56c7502f" testId="1fd9363f-5411-4806-8ff1-2fd36f74ffc8" testName="Test694" computerName="UA-LPT-OGA2" duration="00:00:00.9080000" startTime="2025-05-14T13:20:31.3146610Z" endTime="2025-05-14T13:25:31.3147553Z" testType="13cdc9d9-ddb5-4fa4-a97d-d965ccfc6d4b" outcome="Passed" testListId="3b8bfd50-2ad0-43bc-af08-dc6a012fa968" />
    <UnitTestResult executionId="15bad8e8-f5df-4064-a578-76fd0a531838" testId="5e27bea5-ad35-4418-95b7-ac9f37dc5c08" testName="Test695" computerName="UA-LPT-OGA2" duration="00:00:00.9890000" startTime="2025-05-14T13:20:31.3146610Z" endTime="2025-05-14T13:25:31.3147553Z" testType="13cdc9d9-ddb5-4fa4-a97d-d965ccfc6d4b" outcome="Passed" testListId="3b8bfd50-2ad0-43bc-af08-dc6a012fa968" />
    <UnitTestResult executionId="20f101ea-7334-4c69-ba49-db789b840169" testId="32a76c94-6a4b-4cbd-b151-42b026c1e048" testName="Test696" computerName="UA-LPT-OGA2" duration="00:00:00.5790000" startTime="2025-05-14T13:20:31.3146610Z" endTime="2025-05-14T13:25:31.3147553Z" testType="13cdc9d9-ddb5-4fa4-a97d-d965ccfc6d4b" outcome="Passed" testListId="3b8bfd50-2ad0-43bc-af08-dc6a012fa968" />
    <UnitTestResult executionId="61f4aed0-56f9-43fe-aa15-27262124ad60" testId="7c2602a8-43b8-4773-b244-a22a17592532" testName="Test697" computerName="UA-LPT-OGA2" duration="00:00:00.4920000" startTime="2025-05-14T13:20:31.3146610Z" endTime="2025-05-14T13:25:31.3147553Z" testType="13cdc9d9-ddb5-4fa4-a97d-d965ccfc6d4b" outcome="Passed" testListId="3b8bfd50-2ad0-43bc-af08-dc6a012fa968" />
    <UnitTestResult executionId="4897826f-ae3f-4467-a1b5-58b8660bc827" testId="3ec5c794-fdbf-4c14-9f7c-84f30e3ef026" testName="Test698" computerName="UA-LPT-OGA2" duration="00:00:01.6750000" startTime="2025-05-14T13:20:31.3146610Z" endTime="2025-05-14T13:25:31.3147553Z" testType="13cdc9d9-ddb5-4fa4-a97d-d965ccfc6d4b" outcome="Passed" testListId="3b8bfd50-2ad0-43bc-af08-dc6a012fa968" />
    <UnitTestResult executionId="cb6b7c2a-271a-4247-9819-474d17285622" testId="8fa2056b-f762-4d23-8141-2c3a7c32b89d" testName="Test699" computerName="UA-LPT-OGA2" duration="00:00:00.7500000" startTime="2025-05-14T13:20:31.3146610Z" endTime="2025-05-14T13:25:31.3147553Z" testType="13cdc9d9-ddb5-4fa4-a97d-d965ccfc6d4b" outcome="Failed" testListId="3b8bfd50-2ad0-43bc-af08-dc6a012fa968">
      <Output>
        <ErrorInfo>
          <Message>Assertion failed: Expected value did not match actual value.</Message>
          <StackTrace>   at TestNamespace.TestClass.Test() in TestClass.cs:line 18</StackTrace>
        </ErrorInfo>
      </Output>
    </UnitTestResult>
    <UnitTestResult executionId="a146076f-0d77-49e7-b78c-0e5f9263cd8d" testId="d0b79fb9-6a14-4737-8c43-282f6f618076" testName="Test700" computerName="UA-LPT-OGA2" duration="00:00:00.7330000" startTime="2025-05-14T13:20:31.3146610Z" endTime="2025-05-14T13:25:31.3147553Z" testType="13cdc9d9-ddb5-4fa4-a97d-d965ccfc6d4b" outcome="Passed" testListId="3b8bfd50-2ad0-43bc-af08-dc6a012fa968" />
  </Results>
  <TestDefinitions>
    <UnitTest name="Test601" id="6c3b7ee5-0bb9-4400-97e8-5d34f6abd1bd" storage="TestAssembly.dll">
      <Execution id="5926fbe5-ca7e-4418-813c-2e47ce670d02" />
      <TestMethod codeBase="TestAssembly.dll" className="TestNamespace.TestClass1" name="Test601" />
    </UnitTest>
    <UnitTest name="Test602" id="acd2a8c8-993d-4349-b5b9-0616b8fb9591" storage="TestAssembly.dll">
      <Execution id="4ac89a22-069a-48a9-b930-d8a1458aed3b" />
      <TestMethod codeBase="TestAssembly.dll" className="TestNamespace.TestClass1" name="Test602" />
    </UnitTest>
    <UnitTest name="Test603" id="e348604c-2e8b-456a-b84a-1186bc3607d2" storage="TestAssembly.dll">
      <Execution id="956b48ea-f789-434d-a123-5008bc5e39ea" />
      <TestMethod codeBase="TestAssembly.dll" className="TestNamespace.TestClass1" name="Test603" />
    </UnitTest>
    <UnitTest name="Test604" id="d1a4729a-b8dd-4efa-81cf-57cc237bf7fa" storage="TestAssembly.dll">
      <Execution id="ca7f4a00-7228-4f94-90ca-5a116e105a13" />
      <TestMethod codeBase="TestAssembly.dll" className="TestNamespace.TestClass1" name="Test604" />
    </UnitTest>
    <UnitTest name="Test605" id="157db24a-2258-49ae-afce-c5a53b1ecd67" storage="TestAssembly.dll">
      <Execution id="a9c59b33-365d-4191-87ff-bda7db4b0503" />
      <TestMethod codeBase="TestAssembly.dll" className="TestNamespace.TestClass1" name="Test605" />
    </UnitTest>
    <UnitTest name="Test606" id="76c76f0e-89e4-40bb-832e-df86be46114b" storage="TestAssembly.dll">
      <Execution id="669af8be-442f-40f7-b3df-d3caef808c51" />
      <TestMethod codeBase="TestAssembly.dll" className="TestNamespace.TestClass1" name="Test606" />
    </UnitTest>
    <UnitTest name="Test607" id="ac0c1899-d5a5-4aa8-ba56-43965467e158" storage="TestAssembly.dll">
      <Execution id="44717eee-df47-446e-8fa1-de3770cc7fb3" />
      <TestMethod codeBase="TestAssembly.dll" className="TestNamespace.TestClass1" name="Test607" />
    </UnitTest>
    <UnitTest name="Test608" id="859eb1c6-4ddc-4695-91b2-05e7b9d0237e" storage="TestAssembly.dll">
      <Execution id="12a50619-751d-467a-b680-4a437fa9628c" />
      <TestMethod codeBase="TestAssembly.dll" className="TestNamespace.TestClass1" name="Test608" />
    </UnitTest>
    <UnitTest name="Test609" id="4ab239e0-c019-4433-a601-2e22686608e5" storage="TestAssembly.dll">
      <Execution id="7e7fe53d-4648-4c46-b716-f7b5cf782984" />
      <TestMethod codeBase="TestAssembly.dll" className="TestNamespace.TestClass1" name="Test609" />
    </UnitTest>
    <UnitTest name="Test610" id="20bdb324-1e96-4221-94a2-b9a29ee7061f" storage="TestAssembly.dll">
      <Execution id="60e37fcf-bacd-4711-912b-406f01abd8c3" />
      <TestMethod codeBase="TestAssembly.dll" className="TestNamespace.TestClass1" name="Test610" />
    </UnitTest>
    <UnitTest name="Test611" id="b7c9a1cb-941d-41c3-942d-f38ef5042282" storage="TestAssembly.dll">
      <Execution id="6191980a-416e-43b0-960f-2a77ff969361" />
      <TestMethod codeBase="TestAssembly.dll" className="TestNamespace.TestClass2" name="Test611" />
    </UnitTest>
    <UnitTest name="Test612" id="c8561b91-f209-4448-ad6b-f4aaea2c6e8e" storage="TestAssembly.dll">
      <Execution id="3ed07e48-1e4a-463f-b585-20315d103826" />
      <TestMethod codeBase="TestAssembly.dll" className="TestNamespace.TestClass2" name="Test612" />
    </UnitTest>
    <UnitTest name="Test613" id="060b1ca3-c02a-4b06-94e8-828b8d9c4409" storage="TestAssembly.dll">
      <Execution id="004e524b-f98f-41c0-831f-36921d649b99" />
      <TestMethod codeBase="TestAssembly.dll" className="TestNamespace.TestClass2" name="Test613" />
    </UnitTest>
    <UnitTest name="Test614" id="e5a5d709-0d53-4cd1-8014-9e87726f0f56" storage="TestAssembly.dll">
      <Execution id="b9e4bf69-1321-4f26-bb15-bf4a0e9a130b" />
      <TestMethod codeBase="TestAssembly.dll" className="TestNamespace.TestClass2" name="Test614" />
    </UnitTest>
    <UnitTest name="Test615" id="0da7d6d5-15ac-483d-84dc-1d782223ccdd" storage="TestAssembly.dll">
      <Execution id="1b30ea57-2aff-4fc6-a07a-79264b592b9f" />
      <TestMethod codeBase="TestAssembly.dll" className="TestNamespace.TestClass2" name="Test615" />
    </UnitTest>
    <UnitTest name="Test616" id="3e98a633-6449-44a3-b2ae-0e0cfaa9b68d" storage="TestAssembly.dll">
      <Execution id="bb358511-2595-4ef2-9a05-a21baa7e5a42" />
      <TestMethod codeBase="TestAssembly.dll" className="TestNamespace.TestClass2" name="Test616" />
    </UnitTest>
    <UnitTest name="Test617" id="e559c950-3ea0-43b4-bc2f-f611c377b893" storage="TestAssembly.dll">
      <Execution id="dcfcb915-ac96-4a5f-bfef-a73434559055" />
      <TestMethod codeBase="TestAssembly.dll" className="TestNamespace.TestClass2" name="Test617" />
    </UnitTest>
    <UnitTest name="Test618" id="d514b80e-8fe2-4db5-b5fd-5ed211cd2454" storage="TestAssembly.dll">
      <Execution id="74619796-8fff-46c2-afe6-27e92668a4f7" />
      <TestMethod codeBase="TestAssembly.dll" className="TestNamespace.TestClass2" name="Test618" />
    </UnitTest>
    <UnitTest name="Test619" id="f0a5b4c0-06b9-4fb4-98e6-599ee540f64b" storage="TestAssembly.dll">
      <Execution id="26c6b775-1d58-4f16-a619-0bf52b6820fa" />
      <TestMethod codeBase="TestAssembly.dll" className="TestNamespace.TestClass2" name="Test619" />
    </UnitTest>
    <UnitTest name="Test620" id="d777e54c-2eea-4abb-9391-6f35dfda23fc" storage="TestAssembly.dll">
      <Execution id="c7940c2d-291e-464f-b56b-25c4d6d7f109" />
      <TestMethod codeBase="TestAssembly.dll" className="TestNamespace.TestClass2" name="Test620" />
    </UnitTest>
    <UnitTest name="Test621" id="a453ab6a-df25-4cb1-a7bd-4f28e0dcdb03" storage="TestAssembly.dll">
      <Execution id="d5955ff5-a492-4012-8f92-bdbf2abf85b2" />
      <TestMethod codeBase="TestAssembly.dll" className="TestNamespace.TestClass3" name="Test621" />
    </UnitTest>
    <UnitTest name="Test622" id="f7b13778-cb55-44cf-aee9-1e156cc6ec8d" storage="TestAssembly.dll">
      <Execution id="6819afc4-fc23-4c52-9784-5d9273caba48" />
      <TestMethod codeBase="TestAssembly.dll" className="TestNamespace.TestClass3" name="Test622" />
    </UnitTest>
    <UnitTest name="Test623" id="dd0b00ed-f214-4efe-82aa-30444f429060" storage="TestAssembly.dll">
      <Execution id="308d79c8-d4ce-4685-b355-897b0abe77f2" />
      <TestMethod codeBase="TestAssembly.dll" className="TestNamespace.TestClass3" name="Test623" />
    </UnitTest>
    <UnitTest name="Test624" id="9230d0f0-b625-4807-8127-dba5d32da7fb" storage="TestAssembly.dll">
      <Execution id="a7837cd0-57c0-483f-ae92-701bcdea2117" />
      <TestMethod codeBase="TestAssembly.dll" className="TestNamespace.TestClass3" name="Test624" />
    </UnitTest>
    <UnitTest name="Test625" id="d3f79655-e02f-40dc-8d21-0afb1162f885" storage="TestAssembly.dll">
      <Execution id="f8fe9a83-d981-4507-ad3b-82825f2f67e7" />
      <TestMethod codeBase="TestAssembly.dll" className="TestNamespace.TestClass3" name="Test625" />
    </UnitTest>
    <UnitTest name="Test626" id="62cb4406-4304-48d6-862e-c37c98d7d3fc" storage="TestAssembly.dll">
      <Execution id="b9e70b2b-a11f-4e68-85a9-24622ecde76e" />
      <TestMethod codeBase="TestAssembly.dll" className="TestNamespace.TestClass3" name="Test626" />
    </UnitTest>
    <UnitTest name="Test627" id="87538650-5095-4f13-b937-735616b52a4b" storage="TestAssembly.dll">
      <Execution id="4bd294b0-e20d-461a-aa83-297e27badd0e" />
      <TestMethod codeBase="TestAssembly.dll" className="TestNamespace.TestClass3" name="Test627" />
    </UnitTest>
    <UnitTest name="Test628" id="bd8b50b1-4ec0-4bcb-bf95-374ec56a1613" storage="TestAssembly.dll">
      <Execution id="bff9e3fe-12e5-47f1-baf8-9c2edcac99cc" />
      <TestMethod codeBase="TestAssembly.dll" className="TestNamespace.TestClass3" name="Test628" />
    </UnitTest>
    <UnitTest name="Test629" id="549bab29-57e4-4099-817a-9df53917b9af" storage="TestAssembly.dll">
      <Execution id="78f2652c-4a0c-478d-af83-b5ca9a6edf2e" />
      <TestMethod codeBase="TestAssembly.dll" className="TestNamespace.TestClass3" name="Test629" />
    </UnitTest>
    <UnitTest name="Test630" id="ed91d991-5047-4a4d-8e14-198206e37c67" storage="TestAssembly.dll">
      <Execution id="aa363eba-e8e9-4d87-ba49-5e0f800ebd1f" />
      <TestMethod codeBase="TestAssembly.dll" className="TestNamespace.TestClass3" name="Test630" />
    </UnitTest>
    <UnitTest name="Test631" id="b50d290e-c767-49f7-89f7-b9e92729410d" storage="TestAssembly.dll">
      <Execution id="d219eaab-bd0f-44ab-a809-71bcd175ce00" />
      <TestMethod codeBase="TestAssembly.dll" className="TestNamespace.TestClass4" name="Test631" />
    </UnitTest>
    <UnitTest name="Test632" id="17b92645-f1bf-46b5-961d-959dd7e5df41" storage="TestAssembly.dll">
      <Execution id="145b80a7-6f8e-457c-8cfc-38258acd3b3c" />
      <TestMethod codeBase="TestAssembly.dll" className="TestNamespace.TestClass4" name="Test632" />
    </UnitTest>
    <UnitTest name="Test633" id="5c36b2cd-91f5-45fe-b966-40d31538ffb1" storage="TestAssembly.dll">
      <Execution id="e2941df1-4b0a-49da-8187-4c60f9bef50c" />
      <TestMethod codeBase="TestAssembly.dll" className="TestNamespace.TestClass4" name="Test633" />
    </UnitTest>
    <UnitTest name="Test634" id="4044eaa1-6d19-49fb-97d7-d0a50fb64b85" storage="TestAssembly.dll">
      <Execution id="5b09d6a1-61b9-4622-9a08-5119d002d9cc" />
      <TestMethod codeBase="TestAssembly.dll" className="TestNamespace.TestClass4" name="Test634" />
    </UnitTest>
    <UnitTest name="Test635" id="2c7519a5-1585-479d-bb1a-1b04fb4cf633" storage="TestAssembly.dll">
      <Execution id="db45185f-ee2d-4e4a-a4a1-714caaace499" />
      <TestMethod codeBase="TestAssembly.dll" className="TestNamespace.TestClass4" name="Test635" />
    </UnitTest>
    <UnitTest name="Test636" id="4a993ca7-d74c-4f31-99f8-802954cba772" storage="TestAssembly.dll">
      <Execution id="08f4597b-6e69-4a23-8cdc-e886c5994c91" />
      <TestMethod codeBase="TestAssembly.dll" className="TestNamespace.TestClass4" name="Test636" />
    </UnitTest>
    <UnitTest name="Test637" id="4dec3723-dcf3-44e5-a25a-52f3613a4514" storage="TestAssembly.dll">
      <Execution id="d8220523-5e4e-40ea-a9dd-ebf961a26429" />
      <TestMethod codeBase="TestAssembly.dll" className="TestNamespace.TestClass4" name="Test637" />
    </UnitTest>
    <UnitTest name="Test638" id="2812e2ec-2681-4eec-bc0b-624b53b2b997" storage="TestAssembly.dll">
      <Execution id="635d21ac-b097-4b42-86bc-f747ee2f43b1" />
      <TestMethod codeBase="TestAssembly.dll" className="TestNamespace.TestClass4" name="Test638" />
    </UnitTest>
    <UnitTest name="Test639" id="8c68baaa-1563-4153-a7fa-a271fdef341d" storage="TestAssembly.dll">
      <Execution id="b663ba0d-cc0d-465d-b882-4ab5ec856053" />
      <TestMethod codeBase="TestAssembly.dll" className="TestNamespace.TestClass4" name="Test639" />
    </UnitTest>
    <UnitTest name="Test640" id="31e9bc6c-605e-476d-a13a-6ca3462143d1" storage="TestAssembly.dll">
      <Execution id="822767a5-8e9d-4885-abe3-d8168c5a4b8c" />
      <TestMethod codeBase="TestAssembly.dll" className="TestNamespace.TestClass4" name="Test640" />
    </UnitTest>
    <UnitTest name="Test641" id="129712c2-bb6e-40b6-ac9f-5147dc3dee5e" storage="TestAssembly.dll">
      <Execution id="33d56acd-c727-4f12-9594-fb01364ab980" />
      <TestMethod codeBase="TestAssembly.dll" className="TestNamespace.TestClass5" name="Test641" />
    </UnitTest>
    <UnitTest name="Test642" id="a7e887d1-01f1-4aa3-a497-6f44dc342f4d" storage="TestAssembly.dll">
      <Execution id="aad32eb8-99d2-4dba-a8cb-784d62d00ab4" />
      <TestMethod codeBase="TestAssembly.dll" className="TestNamespace.TestClass5" name="Test642" />
    </UnitTest>
    <UnitTest name="Test643" id="52e67480-250a-422c-b957-5277ab351b94" storage="TestAssembly.dll">
      <Execution id="438d009b-3cf6-4e8e-936f-5dc053be6810" />
      <TestMethod codeBase="TestAssembly.dll" className="TestNamespace.TestClass5" name="Test643" />
    </UnitTest>
    <UnitTest name="Test644" id="ba76d1f3-1d23-48bb-95fd-978c67a59ab3" storage="TestAssembly.dll">
      <Execution id="ff72f5b9-b509-4c49-8d04-420e8c4745d4" />
      <TestMethod codeBase="TestAssembly.dll" className="TestNamespace.TestClass5" name="Test644" />
    </UnitTest>
    <UnitTest name="Test645" id="aee87100-0b34-44c6-8721-aa59a5434f6c" storage="TestAssembly.dll">
      <Execution id="d69862bc-a457-4992-a08a-5ebda63f2ffe" />
      <TestMethod codeBase="TestAssembly.dll" className="TestNamespace.TestClass5" name="Test645" />
    </UnitTest>
    <UnitTest name="Test646" id="ec91ef2a-520b-4714-843b-846ebce86f5d" storage="TestAssembly.dll">
      <Execution id="4009b652-63fb-4795-a9b6-56626952d216" />
      <TestMethod codeBase="TestAssembly.dll" className="TestNamespace.TestClass5" name="Test646" />
    </UnitTest>
    <UnitTest name="Test647" id="cbf3dacd-d628-4ead-b9a8-148646d3ec8d" storage="TestAssembly.dll">
      <Execution id="203c0951-c3c1-47f8-9a36-e5d25cd1d9f3" />
      <TestMethod codeBase="TestAssembly.dll" className="TestNamespace.TestClass5" name="Test647" />
    </UnitTest>
    <UnitTest name="Test648" id="0ab5f684-ab4d-4780-a6f7-b9ebe4fea0ce" storage="TestAssembly.dll">
      <Execution id="85cae3f0-745d-4f5d-bd1e-341c6eccb2b0" />
      <TestMethod codeBase="TestAssembly.dll" className="TestNamespace.TestClass5" name="Test648" />
    </UnitTest>
    <UnitTest name="Test649" id="9275df12-eae5-4801-9949-a380c66f56d1" storage="TestAssembly.dll">
      <Execution id="80514ac7-3244-4660-9ef0-5347df527081" />
      <TestMethod codeBase="TestAssembly.dll" className="TestNamespace.TestClass5" name="Test649" />
    </UnitTest>
    <UnitTest name="Test650" id="8cafeb3e-5c11-46ef-930f-e7bdb475af47" storage="TestAssembly.dll">
      <Execution id="6ba472dc-857d-4690-87c6-06a6b8535430" />
      <TestMethod codeBase="TestAssembly.dll" className="TestNamespace.TestClass5" name="Test650" />
    </UnitTest>
    <UnitTest name="Test651" id="03a3b5aa-8e6a-4958-bb32-928814d0b330" storage="TestAssembly.dll">
      <Execution id="f6b4cf42-7247-4e66-96bb-0dc022203d7e" />
      <TestMethod codeBase="TestAssembly.dll" className="TestNamespace.TestClass6" name="Test651" />
    </UnitTest>
    <UnitTest name="Test652" id="d1d7304b-8efc-45bd-8ee3-86f00ad2a23f" storage="TestAssembly.dll">
      <Execution id="c25c6aca-1104-47f8-b9fe-215dd6b0869a" />
      <TestMethod codeBase="TestAssembly.dll" className="TestNamespace.TestClass6" name="Test652" />
    </UnitTest>
    <UnitTest name="Test653" id="338cc42f-9365-4f8e-baf5-7643c883b5a0" storage="TestAssembly.dll">
      <Execution id="50477880-d9dc-49b3-87e7-01cfdd3be298" />
      <TestMethod codeBase="TestAssembly.dll" className="TestNamespace.TestClass6" name="Test653" />
    </UnitTest>
    <UnitTest name="Test654" id="911e62da-332e-42a3-8d9a-c9782f8d8e4d" storage="TestAssembly.dll">
      <Execution id="478a4c14-f707-49ae-8fcf-fdfeac343522" />
      <TestMethod codeBase="TestAssembly.dll" className="TestNamespace.TestClass6" name="Test654" />
    </UnitTest>
    <UnitTest name="Test655" id="da8724df-8151-4054-913d-c9e4fdcf5869" storage="TestAssembly.dll">
      <Execution id="1704010f-641b-4264-b7a0-da0583488684" />
      <TestMethod codeBase="TestAssembly.dll" className="TestNamespace.TestClass6" name="Test655" />
    </UnitTest>
    <UnitTest name="Test656" id="89362704-f6ad-43cf-9285-61152f95028b" storage="TestAssembly.dll">
      <Execution id="c925361a-fc22-4ccd-9c0d-54cfad453f20" />
      <TestMethod codeBase="TestAssembly.dll" className="TestNamespace.TestClass6" name="Test656" />
    </UnitTest>
    <UnitTest name="Test657" id="9d2ce495-bf21-415f-93fd-489e89637f81" storage="TestAssembly.dll">
      <Execution id="ba808b31-7703-4f2b-983a-bd6faab9e3b8" />
      <TestMethod codeBase="TestAssembly.dll" className="TestNamespace.TestClass6" name="Test657" />
    </UnitTest>
    <UnitTest name="Test658" id="1b75d822-4427-4eac-bb10-8802e5ad8d1f" storage="TestAssembly.dll">
      <Execution id="d2e52684-5312-46d7-8a1c-ccbc057053de" />
      <TestMethod codeBase="TestAssembly.dll" className="TestNamespace.TestClass6" name="Test658" />
    </UnitTest>
    <UnitTest name="Test659" id="de467a1a-11ce-420e-ae5c-51eaca3f363b" storage="TestAssembly.dll">
      <Execution id="9b413caa-5d80-4da1-85ca-8b22de275302" />
      <TestMethod codeBase="TestAssembly.dll" className="TestNamespace.TestClass6" name="Test659" />
    </UnitTest>
    <UnitTest name="Test660" id="f1c36c07-64ed-476d-9221-ac2eac78ebe6" storage="TestAssembly.dll">
      <Execution id="75a0b311-7538-4162-bc10-701e163e2ce8" />
      <TestMethod codeBase="TestAssembly.dll" className="TestNamespace.TestClass6" name="Test660" />
    </UnitTest>
    <UnitTest name="Test661" id="763cbc7a-7304-46fc-9aee-4561c0357f81" storage="TestAssembly.dll">
      <Execution id="89735c05-ea77-4778-adaf-a6617c13f374" />
      <TestMethod codeBase="TestAssembly.dll" className="TestNamespace.TestClass7" name="Test661" />
    </UnitTest>
    <UnitTest name="Test662" id="28305d5b-616f-4b11-a83f-273207f29887" storage="TestAssembly.dll">
      <Execution id="0c4ff65c-54f0-4f63-b9e8-3cb6285c19e4" />
      <TestMethod codeBase="TestAssembly.dll" className="TestNamespace.TestClass7" name="Test662" />
    </UnitTest>
    <UnitTest name="Test663" id="448ed0cd-a1fa-428c-8eda-eeee7ab1acb0" storage="TestAssembly.dll">
      <Execution id="0a4692a0-3b9f-4bbe-8c29-9db5c35ae75e" />
      <TestMethod codeBase="TestAssembly.dll" className="TestNamespace.TestClass7" name="Test663" />
    </UnitTest>
    <UnitTest name="Test664" id="057e5ca4-7446-49ab-afbd-874bd8d61ff8" storage="TestAssembly.dll">
      <Execution id="6466a962-2fa9-40e8-b5fb-b738c56bf22a" />
      <TestMethod codeBase="TestAssembly.dll" className="TestNamespace.TestClass7" name="Test664" />
    </UnitTest>
    <UnitTest name="Test665" id="633aab40-175d-4f9f-9c0b-07bf75d9d30c" storage="TestAssembly.dll">
      <Execution id="2113dd11-3207-4050-923f-3d808e46d999" />
      <TestMethod codeBase="TestAssembly.dll" className="TestNamespace.TestClass7" name="Test665" />
    </UnitTest>
    <UnitTest name="Test666" id="a1b8a54e-3830-4fbf-9fe9-971c1068ef16" storage="TestAssembly.dll">
      <Execution id="fc3d9257-878d-4498-8f98-50f6a66f9fb1" />
      <TestMethod codeBase="TestAssembly.dll" className="TestNamespace.TestClass7" name="Test666" />
    </UnitTest>
    <UnitTest name="Test667" id="6779e34d-1f7f-4dcd-abd8-3621b2babbe7" storage="TestAssembly.dll">
      <Execution id="31bb9636-7029-4788-80ac-d68e3325242f" />
      <TestMethod codeBase="TestAssembly.dll" className="TestNamespace.TestClass7" name="Test667" />
    </UnitTest>
    <UnitTest name="Test668" id="44bc31ff-fe4d-41e3-babc-8a6919991129" storage="TestAssembly.dll">
      <Execution id="7f6c23eb-e8e6-42ae-ad12-8f8f8eed7dfb" />
      <TestMethod codeBase="TestAssembly.dll" className="TestNamespace.TestClass7" name="Test668" />
    </UnitTest>
    <UnitTest name="Test669" id="46833363-dedc-47aa-9490-fafe18583c67" storage="TestAssembly.dll">
      <Execution id="461d94e9-8c18-4c39-af45-17699bd7035d" />
      <TestMethod codeBase="TestAssembly.dll" className="TestNamespace.TestClass7" name="Test669" />
    </UnitTest>
    <UnitTest name="Test670" id="c752d201-bbbc-492d-9191-40be766b8882" storage="TestAssembly.dll">
      <Execution id="b8d7aedf-953b-4eb9-b95d-df72531a41ad" />
      <TestMethod codeBase="TestAssembly.dll" className="TestNamespace.TestClass7" name="Test670" />
    </UnitTest>
    <UnitTest name="Test671" id="c941c05a-2788-4e62-a138-7763ae4c881b" storage="TestAssembly.dll">
      <Execution id="11000251-f82f-4423-9a5b-2772427d2458" />
      <TestMethod codeBase="TestAssembly.dll" className="TestNamespace.TestClass8" name="Test671" />
    </UnitTest>
    <UnitTest name="Test672" id="b36e9151-5f80-4bc0-ae3c-987405edd6f9" storage="TestAssembly.dll">
      <Execution id="3f592e69-bfcf-4c38-b411-17be42f4a1a1" />
      <TestMethod codeBase="TestAssembly.dll" className="TestNamespace.TestClass8" name="Test672" />
    </UnitTest>
    <UnitTest name="Test673" id="b3e57d13-fc8f-4a6c-80eb-21f563172a0d" storage="TestAssembly.dll">
      <Execution id="c56adb4e-48ee-466a-b279-257c9ec1508d" />
      <TestMethod codeBase="TestAssembly.dll" className="TestNamespace.TestClass8" name="Test673" />
    </UnitTest>
    <UnitTest name="Test674" id="cc9adc4f-ef97-43ef-95b8-75b21f206245" storage="TestAssembly.dll">
      <Execution id="9586152c-68f3-4bbb-b98a-9ae08f72cc17" />
      <TestMethod codeBase="TestAssembly.dll" className="TestNamespace.TestClass8" name="Test674" />
    </UnitTest>
    <UnitTest name="Test675" id="39347e04-6737-4c5e-94c5-d0ad0860a71a" storage="TestAssembly.dll">
      <Execution id="faabf238-e283-4503-9f94-c658c677db92" />
      <TestMethod codeBase="TestAssembly.dll" className="TestNamespace.TestClass8" name="Test675" />
    </UnitTest>
    <UnitTest name="Test676" id="0afb5e59-c88f-4cd5-a66b-abff155204cb" storage="TestAssembly.dll">
      <Execution id="7a97d88c-c1fe-402e-a7e7-6c225e339855" />
      <TestMethod codeBase="TestAssembly.dll" className="TestNamespace.TestClass8" name="Test676" />
    </UnitTest>
    <UnitTest name="Test677" id="9c756086-3cd3-4bc0-97c5-0839a5c5b737" storage="TestAssembly.dll">
      <Execution id="7c533eb9-a984-4cf0-827b-4266192e7ca4" />
      <TestMethod codeBase="TestAssembly.dll" className="TestNamespace.TestClass8" name="Test677" />
    </UnitTest>
    <UnitTest name="Test678" id="db371621-c22c-4c76-8808-491e977d4bd4" storage="TestAssembly.dll">
      <Execution id="7d505cd8-b1e6-4341-a80f-f39a9d0d9793" />
      <TestMethod codeBase="TestAssembly.dll" className="TestNamespace.TestClass8" name="Test678" />
    </UnitTest>
    <UnitTest name="Test679" id="466fa61b-3412-45fc-a420-49db1ecd0c9d" storage="TestAssembly.dll">
      <Execution id="76d440df-78b5-4109-a883-8249b66f04f0" />
      <TestMethod codeBase="TestAssembly.dll" className="TestNamespace.TestClass8" name="Test679" />
    </UnitTest>
    <UnitTest name="Test680" id="f32baaf9-0965-4e93-81ab-7d5edbcdd790" storage="TestAssembly.dll">
      <Execution id="2a18c6b0-054b-41de-ba8c-266361ba9df6" />
      <TestMethod codeBase="TestAssembly.dll" className="TestNamespace.TestClass8" name="Test680" />
    </UnitTest>
    <UnitTest name="Test681" id="0476391d-33ec-4183-b83d-bde20a61c5b6" storage="TestAssembly.dll">
      <Execution id="8380d2db-db63-4eba-b594-dda92e70639a" />
      <TestMethod codeBase="TestAssembly.dll" className="TestNamespace.TestClass9" name="Test681" />
    </UnitTest>
    <UnitTest name="Test682" id="de930f34-f915-4f2c-b6ef-450c05cb8ed8" storage="TestAssembly.dll">
      <Execution id="b9d6d613-e30b-49f9-bdb2-31bd9ff5faec" />
      <TestMethod codeBase="TestAssembly.dll" className="TestNamespace.TestClass9" name="Test682" />
    </UnitTest>
    <UnitTest name="Test683" id="0b01083f-c8ca-458c-959c-d63cbb9ce7b2" storage="TestAssembly.dll">
      <Execution id="945a197f-261b-4d9e-9731-e3ba78612ab8" />
      <TestMethod codeBase="TestAssembly.dll" className="TestNamespace.TestClass9" name="Test683" />
    </UnitTest>
    <UnitTest name="Test684" id="7d0c7876-50cf-484f-b715-1205b7bc787c" storage="TestAssembly.dll">
      <Execution id="f7253ea6-9ce7-4b24-9eb5-d0a556f7bb77" />
      <TestMethod codeBase="TestAssembly.dll" className="TestNamespace.TestClass9" name="Test684" />
    </UnitTest>
    <UnitTest name="Test685" id="a496b6c8-947b-4959-b8e4-2c907634e257" storage="TestAssembly.dll">
      <Execution id="0a4f8bcd-e858-4231-b5ec-ac52c6e8ef0b" />
      <TestMethod codeBase="TestAssembly.dll" className="TestNamespace.TestClass9" name="Test685" />
    </UnitTest>
    <UnitTest name="Test686" id="fd6170c6-4972-417b-9bcf-55f93bbc1228" storage="TestAssembly.dll">
      <Execution id="a8b1b911-e06c-4694-8c37-40577b7e2ed5" />
      <TestMethod codeBase="TestAssembly.dll" className="TestNamespace.TestClass9" name="Test686" />
    </UnitTest>
    <UnitTest name="Test687" id="a1498ca9-0c69-4c6f-b7d8-602eec2190ad" storage="TestAssembly.dll">
      <Execution id="6c0215e9-3a13-45d1-89c9-a5d86f96719a" />
      <TestMethod codeBase="TestAssembly.dll" className="TestNamespace.TestClass9" name="Test687" />
    </UnitTest>
    <UnitTest name="Test688" id="c0151bfa-d976-4c95-a2b5-939454ddcdea" storage="TestAssembly.dll">
      <Execution id="ddd5c557-4ab2-4e6d-b453-0cd6f3201cc6" />
      <TestMethod codeBase="TestAssembly.dll" className="TestNamespace.TestClass9" name="Test688" />
    </UnitTest>
    <UnitTest name="Test689" id="6f1a6bf8-b14e-4c92-bc1f-fdc917b678f4" storage="TestAssembly.dll">
      <Execution id="3ca61758-ee35-4421-9b85-68caceadf04e" />
      <TestMethod codeBase="TestAssembly.dll" className="TestNamespace.TestClass9" name="Test689" />
    </UnitTest>
    <UnitTest name="Test690" id="606b238c-b4a7-4291-8ed4-a46bda805d6c" storage="TestAssembly.dll">
      <Execution id="877060ee-c06c-42e6-99f3-f164a5c31cc5" />
      <TestMethod codeBase="TestAssembly.dll" className="TestNamespace.TestClass9" name="Test690" />
    </UnitTest>
    <UnitTest name="Test691" id="cf9cc5a2-6e48-47d0-9645-c4acfc7845a1" storage="TestAssembly.dll">
      <Execution id="f44db30a-1fc3-4cc2-a889-2df63c153d19" />
      <TestMethod codeBase="TestAssembly.dll" className="TestNamespace.TestClass10" name="Test691" />
    </UnitTest>
    <UnitTest name="Test692" id="560b9648-1916-4237-b928-08f6ffcc1733" storage="TestAssembly.dll">
      <Execution id="a66d62d7-c194-4576-88a5-758236b9cd43" />
      <TestMethod codeBase="TestAssembly.dll" className="TestNamespace.TestClass10" name="Test692" />
    </UnitTest>
    <UnitTest name="Test693" id="65e86351-5955-4fa3-9530-901e1ea5b9db" storage="TestAssembly.dll">
      <Execution id="ed861399-a98d-4cff-8eb7-cac2e299f6ac" />
      <TestMethod codeBase="TestAssembly.dll" className="TestNamespace.TestClass10" name="Test693" />
    </UnitTest>
    <UnitTest name="Test694" id="1fd9363f-5411-4806-8ff1-2fd36f74ffc8" storage="TestAssembly.dll">
      <Execution id="618afb78-ad5a-46a3-8c1f-d27a56c7502f" />
      <TestMethod codeBase="TestAssembly.dll" className="TestNamespace.TestClass10" name="Test694" />
    </UnitTest>
    <UnitTest name="Test695" id="5e27bea5-ad35-4418-95b7-ac9f37dc5c08" storage="TestAssembly.dll">
      <Execution id="15bad8e8-f5df-4064-a578-76fd0a531838" />
      <TestMethod codeBase="TestAssembly.dll" className="TestNamespace.TestClass10" name="Test695" />
    </UnitTest>
    <UnitTest name="Test696" id="32a76c94-6a4b-4cbd-b151-42b026c1e048" storage="TestAssembly.dll">
      <Execution id="20f101ea-7334-4c69-ba49-db789b840169" />
      <TestMethod codeBase="TestAssembly.dll" className="TestNamespace.TestClass10" name="Test696" />
    </UnitTest>
    <UnitTest name="Test697" id="7c2602a8-43b8-4773-b244-a22a17592532" storage="TestAssembly.dll">
      <Execution id="61f4aed0-56f9-43fe-aa15-27262124ad60" />
      <TestMethod codeBase="TestAssembly.dll" className="TestNamespace.TestClass10" name="Test697" />
    </UnitTest>
    <UnitTest name="Test698" id="3ec5c794-fdbf-4c14-9f7c-84f30e3ef026" storage="TestAssembly.dll">
      <Execution id="4897826f-ae3f-4467-a1b5-58b8660bc827" />
      <TestMethod codeBase="TestAssembly.dll" className="TestNamespace.TestClass10" name="Test698" />
    </UnitTest>
    <UnitTest name="Test699" id="8fa2056b-f762-4d23-8141-2c3a7c32b89d" storage="TestAssembly.dll">
      <Execution id="cb6b7c2a-271a-4247-9819-474d17285622" />
      <TestMethod codeBase="TestAssembly.dll" className="TestNamespace.TestClass10" name="Test699" />
    </UnitTest>
    <UnitTest name="Test700" id="d0b79fb9-6a14-4737-8c43-282f6f618076" storage="TestAssembly.dll">
      <Execution id="a146076f-0d77-49e7-b78c-0e5f9263cd8d" />
      <TestMethod codeBase="TestAssembly.dll" className="TestNamespace.TestClass10" name="Test700" />
    </UnitTest>
  </TestDefinitions>
  <TestEntries>
    <TestEntry testId="6c3b7ee5-0bb9-4400-97e8-5d34f6abd1bd" executionId="5926fbe5-ca7e-4418-813c-2e47ce670d02" testListId="3b8bfd50-2ad0-43bc-af08-dc6a012fa968" />
    <TestEntry testId="acd2a8c8-993d-4349-b5b9-0616b8fb9591" executionId="4ac89a22-069a-48a9-b930-d8a1458aed3b" testListId="3b8bfd50-2ad0-43bc-af08-dc6a012fa968" />
    <TestEntry testId="e348604c-2e8b-456a-b84a-1186bc3607d2" executionId="956b48ea-f789-434d-a123-5008bc5e39ea" testListId="3b8bfd50-2ad0-43bc-af08-dc6a012fa968" />
    <TestEntry testId="d1a4729a-b8dd-4efa-81cf-57cc237bf7fa" executionId="ca7f4a00-7228-4f94-90ca-5a116e105a13" testListId="3b8bfd50-2ad0-43bc-af08-dc6a012fa968" />
    <TestEntry testId="157db24a-2258-49ae-afce-c5a53b1ecd67" executionId="a9c59b33-365d-4191-87ff-bda7db4b0503" testListId="3b8bfd50-2ad0-43bc-af08-dc6a012fa968" />
    <TestEntry testId="76c76f0e-89e4-40bb-832e-df86be46114b" executionId="669af8be-442f-40f7-b3df-d3caef808c51" testListId="3b8bfd50-2ad0-43bc-af08-dc6a012fa968" />
    <TestEntry testId="ac0c1899-d5a5-4aa8-ba56-43965467e158" executionId="44717eee-df47-446e-8fa1-de3770cc7fb3" testListId="3b8bfd50-2ad0-43bc-af08-dc6a012fa968" />
    <TestEntry testId="859eb1c6-4ddc-4695-91b2-05e7b9d0237e" executionId="12a50619-751d-467a-b680-4a437fa9628c" testListId="3b8bfd50-2ad0-43bc-af08-dc6a012fa968" />
    <TestEntry testId="4ab239e0-c019-4433-a601-2e22686608e5" executionId="7e7fe53d-4648-4c46-b716-f7b5cf782984" testListId="3b8bfd50-2ad0-43bc-af08-dc6a012fa968" />
    <TestEntry testId="20bdb324-1e96-4221-94a2-b9a29ee7061f" executionId="60e37fcf-bacd-4711-912b-406f01abd8c3" testListId="3b8bfd50-2ad0-43bc-af08-dc6a012fa968" />
    <TestEntry testId="b7c9a1cb-941d-41c3-942d-f38ef5042282" executionId="6191980a-416e-43b0-960f-2a77ff969361" testListId="3b8bfd50-2ad0-43bc-af08-dc6a012fa968" />
    <TestEntry testId="c8561b91-f209-4448-ad6b-f4aaea2c6e8e" executionId="3ed07e48-1e4a-463f-b585-20315d103826" testListId="3b8bfd50-2ad0-43bc-af08-dc6a012fa968" />
    <TestEntry testId="060b1ca3-c02a-4b06-94e8-828b8d9c4409" executionId="004e524b-f98f-41c0-831f-36921d649b99" testListId="3b8bfd50-2ad0-43bc-af08-dc6a012fa968" />
    <TestEntry testId="e5a5d709-0d53-4cd1-8014-9e87726f0f56" executionId="b9e4bf69-1321-4f26-bb15-bf4a0e9a130b" testListId="3b8bfd50-2ad0-43bc-af08-dc6a012fa968" />
    <TestEntry testId="0da7d6d5-15ac-483d-84dc-1d782223ccdd" executionId="1b30ea57-2aff-4fc6-a07a-79264b592b9f" testListId="3b8bfd50-2ad0-43bc-af08-dc6a012fa968" />
    <TestEntry testId="3e98a633-6449-44a3-b2ae-0e0cfaa9b68d" executionId="bb358511-2595-4ef2-9a05-a21baa7e5a42" testListId="3b8bfd50-2ad0-43bc-af08-dc6a012fa968" />
    <TestEntry testId="e559c950-3ea0-43b4-bc2f-f611c377b893" executionId="dcfcb915-ac96-4a5f-bfef-a73434559055" testListId="3b8bfd50-2ad0-43bc-af08-dc6a012fa968" />
    <TestEntry testId="d514b80e-8fe2-4db5-b5fd-5ed211cd2454" executionId="74619796-8fff-46c2-afe6-27e92668a4f7" testListId="3b8bfd50-2ad0-43bc-af08-dc6a012fa968" />
    <TestEntry testId="f0a5b4c0-06b9-4fb4-98e6-599ee540f64b" executionId="26c6b775-1d58-4f16-a619-0bf52b6820fa" testListId="3b8bfd50-2ad0-43bc-af08-dc6a012fa968" />
    <TestEntry testId="d777e54c-2eea-4abb-9391-6f35dfda23fc" executionId="c7940c2d-291e-464f-b56b-25c4d6d7f109" testListId="3b8bfd50-2ad0-43bc-af08-dc6a012fa968" />
    <TestEntry testId="a453ab6a-df25-4cb1-a7bd-4f28e0dcdb03" executionId="d5955ff5-a492-4012-8f92-bdbf2abf85b2" testListId="3b8bfd50-2ad0-43bc-af08-dc6a012fa968" />
    <TestEntry testId="f7b13778-cb55-44cf-aee9-1e156cc6ec8d" executionId="6819afc4-fc23-4c52-9784-5d9273caba48" testListId="3b8bfd50-2ad0-43bc-af08-dc6a012fa968" />
    <TestEntry testId="dd0b00ed-f214-4efe-82aa-30444f429060" executionId="308d79c8-d4ce-4685-b355-897b0abe77f2" testListId="3b8bfd50-2ad0-43bc-af08-dc6a012fa968" />
    <TestEntry testId="9230d0f0-b625-4807-8127-dba5d32da7fb" executionId="a7837cd0-57c0-483f-ae92-701bcdea2117" testListId="3b8bfd50-2ad0-43bc-af08-dc6a012fa968" />
    <TestEntry testId="d3f79655-e02f-40dc-8d21-0afb1162f885" executionId="f8fe9a83-d981-4507-ad3b-82825f2f67e7" testListId="3b8bfd50-2ad0-43bc-af08-dc6a012fa968" />
    <TestEntry testId="62cb4406-4304-48d6-862e-c37c98d7d3fc" executionId="b9e70b2b-a11f-4e68-85a9-24622ecde76e" testListId="3b8bfd50-2ad0-43bc-af08-dc6a012fa968" />
    <TestEntry testId="87538650-5095-4f13-b937-735616b52a4b" executionId="4bd294b0-e20d-461a-aa83-297e27badd0e" testListId="3b8bfd50-2ad0-43bc-af08-dc6a012fa968" />
    <TestEntry testId="bd8b50b1-4ec0-4bcb-bf95-374ec56a1613" executionId="bff9e3fe-12e5-47f1-baf8-9c2edcac99cc" testListId="3b8bfd50-2ad0-43bc-af08-dc6a012fa968" />
    <TestEntry testId="549bab29-57e4-4099-817a-9df53917b9af" executionId="78f2652c-4a0c-478d-af83-b5ca9a6edf2e" testListId="3b8bfd50-2ad0-43bc-af08-dc6a012fa968" />
    <TestEntry testId="ed91d991-5047-4a4d-8e14-198206e37c67" executionId="aa363eba-e8e9-4d87-ba49-5e0f800ebd1f" testListId="3b8bfd50-2ad0-43bc-af08-dc6a012fa968" />
    <TestEntry testId="b50d290e-c767-49f7-89f7-b9e92729410d" executionId="d219eaab-bd0f-44ab-a809-71bcd175ce00" testListId="3b8bfd50-2ad0-43bc-af08-dc6a012fa968" />
    <TestEntry testId="17b92645-f1bf-46b5-961d-959dd7e5df41" executionId="145b80a7-6f8e-457c-8cfc-38258acd3b3c" testListId="3b8bfd50-2ad0-43bc-af08-dc6a012fa968" />
    <TestEntry testId="5c36b2cd-91f5-45fe-b966-40d31538ffb1" executionId="e2941df1-4b0a-49da-8187-4c60f9bef50c" testListId="3b8bfd50-2ad0-43bc-af08-dc6a012fa968" />
    <TestEntry testId="4044eaa1-6d19-49fb-97d7-d0a50fb64b85" executionId="5b09d6a1-61b9-4622-9a08-5119d002d9cc" testListId="3b8bfd50-2ad0-43bc-af08-dc6a012fa968" />
    <TestEntry testId="2c7519a5-1585-479d-bb1a-1b04fb4cf633" executionId="db45185f-ee2d-4e4a-a4a1-714caaace499" testListId="3b8bfd50-2ad0-43bc-af08-dc6a012fa968" />
    <TestEntry testId="4a993ca7-d74c-4f31-99f8-802954cba772" executionId="08f4597b-6e69-4a23-8cdc-e886c5994c91" testListId="3b8bfd50-2ad0-43bc-af08-dc6a012fa968" />
    <TestEntry testId="4dec3723-dcf3-44e5-a25a-52f3613a4514" executionId="d8220523-5e4e-40ea-a9dd-ebf961a26429" testListId="3b8bfd50-2ad0-43bc-af08-dc6a012fa968" />
    <TestEntry testId="2812e2ec-2681-4eec-bc0b-624b53b2b997" executionId="635d21ac-b097-4b42-86bc-f747ee2f43b1" testListId="3b8bfd50-2ad0-43bc-af08-dc6a012fa968" />
    <TestEntry testId="8c68baaa-1563-4153-a7fa-a271fdef341d" executionId="b663ba0d-cc0d-465d-b882-4ab5ec856053" testListId="3b8bfd50-2ad0-43bc-af08-dc6a012fa968" />
    <TestEntry testId="31e9bc6c-605e-476d-a13a-6ca3462143d1" executionId="822767a5-8e9d-4885-abe3-d8168c5a4b8c" testListId="3b8bfd50-2ad0-43bc-af08-dc6a012fa968" />
    <TestEntry testId="129712c2-bb6e-40b6-ac9f-5147dc3dee5e" executionId="33d56acd-c727-4f12-9594-fb01364ab980" testListId="3b8bfd50-2ad0-43bc-af08-dc6a012fa968" />
    <TestEntry testId="a7e887d1-01f1-4aa3-a497-6f44dc342f4d" executionId="aad32eb8-99d2-4dba-a8cb-784d62d00ab4" testListId="3b8bfd50-2ad0-43bc-af08-dc6a012fa968" />
    <TestEntry testId="52e67480-250a-422c-b957-5277ab351b94" executionId="438d009b-3cf6-4e8e-936f-5dc053be6810" testListId="3b8bfd50-2ad0-43bc-af08-dc6a012fa968" />
    <TestEntry testId="ba76d1f3-1d23-48bb-95fd-978c67a59ab3" executionId="ff72f5b9-b509-4c49-8d04-420e8c4745d4" testListId="3b8bfd50-2ad0-43bc-af08-dc6a012fa968" />
    <TestEntry testId="aee87100-0b34-44c6-8721-aa59a5434f6c" executionId="d69862bc-a457-4992-a08a-5ebda63f2ffe" testListId="3b8bfd50-2ad0-43bc-af08-dc6a012fa968" />
    <TestEntry testId="ec91ef2a-520b-4714-843b-846ebce86f5d" executionId="4009b652-63fb-4795-a9b6-56626952d216" testListId="3b8bfd50-2ad0-43bc-af08-dc6a012fa968" />
    <TestEntry testId="cbf3dacd-d628-4ead-b9a8-148646d3ec8d" executionId="203c0951-c3c1-47f8-9a36-e5d25cd1d9f3" testListId="3b8bfd50-2ad0-43bc-af08-dc6a012fa968" />
    <TestEntry testId="0ab5f684-ab4d-4780-a6f7-b9ebe4fea0ce" executionId="85cae3f0-745d-4f5d-bd1e-341c6eccb2b0" testListId="3b8bfd50-2ad0-43bc-af08-dc6a012fa968" />
    <TestEntry testId="9275df12-eae5-4801-9949-a380c66f56d1" executionId="80514ac7-3244-4660-9ef0-5347df527081" testListId="3b8bfd50-2ad0-43bc-af08-dc6a012fa968" />
    <TestEntry testId="8cafeb3e-5c11-46ef-930f-e7bdb475af47" executionId="6ba472dc-857d-4690-87c6-06a6b8535430" testListId="3b8bfd50-2ad0-43bc-af08-dc6a012fa968" />
    <TestEntry testId="03a3b5aa-8e6a-4958-bb32-928814d0b330" executionId="f6b4cf42-7247-4e66-96bb-0dc022203d7e" testListId="3b8bfd50-2ad0-43bc-af08-dc6a012fa968" />
    <TestEntry testId="d1d7304b-8efc-45bd-8ee3-86f00ad2a23f" executionId="c25c6aca-1104-47f8-b9fe-215dd6b0869a" testListId="3b8bfd50-2ad0-43bc-af08-dc6a012fa968" />
    <TestEntry testId="338cc42f-9365-4f8e-baf5-7643c883b5a0" executionId="50477880-d9dc-49b3-87e7-01cfdd3be298" testListId="3b8bfd50-2ad0-43bc-af08-dc6a012fa968" />
    <TestEntry testId="911e62da-332e-42a3-8d9a-c9782f8d8e4d" executionId="478a4c14-f707-49ae-8fcf-fdfeac343522" testListId="3b8bfd50-2ad0-43bc-af08-dc6a012fa968" />
    <TestEntry testId="da8724df-8151-4054-913d-c9e4fdcf5869" executionId="1704010f-641b-4264-b7a0-da0583488684" testListId="3b8bfd50-2ad0-43bc-af08-dc6a012fa968" />
    <TestEntry testId="89362704-f6ad-43cf-9285-61152f95028b" executionId="c925361a-fc22-4ccd-9c0d-54cfad453f20" testListId="3b8bfd50-2ad0-43bc-af08-dc6a012fa968" />
    <TestEntry testId="9d2ce495-bf21-415f-93fd-489e89637f81" executionId="ba808b31-7703-4f2b-983a-bd6faab9e3b8" testListId="3b8bfd50-2ad0-43bc-af08-dc6a012fa968" />
    <TestEntry testId="1b75d822-4427-4eac-bb10-8802e5ad8d1f" executionId="d2e52684-5312-46d7-8a1c-ccbc057053de" testListId="3b8bfd50-2ad0-43bc-af08-dc6a012fa968" />
    <TestEntry testId="de467a1a-11ce-420e-ae5c-51eaca3f363b" executionId="9b413caa-5d80-4da1-85ca-8b22de275302" testListId="3b8bfd50-2ad0-43bc-af08-dc6a012fa968" />
    <TestEntry testId="f1c36c07-64ed-476d-9221-ac2eac78ebe6" executionId="75a0b311-7538-4162-bc10-701e163e2ce8" testListId="3b8bfd50-2ad0-43bc-af08-dc6a012fa968" />
    <TestEntry testId="763cbc7a-7304-46fc-9aee-4561c0357f81" executionId="89735c05-ea77-4778-adaf-a6617c13f374" testListId="3b8bfd50-2ad0-43bc-af08-dc6a012fa968" />
    <TestEntry testId="28305d5b-616f-4b11-a83f-273207f29887" executionId="0c4ff65c-54f0-4f63-b9e8-3cb6285c19e4" testListId="3b8bfd50-2ad0-43bc-af08-dc6a012fa968" />
    <TestEntry testId="448ed0cd-a1fa-428c-8eda-eeee7ab1acb0" executionId="0a4692a0-3b9f-4bbe-8c29-9db5c35ae75e" testListId="3b8bfd50-2ad0-43bc-af08-dc6a012fa968" />
    <TestEntry testId="057e5ca4-7446-49ab-afbd-874bd8d61ff8" executionId="6466a962-2fa9-40e8-b5fb-b738c56bf22a" testListId="3b8bfd50-2ad0-43bc-af08-dc6a012fa968" />
    <TestEntry testId="633aab40-175d-4f9f-9c0b-07bf75d9d30c" executionId="2113dd11-3207-4050-923f-3d808e46d999" testListId="3b8bfd50-2ad0-43bc-af08-dc6a012fa968" />
    <TestEntry testId="a1b8a54e-3830-4fbf-9fe9-971c1068ef16" executionId="fc3d9257-878d-4498-8f98-50f6a66f9fb1" testListId="3b8bfd50-2ad0-43bc-af08-dc6a012fa968" />
    <TestEntry testId="6779e34d-1f7f-4dcd-abd8-3621b2babbe7" executionId="31bb9636-7029-4788-80ac-d68e3325242f" testListId="3b8bfd50-2ad0-43bc-af08-dc6a012fa968" />
    <TestEntry testId="44bc31ff-fe4d-41e3-babc-8a6919991129" executionId="7f6c23eb-e8e6-42ae-ad12-8f8f8eed7dfb" testListId="3b8bfd50-2ad0-43bc-af08-dc6a012fa968" />
    <TestEntry testId="46833363-dedc-47aa-9490-fafe18583c67" executionId="461d94e9-8c18-4c39-af45-17699bd7035d" testListId="3b8bfd50-2ad0-43bc-af08-dc6a012fa968" />
    <TestEntry testId="c752d201-bbbc-492d-9191-40be766b8882" executionId="b8d7aedf-953b-4eb9-b95d-df72531a41ad" testListId="3b8bfd50-2ad0-43bc-af08-dc6a012fa968" />
    <TestEntry testId="c941c05a-2788-4e62-a138-7763ae4c881b" executionId="11000251-f82f-4423-9a5b-2772427d2458" testListId="3b8bfd50-2ad0-43bc-af08-dc6a012fa968" />
    <TestEntry testId="b36e9151-5f80-4bc0-ae3c-987405edd6f9" executionId="3f592e69-bfcf-4c38-b411-17be42f4a1a1" testListId="3b8bfd50-2ad0-43bc-af08-dc6a012fa968" />
    <TestEntry testId="b3e57d13-fc8f-4a6c-80eb-21f563172a0d" executionId="c56adb4e-48ee-466a-b279-257c9ec1508d" testListId="3b8bfd50-2ad0-43bc-af08-dc6a012fa968" />
    <TestEntry testId="cc9adc4f-ef97-43ef-95b8-75b21f206245" executionId="9586152c-68f3-4bbb-b98a-9ae08f72cc17" testListId="3b8bfd50-2ad0-43bc-af08-dc6a012fa968" />
    <TestEntry testId="39347e04-6737-4c5e-94c5-d0ad0860a71a" executionId="faabf238-e283-4503-9f94-c658c677db92" testListId="3b8bfd50-2ad0-43bc-af08-dc6a012fa968" />
    <TestEntry testId="0afb5e59-c88f-4cd5-a66b-abff155204cb" executionId="7a97d88c-c1fe-402e-a7e7-6c225e339855" testListId="3b8bfd50-2ad0-43bc-af08-dc6a012fa968" />
    <TestEntry testId="9c756086-3cd3-4bc0-97c5-0839a5c5b737" executionId="7c533eb9-a984-4cf0-827b-4266192e7ca4" testListId="3b8bfd50-2ad0-43bc-af08-dc6a012fa968" />
    <TestEntry testId="db371621-c22c-4c76-8808-491e977d4bd4" executionId="7d505cd8-b1e6-4341-a80f-f39a9d0d9793" testListId="3b8bfd50-2ad0-43bc-af08-dc6a012fa968" />
    <TestEntry testId="466fa61b-3412-45fc-a420-49db1ecd0c9d" executionId="76d440df-78b5-4109-a883-8249b66f04f0" testListId="3b8bfd50-2ad0-43bc-af08-dc6a012fa968" />
    <TestEntry testId="f32baaf9-0965-4e93-81ab-7d5edbcdd790" executionId="2a18c6b0-054b-41de-ba8c-266361ba9df6" testListId="3b8bfd50-2ad0-43bc-af08-dc6a012fa968" />
    <TestEntry testId="0476391d-33ec-4183-b83d-bde20a61c5b6" executionId="8380d2db-db63-4eba-b594-dda92e70639a" testListId="3b8bfd50-2ad0-43bc-af08-dc6a012fa968" />
    <TestEntry testId="de930f34-f915-4f2c-b6ef-450c05cb8ed8" executionId="b9d6d613-e30b-49f9-bdb2-31bd9ff5faec" testListId="3b8bfd50-2ad0-43bc-af08-dc6a012fa968" />
    <TestEntry testId="0b01083f-c8ca-458c-959c-d63cbb9ce7b2" executionId="945a197f-261b-4d9e-9731-e3ba78612ab8" testListId="3b8bfd50-2ad0-43bc-af08-dc6a012fa968" />
    <TestEntry testId="7d0c7876-50cf-484f-b715-1205b7bc787c" executionId="f7253ea6-9ce7-4b24-9eb5-d0a556f7bb77" testListId="3b8bfd50-2ad0-43bc-af08-dc6a012fa968" />
    <TestEntry testId="a496b6c8-947b-4959-b8e4-2c907634e257" executionId="0a4f8bcd-e858-4231-b5ec-ac52c6e8ef0b" testListId="3b8bfd50-2ad0-43bc-af08-dc6a012fa968" />
    <TestEntry testId="fd6170c6-4972-417b-9bcf-55f93bbc1228" executionId="a8b1b911-e06c-4694-8c37-40577b7e2ed5" testListId="3b8bfd50-2ad0-43bc-af08-dc6a012fa968" />
    <TestEntry testId="a1498ca9-0c69-4c6f-b7d8-602eec2190ad" executionId="6c0215e9-3a13-45d1-89c9-a5d86f96719a" testListId="3b8bfd50-2ad0-43bc-af08-dc6a012fa968" />
    <TestEntry testId="c0151bfa-d976-4c95-a2b5-939454ddcdea" executionId="ddd5c557-4ab2-4e6d-b453-0cd6f3201cc6" testListId="3b8bfd50-2ad0-43bc-af08-dc6a012fa968" />
    <TestEntry testId="6f1a6bf8-b14e-4c92-bc1f-fdc917b678f4" executionId="3ca61758-ee35-4421-9b85-68caceadf04e" testListId="3b8bfd50-2ad0-43bc-af08-dc6a012fa968" />
    <TestEntry testId="606b238c-b4a7-4291-8ed4-a46bda805d6c" executionId="877060ee-c06c-42e6-99f3-f164a5c31cc5" testListId="3b8bfd50-2ad0-43bc-af08-dc6a012fa968" />
    <TestEntry testId="cf9cc5a2-6e48-47d0-9645-c4acfc7845a1" executionId="f44db30a-1fc3-4cc2-a889-2df63c153d19" testListId="3b8bfd50-2ad0-43bc-af08-dc6a012fa968" />
    <TestEntry testId="560b9648-1916-4237-b928-08f6ffcc1733" executionId="a66d62d7-c194-4576-88a5-758236b9cd43" testListId="3b8bfd50-2ad0-43bc-af08-dc6a012fa968" />
    <TestEntry testId="65e86351-5955-4fa3-9530-901e1ea5b9db" executionId="ed861399-a98d-4cff-8eb7-cac2e299f6ac" testListId="3b8bfd50-2ad0-43bc-af08-dc6a012fa968" />
    <TestEntry testId="1fd9363f-5411-4806-8ff1-2fd36f74ffc8" executionId="618afb78-ad5a-46a3-8c1f-d27a56c7502f" testListId="3b8bfd50-2ad0-43bc-af08-dc6a012fa968" />
    <TestEntry testId="5e27bea5-ad35-4418-95b7-ac9f37dc5c08" executionId="15bad8e8-f5df-4064-a578-76fd0a531838" testListId="3b8bfd50-2ad0-43bc-af08-dc6a012fa968" />
    <TestEntry testId="32a76c94-6a4b-4cbd-b151-42b026c1e048" executionId="20f101ea-7334-4c69-ba49-db789b840169" testListId="3b8bfd50-2ad0-43bc-af08-dc6a012fa968" />
    <TestEntry testId="7c2602a8-43b8-4773-b244-a22a17592532" executionId="61f4aed0-56f9-43fe-aa15-27262124ad60" testListId="3b8bfd50-2ad0-43bc-af08-dc6a012fa968" />
    <TestEntry testId="3ec5c794-fdbf-4c14-9f7c-84f30e3ef026" executionId="4897826f-ae3f-4467-a1b5-58b8660bc827" testListId="3b8bfd50-2ad0-43bc-af08-dc6a012fa968" />
    <TestEntry testId="8fa2056b-f762-4d23-8141-2c3a7c32b89d" executionId="cb6b7c2a-271a-4247-9819-474d17285622" testListId="3b8bfd50-2ad0-43bc-af08-dc6a012fa968" />
    <TestEntry testId="d0b79fb9-6a14-4737-8c43-282f6f618076" executionId="a146076f-0d77-49e7-b78c-0e5f9263cd8d" testListId="3b8bfd50-2ad0-43bc-af08-dc6a012fa968" />
  </TestEntries>
  <TestLists>
    <TestList name="Results Not in a List" id="3b8bfd50-2ad0-43bc-af08-dc6a012fa968" />
    <TestList name="All Loaded Results" id="1e28eb14-40b4-4d2e-8e9d-75ecccdd0780" />
  </TestLists>
</TestRun>