<?xml version="1.0" encoding="UTF-8"?>
<TestRun id="06c2f0d7-3d24-4fc5-81e5-88b26b86cab6" name="Test Run 21" runUser="Oles Galatsan" xmlns="http://microsoft.com/schemas/VisualStudio/TeamTest/2010">
  <Times creation="2025-05-14T13:20:31.3125482Z" queuing="2025-05-14T13:20:31.3125482Z" start="2025-05-14T13:20:31.3146610Z" finish="2025-05-14T13:25:31.3147553Z" />
  <TestSettings name="Test Settings 21" id="93ad92ee-8a03-454a-814a-81b3c8c28f91" />
  <Results>
    <UnitTestResult executionId="8689b3ac-012d-4f12-9fa1-37905ee84cad" testId="080ebcf2-b11e-43eb-91ad-18d3132e1ccf" testName="Test2001" computerName="UA-LPT-OGA2" duration="00:00:00.3840000" startTime="2025-05-14T13:20:31.3146610Z" endTime="2025-05-14T13:25:31.3147553Z" testType="13cdc9d9-ddb5-4fa4-a97d-d965ccfc6d4b" outcome="Failed" testListId="a886ad11-ee27-47d0-9dc7-5005b46bf5ee">
      <Output>
        <ErrorInfo>
          <Message>Assertion failed: Expected value did not match actual value.</Message>
          <StackTrace>   at TestNamespace.TestClass.Test() in TestClass.cs:line 72</StackTrace>
        </ErrorInfo>
      </Output>
    </UnitTestResult>
    <UnitTestResult executionId="19ccd095-c9a5-4ab0-840b-6791ad93938f" testId="0319bbcc-c8a1-497d-81c7-0fb672a53289" testName="Test2002" computerName="UA-LPT-OGA2" duration="00:00:00.3080000" startTime="2025-05-14T13:20:31.3146610Z" endTime="2025-05-14T13:25:31.3147553Z" testType="13cdc9d9-ddb5-4fa4-a97d-d965ccfc6d4b" outcome="Passed" testListId="a886ad11-ee27-47d0-9dc7-5005b46bf5ee" />
    <UnitTestResult executionId="98a23ed2-8859-4c03-9da0-69ef583d116f" testId="ac61a7fa-ace0-4e80-8a75-710870ad3cd5" testName="Test2003" computerName="UA-LPT-OGA2" duration="00:00:01.9860000" startTime="2025-05-14T13:20:31.3146610Z" endTime="2025-05-14T13:25:31.3147553Z" testType="13cdc9d9-ddb5-4fa4-a97d-d965ccfc6d4b" outcome="Passed" testListId="a886ad11-ee27-47d0-9dc7-5005b46bf5ee" />
    <UnitTestResult executionId="508d5f3a-1bdc-40e8-a72a-796bff5c6a03" testId="00d38c65-74e1-49d2-ab1c-11caa8917cac" testName="Test2004" computerName="UA-LPT-OGA2" duration="00:00:01.1400000" startTime="2025-05-14T13:20:31.3146610Z" endTime="2025-05-14T13:25:31.3147553Z" testType="13cdc9d9-ddb5-4fa4-a97d-d965ccfc6d4b" outcome="Passed" testListId="a886ad11-ee27-47d0-9dc7-5005b46bf5ee" />
    <UnitTestResult executionId="bc4c978f-579b-414d-b7c4-34f1a015bc0e" testId="b0eb4fad-95f3-483a-80c2-d882c57e094d" testName="Test2005" computerName="UA-LPT-OGA2" duration="00:00:01.3560000" startTime="2025-05-14T13:20:31.3146610Z" endTime="2025-05-14T13:25:31.3147553Z" testType="13cdc9d9-ddb5-4fa4-a97d-d965ccfc6d4b" outcome="Passed" testListId="a886ad11-ee27-47d0-9dc7-5005b46bf5ee" />
    <UnitTestResult executionId="d4ef4a04-0954-4f1e-b722-7bb8a7f50b82" testId="1cb1ac14-f5f8-4547-ae06-754d13b73b14" testName="Test2006" computerName="UA-LPT-OGA2" duration="00:00:01.6810000" startTime="2025-05-14T13:20:31.3146610Z" endTime="2025-05-14T13:25:31.3147553Z" testType="13cdc9d9-ddb5-4fa4-a97d-d965ccfc6d4b" outcome="Passed" testListId="a886ad11-ee27-47d0-9dc7-5005b46bf5ee" />
    <UnitTestResult executionId="a23c155a-bb6a-4701-995b-0e736fa5ba45" testId="0e63cc7f-204e-4ad8-b33c-25a8b8f7093f" testName="Test2007" computerName="UA-LPT-OGA2" duration="00:00:00.2710000" startTime="2025-05-14T13:20:31.3146610Z" endTime="2025-05-14T13:25:31.3147553Z" testType="13cdc9d9-ddb5-4fa4-a97d-d965ccfc6d4b" outcome="Passed" testListId="a886ad11-ee27-47d0-9dc7-5005b46bf5ee" />
    <UnitTestResult executionId="da5174e9-2a46-489e-a2a3-4e568740668f" testId="f1d479a6-3fff-494b-ad49-fc57088fd5f7" testName="Test2008" computerName="UA-LPT-OGA2" duration="00:00:00.9830000" startTime="2025-05-14T13:20:31.3146610Z" endTime="2025-05-14T13:25:31.3147553Z" testType="13cdc9d9-ddb5-4fa4-a97d-d965ccfc6d4b" outcome="Passed" testListId="a886ad11-ee27-47d0-9dc7-5005b46bf5ee" />
    <UnitTestResult executionId="908b06cd-881d-41e5-85ec-583227abe3ea" testId="bb18aea2-9286-44b7-a433-ffedcb2fa11f" testName="Test2009" computerName="UA-LPT-OGA2" duration="00:00:01.8240000" startTime="2025-05-14T13:20:31.3146610Z" endTime="2025-05-14T13:25:31.3147553Z" testType="13cdc9d9-ddb5-4fa4-a97d-d965ccfc6d4b" outcome="Passed" testListId="a886ad11-ee27-47d0-9dc7-5005b46bf5ee" />
    <UnitTestResult executionId="22cbe2ea-bd2a-4453-8a8d-4748ebfbfd8d" testId="0df36776-3d24-4106-b252-20178dc664e7" testName="Test2010" computerName="UA-LPT-OGA2" duration="00:00:00.5530000" startTime="2025-05-14T13:20:31.3146610Z" endTime="2025-05-14T13:25:31.3147553Z" testType="13cdc9d9-ddb5-4fa4-a97d-d965ccfc6d4b" outcome="Passed" testListId="a886ad11-ee27-47d0-9dc7-5005b46bf5ee" />
    <UnitTestResult executionId="adb4ba93-f76b-458d-b0e0-4864b82ec6da" testId="5ed0d1f7-723c-49e1-9f05-29100234a068" testName="Test2011" computerName="UA-LPT-OGA2" duration="00:00:00.6450000" startTime="2025-05-14T13:20:31.3146610Z" endTime="2025-05-14T13:25:31.3147553Z" testType="13cdc9d9-ddb5-4fa4-a97d-d965ccfc6d4b" outcome="Passed" testListId="a886ad11-ee27-47d0-9dc7-5005b46bf5ee" />
    <UnitTestResult executionId="61a2a063-1070-43b2-bd51-88d3f9b1232a" testId="f815f28b-935a-4869-a7bd-029d9707acce" testName="Test2012" computerName="UA-LPT-OGA2" duration="00:00:01.0160000" startTime="2025-05-14T13:20:31.3146610Z" endTime="2025-05-14T13:25:31.3147553Z" testType="13cdc9d9-ddb5-4fa4-a97d-d965ccfc6d4b" outcome="Passed" testListId="a886ad11-ee27-47d0-9dc7-5005b46bf5ee" />
    <UnitTestResult executionId="10341ae5-f3c1-4033-beb7-ab6134694e8b" testId="977762ea-fbd8-4b11-9e4e-34a003d55242" testName="Test2013" computerName="UA-LPT-OGA2" duration="00:00:00.3380000" startTime="2025-05-14T13:20:31.3146610Z" endTime="2025-05-14T13:25:31.3147553Z" testType="13cdc9d9-ddb5-4fa4-a97d-d965ccfc6d4b" outcome="Failed" testListId="a886ad11-ee27-47d0-9dc7-5005b46bf5ee">
      <Output>
        <ErrorInfo>
          <Message>Assertion failed: Expected value did not match actual value.</Message>
          <StackTrace>   at TestNamespace.TestClass.Test() in TestClass.cs:line 491</StackTrace>
        </ErrorInfo>
      </Output>
    </UnitTestResult>
    <UnitTestResult executionId="9c1ce560-ea8b-4864-9858-c8fd2240da56" testId="8eef4772-fcf0-4f99-b0fd-7b9959cd3f90" testName="Test2014" computerName="UA-LPT-OGA2" duration="00:00:01.2920000" startTime="2025-05-14T13:20:31.3146610Z" endTime="2025-05-14T13:25:31.3147553Z" testType="13cdc9d9-ddb5-4fa4-a97d-d965ccfc6d4b" outcome="Passed" testListId="a886ad11-ee27-47d0-9dc7-5005b46bf5ee" />
    <UnitTestResult executionId="d4497174-c6db-4a68-b648-c2bcc9f73161" testId="a13eee94-8034-43df-9c1a-c8d62e3302df" testName="Test2015" computerName="UA-LPT-OGA2" duration="00:00:00.8800000" startTime="2025-05-14T13:20:31.3146610Z" endTime="2025-05-14T13:25:31.3147553Z" testType="13cdc9d9-ddb5-4fa4-a97d-d965ccfc6d4b" outcome="Passed" testListId="a886ad11-ee27-47d0-9dc7-5005b46bf5ee" />
    <UnitTestResult executionId="d1058923-fa83-42db-9628-ad0a280d9348" testId="d3affdaa-fb13-42d1-b45e-8ddf8a6ce7f3" testName="Test2016" computerName="UA-LPT-OGA2" duration="00:00:00.7880000" startTime="2025-05-14T13:20:31.3146610Z" endTime="2025-05-14T13:25:31.3147553Z" testType="13cdc9d9-ddb5-4fa4-a97d-d965ccfc6d4b" outcome="Passed" testListId="a886ad11-ee27-47d0-9dc7-5005b46bf5ee" />
    <UnitTestResult executionId="b1d00d92-09a9-4d88-8393-98a684469bd7" testId="f93824bf-40f5-4590-be73-bb2fe8af9cb3" testName="Test2017" computerName="UA-LPT-OGA2" duration="00:00:01.1010000" startTime="2025-05-14T13:20:31.3146610Z" endTime="2025-05-14T13:25:31.3147553Z" testType="13cdc9d9-ddb5-4fa4-a97d-d965ccfc6d4b" outcome="Passed" testListId="a886ad11-ee27-47d0-9dc7-5005b46bf5ee" />
    <UnitTestResult executionId="227f35fb-711d-4d10-b983-50c6bc16588a" testId="8a46f8a7-4c50-434e-8ca4-6ad001ad1dae" testName="Test2018" computerName="UA-LPT-OGA2" duration="00:00:00.3070000" startTime="2025-05-14T13:20:31.3146610Z" endTime="2025-05-14T13:25:31.3147553Z" testType="13cdc9d9-ddb5-4fa4-a97d-d965ccfc6d4b" outcome="Inconclusive" testListId="a886ad11-ee27-47d0-9dc7-5005b46bf5ee" />
    <UnitTestResult executionId="a147eab3-4b41-4441-9e39-e34e891f79f3" testId="5fcb3737-c96d-4e8d-b5a8-5d62204a0a0a" testName="Test2019" computerName="UA-LPT-OGA2" duration="00:00:00.4790000" startTime="2025-05-14T13:20:31.3146610Z" endTime="2025-05-14T13:25:31.3147553Z" testType="13cdc9d9-ddb5-4fa4-a97d-d965ccfc6d4b" outcome="Passed" testListId="a886ad11-ee27-47d0-9dc7-5005b46bf5ee" />
    <UnitTestResult executionId="ef19a253-51e2-48ad-abe9-7130f9b7ed5d" testId="3c16c015-4996-4252-8677-e14af3b4b2fa" testName="Test2020" computerName="UA-LPT-OGA2" duration="00:00:01.0560000" startTime="2025-05-14T13:20:31.3146610Z" endTime="2025-05-14T13:25:31.3147553Z" testType="13cdc9d9-ddb5-4fa4-a97d-d965ccfc6d4b" outcome="Passed" testListId="a886ad11-ee27-47d0-9dc7-5005b46bf5ee" />
    <UnitTestResult executionId="843a8196-baf3-4a12-8b87-46bc9ae14a7e" testId="04cd5d57-8c52-4a64-9fbe-550555eae8d2" testName="Test2021" computerName="UA-LPT-OGA2" duration="00:00:01.5460000" startTime="2025-05-14T13:20:31.3146610Z" endTime="2025-05-14T13:25:31.3147553Z" testType="13cdc9d9-ddb5-4fa4-a97d-d965ccfc6d4b" outcome="Passed" testListId="a886ad11-ee27-47d0-9dc7-5005b46bf5ee" />
    <UnitTestResult executionId="b30358c1-d8df-45b6-9fca-034e4d070bf8" testId="140f1cf9-85e5-4ca9-96c3-d2fd5445ae16" testName="Test2022" computerName="UA-LPT-OGA2" duration="00:00:01.8590000" startTime="2025-05-14T13:20:31.3146610Z" endTime="2025-05-14T13:25:31.3147553Z" testType="13cdc9d9-ddb5-4fa4-a97d-d965ccfc6d4b" outcome="Passed" testListId="a886ad11-ee27-47d0-9dc7-5005b46bf5ee" />
    <UnitTestResult executionId="9a45545c-1290-4b6a-88ea-9959ecb590cd" testId="31be8be1-83bb-4360-b844-7191de65146c" testName="Test2023" computerName="UA-LPT-OGA2" duration="00:00:00.9500000" startTime="2025-05-14T13:20:31.3146610Z" endTime="2025-05-14T13:25:31.3147553Z" testType="13cdc9d9-ddb5-4fa4-a97d-d965ccfc6d4b" outcome="Passed" testListId="a886ad11-ee27-47d0-9dc7-5005b46bf5ee" />
    <UnitTestResult executionId="081b949d-a8b9-4f1a-afac-691ffcc24a24" testId="8fd6809c-d0a5-49b6-87d3-f1af2684e278" testName="Test2024" computerName="UA-LPT-OGA2" duration="00:00:01.0820000" startTime="2025-05-14T13:20:31.3146610Z" endTime="2025-05-14T13:25:31.3147553Z" testType="13cdc9d9-ddb5-4fa4-a97d-d965ccfc6d4b" outcome="Failed" testListId="a886ad11-ee27-47d0-9dc7-5005b46bf5ee">
      <Output>
        <ErrorInfo>
          <Message>Assertion failed: Expected value did not match actual value.</Message>
          <StackTrace>   at TestNamespace.TestClass.Test() in TestClass.cs:line 67</StackTrace>
        </ErrorInfo>
      </Output>
    </UnitTestResult>
    <UnitTestResult executionId="5e5daba9-50a3-49ad-8ebf-e7b3b380f7bc" testId="41807932-257e-41b9-abd7-4c24abd01327" testName="Test2025" computerName="UA-LPT-OGA2" duration="00:00:01.4410000" startTime="2025-05-14T13:20:31.3146610Z" endTime="2025-05-14T13:25:31.3147553Z" testType="13cdc9d9-ddb5-4fa4-a97d-d965ccfc6d4b" outcome="Passed" testListId="a886ad11-ee27-47d0-9dc7-5005b46bf5ee" />
    <UnitTestResult executionId="ab0c23c6-4544-4c2a-95ed-8273533f9ff9" testId="ab106f71-6c1f-4f5c-b381-4909e9b9e6d3" testName="Test2026" computerName="UA-LPT-OGA2" duration="00:00:00.1620000" startTime="2025-05-14T13:20:31.3146610Z" endTime="2025-05-14T13:25:31.3147553Z" testType="13cdc9d9-ddb5-4fa4-a97d-d965ccfc6d4b" outcome="Passed" testListId="a886ad11-ee27-47d0-9dc7-5005b46bf5ee" />
    <UnitTestResult executionId="842c6cc1-677e-47ef-bbf5-2693e13dc3f5" testId="b13111f1-385c-48fd-b9c0-ecca2a320217" testName="Test2027" computerName="UA-LPT-OGA2" duration="00:00:01.7460000" startTime="2025-05-14T13:20:31.3146610Z" endTime="2025-05-14T13:25:31.3147553Z" testType="13cdc9d9-ddb5-4fa4-a97d-d965ccfc6d4b" outcome="Inconclusive" testListId="a886ad11-ee27-47d0-9dc7-5005b46bf5ee" />
    <UnitTestResult executionId="029cba06-2d30-463f-8d53-e47acc0de240" testId="03c227da-d312-49e2-bbdf-87cf8c9eea36" testName="Test2028" computerName="UA-LPT-OGA2" duration="00:00:00.7650000" startTime="2025-05-14T13:20:31.3146610Z" endTime="2025-05-14T13:25:31.3147553Z" testType="13cdc9d9-ddb5-4fa4-a97d-d965ccfc6d4b" outcome="Passed" testListId="a886ad11-ee27-47d0-9dc7-5005b46bf5ee" />
    <UnitTestResult executionId="0007da44-2fb0-442d-a84b-738fe47521ed" testId="d97d58f7-152f-4f80-a2c0-80879932aeae" testName="Test2029" computerName="UA-LPT-OGA2" duration="00:00:01.0750000" startTime="2025-05-14T13:20:31.3146610Z" endTime="2025-05-14T13:25:31.3147553Z" testType="13cdc9d9-ddb5-4fa4-a97d-d965ccfc6d4b" outcome="Passed" testListId="a886ad11-ee27-47d0-9dc7-5005b46bf5ee" />
    <UnitTestResult executionId="8f0e3881-1a4b-4f90-97c6-36ca9f0f6aae" testId="0e0d48b3-a674-4a39-b334-81a53875dbfe" testName="Test2030" computerName="UA-LPT-OGA2" duration="00:00:00.1280000" startTime="2025-05-14T13:20:31.3146610Z" endTime="2025-05-14T13:25:31.3147553Z" testType="13cdc9d9-ddb5-4fa4-a97d-d965ccfc6d4b" outcome="Passed" testListId="a886ad11-ee27-47d0-9dc7-5005b46bf5ee" />
    <UnitTestResult executionId="b2a749fe-2e21-44dd-b274-fd8856b56e7e" testId="13b41859-db9b-4016-8928-b83dbebb6267" testName="Test2031" computerName="UA-LPT-OGA2" duration="00:00:00.3990000" startTime="2025-05-14T13:20:31.3146610Z" endTime="2025-05-14T13:25:31.3147553Z" testType="13cdc9d9-ddb5-4fa4-a97d-d965ccfc6d4b" outcome="Passed" testListId="a886ad11-ee27-47d0-9dc7-5005b46bf5ee" />
    <UnitTestResult executionId="9c68e336-e599-4e38-a6d6-976e0177bdc4" testId="5ccc155b-434f-45ff-8ca2-9b3db735d159" testName="Test2032" computerName="UA-LPT-OGA2" duration="00:00:01.3930000" startTime="2025-05-14T13:20:31.3146610Z" endTime="2025-05-14T13:25:31.3147553Z" testType="13cdc9d9-ddb5-4fa4-a97d-d965ccfc6d4b" outcome="Passed" testListId="a886ad11-ee27-47d0-9dc7-5005b46bf5ee" />
    <UnitTestResult executionId="d872d327-7f95-4f22-91fd-40207be995f5" testId="fecaf82f-5e85-44f6-aa78-4af0c7efd9f9" testName="Test2033" computerName="UA-LPT-OGA2" duration="00:00:01.2120000" startTime="2025-05-14T13:20:31.3146610Z" endTime="2025-05-14T13:25:31.3147553Z" testType="13cdc9d9-ddb5-4fa4-a97d-d965ccfc6d4b" outcome="Passed" testListId="a886ad11-ee27-47d0-9dc7-5005b46bf5ee" />
    <UnitTestResult executionId="bab1079b-e1fe-4ef7-8ea9-1cf1d878f4f0" testId="fd8806bb-8018-45c1-9b55-c3c8a5e7725d" testName="Test2034" computerName="UA-LPT-OGA2" duration="00:00:00.2680000" startTime="2025-05-14T13:20:31.3146610Z" endTime="2025-05-14T13:25:31.3147553Z" testType="13cdc9d9-ddb5-4fa4-a97d-d965ccfc6d4b" outcome="Passed" testListId="a886ad11-ee27-47d0-9dc7-5005b46bf5ee" />
    <UnitTestResult executionId="2b614d7c-c5dd-4875-ac28-dbf29ec07c5d" testId="d77cd128-46a2-4067-9a20-7a21a43d94eb" testName="Test2035" computerName="UA-LPT-OGA2" duration="00:00:00.3400000" startTime="2025-05-14T13:20:31.3146610Z" endTime="2025-05-14T13:25:31.3147553Z" testType="13cdc9d9-ddb5-4fa4-a97d-d965ccfc6d4b" outcome="Passed" testListId="a886ad11-ee27-47d0-9dc7-5005b46bf5ee" />
    <UnitTestResult executionId="5e7d36db-748e-49f0-b157-d1077f82e978" testId="29f71e2a-ed15-4495-8254-7f306630def9" testName="Test2036" computerName="UA-LPT-OGA2" duration="00:00:01.2350000" startTime="2025-05-14T13:20:31.3146610Z" endTime="2025-05-14T13:25:31.3147553Z" testType="13cdc9d9-ddb5-4fa4-a97d-d965ccfc6d4b" outcome="Passed" testListId="a886ad11-ee27-47d0-9dc7-5005b46bf5ee" />
    <UnitTestResult executionId="3e9686b0-28c8-45e6-aad1-495bc91e45cf" testId="6bf8f572-6b25-4f56-a877-e9745b8eec50" testName="Test2037" computerName="UA-LPT-OGA2" duration="00:00:01.7110000" startTime="2025-05-14T13:20:31.3146610Z" endTime="2025-05-14T13:25:31.3147553Z" testType="13cdc9d9-ddb5-4fa4-a97d-d965ccfc6d4b" outcome="Inconclusive" testListId="a886ad11-ee27-47d0-9dc7-5005b46bf5ee" />
    <UnitTestResult executionId="306fcdce-f46a-4223-a26f-76c947ffae5d" testId="0a73f219-151f-444f-b2fe-2c1cd8366102" testName="Test2038" computerName="UA-LPT-OGA2" duration="00:00:01.9000000" startTime="2025-05-14T13:20:31.3146610Z" endTime="2025-05-14T13:25:31.3147553Z" testType="13cdc9d9-ddb5-4fa4-a97d-d965ccfc6d4b" outcome="Passed" testListId="a886ad11-ee27-47d0-9dc7-5005b46bf5ee" />
    <UnitTestResult executionId="2fbd95aa-8002-4ff5-9335-15bb9999b1ed" testId="cbff2b1a-6413-4321-8e09-1635be6417cb" testName="Test2039" computerName="UA-LPT-OGA2" duration="00:00:00.6610000" startTime="2025-05-14T13:20:31.3146610Z" endTime="2025-05-14T13:25:31.3147553Z" testType="13cdc9d9-ddb5-4fa4-a97d-d965ccfc6d4b" outcome="Passed" testListId="a886ad11-ee27-47d0-9dc7-5005b46bf5ee" />
    <UnitTestResult executionId="04fe7f38-5ee3-4ab9-bfef-761edec9a170" testId="d183fad4-b404-462e-9d16-92e13cf50855" testName="Test2040" computerName="UA-LPT-OGA2" duration="00:00:00.0450000" startTime="2025-05-14T13:20:31.3146610Z" endTime="2025-05-14T13:25:31.3147553Z" testType="13cdc9d9-ddb5-4fa4-a97d-d965ccfc6d4b" outcome="Passed" testListId="a886ad11-ee27-47d0-9dc7-5005b46bf5ee" />
    <UnitTestResult executionId="1a55cf04-4f00-48af-b9f5-e88c72115f7e" testId="8c3b5ee8-e21f-4363-bb87-571420564a17" testName="Test2041" computerName="UA-LPT-OGA2" duration="00:00:00.9170000" startTime="2025-05-14T13:20:31.3146610Z" endTime="2025-05-14T13:25:31.3147553Z" testType="13cdc9d9-ddb5-4fa4-a97d-d965ccfc6d4b" outcome="Passed" testListId="a886ad11-ee27-47d0-9dc7-5005b46bf5ee" />
    <UnitTestResult executionId="737fb794-199d-4a50-b797-55488dfba77f" testId="c43445f4-965d-47ed-8121-9fe0f528fd08" testName="Test2042" computerName="UA-LPT-OGA2" duration="00:00:00.9680000" startTime="2025-05-14T13:20:31.3146610Z" endTime="2025-05-14T13:25:31.3147553Z" testType="13cdc9d9-ddb5-4fa4-a97d-d965ccfc6d4b" outcome="Passed" testListId="a886ad11-ee27-47d0-9dc7-5005b46bf5ee" />
    <UnitTestResult executionId="11f3d53f-2eb8-4915-88c3-c80ed1912430" testId="b36b9116-8198-4b8f-8383-8f1d52feae5e" testName="Test2043" computerName="UA-LPT-OGA2" duration="00:00:01.6590000" startTime="2025-05-14T13:20:31.3146610Z" endTime="2025-05-14T13:25:31.3147553Z" testType="13cdc9d9-ddb5-4fa4-a97d-d965ccfc6d4b" outcome="Passed" testListId="a886ad11-ee27-47d0-9dc7-5005b46bf5ee" />
    <UnitTestResult executionId="b5023042-7133-4468-82ec-b9d2bd424f02" testId="35950261-980b-4812-87d7-83c3893f0d8d" testName="Test2044" computerName="UA-LPT-OGA2" duration="00:00:01.2690000" startTime="2025-05-14T13:20:31.3146610Z" endTime="2025-05-14T13:25:31.3147553Z" testType="13cdc9d9-ddb5-4fa4-a97d-d965ccfc6d4b" outcome="Passed" testListId="a886ad11-ee27-47d0-9dc7-5005b46bf5ee" />
    <UnitTestResult executionId="045244da-d5b1-432f-ba7f-678348bda701" testId="fc4d050d-1ff6-4f79-af33-d49b3fd42648" testName="Test2045" computerName="UA-LPT-OGA2" duration="00:00:01.0690000" startTime="2025-05-14T13:20:31.3146610Z" endTime="2025-05-14T13:25:31.3147553Z" testType="13cdc9d9-ddb5-4fa4-a97d-d965ccfc6d4b" outcome="Passed" testListId="a886ad11-ee27-47d0-9dc7-5005b46bf5ee" />
    <UnitTestResult executionId="36ba942a-1248-46a5-9836-a3c4db09d2dd" testId="b31d7093-c8c3-4d48-b9c8-62aaa79f98ce" testName="Test2046" computerName="UA-LPT-OGA2" duration="00:00:00.1690000" startTime="2025-05-14T13:20:31.3146610Z" endTime="2025-05-14T13:25:31.3147553Z" testType="13cdc9d9-ddb5-4fa4-a97d-d965ccfc6d4b" outcome="Passed" testListId="a886ad11-ee27-47d0-9dc7-5005b46bf5ee" />
    <UnitTestResult executionId="ca28f3f1-346f-4382-aee3-a0b2ed61c865" testId="50807f2c-c5d2-447b-969d-dd371544a62c" testName="Test2047" computerName="UA-LPT-OGA2" duration="00:00:00.8860000" startTime="2025-05-14T13:20:31.3146610Z" endTime="2025-05-14T13:25:31.3147553Z" testType="13cdc9d9-ddb5-4fa4-a97d-d965ccfc6d4b" outcome="Passed" testListId="a886ad11-ee27-47d0-9dc7-5005b46bf5ee" />
    <UnitTestResult executionId="fe505e09-859c-4244-b792-52a149183dc3" testId="204e933e-ecf6-4b2f-835f-c9984df2f374" testName="Test2048" computerName="UA-LPT-OGA2" duration="00:00:01.0890000" startTime="2025-05-14T13:20:31.3146610Z" endTime="2025-05-14T13:25:31.3147553Z" testType="13cdc9d9-ddb5-4fa4-a97d-d965ccfc6d4b" outcome="Passed" testListId="a886ad11-ee27-47d0-9dc7-5005b46bf5ee" />
    <UnitTestResult executionId="71dc9c52-52be-4c87-beaa-ca95e1bd063f" testId="cb51e375-c92b-4d91-916b-9de9007a1502" testName="Test2049" computerName="UA-LPT-OGA2" duration="00:00:00.3850000" startTime="2025-05-14T13:20:31.3146610Z" endTime="2025-05-14T13:25:31.3147553Z" testType="13cdc9d9-ddb5-4fa4-a97d-d965ccfc6d4b" outcome="Passed" testListId="a886ad11-ee27-47d0-9dc7-5005b46bf5ee" />
    <UnitTestResult executionId="40843aa4-fc2f-4e33-a5aa-d40118fc165f" testId="511efb57-fc42-43bc-8163-80772718ab00" testName="Test2050" computerName="UA-LPT-OGA2" duration="00:00:00.4830000" startTime="2025-05-14T13:20:31.3146610Z" endTime="2025-05-14T13:25:31.3147553Z" testType="13cdc9d9-ddb5-4fa4-a97d-d965ccfc6d4b" outcome="Passed" testListId="a886ad11-ee27-47d0-9dc7-5005b46bf5ee" />
    <UnitTestResult executionId="0377379c-a3ca-4922-96d4-2ecd88c050bc" testId="d095eca9-caf0-4148-a2a5-20f5fcaf40c2" testName="Test2051" computerName="UA-LPT-OGA2" duration="00:00:00.8690000" startTime="2025-05-14T13:20:31.3146610Z" endTime="2025-05-14T13:25:31.3147553Z" testType="13cdc9d9-ddb5-4fa4-a97d-d965ccfc6d4b" outcome="Passed" testListId="a886ad11-ee27-47d0-9dc7-5005b46bf5ee" />
    <UnitTestResult executionId="4d1f2007-b0d8-406c-af02-316d91d3a5d1" testId="a080bb0b-6cac-423f-96ea-a3c761666aa7" testName="Test2052" computerName="UA-LPT-OGA2" duration="00:00:00.6990000" startTime="2025-05-14T13:20:31.3146610Z" endTime="2025-05-14T13:25:31.3147553Z" testType="13cdc9d9-ddb5-4fa4-a97d-d965ccfc6d4b" outcome="Passed" testListId="a886ad11-ee27-47d0-9dc7-5005b46bf5ee" />
    <UnitTestResult executionId="5eabfcbb-7a1c-4fbe-a35d-e6d3fd3cb5ad" testId="1e0db4dd-0be7-4d0b-8a22-d6c842391c97" testName="Test2053" computerName="UA-LPT-OGA2" duration="00:00:00.2930000" startTime="2025-05-14T13:20:31.3146610Z" endTime="2025-05-14T13:25:31.3147553Z" testType="13cdc9d9-ddb5-4fa4-a97d-d965ccfc6d4b" outcome="Failed" testListId="a886ad11-ee27-47d0-9dc7-5005b46bf5ee">
      <Output>
        <ErrorInfo>
          <Message>Assertion failed: Expected value did not match actual value.</Message>
          <StackTrace>   at TestNamespace.TestClass.Test() in TestClass.cs:line 98</StackTrace>
        </ErrorInfo>
      </Output>
    </UnitTestResult>
    <UnitTestResult executionId="cc298201-8897-437b-8f3d-e99446776e51" testId="000bf114-93c1-42ea-8d61-b09a7352d161" testName="Test2054" computerName="UA-LPT-OGA2" duration="00:00:00.3130000" startTime="2025-05-14T13:20:31.3146610Z" endTime="2025-05-14T13:25:31.3147553Z" testType="13cdc9d9-ddb5-4fa4-a97d-d965ccfc6d4b" outcome="Passed" testListId="a886ad11-ee27-47d0-9dc7-5005b46bf5ee" />
    <UnitTestResult executionId="ecbef783-4ed6-40bd-b148-06d539daa2b3" testId="8fad6bbe-cbb7-4eca-98bc-210f082e7b50" testName="Test2055" computerName="UA-LPT-OGA2" duration="00:00:01.4170000" startTime="2025-05-14T13:20:31.3146610Z" endTime="2025-05-14T13:25:31.3147553Z" testType="13cdc9d9-ddb5-4fa4-a97d-d965ccfc6d4b" outcome="Passed" testListId="a886ad11-ee27-47d0-9dc7-5005b46bf5ee" />
    <UnitTestResult executionId="0b4b1da1-8e79-4862-acdf-61818346ef5e" testId="a6292f9c-50a5-432f-b6b2-4a74f92e2e59" testName="Test2056" computerName="UA-LPT-OGA2" duration="00:00:01.8510000" startTime="2025-05-14T13:20:31.3146610Z" endTime="2025-05-14T13:25:31.3147553Z" testType="13cdc9d9-ddb5-4fa4-a97d-d965ccfc6d4b" outcome="Passed" testListId="a886ad11-ee27-47d0-9dc7-5005b46bf5ee" />
    <UnitTestResult executionId="6f05b555-c31d-4a5b-84ef-0430b18cf90c" testId="b946bed5-d269-4b53-b421-ea9123c38ce4" testName="Test2057" computerName="UA-LPT-OGA2" duration="00:00:01.3820000" startTime="2025-05-14T13:20:31.3146610Z" endTime="2025-05-14T13:25:31.3147553Z" testType="13cdc9d9-ddb5-4fa4-a97d-d965ccfc6d4b" outcome="Passed" testListId="a886ad11-ee27-47d0-9dc7-5005b46bf5ee" />
    <UnitTestResult executionId="d0c087e8-026d-4aa2-958e-65342d8b3e2a" testId="a9a57b6e-73f2-444c-b481-a3ccf5a8cfa9" testName="Test2058" computerName="UA-LPT-OGA2" duration="00:00:01.1780000" startTime="2025-05-14T13:20:31.3146610Z" endTime="2025-05-14T13:25:31.3147553Z" testType="13cdc9d9-ddb5-4fa4-a97d-d965ccfc6d4b" outcome="Passed" testListId="a886ad11-ee27-47d0-9dc7-5005b46bf5ee" />
    <UnitTestResult executionId="5a55f4f4-44c6-4703-9196-a8f4c171102f" testId="26908ebe-c01b-4935-9b4f-286e11355618" testName="Test2059" computerName="UA-LPT-OGA2" duration="00:00:01.9820000" startTime="2025-05-14T13:20:31.3146610Z" endTime="2025-05-14T13:25:31.3147553Z" testType="13cdc9d9-ddb5-4fa4-a97d-d965ccfc6d4b" outcome="Passed" testListId="a886ad11-ee27-47d0-9dc7-5005b46bf5ee" />
    <UnitTestResult executionId="9c7b9e5e-880f-44a7-8046-5d8b1350f0a8" testId="67781032-5cd8-43c9-9ec7-0083a8ba02d4" testName="Test2060" computerName="UA-LPT-OGA2" duration="00:00:00.0320000" startTime="2025-05-14T13:20:31.3146610Z" endTime="2025-05-14T13:25:31.3147553Z" testType="13cdc9d9-ddb5-4fa4-a97d-d965ccfc6d4b" outcome="Passed" testListId="a886ad11-ee27-47d0-9dc7-5005b46bf5ee" />
    <UnitTestResult executionId="3209e538-6fac-4b59-857c-7b6cb226ef1b" testId="7300f6a2-f376-478f-851d-76b8420e9e1d" testName="Test2061" computerName="UA-LPT-OGA2" duration="00:00:01.6930000" startTime="2025-05-14T13:20:31.3146610Z" endTime="2025-05-14T13:25:31.3147553Z" testType="13cdc9d9-ddb5-4fa4-a97d-d965ccfc6d4b" outcome="Passed" testListId="a886ad11-ee27-47d0-9dc7-5005b46bf5ee" />
    <UnitTestResult executionId="06b68865-c27f-4557-9a30-a12ed6b8671c" testId="03a3e0fd-cf10-4f89-92f1-48c31b7c3fdb" testName="Test2062" computerName="UA-LPT-OGA2" duration="00:00:00.9630000" startTime="2025-05-14T13:20:31.3146610Z" endTime="2025-05-14T13:25:31.3147553Z" testType="13cdc9d9-ddb5-4fa4-a97d-d965ccfc6d4b" outcome="Failed" testListId="a886ad11-ee27-47d0-9dc7-5005b46bf5ee">
      <Output>
        <ErrorInfo>
          <Message>Assertion failed: Expected value did not match actual value.</Message>
          <StackTrace>   at TestNamespace.TestClass.Test() in TestClass.cs:line 100</StackTrace>
        </ErrorInfo>
      </Output>
    </UnitTestResult>
    <UnitTestResult executionId="82b00e21-d708-42b3-a9f7-aff468ac7541" testId="4d18062e-98bd-4a0c-b09d-5444dded2c44" testName="Test2063" computerName="UA-LPT-OGA2" duration="00:00:00.9840000" startTime="2025-05-14T13:20:31.3146610Z" endTime="2025-05-14T13:25:31.3147553Z" testType="13cdc9d9-ddb5-4fa4-a97d-d965ccfc6d4b" outcome="Passed" testListId="a886ad11-ee27-47d0-9dc7-5005b46bf5ee" />
    <UnitTestResult executionId="70d03f2c-275e-4be2-8323-d103e8b198ec" testId="43c1a5dc-689c-496e-98b6-288c8f46efe3" testName="Test2064" computerName="UA-LPT-OGA2" duration="00:00:00.6010000" startTime="2025-05-14T13:20:31.3146610Z" endTime="2025-05-14T13:25:31.3147553Z" testType="13cdc9d9-ddb5-4fa4-a97d-d965ccfc6d4b" outcome="Passed" testListId="a886ad11-ee27-47d0-9dc7-5005b46bf5ee" />
    <UnitTestResult executionId="929b301d-bb86-444b-8923-ccbcc896c3b1" testId="d3f25c10-f57d-42ad-871c-243c3358f470" testName="Test2065" computerName="UA-LPT-OGA2" duration="00:00:01.2200000" startTime="2025-05-14T13:20:31.3146610Z" endTime="2025-05-14T13:25:31.3147553Z" testType="13cdc9d9-ddb5-4fa4-a97d-d965ccfc6d4b" outcome="Passed" testListId="a886ad11-ee27-47d0-9dc7-5005b46bf5ee" />
    <UnitTestResult executionId="ee322c83-ccbb-43ef-b598-692f421d543f" testId="1b5a8c37-6a51-49ac-85c9-97b3a05d6d88" testName="Test2066" computerName="UA-LPT-OGA2" duration="00:00:01.5610000" startTime="2025-05-14T13:20:31.3146610Z" endTime="2025-05-14T13:25:31.3147553Z" testType="13cdc9d9-ddb5-4fa4-a97d-d965ccfc6d4b" outcome="Passed" testListId="a886ad11-ee27-47d0-9dc7-5005b46bf5ee" />
    <UnitTestResult executionId="d29b73d9-56d6-46aa-a611-3be9ea4c3315" testId="5f37592d-2373-4a9f-817b-bd056ffaca0d" testName="Test2067" computerName="UA-LPT-OGA2" duration="00:00:00.8950000" startTime="2025-05-14T13:20:31.3146610Z" endTime="2025-05-14T13:25:31.3147553Z" testType="13cdc9d9-ddb5-4fa4-a97d-d965ccfc6d4b" outcome="Passed" testListId="a886ad11-ee27-47d0-9dc7-5005b46bf5ee" />
    <UnitTestResult executionId="88bce9d2-bb10-45db-aab0-05b4550210a8" testId="c8b89d76-15be-414b-a94c-d76779c20c41" testName="Test2068" computerName="UA-LPT-OGA2" duration="00:00:01.2120000" startTime="2025-05-14T13:20:31.3146610Z" endTime="2025-05-14T13:25:31.3147553Z" testType="13cdc9d9-ddb5-4fa4-a97d-d965ccfc6d4b" outcome="Passed" testListId="a886ad11-ee27-47d0-9dc7-5005b46bf5ee" />
    <UnitTestResult executionId="0f03ce3b-2c6e-4963-9700-0d1e08106e37" testId="9a23658d-4775-4f13-8a44-bf5b6ce85525" testName="Test2069" computerName="UA-LPT-OGA2" duration="00:00:00.7050000" startTime="2025-05-14T13:20:31.3146610Z" endTime="2025-05-14T13:25:31.3147553Z" testType="13cdc9d9-ddb5-4fa4-a97d-d965ccfc6d4b" outcome="Inconclusive" testListId="a886ad11-ee27-47d0-9dc7-5005b46bf5ee" />
    <UnitTestResult executionId="aaad7673-dece-49bd-a8bb-931aac79582b" testId="2a3a168c-0d32-4b94-a500-7123fef3b88c" testName="Test2070" computerName="UA-LPT-OGA2" duration="00:00:01.4450000" startTime="2025-05-14T13:20:31.3146610Z" endTime="2025-05-14T13:25:31.3147553Z" testType="13cdc9d9-ddb5-4fa4-a97d-d965ccfc6d4b" outcome="Passed" testListId="a886ad11-ee27-47d0-9dc7-5005b46bf5ee" />
    <UnitTestResult executionId="2210400e-c183-4698-8e59-e487418c5035" testId="93e9ce22-054a-4411-bee3-ad7d3ea48f6b" testName="Test2071" computerName="UA-LPT-OGA2" duration="00:00:00.8370000" startTime="2025-05-14T13:20:31.3146610Z" endTime="2025-05-14T13:25:31.3147553Z" testType="13cdc9d9-ddb5-4fa4-a97d-d965ccfc6d4b" outcome="Passed" testListId="a886ad11-ee27-47d0-9dc7-5005b46bf5ee" />
    <UnitTestResult executionId="c5772e6f-76d4-4593-b148-c07c8ef5c2d4" testId="e069c706-8488-47d1-8279-be4006df856c" testName="Test2072" computerName="UA-LPT-OGA2" duration="00:00:01.8100000" startTime="2025-05-14T13:20:31.3146610Z" endTime="2025-05-14T13:25:31.3147553Z" testType="13cdc9d9-ddb5-4fa4-a97d-d965ccfc6d4b" outcome="Passed" testListId="a886ad11-ee27-47d0-9dc7-5005b46bf5ee" />
    <UnitTestResult executionId="e07d96ae-7619-44aa-b79b-a4d9ed02bf19" testId="c041ce53-9e44-4baf-afa9-c109b7b5fad5" testName="Test2073" computerName="UA-LPT-OGA2" duration="00:00:00.0420000" startTime="2025-05-14T13:20:31.3146610Z" endTime="2025-05-14T13:25:31.3147553Z" testType="13cdc9d9-ddb5-4fa4-a97d-d965ccfc6d4b" outcome="Passed" testListId="a886ad11-ee27-47d0-9dc7-5005b46bf5ee" />
    <UnitTestResult executionId="fb05b44f-f901-4d35-a364-84276da2963b" testId="2aeccb03-dbf5-42ff-b055-6cd537ad5f95" testName="Test2074" computerName="UA-LPT-OGA2" duration="00:00:01.7100000" startTime="2025-05-14T13:20:31.3146610Z" endTime="2025-05-14T13:25:31.3147553Z" testType="13cdc9d9-ddb5-4fa4-a97d-d965ccfc6d4b" outcome="Failed" testListId="a886ad11-ee27-47d0-9dc7-5005b46bf5ee">
      <Output>
        <ErrorInfo>
          <Message>Assertion failed: Expected value did not match actual value.</Message>
          <StackTrace>   at TestNamespace.TestClass.Test() in TestClass.cs:line 414</StackTrace>
        </ErrorInfo>
      </Output>
    </UnitTestResult>
    <UnitTestResult executionId="a65e6e8e-d096-4f38-9c3b-abb4147be696" testId="b0d94835-957c-4d53-b908-00eb27c9a0ac" testName="Test2075" computerName="UA-LPT-OGA2" duration="00:00:00.5110000" startTime="2025-05-14T13:20:31.3146610Z" endTime="2025-05-14T13:25:31.3147553Z" testType="13cdc9d9-ddb5-4fa4-a97d-d965ccfc6d4b" outcome="Passed" testListId="a886ad11-ee27-47d0-9dc7-5005b46bf5ee" />
    <UnitTestResult executionId="4fef3d55-01de-4d67-8732-40ead7d81de1" testId="f6c9895a-7ec5-4418-ac20-e3ed7f1c4e4c" testName="Test2076" computerName="UA-LPT-OGA2" duration="00:00:01.7790000" startTime="2025-05-14T13:20:31.3146610Z" endTime="2025-05-14T13:25:31.3147553Z" testType="13cdc9d9-ddb5-4fa4-a97d-d965ccfc6d4b" outcome="Passed" testListId="a886ad11-ee27-47d0-9dc7-5005b46bf5ee" />
    <UnitTestResult executionId="fb3677f7-b7d2-41ae-ae13-a850b1e4e27f" testId="cedb3572-7da1-4dd5-8152-91602dc25888" testName="Test2077" computerName="UA-LPT-OGA2" duration="00:00:01.7720000" startTime="2025-05-14T13:20:31.3146610Z" endTime="2025-05-14T13:25:31.3147553Z" testType="13cdc9d9-ddb5-4fa4-a97d-d965ccfc6d4b" outcome="Failed" testListId="a886ad11-ee27-47d0-9dc7-5005b46bf5ee">
      <Output>
        <ErrorInfo>
          <Message>Assertion failed: Expected value did not match actual value.</Message>
          <StackTrace>   at TestNamespace.TestClass.Test() in TestClass.cs:line 334</StackTrace>
        </ErrorInfo>
      </Output>
    </UnitTestResult>
    <UnitTestResult executionId="89c0f15e-ce79-41c8-89b1-77eec9a8c869" testId="cbb47ff2-e261-4ed2-a21d-b25ae27239dd" testName="Test2078" computerName="UA-LPT-OGA2" duration="00:00:00.4190000" startTime="2025-05-14T13:20:31.3146610Z" endTime="2025-05-14T13:25:31.3147553Z" testType="13cdc9d9-ddb5-4fa4-a97d-d965ccfc6d4b" outcome="Passed" testListId="a886ad11-ee27-47d0-9dc7-5005b46bf5ee" />
    <UnitTestResult executionId="670e6fe0-0400-462f-b1b9-23d0a2658972" testId="ece971f4-aed7-4d68-a5d3-148efba8795a" testName="Test2079" computerName="UA-LPT-OGA2" duration="00:00:00.4110000" startTime="2025-05-14T13:20:31.3146610Z" endTime="2025-05-14T13:25:31.3147553Z" testType="13cdc9d9-ddb5-4fa4-a97d-d965ccfc6d4b" outcome="Passed" testListId="a886ad11-ee27-47d0-9dc7-5005b46bf5ee" />
    <UnitTestResult executionId="2cafed56-0ea8-4765-a2df-1367d9aa382c" testId="07dfa650-8a6c-4fb4-9733-95d553e2fd13" testName="Test2080" computerName="UA-LPT-OGA2" duration="00:00:01.7400000" startTime="2025-05-14T13:20:31.3146610Z" endTime="2025-05-14T13:25:31.3147553Z" testType="13cdc9d9-ddb5-4fa4-a97d-d965ccfc6d4b" outcome="Passed" testListId="a886ad11-ee27-47d0-9dc7-5005b46bf5ee" />
    <UnitTestResult executionId="42e99b6a-52ea-4473-be85-9c79b215fc20" testId="063012ea-4de9-48d8-b245-63bc10e101c4" testName="Test2081" computerName="UA-LPT-OGA2" duration="00:00:00.2500000" startTime="2025-05-14T13:20:31.3146610Z" endTime="2025-05-14T13:25:31.3147553Z" testType="13cdc9d9-ddb5-4fa4-a97d-d965ccfc6d4b" outcome="Passed" testListId="a886ad11-ee27-47d0-9dc7-5005b46bf5ee" />
    <UnitTestResult executionId="e307209c-c009-4bab-8aa9-d78025717896" testId="223eb464-f16c-4d9d-86d9-59f55f235b21" testName="Test2082" computerName="UA-LPT-OGA2" duration="00:00:01.9530000" startTime="2025-05-14T13:20:31.3146610Z" endTime="2025-05-14T13:25:31.3147553Z" testType="13cdc9d9-ddb5-4fa4-a97d-d965ccfc6d4b" outcome="Failed" testListId="a886ad11-ee27-47d0-9dc7-5005b46bf5ee">
      <Output>
        <ErrorInfo>
          <Message>Assertion failed: Expected value did not match actual value.</Message>
          <StackTrace>   at TestNamespace.TestClass.Test() in TestClass.cs:line 461</StackTrace>
        </ErrorInfo>
      </Output>
    </UnitTestResult>
    <UnitTestResult executionId="302649a9-9207-4f51-9168-3aa1ddd1e228" testId="8760193f-25ee-43b6-91d5-1fbad281f784" testName="Test2083" computerName="UA-LPT-OGA2" duration="00:00:01.7370000" startTime="2025-05-14T13:20:31.3146610Z" endTime="2025-05-14T13:25:31.3147553Z" testType="13cdc9d9-ddb5-4fa4-a97d-d965ccfc6d4b" outcome="Passed" testListId="a886ad11-ee27-47d0-9dc7-5005b46bf5ee" />
    <UnitTestResult executionId="7e8595ee-8c14-44db-9e1f-3f48572309d3" testId="d393f419-8141-48f1-9a74-eeeac3e22662" testName="Test2084" computerName="UA-LPT-OGA2" duration="00:00:00.6510000" startTime="2025-05-14T13:20:31.3146610Z" endTime="2025-05-14T13:25:31.3147553Z" testType="13cdc9d9-ddb5-4fa4-a97d-d965ccfc6d4b" outcome="Passed" testListId="a886ad11-ee27-47d0-9dc7-5005b46bf5ee" />
    <UnitTestResult executionId="c2fc9c14-3f13-40af-b692-d979ee385def" testId="b3480a96-5c0b-453c-a7ed-f857273bf6d1" testName="Test2085" computerName="UA-LPT-OGA2" duration="00:00:01.2360000" startTime="2025-05-14T13:20:31.3146610Z" endTime="2025-05-14T13:25:31.3147553Z" testType="13cdc9d9-ddb5-4fa4-a97d-d965ccfc6d4b" outcome="Inconclusive" testListId="a886ad11-ee27-47d0-9dc7-5005b46bf5ee" />
    <UnitTestResult executionId="cf5dc52c-2783-4bd1-8591-ac4aa9b412d7" testId="a22fe236-2a32-425f-ad0d-cb36f502ee98" testName="Test2086" computerName="UA-LPT-OGA2" duration="00:00:01.3140000" startTime="2025-05-14T13:20:31.3146610Z" endTime="2025-05-14T13:25:31.3147553Z" testType="13cdc9d9-ddb5-4fa4-a97d-d965ccfc6d4b" outcome="Passed" testListId="a886ad11-ee27-47d0-9dc7-5005b46bf5ee" />
    <UnitTestResult executionId="0efda0ed-2818-43d3-9bd3-ac13bf963646" testId="2ff4ab2c-e3d6-4a54-b00e-86c19daf860a" testName="Test2087" computerName="UA-LPT-OGA2" duration="00:00:00.0500000" startTime="2025-05-14T13:20:31.3146610Z" endTime="2025-05-14T13:25:31.3147553Z" testType="13cdc9d9-ddb5-4fa4-a97d-d965ccfc6d4b" outcome="Passed" testListId="a886ad11-ee27-47d0-9dc7-5005b46bf5ee" />
    <UnitTestResult executionId="27b2cb36-3d18-4d47-a364-e96fcc3b91fb" testId="9cbf5c4e-9954-41c3-a047-4527820ab3af" testName="Test2088" computerName="UA-LPT-OGA2" duration="00:00:01.1650000" startTime="2025-05-14T13:20:31.3146610Z" endTime="2025-05-14T13:25:31.3147553Z" testType="13cdc9d9-ddb5-4fa4-a97d-d965ccfc6d4b" outcome="Passed" testListId="a886ad11-ee27-47d0-9dc7-5005b46bf5ee" />
    <UnitTestResult executionId="d968af7f-9390-4fcc-b24f-aa2e009a79e3" testId="26a8d296-58f1-4e9a-9d2f-6006f0e36be6" testName="Test2089" computerName="UA-LPT-OGA2" duration="00:00:00.7980000" startTime="2025-05-14T13:20:31.3146610Z" endTime="2025-05-14T13:25:31.3147553Z" testType="13cdc9d9-ddb5-4fa4-a97d-d965ccfc6d4b" outcome="Passed" testListId="a886ad11-ee27-47d0-9dc7-5005b46bf5ee" />
    <UnitTestResult executionId="03f71fce-5aa5-4d0e-a194-bbcde88ebf99" testId="c484e3d7-e8c8-45a1-b391-bb269416712f" testName="Test2090" computerName="UA-LPT-OGA2" duration="00:00:00.3630000" startTime="2025-05-14T13:20:31.3146610Z" endTime="2025-05-14T13:25:31.3147553Z" testType="13cdc9d9-ddb5-4fa4-a97d-d965ccfc6d4b" outcome="Passed" testListId="a886ad11-ee27-47d0-9dc7-5005b46bf5ee" />
    <UnitTestResult executionId="72b4620d-e3aa-40be-80c8-80befd152479" testId="8724499d-3394-4ca5-97dc-981fff9f9db7" testName="Test2091" computerName="UA-LPT-OGA2" duration="00:00:00.7540000" startTime="2025-05-14T13:20:31.3146610Z" endTime="2025-05-14T13:25:31.3147553Z" testType="13cdc9d9-ddb5-4fa4-a97d-d965ccfc6d4b" outcome="Passed" testListId="a886ad11-ee27-47d0-9dc7-5005b46bf5ee" />
    <UnitTestResult executionId="a688acd4-ffc7-4945-a2d3-094b4882032d" testId="152358b9-989b-4941-a021-02701a50654f" testName="Test2092" computerName="UA-LPT-OGA2" duration="00:00:00.8000000" startTime="2025-05-14T13:20:31.3146610Z" endTime="2025-05-14T13:25:31.3147553Z" testType="13cdc9d9-ddb5-4fa4-a97d-d965ccfc6d4b" outcome="Passed" testListId="a886ad11-ee27-47d0-9dc7-5005b46bf5ee" />
    <UnitTestResult executionId="889ad9a0-49fe-42cd-a491-8b0ea0c8c1f1" testId="e6e5d0d9-fbcf-4c46-b4f5-75744b682c15" testName="Test2093" computerName="UA-LPT-OGA2" duration="00:00:01.4710000" startTime="2025-05-14T13:20:31.3146610Z" endTime="2025-05-14T13:25:31.3147553Z" testType="13cdc9d9-ddb5-4fa4-a97d-d965ccfc6d4b" outcome="Passed" testListId="a886ad11-ee27-47d0-9dc7-5005b46bf5ee" />
    <UnitTestResult executionId="13f25439-4d30-4f47-8511-1fa13591d59b" testId="7aebd7ff-dfa8-47a0-932f-9b4eca3a2ce9" testName="Test2094" computerName="UA-LPT-OGA2" duration="00:00:01.5300000" startTime="2025-05-14T13:20:31.3146610Z" endTime="2025-05-14T13:25:31.3147553Z" testType="13cdc9d9-ddb5-4fa4-a97d-d965ccfc6d4b" outcome="Passed" testListId="a886ad11-ee27-47d0-9dc7-5005b46bf5ee" />
    <UnitTestResult executionId="bd17bed9-ea3c-467a-9695-a453dbd60e65" testId="8ec56277-89b5-4368-80db-145c0a89f982" testName="Test2095" computerName="UA-LPT-OGA2" duration="00:00:00.7530000" startTime="2025-05-14T13:20:31.3146610Z" endTime="2025-05-14T13:25:31.3147553Z" testType="13cdc9d9-ddb5-4fa4-a97d-d965ccfc6d4b" outcome="Passed" testListId="a886ad11-ee27-47d0-9dc7-5005b46bf5ee" />
    <UnitTestResult executionId="6757eaf4-ce7d-4813-979c-74abd9af2d63" testId="cedfe35d-aa58-443f-b2b2-4342c27f62b1" testName="Test2096" computerName="UA-LPT-OGA2" duration="00:00:01.8100000" startTime="2025-05-14T13:20:31.3146610Z" endTime="2025-05-14T13:25:31.3147553Z" testType="13cdc9d9-ddb5-4fa4-a97d-d965ccfc6d4b" outcome="Passed" testListId="a886ad11-ee27-47d0-9dc7-5005b46bf5ee" />
    <UnitTestResult executionId="aa38058a-d229-4a5a-98e1-fc0eaeaf1deb" testId="b291abc6-8b50-4265-a564-3f25a30b4a5c" testName="Test2097" computerName="UA-LPT-OGA2" duration="00:00:01.2510000" startTime="2025-05-14T13:20:31.3146610Z" endTime="2025-05-14T13:25:31.3147553Z" testType="13cdc9d9-ddb5-4fa4-a97d-d965ccfc6d4b" outcome="Passed" testListId="a886ad11-ee27-47d0-9dc7-5005b46bf5ee" />
    <UnitTestResult executionId="4876e178-f208-4a7f-b01c-9e4d51ff8843" testId="e2da7e58-0ba1-4450-94e5-e2ae29ba7a0a" testName="Test2098" computerName="UA-LPT-OGA2" duration="00:00:00.6170000" startTime="2025-05-14T13:20:31.3146610Z" endTime="2025-05-14T13:25:31.3147553Z" testType="13cdc9d9-ddb5-4fa4-a97d-d965ccfc6d4b" outcome="Passed" testListId="a886ad11-ee27-47d0-9dc7-5005b46bf5ee" />
    <UnitTestResult executionId="f2d67efc-eeac-45e1-9f76-484e57fd5f1f" testId="e031862f-933d-48b1-a6df-fed3c9d5bb82" testName="Test2099" computerName="UA-LPT-OGA2" duration="00:00:01.3080000" startTime="2025-05-14T13:20:31.3146610Z" endTime="2025-05-14T13:25:31.3147553Z" testType="13cdc9d9-ddb5-4fa4-a97d-d965ccfc6d4b" outcome="Passed" testListId="a886ad11-ee27-47d0-9dc7-5005b46bf5ee" />
    <UnitTestResult executionId="809e1ee0-0a50-4826-ba38-707772f49863" testId="e3bbd11e-b9fc-4ba4-803b-b12e61a7e208" testName="Test2100" computerName="UA-LPT-OGA2" duration="00:00:00.1810000" startTime="2025-05-14T13:20:31.3146610Z" endTime="2025-05-14T13:25:31.3147553Z" testType="13cdc9d9-ddb5-4fa4-a97d-d965ccfc6d4b" outcome="Passed" testListId="a886ad11-ee27-47d0-9dc7-5005b46bf5ee" />
  </Results>
  <TestDefinitions>
    <UnitTest name="Test2001" id="080ebcf2-b11e-43eb-91ad-18d3132e1ccf" storage="TestAssembly.dll">
      <Execution id="8689b3ac-012d-4f12-9fa1-37905ee84cad" />
      <TestMethod codeBase="TestAssembly.dll" className="TestNamespace.TestClass1" name="Test2001" />
    </UnitTest>
    <UnitTest name="Test2002" id="0319bbcc-c8a1-497d-81c7-0fb672a53289" storage="TestAssembly.dll">
      <Execution id="19ccd095-c9a5-4ab0-840b-6791ad93938f" />
      <TestMethod codeBase="TestAssembly.dll" className="TestNamespace.TestClass1" name="Test2002" />
    </UnitTest>
    <UnitTest name="Test2003" id="ac61a7fa-ace0-4e80-8a75-710870ad3cd5" storage="TestAssembly.dll">
      <Execution id="98a23ed2-8859-4c03-9da0-69ef583d116f" />
      <TestMethod codeBase="TestAssembly.dll" className="TestNamespace.TestClass1" name="Test2003" />
    </UnitTest>
    <UnitTest name="Test2004" id="00d38c65-74e1-49d2-ab1c-11caa8917cac" storage="TestAssembly.dll">
      <Execution id="508d5f3a-1bdc-40e8-a72a-796bff5c6a03" />
      <TestMethod codeBase="TestAssembly.dll" className="TestNamespace.TestClass1" name="Test2004" />
    </UnitTest>
    <UnitTest name="Test2005" id="b0eb4fad-95f3-483a-80c2-d882c57e094d" storage="TestAssembly.dll">
      <Execution id="bc4c978f-579b-414d-b7c4-34f1a015bc0e" />
      <TestMethod codeBase="TestAssembly.dll" className="TestNamespace.TestClass1" name="Test2005" />
    </UnitTest>
    <UnitTest name="Test2006" id="1cb1ac14-f5f8-4547-ae06-754d13b73b14" storage="TestAssembly.dll">
      <Execution id="d4ef4a04-0954-4f1e-b722-7bb8a7f50b82" />
      <TestMethod codeBase="TestAssembly.dll" className="TestNamespace.TestClass1" name="Test2006" />
    </UnitTest>
    <UnitTest name="Test2007" id="0e63cc7f-204e-4ad8-b33c-25a8b8f7093f" storage="TestAssembly.dll">
      <Execution id="a23c155a-bb6a-4701-995b-0e736fa5ba45" />
      <TestMethod codeBase="TestAssembly.dll" className="TestNamespace.TestClass1" name="Test2007" />
    </UnitTest>
    <UnitTest name="Test2008" id="f1d479a6-3fff-494b-ad49-fc57088fd5f7" storage="TestAssembly.dll">
      <Execution id="da5174e9-2a46-489e-a2a3-4e568740668f" />
      <TestMethod codeBase="TestAssembly.dll" className="TestNamespace.TestClass1" name="Test2008" />
    </UnitTest>
    <UnitTest name="Test2009" id="bb18aea2-9286-44b7-a433-ffedcb2fa11f" storage="TestAssembly.dll">
      <Execution id="908b06cd-881d-41e5-85ec-583227abe3ea" />
      <TestMethod codeBase="TestAssembly.dll" className="TestNamespace.TestClass1" name="Test2009" />
    </UnitTest>
    <UnitTest name="Test2010" id="0df36776-3d24-4106-b252-20178dc664e7" storage="TestAssembly.dll">
      <Execution id="22cbe2ea-bd2a-4453-8a8d-4748ebfbfd8d" />
      <TestMethod codeBase="TestAssembly.dll" className="TestNamespace.TestClass1" name="Test2010" />
    </UnitTest>
    <UnitTest name="Test2011" id="5ed0d1f7-723c-49e1-9f05-29100234a068" storage="TestAssembly.dll">
      <Execution id="adb4ba93-f76b-458d-b0e0-4864b82ec6da" />
      <TestMethod codeBase="TestAssembly.dll" className="TestNamespace.TestClass2" name="Test2011" />
    </UnitTest>
    <UnitTest name="Test2012" id="f815f28b-935a-4869-a7bd-029d9707acce" storage="TestAssembly.dll">
      <Execution id="61a2a063-1070-43b2-bd51-88d3f9b1232a" />
      <TestMethod codeBase="TestAssembly.dll" className="TestNamespace.TestClass2" name="Test2012" />
    </UnitTest>
    <UnitTest name="Test2013" id="977762ea-fbd8-4b11-9e4e-34a003d55242" storage="TestAssembly.dll">
      <Execution id="10341ae5-f3c1-4033-beb7-ab6134694e8b" />
      <TestMethod codeBase="TestAssembly.dll" className="TestNamespace.TestClass2" name="Test2013" />
    </UnitTest>
    <UnitTest name="Test2014" id="8eef4772-fcf0-4f99-b0fd-7b9959cd3f90" storage="TestAssembly.dll">
      <Execution id="9c1ce560-ea8b-4864-9858-c8fd2240da56" />
      <TestMethod codeBase="TestAssembly.dll" className="TestNamespace.TestClass2" name="Test2014" />
    </UnitTest>
    <UnitTest name="Test2015" id="a13eee94-8034-43df-9c1a-c8d62e3302df" storage="TestAssembly.dll">
      <Execution id="d4497174-c6db-4a68-b648-c2bcc9f73161" />
      <TestMethod codeBase="TestAssembly.dll" className="TestNamespace.TestClass2" name="Test2015" />
    </UnitTest>
    <UnitTest name="Test2016" id="d3affdaa-fb13-42d1-b45e-8ddf8a6ce7f3" storage="TestAssembly.dll">
      <Execution id="d1058923-fa83-42db-9628-ad0a280d9348" />
      <TestMethod codeBase="TestAssembly.dll" className="TestNamespace.TestClass2" name="Test2016" />
    </UnitTest>
    <UnitTest name="Test2017" id="f93824bf-40f5-4590-be73-bb2fe8af9cb3" storage="TestAssembly.dll">
      <Execution id="b1d00d92-09a9-4d88-8393-98a684469bd7" />
      <TestMethod codeBase="TestAssembly.dll" className="TestNamespace.TestClass2" name="Test2017" />
    </UnitTest>
    <UnitTest name="Test2018" id="8a46f8a7-4c50-434e-8ca4-6ad001ad1dae" storage="TestAssembly.dll">
      <Execution id="227f35fb-711d-4d10-b983-50c6bc16588a" />
      <TestMethod codeBase="TestAssembly.dll" className="TestNamespace.TestClass2" name="Test2018" />
    </UnitTest>
    <UnitTest name="Test2019" id="5fcb3737-c96d-4e8d-b5a8-5d62204a0a0a" storage="TestAssembly.dll">
      <Execution id="a147eab3-4b41-4441-9e39-e34e891f79f3" />
      <TestMethod codeBase="TestAssembly.dll" className="TestNamespace.TestClass2" name="Test2019" />
    </UnitTest>
    <UnitTest name="Test2020" id="3c16c015-4996-4252-8677-e14af3b4b2fa" storage="TestAssembly.dll">
      <Execution id="ef19a253-51e2-48ad-abe9-7130f9b7ed5d" />
      <TestMethod codeBase="TestAssembly.dll" className="TestNamespace.TestClass2" name="Test2020" />
    </UnitTest>
    <UnitTest name="Test2021" id="04cd5d57-8c52-4a64-9fbe-550555eae8d2" storage="TestAssembly.dll">
      <Execution id="843a8196-baf3-4a12-8b87-46bc9ae14a7e" />
      <TestMethod codeBase="TestAssembly.dll" className="TestNamespace.TestClass3" name="Test2021" />
    </UnitTest>
    <UnitTest name="Test2022" id="140f1cf9-85e5-4ca9-96c3-d2fd5445ae16" storage="TestAssembly.dll">
      <Execution id="b30358c1-d8df-45b6-9fca-034e4d070bf8" />
      <TestMethod codeBase="TestAssembly.dll" className="TestNamespace.TestClass3" name="Test2022" />
    </UnitTest>
    <UnitTest name="Test2023" id="31be8be1-83bb-4360-b844-7191de65146c" storage="TestAssembly.dll">
      <Execution id="9a45545c-1290-4b6a-88ea-9959ecb590cd" />
      <TestMethod codeBase="TestAssembly.dll" className="TestNamespace.TestClass3" name="Test2023" />
    </UnitTest>
    <UnitTest name="Test2024" id="8fd6809c-d0a5-49b6-87d3-f1af2684e278" storage="TestAssembly.dll">
      <Execution id="081b949d-a8b9-4f1a-afac-691ffcc24a24" />
      <TestMethod codeBase="TestAssembly.dll" className="TestNamespace.TestClass3" name="Test2024" />
    </UnitTest>
    <UnitTest name="Test2025" id="41807932-257e-41b9-abd7-4c24abd01327" storage="TestAssembly.dll">
      <Execution id="5e5daba9-50a3-49ad-8ebf-e7b3b380f7bc" />
      <TestMethod codeBase="TestAssembly.dll" className="TestNamespace.TestClass3" name="Test2025" />
    </UnitTest>
    <UnitTest name="Test2026" id="ab106f71-6c1f-4f5c-b381-4909e9b9e6d3" storage="TestAssembly.dll">
      <Execution id="ab0c23c6-4544-4c2a-95ed-8273533f9ff9" />
      <TestMethod codeBase="TestAssembly.dll" className="TestNamespace.TestClass3" name="Test2026" />
    </UnitTest>
    <UnitTest name="Test2027" id="b13111f1-385c-48fd-b9c0-ecca2a320217" storage="TestAssembly.dll">
      <Execution id="842c6cc1-677e-47ef-bbf5-2693e13dc3f5" />
      <TestMethod codeBase="TestAssembly.dll" className="TestNamespace.TestClass3" name="Test2027" />
    </UnitTest>
    <UnitTest name="Test2028" id="03c227da-d312-49e2-bbdf-87cf8c9eea36" storage="TestAssembly.dll">
      <Execution id="029cba06-2d30-463f-8d53-e47acc0de240" />
      <TestMethod codeBase="TestAssembly.dll" className="TestNamespace.TestClass3" name="Test2028" />
    </UnitTest>
    <UnitTest name="Test2029" id="d97d58f7-152f-4f80-a2c0-80879932aeae" storage="TestAssembly.dll">
      <Execution id="0007da44-2fb0-442d-a84b-738fe47521ed" />
      <TestMethod codeBase="TestAssembly.dll" className="TestNamespace.TestClass3" name="Test2029" />
    </UnitTest>
    <UnitTest name="Test2030" id="0e0d48b3-a674-4a39-b334-81a53875dbfe" storage="TestAssembly.dll">
      <Execution id="8f0e3881-1a4b-4f90-97c6-36ca9f0f6aae" />
      <TestMethod codeBase="TestAssembly.dll" className="TestNamespace.TestClass3" name="Test2030" />
    </UnitTest>
    <UnitTest name="Test2031" id="13b41859-db9b-4016-8928-b83dbebb6267" storage="TestAssembly.dll">
      <Execution id="b2a749fe-2e21-44dd-b274-fd8856b56e7e" />
      <TestMethod codeBase="TestAssembly.dll" className="TestNamespace.TestClass4" name="Test2031" />
    </UnitTest>
    <UnitTest name="Test2032" id="5ccc155b-434f-45ff-8ca2-9b3db735d159" storage="TestAssembly.dll">
      <Execution id="9c68e336-e599-4e38-a6d6-976e0177bdc4" />
      <TestMethod codeBase="TestAssembly.dll" className="TestNamespace.TestClass4" name="Test2032" />
    </UnitTest>
    <UnitTest name="Test2033" id="fecaf82f-5e85-44f6-aa78-4af0c7efd9f9" storage="TestAssembly.dll">
      <Execution id="d872d327-7f95-4f22-91fd-40207be995f5" />
      <TestMethod codeBase="TestAssembly.dll" className="TestNamespace.TestClass4" name="Test2033" />
    </UnitTest>
    <UnitTest name="Test2034" id="fd8806bb-8018-45c1-9b55-c3c8a5e7725d" storage="TestAssembly.dll">
      <Execution id="bab1079b-e1fe-4ef7-8ea9-1cf1d878f4f0" />
      <TestMethod codeBase="TestAssembly.dll" className="TestNamespace.TestClass4" name="Test2034" />
    </UnitTest>
    <UnitTest name="Test2035" id="d77cd128-46a2-4067-9a20-7a21a43d94eb" storage="TestAssembly.dll">
      <Execution id="2b614d7c-c5dd-4875-ac28-dbf29ec07c5d" />
      <TestMethod codeBase="TestAssembly.dll" className="TestNamespace.TestClass4" name="Test2035" />
    </UnitTest>
    <UnitTest name="Test2036" id="29f71e2a-ed15-4495-8254-7f306630def9" storage="TestAssembly.dll">
      <Execution id="5e7d36db-748e-49f0-b157-d1077f82e978" />
      <TestMethod codeBase="TestAssembly.dll" className="TestNamespace.TestClass4" name="Test2036" />
    </UnitTest>
    <UnitTest name="Test2037" id="6bf8f572-6b25-4f56-a877-e9745b8eec50" storage="TestAssembly.dll">
      <Execution id="3e9686b0-28c8-45e6-aad1-495bc91e45cf" />
      <TestMethod codeBase="TestAssembly.dll" className="TestNamespace.TestClass4" name="Test2037" />
    </UnitTest>
    <UnitTest name="Test2038" id="0a73f219-151f-444f-b2fe-2c1cd8366102" storage="TestAssembly.dll">
      <Execution id="306fcdce-f46a-4223-a26f-76c947ffae5d" />
      <TestMethod codeBase="TestAssembly.dll" className="TestNamespace.TestClass4" name="Test2038" />
    </UnitTest>
    <UnitTest name="Test2039" id="cbff2b1a-6413-4321-8e09-1635be6417cb" storage="TestAssembly.dll">
      <Execution id="2fbd95aa-8002-4ff5-9335-15bb9999b1ed" />
      <TestMethod codeBase="TestAssembly.dll" className="TestNamespace.TestClass4" name="Test2039" />
    </UnitTest>
    <UnitTest name="Test2040" id="d183fad4-b404-462e-9d16-92e13cf50855" storage="TestAssembly.dll">
      <Execution id="04fe7f38-5ee3-4ab9-bfef-761edec9a170" />
      <TestMethod codeBase="TestAssembly.dll" className="TestNamespace.TestClass4" name="Test2040" />
    </UnitTest>
    <UnitTest name="Test2041" id="8c3b5ee8-e21f-4363-bb87-571420564a17" storage="TestAssembly.dll">
      <Execution id="1a55cf04-4f00-48af-b9f5-e88c72115f7e" />
      <TestMethod codeBase="TestAssembly.dll" className="TestNamespace.TestClass5" name="Test2041" />
    </UnitTest>
    <UnitTest name="Test2042" id="c43445f4-965d-47ed-8121-9fe0f528fd08" storage="TestAssembly.dll">
      <Execution id="737fb794-199d-4a50-b797-55488dfba77f" />
      <TestMethod codeBase="TestAssembly.dll" className="TestNamespace.TestClass5" name="Test2042" />
    </UnitTest>
    <UnitTest name="Test2043" id="b36b9116-8198-4b8f-8383-8f1d52feae5e" storage="TestAssembly.dll">
      <Execution id="11f3d53f-2eb8-4915-88c3-c80ed1912430" />
      <TestMethod codeBase="TestAssembly.dll" className="TestNamespace.TestClass5" name="Test2043" />
    </UnitTest>
    <UnitTest name="Test2044" id="35950261-980b-4812-87d7-83c3893f0d8d" storage="TestAssembly.dll">
      <Execution id="b5023042-7133-4468-82ec-b9d2bd424f02" />
      <TestMethod codeBase="TestAssembly.dll" className="TestNamespace.TestClass5" name="Test2044" />
    </UnitTest>
    <UnitTest name="Test2045" id="fc4d050d-1ff6-4f79-af33-d49b3fd42648" storage="TestAssembly.dll">
      <Execution id="045244da-d5b1-432f-ba7f-678348bda701" />
      <TestMethod codeBase="TestAssembly.dll" className="TestNamespace.TestClass5" name="Test2045" />
    </UnitTest>
    <UnitTest name="Test2046" id="b31d7093-c8c3-4d48-b9c8-62aaa79f98ce" storage="TestAssembly.dll">
      <Execution id="36ba942a-1248-46a5-9836-a3c4db09d2dd" />
      <TestMethod codeBase="TestAssembly.dll" className="TestNamespace.TestClass5" name="Test2046" />
    </UnitTest>
    <UnitTest name="Test2047" id="50807f2c-c5d2-447b-969d-dd371544a62c" storage="TestAssembly.dll">
      <Execution id="ca28f3f1-346f-4382-aee3-a0b2ed61c865" />
      <TestMethod codeBase="TestAssembly.dll" className="TestNamespace.TestClass5" name="Test2047" />
    </UnitTest>
    <UnitTest name="Test2048" id="204e933e-ecf6-4b2f-835f-c9984df2f374" storage="TestAssembly.dll">
      <Execution id="fe505e09-859c-4244-b792-52a149183dc3" />
      <TestMethod codeBase="TestAssembly.dll" className="TestNamespace.TestClass5" name="Test2048" />
    </UnitTest>
    <UnitTest name="Test2049" id="cb51e375-c92b-4d91-916b-9de9007a1502" storage="TestAssembly.dll">
      <Execution id="71dc9c52-52be-4c87-beaa-ca95e1bd063f" />
      <TestMethod codeBase="TestAssembly.dll" className="TestNamespace.TestClass5" name="Test2049" />
    </UnitTest>
    <UnitTest name="Test2050" id="511efb57-fc42-43bc-8163-80772718ab00" storage="TestAssembly.dll">
      <Execution id="40843aa4-fc2f-4e33-a5aa-d40118fc165f" />
      <TestMethod codeBase="TestAssembly.dll" className="TestNamespace.TestClass5" name="Test2050" />
    </UnitTest>
    <UnitTest name="Test2051" id="d095eca9-caf0-4148-a2a5-20f5fcaf40c2" storage="TestAssembly.dll">
      <Execution id="0377379c-a3ca-4922-96d4-2ecd88c050bc" />
      <TestMethod codeBase="TestAssembly.dll" className="TestNamespace.TestClass6" name="Test2051" />
    </UnitTest>
    <UnitTest name="Test2052" id="a080bb0b-6cac-423f-96ea-a3c761666aa7" storage="TestAssembly.dll">
      <Execution id="4d1f2007-b0d8-406c-af02-316d91d3a5d1" />
      <TestMethod codeBase="TestAssembly.dll" className="TestNamespace.TestClass6" name="Test2052" />
    </UnitTest>
    <UnitTest name="Test2053" id="1e0db4dd-0be7-4d0b-8a22-d6c842391c97" storage="TestAssembly.dll">
      <Execution id="5eabfcbb-7a1c-4fbe-a35d-e6d3fd3cb5ad" />
      <TestMethod codeBase="TestAssembly.dll" className="TestNamespace.TestClass6" name="Test2053" />
    </UnitTest>
    <UnitTest name="Test2054" id="000bf114-93c1-42ea-8d61-b09a7352d161" storage="TestAssembly.dll">
      <Execution id="cc298201-8897-437b-8f3d-e99446776e51" />
      <TestMethod codeBase="TestAssembly.dll" className="TestNamespace.TestClass6" name="Test2054" />
    </UnitTest>
    <UnitTest name="Test2055" id="8fad6bbe-cbb7-4eca-98bc-210f082e7b50" storage="TestAssembly.dll">
      <Execution id="ecbef783-4ed6-40bd-b148-06d539daa2b3" />
      <TestMethod codeBase="TestAssembly.dll" className="TestNamespace.TestClass6" name="Test2055" />
    </UnitTest>
    <UnitTest name="Test2056" id="a6292f9c-50a5-432f-b6b2-4a74f92e2e59" storage="TestAssembly.dll">
      <Execution id="0b4b1da1-8e79-4862-acdf-61818346ef5e" />
      <TestMethod codeBase="TestAssembly.dll" className="TestNamespace.TestClass6" name="Test2056" />
    </UnitTest>
    <UnitTest name="Test2057" id="b946bed5-d269-4b53-b421-ea9123c38ce4" storage="TestAssembly.dll">
      <Execution id="6f05b555-c31d-4a5b-84ef-0430b18cf90c" />
      <TestMethod codeBase="TestAssembly.dll" className="TestNamespace.TestClass6" name="Test2057" />
    </UnitTest>
    <UnitTest name="Test2058" id="a9a57b6e-73f2-444c-b481-a3ccf5a8cfa9" storage="TestAssembly.dll">
      <Execution id="d0c087e8-026d-4aa2-958e-65342d8b3e2a" />
      <TestMethod codeBase="TestAssembly.dll" className="TestNamespace.TestClass6" name="Test2058" />
    </UnitTest>
    <UnitTest name="Test2059" id="26908ebe-c01b-4935-9b4f-286e11355618" storage="TestAssembly.dll">
      <Execution id="5a55f4f4-44c6-4703-9196-a8f4c171102f" />
      <TestMethod codeBase="TestAssembly.dll" className="TestNamespace.TestClass6" name="Test2059" />
    </UnitTest>
    <UnitTest name="Test2060" id="67781032-5cd8-43c9-9ec7-0083a8ba02d4" storage="TestAssembly.dll">
      <Execution id="9c7b9e5e-880f-44a7-8046-5d8b1350f0a8" />
      <TestMethod codeBase="TestAssembly.dll" className="TestNamespace.TestClass6" name="Test2060" />
    </UnitTest>
    <UnitTest name="Test2061" id="7300f6a2-f376-478f-851d-76b8420e9e1d" storage="TestAssembly.dll">
      <Execution id="3209e538-6fac-4b59-857c-7b6cb226ef1b" />
      <TestMethod codeBase="TestAssembly.dll" className="TestNamespace.TestClass7" name="Test2061" />
    </UnitTest>
    <UnitTest name="Test2062" id="03a3e0fd-cf10-4f89-92f1-48c31b7c3fdb" storage="TestAssembly.dll">
      <Execution id="06b68865-c27f-4557-9a30-a12ed6b8671c" />
      <TestMethod codeBase="TestAssembly.dll" className="TestNamespace.TestClass7" name="Test2062" />
    </UnitTest>
    <UnitTest name="Test2063" id="4d18062e-98bd-4a0c-b09d-5444dded2c44" storage="TestAssembly.dll">
      <Execution id="82b00e21-d708-42b3-a9f7-aff468ac7541" />
      <TestMethod codeBase="TestAssembly.dll" className="TestNamespace.TestClass7" name="Test2063" />
    </UnitTest>
    <UnitTest name="Test2064" id="43c1a5dc-689c-496e-98b6-288c8f46efe3" storage="TestAssembly.dll">
      <Execution id="70d03f2c-275e-4be2-8323-d103e8b198ec" />
      <TestMethod codeBase="TestAssembly.dll" className="TestNamespace.TestClass7" name="Test2064" />
    </UnitTest>
    <UnitTest name="Test2065" id="d3f25c10-f57d-42ad-871c-243c3358f470" storage="TestAssembly.dll">
      <Execution id="929b301d-bb86-444b-8923-ccbcc896c3b1" />
      <TestMethod codeBase="TestAssembly.dll" className="TestNamespace.TestClass7" name="Test2065" />
    </UnitTest>
    <UnitTest name="Test2066" id="1b5a8c37-6a51-49ac-85c9-97b3a05d6d88" storage="TestAssembly.dll">
      <Execution id="ee322c83-ccbb-43ef-b598-692f421d543f" />
      <TestMethod codeBase="TestAssembly.dll" className="TestNamespace.TestClass7" name="Test2066" />
    </UnitTest>
    <UnitTest name="Test2067" id="5f37592d-2373-4a9f-817b-bd056ffaca0d" storage="TestAssembly.dll">
      <Execution id="d29b73d9-56d6-46aa-a611-3be9ea4c3315" />
      <TestMethod codeBase="TestAssembly.dll" className="TestNamespace.TestClass7" name="Test2067" />
    </UnitTest>
    <UnitTest name="Test2068" id="c8b89d76-15be-414b-a94c-d76779c20c41" storage="TestAssembly.dll">
      <Execution id="88bce9d2-bb10-45db-aab0-05b4550210a8" />
      <TestMethod codeBase="TestAssembly.dll" className="TestNamespace.TestClass7" name="Test2068" />
    </UnitTest>
    <UnitTest name="Test2069" id="9a23658d-4775-4f13-8a44-bf5b6ce85525" storage="TestAssembly.dll">
      <Execution id="0f03ce3b-2c6e-4963-9700-0d1e08106e37" />
      <TestMethod codeBase="TestAssembly.dll" className="TestNamespace.TestClass7" name="Test2069" />
    </UnitTest>
    <UnitTest name="Test2070" id="2a3a168c-0d32-4b94-a500-7123fef3b88c" storage="TestAssembly.dll">
      <Execution id="aaad7673-dece-49bd-a8bb-931aac79582b" />
      <TestMethod codeBase="TestAssembly.dll" className="TestNamespace.TestClass7" name="Test2070" />
    </UnitTest>
    <UnitTest name="Test2071" id="93e9ce22-054a-4411-bee3-ad7d3ea48f6b" storage="TestAssembly.dll">
      <Execution id="2210400e-c183-4698-8e59-e487418c5035" />
      <TestMethod codeBase="TestAssembly.dll" className="TestNamespace.TestClass8" name="Test2071" />
    </UnitTest>
    <UnitTest name="Test2072" id="e069c706-8488-47d1-8279-be4006df856c" storage="TestAssembly.dll">
      <Execution id="c5772e6f-76d4-4593-b148-c07c8ef5c2d4" />
      <TestMethod codeBase="TestAssembly.dll" className="TestNamespace.TestClass8" name="Test2072" />
    </UnitTest>
    <UnitTest name="Test2073" id="c041ce53-9e44-4baf-afa9-c109b7b5fad5" storage="TestAssembly.dll">
      <Execution id="e07d96ae-7619-44aa-b79b-a4d9ed02bf19" />
      <TestMethod codeBase="TestAssembly.dll" className="TestNamespace.TestClass8" name="Test2073" />
    </UnitTest>
    <UnitTest name="Test2074" id="2aeccb03-dbf5-42ff-b055-6cd537ad5f95" storage="TestAssembly.dll">
      <Execution id="fb05b44f-f901-4d35-a364-84276da2963b" />
      <TestMethod codeBase="TestAssembly.dll" className="TestNamespace.TestClass8" name="Test2074" />
    </UnitTest>
    <UnitTest name="Test2075" id="b0d94835-957c-4d53-b908-00eb27c9a0ac" storage="TestAssembly.dll">
      <Execution id="a65e6e8e-d096-4f38-9c3b-abb4147be696" />
      <TestMethod codeBase="TestAssembly.dll" className="TestNamespace.TestClass8" name="Test2075" />
    </UnitTest>
    <UnitTest name="Test2076" id="f6c9895a-7ec5-4418-ac20-e3ed7f1c4e4c" storage="TestAssembly.dll">
      <Execution id="4fef3d55-01de-4d67-8732-40ead7d81de1" />
      <TestMethod codeBase="TestAssembly.dll" className="TestNamespace.TestClass8" name="Test2076" />
    </UnitTest>
    <UnitTest name="Test2077" id="cedb3572-7da1-4dd5-8152-91602dc25888" storage="TestAssembly.dll">
      <Execution id="fb3677f7-b7d2-41ae-ae13-a850b1e4e27f" />
      <TestMethod codeBase="TestAssembly.dll" className="TestNamespace.TestClass8" name="Test2077" />
    </UnitTest>
    <UnitTest name="Test2078" id="cbb47ff2-e261-4ed2-a21d-b25ae27239dd" storage="TestAssembly.dll">
      <Execution id="89c0f15e-ce79-41c8-89b1-77eec9a8c869" />
      <TestMethod codeBase="TestAssembly.dll" className="TestNamespace.TestClass8" name="Test2078" />
    </UnitTest>
    <UnitTest name="Test2079" id="ece971f4-aed7-4d68-a5d3-148efba8795a" storage="TestAssembly.dll">
      <Execution id="670e6fe0-0400-462f-b1b9-23d0a2658972" />
      <TestMethod codeBase="TestAssembly.dll" className="TestNamespace.TestClass8" name="Test2079" />
    </UnitTest>
    <UnitTest name="Test2080" id="07dfa650-8a6c-4fb4-9733-95d553e2fd13" storage="TestAssembly.dll">
      <Execution id="2cafed56-0ea8-4765-a2df-1367d9aa382c" />
      <TestMethod codeBase="TestAssembly.dll" className="TestNamespace.TestClass8" name="Test2080" />
    </UnitTest>
    <UnitTest name="Test2081" id="063012ea-4de9-48d8-b245-63bc10e101c4" storage="TestAssembly.dll">
      <Execution id="42e99b6a-52ea-4473-be85-9c79b215fc20" />
      <TestMethod codeBase="TestAssembly.dll" className="TestNamespace.TestClass9" name="Test2081" />
    </UnitTest>
    <UnitTest name="Test2082" id="223eb464-f16c-4d9d-86d9-59f55f235b21" storage="TestAssembly.dll">
      <Execution id="e307209c-c009-4bab-8aa9-d78025717896" />
      <TestMethod codeBase="TestAssembly.dll" className="TestNamespace.TestClass9" name="Test2082" />
    </UnitTest>
    <UnitTest name="Test2083" id="8760193f-25ee-43b6-91d5-1fbad281f784" storage="TestAssembly.dll">
      <Execution id="302649a9-9207-4f51-9168-3aa1ddd1e228" />
      <TestMethod codeBase="TestAssembly.dll" className="TestNamespace.TestClass9" name="Test2083" />
    </UnitTest>
    <UnitTest name="Test2084" id="d393f419-8141-48f1-9a74-eeeac3e22662" storage="TestAssembly.dll">
      <Execution id="7e8595ee-8c14-44db-9e1f-3f48572309d3" />
      <TestMethod codeBase="TestAssembly.dll" className="TestNamespace.TestClass9" name="Test2084" />
    </UnitTest>
    <UnitTest name="Test2085" id="b3480a96-5c0b-453c-a7ed-f857273bf6d1" storage="TestAssembly.dll">
      <Execution id="c2fc9c14-3f13-40af-b692-d979ee385def" />
      <TestMethod codeBase="TestAssembly.dll" className="TestNamespace.TestClass9" name="Test2085" />
    </UnitTest>
    <UnitTest name="Test2086" id="a22fe236-2a32-425f-ad0d-cb36f502ee98" storage="TestAssembly.dll">
      <Execution id="cf5dc52c-2783-4bd1-8591-ac4aa9b412d7" />
      <TestMethod codeBase="TestAssembly.dll" className="TestNamespace.TestClass9" name="Test2086" />
    </UnitTest>
    <UnitTest name="Test2087" id="2ff4ab2c-e3d6-4a54-b00e-86c19daf860a" storage="TestAssembly.dll">
      <Execution id="0efda0ed-2818-43d3-9bd3-ac13bf963646" />
      <TestMethod codeBase="TestAssembly.dll" className="TestNamespace.TestClass9" name="Test2087" />
    </UnitTest>
    <UnitTest name="Test2088" id="9cbf5c4e-9954-41c3-a047-4527820ab3af" storage="TestAssembly.dll">
      <Execution id="27b2cb36-3d18-4d47-a364-e96fcc3b91fb" />
      <TestMethod codeBase="TestAssembly.dll" className="TestNamespace.TestClass9" name="Test2088" />
    </UnitTest>
    <UnitTest name="Test2089" id="26a8d296-58f1-4e9a-9d2f-6006f0e36be6" storage="TestAssembly.dll">
      <Execution id="d968af7f-9390-4fcc-b24f-aa2e009a79e3" />
      <TestMethod codeBase="TestAssembly.dll" className="TestNamespace.TestClass9" name="Test2089" />
    </UnitTest>
    <UnitTest name="Test2090" id="c484e3d7-e8c8-45a1-b391-bb269416712f" storage="TestAssembly.dll">
      <Execution id="03f71fce-5aa5-4d0e-a194-bbcde88ebf99" />
      <TestMethod codeBase="TestAssembly.dll" className="TestNamespace.TestClass9" name="Test2090" />
    </UnitTest>
    <UnitTest name="Test2091" id="8724499d-3394-4ca5-97dc-981fff9f9db7" storage="TestAssembly.dll">
      <Execution id="72b4620d-e3aa-40be-80c8-80befd152479" />
      <TestMethod codeBase="TestAssembly.dll" className="TestNamespace.TestClass10" name="Test2091" />
    </UnitTest>
    <UnitTest name="Test2092" id="152358b9-989b-4941-a021-02701a50654f" storage="TestAssembly.dll">
      <Execution id="a688acd4-ffc7-4945-a2d3-094b4882032d" />
      <TestMethod codeBase="TestAssembly.dll" className="TestNamespace.TestClass10" name="Test2092" />
    </UnitTest>
    <UnitTest name="Test2093" id="e6e5d0d9-fbcf-4c46-b4f5-75744b682c15" storage="TestAssembly.dll">
      <Execution id="889ad9a0-49fe-42cd-a491-8b0ea0c8c1f1" />
      <TestMethod codeBase="TestAssembly.dll" className="TestNamespace.TestClass10" name="Test2093" />
    </UnitTest>
    <UnitTest name="Test2094" id="7aebd7ff-dfa8-47a0-932f-9b4eca3a2ce9" storage="TestAssembly.dll">
      <Execution id="13f25439-4d30-4f47-8511-1fa13591d59b" />
      <TestMethod codeBase="TestAssembly.dll" className="TestNamespace.TestClass10" name="Test2094" />
    </UnitTest>
    <UnitTest name="Test2095" id="8ec56277-89b5-4368-80db-145c0a89f982" storage="TestAssembly.dll">
      <Execution id="bd17bed9-ea3c-467a-9695-a453dbd60e65" />
      <TestMethod codeBase="TestAssembly.dll" className="TestNamespace.TestClass10" name="Test2095" />
    </UnitTest>
    <UnitTest name="Test2096" id="cedfe35d-aa58-443f-b2b2-4342c27f62b1" storage="TestAssembly.dll">
      <Execution id="6757eaf4-ce7d-4813-979c-74abd9af2d63" />
      <TestMethod codeBase="TestAssembly.dll" className="TestNamespace.TestClass10" name="Test2096" />
    </UnitTest>
    <UnitTest name="Test2097" id="b291abc6-8b50-4265-a564-3f25a30b4a5c" storage="TestAssembly.dll">
      <Execution id="aa38058a-d229-4a5a-98e1-fc0eaeaf1deb" />
      <TestMethod codeBase="TestAssembly.dll" className="TestNamespace.TestClass10" name="Test2097" />
    </UnitTest>
    <UnitTest name="Test2098" id="e2da7e58-0ba1-4450-94e5-e2ae29ba7a0a" storage="TestAssembly.dll">
      <Execution id="4876e178-f208-4a7f-b01c-9e4d51ff8843" />
      <TestMethod codeBase="TestAssembly.dll" className="TestNamespace.TestClass10" name="Test2098" />
    </UnitTest>
    <UnitTest name="Test2099" id="e031862f-933d-48b1-a6df-fed3c9d5bb82" storage="TestAssembly.dll">
      <Execution id="f2d67efc-eeac-45e1-9f76-484e57fd5f1f" />
      <TestMethod codeBase="TestAssembly.dll" className="TestNamespace.TestClass10" name="Test2099" />
    </UnitTest>
    <UnitTest name="Test2100" id="e3bbd11e-b9fc-4ba4-803b-b12e61a7e208" storage="TestAssembly.dll">
      <Execution id="809e1ee0-0a50-4826-ba38-707772f49863" />
      <TestMethod codeBase="TestAssembly.dll" className="TestNamespace.TestClass10" name="Test2100" />
    </UnitTest>
  </TestDefinitions>
  <TestEntries>
    <TestEntry testId="080ebcf2-b11e-43eb-91ad-18d3132e1ccf" executionId="8689b3ac-012d-4f12-9fa1-37905ee84cad" testListId="a886ad11-ee27-47d0-9dc7-5005b46bf5ee" />
    <TestEntry testId="0319bbcc-c8a1-497d-81c7-0fb672a53289" executionId="19ccd095-c9a5-4ab0-840b-6791ad93938f" testListId="a886ad11-ee27-47d0-9dc7-5005b46bf5ee" />
    <TestEntry testId="ac61a7fa-ace0-4e80-8a75-710870ad3cd5" executionId="98a23ed2-8859-4c03-9da0-69ef583d116f" testListId="a886ad11-ee27-47d0-9dc7-5005b46bf5ee" />
    <TestEntry testId="00d38c65-74e1-49d2-ab1c-11caa8917cac" executionId="508d5f3a-1bdc-40e8-a72a-796bff5c6a03" testListId="a886ad11-ee27-47d0-9dc7-5005b46bf5ee" />
    <TestEntry testId="b0eb4fad-95f3-483a-80c2-d882c57e094d" executionId="bc4c978f-579b-414d-b7c4-34f1a015bc0e" testListId="a886ad11-ee27-47d0-9dc7-5005b46bf5ee" />
    <TestEntry testId="1cb1ac14-f5f8-4547-ae06-754d13b73b14" executionId="d4ef4a04-0954-4f1e-b722-7bb8a7f50b82" testListId="a886ad11-ee27-47d0-9dc7-5005b46bf5ee" />
    <TestEntry testId="0e63cc7f-204e-4ad8-b33c-25a8b8f7093f" executionId="a23c155a-bb6a-4701-995b-0e736fa5ba45" testListId="a886ad11-ee27-47d0-9dc7-5005b46bf5ee" />
    <TestEntry testId="f1d479a6-3fff-494b-ad49-fc57088fd5f7" executionId="da5174e9-2a46-489e-a2a3-4e568740668f" testListId="a886ad11-ee27-47d0-9dc7-5005b46bf5ee" />
    <TestEntry testId="bb18aea2-9286-44b7-a433-ffedcb2fa11f" executionId="908b06cd-881d-41e5-85ec-583227abe3ea" testListId="a886ad11-ee27-47d0-9dc7-5005b46bf5ee" />
    <TestEntry testId="0df36776-3d24-4106-b252-20178dc664e7" executionId="22cbe2ea-bd2a-4453-8a8d-4748ebfbfd8d" testListId="a886ad11-ee27-47d0-9dc7-5005b46bf5ee" />
    <TestEntry testId="5ed0d1f7-723c-49e1-9f05-29100234a068" executionId="adb4ba93-f76b-458d-b0e0-4864b82ec6da" testListId="a886ad11-ee27-47d0-9dc7-5005b46bf5ee" />
    <TestEntry testId="f815f28b-935a-4869-a7bd-029d9707acce" executionId="61a2a063-1070-43b2-bd51-88d3f9b1232a" testListId="a886ad11-ee27-47d0-9dc7-5005b46bf5ee" />
    <TestEntry testId="977762ea-fbd8-4b11-9e4e-34a003d55242" executionId="10341ae5-f3c1-4033-beb7-ab6134694e8b" testListId="a886ad11-ee27-47d0-9dc7-5005b46bf5ee" />
    <TestEntry testId="8eef4772-fcf0-4f99-b0fd-7b9959cd3f90" executionId="9c1ce560-ea8b-4864-9858-c8fd2240da56" testListId="a886ad11-ee27-47d0-9dc7-5005b46bf5ee" />
    <TestEntry testId="a13eee94-8034-43df-9c1a-c8d62e3302df" executionId="d4497174-c6db-4a68-b648-c2bcc9f73161" testListId="a886ad11-ee27-47d0-9dc7-5005b46bf5ee" />
    <TestEntry testId="d3affdaa-fb13-42d1-b45e-8ddf8a6ce7f3" executionId="d1058923-fa83-42db-9628-ad0a280d9348" testListId="a886ad11-ee27-47d0-9dc7-5005b46bf5ee" />
    <TestEntry testId="f93824bf-40f5-4590-be73-bb2fe8af9cb3" executionId="b1d00d92-09a9-4d88-8393-98a684469bd7" testListId="a886ad11-ee27-47d0-9dc7-5005b46bf5ee" />
    <TestEntry testId="8a46f8a7-4c50-434e-8ca4-6ad001ad1dae" executionId="227f35fb-711d-4d10-b983-50c6bc16588a" testListId="a886ad11-ee27-47d0-9dc7-5005b46bf5ee" />
    <TestEntry testId="5fcb3737-c96d-4e8d-b5a8-5d62204a0a0a" executionId="a147eab3-4b41-4441-9e39-e34e891f79f3" testListId="a886ad11-ee27-47d0-9dc7-5005b46bf5ee" />
    <TestEntry testId="3c16c015-4996-4252-8677-e14af3b4b2fa" executionId="ef19a253-51e2-48ad-abe9-7130f9b7ed5d" testListId="a886ad11-ee27-47d0-9dc7-5005b46bf5ee" />
    <TestEntry testId="04cd5d57-8c52-4a64-9fbe-550555eae8d2" executionId="843a8196-baf3-4a12-8b87-46bc9ae14a7e" testListId="a886ad11-ee27-47d0-9dc7-5005b46bf5ee" />
    <TestEntry testId="140f1cf9-85e5-4ca9-96c3-d2fd5445ae16" executionId="b30358c1-d8df-45b6-9fca-034e4d070bf8" testListId="a886ad11-ee27-47d0-9dc7-5005b46bf5ee" />
    <TestEntry testId="31be8be1-83bb-4360-b844-7191de65146c" executionId="9a45545c-1290-4b6a-88ea-9959ecb590cd" testListId="a886ad11-ee27-47d0-9dc7-5005b46bf5ee" />
    <TestEntry testId="8fd6809c-d0a5-49b6-87d3-f1af2684e278" executionId="081b949d-a8b9-4f1a-afac-691ffcc24a24" testListId="a886ad11-ee27-47d0-9dc7-5005b46bf5ee" />
    <TestEntry testId="41807932-257e-41b9-abd7-4c24abd01327" executionId="5e5daba9-50a3-49ad-8ebf-e7b3b380f7bc" testListId="a886ad11-ee27-47d0-9dc7-5005b46bf5ee" />
    <TestEntry testId="ab106f71-6c1f-4f5c-b381-4909e9b9e6d3" executionId="ab0c23c6-4544-4c2a-95ed-8273533f9ff9" testListId="a886ad11-ee27-47d0-9dc7-5005b46bf5ee" />
    <TestEntry testId="b13111f1-385c-48fd-b9c0-ecca2a320217" executionId="842c6cc1-677e-47ef-bbf5-2693e13dc3f5" testListId="a886ad11-ee27-47d0-9dc7-5005b46bf5ee" />
    <TestEntry testId="03c227da-d312-49e2-bbdf-87cf8c9eea36" executionId="029cba06-2d30-463f-8d53-e47acc0de240" testListId="a886ad11-ee27-47d0-9dc7-5005b46bf5ee" />
    <TestEntry testId="d97d58f7-152f-4f80-a2c0-80879932aeae" executionId="0007da44-2fb0-442d-a84b-738fe47521ed" testListId="a886ad11-ee27-47d0-9dc7-5005b46bf5ee" />
    <TestEntry testId="0e0d48b3-a674-4a39-b334-81a53875dbfe" executionId="8f0e3881-1a4b-4f90-97c6-36ca9f0f6aae" testListId="a886ad11-ee27-47d0-9dc7-5005b46bf5ee" />
    <TestEntry testId="13b41859-db9b-4016-8928-b83dbebb6267" executionId="b2a749fe-2e21-44dd-b274-fd8856b56e7e" testListId="a886ad11-ee27-47d0-9dc7-5005b46bf5ee" />
    <TestEntry testId="5ccc155b-434f-45ff-8ca2-9b3db735d159" executionId="9c68e336-e599-4e38-a6d6-976e0177bdc4" testListId="a886ad11-ee27-47d0-9dc7-5005b46bf5ee" />
    <TestEntry testId="fecaf82f-5e85-44f6-aa78-4af0c7efd9f9" executionId="d872d327-7f95-4f22-91fd-40207be995f5" testListId="a886ad11-ee27-47d0-9dc7-5005b46bf5ee" />
    <TestEntry testId="fd8806bb-8018-45c1-9b55-c3c8a5e7725d" executionId="bab1079b-e1fe-4ef7-8ea9-1cf1d878f4f0" testListId="a886ad11-ee27-47d0-9dc7-5005b46bf5ee" />
    <TestEntry testId="d77cd128-46a2-4067-9a20-7a21a43d94eb" executionId="2b614d7c-c5dd-4875-ac28-dbf29ec07c5d" testListId="a886ad11-ee27-47d0-9dc7-5005b46bf5ee" />
    <TestEntry testId="29f71e2a-ed15-4495-8254-7f306630def9" executionId="5e7d36db-748e-49f0-b157-d1077f82e978" testListId="a886ad11-ee27-47d0-9dc7-5005b46bf5ee" />
    <TestEntry testId="6bf8f572-6b25-4f56-a877-e9745b8eec50" executionId="3e9686b0-28c8-45e6-aad1-495bc91e45cf" testListId="a886ad11-ee27-47d0-9dc7-5005b46bf5ee" />
    <TestEntry testId="0a73f219-151f-444f-b2fe-2c1cd8366102" executionId="306fcdce-f46a-4223-a26f-76c947ffae5d" testListId="a886ad11-ee27-47d0-9dc7-5005b46bf5ee" />
    <TestEntry testId="cbff2b1a-6413-4321-8e09-1635be6417cb" executionId="2fbd95aa-8002-4ff5-9335-15bb9999b1ed" testListId="a886ad11-ee27-47d0-9dc7-5005b46bf5ee" />
    <TestEntry testId="d183fad4-b404-462e-9d16-92e13cf50855" executionId="04fe7f38-5ee3-4ab9-bfef-761edec9a170" testListId="a886ad11-ee27-47d0-9dc7-5005b46bf5ee" />
    <TestEntry testId="8c3b5ee8-e21f-4363-bb87-571420564a17" executionId="1a55cf04-4f00-48af-b9f5-e88c72115f7e" testListId="a886ad11-ee27-47d0-9dc7-5005b46bf5ee" />
    <TestEntry testId="c43445f4-965d-47ed-8121-9fe0f528fd08" executionId="737fb794-199d-4a50-b797-55488dfba77f" testListId="a886ad11-ee27-47d0-9dc7-5005b46bf5ee" />
    <TestEntry testId="b36b9116-8198-4b8f-8383-8f1d52feae5e" executionId="11f3d53f-2eb8-4915-88c3-c80ed1912430" testListId="a886ad11-ee27-47d0-9dc7-5005b46bf5ee" />
    <TestEntry testId="35950261-980b-4812-87d7-83c3893f0d8d" executionId="b5023042-7133-4468-82ec-b9d2bd424f02" testListId="a886ad11-ee27-47d0-9dc7-5005b46bf5ee" />
    <TestEntry testId="fc4d050d-1ff6-4f79-af33-d49b3fd42648" executionId="045244da-d5b1-432f-ba7f-678348bda701" testListId="a886ad11-ee27-47d0-9dc7-5005b46bf5ee" />
    <TestEntry testId="b31d7093-c8c3-4d48-b9c8-62aaa79f98ce" executionId="36ba942a-1248-46a5-9836-a3c4db09d2dd" testListId="a886ad11-ee27-47d0-9dc7-5005b46bf5ee" />
    <TestEntry testId="50807f2c-c5d2-447b-969d-dd371544a62c" executionId="ca28f3f1-346f-4382-aee3-a0b2ed61c865" testListId="a886ad11-ee27-47d0-9dc7-5005b46bf5ee" />
    <TestEntry testId="204e933e-ecf6-4b2f-835f-c9984df2f374" executionId="fe505e09-859c-4244-b792-52a149183dc3" testListId="a886ad11-ee27-47d0-9dc7-5005b46bf5ee" />
    <TestEntry testId="cb51e375-c92b-4d91-916b-9de9007a1502" executionId="71dc9c52-52be-4c87-beaa-ca95e1bd063f" testListId="a886ad11-ee27-47d0-9dc7-5005b46bf5ee" />
    <TestEntry testId="511efb57-fc42-43bc-8163-80772718ab00" executionId="40843aa4-fc2f-4e33-a5aa-d40118fc165f" testListId="a886ad11-ee27-47d0-9dc7-5005b46bf5ee" />
    <TestEntry testId="d095eca9-caf0-4148-a2a5-20f5fcaf40c2" executionId="0377379c-a3ca-4922-96d4-2ecd88c050bc" testListId="a886ad11-ee27-47d0-9dc7-5005b46bf5ee" />
    <TestEntry testId="a080bb0b-6cac-423f-96ea-a3c761666aa7" executionId="4d1f2007-b0d8-406c-af02-316d91d3a5d1" testListId="a886ad11-ee27-47d0-9dc7-5005b46bf5ee" />
    <TestEntry testId="1e0db4dd-0be7-4d0b-8a22-d6c842391c97" executionId="5eabfcbb-7a1c-4fbe-a35d-e6d3fd3cb5ad" testListId="a886ad11-ee27-47d0-9dc7-5005b46bf5ee" />
    <TestEntry testId="000bf114-93c1-42ea-8d61-b09a7352d161" executionId="cc298201-8897-437b-8f3d-e99446776e51" testListId="a886ad11-ee27-47d0-9dc7-5005b46bf5ee" />
    <TestEntry testId="8fad6bbe-cbb7-4eca-98bc-210f082e7b50" executionId="ecbef783-4ed6-40bd-b148-06d539daa2b3" testListId="a886ad11-ee27-47d0-9dc7-5005b46bf5ee" />
    <TestEntry testId="a6292f9c-50a5-432f-b6b2-4a74f92e2e59" executionId="0b4b1da1-8e79-4862-acdf-61818346ef5e" testListId="a886ad11-ee27-47d0-9dc7-5005b46bf5ee" />
    <TestEntry testId="b946bed5-d269-4b53-b421-ea9123c38ce4" executionId="6f05b555-c31d-4a5b-84ef-0430b18cf90c" testListId="a886ad11-ee27-47d0-9dc7-5005b46bf5ee" />
    <TestEntry testId="a9a57b6e-73f2-444c-b481-a3ccf5a8cfa9" executionId="d0c087e8-026d-4aa2-958e-65342d8b3e2a" testListId="a886ad11-ee27-47d0-9dc7-5005b46bf5ee" />
    <TestEntry testId="26908ebe-c01b-4935-9b4f-286e11355618" executionId="5a55f4f4-44c6-4703-9196-a8f4c171102f" testListId="a886ad11-ee27-47d0-9dc7-5005b46bf5ee" />
    <TestEntry testId="67781032-5cd8-43c9-9ec7-0083a8ba02d4" executionId="9c7b9e5e-880f-44a7-8046-5d8b1350f0a8" testListId="a886ad11-ee27-47d0-9dc7-5005b46bf5ee" />
    <TestEntry testId="7300f6a2-f376-478f-851d-76b8420e9e1d" executionId="3209e538-6fac-4b59-857c-7b6cb226ef1b" testListId="a886ad11-ee27-47d0-9dc7-5005b46bf5ee" />
    <TestEntry testId="03a3e0fd-cf10-4f89-92f1-48c31b7c3fdb" executionId="06b68865-c27f-4557-9a30-a12ed6b8671c" testListId="a886ad11-ee27-47d0-9dc7-5005b46bf5ee" />
    <TestEntry testId="4d18062e-98bd-4a0c-b09d-5444dded2c44" executionId="82b00e21-d708-42b3-a9f7-aff468ac7541" testListId="a886ad11-ee27-47d0-9dc7-5005b46bf5ee" />
    <TestEntry testId="43c1a5dc-689c-496e-98b6-288c8f46efe3" executionId="70d03f2c-275e-4be2-8323-d103e8b198ec" testListId="a886ad11-ee27-47d0-9dc7-5005b46bf5ee" />
    <TestEntry testId="d3f25c10-f57d-42ad-871c-243c3358f470" executionId="929b301d-bb86-444b-8923-ccbcc896c3b1" testListId="a886ad11-ee27-47d0-9dc7-5005b46bf5ee" />
    <TestEntry testId="1b5a8c37-6a51-49ac-85c9-97b3a05d6d88" executionId="ee322c83-ccbb-43ef-b598-692f421d543f" testListId="a886ad11-ee27-47d0-9dc7-5005b46bf5ee" />
    <TestEntry testId="5f37592d-2373-4a9f-817b-bd056ffaca0d" executionId="d29b73d9-56d6-46aa-a611-3be9ea4c3315" testListId="a886ad11-ee27-47d0-9dc7-5005b46bf5ee" />
    <TestEntry testId="c8b89d76-15be-414b-a94c-d76779c20c41" executionId="88bce9d2-bb10-45db-aab0-05b4550210a8" testListId="a886ad11-ee27-47d0-9dc7-5005b46bf5ee" />
    <TestEntry testId="9a23658d-4775-4f13-8a44-bf5b6ce85525" executionId="0f03ce3b-2c6e-4963-9700-0d1e08106e37" testListId="a886ad11-ee27-47d0-9dc7-5005b46bf5ee" />
    <TestEntry testId="2a3a168c-0d32-4b94-a500-7123fef3b88c" executionId="aaad7673-dece-49bd-a8bb-931aac79582b" testListId="a886ad11-ee27-47d0-9dc7-5005b46bf5ee" />
    <TestEntry testId="93e9ce22-054a-4411-bee3-ad7d3ea48f6b" executionId="2210400e-c183-4698-8e59-e487418c5035" testListId="a886ad11-ee27-47d0-9dc7-5005b46bf5ee" />
    <TestEntry testId="e069c706-8488-47d1-8279-be4006df856c" executionId="c5772e6f-76d4-4593-b148-c07c8ef5c2d4" testListId="a886ad11-ee27-47d0-9dc7-5005b46bf5ee" />
    <TestEntry testId="c041ce53-9e44-4baf-afa9-c109b7b5fad5" executionId="e07d96ae-7619-44aa-b79b-a4d9ed02bf19" testListId="a886ad11-ee27-47d0-9dc7-5005b46bf5ee" />
    <TestEntry testId="2aeccb03-dbf5-42ff-b055-6cd537ad5f95" executionId="fb05b44f-f901-4d35-a364-84276da2963b" testListId="a886ad11-ee27-47d0-9dc7-5005b46bf5ee" />
    <TestEntry testId="b0d94835-957c-4d53-b908-00eb27c9a0ac" executionId="a65e6e8e-d096-4f38-9c3b-abb4147be696" testListId="a886ad11-ee27-47d0-9dc7-5005b46bf5ee" />
    <TestEntry testId="f6c9895a-7ec5-4418-ac20-e3ed7f1c4e4c" executionId="4fef3d55-01de-4d67-8732-40ead7d81de1" testListId="a886ad11-ee27-47d0-9dc7-5005b46bf5ee" />
    <TestEntry testId="cedb3572-7da1-4dd5-8152-91602dc25888" executionId="fb3677f7-b7d2-41ae-ae13-a850b1e4e27f" testListId="a886ad11-ee27-47d0-9dc7-5005b46bf5ee" />
    <TestEntry testId="cbb47ff2-e261-4ed2-a21d-b25ae27239dd" executionId="89c0f15e-ce79-41c8-89b1-77eec9a8c869" testListId="a886ad11-ee27-47d0-9dc7-5005b46bf5ee" />
    <TestEntry testId="ece971f4-aed7-4d68-a5d3-148efba8795a" executionId="670e6fe0-0400-462f-b1b9-23d0a2658972" testListId="a886ad11-ee27-47d0-9dc7-5005b46bf5ee" />
    <TestEntry testId="07dfa650-8a6c-4fb4-9733-95d553e2fd13" executionId="2cafed56-0ea8-4765-a2df-1367d9aa382c" testListId="a886ad11-ee27-47d0-9dc7-5005b46bf5ee" />
    <TestEntry testId="063012ea-4de9-48d8-b245-63bc10e101c4" executionId="42e99b6a-52ea-4473-be85-9c79b215fc20" testListId="a886ad11-ee27-47d0-9dc7-5005b46bf5ee" />
    <TestEntry testId="223eb464-f16c-4d9d-86d9-59f55f235b21" executionId="e307209c-c009-4bab-8aa9-d78025717896" testListId="a886ad11-ee27-47d0-9dc7-5005b46bf5ee" />
    <TestEntry testId="8760193f-25ee-43b6-91d5-1fbad281f784" executionId="302649a9-9207-4f51-9168-3aa1ddd1e228" testListId="a886ad11-ee27-47d0-9dc7-5005b46bf5ee" />
    <TestEntry testId="d393f419-8141-48f1-9a74-eeeac3e22662" executionId="7e8595ee-8c14-44db-9e1f-3f48572309d3" testListId="a886ad11-ee27-47d0-9dc7-5005b46bf5ee" />
    <TestEntry testId="b3480a96-5c0b-453c-a7ed-f857273bf6d1" executionId="c2fc9c14-3f13-40af-b692-d979ee385def" testListId="a886ad11-ee27-47d0-9dc7-5005b46bf5ee" />
    <TestEntry testId="a22fe236-2a32-425f-ad0d-cb36f502ee98" executionId="cf5dc52c-2783-4bd1-8591-ac4aa9b412d7" testListId="a886ad11-ee27-47d0-9dc7-5005b46bf5ee" />
    <TestEntry testId="2ff4ab2c-e3d6-4a54-b00e-86c19daf860a" executionId="0efda0ed-2818-43d3-9bd3-ac13bf963646" testListId="a886ad11-ee27-47d0-9dc7-5005b46bf5ee" />
    <TestEntry testId="9cbf5c4e-9954-41c3-a047-4527820ab3af" executionId="27b2cb36-3d18-4d47-a364-e96fcc3b91fb" testListId="a886ad11-ee27-47d0-9dc7-5005b46bf5ee" />
    <TestEntry testId="26a8d296-58f1-4e9a-9d2f-6006f0e36be6" executionId="d968af7f-9390-4fcc-b24f-aa2e009a79e3" testListId="a886ad11-ee27-47d0-9dc7-5005b46bf5ee" />
    <TestEntry testId="c484e3d7-e8c8-45a1-b391-bb269416712f" executionId="03f71fce-5aa5-4d0e-a194-bbcde88ebf99" testListId="a886ad11-ee27-47d0-9dc7-5005b46bf5ee" />
    <TestEntry testId="8724499d-3394-4ca5-97dc-981fff9f9db7" executionId="72b4620d-e3aa-40be-80c8-80befd152479" testListId="a886ad11-ee27-47d0-9dc7-5005b46bf5ee" />
    <TestEntry testId="152358b9-989b-4941-a021-02701a50654f" executionId="a688acd4-ffc7-4945-a2d3-094b4882032d" testListId="a886ad11-ee27-47d0-9dc7-5005b46bf5ee" />
    <TestEntry testId="e6e5d0d9-fbcf-4c46-b4f5-75744b682c15" executionId="889ad9a0-49fe-42cd-a491-8b0ea0c8c1f1" testListId="a886ad11-ee27-47d0-9dc7-5005b46bf5ee" />
    <TestEntry testId="7aebd7ff-dfa8-47a0-932f-9b4eca3a2ce9" executionId="13f25439-4d30-4f47-8511-1fa13591d59b" testListId="a886ad11-ee27-47d0-9dc7-5005b46bf5ee" />
    <TestEntry testId="8ec56277-89b5-4368-80db-145c0a89f982" executionId="bd17bed9-ea3c-467a-9695-a453dbd60e65" testListId="a886ad11-ee27-47d0-9dc7-5005b46bf5ee" />
    <TestEntry testId="cedfe35d-aa58-443f-b2b2-4342c27f62b1" executionId="6757eaf4-ce7d-4813-979c-74abd9af2d63" testListId="a886ad11-ee27-47d0-9dc7-5005b46bf5ee" />
    <TestEntry testId="b291abc6-8b50-4265-a564-3f25a30b4a5c" executionId="aa38058a-d229-4a5a-98e1-fc0eaeaf1deb" testListId="a886ad11-ee27-47d0-9dc7-5005b46bf5ee" />
    <TestEntry testId="e2da7e58-0ba1-4450-94e5-e2ae29ba7a0a" executionId="4876e178-f208-4a7f-b01c-9e4d51ff8843" testListId="a886ad11-ee27-47d0-9dc7-5005b46bf5ee" />
    <TestEntry testId="e031862f-933d-48b1-a6df-fed3c9d5bb82" executionId="f2d67efc-eeac-45e1-9f76-484e57fd5f1f" testListId="a886ad11-ee27-47d0-9dc7-5005b46bf5ee" />
    <TestEntry testId="e3bbd11e-b9fc-4ba4-803b-b12e61a7e208" executionId="809e1ee0-0a50-4826-ba38-707772f49863" testListId="a886ad11-ee27-47d0-9dc7-5005b46bf5ee" />
  </TestEntries>
  <TestLists>
    <TestList name="Results Not in a List" id="a886ad11-ee27-47d0-9dc7-5005b46bf5ee" />
    <TestList name="All Loaded Results" id="52e8aa79-6a85-4b82-8ee7-0bd5b838db8f" />
  </TestLists>
</TestRun>