<?xml version="1.0" encoding="UTF-8"?>
<TestRun id="a41b9d02-b7d1-4606-8e39-156ced8b7f37" name="Test Run 37" runUser="Oles Galatsan" xmlns="http://microsoft.com/schemas/VisualStudio/TeamTest/2010">
  <Times creation="2025-05-14T13:20:31.3125482Z" queuing="2025-05-14T13:20:31.3125482Z" start="2025-05-14T13:20:31.3146610Z" finish="2025-05-14T13:25:31.3147553Z" />
  <TestSettings name="Test Settings 37" id="bd88a684-6601-4ab6-889c-47234c063fa8" />
  <Results>
    <UnitTestResult executionId="4f1732d6-b89d-4e33-96cf-94079e375b3b" testId="953792ee-bb73-4898-bf3e-3f9bd6c5ab5a" testName="Test3601" computerName="UA-LPT-OGA2" duration="00:00:00.8650000" startTime="2025-05-14T13:20:31.3146610Z" endTime="2025-05-14T13:25:31.3147553Z" testType="13cdc9d9-ddb5-4fa4-a97d-d965ccfc6d4b" outcome="Passed" testListId="5f22310a-91ba-42a0-b053-664de0e1d941" />
    <UnitTestResult executionId="f201ea50-6601-4070-960b-95eaf3b436b3" testId="87500d71-0609-4574-a294-761ce6e0a5ed" testName="Test3602" computerName="UA-LPT-OGA2" duration="00:00:00.7280000" startTime="2025-05-14T13:20:31.3146610Z" endTime="2025-05-14T13:25:31.3147553Z" testType="13cdc9d9-ddb5-4fa4-a97d-d965ccfc6d4b" outcome="Passed" testListId="5f22310a-91ba-42a0-b053-664de0e1d941" />
    <UnitTestResult executionId="802fb664-4705-4371-8e77-4c7bf135e29d" testId="10ff400a-737b-497e-82a1-aaf5ca60f794" testName="Test3603" computerName="UA-LPT-OGA2" duration="00:00:00.9390000" startTime="2025-05-14T13:20:31.3146610Z" endTime="2025-05-14T13:25:31.3147553Z" testType="13cdc9d9-ddb5-4fa4-a97d-d965ccfc6d4b" outcome="Passed" testListId="5f22310a-91ba-42a0-b053-664de0e1d941" />
    <UnitTestResult executionId="5aa562ae-b022-49b9-937d-7849edf28e1e" testId="3c6cd614-87fe-46b2-8e30-1d03f4e6d587" testName="Test3604" computerName="UA-LPT-OGA2" duration="00:00:01.7830000" startTime="2025-05-14T13:20:31.3146610Z" endTime="2025-05-14T13:25:31.3147553Z" testType="13cdc9d9-ddb5-4fa4-a97d-d965ccfc6d4b" outcome="Passed" testListId="5f22310a-91ba-42a0-b053-664de0e1d941" />
    <UnitTestResult executionId="11724ab6-d281-4e9a-a4ae-2efb0d27928e" testId="0d1afb60-e7d4-45c6-9902-0de3da897106" testName="Test3605" computerName="UA-LPT-OGA2" duration="00:00:01.8420000" startTime="2025-05-14T13:20:31.3146610Z" endTime="2025-05-14T13:25:31.3147553Z" testType="13cdc9d9-ddb5-4fa4-a97d-d965ccfc6d4b" outcome="Passed" testListId="5f22310a-91ba-42a0-b053-664de0e1d941" />
    <UnitTestResult executionId="c959d5a2-090f-49d9-a88f-ae1580d2cb44" testId="d25abe6a-67d5-4a6f-85a7-02fe202c5750" testName="Test3606" computerName="UA-LPT-OGA2" duration="00:00:00.5620000" startTime="2025-05-14T13:20:31.3146610Z" endTime="2025-05-14T13:25:31.3147553Z" testType="13cdc9d9-ddb5-4fa4-a97d-d965ccfc6d4b" outcome="Passed" testListId="5f22310a-91ba-42a0-b053-664de0e1d941" />
    <UnitTestResult executionId="a003592a-86e4-4dc4-b520-6ae8d4937b12" testId="c30d83ea-29f6-4ecb-a10e-fa9f3e7727a5" testName="Test3607" computerName="UA-LPT-OGA2" duration="00:00:00.3350000" startTime="2025-05-14T13:20:31.3146610Z" endTime="2025-05-14T13:25:31.3147553Z" testType="13cdc9d9-ddb5-4fa4-a97d-d965ccfc6d4b" outcome="Passed" testListId="5f22310a-91ba-42a0-b053-664de0e1d941" />
    <UnitTestResult executionId="d9f357ce-13ba-476d-b6e1-4216d828c1e1" testId="5730e767-9db4-48ca-be18-56ba9957e588" testName="Test3608" computerName="UA-LPT-OGA2" duration="00:00:00.1800000" startTime="2025-05-14T13:20:31.3146610Z" endTime="2025-05-14T13:25:31.3147553Z" testType="13cdc9d9-ddb5-4fa4-a97d-d965ccfc6d4b" outcome="Passed" testListId="5f22310a-91ba-42a0-b053-664de0e1d941" />
    <UnitTestResult executionId="3056c079-f805-42a2-8835-f44be8f523bf" testId="2719caed-74dc-4926-b768-3eda2a9d791f" testName="Test3609" computerName="UA-LPT-OGA2" duration="00:00:01.8750000" startTime="2025-05-14T13:20:31.3146610Z" endTime="2025-05-14T13:25:31.3147553Z" testType="13cdc9d9-ddb5-4fa4-a97d-d965ccfc6d4b" outcome="Passed" testListId="5f22310a-91ba-42a0-b053-664de0e1d941" />
    <UnitTestResult executionId="7852335c-1e3f-486d-809b-b2ffc9ebc08e" testId="a468ea53-9dfd-4a57-8582-e78ed06d088b" testName="Test3610" computerName="UA-LPT-OGA2" duration="00:00:00.3560000" startTime="2025-05-14T13:20:31.3146610Z" endTime="2025-05-14T13:25:31.3147553Z" testType="13cdc9d9-ddb5-4fa4-a97d-d965ccfc6d4b" outcome="Passed" testListId="5f22310a-91ba-42a0-b053-664de0e1d941" />
    <UnitTestResult executionId="7a747490-c683-4362-9e04-84bd30885eaa" testId="9d7047b8-1b4c-46a1-a553-1efc3cc40cff" testName="Test3611" computerName="UA-LPT-OGA2" duration="00:00:00.7520000" startTime="2025-05-14T13:20:31.3146610Z" endTime="2025-05-14T13:25:31.3147553Z" testType="13cdc9d9-ddb5-4fa4-a97d-d965ccfc6d4b" outcome="Passed" testListId="5f22310a-91ba-42a0-b053-664de0e1d941" />
    <UnitTestResult executionId="048b4056-aaf7-48a2-874a-4871ffde463a" testId="564cd613-4a17-486f-8f63-e368173b0b9d" testName="Test3612" computerName="UA-LPT-OGA2" duration="00:00:01.9350000" startTime="2025-05-14T13:20:31.3146610Z" endTime="2025-05-14T13:25:31.3147553Z" testType="13cdc9d9-ddb5-4fa4-a97d-d965ccfc6d4b" outcome="Passed" testListId="5f22310a-91ba-42a0-b053-664de0e1d941" />
    <UnitTestResult executionId="05f7d80b-f0b8-4d0d-9b2a-a4bbf49bdf4d" testId="26950c95-d6ed-46b2-84b7-64ed3916efe2" testName="Test3613" computerName="UA-LPT-OGA2" duration="00:00:00.6950000" startTime="2025-05-14T13:20:31.3146610Z" endTime="2025-05-14T13:25:31.3147553Z" testType="13cdc9d9-ddb5-4fa4-a97d-d965ccfc6d4b" outcome="Failed" testListId="5f22310a-91ba-42a0-b053-664de0e1d941">
      <Output>
        <ErrorInfo>
          <Message>Assertion failed: Expected value did not match actual value.</Message>
          <StackTrace>   at TestNamespace.TestClass.Test() in TestClass.cs:line 382</StackTrace>
        </ErrorInfo>
      </Output>
    </UnitTestResult>
    <UnitTestResult executionId="eacdf09f-1861-4fce-88e0-e341f97d5887" testId="84714f95-67cb-4920-9c4f-f5a9d06120cd" testName="Test3614" computerName="UA-LPT-OGA2" duration="00:00:01.8360000" startTime="2025-05-14T13:20:31.3146610Z" endTime="2025-05-14T13:25:31.3147553Z" testType="13cdc9d9-ddb5-4fa4-a97d-d965ccfc6d4b" outcome="Passed" testListId="5f22310a-91ba-42a0-b053-664de0e1d941" />
    <UnitTestResult executionId="50c9ae5a-9e71-4dd5-8b83-76678402e384" testId="18a1de9f-1b85-4294-918d-6b8fc4540afe" testName="Test3615" computerName="UA-LPT-OGA2" duration="00:00:01.4740000" startTime="2025-05-14T13:20:31.3146610Z" endTime="2025-05-14T13:25:31.3147553Z" testType="13cdc9d9-ddb5-4fa4-a97d-d965ccfc6d4b" outcome="Passed" testListId="5f22310a-91ba-42a0-b053-664de0e1d941" />
    <UnitTestResult executionId="9a392a29-d3f4-43e6-bcb5-7cd5f097ab5e" testId="7183cfbe-c7bf-4bcf-b4a5-947fad3779a8" testName="Test3616" computerName="UA-LPT-OGA2" duration="00:00:01.1380000" startTime="2025-05-14T13:20:31.3146610Z" endTime="2025-05-14T13:25:31.3147553Z" testType="13cdc9d9-ddb5-4fa4-a97d-d965ccfc6d4b" outcome="Passed" testListId="5f22310a-91ba-42a0-b053-664de0e1d941" />
    <UnitTestResult executionId="8339e36c-f61c-4d66-beeb-f0a8fdaa831e" testId="e44564a2-044a-4d9f-9fa2-adf59da0837e" testName="Test3617" computerName="UA-LPT-OGA2" duration="00:00:01.8670000" startTime="2025-05-14T13:20:31.3146610Z" endTime="2025-05-14T13:25:31.3147553Z" testType="13cdc9d9-ddb5-4fa4-a97d-d965ccfc6d4b" outcome="Passed" testListId="5f22310a-91ba-42a0-b053-664de0e1d941" />
    <UnitTestResult executionId="14b5877b-bc79-4fec-99a9-0c6758ee6336" testId="95f2e576-c7a6-41ec-bb8b-ea4020eef2c9" testName="Test3618" computerName="UA-LPT-OGA2" duration="00:00:01.0110000" startTime="2025-05-14T13:20:31.3146610Z" endTime="2025-05-14T13:25:31.3147553Z" testType="13cdc9d9-ddb5-4fa4-a97d-d965ccfc6d4b" outcome="Passed" testListId="5f22310a-91ba-42a0-b053-664de0e1d941" />
    <UnitTestResult executionId="c8462b85-bab4-4368-b59a-9bf8d8e05b7e" testId="34724bd6-3d82-41e4-8789-a83657dfe24d" testName="Test3619" computerName="UA-LPT-OGA2" duration="00:00:00.5470000" startTime="2025-05-14T13:20:31.3146610Z" endTime="2025-05-14T13:25:31.3147553Z" testType="13cdc9d9-ddb5-4fa4-a97d-d965ccfc6d4b" outcome="Passed" testListId="5f22310a-91ba-42a0-b053-664de0e1d941" />
    <UnitTestResult executionId="ce836d96-73a0-4713-bf56-ba01f8bea019" testId="b84acfa2-fdaf-4d0f-a77a-3eea9dca8cc2" testName="Test3620" computerName="UA-LPT-OGA2" duration="00:00:00.9860000" startTime="2025-05-14T13:20:31.3146610Z" endTime="2025-05-14T13:25:31.3147553Z" testType="13cdc9d9-ddb5-4fa4-a97d-d965ccfc6d4b" outcome="Passed" testListId="5f22310a-91ba-42a0-b053-664de0e1d941" />
    <UnitTestResult executionId="32bb78a7-4209-40f2-9e96-3df70e20e5bc" testId="4e464144-1814-4757-b777-4b38ac466c67" testName="Test3621" computerName="UA-LPT-OGA2" duration="00:00:00.7000000" startTime="2025-05-14T13:20:31.3146610Z" endTime="2025-05-14T13:25:31.3147553Z" testType="13cdc9d9-ddb5-4fa4-a97d-d965ccfc6d4b" outcome="Passed" testListId="5f22310a-91ba-42a0-b053-664de0e1d941" />
    <UnitTestResult executionId="a1f3532d-2feb-473d-9b88-4f9a07f2219b" testId="2f07b0de-49e7-48f5-9a05-5ce28b19f22f" testName="Test3622" computerName="UA-LPT-OGA2" duration="00:00:01.1570000" startTime="2025-05-14T13:20:31.3146610Z" endTime="2025-05-14T13:25:31.3147553Z" testType="13cdc9d9-ddb5-4fa4-a97d-d965ccfc6d4b" outcome="Passed" testListId="5f22310a-91ba-42a0-b053-664de0e1d941" />
    <UnitTestResult executionId="37aa974f-eb10-48fc-9755-9f66bcbd4686" testId="33ee74a8-0e30-4461-9932-11ca9da0478c" testName="Test3623" computerName="UA-LPT-OGA2" duration="00:00:00.7990000" startTime="2025-05-14T13:20:31.3146610Z" endTime="2025-05-14T13:25:31.3147553Z" testType="13cdc9d9-ddb5-4fa4-a97d-d965ccfc6d4b" outcome="Failed" testListId="5f22310a-91ba-42a0-b053-664de0e1d941">
      <Output>
        <ErrorInfo>
          <Message>Assertion failed: Expected value did not match actual value.</Message>
          <StackTrace>   at TestNamespace.TestClass.Test() in TestClass.cs:line 439</StackTrace>
        </ErrorInfo>
      </Output>
    </UnitTestResult>
    <UnitTestResult executionId="04fb79d6-e04f-4443-a007-4511353fd5de" testId="16e81a47-1675-4ae7-9bd4-7fb556adda57" testName="Test3624" computerName="UA-LPT-OGA2" duration="00:00:01.1080000" startTime="2025-05-14T13:20:31.3146610Z" endTime="2025-05-14T13:25:31.3147553Z" testType="13cdc9d9-ddb5-4fa4-a97d-d965ccfc6d4b" outcome="Passed" testListId="5f22310a-91ba-42a0-b053-664de0e1d941" />
    <UnitTestResult executionId="89da0c7c-23a9-45df-8a59-d735e9990847" testId="1a8d6930-c260-4bc9-a0ff-e24c7ac09e51" testName="Test3625" computerName="UA-LPT-OGA2" duration="00:00:00.1750000" startTime="2025-05-14T13:20:31.3146610Z" endTime="2025-05-14T13:25:31.3147553Z" testType="13cdc9d9-ddb5-4fa4-a97d-d965ccfc6d4b" outcome="Passed" testListId="5f22310a-91ba-42a0-b053-664de0e1d941" />
    <UnitTestResult executionId="cd823a46-5bab-41f8-9424-d9c21ae67cfa" testId="696d00a9-a201-4f40-a850-9b8ea418d614" testName="Test3626" computerName="UA-LPT-OGA2" duration="00:00:01.5240000" startTime="2025-05-14T13:20:31.3146610Z" endTime="2025-05-14T13:25:31.3147553Z" testType="13cdc9d9-ddb5-4fa4-a97d-d965ccfc6d4b" outcome="Passed" testListId="5f22310a-91ba-42a0-b053-664de0e1d941" />
    <UnitTestResult executionId="1d9b0a05-0b7d-43dd-975b-2522a986e413" testId="7516d7c6-cdfb-4ef0-bc16-7268e676ea0c" testName="Test3627" computerName="UA-LPT-OGA2" duration="00:00:01.6300000" startTime="2025-05-14T13:20:31.3146610Z" endTime="2025-05-14T13:25:31.3147553Z" testType="13cdc9d9-ddb5-4fa4-a97d-d965ccfc6d4b" outcome="Passed" testListId="5f22310a-91ba-42a0-b053-664de0e1d941" />
    <UnitTestResult executionId="b20c8f26-12fb-4c04-904e-a938ae752861" testId="4f6779a4-8712-47d9-88fe-2c9a88b97623" testName="Test3628" computerName="UA-LPT-OGA2" duration="00:00:01.6630000" startTime="2025-05-14T13:20:31.3146610Z" endTime="2025-05-14T13:25:31.3147553Z" testType="13cdc9d9-ddb5-4fa4-a97d-d965ccfc6d4b" outcome="Passed" testListId="5f22310a-91ba-42a0-b053-664de0e1d941" />
    <UnitTestResult executionId="f7b5bc66-e24c-4ba9-9a36-8b65619d1788" testId="7fe4e704-c2d0-422a-bcc5-88e3a0eda472" testName="Test3629" computerName="UA-LPT-OGA2" duration="00:00:01.8930000" startTime="2025-05-14T13:20:31.3146610Z" endTime="2025-05-14T13:25:31.3147553Z" testType="13cdc9d9-ddb5-4fa4-a97d-d965ccfc6d4b" outcome="Passed" testListId="5f22310a-91ba-42a0-b053-664de0e1d941" />
    <UnitTestResult executionId="0364a1d4-4883-49b2-9f91-4675d8ca979c" testId="061dc0c5-30c0-4661-b884-5306d421c732" testName="Test3630" computerName="UA-LPT-OGA2" duration="00:00:01.2750000" startTime="2025-05-14T13:20:31.3146610Z" endTime="2025-05-14T13:25:31.3147553Z" testType="13cdc9d9-ddb5-4fa4-a97d-d965ccfc6d4b" outcome="Passed" testListId="5f22310a-91ba-42a0-b053-664de0e1d941" />
    <UnitTestResult executionId="f87ceb0d-6e79-42a5-a959-d6c0a78f026a" testId="520fecc9-ec54-42f4-a1a2-6126a218e0b4" testName="Test3631" computerName="UA-LPT-OGA2" duration="00:00:01.8220000" startTime="2025-05-14T13:20:31.3146610Z" endTime="2025-05-14T13:25:31.3147553Z" testType="13cdc9d9-ddb5-4fa4-a97d-d965ccfc6d4b" outcome="Passed" testListId="5f22310a-91ba-42a0-b053-664de0e1d941" />
    <UnitTestResult executionId="6ef48cb2-d80b-412a-879e-ed14559e57dd" testId="67808030-fc83-468b-9baf-279ddc6f27f0" testName="Test3632" computerName="UA-LPT-OGA2" duration="00:00:00.0920000" startTime="2025-05-14T13:20:31.3146610Z" endTime="2025-05-14T13:25:31.3147553Z" testType="13cdc9d9-ddb5-4fa4-a97d-d965ccfc6d4b" outcome="Failed" testListId="5f22310a-91ba-42a0-b053-664de0e1d941">
      <Output>
        <ErrorInfo>
          <Message>Assertion failed: Expected value did not match actual value.</Message>
          <StackTrace>   at TestNamespace.TestClass.Test() in TestClass.cs:line 297</StackTrace>
        </ErrorInfo>
      </Output>
    </UnitTestResult>
    <UnitTestResult executionId="5eab35aa-f1f7-4f52-a9cb-c9f52d9fa2de" testId="12cfeb93-e3dc-47a9-9d11-52e812a81080" testName="Test3633" computerName="UA-LPT-OGA2" duration="00:00:00.7550000" startTime="2025-05-14T13:20:31.3146610Z" endTime="2025-05-14T13:25:31.3147553Z" testType="13cdc9d9-ddb5-4fa4-a97d-d965ccfc6d4b" outcome="Passed" testListId="5f22310a-91ba-42a0-b053-664de0e1d941" />
    <UnitTestResult executionId="b1b01ea0-b0fa-4543-acb1-15aef62e15e0" testId="0d7373b6-dbd4-401c-95bb-11dc0ea36860" testName="Test3634" computerName="UA-LPT-OGA2" duration="00:00:01.0690000" startTime="2025-05-14T13:20:31.3146610Z" endTime="2025-05-14T13:25:31.3147553Z" testType="13cdc9d9-ddb5-4fa4-a97d-d965ccfc6d4b" outcome="Passed" testListId="5f22310a-91ba-42a0-b053-664de0e1d941" />
    <UnitTestResult executionId="257cb76a-2483-439c-a6fa-b63b8fffe27d" testId="4e0c3375-68fd-4e05-b202-51f31f09b495" testName="Test3635" computerName="UA-LPT-OGA2" duration="00:00:00.9550000" startTime="2025-05-14T13:20:31.3146610Z" endTime="2025-05-14T13:25:31.3147553Z" testType="13cdc9d9-ddb5-4fa4-a97d-d965ccfc6d4b" outcome="Passed" testListId="5f22310a-91ba-42a0-b053-664de0e1d941" />
    <UnitTestResult executionId="eabd3da7-5c1a-477b-acda-727c0fefdf11" testId="1cd146c3-8314-4bb6-84d1-c7ede41b33ea" testName="Test3636" computerName="UA-LPT-OGA2" duration="00:00:01.5680000" startTime="2025-05-14T13:20:31.3146610Z" endTime="2025-05-14T13:25:31.3147553Z" testType="13cdc9d9-ddb5-4fa4-a97d-d965ccfc6d4b" outcome="Passed" testListId="5f22310a-91ba-42a0-b053-664de0e1d941" />
    <UnitTestResult executionId="661159eb-a12e-48e8-9aee-ffa9cb3f74cc" testId="f490378f-9fa5-43f6-adde-f400b1df8ec0" testName="Test3637" computerName="UA-LPT-OGA2" duration="00:00:00.1600000" startTime="2025-05-14T13:20:31.3146610Z" endTime="2025-05-14T13:25:31.3147553Z" testType="13cdc9d9-ddb5-4fa4-a97d-d965ccfc6d4b" outcome="Passed" testListId="5f22310a-91ba-42a0-b053-664de0e1d941" />
    <UnitTestResult executionId="0f900c8d-446f-47d9-b37e-218766ee0dc6" testId="6d91579e-8799-46b4-9c6c-7c1d026ccce4" testName="Test3638" computerName="UA-LPT-OGA2" duration="00:00:00.6130000" startTime="2025-05-14T13:20:31.3146610Z" endTime="2025-05-14T13:25:31.3147553Z" testType="13cdc9d9-ddb5-4fa4-a97d-d965ccfc6d4b" outcome="Passed" testListId="5f22310a-91ba-42a0-b053-664de0e1d941" />
    <UnitTestResult executionId="6eafe973-4621-4c64-8615-ce2d0e151660" testId="04bf40f6-e69c-4e04-a2e0-6359aff39975" testName="Test3639" computerName="UA-LPT-OGA2" duration="00:00:01.3890000" startTime="2025-05-14T13:20:31.3146610Z" endTime="2025-05-14T13:25:31.3147553Z" testType="13cdc9d9-ddb5-4fa4-a97d-d965ccfc6d4b" outcome="Passed" testListId="5f22310a-91ba-42a0-b053-664de0e1d941" />
    <UnitTestResult executionId="c082b191-a039-4492-b723-53c1b4d32c37" testId="3a7d8305-8a7a-4390-9fe9-8f3ebc2421e0" testName="Test3640" computerName="UA-LPT-OGA2" duration="00:00:01.5120000" startTime="2025-05-14T13:20:31.3146610Z" endTime="2025-05-14T13:25:31.3147553Z" testType="13cdc9d9-ddb5-4fa4-a97d-d965ccfc6d4b" outcome="Passed" testListId="5f22310a-91ba-42a0-b053-664de0e1d941" />
    <UnitTestResult executionId="e31d273c-85e3-4d3f-9120-260ed0fb1b0e" testId="6c823b7e-a756-4104-b67a-3d35529a9fdd" testName="Test3641" computerName="UA-LPT-OGA2" duration="00:00:01.4110000" startTime="2025-05-14T13:20:31.3146610Z" endTime="2025-05-14T13:25:31.3147553Z" testType="13cdc9d9-ddb5-4fa4-a97d-d965ccfc6d4b" outcome="Passed" testListId="5f22310a-91ba-42a0-b053-664de0e1d941" />
    <UnitTestResult executionId="84e49d8f-6580-4e48-a68b-7df615185e6b" testId="c2c54efa-3452-44c6-ba55-4342a06df5d1" testName="Test3642" computerName="UA-LPT-OGA2" duration="00:00:01.7440000" startTime="2025-05-14T13:20:31.3146610Z" endTime="2025-05-14T13:25:31.3147553Z" testType="13cdc9d9-ddb5-4fa4-a97d-d965ccfc6d4b" outcome="Passed" testListId="5f22310a-91ba-42a0-b053-664de0e1d941" />
    <UnitTestResult executionId="d5a3c350-ba72-4da9-805c-ed24310ad25a" testId="fd7554d6-0bc1-4885-a881-7beb78850824" testName="Test3643" computerName="UA-LPT-OGA2" duration="00:00:00.8950000" startTime="2025-05-14T13:20:31.3146610Z" endTime="2025-05-14T13:25:31.3147553Z" testType="13cdc9d9-ddb5-4fa4-a97d-d965ccfc6d4b" outcome="Passed" testListId="5f22310a-91ba-42a0-b053-664de0e1d941" />
    <UnitTestResult executionId="9eba761f-3a12-4c37-b3da-49a4eca05ac8" testId="b137cbd0-b30e-4086-a5df-cd25d7f7401a" testName="Test3644" computerName="UA-LPT-OGA2" duration="00:00:01.4620000" startTime="2025-05-14T13:20:31.3146610Z" endTime="2025-05-14T13:25:31.3147553Z" testType="13cdc9d9-ddb5-4fa4-a97d-d965ccfc6d4b" outcome="Passed" testListId="5f22310a-91ba-42a0-b053-664de0e1d941" />
    <UnitTestResult executionId="a9e59828-b321-4448-b42a-a5fd6ca9d371" testId="69dae711-9c03-498a-bad7-a01b52e67940" testName="Test3645" computerName="UA-LPT-OGA2" duration="00:00:00.5100000" startTime="2025-05-14T13:20:31.3146610Z" endTime="2025-05-14T13:25:31.3147553Z" testType="13cdc9d9-ddb5-4fa4-a97d-d965ccfc6d4b" outcome="Passed" testListId="5f22310a-91ba-42a0-b053-664de0e1d941" />
    <UnitTestResult executionId="5f666c45-35d5-4c76-ada7-c63ca163b194" testId="8253a82d-91d8-4744-9ec0-ad516a79c6ba" testName="Test3646" computerName="UA-LPT-OGA2" duration="00:00:00.7380000" startTime="2025-05-14T13:20:31.3146610Z" endTime="2025-05-14T13:25:31.3147553Z" testType="13cdc9d9-ddb5-4fa4-a97d-d965ccfc6d4b" outcome="Passed" testListId="5f22310a-91ba-42a0-b053-664de0e1d941" />
    <UnitTestResult executionId="8c3e1bf0-a845-43a5-bba2-02efbd5c73dc" testId="a0a85cb7-8359-4984-a82b-5fc0af591996" testName="Test3647" computerName="UA-LPT-OGA2" duration="00:00:01.6840000" startTime="2025-05-14T13:20:31.3146610Z" endTime="2025-05-14T13:25:31.3147553Z" testType="13cdc9d9-ddb5-4fa4-a97d-d965ccfc6d4b" outcome="Passed" testListId="5f22310a-91ba-42a0-b053-664de0e1d941" />
    <UnitTestResult executionId="dddbafb6-4d03-4b8e-9d35-f4dd5d463bfa" testId="53017b3c-b1f3-4d19-a679-a7c9956a58d4" testName="Test3648" computerName="UA-LPT-OGA2" duration="00:00:01.0700000" startTime="2025-05-14T13:20:31.3146610Z" endTime="2025-05-14T13:25:31.3147553Z" testType="13cdc9d9-ddb5-4fa4-a97d-d965ccfc6d4b" outcome="Passed" testListId="5f22310a-91ba-42a0-b053-664de0e1d941" />
    <UnitTestResult executionId="bdbf2dec-71b2-47e2-9a2e-f1fd5512e488" testId="34b8e47a-30ac-4dfe-9603-8ebd6a3d3963" testName="Test3649" computerName="UA-LPT-OGA2" duration="00:00:00.1630000" startTime="2025-05-14T13:20:31.3146610Z" endTime="2025-05-14T13:25:31.3147553Z" testType="13cdc9d9-ddb5-4fa4-a97d-d965ccfc6d4b" outcome="Passed" testListId="5f22310a-91ba-42a0-b053-664de0e1d941" />
    <UnitTestResult executionId="e721c71a-4d60-4c64-bb3c-5d8758cca674" testId="60ab96af-6b95-4def-bb4e-c0a2d8dc2f62" testName="Test3650" computerName="UA-LPT-OGA2" duration="00:00:00.2600000" startTime="2025-05-14T13:20:31.3146610Z" endTime="2025-05-14T13:25:31.3147553Z" testType="13cdc9d9-ddb5-4fa4-a97d-d965ccfc6d4b" outcome="Passed" testListId="5f22310a-91ba-42a0-b053-664de0e1d941" />
    <UnitTestResult executionId="97387eb0-58ce-4e58-85de-c680ed3d4cda" testId="9292e4ad-9466-4a11-b7b2-791a146fa00c" testName="Test3651" computerName="UA-LPT-OGA2" duration="00:00:00.4070000" startTime="2025-05-14T13:20:31.3146610Z" endTime="2025-05-14T13:25:31.3147553Z" testType="13cdc9d9-ddb5-4fa4-a97d-d965ccfc6d4b" outcome="Passed" testListId="5f22310a-91ba-42a0-b053-664de0e1d941" />
    <UnitTestResult executionId="3c4b7d82-8880-4892-b165-1cb798ef7fe3" testId="369f8ed2-89e0-4f23-b624-33d933403d45" testName="Test3652" computerName="UA-LPT-OGA2" duration="00:00:00.8960000" startTime="2025-05-14T13:20:31.3146610Z" endTime="2025-05-14T13:25:31.3147553Z" testType="13cdc9d9-ddb5-4fa4-a97d-d965ccfc6d4b" outcome="Passed" testListId="5f22310a-91ba-42a0-b053-664de0e1d941" />
    <UnitTestResult executionId="c6a81e97-c0a6-497d-a7a3-a5ecf95cbac9" testId="6580c5b2-b4c5-4376-bc5a-ef9776e84586" testName="Test3653" computerName="UA-LPT-OGA2" duration="00:00:00.0340000" startTime="2025-05-14T13:20:31.3146610Z" endTime="2025-05-14T13:25:31.3147553Z" testType="13cdc9d9-ddb5-4fa4-a97d-d965ccfc6d4b" outcome="Passed" testListId="5f22310a-91ba-42a0-b053-664de0e1d941" />
    <UnitTestResult executionId="5b892c6b-5a2f-423e-9aef-97bbb9cf9053" testId="c6e0a0ea-d452-4980-9211-6753a9818b22" testName="Test3654" computerName="UA-LPT-OGA2" duration="00:00:00.4800000" startTime="2025-05-14T13:20:31.3146610Z" endTime="2025-05-14T13:25:31.3147553Z" testType="13cdc9d9-ddb5-4fa4-a97d-d965ccfc6d4b" outcome="Passed" testListId="5f22310a-91ba-42a0-b053-664de0e1d941" />
    <UnitTestResult executionId="97071648-d847-4e96-8b76-57b3a661c929" testId="0671675e-757c-4b29-bc09-d85289bfad47" testName="Test3655" computerName="UA-LPT-OGA2" duration="00:00:01.2230000" startTime="2025-05-14T13:20:31.3146610Z" endTime="2025-05-14T13:25:31.3147553Z" testType="13cdc9d9-ddb5-4fa4-a97d-d965ccfc6d4b" outcome="Passed" testListId="5f22310a-91ba-42a0-b053-664de0e1d941" />
    <UnitTestResult executionId="c775f79a-6e17-4f83-a4fa-0ef48f8110a8" testId="9b170614-6ae8-43cd-8672-89c99e9e8e77" testName="Test3656" computerName="UA-LPT-OGA2" duration="00:00:01.8670000" startTime="2025-05-14T13:20:31.3146610Z" endTime="2025-05-14T13:25:31.3147553Z" testType="13cdc9d9-ddb5-4fa4-a97d-d965ccfc6d4b" outcome="Failed" testListId="5f22310a-91ba-42a0-b053-664de0e1d941">
      <Output>
        <ErrorInfo>
          <Message>Assertion failed: Expected value did not match actual value.</Message>
          <StackTrace>   at TestNamespace.TestClass.Test() in TestClass.cs:line 439</StackTrace>
        </ErrorInfo>
      </Output>
    </UnitTestResult>
    <UnitTestResult executionId="78dcf84e-3a6f-49df-97bf-b8a320ff0615" testId="be6a8094-158a-4784-ad62-f30162e10158" testName="Test3657" computerName="UA-LPT-OGA2" duration="00:00:00.3810000" startTime="2025-05-14T13:20:31.3146610Z" endTime="2025-05-14T13:25:31.3147553Z" testType="13cdc9d9-ddb5-4fa4-a97d-d965ccfc6d4b" outcome="Passed" testListId="5f22310a-91ba-42a0-b053-664de0e1d941" />
    <UnitTestResult executionId="32f922c1-b0df-477e-b377-1d3cf438f959" testId="ea9cc283-5214-44f6-838a-8bdefd886fef" testName="Test3658" computerName="UA-LPT-OGA2" duration="00:00:00.4440000" startTime="2025-05-14T13:20:31.3146610Z" endTime="2025-05-14T13:25:31.3147553Z" testType="13cdc9d9-ddb5-4fa4-a97d-d965ccfc6d4b" outcome="Passed" testListId="5f22310a-91ba-42a0-b053-664de0e1d941" />
    <UnitTestResult executionId="199b25b9-6478-49d2-8b2c-8628e7b1019d" testId="d164ab80-2fbb-4d84-bf23-64e9f08e7aab" testName="Test3659" computerName="UA-LPT-OGA2" duration="00:00:00.0640000" startTime="2025-05-14T13:20:31.3146610Z" endTime="2025-05-14T13:25:31.3147553Z" testType="13cdc9d9-ddb5-4fa4-a97d-d965ccfc6d4b" outcome="Passed" testListId="5f22310a-91ba-42a0-b053-664de0e1d941" />
    <UnitTestResult executionId="62a3dcf5-70b1-48af-a87a-9743e6e86ce7" testId="6e1488fc-fe83-422e-b53e-94481dddbc8f" testName="Test3660" computerName="UA-LPT-OGA2" duration="00:00:00.2400000" startTime="2025-05-14T13:20:31.3146610Z" endTime="2025-05-14T13:25:31.3147553Z" testType="13cdc9d9-ddb5-4fa4-a97d-d965ccfc6d4b" outcome="Passed" testListId="5f22310a-91ba-42a0-b053-664de0e1d941" />
    <UnitTestResult executionId="efdec21f-bbc4-4393-ada8-7355d3b5baf4" testId="fe12a90b-47c3-438b-8bc8-f4729fff29d9" testName="Test3661" computerName="UA-LPT-OGA2" duration="00:00:00.5550000" startTime="2025-05-14T13:20:31.3146610Z" endTime="2025-05-14T13:25:31.3147553Z" testType="13cdc9d9-ddb5-4fa4-a97d-d965ccfc6d4b" outcome="Passed" testListId="5f22310a-91ba-42a0-b053-664de0e1d941" />
    <UnitTestResult executionId="dbeb7c55-b4d6-4902-ae68-9d06ccb9a891" testId="61596f60-809f-4330-8a7c-59ae904790bb" testName="Test3662" computerName="UA-LPT-OGA2" duration="00:00:01.9560000" startTime="2025-05-14T13:20:31.3146610Z" endTime="2025-05-14T13:25:31.3147553Z" testType="13cdc9d9-ddb5-4fa4-a97d-d965ccfc6d4b" outcome="Passed" testListId="5f22310a-91ba-42a0-b053-664de0e1d941" />
    <UnitTestResult executionId="d0ec0424-1897-41ae-9504-630a102bab64" testId="84b125b5-08d1-4932-b3b3-89df447f2dbb" testName="Test3663" computerName="UA-LPT-OGA2" duration="00:00:01.9880000" startTime="2025-05-14T13:20:31.3146610Z" endTime="2025-05-14T13:25:31.3147553Z" testType="13cdc9d9-ddb5-4fa4-a97d-d965ccfc6d4b" outcome="Passed" testListId="5f22310a-91ba-42a0-b053-664de0e1d941" />
    <UnitTestResult executionId="fcd0131b-103a-4c49-836d-44ae78b9ff07" testId="5f45d642-40e2-4039-bf53-e713f6bc3eef" testName="Test3664" computerName="UA-LPT-OGA2" duration="00:00:00.5960000" startTime="2025-05-14T13:20:31.3146610Z" endTime="2025-05-14T13:25:31.3147553Z" testType="13cdc9d9-ddb5-4fa4-a97d-d965ccfc6d4b" outcome="Passed" testListId="5f22310a-91ba-42a0-b053-664de0e1d941" />
    <UnitTestResult executionId="00764df2-1cdf-45d7-8365-b62c13b8f461" testId="b10df222-1b6e-4a30-a2bc-338952c58b6a" testName="Test3665" computerName="UA-LPT-OGA2" duration="00:00:00.0100000" startTime="2025-05-14T13:20:31.3146610Z" endTime="2025-05-14T13:25:31.3147553Z" testType="13cdc9d9-ddb5-4fa4-a97d-d965ccfc6d4b" outcome="Passed" testListId="5f22310a-91ba-42a0-b053-664de0e1d941" />
    <UnitTestResult executionId="458317ad-42d6-4001-861a-62a4bc217e9c" testId="fdce30b7-b2f9-46bf-99ef-c5bb9686aa85" testName="Test3666" computerName="UA-LPT-OGA2" duration="00:00:00.4020000" startTime="2025-05-14T13:20:31.3146610Z" endTime="2025-05-14T13:25:31.3147553Z" testType="13cdc9d9-ddb5-4fa4-a97d-d965ccfc6d4b" outcome="Passed" testListId="5f22310a-91ba-42a0-b053-664de0e1d941" />
    <UnitTestResult executionId="0da39a74-0093-4717-a7e5-436963f3ab69" testId="d93a232d-d848-4177-8e0f-ded4d08ddc53" testName="Test3667" computerName="UA-LPT-OGA2" duration="00:00:01.1020000" startTime="2025-05-14T13:20:31.3146610Z" endTime="2025-05-14T13:25:31.3147553Z" testType="13cdc9d9-ddb5-4fa4-a97d-d965ccfc6d4b" outcome="Passed" testListId="5f22310a-91ba-42a0-b053-664de0e1d941" />
    <UnitTestResult executionId="bf613da9-d702-4a78-a187-1bb6beba535d" testId="f229929e-e60f-4b18-9c6f-510f5ff31034" testName="Test3668" computerName="UA-LPT-OGA2" duration="00:00:00.7050000" startTime="2025-05-14T13:20:31.3146610Z" endTime="2025-05-14T13:25:31.3147553Z" testType="13cdc9d9-ddb5-4fa4-a97d-d965ccfc6d4b" outcome="Passed" testListId="5f22310a-91ba-42a0-b053-664de0e1d941" />
    <UnitTestResult executionId="74b81d35-0da4-4ea3-a95f-b44d67d5d04b" testId="044e3ccf-5115-4333-b32c-22d4174b1864" testName="Test3669" computerName="UA-LPT-OGA2" duration="00:00:01.1360000" startTime="2025-05-14T13:20:31.3146610Z" endTime="2025-05-14T13:25:31.3147553Z" testType="13cdc9d9-ddb5-4fa4-a97d-d965ccfc6d4b" outcome="Passed" testListId="5f22310a-91ba-42a0-b053-664de0e1d941" />
    <UnitTestResult executionId="43b0f7a2-a206-4875-af2c-9e86b14d4956" testId="e0176bd6-8cd2-4c65-b9b0-d8eb421b0112" testName="Test3670" computerName="UA-LPT-OGA2" duration="00:00:01.6040000" startTime="2025-05-14T13:20:31.3146610Z" endTime="2025-05-14T13:25:31.3147553Z" testType="13cdc9d9-ddb5-4fa4-a97d-d965ccfc6d4b" outcome="Passed" testListId="5f22310a-91ba-42a0-b053-664de0e1d941" />
    <UnitTestResult executionId="be985dcf-ba08-4249-ab77-bedc4dacec0c" testId="23b8958f-6255-4929-bddb-59d36c29ec06" testName="Test3671" computerName="UA-LPT-OGA2" duration="00:00:01.9830000" startTime="2025-05-14T13:20:31.3146610Z" endTime="2025-05-14T13:25:31.3147553Z" testType="13cdc9d9-ddb5-4fa4-a97d-d965ccfc6d4b" outcome="Passed" testListId="5f22310a-91ba-42a0-b053-664de0e1d941" />
    <UnitTestResult executionId="9847bd45-d97f-4aa1-96e7-9e7d3338ddea" testId="179ce3c2-1325-41d2-b875-930bae721856" testName="Test3672" computerName="UA-LPT-OGA2" duration="00:00:01.3660000" startTime="2025-05-14T13:20:31.3146610Z" endTime="2025-05-14T13:25:31.3147553Z" testType="13cdc9d9-ddb5-4fa4-a97d-d965ccfc6d4b" outcome="Passed" testListId="5f22310a-91ba-42a0-b053-664de0e1d941" />
    <UnitTestResult executionId="c3026d79-0381-4263-b4dc-fbc205fc4fca" testId="53556461-887e-41dd-90bc-6e14923ba1f4" testName="Test3673" computerName="UA-LPT-OGA2" duration="00:00:01.3400000" startTime="2025-05-14T13:20:31.3146610Z" endTime="2025-05-14T13:25:31.3147553Z" testType="13cdc9d9-ddb5-4fa4-a97d-d965ccfc6d4b" outcome="Passed" testListId="5f22310a-91ba-42a0-b053-664de0e1d941" />
    <UnitTestResult executionId="d452d9a1-7d61-4c35-b23e-829ae036e69b" testId="19cb90e7-96f6-445f-b2bd-aa5bdea14051" testName="Test3674" computerName="UA-LPT-OGA2" duration="00:00:00.5600000" startTime="2025-05-14T13:20:31.3146610Z" endTime="2025-05-14T13:25:31.3147553Z" testType="13cdc9d9-ddb5-4fa4-a97d-d965ccfc6d4b" outcome="Passed" testListId="5f22310a-91ba-42a0-b053-664de0e1d941" />
    <UnitTestResult executionId="69389988-c3c4-42c6-8481-50a3a76222ad" testId="d3122f4c-6876-48d6-bb4d-703a727241e2" testName="Test3675" computerName="UA-LPT-OGA2" duration="00:00:01.6240000" startTime="2025-05-14T13:20:31.3146610Z" endTime="2025-05-14T13:25:31.3147553Z" testType="13cdc9d9-ddb5-4fa4-a97d-d965ccfc6d4b" outcome="Passed" testListId="5f22310a-91ba-42a0-b053-664de0e1d941" />
    <UnitTestResult executionId="fb2debf2-269e-4100-86b9-dd9e4b1d52c2" testId="82d0dbc0-48f1-4dd3-9868-db658f5a85a6" testName="Test3676" computerName="UA-LPT-OGA2" duration="00:00:00.9360000" startTime="2025-05-14T13:20:31.3146610Z" endTime="2025-05-14T13:25:31.3147553Z" testType="13cdc9d9-ddb5-4fa4-a97d-d965ccfc6d4b" outcome="Passed" testListId="5f22310a-91ba-42a0-b053-664de0e1d941" />
    <UnitTestResult executionId="1f2d1bcf-da9b-4389-99ef-c310f83e6cfe" testId="fc27a870-85fe-4c9c-80d4-110e0a7d003b" testName="Test3677" computerName="UA-LPT-OGA2" duration="00:00:00.9480000" startTime="2025-05-14T13:20:31.3146610Z" endTime="2025-05-14T13:25:31.3147553Z" testType="13cdc9d9-ddb5-4fa4-a97d-d965ccfc6d4b" outcome="Passed" testListId="5f22310a-91ba-42a0-b053-664de0e1d941" />
    <UnitTestResult executionId="96cee9cb-ff39-413a-8a64-dd55e1576f0f" testId="c3683f87-3ce4-4566-a6d1-bef4e8f035a8" testName="Test3678" computerName="UA-LPT-OGA2" duration="00:00:00.2530000" startTime="2025-05-14T13:20:31.3146610Z" endTime="2025-05-14T13:25:31.3147553Z" testType="13cdc9d9-ddb5-4fa4-a97d-d965ccfc6d4b" outcome="Passed" testListId="5f22310a-91ba-42a0-b053-664de0e1d941" />
    <UnitTestResult executionId="824ee3a3-ff1b-445f-ba9a-ae343df5b63f" testId="c96d992e-f555-409a-bb0c-ad133327e978" testName="Test3679" computerName="UA-LPT-OGA2" duration="00:00:01.4530000" startTime="2025-05-14T13:20:31.3146610Z" endTime="2025-05-14T13:25:31.3147553Z" testType="13cdc9d9-ddb5-4fa4-a97d-d965ccfc6d4b" outcome="Passed" testListId="5f22310a-91ba-42a0-b053-664de0e1d941" />
    <UnitTestResult executionId="7088f3d4-f1b8-433c-b5f4-9443d048ec89" testId="b188858e-49cc-4cd7-9e2a-337cd561d195" testName="Test3680" computerName="UA-LPT-OGA2" duration="00:00:01.0020000" startTime="2025-05-14T13:20:31.3146610Z" endTime="2025-05-14T13:25:31.3147553Z" testType="13cdc9d9-ddb5-4fa4-a97d-d965ccfc6d4b" outcome="Passed" testListId="5f22310a-91ba-42a0-b053-664de0e1d941" />
    <UnitTestResult executionId="f3504710-36d8-45e8-a9f6-103652b44e5a" testId="dbb41822-2c82-46d6-b45f-5d4996f28c79" testName="Test3681" computerName="UA-LPT-OGA2" duration="00:00:00.0660000" startTime="2025-05-14T13:20:31.3146610Z" endTime="2025-05-14T13:25:31.3147553Z" testType="13cdc9d9-ddb5-4fa4-a97d-d965ccfc6d4b" outcome="Passed" testListId="5f22310a-91ba-42a0-b053-664de0e1d941" />
    <UnitTestResult executionId="73880d36-bc68-473e-bfdc-54e6aa4e30b5" testId="f65cfc29-6f93-4d88-b650-f3491ebc7481" testName="Test3682" computerName="UA-LPT-OGA2" duration="00:00:01.2610000" startTime="2025-05-14T13:20:31.3146610Z" endTime="2025-05-14T13:25:31.3147553Z" testType="13cdc9d9-ddb5-4fa4-a97d-d965ccfc6d4b" outcome="Passed" testListId="5f22310a-91ba-42a0-b053-664de0e1d941" />
    <UnitTestResult executionId="5c850f23-4120-4a5a-bd4f-265dcc1cf2a7" testId="3b8aa6c7-28af-487e-b55d-d73d4b06a6a8" testName="Test3683" computerName="UA-LPT-OGA2" duration="00:00:00.2780000" startTime="2025-05-14T13:20:31.3146610Z" endTime="2025-05-14T13:25:31.3147553Z" testType="13cdc9d9-ddb5-4fa4-a97d-d965ccfc6d4b" outcome="Passed" testListId="5f22310a-91ba-42a0-b053-664de0e1d941" />
    <UnitTestResult executionId="c40de522-f079-4a1e-a759-c2f0a683c3c6" testId="1ffc5422-77ad-4d03-9254-2bbf799a089e" testName="Test3684" computerName="UA-LPT-OGA2" duration="00:00:00.8510000" startTime="2025-05-14T13:20:31.3146610Z" endTime="2025-05-14T13:25:31.3147553Z" testType="13cdc9d9-ddb5-4fa4-a97d-d965ccfc6d4b" outcome="Passed" testListId="5f22310a-91ba-42a0-b053-664de0e1d941" />
    <UnitTestResult executionId="4704ae14-662d-4ca1-bf49-b302d24007dc" testId="9bdb2dbf-0001-4943-a022-00dfb7956536" testName="Test3685" computerName="UA-LPT-OGA2" duration="00:00:00.8760000" startTime="2025-05-14T13:20:31.3146610Z" endTime="2025-05-14T13:25:31.3147553Z" testType="13cdc9d9-ddb5-4fa4-a97d-d965ccfc6d4b" outcome="Passed" testListId="5f22310a-91ba-42a0-b053-664de0e1d941" />
    <UnitTestResult executionId="9100240c-b3db-413f-baf5-8cd5c3acbff0" testId="61e27553-9c7d-42df-ad7a-23002c15d933" testName="Test3686" computerName="UA-LPT-OGA2" duration="00:00:01.0690000" startTime="2025-05-14T13:20:31.3146610Z" endTime="2025-05-14T13:25:31.3147553Z" testType="13cdc9d9-ddb5-4fa4-a97d-d965ccfc6d4b" outcome="Passed" testListId="5f22310a-91ba-42a0-b053-664de0e1d941" />
    <UnitTestResult executionId="11adb093-aacc-44a0-b96b-63daff3897ef" testId="523d840d-ab26-4ba7-b299-b137ac6b79c3" testName="Test3687" computerName="UA-LPT-OGA2" duration="00:00:01.5570000" startTime="2025-05-14T13:20:31.3146610Z" endTime="2025-05-14T13:25:31.3147553Z" testType="13cdc9d9-ddb5-4fa4-a97d-d965ccfc6d4b" outcome="Passed" testListId="5f22310a-91ba-42a0-b053-664de0e1d941" />
    <UnitTestResult executionId="5cc7ea93-e531-43ed-ac22-7c5ab13d99e9" testId="cf47998a-3245-47cf-8759-f45a32998f5a" testName="Test3688" computerName="UA-LPT-OGA2" duration="00:00:00.1890000" startTime="2025-05-14T13:20:31.3146610Z" endTime="2025-05-14T13:25:31.3147553Z" testType="13cdc9d9-ddb5-4fa4-a97d-d965ccfc6d4b" outcome="Passed" testListId="5f22310a-91ba-42a0-b053-664de0e1d941" />
    <UnitTestResult executionId="d6db2746-6890-4d02-930d-fbed49fa13ea" testId="1de74175-a658-47b2-b17b-e1b2c83ba2b5" testName="Test3689" computerName="UA-LPT-OGA2" duration="00:00:01.6860000" startTime="2025-05-14T13:20:31.3146610Z" endTime="2025-05-14T13:25:31.3147553Z" testType="13cdc9d9-ddb5-4fa4-a97d-d965ccfc6d4b" outcome="Passed" testListId="5f22310a-91ba-42a0-b053-664de0e1d941" />
    <UnitTestResult executionId="ecea75d7-f89c-44d3-b16c-3d460f395854" testId="7549907c-7c55-4ed8-8026-a6c4de490673" testName="Test3690" computerName="UA-LPT-OGA2" duration="00:00:00.9180000" startTime="2025-05-14T13:20:31.3146610Z" endTime="2025-05-14T13:25:31.3147553Z" testType="13cdc9d9-ddb5-4fa4-a97d-d965ccfc6d4b" outcome="Passed" testListId="5f22310a-91ba-42a0-b053-664de0e1d941" />
    <UnitTestResult executionId="8ae4815e-bffc-4918-9531-55ef4f8ba358" testId="0853226f-4a17-460a-9ae3-66f946c77f5e" testName="Test3691" computerName="UA-LPT-OGA2" duration="00:00:01.4930000" startTime="2025-05-14T13:20:31.3146610Z" endTime="2025-05-14T13:25:31.3147553Z" testType="13cdc9d9-ddb5-4fa4-a97d-d965ccfc6d4b" outcome="Passed" testListId="5f22310a-91ba-42a0-b053-664de0e1d941" />
    <UnitTestResult executionId="085706d4-fae0-404d-92a3-79d4f50c94d9" testId="00c4373e-5ae0-46f5-aed4-cc512fd964f6" testName="Test3692" computerName="UA-LPT-OGA2" duration="00:00:01.6670000" startTime="2025-05-14T13:20:31.3146610Z" endTime="2025-05-14T13:25:31.3147553Z" testType="13cdc9d9-ddb5-4fa4-a97d-d965ccfc6d4b" outcome="Passed" testListId="5f22310a-91ba-42a0-b053-664de0e1d941" />
    <UnitTestResult executionId="dea0ba13-252f-4eb4-b358-4a164b7fb009" testId="cee3b2b3-6f22-4ebc-9738-107b09390d9d" testName="Test3693" computerName="UA-LPT-OGA2" duration="00:00:00.1090000" startTime="2025-05-14T13:20:31.3146610Z" endTime="2025-05-14T13:25:31.3147553Z" testType="13cdc9d9-ddb5-4fa4-a97d-d965ccfc6d4b" outcome="Passed" testListId="5f22310a-91ba-42a0-b053-664de0e1d941" />
    <UnitTestResult executionId="83eced67-cdb9-4e84-90ec-88db4614205a" testId="5909a567-6cf0-4a64-9c10-e3c92ed6aba2" testName="Test3694" computerName="UA-LPT-OGA2" duration="00:00:00.3520000" startTime="2025-05-14T13:20:31.3146610Z" endTime="2025-05-14T13:25:31.3147553Z" testType="13cdc9d9-ddb5-4fa4-a97d-d965ccfc6d4b" outcome="Passed" testListId="5f22310a-91ba-42a0-b053-664de0e1d941" />
    <UnitTestResult executionId="75768eb8-d2e9-4399-9cd4-e27533bc8a13" testId="36db9ec1-20fc-4248-9114-a647b1425435" testName="Test3695" computerName="UA-LPT-OGA2" duration="00:00:01.4570000" startTime="2025-05-14T13:20:31.3146610Z" endTime="2025-05-14T13:25:31.3147553Z" testType="13cdc9d9-ddb5-4fa4-a97d-d965ccfc6d4b" outcome="Passed" testListId="5f22310a-91ba-42a0-b053-664de0e1d941" />
    <UnitTestResult executionId="76ed3ed5-3a7c-4a73-8ddc-b32ee6cff07d" testId="0c8b1fc9-2243-4160-b1f8-8b2a64c18ed7" testName="Test3696" computerName="UA-LPT-OGA2" duration="00:00:01.4030000" startTime="2025-05-14T13:20:31.3146610Z" endTime="2025-05-14T13:25:31.3147553Z" testType="13cdc9d9-ddb5-4fa4-a97d-d965ccfc6d4b" outcome="Passed" testListId="5f22310a-91ba-42a0-b053-664de0e1d941" />
    <UnitTestResult executionId="22bababd-4c4f-46f0-8bb5-016b93098c5e" testId="8e73bb31-1f74-42aa-a808-a57b29f7ffbb" testName="Test3697" computerName="UA-LPT-OGA2" duration="00:00:00.7090000" startTime="2025-05-14T13:20:31.3146610Z" endTime="2025-05-14T13:25:31.3147553Z" testType="13cdc9d9-ddb5-4fa4-a97d-d965ccfc6d4b" outcome="Passed" testListId="5f22310a-91ba-42a0-b053-664de0e1d941" />
    <UnitTestResult executionId="8f2df568-ad6d-47b3-bc7e-2841f75ff928" testId="bcfe747e-7bab-482b-b8c4-e9ecd2f70593" testName="Test3698" computerName="UA-LPT-OGA2" duration="00:00:00.3630000" startTime="2025-05-14T13:20:31.3146610Z" endTime="2025-05-14T13:25:31.3147553Z" testType="13cdc9d9-ddb5-4fa4-a97d-d965ccfc6d4b" outcome="Passed" testListId="5f22310a-91ba-42a0-b053-664de0e1d941" />
    <UnitTestResult executionId="a625ed50-87f8-4ca1-8ac4-6d486325ef2a" testId="7cdba1fc-4696-44cc-b74b-0a1c50fb22fc" testName="Test3699" computerName="UA-LPT-OGA2" duration="00:00:00.4380000" startTime="2025-05-14T13:20:31.3146610Z" endTime="2025-05-14T13:25:31.3147553Z" testType="13cdc9d9-ddb5-4fa4-a97d-d965ccfc6d4b" outcome="Passed" testListId="5f22310a-91ba-42a0-b053-664de0e1d941" />
    <UnitTestResult executionId="9dbac5d5-23c5-4416-835b-7b086b6018a6" testId="31e45306-6230-4dec-a07d-2336b160af18" testName="Test3700" computerName="UA-LPT-OGA2" duration="00:00:00.1910000" startTime="2025-05-14T13:20:31.3146610Z" endTime="2025-05-14T13:25:31.3147553Z" testType="13cdc9d9-ddb5-4fa4-a97d-d965ccfc6d4b" outcome="Passed" testListId="5f22310a-91ba-42a0-b053-664de0e1d941" />
  </Results>
  <TestDefinitions>
    <UnitTest name="Test3601" id="953792ee-bb73-4898-bf3e-3f9bd6c5ab5a" storage="TestAssembly.dll">
      <Execution id="4f1732d6-b89d-4e33-96cf-94079e375b3b" />
      <TestMethod codeBase="TestAssembly.dll" className="TestNamespace.TestClass1" name="Test3601" />
    </UnitTest>
    <UnitTest name="Test3602" id="87500d71-0609-4574-a294-761ce6e0a5ed" storage="TestAssembly.dll">
      <Execution id="f201ea50-6601-4070-960b-95eaf3b436b3" />
      <TestMethod codeBase="TestAssembly.dll" className="TestNamespace.TestClass1" name="Test3602" />
    </UnitTest>
    <UnitTest name="Test3603" id="10ff400a-737b-497e-82a1-aaf5ca60f794" storage="TestAssembly.dll">
      <Execution id="802fb664-4705-4371-8e77-4c7bf135e29d" />
      <TestMethod codeBase="TestAssembly.dll" className="TestNamespace.TestClass1" name="Test3603" />
    </UnitTest>
    <UnitTest name="Test3604" id="3c6cd614-87fe-46b2-8e30-1d03f4e6d587" storage="TestAssembly.dll">
      <Execution id="5aa562ae-b022-49b9-937d-7849edf28e1e" />
      <TestMethod codeBase="TestAssembly.dll" className="TestNamespace.TestClass1" name="Test3604" />
    </UnitTest>
    <UnitTest name="Test3605" id="0d1afb60-e7d4-45c6-9902-0de3da897106" storage="TestAssembly.dll">
      <Execution id="11724ab6-d281-4e9a-a4ae-2efb0d27928e" />
      <TestMethod codeBase="TestAssembly.dll" className="TestNamespace.TestClass1" name="Test3605" />
    </UnitTest>
    <UnitTest name="Test3606" id="d25abe6a-67d5-4a6f-85a7-02fe202c5750" storage="TestAssembly.dll">
      <Execution id="c959d5a2-090f-49d9-a88f-ae1580d2cb44" />
      <TestMethod codeBase="TestAssembly.dll" className="TestNamespace.TestClass1" name="Test3606" />
    </UnitTest>
    <UnitTest name="Test3607" id="c30d83ea-29f6-4ecb-a10e-fa9f3e7727a5" storage="TestAssembly.dll">
      <Execution id="a003592a-86e4-4dc4-b520-6ae8d4937b12" />
      <TestMethod codeBase="TestAssembly.dll" className="TestNamespace.TestClass1" name="Test3607" />
    </UnitTest>
    <UnitTest name="Test3608" id="5730e767-9db4-48ca-be18-56ba9957e588" storage="TestAssembly.dll">
      <Execution id="d9f357ce-13ba-476d-b6e1-4216d828c1e1" />
      <TestMethod codeBase="TestAssembly.dll" className="TestNamespace.TestClass1" name="Test3608" />
    </UnitTest>
    <UnitTest name="Test3609" id="2719caed-74dc-4926-b768-3eda2a9d791f" storage="TestAssembly.dll">
      <Execution id="3056c079-f805-42a2-8835-f44be8f523bf" />
      <TestMethod codeBase="TestAssembly.dll" className="TestNamespace.TestClass1" name="Test3609" />
    </UnitTest>
    <UnitTest name="Test3610" id="a468ea53-9dfd-4a57-8582-e78ed06d088b" storage="TestAssembly.dll">
      <Execution id="7852335c-1e3f-486d-809b-b2ffc9ebc08e" />
      <TestMethod codeBase="TestAssembly.dll" className="TestNamespace.TestClass1" name="Test3610" />
    </UnitTest>
    <UnitTest name="Test3611" id="9d7047b8-1b4c-46a1-a553-1efc3cc40cff" storage="TestAssembly.dll">
      <Execution id="7a747490-c683-4362-9e04-84bd30885eaa" />
      <TestMethod codeBase="TestAssembly.dll" className="TestNamespace.TestClass2" name="Test3611" />
    </UnitTest>
    <UnitTest name="Test3612" id="564cd613-4a17-486f-8f63-e368173b0b9d" storage="TestAssembly.dll">
      <Execution id="048b4056-aaf7-48a2-874a-4871ffde463a" />
      <TestMethod codeBase="TestAssembly.dll" className="TestNamespace.TestClass2" name="Test3612" />
    </UnitTest>
    <UnitTest name="Test3613" id="26950c95-d6ed-46b2-84b7-64ed3916efe2" storage="TestAssembly.dll">
      <Execution id="05f7d80b-f0b8-4d0d-9b2a-a4bbf49bdf4d" />
      <TestMethod codeBase="TestAssembly.dll" className="TestNamespace.TestClass2" name="Test3613" />
    </UnitTest>
    <UnitTest name="Test3614" id="84714f95-67cb-4920-9c4f-f5a9d06120cd" storage="TestAssembly.dll">
      <Execution id="eacdf09f-1861-4fce-88e0-e341f97d5887" />
      <TestMethod codeBase="TestAssembly.dll" className="TestNamespace.TestClass2" name="Test3614" />
    </UnitTest>
    <UnitTest name="Test3615" id="18a1de9f-1b85-4294-918d-6b8fc4540afe" storage="TestAssembly.dll">
      <Execution id="50c9ae5a-9e71-4dd5-8b83-76678402e384" />
      <TestMethod codeBase="TestAssembly.dll" className="TestNamespace.TestClass2" name="Test3615" />
    </UnitTest>
    <UnitTest name="Test3616" id="7183cfbe-c7bf-4bcf-b4a5-947fad3779a8" storage="TestAssembly.dll">
      <Execution id="9a392a29-d3f4-43e6-bcb5-7cd5f097ab5e" />
      <TestMethod codeBase="TestAssembly.dll" className="TestNamespace.TestClass2" name="Test3616" />
    </UnitTest>
    <UnitTest name="Test3617" id="e44564a2-044a-4d9f-9fa2-adf59da0837e" storage="TestAssembly.dll">
      <Execution id="8339e36c-f61c-4d66-beeb-f0a8fdaa831e" />
      <TestMethod codeBase="TestAssembly.dll" className="TestNamespace.TestClass2" name="Test3617" />
    </UnitTest>
    <UnitTest name="Test3618" id="95f2e576-c7a6-41ec-bb8b-ea4020eef2c9" storage="TestAssembly.dll">
      <Execution id="14b5877b-bc79-4fec-99a9-0c6758ee6336" />
      <TestMethod codeBase="TestAssembly.dll" className="TestNamespace.TestClass2" name="Test3618" />
    </UnitTest>
    <UnitTest name="Test3619" id="34724bd6-3d82-41e4-8789-a83657dfe24d" storage="TestAssembly.dll">
      <Execution id="c8462b85-bab4-4368-b59a-9bf8d8e05b7e" />
      <TestMethod codeBase="TestAssembly.dll" className="TestNamespace.TestClass2" name="Test3619" />
    </UnitTest>
    <UnitTest name="Test3620" id="b84acfa2-fdaf-4d0f-a77a-3eea9dca8cc2" storage="TestAssembly.dll">
      <Execution id="ce836d96-73a0-4713-bf56-ba01f8bea019" />
      <TestMethod codeBase="TestAssembly.dll" className="TestNamespace.TestClass2" name="Test3620" />
    </UnitTest>
    <UnitTest name="Test3621" id="4e464144-1814-4757-b777-4b38ac466c67" storage="TestAssembly.dll">
      <Execution id="32bb78a7-4209-40f2-9e96-3df70e20e5bc" />
      <TestMethod codeBase="TestAssembly.dll" className="TestNamespace.TestClass3" name="Test3621" />
    </UnitTest>
    <UnitTest name="Test3622" id="2f07b0de-49e7-48f5-9a05-5ce28b19f22f" storage="TestAssembly.dll">
      <Execution id="a1f3532d-2feb-473d-9b88-4f9a07f2219b" />
      <TestMethod codeBase="TestAssembly.dll" className="TestNamespace.TestClass3" name="Test3622" />
    </UnitTest>
    <UnitTest name="Test3623" id="33ee74a8-0e30-4461-9932-11ca9da0478c" storage="TestAssembly.dll">
      <Execution id="37aa974f-eb10-48fc-9755-9f66bcbd4686" />
      <TestMethod codeBase="TestAssembly.dll" className="TestNamespace.TestClass3" name="Test3623" />
    </UnitTest>
    <UnitTest name="Test3624" id="16e81a47-1675-4ae7-9bd4-7fb556adda57" storage="TestAssembly.dll">
      <Execution id="04fb79d6-e04f-4443-a007-4511353fd5de" />
      <TestMethod codeBase="TestAssembly.dll" className="TestNamespace.TestClass3" name="Test3624" />
    </UnitTest>
    <UnitTest name="Test3625" id="1a8d6930-c260-4bc9-a0ff-e24c7ac09e51" storage="TestAssembly.dll">
      <Execution id="89da0c7c-23a9-45df-8a59-d735e9990847" />
      <TestMethod codeBase="TestAssembly.dll" className="TestNamespace.TestClass3" name="Test3625" />
    </UnitTest>
    <UnitTest name="Test3626" id="696d00a9-a201-4f40-a850-9b8ea418d614" storage="TestAssembly.dll">
      <Execution id="cd823a46-5bab-41f8-9424-d9c21ae67cfa" />
      <TestMethod codeBase="TestAssembly.dll" className="TestNamespace.TestClass3" name="Test3626" />
    </UnitTest>
    <UnitTest name="Test3627" id="7516d7c6-cdfb-4ef0-bc16-7268e676ea0c" storage="TestAssembly.dll">
      <Execution id="1d9b0a05-0b7d-43dd-975b-2522a986e413" />
      <TestMethod codeBase="TestAssembly.dll" className="TestNamespace.TestClass3" name="Test3627" />
    </UnitTest>
    <UnitTest name="Test3628" id="4f6779a4-8712-47d9-88fe-2c9a88b97623" storage="TestAssembly.dll">
      <Execution id="b20c8f26-12fb-4c04-904e-a938ae752861" />
      <TestMethod codeBase="TestAssembly.dll" className="TestNamespace.TestClass3" name="Test3628" />
    </UnitTest>
    <UnitTest name="Test3629" id="7fe4e704-c2d0-422a-bcc5-88e3a0eda472" storage="TestAssembly.dll">
      <Execution id="f7b5bc66-e24c-4ba9-9a36-8b65619d1788" />
      <TestMethod codeBase="TestAssembly.dll" className="TestNamespace.TestClass3" name="Test3629" />
    </UnitTest>
    <UnitTest name="Test3630" id="061dc0c5-30c0-4661-b884-5306d421c732" storage="TestAssembly.dll">
      <Execution id="0364a1d4-4883-49b2-9f91-4675d8ca979c" />
      <TestMethod codeBase="TestAssembly.dll" className="TestNamespace.TestClass3" name="Test3630" />
    </UnitTest>
    <UnitTest name="Test3631" id="520fecc9-ec54-42f4-a1a2-6126a218e0b4" storage="TestAssembly.dll">
      <Execution id="f87ceb0d-6e79-42a5-a959-d6c0a78f026a" />
      <TestMethod codeBase="TestAssembly.dll" className="TestNamespace.TestClass4" name="Test3631" />
    </UnitTest>
    <UnitTest name="Test3632" id="67808030-fc83-468b-9baf-279ddc6f27f0" storage="TestAssembly.dll">
      <Execution id="6ef48cb2-d80b-412a-879e-ed14559e57dd" />
      <TestMethod codeBase="TestAssembly.dll" className="TestNamespace.TestClass4" name="Test3632" />
    </UnitTest>
    <UnitTest name="Test3633" id="12cfeb93-e3dc-47a9-9d11-52e812a81080" storage="TestAssembly.dll">
      <Execution id="5eab35aa-f1f7-4f52-a9cb-c9f52d9fa2de" />
      <TestMethod codeBase="TestAssembly.dll" className="TestNamespace.TestClass4" name="Test3633" />
    </UnitTest>
    <UnitTest name="Test3634" id="0d7373b6-dbd4-401c-95bb-11dc0ea36860" storage="TestAssembly.dll">
      <Execution id="b1b01ea0-b0fa-4543-acb1-15aef62e15e0" />
      <TestMethod codeBase="TestAssembly.dll" className="TestNamespace.TestClass4" name="Test3634" />
    </UnitTest>
    <UnitTest name="Test3635" id="4e0c3375-68fd-4e05-b202-51f31f09b495" storage="TestAssembly.dll">
      <Execution id="257cb76a-2483-439c-a6fa-b63b8fffe27d" />
      <TestMethod codeBase="TestAssembly.dll" className="TestNamespace.TestClass4" name="Test3635" />
    </UnitTest>
    <UnitTest name="Test3636" id="1cd146c3-8314-4bb6-84d1-c7ede41b33ea" storage="TestAssembly.dll">
      <Execution id="eabd3da7-5c1a-477b-acda-727c0fefdf11" />
      <TestMethod codeBase="TestAssembly.dll" className="TestNamespace.TestClass4" name="Test3636" />
    </UnitTest>
    <UnitTest name="Test3637" id="f490378f-9fa5-43f6-adde-f400b1df8ec0" storage="TestAssembly.dll">
      <Execution id="661159eb-a12e-48e8-9aee-ffa9cb3f74cc" />
      <TestMethod codeBase="TestAssembly.dll" className="TestNamespace.TestClass4" name="Test3637" />
    </UnitTest>
    <UnitTest name="Test3638" id="6d91579e-8799-46b4-9c6c-7c1d026ccce4" storage="TestAssembly.dll">
      <Execution id="0f900c8d-446f-47d9-b37e-218766ee0dc6" />
      <TestMethod codeBase="TestAssembly.dll" className="TestNamespace.TestClass4" name="Test3638" />
    </UnitTest>
    <UnitTest name="Test3639" id="04bf40f6-e69c-4e04-a2e0-6359aff39975" storage="TestAssembly.dll">
      <Execution id="6eafe973-4621-4c64-8615-ce2d0e151660" />
      <TestMethod codeBase="TestAssembly.dll" className="TestNamespace.TestClass4" name="Test3639" />
    </UnitTest>
    <UnitTest name="Test3640" id="3a7d8305-8a7a-4390-9fe9-8f3ebc2421e0" storage="TestAssembly.dll">
      <Execution id="c082b191-a039-4492-b723-53c1b4d32c37" />
      <TestMethod codeBase="TestAssembly.dll" className="TestNamespace.TestClass4" name="Test3640" />
    </UnitTest>
    <UnitTest name="Test3641" id="6c823b7e-a756-4104-b67a-3d35529a9fdd" storage="TestAssembly.dll">
      <Execution id="e31d273c-85e3-4d3f-9120-260ed0fb1b0e" />
      <TestMethod codeBase="TestAssembly.dll" className="TestNamespace.TestClass5" name="Test3641" />
    </UnitTest>
    <UnitTest name="Test3642" id="c2c54efa-3452-44c6-ba55-4342a06df5d1" storage="TestAssembly.dll">
      <Execution id="84e49d8f-6580-4e48-a68b-7df615185e6b" />
      <TestMethod codeBase="TestAssembly.dll" className="TestNamespace.TestClass5" name="Test3642" />
    </UnitTest>
    <UnitTest name="Test3643" id="fd7554d6-0bc1-4885-a881-7beb78850824" storage="TestAssembly.dll">
      <Execution id="d5a3c350-ba72-4da9-805c-ed24310ad25a" />
      <TestMethod codeBase="TestAssembly.dll" className="TestNamespace.TestClass5" name="Test3643" />
    </UnitTest>
    <UnitTest name="Test3644" id="b137cbd0-b30e-4086-a5df-cd25d7f7401a" storage="TestAssembly.dll">
      <Execution id="9eba761f-3a12-4c37-b3da-49a4eca05ac8" />
      <TestMethod codeBase="TestAssembly.dll" className="TestNamespace.TestClass5" name="Test3644" />
    </UnitTest>
    <UnitTest name="Test3645" id="69dae711-9c03-498a-bad7-a01b52e67940" storage="TestAssembly.dll">
      <Execution id="a9e59828-b321-4448-b42a-a5fd6ca9d371" />
      <TestMethod codeBase="TestAssembly.dll" className="TestNamespace.TestClass5" name="Test3645" />
    </UnitTest>
    <UnitTest name="Test3646" id="8253a82d-91d8-4744-9ec0-ad516a79c6ba" storage="TestAssembly.dll">
      <Execution id="5f666c45-35d5-4c76-ada7-c63ca163b194" />
      <TestMethod codeBase="TestAssembly.dll" className="TestNamespace.TestClass5" name="Test3646" />
    </UnitTest>
    <UnitTest name="Test3647" id="a0a85cb7-8359-4984-a82b-5fc0af591996" storage="TestAssembly.dll">
      <Execution id="8c3e1bf0-a845-43a5-bba2-02efbd5c73dc" />
      <TestMethod codeBase="TestAssembly.dll" className="TestNamespace.TestClass5" name="Test3647" />
    </UnitTest>
    <UnitTest name="Test3648" id="53017b3c-b1f3-4d19-a679-a7c9956a58d4" storage="TestAssembly.dll">
      <Execution id="dddbafb6-4d03-4b8e-9d35-f4dd5d463bfa" />
      <TestMethod codeBase="TestAssembly.dll" className="TestNamespace.TestClass5" name="Test3648" />
    </UnitTest>
    <UnitTest name="Test3649" id="34b8e47a-30ac-4dfe-9603-8ebd6a3d3963" storage="TestAssembly.dll">
      <Execution id="bdbf2dec-71b2-47e2-9a2e-f1fd5512e488" />
      <TestMethod codeBase="TestAssembly.dll" className="TestNamespace.TestClass5" name="Test3649" />
    </UnitTest>
    <UnitTest name="Test3650" id="60ab96af-6b95-4def-bb4e-c0a2d8dc2f62" storage="TestAssembly.dll">
      <Execution id="e721c71a-4d60-4c64-bb3c-5d8758cca674" />
      <TestMethod codeBase="TestAssembly.dll" className="TestNamespace.TestClass5" name="Test3650" />
    </UnitTest>
    <UnitTest name="Test3651" id="9292e4ad-9466-4a11-b7b2-791a146fa00c" storage="TestAssembly.dll">
      <Execution id="97387eb0-58ce-4e58-85de-c680ed3d4cda" />
      <TestMethod codeBase="TestAssembly.dll" className="TestNamespace.TestClass6" name="Test3651" />
    </UnitTest>
    <UnitTest name="Test3652" id="369f8ed2-89e0-4f23-b624-33d933403d45" storage="TestAssembly.dll">
      <Execution id="3c4b7d82-8880-4892-b165-1cb798ef7fe3" />
      <TestMethod codeBase="TestAssembly.dll" className="TestNamespace.TestClass6" name="Test3652" />
    </UnitTest>
    <UnitTest name="Test3653" id="6580c5b2-b4c5-4376-bc5a-ef9776e84586" storage="TestAssembly.dll">
      <Execution id="c6a81e97-c0a6-497d-a7a3-a5ecf95cbac9" />
      <TestMethod codeBase="TestAssembly.dll" className="TestNamespace.TestClass6" name="Test3653" />
    </UnitTest>
    <UnitTest name="Test3654" id="c6e0a0ea-d452-4980-9211-6753a9818b22" storage="TestAssembly.dll">
      <Execution id="5b892c6b-5a2f-423e-9aef-97bbb9cf9053" />
      <TestMethod codeBase="TestAssembly.dll" className="TestNamespace.TestClass6" name="Test3654" />
    </UnitTest>
    <UnitTest name="Test3655" id="0671675e-757c-4b29-bc09-d85289bfad47" storage="TestAssembly.dll">
      <Execution id="97071648-d847-4e96-8b76-57b3a661c929" />
      <TestMethod codeBase="TestAssembly.dll" className="TestNamespace.TestClass6" name="Test3655" />
    </UnitTest>
    <UnitTest name="Test3656" id="9b170614-6ae8-43cd-8672-89c99e9e8e77" storage="TestAssembly.dll">
      <Execution id="c775f79a-6e17-4f83-a4fa-0ef48f8110a8" />
      <TestMethod codeBase="TestAssembly.dll" className="TestNamespace.TestClass6" name="Test3656" />
    </UnitTest>
    <UnitTest name="Test3657" id="be6a8094-158a-4784-ad62-f30162e10158" storage="TestAssembly.dll">
      <Execution id="78dcf84e-3a6f-49df-97bf-b8a320ff0615" />
      <TestMethod codeBase="TestAssembly.dll" className="TestNamespace.TestClass6" name="Test3657" />
    </UnitTest>
    <UnitTest name="Test3658" id="ea9cc283-5214-44f6-838a-8bdefd886fef" storage="TestAssembly.dll">
      <Execution id="32f922c1-b0df-477e-b377-1d3cf438f959" />
      <TestMethod codeBase="TestAssembly.dll" className="TestNamespace.TestClass6" name="Test3658" />
    </UnitTest>
    <UnitTest name="Test3659" id="d164ab80-2fbb-4d84-bf23-64e9f08e7aab" storage="TestAssembly.dll">
      <Execution id="199b25b9-6478-49d2-8b2c-8628e7b1019d" />
      <TestMethod codeBase="TestAssembly.dll" className="TestNamespace.TestClass6" name="Test3659" />
    </UnitTest>
    <UnitTest name="Test3660" id="6e1488fc-fe83-422e-b53e-94481dddbc8f" storage="TestAssembly.dll">
      <Execution id="62a3dcf5-70b1-48af-a87a-9743e6e86ce7" />
      <TestMethod codeBase="TestAssembly.dll" className="TestNamespace.TestClass6" name="Test3660" />
    </UnitTest>
    <UnitTest name="Test3661" id="fe12a90b-47c3-438b-8bc8-f4729fff29d9" storage="TestAssembly.dll">
      <Execution id="efdec21f-bbc4-4393-ada8-7355d3b5baf4" />
      <TestMethod codeBase="TestAssembly.dll" className="TestNamespace.TestClass7" name="Test3661" />
    </UnitTest>
    <UnitTest name="Test3662" id="61596f60-809f-4330-8a7c-59ae904790bb" storage="TestAssembly.dll">
      <Execution id="dbeb7c55-b4d6-4902-ae68-9d06ccb9a891" />
      <TestMethod codeBase="TestAssembly.dll" className="TestNamespace.TestClass7" name="Test3662" />
    </UnitTest>
    <UnitTest name="Test3663" id="84b125b5-08d1-4932-b3b3-89df447f2dbb" storage="TestAssembly.dll">
      <Execution id="d0ec0424-1897-41ae-9504-630a102bab64" />
      <TestMethod codeBase="TestAssembly.dll" className="TestNamespace.TestClass7" name="Test3663" />
    </UnitTest>
    <UnitTest name="Test3664" id="5f45d642-40e2-4039-bf53-e713f6bc3eef" storage="TestAssembly.dll">
      <Execution id="fcd0131b-103a-4c49-836d-44ae78b9ff07" />
      <TestMethod codeBase="TestAssembly.dll" className="TestNamespace.TestClass7" name="Test3664" />
    </UnitTest>
    <UnitTest name="Test3665" id="b10df222-1b6e-4a30-a2bc-338952c58b6a" storage="TestAssembly.dll">
      <Execution id="00764df2-1cdf-45d7-8365-b62c13b8f461" />
      <TestMethod codeBase="TestAssembly.dll" className="TestNamespace.TestClass7" name="Test3665" />
    </UnitTest>
    <UnitTest name="Test3666" id="fdce30b7-b2f9-46bf-99ef-c5bb9686aa85" storage="TestAssembly.dll">
      <Execution id="458317ad-42d6-4001-861a-62a4bc217e9c" />
      <TestMethod codeBase="TestAssembly.dll" className="TestNamespace.TestClass7" name="Test3666" />
    </UnitTest>
    <UnitTest name="Test3667" id="d93a232d-d848-4177-8e0f-ded4d08ddc53" storage="TestAssembly.dll">
      <Execution id="0da39a74-0093-4717-a7e5-436963f3ab69" />
      <TestMethod codeBase="TestAssembly.dll" className="TestNamespace.TestClass7" name="Test3667" />
    </UnitTest>
    <UnitTest name="Test3668" id="f229929e-e60f-4b18-9c6f-510f5ff31034" storage="TestAssembly.dll">
      <Execution id="bf613da9-d702-4a78-a187-1bb6beba535d" />
      <TestMethod codeBase="TestAssembly.dll" className="TestNamespace.TestClass7" name="Test3668" />
    </UnitTest>
    <UnitTest name="Test3669" id="044e3ccf-5115-4333-b32c-22d4174b1864" storage="TestAssembly.dll">
      <Execution id="74b81d35-0da4-4ea3-a95f-b44d67d5d04b" />
      <TestMethod codeBase="TestAssembly.dll" className="TestNamespace.TestClass7" name="Test3669" />
    </UnitTest>
    <UnitTest name="Test3670" id="e0176bd6-8cd2-4c65-b9b0-d8eb421b0112" storage="TestAssembly.dll">
      <Execution id="43b0f7a2-a206-4875-af2c-9e86b14d4956" />
      <TestMethod codeBase="TestAssembly.dll" className="TestNamespace.TestClass7" name="Test3670" />
    </UnitTest>
    <UnitTest name="Test3671" id="23b8958f-6255-4929-bddb-59d36c29ec06" storage="TestAssembly.dll">
      <Execution id="be985dcf-ba08-4249-ab77-bedc4dacec0c" />
      <TestMethod codeBase="TestAssembly.dll" className="TestNamespace.TestClass8" name="Test3671" />
    </UnitTest>
    <UnitTest name="Test3672" id="179ce3c2-1325-41d2-b875-930bae721856" storage="TestAssembly.dll">
      <Execution id="9847bd45-d97f-4aa1-96e7-9e7d3338ddea" />
      <TestMethod codeBase="TestAssembly.dll" className="TestNamespace.TestClass8" name="Test3672" />
    </UnitTest>
    <UnitTest name="Test3673" id="53556461-887e-41dd-90bc-6e14923ba1f4" storage="TestAssembly.dll">
      <Execution id="c3026d79-0381-4263-b4dc-fbc205fc4fca" />
      <TestMethod codeBase="TestAssembly.dll" className="TestNamespace.TestClass8" name="Test3673" />
    </UnitTest>
    <UnitTest name="Test3674" id="19cb90e7-96f6-445f-b2bd-aa5bdea14051" storage="TestAssembly.dll">
      <Execution id="d452d9a1-7d61-4c35-b23e-829ae036e69b" />
      <TestMethod codeBase="TestAssembly.dll" className="TestNamespace.TestClass8" name="Test3674" />
    </UnitTest>
    <UnitTest name="Test3675" id="d3122f4c-6876-48d6-bb4d-703a727241e2" storage="TestAssembly.dll">
      <Execution id="69389988-c3c4-42c6-8481-50a3a76222ad" />
      <TestMethod codeBase="TestAssembly.dll" className="TestNamespace.TestClass8" name="Test3675" />
    </UnitTest>
    <UnitTest name="Test3676" id="82d0dbc0-48f1-4dd3-9868-db658f5a85a6" storage="TestAssembly.dll">
      <Execution id="fb2debf2-269e-4100-86b9-dd9e4b1d52c2" />
      <TestMethod codeBase="TestAssembly.dll" className="TestNamespace.TestClass8" name="Test3676" />
    </UnitTest>
    <UnitTest name="Test3677" id="fc27a870-85fe-4c9c-80d4-110e0a7d003b" storage="TestAssembly.dll">
      <Execution id="1f2d1bcf-da9b-4389-99ef-c310f83e6cfe" />
      <TestMethod codeBase="TestAssembly.dll" className="TestNamespace.TestClass8" name="Test3677" />
    </UnitTest>
    <UnitTest name="Test3678" id="c3683f87-3ce4-4566-a6d1-bef4e8f035a8" storage="TestAssembly.dll">
      <Execution id="96cee9cb-ff39-413a-8a64-dd55e1576f0f" />
      <TestMethod codeBase="TestAssembly.dll" className="TestNamespace.TestClass8" name="Test3678" />
    </UnitTest>
    <UnitTest name="Test3679" id="c96d992e-f555-409a-bb0c-ad133327e978" storage="TestAssembly.dll">
      <Execution id="824ee3a3-ff1b-445f-ba9a-ae343df5b63f" />
      <TestMethod codeBase="TestAssembly.dll" className="TestNamespace.TestClass8" name="Test3679" />
    </UnitTest>
    <UnitTest name="Test3680" id="b188858e-49cc-4cd7-9e2a-337cd561d195" storage="TestAssembly.dll">
      <Execution id="7088f3d4-f1b8-433c-b5f4-9443d048ec89" />
      <TestMethod codeBase="TestAssembly.dll" className="TestNamespace.TestClass8" name="Test3680" />
    </UnitTest>
    <UnitTest name="Test3681" id="dbb41822-2c82-46d6-b45f-5d4996f28c79" storage="TestAssembly.dll">
      <Execution id="f3504710-36d8-45e8-a9f6-103652b44e5a" />
      <TestMethod codeBase="TestAssembly.dll" className="TestNamespace.TestClass9" name="Test3681" />
    </UnitTest>
    <UnitTest name="Test3682" id="f65cfc29-6f93-4d88-b650-f3491ebc7481" storage="TestAssembly.dll">
      <Execution id="73880d36-bc68-473e-bfdc-54e6aa4e30b5" />
      <TestMethod codeBase="TestAssembly.dll" className="TestNamespace.TestClass9" name="Test3682" />
    </UnitTest>
    <UnitTest name="Test3683" id="3b8aa6c7-28af-487e-b55d-d73d4b06a6a8" storage="TestAssembly.dll">
      <Execution id="5c850f23-4120-4a5a-bd4f-265dcc1cf2a7" />
      <TestMethod codeBase="TestAssembly.dll" className="TestNamespace.TestClass9" name="Test3683" />
    </UnitTest>
    <UnitTest name="Test3684" id="1ffc5422-77ad-4d03-9254-2bbf799a089e" storage="TestAssembly.dll">
      <Execution id="c40de522-f079-4a1e-a759-c2f0a683c3c6" />
      <TestMethod codeBase="TestAssembly.dll" className="TestNamespace.TestClass9" name="Test3684" />
    </UnitTest>
    <UnitTest name="Test3685" id="9bdb2dbf-0001-4943-a022-00dfb7956536" storage="TestAssembly.dll">
      <Execution id="4704ae14-662d-4ca1-bf49-b302d24007dc" />
      <TestMethod codeBase="TestAssembly.dll" className="TestNamespace.TestClass9" name="Test3685" />
    </UnitTest>
    <UnitTest name="Test3686" id="61e27553-9c7d-42df-ad7a-23002c15d933" storage="TestAssembly.dll">
      <Execution id="9100240c-b3db-413f-baf5-8cd5c3acbff0" />
      <TestMethod codeBase="TestAssembly.dll" className="TestNamespace.TestClass9" name="Test3686" />
    </UnitTest>
    <UnitTest name="Test3687" id="523d840d-ab26-4ba7-b299-b137ac6b79c3" storage="TestAssembly.dll">
      <Execution id="11adb093-aacc-44a0-b96b-63daff3897ef" />
      <TestMethod codeBase="TestAssembly.dll" className="TestNamespace.TestClass9" name="Test3687" />
    </UnitTest>
    <UnitTest name="Test3688" id="cf47998a-3245-47cf-8759-f45a32998f5a" storage="TestAssembly.dll">
      <Execution id="5cc7ea93-e531-43ed-ac22-7c5ab13d99e9" />
      <TestMethod codeBase="TestAssembly.dll" className="TestNamespace.TestClass9" name="Test3688" />
    </UnitTest>
    <UnitTest name="Test3689" id="1de74175-a658-47b2-b17b-e1b2c83ba2b5" storage="TestAssembly.dll">
      <Execution id="d6db2746-6890-4d02-930d-fbed49fa13ea" />
      <TestMethod codeBase="TestAssembly.dll" className="TestNamespace.TestClass9" name="Test3689" />
    </UnitTest>
    <UnitTest name="Test3690" id="7549907c-7c55-4ed8-8026-a6c4de490673" storage="TestAssembly.dll">
      <Execution id="ecea75d7-f89c-44d3-b16c-3d460f395854" />
      <TestMethod codeBase="TestAssembly.dll" className="TestNamespace.TestClass9" name="Test3690" />
    </UnitTest>
    <UnitTest name="Test3691" id="0853226f-4a17-460a-9ae3-66f946c77f5e" storage="TestAssembly.dll">
      <Execution id="8ae4815e-bffc-4918-9531-55ef4f8ba358" />
      <TestMethod codeBase="TestAssembly.dll" className="TestNamespace.TestClass10" name="Test3691" />
    </UnitTest>
    <UnitTest name="Test3692" id="00c4373e-5ae0-46f5-aed4-cc512fd964f6" storage="TestAssembly.dll">
      <Execution id="085706d4-fae0-404d-92a3-79d4f50c94d9" />
      <TestMethod codeBase="TestAssembly.dll" className="TestNamespace.TestClass10" name="Test3692" />
    </UnitTest>
    <UnitTest name="Test3693" id="cee3b2b3-6f22-4ebc-9738-107b09390d9d" storage="TestAssembly.dll">
      <Execution id="dea0ba13-252f-4eb4-b358-4a164b7fb009" />
      <TestMethod codeBase="TestAssembly.dll" className="TestNamespace.TestClass10" name="Test3693" />
    </UnitTest>
    <UnitTest name="Test3694" id="5909a567-6cf0-4a64-9c10-e3c92ed6aba2" storage="TestAssembly.dll">
      <Execution id="83eced67-cdb9-4e84-90ec-88db4614205a" />
      <TestMethod codeBase="TestAssembly.dll" className="TestNamespace.TestClass10" name="Test3694" />
    </UnitTest>
    <UnitTest name="Test3695" id="36db9ec1-20fc-4248-9114-a647b1425435" storage="TestAssembly.dll">
      <Execution id="75768eb8-d2e9-4399-9cd4-e27533bc8a13" />
      <TestMethod codeBase="TestAssembly.dll" className="TestNamespace.TestClass10" name="Test3695" />
    </UnitTest>
    <UnitTest name="Test3696" id="0c8b1fc9-2243-4160-b1f8-8b2a64c18ed7" storage="TestAssembly.dll">
      <Execution id="76ed3ed5-3a7c-4a73-8ddc-b32ee6cff07d" />
      <TestMethod codeBase="TestAssembly.dll" className="TestNamespace.TestClass10" name="Test3696" />
    </UnitTest>
    <UnitTest name="Test3697" id="8e73bb31-1f74-42aa-a808-a57b29f7ffbb" storage="TestAssembly.dll">
      <Execution id="22bababd-4c4f-46f0-8bb5-016b93098c5e" />
      <TestMethod codeBase="TestAssembly.dll" className="TestNamespace.TestClass10" name="Test3697" />
    </UnitTest>
    <UnitTest name="Test3698" id="bcfe747e-7bab-482b-b8c4-e9ecd2f70593" storage="TestAssembly.dll">
      <Execution id="8f2df568-ad6d-47b3-bc7e-2841f75ff928" />
      <TestMethod codeBase="TestAssembly.dll" className="TestNamespace.TestClass10" name="Test3698" />
    </UnitTest>
    <UnitTest name="Test3699" id="7cdba1fc-4696-44cc-b74b-0a1c50fb22fc" storage="TestAssembly.dll">
      <Execution id="a625ed50-87f8-4ca1-8ac4-6d486325ef2a" />
      <TestMethod codeBase="TestAssembly.dll" className="TestNamespace.TestClass10" name="Test3699" />
    </UnitTest>
    <UnitTest name="Test3700" id="31e45306-6230-4dec-a07d-2336b160af18" storage="TestAssembly.dll">
      <Execution id="9dbac5d5-23c5-4416-835b-7b086b6018a6" />
      <TestMethod codeBase="TestAssembly.dll" className="TestNamespace.TestClass10" name="Test3700" />
    </UnitTest>
  </TestDefinitions>
  <TestEntries>
    <TestEntry testId="953792ee-bb73-4898-bf3e-3f9bd6c5ab5a" executionId="4f1732d6-b89d-4e33-96cf-94079e375b3b" testListId="5f22310a-91ba-42a0-b053-664de0e1d941" />
    <TestEntry testId="87500d71-0609-4574-a294-761ce6e0a5ed" executionId="f201ea50-6601-4070-960b-95eaf3b436b3" testListId="5f22310a-91ba-42a0-b053-664de0e1d941" />
    <TestEntry testId="10ff400a-737b-497e-82a1-aaf5ca60f794" executionId="802fb664-4705-4371-8e77-4c7bf135e29d" testListId="5f22310a-91ba-42a0-b053-664de0e1d941" />
    <TestEntry testId="3c6cd614-87fe-46b2-8e30-1d03f4e6d587" executionId="5aa562ae-b022-49b9-937d-7849edf28e1e" testListId="5f22310a-91ba-42a0-b053-664de0e1d941" />
    <TestEntry testId="0d1afb60-e7d4-45c6-9902-0de3da897106" executionId="11724ab6-d281-4e9a-a4ae-2efb0d27928e" testListId="5f22310a-91ba-42a0-b053-664de0e1d941" />
    <TestEntry testId="d25abe6a-67d5-4a6f-85a7-02fe202c5750" executionId="c959d5a2-090f-49d9-a88f-ae1580d2cb44" testListId="5f22310a-91ba-42a0-b053-664de0e1d941" />
    <TestEntry testId="c30d83ea-29f6-4ecb-a10e-fa9f3e7727a5" executionId="a003592a-86e4-4dc4-b520-6ae8d4937b12" testListId="5f22310a-91ba-42a0-b053-664de0e1d941" />
    <TestEntry testId="5730e767-9db4-48ca-be18-56ba9957e588" executionId="d9f357ce-13ba-476d-b6e1-4216d828c1e1" testListId="5f22310a-91ba-42a0-b053-664de0e1d941" />
    <TestEntry testId="2719caed-74dc-4926-b768-3eda2a9d791f" executionId="3056c079-f805-42a2-8835-f44be8f523bf" testListId="5f22310a-91ba-42a0-b053-664de0e1d941" />
    <TestEntry testId="a468ea53-9dfd-4a57-8582-e78ed06d088b" executionId="7852335c-1e3f-486d-809b-b2ffc9ebc08e" testListId="5f22310a-91ba-42a0-b053-664de0e1d941" />
    <TestEntry testId="9d7047b8-1b4c-46a1-a553-1efc3cc40cff" executionId="7a747490-c683-4362-9e04-84bd30885eaa" testListId="5f22310a-91ba-42a0-b053-664de0e1d941" />
    <TestEntry testId="564cd613-4a17-486f-8f63-e368173b0b9d" executionId="048b4056-aaf7-48a2-874a-4871ffde463a" testListId="5f22310a-91ba-42a0-b053-664de0e1d941" />
    <TestEntry testId="26950c95-d6ed-46b2-84b7-64ed3916efe2" executionId="05f7d80b-f0b8-4d0d-9b2a-a4bbf49bdf4d" testListId="5f22310a-91ba-42a0-b053-664de0e1d941" />
    <TestEntry testId="84714f95-67cb-4920-9c4f-f5a9d06120cd" executionId="eacdf09f-1861-4fce-88e0-e341f97d5887" testListId="5f22310a-91ba-42a0-b053-664de0e1d941" />
    <TestEntry testId="18a1de9f-1b85-4294-918d-6b8fc4540afe" executionId="50c9ae5a-9e71-4dd5-8b83-76678402e384" testListId="5f22310a-91ba-42a0-b053-664de0e1d941" />
    <TestEntry testId="7183cfbe-c7bf-4bcf-b4a5-947fad3779a8" executionId="9a392a29-d3f4-43e6-bcb5-7cd5f097ab5e" testListId="5f22310a-91ba-42a0-b053-664de0e1d941" />
    <TestEntry testId="e44564a2-044a-4d9f-9fa2-adf59da0837e" executionId="8339e36c-f61c-4d66-beeb-f0a8fdaa831e" testListId="5f22310a-91ba-42a0-b053-664de0e1d941" />
    <TestEntry testId="95f2e576-c7a6-41ec-bb8b-ea4020eef2c9" executionId="14b5877b-bc79-4fec-99a9-0c6758ee6336" testListId="5f22310a-91ba-42a0-b053-664de0e1d941" />
    <TestEntry testId="34724bd6-3d82-41e4-8789-a83657dfe24d" executionId="c8462b85-bab4-4368-b59a-9bf8d8e05b7e" testListId="5f22310a-91ba-42a0-b053-664de0e1d941" />
    <TestEntry testId="b84acfa2-fdaf-4d0f-a77a-3eea9dca8cc2" executionId="ce836d96-73a0-4713-bf56-ba01f8bea019" testListId="5f22310a-91ba-42a0-b053-664de0e1d941" />
    <TestEntry testId="4e464144-1814-4757-b777-4b38ac466c67" executionId="32bb78a7-4209-40f2-9e96-3df70e20e5bc" testListId="5f22310a-91ba-42a0-b053-664de0e1d941" />
    <TestEntry testId="2f07b0de-49e7-48f5-9a05-5ce28b19f22f" executionId="a1f3532d-2feb-473d-9b88-4f9a07f2219b" testListId="5f22310a-91ba-42a0-b053-664de0e1d941" />
    <TestEntry testId="33ee74a8-0e30-4461-9932-11ca9da0478c" executionId="37aa974f-eb10-48fc-9755-9f66bcbd4686" testListId="5f22310a-91ba-42a0-b053-664de0e1d941" />
    <TestEntry testId="16e81a47-1675-4ae7-9bd4-7fb556adda57" executionId="04fb79d6-e04f-4443-a007-4511353fd5de" testListId="5f22310a-91ba-42a0-b053-664de0e1d941" />
    <TestEntry testId="1a8d6930-c260-4bc9-a0ff-e24c7ac09e51" executionId="89da0c7c-23a9-45df-8a59-d735e9990847" testListId="5f22310a-91ba-42a0-b053-664de0e1d941" />
    <TestEntry testId="696d00a9-a201-4f40-a850-9b8ea418d614" executionId="cd823a46-5bab-41f8-9424-d9c21ae67cfa" testListId="5f22310a-91ba-42a0-b053-664de0e1d941" />
    <TestEntry testId="7516d7c6-cdfb-4ef0-bc16-7268e676ea0c" executionId="1d9b0a05-0b7d-43dd-975b-2522a986e413" testListId="5f22310a-91ba-42a0-b053-664de0e1d941" />
    <TestEntry testId="4f6779a4-8712-47d9-88fe-2c9a88b97623" executionId="b20c8f26-12fb-4c04-904e-a938ae752861" testListId="5f22310a-91ba-42a0-b053-664de0e1d941" />
    <TestEntry testId="7fe4e704-c2d0-422a-bcc5-88e3a0eda472" executionId="f7b5bc66-e24c-4ba9-9a36-8b65619d1788" testListId="5f22310a-91ba-42a0-b053-664de0e1d941" />
    <TestEntry testId="061dc0c5-30c0-4661-b884-5306d421c732" executionId="0364a1d4-4883-49b2-9f91-4675d8ca979c" testListId="5f22310a-91ba-42a0-b053-664de0e1d941" />
    <TestEntry testId="520fecc9-ec54-42f4-a1a2-6126a218e0b4" executionId="f87ceb0d-6e79-42a5-a959-d6c0a78f026a" testListId="5f22310a-91ba-42a0-b053-664de0e1d941" />
    <TestEntry testId="67808030-fc83-468b-9baf-279ddc6f27f0" executionId="6ef48cb2-d80b-412a-879e-ed14559e57dd" testListId="5f22310a-91ba-42a0-b053-664de0e1d941" />
    <TestEntry testId="12cfeb93-e3dc-47a9-9d11-52e812a81080" executionId="5eab35aa-f1f7-4f52-a9cb-c9f52d9fa2de" testListId="5f22310a-91ba-42a0-b053-664de0e1d941" />
    <TestEntry testId="0d7373b6-dbd4-401c-95bb-11dc0ea36860" executionId="b1b01ea0-b0fa-4543-acb1-15aef62e15e0" testListId="5f22310a-91ba-42a0-b053-664de0e1d941" />
    <TestEntry testId="4e0c3375-68fd-4e05-b202-51f31f09b495" executionId="257cb76a-2483-439c-a6fa-b63b8fffe27d" testListId="5f22310a-91ba-42a0-b053-664de0e1d941" />
    <TestEntry testId="1cd146c3-8314-4bb6-84d1-c7ede41b33ea" executionId="eabd3da7-5c1a-477b-acda-727c0fefdf11" testListId="5f22310a-91ba-42a0-b053-664de0e1d941" />
    <TestEntry testId="f490378f-9fa5-43f6-adde-f400b1df8ec0" executionId="661159eb-a12e-48e8-9aee-ffa9cb3f74cc" testListId="5f22310a-91ba-42a0-b053-664de0e1d941" />
    <TestEntry testId="6d91579e-8799-46b4-9c6c-7c1d026ccce4" executionId="0f900c8d-446f-47d9-b37e-218766ee0dc6" testListId="5f22310a-91ba-42a0-b053-664de0e1d941" />
    <TestEntry testId="04bf40f6-e69c-4e04-a2e0-6359aff39975" executionId="6eafe973-4621-4c64-8615-ce2d0e151660" testListId="5f22310a-91ba-42a0-b053-664de0e1d941" />
    <TestEntry testId="3a7d8305-8a7a-4390-9fe9-8f3ebc2421e0" executionId="c082b191-a039-4492-b723-53c1b4d32c37" testListId="5f22310a-91ba-42a0-b053-664de0e1d941" />
    <TestEntry testId="6c823b7e-a756-4104-b67a-3d35529a9fdd" executionId="e31d273c-85e3-4d3f-9120-260ed0fb1b0e" testListId="5f22310a-91ba-42a0-b053-664de0e1d941" />
    <TestEntry testId="c2c54efa-3452-44c6-ba55-4342a06df5d1" executionId="84e49d8f-6580-4e48-a68b-7df615185e6b" testListId="5f22310a-91ba-42a0-b053-664de0e1d941" />
    <TestEntry testId="fd7554d6-0bc1-4885-a881-7beb78850824" executionId="d5a3c350-ba72-4da9-805c-ed24310ad25a" testListId="5f22310a-91ba-42a0-b053-664de0e1d941" />
    <TestEntry testId="b137cbd0-b30e-4086-a5df-cd25d7f7401a" executionId="9eba761f-3a12-4c37-b3da-49a4eca05ac8" testListId="5f22310a-91ba-42a0-b053-664de0e1d941" />
    <TestEntry testId="69dae711-9c03-498a-bad7-a01b52e67940" executionId="a9e59828-b321-4448-b42a-a5fd6ca9d371" testListId="5f22310a-91ba-42a0-b053-664de0e1d941" />
    <TestEntry testId="8253a82d-91d8-4744-9ec0-ad516a79c6ba" executionId="5f666c45-35d5-4c76-ada7-c63ca163b194" testListId="5f22310a-91ba-42a0-b053-664de0e1d941" />
    <TestEntry testId="a0a85cb7-8359-4984-a82b-5fc0af591996" executionId="8c3e1bf0-a845-43a5-bba2-02efbd5c73dc" testListId="5f22310a-91ba-42a0-b053-664de0e1d941" />
    <TestEntry testId="53017b3c-b1f3-4d19-a679-a7c9956a58d4" executionId="dddbafb6-4d03-4b8e-9d35-f4dd5d463bfa" testListId="5f22310a-91ba-42a0-b053-664de0e1d941" />
    <TestEntry testId="34b8e47a-30ac-4dfe-9603-8ebd6a3d3963" executionId="bdbf2dec-71b2-47e2-9a2e-f1fd5512e488" testListId="5f22310a-91ba-42a0-b053-664de0e1d941" />
    <TestEntry testId="60ab96af-6b95-4def-bb4e-c0a2d8dc2f62" executionId="e721c71a-4d60-4c64-bb3c-5d8758cca674" testListId="5f22310a-91ba-42a0-b053-664de0e1d941" />
    <TestEntry testId="9292e4ad-9466-4a11-b7b2-791a146fa00c" executionId="97387eb0-58ce-4e58-85de-c680ed3d4cda" testListId="5f22310a-91ba-42a0-b053-664de0e1d941" />
    <TestEntry testId="369f8ed2-89e0-4f23-b624-33d933403d45" executionId="3c4b7d82-8880-4892-b165-1cb798ef7fe3" testListId="5f22310a-91ba-42a0-b053-664de0e1d941" />
    <TestEntry testId="6580c5b2-b4c5-4376-bc5a-ef9776e84586" executionId="c6a81e97-c0a6-497d-a7a3-a5ecf95cbac9" testListId="5f22310a-91ba-42a0-b053-664de0e1d941" />
    <TestEntry testId="c6e0a0ea-d452-4980-9211-6753a9818b22" executionId="5b892c6b-5a2f-423e-9aef-97bbb9cf9053" testListId="5f22310a-91ba-42a0-b053-664de0e1d941" />
    <TestEntry testId="0671675e-757c-4b29-bc09-d85289bfad47" executionId="97071648-d847-4e96-8b76-57b3a661c929" testListId="5f22310a-91ba-42a0-b053-664de0e1d941" />
    <TestEntry testId="9b170614-6ae8-43cd-8672-89c99e9e8e77" executionId="c775f79a-6e17-4f83-a4fa-0ef48f8110a8" testListId="5f22310a-91ba-42a0-b053-664de0e1d941" />
    <TestEntry testId="be6a8094-158a-4784-ad62-f30162e10158" executionId="78dcf84e-3a6f-49df-97bf-b8a320ff0615" testListId="5f22310a-91ba-42a0-b053-664de0e1d941" />
    <TestEntry testId="ea9cc283-5214-44f6-838a-8bdefd886fef" executionId="32f922c1-b0df-477e-b377-1d3cf438f959" testListId="5f22310a-91ba-42a0-b053-664de0e1d941" />
    <TestEntry testId="d164ab80-2fbb-4d84-bf23-64e9f08e7aab" executionId="199b25b9-6478-49d2-8b2c-8628e7b1019d" testListId="5f22310a-91ba-42a0-b053-664de0e1d941" />
    <TestEntry testId="6e1488fc-fe83-422e-b53e-94481dddbc8f" executionId="62a3dcf5-70b1-48af-a87a-9743e6e86ce7" testListId="5f22310a-91ba-42a0-b053-664de0e1d941" />
    <TestEntry testId="fe12a90b-47c3-438b-8bc8-f4729fff29d9" executionId="efdec21f-bbc4-4393-ada8-7355d3b5baf4" testListId="5f22310a-91ba-42a0-b053-664de0e1d941" />
    <TestEntry testId="61596f60-809f-4330-8a7c-59ae904790bb" executionId="dbeb7c55-b4d6-4902-ae68-9d06ccb9a891" testListId="5f22310a-91ba-42a0-b053-664de0e1d941" />
    <TestEntry testId="84b125b5-08d1-4932-b3b3-89df447f2dbb" executionId="d0ec0424-1897-41ae-9504-630a102bab64" testListId="5f22310a-91ba-42a0-b053-664de0e1d941" />
    <TestEntry testId="5f45d642-40e2-4039-bf53-e713f6bc3eef" executionId="fcd0131b-103a-4c49-836d-44ae78b9ff07" testListId="5f22310a-91ba-42a0-b053-664de0e1d941" />
    <TestEntry testId="b10df222-1b6e-4a30-a2bc-338952c58b6a" executionId="00764df2-1cdf-45d7-8365-b62c13b8f461" testListId="5f22310a-91ba-42a0-b053-664de0e1d941" />
    <TestEntry testId="fdce30b7-b2f9-46bf-99ef-c5bb9686aa85" executionId="458317ad-42d6-4001-861a-62a4bc217e9c" testListId="5f22310a-91ba-42a0-b053-664de0e1d941" />
    <TestEntry testId="d93a232d-d848-4177-8e0f-ded4d08ddc53" executionId="0da39a74-0093-4717-a7e5-436963f3ab69" testListId="5f22310a-91ba-42a0-b053-664de0e1d941" />
    <TestEntry testId="f229929e-e60f-4b18-9c6f-510f5ff31034" executionId="bf613da9-d702-4a78-a187-1bb6beba535d" testListId="5f22310a-91ba-42a0-b053-664de0e1d941" />
    <TestEntry testId="044e3ccf-5115-4333-b32c-22d4174b1864" executionId="74b81d35-0da4-4ea3-a95f-b44d67d5d04b" testListId="5f22310a-91ba-42a0-b053-664de0e1d941" />
    <TestEntry testId="e0176bd6-8cd2-4c65-b9b0-d8eb421b0112" executionId="43b0f7a2-a206-4875-af2c-9e86b14d4956" testListId="5f22310a-91ba-42a0-b053-664de0e1d941" />
    <TestEntry testId="23b8958f-6255-4929-bddb-59d36c29ec06" executionId="be985dcf-ba08-4249-ab77-bedc4dacec0c" testListId="5f22310a-91ba-42a0-b053-664de0e1d941" />
    <TestEntry testId="179ce3c2-1325-41d2-b875-930bae721856" executionId="9847bd45-d97f-4aa1-96e7-9e7d3338ddea" testListId="5f22310a-91ba-42a0-b053-664de0e1d941" />
    <TestEntry testId="53556461-887e-41dd-90bc-6e14923ba1f4" executionId="c3026d79-0381-4263-b4dc-fbc205fc4fca" testListId="5f22310a-91ba-42a0-b053-664de0e1d941" />
    <TestEntry testId="19cb90e7-96f6-445f-b2bd-aa5bdea14051" executionId="d452d9a1-7d61-4c35-b23e-829ae036e69b" testListId="5f22310a-91ba-42a0-b053-664de0e1d941" />
    <TestEntry testId="d3122f4c-6876-48d6-bb4d-703a727241e2" executionId="69389988-c3c4-42c6-8481-50a3a76222ad" testListId="5f22310a-91ba-42a0-b053-664de0e1d941" />
    <TestEntry testId="82d0dbc0-48f1-4dd3-9868-db658f5a85a6" executionId="fb2debf2-269e-4100-86b9-dd9e4b1d52c2" testListId="5f22310a-91ba-42a0-b053-664de0e1d941" />
    <TestEntry testId="fc27a870-85fe-4c9c-80d4-110e0a7d003b" executionId="1f2d1bcf-da9b-4389-99ef-c310f83e6cfe" testListId="5f22310a-91ba-42a0-b053-664de0e1d941" />
    <TestEntry testId="c3683f87-3ce4-4566-a6d1-bef4e8f035a8" executionId="96cee9cb-ff39-413a-8a64-dd55e1576f0f" testListId="5f22310a-91ba-42a0-b053-664de0e1d941" />
    <TestEntry testId="c96d992e-f555-409a-bb0c-ad133327e978" executionId="824ee3a3-ff1b-445f-ba9a-ae343df5b63f" testListId="5f22310a-91ba-42a0-b053-664de0e1d941" />
    <TestEntry testId="b188858e-49cc-4cd7-9e2a-337cd561d195" executionId="7088f3d4-f1b8-433c-b5f4-9443d048ec89" testListId="5f22310a-91ba-42a0-b053-664de0e1d941" />
    <TestEntry testId="dbb41822-2c82-46d6-b45f-5d4996f28c79" executionId="f3504710-36d8-45e8-a9f6-103652b44e5a" testListId="5f22310a-91ba-42a0-b053-664de0e1d941" />
    <TestEntry testId="f65cfc29-6f93-4d88-b650-f3491ebc7481" executionId="73880d36-bc68-473e-bfdc-54e6aa4e30b5" testListId="5f22310a-91ba-42a0-b053-664de0e1d941" />
    <TestEntry testId="3b8aa6c7-28af-487e-b55d-d73d4b06a6a8" executionId="5c850f23-4120-4a5a-bd4f-265dcc1cf2a7" testListId="5f22310a-91ba-42a0-b053-664de0e1d941" />
    <TestEntry testId="1ffc5422-77ad-4d03-9254-2bbf799a089e" executionId="c40de522-f079-4a1e-a759-c2f0a683c3c6" testListId="5f22310a-91ba-42a0-b053-664de0e1d941" />
    <TestEntry testId="9bdb2dbf-0001-4943-a022-00dfb7956536" executionId="4704ae14-662d-4ca1-bf49-b302d24007dc" testListId="5f22310a-91ba-42a0-b053-664de0e1d941" />
    <TestEntry testId="61e27553-9c7d-42df-ad7a-23002c15d933" executionId="9100240c-b3db-413f-baf5-8cd5c3acbff0" testListId="5f22310a-91ba-42a0-b053-664de0e1d941" />
    <TestEntry testId="523d840d-ab26-4ba7-b299-b137ac6b79c3" executionId="11adb093-aacc-44a0-b96b-63daff3897ef" testListId="5f22310a-91ba-42a0-b053-664de0e1d941" />
    <TestEntry testId="cf47998a-3245-47cf-8759-f45a32998f5a" executionId="5cc7ea93-e531-43ed-ac22-7c5ab13d99e9" testListId="5f22310a-91ba-42a0-b053-664de0e1d941" />
    <TestEntry testId="1de74175-a658-47b2-b17b-e1b2c83ba2b5" executionId="d6db2746-6890-4d02-930d-fbed49fa13ea" testListId="5f22310a-91ba-42a0-b053-664de0e1d941" />
    <TestEntry testId="7549907c-7c55-4ed8-8026-a6c4de490673" executionId="ecea75d7-f89c-44d3-b16c-3d460f395854" testListId="5f22310a-91ba-42a0-b053-664de0e1d941" />
    <TestEntry testId="0853226f-4a17-460a-9ae3-66f946c77f5e" executionId="8ae4815e-bffc-4918-9531-55ef4f8ba358" testListId="5f22310a-91ba-42a0-b053-664de0e1d941" />
    <TestEntry testId="00c4373e-5ae0-46f5-aed4-cc512fd964f6" executionId="085706d4-fae0-404d-92a3-79d4f50c94d9" testListId="5f22310a-91ba-42a0-b053-664de0e1d941" />
    <TestEntry testId="cee3b2b3-6f22-4ebc-9738-107b09390d9d" executionId="dea0ba13-252f-4eb4-b358-4a164b7fb009" testListId="5f22310a-91ba-42a0-b053-664de0e1d941" />
    <TestEntry testId="5909a567-6cf0-4a64-9c10-e3c92ed6aba2" executionId="83eced67-cdb9-4e84-90ec-88db4614205a" testListId="5f22310a-91ba-42a0-b053-664de0e1d941" />
    <TestEntry testId="36db9ec1-20fc-4248-9114-a647b1425435" executionId="75768eb8-d2e9-4399-9cd4-e27533bc8a13" testListId="5f22310a-91ba-42a0-b053-664de0e1d941" />
    <TestEntry testId="0c8b1fc9-2243-4160-b1f8-8b2a64c18ed7" executionId="76ed3ed5-3a7c-4a73-8ddc-b32ee6cff07d" testListId="5f22310a-91ba-42a0-b053-664de0e1d941" />
    <TestEntry testId="8e73bb31-1f74-42aa-a808-a57b29f7ffbb" executionId="22bababd-4c4f-46f0-8bb5-016b93098c5e" testListId="5f22310a-91ba-42a0-b053-664de0e1d941" />
    <TestEntry testId="bcfe747e-7bab-482b-b8c4-e9ecd2f70593" executionId="8f2df568-ad6d-47b3-bc7e-2841f75ff928" testListId="5f22310a-91ba-42a0-b053-664de0e1d941" />
    <TestEntry testId="7cdba1fc-4696-44cc-b74b-0a1c50fb22fc" executionId="a625ed50-87f8-4ca1-8ac4-6d486325ef2a" testListId="5f22310a-91ba-42a0-b053-664de0e1d941" />
    <TestEntry testId="31e45306-6230-4dec-a07d-2336b160af18" executionId="9dbac5d5-23c5-4416-835b-7b086b6018a6" testListId="5f22310a-91ba-42a0-b053-664de0e1d941" />
  </TestEntries>
  <TestLists>
    <TestList name="Results Not in a List" id="5f22310a-91ba-42a0-b053-664de0e1d941" />
    <TestList name="All Loaded Results" id="f4f91556-a4d8-48cc-99ee-979e99ad9a38" />
  </TestLists>
</TestRun>