<?xml version="1.0" encoding="UTF-8"?>
<TestRun id="5e7ecdb3-17a9-4c5d-b1f3-6ebe82d18fa0" name="Test Run 44" runUser="Oles Galatsan" xmlns="http://microsoft.com/schemas/VisualStudio/TeamTest/2010">
  <Times creation="2025-05-14T13:20:31.3125482Z" queuing="2025-05-14T13:20:31.3125482Z" start="2025-05-14T13:20:31.3146610Z" finish="2025-05-14T13:25:31.3147553Z" />
  <TestSettings name="Test Settings 44" id="82cc250a-2ec0-485b-923b-4aa08ba950a2" />
  <Results>
    <UnitTestResult executionId="220f5989-1efe-4352-b058-f105cf65b1f9" testId="01569b4b-fbbd-4f01-92a1-0c05146009e3" testName="Test4301" computerName="UA-LPT-OGA2" duration="00:00:00.3260000" startTime="2025-05-14T13:20:31.3146610Z" endTime="2025-05-14T13:25:31.3147553Z" testType="13cdc9d9-ddb5-4fa4-a97d-d965ccfc6d4b" outcome="Passed" testListId="df63c257-d45d-4a46-b084-75a656500af6" />
    <UnitTestResult executionId="7967e6a2-31ee-40d5-b5dc-f8615860ad2e" testId="a91f47d1-4155-447f-9e85-3dc1ef2c2ea6" testName="Test4302" computerName="UA-LPT-OGA2" duration="00:00:01.1270000" startTime="2025-05-14T13:20:31.3146610Z" endTime="2025-05-14T13:25:31.3147553Z" testType="13cdc9d9-ddb5-4fa4-a97d-d965ccfc6d4b" outcome="Failed" testListId="df63c257-d45d-4a46-b084-75a656500af6">
      <Output>
        <ErrorInfo>
          <Message>Assertion failed: Expected value did not match actual value.</Message>
          <StackTrace>   at TestNamespace.TestClass.Test() in TestClass.cs:line 383</StackTrace>
        </ErrorInfo>
      </Output>
    </UnitTestResult>
    <UnitTestResult executionId="0860f28b-6f57-4ea4-b37e-803114dd30b8" testId="034667c8-0301-4b53-b42e-913496f6c66a" testName="Test4303" computerName="UA-LPT-OGA2" duration="00:00:01.9580000" startTime="2025-05-14T13:20:31.3146610Z" endTime="2025-05-14T13:25:31.3147553Z" testType="13cdc9d9-ddb5-4fa4-a97d-d965ccfc6d4b" outcome="Failed" testListId="df63c257-d45d-4a46-b084-75a656500af6">
      <Output>
        <ErrorInfo>
          <Message>Assertion failed: Expected value did not match actual value.</Message>
          <StackTrace>   at TestNamespace.TestClass.Test() in TestClass.cs:line 180</StackTrace>
        </ErrorInfo>
      </Output>
    </UnitTestResult>
    <UnitTestResult executionId="41548e61-9715-4f20-b806-3cb7fc95c81b" testId="f1ac9420-6421-4a0c-842e-88007a44a3b8" testName="Test4304" computerName="UA-LPT-OGA2" duration="00:00:01.6470000" startTime="2025-05-14T13:20:31.3146610Z" endTime="2025-05-14T13:25:31.3147553Z" testType="13cdc9d9-ddb5-4fa4-a97d-d965ccfc6d4b" outcome="Passed" testListId="df63c257-d45d-4a46-b084-75a656500af6" />
    <UnitTestResult executionId="6901449c-a819-4edb-a9c2-78324e9c1c11" testId="a2cb238a-5dbd-4837-bfc5-c6511b45056f" testName="Test4305" computerName="UA-LPT-OGA2" duration="00:00:01.7850000" startTime="2025-05-14T13:20:31.3146610Z" endTime="2025-05-14T13:25:31.3147553Z" testType="13cdc9d9-ddb5-4fa4-a97d-d965ccfc6d4b" outcome="Passed" testListId="df63c257-d45d-4a46-b084-75a656500af6" />
    <UnitTestResult executionId="cc72d307-a654-4318-b3d3-400c2c0f9af0" testId="3bc02bf5-f779-45b8-afe9-55c5f1d60a35" testName="Test4306" computerName="UA-LPT-OGA2" duration="00:00:01.8750000" startTime="2025-05-14T13:20:31.3146610Z" endTime="2025-05-14T13:25:31.3147553Z" testType="13cdc9d9-ddb5-4fa4-a97d-d965ccfc6d4b" outcome="Passed" testListId="df63c257-d45d-4a46-b084-75a656500af6" />
    <UnitTestResult executionId="947efb85-8699-4c1a-839b-c9f88a861928" testId="9e5b0fec-74eb-40c2-8f9e-b3ad2dc8e446" testName="Test4307" computerName="UA-LPT-OGA2" duration="00:00:00.5440000" startTime="2025-05-14T13:20:31.3146610Z" endTime="2025-05-14T13:25:31.3147553Z" testType="13cdc9d9-ddb5-4fa4-a97d-d965ccfc6d4b" outcome="Passed" testListId="df63c257-d45d-4a46-b084-75a656500af6" />
    <UnitTestResult executionId="ea226900-73c0-4aac-9aa0-27bd0833ea5b" testId="49316d38-c832-4147-8308-baf225bb4016" testName="Test4308" computerName="UA-LPT-OGA2" duration="00:00:00.8790000" startTime="2025-05-14T13:20:31.3146610Z" endTime="2025-05-14T13:25:31.3147553Z" testType="13cdc9d9-ddb5-4fa4-a97d-d965ccfc6d4b" outcome="Failed" testListId="df63c257-d45d-4a46-b084-75a656500af6">
      <Output>
        <ErrorInfo>
          <Message>Assertion failed: Expected value did not match actual value.</Message>
          <StackTrace>   at TestNamespace.TestClass.Test() in TestClass.cs:line 312</StackTrace>
        </ErrorInfo>
      </Output>
    </UnitTestResult>
    <UnitTestResult executionId="5bfe98c6-19fd-4589-9e12-cb091658a58b" testId="ed0faba2-c375-44e3-810a-1e55962536e1" testName="Test4309" computerName="UA-LPT-OGA2" duration="00:00:01.4140000" startTime="2025-05-14T13:20:31.3146610Z" endTime="2025-05-14T13:25:31.3147553Z" testType="13cdc9d9-ddb5-4fa4-a97d-d965ccfc6d4b" outcome="Failed" testListId="df63c257-d45d-4a46-b084-75a656500af6">
      <Output>
        <ErrorInfo>
          <Message>Assertion failed: Expected value did not match actual value.</Message>
          <StackTrace>   at TestNamespace.TestClass.Test() in TestClass.cs:line 157</StackTrace>
        </ErrorInfo>
      </Output>
    </UnitTestResult>
    <UnitTestResult executionId="fdec4078-9f5a-4843-a939-9a51f01f6829" testId="a235e51e-9476-4a20-86d8-6000bbeb71a9" testName="Test4310" computerName="UA-LPT-OGA2" duration="00:00:01.4760000" startTime="2025-05-14T13:20:31.3146610Z" endTime="2025-05-14T13:25:31.3147553Z" testType="13cdc9d9-ddb5-4fa4-a97d-d965ccfc6d4b" outcome="Passed" testListId="df63c257-d45d-4a46-b084-75a656500af6" />
    <UnitTestResult executionId="02f60d9b-50f7-43c7-9292-49bd9b838e2c" testId="694c36f9-f9d2-4b48-bf29-107b8a6f3bf3" testName="Test4311" computerName="UA-LPT-OGA2" duration="00:00:00.4950000" startTime="2025-05-14T13:20:31.3146610Z" endTime="2025-05-14T13:25:31.3147553Z" testType="13cdc9d9-ddb5-4fa4-a97d-d965ccfc6d4b" outcome="Passed" testListId="df63c257-d45d-4a46-b084-75a656500af6" />
    <UnitTestResult executionId="1a6c2fe9-966c-447a-ac07-65d34a0ae82a" testId="d926fbbc-9a81-4134-9d7e-d781361c2431" testName="Test4312" computerName="UA-LPT-OGA2" duration="00:00:01.6940000" startTime="2025-05-14T13:20:31.3146610Z" endTime="2025-05-14T13:25:31.3147553Z" testType="13cdc9d9-ddb5-4fa4-a97d-d965ccfc6d4b" outcome="Passed" testListId="df63c257-d45d-4a46-b084-75a656500af6" />
    <UnitTestResult executionId="a12169f4-4651-4831-ad1f-5a390e23aecf" testId="1ad87e5f-fc3f-422e-bfc9-9a90f96dc9f0" testName="Test4313" computerName="UA-LPT-OGA2" duration="00:00:00.6290000" startTime="2025-05-14T13:20:31.3146610Z" endTime="2025-05-14T13:25:31.3147553Z" testType="13cdc9d9-ddb5-4fa4-a97d-d965ccfc6d4b" outcome="Passed" testListId="df63c257-d45d-4a46-b084-75a656500af6" />
    <UnitTestResult executionId="1bb94712-1763-460b-b0da-7c788160259c" testId="29646c0d-626b-4002-bdd9-e076e8dd1c13" testName="Test4314" computerName="UA-LPT-OGA2" duration="00:00:00.7570000" startTime="2025-05-14T13:20:31.3146610Z" endTime="2025-05-14T13:25:31.3147553Z" testType="13cdc9d9-ddb5-4fa4-a97d-d965ccfc6d4b" outcome="Passed" testListId="df63c257-d45d-4a46-b084-75a656500af6" />
    <UnitTestResult executionId="4d14f344-b919-4bdd-85db-a33cb4a64ab2" testId="b8fb5fc0-f906-436a-b3fd-1ed1f314f856" testName="Test4315" computerName="UA-LPT-OGA2" duration="00:00:01.1340000" startTime="2025-05-14T13:20:31.3146610Z" endTime="2025-05-14T13:25:31.3147553Z" testType="13cdc9d9-ddb5-4fa4-a97d-d965ccfc6d4b" outcome="Passed" testListId="df63c257-d45d-4a46-b084-75a656500af6" />
    <UnitTestResult executionId="cd8b758b-5ad7-45fd-8d50-38d6e9ec156d" testId="8e8605e4-198a-41d9-bc29-8fcbcf701abc" testName="Test4316" computerName="UA-LPT-OGA2" duration="00:00:00.5710000" startTime="2025-05-14T13:20:31.3146610Z" endTime="2025-05-14T13:25:31.3147553Z" testType="13cdc9d9-ddb5-4fa4-a97d-d965ccfc6d4b" outcome="Passed" testListId="df63c257-d45d-4a46-b084-75a656500af6" />
    <UnitTestResult executionId="bc629a35-f563-448a-b1c9-9a5a88755f0d" testId="1af13bb0-8551-40e4-9883-64e62a0838c1" testName="Test4317" computerName="UA-LPT-OGA2" duration="00:00:00.4720000" startTime="2025-05-14T13:20:31.3146610Z" endTime="2025-05-14T13:25:31.3147553Z" testType="13cdc9d9-ddb5-4fa4-a97d-d965ccfc6d4b" outcome="Passed" testListId="df63c257-d45d-4a46-b084-75a656500af6" />
    <UnitTestResult executionId="2f9273b5-757d-4491-9d85-82fe66217d14" testId="433ad9eb-3d64-4c9c-b513-5b8c3489b1b9" testName="Test4318" computerName="UA-LPT-OGA2" duration="00:00:01.2510000" startTime="2025-05-14T13:20:31.3146610Z" endTime="2025-05-14T13:25:31.3147553Z" testType="13cdc9d9-ddb5-4fa4-a97d-d965ccfc6d4b" outcome="Passed" testListId="df63c257-d45d-4a46-b084-75a656500af6" />
    <UnitTestResult executionId="fd09072f-d803-44af-bdca-7adc182aa87d" testId="4e27f0bb-bac5-4958-a2ab-713ec531c949" testName="Test4319" computerName="UA-LPT-OGA2" duration="00:00:00.0320000" startTime="2025-05-14T13:20:31.3146610Z" endTime="2025-05-14T13:25:31.3147553Z" testType="13cdc9d9-ddb5-4fa4-a97d-d965ccfc6d4b" outcome="Passed" testListId="df63c257-d45d-4a46-b084-75a656500af6" />
    <UnitTestResult executionId="1a0773f2-8f4e-461a-9080-3589b46e8025" testId="ce71dab8-242f-494e-95e5-20730b1b1cbc" testName="Test4320" computerName="UA-LPT-OGA2" duration="00:00:00.2800000" startTime="2025-05-14T13:20:31.3146610Z" endTime="2025-05-14T13:25:31.3147553Z" testType="13cdc9d9-ddb5-4fa4-a97d-d965ccfc6d4b" outcome="Failed" testListId="df63c257-d45d-4a46-b084-75a656500af6">
      <Output>
        <ErrorInfo>
          <Message>Assertion failed: Expected value did not match actual value.</Message>
          <StackTrace>   at TestNamespace.TestClass.Test() in TestClass.cs:line 217</StackTrace>
        </ErrorInfo>
      </Output>
    </UnitTestResult>
    <UnitTestResult executionId="56bd6ae9-6339-4aa7-9db5-a0f067c5fdf2" testId="fa15ec37-651f-42e1-ac1d-8145b00fa308" testName="Test4321" computerName="UA-LPT-OGA2" duration="00:00:01.6210000" startTime="2025-05-14T13:20:31.3146610Z" endTime="2025-05-14T13:25:31.3147553Z" testType="13cdc9d9-ddb5-4fa4-a97d-d965ccfc6d4b" outcome="Passed" testListId="df63c257-d45d-4a46-b084-75a656500af6" />
    <UnitTestResult executionId="7de38eea-c56a-4c2a-8ac8-c76835a9db3b" testId="e98d647f-0fca-4333-afa1-cee18d577336" testName="Test4322" computerName="UA-LPT-OGA2" duration="00:00:00.8440000" startTime="2025-05-14T13:20:31.3146610Z" endTime="2025-05-14T13:25:31.3147553Z" testType="13cdc9d9-ddb5-4fa4-a97d-d965ccfc6d4b" outcome="Passed" testListId="df63c257-d45d-4a46-b084-75a656500af6" />
    <UnitTestResult executionId="ab69aa55-8f74-4f3e-8a5b-55a49a44ffcf" testId="ff44ceb1-da02-479e-9fc9-eca3c771feb7" testName="Test4323" computerName="UA-LPT-OGA2" duration="00:00:01.3330000" startTime="2025-05-14T13:20:31.3146610Z" endTime="2025-05-14T13:25:31.3147553Z" testType="13cdc9d9-ddb5-4fa4-a97d-d965ccfc6d4b" outcome="Passed" testListId="df63c257-d45d-4a46-b084-75a656500af6" />
    <UnitTestResult executionId="629b5192-ea8d-429f-8b19-8fcac62b7513" testId="be83180e-ba16-497d-9787-0482a695960e" testName="Test4324" computerName="UA-LPT-OGA2" duration="00:00:01.3150000" startTime="2025-05-14T13:20:31.3146610Z" endTime="2025-05-14T13:25:31.3147553Z" testType="13cdc9d9-ddb5-4fa4-a97d-d965ccfc6d4b" outcome="Passed" testListId="df63c257-d45d-4a46-b084-75a656500af6" />
    <UnitTestResult executionId="0822c0dc-6bf2-4c92-99b2-dd0b60537066" testId="c595ff82-c71f-44fb-a41e-8f2f2178f4ac" testName="Test4325" computerName="UA-LPT-OGA2" duration="00:00:00.5700000" startTime="2025-05-14T13:20:31.3146610Z" endTime="2025-05-14T13:25:31.3147553Z" testType="13cdc9d9-ddb5-4fa4-a97d-d965ccfc6d4b" outcome="Passed" testListId="df63c257-d45d-4a46-b084-75a656500af6" />
    <UnitTestResult executionId="200cbb29-ce5c-4ea6-b49f-3809fb96cafa" testId="b23a4d81-20c9-44a2-9200-abd242140bfc" testName="Test4326" computerName="UA-LPT-OGA2" duration="00:00:01.4440000" startTime="2025-05-14T13:20:31.3146610Z" endTime="2025-05-14T13:25:31.3147553Z" testType="13cdc9d9-ddb5-4fa4-a97d-d965ccfc6d4b" outcome="Passed" testListId="df63c257-d45d-4a46-b084-75a656500af6" />
    <UnitTestResult executionId="59986d4e-f71c-453b-887d-77a78ec1496b" testId="95bb505e-a6f0-41e6-a4e8-db81e3d3a571" testName="Test4327" computerName="UA-LPT-OGA2" duration="00:00:01.8990000" startTime="2025-05-14T13:20:31.3146610Z" endTime="2025-05-14T13:25:31.3147553Z" testType="13cdc9d9-ddb5-4fa4-a97d-d965ccfc6d4b" outcome="Passed" testListId="df63c257-d45d-4a46-b084-75a656500af6" />
    <UnitTestResult executionId="ab2bc900-d258-4b2b-8553-6d892c2eea93" testId="0df522da-119a-4af7-b833-5754c6bc745e" testName="Test4328" computerName="UA-LPT-OGA2" duration="00:00:00.0470000" startTime="2025-05-14T13:20:31.3146610Z" endTime="2025-05-14T13:25:31.3147553Z" testType="13cdc9d9-ddb5-4fa4-a97d-d965ccfc6d4b" outcome="Passed" testListId="df63c257-d45d-4a46-b084-75a656500af6" />
    <UnitTestResult executionId="66011b6d-3e38-4ac4-8861-91af65e48ecc" testId="87288866-f863-456a-86c8-af685cc68aea" testName="Test4329" computerName="UA-LPT-OGA2" duration="00:00:01.9200000" startTime="2025-05-14T13:20:31.3146610Z" endTime="2025-05-14T13:25:31.3147553Z" testType="13cdc9d9-ddb5-4fa4-a97d-d965ccfc6d4b" outcome="Passed" testListId="df63c257-d45d-4a46-b084-75a656500af6" />
    <UnitTestResult executionId="20d8947f-e4d6-4a6e-bfb6-42516e7fdd21" testId="ec581988-3f3a-450d-bb1f-9423145467dc" testName="Test4330" computerName="UA-LPT-OGA2" duration="00:00:00.4010000" startTime="2025-05-14T13:20:31.3146610Z" endTime="2025-05-14T13:25:31.3147553Z" testType="13cdc9d9-ddb5-4fa4-a97d-d965ccfc6d4b" outcome="Inconclusive" testListId="df63c257-d45d-4a46-b084-75a656500af6" />
    <UnitTestResult executionId="d688f2f3-4e17-48bb-b5ab-f2e9a200e66e" testId="d8eb56f3-2b3d-4dd1-8322-26b1e47aabd5" testName="Test4331" computerName="UA-LPT-OGA2" duration="00:00:00.4900000" startTime="2025-05-14T13:20:31.3146610Z" endTime="2025-05-14T13:25:31.3147553Z" testType="13cdc9d9-ddb5-4fa4-a97d-d965ccfc6d4b" outcome="Failed" testListId="df63c257-d45d-4a46-b084-75a656500af6">
      <Output>
        <ErrorInfo>
          <Message>Assertion failed: Expected value did not match actual value.</Message>
          <StackTrace>   at TestNamespace.TestClass.Test() in TestClass.cs:line 239</StackTrace>
        </ErrorInfo>
      </Output>
    </UnitTestResult>
    <UnitTestResult executionId="fa499f90-0d61-4cea-8e0e-5dc52e059be6" testId="21c5edd7-9731-4598-971c-3d66e6672863" testName="Test4332" computerName="UA-LPT-OGA2" duration="00:00:01.5090000" startTime="2025-05-14T13:20:31.3146610Z" endTime="2025-05-14T13:25:31.3147553Z" testType="13cdc9d9-ddb5-4fa4-a97d-d965ccfc6d4b" outcome="Passed" testListId="df63c257-d45d-4a46-b084-75a656500af6" />
    <UnitTestResult executionId="00a9053c-dd3d-4da9-a2ab-fa31d6b6a4bb" testId="6bd60b57-b3ff-45e4-9b8d-33a151287338" testName="Test4333" computerName="UA-LPT-OGA2" duration="00:00:01.8080000" startTime="2025-05-14T13:20:31.3146610Z" endTime="2025-05-14T13:25:31.3147553Z" testType="13cdc9d9-ddb5-4fa4-a97d-d965ccfc6d4b" outcome="Passed" testListId="df63c257-d45d-4a46-b084-75a656500af6" />
    <UnitTestResult executionId="ff7d9d5f-9dec-4b03-8acf-3bb104379f97" testId="1ea2abe3-d4bb-407a-a167-04434c04d262" testName="Test4334" computerName="UA-LPT-OGA2" duration="00:00:01.6880000" startTime="2025-05-14T13:20:31.3146610Z" endTime="2025-05-14T13:25:31.3147553Z" testType="13cdc9d9-ddb5-4fa4-a97d-d965ccfc6d4b" outcome="Passed" testListId="df63c257-d45d-4a46-b084-75a656500af6" />
    <UnitTestResult executionId="689267e0-a66c-4720-a426-fb2b1f6b7c83" testId="d0d1e6f7-1dd2-47d7-9879-48a6d0198c2f" testName="Test4335" computerName="UA-LPT-OGA2" duration="00:00:01.1380000" startTime="2025-05-14T13:20:31.3146610Z" endTime="2025-05-14T13:25:31.3147553Z" testType="13cdc9d9-ddb5-4fa4-a97d-d965ccfc6d4b" outcome="Passed" testListId="df63c257-d45d-4a46-b084-75a656500af6" />
    <UnitTestResult executionId="12aba519-d47e-48a9-b1f7-629720e23625" testId="cd203b09-4d49-47f8-871f-cbb5abce3f9b" testName="Test4336" computerName="UA-LPT-OGA2" duration="00:00:01.3780000" startTime="2025-05-14T13:20:31.3146610Z" endTime="2025-05-14T13:25:31.3147553Z" testType="13cdc9d9-ddb5-4fa4-a97d-d965ccfc6d4b" outcome="Passed" testListId="df63c257-d45d-4a46-b084-75a656500af6" />
    <UnitTestResult executionId="a0790b54-82b5-4886-a186-f68193afca6f" testId="f26663fd-a469-4ac9-a884-6be5e82f3449" testName="Test4337" computerName="UA-LPT-OGA2" duration="00:00:00.7140000" startTime="2025-05-14T13:20:31.3146610Z" endTime="2025-05-14T13:25:31.3147553Z" testType="13cdc9d9-ddb5-4fa4-a97d-d965ccfc6d4b" outcome="Passed" testListId="df63c257-d45d-4a46-b084-75a656500af6" />
    <UnitTestResult executionId="5fbc1e32-b85a-4a96-ba1c-80424bced257" testId="285c4612-e426-4160-888c-5f5453deb1ef" testName="Test4338" computerName="UA-LPT-OGA2" duration="00:00:00.9280000" startTime="2025-05-14T13:20:31.3146610Z" endTime="2025-05-14T13:25:31.3147553Z" testType="13cdc9d9-ddb5-4fa4-a97d-d965ccfc6d4b" outcome="Passed" testListId="df63c257-d45d-4a46-b084-75a656500af6" />
    <UnitTestResult executionId="88bd06dc-e350-4092-a776-b3d29a4e950f" testId="c6c4b8e8-453f-4641-b82a-87decf687892" testName="Test4339" computerName="UA-LPT-OGA2" duration="00:00:01.3440000" startTime="2025-05-14T13:20:31.3146610Z" endTime="2025-05-14T13:25:31.3147553Z" testType="13cdc9d9-ddb5-4fa4-a97d-d965ccfc6d4b" outcome="Passed" testListId="df63c257-d45d-4a46-b084-75a656500af6" />
    <UnitTestResult executionId="2cbb0334-109c-415c-a565-e2a28b9d59b9" testId="9e1f818c-a938-452a-a0b0-274160d81cab" testName="Test4340" computerName="UA-LPT-OGA2" duration="00:00:00.2930000" startTime="2025-05-14T13:20:31.3146610Z" endTime="2025-05-14T13:25:31.3147553Z" testType="13cdc9d9-ddb5-4fa4-a97d-d965ccfc6d4b" outcome="Passed" testListId="df63c257-d45d-4a46-b084-75a656500af6" />
    <UnitTestResult executionId="c5c05bb6-a22a-4529-9430-72461cfa4040" testId="14517e20-1a42-4125-98c1-1a8e1f963576" testName="Test4341" computerName="UA-LPT-OGA2" duration="00:00:01.5480000" startTime="2025-05-14T13:20:31.3146610Z" endTime="2025-05-14T13:25:31.3147553Z" testType="13cdc9d9-ddb5-4fa4-a97d-d965ccfc6d4b" outcome="Passed" testListId="df63c257-d45d-4a46-b084-75a656500af6" />
    <UnitTestResult executionId="ddab54b9-b380-4e4e-ae9d-630cb7a92b1c" testId="87316364-9e63-4ed4-ab54-79223b8d6085" testName="Test4342" computerName="UA-LPT-OGA2" duration="00:00:00.5050000" startTime="2025-05-14T13:20:31.3146610Z" endTime="2025-05-14T13:25:31.3147553Z" testType="13cdc9d9-ddb5-4fa4-a97d-d965ccfc6d4b" outcome="Passed" testListId="df63c257-d45d-4a46-b084-75a656500af6" />
    <UnitTestResult executionId="08c24274-bf2d-4e11-84f7-a7f06c89c5c2" testId="24100989-0662-4855-8012-e570feac2b87" testName="Test4343" computerName="UA-LPT-OGA2" duration="00:00:00.7810000" startTime="2025-05-14T13:20:31.3146610Z" endTime="2025-05-14T13:25:31.3147553Z" testType="13cdc9d9-ddb5-4fa4-a97d-d965ccfc6d4b" outcome="Passed" testListId="df63c257-d45d-4a46-b084-75a656500af6" />
    <UnitTestResult executionId="810e26ec-a118-4870-a9f1-25292c0a296f" testId="ba420bb8-3db9-4296-8ec4-c987db0ccc8a" testName="Test4344" computerName="UA-LPT-OGA2" duration="00:00:01.6760000" startTime="2025-05-14T13:20:31.3146610Z" endTime="2025-05-14T13:25:31.3147553Z" testType="13cdc9d9-ddb5-4fa4-a97d-d965ccfc6d4b" outcome="Passed" testListId="df63c257-d45d-4a46-b084-75a656500af6" />
    <UnitTestResult executionId="57700260-9576-4edc-bd75-1e1ebf31b846" testId="bf17c280-225d-47ba-b07a-cd4f89867ade" testName="Test4345" computerName="UA-LPT-OGA2" duration="00:00:00.4800000" startTime="2025-05-14T13:20:31.3146610Z" endTime="2025-05-14T13:25:31.3147553Z" testType="13cdc9d9-ddb5-4fa4-a97d-d965ccfc6d4b" outcome="Passed" testListId="df63c257-d45d-4a46-b084-75a656500af6" />
    <UnitTestResult executionId="fc3772c9-47c2-4472-9dd4-fc47034cee45" testId="028200a0-b2a4-474d-a784-2cc0f1740e3c" testName="Test4346" computerName="UA-LPT-OGA2" duration="00:00:00.5420000" startTime="2025-05-14T13:20:31.3146610Z" endTime="2025-05-14T13:25:31.3147553Z" testType="13cdc9d9-ddb5-4fa4-a97d-d965ccfc6d4b" outcome="Passed" testListId="df63c257-d45d-4a46-b084-75a656500af6" />
    <UnitTestResult executionId="0f0c458c-d80c-41e2-84bb-a6c9c358468b" testId="5ac992c6-4902-4817-88de-c140ccc43bc7" testName="Test4347" computerName="UA-LPT-OGA2" duration="00:00:00.7410000" startTime="2025-05-14T13:20:31.3146610Z" endTime="2025-05-14T13:25:31.3147553Z" testType="13cdc9d9-ddb5-4fa4-a97d-d965ccfc6d4b" outcome="Passed" testListId="df63c257-d45d-4a46-b084-75a656500af6" />
    <UnitTestResult executionId="c455fa3a-7d26-413a-a44d-a37d2ea03938" testId="8ca5b06e-bda0-46f0-a119-f287ebf2c656" testName="Test4348" computerName="UA-LPT-OGA2" duration="00:00:00.7880000" startTime="2025-05-14T13:20:31.3146610Z" endTime="2025-05-14T13:25:31.3147553Z" testType="13cdc9d9-ddb5-4fa4-a97d-d965ccfc6d4b" outcome="Passed" testListId="df63c257-d45d-4a46-b084-75a656500af6" />
    <UnitTestResult executionId="85d3ccfe-82ef-4843-a2b5-369a588debbc" testId="589a0e19-81d2-45dd-991d-0e5e1040c667" testName="Test4349" computerName="UA-LPT-OGA2" duration="00:00:01.3840000" startTime="2025-05-14T13:20:31.3146610Z" endTime="2025-05-14T13:25:31.3147553Z" testType="13cdc9d9-ddb5-4fa4-a97d-d965ccfc6d4b" outcome="Passed" testListId="df63c257-d45d-4a46-b084-75a656500af6" />
    <UnitTestResult executionId="ab77e4ab-c972-4961-92d1-65dfedc56dca" testId="cffcd843-09b6-4541-b4fe-9facb0ce3384" testName="Test4350" computerName="UA-LPT-OGA2" duration="00:00:01.0470000" startTime="2025-05-14T13:20:31.3146610Z" endTime="2025-05-14T13:25:31.3147553Z" testType="13cdc9d9-ddb5-4fa4-a97d-d965ccfc6d4b" outcome="Passed" testListId="df63c257-d45d-4a46-b084-75a656500af6" />
    <UnitTestResult executionId="f67ac43b-279b-473c-9b34-41730577b07b" testId="00393d36-56db-4f56-b069-f0511db48344" testName="Test4351" computerName="UA-LPT-OGA2" duration="00:00:00.2050000" startTime="2025-05-14T13:20:31.3146610Z" endTime="2025-05-14T13:25:31.3147553Z" testType="13cdc9d9-ddb5-4fa4-a97d-d965ccfc6d4b" outcome="Passed" testListId="df63c257-d45d-4a46-b084-75a656500af6" />
    <UnitTestResult executionId="1a399095-d895-4671-b993-b9787dcd73ce" testId="184a9bae-f59d-4936-a681-a152b3f2b704" testName="Test4352" computerName="UA-LPT-OGA2" duration="00:00:01.2580000" startTime="2025-05-14T13:20:31.3146610Z" endTime="2025-05-14T13:25:31.3147553Z" testType="13cdc9d9-ddb5-4fa4-a97d-d965ccfc6d4b" outcome="Passed" testListId="df63c257-d45d-4a46-b084-75a656500af6" />
    <UnitTestResult executionId="c9e13889-6638-47b0-8e86-13820af476a8" testId="e806a196-34eb-41aa-8f79-fbab63fd9bf9" testName="Test4353" computerName="UA-LPT-OGA2" duration="00:00:01.1780000" startTime="2025-05-14T13:20:31.3146610Z" endTime="2025-05-14T13:25:31.3147553Z" testType="13cdc9d9-ddb5-4fa4-a97d-d965ccfc6d4b" outcome="Passed" testListId="df63c257-d45d-4a46-b084-75a656500af6" />
    <UnitTestResult executionId="c0b39aa1-024b-4064-8d9b-5ec7a863c4fc" testId="3fadf9f8-2202-41e3-9995-a1363628af06" testName="Test4354" computerName="UA-LPT-OGA2" duration="00:00:00.5520000" startTime="2025-05-14T13:20:31.3146610Z" endTime="2025-05-14T13:25:31.3147553Z" testType="13cdc9d9-ddb5-4fa4-a97d-d965ccfc6d4b" outcome="Passed" testListId="df63c257-d45d-4a46-b084-75a656500af6" />
    <UnitTestResult executionId="2d23d6e6-3050-4fb3-ac86-b4fd888f19d7" testId="d549f3df-2b71-4bb8-9876-c7643d2e35ac" testName="Test4355" computerName="UA-LPT-OGA2" duration="00:00:01.3130000" startTime="2025-05-14T13:20:31.3146610Z" endTime="2025-05-14T13:25:31.3147553Z" testType="13cdc9d9-ddb5-4fa4-a97d-d965ccfc6d4b" outcome="Passed" testListId="df63c257-d45d-4a46-b084-75a656500af6" />
    <UnitTestResult executionId="c9c87b5f-a585-4f28-ae88-20f2621ee650" testId="fabacf0d-3efb-40cb-8f95-d066e458b0a4" testName="Test4356" computerName="UA-LPT-OGA2" duration="00:00:00.8020000" startTime="2025-05-14T13:20:31.3146610Z" endTime="2025-05-14T13:25:31.3147553Z" testType="13cdc9d9-ddb5-4fa4-a97d-d965ccfc6d4b" outcome="Passed" testListId="df63c257-d45d-4a46-b084-75a656500af6" />
    <UnitTestResult executionId="5b7d47da-599b-41b2-814d-a63258278a04" testId="ae4eb43c-0a10-454a-af0a-8f6cda95d80b" testName="Test4357" computerName="UA-LPT-OGA2" duration="00:00:00.3540000" startTime="2025-05-14T13:20:31.3146610Z" endTime="2025-05-14T13:25:31.3147553Z" testType="13cdc9d9-ddb5-4fa4-a97d-d965ccfc6d4b" outcome="Failed" testListId="df63c257-d45d-4a46-b084-75a656500af6">
      <Output>
        <ErrorInfo>
          <Message>Assertion failed: Expected value did not match actual value.</Message>
          <StackTrace>   at TestNamespace.TestClass.Test() in TestClass.cs:line 308</StackTrace>
        </ErrorInfo>
      </Output>
    </UnitTestResult>
    <UnitTestResult executionId="0ae3839a-6a58-4f6e-86db-58d02c117f3b" testId="4557ce9a-6def-4ac8-a11a-d33b1e63b2a3" testName="Test4358" computerName="UA-LPT-OGA2" duration="00:00:00.5270000" startTime="2025-05-14T13:20:31.3146610Z" endTime="2025-05-14T13:25:31.3147553Z" testType="13cdc9d9-ddb5-4fa4-a97d-d965ccfc6d4b" outcome="Passed" testListId="df63c257-d45d-4a46-b084-75a656500af6" />
    <UnitTestResult executionId="bdea71ff-85b2-4fa7-ae54-c07c42006084" testId="012fbedf-638f-4a73-b708-b4da91f67278" testName="Test4359" computerName="UA-LPT-OGA2" duration="00:00:01.3740000" startTime="2025-05-14T13:20:31.3146610Z" endTime="2025-05-14T13:25:31.3147553Z" testType="13cdc9d9-ddb5-4fa4-a97d-d965ccfc6d4b" outcome="Passed" testListId="df63c257-d45d-4a46-b084-75a656500af6" />
    <UnitTestResult executionId="c673db55-604e-48af-b0d7-955d70db58f0" testId="6f2e2afd-1564-419f-a4ce-b65bf91be9a2" testName="Test4360" computerName="UA-LPT-OGA2" duration="00:00:00.5010000" startTime="2025-05-14T13:20:31.3146610Z" endTime="2025-05-14T13:25:31.3147553Z" testType="13cdc9d9-ddb5-4fa4-a97d-d965ccfc6d4b" outcome="Passed" testListId="df63c257-d45d-4a46-b084-75a656500af6" />
    <UnitTestResult executionId="1561f181-6a2b-4336-818a-e81a97eb1f1a" testId="0d6a4747-625c-4d2d-8962-1429556a7b51" testName="Test4361" computerName="UA-LPT-OGA2" duration="00:00:00.9090000" startTime="2025-05-14T13:20:31.3146610Z" endTime="2025-05-14T13:25:31.3147553Z" testType="13cdc9d9-ddb5-4fa4-a97d-d965ccfc6d4b" outcome="Inconclusive" testListId="df63c257-d45d-4a46-b084-75a656500af6" />
    <UnitTestResult executionId="5aa9bd57-fd2f-429c-88d8-2186d12350a3" testId="605228dc-499a-4b9d-aa7c-ec243bffc5c9" testName="Test4362" computerName="UA-LPT-OGA2" duration="00:00:00.2100000" startTime="2025-05-14T13:20:31.3146610Z" endTime="2025-05-14T13:25:31.3147553Z" testType="13cdc9d9-ddb5-4fa4-a97d-d965ccfc6d4b" outcome="Passed" testListId="df63c257-d45d-4a46-b084-75a656500af6" />
    <UnitTestResult executionId="bc856779-2ad9-4c49-b2fc-d62b5bbea533" testId="7a2c752d-a7f4-46c5-b78a-cb2eae3edda2" testName="Test4363" computerName="UA-LPT-OGA2" duration="00:00:00.3560000" startTime="2025-05-14T13:20:31.3146610Z" endTime="2025-05-14T13:25:31.3147553Z" testType="13cdc9d9-ddb5-4fa4-a97d-d965ccfc6d4b" outcome="Passed" testListId="df63c257-d45d-4a46-b084-75a656500af6" />
    <UnitTestResult executionId="f21d1202-85e6-487e-8c1a-64152cd37fd0" testId="ad2d64eb-7cc0-4ee4-97f7-a4265d326fe1" testName="Test4364" computerName="UA-LPT-OGA2" duration="00:00:00.3310000" startTime="2025-05-14T13:20:31.3146610Z" endTime="2025-05-14T13:25:31.3147553Z" testType="13cdc9d9-ddb5-4fa4-a97d-d965ccfc6d4b" outcome="Passed" testListId="df63c257-d45d-4a46-b084-75a656500af6" />
    <UnitTestResult executionId="184ae544-b11c-47a9-a202-8063dec9cf1c" testId="7a5bcbd5-95fc-445e-965c-a824706338b2" testName="Test4365" computerName="UA-LPT-OGA2" duration="00:00:00.5760000" startTime="2025-05-14T13:20:31.3146610Z" endTime="2025-05-14T13:25:31.3147553Z" testType="13cdc9d9-ddb5-4fa4-a97d-d965ccfc6d4b" outcome="Passed" testListId="df63c257-d45d-4a46-b084-75a656500af6" />
    <UnitTestResult executionId="9c5296ed-d53b-4e7f-ad18-ed98dea3c18c" testId="a3cbd823-9b64-4140-aaa9-ea34b440651f" testName="Test4366" computerName="UA-LPT-OGA2" duration="00:00:00.5010000" startTime="2025-05-14T13:20:31.3146610Z" endTime="2025-05-14T13:25:31.3147553Z" testType="13cdc9d9-ddb5-4fa4-a97d-d965ccfc6d4b" outcome="Passed" testListId="df63c257-d45d-4a46-b084-75a656500af6" />
    <UnitTestResult executionId="1a539a7d-5fa6-4383-93cd-36b441243cc4" testId="9fd4ce50-d14b-4540-ae06-0a9c7663723e" testName="Test4367" computerName="UA-LPT-OGA2" duration="00:00:01.0020000" startTime="2025-05-14T13:20:31.3146610Z" endTime="2025-05-14T13:25:31.3147553Z" testType="13cdc9d9-ddb5-4fa4-a97d-d965ccfc6d4b" outcome="Passed" testListId="df63c257-d45d-4a46-b084-75a656500af6" />
    <UnitTestResult executionId="c3b38a47-64ae-4a1b-b784-318be67318ad" testId="0e3b182a-dfdb-4c66-91fc-aa579ae8e8c6" testName="Test4368" computerName="UA-LPT-OGA2" duration="00:00:00.9990000" startTime="2025-05-14T13:20:31.3146610Z" endTime="2025-05-14T13:25:31.3147553Z" testType="13cdc9d9-ddb5-4fa4-a97d-d965ccfc6d4b" outcome="Passed" testListId="df63c257-d45d-4a46-b084-75a656500af6" />
    <UnitTestResult executionId="9611d3b3-5264-4f27-964b-27626735243d" testId="9069e1ef-c92b-438e-a975-b58c05af2763" testName="Test4369" computerName="UA-LPT-OGA2" duration="00:00:01.6240000" startTime="2025-05-14T13:20:31.3146610Z" endTime="2025-05-14T13:25:31.3147553Z" testType="13cdc9d9-ddb5-4fa4-a97d-d965ccfc6d4b" outcome="Passed" testListId="df63c257-d45d-4a46-b084-75a656500af6" />
    <UnitTestResult executionId="0384ffc3-750d-4b38-b923-18bb2b527043" testId="0549b885-501d-4347-82d7-9abaa0eddb4e" testName="Test4370" computerName="UA-LPT-OGA2" duration="00:00:01.5710000" startTime="2025-05-14T13:20:31.3146610Z" endTime="2025-05-14T13:25:31.3147553Z" testType="13cdc9d9-ddb5-4fa4-a97d-d965ccfc6d4b" outcome="Passed" testListId="df63c257-d45d-4a46-b084-75a656500af6" />
    <UnitTestResult executionId="bab46864-2fae-472e-8cf7-996a3ce0704d" testId="63900be9-561a-4503-ab5d-c531a3b04cb6" testName="Test4371" computerName="UA-LPT-OGA2" duration="00:00:00.0990000" startTime="2025-05-14T13:20:31.3146610Z" endTime="2025-05-14T13:25:31.3147553Z" testType="13cdc9d9-ddb5-4fa4-a97d-d965ccfc6d4b" outcome="Passed" testListId="df63c257-d45d-4a46-b084-75a656500af6" />
    <UnitTestResult executionId="4de0ec3d-62e7-4632-9e8f-bb4ad3c6b854" testId="ba351ff8-8ee8-46c9-96b3-5a544b7d6060" testName="Test4372" computerName="UA-LPT-OGA2" duration="00:00:01.8730000" startTime="2025-05-14T13:20:31.3146610Z" endTime="2025-05-14T13:25:31.3147553Z" testType="13cdc9d9-ddb5-4fa4-a97d-d965ccfc6d4b" outcome="Passed" testListId="df63c257-d45d-4a46-b084-75a656500af6" />
    <UnitTestResult executionId="252f901c-297e-4539-a016-b007fd9f59e3" testId="df85b9ef-2256-47b9-ac37-f5ca1da6715c" testName="Test4373" computerName="UA-LPT-OGA2" duration="00:00:00.0680000" startTime="2025-05-14T13:20:31.3146610Z" endTime="2025-05-14T13:25:31.3147553Z" testType="13cdc9d9-ddb5-4fa4-a97d-d965ccfc6d4b" outcome="Passed" testListId="df63c257-d45d-4a46-b084-75a656500af6" />
    <UnitTestResult executionId="14cb7b1c-6c74-4ba2-9db5-8a48b7f087e1" testId="5f4e3c3a-088f-4752-907a-63722e4f492c" testName="Test4374" computerName="UA-LPT-OGA2" duration="00:00:01.7440000" startTime="2025-05-14T13:20:31.3146610Z" endTime="2025-05-14T13:25:31.3147553Z" testType="13cdc9d9-ddb5-4fa4-a97d-d965ccfc6d4b" outcome="Passed" testListId="df63c257-d45d-4a46-b084-75a656500af6" />
    <UnitTestResult executionId="39a63b65-e764-4676-80fc-14d6d197f2a8" testId="dfc225ba-5713-4b37-a661-0700437ce1ac" testName="Test4375" computerName="UA-LPT-OGA2" duration="00:00:00.3650000" startTime="2025-05-14T13:20:31.3146610Z" endTime="2025-05-14T13:25:31.3147553Z" testType="13cdc9d9-ddb5-4fa4-a97d-d965ccfc6d4b" outcome="Passed" testListId="df63c257-d45d-4a46-b084-75a656500af6" />
    <UnitTestResult executionId="d140e6a8-51b2-4471-ac98-5b85d99eb87e" testId="812ce05b-609e-4592-9da4-25375c0ee655" testName="Test4376" computerName="UA-LPT-OGA2" duration="00:00:01.8430000" startTime="2025-05-14T13:20:31.3146610Z" endTime="2025-05-14T13:25:31.3147553Z" testType="13cdc9d9-ddb5-4fa4-a97d-d965ccfc6d4b" outcome="Passed" testListId="df63c257-d45d-4a46-b084-75a656500af6" />
    <UnitTestResult executionId="00b3cbe1-3d7d-4b4f-9423-755eab1e0df3" testId="ab9b5a8b-428e-43a2-9eb6-d00bf45423f3" testName="Test4377" computerName="UA-LPT-OGA2" duration="00:00:00.3770000" startTime="2025-05-14T13:20:31.3146610Z" endTime="2025-05-14T13:25:31.3147553Z" testType="13cdc9d9-ddb5-4fa4-a97d-d965ccfc6d4b" outcome="Passed" testListId="df63c257-d45d-4a46-b084-75a656500af6" />
    <UnitTestResult executionId="c9e862c8-bfb3-4c83-a22f-c632e7e3942e" testId="abc3aaf4-1cab-4fe0-80ca-2c78fec98ad4" testName="Test4378" computerName="UA-LPT-OGA2" duration="00:00:00.0180000" startTime="2025-05-14T13:20:31.3146610Z" endTime="2025-05-14T13:25:31.3147553Z" testType="13cdc9d9-ddb5-4fa4-a97d-d965ccfc6d4b" outcome="Passed" testListId="df63c257-d45d-4a46-b084-75a656500af6" />
    <UnitTestResult executionId="3b0ec07f-cccc-4d3a-b82d-727fea98a7f3" testId="9eb9d43a-9d7d-44fa-a1e7-5fdddd058a97" testName="Test4379" computerName="UA-LPT-OGA2" duration="00:00:01.2220000" startTime="2025-05-14T13:20:31.3146610Z" endTime="2025-05-14T13:25:31.3147553Z" testType="13cdc9d9-ddb5-4fa4-a97d-d965ccfc6d4b" outcome="Passed" testListId="df63c257-d45d-4a46-b084-75a656500af6" />
    <UnitTestResult executionId="66e4a9a9-16a6-477a-8472-bc3fd2d4bba2" testId="56c03d6d-ce78-4226-940c-1899e132f35a" testName="Test4380" computerName="UA-LPT-OGA2" duration="00:00:01.8000000" startTime="2025-05-14T13:20:31.3146610Z" endTime="2025-05-14T13:25:31.3147553Z" testType="13cdc9d9-ddb5-4fa4-a97d-d965ccfc6d4b" outcome="Failed" testListId="df63c257-d45d-4a46-b084-75a656500af6">
      <Output>
        <ErrorInfo>
          <Message>Assertion failed: Expected value did not match actual value.</Message>
          <StackTrace>   at TestNamespace.TestClass.Test() in TestClass.cs:line 127</StackTrace>
        </ErrorInfo>
      </Output>
    </UnitTestResult>
    <UnitTestResult executionId="0cbbb827-c8ff-4282-a74f-72cf4fae39e1" testId="45a9425a-7936-4630-a9da-53afe9f3f57d" testName="Test4381" computerName="UA-LPT-OGA2" duration="00:00:00.4540000" startTime="2025-05-14T13:20:31.3146610Z" endTime="2025-05-14T13:25:31.3147553Z" testType="13cdc9d9-ddb5-4fa4-a97d-d965ccfc6d4b" outcome="Passed" testListId="df63c257-d45d-4a46-b084-75a656500af6" />
    <UnitTestResult executionId="307e61b2-b42a-44f2-9a0c-4680fa20a722" testId="daedceb2-1ee2-461c-a26d-a4e99fc9d521" testName="Test4382" computerName="UA-LPT-OGA2" duration="00:00:00.2460000" startTime="2025-05-14T13:20:31.3146610Z" endTime="2025-05-14T13:25:31.3147553Z" testType="13cdc9d9-ddb5-4fa4-a97d-d965ccfc6d4b" outcome="Passed" testListId="df63c257-d45d-4a46-b084-75a656500af6" />
    <UnitTestResult executionId="c955a1c9-ae20-4f24-894a-e628f116d76c" testId="8863f2ba-5a50-49d0-9a00-5fedf2e2789a" testName="Test4383" computerName="UA-LPT-OGA2" duration="00:00:01.2730000" startTime="2025-05-14T13:20:31.3146610Z" endTime="2025-05-14T13:25:31.3147553Z" testType="13cdc9d9-ddb5-4fa4-a97d-d965ccfc6d4b" outcome="Passed" testListId="df63c257-d45d-4a46-b084-75a656500af6" />
    <UnitTestResult executionId="f682ebe5-24c5-4fc7-939a-a99647f78fbf" testId="0471c479-3fd7-4c2a-b0a2-ef4d9a3fd880" testName="Test4384" computerName="UA-LPT-OGA2" duration="00:00:01.5770000" startTime="2025-05-14T13:20:31.3146610Z" endTime="2025-05-14T13:25:31.3147553Z" testType="13cdc9d9-ddb5-4fa4-a97d-d965ccfc6d4b" outcome="Passed" testListId="df63c257-d45d-4a46-b084-75a656500af6" />
    <UnitTestResult executionId="30ece903-37d2-4fff-82dc-0d8b786f9290" testId="41f1da74-9e3e-4381-ac65-b695a99f63b6" testName="Test4385" computerName="UA-LPT-OGA2" duration="00:00:01.5370000" startTime="2025-05-14T13:20:31.3146610Z" endTime="2025-05-14T13:25:31.3147553Z" testType="13cdc9d9-ddb5-4fa4-a97d-d965ccfc6d4b" outcome="Passed" testListId="df63c257-d45d-4a46-b084-75a656500af6" />
    <UnitTestResult executionId="79dc7afd-6784-492b-a247-b0117babf05c" testId="c86a7b19-6063-4825-a7f6-0dead17efc30" testName="Test4386" computerName="UA-LPT-OGA2" duration="00:00:01.5010000" startTime="2025-05-14T13:20:31.3146610Z" endTime="2025-05-14T13:25:31.3147553Z" testType="13cdc9d9-ddb5-4fa4-a97d-d965ccfc6d4b" outcome="Passed" testListId="df63c257-d45d-4a46-b084-75a656500af6" />
    <UnitTestResult executionId="facc8e24-4835-4bbb-9b7d-6459b1b770bf" testId="539c08ca-3a3c-4294-9c79-618239837a07" testName="Test4387" computerName="UA-LPT-OGA2" duration="00:00:01.8700000" startTime="2025-05-14T13:20:31.3146610Z" endTime="2025-05-14T13:25:31.3147553Z" testType="13cdc9d9-ddb5-4fa4-a97d-d965ccfc6d4b" outcome="Passed" testListId="df63c257-d45d-4a46-b084-75a656500af6" />
    <UnitTestResult executionId="9fc8ac78-0720-497c-96f4-a73f88e808b5" testId="946f5194-3986-479e-bb6e-36d893282517" testName="Test4388" computerName="UA-LPT-OGA2" duration="00:00:00.4200000" startTime="2025-05-14T13:20:31.3146610Z" endTime="2025-05-14T13:25:31.3147553Z" testType="13cdc9d9-ddb5-4fa4-a97d-d965ccfc6d4b" outcome="Passed" testListId="df63c257-d45d-4a46-b084-75a656500af6" />
    <UnitTestResult executionId="0c8f80c9-768c-4551-9e02-411bbc56465e" testId="3d25f790-17c5-465a-be52-a6ae0a53dd05" testName="Test4389" computerName="UA-LPT-OGA2" duration="00:00:01.3960000" startTime="2025-05-14T13:20:31.3146610Z" endTime="2025-05-14T13:25:31.3147553Z" testType="13cdc9d9-ddb5-4fa4-a97d-d965ccfc6d4b" outcome="Passed" testListId="df63c257-d45d-4a46-b084-75a656500af6" />
    <UnitTestResult executionId="96e57503-4b9f-45a2-8693-4777c2be055b" testId="101ebdf8-d3c6-4a54-bebb-994dacccb891" testName="Test4390" computerName="UA-LPT-OGA2" duration="00:00:00.0660000" startTime="2025-05-14T13:20:31.3146610Z" endTime="2025-05-14T13:25:31.3147553Z" testType="13cdc9d9-ddb5-4fa4-a97d-d965ccfc6d4b" outcome="Passed" testListId="df63c257-d45d-4a46-b084-75a656500af6" />
    <UnitTestResult executionId="c63770c8-985a-477a-9214-53ecc48d63d3" testId="00a08691-bcd0-4093-a518-a5d7b691f247" testName="Test4391" computerName="UA-LPT-OGA2" duration="00:00:00.8860000" startTime="2025-05-14T13:20:31.3146610Z" endTime="2025-05-14T13:25:31.3147553Z" testType="13cdc9d9-ddb5-4fa4-a97d-d965ccfc6d4b" outcome="Failed" testListId="df63c257-d45d-4a46-b084-75a656500af6">
      <Output>
        <ErrorInfo>
          <Message>Assertion failed: Expected value did not match actual value.</Message>
          <StackTrace>   at TestNamespace.TestClass.Test() in TestClass.cs:line 418</StackTrace>
        </ErrorInfo>
      </Output>
    </UnitTestResult>
    <UnitTestResult executionId="ac9d8ff5-a7c2-4d5c-a419-b71f32d73716" testId="dc277d14-43ae-48d0-a12b-6daf77ec55d4" testName="Test4392" computerName="UA-LPT-OGA2" duration="00:00:01.6890000" startTime="2025-05-14T13:20:31.3146610Z" endTime="2025-05-14T13:25:31.3147553Z" testType="13cdc9d9-ddb5-4fa4-a97d-d965ccfc6d4b" outcome="Passed" testListId="df63c257-d45d-4a46-b084-75a656500af6" />
    <UnitTestResult executionId="3ff803da-fe15-4383-8e72-89b77328dea4" testId="48ed87e7-2a18-42de-9dbf-af42ccf0b783" testName="Test4393" computerName="UA-LPT-OGA2" duration="00:00:00.4740000" startTime="2025-05-14T13:20:31.3146610Z" endTime="2025-05-14T13:25:31.3147553Z" testType="13cdc9d9-ddb5-4fa4-a97d-d965ccfc6d4b" outcome="Passed" testListId="df63c257-d45d-4a46-b084-75a656500af6" />
    <UnitTestResult executionId="8f595cb4-d6ba-45e9-9856-a76c612a61e0" testId="84bccc76-47d6-4e68-bf3a-e4ec7c634eb0" testName="Test4394" computerName="UA-LPT-OGA2" duration="00:00:00.6250000" startTime="2025-05-14T13:20:31.3146610Z" endTime="2025-05-14T13:25:31.3147553Z" testType="13cdc9d9-ddb5-4fa4-a97d-d965ccfc6d4b" outcome="Passed" testListId="df63c257-d45d-4a46-b084-75a656500af6" />
    <UnitTestResult executionId="c6f62690-61b0-4bd5-979a-9ce4305ee38f" testId="3761ba7d-19c6-4c8c-8955-9d2902b40d31" testName="Test4395" computerName="UA-LPT-OGA2" duration="00:00:01.8600000" startTime="2025-05-14T13:20:31.3146610Z" endTime="2025-05-14T13:25:31.3147553Z" testType="13cdc9d9-ddb5-4fa4-a97d-d965ccfc6d4b" outcome="Passed" testListId="df63c257-d45d-4a46-b084-75a656500af6" />
    <UnitTestResult executionId="b5ab1798-824e-4108-8004-120ba8ae887a" testId="aa4da36e-347c-41b2-99e5-051b128f4b9c" testName="Test4396" computerName="UA-LPT-OGA2" duration="00:00:00.2400000" startTime="2025-05-14T13:20:31.3146610Z" endTime="2025-05-14T13:25:31.3147553Z" testType="13cdc9d9-ddb5-4fa4-a97d-d965ccfc6d4b" outcome="Passed" testListId="df63c257-d45d-4a46-b084-75a656500af6" />
    <UnitTestResult executionId="5bfd6c06-d9a2-46f7-a646-db767949d30e" testId="4a05de05-a142-4fcf-9361-ed4084552c55" testName="Test4397" computerName="UA-LPT-OGA2" duration="00:00:00.7920000" startTime="2025-05-14T13:20:31.3146610Z" endTime="2025-05-14T13:25:31.3147553Z" testType="13cdc9d9-ddb5-4fa4-a97d-d965ccfc6d4b" outcome="Passed" testListId="df63c257-d45d-4a46-b084-75a656500af6" />
    <UnitTestResult executionId="fef029d2-f455-4393-a80b-8e82c1db1104" testId="2e749b7f-c52b-4545-9377-d6f1913ab056" testName="Test4398" computerName="UA-LPT-OGA2" duration="00:00:01.2820000" startTime="2025-05-14T13:20:31.3146610Z" endTime="2025-05-14T13:25:31.3147553Z" testType="13cdc9d9-ddb5-4fa4-a97d-d965ccfc6d4b" outcome="Passed" testListId="df63c257-d45d-4a46-b084-75a656500af6" />
    <UnitTestResult executionId="660bb3e4-66a1-44b5-8b74-8eeaedc48e01" testId="a5cdfa66-6da2-458d-a076-6c590958576f" testName="Test4399" computerName="UA-LPT-OGA2" duration="00:00:01.6860000" startTime="2025-05-14T13:20:31.3146610Z" endTime="2025-05-14T13:25:31.3147553Z" testType="13cdc9d9-ddb5-4fa4-a97d-d965ccfc6d4b" outcome="Passed" testListId="df63c257-d45d-4a46-b084-75a656500af6" />
    <UnitTestResult executionId="1bc0db5f-6ecc-467d-9315-dc578e3f46bf" testId="9687accb-57a6-450f-8c8d-6df6d5b2f4d1" testName="Test4400" computerName="UA-LPT-OGA2" duration="00:00:00.3840000" startTime="2025-05-14T13:20:31.3146610Z" endTime="2025-05-14T13:25:31.3147553Z" testType="13cdc9d9-ddb5-4fa4-a97d-d965ccfc6d4b" outcome="Passed" testListId="df63c257-d45d-4a46-b084-75a656500af6" />
  </Results>
  <TestDefinitions>
    <UnitTest name="Test4301" id="01569b4b-fbbd-4f01-92a1-0c05146009e3" storage="TestAssembly.dll">
      <Execution id="220f5989-1efe-4352-b058-f105cf65b1f9" />
      <TestMethod codeBase="TestAssembly.dll" className="TestNamespace.TestClass1" name="Test4301" />
    </UnitTest>
    <UnitTest name="Test4302" id="a91f47d1-4155-447f-9e85-3dc1ef2c2ea6" storage="TestAssembly.dll">
      <Execution id="7967e6a2-31ee-40d5-b5dc-f8615860ad2e" />
      <TestMethod codeBase="TestAssembly.dll" className="TestNamespace.TestClass1" name="Test4302" />
    </UnitTest>
    <UnitTest name="Test4303" id="034667c8-0301-4b53-b42e-913496f6c66a" storage="TestAssembly.dll">
      <Execution id="0860f28b-6f57-4ea4-b37e-803114dd30b8" />
      <TestMethod codeBase="TestAssembly.dll" className="TestNamespace.TestClass1" name="Test4303" />
    </UnitTest>
    <UnitTest name="Test4304" id="f1ac9420-6421-4a0c-842e-88007a44a3b8" storage="TestAssembly.dll">
      <Execution id="41548e61-9715-4f20-b806-3cb7fc95c81b" />
      <TestMethod codeBase="TestAssembly.dll" className="TestNamespace.TestClass1" name="Test4304" />
    </UnitTest>
    <UnitTest name="Test4305" id="a2cb238a-5dbd-4837-bfc5-c6511b45056f" storage="TestAssembly.dll">
      <Execution id="6901449c-a819-4edb-a9c2-78324e9c1c11" />
      <TestMethod codeBase="TestAssembly.dll" className="TestNamespace.TestClass1" name="Test4305" />
    </UnitTest>
    <UnitTest name="Test4306" id="3bc02bf5-f779-45b8-afe9-55c5f1d60a35" storage="TestAssembly.dll">
      <Execution id="cc72d307-a654-4318-b3d3-400c2c0f9af0" />
      <TestMethod codeBase="TestAssembly.dll" className="TestNamespace.TestClass1" name="Test4306" />
    </UnitTest>
    <UnitTest name="Test4307" id="9e5b0fec-74eb-40c2-8f9e-b3ad2dc8e446" storage="TestAssembly.dll">
      <Execution id="947efb85-8699-4c1a-839b-c9f88a861928" />
      <TestMethod codeBase="TestAssembly.dll" className="TestNamespace.TestClass1" name="Test4307" />
    </UnitTest>
    <UnitTest name="Test4308" id="49316d38-c832-4147-8308-baf225bb4016" storage="TestAssembly.dll">
      <Execution id="ea226900-73c0-4aac-9aa0-27bd0833ea5b" />
      <TestMethod codeBase="TestAssembly.dll" className="TestNamespace.TestClass1" name="Test4308" />
    </UnitTest>
    <UnitTest name="Test4309" id="ed0faba2-c375-44e3-810a-1e55962536e1" storage="TestAssembly.dll">
      <Execution id="5bfe98c6-19fd-4589-9e12-cb091658a58b" />
      <TestMethod codeBase="TestAssembly.dll" className="TestNamespace.TestClass1" name="Test4309" />
    </UnitTest>
    <UnitTest name="Test4310" id="a235e51e-9476-4a20-86d8-6000bbeb71a9" storage="TestAssembly.dll">
      <Execution id="fdec4078-9f5a-4843-a939-9a51f01f6829" />
      <TestMethod codeBase="TestAssembly.dll" className="TestNamespace.TestClass1" name="Test4310" />
    </UnitTest>
    <UnitTest name="Test4311" id="694c36f9-f9d2-4b48-bf29-107b8a6f3bf3" storage="TestAssembly.dll">
      <Execution id="02f60d9b-50f7-43c7-9292-49bd9b838e2c" />
      <TestMethod codeBase="TestAssembly.dll" className="TestNamespace.TestClass2" name="Test4311" />
    </UnitTest>
    <UnitTest name="Test4312" id="d926fbbc-9a81-4134-9d7e-d781361c2431" storage="TestAssembly.dll">
      <Execution id="1a6c2fe9-966c-447a-ac07-65d34a0ae82a" />
      <TestMethod codeBase="TestAssembly.dll" className="TestNamespace.TestClass2" name="Test4312" />
    </UnitTest>
    <UnitTest name="Test4313" id="1ad87e5f-fc3f-422e-bfc9-9a90f96dc9f0" storage="TestAssembly.dll">
      <Execution id="a12169f4-4651-4831-ad1f-5a390e23aecf" />
      <TestMethod codeBase="TestAssembly.dll" className="TestNamespace.TestClass2" name="Test4313" />
    </UnitTest>
    <UnitTest name="Test4314" id="29646c0d-626b-4002-bdd9-e076e8dd1c13" storage="TestAssembly.dll">
      <Execution id="1bb94712-1763-460b-b0da-7c788160259c" />
      <TestMethod codeBase="TestAssembly.dll" className="TestNamespace.TestClass2" name="Test4314" />
    </UnitTest>
    <UnitTest name="Test4315" id="b8fb5fc0-f906-436a-b3fd-1ed1f314f856" storage="TestAssembly.dll">
      <Execution id="4d14f344-b919-4bdd-85db-a33cb4a64ab2" />
      <TestMethod codeBase="TestAssembly.dll" className="TestNamespace.TestClass2" name="Test4315" />
    </UnitTest>
    <UnitTest name="Test4316" id="8e8605e4-198a-41d9-bc29-8fcbcf701abc" storage="TestAssembly.dll">
      <Execution id="cd8b758b-5ad7-45fd-8d50-38d6e9ec156d" />
      <TestMethod codeBase="TestAssembly.dll" className="TestNamespace.TestClass2" name="Test4316" />
    </UnitTest>
    <UnitTest name="Test4317" id="1af13bb0-8551-40e4-9883-64e62a0838c1" storage="TestAssembly.dll">
      <Execution id="bc629a35-f563-448a-b1c9-9a5a88755f0d" />
      <TestMethod codeBase="TestAssembly.dll" className="TestNamespace.TestClass2" name="Test4317" />
    </UnitTest>
    <UnitTest name="Test4318" id="433ad9eb-3d64-4c9c-b513-5b8c3489b1b9" storage="TestAssembly.dll">
      <Execution id="2f9273b5-757d-4491-9d85-82fe66217d14" />
      <TestMethod codeBase="TestAssembly.dll" className="TestNamespace.TestClass2" name="Test4318" />
    </UnitTest>
    <UnitTest name="Test4319" id="4e27f0bb-bac5-4958-a2ab-713ec531c949" storage="TestAssembly.dll">
      <Execution id="fd09072f-d803-44af-bdca-7adc182aa87d" />
      <TestMethod codeBase="TestAssembly.dll" className="TestNamespace.TestClass2" name="Test4319" />
    </UnitTest>
    <UnitTest name="Test4320" id="ce71dab8-242f-494e-95e5-20730b1b1cbc" storage="TestAssembly.dll">
      <Execution id="1a0773f2-8f4e-461a-9080-3589b46e8025" />
      <TestMethod codeBase="TestAssembly.dll" className="TestNamespace.TestClass2" name="Test4320" />
    </UnitTest>
    <UnitTest name="Test4321" id="fa15ec37-651f-42e1-ac1d-8145b00fa308" storage="TestAssembly.dll">
      <Execution id="56bd6ae9-6339-4aa7-9db5-a0f067c5fdf2" />
      <TestMethod codeBase="TestAssembly.dll" className="TestNamespace.TestClass3" name="Test4321" />
    </UnitTest>
    <UnitTest name="Test4322" id="e98d647f-0fca-4333-afa1-cee18d577336" storage="TestAssembly.dll">
      <Execution id="7de38eea-c56a-4c2a-8ac8-c76835a9db3b" />
      <TestMethod codeBase="TestAssembly.dll" className="TestNamespace.TestClass3" name="Test4322" />
    </UnitTest>
    <UnitTest name="Test4323" id="ff44ceb1-da02-479e-9fc9-eca3c771feb7" storage="TestAssembly.dll">
      <Execution id="ab69aa55-8f74-4f3e-8a5b-55a49a44ffcf" />
      <TestMethod codeBase="TestAssembly.dll" className="TestNamespace.TestClass3" name="Test4323" />
    </UnitTest>
    <UnitTest name="Test4324" id="be83180e-ba16-497d-9787-0482a695960e" storage="TestAssembly.dll">
      <Execution id="629b5192-ea8d-429f-8b19-8fcac62b7513" />
      <TestMethod codeBase="TestAssembly.dll" className="TestNamespace.TestClass3" name="Test4324" />
    </UnitTest>
    <UnitTest name="Test4325" id="c595ff82-c71f-44fb-a41e-8f2f2178f4ac" storage="TestAssembly.dll">
      <Execution id="0822c0dc-6bf2-4c92-99b2-dd0b60537066" />
      <TestMethod codeBase="TestAssembly.dll" className="TestNamespace.TestClass3" name="Test4325" />
    </UnitTest>
    <UnitTest name="Test4326" id="b23a4d81-20c9-44a2-9200-abd242140bfc" storage="TestAssembly.dll">
      <Execution id="200cbb29-ce5c-4ea6-b49f-3809fb96cafa" />
      <TestMethod codeBase="TestAssembly.dll" className="TestNamespace.TestClass3" name="Test4326" />
    </UnitTest>
    <UnitTest name="Test4327" id="95bb505e-a6f0-41e6-a4e8-db81e3d3a571" storage="TestAssembly.dll">
      <Execution id="59986d4e-f71c-453b-887d-77a78ec1496b" />
      <TestMethod codeBase="TestAssembly.dll" className="TestNamespace.TestClass3" name="Test4327" />
    </UnitTest>
    <UnitTest name="Test4328" id="0df522da-119a-4af7-b833-5754c6bc745e" storage="TestAssembly.dll">
      <Execution id="ab2bc900-d258-4b2b-8553-6d892c2eea93" />
      <TestMethod codeBase="TestAssembly.dll" className="TestNamespace.TestClass3" name="Test4328" />
    </UnitTest>
    <UnitTest name="Test4329" id="87288866-f863-456a-86c8-af685cc68aea" storage="TestAssembly.dll">
      <Execution id="66011b6d-3e38-4ac4-8861-91af65e48ecc" />
      <TestMethod codeBase="TestAssembly.dll" className="TestNamespace.TestClass3" name="Test4329" />
    </UnitTest>
    <UnitTest name="Test4330" id="ec581988-3f3a-450d-bb1f-9423145467dc" storage="TestAssembly.dll">
      <Execution id="20d8947f-e4d6-4a6e-bfb6-42516e7fdd21" />
      <TestMethod codeBase="TestAssembly.dll" className="TestNamespace.TestClass3" name="Test4330" />
    </UnitTest>
    <UnitTest name="Test4331" id="d8eb56f3-2b3d-4dd1-8322-26b1e47aabd5" storage="TestAssembly.dll">
      <Execution id="d688f2f3-4e17-48bb-b5ab-f2e9a200e66e" />
      <TestMethod codeBase="TestAssembly.dll" className="TestNamespace.TestClass4" name="Test4331" />
    </UnitTest>
    <UnitTest name="Test4332" id="21c5edd7-9731-4598-971c-3d66e6672863" storage="TestAssembly.dll">
      <Execution id="fa499f90-0d61-4cea-8e0e-5dc52e059be6" />
      <TestMethod codeBase="TestAssembly.dll" className="TestNamespace.TestClass4" name="Test4332" />
    </UnitTest>
    <UnitTest name="Test4333" id="6bd60b57-b3ff-45e4-9b8d-33a151287338" storage="TestAssembly.dll">
      <Execution id="00a9053c-dd3d-4da9-a2ab-fa31d6b6a4bb" />
      <TestMethod codeBase="TestAssembly.dll" className="TestNamespace.TestClass4" name="Test4333" />
    </UnitTest>
    <UnitTest name="Test4334" id="1ea2abe3-d4bb-407a-a167-04434c04d262" storage="TestAssembly.dll">
      <Execution id="ff7d9d5f-9dec-4b03-8acf-3bb104379f97" />
      <TestMethod codeBase="TestAssembly.dll" className="TestNamespace.TestClass4" name="Test4334" />
    </UnitTest>
    <UnitTest name="Test4335" id="d0d1e6f7-1dd2-47d7-9879-48a6d0198c2f" storage="TestAssembly.dll">
      <Execution id="689267e0-a66c-4720-a426-fb2b1f6b7c83" />
      <TestMethod codeBase="TestAssembly.dll" className="TestNamespace.TestClass4" name="Test4335" />
    </UnitTest>
    <UnitTest name="Test4336" id="cd203b09-4d49-47f8-871f-cbb5abce3f9b" storage="TestAssembly.dll">
      <Execution id="12aba519-d47e-48a9-b1f7-629720e23625" />
      <TestMethod codeBase="TestAssembly.dll" className="TestNamespace.TestClass4" name="Test4336" />
    </UnitTest>
    <UnitTest name="Test4337" id="f26663fd-a469-4ac9-a884-6be5e82f3449" storage="TestAssembly.dll">
      <Execution id="a0790b54-82b5-4886-a186-f68193afca6f" />
      <TestMethod codeBase="TestAssembly.dll" className="TestNamespace.TestClass4" name="Test4337" />
    </UnitTest>
    <UnitTest name="Test4338" id="285c4612-e426-4160-888c-5f5453deb1ef" storage="TestAssembly.dll">
      <Execution id="5fbc1e32-b85a-4a96-ba1c-80424bced257" />
      <TestMethod codeBase="TestAssembly.dll" className="TestNamespace.TestClass4" name="Test4338" />
    </UnitTest>
    <UnitTest name="Test4339" id="c6c4b8e8-453f-4641-b82a-87decf687892" storage="TestAssembly.dll">
      <Execution id="88bd06dc-e350-4092-a776-b3d29a4e950f" />
      <TestMethod codeBase="TestAssembly.dll" className="TestNamespace.TestClass4" name="Test4339" />
    </UnitTest>
    <UnitTest name="Test4340" id="9e1f818c-a938-452a-a0b0-274160d81cab" storage="TestAssembly.dll">
      <Execution id="2cbb0334-109c-415c-a565-e2a28b9d59b9" />
      <TestMethod codeBase="TestAssembly.dll" className="TestNamespace.TestClass4" name="Test4340" />
    </UnitTest>
    <UnitTest name="Test4341" id="14517e20-1a42-4125-98c1-1a8e1f963576" storage="TestAssembly.dll">
      <Execution id="c5c05bb6-a22a-4529-9430-72461cfa4040" />
      <TestMethod codeBase="TestAssembly.dll" className="TestNamespace.TestClass5" name="Test4341" />
    </UnitTest>
    <UnitTest name="Test4342" id="87316364-9e63-4ed4-ab54-79223b8d6085" storage="TestAssembly.dll">
      <Execution id="ddab54b9-b380-4e4e-ae9d-630cb7a92b1c" />
      <TestMethod codeBase="TestAssembly.dll" className="TestNamespace.TestClass5" name="Test4342" />
    </UnitTest>
    <UnitTest name="Test4343" id="24100989-0662-4855-8012-e570feac2b87" storage="TestAssembly.dll">
      <Execution id="08c24274-bf2d-4e11-84f7-a7f06c89c5c2" />
      <TestMethod codeBase="TestAssembly.dll" className="TestNamespace.TestClass5" name="Test4343" />
    </UnitTest>
    <UnitTest name="Test4344" id="ba420bb8-3db9-4296-8ec4-c987db0ccc8a" storage="TestAssembly.dll">
      <Execution id="810e26ec-a118-4870-a9f1-25292c0a296f" />
      <TestMethod codeBase="TestAssembly.dll" className="TestNamespace.TestClass5" name="Test4344" />
    </UnitTest>
    <UnitTest name="Test4345" id="bf17c280-225d-47ba-b07a-cd4f89867ade" storage="TestAssembly.dll">
      <Execution id="57700260-9576-4edc-bd75-1e1ebf31b846" />
      <TestMethod codeBase="TestAssembly.dll" className="TestNamespace.TestClass5" name="Test4345" />
    </UnitTest>
    <UnitTest name="Test4346" id="028200a0-b2a4-474d-a784-2cc0f1740e3c" storage="TestAssembly.dll">
      <Execution id="fc3772c9-47c2-4472-9dd4-fc47034cee45" />
      <TestMethod codeBase="TestAssembly.dll" className="TestNamespace.TestClass5" name="Test4346" />
    </UnitTest>
    <UnitTest name="Test4347" id="5ac992c6-4902-4817-88de-c140ccc43bc7" storage="TestAssembly.dll">
      <Execution id="0f0c458c-d80c-41e2-84bb-a6c9c358468b" />
      <TestMethod codeBase="TestAssembly.dll" className="TestNamespace.TestClass5" name="Test4347" />
    </UnitTest>
    <UnitTest name="Test4348" id="8ca5b06e-bda0-46f0-a119-f287ebf2c656" storage="TestAssembly.dll">
      <Execution id="c455fa3a-7d26-413a-a44d-a37d2ea03938" />
      <TestMethod codeBase="TestAssembly.dll" className="TestNamespace.TestClass5" name="Test4348" />
    </UnitTest>
    <UnitTest name="Test4349" id="589a0e19-81d2-45dd-991d-0e5e1040c667" storage="TestAssembly.dll">
      <Execution id="85d3ccfe-82ef-4843-a2b5-369a588debbc" />
      <TestMethod codeBase="TestAssembly.dll" className="TestNamespace.TestClass5" name="Test4349" />
    </UnitTest>
    <UnitTest name="Test4350" id="cffcd843-09b6-4541-b4fe-9facb0ce3384" storage="TestAssembly.dll">
      <Execution id="ab77e4ab-c972-4961-92d1-65dfedc56dca" />
      <TestMethod codeBase="TestAssembly.dll" className="TestNamespace.TestClass5" name="Test4350" />
    </UnitTest>
    <UnitTest name="Test4351" id="00393d36-56db-4f56-b069-f0511db48344" storage="TestAssembly.dll">
      <Execution id="f67ac43b-279b-473c-9b34-41730577b07b" />
      <TestMethod codeBase="TestAssembly.dll" className="TestNamespace.TestClass6" name="Test4351" />
    </UnitTest>
    <UnitTest name="Test4352" id="184a9bae-f59d-4936-a681-a152b3f2b704" storage="TestAssembly.dll">
      <Execution id="1a399095-d895-4671-b993-b9787dcd73ce" />
      <TestMethod codeBase="TestAssembly.dll" className="TestNamespace.TestClass6" name="Test4352" />
    </UnitTest>
    <UnitTest name="Test4353" id="e806a196-34eb-41aa-8f79-fbab63fd9bf9" storage="TestAssembly.dll">
      <Execution id="c9e13889-6638-47b0-8e86-13820af476a8" />
      <TestMethod codeBase="TestAssembly.dll" className="TestNamespace.TestClass6" name="Test4353" />
    </UnitTest>
    <UnitTest name="Test4354" id="3fadf9f8-2202-41e3-9995-a1363628af06" storage="TestAssembly.dll">
      <Execution id="c0b39aa1-024b-4064-8d9b-5ec7a863c4fc" />
      <TestMethod codeBase="TestAssembly.dll" className="TestNamespace.TestClass6" name="Test4354" />
    </UnitTest>
    <UnitTest name="Test4355" id="d549f3df-2b71-4bb8-9876-c7643d2e35ac" storage="TestAssembly.dll">
      <Execution id="2d23d6e6-3050-4fb3-ac86-b4fd888f19d7" />
      <TestMethod codeBase="TestAssembly.dll" className="TestNamespace.TestClass6" name="Test4355" />
    </UnitTest>
    <UnitTest name="Test4356" id="fabacf0d-3efb-40cb-8f95-d066e458b0a4" storage="TestAssembly.dll">
      <Execution id="c9c87b5f-a585-4f28-ae88-20f2621ee650" />
      <TestMethod codeBase="TestAssembly.dll" className="TestNamespace.TestClass6" name="Test4356" />
    </UnitTest>
    <UnitTest name="Test4357" id="ae4eb43c-0a10-454a-af0a-8f6cda95d80b" storage="TestAssembly.dll">
      <Execution id="5b7d47da-599b-41b2-814d-a63258278a04" />
      <TestMethod codeBase="TestAssembly.dll" className="TestNamespace.TestClass6" name="Test4357" />
    </UnitTest>
    <UnitTest name="Test4358" id="4557ce9a-6def-4ac8-a11a-d33b1e63b2a3" storage="TestAssembly.dll">
      <Execution id="0ae3839a-6a58-4f6e-86db-58d02c117f3b" />
      <TestMethod codeBase="TestAssembly.dll" className="TestNamespace.TestClass6" name="Test4358" />
    </UnitTest>
    <UnitTest name="Test4359" id="012fbedf-638f-4a73-b708-b4da91f67278" storage="TestAssembly.dll">
      <Execution id="bdea71ff-85b2-4fa7-ae54-c07c42006084" />
      <TestMethod codeBase="TestAssembly.dll" className="TestNamespace.TestClass6" name="Test4359" />
    </UnitTest>
    <UnitTest name="Test4360" id="6f2e2afd-1564-419f-a4ce-b65bf91be9a2" storage="TestAssembly.dll">
      <Execution id="c673db55-604e-48af-b0d7-955d70db58f0" />
      <TestMethod codeBase="TestAssembly.dll" className="TestNamespace.TestClass6" name="Test4360" />
    </UnitTest>
    <UnitTest name="Test4361" id="0d6a4747-625c-4d2d-8962-1429556a7b51" storage="TestAssembly.dll">
      <Execution id="1561f181-6a2b-4336-818a-e81a97eb1f1a" />
      <TestMethod codeBase="TestAssembly.dll" className="TestNamespace.TestClass7" name="Test4361" />
    </UnitTest>
    <UnitTest name="Test4362" id="605228dc-499a-4b9d-aa7c-ec243bffc5c9" storage="TestAssembly.dll">
      <Execution id="5aa9bd57-fd2f-429c-88d8-2186d12350a3" />
      <TestMethod codeBase="TestAssembly.dll" className="TestNamespace.TestClass7" name="Test4362" />
    </UnitTest>
    <UnitTest name="Test4363" id="7a2c752d-a7f4-46c5-b78a-cb2eae3edda2" storage="TestAssembly.dll">
      <Execution id="bc856779-2ad9-4c49-b2fc-d62b5bbea533" />
      <TestMethod codeBase="TestAssembly.dll" className="TestNamespace.TestClass7" name="Test4363" />
    </UnitTest>
    <UnitTest name="Test4364" id="ad2d64eb-7cc0-4ee4-97f7-a4265d326fe1" storage="TestAssembly.dll">
      <Execution id="f21d1202-85e6-487e-8c1a-64152cd37fd0" />
      <TestMethod codeBase="TestAssembly.dll" className="TestNamespace.TestClass7" name="Test4364" />
    </UnitTest>
    <UnitTest name="Test4365" id="7a5bcbd5-95fc-445e-965c-a824706338b2" storage="TestAssembly.dll">
      <Execution id="184ae544-b11c-47a9-a202-8063dec9cf1c" />
      <TestMethod codeBase="TestAssembly.dll" className="TestNamespace.TestClass7" name="Test4365" />
    </UnitTest>
    <UnitTest name="Test4366" id="a3cbd823-9b64-4140-aaa9-ea34b440651f" storage="TestAssembly.dll">
      <Execution id="9c5296ed-d53b-4e7f-ad18-ed98dea3c18c" />
      <TestMethod codeBase="TestAssembly.dll" className="TestNamespace.TestClass7" name="Test4366" />
    </UnitTest>
    <UnitTest name="Test4367" id="9fd4ce50-d14b-4540-ae06-0a9c7663723e" storage="TestAssembly.dll">
      <Execution id="1a539a7d-5fa6-4383-93cd-36b441243cc4" />
      <TestMethod codeBase="TestAssembly.dll" className="TestNamespace.TestClass7" name="Test4367" />
    </UnitTest>
    <UnitTest name="Test4368" id="0e3b182a-dfdb-4c66-91fc-aa579ae8e8c6" storage="TestAssembly.dll">
      <Execution id="c3b38a47-64ae-4a1b-b784-318be67318ad" />
      <TestMethod codeBase="TestAssembly.dll" className="TestNamespace.TestClass7" name="Test4368" />
    </UnitTest>
    <UnitTest name="Test4369" id="9069e1ef-c92b-438e-a975-b58c05af2763" storage="TestAssembly.dll">
      <Execution id="9611d3b3-5264-4f27-964b-27626735243d" />
      <TestMethod codeBase="TestAssembly.dll" className="TestNamespace.TestClass7" name="Test4369" />
    </UnitTest>
    <UnitTest name="Test4370" id="0549b885-501d-4347-82d7-9abaa0eddb4e" storage="TestAssembly.dll">
      <Execution id="0384ffc3-750d-4b38-b923-18bb2b527043" />
      <TestMethod codeBase="TestAssembly.dll" className="TestNamespace.TestClass7" name="Test4370" />
    </UnitTest>
    <UnitTest name="Test4371" id="63900be9-561a-4503-ab5d-c531a3b04cb6" storage="TestAssembly.dll">
      <Execution id="bab46864-2fae-472e-8cf7-996a3ce0704d" />
      <TestMethod codeBase="TestAssembly.dll" className="TestNamespace.TestClass8" name="Test4371" />
    </UnitTest>
    <UnitTest name="Test4372" id="ba351ff8-8ee8-46c9-96b3-5a544b7d6060" storage="TestAssembly.dll">
      <Execution id="4de0ec3d-62e7-4632-9e8f-bb4ad3c6b854" />
      <TestMethod codeBase="TestAssembly.dll" className="TestNamespace.TestClass8" name="Test4372" />
    </UnitTest>
    <UnitTest name="Test4373" id="df85b9ef-2256-47b9-ac37-f5ca1da6715c" storage="TestAssembly.dll">
      <Execution id="252f901c-297e-4539-a016-b007fd9f59e3" />
      <TestMethod codeBase="TestAssembly.dll" className="TestNamespace.TestClass8" name="Test4373" />
    </UnitTest>
    <UnitTest name="Test4374" id="5f4e3c3a-088f-4752-907a-63722e4f492c" storage="TestAssembly.dll">
      <Execution id="14cb7b1c-6c74-4ba2-9db5-8a48b7f087e1" />
      <TestMethod codeBase="TestAssembly.dll" className="TestNamespace.TestClass8" name="Test4374" />
    </UnitTest>
    <UnitTest name="Test4375" id="dfc225ba-5713-4b37-a661-0700437ce1ac" storage="TestAssembly.dll">
      <Execution id="39a63b65-e764-4676-80fc-14d6d197f2a8" />
      <TestMethod codeBase="TestAssembly.dll" className="TestNamespace.TestClass8" name="Test4375" />
    </UnitTest>
    <UnitTest name="Test4376" id="812ce05b-609e-4592-9da4-25375c0ee655" storage="TestAssembly.dll">
      <Execution id="d140e6a8-51b2-4471-ac98-5b85d99eb87e" />
      <TestMethod codeBase="TestAssembly.dll" className="TestNamespace.TestClass8" name="Test4376" />
    </UnitTest>
    <UnitTest name="Test4377" id="ab9b5a8b-428e-43a2-9eb6-d00bf45423f3" storage="TestAssembly.dll">
      <Execution id="00b3cbe1-3d7d-4b4f-9423-755eab1e0df3" />
      <TestMethod codeBase="TestAssembly.dll" className="TestNamespace.TestClass8" name="Test4377" />
    </UnitTest>
    <UnitTest name="Test4378" id="abc3aaf4-1cab-4fe0-80ca-2c78fec98ad4" storage="TestAssembly.dll">
      <Execution id="c9e862c8-bfb3-4c83-a22f-c632e7e3942e" />
      <TestMethod codeBase="TestAssembly.dll" className="TestNamespace.TestClass8" name="Test4378" />
    </UnitTest>
    <UnitTest name="Test4379" id="9eb9d43a-9d7d-44fa-a1e7-5fdddd058a97" storage="TestAssembly.dll">
      <Execution id="3b0ec07f-cccc-4d3a-b82d-727fea98a7f3" />
      <TestMethod codeBase="TestAssembly.dll" className="TestNamespace.TestClass8" name="Test4379" />
    </UnitTest>
    <UnitTest name="Test4380" id="56c03d6d-ce78-4226-940c-1899e132f35a" storage="TestAssembly.dll">
      <Execution id="66e4a9a9-16a6-477a-8472-bc3fd2d4bba2" />
      <TestMethod codeBase="TestAssembly.dll" className="TestNamespace.TestClass8" name="Test4380" />
    </UnitTest>
    <UnitTest name="Test4381" id="45a9425a-7936-4630-a9da-53afe9f3f57d" storage="TestAssembly.dll">
      <Execution id="0cbbb827-c8ff-4282-a74f-72cf4fae39e1" />
      <TestMethod codeBase="TestAssembly.dll" className="TestNamespace.TestClass9" name="Test4381" />
    </UnitTest>
    <UnitTest name="Test4382" id="daedceb2-1ee2-461c-a26d-a4e99fc9d521" storage="TestAssembly.dll">
      <Execution id="307e61b2-b42a-44f2-9a0c-4680fa20a722" />
      <TestMethod codeBase="TestAssembly.dll" className="TestNamespace.TestClass9" name="Test4382" />
    </UnitTest>
    <UnitTest name="Test4383" id="8863f2ba-5a50-49d0-9a00-5fedf2e2789a" storage="TestAssembly.dll">
      <Execution id="c955a1c9-ae20-4f24-894a-e628f116d76c" />
      <TestMethod codeBase="TestAssembly.dll" className="TestNamespace.TestClass9" name="Test4383" />
    </UnitTest>
    <UnitTest name="Test4384" id="0471c479-3fd7-4c2a-b0a2-ef4d9a3fd880" storage="TestAssembly.dll">
      <Execution id="f682ebe5-24c5-4fc7-939a-a99647f78fbf" />
      <TestMethod codeBase="TestAssembly.dll" className="TestNamespace.TestClass9" name="Test4384" />
    </UnitTest>
    <UnitTest name="Test4385" id="41f1da74-9e3e-4381-ac65-b695a99f63b6" storage="TestAssembly.dll">
      <Execution id="30ece903-37d2-4fff-82dc-0d8b786f9290" />
      <TestMethod codeBase="TestAssembly.dll" className="TestNamespace.TestClass9" name="Test4385" />
    </UnitTest>
    <UnitTest name="Test4386" id="c86a7b19-6063-4825-a7f6-0dead17efc30" storage="TestAssembly.dll">
      <Execution id="79dc7afd-6784-492b-a247-b0117babf05c" />
      <TestMethod codeBase="TestAssembly.dll" className="TestNamespace.TestClass9" name="Test4386" />
    </UnitTest>
    <UnitTest name="Test4387" id="539c08ca-3a3c-4294-9c79-618239837a07" storage="TestAssembly.dll">
      <Execution id="facc8e24-4835-4bbb-9b7d-6459b1b770bf" />
      <TestMethod codeBase="TestAssembly.dll" className="TestNamespace.TestClass9" name="Test4387" />
    </UnitTest>
    <UnitTest name="Test4388" id="946f5194-3986-479e-bb6e-36d893282517" storage="TestAssembly.dll">
      <Execution id="9fc8ac78-0720-497c-96f4-a73f88e808b5" />
      <TestMethod codeBase="TestAssembly.dll" className="TestNamespace.TestClass9" name="Test4388" />
    </UnitTest>
    <UnitTest name="Test4389" id="3d25f790-17c5-465a-be52-a6ae0a53dd05" storage="TestAssembly.dll">
      <Execution id="0c8f80c9-768c-4551-9e02-411bbc56465e" />
      <TestMethod codeBase="TestAssembly.dll" className="TestNamespace.TestClass9" name="Test4389" />
    </UnitTest>
    <UnitTest name="Test4390" id="101ebdf8-d3c6-4a54-bebb-994dacccb891" storage="TestAssembly.dll">
      <Execution id="96e57503-4b9f-45a2-8693-4777c2be055b" />
      <TestMethod codeBase="TestAssembly.dll" className="TestNamespace.TestClass9" name="Test4390" />
    </UnitTest>
    <UnitTest name="Test4391" id="00a08691-bcd0-4093-a518-a5d7b691f247" storage="TestAssembly.dll">
      <Execution id="c63770c8-985a-477a-9214-53ecc48d63d3" />
      <TestMethod codeBase="TestAssembly.dll" className="TestNamespace.TestClass10" name="Test4391" />
    </UnitTest>
    <UnitTest name="Test4392" id="dc277d14-43ae-48d0-a12b-6daf77ec55d4" storage="TestAssembly.dll">
      <Execution id="ac9d8ff5-a7c2-4d5c-a419-b71f32d73716" />
      <TestMethod codeBase="TestAssembly.dll" className="TestNamespace.TestClass10" name="Test4392" />
    </UnitTest>
    <UnitTest name="Test4393" id="48ed87e7-2a18-42de-9dbf-af42ccf0b783" storage="TestAssembly.dll">
      <Execution id="3ff803da-fe15-4383-8e72-89b77328dea4" />
      <TestMethod codeBase="TestAssembly.dll" className="TestNamespace.TestClass10" name="Test4393" />
    </UnitTest>
    <UnitTest name="Test4394" id="84bccc76-47d6-4e68-bf3a-e4ec7c634eb0" storage="TestAssembly.dll">
      <Execution id="8f595cb4-d6ba-45e9-9856-a76c612a61e0" />
      <TestMethod codeBase="TestAssembly.dll" className="TestNamespace.TestClass10" name="Test4394" />
    </UnitTest>
    <UnitTest name="Test4395" id="3761ba7d-19c6-4c8c-8955-9d2902b40d31" storage="TestAssembly.dll">
      <Execution id="c6f62690-61b0-4bd5-979a-9ce4305ee38f" />
      <TestMethod codeBase="TestAssembly.dll" className="TestNamespace.TestClass10" name="Test4395" />
    </UnitTest>
    <UnitTest name="Test4396" id="aa4da36e-347c-41b2-99e5-051b128f4b9c" storage="TestAssembly.dll">
      <Execution id="b5ab1798-824e-4108-8004-120ba8ae887a" />
      <TestMethod codeBase="TestAssembly.dll" className="TestNamespace.TestClass10" name="Test4396" />
    </UnitTest>
    <UnitTest name="Test4397" id="4a05de05-a142-4fcf-9361-ed4084552c55" storage="TestAssembly.dll">
      <Execution id="5bfd6c06-d9a2-46f7-a646-db767949d30e" />
      <TestMethod codeBase="TestAssembly.dll" className="TestNamespace.TestClass10" name="Test4397" />
    </UnitTest>
    <UnitTest name="Test4398" id="2e749b7f-c52b-4545-9377-d6f1913ab056" storage="TestAssembly.dll">
      <Execution id="fef029d2-f455-4393-a80b-8e82c1db1104" />
      <TestMethod codeBase="TestAssembly.dll" className="TestNamespace.TestClass10" name="Test4398" />
    </UnitTest>
    <UnitTest name="Test4399" id="a5cdfa66-6da2-458d-a076-6c590958576f" storage="TestAssembly.dll">
      <Execution id="660bb3e4-66a1-44b5-8b74-8eeaedc48e01" />
      <TestMethod codeBase="TestAssembly.dll" className="TestNamespace.TestClass10" name="Test4399" />
    </UnitTest>
    <UnitTest name="Test4400" id="9687accb-57a6-450f-8c8d-6df6d5b2f4d1" storage="TestAssembly.dll">
      <Execution id="1bc0db5f-6ecc-467d-9315-dc578e3f46bf" />
      <TestMethod codeBase="TestAssembly.dll" className="TestNamespace.TestClass10" name="Test4400" />
    </UnitTest>
  </TestDefinitions>
  <TestEntries>
    <TestEntry testId="01569b4b-fbbd-4f01-92a1-0c05146009e3" executionId="220f5989-1efe-4352-b058-f105cf65b1f9" testListId="df63c257-d45d-4a46-b084-75a656500af6" />
    <TestEntry testId="a91f47d1-4155-447f-9e85-3dc1ef2c2ea6" executionId="7967e6a2-31ee-40d5-b5dc-f8615860ad2e" testListId="df63c257-d45d-4a46-b084-75a656500af6" />
    <TestEntry testId="034667c8-0301-4b53-b42e-913496f6c66a" executionId="0860f28b-6f57-4ea4-b37e-803114dd30b8" testListId="df63c257-d45d-4a46-b084-75a656500af6" />
    <TestEntry testId="f1ac9420-6421-4a0c-842e-88007a44a3b8" executionId="41548e61-9715-4f20-b806-3cb7fc95c81b" testListId="df63c257-d45d-4a46-b084-75a656500af6" />
    <TestEntry testId="a2cb238a-5dbd-4837-bfc5-c6511b45056f" executionId="6901449c-a819-4edb-a9c2-78324e9c1c11" testListId="df63c257-d45d-4a46-b084-75a656500af6" />
    <TestEntry testId="3bc02bf5-f779-45b8-afe9-55c5f1d60a35" executionId="cc72d307-a654-4318-b3d3-400c2c0f9af0" testListId="df63c257-d45d-4a46-b084-75a656500af6" />
    <TestEntry testId="9e5b0fec-74eb-40c2-8f9e-b3ad2dc8e446" executionId="947efb85-8699-4c1a-839b-c9f88a861928" testListId="df63c257-d45d-4a46-b084-75a656500af6" />
    <TestEntry testId="49316d38-c832-4147-8308-baf225bb4016" executionId="ea226900-73c0-4aac-9aa0-27bd0833ea5b" testListId="df63c257-d45d-4a46-b084-75a656500af6" />
    <TestEntry testId="ed0faba2-c375-44e3-810a-1e55962536e1" executionId="5bfe98c6-19fd-4589-9e12-cb091658a58b" testListId="df63c257-d45d-4a46-b084-75a656500af6" />
    <TestEntry testId="a235e51e-9476-4a20-86d8-6000bbeb71a9" executionId="fdec4078-9f5a-4843-a939-9a51f01f6829" testListId="df63c257-d45d-4a46-b084-75a656500af6" />
    <TestEntry testId="694c36f9-f9d2-4b48-bf29-107b8a6f3bf3" executionId="02f60d9b-50f7-43c7-9292-49bd9b838e2c" testListId="df63c257-d45d-4a46-b084-75a656500af6" />
    <TestEntry testId="d926fbbc-9a81-4134-9d7e-d781361c2431" executionId="1a6c2fe9-966c-447a-ac07-65d34a0ae82a" testListId="df63c257-d45d-4a46-b084-75a656500af6" />
    <TestEntry testId="1ad87e5f-fc3f-422e-bfc9-9a90f96dc9f0" executionId="a12169f4-4651-4831-ad1f-5a390e23aecf" testListId="df63c257-d45d-4a46-b084-75a656500af6" />
    <TestEntry testId="29646c0d-626b-4002-bdd9-e076e8dd1c13" executionId="1bb94712-1763-460b-b0da-7c788160259c" testListId="df63c257-d45d-4a46-b084-75a656500af6" />
    <TestEntry testId="b8fb5fc0-f906-436a-b3fd-1ed1f314f856" executionId="4d14f344-b919-4bdd-85db-a33cb4a64ab2" testListId="df63c257-d45d-4a46-b084-75a656500af6" />
    <TestEntry testId="8e8605e4-198a-41d9-bc29-8fcbcf701abc" executionId="cd8b758b-5ad7-45fd-8d50-38d6e9ec156d" testListId="df63c257-d45d-4a46-b084-75a656500af6" />
    <TestEntry testId="1af13bb0-8551-40e4-9883-64e62a0838c1" executionId="bc629a35-f563-448a-b1c9-9a5a88755f0d" testListId="df63c257-d45d-4a46-b084-75a656500af6" />
    <TestEntry testId="433ad9eb-3d64-4c9c-b513-5b8c3489b1b9" executionId="2f9273b5-757d-4491-9d85-82fe66217d14" testListId="df63c257-d45d-4a46-b084-75a656500af6" />
    <TestEntry testId="4e27f0bb-bac5-4958-a2ab-713ec531c949" executionId="fd09072f-d803-44af-bdca-7adc182aa87d" testListId="df63c257-d45d-4a46-b084-75a656500af6" />
    <TestEntry testId="ce71dab8-242f-494e-95e5-20730b1b1cbc" executionId="1a0773f2-8f4e-461a-9080-3589b46e8025" testListId="df63c257-d45d-4a46-b084-75a656500af6" />
    <TestEntry testId="fa15ec37-651f-42e1-ac1d-8145b00fa308" executionId="56bd6ae9-6339-4aa7-9db5-a0f067c5fdf2" testListId="df63c257-d45d-4a46-b084-75a656500af6" />
    <TestEntry testId="e98d647f-0fca-4333-afa1-cee18d577336" executionId="7de38eea-c56a-4c2a-8ac8-c76835a9db3b" testListId="df63c257-d45d-4a46-b084-75a656500af6" />
    <TestEntry testId="ff44ceb1-da02-479e-9fc9-eca3c771feb7" executionId="ab69aa55-8f74-4f3e-8a5b-55a49a44ffcf" testListId="df63c257-d45d-4a46-b084-75a656500af6" />
    <TestEntry testId="be83180e-ba16-497d-9787-0482a695960e" executionId="629b5192-ea8d-429f-8b19-8fcac62b7513" testListId="df63c257-d45d-4a46-b084-75a656500af6" />
    <TestEntry testId="c595ff82-c71f-44fb-a41e-8f2f2178f4ac" executionId="0822c0dc-6bf2-4c92-99b2-dd0b60537066" testListId="df63c257-d45d-4a46-b084-75a656500af6" />
    <TestEntry testId="b23a4d81-20c9-44a2-9200-abd242140bfc" executionId="200cbb29-ce5c-4ea6-b49f-3809fb96cafa" testListId="df63c257-d45d-4a46-b084-75a656500af6" />
    <TestEntry testId="95bb505e-a6f0-41e6-a4e8-db81e3d3a571" executionId="59986d4e-f71c-453b-887d-77a78ec1496b" testListId="df63c257-d45d-4a46-b084-75a656500af6" />
    <TestEntry testId="0df522da-119a-4af7-b833-5754c6bc745e" executionId="ab2bc900-d258-4b2b-8553-6d892c2eea93" testListId="df63c257-d45d-4a46-b084-75a656500af6" />
    <TestEntry testId="87288866-f863-456a-86c8-af685cc68aea" executionId="66011b6d-3e38-4ac4-8861-91af65e48ecc" testListId="df63c257-d45d-4a46-b084-75a656500af6" />
    <TestEntry testId="ec581988-3f3a-450d-bb1f-9423145467dc" executionId="20d8947f-e4d6-4a6e-bfb6-42516e7fdd21" testListId="df63c257-d45d-4a46-b084-75a656500af6" />
    <TestEntry testId="d8eb56f3-2b3d-4dd1-8322-26b1e47aabd5" executionId="d688f2f3-4e17-48bb-b5ab-f2e9a200e66e" testListId="df63c257-d45d-4a46-b084-75a656500af6" />
    <TestEntry testId="21c5edd7-9731-4598-971c-3d66e6672863" executionId="fa499f90-0d61-4cea-8e0e-5dc52e059be6" testListId="df63c257-d45d-4a46-b084-75a656500af6" />
    <TestEntry testId="6bd60b57-b3ff-45e4-9b8d-33a151287338" executionId="00a9053c-dd3d-4da9-a2ab-fa31d6b6a4bb" testListId="df63c257-d45d-4a46-b084-75a656500af6" />
    <TestEntry testId="1ea2abe3-d4bb-407a-a167-04434c04d262" executionId="ff7d9d5f-9dec-4b03-8acf-3bb104379f97" testListId="df63c257-d45d-4a46-b084-75a656500af6" />
    <TestEntry testId="d0d1e6f7-1dd2-47d7-9879-48a6d0198c2f" executionId="689267e0-a66c-4720-a426-fb2b1f6b7c83" testListId="df63c257-d45d-4a46-b084-75a656500af6" />
    <TestEntry testId="cd203b09-4d49-47f8-871f-cbb5abce3f9b" executionId="12aba519-d47e-48a9-b1f7-629720e23625" testListId="df63c257-d45d-4a46-b084-75a656500af6" />
    <TestEntry testId="f26663fd-a469-4ac9-a884-6be5e82f3449" executionId="a0790b54-82b5-4886-a186-f68193afca6f" testListId="df63c257-d45d-4a46-b084-75a656500af6" />
    <TestEntry testId="285c4612-e426-4160-888c-5f5453deb1ef" executionId="5fbc1e32-b85a-4a96-ba1c-80424bced257" testListId="df63c257-d45d-4a46-b084-75a656500af6" />
    <TestEntry testId="c6c4b8e8-453f-4641-b82a-87decf687892" executionId="88bd06dc-e350-4092-a776-b3d29a4e950f" testListId="df63c257-d45d-4a46-b084-75a656500af6" />
    <TestEntry testId="9e1f818c-a938-452a-a0b0-274160d81cab" executionId="2cbb0334-109c-415c-a565-e2a28b9d59b9" testListId="df63c257-d45d-4a46-b084-75a656500af6" />
    <TestEntry testId="14517e20-1a42-4125-98c1-1a8e1f963576" executionId="c5c05bb6-a22a-4529-9430-72461cfa4040" testListId="df63c257-d45d-4a46-b084-75a656500af6" />
    <TestEntry testId="87316364-9e63-4ed4-ab54-79223b8d6085" executionId="ddab54b9-b380-4e4e-ae9d-630cb7a92b1c" testListId="df63c257-d45d-4a46-b084-75a656500af6" />
    <TestEntry testId="24100989-0662-4855-8012-e570feac2b87" executionId="08c24274-bf2d-4e11-84f7-a7f06c89c5c2" testListId="df63c257-d45d-4a46-b084-75a656500af6" />
    <TestEntry testId="ba420bb8-3db9-4296-8ec4-c987db0ccc8a" executionId="810e26ec-a118-4870-a9f1-25292c0a296f" testListId="df63c257-d45d-4a46-b084-75a656500af6" />
    <TestEntry testId="bf17c280-225d-47ba-b07a-cd4f89867ade" executionId="57700260-9576-4edc-bd75-1e1ebf31b846" testListId="df63c257-d45d-4a46-b084-75a656500af6" />
    <TestEntry testId="028200a0-b2a4-474d-a784-2cc0f1740e3c" executionId="fc3772c9-47c2-4472-9dd4-fc47034cee45" testListId="df63c257-d45d-4a46-b084-75a656500af6" />
    <TestEntry testId="5ac992c6-4902-4817-88de-c140ccc43bc7" executionId="0f0c458c-d80c-41e2-84bb-a6c9c358468b" testListId="df63c257-d45d-4a46-b084-75a656500af6" />
    <TestEntry testId="8ca5b06e-bda0-46f0-a119-f287ebf2c656" executionId="c455fa3a-7d26-413a-a44d-a37d2ea03938" testListId="df63c257-d45d-4a46-b084-75a656500af6" />
    <TestEntry testId="589a0e19-81d2-45dd-991d-0e5e1040c667" executionId="85d3ccfe-82ef-4843-a2b5-369a588debbc" testListId="df63c257-d45d-4a46-b084-75a656500af6" />
    <TestEntry testId="cffcd843-09b6-4541-b4fe-9facb0ce3384" executionId="ab77e4ab-c972-4961-92d1-65dfedc56dca" testListId="df63c257-d45d-4a46-b084-75a656500af6" />
    <TestEntry testId="00393d36-56db-4f56-b069-f0511db48344" executionId="f67ac43b-279b-473c-9b34-41730577b07b" testListId="df63c257-d45d-4a46-b084-75a656500af6" />
    <TestEntry testId="184a9bae-f59d-4936-a681-a152b3f2b704" executionId="1a399095-d895-4671-b993-b9787dcd73ce" testListId="df63c257-d45d-4a46-b084-75a656500af6" />
    <TestEntry testId="e806a196-34eb-41aa-8f79-fbab63fd9bf9" executionId="c9e13889-6638-47b0-8e86-13820af476a8" testListId="df63c257-d45d-4a46-b084-75a656500af6" />
    <TestEntry testId="3fadf9f8-2202-41e3-9995-a1363628af06" executionId="c0b39aa1-024b-4064-8d9b-5ec7a863c4fc" testListId="df63c257-d45d-4a46-b084-75a656500af6" />
    <TestEntry testId="d549f3df-2b71-4bb8-9876-c7643d2e35ac" executionId="2d23d6e6-3050-4fb3-ac86-b4fd888f19d7" testListId="df63c257-d45d-4a46-b084-75a656500af6" />
    <TestEntry testId="fabacf0d-3efb-40cb-8f95-d066e458b0a4" executionId="c9c87b5f-a585-4f28-ae88-20f2621ee650" testListId="df63c257-d45d-4a46-b084-75a656500af6" />
    <TestEntry testId="ae4eb43c-0a10-454a-af0a-8f6cda95d80b" executionId="5b7d47da-599b-41b2-814d-a63258278a04" testListId="df63c257-d45d-4a46-b084-75a656500af6" />
    <TestEntry testId="4557ce9a-6def-4ac8-a11a-d33b1e63b2a3" executionId="0ae3839a-6a58-4f6e-86db-58d02c117f3b" testListId="df63c257-d45d-4a46-b084-75a656500af6" />
    <TestEntry testId="012fbedf-638f-4a73-b708-b4da91f67278" executionId="bdea71ff-85b2-4fa7-ae54-c07c42006084" testListId="df63c257-d45d-4a46-b084-75a656500af6" />
    <TestEntry testId="6f2e2afd-1564-419f-a4ce-b65bf91be9a2" executionId="c673db55-604e-48af-b0d7-955d70db58f0" testListId="df63c257-d45d-4a46-b084-75a656500af6" />
    <TestEntry testId="0d6a4747-625c-4d2d-8962-1429556a7b51" executionId="1561f181-6a2b-4336-818a-e81a97eb1f1a" testListId="df63c257-d45d-4a46-b084-75a656500af6" />
    <TestEntry testId="605228dc-499a-4b9d-aa7c-ec243bffc5c9" executionId="5aa9bd57-fd2f-429c-88d8-2186d12350a3" testListId="df63c257-d45d-4a46-b084-75a656500af6" />
    <TestEntry testId="7a2c752d-a7f4-46c5-b78a-cb2eae3edda2" executionId="bc856779-2ad9-4c49-b2fc-d62b5bbea533" testListId="df63c257-d45d-4a46-b084-75a656500af6" />
    <TestEntry testId="ad2d64eb-7cc0-4ee4-97f7-a4265d326fe1" executionId="f21d1202-85e6-487e-8c1a-64152cd37fd0" testListId="df63c257-d45d-4a46-b084-75a656500af6" />
    <TestEntry testId="7a5bcbd5-95fc-445e-965c-a824706338b2" executionId="184ae544-b11c-47a9-a202-8063dec9cf1c" testListId="df63c257-d45d-4a46-b084-75a656500af6" />
    <TestEntry testId="a3cbd823-9b64-4140-aaa9-ea34b440651f" executionId="9c5296ed-d53b-4e7f-ad18-ed98dea3c18c" testListId="df63c257-d45d-4a46-b084-75a656500af6" />
    <TestEntry testId="9fd4ce50-d14b-4540-ae06-0a9c7663723e" executionId="1a539a7d-5fa6-4383-93cd-36b441243cc4" testListId="df63c257-d45d-4a46-b084-75a656500af6" />
    <TestEntry testId="0e3b182a-dfdb-4c66-91fc-aa579ae8e8c6" executionId="c3b38a47-64ae-4a1b-b784-318be67318ad" testListId="df63c257-d45d-4a46-b084-75a656500af6" />
    <TestEntry testId="9069e1ef-c92b-438e-a975-b58c05af2763" executionId="9611d3b3-5264-4f27-964b-27626735243d" testListId="df63c257-d45d-4a46-b084-75a656500af6" />
    <TestEntry testId="0549b885-501d-4347-82d7-9abaa0eddb4e" executionId="0384ffc3-750d-4b38-b923-18bb2b527043" testListId="df63c257-d45d-4a46-b084-75a656500af6" />
    <TestEntry testId="63900be9-561a-4503-ab5d-c531a3b04cb6" executionId="bab46864-2fae-472e-8cf7-996a3ce0704d" testListId="df63c257-d45d-4a46-b084-75a656500af6" />
    <TestEntry testId="ba351ff8-8ee8-46c9-96b3-5a544b7d6060" executionId="4de0ec3d-62e7-4632-9e8f-bb4ad3c6b854" testListId="df63c257-d45d-4a46-b084-75a656500af6" />
    <TestEntry testId="df85b9ef-2256-47b9-ac37-f5ca1da6715c" executionId="252f901c-297e-4539-a016-b007fd9f59e3" testListId="df63c257-d45d-4a46-b084-75a656500af6" />
    <TestEntry testId="5f4e3c3a-088f-4752-907a-63722e4f492c" executionId="14cb7b1c-6c74-4ba2-9db5-8a48b7f087e1" testListId="df63c257-d45d-4a46-b084-75a656500af6" />
    <TestEntry testId="dfc225ba-5713-4b37-a661-0700437ce1ac" executionId="39a63b65-e764-4676-80fc-14d6d197f2a8" testListId="df63c257-d45d-4a46-b084-75a656500af6" />
    <TestEntry testId="812ce05b-609e-4592-9da4-25375c0ee655" executionId="d140e6a8-51b2-4471-ac98-5b85d99eb87e" testListId="df63c257-d45d-4a46-b084-75a656500af6" />
    <TestEntry testId="ab9b5a8b-428e-43a2-9eb6-d00bf45423f3" executionId="00b3cbe1-3d7d-4b4f-9423-755eab1e0df3" testListId="df63c257-d45d-4a46-b084-75a656500af6" />
    <TestEntry testId="abc3aaf4-1cab-4fe0-80ca-2c78fec98ad4" executionId="c9e862c8-bfb3-4c83-a22f-c632e7e3942e" testListId="df63c257-d45d-4a46-b084-75a656500af6" />
    <TestEntry testId="9eb9d43a-9d7d-44fa-a1e7-5fdddd058a97" executionId="3b0ec07f-cccc-4d3a-b82d-727fea98a7f3" testListId="df63c257-d45d-4a46-b084-75a656500af6" />
    <TestEntry testId="56c03d6d-ce78-4226-940c-1899e132f35a" executionId="66e4a9a9-16a6-477a-8472-bc3fd2d4bba2" testListId="df63c257-d45d-4a46-b084-75a656500af6" />
    <TestEntry testId="45a9425a-7936-4630-a9da-53afe9f3f57d" executionId="0cbbb827-c8ff-4282-a74f-72cf4fae39e1" testListId="df63c257-d45d-4a46-b084-75a656500af6" />
    <TestEntry testId="daedceb2-1ee2-461c-a26d-a4e99fc9d521" executionId="307e61b2-b42a-44f2-9a0c-4680fa20a722" testListId="df63c257-d45d-4a46-b084-75a656500af6" />
    <TestEntry testId="8863f2ba-5a50-49d0-9a00-5fedf2e2789a" executionId="c955a1c9-ae20-4f24-894a-e628f116d76c" testListId="df63c257-d45d-4a46-b084-75a656500af6" />
    <TestEntry testId="0471c479-3fd7-4c2a-b0a2-ef4d9a3fd880" executionId="f682ebe5-24c5-4fc7-939a-a99647f78fbf" testListId="df63c257-d45d-4a46-b084-75a656500af6" />
    <TestEntry testId="41f1da74-9e3e-4381-ac65-b695a99f63b6" executionId="30ece903-37d2-4fff-82dc-0d8b786f9290" testListId="df63c257-d45d-4a46-b084-75a656500af6" />
    <TestEntry testId="c86a7b19-6063-4825-a7f6-0dead17efc30" executionId="79dc7afd-6784-492b-a247-b0117babf05c" testListId="df63c257-d45d-4a46-b084-75a656500af6" />
    <TestEntry testId="539c08ca-3a3c-4294-9c79-618239837a07" executionId="facc8e24-4835-4bbb-9b7d-6459b1b770bf" testListId="df63c257-d45d-4a46-b084-75a656500af6" />
    <TestEntry testId="946f5194-3986-479e-bb6e-36d893282517" executionId="9fc8ac78-0720-497c-96f4-a73f88e808b5" testListId="df63c257-d45d-4a46-b084-75a656500af6" />
    <TestEntry testId="3d25f790-17c5-465a-be52-a6ae0a53dd05" executionId="0c8f80c9-768c-4551-9e02-411bbc56465e" testListId="df63c257-d45d-4a46-b084-75a656500af6" />
    <TestEntry testId="101ebdf8-d3c6-4a54-bebb-994dacccb891" executionId="96e57503-4b9f-45a2-8693-4777c2be055b" testListId="df63c257-d45d-4a46-b084-75a656500af6" />
    <TestEntry testId="00a08691-bcd0-4093-a518-a5d7b691f247" executionId="c63770c8-985a-477a-9214-53ecc48d63d3" testListId="df63c257-d45d-4a46-b084-75a656500af6" />
    <TestEntry testId="dc277d14-43ae-48d0-a12b-6daf77ec55d4" executionId="ac9d8ff5-a7c2-4d5c-a419-b71f32d73716" testListId="df63c257-d45d-4a46-b084-75a656500af6" />
    <TestEntry testId="48ed87e7-2a18-42de-9dbf-af42ccf0b783" executionId="3ff803da-fe15-4383-8e72-89b77328dea4" testListId="df63c257-d45d-4a46-b084-75a656500af6" />
    <TestEntry testId="84bccc76-47d6-4e68-bf3a-e4ec7c634eb0" executionId="8f595cb4-d6ba-45e9-9856-a76c612a61e0" testListId="df63c257-d45d-4a46-b084-75a656500af6" />
    <TestEntry testId="3761ba7d-19c6-4c8c-8955-9d2902b40d31" executionId="c6f62690-61b0-4bd5-979a-9ce4305ee38f" testListId="df63c257-d45d-4a46-b084-75a656500af6" />
    <TestEntry testId="aa4da36e-347c-41b2-99e5-051b128f4b9c" executionId="b5ab1798-824e-4108-8004-120ba8ae887a" testListId="df63c257-d45d-4a46-b084-75a656500af6" />
    <TestEntry testId="4a05de05-a142-4fcf-9361-ed4084552c55" executionId="5bfd6c06-d9a2-46f7-a646-db767949d30e" testListId="df63c257-d45d-4a46-b084-75a656500af6" />
    <TestEntry testId="2e749b7f-c52b-4545-9377-d6f1913ab056" executionId="fef029d2-f455-4393-a80b-8e82c1db1104" testListId="df63c257-d45d-4a46-b084-75a656500af6" />
    <TestEntry testId="a5cdfa66-6da2-458d-a076-6c590958576f" executionId="660bb3e4-66a1-44b5-8b74-8eeaedc48e01" testListId="df63c257-d45d-4a46-b084-75a656500af6" />
    <TestEntry testId="9687accb-57a6-450f-8c8d-6df6d5b2f4d1" executionId="1bc0db5f-6ecc-467d-9315-dc578e3f46bf" testListId="df63c257-d45d-4a46-b084-75a656500af6" />
  </TestEntries>
  <TestLists>
    <TestList name="Results Not in a List" id="df63c257-d45d-4a46-b084-75a656500af6" />
    <TestList name="All Loaded Results" id="84c257da-855e-405a-b03e-da3e4e3a78f4" />
  </TestLists>
</TestRun>