<?xml version="1.0" encoding="UTF-8"?>
<TestRun id="5e1a64ae-943d-4eb1-af0a-1fed30d5ceda" name="Test Run 53" runUser="Oles Galatsan" xmlns="http://microsoft.com/schemas/VisualStudio/TeamTest/2010">
  <Times creation="2025-05-14T13:20:31.3125482Z" queuing="2025-05-14T13:20:31.3125482Z" start="2025-05-14T13:20:31.3146610Z" finish="2025-05-14T13:25:31.3147553Z" />
  <TestSettings name="Test Settings 53" id="25d14c25-609a-4ca1-8afb-da8ae3247e2b" />
  <Results>
    <UnitTestResult executionId="b3f2d2b9-5efe-4aa3-9188-c8c3a3334e7a" testId="907fe1d5-2a4f-4062-9fb7-d9058408edd7" testName="Test5201" computerName="UA-LPT-OGA2" duration="00:00:01.0950000" startTime="2025-05-14T13:20:31.3146610Z" endTime="2025-05-14T13:25:31.3147553Z" testType="13cdc9d9-ddb5-4fa4-a97d-d965ccfc6d4b" outcome="Passed" testListId="70885fab-07d1-46d4-a749-aa8eaf6b651b" />
    <UnitTestResult executionId="acb3b917-a055-4222-9888-fbc7daba5f0b" testId="0ea13993-4e55-4e4c-bc62-d9711dab45d4" testName="Test5202" computerName="UA-LPT-OGA2" duration="00:00:00.3260000" startTime="2025-05-14T13:20:31.3146610Z" endTime="2025-05-14T13:25:31.3147553Z" testType="13cdc9d9-ddb5-4fa4-a97d-d965ccfc6d4b" outcome="Passed" testListId="70885fab-07d1-46d4-a749-aa8eaf6b651b" />
    <UnitTestResult executionId="76f8992e-ce3b-4585-a067-cf046d42c7ed" testId="6c63ab53-b4af-4ffb-8e94-1aaf6460dc0b" testName="Test5203" computerName="UA-LPT-OGA2" duration="00:00:01.8180000" startTime="2025-05-14T13:20:31.3146610Z" endTime="2025-05-14T13:25:31.3147553Z" testType="13cdc9d9-ddb5-4fa4-a97d-d965ccfc6d4b" outcome="Passed" testListId="70885fab-07d1-46d4-a749-aa8eaf6b651b" />
    <UnitTestResult executionId="2f4b3932-2b17-4e64-9c00-761763028e8f" testId="79dc8d8e-e4e5-4f30-b0df-f719c20e1a78" testName="Test5204" computerName="UA-LPT-OGA2" duration="00:00:00.0430000" startTime="2025-05-14T13:20:31.3146610Z" endTime="2025-05-14T13:25:31.3147553Z" testType="13cdc9d9-ddb5-4fa4-a97d-d965ccfc6d4b" outcome="Passed" testListId="70885fab-07d1-46d4-a749-aa8eaf6b651b" />
    <UnitTestResult executionId="61712d5f-2b0f-4134-8e35-b689e1142d46" testId="c9870362-31b5-4fd2-803b-a2ce6cc46999" testName="Test5205" computerName="UA-LPT-OGA2" duration="00:00:00.7240000" startTime="2025-05-14T13:20:31.3146610Z" endTime="2025-05-14T13:25:31.3147553Z" testType="13cdc9d9-ddb5-4fa4-a97d-d965ccfc6d4b" outcome="Passed" testListId="70885fab-07d1-46d4-a749-aa8eaf6b651b" />
    <UnitTestResult executionId="ae0a034d-e720-4157-9e95-20cefd75899f" testId="d206f029-305a-44b8-a291-0be8164e52d7" testName="Test5206" computerName="UA-LPT-OGA2" duration="00:00:01.0350000" startTime="2025-05-14T13:20:31.3146610Z" endTime="2025-05-14T13:25:31.3147553Z" testType="13cdc9d9-ddb5-4fa4-a97d-d965ccfc6d4b" outcome="Passed" testListId="70885fab-07d1-46d4-a749-aa8eaf6b651b" />
    <UnitTestResult executionId="36646bad-6989-4204-8ff2-ead897d4aa90" testId="32bff6b3-ad50-4ef5-8539-931062638134" testName="Test5207" computerName="UA-LPT-OGA2" duration="00:00:01.7390000" startTime="2025-05-14T13:20:31.3146610Z" endTime="2025-05-14T13:25:31.3147553Z" testType="13cdc9d9-ddb5-4fa4-a97d-d965ccfc6d4b" outcome="Passed" testListId="70885fab-07d1-46d4-a749-aa8eaf6b651b" />
    <UnitTestResult executionId="09c00c5f-e7a8-49ad-9eac-a6d95ad86980" testId="1e3b20c5-24b3-4009-a16c-106a1a1792a3" testName="Test5208" computerName="UA-LPT-OGA2" duration="00:00:01.3490000" startTime="2025-05-14T13:20:31.3146610Z" endTime="2025-05-14T13:25:31.3147553Z" testType="13cdc9d9-ddb5-4fa4-a97d-d965ccfc6d4b" outcome="Passed" testListId="70885fab-07d1-46d4-a749-aa8eaf6b651b" />
    <UnitTestResult executionId="96c6f454-5005-4a1f-a3ef-c2c33f6f4aa2" testId="1c11f52b-e279-4e2d-b639-cb02f2829270" testName="Test5209" computerName="UA-LPT-OGA2" duration="00:00:01.2960000" startTime="2025-05-14T13:20:31.3146610Z" endTime="2025-05-14T13:25:31.3147553Z" testType="13cdc9d9-ddb5-4fa4-a97d-d965ccfc6d4b" outcome="Passed" testListId="70885fab-07d1-46d4-a749-aa8eaf6b651b" />
    <UnitTestResult executionId="64213076-dae7-4d50-b85b-9c18588eebf9" testId="eb46c490-db97-40ea-8973-1b27112a108a" testName="Test5210" computerName="UA-LPT-OGA2" duration="00:00:00.4140000" startTime="2025-05-14T13:20:31.3146610Z" endTime="2025-05-14T13:25:31.3147553Z" testType="13cdc9d9-ddb5-4fa4-a97d-d965ccfc6d4b" outcome="Passed" testListId="70885fab-07d1-46d4-a749-aa8eaf6b651b" />
    <UnitTestResult executionId="2b409c89-eda0-4f90-aeed-2dbbe77e79bf" testId="43e0990c-0b60-4179-ad3c-ed785393e697" testName="Test5211" computerName="UA-LPT-OGA2" duration="00:00:01.6570000" startTime="2025-05-14T13:20:31.3146610Z" endTime="2025-05-14T13:25:31.3147553Z" testType="13cdc9d9-ddb5-4fa4-a97d-d965ccfc6d4b" outcome="Passed" testListId="70885fab-07d1-46d4-a749-aa8eaf6b651b" />
    <UnitTestResult executionId="20050c7d-3fc8-4d58-a64f-a0660423c6cf" testId="f491cd32-0bf8-4763-9347-003ffb419d92" testName="Test5212" computerName="UA-LPT-OGA2" duration="00:00:00.6940000" startTime="2025-05-14T13:20:31.3146610Z" endTime="2025-05-14T13:25:31.3147553Z" testType="13cdc9d9-ddb5-4fa4-a97d-d965ccfc6d4b" outcome="Passed" testListId="70885fab-07d1-46d4-a749-aa8eaf6b651b" />
    <UnitTestResult executionId="e9ed3333-67a9-4708-97c6-cfc43b3c034d" testId="aecf7bdd-ad6a-42ab-a4a1-1d238f48fb0c" testName="Test5213" computerName="UA-LPT-OGA2" duration="00:00:00.4980000" startTime="2025-05-14T13:20:31.3146610Z" endTime="2025-05-14T13:25:31.3147553Z" testType="13cdc9d9-ddb5-4fa4-a97d-d965ccfc6d4b" outcome="Passed" testListId="70885fab-07d1-46d4-a749-aa8eaf6b651b" />
    <UnitTestResult executionId="c1b311ac-7a2a-4a70-90b7-85f9c8db9391" testId="7634cfbe-39d2-4253-a202-692430b511fb" testName="Test5214" computerName="UA-LPT-OGA2" duration="00:00:01.7160000" startTime="2025-05-14T13:20:31.3146610Z" endTime="2025-05-14T13:25:31.3147553Z" testType="13cdc9d9-ddb5-4fa4-a97d-d965ccfc6d4b" outcome="Failed" testListId="70885fab-07d1-46d4-a749-aa8eaf6b651b">
      <Output>
        <ErrorInfo>
          <Message>Assertion failed: Expected value did not match actual value.</Message>
          <StackTrace>   at TestNamespace.TestClass.Test() in TestClass.cs:line 241</StackTrace>
        </ErrorInfo>
      </Output>
    </UnitTestResult>
    <UnitTestResult executionId="cba7d474-bafd-4618-8696-9a58ddd220bf" testId="c93872c7-4c5e-4974-822f-550d99e6d31b" testName="Test5215" computerName="UA-LPT-OGA2" duration="00:00:00.8740000" startTime="2025-05-14T13:20:31.3146610Z" endTime="2025-05-14T13:25:31.3147553Z" testType="13cdc9d9-ddb5-4fa4-a97d-d965ccfc6d4b" outcome="Passed" testListId="70885fab-07d1-46d4-a749-aa8eaf6b651b" />
    <UnitTestResult executionId="b82b9789-6818-49ab-902c-822e97f11968" testId="f88e9513-fb57-465c-a89c-0b0660286799" testName="Test5216" computerName="UA-LPT-OGA2" duration="00:00:00.5730000" startTime="2025-05-14T13:20:31.3146610Z" endTime="2025-05-14T13:25:31.3147553Z" testType="13cdc9d9-ddb5-4fa4-a97d-d965ccfc6d4b" outcome="Passed" testListId="70885fab-07d1-46d4-a749-aa8eaf6b651b" />
    <UnitTestResult executionId="5e5179ad-af09-4fd6-8e2b-69dd97436479" testId="aaaf06e8-f3c6-4455-b57c-2c183bdac799" testName="Test5217" computerName="UA-LPT-OGA2" duration="00:00:01.2260000" startTime="2025-05-14T13:20:31.3146610Z" endTime="2025-05-14T13:25:31.3147553Z" testType="13cdc9d9-ddb5-4fa4-a97d-d965ccfc6d4b" outcome="Passed" testListId="70885fab-07d1-46d4-a749-aa8eaf6b651b" />
    <UnitTestResult executionId="019f8fec-3259-4de9-a74d-c9bfbeb65b02" testId="acf6d9fe-2444-4663-9bf2-7722bafcf7d8" testName="Test5218" computerName="UA-LPT-OGA2" duration="00:00:01.1400000" startTime="2025-05-14T13:20:31.3146610Z" endTime="2025-05-14T13:25:31.3147553Z" testType="13cdc9d9-ddb5-4fa4-a97d-d965ccfc6d4b" outcome="Passed" testListId="70885fab-07d1-46d4-a749-aa8eaf6b651b" />
    <UnitTestResult executionId="af73dfb4-952e-460f-8d2a-3b7b9c8bd300" testId="bbdb6e1c-3e86-4cad-a7cc-fec5ec158830" testName="Test5219" computerName="UA-LPT-OGA2" duration="00:00:00.4520000" startTime="2025-05-14T13:20:31.3146610Z" endTime="2025-05-14T13:25:31.3147553Z" testType="13cdc9d9-ddb5-4fa4-a97d-d965ccfc6d4b" outcome="Passed" testListId="70885fab-07d1-46d4-a749-aa8eaf6b651b" />
    <UnitTestResult executionId="58b6970f-5b27-4a97-986d-06d8f8515d50" testId="22689982-9a12-441c-b55b-ab6abd058ae2" testName="Test5220" computerName="UA-LPT-OGA2" duration="00:00:00.6600000" startTime="2025-05-14T13:20:31.3146610Z" endTime="2025-05-14T13:25:31.3147553Z" testType="13cdc9d9-ddb5-4fa4-a97d-d965ccfc6d4b" outcome="Failed" testListId="70885fab-07d1-46d4-a749-aa8eaf6b651b">
      <Output>
        <ErrorInfo>
          <Message>Assertion failed: Expected value did not match actual value.</Message>
          <StackTrace>   at TestNamespace.TestClass.Test() in TestClass.cs:line 236</StackTrace>
        </ErrorInfo>
      </Output>
    </UnitTestResult>
    <UnitTestResult executionId="6ae33498-acf7-4e93-94e9-cfc93cbfb6a6" testId="8f84928c-8299-419b-8ec6-e80eb50c976d" testName="Test5221" computerName="UA-LPT-OGA2" duration="00:00:00.9830000" startTime="2025-05-14T13:20:31.3146610Z" endTime="2025-05-14T13:25:31.3147553Z" testType="13cdc9d9-ddb5-4fa4-a97d-d965ccfc6d4b" outcome="Passed" testListId="70885fab-07d1-46d4-a749-aa8eaf6b651b" />
    <UnitTestResult executionId="4dc7484a-1c2d-4c07-8f73-7015f6644a35" testId="61a191dc-1e8c-4fa9-803a-f2d6a71b71e1" testName="Test5222" computerName="UA-LPT-OGA2" duration="00:00:01.3220000" startTime="2025-05-14T13:20:31.3146610Z" endTime="2025-05-14T13:25:31.3147553Z" testType="13cdc9d9-ddb5-4fa4-a97d-d965ccfc6d4b" outcome="Passed" testListId="70885fab-07d1-46d4-a749-aa8eaf6b651b" />
    <UnitTestResult executionId="4f240c38-25a1-4fdc-b1b6-dbdb1d8cee15" testId="c018a64a-8c04-4c4b-afaa-40044453b0d3" testName="Test5223" computerName="UA-LPT-OGA2" duration="00:00:00.3990000" startTime="2025-05-14T13:20:31.3146610Z" endTime="2025-05-14T13:25:31.3147553Z" testType="13cdc9d9-ddb5-4fa4-a97d-d965ccfc6d4b" outcome="Passed" testListId="70885fab-07d1-46d4-a749-aa8eaf6b651b" />
    <UnitTestResult executionId="f76acc27-10b8-4388-8e93-8f9d88e7f80a" testId="daf78738-3a77-4e34-aff7-08e81f20d7a2" testName="Test5224" computerName="UA-LPT-OGA2" duration="00:00:01.6370000" startTime="2025-05-14T13:20:31.3146610Z" endTime="2025-05-14T13:25:31.3147553Z" testType="13cdc9d9-ddb5-4fa4-a97d-d965ccfc6d4b" outcome="Passed" testListId="70885fab-07d1-46d4-a749-aa8eaf6b651b" />
    <UnitTestResult executionId="e4640455-29bd-435d-820a-3164ea325a0f" testId="417fb27c-3bfa-4279-80c9-1d69a8890d14" testName="Test5225" computerName="UA-LPT-OGA2" duration="00:00:00.8530000" startTime="2025-05-14T13:20:31.3146610Z" endTime="2025-05-14T13:25:31.3147553Z" testType="13cdc9d9-ddb5-4fa4-a97d-d965ccfc6d4b" outcome="Passed" testListId="70885fab-07d1-46d4-a749-aa8eaf6b651b" />
    <UnitTestResult executionId="a2885f75-9364-49ab-8eea-76f6bd06a19c" testId="5f6c37b4-13ba-4e2d-974c-0e96c5b26680" testName="Test5226" computerName="UA-LPT-OGA2" duration="00:00:00.5900000" startTime="2025-05-14T13:20:31.3146610Z" endTime="2025-05-14T13:25:31.3147553Z" testType="13cdc9d9-ddb5-4fa4-a97d-d965ccfc6d4b" outcome="Passed" testListId="70885fab-07d1-46d4-a749-aa8eaf6b651b" />
    <UnitTestResult executionId="9de72387-3493-4819-af55-d1b0df95674c" testId="7204bca2-b3c7-4755-854d-a636ef54a317" testName="Test5227" computerName="UA-LPT-OGA2" duration="00:00:01.9130000" startTime="2025-05-14T13:20:31.3146610Z" endTime="2025-05-14T13:25:31.3147553Z" testType="13cdc9d9-ddb5-4fa4-a97d-d965ccfc6d4b" outcome="Passed" testListId="70885fab-07d1-46d4-a749-aa8eaf6b651b" />
    <UnitTestResult executionId="63c959c4-76d2-435f-bc23-7d04723fa42b" testId="a39f7b03-4780-4114-a63c-97cf463c61c1" testName="Test5228" computerName="UA-LPT-OGA2" duration="00:00:00.3080000" startTime="2025-05-14T13:20:31.3146610Z" endTime="2025-05-14T13:25:31.3147553Z" testType="13cdc9d9-ddb5-4fa4-a97d-d965ccfc6d4b" outcome="Passed" testListId="70885fab-07d1-46d4-a749-aa8eaf6b651b" />
    <UnitTestResult executionId="e4fe1c51-09ff-48de-b129-5e037d49b2a4" testId="77851993-4df7-44dc-8094-c34f89f472f5" testName="Test5229" computerName="UA-LPT-OGA2" duration="00:00:01.0690000" startTime="2025-05-14T13:20:31.3146610Z" endTime="2025-05-14T13:25:31.3147553Z" testType="13cdc9d9-ddb5-4fa4-a97d-d965ccfc6d4b" outcome="Passed" testListId="70885fab-07d1-46d4-a749-aa8eaf6b651b" />
    <UnitTestResult executionId="af3a3c63-97c5-4e78-86c6-b075494e9795" testId="9da6c532-fcec-4b6d-af3c-93a752525323" testName="Test5230" computerName="UA-LPT-OGA2" duration="00:00:01.4120000" startTime="2025-05-14T13:20:31.3146610Z" endTime="2025-05-14T13:25:31.3147553Z" testType="13cdc9d9-ddb5-4fa4-a97d-d965ccfc6d4b" outcome="Passed" testListId="70885fab-07d1-46d4-a749-aa8eaf6b651b" />
    <UnitTestResult executionId="5bc6587f-1c03-410d-8d6b-622ac126b426" testId="fda0df04-515e-421a-97cb-b41ac00e13b9" testName="Test5231" computerName="UA-LPT-OGA2" duration="00:00:00.3110000" startTime="2025-05-14T13:20:31.3146610Z" endTime="2025-05-14T13:25:31.3147553Z" testType="13cdc9d9-ddb5-4fa4-a97d-d965ccfc6d4b" outcome="Failed" testListId="70885fab-07d1-46d4-a749-aa8eaf6b651b">
      <Output>
        <ErrorInfo>
          <Message>Assertion failed: Expected value did not match actual value.</Message>
          <StackTrace>   at TestNamespace.TestClass.Test() in TestClass.cs:line 425</StackTrace>
        </ErrorInfo>
      </Output>
    </UnitTestResult>
    <UnitTestResult executionId="a025f250-58a6-4c1d-83e0-755efb0d1ae5" testId="a03903c0-2ba3-4397-b573-44211a5f6350" testName="Test5232" computerName="UA-LPT-OGA2" duration="00:00:01.7350000" startTime="2025-05-14T13:20:31.3146610Z" endTime="2025-05-14T13:25:31.3147553Z" testType="13cdc9d9-ddb5-4fa4-a97d-d965ccfc6d4b" outcome="Passed" testListId="70885fab-07d1-46d4-a749-aa8eaf6b651b" />
    <UnitTestResult executionId="b2b9059d-abc2-4150-b767-621d6221eef7" testId="0c9e6472-b82c-4428-8330-1ada437581fd" testName="Test5233" computerName="UA-LPT-OGA2" duration="00:00:01.8160000" startTime="2025-05-14T13:20:31.3146610Z" endTime="2025-05-14T13:25:31.3147553Z" testType="13cdc9d9-ddb5-4fa4-a97d-d965ccfc6d4b" outcome="Passed" testListId="70885fab-07d1-46d4-a749-aa8eaf6b651b" />
    <UnitTestResult executionId="5edd924a-e401-44c9-a0b3-9b8dbdf9708f" testId="be8b75b5-e5de-47a0-ac99-e20488f4f752" testName="Test5234" computerName="UA-LPT-OGA2" duration="00:00:00.8000000" startTime="2025-05-14T13:20:31.3146610Z" endTime="2025-05-14T13:25:31.3147553Z" testType="13cdc9d9-ddb5-4fa4-a97d-d965ccfc6d4b" outcome="Passed" testListId="70885fab-07d1-46d4-a749-aa8eaf6b651b" />
    <UnitTestResult executionId="9cbbdae7-635a-4b08-b652-e1db23846122" testId="397fd70b-2dbe-41ff-801f-43d7921775d6" testName="Test5235" computerName="UA-LPT-OGA2" duration="00:00:00.3400000" startTime="2025-05-14T13:20:31.3146610Z" endTime="2025-05-14T13:25:31.3147553Z" testType="13cdc9d9-ddb5-4fa4-a97d-d965ccfc6d4b" outcome="Passed" testListId="70885fab-07d1-46d4-a749-aa8eaf6b651b" />
    <UnitTestResult executionId="19b64c38-3e1d-49ae-9463-9a34922d153f" testId="2318098f-9f78-4349-9b8a-8f525784f0dc" testName="Test5236" computerName="UA-LPT-OGA2" duration="00:00:01.9430000" startTime="2025-05-14T13:20:31.3146610Z" endTime="2025-05-14T13:25:31.3147553Z" testType="13cdc9d9-ddb5-4fa4-a97d-d965ccfc6d4b" outcome="Passed" testListId="70885fab-07d1-46d4-a749-aa8eaf6b651b" />
    <UnitTestResult executionId="70ed5afc-4408-4097-9a23-058f66df7ec1" testId="94de72cb-1918-49eb-910e-e702db0777e2" testName="Test5237" computerName="UA-LPT-OGA2" duration="00:00:01.0390000" startTime="2025-05-14T13:20:31.3146610Z" endTime="2025-05-14T13:25:31.3147553Z" testType="13cdc9d9-ddb5-4fa4-a97d-d965ccfc6d4b" outcome="Passed" testListId="70885fab-07d1-46d4-a749-aa8eaf6b651b" />
    <UnitTestResult executionId="73888259-52ea-4fbe-8d58-6f3ecbfda2aa" testId="437015d9-53b3-4aac-b5c3-2627c1d73e9f" testName="Test5238" computerName="UA-LPT-OGA2" duration="00:00:01.0530000" startTime="2025-05-14T13:20:31.3146610Z" endTime="2025-05-14T13:25:31.3147553Z" testType="13cdc9d9-ddb5-4fa4-a97d-d965ccfc6d4b" outcome="Passed" testListId="70885fab-07d1-46d4-a749-aa8eaf6b651b" />
    <UnitTestResult executionId="c7ccba4d-432e-433b-b6ab-d11f134a503a" testId="de20999a-ac4f-45bc-a948-ffa90a3f88ed" testName="Test5239" computerName="UA-LPT-OGA2" duration="00:00:01.5910000" startTime="2025-05-14T13:20:31.3146610Z" endTime="2025-05-14T13:25:31.3147553Z" testType="13cdc9d9-ddb5-4fa4-a97d-d965ccfc6d4b" outcome="Passed" testListId="70885fab-07d1-46d4-a749-aa8eaf6b651b" />
    <UnitTestResult executionId="755895c6-a5da-4f99-8d62-634cde02b806" testId="84559ed0-3221-4073-bb2c-e0b841dbe5a5" testName="Test5240" computerName="UA-LPT-OGA2" duration="00:00:00.5730000" startTime="2025-05-14T13:20:31.3146610Z" endTime="2025-05-14T13:25:31.3147553Z" testType="13cdc9d9-ddb5-4fa4-a97d-d965ccfc6d4b" outcome="Passed" testListId="70885fab-07d1-46d4-a749-aa8eaf6b651b" />
    <UnitTestResult executionId="d258030f-621c-4e1e-9758-4c54bde8b40e" testId="b32f6634-d5f4-4368-bb9f-5a1debcbffb0" testName="Test5241" computerName="UA-LPT-OGA2" duration="00:00:00.3880000" startTime="2025-05-14T13:20:31.3146610Z" endTime="2025-05-14T13:25:31.3147553Z" testType="13cdc9d9-ddb5-4fa4-a97d-d965ccfc6d4b" outcome="Passed" testListId="70885fab-07d1-46d4-a749-aa8eaf6b651b" />
    <UnitTestResult executionId="aadf0920-59b4-4264-b8b6-b94c546ee2b3" testId="7e291d37-803c-4c34-8ed5-6524fc2247b9" testName="Test5242" computerName="UA-LPT-OGA2" duration="00:00:00.8410000" startTime="2025-05-14T13:20:31.3146610Z" endTime="2025-05-14T13:25:31.3147553Z" testType="13cdc9d9-ddb5-4fa4-a97d-d965ccfc6d4b" outcome="Failed" testListId="70885fab-07d1-46d4-a749-aa8eaf6b651b">
      <Output>
        <ErrorInfo>
          <Message>Assertion failed: Expected value did not match actual value.</Message>
          <StackTrace>   at TestNamespace.TestClass.Test() in TestClass.cs:line 204</StackTrace>
        </ErrorInfo>
      </Output>
    </UnitTestResult>
    <UnitTestResult executionId="d3505d42-e02f-4ba0-9f3a-470441b05852" testId="4ee17575-d094-4ecf-b5b1-1188cbb65ea7" testName="Test5243" computerName="UA-LPT-OGA2" duration="00:00:00.8320000" startTime="2025-05-14T13:20:31.3146610Z" endTime="2025-05-14T13:25:31.3147553Z" testType="13cdc9d9-ddb5-4fa4-a97d-d965ccfc6d4b" outcome="Passed" testListId="70885fab-07d1-46d4-a749-aa8eaf6b651b" />
    <UnitTestResult executionId="b52fbcbf-cc7c-4368-a3a9-13199d26ff7b" testId="3960b75c-b8fa-47e6-8130-7c71ff3d2a1e" testName="Test5244" computerName="UA-LPT-OGA2" duration="00:00:01.0720000" startTime="2025-05-14T13:20:31.3146610Z" endTime="2025-05-14T13:25:31.3147553Z" testType="13cdc9d9-ddb5-4fa4-a97d-d965ccfc6d4b" outcome="Passed" testListId="70885fab-07d1-46d4-a749-aa8eaf6b651b" />
    <UnitTestResult executionId="b0a6b81c-aa83-4682-83dc-1a97d895cbb3" testId="98fad82c-4384-43ee-b8b4-00ba52abcb2a" testName="Test5245" computerName="UA-LPT-OGA2" duration="00:00:00.9530000" startTime="2025-05-14T13:20:31.3146610Z" endTime="2025-05-14T13:25:31.3147553Z" testType="13cdc9d9-ddb5-4fa4-a97d-d965ccfc6d4b" outcome="Passed" testListId="70885fab-07d1-46d4-a749-aa8eaf6b651b" />
    <UnitTestResult executionId="2f8c6118-24b9-46ae-8253-28302b7be91b" testId="f63b58d1-a83e-4314-b90f-26c65cf5e32e" testName="Test5246" computerName="UA-LPT-OGA2" duration="00:00:01.2060000" startTime="2025-05-14T13:20:31.3146610Z" endTime="2025-05-14T13:25:31.3147553Z" testType="13cdc9d9-ddb5-4fa4-a97d-d965ccfc6d4b" outcome="Passed" testListId="70885fab-07d1-46d4-a749-aa8eaf6b651b" />
    <UnitTestResult executionId="20cd0051-4707-4baa-8a68-aa029b53f4e4" testId="b6ec5db2-0bc2-4e1c-bb52-e59fa00a26d0" testName="Test5247" computerName="UA-LPT-OGA2" duration="00:00:00.6810000" startTime="2025-05-14T13:20:31.3146610Z" endTime="2025-05-14T13:25:31.3147553Z" testType="13cdc9d9-ddb5-4fa4-a97d-d965ccfc6d4b" outcome="Passed" testListId="70885fab-07d1-46d4-a749-aa8eaf6b651b" />
    <UnitTestResult executionId="7facbad3-2897-4acd-9fc1-e838f51d52ad" testId="6a3b1580-69de-4186-b3d0-4e9de0b05c38" testName="Test5248" computerName="UA-LPT-OGA2" duration="00:00:00.7630000" startTime="2025-05-14T13:20:31.3146610Z" endTime="2025-05-14T13:25:31.3147553Z" testType="13cdc9d9-ddb5-4fa4-a97d-d965ccfc6d4b" outcome="Passed" testListId="70885fab-07d1-46d4-a749-aa8eaf6b651b" />
    <UnitTestResult executionId="a53922c8-3e7c-4f4c-827b-e04c401a1d16" testId="d7f100b5-9453-4ddc-aa8c-52015345c2cd" testName="Test5249" computerName="UA-LPT-OGA2" duration="00:00:00.1110000" startTime="2025-05-14T13:20:31.3146610Z" endTime="2025-05-14T13:25:31.3147553Z" testType="13cdc9d9-ddb5-4fa4-a97d-d965ccfc6d4b" outcome="Passed" testListId="70885fab-07d1-46d4-a749-aa8eaf6b651b" />
    <UnitTestResult executionId="2f829e52-5845-4bb7-9c7f-cdc7ea94d18f" testId="4961e050-2a1c-4e79-bfc4-2904b6d872a4" testName="Test5250" computerName="UA-LPT-OGA2" duration="00:00:00.3250000" startTime="2025-05-14T13:20:31.3146610Z" endTime="2025-05-14T13:25:31.3147553Z" testType="13cdc9d9-ddb5-4fa4-a97d-d965ccfc6d4b" outcome="Passed" testListId="70885fab-07d1-46d4-a749-aa8eaf6b651b" />
    <UnitTestResult executionId="fee54983-32ac-4368-b54a-007ef8f92278" testId="d9f6150f-8f46-456d-925d-0f6295e1dc96" testName="Test5251" computerName="UA-LPT-OGA2" duration="00:00:01.6740000" startTime="2025-05-14T13:20:31.3146610Z" endTime="2025-05-14T13:25:31.3147553Z" testType="13cdc9d9-ddb5-4fa4-a97d-d965ccfc6d4b" outcome="Passed" testListId="70885fab-07d1-46d4-a749-aa8eaf6b651b" />
    <UnitTestResult executionId="aa2e3254-7f7c-4c0c-97cb-e7b21d452f89" testId="31baa633-0d2a-49ff-ac04-1be7d206629c" testName="Test5252" computerName="UA-LPT-OGA2" duration="00:00:00.3730000" startTime="2025-05-14T13:20:31.3146610Z" endTime="2025-05-14T13:25:31.3147553Z" testType="13cdc9d9-ddb5-4fa4-a97d-d965ccfc6d4b" outcome="Passed" testListId="70885fab-07d1-46d4-a749-aa8eaf6b651b" />
    <UnitTestResult executionId="96124f93-76c8-4add-a439-c10848e0fd4a" testId="2925aafe-0b74-49d2-a939-5b55d8d3b72d" testName="Test5253" computerName="UA-LPT-OGA2" duration="00:00:01.5580000" startTime="2025-05-14T13:20:31.3146610Z" endTime="2025-05-14T13:25:31.3147553Z" testType="13cdc9d9-ddb5-4fa4-a97d-d965ccfc6d4b" outcome="Passed" testListId="70885fab-07d1-46d4-a749-aa8eaf6b651b" />
    <UnitTestResult executionId="d2dc4e1f-d40c-448a-9b1d-f1b6319e2c39" testId="3ccb99d6-e4d7-447c-8562-f1906d2c916c" testName="Test5254" computerName="UA-LPT-OGA2" duration="00:00:00.2050000" startTime="2025-05-14T13:20:31.3146610Z" endTime="2025-05-14T13:25:31.3147553Z" testType="13cdc9d9-ddb5-4fa4-a97d-d965ccfc6d4b" outcome="Passed" testListId="70885fab-07d1-46d4-a749-aa8eaf6b651b" />
    <UnitTestResult executionId="8e9ec9ef-4451-4a95-8da2-beb090cea807" testId="30748511-0ee7-443b-9542-7c55f2e5e7e5" testName="Test5255" computerName="UA-LPT-OGA2" duration="00:00:01.5680000" startTime="2025-05-14T13:20:31.3146610Z" endTime="2025-05-14T13:25:31.3147553Z" testType="13cdc9d9-ddb5-4fa4-a97d-d965ccfc6d4b" outcome="Passed" testListId="70885fab-07d1-46d4-a749-aa8eaf6b651b" />
    <UnitTestResult executionId="3c71143f-9a72-48a0-bc15-c7debb92638e" testId="37730cb4-8da5-434b-93e1-193bd20724dd" testName="Test5256" computerName="UA-LPT-OGA2" duration="00:00:01.8510000" startTime="2025-05-14T13:20:31.3146610Z" endTime="2025-05-14T13:25:31.3147553Z" testType="13cdc9d9-ddb5-4fa4-a97d-d965ccfc6d4b" outcome="Passed" testListId="70885fab-07d1-46d4-a749-aa8eaf6b651b" />
    <UnitTestResult executionId="520e64fb-f7fc-4752-84ae-064ff6c5a946" testId="670b6807-a7c8-4f21-81eb-799b693a5051" testName="Test5257" computerName="UA-LPT-OGA2" duration="00:00:01.3830000" startTime="2025-05-14T13:20:31.3146610Z" endTime="2025-05-14T13:25:31.3147553Z" testType="13cdc9d9-ddb5-4fa4-a97d-d965ccfc6d4b" outcome="Passed" testListId="70885fab-07d1-46d4-a749-aa8eaf6b651b" />
    <UnitTestResult executionId="c352e9c7-f3ca-4499-a943-4e1ff7701f35" testId="9b37b6b1-1bdf-4060-a455-054525b29836" testName="Test5258" computerName="UA-LPT-OGA2" duration="00:00:01.4050000" startTime="2025-05-14T13:20:31.3146610Z" endTime="2025-05-14T13:25:31.3147553Z" testType="13cdc9d9-ddb5-4fa4-a97d-d965ccfc6d4b" outcome="Passed" testListId="70885fab-07d1-46d4-a749-aa8eaf6b651b" />
    <UnitTestResult executionId="2514988e-3006-46f4-b518-985f48f1d90e" testId="3b4f3add-9135-423e-9198-d1fc3286415c" testName="Test5259" computerName="UA-LPT-OGA2" duration="00:00:01.3550000" startTime="2025-05-14T13:20:31.3146610Z" endTime="2025-05-14T13:25:31.3147553Z" testType="13cdc9d9-ddb5-4fa4-a97d-d965ccfc6d4b" outcome="Passed" testListId="70885fab-07d1-46d4-a749-aa8eaf6b651b" />
    <UnitTestResult executionId="1cb964aa-2bbb-4772-a233-189bd91cb9d7" testId="8c8c3f87-bd90-4ce1-992a-eff7af245dbb" testName="Test5260" computerName="UA-LPT-OGA2" duration="00:00:01.9010000" startTime="2025-05-14T13:20:31.3146610Z" endTime="2025-05-14T13:25:31.3147553Z" testType="13cdc9d9-ddb5-4fa4-a97d-d965ccfc6d4b" outcome="Passed" testListId="70885fab-07d1-46d4-a749-aa8eaf6b651b" />
    <UnitTestResult executionId="5835bacf-1334-4fe8-a0d0-60083899562c" testId="5e7fb992-0f58-4728-a567-12f32be9cb17" testName="Test5261" computerName="UA-LPT-OGA2" duration="00:00:00.0910000" startTime="2025-05-14T13:20:31.3146610Z" endTime="2025-05-14T13:25:31.3147553Z" testType="13cdc9d9-ddb5-4fa4-a97d-d965ccfc6d4b" outcome="Passed" testListId="70885fab-07d1-46d4-a749-aa8eaf6b651b" />
    <UnitTestResult executionId="90787b11-53d0-4ef2-87c3-090df8f4ed87" testId="c8706f6b-91e6-4018-809e-b68b51aa79c5" testName="Test5262" computerName="UA-LPT-OGA2" duration="00:00:00.5990000" startTime="2025-05-14T13:20:31.3146610Z" endTime="2025-05-14T13:25:31.3147553Z" testType="13cdc9d9-ddb5-4fa4-a97d-d965ccfc6d4b" outcome="Passed" testListId="70885fab-07d1-46d4-a749-aa8eaf6b651b" />
    <UnitTestResult executionId="707211e1-4fea-4df9-9ba9-eee2b07f541d" testId="742b5fb1-5683-4f3d-b4df-029f13984bdd" testName="Test5263" computerName="UA-LPT-OGA2" duration="00:00:00.4650000" startTime="2025-05-14T13:20:31.3146610Z" endTime="2025-05-14T13:25:31.3147553Z" testType="13cdc9d9-ddb5-4fa4-a97d-d965ccfc6d4b" outcome="Passed" testListId="70885fab-07d1-46d4-a749-aa8eaf6b651b" />
    <UnitTestResult executionId="b22fdec4-2957-4a62-8339-5544cc86ee1d" testId="d6bfc383-014b-42bf-be07-900809e2fa61" testName="Test5264" computerName="UA-LPT-OGA2" duration="00:00:00.6120000" startTime="2025-05-14T13:20:31.3146610Z" endTime="2025-05-14T13:25:31.3147553Z" testType="13cdc9d9-ddb5-4fa4-a97d-d965ccfc6d4b" outcome="Passed" testListId="70885fab-07d1-46d4-a749-aa8eaf6b651b" />
    <UnitTestResult executionId="9da1fb9e-3dbb-4cf8-9369-31803e4a3e72" testId="895ec25e-d295-4b33-8346-f7ecc50c192d" testName="Test5265" computerName="UA-LPT-OGA2" duration="00:00:01.0870000" startTime="2025-05-14T13:20:31.3146610Z" endTime="2025-05-14T13:25:31.3147553Z" testType="13cdc9d9-ddb5-4fa4-a97d-d965ccfc6d4b" outcome="Failed" testListId="70885fab-07d1-46d4-a749-aa8eaf6b651b">
      <Output>
        <ErrorInfo>
          <Message>Assertion failed: Expected value did not match actual value.</Message>
          <StackTrace>   at TestNamespace.TestClass.Test() in TestClass.cs:line 200</StackTrace>
        </ErrorInfo>
      </Output>
    </UnitTestResult>
    <UnitTestResult executionId="93a86e17-923a-4a7e-b6a5-99b1d4dbd8c9" testId="c4215b08-237d-45dc-aa24-7ab65231e1a1" testName="Test5266" computerName="UA-LPT-OGA2" duration="00:00:00.6990000" startTime="2025-05-14T13:20:31.3146610Z" endTime="2025-05-14T13:25:31.3147553Z" testType="13cdc9d9-ddb5-4fa4-a97d-d965ccfc6d4b" outcome="Passed" testListId="70885fab-07d1-46d4-a749-aa8eaf6b651b" />
    <UnitTestResult executionId="48ce6529-09e2-4237-9d7e-14f7bdc301e0" testId="ee7016e1-c579-444d-8c5d-c184e3040ca4" testName="Test5267" computerName="UA-LPT-OGA2" duration="00:00:01.4600000" startTime="2025-05-14T13:20:31.3146610Z" endTime="2025-05-14T13:25:31.3147553Z" testType="13cdc9d9-ddb5-4fa4-a97d-d965ccfc6d4b" outcome="Passed" testListId="70885fab-07d1-46d4-a749-aa8eaf6b651b" />
    <UnitTestResult executionId="d52c3373-c637-4fb5-855a-59f5cfb937d3" testId="ae1b7b3b-1264-49ea-b203-505fff04c6c1" testName="Test5268" computerName="UA-LPT-OGA2" duration="00:00:01.3740000" startTime="2025-05-14T13:20:31.3146610Z" endTime="2025-05-14T13:25:31.3147553Z" testType="13cdc9d9-ddb5-4fa4-a97d-d965ccfc6d4b" outcome="Passed" testListId="70885fab-07d1-46d4-a749-aa8eaf6b651b" />
    <UnitTestResult executionId="b86d7cde-c2fb-412b-b822-dc8581980a82" testId="58b0316f-6352-4be0-851f-e9937196f3ec" testName="Test5269" computerName="UA-LPT-OGA2" duration="00:00:00.2580000" startTime="2025-05-14T13:20:31.3146610Z" endTime="2025-05-14T13:25:31.3147553Z" testType="13cdc9d9-ddb5-4fa4-a97d-d965ccfc6d4b" outcome="Passed" testListId="70885fab-07d1-46d4-a749-aa8eaf6b651b" />
    <UnitTestResult executionId="7ae86faa-0b7b-491b-a430-eb91daeb0c87" testId="e472ebd4-2514-42ff-946e-6e4bbd5944b0" testName="Test5270" computerName="UA-LPT-OGA2" duration="00:00:01.2910000" startTime="2025-05-14T13:20:31.3146610Z" endTime="2025-05-14T13:25:31.3147553Z" testType="13cdc9d9-ddb5-4fa4-a97d-d965ccfc6d4b" outcome="Passed" testListId="70885fab-07d1-46d4-a749-aa8eaf6b651b" />
    <UnitTestResult executionId="dcb1de40-6959-44d7-a98b-10bd36fe7ed4" testId="247639de-44b9-4894-a404-c034dbba86d7" testName="Test5271" computerName="UA-LPT-OGA2" duration="00:00:00.2730000" startTime="2025-05-14T13:20:31.3146610Z" endTime="2025-05-14T13:25:31.3147553Z" testType="13cdc9d9-ddb5-4fa4-a97d-d965ccfc6d4b" outcome="Passed" testListId="70885fab-07d1-46d4-a749-aa8eaf6b651b" />
    <UnitTestResult executionId="a95a9c34-1c42-4c5c-8abb-7dbd72611588" testId="87bb09e5-669f-4854-966d-b2a8f54666dc" testName="Test5272" computerName="UA-LPT-OGA2" duration="00:00:00.1050000" startTime="2025-05-14T13:20:31.3146610Z" endTime="2025-05-14T13:25:31.3147553Z" testType="13cdc9d9-ddb5-4fa4-a97d-d965ccfc6d4b" outcome="Passed" testListId="70885fab-07d1-46d4-a749-aa8eaf6b651b" />
    <UnitTestResult executionId="a960ecb4-fbc3-4132-b8d1-cdba899696ac" testId="9d6c7285-4a28-4603-9921-624bf9399ef9" testName="Test5273" computerName="UA-LPT-OGA2" duration="00:00:00.4930000" startTime="2025-05-14T13:20:31.3146610Z" endTime="2025-05-14T13:25:31.3147553Z" testType="13cdc9d9-ddb5-4fa4-a97d-d965ccfc6d4b" outcome="Passed" testListId="70885fab-07d1-46d4-a749-aa8eaf6b651b" />
    <UnitTestResult executionId="e156b815-c392-4c7d-81fe-bcb31a50e856" testId="0ae6ad33-5ae4-4eee-a28c-386a7cc82c6d" testName="Test5274" computerName="UA-LPT-OGA2" duration="00:00:00.3620000" startTime="2025-05-14T13:20:31.3146610Z" endTime="2025-05-14T13:25:31.3147553Z" testType="13cdc9d9-ddb5-4fa4-a97d-d965ccfc6d4b" outcome="Passed" testListId="70885fab-07d1-46d4-a749-aa8eaf6b651b" />
    <UnitTestResult executionId="2f38c28f-7291-4d98-85de-9473bf894a06" testId="2ddaa510-260c-4a15-a04d-99ac907c47f0" testName="Test5275" computerName="UA-LPT-OGA2" duration="00:00:00.0620000" startTime="2025-05-14T13:20:31.3146610Z" endTime="2025-05-14T13:25:31.3147553Z" testType="13cdc9d9-ddb5-4fa4-a97d-d965ccfc6d4b" outcome="Failed" testListId="70885fab-07d1-46d4-a749-aa8eaf6b651b">
      <Output>
        <ErrorInfo>
          <Message>Assertion failed: Expected value did not match actual value.</Message>
          <StackTrace>   at TestNamespace.TestClass.Test() in TestClass.cs:line 410</StackTrace>
        </ErrorInfo>
      </Output>
    </UnitTestResult>
    <UnitTestResult executionId="8f6bb557-7eb8-4d82-84a1-e6daf11c2532" testId="87ff509a-d8f8-4ae9-92c0-7266443fbef8" testName="Test5276" computerName="UA-LPT-OGA2" duration="00:00:01.0650000" startTime="2025-05-14T13:20:31.3146610Z" endTime="2025-05-14T13:25:31.3147553Z" testType="13cdc9d9-ddb5-4fa4-a97d-d965ccfc6d4b" outcome="Passed" testListId="70885fab-07d1-46d4-a749-aa8eaf6b651b" />
    <UnitTestResult executionId="8ceb5833-82a2-401b-a3a1-3f10191ea1fc" testId="6278f7fb-92e7-4718-9c25-6ecdcc7f034a" testName="Test5277" computerName="UA-LPT-OGA2" duration="00:00:00.7950000" startTime="2025-05-14T13:20:31.3146610Z" endTime="2025-05-14T13:25:31.3147553Z" testType="13cdc9d9-ddb5-4fa4-a97d-d965ccfc6d4b" outcome="Passed" testListId="70885fab-07d1-46d4-a749-aa8eaf6b651b" />
    <UnitTestResult executionId="33925cbc-41ed-4725-84b6-f8d011bc6b8e" testId="1af7592a-85fa-4f48-b076-1d2dcbcf1c09" testName="Test5278" computerName="UA-LPT-OGA2" duration="00:00:01.3070000" startTime="2025-05-14T13:20:31.3146610Z" endTime="2025-05-14T13:25:31.3147553Z" testType="13cdc9d9-ddb5-4fa4-a97d-d965ccfc6d4b" outcome="Passed" testListId="70885fab-07d1-46d4-a749-aa8eaf6b651b" />
    <UnitTestResult executionId="5bf1fbb7-0573-4021-8303-c2b209f1486b" testId="428bb5fa-4bf1-4d0c-a501-dc482359794b" testName="Test5279" computerName="UA-LPT-OGA2" duration="00:00:01.5540000" startTime="2025-05-14T13:20:31.3146610Z" endTime="2025-05-14T13:25:31.3147553Z" testType="13cdc9d9-ddb5-4fa4-a97d-d965ccfc6d4b" outcome="Passed" testListId="70885fab-07d1-46d4-a749-aa8eaf6b651b" />
    <UnitTestResult executionId="46f8b409-408b-4e08-a6e4-821ff2cbb532" testId="608e2448-88e1-456b-94cb-cd158c41f7b1" testName="Test5280" computerName="UA-LPT-OGA2" duration="00:00:00.6720000" startTime="2025-05-14T13:20:31.3146610Z" endTime="2025-05-14T13:25:31.3147553Z" testType="13cdc9d9-ddb5-4fa4-a97d-d965ccfc6d4b" outcome="Passed" testListId="70885fab-07d1-46d4-a749-aa8eaf6b651b" />
    <UnitTestResult executionId="3a2b75d8-670e-435a-8ab0-e8b8443ec0e7" testId="f31f7c0c-09f8-47f2-9c65-49a455ff5e49" testName="Test5281" computerName="UA-LPT-OGA2" duration="00:00:00.3440000" startTime="2025-05-14T13:20:31.3146610Z" endTime="2025-05-14T13:25:31.3147553Z" testType="13cdc9d9-ddb5-4fa4-a97d-d965ccfc6d4b" outcome="Passed" testListId="70885fab-07d1-46d4-a749-aa8eaf6b651b" />
    <UnitTestResult executionId="2a6a6174-e679-40a2-97d3-1e4185263236" testId="ff1f9002-17c3-4ac0-bcb9-1df6420de2ac" testName="Test5282" computerName="UA-LPT-OGA2" duration="00:00:01.5760000" startTime="2025-05-14T13:20:31.3146610Z" endTime="2025-05-14T13:25:31.3147553Z" testType="13cdc9d9-ddb5-4fa4-a97d-d965ccfc6d4b" outcome="Passed" testListId="70885fab-07d1-46d4-a749-aa8eaf6b651b" />
    <UnitTestResult executionId="2dfe3848-f614-4d10-89bb-a69ccdcfd224" testId="34ae071e-1511-44d1-8674-6ae21e710b5d" testName="Test5283" computerName="UA-LPT-OGA2" duration="00:00:01.5840000" startTime="2025-05-14T13:20:31.3146610Z" endTime="2025-05-14T13:25:31.3147553Z" testType="13cdc9d9-ddb5-4fa4-a97d-d965ccfc6d4b" outcome="Passed" testListId="70885fab-07d1-46d4-a749-aa8eaf6b651b" />
    <UnitTestResult executionId="db915835-a083-434e-94ac-c1c45bc1bcb1" testId="6abc7d5e-fa2b-4dbc-b981-86d2fb9263d4" testName="Test5284" computerName="UA-LPT-OGA2" duration="00:00:01.3080000" startTime="2025-05-14T13:20:31.3146610Z" endTime="2025-05-14T13:25:31.3147553Z" testType="13cdc9d9-ddb5-4fa4-a97d-d965ccfc6d4b" outcome="Passed" testListId="70885fab-07d1-46d4-a749-aa8eaf6b651b" />
    <UnitTestResult executionId="b4d550d0-9f58-4168-9d08-b7785e8a4d34" testId="7cd341d2-6020-4837-ab29-d9b32af497d6" testName="Test5285" computerName="UA-LPT-OGA2" duration="00:00:00.8320000" startTime="2025-05-14T13:20:31.3146610Z" endTime="2025-05-14T13:25:31.3147553Z" testType="13cdc9d9-ddb5-4fa4-a97d-d965ccfc6d4b" outcome="Passed" testListId="70885fab-07d1-46d4-a749-aa8eaf6b651b" />
    <UnitTestResult executionId="3d358455-1257-41dc-a822-6d731c8ba2c2" testId="cfc2d612-10ea-4d92-8e7f-04b5beabe079" testName="Test5286" computerName="UA-LPT-OGA2" duration="00:00:00.9420000" startTime="2025-05-14T13:20:31.3146610Z" endTime="2025-05-14T13:25:31.3147553Z" testType="13cdc9d9-ddb5-4fa4-a97d-d965ccfc6d4b" outcome="Passed" testListId="70885fab-07d1-46d4-a749-aa8eaf6b651b" />
    <UnitTestResult executionId="844532fb-cdb5-4062-96bd-5dcd942c419e" testId="40aa0031-a821-44fe-806a-7d3b63011f4b" testName="Test5287" computerName="UA-LPT-OGA2" duration="00:00:01.9710000" startTime="2025-05-14T13:20:31.3146610Z" endTime="2025-05-14T13:25:31.3147553Z" testType="13cdc9d9-ddb5-4fa4-a97d-d965ccfc6d4b" outcome="Passed" testListId="70885fab-07d1-46d4-a749-aa8eaf6b651b" />
    <UnitTestResult executionId="e2803aae-ce16-4b07-993b-77240e2d3a08" testId="7361fee5-59c8-47c2-9e7c-231d2686b64d" testName="Test5288" computerName="UA-LPT-OGA2" duration="00:00:00.9770000" startTime="2025-05-14T13:20:31.3146610Z" endTime="2025-05-14T13:25:31.3147553Z" testType="13cdc9d9-ddb5-4fa4-a97d-d965ccfc6d4b" outcome="Passed" testListId="70885fab-07d1-46d4-a749-aa8eaf6b651b" />
    <UnitTestResult executionId="dff8a64c-cefd-471d-8b53-8d43c9f60f6e" testId="28f5c374-3419-441b-8648-47077c39030d" testName="Test5289" computerName="UA-LPT-OGA2" duration="00:00:01.6200000" startTime="2025-05-14T13:20:31.3146610Z" endTime="2025-05-14T13:25:31.3147553Z" testType="13cdc9d9-ddb5-4fa4-a97d-d965ccfc6d4b" outcome="Passed" testListId="70885fab-07d1-46d4-a749-aa8eaf6b651b" />
    <UnitTestResult executionId="997e89c7-e7e0-4431-b276-4565c7d4b4fe" testId="2e10aab4-24cb-4380-a8b1-994e71690c9b" testName="Test5290" computerName="UA-LPT-OGA2" duration="00:00:00.7850000" startTime="2025-05-14T13:20:31.3146610Z" endTime="2025-05-14T13:25:31.3147553Z" testType="13cdc9d9-ddb5-4fa4-a97d-d965ccfc6d4b" outcome="Passed" testListId="70885fab-07d1-46d4-a749-aa8eaf6b651b" />
    <UnitTestResult executionId="1a2a207a-a630-4f7a-af10-ac2fb3ac0a32" testId="e06f51c8-38d3-4b91-90a2-52af850c0e42" testName="Test5291" computerName="UA-LPT-OGA2" duration="00:00:00.6220000" startTime="2025-05-14T13:20:31.3146610Z" endTime="2025-05-14T13:25:31.3147553Z" testType="13cdc9d9-ddb5-4fa4-a97d-d965ccfc6d4b" outcome="Passed" testListId="70885fab-07d1-46d4-a749-aa8eaf6b651b" />
    <UnitTestResult executionId="b19176ce-e610-44fb-bae4-d75fa225685e" testId="bcf4ccea-9000-406a-9a1e-394aecfe9e82" testName="Test5292" computerName="UA-LPT-OGA2" duration="00:00:00.0690000" startTime="2025-05-14T13:20:31.3146610Z" endTime="2025-05-14T13:25:31.3147553Z" testType="13cdc9d9-ddb5-4fa4-a97d-d965ccfc6d4b" outcome="Passed" testListId="70885fab-07d1-46d4-a749-aa8eaf6b651b" />
    <UnitTestResult executionId="9bf0de0a-e448-4b76-a504-400ce47f1326" testId="ac80bcb1-2435-4f98-a384-1524a6ee0e04" testName="Test5293" computerName="UA-LPT-OGA2" duration="00:00:01.2830000" startTime="2025-05-14T13:20:31.3146610Z" endTime="2025-05-14T13:25:31.3147553Z" testType="13cdc9d9-ddb5-4fa4-a97d-d965ccfc6d4b" outcome="Passed" testListId="70885fab-07d1-46d4-a749-aa8eaf6b651b" />
    <UnitTestResult executionId="4c8f67db-68de-4d8f-95ee-2982365c624f" testId="605e4f1a-01f0-4edd-9ad9-bb80ecd4abab" testName="Test5294" computerName="UA-LPT-OGA2" duration="00:00:01.7180000" startTime="2025-05-14T13:20:31.3146610Z" endTime="2025-05-14T13:25:31.3147553Z" testType="13cdc9d9-ddb5-4fa4-a97d-d965ccfc6d4b" outcome="Passed" testListId="70885fab-07d1-46d4-a749-aa8eaf6b651b" />
    <UnitTestResult executionId="efcd67d9-4cd5-4e5a-bf3a-01fc69eefcf7" testId="1b66bf04-96d4-4f28-a75a-d5cdc6125f39" testName="Test5295" computerName="UA-LPT-OGA2" duration="00:00:01.7270000" startTime="2025-05-14T13:20:31.3146610Z" endTime="2025-05-14T13:25:31.3147553Z" testType="13cdc9d9-ddb5-4fa4-a97d-d965ccfc6d4b" outcome="Passed" testListId="70885fab-07d1-46d4-a749-aa8eaf6b651b" />
    <UnitTestResult executionId="53a01458-ed4f-4b5c-84ab-a038d7605d84" testId="b45820c8-122b-4aab-a046-134eab59fff1" testName="Test5296" computerName="UA-LPT-OGA2" duration="00:00:01.0050000" startTime="2025-05-14T13:20:31.3146610Z" endTime="2025-05-14T13:25:31.3147553Z" testType="13cdc9d9-ddb5-4fa4-a97d-d965ccfc6d4b" outcome="Passed" testListId="70885fab-07d1-46d4-a749-aa8eaf6b651b" />
    <UnitTestResult executionId="32984396-bcf1-4e10-93ac-ec03d54f8345" testId="e5254819-eecb-4009-aaec-027687152bf9" testName="Test5297" computerName="UA-LPT-OGA2" duration="00:00:01.0220000" startTime="2025-05-14T13:20:31.3146610Z" endTime="2025-05-14T13:25:31.3147553Z" testType="13cdc9d9-ddb5-4fa4-a97d-d965ccfc6d4b" outcome="Passed" testListId="70885fab-07d1-46d4-a749-aa8eaf6b651b" />
    <UnitTestResult executionId="839df7cb-1bbf-4821-abfd-4e154deeff9a" testId="33fcc779-a3eb-49f1-a141-34be6786a581" testName="Test5298" computerName="UA-LPT-OGA2" duration="00:00:00.8360000" startTime="2025-05-14T13:20:31.3146610Z" endTime="2025-05-14T13:25:31.3147553Z" testType="13cdc9d9-ddb5-4fa4-a97d-d965ccfc6d4b" outcome="Passed" testListId="70885fab-07d1-46d4-a749-aa8eaf6b651b" />
    <UnitTestResult executionId="e19eaa5a-6308-4e25-9c8a-5c7e2158a2b9" testId="09fcb100-eda8-4212-9bb0-57bc2810d77b" testName="Test5299" computerName="UA-LPT-OGA2" duration="00:00:00.4540000" startTime="2025-05-14T13:20:31.3146610Z" endTime="2025-05-14T13:25:31.3147553Z" testType="13cdc9d9-ddb5-4fa4-a97d-d965ccfc6d4b" outcome="Passed" testListId="70885fab-07d1-46d4-a749-aa8eaf6b651b" />
    <UnitTestResult executionId="41bbb55d-8834-4dee-a365-4b5cb8c9bf69" testId="018b6d8d-2881-4d28-8f32-654f83d1dc2c" testName="Test5300" computerName="UA-LPT-OGA2" duration="00:00:01.5760000" startTime="2025-05-14T13:20:31.3146610Z" endTime="2025-05-14T13:25:31.3147553Z" testType="13cdc9d9-ddb5-4fa4-a97d-d965ccfc6d4b" outcome="Failed" testListId="70885fab-07d1-46d4-a749-aa8eaf6b651b">
      <Output>
        <ErrorInfo>
          <Message>Assertion failed: Expected value did not match actual value.</Message>
          <StackTrace>   at TestNamespace.TestClass.Test() in TestClass.cs:line 248</StackTrace>
        </ErrorInfo>
      </Output>
    </UnitTestResult>
  </Results>
  <TestDefinitions>
    <UnitTest name="Test5201" id="907fe1d5-2a4f-4062-9fb7-d9058408edd7" storage="TestAssembly.dll">
      <Execution id="b3f2d2b9-5efe-4aa3-9188-c8c3a3334e7a" />
      <TestMethod codeBase="TestAssembly.dll" className="TestNamespace.TestClass1" name="Test5201" />
    </UnitTest>
    <UnitTest name="Test5202" id="0ea13993-4e55-4e4c-bc62-d9711dab45d4" storage="TestAssembly.dll">
      <Execution id="acb3b917-a055-4222-9888-fbc7daba5f0b" />
      <TestMethod codeBase="TestAssembly.dll" className="TestNamespace.TestClass1" name="Test5202" />
    </UnitTest>
    <UnitTest name="Test5203" id="6c63ab53-b4af-4ffb-8e94-1aaf6460dc0b" storage="TestAssembly.dll">
      <Execution id="76f8992e-ce3b-4585-a067-cf046d42c7ed" />
      <TestMethod codeBase="TestAssembly.dll" className="TestNamespace.TestClass1" name="Test5203" />
    </UnitTest>
    <UnitTest name="Test5204" id="79dc8d8e-e4e5-4f30-b0df-f719c20e1a78" storage="TestAssembly.dll">
      <Execution id="2f4b3932-2b17-4e64-9c00-761763028e8f" />
      <TestMethod codeBase="TestAssembly.dll" className="TestNamespace.TestClass1" name="Test5204" />
    </UnitTest>
    <UnitTest name="Test5205" id="c9870362-31b5-4fd2-803b-a2ce6cc46999" storage="TestAssembly.dll">
      <Execution id="61712d5f-2b0f-4134-8e35-b689e1142d46" />
      <TestMethod codeBase="TestAssembly.dll" className="TestNamespace.TestClass1" name="Test5205" />
    </UnitTest>
    <UnitTest name="Test5206" id="d206f029-305a-44b8-a291-0be8164e52d7" storage="TestAssembly.dll">
      <Execution id="ae0a034d-e720-4157-9e95-20cefd75899f" />
      <TestMethod codeBase="TestAssembly.dll" className="TestNamespace.TestClass1" name="Test5206" />
    </UnitTest>
    <UnitTest name="Test5207" id="32bff6b3-ad50-4ef5-8539-931062638134" storage="TestAssembly.dll">
      <Execution id="36646bad-6989-4204-8ff2-ead897d4aa90" />
      <TestMethod codeBase="TestAssembly.dll" className="TestNamespace.TestClass1" name="Test5207" />
    </UnitTest>
    <UnitTest name="Test5208" id="1e3b20c5-24b3-4009-a16c-106a1a1792a3" storage="TestAssembly.dll">
      <Execution id="09c00c5f-e7a8-49ad-9eac-a6d95ad86980" />
      <TestMethod codeBase="TestAssembly.dll" className="TestNamespace.TestClass1" name="Test5208" />
    </UnitTest>
    <UnitTest name="Test5209" id="1c11f52b-e279-4e2d-b639-cb02f2829270" storage="TestAssembly.dll">
      <Execution id="96c6f454-5005-4a1f-a3ef-c2c33f6f4aa2" />
      <TestMethod codeBase="TestAssembly.dll" className="TestNamespace.TestClass1" name="Test5209" />
    </UnitTest>
    <UnitTest name="Test5210" id="eb46c490-db97-40ea-8973-1b27112a108a" storage="TestAssembly.dll">
      <Execution id="64213076-dae7-4d50-b85b-9c18588eebf9" />
      <TestMethod codeBase="TestAssembly.dll" className="TestNamespace.TestClass1" name="Test5210" />
    </UnitTest>
    <UnitTest name="Test5211" id="43e0990c-0b60-4179-ad3c-ed785393e697" storage="TestAssembly.dll">
      <Execution id="2b409c89-eda0-4f90-aeed-2dbbe77e79bf" />
      <TestMethod codeBase="TestAssembly.dll" className="TestNamespace.TestClass2" name="Test5211" />
    </UnitTest>
    <UnitTest name="Test5212" id="f491cd32-0bf8-4763-9347-003ffb419d92" storage="TestAssembly.dll">
      <Execution id="20050c7d-3fc8-4d58-a64f-a0660423c6cf" />
      <TestMethod codeBase="TestAssembly.dll" className="TestNamespace.TestClass2" name="Test5212" />
    </UnitTest>
    <UnitTest name="Test5213" id="aecf7bdd-ad6a-42ab-a4a1-1d238f48fb0c" storage="TestAssembly.dll">
      <Execution id="e9ed3333-67a9-4708-97c6-cfc43b3c034d" />
      <TestMethod codeBase="TestAssembly.dll" className="TestNamespace.TestClass2" name="Test5213" />
    </UnitTest>
    <UnitTest name="Test5214" id="7634cfbe-39d2-4253-a202-692430b511fb" storage="TestAssembly.dll">
      <Execution id="c1b311ac-7a2a-4a70-90b7-85f9c8db9391" />
      <TestMethod codeBase="TestAssembly.dll" className="TestNamespace.TestClass2" name="Test5214" />
    </UnitTest>
    <UnitTest name="Test5215" id="c93872c7-4c5e-4974-822f-550d99e6d31b" storage="TestAssembly.dll">
      <Execution id="cba7d474-bafd-4618-8696-9a58ddd220bf" />
      <TestMethod codeBase="TestAssembly.dll" className="TestNamespace.TestClass2" name="Test5215" />
    </UnitTest>
    <UnitTest name="Test5216" id="f88e9513-fb57-465c-a89c-0b0660286799" storage="TestAssembly.dll">
      <Execution id="b82b9789-6818-49ab-902c-822e97f11968" />
      <TestMethod codeBase="TestAssembly.dll" className="TestNamespace.TestClass2" name="Test5216" />
    </UnitTest>
    <UnitTest name="Test5217" id="aaaf06e8-f3c6-4455-b57c-2c183bdac799" storage="TestAssembly.dll">
      <Execution id="5e5179ad-af09-4fd6-8e2b-69dd97436479" />
      <TestMethod codeBase="TestAssembly.dll" className="TestNamespace.TestClass2" name="Test5217" />
    </UnitTest>
    <UnitTest name="Test5218" id="acf6d9fe-2444-4663-9bf2-7722bafcf7d8" storage="TestAssembly.dll">
      <Execution id="019f8fec-3259-4de9-a74d-c9bfbeb65b02" />
      <TestMethod codeBase="TestAssembly.dll" className="TestNamespace.TestClass2" name="Test5218" />
    </UnitTest>
    <UnitTest name="Test5219" id="bbdb6e1c-3e86-4cad-a7cc-fec5ec158830" storage="TestAssembly.dll">
      <Execution id="af73dfb4-952e-460f-8d2a-3b7b9c8bd300" />
      <TestMethod codeBase="TestAssembly.dll" className="TestNamespace.TestClass2" name="Test5219" />
    </UnitTest>
    <UnitTest name="Test5220" id="22689982-9a12-441c-b55b-ab6abd058ae2" storage="TestAssembly.dll">
      <Execution id="58b6970f-5b27-4a97-986d-06d8f8515d50" />
      <TestMethod codeBase="TestAssembly.dll" className="TestNamespace.TestClass2" name="Test5220" />
    </UnitTest>
    <UnitTest name="Test5221" id="8f84928c-8299-419b-8ec6-e80eb50c976d" storage="TestAssembly.dll">
      <Execution id="6ae33498-acf7-4e93-94e9-cfc93cbfb6a6" />
      <TestMethod codeBase="TestAssembly.dll" className="TestNamespace.TestClass3" name="Test5221" />
    </UnitTest>
    <UnitTest name="Test5222" id="61a191dc-1e8c-4fa9-803a-f2d6a71b71e1" storage="TestAssembly.dll">
      <Execution id="4dc7484a-1c2d-4c07-8f73-7015f6644a35" />
      <TestMethod codeBase="TestAssembly.dll" className="TestNamespace.TestClass3" name="Test5222" />
    </UnitTest>
    <UnitTest name="Test5223" id="c018a64a-8c04-4c4b-afaa-40044453b0d3" storage="TestAssembly.dll">
      <Execution id="4f240c38-25a1-4fdc-b1b6-dbdb1d8cee15" />
      <TestMethod codeBase="TestAssembly.dll" className="TestNamespace.TestClass3" name="Test5223" />
    </UnitTest>
    <UnitTest name="Test5224" id="daf78738-3a77-4e34-aff7-08e81f20d7a2" storage="TestAssembly.dll">
      <Execution id="f76acc27-10b8-4388-8e93-8f9d88e7f80a" />
      <TestMethod codeBase="TestAssembly.dll" className="TestNamespace.TestClass3" name="Test5224" />
    </UnitTest>
    <UnitTest name="Test5225" id="417fb27c-3bfa-4279-80c9-1d69a8890d14" storage="TestAssembly.dll">
      <Execution id="e4640455-29bd-435d-820a-3164ea325a0f" />
      <TestMethod codeBase="TestAssembly.dll" className="TestNamespace.TestClass3" name="Test5225" />
    </UnitTest>
    <UnitTest name="Test5226" id="5f6c37b4-13ba-4e2d-974c-0e96c5b26680" storage="TestAssembly.dll">
      <Execution id="a2885f75-9364-49ab-8eea-76f6bd06a19c" />
      <TestMethod codeBase="TestAssembly.dll" className="TestNamespace.TestClass3" name="Test5226" />
    </UnitTest>
    <UnitTest name="Test5227" id="7204bca2-b3c7-4755-854d-a636ef54a317" storage="TestAssembly.dll">
      <Execution id="9de72387-3493-4819-af55-d1b0df95674c" />
      <TestMethod codeBase="TestAssembly.dll" className="TestNamespace.TestClass3" name="Test5227" />
    </UnitTest>
    <UnitTest name="Test5228" id="a39f7b03-4780-4114-a63c-97cf463c61c1" storage="TestAssembly.dll">
      <Execution id="63c959c4-76d2-435f-bc23-7d04723fa42b" />
      <TestMethod codeBase="TestAssembly.dll" className="TestNamespace.TestClass3" name="Test5228" />
    </UnitTest>
    <UnitTest name="Test5229" id="77851993-4df7-44dc-8094-c34f89f472f5" storage="TestAssembly.dll">
      <Execution id="e4fe1c51-09ff-48de-b129-5e037d49b2a4" />
      <TestMethod codeBase="TestAssembly.dll" className="TestNamespace.TestClass3" name="Test5229" />
    </UnitTest>
    <UnitTest name="Test5230" id="9da6c532-fcec-4b6d-af3c-93a752525323" storage="TestAssembly.dll">
      <Execution id="af3a3c63-97c5-4e78-86c6-b075494e9795" />
      <TestMethod codeBase="TestAssembly.dll" className="TestNamespace.TestClass3" name="Test5230" />
    </UnitTest>
    <UnitTest name="Test5231" id="fda0df04-515e-421a-97cb-b41ac00e13b9" storage="TestAssembly.dll">
      <Execution id="5bc6587f-1c03-410d-8d6b-622ac126b426" />
      <TestMethod codeBase="TestAssembly.dll" className="TestNamespace.TestClass4" name="Test5231" />
    </UnitTest>
    <UnitTest name="Test5232" id="a03903c0-2ba3-4397-b573-44211a5f6350" storage="TestAssembly.dll">
      <Execution id="a025f250-58a6-4c1d-83e0-755efb0d1ae5" />
      <TestMethod codeBase="TestAssembly.dll" className="TestNamespace.TestClass4" name="Test5232" />
    </UnitTest>
    <UnitTest name="Test5233" id="0c9e6472-b82c-4428-8330-1ada437581fd" storage="TestAssembly.dll">
      <Execution id="b2b9059d-abc2-4150-b767-621d6221eef7" />
      <TestMethod codeBase="TestAssembly.dll" className="TestNamespace.TestClass4" name="Test5233" />
    </UnitTest>
    <UnitTest name="Test5234" id="be8b75b5-e5de-47a0-ac99-e20488f4f752" storage="TestAssembly.dll">
      <Execution id="5edd924a-e401-44c9-a0b3-9b8dbdf9708f" />
      <TestMethod codeBase="TestAssembly.dll" className="TestNamespace.TestClass4" name="Test5234" />
    </UnitTest>
    <UnitTest name="Test5235" id="397fd70b-2dbe-41ff-801f-43d7921775d6" storage="TestAssembly.dll">
      <Execution id="9cbbdae7-635a-4b08-b652-e1db23846122" />
      <TestMethod codeBase="TestAssembly.dll" className="TestNamespace.TestClass4" name="Test5235" />
    </UnitTest>
    <UnitTest name="Test5236" id="2318098f-9f78-4349-9b8a-8f525784f0dc" storage="TestAssembly.dll">
      <Execution id="19b64c38-3e1d-49ae-9463-9a34922d153f" />
      <TestMethod codeBase="TestAssembly.dll" className="TestNamespace.TestClass4" name="Test5236" />
    </UnitTest>
    <UnitTest name="Test5237" id="94de72cb-1918-49eb-910e-e702db0777e2" storage="TestAssembly.dll">
      <Execution id="70ed5afc-4408-4097-9a23-058f66df7ec1" />
      <TestMethod codeBase="TestAssembly.dll" className="TestNamespace.TestClass4" name="Test5237" />
    </UnitTest>
    <UnitTest name="Test5238" id="437015d9-53b3-4aac-b5c3-2627c1d73e9f" storage="TestAssembly.dll">
      <Execution id="73888259-52ea-4fbe-8d58-6f3ecbfda2aa" />
      <TestMethod codeBase="TestAssembly.dll" className="TestNamespace.TestClass4" name="Test5238" />
    </UnitTest>
    <UnitTest name="Test5239" id="de20999a-ac4f-45bc-a948-ffa90a3f88ed" storage="TestAssembly.dll">
      <Execution id="c7ccba4d-432e-433b-b6ab-d11f134a503a" />
      <TestMethod codeBase="TestAssembly.dll" className="TestNamespace.TestClass4" name="Test5239" />
    </UnitTest>
    <UnitTest name="Test5240" id="84559ed0-3221-4073-bb2c-e0b841dbe5a5" storage="TestAssembly.dll">
      <Execution id="755895c6-a5da-4f99-8d62-634cde02b806" />
      <TestMethod codeBase="TestAssembly.dll" className="TestNamespace.TestClass4" name="Test5240" />
    </UnitTest>
    <UnitTest name="Test5241" id="b32f6634-d5f4-4368-bb9f-5a1debcbffb0" storage="TestAssembly.dll">
      <Execution id="d258030f-621c-4e1e-9758-4c54bde8b40e" />
      <TestMethod codeBase="TestAssembly.dll" className="TestNamespace.TestClass5" name="Test5241" />
    </UnitTest>
    <UnitTest name="Test5242" id="7e291d37-803c-4c34-8ed5-6524fc2247b9" storage="TestAssembly.dll">
      <Execution id="aadf0920-59b4-4264-b8b6-b94c546ee2b3" />
      <TestMethod codeBase="TestAssembly.dll" className="TestNamespace.TestClass5" name="Test5242" />
    </UnitTest>
    <UnitTest name="Test5243" id="4ee17575-d094-4ecf-b5b1-1188cbb65ea7" storage="TestAssembly.dll">
      <Execution id="d3505d42-e02f-4ba0-9f3a-470441b05852" />
      <TestMethod codeBase="TestAssembly.dll" className="TestNamespace.TestClass5" name="Test5243" />
    </UnitTest>
    <UnitTest name="Test5244" id="3960b75c-b8fa-47e6-8130-7c71ff3d2a1e" storage="TestAssembly.dll">
      <Execution id="b52fbcbf-cc7c-4368-a3a9-13199d26ff7b" />
      <TestMethod codeBase="TestAssembly.dll" className="TestNamespace.TestClass5" name="Test5244" />
    </UnitTest>
    <UnitTest name="Test5245" id="98fad82c-4384-43ee-b8b4-00ba52abcb2a" storage="TestAssembly.dll">
      <Execution id="b0a6b81c-aa83-4682-83dc-1a97d895cbb3" />
      <TestMethod codeBase="TestAssembly.dll" className="TestNamespace.TestClass5" name="Test5245" />
    </UnitTest>
    <UnitTest name="Test5246" id="f63b58d1-a83e-4314-b90f-26c65cf5e32e" storage="TestAssembly.dll">
      <Execution id="2f8c6118-24b9-46ae-8253-28302b7be91b" />
      <TestMethod codeBase="TestAssembly.dll" className="TestNamespace.TestClass5" name="Test5246" />
    </UnitTest>
    <UnitTest name="Test5247" id="b6ec5db2-0bc2-4e1c-bb52-e59fa00a26d0" storage="TestAssembly.dll">
      <Execution id="20cd0051-4707-4baa-8a68-aa029b53f4e4" />
      <TestMethod codeBase="TestAssembly.dll" className="TestNamespace.TestClass5" name="Test5247" />
    </UnitTest>
    <UnitTest name="Test5248" id="6a3b1580-69de-4186-b3d0-4e9de0b05c38" storage="TestAssembly.dll">
      <Execution id="7facbad3-2897-4acd-9fc1-e838f51d52ad" />
      <TestMethod codeBase="TestAssembly.dll" className="TestNamespace.TestClass5" name="Test5248" />
    </UnitTest>
    <UnitTest name="Test5249" id="d7f100b5-9453-4ddc-aa8c-52015345c2cd" storage="TestAssembly.dll">
      <Execution id="a53922c8-3e7c-4f4c-827b-e04c401a1d16" />
      <TestMethod codeBase="TestAssembly.dll" className="TestNamespace.TestClass5" name="Test5249" />
    </UnitTest>
    <UnitTest name="Test5250" id="4961e050-2a1c-4e79-bfc4-2904b6d872a4" storage="TestAssembly.dll">
      <Execution id="2f829e52-5845-4bb7-9c7f-cdc7ea94d18f" />
      <TestMethod codeBase="TestAssembly.dll" className="TestNamespace.TestClass5" name="Test5250" />
    </UnitTest>
    <UnitTest name="Test5251" id="d9f6150f-8f46-456d-925d-0f6295e1dc96" storage="TestAssembly.dll">
      <Execution id="fee54983-32ac-4368-b54a-007ef8f92278" />
      <TestMethod codeBase="TestAssembly.dll" className="TestNamespace.TestClass6" name="Test5251" />
    </UnitTest>
    <UnitTest name="Test5252" id="31baa633-0d2a-49ff-ac04-1be7d206629c" storage="TestAssembly.dll">
      <Execution id="aa2e3254-7f7c-4c0c-97cb-e7b21d452f89" />
      <TestMethod codeBase="TestAssembly.dll" className="TestNamespace.TestClass6" name="Test5252" />
    </UnitTest>
    <UnitTest name="Test5253" id="2925aafe-0b74-49d2-a939-5b55d8d3b72d" storage="TestAssembly.dll">
      <Execution id="96124f93-76c8-4add-a439-c10848e0fd4a" />
      <TestMethod codeBase="TestAssembly.dll" className="TestNamespace.TestClass6" name="Test5253" />
    </UnitTest>
    <UnitTest name="Test5254" id="3ccb99d6-e4d7-447c-8562-f1906d2c916c" storage="TestAssembly.dll">
      <Execution id="d2dc4e1f-d40c-448a-9b1d-f1b6319e2c39" />
      <TestMethod codeBase="TestAssembly.dll" className="TestNamespace.TestClass6" name="Test5254" />
    </UnitTest>
    <UnitTest name="Test5255" id="30748511-0ee7-443b-9542-7c55f2e5e7e5" storage="TestAssembly.dll">
      <Execution id="8e9ec9ef-4451-4a95-8da2-beb090cea807" />
      <TestMethod codeBase="TestAssembly.dll" className="TestNamespace.TestClass6" name="Test5255" />
    </UnitTest>
    <UnitTest name="Test5256" id="37730cb4-8da5-434b-93e1-193bd20724dd" storage="TestAssembly.dll">
      <Execution id="3c71143f-9a72-48a0-bc15-c7debb92638e" />
      <TestMethod codeBase="TestAssembly.dll" className="TestNamespace.TestClass6" name="Test5256" />
    </UnitTest>
    <UnitTest name="Test5257" id="670b6807-a7c8-4f21-81eb-799b693a5051" storage="TestAssembly.dll">
      <Execution id="520e64fb-f7fc-4752-84ae-064ff6c5a946" />
      <TestMethod codeBase="TestAssembly.dll" className="TestNamespace.TestClass6" name="Test5257" />
    </UnitTest>
    <UnitTest name="Test5258" id="9b37b6b1-1bdf-4060-a455-054525b29836" storage="TestAssembly.dll">
      <Execution id="c352e9c7-f3ca-4499-a943-4e1ff7701f35" />
      <TestMethod codeBase="TestAssembly.dll" className="TestNamespace.TestClass6" name="Test5258" />
    </UnitTest>
    <UnitTest name="Test5259" id="3b4f3add-9135-423e-9198-d1fc3286415c" storage="TestAssembly.dll">
      <Execution id="2514988e-3006-46f4-b518-985f48f1d90e" />
      <TestMethod codeBase="TestAssembly.dll" className="TestNamespace.TestClass6" name="Test5259" />
    </UnitTest>
    <UnitTest name="Test5260" id="8c8c3f87-bd90-4ce1-992a-eff7af245dbb" storage="TestAssembly.dll">
      <Execution id="1cb964aa-2bbb-4772-a233-189bd91cb9d7" />
      <TestMethod codeBase="TestAssembly.dll" className="TestNamespace.TestClass6" name="Test5260" />
    </UnitTest>
    <UnitTest name="Test5261" id="5e7fb992-0f58-4728-a567-12f32be9cb17" storage="TestAssembly.dll">
      <Execution id="5835bacf-1334-4fe8-a0d0-60083899562c" />
      <TestMethod codeBase="TestAssembly.dll" className="TestNamespace.TestClass7" name="Test5261" />
    </UnitTest>
    <UnitTest name="Test5262" id="c8706f6b-91e6-4018-809e-b68b51aa79c5" storage="TestAssembly.dll">
      <Execution id="90787b11-53d0-4ef2-87c3-090df8f4ed87" />
      <TestMethod codeBase="TestAssembly.dll" className="TestNamespace.TestClass7" name="Test5262" />
    </UnitTest>
    <UnitTest name="Test5263" id="742b5fb1-5683-4f3d-b4df-029f13984bdd" storage="TestAssembly.dll">
      <Execution id="707211e1-4fea-4df9-9ba9-eee2b07f541d" />
      <TestMethod codeBase="TestAssembly.dll" className="TestNamespace.TestClass7" name="Test5263" />
    </UnitTest>
    <UnitTest name="Test5264" id="d6bfc383-014b-42bf-be07-900809e2fa61" storage="TestAssembly.dll">
      <Execution id="b22fdec4-2957-4a62-8339-5544cc86ee1d" />
      <TestMethod codeBase="TestAssembly.dll" className="TestNamespace.TestClass7" name="Test5264" />
    </UnitTest>
    <UnitTest name="Test5265" id="895ec25e-d295-4b33-8346-f7ecc50c192d" storage="TestAssembly.dll">
      <Execution id="9da1fb9e-3dbb-4cf8-9369-31803e4a3e72" />
      <TestMethod codeBase="TestAssembly.dll" className="TestNamespace.TestClass7" name="Test5265" />
    </UnitTest>
    <UnitTest name="Test5266" id="c4215b08-237d-45dc-aa24-7ab65231e1a1" storage="TestAssembly.dll">
      <Execution id="93a86e17-923a-4a7e-b6a5-99b1d4dbd8c9" />
      <TestMethod codeBase="TestAssembly.dll" className="TestNamespace.TestClass7" name="Test5266" />
    </UnitTest>
    <UnitTest name="Test5267" id="ee7016e1-c579-444d-8c5d-c184e3040ca4" storage="TestAssembly.dll">
      <Execution id="48ce6529-09e2-4237-9d7e-14f7bdc301e0" />
      <TestMethod codeBase="TestAssembly.dll" className="TestNamespace.TestClass7" name="Test5267" />
    </UnitTest>
    <UnitTest name="Test5268" id="ae1b7b3b-1264-49ea-b203-505fff04c6c1" storage="TestAssembly.dll">
      <Execution id="d52c3373-c637-4fb5-855a-59f5cfb937d3" />
      <TestMethod codeBase="TestAssembly.dll" className="TestNamespace.TestClass7" name="Test5268" />
    </UnitTest>
    <UnitTest name="Test5269" id="58b0316f-6352-4be0-851f-e9937196f3ec" storage="TestAssembly.dll">
      <Execution id="b86d7cde-c2fb-412b-b822-dc8581980a82" />
      <TestMethod codeBase="TestAssembly.dll" className="TestNamespace.TestClass7" name="Test5269" />
    </UnitTest>
    <UnitTest name="Test5270" id="e472ebd4-2514-42ff-946e-6e4bbd5944b0" storage="TestAssembly.dll">
      <Execution id="7ae86faa-0b7b-491b-a430-eb91daeb0c87" />
      <TestMethod codeBase="TestAssembly.dll" className="TestNamespace.TestClass7" name="Test5270" />
    </UnitTest>
    <UnitTest name="Test5271" id="247639de-44b9-4894-a404-c034dbba86d7" storage="TestAssembly.dll">
      <Execution id="dcb1de40-6959-44d7-a98b-10bd36fe7ed4" />
      <TestMethod codeBase="TestAssembly.dll" className="TestNamespace.TestClass8" name="Test5271" />
    </UnitTest>
    <UnitTest name="Test5272" id="87bb09e5-669f-4854-966d-b2a8f54666dc" storage="TestAssembly.dll">
      <Execution id="a95a9c34-1c42-4c5c-8abb-7dbd72611588" />
      <TestMethod codeBase="TestAssembly.dll" className="TestNamespace.TestClass8" name="Test5272" />
    </UnitTest>
    <UnitTest name="Test5273" id="9d6c7285-4a28-4603-9921-624bf9399ef9" storage="TestAssembly.dll">
      <Execution id="a960ecb4-fbc3-4132-b8d1-cdba899696ac" />
      <TestMethod codeBase="TestAssembly.dll" className="TestNamespace.TestClass8" name="Test5273" />
    </UnitTest>
    <UnitTest name="Test5274" id="0ae6ad33-5ae4-4eee-a28c-386a7cc82c6d" storage="TestAssembly.dll">
      <Execution id="e156b815-c392-4c7d-81fe-bcb31a50e856" />
      <TestMethod codeBase="TestAssembly.dll" className="TestNamespace.TestClass8" name="Test5274" />
    </UnitTest>
    <UnitTest name="Test5275" id="2ddaa510-260c-4a15-a04d-99ac907c47f0" storage="TestAssembly.dll">
      <Execution id="2f38c28f-7291-4d98-85de-9473bf894a06" />
      <TestMethod codeBase="TestAssembly.dll" className="TestNamespace.TestClass8" name="Test5275" />
    </UnitTest>
    <UnitTest name="Test5276" id="87ff509a-d8f8-4ae9-92c0-7266443fbef8" storage="TestAssembly.dll">
      <Execution id="8f6bb557-7eb8-4d82-84a1-e6daf11c2532" />
      <TestMethod codeBase="TestAssembly.dll" className="TestNamespace.TestClass8" name="Test5276" />
    </UnitTest>
    <UnitTest name="Test5277" id="6278f7fb-92e7-4718-9c25-6ecdcc7f034a" storage="TestAssembly.dll">
      <Execution id="8ceb5833-82a2-401b-a3a1-3f10191ea1fc" />
      <TestMethod codeBase="TestAssembly.dll" className="TestNamespace.TestClass8" name="Test5277" />
    </UnitTest>
    <UnitTest name="Test5278" id="1af7592a-85fa-4f48-b076-1d2dcbcf1c09" storage="TestAssembly.dll">
      <Execution id="33925cbc-41ed-4725-84b6-f8d011bc6b8e" />
      <TestMethod codeBase="TestAssembly.dll" className="TestNamespace.TestClass8" name="Test5278" />
    </UnitTest>
    <UnitTest name="Test5279" id="428bb5fa-4bf1-4d0c-a501-dc482359794b" storage="TestAssembly.dll">
      <Execution id="5bf1fbb7-0573-4021-8303-c2b209f1486b" />
      <TestMethod codeBase="TestAssembly.dll" className="TestNamespace.TestClass8" name="Test5279" />
    </UnitTest>
    <UnitTest name="Test5280" id="608e2448-88e1-456b-94cb-cd158c41f7b1" storage="TestAssembly.dll">
      <Execution id="46f8b409-408b-4e08-a6e4-821ff2cbb532" />
      <TestMethod codeBase="TestAssembly.dll" className="TestNamespace.TestClass8" name="Test5280" />
    </UnitTest>
    <UnitTest name="Test5281" id="f31f7c0c-09f8-47f2-9c65-49a455ff5e49" storage="TestAssembly.dll">
      <Execution id="3a2b75d8-670e-435a-8ab0-e8b8443ec0e7" />
      <TestMethod codeBase="TestAssembly.dll" className="TestNamespace.TestClass9" name="Test5281" />
    </UnitTest>
    <UnitTest name="Test5282" id="ff1f9002-17c3-4ac0-bcb9-1df6420de2ac" storage="TestAssembly.dll">
      <Execution id="2a6a6174-e679-40a2-97d3-1e4185263236" />
      <TestMethod codeBase="TestAssembly.dll" className="TestNamespace.TestClass9" name="Test5282" />
    </UnitTest>
    <UnitTest name="Test5283" id="34ae071e-1511-44d1-8674-6ae21e710b5d" storage="TestAssembly.dll">
      <Execution id="2dfe3848-f614-4d10-89bb-a69ccdcfd224" />
      <TestMethod codeBase="TestAssembly.dll" className="TestNamespace.TestClass9" name="Test5283" />
    </UnitTest>
    <UnitTest name="Test5284" id="6abc7d5e-fa2b-4dbc-b981-86d2fb9263d4" storage="TestAssembly.dll">
      <Execution id="db915835-a083-434e-94ac-c1c45bc1bcb1" />
      <TestMethod codeBase="TestAssembly.dll" className="TestNamespace.TestClass9" name="Test5284" />
    </UnitTest>
    <UnitTest name="Test5285" id="7cd341d2-6020-4837-ab29-d9b32af497d6" storage="TestAssembly.dll">
      <Execution id="b4d550d0-9f58-4168-9d08-b7785e8a4d34" />
      <TestMethod codeBase="TestAssembly.dll" className="TestNamespace.TestClass9" name="Test5285" />
    </UnitTest>
    <UnitTest name="Test5286" id="cfc2d612-10ea-4d92-8e7f-04b5beabe079" storage="TestAssembly.dll">
      <Execution id="3d358455-1257-41dc-a822-6d731c8ba2c2" />
      <TestMethod codeBase="TestAssembly.dll" className="TestNamespace.TestClass9" name="Test5286" />
    </UnitTest>
    <UnitTest name="Test5287" id="40aa0031-a821-44fe-806a-7d3b63011f4b" storage="TestAssembly.dll">
      <Execution id="844532fb-cdb5-4062-96bd-5dcd942c419e" />
      <TestMethod codeBase="TestAssembly.dll" className="TestNamespace.TestClass9" name="Test5287" />
    </UnitTest>
    <UnitTest name="Test5288" id="7361fee5-59c8-47c2-9e7c-231d2686b64d" storage="TestAssembly.dll">
      <Execution id="e2803aae-ce16-4b07-993b-77240e2d3a08" />
      <TestMethod codeBase="TestAssembly.dll" className="TestNamespace.TestClass9" name="Test5288" />
    </UnitTest>
    <UnitTest name="Test5289" id="28f5c374-3419-441b-8648-47077c39030d" storage="TestAssembly.dll">
      <Execution id="dff8a64c-cefd-471d-8b53-8d43c9f60f6e" />
      <TestMethod codeBase="TestAssembly.dll" className="TestNamespace.TestClass9" name="Test5289" />
    </UnitTest>
    <UnitTest name="Test5290" id="2e10aab4-24cb-4380-a8b1-994e71690c9b" storage="TestAssembly.dll">
      <Execution id="997e89c7-e7e0-4431-b276-4565c7d4b4fe" />
      <TestMethod codeBase="TestAssembly.dll" className="TestNamespace.TestClass9" name="Test5290" />
    </UnitTest>
    <UnitTest name="Test5291" id="e06f51c8-38d3-4b91-90a2-52af850c0e42" storage="TestAssembly.dll">
      <Execution id="1a2a207a-a630-4f7a-af10-ac2fb3ac0a32" />
      <TestMethod codeBase="TestAssembly.dll" className="TestNamespace.TestClass10" name="Test5291" />
    </UnitTest>
    <UnitTest name="Test5292" id="bcf4ccea-9000-406a-9a1e-394aecfe9e82" storage="TestAssembly.dll">
      <Execution id="b19176ce-e610-44fb-bae4-d75fa225685e" />
      <TestMethod codeBase="TestAssembly.dll" className="TestNamespace.TestClass10" name="Test5292" />
    </UnitTest>
    <UnitTest name="Test5293" id="ac80bcb1-2435-4f98-a384-1524a6ee0e04" storage="TestAssembly.dll">
      <Execution id="9bf0de0a-e448-4b76-a504-400ce47f1326" />
      <TestMethod codeBase="TestAssembly.dll" className="TestNamespace.TestClass10" name="Test5293" />
    </UnitTest>
    <UnitTest name="Test5294" id="605e4f1a-01f0-4edd-9ad9-bb80ecd4abab" storage="TestAssembly.dll">
      <Execution id="4c8f67db-68de-4d8f-95ee-2982365c624f" />
      <TestMethod codeBase="TestAssembly.dll" className="TestNamespace.TestClass10" name="Test5294" />
    </UnitTest>
    <UnitTest name="Test5295" id="1b66bf04-96d4-4f28-a75a-d5cdc6125f39" storage="TestAssembly.dll">
      <Execution id="efcd67d9-4cd5-4e5a-bf3a-01fc69eefcf7" />
      <TestMethod codeBase="TestAssembly.dll" className="TestNamespace.TestClass10" name="Test5295" />
    </UnitTest>
    <UnitTest name="Test5296" id="b45820c8-122b-4aab-a046-134eab59fff1" storage="TestAssembly.dll">
      <Execution id="53a01458-ed4f-4b5c-84ab-a038d7605d84" />
      <TestMethod codeBase="TestAssembly.dll" className="TestNamespace.TestClass10" name="Test5296" />
    </UnitTest>
    <UnitTest name="Test5297" id="e5254819-eecb-4009-aaec-027687152bf9" storage="TestAssembly.dll">
      <Execution id="32984396-bcf1-4e10-93ac-ec03d54f8345" />
      <TestMethod codeBase="TestAssembly.dll" className="TestNamespace.TestClass10" name="Test5297" />
    </UnitTest>
    <UnitTest name="Test5298" id="33fcc779-a3eb-49f1-a141-34be6786a581" storage="TestAssembly.dll">
      <Execution id="839df7cb-1bbf-4821-abfd-4e154deeff9a" />
      <TestMethod codeBase="TestAssembly.dll" className="TestNamespace.TestClass10" name="Test5298" />
    </UnitTest>
    <UnitTest name="Test5299" id="09fcb100-eda8-4212-9bb0-57bc2810d77b" storage="TestAssembly.dll">
      <Execution id="e19eaa5a-6308-4e25-9c8a-5c7e2158a2b9" />
      <TestMethod codeBase="TestAssembly.dll" className="TestNamespace.TestClass10" name="Test5299" />
    </UnitTest>
    <UnitTest name="Test5300" id="018b6d8d-2881-4d28-8f32-654f83d1dc2c" storage="TestAssembly.dll">
      <Execution id="41bbb55d-8834-4dee-a365-4b5cb8c9bf69" />
      <TestMethod codeBase="TestAssembly.dll" className="TestNamespace.TestClass10" name="Test5300" />
    </UnitTest>
  </TestDefinitions>
  <TestEntries>
    <TestEntry testId="907fe1d5-2a4f-4062-9fb7-d9058408edd7" executionId="b3f2d2b9-5efe-4aa3-9188-c8c3a3334e7a" testListId="70885fab-07d1-46d4-a749-aa8eaf6b651b" />
    <TestEntry testId="0ea13993-4e55-4e4c-bc62-d9711dab45d4" executionId="acb3b917-a055-4222-9888-fbc7daba5f0b" testListId="70885fab-07d1-46d4-a749-aa8eaf6b651b" />
    <TestEntry testId="6c63ab53-b4af-4ffb-8e94-1aaf6460dc0b" executionId="76f8992e-ce3b-4585-a067-cf046d42c7ed" testListId="70885fab-07d1-46d4-a749-aa8eaf6b651b" />
    <TestEntry testId="79dc8d8e-e4e5-4f30-b0df-f719c20e1a78" executionId="2f4b3932-2b17-4e64-9c00-761763028e8f" testListId="70885fab-07d1-46d4-a749-aa8eaf6b651b" />
    <TestEntry testId="c9870362-31b5-4fd2-803b-a2ce6cc46999" executionId="61712d5f-2b0f-4134-8e35-b689e1142d46" testListId="70885fab-07d1-46d4-a749-aa8eaf6b651b" />
    <TestEntry testId="d206f029-305a-44b8-a291-0be8164e52d7" executionId="ae0a034d-e720-4157-9e95-20cefd75899f" testListId="70885fab-07d1-46d4-a749-aa8eaf6b651b" />
    <TestEntry testId="32bff6b3-ad50-4ef5-8539-931062638134" executionId="36646bad-6989-4204-8ff2-ead897d4aa90" testListId="70885fab-07d1-46d4-a749-aa8eaf6b651b" />
    <TestEntry testId="1e3b20c5-24b3-4009-a16c-106a1a1792a3" executionId="09c00c5f-e7a8-49ad-9eac-a6d95ad86980" testListId="70885fab-07d1-46d4-a749-aa8eaf6b651b" />
    <TestEntry testId="1c11f52b-e279-4e2d-b639-cb02f2829270" executionId="96c6f454-5005-4a1f-a3ef-c2c33f6f4aa2" testListId="70885fab-07d1-46d4-a749-aa8eaf6b651b" />
    <TestEntry testId="eb46c490-db97-40ea-8973-1b27112a108a" executionId="64213076-dae7-4d50-b85b-9c18588eebf9" testListId="70885fab-07d1-46d4-a749-aa8eaf6b651b" />
    <TestEntry testId="43e0990c-0b60-4179-ad3c-ed785393e697" executionId="2b409c89-eda0-4f90-aeed-2dbbe77e79bf" testListId="70885fab-07d1-46d4-a749-aa8eaf6b651b" />
    <TestEntry testId="f491cd32-0bf8-4763-9347-003ffb419d92" executionId="20050c7d-3fc8-4d58-a64f-a0660423c6cf" testListId="70885fab-07d1-46d4-a749-aa8eaf6b651b" />
    <TestEntry testId="aecf7bdd-ad6a-42ab-a4a1-1d238f48fb0c" executionId="e9ed3333-67a9-4708-97c6-cfc43b3c034d" testListId="70885fab-07d1-46d4-a749-aa8eaf6b651b" />
    <TestEntry testId="7634cfbe-39d2-4253-a202-692430b511fb" executionId="c1b311ac-7a2a-4a70-90b7-85f9c8db9391" testListId="70885fab-07d1-46d4-a749-aa8eaf6b651b" />
    <TestEntry testId="c93872c7-4c5e-4974-822f-550d99e6d31b" executionId="cba7d474-bafd-4618-8696-9a58ddd220bf" testListId="70885fab-07d1-46d4-a749-aa8eaf6b651b" />
    <TestEntry testId="f88e9513-fb57-465c-a89c-0b0660286799" executionId="b82b9789-6818-49ab-902c-822e97f11968" testListId="70885fab-07d1-46d4-a749-aa8eaf6b651b" />
    <TestEntry testId="aaaf06e8-f3c6-4455-b57c-2c183bdac799" executionId="5e5179ad-af09-4fd6-8e2b-69dd97436479" testListId="70885fab-07d1-46d4-a749-aa8eaf6b651b" />
    <TestEntry testId="acf6d9fe-2444-4663-9bf2-7722bafcf7d8" executionId="019f8fec-3259-4de9-a74d-c9bfbeb65b02" testListId="70885fab-07d1-46d4-a749-aa8eaf6b651b" />
    <TestEntry testId="bbdb6e1c-3e86-4cad-a7cc-fec5ec158830" executionId="af73dfb4-952e-460f-8d2a-3b7b9c8bd300" testListId="70885fab-07d1-46d4-a749-aa8eaf6b651b" />
    <TestEntry testId="22689982-9a12-441c-b55b-ab6abd058ae2" executionId="58b6970f-5b27-4a97-986d-06d8f8515d50" testListId="70885fab-07d1-46d4-a749-aa8eaf6b651b" />
    <TestEntry testId="8f84928c-8299-419b-8ec6-e80eb50c976d" executionId="6ae33498-acf7-4e93-94e9-cfc93cbfb6a6" testListId="70885fab-07d1-46d4-a749-aa8eaf6b651b" />
    <TestEntry testId="61a191dc-1e8c-4fa9-803a-f2d6a71b71e1" executionId="4dc7484a-1c2d-4c07-8f73-7015f6644a35" testListId="70885fab-07d1-46d4-a749-aa8eaf6b651b" />
    <TestEntry testId="c018a64a-8c04-4c4b-afaa-40044453b0d3" executionId="4f240c38-25a1-4fdc-b1b6-dbdb1d8cee15" testListId="70885fab-07d1-46d4-a749-aa8eaf6b651b" />
    <TestEntry testId="daf78738-3a77-4e34-aff7-08e81f20d7a2" executionId="f76acc27-10b8-4388-8e93-8f9d88e7f80a" testListId="70885fab-07d1-46d4-a749-aa8eaf6b651b" />
    <TestEntry testId="417fb27c-3bfa-4279-80c9-1d69a8890d14" executionId="e4640455-29bd-435d-820a-3164ea325a0f" testListId="70885fab-07d1-46d4-a749-aa8eaf6b651b" />
    <TestEntry testId="5f6c37b4-13ba-4e2d-974c-0e96c5b26680" executionId="a2885f75-9364-49ab-8eea-76f6bd06a19c" testListId="70885fab-07d1-46d4-a749-aa8eaf6b651b" />
    <TestEntry testId="7204bca2-b3c7-4755-854d-a636ef54a317" executionId="9de72387-3493-4819-af55-d1b0df95674c" testListId="70885fab-07d1-46d4-a749-aa8eaf6b651b" />
    <TestEntry testId="a39f7b03-4780-4114-a63c-97cf463c61c1" executionId="63c959c4-76d2-435f-bc23-7d04723fa42b" testListId="70885fab-07d1-46d4-a749-aa8eaf6b651b" />
    <TestEntry testId="77851993-4df7-44dc-8094-c34f89f472f5" executionId="e4fe1c51-09ff-48de-b129-5e037d49b2a4" testListId="70885fab-07d1-46d4-a749-aa8eaf6b651b" />
    <TestEntry testId="9da6c532-fcec-4b6d-af3c-93a752525323" executionId="af3a3c63-97c5-4e78-86c6-b075494e9795" testListId="70885fab-07d1-46d4-a749-aa8eaf6b651b" />
    <TestEntry testId="fda0df04-515e-421a-97cb-b41ac00e13b9" executionId="5bc6587f-1c03-410d-8d6b-622ac126b426" testListId="70885fab-07d1-46d4-a749-aa8eaf6b651b" />
    <TestEntry testId="a03903c0-2ba3-4397-b573-44211a5f6350" executionId="a025f250-58a6-4c1d-83e0-755efb0d1ae5" testListId="70885fab-07d1-46d4-a749-aa8eaf6b651b" />
    <TestEntry testId="0c9e6472-b82c-4428-8330-1ada437581fd" executionId="b2b9059d-abc2-4150-b767-621d6221eef7" testListId="70885fab-07d1-46d4-a749-aa8eaf6b651b" />
    <TestEntry testId="be8b75b5-e5de-47a0-ac99-e20488f4f752" executionId="5edd924a-e401-44c9-a0b3-9b8dbdf9708f" testListId="70885fab-07d1-46d4-a749-aa8eaf6b651b" />
    <TestEntry testId="397fd70b-2dbe-41ff-801f-43d7921775d6" executionId="9cbbdae7-635a-4b08-b652-e1db23846122" testListId="70885fab-07d1-46d4-a749-aa8eaf6b651b" />
    <TestEntry testId="2318098f-9f78-4349-9b8a-8f525784f0dc" executionId="19b64c38-3e1d-49ae-9463-9a34922d153f" testListId="70885fab-07d1-46d4-a749-aa8eaf6b651b" />
    <TestEntry testId="94de72cb-1918-49eb-910e-e702db0777e2" executionId="70ed5afc-4408-4097-9a23-058f66df7ec1" testListId="70885fab-07d1-46d4-a749-aa8eaf6b651b" />
    <TestEntry testId="437015d9-53b3-4aac-b5c3-2627c1d73e9f" executionId="73888259-52ea-4fbe-8d58-6f3ecbfda2aa" testListId="70885fab-07d1-46d4-a749-aa8eaf6b651b" />
    <TestEntry testId="de20999a-ac4f-45bc-a948-ffa90a3f88ed" executionId="c7ccba4d-432e-433b-b6ab-d11f134a503a" testListId="70885fab-07d1-46d4-a749-aa8eaf6b651b" />
    <TestEntry testId="84559ed0-3221-4073-bb2c-e0b841dbe5a5" executionId="755895c6-a5da-4f99-8d62-634cde02b806" testListId="70885fab-07d1-46d4-a749-aa8eaf6b651b" />
    <TestEntry testId="b32f6634-d5f4-4368-bb9f-5a1debcbffb0" executionId="d258030f-621c-4e1e-9758-4c54bde8b40e" testListId="70885fab-07d1-46d4-a749-aa8eaf6b651b" />
    <TestEntry testId="7e291d37-803c-4c34-8ed5-6524fc2247b9" executionId="aadf0920-59b4-4264-b8b6-b94c546ee2b3" testListId="70885fab-07d1-46d4-a749-aa8eaf6b651b" />
    <TestEntry testId="4ee17575-d094-4ecf-b5b1-1188cbb65ea7" executionId="d3505d42-e02f-4ba0-9f3a-470441b05852" testListId="70885fab-07d1-46d4-a749-aa8eaf6b651b" />
    <TestEntry testId="3960b75c-b8fa-47e6-8130-7c71ff3d2a1e" executionId="b52fbcbf-cc7c-4368-a3a9-13199d26ff7b" testListId="70885fab-07d1-46d4-a749-aa8eaf6b651b" />
    <TestEntry testId="98fad82c-4384-43ee-b8b4-00ba52abcb2a" executionId="b0a6b81c-aa83-4682-83dc-1a97d895cbb3" testListId="70885fab-07d1-46d4-a749-aa8eaf6b651b" />
    <TestEntry testId="f63b58d1-a83e-4314-b90f-26c65cf5e32e" executionId="2f8c6118-24b9-46ae-8253-28302b7be91b" testListId="70885fab-07d1-46d4-a749-aa8eaf6b651b" />
    <TestEntry testId="b6ec5db2-0bc2-4e1c-bb52-e59fa00a26d0" executionId="20cd0051-4707-4baa-8a68-aa029b53f4e4" testListId="70885fab-07d1-46d4-a749-aa8eaf6b651b" />
    <TestEntry testId="6a3b1580-69de-4186-b3d0-4e9de0b05c38" executionId="7facbad3-2897-4acd-9fc1-e838f51d52ad" testListId="70885fab-07d1-46d4-a749-aa8eaf6b651b" />
    <TestEntry testId="d7f100b5-9453-4ddc-aa8c-52015345c2cd" executionId="a53922c8-3e7c-4f4c-827b-e04c401a1d16" testListId="70885fab-07d1-46d4-a749-aa8eaf6b651b" />
    <TestEntry testId="4961e050-2a1c-4e79-bfc4-2904b6d872a4" executionId="2f829e52-5845-4bb7-9c7f-cdc7ea94d18f" testListId="70885fab-07d1-46d4-a749-aa8eaf6b651b" />
    <TestEntry testId="d9f6150f-8f46-456d-925d-0f6295e1dc96" executionId="fee54983-32ac-4368-b54a-007ef8f92278" testListId="70885fab-07d1-46d4-a749-aa8eaf6b651b" />
    <TestEntry testId="31baa633-0d2a-49ff-ac04-1be7d206629c" executionId="aa2e3254-7f7c-4c0c-97cb-e7b21d452f89" testListId="70885fab-07d1-46d4-a749-aa8eaf6b651b" />
    <TestEntry testId="2925aafe-0b74-49d2-a939-5b55d8d3b72d" executionId="96124f93-76c8-4add-a439-c10848e0fd4a" testListId="70885fab-07d1-46d4-a749-aa8eaf6b651b" />
    <TestEntry testId="3ccb99d6-e4d7-447c-8562-f1906d2c916c" executionId="d2dc4e1f-d40c-448a-9b1d-f1b6319e2c39" testListId="70885fab-07d1-46d4-a749-aa8eaf6b651b" />
    <TestEntry testId="30748511-0ee7-443b-9542-7c55f2e5e7e5" executionId="8e9ec9ef-4451-4a95-8da2-beb090cea807" testListId="70885fab-07d1-46d4-a749-aa8eaf6b651b" />
    <TestEntry testId="37730cb4-8da5-434b-93e1-193bd20724dd" executionId="3c71143f-9a72-48a0-bc15-c7debb92638e" testListId="70885fab-07d1-46d4-a749-aa8eaf6b651b" />
    <TestEntry testId="670b6807-a7c8-4f21-81eb-799b693a5051" executionId="520e64fb-f7fc-4752-84ae-064ff6c5a946" testListId="70885fab-07d1-46d4-a749-aa8eaf6b651b" />
    <TestEntry testId="9b37b6b1-1bdf-4060-a455-054525b29836" executionId="c352e9c7-f3ca-4499-a943-4e1ff7701f35" testListId="70885fab-07d1-46d4-a749-aa8eaf6b651b" />
    <TestEntry testId="3b4f3add-9135-423e-9198-d1fc3286415c" executionId="2514988e-3006-46f4-b518-985f48f1d90e" testListId="70885fab-07d1-46d4-a749-aa8eaf6b651b" />
    <TestEntry testId="8c8c3f87-bd90-4ce1-992a-eff7af245dbb" executionId="1cb964aa-2bbb-4772-a233-189bd91cb9d7" testListId="70885fab-07d1-46d4-a749-aa8eaf6b651b" />
    <TestEntry testId="5e7fb992-0f58-4728-a567-12f32be9cb17" executionId="5835bacf-1334-4fe8-a0d0-60083899562c" testListId="70885fab-07d1-46d4-a749-aa8eaf6b651b" />
    <TestEntry testId="c8706f6b-91e6-4018-809e-b68b51aa79c5" executionId="90787b11-53d0-4ef2-87c3-090df8f4ed87" testListId="70885fab-07d1-46d4-a749-aa8eaf6b651b" />
    <TestEntry testId="742b5fb1-5683-4f3d-b4df-029f13984bdd" executionId="707211e1-4fea-4df9-9ba9-eee2b07f541d" testListId="70885fab-07d1-46d4-a749-aa8eaf6b651b" />
    <TestEntry testId="d6bfc383-014b-42bf-be07-900809e2fa61" executionId="b22fdec4-2957-4a62-8339-5544cc86ee1d" testListId="70885fab-07d1-46d4-a749-aa8eaf6b651b" />
    <TestEntry testId="895ec25e-d295-4b33-8346-f7ecc50c192d" executionId="9da1fb9e-3dbb-4cf8-9369-31803e4a3e72" testListId="70885fab-07d1-46d4-a749-aa8eaf6b651b" />
    <TestEntry testId="c4215b08-237d-45dc-aa24-7ab65231e1a1" executionId="93a86e17-923a-4a7e-b6a5-99b1d4dbd8c9" testListId="70885fab-07d1-46d4-a749-aa8eaf6b651b" />
    <TestEntry testId="ee7016e1-c579-444d-8c5d-c184e3040ca4" executionId="48ce6529-09e2-4237-9d7e-14f7bdc301e0" testListId="70885fab-07d1-46d4-a749-aa8eaf6b651b" />
    <TestEntry testId="ae1b7b3b-1264-49ea-b203-505fff04c6c1" executionId="d52c3373-c637-4fb5-855a-59f5cfb937d3" testListId="70885fab-07d1-46d4-a749-aa8eaf6b651b" />
    <TestEntry testId="58b0316f-6352-4be0-851f-e9937196f3ec" executionId="b86d7cde-c2fb-412b-b822-dc8581980a82" testListId="70885fab-07d1-46d4-a749-aa8eaf6b651b" />
    <TestEntry testId="e472ebd4-2514-42ff-946e-6e4bbd5944b0" executionId="7ae86faa-0b7b-491b-a430-eb91daeb0c87" testListId="70885fab-07d1-46d4-a749-aa8eaf6b651b" />
    <TestEntry testId="247639de-44b9-4894-a404-c034dbba86d7" executionId="dcb1de40-6959-44d7-a98b-10bd36fe7ed4" testListId="70885fab-07d1-46d4-a749-aa8eaf6b651b" />
    <TestEntry testId="87bb09e5-669f-4854-966d-b2a8f54666dc" executionId="a95a9c34-1c42-4c5c-8abb-7dbd72611588" testListId="70885fab-07d1-46d4-a749-aa8eaf6b651b" />
    <TestEntry testId="9d6c7285-4a28-4603-9921-624bf9399ef9" executionId="a960ecb4-fbc3-4132-b8d1-cdba899696ac" testListId="70885fab-07d1-46d4-a749-aa8eaf6b651b" />
    <TestEntry testId="0ae6ad33-5ae4-4eee-a28c-386a7cc82c6d" executionId="e156b815-c392-4c7d-81fe-bcb31a50e856" testListId="70885fab-07d1-46d4-a749-aa8eaf6b651b" />
    <TestEntry testId="2ddaa510-260c-4a15-a04d-99ac907c47f0" executionId="2f38c28f-7291-4d98-85de-9473bf894a06" testListId="70885fab-07d1-46d4-a749-aa8eaf6b651b" />
    <TestEntry testId="87ff509a-d8f8-4ae9-92c0-7266443fbef8" executionId="8f6bb557-7eb8-4d82-84a1-e6daf11c2532" testListId="70885fab-07d1-46d4-a749-aa8eaf6b651b" />
    <TestEntry testId="6278f7fb-92e7-4718-9c25-6ecdcc7f034a" executionId="8ceb5833-82a2-401b-a3a1-3f10191ea1fc" testListId="70885fab-07d1-46d4-a749-aa8eaf6b651b" />
    <TestEntry testId="1af7592a-85fa-4f48-b076-1d2dcbcf1c09" executionId="33925cbc-41ed-4725-84b6-f8d011bc6b8e" testListId="70885fab-07d1-46d4-a749-aa8eaf6b651b" />
    <TestEntry testId="428bb5fa-4bf1-4d0c-a501-dc482359794b" executionId="5bf1fbb7-0573-4021-8303-c2b209f1486b" testListId="70885fab-07d1-46d4-a749-aa8eaf6b651b" />
    <TestEntry testId="608e2448-88e1-456b-94cb-cd158c41f7b1" executionId="46f8b409-408b-4e08-a6e4-821ff2cbb532" testListId="70885fab-07d1-46d4-a749-aa8eaf6b651b" />
    <TestEntry testId="f31f7c0c-09f8-47f2-9c65-49a455ff5e49" executionId="3a2b75d8-670e-435a-8ab0-e8b8443ec0e7" testListId="70885fab-07d1-46d4-a749-aa8eaf6b651b" />
    <TestEntry testId="ff1f9002-17c3-4ac0-bcb9-1df6420de2ac" executionId="2a6a6174-e679-40a2-97d3-1e4185263236" testListId="70885fab-07d1-46d4-a749-aa8eaf6b651b" />
    <TestEntry testId="34ae071e-1511-44d1-8674-6ae21e710b5d" executionId="2dfe3848-f614-4d10-89bb-a69ccdcfd224" testListId="70885fab-07d1-46d4-a749-aa8eaf6b651b" />
    <TestEntry testId="6abc7d5e-fa2b-4dbc-b981-86d2fb9263d4" executionId="db915835-a083-434e-94ac-c1c45bc1bcb1" testListId="70885fab-07d1-46d4-a749-aa8eaf6b651b" />
    <TestEntry testId="7cd341d2-6020-4837-ab29-d9b32af497d6" executionId="b4d550d0-9f58-4168-9d08-b7785e8a4d34" testListId="70885fab-07d1-46d4-a749-aa8eaf6b651b" />
    <TestEntry testId="cfc2d612-10ea-4d92-8e7f-04b5beabe079" executionId="3d358455-1257-41dc-a822-6d731c8ba2c2" testListId="70885fab-07d1-46d4-a749-aa8eaf6b651b" />
    <TestEntry testId="40aa0031-a821-44fe-806a-7d3b63011f4b" executionId="844532fb-cdb5-4062-96bd-5dcd942c419e" testListId="70885fab-07d1-46d4-a749-aa8eaf6b651b" />
    <TestEntry testId="7361fee5-59c8-47c2-9e7c-231d2686b64d" executionId="e2803aae-ce16-4b07-993b-77240e2d3a08" testListId="70885fab-07d1-46d4-a749-aa8eaf6b651b" />
    <TestEntry testId="28f5c374-3419-441b-8648-47077c39030d" executionId="dff8a64c-cefd-471d-8b53-8d43c9f60f6e" testListId="70885fab-07d1-46d4-a749-aa8eaf6b651b" />
    <TestEntry testId="2e10aab4-24cb-4380-a8b1-994e71690c9b" executionId="997e89c7-e7e0-4431-b276-4565c7d4b4fe" testListId="70885fab-07d1-46d4-a749-aa8eaf6b651b" />
    <TestEntry testId="e06f51c8-38d3-4b91-90a2-52af850c0e42" executionId="1a2a207a-a630-4f7a-af10-ac2fb3ac0a32" testListId="70885fab-07d1-46d4-a749-aa8eaf6b651b" />
    <TestEntry testId="bcf4ccea-9000-406a-9a1e-394aecfe9e82" executionId="b19176ce-e610-44fb-bae4-d75fa225685e" testListId="70885fab-07d1-46d4-a749-aa8eaf6b651b" />
    <TestEntry testId="ac80bcb1-2435-4f98-a384-1524a6ee0e04" executionId="9bf0de0a-e448-4b76-a504-400ce47f1326" testListId="70885fab-07d1-46d4-a749-aa8eaf6b651b" />
    <TestEntry testId="605e4f1a-01f0-4edd-9ad9-bb80ecd4abab" executionId="4c8f67db-68de-4d8f-95ee-2982365c624f" testListId="70885fab-07d1-46d4-a749-aa8eaf6b651b" />
    <TestEntry testId="1b66bf04-96d4-4f28-a75a-d5cdc6125f39" executionId="efcd67d9-4cd5-4e5a-bf3a-01fc69eefcf7" testListId="70885fab-07d1-46d4-a749-aa8eaf6b651b" />
    <TestEntry testId="b45820c8-122b-4aab-a046-134eab59fff1" executionId="53a01458-ed4f-4b5c-84ab-a038d7605d84" testListId="70885fab-07d1-46d4-a749-aa8eaf6b651b" />
    <TestEntry testId="e5254819-eecb-4009-aaec-027687152bf9" executionId="32984396-bcf1-4e10-93ac-ec03d54f8345" testListId="70885fab-07d1-46d4-a749-aa8eaf6b651b" />
    <TestEntry testId="33fcc779-a3eb-49f1-a141-34be6786a581" executionId="839df7cb-1bbf-4821-abfd-4e154deeff9a" testListId="70885fab-07d1-46d4-a749-aa8eaf6b651b" />
    <TestEntry testId="09fcb100-eda8-4212-9bb0-57bc2810d77b" executionId="e19eaa5a-6308-4e25-9c8a-5c7e2158a2b9" testListId="70885fab-07d1-46d4-a749-aa8eaf6b651b" />
    <TestEntry testId="018b6d8d-2881-4d28-8f32-654f83d1dc2c" executionId="41bbb55d-8834-4dee-a365-4b5cb8c9bf69" testListId="70885fab-07d1-46d4-a749-aa8eaf6b651b" />
  </TestEntries>
  <TestLists>
    <TestList name="Results Not in a List" id="70885fab-07d1-46d4-a749-aa8eaf6b651b" />
    <TestList name="All Loaded Results" id="6ceff7dd-276d-4d5c-adaa-92d8f603d0a6" />
  </TestLists>
</TestRun>