<?xml version="1.0" encoding="UTF-8"?>
<TestRun id="59dd9894-ec86-476f-b700-90f4c1c3cfa1" name="Test Run 87" runUser="Oles Galatsan" xmlns="http://microsoft.com/schemas/VisualStudio/TeamTest/2010">
  <Times creation="2025-05-14T13:20:31.3125482Z" queuing="2025-05-14T13:20:31.3125482Z" start="2025-05-14T13:20:31.3146610Z" finish="2025-05-14T13:25:31.3147553Z" />
  <TestSettings name="Test Settings 87" id="adc981a8-0afd-46f9-98d5-faf106a3c8b6" />
  <Results>
    <UnitTestResult executionId="c0fcf293-e150-45a6-a14e-149dedf22f58" testId="89fdaf2c-c9a1-4556-a55a-5c2d8d4502b8" testName="Test8601" computerName="UA-LPT-OGA2" duration="00:00:00.6310000" startTime="2025-05-14T13:20:31.3146610Z" endTime="2025-05-14T13:25:31.3147553Z" testType="13cdc9d9-ddb5-4fa4-a97d-d965ccfc6d4b" outcome="Passed" testListId="e9600217-cf60-413e-beb2-67607a397d58" />
    <UnitTestResult executionId="7517543e-831f-4656-88a4-2aed38864969" testId="8e2607a5-056b-4f74-8224-d978a0a75600" testName="Test8602" computerName="UA-LPT-OGA2" duration="00:00:00.6640000" startTime="2025-05-14T13:20:31.3146610Z" endTime="2025-05-14T13:25:31.3147553Z" testType="13cdc9d9-ddb5-4fa4-a97d-d965ccfc6d4b" outcome="Failed" testListId="e9600217-cf60-413e-beb2-67607a397d58">
      <Output>
        <ErrorInfo>
          <Message>Assertion failed: Expected value did not match actual value.</Message>
          <StackTrace>   at TestNamespace.TestClass.Test() in TestClass.cs:line 233</StackTrace>
        </ErrorInfo>
      </Output>
    </UnitTestResult>
    <UnitTestResult executionId="c95d2cb3-7902-46fa-b013-b2e1127543f8" testId="029f03f0-50ae-43c8-97cb-c908067344d9" testName="Test8603" computerName="UA-LPT-OGA2" duration="00:00:01.6370000" startTime="2025-05-14T13:20:31.3146610Z" endTime="2025-05-14T13:25:31.3147553Z" testType="13cdc9d9-ddb5-4fa4-a97d-d965ccfc6d4b" outcome="Passed" testListId="e9600217-cf60-413e-beb2-67607a397d58" />
    <UnitTestResult executionId="75e7b7e7-c304-4caa-b1e4-f5838633a16b" testId="3d1f060d-3570-43e7-b756-986db209d5e4" testName="Test8604" computerName="UA-LPT-OGA2" duration="00:00:00.0680000" startTime="2025-05-14T13:20:31.3146610Z" endTime="2025-05-14T13:25:31.3147553Z" testType="13cdc9d9-ddb5-4fa4-a97d-d965ccfc6d4b" outcome="Passed" testListId="e9600217-cf60-413e-beb2-67607a397d58" />
    <UnitTestResult executionId="71a98c41-4a84-421a-93c6-cd8948e8ef66" testId="ea4abd4b-de99-4aef-bca3-e67e4a96ca5d" testName="Test8605" computerName="UA-LPT-OGA2" duration="00:00:00.0870000" startTime="2025-05-14T13:20:31.3146610Z" endTime="2025-05-14T13:25:31.3147553Z" testType="13cdc9d9-ddb5-4fa4-a97d-d965ccfc6d4b" outcome="Passed" testListId="e9600217-cf60-413e-beb2-67607a397d58" />
    <UnitTestResult executionId="81009832-2c98-45c8-b5fb-048878525fc4" testId="a7316ca0-7b89-4293-80da-4de494cd7ad9" testName="Test8606" computerName="UA-LPT-OGA2" duration="00:00:00.6120000" startTime="2025-05-14T13:20:31.3146610Z" endTime="2025-05-14T13:25:31.3147553Z" testType="13cdc9d9-ddb5-4fa4-a97d-d965ccfc6d4b" outcome="Passed" testListId="e9600217-cf60-413e-beb2-67607a397d58" />
    <UnitTestResult executionId="01338b14-1e00-49fd-8c93-bce14a41ca2e" testId="73c283ef-b7cc-40ad-8b30-63b75a875729" testName="Test8607" computerName="UA-LPT-OGA2" duration="00:00:00.7940000" startTime="2025-05-14T13:20:31.3146610Z" endTime="2025-05-14T13:25:31.3147553Z" testType="13cdc9d9-ddb5-4fa4-a97d-d965ccfc6d4b" outcome="Passed" testListId="e9600217-cf60-413e-beb2-67607a397d58" />
    <UnitTestResult executionId="bb3a7b32-b2ed-4031-847f-809de5810e00" testId="c18723bd-3bae-4330-a842-87c9ca25e912" testName="Test8608" computerName="UA-LPT-OGA2" duration="00:00:01.9260000" startTime="2025-05-14T13:20:31.3146610Z" endTime="2025-05-14T13:25:31.3147553Z" testType="13cdc9d9-ddb5-4fa4-a97d-d965ccfc6d4b" outcome="Passed" testListId="e9600217-cf60-413e-beb2-67607a397d58" />
    <UnitTestResult executionId="335fd7f3-2653-45fa-b668-b0ba00fdb6e8" testId="d6fcbe52-c1ae-441f-b165-20bb6dea938d" testName="Test8609" computerName="UA-LPT-OGA2" duration="00:00:01.5380000" startTime="2025-05-14T13:20:31.3146610Z" endTime="2025-05-14T13:25:31.3147553Z" testType="13cdc9d9-ddb5-4fa4-a97d-d965ccfc6d4b" outcome="Passed" testListId="e9600217-cf60-413e-beb2-67607a397d58" />
    <UnitTestResult executionId="18fdb1dc-fc0a-401d-bf95-d68dee687622" testId="c96cc134-aa8c-4afd-8dfd-e40c03b004ff" testName="Test8610" computerName="UA-LPT-OGA2" duration="00:00:01.5460000" startTime="2025-05-14T13:20:31.3146610Z" endTime="2025-05-14T13:25:31.3147553Z" testType="13cdc9d9-ddb5-4fa4-a97d-d965ccfc6d4b" outcome="Passed" testListId="e9600217-cf60-413e-beb2-67607a397d58" />
    <UnitTestResult executionId="3f055dd3-14fc-477c-b1e6-21a678ed1cc5" testId="92872538-e40b-4cf4-bf1d-5b6f930e7484" testName="Test8611" computerName="UA-LPT-OGA2" duration="00:00:00.7240000" startTime="2025-05-14T13:20:31.3146610Z" endTime="2025-05-14T13:25:31.3147553Z" testType="13cdc9d9-ddb5-4fa4-a97d-d965ccfc6d4b" outcome="Passed" testListId="e9600217-cf60-413e-beb2-67607a397d58" />
    <UnitTestResult executionId="16b15988-921d-4010-88e0-d7343c9d87be" testId="6ac5c414-c7ae-412b-bf50-c07a532309fc" testName="Test8612" computerName="UA-LPT-OGA2" duration="00:00:01.6770000" startTime="2025-05-14T13:20:31.3146610Z" endTime="2025-05-14T13:25:31.3147553Z" testType="13cdc9d9-ddb5-4fa4-a97d-d965ccfc6d4b" outcome="Passed" testListId="e9600217-cf60-413e-beb2-67607a397d58" />
    <UnitTestResult executionId="690a8ab5-5b2f-4692-b641-a2c5117a684f" testId="48742963-420f-4d0c-aff4-39114d5ad12e" testName="Test8613" computerName="UA-LPT-OGA2" duration="00:00:01.5160000" startTime="2025-05-14T13:20:31.3146610Z" endTime="2025-05-14T13:25:31.3147553Z" testType="13cdc9d9-ddb5-4fa4-a97d-d965ccfc6d4b" outcome="Passed" testListId="e9600217-cf60-413e-beb2-67607a397d58" />
    <UnitTestResult executionId="4a62772f-e091-4d0e-a25e-299149bfd067" testId="bf5dcf39-62f9-45cc-a079-516608102a24" testName="Test8614" computerName="UA-LPT-OGA2" duration="00:00:00.0630000" startTime="2025-05-14T13:20:31.3146610Z" endTime="2025-05-14T13:25:31.3147553Z" testType="13cdc9d9-ddb5-4fa4-a97d-d965ccfc6d4b" outcome="Passed" testListId="e9600217-cf60-413e-beb2-67607a397d58" />
    <UnitTestResult executionId="2fc771ca-8aad-488e-a7f8-0d873ed38934" testId="a40d2ebd-1532-4882-90ae-adc07f76ff9d" testName="Test8615" computerName="UA-LPT-OGA2" duration="00:00:01.9210000" startTime="2025-05-14T13:20:31.3146610Z" endTime="2025-05-14T13:25:31.3147553Z" testType="13cdc9d9-ddb5-4fa4-a97d-d965ccfc6d4b" outcome="Passed" testListId="e9600217-cf60-413e-beb2-67607a397d58" />
    <UnitTestResult executionId="f4f36df6-a3b7-45b4-ba5e-c4ee1b551180" testId="41eed428-55cb-4120-b85b-afc67303cc1e" testName="Test8616" computerName="UA-LPT-OGA2" duration="00:00:01.6760000" startTime="2025-05-14T13:20:31.3146610Z" endTime="2025-05-14T13:25:31.3147553Z" testType="13cdc9d9-ddb5-4fa4-a97d-d965ccfc6d4b" outcome="Passed" testListId="e9600217-cf60-413e-beb2-67607a397d58" />
    <UnitTestResult executionId="74ef1945-76d5-41d2-897e-72e27fb2b439" testId="be817913-17cb-4371-be97-0c2ff4023fe6" testName="Test8617" computerName="UA-LPT-OGA2" duration="00:00:01.3500000" startTime="2025-05-14T13:20:31.3146610Z" endTime="2025-05-14T13:25:31.3147553Z" testType="13cdc9d9-ddb5-4fa4-a97d-d965ccfc6d4b" outcome="Passed" testListId="e9600217-cf60-413e-beb2-67607a397d58" />
    <UnitTestResult executionId="4c4fea91-5dd4-4632-b4fd-2de2bb663d81" testId="34d9dfb5-f9a4-420b-a848-580cbec304ec" testName="Test8618" computerName="UA-LPT-OGA2" duration="00:00:00.3840000" startTime="2025-05-14T13:20:31.3146610Z" endTime="2025-05-14T13:25:31.3147553Z" testType="13cdc9d9-ddb5-4fa4-a97d-d965ccfc6d4b" outcome="Passed" testListId="e9600217-cf60-413e-beb2-67607a397d58" />
    <UnitTestResult executionId="a093d75a-8f63-44f7-9225-2d87bb1556d3" testId="93409623-f505-47cf-8f15-c2cdf9f1193b" testName="Test8619" computerName="UA-LPT-OGA2" duration="00:00:01.3060000" startTime="2025-05-14T13:20:31.3146610Z" endTime="2025-05-14T13:25:31.3147553Z" testType="13cdc9d9-ddb5-4fa4-a97d-d965ccfc6d4b" outcome="Passed" testListId="e9600217-cf60-413e-beb2-67607a397d58" />
    <UnitTestResult executionId="ad635161-4c00-45e5-8f4a-6a68338e7ea8" testId="5a48b2a3-b853-4238-bc15-2a05c409049c" testName="Test8620" computerName="UA-LPT-OGA2" duration="00:00:01.2960000" startTime="2025-05-14T13:20:31.3146610Z" endTime="2025-05-14T13:25:31.3147553Z" testType="13cdc9d9-ddb5-4fa4-a97d-d965ccfc6d4b" outcome="Passed" testListId="e9600217-cf60-413e-beb2-67607a397d58" />
    <UnitTestResult executionId="8c5e7e3d-0fe7-4050-9fdb-6f59bca98755" testId="77a5d43d-965e-48a7-86a8-a4c064beb5d3" testName="Test8621" computerName="UA-LPT-OGA2" duration="00:00:01.4710000" startTime="2025-05-14T13:20:31.3146610Z" endTime="2025-05-14T13:25:31.3147553Z" testType="13cdc9d9-ddb5-4fa4-a97d-d965ccfc6d4b" outcome="Failed" testListId="e9600217-cf60-413e-beb2-67607a397d58">
      <Output>
        <ErrorInfo>
          <Message>Assertion failed: Expected value did not match actual value.</Message>
          <StackTrace>   at TestNamespace.TestClass.Test() in TestClass.cs:line 412</StackTrace>
        </ErrorInfo>
      </Output>
    </UnitTestResult>
    <UnitTestResult executionId="83d16070-618b-4fd4-82d9-9634b08874aa" testId="6ea4d821-1878-4ef8-aa74-7dda5c76482e" testName="Test8622" computerName="UA-LPT-OGA2" duration="00:00:00.0190000" startTime="2025-05-14T13:20:31.3146610Z" endTime="2025-05-14T13:25:31.3147553Z" testType="13cdc9d9-ddb5-4fa4-a97d-d965ccfc6d4b" outcome="Passed" testListId="e9600217-cf60-413e-beb2-67607a397d58" />
    <UnitTestResult executionId="ab93b63f-f2c8-4451-8500-d866d554cf56" testId="4f379302-049d-4dca-9797-263df78d6e13" testName="Test8623" computerName="UA-LPT-OGA2" duration="00:00:00.7110000" startTime="2025-05-14T13:20:31.3146610Z" endTime="2025-05-14T13:25:31.3147553Z" testType="13cdc9d9-ddb5-4fa4-a97d-d965ccfc6d4b" outcome="Passed" testListId="e9600217-cf60-413e-beb2-67607a397d58" />
    <UnitTestResult executionId="32d231ce-e80d-4962-b8a9-92b324950a74" testId="cbb3cd26-92b3-48f7-b80e-fe52366a4de8" testName="Test8624" computerName="UA-LPT-OGA2" duration="00:00:00.9120000" startTime="2025-05-14T13:20:31.3146610Z" endTime="2025-05-14T13:25:31.3147553Z" testType="13cdc9d9-ddb5-4fa4-a97d-d965ccfc6d4b" outcome="Passed" testListId="e9600217-cf60-413e-beb2-67607a397d58" />
    <UnitTestResult executionId="22356b6b-5693-4e49-8280-324f3d37adad" testId="27adb55e-bfc7-4ce4-a1de-e98354de24d3" testName="Test8625" computerName="UA-LPT-OGA2" duration="00:00:01.5890000" startTime="2025-05-14T13:20:31.3146610Z" endTime="2025-05-14T13:25:31.3147553Z" testType="13cdc9d9-ddb5-4fa4-a97d-d965ccfc6d4b" outcome="Passed" testListId="e9600217-cf60-413e-beb2-67607a397d58" />
    <UnitTestResult executionId="ad9048e3-7050-4e31-935d-9ea8675d0c43" testId="4cab3387-95eb-4d44-8e13-142a392aa58e" testName="Test8626" computerName="UA-LPT-OGA2" duration="00:00:01.3320000" startTime="2025-05-14T13:20:31.3146610Z" endTime="2025-05-14T13:25:31.3147553Z" testType="13cdc9d9-ddb5-4fa4-a97d-d965ccfc6d4b" outcome="Passed" testListId="e9600217-cf60-413e-beb2-67607a397d58" />
    <UnitTestResult executionId="9ed5291d-71bb-4f9b-a1cb-3b6a6d4aa0d1" testId="b7d65eca-4fd7-4522-bad2-3f73dbf1d1d6" testName="Test8627" computerName="UA-LPT-OGA2" duration="00:00:01.8340000" startTime="2025-05-14T13:20:31.3146610Z" endTime="2025-05-14T13:25:31.3147553Z" testType="13cdc9d9-ddb5-4fa4-a97d-d965ccfc6d4b" outcome="Failed" testListId="e9600217-cf60-413e-beb2-67607a397d58">
      <Output>
        <ErrorInfo>
          <Message>Assertion failed: Expected value did not match actual value.</Message>
          <StackTrace>   at TestNamespace.TestClass.Test() in TestClass.cs:line 102</StackTrace>
        </ErrorInfo>
      </Output>
    </UnitTestResult>
    <UnitTestResult executionId="6e0e13eb-8a91-4234-9996-790f6be0a017" testId="b06392e0-f562-47fa-976d-20d697bbcdd5" testName="Test8628" computerName="UA-LPT-OGA2" duration="00:00:01.3790000" startTime="2025-05-14T13:20:31.3146610Z" endTime="2025-05-14T13:25:31.3147553Z" testType="13cdc9d9-ddb5-4fa4-a97d-d965ccfc6d4b" outcome="Passed" testListId="e9600217-cf60-413e-beb2-67607a397d58" />
    <UnitTestResult executionId="d2646878-04da-47dd-98e6-79c9dc2e922a" testId="3029c5d1-fb20-4449-89c3-65378d414859" testName="Test8629" computerName="UA-LPT-OGA2" duration="00:00:00.4180000" startTime="2025-05-14T13:20:31.3146610Z" endTime="2025-05-14T13:25:31.3147553Z" testType="13cdc9d9-ddb5-4fa4-a97d-d965ccfc6d4b" outcome="Passed" testListId="e9600217-cf60-413e-beb2-67607a397d58" />
    <UnitTestResult executionId="5d72a027-84c9-4157-b9a2-29116df876fa" testId="a438153e-9b27-49a8-b012-b12bcb54e724" testName="Test8630" computerName="UA-LPT-OGA2" duration="00:00:01.6960000" startTime="2025-05-14T13:20:31.3146610Z" endTime="2025-05-14T13:25:31.3147553Z" testType="13cdc9d9-ddb5-4fa4-a97d-d965ccfc6d4b" outcome="Passed" testListId="e9600217-cf60-413e-beb2-67607a397d58" />
    <UnitTestResult executionId="e8716da7-fcc3-4dad-9a22-231909cefa4e" testId="28bae8c4-a057-4a07-9fa2-6ad04ba3fcd7" testName="Test8631" computerName="UA-LPT-OGA2" duration="00:00:01.0480000" startTime="2025-05-14T13:20:31.3146610Z" endTime="2025-05-14T13:25:31.3147553Z" testType="13cdc9d9-ddb5-4fa4-a97d-d965ccfc6d4b" outcome="Passed" testListId="e9600217-cf60-413e-beb2-67607a397d58" />
    <UnitTestResult executionId="fea3f98c-6d00-43f0-9e4e-b054f606b516" testId="664b9b7b-046e-4f8b-9ca9-50b80cb11627" testName="Test8632" computerName="UA-LPT-OGA2" duration="00:00:01.3290000" startTime="2025-05-14T13:20:31.3146610Z" endTime="2025-05-14T13:25:31.3147553Z" testType="13cdc9d9-ddb5-4fa4-a97d-d965ccfc6d4b" outcome="Passed" testListId="e9600217-cf60-413e-beb2-67607a397d58" />
    <UnitTestResult executionId="3197c3c5-5158-47d4-a941-1b0d53de6d16" testId="f4a94897-0c17-406f-803e-5dc9feaf7572" testName="Test8633" computerName="UA-LPT-OGA2" duration="00:00:00.5320000" startTime="2025-05-14T13:20:31.3146610Z" endTime="2025-05-14T13:25:31.3147553Z" testType="13cdc9d9-ddb5-4fa4-a97d-d965ccfc6d4b" outcome="Passed" testListId="e9600217-cf60-413e-beb2-67607a397d58" />
    <UnitTestResult executionId="1b9e2888-89d1-480a-8a7c-5ae04bfb4ab6" testId="44860aa6-73e4-47ce-8177-8217d1b1619f" testName="Test8634" computerName="UA-LPT-OGA2" duration="00:00:00.5260000" startTime="2025-05-14T13:20:31.3146610Z" endTime="2025-05-14T13:25:31.3147553Z" testType="13cdc9d9-ddb5-4fa4-a97d-d965ccfc6d4b" outcome="Passed" testListId="e9600217-cf60-413e-beb2-67607a397d58" />
    <UnitTestResult executionId="5be97352-286f-40db-877e-f454a2e2526e" testId="3dbf1577-1111-4cbf-90f6-e14152324d29" testName="Test8635" computerName="UA-LPT-OGA2" duration="00:00:00.7020000" startTime="2025-05-14T13:20:31.3146610Z" endTime="2025-05-14T13:25:31.3147553Z" testType="13cdc9d9-ddb5-4fa4-a97d-d965ccfc6d4b" outcome="Passed" testListId="e9600217-cf60-413e-beb2-67607a397d58" />
    <UnitTestResult executionId="b9f277eb-f775-462a-b812-925951894c5d" testId="2ec59852-f061-463e-9276-c9f3a45ccb9e" testName="Test8636" computerName="UA-LPT-OGA2" duration="00:00:01.8990000" startTime="2025-05-14T13:20:31.3146610Z" endTime="2025-05-14T13:25:31.3147553Z" testType="13cdc9d9-ddb5-4fa4-a97d-d965ccfc6d4b" outcome="Passed" testListId="e9600217-cf60-413e-beb2-67607a397d58" />
    <UnitTestResult executionId="9f208e3f-1730-4682-a7f2-e5f78ea06ee9" testId="5b6773f3-add9-4a85-8f31-69b25100dbf6" testName="Test8637" computerName="UA-LPT-OGA2" duration="00:00:00.6140000" startTime="2025-05-14T13:20:31.3146610Z" endTime="2025-05-14T13:25:31.3147553Z" testType="13cdc9d9-ddb5-4fa4-a97d-d965ccfc6d4b" outcome="Passed" testListId="e9600217-cf60-413e-beb2-67607a397d58" />
    <UnitTestResult executionId="f7d9ad51-1c93-40cf-ba9f-403b9cac2803" testId="f4e9a855-8b13-4f31-9197-a4e569ec92bf" testName="Test8638" computerName="UA-LPT-OGA2" duration="00:00:01.1210000" startTime="2025-05-14T13:20:31.3146610Z" endTime="2025-05-14T13:25:31.3147553Z" testType="13cdc9d9-ddb5-4fa4-a97d-d965ccfc6d4b" outcome="Passed" testListId="e9600217-cf60-413e-beb2-67607a397d58" />
    <UnitTestResult executionId="78849093-a25c-4b48-8667-2aa346169539" testId="8df91d21-93a6-4524-83be-d90877aaff83" testName="Test8639" computerName="UA-LPT-OGA2" duration="00:00:01.5970000" startTime="2025-05-14T13:20:31.3146610Z" endTime="2025-05-14T13:25:31.3147553Z" testType="13cdc9d9-ddb5-4fa4-a97d-d965ccfc6d4b" outcome="Failed" testListId="e9600217-cf60-413e-beb2-67607a397d58">
      <Output>
        <ErrorInfo>
          <Message>Assertion failed: Expected value did not match actual value.</Message>
          <StackTrace>   at TestNamespace.TestClass.Test() in TestClass.cs:line 54</StackTrace>
        </ErrorInfo>
      </Output>
    </UnitTestResult>
    <UnitTestResult executionId="945f65c4-5817-4740-9711-6b1282294279" testId="509be2c9-1345-4dd1-b472-d859c212e178" testName="Test8640" computerName="UA-LPT-OGA2" duration="00:00:01.9300000" startTime="2025-05-14T13:20:31.3146610Z" endTime="2025-05-14T13:25:31.3147553Z" testType="13cdc9d9-ddb5-4fa4-a97d-d965ccfc6d4b" outcome="Failed" testListId="e9600217-cf60-413e-beb2-67607a397d58">
      <Output>
        <ErrorInfo>
          <Message>Assertion failed: Expected value did not match actual value.</Message>
          <StackTrace>   at TestNamespace.TestClass.Test() in TestClass.cs:line 462</StackTrace>
        </ErrorInfo>
      </Output>
    </UnitTestResult>
    <UnitTestResult executionId="dd7472c8-b234-45fd-a81c-e21660cdc946" testId="d529dc0f-b99a-4d30-ab94-8faa666def04" testName="Test8641" computerName="UA-LPT-OGA2" duration="00:00:01.3300000" startTime="2025-05-14T13:20:31.3146610Z" endTime="2025-05-14T13:25:31.3147553Z" testType="13cdc9d9-ddb5-4fa4-a97d-d965ccfc6d4b" outcome="Passed" testListId="e9600217-cf60-413e-beb2-67607a397d58" />
    <UnitTestResult executionId="359d8d4f-99d3-4347-8932-7b78c888645b" testId="7e71ebc7-81b2-4534-ae9a-2dc90212bbfd" testName="Test8642" computerName="UA-LPT-OGA2" duration="00:00:01.0210000" startTime="2025-05-14T13:20:31.3146610Z" endTime="2025-05-14T13:25:31.3147553Z" testType="13cdc9d9-ddb5-4fa4-a97d-d965ccfc6d4b" outcome="Passed" testListId="e9600217-cf60-413e-beb2-67607a397d58" />
    <UnitTestResult executionId="d61b9888-e9a4-4da5-8f06-f23440a3883e" testId="dda09210-dca6-4cac-8498-d26d22cb7b2d" testName="Test8643" computerName="UA-LPT-OGA2" duration="00:00:01.1600000" startTime="2025-05-14T13:20:31.3146610Z" endTime="2025-05-14T13:25:31.3147553Z" testType="13cdc9d9-ddb5-4fa4-a97d-d965ccfc6d4b" outcome="Passed" testListId="e9600217-cf60-413e-beb2-67607a397d58" />
    <UnitTestResult executionId="caa17c6b-fbad-4a07-ac2d-9cd85d1ed5b5" testId="a9ec81b0-c883-4f67-8359-db2dcd0c1a81" testName="Test8644" computerName="UA-LPT-OGA2" duration="00:00:01.5140000" startTime="2025-05-14T13:20:31.3146610Z" endTime="2025-05-14T13:25:31.3147553Z" testType="13cdc9d9-ddb5-4fa4-a97d-d965ccfc6d4b" outcome="Failed" testListId="e9600217-cf60-413e-beb2-67607a397d58">
      <Output>
        <ErrorInfo>
          <Message>Assertion failed: Expected value did not match actual value.</Message>
          <StackTrace>   at TestNamespace.TestClass.Test() in TestClass.cs:line 243</StackTrace>
        </ErrorInfo>
      </Output>
    </UnitTestResult>
    <UnitTestResult executionId="58437626-2ee9-4f71-ac44-2a07e08b729c" testId="a9812d4e-8d1f-4ec4-ba75-fea4738e9cf6" testName="Test8645" computerName="UA-LPT-OGA2" duration="00:00:00.9750000" startTime="2025-05-14T13:20:31.3146610Z" endTime="2025-05-14T13:25:31.3147553Z" testType="13cdc9d9-ddb5-4fa4-a97d-d965ccfc6d4b" outcome="Passed" testListId="e9600217-cf60-413e-beb2-67607a397d58" />
    <UnitTestResult executionId="ffb1cb75-a5ac-4ab5-a136-9690616e8ce7" testId="11eac900-6bf0-43b8-9cee-cb086c341174" testName="Test8646" computerName="UA-LPT-OGA2" duration="00:00:00.8010000" startTime="2025-05-14T13:20:31.3146610Z" endTime="2025-05-14T13:25:31.3147553Z" testType="13cdc9d9-ddb5-4fa4-a97d-d965ccfc6d4b" outcome="Passed" testListId="e9600217-cf60-413e-beb2-67607a397d58" />
    <UnitTestResult executionId="2f361244-816d-4c87-b20b-8803d36a5d18" testId="c21811da-7511-417b-bc4c-5767fa931d2a" testName="Test8647" computerName="UA-LPT-OGA2" duration="00:00:01.6060000" startTime="2025-05-14T13:20:31.3146610Z" endTime="2025-05-14T13:25:31.3147553Z" testType="13cdc9d9-ddb5-4fa4-a97d-d965ccfc6d4b" outcome="Passed" testListId="e9600217-cf60-413e-beb2-67607a397d58" />
    <UnitTestResult executionId="6477053f-5ab4-433d-be6a-d62554d42a1f" testId="92096c09-1a7e-4659-a230-d80c9694a7e1" testName="Test8648" computerName="UA-LPT-OGA2" duration="00:00:01.4150000" startTime="2025-05-14T13:20:31.3146610Z" endTime="2025-05-14T13:25:31.3147553Z" testType="13cdc9d9-ddb5-4fa4-a97d-d965ccfc6d4b" outcome="Passed" testListId="e9600217-cf60-413e-beb2-67607a397d58" />
    <UnitTestResult executionId="bb446427-aeef-40b5-88b1-82506fce279e" testId="973519d1-1fd4-48f8-ae8a-ee94b7f66a87" testName="Test8649" computerName="UA-LPT-OGA2" duration="00:00:01.5750000" startTime="2025-05-14T13:20:31.3146610Z" endTime="2025-05-14T13:25:31.3147553Z" testType="13cdc9d9-ddb5-4fa4-a97d-d965ccfc6d4b" outcome="Passed" testListId="e9600217-cf60-413e-beb2-67607a397d58" />
    <UnitTestResult executionId="7437dcf9-72e1-4f73-afc8-8e9f5937fbcc" testId="f115cfb4-ef57-47da-91a7-d6eb51d18640" testName="Test8650" computerName="UA-LPT-OGA2" duration="00:00:00.1100000" startTime="2025-05-14T13:20:31.3146610Z" endTime="2025-05-14T13:25:31.3147553Z" testType="13cdc9d9-ddb5-4fa4-a97d-d965ccfc6d4b" outcome="Passed" testListId="e9600217-cf60-413e-beb2-67607a397d58" />
    <UnitTestResult executionId="ef941436-70b3-48e0-9945-b3e7dcec0e09" testId="22cde61e-7e1f-4950-9770-0d8508cbfd5a" testName="Test8651" computerName="UA-LPT-OGA2" duration="00:00:00.8980000" startTime="2025-05-14T13:20:31.3146610Z" endTime="2025-05-14T13:25:31.3147553Z" testType="13cdc9d9-ddb5-4fa4-a97d-d965ccfc6d4b" outcome="Passed" testListId="e9600217-cf60-413e-beb2-67607a397d58" />
    <UnitTestResult executionId="876f93c8-38c8-4f43-9843-4115935001e3" testId="31375c5e-538b-4b62-81bd-2db80c327cc9" testName="Test8652" computerName="UA-LPT-OGA2" duration="00:00:00.3000000" startTime="2025-05-14T13:20:31.3146610Z" endTime="2025-05-14T13:25:31.3147553Z" testType="13cdc9d9-ddb5-4fa4-a97d-d965ccfc6d4b" outcome="Passed" testListId="e9600217-cf60-413e-beb2-67607a397d58" />
    <UnitTestResult executionId="f1d0a3cc-4bea-4f14-934d-9de77c3897b1" testId="88960c40-17ad-4b93-bdae-eae8bbade74f" testName="Test8653" computerName="UA-LPT-OGA2" duration="00:00:00.4140000" startTime="2025-05-14T13:20:31.3146610Z" endTime="2025-05-14T13:25:31.3147553Z" testType="13cdc9d9-ddb5-4fa4-a97d-d965ccfc6d4b" outcome="Failed" testListId="e9600217-cf60-413e-beb2-67607a397d58">
      <Output>
        <ErrorInfo>
          <Message>Assertion failed: Expected value did not match actual value.</Message>
          <StackTrace>   at TestNamespace.TestClass.Test() in TestClass.cs:line 405</StackTrace>
        </ErrorInfo>
      </Output>
    </UnitTestResult>
    <UnitTestResult executionId="2ac9fe8d-6f99-48cf-9c95-f2f2715580fc" testId="140d111e-a5f6-4419-b43f-d109a6f025f6" testName="Test8654" computerName="UA-LPT-OGA2" duration="00:00:00.7080000" startTime="2025-05-14T13:20:31.3146610Z" endTime="2025-05-14T13:25:31.3147553Z" testType="13cdc9d9-ddb5-4fa4-a97d-d965ccfc6d4b" outcome="Passed" testListId="e9600217-cf60-413e-beb2-67607a397d58" />
    <UnitTestResult executionId="5671391e-6ad5-441d-8c75-a9c8fa9c6049" testId="7e31fa9f-e200-42bf-a343-dc35b0fb3bff" testName="Test8655" computerName="UA-LPT-OGA2" duration="00:00:01.8140000" startTime="2025-05-14T13:20:31.3146610Z" endTime="2025-05-14T13:25:31.3147553Z" testType="13cdc9d9-ddb5-4fa4-a97d-d965ccfc6d4b" outcome="Passed" testListId="e9600217-cf60-413e-beb2-67607a397d58" />
    <UnitTestResult executionId="a47c009a-b508-4136-b235-d0aaba5bcdc9" testId="dc173fd3-31c0-48cb-80ba-3340511b3816" testName="Test8656" computerName="UA-LPT-OGA2" duration="00:00:01.4300000" startTime="2025-05-14T13:20:31.3146610Z" endTime="2025-05-14T13:25:31.3147553Z" testType="13cdc9d9-ddb5-4fa4-a97d-d965ccfc6d4b" outcome="Passed" testListId="e9600217-cf60-413e-beb2-67607a397d58" />
    <UnitTestResult executionId="9237a7aa-3871-429c-84b0-1de7cccec52f" testId="8d52a236-de60-49aa-be34-337afa073e45" testName="Test8657" computerName="UA-LPT-OGA2" duration="00:00:00.3730000" startTime="2025-05-14T13:20:31.3146610Z" endTime="2025-05-14T13:25:31.3147553Z" testType="13cdc9d9-ddb5-4fa4-a97d-d965ccfc6d4b" outcome="Passed" testListId="e9600217-cf60-413e-beb2-67607a397d58" />
    <UnitTestResult executionId="b0695d00-c494-4944-a1d8-3cc445a661a2" testId="43324821-11bf-4620-b05e-9d990cc38f52" testName="Test8658" computerName="UA-LPT-OGA2" duration="00:00:00.4960000" startTime="2025-05-14T13:20:31.3146610Z" endTime="2025-05-14T13:25:31.3147553Z" testType="13cdc9d9-ddb5-4fa4-a97d-d965ccfc6d4b" outcome="Passed" testListId="e9600217-cf60-413e-beb2-67607a397d58" />
    <UnitTestResult executionId="6728881a-f20e-4459-be29-056b91f7fc22" testId="38d25907-ddcb-419a-9e6a-638496932ffd" testName="Test8659" computerName="UA-LPT-OGA2" duration="00:00:00.3830000" startTime="2025-05-14T13:20:31.3146610Z" endTime="2025-05-14T13:25:31.3147553Z" testType="13cdc9d9-ddb5-4fa4-a97d-d965ccfc6d4b" outcome="Passed" testListId="e9600217-cf60-413e-beb2-67607a397d58" />
    <UnitTestResult executionId="578d3453-b8d2-430d-b982-8a36e12a413c" testId="53e3cc2e-764e-4681-b18a-8c048b67a096" testName="Test8660" computerName="UA-LPT-OGA2" duration="00:00:01.2270000" startTime="2025-05-14T13:20:31.3146610Z" endTime="2025-05-14T13:25:31.3147553Z" testType="13cdc9d9-ddb5-4fa4-a97d-d965ccfc6d4b" outcome="Failed" testListId="e9600217-cf60-413e-beb2-67607a397d58">
      <Output>
        <ErrorInfo>
          <Message>Assertion failed: Expected value did not match actual value.</Message>
          <StackTrace>   at TestNamespace.TestClass.Test() in TestClass.cs:line 294</StackTrace>
        </ErrorInfo>
      </Output>
    </UnitTestResult>
    <UnitTestResult executionId="9e42da2e-2a15-4e74-85f4-bbb15b2335ed" testId="d345dc03-588c-4333-b58e-ce6744e4879d" testName="Test8661" computerName="UA-LPT-OGA2" duration="00:00:01.9520000" startTime="2025-05-14T13:20:31.3146610Z" endTime="2025-05-14T13:25:31.3147553Z" testType="13cdc9d9-ddb5-4fa4-a97d-d965ccfc6d4b" outcome="Passed" testListId="e9600217-cf60-413e-beb2-67607a397d58" />
    <UnitTestResult executionId="97b23fe2-019d-43a4-afd6-99f4847f7c55" testId="7f77d8c6-81c8-4ab7-8829-a3981d158726" testName="Test8662" computerName="UA-LPT-OGA2" duration="00:00:01.3720000" startTime="2025-05-14T13:20:31.3146610Z" endTime="2025-05-14T13:25:31.3147553Z" testType="13cdc9d9-ddb5-4fa4-a97d-d965ccfc6d4b" outcome="Passed" testListId="e9600217-cf60-413e-beb2-67607a397d58" />
    <UnitTestResult executionId="40c01e06-9166-46a5-b76b-d19cff19328b" testId="93c13e2c-ac74-4d84-b5aa-27d62df4cc98" testName="Test8663" computerName="UA-LPT-OGA2" duration="00:00:00.4140000" startTime="2025-05-14T13:20:31.3146610Z" endTime="2025-05-14T13:25:31.3147553Z" testType="13cdc9d9-ddb5-4fa4-a97d-d965ccfc6d4b" outcome="Passed" testListId="e9600217-cf60-413e-beb2-67607a397d58" />
    <UnitTestResult executionId="a6a73cd3-fb75-4ab1-907d-bcf63c419e85" testId="12d2a72b-b9d6-49ad-9c99-306085b28b0d" testName="Test8664" computerName="UA-LPT-OGA2" duration="00:00:01.5030000" startTime="2025-05-14T13:20:31.3146610Z" endTime="2025-05-14T13:25:31.3147553Z" testType="13cdc9d9-ddb5-4fa4-a97d-d965ccfc6d4b" outcome="Passed" testListId="e9600217-cf60-413e-beb2-67607a397d58" />
    <UnitTestResult executionId="ad07c7ef-d2a6-48b1-b9a6-58d07720adbb" testId="a8654c9f-7196-4923-ac0a-3c68de48dc0e" testName="Test8665" computerName="UA-LPT-OGA2" duration="00:00:01.8520000" startTime="2025-05-14T13:20:31.3146610Z" endTime="2025-05-14T13:25:31.3147553Z" testType="13cdc9d9-ddb5-4fa4-a97d-d965ccfc6d4b" outcome="Passed" testListId="e9600217-cf60-413e-beb2-67607a397d58" />
    <UnitTestResult executionId="2039c5e0-f21c-43cf-bbcf-58879f7ff6fa" testId="47241ac0-d417-4d82-a8b2-f077d28b14c3" testName="Test8666" computerName="UA-LPT-OGA2" duration="00:00:01.8180000" startTime="2025-05-14T13:20:31.3146610Z" endTime="2025-05-14T13:25:31.3147553Z" testType="13cdc9d9-ddb5-4fa4-a97d-d965ccfc6d4b" outcome="Passed" testListId="e9600217-cf60-413e-beb2-67607a397d58" />
    <UnitTestResult executionId="7fb18316-75ba-4380-b197-c4b1149cea2a" testId="dd4aa50b-730c-4975-abec-f87b43df1208" testName="Test8667" computerName="UA-LPT-OGA2" duration="00:00:01.1320000" startTime="2025-05-14T13:20:31.3146610Z" endTime="2025-05-14T13:25:31.3147553Z" testType="13cdc9d9-ddb5-4fa4-a97d-d965ccfc6d4b" outcome="Passed" testListId="e9600217-cf60-413e-beb2-67607a397d58" />
    <UnitTestResult executionId="483c12a5-b2dd-41bb-9d16-c3047ada422e" testId="82a8ab0f-14dc-426a-aca1-67a47bdf863f" testName="Test8668" computerName="UA-LPT-OGA2" duration="00:00:00.4200000" startTime="2025-05-14T13:20:31.3146610Z" endTime="2025-05-14T13:25:31.3147553Z" testType="13cdc9d9-ddb5-4fa4-a97d-d965ccfc6d4b" outcome="Passed" testListId="e9600217-cf60-413e-beb2-67607a397d58" />
    <UnitTestResult executionId="7e63d42b-4de6-4945-947a-6dbab9d7d163" testId="eed5d1dc-508f-4d02-a86b-365fcc4b3d6d" testName="Test8669" computerName="UA-LPT-OGA2" duration="00:00:00.2740000" startTime="2025-05-14T13:20:31.3146610Z" endTime="2025-05-14T13:25:31.3147553Z" testType="13cdc9d9-ddb5-4fa4-a97d-d965ccfc6d4b" outcome="Passed" testListId="e9600217-cf60-413e-beb2-67607a397d58" />
    <UnitTestResult executionId="e87c4af2-e1a2-4c00-9acf-cc9ad1c5316f" testId="4c96cd1c-4e05-4c17-934c-c07b0aa01343" testName="Test8670" computerName="UA-LPT-OGA2" duration="00:00:01.6880000" startTime="2025-05-14T13:20:31.3146610Z" endTime="2025-05-14T13:25:31.3147553Z" testType="13cdc9d9-ddb5-4fa4-a97d-d965ccfc6d4b" outcome="Passed" testListId="e9600217-cf60-413e-beb2-67607a397d58" />
    <UnitTestResult executionId="12fe2a0f-0b5f-49e9-ae1f-7bd044eb8bc9" testId="a622c9f8-cc36-48a8-b83f-77d8d846a787" testName="Test8671" computerName="UA-LPT-OGA2" duration="00:00:01.3860000" startTime="2025-05-14T13:20:31.3146610Z" endTime="2025-05-14T13:25:31.3147553Z" testType="13cdc9d9-ddb5-4fa4-a97d-d965ccfc6d4b" outcome="Passed" testListId="e9600217-cf60-413e-beb2-67607a397d58" />
    <UnitTestResult executionId="73fb581f-ab85-4b5c-bca5-089dc6c7a155" testId="0c36c0a2-9216-4881-8c24-da5803ae26bc" testName="Test8672" computerName="UA-LPT-OGA2" duration="00:00:00.6200000" startTime="2025-05-14T13:20:31.3146610Z" endTime="2025-05-14T13:25:31.3147553Z" testType="13cdc9d9-ddb5-4fa4-a97d-d965ccfc6d4b" outcome="Passed" testListId="e9600217-cf60-413e-beb2-67607a397d58" />
    <UnitTestResult executionId="2cd1cbaa-5535-4c48-b816-d3e6c77f77e4" testId="e50a0c48-b712-478a-b46e-7b0589bb7128" testName="Test8673" computerName="UA-LPT-OGA2" duration="00:00:01.6690000" startTime="2025-05-14T13:20:31.3146610Z" endTime="2025-05-14T13:25:31.3147553Z" testType="13cdc9d9-ddb5-4fa4-a97d-d965ccfc6d4b" outcome="Passed" testListId="e9600217-cf60-413e-beb2-67607a397d58" />
    <UnitTestResult executionId="da910967-160b-489c-b80f-b6eaa837d674" testId="0320991b-59c9-40dc-9f38-4ea37c8b91e4" testName="Test8674" computerName="UA-LPT-OGA2" duration="00:00:01.6820000" startTime="2025-05-14T13:20:31.3146610Z" endTime="2025-05-14T13:25:31.3147553Z" testType="13cdc9d9-ddb5-4fa4-a97d-d965ccfc6d4b" outcome="Failed" testListId="e9600217-cf60-413e-beb2-67607a397d58">
      <Output>
        <ErrorInfo>
          <Message>Assertion failed: Expected value did not match actual value.</Message>
          <StackTrace>   at TestNamespace.TestClass.Test() in TestClass.cs:line 308</StackTrace>
        </ErrorInfo>
      </Output>
    </UnitTestResult>
    <UnitTestResult executionId="9cfe060f-8e0c-4b19-aafd-a5a67f46b6c4" testId="6365fb55-a9f2-4111-b515-f17d717a5221" testName="Test8675" computerName="UA-LPT-OGA2" duration="00:00:00.5570000" startTime="2025-05-14T13:20:31.3146610Z" endTime="2025-05-14T13:25:31.3147553Z" testType="13cdc9d9-ddb5-4fa4-a97d-d965ccfc6d4b" outcome="Passed" testListId="e9600217-cf60-413e-beb2-67607a397d58" />
    <UnitTestResult executionId="a0f0f7b8-36e5-4fd2-aa34-ed616686b2e1" testId="4ca8e5d1-fbdc-46dc-9d97-df236f195287" testName="Test8676" computerName="UA-LPT-OGA2" duration="00:00:00.1060000" startTime="2025-05-14T13:20:31.3146610Z" endTime="2025-05-14T13:25:31.3147553Z" testType="13cdc9d9-ddb5-4fa4-a97d-d965ccfc6d4b" outcome="Passed" testListId="e9600217-cf60-413e-beb2-67607a397d58" />
    <UnitTestResult executionId="0198ad42-6f87-42d9-9008-f54179e2209a" testId="c58b42be-b6a0-4f4f-83f8-99631ff071c0" testName="Test8677" computerName="UA-LPT-OGA2" duration="00:00:00.8200000" startTime="2025-05-14T13:20:31.3146610Z" endTime="2025-05-14T13:25:31.3147553Z" testType="13cdc9d9-ddb5-4fa4-a97d-d965ccfc6d4b" outcome="Failed" testListId="e9600217-cf60-413e-beb2-67607a397d58">
      <Output>
        <ErrorInfo>
          <Message>Assertion failed: Expected value did not match actual value.</Message>
          <StackTrace>   at TestNamespace.TestClass.Test() in TestClass.cs:line 94</StackTrace>
        </ErrorInfo>
      </Output>
    </UnitTestResult>
    <UnitTestResult executionId="467d7a64-5086-4a22-85a9-903f9780922d" testId="e55706e8-3dfc-42fe-8bc1-fbf04fba049b" testName="Test8678" computerName="UA-LPT-OGA2" duration="00:00:01.6110000" startTime="2025-05-14T13:20:31.3146610Z" endTime="2025-05-14T13:25:31.3147553Z" testType="13cdc9d9-ddb5-4fa4-a97d-d965ccfc6d4b" outcome="Passed" testListId="e9600217-cf60-413e-beb2-67607a397d58" />
    <UnitTestResult executionId="df42546a-d4ad-45cf-ba83-49c07f397cc6" testId="8539feea-a6b1-47ee-8407-fce8cea56eff" testName="Test8679" computerName="UA-LPT-OGA2" duration="00:00:00.1060000" startTime="2025-05-14T13:20:31.3146610Z" endTime="2025-05-14T13:25:31.3147553Z" testType="13cdc9d9-ddb5-4fa4-a97d-d965ccfc6d4b" outcome="Passed" testListId="e9600217-cf60-413e-beb2-67607a397d58" />
    <UnitTestResult executionId="a7f25ef5-e1c1-45dd-a8a9-ad250a0a45e6" testId="6e786569-2c9f-4499-9d9c-1bbc037fc3f8" testName="Test8680" computerName="UA-LPT-OGA2" duration="00:00:00.7070000" startTime="2025-05-14T13:20:31.3146610Z" endTime="2025-05-14T13:25:31.3147553Z" testType="13cdc9d9-ddb5-4fa4-a97d-d965ccfc6d4b" outcome="Passed" testListId="e9600217-cf60-413e-beb2-67607a397d58" />
    <UnitTestResult executionId="d4b02b98-51e0-432a-96a2-082e28bd9b2f" testId="7915ae20-4ef2-43ce-8d44-9d88dab6abd4" testName="Test8681" computerName="UA-LPT-OGA2" duration="00:00:01.5890000" startTime="2025-05-14T13:20:31.3146610Z" endTime="2025-05-14T13:25:31.3147553Z" testType="13cdc9d9-ddb5-4fa4-a97d-d965ccfc6d4b" outcome="Passed" testListId="e9600217-cf60-413e-beb2-67607a397d58" />
    <UnitTestResult executionId="ed64f149-2e14-4e91-ab89-860226183255" testId="b7f1c3cc-250e-4b9a-9629-8608bd53711e" testName="Test8682" computerName="UA-LPT-OGA2" duration="00:00:01.4910000" startTime="2025-05-14T13:20:31.3146610Z" endTime="2025-05-14T13:25:31.3147553Z" testType="13cdc9d9-ddb5-4fa4-a97d-d965ccfc6d4b" outcome="Passed" testListId="e9600217-cf60-413e-beb2-67607a397d58" />
    <UnitTestResult executionId="1504da47-e4a8-4f34-b989-6d72f0496ab4" testId="59fc3609-de31-41c1-b258-5a55a10bb206" testName="Test8683" computerName="UA-LPT-OGA2" duration="00:00:01.5180000" startTime="2025-05-14T13:20:31.3146610Z" endTime="2025-05-14T13:25:31.3147553Z" testType="13cdc9d9-ddb5-4fa4-a97d-d965ccfc6d4b" outcome="Inconclusive" testListId="e9600217-cf60-413e-beb2-67607a397d58" />
    <UnitTestResult executionId="aa3ddbe7-6694-44c9-9cc1-d834649ecaa8" testId="2ca3328c-9362-4616-a1e9-0b47a4681df5" testName="Test8684" computerName="UA-LPT-OGA2" duration="00:00:01.8650000" startTime="2025-05-14T13:20:31.3146610Z" endTime="2025-05-14T13:25:31.3147553Z" testType="13cdc9d9-ddb5-4fa4-a97d-d965ccfc6d4b" outcome="Passed" testListId="e9600217-cf60-413e-beb2-67607a397d58" />
    <UnitTestResult executionId="f69a8a5f-d45d-48ce-b929-30cea8d12109" testId="676c68be-c3d9-43fe-8cd8-a83b137c2b0e" testName="Test8685" computerName="UA-LPT-OGA2" duration="00:00:01.3480000" startTime="2025-05-14T13:20:31.3146610Z" endTime="2025-05-14T13:25:31.3147553Z" testType="13cdc9d9-ddb5-4fa4-a97d-d965ccfc6d4b" outcome="Passed" testListId="e9600217-cf60-413e-beb2-67607a397d58" />
    <UnitTestResult executionId="e0e44598-2483-488a-abfe-4fc7a1b6ef42" testId="97e57a80-57c6-430f-86c0-090bd773aa56" testName="Test8686" computerName="UA-LPT-OGA2" duration="00:00:01.5310000" startTime="2025-05-14T13:20:31.3146610Z" endTime="2025-05-14T13:25:31.3147553Z" testType="13cdc9d9-ddb5-4fa4-a97d-d965ccfc6d4b" outcome="Passed" testListId="e9600217-cf60-413e-beb2-67607a397d58" />
    <UnitTestResult executionId="d1052a00-0f0c-41b0-885e-5ffae918148e" testId="375fb0e7-669e-42e5-804f-87950156da0f" testName="Test8687" computerName="UA-LPT-OGA2" duration="00:00:01.3130000" startTime="2025-05-14T13:20:31.3146610Z" endTime="2025-05-14T13:25:31.3147553Z" testType="13cdc9d9-ddb5-4fa4-a97d-d965ccfc6d4b" outcome="Passed" testListId="e9600217-cf60-413e-beb2-67607a397d58" />
    <UnitTestResult executionId="d4bb098a-e5f8-47c9-a458-b6cfcf4659b4" testId="8179d68f-797b-4898-b023-7c6c5c9c54bc" testName="Test8688" computerName="UA-LPT-OGA2" duration="00:00:01.0130000" startTime="2025-05-14T13:20:31.3146610Z" endTime="2025-05-14T13:25:31.3147553Z" testType="13cdc9d9-ddb5-4fa4-a97d-d965ccfc6d4b" outcome="Passed" testListId="e9600217-cf60-413e-beb2-67607a397d58" />
    <UnitTestResult executionId="2ed12d88-e4d5-499e-864e-b680a703fd82" testId="8d19003b-bf9f-4276-bab8-750bf2625f42" testName="Test8689" computerName="UA-LPT-OGA2" duration="00:00:01.5900000" startTime="2025-05-14T13:20:31.3146610Z" endTime="2025-05-14T13:25:31.3147553Z" testType="13cdc9d9-ddb5-4fa4-a97d-d965ccfc6d4b" outcome="Passed" testListId="e9600217-cf60-413e-beb2-67607a397d58" />
    <UnitTestResult executionId="559c33cd-78eb-403c-8a2f-ed787876b692" testId="7d19b15c-9a97-4b94-afba-d956912706b1" testName="Test8690" computerName="UA-LPT-OGA2" duration="00:00:01.5460000" startTime="2025-05-14T13:20:31.3146610Z" endTime="2025-05-14T13:25:31.3147553Z" testType="13cdc9d9-ddb5-4fa4-a97d-d965ccfc6d4b" outcome="Passed" testListId="e9600217-cf60-413e-beb2-67607a397d58" />
    <UnitTestResult executionId="69dca11b-a640-4662-a349-62b761054d12" testId="fa53275b-cd87-411c-ab6f-8e6ff8a086f4" testName="Test8691" computerName="UA-LPT-OGA2" duration="00:00:01.9470000" startTime="2025-05-14T13:20:31.3146610Z" endTime="2025-05-14T13:25:31.3147553Z" testType="13cdc9d9-ddb5-4fa4-a97d-d965ccfc6d4b" outcome="Passed" testListId="e9600217-cf60-413e-beb2-67607a397d58" />
    <UnitTestResult executionId="aefcd533-4df6-45d4-aac5-9c36ed31ea59" testId="70f411c8-ce73-471a-b37f-b2a273d2ff2f" testName="Test8692" computerName="UA-LPT-OGA2" duration="00:00:00.9120000" startTime="2025-05-14T13:20:31.3146610Z" endTime="2025-05-14T13:25:31.3147553Z" testType="13cdc9d9-ddb5-4fa4-a97d-d965ccfc6d4b" outcome="Passed" testListId="e9600217-cf60-413e-beb2-67607a397d58" />
    <UnitTestResult executionId="c9c953e6-176e-4f74-9d40-39efbaaf87ef" testId="c7ebd829-4d6e-4223-952a-4b4840d5de15" testName="Test8693" computerName="UA-LPT-OGA2" duration="00:00:00.7250000" startTime="2025-05-14T13:20:31.3146610Z" endTime="2025-05-14T13:25:31.3147553Z" testType="13cdc9d9-ddb5-4fa4-a97d-d965ccfc6d4b" outcome="Passed" testListId="e9600217-cf60-413e-beb2-67607a397d58" />
    <UnitTestResult executionId="d1cc1d28-268c-4f73-9de1-8593cfebc624" testId="536796ac-2a24-4ce0-a724-121cc4ed226f" testName="Test8694" computerName="UA-LPT-OGA2" duration="00:00:00.0430000" startTime="2025-05-14T13:20:31.3146610Z" endTime="2025-05-14T13:25:31.3147553Z" testType="13cdc9d9-ddb5-4fa4-a97d-d965ccfc6d4b" outcome="Passed" testListId="e9600217-cf60-413e-beb2-67607a397d58" />
    <UnitTestResult executionId="f6c1fa3f-c208-4f2a-a83d-c3d5289960c8" testId="1a5bd7b3-fe6c-45dd-8dec-47667dd0ae48" testName="Test8695" computerName="UA-LPT-OGA2" duration="00:00:01.0550000" startTime="2025-05-14T13:20:31.3146610Z" endTime="2025-05-14T13:25:31.3147553Z" testType="13cdc9d9-ddb5-4fa4-a97d-d965ccfc6d4b" outcome="Passed" testListId="e9600217-cf60-413e-beb2-67607a397d58" />
    <UnitTestResult executionId="931e7c0b-36b0-4094-b98a-a96970c57e20" testId="cbc5a473-97b4-4f62-aa03-2441f8f723cc" testName="Test8696" computerName="UA-LPT-OGA2" duration="00:00:00.3480000" startTime="2025-05-14T13:20:31.3146610Z" endTime="2025-05-14T13:25:31.3147553Z" testType="13cdc9d9-ddb5-4fa4-a97d-d965ccfc6d4b" outcome="Passed" testListId="e9600217-cf60-413e-beb2-67607a397d58" />
    <UnitTestResult executionId="ab34d96d-f70a-4bb9-9070-ac7a92093324" testId="fbe694f9-c466-4312-9126-3bbeb24ad619" testName="Test8697" computerName="UA-LPT-OGA2" duration="00:00:01.5310000" startTime="2025-05-14T13:20:31.3146610Z" endTime="2025-05-14T13:25:31.3147553Z" testType="13cdc9d9-ddb5-4fa4-a97d-d965ccfc6d4b" outcome="Inconclusive" testListId="e9600217-cf60-413e-beb2-67607a397d58" />
    <UnitTestResult executionId="c453a38c-bd7a-45a5-af46-7f8df9b8e554" testId="96c1916e-f2fd-46bb-ae4d-e73954cd3a6f" testName="Test8698" computerName="UA-LPT-OGA2" duration="00:00:00.8990000" startTime="2025-05-14T13:20:31.3146610Z" endTime="2025-05-14T13:25:31.3147553Z" testType="13cdc9d9-ddb5-4fa4-a97d-d965ccfc6d4b" outcome="Passed" testListId="e9600217-cf60-413e-beb2-67607a397d58" />
    <UnitTestResult executionId="4b203f84-470c-44f4-9433-71be5ad1a5f6" testId="48d8283a-edb9-40bf-ae6d-700026d993e0" testName="Test8699" computerName="UA-LPT-OGA2" duration="00:00:00.5830000" startTime="2025-05-14T13:20:31.3146610Z" endTime="2025-05-14T13:25:31.3147553Z" testType="13cdc9d9-ddb5-4fa4-a97d-d965ccfc6d4b" outcome="Passed" testListId="e9600217-cf60-413e-beb2-67607a397d58" />
    <UnitTestResult executionId="ea5d712d-9348-4481-810c-7e392429a9ce" testId="86baa665-03b3-4959-9229-a559495474de" testName="Test8700" computerName="UA-LPT-OGA2" duration="00:00:01.1390000" startTime="2025-05-14T13:20:31.3146610Z" endTime="2025-05-14T13:25:31.3147553Z" testType="13cdc9d9-ddb5-4fa4-a97d-d965ccfc6d4b" outcome="Passed" testListId="e9600217-cf60-413e-beb2-67607a397d58" />
  </Results>
  <TestDefinitions>
    <UnitTest name="Test8601" id="89fdaf2c-c9a1-4556-a55a-5c2d8d4502b8" storage="TestAssembly.dll">
      <Execution id="c0fcf293-e150-45a6-a14e-149dedf22f58" />
      <TestMethod codeBase="TestAssembly.dll" className="TestNamespace.TestClass1" name="Test8601" />
    </UnitTest>
    <UnitTest name="Test8602" id="8e2607a5-056b-4f74-8224-d978a0a75600" storage="TestAssembly.dll">
      <Execution id="7517543e-831f-4656-88a4-2aed38864969" />
      <TestMethod codeBase="TestAssembly.dll" className="TestNamespace.TestClass1" name="Test8602" />
    </UnitTest>
    <UnitTest name="Test8603" id="029f03f0-50ae-43c8-97cb-c908067344d9" storage="TestAssembly.dll">
      <Execution id="c95d2cb3-7902-46fa-b013-b2e1127543f8" />
      <TestMethod codeBase="TestAssembly.dll" className="TestNamespace.TestClass1" name="Test8603" />
    </UnitTest>
    <UnitTest name="Test8604" id="3d1f060d-3570-43e7-b756-986db209d5e4" storage="TestAssembly.dll">
      <Execution id="75e7b7e7-c304-4caa-b1e4-f5838633a16b" />
      <TestMethod codeBase="TestAssembly.dll" className="TestNamespace.TestClass1" name="Test8604" />
    </UnitTest>
    <UnitTest name="Test8605" id="ea4abd4b-de99-4aef-bca3-e67e4a96ca5d" storage="TestAssembly.dll">
      <Execution id="71a98c41-4a84-421a-93c6-cd8948e8ef66" />
      <TestMethod codeBase="TestAssembly.dll" className="TestNamespace.TestClass1" name="Test8605" />
    </UnitTest>
    <UnitTest name="Test8606" id="a7316ca0-7b89-4293-80da-4de494cd7ad9" storage="TestAssembly.dll">
      <Execution id="81009832-2c98-45c8-b5fb-048878525fc4" />
      <TestMethod codeBase="TestAssembly.dll" className="TestNamespace.TestClass1" name="Test8606" />
    </UnitTest>
    <UnitTest name="Test8607" id="73c283ef-b7cc-40ad-8b30-63b75a875729" storage="TestAssembly.dll">
      <Execution id="01338b14-1e00-49fd-8c93-bce14a41ca2e" />
      <TestMethod codeBase="TestAssembly.dll" className="TestNamespace.TestClass1" name="Test8607" />
    </UnitTest>
    <UnitTest name="Test8608" id="c18723bd-3bae-4330-a842-87c9ca25e912" storage="TestAssembly.dll">
      <Execution id="bb3a7b32-b2ed-4031-847f-809de5810e00" />
      <TestMethod codeBase="TestAssembly.dll" className="TestNamespace.TestClass1" name="Test8608" />
    </UnitTest>
    <UnitTest name="Test8609" id="d6fcbe52-c1ae-441f-b165-20bb6dea938d" storage="TestAssembly.dll">
      <Execution id="335fd7f3-2653-45fa-b668-b0ba00fdb6e8" />
      <TestMethod codeBase="TestAssembly.dll" className="TestNamespace.TestClass1" name="Test8609" />
    </UnitTest>
    <UnitTest name="Test8610" id="c96cc134-aa8c-4afd-8dfd-e40c03b004ff" storage="TestAssembly.dll">
      <Execution id="18fdb1dc-fc0a-401d-bf95-d68dee687622" />
      <TestMethod codeBase="TestAssembly.dll" className="TestNamespace.TestClass1" name="Test8610" />
    </UnitTest>
    <UnitTest name="Test8611" id="92872538-e40b-4cf4-bf1d-5b6f930e7484" storage="TestAssembly.dll">
      <Execution id="3f055dd3-14fc-477c-b1e6-21a678ed1cc5" />
      <TestMethod codeBase="TestAssembly.dll" className="TestNamespace.TestClass2" name="Test8611" />
    </UnitTest>
    <UnitTest name="Test8612" id="6ac5c414-c7ae-412b-bf50-c07a532309fc" storage="TestAssembly.dll">
      <Execution id="16b15988-921d-4010-88e0-d7343c9d87be" />
      <TestMethod codeBase="TestAssembly.dll" className="TestNamespace.TestClass2" name="Test8612" />
    </UnitTest>
    <UnitTest name="Test8613" id="48742963-420f-4d0c-aff4-39114d5ad12e" storage="TestAssembly.dll">
      <Execution id="690a8ab5-5b2f-4692-b641-a2c5117a684f" />
      <TestMethod codeBase="TestAssembly.dll" className="TestNamespace.TestClass2" name="Test8613" />
    </UnitTest>
    <UnitTest name="Test8614" id="bf5dcf39-62f9-45cc-a079-516608102a24" storage="TestAssembly.dll">
      <Execution id="4a62772f-e091-4d0e-a25e-299149bfd067" />
      <TestMethod codeBase="TestAssembly.dll" className="TestNamespace.TestClass2" name="Test8614" />
    </UnitTest>
    <UnitTest name="Test8615" id="a40d2ebd-1532-4882-90ae-adc07f76ff9d" storage="TestAssembly.dll">
      <Execution id="2fc771ca-8aad-488e-a7f8-0d873ed38934" />
      <TestMethod codeBase="TestAssembly.dll" className="TestNamespace.TestClass2" name="Test8615" />
    </UnitTest>
    <UnitTest name="Test8616" id="41eed428-55cb-4120-b85b-afc67303cc1e" storage="TestAssembly.dll">
      <Execution id="f4f36df6-a3b7-45b4-ba5e-c4ee1b551180" />
      <TestMethod codeBase="TestAssembly.dll" className="TestNamespace.TestClass2" name="Test8616" />
    </UnitTest>
    <UnitTest name="Test8617" id="be817913-17cb-4371-be97-0c2ff4023fe6" storage="TestAssembly.dll">
      <Execution id="74ef1945-76d5-41d2-897e-72e27fb2b439" />
      <TestMethod codeBase="TestAssembly.dll" className="TestNamespace.TestClass2" name="Test8617" />
    </UnitTest>
    <UnitTest name="Test8618" id="34d9dfb5-f9a4-420b-a848-580cbec304ec" storage="TestAssembly.dll">
      <Execution id="4c4fea91-5dd4-4632-b4fd-2de2bb663d81" />
      <TestMethod codeBase="TestAssembly.dll" className="TestNamespace.TestClass2" name="Test8618" />
    </UnitTest>
    <UnitTest name="Test8619" id="93409623-f505-47cf-8f15-c2cdf9f1193b" storage="TestAssembly.dll">
      <Execution id="a093d75a-8f63-44f7-9225-2d87bb1556d3" />
      <TestMethod codeBase="TestAssembly.dll" className="TestNamespace.TestClass2" name="Test8619" />
    </UnitTest>
    <UnitTest name="Test8620" id="5a48b2a3-b853-4238-bc15-2a05c409049c" storage="TestAssembly.dll">
      <Execution id="ad635161-4c00-45e5-8f4a-6a68338e7ea8" />
      <TestMethod codeBase="TestAssembly.dll" className="TestNamespace.TestClass2" name="Test8620" />
    </UnitTest>
    <UnitTest name="Test8621" id="77a5d43d-965e-48a7-86a8-a4c064beb5d3" storage="TestAssembly.dll">
      <Execution id="8c5e7e3d-0fe7-4050-9fdb-6f59bca98755" />
      <TestMethod codeBase="TestAssembly.dll" className="TestNamespace.TestClass3" name="Test8621" />
    </UnitTest>
    <UnitTest name="Test8622" id="6ea4d821-1878-4ef8-aa74-7dda5c76482e" storage="TestAssembly.dll">
      <Execution id="83d16070-618b-4fd4-82d9-9634b08874aa" />
      <TestMethod codeBase="TestAssembly.dll" className="TestNamespace.TestClass3" name="Test8622" />
    </UnitTest>
    <UnitTest name="Test8623" id="4f379302-049d-4dca-9797-263df78d6e13" storage="TestAssembly.dll">
      <Execution id="ab93b63f-f2c8-4451-8500-d866d554cf56" />
      <TestMethod codeBase="TestAssembly.dll" className="TestNamespace.TestClass3" name="Test8623" />
    </UnitTest>
    <UnitTest name="Test8624" id="cbb3cd26-92b3-48f7-b80e-fe52366a4de8" storage="TestAssembly.dll">
      <Execution id="32d231ce-e80d-4962-b8a9-92b324950a74" />
      <TestMethod codeBase="TestAssembly.dll" className="TestNamespace.TestClass3" name="Test8624" />
    </UnitTest>
    <UnitTest name="Test8625" id="27adb55e-bfc7-4ce4-a1de-e98354de24d3" storage="TestAssembly.dll">
      <Execution id="22356b6b-5693-4e49-8280-324f3d37adad" />
      <TestMethod codeBase="TestAssembly.dll" className="TestNamespace.TestClass3" name="Test8625" />
    </UnitTest>
    <UnitTest name="Test8626" id="4cab3387-95eb-4d44-8e13-142a392aa58e" storage="TestAssembly.dll">
      <Execution id="ad9048e3-7050-4e31-935d-9ea8675d0c43" />
      <TestMethod codeBase="TestAssembly.dll" className="TestNamespace.TestClass3" name="Test8626" />
    </UnitTest>
    <UnitTest name="Test8627" id="b7d65eca-4fd7-4522-bad2-3f73dbf1d1d6" storage="TestAssembly.dll">
      <Execution id="9ed5291d-71bb-4f9b-a1cb-3b6a6d4aa0d1" />
      <TestMethod codeBase="TestAssembly.dll" className="TestNamespace.TestClass3" name="Test8627" />
    </UnitTest>
    <UnitTest name="Test8628" id="b06392e0-f562-47fa-976d-20d697bbcdd5" storage="TestAssembly.dll">
      <Execution id="6e0e13eb-8a91-4234-9996-790f6be0a017" />
      <TestMethod codeBase="TestAssembly.dll" className="TestNamespace.TestClass3" name="Test8628" />
    </UnitTest>
    <UnitTest name="Test8629" id="3029c5d1-fb20-4449-89c3-65378d414859" storage="TestAssembly.dll">
      <Execution id="d2646878-04da-47dd-98e6-79c9dc2e922a" />
      <TestMethod codeBase="TestAssembly.dll" className="TestNamespace.TestClass3" name="Test8629" />
    </UnitTest>
    <UnitTest name="Test8630" id="a438153e-9b27-49a8-b012-b12bcb54e724" storage="TestAssembly.dll">
      <Execution id="5d72a027-84c9-4157-b9a2-29116df876fa" />
      <TestMethod codeBase="TestAssembly.dll" className="TestNamespace.TestClass3" name="Test8630" />
    </UnitTest>
    <UnitTest name="Test8631" id="28bae8c4-a057-4a07-9fa2-6ad04ba3fcd7" storage="TestAssembly.dll">
      <Execution id="e8716da7-fcc3-4dad-9a22-231909cefa4e" />
      <TestMethod codeBase="TestAssembly.dll" className="TestNamespace.TestClass4" name="Test8631" />
    </UnitTest>
    <UnitTest name="Test8632" id="664b9b7b-046e-4f8b-9ca9-50b80cb11627" storage="TestAssembly.dll">
      <Execution id="fea3f98c-6d00-43f0-9e4e-b054f606b516" />
      <TestMethod codeBase="TestAssembly.dll" className="TestNamespace.TestClass4" name="Test8632" />
    </UnitTest>
    <UnitTest name="Test8633" id="f4a94897-0c17-406f-803e-5dc9feaf7572" storage="TestAssembly.dll">
      <Execution id="3197c3c5-5158-47d4-a941-1b0d53de6d16" />
      <TestMethod codeBase="TestAssembly.dll" className="TestNamespace.TestClass4" name="Test8633" />
    </UnitTest>
    <UnitTest name="Test8634" id="44860aa6-73e4-47ce-8177-8217d1b1619f" storage="TestAssembly.dll">
      <Execution id="1b9e2888-89d1-480a-8a7c-5ae04bfb4ab6" />
      <TestMethod codeBase="TestAssembly.dll" className="TestNamespace.TestClass4" name="Test8634" />
    </UnitTest>
    <UnitTest name="Test8635" id="3dbf1577-1111-4cbf-90f6-e14152324d29" storage="TestAssembly.dll">
      <Execution id="5be97352-286f-40db-877e-f454a2e2526e" />
      <TestMethod codeBase="TestAssembly.dll" className="TestNamespace.TestClass4" name="Test8635" />
    </UnitTest>
    <UnitTest name="Test8636" id="2ec59852-f061-463e-9276-c9f3a45ccb9e" storage="TestAssembly.dll">
      <Execution id="b9f277eb-f775-462a-b812-925951894c5d" />
      <TestMethod codeBase="TestAssembly.dll" className="TestNamespace.TestClass4" name="Test8636" />
    </UnitTest>
    <UnitTest name="Test8637" id="5b6773f3-add9-4a85-8f31-69b25100dbf6" storage="TestAssembly.dll">
      <Execution id="9f208e3f-1730-4682-a7f2-e5f78ea06ee9" />
      <TestMethod codeBase="TestAssembly.dll" className="TestNamespace.TestClass4" name="Test8637" />
    </UnitTest>
    <UnitTest name="Test8638" id="f4e9a855-8b13-4f31-9197-a4e569ec92bf" storage="TestAssembly.dll">
      <Execution id="f7d9ad51-1c93-40cf-ba9f-403b9cac2803" />
      <TestMethod codeBase="TestAssembly.dll" className="TestNamespace.TestClass4" name="Test8638" />
    </UnitTest>
    <UnitTest name="Test8639" id="8df91d21-93a6-4524-83be-d90877aaff83" storage="TestAssembly.dll">
      <Execution id="78849093-a25c-4b48-8667-2aa346169539" />
      <TestMethod codeBase="TestAssembly.dll" className="TestNamespace.TestClass4" name="Test8639" />
    </UnitTest>
    <UnitTest name="Test8640" id="509be2c9-1345-4dd1-b472-d859c212e178" storage="TestAssembly.dll">
      <Execution id="945f65c4-5817-4740-9711-6b1282294279" />
      <TestMethod codeBase="TestAssembly.dll" className="TestNamespace.TestClass4" name="Test8640" />
    </UnitTest>
    <UnitTest name="Test8641" id="d529dc0f-b99a-4d30-ab94-8faa666def04" storage="TestAssembly.dll">
      <Execution id="dd7472c8-b234-45fd-a81c-e21660cdc946" />
      <TestMethod codeBase="TestAssembly.dll" className="TestNamespace.TestClass5" name="Test8641" />
    </UnitTest>
    <UnitTest name="Test8642" id="7e71ebc7-81b2-4534-ae9a-2dc90212bbfd" storage="TestAssembly.dll">
      <Execution id="359d8d4f-99d3-4347-8932-7b78c888645b" />
      <TestMethod codeBase="TestAssembly.dll" className="TestNamespace.TestClass5" name="Test8642" />
    </UnitTest>
    <UnitTest name="Test8643" id="dda09210-dca6-4cac-8498-d26d22cb7b2d" storage="TestAssembly.dll">
      <Execution id="d61b9888-e9a4-4da5-8f06-f23440a3883e" />
      <TestMethod codeBase="TestAssembly.dll" className="TestNamespace.TestClass5" name="Test8643" />
    </UnitTest>
    <UnitTest name="Test8644" id="a9ec81b0-c883-4f67-8359-db2dcd0c1a81" storage="TestAssembly.dll">
      <Execution id="caa17c6b-fbad-4a07-ac2d-9cd85d1ed5b5" />
      <TestMethod codeBase="TestAssembly.dll" className="TestNamespace.TestClass5" name="Test8644" />
    </UnitTest>
    <UnitTest name="Test8645" id="a9812d4e-8d1f-4ec4-ba75-fea4738e9cf6" storage="TestAssembly.dll">
      <Execution id="58437626-2ee9-4f71-ac44-2a07e08b729c" />
      <TestMethod codeBase="TestAssembly.dll" className="TestNamespace.TestClass5" name="Test8645" />
    </UnitTest>
    <UnitTest name="Test8646" id="11eac900-6bf0-43b8-9cee-cb086c341174" storage="TestAssembly.dll">
      <Execution id="ffb1cb75-a5ac-4ab5-a136-9690616e8ce7" />
      <TestMethod codeBase="TestAssembly.dll" className="TestNamespace.TestClass5" name="Test8646" />
    </UnitTest>
    <UnitTest name="Test8647" id="c21811da-7511-417b-bc4c-5767fa931d2a" storage="TestAssembly.dll">
      <Execution id="2f361244-816d-4c87-b20b-8803d36a5d18" />
      <TestMethod codeBase="TestAssembly.dll" className="TestNamespace.TestClass5" name="Test8647" />
    </UnitTest>
    <UnitTest name="Test8648" id="92096c09-1a7e-4659-a230-d80c9694a7e1" storage="TestAssembly.dll">
      <Execution id="6477053f-5ab4-433d-be6a-d62554d42a1f" />
      <TestMethod codeBase="TestAssembly.dll" className="TestNamespace.TestClass5" name="Test8648" />
    </UnitTest>
    <UnitTest name="Test8649" id="973519d1-1fd4-48f8-ae8a-ee94b7f66a87" storage="TestAssembly.dll">
      <Execution id="bb446427-aeef-40b5-88b1-82506fce279e" />
      <TestMethod codeBase="TestAssembly.dll" className="TestNamespace.TestClass5" name="Test8649" />
    </UnitTest>
    <UnitTest name="Test8650" id="f115cfb4-ef57-47da-91a7-d6eb51d18640" storage="TestAssembly.dll">
      <Execution id="7437dcf9-72e1-4f73-afc8-8e9f5937fbcc" />
      <TestMethod codeBase="TestAssembly.dll" className="TestNamespace.TestClass5" name="Test8650" />
    </UnitTest>
    <UnitTest name="Test8651" id="22cde61e-7e1f-4950-9770-0d8508cbfd5a" storage="TestAssembly.dll">
      <Execution id="ef941436-70b3-48e0-9945-b3e7dcec0e09" />
      <TestMethod codeBase="TestAssembly.dll" className="TestNamespace.TestClass6" name="Test8651" />
    </UnitTest>
    <UnitTest name="Test8652" id="31375c5e-538b-4b62-81bd-2db80c327cc9" storage="TestAssembly.dll">
      <Execution id="876f93c8-38c8-4f43-9843-4115935001e3" />
      <TestMethod codeBase="TestAssembly.dll" className="TestNamespace.TestClass6" name="Test8652" />
    </UnitTest>
    <UnitTest name="Test8653" id="88960c40-17ad-4b93-bdae-eae8bbade74f" storage="TestAssembly.dll">
      <Execution id="f1d0a3cc-4bea-4f14-934d-9de77c3897b1" />
      <TestMethod codeBase="TestAssembly.dll" className="TestNamespace.TestClass6" name="Test8653" />
    </UnitTest>
    <UnitTest name="Test8654" id="140d111e-a5f6-4419-b43f-d109a6f025f6" storage="TestAssembly.dll">
      <Execution id="2ac9fe8d-6f99-48cf-9c95-f2f2715580fc" />
      <TestMethod codeBase="TestAssembly.dll" className="TestNamespace.TestClass6" name="Test8654" />
    </UnitTest>
    <UnitTest name="Test8655" id="7e31fa9f-e200-42bf-a343-dc35b0fb3bff" storage="TestAssembly.dll">
      <Execution id="5671391e-6ad5-441d-8c75-a9c8fa9c6049" />
      <TestMethod codeBase="TestAssembly.dll" className="TestNamespace.TestClass6" name="Test8655" />
    </UnitTest>
    <UnitTest name="Test8656" id="dc173fd3-31c0-48cb-80ba-3340511b3816" storage="TestAssembly.dll">
      <Execution id="a47c009a-b508-4136-b235-d0aaba5bcdc9" />
      <TestMethod codeBase="TestAssembly.dll" className="TestNamespace.TestClass6" name="Test8656" />
    </UnitTest>
    <UnitTest name="Test8657" id="8d52a236-de60-49aa-be34-337afa073e45" storage="TestAssembly.dll">
      <Execution id="9237a7aa-3871-429c-84b0-1de7cccec52f" />
      <TestMethod codeBase="TestAssembly.dll" className="TestNamespace.TestClass6" name="Test8657" />
    </UnitTest>
    <UnitTest name="Test8658" id="43324821-11bf-4620-b05e-9d990cc38f52" storage="TestAssembly.dll">
      <Execution id="b0695d00-c494-4944-a1d8-3cc445a661a2" />
      <TestMethod codeBase="TestAssembly.dll" className="TestNamespace.TestClass6" name="Test8658" />
    </UnitTest>
    <UnitTest name="Test8659" id="38d25907-ddcb-419a-9e6a-638496932ffd" storage="TestAssembly.dll">
      <Execution id="6728881a-f20e-4459-be29-056b91f7fc22" />
      <TestMethod codeBase="TestAssembly.dll" className="TestNamespace.TestClass6" name="Test8659" />
    </UnitTest>
    <UnitTest name="Test8660" id="53e3cc2e-764e-4681-b18a-8c048b67a096" storage="TestAssembly.dll">
      <Execution id="578d3453-b8d2-430d-b982-8a36e12a413c" />
      <TestMethod codeBase="TestAssembly.dll" className="TestNamespace.TestClass6" name="Test8660" />
    </UnitTest>
    <UnitTest name="Test8661" id="d345dc03-588c-4333-b58e-ce6744e4879d" storage="TestAssembly.dll">
      <Execution id="9e42da2e-2a15-4e74-85f4-bbb15b2335ed" />
      <TestMethod codeBase="TestAssembly.dll" className="TestNamespace.TestClass7" name="Test8661" />
    </UnitTest>
    <UnitTest name="Test8662" id="7f77d8c6-81c8-4ab7-8829-a3981d158726" storage="TestAssembly.dll">
      <Execution id="97b23fe2-019d-43a4-afd6-99f4847f7c55" />
      <TestMethod codeBase="TestAssembly.dll" className="TestNamespace.TestClass7" name="Test8662" />
    </UnitTest>
    <UnitTest name="Test8663" id="93c13e2c-ac74-4d84-b5aa-27d62df4cc98" storage="TestAssembly.dll">
      <Execution id="40c01e06-9166-46a5-b76b-d19cff19328b" />
      <TestMethod codeBase="TestAssembly.dll" className="TestNamespace.TestClass7" name="Test8663" />
    </UnitTest>
    <UnitTest name="Test8664" id="12d2a72b-b9d6-49ad-9c99-306085b28b0d" storage="TestAssembly.dll">
      <Execution id="a6a73cd3-fb75-4ab1-907d-bcf63c419e85" />
      <TestMethod codeBase="TestAssembly.dll" className="TestNamespace.TestClass7" name="Test8664" />
    </UnitTest>
    <UnitTest name="Test8665" id="a8654c9f-7196-4923-ac0a-3c68de48dc0e" storage="TestAssembly.dll">
      <Execution id="ad07c7ef-d2a6-48b1-b9a6-58d07720adbb" />
      <TestMethod codeBase="TestAssembly.dll" className="TestNamespace.TestClass7" name="Test8665" />
    </UnitTest>
    <UnitTest name="Test8666" id="47241ac0-d417-4d82-a8b2-f077d28b14c3" storage="TestAssembly.dll">
      <Execution id="2039c5e0-f21c-43cf-bbcf-58879f7ff6fa" />
      <TestMethod codeBase="TestAssembly.dll" className="TestNamespace.TestClass7" name="Test8666" />
    </UnitTest>
    <UnitTest name="Test8667" id="dd4aa50b-730c-4975-abec-f87b43df1208" storage="TestAssembly.dll">
      <Execution id="7fb18316-75ba-4380-b197-c4b1149cea2a" />
      <TestMethod codeBase="TestAssembly.dll" className="TestNamespace.TestClass7" name="Test8667" />
    </UnitTest>
    <UnitTest name="Test8668" id="82a8ab0f-14dc-426a-aca1-67a47bdf863f" storage="TestAssembly.dll">
      <Execution id="483c12a5-b2dd-41bb-9d16-c3047ada422e" />
      <TestMethod codeBase="TestAssembly.dll" className="TestNamespace.TestClass7" name="Test8668" />
    </UnitTest>
    <UnitTest name="Test8669" id="eed5d1dc-508f-4d02-a86b-365fcc4b3d6d" storage="TestAssembly.dll">
      <Execution id="7e63d42b-4de6-4945-947a-6dbab9d7d163" />
      <TestMethod codeBase="TestAssembly.dll" className="TestNamespace.TestClass7" name="Test8669" />
    </UnitTest>
    <UnitTest name="Test8670" id="4c96cd1c-4e05-4c17-934c-c07b0aa01343" storage="TestAssembly.dll">
      <Execution id="e87c4af2-e1a2-4c00-9acf-cc9ad1c5316f" />
      <TestMethod codeBase="TestAssembly.dll" className="TestNamespace.TestClass7" name="Test8670" />
    </UnitTest>
    <UnitTest name="Test8671" id="a622c9f8-cc36-48a8-b83f-77d8d846a787" storage="TestAssembly.dll">
      <Execution id="12fe2a0f-0b5f-49e9-ae1f-7bd044eb8bc9" />
      <TestMethod codeBase="TestAssembly.dll" className="TestNamespace.TestClass8" name="Test8671" />
    </UnitTest>
    <UnitTest name="Test8672" id="0c36c0a2-9216-4881-8c24-da5803ae26bc" storage="TestAssembly.dll">
      <Execution id="73fb581f-ab85-4b5c-bca5-089dc6c7a155" />
      <TestMethod codeBase="TestAssembly.dll" className="TestNamespace.TestClass8" name="Test8672" />
    </UnitTest>
    <UnitTest name="Test8673" id="e50a0c48-b712-478a-b46e-7b0589bb7128" storage="TestAssembly.dll">
      <Execution id="2cd1cbaa-5535-4c48-b816-d3e6c77f77e4" />
      <TestMethod codeBase="TestAssembly.dll" className="TestNamespace.TestClass8" name="Test8673" />
    </UnitTest>
    <UnitTest name="Test8674" id="0320991b-59c9-40dc-9f38-4ea37c8b91e4" storage="TestAssembly.dll">
      <Execution id="da910967-160b-489c-b80f-b6eaa837d674" />
      <TestMethod codeBase="TestAssembly.dll" className="TestNamespace.TestClass8" name="Test8674" />
    </UnitTest>
    <UnitTest name="Test8675" id="6365fb55-a9f2-4111-b515-f17d717a5221" storage="TestAssembly.dll">
      <Execution id="9cfe060f-8e0c-4b19-aafd-a5a67f46b6c4" />
      <TestMethod codeBase="TestAssembly.dll" className="TestNamespace.TestClass8" name="Test8675" />
    </UnitTest>
    <UnitTest name="Test8676" id="4ca8e5d1-fbdc-46dc-9d97-df236f195287" storage="TestAssembly.dll">
      <Execution id="a0f0f7b8-36e5-4fd2-aa34-ed616686b2e1" />
      <TestMethod codeBase="TestAssembly.dll" className="TestNamespace.TestClass8" name="Test8676" />
    </UnitTest>
    <UnitTest name="Test8677" id="c58b42be-b6a0-4f4f-83f8-99631ff071c0" storage="TestAssembly.dll">
      <Execution id="0198ad42-6f87-42d9-9008-f54179e2209a" />
      <TestMethod codeBase="TestAssembly.dll" className="TestNamespace.TestClass8" name="Test8677" />
    </UnitTest>
    <UnitTest name="Test8678" id="e55706e8-3dfc-42fe-8bc1-fbf04fba049b" storage="TestAssembly.dll">
      <Execution id="467d7a64-5086-4a22-85a9-903f9780922d" />
      <TestMethod codeBase="TestAssembly.dll" className="TestNamespace.TestClass8" name="Test8678" />
    </UnitTest>
    <UnitTest name="Test8679" id="8539feea-a6b1-47ee-8407-fce8cea56eff" storage="TestAssembly.dll">
      <Execution id="df42546a-d4ad-45cf-ba83-49c07f397cc6" />
      <TestMethod codeBase="TestAssembly.dll" className="TestNamespace.TestClass8" name="Test8679" />
    </UnitTest>
    <UnitTest name="Test8680" id="6e786569-2c9f-4499-9d9c-1bbc037fc3f8" storage="TestAssembly.dll">
      <Execution id="a7f25ef5-e1c1-45dd-a8a9-ad250a0a45e6" />
      <TestMethod codeBase="TestAssembly.dll" className="TestNamespace.TestClass8" name="Test8680" />
    </UnitTest>
    <UnitTest name="Test8681" id="7915ae20-4ef2-43ce-8d44-9d88dab6abd4" storage="TestAssembly.dll">
      <Execution id="d4b02b98-51e0-432a-96a2-082e28bd9b2f" />
      <TestMethod codeBase="TestAssembly.dll" className="TestNamespace.TestClass9" name="Test8681" />
    </UnitTest>
    <UnitTest name="Test8682" id="b7f1c3cc-250e-4b9a-9629-8608bd53711e" storage="TestAssembly.dll">
      <Execution id="ed64f149-2e14-4e91-ab89-860226183255" />
      <TestMethod codeBase="TestAssembly.dll" className="TestNamespace.TestClass9" name="Test8682" />
    </UnitTest>
    <UnitTest name="Test8683" id="59fc3609-de31-41c1-b258-5a55a10bb206" storage="TestAssembly.dll">
      <Execution id="1504da47-e4a8-4f34-b989-6d72f0496ab4" />
      <TestMethod codeBase="TestAssembly.dll" className="TestNamespace.TestClass9" name="Test8683" />
    </UnitTest>
    <UnitTest name="Test8684" id="2ca3328c-9362-4616-a1e9-0b47a4681df5" storage="TestAssembly.dll">
      <Execution id="aa3ddbe7-6694-44c9-9cc1-d834649ecaa8" />
      <TestMethod codeBase="TestAssembly.dll" className="TestNamespace.TestClass9" name="Test8684" />
    </UnitTest>
    <UnitTest name="Test8685" id="676c68be-c3d9-43fe-8cd8-a83b137c2b0e" storage="TestAssembly.dll">
      <Execution id="f69a8a5f-d45d-48ce-b929-30cea8d12109" />
      <TestMethod codeBase="TestAssembly.dll" className="TestNamespace.TestClass9" name="Test8685" />
    </UnitTest>
    <UnitTest name="Test8686" id="97e57a80-57c6-430f-86c0-090bd773aa56" storage="TestAssembly.dll">
      <Execution id="e0e44598-2483-488a-abfe-4fc7a1b6ef42" />
      <TestMethod codeBase="TestAssembly.dll" className="TestNamespace.TestClass9" name="Test8686" />
    </UnitTest>
    <UnitTest name="Test8687" id="375fb0e7-669e-42e5-804f-87950156da0f" storage="TestAssembly.dll">
      <Execution id="d1052a00-0f0c-41b0-885e-5ffae918148e" />
      <TestMethod codeBase="TestAssembly.dll" className="TestNamespace.TestClass9" name="Test8687" />
    </UnitTest>
    <UnitTest name="Test8688" id="8179d68f-797b-4898-b023-7c6c5c9c54bc" storage="TestAssembly.dll">
      <Execution id="d4bb098a-e5f8-47c9-a458-b6cfcf4659b4" />
      <TestMethod codeBase="TestAssembly.dll" className="TestNamespace.TestClass9" name="Test8688" />
    </UnitTest>
    <UnitTest name="Test8689" id="8d19003b-bf9f-4276-bab8-750bf2625f42" storage="TestAssembly.dll">
      <Execution id="2ed12d88-e4d5-499e-864e-b680a703fd82" />
      <TestMethod codeBase="TestAssembly.dll" className="TestNamespace.TestClass9" name="Test8689" />
    </UnitTest>
    <UnitTest name="Test8690" id="7d19b15c-9a97-4b94-afba-d956912706b1" storage="TestAssembly.dll">
      <Execution id="559c33cd-78eb-403c-8a2f-ed787876b692" />
      <TestMethod codeBase="TestAssembly.dll" className="TestNamespace.TestClass9" name="Test8690" />
    </UnitTest>
    <UnitTest name="Test8691" id="fa53275b-cd87-411c-ab6f-8e6ff8a086f4" storage="TestAssembly.dll">
      <Execution id="69dca11b-a640-4662-a349-62b761054d12" />
      <TestMethod codeBase="TestAssembly.dll" className="TestNamespace.TestClass10" name="Test8691" />
    </UnitTest>
    <UnitTest name="Test8692" id="70f411c8-ce73-471a-b37f-b2a273d2ff2f" storage="TestAssembly.dll">
      <Execution id="aefcd533-4df6-45d4-aac5-9c36ed31ea59" />
      <TestMethod codeBase="TestAssembly.dll" className="TestNamespace.TestClass10" name="Test8692" />
    </UnitTest>
    <UnitTest name="Test8693" id="c7ebd829-4d6e-4223-952a-4b4840d5de15" storage="TestAssembly.dll">
      <Execution id="c9c953e6-176e-4f74-9d40-39efbaaf87ef" />
      <TestMethod codeBase="TestAssembly.dll" className="TestNamespace.TestClass10" name="Test8693" />
    </UnitTest>
    <UnitTest name="Test8694" id="536796ac-2a24-4ce0-a724-121cc4ed226f" storage="TestAssembly.dll">
      <Execution id="d1cc1d28-268c-4f73-9de1-8593cfebc624" />
      <TestMethod codeBase="TestAssembly.dll" className="TestNamespace.TestClass10" name="Test8694" />
    </UnitTest>
    <UnitTest name="Test8695" id="1a5bd7b3-fe6c-45dd-8dec-47667dd0ae48" storage="TestAssembly.dll">
      <Execution id="f6c1fa3f-c208-4f2a-a83d-c3d5289960c8" />
      <TestMethod codeBase="TestAssembly.dll" className="TestNamespace.TestClass10" name="Test8695" />
    </UnitTest>
    <UnitTest name="Test8696" id="cbc5a473-97b4-4f62-aa03-2441f8f723cc" storage="TestAssembly.dll">
      <Execution id="931e7c0b-36b0-4094-b98a-a96970c57e20" />
      <TestMethod codeBase="TestAssembly.dll" className="TestNamespace.TestClass10" name="Test8696" />
    </UnitTest>
    <UnitTest name="Test8697" id="fbe694f9-c466-4312-9126-3bbeb24ad619" storage="TestAssembly.dll">
      <Execution id="ab34d96d-f70a-4bb9-9070-ac7a92093324" />
      <TestMethod codeBase="TestAssembly.dll" className="TestNamespace.TestClass10" name="Test8697" />
    </UnitTest>
    <UnitTest name="Test8698" id="96c1916e-f2fd-46bb-ae4d-e73954cd3a6f" storage="TestAssembly.dll">
      <Execution id="c453a38c-bd7a-45a5-af46-7f8df9b8e554" />
      <TestMethod codeBase="TestAssembly.dll" className="TestNamespace.TestClass10" name="Test8698" />
    </UnitTest>
    <UnitTest name="Test8699" id="48d8283a-edb9-40bf-ae6d-700026d993e0" storage="TestAssembly.dll">
      <Execution id="4b203f84-470c-44f4-9433-71be5ad1a5f6" />
      <TestMethod codeBase="TestAssembly.dll" className="TestNamespace.TestClass10" name="Test8699" />
    </UnitTest>
    <UnitTest name="Test8700" id="86baa665-03b3-4959-9229-a559495474de" storage="TestAssembly.dll">
      <Execution id="ea5d712d-9348-4481-810c-7e392429a9ce" />
      <TestMethod codeBase="TestAssembly.dll" className="TestNamespace.TestClass10" name="Test8700" />
    </UnitTest>
  </TestDefinitions>
  <TestEntries>
    <TestEntry testId="89fdaf2c-c9a1-4556-a55a-5c2d8d4502b8" executionId="c0fcf293-e150-45a6-a14e-149dedf22f58" testListId="e9600217-cf60-413e-beb2-67607a397d58" />
    <TestEntry testId="8e2607a5-056b-4f74-8224-d978a0a75600" executionId="7517543e-831f-4656-88a4-2aed38864969" testListId="e9600217-cf60-413e-beb2-67607a397d58" />
    <TestEntry testId="029f03f0-50ae-43c8-97cb-c908067344d9" executionId="c95d2cb3-7902-46fa-b013-b2e1127543f8" testListId="e9600217-cf60-413e-beb2-67607a397d58" />
    <TestEntry testId="3d1f060d-3570-43e7-b756-986db209d5e4" executionId="75e7b7e7-c304-4caa-b1e4-f5838633a16b" testListId="e9600217-cf60-413e-beb2-67607a397d58" />
    <TestEntry testId="ea4abd4b-de99-4aef-bca3-e67e4a96ca5d" executionId="71a98c41-4a84-421a-93c6-cd8948e8ef66" testListId="e9600217-cf60-413e-beb2-67607a397d58" />
    <TestEntry testId="a7316ca0-7b89-4293-80da-4de494cd7ad9" executionId="81009832-2c98-45c8-b5fb-048878525fc4" testListId="e9600217-cf60-413e-beb2-67607a397d58" />
    <TestEntry testId="73c283ef-b7cc-40ad-8b30-63b75a875729" executionId="01338b14-1e00-49fd-8c93-bce14a41ca2e" testListId="e9600217-cf60-413e-beb2-67607a397d58" />
    <TestEntry testId="c18723bd-3bae-4330-a842-87c9ca25e912" executionId="bb3a7b32-b2ed-4031-847f-809de5810e00" testListId="e9600217-cf60-413e-beb2-67607a397d58" />
    <TestEntry testId="d6fcbe52-c1ae-441f-b165-20bb6dea938d" executionId="335fd7f3-2653-45fa-b668-b0ba00fdb6e8" testListId="e9600217-cf60-413e-beb2-67607a397d58" />
    <TestEntry testId="c96cc134-aa8c-4afd-8dfd-e40c03b004ff" executionId="18fdb1dc-fc0a-401d-bf95-d68dee687622" testListId="e9600217-cf60-413e-beb2-67607a397d58" />
    <TestEntry testId="92872538-e40b-4cf4-bf1d-5b6f930e7484" executionId="3f055dd3-14fc-477c-b1e6-21a678ed1cc5" testListId="e9600217-cf60-413e-beb2-67607a397d58" />
    <TestEntry testId="6ac5c414-c7ae-412b-bf50-c07a532309fc" executionId="16b15988-921d-4010-88e0-d7343c9d87be" testListId="e9600217-cf60-413e-beb2-67607a397d58" />
    <TestEntry testId="48742963-420f-4d0c-aff4-39114d5ad12e" executionId="690a8ab5-5b2f-4692-b641-a2c5117a684f" testListId="e9600217-cf60-413e-beb2-67607a397d58" />
    <TestEntry testId="bf5dcf39-62f9-45cc-a079-516608102a24" executionId="4a62772f-e091-4d0e-a25e-299149bfd067" testListId="e9600217-cf60-413e-beb2-67607a397d58" />
    <TestEntry testId="a40d2ebd-1532-4882-90ae-adc07f76ff9d" executionId="2fc771ca-8aad-488e-a7f8-0d873ed38934" testListId="e9600217-cf60-413e-beb2-67607a397d58" />
    <TestEntry testId="41eed428-55cb-4120-b85b-afc67303cc1e" executionId="f4f36df6-a3b7-45b4-ba5e-c4ee1b551180" testListId="e9600217-cf60-413e-beb2-67607a397d58" />
    <TestEntry testId="be817913-17cb-4371-be97-0c2ff4023fe6" executionId="74ef1945-76d5-41d2-897e-72e27fb2b439" testListId="e9600217-cf60-413e-beb2-67607a397d58" />
    <TestEntry testId="34d9dfb5-f9a4-420b-a848-580cbec304ec" executionId="4c4fea91-5dd4-4632-b4fd-2de2bb663d81" testListId="e9600217-cf60-413e-beb2-67607a397d58" />
    <TestEntry testId="93409623-f505-47cf-8f15-c2cdf9f1193b" executionId="a093d75a-8f63-44f7-9225-2d87bb1556d3" testListId="e9600217-cf60-413e-beb2-67607a397d58" />
    <TestEntry testId="5a48b2a3-b853-4238-bc15-2a05c409049c" executionId="ad635161-4c00-45e5-8f4a-6a68338e7ea8" testListId="e9600217-cf60-413e-beb2-67607a397d58" />
    <TestEntry testId="77a5d43d-965e-48a7-86a8-a4c064beb5d3" executionId="8c5e7e3d-0fe7-4050-9fdb-6f59bca98755" testListId="e9600217-cf60-413e-beb2-67607a397d58" />
    <TestEntry testId="6ea4d821-1878-4ef8-aa74-7dda5c76482e" executionId="83d16070-618b-4fd4-82d9-9634b08874aa" testListId="e9600217-cf60-413e-beb2-67607a397d58" />
    <TestEntry testId="4f379302-049d-4dca-9797-263df78d6e13" executionId="ab93b63f-f2c8-4451-8500-d866d554cf56" testListId="e9600217-cf60-413e-beb2-67607a397d58" />
    <TestEntry testId="cbb3cd26-92b3-48f7-b80e-fe52366a4de8" executionId="32d231ce-e80d-4962-b8a9-92b324950a74" testListId="e9600217-cf60-413e-beb2-67607a397d58" />
    <TestEntry testId="27adb55e-bfc7-4ce4-a1de-e98354de24d3" executionId="22356b6b-5693-4e49-8280-324f3d37adad" testListId="e9600217-cf60-413e-beb2-67607a397d58" />
    <TestEntry testId="4cab3387-95eb-4d44-8e13-142a392aa58e" executionId="ad9048e3-7050-4e31-935d-9ea8675d0c43" testListId="e9600217-cf60-413e-beb2-67607a397d58" />
    <TestEntry testId="b7d65eca-4fd7-4522-bad2-3f73dbf1d1d6" executionId="9ed5291d-71bb-4f9b-a1cb-3b6a6d4aa0d1" testListId="e9600217-cf60-413e-beb2-67607a397d58" />
    <TestEntry testId="b06392e0-f562-47fa-976d-20d697bbcdd5" executionId="6e0e13eb-8a91-4234-9996-790f6be0a017" testListId="e9600217-cf60-413e-beb2-67607a397d58" />
    <TestEntry testId="3029c5d1-fb20-4449-89c3-65378d414859" executionId="d2646878-04da-47dd-98e6-79c9dc2e922a" testListId="e9600217-cf60-413e-beb2-67607a397d58" />
    <TestEntry testId="a438153e-9b27-49a8-b012-b12bcb54e724" executionId="5d72a027-84c9-4157-b9a2-29116df876fa" testListId="e9600217-cf60-413e-beb2-67607a397d58" />
    <TestEntry testId="28bae8c4-a057-4a07-9fa2-6ad04ba3fcd7" executionId="e8716da7-fcc3-4dad-9a22-231909cefa4e" testListId="e9600217-cf60-413e-beb2-67607a397d58" />
    <TestEntry testId="664b9b7b-046e-4f8b-9ca9-50b80cb11627" executionId="fea3f98c-6d00-43f0-9e4e-b054f606b516" testListId="e9600217-cf60-413e-beb2-67607a397d58" />
    <TestEntry testId="f4a94897-0c17-406f-803e-5dc9feaf7572" executionId="3197c3c5-5158-47d4-a941-1b0d53de6d16" testListId="e9600217-cf60-413e-beb2-67607a397d58" />
    <TestEntry testId="44860aa6-73e4-47ce-8177-8217d1b1619f" executionId="1b9e2888-89d1-480a-8a7c-5ae04bfb4ab6" testListId="e9600217-cf60-413e-beb2-67607a397d58" />
    <TestEntry testId="3dbf1577-1111-4cbf-90f6-e14152324d29" executionId="5be97352-286f-40db-877e-f454a2e2526e" testListId="e9600217-cf60-413e-beb2-67607a397d58" />
    <TestEntry testId="2ec59852-f061-463e-9276-c9f3a45ccb9e" executionId="b9f277eb-f775-462a-b812-925951894c5d" testListId="e9600217-cf60-413e-beb2-67607a397d58" />
    <TestEntry testId="5b6773f3-add9-4a85-8f31-69b25100dbf6" executionId="9f208e3f-1730-4682-a7f2-e5f78ea06ee9" testListId="e9600217-cf60-413e-beb2-67607a397d58" />
    <TestEntry testId="f4e9a855-8b13-4f31-9197-a4e569ec92bf" executionId="f7d9ad51-1c93-40cf-ba9f-403b9cac2803" testListId="e9600217-cf60-413e-beb2-67607a397d58" />
    <TestEntry testId="8df91d21-93a6-4524-83be-d90877aaff83" executionId="78849093-a25c-4b48-8667-2aa346169539" testListId="e9600217-cf60-413e-beb2-67607a397d58" />
    <TestEntry testId="509be2c9-1345-4dd1-b472-d859c212e178" executionId="945f65c4-5817-4740-9711-6b1282294279" testListId="e9600217-cf60-413e-beb2-67607a397d58" />
    <TestEntry testId="d529dc0f-b99a-4d30-ab94-8faa666def04" executionId="dd7472c8-b234-45fd-a81c-e21660cdc946" testListId="e9600217-cf60-413e-beb2-67607a397d58" />
    <TestEntry testId="7e71ebc7-81b2-4534-ae9a-2dc90212bbfd" executionId="359d8d4f-99d3-4347-8932-7b78c888645b" testListId="e9600217-cf60-413e-beb2-67607a397d58" />
    <TestEntry testId="dda09210-dca6-4cac-8498-d26d22cb7b2d" executionId="d61b9888-e9a4-4da5-8f06-f23440a3883e" testListId="e9600217-cf60-413e-beb2-67607a397d58" />
    <TestEntry testId="a9ec81b0-c883-4f67-8359-db2dcd0c1a81" executionId="caa17c6b-fbad-4a07-ac2d-9cd85d1ed5b5" testListId="e9600217-cf60-413e-beb2-67607a397d58" />
    <TestEntry testId="a9812d4e-8d1f-4ec4-ba75-fea4738e9cf6" executionId="58437626-2ee9-4f71-ac44-2a07e08b729c" testListId="e9600217-cf60-413e-beb2-67607a397d58" />
    <TestEntry testId="11eac900-6bf0-43b8-9cee-cb086c341174" executionId="ffb1cb75-a5ac-4ab5-a136-9690616e8ce7" testListId="e9600217-cf60-413e-beb2-67607a397d58" />
    <TestEntry testId="c21811da-7511-417b-bc4c-5767fa931d2a" executionId="2f361244-816d-4c87-b20b-8803d36a5d18" testListId="e9600217-cf60-413e-beb2-67607a397d58" />
    <TestEntry testId="92096c09-1a7e-4659-a230-d80c9694a7e1" executionId="6477053f-5ab4-433d-be6a-d62554d42a1f" testListId="e9600217-cf60-413e-beb2-67607a397d58" />
    <TestEntry testId="973519d1-1fd4-48f8-ae8a-ee94b7f66a87" executionId="bb446427-aeef-40b5-88b1-82506fce279e" testListId="e9600217-cf60-413e-beb2-67607a397d58" />
    <TestEntry testId="f115cfb4-ef57-47da-91a7-d6eb51d18640" executionId="7437dcf9-72e1-4f73-afc8-8e9f5937fbcc" testListId="e9600217-cf60-413e-beb2-67607a397d58" />
    <TestEntry testId="22cde61e-7e1f-4950-9770-0d8508cbfd5a" executionId="ef941436-70b3-48e0-9945-b3e7dcec0e09" testListId="e9600217-cf60-413e-beb2-67607a397d58" />
    <TestEntry testId="31375c5e-538b-4b62-81bd-2db80c327cc9" executionId="876f93c8-38c8-4f43-9843-4115935001e3" testListId="e9600217-cf60-413e-beb2-67607a397d58" />
    <TestEntry testId="88960c40-17ad-4b93-bdae-eae8bbade74f" executionId="f1d0a3cc-4bea-4f14-934d-9de77c3897b1" testListId="e9600217-cf60-413e-beb2-67607a397d58" />
    <TestEntry testId="140d111e-a5f6-4419-b43f-d109a6f025f6" executionId="2ac9fe8d-6f99-48cf-9c95-f2f2715580fc" testListId="e9600217-cf60-413e-beb2-67607a397d58" />
    <TestEntry testId="7e31fa9f-e200-42bf-a343-dc35b0fb3bff" executionId="5671391e-6ad5-441d-8c75-a9c8fa9c6049" testListId="e9600217-cf60-413e-beb2-67607a397d58" />
    <TestEntry testId="dc173fd3-31c0-48cb-80ba-3340511b3816" executionId="a47c009a-b508-4136-b235-d0aaba5bcdc9" testListId="e9600217-cf60-413e-beb2-67607a397d58" />
    <TestEntry testId="8d52a236-de60-49aa-be34-337afa073e45" executionId="9237a7aa-3871-429c-84b0-1de7cccec52f" testListId="e9600217-cf60-413e-beb2-67607a397d58" />
    <TestEntry testId="43324821-11bf-4620-b05e-9d990cc38f52" executionId="b0695d00-c494-4944-a1d8-3cc445a661a2" testListId="e9600217-cf60-413e-beb2-67607a397d58" />
    <TestEntry testId="38d25907-ddcb-419a-9e6a-638496932ffd" executionId="6728881a-f20e-4459-be29-056b91f7fc22" testListId="e9600217-cf60-413e-beb2-67607a397d58" />
    <TestEntry testId="53e3cc2e-764e-4681-b18a-8c048b67a096" executionId="578d3453-b8d2-430d-b982-8a36e12a413c" testListId="e9600217-cf60-413e-beb2-67607a397d58" />
    <TestEntry testId="d345dc03-588c-4333-b58e-ce6744e4879d" executionId="9e42da2e-2a15-4e74-85f4-bbb15b2335ed" testListId="e9600217-cf60-413e-beb2-67607a397d58" />
    <TestEntry testId="7f77d8c6-81c8-4ab7-8829-a3981d158726" executionId="97b23fe2-019d-43a4-afd6-99f4847f7c55" testListId="e9600217-cf60-413e-beb2-67607a397d58" />
    <TestEntry testId="93c13e2c-ac74-4d84-b5aa-27d62df4cc98" executionId="40c01e06-9166-46a5-b76b-d19cff19328b" testListId="e9600217-cf60-413e-beb2-67607a397d58" />
    <TestEntry testId="12d2a72b-b9d6-49ad-9c99-306085b28b0d" executionId="a6a73cd3-fb75-4ab1-907d-bcf63c419e85" testListId="e9600217-cf60-413e-beb2-67607a397d58" />
    <TestEntry testId="a8654c9f-7196-4923-ac0a-3c68de48dc0e" executionId="ad07c7ef-d2a6-48b1-b9a6-58d07720adbb" testListId="e9600217-cf60-413e-beb2-67607a397d58" />
    <TestEntry testId="47241ac0-d417-4d82-a8b2-f077d28b14c3" executionId="2039c5e0-f21c-43cf-bbcf-58879f7ff6fa" testListId="e9600217-cf60-413e-beb2-67607a397d58" />
    <TestEntry testId="dd4aa50b-730c-4975-abec-f87b43df1208" executionId="7fb18316-75ba-4380-b197-c4b1149cea2a" testListId="e9600217-cf60-413e-beb2-67607a397d58" />
    <TestEntry testId="82a8ab0f-14dc-426a-aca1-67a47bdf863f" executionId="483c12a5-b2dd-41bb-9d16-c3047ada422e" testListId="e9600217-cf60-413e-beb2-67607a397d58" />
    <TestEntry testId="eed5d1dc-508f-4d02-a86b-365fcc4b3d6d" executionId="7e63d42b-4de6-4945-947a-6dbab9d7d163" testListId="e9600217-cf60-413e-beb2-67607a397d58" />
    <TestEntry testId="4c96cd1c-4e05-4c17-934c-c07b0aa01343" executionId="e87c4af2-e1a2-4c00-9acf-cc9ad1c5316f" testListId="e9600217-cf60-413e-beb2-67607a397d58" />
    <TestEntry testId="a622c9f8-cc36-48a8-b83f-77d8d846a787" executionId="12fe2a0f-0b5f-49e9-ae1f-7bd044eb8bc9" testListId="e9600217-cf60-413e-beb2-67607a397d58" />
    <TestEntry testId="0c36c0a2-9216-4881-8c24-da5803ae26bc" executionId="73fb581f-ab85-4b5c-bca5-089dc6c7a155" testListId="e9600217-cf60-413e-beb2-67607a397d58" />
    <TestEntry testId="e50a0c48-b712-478a-b46e-7b0589bb7128" executionId="2cd1cbaa-5535-4c48-b816-d3e6c77f77e4" testListId="e9600217-cf60-413e-beb2-67607a397d58" />
    <TestEntry testId="0320991b-59c9-40dc-9f38-4ea37c8b91e4" executionId="da910967-160b-489c-b80f-b6eaa837d674" testListId="e9600217-cf60-413e-beb2-67607a397d58" />
    <TestEntry testId="6365fb55-a9f2-4111-b515-f17d717a5221" executionId="9cfe060f-8e0c-4b19-aafd-a5a67f46b6c4" testListId="e9600217-cf60-413e-beb2-67607a397d58" />
    <TestEntry testId="4ca8e5d1-fbdc-46dc-9d97-df236f195287" executionId="a0f0f7b8-36e5-4fd2-aa34-ed616686b2e1" testListId="e9600217-cf60-413e-beb2-67607a397d58" />
    <TestEntry testId="c58b42be-b6a0-4f4f-83f8-99631ff071c0" executionId="0198ad42-6f87-42d9-9008-f54179e2209a" testListId="e9600217-cf60-413e-beb2-67607a397d58" />
    <TestEntry testId="e55706e8-3dfc-42fe-8bc1-fbf04fba049b" executionId="467d7a64-5086-4a22-85a9-903f9780922d" testListId="e9600217-cf60-413e-beb2-67607a397d58" />
    <TestEntry testId="8539feea-a6b1-47ee-8407-fce8cea56eff" executionId="df42546a-d4ad-45cf-ba83-49c07f397cc6" testListId="e9600217-cf60-413e-beb2-67607a397d58" />
    <TestEntry testId="6e786569-2c9f-4499-9d9c-1bbc037fc3f8" executionId="a7f25ef5-e1c1-45dd-a8a9-ad250a0a45e6" testListId="e9600217-cf60-413e-beb2-67607a397d58" />
    <TestEntry testId="7915ae20-4ef2-43ce-8d44-9d88dab6abd4" executionId="d4b02b98-51e0-432a-96a2-082e28bd9b2f" testListId="e9600217-cf60-413e-beb2-67607a397d58" />
    <TestEntry testId="b7f1c3cc-250e-4b9a-9629-8608bd53711e" executionId="ed64f149-2e14-4e91-ab89-860226183255" testListId="e9600217-cf60-413e-beb2-67607a397d58" />
    <TestEntry testId="59fc3609-de31-41c1-b258-5a55a10bb206" executionId="1504da47-e4a8-4f34-b989-6d72f0496ab4" testListId="e9600217-cf60-413e-beb2-67607a397d58" />
    <TestEntry testId="2ca3328c-9362-4616-a1e9-0b47a4681df5" executionId="aa3ddbe7-6694-44c9-9cc1-d834649ecaa8" testListId="e9600217-cf60-413e-beb2-67607a397d58" />
    <TestEntry testId="676c68be-c3d9-43fe-8cd8-a83b137c2b0e" executionId="f69a8a5f-d45d-48ce-b929-30cea8d12109" testListId="e9600217-cf60-413e-beb2-67607a397d58" />
    <TestEntry testId="97e57a80-57c6-430f-86c0-090bd773aa56" executionId="e0e44598-2483-488a-abfe-4fc7a1b6ef42" testListId="e9600217-cf60-413e-beb2-67607a397d58" />
    <TestEntry testId="375fb0e7-669e-42e5-804f-87950156da0f" executionId="d1052a00-0f0c-41b0-885e-5ffae918148e" testListId="e9600217-cf60-413e-beb2-67607a397d58" />
    <TestEntry testId="8179d68f-797b-4898-b023-7c6c5c9c54bc" executionId="d4bb098a-e5f8-47c9-a458-b6cfcf4659b4" testListId="e9600217-cf60-413e-beb2-67607a397d58" />
    <TestEntry testId="8d19003b-bf9f-4276-bab8-750bf2625f42" executionId="2ed12d88-e4d5-499e-864e-b680a703fd82" testListId="e9600217-cf60-413e-beb2-67607a397d58" />
    <TestEntry testId="7d19b15c-9a97-4b94-afba-d956912706b1" executionId="559c33cd-78eb-403c-8a2f-ed787876b692" testListId="e9600217-cf60-413e-beb2-67607a397d58" />
    <TestEntry testId="fa53275b-cd87-411c-ab6f-8e6ff8a086f4" executionId="69dca11b-a640-4662-a349-62b761054d12" testListId="e9600217-cf60-413e-beb2-67607a397d58" />
    <TestEntry testId="70f411c8-ce73-471a-b37f-b2a273d2ff2f" executionId="aefcd533-4df6-45d4-aac5-9c36ed31ea59" testListId="e9600217-cf60-413e-beb2-67607a397d58" />
    <TestEntry testId="c7ebd829-4d6e-4223-952a-4b4840d5de15" executionId="c9c953e6-176e-4f74-9d40-39efbaaf87ef" testListId="e9600217-cf60-413e-beb2-67607a397d58" />
    <TestEntry testId="536796ac-2a24-4ce0-a724-121cc4ed226f" executionId="d1cc1d28-268c-4f73-9de1-8593cfebc624" testListId="e9600217-cf60-413e-beb2-67607a397d58" />
    <TestEntry testId="1a5bd7b3-fe6c-45dd-8dec-47667dd0ae48" executionId="f6c1fa3f-c208-4f2a-a83d-c3d5289960c8" testListId="e9600217-cf60-413e-beb2-67607a397d58" />
    <TestEntry testId="cbc5a473-97b4-4f62-aa03-2441f8f723cc" executionId="931e7c0b-36b0-4094-b98a-a96970c57e20" testListId="e9600217-cf60-413e-beb2-67607a397d58" />
    <TestEntry testId="fbe694f9-c466-4312-9126-3bbeb24ad619" executionId="ab34d96d-f70a-4bb9-9070-ac7a92093324" testListId="e9600217-cf60-413e-beb2-67607a397d58" />
    <TestEntry testId="96c1916e-f2fd-46bb-ae4d-e73954cd3a6f" executionId="c453a38c-bd7a-45a5-af46-7f8df9b8e554" testListId="e9600217-cf60-413e-beb2-67607a397d58" />
    <TestEntry testId="48d8283a-edb9-40bf-ae6d-700026d993e0" executionId="4b203f84-470c-44f4-9433-71be5ad1a5f6" testListId="e9600217-cf60-413e-beb2-67607a397d58" />
    <TestEntry testId="86baa665-03b3-4959-9229-a559495474de" executionId="ea5d712d-9348-4481-810c-7e392429a9ce" testListId="e9600217-cf60-413e-beb2-67607a397d58" />
  </TestEntries>
  <TestLists>
    <TestList name="Results Not in a List" id="e9600217-cf60-413e-beb2-67607a397d58" />
    <TestList name="All Loaded Results" id="15cfb6d1-4626-4324-9d75-00afd06f0b9c" />
  </TestLists>
</TestRun>