<?xml version="1.0" encoding="UTF-8"?>
<TestRun id="1cbf7532-66f9-4154-8b42-3fbb7108dc01" name="Test Run 31" runUser="Oles Galatsan" xmlns="http://microsoft.com/schemas/VisualStudio/TeamTest/2010">
  <Times creation="2025-05-14T13:20:31.3125482Z" queuing="2025-05-14T13:20:31.3125482Z" start="2025-05-14T13:20:31.3146610Z" finish="2025-05-14T13:25:31.3147553Z" />
  <TestSettings name="Test Settings 31" id="b54c3ca7-b49f-4b8b-b7c3-184c9a84d281" />
  <Results>
    <UnitTestResult executionId="cda82198-bc8e-4a22-9cbd-baaa2473f683" testId="48ea9dd7-007d-410d-a675-00b353e9cfd1" testName="Test3001" computerName="UA-LPT-OGA2" duration="00:00:01.7100000" startTime="2025-05-14T13:20:31.3146610Z" endTime="2025-05-14T13:25:31.3147553Z" testType="13cdc9d9-ddb5-4fa4-a97d-d965ccfc6d4b" outcome="Passed" testListId="a8cf978a-952b-41c4-ac55-8734256fe274" />
    <UnitTestResult executionId="a0b22ab3-12c2-4981-951d-5c6c2aa722ea" testId="87be7983-bd51-403f-b497-6bd53667c99b" testName="Test3002" computerName="UA-LPT-OGA2" duration="00:00:01.4530000" startTime="2025-05-14T13:20:31.3146610Z" endTime="2025-05-14T13:25:31.3147553Z" testType="13cdc9d9-ddb5-4fa4-a97d-d965ccfc6d4b" outcome="Failed" testListId="a8cf978a-952b-41c4-ac55-8734256fe274">
      <Output>
        <ErrorInfo>
          <Message>Assertion failed: Expected value did not match actual value.</Message>
          <StackTrace>   at TestNamespace.TestClass.Test() in TestClass.cs:line 173</StackTrace>
        </ErrorInfo>
      </Output>
    </UnitTestResult>
    <UnitTestResult executionId="6ed748c6-3bd2-49fc-9d13-d446d071ae59" testId="44631ec4-834e-4904-adfb-fa8b6f8903b2" testName="Test3003" computerName="UA-LPT-OGA2" duration="00:00:01.2080000" startTime="2025-05-14T13:20:31.3146610Z" endTime="2025-05-14T13:25:31.3147553Z" testType="13cdc9d9-ddb5-4fa4-a97d-d965ccfc6d4b" outcome="Passed" testListId="a8cf978a-952b-41c4-ac55-8734256fe274" />
    <UnitTestResult executionId="f71bd9d7-d380-4b9e-bc9f-6fbecd0a0f98" testId="4818a817-e23d-4126-9eb2-61250684a3db" testName="Test3004" computerName="UA-LPT-OGA2" duration="00:00:01.9440000" startTime="2025-05-14T13:20:31.3146610Z" endTime="2025-05-14T13:25:31.3147553Z" testType="13cdc9d9-ddb5-4fa4-a97d-d965ccfc6d4b" outcome="Passed" testListId="a8cf978a-952b-41c4-ac55-8734256fe274" />
    <UnitTestResult executionId="87a5542a-415c-428d-849f-bf03f006b23b" testId="82faa53e-ad82-4f60-ad6d-8bdc0cd9408c" testName="Test3005" computerName="UA-LPT-OGA2" duration="00:00:01.1420000" startTime="2025-05-14T13:20:31.3146610Z" endTime="2025-05-14T13:25:31.3147553Z" testType="13cdc9d9-ddb5-4fa4-a97d-d965ccfc6d4b" outcome="Passed" testListId="a8cf978a-952b-41c4-ac55-8734256fe274" />
    <UnitTestResult executionId="1e275053-d041-4778-a84b-e113df1af362" testId="1520418c-a9d1-426c-bd22-bbec7641c9ef" testName="Test3006" computerName="UA-LPT-OGA2" duration="00:00:00.4310000" startTime="2025-05-14T13:20:31.3146610Z" endTime="2025-05-14T13:25:31.3147553Z" testType="13cdc9d9-ddb5-4fa4-a97d-d965ccfc6d4b" outcome="Passed" testListId="a8cf978a-952b-41c4-ac55-8734256fe274" />
    <UnitTestResult executionId="e27b294a-101b-4f17-9e5a-8751dab5fd8a" testId="b5be704b-3932-43fb-92ca-289202cd378e" testName="Test3007" computerName="UA-LPT-OGA2" duration="00:00:01.6440000" startTime="2025-05-14T13:20:31.3146610Z" endTime="2025-05-14T13:25:31.3147553Z" testType="13cdc9d9-ddb5-4fa4-a97d-d965ccfc6d4b" outcome="Passed" testListId="a8cf978a-952b-41c4-ac55-8734256fe274" />
    <UnitTestResult executionId="8a4ea473-623d-4849-b43c-186d9aa4aac9" testId="6714d278-5240-4491-8a55-ab678799f41d" testName="Test3008" computerName="UA-LPT-OGA2" duration="00:00:00.1510000" startTime="2025-05-14T13:20:31.3146610Z" endTime="2025-05-14T13:25:31.3147553Z" testType="13cdc9d9-ddb5-4fa4-a97d-d965ccfc6d4b" outcome="Passed" testListId="a8cf978a-952b-41c4-ac55-8734256fe274" />
    <UnitTestResult executionId="d3999f00-6a18-44bd-aa99-02281327ad85" testId="2601cb2d-6834-4639-beab-34a92da2bb29" testName="Test3009" computerName="UA-LPT-OGA2" duration="00:00:01.8130000" startTime="2025-05-14T13:20:31.3146610Z" endTime="2025-05-14T13:25:31.3147553Z" testType="13cdc9d9-ddb5-4fa4-a97d-d965ccfc6d4b" outcome="Passed" testListId="a8cf978a-952b-41c4-ac55-8734256fe274" />
    <UnitTestResult executionId="eaeda74b-fe21-4bf3-80e4-8d4c056f492b" testId="7cee0458-3628-45e6-be97-82a11d43dfb5" testName="Test3010" computerName="UA-LPT-OGA2" duration="00:00:01.2360000" startTime="2025-05-14T13:20:31.3146610Z" endTime="2025-05-14T13:25:31.3147553Z" testType="13cdc9d9-ddb5-4fa4-a97d-d965ccfc6d4b" outcome="Passed" testListId="a8cf978a-952b-41c4-ac55-8734256fe274" />
    <UnitTestResult executionId="103aeb2f-54e3-4163-8695-64c98aea3a25" testId="987792e0-c3e2-4df9-8ede-9174cc50e072" testName="Test3011" computerName="UA-LPT-OGA2" duration="00:00:00.1920000" startTime="2025-05-14T13:20:31.3146610Z" endTime="2025-05-14T13:25:31.3147553Z" testType="13cdc9d9-ddb5-4fa4-a97d-d965ccfc6d4b" outcome="Passed" testListId="a8cf978a-952b-41c4-ac55-8734256fe274" />
    <UnitTestResult executionId="2e4dcc79-9014-480a-9a2c-e9404b45627a" testId="ceb87188-fbce-4937-93fb-c13c2a8cb603" testName="Test3012" computerName="UA-LPT-OGA2" duration="00:00:01.5310000" startTime="2025-05-14T13:20:31.3146610Z" endTime="2025-05-14T13:25:31.3147553Z" testType="13cdc9d9-ddb5-4fa4-a97d-d965ccfc6d4b" outcome="Passed" testListId="a8cf978a-952b-41c4-ac55-8734256fe274" />
    <UnitTestResult executionId="d7a1d38d-7861-498c-a27a-4d8bef98d164" testId="6aa24975-8050-4a25-bef5-42e9fdba31f6" testName="Test3013" computerName="UA-LPT-OGA2" duration="00:00:00.0350000" startTime="2025-05-14T13:20:31.3146610Z" endTime="2025-05-14T13:25:31.3147553Z" testType="13cdc9d9-ddb5-4fa4-a97d-d965ccfc6d4b" outcome="Passed" testListId="a8cf978a-952b-41c4-ac55-8734256fe274" />
    <UnitTestResult executionId="9e6ecfd2-3440-4996-b889-6d2fed16a200" testId="203b9e49-eeb9-4b6b-baca-0434c0817699" testName="Test3014" computerName="UA-LPT-OGA2" duration="00:00:01.1880000" startTime="2025-05-14T13:20:31.3146610Z" endTime="2025-05-14T13:25:31.3147553Z" testType="13cdc9d9-ddb5-4fa4-a97d-d965ccfc6d4b" outcome="Passed" testListId="a8cf978a-952b-41c4-ac55-8734256fe274" />
    <UnitTestResult executionId="606d807a-3257-4025-bd4c-e1ef1dbd2288" testId="a5c50272-257d-4218-ad7e-e246de5cd797" testName="Test3015" computerName="UA-LPT-OGA2" duration="00:00:00.8570000" startTime="2025-05-14T13:20:31.3146610Z" endTime="2025-05-14T13:25:31.3147553Z" testType="13cdc9d9-ddb5-4fa4-a97d-d965ccfc6d4b" outcome="Passed" testListId="a8cf978a-952b-41c4-ac55-8734256fe274" />
    <UnitTestResult executionId="ac68d30d-b634-4d64-a818-0ed640864bae" testId="84a01fcc-3351-463a-a49e-e6b6151ebead" testName="Test3016" computerName="UA-LPT-OGA2" duration="00:00:00.3200000" startTime="2025-05-14T13:20:31.3146610Z" endTime="2025-05-14T13:25:31.3147553Z" testType="13cdc9d9-ddb5-4fa4-a97d-d965ccfc6d4b" outcome="Passed" testListId="a8cf978a-952b-41c4-ac55-8734256fe274" />
    <UnitTestResult executionId="785678b6-2269-4e25-a57b-eceeabe527d9" testId="e94462ff-4e00-4242-b84b-a363e4ab85ff" testName="Test3017" computerName="UA-LPT-OGA2" duration="00:00:01.4530000" startTime="2025-05-14T13:20:31.3146610Z" endTime="2025-05-14T13:25:31.3147553Z" testType="13cdc9d9-ddb5-4fa4-a97d-d965ccfc6d4b" outcome="Passed" testListId="a8cf978a-952b-41c4-ac55-8734256fe274" />
    <UnitTestResult executionId="f59d186a-5df9-453c-aebe-73786cdc055b" testId="6eae5f89-49b4-43bc-bcfa-cf640ed96ef2" testName="Test3018" computerName="UA-LPT-OGA2" duration="00:00:00.7430000" startTime="2025-05-14T13:20:31.3146610Z" endTime="2025-05-14T13:25:31.3147553Z" testType="13cdc9d9-ddb5-4fa4-a97d-d965ccfc6d4b" outcome="Passed" testListId="a8cf978a-952b-41c4-ac55-8734256fe274" />
    <UnitTestResult executionId="040af1cf-47ff-4d0a-9be3-4b2928ecaa15" testId="0d431d72-c1a4-4cf8-b952-939df2bfdd71" testName="Test3019" computerName="UA-LPT-OGA2" duration="00:00:01.5330000" startTime="2025-05-14T13:20:31.3146610Z" endTime="2025-05-14T13:25:31.3147553Z" testType="13cdc9d9-ddb5-4fa4-a97d-d965ccfc6d4b" outcome="Passed" testListId="a8cf978a-952b-41c4-ac55-8734256fe274" />
    <UnitTestResult executionId="a04d5061-7229-4342-9fa2-120dae74c200" testId="22ec8ece-a5fb-43d9-b5ec-daca448b3ec3" testName="Test3020" computerName="UA-LPT-OGA2" duration="00:00:01.1630000" startTime="2025-05-14T13:20:31.3146610Z" endTime="2025-05-14T13:25:31.3147553Z" testType="13cdc9d9-ddb5-4fa4-a97d-d965ccfc6d4b" outcome="Passed" testListId="a8cf978a-952b-41c4-ac55-8734256fe274" />
    <UnitTestResult executionId="756d5d08-1a88-4770-9eb4-0f0671c75514" testId="0eaf1971-f914-42d9-86bb-8f2d2191dcc7" testName="Test3021" computerName="UA-LPT-OGA2" duration="00:00:01.8710000" startTime="2025-05-14T13:20:31.3146610Z" endTime="2025-05-14T13:25:31.3147553Z" testType="13cdc9d9-ddb5-4fa4-a97d-d965ccfc6d4b" outcome="Passed" testListId="a8cf978a-952b-41c4-ac55-8734256fe274" />
    <UnitTestResult executionId="40e9a82d-d9cd-4c2b-b0c2-0129c98b2650" testId="c8a89951-5483-4355-828e-d02d0531c34a" testName="Test3022" computerName="UA-LPT-OGA2" duration="00:00:01.7010000" startTime="2025-05-14T13:20:31.3146610Z" endTime="2025-05-14T13:25:31.3147553Z" testType="13cdc9d9-ddb5-4fa4-a97d-d965ccfc6d4b" outcome="Failed" testListId="a8cf978a-952b-41c4-ac55-8734256fe274">
      <Output>
        <ErrorInfo>
          <Message>Assertion failed: Expected value did not match actual value.</Message>
          <StackTrace>   at TestNamespace.TestClass.Test() in TestClass.cs:line 464</StackTrace>
        </ErrorInfo>
      </Output>
    </UnitTestResult>
    <UnitTestResult executionId="f1be2aa2-4b12-46af-b3b4-0e60215079b3" testId="825cbad5-7383-4250-a9a9-f6078f9d555d" testName="Test3023" computerName="UA-LPT-OGA2" duration="00:00:01.6920000" startTime="2025-05-14T13:20:31.3146610Z" endTime="2025-05-14T13:25:31.3147553Z" testType="13cdc9d9-ddb5-4fa4-a97d-d965ccfc6d4b" outcome="Passed" testListId="a8cf978a-952b-41c4-ac55-8734256fe274" />
    <UnitTestResult executionId="239e7463-6357-4a94-ba3e-c290a9f763a9" testId="07d8ad20-299b-4029-b937-edd745b5361b" testName="Test3024" computerName="UA-LPT-OGA2" duration="00:00:00.7890000" startTime="2025-05-14T13:20:31.3146610Z" endTime="2025-05-14T13:25:31.3147553Z" testType="13cdc9d9-ddb5-4fa4-a97d-d965ccfc6d4b" outcome="Passed" testListId="a8cf978a-952b-41c4-ac55-8734256fe274" />
    <UnitTestResult executionId="94f21a2f-fb97-47d8-8442-3e9cea025a30" testId="fcd00106-6c7d-4420-8a09-d1c8824069cd" testName="Test3025" computerName="UA-LPT-OGA2" duration="00:00:01.1830000" startTime="2025-05-14T13:20:31.3146610Z" endTime="2025-05-14T13:25:31.3147553Z" testType="13cdc9d9-ddb5-4fa4-a97d-d965ccfc6d4b" outcome="Passed" testListId="a8cf978a-952b-41c4-ac55-8734256fe274" />
    <UnitTestResult executionId="16b99571-617f-4d58-b9b1-205cff0fbcc4" testId="eb87cfcd-a8af-47a9-bf46-47a6dd42282c" testName="Test3026" computerName="UA-LPT-OGA2" duration="00:00:01.4890000" startTime="2025-05-14T13:20:31.3146610Z" endTime="2025-05-14T13:25:31.3147553Z" testType="13cdc9d9-ddb5-4fa4-a97d-d965ccfc6d4b" outcome="Passed" testListId="a8cf978a-952b-41c4-ac55-8734256fe274" />
    <UnitTestResult executionId="20a6929b-672d-4287-ab58-6c1155921031" testId="6bdae5af-b8e4-4a34-8295-8cc8f69472c6" testName="Test3027" computerName="UA-LPT-OGA2" duration="00:00:00.4360000" startTime="2025-05-14T13:20:31.3146610Z" endTime="2025-05-14T13:25:31.3147553Z" testType="13cdc9d9-ddb5-4fa4-a97d-d965ccfc6d4b" outcome="Failed" testListId="a8cf978a-952b-41c4-ac55-8734256fe274">
      <Output>
        <ErrorInfo>
          <Message>Assertion failed: Expected value did not match actual value.</Message>
          <StackTrace>   at TestNamespace.TestClass.Test() in TestClass.cs:line 154</StackTrace>
        </ErrorInfo>
      </Output>
    </UnitTestResult>
    <UnitTestResult executionId="f9f95d9c-8d55-44ae-baa2-30a71b87baf8" testId="2e434544-7990-4c7e-b640-cdcba9bc03bb" testName="Test3028" computerName="UA-LPT-OGA2" duration="00:00:00.7620000" startTime="2025-05-14T13:20:31.3146610Z" endTime="2025-05-14T13:25:31.3147553Z" testType="13cdc9d9-ddb5-4fa4-a97d-d965ccfc6d4b" outcome="Passed" testListId="a8cf978a-952b-41c4-ac55-8734256fe274" />
    <UnitTestResult executionId="3637949e-4ec3-4a87-99cc-72239e3d8222" testId="397edda2-1821-4ab6-b0fe-20aa7724f1c0" testName="Test3029" computerName="UA-LPT-OGA2" duration="00:00:01.9780000" startTime="2025-05-14T13:20:31.3146610Z" endTime="2025-05-14T13:25:31.3147553Z" testType="13cdc9d9-ddb5-4fa4-a97d-d965ccfc6d4b" outcome="Passed" testListId="a8cf978a-952b-41c4-ac55-8734256fe274" />
    <UnitTestResult executionId="99ea1b16-e54a-492a-beb7-03cc3842248d" testId="7841895a-daa6-45a4-a37b-c5e5f983d020" testName="Test3030" computerName="UA-LPT-OGA2" duration="00:00:00.8130000" startTime="2025-05-14T13:20:31.3146610Z" endTime="2025-05-14T13:25:31.3147553Z" testType="13cdc9d9-ddb5-4fa4-a97d-d965ccfc6d4b" outcome="Passed" testListId="a8cf978a-952b-41c4-ac55-8734256fe274" />
    <UnitTestResult executionId="442e3ab1-c8bd-4762-85c0-a2952b9583a8" testId="13b60a58-ad71-4767-8c5c-e40e7311a671" testName="Test3031" computerName="UA-LPT-OGA2" duration="00:00:01.8340000" startTime="2025-05-14T13:20:31.3146610Z" endTime="2025-05-14T13:25:31.3147553Z" testType="13cdc9d9-ddb5-4fa4-a97d-d965ccfc6d4b" outcome="Passed" testListId="a8cf978a-952b-41c4-ac55-8734256fe274" />
    <UnitTestResult executionId="d1047269-a9f1-44c3-aca3-60ce1553d060" testId="00dc47a4-fdd0-4436-a42d-381f1d5f27ab" testName="Test3032" computerName="UA-LPT-OGA2" duration="00:00:01.5090000" startTime="2025-05-14T13:20:31.3146610Z" endTime="2025-05-14T13:25:31.3147553Z" testType="13cdc9d9-ddb5-4fa4-a97d-d965ccfc6d4b" outcome="Passed" testListId="a8cf978a-952b-41c4-ac55-8734256fe274" />
    <UnitTestResult executionId="0af51d86-9dff-4f1c-a4ab-ef1dffa26de7" testId="d9990553-288e-4dec-8b7c-6e679293c3ce" testName="Test3033" computerName="UA-LPT-OGA2" duration="00:00:01.8120000" startTime="2025-05-14T13:20:31.3146610Z" endTime="2025-05-14T13:25:31.3147553Z" testType="13cdc9d9-ddb5-4fa4-a97d-d965ccfc6d4b" outcome="Passed" testListId="a8cf978a-952b-41c4-ac55-8734256fe274" />
    <UnitTestResult executionId="5a2305bb-e209-4e7e-a470-017955cd3c91" testId="686d2aba-a2f4-4bea-8d7b-4dac0f4d8f8c" testName="Test3034" computerName="UA-LPT-OGA2" duration="00:00:00.2910000" startTime="2025-05-14T13:20:31.3146610Z" endTime="2025-05-14T13:25:31.3147553Z" testType="13cdc9d9-ddb5-4fa4-a97d-d965ccfc6d4b" outcome="Passed" testListId="a8cf978a-952b-41c4-ac55-8734256fe274" />
    <UnitTestResult executionId="89b2c7c9-a81b-4524-9c9b-0397380c9ac4" testId="5a0a8b79-a77f-4fbc-aade-cd789207a361" testName="Test3035" computerName="UA-LPT-OGA2" duration="00:00:00.8760000" startTime="2025-05-14T13:20:31.3146610Z" endTime="2025-05-14T13:25:31.3147553Z" testType="13cdc9d9-ddb5-4fa4-a97d-d965ccfc6d4b" outcome="Passed" testListId="a8cf978a-952b-41c4-ac55-8734256fe274" />
    <UnitTestResult executionId="03e02fad-7b93-4407-b905-2df847bc5864" testId="6ecae55a-aab1-4b7b-bc9f-5501c8ec4557" testName="Test3036" computerName="UA-LPT-OGA2" duration="00:00:01.5920000" startTime="2025-05-14T13:20:31.3146610Z" endTime="2025-05-14T13:25:31.3147553Z" testType="13cdc9d9-ddb5-4fa4-a97d-d965ccfc6d4b" outcome="Passed" testListId="a8cf978a-952b-41c4-ac55-8734256fe274" />
    <UnitTestResult executionId="20bb2820-263c-48f0-8fda-83d482baff6a" testId="313270c7-090d-446e-afbc-47f0bbd68c4a" testName="Test3037" computerName="UA-LPT-OGA2" duration="00:00:01.3890000" startTime="2025-05-14T13:20:31.3146610Z" endTime="2025-05-14T13:25:31.3147553Z" testType="13cdc9d9-ddb5-4fa4-a97d-d965ccfc6d4b" outcome="Passed" testListId="a8cf978a-952b-41c4-ac55-8734256fe274" />
    <UnitTestResult executionId="f3ae2681-1442-4013-be0e-91ca0c81ad8d" testId="207aef6c-8e76-43a4-aa39-fa826d11d378" testName="Test3038" computerName="UA-LPT-OGA2" duration="00:00:00.1840000" startTime="2025-05-14T13:20:31.3146610Z" endTime="2025-05-14T13:25:31.3147553Z" testType="13cdc9d9-ddb5-4fa4-a97d-d965ccfc6d4b" outcome="Passed" testListId="a8cf978a-952b-41c4-ac55-8734256fe274" />
    <UnitTestResult executionId="632099d9-6702-4a59-9b54-f22c3567878e" testId="b71cbb38-1c70-4a13-ad80-7fa0f2720702" testName="Test3039" computerName="UA-LPT-OGA2" duration="00:00:00.3860000" startTime="2025-05-14T13:20:31.3146610Z" endTime="2025-05-14T13:25:31.3147553Z" testType="13cdc9d9-ddb5-4fa4-a97d-d965ccfc6d4b" outcome="Passed" testListId="a8cf978a-952b-41c4-ac55-8734256fe274" />
    <UnitTestResult executionId="16060657-dd29-4e18-9103-e2a7e6f98329" testId="68999d11-08d0-4674-a8e7-7ee445e3e59a" testName="Test3040" computerName="UA-LPT-OGA2" duration="00:00:01.4970000" startTime="2025-05-14T13:20:31.3146610Z" endTime="2025-05-14T13:25:31.3147553Z" testType="13cdc9d9-ddb5-4fa4-a97d-d965ccfc6d4b" outcome="Passed" testListId="a8cf978a-952b-41c4-ac55-8734256fe274" />
    <UnitTestResult executionId="eb294151-2683-41bc-a014-d32008d8df9b" testId="7e95a077-f11e-4b8a-8cf5-d0116b55b601" testName="Test3041" computerName="UA-LPT-OGA2" duration="00:00:01.8910000" startTime="2025-05-14T13:20:31.3146610Z" endTime="2025-05-14T13:25:31.3147553Z" testType="13cdc9d9-ddb5-4fa4-a97d-d965ccfc6d4b" outcome="Passed" testListId="a8cf978a-952b-41c4-ac55-8734256fe274" />
    <UnitTestResult executionId="ad6dd5f0-4578-4215-b94f-19c7240f4c96" testId="c8a3fdc9-da78-4749-a14d-da038bd5cdae" testName="Test3042" computerName="UA-LPT-OGA2" duration="00:00:01.9870000" startTime="2025-05-14T13:20:31.3146610Z" endTime="2025-05-14T13:25:31.3147553Z" testType="13cdc9d9-ddb5-4fa4-a97d-d965ccfc6d4b" outcome="Passed" testListId="a8cf978a-952b-41c4-ac55-8734256fe274" />
    <UnitTestResult executionId="7c069fae-150b-4e45-a033-b770aa4cc92a" testId="82783c48-4fff-4796-9adf-3ba626d1aa66" testName="Test3043" computerName="UA-LPT-OGA2" duration="00:00:01.9610000" startTime="2025-05-14T13:20:31.3146610Z" endTime="2025-05-14T13:25:31.3147553Z" testType="13cdc9d9-ddb5-4fa4-a97d-d965ccfc6d4b" outcome="Passed" testListId="a8cf978a-952b-41c4-ac55-8734256fe274" />
    <UnitTestResult executionId="246bd1ab-7e67-42a2-89d7-1625bd77e1e0" testId="f15e6b3c-366f-49a0-9462-7a5aa9c9533c" testName="Test3044" computerName="UA-LPT-OGA2" duration="00:00:01.6790000" startTime="2025-05-14T13:20:31.3146610Z" endTime="2025-05-14T13:25:31.3147553Z" testType="13cdc9d9-ddb5-4fa4-a97d-d965ccfc6d4b" outcome="Passed" testListId="a8cf978a-952b-41c4-ac55-8734256fe274" />
    <UnitTestResult executionId="63b1688b-d384-4139-a4ce-eaa45dabcbd9" testId="18b40331-9165-464b-8eb2-de2d212361f0" testName="Test3045" computerName="UA-LPT-OGA2" duration="00:00:01.7040000" startTime="2025-05-14T13:20:31.3146610Z" endTime="2025-05-14T13:25:31.3147553Z" testType="13cdc9d9-ddb5-4fa4-a97d-d965ccfc6d4b" outcome="Passed" testListId="a8cf978a-952b-41c4-ac55-8734256fe274" />
    <UnitTestResult executionId="49f3d536-e2db-4b61-867e-5b8aad643fde" testId="2cdb711f-f323-4f63-bd65-498660c9daf2" testName="Test3046" computerName="UA-LPT-OGA2" duration="00:00:01.6330000" startTime="2025-05-14T13:20:31.3146610Z" endTime="2025-05-14T13:25:31.3147553Z" testType="13cdc9d9-ddb5-4fa4-a97d-d965ccfc6d4b" outcome="Passed" testListId="a8cf978a-952b-41c4-ac55-8734256fe274" />
    <UnitTestResult executionId="017e3cb1-1ae5-492c-83d2-70560550d40a" testId="8b69b6a6-b7c4-4c5c-a8e2-98b9e2fe8132" testName="Test3047" computerName="UA-LPT-OGA2" duration="00:00:01.1720000" startTime="2025-05-14T13:20:31.3146610Z" endTime="2025-05-14T13:25:31.3147553Z" testType="13cdc9d9-ddb5-4fa4-a97d-d965ccfc6d4b" outcome="Passed" testListId="a8cf978a-952b-41c4-ac55-8734256fe274" />
    <UnitTestResult executionId="1313287b-5ac9-445e-bfef-b5277cac762f" testId="61283d7d-4b34-4f3f-a36d-b9c6f980be1d" testName="Test3048" computerName="UA-LPT-OGA2" duration="00:00:01.9020000" startTime="2025-05-14T13:20:31.3146610Z" endTime="2025-05-14T13:25:31.3147553Z" testType="13cdc9d9-ddb5-4fa4-a97d-d965ccfc6d4b" outcome="Passed" testListId="a8cf978a-952b-41c4-ac55-8734256fe274" />
    <UnitTestResult executionId="dfd2cb34-0f94-4267-8d87-ec61aa502c80" testId="4c923a3f-b0f2-45a4-87be-db79b5c1de78" testName="Test3049" computerName="UA-LPT-OGA2" duration="00:00:01.1070000" startTime="2025-05-14T13:20:31.3146610Z" endTime="2025-05-14T13:25:31.3147553Z" testType="13cdc9d9-ddb5-4fa4-a97d-d965ccfc6d4b" outcome="Passed" testListId="a8cf978a-952b-41c4-ac55-8734256fe274" />
    <UnitTestResult executionId="530d5349-6c02-457e-8aff-9766056bcb07" testId="64f85c7a-857d-458b-93b5-4908195f4a0b" testName="Test3050" computerName="UA-LPT-OGA2" duration="00:00:00.2690000" startTime="2025-05-14T13:20:31.3146610Z" endTime="2025-05-14T13:25:31.3147553Z" testType="13cdc9d9-ddb5-4fa4-a97d-d965ccfc6d4b" outcome="Passed" testListId="a8cf978a-952b-41c4-ac55-8734256fe274" />
    <UnitTestResult executionId="e72e8506-06e9-4ef4-8e2a-8d85efc9e094" testId="42e61eca-c744-464b-aaf3-173b80af97f3" testName="Test3051" computerName="UA-LPT-OGA2" duration="00:00:00.9410000" startTime="2025-05-14T13:20:31.3146610Z" endTime="2025-05-14T13:25:31.3147553Z" testType="13cdc9d9-ddb5-4fa4-a97d-d965ccfc6d4b" outcome="Passed" testListId="a8cf978a-952b-41c4-ac55-8734256fe274" />
    <UnitTestResult executionId="7511c1d9-0ef3-4ada-870b-d01580bea1c7" testId="567e1b41-727f-456d-b40c-f2d31cec7d2e" testName="Test3052" computerName="UA-LPT-OGA2" duration="00:00:00.0640000" startTime="2025-05-14T13:20:31.3146610Z" endTime="2025-05-14T13:25:31.3147553Z" testType="13cdc9d9-ddb5-4fa4-a97d-d965ccfc6d4b" outcome="Passed" testListId="a8cf978a-952b-41c4-ac55-8734256fe274" />
    <UnitTestResult executionId="c8f17330-12e2-4806-b2e1-171b8c42f7b2" testId="64f58b9c-487d-4688-9264-1a496ef1fa8f" testName="Test3053" computerName="UA-LPT-OGA2" duration="00:00:01.9080000" startTime="2025-05-14T13:20:31.3146610Z" endTime="2025-05-14T13:25:31.3147553Z" testType="13cdc9d9-ddb5-4fa4-a97d-d965ccfc6d4b" outcome="Passed" testListId="a8cf978a-952b-41c4-ac55-8734256fe274" />
    <UnitTestResult executionId="677a5577-8804-475a-bcf1-21de9ceb2691" testId="0734b9ac-685b-46b9-b390-06d83c07f392" testName="Test3054" computerName="UA-LPT-OGA2" duration="00:00:00.8290000" startTime="2025-05-14T13:20:31.3146610Z" endTime="2025-05-14T13:25:31.3147553Z" testType="13cdc9d9-ddb5-4fa4-a97d-d965ccfc6d4b" outcome="Passed" testListId="a8cf978a-952b-41c4-ac55-8734256fe274" />
    <UnitTestResult executionId="9259a78d-1acd-468c-a8ad-1efe30f52a70" testId="130b9545-48e3-4561-a249-c10f89cf4d9d" testName="Test3055" computerName="UA-LPT-OGA2" duration="00:00:00.3170000" startTime="2025-05-14T13:20:31.3146610Z" endTime="2025-05-14T13:25:31.3147553Z" testType="13cdc9d9-ddb5-4fa4-a97d-d965ccfc6d4b" outcome="Passed" testListId="a8cf978a-952b-41c4-ac55-8734256fe274" />
    <UnitTestResult executionId="f68dc60a-3147-4baf-8910-fbdfb762b2f0" testId="e743c51e-dcf3-4a9d-9dd3-cfd4daf2ab51" testName="Test3056" computerName="UA-LPT-OGA2" duration="00:00:00.8170000" startTime="2025-05-14T13:20:31.3146610Z" endTime="2025-05-14T13:25:31.3147553Z" testType="13cdc9d9-ddb5-4fa4-a97d-d965ccfc6d4b" outcome="Passed" testListId="a8cf978a-952b-41c4-ac55-8734256fe274" />
    <UnitTestResult executionId="f6611537-891e-4d3d-be8c-5d6f9e6b7b38" testId="7e47ec0b-41c8-4ab4-8409-d65db276f0aa" testName="Test3057" computerName="UA-LPT-OGA2" duration="00:00:00.4300000" startTime="2025-05-14T13:20:31.3146610Z" endTime="2025-05-14T13:25:31.3147553Z" testType="13cdc9d9-ddb5-4fa4-a97d-d965ccfc6d4b" outcome="Passed" testListId="a8cf978a-952b-41c4-ac55-8734256fe274" />
    <UnitTestResult executionId="ce581bc2-db9c-4c17-a652-3e68b2b8b670" testId="f5edc761-a0fc-478e-befb-88dbf67756c1" testName="Test3058" computerName="UA-LPT-OGA2" duration="00:00:00.8730000" startTime="2025-05-14T13:20:31.3146610Z" endTime="2025-05-14T13:25:31.3147553Z" testType="13cdc9d9-ddb5-4fa4-a97d-d965ccfc6d4b" outcome="Passed" testListId="a8cf978a-952b-41c4-ac55-8734256fe274" />
    <UnitTestResult executionId="b7674cc6-ca45-4016-996c-8832466e2161" testId="1d17ab0c-4696-49f5-bf34-9f129d878f75" testName="Test3059" computerName="UA-LPT-OGA2" duration="00:00:01.1050000" startTime="2025-05-14T13:20:31.3146610Z" endTime="2025-05-14T13:25:31.3147553Z" testType="13cdc9d9-ddb5-4fa4-a97d-d965ccfc6d4b" outcome="Passed" testListId="a8cf978a-952b-41c4-ac55-8734256fe274" />
    <UnitTestResult executionId="9f900ee6-ceee-48cc-b6a8-da11788e0dbf" testId="ecfef1fe-658d-4ba1-8eac-9185ad5a3c74" testName="Test3060" computerName="UA-LPT-OGA2" duration="00:00:01.6630000" startTime="2025-05-14T13:20:31.3146610Z" endTime="2025-05-14T13:25:31.3147553Z" testType="13cdc9d9-ddb5-4fa4-a97d-d965ccfc6d4b" outcome="Passed" testListId="a8cf978a-952b-41c4-ac55-8734256fe274" />
    <UnitTestResult executionId="575f0fa4-eadd-4ae9-8121-b8ae589f028b" testId="30536c59-ed29-49ad-b054-378dce2187a8" testName="Test3061" computerName="UA-LPT-OGA2" duration="00:00:01.3830000" startTime="2025-05-14T13:20:31.3146610Z" endTime="2025-05-14T13:25:31.3147553Z" testType="13cdc9d9-ddb5-4fa4-a97d-d965ccfc6d4b" outcome="Passed" testListId="a8cf978a-952b-41c4-ac55-8734256fe274" />
    <UnitTestResult executionId="a85d338d-5159-4a2d-9a8c-d13b17b7c0de" testId="cd10065d-36cb-4e6e-9536-68b15b840a56" testName="Test3062" computerName="UA-LPT-OGA2" duration="00:00:01.1900000" startTime="2025-05-14T13:20:31.3146610Z" endTime="2025-05-14T13:25:31.3147553Z" testType="13cdc9d9-ddb5-4fa4-a97d-d965ccfc6d4b" outcome="Passed" testListId="a8cf978a-952b-41c4-ac55-8734256fe274" />
    <UnitTestResult executionId="57fd288a-522e-493e-8861-a4cad84a71b9" testId="326b2927-95cd-496a-9455-c5b15abf3a19" testName="Test3063" computerName="UA-LPT-OGA2" duration="00:00:01.1380000" startTime="2025-05-14T13:20:31.3146610Z" endTime="2025-05-14T13:25:31.3147553Z" testType="13cdc9d9-ddb5-4fa4-a97d-d965ccfc6d4b" outcome="Failed" testListId="a8cf978a-952b-41c4-ac55-8734256fe274">
      <Output>
        <ErrorInfo>
          <Message>Assertion failed: Expected value did not match actual value.</Message>
          <StackTrace>   at TestNamespace.TestClass.Test() in TestClass.cs:line 149</StackTrace>
        </ErrorInfo>
      </Output>
    </UnitTestResult>
    <UnitTestResult executionId="e3f76ffb-0b38-4679-9999-513d892b5b75" testId="791c8379-bccd-4d50-afe7-38b51ec6b149" testName="Test3064" computerName="UA-LPT-OGA2" duration="00:00:01.8100000" startTime="2025-05-14T13:20:31.3146610Z" endTime="2025-05-14T13:25:31.3147553Z" testType="13cdc9d9-ddb5-4fa4-a97d-d965ccfc6d4b" outcome="Passed" testListId="a8cf978a-952b-41c4-ac55-8734256fe274" />
    <UnitTestResult executionId="c480179f-258b-4973-8f58-3bf3f31f9fd8" testId="e21d313b-8954-48e0-89b3-87651794f165" testName="Test3065" computerName="UA-LPT-OGA2" duration="00:00:01.8160000" startTime="2025-05-14T13:20:31.3146610Z" endTime="2025-05-14T13:25:31.3147553Z" testType="13cdc9d9-ddb5-4fa4-a97d-d965ccfc6d4b" outcome="Passed" testListId="a8cf978a-952b-41c4-ac55-8734256fe274" />
    <UnitTestResult executionId="044b0901-b587-4ec5-8e07-80518274a30d" testId="ab3455cb-900e-4a8c-994a-582f0d5c0405" testName="Test3066" computerName="UA-LPT-OGA2" duration="00:00:00.9400000" startTime="2025-05-14T13:20:31.3146610Z" endTime="2025-05-14T13:25:31.3147553Z" testType="13cdc9d9-ddb5-4fa4-a97d-d965ccfc6d4b" outcome="Passed" testListId="a8cf978a-952b-41c4-ac55-8734256fe274" />
    <UnitTestResult executionId="dc3d29f2-94cc-4cab-89d5-fa7d0257f199" testId="a600cfe5-09b3-4708-a6f9-cfffe15f4c3f" testName="Test3067" computerName="UA-LPT-OGA2" duration="00:00:00.7520000" startTime="2025-05-14T13:20:31.3146610Z" endTime="2025-05-14T13:25:31.3147553Z" testType="13cdc9d9-ddb5-4fa4-a97d-d965ccfc6d4b" outcome="Passed" testListId="a8cf978a-952b-41c4-ac55-8734256fe274" />
    <UnitTestResult executionId="85d6b1b6-1cd3-47b5-86f7-ade12e999550" testId="dffa420e-dd99-48e9-aaed-09bd0d96a51f" testName="Test3068" computerName="UA-LPT-OGA2" duration="00:00:01.9220000" startTime="2025-05-14T13:20:31.3146610Z" endTime="2025-05-14T13:25:31.3147553Z" testType="13cdc9d9-ddb5-4fa4-a97d-d965ccfc6d4b" outcome="Failed" testListId="a8cf978a-952b-41c4-ac55-8734256fe274">
      <Output>
        <ErrorInfo>
          <Message>Assertion failed: Expected value did not match actual value.</Message>
          <StackTrace>   at TestNamespace.TestClass.Test() in TestClass.cs:line 154</StackTrace>
        </ErrorInfo>
      </Output>
    </UnitTestResult>
    <UnitTestResult executionId="ce9112f0-744a-4984-b674-c1494da77548" testId="1cbf908f-8898-4e8b-aceb-cd3ddc16329d" testName="Test3069" computerName="UA-LPT-OGA2" duration="00:00:00.6620000" startTime="2025-05-14T13:20:31.3146610Z" endTime="2025-05-14T13:25:31.3147553Z" testType="13cdc9d9-ddb5-4fa4-a97d-d965ccfc6d4b" outcome="Passed" testListId="a8cf978a-952b-41c4-ac55-8734256fe274" />
    <UnitTestResult executionId="1178c3c2-86d4-4f04-ab8c-8db5e40cbb54" testId="e03d81fe-6953-42f1-93a9-9445b66d79b3" testName="Test3070" computerName="UA-LPT-OGA2" duration="00:00:00.6920000" startTime="2025-05-14T13:20:31.3146610Z" endTime="2025-05-14T13:25:31.3147553Z" testType="13cdc9d9-ddb5-4fa4-a97d-d965ccfc6d4b" outcome="Passed" testListId="a8cf978a-952b-41c4-ac55-8734256fe274" />
    <UnitTestResult executionId="291e2a8b-1a19-45e6-b3de-40840ec1c099" testId="e401fe1d-6896-452e-89df-4cac44fec8aa" testName="Test3071" computerName="UA-LPT-OGA2" duration="00:00:01.9570000" startTime="2025-05-14T13:20:31.3146610Z" endTime="2025-05-14T13:25:31.3147553Z" testType="13cdc9d9-ddb5-4fa4-a97d-d965ccfc6d4b" outcome="Failed" testListId="a8cf978a-952b-41c4-ac55-8734256fe274">
      <Output>
        <ErrorInfo>
          <Message>Assertion failed: Expected value did not match actual value.</Message>
          <StackTrace>   at TestNamespace.TestClass.Test() in TestClass.cs:line 451</StackTrace>
        </ErrorInfo>
      </Output>
    </UnitTestResult>
    <UnitTestResult executionId="83a674bf-a57f-4f88-b044-b490f37e11a3" testId="7da1d5bd-8141-410f-82ac-5788f4508a53" testName="Test3072" computerName="UA-LPT-OGA2" duration="00:00:01.8840000" startTime="2025-05-14T13:20:31.3146610Z" endTime="2025-05-14T13:25:31.3147553Z" testType="13cdc9d9-ddb5-4fa4-a97d-d965ccfc6d4b" outcome="Passed" testListId="a8cf978a-952b-41c4-ac55-8734256fe274" />
    <UnitTestResult executionId="f280a196-742e-4528-8a31-34742b87b86d" testId="1dd28615-a0b6-409f-b445-c6d6f5136cef" testName="Test3073" computerName="UA-LPT-OGA2" duration="00:00:01.0540000" startTime="2025-05-14T13:20:31.3146610Z" endTime="2025-05-14T13:25:31.3147553Z" testType="13cdc9d9-ddb5-4fa4-a97d-d965ccfc6d4b" outcome="Passed" testListId="a8cf978a-952b-41c4-ac55-8734256fe274" />
    <UnitTestResult executionId="eaefb638-2262-46a9-9ee0-45e75ae54eeb" testId="a56b2ee1-3f8e-4b84-a02a-8bdf5de0fcab" testName="Test3074" computerName="UA-LPT-OGA2" duration="00:00:00.5240000" startTime="2025-05-14T13:20:31.3146610Z" endTime="2025-05-14T13:25:31.3147553Z" testType="13cdc9d9-ddb5-4fa4-a97d-d965ccfc6d4b" outcome="Passed" testListId="a8cf978a-952b-41c4-ac55-8734256fe274" />
    <UnitTestResult executionId="d74d4c8e-1bda-4e86-9010-21412c288116" testId="85be8ba4-c985-4d08-be6c-dc0cf7c615ab" testName="Test3075" computerName="UA-LPT-OGA2" duration="00:00:01.9430000" startTime="2025-05-14T13:20:31.3146610Z" endTime="2025-05-14T13:25:31.3147553Z" testType="13cdc9d9-ddb5-4fa4-a97d-d965ccfc6d4b" outcome="Passed" testListId="a8cf978a-952b-41c4-ac55-8734256fe274" />
    <UnitTestResult executionId="ed9ebf0f-b49d-4d4b-af72-451ca36180a0" testId="ed9cfaed-af96-4bbf-bd62-7ab96681f64a" testName="Test3076" computerName="UA-LPT-OGA2" duration="00:00:01.2210000" startTime="2025-05-14T13:20:31.3146610Z" endTime="2025-05-14T13:25:31.3147553Z" testType="13cdc9d9-ddb5-4fa4-a97d-d965ccfc6d4b" outcome="Passed" testListId="a8cf978a-952b-41c4-ac55-8734256fe274" />
    <UnitTestResult executionId="5c7dd3a1-3e8e-4dfa-a7c0-7b1d5aea603a" testId="1b2dc7fd-f054-4c41-848f-34ed897a72aa" testName="Test3077" computerName="UA-LPT-OGA2" duration="00:00:01.7680000" startTime="2025-05-14T13:20:31.3146610Z" endTime="2025-05-14T13:25:31.3147553Z" testType="13cdc9d9-ddb5-4fa4-a97d-d965ccfc6d4b" outcome="Passed" testListId="a8cf978a-952b-41c4-ac55-8734256fe274" />
    <UnitTestResult executionId="f87b7289-9efd-438c-ba6e-da4a1bd9ebcb" testId="01beb8a9-69f5-4080-b55c-f04f3346d051" testName="Test3078" computerName="UA-LPT-OGA2" duration="00:00:00.6570000" startTime="2025-05-14T13:20:31.3146610Z" endTime="2025-05-14T13:25:31.3147553Z" testType="13cdc9d9-ddb5-4fa4-a97d-d965ccfc6d4b" outcome="Passed" testListId="a8cf978a-952b-41c4-ac55-8734256fe274" />
    <UnitTestResult executionId="42581b87-a246-4cf0-8342-483729baa34e" testId="8cf48b00-c287-4c95-b586-523145ed17b3" testName="Test3079" computerName="UA-LPT-OGA2" duration="00:00:00.9890000" startTime="2025-05-14T13:20:31.3146610Z" endTime="2025-05-14T13:25:31.3147553Z" testType="13cdc9d9-ddb5-4fa4-a97d-d965ccfc6d4b" outcome="Passed" testListId="a8cf978a-952b-41c4-ac55-8734256fe274" />
    <UnitTestResult executionId="b6c6a03d-b242-4dcb-a8ae-b4ceb7a27558" testId="e9ac552a-bf37-46db-869e-84b20131a470" testName="Test3080" computerName="UA-LPT-OGA2" duration="00:00:01.5580000" startTime="2025-05-14T13:20:31.3146610Z" endTime="2025-05-14T13:25:31.3147553Z" testType="13cdc9d9-ddb5-4fa4-a97d-d965ccfc6d4b" outcome="Passed" testListId="a8cf978a-952b-41c4-ac55-8734256fe274" />
    <UnitTestResult executionId="8e4d7fc4-fb06-44ba-b64f-34677db35829" testId="1bbc1ab4-6f97-427f-87df-122ba2bbdfcc" testName="Test3081" computerName="UA-LPT-OGA2" duration="00:00:01.0730000" startTime="2025-05-14T13:20:31.3146610Z" endTime="2025-05-14T13:25:31.3147553Z" testType="13cdc9d9-ddb5-4fa4-a97d-d965ccfc6d4b" outcome="Passed" testListId="a8cf978a-952b-41c4-ac55-8734256fe274" />
    <UnitTestResult executionId="acead8da-4c64-4183-8efe-1acdf803eb63" testId="377486cf-36ce-4e0c-95f2-5b5f416754db" testName="Test3082" computerName="UA-LPT-OGA2" duration="00:00:00.0700000" startTime="2025-05-14T13:20:31.3146610Z" endTime="2025-05-14T13:25:31.3147553Z" testType="13cdc9d9-ddb5-4fa4-a97d-d965ccfc6d4b" outcome="Passed" testListId="a8cf978a-952b-41c4-ac55-8734256fe274" />
    <UnitTestResult executionId="8424f553-abae-4e0e-bf38-8a78699ea64d" testId="9c9d4037-6d01-47ef-8a7b-f722e26bf627" testName="Test3083" computerName="UA-LPT-OGA2" duration="00:00:01.9500000" startTime="2025-05-14T13:20:31.3146610Z" endTime="2025-05-14T13:25:31.3147553Z" testType="13cdc9d9-ddb5-4fa4-a97d-d965ccfc6d4b" outcome="Passed" testListId="a8cf978a-952b-41c4-ac55-8734256fe274" />
    <UnitTestResult executionId="bd24b430-f00f-4fbf-8be4-0a7534ee164c" testId="871f4e2a-c2f8-4e90-a3d1-3cc95be6cd2e" testName="Test3084" computerName="UA-LPT-OGA2" duration="00:00:00.8860000" startTime="2025-05-14T13:20:31.3146610Z" endTime="2025-05-14T13:25:31.3147553Z" testType="13cdc9d9-ddb5-4fa4-a97d-d965ccfc6d4b" outcome="Passed" testListId="a8cf978a-952b-41c4-ac55-8734256fe274" />
    <UnitTestResult executionId="2fe30a95-86f0-4f7c-9ddb-d869e044a2d8" testId="a36a6340-41ed-4e6c-b8b0-c500bceab460" testName="Test3085" computerName="UA-LPT-OGA2" duration="00:00:01.7420000" startTime="2025-05-14T13:20:31.3146610Z" endTime="2025-05-14T13:25:31.3147553Z" testType="13cdc9d9-ddb5-4fa4-a97d-d965ccfc6d4b" outcome="Inconclusive" testListId="a8cf978a-952b-41c4-ac55-8734256fe274" />
    <UnitTestResult executionId="78f11458-587a-42a4-975b-0fb578244c9a" testId="d88cfaa7-18f1-4047-a1fb-586e6b0d467c" testName="Test3086" computerName="UA-LPT-OGA2" duration="00:00:00.3850000" startTime="2025-05-14T13:20:31.3146610Z" endTime="2025-05-14T13:25:31.3147553Z" testType="13cdc9d9-ddb5-4fa4-a97d-d965ccfc6d4b" outcome="Passed" testListId="a8cf978a-952b-41c4-ac55-8734256fe274" />
    <UnitTestResult executionId="d7d23f71-e296-4ee1-a2ab-0bb1b69648fb" testId="b97c17e9-d6fd-409b-a7f3-289540c193fa" testName="Test3087" computerName="UA-LPT-OGA2" duration="00:00:01.7530000" startTime="2025-05-14T13:20:31.3146610Z" endTime="2025-05-14T13:25:31.3147553Z" testType="13cdc9d9-ddb5-4fa4-a97d-d965ccfc6d4b" outcome="Passed" testListId="a8cf978a-952b-41c4-ac55-8734256fe274" />
    <UnitTestResult executionId="63c12270-f058-467f-9691-09fe12d81b3c" testId="3c34e769-2452-49ff-ad74-07cc2c368538" testName="Test3088" computerName="UA-LPT-OGA2" duration="00:00:00.0110000" startTime="2025-05-14T13:20:31.3146610Z" endTime="2025-05-14T13:25:31.3147553Z" testType="13cdc9d9-ddb5-4fa4-a97d-d965ccfc6d4b" outcome="Failed" testListId="a8cf978a-952b-41c4-ac55-8734256fe274">
      <Output>
        <ErrorInfo>
          <Message>Assertion failed: Expected value did not match actual value.</Message>
          <StackTrace>   at TestNamespace.TestClass.Test() in TestClass.cs:line 70</StackTrace>
        </ErrorInfo>
      </Output>
    </UnitTestResult>
    <UnitTestResult executionId="6159bf78-ea3d-4c1c-9d11-04df575534f7" testId="68bbda41-c76a-4c9a-83e9-3a6bd2d115fe" testName="Test3089" computerName="UA-LPT-OGA2" duration="00:00:01.6550000" startTime="2025-05-14T13:20:31.3146610Z" endTime="2025-05-14T13:25:31.3147553Z" testType="13cdc9d9-ddb5-4fa4-a97d-d965ccfc6d4b" outcome="Passed" testListId="a8cf978a-952b-41c4-ac55-8734256fe274" />
    <UnitTestResult executionId="c223ba93-96b9-4f6c-b8d0-5ed6605160c1" testId="3e81a3e9-1662-4fc4-a945-c1b39451115e" testName="Test3090" computerName="UA-LPT-OGA2" duration="00:00:01.6470000" startTime="2025-05-14T13:20:31.3146610Z" endTime="2025-05-14T13:25:31.3147553Z" testType="13cdc9d9-ddb5-4fa4-a97d-d965ccfc6d4b" outcome="Passed" testListId="a8cf978a-952b-41c4-ac55-8734256fe274" />
    <UnitTestResult executionId="3be50cbe-5287-4097-be6c-1d548741b84f" testId="c3c8f82e-3d16-4455-aa38-6b39a4e13af3" testName="Test3091" computerName="UA-LPT-OGA2" duration="00:00:00.0120000" startTime="2025-05-14T13:20:31.3146610Z" endTime="2025-05-14T13:25:31.3147553Z" testType="13cdc9d9-ddb5-4fa4-a97d-d965ccfc6d4b" outcome="Passed" testListId="a8cf978a-952b-41c4-ac55-8734256fe274" />
    <UnitTestResult executionId="4a348ddf-0310-4491-81bd-199cc4240d3d" testId="1c4eca30-ded4-4dfb-9b0b-6427cdb68d9a" testName="Test3092" computerName="UA-LPT-OGA2" duration="00:00:00.2580000" startTime="2025-05-14T13:20:31.3146610Z" endTime="2025-05-14T13:25:31.3147553Z" testType="13cdc9d9-ddb5-4fa4-a97d-d965ccfc6d4b" outcome="Passed" testListId="a8cf978a-952b-41c4-ac55-8734256fe274" />
    <UnitTestResult executionId="4cc8d6fc-cf95-4e6d-a59d-c640bca097eb" testId="826f0bd1-d3a5-48c6-a0e4-cde07adc4491" testName="Test3093" computerName="UA-LPT-OGA2" duration="00:00:01.5170000" startTime="2025-05-14T13:20:31.3146610Z" endTime="2025-05-14T13:25:31.3147553Z" testType="13cdc9d9-ddb5-4fa4-a97d-d965ccfc6d4b" outcome="Passed" testListId="a8cf978a-952b-41c4-ac55-8734256fe274" />
    <UnitTestResult executionId="c9057c14-894c-4ef2-9c6a-86de4d8b8148" testId="be059c82-7936-4976-ae09-21ca53bafc4c" testName="Test3094" computerName="UA-LPT-OGA2" duration="00:00:00.8970000" startTime="2025-05-14T13:20:31.3146610Z" endTime="2025-05-14T13:25:31.3147553Z" testType="13cdc9d9-ddb5-4fa4-a97d-d965ccfc6d4b" outcome="Passed" testListId="a8cf978a-952b-41c4-ac55-8734256fe274" />
    <UnitTestResult executionId="fe1cdeb8-54e2-4ece-83b1-129c97a95111" testId="9e0aa276-e644-4b7a-82d2-e0f6de6086ca" testName="Test3095" computerName="UA-LPT-OGA2" duration="00:00:01.3510000" startTime="2025-05-14T13:20:31.3146610Z" endTime="2025-05-14T13:25:31.3147553Z" testType="13cdc9d9-ddb5-4fa4-a97d-d965ccfc6d4b" outcome="Passed" testListId="a8cf978a-952b-41c4-ac55-8734256fe274" />
    <UnitTestResult executionId="3e9c3e70-5d5d-425f-b601-595c6c43fe54" testId="bd01722a-f020-4e80-9070-3258c7539f6f" testName="Test3096" computerName="UA-LPT-OGA2" duration="00:00:00.3660000" startTime="2025-05-14T13:20:31.3146610Z" endTime="2025-05-14T13:25:31.3147553Z" testType="13cdc9d9-ddb5-4fa4-a97d-d965ccfc6d4b" outcome="Passed" testListId="a8cf978a-952b-41c4-ac55-8734256fe274" />
    <UnitTestResult executionId="d39655b3-96d1-4acf-9402-5398790afc13" testId="26466ff3-d2b2-4644-a350-cf12d7fe928d" testName="Test3097" computerName="UA-LPT-OGA2" duration="00:00:00.7020000" startTime="2025-05-14T13:20:31.3146610Z" endTime="2025-05-14T13:25:31.3147553Z" testType="13cdc9d9-ddb5-4fa4-a97d-d965ccfc6d4b" outcome="Passed" testListId="a8cf978a-952b-41c4-ac55-8734256fe274" />
    <UnitTestResult executionId="544f0f9b-9288-4a18-aa54-f77d8153b19a" testId="3e6dc04b-4875-480c-9609-11510652cc98" testName="Test3098" computerName="UA-LPT-OGA2" duration="00:00:00.5510000" startTime="2025-05-14T13:20:31.3146610Z" endTime="2025-05-14T13:25:31.3147553Z" testType="13cdc9d9-ddb5-4fa4-a97d-d965ccfc6d4b" outcome="Passed" testListId="a8cf978a-952b-41c4-ac55-8734256fe274" />
    <UnitTestResult executionId="1db853de-d635-407a-b768-1cdb06c9fb18" testId="73ffd205-e44d-4c9b-90ac-58a276d52c39" testName="Test3099" computerName="UA-LPT-OGA2" duration="00:00:01.3750000" startTime="2025-05-14T13:20:31.3146610Z" endTime="2025-05-14T13:25:31.3147553Z" testType="13cdc9d9-ddb5-4fa4-a97d-d965ccfc6d4b" outcome="Failed" testListId="a8cf978a-952b-41c4-ac55-8734256fe274">
      <Output>
        <ErrorInfo>
          <Message>Assertion failed: Expected value did not match actual value.</Message>
          <StackTrace>   at TestNamespace.TestClass.Test() in TestClass.cs:line 79</StackTrace>
        </ErrorInfo>
      </Output>
    </UnitTestResult>
    <UnitTestResult executionId="2346e2a9-d898-4809-ae84-9af0cd1e05c8" testId="3b50373c-1232-4222-a991-5d298068f994" testName="Test3100" computerName="UA-LPT-OGA2" duration="00:00:01.0560000" startTime="2025-05-14T13:20:31.3146610Z" endTime="2025-05-14T13:25:31.3147553Z" testType="13cdc9d9-ddb5-4fa4-a97d-d965ccfc6d4b" outcome="Passed" testListId="a8cf978a-952b-41c4-ac55-8734256fe274" />
  </Results>
  <TestDefinitions>
    <UnitTest name="Test3001" id="48ea9dd7-007d-410d-a675-00b353e9cfd1" storage="TestAssembly.dll">
      <Execution id="cda82198-bc8e-4a22-9cbd-baaa2473f683" />
      <TestMethod codeBase="TestAssembly.dll" className="TestNamespace.TestClass1" name="Test3001" />
    </UnitTest>
    <UnitTest name="Test3002" id="87be7983-bd51-403f-b497-6bd53667c99b" storage="TestAssembly.dll">
      <Execution id="a0b22ab3-12c2-4981-951d-5c6c2aa722ea" />
      <TestMethod codeBase="TestAssembly.dll" className="TestNamespace.TestClass1" name="Test3002" />
    </UnitTest>
    <UnitTest name="Test3003" id="44631ec4-834e-4904-adfb-fa8b6f8903b2" storage="TestAssembly.dll">
      <Execution id="6ed748c6-3bd2-49fc-9d13-d446d071ae59" />
      <TestMethod codeBase="TestAssembly.dll" className="TestNamespace.TestClass1" name="Test3003" />
    </UnitTest>
    <UnitTest name="Test3004" id="4818a817-e23d-4126-9eb2-61250684a3db" storage="TestAssembly.dll">
      <Execution id="f71bd9d7-d380-4b9e-bc9f-6fbecd0a0f98" />
      <TestMethod codeBase="TestAssembly.dll" className="TestNamespace.TestClass1" name="Test3004" />
    </UnitTest>
    <UnitTest name="Test3005" id="82faa53e-ad82-4f60-ad6d-8bdc0cd9408c" storage="TestAssembly.dll">
      <Execution id="87a5542a-415c-428d-849f-bf03f006b23b" />
      <TestMethod codeBase="TestAssembly.dll" className="TestNamespace.TestClass1" name="Test3005" />
    </UnitTest>
    <UnitTest name="Test3006" id="1520418c-a9d1-426c-bd22-bbec7641c9ef" storage="TestAssembly.dll">
      <Execution id="1e275053-d041-4778-a84b-e113df1af362" />
      <TestMethod codeBase="TestAssembly.dll" className="TestNamespace.TestClass1" name="Test3006" />
    </UnitTest>
    <UnitTest name="Test3007" id="b5be704b-3932-43fb-92ca-289202cd378e" storage="TestAssembly.dll">
      <Execution id="e27b294a-101b-4f17-9e5a-8751dab5fd8a" />
      <TestMethod codeBase="TestAssembly.dll" className="TestNamespace.TestClass1" name="Test3007" />
    </UnitTest>
    <UnitTest name="Test3008" id="6714d278-5240-4491-8a55-ab678799f41d" storage="TestAssembly.dll">
      <Execution id="8a4ea473-623d-4849-b43c-186d9aa4aac9" />
      <TestMethod codeBase="TestAssembly.dll" className="TestNamespace.TestClass1" name="Test3008" />
    </UnitTest>
    <UnitTest name="Test3009" id="2601cb2d-6834-4639-beab-34a92da2bb29" storage="TestAssembly.dll">
      <Execution id="d3999f00-6a18-44bd-aa99-02281327ad85" />
      <TestMethod codeBase="TestAssembly.dll" className="TestNamespace.TestClass1" name="Test3009" />
    </UnitTest>
    <UnitTest name="Test3010" id="7cee0458-3628-45e6-be97-82a11d43dfb5" storage="TestAssembly.dll">
      <Execution id="eaeda74b-fe21-4bf3-80e4-8d4c056f492b" />
      <TestMethod codeBase="TestAssembly.dll" className="TestNamespace.TestClass1" name="Test3010" />
    </UnitTest>
    <UnitTest name="Test3011" id="987792e0-c3e2-4df9-8ede-9174cc50e072" storage="TestAssembly.dll">
      <Execution id="103aeb2f-54e3-4163-8695-64c98aea3a25" />
      <TestMethod codeBase="TestAssembly.dll" className="TestNamespace.TestClass2" name="Test3011" />
    </UnitTest>
    <UnitTest name="Test3012" id="ceb87188-fbce-4937-93fb-c13c2a8cb603" storage="TestAssembly.dll">
      <Execution id="2e4dcc79-9014-480a-9a2c-e9404b45627a" />
      <TestMethod codeBase="TestAssembly.dll" className="TestNamespace.TestClass2" name="Test3012" />
    </UnitTest>
    <UnitTest name="Test3013" id="6aa24975-8050-4a25-bef5-42e9fdba31f6" storage="TestAssembly.dll">
      <Execution id="d7a1d38d-7861-498c-a27a-4d8bef98d164" />
      <TestMethod codeBase="TestAssembly.dll" className="TestNamespace.TestClass2" name="Test3013" />
    </UnitTest>
    <UnitTest name="Test3014" id="203b9e49-eeb9-4b6b-baca-0434c0817699" storage="TestAssembly.dll">
      <Execution id="9e6ecfd2-3440-4996-b889-6d2fed16a200" />
      <TestMethod codeBase="TestAssembly.dll" className="TestNamespace.TestClass2" name="Test3014" />
    </UnitTest>
    <UnitTest name="Test3015" id="a5c50272-257d-4218-ad7e-e246de5cd797" storage="TestAssembly.dll">
      <Execution id="606d807a-3257-4025-bd4c-e1ef1dbd2288" />
      <TestMethod codeBase="TestAssembly.dll" className="TestNamespace.TestClass2" name="Test3015" />
    </UnitTest>
    <UnitTest name="Test3016" id="84a01fcc-3351-463a-a49e-e6b6151ebead" storage="TestAssembly.dll">
      <Execution id="ac68d30d-b634-4d64-a818-0ed640864bae" />
      <TestMethod codeBase="TestAssembly.dll" className="TestNamespace.TestClass2" name="Test3016" />
    </UnitTest>
    <UnitTest name="Test3017" id="e94462ff-4e00-4242-b84b-a363e4ab85ff" storage="TestAssembly.dll">
      <Execution id="785678b6-2269-4e25-a57b-eceeabe527d9" />
      <TestMethod codeBase="TestAssembly.dll" className="TestNamespace.TestClass2" name="Test3017" />
    </UnitTest>
    <UnitTest name="Test3018" id="6eae5f89-49b4-43bc-bcfa-cf640ed96ef2" storage="TestAssembly.dll">
      <Execution id="f59d186a-5df9-453c-aebe-73786cdc055b" />
      <TestMethod codeBase="TestAssembly.dll" className="TestNamespace.TestClass2" name="Test3018" />
    </UnitTest>
    <UnitTest name="Test3019" id="0d431d72-c1a4-4cf8-b952-939df2bfdd71" storage="TestAssembly.dll">
      <Execution id="040af1cf-47ff-4d0a-9be3-4b2928ecaa15" />
      <TestMethod codeBase="TestAssembly.dll" className="TestNamespace.TestClass2" name="Test3019" />
    </UnitTest>
    <UnitTest name="Test3020" id="22ec8ece-a5fb-43d9-b5ec-daca448b3ec3" storage="TestAssembly.dll">
      <Execution id="a04d5061-7229-4342-9fa2-120dae74c200" />
      <TestMethod codeBase="TestAssembly.dll" className="TestNamespace.TestClass2" name="Test3020" />
    </UnitTest>
    <UnitTest name="Test3021" id="0eaf1971-f914-42d9-86bb-8f2d2191dcc7" storage="TestAssembly.dll">
      <Execution id="756d5d08-1a88-4770-9eb4-0f0671c75514" />
      <TestMethod codeBase="TestAssembly.dll" className="TestNamespace.TestClass3" name="Test3021" />
    </UnitTest>
    <UnitTest name="Test3022" id="c8a89951-5483-4355-828e-d02d0531c34a" storage="TestAssembly.dll">
      <Execution id="40e9a82d-d9cd-4c2b-b0c2-0129c98b2650" />
      <TestMethod codeBase="TestAssembly.dll" className="TestNamespace.TestClass3" name="Test3022" />
    </UnitTest>
    <UnitTest name="Test3023" id="825cbad5-7383-4250-a9a9-f6078f9d555d" storage="TestAssembly.dll">
      <Execution id="f1be2aa2-4b12-46af-b3b4-0e60215079b3" />
      <TestMethod codeBase="TestAssembly.dll" className="TestNamespace.TestClass3" name="Test3023" />
    </UnitTest>
    <UnitTest name="Test3024" id="07d8ad20-299b-4029-b937-edd745b5361b" storage="TestAssembly.dll">
      <Execution id="239e7463-6357-4a94-ba3e-c290a9f763a9" />
      <TestMethod codeBase="TestAssembly.dll" className="TestNamespace.TestClass3" name="Test3024" />
    </UnitTest>
    <UnitTest name="Test3025" id="fcd00106-6c7d-4420-8a09-d1c8824069cd" storage="TestAssembly.dll">
      <Execution id="94f21a2f-fb97-47d8-8442-3e9cea025a30" />
      <TestMethod codeBase="TestAssembly.dll" className="TestNamespace.TestClass3" name="Test3025" />
    </UnitTest>
    <UnitTest name="Test3026" id="eb87cfcd-a8af-47a9-bf46-47a6dd42282c" storage="TestAssembly.dll">
      <Execution id="16b99571-617f-4d58-b9b1-205cff0fbcc4" />
      <TestMethod codeBase="TestAssembly.dll" className="TestNamespace.TestClass3" name="Test3026" />
    </UnitTest>
    <UnitTest name="Test3027" id="6bdae5af-b8e4-4a34-8295-8cc8f69472c6" storage="TestAssembly.dll">
      <Execution id="20a6929b-672d-4287-ab58-6c1155921031" />
      <TestMethod codeBase="TestAssembly.dll" className="TestNamespace.TestClass3" name="Test3027" />
    </UnitTest>
    <UnitTest name="Test3028" id="2e434544-7990-4c7e-b640-cdcba9bc03bb" storage="TestAssembly.dll">
      <Execution id="f9f95d9c-8d55-44ae-baa2-30a71b87baf8" />
      <TestMethod codeBase="TestAssembly.dll" className="TestNamespace.TestClass3" name="Test3028" />
    </UnitTest>
    <UnitTest name="Test3029" id="397edda2-1821-4ab6-b0fe-20aa7724f1c0" storage="TestAssembly.dll">
      <Execution id="3637949e-4ec3-4a87-99cc-72239e3d8222" />
      <TestMethod codeBase="TestAssembly.dll" className="TestNamespace.TestClass3" name="Test3029" />
    </UnitTest>
    <UnitTest name="Test3030" id="7841895a-daa6-45a4-a37b-c5e5f983d020" storage="TestAssembly.dll">
      <Execution id="99ea1b16-e54a-492a-beb7-03cc3842248d" />
      <TestMethod codeBase="TestAssembly.dll" className="TestNamespace.TestClass3" name="Test3030" />
    </UnitTest>
    <UnitTest name="Test3031" id="13b60a58-ad71-4767-8c5c-e40e7311a671" storage="TestAssembly.dll">
      <Execution id="442e3ab1-c8bd-4762-85c0-a2952b9583a8" />
      <TestMethod codeBase="TestAssembly.dll" className="TestNamespace.TestClass4" name="Test3031" />
    </UnitTest>
    <UnitTest name="Test3032" id="00dc47a4-fdd0-4436-a42d-381f1d5f27ab" storage="TestAssembly.dll">
      <Execution id="d1047269-a9f1-44c3-aca3-60ce1553d060" />
      <TestMethod codeBase="TestAssembly.dll" className="TestNamespace.TestClass4" name="Test3032" />
    </UnitTest>
    <UnitTest name="Test3033" id="d9990553-288e-4dec-8b7c-6e679293c3ce" storage="TestAssembly.dll">
      <Execution id="0af51d86-9dff-4f1c-a4ab-ef1dffa26de7" />
      <TestMethod codeBase="TestAssembly.dll" className="TestNamespace.TestClass4" name="Test3033" />
    </UnitTest>
    <UnitTest name="Test3034" id="686d2aba-a2f4-4bea-8d7b-4dac0f4d8f8c" storage="TestAssembly.dll">
      <Execution id="5a2305bb-e209-4e7e-a470-017955cd3c91" />
      <TestMethod codeBase="TestAssembly.dll" className="TestNamespace.TestClass4" name="Test3034" />
    </UnitTest>
    <UnitTest name="Test3035" id="5a0a8b79-a77f-4fbc-aade-cd789207a361" storage="TestAssembly.dll">
      <Execution id="89b2c7c9-a81b-4524-9c9b-0397380c9ac4" />
      <TestMethod codeBase="TestAssembly.dll" className="TestNamespace.TestClass4" name="Test3035" />
    </UnitTest>
    <UnitTest name="Test3036" id="6ecae55a-aab1-4b7b-bc9f-5501c8ec4557" storage="TestAssembly.dll">
      <Execution id="03e02fad-7b93-4407-b905-2df847bc5864" />
      <TestMethod codeBase="TestAssembly.dll" className="TestNamespace.TestClass4" name="Test3036" />
    </UnitTest>
    <UnitTest name="Test3037" id="313270c7-090d-446e-afbc-47f0bbd68c4a" storage="TestAssembly.dll">
      <Execution id="20bb2820-263c-48f0-8fda-83d482baff6a" />
      <TestMethod codeBase="TestAssembly.dll" className="TestNamespace.TestClass4" name="Test3037" />
    </UnitTest>
    <UnitTest name="Test3038" id="207aef6c-8e76-43a4-aa39-fa826d11d378" storage="TestAssembly.dll">
      <Execution id="f3ae2681-1442-4013-be0e-91ca0c81ad8d" />
      <TestMethod codeBase="TestAssembly.dll" className="TestNamespace.TestClass4" name="Test3038" />
    </UnitTest>
    <UnitTest name="Test3039" id="b71cbb38-1c70-4a13-ad80-7fa0f2720702" storage="TestAssembly.dll">
      <Execution id="632099d9-6702-4a59-9b54-f22c3567878e" />
      <TestMethod codeBase="TestAssembly.dll" className="TestNamespace.TestClass4" name="Test3039" />
    </UnitTest>
    <UnitTest name="Test3040" id="68999d11-08d0-4674-a8e7-7ee445e3e59a" storage="TestAssembly.dll">
      <Execution id="16060657-dd29-4e18-9103-e2a7e6f98329" />
      <TestMethod codeBase="TestAssembly.dll" className="TestNamespace.TestClass4" name="Test3040" />
    </UnitTest>
    <UnitTest name="Test3041" id="7e95a077-f11e-4b8a-8cf5-d0116b55b601" storage="TestAssembly.dll">
      <Execution id="eb294151-2683-41bc-a014-d32008d8df9b" />
      <TestMethod codeBase="TestAssembly.dll" className="TestNamespace.TestClass5" name="Test3041" />
    </UnitTest>
    <UnitTest name="Test3042" id="c8a3fdc9-da78-4749-a14d-da038bd5cdae" storage="TestAssembly.dll">
      <Execution id="ad6dd5f0-4578-4215-b94f-19c7240f4c96" />
      <TestMethod codeBase="TestAssembly.dll" className="TestNamespace.TestClass5" name="Test3042" />
    </UnitTest>
    <UnitTest name="Test3043" id="82783c48-4fff-4796-9adf-3ba626d1aa66" storage="TestAssembly.dll">
      <Execution id="7c069fae-150b-4e45-a033-b770aa4cc92a" />
      <TestMethod codeBase="TestAssembly.dll" className="TestNamespace.TestClass5" name="Test3043" />
    </UnitTest>
    <UnitTest name="Test3044" id="f15e6b3c-366f-49a0-9462-7a5aa9c9533c" storage="TestAssembly.dll">
      <Execution id="246bd1ab-7e67-42a2-89d7-1625bd77e1e0" />
      <TestMethod codeBase="TestAssembly.dll" className="TestNamespace.TestClass5" name="Test3044" />
    </UnitTest>
    <UnitTest name="Test3045" id="18b40331-9165-464b-8eb2-de2d212361f0" storage="TestAssembly.dll">
      <Execution id="63b1688b-d384-4139-a4ce-eaa45dabcbd9" />
      <TestMethod codeBase="TestAssembly.dll" className="TestNamespace.TestClass5" name="Test3045" />
    </UnitTest>
    <UnitTest name="Test3046" id="2cdb711f-f323-4f63-bd65-498660c9daf2" storage="TestAssembly.dll">
      <Execution id="49f3d536-e2db-4b61-867e-5b8aad643fde" />
      <TestMethod codeBase="TestAssembly.dll" className="TestNamespace.TestClass5" name="Test3046" />
    </UnitTest>
    <UnitTest name="Test3047" id="8b69b6a6-b7c4-4c5c-a8e2-98b9e2fe8132" storage="TestAssembly.dll">
      <Execution id="017e3cb1-1ae5-492c-83d2-70560550d40a" />
      <TestMethod codeBase="TestAssembly.dll" className="TestNamespace.TestClass5" name="Test3047" />
    </UnitTest>
    <UnitTest name="Test3048" id="61283d7d-4b34-4f3f-a36d-b9c6f980be1d" storage="TestAssembly.dll">
      <Execution id="1313287b-5ac9-445e-bfef-b5277cac762f" />
      <TestMethod codeBase="TestAssembly.dll" className="TestNamespace.TestClass5" name="Test3048" />
    </UnitTest>
    <UnitTest name="Test3049" id="4c923a3f-b0f2-45a4-87be-db79b5c1de78" storage="TestAssembly.dll">
      <Execution id="dfd2cb34-0f94-4267-8d87-ec61aa502c80" />
      <TestMethod codeBase="TestAssembly.dll" className="TestNamespace.TestClass5" name="Test3049" />
    </UnitTest>
    <UnitTest name="Test3050" id="64f85c7a-857d-458b-93b5-4908195f4a0b" storage="TestAssembly.dll">
      <Execution id="530d5349-6c02-457e-8aff-9766056bcb07" />
      <TestMethod codeBase="TestAssembly.dll" className="TestNamespace.TestClass5" name="Test3050" />
    </UnitTest>
    <UnitTest name="Test3051" id="42e61eca-c744-464b-aaf3-173b80af97f3" storage="TestAssembly.dll">
      <Execution id="e72e8506-06e9-4ef4-8e2a-8d85efc9e094" />
      <TestMethod codeBase="TestAssembly.dll" className="TestNamespace.TestClass6" name="Test3051" />
    </UnitTest>
    <UnitTest name="Test3052" id="567e1b41-727f-456d-b40c-f2d31cec7d2e" storage="TestAssembly.dll">
      <Execution id="7511c1d9-0ef3-4ada-870b-d01580bea1c7" />
      <TestMethod codeBase="TestAssembly.dll" className="TestNamespace.TestClass6" name="Test3052" />
    </UnitTest>
    <UnitTest name="Test3053" id="64f58b9c-487d-4688-9264-1a496ef1fa8f" storage="TestAssembly.dll">
      <Execution id="c8f17330-12e2-4806-b2e1-171b8c42f7b2" />
      <TestMethod codeBase="TestAssembly.dll" className="TestNamespace.TestClass6" name="Test3053" />
    </UnitTest>
    <UnitTest name="Test3054" id="0734b9ac-685b-46b9-b390-06d83c07f392" storage="TestAssembly.dll">
      <Execution id="677a5577-8804-475a-bcf1-21de9ceb2691" />
      <TestMethod codeBase="TestAssembly.dll" className="TestNamespace.TestClass6" name="Test3054" />
    </UnitTest>
    <UnitTest name="Test3055" id="130b9545-48e3-4561-a249-c10f89cf4d9d" storage="TestAssembly.dll">
      <Execution id="9259a78d-1acd-468c-a8ad-1efe30f52a70" />
      <TestMethod codeBase="TestAssembly.dll" className="TestNamespace.TestClass6" name="Test3055" />
    </UnitTest>
    <UnitTest name="Test3056" id="e743c51e-dcf3-4a9d-9dd3-cfd4daf2ab51" storage="TestAssembly.dll">
      <Execution id="f68dc60a-3147-4baf-8910-fbdfb762b2f0" />
      <TestMethod codeBase="TestAssembly.dll" className="TestNamespace.TestClass6" name="Test3056" />
    </UnitTest>
    <UnitTest name="Test3057" id="7e47ec0b-41c8-4ab4-8409-d65db276f0aa" storage="TestAssembly.dll">
      <Execution id="f6611537-891e-4d3d-be8c-5d6f9e6b7b38" />
      <TestMethod codeBase="TestAssembly.dll" className="TestNamespace.TestClass6" name="Test3057" />
    </UnitTest>
    <UnitTest name="Test3058" id="f5edc761-a0fc-478e-befb-88dbf67756c1" storage="TestAssembly.dll">
      <Execution id="ce581bc2-db9c-4c17-a652-3e68b2b8b670" />
      <TestMethod codeBase="TestAssembly.dll" className="TestNamespace.TestClass6" name="Test3058" />
    </UnitTest>
    <UnitTest name="Test3059" id="1d17ab0c-4696-49f5-bf34-9f129d878f75" storage="TestAssembly.dll">
      <Execution id="b7674cc6-ca45-4016-996c-8832466e2161" />
      <TestMethod codeBase="TestAssembly.dll" className="TestNamespace.TestClass6" name="Test3059" />
    </UnitTest>
    <UnitTest name="Test3060" id="ecfef1fe-658d-4ba1-8eac-9185ad5a3c74" storage="TestAssembly.dll">
      <Execution id="9f900ee6-ceee-48cc-b6a8-da11788e0dbf" />
      <TestMethod codeBase="TestAssembly.dll" className="TestNamespace.TestClass6" name="Test3060" />
    </UnitTest>
    <UnitTest name="Test3061" id="30536c59-ed29-49ad-b054-378dce2187a8" storage="TestAssembly.dll">
      <Execution id="575f0fa4-eadd-4ae9-8121-b8ae589f028b" />
      <TestMethod codeBase="TestAssembly.dll" className="TestNamespace.TestClass7" name="Test3061" />
    </UnitTest>
    <UnitTest name="Test3062" id="cd10065d-36cb-4e6e-9536-68b15b840a56" storage="TestAssembly.dll">
      <Execution id="a85d338d-5159-4a2d-9a8c-d13b17b7c0de" />
      <TestMethod codeBase="TestAssembly.dll" className="TestNamespace.TestClass7" name="Test3062" />
    </UnitTest>
    <UnitTest name="Test3063" id="326b2927-95cd-496a-9455-c5b15abf3a19" storage="TestAssembly.dll">
      <Execution id="57fd288a-522e-493e-8861-a4cad84a71b9" />
      <TestMethod codeBase="TestAssembly.dll" className="TestNamespace.TestClass7" name="Test3063" />
    </UnitTest>
    <UnitTest name="Test3064" id="791c8379-bccd-4d50-afe7-38b51ec6b149" storage="TestAssembly.dll">
      <Execution id="e3f76ffb-0b38-4679-9999-513d892b5b75" />
      <TestMethod codeBase="TestAssembly.dll" className="TestNamespace.TestClass7" name="Test3064" />
    </UnitTest>
    <UnitTest name="Test3065" id="e21d313b-8954-48e0-89b3-87651794f165" storage="TestAssembly.dll">
      <Execution id="c480179f-258b-4973-8f58-3bf3f31f9fd8" />
      <TestMethod codeBase="TestAssembly.dll" className="TestNamespace.TestClass7" name="Test3065" />
    </UnitTest>
    <UnitTest name="Test3066" id="ab3455cb-900e-4a8c-994a-582f0d5c0405" storage="TestAssembly.dll">
      <Execution id="044b0901-b587-4ec5-8e07-80518274a30d" />
      <TestMethod codeBase="TestAssembly.dll" className="TestNamespace.TestClass7" name="Test3066" />
    </UnitTest>
    <UnitTest name="Test3067" id="a600cfe5-09b3-4708-a6f9-cfffe15f4c3f" storage="TestAssembly.dll">
      <Execution id="dc3d29f2-94cc-4cab-89d5-fa7d0257f199" />
      <TestMethod codeBase="TestAssembly.dll" className="TestNamespace.TestClass7" name="Test3067" />
    </UnitTest>
    <UnitTest name="Test3068" id="dffa420e-dd99-48e9-aaed-09bd0d96a51f" storage="TestAssembly.dll">
      <Execution id="85d6b1b6-1cd3-47b5-86f7-ade12e999550" />
      <TestMethod codeBase="TestAssembly.dll" className="TestNamespace.TestClass7" name="Test3068" />
    </UnitTest>
    <UnitTest name="Test3069" id="1cbf908f-8898-4e8b-aceb-cd3ddc16329d" storage="TestAssembly.dll">
      <Execution id="ce9112f0-744a-4984-b674-c1494da77548" />
      <TestMethod codeBase="TestAssembly.dll" className="TestNamespace.TestClass7" name="Test3069" />
    </UnitTest>
    <UnitTest name="Test3070" id="e03d81fe-6953-42f1-93a9-9445b66d79b3" storage="TestAssembly.dll">
      <Execution id="1178c3c2-86d4-4f04-ab8c-8db5e40cbb54" />
      <TestMethod codeBase="TestAssembly.dll" className="TestNamespace.TestClass7" name="Test3070" />
    </UnitTest>
    <UnitTest name="Test3071" id="e401fe1d-6896-452e-89df-4cac44fec8aa" storage="TestAssembly.dll">
      <Execution id="291e2a8b-1a19-45e6-b3de-40840ec1c099" />
      <TestMethod codeBase="TestAssembly.dll" className="TestNamespace.TestClass8" name="Test3071" />
    </UnitTest>
    <UnitTest name="Test3072" id="7da1d5bd-8141-410f-82ac-5788f4508a53" storage="TestAssembly.dll">
      <Execution id="83a674bf-a57f-4f88-b044-b490f37e11a3" />
      <TestMethod codeBase="TestAssembly.dll" className="TestNamespace.TestClass8" name="Test3072" />
    </UnitTest>
    <UnitTest name="Test3073" id="1dd28615-a0b6-409f-b445-c6d6f5136cef" storage="TestAssembly.dll">
      <Execution id="f280a196-742e-4528-8a31-34742b87b86d" />
      <TestMethod codeBase="TestAssembly.dll" className="TestNamespace.TestClass8" name="Test3073" />
    </UnitTest>
    <UnitTest name="Test3074" id="a56b2ee1-3f8e-4b84-a02a-8bdf5de0fcab" storage="TestAssembly.dll">
      <Execution id="eaefb638-2262-46a9-9ee0-45e75ae54eeb" />
      <TestMethod codeBase="TestAssembly.dll" className="TestNamespace.TestClass8" name="Test3074" />
    </UnitTest>
    <UnitTest name="Test3075" id="85be8ba4-c985-4d08-be6c-dc0cf7c615ab" storage="TestAssembly.dll">
      <Execution id="d74d4c8e-1bda-4e86-9010-21412c288116" />
      <TestMethod codeBase="TestAssembly.dll" className="TestNamespace.TestClass8" name="Test3075" />
    </UnitTest>
    <UnitTest name="Test3076" id="ed9cfaed-af96-4bbf-bd62-7ab96681f64a" storage="TestAssembly.dll">
      <Execution id="ed9ebf0f-b49d-4d4b-af72-451ca36180a0" />
      <TestMethod codeBase="TestAssembly.dll" className="TestNamespace.TestClass8" name="Test3076" />
    </UnitTest>
    <UnitTest name="Test3077" id="1b2dc7fd-f054-4c41-848f-34ed897a72aa" storage="TestAssembly.dll">
      <Execution id="5c7dd3a1-3e8e-4dfa-a7c0-7b1d5aea603a" />
      <TestMethod codeBase="TestAssembly.dll" className="TestNamespace.TestClass8" name="Test3077" />
    </UnitTest>
    <UnitTest name="Test3078" id="01beb8a9-69f5-4080-b55c-f04f3346d051" storage="TestAssembly.dll">
      <Execution id="f87b7289-9efd-438c-ba6e-da4a1bd9ebcb" />
      <TestMethod codeBase="TestAssembly.dll" className="TestNamespace.TestClass8" name="Test3078" />
    </UnitTest>
    <UnitTest name="Test3079" id="8cf48b00-c287-4c95-b586-523145ed17b3" storage="TestAssembly.dll">
      <Execution id="42581b87-a246-4cf0-8342-483729baa34e" />
      <TestMethod codeBase="TestAssembly.dll" className="TestNamespace.TestClass8" name="Test3079" />
    </UnitTest>
    <UnitTest name="Test3080" id="e9ac552a-bf37-46db-869e-84b20131a470" storage="TestAssembly.dll">
      <Execution id="b6c6a03d-b242-4dcb-a8ae-b4ceb7a27558" />
      <TestMethod codeBase="TestAssembly.dll" className="TestNamespace.TestClass8" name="Test3080" />
    </UnitTest>
    <UnitTest name="Test3081" id="1bbc1ab4-6f97-427f-87df-122ba2bbdfcc" storage="TestAssembly.dll">
      <Execution id="8e4d7fc4-fb06-44ba-b64f-34677db35829" />
      <TestMethod codeBase="TestAssembly.dll" className="TestNamespace.TestClass9" name="Test3081" />
    </UnitTest>
    <UnitTest name="Test3082" id="377486cf-36ce-4e0c-95f2-5b5f416754db" storage="TestAssembly.dll">
      <Execution id="acead8da-4c64-4183-8efe-1acdf803eb63" />
      <TestMethod codeBase="TestAssembly.dll" className="TestNamespace.TestClass9" name="Test3082" />
    </UnitTest>
    <UnitTest name="Test3083" id="9c9d4037-6d01-47ef-8a7b-f722e26bf627" storage="TestAssembly.dll">
      <Execution id="8424f553-abae-4e0e-bf38-8a78699ea64d" />
      <TestMethod codeBase="TestAssembly.dll" className="TestNamespace.TestClass9" name="Test3083" />
    </UnitTest>
    <UnitTest name="Test3084" id="871f4e2a-c2f8-4e90-a3d1-3cc95be6cd2e" storage="TestAssembly.dll">
      <Execution id="bd24b430-f00f-4fbf-8be4-0a7534ee164c" />
      <TestMethod codeBase="TestAssembly.dll" className="TestNamespace.TestClass9" name="Test3084" />
    </UnitTest>
    <UnitTest name="Test3085" id="a36a6340-41ed-4e6c-b8b0-c500bceab460" storage="TestAssembly.dll">
      <Execution id="2fe30a95-86f0-4f7c-9ddb-d869e044a2d8" />
      <TestMethod codeBase="TestAssembly.dll" className="TestNamespace.TestClass9" name="Test3085" />
    </UnitTest>
    <UnitTest name="Test3086" id="d88cfaa7-18f1-4047-a1fb-586e6b0d467c" storage="TestAssembly.dll">
      <Execution id="78f11458-587a-42a4-975b-0fb578244c9a" />
      <TestMethod codeBase="TestAssembly.dll" className="TestNamespace.TestClass9" name="Test3086" />
    </UnitTest>
    <UnitTest name="Test3087" id="b97c17e9-d6fd-409b-a7f3-289540c193fa" storage="TestAssembly.dll">
      <Execution id="d7d23f71-e296-4ee1-a2ab-0bb1b69648fb" />
      <TestMethod codeBase="TestAssembly.dll" className="TestNamespace.TestClass9" name="Test3087" />
    </UnitTest>
    <UnitTest name="Test3088" id="3c34e769-2452-49ff-ad74-07cc2c368538" storage="TestAssembly.dll">
      <Execution id="63c12270-f058-467f-9691-09fe12d81b3c" />
      <TestMethod codeBase="TestAssembly.dll" className="TestNamespace.TestClass9" name="Test3088" />
    </UnitTest>
    <UnitTest name="Test3089" id="68bbda41-c76a-4c9a-83e9-3a6bd2d115fe" storage="TestAssembly.dll">
      <Execution id="6159bf78-ea3d-4c1c-9d11-04df575534f7" />
      <TestMethod codeBase="TestAssembly.dll" className="TestNamespace.TestClass9" name="Test3089" />
    </UnitTest>
    <UnitTest name="Test3090" id="3e81a3e9-1662-4fc4-a945-c1b39451115e" storage="TestAssembly.dll">
      <Execution id="c223ba93-96b9-4f6c-b8d0-5ed6605160c1" />
      <TestMethod codeBase="TestAssembly.dll" className="TestNamespace.TestClass9" name="Test3090" />
    </UnitTest>
    <UnitTest name="Test3091" id="c3c8f82e-3d16-4455-aa38-6b39a4e13af3" storage="TestAssembly.dll">
      <Execution id="3be50cbe-5287-4097-be6c-1d548741b84f" />
      <TestMethod codeBase="TestAssembly.dll" className="TestNamespace.TestClass10" name="Test3091" />
    </UnitTest>
    <UnitTest name="Test3092" id="1c4eca30-ded4-4dfb-9b0b-6427cdb68d9a" storage="TestAssembly.dll">
      <Execution id="4a348ddf-0310-4491-81bd-199cc4240d3d" />
      <TestMethod codeBase="TestAssembly.dll" className="TestNamespace.TestClass10" name="Test3092" />
    </UnitTest>
    <UnitTest name="Test3093" id="826f0bd1-d3a5-48c6-a0e4-cde07adc4491" storage="TestAssembly.dll">
      <Execution id="4cc8d6fc-cf95-4e6d-a59d-c640bca097eb" />
      <TestMethod codeBase="TestAssembly.dll" className="TestNamespace.TestClass10" name="Test3093" />
    </UnitTest>
    <UnitTest name="Test3094" id="be059c82-7936-4976-ae09-21ca53bafc4c" storage="TestAssembly.dll">
      <Execution id="c9057c14-894c-4ef2-9c6a-86de4d8b8148" />
      <TestMethod codeBase="TestAssembly.dll" className="TestNamespace.TestClass10" name="Test3094" />
    </UnitTest>
    <UnitTest name="Test3095" id="9e0aa276-e644-4b7a-82d2-e0f6de6086ca" storage="TestAssembly.dll">
      <Execution id="fe1cdeb8-54e2-4ece-83b1-129c97a95111" />
      <TestMethod codeBase="TestAssembly.dll" className="TestNamespace.TestClass10" name="Test3095" />
    </UnitTest>
    <UnitTest name="Test3096" id="bd01722a-f020-4e80-9070-3258c7539f6f" storage="TestAssembly.dll">
      <Execution id="3e9c3e70-5d5d-425f-b601-595c6c43fe54" />
      <TestMethod codeBase="TestAssembly.dll" className="TestNamespace.TestClass10" name="Test3096" />
    </UnitTest>
    <UnitTest name="Test3097" id="26466ff3-d2b2-4644-a350-cf12d7fe928d" storage="TestAssembly.dll">
      <Execution id="d39655b3-96d1-4acf-9402-5398790afc13" />
      <TestMethod codeBase="TestAssembly.dll" className="TestNamespace.TestClass10" name="Test3097" />
    </UnitTest>
    <UnitTest name="Test3098" id="3e6dc04b-4875-480c-9609-11510652cc98" storage="TestAssembly.dll">
      <Execution id="544f0f9b-9288-4a18-aa54-f77d8153b19a" />
      <TestMethod codeBase="TestAssembly.dll" className="TestNamespace.TestClass10" name="Test3098" />
    </UnitTest>
    <UnitTest name="Test3099" id="73ffd205-e44d-4c9b-90ac-58a276d52c39" storage="TestAssembly.dll">
      <Execution id="1db853de-d635-407a-b768-1cdb06c9fb18" />
      <TestMethod codeBase="TestAssembly.dll" className="TestNamespace.TestClass10" name="Test3099" />
    </UnitTest>
    <UnitTest name="Test3100" id="3b50373c-1232-4222-a991-5d298068f994" storage="TestAssembly.dll">
      <Execution id="2346e2a9-d898-4809-ae84-9af0cd1e05c8" />
      <TestMethod codeBase="TestAssembly.dll" className="TestNamespace.TestClass10" name="Test3100" />
    </UnitTest>
  </TestDefinitions>
  <TestEntries>
    <TestEntry testId="48ea9dd7-007d-410d-a675-00b353e9cfd1" executionId="cda82198-bc8e-4a22-9cbd-baaa2473f683" testListId="a8cf978a-952b-41c4-ac55-8734256fe274" />
    <TestEntry testId="87be7983-bd51-403f-b497-6bd53667c99b" executionId="a0b22ab3-12c2-4981-951d-5c6c2aa722ea" testListId="a8cf978a-952b-41c4-ac55-8734256fe274" />
    <TestEntry testId="44631ec4-834e-4904-adfb-fa8b6f8903b2" executionId="6ed748c6-3bd2-49fc-9d13-d446d071ae59" testListId="a8cf978a-952b-41c4-ac55-8734256fe274" />
    <TestEntry testId="4818a817-e23d-4126-9eb2-61250684a3db" executionId="f71bd9d7-d380-4b9e-bc9f-6fbecd0a0f98" testListId="a8cf978a-952b-41c4-ac55-8734256fe274" />
    <TestEntry testId="82faa53e-ad82-4f60-ad6d-8bdc0cd9408c" executionId="87a5542a-415c-428d-849f-bf03f006b23b" testListId="a8cf978a-952b-41c4-ac55-8734256fe274" />
    <TestEntry testId="1520418c-a9d1-426c-bd22-bbec7641c9ef" executionId="1e275053-d041-4778-a84b-e113df1af362" testListId="a8cf978a-952b-41c4-ac55-8734256fe274" />
    <TestEntry testId="b5be704b-3932-43fb-92ca-289202cd378e" executionId="e27b294a-101b-4f17-9e5a-8751dab5fd8a" testListId="a8cf978a-952b-41c4-ac55-8734256fe274" />
    <TestEntry testId="6714d278-5240-4491-8a55-ab678799f41d" executionId="8a4ea473-623d-4849-b43c-186d9aa4aac9" testListId="a8cf978a-952b-41c4-ac55-8734256fe274" />
    <TestEntry testId="2601cb2d-6834-4639-beab-34a92da2bb29" executionId="d3999f00-6a18-44bd-aa99-02281327ad85" testListId="a8cf978a-952b-41c4-ac55-8734256fe274" />
    <TestEntry testId="7cee0458-3628-45e6-be97-82a11d43dfb5" executionId="eaeda74b-fe21-4bf3-80e4-8d4c056f492b" testListId="a8cf978a-952b-41c4-ac55-8734256fe274" />
    <TestEntry testId="987792e0-c3e2-4df9-8ede-9174cc50e072" executionId="103aeb2f-54e3-4163-8695-64c98aea3a25" testListId="a8cf978a-952b-41c4-ac55-8734256fe274" />
    <TestEntry testId="ceb87188-fbce-4937-93fb-c13c2a8cb603" executionId="2e4dcc79-9014-480a-9a2c-e9404b45627a" testListId="a8cf978a-952b-41c4-ac55-8734256fe274" />
    <TestEntry testId="6aa24975-8050-4a25-bef5-42e9fdba31f6" executionId="d7a1d38d-7861-498c-a27a-4d8bef98d164" testListId="a8cf978a-952b-41c4-ac55-8734256fe274" />
    <TestEntry testId="203b9e49-eeb9-4b6b-baca-0434c0817699" executionId="9e6ecfd2-3440-4996-b889-6d2fed16a200" testListId="a8cf978a-952b-41c4-ac55-8734256fe274" />
    <TestEntry testId="a5c50272-257d-4218-ad7e-e246de5cd797" executionId="606d807a-3257-4025-bd4c-e1ef1dbd2288" testListId="a8cf978a-952b-41c4-ac55-8734256fe274" />
    <TestEntry testId="84a01fcc-3351-463a-a49e-e6b6151ebead" executionId="ac68d30d-b634-4d64-a818-0ed640864bae" testListId="a8cf978a-952b-41c4-ac55-8734256fe274" />
    <TestEntry testId="e94462ff-4e00-4242-b84b-a363e4ab85ff" executionId="785678b6-2269-4e25-a57b-eceeabe527d9" testListId="a8cf978a-952b-41c4-ac55-8734256fe274" />
    <TestEntry testId="6eae5f89-49b4-43bc-bcfa-cf640ed96ef2" executionId="f59d186a-5df9-453c-aebe-73786cdc055b" testListId="a8cf978a-952b-41c4-ac55-8734256fe274" />
    <TestEntry testId="0d431d72-c1a4-4cf8-b952-939df2bfdd71" executionId="040af1cf-47ff-4d0a-9be3-4b2928ecaa15" testListId="a8cf978a-952b-41c4-ac55-8734256fe274" />
    <TestEntry testId="22ec8ece-a5fb-43d9-b5ec-daca448b3ec3" executionId="a04d5061-7229-4342-9fa2-120dae74c200" testListId="a8cf978a-952b-41c4-ac55-8734256fe274" />
    <TestEntry testId="0eaf1971-f914-42d9-86bb-8f2d2191dcc7" executionId="756d5d08-1a88-4770-9eb4-0f0671c75514" testListId="a8cf978a-952b-41c4-ac55-8734256fe274" />
    <TestEntry testId="c8a89951-5483-4355-828e-d02d0531c34a" executionId="40e9a82d-d9cd-4c2b-b0c2-0129c98b2650" testListId="a8cf978a-952b-41c4-ac55-8734256fe274" />
    <TestEntry testId="825cbad5-7383-4250-a9a9-f6078f9d555d" executionId="f1be2aa2-4b12-46af-b3b4-0e60215079b3" testListId="a8cf978a-952b-41c4-ac55-8734256fe274" />
    <TestEntry testId="07d8ad20-299b-4029-b937-edd745b5361b" executionId="239e7463-6357-4a94-ba3e-c290a9f763a9" testListId="a8cf978a-952b-41c4-ac55-8734256fe274" />
    <TestEntry testId="fcd00106-6c7d-4420-8a09-d1c8824069cd" executionId="94f21a2f-fb97-47d8-8442-3e9cea025a30" testListId="a8cf978a-952b-41c4-ac55-8734256fe274" />
    <TestEntry testId="eb87cfcd-a8af-47a9-bf46-47a6dd42282c" executionId="16b99571-617f-4d58-b9b1-205cff0fbcc4" testListId="a8cf978a-952b-41c4-ac55-8734256fe274" />
    <TestEntry testId="6bdae5af-b8e4-4a34-8295-8cc8f69472c6" executionId="20a6929b-672d-4287-ab58-6c1155921031" testListId="a8cf978a-952b-41c4-ac55-8734256fe274" />
    <TestEntry testId="2e434544-7990-4c7e-b640-cdcba9bc03bb" executionId="f9f95d9c-8d55-44ae-baa2-30a71b87baf8" testListId="a8cf978a-952b-41c4-ac55-8734256fe274" />
    <TestEntry testId="397edda2-1821-4ab6-b0fe-20aa7724f1c0" executionId="3637949e-4ec3-4a87-99cc-72239e3d8222" testListId="a8cf978a-952b-41c4-ac55-8734256fe274" />
    <TestEntry testId="7841895a-daa6-45a4-a37b-c5e5f983d020" executionId="99ea1b16-e54a-492a-beb7-03cc3842248d" testListId="a8cf978a-952b-41c4-ac55-8734256fe274" />
    <TestEntry testId="13b60a58-ad71-4767-8c5c-e40e7311a671" executionId="442e3ab1-c8bd-4762-85c0-a2952b9583a8" testListId="a8cf978a-952b-41c4-ac55-8734256fe274" />
    <TestEntry testId="00dc47a4-fdd0-4436-a42d-381f1d5f27ab" executionId="d1047269-a9f1-44c3-aca3-60ce1553d060" testListId="a8cf978a-952b-41c4-ac55-8734256fe274" />
    <TestEntry testId="d9990553-288e-4dec-8b7c-6e679293c3ce" executionId="0af51d86-9dff-4f1c-a4ab-ef1dffa26de7" testListId="a8cf978a-952b-41c4-ac55-8734256fe274" />
    <TestEntry testId="686d2aba-a2f4-4bea-8d7b-4dac0f4d8f8c" executionId="5a2305bb-e209-4e7e-a470-017955cd3c91" testListId="a8cf978a-952b-41c4-ac55-8734256fe274" />
    <TestEntry testId="5a0a8b79-a77f-4fbc-aade-cd789207a361" executionId="89b2c7c9-a81b-4524-9c9b-0397380c9ac4" testListId="a8cf978a-952b-41c4-ac55-8734256fe274" />
    <TestEntry testId="6ecae55a-aab1-4b7b-bc9f-5501c8ec4557" executionId="03e02fad-7b93-4407-b905-2df847bc5864" testListId="a8cf978a-952b-41c4-ac55-8734256fe274" />
    <TestEntry testId="313270c7-090d-446e-afbc-47f0bbd68c4a" executionId="20bb2820-263c-48f0-8fda-83d482baff6a" testListId="a8cf978a-952b-41c4-ac55-8734256fe274" />
    <TestEntry testId="207aef6c-8e76-43a4-aa39-fa826d11d378" executionId="f3ae2681-1442-4013-be0e-91ca0c81ad8d" testListId="a8cf978a-952b-41c4-ac55-8734256fe274" />
    <TestEntry testId="b71cbb38-1c70-4a13-ad80-7fa0f2720702" executionId="632099d9-6702-4a59-9b54-f22c3567878e" testListId="a8cf978a-952b-41c4-ac55-8734256fe274" />
    <TestEntry testId="68999d11-08d0-4674-a8e7-7ee445e3e59a" executionId="16060657-dd29-4e18-9103-e2a7e6f98329" testListId="a8cf978a-952b-41c4-ac55-8734256fe274" />
    <TestEntry testId="7e95a077-f11e-4b8a-8cf5-d0116b55b601" executionId="eb294151-2683-41bc-a014-d32008d8df9b" testListId="a8cf978a-952b-41c4-ac55-8734256fe274" />
    <TestEntry testId="c8a3fdc9-da78-4749-a14d-da038bd5cdae" executionId="ad6dd5f0-4578-4215-b94f-19c7240f4c96" testListId="a8cf978a-952b-41c4-ac55-8734256fe274" />
    <TestEntry testId="82783c48-4fff-4796-9adf-3ba626d1aa66" executionId="7c069fae-150b-4e45-a033-b770aa4cc92a" testListId="a8cf978a-952b-41c4-ac55-8734256fe274" />
    <TestEntry testId="f15e6b3c-366f-49a0-9462-7a5aa9c9533c" executionId="246bd1ab-7e67-42a2-89d7-1625bd77e1e0" testListId="a8cf978a-952b-41c4-ac55-8734256fe274" />
    <TestEntry testId="18b40331-9165-464b-8eb2-de2d212361f0" executionId="63b1688b-d384-4139-a4ce-eaa45dabcbd9" testListId="a8cf978a-952b-41c4-ac55-8734256fe274" />
    <TestEntry testId="2cdb711f-f323-4f63-bd65-498660c9daf2" executionId="49f3d536-e2db-4b61-867e-5b8aad643fde" testListId="a8cf978a-952b-41c4-ac55-8734256fe274" />
    <TestEntry testId="8b69b6a6-b7c4-4c5c-a8e2-98b9e2fe8132" executionId="017e3cb1-1ae5-492c-83d2-70560550d40a" testListId="a8cf978a-952b-41c4-ac55-8734256fe274" />
    <TestEntry testId="61283d7d-4b34-4f3f-a36d-b9c6f980be1d" executionId="1313287b-5ac9-445e-bfef-b5277cac762f" testListId="a8cf978a-952b-41c4-ac55-8734256fe274" />
    <TestEntry testId="4c923a3f-b0f2-45a4-87be-db79b5c1de78" executionId="dfd2cb34-0f94-4267-8d87-ec61aa502c80" testListId="a8cf978a-952b-41c4-ac55-8734256fe274" />
    <TestEntry testId="64f85c7a-857d-458b-93b5-4908195f4a0b" executionId="530d5349-6c02-457e-8aff-9766056bcb07" testListId="a8cf978a-952b-41c4-ac55-8734256fe274" />
    <TestEntry testId="42e61eca-c744-464b-aaf3-173b80af97f3" executionId="e72e8506-06e9-4ef4-8e2a-8d85efc9e094" testListId="a8cf978a-952b-41c4-ac55-8734256fe274" />
    <TestEntry testId="567e1b41-727f-456d-b40c-f2d31cec7d2e" executionId="7511c1d9-0ef3-4ada-870b-d01580bea1c7" testListId="a8cf978a-952b-41c4-ac55-8734256fe274" />
    <TestEntry testId="64f58b9c-487d-4688-9264-1a496ef1fa8f" executionId="c8f17330-12e2-4806-b2e1-171b8c42f7b2" testListId="a8cf978a-952b-41c4-ac55-8734256fe274" />
    <TestEntry testId="0734b9ac-685b-46b9-b390-06d83c07f392" executionId="677a5577-8804-475a-bcf1-21de9ceb2691" testListId="a8cf978a-952b-41c4-ac55-8734256fe274" />
    <TestEntry testId="130b9545-48e3-4561-a249-c10f89cf4d9d" executionId="9259a78d-1acd-468c-a8ad-1efe30f52a70" testListId="a8cf978a-952b-41c4-ac55-8734256fe274" />
    <TestEntry testId="e743c51e-dcf3-4a9d-9dd3-cfd4daf2ab51" executionId="f68dc60a-3147-4baf-8910-fbdfb762b2f0" testListId="a8cf978a-952b-41c4-ac55-8734256fe274" />
    <TestEntry testId="7e47ec0b-41c8-4ab4-8409-d65db276f0aa" executionId="f6611537-891e-4d3d-be8c-5d6f9e6b7b38" testListId="a8cf978a-952b-41c4-ac55-8734256fe274" />
    <TestEntry testId="f5edc761-a0fc-478e-befb-88dbf67756c1" executionId="ce581bc2-db9c-4c17-a652-3e68b2b8b670" testListId="a8cf978a-952b-41c4-ac55-8734256fe274" />
    <TestEntry testId="1d17ab0c-4696-49f5-bf34-9f129d878f75" executionId="b7674cc6-ca45-4016-996c-8832466e2161" testListId="a8cf978a-952b-41c4-ac55-8734256fe274" />
    <TestEntry testId="ecfef1fe-658d-4ba1-8eac-9185ad5a3c74" executionId="9f900ee6-ceee-48cc-b6a8-da11788e0dbf" testListId="a8cf978a-952b-41c4-ac55-8734256fe274" />
    <TestEntry testId="30536c59-ed29-49ad-b054-378dce2187a8" executionId="575f0fa4-eadd-4ae9-8121-b8ae589f028b" testListId="a8cf978a-952b-41c4-ac55-8734256fe274" />
    <TestEntry testId="cd10065d-36cb-4e6e-9536-68b15b840a56" executionId="a85d338d-5159-4a2d-9a8c-d13b17b7c0de" testListId="a8cf978a-952b-41c4-ac55-8734256fe274" />
    <TestEntry testId="326b2927-95cd-496a-9455-c5b15abf3a19" executionId="57fd288a-522e-493e-8861-a4cad84a71b9" testListId="a8cf978a-952b-41c4-ac55-8734256fe274" />
    <TestEntry testId="791c8379-bccd-4d50-afe7-38b51ec6b149" executionId="e3f76ffb-0b38-4679-9999-513d892b5b75" testListId="a8cf978a-952b-41c4-ac55-8734256fe274" />
    <TestEntry testId="e21d313b-8954-48e0-89b3-87651794f165" executionId="c480179f-258b-4973-8f58-3bf3f31f9fd8" testListId="a8cf978a-952b-41c4-ac55-8734256fe274" />
    <TestEntry testId="ab3455cb-900e-4a8c-994a-582f0d5c0405" executionId="044b0901-b587-4ec5-8e07-80518274a30d" testListId="a8cf978a-952b-41c4-ac55-8734256fe274" />
    <TestEntry testId="a600cfe5-09b3-4708-a6f9-cfffe15f4c3f" executionId="dc3d29f2-94cc-4cab-89d5-fa7d0257f199" testListId="a8cf978a-952b-41c4-ac55-8734256fe274" />
    <TestEntry testId="dffa420e-dd99-48e9-aaed-09bd0d96a51f" executionId="85d6b1b6-1cd3-47b5-86f7-ade12e999550" testListId="a8cf978a-952b-41c4-ac55-8734256fe274" />
    <TestEntry testId="1cbf908f-8898-4e8b-aceb-cd3ddc16329d" executionId="ce9112f0-744a-4984-b674-c1494da77548" testListId="a8cf978a-952b-41c4-ac55-8734256fe274" />
    <TestEntry testId="e03d81fe-6953-42f1-93a9-9445b66d79b3" executionId="1178c3c2-86d4-4f04-ab8c-8db5e40cbb54" testListId="a8cf978a-952b-41c4-ac55-8734256fe274" />
    <TestEntry testId="e401fe1d-6896-452e-89df-4cac44fec8aa" executionId="291e2a8b-1a19-45e6-b3de-40840ec1c099" testListId="a8cf978a-952b-41c4-ac55-8734256fe274" />
    <TestEntry testId="7da1d5bd-8141-410f-82ac-5788f4508a53" executionId="83a674bf-a57f-4f88-b044-b490f37e11a3" testListId="a8cf978a-952b-41c4-ac55-8734256fe274" />
    <TestEntry testId="1dd28615-a0b6-409f-b445-c6d6f5136cef" executionId="f280a196-742e-4528-8a31-34742b87b86d" testListId="a8cf978a-952b-41c4-ac55-8734256fe274" />
    <TestEntry testId="a56b2ee1-3f8e-4b84-a02a-8bdf5de0fcab" executionId="eaefb638-2262-46a9-9ee0-45e75ae54eeb" testListId="a8cf978a-952b-41c4-ac55-8734256fe274" />
    <TestEntry testId="85be8ba4-c985-4d08-be6c-dc0cf7c615ab" executionId="d74d4c8e-1bda-4e86-9010-21412c288116" testListId="a8cf978a-952b-41c4-ac55-8734256fe274" />
    <TestEntry testId="ed9cfaed-af96-4bbf-bd62-7ab96681f64a" executionId="ed9ebf0f-b49d-4d4b-af72-451ca36180a0" testListId="a8cf978a-952b-41c4-ac55-8734256fe274" />
    <TestEntry testId="1b2dc7fd-f054-4c41-848f-34ed897a72aa" executionId="5c7dd3a1-3e8e-4dfa-a7c0-7b1d5aea603a" testListId="a8cf978a-952b-41c4-ac55-8734256fe274" />
    <TestEntry testId="01beb8a9-69f5-4080-b55c-f04f3346d051" executionId="f87b7289-9efd-438c-ba6e-da4a1bd9ebcb" testListId="a8cf978a-952b-41c4-ac55-8734256fe274" />
    <TestEntry testId="8cf48b00-c287-4c95-b586-523145ed17b3" executionId="42581b87-a246-4cf0-8342-483729baa34e" testListId="a8cf978a-952b-41c4-ac55-8734256fe274" />
    <TestEntry testId="e9ac552a-bf37-46db-869e-84b20131a470" executionId="b6c6a03d-b242-4dcb-a8ae-b4ceb7a27558" testListId="a8cf978a-952b-41c4-ac55-8734256fe274" />
    <TestEntry testId="1bbc1ab4-6f97-427f-87df-122ba2bbdfcc" executionId="8e4d7fc4-fb06-44ba-b64f-34677db35829" testListId="a8cf978a-952b-41c4-ac55-8734256fe274" />
    <TestEntry testId="377486cf-36ce-4e0c-95f2-5b5f416754db" executionId="acead8da-4c64-4183-8efe-1acdf803eb63" testListId="a8cf978a-952b-41c4-ac55-8734256fe274" />
    <TestEntry testId="9c9d4037-6d01-47ef-8a7b-f722e26bf627" executionId="8424f553-abae-4e0e-bf38-8a78699ea64d" testListId="a8cf978a-952b-41c4-ac55-8734256fe274" />
    <TestEntry testId="871f4e2a-c2f8-4e90-a3d1-3cc95be6cd2e" executionId="bd24b430-f00f-4fbf-8be4-0a7534ee164c" testListId="a8cf978a-952b-41c4-ac55-8734256fe274" />
    <TestEntry testId="a36a6340-41ed-4e6c-b8b0-c500bceab460" executionId="2fe30a95-86f0-4f7c-9ddb-d869e044a2d8" testListId="a8cf978a-952b-41c4-ac55-8734256fe274" />
    <TestEntry testId="d88cfaa7-18f1-4047-a1fb-586e6b0d467c" executionId="78f11458-587a-42a4-975b-0fb578244c9a" testListId="a8cf978a-952b-41c4-ac55-8734256fe274" />
    <TestEntry testId="b97c17e9-d6fd-409b-a7f3-289540c193fa" executionId="d7d23f71-e296-4ee1-a2ab-0bb1b69648fb" testListId="a8cf978a-952b-41c4-ac55-8734256fe274" />
    <TestEntry testId="3c34e769-2452-49ff-ad74-07cc2c368538" executionId="63c12270-f058-467f-9691-09fe12d81b3c" testListId="a8cf978a-952b-41c4-ac55-8734256fe274" />
    <TestEntry testId="68bbda41-c76a-4c9a-83e9-3a6bd2d115fe" executionId="6159bf78-ea3d-4c1c-9d11-04df575534f7" testListId="a8cf978a-952b-41c4-ac55-8734256fe274" />
    <TestEntry testId="3e81a3e9-1662-4fc4-a945-c1b39451115e" executionId="c223ba93-96b9-4f6c-b8d0-5ed6605160c1" testListId="a8cf978a-952b-41c4-ac55-8734256fe274" />
    <TestEntry testId="c3c8f82e-3d16-4455-aa38-6b39a4e13af3" executionId="3be50cbe-5287-4097-be6c-1d548741b84f" testListId="a8cf978a-952b-41c4-ac55-8734256fe274" />
    <TestEntry testId="1c4eca30-ded4-4dfb-9b0b-6427cdb68d9a" executionId="4a348ddf-0310-4491-81bd-199cc4240d3d" testListId="a8cf978a-952b-41c4-ac55-8734256fe274" />
    <TestEntry testId="826f0bd1-d3a5-48c6-a0e4-cde07adc4491" executionId="4cc8d6fc-cf95-4e6d-a59d-c640bca097eb" testListId="a8cf978a-952b-41c4-ac55-8734256fe274" />
    <TestEntry testId="be059c82-7936-4976-ae09-21ca53bafc4c" executionId="c9057c14-894c-4ef2-9c6a-86de4d8b8148" testListId="a8cf978a-952b-41c4-ac55-8734256fe274" />
    <TestEntry testId="9e0aa276-e644-4b7a-82d2-e0f6de6086ca" executionId="fe1cdeb8-54e2-4ece-83b1-129c97a95111" testListId="a8cf978a-952b-41c4-ac55-8734256fe274" />
    <TestEntry testId="bd01722a-f020-4e80-9070-3258c7539f6f" executionId="3e9c3e70-5d5d-425f-b601-595c6c43fe54" testListId="a8cf978a-952b-41c4-ac55-8734256fe274" />
    <TestEntry testId="26466ff3-d2b2-4644-a350-cf12d7fe928d" executionId="d39655b3-96d1-4acf-9402-5398790afc13" testListId="a8cf978a-952b-41c4-ac55-8734256fe274" />
    <TestEntry testId="3e6dc04b-4875-480c-9609-11510652cc98" executionId="544f0f9b-9288-4a18-aa54-f77d8153b19a" testListId="a8cf978a-952b-41c4-ac55-8734256fe274" />
    <TestEntry testId="73ffd205-e44d-4c9b-90ac-58a276d52c39" executionId="1db853de-d635-407a-b768-1cdb06c9fb18" testListId="a8cf978a-952b-41c4-ac55-8734256fe274" />
    <TestEntry testId="3b50373c-1232-4222-a991-5d298068f994" executionId="2346e2a9-d898-4809-ae84-9af0cd1e05c8" testListId="a8cf978a-952b-41c4-ac55-8734256fe274" />
  </TestEntries>
  <TestLists>
    <TestList name="Results Not in a List" id="a8cf978a-952b-41c4-ac55-8734256fe274" />
    <TestList name="All Loaded Results" id="5358746c-70a6-4965-a2e5-cf9f67664d51" />
  </TestLists>
</TestRun>