<?xml version="1.0" encoding="UTF-8"?>
<TestRun id="a03f1b88-86e5-4537-a03b-44ce927f8186" name="Test Run 51" runUser="Oles Galatsan" xmlns="http://microsoft.com/schemas/VisualStudio/TeamTest/2010">
  <Times creation="2025-05-14T13:20:31.3125482Z" queuing="2025-05-14T13:20:31.3125482Z" start="2025-05-14T13:20:31.3146610Z" finish="2025-05-14T13:25:31.3147553Z" />
  <TestSettings name="Test Settings 51" id="5233fba7-5818-45db-9bb5-bdd715471692" />
  <Results>
    <UnitTestResult executionId="453904f6-2943-4a05-8d31-53226d9055fd" testId="f0df6736-3fb1-4b6f-8019-8e22669004fa" testName="Test5001" computerName="UA-LPT-OGA2" duration="00:00:01.5820000" startTime="2025-05-14T13:20:31.3146610Z" endTime="2025-05-14T13:25:31.3147553Z" testType="13cdc9d9-ddb5-4fa4-a97d-d965ccfc6d4b" outcome="Passed" testListId="471bd6a4-f9bc-4ca5-8753-2b63b0bc6780" />
    <UnitTestResult executionId="dee6045c-913f-4232-a97b-ab2dfebaf052" testId="b56fc62e-4366-4381-bf05-58d2194def5c" testName="Test5002" computerName="UA-LPT-OGA2" duration="00:00:01.0100000" startTime="2025-05-14T13:20:31.3146610Z" endTime="2025-05-14T13:25:31.3147553Z" testType="13cdc9d9-ddb5-4fa4-a97d-d965ccfc6d4b" outcome="Passed" testListId="471bd6a4-f9bc-4ca5-8753-2b63b0bc6780" />
    <UnitTestResult executionId="5df73efc-2b3f-46fe-8742-d0f4c4010b60" testId="5a85b2f3-4d2d-4a4d-bb69-a8825e771061" testName="Test5003" computerName="UA-LPT-OGA2" duration="00:00:01.8630000" startTime="2025-05-14T13:20:31.3146610Z" endTime="2025-05-14T13:25:31.3147553Z" testType="13cdc9d9-ddb5-4fa4-a97d-d965ccfc6d4b" outcome="Passed" testListId="471bd6a4-f9bc-4ca5-8753-2b63b0bc6780" />
    <UnitTestResult executionId="f358da34-bb4d-4f76-a719-3bf1a1a07f0e" testId="5f213655-0115-4936-aa73-84330ce48e51" testName="Test5004" computerName="UA-LPT-OGA2" duration="00:00:00.9750000" startTime="2025-05-14T13:20:31.3146610Z" endTime="2025-05-14T13:25:31.3147553Z" testType="13cdc9d9-ddb5-4fa4-a97d-d965ccfc6d4b" outcome="Passed" testListId="471bd6a4-f9bc-4ca5-8753-2b63b0bc6780" />
    <UnitTestResult executionId="c4b9d552-d78b-46e3-971c-5efc7157d50c" testId="7d4cd6b0-0c67-429d-b8d9-1d3ec9f39a4a" testName="Test5005" computerName="UA-LPT-OGA2" duration="00:00:00.4440000" startTime="2025-05-14T13:20:31.3146610Z" endTime="2025-05-14T13:25:31.3147553Z" testType="13cdc9d9-ddb5-4fa4-a97d-d965ccfc6d4b" outcome="Passed" testListId="471bd6a4-f9bc-4ca5-8753-2b63b0bc6780" />
    <UnitTestResult executionId="353fad37-c6a9-4bc1-9bf7-6b529965b96a" testId="25de8fe7-a171-4692-acbd-305bc0e04639" testName="Test5006" computerName="UA-LPT-OGA2" duration="00:00:00.9310000" startTime="2025-05-14T13:20:31.3146610Z" endTime="2025-05-14T13:25:31.3147553Z" testType="13cdc9d9-ddb5-4fa4-a97d-d965ccfc6d4b" outcome="Failed" testListId="471bd6a4-f9bc-4ca5-8753-2b63b0bc6780">
      <Output>
        <ErrorInfo>
          <Message>Assertion failed: Expected value did not match actual value.</Message>
          <StackTrace>   at TestNamespace.TestClass.Test() in TestClass.cs:line 322</StackTrace>
        </ErrorInfo>
      </Output>
    </UnitTestResult>
    <UnitTestResult executionId="8fda7c19-c7d8-4fc9-9734-b39b5b2c0d30" testId="397c0e9c-497c-47ea-bf8b-d5b415d19acf" testName="Test5007" computerName="UA-LPT-OGA2" duration="00:00:00.5920000" startTime="2025-05-14T13:20:31.3146610Z" endTime="2025-05-14T13:25:31.3147553Z" testType="13cdc9d9-ddb5-4fa4-a97d-d965ccfc6d4b" outcome="Passed" testListId="471bd6a4-f9bc-4ca5-8753-2b63b0bc6780" />
    <UnitTestResult executionId="9d875faf-d1fc-454f-9d83-abc5e3ce9540" testId="b36a45cb-edfe-4089-ba8a-288f5c706fbd" testName="Test5008" computerName="UA-LPT-OGA2" duration="00:00:00.7700000" startTime="2025-05-14T13:20:31.3146610Z" endTime="2025-05-14T13:25:31.3147553Z" testType="13cdc9d9-ddb5-4fa4-a97d-d965ccfc6d4b" outcome="Passed" testListId="471bd6a4-f9bc-4ca5-8753-2b63b0bc6780" />
    <UnitTestResult executionId="d94662c8-6f5a-4346-a1fc-27674151a7cc" testId="cec49248-de8e-4828-a97d-6e4d7c68e02d" testName="Test5009" computerName="UA-LPT-OGA2" duration="00:00:00.6990000" startTime="2025-05-14T13:20:31.3146610Z" endTime="2025-05-14T13:25:31.3147553Z" testType="13cdc9d9-ddb5-4fa4-a97d-d965ccfc6d4b" outcome="Passed" testListId="471bd6a4-f9bc-4ca5-8753-2b63b0bc6780" />
    <UnitTestResult executionId="611a3dce-8b1a-4abd-9be1-53adf074349f" testId="db96d3c2-3b70-49c6-9334-ab010318420c" testName="Test5010" computerName="UA-LPT-OGA2" duration="00:00:00.9510000" startTime="2025-05-14T13:20:31.3146610Z" endTime="2025-05-14T13:25:31.3147553Z" testType="13cdc9d9-ddb5-4fa4-a97d-d965ccfc6d4b" outcome="Passed" testListId="471bd6a4-f9bc-4ca5-8753-2b63b0bc6780" />
    <UnitTestResult executionId="3213d14f-f477-4b57-b3d4-34d9dbb853ec" testId="b13e6d42-480b-43fb-a6ed-02ced1ee3cf7" testName="Test5011" computerName="UA-LPT-OGA2" duration="00:00:00.2480000" startTime="2025-05-14T13:20:31.3146610Z" endTime="2025-05-14T13:25:31.3147553Z" testType="13cdc9d9-ddb5-4fa4-a97d-d965ccfc6d4b" outcome="Inconclusive" testListId="471bd6a4-f9bc-4ca5-8753-2b63b0bc6780" />
    <UnitTestResult executionId="0637e8ab-49b2-4aa1-98ea-bf31a5cdf867" testId="91493677-6a31-4fdb-9cb3-569fffd393b6" testName="Test5012" computerName="UA-LPT-OGA2" duration="00:00:01.4660000" startTime="2025-05-14T13:20:31.3146610Z" endTime="2025-05-14T13:25:31.3147553Z" testType="13cdc9d9-ddb5-4fa4-a97d-d965ccfc6d4b" outcome="Passed" testListId="471bd6a4-f9bc-4ca5-8753-2b63b0bc6780" />
    <UnitTestResult executionId="a3b8ae47-7fcc-48fa-88f6-18de854b5dc5" testId="53e735e0-0ed4-4620-a5b2-a0902ff9eeae" testName="Test5013" computerName="UA-LPT-OGA2" duration="00:00:00.0330000" startTime="2025-05-14T13:20:31.3146610Z" endTime="2025-05-14T13:25:31.3147553Z" testType="13cdc9d9-ddb5-4fa4-a97d-d965ccfc6d4b" outcome="Passed" testListId="471bd6a4-f9bc-4ca5-8753-2b63b0bc6780" />
    <UnitTestResult executionId="9d6091f7-1925-4888-a7d2-4386543d4b7f" testId="ae76b782-edfc-498a-9e66-158e3829d78c" testName="Test5014" computerName="UA-LPT-OGA2" duration="00:00:00.5250000" startTime="2025-05-14T13:20:31.3146610Z" endTime="2025-05-14T13:25:31.3147553Z" testType="13cdc9d9-ddb5-4fa4-a97d-d965ccfc6d4b" outcome="Passed" testListId="471bd6a4-f9bc-4ca5-8753-2b63b0bc6780" />
    <UnitTestResult executionId="30fbe72c-02a7-4248-8dd3-17217f414e6f" testId="83b0ffa0-a63c-4c37-8c5a-677cf5f2c942" testName="Test5015" computerName="UA-LPT-OGA2" duration="00:00:01.0620000" startTime="2025-05-14T13:20:31.3146610Z" endTime="2025-05-14T13:25:31.3147553Z" testType="13cdc9d9-ddb5-4fa4-a97d-d965ccfc6d4b" outcome="Passed" testListId="471bd6a4-f9bc-4ca5-8753-2b63b0bc6780" />
    <UnitTestResult executionId="55ca33c3-455e-47ec-9f01-401a963a2c24" testId="9c5455ae-de3c-4a4b-b6d3-2d67c6da3ab6" testName="Test5016" computerName="UA-LPT-OGA2" duration="00:00:00.1590000" startTime="2025-05-14T13:20:31.3146610Z" endTime="2025-05-14T13:25:31.3147553Z" testType="13cdc9d9-ddb5-4fa4-a97d-d965ccfc6d4b" outcome="Passed" testListId="471bd6a4-f9bc-4ca5-8753-2b63b0bc6780" />
    <UnitTestResult executionId="c81c9d9e-8f82-461b-b71b-c87f9dcafe29" testId="7f9db911-91aa-4d1c-989c-98a93832eaa6" testName="Test5017" computerName="UA-LPT-OGA2" duration="00:00:00.9560000" startTime="2025-05-14T13:20:31.3146610Z" endTime="2025-05-14T13:25:31.3147553Z" testType="13cdc9d9-ddb5-4fa4-a97d-d965ccfc6d4b" outcome="Passed" testListId="471bd6a4-f9bc-4ca5-8753-2b63b0bc6780" />
    <UnitTestResult executionId="009f669b-8231-42de-adb9-0347427c071b" testId="6dd4ed6a-efe7-4c9d-b77b-f8a0204ca261" testName="Test5018" computerName="UA-LPT-OGA2" duration="00:00:01.1840000" startTime="2025-05-14T13:20:31.3146610Z" endTime="2025-05-14T13:25:31.3147553Z" testType="13cdc9d9-ddb5-4fa4-a97d-d965ccfc6d4b" outcome="Passed" testListId="471bd6a4-f9bc-4ca5-8753-2b63b0bc6780" />
    <UnitTestResult executionId="764293e7-b396-493d-9b11-9d2e9b754f40" testId="5689c8a6-1b2b-424c-a944-a4458916de4f" testName="Test5019" computerName="UA-LPT-OGA2" duration="00:00:00.6880000" startTime="2025-05-14T13:20:31.3146610Z" endTime="2025-05-14T13:25:31.3147553Z" testType="13cdc9d9-ddb5-4fa4-a97d-d965ccfc6d4b" outcome="Passed" testListId="471bd6a4-f9bc-4ca5-8753-2b63b0bc6780" />
    <UnitTestResult executionId="5a7e2a92-8049-4a1a-ab0c-5229f17b4573" testId="90a706b5-0c25-4fac-b3f9-cf3b6923286f" testName="Test5020" computerName="UA-LPT-OGA2" duration="00:00:00.7550000" startTime="2025-05-14T13:20:31.3146610Z" endTime="2025-05-14T13:25:31.3147553Z" testType="13cdc9d9-ddb5-4fa4-a97d-d965ccfc6d4b" outcome="Failed" testListId="471bd6a4-f9bc-4ca5-8753-2b63b0bc6780">
      <Output>
        <ErrorInfo>
          <Message>Assertion failed: Expected value did not match actual value.</Message>
          <StackTrace>   at TestNamespace.TestClass.Test() in TestClass.cs:line 115</StackTrace>
        </ErrorInfo>
      </Output>
    </UnitTestResult>
    <UnitTestResult executionId="d34ed3c2-d744-4007-adff-311bffda9872" testId="e2bacfa5-95af-40f5-b32a-02a328333f89" testName="Test5021" computerName="UA-LPT-OGA2" duration="00:00:00.9160000" startTime="2025-05-14T13:20:31.3146610Z" endTime="2025-05-14T13:25:31.3147553Z" testType="13cdc9d9-ddb5-4fa4-a97d-d965ccfc6d4b" outcome="Passed" testListId="471bd6a4-f9bc-4ca5-8753-2b63b0bc6780" />
    <UnitTestResult executionId="16d9296a-7f28-4fe6-a6ff-79413bd02e2d" testId="04faf6ff-3154-452b-8eb7-49761a76c2cc" testName="Test5022" computerName="UA-LPT-OGA2" duration="00:00:01.1990000" startTime="2025-05-14T13:20:31.3146610Z" endTime="2025-05-14T13:25:31.3147553Z" testType="13cdc9d9-ddb5-4fa4-a97d-d965ccfc6d4b" outcome="Passed" testListId="471bd6a4-f9bc-4ca5-8753-2b63b0bc6780" />
    <UnitTestResult executionId="c29c0cb1-49bd-43cb-81c4-0aabead8074a" testId="595c67da-d33e-4d4d-a720-643707bcd674" testName="Test5023" computerName="UA-LPT-OGA2" duration="00:00:01.9790000" startTime="2025-05-14T13:20:31.3146610Z" endTime="2025-05-14T13:25:31.3147553Z" testType="13cdc9d9-ddb5-4fa4-a97d-d965ccfc6d4b" outcome="Passed" testListId="471bd6a4-f9bc-4ca5-8753-2b63b0bc6780" />
    <UnitTestResult executionId="6649031a-d742-4395-9c6e-83efc156d83b" testId="018e8d1a-1bdc-4229-86e8-fe68783cb7b8" testName="Test5024" computerName="UA-LPT-OGA2" duration="00:00:01.8060000" startTime="2025-05-14T13:20:31.3146610Z" endTime="2025-05-14T13:25:31.3147553Z" testType="13cdc9d9-ddb5-4fa4-a97d-d965ccfc6d4b" outcome="Passed" testListId="471bd6a4-f9bc-4ca5-8753-2b63b0bc6780" />
    <UnitTestResult executionId="e2206ff4-765b-4c8f-a364-147557c92921" testId="71e4236a-8020-4066-91fe-2a7e6eb18256" testName="Test5025" computerName="UA-LPT-OGA2" duration="00:00:01.8360000" startTime="2025-05-14T13:20:31.3146610Z" endTime="2025-05-14T13:25:31.3147553Z" testType="13cdc9d9-ddb5-4fa4-a97d-d965ccfc6d4b" outcome="Passed" testListId="471bd6a4-f9bc-4ca5-8753-2b63b0bc6780" />
    <UnitTestResult executionId="813d530a-0cdf-4414-871e-f28f12dca0a7" testId="53fe344a-8d79-4abe-ac94-81798e594af5" testName="Test5026" computerName="UA-LPT-OGA2" duration="00:00:01.1800000" startTime="2025-05-14T13:20:31.3146610Z" endTime="2025-05-14T13:25:31.3147553Z" testType="13cdc9d9-ddb5-4fa4-a97d-d965ccfc6d4b" outcome="Passed" testListId="471bd6a4-f9bc-4ca5-8753-2b63b0bc6780" />
    <UnitTestResult executionId="183ef738-443b-4baf-b957-b02c1bcdbff5" testId="f56649f5-13b0-4241-b56d-ec4e4046d46d" testName="Test5027" computerName="UA-LPT-OGA2" duration="00:00:01.3250000" startTime="2025-05-14T13:20:31.3146610Z" endTime="2025-05-14T13:25:31.3147553Z" testType="13cdc9d9-ddb5-4fa4-a97d-d965ccfc6d4b" outcome="Passed" testListId="471bd6a4-f9bc-4ca5-8753-2b63b0bc6780" />
    <UnitTestResult executionId="214ab4d1-d6f5-4437-812c-9a389ba659cd" testId="d9ab50cc-b63e-4d37-9413-dd6398ab28c5" testName="Test5028" computerName="UA-LPT-OGA2" duration="00:00:00.9330000" startTime="2025-05-14T13:20:31.3146610Z" endTime="2025-05-14T13:25:31.3147553Z" testType="13cdc9d9-ddb5-4fa4-a97d-d965ccfc6d4b" outcome="Passed" testListId="471bd6a4-f9bc-4ca5-8753-2b63b0bc6780" />
    <UnitTestResult executionId="544792e1-9536-4b11-ac4b-27b8be7452a3" testId="c1a8e3c5-91c5-4422-a6cd-461d1120f420" testName="Test5029" computerName="UA-LPT-OGA2" duration="00:00:01.5830000" startTime="2025-05-14T13:20:31.3146610Z" endTime="2025-05-14T13:25:31.3147553Z" testType="13cdc9d9-ddb5-4fa4-a97d-d965ccfc6d4b" outcome="Passed" testListId="471bd6a4-f9bc-4ca5-8753-2b63b0bc6780" />
    <UnitTestResult executionId="5534a8d2-92b4-45a1-87e2-c92078c9ed80" testId="2eaa52a6-5251-4887-bcf6-62551ca79310" testName="Test5030" computerName="UA-LPT-OGA2" duration="00:00:01.2950000" startTime="2025-05-14T13:20:31.3146610Z" endTime="2025-05-14T13:25:31.3147553Z" testType="13cdc9d9-ddb5-4fa4-a97d-d965ccfc6d4b" outcome="Failed" testListId="471bd6a4-f9bc-4ca5-8753-2b63b0bc6780">
      <Output>
        <ErrorInfo>
          <Message>Assertion failed: Expected value did not match actual value.</Message>
          <StackTrace>   at TestNamespace.TestClass.Test() in TestClass.cs:line 490</StackTrace>
        </ErrorInfo>
      </Output>
    </UnitTestResult>
    <UnitTestResult executionId="a2765e1f-9783-49e2-9829-5a487dec7c71" testId="cf27db9f-5740-40c1-9022-8ff136d0bd51" testName="Test5031" computerName="UA-LPT-OGA2" duration="00:00:01.5840000" startTime="2025-05-14T13:20:31.3146610Z" endTime="2025-05-14T13:25:31.3147553Z" testType="13cdc9d9-ddb5-4fa4-a97d-d965ccfc6d4b" outcome="Passed" testListId="471bd6a4-f9bc-4ca5-8753-2b63b0bc6780" />
    <UnitTestResult executionId="eec33f74-f1bb-407f-a79b-545319d88aa1" testId="9bb36283-1b56-40f2-b863-0716a1637f5d" testName="Test5032" computerName="UA-LPT-OGA2" duration="00:00:01.8990000" startTime="2025-05-14T13:20:31.3146610Z" endTime="2025-05-14T13:25:31.3147553Z" testType="13cdc9d9-ddb5-4fa4-a97d-d965ccfc6d4b" outcome="Passed" testListId="471bd6a4-f9bc-4ca5-8753-2b63b0bc6780" />
    <UnitTestResult executionId="10b35448-7bed-4287-9d6a-bc2dc990eb36" testId="4ab50253-5437-4bce-a08e-13e03839e258" testName="Test5033" computerName="UA-LPT-OGA2" duration="00:00:00.1440000" startTime="2025-05-14T13:20:31.3146610Z" endTime="2025-05-14T13:25:31.3147553Z" testType="13cdc9d9-ddb5-4fa4-a97d-d965ccfc6d4b" outcome="Passed" testListId="471bd6a4-f9bc-4ca5-8753-2b63b0bc6780" />
    <UnitTestResult executionId="28816f08-fa0e-4a92-bae1-6558b9d8e794" testId="f516a1d5-0f76-4b4f-9031-a6beca31ed1d" testName="Test5034" computerName="UA-LPT-OGA2" duration="00:00:00.2740000" startTime="2025-05-14T13:20:31.3146610Z" endTime="2025-05-14T13:25:31.3147553Z" testType="13cdc9d9-ddb5-4fa4-a97d-d965ccfc6d4b" outcome="Passed" testListId="471bd6a4-f9bc-4ca5-8753-2b63b0bc6780" />
    <UnitTestResult executionId="31c5fb73-9841-437c-8654-cc5a77690637" testId="7923fb7d-40c6-429e-9a7a-75869854e857" testName="Test5035" computerName="UA-LPT-OGA2" duration="00:00:00.7690000" startTime="2025-05-14T13:20:31.3146610Z" endTime="2025-05-14T13:25:31.3147553Z" testType="13cdc9d9-ddb5-4fa4-a97d-d965ccfc6d4b" outcome="Passed" testListId="471bd6a4-f9bc-4ca5-8753-2b63b0bc6780" />
    <UnitTestResult executionId="d407e60b-2b23-488b-b26c-b05b41bf683f" testId="5d4a5615-4117-4a3f-89b1-d4decdde1f81" testName="Test5036" computerName="UA-LPT-OGA2" duration="00:00:00.1550000" startTime="2025-05-14T13:20:31.3146610Z" endTime="2025-05-14T13:25:31.3147553Z" testType="13cdc9d9-ddb5-4fa4-a97d-d965ccfc6d4b" outcome="Passed" testListId="471bd6a4-f9bc-4ca5-8753-2b63b0bc6780" />
    <UnitTestResult executionId="32b5e4d8-b439-47c6-b587-54b47a17125a" testId="04305936-7221-4f53-b870-cb26f2725d49" testName="Test5037" computerName="UA-LPT-OGA2" duration="00:00:00.8570000" startTime="2025-05-14T13:20:31.3146610Z" endTime="2025-05-14T13:25:31.3147553Z" testType="13cdc9d9-ddb5-4fa4-a97d-d965ccfc6d4b" outcome="Passed" testListId="471bd6a4-f9bc-4ca5-8753-2b63b0bc6780" />
    <UnitTestResult executionId="f0c03ea5-54a0-4cc0-948a-55597ce2872d" testId="d21309b5-5336-4026-a206-3f49800e224e" testName="Test5038" computerName="UA-LPT-OGA2" duration="00:00:00.3180000" startTime="2025-05-14T13:20:31.3146610Z" endTime="2025-05-14T13:25:31.3147553Z" testType="13cdc9d9-ddb5-4fa4-a97d-d965ccfc6d4b" outcome="Passed" testListId="471bd6a4-f9bc-4ca5-8753-2b63b0bc6780" />
    <UnitTestResult executionId="0627a734-9c5d-4438-9dab-3bf84c31ba2f" testId="da98ea2f-31bb-4516-84e4-998d097ae735" testName="Test5039" computerName="UA-LPT-OGA2" duration="00:00:01.3960000" startTime="2025-05-14T13:20:31.3146610Z" endTime="2025-05-14T13:25:31.3147553Z" testType="13cdc9d9-ddb5-4fa4-a97d-d965ccfc6d4b" outcome="Passed" testListId="471bd6a4-f9bc-4ca5-8753-2b63b0bc6780" />
    <UnitTestResult executionId="4cc9bcdf-786f-45e1-ba0a-bca71ab2fb1b" testId="6d3ec4c2-6aa2-4ee3-979e-033c40c8a071" testName="Test5040" computerName="UA-LPT-OGA2" duration="00:00:00.2380000" startTime="2025-05-14T13:20:31.3146610Z" endTime="2025-05-14T13:25:31.3147553Z" testType="13cdc9d9-ddb5-4fa4-a97d-d965ccfc6d4b" outcome="Passed" testListId="471bd6a4-f9bc-4ca5-8753-2b63b0bc6780" />
    <UnitTestResult executionId="96a56302-33f2-494a-a459-32b1a9ab0c2e" testId="c6788cf0-d861-44ec-a0f5-459d08f41573" testName="Test5041" computerName="UA-LPT-OGA2" duration="00:00:01.2250000" startTime="2025-05-14T13:20:31.3146610Z" endTime="2025-05-14T13:25:31.3147553Z" testType="13cdc9d9-ddb5-4fa4-a97d-d965ccfc6d4b" outcome="Passed" testListId="471bd6a4-f9bc-4ca5-8753-2b63b0bc6780" />
    <UnitTestResult executionId="8297e072-1723-4456-9f9c-5a16e6e05d98" testId="e7a130ba-1521-4d56-80e8-db256956bc0b" testName="Test5042" computerName="UA-LPT-OGA2" duration="00:00:00.1010000" startTime="2025-05-14T13:20:31.3146610Z" endTime="2025-05-14T13:25:31.3147553Z" testType="13cdc9d9-ddb5-4fa4-a97d-d965ccfc6d4b" outcome="Passed" testListId="471bd6a4-f9bc-4ca5-8753-2b63b0bc6780" />
    <UnitTestResult executionId="7e326a6f-211a-408b-8ca3-3fc49e926adf" testId="62a1937f-5874-4607-a8e1-68dc6806a1bc" testName="Test5043" computerName="UA-LPT-OGA2" duration="00:00:00.8190000" startTime="2025-05-14T13:20:31.3146610Z" endTime="2025-05-14T13:25:31.3147553Z" testType="13cdc9d9-ddb5-4fa4-a97d-d965ccfc6d4b" outcome="Passed" testListId="471bd6a4-f9bc-4ca5-8753-2b63b0bc6780" />
    <UnitTestResult executionId="e29d9fe2-7f7a-4729-b7d5-4fce37db498d" testId="c4f44ab7-9d93-473d-b838-7b98174d334a" testName="Test5044" computerName="UA-LPT-OGA2" duration="00:00:01.1660000" startTime="2025-05-14T13:20:31.3146610Z" endTime="2025-05-14T13:25:31.3147553Z" testType="13cdc9d9-ddb5-4fa4-a97d-d965ccfc6d4b" outcome="Passed" testListId="471bd6a4-f9bc-4ca5-8753-2b63b0bc6780" />
    <UnitTestResult executionId="7774bdfe-cc09-4313-8f3f-8b525f1d1ffc" testId="0882b586-7a25-4db1-934a-c72a660c4a37" testName="Test5045" computerName="UA-LPT-OGA2" duration="00:00:01.5740000" startTime="2025-05-14T13:20:31.3146610Z" endTime="2025-05-14T13:25:31.3147553Z" testType="13cdc9d9-ddb5-4fa4-a97d-d965ccfc6d4b" outcome="Passed" testListId="471bd6a4-f9bc-4ca5-8753-2b63b0bc6780" />
    <UnitTestResult executionId="8f253661-32bd-4b1d-a6e8-71325d2c3815" testId="c97dc464-1e96-4c66-87c8-fe45bd88f9a6" testName="Test5046" computerName="UA-LPT-OGA2" duration="00:00:00.6360000" startTime="2025-05-14T13:20:31.3146610Z" endTime="2025-05-14T13:25:31.3147553Z" testType="13cdc9d9-ddb5-4fa4-a97d-d965ccfc6d4b" outcome="Passed" testListId="471bd6a4-f9bc-4ca5-8753-2b63b0bc6780" />
    <UnitTestResult executionId="54d09342-ae03-4a07-8ba1-a9ad19fdff65" testId="e7237cda-c10e-41bf-ab01-51b4a2c34c94" testName="Test5047" computerName="UA-LPT-OGA2" duration="00:00:00.2620000" startTime="2025-05-14T13:20:31.3146610Z" endTime="2025-05-14T13:25:31.3147553Z" testType="13cdc9d9-ddb5-4fa4-a97d-d965ccfc6d4b" outcome="Passed" testListId="471bd6a4-f9bc-4ca5-8753-2b63b0bc6780" />
    <UnitTestResult executionId="253c465a-0f21-420b-afb7-42217aefc35e" testId="8eb0485f-5d45-469d-9d07-df1dc44694f8" testName="Test5048" computerName="UA-LPT-OGA2" duration="00:00:01.7910000" startTime="2025-05-14T13:20:31.3146610Z" endTime="2025-05-14T13:25:31.3147553Z" testType="13cdc9d9-ddb5-4fa4-a97d-d965ccfc6d4b" outcome="Failed" testListId="471bd6a4-f9bc-4ca5-8753-2b63b0bc6780">
      <Output>
        <ErrorInfo>
          <Message>Assertion failed: Expected value did not match actual value.</Message>
          <StackTrace>   at TestNamespace.TestClass.Test() in TestClass.cs:line 93</StackTrace>
        </ErrorInfo>
      </Output>
    </UnitTestResult>
    <UnitTestResult executionId="91138e03-4ddb-4f05-bb9d-2427a2585434" testId="d9b58540-abac-41d4-90c8-1ca8f725ada8" testName="Test5049" computerName="UA-LPT-OGA2" duration="00:00:01.1870000" startTime="2025-05-14T13:20:31.3146610Z" endTime="2025-05-14T13:25:31.3147553Z" testType="13cdc9d9-ddb5-4fa4-a97d-d965ccfc6d4b" outcome="Passed" testListId="471bd6a4-f9bc-4ca5-8753-2b63b0bc6780" />
    <UnitTestResult executionId="0a496bf0-9546-463d-b4f8-fc354dea985d" testId="7d415fd4-534b-4076-8c46-0adbcdbd0c9d" testName="Test5050" computerName="UA-LPT-OGA2" duration="00:00:00.0690000" startTime="2025-05-14T13:20:31.3146610Z" endTime="2025-05-14T13:25:31.3147553Z" testType="13cdc9d9-ddb5-4fa4-a97d-d965ccfc6d4b" outcome="Passed" testListId="471bd6a4-f9bc-4ca5-8753-2b63b0bc6780" />
    <UnitTestResult executionId="e1671d42-1d37-4363-a623-1e6b5152a574" testId="6581e0b0-06e1-470f-8c9b-b2af69d745fe" testName="Test5051" computerName="UA-LPT-OGA2" duration="00:00:00.0790000" startTime="2025-05-14T13:20:31.3146610Z" endTime="2025-05-14T13:25:31.3147553Z" testType="13cdc9d9-ddb5-4fa4-a97d-d965ccfc6d4b" outcome="Passed" testListId="471bd6a4-f9bc-4ca5-8753-2b63b0bc6780" />
    <UnitTestResult executionId="087aa3f0-bb13-4cfd-922b-9700b661f0d4" testId="e9ad9977-6705-4657-a4d8-f795f591870f" testName="Test5052" computerName="UA-LPT-OGA2" duration="00:00:01.9300000" startTime="2025-05-14T13:20:31.3146610Z" endTime="2025-05-14T13:25:31.3147553Z" testType="13cdc9d9-ddb5-4fa4-a97d-d965ccfc6d4b" outcome="Passed" testListId="471bd6a4-f9bc-4ca5-8753-2b63b0bc6780" />
    <UnitTestResult executionId="65b0bbd1-cc8c-4c71-9f72-a53567a1c86e" testId="89d797af-9c7d-4ff1-92bf-7bf03a1e78d4" testName="Test5053" computerName="UA-LPT-OGA2" duration="00:00:01.8480000" startTime="2025-05-14T13:20:31.3146610Z" endTime="2025-05-14T13:25:31.3147553Z" testType="13cdc9d9-ddb5-4fa4-a97d-d965ccfc6d4b" outcome="Passed" testListId="471bd6a4-f9bc-4ca5-8753-2b63b0bc6780" />
    <UnitTestResult executionId="e20b4466-28c8-4ab4-bad2-116dd846178e" testId="b01a99c2-4389-4b4a-8af2-98b84b3d8b38" testName="Test5054" computerName="UA-LPT-OGA2" duration="00:00:00.6330000" startTime="2025-05-14T13:20:31.3146610Z" endTime="2025-05-14T13:25:31.3147553Z" testType="13cdc9d9-ddb5-4fa4-a97d-d965ccfc6d4b" outcome="Passed" testListId="471bd6a4-f9bc-4ca5-8753-2b63b0bc6780" />
    <UnitTestResult executionId="335961d9-67ff-4e8b-b271-2dcd5a6bb268" testId="36b25267-cb7a-4f8f-856d-0c02bfeae981" testName="Test5055" computerName="UA-LPT-OGA2" duration="00:00:00.3760000" startTime="2025-05-14T13:20:31.3146610Z" endTime="2025-05-14T13:25:31.3147553Z" testType="13cdc9d9-ddb5-4fa4-a97d-d965ccfc6d4b" outcome="Passed" testListId="471bd6a4-f9bc-4ca5-8753-2b63b0bc6780" />
    <UnitTestResult executionId="5c406109-0cd4-4a51-9645-b1c462abb592" testId="4d670ff4-73de-485c-9073-f78c527464d7" testName="Test5056" computerName="UA-LPT-OGA2" duration="00:00:00.2730000" startTime="2025-05-14T13:20:31.3146610Z" endTime="2025-05-14T13:25:31.3147553Z" testType="13cdc9d9-ddb5-4fa4-a97d-d965ccfc6d4b" outcome="Failed" testListId="471bd6a4-f9bc-4ca5-8753-2b63b0bc6780">
      <Output>
        <ErrorInfo>
          <Message>Assertion failed: Expected value did not match actual value.</Message>
          <StackTrace>   at TestNamespace.TestClass.Test() in TestClass.cs:line 94</StackTrace>
        </ErrorInfo>
      </Output>
    </UnitTestResult>
    <UnitTestResult executionId="b19aa685-8412-4a2a-ab81-f50d574a6bbb" testId="5a1c94fd-ef56-49f1-936a-43e92c5ee1d6" testName="Test5057" computerName="UA-LPT-OGA2" duration="00:00:01.6400000" startTime="2025-05-14T13:20:31.3146610Z" endTime="2025-05-14T13:25:31.3147553Z" testType="13cdc9d9-ddb5-4fa4-a97d-d965ccfc6d4b" outcome="Passed" testListId="471bd6a4-f9bc-4ca5-8753-2b63b0bc6780" />
    <UnitTestResult executionId="d3d856af-89d4-47d2-8f84-9a93f231f3da" testId="77dc4892-7aed-4122-a93e-410d937cdff6" testName="Test5058" computerName="UA-LPT-OGA2" duration="00:00:01.9210000" startTime="2025-05-14T13:20:31.3146610Z" endTime="2025-05-14T13:25:31.3147553Z" testType="13cdc9d9-ddb5-4fa4-a97d-d965ccfc6d4b" outcome="Passed" testListId="471bd6a4-f9bc-4ca5-8753-2b63b0bc6780" />
    <UnitTestResult executionId="1d18b95b-3261-49a3-b096-3d27b466fe2e" testId="61f43747-f52a-4c74-94d8-5b1e981428bb" testName="Test5059" computerName="UA-LPT-OGA2" duration="00:00:00.5240000" startTime="2025-05-14T13:20:31.3146610Z" endTime="2025-05-14T13:25:31.3147553Z" testType="13cdc9d9-ddb5-4fa4-a97d-d965ccfc6d4b" outcome="Passed" testListId="471bd6a4-f9bc-4ca5-8753-2b63b0bc6780" />
    <UnitTestResult executionId="b8dc774c-78d1-426a-88f5-510626c8c330" testId="06d97fcb-6fe8-40a1-85ba-e8e85f29e0a8" testName="Test5060" computerName="UA-LPT-OGA2" duration="00:00:01.2310000" startTime="2025-05-14T13:20:31.3146610Z" endTime="2025-05-14T13:25:31.3147553Z" testType="13cdc9d9-ddb5-4fa4-a97d-d965ccfc6d4b" outcome="Passed" testListId="471bd6a4-f9bc-4ca5-8753-2b63b0bc6780" />
    <UnitTestResult executionId="a7ca9e16-a621-4822-94e2-59b798561744" testId="6f1582a5-78b3-46cf-b1b8-d1c6e921b838" testName="Test5061" computerName="UA-LPT-OGA2" duration="00:00:01.7060000" startTime="2025-05-14T13:20:31.3146610Z" endTime="2025-05-14T13:25:31.3147553Z" testType="13cdc9d9-ddb5-4fa4-a97d-d965ccfc6d4b" outcome="Passed" testListId="471bd6a4-f9bc-4ca5-8753-2b63b0bc6780" />
    <UnitTestResult executionId="268cf949-c1a7-4dec-9964-6441d22df394" testId="1860ec2d-8c2a-4fcb-ad33-145b5bb648eb" testName="Test5062" computerName="UA-LPT-OGA2" duration="00:00:01.8960000" startTime="2025-05-14T13:20:31.3146610Z" endTime="2025-05-14T13:25:31.3147553Z" testType="13cdc9d9-ddb5-4fa4-a97d-d965ccfc6d4b" outcome="Passed" testListId="471bd6a4-f9bc-4ca5-8753-2b63b0bc6780" />
    <UnitTestResult executionId="e3a02c4e-1c74-4de3-81ec-d0eeb647646c" testId="c4ecb187-a606-4844-aef4-fdb136a40062" testName="Test5063" computerName="UA-LPT-OGA2" duration="00:00:01.2590000" startTime="2025-05-14T13:20:31.3146610Z" endTime="2025-05-14T13:25:31.3147553Z" testType="13cdc9d9-ddb5-4fa4-a97d-d965ccfc6d4b" outcome="Passed" testListId="471bd6a4-f9bc-4ca5-8753-2b63b0bc6780" />
    <UnitTestResult executionId="2424cb44-6f74-43b2-a4d1-447959d52d50" testId="c69783ae-a7e2-43d8-8840-6fae35d04f20" testName="Test5064" computerName="UA-LPT-OGA2" duration="00:00:00.9850000" startTime="2025-05-14T13:20:31.3146610Z" endTime="2025-05-14T13:25:31.3147553Z" testType="13cdc9d9-ddb5-4fa4-a97d-d965ccfc6d4b" outcome="Passed" testListId="471bd6a4-f9bc-4ca5-8753-2b63b0bc6780" />
    <UnitTestResult executionId="6c98e739-b408-4790-aabe-443466d8d419" testId="56801525-e0b5-4cd8-a8c6-1dba27f2617a" testName="Test5065" computerName="UA-LPT-OGA2" duration="00:00:01.3650000" startTime="2025-05-14T13:20:31.3146610Z" endTime="2025-05-14T13:25:31.3147553Z" testType="13cdc9d9-ddb5-4fa4-a97d-d965ccfc6d4b" outcome="Passed" testListId="471bd6a4-f9bc-4ca5-8753-2b63b0bc6780" />
    <UnitTestResult executionId="6b7e25a0-7e39-480e-89d3-219e7b494f1d" testId="23bd26c0-269d-4b3c-a953-6154f8554d95" testName="Test5066" computerName="UA-LPT-OGA2" duration="00:00:01.6650000" startTime="2025-05-14T13:20:31.3146610Z" endTime="2025-05-14T13:25:31.3147553Z" testType="13cdc9d9-ddb5-4fa4-a97d-d965ccfc6d4b" outcome="Passed" testListId="471bd6a4-f9bc-4ca5-8753-2b63b0bc6780" />
    <UnitTestResult executionId="febff823-3518-4b9f-8961-2d6d447c9e4b" testId="2cc08a93-16b5-4ea7-ac51-bd739a567763" testName="Test5067" computerName="UA-LPT-OGA2" duration="00:00:00.3780000" startTime="2025-05-14T13:20:31.3146610Z" endTime="2025-05-14T13:25:31.3147553Z" testType="13cdc9d9-ddb5-4fa4-a97d-d965ccfc6d4b" outcome="Passed" testListId="471bd6a4-f9bc-4ca5-8753-2b63b0bc6780" />
    <UnitTestResult executionId="042f5590-872f-430e-a1c1-76852dd86fc4" testId="4f6693c3-8cfc-4982-85a2-b507cec4a926" testName="Test5068" computerName="UA-LPT-OGA2" duration="00:00:00.1350000" startTime="2025-05-14T13:20:31.3146610Z" endTime="2025-05-14T13:25:31.3147553Z" testType="13cdc9d9-ddb5-4fa4-a97d-d965ccfc6d4b" outcome="Passed" testListId="471bd6a4-f9bc-4ca5-8753-2b63b0bc6780" />
    <UnitTestResult executionId="e07c200e-6172-4da2-8f35-0f8e6f9e1577" testId="3a396a62-4546-4070-843a-65911bd5c064" testName="Test5069" computerName="UA-LPT-OGA2" duration="00:00:00.6710000" startTime="2025-05-14T13:20:31.3146610Z" endTime="2025-05-14T13:25:31.3147553Z" testType="13cdc9d9-ddb5-4fa4-a97d-d965ccfc6d4b" outcome="Passed" testListId="471bd6a4-f9bc-4ca5-8753-2b63b0bc6780" />
    <UnitTestResult executionId="f0cd71f1-8bd1-4c22-96f1-c9f9aad1a8bf" testId="82caef0d-1cb2-45da-a09c-8ddb2b74f20f" testName="Test5070" computerName="UA-LPT-OGA2" duration="00:00:01.5940000" startTime="2025-05-14T13:20:31.3146610Z" endTime="2025-05-14T13:25:31.3147553Z" testType="13cdc9d9-ddb5-4fa4-a97d-d965ccfc6d4b" outcome="Passed" testListId="471bd6a4-f9bc-4ca5-8753-2b63b0bc6780" />
    <UnitTestResult executionId="b67ec614-34bf-4fa4-b982-bb28ee86f1bd" testId="f15ec723-7e55-49b0-b678-ac7d063c6d75" testName="Test5071" computerName="UA-LPT-OGA2" duration="00:00:00.0380000" startTime="2025-05-14T13:20:31.3146610Z" endTime="2025-05-14T13:25:31.3147553Z" testType="13cdc9d9-ddb5-4fa4-a97d-d965ccfc6d4b" outcome="Passed" testListId="471bd6a4-f9bc-4ca5-8753-2b63b0bc6780" />
    <UnitTestResult executionId="5521c23d-c2aa-4cdd-93b5-04249b6cebf7" testId="7ea3f689-ed3d-4e32-8473-f36484fb14b2" testName="Test5072" computerName="UA-LPT-OGA2" duration="00:00:01.9220000" startTime="2025-05-14T13:20:31.3146610Z" endTime="2025-05-14T13:25:31.3147553Z" testType="13cdc9d9-ddb5-4fa4-a97d-d965ccfc6d4b" outcome="Passed" testListId="471bd6a4-f9bc-4ca5-8753-2b63b0bc6780" />
    <UnitTestResult executionId="f0e527fb-3fc3-4e6b-a36d-52697aaed91f" testId="05763686-8f85-4372-992a-606f644803be" testName="Test5073" computerName="UA-LPT-OGA2" duration="00:00:01.3310000" startTime="2025-05-14T13:20:31.3146610Z" endTime="2025-05-14T13:25:31.3147553Z" testType="13cdc9d9-ddb5-4fa4-a97d-d965ccfc6d4b" outcome="Passed" testListId="471bd6a4-f9bc-4ca5-8753-2b63b0bc6780" />
    <UnitTestResult executionId="c723a5d7-a4bc-4d0f-ba2f-579d11dd763a" testId="f8425585-42b9-4fb9-b5fc-1ace7be64166" testName="Test5074" computerName="UA-LPT-OGA2" duration="00:00:01.1020000" startTime="2025-05-14T13:20:31.3146610Z" endTime="2025-05-14T13:25:31.3147553Z" testType="13cdc9d9-ddb5-4fa4-a97d-d965ccfc6d4b" outcome="Passed" testListId="471bd6a4-f9bc-4ca5-8753-2b63b0bc6780" />
    <UnitTestResult executionId="faa3fc8e-fc27-4cdf-a10e-3feabcb5726a" testId="895f583b-42fa-422f-9a7e-4c0e25c29c16" testName="Test5075" computerName="UA-LPT-OGA2" duration="00:00:00.2450000" startTime="2025-05-14T13:20:31.3146610Z" endTime="2025-05-14T13:25:31.3147553Z" testType="13cdc9d9-ddb5-4fa4-a97d-d965ccfc6d4b" outcome="Passed" testListId="471bd6a4-f9bc-4ca5-8753-2b63b0bc6780" />
    <UnitTestResult executionId="5ef98161-991c-47f1-9e74-05042d657800" testId="125b8f75-0424-4312-9a02-ad0817ecfc8b" testName="Test5076" computerName="UA-LPT-OGA2" duration="00:00:01.6500000" startTime="2025-05-14T13:20:31.3146610Z" endTime="2025-05-14T13:25:31.3147553Z" testType="13cdc9d9-ddb5-4fa4-a97d-d965ccfc6d4b" outcome="Passed" testListId="471bd6a4-f9bc-4ca5-8753-2b63b0bc6780" />
    <UnitTestResult executionId="c04a9e75-fcb5-4758-bd3d-01a7bf60b27a" testId="0cc9f6a6-98e6-4fe2-a839-1c090c9031fd" testName="Test5077" computerName="UA-LPT-OGA2" duration="00:00:00.0310000" startTime="2025-05-14T13:20:31.3146610Z" endTime="2025-05-14T13:25:31.3147553Z" testType="13cdc9d9-ddb5-4fa4-a97d-d965ccfc6d4b" outcome="Passed" testListId="471bd6a4-f9bc-4ca5-8753-2b63b0bc6780" />
    <UnitTestResult executionId="cd069809-a8ad-41b0-9371-da5fe05a97e1" testId="2af85363-45b3-4067-a4d1-2969627a1412" testName="Test5078" computerName="UA-LPT-OGA2" duration="00:00:00.4610000" startTime="2025-05-14T13:20:31.3146610Z" endTime="2025-05-14T13:25:31.3147553Z" testType="13cdc9d9-ddb5-4fa4-a97d-d965ccfc6d4b" outcome="Passed" testListId="471bd6a4-f9bc-4ca5-8753-2b63b0bc6780" />
    <UnitTestResult executionId="2e8a77a1-f655-4ca5-8dec-866f0008b146" testId="321d613b-8697-492f-9307-c70764abd334" testName="Test5079" computerName="UA-LPT-OGA2" duration="00:00:00.2310000" startTime="2025-05-14T13:20:31.3146610Z" endTime="2025-05-14T13:25:31.3147553Z" testType="13cdc9d9-ddb5-4fa4-a97d-d965ccfc6d4b" outcome="Passed" testListId="471bd6a4-f9bc-4ca5-8753-2b63b0bc6780" />
    <UnitTestResult executionId="b368d179-5b3f-4997-86f9-fde8ee34cd26" testId="16fdd3bd-f5bb-485b-8f96-0eafaeb5121c" testName="Test5080" computerName="UA-LPT-OGA2" duration="00:00:01.2630000" startTime="2025-05-14T13:20:31.3146610Z" endTime="2025-05-14T13:25:31.3147553Z" testType="13cdc9d9-ddb5-4fa4-a97d-d965ccfc6d4b" outcome="Passed" testListId="471bd6a4-f9bc-4ca5-8753-2b63b0bc6780" />
    <UnitTestResult executionId="90e101cf-6223-4cbf-82dd-6941862fec8b" testId="30558274-a6fb-4ca3-8fc2-eef3035f4961" testName="Test5081" computerName="UA-LPT-OGA2" duration="00:00:00.2350000" startTime="2025-05-14T13:20:31.3146610Z" endTime="2025-05-14T13:25:31.3147553Z" testType="13cdc9d9-ddb5-4fa4-a97d-d965ccfc6d4b" outcome="Passed" testListId="471bd6a4-f9bc-4ca5-8753-2b63b0bc6780" />
    <UnitTestResult executionId="01017efe-2b56-4df6-80a5-5b416a23cbd7" testId="c6ff6de3-2e3d-4943-8d63-6d2dc6c619c3" testName="Test5082" computerName="UA-LPT-OGA2" duration="00:00:00.3030000" startTime="2025-05-14T13:20:31.3146610Z" endTime="2025-05-14T13:25:31.3147553Z" testType="13cdc9d9-ddb5-4fa4-a97d-d965ccfc6d4b" outcome="Passed" testListId="471bd6a4-f9bc-4ca5-8753-2b63b0bc6780" />
    <UnitTestResult executionId="a5ba452b-a8bd-4328-9f7a-4cac603dc67e" testId="d0301c2b-d847-4365-8531-623084c316fc" testName="Test5083" computerName="UA-LPT-OGA2" duration="00:00:00.9110000" startTime="2025-05-14T13:20:31.3146610Z" endTime="2025-05-14T13:25:31.3147553Z" testType="13cdc9d9-ddb5-4fa4-a97d-d965ccfc6d4b" outcome="Failed" testListId="471bd6a4-f9bc-4ca5-8753-2b63b0bc6780">
      <Output>
        <ErrorInfo>
          <Message>Assertion failed: Expected value did not match actual value.</Message>
          <StackTrace>   at TestNamespace.TestClass.Test() in TestClass.cs:line 267</StackTrace>
        </ErrorInfo>
      </Output>
    </UnitTestResult>
    <UnitTestResult executionId="b25432d0-9a6c-4f22-8e7b-2a7e692e67f9" testId="bdf54773-8d47-4fab-8668-9201069419ab" testName="Test5084" computerName="UA-LPT-OGA2" duration="00:00:00.8990000" startTime="2025-05-14T13:20:31.3146610Z" endTime="2025-05-14T13:25:31.3147553Z" testType="13cdc9d9-ddb5-4fa4-a97d-d965ccfc6d4b" outcome="Passed" testListId="471bd6a4-f9bc-4ca5-8753-2b63b0bc6780" />
    <UnitTestResult executionId="07ea5df1-8c86-4a70-97bf-4269aaf20dd7" testId="62abee56-8a80-4669-9bc9-ab25daf96009" testName="Test5085" computerName="UA-LPT-OGA2" duration="00:00:01.5130000" startTime="2025-05-14T13:20:31.3146610Z" endTime="2025-05-14T13:25:31.3147553Z" testType="13cdc9d9-ddb5-4fa4-a97d-d965ccfc6d4b" outcome="Passed" testListId="471bd6a4-f9bc-4ca5-8753-2b63b0bc6780" />
    <UnitTestResult executionId="d7483fb0-80b4-4af5-b8c2-990df21974bc" testId="c054b297-bdec-40ad-a80c-777ab9937f4d" testName="Test5086" computerName="UA-LPT-OGA2" duration="00:00:00.2920000" startTime="2025-05-14T13:20:31.3146610Z" endTime="2025-05-14T13:25:31.3147553Z" testType="13cdc9d9-ddb5-4fa4-a97d-d965ccfc6d4b" outcome="Passed" testListId="471bd6a4-f9bc-4ca5-8753-2b63b0bc6780" />
    <UnitTestResult executionId="70abc7be-6aa3-49bf-ad60-8e3b69093172" testId="2032a5e6-28ec-455e-aaf0-7e7b670b7bef" testName="Test5087" computerName="UA-LPT-OGA2" duration="00:00:00.7360000" startTime="2025-05-14T13:20:31.3146610Z" endTime="2025-05-14T13:25:31.3147553Z" testType="13cdc9d9-ddb5-4fa4-a97d-d965ccfc6d4b" outcome="Passed" testListId="471bd6a4-f9bc-4ca5-8753-2b63b0bc6780" />
    <UnitTestResult executionId="735083ba-25f3-4472-a9a6-73172a0a7e7b" testId="12eed534-fca7-4029-97ac-8c37f7c33078" testName="Test5088" computerName="UA-LPT-OGA2" duration="00:00:00.4870000" startTime="2025-05-14T13:20:31.3146610Z" endTime="2025-05-14T13:25:31.3147553Z" testType="13cdc9d9-ddb5-4fa4-a97d-d965ccfc6d4b" outcome="Passed" testListId="471bd6a4-f9bc-4ca5-8753-2b63b0bc6780" />
    <UnitTestResult executionId="32c42928-db44-4fce-bf43-f1547d5139ed" testId="56fb9952-44a0-4d9a-9ec2-557e71294e6f" testName="Test5089" computerName="UA-LPT-OGA2" duration="00:00:01.7310000" startTime="2025-05-14T13:20:31.3146610Z" endTime="2025-05-14T13:25:31.3147553Z" testType="13cdc9d9-ddb5-4fa4-a97d-d965ccfc6d4b" outcome="Passed" testListId="471bd6a4-f9bc-4ca5-8753-2b63b0bc6780" />
    <UnitTestResult executionId="96b00b64-075d-407d-81f8-b8dede1413c9" testId="132df4d2-f09d-4870-b202-0288307af899" testName="Test5090" computerName="UA-LPT-OGA2" duration="00:00:01.3030000" startTime="2025-05-14T13:20:31.3146610Z" endTime="2025-05-14T13:25:31.3147553Z" testType="13cdc9d9-ddb5-4fa4-a97d-d965ccfc6d4b" outcome="Passed" testListId="471bd6a4-f9bc-4ca5-8753-2b63b0bc6780" />
    <UnitTestResult executionId="64309297-d64f-4372-8bf4-197cd6939ae7" testId="300af8f5-c23c-4aa2-917c-6496b273485a" testName="Test5091" computerName="UA-LPT-OGA2" duration="00:00:00.8780000" startTime="2025-05-14T13:20:31.3146610Z" endTime="2025-05-14T13:25:31.3147553Z" testType="13cdc9d9-ddb5-4fa4-a97d-d965ccfc6d4b" outcome="Passed" testListId="471bd6a4-f9bc-4ca5-8753-2b63b0bc6780" />
    <UnitTestResult executionId="f319da6e-a725-41fb-aafa-77ae8f782668" testId="854e4490-b81f-4716-8fb2-7127b096bdc5" testName="Test5092" computerName="UA-LPT-OGA2" duration="00:00:01.1780000" startTime="2025-05-14T13:20:31.3146610Z" endTime="2025-05-14T13:25:31.3147553Z" testType="13cdc9d9-ddb5-4fa4-a97d-d965ccfc6d4b" outcome="Passed" testListId="471bd6a4-f9bc-4ca5-8753-2b63b0bc6780" />
    <UnitTestResult executionId="c9bc1b5e-8257-453e-af0f-6b65e91ccc84" testId="f170c92b-f65d-4c04-8d8d-1be56ee98e60" testName="Test5093" computerName="UA-LPT-OGA2" duration="00:00:00.9050000" startTime="2025-05-14T13:20:31.3146610Z" endTime="2025-05-14T13:25:31.3147553Z" testType="13cdc9d9-ddb5-4fa4-a97d-d965ccfc6d4b" outcome="Passed" testListId="471bd6a4-f9bc-4ca5-8753-2b63b0bc6780" />
    <UnitTestResult executionId="26624d3a-1bf6-4ab4-9eb1-c133219a515a" testId="4fb53f8c-965d-41d4-a425-714c71d04db4" testName="Test5094" computerName="UA-LPT-OGA2" duration="00:00:00.5380000" startTime="2025-05-14T13:20:31.3146610Z" endTime="2025-05-14T13:25:31.3147553Z" testType="13cdc9d9-ddb5-4fa4-a97d-d965ccfc6d4b" outcome="Passed" testListId="471bd6a4-f9bc-4ca5-8753-2b63b0bc6780" />
    <UnitTestResult executionId="8356cd45-2d35-4227-8f6e-c659d99053cf" testId="8e0ef0c2-a1cd-4dfd-8902-e242b4d47e73" testName="Test5095" computerName="UA-LPT-OGA2" duration="00:00:01.3450000" startTime="2025-05-14T13:20:31.3146610Z" endTime="2025-05-14T13:25:31.3147553Z" testType="13cdc9d9-ddb5-4fa4-a97d-d965ccfc6d4b" outcome="Failed" testListId="471bd6a4-f9bc-4ca5-8753-2b63b0bc6780">
      <Output>
        <ErrorInfo>
          <Message>Assertion failed: Expected value did not match actual value.</Message>
          <StackTrace>   at TestNamespace.TestClass.Test() in TestClass.cs:line 165</StackTrace>
        </ErrorInfo>
      </Output>
    </UnitTestResult>
    <UnitTestResult executionId="6854c076-a43a-463e-ad5b-a1d9a531f909" testId="18c87d80-f760-4625-b66b-3ec1b9b74428" testName="Test5096" computerName="UA-LPT-OGA2" duration="00:00:01.9910000" startTime="2025-05-14T13:20:31.3146610Z" endTime="2025-05-14T13:25:31.3147553Z" testType="13cdc9d9-ddb5-4fa4-a97d-d965ccfc6d4b" outcome="Passed" testListId="471bd6a4-f9bc-4ca5-8753-2b63b0bc6780" />
    <UnitTestResult executionId="23aa8061-104c-4dbb-aa09-c87854165ca4" testId="16b80204-7f96-4ca1-b54d-4b218bf5116c" testName="Test5097" computerName="UA-LPT-OGA2" duration="00:00:01.3870000" startTime="2025-05-14T13:20:31.3146610Z" endTime="2025-05-14T13:25:31.3147553Z" testType="13cdc9d9-ddb5-4fa4-a97d-d965ccfc6d4b" outcome="Passed" testListId="471bd6a4-f9bc-4ca5-8753-2b63b0bc6780" />
    <UnitTestResult executionId="20a4c448-89ce-4be2-a274-4f7db690f771" testId="e92ec8da-ccc5-40b5-bea7-ca198e393cbe" testName="Test5098" computerName="UA-LPT-OGA2" duration="00:00:01.2580000" startTime="2025-05-14T13:20:31.3146610Z" endTime="2025-05-14T13:25:31.3147553Z" testType="13cdc9d9-ddb5-4fa4-a97d-d965ccfc6d4b" outcome="Passed" testListId="471bd6a4-f9bc-4ca5-8753-2b63b0bc6780" />
    <UnitTestResult executionId="769d6e4b-a2ac-4246-bc3f-bd7731fc057e" testId="d259ed5c-9c74-4471-ab04-278d948c8818" testName="Test5099" computerName="UA-LPT-OGA2" duration="00:00:01.7260000" startTime="2025-05-14T13:20:31.3146610Z" endTime="2025-05-14T13:25:31.3147553Z" testType="13cdc9d9-ddb5-4fa4-a97d-d965ccfc6d4b" outcome="Passed" testListId="471bd6a4-f9bc-4ca5-8753-2b63b0bc6780" />
    <UnitTestResult executionId="0c397c5f-14e9-4030-bf08-7681ad9a1de0" testId="805bd73c-0ed0-4604-97d8-000fbffa11ae" testName="Test5100" computerName="UA-LPT-OGA2" duration="00:00:00.1370000" startTime="2025-05-14T13:20:31.3146610Z" endTime="2025-05-14T13:25:31.3147553Z" testType="13cdc9d9-ddb5-4fa4-a97d-d965ccfc6d4b" outcome="Passed" testListId="471bd6a4-f9bc-4ca5-8753-2b63b0bc6780" />
  </Results>
  <TestDefinitions>
    <UnitTest name="Test5001" id="f0df6736-3fb1-4b6f-8019-8e22669004fa" storage="TestAssembly.dll">
      <Execution id="453904f6-2943-4a05-8d31-53226d9055fd" />
      <TestMethod codeBase="TestAssembly.dll" className="TestNamespace.TestClass1" name="Test5001" />
    </UnitTest>
    <UnitTest name="Test5002" id="b56fc62e-4366-4381-bf05-58d2194def5c" storage="TestAssembly.dll">
      <Execution id="dee6045c-913f-4232-a97b-ab2dfebaf052" />
      <TestMethod codeBase="TestAssembly.dll" className="TestNamespace.TestClass1" name="Test5002" />
    </UnitTest>
    <UnitTest name="Test5003" id="5a85b2f3-4d2d-4a4d-bb69-a8825e771061" storage="TestAssembly.dll">
      <Execution id="5df73efc-2b3f-46fe-8742-d0f4c4010b60" />
      <TestMethod codeBase="TestAssembly.dll" className="TestNamespace.TestClass1" name="Test5003" />
    </UnitTest>
    <UnitTest name="Test5004" id="5f213655-0115-4936-aa73-84330ce48e51" storage="TestAssembly.dll">
      <Execution id="f358da34-bb4d-4f76-a719-3bf1a1a07f0e" />
      <TestMethod codeBase="TestAssembly.dll" className="TestNamespace.TestClass1" name="Test5004" />
    </UnitTest>
    <UnitTest name="Test5005" id="7d4cd6b0-0c67-429d-b8d9-1d3ec9f39a4a" storage="TestAssembly.dll">
      <Execution id="c4b9d552-d78b-46e3-971c-5efc7157d50c" />
      <TestMethod codeBase="TestAssembly.dll" className="TestNamespace.TestClass1" name="Test5005" />
    </UnitTest>
    <UnitTest name="Test5006" id="25de8fe7-a171-4692-acbd-305bc0e04639" storage="TestAssembly.dll">
      <Execution id="353fad37-c6a9-4bc1-9bf7-6b529965b96a" />
      <TestMethod codeBase="TestAssembly.dll" className="TestNamespace.TestClass1" name="Test5006" />
    </UnitTest>
    <UnitTest name="Test5007" id="397c0e9c-497c-47ea-bf8b-d5b415d19acf" storage="TestAssembly.dll">
      <Execution id="8fda7c19-c7d8-4fc9-9734-b39b5b2c0d30" />
      <TestMethod codeBase="TestAssembly.dll" className="TestNamespace.TestClass1" name="Test5007" />
    </UnitTest>
    <UnitTest name="Test5008" id="b36a45cb-edfe-4089-ba8a-288f5c706fbd" storage="TestAssembly.dll">
      <Execution id="9d875faf-d1fc-454f-9d83-abc5e3ce9540" />
      <TestMethod codeBase="TestAssembly.dll" className="TestNamespace.TestClass1" name="Test5008" />
    </UnitTest>
    <UnitTest name="Test5009" id="cec49248-de8e-4828-a97d-6e4d7c68e02d" storage="TestAssembly.dll">
      <Execution id="d94662c8-6f5a-4346-a1fc-27674151a7cc" />
      <TestMethod codeBase="TestAssembly.dll" className="TestNamespace.TestClass1" name="Test5009" />
    </UnitTest>
    <UnitTest name="Test5010" id="db96d3c2-3b70-49c6-9334-ab010318420c" storage="TestAssembly.dll">
      <Execution id="611a3dce-8b1a-4abd-9be1-53adf074349f" />
      <TestMethod codeBase="TestAssembly.dll" className="TestNamespace.TestClass1" name="Test5010" />
    </UnitTest>
    <UnitTest name="Test5011" id="b13e6d42-480b-43fb-a6ed-02ced1ee3cf7" storage="TestAssembly.dll">
      <Execution id="3213d14f-f477-4b57-b3d4-34d9dbb853ec" />
      <TestMethod codeBase="TestAssembly.dll" className="TestNamespace.TestClass2" name="Test5011" />
    </UnitTest>
    <UnitTest name="Test5012" id="91493677-6a31-4fdb-9cb3-569fffd393b6" storage="TestAssembly.dll">
      <Execution id="0637e8ab-49b2-4aa1-98ea-bf31a5cdf867" />
      <TestMethod codeBase="TestAssembly.dll" className="TestNamespace.TestClass2" name="Test5012" />
    </UnitTest>
    <UnitTest name="Test5013" id="53e735e0-0ed4-4620-a5b2-a0902ff9eeae" storage="TestAssembly.dll">
      <Execution id="a3b8ae47-7fcc-48fa-88f6-18de854b5dc5" />
      <TestMethod codeBase="TestAssembly.dll" className="TestNamespace.TestClass2" name="Test5013" />
    </UnitTest>
    <UnitTest name="Test5014" id="ae76b782-edfc-498a-9e66-158e3829d78c" storage="TestAssembly.dll">
      <Execution id="9d6091f7-1925-4888-a7d2-4386543d4b7f" />
      <TestMethod codeBase="TestAssembly.dll" className="TestNamespace.TestClass2" name="Test5014" />
    </UnitTest>
    <UnitTest name="Test5015" id="83b0ffa0-a63c-4c37-8c5a-677cf5f2c942" storage="TestAssembly.dll">
      <Execution id="30fbe72c-02a7-4248-8dd3-17217f414e6f" />
      <TestMethod codeBase="TestAssembly.dll" className="TestNamespace.TestClass2" name="Test5015" />
    </UnitTest>
    <UnitTest name="Test5016" id="9c5455ae-de3c-4a4b-b6d3-2d67c6da3ab6" storage="TestAssembly.dll">
      <Execution id="55ca33c3-455e-47ec-9f01-401a963a2c24" />
      <TestMethod codeBase="TestAssembly.dll" className="TestNamespace.TestClass2" name="Test5016" />
    </UnitTest>
    <UnitTest name="Test5017" id="7f9db911-91aa-4d1c-989c-98a93832eaa6" storage="TestAssembly.dll">
      <Execution id="c81c9d9e-8f82-461b-b71b-c87f9dcafe29" />
      <TestMethod codeBase="TestAssembly.dll" className="TestNamespace.TestClass2" name="Test5017" />
    </UnitTest>
    <UnitTest name="Test5018" id="6dd4ed6a-efe7-4c9d-b77b-f8a0204ca261" storage="TestAssembly.dll">
      <Execution id="009f669b-8231-42de-adb9-0347427c071b" />
      <TestMethod codeBase="TestAssembly.dll" className="TestNamespace.TestClass2" name="Test5018" />
    </UnitTest>
    <UnitTest name="Test5019" id="5689c8a6-1b2b-424c-a944-a4458916de4f" storage="TestAssembly.dll">
      <Execution id="764293e7-b396-493d-9b11-9d2e9b754f40" />
      <TestMethod codeBase="TestAssembly.dll" className="TestNamespace.TestClass2" name="Test5019" />
    </UnitTest>
    <UnitTest name="Test5020" id="90a706b5-0c25-4fac-b3f9-cf3b6923286f" storage="TestAssembly.dll">
      <Execution id="5a7e2a92-8049-4a1a-ab0c-5229f17b4573" />
      <TestMethod codeBase="TestAssembly.dll" className="TestNamespace.TestClass2" name="Test5020" />
    </UnitTest>
    <UnitTest name="Test5021" id="e2bacfa5-95af-40f5-b32a-02a328333f89" storage="TestAssembly.dll">
      <Execution id="d34ed3c2-d744-4007-adff-311bffda9872" />
      <TestMethod codeBase="TestAssembly.dll" className="TestNamespace.TestClass3" name="Test5021" />
    </UnitTest>
    <UnitTest name="Test5022" id="04faf6ff-3154-452b-8eb7-49761a76c2cc" storage="TestAssembly.dll">
      <Execution id="16d9296a-7f28-4fe6-a6ff-79413bd02e2d" />
      <TestMethod codeBase="TestAssembly.dll" className="TestNamespace.TestClass3" name="Test5022" />
    </UnitTest>
    <UnitTest name="Test5023" id="595c67da-d33e-4d4d-a720-643707bcd674" storage="TestAssembly.dll">
      <Execution id="c29c0cb1-49bd-43cb-81c4-0aabead8074a" />
      <TestMethod codeBase="TestAssembly.dll" className="TestNamespace.TestClass3" name="Test5023" />
    </UnitTest>
    <UnitTest name="Test5024" id="018e8d1a-1bdc-4229-86e8-fe68783cb7b8" storage="TestAssembly.dll">
      <Execution id="6649031a-d742-4395-9c6e-83efc156d83b" />
      <TestMethod codeBase="TestAssembly.dll" className="TestNamespace.TestClass3" name="Test5024" />
    </UnitTest>
    <UnitTest name="Test5025" id="71e4236a-8020-4066-91fe-2a7e6eb18256" storage="TestAssembly.dll">
      <Execution id="e2206ff4-765b-4c8f-a364-147557c92921" />
      <TestMethod codeBase="TestAssembly.dll" className="TestNamespace.TestClass3" name="Test5025" />
    </UnitTest>
    <UnitTest name="Test5026" id="53fe344a-8d79-4abe-ac94-81798e594af5" storage="TestAssembly.dll">
      <Execution id="813d530a-0cdf-4414-871e-f28f12dca0a7" />
      <TestMethod codeBase="TestAssembly.dll" className="TestNamespace.TestClass3" name="Test5026" />
    </UnitTest>
    <UnitTest name="Test5027" id="f56649f5-13b0-4241-b56d-ec4e4046d46d" storage="TestAssembly.dll">
      <Execution id="183ef738-443b-4baf-b957-b02c1bcdbff5" />
      <TestMethod codeBase="TestAssembly.dll" className="TestNamespace.TestClass3" name="Test5027" />
    </UnitTest>
    <UnitTest name="Test5028" id="d9ab50cc-b63e-4d37-9413-dd6398ab28c5" storage="TestAssembly.dll">
      <Execution id="214ab4d1-d6f5-4437-812c-9a389ba659cd" />
      <TestMethod codeBase="TestAssembly.dll" className="TestNamespace.TestClass3" name="Test5028" />
    </UnitTest>
    <UnitTest name="Test5029" id="c1a8e3c5-91c5-4422-a6cd-461d1120f420" storage="TestAssembly.dll">
      <Execution id="544792e1-9536-4b11-ac4b-27b8be7452a3" />
      <TestMethod codeBase="TestAssembly.dll" className="TestNamespace.TestClass3" name="Test5029" />
    </UnitTest>
    <UnitTest name="Test5030" id="2eaa52a6-5251-4887-bcf6-62551ca79310" storage="TestAssembly.dll">
      <Execution id="5534a8d2-92b4-45a1-87e2-c92078c9ed80" />
      <TestMethod codeBase="TestAssembly.dll" className="TestNamespace.TestClass3" name="Test5030" />
    </UnitTest>
    <UnitTest name="Test5031" id="cf27db9f-5740-40c1-9022-8ff136d0bd51" storage="TestAssembly.dll">
      <Execution id="a2765e1f-9783-49e2-9829-5a487dec7c71" />
      <TestMethod codeBase="TestAssembly.dll" className="TestNamespace.TestClass4" name="Test5031" />
    </UnitTest>
    <UnitTest name="Test5032" id="9bb36283-1b56-40f2-b863-0716a1637f5d" storage="TestAssembly.dll">
      <Execution id="eec33f74-f1bb-407f-a79b-545319d88aa1" />
      <TestMethod codeBase="TestAssembly.dll" className="TestNamespace.TestClass4" name="Test5032" />
    </UnitTest>
    <UnitTest name="Test5033" id="4ab50253-5437-4bce-a08e-13e03839e258" storage="TestAssembly.dll">
      <Execution id="10b35448-7bed-4287-9d6a-bc2dc990eb36" />
      <TestMethod codeBase="TestAssembly.dll" className="TestNamespace.TestClass4" name="Test5033" />
    </UnitTest>
    <UnitTest name="Test5034" id="f516a1d5-0f76-4b4f-9031-a6beca31ed1d" storage="TestAssembly.dll">
      <Execution id="28816f08-fa0e-4a92-bae1-6558b9d8e794" />
      <TestMethod codeBase="TestAssembly.dll" className="TestNamespace.TestClass4" name="Test5034" />
    </UnitTest>
    <UnitTest name="Test5035" id="7923fb7d-40c6-429e-9a7a-75869854e857" storage="TestAssembly.dll">
      <Execution id="31c5fb73-9841-437c-8654-cc5a77690637" />
      <TestMethod codeBase="TestAssembly.dll" className="TestNamespace.TestClass4" name="Test5035" />
    </UnitTest>
    <UnitTest name="Test5036" id="5d4a5615-4117-4a3f-89b1-d4decdde1f81" storage="TestAssembly.dll">
      <Execution id="d407e60b-2b23-488b-b26c-b05b41bf683f" />
      <TestMethod codeBase="TestAssembly.dll" className="TestNamespace.TestClass4" name="Test5036" />
    </UnitTest>
    <UnitTest name="Test5037" id="04305936-7221-4f53-b870-cb26f2725d49" storage="TestAssembly.dll">
      <Execution id="32b5e4d8-b439-47c6-b587-54b47a17125a" />
      <TestMethod codeBase="TestAssembly.dll" className="TestNamespace.TestClass4" name="Test5037" />
    </UnitTest>
    <UnitTest name="Test5038" id="d21309b5-5336-4026-a206-3f49800e224e" storage="TestAssembly.dll">
      <Execution id="f0c03ea5-54a0-4cc0-948a-55597ce2872d" />
      <TestMethod codeBase="TestAssembly.dll" className="TestNamespace.TestClass4" name="Test5038" />
    </UnitTest>
    <UnitTest name="Test5039" id="da98ea2f-31bb-4516-84e4-998d097ae735" storage="TestAssembly.dll">
      <Execution id="0627a734-9c5d-4438-9dab-3bf84c31ba2f" />
      <TestMethod codeBase="TestAssembly.dll" className="TestNamespace.TestClass4" name="Test5039" />
    </UnitTest>
    <UnitTest name="Test5040" id="6d3ec4c2-6aa2-4ee3-979e-033c40c8a071" storage="TestAssembly.dll">
      <Execution id="4cc9bcdf-786f-45e1-ba0a-bca71ab2fb1b" />
      <TestMethod codeBase="TestAssembly.dll" className="TestNamespace.TestClass4" name="Test5040" />
    </UnitTest>
    <UnitTest name="Test5041" id="c6788cf0-d861-44ec-a0f5-459d08f41573" storage="TestAssembly.dll">
      <Execution id="96a56302-33f2-494a-a459-32b1a9ab0c2e" />
      <TestMethod codeBase="TestAssembly.dll" className="TestNamespace.TestClass5" name="Test5041" />
    </UnitTest>
    <UnitTest name="Test5042" id="e7a130ba-1521-4d56-80e8-db256956bc0b" storage="TestAssembly.dll">
      <Execution id="8297e072-1723-4456-9f9c-5a16e6e05d98" />
      <TestMethod codeBase="TestAssembly.dll" className="TestNamespace.TestClass5" name="Test5042" />
    </UnitTest>
    <UnitTest name="Test5043" id="62a1937f-5874-4607-a8e1-68dc6806a1bc" storage="TestAssembly.dll">
      <Execution id="7e326a6f-211a-408b-8ca3-3fc49e926adf" />
      <TestMethod codeBase="TestAssembly.dll" className="TestNamespace.TestClass5" name="Test5043" />
    </UnitTest>
    <UnitTest name="Test5044" id="c4f44ab7-9d93-473d-b838-7b98174d334a" storage="TestAssembly.dll">
      <Execution id="e29d9fe2-7f7a-4729-b7d5-4fce37db498d" />
      <TestMethod codeBase="TestAssembly.dll" className="TestNamespace.TestClass5" name="Test5044" />
    </UnitTest>
    <UnitTest name="Test5045" id="0882b586-7a25-4db1-934a-c72a660c4a37" storage="TestAssembly.dll">
      <Execution id="7774bdfe-cc09-4313-8f3f-8b525f1d1ffc" />
      <TestMethod codeBase="TestAssembly.dll" className="TestNamespace.TestClass5" name="Test5045" />
    </UnitTest>
    <UnitTest name="Test5046" id="c97dc464-1e96-4c66-87c8-fe45bd88f9a6" storage="TestAssembly.dll">
      <Execution id="8f253661-32bd-4b1d-a6e8-71325d2c3815" />
      <TestMethod codeBase="TestAssembly.dll" className="TestNamespace.TestClass5" name="Test5046" />
    </UnitTest>
    <UnitTest name="Test5047" id="e7237cda-c10e-41bf-ab01-51b4a2c34c94" storage="TestAssembly.dll">
      <Execution id="54d09342-ae03-4a07-8ba1-a9ad19fdff65" />
      <TestMethod codeBase="TestAssembly.dll" className="TestNamespace.TestClass5" name="Test5047" />
    </UnitTest>
    <UnitTest name="Test5048" id="8eb0485f-5d45-469d-9d07-df1dc44694f8" storage="TestAssembly.dll">
      <Execution id="253c465a-0f21-420b-afb7-42217aefc35e" />
      <TestMethod codeBase="TestAssembly.dll" className="TestNamespace.TestClass5" name="Test5048" />
    </UnitTest>
    <UnitTest name="Test5049" id="d9b58540-abac-41d4-90c8-1ca8f725ada8" storage="TestAssembly.dll">
      <Execution id="91138e03-4ddb-4f05-bb9d-2427a2585434" />
      <TestMethod codeBase="TestAssembly.dll" className="TestNamespace.TestClass5" name="Test5049" />
    </UnitTest>
    <UnitTest name="Test5050" id="7d415fd4-534b-4076-8c46-0adbcdbd0c9d" storage="TestAssembly.dll">
      <Execution id="0a496bf0-9546-463d-b4f8-fc354dea985d" />
      <TestMethod codeBase="TestAssembly.dll" className="TestNamespace.TestClass5" name="Test5050" />
    </UnitTest>
    <UnitTest name="Test5051" id="6581e0b0-06e1-470f-8c9b-b2af69d745fe" storage="TestAssembly.dll">
      <Execution id="e1671d42-1d37-4363-a623-1e6b5152a574" />
      <TestMethod codeBase="TestAssembly.dll" className="TestNamespace.TestClass6" name="Test5051" />
    </UnitTest>
    <UnitTest name="Test5052" id="e9ad9977-6705-4657-a4d8-f795f591870f" storage="TestAssembly.dll">
      <Execution id="087aa3f0-bb13-4cfd-922b-9700b661f0d4" />
      <TestMethod codeBase="TestAssembly.dll" className="TestNamespace.TestClass6" name="Test5052" />
    </UnitTest>
    <UnitTest name="Test5053" id="89d797af-9c7d-4ff1-92bf-7bf03a1e78d4" storage="TestAssembly.dll">
      <Execution id="65b0bbd1-cc8c-4c71-9f72-a53567a1c86e" />
      <TestMethod codeBase="TestAssembly.dll" className="TestNamespace.TestClass6" name="Test5053" />
    </UnitTest>
    <UnitTest name="Test5054" id="b01a99c2-4389-4b4a-8af2-98b84b3d8b38" storage="TestAssembly.dll">
      <Execution id="e20b4466-28c8-4ab4-bad2-116dd846178e" />
      <TestMethod codeBase="TestAssembly.dll" className="TestNamespace.TestClass6" name="Test5054" />
    </UnitTest>
    <UnitTest name="Test5055" id="36b25267-cb7a-4f8f-856d-0c02bfeae981" storage="TestAssembly.dll">
      <Execution id="335961d9-67ff-4e8b-b271-2dcd5a6bb268" />
      <TestMethod codeBase="TestAssembly.dll" className="TestNamespace.TestClass6" name="Test5055" />
    </UnitTest>
    <UnitTest name="Test5056" id="4d670ff4-73de-485c-9073-f78c527464d7" storage="TestAssembly.dll">
      <Execution id="5c406109-0cd4-4a51-9645-b1c462abb592" />
      <TestMethod codeBase="TestAssembly.dll" className="TestNamespace.TestClass6" name="Test5056" />
    </UnitTest>
    <UnitTest name="Test5057" id="5a1c94fd-ef56-49f1-936a-43e92c5ee1d6" storage="TestAssembly.dll">
      <Execution id="b19aa685-8412-4a2a-ab81-f50d574a6bbb" />
      <TestMethod codeBase="TestAssembly.dll" className="TestNamespace.TestClass6" name="Test5057" />
    </UnitTest>
    <UnitTest name="Test5058" id="77dc4892-7aed-4122-a93e-410d937cdff6" storage="TestAssembly.dll">
      <Execution id="d3d856af-89d4-47d2-8f84-9a93f231f3da" />
      <TestMethod codeBase="TestAssembly.dll" className="TestNamespace.TestClass6" name="Test5058" />
    </UnitTest>
    <UnitTest name="Test5059" id="61f43747-f52a-4c74-94d8-5b1e981428bb" storage="TestAssembly.dll">
      <Execution id="1d18b95b-3261-49a3-b096-3d27b466fe2e" />
      <TestMethod codeBase="TestAssembly.dll" className="TestNamespace.TestClass6" name="Test5059" />
    </UnitTest>
    <UnitTest name="Test5060" id="06d97fcb-6fe8-40a1-85ba-e8e85f29e0a8" storage="TestAssembly.dll">
      <Execution id="b8dc774c-78d1-426a-88f5-510626c8c330" />
      <TestMethod codeBase="TestAssembly.dll" className="TestNamespace.TestClass6" name="Test5060" />
    </UnitTest>
    <UnitTest name="Test5061" id="6f1582a5-78b3-46cf-b1b8-d1c6e921b838" storage="TestAssembly.dll">
      <Execution id="a7ca9e16-a621-4822-94e2-59b798561744" />
      <TestMethod codeBase="TestAssembly.dll" className="TestNamespace.TestClass7" name="Test5061" />
    </UnitTest>
    <UnitTest name="Test5062" id="1860ec2d-8c2a-4fcb-ad33-145b5bb648eb" storage="TestAssembly.dll">
      <Execution id="268cf949-c1a7-4dec-9964-6441d22df394" />
      <TestMethod codeBase="TestAssembly.dll" className="TestNamespace.TestClass7" name="Test5062" />
    </UnitTest>
    <UnitTest name="Test5063" id="c4ecb187-a606-4844-aef4-fdb136a40062" storage="TestAssembly.dll">
      <Execution id="e3a02c4e-1c74-4de3-81ec-d0eeb647646c" />
      <TestMethod codeBase="TestAssembly.dll" className="TestNamespace.TestClass7" name="Test5063" />
    </UnitTest>
    <UnitTest name="Test5064" id="c69783ae-a7e2-43d8-8840-6fae35d04f20" storage="TestAssembly.dll">
      <Execution id="2424cb44-6f74-43b2-a4d1-447959d52d50" />
      <TestMethod codeBase="TestAssembly.dll" className="TestNamespace.TestClass7" name="Test5064" />
    </UnitTest>
    <UnitTest name="Test5065" id="56801525-e0b5-4cd8-a8c6-1dba27f2617a" storage="TestAssembly.dll">
      <Execution id="6c98e739-b408-4790-aabe-443466d8d419" />
      <TestMethod codeBase="TestAssembly.dll" className="TestNamespace.TestClass7" name="Test5065" />
    </UnitTest>
    <UnitTest name="Test5066" id="23bd26c0-269d-4b3c-a953-6154f8554d95" storage="TestAssembly.dll">
      <Execution id="6b7e25a0-7e39-480e-89d3-219e7b494f1d" />
      <TestMethod codeBase="TestAssembly.dll" className="TestNamespace.TestClass7" name="Test5066" />
    </UnitTest>
    <UnitTest name="Test5067" id="2cc08a93-16b5-4ea7-ac51-bd739a567763" storage="TestAssembly.dll">
      <Execution id="febff823-3518-4b9f-8961-2d6d447c9e4b" />
      <TestMethod codeBase="TestAssembly.dll" className="TestNamespace.TestClass7" name="Test5067" />
    </UnitTest>
    <UnitTest name="Test5068" id="4f6693c3-8cfc-4982-85a2-b507cec4a926" storage="TestAssembly.dll">
      <Execution id="042f5590-872f-430e-a1c1-76852dd86fc4" />
      <TestMethod codeBase="TestAssembly.dll" className="TestNamespace.TestClass7" name="Test5068" />
    </UnitTest>
    <UnitTest name="Test5069" id="3a396a62-4546-4070-843a-65911bd5c064" storage="TestAssembly.dll">
      <Execution id="e07c200e-6172-4da2-8f35-0f8e6f9e1577" />
      <TestMethod codeBase="TestAssembly.dll" className="TestNamespace.TestClass7" name="Test5069" />
    </UnitTest>
    <UnitTest name="Test5070" id="82caef0d-1cb2-45da-a09c-8ddb2b74f20f" storage="TestAssembly.dll">
      <Execution id="f0cd71f1-8bd1-4c22-96f1-c9f9aad1a8bf" />
      <TestMethod codeBase="TestAssembly.dll" className="TestNamespace.TestClass7" name="Test5070" />
    </UnitTest>
    <UnitTest name="Test5071" id="f15ec723-7e55-49b0-b678-ac7d063c6d75" storage="TestAssembly.dll">
      <Execution id="b67ec614-34bf-4fa4-b982-bb28ee86f1bd" />
      <TestMethod codeBase="TestAssembly.dll" className="TestNamespace.TestClass8" name="Test5071" />
    </UnitTest>
    <UnitTest name="Test5072" id="7ea3f689-ed3d-4e32-8473-f36484fb14b2" storage="TestAssembly.dll">
      <Execution id="5521c23d-c2aa-4cdd-93b5-04249b6cebf7" />
      <TestMethod codeBase="TestAssembly.dll" className="TestNamespace.TestClass8" name="Test5072" />
    </UnitTest>
    <UnitTest name="Test5073" id="05763686-8f85-4372-992a-606f644803be" storage="TestAssembly.dll">
      <Execution id="f0e527fb-3fc3-4e6b-a36d-52697aaed91f" />
      <TestMethod codeBase="TestAssembly.dll" className="TestNamespace.TestClass8" name="Test5073" />
    </UnitTest>
    <UnitTest name="Test5074" id="f8425585-42b9-4fb9-b5fc-1ace7be64166" storage="TestAssembly.dll">
      <Execution id="c723a5d7-a4bc-4d0f-ba2f-579d11dd763a" />
      <TestMethod codeBase="TestAssembly.dll" className="TestNamespace.TestClass8" name="Test5074" />
    </UnitTest>
    <UnitTest name="Test5075" id="895f583b-42fa-422f-9a7e-4c0e25c29c16" storage="TestAssembly.dll">
      <Execution id="faa3fc8e-fc27-4cdf-a10e-3feabcb5726a" />
      <TestMethod codeBase="TestAssembly.dll" className="TestNamespace.TestClass8" name="Test5075" />
    </UnitTest>
    <UnitTest name="Test5076" id="125b8f75-0424-4312-9a02-ad0817ecfc8b" storage="TestAssembly.dll">
      <Execution id="5ef98161-991c-47f1-9e74-05042d657800" />
      <TestMethod codeBase="TestAssembly.dll" className="TestNamespace.TestClass8" name="Test5076" />
    </UnitTest>
    <UnitTest name="Test5077" id="0cc9f6a6-98e6-4fe2-a839-1c090c9031fd" storage="TestAssembly.dll">
      <Execution id="c04a9e75-fcb5-4758-bd3d-01a7bf60b27a" />
      <TestMethod codeBase="TestAssembly.dll" className="TestNamespace.TestClass8" name="Test5077" />
    </UnitTest>
    <UnitTest name="Test5078" id="2af85363-45b3-4067-a4d1-2969627a1412" storage="TestAssembly.dll">
      <Execution id="cd069809-a8ad-41b0-9371-da5fe05a97e1" />
      <TestMethod codeBase="TestAssembly.dll" className="TestNamespace.TestClass8" name="Test5078" />
    </UnitTest>
    <UnitTest name="Test5079" id="321d613b-8697-492f-9307-c70764abd334" storage="TestAssembly.dll">
      <Execution id="2e8a77a1-f655-4ca5-8dec-866f0008b146" />
      <TestMethod codeBase="TestAssembly.dll" className="TestNamespace.TestClass8" name="Test5079" />
    </UnitTest>
    <UnitTest name="Test5080" id="16fdd3bd-f5bb-485b-8f96-0eafaeb5121c" storage="TestAssembly.dll">
      <Execution id="b368d179-5b3f-4997-86f9-fde8ee34cd26" />
      <TestMethod codeBase="TestAssembly.dll" className="TestNamespace.TestClass8" name="Test5080" />
    </UnitTest>
    <UnitTest name="Test5081" id="30558274-a6fb-4ca3-8fc2-eef3035f4961" storage="TestAssembly.dll">
      <Execution id="90e101cf-6223-4cbf-82dd-6941862fec8b" />
      <TestMethod codeBase="TestAssembly.dll" className="TestNamespace.TestClass9" name="Test5081" />
    </UnitTest>
    <UnitTest name="Test5082" id="c6ff6de3-2e3d-4943-8d63-6d2dc6c619c3" storage="TestAssembly.dll">
      <Execution id="01017efe-2b56-4df6-80a5-5b416a23cbd7" />
      <TestMethod codeBase="TestAssembly.dll" className="TestNamespace.TestClass9" name="Test5082" />
    </UnitTest>
    <UnitTest name="Test5083" id="d0301c2b-d847-4365-8531-623084c316fc" storage="TestAssembly.dll">
      <Execution id="a5ba452b-a8bd-4328-9f7a-4cac603dc67e" />
      <TestMethod codeBase="TestAssembly.dll" className="TestNamespace.TestClass9" name="Test5083" />
    </UnitTest>
    <UnitTest name="Test5084" id="bdf54773-8d47-4fab-8668-9201069419ab" storage="TestAssembly.dll">
      <Execution id="b25432d0-9a6c-4f22-8e7b-2a7e692e67f9" />
      <TestMethod codeBase="TestAssembly.dll" className="TestNamespace.TestClass9" name="Test5084" />
    </UnitTest>
    <UnitTest name="Test5085" id="62abee56-8a80-4669-9bc9-ab25daf96009" storage="TestAssembly.dll">
      <Execution id="07ea5df1-8c86-4a70-97bf-4269aaf20dd7" />
      <TestMethod codeBase="TestAssembly.dll" className="TestNamespace.TestClass9" name="Test5085" />
    </UnitTest>
    <UnitTest name="Test5086" id="c054b297-bdec-40ad-a80c-777ab9937f4d" storage="TestAssembly.dll">
      <Execution id="d7483fb0-80b4-4af5-b8c2-990df21974bc" />
      <TestMethod codeBase="TestAssembly.dll" className="TestNamespace.TestClass9" name="Test5086" />
    </UnitTest>
    <UnitTest name="Test5087" id="2032a5e6-28ec-455e-aaf0-7e7b670b7bef" storage="TestAssembly.dll">
      <Execution id="70abc7be-6aa3-49bf-ad60-8e3b69093172" />
      <TestMethod codeBase="TestAssembly.dll" className="TestNamespace.TestClass9" name="Test5087" />
    </UnitTest>
    <UnitTest name="Test5088" id="12eed534-fca7-4029-97ac-8c37f7c33078" storage="TestAssembly.dll">
      <Execution id="735083ba-25f3-4472-a9a6-73172a0a7e7b" />
      <TestMethod codeBase="TestAssembly.dll" className="TestNamespace.TestClass9" name="Test5088" />
    </UnitTest>
    <UnitTest name="Test5089" id="56fb9952-44a0-4d9a-9ec2-557e71294e6f" storage="TestAssembly.dll">
      <Execution id="32c42928-db44-4fce-bf43-f1547d5139ed" />
      <TestMethod codeBase="TestAssembly.dll" className="TestNamespace.TestClass9" name="Test5089" />
    </UnitTest>
    <UnitTest name="Test5090" id="132df4d2-f09d-4870-b202-0288307af899" storage="TestAssembly.dll">
      <Execution id="96b00b64-075d-407d-81f8-b8dede1413c9" />
      <TestMethod codeBase="TestAssembly.dll" className="TestNamespace.TestClass9" name="Test5090" />
    </UnitTest>
    <UnitTest name="Test5091" id="300af8f5-c23c-4aa2-917c-6496b273485a" storage="TestAssembly.dll">
      <Execution id="64309297-d64f-4372-8bf4-197cd6939ae7" />
      <TestMethod codeBase="TestAssembly.dll" className="TestNamespace.TestClass10" name="Test5091" />
    </UnitTest>
    <UnitTest name="Test5092" id="854e4490-b81f-4716-8fb2-7127b096bdc5" storage="TestAssembly.dll">
      <Execution id="f319da6e-a725-41fb-aafa-77ae8f782668" />
      <TestMethod codeBase="TestAssembly.dll" className="TestNamespace.TestClass10" name="Test5092" />
    </UnitTest>
    <UnitTest name="Test5093" id="f170c92b-f65d-4c04-8d8d-1be56ee98e60" storage="TestAssembly.dll">
      <Execution id="c9bc1b5e-8257-453e-af0f-6b65e91ccc84" />
      <TestMethod codeBase="TestAssembly.dll" className="TestNamespace.TestClass10" name="Test5093" />
    </UnitTest>
    <UnitTest name="Test5094" id="4fb53f8c-965d-41d4-a425-714c71d04db4" storage="TestAssembly.dll">
      <Execution id="26624d3a-1bf6-4ab4-9eb1-c133219a515a" />
      <TestMethod codeBase="TestAssembly.dll" className="TestNamespace.TestClass10" name="Test5094" />
    </UnitTest>
    <UnitTest name="Test5095" id="8e0ef0c2-a1cd-4dfd-8902-e242b4d47e73" storage="TestAssembly.dll">
      <Execution id="8356cd45-2d35-4227-8f6e-c659d99053cf" />
      <TestMethod codeBase="TestAssembly.dll" className="TestNamespace.TestClass10" name="Test5095" />
    </UnitTest>
    <UnitTest name="Test5096" id="18c87d80-f760-4625-b66b-3ec1b9b74428" storage="TestAssembly.dll">
      <Execution id="6854c076-a43a-463e-ad5b-a1d9a531f909" />
      <TestMethod codeBase="TestAssembly.dll" className="TestNamespace.TestClass10" name="Test5096" />
    </UnitTest>
    <UnitTest name="Test5097" id="16b80204-7f96-4ca1-b54d-4b218bf5116c" storage="TestAssembly.dll">
      <Execution id="23aa8061-104c-4dbb-aa09-c87854165ca4" />
      <TestMethod codeBase="TestAssembly.dll" className="TestNamespace.TestClass10" name="Test5097" />
    </UnitTest>
    <UnitTest name="Test5098" id="e92ec8da-ccc5-40b5-bea7-ca198e393cbe" storage="TestAssembly.dll">
      <Execution id="20a4c448-89ce-4be2-a274-4f7db690f771" />
      <TestMethod codeBase="TestAssembly.dll" className="TestNamespace.TestClass10" name="Test5098" />
    </UnitTest>
    <UnitTest name="Test5099" id="d259ed5c-9c74-4471-ab04-278d948c8818" storage="TestAssembly.dll">
      <Execution id="769d6e4b-a2ac-4246-bc3f-bd7731fc057e" />
      <TestMethod codeBase="TestAssembly.dll" className="TestNamespace.TestClass10" name="Test5099" />
    </UnitTest>
    <UnitTest name="Test5100" id="805bd73c-0ed0-4604-97d8-000fbffa11ae" storage="TestAssembly.dll">
      <Execution id="0c397c5f-14e9-4030-bf08-7681ad9a1de0" />
      <TestMethod codeBase="TestAssembly.dll" className="TestNamespace.TestClass10" name="Test5100" />
    </UnitTest>
  </TestDefinitions>
  <TestEntries>
    <TestEntry testId="f0df6736-3fb1-4b6f-8019-8e22669004fa" executionId="453904f6-2943-4a05-8d31-53226d9055fd" testListId="471bd6a4-f9bc-4ca5-8753-2b63b0bc6780" />
    <TestEntry testId="b56fc62e-4366-4381-bf05-58d2194def5c" executionId="dee6045c-913f-4232-a97b-ab2dfebaf052" testListId="471bd6a4-f9bc-4ca5-8753-2b63b0bc6780" />
    <TestEntry testId="5a85b2f3-4d2d-4a4d-bb69-a8825e771061" executionId="5df73efc-2b3f-46fe-8742-d0f4c4010b60" testListId="471bd6a4-f9bc-4ca5-8753-2b63b0bc6780" />
    <TestEntry testId="5f213655-0115-4936-aa73-84330ce48e51" executionId="f358da34-bb4d-4f76-a719-3bf1a1a07f0e" testListId="471bd6a4-f9bc-4ca5-8753-2b63b0bc6780" />
    <TestEntry testId="7d4cd6b0-0c67-429d-b8d9-1d3ec9f39a4a" executionId="c4b9d552-d78b-46e3-971c-5efc7157d50c" testListId="471bd6a4-f9bc-4ca5-8753-2b63b0bc6780" />
    <TestEntry testId="25de8fe7-a171-4692-acbd-305bc0e04639" executionId="353fad37-c6a9-4bc1-9bf7-6b529965b96a" testListId="471bd6a4-f9bc-4ca5-8753-2b63b0bc6780" />
    <TestEntry testId="397c0e9c-497c-47ea-bf8b-d5b415d19acf" executionId="8fda7c19-c7d8-4fc9-9734-b39b5b2c0d30" testListId="471bd6a4-f9bc-4ca5-8753-2b63b0bc6780" />
    <TestEntry testId="b36a45cb-edfe-4089-ba8a-288f5c706fbd" executionId="9d875faf-d1fc-454f-9d83-abc5e3ce9540" testListId="471bd6a4-f9bc-4ca5-8753-2b63b0bc6780" />
    <TestEntry testId="cec49248-de8e-4828-a97d-6e4d7c68e02d" executionId="d94662c8-6f5a-4346-a1fc-27674151a7cc" testListId="471bd6a4-f9bc-4ca5-8753-2b63b0bc6780" />
    <TestEntry testId="db96d3c2-3b70-49c6-9334-ab010318420c" executionId="611a3dce-8b1a-4abd-9be1-53adf074349f" testListId="471bd6a4-f9bc-4ca5-8753-2b63b0bc6780" />
    <TestEntry testId="b13e6d42-480b-43fb-a6ed-02ced1ee3cf7" executionId="3213d14f-f477-4b57-b3d4-34d9dbb853ec" testListId="471bd6a4-f9bc-4ca5-8753-2b63b0bc6780" />
    <TestEntry testId="91493677-6a31-4fdb-9cb3-569fffd393b6" executionId="0637e8ab-49b2-4aa1-98ea-bf31a5cdf867" testListId="471bd6a4-f9bc-4ca5-8753-2b63b0bc6780" />
    <TestEntry testId="53e735e0-0ed4-4620-a5b2-a0902ff9eeae" executionId="a3b8ae47-7fcc-48fa-88f6-18de854b5dc5" testListId="471bd6a4-f9bc-4ca5-8753-2b63b0bc6780" />
    <TestEntry testId="ae76b782-edfc-498a-9e66-158e3829d78c" executionId="9d6091f7-1925-4888-a7d2-4386543d4b7f" testListId="471bd6a4-f9bc-4ca5-8753-2b63b0bc6780" />
    <TestEntry testId="83b0ffa0-a63c-4c37-8c5a-677cf5f2c942" executionId="30fbe72c-02a7-4248-8dd3-17217f414e6f" testListId="471bd6a4-f9bc-4ca5-8753-2b63b0bc6780" />
    <TestEntry testId="9c5455ae-de3c-4a4b-b6d3-2d67c6da3ab6" executionId="55ca33c3-455e-47ec-9f01-401a963a2c24" testListId="471bd6a4-f9bc-4ca5-8753-2b63b0bc6780" />
    <TestEntry testId="7f9db911-91aa-4d1c-989c-98a93832eaa6" executionId="c81c9d9e-8f82-461b-b71b-c87f9dcafe29" testListId="471bd6a4-f9bc-4ca5-8753-2b63b0bc6780" />
    <TestEntry testId="6dd4ed6a-efe7-4c9d-b77b-f8a0204ca261" executionId="009f669b-8231-42de-adb9-0347427c071b" testListId="471bd6a4-f9bc-4ca5-8753-2b63b0bc6780" />
    <TestEntry testId="5689c8a6-1b2b-424c-a944-a4458916de4f" executionId="764293e7-b396-493d-9b11-9d2e9b754f40" testListId="471bd6a4-f9bc-4ca5-8753-2b63b0bc6780" />
    <TestEntry testId="90a706b5-0c25-4fac-b3f9-cf3b6923286f" executionId="5a7e2a92-8049-4a1a-ab0c-5229f17b4573" testListId="471bd6a4-f9bc-4ca5-8753-2b63b0bc6780" />
    <TestEntry testId="e2bacfa5-95af-40f5-b32a-02a328333f89" executionId="d34ed3c2-d744-4007-adff-311bffda9872" testListId="471bd6a4-f9bc-4ca5-8753-2b63b0bc6780" />
    <TestEntry testId="04faf6ff-3154-452b-8eb7-49761a76c2cc" executionId="16d9296a-7f28-4fe6-a6ff-79413bd02e2d" testListId="471bd6a4-f9bc-4ca5-8753-2b63b0bc6780" />
    <TestEntry testId="595c67da-d33e-4d4d-a720-643707bcd674" executionId="c29c0cb1-49bd-43cb-81c4-0aabead8074a" testListId="471bd6a4-f9bc-4ca5-8753-2b63b0bc6780" />
    <TestEntry testId="018e8d1a-1bdc-4229-86e8-fe68783cb7b8" executionId="6649031a-d742-4395-9c6e-83efc156d83b" testListId="471bd6a4-f9bc-4ca5-8753-2b63b0bc6780" />
    <TestEntry testId="71e4236a-8020-4066-91fe-2a7e6eb18256" executionId="e2206ff4-765b-4c8f-a364-147557c92921" testListId="471bd6a4-f9bc-4ca5-8753-2b63b0bc6780" />
    <TestEntry testId="53fe344a-8d79-4abe-ac94-81798e594af5" executionId="813d530a-0cdf-4414-871e-f28f12dca0a7" testListId="471bd6a4-f9bc-4ca5-8753-2b63b0bc6780" />
    <TestEntry testId="f56649f5-13b0-4241-b56d-ec4e4046d46d" executionId="183ef738-443b-4baf-b957-b02c1bcdbff5" testListId="471bd6a4-f9bc-4ca5-8753-2b63b0bc6780" />
    <TestEntry testId="d9ab50cc-b63e-4d37-9413-dd6398ab28c5" executionId="214ab4d1-d6f5-4437-812c-9a389ba659cd" testListId="471bd6a4-f9bc-4ca5-8753-2b63b0bc6780" />
    <TestEntry testId="c1a8e3c5-91c5-4422-a6cd-461d1120f420" executionId="544792e1-9536-4b11-ac4b-27b8be7452a3" testListId="471bd6a4-f9bc-4ca5-8753-2b63b0bc6780" />
    <TestEntry testId="2eaa52a6-5251-4887-bcf6-62551ca79310" executionId="5534a8d2-92b4-45a1-87e2-c92078c9ed80" testListId="471bd6a4-f9bc-4ca5-8753-2b63b0bc6780" />
    <TestEntry testId="cf27db9f-5740-40c1-9022-8ff136d0bd51" executionId="a2765e1f-9783-49e2-9829-5a487dec7c71" testListId="471bd6a4-f9bc-4ca5-8753-2b63b0bc6780" />
    <TestEntry testId="9bb36283-1b56-40f2-b863-0716a1637f5d" executionId="eec33f74-f1bb-407f-a79b-545319d88aa1" testListId="471bd6a4-f9bc-4ca5-8753-2b63b0bc6780" />
    <TestEntry testId="4ab50253-5437-4bce-a08e-13e03839e258" executionId="10b35448-7bed-4287-9d6a-bc2dc990eb36" testListId="471bd6a4-f9bc-4ca5-8753-2b63b0bc6780" />
    <TestEntry testId="f516a1d5-0f76-4b4f-9031-a6beca31ed1d" executionId="28816f08-fa0e-4a92-bae1-6558b9d8e794" testListId="471bd6a4-f9bc-4ca5-8753-2b63b0bc6780" />
    <TestEntry testId="7923fb7d-40c6-429e-9a7a-75869854e857" executionId="31c5fb73-9841-437c-8654-cc5a77690637" testListId="471bd6a4-f9bc-4ca5-8753-2b63b0bc6780" />
    <TestEntry testId="5d4a5615-4117-4a3f-89b1-d4decdde1f81" executionId="d407e60b-2b23-488b-b26c-b05b41bf683f" testListId="471bd6a4-f9bc-4ca5-8753-2b63b0bc6780" />
    <TestEntry testId="04305936-7221-4f53-b870-cb26f2725d49" executionId="32b5e4d8-b439-47c6-b587-54b47a17125a" testListId="471bd6a4-f9bc-4ca5-8753-2b63b0bc6780" />
    <TestEntry testId="d21309b5-5336-4026-a206-3f49800e224e" executionId="f0c03ea5-54a0-4cc0-948a-55597ce2872d" testListId="471bd6a4-f9bc-4ca5-8753-2b63b0bc6780" />
    <TestEntry testId="da98ea2f-31bb-4516-84e4-998d097ae735" executionId="0627a734-9c5d-4438-9dab-3bf84c31ba2f" testListId="471bd6a4-f9bc-4ca5-8753-2b63b0bc6780" />
    <TestEntry testId="6d3ec4c2-6aa2-4ee3-979e-033c40c8a071" executionId="4cc9bcdf-786f-45e1-ba0a-bca71ab2fb1b" testListId="471bd6a4-f9bc-4ca5-8753-2b63b0bc6780" />
    <TestEntry testId="c6788cf0-d861-44ec-a0f5-459d08f41573" executionId="96a56302-33f2-494a-a459-32b1a9ab0c2e" testListId="471bd6a4-f9bc-4ca5-8753-2b63b0bc6780" />
    <TestEntry testId="e7a130ba-1521-4d56-80e8-db256956bc0b" executionId="8297e072-1723-4456-9f9c-5a16e6e05d98" testListId="471bd6a4-f9bc-4ca5-8753-2b63b0bc6780" />
    <TestEntry testId="62a1937f-5874-4607-a8e1-68dc6806a1bc" executionId="7e326a6f-211a-408b-8ca3-3fc49e926adf" testListId="471bd6a4-f9bc-4ca5-8753-2b63b0bc6780" />
    <TestEntry testId="c4f44ab7-9d93-473d-b838-7b98174d334a" executionId="e29d9fe2-7f7a-4729-b7d5-4fce37db498d" testListId="471bd6a4-f9bc-4ca5-8753-2b63b0bc6780" />
    <TestEntry testId="0882b586-7a25-4db1-934a-c72a660c4a37" executionId="7774bdfe-cc09-4313-8f3f-8b525f1d1ffc" testListId="471bd6a4-f9bc-4ca5-8753-2b63b0bc6780" />
    <TestEntry testId="c97dc464-1e96-4c66-87c8-fe45bd88f9a6" executionId="8f253661-32bd-4b1d-a6e8-71325d2c3815" testListId="471bd6a4-f9bc-4ca5-8753-2b63b0bc6780" />
    <TestEntry testId="e7237cda-c10e-41bf-ab01-51b4a2c34c94" executionId="54d09342-ae03-4a07-8ba1-a9ad19fdff65" testListId="471bd6a4-f9bc-4ca5-8753-2b63b0bc6780" />
    <TestEntry testId="8eb0485f-5d45-469d-9d07-df1dc44694f8" executionId="253c465a-0f21-420b-afb7-42217aefc35e" testListId="471bd6a4-f9bc-4ca5-8753-2b63b0bc6780" />
    <TestEntry testId="d9b58540-abac-41d4-90c8-1ca8f725ada8" executionId="91138e03-4ddb-4f05-bb9d-2427a2585434" testListId="471bd6a4-f9bc-4ca5-8753-2b63b0bc6780" />
    <TestEntry testId="7d415fd4-534b-4076-8c46-0adbcdbd0c9d" executionId="0a496bf0-9546-463d-b4f8-fc354dea985d" testListId="471bd6a4-f9bc-4ca5-8753-2b63b0bc6780" />
    <TestEntry testId="6581e0b0-06e1-470f-8c9b-b2af69d745fe" executionId="e1671d42-1d37-4363-a623-1e6b5152a574" testListId="471bd6a4-f9bc-4ca5-8753-2b63b0bc6780" />
    <TestEntry testId="e9ad9977-6705-4657-a4d8-f795f591870f" executionId="087aa3f0-bb13-4cfd-922b-9700b661f0d4" testListId="471bd6a4-f9bc-4ca5-8753-2b63b0bc6780" />
    <TestEntry testId="89d797af-9c7d-4ff1-92bf-7bf03a1e78d4" executionId="65b0bbd1-cc8c-4c71-9f72-a53567a1c86e" testListId="471bd6a4-f9bc-4ca5-8753-2b63b0bc6780" />
    <TestEntry testId="b01a99c2-4389-4b4a-8af2-98b84b3d8b38" executionId="e20b4466-28c8-4ab4-bad2-116dd846178e" testListId="471bd6a4-f9bc-4ca5-8753-2b63b0bc6780" />
    <TestEntry testId="36b25267-cb7a-4f8f-856d-0c02bfeae981" executionId="335961d9-67ff-4e8b-b271-2dcd5a6bb268" testListId="471bd6a4-f9bc-4ca5-8753-2b63b0bc6780" />
    <TestEntry testId="4d670ff4-73de-485c-9073-f78c527464d7" executionId="5c406109-0cd4-4a51-9645-b1c462abb592" testListId="471bd6a4-f9bc-4ca5-8753-2b63b0bc6780" />
    <TestEntry testId="5a1c94fd-ef56-49f1-936a-43e92c5ee1d6" executionId="b19aa685-8412-4a2a-ab81-f50d574a6bbb" testListId="471bd6a4-f9bc-4ca5-8753-2b63b0bc6780" />
    <TestEntry testId="77dc4892-7aed-4122-a93e-410d937cdff6" executionId="d3d856af-89d4-47d2-8f84-9a93f231f3da" testListId="471bd6a4-f9bc-4ca5-8753-2b63b0bc6780" />
    <TestEntry testId="61f43747-f52a-4c74-94d8-5b1e981428bb" executionId="1d18b95b-3261-49a3-b096-3d27b466fe2e" testListId="471bd6a4-f9bc-4ca5-8753-2b63b0bc6780" />
    <TestEntry testId="06d97fcb-6fe8-40a1-85ba-e8e85f29e0a8" executionId="b8dc774c-78d1-426a-88f5-510626c8c330" testListId="471bd6a4-f9bc-4ca5-8753-2b63b0bc6780" />
    <TestEntry testId="6f1582a5-78b3-46cf-b1b8-d1c6e921b838" executionId="a7ca9e16-a621-4822-94e2-59b798561744" testListId="471bd6a4-f9bc-4ca5-8753-2b63b0bc6780" />
    <TestEntry testId="1860ec2d-8c2a-4fcb-ad33-145b5bb648eb" executionId="268cf949-c1a7-4dec-9964-6441d22df394" testListId="471bd6a4-f9bc-4ca5-8753-2b63b0bc6780" />
    <TestEntry testId="c4ecb187-a606-4844-aef4-fdb136a40062" executionId="e3a02c4e-1c74-4de3-81ec-d0eeb647646c" testListId="471bd6a4-f9bc-4ca5-8753-2b63b0bc6780" />
    <TestEntry testId="c69783ae-a7e2-43d8-8840-6fae35d04f20" executionId="2424cb44-6f74-43b2-a4d1-447959d52d50" testListId="471bd6a4-f9bc-4ca5-8753-2b63b0bc6780" />
    <TestEntry testId="56801525-e0b5-4cd8-a8c6-1dba27f2617a" executionId="6c98e739-b408-4790-aabe-443466d8d419" testListId="471bd6a4-f9bc-4ca5-8753-2b63b0bc6780" />
    <TestEntry testId="23bd26c0-269d-4b3c-a953-6154f8554d95" executionId="6b7e25a0-7e39-480e-89d3-219e7b494f1d" testListId="471bd6a4-f9bc-4ca5-8753-2b63b0bc6780" />
    <TestEntry testId="2cc08a93-16b5-4ea7-ac51-bd739a567763" executionId="febff823-3518-4b9f-8961-2d6d447c9e4b" testListId="471bd6a4-f9bc-4ca5-8753-2b63b0bc6780" />
    <TestEntry testId="4f6693c3-8cfc-4982-85a2-b507cec4a926" executionId="042f5590-872f-430e-a1c1-76852dd86fc4" testListId="471bd6a4-f9bc-4ca5-8753-2b63b0bc6780" />
    <TestEntry testId="3a396a62-4546-4070-843a-65911bd5c064" executionId="e07c200e-6172-4da2-8f35-0f8e6f9e1577" testListId="471bd6a4-f9bc-4ca5-8753-2b63b0bc6780" />
    <TestEntry testId="82caef0d-1cb2-45da-a09c-8ddb2b74f20f" executionId="f0cd71f1-8bd1-4c22-96f1-c9f9aad1a8bf" testListId="471bd6a4-f9bc-4ca5-8753-2b63b0bc6780" />
    <TestEntry testId="f15ec723-7e55-49b0-b678-ac7d063c6d75" executionId="b67ec614-34bf-4fa4-b982-bb28ee86f1bd" testListId="471bd6a4-f9bc-4ca5-8753-2b63b0bc6780" />
    <TestEntry testId="7ea3f689-ed3d-4e32-8473-f36484fb14b2" executionId="5521c23d-c2aa-4cdd-93b5-04249b6cebf7" testListId="471bd6a4-f9bc-4ca5-8753-2b63b0bc6780" />
    <TestEntry testId="05763686-8f85-4372-992a-606f644803be" executionId="f0e527fb-3fc3-4e6b-a36d-52697aaed91f" testListId="471bd6a4-f9bc-4ca5-8753-2b63b0bc6780" />
    <TestEntry testId="f8425585-42b9-4fb9-b5fc-1ace7be64166" executionId="c723a5d7-a4bc-4d0f-ba2f-579d11dd763a" testListId="471bd6a4-f9bc-4ca5-8753-2b63b0bc6780" />
    <TestEntry testId="895f583b-42fa-422f-9a7e-4c0e25c29c16" executionId="faa3fc8e-fc27-4cdf-a10e-3feabcb5726a" testListId="471bd6a4-f9bc-4ca5-8753-2b63b0bc6780" />
    <TestEntry testId="125b8f75-0424-4312-9a02-ad0817ecfc8b" executionId="5ef98161-991c-47f1-9e74-05042d657800" testListId="471bd6a4-f9bc-4ca5-8753-2b63b0bc6780" />
    <TestEntry testId="0cc9f6a6-98e6-4fe2-a839-1c090c9031fd" executionId="c04a9e75-fcb5-4758-bd3d-01a7bf60b27a" testListId="471bd6a4-f9bc-4ca5-8753-2b63b0bc6780" />
    <TestEntry testId="2af85363-45b3-4067-a4d1-2969627a1412" executionId="cd069809-a8ad-41b0-9371-da5fe05a97e1" testListId="471bd6a4-f9bc-4ca5-8753-2b63b0bc6780" />
    <TestEntry testId="321d613b-8697-492f-9307-c70764abd334" executionId="2e8a77a1-f655-4ca5-8dec-866f0008b146" testListId="471bd6a4-f9bc-4ca5-8753-2b63b0bc6780" />
    <TestEntry testId="16fdd3bd-f5bb-485b-8f96-0eafaeb5121c" executionId="b368d179-5b3f-4997-86f9-fde8ee34cd26" testListId="471bd6a4-f9bc-4ca5-8753-2b63b0bc6780" />
    <TestEntry testId="30558274-a6fb-4ca3-8fc2-eef3035f4961" executionId="90e101cf-6223-4cbf-82dd-6941862fec8b" testListId="471bd6a4-f9bc-4ca5-8753-2b63b0bc6780" />
    <TestEntry testId="c6ff6de3-2e3d-4943-8d63-6d2dc6c619c3" executionId="01017efe-2b56-4df6-80a5-5b416a23cbd7" testListId="471bd6a4-f9bc-4ca5-8753-2b63b0bc6780" />
    <TestEntry testId="d0301c2b-d847-4365-8531-623084c316fc" executionId="a5ba452b-a8bd-4328-9f7a-4cac603dc67e" testListId="471bd6a4-f9bc-4ca5-8753-2b63b0bc6780" />
    <TestEntry testId="bdf54773-8d47-4fab-8668-9201069419ab" executionId="b25432d0-9a6c-4f22-8e7b-2a7e692e67f9" testListId="471bd6a4-f9bc-4ca5-8753-2b63b0bc6780" />
    <TestEntry testId="62abee56-8a80-4669-9bc9-ab25daf96009" executionId="07ea5df1-8c86-4a70-97bf-4269aaf20dd7" testListId="471bd6a4-f9bc-4ca5-8753-2b63b0bc6780" />
    <TestEntry testId="c054b297-bdec-40ad-a80c-777ab9937f4d" executionId="d7483fb0-80b4-4af5-b8c2-990df21974bc" testListId="471bd6a4-f9bc-4ca5-8753-2b63b0bc6780" />
    <TestEntry testId="2032a5e6-28ec-455e-aaf0-7e7b670b7bef" executionId="70abc7be-6aa3-49bf-ad60-8e3b69093172" testListId="471bd6a4-f9bc-4ca5-8753-2b63b0bc6780" />
    <TestEntry testId="12eed534-fca7-4029-97ac-8c37f7c33078" executionId="735083ba-25f3-4472-a9a6-73172a0a7e7b" testListId="471bd6a4-f9bc-4ca5-8753-2b63b0bc6780" />
    <TestEntry testId="56fb9952-44a0-4d9a-9ec2-557e71294e6f" executionId="32c42928-db44-4fce-bf43-f1547d5139ed" testListId="471bd6a4-f9bc-4ca5-8753-2b63b0bc6780" />
    <TestEntry testId="132df4d2-f09d-4870-b202-0288307af899" executionId="96b00b64-075d-407d-81f8-b8dede1413c9" testListId="471bd6a4-f9bc-4ca5-8753-2b63b0bc6780" />
    <TestEntry testId="300af8f5-c23c-4aa2-917c-6496b273485a" executionId="64309297-d64f-4372-8bf4-197cd6939ae7" testListId="471bd6a4-f9bc-4ca5-8753-2b63b0bc6780" />
    <TestEntry testId="854e4490-b81f-4716-8fb2-7127b096bdc5" executionId="f319da6e-a725-41fb-aafa-77ae8f782668" testListId="471bd6a4-f9bc-4ca5-8753-2b63b0bc6780" />
    <TestEntry testId="f170c92b-f65d-4c04-8d8d-1be56ee98e60" executionId="c9bc1b5e-8257-453e-af0f-6b65e91ccc84" testListId="471bd6a4-f9bc-4ca5-8753-2b63b0bc6780" />
    <TestEntry testId="4fb53f8c-965d-41d4-a425-714c71d04db4" executionId="26624d3a-1bf6-4ab4-9eb1-c133219a515a" testListId="471bd6a4-f9bc-4ca5-8753-2b63b0bc6780" />
    <TestEntry testId="8e0ef0c2-a1cd-4dfd-8902-e242b4d47e73" executionId="8356cd45-2d35-4227-8f6e-c659d99053cf" testListId="471bd6a4-f9bc-4ca5-8753-2b63b0bc6780" />
    <TestEntry testId="18c87d80-f760-4625-b66b-3ec1b9b74428" executionId="6854c076-a43a-463e-ad5b-a1d9a531f909" testListId="471bd6a4-f9bc-4ca5-8753-2b63b0bc6780" />
    <TestEntry testId="16b80204-7f96-4ca1-b54d-4b218bf5116c" executionId="23aa8061-104c-4dbb-aa09-c87854165ca4" testListId="471bd6a4-f9bc-4ca5-8753-2b63b0bc6780" />
    <TestEntry testId="e92ec8da-ccc5-40b5-bea7-ca198e393cbe" executionId="20a4c448-89ce-4be2-a274-4f7db690f771" testListId="471bd6a4-f9bc-4ca5-8753-2b63b0bc6780" />
    <TestEntry testId="d259ed5c-9c74-4471-ab04-278d948c8818" executionId="769d6e4b-a2ac-4246-bc3f-bd7731fc057e" testListId="471bd6a4-f9bc-4ca5-8753-2b63b0bc6780" />
    <TestEntry testId="805bd73c-0ed0-4604-97d8-000fbffa11ae" executionId="0c397c5f-14e9-4030-bf08-7681ad9a1de0" testListId="471bd6a4-f9bc-4ca5-8753-2b63b0bc6780" />
  </TestEntries>
  <TestLists>
    <TestList name="Results Not in a List" id="471bd6a4-f9bc-4ca5-8753-2b63b0bc6780" />
    <TestList name="All Loaded Results" id="fd981941-12bd-4de7-8956-1eb4f015bdd7" />
  </TestLists>
</TestRun>