<?xml version="1.0" encoding="UTF-8"?>
<TestRun id="8f539d47-1d3c-475b-8503-343c545dc721" name="Test Run 23" runUser="Oles Galatsan" xmlns="http://microsoft.com/schemas/VisualStudio/TeamTest/2010">
  <Times creation="2025-05-14T13:20:31.3125482Z" queuing="2025-05-14T13:20:31.3125482Z" start="2025-05-14T13:20:31.3146610Z" finish="2025-05-14T13:25:31.3147553Z" />
  <TestSettings name="Test Settings 23" id="ed235d34-1a8a-49e5-be3d-0eca75a2e6e7" />
  <Results>
    <UnitTestResult executionId="ae55c589-1a2c-4ed6-a8b9-fc357713d9c6" testId="d3cfd08a-10bc-42ad-a2fe-f4075be475f4" testName="Test2201" computerName="UA-LPT-OGA2" duration="00:00:01.2180000" startTime="2025-05-14T13:20:31.3146610Z" endTime="2025-05-14T13:25:31.3147553Z" testType="13cdc9d9-ddb5-4fa4-a97d-d965ccfc6d4b" outcome="Passed" testListId="965f3c63-c679-44b8-ad06-733fff8d9366" />
    <UnitTestResult executionId="f9a9933f-baa1-4f17-aa7e-af3a64fd2cf7" testId="c58d3902-c37e-42d4-aa5b-0f13c5c59cc3" testName="Test2202" computerName="UA-LPT-OGA2" duration="00:00:01.1440000" startTime="2025-05-14T13:20:31.3146610Z" endTime="2025-05-14T13:25:31.3147553Z" testType="13cdc9d9-ddb5-4fa4-a97d-d965ccfc6d4b" outcome="Passed" testListId="965f3c63-c679-44b8-ad06-733fff8d9366" />
    <UnitTestResult executionId="dbe51891-ab6e-4f5c-a876-de7bef2f73da" testId="0486ecc5-b1e7-4186-9e7b-2fe711f8acd8" testName="Test2203" computerName="UA-LPT-OGA2" duration="00:00:00.5860000" startTime="2025-05-14T13:20:31.3146610Z" endTime="2025-05-14T13:25:31.3147553Z" testType="13cdc9d9-ddb5-4fa4-a97d-d965ccfc6d4b" outcome="Failed" testListId="965f3c63-c679-44b8-ad06-733fff8d9366">
      <Output>
        <ErrorInfo>
          <Message>Assertion failed: Expected value did not match actual value.</Message>
          <StackTrace>   at TestNamespace.TestClass.Test() in TestClass.cs:line 168</StackTrace>
        </ErrorInfo>
      </Output>
    </UnitTestResult>
    <UnitTestResult executionId="a604b839-3687-4105-a255-d7b517968146" testId="7252021e-8421-45ff-9853-c690cb13f41b" testName="Test2204" computerName="UA-LPT-OGA2" duration="00:00:01.1290000" startTime="2025-05-14T13:20:31.3146610Z" endTime="2025-05-14T13:25:31.3147553Z" testType="13cdc9d9-ddb5-4fa4-a97d-d965ccfc6d4b" outcome="Passed" testListId="965f3c63-c679-44b8-ad06-733fff8d9366" />
    <UnitTestResult executionId="1a792f53-bfb0-4981-8721-76eb9aed7ebe" testId="4d48a19c-1dcd-43dd-a056-4c2c1a3539f5" testName="Test2205" computerName="UA-LPT-OGA2" duration="00:00:00.7500000" startTime="2025-05-14T13:20:31.3146610Z" endTime="2025-05-14T13:25:31.3147553Z" testType="13cdc9d9-ddb5-4fa4-a97d-d965ccfc6d4b" outcome="Passed" testListId="965f3c63-c679-44b8-ad06-733fff8d9366" />
    <UnitTestResult executionId="905598c7-af91-4298-9317-13b33fe62796" testId="ef162e4c-4e6c-4c10-96e3-382a8c749a70" testName="Test2206" computerName="UA-LPT-OGA2" duration="00:00:00.7720000" startTime="2025-05-14T13:20:31.3146610Z" endTime="2025-05-14T13:25:31.3147553Z" testType="13cdc9d9-ddb5-4fa4-a97d-d965ccfc6d4b" outcome="Passed" testListId="965f3c63-c679-44b8-ad06-733fff8d9366" />
    <UnitTestResult executionId="cba5f062-dcb5-47d0-9258-b36aae0575f9" testId="8a0ce551-1d72-460e-b368-4d600a45b873" testName="Test2207" computerName="UA-LPT-OGA2" duration="00:00:00.6150000" startTime="2025-05-14T13:20:31.3146610Z" endTime="2025-05-14T13:25:31.3147553Z" testType="13cdc9d9-ddb5-4fa4-a97d-d965ccfc6d4b" outcome="Passed" testListId="965f3c63-c679-44b8-ad06-733fff8d9366" />
    <UnitTestResult executionId="61ddc8fe-7dea-4d21-a7f1-8dc0f64665b2" testId="8fb8fa41-bd24-4b3e-92eb-31714d454631" testName="Test2208" computerName="UA-LPT-OGA2" duration="00:00:00.0420000" startTime="2025-05-14T13:20:31.3146610Z" endTime="2025-05-14T13:25:31.3147553Z" testType="13cdc9d9-ddb5-4fa4-a97d-d965ccfc6d4b" outcome="Passed" testListId="965f3c63-c679-44b8-ad06-733fff8d9366" />
    <UnitTestResult executionId="5804cbc3-ddd5-4b93-a724-c2442a0cc5fe" testId="1cfac949-23d8-4fb2-9206-0c069fade56b" testName="Test2209" computerName="UA-LPT-OGA2" duration="00:00:01.0260000" startTime="2025-05-14T13:20:31.3146610Z" endTime="2025-05-14T13:25:31.3147553Z" testType="13cdc9d9-ddb5-4fa4-a97d-d965ccfc6d4b" outcome="Passed" testListId="965f3c63-c679-44b8-ad06-733fff8d9366" />
    <UnitTestResult executionId="17782beb-d4e6-4f21-a7ba-2366a13d5840" testId="01b8af19-05e5-4ad0-ac9c-ba7490faa1d1" testName="Test2210" computerName="UA-LPT-OGA2" duration="00:00:00.7270000" startTime="2025-05-14T13:20:31.3146610Z" endTime="2025-05-14T13:25:31.3147553Z" testType="13cdc9d9-ddb5-4fa4-a97d-d965ccfc6d4b" outcome="Passed" testListId="965f3c63-c679-44b8-ad06-733fff8d9366" />
    <UnitTestResult executionId="50204076-1690-4d9b-be57-0b3c173403a6" testId="9f5e55e6-9ae4-45a8-af10-5734ac7adc71" testName="Test2211" computerName="UA-LPT-OGA2" duration="00:00:01.7320000" startTime="2025-05-14T13:20:31.3146610Z" endTime="2025-05-14T13:25:31.3147553Z" testType="13cdc9d9-ddb5-4fa4-a97d-d965ccfc6d4b" outcome="Passed" testListId="965f3c63-c679-44b8-ad06-733fff8d9366" />
    <UnitTestResult executionId="1bf20cfa-d812-405e-b04b-966fcb6fdc9a" testId="89325252-b076-4268-ae87-865b45bc565b" testName="Test2212" computerName="UA-LPT-OGA2" duration="00:00:01.3700000" startTime="2025-05-14T13:20:31.3146610Z" endTime="2025-05-14T13:25:31.3147553Z" testType="13cdc9d9-ddb5-4fa4-a97d-d965ccfc6d4b" outcome="Passed" testListId="965f3c63-c679-44b8-ad06-733fff8d9366" />
    <UnitTestResult executionId="73218b25-be10-4e06-81e2-45c3420db900" testId="3d7a5300-1c07-4011-b83c-ebf43e05d3ab" testName="Test2213" computerName="UA-LPT-OGA2" duration="00:00:01.9860000" startTime="2025-05-14T13:20:31.3146610Z" endTime="2025-05-14T13:25:31.3147553Z" testType="13cdc9d9-ddb5-4fa4-a97d-d965ccfc6d4b" outcome="Passed" testListId="965f3c63-c679-44b8-ad06-733fff8d9366" />
    <UnitTestResult executionId="35a409ff-8eba-4b58-82b5-257911a9ce20" testId="bc82787f-839f-432e-9190-697d1574b03e" testName="Test2214" computerName="UA-LPT-OGA2" duration="00:00:00.6710000" startTime="2025-05-14T13:20:31.3146610Z" endTime="2025-05-14T13:25:31.3147553Z" testType="13cdc9d9-ddb5-4fa4-a97d-d965ccfc6d4b" outcome="Passed" testListId="965f3c63-c679-44b8-ad06-733fff8d9366" />
    <UnitTestResult executionId="6388bbfa-63d4-4955-987f-ad2da54f57c6" testId="b63ad60b-846f-4757-8dd0-514101738e34" testName="Test2215" computerName="UA-LPT-OGA2" duration="00:00:00.8690000" startTime="2025-05-14T13:20:31.3146610Z" endTime="2025-05-14T13:25:31.3147553Z" testType="13cdc9d9-ddb5-4fa4-a97d-d965ccfc6d4b" outcome="Passed" testListId="965f3c63-c679-44b8-ad06-733fff8d9366" />
    <UnitTestResult executionId="62574f02-e7c3-477c-8afa-ced2309b4a11" testId="ef33236e-2b4e-44d8-acc1-d6415490ca9f" testName="Test2216" computerName="UA-LPT-OGA2" duration="00:00:00.3410000" startTime="2025-05-14T13:20:31.3146610Z" endTime="2025-05-14T13:25:31.3147553Z" testType="13cdc9d9-ddb5-4fa4-a97d-d965ccfc6d4b" outcome="Passed" testListId="965f3c63-c679-44b8-ad06-733fff8d9366" />
    <UnitTestResult executionId="e961fadd-b0fe-481d-92f6-3eb565036ed3" testId="06b8da07-c3d6-4fff-b1b0-e579f0c367b3" testName="Test2217" computerName="UA-LPT-OGA2" duration="00:00:01.2660000" startTime="2025-05-14T13:20:31.3146610Z" endTime="2025-05-14T13:25:31.3147553Z" testType="13cdc9d9-ddb5-4fa4-a97d-d965ccfc6d4b" outcome="Passed" testListId="965f3c63-c679-44b8-ad06-733fff8d9366" />
    <UnitTestResult executionId="9e35c5f4-94e9-4e93-ae54-a3aace2cdf78" testId="6f9c2d3c-e07d-4671-820a-18d1bb86ed44" testName="Test2218" computerName="UA-LPT-OGA2" duration="00:00:00.7980000" startTime="2025-05-14T13:20:31.3146610Z" endTime="2025-05-14T13:25:31.3147553Z" testType="13cdc9d9-ddb5-4fa4-a97d-d965ccfc6d4b" outcome="Passed" testListId="965f3c63-c679-44b8-ad06-733fff8d9366" />
    <UnitTestResult executionId="00ff6e60-fb00-4923-b056-c7aaa6b9b519" testId="06e24046-d311-4913-a9ee-59e3af114321" testName="Test2219" computerName="UA-LPT-OGA2" duration="00:00:00.5490000" startTime="2025-05-14T13:20:31.3146610Z" endTime="2025-05-14T13:25:31.3147553Z" testType="13cdc9d9-ddb5-4fa4-a97d-d965ccfc6d4b" outcome="Passed" testListId="965f3c63-c679-44b8-ad06-733fff8d9366" />
    <UnitTestResult executionId="b0efccc3-f6ec-40cc-a691-3eb50e9d8cfc" testId="c85c16c7-50f2-4ccc-ad62-623196517af5" testName="Test2220" computerName="UA-LPT-OGA2" duration="00:00:01.3700000" startTime="2025-05-14T13:20:31.3146610Z" endTime="2025-05-14T13:25:31.3147553Z" testType="13cdc9d9-ddb5-4fa4-a97d-d965ccfc6d4b" outcome="Passed" testListId="965f3c63-c679-44b8-ad06-733fff8d9366" />
    <UnitTestResult executionId="4c5e497c-94a3-4005-b658-8e46cead8850" testId="2fe03555-c139-4c83-a0a2-8f00569e70f2" testName="Test2221" computerName="UA-LPT-OGA2" duration="00:00:00.5410000" startTime="2025-05-14T13:20:31.3146610Z" endTime="2025-05-14T13:25:31.3147553Z" testType="13cdc9d9-ddb5-4fa4-a97d-d965ccfc6d4b" outcome="Passed" testListId="965f3c63-c679-44b8-ad06-733fff8d9366" />
    <UnitTestResult executionId="288ebcc9-a62b-46d5-bfe7-d7dc092be7e0" testId="b5acfaf3-a10f-4e5f-8d51-c448585efab2" testName="Test2222" computerName="UA-LPT-OGA2" duration="00:00:01.2430000" startTime="2025-05-14T13:20:31.3146610Z" endTime="2025-05-14T13:25:31.3147553Z" testType="13cdc9d9-ddb5-4fa4-a97d-d965ccfc6d4b" outcome="Passed" testListId="965f3c63-c679-44b8-ad06-733fff8d9366" />
    <UnitTestResult executionId="fa7fd45e-d988-4e49-a5ae-1d74d28681d8" testId="4aee7a1a-b047-4cbb-b56f-4894b378b49a" testName="Test2223" computerName="UA-LPT-OGA2" duration="00:00:01.0240000" startTime="2025-05-14T13:20:31.3146610Z" endTime="2025-05-14T13:25:31.3147553Z" testType="13cdc9d9-ddb5-4fa4-a97d-d965ccfc6d4b" outcome="Passed" testListId="965f3c63-c679-44b8-ad06-733fff8d9366" />
    <UnitTestResult executionId="06a069fd-766a-4460-b3f5-63ec02eef925" testId="e90ff15f-7d35-4ccb-b357-494f2a2215c3" testName="Test2224" computerName="UA-LPT-OGA2" duration="00:00:00.3740000" startTime="2025-05-14T13:20:31.3146610Z" endTime="2025-05-14T13:25:31.3147553Z" testType="13cdc9d9-ddb5-4fa4-a97d-d965ccfc6d4b" outcome="Passed" testListId="965f3c63-c679-44b8-ad06-733fff8d9366" />
    <UnitTestResult executionId="70ee03c7-d77e-45cc-b7d6-51044d7fd642" testId="cd6179d3-fa8d-44b1-92bd-a87a688cd86e" testName="Test2225" computerName="UA-LPT-OGA2" duration="00:00:01.7200000" startTime="2025-05-14T13:20:31.3146610Z" endTime="2025-05-14T13:25:31.3147553Z" testType="13cdc9d9-ddb5-4fa4-a97d-d965ccfc6d4b" outcome="Passed" testListId="965f3c63-c679-44b8-ad06-733fff8d9366" />
    <UnitTestResult executionId="d1fd4f7d-f24a-453c-8a25-703df65be830" testId="8d37f2ab-dd7d-4552-80ec-0c43e835b421" testName="Test2226" computerName="UA-LPT-OGA2" duration="00:00:00.1990000" startTime="2025-05-14T13:20:31.3146610Z" endTime="2025-05-14T13:25:31.3147553Z" testType="13cdc9d9-ddb5-4fa4-a97d-d965ccfc6d4b" outcome="Passed" testListId="965f3c63-c679-44b8-ad06-733fff8d9366" />
    <UnitTestResult executionId="0a540669-5e39-44e6-bf03-018efd71f98c" testId="24432c1e-6a8f-4810-a01c-e0a1bd4afcde" testName="Test2227" computerName="UA-LPT-OGA2" duration="00:00:01.5590000" startTime="2025-05-14T13:20:31.3146610Z" endTime="2025-05-14T13:25:31.3147553Z" testType="13cdc9d9-ddb5-4fa4-a97d-d965ccfc6d4b" outcome="Passed" testListId="965f3c63-c679-44b8-ad06-733fff8d9366" />
    <UnitTestResult executionId="df84cc5e-8a5f-4d28-b5f2-dfbc1003c5f4" testId="b6d8cadc-0f98-4bd1-be59-f831406d2eca" testName="Test2228" computerName="UA-LPT-OGA2" duration="00:00:01.5860000" startTime="2025-05-14T13:20:31.3146610Z" endTime="2025-05-14T13:25:31.3147553Z" testType="13cdc9d9-ddb5-4fa4-a97d-d965ccfc6d4b" outcome="Passed" testListId="965f3c63-c679-44b8-ad06-733fff8d9366" />
    <UnitTestResult executionId="cb50dc93-f295-4e0a-bac0-78878530c27c" testId="13898fc3-fb6d-4140-b7e1-c98f1d5c8969" testName="Test2229" computerName="UA-LPT-OGA2" duration="00:00:00.7850000" startTime="2025-05-14T13:20:31.3146610Z" endTime="2025-05-14T13:25:31.3147553Z" testType="13cdc9d9-ddb5-4fa4-a97d-d965ccfc6d4b" outcome="Passed" testListId="965f3c63-c679-44b8-ad06-733fff8d9366" />
    <UnitTestResult executionId="a30212b1-d5b4-468b-bed1-34c25e5b2884" testId="e20d12ba-5f7a-4682-9191-af201f2442f3" testName="Test2230" computerName="UA-LPT-OGA2" duration="00:00:01.8980000" startTime="2025-05-14T13:20:31.3146610Z" endTime="2025-05-14T13:25:31.3147553Z" testType="13cdc9d9-ddb5-4fa4-a97d-d965ccfc6d4b" outcome="Passed" testListId="965f3c63-c679-44b8-ad06-733fff8d9366" />
    <UnitTestResult executionId="edb22767-b751-4be7-8692-d8e9efb9055f" testId="343dc301-456b-405f-9850-aae61f6f2705" testName="Test2231" computerName="UA-LPT-OGA2" duration="00:00:01.0140000" startTime="2025-05-14T13:20:31.3146610Z" endTime="2025-05-14T13:25:31.3147553Z" testType="13cdc9d9-ddb5-4fa4-a97d-d965ccfc6d4b" outcome="Passed" testListId="965f3c63-c679-44b8-ad06-733fff8d9366" />
    <UnitTestResult executionId="8a413590-d172-43bf-8165-907e68f14fbc" testId="90bd2118-b03f-4b2d-9524-1bbf5737da53" testName="Test2232" computerName="UA-LPT-OGA2" duration="00:00:01.2040000" startTime="2025-05-14T13:20:31.3146610Z" endTime="2025-05-14T13:25:31.3147553Z" testType="13cdc9d9-ddb5-4fa4-a97d-d965ccfc6d4b" outcome="Passed" testListId="965f3c63-c679-44b8-ad06-733fff8d9366" />
    <UnitTestResult executionId="50209273-a465-443c-8a1e-57fcb9ffaa66" testId="9a9e17cf-9cbf-435f-9dfd-dffeddac355d" testName="Test2233" computerName="UA-LPT-OGA2" duration="00:00:01.1720000" startTime="2025-05-14T13:20:31.3146610Z" endTime="2025-05-14T13:25:31.3147553Z" testType="13cdc9d9-ddb5-4fa4-a97d-d965ccfc6d4b" outcome="Passed" testListId="965f3c63-c679-44b8-ad06-733fff8d9366" />
    <UnitTestResult executionId="12e0b670-5736-49a8-8dbd-37131bbfa09f" testId="c23ecebe-e4a6-4f18-afb0-adaf0bee9cec" testName="Test2234" computerName="UA-LPT-OGA2" duration="00:00:00.6440000" startTime="2025-05-14T13:20:31.3146610Z" endTime="2025-05-14T13:25:31.3147553Z" testType="13cdc9d9-ddb5-4fa4-a97d-d965ccfc6d4b" outcome="Passed" testListId="965f3c63-c679-44b8-ad06-733fff8d9366" />
    <UnitTestResult executionId="5f13c7e8-480e-4e0e-851d-3088f5a1861a" testId="de34152b-05ea-4f4b-baa9-a3fb7cb2d13b" testName="Test2235" computerName="UA-LPT-OGA2" duration="00:00:00.1900000" startTime="2025-05-14T13:20:31.3146610Z" endTime="2025-05-14T13:25:31.3147553Z" testType="13cdc9d9-ddb5-4fa4-a97d-d965ccfc6d4b" outcome="Passed" testListId="965f3c63-c679-44b8-ad06-733fff8d9366" />
    <UnitTestResult executionId="a7e1a0ac-abc3-446f-a441-61e741a9702c" testId="ff2fae3a-fe02-4a74-b395-828bba809872" testName="Test2236" computerName="UA-LPT-OGA2" duration="00:00:00.6670000" startTime="2025-05-14T13:20:31.3146610Z" endTime="2025-05-14T13:25:31.3147553Z" testType="13cdc9d9-ddb5-4fa4-a97d-d965ccfc6d4b" outcome="Passed" testListId="965f3c63-c679-44b8-ad06-733fff8d9366" />
    <UnitTestResult executionId="feb4a722-4d93-47ba-809f-32a67e1bdec4" testId="3dbd677c-bfc8-4a65-949d-4f0b0a352cae" testName="Test2237" computerName="UA-LPT-OGA2" duration="00:00:01.4820000" startTime="2025-05-14T13:20:31.3146610Z" endTime="2025-05-14T13:25:31.3147553Z" testType="13cdc9d9-ddb5-4fa4-a97d-d965ccfc6d4b" outcome="Passed" testListId="965f3c63-c679-44b8-ad06-733fff8d9366" />
    <UnitTestResult executionId="98389049-bccd-4ab2-8f24-899ece865526" testId="b3ad8472-37d8-4278-8dbc-904a29b486c7" testName="Test2238" computerName="UA-LPT-OGA2" duration="00:00:00.0100000" startTime="2025-05-14T13:20:31.3146610Z" endTime="2025-05-14T13:25:31.3147553Z" testType="13cdc9d9-ddb5-4fa4-a97d-d965ccfc6d4b" outcome="Passed" testListId="965f3c63-c679-44b8-ad06-733fff8d9366" />
    <UnitTestResult executionId="31edfeb7-9ce2-4b65-bdaf-a24db93f630a" testId="c1c65bc6-4f14-4e34-85c0-c75e58fc8a9c" testName="Test2239" computerName="UA-LPT-OGA2" duration="00:00:00.8930000" startTime="2025-05-14T13:20:31.3146610Z" endTime="2025-05-14T13:25:31.3147553Z" testType="13cdc9d9-ddb5-4fa4-a97d-d965ccfc6d4b" outcome="Passed" testListId="965f3c63-c679-44b8-ad06-733fff8d9366" />
    <UnitTestResult executionId="351ecba4-a96d-49aa-a634-456214448ca0" testId="c7a9f629-e2e3-44c9-93f9-bf61ff679084" testName="Test2240" computerName="UA-LPT-OGA2" duration="00:00:01.7630000" startTime="2025-05-14T13:20:31.3146610Z" endTime="2025-05-14T13:25:31.3147553Z" testType="13cdc9d9-ddb5-4fa4-a97d-d965ccfc6d4b" outcome="Passed" testListId="965f3c63-c679-44b8-ad06-733fff8d9366" />
    <UnitTestResult executionId="e729b5b2-bfd2-4327-87e9-ea1b5e62159a" testId="973076be-7f88-4a4a-9042-1698ef652e88" testName="Test2241" computerName="UA-LPT-OGA2" duration="00:00:00.8240000" startTime="2025-05-14T13:20:31.3146610Z" endTime="2025-05-14T13:25:31.3147553Z" testType="13cdc9d9-ddb5-4fa4-a97d-d965ccfc6d4b" outcome="Passed" testListId="965f3c63-c679-44b8-ad06-733fff8d9366" />
    <UnitTestResult executionId="e63a4c48-1aeb-4bf0-a328-1cfa57d508b9" testId="f880dbe9-37da-4e05-b674-15972ea8d72e" testName="Test2242" computerName="UA-LPT-OGA2" duration="00:00:00.2620000" startTime="2025-05-14T13:20:31.3146610Z" endTime="2025-05-14T13:25:31.3147553Z" testType="13cdc9d9-ddb5-4fa4-a97d-d965ccfc6d4b" outcome="Failed" testListId="965f3c63-c679-44b8-ad06-733fff8d9366">
      <Output>
        <ErrorInfo>
          <Message>Assertion failed: Expected value did not match actual value.</Message>
          <StackTrace>   at TestNamespace.TestClass.Test() in TestClass.cs:line 467</StackTrace>
        </ErrorInfo>
      </Output>
    </UnitTestResult>
    <UnitTestResult executionId="e66f8ab1-73a7-4b51-9171-a8ba17baabc6" testId="64376572-fb79-4d1d-8710-d776da0f150d" testName="Test2243" computerName="UA-LPT-OGA2" duration="00:00:00.7770000" startTime="2025-05-14T13:20:31.3146610Z" endTime="2025-05-14T13:25:31.3147553Z" testType="13cdc9d9-ddb5-4fa4-a97d-d965ccfc6d4b" outcome="Passed" testListId="965f3c63-c679-44b8-ad06-733fff8d9366" />
    <UnitTestResult executionId="89abe6e2-1c50-4700-a7d3-8e20986eb135" testId="cfbab53e-b177-4f14-ae43-bda3ad21c13a" testName="Test2244" computerName="UA-LPT-OGA2" duration="00:00:00.5720000" startTime="2025-05-14T13:20:31.3146610Z" endTime="2025-05-14T13:25:31.3147553Z" testType="13cdc9d9-ddb5-4fa4-a97d-d965ccfc6d4b" outcome="Passed" testListId="965f3c63-c679-44b8-ad06-733fff8d9366" />
    <UnitTestResult executionId="9d2cb3a9-7b5e-443e-a114-4d73864bf6f0" testId="b7c2560b-ab49-41fc-951c-762e8a2d702f" testName="Test2245" computerName="UA-LPT-OGA2" duration="00:00:00.9330000" startTime="2025-05-14T13:20:31.3146610Z" endTime="2025-05-14T13:25:31.3147553Z" testType="13cdc9d9-ddb5-4fa4-a97d-d965ccfc6d4b" outcome="Failed" testListId="965f3c63-c679-44b8-ad06-733fff8d9366">
      <Output>
        <ErrorInfo>
          <Message>Assertion failed: Expected value did not match actual value.</Message>
          <StackTrace>   at TestNamespace.TestClass.Test() in TestClass.cs:line 20</StackTrace>
        </ErrorInfo>
      </Output>
    </UnitTestResult>
    <UnitTestResult executionId="2ba99406-050b-4f1d-aea7-f9a7aff42914" testId="90302f3c-2d6d-40d1-8150-6b958b5bee1d" testName="Test2246" computerName="UA-LPT-OGA2" duration="00:00:01.5340000" startTime="2025-05-14T13:20:31.3146610Z" endTime="2025-05-14T13:25:31.3147553Z" testType="13cdc9d9-ddb5-4fa4-a97d-d965ccfc6d4b" outcome="Passed" testListId="965f3c63-c679-44b8-ad06-733fff8d9366" />
    <UnitTestResult executionId="655196b0-6b58-48db-87ec-1ffad4d511e6" testId="ac7c3908-f2a7-40f1-a87b-a5fae6d5442c" testName="Test2247" computerName="UA-LPT-OGA2" duration="00:00:01.7820000" startTime="2025-05-14T13:20:31.3146610Z" endTime="2025-05-14T13:25:31.3147553Z" testType="13cdc9d9-ddb5-4fa4-a97d-d965ccfc6d4b" outcome="Passed" testListId="965f3c63-c679-44b8-ad06-733fff8d9366" />
    <UnitTestResult executionId="e04981dd-2bf4-4e49-9884-9b971e92f9ab" testId="b13170d8-34e6-4157-a5c0-78d25a287b2b" testName="Test2248" computerName="UA-LPT-OGA2" duration="00:00:00.0700000" startTime="2025-05-14T13:20:31.3146610Z" endTime="2025-05-14T13:25:31.3147553Z" testType="13cdc9d9-ddb5-4fa4-a97d-d965ccfc6d4b" outcome="Passed" testListId="965f3c63-c679-44b8-ad06-733fff8d9366" />
    <UnitTestResult executionId="13ea1a1f-636a-454a-acc1-d040c643ba54" testId="8ce18166-a1ea-4c85-8844-805c767bc50d" testName="Test2249" computerName="UA-LPT-OGA2" duration="00:00:00.1440000" startTime="2025-05-14T13:20:31.3146610Z" endTime="2025-05-14T13:25:31.3147553Z" testType="13cdc9d9-ddb5-4fa4-a97d-d965ccfc6d4b" outcome="Passed" testListId="965f3c63-c679-44b8-ad06-733fff8d9366" />
    <UnitTestResult executionId="918b4285-213c-47da-9300-cde308e9fb80" testId="0490b723-6eed-4b2b-ab7a-d8485aed768f" testName="Test2250" computerName="UA-LPT-OGA2" duration="00:00:00.0420000" startTime="2025-05-14T13:20:31.3146610Z" endTime="2025-05-14T13:25:31.3147553Z" testType="13cdc9d9-ddb5-4fa4-a97d-d965ccfc6d4b" outcome="Inconclusive" testListId="965f3c63-c679-44b8-ad06-733fff8d9366" />
    <UnitTestResult executionId="ca89c350-9827-43a7-bc08-9d9533874875" testId="d27b0013-6dec-4daf-96b0-b94f6423db56" testName="Test2251" computerName="UA-LPT-OGA2" duration="00:00:01.3290000" startTime="2025-05-14T13:20:31.3146610Z" endTime="2025-05-14T13:25:31.3147553Z" testType="13cdc9d9-ddb5-4fa4-a97d-d965ccfc6d4b" outcome="Passed" testListId="965f3c63-c679-44b8-ad06-733fff8d9366" />
    <UnitTestResult executionId="21410601-88ca-46a5-952d-f646b43fae1c" testId="7bc314a1-3037-49d8-8a26-ddb0e0af1f05" testName="Test2252" computerName="UA-LPT-OGA2" duration="00:00:01.8040000" startTime="2025-05-14T13:20:31.3146610Z" endTime="2025-05-14T13:25:31.3147553Z" testType="13cdc9d9-ddb5-4fa4-a97d-d965ccfc6d4b" outcome="Passed" testListId="965f3c63-c679-44b8-ad06-733fff8d9366" />
    <UnitTestResult executionId="786ad771-d3dc-4e42-aa88-d60a77d9bc37" testId="7e83e831-e4f9-4f3f-9376-3e0c72976e96" testName="Test2253" computerName="UA-LPT-OGA2" duration="00:00:01.0180000" startTime="2025-05-14T13:20:31.3146610Z" endTime="2025-05-14T13:25:31.3147553Z" testType="13cdc9d9-ddb5-4fa4-a97d-d965ccfc6d4b" outcome="Passed" testListId="965f3c63-c679-44b8-ad06-733fff8d9366" />
    <UnitTestResult executionId="f302e186-c569-49aa-81ce-d5d0e423e5a3" testId="a6ae34a5-3a8f-4d55-8cbb-e99a68a38df7" testName="Test2254" computerName="UA-LPT-OGA2" duration="00:00:01.9480000" startTime="2025-05-14T13:20:31.3146610Z" endTime="2025-05-14T13:25:31.3147553Z" testType="13cdc9d9-ddb5-4fa4-a97d-d965ccfc6d4b" outcome="Passed" testListId="965f3c63-c679-44b8-ad06-733fff8d9366" />
    <UnitTestResult executionId="323b1b4c-fb67-4753-a1b6-42ceabafa942" testId="4920a7b7-01be-413a-bb05-12eabc036e9b" testName="Test2255" computerName="UA-LPT-OGA2" duration="00:00:00.8180000" startTime="2025-05-14T13:20:31.3146610Z" endTime="2025-05-14T13:25:31.3147553Z" testType="13cdc9d9-ddb5-4fa4-a97d-d965ccfc6d4b" outcome="Passed" testListId="965f3c63-c679-44b8-ad06-733fff8d9366" />
    <UnitTestResult executionId="3eb3feed-d7b3-48ad-9fa0-124d734ead75" testId="4c6b02cd-862d-491d-b535-905c2a645f1c" testName="Test2256" computerName="UA-LPT-OGA2" duration="00:00:01.8760000" startTime="2025-05-14T13:20:31.3146610Z" endTime="2025-05-14T13:25:31.3147553Z" testType="13cdc9d9-ddb5-4fa4-a97d-d965ccfc6d4b" outcome="Passed" testListId="965f3c63-c679-44b8-ad06-733fff8d9366" />
    <UnitTestResult executionId="12f84d63-f7f4-4d3c-a79f-62c2921c15ff" testId="2fe191c9-f415-4de8-b441-9ea911ca7dd2" testName="Test2257" computerName="UA-LPT-OGA2" duration="00:00:01.2600000" startTime="2025-05-14T13:20:31.3146610Z" endTime="2025-05-14T13:25:31.3147553Z" testType="13cdc9d9-ddb5-4fa4-a97d-d965ccfc6d4b" outcome="Passed" testListId="965f3c63-c679-44b8-ad06-733fff8d9366" />
    <UnitTestResult executionId="b0a69118-4802-4748-a4a0-009d1d50bb63" testId="f7d9ab3f-1c5f-4b2a-925d-81847ee24178" testName="Test2258" computerName="UA-LPT-OGA2" duration="00:00:01.5900000" startTime="2025-05-14T13:20:31.3146610Z" endTime="2025-05-14T13:25:31.3147553Z" testType="13cdc9d9-ddb5-4fa4-a97d-d965ccfc6d4b" outcome="Passed" testListId="965f3c63-c679-44b8-ad06-733fff8d9366" />
    <UnitTestResult executionId="00cdfc4a-c957-4d47-8f69-b801d5997891" testId="ea9835bc-c0c3-4ad0-9436-f802261105ec" testName="Test2259" computerName="UA-LPT-OGA2" duration="00:00:00.3160000" startTime="2025-05-14T13:20:31.3146610Z" endTime="2025-05-14T13:25:31.3147553Z" testType="13cdc9d9-ddb5-4fa4-a97d-d965ccfc6d4b" outcome="Failed" testListId="965f3c63-c679-44b8-ad06-733fff8d9366">
      <Output>
        <ErrorInfo>
          <Message>Assertion failed: Expected value did not match actual value.</Message>
          <StackTrace>   at TestNamespace.TestClass.Test() in TestClass.cs:line 189</StackTrace>
        </ErrorInfo>
      </Output>
    </UnitTestResult>
    <UnitTestResult executionId="7f93446b-ac97-4b49-bf3b-142f50580021" testId="d397ed39-fe22-4cbb-9caa-3a40ebaf8804" testName="Test2260" computerName="UA-LPT-OGA2" duration="00:00:01.1720000" startTime="2025-05-14T13:20:31.3146610Z" endTime="2025-05-14T13:25:31.3147553Z" testType="13cdc9d9-ddb5-4fa4-a97d-d965ccfc6d4b" outcome="Passed" testListId="965f3c63-c679-44b8-ad06-733fff8d9366" />
    <UnitTestResult executionId="b71c56b4-db3d-4ae9-8144-666cd5dc7770" testId="0e68a338-0221-4557-a949-ec2e0f9fbd1f" testName="Test2261" computerName="UA-LPT-OGA2" duration="00:00:01.2070000" startTime="2025-05-14T13:20:31.3146610Z" endTime="2025-05-14T13:25:31.3147553Z" testType="13cdc9d9-ddb5-4fa4-a97d-d965ccfc6d4b" outcome="Passed" testListId="965f3c63-c679-44b8-ad06-733fff8d9366" />
    <UnitTestResult executionId="1489391e-11d0-4bbd-99dc-70373b017b95" testId="2d5dfdab-f00f-466d-b184-eacd6fa9f55b" testName="Test2262" computerName="UA-LPT-OGA2" duration="00:00:00.6390000" startTime="2025-05-14T13:20:31.3146610Z" endTime="2025-05-14T13:25:31.3147553Z" testType="13cdc9d9-ddb5-4fa4-a97d-d965ccfc6d4b" outcome="Passed" testListId="965f3c63-c679-44b8-ad06-733fff8d9366" />
    <UnitTestResult executionId="092f6ffe-e676-4123-b265-504cc47f06ba" testId="5d47c055-9aa7-4abb-ba37-aac2d2222b7a" testName="Test2263" computerName="UA-LPT-OGA2" duration="00:00:01.7640000" startTime="2025-05-14T13:20:31.3146610Z" endTime="2025-05-14T13:25:31.3147553Z" testType="13cdc9d9-ddb5-4fa4-a97d-d965ccfc6d4b" outcome="Passed" testListId="965f3c63-c679-44b8-ad06-733fff8d9366" />
    <UnitTestResult executionId="9daa0f95-0caa-4549-9b0f-abe319a09c0e" testId="ce4fe147-c6f3-49dc-b990-cf210fbce009" testName="Test2264" computerName="UA-LPT-OGA2" duration="00:00:01.5400000" startTime="2025-05-14T13:20:31.3146610Z" endTime="2025-05-14T13:25:31.3147553Z" testType="13cdc9d9-ddb5-4fa4-a97d-d965ccfc6d4b" outcome="Passed" testListId="965f3c63-c679-44b8-ad06-733fff8d9366" />
    <UnitTestResult executionId="5631d3c2-2bf4-427f-a89f-7185d7a2930f" testId="0ae9ec21-942b-46d3-bc4c-c00fb4e47937" testName="Test2265" computerName="UA-LPT-OGA2" duration="00:00:00.1430000" startTime="2025-05-14T13:20:31.3146610Z" endTime="2025-05-14T13:25:31.3147553Z" testType="13cdc9d9-ddb5-4fa4-a97d-d965ccfc6d4b" outcome="Passed" testListId="965f3c63-c679-44b8-ad06-733fff8d9366" />
    <UnitTestResult executionId="c4c8cedd-4fce-416d-967c-a9eee8a4a2d1" testId="27dbf4cf-066b-4e2a-bde6-13fcb2826121" testName="Test2266" computerName="UA-LPT-OGA2" duration="00:00:00.5020000" startTime="2025-05-14T13:20:31.3146610Z" endTime="2025-05-14T13:25:31.3147553Z" testType="13cdc9d9-ddb5-4fa4-a97d-d965ccfc6d4b" outcome="Passed" testListId="965f3c63-c679-44b8-ad06-733fff8d9366" />
    <UnitTestResult executionId="dc009845-2959-4e8f-853d-3350105a7473" testId="afc184c1-4532-4927-af49-8624d6b1318f" testName="Test2267" computerName="UA-LPT-OGA2" duration="00:00:01.9510000" startTime="2025-05-14T13:20:31.3146610Z" endTime="2025-05-14T13:25:31.3147553Z" testType="13cdc9d9-ddb5-4fa4-a97d-d965ccfc6d4b" outcome="Passed" testListId="965f3c63-c679-44b8-ad06-733fff8d9366" />
    <UnitTestResult executionId="d1ab5026-b68c-418b-838f-446e84e0a263" testId="e2b6905d-4cd2-4955-b925-979e06836b78" testName="Test2268" computerName="UA-LPT-OGA2" duration="00:00:01.5390000" startTime="2025-05-14T13:20:31.3146610Z" endTime="2025-05-14T13:25:31.3147553Z" testType="13cdc9d9-ddb5-4fa4-a97d-d965ccfc6d4b" outcome="Passed" testListId="965f3c63-c679-44b8-ad06-733fff8d9366" />
    <UnitTestResult executionId="7e300f4e-7cee-4393-ae51-e23168f2435d" testId="5f75abef-c176-411b-8011-cb043c4c49c7" testName="Test2269" computerName="UA-LPT-OGA2" duration="00:00:00.4920000" startTime="2025-05-14T13:20:31.3146610Z" endTime="2025-05-14T13:25:31.3147553Z" testType="13cdc9d9-ddb5-4fa4-a97d-d965ccfc6d4b" outcome="Passed" testListId="965f3c63-c679-44b8-ad06-733fff8d9366" />
    <UnitTestResult executionId="8481052b-df1c-4bc2-8e89-4521bd8a7caa" testId="13f98865-6ebd-4112-be1c-df9275e88af6" testName="Test2270" computerName="UA-LPT-OGA2" duration="00:00:01.9340000" startTime="2025-05-14T13:20:31.3146610Z" endTime="2025-05-14T13:25:31.3147553Z" testType="13cdc9d9-ddb5-4fa4-a97d-d965ccfc6d4b" outcome="Passed" testListId="965f3c63-c679-44b8-ad06-733fff8d9366" />
    <UnitTestResult executionId="da73bd3c-8bc8-4c39-9053-8a1ebdf705ed" testId="02245ed1-3466-43e6-97d7-b66aecec72f9" testName="Test2271" computerName="UA-LPT-OGA2" duration="00:00:00.2400000" startTime="2025-05-14T13:20:31.3146610Z" endTime="2025-05-14T13:25:31.3147553Z" testType="13cdc9d9-ddb5-4fa4-a97d-d965ccfc6d4b" outcome="Passed" testListId="965f3c63-c679-44b8-ad06-733fff8d9366" />
    <UnitTestResult executionId="d86cf132-7313-41f8-a65e-b50ca262fa74" testId="4da53109-dc7f-4294-8097-9b5b2c5ca5b5" testName="Test2272" computerName="UA-LPT-OGA2" duration="00:00:01.9300000" startTime="2025-05-14T13:20:31.3146610Z" endTime="2025-05-14T13:25:31.3147553Z" testType="13cdc9d9-ddb5-4fa4-a97d-d965ccfc6d4b" outcome="Failed" testListId="965f3c63-c679-44b8-ad06-733fff8d9366">
      <Output>
        <ErrorInfo>
          <Message>Assertion failed: Expected value did not match actual value.</Message>
          <StackTrace>   at TestNamespace.TestClass.Test() in TestClass.cs:line 288</StackTrace>
        </ErrorInfo>
      </Output>
    </UnitTestResult>
    <UnitTestResult executionId="71639bb7-7950-4a84-a654-0be59527dac1" testId="4cd08cd3-3c70-4ecc-93a3-2d46a3372564" testName="Test2273" computerName="UA-LPT-OGA2" duration="00:00:01.3340000" startTime="2025-05-14T13:20:31.3146610Z" endTime="2025-05-14T13:25:31.3147553Z" testType="13cdc9d9-ddb5-4fa4-a97d-d965ccfc6d4b" outcome="Failed" testListId="965f3c63-c679-44b8-ad06-733fff8d9366">
      <Output>
        <ErrorInfo>
          <Message>Assertion failed: Expected value did not match actual value.</Message>
          <StackTrace>   at TestNamespace.TestClass.Test() in TestClass.cs:line 486</StackTrace>
        </ErrorInfo>
      </Output>
    </UnitTestResult>
    <UnitTestResult executionId="7323f169-d272-4872-87e5-68aed21cc63e" testId="83f68af4-3902-424f-b683-ceeff588d01b" testName="Test2274" computerName="UA-LPT-OGA2" duration="00:00:01.2980000" startTime="2025-05-14T13:20:31.3146610Z" endTime="2025-05-14T13:25:31.3147553Z" testType="13cdc9d9-ddb5-4fa4-a97d-d965ccfc6d4b" outcome="Passed" testListId="965f3c63-c679-44b8-ad06-733fff8d9366" />
    <UnitTestResult executionId="9b498afa-3832-4c27-8fc8-6b9ffd72366c" testId="0d9d09d0-83b5-4fbe-864e-f92bea4f70be" testName="Test2275" computerName="UA-LPT-OGA2" duration="00:00:01.6070000" startTime="2025-05-14T13:20:31.3146610Z" endTime="2025-05-14T13:25:31.3147553Z" testType="13cdc9d9-ddb5-4fa4-a97d-d965ccfc6d4b" outcome="Failed" testListId="965f3c63-c679-44b8-ad06-733fff8d9366">
      <Output>
        <ErrorInfo>
          <Message>Assertion failed: Expected value did not match actual value.</Message>
          <StackTrace>   at TestNamespace.TestClass.Test() in TestClass.cs:line 229</StackTrace>
        </ErrorInfo>
      </Output>
    </UnitTestResult>
    <UnitTestResult executionId="2f5b9b97-90cf-42cb-959e-c2a896ef03c1" testId="1253bf05-b05d-4a50-950e-c3e1c2c5f753" testName="Test2276" computerName="UA-LPT-OGA2" duration="00:00:01.1250000" startTime="2025-05-14T13:20:31.3146610Z" endTime="2025-05-14T13:25:31.3147553Z" testType="13cdc9d9-ddb5-4fa4-a97d-d965ccfc6d4b" outcome="Passed" testListId="965f3c63-c679-44b8-ad06-733fff8d9366" />
    <UnitTestResult executionId="8e20cedf-c354-4c3f-b6b3-acf60d8a0f6a" testId="8bd6df3d-2080-433e-90ac-52efd164541f" testName="Test2277" computerName="UA-LPT-OGA2" duration="00:00:00.2880000" startTime="2025-05-14T13:20:31.3146610Z" endTime="2025-05-14T13:25:31.3147553Z" testType="13cdc9d9-ddb5-4fa4-a97d-d965ccfc6d4b" outcome="Passed" testListId="965f3c63-c679-44b8-ad06-733fff8d9366" />
    <UnitTestResult executionId="af78300d-2301-422e-a85a-e48389199515" testId="0c8be36a-c199-4b16-acae-2d1916423ef0" testName="Test2278" computerName="UA-LPT-OGA2" duration="00:00:01.6720000" startTime="2025-05-14T13:20:31.3146610Z" endTime="2025-05-14T13:25:31.3147553Z" testType="13cdc9d9-ddb5-4fa4-a97d-d965ccfc6d4b" outcome="Passed" testListId="965f3c63-c679-44b8-ad06-733fff8d9366" />
    <UnitTestResult executionId="a73155ba-1426-4fcf-8672-cc2378eea7a4" testId="7c371750-8347-4302-b91b-42fc9b99a42f" testName="Test2279" computerName="UA-LPT-OGA2" duration="00:00:00.8640000" startTime="2025-05-14T13:20:31.3146610Z" endTime="2025-05-14T13:25:31.3147553Z" testType="13cdc9d9-ddb5-4fa4-a97d-d965ccfc6d4b" outcome="Passed" testListId="965f3c63-c679-44b8-ad06-733fff8d9366" />
    <UnitTestResult executionId="cc18c94e-85b8-4e93-b20d-85735978a9ca" testId="519b79d3-9975-47cc-b8c8-6ffba9211865" testName="Test2280" computerName="UA-LPT-OGA2" duration="00:00:00.9650000" startTime="2025-05-14T13:20:31.3146610Z" endTime="2025-05-14T13:25:31.3147553Z" testType="13cdc9d9-ddb5-4fa4-a97d-d965ccfc6d4b" outcome="Passed" testListId="965f3c63-c679-44b8-ad06-733fff8d9366" />
    <UnitTestResult executionId="367a3d2e-9ebc-4e30-81ae-155e929a3962" testId="e87d739d-4fbe-4184-86e3-144239831143" testName="Test2281" computerName="UA-LPT-OGA2" duration="00:00:00.6200000" startTime="2025-05-14T13:20:31.3146610Z" endTime="2025-05-14T13:25:31.3147553Z" testType="13cdc9d9-ddb5-4fa4-a97d-d965ccfc6d4b" outcome="Passed" testListId="965f3c63-c679-44b8-ad06-733fff8d9366" />
    <UnitTestResult executionId="50f52711-56a2-4a1a-bfaa-16738c128ea6" testId="8a1c5577-2a8d-4d9f-8e6b-34e37717b4b9" testName="Test2282" computerName="UA-LPT-OGA2" duration="00:00:01.8890000" startTime="2025-05-14T13:20:31.3146610Z" endTime="2025-05-14T13:25:31.3147553Z" testType="13cdc9d9-ddb5-4fa4-a97d-d965ccfc6d4b" outcome="Passed" testListId="965f3c63-c679-44b8-ad06-733fff8d9366" />
    <UnitTestResult executionId="d5bf7e1b-287c-4757-8f94-c1daec3c6f18" testId="0ddcb0b5-3d3b-4d74-b6c4-14c86bb26477" testName="Test2283" computerName="UA-LPT-OGA2" duration="00:00:00.6110000" startTime="2025-05-14T13:20:31.3146610Z" endTime="2025-05-14T13:25:31.3147553Z" testType="13cdc9d9-ddb5-4fa4-a97d-d965ccfc6d4b" outcome="Passed" testListId="965f3c63-c679-44b8-ad06-733fff8d9366" />
    <UnitTestResult executionId="c87705e3-af0d-4cc8-9013-110bb4bec920" testId="33ecd1f0-449f-4067-9e66-4e29bf9aa2f7" testName="Test2284" computerName="UA-LPT-OGA2" duration="00:00:01.5880000" startTime="2025-05-14T13:20:31.3146610Z" endTime="2025-05-14T13:25:31.3147553Z" testType="13cdc9d9-ddb5-4fa4-a97d-d965ccfc6d4b" outcome="Passed" testListId="965f3c63-c679-44b8-ad06-733fff8d9366" />
    <UnitTestResult executionId="8a520cad-99d0-4260-8fb5-18d68f094619" testId="823f80ef-a952-419d-a1bf-3c9f612834d5" testName="Test2285" computerName="UA-LPT-OGA2" duration="00:00:01.0110000" startTime="2025-05-14T13:20:31.3146610Z" endTime="2025-05-14T13:25:31.3147553Z" testType="13cdc9d9-ddb5-4fa4-a97d-d965ccfc6d4b" outcome="Passed" testListId="965f3c63-c679-44b8-ad06-733fff8d9366" />
    <UnitTestResult executionId="11baf527-ec01-42cc-8dc0-5ade182a429a" testId="4c8454fc-1ac2-47ff-9304-f650b9bd8b49" testName="Test2286" computerName="UA-LPT-OGA2" duration="00:00:00.6020000" startTime="2025-05-14T13:20:31.3146610Z" endTime="2025-05-14T13:25:31.3147553Z" testType="13cdc9d9-ddb5-4fa4-a97d-d965ccfc6d4b" outcome="Passed" testListId="965f3c63-c679-44b8-ad06-733fff8d9366" />
    <UnitTestResult executionId="0a2bd1c2-e9de-4128-8e9d-018c28b8d6a2" testId="492682d0-eb24-4296-a394-34dccb795d0f" testName="Test2287" computerName="UA-LPT-OGA2" duration="00:00:00.8000000" startTime="2025-05-14T13:20:31.3146610Z" endTime="2025-05-14T13:25:31.3147553Z" testType="13cdc9d9-ddb5-4fa4-a97d-d965ccfc6d4b" outcome="Passed" testListId="965f3c63-c679-44b8-ad06-733fff8d9366" />
    <UnitTestResult executionId="b881375e-95ef-40e1-a8ea-f233d7be7ecb" testId="dd35bdea-1133-402f-ae1f-e5516262e34a" testName="Test2288" computerName="UA-LPT-OGA2" duration="00:00:01.8690000" startTime="2025-05-14T13:20:31.3146610Z" endTime="2025-05-14T13:25:31.3147553Z" testType="13cdc9d9-ddb5-4fa4-a97d-d965ccfc6d4b" outcome="Passed" testListId="965f3c63-c679-44b8-ad06-733fff8d9366" />
    <UnitTestResult executionId="99682b79-75cb-4a75-a350-ead052337851" testId="08d9c86e-fd61-4162-8a07-4ccebf0e176e" testName="Test2289" computerName="UA-LPT-OGA2" duration="00:00:01.0160000" startTime="2025-05-14T13:20:31.3146610Z" endTime="2025-05-14T13:25:31.3147553Z" testType="13cdc9d9-ddb5-4fa4-a97d-d965ccfc6d4b" outcome="Passed" testListId="965f3c63-c679-44b8-ad06-733fff8d9366" />
    <UnitTestResult executionId="ce45d383-7531-4975-a2ac-2e27699746ea" testId="dcc79d63-a90e-463f-9c30-8344f8ec3ab8" testName="Test2290" computerName="UA-LPT-OGA2" duration="00:00:01.3800000" startTime="2025-05-14T13:20:31.3146610Z" endTime="2025-05-14T13:25:31.3147553Z" testType="13cdc9d9-ddb5-4fa4-a97d-d965ccfc6d4b" outcome="Passed" testListId="965f3c63-c679-44b8-ad06-733fff8d9366" />
    <UnitTestResult executionId="b12aa19c-5ada-4a5c-b0a7-538429c8d323" testId="2424955b-24c1-4d64-a7da-9d31f3a534c4" testName="Test2291" computerName="UA-LPT-OGA2" duration="00:00:01.9890000" startTime="2025-05-14T13:20:31.3146610Z" endTime="2025-05-14T13:25:31.3147553Z" testType="13cdc9d9-ddb5-4fa4-a97d-d965ccfc6d4b" outcome="Passed" testListId="965f3c63-c679-44b8-ad06-733fff8d9366" />
    <UnitTestResult executionId="c020082d-5223-416f-90e7-bc5afe1e99c4" testId="6786077d-38f4-45b6-b6e5-8d78c39ffdae" testName="Test2292" computerName="UA-LPT-OGA2" duration="00:00:01.7100000" startTime="2025-05-14T13:20:31.3146610Z" endTime="2025-05-14T13:25:31.3147553Z" testType="13cdc9d9-ddb5-4fa4-a97d-d965ccfc6d4b" outcome="Passed" testListId="965f3c63-c679-44b8-ad06-733fff8d9366" />
    <UnitTestResult executionId="2bfd7db3-f22d-412a-9ed9-3f6b8744f604" testId="6c88b687-abdc-4098-b92d-bbdf9e2e30a2" testName="Test2293" computerName="UA-LPT-OGA2" duration="00:00:00.2810000" startTime="2025-05-14T13:20:31.3146610Z" endTime="2025-05-14T13:25:31.3147553Z" testType="13cdc9d9-ddb5-4fa4-a97d-d965ccfc6d4b" outcome="Passed" testListId="965f3c63-c679-44b8-ad06-733fff8d9366" />
    <UnitTestResult executionId="28991e54-a347-46b1-9ecf-5503ec789192" testId="4b13af84-2b91-493b-9545-74d01f4c2922" testName="Test2294" computerName="UA-LPT-OGA2" duration="00:00:01.2290000" startTime="2025-05-14T13:20:31.3146610Z" endTime="2025-05-14T13:25:31.3147553Z" testType="13cdc9d9-ddb5-4fa4-a97d-d965ccfc6d4b" outcome="Passed" testListId="965f3c63-c679-44b8-ad06-733fff8d9366" />
    <UnitTestResult executionId="c93d02aa-5406-418d-9e2e-0ec62e8b2894" testId="28aa6f95-b050-44b1-bca3-7445da42cf04" testName="Test2295" computerName="UA-LPT-OGA2" duration="00:00:01.8920000" startTime="2025-05-14T13:20:31.3146610Z" endTime="2025-05-14T13:25:31.3147553Z" testType="13cdc9d9-ddb5-4fa4-a97d-d965ccfc6d4b" outcome="Passed" testListId="965f3c63-c679-44b8-ad06-733fff8d9366" />
    <UnitTestResult executionId="9c98defc-df46-4555-aedf-62900e4efdf2" testId="fd86ac71-d6f1-461e-ae77-cd7ae38f1b9d" testName="Test2296" computerName="UA-LPT-OGA2" duration="00:00:01.6260000" startTime="2025-05-14T13:20:31.3146610Z" endTime="2025-05-14T13:25:31.3147553Z" testType="13cdc9d9-ddb5-4fa4-a97d-d965ccfc6d4b" outcome="Passed" testListId="965f3c63-c679-44b8-ad06-733fff8d9366" />
    <UnitTestResult executionId="e8988292-3edf-4d90-b221-25178052d377" testId="765d459e-bb96-4abf-8937-b5f56c7d5142" testName="Test2297" computerName="UA-LPT-OGA2" duration="00:00:01.3070000" startTime="2025-05-14T13:20:31.3146610Z" endTime="2025-05-14T13:25:31.3147553Z" testType="13cdc9d9-ddb5-4fa4-a97d-d965ccfc6d4b" outcome="Passed" testListId="965f3c63-c679-44b8-ad06-733fff8d9366" />
    <UnitTestResult executionId="741c720c-eb5c-4ce1-b004-d89f5a446172" testId="8af2d99b-c3b2-4efd-9395-eeba1b0f1592" testName="Test2298" computerName="UA-LPT-OGA2" duration="00:00:01.6840000" startTime="2025-05-14T13:20:31.3146610Z" endTime="2025-05-14T13:25:31.3147553Z" testType="13cdc9d9-ddb5-4fa4-a97d-d965ccfc6d4b" outcome="Passed" testListId="965f3c63-c679-44b8-ad06-733fff8d9366" />
    <UnitTestResult executionId="41c8fe6e-f074-4c48-b430-4427e6849836" testId="f9da52b1-b729-4cd7-9bb7-6344f20454e2" testName="Test2299" computerName="UA-LPT-OGA2" duration="00:00:00.0590000" startTime="2025-05-14T13:20:31.3146610Z" endTime="2025-05-14T13:25:31.3147553Z" testType="13cdc9d9-ddb5-4fa4-a97d-d965ccfc6d4b" outcome="Passed" testListId="965f3c63-c679-44b8-ad06-733fff8d9366" />
    <UnitTestResult executionId="f0927868-f21e-45dc-84b7-abddbf6153c8" testId="2eb8e92e-bebe-4237-94e1-e74d815d395b" testName="Test2300" computerName="UA-LPT-OGA2" duration="00:00:00.5180000" startTime="2025-05-14T13:20:31.3146610Z" endTime="2025-05-14T13:25:31.3147553Z" testType="13cdc9d9-ddb5-4fa4-a97d-d965ccfc6d4b" outcome="Passed" testListId="965f3c63-c679-44b8-ad06-733fff8d9366" />
  </Results>
  <TestDefinitions>
    <UnitTest name="Test2201" id="d3cfd08a-10bc-42ad-a2fe-f4075be475f4" storage="TestAssembly.dll">
      <Execution id="ae55c589-1a2c-4ed6-a8b9-fc357713d9c6" />
      <TestMethod codeBase="TestAssembly.dll" className="TestNamespace.TestClass1" name="Test2201" />
    </UnitTest>
    <UnitTest name="Test2202" id="c58d3902-c37e-42d4-aa5b-0f13c5c59cc3" storage="TestAssembly.dll">
      <Execution id="f9a9933f-baa1-4f17-aa7e-af3a64fd2cf7" />
      <TestMethod codeBase="TestAssembly.dll" className="TestNamespace.TestClass1" name="Test2202" />
    </UnitTest>
    <UnitTest name="Test2203" id="0486ecc5-b1e7-4186-9e7b-2fe711f8acd8" storage="TestAssembly.dll">
      <Execution id="dbe51891-ab6e-4f5c-a876-de7bef2f73da" />
      <TestMethod codeBase="TestAssembly.dll" className="TestNamespace.TestClass1" name="Test2203" />
    </UnitTest>
    <UnitTest name="Test2204" id="7252021e-8421-45ff-9853-c690cb13f41b" storage="TestAssembly.dll">
      <Execution id="a604b839-3687-4105-a255-d7b517968146" />
      <TestMethod codeBase="TestAssembly.dll" className="TestNamespace.TestClass1" name="Test2204" />
    </UnitTest>
    <UnitTest name="Test2205" id="4d48a19c-1dcd-43dd-a056-4c2c1a3539f5" storage="TestAssembly.dll">
      <Execution id="1a792f53-bfb0-4981-8721-76eb9aed7ebe" />
      <TestMethod codeBase="TestAssembly.dll" className="TestNamespace.TestClass1" name="Test2205" />
    </UnitTest>
    <UnitTest name="Test2206" id="ef162e4c-4e6c-4c10-96e3-382a8c749a70" storage="TestAssembly.dll">
      <Execution id="905598c7-af91-4298-9317-13b33fe62796" />
      <TestMethod codeBase="TestAssembly.dll" className="TestNamespace.TestClass1" name="Test2206" />
    </UnitTest>
    <UnitTest name="Test2207" id="8a0ce551-1d72-460e-b368-4d600a45b873" storage="TestAssembly.dll">
      <Execution id="cba5f062-dcb5-47d0-9258-b36aae0575f9" />
      <TestMethod codeBase="TestAssembly.dll" className="TestNamespace.TestClass1" name="Test2207" />
    </UnitTest>
    <UnitTest name="Test2208" id="8fb8fa41-bd24-4b3e-92eb-31714d454631" storage="TestAssembly.dll">
      <Execution id="61ddc8fe-7dea-4d21-a7f1-8dc0f64665b2" />
      <TestMethod codeBase="TestAssembly.dll" className="TestNamespace.TestClass1" name="Test2208" />
    </UnitTest>
    <UnitTest name="Test2209" id="1cfac949-23d8-4fb2-9206-0c069fade56b" storage="TestAssembly.dll">
      <Execution id="5804cbc3-ddd5-4b93-a724-c2442a0cc5fe" />
      <TestMethod codeBase="TestAssembly.dll" className="TestNamespace.TestClass1" name="Test2209" />
    </UnitTest>
    <UnitTest name="Test2210" id="01b8af19-05e5-4ad0-ac9c-ba7490faa1d1" storage="TestAssembly.dll">
      <Execution id="17782beb-d4e6-4f21-a7ba-2366a13d5840" />
      <TestMethod codeBase="TestAssembly.dll" className="TestNamespace.TestClass1" name="Test2210" />
    </UnitTest>
    <UnitTest name="Test2211" id="9f5e55e6-9ae4-45a8-af10-5734ac7adc71" storage="TestAssembly.dll">
      <Execution id="50204076-1690-4d9b-be57-0b3c173403a6" />
      <TestMethod codeBase="TestAssembly.dll" className="TestNamespace.TestClass2" name="Test2211" />
    </UnitTest>
    <UnitTest name="Test2212" id="89325252-b076-4268-ae87-865b45bc565b" storage="TestAssembly.dll">
      <Execution id="1bf20cfa-d812-405e-b04b-966fcb6fdc9a" />
      <TestMethod codeBase="TestAssembly.dll" className="TestNamespace.TestClass2" name="Test2212" />
    </UnitTest>
    <UnitTest name="Test2213" id="3d7a5300-1c07-4011-b83c-ebf43e05d3ab" storage="TestAssembly.dll">
      <Execution id="73218b25-be10-4e06-81e2-45c3420db900" />
      <TestMethod codeBase="TestAssembly.dll" className="TestNamespace.TestClass2" name="Test2213" />
    </UnitTest>
    <UnitTest name="Test2214" id="bc82787f-839f-432e-9190-697d1574b03e" storage="TestAssembly.dll">
      <Execution id="35a409ff-8eba-4b58-82b5-257911a9ce20" />
      <TestMethod codeBase="TestAssembly.dll" className="TestNamespace.TestClass2" name="Test2214" />
    </UnitTest>
    <UnitTest name="Test2215" id="b63ad60b-846f-4757-8dd0-514101738e34" storage="TestAssembly.dll">
      <Execution id="6388bbfa-63d4-4955-987f-ad2da54f57c6" />
      <TestMethod codeBase="TestAssembly.dll" className="TestNamespace.TestClass2" name="Test2215" />
    </UnitTest>
    <UnitTest name="Test2216" id="ef33236e-2b4e-44d8-acc1-d6415490ca9f" storage="TestAssembly.dll">
      <Execution id="62574f02-e7c3-477c-8afa-ced2309b4a11" />
      <TestMethod codeBase="TestAssembly.dll" className="TestNamespace.TestClass2" name="Test2216" />
    </UnitTest>
    <UnitTest name="Test2217" id="06b8da07-c3d6-4fff-b1b0-e579f0c367b3" storage="TestAssembly.dll">
      <Execution id="e961fadd-b0fe-481d-92f6-3eb565036ed3" />
      <TestMethod codeBase="TestAssembly.dll" className="TestNamespace.TestClass2" name="Test2217" />
    </UnitTest>
    <UnitTest name="Test2218" id="6f9c2d3c-e07d-4671-820a-18d1bb86ed44" storage="TestAssembly.dll">
      <Execution id="9e35c5f4-94e9-4e93-ae54-a3aace2cdf78" />
      <TestMethod codeBase="TestAssembly.dll" className="TestNamespace.TestClass2" name="Test2218" />
    </UnitTest>
    <UnitTest name="Test2219" id="06e24046-d311-4913-a9ee-59e3af114321" storage="TestAssembly.dll">
      <Execution id="00ff6e60-fb00-4923-b056-c7aaa6b9b519" />
      <TestMethod codeBase="TestAssembly.dll" className="TestNamespace.TestClass2" name="Test2219" />
    </UnitTest>
    <UnitTest name="Test2220" id="c85c16c7-50f2-4ccc-ad62-623196517af5" storage="TestAssembly.dll">
      <Execution id="b0efccc3-f6ec-40cc-a691-3eb50e9d8cfc" />
      <TestMethod codeBase="TestAssembly.dll" className="TestNamespace.TestClass2" name="Test2220" />
    </UnitTest>
    <UnitTest name="Test2221" id="2fe03555-c139-4c83-a0a2-8f00569e70f2" storage="TestAssembly.dll">
      <Execution id="4c5e497c-94a3-4005-b658-8e46cead8850" />
      <TestMethod codeBase="TestAssembly.dll" className="TestNamespace.TestClass3" name="Test2221" />
    </UnitTest>
    <UnitTest name="Test2222" id="b5acfaf3-a10f-4e5f-8d51-c448585efab2" storage="TestAssembly.dll">
      <Execution id="288ebcc9-a62b-46d5-bfe7-d7dc092be7e0" />
      <TestMethod codeBase="TestAssembly.dll" className="TestNamespace.TestClass3" name="Test2222" />
    </UnitTest>
    <UnitTest name="Test2223" id="4aee7a1a-b047-4cbb-b56f-4894b378b49a" storage="TestAssembly.dll">
      <Execution id="fa7fd45e-d988-4e49-a5ae-1d74d28681d8" />
      <TestMethod codeBase="TestAssembly.dll" className="TestNamespace.TestClass3" name="Test2223" />
    </UnitTest>
    <UnitTest name="Test2224" id="e90ff15f-7d35-4ccb-b357-494f2a2215c3" storage="TestAssembly.dll">
      <Execution id="06a069fd-766a-4460-b3f5-63ec02eef925" />
      <TestMethod codeBase="TestAssembly.dll" className="TestNamespace.TestClass3" name="Test2224" />
    </UnitTest>
    <UnitTest name="Test2225" id="cd6179d3-fa8d-44b1-92bd-a87a688cd86e" storage="TestAssembly.dll">
      <Execution id="70ee03c7-d77e-45cc-b7d6-51044d7fd642" />
      <TestMethod codeBase="TestAssembly.dll" className="TestNamespace.TestClass3" name="Test2225" />
    </UnitTest>
    <UnitTest name="Test2226" id="8d37f2ab-dd7d-4552-80ec-0c43e835b421" storage="TestAssembly.dll">
      <Execution id="d1fd4f7d-f24a-453c-8a25-703df65be830" />
      <TestMethod codeBase="TestAssembly.dll" className="TestNamespace.TestClass3" name="Test2226" />
    </UnitTest>
    <UnitTest name="Test2227" id="24432c1e-6a8f-4810-a01c-e0a1bd4afcde" storage="TestAssembly.dll">
      <Execution id="0a540669-5e39-44e6-bf03-018efd71f98c" />
      <TestMethod codeBase="TestAssembly.dll" className="TestNamespace.TestClass3" name="Test2227" />
    </UnitTest>
    <UnitTest name="Test2228" id="b6d8cadc-0f98-4bd1-be59-f831406d2eca" storage="TestAssembly.dll">
      <Execution id="df84cc5e-8a5f-4d28-b5f2-dfbc1003c5f4" />
      <TestMethod codeBase="TestAssembly.dll" className="TestNamespace.TestClass3" name="Test2228" />
    </UnitTest>
    <UnitTest name="Test2229" id="13898fc3-fb6d-4140-b7e1-c98f1d5c8969" storage="TestAssembly.dll">
      <Execution id="cb50dc93-f295-4e0a-bac0-78878530c27c" />
      <TestMethod codeBase="TestAssembly.dll" className="TestNamespace.TestClass3" name="Test2229" />
    </UnitTest>
    <UnitTest name="Test2230" id="e20d12ba-5f7a-4682-9191-af201f2442f3" storage="TestAssembly.dll">
      <Execution id="a30212b1-d5b4-468b-bed1-34c25e5b2884" />
      <TestMethod codeBase="TestAssembly.dll" className="TestNamespace.TestClass3" name="Test2230" />
    </UnitTest>
    <UnitTest name="Test2231" id="343dc301-456b-405f-9850-aae61f6f2705" storage="TestAssembly.dll">
      <Execution id="edb22767-b751-4be7-8692-d8e9efb9055f" />
      <TestMethod codeBase="TestAssembly.dll" className="TestNamespace.TestClass4" name="Test2231" />
    </UnitTest>
    <UnitTest name="Test2232" id="90bd2118-b03f-4b2d-9524-1bbf5737da53" storage="TestAssembly.dll">
      <Execution id="8a413590-d172-43bf-8165-907e68f14fbc" />
      <TestMethod codeBase="TestAssembly.dll" className="TestNamespace.TestClass4" name="Test2232" />
    </UnitTest>
    <UnitTest name="Test2233" id="9a9e17cf-9cbf-435f-9dfd-dffeddac355d" storage="TestAssembly.dll">
      <Execution id="50209273-a465-443c-8a1e-57fcb9ffaa66" />
      <TestMethod codeBase="TestAssembly.dll" className="TestNamespace.TestClass4" name="Test2233" />
    </UnitTest>
    <UnitTest name="Test2234" id="c23ecebe-e4a6-4f18-afb0-adaf0bee9cec" storage="TestAssembly.dll">
      <Execution id="12e0b670-5736-49a8-8dbd-37131bbfa09f" />
      <TestMethod codeBase="TestAssembly.dll" className="TestNamespace.TestClass4" name="Test2234" />
    </UnitTest>
    <UnitTest name="Test2235" id="de34152b-05ea-4f4b-baa9-a3fb7cb2d13b" storage="TestAssembly.dll">
      <Execution id="5f13c7e8-480e-4e0e-851d-3088f5a1861a" />
      <TestMethod codeBase="TestAssembly.dll" className="TestNamespace.TestClass4" name="Test2235" />
    </UnitTest>
    <UnitTest name="Test2236" id="ff2fae3a-fe02-4a74-b395-828bba809872" storage="TestAssembly.dll">
      <Execution id="a7e1a0ac-abc3-446f-a441-61e741a9702c" />
      <TestMethod codeBase="TestAssembly.dll" className="TestNamespace.TestClass4" name="Test2236" />
    </UnitTest>
    <UnitTest name="Test2237" id="3dbd677c-bfc8-4a65-949d-4f0b0a352cae" storage="TestAssembly.dll">
      <Execution id="feb4a722-4d93-47ba-809f-32a67e1bdec4" />
      <TestMethod codeBase="TestAssembly.dll" className="TestNamespace.TestClass4" name="Test2237" />
    </UnitTest>
    <UnitTest name="Test2238" id="b3ad8472-37d8-4278-8dbc-904a29b486c7" storage="TestAssembly.dll">
      <Execution id="98389049-bccd-4ab2-8f24-899ece865526" />
      <TestMethod codeBase="TestAssembly.dll" className="TestNamespace.TestClass4" name="Test2238" />
    </UnitTest>
    <UnitTest name="Test2239" id="c1c65bc6-4f14-4e34-85c0-c75e58fc8a9c" storage="TestAssembly.dll">
      <Execution id="31edfeb7-9ce2-4b65-bdaf-a24db93f630a" />
      <TestMethod codeBase="TestAssembly.dll" className="TestNamespace.TestClass4" name="Test2239" />
    </UnitTest>
    <UnitTest name="Test2240" id="c7a9f629-e2e3-44c9-93f9-bf61ff679084" storage="TestAssembly.dll">
      <Execution id="351ecba4-a96d-49aa-a634-456214448ca0" />
      <TestMethod codeBase="TestAssembly.dll" className="TestNamespace.TestClass4" name="Test2240" />
    </UnitTest>
    <UnitTest name="Test2241" id="973076be-7f88-4a4a-9042-1698ef652e88" storage="TestAssembly.dll">
      <Execution id="e729b5b2-bfd2-4327-87e9-ea1b5e62159a" />
      <TestMethod codeBase="TestAssembly.dll" className="TestNamespace.TestClass5" name="Test2241" />
    </UnitTest>
    <UnitTest name="Test2242" id="f880dbe9-37da-4e05-b674-15972ea8d72e" storage="TestAssembly.dll">
      <Execution id="e63a4c48-1aeb-4bf0-a328-1cfa57d508b9" />
      <TestMethod codeBase="TestAssembly.dll" className="TestNamespace.TestClass5" name="Test2242" />
    </UnitTest>
    <UnitTest name="Test2243" id="64376572-fb79-4d1d-8710-d776da0f150d" storage="TestAssembly.dll">
      <Execution id="e66f8ab1-73a7-4b51-9171-a8ba17baabc6" />
      <TestMethod codeBase="TestAssembly.dll" className="TestNamespace.TestClass5" name="Test2243" />
    </UnitTest>
    <UnitTest name="Test2244" id="cfbab53e-b177-4f14-ae43-bda3ad21c13a" storage="TestAssembly.dll">
      <Execution id="89abe6e2-1c50-4700-a7d3-8e20986eb135" />
      <TestMethod codeBase="TestAssembly.dll" className="TestNamespace.TestClass5" name="Test2244" />
    </UnitTest>
    <UnitTest name="Test2245" id="b7c2560b-ab49-41fc-951c-762e8a2d702f" storage="TestAssembly.dll">
      <Execution id="9d2cb3a9-7b5e-443e-a114-4d73864bf6f0" />
      <TestMethod codeBase="TestAssembly.dll" className="TestNamespace.TestClass5" name="Test2245" />
    </UnitTest>
    <UnitTest name="Test2246" id="90302f3c-2d6d-40d1-8150-6b958b5bee1d" storage="TestAssembly.dll">
      <Execution id="2ba99406-050b-4f1d-aea7-f9a7aff42914" />
      <TestMethod codeBase="TestAssembly.dll" className="TestNamespace.TestClass5" name="Test2246" />
    </UnitTest>
    <UnitTest name="Test2247" id="ac7c3908-f2a7-40f1-a87b-a5fae6d5442c" storage="TestAssembly.dll">
      <Execution id="655196b0-6b58-48db-87ec-1ffad4d511e6" />
      <TestMethod codeBase="TestAssembly.dll" className="TestNamespace.TestClass5" name="Test2247" />
    </UnitTest>
    <UnitTest name="Test2248" id="b13170d8-34e6-4157-a5c0-78d25a287b2b" storage="TestAssembly.dll">
      <Execution id="e04981dd-2bf4-4e49-9884-9b971e92f9ab" />
      <TestMethod codeBase="TestAssembly.dll" className="TestNamespace.TestClass5" name="Test2248" />
    </UnitTest>
    <UnitTest name="Test2249" id="8ce18166-a1ea-4c85-8844-805c767bc50d" storage="TestAssembly.dll">
      <Execution id="13ea1a1f-636a-454a-acc1-d040c643ba54" />
      <TestMethod codeBase="TestAssembly.dll" className="TestNamespace.TestClass5" name="Test2249" />
    </UnitTest>
    <UnitTest name="Test2250" id="0490b723-6eed-4b2b-ab7a-d8485aed768f" storage="TestAssembly.dll">
      <Execution id="918b4285-213c-47da-9300-cde308e9fb80" />
      <TestMethod codeBase="TestAssembly.dll" className="TestNamespace.TestClass5" name="Test2250" />
    </UnitTest>
    <UnitTest name="Test2251" id="d27b0013-6dec-4daf-96b0-b94f6423db56" storage="TestAssembly.dll">
      <Execution id="ca89c350-9827-43a7-bc08-9d9533874875" />
      <TestMethod codeBase="TestAssembly.dll" className="TestNamespace.TestClass6" name="Test2251" />
    </UnitTest>
    <UnitTest name="Test2252" id="7bc314a1-3037-49d8-8a26-ddb0e0af1f05" storage="TestAssembly.dll">
      <Execution id="21410601-88ca-46a5-952d-f646b43fae1c" />
      <TestMethod codeBase="TestAssembly.dll" className="TestNamespace.TestClass6" name="Test2252" />
    </UnitTest>
    <UnitTest name="Test2253" id="7e83e831-e4f9-4f3f-9376-3e0c72976e96" storage="TestAssembly.dll">
      <Execution id="786ad771-d3dc-4e42-aa88-d60a77d9bc37" />
      <TestMethod codeBase="TestAssembly.dll" className="TestNamespace.TestClass6" name="Test2253" />
    </UnitTest>
    <UnitTest name="Test2254" id="a6ae34a5-3a8f-4d55-8cbb-e99a68a38df7" storage="TestAssembly.dll">
      <Execution id="f302e186-c569-49aa-81ce-d5d0e423e5a3" />
      <TestMethod codeBase="TestAssembly.dll" className="TestNamespace.TestClass6" name="Test2254" />
    </UnitTest>
    <UnitTest name="Test2255" id="4920a7b7-01be-413a-bb05-12eabc036e9b" storage="TestAssembly.dll">
      <Execution id="323b1b4c-fb67-4753-a1b6-42ceabafa942" />
      <TestMethod codeBase="TestAssembly.dll" className="TestNamespace.TestClass6" name="Test2255" />
    </UnitTest>
    <UnitTest name="Test2256" id="4c6b02cd-862d-491d-b535-905c2a645f1c" storage="TestAssembly.dll">
      <Execution id="3eb3feed-d7b3-48ad-9fa0-124d734ead75" />
      <TestMethod codeBase="TestAssembly.dll" className="TestNamespace.TestClass6" name="Test2256" />
    </UnitTest>
    <UnitTest name="Test2257" id="2fe191c9-f415-4de8-b441-9ea911ca7dd2" storage="TestAssembly.dll">
      <Execution id="12f84d63-f7f4-4d3c-a79f-62c2921c15ff" />
      <TestMethod codeBase="TestAssembly.dll" className="TestNamespace.TestClass6" name="Test2257" />
    </UnitTest>
    <UnitTest name="Test2258" id="f7d9ab3f-1c5f-4b2a-925d-81847ee24178" storage="TestAssembly.dll">
      <Execution id="b0a69118-4802-4748-a4a0-009d1d50bb63" />
      <TestMethod codeBase="TestAssembly.dll" className="TestNamespace.TestClass6" name="Test2258" />
    </UnitTest>
    <UnitTest name="Test2259" id="ea9835bc-c0c3-4ad0-9436-f802261105ec" storage="TestAssembly.dll">
      <Execution id="00cdfc4a-c957-4d47-8f69-b801d5997891" />
      <TestMethod codeBase="TestAssembly.dll" className="TestNamespace.TestClass6" name="Test2259" />
    </UnitTest>
    <UnitTest name="Test2260" id="d397ed39-fe22-4cbb-9caa-3a40ebaf8804" storage="TestAssembly.dll">
      <Execution id="7f93446b-ac97-4b49-bf3b-142f50580021" />
      <TestMethod codeBase="TestAssembly.dll" className="TestNamespace.TestClass6" name="Test2260" />
    </UnitTest>
    <UnitTest name="Test2261" id="0e68a338-0221-4557-a949-ec2e0f9fbd1f" storage="TestAssembly.dll">
      <Execution id="b71c56b4-db3d-4ae9-8144-666cd5dc7770" />
      <TestMethod codeBase="TestAssembly.dll" className="TestNamespace.TestClass7" name="Test2261" />
    </UnitTest>
    <UnitTest name="Test2262" id="2d5dfdab-f00f-466d-b184-eacd6fa9f55b" storage="TestAssembly.dll">
      <Execution id="1489391e-11d0-4bbd-99dc-70373b017b95" />
      <TestMethod codeBase="TestAssembly.dll" className="TestNamespace.TestClass7" name="Test2262" />
    </UnitTest>
    <UnitTest name="Test2263" id="5d47c055-9aa7-4abb-ba37-aac2d2222b7a" storage="TestAssembly.dll">
      <Execution id="092f6ffe-e676-4123-b265-504cc47f06ba" />
      <TestMethod codeBase="TestAssembly.dll" className="TestNamespace.TestClass7" name="Test2263" />
    </UnitTest>
    <UnitTest name="Test2264" id="ce4fe147-c6f3-49dc-b990-cf210fbce009" storage="TestAssembly.dll">
      <Execution id="9daa0f95-0caa-4549-9b0f-abe319a09c0e" />
      <TestMethod codeBase="TestAssembly.dll" className="TestNamespace.TestClass7" name="Test2264" />
    </UnitTest>
    <UnitTest name="Test2265" id="0ae9ec21-942b-46d3-bc4c-c00fb4e47937" storage="TestAssembly.dll">
      <Execution id="5631d3c2-2bf4-427f-a89f-7185d7a2930f" />
      <TestMethod codeBase="TestAssembly.dll" className="TestNamespace.TestClass7" name="Test2265" />
    </UnitTest>
    <UnitTest name="Test2266" id="27dbf4cf-066b-4e2a-bde6-13fcb2826121" storage="TestAssembly.dll">
      <Execution id="c4c8cedd-4fce-416d-967c-a9eee8a4a2d1" />
      <TestMethod codeBase="TestAssembly.dll" className="TestNamespace.TestClass7" name="Test2266" />
    </UnitTest>
    <UnitTest name="Test2267" id="afc184c1-4532-4927-af49-8624d6b1318f" storage="TestAssembly.dll">
      <Execution id="dc009845-2959-4e8f-853d-3350105a7473" />
      <TestMethod codeBase="TestAssembly.dll" className="TestNamespace.TestClass7" name="Test2267" />
    </UnitTest>
    <UnitTest name="Test2268" id="e2b6905d-4cd2-4955-b925-979e06836b78" storage="TestAssembly.dll">
      <Execution id="d1ab5026-b68c-418b-838f-446e84e0a263" />
      <TestMethod codeBase="TestAssembly.dll" className="TestNamespace.TestClass7" name="Test2268" />
    </UnitTest>
    <UnitTest name="Test2269" id="5f75abef-c176-411b-8011-cb043c4c49c7" storage="TestAssembly.dll">
      <Execution id="7e300f4e-7cee-4393-ae51-e23168f2435d" />
      <TestMethod codeBase="TestAssembly.dll" className="TestNamespace.TestClass7" name="Test2269" />
    </UnitTest>
    <UnitTest name="Test2270" id="13f98865-6ebd-4112-be1c-df9275e88af6" storage="TestAssembly.dll">
      <Execution id="8481052b-df1c-4bc2-8e89-4521bd8a7caa" />
      <TestMethod codeBase="TestAssembly.dll" className="TestNamespace.TestClass7" name="Test2270" />
    </UnitTest>
    <UnitTest name="Test2271" id="02245ed1-3466-43e6-97d7-b66aecec72f9" storage="TestAssembly.dll">
      <Execution id="da73bd3c-8bc8-4c39-9053-8a1ebdf705ed" />
      <TestMethod codeBase="TestAssembly.dll" className="TestNamespace.TestClass8" name="Test2271" />
    </UnitTest>
    <UnitTest name="Test2272" id="4da53109-dc7f-4294-8097-9b5b2c5ca5b5" storage="TestAssembly.dll">
      <Execution id="d86cf132-7313-41f8-a65e-b50ca262fa74" />
      <TestMethod codeBase="TestAssembly.dll" className="TestNamespace.TestClass8" name="Test2272" />
    </UnitTest>
    <UnitTest name="Test2273" id="4cd08cd3-3c70-4ecc-93a3-2d46a3372564" storage="TestAssembly.dll">
      <Execution id="71639bb7-7950-4a84-a654-0be59527dac1" />
      <TestMethod codeBase="TestAssembly.dll" className="TestNamespace.TestClass8" name="Test2273" />
    </UnitTest>
    <UnitTest name="Test2274" id="83f68af4-3902-424f-b683-ceeff588d01b" storage="TestAssembly.dll">
      <Execution id="7323f169-d272-4872-87e5-68aed21cc63e" />
      <TestMethod codeBase="TestAssembly.dll" className="TestNamespace.TestClass8" name="Test2274" />
    </UnitTest>
    <UnitTest name="Test2275" id="0d9d09d0-83b5-4fbe-864e-f92bea4f70be" storage="TestAssembly.dll">
      <Execution id="9b498afa-3832-4c27-8fc8-6b9ffd72366c" />
      <TestMethod codeBase="TestAssembly.dll" className="TestNamespace.TestClass8" name="Test2275" />
    </UnitTest>
    <UnitTest name="Test2276" id="1253bf05-b05d-4a50-950e-c3e1c2c5f753" storage="TestAssembly.dll">
      <Execution id="2f5b9b97-90cf-42cb-959e-c2a896ef03c1" />
      <TestMethod codeBase="TestAssembly.dll" className="TestNamespace.TestClass8" name="Test2276" />
    </UnitTest>
    <UnitTest name="Test2277" id="8bd6df3d-2080-433e-90ac-52efd164541f" storage="TestAssembly.dll">
      <Execution id="8e20cedf-c354-4c3f-b6b3-acf60d8a0f6a" />
      <TestMethod codeBase="TestAssembly.dll" className="TestNamespace.TestClass8" name="Test2277" />
    </UnitTest>
    <UnitTest name="Test2278" id="0c8be36a-c199-4b16-acae-2d1916423ef0" storage="TestAssembly.dll">
      <Execution id="af78300d-2301-422e-a85a-e48389199515" />
      <TestMethod codeBase="TestAssembly.dll" className="TestNamespace.TestClass8" name="Test2278" />
    </UnitTest>
    <UnitTest name="Test2279" id="7c371750-8347-4302-b91b-42fc9b99a42f" storage="TestAssembly.dll">
      <Execution id="a73155ba-1426-4fcf-8672-cc2378eea7a4" />
      <TestMethod codeBase="TestAssembly.dll" className="TestNamespace.TestClass8" name="Test2279" />
    </UnitTest>
    <UnitTest name="Test2280" id="519b79d3-9975-47cc-b8c8-6ffba9211865" storage="TestAssembly.dll">
      <Execution id="cc18c94e-85b8-4e93-b20d-85735978a9ca" />
      <TestMethod codeBase="TestAssembly.dll" className="TestNamespace.TestClass8" name="Test2280" />
    </UnitTest>
    <UnitTest name="Test2281" id="e87d739d-4fbe-4184-86e3-144239831143" storage="TestAssembly.dll">
      <Execution id="367a3d2e-9ebc-4e30-81ae-155e929a3962" />
      <TestMethod codeBase="TestAssembly.dll" className="TestNamespace.TestClass9" name="Test2281" />
    </UnitTest>
    <UnitTest name="Test2282" id="8a1c5577-2a8d-4d9f-8e6b-34e37717b4b9" storage="TestAssembly.dll">
      <Execution id="50f52711-56a2-4a1a-bfaa-16738c128ea6" />
      <TestMethod codeBase="TestAssembly.dll" className="TestNamespace.TestClass9" name="Test2282" />
    </UnitTest>
    <UnitTest name="Test2283" id="0ddcb0b5-3d3b-4d74-b6c4-14c86bb26477" storage="TestAssembly.dll">
      <Execution id="d5bf7e1b-287c-4757-8f94-c1daec3c6f18" />
      <TestMethod codeBase="TestAssembly.dll" className="TestNamespace.TestClass9" name="Test2283" />
    </UnitTest>
    <UnitTest name="Test2284" id="33ecd1f0-449f-4067-9e66-4e29bf9aa2f7" storage="TestAssembly.dll">
      <Execution id="c87705e3-af0d-4cc8-9013-110bb4bec920" />
      <TestMethod codeBase="TestAssembly.dll" className="TestNamespace.TestClass9" name="Test2284" />
    </UnitTest>
    <UnitTest name="Test2285" id="823f80ef-a952-419d-a1bf-3c9f612834d5" storage="TestAssembly.dll">
      <Execution id="8a520cad-99d0-4260-8fb5-18d68f094619" />
      <TestMethod codeBase="TestAssembly.dll" className="TestNamespace.TestClass9" name="Test2285" />
    </UnitTest>
    <UnitTest name="Test2286" id="4c8454fc-1ac2-47ff-9304-f650b9bd8b49" storage="TestAssembly.dll">
      <Execution id="11baf527-ec01-42cc-8dc0-5ade182a429a" />
      <TestMethod codeBase="TestAssembly.dll" className="TestNamespace.TestClass9" name="Test2286" />
    </UnitTest>
    <UnitTest name="Test2287" id="492682d0-eb24-4296-a394-34dccb795d0f" storage="TestAssembly.dll">
      <Execution id="0a2bd1c2-e9de-4128-8e9d-018c28b8d6a2" />
      <TestMethod codeBase="TestAssembly.dll" className="TestNamespace.TestClass9" name="Test2287" />
    </UnitTest>
    <UnitTest name="Test2288" id="dd35bdea-1133-402f-ae1f-e5516262e34a" storage="TestAssembly.dll">
      <Execution id="b881375e-95ef-40e1-a8ea-f233d7be7ecb" />
      <TestMethod codeBase="TestAssembly.dll" className="TestNamespace.TestClass9" name="Test2288" />
    </UnitTest>
    <UnitTest name="Test2289" id="08d9c86e-fd61-4162-8a07-4ccebf0e176e" storage="TestAssembly.dll">
      <Execution id="99682b79-75cb-4a75-a350-ead052337851" />
      <TestMethod codeBase="TestAssembly.dll" className="TestNamespace.TestClass9" name="Test2289" />
    </UnitTest>
    <UnitTest name="Test2290" id="dcc79d63-a90e-463f-9c30-8344f8ec3ab8" storage="TestAssembly.dll">
      <Execution id="ce45d383-7531-4975-a2ac-2e27699746ea" />
      <TestMethod codeBase="TestAssembly.dll" className="TestNamespace.TestClass9" name="Test2290" />
    </UnitTest>
    <UnitTest name="Test2291" id="2424955b-24c1-4d64-a7da-9d31f3a534c4" storage="TestAssembly.dll">
      <Execution id="b12aa19c-5ada-4a5c-b0a7-538429c8d323" />
      <TestMethod codeBase="TestAssembly.dll" className="TestNamespace.TestClass10" name="Test2291" />
    </UnitTest>
    <UnitTest name="Test2292" id="6786077d-38f4-45b6-b6e5-8d78c39ffdae" storage="TestAssembly.dll">
      <Execution id="c020082d-5223-416f-90e7-bc5afe1e99c4" />
      <TestMethod codeBase="TestAssembly.dll" className="TestNamespace.TestClass10" name="Test2292" />
    </UnitTest>
    <UnitTest name="Test2293" id="6c88b687-abdc-4098-b92d-bbdf9e2e30a2" storage="TestAssembly.dll">
      <Execution id="2bfd7db3-f22d-412a-9ed9-3f6b8744f604" />
      <TestMethod codeBase="TestAssembly.dll" className="TestNamespace.TestClass10" name="Test2293" />
    </UnitTest>
    <UnitTest name="Test2294" id="4b13af84-2b91-493b-9545-74d01f4c2922" storage="TestAssembly.dll">
      <Execution id="28991e54-a347-46b1-9ecf-5503ec789192" />
      <TestMethod codeBase="TestAssembly.dll" className="TestNamespace.TestClass10" name="Test2294" />
    </UnitTest>
    <UnitTest name="Test2295" id="28aa6f95-b050-44b1-bca3-7445da42cf04" storage="TestAssembly.dll">
      <Execution id="c93d02aa-5406-418d-9e2e-0ec62e8b2894" />
      <TestMethod codeBase="TestAssembly.dll" className="TestNamespace.TestClass10" name="Test2295" />
    </UnitTest>
    <UnitTest name="Test2296" id="fd86ac71-d6f1-461e-ae77-cd7ae38f1b9d" storage="TestAssembly.dll">
      <Execution id="9c98defc-df46-4555-aedf-62900e4efdf2" />
      <TestMethod codeBase="TestAssembly.dll" className="TestNamespace.TestClass10" name="Test2296" />
    </UnitTest>
    <UnitTest name="Test2297" id="765d459e-bb96-4abf-8937-b5f56c7d5142" storage="TestAssembly.dll">
      <Execution id="e8988292-3edf-4d90-b221-25178052d377" />
      <TestMethod codeBase="TestAssembly.dll" className="TestNamespace.TestClass10" name="Test2297" />
    </UnitTest>
    <UnitTest name="Test2298" id="8af2d99b-c3b2-4efd-9395-eeba1b0f1592" storage="TestAssembly.dll">
      <Execution id="741c720c-eb5c-4ce1-b004-d89f5a446172" />
      <TestMethod codeBase="TestAssembly.dll" className="TestNamespace.TestClass10" name="Test2298" />
    </UnitTest>
    <UnitTest name="Test2299" id="f9da52b1-b729-4cd7-9bb7-6344f20454e2" storage="TestAssembly.dll">
      <Execution id="41c8fe6e-f074-4c48-b430-4427e6849836" />
      <TestMethod codeBase="TestAssembly.dll" className="TestNamespace.TestClass10" name="Test2299" />
    </UnitTest>
    <UnitTest name="Test2300" id="2eb8e92e-bebe-4237-94e1-e74d815d395b" storage="TestAssembly.dll">
      <Execution id="f0927868-f21e-45dc-84b7-abddbf6153c8" />
      <TestMethod codeBase="TestAssembly.dll" className="TestNamespace.TestClass10" name="Test2300" />
    </UnitTest>
  </TestDefinitions>
  <TestEntries>
    <TestEntry testId="d3cfd08a-10bc-42ad-a2fe-f4075be475f4" executionId="ae55c589-1a2c-4ed6-a8b9-fc357713d9c6" testListId="965f3c63-c679-44b8-ad06-733fff8d9366" />
    <TestEntry testId="c58d3902-c37e-42d4-aa5b-0f13c5c59cc3" executionId="f9a9933f-baa1-4f17-aa7e-af3a64fd2cf7" testListId="965f3c63-c679-44b8-ad06-733fff8d9366" />
    <TestEntry testId="0486ecc5-b1e7-4186-9e7b-2fe711f8acd8" executionId="dbe51891-ab6e-4f5c-a876-de7bef2f73da" testListId="965f3c63-c679-44b8-ad06-733fff8d9366" />
    <TestEntry testId="7252021e-8421-45ff-9853-c690cb13f41b" executionId="a604b839-3687-4105-a255-d7b517968146" testListId="965f3c63-c679-44b8-ad06-733fff8d9366" />
    <TestEntry testId="4d48a19c-1dcd-43dd-a056-4c2c1a3539f5" executionId="1a792f53-bfb0-4981-8721-76eb9aed7ebe" testListId="965f3c63-c679-44b8-ad06-733fff8d9366" />
    <TestEntry testId="ef162e4c-4e6c-4c10-96e3-382a8c749a70" executionId="905598c7-af91-4298-9317-13b33fe62796" testListId="965f3c63-c679-44b8-ad06-733fff8d9366" />
    <TestEntry testId="8a0ce551-1d72-460e-b368-4d600a45b873" executionId="cba5f062-dcb5-47d0-9258-b36aae0575f9" testListId="965f3c63-c679-44b8-ad06-733fff8d9366" />
    <TestEntry testId="8fb8fa41-bd24-4b3e-92eb-31714d454631" executionId="61ddc8fe-7dea-4d21-a7f1-8dc0f64665b2" testListId="965f3c63-c679-44b8-ad06-733fff8d9366" />
    <TestEntry testId="1cfac949-23d8-4fb2-9206-0c069fade56b" executionId="5804cbc3-ddd5-4b93-a724-c2442a0cc5fe" testListId="965f3c63-c679-44b8-ad06-733fff8d9366" />
    <TestEntry testId="01b8af19-05e5-4ad0-ac9c-ba7490faa1d1" executionId="17782beb-d4e6-4f21-a7ba-2366a13d5840" testListId="965f3c63-c679-44b8-ad06-733fff8d9366" />
    <TestEntry testId="9f5e55e6-9ae4-45a8-af10-5734ac7adc71" executionId="50204076-1690-4d9b-be57-0b3c173403a6" testListId="965f3c63-c679-44b8-ad06-733fff8d9366" />
    <TestEntry testId="89325252-b076-4268-ae87-865b45bc565b" executionId="1bf20cfa-d812-405e-b04b-966fcb6fdc9a" testListId="965f3c63-c679-44b8-ad06-733fff8d9366" />
    <TestEntry testId="3d7a5300-1c07-4011-b83c-ebf43e05d3ab" executionId="73218b25-be10-4e06-81e2-45c3420db900" testListId="965f3c63-c679-44b8-ad06-733fff8d9366" />
    <TestEntry testId="bc82787f-839f-432e-9190-697d1574b03e" executionId="35a409ff-8eba-4b58-82b5-257911a9ce20" testListId="965f3c63-c679-44b8-ad06-733fff8d9366" />
    <TestEntry testId="b63ad60b-846f-4757-8dd0-514101738e34" executionId="6388bbfa-63d4-4955-987f-ad2da54f57c6" testListId="965f3c63-c679-44b8-ad06-733fff8d9366" />
    <TestEntry testId="ef33236e-2b4e-44d8-acc1-d6415490ca9f" executionId="62574f02-e7c3-477c-8afa-ced2309b4a11" testListId="965f3c63-c679-44b8-ad06-733fff8d9366" />
    <TestEntry testId="06b8da07-c3d6-4fff-b1b0-e579f0c367b3" executionId="e961fadd-b0fe-481d-92f6-3eb565036ed3" testListId="965f3c63-c679-44b8-ad06-733fff8d9366" />
    <TestEntry testId="6f9c2d3c-e07d-4671-820a-18d1bb86ed44" executionId="9e35c5f4-94e9-4e93-ae54-a3aace2cdf78" testListId="965f3c63-c679-44b8-ad06-733fff8d9366" />
    <TestEntry testId="06e24046-d311-4913-a9ee-59e3af114321" executionId="00ff6e60-fb00-4923-b056-c7aaa6b9b519" testListId="965f3c63-c679-44b8-ad06-733fff8d9366" />
    <TestEntry testId="c85c16c7-50f2-4ccc-ad62-623196517af5" executionId="b0efccc3-f6ec-40cc-a691-3eb50e9d8cfc" testListId="965f3c63-c679-44b8-ad06-733fff8d9366" />
    <TestEntry testId="2fe03555-c139-4c83-a0a2-8f00569e70f2" executionId="4c5e497c-94a3-4005-b658-8e46cead8850" testListId="965f3c63-c679-44b8-ad06-733fff8d9366" />
    <TestEntry testId="b5acfaf3-a10f-4e5f-8d51-c448585efab2" executionId="288ebcc9-a62b-46d5-bfe7-d7dc092be7e0" testListId="965f3c63-c679-44b8-ad06-733fff8d9366" />
    <TestEntry testId="4aee7a1a-b047-4cbb-b56f-4894b378b49a" executionId="fa7fd45e-d988-4e49-a5ae-1d74d28681d8" testListId="965f3c63-c679-44b8-ad06-733fff8d9366" />
    <TestEntry testId="e90ff15f-7d35-4ccb-b357-494f2a2215c3" executionId="06a069fd-766a-4460-b3f5-63ec02eef925" testListId="965f3c63-c679-44b8-ad06-733fff8d9366" />
    <TestEntry testId="cd6179d3-fa8d-44b1-92bd-a87a688cd86e" executionId="70ee03c7-d77e-45cc-b7d6-51044d7fd642" testListId="965f3c63-c679-44b8-ad06-733fff8d9366" />
    <TestEntry testId="8d37f2ab-dd7d-4552-80ec-0c43e835b421" executionId="d1fd4f7d-f24a-453c-8a25-703df65be830" testListId="965f3c63-c679-44b8-ad06-733fff8d9366" />
    <TestEntry testId="24432c1e-6a8f-4810-a01c-e0a1bd4afcde" executionId="0a540669-5e39-44e6-bf03-018efd71f98c" testListId="965f3c63-c679-44b8-ad06-733fff8d9366" />
    <TestEntry testId="b6d8cadc-0f98-4bd1-be59-f831406d2eca" executionId="df84cc5e-8a5f-4d28-b5f2-dfbc1003c5f4" testListId="965f3c63-c679-44b8-ad06-733fff8d9366" />
    <TestEntry testId="13898fc3-fb6d-4140-b7e1-c98f1d5c8969" executionId="cb50dc93-f295-4e0a-bac0-78878530c27c" testListId="965f3c63-c679-44b8-ad06-733fff8d9366" />
    <TestEntry testId="e20d12ba-5f7a-4682-9191-af201f2442f3" executionId="a30212b1-d5b4-468b-bed1-34c25e5b2884" testListId="965f3c63-c679-44b8-ad06-733fff8d9366" />
    <TestEntry testId="343dc301-456b-405f-9850-aae61f6f2705" executionId="edb22767-b751-4be7-8692-d8e9efb9055f" testListId="965f3c63-c679-44b8-ad06-733fff8d9366" />
    <TestEntry testId="90bd2118-b03f-4b2d-9524-1bbf5737da53" executionId="8a413590-d172-43bf-8165-907e68f14fbc" testListId="965f3c63-c679-44b8-ad06-733fff8d9366" />
    <TestEntry testId="9a9e17cf-9cbf-435f-9dfd-dffeddac355d" executionId="50209273-a465-443c-8a1e-57fcb9ffaa66" testListId="965f3c63-c679-44b8-ad06-733fff8d9366" />
    <TestEntry testId="c23ecebe-e4a6-4f18-afb0-adaf0bee9cec" executionId="12e0b670-5736-49a8-8dbd-37131bbfa09f" testListId="965f3c63-c679-44b8-ad06-733fff8d9366" />
    <TestEntry testId="de34152b-05ea-4f4b-baa9-a3fb7cb2d13b" executionId="5f13c7e8-480e-4e0e-851d-3088f5a1861a" testListId="965f3c63-c679-44b8-ad06-733fff8d9366" />
    <TestEntry testId="ff2fae3a-fe02-4a74-b395-828bba809872" executionId="a7e1a0ac-abc3-446f-a441-61e741a9702c" testListId="965f3c63-c679-44b8-ad06-733fff8d9366" />
    <TestEntry testId="3dbd677c-bfc8-4a65-949d-4f0b0a352cae" executionId="feb4a722-4d93-47ba-809f-32a67e1bdec4" testListId="965f3c63-c679-44b8-ad06-733fff8d9366" />
    <TestEntry testId="b3ad8472-37d8-4278-8dbc-904a29b486c7" executionId="98389049-bccd-4ab2-8f24-899ece865526" testListId="965f3c63-c679-44b8-ad06-733fff8d9366" />
    <TestEntry testId="c1c65bc6-4f14-4e34-85c0-c75e58fc8a9c" executionId="31edfeb7-9ce2-4b65-bdaf-a24db93f630a" testListId="965f3c63-c679-44b8-ad06-733fff8d9366" />
    <TestEntry testId="c7a9f629-e2e3-44c9-93f9-bf61ff679084" executionId="351ecba4-a96d-49aa-a634-456214448ca0" testListId="965f3c63-c679-44b8-ad06-733fff8d9366" />
    <TestEntry testId="973076be-7f88-4a4a-9042-1698ef652e88" executionId="e729b5b2-bfd2-4327-87e9-ea1b5e62159a" testListId="965f3c63-c679-44b8-ad06-733fff8d9366" />
    <TestEntry testId="f880dbe9-37da-4e05-b674-15972ea8d72e" executionId="e63a4c48-1aeb-4bf0-a328-1cfa57d508b9" testListId="965f3c63-c679-44b8-ad06-733fff8d9366" />
    <TestEntry testId="64376572-fb79-4d1d-8710-d776da0f150d" executionId="e66f8ab1-73a7-4b51-9171-a8ba17baabc6" testListId="965f3c63-c679-44b8-ad06-733fff8d9366" />
    <TestEntry testId="cfbab53e-b177-4f14-ae43-bda3ad21c13a" executionId="89abe6e2-1c50-4700-a7d3-8e20986eb135" testListId="965f3c63-c679-44b8-ad06-733fff8d9366" />
    <TestEntry testId="b7c2560b-ab49-41fc-951c-762e8a2d702f" executionId="9d2cb3a9-7b5e-443e-a114-4d73864bf6f0" testListId="965f3c63-c679-44b8-ad06-733fff8d9366" />
    <TestEntry testId="90302f3c-2d6d-40d1-8150-6b958b5bee1d" executionId="2ba99406-050b-4f1d-aea7-f9a7aff42914" testListId="965f3c63-c679-44b8-ad06-733fff8d9366" />
    <TestEntry testId="ac7c3908-f2a7-40f1-a87b-a5fae6d5442c" executionId="655196b0-6b58-48db-87ec-1ffad4d511e6" testListId="965f3c63-c679-44b8-ad06-733fff8d9366" />
    <TestEntry testId="b13170d8-34e6-4157-a5c0-78d25a287b2b" executionId="e04981dd-2bf4-4e49-9884-9b971e92f9ab" testListId="965f3c63-c679-44b8-ad06-733fff8d9366" />
    <TestEntry testId="8ce18166-a1ea-4c85-8844-805c767bc50d" executionId="13ea1a1f-636a-454a-acc1-d040c643ba54" testListId="965f3c63-c679-44b8-ad06-733fff8d9366" />
    <TestEntry testId="0490b723-6eed-4b2b-ab7a-d8485aed768f" executionId="918b4285-213c-47da-9300-cde308e9fb80" testListId="965f3c63-c679-44b8-ad06-733fff8d9366" />
    <TestEntry testId="d27b0013-6dec-4daf-96b0-b94f6423db56" executionId="ca89c350-9827-43a7-bc08-9d9533874875" testListId="965f3c63-c679-44b8-ad06-733fff8d9366" />
    <TestEntry testId="7bc314a1-3037-49d8-8a26-ddb0e0af1f05" executionId="21410601-88ca-46a5-952d-f646b43fae1c" testListId="965f3c63-c679-44b8-ad06-733fff8d9366" />
    <TestEntry testId="7e83e831-e4f9-4f3f-9376-3e0c72976e96" executionId="786ad771-d3dc-4e42-aa88-d60a77d9bc37" testListId="965f3c63-c679-44b8-ad06-733fff8d9366" />
    <TestEntry testId="a6ae34a5-3a8f-4d55-8cbb-e99a68a38df7" executionId="f302e186-c569-49aa-81ce-d5d0e423e5a3" testListId="965f3c63-c679-44b8-ad06-733fff8d9366" />
    <TestEntry testId="4920a7b7-01be-413a-bb05-12eabc036e9b" executionId="323b1b4c-fb67-4753-a1b6-42ceabafa942" testListId="965f3c63-c679-44b8-ad06-733fff8d9366" />
    <TestEntry testId="4c6b02cd-862d-491d-b535-905c2a645f1c" executionId="3eb3feed-d7b3-48ad-9fa0-124d734ead75" testListId="965f3c63-c679-44b8-ad06-733fff8d9366" />
    <TestEntry testId="2fe191c9-f415-4de8-b441-9ea911ca7dd2" executionId="12f84d63-f7f4-4d3c-a79f-62c2921c15ff" testListId="965f3c63-c679-44b8-ad06-733fff8d9366" />
    <TestEntry testId="f7d9ab3f-1c5f-4b2a-925d-81847ee24178" executionId="b0a69118-4802-4748-a4a0-009d1d50bb63" testListId="965f3c63-c679-44b8-ad06-733fff8d9366" />
    <TestEntry testId="ea9835bc-c0c3-4ad0-9436-f802261105ec" executionId="00cdfc4a-c957-4d47-8f69-b801d5997891" testListId="965f3c63-c679-44b8-ad06-733fff8d9366" />
    <TestEntry testId="d397ed39-fe22-4cbb-9caa-3a40ebaf8804" executionId="7f93446b-ac97-4b49-bf3b-142f50580021" testListId="965f3c63-c679-44b8-ad06-733fff8d9366" />
    <TestEntry testId="0e68a338-0221-4557-a949-ec2e0f9fbd1f" executionId="b71c56b4-db3d-4ae9-8144-666cd5dc7770" testListId="965f3c63-c679-44b8-ad06-733fff8d9366" />
    <TestEntry testId="2d5dfdab-f00f-466d-b184-eacd6fa9f55b" executionId="1489391e-11d0-4bbd-99dc-70373b017b95" testListId="965f3c63-c679-44b8-ad06-733fff8d9366" />
    <TestEntry testId="5d47c055-9aa7-4abb-ba37-aac2d2222b7a" executionId="092f6ffe-e676-4123-b265-504cc47f06ba" testListId="965f3c63-c679-44b8-ad06-733fff8d9366" />
    <TestEntry testId="ce4fe147-c6f3-49dc-b990-cf210fbce009" executionId="9daa0f95-0caa-4549-9b0f-abe319a09c0e" testListId="965f3c63-c679-44b8-ad06-733fff8d9366" />
    <TestEntry testId="0ae9ec21-942b-46d3-bc4c-c00fb4e47937" executionId="5631d3c2-2bf4-427f-a89f-7185d7a2930f" testListId="965f3c63-c679-44b8-ad06-733fff8d9366" />
    <TestEntry testId="27dbf4cf-066b-4e2a-bde6-13fcb2826121" executionId="c4c8cedd-4fce-416d-967c-a9eee8a4a2d1" testListId="965f3c63-c679-44b8-ad06-733fff8d9366" />
    <TestEntry testId="afc184c1-4532-4927-af49-8624d6b1318f" executionId="dc009845-2959-4e8f-853d-3350105a7473" testListId="965f3c63-c679-44b8-ad06-733fff8d9366" />
    <TestEntry testId="e2b6905d-4cd2-4955-b925-979e06836b78" executionId="d1ab5026-b68c-418b-838f-446e84e0a263" testListId="965f3c63-c679-44b8-ad06-733fff8d9366" />
    <TestEntry testId="5f75abef-c176-411b-8011-cb043c4c49c7" executionId="7e300f4e-7cee-4393-ae51-e23168f2435d" testListId="965f3c63-c679-44b8-ad06-733fff8d9366" />
    <TestEntry testId="13f98865-6ebd-4112-be1c-df9275e88af6" executionId="8481052b-df1c-4bc2-8e89-4521bd8a7caa" testListId="965f3c63-c679-44b8-ad06-733fff8d9366" />
    <TestEntry testId="02245ed1-3466-43e6-97d7-b66aecec72f9" executionId="da73bd3c-8bc8-4c39-9053-8a1ebdf705ed" testListId="965f3c63-c679-44b8-ad06-733fff8d9366" />
    <TestEntry testId="4da53109-dc7f-4294-8097-9b5b2c5ca5b5" executionId="d86cf132-7313-41f8-a65e-b50ca262fa74" testListId="965f3c63-c679-44b8-ad06-733fff8d9366" />
    <TestEntry testId="4cd08cd3-3c70-4ecc-93a3-2d46a3372564" executionId="71639bb7-7950-4a84-a654-0be59527dac1" testListId="965f3c63-c679-44b8-ad06-733fff8d9366" />
    <TestEntry testId="83f68af4-3902-424f-b683-ceeff588d01b" executionId="7323f169-d272-4872-87e5-68aed21cc63e" testListId="965f3c63-c679-44b8-ad06-733fff8d9366" />
    <TestEntry testId="0d9d09d0-83b5-4fbe-864e-f92bea4f70be" executionId="9b498afa-3832-4c27-8fc8-6b9ffd72366c" testListId="965f3c63-c679-44b8-ad06-733fff8d9366" />
    <TestEntry testId="1253bf05-b05d-4a50-950e-c3e1c2c5f753" executionId="2f5b9b97-90cf-42cb-959e-c2a896ef03c1" testListId="965f3c63-c679-44b8-ad06-733fff8d9366" />
    <TestEntry testId="8bd6df3d-2080-433e-90ac-52efd164541f" executionId="8e20cedf-c354-4c3f-b6b3-acf60d8a0f6a" testListId="965f3c63-c679-44b8-ad06-733fff8d9366" />
    <TestEntry testId="0c8be36a-c199-4b16-acae-2d1916423ef0" executionId="af78300d-2301-422e-a85a-e48389199515" testListId="965f3c63-c679-44b8-ad06-733fff8d9366" />
    <TestEntry testId="7c371750-8347-4302-b91b-42fc9b99a42f" executionId="a73155ba-1426-4fcf-8672-cc2378eea7a4" testListId="965f3c63-c679-44b8-ad06-733fff8d9366" />
    <TestEntry testId="519b79d3-9975-47cc-b8c8-6ffba9211865" executionId="cc18c94e-85b8-4e93-b20d-85735978a9ca" testListId="965f3c63-c679-44b8-ad06-733fff8d9366" />
    <TestEntry testId="e87d739d-4fbe-4184-86e3-144239831143" executionId="367a3d2e-9ebc-4e30-81ae-155e929a3962" testListId="965f3c63-c679-44b8-ad06-733fff8d9366" />
    <TestEntry testId="8a1c5577-2a8d-4d9f-8e6b-34e37717b4b9" executionId="50f52711-56a2-4a1a-bfaa-16738c128ea6" testListId="965f3c63-c679-44b8-ad06-733fff8d9366" />
    <TestEntry testId="0ddcb0b5-3d3b-4d74-b6c4-14c86bb26477" executionId="d5bf7e1b-287c-4757-8f94-c1daec3c6f18" testListId="965f3c63-c679-44b8-ad06-733fff8d9366" />
    <TestEntry testId="33ecd1f0-449f-4067-9e66-4e29bf9aa2f7" executionId="c87705e3-af0d-4cc8-9013-110bb4bec920" testListId="965f3c63-c679-44b8-ad06-733fff8d9366" />
    <TestEntry testId="823f80ef-a952-419d-a1bf-3c9f612834d5" executionId="8a520cad-99d0-4260-8fb5-18d68f094619" testListId="965f3c63-c679-44b8-ad06-733fff8d9366" />
    <TestEntry testId="4c8454fc-1ac2-47ff-9304-f650b9bd8b49" executionId="11baf527-ec01-42cc-8dc0-5ade182a429a" testListId="965f3c63-c679-44b8-ad06-733fff8d9366" />
    <TestEntry testId="492682d0-eb24-4296-a394-34dccb795d0f" executionId="0a2bd1c2-e9de-4128-8e9d-018c28b8d6a2" testListId="965f3c63-c679-44b8-ad06-733fff8d9366" />
    <TestEntry testId="dd35bdea-1133-402f-ae1f-e5516262e34a" executionId="b881375e-95ef-40e1-a8ea-f233d7be7ecb" testListId="965f3c63-c679-44b8-ad06-733fff8d9366" />
    <TestEntry testId="08d9c86e-fd61-4162-8a07-4ccebf0e176e" executionId="99682b79-75cb-4a75-a350-ead052337851" testListId="965f3c63-c679-44b8-ad06-733fff8d9366" />
    <TestEntry testId="dcc79d63-a90e-463f-9c30-8344f8ec3ab8" executionId="ce45d383-7531-4975-a2ac-2e27699746ea" testListId="965f3c63-c679-44b8-ad06-733fff8d9366" />
    <TestEntry testId="2424955b-24c1-4d64-a7da-9d31f3a534c4" executionId="b12aa19c-5ada-4a5c-b0a7-538429c8d323" testListId="965f3c63-c679-44b8-ad06-733fff8d9366" />
    <TestEntry testId="6786077d-38f4-45b6-b6e5-8d78c39ffdae" executionId="c020082d-5223-416f-90e7-bc5afe1e99c4" testListId="965f3c63-c679-44b8-ad06-733fff8d9366" />
    <TestEntry testId="6c88b687-abdc-4098-b92d-bbdf9e2e30a2" executionId="2bfd7db3-f22d-412a-9ed9-3f6b8744f604" testListId="965f3c63-c679-44b8-ad06-733fff8d9366" />
    <TestEntry testId="4b13af84-2b91-493b-9545-74d01f4c2922" executionId="28991e54-a347-46b1-9ecf-5503ec789192" testListId="965f3c63-c679-44b8-ad06-733fff8d9366" />
    <TestEntry testId="28aa6f95-b050-44b1-bca3-7445da42cf04" executionId="c93d02aa-5406-418d-9e2e-0ec62e8b2894" testListId="965f3c63-c679-44b8-ad06-733fff8d9366" />
    <TestEntry testId="fd86ac71-d6f1-461e-ae77-cd7ae38f1b9d" executionId="9c98defc-df46-4555-aedf-62900e4efdf2" testListId="965f3c63-c679-44b8-ad06-733fff8d9366" />
    <TestEntry testId="765d459e-bb96-4abf-8937-b5f56c7d5142" executionId="e8988292-3edf-4d90-b221-25178052d377" testListId="965f3c63-c679-44b8-ad06-733fff8d9366" />
    <TestEntry testId="8af2d99b-c3b2-4efd-9395-eeba1b0f1592" executionId="741c720c-eb5c-4ce1-b004-d89f5a446172" testListId="965f3c63-c679-44b8-ad06-733fff8d9366" />
    <TestEntry testId="f9da52b1-b729-4cd7-9bb7-6344f20454e2" executionId="41c8fe6e-f074-4c48-b430-4427e6849836" testListId="965f3c63-c679-44b8-ad06-733fff8d9366" />
    <TestEntry testId="2eb8e92e-bebe-4237-94e1-e74d815d395b" executionId="f0927868-f21e-45dc-84b7-abddbf6153c8" testListId="965f3c63-c679-44b8-ad06-733fff8d9366" />
  </TestEntries>
  <TestLists>
    <TestList name="Results Not in a List" id="965f3c63-c679-44b8-ad06-733fff8d9366" />
    <TestList name="All Loaded Results" id="7f24357f-ab5b-47ef-be54-9fe04346b21a" />
  </TestLists>
</TestRun>