<?xml version="1.0" encoding="UTF-8"?>
<TestRun id="7f05d1e5-fd28-4e64-8a10-42cb147210b1" name="Test Run 65" runUser="Oles Galatsan" xmlns="http://microsoft.com/schemas/VisualStudio/TeamTest/2010">
  <Times creation="2025-05-14T13:20:31.3125482Z" queuing="2025-05-14T13:20:31.3125482Z" start="2025-05-14T13:20:31.3146610Z" finish="2025-05-14T13:25:31.3147553Z" />
  <TestSettings name="Test Settings 65" id="7563c353-3174-41cc-b80a-cfcf7e8b0a57" />
  <Results>
    <UnitTestResult executionId="7b1e7d42-9ba6-4312-b6ee-c96eec45429d" testId="1607e892-5963-4090-82c5-85a0b7c967d2" testName="Test6401" computerName="UA-LPT-OGA2" duration="00:00:01.1180000" startTime="2025-05-14T13:20:31.3146610Z" endTime="2025-05-14T13:25:31.3147553Z" testType="13cdc9d9-ddb5-4fa4-a97d-d965ccfc6d4b" outcome="Passed" testListId="79568fbc-89f4-4c3b-ae28-6683678cf0ef" />
    <UnitTestResult executionId="1075b282-774f-490b-8e52-bf46cb63fce6" testId="95ecdbf6-b073-4024-b6c7-1ab78356ada6" testName="Test6402" computerName="UA-LPT-OGA2" duration="00:00:00.3070000" startTime="2025-05-14T13:20:31.3146610Z" endTime="2025-05-14T13:25:31.3147553Z" testType="13cdc9d9-ddb5-4fa4-a97d-d965ccfc6d4b" outcome="Passed" testListId="79568fbc-89f4-4c3b-ae28-6683678cf0ef" />
    <UnitTestResult executionId="5a406d2e-5045-4c7e-b00a-8c69cd00510f" testId="2cc91a08-0c00-4f57-a61d-2d0d8240ceba" testName="Test6403" computerName="UA-LPT-OGA2" duration="00:00:00.5470000" startTime="2025-05-14T13:20:31.3146610Z" endTime="2025-05-14T13:25:31.3147553Z" testType="13cdc9d9-ddb5-4fa4-a97d-d965ccfc6d4b" outcome="Passed" testListId="79568fbc-89f4-4c3b-ae28-6683678cf0ef" />
    <UnitTestResult executionId="70d17e9b-df1f-422e-a99b-f4c325f4441c" testId="93d2d4f0-e9ff-403b-bc3d-43e92cb3dde9" testName="Test6404" computerName="UA-LPT-OGA2" duration="00:00:01.4740000" startTime="2025-05-14T13:20:31.3146610Z" endTime="2025-05-14T13:25:31.3147553Z" testType="13cdc9d9-ddb5-4fa4-a97d-d965ccfc6d4b" outcome="Passed" testListId="79568fbc-89f4-4c3b-ae28-6683678cf0ef" />
    <UnitTestResult executionId="4d647d64-810d-46ef-ad17-2133e5262c88" testId="debcb91a-437f-4e6d-82f5-3acd59537e76" testName="Test6405" computerName="UA-LPT-OGA2" duration="00:00:00.9420000" startTime="2025-05-14T13:20:31.3146610Z" endTime="2025-05-14T13:25:31.3147553Z" testType="13cdc9d9-ddb5-4fa4-a97d-d965ccfc6d4b" outcome="Passed" testListId="79568fbc-89f4-4c3b-ae28-6683678cf0ef" />
    <UnitTestResult executionId="8422c13a-1cc0-487f-9ad6-1b696bc79fde" testId="e88d3c54-48e1-4056-ac7d-ae4243a1516e" testName="Test6406" computerName="UA-LPT-OGA2" duration="00:00:00.9370000" startTime="2025-05-14T13:20:31.3146610Z" endTime="2025-05-14T13:25:31.3147553Z" testType="13cdc9d9-ddb5-4fa4-a97d-d965ccfc6d4b" outcome="Passed" testListId="79568fbc-89f4-4c3b-ae28-6683678cf0ef" />
    <UnitTestResult executionId="5d59f5fd-6534-4c6a-9394-2ef7744f2b1e" testId="e2b12708-c63d-40b8-bc03-a52c8019dcd6" testName="Test6407" computerName="UA-LPT-OGA2" duration="00:00:00.6000000" startTime="2025-05-14T13:20:31.3146610Z" endTime="2025-05-14T13:25:31.3147553Z" testType="13cdc9d9-ddb5-4fa4-a97d-d965ccfc6d4b" outcome="Passed" testListId="79568fbc-89f4-4c3b-ae28-6683678cf0ef" />
    <UnitTestResult executionId="e3ae7c1e-68a7-4c3d-9996-798ecb09eb69" testId="391c93e7-d387-4d9d-a36b-28adad63eedb" testName="Test6408" computerName="UA-LPT-OGA2" duration="00:00:01.3200000" startTime="2025-05-14T13:20:31.3146610Z" endTime="2025-05-14T13:25:31.3147553Z" testType="13cdc9d9-ddb5-4fa4-a97d-d965ccfc6d4b" outcome="Passed" testListId="79568fbc-89f4-4c3b-ae28-6683678cf0ef" />
    <UnitTestResult executionId="385aa9b2-6452-438b-88ab-07a48eae4d69" testId="d0d23065-2972-424e-b25a-d1207bb7f1de" testName="Test6409" computerName="UA-LPT-OGA2" duration="00:00:00.4910000" startTime="2025-05-14T13:20:31.3146610Z" endTime="2025-05-14T13:25:31.3147553Z" testType="13cdc9d9-ddb5-4fa4-a97d-d965ccfc6d4b" outcome="Passed" testListId="79568fbc-89f4-4c3b-ae28-6683678cf0ef" />
    <UnitTestResult executionId="0d1773ee-39b2-42c3-b540-e8fc87988abd" testId="d505a256-8bb2-410c-a7a6-04940076cde7" testName="Test6410" computerName="UA-LPT-OGA2" duration="00:00:01.1520000" startTime="2025-05-14T13:20:31.3146610Z" endTime="2025-05-14T13:25:31.3147553Z" testType="13cdc9d9-ddb5-4fa4-a97d-d965ccfc6d4b" outcome="Passed" testListId="79568fbc-89f4-4c3b-ae28-6683678cf0ef" />
    <UnitTestResult executionId="fc5218ac-bcfd-43b6-9873-b10492621153" testId="22bb7501-7d80-4540-ac70-c4cb35be72c4" testName="Test6411" computerName="UA-LPT-OGA2" duration="00:00:00.9010000" startTime="2025-05-14T13:20:31.3146610Z" endTime="2025-05-14T13:25:31.3147553Z" testType="13cdc9d9-ddb5-4fa4-a97d-d965ccfc6d4b" outcome="Passed" testListId="79568fbc-89f4-4c3b-ae28-6683678cf0ef" />
    <UnitTestResult executionId="8b2b0a63-9b95-41b3-a69d-5b234bcd56ff" testId="56fa0288-afb5-4804-be8d-930bcc9fa1c5" testName="Test6412" computerName="UA-LPT-OGA2" duration="00:00:00.1300000" startTime="2025-05-14T13:20:31.3146610Z" endTime="2025-05-14T13:25:31.3147553Z" testType="13cdc9d9-ddb5-4fa4-a97d-d965ccfc6d4b" outcome="Passed" testListId="79568fbc-89f4-4c3b-ae28-6683678cf0ef" />
    <UnitTestResult executionId="f9d2dc55-56d5-435c-b64b-797046c4fb40" testId="2543cc1a-fdae-4180-bbe2-44490b5c080f" testName="Test6413" computerName="UA-LPT-OGA2" duration="00:00:00.5920000" startTime="2025-05-14T13:20:31.3146610Z" endTime="2025-05-14T13:25:31.3147553Z" testType="13cdc9d9-ddb5-4fa4-a97d-d965ccfc6d4b" outcome="Passed" testListId="79568fbc-89f4-4c3b-ae28-6683678cf0ef" />
    <UnitTestResult executionId="790211f7-98fb-4671-ad5c-0fe59755a61e" testId="8de31430-2ebc-4b3b-9aca-8e910b344551" testName="Test6414" computerName="UA-LPT-OGA2" duration="00:00:00.1940000" startTime="2025-05-14T13:20:31.3146610Z" endTime="2025-05-14T13:25:31.3147553Z" testType="13cdc9d9-ddb5-4fa4-a97d-d965ccfc6d4b" outcome="Passed" testListId="79568fbc-89f4-4c3b-ae28-6683678cf0ef" />
    <UnitTestResult executionId="afb74835-a9be-4c30-9e82-77cf74217c49" testId="a590dfa3-3f01-4d88-9f66-7c2699c352e2" testName="Test6415" computerName="UA-LPT-OGA2" duration="00:00:00.0380000" startTime="2025-05-14T13:20:31.3146610Z" endTime="2025-05-14T13:25:31.3147553Z" testType="13cdc9d9-ddb5-4fa4-a97d-d965ccfc6d4b" outcome="Passed" testListId="79568fbc-89f4-4c3b-ae28-6683678cf0ef" />
    <UnitTestResult executionId="337330ab-9c87-4d6b-9abb-feacd25b9111" testId="6300b43a-a34e-4b9f-babb-6a154deede87" testName="Test6416" computerName="UA-LPT-OGA2" duration="00:00:01.1360000" startTime="2025-05-14T13:20:31.3146610Z" endTime="2025-05-14T13:25:31.3147553Z" testType="13cdc9d9-ddb5-4fa4-a97d-d965ccfc6d4b" outcome="Failed" testListId="79568fbc-89f4-4c3b-ae28-6683678cf0ef">
      <Output>
        <ErrorInfo>
          <Message>Assertion failed: Expected value did not match actual value.</Message>
          <StackTrace>   at TestNamespace.TestClass.Test() in TestClass.cs:line 467</StackTrace>
        </ErrorInfo>
      </Output>
    </UnitTestResult>
    <UnitTestResult executionId="3ac4a070-8ce7-4e55-be73-077f073a28ac" testId="77f48cc5-b63d-45c9-86da-90a0ae0fc0c4" testName="Test6417" computerName="UA-LPT-OGA2" duration="00:00:01.9970000" startTime="2025-05-14T13:20:31.3146610Z" endTime="2025-05-14T13:25:31.3147553Z" testType="13cdc9d9-ddb5-4fa4-a97d-d965ccfc6d4b" outcome="Failed" testListId="79568fbc-89f4-4c3b-ae28-6683678cf0ef">
      <Output>
        <ErrorInfo>
          <Message>Assertion failed: Expected value did not match actual value.</Message>
          <StackTrace>   at TestNamespace.TestClass.Test() in TestClass.cs:line 472</StackTrace>
        </ErrorInfo>
      </Output>
    </UnitTestResult>
    <UnitTestResult executionId="c984765d-707e-4899-a7bf-34808a434d85" testId="f1d34c0e-69f7-4eff-a813-70607d77f9cb" testName="Test6418" computerName="UA-LPT-OGA2" duration="00:00:01.5270000" startTime="2025-05-14T13:20:31.3146610Z" endTime="2025-05-14T13:25:31.3147553Z" testType="13cdc9d9-ddb5-4fa4-a97d-d965ccfc6d4b" outcome="Passed" testListId="79568fbc-89f4-4c3b-ae28-6683678cf0ef" />
    <UnitTestResult executionId="132ef8f1-eade-40e2-bc3f-268964f50dcc" testId="4a668fd0-787c-45dc-a8df-a472734a9068" testName="Test6419" computerName="UA-LPT-OGA2" duration="00:00:01.2740000" startTime="2025-05-14T13:20:31.3146610Z" endTime="2025-05-14T13:25:31.3147553Z" testType="13cdc9d9-ddb5-4fa4-a97d-d965ccfc6d4b" outcome="Passed" testListId="79568fbc-89f4-4c3b-ae28-6683678cf0ef" />
    <UnitTestResult executionId="944a4a4e-4b42-417d-9dd1-3da39f324f30" testId="61f2e084-baa3-4fb4-b673-e6cf2ee9f097" testName="Test6420" computerName="UA-LPT-OGA2" duration="00:00:01.4660000" startTime="2025-05-14T13:20:31.3146610Z" endTime="2025-05-14T13:25:31.3147553Z" testType="13cdc9d9-ddb5-4fa4-a97d-d965ccfc6d4b" outcome="Failed" testListId="79568fbc-89f4-4c3b-ae28-6683678cf0ef">
      <Output>
        <ErrorInfo>
          <Message>Assertion failed: Expected value did not match actual value.</Message>
          <StackTrace>   at TestNamespace.TestClass.Test() in TestClass.cs:line 23</StackTrace>
        </ErrorInfo>
      </Output>
    </UnitTestResult>
    <UnitTestResult executionId="5d2f29e2-1d2a-4c23-86cd-543834ee2903" testId="a1ff9e1c-d2e2-431c-a698-154b1079c362" testName="Test6421" computerName="UA-LPT-OGA2" duration="00:00:01.3110000" startTime="2025-05-14T13:20:31.3146610Z" endTime="2025-05-14T13:25:31.3147553Z" testType="13cdc9d9-ddb5-4fa4-a97d-d965ccfc6d4b" outcome="Passed" testListId="79568fbc-89f4-4c3b-ae28-6683678cf0ef" />
    <UnitTestResult executionId="7adca69e-0f21-4470-8c3d-f8d092594f86" testId="80a5c4a0-6f27-4dcb-9d9e-67bd3e0b9a5f" testName="Test6422" computerName="UA-LPT-OGA2" duration="00:00:00.7920000" startTime="2025-05-14T13:20:31.3146610Z" endTime="2025-05-14T13:25:31.3147553Z" testType="13cdc9d9-ddb5-4fa4-a97d-d965ccfc6d4b" outcome="Passed" testListId="79568fbc-89f4-4c3b-ae28-6683678cf0ef" />
    <UnitTestResult executionId="5054b5f9-6bc8-41ea-8d7f-c6a7fb6c625f" testId="8571c476-31d2-47c7-b0b4-27fbff5b44eb" testName="Test6423" computerName="UA-LPT-OGA2" duration="00:00:01.5580000" startTime="2025-05-14T13:20:31.3146610Z" endTime="2025-05-14T13:25:31.3147553Z" testType="13cdc9d9-ddb5-4fa4-a97d-d965ccfc6d4b" outcome="Passed" testListId="79568fbc-89f4-4c3b-ae28-6683678cf0ef" />
    <UnitTestResult executionId="3c9a7cb3-71aa-4fac-a1d8-a949b57b03e5" testId="c95cbbdd-09e7-4fa4-bfb9-28b63778e373" testName="Test6424" computerName="UA-LPT-OGA2" duration="00:00:01.7920000" startTime="2025-05-14T13:20:31.3146610Z" endTime="2025-05-14T13:25:31.3147553Z" testType="13cdc9d9-ddb5-4fa4-a97d-d965ccfc6d4b" outcome="Passed" testListId="79568fbc-89f4-4c3b-ae28-6683678cf0ef" />
    <UnitTestResult executionId="272566f7-9362-473c-ac1a-78d56ce9ab88" testId="fb693824-5677-49dc-bd1c-c8d0f3ce41e3" testName="Test6425" computerName="UA-LPT-OGA2" duration="00:00:00.9440000" startTime="2025-05-14T13:20:31.3146610Z" endTime="2025-05-14T13:25:31.3147553Z" testType="13cdc9d9-ddb5-4fa4-a97d-d965ccfc6d4b" outcome="Passed" testListId="79568fbc-89f4-4c3b-ae28-6683678cf0ef" />
    <UnitTestResult executionId="1a8ca933-2a14-4b02-a6d8-d0968e8e996a" testId="a68bdf76-f923-4739-9045-e4b4f0a82da1" testName="Test6426" computerName="UA-LPT-OGA2" duration="00:00:00.7880000" startTime="2025-05-14T13:20:31.3146610Z" endTime="2025-05-14T13:25:31.3147553Z" testType="13cdc9d9-ddb5-4fa4-a97d-d965ccfc6d4b" outcome="Passed" testListId="79568fbc-89f4-4c3b-ae28-6683678cf0ef" />
    <UnitTestResult executionId="14cb550c-bce7-456d-9f63-dcaad5bc7d82" testId="5f6541b8-af3e-4615-a8c8-1c06b74923cc" testName="Test6427" computerName="UA-LPT-OGA2" duration="00:00:01.7410000" startTime="2025-05-14T13:20:31.3146610Z" endTime="2025-05-14T13:25:31.3147553Z" testType="13cdc9d9-ddb5-4fa4-a97d-d965ccfc6d4b" outcome="Passed" testListId="79568fbc-89f4-4c3b-ae28-6683678cf0ef" />
    <UnitTestResult executionId="baddcf83-2c20-42b9-bb7a-f7b17f24d961" testId="3aec454f-202e-409c-9231-9b4dca4584e1" testName="Test6428" computerName="UA-LPT-OGA2" duration="00:00:00.6460000" startTime="2025-05-14T13:20:31.3146610Z" endTime="2025-05-14T13:25:31.3147553Z" testType="13cdc9d9-ddb5-4fa4-a97d-d965ccfc6d4b" outcome="Passed" testListId="79568fbc-89f4-4c3b-ae28-6683678cf0ef" />
    <UnitTestResult executionId="70a2f644-aadc-460b-bcf0-04888c480358" testId="db71b7e7-53bf-4083-8126-fb89965ad7b6" testName="Test6429" computerName="UA-LPT-OGA2" duration="00:00:00.0120000" startTime="2025-05-14T13:20:31.3146610Z" endTime="2025-05-14T13:25:31.3147553Z" testType="13cdc9d9-ddb5-4fa4-a97d-d965ccfc6d4b" outcome="Passed" testListId="79568fbc-89f4-4c3b-ae28-6683678cf0ef" />
    <UnitTestResult executionId="ba0ca7a1-a31e-4ff8-b11f-a40a5c8c54b9" testId="7d8ee1fa-4573-4dc2-8cc9-337e2a309a36" testName="Test6430" computerName="UA-LPT-OGA2" duration="00:00:00.5040000" startTime="2025-05-14T13:20:31.3146610Z" endTime="2025-05-14T13:25:31.3147553Z" testType="13cdc9d9-ddb5-4fa4-a97d-d965ccfc6d4b" outcome="Passed" testListId="79568fbc-89f4-4c3b-ae28-6683678cf0ef" />
    <UnitTestResult executionId="0232d790-beeb-4cb7-9db6-3b85fc3219a8" testId="38ebd840-7f65-4136-9737-ee66c607b171" testName="Test6431" computerName="UA-LPT-OGA2" duration="00:00:01.9710000" startTime="2025-05-14T13:20:31.3146610Z" endTime="2025-05-14T13:25:31.3147553Z" testType="13cdc9d9-ddb5-4fa4-a97d-d965ccfc6d4b" outcome="Passed" testListId="79568fbc-89f4-4c3b-ae28-6683678cf0ef" />
    <UnitTestResult executionId="4dade705-6fc7-4ae6-a23d-94fc0ecc04b4" testId="6ac64bee-402c-4323-92d3-d480abb3b4b6" testName="Test6432" computerName="UA-LPT-OGA2" duration="00:00:00.5720000" startTime="2025-05-14T13:20:31.3146610Z" endTime="2025-05-14T13:25:31.3147553Z" testType="13cdc9d9-ddb5-4fa4-a97d-d965ccfc6d4b" outcome="Passed" testListId="79568fbc-89f4-4c3b-ae28-6683678cf0ef" />
    <UnitTestResult executionId="cc36063a-104e-490c-b321-1a467d0e87df" testId="2da87cde-8655-46fe-8d5b-c8e1e230cece" testName="Test6433" computerName="UA-LPT-OGA2" duration="00:00:00.1210000" startTime="2025-05-14T13:20:31.3146610Z" endTime="2025-05-14T13:25:31.3147553Z" testType="13cdc9d9-ddb5-4fa4-a97d-d965ccfc6d4b" outcome="Passed" testListId="79568fbc-89f4-4c3b-ae28-6683678cf0ef" />
    <UnitTestResult executionId="e49160d8-f928-43c0-9fe0-f0093d56a147" testId="2016c0fc-c24c-493d-aae9-6ab047baa515" testName="Test6434" computerName="UA-LPT-OGA2" duration="00:00:00.5350000" startTime="2025-05-14T13:20:31.3146610Z" endTime="2025-05-14T13:25:31.3147553Z" testType="13cdc9d9-ddb5-4fa4-a97d-d965ccfc6d4b" outcome="Passed" testListId="79568fbc-89f4-4c3b-ae28-6683678cf0ef" />
    <UnitTestResult executionId="d856c905-c863-482a-a4c0-0abcbf3872ee" testId="9a7eb47f-cc38-461d-a6ad-6749e81af91a" testName="Test6435" computerName="UA-LPT-OGA2" duration="00:00:00.1060000" startTime="2025-05-14T13:20:31.3146610Z" endTime="2025-05-14T13:25:31.3147553Z" testType="13cdc9d9-ddb5-4fa4-a97d-d965ccfc6d4b" outcome="Passed" testListId="79568fbc-89f4-4c3b-ae28-6683678cf0ef" />
    <UnitTestResult executionId="084b1bfc-0e24-40a4-8f4a-8c33d3dc4f91" testId="82cc10e5-67cc-4e09-aace-dba3343e0c05" testName="Test6436" computerName="UA-LPT-OGA2" duration="00:00:00.1650000" startTime="2025-05-14T13:20:31.3146610Z" endTime="2025-05-14T13:25:31.3147553Z" testType="13cdc9d9-ddb5-4fa4-a97d-d965ccfc6d4b" outcome="Passed" testListId="79568fbc-89f4-4c3b-ae28-6683678cf0ef" />
    <UnitTestResult executionId="54c5adfb-bd4f-44ff-b375-bb1f84a19722" testId="aa787c80-4e21-493e-8188-a4eb3ab44ca6" testName="Test6437" computerName="UA-LPT-OGA2" duration="00:00:01.9580000" startTime="2025-05-14T13:20:31.3146610Z" endTime="2025-05-14T13:25:31.3147553Z" testType="13cdc9d9-ddb5-4fa4-a97d-d965ccfc6d4b" outcome="Passed" testListId="79568fbc-89f4-4c3b-ae28-6683678cf0ef" />
    <UnitTestResult executionId="515902c7-4aaf-4c83-a100-7464a37f1f99" testId="fc6acd50-85df-414d-a6c0-305b53acd415" testName="Test6438" computerName="UA-LPT-OGA2" duration="00:00:01.0650000" startTime="2025-05-14T13:20:31.3146610Z" endTime="2025-05-14T13:25:31.3147553Z" testType="13cdc9d9-ddb5-4fa4-a97d-d965ccfc6d4b" outcome="Passed" testListId="79568fbc-89f4-4c3b-ae28-6683678cf0ef" />
    <UnitTestResult executionId="b7683d60-3bf9-4d12-af54-a1bfb883a607" testId="9664419a-0bbf-46cd-b759-a8ab93bf7796" testName="Test6439" computerName="UA-LPT-OGA2" duration="00:00:00.2770000" startTime="2025-05-14T13:20:31.3146610Z" endTime="2025-05-14T13:25:31.3147553Z" testType="13cdc9d9-ddb5-4fa4-a97d-d965ccfc6d4b" outcome="Passed" testListId="79568fbc-89f4-4c3b-ae28-6683678cf0ef" />
    <UnitTestResult executionId="9f3a96c3-c007-4784-8df2-01f18d6a3cd2" testId="bba7d31a-be7a-4368-a419-211cf981809d" testName="Test6440" computerName="UA-LPT-OGA2" duration="00:00:00.9470000" startTime="2025-05-14T13:20:31.3146610Z" endTime="2025-05-14T13:25:31.3147553Z" testType="13cdc9d9-ddb5-4fa4-a97d-d965ccfc6d4b" outcome="Passed" testListId="79568fbc-89f4-4c3b-ae28-6683678cf0ef" />
    <UnitTestResult executionId="04b3543a-ba30-4f20-be10-5ad1a153ecbb" testId="a01cb120-2ed1-473d-837d-5b57dd12a3d2" testName="Test6441" computerName="UA-LPT-OGA2" duration="00:00:00.0960000" startTime="2025-05-14T13:20:31.3146610Z" endTime="2025-05-14T13:25:31.3147553Z" testType="13cdc9d9-ddb5-4fa4-a97d-d965ccfc6d4b" outcome="Passed" testListId="79568fbc-89f4-4c3b-ae28-6683678cf0ef" />
    <UnitTestResult executionId="fbf64d16-37be-4923-af29-a0f138b3caf0" testId="201cebc1-47c6-45f7-a818-b6de168960a1" testName="Test6442" computerName="UA-LPT-OGA2" duration="00:00:01.4110000" startTime="2025-05-14T13:20:31.3146610Z" endTime="2025-05-14T13:25:31.3147553Z" testType="13cdc9d9-ddb5-4fa4-a97d-d965ccfc6d4b" outcome="Passed" testListId="79568fbc-89f4-4c3b-ae28-6683678cf0ef" />
    <UnitTestResult executionId="28f0865d-f8b3-410f-a2da-a0c2298a5d20" testId="35a8b284-438c-4ad9-9153-a7c93fdcb3e4" testName="Test6443" computerName="UA-LPT-OGA2" duration="00:00:01.1420000" startTime="2025-05-14T13:20:31.3146610Z" endTime="2025-05-14T13:25:31.3147553Z" testType="13cdc9d9-ddb5-4fa4-a97d-d965ccfc6d4b" outcome="Passed" testListId="79568fbc-89f4-4c3b-ae28-6683678cf0ef" />
    <UnitTestResult executionId="a3a3cf0c-9d40-4842-b776-c2a6ec53bdf2" testId="dcb69636-67b3-4118-816f-bdc58ed05e60" testName="Test6444" computerName="UA-LPT-OGA2" duration="00:00:01.2990000" startTime="2025-05-14T13:20:31.3146610Z" endTime="2025-05-14T13:25:31.3147553Z" testType="13cdc9d9-ddb5-4fa4-a97d-d965ccfc6d4b" outcome="Passed" testListId="79568fbc-89f4-4c3b-ae28-6683678cf0ef" />
    <UnitTestResult executionId="4aa6b9ce-22f5-42e9-bb3f-e2a9d56201f1" testId="d756e746-049c-4f0a-9080-7c5ef5d3a3ee" testName="Test6445" computerName="UA-LPT-OGA2" duration="00:00:01.6950000" startTime="2025-05-14T13:20:31.3146610Z" endTime="2025-05-14T13:25:31.3147553Z" testType="13cdc9d9-ddb5-4fa4-a97d-d965ccfc6d4b" outcome="Passed" testListId="79568fbc-89f4-4c3b-ae28-6683678cf0ef" />
    <UnitTestResult executionId="ee3d6ba7-c7ad-4b4d-8199-ab196900fd9d" testId="fd6d1cfe-17dc-40e7-b4ef-89722a596f97" testName="Test6446" computerName="UA-LPT-OGA2" duration="00:00:01.0330000" startTime="2025-05-14T13:20:31.3146610Z" endTime="2025-05-14T13:25:31.3147553Z" testType="13cdc9d9-ddb5-4fa4-a97d-d965ccfc6d4b" outcome="Passed" testListId="79568fbc-89f4-4c3b-ae28-6683678cf0ef" />
    <UnitTestResult executionId="dcb95fb3-f1c8-4290-9515-709ace1c4942" testId="ac1dda76-d836-4d67-98a0-8ac501e4ae9b" testName="Test6447" computerName="UA-LPT-OGA2" duration="00:00:01.9430000" startTime="2025-05-14T13:20:31.3146610Z" endTime="2025-05-14T13:25:31.3147553Z" testType="13cdc9d9-ddb5-4fa4-a97d-d965ccfc6d4b" outcome="Passed" testListId="79568fbc-89f4-4c3b-ae28-6683678cf0ef" />
    <UnitTestResult executionId="b3604445-35d9-44f2-973b-9ed61892cdbf" testId="149d07b5-ae6d-499d-9e6d-7fa92e69a9fb" testName="Test6448" computerName="UA-LPT-OGA2" duration="00:00:00.8690000" startTime="2025-05-14T13:20:31.3146610Z" endTime="2025-05-14T13:25:31.3147553Z" testType="13cdc9d9-ddb5-4fa4-a97d-d965ccfc6d4b" outcome="Passed" testListId="79568fbc-89f4-4c3b-ae28-6683678cf0ef" />
    <UnitTestResult executionId="e4055b22-cbfd-4c7b-ac96-4ef20c7adf4e" testId="0e30ad65-ae04-40da-9d69-057f96fe18e6" testName="Test6449" computerName="UA-LPT-OGA2" duration="00:00:01.8840000" startTime="2025-05-14T13:20:31.3146610Z" endTime="2025-05-14T13:25:31.3147553Z" testType="13cdc9d9-ddb5-4fa4-a97d-d965ccfc6d4b" outcome="Passed" testListId="79568fbc-89f4-4c3b-ae28-6683678cf0ef" />
    <UnitTestResult executionId="4c615ba9-40bf-43a7-bbd9-9aa33268803e" testId="66d51d9e-1c74-49f3-b00e-d4f393a8e31c" testName="Test6450" computerName="UA-LPT-OGA2" duration="00:00:00.8220000" startTime="2025-05-14T13:20:31.3146610Z" endTime="2025-05-14T13:25:31.3147553Z" testType="13cdc9d9-ddb5-4fa4-a97d-d965ccfc6d4b" outcome="Passed" testListId="79568fbc-89f4-4c3b-ae28-6683678cf0ef" />
    <UnitTestResult executionId="62693bc8-5865-4bdc-828c-5fc0ac441f48" testId="224471f6-4674-4373-a7c3-8c4d1410db12" testName="Test6451" computerName="UA-LPT-OGA2" duration="00:00:00.8690000" startTime="2025-05-14T13:20:31.3146610Z" endTime="2025-05-14T13:25:31.3147553Z" testType="13cdc9d9-ddb5-4fa4-a97d-d965ccfc6d4b" outcome="Passed" testListId="79568fbc-89f4-4c3b-ae28-6683678cf0ef" />
    <UnitTestResult executionId="9d388c1a-5d28-47df-9e34-2aa8b2ecb3f6" testId="f293ba40-acb3-4af0-90da-527f5ddab0cd" testName="Test6452" computerName="UA-LPT-OGA2" duration="00:00:01.0230000" startTime="2025-05-14T13:20:31.3146610Z" endTime="2025-05-14T13:25:31.3147553Z" testType="13cdc9d9-ddb5-4fa4-a97d-d965ccfc6d4b" outcome="Passed" testListId="79568fbc-89f4-4c3b-ae28-6683678cf0ef" />
    <UnitTestResult executionId="20560dd4-a989-463c-9292-6c708fac937b" testId="beb1f9d7-35b2-4a59-9c98-2b15934abac8" testName="Test6453" computerName="UA-LPT-OGA2" duration="00:00:00.8310000" startTime="2025-05-14T13:20:31.3146610Z" endTime="2025-05-14T13:25:31.3147553Z" testType="13cdc9d9-ddb5-4fa4-a97d-d965ccfc6d4b" outcome="Passed" testListId="79568fbc-89f4-4c3b-ae28-6683678cf0ef" />
    <UnitTestResult executionId="f2aba72b-22e2-41df-bfcd-229b38461174" testId="3e1c8d5c-3e8c-42c8-a55f-5a82e428d86c" testName="Test6454" computerName="UA-LPT-OGA2" duration="00:00:00.0750000" startTime="2025-05-14T13:20:31.3146610Z" endTime="2025-05-14T13:25:31.3147553Z" testType="13cdc9d9-ddb5-4fa4-a97d-d965ccfc6d4b" outcome="Passed" testListId="79568fbc-89f4-4c3b-ae28-6683678cf0ef" />
    <UnitTestResult executionId="9d7aa46d-b6ff-42a4-82d6-35801bd138c5" testId="3cd0af56-f3b8-432e-abdc-79688f9d792f" testName="Test6455" computerName="UA-LPT-OGA2" duration="00:00:00.9020000" startTime="2025-05-14T13:20:31.3146610Z" endTime="2025-05-14T13:25:31.3147553Z" testType="13cdc9d9-ddb5-4fa4-a97d-d965ccfc6d4b" outcome="Passed" testListId="79568fbc-89f4-4c3b-ae28-6683678cf0ef" />
    <UnitTestResult executionId="388c9fb6-964b-48df-b323-1a9dd1419fab" testId="92056813-aa01-421a-a63e-9206326671c6" testName="Test6456" computerName="UA-LPT-OGA2" duration="00:00:01.3560000" startTime="2025-05-14T13:20:31.3146610Z" endTime="2025-05-14T13:25:31.3147553Z" testType="13cdc9d9-ddb5-4fa4-a97d-d965ccfc6d4b" outcome="Passed" testListId="79568fbc-89f4-4c3b-ae28-6683678cf0ef" />
    <UnitTestResult executionId="3e578ab2-f722-4204-b994-076bfb6e8104" testId="fcbe595d-cac6-4480-9d8b-5a6200ec3418" testName="Test6457" computerName="UA-LPT-OGA2" duration="00:00:01.9590000" startTime="2025-05-14T13:20:31.3146610Z" endTime="2025-05-14T13:25:31.3147553Z" testType="13cdc9d9-ddb5-4fa4-a97d-d965ccfc6d4b" outcome="Passed" testListId="79568fbc-89f4-4c3b-ae28-6683678cf0ef" />
    <UnitTestResult executionId="42623497-ad87-43ed-90c9-3cbf03bfc655" testId="20bd379f-6d0b-49f5-b186-a8fcb7293e24" testName="Test6458" computerName="UA-LPT-OGA2" duration="00:00:00.3670000" startTime="2025-05-14T13:20:31.3146610Z" endTime="2025-05-14T13:25:31.3147553Z" testType="13cdc9d9-ddb5-4fa4-a97d-d965ccfc6d4b" outcome="Passed" testListId="79568fbc-89f4-4c3b-ae28-6683678cf0ef" />
    <UnitTestResult executionId="597f00d2-2a07-4794-bbdb-9884be8c3c76" testId="44087f0d-4c28-4412-944b-3699d1ee3f5d" testName="Test6459" computerName="UA-LPT-OGA2" duration="00:00:01.2530000" startTime="2025-05-14T13:20:31.3146610Z" endTime="2025-05-14T13:25:31.3147553Z" testType="13cdc9d9-ddb5-4fa4-a97d-d965ccfc6d4b" outcome="Passed" testListId="79568fbc-89f4-4c3b-ae28-6683678cf0ef" />
    <UnitTestResult executionId="904f2552-7f57-48e5-a4f2-90d6652dd49d" testId="227552ff-ae34-422e-a571-9e369c9e1bf9" testName="Test6460" computerName="UA-LPT-OGA2" duration="00:00:00.5840000" startTime="2025-05-14T13:20:31.3146610Z" endTime="2025-05-14T13:25:31.3147553Z" testType="13cdc9d9-ddb5-4fa4-a97d-d965ccfc6d4b" outcome="Passed" testListId="79568fbc-89f4-4c3b-ae28-6683678cf0ef" />
    <UnitTestResult executionId="1419d3b6-98d1-4f4b-8e15-cff81f11e108" testId="13b9cb40-e111-4b4e-be87-dc053d1c5654" testName="Test6461" computerName="UA-LPT-OGA2" duration="00:00:01.8760000" startTime="2025-05-14T13:20:31.3146610Z" endTime="2025-05-14T13:25:31.3147553Z" testType="13cdc9d9-ddb5-4fa4-a97d-d965ccfc6d4b" outcome="Passed" testListId="79568fbc-89f4-4c3b-ae28-6683678cf0ef" />
    <UnitTestResult executionId="c6d8e458-97a6-4c1d-8a03-0c79419d10d2" testId="459ee541-ae5d-4de8-8e71-7c60e372bb84" testName="Test6462" computerName="UA-LPT-OGA2" duration="00:00:01.3400000" startTime="2025-05-14T13:20:31.3146610Z" endTime="2025-05-14T13:25:31.3147553Z" testType="13cdc9d9-ddb5-4fa4-a97d-d965ccfc6d4b" outcome="Passed" testListId="79568fbc-89f4-4c3b-ae28-6683678cf0ef" />
    <UnitTestResult executionId="27642549-e9c8-44f4-b33d-de85345b74f8" testId="bfe2080c-7e82-4b14-b378-6812a8748994" testName="Test6463" computerName="UA-LPT-OGA2" duration="00:00:00.3460000" startTime="2025-05-14T13:20:31.3146610Z" endTime="2025-05-14T13:25:31.3147553Z" testType="13cdc9d9-ddb5-4fa4-a97d-d965ccfc6d4b" outcome="Passed" testListId="79568fbc-89f4-4c3b-ae28-6683678cf0ef" />
    <UnitTestResult executionId="1eb63861-2c30-4369-ac82-089c37591f6f" testId="1f1d53eb-b3bf-4c91-8b32-1c4bf5a8ea38" testName="Test6464" computerName="UA-LPT-OGA2" duration="00:00:00.9120000" startTime="2025-05-14T13:20:31.3146610Z" endTime="2025-05-14T13:25:31.3147553Z" testType="13cdc9d9-ddb5-4fa4-a97d-d965ccfc6d4b" outcome="Passed" testListId="79568fbc-89f4-4c3b-ae28-6683678cf0ef" />
    <UnitTestResult executionId="89437cec-f97f-44e1-826f-0caa1fabde92" testId="fa05e0da-f542-4814-9b96-c1899a526baf" testName="Test6465" computerName="UA-LPT-OGA2" duration="00:00:00.3430000" startTime="2025-05-14T13:20:31.3146610Z" endTime="2025-05-14T13:25:31.3147553Z" testType="13cdc9d9-ddb5-4fa4-a97d-d965ccfc6d4b" outcome="Passed" testListId="79568fbc-89f4-4c3b-ae28-6683678cf0ef" />
    <UnitTestResult executionId="bf17b9ca-a95a-4845-a42f-a6af12c64b35" testId="2e8b8765-8ff5-476a-95d4-41062ca718aa" testName="Test6466" computerName="UA-LPT-OGA2" duration="00:00:01.5860000" startTime="2025-05-14T13:20:31.3146610Z" endTime="2025-05-14T13:25:31.3147553Z" testType="13cdc9d9-ddb5-4fa4-a97d-d965ccfc6d4b" outcome="Passed" testListId="79568fbc-89f4-4c3b-ae28-6683678cf0ef" />
    <UnitTestResult executionId="a8ea10c0-1d65-4ee7-8cc8-a2203e89af70" testId="64fd1e89-efbd-42a8-b1b7-368fbc71f2b9" testName="Test6467" computerName="UA-LPT-OGA2" duration="00:00:00.7700000" startTime="2025-05-14T13:20:31.3146610Z" endTime="2025-05-14T13:25:31.3147553Z" testType="13cdc9d9-ddb5-4fa4-a97d-d965ccfc6d4b" outcome="Passed" testListId="79568fbc-89f4-4c3b-ae28-6683678cf0ef" />
    <UnitTestResult executionId="76dc318c-6e68-4461-9432-c3153a6851d2" testId="e454540e-145e-4f81-bbb5-0f775e9d52bb" testName="Test6468" computerName="UA-LPT-OGA2" duration="00:00:01.4730000" startTime="2025-05-14T13:20:31.3146610Z" endTime="2025-05-14T13:25:31.3147553Z" testType="13cdc9d9-ddb5-4fa4-a97d-d965ccfc6d4b" outcome="Failed" testListId="79568fbc-89f4-4c3b-ae28-6683678cf0ef">
      <Output>
        <ErrorInfo>
          <Message>Assertion failed: Expected value did not match actual value.</Message>
          <StackTrace>   at TestNamespace.TestClass.Test() in TestClass.cs:line 140</StackTrace>
        </ErrorInfo>
      </Output>
    </UnitTestResult>
    <UnitTestResult executionId="c15eb867-8b7d-4d3f-a283-aae3832c3718" testId="558de36f-fa9e-4318-a163-a52d56ed1e2d" testName="Test6469" computerName="UA-LPT-OGA2" duration="00:00:00.9770000" startTime="2025-05-14T13:20:31.3146610Z" endTime="2025-05-14T13:25:31.3147553Z" testType="13cdc9d9-ddb5-4fa4-a97d-d965ccfc6d4b" outcome="Passed" testListId="79568fbc-89f4-4c3b-ae28-6683678cf0ef" />
    <UnitTestResult executionId="7ccda059-60e1-4d56-81bd-3e824c9f5a5f" testId="3436223a-9ac6-4e27-a034-74d0a2cdfbea" testName="Test6470" computerName="UA-LPT-OGA2" duration="00:00:00.7220000" startTime="2025-05-14T13:20:31.3146610Z" endTime="2025-05-14T13:25:31.3147553Z" testType="13cdc9d9-ddb5-4fa4-a97d-d965ccfc6d4b" outcome="Passed" testListId="79568fbc-89f4-4c3b-ae28-6683678cf0ef" />
    <UnitTestResult executionId="68e5e7b5-996a-4796-9860-40a3c7bbf562" testId="300dbd86-cd32-471e-96ac-277ff44e5ccb" testName="Test6471" computerName="UA-LPT-OGA2" duration="00:00:01.2520000" startTime="2025-05-14T13:20:31.3146610Z" endTime="2025-05-14T13:25:31.3147553Z" testType="13cdc9d9-ddb5-4fa4-a97d-d965ccfc6d4b" outcome="Passed" testListId="79568fbc-89f4-4c3b-ae28-6683678cf0ef" />
    <UnitTestResult executionId="cf8cee51-8505-43c8-b709-a6730740eb17" testId="31384237-aa6f-4a8d-b1c2-1262677110af" testName="Test6472" computerName="UA-LPT-OGA2" duration="00:00:01.5980000" startTime="2025-05-14T13:20:31.3146610Z" endTime="2025-05-14T13:25:31.3147553Z" testType="13cdc9d9-ddb5-4fa4-a97d-d965ccfc6d4b" outcome="Passed" testListId="79568fbc-89f4-4c3b-ae28-6683678cf0ef" />
    <UnitTestResult executionId="e1fd4339-d085-4c60-8ffe-d6173fcd4a4c" testId="c0ace974-1283-4fdf-803e-3ab9d42f421f" testName="Test6473" computerName="UA-LPT-OGA2" duration="00:00:01.4030000" startTime="2025-05-14T13:20:31.3146610Z" endTime="2025-05-14T13:25:31.3147553Z" testType="13cdc9d9-ddb5-4fa4-a97d-d965ccfc6d4b" outcome="Passed" testListId="79568fbc-89f4-4c3b-ae28-6683678cf0ef" />
    <UnitTestResult executionId="624438eb-cb1f-43c4-8b07-523d7abbf9d6" testId="60f79e97-321a-45fe-8ed5-df4eee28f9a2" testName="Test6474" computerName="UA-LPT-OGA2" duration="00:00:01.8530000" startTime="2025-05-14T13:20:31.3146610Z" endTime="2025-05-14T13:25:31.3147553Z" testType="13cdc9d9-ddb5-4fa4-a97d-d965ccfc6d4b" outcome="Passed" testListId="79568fbc-89f4-4c3b-ae28-6683678cf0ef" />
    <UnitTestResult executionId="981df0f3-5f27-48e4-b3e9-536421e76a0f" testId="e3e0fd08-c3ba-4dc8-a3c8-ad32009cbe54" testName="Test6475" computerName="UA-LPT-OGA2" duration="00:00:01.1090000" startTime="2025-05-14T13:20:31.3146610Z" endTime="2025-05-14T13:25:31.3147553Z" testType="13cdc9d9-ddb5-4fa4-a97d-d965ccfc6d4b" outcome="Passed" testListId="79568fbc-89f4-4c3b-ae28-6683678cf0ef" />
    <UnitTestResult executionId="06b90578-e668-434e-b899-22eff41d53d6" testId="5f67b156-938f-45c2-a646-326f6e1553b9" testName="Test6476" computerName="UA-LPT-OGA2" duration="00:00:00.7900000" startTime="2025-05-14T13:20:31.3146610Z" endTime="2025-05-14T13:25:31.3147553Z" testType="13cdc9d9-ddb5-4fa4-a97d-d965ccfc6d4b" outcome="Passed" testListId="79568fbc-89f4-4c3b-ae28-6683678cf0ef" />
    <UnitTestResult executionId="8d101e5e-eca1-4870-9f1d-530994ee57b0" testId="8e17ba54-bc15-4aba-b07f-36278c5d2c53" testName="Test6477" computerName="UA-LPT-OGA2" duration="00:00:00.6850000" startTime="2025-05-14T13:20:31.3146610Z" endTime="2025-05-14T13:25:31.3147553Z" testType="13cdc9d9-ddb5-4fa4-a97d-d965ccfc6d4b" outcome="Passed" testListId="79568fbc-89f4-4c3b-ae28-6683678cf0ef" />
    <UnitTestResult executionId="70228873-163c-4362-8439-2d28374e34b8" testId="1ddb0108-31ee-4bdf-b24f-c34a1ddf6c88" testName="Test6478" computerName="UA-LPT-OGA2" duration="00:00:01.3330000" startTime="2025-05-14T13:20:31.3146610Z" endTime="2025-05-14T13:25:31.3147553Z" testType="13cdc9d9-ddb5-4fa4-a97d-d965ccfc6d4b" outcome="Passed" testListId="79568fbc-89f4-4c3b-ae28-6683678cf0ef" />
    <UnitTestResult executionId="0ad1f4e1-e4ee-473c-bfb1-7d53028dedb7" testId="ef3975f5-a778-47ce-8b1f-9b8ea8bb0153" testName="Test6479" computerName="UA-LPT-OGA2" duration="00:00:00.1190000" startTime="2025-05-14T13:20:31.3146610Z" endTime="2025-05-14T13:25:31.3147553Z" testType="13cdc9d9-ddb5-4fa4-a97d-d965ccfc6d4b" outcome="Passed" testListId="79568fbc-89f4-4c3b-ae28-6683678cf0ef" />
    <UnitTestResult executionId="dca0856a-be58-47c4-bd57-4835f2ea817b" testId="41584e0b-e486-4201-a2c5-7c8aa923e65c" testName="Test6480" computerName="UA-LPT-OGA2" duration="00:00:01.6650000" startTime="2025-05-14T13:20:31.3146610Z" endTime="2025-05-14T13:25:31.3147553Z" testType="13cdc9d9-ddb5-4fa4-a97d-d965ccfc6d4b" outcome="Passed" testListId="79568fbc-89f4-4c3b-ae28-6683678cf0ef" />
    <UnitTestResult executionId="2a9ad93b-53b1-421d-9d71-ea022aad093a" testId="0a5db42f-641b-410b-a558-73710972e197" testName="Test6481" computerName="UA-LPT-OGA2" duration="00:00:01.0060000" startTime="2025-05-14T13:20:31.3146610Z" endTime="2025-05-14T13:25:31.3147553Z" testType="13cdc9d9-ddb5-4fa4-a97d-d965ccfc6d4b" outcome="Passed" testListId="79568fbc-89f4-4c3b-ae28-6683678cf0ef" />
    <UnitTestResult executionId="6f3da563-1828-40d9-bbe2-20004a9de5f6" testId="18337224-10ba-48a1-81b4-88cdd5e80b98" testName="Test6482" computerName="UA-LPT-OGA2" duration="00:00:01.7580000" startTime="2025-05-14T13:20:31.3146610Z" endTime="2025-05-14T13:25:31.3147553Z" testType="13cdc9d9-ddb5-4fa4-a97d-d965ccfc6d4b" outcome="Passed" testListId="79568fbc-89f4-4c3b-ae28-6683678cf0ef" />
    <UnitTestResult executionId="2a1dd430-2705-4a6f-be36-0561fa98f609" testId="7365c637-7aab-462c-912b-96e501229e42" testName="Test6483" computerName="UA-LPT-OGA2" duration="00:00:01.5870000" startTime="2025-05-14T13:20:31.3146610Z" endTime="2025-05-14T13:25:31.3147553Z" testType="13cdc9d9-ddb5-4fa4-a97d-d965ccfc6d4b" outcome="Passed" testListId="79568fbc-89f4-4c3b-ae28-6683678cf0ef" />
    <UnitTestResult executionId="d2653641-d7e3-4a1e-aa85-8d7e0a7e1af7" testId="39e96acc-b361-4244-b14e-b0c6c7cfef39" testName="Test6484" computerName="UA-LPT-OGA2" duration="00:00:01.7200000" startTime="2025-05-14T13:20:31.3146610Z" endTime="2025-05-14T13:25:31.3147553Z" testType="13cdc9d9-ddb5-4fa4-a97d-d965ccfc6d4b" outcome="Passed" testListId="79568fbc-89f4-4c3b-ae28-6683678cf0ef" />
    <UnitTestResult executionId="0d63c2f0-98b3-4f54-8df4-0fb6e5ab6e1b" testId="02485088-43a6-44c2-acef-beec56355215" testName="Test6485" computerName="UA-LPT-OGA2" duration="00:00:01.6060000" startTime="2025-05-14T13:20:31.3146610Z" endTime="2025-05-14T13:25:31.3147553Z" testType="13cdc9d9-ddb5-4fa4-a97d-d965ccfc6d4b" outcome="Passed" testListId="79568fbc-89f4-4c3b-ae28-6683678cf0ef" />
    <UnitTestResult executionId="23f9a818-8783-4f5f-867c-b930ee58b3e6" testId="069ef804-387b-4f19-8e3b-074e115c64bd" testName="Test6486" computerName="UA-LPT-OGA2" duration="00:00:00.8720000" startTime="2025-05-14T13:20:31.3146610Z" endTime="2025-05-14T13:25:31.3147553Z" testType="13cdc9d9-ddb5-4fa4-a97d-d965ccfc6d4b" outcome="Passed" testListId="79568fbc-89f4-4c3b-ae28-6683678cf0ef" />
    <UnitTestResult executionId="eb97a657-71ca-4fd9-abb1-022e421ccc74" testId="b0a56dcd-540e-4d92-aedb-da80e2092dbb" testName="Test6487" computerName="UA-LPT-OGA2" duration="00:00:00.3750000" startTime="2025-05-14T13:20:31.3146610Z" endTime="2025-05-14T13:25:31.3147553Z" testType="13cdc9d9-ddb5-4fa4-a97d-d965ccfc6d4b" outcome="Inconclusive" testListId="79568fbc-89f4-4c3b-ae28-6683678cf0ef" />
    <UnitTestResult executionId="a529b71e-2d1d-4da3-a8c5-7bf907e80dec" testId="ac95ab02-37fe-4be5-99e5-d8456f62e5dd" testName="Test6488" computerName="UA-LPT-OGA2" duration="00:00:00.8550000" startTime="2025-05-14T13:20:31.3146610Z" endTime="2025-05-14T13:25:31.3147553Z" testType="13cdc9d9-ddb5-4fa4-a97d-d965ccfc6d4b" outcome="Passed" testListId="79568fbc-89f4-4c3b-ae28-6683678cf0ef" />
    <UnitTestResult executionId="74f276d0-797d-4bac-954d-bf59717eec47" testId="90e8948b-98d5-437a-9645-437c6ab5e7dd" testName="Test6489" computerName="UA-LPT-OGA2" duration="00:00:00.5310000" startTime="2025-05-14T13:20:31.3146610Z" endTime="2025-05-14T13:25:31.3147553Z" testType="13cdc9d9-ddb5-4fa4-a97d-d965ccfc6d4b" outcome="Passed" testListId="79568fbc-89f4-4c3b-ae28-6683678cf0ef" />
    <UnitTestResult executionId="19a741fb-c663-4e84-b054-acd33e23e4e5" testId="182242a9-a9a6-4917-9fc9-325a470569bc" testName="Test6490" computerName="UA-LPT-OGA2" duration="00:00:01.9210000" startTime="2025-05-14T13:20:31.3146610Z" endTime="2025-05-14T13:25:31.3147553Z" testType="13cdc9d9-ddb5-4fa4-a97d-d965ccfc6d4b" outcome="Passed" testListId="79568fbc-89f4-4c3b-ae28-6683678cf0ef" />
    <UnitTestResult executionId="c2ab91b0-c94c-4667-affe-048c2f93ef9c" testId="b1805ad0-f1ab-4e33-a289-41075c709ccd" testName="Test6491" computerName="UA-LPT-OGA2" duration="00:00:00.3020000" startTime="2025-05-14T13:20:31.3146610Z" endTime="2025-05-14T13:25:31.3147553Z" testType="13cdc9d9-ddb5-4fa4-a97d-d965ccfc6d4b" outcome="Passed" testListId="79568fbc-89f4-4c3b-ae28-6683678cf0ef" />
    <UnitTestResult executionId="a204db05-e2b3-4f66-92d6-a8267c8729c0" testId="684d5149-6c36-462d-8dbf-4be2cd365041" testName="Test6492" computerName="UA-LPT-OGA2" duration="00:00:01.1300000" startTime="2025-05-14T13:20:31.3146610Z" endTime="2025-05-14T13:25:31.3147553Z" testType="13cdc9d9-ddb5-4fa4-a97d-d965ccfc6d4b" outcome="Passed" testListId="79568fbc-89f4-4c3b-ae28-6683678cf0ef" />
    <UnitTestResult executionId="70b64bba-f4bf-4ee0-b692-6062a0152788" testId="4a98facb-c488-41b6-bb7b-580fe39ef6c9" testName="Test6493" computerName="UA-LPT-OGA2" duration="00:00:01.3290000" startTime="2025-05-14T13:20:31.3146610Z" endTime="2025-05-14T13:25:31.3147553Z" testType="13cdc9d9-ddb5-4fa4-a97d-d965ccfc6d4b" outcome="Passed" testListId="79568fbc-89f4-4c3b-ae28-6683678cf0ef" />
    <UnitTestResult executionId="ede2e3fa-8f95-41ca-aac6-18e76ed2c62c" testId="25065d62-4fef-4e21-b3e3-f0cc07d89220" testName="Test6494" computerName="UA-LPT-OGA2" duration="00:00:01.4920000" startTime="2025-05-14T13:20:31.3146610Z" endTime="2025-05-14T13:25:31.3147553Z" testType="13cdc9d9-ddb5-4fa4-a97d-d965ccfc6d4b" outcome="Passed" testListId="79568fbc-89f4-4c3b-ae28-6683678cf0ef" />
    <UnitTestResult executionId="a097d255-39d4-444f-9f1a-a621b3c6394b" testId="315c1a84-f916-434e-b482-2a7f31cdf86c" testName="Test6495" computerName="UA-LPT-OGA2" duration="00:00:01.0980000" startTime="2025-05-14T13:20:31.3146610Z" endTime="2025-05-14T13:25:31.3147553Z" testType="13cdc9d9-ddb5-4fa4-a97d-d965ccfc6d4b" outcome="Failed" testListId="79568fbc-89f4-4c3b-ae28-6683678cf0ef">
      <Output>
        <ErrorInfo>
          <Message>Assertion failed: Expected value did not match actual value.</Message>
          <StackTrace>   at TestNamespace.TestClass.Test() in TestClass.cs:line 318</StackTrace>
        </ErrorInfo>
      </Output>
    </UnitTestResult>
    <UnitTestResult executionId="5dd1433c-b987-45e3-8103-9b875391a658" testId="0715be80-31d0-464a-b9a8-cd5ca99ef71a" testName="Test6496" computerName="UA-LPT-OGA2" duration="00:00:00.7660000" startTime="2025-05-14T13:20:31.3146610Z" endTime="2025-05-14T13:25:31.3147553Z" testType="13cdc9d9-ddb5-4fa4-a97d-d965ccfc6d4b" outcome="Passed" testListId="79568fbc-89f4-4c3b-ae28-6683678cf0ef" />
    <UnitTestResult executionId="7951c1dd-09fb-4b9b-abe5-ee94f9089f0d" testId="4bb15e47-e41b-4c0c-9bd6-f56d15147a99" testName="Test6497" computerName="UA-LPT-OGA2" duration="00:00:00.7480000" startTime="2025-05-14T13:20:31.3146610Z" endTime="2025-05-14T13:25:31.3147553Z" testType="13cdc9d9-ddb5-4fa4-a97d-d965ccfc6d4b" outcome="Passed" testListId="79568fbc-89f4-4c3b-ae28-6683678cf0ef" />
    <UnitTestResult executionId="51e28d83-8f21-46bc-b6d7-057cba8c28a1" testId="02db8929-4532-4274-a316-d19b5fb4ec8f" testName="Test6498" computerName="UA-LPT-OGA2" duration="00:00:01.5380000" startTime="2025-05-14T13:20:31.3146610Z" endTime="2025-05-14T13:25:31.3147553Z" testType="13cdc9d9-ddb5-4fa4-a97d-d965ccfc6d4b" outcome="Passed" testListId="79568fbc-89f4-4c3b-ae28-6683678cf0ef" />
    <UnitTestResult executionId="1cbbed8b-ad27-4be4-8a82-4ae7d0e72a40" testId="8b2048ac-9ec4-4e3f-82d7-f303c6e92186" testName="Test6499" computerName="UA-LPT-OGA2" duration="00:00:01.9220000" startTime="2025-05-14T13:20:31.3146610Z" endTime="2025-05-14T13:25:31.3147553Z" testType="13cdc9d9-ddb5-4fa4-a97d-d965ccfc6d4b" outcome="Passed" testListId="79568fbc-89f4-4c3b-ae28-6683678cf0ef" />
    <UnitTestResult executionId="08c88b63-bf2b-4ba9-9e96-00426c6cacb7" testId="0073898c-f655-46fd-8e1a-c4839f12663e" testName="Test6500" computerName="UA-LPT-OGA2" duration="00:00:01.0670000" startTime="2025-05-14T13:20:31.3146610Z" endTime="2025-05-14T13:25:31.3147553Z" testType="13cdc9d9-ddb5-4fa4-a97d-d965ccfc6d4b" outcome="Passed" testListId="79568fbc-89f4-4c3b-ae28-6683678cf0ef" />
  </Results>
  <TestDefinitions>
    <UnitTest name="Test6401" id="1607e892-5963-4090-82c5-85a0b7c967d2" storage="TestAssembly.dll">
      <Execution id="7b1e7d42-9ba6-4312-b6ee-c96eec45429d" />
      <TestMethod codeBase="TestAssembly.dll" className="TestNamespace.TestClass1" name="Test6401" />
    </UnitTest>
    <UnitTest name="Test6402" id="95ecdbf6-b073-4024-b6c7-1ab78356ada6" storage="TestAssembly.dll">
      <Execution id="1075b282-774f-490b-8e52-bf46cb63fce6" />
      <TestMethod codeBase="TestAssembly.dll" className="TestNamespace.TestClass1" name="Test6402" />
    </UnitTest>
    <UnitTest name="Test6403" id="2cc91a08-0c00-4f57-a61d-2d0d8240ceba" storage="TestAssembly.dll">
      <Execution id="5a406d2e-5045-4c7e-b00a-8c69cd00510f" />
      <TestMethod codeBase="TestAssembly.dll" className="TestNamespace.TestClass1" name="Test6403" />
    </UnitTest>
    <UnitTest name="Test6404" id="93d2d4f0-e9ff-403b-bc3d-43e92cb3dde9" storage="TestAssembly.dll">
      <Execution id="70d17e9b-df1f-422e-a99b-f4c325f4441c" />
      <TestMethod codeBase="TestAssembly.dll" className="TestNamespace.TestClass1" name="Test6404" />
    </UnitTest>
    <UnitTest name="Test6405" id="debcb91a-437f-4e6d-82f5-3acd59537e76" storage="TestAssembly.dll">
      <Execution id="4d647d64-810d-46ef-ad17-2133e5262c88" />
      <TestMethod codeBase="TestAssembly.dll" className="TestNamespace.TestClass1" name="Test6405" />
    </UnitTest>
    <UnitTest name="Test6406" id="e88d3c54-48e1-4056-ac7d-ae4243a1516e" storage="TestAssembly.dll">
      <Execution id="8422c13a-1cc0-487f-9ad6-1b696bc79fde" />
      <TestMethod codeBase="TestAssembly.dll" className="TestNamespace.TestClass1" name="Test6406" />
    </UnitTest>
    <UnitTest name="Test6407" id="e2b12708-c63d-40b8-bc03-a52c8019dcd6" storage="TestAssembly.dll">
      <Execution id="5d59f5fd-6534-4c6a-9394-2ef7744f2b1e" />
      <TestMethod codeBase="TestAssembly.dll" className="TestNamespace.TestClass1" name="Test6407" />
    </UnitTest>
    <UnitTest name="Test6408" id="391c93e7-d387-4d9d-a36b-28adad63eedb" storage="TestAssembly.dll">
      <Execution id="e3ae7c1e-68a7-4c3d-9996-798ecb09eb69" />
      <TestMethod codeBase="TestAssembly.dll" className="TestNamespace.TestClass1" name="Test6408" />
    </UnitTest>
    <UnitTest name="Test6409" id="d0d23065-2972-424e-b25a-d1207bb7f1de" storage="TestAssembly.dll">
      <Execution id="385aa9b2-6452-438b-88ab-07a48eae4d69" />
      <TestMethod codeBase="TestAssembly.dll" className="TestNamespace.TestClass1" name="Test6409" />
    </UnitTest>
    <UnitTest name="Test6410" id="d505a256-8bb2-410c-a7a6-04940076cde7" storage="TestAssembly.dll">
      <Execution id="0d1773ee-39b2-42c3-b540-e8fc87988abd" />
      <TestMethod codeBase="TestAssembly.dll" className="TestNamespace.TestClass1" name="Test6410" />
    </UnitTest>
    <UnitTest name="Test6411" id="22bb7501-7d80-4540-ac70-c4cb35be72c4" storage="TestAssembly.dll">
      <Execution id="fc5218ac-bcfd-43b6-9873-b10492621153" />
      <TestMethod codeBase="TestAssembly.dll" className="TestNamespace.TestClass2" name="Test6411" />
    </UnitTest>
    <UnitTest name="Test6412" id="56fa0288-afb5-4804-be8d-930bcc9fa1c5" storage="TestAssembly.dll">
      <Execution id="8b2b0a63-9b95-41b3-a69d-5b234bcd56ff" />
      <TestMethod codeBase="TestAssembly.dll" className="TestNamespace.TestClass2" name="Test6412" />
    </UnitTest>
    <UnitTest name="Test6413" id="2543cc1a-fdae-4180-bbe2-44490b5c080f" storage="TestAssembly.dll">
      <Execution id="f9d2dc55-56d5-435c-b64b-797046c4fb40" />
      <TestMethod codeBase="TestAssembly.dll" className="TestNamespace.TestClass2" name="Test6413" />
    </UnitTest>
    <UnitTest name="Test6414" id="8de31430-2ebc-4b3b-9aca-8e910b344551" storage="TestAssembly.dll">
      <Execution id="790211f7-98fb-4671-ad5c-0fe59755a61e" />
      <TestMethod codeBase="TestAssembly.dll" className="TestNamespace.TestClass2" name="Test6414" />
    </UnitTest>
    <UnitTest name="Test6415" id="a590dfa3-3f01-4d88-9f66-7c2699c352e2" storage="TestAssembly.dll">
      <Execution id="afb74835-a9be-4c30-9e82-77cf74217c49" />
      <TestMethod codeBase="TestAssembly.dll" className="TestNamespace.TestClass2" name="Test6415" />
    </UnitTest>
    <UnitTest name="Test6416" id="6300b43a-a34e-4b9f-babb-6a154deede87" storage="TestAssembly.dll">
      <Execution id="337330ab-9c87-4d6b-9abb-feacd25b9111" />
      <TestMethod codeBase="TestAssembly.dll" className="TestNamespace.TestClass2" name="Test6416" />
    </UnitTest>
    <UnitTest name="Test6417" id="77f48cc5-b63d-45c9-86da-90a0ae0fc0c4" storage="TestAssembly.dll">
      <Execution id="3ac4a070-8ce7-4e55-be73-077f073a28ac" />
      <TestMethod codeBase="TestAssembly.dll" className="TestNamespace.TestClass2" name="Test6417" />
    </UnitTest>
    <UnitTest name="Test6418" id="f1d34c0e-69f7-4eff-a813-70607d77f9cb" storage="TestAssembly.dll">
      <Execution id="c984765d-707e-4899-a7bf-34808a434d85" />
      <TestMethod codeBase="TestAssembly.dll" className="TestNamespace.TestClass2" name="Test6418" />
    </UnitTest>
    <UnitTest name="Test6419" id="4a668fd0-787c-45dc-a8df-a472734a9068" storage="TestAssembly.dll">
      <Execution id="132ef8f1-eade-40e2-bc3f-268964f50dcc" />
      <TestMethod codeBase="TestAssembly.dll" className="TestNamespace.TestClass2" name="Test6419" />
    </UnitTest>
    <UnitTest name="Test6420" id="61f2e084-baa3-4fb4-b673-e6cf2ee9f097" storage="TestAssembly.dll">
      <Execution id="944a4a4e-4b42-417d-9dd1-3da39f324f30" />
      <TestMethod codeBase="TestAssembly.dll" className="TestNamespace.TestClass2" name="Test6420" />
    </UnitTest>
    <UnitTest name="Test6421" id="a1ff9e1c-d2e2-431c-a698-154b1079c362" storage="TestAssembly.dll">
      <Execution id="5d2f29e2-1d2a-4c23-86cd-543834ee2903" />
      <TestMethod codeBase="TestAssembly.dll" className="TestNamespace.TestClass3" name="Test6421" />
    </UnitTest>
    <UnitTest name="Test6422" id="80a5c4a0-6f27-4dcb-9d9e-67bd3e0b9a5f" storage="TestAssembly.dll">
      <Execution id="7adca69e-0f21-4470-8c3d-f8d092594f86" />
      <TestMethod codeBase="TestAssembly.dll" className="TestNamespace.TestClass3" name="Test6422" />
    </UnitTest>
    <UnitTest name="Test6423" id="8571c476-31d2-47c7-b0b4-27fbff5b44eb" storage="TestAssembly.dll">
      <Execution id="5054b5f9-6bc8-41ea-8d7f-c6a7fb6c625f" />
      <TestMethod codeBase="TestAssembly.dll" className="TestNamespace.TestClass3" name="Test6423" />
    </UnitTest>
    <UnitTest name="Test6424" id="c95cbbdd-09e7-4fa4-bfb9-28b63778e373" storage="TestAssembly.dll">
      <Execution id="3c9a7cb3-71aa-4fac-a1d8-a949b57b03e5" />
      <TestMethod codeBase="TestAssembly.dll" className="TestNamespace.TestClass3" name="Test6424" />
    </UnitTest>
    <UnitTest name="Test6425" id="fb693824-5677-49dc-bd1c-c8d0f3ce41e3" storage="TestAssembly.dll">
      <Execution id="272566f7-9362-473c-ac1a-78d56ce9ab88" />
      <TestMethod codeBase="TestAssembly.dll" className="TestNamespace.TestClass3" name="Test6425" />
    </UnitTest>
    <UnitTest name="Test6426" id="a68bdf76-f923-4739-9045-e4b4f0a82da1" storage="TestAssembly.dll">
      <Execution id="1a8ca933-2a14-4b02-a6d8-d0968e8e996a" />
      <TestMethod codeBase="TestAssembly.dll" className="TestNamespace.TestClass3" name="Test6426" />
    </UnitTest>
    <UnitTest name="Test6427" id="5f6541b8-af3e-4615-a8c8-1c06b74923cc" storage="TestAssembly.dll">
      <Execution id="14cb550c-bce7-456d-9f63-dcaad5bc7d82" />
      <TestMethod codeBase="TestAssembly.dll" className="TestNamespace.TestClass3" name="Test6427" />
    </UnitTest>
    <UnitTest name="Test6428" id="3aec454f-202e-409c-9231-9b4dca4584e1" storage="TestAssembly.dll">
      <Execution id="baddcf83-2c20-42b9-bb7a-f7b17f24d961" />
      <TestMethod codeBase="TestAssembly.dll" className="TestNamespace.TestClass3" name="Test6428" />
    </UnitTest>
    <UnitTest name="Test6429" id="db71b7e7-53bf-4083-8126-fb89965ad7b6" storage="TestAssembly.dll">
      <Execution id="70a2f644-aadc-460b-bcf0-04888c480358" />
      <TestMethod codeBase="TestAssembly.dll" className="TestNamespace.TestClass3" name="Test6429" />
    </UnitTest>
    <UnitTest name="Test6430" id="7d8ee1fa-4573-4dc2-8cc9-337e2a309a36" storage="TestAssembly.dll">
      <Execution id="ba0ca7a1-a31e-4ff8-b11f-a40a5c8c54b9" />
      <TestMethod codeBase="TestAssembly.dll" className="TestNamespace.TestClass3" name="Test6430" />
    </UnitTest>
    <UnitTest name="Test6431" id="38ebd840-7f65-4136-9737-ee66c607b171" storage="TestAssembly.dll">
      <Execution id="0232d790-beeb-4cb7-9db6-3b85fc3219a8" />
      <TestMethod codeBase="TestAssembly.dll" className="TestNamespace.TestClass4" name="Test6431" />
    </UnitTest>
    <UnitTest name="Test6432" id="6ac64bee-402c-4323-92d3-d480abb3b4b6" storage="TestAssembly.dll">
      <Execution id="4dade705-6fc7-4ae6-a23d-94fc0ecc04b4" />
      <TestMethod codeBase="TestAssembly.dll" className="TestNamespace.TestClass4" name="Test6432" />
    </UnitTest>
    <UnitTest name="Test6433" id="2da87cde-8655-46fe-8d5b-c8e1e230cece" storage="TestAssembly.dll">
      <Execution id="cc36063a-104e-490c-b321-1a467d0e87df" />
      <TestMethod codeBase="TestAssembly.dll" className="TestNamespace.TestClass4" name="Test6433" />
    </UnitTest>
    <UnitTest name="Test6434" id="2016c0fc-c24c-493d-aae9-6ab047baa515" storage="TestAssembly.dll">
      <Execution id="e49160d8-f928-43c0-9fe0-f0093d56a147" />
      <TestMethod codeBase="TestAssembly.dll" className="TestNamespace.TestClass4" name="Test6434" />
    </UnitTest>
    <UnitTest name="Test6435" id="9a7eb47f-cc38-461d-a6ad-6749e81af91a" storage="TestAssembly.dll">
      <Execution id="d856c905-c863-482a-a4c0-0abcbf3872ee" />
      <TestMethod codeBase="TestAssembly.dll" className="TestNamespace.TestClass4" name="Test6435" />
    </UnitTest>
    <UnitTest name="Test6436" id="82cc10e5-67cc-4e09-aace-dba3343e0c05" storage="TestAssembly.dll">
      <Execution id="084b1bfc-0e24-40a4-8f4a-8c33d3dc4f91" />
      <TestMethod codeBase="TestAssembly.dll" className="TestNamespace.TestClass4" name="Test6436" />
    </UnitTest>
    <UnitTest name="Test6437" id="aa787c80-4e21-493e-8188-a4eb3ab44ca6" storage="TestAssembly.dll">
      <Execution id="54c5adfb-bd4f-44ff-b375-bb1f84a19722" />
      <TestMethod codeBase="TestAssembly.dll" className="TestNamespace.TestClass4" name="Test6437" />
    </UnitTest>
    <UnitTest name="Test6438" id="fc6acd50-85df-414d-a6c0-305b53acd415" storage="TestAssembly.dll">
      <Execution id="515902c7-4aaf-4c83-a100-7464a37f1f99" />
      <TestMethod codeBase="TestAssembly.dll" className="TestNamespace.TestClass4" name="Test6438" />
    </UnitTest>
    <UnitTest name="Test6439" id="9664419a-0bbf-46cd-b759-a8ab93bf7796" storage="TestAssembly.dll">
      <Execution id="b7683d60-3bf9-4d12-af54-a1bfb883a607" />
      <TestMethod codeBase="TestAssembly.dll" className="TestNamespace.TestClass4" name="Test6439" />
    </UnitTest>
    <UnitTest name="Test6440" id="bba7d31a-be7a-4368-a419-211cf981809d" storage="TestAssembly.dll">
      <Execution id="9f3a96c3-c007-4784-8df2-01f18d6a3cd2" />
      <TestMethod codeBase="TestAssembly.dll" className="TestNamespace.TestClass4" name="Test6440" />
    </UnitTest>
    <UnitTest name="Test6441" id="a01cb120-2ed1-473d-837d-5b57dd12a3d2" storage="TestAssembly.dll">
      <Execution id="04b3543a-ba30-4f20-be10-5ad1a153ecbb" />
      <TestMethod codeBase="TestAssembly.dll" className="TestNamespace.TestClass5" name="Test6441" />
    </UnitTest>
    <UnitTest name="Test6442" id="201cebc1-47c6-45f7-a818-b6de168960a1" storage="TestAssembly.dll">
      <Execution id="fbf64d16-37be-4923-af29-a0f138b3caf0" />
      <TestMethod codeBase="TestAssembly.dll" className="TestNamespace.TestClass5" name="Test6442" />
    </UnitTest>
    <UnitTest name="Test6443" id="35a8b284-438c-4ad9-9153-a7c93fdcb3e4" storage="TestAssembly.dll">
      <Execution id="28f0865d-f8b3-410f-a2da-a0c2298a5d20" />
      <TestMethod codeBase="TestAssembly.dll" className="TestNamespace.TestClass5" name="Test6443" />
    </UnitTest>
    <UnitTest name="Test6444" id="dcb69636-67b3-4118-816f-bdc58ed05e60" storage="TestAssembly.dll">
      <Execution id="a3a3cf0c-9d40-4842-b776-c2a6ec53bdf2" />
      <TestMethod codeBase="TestAssembly.dll" className="TestNamespace.TestClass5" name="Test6444" />
    </UnitTest>
    <UnitTest name="Test6445" id="d756e746-049c-4f0a-9080-7c5ef5d3a3ee" storage="TestAssembly.dll">
      <Execution id="4aa6b9ce-22f5-42e9-bb3f-e2a9d56201f1" />
      <TestMethod codeBase="TestAssembly.dll" className="TestNamespace.TestClass5" name="Test6445" />
    </UnitTest>
    <UnitTest name="Test6446" id="fd6d1cfe-17dc-40e7-b4ef-89722a596f97" storage="TestAssembly.dll">
      <Execution id="ee3d6ba7-c7ad-4b4d-8199-ab196900fd9d" />
      <TestMethod codeBase="TestAssembly.dll" className="TestNamespace.TestClass5" name="Test6446" />
    </UnitTest>
    <UnitTest name="Test6447" id="ac1dda76-d836-4d67-98a0-8ac501e4ae9b" storage="TestAssembly.dll">
      <Execution id="dcb95fb3-f1c8-4290-9515-709ace1c4942" />
      <TestMethod codeBase="TestAssembly.dll" className="TestNamespace.TestClass5" name="Test6447" />
    </UnitTest>
    <UnitTest name="Test6448" id="149d07b5-ae6d-499d-9e6d-7fa92e69a9fb" storage="TestAssembly.dll">
      <Execution id="b3604445-35d9-44f2-973b-9ed61892cdbf" />
      <TestMethod codeBase="TestAssembly.dll" className="TestNamespace.TestClass5" name="Test6448" />
    </UnitTest>
    <UnitTest name="Test6449" id="0e30ad65-ae04-40da-9d69-057f96fe18e6" storage="TestAssembly.dll">
      <Execution id="e4055b22-cbfd-4c7b-ac96-4ef20c7adf4e" />
      <TestMethod codeBase="TestAssembly.dll" className="TestNamespace.TestClass5" name="Test6449" />
    </UnitTest>
    <UnitTest name="Test6450" id="66d51d9e-1c74-49f3-b00e-d4f393a8e31c" storage="TestAssembly.dll">
      <Execution id="4c615ba9-40bf-43a7-bbd9-9aa33268803e" />
      <TestMethod codeBase="TestAssembly.dll" className="TestNamespace.TestClass5" name="Test6450" />
    </UnitTest>
    <UnitTest name="Test6451" id="224471f6-4674-4373-a7c3-8c4d1410db12" storage="TestAssembly.dll">
      <Execution id="62693bc8-5865-4bdc-828c-5fc0ac441f48" />
      <TestMethod codeBase="TestAssembly.dll" className="TestNamespace.TestClass6" name="Test6451" />
    </UnitTest>
    <UnitTest name="Test6452" id="f293ba40-acb3-4af0-90da-527f5ddab0cd" storage="TestAssembly.dll">
      <Execution id="9d388c1a-5d28-47df-9e34-2aa8b2ecb3f6" />
      <TestMethod codeBase="TestAssembly.dll" className="TestNamespace.TestClass6" name="Test6452" />
    </UnitTest>
    <UnitTest name="Test6453" id="beb1f9d7-35b2-4a59-9c98-2b15934abac8" storage="TestAssembly.dll">
      <Execution id="20560dd4-a989-463c-9292-6c708fac937b" />
      <TestMethod codeBase="TestAssembly.dll" className="TestNamespace.TestClass6" name="Test6453" />
    </UnitTest>
    <UnitTest name="Test6454" id="3e1c8d5c-3e8c-42c8-a55f-5a82e428d86c" storage="TestAssembly.dll">
      <Execution id="f2aba72b-22e2-41df-bfcd-229b38461174" />
      <TestMethod codeBase="TestAssembly.dll" className="TestNamespace.TestClass6" name="Test6454" />
    </UnitTest>
    <UnitTest name="Test6455" id="3cd0af56-f3b8-432e-abdc-79688f9d792f" storage="TestAssembly.dll">
      <Execution id="9d7aa46d-b6ff-42a4-82d6-35801bd138c5" />
      <TestMethod codeBase="TestAssembly.dll" className="TestNamespace.TestClass6" name="Test6455" />
    </UnitTest>
    <UnitTest name="Test6456" id="92056813-aa01-421a-a63e-9206326671c6" storage="TestAssembly.dll">
      <Execution id="388c9fb6-964b-48df-b323-1a9dd1419fab" />
      <TestMethod codeBase="TestAssembly.dll" className="TestNamespace.TestClass6" name="Test6456" />
    </UnitTest>
    <UnitTest name="Test6457" id="fcbe595d-cac6-4480-9d8b-5a6200ec3418" storage="TestAssembly.dll">
      <Execution id="3e578ab2-f722-4204-b994-076bfb6e8104" />
      <TestMethod codeBase="TestAssembly.dll" className="TestNamespace.TestClass6" name="Test6457" />
    </UnitTest>
    <UnitTest name="Test6458" id="20bd379f-6d0b-49f5-b186-a8fcb7293e24" storage="TestAssembly.dll">
      <Execution id="42623497-ad87-43ed-90c9-3cbf03bfc655" />
      <TestMethod codeBase="TestAssembly.dll" className="TestNamespace.TestClass6" name="Test6458" />
    </UnitTest>
    <UnitTest name="Test6459" id="44087f0d-4c28-4412-944b-3699d1ee3f5d" storage="TestAssembly.dll">
      <Execution id="597f00d2-2a07-4794-bbdb-9884be8c3c76" />
      <TestMethod codeBase="TestAssembly.dll" className="TestNamespace.TestClass6" name="Test6459" />
    </UnitTest>
    <UnitTest name="Test6460" id="227552ff-ae34-422e-a571-9e369c9e1bf9" storage="TestAssembly.dll">
      <Execution id="904f2552-7f57-48e5-a4f2-90d6652dd49d" />
      <TestMethod codeBase="TestAssembly.dll" className="TestNamespace.TestClass6" name="Test6460" />
    </UnitTest>
    <UnitTest name="Test6461" id="13b9cb40-e111-4b4e-be87-dc053d1c5654" storage="TestAssembly.dll">
      <Execution id="1419d3b6-98d1-4f4b-8e15-cff81f11e108" />
      <TestMethod codeBase="TestAssembly.dll" className="TestNamespace.TestClass7" name="Test6461" />
    </UnitTest>
    <UnitTest name="Test6462" id="459ee541-ae5d-4de8-8e71-7c60e372bb84" storage="TestAssembly.dll">
      <Execution id="c6d8e458-97a6-4c1d-8a03-0c79419d10d2" />
      <TestMethod codeBase="TestAssembly.dll" className="TestNamespace.TestClass7" name="Test6462" />
    </UnitTest>
    <UnitTest name="Test6463" id="bfe2080c-7e82-4b14-b378-6812a8748994" storage="TestAssembly.dll">
      <Execution id="27642549-e9c8-44f4-b33d-de85345b74f8" />
      <TestMethod codeBase="TestAssembly.dll" className="TestNamespace.TestClass7" name="Test6463" />
    </UnitTest>
    <UnitTest name="Test6464" id="1f1d53eb-b3bf-4c91-8b32-1c4bf5a8ea38" storage="TestAssembly.dll">
      <Execution id="1eb63861-2c30-4369-ac82-089c37591f6f" />
      <TestMethod codeBase="TestAssembly.dll" className="TestNamespace.TestClass7" name="Test6464" />
    </UnitTest>
    <UnitTest name="Test6465" id="fa05e0da-f542-4814-9b96-c1899a526baf" storage="TestAssembly.dll">
      <Execution id="89437cec-f97f-44e1-826f-0caa1fabde92" />
      <TestMethod codeBase="TestAssembly.dll" className="TestNamespace.TestClass7" name="Test6465" />
    </UnitTest>
    <UnitTest name="Test6466" id="2e8b8765-8ff5-476a-95d4-41062ca718aa" storage="TestAssembly.dll">
      <Execution id="bf17b9ca-a95a-4845-a42f-a6af12c64b35" />
      <TestMethod codeBase="TestAssembly.dll" className="TestNamespace.TestClass7" name="Test6466" />
    </UnitTest>
    <UnitTest name="Test6467" id="64fd1e89-efbd-42a8-b1b7-368fbc71f2b9" storage="TestAssembly.dll">
      <Execution id="a8ea10c0-1d65-4ee7-8cc8-a2203e89af70" />
      <TestMethod codeBase="TestAssembly.dll" className="TestNamespace.TestClass7" name="Test6467" />
    </UnitTest>
    <UnitTest name="Test6468" id="e454540e-145e-4f81-bbb5-0f775e9d52bb" storage="TestAssembly.dll">
      <Execution id="76dc318c-6e68-4461-9432-c3153a6851d2" />
      <TestMethod codeBase="TestAssembly.dll" className="TestNamespace.TestClass7" name="Test6468" />
    </UnitTest>
    <UnitTest name="Test6469" id="558de36f-fa9e-4318-a163-a52d56ed1e2d" storage="TestAssembly.dll">
      <Execution id="c15eb867-8b7d-4d3f-a283-aae3832c3718" />
      <TestMethod codeBase="TestAssembly.dll" className="TestNamespace.TestClass7" name="Test6469" />
    </UnitTest>
    <UnitTest name="Test6470" id="3436223a-9ac6-4e27-a034-74d0a2cdfbea" storage="TestAssembly.dll">
      <Execution id="7ccda059-60e1-4d56-81bd-3e824c9f5a5f" />
      <TestMethod codeBase="TestAssembly.dll" className="TestNamespace.TestClass7" name="Test6470" />
    </UnitTest>
    <UnitTest name="Test6471" id="300dbd86-cd32-471e-96ac-277ff44e5ccb" storage="TestAssembly.dll">
      <Execution id="68e5e7b5-996a-4796-9860-40a3c7bbf562" />
      <TestMethod codeBase="TestAssembly.dll" className="TestNamespace.TestClass8" name="Test6471" />
    </UnitTest>
    <UnitTest name="Test6472" id="31384237-aa6f-4a8d-b1c2-1262677110af" storage="TestAssembly.dll">
      <Execution id="cf8cee51-8505-43c8-b709-a6730740eb17" />
      <TestMethod codeBase="TestAssembly.dll" className="TestNamespace.TestClass8" name="Test6472" />
    </UnitTest>
    <UnitTest name="Test6473" id="c0ace974-1283-4fdf-803e-3ab9d42f421f" storage="TestAssembly.dll">
      <Execution id="e1fd4339-d085-4c60-8ffe-d6173fcd4a4c" />
      <TestMethod codeBase="TestAssembly.dll" className="TestNamespace.TestClass8" name="Test6473" />
    </UnitTest>
    <UnitTest name="Test6474" id="60f79e97-321a-45fe-8ed5-df4eee28f9a2" storage="TestAssembly.dll">
      <Execution id="624438eb-cb1f-43c4-8b07-523d7abbf9d6" />
      <TestMethod codeBase="TestAssembly.dll" className="TestNamespace.TestClass8" name="Test6474" />
    </UnitTest>
    <UnitTest name="Test6475" id="e3e0fd08-c3ba-4dc8-a3c8-ad32009cbe54" storage="TestAssembly.dll">
      <Execution id="981df0f3-5f27-48e4-b3e9-536421e76a0f" />
      <TestMethod codeBase="TestAssembly.dll" className="TestNamespace.TestClass8" name="Test6475" />
    </UnitTest>
    <UnitTest name="Test6476" id="5f67b156-938f-45c2-a646-326f6e1553b9" storage="TestAssembly.dll">
      <Execution id="06b90578-e668-434e-b899-22eff41d53d6" />
      <TestMethod codeBase="TestAssembly.dll" className="TestNamespace.TestClass8" name="Test6476" />
    </UnitTest>
    <UnitTest name="Test6477" id="8e17ba54-bc15-4aba-b07f-36278c5d2c53" storage="TestAssembly.dll">
      <Execution id="8d101e5e-eca1-4870-9f1d-530994ee57b0" />
      <TestMethod codeBase="TestAssembly.dll" className="TestNamespace.TestClass8" name="Test6477" />
    </UnitTest>
    <UnitTest name="Test6478" id="1ddb0108-31ee-4bdf-b24f-c34a1ddf6c88" storage="TestAssembly.dll">
      <Execution id="70228873-163c-4362-8439-2d28374e34b8" />
      <TestMethod codeBase="TestAssembly.dll" className="TestNamespace.TestClass8" name="Test6478" />
    </UnitTest>
    <UnitTest name="Test6479" id="ef3975f5-a778-47ce-8b1f-9b8ea8bb0153" storage="TestAssembly.dll">
      <Execution id="0ad1f4e1-e4ee-473c-bfb1-7d53028dedb7" />
      <TestMethod codeBase="TestAssembly.dll" className="TestNamespace.TestClass8" name="Test6479" />
    </UnitTest>
    <UnitTest name="Test6480" id="41584e0b-e486-4201-a2c5-7c8aa923e65c" storage="TestAssembly.dll">
      <Execution id="dca0856a-be58-47c4-bd57-4835f2ea817b" />
      <TestMethod codeBase="TestAssembly.dll" className="TestNamespace.TestClass8" name="Test6480" />
    </UnitTest>
    <UnitTest name="Test6481" id="0a5db42f-641b-410b-a558-73710972e197" storage="TestAssembly.dll">
      <Execution id="2a9ad93b-53b1-421d-9d71-ea022aad093a" />
      <TestMethod codeBase="TestAssembly.dll" className="TestNamespace.TestClass9" name="Test6481" />
    </UnitTest>
    <UnitTest name="Test6482" id="18337224-10ba-48a1-81b4-88cdd5e80b98" storage="TestAssembly.dll">
      <Execution id="6f3da563-1828-40d9-bbe2-20004a9de5f6" />
      <TestMethod codeBase="TestAssembly.dll" className="TestNamespace.TestClass9" name="Test6482" />
    </UnitTest>
    <UnitTest name="Test6483" id="7365c637-7aab-462c-912b-96e501229e42" storage="TestAssembly.dll">
      <Execution id="2a1dd430-2705-4a6f-be36-0561fa98f609" />
      <TestMethod codeBase="TestAssembly.dll" className="TestNamespace.TestClass9" name="Test6483" />
    </UnitTest>
    <UnitTest name="Test6484" id="39e96acc-b361-4244-b14e-b0c6c7cfef39" storage="TestAssembly.dll">
      <Execution id="d2653641-d7e3-4a1e-aa85-8d7e0a7e1af7" />
      <TestMethod codeBase="TestAssembly.dll" className="TestNamespace.TestClass9" name="Test6484" />
    </UnitTest>
    <UnitTest name="Test6485" id="02485088-43a6-44c2-acef-beec56355215" storage="TestAssembly.dll">
      <Execution id="0d63c2f0-98b3-4f54-8df4-0fb6e5ab6e1b" />
      <TestMethod codeBase="TestAssembly.dll" className="TestNamespace.TestClass9" name="Test6485" />
    </UnitTest>
    <UnitTest name="Test6486" id="069ef804-387b-4f19-8e3b-074e115c64bd" storage="TestAssembly.dll">
      <Execution id="23f9a818-8783-4f5f-867c-b930ee58b3e6" />
      <TestMethod codeBase="TestAssembly.dll" className="TestNamespace.TestClass9" name="Test6486" />
    </UnitTest>
    <UnitTest name="Test6487" id="b0a56dcd-540e-4d92-aedb-da80e2092dbb" storage="TestAssembly.dll">
      <Execution id="eb97a657-71ca-4fd9-abb1-022e421ccc74" />
      <TestMethod codeBase="TestAssembly.dll" className="TestNamespace.TestClass9" name="Test6487" />
    </UnitTest>
    <UnitTest name="Test6488" id="ac95ab02-37fe-4be5-99e5-d8456f62e5dd" storage="TestAssembly.dll">
      <Execution id="a529b71e-2d1d-4da3-a8c5-7bf907e80dec" />
      <TestMethod codeBase="TestAssembly.dll" className="TestNamespace.TestClass9" name="Test6488" />
    </UnitTest>
    <UnitTest name="Test6489" id="90e8948b-98d5-437a-9645-437c6ab5e7dd" storage="TestAssembly.dll">
      <Execution id="74f276d0-797d-4bac-954d-bf59717eec47" />
      <TestMethod codeBase="TestAssembly.dll" className="TestNamespace.TestClass9" name="Test6489" />
    </UnitTest>
    <UnitTest name="Test6490" id="182242a9-a9a6-4917-9fc9-325a470569bc" storage="TestAssembly.dll">
      <Execution id="19a741fb-c663-4e84-b054-acd33e23e4e5" />
      <TestMethod codeBase="TestAssembly.dll" className="TestNamespace.TestClass9" name="Test6490" />
    </UnitTest>
    <UnitTest name="Test6491" id="b1805ad0-f1ab-4e33-a289-41075c709ccd" storage="TestAssembly.dll">
      <Execution id="c2ab91b0-c94c-4667-affe-048c2f93ef9c" />
      <TestMethod codeBase="TestAssembly.dll" className="TestNamespace.TestClass10" name="Test6491" />
    </UnitTest>
    <UnitTest name="Test6492" id="684d5149-6c36-462d-8dbf-4be2cd365041" storage="TestAssembly.dll">
      <Execution id="a204db05-e2b3-4f66-92d6-a8267c8729c0" />
      <TestMethod codeBase="TestAssembly.dll" className="TestNamespace.TestClass10" name="Test6492" />
    </UnitTest>
    <UnitTest name="Test6493" id="4a98facb-c488-41b6-bb7b-580fe39ef6c9" storage="TestAssembly.dll">
      <Execution id="70b64bba-f4bf-4ee0-b692-6062a0152788" />
      <TestMethod codeBase="TestAssembly.dll" className="TestNamespace.TestClass10" name="Test6493" />
    </UnitTest>
    <UnitTest name="Test6494" id="25065d62-4fef-4e21-b3e3-f0cc07d89220" storage="TestAssembly.dll">
      <Execution id="ede2e3fa-8f95-41ca-aac6-18e76ed2c62c" />
      <TestMethod codeBase="TestAssembly.dll" className="TestNamespace.TestClass10" name="Test6494" />
    </UnitTest>
    <UnitTest name="Test6495" id="315c1a84-f916-434e-b482-2a7f31cdf86c" storage="TestAssembly.dll">
      <Execution id="a097d255-39d4-444f-9f1a-a621b3c6394b" />
      <TestMethod codeBase="TestAssembly.dll" className="TestNamespace.TestClass10" name="Test6495" />
    </UnitTest>
    <UnitTest name="Test6496" id="0715be80-31d0-464a-b9a8-cd5ca99ef71a" storage="TestAssembly.dll">
      <Execution id="5dd1433c-b987-45e3-8103-9b875391a658" />
      <TestMethod codeBase="TestAssembly.dll" className="TestNamespace.TestClass10" name="Test6496" />
    </UnitTest>
    <UnitTest name="Test6497" id="4bb15e47-e41b-4c0c-9bd6-f56d15147a99" storage="TestAssembly.dll">
      <Execution id="7951c1dd-09fb-4b9b-abe5-ee94f9089f0d" />
      <TestMethod codeBase="TestAssembly.dll" className="TestNamespace.TestClass10" name="Test6497" />
    </UnitTest>
    <UnitTest name="Test6498" id="02db8929-4532-4274-a316-d19b5fb4ec8f" storage="TestAssembly.dll">
      <Execution id="51e28d83-8f21-46bc-b6d7-057cba8c28a1" />
      <TestMethod codeBase="TestAssembly.dll" className="TestNamespace.TestClass10" name="Test6498" />
    </UnitTest>
    <UnitTest name="Test6499" id="8b2048ac-9ec4-4e3f-82d7-f303c6e92186" storage="TestAssembly.dll">
      <Execution id="1cbbed8b-ad27-4be4-8a82-4ae7d0e72a40" />
      <TestMethod codeBase="TestAssembly.dll" className="TestNamespace.TestClass10" name="Test6499" />
    </UnitTest>
    <UnitTest name="Test6500" id="0073898c-f655-46fd-8e1a-c4839f12663e" storage="TestAssembly.dll">
      <Execution id="08c88b63-bf2b-4ba9-9e96-00426c6cacb7" />
      <TestMethod codeBase="TestAssembly.dll" className="TestNamespace.TestClass10" name="Test6500" />
    </UnitTest>
  </TestDefinitions>
  <TestEntries>
    <TestEntry testId="1607e892-5963-4090-82c5-85a0b7c967d2" executionId="7b1e7d42-9ba6-4312-b6ee-c96eec45429d" testListId="79568fbc-89f4-4c3b-ae28-6683678cf0ef" />
    <TestEntry testId="95ecdbf6-b073-4024-b6c7-1ab78356ada6" executionId="1075b282-774f-490b-8e52-bf46cb63fce6" testListId="79568fbc-89f4-4c3b-ae28-6683678cf0ef" />
    <TestEntry testId="2cc91a08-0c00-4f57-a61d-2d0d8240ceba" executionId="5a406d2e-5045-4c7e-b00a-8c69cd00510f" testListId="79568fbc-89f4-4c3b-ae28-6683678cf0ef" />
    <TestEntry testId="93d2d4f0-e9ff-403b-bc3d-43e92cb3dde9" executionId="70d17e9b-df1f-422e-a99b-f4c325f4441c" testListId="79568fbc-89f4-4c3b-ae28-6683678cf0ef" />
    <TestEntry testId="debcb91a-437f-4e6d-82f5-3acd59537e76" executionId="4d647d64-810d-46ef-ad17-2133e5262c88" testListId="79568fbc-89f4-4c3b-ae28-6683678cf0ef" />
    <TestEntry testId="e88d3c54-48e1-4056-ac7d-ae4243a1516e" executionId="8422c13a-1cc0-487f-9ad6-1b696bc79fde" testListId="79568fbc-89f4-4c3b-ae28-6683678cf0ef" />
    <TestEntry testId="e2b12708-c63d-40b8-bc03-a52c8019dcd6" executionId="5d59f5fd-6534-4c6a-9394-2ef7744f2b1e" testListId="79568fbc-89f4-4c3b-ae28-6683678cf0ef" />
    <TestEntry testId="391c93e7-d387-4d9d-a36b-28adad63eedb" executionId="e3ae7c1e-68a7-4c3d-9996-798ecb09eb69" testListId="79568fbc-89f4-4c3b-ae28-6683678cf0ef" />
    <TestEntry testId="d0d23065-2972-424e-b25a-d1207bb7f1de" executionId="385aa9b2-6452-438b-88ab-07a48eae4d69" testListId="79568fbc-89f4-4c3b-ae28-6683678cf0ef" />
    <TestEntry testId="d505a256-8bb2-410c-a7a6-04940076cde7" executionId="0d1773ee-39b2-42c3-b540-e8fc87988abd" testListId="79568fbc-89f4-4c3b-ae28-6683678cf0ef" />
    <TestEntry testId="22bb7501-7d80-4540-ac70-c4cb35be72c4" executionId="fc5218ac-bcfd-43b6-9873-b10492621153" testListId="79568fbc-89f4-4c3b-ae28-6683678cf0ef" />
    <TestEntry testId="56fa0288-afb5-4804-be8d-930bcc9fa1c5" executionId="8b2b0a63-9b95-41b3-a69d-5b234bcd56ff" testListId="79568fbc-89f4-4c3b-ae28-6683678cf0ef" />
    <TestEntry testId="2543cc1a-fdae-4180-bbe2-44490b5c080f" executionId="f9d2dc55-56d5-435c-b64b-797046c4fb40" testListId="79568fbc-89f4-4c3b-ae28-6683678cf0ef" />
    <TestEntry testId="8de31430-2ebc-4b3b-9aca-8e910b344551" executionId="790211f7-98fb-4671-ad5c-0fe59755a61e" testListId="79568fbc-89f4-4c3b-ae28-6683678cf0ef" />
    <TestEntry testId="a590dfa3-3f01-4d88-9f66-7c2699c352e2" executionId="afb74835-a9be-4c30-9e82-77cf74217c49" testListId="79568fbc-89f4-4c3b-ae28-6683678cf0ef" />
    <TestEntry testId="6300b43a-a34e-4b9f-babb-6a154deede87" executionId="337330ab-9c87-4d6b-9abb-feacd25b9111" testListId="79568fbc-89f4-4c3b-ae28-6683678cf0ef" />
    <TestEntry testId="77f48cc5-b63d-45c9-86da-90a0ae0fc0c4" executionId="3ac4a070-8ce7-4e55-be73-077f073a28ac" testListId="79568fbc-89f4-4c3b-ae28-6683678cf0ef" />
    <TestEntry testId="f1d34c0e-69f7-4eff-a813-70607d77f9cb" executionId="c984765d-707e-4899-a7bf-34808a434d85" testListId="79568fbc-89f4-4c3b-ae28-6683678cf0ef" />
    <TestEntry testId="4a668fd0-787c-45dc-a8df-a472734a9068" executionId="132ef8f1-eade-40e2-bc3f-268964f50dcc" testListId="79568fbc-89f4-4c3b-ae28-6683678cf0ef" />
    <TestEntry testId="61f2e084-baa3-4fb4-b673-e6cf2ee9f097" executionId="944a4a4e-4b42-417d-9dd1-3da39f324f30" testListId="79568fbc-89f4-4c3b-ae28-6683678cf0ef" />
    <TestEntry testId="a1ff9e1c-d2e2-431c-a698-154b1079c362" executionId="5d2f29e2-1d2a-4c23-86cd-543834ee2903" testListId="79568fbc-89f4-4c3b-ae28-6683678cf0ef" />
    <TestEntry testId="80a5c4a0-6f27-4dcb-9d9e-67bd3e0b9a5f" executionId="7adca69e-0f21-4470-8c3d-f8d092594f86" testListId="79568fbc-89f4-4c3b-ae28-6683678cf0ef" />
    <TestEntry testId="8571c476-31d2-47c7-b0b4-27fbff5b44eb" executionId="5054b5f9-6bc8-41ea-8d7f-c6a7fb6c625f" testListId="79568fbc-89f4-4c3b-ae28-6683678cf0ef" />
    <TestEntry testId="c95cbbdd-09e7-4fa4-bfb9-28b63778e373" executionId="3c9a7cb3-71aa-4fac-a1d8-a949b57b03e5" testListId="79568fbc-89f4-4c3b-ae28-6683678cf0ef" />
    <TestEntry testId="fb693824-5677-49dc-bd1c-c8d0f3ce41e3" executionId="272566f7-9362-473c-ac1a-78d56ce9ab88" testListId="79568fbc-89f4-4c3b-ae28-6683678cf0ef" />
    <TestEntry testId="a68bdf76-f923-4739-9045-e4b4f0a82da1" executionId="1a8ca933-2a14-4b02-a6d8-d0968e8e996a" testListId="79568fbc-89f4-4c3b-ae28-6683678cf0ef" />
    <TestEntry testId="5f6541b8-af3e-4615-a8c8-1c06b74923cc" executionId="14cb550c-bce7-456d-9f63-dcaad5bc7d82" testListId="79568fbc-89f4-4c3b-ae28-6683678cf0ef" />
    <TestEntry testId="3aec454f-202e-409c-9231-9b4dca4584e1" executionId="baddcf83-2c20-42b9-bb7a-f7b17f24d961" testListId="79568fbc-89f4-4c3b-ae28-6683678cf0ef" />
    <TestEntry testId="db71b7e7-53bf-4083-8126-fb89965ad7b6" executionId="70a2f644-aadc-460b-bcf0-04888c480358" testListId="79568fbc-89f4-4c3b-ae28-6683678cf0ef" />
    <TestEntry testId="7d8ee1fa-4573-4dc2-8cc9-337e2a309a36" executionId="ba0ca7a1-a31e-4ff8-b11f-a40a5c8c54b9" testListId="79568fbc-89f4-4c3b-ae28-6683678cf0ef" />
    <TestEntry testId="38ebd840-7f65-4136-9737-ee66c607b171" executionId="0232d790-beeb-4cb7-9db6-3b85fc3219a8" testListId="79568fbc-89f4-4c3b-ae28-6683678cf0ef" />
    <TestEntry testId="6ac64bee-402c-4323-92d3-d480abb3b4b6" executionId="4dade705-6fc7-4ae6-a23d-94fc0ecc04b4" testListId="79568fbc-89f4-4c3b-ae28-6683678cf0ef" />
    <TestEntry testId="2da87cde-8655-46fe-8d5b-c8e1e230cece" executionId="cc36063a-104e-490c-b321-1a467d0e87df" testListId="79568fbc-89f4-4c3b-ae28-6683678cf0ef" />
    <TestEntry testId="2016c0fc-c24c-493d-aae9-6ab047baa515" executionId="e49160d8-f928-43c0-9fe0-f0093d56a147" testListId="79568fbc-89f4-4c3b-ae28-6683678cf0ef" />
    <TestEntry testId="9a7eb47f-cc38-461d-a6ad-6749e81af91a" executionId="d856c905-c863-482a-a4c0-0abcbf3872ee" testListId="79568fbc-89f4-4c3b-ae28-6683678cf0ef" />
    <TestEntry testId="82cc10e5-67cc-4e09-aace-dba3343e0c05" executionId="084b1bfc-0e24-40a4-8f4a-8c33d3dc4f91" testListId="79568fbc-89f4-4c3b-ae28-6683678cf0ef" />
    <TestEntry testId="aa787c80-4e21-493e-8188-a4eb3ab44ca6" executionId="54c5adfb-bd4f-44ff-b375-bb1f84a19722" testListId="79568fbc-89f4-4c3b-ae28-6683678cf0ef" />
    <TestEntry testId="fc6acd50-85df-414d-a6c0-305b53acd415" executionId="515902c7-4aaf-4c83-a100-7464a37f1f99" testListId="79568fbc-89f4-4c3b-ae28-6683678cf0ef" />
    <TestEntry testId="9664419a-0bbf-46cd-b759-a8ab93bf7796" executionId="b7683d60-3bf9-4d12-af54-a1bfb883a607" testListId="79568fbc-89f4-4c3b-ae28-6683678cf0ef" />
    <TestEntry testId="bba7d31a-be7a-4368-a419-211cf981809d" executionId="9f3a96c3-c007-4784-8df2-01f18d6a3cd2" testListId="79568fbc-89f4-4c3b-ae28-6683678cf0ef" />
    <TestEntry testId="a01cb120-2ed1-473d-837d-5b57dd12a3d2" executionId="04b3543a-ba30-4f20-be10-5ad1a153ecbb" testListId="79568fbc-89f4-4c3b-ae28-6683678cf0ef" />
    <TestEntry testId="201cebc1-47c6-45f7-a818-b6de168960a1" executionId="fbf64d16-37be-4923-af29-a0f138b3caf0" testListId="79568fbc-89f4-4c3b-ae28-6683678cf0ef" />
    <TestEntry testId="35a8b284-438c-4ad9-9153-a7c93fdcb3e4" executionId="28f0865d-f8b3-410f-a2da-a0c2298a5d20" testListId="79568fbc-89f4-4c3b-ae28-6683678cf0ef" />
    <TestEntry testId="dcb69636-67b3-4118-816f-bdc58ed05e60" executionId="a3a3cf0c-9d40-4842-b776-c2a6ec53bdf2" testListId="79568fbc-89f4-4c3b-ae28-6683678cf0ef" />
    <TestEntry testId="d756e746-049c-4f0a-9080-7c5ef5d3a3ee" executionId="4aa6b9ce-22f5-42e9-bb3f-e2a9d56201f1" testListId="79568fbc-89f4-4c3b-ae28-6683678cf0ef" />
    <TestEntry testId="fd6d1cfe-17dc-40e7-b4ef-89722a596f97" executionId="ee3d6ba7-c7ad-4b4d-8199-ab196900fd9d" testListId="79568fbc-89f4-4c3b-ae28-6683678cf0ef" />
    <TestEntry testId="ac1dda76-d836-4d67-98a0-8ac501e4ae9b" executionId="dcb95fb3-f1c8-4290-9515-709ace1c4942" testListId="79568fbc-89f4-4c3b-ae28-6683678cf0ef" />
    <TestEntry testId="149d07b5-ae6d-499d-9e6d-7fa92e69a9fb" executionId="b3604445-35d9-44f2-973b-9ed61892cdbf" testListId="79568fbc-89f4-4c3b-ae28-6683678cf0ef" />
    <TestEntry testId="0e30ad65-ae04-40da-9d69-057f96fe18e6" executionId="e4055b22-cbfd-4c7b-ac96-4ef20c7adf4e" testListId="79568fbc-89f4-4c3b-ae28-6683678cf0ef" />
    <TestEntry testId="66d51d9e-1c74-49f3-b00e-d4f393a8e31c" executionId="4c615ba9-40bf-43a7-bbd9-9aa33268803e" testListId="79568fbc-89f4-4c3b-ae28-6683678cf0ef" />
    <TestEntry testId="224471f6-4674-4373-a7c3-8c4d1410db12" executionId="62693bc8-5865-4bdc-828c-5fc0ac441f48" testListId="79568fbc-89f4-4c3b-ae28-6683678cf0ef" />
    <TestEntry testId="f293ba40-acb3-4af0-90da-527f5ddab0cd" executionId="9d388c1a-5d28-47df-9e34-2aa8b2ecb3f6" testListId="79568fbc-89f4-4c3b-ae28-6683678cf0ef" />
    <TestEntry testId="beb1f9d7-35b2-4a59-9c98-2b15934abac8" executionId="20560dd4-a989-463c-9292-6c708fac937b" testListId="79568fbc-89f4-4c3b-ae28-6683678cf0ef" />
    <TestEntry testId="3e1c8d5c-3e8c-42c8-a55f-5a82e428d86c" executionId="f2aba72b-22e2-41df-bfcd-229b38461174" testListId="79568fbc-89f4-4c3b-ae28-6683678cf0ef" />
    <TestEntry testId="3cd0af56-f3b8-432e-abdc-79688f9d792f" executionId="9d7aa46d-b6ff-42a4-82d6-35801bd138c5" testListId="79568fbc-89f4-4c3b-ae28-6683678cf0ef" />
    <TestEntry testId="92056813-aa01-421a-a63e-9206326671c6" executionId="388c9fb6-964b-48df-b323-1a9dd1419fab" testListId="79568fbc-89f4-4c3b-ae28-6683678cf0ef" />
    <TestEntry testId="fcbe595d-cac6-4480-9d8b-5a6200ec3418" executionId="3e578ab2-f722-4204-b994-076bfb6e8104" testListId="79568fbc-89f4-4c3b-ae28-6683678cf0ef" />
    <TestEntry testId="20bd379f-6d0b-49f5-b186-a8fcb7293e24" executionId="42623497-ad87-43ed-90c9-3cbf03bfc655" testListId="79568fbc-89f4-4c3b-ae28-6683678cf0ef" />
    <TestEntry testId="44087f0d-4c28-4412-944b-3699d1ee3f5d" executionId="597f00d2-2a07-4794-bbdb-9884be8c3c76" testListId="79568fbc-89f4-4c3b-ae28-6683678cf0ef" />
    <TestEntry testId="227552ff-ae34-422e-a571-9e369c9e1bf9" executionId="904f2552-7f57-48e5-a4f2-90d6652dd49d" testListId="79568fbc-89f4-4c3b-ae28-6683678cf0ef" />
    <TestEntry testId="13b9cb40-e111-4b4e-be87-dc053d1c5654" executionId="1419d3b6-98d1-4f4b-8e15-cff81f11e108" testListId="79568fbc-89f4-4c3b-ae28-6683678cf0ef" />
    <TestEntry testId="459ee541-ae5d-4de8-8e71-7c60e372bb84" executionId="c6d8e458-97a6-4c1d-8a03-0c79419d10d2" testListId="79568fbc-89f4-4c3b-ae28-6683678cf0ef" />
    <TestEntry testId="bfe2080c-7e82-4b14-b378-6812a8748994" executionId="27642549-e9c8-44f4-b33d-de85345b74f8" testListId="79568fbc-89f4-4c3b-ae28-6683678cf0ef" />
    <TestEntry testId="1f1d53eb-b3bf-4c91-8b32-1c4bf5a8ea38" executionId="1eb63861-2c30-4369-ac82-089c37591f6f" testListId="79568fbc-89f4-4c3b-ae28-6683678cf0ef" />
    <TestEntry testId="fa05e0da-f542-4814-9b96-c1899a526baf" executionId="89437cec-f97f-44e1-826f-0caa1fabde92" testListId="79568fbc-89f4-4c3b-ae28-6683678cf0ef" />
    <TestEntry testId="2e8b8765-8ff5-476a-95d4-41062ca718aa" executionId="bf17b9ca-a95a-4845-a42f-a6af12c64b35" testListId="79568fbc-89f4-4c3b-ae28-6683678cf0ef" />
    <TestEntry testId="64fd1e89-efbd-42a8-b1b7-368fbc71f2b9" executionId="a8ea10c0-1d65-4ee7-8cc8-a2203e89af70" testListId="79568fbc-89f4-4c3b-ae28-6683678cf0ef" />
    <TestEntry testId="e454540e-145e-4f81-bbb5-0f775e9d52bb" executionId="76dc318c-6e68-4461-9432-c3153a6851d2" testListId="79568fbc-89f4-4c3b-ae28-6683678cf0ef" />
    <TestEntry testId="558de36f-fa9e-4318-a163-a52d56ed1e2d" executionId="c15eb867-8b7d-4d3f-a283-aae3832c3718" testListId="79568fbc-89f4-4c3b-ae28-6683678cf0ef" />
    <TestEntry testId="3436223a-9ac6-4e27-a034-74d0a2cdfbea" executionId="7ccda059-60e1-4d56-81bd-3e824c9f5a5f" testListId="79568fbc-89f4-4c3b-ae28-6683678cf0ef" />
    <TestEntry testId="300dbd86-cd32-471e-96ac-277ff44e5ccb" executionId="68e5e7b5-996a-4796-9860-40a3c7bbf562" testListId="79568fbc-89f4-4c3b-ae28-6683678cf0ef" />
    <TestEntry testId="31384237-aa6f-4a8d-b1c2-1262677110af" executionId="cf8cee51-8505-43c8-b709-a6730740eb17" testListId="79568fbc-89f4-4c3b-ae28-6683678cf0ef" />
    <TestEntry testId="c0ace974-1283-4fdf-803e-3ab9d42f421f" executionId="e1fd4339-d085-4c60-8ffe-d6173fcd4a4c" testListId="79568fbc-89f4-4c3b-ae28-6683678cf0ef" />
    <TestEntry testId="60f79e97-321a-45fe-8ed5-df4eee28f9a2" executionId="624438eb-cb1f-43c4-8b07-523d7abbf9d6" testListId="79568fbc-89f4-4c3b-ae28-6683678cf0ef" />
    <TestEntry testId="e3e0fd08-c3ba-4dc8-a3c8-ad32009cbe54" executionId="981df0f3-5f27-48e4-b3e9-536421e76a0f" testListId="79568fbc-89f4-4c3b-ae28-6683678cf0ef" />
    <TestEntry testId="5f67b156-938f-45c2-a646-326f6e1553b9" executionId="06b90578-e668-434e-b899-22eff41d53d6" testListId="79568fbc-89f4-4c3b-ae28-6683678cf0ef" />
    <TestEntry testId="8e17ba54-bc15-4aba-b07f-36278c5d2c53" executionId="8d101e5e-eca1-4870-9f1d-530994ee57b0" testListId="79568fbc-89f4-4c3b-ae28-6683678cf0ef" />
    <TestEntry testId="1ddb0108-31ee-4bdf-b24f-c34a1ddf6c88" executionId="70228873-163c-4362-8439-2d28374e34b8" testListId="79568fbc-89f4-4c3b-ae28-6683678cf0ef" />
    <TestEntry testId="ef3975f5-a778-47ce-8b1f-9b8ea8bb0153" executionId="0ad1f4e1-e4ee-473c-bfb1-7d53028dedb7" testListId="79568fbc-89f4-4c3b-ae28-6683678cf0ef" />
    <TestEntry testId="41584e0b-e486-4201-a2c5-7c8aa923e65c" executionId="dca0856a-be58-47c4-bd57-4835f2ea817b" testListId="79568fbc-89f4-4c3b-ae28-6683678cf0ef" />
    <TestEntry testId="0a5db42f-641b-410b-a558-73710972e197" executionId="2a9ad93b-53b1-421d-9d71-ea022aad093a" testListId="79568fbc-89f4-4c3b-ae28-6683678cf0ef" />
    <TestEntry testId="18337224-10ba-48a1-81b4-88cdd5e80b98" executionId="6f3da563-1828-40d9-bbe2-20004a9de5f6" testListId="79568fbc-89f4-4c3b-ae28-6683678cf0ef" />
    <TestEntry testId="7365c637-7aab-462c-912b-96e501229e42" executionId="2a1dd430-2705-4a6f-be36-0561fa98f609" testListId="79568fbc-89f4-4c3b-ae28-6683678cf0ef" />
    <TestEntry testId="39e96acc-b361-4244-b14e-b0c6c7cfef39" executionId="d2653641-d7e3-4a1e-aa85-8d7e0a7e1af7" testListId="79568fbc-89f4-4c3b-ae28-6683678cf0ef" />
    <TestEntry testId="02485088-43a6-44c2-acef-beec56355215" executionId="0d63c2f0-98b3-4f54-8df4-0fb6e5ab6e1b" testListId="79568fbc-89f4-4c3b-ae28-6683678cf0ef" />
    <TestEntry testId="069ef804-387b-4f19-8e3b-074e115c64bd" executionId="23f9a818-8783-4f5f-867c-b930ee58b3e6" testListId="79568fbc-89f4-4c3b-ae28-6683678cf0ef" />
    <TestEntry testId="b0a56dcd-540e-4d92-aedb-da80e2092dbb" executionId="eb97a657-71ca-4fd9-abb1-022e421ccc74" testListId="79568fbc-89f4-4c3b-ae28-6683678cf0ef" />
    <TestEntry testId="ac95ab02-37fe-4be5-99e5-d8456f62e5dd" executionId="a529b71e-2d1d-4da3-a8c5-7bf907e80dec" testListId="79568fbc-89f4-4c3b-ae28-6683678cf0ef" />
    <TestEntry testId="90e8948b-98d5-437a-9645-437c6ab5e7dd" executionId="74f276d0-797d-4bac-954d-bf59717eec47" testListId="79568fbc-89f4-4c3b-ae28-6683678cf0ef" />
    <TestEntry testId="182242a9-a9a6-4917-9fc9-325a470569bc" executionId="19a741fb-c663-4e84-b054-acd33e23e4e5" testListId="79568fbc-89f4-4c3b-ae28-6683678cf0ef" />
    <TestEntry testId="b1805ad0-f1ab-4e33-a289-41075c709ccd" executionId="c2ab91b0-c94c-4667-affe-048c2f93ef9c" testListId="79568fbc-89f4-4c3b-ae28-6683678cf0ef" />
    <TestEntry testId="684d5149-6c36-462d-8dbf-4be2cd365041" executionId="a204db05-e2b3-4f66-92d6-a8267c8729c0" testListId="79568fbc-89f4-4c3b-ae28-6683678cf0ef" />
    <TestEntry testId="4a98facb-c488-41b6-bb7b-580fe39ef6c9" executionId="70b64bba-f4bf-4ee0-b692-6062a0152788" testListId="79568fbc-89f4-4c3b-ae28-6683678cf0ef" />
    <TestEntry testId="25065d62-4fef-4e21-b3e3-f0cc07d89220" executionId="ede2e3fa-8f95-41ca-aac6-18e76ed2c62c" testListId="79568fbc-89f4-4c3b-ae28-6683678cf0ef" />
    <TestEntry testId="315c1a84-f916-434e-b482-2a7f31cdf86c" executionId="a097d255-39d4-444f-9f1a-a621b3c6394b" testListId="79568fbc-89f4-4c3b-ae28-6683678cf0ef" />
    <TestEntry testId="0715be80-31d0-464a-b9a8-cd5ca99ef71a" executionId="5dd1433c-b987-45e3-8103-9b875391a658" testListId="79568fbc-89f4-4c3b-ae28-6683678cf0ef" />
    <TestEntry testId="4bb15e47-e41b-4c0c-9bd6-f56d15147a99" executionId="7951c1dd-09fb-4b9b-abe5-ee94f9089f0d" testListId="79568fbc-89f4-4c3b-ae28-6683678cf0ef" />
    <TestEntry testId="02db8929-4532-4274-a316-d19b5fb4ec8f" executionId="51e28d83-8f21-46bc-b6d7-057cba8c28a1" testListId="79568fbc-89f4-4c3b-ae28-6683678cf0ef" />
    <TestEntry testId="8b2048ac-9ec4-4e3f-82d7-f303c6e92186" executionId="1cbbed8b-ad27-4be4-8a82-4ae7d0e72a40" testListId="79568fbc-89f4-4c3b-ae28-6683678cf0ef" />
    <TestEntry testId="0073898c-f655-46fd-8e1a-c4839f12663e" executionId="08c88b63-bf2b-4ba9-9e96-00426c6cacb7" testListId="79568fbc-89f4-4c3b-ae28-6683678cf0ef" />
  </TestEntries>
  <TestLists>
    <TestList name="Results Not in a List" id="79568fbc-89f4-4c3b-ae28-6683678cf0ef" />
    <TestList name="All Loaded Results" id="329ebd17-df7b-48d9-87ee-bf02ff1ec632" />
  </TestLists>
</TestRun>