<?xml version="1.0" encoding="UTF-8"?>
<TestRun id="dd72ca8b-1c84-4964-a753-59497a5bbcb8" name="Test Run 52" runUser="Oles Galatsan" xmlns="http://microsoft.com/schemas/VisualStudio/TeamTest/2010">
  <Times creation="2025-05-14T13:20:31.3125482Z" queuing="2025-05-14T13:20:31.3125482Z" start="2025-05-14T13:20:31.3146610Z" finish="2025-05-14T13:25:31.3147553Z" />
  <TestSettings name="Test Settings 52" id="dc574fde-8060-4cb5-bd85-d93c8ebc7d29" />
  <Results>
    <UnitTestResult executionId="b7bf0514-b061-4f4d-b09e-b1b73ca74bf8" testId="53ce1dac-19bf-4e66-b4fe-c7f05019726f" testName="Test5101" computerName="UA-LPT-OGA2" duration="00:00:01.1530000" startTime="2025-05-14T13:20:31.3146610Z" endTime="2025-05-14T13:25:31.3147553Z" testType="13cdc9d9-ddb5-4fa4-a97d-d965ccfc6d4b" outcome="Passed" testListId="64bc430c-65b7-49f5-bd07-bc61ef1e6dcb" />
    <UnitTestResult executionId="92663393-2b15-454a-9246-c596bca5a7d0" testId="bf5d426d-10ee-4045-a4d7-0521eaa56320" testName="Test5102" computerName="UA-LPT-OGA2" duration="00:00:00.0740000" startTime="2025-05-14T13:20:31.3146610Z" endTime="2025-05-14T13:25:31.3147553Z" testType="13cdc9d9-ddb5-4fa4-a97d-d965ccfc6d4b" outcome="Passed" testListId="64bc430c-65b7-49f5-bd07-bc61ef1e6dcb" />
    <UnitTestResult executionId="b3967d08-fbbf-421e-90e7-a135b15a8570" testId="ad8e0466-00d2-42d7-a370-aba1c8fbd123" testName="Test5103" computerName="UA-LPT-OGA2" duration="00:00:01.7720000" startTime="2025-05-14T13:20:31.3146610Z" endTime="2025-05-14T13:25:31.3147553Z" testType="13cdc9d9-ddb5-4fa4-a97d-d965ccfc6d4b" outcome="Failed" testListId="64bc430c-65b7-49f5-bd07-bc61ef1e6dcb">
      <Output>
        <ErrorInfo>
          <Message>Assertion failed: Expected value did not match actual value.</Message>
          <StackTrace>   at TestNamespace.TestClass.Test() in TestClass.cs:line 421</StackTrace>
        </ErrorInfo>
      </Output>
    </UnitTestResult>
    <UnitTestResult executionId="9a6f99fb-d201-4996-8a65-c847d3e81bfd" testId="524dfcd4-b24f-4516-bd55-c0003c5646ea" testName="Test5104" computerName="UA-LPT-OGA2" duration="00:00:00.1560000" startTime="2025-05-14T13:20:31.3146610Z" endTime="2025-05-14T13:25:31.3147553Z" testType="13cdc9d9-ddb5-4fa4-a97d-d965ccfc6d4b" outcome="Passed" testListId="64bc430c-65b7-49f5-bd07-bc61ef1e6dcb" />
    <UnitTestResult executionId="4ad9b039-2800-4d75-81f9-93f13b5283d3" testId="3eaca9d8-3817-4c97-bba6-92fc45735e84" testName="Test5105" computerName="UA-LPT-OGA2" duration="00:00:01.5850000" startTime="2025-05-14T13:20:31.3146610Z" endTime="2025-05-14T13:25:31.3147553Z" testType="13cdc9d9-ddb5-4fa4-a97d-d965ccfc6d4b" outcome="Failed" testListId="64bc430c-65b7-49f5-bd07-bc61ef1e6dcb">
      <Output>
        <ErrorInfo>
          <Message>Assertion failed: Expected value did not match actual value.</Message>
          <StackTrace>   at TestNamespace.TestClass.Test() in TestClass.cs:line 86</StackTrace>
        </ErrorInfo>
      </Output>
    </UnitTestResult>
    <UnitTestResult executionId="8095b82d-bf59-4502-b440-9c710e53dcc3" testId="502f2c4b-dfce-499e-85cb-ce85e50711c6" testName="Test5106" computerName="UA-LPT-OGA2" duration="00:00:00.0860000" startTime="2025-05-14T13:20:31.3146610Z" endTime="2025-05-14T13:25:31.3147553Z" testType="13cdc9d9-ddb5-4fa4-a97d-d965ccfc6d4b" outcome="Passed" testListId="64bc430c-65b7-49f5-bd07-bc61ef1e6dcb" />
    <UnitTestResult executionId="4941f084-4394-4b1d-9443-6ed608233451" testId="d1ff20a3-9ba6-4e98-bb37-ca8f2a695b91" testName="Test5107" computerName="UA-LPT-OGA2" duration="00:00:00.7660000" startTime="2025-05-14T13:20:31.3146610Z" endTime="2025-05-14T13:25:31.3147553Z" testType="13cdc9d9-ddb5-4fa4-a97d-d965ccfc6d4b" outcome="Passed" testListId="64bc430c-65b7-49f5-bd07-bc61ef1e6dcb" />
    <UnitTestResult executionId="fba341e3-432d-4694-a18f-cee1be2835ec" testId="4db5677a-a242-47b2-bfaa-5ad57d5b03d1" testName="Test5108" computerName="UA-LPT-OGA2" duration="00:00:00.6150000" startTime="2025-05-14T13:20:31.3146610Z" endTime="2025-05-14T13:25:31.3147553Z" testType="13cdc9d9-ddb5-4fa4-a97d-d965ccfc6d4b" outcome="Passed" testListId="64bc430c-65b7-49f5-bd07-bc61ef1e6dcb" />
    <UnitTestResult executionId="a035d1df-b1dc-4fc3-91c8-6142ffda3ee6" testId="875d922d-5c74-4f4b-baff-248da3abfe81" testName="Test5109" computerName="UA-LPT-OGA2" duration="00:00:00.4780000" startTime="2025-05-14T13:20:31.3146610Z" endTime="2025-05-14T13:25:31.3147553Z" testType="13cdc9d9-ddb5-4fa4-a97d-d965ccfc6d4b" outcome="Passed" testListId="64bc430c-65b7-49f5-bd07-bc61ef1e6dcb" />
    <UnitTestResult executionId="039786d4-a277-49c9-b440-49be678fabd3" testId="440b4db5-07a0-4ae0-989e-f10b2568ea3c" testName="Test5110" computerName="UA-LPT-OGA2" duration="00:00:01.9210000" startTime="2025-05-14T13:20:31.3146610Z" endTime="2025-05-14T13:25:31.3147553Z" testType="13cdc9d9-ddb5-4fa4-a97d-d965ccfc6d4b" outcome="Passed" testListId="64bc430c-65b7-49f5-bd07-bc61ef1e6dcb" />
    <UnitTestResult executionId="f152ab46-18c4-4342-ac5d-3e7431b7d408" testId="4e4ee923-c841-4299-a2da-77602fe13e9c" testName="Test5111" computerName="UA-LPT-OGA2" duration="00:00:00.4510000" startTime="2025-05-14T13:20:31.3146610Z" endTime="2025-05-14T13:25:31.3147553Z" testType="13cdc9d9-ddb5-4fa4-a97d-d965ccfc6d4b" outcome="Passed" testListId="64bc430c-65b7-49f5-bd07-bc61ef1e6dcb" />
    <UnitTestResult executionId="e8fd34e7-57f8-41c7-9871-93904ee50d76" testId="dad47617-0203-4610-9c06-10dfcbe1925f" testName="Test5112" computerName="UA-LPT-OGA2" duration="00:00:01.4870000" startTime="2025-05-14T13:20:31.3146610Z" endTime="2025-05-14T13:25:31.3147553Z" testType="13cdc9d9-ddb5-4fa4-a97d-d965ccfc6d4b" outcome="Passed" testListId="64bc430c-65b7-49f5-bd07-bc61ef1e6dcb" />
    <UnitTestResult executionId="4ff5b2f1-c5e9-4880-90bb-cbd8af97b289" testId="30171f63-d3b9-4857-a098-a6ccf5d5c206" testName="Test5113" computerName="UA-LPT-OGA2" duration="00:00:01.0740000" startTime="2025-05-14T13:20:31.3146610Z" endTime="2025-05-14T13:25:31.3147553Z" testType="13cdc9d9-ddb5-4fa4-a97d-d965ccfc6d4b" outcome="Passed" testListId="64bc430c-65b7-49f5-bd07-bc61ef1e6dcb" />
    <UnitTestResult executionId="50c0e237-7013-4390-8c38-0cef69555cfb" testId="79bb9366-02ab-4849-86ea-1eb3fa10da76" testName="Test5114" computerName="UA-LPT-OGA2" duration="00:00:01.0430000" startTime="2025-05-14T13:20:31.3146610Z" endTime="2025-05-14T13:25:31.3147553Z" testType="13cdc9d9-ddb5-4fa4-a97d-d965ccfc6d4b" outcome="Passed" testListId="64bc430c-65b7-49f5-bd07-bc61ef1e6dcb" />
    <UnitTestResult executionId="da4fbcfc-c557-4065-9cec-ed5d2a11d344" testId="f074326a-45a5-47ca-87de-2d283fb0c0e5" testName="Test5115" computerName="UA-LPT-OGA2" duration="00:00:00.1640000" startTime="2025-05-14T13:20:31.3146610Z" endTime="2025-05-14T13:25:31.3147553Z" testType="13cdc9d9-ddb5-4fa4-a97d-d965ccfc6d4b" outcome="Passed" testListId="64bc430c-65b7-49f5-bd07-bc61ef1e6dcb" />
    <UnitTestResult executionId="4fc261e5-dd43-4c35-9d50-75d2b96d5a98" testId="3786fc94-804b-41ac-abdb-1b916aa477cd" testName="Test5116" computerName="UA-LPT-OGA2" duration="00:00:01.9820000" startTime="2025-05-14T13:20:31.3146610Z" endTime="2025-05-14T13:25:31.3147553Z" testType="13cdc9d9-ddb5-4fa4-a97d-d965ccfc6d4b" outcome="Passed" testListId="64bc430c-65b7-49f5-bd07-bc61ef1e6dcb" />
    <UnitTestResult executionId="471a4c4e-678e-498e-a1c3-933657322b87" testId="6aac3fbc-acc2-4ec2-9a9a-1d9bb1c6a3cc" testName="Test5117" computerName="UA-LPT-OGA2" duration="00:00:00.3910000" startTime="2025-05-14T13:20:31.3146610Z" endTime="2025-05-14T13:25:31.3147553Z" testType="13cdc9d9-ddb5-4fa4-a97d-d965ccfc6d4b" outcome="Passed" testListId="64bc430c-65b7-49f5-bd07-bc61ef1e6dcb" />
    <UnitTestResult executionId="42ad3f81-d22c-453e-a294-221aaeefcd52" testId="1aedd86e-852e-4b2f-ae80-ba1e5007a090" testName="Test5118" computerName="UA-LPT-OGA2" duration="00:00:01.2760000" startTime="2025-05-14T13:20:31.3146610Z" endTime="2025-05-14T13:25:31.3147553Z" testType="13cdc9d9-ddb5-4fa4-a97d-d965ccfc6d4b" outcome="Passed" testListId="64bc430c-65b7-49f5-bd07-bc61ef1e6dcb" />
    <UnitTestResult executionId="2c410e78-246a-4ca6-913a-e57b8a29c0c5" testId="809290aa-2c8c-4d0f-b80a-36d519fddbc3" testName="Test5119" computerName="UA-LPT-OGA2" duration="00:00:01.9410000" startTime="2025-05-14T13:20:31.3146610Z" endTime="2025-05-14T13:25:31.3147553Z" testType="13cdc9d9-ddb5-4fa4-a97d-d965ccfc6d4b" outcome="Failed" testListId="64bc430c-65b7-49f5-bd07-bc61ef1e6dcb">
      <Output>
        <ErrorInfo>
          <Message>Assertion failed: Expected value did not match actual value.</Message>
          <StackTrace>   at TestNamespace.TestClass.Test() in TestClass.cs:line 107</StackTrace>
        </ErrorInfo>
      </Output>
    </UnitTestResult>
    <UnitTestResult executionId="55673fd5-c588-4c21-8a16-b1359121379a" testId="409204e0-4291-483d-aeb4-cd89bb08983e" testName="Test5120" computerName="UA-LPT-OGA2" duration="00:00:00.9500000" startTime="2025-05-14T13:20:31.3146610Z" endTime="2025-05-14T13:25:31.3147553Z" testType="13cdc9d9-ddb5-4fa4-a97d-d965ccfc6d4b" outcome="Passed" testListId="64bc430c-65b7-49f5-bd07-bc61ef1e6dcb" />
    <UnitTestResult executionId="d5ed6bb4-ac75-4f8a-bc56-45563383f7d2" testId="f8930d9b-c9df-4ab8-9906-c078cb6f4dc8" testName="Test5121" computerName="UA-LPT-OGA2" duration="00:00:01.2190000" startTime="2025-05-14T13:20:31.3146610Z" endTime="2025-05-14T13:25:31.3147553Z" testType="13cdc9d9-ddb5-4fa4-a97d-d965ccfc6d4b" outcome="Passed" testListId="64bc430c-65b7-49f5-bd07-bc61ef1e6dcb" />
    <UnitTestResult executionId="c84c54f7-8ae9-4cc8-b50b-e507c9ecf64c" testId="91f00b8d-2043-47ca-a2f0-056da0a57870" testName="Test5122" computerName="UA-LPT-OGA2" duration="00:00:01.8080000" startTime="2025-05-14T13:20:31.3146610Z" endTime="2025-05-14T13:25:31.3147553Z" testType="13cdc9d9-ddb5-4fa4-a97d-d965ccfc6d4b" outcome="Passed" testListId="64bc430c-65b7-49f5-bd07-bc61ef1e6dcb" />
    <UnitTestResult executionId="1d59b1f0-479b-4d72-8bb2-134648c2ff12" testId="1b86b5cd-08ef-4eaa-9a99-62a83c14527d" testName="Test5123" computerName="UA-LPT-OGA2" duration="00:00:01.6760000" startTime="2025-05-14T13:20:31.3146610Z" endTime="2025-05-14T13:25:31.3147553Z" testType="13cdc9d9-ddb5-4fa4-a97d-d965ccfc6d4b" outcome="Passed" testListId="64bc430c-65b7-49f5-bd07-bc61ef1e6dcb" />
    <UnitTestResult executionId="9715cedf-c283-4e0d-a38e-9f78c3bbbb13" testId="eb4fbe36-0ad2-4ec1-8490-b48e78a4b3e7" testName="Test5124" computerName="UA-LPT-OGA2" duration="00:00:01.2730000" startTime="2025-05-14T13:20:31.3146610Z" endTime="2025-05-14T13:25:31.3147553Z" testType="13cdc9d9-ddb5-4fa4-a97d-d965ccfc6d4b" outcome="Passed" testListId="64bc430c-65b7-49f5-bd07-bc61ef1e6dcb" />
    <UnitTestResult executionId="5d256b8e-85bb-4545-9b99-24317f638ff4" testId="8ecb1c58-5ac5-4cb5-bc4d-33c778c9df3c" testName="Test5125" computerName="UA-LPT-OGA2" duration="00:00:01.9050000" startTime="2025-05-14T13:20:31.3146610Z" endTime="2025-05-14T13:25:31.3147553Z" testType="13cdc9d9-ddb5-4fa4-a97d-d965ccfc6d4b" outcome="Passed" testListId="64bc430c-65b7-49f5-bd07-bc61ef1e6dcb" />
    <UnitTestResult executionId="60063f52-c9b8-4b83-8213-a903d3d287e8" testId="37a9113c-e431-4eb6-bf44-1ae6981be945" testName="Test5126" computerName="UA-LPT-OGA2" duration="00:00:00.7820000" startTime="2025-05-14T13:20:31.3146610Z" endTime="2025-05-14T13:25:31.3147553Z" testType="13cdc9d9-ddb5-4fa4-a97d-d965ccfc6d4b" outcome="Passed" testListId="64bc430c-65b7-49f5-bd07-bc61ef1e6dcb" />
    <UnitTestResult executionId="1d7b9b0e-7081-42fe-b0ad-28edc2537195" testId="f729b7ba-d1ab-4d1c-b3a1-2c9254cf6926" testName="Test5127" computerName="UA-LPT-OGA2" duration="00:00:00.1530000" startTime="2025-05-14T13:20:31.3146610Z" endTime="2025-05-14T13:25:31.3147553Z" testType="13cdc9d9-ddb5-4fa4-a97d-d965ccfc6d4b" outcome="Failed" testListId="64bc430c-65b7-49f5-bd07-bc61ef1e6dcb">
      <Output>
        <ErrorInfo>
          <Message>Assertion failed: Expected value did not match actual value.</Message>
          <StackTrace>   at TestNamespace.TestClass.Test() in TestClass.cs:line 140</StackTrace>
        </ErrorInfo>
      </Output>
    </UnitTestResult>
    <UnitTestResult executionId="187bbcce-0bc9-49aa-a6d5-6415b9f6158c" testId="e7d90b51-7a84-4454-8240-4973b4d76c8b" testName="Test5128" computerName="UA-LPT-OGA2" duration="00:00:01.1220000" startTime="2025-05-14T13:20:31.3146610Z" endTime="2025-05-14T13:25:31.3147553Z" testType="13cdc9d9-ddb5-4fa4-a97d-d965ccfc6d4b" outcome="Passed" testListId="64bc430c-65b7-49f5-bd07-bc61ef1e6dcb" />
    <UnitTestResult executionId="d8fe93d8-2861-495d-b545-c4613f74305d" testId="ac3b3752-4bb5-4307-a2e2-eae217382827" testName="Test5129" computerName="UA-LPT-OGA2" duration="00:00:01.8410000" startTime="2025-05-14T13:20:31.3146610Z" endTime="2025-05-14T13:25:31.3147553Z" testType="13cdc9d9-ddb5-4fa4-a97d-d965ccfc6d4b" outcome="Passed" testListId="64bc430c-65b7-49f5-bd07-bc61ef1e6dcb" />
    <UnitTestResult executionId="7e4728cc-6218-4a09-8960-d0b2615b1e53" testId="cea5950b-4ec7-4542-b0ac-5acd9bdbd4ba" testName="Test5130" computerName="UA-LPT-OGA2" duration="00:00:00.6290000" startTime="2025-05-14T13:20:31.3146610Z" endTime="2025-05-14T13:25:31.3147553Z" testType="13cdc9d9-ddb5-4fa4-a97d-d965ccfc6d4b" outcome="Passed" testListId="64bc430c-65b7-49f5-bd07-bc61ef1e6dcb" />
    <UnitTestResult executionId="4e526884-84e2-4801-9797-b63a332f2978" testId="7ddc9430-f1d8-443e-b502-60e63df61a84" testName="Test5131" computerName="UA-LPT-OGA2" duration="00:00:01.6370000" startTime="2025-05-14T13:20:31.3146610Z" endTime="2025-05-14T13:25:31.3147553Z" testType="13cdc9d9-ddb5-4fa4-a97d-d965ccfc6d4b" outcome="Passed" testListId="64bc430c-65b7-49f5-bd07-bc61ef1e6dcb" />
    <UnitTestResult executionId="37de8335-5e29-423a-84a0-543502a230ed" testId="cab39701-9b26-4845-9c0e-00e9105eec16" testName="Test5132" computerName="UA-LPT-OGA2" duration="00:00:01.2990000" startTime="2025-05-14T13:20:31.3146610Z" endTime="2025-05-14T13:25:31.3147553Z" testType="13cdc9d9-ddb5-4fa4-a97d-d965ccfc6d4b" outcome="Passed" testListId="64bc430c-65b7-49f5-bd07-bc61ef1e6dcb" />
    <UnitTestResult executionId="87905f73-89cd-4ba9-acb3-bd72203946f0" testId="6f884936-8579-493d-8b06-03982e427f13" testName="Test5133" computerName="UA-LPT-OGA2" duration="00:00:00.6950000" startTime="2025-05-14T13:20:31.3146610Z" endTime="2025-05-14T13:25:31.3147553Z" testType="13cdc9d9-ddb5-4fa4-a97d-d965ccfc6d4b" outcome="Passed" testListId="64bc430c-65b7-49f5-bd07-bc61ef1e6dcb" />
    <UnitTestResult executionId="6785cf23-fe23-4701-87d9-cdb6b4b17793" testId="7d4d2779-a549-4a38-98f5-2bf3e59009aa" testName="Test5134" computerName="UA-LPT-OGA2" duration="00:00:01.7600000" startTime="2025-05-14T13:20:31.3146610Z" endTime="2025-05-14T13:25:31.3147553Z" testType="13cdc9d9-ddb5-4fa4-a97d-d965ccfc6d4b" outcome="Passed" testListId="64bc430c-65b7-49f5-bd07-bc61ef1e6dcb" />
    <UnitTestResult executionId="b7508cb5-381f-4333-a079-96317f0d057b" testId="27bfea4b-8299-4375-8425-4b1e541a8eda" testName="Test5135" computerName="UA-LPT-OGA2" duration="00:00:00.1590000" startTime="2025-05-14T13:20:31.3146610Z" endTime="2025-05-14T13:25:31.3147553Z" testType="13cdc9d9-ddb5-4fa4-a97d-d965ccfc6d4b" outcome="Passed" testListId="64bc430c-65b7-49f5-bd07-bc61ef1e6dcb" />
    <UnitTestResult executionId="18aae8a6-6b11-442f-b934-0501dc14c4b9" testId="7fb96214-8cd5-454a-b41d-d41e0684dd86" testName="Test5136" computerName="UA-LPT-OGA2" duration="00:00:00.5600000" startTime="2025-05-14T13:20:31.3146610Z" endTime="2025-05-14T13:25:31.3147553Z" testType="13cdc9d9-ddb5-4fa4-a97d-d965ccfc6d4b" outcome="Passed" testListId="64bc430c-65b7-49f5-bd07-bc61ef1e6dcb" />
    <UnitTestResult executionId="70f1c68b-8776-4207-bb71-f27bde149852" testId="f15e35a5-f5aa-4b48-a015-a36f2343d1b9" testName="Test5137" computerName="UA-LPT-OGA2" duration="00:00:01.9090000" startTime="2025-05-14T13:20:31.3146610Z" endTime="2025-05-14T13:25:31.3147553Z" testType="13cdc9d9-ddb5-4fa4-a97d-d965ccfc6d4b" outcome="Passed" testListId="64bc430c-65b7-49f5-bd07-bc61ef1e6dcb" />
    <UnitTestResult executionId="68e075e1-b429-4e22-84e3-77008d7c283d" testId="9f4c3238-dc56-4149-9c93-aeb0fb75d358" testName="Test5138" computerName="UA-LPT-OGA2" duration="00:00:00.0700000" startTime="2025-05-14T13:20:31.3146610Z" endTime="2025-05-14T13:25:31.3147553Z" testType="13cdc9d9-ddb5-4fa4-a97d-d965ccfc6d4b" outcome="Failed" testListId="64bc430c-65b7-49f5-bd07-bc61ef1e6dcb">
      <Output>
        <ErrorInfo>
          <Message>Assertion failed: Expected value did not match actual value.</Message>
          <StackTrace>   at TestNamespace.TestClass.Test() in TestClass.cs:line 495</StackTrace>
        </ErrorInfo>
      </Output>
    </UnitTestResult>
    <UnitTestResult executionId="862df8a9-0f64-4379-96ea-3465a1a1848a" testId="370b1747-8ac6-41d4-a8ec-287110a7e47e" testName="Test5139" computerName="UA-LPT-OGA2" duration="00:00:01.2670000" startTime="2025-05-14T13:20:31.3146610Z" endTime="2025-05-14T13:25:31.3147553Z" testType="13cdc9d9-ddb5-4fa4-a97d-d965ccfc6d4b" outcome="Passed" testListId="64bc430c-65b7-49f5-bd07-bc61ef1e6dcb" />
    <UnitTestResult executionId="07d9364f-ca0e-4d11-bb96-ea40b993c4e2" testId="117525e0-eaaa-43ae-bf9c-409aae93b686" testName="Test5140" computerName="UA-LPT-OGA2" duration="00:00:00.5870000" startTime="2025-05-14T13:20:31.3146610Z" endTime="2025-05-14T13:25:31.3147553Z" testType="13cdc9d9-ddb5-4fa4-a97d-d965ccfc6d4b" outcome="Failed" testListId="64bc430c-65b7-49f5-bd07-bc61ef1e6dcb">
      <Output>
        <ErrorInfo>
          <Message>Assertion failed: Expected value did not match actual value.</Message>
          <StackTrace>   at TestNamespace.TestClass.Test() in TestClass.cs:line 279</StackTrace>
        </ErrorInfo>
      </Output>
    </UnitTestResult>
    <UnitTestResult executionId="b7e8b71d-b2fb-4821-86ad-548a9eb3dc28" testId="4b063b97-97ce-4f0e-9e0a-a57e3414f9f2" testName="Test5141" computerName="UA-LPT-OGA2" duration="00:00:01.4470000" startTime="2025-05-14T13:20:31.3146610Z" endTime="2025-05-14T13:25:31.3147553Z" testType="13cdc9d9-ddb5-4fa4-a97d-d965ccfc6d4b" outcome="Passed" testListId="64bc430c-65b7-49f5-bd07-bc61ef1e6dcb" />
    <UnitTestResult executionId="ea1a0a22-49b6-4ed5-9da8-b9d09f6af8e4" testId="381b386e-4675-4172-bb44-f4414ae0959b" testName="Test5142" computerName="UA-LPT-OGA2" duration="00:00:01.6320000" startTime="2025-05-14T13:20:31.3146610Z" endTime="2025-05-14T13:25:31.3147553Z" testType="13cdc9d9-ddb5-4fa4-a97d-d965ccfc6d4b" outcome="Passed" testListId="64bc430c-65b7-49f5-bd07-bc61ef1e6dcb" />
    <UnitTestResult executionId="1e6c8002-aac2-4428-8cd0-fb9ad7515a33" testId="e3aecc2d-9471-4e18-9e2a-82cac1820150" testName="Test5143" computerName="UA-LPT-OGA2" duration="00:00:00.4440000" startTime="2025-05-14T13:20:31.3146610Z" endTime="2025-05-14T13:25:31.3147553Z" testType="13cdc9d9-ddb5-4fa4-a97d-d965ccfc6d4b" outcome="Failed" testListId="64bc430c-65b7-49f5-bd07-bc61ef1e6dcb">
      <Output>
        <ErrorInfo>
          <Message>Assertion failed: Expected value did not match actual value.</Message>
          <StackTrace>   at TestNamespace.TestClass.Test() in TestClass.cs:line 165</StackTrace>
        </ErrorInfo>
      </Output>
    </UnitTestResult>
    <UnitTestResult executionId="a37d97f1-80f6-4716-9d10-e2f1862628d6" testId="db3d4431-f1a3-4914-8329-9baa1f2206be" testName="Test5144" computerName="UA-LPT-OGA2" duration="00:00:00.7780000" startTime="2025-05-14T13:20:31.3146610Z" endTime="2025-05-14T13:25:31.3147553Z" testType="13cdc9d9-ddb5-4fa4-a97d-d965ccfc6d4b" outcome="Passed" testListId="64bc430c-65b7-49f5-bd07-bc61ef1e6dcb" />
    <UnitTestResult executionId="31e2f5a0-9fb5-4ecb-b573-4566189d3ca8" testId="4eb4298f-4e8d-4313-936c-34034dd6be22" testName="Test5145" computerName="UA-LPT-OGA2" duration="00:00:01.7920000" startTime="2025-05-14T13:20:31.3146610Z" endTime="2025-05-14T13:25:31.3147553Z" testType="13cdc9d9-ddb5-4fa4-a97d-d965ccfc6d4b" outcome="Passed" testListId="64bc430c-65b7-49f5-bd07-bc61ef1e6dcb" />
    <UnitTestResult executionId="eeea3864-7be7-4112-bd03-1252e7d5b24e" testId="4845a4a7-1b73-473f-974c-c547fc561b18" testName="Test5146" computerName="UA-LPT-OGA2" duration="00:00:00.0140000" startTime="2025-05-14T13:20:31.3146610Z" endTime="2025-05-14T13:25:31.3147553Z" testType="13cdc9d9-ddb5-4fa4-a97d-d965ccfc6d4b" outcome="Passed" testListId="64bc430c-65b7-49f5-bd07-bc61ef1e6dcb" />
    <UnitTestResult executionId="747ef60f-137a-4584-b135-f26e4372070f" testId="9f54aec3-d73c-419e-8b1d-aacf52a41efd" testName="Test5147" computerName="UA-LPT-OGA2" duration="00:00:01.7550000" startTime="2025-05-14T13:20:31.3146610Z" endTime="2025-05-14T13:25:31.3147553Z" testType="13cdc9d9-ddb5-4fa4-a97d-d965ccfc6d4b" outcome="Passed" testListId="64bc430c-65b7-49f5-bd07-bc61ef1e6dcb" />
    <UnitTestResult executionId="b5ef3f1a-b2de-4665-809f-796c703e5fbc" testId="17c8d05a-81b4-4f73-b24a-21307d80f949" testName="Test5148" computerName="UA-LPT-OGA2" duration="00:00:01.5070000" startTime="2025-05-14T13:20:31.3146610Z" endTime="2025-05-14T13:25:31.3147553Z" testType="13cdc9d9-ddb5-4fa4-a97d-d965ccfc6d4b" outcome="Passed" testListId="64bc430c-65b7-49f5-bd07-bc61ef1e6dcb" />
    <UnitTestResult executionId="1a0ece2a-6dfb-4840-b757-68d2f1513d38" testId="c215a123-f947-44de-b048-53a59dbaa312" testName="Test5149" computerName="UA-LPT-OGA2" duration="00:00:00.2210000" startTime="2025-05-14T13:20:31.3146610Z" endTime="2025-05-14T13:25:31.3147553Z" testType="13cdc9d9-ddb5-4fa4-a97d-d965ccfc6d4b" outcome="Passed" testListId="64bc430c-65b7-49f5-bd07-bc61ef1e6dcb" />
    <UnitTestResult executionId="33215ebe-02a2-4560-bfb8-0410072cfaa6" testId="19b96625-9dad-4342-ad7c-034d50cdec39" testName="Test5150" computerName="UA-LPT-OGA2" duration="00:00:01.2600000" startTime="2025-05-14T13:20:31.3146610Z" endTime="2025-05-14T13:25:31.3147553Z" testType="13cdc9d9-ddb5-4fa4-a97d-d965ccfc6d4b" outcome="Passed" testListId="64bc430c-65b7-49f5-bd07-bc61ef1e6dcb" />
    <UnitTestResult executionId="194d7a2c-1db4-4384-8490-7afc09b7aeed" testId="1864f88b-3372-4db4-9ab4-d282009a7113" testName="Test5151" computerName="UA-LPT-OGA2" duration="00:00:00.1080000" startTime="2025-05-14T13:20:31.3146610Z" endTime="2025-05-14T13:25:31.3147553Z" testType="13cdc9d9-ddb5-4fa4-a97d-d965ccfc6d4b" outcome="Passed" testListId="64bc430c-65b7-49f5-bd07-bc61ef1e6dcb" />
    <UnitTestResult executionId="b472509a-272d-4327-9399-6c59fb3383d0" testId="b657ea69-4fc2-4c65-91d2-8399694157aa" testName="Test5152" computerName="UA-LPT-OGA2" duration="00:00:01.8640000" startTime="2025-05-14T13:20:31.3146610Z" endTime="2025-05-14T13:25:31.3147553Z" testType="13cdc9d9-ddb5-4fa4-a97d-d965ccfc6d4b" outcome="Passed" testListId="64bc430c-65b7-49f5-bd07-bc61ef1e6dcb" />
    <UnitTestResult executionId="5e07da68-2224-466f-9d63-7714b6359a6e" testId="47770feb-d114-4d5f-8c25-926bb84aabe2" testName="Test5153" computerName="UA-LPT-OGA2" duration="00:00:01.4680000" startTime="2025-05-14T13:20:31.3146610Z" endTime="2025-05-14T13:25:31.3147553Z" testType="13cdc9d9-ddb5-4fa4-a97d-d965ccfc6d4b" outcome="Passed" testListId="64bc430c-65b7-49f5-bd07-bc61ef1e6dcb" />
    <UnitTestResult executionId="700f88bb-495a-4390-baa2-31411c67bb3c" testId="06561b61-f297-4f54-a9c3-500bd08a0293" testName="Test5154" computerName="UA-LPT-OGA2" duration="00:00:00.5890000" startTime="2025-05-14T13:20:31.3146610Z" endTime="2025-05-14T13:25:31.3147553Z" testType="13cdc9d9-ddb5-4fa4-a97d-d965ccfc6d4b" outcome="Passed" testListId="64bc430c-65b7-49f5-bd07-bc61ef1e6dcb" />
    <UnitTestResult executionId="bb5d5ac3-dbc1-4e81-9f65-69095c67b9cd" testId="b9623eab-159f-47bf-b052-eaf8925d3e61" testName="Test5155" computerName="UA-LPT-OGA2" duration="00:00:00.6080000" startTime="2025-05-14T13:20:31.3146610Z" endTime="2025-05-14T13:25:31.3147553Z" testType="13cdc9d9-ddb5-4fa4-a97d-d965ccfc6d4b" outcome="Failed" testListId="64bc430c-65b7-49f5-bd07-bc61ef1e6dcb">
      <Output>
        <ErrorInfo>
          <Message>Assertion failed: Expected value did not match actual value.</Message>
          <StackTrace>   at TestNamespace.TestClass.Test() in TestClass.cs:line 146</StackTrace>
        </ErrorInfo>
      </Output>
    </UnitTestResult>
    <UnitTestResult executionId="8658eadf-eb0b-40a5-9057-3e260be074b3" testId="c9635164-c771-4ab6-a343-1525352d06b8" testName="Test5156" computerName="UA-LPT-OGA2" duration="00:00:01.0140000" startTime="2025-05-14T13:20:31.3146610Z" endTime="2025-05-14T13:25:31.3147553Z" testType="13cdc9d9-ddb5-4fa4-a97d-d965ccfc6d4b" outcome="Passed" testListId="64bc430c-65b7-49f5-bd07-bc61ef1e6dcb" />
    <UnitTestResult executionId="576d239b-b1b2-4d4b-b5b3-aec8708b0e3c" testId="b6d73008-bd7d-4944-aba3-67c8c64e13fc" testName="Test5157" computerName="UA-LPT-OGA2" duration="00:00:01.2640000" startTime="2025-05-14T13:20:31.3146610Z" endTime="2025-05-14T13:25:31.3147553Z" testType="13cdc9d9-ddb5-4fa4-a97d-d965ccfc6d4b" outcome="Failed" testListId="64bc430c-65b7-49f5-bd07-bc61ef1e6dcb">
      <Output>
        <ErrorInfo>
          <Message>Assertion failed: Expected value did not match actual value.</Message>
          <StackTrace>   at TestNamespace.TestClass.Test() in TestClass.cs:line 126</StackTrace>
        </ErrorInfo>
      </Output>
    </UnitTestResult>
    <UnitTestResult executionId="01cd74c5-9fcf-4296-bd63-e8525be70b29" testId="79fe5ac4-b3b3-4a63-ac2d-183d67b9aa83" testName="Test5158" computerName="UA-LPT-OGA2" duration="00:00:00.3750000" startTime="2025-05-14T13:20:31.3146610Z" endTime="2025-05-14T13:25:31.3147553Z" testType="13cdc9d9-ddb5-4fa4-a97d-d965ccfc6d4b" outcome="Passed" testListId="64bc430c-65b7-49f5-bd07-bc61ef1e6dcb" />
    <UnitTestResult executionId="452e2218-761c-4209-a882-061b5716dd6c" testId="b13dfaec-1b05-4113-8fc2-afadb94bbc56" testName="Test5159" computerName="UA-LPT-OGA2" duration="00:00:00.7320000" startTime="2025-05-14T13:20:31.3146610Z" endTime="2025-05-14T13:25:31.3147553Z" testType="13cdc9d9-ddb5-4fa4-a97d-d965ccfc6d4b" outcome="Passed" testListId="64bc430c-65b7-49f5-bd07-bc61ef1e6dcb" />
    <UnitTestResult executionId="77aa780c-4c75-446b-9e1d-cfb6c80c8347" testId="e0308124-67cc-4c8f-a1e2-211f054da18b" testName="Test5160" computerName="UA-LPT-OGA2" duration="00:00:01.1800000" startTime="2025-05-14T13:20:31.3146610Z" endTime="2025-05-14T13:25:31.3147553Z" testType="13cdc9d9-ddb5-4fa4-a97d-d965ccfc6d4b" outcome="Passed" testListId="64bc430c-65b7-49f5-bd07-bc61ef1e6dcb" />
    <UnitTestResult executionId="40ae9b71-4262-4e89-adb9-1d96c573b509" testId="33b6ac70-c537-4242-817f-57e97097f96d" testName="Test5161" computerName="UA-LPT-OGA2" duration="00:00:00.7580000" startTime="2025-05-14T13:20:31.3146610Z" endTime="2025-05-14T13:25:31.3147553Z" testType="13cdc9d9-ddb5-4fa4-a97d-d965ccfc6d4b" outcome="Passed" testListId="64bc430c-65b7-49f5-bd07-bc61ef1e6dcb" />
    <UnitTestResult executionId="e08f0020-8d5e-43f9-9c36-5a9f67fc7b10" testId="e99026c2-6e23-4d66-b47e-9793e57e25b0" testName="Test5162" computerName="UA-LPT-OGA2" duration="00:00:01.2860000" startTime="2025-05-14T13:20:31.3146610Z" endTime="2025-05-14T13:25:31.3147553Z" testType="13cdc9d9-ddb5-4fa4-a97d-d965ccfc6d4b" outcome="Passed" testListId="64bc430c-65b7-49f5-bd07-bc61ef1e6dcb" />
    <UnitTestResult executionId="4cd80764-3386-4b4b-9cc0-4545176aac26" testId="bcf2f802-1ff2-4b9a-9b66-84deaa0e4cb8" testName="Test5163" computerName="UA-LPT-OGA2" duration="00:00:00.0380000" startTime="2025-05-14T13:20:31.3146610Z" endTime="2025-05-14T13:25:31.3147553Z" testType="13cdc9d9-ddb5-4fa4-a97d-d965ccfc6d4b" outcome="Passed" testListId="64bc430c-65b7-49f5-bd07-bc61ef1e6dcb" />
    <UnitTestResult executionId="37f323df-b7ad-4045-bbaa-e35a8cb2a0f4" testId="289ee84c-d0c4-4796-b63f-306c547efacd" testName="Test5164" computerName="UA-LPT-OGA2" duration="00:00:00.6250000" startTime="2025-05-14T13:20:31.3146610Z" endTime="2025-05-14T13:25:31.3147553Z" testType="13cdc9d9-ddb5-4fa4-a97d-d965ccfc6d4b" outcome="Failed" testListId="64bc430c-65b7-49f5-bd07-bc61ef1e6dcb">
      <Output>
        <ErrorInfo>
          <Message>Assertion failed: Expected value did not match actual value.</Message>
          <StackTrace>   at TestNamespace.TestClass.Test() in TestClass.cs:line 149</StackTrace>
        </ErrorInfo>
      </Output>
    </UnitTestResult>
    <UnitTestResult executionId="c74ac248-e69e-4a8c-8b3f-03247e181c51" testId="670ab338-9224-414b-bc8e-f7b05b38d7a8" testName="Test5165" computerName="UA-LPT-OGA2" duration="00:00:01.4260000" startTime="2025-05-14T13:20:31.3146610Z" endTime="2025-05-14T13:25:31.3147553Z" testType="13cdc9d9-ddb5-4fa4-a97d-d965ccfc6d4b" outcome="Passed" testListId="64bc430c-65b7-49f5-bd07-bc61ef1e6dcb" />
    <UnitTestResult executionId="ef849dd1-c26b-4685-bc67-6e699d750cdd" testId="5b644677-3865-443e-8400-fdfecb87ce3b" testName="Test5166" computerName="UA-LPT-OGA2" duration="00:00:01.7090000" startTime="2025-05-14T13:20:31.3146610Z" endTime="2025-05-14T13:25:31.3147553Z" testType="13cdc9d9-ddb5-4fa4-a97d-d965ccfc6d4b" outcome="Passed" testListId="64bc430c-65b7-49f5-bd07-bc61ef1e6dcb" />
    <UnitTestResult executionId="cb7c0549-8536-4726-814e-c192f12fe659" testId="29de20b3-8369-4c09-93c7-3d5fa6c070ba" testName="Test5167" computerName="UA-LPT-OGA2" duration="00:00:01.9410000" startTime="2025-05-14T13:20:31.3146610Z" endTime="2025-05-14T13:25:31.3147553Z" testType="13cdc9d9-ddb5-4fa4-a97d-d965ccfc6d4b" outcome="Passed" testListId="64bc430c-65b7-49f5-bd07-bc61ef1e6dcb" />
    <UnitTestResult executionId="d76764d8-414f-4f72-a07d-02b5ec87af50" testId="87adf4d1-e12a-47cd-8f2c-b62b55fab7ab" testName="Test5168" computerName="UA-LPT-OGA2" duration="00:00:01.1850000" startTime="2025-05-14T13:20:31.3146610Z" endTime="2025-05-14T13:25:31.3147553Z" testType="13cdc9d9-ddb5-4fa4-a97d-d965ccfc6d4b" outcome="Passed" testListId="64bc430c-65b7-49f5-bd07-bc61ef1e6dcb" />
    <UnitTestResult executionId="cdc538b1-57c9-4106-ac9d-a62765cb6100" testId="8a4f0fc7-baf0-4b18-aa1b-73b97f23fb29" testName="Test5169" computerName="UA-LPT-OGA2" duration="00:00:01.1800000" startTime="2025-05-14T13:20:31.3146610Z" endTime="2025-05-14T13:25:31.3147553Z" testType="13cdc9d9-ddb5-4fa4-a97d-d965ccfc6d4b" outcome="Failed" testListId="64bc430c-65b7-49f5-bd07-bc61ef1e6dcb">
      <Output>
        <ErrorInfo>
          <Message>Assertion failed: Expected value did not match actual value.</Message>
          <StackTrace>   at TestNamespace.TestClass.Test() in TestClass.cs:line 285</StackTrace>
        </ErrorInfo>
      </Output>
    </UnitTestResult>
    <UnitTestResult executionId="272d040c-690c-43e9-9f10-d3dab8217be3" testId="1745ff96-ca47-4c3c-a233-3f712f36fb81" testName="Test5170" computerName="UA-LPT-OGA2" duration="00:00:00.1190000" startTime="2025-05-14T13:20:31.3146610Z" endTime="2025-05-14T13:25:31.3147553Z" testType="13cdc9d9-ddb5-4fa4-a97d-d965ccfc6d4b" outcome="Passed" testListId="64bc430c-65b7-49f5-bd07-bc61ef1e6dcb" />
    <UnitTestResult executionId="206c0a4f-6f37-47e9-b940-5d7febe22a88" testId="166ee9db-492e-4503-ba01-718f9f927b37" testName="Test5171" computerName="UA-LPT-OGA2" duration="00:00:01.1640000" startTime="2025-05-14T13:20:31.3146610Z" endTime="2025-05-14T13:25:31.3147553Z" testType="13cdc9d9-ddb5-4fa4-a97d-d965ccfc6d4b" outcome="Passed" testListId="64bc430c-65b7-49f5-bd07-bc61ef1e6dcb" />
    <UnitTestResult executionId="f09ce7cc-8c40-4450-bcbb-c520adde0ade" testId="d04798fd-f018-4000-b694-edcd5a69a7b6" testName="Test5172" computerName="UA-LPT-OGA2" duration="00:00:00.8660000" startTime="2025-05-14T13:20:31.3146610Z" endTime="2025-05-14T13:25:31.3147553Z" testType="13cdc9d9-ddb5-4fa4-a97d-d965ccfc6d4b" outcome="Passed" testListId="64bc430c-65b7-49f5-bd07-bc61ef1e6dcb" />
    <UnitTestResult executionId="a2131b61-ebff-4a53-addd-9a4b10374122" testId="12677202-4f28-4157-8a42-ef66e6d9f0f0" testName="Test5173" computerName="UA-LPT-OGA2" duration="00:00:00.5260000" startTime="2025-05-14T13:20:31.3146610Z" endTime="2025-05-14T13:25:31.3147553Z" testType="13cdc9d9-ddb5-4fa4-a97d-d965ccfc6d4b" outcome="Passed" testListId="64bc430c-65b7-49f5-bd07-bc61ef1e6dcb" />
    <UnitTestResult executionId="404732e2-eb39-4a70-84bd-f3842a9dafbd" testId="2525bf1e-1c1a-4747-bba5-c4f0ef2ac7f1" testName="Test5174" computerName="UA-LPT-OGA2" duration="00:00:01.0460000" startTime="2025-05-14T13:20:31.3146610Z" endTime="2025-05-14T13:25:31.3147553Z" testType="13cdc9d9-ddb5-4fa4-a97d-d965ccfc6d4b" outcome="Passed" testListId="64bc430c-65b7-49f5-bd07-bc61ef1e6dcb" />
    <UnitTestResult executionId="5d55ffaf-1e9d-4ea3-8f57-6488f3697efc" testId="05719317-d9ca-4a3d-bc79-58a11ef971ef" testName="Test5175" computerName="UA-LPT-OGA2" duration="00:00:00.9610000" startTime="2025-05-14T13:20:31.3146610Z" endTime="2025-05-14T13:25:31.3147553Z" testType="13cdc9d9-ddb5-4fa4-a97d-d965ccfc6d4b" outcome="Passed" testListId="64bc430c-65b7-49f5-bd07-bc61ef1e6dcb" />
    <UnitTestResult executionId="74b78cc5-6c88-469f-94e3-0b5bad2e6b79" testId="9cd534e9-d360-4655-bca6-53bc2449c9d6" testName="Test5176" computerName="UA-LPT-OGA2" duration="00:00:00.2700000" startTime="2025-05-14T13:20:31.3146610Z" endTime="2025-05-14T13:25:31.3147553Z" testType="13cdc9d9-ddb5-4fa4-a97d-d965ccfc6d4b" outcome="Passed" testListId="64bc430c-65b7-49f5-bd07-bc61ef1e6dcb" />
    <UnitTestResult executionId="fcfbf618-16aa-4cf3-b896-d603fff45129" testId="634f6b61-2c77-4f95-8f95-d8de7903fb00" testName="Test5177" computerName="UA-LPT-OGA2" duration="00:00:00.2090000" startTime="2025-05-14T13:20:31.3146610Z" endTime="2025-05-14T13:25:31.3147553Z" testType="13cdc9d9-ddb5-4fa4-a97d-d965ccfc6d4b" outcome="Passed" testListId="64bc430c-65b7-49f5-bd07-bc61ef1e6dcb" />
    <UnitTestResult executionId="58ab42ca-6ad2-4198-b020-c8b20b27b710" testId="51da2c02-7b3c-4407-b863-b4363b09c9ff" testName="Test5178" computerName="UA-LPT-OGA2" duration="00:00:01.4980000" startTime="2025-05-14T13:20:31.3146610Z" endTime="2025-05-14T13:25:31.3147553Z" testType="13cdc9d9-ddb5-4fa4-a97d-d965ccfc6d4b" outcome="Passed" testListId="64bc430c-65b7-49f5-bd07-bc61ef1e6dcb" />
    <UnitTestResult executionId="a4991104-5f87-4e0c-8e06-44cc70b749ec" testId="7f4fc43f-4242-4b19-b8ae-40066347d578" testName="Test5179" computerName="UA-LPT-OGA2" duration="00:00:01.7930000" startTime="2025-05-14T13:20:31.3146610Z" endTime="2025-05-14T13:25:31.3147553Z" testType="13cdc9d9-ddb5-4fa4-a97d-d965ccfc6d4b" outcome="Passed" testListId="64bc430c-65b7-49f5-bd07-bc61ef1e6dcb" />
    <UnitTestResult executionId="bcb2376e-52ea-46a4-92ee-5ea84a5546e5" testId="a85395dd-3b3b-4095-aabf-583dd3f158bf" testName="Test5180" computerName="UA-LPT-OGA2" duration="00:00:01.1350000" startTime="2025-05-14T13:20:31.3146610Z" endTime="2025-05-14T13:25:31.3147553Z" testType="13cdc9d9-ddb5-4fa4-a97d-d965ccfc6d4b" outcome="Passed" testListId="64bc430c-65b7-49f5-bd07-bc61ef1e6dcb" />
    <UnitTestResult executionId="1e8c2ab8-58d2-482a-a783-ab9c74e9d8a9" testId="4a972480-ecd4-4c6e-a403-2590d92d50cc" testName="Test5181" computerName="UA-LPT-OGA2" duration="00:00:01.4470000" startTime="2025-05-14T13:20:31.3146610Z" endTime="2025-05-14T13:25:31.3147553Z" testType="13cdc9d9-ddb5-4fa4-a97d-d965ccfc6d4b" outcome="Passed" testListId="64bc430c-65b7-49f5-bd07-bc61ef1e6dcb" />
    <UnitTestResult executionId="7ab2abb0-0f7a-44e7-a92c-78d5e634ead0" testId="a83a4a6e-64c7-49ff-931f-c2c2519d14db" testName="Test5182" computerName="UA-LPT-OGA2" duration="00:00:01.0720000" startTime="2025-05-14T13:20:31.3146610Z" endTime="2025-05-14T13:25:31.3147553Z" testType="13cdc9d9-ddb5-4fa4-a97d-d965ccfc6d4b" outcome="Passed" testListId="64bc430c-65b7-49f5-bd07-bc61ef1e6dcb" />
    <UnitTestResult executionId="737829d6-d049-47dc-ac62-a3b93e5db05f" testId="b82941ab-6e2c-45fa-8cb5-3d41ad4514b6" testName="Test5183" computerName="UA-LPT-OGA2" duration="00:00:00.6270000" startTime="2025-05-14T13:20:31.3146610Z" endTime="2025-05-14T13:25:31.3147553Z" testType="13cdc9d9-ddb5-4fa4-a97d-d965ccfc6d4b" outcome="Passed" testListId="64bc430c-65b7-49f5-bd07-bc61ef1e6dcb" />
    <UnitTestResult executionId="b722a0f3-e3e6-43b4-aeb5-ea0882c15cc2" testId="2578b4b2-c7f4-45a1-a90f-54686100cf70" testName="Test5184" computerName="UA-LPT-OGA2" duration="00:00:01.6750000" startTime="2025-05-14T13:20:31.3146610Z" endTime="2025-05-14T13:25:31.3147553Z" testType="13cdc9d9-ddb5-4fa4-a97d-d965ccfc6d4b" outcome="Passed" testListId="64bc430c-65b7-49f5-bd07-bc61ef1e6dcb" />
    <UnitTestResult executionId="12cad7e4-113a-409c-9a49-2c2daed60cb2" testId="98e93144-3407-4dab-91d1-f2564bfaf40d" testName="Test5185" computerName="UA-LPT-OGA2" duration="00:00:01.5910000" startTime="2025-05-14T13:20:31.3146610Z" endTime="2025-05-14T13:25:31.3147553Z" testType="13cdc9d9-ddb5-4fa4-a97d-d965ccfc6d4b" outcome="Failed" testListId="64bc430c-65b7-49f5-bd07-bc61ef1e6dcb">
      <Output>
        <ErrorInfo>
          <Message>Assertion failed: Expected value did not match actual value.</Message>
          <StackTrace>   at TestNamespace.TestClass.Test() in TestClass.cs:line 245</StackTrace>
        </ErrorInfo>
      </Output>
    </UnitTestResult>
    <UnitTestResult executionId="0e06130e-5cb4-4778-b59d-8b8e6beda83e" testId="83fc6a24-691c-4d92-953d-d889245bdc48" testName="Test5186" computerName="UA-LPT-OGA2" duration="00:00:00.6870000" startTime="2025-05-14T13:20:31.3146610Z" endTime="2025-05-14T13:25:31.3147553Z" testType="13cdc9d9-ddb5-4fa4-a97d-d965ccfc6d4b" outcome="Passed" testListId="64bc430c-65b7-49f5-bd07-bc61ef1e6dcb" />
    <UnitTestResult executionId="a10dd037-3041-4338-b6e1-c8311109d967" testId="4c28aade-70d0-4dab-8b4f-209ceeb516d8" testName="Test5187" computerName="UA-LPT-OGA2" duration="00:00:01.2510000" startTime="2025-05-14T13:20:31.3146610Z" endTime="2025-05-14T13:25:31.3147553Z" testType="13cdc9d9-ddb5-4fa4-a97d-d965ccfc6d4b" outcome="Passed" testListId="64bc430c-65b7-49f5-bd07-bc61ef1e6dcb" />
    <UnitTestResult executionId="666ea983-e84d-476c-91fe-5572201d5cf7" testId="ad1d4cfa-2c22-4535-a3ff-69e4b6e55c22" testName="Test5188" computerName="UA-LPT-OGA2" duration="00:00:00.9480000" startTime="2025-05-14T13:20:31.3146610Z" endTime="2025-05-14T13:25:31.3147553Z" testType="13cdc9d9-ddb5-4fa4-a97d-d965ccfc6d4b" outcome="Failed" testListId="64bc430c-65b7-49f5-bd07-bc61ef1e6dcb">
      <Output>
        <ErrorInfo>
          <Message>Assertion failed: Expected value did not match actual value.</Message>
          <StackTrace>   at TestNamespace.TestClass.Test() in TestClass.cs:line 24</StackTrace>
        </ErrorInfo>
      </Output>
    </UnitTestResult>
    <UnitTestResult executionId="07c36d56-f256-4954-8931-ea6bbbf10c8e" testId="b0e32941-975c-41c0-a285-0166450fb581" testName="Test5189" computerName="UA-LPT-OGA2" duration="00:00:00.1590000" startTime="2025-05-14T13:20:31.3146610Z" endTime="2025-05-14T13:25:31.3147553Z" testType="13cdc9d9-ddb5-4fa4-a97d-d965ccfc6d4b" outcome="Failed" testListId="64bc430c-65b7-49f5-bd07-bc61ef1e6dcb">
      <Output>
        <ErrorInfo>
          <Message>Assertion failed: Expected value did not match actual value.</Message>
          <StackTrace>   at TestNamespace.TestClass.Test() in TestClass.cs:line 284</StackTrace>
        </ErrorInfo>
      </Output>
    </UnitTestResult>
    <UnitTestResult executionId="ae3a0c2e-b0af-41f9-a316-6fc7cf543cb8" testId="32432bc6-7b3e-4b21-96e3-8c529c8b1ab2" testName="Test5190" computerName="UA-LPT-OGA2" duration="00:00:01.6410000" startTime="2025-05-14T13:20:31.3146610Z" endTime="2025-05-14T13:25:31.3147553Z" testType="13cdc9d9-ddb5-4fa4-a97d-d965ccfc6d4b" outcome="Passed" testListId="64bc430c-65b7-49f5-bd07-bc61ef1e6dcb" />
    <UnitTestResult executionId="bd5fd532-a6cb-4b7b-9455-957dd209aaef" testId="48b48dce-6c60-4414-8f1e-f8c8731879f3" testName="Test5191" computerName="UA-LPT-OGA2" duration="00:00:01.7530000" startTime="2025-05-14T13:20:31.3146610Z" endTime="2025-05-14T13:25:31.3147553Z" testType="13cdc9d9-ddb5-4fa4-a97d-d965ccfc6d4b" outcome="Passed" testListId="64bc430c-65b7-49f5-bd07-bc61ef1e6dcb" />
    <UnitTestResult executionId="7e501e66-66c0-437d-ac06-1b6a51911d31" testId="56b99934-e622-46f0-be28-bf2888754240" testName="Test5192" computerName="UA-LPT-OGA2" duration="00:00:01.2610000" startTime="2025-05-14T13:20:31.3146610Z" endTime="2025-05-14T13:25:31.3147553Z" testType="13cdc9d9-ddb5-4fa4-a97d-d965ccfc6d4b" outcome="Failed" testListId="64bc430c-65b7-49f5-bd07-bc61ef1e6dcb">
      <Output>
        <ErrorInfo>
          <Message>Assertion failed: Expected value did not match actual value.</Message>
          <StackTrace>   at TestNamespace.TestClass.Test() in TestClass.cs:line 268</StackTrace>
        </ErrorInfo>
      </Output>
    </UnitTestResult>
    <UnitTestResult executionId="9c03c35c-94ca-458c-87db-9a61b13f4aa0" testId="35f22260-3916-4d97-9427-dcdebad611e1" testName="Test5193" computerName="UA-LPT-OGA2" duration="00:00:00.0700000" startTime="2025-05-14T13:20:31.3146610Z" endTime="2025-05-14T13:25:31.3147553Z" testType="13cdc9d9-ddb5-4fa4-a97d-d965ccfc6d4b" outcome="Passed" testListId="64bc430c-65b7-49f5-bd07-bc61ef1e6dcb" />
    <UnitTestResult executionId="ee37197f-ca35-47a3-8092-ae4a21a730a2" testId="d31e6fba-c955-4b1f-845c-12063f408ed2" testName="Test5194" computerName="UA-LPT-OGA2" duration="00:00:01.7570000" startTime="2025-05-14T13:20:31.3146610Z" endTime="2025-05-14T13:25:31.3147553Z" testType="13cdc9d9-ddb5-4fa4-a97d-d965ccfc6d4b" outcome="Passed" testListId="64bc430c-65b7-49f5-bd07-bc61ef1e6dcb" />
    <UnitTestResult executionId="bbeaf9ae-43c7-4988-9e6a-2e0158469b14" testId="da90c200-f855-4e5c-ad49-9a4ab226b5ac" testName="Test5195" computerName="UA-LPT-OGA2" duration="00:00:00.7720000" startTime="2025-05-14T13:20:31.3146610Z" endTime="2025-05-14T13:25:31.3147553Z" testType="13cdc9d9-ddb5-4fa4-a97d-d965ccfc6d4b" outcome="Passed" testListId="64bc430c-65b7-49f5-bd07-bc61ef1e6dcb" />
    <UnitTestResult executionId="f6bdf6e3-bfac-4388-bfae-67b82d672764" testId="a1247745-f622-4925-816f-1a62db95db5d" testName="Test5196" computerName="UA-LPT-OGA2" duration="00:00:01.0710000" startTime="2025-05-14T13:20:31.3146610Z" endTime="2025-05-14T13:25:31.3147553Z" testType="13cdc9d9-ddb5-4fa4-a97d-d965ccfc6d4b" outcome="Passed" testListId="64bc430c-65b7-49f5-bd07-bc61ef1e6dcb" />
    <UnitTestResult executionId="9007af71-62ba-421c-8832-5a8c4dc1bcc1" testId="1824ad9e-6adc-475a-9e96-356b0ae4e9fb" testName="Test5197" computerName="UA-LPT-OGA2" duration="00:00:00.5740000" startTime="2025-05-14T13:20:31.3146610Z" endTime="2025-05-14T13:25:31.3147553Z" testType="13cdc9d9-ddb5-4fa4-a97d-d965ccfc6d4b" outcome="Passed" testListId="64bc430c-65b7-49f5-bd07-bc61ef1e6dcb" />
    <UnitTestResult executionId="7939e926-b8dd-47c5-83f3-7bd3790fa1f2" testId="5ff32cba-ebde-49b8-8b89-b399a9621c78" testName="Test5198" computerName="UA-LPT-OGA2" duration="00:00:01.1370000" startTime="2025-05-14T13:20:31.3146610Z" endTime="2025-05-14T13:25:31.3147553Z" testType="13cdc9d9-ddb5-4fa4-a97d-d965ccfc6d4b" outcome="Passed" testListId="64bc430c-65b7-49f5-bd07-bc61ef1e6dcb" />
    <UnitTestResult executionId="cd25a765-0cea-40f4-ae11-892a804c5f37" testId="4e000723-6741-41e0-8632-32deffe51746" testName="Test5199" computerName="UA-LPT-OGA2" duration="00:00:00.8730000" startTime="2025-05-14T13:20:31.3146610Z" endTime="2025-05-14T13:25:31.3147553Z" testType="13cdc9d9-ddb5-4fa4-a97d-d965ccfc6d4b" outcome="Passed" testListId="64bc430c-65b7-49f5-bd07-bc61ef1e6dcb" />
    <UnitTestResult executionId="e3319c4a-cda5-458e-8078-76fbaa9023e4" testId="3aaf3ad9-58ef-4fec-965b-d86986aa0ee1" testName="Test5200" computerName="UA-LPT-OGA2" duration="00:00:00.5550000" startTime="2025-05-14T13:20:31.3146610Z" endTime="2025-05-14T13:25:31.3147553Z" testType="13cdc9d9-ddb5-4fa4-a97d-d965ccfc6d4b" outcome="Passed" testListId="64bc430c-65b7-49f5-bd07-bc61ef1e6dcb" />
  </Results>
  <TestDefinitions>
    <UnitTest name="Test5101" id="53ce1dac-19bf-4e66-b4fe-c7f05019726f" storage="TestAssembly.dll">
      <Execution id="b7bf0514-b061-4f4d-b09e-b1b73ca74bf8" />
      <TestMethod codeBase="TestAssembly.dll" className="TestNamespace.TestClass1" name="Test5101" />
    </UnitTest>
    <UnitTest name="Test5102" id="bf5d426d-10ee-4045-a4d7-0521eaa56320" storage="TestAssembly.dll">
      <Execution id="92663393-2b15-454a-9246-c596bca5a7d0" />
      <TestMethod codeBase="TestAssembly.dll" className="TestNamespace.TestClass1" name="Test5102" />
    </UnitTest>
    <UnitTest name="Test5103" id="ad8e0466-00d2-42d7-a370-aba1c8fbd123" storage="TestAssembly.dll">
      <Execution id="b3967d08-fbbf-421e-90e7-a135b15a8570" />
      <TestMethod codeBase="TestAssembly.dll" className="TestNamespace.TestClass1" name="Test5103" />
    </UnitTest>
    <UnitTest name="Test5104" id="524dfcd4-b24f-4516-bd55-c0003c5646ea" storage="TestAssembly.dll">
      <Execution id="9a6f99fb-d201-4996-8a65-c847d3e81bfd" />
      <TestMethod codeBase="TestAssembly.dll" className="TestNamespace.TestClass1" name="Test5104" />
    </UnitTest>
    <UnitTest name="Test5105" id="3eaca9d8-3817-4c97-bba6-92fc45735e84" storage="TestAssembly.dll">
      <Execution id="4ad9b039-2800-4d75-81f9-93f13b5283d3" />
      <TestMethod codeBase="TestAssembly.dll" className="TestNamespace.TestClass1" name="Test5105" />
    </UnitTest>
    <UnitTest name="Test5106" id="502f2c4b-dfce-499e-85cb-ce85e50711c6" storage="TestAssembly.dll">
      <Execution id="8095b82d-bf59-4502-b440-9c710e53dcc3" />
      <TestMethod codeBase="TestAssembly.dll" className="TestNamespace.TestClass1" name="Test5106" />
    </UnitTest>
    <UnitTest name="Test5107" id="d1ff20a3-9ba6-4e98-bb37-ca8f2a695b91" storage="TestAssembly.dll">
      <Execution id="4941f084-4394-4b1d-9443-6ed608233451" />
      <TestMethod codeBase="TestAssembly.dll" className="TestNamespace.TestClass1" name="Test5107" />
    </UnitTest>
    <UnitTest name="Test5108" id="4db5677a-a242-47b2-bfaa-5ad57d5b03d1" storage="TestAssembly.dll">
      <Execution id="fba341e3-432d-4694-a18f-cee1be2835ec" />
      <TestMethod codeBase="TestAssembly.dll" className="TestNamespace.TestClass1" name="Test5108" />
    </UnitTest>
    <UnitTest name="Test5109" id="875d922d-5c74-4f4b-baff-248da3abfe81" storage="TestAssembly.dll">
      <Execution id="a035d1df-b1dc-4fc3-91c8-6142ffda3ee6" />
      <TestMethod codeBase="TestAssembly.dll" className="TestNamespace.TestClass1" name="Test5109" />
    </UnitTest>
    <UnitTest name="Test5110" id="440b4db5-07a0-4ae0-989e-f10b2568ea3c" storage="TestAssembly.dll">
      <Execution id="039786d4-a277-49c9-b440-49be678fabd3" />
      <TestMethod codeBase="TestAssembly.dll" className="TestNamespace.TestClass1" name="Test5110" />
    </UnitTest>
    <UnitTest name="Test5111" id="4e4ee923-c841-4299-a2da-77602fe13e9c" storage="TestAssembly.dll">
      <Execution id="f152ab46-18c4-4342-ac5d-3e7431b7d408" />
      <TestMethod codeBase="TestAssembly.dll" className="TestNamespace.TestClass2" name="Test5111" />
    </UnitTest>
    <UnitTest name="Test5112" id="dad47617-0203-4610-9c06-10dfcbe1925f" storage="TestAssembly.dll">
      <Execution id="e8fd34e7-57f8-41c7-9871-93904ee50d76" />
      <TestMethod codeBase="TestAssembly.dll" className="TestNamespace.TestClass2" name="Test5112" />
    </UnitTest>
    <UnitTest name="Test5113" id="30171f63-d3b9-4857-a098-a6ccf5d5c206" storage="TestAssembly.dll">
      <Execution id="4ff5b2f1-c5e9-4880-90bb-cbd8af97b289" />
      <TestMethod codeBase="TestAssembly.dll" className="TestNamespace.TestClass2" name="Test5113" />
    </UnitTest>
    <UnitTest name="Test5114" id="79bb9366-02ab-4849-86ea-1eb3fa10da76" storage="TestAssembly.dll">
      <Execution id="50c0e237-7013-4390-8c38-0cef69555cfb" />
      <TestMethod codeBase="TestAssembly.dll" className="TestNamespace.TestClass2" name="Test5114" />
    </UnitTest>
    <UnitTest name="Test5115" id="f074326a-45a5-47ca-87de-2d283fb0c0e5" storage="TestAssembly.dll">
      <Execution id="da4fbcfc-c557-4065-9cec-ed5d2a11d344" />
      <TestMethod codeBase="TestAssembly.dll" className="TestNamespace.TestClass2" name="Test5115" />
    </UnitTest>
    <UnitTest name="Test5116" id="3786fc94-804b-41ac-abdb-1b916aa477cd" storage="TestAssembly.dll">
      <Execution id="4fc261e5-dd43-4c35-9d50-75d2b96d5a98" />
      <TestMethod codeBase="TestAssembly.dll" className="TestNamespace.TestClass2" name="Test5116" />
    </UnitTest>
    <UnitTest name="Test5117" id="6aac3fbc-acc2-4ec2-9a9a-1d9bb1c6a3cc" storage="TestAssembly.dll">
      <Execution id="471a4c4e-678e-498e-a1c3-933657322b87" />
      <TestMethod codeBase="TestAssembly.dll" className="TestNamespace.TestClass2" name="Test5117" />
    </UnitTest>
    <UnitTest name="Test5118" id="1aedd86e-852e-4b2f-ae80-ba1e5007a090" storage="TestAssembly.dll">
      <Execution id="42ad3f81-d22c-453e-a294-221aaeefcd52" />
      <TestMethod codeBase="TestAssembly.dll" className="TestNamespace.TestClass2" name="Test5118" />
    </UnitTest>
    <UnitTest name="Test5119" id="809290aa-2c8c-4d0f-b80a-36d519fddbc3" storage="TestAssembly.dll">
      <Execution id="2c410e78-246a-4ca6-913a-e57b8a29c0c5" />
      <TestMethod codeBase="TestAssembly.dll" className="TestNamespace.TestClass2" name="Test5119" />
    </UnitTest>
    <UnitTest name="Test5120" id="409204e0-4291-483d-aeb4-cd89bb08983e" storage="TestAssembly.dll">
      <Execution id="55673fd5-c588-4c21-8a16-b1359121379a" />
      <TestMethod codeBase="TestAssembly.dll" className="TestNamespace.TestClass2" name="Test5120" />
    </UnitTest>
    <UnitTest name="Test5121" id="f8930d9b-c9df-4ab8-9906-c078cb6f4dc8" storage="TestAssembly.dll">
      <Execution id="d5ed6bb4-ac75-4f8a-bc56-45563383f7d2" />
      <TestMethod codeBase="TestAssembly.dll" className="TestNamespace.TestClass3" name="Test5121" />
    </UnitTest>
    <UnitTest name="Test5122" id="91f00b8d-2043-47ca-a2f0-056da0a57870" storage="TestAssembly.dll">
      <Execution id="c84c54f7-8ae9-4cc8-b50b-e507c9ecf64c" />
      <TestMethod codeBase="TestAssembly.dll" className="TestNamespace.TestClass3" name="Test5122" />
    </UnitTest>
    <UnitTest name="Test5123" id="1b86b5cd-08ef-4eaa-9a99-62a83c14527d" storage="TestAssembly.dll">
      <Execution id="1d59b1f0-479b-4d72-8bb2-134648c2ff12" />
      <TestMethod codeBase="TestAssembly.dll" className="TestNamespace.TestClass3" name="Test5123" />
    </UnitTest>
    <UnitTest name="Test5124" id="eb4fbe36-0ad2-4ec1-8490-b48e78a4b3e7" storage="TestAssembly.dll">
      <Execution id="9715cedf-c283-4e0d-a38e-9f78c3bbbb13" />
      <TestMethod codeBase="TestAssembly.dll" className="TestNamespace.TestClass3" name="Test5124" />
    </UnitTest>
    <UnitTest name="Test5125" id="8ecb1c58-5ac5-4cb5-bc4d-33c778c9df3c" storage="TestAssembly.dll">
      <Execution id="5d256b8e-85bb-4545-9b99-24317f638ff4" />
      <TestMethod codeBase="TestAssembly.dll" className="TestNamespace.TestClass3" name="Test5125" />
    </UnitTest>
    <UnitTest name="Test5126" id="37a9113c-e431-4eb6-bf44-1ae6981be945" storage="TestAssembly.dll">
      <Execution id="60063f52-c9b8-4b83-8213-a903d3d287e8" />
      <TestMethod codeBase="TestAssembly.dll" className="TestNamespace.TestClass3" name="Test5126" />
    </UnitTest>
    <UnitTest name="Test5127" id="f729b7ba-d1ab-4d1c-b3a1-2c9254cf6926" storage="TestAssembly.dll">
      <Execution id="1d7b9b0e-7081-42fe-b0ad-28edc2537195" />
      <TestMethod codeBase="TestAssembly.dll" className="TestNamespace.TestClass3" name="Test5127" />
    </UnitTest>
    <UnitTest name="Test5128" id="e7d90b51-7a84-4454-8240-4973b4d76c8b" storage="TestAssembly.dll">
      <Execution id="187bbcce-0bc9-49aa-a6d5-6415b9f6158c" />
      <TestMethod codeBase="TestAssembly.dll" className="TestNamespace.TestClass3" name="Test5128" />
    </UnitTest>
    <UnitTest name="Test5129" id="ac3b3752-4bb5-4307-a2e2-eae217382827" storage="TestAssembly.dll">
      <Execution id="d8fe93d8-2861-495d-b545-c4613f74305d" />
      <TestMethod codeBase="TestAssembly.dll" className="TestNamespace.TestClass3" name="Test5129" />
    </UnitTest>
    <UnitTest name="Test5130" id="cea5950b-4ec7-4542-b0ac-5acd9bdbd4ba" storage="TestAssembly.dll">
      <Execution id="7e4728cc-6218-4a09-8960-d0b2615b1e53" />
      <TestMethod codeBase="TestAssembly.dll" className="TestNamespace.TestClass3" name="Test5130" />
    </UnitTest>
    <UnitTest name="Test5131" id="7ddc9430-f1d8-443e-b502-60e63df61a84" storage="TestAssembly.dll">
      <Execution id="4e526884-84e2-4801-9797-b63a332f2978" />
      <TestMethod codeBase="TestAssembly.dll" className="TestNamespace.TestClass4" name="Test5131" />
    </UnitTest>
    <UnitTest name="Test5132" id="cab39701-9b26-4845-9c0e-00e9105eec16" storage="TestAssembly.dll">
      <Execution id="37de8335-5e29-423a-84a0-543502a230ed" />
      <TestMethod codeBase="TestAssembly.dll" className="TestNamespace.TestClass4" name="Test5132" />
    </UnitTest>
    <UnitTest name="Test5133" id="6f884936-8579-493d-8b06-03982e427f13" storage="TestAssembly.dll">
      <Execution id="87905f73-89cd-4ba9-acb3-bd72203946f0" />
      <TestMethod codeBase="TestAssembly.dll" className="TestNamespace.TestClass4" name="Test5133" />
    </UnitTest>
    <UnitTest name="Test5134" id="7d4d2779-a549-4a38-98f5-2bf3e59009aa" storage="TestAssembly.dll">
      <Execution id="6785cf23-fe23-4701-87d9-cdb6b4b17793" />
      <TestMethod codeBase="TestAssembly.dll" className="TestNamespace.TestClass4" name="Test5134" />
    </UnitTest>
    <UnitTest name="Test5135" id="27bfea4b-8299-4375-8425-4b1e541a8eda" storage="TestAssembly.dll">
      <Execution id="b7508cb5-381f-4333-a079-96317f0d057b" />
      <TestMethod codeBase="TestAssembly.dll" className="TestNamespace.TestClass4" name="Test5135" />
    </UnitTest>
    <UnitTest name="Test5136" id="7fb96214-8cd5-454a-b41d-d41e0684dd86" storage="TestAssembly.dll">
      <Execution id="18aae8a6-6b11-442f-b934-0501dc14c4b9" />
      <TestMethod codeBase="TestAssembly.dll" className="TestNamespace.TestClass4" name="Test5136" />
    </UnitTest>
    <UnitTest name="Test5137" id="f15e35a5-f5aa-4b48-a015-a36f2343d1b9" storage="TestAssembly.dll">
      <Execution id="70f1c68b-8776-4207-bb71-f27bde149852" />
      <TestMethod codeBase="TestAssembly.dll" className="TestNamespace.TestClass4" name="Test5137" />
    </UnitTest>
    <UnitTest name="Test5138" id="9f4c3238-dc56-4149-9c93-aeb0fb75d358" storage="TestAssembly.dll">
      <Execution id="68e075e1-b429-4e22-84e3-77008d7c283d" />
      <TestMethod codeBase="TestAssembly.dll" className="TestNamespace.TestClass4" name="Test5138" />
    </UnitTest>
    <UnitTest name="Test5139" id="370b1747-8ac6-41d4-a8ec-287110a7e47e" storage="TestAssembly.dll">
      <Execution id="862df8a9-0f64-4379-96ea-3465a1a1848a" />
      <TestMethod codeBase="TestAssembly.dll" className="TestNamespace.TestClass4" name="Test5139" />
    </UnitTest>
    <UnitTest name="Test5140" id="117525e0-eaaa-43ae-bf9c-409aae93b686" storage="TestAssembly.dll">
      <Execution id="07d9364f-ca0e-4d11-bb96-ea40b993c4e2" />
      <TestMethod codeBase="TestAssembly.dll" className="TestNamespace.TestClass4" name="Test5140" />
    </UnitTest>
    <UnitTest name="Test5141" id="4b063b97-97ce-4f0e-9e0a-a57e3414f9f2" storage="TestAssembly.dll">
      <Execution id="b7e8b71d-b2fb-4821-86ad-548a9eb3dc28" />
      <TestMethod codeBase="TestAssembly.dll" className="TestNamespace.TestClass5" name="Test5141" />
    </UnitTest>
    <UnitTest name="Test5142" id="381b386e-4675-4172-bb44-f4414ae0959b" storage="TestAssembly.dll">
      <Execution id="ea1a0a22-49b6-4ed5-9da8-b9d09f6af8e4" />
      <TestMethod codeBase="TestAssembly.dll" className="TestNamespace.TestClass5" name="Test5142" />
    </UnitTest>
    <UnitTest name="Test5143" id="e3aecc2d-9471-4e18-9e2a-82cac1820150" storage="TestAssembly.dll">
      <Execution id="1e6c8002-aac2-4428-8cd0-fb9ad7515a33" />
      <TestMethod codeBase="TestAssembly.dll" className="TestNamespace.TestClass5" name="Test5143" />
    </UnitTest>
    <UnitTest name="Test5144" id="db3d4431-f1a3-4914-8329-9baa1f2206be" storage="TestAssembly.dll">
      <Execution id="a37d97f1-80f6-4716-9d10-e2f1862628d6" />
      <TestMethod codeBase="TestAssembly.dll" className="TestNamespace.TestClass5" name="Test5144" />
    </UnitTest>
    <UnitTest name="Test5145" id="4eb4298f-4e8d-4313-936c-34034dd6be22" storage="TestAssembly.dll">
      <Execution id="31e2f5a0-9fb5-4ecb-b573-4566189d3ca8" />
      <TestMethod codeBase="TestAssembly.dll" className="TestNamespace.TestClass5" name="Test5145" />
    </UnitTest>
    <UnitTest name="Test5146" id="4845a4a7-1b73-473f-974c-c547fc561b18" storage="TestAssembly.dll">
      <Execution id="eeea3864-7be7-4112-bd03-1252e7d5b24e" />
      <TestMethod codeBase="TestAssembly.dll" className="TestNamespace.TestClass5" name="Test5146" />
    </UnitTest>
    <UnitTest name="Test5147" id="9f54aec3-d73c-419e-8b1d-aacf52a41efd" storage="TestAssembly.dll">
      <Execution id="747ef60f-137a-4584-b135-f26e4372070f" />
      <TestMethod codeBase="TestAssembly.dll" className="TestNamespace.TestClass5" name="Test5147" />
    </UnitTest>
    <UnitTest name="Test5148" id="17c8d05a-81b4-4f73-b24a-21307d80f949" storage="TestAssembly.dll">
      <Execution id="b5ef3f1a-b2de-4665-809f-796c703e5fbc" />
      <TestMethod codeBase="TestAssembly.dll" className="TestNamespace.TestClass5" name="Test5148" />
    </UnitTest>
    <UnitTest name="Test5149" id="c215a123-f947-44de-b048-53a59dbaa312" storage="TestAssembly.dll">
      <Execution id="1a0ece2a-6dfb-4840-b757-68d2f1513d38" />
      <TestMethod codeBase="TestAssembly.dll" className="TestNamespace.TestClass5" name="Test5149" />
    </UnitTest>
    <UnitTest name="Test5150" id="19b96625-9dad-4342-ad7c-034d50cdec39" storage="TestAssembly.dll">
      <Execution id="33215ebe-02a2-4560-bfb8-0410072cfaa6" />
      <TestMethod codeBase="TestAssembly.dll" className="TestNamespace.TestClass5" name="Test5150" />
    </UnitTest>
    <UnitTest name="Test5151" id="1864f88b-3372-4db4-9ab4-d282009a7113" storage="TestAssembly.dll">
      <Execution id="194d7a2c-1db4-4384-8490-7afc09b7aeed" />
      <TestMethod codeBase="TestAssembly.dll" className="TestNamespace.TestClass6" name="Test5151" />
    </UnitTest>
    <UnitTest name="Test5152" id="b657ea69-4fc2-4c65-91d2-8399694157aa" storage="TestAssembly.dll">
      <Execution id="b472509a-272d-4327-9399-6c59fb3383d0" />
      <TestMethod codeBase="TestAssembly.dll" className="TestNamespace.TestClass6" name="Test5152" />
    </UnitTest>
    <UnitTest name="Test5153" id="47770feb-d114-4d5f-8c25-926bb84aabe2" storage="TestAssembly.dll">
      <Execution id="5e07da68-2224-466f-9d63-7714b6359a6e" />
      <TestMethod codeBase="TestAssembly.dll" className="TestNamespace.TestClass6" name="Test5153" />
    </UnitTest>
    <UnitTest name="Test5154" id="06561b61-f297-4f54-a9c3-500bd08a0293" storage="TestAssembly.dll">
      <Execution id="700f88bb-495a-4390-baa2-31411c67bb3c" />
      <TestMethod codeBase="TestAssembly.dll" className="TestNamespace.TestClass6" name="Test5154" />
    </UnitTest>
    <UnitTest name="Test5155" id="b9623eab-159f-47bf-b052-eaf8925d3e61" storage="TestAssembly.dll">
      <Execution id="bb5d5ac3-dbc1-4e81-9f65-69095c67b9cd" />
      <TestMethod codeBase="TestAssembly.dll" className="TestNamespace.TestClass6" name="Test5155" />
    </UnitTest>
    <UnitTest name="Test5156" id="c9635164-c771-4ab6-a343-1525352d06b8" storage="TestAssembly.dll">
      <Execution id="8658eadf-eb0b-40a5-9057-3e260be074b3" />
      <TestMethod codeBase="TestAssembly.dll" className="TestNamespace.TestClass6" name="Test5156" />
    </UnitTest>
    <UnitTest name="Test5157" id="b6d73008-bd7d-4944-aba3-67c8c64e13fc" storage="TestAssembly.dll">
      <Execution id="576d239b-b1b2-4d4b-b5b3-aec8708b0e3c" />
      <TestMethod codeBase="TestAssembly.dll" className="TestNamespace.TestClass6" name="Test5157" />
    </UnitTest>
    <UnitTest name="Test5158" id="79fe5ac4-b3b3-4a63-ac2d-183d67b9aa83" storage="TestAssembly.dll">
      <Execution id="01cd74c5-9fcf-4296-bd63-e8525be70b29" />
      <TestMethod codeBase="TestAssembly.dll" className="TestNamespace.TestClass6" name="Test5158" />
    </UnitTest>
    <UnitTest name="Test5159" id="b13dfaec-1b05-4113-8fc2-afadb94bbc56" storage="TestAssembly.dll">
      <Execution id="452e2218-761c-4209-a882-061b5716dd6c" />
      <TestMethod codeBase="TestAssembly.dll" className="TestNamespace.TestClass6" name="Test5159" />
    </UnitTest>
    <UnitTest name="Test5160" id="e0308124-67cc-4c8f-a1e2-211f054da18b" storage="TestAssembly.dll">
      <Execution id="77aa780c-4c75-446b-9e1d-cfb6c80c8347" />
      <TestMethod codeBase="TestAssembly.dll" className="TestNamespace.TestClass6" name="Test5160" />
    </UnitTest>
    <UnitTest name="Test5161" id="33b6ac70-c537-4242-817f-57e97097f96d" storage="TestAssembly.dll">
      <Execution id="40ae9b71-4262-4e89-adb9-1d96c573b509" />
      <TestMethod codeBase="TestAssembly.dll" className="TestNamespace.TestClass7" name="Test5161" />
    </UnitTest>
    <UnitTest name="Test5162" id="e99026c2-6e23-4d66-b47e-9793e57e25b0" storage="TestAssembly.dll">
      <Execution id="e08f0020-8d5e-43f9-9c36-5a9f67fc7b10" />
      <TestMethod codeBase="TestAssembly.dll" className="TestNamespace.TestClass7" name="Test5162" />
    </UnitTest>
    <UnitTest name="Test5163" id="bcf2f802-1ff2-4b9a-9b66-84deaa0e4cb8" storage="TestAssembly.dll">
      <Execution id="4cd80764-3386-4b4b-9cc0-4545176aac26" />
      <TestMethod codeBase="TestAssembly.dll" className="TestNamespace.TestClass7" name="Test5163" />
    </UnitTest>
    <UnitTest name="Test5164" id="289ee84c-d0c4-4796-b63f-306c547efacd" storage="TestAssembly.dll">
      <Execution id="37f323df-b7ad-4045-bbaa-e35a8cb2a0f4" />
      <TestMethod codeBase="TestAssembly.dll" className="TestNamespace.TestClass7" name="Test5164" />
    </UnitTest>
    <UnitTest name="Test5165" id="670ab338-9224-414b-bc8e-f7b05b38d7a8" storage="TestAssembly.dll">
      <Execution id="c74ac248-e69e-4a8c-8b3f-03247e181c51" />
      <TestMethod codeBase="TestAssembly.dll" className="TestNamespace.TestClass7" name="Test5165" />
    </UnitTest>
    <UnitTest name="Test5166" id="5b644677-3865-443e-8400-fdfecb87ce3b" storage="TestAssembly.dll">
      <Execution id="ef849dd1-c26b-4685-bc67-6e699d750cdd" />
      <TestMethod codeBase="TestAssembly.dll" className="TestNamespace.TestClass7" name="Test5166" />
    </UnitTest>
    <UnitTest name="Test5167" id="29de20b3-8369-4c09-93c7-3d5fa6c070ba" storage="TestAssembly.dll">
      <Execution id="cb7c0549-8536-4726-814e-c192f12fe659" />
      <TestMethod codeBase="TestAssembly.dll" className="TestNamespace.TestClass7" name="Test5167" />
    </UnitTest>
    <UnitTest name="Test5168" id="87adf4d1-e12a-47cd-8f2c-b62b55fab7ab" storage="TestAssembly.dll">
      <Execution id="d76764d8-414f-4f72-a07d-02b5ec87af50" />
      <TestMethod codeBase="TestAssembly.dll" className="TestNamespace.TestClass7" name="Test5168" />
    </UnitTest>
    <UnitTest name="Test5169" id="8a4f0fc7-baf0-4b18-aa1b-73b97f23fb29" storage="TestAssembly.dll">
      <Execution id="cdc538b1-57c9-4106-ac9d-a62765cb6100" />
      <TestMethod codeBase="TestAssembly.dll" className="TestNamespace.TestClass7" name="Test5169" />
    </UnitTest>
    <UnitTest name="Test5170" id="1745ff96-ca47-4c3c-a233-3f712f36fb81" storage="TestAssembly.dll">
      <Execution id="272d040c-690c-43e9-9f10-d3dab8217be3" />
      <TestMethod codeBase="TestAssembly.dll" className="TestNamespace.TestClass7" name="Test5170" />
    </UnitTest>
    <UnitTest name="Test5171" id="166ee9db-492e-4503-ba01-718f9f927b37" storage="TestAssembly.dll">
      <Execution id="206c0a4f-6f37-47e9-b940-5d7febe22a88" />
      <TestMethod codeBase="TestAssembly.dll" className="TestNamespace.TestClass8" name="Test5171" />
    </UnitTest>
    <UnitTest name="Test5172" id="d04798fd-f018-4000-b694-edcd5a69a7b6" storage="TestAssembly.dll">
      <Execution id="f09ce7cc-8c40-4450-bcbb-c520adde0ade" />
      <TestMethod codeBase="TestAssembly.dll" className="TestNamespace.TestClass8" name="Test5172" />
    </UnitTest>
    <UnitTest name="Test5173" id="12677202-4f28-4157-8a42-ef66e6d9f0f0" storage="TestAssembly.dll">
      <Execution id="a2131b61-ebff-4a53-addd-9a4b10374122" />
      <TestMethod codeBase="TestAssembly.dll" className="TestNamespace.TestClass8" name="Test5173" />
    </UnitTest>
    <UnitTest name="Test5174" id="2525bf1e-1c1a-4747-bba5-c4f0ef2ac7f1" storage="TestAssembly.dll">
      <Execution id="404732e2-eb39-4a70-84bd-f3842a9dafbd" />
      <TestMethod codeBase="TestAssembly.dll" className="TestNamespace.TestClass8" name="Test5174" />
    </UnitTest>
    <UnitTest name="Test5175" id="05719317-d9ca-4a3d-bc79-58a11ef971ef" storage="TestAssembly.dll">
      <Execution id="5d55ffaf-1e9d-4ea3-8f57-6488f3697efc" />
      <TestMethod codeBase="TestAssembly.dll" className="TestNamespace.TestClass8" name="Test5175" />
    </UnitTest>
    <UnitTest name="Test5176" id="9cd534e9-d360-4655-bca6-53bc2449c9d6" storage="TestAssembly.dll">
      <Execution id="74b78cc5-6c88-469f-94e3-0b5bad2e6b79" />
      <TestMethod codeBase="TestAssembly.dll" className="TestNamespace.TestClass8" name="Test5176" />
    </UnitTest>
    <UnitTest name="Test5177" id="634f6b61-2c77-4f95-8f95-d8de7903fb00" storage="TestAssembly.dll">
      <Execution id="fcfbf618-16aa-4cf3-b896-d603fff45129" />
      <TestMethod codeBase="TestAssembly.dll" className="TestNamespace.TestClass8" name="Test5177" />
    </UnitTest>
    <UnitTest name="Test5178" id="51da2c02-7b3c-4407-b863-b4363b09c9ff" storage="TestAssembly.dll">
      <Execution id="58ab42ca-6ad2-4198-b020-c8b20b27b710" />
      <TestMethod codeBase="TestAssembly.dll" className="TestNamespace.TestClass8" name="Test5178" />
    </UnitTest>
    <UnitTest name="Test5179" id="7f4fc43f-4242-4b19-b8ae-40066347d578" storage="TestAssembly.dll">
      <Execution id="a4991104-5f87-4e0c-8e06-44cc70b749ec" />
      <TestMethod codeBase="TestAssembly.dll" className="TestNamespace.TestClass8" name="Test5179" />
    </UnitTest>
    <UnitTest name="Test5180" id="a85395dd-3b3b-4095-aabf-583dd3f158bf" storage="TestAssembly.dll">
      <Execution id="bcb2376e-52ea-46a4-92ee-5ea84a5546e5" />
      <TestMethod codeBase="TestAssembly.dll" className="TestNamespace.TestClass8" name="Test5180" />
    </UnitTest>
    <UnitTest name="Test5181" id="4a972480-ecd4-4c6e-a403-2590d92d50cc" storage="TestAssembly.dll">
      <Execution id="1e8c2ab8-58d2-482a-a783-ab9c74e9d8a9" />
      <TestMethod codeBase="TestAssembly.dll" className="TestNamespace.TestClass9" name="Test5181" />
    </UnitTest>
    <UnitTest name="Test5182" id="a83a4a6e-64c7-49ff-931f-c2c2519d14db" storage="TestAssembly.dll">
      <Execution id="7ab2abb0-0f7a-44e7-a92c-78d5e634ead0" />
      <TestMethod codeBase="TestAssembly.dll" className="TestNamespace.TestClass9" name="Test5182" />
    </UnitTest>
    <UnitTest name="Test5183" id="b82941ab-6e2c-45fa-8cb5-3d41ad4514b6" storage="TestAssembly.dll">
      <Execution id="737829d6-d049-47dc-ac62-a3b93e5db05f" />
      <TestMethod codeBase="TestAssembly.dll" className="TestNamespace.TestClass9" name="Test5183" />
    </UnitTest>
    <UnitTest name="Test5184" id="2578b4b2-c7f4-45a1-a90f-54686100cf70" storage="TestAssembly.dll">
      <Execution id="b722a0f3-e3e6-43b4-aeb5-ea0882c15cc2" />
      <TestMethod codeBase="TestAssembly.dll" className="TestNamespace.TestClass9" name="Test5184" />
    </UnitTest>
    <UnitTest name="Test5185" id="98e93144-3407-4dab-91d1-f2564bfaf40d" storage="TestAssembly.dll">
      <Execution id="12cad7e4-113a-409c-9a49-2c2daed60cb2" />
      <TestMethod codeBase="TestAssembly.dll" className="TestNamespace.TestClass9" name="Test5185" />
    </UnitTest>
    <UnitTest name="Test5186" id="83fc6a24-691c-4d92-953d-d889245bdc48" storage="TestAssembly.dll">
      <Execution id="0e06130e-5cb4-4778-b59d-8b8e6beda83e" />
      <TestMethod codeBase="TestAssembly.dll" className="TestNamespace.TestClass9" name="Test5186" />
    </UnitTest>
    <UnitTest name="Test5187" id="4c28aade-70d0-4dab-8b4f-209ceeb516d8" storage="TestAssembly.dll">
      <Execution id="a10dd037-3041-4338-b6e1-c8311109d967" />
      <TestMethod codeBase="TestAssembly.dll" className="TestNamespace.TestClass9" name="Test5187" />
    </UnitTest>
    <UnitTest name="Test5188" id="ad1d4cfa-2c22-4535-a3ff-69e4b6e55c22" storage="TestAssembly.dll">
      <Execution id="666ea983-e84d-476c-91fe-5572201d5cf7" />
      <TestMethod codeBase="TestAssembly.dll" className="TestNamespace.TestClass9" name="Test5188" />
    </UnitTest>
    <UnitTest name="Test5189" id="b0e32941-975c-41c0-a285-0166450fb581" storage="TestAssembly.dll">
      <Execution id="07c36d56-f256-4954-8931-ea6bbbf10c8e" />
      <TestMethod codeBase="TestAssembly.dll" className="TestNamespace.TestClass9" name="Test5189" />
    </UnitTest>
    <UnitTest name="Test5190" id="32432bc6-7b3e-4b21-96e3-8c529c8b1ab2" storage="TestAssembly.dll">
      <Execution id="ae3a0c2e-b0af-41f9-a316-6fc7cf543cb8" />
      <TestMethod codeBase="TestAssembly.dll" className="TestNamespace.TestClass9" name="Test5190" />
    </UnitTest>
    <UnitTest name="Test5191" id="48b48dce-6c60-4414-8f1e-f8c8731879f3" storage="TestAssembly.dll">
      <Execution id="bd5fd532-a6cb-4b7b-9455-957dd209aaef" />
      <TestMethod codeBase="TestAssembly.dll" className="TestNamespace.TestClass10" name="Test5191" />
    </UnitTest>
    <UnitTest name="Test5192" id="56b99934-e622-46f0-be28-bf2888754240" storage="TestAssembly.dll">
      <Execution id="7e501e66-66c0-437d-ac06-1b6a51911d31" />
      <TestMethod codeBase="TestAssembly.dll" className="TestNamespace.TestClass10" name="Test5192" />
    </UnitTest>
    <UnitTest name="Test5193" id="35f22260-3916-4d97-9427-dcdebad611e1" storage="TestAssembly.dll">
      <Execution id="9c03c35c-94ca-458c-87db-9a61b13f4aa0" />
      <TestMethod codeBase="TestAssembly.dll" className="TestNamespace.TestClass10" name="Test5193" />
    </UnitTest>
    <UnitTest name="Test5194" id="d31e6fba-c955-4b1f-845c-12063f408ed2" storage="TestAssembly.dll">
      <Execution id="ee37197f-ca35-47a3-8092-ae4a21a730a2" />
      <TestMethod codeBase="TestAssembly.dll" className="TestNamespace.TestClass10" name="Test5194" />
    </UnitTest>
    <UnitTest name="Test5195" id="da90c200-f855-4e5c-ad49-9a4ab226b5ac" storage="TestAssembly.dll">
      <Execution id="bbeaf9ae-43c7-4988-9e6a-2e0158469b14" />
      <TestMethod codeBase="TestAssembly.dll" className="TestNamespace.TestClass10" name="Test5195" />
    </UnitTest>
    <UnitTest name="Test5196" id="a1247745-f622-4925-816f-1a62db95db5d" storage="TestAssembly.dll">
      <Execution id="f6bdf6e3-bfac-4388-bfae-67b82d672764" />
      <TestMethod codeBase="TestAssembly.dll" className="TestNamespace.TestClass10" name="Test5196" />
    </UnitTest>
    <UnitTest name="Test5197" id="1824ad9e-6adc-475a-9e96-356b0ae4e9fb" storage="TestAssembly.dll">
      <Execution id="9007af71-62ba-421c-8832-5a8c4dc1bcc1" />
      <TestMethod codeBase="TestAssembly.dll" className="TestNamespace.TestClass10" name="Test5197" />
    </UnitTest>
    <UnitTest name="Test5198" id="5ff32cba-ebde-49b8-8b89-b399a9621c78" storage="TestAssembly.dll">
      <Execution id="7939e926-b8dd-47c5-83f3-7bd3790fa1f2" />
      <TestMethod codeBase="TestAssembly.dll" className="TestNamespace.TestClass10" name="Test5198" />
    </UnitTest>
    <UnitTest name="Test5199" id="4e000723-6741-41e0-8632-32deffe51746" storage="TestAssembly.dll">
      <Execution id="cd25a765-0cea-40f4-ae11-892a804c5f37" />
      <TestMethod codeBase="TestAssembly.dll" className="TestNamespace.TestClass10" name="Test5199" />
    </UnitTest>
    <UnitTest name="Test5200" id="3aaf3ad9-58ef-4fec-965b-d86986aa0ee1" storage="TestAssembly.dll">
      <Execution id="e3319c4a-cda5-458e-8078-76fbaa9023e4" />
      <TestMethod codeBase="TestAssembly.dll" className="TestNamespace.TestClass10" name="Test5200" />
    </UnitTest>
  </TestDefinitions>
  <TestEntries>
    <TestEntry testId="53ce1dac-19bf-4e66-b4fe-c7f05019726f" executionId="b7bf0514-b061-4f4d-b09e-b1b73ca74bf8" testListId="64bc430c-65b7-49f5-bd07-bc61ef1e6dcb" />
    <TestEntry testId="bf5d426d-10ee-4045-a4d7-0521eaa56320" executionId="92663393-2b15-454a-9246-c596bca5a7d0" testListId="64bc430c-65b7-49f5-bd07-bc61ef1e6dcb" />
    <TestEntry testId="ad8e0466-00d2-42d7-a370-aba1c8fbd123" executionId="b3967d08-fbbf-421e-90e7-a135b15a8570" testListId="64bc430c-65b7-49f5-bd07-bc61ef1e6dcb" />
    <TestEntry testId="524dfcd4-b24f-4516-bd55-c0003c5646ea" executionId="9a6f99fb-d201-4996-8a65-c847d3e81bfd" testListId="64bc430c-65b7-49f5-bd07-bc61ef1e6dcb" />
    <TestEntry testId="3eaca9d8-3817-4c97-bba6-92fc45735e84" executionId="4ad9b039-2800-4d75-81f9-93f13b5283d3" testListId="64bc430c-65b7-49f5-bd07-bc61ef1e6dcb" />
    <TestEntry testId="502f2c4b-dfce-499e-85cb-ce85e50711c6" executionId="8095b82d-bf59-4502-b440-9c710e53dcc3" testListId="64bc430c-65b7-49f5-bd07-bc61ef1e6dcb" />
    <TestEntry testId="d1ff20a3-9ba6-4e98-bb37-ca8f2a695b91" executionId="4941f084-4394-4b1d-9443-6ed608233451" testListId="64bc430c-65b7-49f5-bd07-bc61ef1e6dcb" />
    <TestEntry testId="4db5677a-a242-47b2-bfaa-5ad57d5b03d1" executionId="fba341e3-432d-4694-a18f-cee1be2835ec" testListId="64bc430c-65b7-49f5-bd07-bc61ef1e6dcb" />
    <TestEntry testId="875d922d-5c74-4f4b-baff-248da3abfe81" executionId="a035d1df-b1dc-4fc3-91c8-6142ffda3ee6" testListId="64bc430c-65b7-49f5-bd07-bc61ef1e6dcb" />
    <TestEntry testId="440b4db5-07a0-4ae0-989e-f10b2568ea3c" executionId="039786d4-a277-49c9-b440-49be678fabd3" testListId="64bc430c-65b7-49f5-bd07-bc61ef1e6dcb" />
    <TestEntry testId="4e4ee923-c841-4299-a2da-77602fe13e9c" executionId="f152ab46-18c4-4342-ac5d-3e7431b7d408" testListId="64bc430c-65b7-49f5-bd07-bc61ef1e6dcb" />
    <TestEntry testId="dad47617-0203-4610-9c06-10dfcbe1925f" executionId="e8fd34e7-57f8-41c7-9871-93904ee50d76" testListId="64bc430c-65b7-49f5-bd07-bc61ef1e6dcb" />
    <TestEntry testId="30171f63-d3b9-4857-a098-a6ccf5d5c206" executionId="4ff5b2f1-c5e9-4880-90bb-cbd8af97b289" testListId="64bc430c-65b7-49f5-bd07-bc61ef1e6dcb" />
    <TestEntry testId="79bb9366-02ab-4849-86ea-1eb3fa10da76" executionId="50c0e237-7013-4390-8c38-0cef69555cfb" testListId="64bc430c-65b7-49f5-bd07-bc61ef1e6dcb" />
    <TestEntry testId="f074326a-45a5-47ca-87de-2d283fb0c0e5" executionId="da4fbcfc-c557-4065-9cec-ed5d2a11d344" testListId="64bc430c-65b7-49f5-bd07-bc61ef1e6dcb" />
    <TestEntry testId="3786fc94-804b-41ac-abdb-1b916aa477cd" executionId="4fc261e5-dd43-4c35-9d50-75d2b96d5a98" testListId="64bc430c-65b7-49f5-bd07-bc61ef1e6dcb" />
    <TestEntry testId="6aac3fbc-acc2-4ec2-9a9a-1d9bb1c6a3cc" executionId="471a4c4e-678e-498e-a1c3-933657322b87" testListId="64bc430c-65b7-49f5-bd07-bc61ef1e6dcb" />
    <TestEntry testId="1aedd86e-852e-4b2f-ae80-ba1e5007a090" executionId="42ad3f81-d22c-453e-a294-221aaeefcd52" testListId="64bc430c-65b7-49f5-bd07-bc61ef1e6dcb" />
    <TestEntry testId="809290aa-2c8c-4d0f-b80a-36d519fddbc3" executionId="2c410e78-246a-4ca6-913a-e57b8a29c0c5" testListId="64bc430c-65b7-49f5-bd07-bc61ef1e6dcb" />
    <TestEntry testId="409204e0-4291-483d-aeb4-cd89bb08983e" executionId="55673fd5-c588-4c21-8a16-b1359121379a" testListId="64bc430c-65b7-49f5-bd07-bc61ef1e6dcb" />
    <TestEntry testId="f8930d9b-c9df-4ab8-9906-c078cb6f4dc8" executionId="d5ed6bb4-ac75-4f8a-bc56-45563383f7d2" testListId="64bc430c-65b7-49f5-bd07-bc61ef1e6dcb" />
    <TestEntry testId="91f00b8d-2043-47ca-a2f0-056da0a57870" executionId="c84c54f7-8ae9-4cc8-b50b-e507c9ecf64c" testListId="64bc430c-65b7-49f5-bd07-bc61ef1e6dcb" />
    <TestEntry testId="1b86b5cd-08ef-4eaa-9a99-62a83c14527d" executionId="1d59b1f0-479b-4d72-8bb2-134648c2ff12" testListId="64bc430c-65b7-49f5-bd07-bc61ef1e6dcb" />
    <TestEntry testId="eb4fbe36-0ad2-4ec1-8490-b48e78a4b3e7" executionId="9715cedf-c283-4e0d-a38e-9f78c3bbbb13" testListId="64bc430c-65b7-49f5-bd07-bc61ef1e6dcb" />
    <TestEntry testId="8ecb1c58-5ac5-4cb5-bc4d-33c778c9df3c" executionId="5d256b8e-85bb-4545-9b99-24317f638ff4" testListId="64bc430c-65b7-49f5-bd07-bc61ef1e6dcb" />
    <TestEntry testId="37a9113c-e431-4eb6-bf44-1ae6981be945" executionId="60063f52-c9b8-4b83-8213-a903d3d287e8" testListId="64bc430c-65b7-49f5-bd07-bc61ef1e6dcb" />
    <TestEntry testId="f729b7ba-d1ab-4d1c-b3a1-2c9254cf6926" executionId="1d7b9b0e-7081-42fe-b0ad-28edc2537195" testListId="64bc430c-65b7-49f5-bd07-bc61ef1e6dcb" />
    <TestEntry testId="e7d90b51-7a84-4454-8240-4973b4d76c8b" executionId="187bbcce-0bc9-49aa-a6d5-6415b9f6158c" testListId="64bc430c-65b7-49f5-bd07-bc61ef1e6dcb" />
    <TestEntry testId="ac3b3752-4bb5-4307-a2e2-eae217382827" executionId="d8fe93d8-2861-495d-b545-c4613f74305d" testListId="64bc430c-65b7-49f5-bd07-bc61ef1e6dcb" />
    <TestEntry testId="cea5950b-4ec7-4542-b0ac-5acd9bdbd4ba" executionId="7e4728cc-6218-4a09-8960-d0b2615b1e53" testListId="64bc430c-65b7-49f5-bd07-bc61ef1e6dcb" />
    <TestEntry testId="7ddc9430-f1d8-443e-b502-60e63df61a84" executionId="4e526884-84e2-4801-9797-b63a332f2978" testListId="64bc430c-65b7-49f5-bd07-bc61ef1e6dcb" />
    <TestEntry testId="cab39701-9b26-4845-9c0e-00e9105eec16" executionId="37de8335-5e29-423a-84a0-543502a230ed" testListId="64bc430c-65b7-49f5-bd07-bc61ef1e6dcb" />
    <TestEntry testId="6f884936-8579-493d-8b06-03982e427f13" executionId="87905f73-89cd-4ba9-acb3-bd72203946f0" testListId="64bc430c-65b7-49f5-bd07-bc61ef1e6dcb" />
    <TestEntry testId="7d4d2779-a549-4a38-98f5-2bf3e59009aa" executionId="6785cf23-fe23-4701-87d9-cdb6b4b17793" testListId="64bc430c-65b7-49f5-bd07-bc61ef1e6dcb" />
    <TestEntry testId="27bfea4b-8299-4375-8425-4b1e541a8eda" executionId="b7508cb5-381f-4333-a079-96317f0d057b" testListId="64bc430c-65b7-49f5-bd07-bc61ef1e6dcb" />
    <TestEntry testId="7fb96214-8cd5-454a-b41d-d41e0684dd86" executionId="18aae8a6-6b11-442f-b934-0501dc14c4b9" testListId="64bc430c-65b7-49f5-bd07-bc61ef1e6dcb" />
    <TestEntry testId="f15e35a5-f5aa-4b48-a015-a36f2343d1b9" executionId="70f1c68b-8776-4207-bb71-f27bde149852" testListId="64bc430c-65b7-49f5-bd07-bc61ef1e6dcb" />
    <TestEntry testId="9f4c3238-dc56-4149-9c93-aeb0fb75d358" executionId="68e075e1-b429-4e22-84e3-77008d7c283d" testListId="64bc430c-65b7-49f5-bd07-bc61ef1e6dcb" />
    <TestEntry testId="370b1747-8ac6-41d4-a8ec-287110a7e47e" executionId="862df8a9-0f64-4379-96ea-3465a1a1848a" testListId="64bc430c-65b7-49f5-bd07-bc61ef1e6dcb" />
    <TestEntry testId="117525e0-eaaa-43ae-bf9c-409aae93b686" executionId="07d9364f-ca0e-4d11-bb96-ea40b993c4e2" testListId="64bc430c-65b7-49f5-bd07-bc61ef1e6dcb" />
    <TestEntry testId="4b063b97-97ce-4f0e-9e0a-a57e3414f9f2" executionId="b7e8b71d-b2fb-4821-86ad-548a9eb3dc28" testListId="64bc430c-65b7-49f5-bd07-bc61ef1e6dcb" />
    <TestEntry testId="381b386e-4675-4172-bb44-f4414ae0959b" executionId="ea1a0a22-49b6-4ed5-9da8-b9d09f6af8e4" testListId="64bc430c-65b7-49f5-bd07-bc61ef1e6dcb" />
    <TestEntry testId="e3aecc2d-9471-4e18-9e2a-82cac1820150" executionId="1e6c8002-aac2-4428-8cd0-fb9ad7515a33" testListId="64bc430c-65b7-49f5-bd07-bc61ef1e6dcb" />
    <TestEntry testId="db3d4431-f1a3-4914-8329-9baa1f2206be" executionId="a37d97f1-80f6-4716-9d10-e2f1862628d6" testListId="64bc430c-65b7-49f5-bd07-bc61ef1e6dcb" />
    <TestEntry testId="4eb4298f-4e8d-4313-936c-34034dd6be22" executionId="31e2f5a0-9fb5-4ecb-b573-4566189d3ca8" testListId="64bc430c-65b7-49f5-bd07-bc61ef1e6dcb" />
    <TestEntry testId="4845a4a7-1b73-473f-974c-c547fc561b18" executionId="eeea3864-7be7-4112-bd03-1252e7d5b24e" testListId="64bc430c-65b7-49f5-bd07-bc61ef1e6dcb" />
    <TestEntry testId="9f54aec3-d73c-419e-8b1d-aacf52a41efd" executionId="747ef60f-137a-4584-b135-f26e4372070f" testListId="64bc430c-65b7-49f5-bd07-bc61ef1e6dcb" />
    <TestEntry testId="17c8d05a-81b4-4f73-b24a-21307d80f949" executionId="b5ef3f1a-b2de-4665-809f-796c703e5fbc" testListId="64bc430c-65b7-49f5-bd07-bc61ef1e6dcb" />
    <TestEntry testId="c215a123-f947-44de-b048-53a59dbaa312" executionId="1a0ece2a-6dfb-4840-b757-68d2f1513d38" testListId="64bc430c-65b7-49f5-bd07-bc61ef1e6dcb" />
    <TestEntry testId="19b96625-9dad-4342-ad7c-034d50cdec39" executionId="33215ebe-02a2-4560-bfb8-0410072cfaa6" testListId="64bc430c-65b7-49f5-bd07-bc61ef1e6dcb" />
    <TestEntry testId="1864f88b-3372-4db4-9ab4-d282009a7113" executionId="194d7a2c-1db4-4384-8490-7afc09b7aeed" testListId="64bc430c-65b7-49f5-bd07-bc61ef1e6dcb" />
    <TestEntry testId="b657ea69-4fc2-4c65-91d2-8399694157aa" executionId="b472509a-272d-4327-9399-6c59fb3383d0" testListId="64bc430c-65b7-49f5-bd07-bc61ef1e6dcb" />
    <TestEntry testId="47770feb-d114-4d5f-8c25-926bb84aabe2" executionId="5e07da68-2224-466f-9d63-7714b6359a6e" testListId="64bc430c-65b7-49f5-bd07-bc61ef1e6dcb" />
    <TestEntry testId="06561b61-f297-4f54-a9c3-500bd08a0293" executionId="700f88bb-495a-4390-baa2-31411c67bb3c" testListId="64bc430c-65b7-49f5-bd07-bc61ef1e6dcb" />
    <TestEntry testId="b9623eab-159f-47bf-b052-eaf8925d3e61" executionId="bb5d5ac3-dbc1-4e81-9f65-69095c67b9cd" testListId="64bc430c-65b7-49f5-bd07-bc61ef1e6dcb" />
    <TestEntry testId="c9635164-c771-4ab6-a343-1525352d06b8" executionId="8658eadf-eb0b-40a5-9057-3e260be074b3" testListId="64bc430c-65b7-49f5-bd07-bc61ef1e6dcb" />
    <TestEntry testId="b6d73008-bd7d-4944-aba3-67c8c64e13fc" executionId="576d239b-b1b2-4d4b-b5b3-aec8708b0e3c" testListId="64bc430c-65b7-49f5-bd07-bc61ef1e6dcb" />
    <TestEntry testId="79fe5ac4-b3b3-4a63-ac2d-183d67b9aa83" executionId="01cd74c5-9fcf-4296-bd63-e8525be70b29" testListId="64bc430c-65b7-49f5-bd07-bc61ef1e6dcb" />
    <TestEntry testId="b13dfaec-1b05-4113-8fc2-afadb94bbc56" executionId="452e2218-761c-4209-a882-061b5716dd6c" testListId="64bc430c-65b7-49f5-bd07-bc61ef1e6dcb" />
    <TestEntry testId="e0308124-67cc-4c8f-a1e2-211f054da18b" executionId="77aa780c-4c75-446b-9e1d-cfb6c80c8347" testListId="64bc430c-65b7-49f5-bd07-bc61ef1e6dcb" />
    <TestEntry testId="33b6ac70-c537-4242-817f-57e97097f96d" executionId="40ae9b71-4262-4e89-adb9-1d96c573b509" testListId="64bc430c-65b7-49f5-bd07-bc61ef1e6dcb" />
    <TestEntry testId="e99026c2-6e23-4d66-b47e-9793e57e25b0" executionId="e08f0020-8d5e-43f9-9c36-5a9f67fc7b10" testListId="64bc430c-65b7-49f5-bd07-bc61ef1e6dcb" />
    <TestEntry testId="bcf2f802-1ff2-4b9a-9b66-84deaa0e4cb8" executionId="4cd80764-3386-4b4b-9cc0-4545176aac26" testListId="64bc430c-65b7-49f5-bd07-bc61ef1e6dcb" />
    <TestEntry testId="289ee84c-d0c4-4796-b63f-306c547efacd" executionId="37f323df-b7ad-4045-bbaa-e35a8cb2a0f4" testListId="64bc430c-65b7-49f5-bd07-bc61ef1e6dcb" />
    <TestEntry testId="670ab338-9224-414b-bc8e-f7b05b38d7a8" executionId="c74ac248-e69e-4a8c-8b3f-03247e181c51" testListId="64bc430c-65b7-49f5-bd07-bc61ef1e6dcb" />
    <TestEntry testId="5b644677-3865-443e-8400-fdfecb87ce3b" executionId="ef849dd1-c26b-4685-bc67-6e699d750cdd" testListId="64bc430c-65b7-49f5-bd07-bc61ef1e6dcb" />
    <TestEntry testId="29de20b3-8369-4c09-93c7-3d5fa6c070ba" executionId="cb7c0549-8536-4726-814e-c192f12fe659" testListId="64bc430c-65b7-49f5-bd07-bc61ef1e6dcb" />
    <TestEntry testId="87adf4d1-e12a-47cd-8f2c-b62b55fab7ab" executionId="d76764d8-414f-4f72-a07d-02b5ec87af50" testListId="64bc430c-65b7-49f5-bd07-bc61ef1e6dcb" />
    <TestEntry testId="8a4f0fc7-baf0-4b18-aa1b-73b97f23fb29" executionId="cdc538b1-57c9-4106-ac9d-a62765cb6100" testListId="64bc430c-65b7-49f5-bd07-bc61ef1e6dcb" />
    <TestEntry testId="1745ff96-ca47-4c3c-a233-3f712f36fb81" executionId="272d040c-690c-43e9-9f10-d3dab8217be3" testListId="64bc430c-65b7-49f5-bd07-bc61ef1e6dcb" />
    <TestEntry testId="166ee9db-492e-4503-ba01-718f9f927b37" executionId="206c0a4f-6f37-47e9-b940-5d7febe22a88" testListId="64bc430c-65b7-49f5-bd07-bc61ef1e6dcb" />
    <TestEntry testId="d04798fd-f018-4000-b694-edcd5a69a7b6" executionId="f09ce7cc-8c40-4450-bcbb-c520adde0ade" testListId="64bc430c-65b7-49f5-bd07-bc61ef1e6dcb" />
    <TestEntry testId="12677202-4f28-4157-8a42-ef66e6d9f0f0" executionId="a2131b61-ebff-4a53-addd-9a4b10374122" testListId="64bc430c-65b7-49f5-bd07-bc61ef1e6dcb" />
    <TestEntry testId="2525bf1e-1c1a-4747-bba5-c4f0ef2ac7f1" executionId="404732e2-eb39-4a70-84bd-f3842a9dafbd" testListId="64bc430c-65b7-49f5-bd07-bc61ef1e6dcb" />
    <TestEntry testId="05719317-d9ca-4a3d-bc79-58a11ef971ef" executionId="5d55ffaf-1e9d-4ea3-8f57-6488f3697efc" testListId="64bc430c-65b7-49f5-bd07-bc61ef1e6dcb" />
    <TestEntry testId="9cd534e9-d360-4655-bca6-53bc2449c9d6" executionId="74b78cc5-6c88-469f-94e3-0b5bad2e6b79" testListId="64bc430c-65b7-49f5-bd07-bc61ef1e6dcb" />
    <TestEntry testId="634f6b61-2c77-4f95-8f95-d8de7903fb00" executionId="fcfbf618-16aa-4cf3-b896-d603fff45129" testListId="64bc430c-65b7-49f5-bd07-bc61ef1e6dcb" />
    <TestEntry testId="51da2c02-7b3c-4407-b863-b4363b09c9ff" executionId="58ab42ca-6ad2-4198-b020-c8b20b27b710" testListId="64bc430c-65b7-49f5-bd07-bc61ef1e6dcb" />
    <TestEntry testId="7f4fc43f-4242-4b19-b8ae-40066347d578" executionId="a4991104-5f87-4e0c-8e06-44cc70b749ec" testListId="64bc430c-65b7-49f5-bd07-bc61ef1e6dcb" />
    <TestEntry testId="a85395dd-3b3b-4095-aabf-583dd3f158bf" executionId="bcb2376e-52ea-46a4-92ee-5ea84a5546e5" testListId="64bc430c-65b7-49f5-bd07-bc61ef1e6dcb" />
    <TestEntry testId="4a972480-ecd4-4c6e-a403-2590d92d50cc" executionId="1e8c2ab8-58d2-482a-a783-ab9c74e9d8a9" testListId="64bc430c-65b7-49f5-bd07-bc61ef1e6dcb" />
    <TestEntry testId="a83a4a6e-64c7-49ff-931f-c2c2519d14db" executionId="7ab2abb0-0f7a-44e7-a92c-78d5e634ead0" testListId="64bc430c-65b7-49f5-bd07-bc61ef1e6dcb" />
    <TestEntry testId="b82941ab-6e2c-45fa-8cb5-3d41ad4514b6" executionId="737829d6-d049-47dc-ac62-a3b93e5db05f" testListId="64bc430c-65b7-49f5-bd07-bc61ef1e6dcb" />
    <TestEntry testId="2578b4b2-c7f4-45a1-a90f-54686100cf70" executionId="b722a0f3-e3e6-43b4-aeb5-ea0882c15cc2" testListId="64bc430c-65b7-49f5-bd07-bc61ef1e6dcb" />
    <TestEntry testId="98e93144-3407-4dab-91d1-f2564bfaf40d" executionId="12cad7e4-113a-409c-9a49-2c2daed60cb2" testListId="64bc430c-65b7-49f5-bd07-bc61ef1e6dcb" />
    <TestEntry testId="83fc6a24-691c-4d92-953d-d889245bdc48" executionId="0e06130e-5cb4-4778-b59d-8b8e6beda83e" testListId="64bc430c-65b7-49f5-bd07-bc61ef1e6dcb" />
    <TestEntry testId="4c28aade-70d0-4dab-8b4f-209ceeb516d8" executionId="a10dd037-3041-4338-b6e1-c8311109d967" testListId="64bc430c-65b7-49f5-bd07-bc61ef1e6dcb" />
    <TestEntry testId="ad1d4cfa-2c22-4535-a3ff-69e4b6e55c22" executionId="666ea983-e84d-476c-91fe-5572201d5cf7" testListId="64bc430c-65b7-49f5-bd07-bc61ef1e6dcb" />
    <TestEntry testId="b0e32941-975c-41c0-a285-0166450fb581" executionId="07c36d56-f256-4954-8931-ea6bbbf10c8e" testListId="64bc430c-65b7-49f5-bd07-bc61ef1e6dcb" />
    <TestEntry testId="32432bc6-7b3e-4b21-96e3-8c529c8b1ab2" executionId="ae3a0c2e-b0af-41f9-a316-6fc7cf543cb8" testListId="64bc430c-65b7-49f5-bd07-bc61ef1e6dcb" />
    <TestEntry testId="48b48dce-6c60-4414-8f1e-f8c8731879f3" executionId="bd5fd532-a6cb-4b7b-9455-957dd209aaef" testListId="64bc430c-65b7-49f5-bd07-bc61ef1e6dcb" />
    <TestEntry testId="56b99934-e622-46f0-be28-bf2888754240" executionId="7e501e66-66c0-437d-ac06-1b6a51911d31" testListId="64bc430c-65b7-49f5-bd07-bc61ef1e6dcb" />
    <TestEntry testId="35f22260-3916-4d97-9427-dcdebad611e1" executionId="9c03c35c-94ca-458c-87db-9a61b13f4aa0" testListId="64bc430c-65b7-49f5-bd07-bc61ef1e6dcb" />
    <TestEntry testId="d31e6fba-c955-4b1f-845c-12063f408ed2" executionId="ee37197f-ca35-47a3-8092-ae4a21a730a2" testListId="64bc430c-65b7-49f5-bd07-bc61ef1e6dcb" />
    <TestEntry testId="da90c200-f855-4e5c-ad49-9a4ab226b5ac" executionId="bbeaf9ae-43c7-4988-9e6a-2e0158469b14" testListId="64bc430c-65b7-49f5-bd07-bc61ef1e6dcb" />
    <TestEntry testId="a1247745-f622-4925-816f-1a62db95db5d" executionId="f6bdf6e3-bfac-4388-bfae-67b82d672764" testListId="64bc430c-65b7-49f5-bd07-bc61ef1e6dcb" />
    <TestEntry testId="1824ad9e-6adc-475a-9e96-356b0ae4e9fb" executionId="9007af71-62ba-421c-8832-5a8c4dc1bcc1" testListId="64bc430c-65b7-49f5-bd07-bc61ef1e6dcb" />
    <TestEntry testId="5ff32cba-ebde-49b8-8b89-b399a9621c78" executionId="7939e926-b8dd-47c5-83f3-7bd3790fa1f2" testListId="64bc430c-65b7-49f5-bd07-bc61ef1e6dcb" />
    <TestEntry testId="4e000723-6741-41e0-8632-32deffe51746" executionId="cd25a765-0cea-40f4-ae11-892a804c5f37" testListId="64bc430c-65b7-49f5-bd07-bc61ef1e6dcb" />
    <TestEntry testId="3aaf3ad9-58ef-4fec-965b-d86986aa0ee1" executionId="e3319c4a-cda5-458e-8078-76fbaa9023e4" testListId="64bc430c-65b7-49f5-bd07-bc61ef1e6dcb" />
  </TestEntries>
  <TestLists>
    <TestList name="Results Not in a List" id="64bc430c-65b7-49f5-bd07-bc61ef1e6dcb" />
    <TestList name="All Loaded Results" id="865a5fc8-522f-43a1-a624-33e128f5bdbd" />
  </TestLists>
</TestRun>