<?xml version="1.0" encoding="UTF-8"?>
<TestRun id="33de3187-1d7f-453f-950d-62cb7eaa6390" name="Test Run 38" runUser="Oles Galatsan" xmlns="http://microsoft.com/schemas/VisualStudio/TeamTest/2010">
  <Times creation="2025-05-14T13:20:31.3125482Z" queuing="2025-05-14T13:20:31.3125482Z" start="2025-05-14T13:20:31.3146610Z" finish="2025-05-14T13:25:31.3147553Z" />
  <TestSettings name="Test Settings 38" id="ec01abae-4046-4702-8a53-c8243c83236b" />
  <Results>
    <UnitTestResult executionId="cffcb574-6204-45ba-aee7-a023221f8a8e" testId="f9428217-0d62-43fa-a096-8eaeb38f6730" testName="Test3701" computerName="UA-LPT-OGA2" duration="00:00:01.2340000" startTime="2025-05-14T13:20:31.3146610Z" endTime="2025-05-14T13:25:31.3147553Z" testType="13cdc9d9-ddb5-4fa4-a97d-d965ccfc6d4b" outcome="Failed" testListId="cbeed881-a720-417a-9280-cc9c47f194ad">
      <Output>
        <ErrorInfo>
          <Message>Assertion failed: Expected value did not match actual value.</Message>
          <StackTrace>   at TestNamespace.TestClass.Test() in TestClass.cs:line 408</StackTrace>
        </ErrorInfo>
      </Output>
    </UnitTestResult>
    <UnitTestResult executionId="c4c78e25-cd89-4d09-8c56-bff99c5e0854" testId="958f5d61-ff72-49fa-b8f1-c4fea226c8b3" testName="Test3702" computerName="UA-LPT-OGA2" duration="00:00:01.8590000" startTime="2025-05-14T13:20:31.3146610Z" endTime="2025-05-14T13:25:31.3147553Z" testType="13cdc9d9-ddb5-4fa4-a97d-d965ccfc6d4b" outcome="Passed" testListId="cbeed881-a720-417a-9280-cc9c47f194ad" />
    <UnitTestResult executionId="632d8b57-8244-4fe6-b932-76a3f56fbda8" testId="753fdb21-491e-44a0-b288-5bf8174dd473" testName="Test3703" computerName="UA-LPT-OGA2" duration="00:00:00.2270000" startTime="2025-05-14T13:20:31.3146610Z" endTime="2025-05-14T13:25:31.3147553Z" testType="13cdc9d9-ddb5-4fa4-a97d-d965ccfc6d4b" outcome="Passed" testListId="cbeed881-a720-417a-9280-cc9c47f194ad" />
    <UnitTestResult executionId="79a69772-f4eb-4e17-af4d-87a47d706410" testId="a97dccd7-e452-4ad4-8fa7-2dd3762de386" testName="Test3704" computerName="UA-LPT-OGA2" duration="00:00:01.5420000" startTime="2025-05-14T13:20:31.3146610Z" endTime="2025-05-14T13:25:31.3147553Z" testType="13cdc9d9-ddb5-4fa4-a97d-d965ccfc6d4b" outcome="Failed" testListId="cbeed881-a720-417a-9280-cc9c47f194ad">
      <Output>
        <ErrorInfo>
          <Message>Assertion failed: Expected value did not match actual value.</Message>
          <StackTrace>   at TestNamespace.TestClass.Test() in TestClass.cs:line 269</StackTrace>
        </ErrorInfo>
      </Output>
    </UnitTestResult>
    <UnitTestResult executionId="9731f308-ff0a-4c55-94a1-ad74d97d022e" testId="a8bff44d-bf23-436a-adf1-bbd95a2673c6" testName="Test3705" computerName="UA-LPT-OGA2" duration="00:00:00.5970000" startTime="2025-05-14T13:20:31.3146610Z" endTime="2025-05-14T13:25:31.3147553Z" testType="13cdc9d9-ddb5-4fa4-a97d-d965ccfc6d4b" outcome="Passed" testListId="cbeed881-a720-417a-9280-cc9c47f194ad" />
    <UnitTestResult executionId="ccbd811b-0320-43ff-84e1-815ae1ae4fae" testId="ecbf1f65-982b-4220-953e-4ad806af6ffb" testName="Test3706" computerName="UA-LPT-OGA2" duration="00:00:00.5420000" startTime="2025-05-14T13:20:31.3146610Z" endTime="2025-05-14T13:25:31.3147553Z" testType="13cdc9d9-ddb5-4fa4-a97d-d965ccfc6d4b" outcome="Passed" testListId="cbeed881-a720-417a-9280-cc9c47f194ad" />
    <UnitTestResult executionId="33f1eb59-1704-4cde-bd10-68d4e9e719ca" testId="bc509487-197f-4fa8-8b3b-b9d21b1b6ce0" testName="Test3707" computerName="UA-LPT-OGA2" duration="00:00:01.8520000" startTime="2025-05-14T13:20:31.3146610Z" endTime="2025-05-14T13:25:31.3147553Z" testType="13cdc9d9-ddb5-4fa4-a97d-d965ccfc6d4b" outcome="Passed" testListId="cbeed881-a720-417a-9280-cc9c47f194ad" />
    <UnitTestResult executionId="bb55fc46-e94f-4720-b3e5-3817ff652022" testId="75d20697-f9a1-4194-bd08-73ec754402e5" testName="Test3708" computerName="UA-LPT-OGA2" duration="00:00:00.7660000" startTime="2025-05-14T13:20:31.3146610Z" endTime="2025-05-14T13:25:31.3147553Z" testType="13cdc9d9-ddb5-4fa4-a97d-d965ccfc6d4b" outcome="Passed" testListId="cbeed881-a720-417a-9280-cc9c47f194ad" />
    <UnitTestResult executionId="a7d42e5b-fe06-4c5a-8287-ad0621b5fc62" testId="00beac2c-5a45-48b3-b048-a6488a18337f" testName="Test3709" computerName="UA-LPT-OGA2" duration="00:00:00.0850000" startTime="2025-05-14T13:20:31.3146610Z" endTime="2025-05-14T13:25:31.3147553Z" testType="13cdc9d9-ddb5-4fa4-a97d-d965ccfc6d4b" outcome="Passed" testListId="cbeed881-a720-417a-9280-cc9c47f194ad" />
    <UnitTestResult executionId="aa95cb0f-f596-4ee1-89fa-d8aebc017298" testId="3ba88a2a-0356-4611-ad8e-98f0ad1fdbe7" testName="Test3710" computerName="UA-LPT-OGA2" duration="00:00:00.2040000" startTime="2025-05-14T13:20:31.3146610Z" endTime="2025-05-14T13:25:31.3147553Z" testType="13cdc9d9-ddb5-4fa4-a97d-d965ccfc6d4b" outcome="Passed" testListId="cbeed881-a720-417a-9280-cc9c47f194ad" />
    <UnitTestResult executionId="ba86328d-0fda-41d7-8819-5ace127af821" testId="0ad46047-b485-4f85-ac69-798a2fd42bea" testName="Test3711" computerName="UA-LPT-OGA2" duration="00:00:00.1500000" startTime="2025-05-14T13:20:31.3146610Z" endTime="2025-05-14T13:25:31.3147553Z" testType="13cdc9d9-ddb5-4fa4-a97d-d965ccfc6d4b" outcome="Passed" testListId="cbeed881-a720-417a-9280-cc9c47f194ad" />
    <UnitTestResult executionId="632566d0-1690-46c4-9f07-b1e4c7bb3139" testId="0975484b-54ca-46e7-93ee-7a2f9c5227d5" testName="Test3712" computerName="UA-LPT-OGA2" duration="00:00:00.3160000" startTime="2025-05-14T13:20:31.3146610Z" endTime="2025-05-14T13:25:31.3147553Z" testType="13cdc9d9-ddb5-4fa4-a97d-d965ccfc6d4b" outcome="Passed" testListId="cbeed881-a720-417a-9280-cc9c47f194ad" />
    <UnitTestResult executionId="b9f33877-6ebf-4770-9bfb-ddfc3c750d8d" testId="d6054541-cf3b-4465-93ac-fab6e71fac94" testName="Test3713" computerName="UA-LPT-OGA2" duration="00:00:01.4340000" startTime="2025-05-14T13:20:31.3146610Z" endTime="2025-05-14T13:25:31.3147553Z" testType="13cdc9d9-ddb5-4fa4-a97d-d965ccfc6d4b" outcome="Passed" testListId="cbeed881-a720-417a-9280-cc9c47f194ad" />
    <UnitTestResult executionId="dbf66fa8-0729-45f3-b4a8-ca428420115a" testId="8d1e0032-6300-4a17-8985-35d1751b1e92" testName="Test3714" computerName="UA-LPT-OGA2" duration="00:00:00.6650000" startTime="2025-05-14T13:20:31.3146610Z" endTime="2025-05-14T13:25:31.3147553Z" testType="13cdc9d9-ddb5-4fa4-a97d-d965ccfc6d4b" outcome="Passed" testListId="cbeed881-a720-417a-9280-cc9c47f194ad" />
    <UnitTestResult executionId="2ffca1a4-c42a-46cb-8d25-f7168c958fd0" testId="14ebe72c-07d0-4efa-b264-df9e98e65798" testName="Test3715" computerName="UA-LPT-OGA2" duration="00:00:00.7970000" startTime="2025-05-14T13:20:31.3146610Z" endTime="2025-05-14T13:25:31.3147553Z" testType="13cdc9d9-ddb5-4fa4-a97d-d965ccfc6d4b" outcome="Passed" testListId="cbeed881-a720-417a-9280-cc9c47f194ad" />
    <UnitTestResult executionId="0e7028b1-f7e4-4b91-b595-02465e6b20e1" testId="5190bb0e-1f8f-45b8-a7c7-74cbd95afb75" testName="Test3716" computerName="UA-LPT-OGA2" duration="00:00:00.3420000" startTime="2025-05-14T13:20:31.3146610Z" endTime="2025-05-14T13:25:31.3147553Z" testType="13cdc9d9-ddb5-4fa4-a97d-d965ccfc6d4b" outcome="Passed" testListId="cbeed881-a720-417a-9280-cc9c47f194ad" />
    <UnitTestResult executionId="b68ad077-96dd-48dc-8267-11bc80052698" testId="3e8a2e2c-5f4c-40a9-8841-8cad9a9c39d6" testName="Test3717" computerName="UA-LPT-OGA2" duration="00:00:00.7630000" startTime="2025-05-14T13:20:31.3146610Z" endTime="2025-05-14T13:25:31.3147553Z" testType="13cdc9d9-ddb5-4fa4-a97d-d965ccfc6d4b" outcome="Passed" testListId="cbeed881-a720-417a-9280-cc9c47f194ad" />
    <UnitTestResult executionId="27dcf322-155c-40f0-a1ec-c7ced27a50c6" testId="296972bc-efe8-4a86-9ba3-ba14d5020cfe" testName="Test3718" computerName="UA-LPT-OGA2" duration="00:00:00.5730000" startTime="2025-05-14T13:20:31.3146610Z" endTime="2025-05-14T13:25:31.3147553Z" testType="13cdc9d9-ddb5-4fa4-a97d-d965ccfc6d4b" outcome="Passed" testListId="cbeed881-a720-417a-9280-cc9c47f194ad" />
    <UnitTestResult executionId="62b02e14-fa4c-4f99-97b0-02dd177b234c" testId="7de9e089-5850-4d2f-9cdd-637ea8891443" testName="Test3719" computerName="UA-LPT-OGA2" duration="00:00:00.4180000" startTime="2025-05-14T13:20:31.3146610Z" endTime="2025-05-14T13:25:31.3147553Z" testType="13cdc9d9-ddb5-4fa4-a97d-d965ccfc6d4b" outcome="Failed" testListId="cbeed881-a720-417a-9280-cc9c47f194ad">
      <Output>
        <ErrorInfo>
          <Message>Assertion failed: Expected value did not match actual value.</Message>
          <StackTrace>   at TestNamespace.TestClass.Test() in TestClass.cs:line 152</StackTrace>
        </ErrorInfo>
      </Output>
    </UnitTestResult>
    <UnitTestResult executionId="bca1648b-9642-4927-af05-55db0b94c52c" testId="08002b19-439b-4f36-a6bc-bacd0c2d5e57" testName="Test3720" computerName="UA-LPT-OGA2" duration="00:00:00.1910000" startTime="2025-05-14T13:20:31.3146610Z" endTime="2025-05-14T13:25:31.3147553Z" testType="13cdc9d9-ddb5-4fa4-a97d-d965ccfc6d4b" outcome="Passed" testListId="cbeed881-a720-417a-9280-cc9c47f194ad" />
    <UnitTestResult executionId="4bf153bb-991e-4524-b93d-c8e8ca61dab9" testId="78aba5f1-b5aa-47aa-848d-8ea03d0f3136" testName="Test3721" computerName="UA-LPT-OGA2" duration="00:00:00.8120000" startTime="2025-05-14T13:20:31.3146610Z" endTime="2025-05-14T13:25:31.3147553Z" testType="13cdc9d9-ddb5-4fa4-a97d-d965ccfc6d4b" outcome="Passed" testListId="cbeed881-a720-417a-9280-cc9c47f194ad" />
    <UnitTestResult executionId="d7d5be03-0ee8-44e8-892f-91e2d21ed242" testId="2dd1c5d3-4dfe-46e4-8088-ad476696cc1f" testName="Test3722" computerName="UA-LPT-OGA2" duration="00:00:01.8050000" startTime="2025-05-14T13:20:31.3146610Z" endTime="2025-05-14T13:25:31.3147553Z" testType="13cdc9d9-ddb5-4fa4-a97d-d965ccfc6d4b" outcome="Passed" testListId="cbeed881-a720-417a-9280-cc9c47f194ad" />
    <UnitTestResult executionId="04675a4f-f60e-4da0-8fed-dc49d24e3435" testId="15eacc5d-045b-40c4-827a-b174467fcb29" testName="Test3723" computerName="UA-LPT-OGA2" duration="00:00:00.9370000" startTime="2025-05-14T13:20:31.3146610Z" endTime="2025-05-14T13:25:31.3147553Z" testType="13cdc9d9-ddb5-4fa4-a97d-d965ccfc6d4b" outcome="Passed" testListId="cbeed881-a720-417a-9280-cc9c47f194ad" />
    <UnitTestResult executionId="b3359ba9-0324-4680-baa3-029e161555d0" testId="415b0902-bb4c-4745-90fa-363cd39a5942" testName="Test3724" computerName="UA-LPT-OGA2" duration="00:00:01.7390000" startTime="2025-05-14T13:20:31.3146610Z" endTime="2025-05-14T13:25:31.3147553Z" testType="13cdc9d9-ddb5-4fa4-a97d-d965ccfc6d4b" outcome="Inconclusive" testListId="cbeed881-a720-417a-9280-cc9c47f194ad" />
    <UnitTestResult executionId="6646d4f2-2f89-4040-a485-e940796f37ff" testId="bfb46d33-c250-4226-a642-6b86fb03843e" testName="Test3725" computerName="UA-LPT-OGA2" duration="00:00:01.6450000" startTime="2025-05-14T13:20:31.3146610Z" endTime="2025-05-14T13:25:31.3147553Z" testType="13cdc9d9-ddb5-4fa4-a97d-d965ccfc6d4b" outcome="Passed" testListId="cbeed881-a720-417a-9280-cc9c47f194ad" />
    <UnitTestResult executionId="3d28cb39-2b15-41ec-8cdb-a0e29f605fc9" testId="4a9fd43d-d1cb-4759-90b9-fe281abfd15d" testName="Test3726" computerName="UA-LPT-OGA2" duration="00:00:00.7380000" startTime="2025-05-14T13:20:31.3146610Z" endTime="2025-05-14T13:25:31.3147553Z" testType="13cdc9d9-ddb5-4fa4-a97d-d965ccfc6d4b" outcome="Passed" testListId="cbeed881-a720-417a-9280-cc9c47f194ad" />
    <UnitTestResult executionId="201f19d3-cc03-4bfa-a7db-1c7bb6b7f95f" testId="48442bd6-705d-4c4b-accb-4ae5d4a548a2" testName="Test3727" computerName="UA-LPT-OGA2" duration="00:00:00.9270000" startTime="2025-05-14T13:20:31.3146610Z" endTime="2025-05-14T13:25:31.3147553Z" testType="13cdc9d9-ddb5-4fa4-a97d-d965ccfc6d4b" outcome="Passed" testListId="cbeed881-a720-417a-9280-cc9c47f194ad" />
    <UnitTestResult executionId="4feffe79-71e3-41c6-a72f-b17c2c9f965b" testId="22f19daa-c451-448e-8325-d2e13e6220b1" testName="Test3728" computerName="UA-LPT-OGA2" duration="00:00:00.3990000" startTime="2025-05-14T13:20:31.3146610Z" endTime="2025-05-14T13:25:31.3147553Z" testType="13cdc9d9-ddb5-4fa4-a97d-d965ccfc6d4b" outcome="Passed" testListId="cbeed881-a720-417a-9280-cc9c47f194ad" />
    <UnitTestResult executionId="524831b6-c172-4197-b576-da7162641d62" testId="d4e9b316-9708-4c55-a825-8dd3ccd3bb30" testName="Test3729" computerName="UA-LPT-OGA2" duration="00:00:01.1100000" startTime="2025-05-14T13:20:31.3146610Z" endTime="2025-05-14T13:25:31.3147553Z" testType="13cdc9d9-ddb5-4fa4-a97d-d965ccfc6d4b" outcome="Passed" testListId="cbeed881-a720-417a-9280-cc9c47f194ad" />
    <UnitTestResult executionId="161e52c7-58df-4ddc-8afb-2c9f0fac232e" testId="3d406270-c501-4efe-b735-38ff328df7fe" testName="Test3730" computerName="UA-LPT-OGA2" duration="00:00:01.5750000" startTime="2025-05-14T13:20:31.3146610Z" endTime="2025-05-14T13:25:31.3147553Z" testType="13cdc9d9-ddb5-4fa4-a97d-d965ccfc6d4b" outcome="Failed" testListId="cbeed881-a720-417a-9280-cc9c47f194ad">
      <Output>
        <ErrorInfo>
          <Message>Assertion failed: Expected value did not match actual value.</Message>
          <StackTrace>   at TestNamespace.TestClass.Test() in TestClass.cs:line 185</StackTrace>
        </ErrorInfo>
      </Output>
    </UnitTestResult>
    <UnitTestResult executionId="39ad89f4-215a-4029-8777-6f16936bff05" testId="c706b8b5-8021-4092-969a-16d330de2440" testName="Test3731" computerName="UA-LPT-OGA2" duration="00:00:01.4210000" startTime="2025-05-14T13:20:31.3146610Z" endTime="2025-05-14T13:25:31.3147553Z" testType="13cdc9d9-ddb5-4fa4-a97d-d965ccfc6d4b" outcome="Passed" testListId="cbeed881-a720-417a-9280-cc9c47f194ad" />
    <UnitTestResult executionId="bc37d9ee-8cc6-4a13-a307-539a006c1ed5" testId="37a02d15-596d-479c-9021-451b7a6bcdc6" testName="Test3732" computerName="UA-LPT-OGA2" duration="00:00:01.1920000" startTime="2025-05-14T13:20:31.3146610Z" endTime="2025-05-14T13:25:31.3147553Z" testType="13cdc9d9-ddb5-4fa4-a97d-d965ccfc6d4b" outcome="Passed" testListId="cbeed881-a720-417a-9280-cc9c47f194ad" />
    <UnitTestResult executionId="18d61b76-cd3e-49c4-aa1f-f76611ebe26a" testId="f54f0e39-f4c5-43b9-833d-240d501d9d1b" testName="Test3733" computerName="UA-LPT-OGA2" duration="00:00:00.4700000" startTime="2025-05-14T13:20:31.3146610Z" endTime="2025-05-14T13:25:31.3147553Z" testType="13cdc9d9-ddb5-4fa4-a97d-d965ccfc6d4b" outcome="Passed" testListId="cbeed881-a720-417a-9280-cc9c47f194ad" />
    <UnitTestResult executionId="d73c6413-5072-41f1-906f-c296040596a5" testId="78a816ef-1803-41e5-a982-99e1906c9b50" testName="Test3734" computerName="UA-LPT-OGA2" duration="00:00:01.3260000" startTime="2025-05-14T13:20:31.3146610Z" endTime="2025-05-14T13:25:31.3147553Z" testType="13cdc9d9-ddb5-4fa4-a97d-d965ccfc6d4b" outcome="Passed" testListId="cbeed881-a720-417a-9280-cc9c47f194ad" />
    <UnitTestResult executionId="cc292b49-539b-4fd1-9b7a-a2326dac8549" testId="ef05e0ad-af29-4450-85ae-bca4923a882d" testName="Test3735" computerName="UA-LPT-OGA2" duration="00:00:00.1560000" startTime="2025-05-14T13:20:31.3146610Z" endTime="2025-05-14T13:25:31.3147553Z" testType="13cdc9d9-ddb5-4fa4-a97d-d965ccfc6d4b" outcome="Passed" testListId="cbeed881-a720-417a-9280-cc9c47f194ad" />
    <UnitTestResult executionId="19cdd054-ac0c-4a8b-9d3d-ebeed2f3b7d6" testId="3fd385b7-fa6a-4084-bd85-a149e5cf02f0" testName="Test3736" computerName="UA-LPT-OGA2" duration="00:00:01.0640000" startTime="2025-05-14T13:20:31.3146610Z" endTime="2025-05-14T13:25:31.3147553Z" testType="13cdc9d9-ddb5-4fa4-a97d-d965ccfc6d4b" outcome="Passed" testListId="cbeed881-a720-417a-9280-cc9c47f194ad" />
    <UnitTestResult executionId="03ade9cb-d24a-40ed-ad35-3b0254214fb8" testId="6dfc341c-f952-4e67-9bcb-107638fa086a" testName="Test3737" computerName="UA-LPT-OGA2" duration="00:00:00.8370000" startTime="2025-05-14T13:20:31.3146610Z" endTime="2025-05-14T13:25:31.3147553Z" testType="13cdc9d9-ddb5-4fa4-a97d-d965ccfc6d4b" outcome="Passed" testListId="cbeed881-a720-417a-9280-cc9c47f194ad" />
    <UnitTestResult executionId="5935d5bc-2557-4304-bc58-a9d443100385" testId="aa6b12a9-8c61-4f3a-90a1-001bf74bf39f" testName="Test3738" computerName="UA-LPT-OGA2" duration="00:00:00.5370000" startTime="2025-05-14T13:20:31.3146610Z" endTime="2025-05-14T13:25:31.3147553Z" testType="13cdc9d9-ddb5-4fa4-a97d-d965ccfc6d4b" outcome="Failed" testListId="cbeed881-a720-417a-9280-cc9c47f194ad">
      <Output>
        <ErrorInfo>
          <Message>Assertion failed: Expected value did not match actual value.</Message>
          <StackTrace>   at TestNamespace.TestClass.Test() in TestClass.cs:line 240</StackTrace>
        </ErrorInfo>
      </Output>
    </UnitTestResult>
    <UnitTestResult executionId="74a9bde5-5834-48db-8842-98757a80d769" testId="e0c2e4bd-fb10-4a73-9a1d-cf27dc09359f" testName="Test3739" computerName="UA-LPT-OGA2" duration="00:00:00.3210000" startTime="2025-05-14T13:20:31.3146610Z" endTime="2025-05-14T13:25:31.3147553Z" testType="13cdc9d9-ddb5-4fa4-a97d-d965ccfc6d4b" outcome="Passed" testListId="cbeed881-a720-417a-9280-cc9c47f194ad" />
    <UnitTestResult executionId="17184aa5-cec6-4d5c-8ff3-18a7503bf6c5" testId="393926e9-c6ac-4e08-a793-b9dc487550e7" testName="Test3740" computerName="UA-LPT-OGA2" duration="00:00:00.1140000" startTime="2025-05-14T13:20:31.3146610Z" endTime="2025-05-14T13:25:31.3147553Z" testType="13cdc9d9-ddb5-4fa4-a97d-d965ccfc6d4b" outcome="Passed" testListId="cbeed881-a720-417a-9280-cc9c47f194ad" />
    <UnitTestResult executionId="bf97251d-e2d1-402a-b848-43d5f48f0c3c" testId="a3a270bd-cc89-4660-b397-9ef1c92fbd93" testName="Test3741" computerName="UA-LPT-OGA2" duration="00:00:00.7660000" startTime="2025-05-14T13:20:31.3146610Z" endTime="2025-05-14T13:25:31.3147553Z" testType="13cdc9d9-ddb5-4fa4-a97d-d965ccfc6d4b" outcome="Passed" testListId="cbeed881-a720-417a-9280-cc9c47f194ad" />
    <UnitTestResult executionId="4a1796b7-97f1-411d-860a-de3776f344b6" testId="e6328271-57bb-45a2-bfde-36cbffdcecbe" testName="Test3742" computerName="UA-LPT-OGA2" duration="00:00:00.6470000" startTime="2025-05-14T13:20:31.3146610Z" endTime="2025-05-14T13:25:31.3147553Z" testType="13cdc9d9-ddb5-4fa4-a97d-d965ccfc6d4b" outcome="Passed" testListId="cbeed881-a720-417a-9280-cc9c47f194ad" />
    <UnitTestResult executionId="f0fe92b2-5951-4977-b038-b52788d75666" testId="2016515a-87a5-4040-9416-e91219577adb" testName="Test3743" computerName="UA-LPT-OGA2" duration="00:00:00.3360000" startTime="2025-05-14T13:20:31.3146610Z" endTime="2025-05-14T13:25:31.3147553Z" testType="13cdc9d9-ddb5-4fa4-a97d-d965ccfc6d4b" outcome="Passed" testListId="cbeed881-a720-417a-9280-cc9c47f194ad" />
    <UnitTestResult executionId="3387e8a4-d3c4-4484-bba5-66af0621f7ff" testId="2efe71ec-8b8d-4477-8499-1d74198d8046" testName="Test3744" computerName="UA-LPT-OGA2" duration="00:00:00.6540000" startTime="2025-05-14T13:20:31.3146610Z" endTime="2025-05-14T13:25:31.3147553Z" testType="13cdc9d9-ddb5-4fa4-a97d-d965ccfc6d4b" outcome="Failed" testListId="cbeed881-a720-417a-9280-cc9c47f194ad">
      <Output>
        <ErrorInfo>
          <Message>Assertion failed: Expected value did not match actual value.</Message>
          <StackTrace>   at TestNamespace.TestClass.Test() in TestClass.cs:line 377</StackTrace>
        </ErrorInfo>
      </Output>
    </UnitTestResult>
    <UnitTestResult executionId="1a546be7-ded3-4017-aacb-28f205c384db" testId="76960428-0d87-4114-859c-9764aa1796ed" testName="Test3745" computerName="UA-LPT-OGA2" duration="00:00:01.0210000" startTime="2025-05-14T13:20:31.3146610Z" endTime="2025-05-14T13:25:31.3147553Z" testType="13cdc9d9-ddb5-4fa4-a97d-d965ccfc6d4b" outcome="Passed" testListId="cbeed881-a720-417a-9280-cc9c47f194ad" />
    <UnitTestResult executionId="e11d8198-4fb7-4bf7-adb1-1fde35a0a2a5" testId="183c2b65-320c-4750-ab30-ee48e5a1fd6d" testName="Test3746" computerName="UA-LPT-OGA2" duration="00:00:01.4240000" startTime="2025-05-14T13:20:31.3146610Z" endTime="2025-05-14T13:25:31.3147553Z" testType="13cdc9d9-ddb5-4fa4-a97d-d965ccfc6d4b" outcome="Passed" testListId="cbeed881-a720-417a-9280-cc9c47f194ad" />
    <UnitTestResult executionId="3fbece48-dbe5-4862-8af4-e94b9b2f6d3c" testId="92189d29-045a-484e-9b19-5779cd3f8cbe" testName="Test3747" computerName="UA-LPT-OGA2" duration="00:00:00.0100000" startTime="2025-05-14T13:20:31.3146610Z" endTime="2025-05-14T13:25:31.3147553Z" testType="13cdc9d9-ddb5-4fa4-a97d-d965ccfc6d4b" outcome="Passed" testListId="cbeed881-a720-417a-9280-cc9c47f194ad" />
    <UnitTestResult executionId="f5b15a39-ac77-4c90-a3e6-1a372fa177ca" testId="8be65217-7de5-4339-a015-23542639c9a4" testName="Test3748" computerName="UA-LPT-OGA2" duration="00:00:01.4790000" startTime="2025-05-14T13:20:31.3146610Z" endTime="2025-05-14T13:25:31.3147553Z" testType="13cdc9d9-ddb5-4fa4-a97d-d965ccfc6d4b" outcome="Passed" testListId="cbeed881-a720-417a-9280-cc9c47f194ad" />
    <UnitTestResult executionId="89e0645f-98be-4836-97ec-d9bf5eb0aef5" testId="b89c53b5-4530-4e20-a957-323b97e650e8" testName="Test3749" computerName="UA-LPT-OGA2" duration="00:00:00.4390000" startTime="2025-05-14T13:20:31.3146610Z" endTime="2025-05-14T13:25:31.3147553Z" testType="13cdc9d9-ddb5-4fa4-a97d-d965ccfc6d4b" outcome="Passed" testListId="cbeed881-a720-417a-9280-cc9c47f194ad" />
    <UnitTestResult executionId="49802fdc-b471-4c5d-96aa-8f7f43e94d05" testId="3afee31b-a2cf-4a0a-aa0a-e162f75d6d96" testName="Test3750" computerName="UA-LPT-OGA2" duration="00:00:01.3130000" startTime="2025-05-14T13:20:31.3146610Z" endTime="2025-05-14T13:25:31.3147553Z" testType="13cdc9d9-ddb5-4fa4-a97d-d965ccfc6d4b" outcome="Passed" testListId="cbeed881-a720-417a-9280-cc9c47f194ad" />
    <UnitTestResult executionId="a2b7708b-5b42-45d4-bd9d-c2b9982f3938" testId="55800314-2243-4ef4-bf25-c7c2dad7e138" testName="Test3751" computerName="UA-LPT-OGA2" duration="00:00:00.4680000" startTime="2025-05-14T13:20:31.3146610Z" endTime="2025-05-14T13:25:31.3147553Z" testType="13cdc9d9-ddb5-4fa4-a97d-d965ccfc6d4b" outcome="Passed" testListId="cbeed881-a720-417a-9280-cc9c47f194ad" />
    <UnitTestResult executionId="35ac0099-7296-4466-9c73-2db1c0fd1eaa" testId="01b9ef18-bf4e-43dc-913e-b855d6aae2f7" testName="Test3752" computerName="UA-LPT-OGA2" duration="00:00:01.1440000" startTime="2025-05-14T13:20:31.3146610Z" endTime="2025-05-14T13:25:31.3147553Z" testType="13cdc9d9-ddb5-4fa4-a97d-d965ccfc6d4b" outcome="Failed" testListId="cbeed881-a720-417a-9280-cc9c47f194ad">
      <Output>
        <ErrorInfo>
          <Message>Assertion failed: Expected value did not match actual value.</Message>
          <StackTrace>   at TestNamespace.TestClass.Test() in TestClass.cs:line 245</StackTrace>
        </ErrorInfo>
      </Output>
    </UnitTestResult>
    <UnitTestResult executionId="731c2bb9-739a-424f-923e-9e1026c5876d" testId="5d20a602-b37f-4cf4-86f1-31aa7b47d5e8" testName="Test3753" computerName="UA-LPT-OGA2" duration="00:00:00.7190000" startTime="2025-05-14T13:20:31.3146610Z" endTime="2025-05-14T13:25:31.3147553Z" testType="13cdc9d9-ddb5-4fa4-a97d-d965ccfc6d4b" outcome="Failed" testListId="cbeed881-a720-417a-9280-cc9c47f194ad">
      <Output>
        <ErrorInfo>
          <Message>Assertion failed: Expected value did not match actual value.</Message>
          <StackTrace>   at TestNamespace.TestClass.Test() in TestClass.cs:line 124</StackTrace>
        </ErrorInfo>
      </Output>
    </UnitTestResult>
    <UnitTestResult executionId="cf5e69e8-0907-468b-bcd9-2c295394d8c8" testId="5edb134a-d716-4fe3-b52e-963c1dd9b200" testName="Test3754" computerName="UA-LPT-OGA2" duration="00:00:01.3740000" startTime="2025-05-14T13:20:31.3146610Z" endTime="2025-05-14T13:25:31.3147553Z" testType="13cdc9d9-ddb5-4fa4-a97d-d965ccfc6d4b" outcome="Failed" testListId="cbeed881-a720-417a-9280-cc9c47f194ad">
      <Output>
        <ErrorInfo>
          <Message>Assertion failed: Expected value did not match actual value.</Message>
          <StackTrace>   at TestNamespace.TestClass.Test() in TestClass.cs:line 475</StackTrace>
        </ErrorInfo>
      </Output>
    </UnitTestResult>
    <UnitTestResult executionId="0ef35164-d397-4552-a4b4-27b3f9dd1ae0" testId="22e74180-1d6a-4513-8df3-cf2fe570bb04" testName="Test3755" computerName="UA-LPT-OGA2" duration="00:00:00.1020000" startTime="2025-05-14T13:20:31.3146610Z" endTime="2025-05-14T13:25:31.3147553Z" testType="13cdc9d9-ddb5-4fa4-a97d-d965ccfc6d4b" outcome="Passed" testListId="cbeed881-a720-417a-9280-cc9c47f194ad" />
    <UnitTestResult executionId="c187cbe9-8e8d-48dc-8438-5b375a730e75" testId="bba04947-6a13-4707-830d-e111ce7a8fab" testName="Test3756" computerName="UA-LPT-OGA2" duration="00:00:01.7830000" startTime="2025-05-14T13:20:31.3146610Z" endTime="2025-05-14T13:25:31.3147553Z" testType="13cdc9d9-ddb5-4fa4-a97d-d965ccfc6d4b" outcome="Failed" testListId="cbeed881-a720-417a-9280-cc9c47f194ad">
      <Output>
        <ErrorInfo>
          <Message>Assertion failed: Expected value did not match actual value.</Message>
          <StackTrace>   at TestNamespace.TestClass.Test() in TestClass.cs:line 32</StackTrace>
        </ErrorInfo>
      </Output>
    </UnitTestResult>
    <UnitTestResult executionId="aaeebca8-b2b9-43ad-b61c-1968d1d48dab" testId="91ef9562-1819-4656-aa18-a829967ca3e4" testName="Test3757" computerName="UA-LPT-OGA2" duration="00:00:01.9050000" startTime="2025-05-14T13:20:31.3146610Z" endTime="2025-05-14T13:25:31.3147553Z" testType="13cdc9d9-ddb5-4fa4-a97d-d965ccfc6d4b" outcome="Passed" testListId="cbeed881-a720-417a-9280-cc9c47f194ad" />
    <UnitTestResult executionId="c9eb81bc-5c83-4075-8403-f1d8cf4c5165" testId="0592a7ac-d91b-47c7-840e-8886654002ff" testName="Test3758" computerName="UA-LPT-OGA2" duration="00:00:01.9310000" startTime="2025-05-14T13:20:31.3146610Z" endTime="2025-05-14T13:25:31.3147553Z" testType="13cdc9d9-ddb5-4fa4-a97d-d965ccfc6d4b" outcome="Passed" testListId="cbeed881-a720-417a-9280-cc9c47f194ad" />
    <UnitTestResult executionId="dfff73e1-43d0-400a-a466-313018d3fcca" testId="2475e2c8-17c7-4dfb-ac55-d946ef111bbb" testName="Test3759" computerName="UA-LPT-OGA2" duration="00:00:00.5590000" startTime="2025-05-14T13:20:31.3146610Z" endTime="2025-05-14T13:25:31.3147553Z" testType="13cdc9d9-ddb5-4fa4-a97d-d965ccfc6d4b" outcome="Passed" testListId="cbeed881-a720-417a-9280-cc9c47f194ad" />
    <UnitTestResult executionId="2cf78581-fa76-41d4-a11b-96e8428d588e" testId="84a22ec1-7a4d-4680-9f70-2708128b5774" testName="Test3760" computerName="UA-LPT-OGA2" duration="00:00:01.3740000" startTime="2025-05-14T13:20:31.3146610Z" endTime="2025-05-14T13:25:31.3147553Z" testType="13cdc9d9-ddb5-4fa4-a97d-d965ccfc6d4b" outcome="Passed" testListId="cbeed881-a720-417a-9280-cc9c47f194ad" />
    <UnitTestResult executionId="6a03f17d-7af5-424d-b974-9db2c31c4d0b" testId="25faec64-d6c5-4450-ab8f-0404b2a94f3c" testName="Test3761" computerName="UA-LPT-OGA2" duration="00:00:00.3770000" startTime="2025-05-14T13:20:31.3146610Z" endTime="2025-05-14T13:25:31.3147553Z" testType="13cdc9d9-ddb5-4fa4-a97d-d965ccfc6d4b" outcome="Passed" testListId="cbeed881-a720-417a-9280-cc9c47f194ad" />
    <UnitTestResult executionId="d596b78b-78bb-4359-8ba4-d09c0843bcaf" testId="ef1459bb-3e7e-4c70-a53c-3da6e1715a5f" testName="Test3762" computerName="UA-LPT-OGA2" duration="00:00:00.2630000" startTime="2025-05-14T13:20:31.3146610Z" endTime="2025-05-14T13:25:31.3147553Z" testType="13cdc9d9-ddb5-4fa4-a97d-d965ccfc6d4b" outcome="Passed" testListId="cbeed881-a720-417a-9280-cc9c47f194ad" />
    <UnitTestResult executionId="39e3332f-fffa-4cb2-bdfd-4009467ce5db" testId="d7a5b8c5-3c0f-4847-97c3-962db332185b" testName="Test3763" computerName="UA-LPT-OGA2" duration="00:00:01.3650000" startTime="2025-05-14T13:20:31.3146610Z" endTime="2025-05-14T13:25:31.3147553Z" testType="13cdc9d9-ddb5-4fa4-a97d-d965ccfc6d4b" outcome="Failed" testListId="cbeed881-a720-417a-9280-cc9c47f194ad">
      <Output>
        <ErrorInfo>
          <Message>Assertion failed: Expected value did not match actual value.</Message>
          <StackTrace>   at TestNamespace.TestClass.Test() in TestClass.cs:line 39</StackTrace>
        </ErrorInfo>
      </Output>
    </UnitTestResult>
    <UnitTestResult executionId="82f3c7bd-12df-4e64-9d9b-edc1beedd0cd" testId="cd83f568-41a6-4451-b230-9032d487860c" testName="Test3764" computerName="UA-LPT-OGA2" duration="00:00:00.5660000" startTime="2025-05-14T13:20:31.3146610Z" endTime="2025-05-14T13:25:31.3147553Z" testType="13cdc9d9-ddb5-4fa4-a97d-d965ccfc6d4b" outcome="Passed" testListId="cbeed881-a720-417a-9280-cc9c47f194ad" />
    <UnitTestResult executionId="a0b71042-d86c-4823-abcd-a7960af97340" testId="d9b6b2ed-405f-4bb2-bb69-563ed8aae228" testName="Test3765" computerName="UA-LPT-OGA2" duration="00:00:01.9090000" startTime="2025-05-14T13:20:31.3146610Z" endTime="2025-05-14T13:25:31.3147553Z" testType="13cdc9d9-ddb5-4fa4-a97d-d965ccfc6d4b" outcome="Passed" testListId="cbeed881-a720-417a-9280-cc9c47f194ad" />
    <UnitTestResult executionId="7a4415e8-2a5b-4431-9660-a9eeb49e41a5" testId="fbf9c52b-d246-4e5f-95ce-007de0470692" testName="Test3766" computerName="UA-LPT-OGA2" duration="00:00:00.5010000" startTime="2025-05-14T13:20:31.3146610Z" endTime="2025-05-14T13:25:31.3147553Z" testType="13cdc9d9-ddb5-4fa4-a97d-d965ccfc6d4b" outcome="Passed" testListId="cbeed881-a720-417a-9280-cc9c47f194ad" />
    <UnitTestResult executionId="144a961c-11c9-4b7e-a243-20e920c9ea55" testId="fe46f7e7-c21d-4921-9b3e-d00333487617" testName="Test3767" computerName="UA-LPT-OGA2" duration="00:00:01.4330000" startTime="2025-05-14T13:20:31.3146610Z" endTime="2025-05-14T13:25:31.3147553Z" testType="13cdc9d9-ddb5-4fa4-a97d-d965ccfc6d4b" outcome="Passed" testListId="cbeed881-a720-417a-9280-cc9c47f194ad" />
    <UnitTestResult executionId="ee8f718e-bfd9-4f17-9e0f-ee0b4f8eab66" testId="194857de-d0d3-42ec-a9a8-0557068dd79c" testName="Test3768" computerName="UA-LPT-OGA2" duration="00:00:00.6360000" startTime="2025-05-14T13:20:31.3146610Z" endTime="2025-05-14T13:25:31.3147553Z" testType="13cdc9d9-ddb5-4fa4-a97d-d965ccfc6d4b" outcome="Passed" testListId="cbeed881-a720-417a-9280-cc9c47f194ad" />
    <UnitTestResult executionId="1cbb7d52-f657-4f4f-b1e6-c7a47d1fa8e7" testId="e8dcc1fa-b19f-4867-a1c4-2f49cb36ebbe" testName="Test3769" computerName="UA-LPT-OGA2" duration="00:00:01.6800000" startTime="2025-05-14T13:20:31.3146610Z" endTime="2025-05-14T13:25:31.3147553Z" testType="13cdc9d9-ddb5-4fa4-a97d-d965ccfc6d4b" outcome="Passed" testListId="cbeed881-a720-417a-9280-cc9c47f194ad" />
    <UnitTestResult executionId="589375b5-b168-45d3-a334-945d489fd2a7" testId="7055ba5e-d821-42d5-8ab7-d7c218bf2278" testName="Test3770" computerName="UA-LPT-OGA2" duration="00:00:01.5910000" startTime="2025-05-14T13:20:31.3146610Z" endTime="2025-05-14T13:25:31.3147553Z" testType="13cdc9d9-ddb5-4fa4-a97d-d965ccfc6d4b" outcome="Passed" testListId="cbeed881-a720-417a-9280-cc9c47f194ad" />
    <UnitTestResult executionId="f841aa66-3daf-4c64-b323-9c5fb126fc76" testId="d5070305-bbe3-40a4-a4ae-f70c9d6e6caf" testName="Test3771" computerName="UA-LPT-OGA2" duration="00:00:01.4520000" startTime="2025-05-14T13:20:31.3146610Z" endTime="2025-05-14T13:25:31.3147553Z" testType="13cdc9d9-ddb5-4fa4-a97d-d965ccfc6d4b" outcome="Passed" testListId="cbeed881-a720-417a-9280-cc9c47f194ad" />
    <UnitTestResult executionId="806af86a-3f84-4a39-b061-f7cc9d6b20a6" testId="0d9d958c-cfc6-4b3e-9520-005253b99f1b" testName="Test3772" computerName="UA-LPT-OGA2" duration="00:00:00.5910000" startTime="2025-05-14T13:20:31.3146610Z" endTime="2025-05-14T13:25:31.3147553Z" testType="13cdc9d9-ddb5-4fa4-a97d-d965ccfc6d4b" outcome="Passed" testListId="cbeed881-a720-417a-9280-cc9c47f194ad" />
    <UnitTestResult executionId="8a45a301-b070-4324-91fd-b7b3c8da555b" testId="c009a701-f1f4-4516-8155-f3388372d6e9" testName="Test3773" computerName="UA-LPT-OGA2" duration="00:00:01.3470000" startTime="2025-05-14T13:20:31.3146610Z" endTime="2025-05-14T13:25:31.3147553Z" testType="13cdc9d9-ddb5-4fa4-a97d-d965ccfc6d4b" outcome="Failed" testListId="cbeed881-a720-417a-9280-cc9c47f194ad">
      <Output>
        <ErrorInfo>
          <Message>Assertion failed: Expected value did not match actual value.</Message>
          <StackTrace>   at TestNamespace.TestClass.Test() in TestClass.cs:line 143</StackTrace>
        </ErrorInfo>
      </Output>
    </UnitTestResult>
    <UnitTestResult executionId="47ac4102-086a-4a6f-bd83-ec886f5b8c95" testId="07181c0a-ef3f-4f5a-9f18-aafc17885356" testName="Test3774" computerName="UA-LPT-OGA2" duration="00:00:01.6150000" startTime="2025-05-14T13:20:31.3146610Z" endTime="2025-05-14T13:25:31.3147553Z" testType="13cdc9d9-ddb5-4fa4-a97d-d965ccfc6d4b" outcome="Passed" testListId="cbeed881-a720-417a-9280-cc9c47f194ad" />
    <UnitTestResult executionId="f7bce182-761d-4b56-a1bd-729845e6d787" testId="4e7ab418-2cb4-484b-bfab-97441ffada28" testName="Test3775" computerName="UA-LPT-OGA2" duration="00:00:01.6170000" startTime="2025-05-14T13:20:31.3146610Z" endTime="2025-05-14T13:25:31.3147553Z" testType="13cdc9d9-ddb5-4fa4-a97d-d965ccfc6d4b" outcome="Passed" testListId="cbeed881-a720-417a-9280-cc9c47f194ad" />
    <UnitTestResult executionId="6c5fa6f0-530f-460e-b7e0-3ee5f5465419" testId="f7286a8f-db0b-43f1-9f97-2f8b22f40a73" testName="Test3776" computerName="UA-LPT-OGA2" duration="00:00:00.5280000" startTime="2025-05-14T13:20:31.3146610Z" endTime="2025-05-14T13:25:31.3147553Z" testType="13cdc9d9-ddb5-4fa4-a97d-d965ccfc6d4b" outcome="Passed" testListId="cbeed881-a720-417a-9280-cc9c47f194ad" />
    <UnitTestResult executionId="7a71049b-748f-4511-8f1b-c1fdb92266d9" testId="af50a960-7569-41a9-a51a-423db15809eb" testName="Test3777" computerName="UA-LPT-OGA2" duration="00:00:01.8760000" startTime="2025-05-14T13:20:31.3146610Z" endTime="2025-05-14T13:25:31.3147553Z" testType="13cdc9d9-ddb5-4fa4-a97d-d965ccfc6d4b" outcome="Failed" testListId="cbeed881-a720-417a-9280-cc9c47f194ad">
      <Output>
        <ErrorInfo>
          <Message>Assertion failed: Expected value did not match actual value.</Message>
          <StackTrace>   at TestNamespace.TestClass.Test() in TestClass.cs:line 314</StackTrace>
        </ErrorInfo>
      </Output>
    </UnitTestResult>
    <UnitTestResult executionId="03350b62-3c1a-42ca-a9af-6f315d9e1fd1" testId="54802544-b0a4-41f7-8fa5-bf0371af989c" testName="Test3778" computerName="UA-LPT-OGA2" duration="00:00:01.8670000" startTime="2025-05-14T13:20:31.3146610Z" endTime="2025-05-14T13:25:31.3147553Z" testType="13cdc9d9-ddb5-4fa4-a97d-d965ccfc6d4b" outcome="Passed" testListId="cbeed881-a720-417a-9280-cc9c47f194ad" />
    <UnitTestResult executionId="bca0879a-6c14-4845-8e9a-34e5da5b34cd" testId="3856e983-7c40-4deb-a485-8dd8a3e64ec3" testName="Test3779" computerName="UA-LPT-OGA2" duration="00:00:00.9210000" startTime="2025-05-14T13:20:31.3146610Z" endTime="2025-05-14T13:25:31.3147553Z" testType="13cdc9d9-ddb5-4fa4-a97d-d965ccfc6d4b" outcome="Failed" testListId="cbeed881-a720-417a-9280-cc9c47f194ad">
      <Output>
        <ErrorInfo>
          <Message>Assertion failed: Expected value did not match actual value.</Message>
          <StackTrace>   at TestNamespace.TestClass.Test() in TestClass.cs:line 202</StackTrace>
        </ErrorInfo>
      </Output>
    </UnitTestResult>
    <UnitTestResult executionId="c837bdb8-7826-4044-93d0-105973567bc0" testId="a018d8f5-206f-48a1-8c5c-5ac5dcf5f687" testName="Test3780" computerName="UA-LPT-OGA2" duration="00:00:01.7470000" startTime="2025-05-14T13:20:31.3146610Z" endTime="2025-05-14T13:25:31.3147553Z" testType="13cdc9d9-ddb5-4fa4-a97d-d965ccfc6d4b" outcome="Passed" testListId="cbeed881-a720-417a-9280-cc9c47f194ad" />
    <UnitTestResult executionId="a45db7d0-be87-4043-8b8f-9b0f4a1275ac" testId="b3445126-37b9-4a96-9e33-3f9241596de1" testName="Test3781" computerName="UA-LPT-OGA2" duration="00:00:01.9340000" startTime="2025-05-14T13:20:31.3146610Z" endTime="2025-05-14T13:25:31.3147553Z" testType="13cdc9d9-ddb5-4fa4-a97d-d965ccfc6d4b" outcome="Passed" testListId="cbeed881-a720-417a-9280-cc9c47f194ad" />
    <UnitTestResult executionId="3dbd899d-d322-4df4-b7a7-4889f928fec2" testId="ff6c1139-e09f-4c57-8314-64ae85ad48e2" testName="Test3782" computerName="UA-LPT-OGA2" duration="00:00:01.8370000" startTime="2025-05-14T13:20:31.3146610Z" endTime="2025-05-14T13:25:31.3147553Z" testType="13cdc9d9-ddb5-4fa4-a97d-d965ccfc6d4b" outcome="Inconclusive" testListId="cbeed881-a720-417a-9280-cc9c47f194ad" />
    <UnitTestResult executionId="27dade7b-fedd-458a-80a7-9d8e444a2438" testId="371f3659-e995-4189-bc0a-6ba16c1a0c59" testName="Test3783" computerName="UA-LPT-OGA2" duration="00:00:00.1680000" startTime="2025-05-14T13:20:31.3146610Z" endTime="2025-05-14T13:25:31.3147553Z" testType="13cdc9d9-ddb5-4fa4-a97d-d965ccfc6d4b" outcome="Passed" testListId="cbeed881-a720-417a-9280-cc9c47f194ad" />
    <UnitTestResult executionId="86f14e48-5ec5-478b-8513-035520c9b506" testId="4e3853ce-3a49-4622-abc8-6e0026becfe4" testName="Test3784" computerName="UA-LPT-OGA2" duration="00:00:01.8440000" startTime="2025-05-14T13:20:31.3146610Z" endTime="2025-05-14T13:25:31.3147553Z" testType="13cdc9d9-ddb5-4fa4-a97d-d965ccfc6d4b" outcome="Passed" testListId="cbeed881-a720-417a-9280-cc9c47f194ad" />
    <UnitTestResult executionId="8a399c03-aa73-41b5-9b37-998b0b0397d5" testId="52f55b20-aa2a-46a1-b317-7bc5f51ee63b" testName="Test3785" computerName="UA-LPT-OGA2" duration="00:00:01.4860000" startTime="2025-05-14T13:20:31.3146610Z" endTime="2025-05-14T13:25:31.3147553Z" testType="13cdc9d9-ddb5-4fa4-a97d-d965ccfc6d4b" outcome="Passed" testListId="cbeed881-a720-417a-9280-cc9c47f194ad" />
    <UnitTestResult executionId="515d1836-e7df-4a34-85a2-6062771c9a5d" testId="a7120f5a-3373-461c-a767-f6cee0c8c0c3" testName="Test3786" computerName="UA-LPT-OGA2" duration="00:00:00.3580000" startTime="2025-05-14T13:20:31.3146610Z" endTime="2025-05-14T13:25:31.3147553Z" testType="13cdc9d9-ddb5-4fa4-a97d-d965ccfc6d4b" outcome="Passed" testListId="cbeed881-a720-417a-9280-cc9c47f194ad" />
    <UnitTestResult executionId="228bff1d-6557-47cc-bcc7-5534a9eaacb5" testId="7f98d8c7-c483-4607-b7ad-58d365581c20" testName="Test3787" computerName="UA-LPT-OGA2" duration="00:00:01.8040000" startTime="2025-05-14T13:20:31.3146610Z" endTime="2025-05-14T13:25:31.3147553Z" testType="13cdc9d9-ddb5-4fa4-a97d-d965ccfc6d4b" outcome="Passed" testListId="cbeed881-a720-417a-9280-cc9c47f194ad" />
    <UnitTestResult executionId="f5af0cec-8ad7-49f1-94e7-d78600ab0159" testId="952738a0-00bb-4c05-bc08-aba5fe72f3e7" testName="Test3788" computerName="UA-LPT-OGA2" duration="00:00:01.6080000" startTime="2025-05-14T13:20:31.3146610Z" endTime="2025-05-14T13:25:31.3147553Z" testType="13cdc9d9-ddb5-4fa4-a97d-d965ccfc6d4b" outcome="Passed" testListId="cbeed881-a720-417a-9280-cc9c47f194ad" />
    <UnitTestResult executionId="4057ee2a-a2bd-456e-96ea-264d9a03bc19" testId="a7a6deb2-a4de-4b4b-b195-5c312f74a986" testName="Test3789" computerName="UA-LPT-OGA2" duration="00:00:01.1530000" startTime="2025-05-14T13:20:31.3146610Z" endTime="2025-05-14T13:25:31.3147553Z" testType="13cdc9d9-ddb5-4fa4-a97d-d965ccfc6d4b" outcome="Passed" testListId="cbeed881-a720-417a-9280-cc9c47f194ad" />
    <UnitTestResult executionId="6c9effa4-8bf7-41d3-9254-063096bc0770" testId="2f60cb27-03b0-43aa-a883-63ca794c30a0" testName="Test3790" computerName="UA-LPT-OGA2" duration="00:00:01.3170000" startTime="2025-05-14T13:20:31.3146610Z" endTime="2025-05-14T13:25:31.3147553Z" testType="13cdc9d9-ddb5-4fa4-a97d-d965ccfc6d4b" outcome="Passed" testListId="cbeed881-a720-417a-9280-cc9c47f194ad" />
    <UnitTestResult executionId="567f459b-5a7f-40da-a4cc-819d5eefe69a" testId="ad56bb9d-e87c-4322-a1a4-b7a5a8df9eeb" testName="Test3791" computerName="UA-LPT-OGA2" duration="00:00:00.6980000" startTime="2025-05-14T13:20:31.3146610Z" endTime="2025-05-14T13:25:31.3147553Z" testType="13cdc9d9-ddb5-4fa4-a97d-d965ccfc6d4b" outcome="Passed" testListId="cbeed881-a720-417a-9280-cc9c47f194ad" />
    <UnitTestResult executionId="85770343-3bbd-4185-a219-00502743a215" testId="0028c4ed-1bd3-4989-897e-39f6a3dbb6df" testName="Test3792" computerName="UA-LPT-OGA2" duration="00:00:00.1640000" startTime="2025-05-14T13:20:31.3146610Z" endTime="2025-05-14T13:25:31.3147553Z" testType="13cdc9d9-ddb5-4fa4-a97d-d965ccfc6d4b" outcome="Passed" testListId="cbeed881-a720-417a-9280-cc9c47f194ad" />
    <UnitTestResult executionId="6fd72ba6-d68c-46e5-836a-663bf91602c3" testId="6e700f54-8984-467e-bf59-691e0764ab05" testName="Test3793" computerName="UA-LPT-OGA2" duration="00:00:01.1320000" startTime="2025-05-14T13:20:31.3146610Z" endTime="2025-05-14T13:25:31.3147553Z" testType="13cdc9d9-ddb5-4fa4-a97d-d965ccfc6d4b" outcome="Passed" testListId="cbeed881-a720-417a-9280-cc9c47f194ad" />
    <UnitTestResult executionId="27e7e655-ba59-4100-8982-83edc9328fe2" testId="c0d43fe3-b1e4-4001-9d1e-c1bac88dd188" testName="Test3794" computerName="UA-LPT-OGA2" duration="00:00:00.9270000" startTime="2025-05-14T13:20:31.3146610Z" endTime="2025-05-14T13:25:31.3147553Z" testType="13cdc9d9-ddb5-4fa4-a97d-d965ccfc6d4b" outcome="Passed" testListId="cbeed881-a720-417a-9280-cc9c47f194ad" />
    <UnitTestResult executionId="07847299-f76f-4fee-88c5-c4d7d59a53c5" testId="af929454-dcb0-418b-91cc-f23ed02e0692" testName="Test3795" computerName="UA-LPT-OGA2" duration="00:00:01.7680000" startTime="2025-05-14T13:20:31.3146610Z" endTime="2025-05-14T13:25:31.3147553Z" testType="13cdc9d9-ddb5-4fa4-a97d-d965ccfc6d4b" outcome="Passed" testListId="cbeed881-a720-417a-9280-cc9c47f194ad" />
    <UnitTestResult executionId="695af378-c984-4249-ad1a-0c2fd906e3f1" testId="b0cf99f9-d446-43a1-ae66-4d0e84c3666a" testName="Test3796" computerName="UA-LPT-OGA2" duration="00:00:00.3990000" startTime="2025-05-14T13:20:31.3146610Z" endTime="2025-05-14T13:25:31.3147553Z" testType="13cdc9d9-ddb5-4fa4-a97d-d965ccfc6d4b" outcome="Passed" testListId="cbeed881-a720-417a-9280-cc9c47f194ad" />
    <UnitTestResult executionId="e8eaaa2c-360c-4770-bf08-632bb33adce3" testId="7197b4d6-dc36-485b-ab65-eaf68825b0f2" testName="Test3797" computerName="UA-LPT-OGA2" duration="00:00:01.1780000" startTime="2025-05-14T13:20:31.3146610Z" endTime="2025-05-14T13:25:31.3147553Z" testType="13cdc9d9-ddb5-4fa4-a97d-d965ccfc6d4b" outcome="Passed" testListId="cbeed881-a720-417a-9280-cc9c47f194ad" />
    <UnitTestResult executionId="12f82843-42c3-4a72-9c4a-8b225f8f5d4d" testId="ea2fe592-2ba2-4b9f-bdbd-227953585c80" testName="Test3798" computerName="UA-LPT-OGA2" duration="00:00:00.0180000" startTime="2025-05-14T13:20:31.3146610Z" endTime="2025-05-14T13:25:31.3147553Z" testType="13cdc9d9-ddb5-4fa4-a97d-d965ccfc6d4b" outcome="Passed" testListId="cbeed881-a720-417a-9280-cc9c47f194ad" />
    <UnitTestResult executionId="810c5793-53ec-4bca-93e4-4db12d2e0e0f" testId="e7245fdb-e250-4d84-bd6f-cdb7ad04b865" testName="Test3799" computerName="UA-LPT-OGA2" duration="00:00:01.0520000" startTime="2025-05-14T13:20:31.3146610Z" endTime="2025-05-14T13:25:31.3147553Z" testType="13cdc9d9-ddb5-4fa4-a97d-d965ccfc6d4b" outcome="Passed" testListId="cbeed881-a720-417a-9280-cc9c47f194ad" />
    <UnitTestResult executionId="419bae1a-1a5b-492f-a37b-dc512d53e966" testId="0c219256-a0a1-479f-8f62-ca762379c11c" testName="Test3800" computerName="UA-LPT-OGA2" duration="00:00:01.8070000" startTime="2025-05-14T13:20:31.3146610Z" endTime="2025-05-14T13:25:31.3147553Z" testType="13cdc9d9-ddb5-4fa4-a97d-d965ccfc6d4b" outcome="Passed" testListId="cbeed881-a720-417a-9280-cc9c47f194ad" />
  </Results>
  <TestDefinitions>
    <UnitTest name="Test3701" id="f9428217-0d62-43fa-a096-8eaeb38f6730" storage="TestAssembly.dll">
      <Execution id="cffcb574-6204-45ba-aee7-a023221f8a8e" />
      <TestMethod codeBase="TestAssembly.dll" className="TestNamespace.TestClass1" name="Test3701" />
    </UnitTest>
    <UnitTest name="Test3702" id="958f5d61-ff72-49fa-b8f1-c4fea226c8b3" storage="TestAssembly.dll">
      <Execution id="c4c78e25-cd89-4d09-8c56-bff99c5e0854" />
      <TestMethod codeBase="TestAssembly.dll" className="TestNamespace.TestClass1" name="Test3702" />
    </UnitTest>
    <UnitTest name="Test3703" id="753fdb21-491e-44a0-b288-5bf8174dd473" storage="TestAssembly.dll">
      <Execution id="632d8b57-8244-4fe6-b932-76a3f56fbda8" />
      <TestMethod codeBase="TestAssembly.dll" className="TestNamespace.TestClass1" name="Test3703" />
    </UnitTest>
    <UnitTest name="Test3704" id="a97dccd7-e452-4ad4-8fa7-2dd3762de386" storage="TestAssembly.dll">
      <Execution id="79a69772-f4eb-4e17-af4d-87a47d706410" />
      <TestMethod codeBase="TestAssembly.dll" className="TestNamespace.TestClass1" name="Test3704" />
    </UnitTest>
    <UnitTest name="Test3705" id="a8bff44d-bf23-436a-adf1-bbd95a2673c6" storage="TestAssembly.dll">
      <Execution id="9731f308-ff0a-4c55-94a1-ad74d97d022e" />
      <TestMethod codeBase="TestAssembly.dll" className="TestNamespace.TestClass1" name="Test3705" />
    </UnitTest>
    <UnitTest name="Test3706" id="ecbf1f65-982b-4220-953e-4ad806af6ffb" storage="TestAssembly.dll">
      <Execution id="ccbd811b-0320-43ff-84e1-815ae1ae4fae" />
      <TestMethod codeBase="TestAssembly.dll" className="TestNamespace.TestClass1" name="Test3706" />
    </UnitTest>
    <UnitTest name="Test3707" id="bc509487-197f-4fa8-8b3b-b9d21b1b6ce0" storage="TestAssembly.dll">
      <Execution id="33f1eb59-1704-4cde-bd10-68d4e9e719ca" />
      <TestMethod codeBase="TestAssembly.dll" className="TestNamespace.TestClass1" name="Test3707" />
    </UnitTest>
    <UnitTest name="Test3708" id="75d20697-f9a1-4194-bd08-73ec754402e5" storage="TestAssembly.dll">
      <Execution id="bb55fc46-e94f-4720-b3e5-3817ff652022" />
      <TestMethod codeBase="TestAssembly.dll" className="TestNamespace.TestClass1" name="Test3708" />
    </UnitTest>
    <UnitTest name="Test3709" id="00beac2c-5a45-48b3-b048-a6488a18337f" storage="TestAssembly.dll">
      <Execution id="a7d42e5b-fe06-4c5a-8287-ad0621b5fc62" />
      <TestMethod codeBase="TestAssembly.dll" className="TestNamespace.TestClass1" name="Test3709" />
    </UnitTest>
    <UnitTest name="Test3710" id="3ba88a2a-0356-4611-ad8e-98f0ad1fdbe7" storage="TestAssembly.dll">
      <Execution id="aa95cb0f-f596-4ee1-89fa-d8aebc017298" />
      <TestMethod codeBase="TestAssembly.dll" className="TestNamespace.TestClass1" name="Test3710" />
    </UnitTest>
    <UnitTest name="Test3711" id="0ad46047-b485-4f85-ac69-798a2fd42bea" storage="TestAssembly.dll">
      <Execution id="ba86328d-0fda-41d7-8819-5ace127af821" />
      <TestMethod codeBase="TestAssembly.dll" className="TestNamespace.TestClass2" name="Test3711" />
    </UnitTest>
    <UnitTest name="Test3712" id="0975484b-54ca-46e7-93ee-7a2f9c5227d5" storage="TestAssembly.dll">
      <Execution id="632566d0-1690-46c4-9f07-b1e4c7bb3139" />
      <TestMethod codeBase="TestAssembly.dll" className="TestNamespace.TestClass2" name="Test3712" />
    </UnitTest>
    <UnitTest name="Test3713" id="d6054541-cf3b-4465-93ac-fab6e71fac94" storage="TestAssembly.dll">
      <Execution id="b9f33877-6ebf-4770-9bfb-ddfc3c750d8d" />
      <TestMethod codeBase="TestAssembly.dll" className="TestNamespace.TestClass2" name="Test3713" />
    </UnitTest>
    <UnitTest name="Test3714" id="8d1e0032-6300-4a17-8985-35d1751b1e92" storage="TestAssembly.dll">
      <Execution id="dbf66fa8-0729-45f3-b4a8-ca428420115a" />
      <TestMethod codeBase="TestAssembly.dll" className="TestNamespace.TestClass2" name="Test3714" />
    </UnitTest>
    <UnitTest name="Test3715" id="14ebe72c-07d0-4efa-b264-df9e98e65798" storage="TestAssembly.dll">
      <Execution id="2ffca1a4-c42a-46cb-8d25-f7168c958fd0" />
      <TestMethod codeBase="TestAssembly.dll" className="TestNamespace.TestClass2" name="Test3715" />
    </UnitTest>
    <UnitTest name="Test3716" id="5190bb0e-1f8f-45b8-a7c7-74cbd95afb75" storage="TestAssembly.dll">
      <Execution id="0e7028b1-f7e4-4b91-b595-02465e6b20e1" />
      <TestMethod codeBase="TestAssembly.dll" className="TestNamespace.TestClass2" name="Test3716" />
    </UnitTest>
    <UnitTest name="Test3717" id="3e8a2e2c-5f4c-40a9-8841-8cad9a9c39d6" storage="TestAssembly.dll">
      <Execution id="b68ad077-96dd-48dc-8267-11bc80052698" />
      <TestMethod codeBase="TestAssembly.dll" className="TestNamespace.TestClass2" name="Test3717" />
    </UnitTest>
    <UnitTest name="Test3718" id="296972bc-efe8-4a86-9ba3-ba14d5020cfe" storage="TestAssembly.dll">
      <Execution id="27dcf322-155c-40f0-a1ec-c7ced27a50c6" />
      <TestMethod codeBase="TestAssembly.dll" className="TestNamespace.TestClass2" name="Test3718" />
    </UnitTest>
    <UnitTest name="Test3719" id="7de9e089-5850-4d2f-9cdd-637ea8891443" storage="TestAssembly.dll">
      <Execution id="62b02e14-fa4c-4f99-97b0-02dd177b234c" />
      <TestMethod codeBase="TestAssembly.dll" className="TestNamespace.TestClass2" name="Test3719" />
    </UnitTest>
    <UnitTest name="Test3720" id="08002b19-439b-4f36-a6bc-bacd0c2d5e57" storage="TestAssembly.dll">
      <Execution id="bca1648b-9642-4927-af05-55db0b94c52c" />
      <TestMethod codeBase="TestAssembly.dll" className="TestNamespace.TestClass2" name="Test3720" />
    </UnitTest>
    <UnitTest name="Test3721" id="78aba5f1-b5aa-47aa-848d-8ea03d0f3136" storage="TestAssembly.dll">
      <Execution id="4bf153bb-991e-4524-b93d-c8e8ca61dab9" />
      <TestMethod codeBase="TestAssembly.dll" className="TestNamespace.TestClass3" name="Test3721" />
    </UnitTest>
    <UnitTest name="Test3722" id="2dd1c5d3-4dfe-46e4-8088-ad476696cc1f" storage="TestAssembly.dll">
      <Execution id="d7d5be03-0ee8-44e8-892f-91e2d21ed242" />
      <TestMethod codeBase="TestAssembly.dll" className="TestNamespace.TestClass3" name="Test3722" />
    </UnitTest>
    <UnitTest name="Test3723" id="15eacc5d-045b-40c4-827a-b174467fcb29" storage="TestAssembly.dll">
      <Execution id="04675a4f-f60e-4da0-8fed-dc49d24e3435" />
      <TestMethod codeBase="TestAssembly.dll" className="TestNamespace.TestClass3" name="Test3723" />
    </UnitTest>
    <UnitTest name="Test3724" id="415b0902-bb4c-4745-90fa-363cd39a5942" storage="TestAssembly.dll">
      <Execution id="b3359ba9-0324-4680-baa3-029e161555d0" />
      <TestMethod codeBase="TestAssembly.dll" className="TestNamespace.TestClass3" name="Test3724" />
    </UnitTest>
    <UnitTest name="Test3725" id="bfb46d33-c250-4226-a642-6b86fb03843e" storage="TestAssembly.dll">
      <Execution id="6646d4f2-2f89-4040-a485-e940796f37ff" />
      <TestMethod codeBase="TestAssembly.dll" className="TestNamespace.TestClass3" name="Test3725" />
    </UnitTest>
    <UnitTest name="Test3726" id="4a9fd43d-d1cb-4759-90b9-fe281abfd15d" storage="TestAssembly.dll">
      <Execution id="3d28cb39-2b15-41ec-8cdb-a0e29f605fc9" />
      <TestMethod codeBase="TestAssembly.dll" className="TestNamespace.TestClass3" name="Test3726" />
    </UnitTest>
    <UnitTest name="Test3727" id="48442bd6-705d-4c4b-accb-4ae5d4a548a2" storage="TestAssembly.dll">
      <Execution id="201f19d3-cc03-4bfa-a7db-1c7bb6b7f95f" />
      <TestMethod codeBase="TestAssembly.dll" className="TestNamespace.TestClass3" name="Test3727" />
    </UnitTest>
    <UnitTest name="Test3728" id="22f19daa-c451-448e-8325-d2e13e6220b1" storage="TestAssembly.dll">
      <Execution id="4feffe79-71e3-41c6-a72f-b17c2c9f965b" />
      <TestMethod codeBase="TestAssembly.dll" className="TestNamespace.TestClass3" name="Test3728" />
    </UnitTest>
    <UnitTest name="Test3729" id="d4e9b316-9708-4c55-a825-8dd3ccd3bb30" storage="TestAssembly.dll">
      <Execution id="524831b6-c172-4197-b576-da7162641d62" />
      <TestMethod codeBase="TestAssembly.dll" className="TestNamespace.TestClass3" name="Test3729" />
    </UnitTest>
    <UnitTest name="Test3730" id="3d406270-c501-4efe-b735-38ff328df7fe" storage="TestAssembly.dll">
      <Execution id="161e52c7-58df-4ddc-8afb-2c9f0fac232e" />
      <TestMethod codeBase="TestAssembly.dll" className="TestNamespace.TestClass3" name="Test3730" />
    </UnitTest>
    <UnitTest name="Test3731" id="c706b8b5-8021-4092-969a-16d330de2440" storage="TestAssembly.dll">
      <Execution id="39ad89f4-215a-4029-8777-6f16936bff05" />
      <TestMethod codeBase="TestAssembly.dll" className="TestNamespace.TestClass4" name="Test3731" />
    </UnitTest>
    <UnitTest name="Test3732" id="37a02d15-596d-479c-9021-451b7a6bcdc6" storage="TestAssembly.dll">
      <Execution id="bc37d9ee-8cc6-4a13-a307-539a006c1ed5" />
      <TestMethod codeBase="TestAssembly.dll" className="TestNamespace.TestClass4" name="Test3732" />
    </UnitTest>
    <UnitTest name="Test3733" id="f54f0e39-f4c5-43b9-833d-240d501d9d1b" storage="TestAssembly.dll">
      <Execution id="18d61b76-cd3e-49c4-aa1f-f76611ebe26a" />
      <TestMethod codeBase="TestAssembly.dll" className="TestNamespace.TestClass4" name="Test3733" />
    </UnitTest>
    <UnitTest name="Test3734" id="78a816ef-1803-41e5-a982-99e1906c9b50" storage="TestAssembly.dll">
      <Execution id="d73c6413-5072-41f1-906f-c296040596a5" />
      <TestMethod codeBase="TestAssembly.dll" className="TestNamespace.TestClass4" name="Test3734" />
    </UnitTest>
    <UnitTest name="Test3735" id="ef05e0ad-af29-4450-85ae-bca4923a882d" storage="TestAssembly.dll">
      <Execution id="cc292b49-539b-4fd1-9b7a-a2326dac8549" />
      <TestMethod codeBase="TestAssembly.dll" className="TestNamespace.TestClass4" name="Test3735" />
    </UnitTest>
    <UnitTest name="Test3736" id="3fd385b7-fa6a-4084-bd85-a149e5cf02f0" storage="TestAssembly.dll">
      <Execution id="19cdd054-ac0c-4a8b-9d3d-ebeed2f3b7d6" />
      <TestMethod codeBase="TestAssembly.dll" className="TestNamespace.TestClass4" name="Test3736" />
    </UnitTest>
    <UnitTest name="Test3737" id="6dfc341c-f952-4e67-9bcb-107638fa086a" storage="TestAssembly.dll">
      <Execution id="03ade9cb-d24a-40ed-ad35-3b0254214fb8" />
      <TestMethod codeBase="TestAssembly.dll" className="TestNamespace.TestClass4" name="Test3737" />
    </UnitTest>
    <UnitTest name="Test3738" id="aa6b12a9-8c61-4f3a-90a1-001bf74bf39f" storage="TestAssembly.dll">
      <Execution id="5935d5bc-2557-4304-bc58-a9d443100385" />
      <TestMethod codeBase="TestAssembly.dll" className="TestNamespace.TestClass4" name="Test3738" />
    </UnitTest>
    <UnitTest name="Test3739" id="e0c2e4bd-fb10-4a73-9a1d-cf27dc09359f" storage="TestAssembly.dll">
      <Execution id="74a9bde5-5834-48db-8842-98757a80d769" />
      <TestMethod codeBase="TestAssembly.dll" className="TestNamespace.TestClass4" name="Test3739" />
    </UnitTest>
    <UnitTest name="Test3740" id="393926e9-c6ac-4e08-a793-b9dc487550e7" storage="TestAssembly.dll">
      <Execution id="17184aa5-cec6-4d5c-8ff3-18a7503bf6c5" />
      <TestMethod codeBase="TestAssembly.dll" className="TestNamespace.TestClass4" name="Test3740" />
    </UnitTest>
    <UnitTest name="Test3741" id="a3a270bd-cc89-4660-b397-9ef1c92fbd93" storage="TestAssembly.dll">
      <Execution id="bf97251d-e2d1-402a-b848-43d5f48f0c3c" />
      <TestMethod codeBase="TestAssembly.dll" className="TestNamespace.TestClass5" name="Test3741" />
    </UnitTest>
    <UnitTest name="Test3742" id="e6328271-57bb-45a2-bfde-36cbffdcecbe" storage="TestAssembly.dll">
      <Execution id="4a1796b7-97f1-411d-860a-de3776f344b6" />
      <TestMethod codeBase="TestAssembly.dll" className="TestNamespace.TestClass5" name="Test3742" />
    </UnitTest>
    <UnitTest name="Test3743" id="2016515a-87a5-4040-9416-e91219577adb" storage="TestAssembly.dll">
      <Execution id="f0fe92b2-5951-4977-b038-b52788d75666" />
      <TestMethod codeBase="TestAssembly.dll" className="TestNamespace.TestClass5" name="Test3743" />
    </UnitTest>
    <UnitTest name="Test3744" id="2efe71ec-8b8d-4477-8499-1d74198d8046" storage="TestAssembly.dll">
      <Execution id="3387e8a4-d3c4-4484-bba5-66af0621f7ff" />
      <TestMethod codeBase="TestAssembly.dll" className="TestNamespace.TestClass5" name="Test3744" />
    </UnitTest>
    <UnitTest name="Test3745" id="76960428-0d87-4114-859c-9764aa1796ed" storage="TestAssembly.dll">
      <Execution id="1a546be7-ded3-4017-aacb-28f205c384db" />
      <TestMethod codeBase="TestAssembly.dll" className="TestNamespace.TestClass5" name="Test3745" />
    </UnitTest>
    <UnitTest name="Test3746" id="183c2b65-320c-4750-ab30-ee48e5a1fd6d" storage="TestAssembly.dll">
      <Execution id="e11d8198-4fb7-4bf7-adb1-1fde35a0a2a5" />
      <TestMethod codeBase="TestAssembly.dll" className="TestNamespace.TestClass5" name="Test3746" />
    </UnitTest>
    <UnitTest name="Test3747" id="92189d29-045a-484e-9b19-5779cd3f8cbe" storage="TestAssembly.dll">
      <Execution id="3fbece48-dbe5-4862-8af4-e94b9b2f6d3c" />
      <TestMethod codeBase="TestAssembly.dll" className="TestNamespace.TestClass5" name="Test3747" />
    </UnitTest>
    <UnitTest name="Test3748" id="8be65217-7de5-4339-a015-23542639c9a4" storage="TestAssembly.dll">
      <Execution id="f5b15a39-ac77-4c90-a3e6-1a372fa177ca" />
      <TestMethod codeBase="TestAssembly.dll" className="TestNamespace.TestClass5" name="Test3748" />
    </UnitTest>
    <UnitTest name="Test3749" id="b89c53b5-4530-4e20-a957-323b97e650e8" storage="TestAssembly.dll">
      <Execution id="89e0645f-98be-4836-97ec-d9bf5eb0aef5" />
      <TestMethod codeBase="TestAssembly.dll" className="TestNamespace.TestClass5" name="Test3749" />
    </UnitTest>
    <UnitTest name="Test3750" id="3afee31b-a2cf-4a0a-aa0a-e162f75d6d96" storage="TestAssembly.dll">
      <Execution id="49802fdc-b471-4c5d-96aa-8f7f43e94d05" />
      <TestMethod codeBase="TestAssembly.dll" className="TestNamespace.TestClass5" name="Test3750" />
    </UnitTest>
    <UnitTest name="Test3751" id="55800314-2243-4ef4-bf25-c7c2dad7e138" storage="TestAssembly.dll">
      <Execution id="a2b7708b-5b42-45d4-bd9d-c2b9982f3938" />
      <TestMethod codeBase="TestAssembly.dll" className="TestNamespace.TestClass6" name="Test3751" />
    </UnitTest>
    <UnitTest name="Test3752" id="01b9ef18-bf4e-43dc-913e-b855d6aae2f7" storage="TestAssembly.dll">
      <Execution id="35ac0099-7296-4466-9c73-2db1c0fd1eaa" />
      <TestMethod codeBase="TestAssembly.dll" className="TestNamespace.TestClass6" name="Test3752" />
    </UnitTest>
    <UnitTest name="Test3753" id="5d20a602-b37f-4cf4-86f1-31aa7b47d5e8" storage="TestAssembly.dll">
      <Execution id="731c2bb9-739a-424f-923e-9e1026c5876d" />
      <TestMethod codeBase="TestAssembly.dll" className="TestNamespace.TestClass6" name="Test3753" />
    </UnitTest>
    <UnitTest name="Test3754" id="5edb134a-d716-4fe3-b52e-963c1dd9b200" storage="TestAssembly.dll">
      <Execution id="cf5e69e8-0907-468b-bcd9-2c295394d8c8" />
      <TestMethod codeBase="TestAssembly.dll" className="TestNamespace.TestClass6" name="Test3754" />
    </UnitTest>
    <UnitTest name="Test3755" id="22e74180-1d6a-4513-8df3-cf2fe570bb04" storage="TestAssembly.dll">
      <Execution id="0ef35164-d397-4552-a4b4-27b3f9dd1ae0" />
      <TestMethod codeBase="TestAssembly.dll" className="TestNamespace.TestClass6" name="Test3755" />
    </UnitTest>
    <UnitTest name="Test3756" id="bba04947-6a13-4707-830d-e111ce7a8fab" storage="TestAssembly.dll">
      <Execution id="c187cbe9-8e8d-48dc-8438-5b375a730e75" />
      <TestMethod codeBase="TestAssembly.dll" className="TestNamespace.TestClass6" name="Test3756" />
    </UnitTest>
    <UnitTest name="Test3757" id="91ef9562-1819-4656-aa18-a829967ca3e4" storage="TestAssembly.dll">
      <Execution id="aaeebca8-b2b9-43ad-b61c-1968d1d48dab" />
      <TestMethod codeBase="TestAssembly.dll" className="TestNamespace.TestClass6" name="Test3757" />
    </UnitTest>
    <UnitTest name="Test3758" id="0592a7ac-d91b-47c7-840e-8886654002ff" storage="TestAssembly.dll">
      <Execution id="c9eb81bc-5c83-4075-8403-f1d8cf4c5165" />
      <TestMethod codeBase="TestAssembly.dll" className="TestNamespace.TestClass6" name="Test3758" />
    </UnitTest>
    <UnitTest name="Test3759" id="2475e2c8-17c7-4dfb-ac55-d946ef111bbb" storage="TestAssembly.dll">
      <Execution id="dfff73e1-43d0-400a-a466-313018d3fcca" />
      <TestMethod codeBase="TestAssembly.dll" className="TestNamespace.TestClass6" name="Test3759" />
    </UnitTest>
    <UnitTest name="Test3760" id="84a22ec1-7a4d-4680-9f70-2708128b5774" storage="TestAssembly.dll">
      <Execution id="2cf78581-fa76-41d4-a11b-96e8428d588e" />
      <TestMethod codeBase="TestAssembly.dll" className="TestNamespace.TestClass6" name="Test3760" />
    </UnitTest>
    <UnitTest name="Test3761" id="25faec64-d6c5-4450-ab8f-0404b2a94f3c" storage="TestAssembly.dll">
      <Execution id="6a03f17d-7af5-424d-b974-9db2c31c4d0b" />
      <TestMethod codeBase="TestAssembly.dll" className="TestNamespace.TestClass7" name="Test3761" />
    </UnitTest>
    <UnitTest name="Test3762" id="ef1459bb-3e7e-4c70-a53c-3da6e1715a5f" storage="TestAssembly.dll">
      <Execution id="d596b78b-78bb-4359-8ba4-d09c0843bcaf" />
      <TestMethod codeBase="TestAssembly.dll" className="TestNamespace.TestClass7" name="Test3762" />
    </UnitTest>
    <UnitTest name="Test3763" id="d7a5b8c5-3c0f-4847-97c3-962db332185b" storage="TestAssembly.dll">
      <Execution id="39e3332f-fffa-4cb2-bdfd-4009467ce5db" />
      <TestMethod codeBase="TestAssembly.dll" className="TestNamespace.TestClass7" name="Test3763" />
    </UnitTest>
    <UnitTest name="Test3764" id="cd83f568-41a6-4451-b230-9032d487860c" storage="TestAssembly.dll">
      <Execution id="82f3c7bd-12df-4e64-9d9b-edc1beedd0cd" />
      <TestMethod codeBase="TestAssembly.dll" className="TestNamespace.TestClass7" name="Test3764" />
    </UnitTest>
    <UnitTest name="Test3765" id="d9b6b2ed-405f-4bb2-bb69-563ed8aae228" storage="TestAssembly.dll">
      <Execution id="a0b71042-d86c-4823-abcd-a7960af97340" />
      <TestMethod codeBase="TestAssembly.dll" className="TestNamespace.TestClass7" name="Test3765" />
    </UnitTest>
    <UnitTest name="Test3766" id="fbf9c52b-d246-4e5f-95ce-007de0470692" storage="TestAssembly.dll">
      <Execution id="7a4415e8-2a5b-4431-9660-a9eeb49e41a5" />
      <TestMethod codeBase="TestAssembly.dll" className="TestNamespace.TestClass7" name="Test3766" />
    </UnitTest>
    <UnitTest name="Test3767" id="fe46f7e7-c21d-4921-9b3e-d00333487617" storage="TestAssembly.dll">
      <Execution id="144a961c-11c9-4b7e-a243-20e920c9ea55" />
      <TestMethod codeBase="TestAssembly.dll" className="TestNamespace.TestClass7" name="Test3767" />
    </UnitTest>
    <UnitTest name="Test3768" id="194857de-d0d3-42ec-a9a8-0557068dd79c" storage="TestAssembly.dll">
      <Execution id="ee8f718e-bfd9-4f17-9e0f-ee0b4f8eab66" />
      <TestMethod codeBase="TestAssembly.dll" className="TestNamespace.TestClass7" name="Test3768" />
    </UnitTest>
    <UnitTest name="Test3769" id="e8dcc1fa-b19f-4867-a1c4-2f49cb36ebbe" storage="TestAssembly.dll">
      <Execution id="1cbb7d52-f657-4f4f-b1e6-c7a47d1fa8e7" />
      <TestMethod codeBase="TestAssembly.dll" className="TestNamespace.TestClass7" name="Test3769" />
    </UnitTest>
    <UnitTest name="Test3770" id="7055ba5e-d821-42d5-8ab7-d7c218bf2278" storage="TestAssembly.dll">
      <Execution id="589375b5-b168-45d3-a334-945d489fd2a7" />
      <TestMethod codeBase="TestAssembly.dll" className="TestNamespace.TestClass7" name="Test3770" />
    </UnitTest>
    <UnitTest name="Test3771" id="d5070305-bbe3-40a4-a4ae-f70c9d6e6caf" storage="TestAssembly.dll">
      <Execution id="f841aa66-3daf-4c64-b323-9c5fb126fc76" />
      <TestMethod codeBase="TestAssembly.dll" className="TestNamespace.TestClass8" name="Test3771" />
    </UnitTest>
    <UnitTest name="Test3772" id="0d9d958c-cfc6-4b3e-9520-005253b99f1b" storage="TestAssembly.dll">
      <Execution id="806af86a-3f84-4a39-b061-f7cc9d6b20a6" />
      <TestMethod codeBase="TestAssembly.dll" className="TestNamespace.TestClass8" name="Test3772" />
    </UnitTest>
    <UnitTest name="Test3773" id="c009a701-f1f4-4516-8155-f3388372d6e9" storage="TestAssembly.dll">
      <Execution id="8a45a301-b070-4324-91fd-b7b3c8da555b" />
      <TestMethod codeBase="TestAssembly.dll" className="TestNamespace.TestClass8" name="Test3773" />
    </UnitTest>
    <UnitTest name="Test3774" id="07181c0a-ef3f-4f5a-9f18-aafc17885356" storage="TestAssembly.dll">
      <Execution id="47ac4102-086a-4a6f-bd83-ec886f5b8c95" />
      <TestMethod codeBase="TestAssembly.dll" className="TestNamespace.TestClass8" name="Test3774" />
    </UnitTest>
    <UnitTest name="Test3775" id="4e7ab418-2cb4-484b-bfab-97441ffada28" storage="TestAssembly.dll">
      <Execution id="f7bce182-761d-4b56-a1bd-729845e6d787" />
      <TestMethod codeBase="TestAssembly.dll" className="TestNamespace.TestClass8" name="Test3775" />
    </UnitTest>
    <UnitTest name="Test3776" id="f7286a8f-db0b-43f1-9f97-2f8b22f40a73" storage="TestAssembly.dll">
      <Execution id="6c5fa6f0-530f-460e-b7e0-3ee5f5465419" />
      <TestMethod codeBase="TestAssembly.dll" className="TestNamespace.TestClass8" name="Test3776" />
    </UnitTest>
    <UnitTest name="Test3777" id="af50a960-7569-41a9-a51a-423db15809eb" storage="TestAssembly.dll">
      <Execution id="7a71049b-748f-4511-8f1b-c1fdb92266d9" />
      <TestMethod codeBase="TestAssembly.dll" className="TestNamespace.TestClass8" name="Test3777" />
    </UnitTest>
    <UnitTest name="Test3778" id="54802544-b0a4-41f7-8fa5-bf0371af989c" storage="TestAssembly.dll">
      <Execution id="03350b62-3c1a-42ca-a9af-6f315d9e1fd1" />
      <TestMethod codeBase="TestAssembly.dll" className="TestNamespace.TestClass8" name="Test3778" />
    </UnitTest>
    <UnitTest name="Test3779" id="3856e983-7c40-4deb-a485-8dd8a3e64ec3" storage="TestAssembly.dll">
      <Execution id="bca0879a-6c14-4845-8e9a-34e5da5b34cd" />
      <TestMethod codeBase="TestAssembly.dll" className="TestNamespace.TestClass8" name="Test3779" />
    </UnitTest>
    <UnitTest name="Test3780" id="a018d8f5-206f-48a1-8c5c-5ac5dcf5f687" storage="TestAssembly.dll">
      <Execution id="c837bdb8-7826-4044-93d0-105973567bc0" />
      <TestMethod codeBase="TestAssembly.dll" className="TestNamespace.TestClass8" name="Test3780" />
    </UnitTest>
    <UnitTest name="Test3781" id="b3445126-37b9-4a96-9e33-3f9241596de1" storage="TestAssembly.dll">
      <Execution id="a45db7d0-be87-4043-8b8f-9b0f4a1275ac" />
      <TestMethod codeBase="TestAssembly.dll" className="TestNamespace.TestClass9" name="Test3781" />
    </UnitTest>
    <UnitTest name="Test3782" id="ff6c1139-e09f-4c57-8314-64ae85ad48e2" storage="TestAssembly.dll">
      <Execution id="3dbd899d-d322-4df4-b7a7-4889f928fec2" />
      <TestMethod codeBase="TestAssembly.dll" className="TestNamespace.TestClass9" name="Test3782" />
    </UnitTest>
    <UnitTest name="Test3783" id="371f3659-e995-4189-bc0a-6ba16c1a0c59" storage="TestAssembly.dll">
      <Execution id="27dade7b-fedd-458a-80a7-9d8e444a2438" />
      <TestMethod codeBase="TestAssembly.dll" className="TestNamespace.TestClass9" name="Test3783" />
    </UnitTest>
    <UnitTest name="Test3784" id="4e3853ce-3a49-4622-abc8-6e0026becfe4" storage="TestAssembly.dll">
      <Execution id="86f14e48-5ec5-478b-8513-035520c9b506" />
      <TestMethod codeBase="TestAssembly.dll" className="TestNamespace.TestClass9" name="Test3784" />
    </UnitTest>
    <UnitTest name="Test3785" id="52f55b20-aa2a-46a1-b317-7bc5f51ee63b" storage="TestAssembly.dll">
      <Execution id="8a399c03-aa73-41b5-9b37-998b0b0397d5" />
      <TestMethod codeBase="TestAssembly.dll" className="TestNamespace.TestClass9" name="Test3785" />
    </UnitTest>
    <UnitTest name="Test3786" id="a7120f5a-3373-461c-a767-f6cee0c8c0c3" storage="TestAssembly.dll">
      <Execution id="515d1836-e7df-4a34-85a2-6062771c9a5d" />
      <TestMethod codeBase="TestAssembly.dll" className="TestNamespace.TestClass9" name="Test3786" />
    </UnitTest>
    <UnitTest name="Test3787" id="7f98d8c7-c483-4607-b7ad-58d365581c20" storage="TestAssembly.dll">
      <Execution id="228bff1d-6557-47cc-bcc7-5534a9eaacb5" />
      <TestMethod codeBase="TestAssembly.dll" className="TestNamespace.TestClass9" name="Test3787" />
    </UnitTest>
    <UnitTest name="Test3788" id="952738a0-00bb-4c05-bc08-aba5fe72f3e7" storage="TestAssembly.dll">
      <Execution id="f5af0cec-8ad7-49f1-94e7-d78600ab0159" />
      <TestMethod codeBase="TestAssembly.dll" className="TestNamespace.TestClass9" name="Test3788" />
    </UnitTest>
    <UnitTest name="Test3789" id="a7a6deb2-a4de-4b4b-b195-5c312f74a986" storage="TestAssembly.dll">
      <Execution id="4057ee2a-a2bd-456e-96ea-264d9a03bc19" />
      <TestMethod codeBase="TestAssembly.dll" className="TestNamespace.TestClass9" name="Test3789" />
    </UnitTest>
    <UnitTest name="Test3790" id="2f60cb27-03b0-43aa-a883-63ca794c30a0" storage="TestAssembly.dll">
      <Execution id="6c9effa4-8bf7-41d3-9254-063096bc0770" />
      <TestMethod codeBase="TestAssembly.dll" className="TestNamespace.TestClass9" name="Test3790" />
    </UnitTest>
    <UnitTest name="Test3791" id="ad56bb9d-e87c-4322-a1a4-b7a5a8df9eeb" storage="TestAssembly.dll">
      <Execution id="567f459b-5a7f-40da-a4cc-819d5eefe69a" />
      <TestMethod codeBase="TestAssembly.dll" className="TestNamespace.TestClass10" name="Test3791" />
    </UnitTest>
    <UnitTest name="Test3792" id="0028c4ed-1bd3-4989-897e-39f6a3dbb6df" storage="TestAssembly.dll">
      <Execution id="85770343-3bbd-4185-a219-00502743a215" />
      <TestMethod codeBase="TestAssembly.dll" className="TestNamespace.TestClass10" name="Test3792" />
    </UnitTest>
    <UnitTest name="Test3793" id="6e700f54-8984-467e-bf59-691e0764ab05" storage="TestAssembly.dll">
      <Execution id="6fd72ba6-d68c-46e5-836a-663bf91602c3" />
      <TestMethod codeBase="TestAssembly.dll" className="TestNamespace.TestClass10" name="Test3793" />
    </UnitTest>
    <UnitTest name="Test3794" id="c0d43fe3-b1e4-4001-9d1e-c1bac88dd188" storage="TestAssembly.dll">
      <Execution id="27e7e655-ba59-4100-8982-83edc9328fe2" />
      <TestMethod codeBase="TestAssembly.dll" className="TestNamespace.TestClass10" name="Test3794" />
    </UnitTest>
    <UnitTest name="Test3795" id="af929454-dcb0-418b-91cc-f23ed02e0692" storage="TestAssembly.dll">
      <Execution id="07847299-f76f-4fee-88c5-c4d7d59a53c5" />
      <TestMethod codeBase="TestAssembly.dll" className="TestNamespace.TestClass10" name="Test3795" />
    </UnitTest>
    <UnitTest name="Test3796" id="b0cf99f9-d446-43a1-ae66-4d0e84c3666a" storage="TestAssembly.dll">
      <Execution id="695af378-c984-4249-ad1a-0c2fd906e3f1" />
      <TestMethod codeBase="TestAssembly.dll" className="TestNamespace.TestClass10" name="Test3796" />
    </UnitTest>
    <UnitTest name="Test3797" id="7197b4d6-dc36-485b-ab65-eaf68825b0f2" storage="TestAssembly.dll">
      <Execution id="e8eaaa2c-360c-4770-bf08-632bb33adce3" />
      <TestMethod codeBase="TestAssembly.dll" className="TestNamespace.TestClass10" name="Test3797" />
    </UnitTest>
    <UnitTest name="Test3798" id="ea2fe592-2ba2-4b9f-bdbd-227953585c80" storage="TestAssembly.dll">
      <Execution id="12f82843-42c3-4a72-9c4a-8b225f8f5d4d" />
      <TestMethod codeBase="TestAssembly.dll" className="TestNamespace.TestClass10" name="Test3798" />
    </UnitTest>
    <UnitTest name="Test3799" id="e7245fdb-e250-4d84-bd6f-cdb7ad04b865" storage="TestAssembly.dll">
      <Execution id="810c5793-53ec-4bca-93e4-4db12d2e0e0f" />
      <TestMethod codeBase="TestAssembly.dll" className="TestNamespace.TestClass10" name="Test3799" />
    </UnitTest>
    <UnitTest name="Test3800" id="0c219256-a0a1-479f-8f62-ca762379c11c" storage="TestAssembly.dll">
      <Execution id="419bae1a-1a5b-492f-a37b-dc512d53e966" />
      <TestMethod codeBase="TestAssembly.dll" className="TestNamespace.TestClass10" name="Test3800" />
    </UnitTest>
  </TestDefinitions>
  <TestEntries>
    <TestEntry testId="f9428217-0d62-43fa-a096-8eaeb38f6730" executionId="cffcb574-6204-45ba-aee7-a023221f8a8e" testListId="cbeed881-a720-417a-9280-cc9c47f194ad" />
    <TestEntry testId="958f5d61-ff72-49fa-b8f1-c4fea226c8b3" executionId="c4c78e25-cd89-4d09-8c56-bff99c5e0854" testListId="cbeed881-a720-417a-9280-cc9c47f194ad" />
    <TestEntry testId="753fdb21-491e-44a0-b288-5bf8174dd473" executionId="632d8b57-8244-4fe6-b932-76a3f56fbda8" testListId="cbeed881-a720-417a-9280-cc9c47f194ad" />
    <TestEntry testId="a97dccd7-e452-4ad4-8fa7-2dd3762de386" executionId="79a69772-f4eb-4e17-af4d-87a47d706410" testListId="cbeed881-a720-417a-9280-cc9c47f194ad" />
    <TestEntry testId="a8bff44d-bf23-436a-adf1-bbd95a2673c6" executionId="9731f308-ff0a-4c55-94a1-ad74d97d022e" testListId="cbeed881-a720-417a-9280-cc9c47f194ad" />
    <TestEntry testId="ecbf1f65-982b-4220-953e-4ad806af6ffb" executionId="ccbd811b-0320-43ff-84e1-815ae1ae4fae" testListId="cbeed881-a720-417a-9280-cc9c47f194ad" />
    <TestEntry testId="bc509487-197f-4fa8-8b3b-b9d21b1b6ce0" executionId="33f1eb59-1704-4cde-bd10-68d4e9e719ca" testListId="cbeed881-a720-417a-9280-cc9c47f194ad" />
    <TestEntry testId="75d20697-f9a1-4194-bd08-73ec754402e5" executionId="bb55fc46-e94f-4720-b3e5-3817ff652022" testListId="cbeed881-a720-417a-9280-cc9c47f194ad" />
    <TestEntry testId="00beac2c-5a45-48b3-b048-a6488a18337f" executionId="a7d42e5b-fe06-4c5a-8287-ad0621b5fc62" testListId="cbeed881-a720-417a-9280-cc9c47f194ad" />
    <TestEntry testId="3ba88a2a-0356-4611-ad8e-98f0ad1fdbe7" executionId="aa95cb0f-f596-4ee1-89fa-d8aebc017298" testListId="cbeed881-a720-417a-9280-cc9c47f194ad" />
    <TestEntry testId="0ad46047-b485-4f85-ac69-798a2fd42bea" executionId="ba86328d-0fda-41d7-8819-5ace127af821" testListId="cbeed881-a720-417a-9280-cc9c47f194ad" />
    <TestEntry testId="0975484b-54ca-46e7-93ee-7a2f9c5227d5" executionId="632566d0-1690-46c4-9f07-b1e4c7bb3139" testListId="cbeed881-a720-417a-9280-cc9c47f194ad" />
    <TestEntry testId="d6054541-cf3b-4465-93ac-fab6e71fac94" executionId="b9f33877-6ebf-4770-9bfb-ddfc3c750d8d" testListId="cbeed881-a720-417a-9280-cc9c47f194ad" />
    <TestEntry testId="8d1e0032-6300-4a17-8985-35d1751b1e92" executionId="dbf66fa8-0729-45f3-b4a8-ca428420115a" testListId="cbeed881-a720-417a-9280-cc9c47f194ad" />
    <TestEntry testId="14ebe72c-07d0-4efa-b264-df9e98e65798" executionId="2ffca1a4-c42a-46cb-8d25-f7168c958fd0" testListId="cbeed881-a720-417a-9280-cc9c47f194ad" />
    <TestEntry testId="5190bb0e-1f8f-45b8-a7c7-74cbd95afb75" executionId="0e7028b1-f7e4-4b91-b595-02465e6b20e1" testListId="cbeed881-a720-417a-9280-cc9c47f194ad" />
    <TestEntry testId="3e8a2e2c-5f4c-40a9-8841-8cad9a9c39d6" executionId="b68ad077-96dd-48dc-8267-11bc80052698" testListId="cbeed881-a720-417a-9280-cc9c47f194ad" />
    <TestEntry testId="296972bc-efe8-4a86-9ba3-ba14d5020cfe" executionId="27dcf322-155c-40f0-a1ec-c7ced27a50c6" testListId="cbeed881-a720-417a-9280-cc9c47f194ad" />
    <TestEntry testId="7de9e089-5850-4d2f-9cdd-637ea8891443" executionId="62b02e14-fa4c-4f99-97b0-02dd177b234c" testListId="cbeed881-a720-417a-9280-cc9c47f194ad" />
    <TestEntry testId="08002b19-439b-4f36-a6bc-bacd0c2d5e57" executionId="bca1648b-9642-4927-af05-55db0b94c52c" testListId="cbeed881-a720-417a-9280-cc9c47f194ad" />
    <TestEntry testId="78aba5f1-b5aa-47aa-848d-8ea03d0f3136" executionId="4bf153bb-991e-4524-b93d-c8e8ca61dab9" testListId="cbeed881-a720-417a-9280-cc9c47f194ad" />
    <TestEntry testId="2dd1c5d3-4dfe-46e4-8088-ad476696cc1f" executionId="d7d5be03-0ee8-44e8-892f-91e2d21ed242" testListId="cbeed881-a720-417a-9280-cc9c47f194ad" />
    <TestEntry testId="15eacc5d-045b-40c4-827a-b174467fcb29" executionId="04675a4f-f60e-4da0-8fed-dc49d24e3435" testListId="cbeed881-a720-417a-9280-cc9c47f194ad" />
    <TestEntry testId="415b0902-bb4c-4745-90fa-363cd39a5942" executionId="b3359ba9-0324-4680-baa3-029e161555d0" testListId="cbeed881-a720-417a-9280-cc9c47f194ad" />
    <TestEntry testId="bfb46d33-c250-4226-a642-6b86fb03843e" executionId="6646d4f2-2f89-4040-a485-e940796f37ff" testListId="cbeed881-a720-417a-9280-cc9c47f194ad" />
    <TestEntry testId="4a9fd43d-d1cb-4759-90b9-fe281abfd15d" executionId="3d28cb39-2b15-41ec-8cdb-a0e29f605fc9" testListId="cbeed881-a720-417a-9280-cc9c47f194ad" />
    <TestEntry testId="48442bd6-705d-4c4b-accb-4ae5d4a548a2" executionId="201f19d3-cc03-4bfa-a7db-1c7bb6b7f95f" testListId="cbeed881-a720-417a-9280-cc9c47f194ad" />
    <TestEntry testId="22f19daa-c451-448e-8325-d2e13e6220b1" executionId="4feffe79-71e3-41c6-a72f-b17c2c9f965b" testListId="cbeed881-a720-417a-9280-cc9c47f194ad" />
    <TestEntry testId="d4e9b316-9708-4c55-a825-8dd3ccd3bb30" executionId="524831b6-c172-4197-b576-da7162641d62" testListId="cbeed881-a720-417a-9280-cc9c47f194ad" />
    <TestEntry testId="3d406270-c501-4efe-b735-38ff328df7fe" executionId="161e52c7-58df-4ddc-8afb-2c9f0fac232e" testListId="cbeed881-a720-417a-9280-cc9c47f194ad" />
    <TestEntry testId="c706b8b5-8021-4092-969a-16d330de2440" executionId="39ad89f4-215a-4029-8777-6f16936bff05" testListId="cbeed881-a720-417a-9280-cc9c47f194ad" />
    <TestEntry testId="37a02d15-596d-479c-9021-451b7a6bcdc6" executionId="bc37d9ee-8cc6-4a13-a307-539a006c1ed5" testListId="cbeed881-a720-417a-9280-cc9c47f194ad" />
    <TestEntry testId="f54f0e39-f4c5-43b9-833d-240d501d9d1b" executionId="18d61b76-cd3e-49c4-aa1f-f76611ebe26a" testListId="cbeed881-a720-417a-9280-cc9c47f194ad" />
    <TestEntry testId="78a816ef-1803-41e5-a982-99e1906c9b50" executionId="d73c6413-5072-41f1-906f-c296040596a5" testListId="cbeed881-a720-417a-9280-cc9c47f194ad" />
    <TestEntry testId="ef05e0ad-af29-4450-85ae-bca4923a882d" executionId="cc292b49-539b-4fd1-9b7a-a2326dac8549" testListId="cbeed881-a720-417a-9280-cc9c47f194ad" />
    <TestEntry testId="3fd385b7-fa6a-4084-bd85-a149e5cf02f0" executionId="19cdd054-ac0c-4a8b-9d3d-ebeed2f3b7d6" testListId="cbeed881-a720-417a-9280-cc9c47f194ad" />
    <TestEntry testId="6dfc341c-f952-4e67-9bcb-107638fa086a" executionId="03ade9cb-d24a-40ed-ad35-3b0254214fb8" testListId="cbeed881-a720-417a-9280-cc9c47f194ad" />
    <TestEntry testId="aa6b12a9-8c61-4f3a-90a1-001bf74bf39f" executionId="5935d5bc-2557-4304-bc58-a9d443100385" testListId="cbeed881-a720-417a-9280-cc9c47f194ad" />
    <TestEntry testId="e0c2e4bd-fb10-4a73-9a1d-cf27dc09359f" executionId="74a9bde5-5834-48db-8842-98757a80d769" testListId="cbeed881-a720-417a-9280-cc9c47f194ad" />
    <TestEntry testId="393926e9-c6ac-4e08-a793-b9dc487550e7" executionId="17184aa5-cec6-4d5c-8ff3-18a7503bf6c5" testListId="cbeed881-a720-417a-9280-cc9c47f194ad" />
    <TestEntry testId="a3a270bd-cc89-4660-b397-9ef1c92fbd93" executionId="bf97251d-e2d1-402a-b848-43d5f48f0c3c" testListId="cbeed881-a720-417a-9280-cc9c47f194ad" />
    <TestEntry testId="e6328271-57bb-45a2-bfde-36cbffdcecbe" executionId="4a1796b7-97f1-411d-860a-de3776f344b6" testListId="cbeed881-a720-417a-9280-cc9c47f194ad" />
    <TestEntry testId="2016515a-87a5-4040-9416-e91219577adb" executionId="f0fe92b2-5951-4977-b038-b52788d75666" testListId="cbeed881-a720-417a-9280-cc9c47f194ad" />
    <TestEntry testId="2efe71ec-8b8d-4477-8499-1d74198d8046" executionId="3387e8a4-d3c4-4484-bba5-66af0621f7ff" testListId="cbeed881-a720-417a-9280-cc9c47f194ad" />
    <TestEntry testId="76960428-0d87-4114-859c-9764aa1796ed" executionId="1a546be7-ded3-4017-aacb-28f205c384db" testListId="cbeed881-a720-417a-9280-cc9c47f194ad" />
    <TestEntry testId="183c2b65-320c-4750-ab30-ee48e5a1fd6d" executionId="e11d8198-4fb7-4bf7-adb1-1fde35a0a2a5" testListId="cbeed881-a720-417a-9280-cc9c47f194ad" />
    <TestEntry testId="92189d29-045a-484e-9b19-5779cd3f8cbe" executionId="3fbece48-dbe5-4862-8af4-e94b9b2f6d3c" testListId="cbeed881-a720-417a-9280-cc9c47f194ad" />
    <TestEntry testId="8be65217-7de5-4339-a015-23542639c9a4" executionId="f5b15a39-ac77-4c90-a3e6-1a372fa177ca" testListId="cbeed881-a720-417a-9280-cc9c47f194ad" />
    <TestEntry testId="b89c53b5-4530-4e20-a957-323b97e650e8" executionId="89e0645f-98be-4836-97ec-d9bf5eb0aef5" testListId="cbeed881-a720-417a-9280-cc9c47f194ad" />
    <TestEntry testId="3afee31b-a2cf-4a0a-aa0a-e162f75d6d96" executionId="49802fdc-b471-4c5d-96aa-8f7f43e94d05" testListId="cbeed881-a720-417a-9280-cc9c47f194ad" />
    <TestEntry testId="55800314-2243-4ef4-bf25-c7c2dad7e138" executionId="a2b7708b-5b42-45d4-bd9d-c2b9982f3938" testListId="cbeed881-a720-417a-9280-cc9c47f194ad" />
    <TestEntry testId="01b9ef18-bf4e-43dc-913e-b855d6aae2f7" executionId="35ac0099-7296-4466-9c73-2db1c0fd1eaa" testListId="cbeed881-a720-417a-9280-cc9c47f194ad" />
    <TestEntry testId="5d20a602-b37f-4cf4-86f1-31aa7b47d5e8" executionId="731c2bb9-739a-424f-923e-9e1026c5876d" testListId="cbeed881-a720-417a-9280-cc9c47f194ad" />
    <TestEntry testId="5edb134a-d716-4fe3-b52e-963c1dd9b200" executionId="cf5e69e8-0907-468b-bcd9-2c295394d8c8" testListId="cbeed881-a720-417a-9280-cc9c47f194ad" />
    <TestEntry testId="22e74180-1d6a-4513-8df3-cf2fe570bb04" executionId="0ef35164-d397-4552-a4b4-27b3f9dd1ae0" testListId="cbeed881-a720-417a-9280-cc9c47f194ad" />
    <TestEntry testId="bba04947-6a13-4707-830d-e111ce7a8fab" executionId="c187cbe9-8e8d-48dc-8438-5b375a730e75" testListId="cbeed881-a720-417a-9280-cc9c47f194ad" />
    <TestEntry testId="91ef9562-1819-4656-aa18-a829967ca3e4" executionId="aaeebca8-b2b9-43ad-b61c-1968d1d48dab" testListId="cbeed881-a720-417a-9280-cc9c47f194ad" />
    <TestEntry testId="0592a7ac-d91b-47c7-840e-8886654002ff" executionId="c9eb81bc-5c83-4075-8403-f1d8cf4c5165" testListId="cbeed881-a720-417a-9280-cc9c47f194ad" />
    <TestEntry testId="2475e2c8-17c7-4dfb-ac55-d946ef111bbb" executionId="dfff73e1-43d0-400a-a466-313018d3fcca" testListId="cbeed881-a720-417a-9280-cc9c47f194ad" />
    <TestEntry testId="84a22ec1-7a4d-4680-9f70-2708128b5774" executionId="2cf78581-fa76-41d4-a11b-96e8428d588e" testListId="cbeed881-a720-417a-9280-cc9c47f194ad" />
    <TestEntry testId="25faec64-d6c5-4450-ab8f-0404b2a94f3c" executionId="6a03f17d-7af5-424d-b974-9db2c31c4d0b" testListId="cbeed881-a720-417a-9280-cc9c47f194ad" />
    <TestEntry testId="ef1459bb-3e7e-4c70-a53c-3da6e1715a5f" executionId="d596b78b-78bb-4359-8ba4-d09c0843bcaf" testListId="cbeed881-a720-417a-9280-cc9c47f194ad" />
    <TestEntry testId="d7a5b8c5-3c0f-4847-97c3-962db332185b" executionId="39e3332f-fffa-4cb2-bdfd-4009467ce5db" testListId="cbeed881-a720-417a-9280-cc9c47f194ad" />
    <TestEntry testId="cd83f568-41a6-4451-b230-9032d487860c" executionId="82f3c7bd-12df-4e64-9d9b-edc1beedd0cd" testListId="cbeed881-a720-417a-9280-cc9c47f194ad" />
    <TestEntry testId="d9b6b2ed-405f-4bb2-bb69-563ed8aae228" executionId="a0b71042-d86c-4823-abcd-a7960af97340" testListId="cbeed881-a720-417a-9280-cc9c47f194ad" />
    <TestEntry testId="fbf9c52b-d246-4e5f-95ce-007de0470692" executionId="7a4415e8-2a5b-4431-9660-a9eeb49e41a5" testListId="cbeed881-a720-417a-9280-cc9c47f194ad" />
    <TestEntry testId="fe46f7e7-c21d-4921-9b3e-d00333487617" executionId="144a961c-11c9-4b7e-a243-20e920c9ea55" testListId="cbeed881-a720-417a-9280-cc9c47f194ad" />
    <TestEntry testId="194857de-d0d3-42ec-a9a8-0557068dd79c" executionId="ee8f718e-bfd9-4f17-9e0f-ee0b4f8eab66" testListId="cbeed881-a720-417a-9280-cc9c47f194ad" />
    <TestEntry testId="e8dcc1fa-b19f-4867-a1c4-2f49cb36ebbe" executionId="1cbb7d52-f657-4f4f-b1e6-c7a47d1fa8e7" testListId="cbeed881-a720-417a-9280-cc9c47f194ad" />
    <TestEntry testId="7055ba5e-d821-42d5-8ab7-d7c218bf2278" executionId="589375b5-b168-45d3-a334-945d489fd2a7" testListId="cbeed881-a720-417a-9280-cc9c47f194ad" />
    <TestEntry testId="d5070305-bbe3-40a4-a4ae-f70c9d6e6caf" executionId="f841aa66-3daf-4c64-b323-9c5fb126fc76" testListId="cbeed881-a720-417a-9280-cc9c47f194ad" />
    <TestEntry testId="0d9d958c-cfc6-4b3e-9520-005253b99f1b" executionId="806af86a-3f84-4a39-b061-f7cc9d6b20a6" testListId="cbeed881-a720-417a-9280-cc9c47f194ad" />
    <TestEntry testId="c009a701-f1f4-4516-8155-f3388372d6e9" executionId="8a45a301-b070-4324-91fd-b7b3c8da555b" testListId="cbeed881-a720-417a-9280-cc9c47f194ad" />
    <TestEntry testId="07181c0a-ef3f-4f5a-9f18-aafc17885356" executionId="47ac4102-086a-4a6f-bd83-ec886f5b8c95" testListId="cbeed881-a720-417a-9280-cc9c47f194ad" />
    <TestEntry testId="4e7ab418-2cb4-484b-bfab-97441ffada28" executionId="f7bce182-761d-4b56-a1bd-729845e6d787" testListId="cbeed881-a720-417a-9280-cc9c47f194ad" />
    <TestEntry testId="f7286a8f-db0b-43f1-9f97-2f8b22f40a73" executionId="6c5fa6f0-530f-460e-b7e0-3ee5f5465419" testListId="cbeed881-a720-417a-9280-cc9c47f194ad" />
    <TestEntry testId="af50a960-7569-41a9-a51a-423db15809eb" executionId="7a71049b-748f-4511-8f1b-c1fdb92266d9" testListId="cbeed881-a720-417a-9280-cc9c47f194ad" />
    <TestEntry testId="54802544-b0a4-41f7-8fa5-bf0371af989c" executionId="03350b62-3c1a-42ca-a9af-6f315d9e1fd1" testListId="cbeed881-a720-417a-9280-cc9c47f194ad" />
    <TestEntry testId="3856e983-7c40-4deb-a485-8dd8a3e64ec3" executionId="bca0879a-6c14-4845-8e9a-34e5da5b34cd" testListId="cbeed881-a720-417a-9280-cc9c47f194ad" />
    <TestEntry testId="a018d8f5-206f-48a1-8c5c-5ac5dcf5f687" executionId="c837bdb8-7826-4044-93d0-105973567bc0" testListId="cbeed881-a720-417a-9280-cc9c47f194ad" />
    <TestEntry testId="b3445126-37b9-4a96-9e33-3f9241596de1" executionId="a45db7d0-be87-4043-8b8f-9b0f4a1275ac" testListId="cbeed881-a720-417a-9280-cc9c47f194ad" />
    <TestEntry testId="ff6c1139-e09f-4c57-8314-64ae85ad48e2" executionId="3dbd899d-d322-4df4-b7a7-4889f928fec2" testListId="cbeed881-a720-417a-9280-cc9c47f194ad" />
    <TestEntry testId="371f3659-e995-4189-bc0a-6ba16c1a0c59" executionId="27dade7b-fedd-458a-80a7-9d8e444a2438" testListId="cbeed881-a720-417a-9280-cc9c47f194ad" />
    <TestEntry testId="4e3853ce-3a49-4622-abc8-6e0026becfe4" executionId="86f14e48-5ec5-478b-8513-035520c9b506" testListId="cbeed881-a720-417a-9280-cc9c47f194ad" />
    <TestEntry testId="52f55b20-aa2a-46a1-b317-7bc5f51ee63b" executionId="8a399c03-aa73-41b5-9b37-998b0b0397d5" testListId="cbeed881-a720-417a-9280-cc9c47f194ad" />
    <TestEntry testId="a7120f5a-3373-461c-a767-f6cee0c8c0c3" executionId="515d1836-e7df-4a34-85a2-6062771c9a5d" testListId="cbeed881-a720-417a-9280-cc9c47f194ad" />
    <TestEntry testId="7f98d8c7-c483-4607-b7ad-58d365581c20" executionId="228bff1d-6557-47cc-bcc7-5534a9eaacb5" testListId="cbeed881-a720-417a-9280-cc9c47f194ad" />
    <TestEntry testId="952738a0-00bb-4c05-bc08-aba5fe72f3e7" executionId="f5af0cec-8ad7-49f1-94e7-d78600ab0159" testListId="cbeed881-a720-417a-9280-cc9c47f194ad" />
    <TestEntry testId="a7a6deb2-a4de-4b4b-b195-5c312f74a986" executionId="4057ee2a-a2bd-456e-96ea-264d9a03bc19" testListId="cbeed881-a720-417a-9280-cc9c47f194ad" />
    <TestEntry testId="2f60cb27-03b0-43aa-a883-63ca794c30a0" executionId="6c9effa4-8bf7-41d3-9254-063096bc0770" testListId="cbeed881-a720-417a-9280-cc9c47f194ad" />
    <TestEntry testId="ad56bb9d-e87c-4322-a1a4-b7a5a8df9eeb" executionId="567f459b-5a7f-40da-a4cc-819d5eefe69a" testListId="cbeed881-a720-417a-9280-cc9c47f194ad" />
    <TestEntry testId="0028c4ed-1bd3-4989-897e-39f6a3dbb6df" executionId="85770343-3bbd-4185-a219-00502743a215" testListId="cbeed881-a720-417a-9280-cc9c47f194ad" />
    <TestEntry testId="6e700f54-8984-467e-bf59-691e0764ab05" executionId="6fd72ba6-d68c-46e5-836a-663bf91602c3" testListId="cbeed881-a720-417a-9280-cc9c47f194ad" />
    <TestEntry testId="c0d43fe3-b1e4-4001-9d1e-c1bac88dd188" executionId="27e7e655-ba59-4100-8982-83edc9328fe2" testListId="cbeed881-a720-417a-9280-cc9c47f194ad" />
    <TestEntry testId="af929454-dcb0-418b-91cc-f23ed02e0692" executionId="07847299-f76f-4fee-88c5-c4d7d59a53c5" testListId="cbeed881-a720-417a-9280-cc9c47f194ad" />
    <TestEntry testId="b0cf99f9-d446-43a1-ae66-4d0e84c3666a" executionId="695af378-c984-4249-ad1a-0c2fd906e3f1" testListId="cbeed881-a720-417a-9280-cc9c47f194ad" />
    <TestEntry testId="7197b4d6-dc36-485b-ab65-eaf68825b0f2" executionId="e8eaaa2c-360c-4770-bf08-632bb33adce3" testListId="cbeed881-a720-417a-9280-cc9c47f194ad" />
    <TestEntry testId="ea2fe592-2ba2-4b9f-bdbd-227953585c80" executionId="12f82843-42c3-4a72-9c4a-8b225f8f5d4d" testListId="cbeed881-a720-417a-9280-cc9c47f194ad" />
    <TestEntry testId="e7245fdb-e250-4d84-bd6f-cdb7ad04b865" executionId="810c5793-53ec-4bca-93e4-4db12d2e0e0f" testListId="cbeed881-a720-417a-9280-cc9c47f194ad" />
    <TestEntry testId="0c219256-a0a1-479f-8f62-ca762379c11c" executionId="419bae1a-1a5b-492f-a37b-dc512d53e966" testListId="cbeed881-a720-417a-9280-cc9c47f194ad" />
  </TestEntries>
  <TestLists>
    <TestList name="Results Not in a List" id="cbeed881-a720-417a-9280-cc9c47f194ad" />
    <TestList name="All Loaded Results" id="add84f2a-84d4-4ba6-a68f-8a8b7b21ddf9" />
  </TestLists>
</TestRun>