<?xml version="1.0" encoding="UTF-8"?>
<TestRun id="94289e14-d68d-41da-83f1-4ba05c1e2899" name="Test Run 19" runUser="Oles Galatsan" xmlns="http://microsoft.com/schemas/VisualStudio/TeamTest/2010">
  <Times creation="2025-05-14T13:20:31.3125482Z" queuing="2025-05-14T13:20:31.3125482Z" start="2025-05-14T13:20:31.3146610Z" finish="2025-05-14T13:25:31.3147553Z" />
  <TestSettings name="Test Settings 19" id="e233213b-ab80-427e-89ef-65c950ccb1eb" />
  <Results>
    <UnitTestResult executionId="95c06233-5ad6-4e42-8d8f-fb995e1909a6" testId="31db5f45-82e5-4b8b-9a5b-a544516a7ed6" testName="Test1801" computerName="UA-LPT-OGA2" duration="00:00:01.1850000" startTime="2025-05-14T13:20:31.3146610Z" endTime="2025-05-14T13:25:31.3147553Z" testType="13cdc9d9-ddb5-4fa4-a97d-d965ccfc6d4b" outcome="Passed" testListId="36c4c6c2-2db1-4300-97d3-e92adf982bc6" />
    <UnitTestResult executionId="cd8ab69d-b719-4fe4-8f08-92c4bb45915a" testId="b4bff73a-c212-43ac-ade0-67c918e63137" testName="Test1802" computerName="UA-LPT-OGA2" duration="00:00:01.3080000" startTime="2025-05-14T13:20:31.3146610Z" endTime="2025-05-14T13:25:31.3147553Z" testType="13cdc9d9-ddb5-4fa4-a97d-d965ccfc6d4b" outcome="Failed" testListId="36c4c6c2-2db1-4300-97d3-e92adf982bc6">
      <Output>
        <ErrorInfo>
          <Message>Assertion failed: Expected value did not match actual value.</Message>
          <StackTrace>   at TestNamespace.TestClass.Test() in TestClass.cs:line 175</StackTrace>
        </ErrorInfo>
      </Output>
    </UnitTestResult>
    <UnitTestResult executionId="ed79dbaf-f283-499d-a609-2935f97df263" testId="267598a1-bba4-4dc0-9ba2-89d22ec48db9" testName="Test1803" computerName="UA-LPT-OGA2" duration="00:00:00.4040000" startTime="2025-05-14T13:20:31.3146610Z" endTime="2025-05-14T13:25:31.3147553Z" testType="13cdc9d9-ddb5-4fa4-a97d-d965ccfc6d4b" outcome="Passed" testListId="36c4c6c2-2db1-4300-97d3-e92adf982bc6" />
    <UnitTestResult executionId="b9b80b08-5342-446f-a9e7-960e86477a69" testId="71b825d6-b74e-4965-bb55-f3bf3e764964" testName="Test1804" computerName="UA-LPT-OGA2" duration="00:00:01.5780000" startTime="2025-05-14T13:20:31.3146610Z" endTime="2025-05-14T13:25:31.3147553Z" testType="13cdc9d9-ddb5-4fa4-a97d-d965ccfc6d4b" outcome="Passed" testListId="36c4c6c2-2db1-4300-97d3-e92adf982bc6" />
    <UnitTestResult executionId="bf0a33de-88c1-4235-acef-16405b67bc3f" testId="2ca4e1f1-6eea-49a1-98c6-a9db68a2e6ba" testName="Test1805" computerName="UA-LPT-OGA2" duration="00:00:00.8490000" startTime="2025-05-14T13:20:31.3146610Z" endTime="2025-05-14T13:25:31.3147553Z" testType="13cdc9d9-ddb5-4fa4-a97d-d965ccfc6d4b" outcome="Passed" testListId="36c4c6c2-2db1-4300-97d3-e92adf982bc6" />
    <UnitTestResult executionId="360d2a0c-1000-4d9d-8e75-ab842e0df0a2" testId="cdf8c0b0-6a10-4876-8fd4-a6e7138273f9" testName="Test1806" computerName="UA-LPT-OGA2" duration="00:00:01.4830000" startTime="2025-05-14T13:20:31.3146610Z" endTime="2025-05-14T13:25:31.3147553Z" testType="13cdc9d9-ddb5-4fa4-a97d-d965ccfc6d4b" outcome="Passed" testListId="36c4c6c2-2db1-4300-97d3-e92adf982bc6" />
    <UnitTestResult executionId="aece43ce-bd5f-4746-8a7a-8fa35b454212" testId="a6a357c7-a1f3-4f20-8160-9cd90adc52fb" testName="Test1807" computerName="UA-LPT-OGA2" duration="00:00:00.8860000" startTime="2025-05-14T13:20:31.3146610Z" endTime="2025-05-14T13:25:31.3147553Z" testType="13cdc9d9-ddb5-4fa4-a97d-d965ccfc6d4b" outcome="Passed" testListId="36c4c6c2-2db1-4300-97d3-e92adf982bc6" />
    <UnitTestResult executionId="c865fba2-1031-4408-b1fc-e00d57ef234a" testId="a7ab7f96-ae56-4499-a404-4a03906df245" testName="Test1808" computerName="UA-LPT-OGA2" duration="00:00:00.5610000" startTime="2025-05-14T13:20:31.3146610Z" endTime="2025-05-14T13:25:31.3147553Z" testType="13cdc9d9-ddb5-4fa4-a97d-d965ccfc6d4b" outcome="Passed" testListId="36c4c6c2-2db1-4300-97d3-e92adf982bc6" />
    <UnitTestResult executionId="c21d55cb-fa5e-48a7-a848-62322c243fb9" testId="86f81574-055b-4965-af09-a4a65243ed4c" testName="Test1809" computerName="UA-LPT-OGA2" duration="00:00:00.1170000" startTime="2025-05-14T13:20:31.3146610Z" endTime="2025-05-14T13:25:31.3147553Z" testType="13cdc9d9-ddb5-4fa4-a97d-d965ccfc6d4b" outcome="Passed" testListId="36c4c6c2-2db1-4300-97d3-e92adf982bc6" />
    <UnitTestResult executionId="55edbb9d-0243-4052-94b3-e02c29f2030b" testId="7ff6eec6-835a-4806-a3bc-983256a2280b" testName="Test1810" computerName="UA-LPT-OGA2" duration="00:00:00.6460000" startTime="2025-05-14T13:20:31.3146610Z" endTime="2025-05-14T13:25:31.3147553Z" testType="13cdc9d9-ddb5-4fa4-a97d-d965ccfc6d4b" outcome="Passed" testListId="36c4c6c2-2db1-4300-97d3-e92adf982bc6" />
    <UnitTestResult executionId="b4e0dc45-8330-49af-a2b5-91ee543c9fc7" testId="7834d0f2-7849-447b-8423-00182263ea13" testName="Test1811" computerName="UA-LPT-OGA2" duration="00:00:01.2820000" startTime="2025-05-14T13:20:31.3146610Z" endTime="2025-05-14T13:25:31.3147553Z" testType="13cdc9d9-ddb5-4fa4-a97d-d965ccfc6d4b" outcome="Failed" testListId="36c4c6c2-2db1-4300-97d3-e92adf982bc6">
      <Output>
        <ErrorInfo>
          <Message>Assertion failed: Expected value did not match actual value.</Message>
          <StackTrace>   at TestNamespace.TestClass.Test() in TestClass.cs:line 178</StackTrace>
        </ErrorInfo>
      </Output>
    </UnitTestResult>
    <UnitTestResult executionId="47d3b081-b6d2-4611-96a5-f27a3d713b5d" testId="ce165f65-705b-43be-9fea-7d7446a72362" testName="Test1812" computerName="UA-LPT-OGA2" duration="00:00:00.7680000" startTime="2025-05-14T13:20:31.3146610Z" endTime="2025-05-14T13:25:31.3147553Z" testType="13cdc9d9-ddb5-4fa4-a97d-d965ccfc6d4b" outcome="Passed" testListId="36c4c6c2-2db1-4300-97d3-e92adf982bc6" />
    <UnitTestResult executionId="36739819-78b4-4190-a340-1aa83cff2350" testId="5f395658-b93b-421a-8d67-f92c9667d1d7" testName="Test1813" computerName="UA-LPT-OGA2" duration="00:00:01.1690000" startTime="2025-05-14T13:20:31.3146610Z" endTime="2025-05-14T13:25:31.3147553Z" testType="13cdc9d9-ddb5-4fa4-a97d-d965ccfc6d4b" outcome="Passed" testListId="36c4c6c2-2db1-4300-97d3-e92adf982bc6" />
    <UnitTestResult executionId="425af42b-0f70-4ab7-837c-7791fed5fa11" testId="b6561bad-f50b-4f04-b545-332b79fb8df9" testName="Test1814" computerName="UA-LPT-OGA2" duration="00:00:01.5470000" startTime="2025-05-14T13:20:31.3146610Z" endTime="2025-05-14T13:25:31.3147553Z" testType="13cdc9d9-ddb5-4fa4-a97d-d965ccfc6d4b" outcome="Passed" testListId="36c4c6c2-2db1-4300-97d3-e92adf982bc6" />
    <UnitTestResult executionId="40a7f52e-441c-413e-b9e8-4cc9e071b92d" testId="e9a993f7-0d6f-4152-a12e-0ef46f601fc6" testName="Test1815" computerName="UA-LPT-OGA2" duration="00:00:01.3040000" startTime="2025-05-14T13:20:31.3146610Z" endTime="2025-05-14T13:25:31.3147553Z" testType="13cdc9d9-ddb5-4fa4-a97d-d965ccfc6d4b" outcome="Passed" testListId="36c4c6c2-2db1-4300-97d3-e92adf982bc6" />
    <UnitTestResult executionId="190abbf0-57e9-441f-af4b-3c3b8dfa61b2" testId="5ee998d8-bb6e-45fc-a78a-fc8ed7db6b14" testName="Test1816" computerName="UA-LPT-OGA2" duration="00:00:01.7310000" startTime="2025-05-14T13:20:31.3146610Z" endTime="2025-05-14T13:25:31.3147553Z" testType="13cdc9d9-ddb5-4fa4-a97d-d965ccfc6d4b" outcome="Passed" testListId="36c4c6c2-2db1-4300-97d3-e92adf982bc6" />
    <UnitTestResult executionId="6c3ae723-8536-4859-95d4-07e601dfc9d9" testId="5d518603-684f-481f-aeba-9125dd1e3f97" testName="Test1817" computerName="UA-LPT-OGA2" duration="00:00:00.9920000" startTime="2025-05-14T13:20:31.3146610Z" endTime="2025-05-14T13:25:31.3147553Z" testType="13cdc9d9-ddb5-4fa4-a97d-d965ccfc6d4b" outcome="Passed" testListId="36c4c6c2-2db1-4300-97d3-e92adf982bc6" />
    <UnitTestResult executionId="063b511c-c723-4f62-aac9-de9b0e086b93" testId="b071578c-ac84-4bf7-b5e3-74e8e91e30a5" testName="Test1818" computerName="UA-LPT-OGA2" duration="00:00:01.5630000" startTime="2025-05-14T13:20:31.3146610Z" endTime="2025-05-14T13:25:31.3147553Z" testType="13cdc9d9-ddb5-4fa4-a97d-d965ccfc6d4b" outcome="Passed" testListId="36c4c6c2-2db1-4300-97d3-e92adf982bc6" />
    <UnitTestResult executionId="b4af53f8-db45-44fb-b6f4-92cb795d99b7" testId="c82fc2d1-e482-466c-a910-034944066505" testName="Test1819" computerName="UA-LPT-OGA2" duration="00:00:01.9170000" startTime="2025-05-14T13:20:31.3146610Z" endTime="2025-05-14T13:25:31.3147553Z" testType="13cdc9d9-ddb5-4fa4-a97d-d965ccfc6d4b" outcome="Failed" testListId="36c4c6c2-2db1-4300-97d3-e92adf982bc6">
      <Output>
        <ErrorInfo>
          <Message>Assertion failed: Expected value did not match actual value.</Message>
          <StackTrace>   at TestNamespace.TestClass.Test() in TestClass.cs:line 426</StackTrace>
        </ErrorInfo>
      </Output>
    </UnitTestResult>
    <UnitTestResult executionId="64dff35c-b616-44be-8c15-d5ddd4569b64" testId="a0bf1e8c-77e1-4e64-a786-c91335629f12" testName="Test1820" computerName="UA-LPT-OGA2" duration="00:00:00.0190000" startTime="2025-05-14T13:20:31.3146610Z" endTime="2025-05-14T13:25:31.3147553Z" testType="13cdc9d9-ddb5-4fa4-a97d-d965ccfc6d4b" outcome="Passed" testListId="36c4c6c2-2db1-4300-97d3-e92adf982bc6" />
    <UnitTestResult executionId="ed72f821-e25c-4d13-bef8-ecaa9497507a" testId="db91b4d4-218a-41b6-9840-855ad5b17bfa" testName="Test1821" computerName="UA-LPT-OGA2" duration="00:00:00.8250000" startTime="2025-05-14T13:20:31.3146610Z" endTime="2025-05-14T13:25:31.3147553Z" testType="13cdc9d9-ddb5-4fa4-a97d-d965ccfc6d4b" outcome="Passed" testListId="36c4c6c2-2db1-4300-97d3-e92adf982bc6" />
    <UnitTestResult executionId="3fa84733-90f1-42f0-8bd9-0262892f6927" testId="1b43e4eb-532e-4d9c-9c99-df0429a6987c" testName="Test1822" computerName="UA-LPT-OGA2" duration="00:00:00.7800000" startTime="2025-05-14T13:20:31.3146610Z" endTime="2025-05-14T13:25:31.3147553Z" testType="13cdc9d9-ddb5-4fa4-a97d-d965ccfc6d4b" outcome="Passed" testListId="36c4c6c2-2db1-4300-97d3-e92adf982bc6" />
    <UnitTestResult executionId="ddbceb18-3ab8-4155-8400-b3fcdd28ee21" testId="77afaf82-61e5-4a0d-9c79-ccc338299a0f" testName="Test1823" computerName="UA-LPT-OGA2" duration="00:00:00.0430000" startTime="2025-05-14T13:20:31.3146610Z" endTime="2025-05-14T13:25:31.3147553Z" testType="13cdc9d9-ddb5-4fa4-a97d-d965ccfc6d4b" outcome="Passed" testListId="36c4c6c2-2db1-4300-97d3-e92adf982bc6" />
    <UnitTestResult executionId="fcd2c00e-449c-4d51-9129-3a64caa8e0c1" testId="a5b3312c-ce3e-4f52-bd04-b319c7ff28ad" testName="Test1824" computerName="UA-LPT-OGA2" duration="00:00:01.5220000" startTime="2025-05-14T13:20:31.3146610Z" endTime="2025-05-14T13:25:31.3147553Z" testType="13cdc9d9-ddb5-4fa4-a97d-d965ccfc6d4b" outcome="Passed" testListId="36c4c6c2-2db1-4300-97d3-e92adf982bc6" />
    <UnitTestResult executionId="4577f914-1d43-4ef5-9fe2-ddaf45012ec3" testId="f3ed2e14-970a-4c35-afea-b366f0b5653e" testName="Test1825" computerName="UA-LPT-OGA2" duration="00:00:01.4690000" startTime="2025-05-14T13:20:31.3146610Z" endTime="2025-05-14T13:25:31.3147553Z" testType="13cdc9d9-ddb5-4fa4-a97d-d965ccfc6d4b" outcome="Passed" testListId="36c4c6c2-2db1-4300-97d3-e92adf982bc6" />
    <UnitTestResult executionId="b7e0d010-fd7c-4490-8043-e3f52a9b87c1" testId="e267e2f1-116d-4134-8227-6b2c1371e800" testName="Test1826" computerName="UA-LPT-OGA2" duration="00:00:00.3480000" startTime="2025-05-14T13:20:31.3146610Z" endTime="2025-05-14T13:25:31.3147553Z" testType="13cdc9d9-ddb5-4fa4-a97d-d965ccfc6d4b" outcome="Failed" testListId="36c4c6c2-2db1-4300-97d3-e92adf982bc6">
      <Output>
        <ErrorInfo>
          <Message>Assertion failed: Expected value did not match actual value.</Message>
          <StackTrace>   at TestNamespace.TestClass.Test() in TestClass.cs:line 185</StackTrace>
        </ErrorInfo>
      </Output>
    </UnitTestResult>
    <UnitTestResult executionId="37d55769-c107-4f31-b4cd-9e26c55f6f1e" testId="8a04ec0e-f62e-460a-bcd1-3a09661fbd13" testName="Test1827" computerName="UA-LPT-OGA2" duration="00:00:00.3300000" startTime="2025-05-14T13:20:31.3146610Z" endTime="2025-05-14T13:25:31.3147553Z" testType="13cdc9d9-ddb5-4fa4-a97d-d965ccfc6d4b" outcome="Passed" testListId="36c4c6c2-2db1-4300-97d3-e92adf982bc6" />
    <UnitTestResult executionId="4ccf215a-9595-45c4-b7d2-8a6195e2b835" testId="0b18b700-a708-4546-b234-e07d975c982d" testName="Test1828" computerName="UA-LPT-OGA2" duration="00:00:01.6420000" startTime="2025-05-14T13:20:31.3146610Z" endTime="2025-05-14T13:25:31.3147553Z" testType="13cdc9d9-ddb5-4fa4-a97d-d965ccfc6d4b" outcome="Passed" testListId="36c4c6c2-2db1-4300-97d3-e92adf982bc6" />
    <UnitTestResult executionId="a970a86a-129c-4f8b-a423-ac66b83db3f0" testId="8e024e0c-8318-444b-a19a-b18c6005436e" testName="Test1829" computerName="UA-LPT-OGA2" duration="00:00:00.6860000" startTime="2025-05-14T13:20:31.3146610Z" endTime="2025-05-14T13:25:31.3147553Z" testType="13cdc9d9-ddb5-4fa4-a97d-d965ccfc6d4b" outcome="Passed" testListId="36c4c6c2-2db1-4300-97d3-e92adf982bc6" />
    <UnitTestResult executionId="cc8d512e-e8b7-4a29-858e-a48cf025431c" testId="66d6f765-b0a8-464a-a172-6f3ff4450dc7" testName="Test1830" computerName="UA-LPT-OGA2" duration="00:00:01.6590000" startTime="2025-05-14T13:20:31.3146610Z" endTime="2025-05-14T13:25:31.3147553Z" testType="13cdc9d9-ddb5-4fa4-a97d-d965ccfc6d4b" outcome="Passed" testListId="36c4c6c2-2db1-4300-97d3-e92adf982bc6" />
    <UnitTestResult executionId="312ba2a8-890a-4f6d-a894-ee0d493cc6ff" testId="a7e49baf-5b99-40b2-9115-993375a41f8b" testName="Test1831" computerName="UA-LPT-OGA2" duration="00:00:00.8700000" startTime="2025-05-14T13:20:31.3146610Z" endTime="2025-05-14T13:25:31.3147553Z" testType="13cdc9d9-ddb5-4fa4-a97d-d965ccfc6d4b" outcome="Passed" testListId="36c4c6c2-2db1-4300-97d3-e92adf982bc6" />
    <UnitTestResult executionId="88fabd8a-de30-49ea-859f-0048c3e5372d" testId="4e91ffb8-cee4-4dbc-a260-aa6a43d42052" testName="Test1832" computerName="UA-LPT-OGA2" duration="00:00:00.7080000" startTime="2025-05-14T13:20:31.3146610Z" endTime="2025-05-14T13:25:31.3147553Z" testType="13cdc9d9-ddb5-4fa4-a97d-d965ccfc6d4b" outcome="Passed" testListId="36c4c6c2-2db1-4300-97d3-e92adf982bc6" />
    <UnitTestResult executionId="28d00c70-ba39-40bf-b12b-6a32a3519c06" testId="37ac8664-cae7-488d-bd81-eaf231594ad0" testName="Test1833" computerName="UA-LPT-OGA2" duration="00:00:00.4780000" startTime="2025-05-14T13:20:31.3146610Z" endTime="2025-05-14T13:25:31.3147553Z" testType="13cdc9d9-ddb5-4fa4-a97d-d965ccfc6d4b" outcome="Passed" testListId="36c4c6c2-2db1-4300-97d3-e92adf982bc6" />
    <UnitTestResult executionId="7d7c7f21-6f61-479a-a862-993c897d875d" testId="3ad91b0f-c85f-4293-83f7-be5cb3d5c4b3" testName="Test1834" computerName="UA-LPT-OGA2" duration="00:00:00.1660000" startTime="2025-05-14T13:20:31.3146610Z" endTime="2025-05-14T13:25:31.3147553Z" testType="13cdc9d9-ddb5-4fa4-a97d-d965ccfc6d4b" outcome="Passed" testListId="36c4c6c2-2db1-4300-97d3-e92adf982bc6" />
    <UnitTestResult executionId="37c6497d-1219-4890-8e57-334e19d16184" testId="744d076a-8467-4761-83d0-0484b7a83b9d" testName="Test1835" computerName="UA-LPT-OGA2" duration="00:00:01.7600000" startTime="2025-05-14T13:20:31.3146610Z" endTime="2025-05-14T13:25:31.3147553Z" testType="13cdc9d9-ddb5-4fa4-a97d-d965ccfc6d4b" outcome="Passed" testListId="36c4c6c2-2db1-4300-97d3-e92adf982bc6" />
    <UnitTestResult executionId="c5834809-149a-469f-8812-5c86a3e799a0" testId="3a07f0e0-4b0f-45fe-83ae-a744d7a2e1a3" testName="Test1836" computerName="UA-LPT-OGA2" duration="00:00:00.1800000" startTime="2025-05-14T13:20:31.3146610Z" endTime="2025-05-14T13:25:31.3147553Z" testType="13cdc9d9-ddb5-4fa4-a97d-d965ccfc6d4b" outcome="Passed" testListId="36c4c6c2-2db1-4300-97d3-e92adf982bc6" />
    <UnitTestResult executionId="fae24945-f554-473b-9eef-c44ed1e4e245" testId="3341a834-caa6-4d7c-a2e6-8a59fc20277b" testName="Test1837" computerName="UA-LPT-OGA2" duration="00:00:01.9330000" startTime="2025-05-14T13:20:31.3146610Z" endTime="2025-05-14T13:25:31.3147553Z" testType="13cdc9d9-ddb5-4fa4-a97d-d965ccfc6d4b" outcome="Passed" testListId="36c4c6c2-2db1-4300-97d3-e92adf982bc6" />
    <UnitTestResult executionId="f443cc19-6348-4143-8dae-428672212990" testId="8aaa5b33-d19d-4cc1-a8a5-294531693402" testName="Test1838" computerName="UA-LPT-OGA2" duration="00:00:01.0820000" startTime="2025-05-14T13:20:31.3146610Z" endTime="2025-05-14T13:25:31.3147553Z" testType="13cdc9d9-ddb5-4fa4-a97d-d965ccfc6d4b" outcome="Passed" testListId="36c4c6c2-2db1-4300-97d3-e92adf982bc6" />
    <UnitTestResult executionId="f0a93e8d-bdf6-4a29-a17d-63f2e50a94aa" testId="fe8f8d08-8af6-4581-9f32-305c3c955179" testName="Test1839" computerName="UA-LPT-OGA2" duration="00:00:01.7120000" startTime="2025-05-14T13:20:31.3146610Z" endTime="2025-05-14T13:25:31.3147553Z" testType="13cdc9d9-ddb5-4fa4-a97d-d965ccfc6d4b" outcome="Passed" testListId="36c4c6c2-2db1-4300-97d3-e92adf982bc6" />
    <UnitTestResult executionId="e0de396b-08dd-4aeb-be21-d879d160359c" testId="68f42ce2-0284-4772-a4fc-740541adaad6" testName="Test1840" computerName="UA-LPT-OGA2" duration="00:00:00.5000000" startTime="2025-05-14T13:20:31.3146610Z" endTime="2025-05-14T13:25:31.3147553Z" testType="13cdc9d9-ddb5-4fa4-a97d-d965ccfc6d4b" outcome="Passed" testListId="36c4c6c2-2db1-4300-97d3-e92adf982bc6" />
    <UnitTestResult executionId="70abc9d7-612e-4d41-8a42-873200bfde6d" testId="8dedfdfd-bf64-4afd-93e7-292f7afe8a1d" testName="Test1841" computerName="UA-LPT-OGA2" duration="00:00:00.4770000" startTime="2025-05-14T13:20:31.3146610Z" endTime="2025-05-14T13:25:31.3147553Z" testType="13cdc9d9-ddb5-4fa4-a97d-d965ccfc6d4b" outcome="Passed" testListId="36c4c6c2-2db1-4300-97d3-e92adf982bc6" />
    <UnitTestResult executionId="c986cc84-7d4e-4789-8c96-13b725142083" testId="436644ee-bd89-4fdd-8be1-3fa0dc3136de" testName="Test1842" computerName="UA-LPT-OGA2" duration="00:00:00.1590000" startTime="2025-05-14T13:20:31.3146610Z" endTime="2025-05-14T13:25:31.3147553Z" testType="13cdc9d9-ddb5-4fa4-a97d-d965ccfc6d4b" outcome="Passed" testListId="36c4c6c2-2db1-4300-97d3-e92adf982bc6" />
    <UnitTestResult executionId="15e6735e-5c19-454e-8900-5373485e3530" testId="82295bf3-e614-4ed9-82da-1bd817b84ef7" testName="Test1843" computerName="UA-LPT-OGA2" duration="00:00:00.2480000" startTime="2025-05-14T13:20:31.3146610Z" endTime="2025-05-14T13:25:31.3147553Z" testType="13cdc9d9-ddb5-4fa4-a97d-d965ccfc6d4b" outcome="Passed" testListId="36c4c6c2-2db1-4300-97d3-e92adf982bc6" />
    <UnitTestResult executionId="78ab73b1-8d2f-4479-8c9a-505cad0228c9" testId="650babd1-e65d-40dd-a5b1-ad9369020612" testName="Test1844" computerName="UA-LPT-OGA2" duration="00:00:00.8460000" startTime="2025-05-14T13:20:31.3146610Z" endTime="2025-05-14T13:25:31.3147553Z" testType="13cdc9d9-ddb5-4fa4-a97d-d965ccfc6d4b" outcome="Passed" testListId="36c4c6c2-2db1-4300-97d3-e92adf982bc6" />
    <UnitTestResult executionId="389140fc-44ba-4389-9faf-f8b542fb250e" testId="2eea9394-7d88-48d8-baf9-da56d50d576e" testName="Test1845" computerName="UA-LPT-OGA2" duration="00:00:01.9150000" startTime="2025-05-14T13:20:31.3146610Z" endTime="2025-05-14T13:25:31.3147553Z" testType="13cdc9d9-ddb5-4fa4-a97d-d965ccfc6d4b" outcome="Passed" testListId="36c4c6c2-2db1-4300-97d3-e92adf982bc6" />
    <UnitTestResult executionId="d53e8925-b8fe-424c-8850-1044eb483da1" testId="1db3e45f-4e7c-4549-ada8-76d2846367d1" testName="Test1846" computerName="UA-LPT-OGA2" duration="00:00:01.1120000" startTime="2025-05-14T13:20:31.3146610Z" endTime="2025-05-14T13:25:31.3147553Z" testType="13cdc9d9-ddb5-4fa4-a97d-d965ccfc6d4b" outcome="Passed" testListId="36c4c6c2-2db1-4300-97d3-e92adf982bc6" />
    <UnitTestResult executionId="b5fd2766-9d3e-450a-bcce-8978da006ebd" testId="8c008e75-d0ed-4085-b319-17b06e24bb70" testName="Test1847" computerName="UA-LPT-OGA2" duration="00:00:00.2400000" startTime="2025-05-14T13:20:31.3146610Z" endTime="2025-05-14T13:25:31.3147553Z" testType="13cdc9d9-ddb5-4fa4-a97d-d965ccfc6d4b" outcome="Passed" testListId="36c4c6c2-2db1-4300-97d3-e92adf982bc6" />
    <UnitTestResult executionId="69d071d3-d598-40b3-b0dc-906d6e67544a" testId="decf58ee-b614-40bd-9708-f309f6983552" testName="Test1848" computerName="UA-LPT-OGA2" duration="00:00:00.8550000" startTime="2025-05-14T13:20:31.3146610Z" endTime="2025-05-14T13:25:31.3147553Z" testType="13cdc9d9-ddb5-4fa4-a97d-d965ccfc6d4b" outcome="Passed" testListId="36c4c6c2-2db1-4300-97d3-e92adf982bc6" />
    <UnitTestResult executionId="7d560741-08a5-4f5f-9e60-4919ba4edbd7" testId="c67c1b57-480d-48bb-8dfa-0f46c096c65c" testName="Test1849" computerName="UA-LPT-OGA2" duration="00:00:01.9180000" startTime="2025-05-14T13:20:31.3146610Z" endTime="2025-05-14T13:25:31.3147553Z" testType="13cdc9d9-ddb5-4fa4-a97d-d965ccfc6d4b" outcome="Passed" testListId="36c4c6c2-2db1-4300-97d3-e92adf982bc6" />
    <UnitTestResult executionId="857842c2-677f-440b-bf30-5dc5cdd3b7e1" testId="9738a6cc-5ca3-4911-b013-5514f5d75027" testName="Test1850" computerName="UA-LPT-OGA2" duration="00:00:00.1690000" startTime="2025-05-14T13:20:31.3146610Z" endTime="2025-05-14T13:25:31.3147553Z" testType="13cdc9d9-ddb5-4fa4-a97d-d965ccfc6d4b" outcome="Passed" testListId="36c4c6c2-2db1-4300-97d3-e92adf982bc6" />
    <UnitTestResult executionId="1c5eaa5e-5375-41bb-8d10-e6493d322b0c" testId="39848d08-fae0-4b4b-88da-96fae4767fb1" testName="Test1851" computerName="UA-LPT-OGA2" duration="00:00:01.4780000" startTime="2025-05-14T13:20:31.3146610Z" endTime="2025-05-14T13:25:31.3147553Z" testType="13cdc9d9-ddb5-4fa4-a97d-d965ccfc6d4b" outcome="Passed" testListId="36c4c6c2-2db1-4300-97d3-e92adf982bc6" />
    <UnitTestResult executionId="0982337d-e8cb-4d93-baf9-62660fc69892" testId="fe66162d-d101-4387-906f-17b1736cf038" testName="Test1852" computerName="UA-LPT-OGA2" duration="00:00:00.1850000" startTime="2025-05-14T13:20:31.3146610Z" endTime="2025-05-14T13:25:31.3147553Z" testType="13cdc9d9-ddb5-4fa4-a97d-d965ccfc6d4b" outcome="Passed" testListId="36c4c6c2-2db1-4300-97d3-e92adf982bc6" />
    <UnitTestResult executionId="027237e9-37fd-4b11-abad-67fbe73c97c3" testId="321b00c9-308f-4330-b364-2acb22ef1ad9" testName="Test1853" computerName="UA-LPT-OGA2" duration="00:00:00.1350000" startTime="2025-05-14T13:20:31.3146610Z" endTime="2025-05-14T13:25:31.3147553Z" testType="13cdc9d9-ddb5-4fa4-a97d-d965ccfc6d4b" outcome="Passed" testListId="36c4c6c2-2db1-4300-97d3-e92adf982bc6" />
    <UnitTestResult executionId="8e756ed9-e9f3-4dce-9a71-a7f392dbb1b2" testId="fc43587d-266d-4bd8-8605-1451b1d56823" testName="Test1854" computerName="UA-LPT-OGA2" duration="00:00:00.1590000" startTime="2025-05-14T13:20:31.3146610Z" endTime="2025-05-14T13:25:31.3147553Z" testType="13cdc9d9-ddb5-4fa4-a97d-d965ccfc6d4b" outcome="Passed" testListId="36c4c6c2-2db1-4300-97d3-e92adf982bc6" />
    <UnitTestResult executionId="616f1423-70de-45dc-9541-0988cdb39c09" testId="14279052-0382-4874-a672-e60441dfeda8" testName="Test1855" computerName="UA-LPT-OGA2" duration="00:00:01.7720000" startTime="2025-05-14T13:20:31.3146610Z" endTime="2025-05-14T13:25:31.3147553Z" testType="13cdc9d9-ddb5-4fa4-a97d-d965ccfc6d4b" outcome="Inconclusive" testListId="36c4c6c2-2db1-4300-97d3-e92adf982bc6" />
    <UnitTestResult executionId="34f22ea0-3447-4312-918a-a20a7a4558a8" testId="8423f45c-1235-4c9c-9945-5a016a7fda3f" testName="Test1856" computerName="UA-LPT-OGA2" duration="00:00:00.8100000" startTime="2025-05-14T13:20:31.3146610Z" endTime="2025-05-14T13:25:31.3147553Z" testType="13cdc9d9-ddb5-4fa4-a97d-d965ccfc6d4b" outcome="Passed" testListId="36c4c6c2-2db1-4300-97d3-e92adf982bc6" />
    <UnitTestResult executionId="df49825b-860a-4a16-8d28-1c8f20901667" testId="c768b8ca-6ba8-45f3-b58f-5f07c3a81972" testName="Test1857" computerName="UA-LPT-OGA2" duration="00:00:01.0840000" startTime="2025-05-14T13:20:31.3146610Z" endTime="2025-05-14T13:25:31.3147553Z" testType="13cdc9d9-ddb5-4fa4-a97d-d965ccfc6d4b" outcome="Passed" testListId="36c4c6c2-2db1-4300-97d3-e92adf982bc6" />
    <UnitTestResult executionId="f1b0d9ad-3f3e-4981-91a8-0bd533423666" testId="25871060-cd84-4683-bf1b-2509ebb7d34a" testName="Test1858" computerName="UA-LPT-OGA2" duration="00:00:01.6280000" startTime="2025-05-14T13:20:31.3146610Z" endTime="2025-05-14T13:25:31.3147553Z" testType="13cdc9d9-ddb5-4fa4-a97d-d965ccfc6d4b" outcome="Passed" testListId="36c4c6c2-2db1-4300-97d3-e92adf982bc6" />
    <UnitTestResult executionId="6a560317-6259-4138-beac-c46cdd38aa6b" testId="404ead6c-e50f-40c9-be67-c0c017c6a8da" testName="Test1859" computerName="UA-LPT-OGA2" duration="00:00:00.1230000" startTime="2025-05-14T13:20:31.3146610Z" endTime="2025-05-14T13:25:31.3147553Z" testType="13cdc9d9-ddb5-4fa4-a97d-d965ccfc6d4b" outcome="Passed" testListId="36c4c6c2-2db1-4300-97d3-e92adf982bc6" />
    <UnitTestResult executionId="46b033cc-ebe7-49c1-8f8b-22ab9d4d218d" testId="ea12bf49-1a05-4cc5-a1d8-86f882a66c78" testName="Test1860" computerName="UA-LPT-OGA2" duration="00:00:01.9900000" startTime="2025-05-14T13:20:31.3146610Z" endTime="2025-05-14T13:25:31.3147553Z" testType="13cdc9d9-ddb5-4fa4-a97d-d965ccfc6d4b" outcome="Passed" testListId="36c4c6c2-2db1-4300-97d3-e92adf982bc6" />
    <UnitTestResult executionId="451a3410-cec1-4631-8b3c-5282b3756755" testId="34388f21-ce1a-444c-9a51-ec91287c20e4" testName="Test1861" computerName="UA-LPT-OGA2" duration="00:00:01.8940000" startTime="2025-05-14T13:20:31.3146610Z" endTime="2025-05-14T13:25:31.3147553Z" testType="13cdc9d9-ddb5-4fa4-a97d-d965ccfc6d4b" outcome="Passed" testListId="36c4c6c2-2db1-4300-97d3-e92adf982bc6" />
    <UnitTestResult executionId="181c1315-8650-4549-847a-7d8e9d1b5a1a" testId="6a8debaf-dec2-45db-9de7-744484118dc6" testName="Test1862" computerName="UA-LPT-OGA2" duration="00:00:01.4050000" startTime="2025-05-14T13:20:31.3146610Z" endTime="2025-05-14T13:25:31.3147553Z" testType="13cdc9d9-ddb5-4fa4-a97d-d965ccfc6d4b" outcome="Passed" testListId="36c4c6c2-2db1-4300-97d3-e92adf982bc6" />
    <UnitTestResult executionId="0786efe6-c17f-469f-8c34-d6c4822a3a52" testId="659a892d-9549-4782-ad5e-ffdfd71c9b78" testName="Test1863" computerName="UA-LPT-OGA2" duration="00:00:00.8680000" startTime="2025-05-14T13:20:31.3146610Z" endTime="2025-05-14T13:25:31.3147553Z" testType="13cdc9d9-ddb5-4fa4-a97d-d965ccfc6d4b" outcome="Passed" testListId="36c4c6c2-2db1-4300-97d3-e92adf982bc6" />
    <UnitTestResult executionId="667c3bfd-e903-40b8-a328-9c75bb65771f" testId="850d709b-30a8-46c5-b0a4-18b790484beb" testName="Test1864" computerName="UA-LPT-OGA2" duration="00:00:00.3330000" startTime="2025-05-14T13:20:31.3146610Z" endTime="2025-05-14T13:25:31.3147553Z" testType="13cdc9d9-ddb5-4fa4-a97d-d965ccfc6d4b" outcome="Passed" testListId="36c4c6c2-2db1-4300-97d3-e92adf982bc6" />
    <UnitTestResult executionId="b9c86497-bf71-4cbc-a695-a5b7c755c067" testId="3179304f-14df-4719-9d9e-7e81958259cf" testName="Test1865" computerName="UA-LPT-OGA2" duration="00:00:00.3340000" startTime="2025-05-14T13:20:31.3146610Z" endTime="2025-05-14T13:25:31.3147553Z" testType="13cdc9d9-ddb5-4fa4-a97d-d965ccfc6d4b" outcome="Passed" testListId="36c4c6c2-2db1-4300-97d3-e92adf982bc6" />
    <UnitTestResult executionId="95afd096-c8d1-4bf6-a09f-188163139d75" testId="c50bbbdf-988e-41f3-9de6-38b5dea8f89e" testName="Test1866" computerName="UA-LPT-OGA2" duration="00:00:00.1100000" startTime="2025-05-14T13:20:31.3146610Z" endTime="2025-05-14T13:25:31.3147553Z" testType="13cdc9d9-ddb5-4fa4-a97d-d965ccfc6d4b" outcome="Passed" testListId="36c4c6c2-2db1-4300-97d3-e92adf982bc6" />
    <UnitTestResult executionId="6de7ff96-89bb-4d13-8fb9-cf0a0e2ca71f" testId="10dfd571-0723-41dd-8082-427a1d60caa6" testName="Test1867" computerName="UA-LPT-OGA2" duration="00:00:00.2280000" startTime="2025-05-14T13:20:31.3146610Z" endTime="2025-05-14T13:25:31.3147553Z" testType="13cdc9d9-ddb5-4fa4-a97d-d965ccfc6d4b" outcome="Passed" testListId="36c4c6c2-2db1-4300-97d3-e92adf982bc6" />
    <UnitTestResult executionId="b5da4171-b5c7-4ea4-8efd-4adaf4ddd028" testId="6dc12ecf-15be-41e3-b5fb-ba7be20b1f61" testName="Test1868" computerName="UA-LPT-OGA2" duration="00:00:01.4130000" startTime="2025-05-14T13:20:31.3146610Z" endTime="2025-05-14T13:25:31.3147553Z" testType="13cdc9d9-ddb5-4fa4-a97d-d965ccfc6d4b" outcome="Passed" testListId="36c4c6c2-2db1-4300-97d3-e92adf982bc6" />
    <UnitTestResult executionId="d4ca8af5-b503-4cd8-a460-42d595ec6f54" testId="56380785-66bd-4c54-b52e-8480b9b45d1c" testName="Test1869" computerName="UA-LPT-OGA2" duration="00:00:01.6650000" startTime="2025-05-14T13:20:31.3146610Z" endTime="2025-05-14T13:25:31.3147553Z" testType="13cdc9d9-ddb5-4fa4-a97d-d965ccfc6d4b" outcome="Passed" testListId="36c4c6c2-2db1-4300-97d3-e92adf982bc6" />
    <UnitTestResult executionId="a3c2edb7-a18f-4c5c-a1b2-59eeef419f9f" testId="2571356a-7cc1-4950-b837-35b8f392dde2" testName="Test1870" computerName="UA-LPT-OGA2" duration="00:00:01.7790000" startTime="2025-05-14T13:20:31.3146610Z" endTime="2025-05-14T13:25:31.3147553Z" testType="13cdc9d9-ddb5-4fa4-a97d-d965ccfc6d4b" outcome="Passed" testListId="36c4c6c2-2db1-4300-97d3-e92adf982bc6" />
    <UnitTestResult executionId="7d929ffa-dddf-435f-b0ae-56037609a982" testId="125572e9-2c88-4299-8bde-3991aad4642a" testName="Test1871" computerName="UA-LPT-OGA2" duration="00:00:01.3690000" startTime="2025-05-14T13:20:31.3146610Z" endTime="2025-05-14T13:25:31.3147553Z" testType="13cdc9d9-ddb5-4fa4-a97d-d965ccfc6d4b" outcome="Passed" testListId="36c4c6c2-2db1-4300-97d3-e92adf982bc6" />
    <UnitTestResult executionId="fbb178c5-e78c-4ec4-85ec-351dac0d2b9c" testId="12b380dc-be33-427f-96ad-0688b48da158" testName="Test1872" computerName="UA-LPT-OGA2" duration="00:00:00.9620000" startTime="2025-05-14T13:20:31.3146610Z" endTime="2025-05-14T13:25:31.3147553Z" testType="13cdc9d9-ddb5-4fa4-a97d-d965ccfc6d4b" outcome="Passed" testListId="36c4c6c2-2db1-4300-97d3-e92adf982bc6" />
    <UnitTestResult executionId="ec243070-f0be-4b8c-84d4-fb3f48b716b5" testId="1fd8f9ce-126b-4986-85f5-49be43150004" testName="Test1873" computerName="UA-LPT-OGA2" duration="00:00:01.3630000" startTime="2025-05-14T13:20:31.3146610Z" endTime="2025-05-14T13:25:31.3147553Z" testType="13cdc9d9-ddb5-4fa4-a97d-d965ccfc6d4b" outcome="Failed" testListId="36c4c6c2-2db1-4300-97d3-e92adf982bc6">
      <Output>
        <ErrorInfo>
          <Message>Assertion failed: Expected value did not match actual value.</Message>
          <StackTrace>   at TestNamespace.TestClass.Test() in TestClass.cs:line 182</StackTrace>
        </ErrorInfo>
      </Output>
    </UnitTestResult>
    <UnitTestResult executionId="b72d3ad3-e450-4d80-9e50-0754ede3efed" testId="9c93e81b-e7a3-4e76-8dbf-4b2a7a2e9f40" testName="Test1874" computerName="UA-LPT-OGA2" duration="00:00:01.3100000" startTime="2025-05-14T13:20:31.3146610Z" endTime="2025-05-14T13:25:31.3147553Z" testType="13cdc9d9-ddb5-4fa4-a97d-d965ccfc6d4b" outcome="Passed" testListId="36c4c6c2-2db1-4300-97d3-e92adf982bc6" />
    <UnitTestResult executionId="1dcf0e32-53f7-4045-8da6-7b92fbd56953" testId="42cea5a3-3423-4296-9188-6bd251e634e5" testName="Test1875" computerName="UA-LPT-OGA2" duration="00:00:01.6810000" startTime="2025-05-14T13:20:31.3146610Z" endTime="2025-05-14T13:25:31.3147553Z" testType="13cdc9d9-ddb5-4fa4-a97d-d965ccfc6d4b" outcome="Inconclusive" testListId="36c4c6c2-2db1-4300-97d3-e92adf982bc6" />
    <UnitTestResult executionId="2eafc794-0aaf-463c-9451-7be2f518d691" testId="d63c56da-438d-4919-afb7-dba09be2629a" testName="Test1876" computerName="UA-LPT-OGA2" duration="00:00:00.7290000" startTime="2025-05-14T13:20:31.3146610Z" endTime="2025-05-14T13:25:31.3147553Z" testType="13cdc9d9-ddb5-4fa4-a97d-d965ccfc6d4b" outcome="Passed" testListId="36c4c6c2-2db1-4300-97d3-e92adf982bc6" />
    <UnitTestResult executionId="8f40ee1f-d75d-46f8-8896-2b7291170e31" testId="8a465cd2-da64-4c25-9dba-e8b84802ac52" testName="Test1877" computerName="UA-LPT-OGA2" duration="00:00:00.3980000" startTime="2025-05-14T13:20:31.3146610Z" endTime="2025-05-14T13:25:31.3147553Z" testType="13cdc9d9-ddb5-4fa4-a97d-d965ccfc6d4b" outcome="Passed" testListId="36c4c6c2-2db1-4300-97d3-e92adf982bc6" />
    <UnitTestResult executionId="a60dba3d-28ed-4f29-9b9d-5c6f4670a777" testId="641dee0a-be4f-4d65-a6ec-33cdb862bb7c" testName="Test1878" computerName="UA-LPT-OGA2" duration="00:00:01.3120000" startTime="2025-05-14T13:20:31.3146610Z" endTime="2025-05-14T13:25:31.3147553Z" testType="13cdc9d9-ddb5-4fa4-a97d-d965ccfc6d4b" outcome="Passed" testListId="36c4c6c2-2db1-4300-97d3-e92adf982bc6" />
    <UnitTestResult executionId="b8366e0d-9969-4d2a-9f6c-06d575b679cc" testId="b90c9e15-0886-4d06-87ce-3297ba19fafa" testName="Test1879" computerName="UA-LPT-OGA2" duration="00:00:01.1560000" startTime="2025-05-14T13:20:31.3146610Z" endTime="2025-05-14T13:25:31.3147553Z" testType="13cdc9d9-ddb5-4fa4-a97d-d965ccfc6d4b" outcome="Passed" testListId="36c4c6c2-2db1-4300-97d3-e92adf982bc6" />
    <UnitTestResult executionId="00608446-1fdd-4599-b5c9-ad26327ab981" testId="7933345b-e3d7-46d5-ac55-0463e182f299" testName="Test1880" computerName="UA-LPT-OGA2" duration="00:00:01.8690000" startTime="2025-05-14T13:20:31.3146610Z" endTime="2025-05-14T13:25:31.3147553Z" testType="13cdc9d9-ddb5-4fa4-a97d-d965ccfc6d4b" outcome="Passed" testListId="36c4c6c2-2db1-4300-97d3-e92adf982bc6" />
    <UnitTestResult executionId="baecb9aa-1fd7-4dbf-a6fe-c43af8f096a5" testId="bb442c15-f475-491a-86d9-86440a845673" testName="Test1881" computerName="UA-LPT-OGA2" duration="00:00:00.8900000" startTime="2025-05-14T13:20:31.3146610Z" endTime="2025-05-14T13:25:31.3147553Z" testType="13cdc9d9-ddb5-4fa4-a97d-d965ccfc6d4b" outcome="Passed" testListId="36c4c6c2-2db1-4300-97d3-e92adf982bc6" />
    <UnitTestResult executionId="2b919377-7794-427a-ac55-bf95cf8c5c68" testId="12f503b9-8961-486b-9cac-14886c219553" testName="Test1882" computerName="UA-LPT-OGA2" duration="00:00:00.7730000" startTime="2025-05-14T13:20:31.3146610Z" endTime="2025-05-14T13:25:31.3147553Z" testType="13cdc9d9-ddb5-4fa4-a97d-d965ccfc6d4b" outcome="Passed" testListId="36c4c6c2-2db1-4300-97d3-e92adf982bc6" />
    <UnitTestResult executionId="0ab5fd95-4516-4552-9fd3-2eb3cbc2cabc" testId="1d93389c-b715-4fad-b2b9-edf65e1f60f1" testName="Test1883" computerName="UA-LPT-OGA2" duration="00:00:01.1300000" startTime="2025-05-14T13:20:31.3146610Z" endTime="2025-05-14T13:25:31.3147553Z" testType="13cdc9d9-ddb5-4fa4-a97d-d965ccfc6d4b" outcome="Passed" testListId="36c4c6c2-2db1-4300-97d3-e92adf982bc6" />
    <UnitTestResult executionId="28bf376d-f70a-497f-b1cf-351f22dc7d2e" testId="86810040-1fd2-4b78-afc0-c312444aa16f" testName="Test1884" computerName="UA-LPT-OGA2" duration="00:00:00.8310000" startTime="2025-05-14T13:20:31.3146610Z" endTime="2025-05-14T13:25:31.3147553Z" testType="13cdc9d9-ddb5-4fa4-a97d-d965ccfc6d4b" outcome="Passed" testListId="36c4c6c2-2db1-4300-97d3-e92adf982bc6" />
    <UnitTestResult executionId="d24dedca-ca78-40a0-826b-bcca19976bcf" testId="2f8933b2-b00c-4389-b232-7ac770b872d1" testName="Test1885" computerName="UA-LPT-OGA2" duration="00:00:00.1150000" startTime="2025-05-14T13:20:31.3146610Z" endTime="2025-05-14T13:25:31.3147553Z" testType="13cdc9d9-ddb5-4fa4-a97d-d965ccfc6d4b" outcome="Passed" testListId="36c4c6c2-2db1-4300-97d3-e92adf982bc6" />
    <UnitTestResult executionId="82a18b88-b481-488f-98e9-d6affab50ccb" testId="0bde1638-561c-4d4d-9a08-2b9fde27c5c6" testName="Test1886" computerName="UA-LPT-OGA2" duration="00:00:01.0230000" startTime="2025-05-14T13:20:31.3146610Z" endTime="2025-05-14T13:25:31.3147553Z" testType="13cdc9d9-ddb5-4fa4-a97d-d965ccfc6d4b" outcome="Passed" testListId="36c4c6c2-2db1-4300-97d3-e92adf982bc6" />
    <UnitTestResult executionId="aace6b24-650d-4f98-bb7a-f5b4e5baf3a9" testId="f133d1e9-de81-4814-9d29-4634ffa04c50" testName="Test1887" computerName="UA-LPT-OGA2" duration="00:00:00.7240000" startTime="2025-05-14T13:20:31.3146610Z" endTime="2025-05-14T13:25:31.3147553Z" testType="13cdc9d9-ddb5-4fa4-a97d-d965ccfc6d4b" outcome="Passed" testListId="36c4c6c2-2db1-4300-97d3-e92adf982bc6" />
    <UnitTestResult executionId="6c8bb954-5819-4cf9-9188-7350d5634cb9" testId="6cb4b3f3-9e29-496e-bfb3-e3a9d1eed9f7" testName="Test1888" computerName="UA-LPT-OGA2" duration="00:00:00.5630000" startTime="2025-05-14T13:20:31.3146610Z" endTime="2025-05-14T13:25:31.3147553Z" testType="13cdc9d9-ddb5-4fa4-a97d-d965ccfc6d4b" outcome="Passed" testListId="36c4c6c2-2db1-4300-97d3-e92adf982bc6" />
    <UnitTestResult executionId="223856e4-2421-4d61-9676-524ad4f72c48" testId="821b2464-b800-488c-8bc2-0db65f85e213" testName="Test1889" computerName="UA-LPT-OGA2" duration="00:00:00.6330000" startTime="2025-05-14T13:20:31.3146610Z" endTime="2025-05-14T13:25:31.3147553Z" testType="13cdc9d9-ddb5-4fa4-a97d-d965ccfc6d4b" outcome="Passed" testListId="36c4c6c2-2db1-4300-97d3-e92adf982bc6" />
    <UnitTestResult executionId="dbd5695f-75fc-4bcf-ad46-9621828bea87" testId="28ac7934-4711-4efe-af39-b2ff1f5300d7" testName="Test1890" computerName="UA-LPT-OGA2" duration="00:00:01.2430000" startTime="2025-05-14T13:20:31.3146610Z" endTime="2025-05-14T13:25:31.3147553Z" testType="13cdc9d9-ddb5-4fa4-a97d-d965ccfc6d4b" outcome="Passed" testListId="36c4c6c2-2db1-4300-97d3-e92adf982bc6" />
    <UnitTestResult executionId="1caef23c-db69-4c9d-827e-906811763189" testId="aea05e4b-f2c6-4cfd-8143-da5c5ec54801" testName="Test1891" computerName="UA-LPT-OGA2" duration="00:00:00.4440000" startTime="2025-05-14T13:20:31.3146610Z" endTime="2025-05-14T13:25:31.3147553Z" testType="13cdc9d9-ddb5-4fa4-a97d-d965ccfc6d4b" outcome="Passed" testListId="36c4c6c2-2db1-4300-97d3-e92adf982bc6" />
    <UnitTestResult executionId="bb1f3434-a87e-4ae9-8dd5-cce28b890e2c" testId="cc6b99d6-4c52-4c49-a804-acb55697f08b" testName="Test1892" computerName="UA-LPT-OGA2" duration="00:00:01.7540000" startTime="2025-05-14T13:20:31.3146610Z" endTime="2025-05-14T13:25:31.3147553Z" testType="13cdc9d9-ddb5-4fa4-a97d-d965ccfc6d4b" outcome="Passed" testListId="36c4c6c2-2db1-4300-97d3-e92adf982bc6" />
    <UnitTestResult executionId="1a8fc1d8-2cc7-44bd-ae23-a119e64b5613" testId="da15f179-1040-4ce2-a6fe-9942d3cbc72c" testName="Test1893" computerName="UA-LPT-OGA2" duration="00:00:00.0530000" startTime="2025-05-14T13:20:31.3146610Z" endTime="2025-05-14T13:25:31.3147553Z" testType="13cdc9d9-ddb5-4fa4-a97d-d965ccfc6d4b" outcome="Passed" testListId="36c4c6c2-2db1-4300-97d3-e92adf982bc6" />
    <UnitTestResult executionId="a407b781-b309-4a80-9c7f-2c9d2a7c9438" testId="1bdb4d3a-b52d-4cf6-b354-b29bb19226a7" testName="Test1894" computerName="UA-LPT-OGA2" duration="00:00:00.7010000" startTime="2025-05-14T13:20:31.3146610Z" endTime="2025-05-14T13:25:31.3147553Z" testType="13cdc9d9-ddb5-4fa4-a97d-d965ccfc6d4b" outcome="Passed" testListId="36c4c6c2-2db1-4300-97d3-e92adf982bc6" />
    <UnitTestResult executionId="6129e6e0-d7d2-4c65-b09a-8299edf1519c" testId="67c3f653-1886-4982-8788-afbd4793e4fe" testName="Test1895" computerName="UA-LPT-OGA2" duration="00:00:01.3240000" startTime="2025-05-14T13:20:31.3146610Z" endTime="2025-05-14T13:25:31.3147553Z" testType="13cdc9d9-ddb5-4fa4-a97d-d965ccfc6d4b" outcome="Passed" testListId="36c4c6c2-2db1-4300-97d3-e92adf982bc6" />
    <UnitTestResult executionId="dc1d2c6a-4a49-4e5e-b456-0f13e6207886" testId="df4a1168-ea8f-42bd-b0ed-071689555b5f" testName="Test1896" computerName="UA-LPT-OGA2" duration="00:00:01.4820000" startTime="2025-05-14T13:20:31.3146610Z" endTime="2025-05-14T13:25:31.3147553Z" testType="13cdc9d9-ddb5-4fa4-a97d-d965ccfc6d4b" outcome="Passed" testListId="36c4c6c2-2db1-4300-97d3-e92adf982bc6" />
    <UnitTestResult executionId="2cc1e1c9-9759-4d6f-b500-d051ed6a7408" testId="1af63a31-f9e6-46b1-b9dd-bcb0a65b700b" testName="Test1897" computerName="UA-LPT-OGA2" duration="00:00:01.0760000" startTime="2025-05-14T13:20:31.3146610Z" endTime="2025-05-14T13:25:31.3147553Z" testType="13cdc9d9-ddb5-4fa4-a97d-d965ccfc6d4b" outcome="Passed" testListId="36c4c6c2-2db1-4300-97d3-e92adf982bc6" />
    <UnitTestResult executionId="2dfcd5d8-a404-4e79-914d-7495283ba304" testId="f49352ea-a7c6-4055-a65e-370dfac2dc2c" testName="Test1898" computerName="UA-LPT-OGA2" duration="00:00:01.4980000" startTime="2025-05-14T13:20:31.3146610Z" endTime="2025-05-14T13:25:31.3147553Z" testType="13cdc9d9-ddb5-4fa4-a97d-d965ccfc6d4b" outcome="Passed" testListId="36c4c6c2-2db1-4300-97d3-e92adf982bc6" />
    <UnitTestResult executionId="e03533cd-1720-49d5-990b-f1f1c5d6851e" testId="eec442d7-09b3-462e-ad86-422405f6c3df" testName="Test1899" computerName="UA-LPT-OGA2" duration="00:00:00.2460000" startTime="2025-05-14T13:20:31.3146610Z" endTime="2025-05-14T13:25:31.3147553Z" testType="13cdc9d9-ddb5-4fa4-a97d-d965ccfc6d4b" outcome="Passed" testListId="36c4c6c2-2db1-4300-97d3-e92adf982bc6" />
    <UnitTestResult executionId="b84277f5-283e-4eb3-9212-2a0893da9ead" testId="b0396500-650b-41a1-8722-4d06881e1216" testName="Test1900" computerName="UA-LPT-OGA2" duration="00:00:00.3000000" startTime="2025-05-14T13:20:31.3146610Z" endTime="2025-05-14T13:25:31.3147553Z" testType="13cdc9d9-ddb5-4fa4-a97d-d965ccfc6d4b" outcome="Passed" testListId="36c4c6c2-2db1-4300-97d3-e92adf982bc6" />
  </Results>
  <TestDefinitions>
    <UnitTest name="Test1801" id="31db5f45-82e5-4b8b-9a5b-a544516a7ed6" storage="TestAssembly.dll">
      <Execution id="95c06233-5ad6-4e42-8d8f-fb995e1909a6" />
      <TestMethod codeBase="TestAssembly.dll" className="TestNamespace.TestClass1" name="Test1801" />
    </UnitTest>
    <UnitTest name="Test1802" id="b4bff73a-c212-43ac-ade0-67c918e63137" storage="TestAssembly.dll">
      <Execution id="cd8ab69d-b719-4fe4-8f08-92c4bb45915a" />
      <TestMethod codeBase="TestAssembly.dll" className="TestNamespace.TestClass1" name="Test1802" />
    </UnitTest>
    <UnitTest name="Test1803" id="267598a1-bba4-4dc0-9ba2-89d22ec48db9" storage="TestAssembly.dll">
      <Execution id="ed79dbaf-f283-499d-a609-2935f97df263" />
      <TestMethod codeBase="TestAssembly.dll" className="TestNamespace.TestClass1" name="Test1803" />
    </UnitTest>
    <UnitTest name="Test1804" id="71b825d6-b74e-4965-bb55-f3bf3e764964" storage="TestAssembly.dll">
      <Execution id="b9b80b08-5342-446f-a9e7-960e86477a69" />
      <TestMethod codeBase="TestAssembly.dll" className="TestNamespace.TestClass1" name="Test1804" />
    </UnitTest>
    <UnitTest name="Test1805" id="2ca4e1f1-6eea-49a1-98c6-a9db68a2e6ba" storage="TestAssembly.dll">
      <Execution id="bf0a33de-88c1-4235-acef-16405b67bc3f" />
      <TestMethod codeBase="TestAssembly.dll" className="TestNamespace.TestClass1" name="Test1805" />
    </UnitTest>
    <UnitTest name="Test1806" id="cdf8c0b0-6a10-4876-8fd4-a6e7138273f9" storage="TestAssembly.dll">
      <Execution id="360d2a0c-1000-4d9d-8e75-ab842e0df0a2" />
      <TestMethod codeBase="TestAssembly.dll" className="TestNamespace.TestClass1" name="Test1806" />
    </UnitTest>
    <UnitTest name="Test1807" id="a6a357c7-a1f3-4f20-8160-9cd90adc52fb" storage="TestAssembly.dll">
      <Execution id="aece43ce-bd5f-4746-8a7a-8fa35b454212" />
      <TestMethod codeBase="TestAssembly.dll" className="TestNamespace.TestClass1" name="Test1807" />
    </UnitTest>
    <UnitTest name="Test1808" id="a7ab7f96-ae56-4499-a404-4a03906df245" storage="TestAssembly.dll">
      <Execution id="c865fba2-1031-4408-b1fc-e00d57ef234a" />
      <TestMethod codeBase="TestAssembly.dll" className="TestNamespace.TestClass1" name="Test1808" />
    </UnitTest>
    <UnitTest name="Test1809" id="86f81574-055b-4965-af09-a4a65243ed4c" storage="TestAssembly.dll">
      <Execution id="c21d55cb-fa5e-48a7-a848-62322c243fb9" />
      <TestMethod codeBase="TestAssembly.dll" className="TestNamespace.TestClass1" name="Test1809" />
    </UnitTest>
    <UnitTest name="Test1810" id="7ff6eec6-835a-4806-a3bc-983256a2280b" storage="TestAssembly.dll">
      <Execution id="55edbb9d-0243-4052-94b3-e02c29f2030b" />
      <TestMethod codeBase="TestAssembly.dll" className="TestNamespace.TestClass1" name="Test1810" />
    </UnitTest>
    <UnitTest name="Test1811" id="7834d0f2-7849-447b-8423-00182263ea13" storage="TestAssembly.dll">
      <Execution id="b4e0dc45-8330-49af-a2b5-91ee543c9fc7" />
      <TestMethod codeBase="TestAssembly.dll" className="TestNamespace.TestClass2" name="Test1811" />
    </UnitTest>
    <UnitTest name="Test1812" id="ce165f65-705b-43be-9fea-7d7446a72362" storage="TestAssembly.dll">
      <Execution id="47d3b081-b6d2-4611-96a5-f27a3d713b5d" />
      <TestMethod codeBase="TestAssembly.dll" className="TestNamespace.TestClass2" name="Test1812" />
    </UnitTest>
    <UnitTest name="Test1813" id="5f395658-b93b-421a-8d67-f92c9667d1d7" storage="TestAssembly.dll">
      <Execution id="36739819-78b4-4190-a340-1aa83cff2350" />
      <TestMethod codeBase="TestAssembly.dll" className="TestNamespace.TestClass2" name="Test1813" />
    </UnitTest>
    <UnitTest name="Test1814" id="b6561bad-f50b-4f04-b545-332b79fb8df9" storage="TestAssembly.dll">
      <Execution id="425af42b-0f70-4ab7-837c-7791fed5fa11" />
      <TestMethod codeBase="TestAssembly.dll" className="TestNamespace.TestClass2" name="Test1814" />
    </UnitTest>
    <UnitTest name="Test1815" id="e9a993f7-0d6f-4152-a12e-0ef46f601fc6" storage="TestAssembly.dll">
      <Execution id="40a7f52e-441c-413e-b9e8-4cc9e071b92d" />
      <TestMethod codeBase="TestAssembly.dll" className="TestNamespace.TestClass2" name="Test1815" />
    </UnitTest>
    <UnitTest name="Test1816" id="5ee998d8-bb6e-45fc-a78a-fc8ed7db6b14" storage="TestAssembly.dll">
      <Execution id="190abbf0-57e9-441f-af4b-3c3b8dfa61b2" />
      <TestMethod codeBase="TestAssembly.dll" className="TestNamespace.TestClass2" name="Test1816" />
    </UnitTest>
    <UnitTest name="Test1817" id="5d518603-684f-481f-aeba-9125dd1e3f97" storage="TestAssembly.dll">
      <Execution id="6c3ae723-8536-4859-95d4-07e601dfc9d9" />
      <TestMethod codeBase="TestAssembly.dll" className="TestNamespace.TestClass2" name="Test1817" />
    </UnitTest>
    <UnitTest name="Test1818" id="b071578c-ac84-4bf7-b5e3-74e8e91e30a5" storage="TestAssembly.dll">
      <Execution id="063b511c-c723-4f62-aac9-de9b0e086b93" />
      <TestMethod codeBase="TestAssembly.dll" className="TestNamespace.TestClass2" name="Test1818" />
    </UnitTest>
    <UnitTest name="Test1819" id="c82fc2d1-e482-466c-a910-034944066505" storage="TestAssembly.dll">
      <Execution id="b4af53f8-db45-44fb-b6f4-92cb795d99b7" />
      <TestMethod codeBase="TestAssembly.dll" className="TestNamespace.TestClass2" name="Test1819" />
    </UnitTest>
    <UnitTest name="Test1820" id="a0bf1e8c-77e1-4e64-a786-c91335629f12" storage="TestAssembly.dll">
      <Execution id="64dff35c-b616-44be-8c15-d5ddd4569b64" />
      <TestMethod codeBase="TestAssembly.dll" className="TestNamespace.TestClass2" name="Test1820" />
    </UnitTest>
    <UnitTest name="Test1821" id="db91b4d4-218a-41b6-9840-855ad5b17bfa" storage="TestAssembly.dll">
      <Execution id="ed72f821-e25c-4d13-bef8-ecaa9497507a" />
      <TestMethod codeBase="TestAssembly.dll" className="TestNamespace.TestClass3" name="Test1821" />
    </UnitTest>
    <UnitTest name="Test1822" id="1b43e4eb-532e-4d9c-9c99-df0429a6987c" storage="TestAssembly.dll">
      <Execution id="3fa84733-90f1-42f0-8bd9-0262892f6927" />
      <TestMethod codeBase="TestAssembly.dll" className="TestNamespace.TestClass3" name="Test1822" />
    </UnitTest>
    <UnitTest name="Test1823" id="77afaf82-61e5-4a0d-9c79-ccc338299a0f" storage="TestAssembly.dll">
      <Execution id="ddbceb18-3ab8-4155-8400-b3fcdd28ee21" />
      <TestMethod codeBase="TestAssembly.dll" className="TestNamespace.TestClass3" name="Test1823" />
    </UnitTest>
    <UnitTest name="Test1824" id="a5b3312c-ce3e-4f52-bd04-b319c7ff28ad" storage="TestAssembly.dll">
      <Execution id="fcd2c00e-449c-4d51-9129-3a64caa8e0c1" />
      <TestMethod codeBase="TestAssembly.dll" className="TestNamespace.TestClass3" name="Test1824" />
    </UnitTest>
    <UnitTest name="Test1825" id="f3ed2e14-970a-4c35-afea-b366f0b5653e" storage="TestAssembly.dll">
      <Execution id="4577f914-1d43-4ef5-9fe2-ddaf45012ec3" />
      <TestMethod codeBase="TestAssembly.dll" className="TestNamespace.TestClass3" name="Test1825" />
    </UnitTest>
    <UnitTest name="Test1826" id="e267e2f1-116d-4134-8227-6b2c1371e800" storage="TestAssembly.dll">
      <Execution id="b7e0d010-fd7c-4490-8043-e3f52a9b87c1" />
      <TestMethod codeBase="TestAssembly.dll" className="TestNamespace.TestClass3" name="Test1826" />
    </UnitTest>
    <UnitTest name="Test1827" id="8a04ec0e-f62e-460a-bcd1-3a09661fbd13" storage="TestAssembly.dll">
      <Execution id="37d55769-c107-4f31-b4cd-9e26c55f6f1e" />
      <TestMethod codeBase="TestAssembly.dll" className="TestNamespace.TestClass3" name="Test1827" />
    </UnitTest>
    <UnitTest name="Test1828" id="0b18b700-a708-4546-b234-e07d975c982d" storage="TestAssembly.dll">
      <Execution id="4ccf215a-9595-45c4-b7d2-8a6195e2b835" />
      <TestMethod codeBase="TestAssembly.dll" className="TestNamespace.TestClass3" name="Test1828" />
    </UnitTest>
    <UnitTest name="Test1829" id="8e024e0c-8318-444b-a19a-b18c6005436e" storage="TestAssembly.dll">
      <Execution id="a970a86a-129c-4f8b-a423-ac66b83db3f0" />
      <TestMethod codeBase="TestAssembly.dll" className="TestNamespace.TestClass3" name="Test1829" />
    </UnitTest>
    <UnitTest name="Test1830" id="66d6f765-b0a8-464a-a172-6f3ff4450dc7" storage="TestAssembly.dll">
      <Execution id="cc8d512e-e8b7-4a29-858e-a48cf025431c" />
      <TestMethod codeBase="TestAssembly.dll" className="TestNamespace.TestClass3" name="Test1830" />
    </UnitTest>
    <UnitTest name="Test1831" id="a7e49baf-5b99-40b2-9115-993375a41f8b" storage="TestAssembly.dll">
      <Execution id="312ba2a8-890a-4f6d-a894-ee0d493cc6ff" />
      <TestMethod codeBase="TestAssembly.dll" className="TestNamespace.TestClass4" name="Test1831" />
    </UnitTest>
    <UnitTest name="Test1832" id="4e91ffb8-cee4-4dbc-a260-aa6a43d42052" storage="TestAssembly.dll">
      <Execution id="88fabd8a-de30-49ea-859f-0048c3e5372d" />
      <TestMethod codeBase="TestAssembly.dll" className="TestNamespace.TestClass4" name="Test1832" />
    </UnitTest>
    <UnitTest name="Test1833" id="37ac8664-cae7-488d-bd81-eaf231594ad0" storage="TestAssembly.dll">
      <Execution id="28d00c70-ba39-40bf-b12b-6a32a3519c06" />
      <TestMethod codeBase="TestAssembly.dll" className="TestNamespace.TestClass4" name="Test1833" />
    </UnitTest>
    <UnitTest name="Test1834" id="3ad91b0f-c85f-4293-83f7-be5cb3d5c4b3" storage="TestAssembly.dll">
      <Execution id="7d7c7f21-6f61-479a-a862-993c897d875d" />
      <TestMethod codeBase="TestAssembly.dll" className="TestNamespace.TestClass4" name="Test1834" />
    </UnitTest>
    <UnitTest name="Test1835" id="744d076a-8467-4761-83d0-0484b7a83b9d" storage="TestAssembly.dll">
      <Execution id="37c6497d-1219-4890-8e57-334e19d16184" />
      <TestMethod codeBase="TestAssembly.dll" className="TestNamespace.TestClass4" name="Test1835" />
    </UnitTest>
    <UnitTest name="Test1836" id="3a07f0e0-4b0f-45fe-83ae-a744d7a2e1a3" storage="TestAssembly.dll">
      <Execution id="c5834809-149a-469f-8812-5c86a3e799a0" />
      <TestMethod codeBase="TestAssembly.dll" className="TestNamespace.TestClass4" name="Test1836" />
    </UnitTest>
    <UnitTest name="Test1837" id="3341a834-caa6-4d7c-a2e6-8a59fc20277b" storage="TestAssembly.dll">
      <Execution id="fae24945-f554-473b-9eef-c44ed1e4e245" />
      <TestMethod codeBase="TestAssembly.dll" className="TestNamespace.TestClass4" name="Test1837" />
    </UnitTest>
    <UnitTest name="Test1838" id="8aaa5b33-d19d-4cc1-a8a5-294531693402" storage="TestAssembly.dll">
      <Execution id="f443cc19-6348-4143-8dae-428672212990" />
      <TestMethod codeBase="TestAssembly.dll" className="TestNamespace.TestClass4" name="Test1838" />
    </UnitTest>
    <UnitTest name="Test1839" id="fe8f8d08-8af6-4581-9f32-305c3c955179" storage="TestAssembly.dll">
      <Execution id="f0a93e8d-bdf6-4a29-a17d-63f2e50a94aa" />
      <TestMethod codeBase="TestAssembly.dll" className="TestNamespace.TestClass4" name="Test1839" />
    </UnitTest>
    <UnitTest name="Test1840" id="68f42ce2-0284-4772-a4fc-740541adaad6" storage="TestAssembly.dll">
      <Execution id="e0de396b-08dd-4aeb-be21-d879d160359c" />
      <TestMethod codeBase="TestAssembly.dll" className="TestNamespace.TestClass4" name="Test1840" />
    </UnitTest>
    <UnitTest name="Test1841" id="8dedfdfd-bf64-4afd-93e7-292f7afe8a1d" storage="TestAssembly.dll">
      <Execution id="70abc9d7-612e-4d41-8a42-873200bfde6d" />
      <TestMethod codeBase="TestAssembly.dll" className="TestNamespace.TestClass5" name="Test1841" />
    </UnitTest>
    <UnitTest name="Test1842" id="436644ee-bd89-4fdd-8be1-3fa0dc3136de" storage="TestAssembly.dll">
      <Execution id="c986cc84-7d4e-4789-8c96-13b725142083" />
      <TestMethod codeBase="TestAssembly.dll" className="TestNamespace.TestClass5" name="Test1842" />
    </UnitTest>
    <UnitTest name="Test1843" id="82295bf3-e614-4ed9-82da-1bd817b84ef7" storage="TestAssembly.dll">
      <Execution id="15e6735e-5c19-454e-8900-5373485e3530" />
      <TestMethod codeBase="TestAssembly.dll" className="TestNamespace.TestClass5" name="Test1843" />
    </UnitTest>
    <UnitTest name="Test1844" id="650babd1-e65d-40dd-a5b1-ad9369020612" storage="TestAssembly.dll">
      <Execution id="78ab73b1-8d2f-4479-8c9a-505cad0228c9" />
      <TestMethod codeBase="TestAssembly.dll" className="TestNamespace.TestClass5" name="Test1844" />
    </UnitTest>
    <UnitTest name="Test1845" id="2eea9394-7d88-48d8-baf9-da56d50d576e" storage="TestAssembly.dll">
      <Execution id="389140fc-44ba-4389-9faf-f8b542fb250e" />
      <TestMethod codeBase="TestAssembly.dll" className="TestNamespace.TestClass5" name="Test1845" />
    </UnitTest>
    <UnitTest name="Test1846" id="1db3e45f-4e7c-4549-ada8-76d2846367d1" storage="TestAssembly.dll">
      <Execution id="d53e8925-b8fe-424c-8850-1044eb483da1" />
      <TestMethod codeBase="TestAssembly.dll" className="TestNamespace.TestClass5" name="Test1846" />
    </UnitTest>
    <UnitTest name="Test1847" id="8c008e75-d0ed-4085-b319-17b06e24bb70" storage="TestAssembly.dll">
      <Execution id="b5fd2766-9d3e-450a-bcce-8978da006ebd" />
      <TestMethod codeBase="TestAssembly.dll" className="TestNamespace.TestClass5" name="Test1847" />
    </UnitTest>
    <UnitTest name="Test1848" id="decf58ee-b614-40bd-9708-f309f6983552" storage="TestAssembly.dll">
      <Execution id="69d071d3-d598-40b3-b0dc-906d6e67544a" />
      <TestMethod codeBase="TestAssembly.dll" className="TestNamespace.TestClass5" name="Test1848" />
    </UnitTest>
    <UnitTest name="Test1849" id="c67c1b57-480d-48bb-8dfa-0f46c096c65c" storage="TestAssembly.dll">
      <Execution id="7d560741-08a5-4f5f-9e60-4919ba4edbd7" />
      <TestMethod codeBase="TestAssembly.dll" className="TestNamespace.TestClass5" name="Test1849" />
    </UnitTest>
    <UnitTest name="Test1850" id="9738a6cc-5ca3-4911-b013-5514f5d75027" storage="TestAssembly.dll">
      <Execution id="857842c2-677f-440b-bf30-5dc5cdd3b7e1" />
      <TestMethod codeBase="TestAssembly.dll" className="TestNamespace.TestClass5" name="Test1850" />
    </UnitTest>
    <UnitTest name="Test1851" id="39848d08-fae0-4b4b-88da-96fae4767fb1" storage="TestAssembly.dll">
      <Execution id="1c5eaa5e-5375-41bb-8d10-e6493d322b0c" />
      <TestMethod codeBase="TestAssembly.dll" className="TestNamespace.TestClass6" name="Test1851" />
    </UnitTest>
    <UnitTest name="Test1852" id="fe66162d-d101-4387-906f-17b1736cf038" storage="TestAssembly.dll">
      <Execution id="0982337d-e8cb-4d93-baf9-62660fc69892" />
      <TestMethod codeBase="TestAssembly.dll" className="TestNamespace.TestClass6" name="Test1852" />
    </UnitTest>
    <UnitTest name="Test1853" id="321b00c9-308f-4330-b364-2acb22ef1ad9" storage="TestAssembly.dll">
      <Execution id="027237e9-37fd-4b11-abad-67fbe73c97c3" />
      <TestMethod codeBase="TestAssembly.dll" className="TestNamespace.TestClass6" name="Test1853" />
    </UnitTest>
    <UnitTest name="Test1854" id="fc43587d-266d-4bd8-8605-1451b1d56823" storage="TestAssembly.dll">
      <Execution id="8e756ed9-e9f3-4dce-9a71-a7f392dbb1b2" />
      <TestMethod codeBase="TestAssembly.dll" className="TestNamespace.TestClass6" name="Test1854" />
    </UnitTest>
    <UnitTest name="Test1855" id="14279052-0382-4874-a672-e60441dfeda8" storage="TestAssembly.dll">
      <Execution id="616f1423-70de-45dc-9541-0988cdb39c09" />
      <TestMethod codeBase="TestAssembly.dll" className="TestNamespace.TestClass6" name="Test1855" />
    </UnitTest>
    <UnitTest name="Test1856" id="8423f45c-1235-4c9c-9945-5a016a7fda3f" storage="TestAssembly.dll">
      <Execution id="34f22ea0-3447-4312-918a-a20a7a4558a8" />
      <TestMethod codeBase="TestAssembly.dll" className="TestNamespace.TestClass6" name="Test1856" />
    </UnitTest>
    <UnitTest name="Test1857" id="c768b8ca-6ba8-45f3-b58f-5f07c3a81972" storage="TestAssembly.dll">
      <Execution id="df49825b-860a-4a16-8d28-1c8f20901667" />
      <TestMethod codeBase="TestAssembly.dll" className="TestNamespace.TestClass6" name="Test1857" />
    </UnitTest>
    <UnitTest name="Test1858" id="25871060-cd84-4683-bf1b-2509ebb7d34a" storage="TestAssembly.dll">
      <Execution id="f1b0d9ad-3f3e-4981-91a8-0bd533423666" />
      <TestMethod codeBase="TestAssembly.dll" className="TestNamespace.TestClass6" name="Test1858" />
    </UnitTest>
    <UnitTest name="Test1859" id="404ead6c-e50f-40c9-be67-c0c017c6a8da" storage="TestAssembly.dll">
      <Execution id="6a560317-6259-4138-beac-c46cdd38aa6b" />
      <TestMethod codeBase="TestAssembly.dll" className="TestNamespace.TestClass6" name="Test1859" />
    </UnitTest>
    <UnitTest name="Test1860" id="ea12bf49-1a05-4cc5-a1d8-86f882a66c78" storage="TestAssembly.dll">
      <Execution id="46b033cc-ebe7-49c1-8f8b-22ab9d4d218d" />
      <TestMethod codeBase="TestAssembly.dll" className="TestNamespace.TestClass6" name="Test1860" />
    </UnitTest>
    <UnitTest name="Test1861" id="34388f21-ce1a-444c-9a51-ec91287c20e4" storage="TestAssembly.dll">
      <Execution id="451a3410-cec1-4631-8b3c-5282b3756755" />
      <TestMethod codeBase="TestAssembly.dll" className="TestNamespace.TestClass7" name="Test1861" />
    </UnitTest>
    <UnitTest name="Test1862" id="6a8debaf-dec2-45db-9de7-744484118dc6" storage="TestAssembly.dll">
      <Execution id="181c1315-8650-4549-847a-7d8e9d1b5a1a" />
      <TestMethod codeBase="TestAssembly.dll" className="TestNamespace.TestClass7" name="Test1862" />
    </UnitTest>
    <UnitTest name="Test1863" id="659a892d-9549-4782-ad5e-ffdfd71c9b78" storage="TestAssembly.dll">
      <Execution id="0786efe6-c17f-469f-8c34-d6c4822a3a52" />
      <TestMethod codeBase="TestAssembly.dll" className="TestNamespace.TestClass7" name="Test1863" />
    </UnitTest>
    <UnitTest name="Test1864" id="850d709b-30a8-46c5-b0a4-18b790484beb" storage="TestAssembly.dll">
      <Execution id="667c3bfd-e903-40b8-a328-9c75bb65771f" />
      <TestMethod codeBase="TestAssembly.dll" className="TestNamespace.TestClass7" name="Test1864" />
    </UnitTest>
    <UnitTest name="Test1865" id="3179304f-14df-4719-9d9e-7e81958259cf" storage="TestAssembly.dll">
      <Execution id="b9c86497-bf71-4cbc-a695-a5b7c755c067" />
      <TestMethod codeBase="TestAssembly.dll" className="TestNamespace.TestClass7" name="Test1865" />
    </UnitTest>
    <UnitTest name="Test1866" id="c50bbbdf-988e-41f3-9de6-38b5dea8f89e" storage="TestAssembly.dll">
      <Execution id="95afd096-c8d1-4bf6-a09f-188163139d75" />
      <TestMethod codeBase="TestAssembly.dll" className="TestNamespace.TestClass7" name="Test1866" />
    </UnitTest>
    <UnitTest name="Test1867" id="10dfd571-0723-41dd-8082-427a1d60caa6" storage="TestAssembly.dll">
      <Execution id="6de7ff96-89bb-4d13-8fb9-cf0a0e2ca71f" />
      <TestMethod codeBase="TestAssembly.dll" className="TestNamespace.TestClass7" name="Test1867" />
    </UnitTest>
    <UnitTest name="Test1868" id="6dc12ecf-15be-41e3-b5fb-ba7be20b1f61" storage="TestAssembly.dll">
      <Execution id="b5da4171-b5c7-4ea4-8efd-4adaf4ddd028" />
      <TestMethod codeBase="TestAssembly.dll" className="TestNamespace.TestClass7" name="Test1868" />
    </UnitTest>
    <UnitTest name="Test1869" id="56380785-66bd-4c54-b52e-8480b9b45d1c" storage="TestAssembly.dll">
      <Execution id="d4ca8af5-b503-4cd8-a460-42d595ec6f54" />
      <TestMethod codeBase="TestAssembly.dll" className="TestNamespace.TestClass7" name="Test1869" />
    </UnitTest>
    <UnitTest name="Test1870" id="2571356a-7cc1-4950-b837-35b8f392dde2" storage="TestAssembly.dll">
      <Execution id="a3c2edb7-a18f-4c5c-a1b2-59eeef419f9f" />
      <TestMethod codeBase="TestAssembly.dll" className="TestNamespace.TestClass7" name="Test1870" />
    </UnitTest>
    <UnitTest name="Test1871" id="125572e9-2c88-4299-8bde-3991aad4642a" storage="TestAssembly.dll">
      <Execution id="7d929ffa-dddf-435f-b0ae-56037609a982" />
      <TestMethod codeBase="TestAssembly.dll" className="TestNamespace.TestClass8" name="Test1871" />
    </UnitTest>
    <UnitTest name="Test1872" id="12b380dc-be33-427f-96ad-0688b48da158" storage="TestAssembly.dll">
      <Execution id="fbb178c5-e78c-4ec4-85ec-351dac0d2b9c" />
      <TestMethod codeBase="TestAssembly.dll" className="TestNamespace.TestClass8" name="Test1872" />
    </UnitTest>
    <UnitTest name="Test1873" id="1fd8f9ce-126b-4986-85f5-49be43150004" storage="TestAssembly.dll">
      <Execution id="ec243070-f0be-4b8c-84d4-fb3f48b716b5" />
      <TestMethod codeBase="TestAssembly.dll" className="TestNamespace.TestClass8" name="Test1873" />
    </UnitTest>
    <UnitTest name="Test1874" id="9c93e81b-e7a3-4e76-8dbf-4b2a7a2e9f40" storage="TestAssembly.dll">
      <Execution id="b72d3ad3-e450-4d80-9e50-0754ede3efed" />
      <TestMethod codeBase="TestAssembly.dll" className="TestNamespace.TestClass8" name="Test1874" />
    </UnitTest>
    <UnitTest name="Test1875" id="42cea5a3-3423-4296-9188-6bd251e634e5" storage="TestAssembly.dll">
      <Execution id="1dcf0e32-53f7-4045-8da6-7b92fbd56953" />
      <TestMethod codeBase="TestAssembly.dll" className="TestNamespace.TestClass8" name="Test1875" />
    </UnitTest>
    <UnitTest name="Test1876" id="d63c56da-438d-4919-afb7-dba09be2629a" storage="TestAssembly.dll">
      <Execution id="2eafc794-0aaf-463c-9451-7be2f518d691" />
      <TestMethod codeBase="TestAssembly.dll" className="TestNamespace.TestClass8" name="Test1876" />
    </UnitTest>
    <UnitTest name="Test1877" id="8a465cd2-da64-4c25-9dba-e8b84802ac52" storage="TestAssembly.dll">
      <Execution id="8f40ee1f-d75d-46f8-8896-2b7291170e31" />
      <TestMethod codeBase="TestAssembly.dll" className="TestNamespace.TestClass8" name="Test1877" />
    </UnitTest>
    <UnitTest name="Test1878" id="641dee0a-be4f-4d65-a6ec-33cdb862bb7c" storage="TestAssembly.dll">
      <Execution id="a60dba3d-28ed-4f29-9b9d-5c6f4670a777" />
      <TestMethod codeBase="TestAssembly.dll" className="TestNamespace.TestClass8" name="Test1878" />
    </UnitTest>
    <UnitTest name="Test1879" id="b90c9e15-0886-4d06-87ce-3297ba19fafa" storage="TestAssembly.dll">
      <Execution id="b8366e0d-9969-4d2a-9f6c-06d575b679cc" />
      <TestMethod codeBase="TestAssembly.dll" className="TestNamespace.TestClass8" name="Test1879" />
    </UnitTest>
    <UnitTest name="Test1880" id="7933345b-e3d7-46d5-ac55-0463e182f299" storage="TestAssembly.dll">
      <Execution id="00608446-1fdd-4599-b5c9-ad26327ab981" />
      <TestMethod codeBase="TestAssembly.dll" className="TestNamespace.TestClass8" name="Test1880" />
    </UnitTest>
    <UnitTest name="Test1881" id="bb442c15-f475-491a-86d9-86440a845673" storage="TestAssembly.dll">
      <Execution id="baecb9aa-1fd7-4dbf-a6fe-c43af8f096a5" />
      <TestMethod codeBase="TestAssembly.dll" className="TestNamespace.TestClass9" name="Test1881" />
    </UnitTest>
    <UnitTest name="Test1882" id="12f503b9-8961-486b-9cac-14886c219553" storage="TestAssembly.dll">
      <Execution id="2b919377-7794-427a-ac55-bf95cf8c5c68" />
      <TestMethod codeBase="TestAssembly.dll" className="TestNamespace.TestClass9" name="Test1882" />
    </UnitTest>
    <UnitTest name="Test1883" id="1d93389c-b715-4fad-b2b9-edf65e1f60f1" storage="TestAssembly.dll">
      <Execution id="0ab5fd95-4516-4552-9fd3-2eb3cbc2cabc" />
      <TestMethod codeBase="TestAssembly.dll" className="TestNamespace.TestClass9" name="Test1883" />
    </UnitTest>
    <UnitTest name="Test1884" id="86810040-1fd2-4b78-afc0-c312444aa16f" storage="TestAssembly.dll">
      <Execution id="28bf376d-f70a-497f-b1cf-351f22dc7d2e" />
      <TestMethod codeBase="TestAssembly.dll" className="TestNamespace.TestClass9" name="Test1884" />
    </UnitTest>
    <UnitTest name="Test1885" id="2f8933b2-b00c-4389-b232-7ac770b872d1" storage="TestAssembly.dll">
      <Execution id="d24dedca-ca78-40a0-826b-bcca19976bcf" />
      <TestMethod codeBase="TestAssembly.dll" className="TestNamespace.TestClass9" name="Test1885" />
    </UnitTest>
    <UnitTest name="Test1886" id="0bde1638-561c-4d4d-9a08-2b9fde27c5c6" storage="TestAssembly.dll">
      <Execution id="82a18b88-b481-488f-98e9-d6affab50ccb" />
      <TestMethod codeBase="TestAssembly.dll" className="TestNamespace.TestClass9" name="Test1886" />
    </UnitTest>
    <UnitTest name="Test1887" id="f133d1e9-de81-4814-9d29-4634ffa04c50" storage="TestAssembly.dll">
      <Execution id="aace6b24-650d-4f98-bb7a-f5b4e5baf3a9" />
      <TestMethod codeBase="TestAssembly.dll" className="TestNamespace.TestClass9" name="Test1887" />
    </UnitTest>
    <UnitTest name="Test1888" id="6cb4b3f3-9e29-496e-bfb3-e3a9d1eed9f7" storage="TestAssembly.dll">
      <Execution id="6c8bb954-5819-4cf9-9188-7350d5634cb9" />
      <TestMethod codeBase="TestAssembly.dll" className="TestNamespace.TestClass9" name="Test1888" />
    </UnitTest>
    <UnitTest name="Test1889" id="821b2464-b800-488c-8bc2-0db65f85e213" storage="TestAssembly.dll">
      <Execution id="223856e4-2421-4d61-9676-524ad4f72c48" />
      <TestMethod codeBase="TestAssembly.dll" className="TestNamespace.TestClass9" name="Test1889" />
    </UnitTest>
    <UnitTest name="Test1890" id="28ac7934-4711-4efe-af39-b2ff1f5300d7" storage="TestAssembly.dll">
      <Execution id="dbd5695f-75fc-4bcf-ad46-9621828bea87" />
      <TestMethod codeBase="TestAssembly.dll" className="TestNamespace.TestClass9" name="Test1890" />
    </UnitTest>
    <UnitTest name="Test1891" id="aea05e4b-f2c6-4cfd-8143-da5c5ec54801" storage="TestAssembly.dll">
      <Execution id="1caef23c-db69-4c9d-827e-906811763189" />
      <TestMethod codeBase="TestAssembly.dll" className="TestNamespace.TestClass10" name="Test1891" />
    </UnitTest>
    <UnitTest name="Test1892" id="cc6b99d6-4c52-4c49-a804-acb55697f08b" storage="TestAssembly.dll">
      <Execution id="bb1f3434-a87e-4ae9-8dd5-cce28b890e2c" />
      <TestMethod codeBase="TestAssembly.dll" className="TestNamespace.TestClass10" name="Test1892" />
    </UnitTest>
    <UnitTest name="Test1893" id="da15f179-1040-4ce2-a6fe-9942d3cbc72c" storage="TestAssembly.dll">
      <Execution id="1a8fc1d8-2cc7-44bd-ae23-a119e64b5613" />
      <TestMethod codeBase="TestAssembly.dll" className="TestNamespace.TestClass10" name="Test1893" />
    </UnitTest>
    <UnitTest name="Test1894" id="1bdb4d3a-b52d-4cf6-b354-b29bb19226a7" storage="TestAssembly.dll">
      <Execution id="a407b781-b309-4a80-9c7f-2c9d2a7c9438" />
      <TestMethod codeBase="TestAssembly.dll" className="TestNamespace.TestClass10" name="Test1894" />
    </UnitTest>
    <UnitTest name="Test1895" id="67c3f653-1886-4982-8788-afbd4793e4fe" storage="TestAssembly.dll">
      <Execution id="6129e6e0-d7d2-4c65-b09a-8299edf1519c" />
      <TestMethod codeBase="TestAssembly.dll" className="TestNamespace.TestClass10" name="Test1895" />
    </UnitTest>
    <UnitTest name="Test1896" id="df4a1168-ea8f-42bd-b0ed-071689555b5f" storage="TestAssembly.dll">
      <Execution id="dc1d2c6a-4a49-4e5e-b456-0f13e6207886" />
      <TestMethod codeBase="TestAssembly.dll" className="TestNamespace.TestClass10" name="Test1896" />
    </UnitTest>
    <UnitTest name="Test1897" id="1af63a31-f9e6-46b1-b9dd-bcb0a65b700b" storage="TestAssembly.dll">
      <Execution id="2cc1e1c9-9759-4d6f-b500-d051ed6a7408" />
      <TestMethod codeBase="TestAssembly.dll" className="TestNamespace.TestClass10" name="Test1897" />
    </UnitTest>
    <UnitTest name="Test1898" id="f49352ea-a7c6-4055-a65e-370dfac2dc2c" storage="TestAssembly.dll">
      <Execution id="2dfcd5d8-a404-4e79-914d-7495283ba304" />
      <TestMethod codeBase="TestAssembly.dll" className="TestNamespace.TestClass10" name="Test1898" />
    </UnitTest>
    <UnitTest name="Test1899" id="eec442d7-09b3-462e-ad86-422405f6c3df" storage="TestAssembly.dll">
      <Execution id="e03533cd-1720-49d5-990b-f1f1c5d6851e" />
      <TestMethod codeBase="TestAssembly.dll" className="TestNamespace.TestClass10" name="Test1899" />
    </UnitTest>
    <UnitTest name="Test1900" id="b0396500-650b-41a1-8722-4d06881e1216" storage="TestAssembly.dll">
      <Execution id="b84277f5-283e-4eb3-9212-2a0893da9ead" />
      <TestMethod codeBase="TestAssembly.dll" className="TestNamespace.TestClass10" name="Test1900" />
    </UnitTest>
  </TestDefinitions>
  <TestEntries>
    <TestEntry testId="31db5f45-82e5-4b8b-9a5b-a544516a7ed6" executionId="95c06233-5ad6-4e42-8d8f-fb995e1909a6" testListId="36c4c6c2-2db1-4300-97d3-e92adf982bc6" />
    <TestEntry testId="b4bff73a-c212-43ac-ade0-67c918e63137" executionId="cd8ab69d-b719-4fe4-8f08-92c4bb45915a" testListId="36c4c6c2-2db1-4300-97d3-e92adf982bc6" />
    <TestEntry testId="267598a1-bba4-4dc0-9ba2-89d22ec48db9" executionId="ed79dbaf-f283-499d-a609-2935f97df263" testListId="36c4c6c2-2db1-4300-97d3-e92adf982bc6" />
    <TestEntry testId="71b825d6-b74e-4965-bb55-f3bf3e764964" executionId="b9b80b08-5342-446f-a9e7-960e86477a69" testListId="36c4c6c2-2db1-4300-97d3-e92adf982bc6" />
    <TestEntry testId="2ca4e1f1-6eea-49a1-98c6-a9db68a2e6ba" executionId="bf0a33de-88c1-4235-acef-16405b67bc3f" testListId="36c4c6c2-2db1-4300-97d3-e92adf982bc6" />
    <TestEntry testId="cdf8c0b0-6a10-4876-8fd4-a6e7138273f9" executionId="360d2a0c-1000-4d9d-8e75-ab842e0df0a2" testListId="36c4c6c2-2db1-4300-97d3-e92adf982bc6" />
    <TestEntry testId="a6a357c7-a1f3-4f20-8160-9cd90adc52fb" executionId="aece43ce-bd5f-4746-8a7a-8fa35b454212" testListId="36c4c6c2-2db1-4300-97d3-e92adf982bc6" />
    <TestEntry testId="a7ab7f96-ae56-4499-a404-4a03906df245" executionId="c865fba2-1031-4408-b1fc-e00d57ef234a" testListId="36c4c6c2-2db1-4300-97d3-e92adf982bc6" />
    <TestEntry testId="86f81574-055b-4965-af09-a4a65243ed4c" executionId="c21d55cb-fa5e-48a7-a848-62322c243fb9" testListId="36c4c6c2-2db1-4300-97d3-e92adf982bc6" />
    <TestEntry testId="7ff6eec6-835a-4806-a3bc-983256a2280b" executionId="55edbb9d-0243-4052-94b3-e02c29f2030b" testListId="36c4c6c2-2db1-4300-97d3-e92adf982bc6" />
    <TestEntry testId="7834d0f2-7849-447b-8423-00182263ea13" executionId="b4e0dc45-8330-49af-a2b5-91ee543c9fc7" testListId="36c4c6c2-2db1-4300-97d3-e92adf982bc6" />
    <TestEntry testId="ce165f65-705b-43be-9fea-7d7446a72362" executionId="47d3b081-b6d2-4611-96a5-f27a3d713b5d" testListId="36c4c6c2-2db1-4300-97d3-e92adf982bc6" />
    <TestEntry testId="5f395658-b93b-421a-8d67-f92c9667d1d7" executionId="36739819-78b4-4190-a340-1aa83cff2350" testListId="36c4c6c2-2db1-4300-97d3-e92adf982bc6" />
    <TestEntry testId="b6561bad-f50b-4f04-b545-332b79fb8df9" executionId="425af42b-0f70-4ab7-837c-7791fed5fa11" testListId="36c4c6c2-2db1-4300-97d3-e92adf982bc6" />
    <TestEntry testId="e9a993f7-0d6f-4152-a12e-0ef46f601fc6" executionId="40a7f52e-441c-413e-b9e8-4cc9e071b92d" testListId="36c4c6c2-2db1-4300-97d3-e92adf982bc6" />
    <TestEntry testId="5ee998d8-bb6e-45fc-a78a-fc8ed7db6b14" executionId="190abbf0-57e9-441f-af4b-3c3b8dfa61b2" testListId="36c4c6c2-2db1-4300-97d3-e92adf982bc6" />
    <TestEntry testId="5d518603-684f-481f-aeba-9125dd1e3f97" executionId="6c3ae723-8536-4859-95d4-07e601dfc9d9" testListId="36c4c6c2-2db1-4300-97d3-e92adf982bc6" />
    <TestEntry testId="b071578c-ac84-4bf7-b5e3-74e8e91e30a5" executionId="063b511c-c723-4f62-aac9-de9b0e086b93" testListId="36c4c6c2-2db1-4300-97d3-e92adf982bc6" />
    <TestEntry testId="c82fc2d1-e482-466c-a910-034944066505" executionId="b4af53f8-db45-44fb-b6f4-92cb795d99b7" testListId="36c4c6c2-2db1-4300-97d3-e92adf982bc6" />
    <TestEntry testId="a0bf1e8c-77e1-4e64-a786-c91335629f12" executionId="64dff35c-b616-44be-8c15-d5ddd4569b64" testListId="36c4c6c2-2db1-4300-97d3-e92adf982bc6" />
    <TestEntry testId="db91b4d4-218a-41b6-9840-855ad5b17bfa" executionId="ed72f821-e25c-4d13-bef8-ecaa9497507a" testListId="36c4c6c2-2db1-4300-97d3-e92adf982bc6" />
    <TestEntry testId="1b43e4eb-532e-4d9c-9c99-df0429a6987c" executionId="3fa84733-90f1-42f0-8bd9-0262892f6927" testListId="36c4c6c2-2db1-4300-97d3-e92adf982bc6" />
    <TestEntry testId="77afaf82-61e5-4a0d-9c79-ccc338299a0f" executionId="ddbceb18-3ab8-4155-8400-b3fcdd28ee21" testListId="36c4c6c2-2db1-4300-97d3-e92adf982bc6" />
    <TestEntry testId="a5b3312c-ce3e-4f52-bd04-b319c7ff28ad" executionId="fcd2c00e-449c-4d51-9129-3a64caa8e0c1" testListId="36c4c6c2-2db1-4300-97d3-e92adf982bc6" />
    <TestEntry testId="f3ed2e14-970a-4c35-afea-b366f0b5653e" executionId="4577f914-1d43-4ef5-9fe2-ddaf45012ec3" testListId="36c4c6c2-2db1-4300-97d3-e92adf982bc6" />
    <TestEntry testId="e267e2f1-116d-4134-8227-6b2c1371e800" executionId="b7e0d010-fd7c-4490-8043-e3f52a9b87c1" testListId="36c4c6c2-2db1-4300-97d3-e92adf982bc6" />
    <TestEntry testId="8a04ec0e-f62e-460a-bcd1-3a09661fbd13" executionId="37d55769-c107-4f31-b4cd-9e26c55f6f1e" testListId="36c4c6c2-2db1-4300-97d3-e92adf982bc6" />
    <TestEntry testId="0b18b700-a708-4546-b234-e07d975c982d" executionId="4ccf215a-9595-45c4-b7d2-8a6195e2b835" testListId="36c4c6c2-2db1-4300-97d3-e92adf982bc6" />
    <TestEntry testId="8e024e0c-8318-444b-a19a-b18c6005436e" executionId="a970a86a-129c-4f8b-a423-ac66b83db3f0" testListId="36c4c6c2-2db1-4300-97d3-e92adf982bc6" />
    <TestEntry testId="66d6f765-b0a8-464a-a172-6f3ff4450dc7" executionId="cc8d512e-e8b7-4a29-858e-a48cf025431c" testListId="36c4c6c2-2db1-4300-97d3-e92adf982bc6" />
    <TestEntry testId="a7e49baf-5b99-40b2-9115-993375a41f8b" executionId="312ba2a8-890a-4f6d-a894-ee0d493cc6ff" testListId="36c4c6c2-2db1-4300-97d3-e92adf982bc6" />
    <TestEntry testId="4e91ffb8-cee4-4dbc-a260-aa6a43d42052" executionId="88fabd8a-de30-49ea-859f-0048c3e5372d" testListId="36c4c6c2-2db1-4300-97d3-e92adf982bc6" />
    <TestEntry testId="37ac8664-cae7-488d-bd81-eaf231594ad0" executionId="28d00c70-ba39-40bf-b12b-6a32a3519c06" testListId="36c4c6c2-2db1-4300-97d3-e92adf982bc6" />
    <TestEntry testId="3ad91b0f-c85f-4293-83f7-be5cb3d5c4b3" executionId="7d7c7f21-6f61-479a-a862-993c897d875d" testListId="36c4c6c2-2db1-4300-97d3-e92adf982bc6" />
    <TestEntry testId="744d076a-8467-4761-83d0-0484b7a83b9d" executionId="37c6497d-1219-4890-8e57-334e19d16184" testListId="36c4c6c2-2db1-4300-97d3-e92adf982bc6" />
    <TestEntry testId="3a07f0e0-4b0f-45fe-83ae-a744d7a2e1a3" executionId="c5834809-149a-469f-8812-5c86a3e799a0" testListId="36c4c6c2-2db1-4300-97d3-e92adf982bc6" />
    <TestEntry testId="3341a834-caa6-4d7c-a2e6-8a59fc20277b" executionId="fae24945-f554-473b-9eef-c44ed1e4e245" testListId="36c4c6c2-2db1-4300-97d3-e92adf982bc6" />
    <TestEntry testId="8aaa5b33-d19d-4cc1-a8a5-294531693402" executionId="f443cc19-6348-4143-8dae-428672212990" testListId="36c4c6c2-2db1-4300-97d3-e92adf982bc6" />
    <TestEntry testId="fe8f8d08-8af6-4581-9f32-305c3c955179" executionId="f0a93e8d-bdf6-4a29-a17d-63f2e50a94aa" testListId="36c4c6c2-2db1-4300-97d3-e92adf982bc6" />
    <TestEntry testId="68f42ce2-0284-4772-a4fc-740541adaad6" executionId="e0de396b-08dd-4aeb-be21-d879d160359c" testListId="36c4c6c2-2db1-4300-97d3-e92adf982bc6" />
    <TestEntry testId="8dedfdfd-bf64-4afd-93e7-292f7afe8a1d" executionId="70abc9d7-612e-4d41-8a42-873200bfde6d" testListId="36c4c6c2-2db1-4300-97d3-e92adf982bc6" />
    <TestEntry testId="436644ee-bd89-4fdd-8be1-3fa0dc3136de" executionId="c986cc84-7d4e-4789-8c96-13b725142083" testListId="36c4c6c2-2db1-4300-97d3-e92adf982bc6" />
    <TestEntry testId="82295bf3-e614-4ed9-82da-1bd817b84ef7" executionId="15e6735e-5c19-454e-8900-5373485e3530" testListId="36c4c6c2-2db1-4300-97d3-e92adf982bc6" />
    <TestEntry testId="650babd1-e65d-40dd-a5b1-ad9369020612" executionId="78ab73b1-8d2f-4479-8c9a-505cad0228c9" testListId="36c4c6c2-2db1-4300-97d3-e92adf982bc6" />
    <TestEntry testId="2eea9394-7d88-48d8-baf9-da56d50d576e" executionId="389140fc-44ba-4389-9faf-f8b542fb250e" testListId="36c4c6c2-2db1-4300-97d3-e92adf982bc6" />
    <TestEntry testId="1db3e45f-4e7c-4549-ada8-76d2846367d1" executionId="d53e8925-b8fe-424c-8850-1044eb483da1" testListId="36c4c6c2-2db1-4300-97d3-e92adf982bc6" />
    <TestEntry testId="8c008e75-d0ed-4085-b319-17b06e24bb70" executionId="b5fd2766-9d3e-450a-bcce-8978da006ebd" testListId="36c4c6c2-2db1-4300-97d3-e92adf982bc6" />
    <TestEntry testId="decf58ee-b614-40bd-9708-f309f6983552" executionId="69d071d3-d598-40b3-b0dc-906d6e67544a" testListId="36c4c6c2-2db1-4300-97d3-e92adf982bc6" />
    <TestEntry testId="c67c1b57-480d-48bb-8dfa-0f46c096c65c" executionId="7d560741-08a5-4f5f-9e60-4919ba4edbd7" testListId="36c4c6c2-2db1-4300-97d3-e92adf982bc6" />
    <TestEntry testId="9738a6cc-5ca3-4911-b013-5514f5d75027" executionId="857842c2-677f-440b-bf30-5dc5cdd3b7e1" testListId="36c4c6c2-2db1-4300-97d3-e92adf982bc6" />
    <TestEntry testId="39848d08-fae0-4b4b-88da-96fae4767fb1" executionId="1c5eaa5e-5375-41bb-8d10-e6493d322b0c" testListId="36c4c6c2-2db1-4300-97d3-e92adf982bc6" />
    <TestEntry testId="fe66162d-d101-4387-906f-17b1736cf038" executionId="0982337d-e8cb-4d93-baf9-62660fc69892" testListId="36c4c6c2-2db1-4300-97d3-e92adf982bc6" />
    <TestEntry testId="321b00c9-308f-4330-b364-2acb22ef1ad9" executionId="027237e9-37fd-4b11-abad-67fbe73c97c3" testListId="36c4c6c2-2db1-4300-97d3-e92adf982bc6" />
    <TestEntry testId="fc43587d-266d-4bd8-8605-1451b1d56823" executionId="8e756ed9-e9f3-4dce-9a71-a7f392dbb1b2" testListId="36c4c6c2-2db1-4300-97d3-e92adf982bc6" />
    <TestEntry testId="14279052-0382-4874-a672-e60441dfeda8" executionId="616f1423-70de-45dc-9541-0988cdb39c09" testListId="36c4c6c2-2db1-4300-97d3-e92adf982bc6" />
    <TestEntry testId="8423f45c-1235-4c9c-9945-5a016a7fda3f" executionId="34f22ea0-3447-4312-918a-a20a7a4558a8" testListId="36c4c6c2-2db1-4300-97d3-e92adf982bc6" />
    <TestEntry testId="c768b8ca-6ba8-45f3-b58f-5f07c3a81972" executionId="df49825b-860a-4a16-8d28-1c8f20901667" testListId="36c4c6c2-2db1-4300-97d3-e92adf982bc6" />
    <TestEntry testId="25871060-cd84-4683-bf1b-2509ebb7d34a" executionId="f1b0d9ad-3f3e-4981-91a8-0bd533423666" testListId="36c4c6c2-2db1-4300-97d3-e92adf982bc6" />
    <TestEntry testId="404ead6c-e50f-40c9-be67-c0c017c6a8da" executionId="6a560317-6259-4138-beac-c46cdd38aa6b" testListId="36c4c6c2-2db1-4300-97d3-e92adf982bc6" />
    <TestEntry testId="ea12bf49-1a05-4cc5-a1d8-86f882a66c78" executionId="46b033cc-ebe7-49c1-8f8b-22ab9d4d218d" testListId="36c4c6c2-2db1-4300-97d3-e92adf982bc6" />
    <TestEntry testId="34388f21-ce1a-444c-9a51-ec91287c20e4" executionId="451a3410-cec1-4631-8b3c-5282b3756755" testListId="36c4c6c2-2db1-4300-97d3-e92adf982bc6" />
    <TestEntry testId="6a8debaf-dec2-45db-9de7-744484118dc6" executionId="181c1315-8650-4549-847a-7d8e9d1b5a1a" testListId="36c4c6c2-2db1-4300-97d3-e92adf982bc6" />
    <TestEntry testId="659a892d-9549-4782-ad5e-ffdfd71c9b78" executionId="0786efe6-c17f-469f-8c34-d6c4822a3a52" testListId="36c4c6c2-2db1-4300-97d3-e92adf982bc6" />
    <TestEntry testId="850d709b-30a8-46c5-b0a4-18b790484beb" executionId="667c3bfd-e903-40b8-a328-9c75bb65771f" testListId="36c4c6c2-2db1-4300-97d3-e92adf982bc6" />
    <TestEntry testId="3179304f-14df-4719-9d9e-7e81958259cf" executionId="b9c86497-bf71-4cbc-a695-a5b7c755c067" testListId="36c4c6c2-2db1-4300-97d3-e92adf982bc6" />
    <TestEntry testId="c50bbbdf-988e-41f3-9de6-38b5dea8f89e" executionId="95afd096-c8d1-4bf6-a09f-188163139d75" testListId="36c4c6c2-2db1-4300-97d3-e92adf982bc6" />
    <TestEntry testId="10dfd571-0723-41dd-8082-427a1d60caa6" executionId="6de7ff96-89bb-4d13-8fb9-cf0a0e2ca71f" testListId="36c4c6c2-2db1-4300-97d3-e92adf982bc6" />
    <TestEntry testId="6dc12ecf-15be-41e3-b5fb-ba7be20b1f61" executionId="b5da4171-b5c7-4ea4-8efd-4adaf4ddd028" testListId="36c4c6c2-2db1-4300-97d3-e92adf982bc6" />
    <TestEntry testId="56380785-66bd-4c54-b52e-8480b9b45d1c" executionId="d4ca8af5-b503-4cd8-a460-42d595ec6f54" testListId="36c4c6c2-2db1-4300-97d3-e92adf982bc6" />
    <TestEntry testId="2571356a-7cc1-4950-b837-35b8f392dde2" executionId="a3c2edb7-a18f-4c5c-a1b2-59eeef419f9f" testListId="36c4c6c2-2db1-4300-97d3-e92adf982bc6" />
    <TestEntry testId="125572e9-2c88-4299-8bde-3991aad4642a" executionId="7d929ffa-dddf-435f-b0ae-56037609a982" testListId="36c4c6c2-2db1-4300-97d3-e92adf982bc6" />
    <TestEntry testId="12b380dc-be33-427f-96ad-0688b48da158" executionId="fbb178c5-e78c-4ec4-85ec-351dac0d2b9c" testListId="36c4c6c2-2db1-4300-97d3-e92adf982bc6" />
    <TestEntry testId="1fd8f9ce-126b-4986-85f5-49be43150004" executionId="ec243070-f0be-4b8c-84d4-fb3f48b716b5" testListId="36c4c6c2-2db1-4300-97d3-e92adf982bc6" />
    <TestEntry testId="9c93e81b-e7a3-4e76-8dbf-4b2a7a2e9f40" executionId="b72d3ad3-e450-4d80-9e50-0754ede3efed" testListId="36c4c6c2-2db1-4300-97d3-e92adf982bc6" />
    <TestEntry testId="42cea5a3-3423-4296-9188-6bd251e634e5" executionId="1dcf0e32-53f7-4045-8da6-7b92fbd56953" testListId="36c4c6c2-2db1-4300-97d3-e92adf982bc6" />
    <TestEntry testId="d63c56da-438d-4919-afb7-dba09be2629a" executionId="2eafc794-0aaf-463c-9451-7be2f518d691" testListId="36c4c6c2-2db1-4300-97d3-e92adf982bc6" />
    <TestEntry testId="8a465cd2-da64-4c25-9dba-e8b84802ac52" executionId="8f40ee1f-d75d-46f8-8896-2b7291170e31" testListId="36c4c6c2-2db1-4300-97d3-e92adf982bc6" />
    <TestEntry testId="641dee0a-be4f-4d65-a6ec-33cdb862bb7c" executionId="a60dba3d-28ed-4f29-9b9d-5c6f4670a777" testListId="36c4c6c2-2db1-4300-97d3-e92adf982bc6" />
    <TestEntry testId="b90c9e15-0886-4d06-87ce-3297ba19fafa" executionId="b8366e0d-9969-4d2a-9f6c-06d575b679cc" testListId="36c4c6c2-2db1-4300-97d3-e92adf982bc6" />
    <TestEntry testId="7933345b-e3d7-46d5-ac55-0463e182f299" executionId="00608446-1fdd-4599-b5c9-ad26327ab981" testListId="36c4c6c2-2db1-4300-97d3-e92adf982bc6" />
    <TestEntry testId="bb442c15-f475-491a-86d9-86440a845673" executionId="baecb9aa-1fd7-4dbf-a6fe-c43af8f096a5" testListId="36c4c6c2-2db1-4300-97d3-e92adf982bc6" />
    <TestEntry testId="12f503b9-8961-486b-9cac-14886c219553" executionId="2b919377-7794-427a-ac55-bf95cf8c5c68" testListId="36c4c6c2-2db1-4300-97d3-e92adf982bc6" />
    <TestEntry testId="1d93389c-b715-4fad-b2b9-edf65e1f60f1" executionId="0ab5fd95-4516-4552-9fd3-2eb3cbc2cabc" testListId="36c4c6c2-2db1-4300-97d3-e92adf982bc6" />
    <TestEntry testId="86810040-1fd2-4b78-afc0-c312444aa16f" executionId="28bf376d-f70a-497f-b1cf-351f22dc7d2e" testListId="36c4c6c2-2db1-4300-97d3-e92adf982bc6" />
    <TestEntry testId="2f8933b2-b00c-4389-b232-7ac770b872d1" executionId="d24dedca-ca78-40a0-826b-bcca19976bcf" testListId="36c4c6c2-2db1-4300-97d3-e92adf982bc6" />
    <TestEntry testId="0bde1638-561c-4d4d-9a08-2b9fde27c5c6" executionId="82a18b88-b481-488f-98e9-d6affab50ccb" testListId="36c4c6c2-2db1-4300-97d3-e92adf982bc6" />
    <TestEntry testId="f133d1e9-de81-4814-9d29-4634ffa04c50" executionId="aace6b24-650d-4f98-bb7a-f5b4e5baf3a9" testListId="36c4c6c2-2db1-4300-97d3-e92adf982bc6" />
    <TestEntry testId="6cb4b3f3-9e29-496e-bfb3-e3a9d1eed9f7" executionId="6c8bb954-5819-4cf9-9188-7350d5634cb9" testListId="36c4c6c2-2db1-4300-97d3-e92adf982bc6" />
    <TestEntry testId="821b2464-b800-488c-8bc2-0db65f85e213" executionId="223856e4-2421-4d61-9676-524ad4f72c48" testListId="36c4c6c2-2db1-4300-97d3-e92adf982bc6" />
    <TestEntry testId="28ac7934-4711-4efe-af39-b2ff1f5300d7" executionId="dbd5695f-75fc-4bcf-ad46-9621828bea87" testListId="36c4c6c2-2db1-4300-97d3-e92adf982bc6" />
    <TestEntry testId="aea05e4b-f2c6-4cfd-8143-da5c5ec54801" executionId="1caef23c-db69-4c9d-827e-906811763189" testListId="36c4c6c2-2db1-4300-97d3-e92adf982bc6" />
    <TestEntry testId="cc6b99d6-4c52-4c49-a804-acb55697f08b" executionId="bb1f3434-a87e-4ae9-8dd5-cce28b890e2c" testListId="36c4c6c2-2db1-4300-97d3-e92adf982bc6" />
    <TestEntry testId="da15f179-1040-4ce2-a6fe-9942d3cbc72c" executionId="1a8fc1d8-2cc7-44bd-ae23-a119e64b5613" testListId="36c4c6c2-2db1-4300-97d3-e92adf982bc6" />
    <TestEntry testId="1bdb4d3a-b52d-4cf6-b354-b29bb19226a7" executionId="a407b781-b309-4a80-9c7f-2c9d2a7c9438" testListId="36c4c6c2-2db1-4300-97d3-e92adf982bc6" />
    <TestEntry testId="67c3f653-1886-4982-8788-afbd4793e4fe" executionId="6129e6e0-d7d2-4c65-b09a-8299edf1519c" testListId="36c4c6c2-2db1-4300-97d3-e92adf982bc6" />
    <TestEntry testId="df4a1168-ea8f-42bd-b0ed-071689555b5f" executionId="dc1d2c6a-4a49-4e5e-b456-0f13e6207886" testListId="36c4c6c2-2db1-4300-97d3-e92adf982bc6" />
    <TestEntry testId="1af63a31-f9e6-46b1-b9dd-bcb0a65b700b" executionId="2cc1e1c9-9759-4d6f-b500-d051ed6a7408" testListId="36c4c6c2-2db1-4300-97d3-e92adf982bc6" />
    <TestEntry testId="f49352ea-a7c6-4055-a65e-370dfac2dc2c" executionId="2dfcd5d8-a404-4e79-914d-7495283ba304" testListId="36c4c6c2-2db1-4300-97d3-e92adf982bc6" />
    <TestEntry testId="eec442d7-09b3-462e-ad86-422405f6c3df" executionId="e03533cd-1720-49d5-990b-f1f1c5d6851e" testListId="36c4c6c2-2db1-4300-97d3-e92adf982bc6" />
    <TestEntry testId="b0396500-650b-41a1-8722-4d06881e1216" executionId="b84277f5-283e-4eb3-9212-2a0893da9ead" testListId="36c4c6c2-2db1-4300-97d3-e92adf982bc6" />
  </TestEntries>
  <TestLists>
    <TestList name="Results Not in a List" id="36c4c6c2-2db1-4300-97d3-e92adf982bc6" />
    <TestList name="All Loaded Results" id="9ac83a60-3efb-4620-8330-4cd376ba981c" />
  </TestLists>
</TestRun>