<?xml version="1.0" encoding="UTF-8"?>
<TestRun id="83703aeb-29d3-47d7-8da0-96f02acca974" name="Test Run 88" runUser="Oles Galatsan" xmlns="http://microsoft.com/schemas/VisualStudio/TeamTest/2010">
  <Times creation="2025-05-14T13:20:31.3125482Z" queuing="2025-05-14T13:20:31.3125482Z" start="2025-05-14T13:20:31.3146610Z" finish="2025-05-14T13:25:31.3147553Z" />
  <TestSettings name="Test Settings 88" id="f0d47a0a-0ba9-4af1-b7be-f9ce0e434aff" />
  <Results>
    <UnitTestResult executionId="93ed1dc9-c0c4-414b-b1b5-3306963d0734" testId="7903e982-c068-49bb-98da-ecef50f5e6a5" testName="Test8701" computerName="UA-LPT-OGA2" duration="00:00:01.0590000" startTime="2025-05-14T13:20:31.3146610Z" endTime="2025-05-14T13:25:31.3147553Z" testType="13cdc9d9-ddb5-4fa4-a97d-d965ccfc6d4b" outcome="Failed" testListId="ec1c9dbf-2280-4d2a-8dba-33e34ea64ad8">
      <Output>
        <ErrorInfo>
          <Message>Assertion failed: Expected value did not match actual value.</Message>
          <StackTrace>   at TestNamespace.TestClass.Test() in TestClass.cs:line 109</StackTrace>
        </ErrorInfo>
      </Output>
    </UnitTestResult>
    <UnitTestResult executionId="9f96a972-0a51-4d8d-9535-45b15b7c20a6" testId="20230be4-96ae-4863-960b-47f0e26c4647" testName="Test8702" computerName="UA-LPT-OGA2" duration="00:00:00.7330000" startTime="2025-05-14T13:20:31.3146610Z" endTime="2025-05-14T13:25:31.3147553Z" testType="13cdc9d9-ddb5-4fa4-a97d-d965ccfc6d4b" outcome="Passed" testListId="ec1c9dbf-2280-4d2a-8dba-33e34ea64ad8" />
    <UnitTestResult executionId="500101ea-0883-49fa-b6fa-eeb2b1801fe9" testId="e87f3da2-5893-401b-a6c9-f9c41e383310" testName="Test8703" computerName="UA-LPT-OGA2" duration="00:00:01.4240000" startTime="2025-05-14T13:20:31.3146610Z" endTime="2025-05-14T13:25:31.3147553Z" testType="13cdc9d9-ddb5-4fa4-a97d-d965ccfc6d4b" outcome="Passed" testListId="ec1c9dbf-2280-4d2a-8dba-33e34ea64ad8" />
    <UnitTestResult executionId="38a8174a-399c-4283-8009-b9fea6fb63ee" testId="84cb74eb-2194-4fe9-86e3-e57680969920" testName="Test8704" computerName="UA-LPT-OGA2" duration="00:00:01.2470000" startTime="2025-05-14T13:20:31.3146610Z" endTime="2025-05-14T13:25:31.3147553Z" testType="13cdc9d9-ddb5-4fa4-a97d-d965ccfc6d4b" outcome="Passed" testListId="ec1c9dbf-2280-4d2a-8dba-33e34ea64ad8" />
    <UnitTestResult executionId="c9c80cf0-1461-4129-80af-6566ab114ad1" testId="97c601c3-ef63-4c42-904e-a2228193f12e" testName="Test8705" computerName="UA-LPT-OGA2" duration="00:00:01.5790000" startTime="2025-05-14T13:20:31.3146610Z" endTime="2025-05-14T13:25:31.3147553Z" testType="13cdc9d9-ddb5-4fa4-a97d-d965ccfc6d4b" outcome="Passed" testListId="ec1c9dbf-2280-4d2a-8dba-33e34ea64ad8" />
    <UnitTestResult executionId="6dc66bad-61d0-45c9-b996-27f5246fe95c" testId="85decff0-2b8b-4028-9bca-2f5aba84668c" testName="Test8706" computerName="UA-LPT-OGA2" duration="00:00:00.5510000" startTime="2025-05-14T13:20:31.3146610Z" endTime="2025-05-14T13:25:31.3147553Z" testType="13cdc9d9-ddb5-4fa4-a97d-d965ccfc6d4b" outcome="Passed" testListId="ec1c9dbf-2280-4d2a-8dba-33e34ea64ad8" />
    <UnitTestResult executionId="619137d4-6e30-4cdc-849d-f06d866ba4e1" testId="3354e816-4a3d-4542-b128-4f197a144579" testName="Test8707" computerName="UA-LPT-OGA2" duration="00:00:01.8310000" startTime="2025-05-14T13:20:31.3146610Z" endTime="2025-05-14T13:25:31.3147553Z" testType="13cdc9d9-ddb5-4fa4-a97d-d965ccfc6d4b" outcome="Passed" testListId="ec1c9dbf-2280-4d2a-8dba-33e34ea64ad8" />
    <UnitTestResult executionId="8715469a-9fc7-4b6a-895d-bbb23844d408" testId="42032834-4141-4152-b878-13beb8456592" testName="Test8708" computerName="UA-LPT-OGA2" duration="00:00:01.2070000" startTime="2025-05-14T13:20:31.3146610Z" endTime="2025-05-14T13:25:31.3147553Z" testType="13cdc9d9-ddb5-4fa4-a97d-d965ccfc6d4b" outcome="Passed" testListId="ec1c9dbf-2280-4d2a-8dba-33e34ea64ad8" />
    <UnitTestResult executionId="bd3ee054-7011-4119-860c-fe2df2940187" testId="aeb07c4b-ba62-4794-97fd-73416989ee31" testName="Test8709" computerName="UA-LPT-OGA2" duration="00:00:00.0260000" startTime="2025-05-14T13:20:31.3146610Z" endTime="2025-05-14T13:25:31.3147553Z" testType="13cdc9d9-ddb5-4fa4-a97d-d965ccfc6d4b" outcome="Passed" testListId="ec1c9dbf-2280-4d2a-8dba-33e34ea64ad8" />
    <UnitTestResult executionId="732d94e9-5b07-46d5-8b7a-10c165b020b0" testId="eeaaafe0-ea05-4cbd-a223-defdf25db5d6" testName="Test8710" computerName="UA-LPT-OGA2" duration="00:00:00.3080000" startTime="2025-05-14T13:20:31.3146610Z" endTime="2025-05-14T13:25:31.3147553Z" testType="13cdc9d9-ddb5-4fa4-a97d-d965ccfc6d4b" outcome="Passed" testListId="ec1c9dbf-2280-4d2a-8dba-33e34ea64ad8" />
    <UnitTestResult executionId="0827a4d2-c184-44b3-96ac-c821b91e44cb" testId="f59f0c97-e015-4681-a65a-b953df56894d" testName="Test8711" computerName="UA-LPT-OGA2" duration="00:00:00.1810000" startTime="2025-05-14T13:20:31.3146610Z" endTime="2025-05-14T13:25:31.3147553Z" testType="13cdc9d9-ddb5-4fa4-a97d-d965ccfc6d4b" outcome="Passed" testListId="ec1c9dbf-2280-4d2a-8dba-33e34ea64ad8" />
    <UnitTestResult executionId="2967416a-5a50-4529-a0e5-1fd56310eff9" testId="39e10494-84bd-47a9-ad6e-82a8ad46cbb2" testName="Test8712" computerName="UA-LPT-OGA2" duration="00:00:00.7060000" startTime="2025-05-14T13:20:31.3146610Z" endTime="2025-05-14T13:25:31.3147553Z" testType="13cdc9d9-ddb5-4fa4-a97d-d965ccfc6d4b" outcome="Passed" testListId="ec1c9dbf-2280-4d2a-8dba-33e34ea64ad8" />
    <UnitTestResult executionId="1d9265b7-e70b-4ed4-9ee0-26ed9aa31fd8" testId="b7c45bfc-a6ea-440b-8b74-7eca4e5f11e5" testName="Test8713" computerName="UA-LPT-OGA2" duration="00:00:00.7450000" startTime="2025-05-14T13:20:31.3146610Z" endTime="2025-05-14T13:25:31.3147553Z" testType="13cdc9d9-ddb5-4fa4-a97d-d965ccfc6d4b" outcome="Passed" testListId="ec1c9dbf-2280-4d2a-8dba-33e34ea64ad8" />
    <UnitTestResult executionId="65e46f83-2528-43a2-943a-9534183f9027" testId="084702ba-4bf6-438c-9b0f-1f6840fdf998" testName="Test8714" computerName="UA-LPT-OGA2" duration="00:00:01.3630000" startTime="2025-05-14T13:20:31.3146610Z" endTime="2025-05-14T13:25:31.3147553Z" testType="13cdc9d9-ddb5-4fa4-a97d-d965ccfc6d4b" outcome="Passed" testListId="ec1c9dbf-2280-4d2a-8dba-33e34ea64ad8" />
    <UnitTestResult executionId="b4ba46f6-5200-4b84-9fdc-ca2139d82a18" testId="ec8064cd-54cf-4f0c-9081-0d276fdf63b0" testName="Test8715" computerName="UA-LPT-OGA2" duration="00:00:01.5830000" startTime="2025-05-14T13:20:31.3146610Z" endTime="2025-05-14T13:25:31.3147553Z" testType="13cdc9d9-ddb5-4fa4-a97d-d965ccfc6d4b" outcome="Failed" testListId="ec1c9dbf-2280-4d2a-8dba-33e34ea64ad8">
      <Output>
        <ErrorInfo>
          <Message>Assertion failed: Expected value did not match actual value.</Message>
          <StackTrace>   at TestNamespace.TestClass.Test() in TestClass.cs:line 441</StackTrace>
        </ErrorInfo>
      </Output>
    </UnitTestResult>
    <UnitTestResult executionId="84234165-8754-4c6b-9776-8aaf6f445010" testId="ae551438-bbc3-4e56-bc80-b88deb50ae53" testName="Test8716" computerName="UA-LPT-OGA2" duration="00:00:00.3320000" startTime="2025-05-14T13:20:31.3146610Z" endTime="2025-05-14T13:25:31.3147553Z" testType="13cdc9d9-ddb5-4fa4-a97d-d965ccfc6d4b" outcome="Passed" testListId="ec1c9dbf-2280-4d2a-8dba-33e34ea64ad8" />
    <UnitTestResult executionId="f8e1d363-473f-4303-b5f2-ece106eac184" testId="36c6544b-5f38-4cc6-aba5-f29d1a692100" testName="Test8717" computerName="UA-LPT-OGA2" duration="00:00:00.5860000" startTime="2025-05-14T13:20:31.3146610Z" endTime="2025-05-14T13:25:31.3147553Z" testType="13cdc9d9-ddb5-4fa4-a97d-d965ccfc6d4b" outcome="Passed" testListId="ec1c9dbf-2280-4d2a-8dba-33e34ea64ad8" />
    <UnitTestResult executionId="1f90cd5a-b47d-4cd5-bfcf-7159400c15ee" testId="4d85f5b7-7579-4a4c-b8d8-155ef2635e48" testName="Test8718" computerName="UA-LPT-OGA2" duration="00:00:01.6870000" startTime="2025-05-14T13:20:31.3146610Z" endTime="2025-05-14T13:25:31.3147553Z" testType="13cdc9d9-ddb5-4fa4-a97d-d965ccfc6d4b" outcome="Passed" testListId="ec1c9dbf-2280-4d2a-8dba-33e34ea64ad8" />
    <UnitTestResult executionId="8b15545c-b2c6-43f0-a6c9-d837089c7385" testId="eb0c1cc9-9587-42d1-8b2a-b3b2b1e07afe" testName="Test8719" computerName="UA-LPT-OGA2" duration="00:00:01.7140000" startTime="2025-05-14T13:20:31.3146610Z" endTime="2025-05-14T13:25:31.3147553Z" testType="13cdc9d9-ddb5-4fa4-a97d-d965ccfc6d4b" outcome="Passed" testListId="ec1c9dbf-2280-4d2a-8dba-33e34ea64ad8" />
    <UnitTestResult executionId="4fd9673f-1fa0-468b-8cbf-fa43382c5909" testId="5a855b24-3345-4b0f-b232-860d0d423833" testName="Test8720" computerName="UA-LPT-OGA2" duration="00:00:00.7180000" startTime="2025-05-14T13:20:31.3146610Z" endTime="2025-05-14T13:25:31.3147553Z" testType="13cdc9d9-ddb5-4fa4-a97d-d965ccfc6d4b" outcome="Passed" testListId="ec1c9dbf-2280-4d2a-8dba-33e34ea64ad8" />
    <UnitTestResult executionId="3ee0329b-6283-4c8b-ad0d-d8377f0b7d7f" testId="ceb7806a-eb93-4890-bac7-97c274cf4c11" testName="Test8721" computerName="UA-LPT-OGA2" duration="00:00:01.6790000" startTime="2025-05-14T13:20:31.3146610Z" endTime="2025-05-14T13:25:31.3147553Z" testType="13cdc9d9-ddb5-4fa4-a97d-d965ccfc6d4b" outcome="Passed" testListId="ec1c9dbf-2280-4d2a-8dba-33e34ea64ad8" />
    <UnitTestResult executionId="61e468fd-f91f-44c2-99a1-61c65b8accd3" testId="d249b26a-c3d4-4f29-a3fa-e51227d411a8" testName="Test8722" computerName="UA-LPT-OGA2" duration="00:00:01.5340000" startTime="2025-05-14T13:20:31.3146610Z" endTime="2025-05-14T13:25:31.3147553Z" testType="13cdc9d9-ddb5-4fa4-a97d-d965ccfc6d4b" outcome="Passed" testListId="ec1c9dbf-2280-4d2a-8dba-33e34ea64ad8" />
    <UnitTestResult executionId="1e706879-25cb-4605-9efa-5e937d369732" testId="c25bd4db-c8cf-446e-92da-18b3d079422e" testName="Test8723" computerName="UA-LPT-OGA2" duration="00:00:00.6630000" startTime="2025-05-14T13:20:31.3146610Z" endTime="2025-05-14T13:25:31.3147553Z" testType="13cdc9d9-ddb5-4fa4-a97d-d965ccfc6d4b" outcome="Passed" testListId="ec1c9dbf-2280-4d2a-8dba-33e34ea64ad8" />
    <UnitTestResult executionId="156c1662-6aa1-40b7-ad32-ec94826c9900" testId="c4bf260c-9975-45f9-8051-973ec7f78c01" testName="Test8724" computerName="UA-LPT-OGA2" duration="00:00:00.5540000" startTime="2025-05-14T13:20:31.3146610Z" endTime="2025-05-14T13:25:31.3147553Z" testType="13cdc9d9-ddb5-4fa4-a97d-d965ccfc6d4b" outcome="Passed" testListId="ec1c9dbf-2280-4d2a-8dba-33e34ea64ad8" />
    <UnitTestResult executionId="51b5de9c-c9ec-482e-a963-858c467e7879" testId="3b007d0b-7b47-4d5a-a90f-aff8574e95d8" testName="Test8725" computerName="UA-LPT-OGA2" duration="00:00:01.8830000" startTime="2025-05-14T13:20:31.3146610Z" endTime="2025-05-14T13:25:31.3147553Z" testType="13cdc9d9-ddb5-4fa4-a97d-d965ccfc6d4b" outcome="Passed" testListId="ec1c9dbf-2280-4d2a-8dba-33e34ea64ad8" />
    <UnitTestResult executionId="4073fb62-7eb5-4483-989b-502e12925042" testId="18c0cd1e-63f6-41b0-994c-c1712e4be399" testName="Test8726" computerName="UA-LPT-OGA2" duration="00:00:01.0740000" startTime="2025-05-14T13:20:31.3146610Z" endTime="2025-05-14T13:25:31.3147553Z" testType="13cdc9d9-ddb5-4fa4-a97d-d965ccfc6d4b" outcome="Passed" testListId="ec1c9dbf-2280-4d2a-8dba-33e34ea64ad8" />
    <UnitTestResult executionId="f4912f75-e283-4c67-af79-7fec70b397aa" testId="b21c2989-877e-4ed2-8741-ae25e4f5a732" testName="Test8727" computerName="UA-LPT-OGA2" duration="00:00:00.5620000" startTime="2025-05-14T13:20:31.3146610Z" endTime="2025-05-14T13:25:31.3147553Z" testType="13cdc9d9-ddb5-4fa4-a97d-d965ccfc6d4b" outcome="Passed" testListId="ec1c9dbf-2280-4d2a-8dba-33e34ea64ad8" />
    <UnitTestResult executionId="c0623444-ae7f-4f07-aa0a-707a578bea72" testId="9d05a0af-f306-4437-8737-4c8787369dcc" testName="Test8728" computerName="UA-LPT-OGA2" duration="00:00:00.0340000" startTime="2025-05-14T13:20:31.3146610Z" endTime="2025-05-14T13:25:31.3147553Z" testType="13cdc9d9-ddb5-4fa4-a97d-d965ccfc6d4b" outcome="Passed" testListId="ec1c9dbf-2280-4d2a-8dba-33e34ea64ad8" />
    <UnitTestResult executionId="26296a46-a7cf-4ca4-9cd7-a99a57c7f998" testId="aa451bd0-e9e4-4cc2-b35e-a173b49d87f2" testName="Test8729" computerName="UA-LPT-OGA2" duration="00:00:00.2800000" startTime="2025-05-14T13:20:31.3146610Z" endTime="2025-05-14T13:25:31.3147553Z" testType="13cdc9d9-ddb5-4fa4-a97d-d965ccfc6d4b" outcome="Passed" testListId="ec1c9dbf-2280-4d2a-8dba-33e34ea64ad8" />
    <UnitTestResult executionId="bc2a3eb0-e842-4239-b0f0-30984f3053e0" testId="1a4c8215-5deb-45c5-80a6-38fb84bdf830" testName="Test8730" computerName="UA-LPT-OGA2" duration="00:00:01.7000000" startTime="2025-05-14T13:20:31.3146610Z" endTime="2025-05-14T13:25:31.3147553Z" testType="13cdc9d9-ddb5-4fa4-a97d-d965ccfc6d4b" outcome="Passed" testListId="ec1c9dbf-2280-4d2a-8dba-33e34ea64ad8" />
    <UnitTestResult executionId="cdc275c6-a493-48ef-b775-79f634149f83" testId="32177b76-d81c-4abc-a552-be368bf5726f" testName="Test8731" computerName="UA-LPT-OGA2" duration="00:00:01.1820000" startTime="2025-05-14T13:20:31.3146610Z" endTime="2025-05-14T13:25:31.3147553Z" testType="13cdc9d9-ddb5-4fa4-a97d-d965ccfc6d4b" outcome="Passed" testListId="ec1c9dbf-2280-4d2a-8dba-33e34ea64ad8" />
    <UnitTestResult executionId="e564b1ab-7378-4581-8ac1-cc13673274fc" testId="087a6f65-4f3f-4c2e-ba8b-04227b52f5db" testName="Test8732" computerName="UA-LPT-OGA2" duration="00:00:01.8780000" startTime="2025-05-14T13:20:31.3146610Z" endTime="2025-05-14T13:25:31.3147553Z" testType="13cdc9d9-ddb5-4fa4-a97d-d965ccfc6d4b" outcome="Passed" testListId="ec1c9dbf-2280-4d2a-8dba-33e34ea64ad8" />
    <UnitTestResult executionId="1a1aa830-4f99-4c86-978a-e6062afbf565" testId="92b225b2-68fd-49a5-9a7d-fa7ba9d2810c" testName="Test8733" computerName="UA-LPT-OGA2" duration="00:00:01.4890000" startTime="2025-05-14T13:20:31.3146610Z" endTime="2025-05-14T13:25:31.3147553Z" testType="13cdc9d9-ddb5-4fa4-a97d-d965ccfc6d4b" outcome="Passed" testListId="ec1c9dbf-2280-4d2a-8dba-33e34ea64ad8" />
    <UnitTestResult executionId="c21a20da-cea3-45f9-a956-bd888a4acd73" testId="cb95a760-8448-49b3-a4bd-6975c0ca2624" testName="Test8734" computerName="UA-LPT-OGA2" duration="00:00:01.8300000" startTime="2025-05-14T13:20:31.3146610Z" endTime="2025-05-14T13:25:31.3147553Z" testType="13cdc9d9-ddb5-4fa4-a97d-d965ccfc6d4b" outcome="Passed" testListId="ec1c9dbf-2280-4d2a-8dba-33e34ea64ad8" />
    <UnitTestResult executionId="594e178b-fd4e-488e-a69c-5473c4945123" testId="065fca3b-f971-47f3-bd54-711ac2d699b9" testName="Test8735" computerName="UA-LPT-OGA2" duration="00:00:00.2620000" startTime="2025-05-14T13:20:31.3146610Z" endTime="2025-05-14T13:25:31.3147553Z" testType="13cdc9d9-ddb5-4fa4-a97d-d965ccfc6d4b" outcome="Passed" testListId="ec1c9dbf-2280-4d2a-8dba-33e34ea64ad8" />
    <UnitTestResult executionId="00bdd7b6-435f-4f15-9c5c-e72f6d8b9e93" testId="cfbba7fe-f180-4821-b951-102f4c26d092" testName="Test8736" computerName="UA-LPT-OGA2" duration="00:00:00.7120000" startTime="2025-05-14T13:20:31.3146610Z" endTime="2025-05-14T13:25:31.3147553Z" testType="13cdc9d9-ddb5-4fa4-a97d-d965ccfc6d4b" outcome="Passed" testListId="ec1c9dbf-2280-4d2a-8dba-33e34ea64ad8" />
    <UnitTestResult executionId="4a57bc0c-1600-4b0c-9bb0-f0eb3074dcf3" testId="8415a6d0-6ac5-4a35-83c5-f3516ea5a22c" testName="Test8737" computerName="UA-LPT-OGA2" duration="00:00:00.2510000" startTime="2025-05-14T13:20:31.3146610Z" endTime="2025-05-14T13:25:31.3147553Z" testType="13cdc9d9-ddb5-4fa4-a97d-d965ccfc6d4b" outcome="Passed" testListId="ec1c9dbf-2280-4d2a-8dba-33e34ea64ad8" />
    <UnitTestResult executionId="0d820b8f-146a-4a0a-9829-0b2d04a0c3bb" testId="3b7e664b-018f-460a-8493-3075f9bdce0f" testName="Test8738" computerName="UA-LPT-OGA2" duration="00:00:00.1970000" startTime="2025-05-14T13:20:31.3146610Z" endTime="2025-05-14T13:25:31.3147553Z" testType="13cdc9d9-ddb5-4fa4-a97d-d965ccfc6d4b" outcome="Passed" testListId="ec1c9dbf-2280-4d2a-8dba-33e34ea64ad8" />
    <UnitTestResult executionId="e17c0920-bfe8-4f7e-9a39-1071e773e0dc" testId="7baa8594-e950-49cb-a65b-1c02a41173b2" testName="Test8739" computerName="UA-LPT-OGA2" duration="00:00:01.0990000" startTime="2025-05-14T13:20:31.3146610Z" endTime="2025-05-14T13:25:31.3147553Z" testType="13cdc9d9-ddb5-4fa4-a97d-d965ccfc6d4b" outcome="Passed" testListId="ec1c9dbf-2280-4d2a-8dba-33e34ea64ad8" />
    <UnitTestResult executionId="129e4d2d-6ce3-4015-b20f-38e5930ef762" testId="ca9628ec-4ed6-4cf3-b92c-76b4f72e1d16" testName="Test8740" computerName="UA-LPT-OGA2" duration="00:00:00.7990000" startTime="2025-05-14T13:20:31.3146610Z" endTime="2025-05-14T13:25:31.3147553Z" testType="13cdc9d9-ddb5-4fa4-a97d-d965ccfc6d4b" outcome="Passed" testListId="ec1c9dbf-2280-4d2a-8dba-33e34ea64ad8" />
    <UnitTestResult executionId="93b00c6f-8d3d-4a8b-9383-00cd5b58fce2" testId="efa61c89-903d-48d1-83a4-c2f1f50308fa" testName="Test8741" computerName="UA-LPT-OGA2" duration="00:00:00.1940000" startTime="2025-05-14T13:20:31.3146610Z" endTime="2025-05-14T13:25:31.3147553Z" testType="13cdc9d9-ddb5-4fa4-a97d-d965ccfc6d4b" outcome="Passed" testListId="ec1c9dbf-2280-4d2a-8dba-33e34ea64ad8" />
    <UnitTestResult executionId="fdcc4612-9d30-45e2-a91c-302c6c63ca8a" testId="8c61dfe0-442e-4de8-83c2-28b689098a67" testName="Test8742" computerName="UA-LPT-OGA2" duration="00:00:00.8340000" startTime="2025-05-14T13:20:31.3146610Z" endTime="2025-05-14T13:25:31.3147553Z" testType="13cdc9d9-ddb5-4fa4-a97d-d965ccfc6d4b" outcome="Passed" testListId="ec1c9dbf-2280-4d2a-8dba-33e34ea64ad8" />
    <UnitTestResult executionId="767ece56-69de-4473-b6bf-2158a507438a" testId="c98e4330-8b30-4cd0-ac85-ef4334dfee4e" testName="Test8743" computerName="UA-LPT-OGA2" duration="00:00:01.7700000" startTime="2025-05-14T13:20:31.3146610Z" endTime="2025-05-14T13:25:31.3147553Z" testType="13cdc9d9-ddb5-4fa4-a97d-d965ccfc6d4b" outcome="Passed" testListId="ec1c9dbf-2280-4d2a-8dba-33e34ea64ad8" />
    <UnitTestResult executionId="a02aaf8b-56db-49ba-b006-5e9ca1e11987" testId="b3e71e23-4954-48c6-9e81-c3564b5d6b87" testName="Test8744" computerName="UA-LPT-OGA2" duration="00:00:01.8200000" startTime="2025-05-14T13:20:31.3146610Z" endTime="2025-05-14T13:25:31.3147553Z" testType="13cdc9d9-ddb5-4fa4-a97d-d965ccfc6d4b" outcome="Passed" testListId="ec1c9dbf-2280-4d2a-8dba-33e34ea64ad8" />
    <UnitTestResult executionId="c6a69ccd-313d-4559-81ea-f7ad2da312f0" testId="7abdd3e6-0d59-4776-8bd5-2a1403a6425e" testName="Test8745" computerName="UA-LPT-OGA2" duration="00:00:01.1730000" startTime="2025-05-14T13:20:31.3146610Z" endTime="2025-05-14T13:25:31.3147553Z" testType="13cdc9d9-ddb5-4fa4-a97d-d965ccfc6d4b" outcome="Passed" testListId="ec1c9dbf-2280-4d2a-8dba-33e34ea64ad8" />
    <UnitTestResult executionId="947f5caa-6ae2-460d-8628-41d6968897b1" testId="e0f27649-ae35-4bdf-9b0e-3c2002409025" testName="Test8746" computerName="UA-LPT-OGA2" duration="00:00:00.3500000" startTime="2025-05-14T13:20:31.3146610Z" endTime="2025-05-14T13:25:31.3147553Z" testType="13cdc9d9-ddb5-4fa4-a97d-d965ccfc6d4b" outcome="Passed" testListId="ec1c9dbf-2280-4d2a-8dba-33e34ea64ad8" />
    <UnitTestResult executionId="20f777e5-7204-43d5-941e-5a60ac6cea67" testId="96f2ab95-0730-4067-8680-a37a20d4e9e6" testName="Test8747" computerName="UA-LPT-OGA2" duration="00:00:00.4610000" startTime="2025-05-14T13:20:31.3146610Z" endTime="2025-05-14T13:25:31.3147553Z" testType="13cdc9d9-ddb5-4fa4-a97d-d965ccfc6d4b" outcome="Passed" testListId="ec1c9dbf-2280-4d2a-8dba-33e34ea64ad8" />
    <UnitTestResult executionId="757ab482-5ea2-4d0a-8543-7c3962a099ef" testId="1d27c5c9-9702-4f49-8813-410eee7170eb" testName="Test8748" computerName="UA-LPT-OGA2" duration="00:00:00.2170000" startTime="2025-05-14T13:20:31.3146610Z" endTime="2025-05-14T13:25:31.3147553Z" testType="13cdc9d9-ddb5-4fa4-a97d-d965ccfc6d4b" outcome="Passed" testListId="ec1c9dbf-2280-4d2a-8dba-33e34ea64ad8" />
    <UnitTestResult executionId="3eddc752-250d-4faf-ba30-35999c717ad9" testId="459d0ce8-8039-40b0-86db-c7b4d7b01463" testName="Test8749" computerName="UA-LPT-OGA2" duration="00:00:01.3770000" startTime="2025-05-14T13:20:31.3146610Z" endTime="2025-05-14T13:25:31.3147553Z" testType="13cdc9d9-ddb5-4fa4-a97d-d965ccfc6d4b" outcome="Passed" testListId="ec1c9dbf-2280-4d2a-8dba-33e34ea64ad8" />
    <UnitTestResult executionId="845952be-abfb-4af8-9787-4231f6021a5b" testId="395790a6-bfee-4d6a-9198-c1d2217e2468" testName="Test8750" computerName="UA-LPT-OGA2" duration="00:00:00.5060000" startTime="2025-05-14T13:20:31.3146610Z" endTime="2025-05-14T13:25:31.3147553Z" testType="13cdc9d9-ddb5-4fa4-a97d-d965ccfc6d4b" outcome="Passed" testListId="ec1c9dbf-2280-4d2a-8dba-33e34ea64ad8" />
    <UnitTestResult executionId="b754870b-ab6f-4114-9cab-342cac850fd4" testId="6ce81d30-f81c-4b65-a81b-cbb1d6239d90" testName="Test8751" computerName="UA-LPT-OGA2" duration="00:00:01.8780000" startTime="2025-05-14T13:20:31.3146610Z" endTime="2025-05-14T13:25:31.3147553Z" testType="13cdc9d9-ddb5-4fa4-a97d-d965ccfc6d4b" outcome="Passed" testListId="ec1c9dbf-2280-4d2a-8dba-33e34ea64ad8" />
    <UnitTestResult executionId="96ccfd14-f5e3-42a8-b651-9ea12fc7d403" testId="7ca7e9d6-2f3e-41bf-927a-c221e9a7bd7e" testName="Test8752" computerName="UA-LPT-OGA2" duration="00:00:00.6230000" startTime="2025-05-14T13:20:31.3146610Z" endTime="2025-05-14T13:25:31.3147553Z" testType="13cdc9d9-ddb5-4fa4-a97d-d965ccfc6d4b" outcome="Failed" testListId="ec1c9dbf-2280-4d2a-8dba-33e34ea64ad8">
      <Output>
        <ErrorInfo>
          <Message>Assertion failed: Expected value did not match actual value.</Message>
          <StackTrace>   at TestNamespace.TestClass.Test() in TestClass.cs:line 43</StackTrace>
        </ErrorInfo>
      </Output>
    </UnitTestResult>
    <UnitTestResult executionId="2c8cdbdd-e4b6-4e96-b008-fd6b98d81dbb" testId="1e6fc904-e03c-423c-8152-1889c4ee4125" testName="Test8753" computerName="UA-LPT-OGA2" duration="00:00:00.5550000" startTime="2025-05-14T13:20:31.3146610Z" endTime="2025-05-14T13:25:31.3147553Z" testType="13cdc9d9-ddb5-4fa4-a97d-d965ccfc6d4b" outcome="Failed" testListId="ec1c9dbf-2280-4d2a-8dba-33e34ea64ad8">
      <Output>
        <ErrorInfo>
          <Message>Assertion failed: Expected value did not match actual value.</Message>
          <StackTrace>   at TestNamespace.TestClass.Test() in TestClass.cs:line 149</StackTrace>
        </ErrorInfo>
      </Output>
    </UnitTestResult>
    <UnitTestResult executionId="5631cb8e-5166-421f-abda-b3c4cfa80c5f" testId="157a6c04-1528-4516-9e8f-d7e9cb6a5ee9" testName="Test8754" computerName="UA-LPT-OGA2" duration="00:00:01.8930000" startTime="2025-05-14T13:20:31.3146610Z" endTime="2025-05-14T13:25:31.3147553Z" testType="13cdc9d9-ddb5-4fa4-a97d-d965ccfc6d4b" outcome="Passed" testListId="ec1c9dbf-2280-4d2a-8dba-33e34ea64ad8" />
    <UnitTestResult executionId="ee83ca24-d1b5-475d-adcf-73c76a899d06" testId="803a9f34-d84d-4963-8332-7805928a1f30" testName="Test8755" computerName="UA-LPT-OGA2" duration="00:00:01.4310000" startTime="2025-05-14T13:20:31.3146610Z" endTime="2025-05-14T13:25:31.3147553Z" testType="13cdc9d9-ddb5-4fa4-a97d-d965ccfc6d4b" outcome="Passed" testListId="ec1c9dbf-2280-4d2a-8dba-33e34ea64ad8" />
    <UnitTestResult executionId="213bfa5f-9cfe-4640-a435-39571853042a" testId="ee679e0e-8649-48a3-a420-435afb3f1008" testName="Test8756" computerName="UA-LPT-OGA2" duration="00:00:00.7840000" startTime="2025-05-14T13:20:31.3146610Z" endTime="2025-05-14T13:25:31.3147553Z" testType="13cdc9d9-ddb5-4fa4-a97d-d965ccfc6d4b" outcome="Passed" testListId="ec1c9dbf-2280-4d2a-8dba-33e34ea64ad8" />
    <UnitTestResult executionId="d9c853ba-8dd1-4a64-95bf-029f646e2d9d" testId="7ac00e01-51f0-4c07-8a9a-75c2c688c96d" testName="Test8757" computerName="UA-LPT-OGA2" duration="00:00:01.0900000" startTime="2025-05-14T13:20:31.3146610Z" endTime="2025-05-14T13:25:31.3147553Z" testType="13cdc9d9-ddb5-4fa4-a97d-d965ccfc6d4b" outcome="Passed" testListId="ec1c9dbf-2280-4d2a-8dba-33e34ea64ad8" />
    <UnitTestResult executionId="0c398cfd-2af0-4f8d-af29-3ace5c0f0861" testId="1006b842-6132-40d3-b7c1-d4c2aa90e726" testName="Test8758" computerName="UA-LPT-OGA2" duration="00:00:01.8100000" startTime="2025-05-14T13:20:31.3146610Z" endTime="2025-05-14T13:25:31.3147553Z" testType="13cdc9d9-ddb5-4fa4-a97d-d965ccfc6d4b" outcome="Failed" testListId="ec1c9dbf-2280-4d2a-8dba-33e34ea64ad8">
      <Output>
        <ErrorInfo>
          <Message>Assertion failed: Expected value did not match actual value.</Message>
          <StackTrace>   at TestNamespace.TestClass.Test() in TestClass.cs:line 478</StackTrace>
        </ErrorInfo>
      </Output>
    </UnitTestResult>
    <UnitTestResult executionId="c669d620-aad1-4649-9418-62c3853c2d34" testId="46d37945-453d-4efb-be60-e7bc1ec0686f" testName="Test8759" computerName="UA-LPT-OGA2" duration="00:00:01.6680000" startTime="2025-05-14T13:20:31.3146610Z" endTime="2025-05-14T13:25:31.3147553Z" testType="13cdc9d9-ddb5-4fa4-a97d-d965ccfc6d4b" outcome="Passed" testListId="ec1c9dbf-2280-4d2a-8dba-33e34ea64ad8" />
    <UnitTestResult executionId="f30042bd-bc96-41bd-9bb4-c5f4b669e3ea" testId="7d49e2ba-6f83-44a9-b2ce-d632266f61a3" testName="Test8760" computerName="UA-LPT-OGA2" duration="00:00:01.4660000" startTime="2025-05-14T13:20:31.3146610Z" endTime="2025-05-14T13:25:31.3147553Z" testType="13cdc9d9-ddb5-4fa4-a97d-d965ccfc6d4b" outcome="Passed" testListId="ec1c9dbf-2280-4d2a-8dba-33e34ea64ad8" />
    <UnitTestResult executionId="7369ab49-7152-4bc9-8110-07e7bc337c35" testId="39a9ae21-1e62-43fc-a4cb-e00650c61310" testName="Test8761" computerName="UA-LPT-OGA2" duration="00:00:01.4890000" startTime="2025-05-14T13:20:31.3146610Z" endTime="2025-05-14T13:25:31.3147553Z" testType="13cdc9d9-ddb5-4fa4-a97d-d965ccfc6d4b" outcome="Passed" testListId="ec1c9dbf-2280-4d2a-8dba-33e34ea64ad8" />
    <UnitTestResult executionId="498d18d1-f6c5-4b5c-9576-ba3c427e6ecc" testId="afc88f06-8d14-4b96-9988-50be951e26e2" testName="Test8762" computerName="UA-LPT-OGA2" duration="00:00:00.1880000" startTime="2025-05-14T13:20:31.3146610Z" endTime="2025-05-14T13:25:31.3147553Z" testType="13cdc9d9-ddb5-4fa4-a97d-d965ccfc6d4b" outcome="Passed" testListId="ec1c9dbf-2280-4d2a-8dba-33e34ea64ad8" />
    <UnitTestResult executionId="9de23a67-22c0-44f8-a579-83dd7b1e83f1" testId="67633a88-7293-4ca4-a5ed-b22a91fa2842" testName="Test8763" computerName="UA-LPT-OGA2" duration="00:00:00.6250000" startTime="2025-05-14T13:20:31.3146610Z" endTime="2025-05-14T13:25:31.3147553Z" testType="13cdc9d9-ddb5-4fa4-a97d-d965ccfc6d4b" outcome="Passed" testListId="ec1c9dbf-2280-4d2a-8dba-33e34ea64ad8" />
    <UnitTestResult executionId="1c597691-9875-45fe-9840-841e4492a813" testId="b9875dd5-8d19-4f93-9a53-eb5f1083ccc5" testName="Test8764" computerName="UA-LPT-OGA2" duration="00:00:00.7940000" startTime="2025-05-14T13:20:31.3146610Z" endTime="2025-05-14T13:25:31.3147553Z" testType="13cdc9d9-ddb5-4fa4-a97d-d965ccfc6d4b" outcome="Passed" testListId="ec1c9dbf-2280-4d2a-8dba-33e34ea64ad8" />
    <UnitTestResult executionId="05c85e1c-642c-40a8-9327-3d34dc840c80" testId="e9d9bff6-4e0a-4d17-8ed3-e8bcb30fb541" testName="Test8765" computerName="UA-LPT-OGA2" duration="00:00:00.2150000" startTime="2025-05-14T13:20:31.3146610Z" endTime="2025-05-14T13:25:31.3147553Z" testType="13cdc9d9-ddb5-4fa4-a97d-d965ccfc6d4b" outcome="Passed" testListId="ec1c9dbf-2280-4d2a-8dba-33e34ea64ad8" />
    <UnitTestResult executionId="f7c06140-b3d8-4881-801f-7f9212dca043" testId="c8f5e3f2-5fa6-4909-a90b-497980b9c77a" testName="Test8766" computerName="UA-LPT-OGA2" duration="00:00:00.0250000" startTime="2025-05-14T13:20:31.3146610Z" endTime="2025-05-14T13:25:31.3147553Z" testType="13cdc9d9-ddb5-4fa4-a97d-d965ccfc6d4b" outcome="Passed" testListId="ec1c9dbf-2280-4d2a-8dba-33e34ea64ad8" />
    <UnitTestResult executionId="c5a0e812-ca65-4a1c-913d-0a28d0934369" testId="50ac2bde-fc59-4e6d-ba0e-6939fe2be706" testName="Test8767" computerName="UA-LPT-OGA2" duration="00:00:00.6540000" startTime="2025-05-14T13:20:31.3146610Z" endTime="2025-05-14T13:25:31.3147553Z" testType="13cdc9d9-ddb5-4fa4-a97d-d965ccfc6d4b" outcome="Passed" testListId="ec1c9dbf-2280-4d2a-8dba-33e34ea64ad8" />
    <UnitTestResult executionId="51f4845f-36ad-4bf7-b35e-afc9acb852d1" testId="df6bdafd-6cf4-48b1-8cd5-2b313af6e8c3" testName="Test8768" computerName="UA-LPT-OGA2" duration="00:00:01.0150000" startTime="2025-05-14T13:20:31.3146610Z" endTime="2025-05-14T13:25:31.3147553Z" testType="13cdc9d9-ddb5-4fa4-a97d-d965ccfc6d4b" outcome="Failed" testListId="ec1c9dbf-2280-4d2a-8dba-33e34ea64ad8">
      <Output>
        <ErrorInfo>
          <Message>Assertion failed: Expected value did not match actual value.</Message>
          <StackTrace>   at TestNamespace.TestClass.Test() in TestClass.cs:line 23</StackTrace>
        </ErrorInfo>
      </Output>
    </UnitTestResult>
    <UnitTestResult executionId="06eefc9a-0f5e-4c51-a14c-bbde32a3ca72" testId="df177aa6-ca5d-400d-86c6-7f4bdbbfd8d8" testName="Test8769" computerName="UA-LPT-OGA2" duration="00:00:00.0830000" startTime="2025-05-14T13:20:31.3146610Z" endTime="2025-05-14T13:25:31.3147553Z" testType="13cdc9d9-ddb5-4fa4-a97d-d965ccfc6d4b" outcome="Passed" testListId="ec1c9dbf-2280-4d2a-8dba-33e34ea64ad8" />
    <UnitTestResult executionId="8f98f7af-a042-4923-9622-d1705cd5f23c" testId="4d83f3e2-403e-4f17-a500-2f56e5c64080" testName="Test8770" computerName="UA-LPT-OGA2" duration="00:00:01.2340000" startTime="2025-05-14T13:20:31.3146610Z" endTime="2025-05-14T13:25:31.3147553Z" testType="13cdc9d9-ddb5-4fa4-a97d-d965ccfc6d4b" outcome="Passed" testListId="ec1c9dbf-2280-4d2a-8dba-33e34ea64ad8" />
    <UnitTestResult executionId="14afa5dc-de07-4018-a201-d28e40affa8e" testId="8ea1d63d-ef49-4593-8eb2-a13ed92fa017" testName="Test8771" computerName="UA-LPT-OGA2" duration="00:00:00.1260000" startTime="2025-05-14T13:20:31.3146610Z" endTime="2025-05-14T13:25:31.3147553Z" testType="13cdc9d9-ddb5-4fa4-a97d-d965ccfc6d4b" outcome="Passed" testListId="ec1c9dbf-2280-4d2a-8dba-33e34ea64ad8" />
    <UnitTestResult executionId="a1b824fb-6a43-497b-b4f6-079200f3cc41" testId="e050b9b7-dba6-4506-83f7-f287fd99fed8" testName="Test8772" computerName="UA-LPT-OGA2" duration="00:00:00.5350000" startTime="2025-05-14T13:20:31.3146610Z" endTime="2025-05-14T13:25:31.3147553Z" testType="13cdc9d9-ddb5-4fa4-a97d-d965ccfc6d4b" outcome="Passed" testListId="ec1c9dbf-2280-4d2a-8dba-33e34ea64ad8" />
    <UnitTestResult executionId="df1e2418-8ad8-4c31-ad44-574e0709ca2a" testId="fd663638-6e30-44f3-a3bd-e0516c01858e" testName="Test8773" computerName="UA-LPT-OGA2" duration="00:00:01.4280000" startTime="2025-05-14T13:20:31.3146610Z" endTime="2025-05-14T13:25:31.3147553Z" testType="13cdc9d9-ddb5-4fa4-a97d-d965ccfc6d4b" outcome="Passed" testListId="ec1c9dbf-2280-4d2a-8dba-33e34ea64ad8" />
    <UnitTestResult executionId="3ac44e17-468a-4d4c-b2b7-3945db4f80a2" testId="13fec679-2ac4-40f0-acc6-1cd6c31e3f95" testName="Test8774" computerName="UA-LPT-OGA2" duration="00:00:00.2780000" startTime="2025-05-14T13:20:31.3146610Z" endTime="2025-05-14T13:25:31.3147553Z" testType="13cdc9d9-ddb5-4fa4-a97d-d965ccfc6d4b" outcome="Passed" testListId="ec1c9dbf-2280-4d2a-8dba-33e34ea64ad8" />
    <UnitTestResult executionId="f62327b7-38a1-448a-9575-29087905138e" testId="7e7f654d-ebb1-4ae9-86dc-3c9307a4da74" testName="Test8775" computerName="UA-LPT-OGA2" duration="00:00:00.2160000" startTime="2025-05-14T13:20:31.3146610Z" endTime="2025-05-14T13:25:31.3147553Z" testType="13cdc9d9-ddb5-4fa4-a97d-d965ccfc6d4b" outcome="Passed" testListId="ec1c9dbf-2280-4d2a-8dba-33e34ea64ad8" />
    <UnitTestResult executionId="4ef22d3e-9468-4dd6-a90d-a497f0e90f87" testId="6df339fd-252d-43e1-ab01-67c9c8dbd95f" testName="Test8776" computerName="UA-LPT-OGA2" duration="00:00:00.9760000" startTime="2025-05-14T13:20:31.3146610Z" endTime="2025-05-14T13:25:31.3147553Z" testType="13cdc9d9-ddb5-4fa4-a97d-d965ccfc6d4b" outcome="Passed" testListId="ec1c9dbf-2280-4d2a-8dba-33e34ea64ad8" />
    <UnitTestResult executionId="44cde747-db85-47c8-b420-f80aaa6803cc" testId="c1cc2724-5632-4413-ab2c-9f3882063b0d" testName="Test8777" computerName="UA-LPT-OGA2" duration="00:00:01.7470000" startTime="2025-05-14T13:20:31.3146610Z" endTime="2025-05-14T13:25:31.3147553Z" testType="13cdc9d9-ddb5-4fa4-a97d-d965ccfc6d4b" outcome="Passed" testListId="ec1c9dbf-2280-4d2a-8dba-33e34ea64ad8" />
    <UnitTestResult executionId="8241348b-1861-4ecd-abe3-90aec725ce9f" testId="763fefcf-6acb-4f5b-972a-4ecfd91f0658" testName="Test8778" computerName="UA-LPT-OGA2" duration="00:00:00.6410000" startTime="2025-05-14T13:20:31.3146610Z" endTime="2025-05-14T13:25:31.3147553Z" testType="13cdc9d9-ddb5-4fa4-a97d-d965ccfc6d4b" outcome="Passed" testListId="ec1c9dbf-2280-4d2a-8dba-33e34ea64ad8" />
    <UnitTestResult executionId="8094f437-cbe3-4dd5-889b-904bf9069785" testId="52ad434f-a077-402f-acd0-4b662db1a8d4" testName="Test8779" computerName="UA-LPT-OGA2" duration="00:00:01.2620000" startTime="2025-05-14T13:20:31.3146610Z" endTime="2025-05-14T13:25:31.3147553Z" testType="13cdc9d9-ddb5-4fa4-a97d-d965ccfc6d4b" outcome="Passed" testListId="ec1c9dbf-2280-4d2a-8dba-33e34ea64ad8" />
    <UnitTestResult executionId="c8978e79-274f-41f8-92e8-e319e0da8ac2" testId="469d6810-3288-402d-98f7-b6b24108435b" testName="Test8780" computerName="UA-LPT-OGA2" duration="00:00:01.0930000" startTime="2025-05-14T13:20:31.3146610Z" endTime="2025-05-14T13:25:31.3147553Z" testType="13cdc9d9-ddb5-4fa4-a97d-d965ccfc6d4b" outcome="Passed" testListId="ec1c9dbf-2280-4d2a-8dba-33e34ea64ad8" />
    <UnitTestResult executionId="f3a7d8ed-bb13-4cae-a63d-4712862316ee" testId="d6a8d771-b19e-449b-8b73-5c2a734ebedd" testName="Test8781" computerName="UA-LPT-OGA2" duration="00:00:01.3830000" startTime="2025-05-14T13:20:31.3146610Z" endTime="2025-05-14T13:25:31.3147553Z" testType="13cdc9d9-ddb5-4fa4-a97d-d965ccfc6d4b" outcome="Passed" testListId="ec1c9dbf-2280-4d2a-8dba-33e34ea64ad8" />
    <UnitTestResult executionId="cbefa302-9957-4528-8586-925376169c19" testId="cd6e5ccd-b4ea-4983-ae13-1fdccdfbb8cd" testName="Test8782" computerName="UA-LPT-OGA2" duration="00:00:00.7290000" startTime="2025-05-14T13:20:31.3146610Z" endTime="2025-05-14T13:25:31.3147553Z" testType="13cdc9d9-ddb5-4fa4-a97d-d965ccfc6d4b" outcome="Passed" testListId="ec1c9dbf-2280-4d2a-8dba-33e34ea64ad8" />
    <UnitTestResult executionId="4cafdba6-9f97-4f69-85e4-3ef7017fecc2" testId="34bda4c6-692d-4581-aaf1-b9b3f2454b56" testName="Test8783" computerName="UA-LPT-OGA2" duration="00:00:01.5740000" startTime="2025-05-14T13:20:31.3146610Z" endTime="2025-05-14T13:25:31.3147553Z" testType="13cdc9d9-ddb5-4fa4-a97d-d965ccfc6d4b" outcome="Passed" testListId="ec1c9dbf-2280-4d2a-8dba-33e34ea64ad8" />
    <UnitTestResult executionId="35783578-ded2-4d06-b397-ad61ae1b5520" testId="90b37412-3b25-4ac3-9728-dcc0aa54bf49" testName="Test8784" computerName="UA-LPT-OGA2" duration="00:00:01.9480000" startTime="2025-05-14T13:20:31.3146610Z" endTime="2025-05-14T13:25:31.3147553Z" testType="13cdc9d9-ddb5-4fa4-a97d-d965ccfc6d4b" outcome="Passed" testListId="ec1c9dbf-2280-4d2a-8dba-33e34ea64ad8" />
    <UnitTestResult executionId="4e4a9164-0e09-4d49-a512-1ce1225bdb47" testId="62e942de-e96a-448a-942c-9850feef2578" testName="Test8785" computerName="UA-LPT-OGA2" duration="00:00:01.4780000" startTime="2025-05-14T13:20:31.3146610Z" endTime="2025-05-14T13:25:31.3147553Z" testType="13cdc9d9-ddb5-4fa4-a97d-d965ccfc6d4b" outcome="Passed" testListId="ec1c9dbf-2280-4d2a-8dba-33e34ea64ad8" />
    <UnitTestResult executionId="0926d25f-968e-4fd6-aaf3-be658fe4e636" testId="aa6cd778-56a6-409b-a48c-a400ba87dda0" testName="Test8786" computerName="UA-LPT-OGA2" duration="00:00:00.3890000" startTime="2025-05-14T13:20:31.3146610Z" endTime="2025-05-14T13:25:31.3147553Z" testType="13cdc9d9-ddb5-4fa4-a97d-d965ccfc6d4b" outcome="Passed" testListId="ec1c9dbf-2280-4d2a-8dba-33e34ea64ad8" />
    <UnitTestResult executionId="35279f02-8259-4340-a350-0e66db923aa7" testId="c3a712ba-bf6c-4488-b3fd-d19a84b1ce02" testName="Test8787" computerName="UA-LPT-OGA2" duration="00:00:01.4750000" startTime="2025-05-14T13:20:31.3146610Z" endTime="2025-05-14T13:25:31.3147553Z" testType="13cdc9d9-ddb5-4fa4-a97d-d965ccfc6d4b" outcome="Passed" testListId="ec1c9dbf-2280-4d2a-8dba-33e34ea64ad8" />
    <UnitTestResult executionId="b3f9adda-8b26-4e14-a390-03170fd01d96" testId="084c43f0-5e69-456d-82c5-32e9ca61e5f1" testName="Test8788" computerName="UA-LPT-OGA2" duration="00:00:01.9710000" startTime="2025-05-14T13:20:31.3146610Z" endTime="2025-05-14T13:25:31.3147553Z" testType="13cdc9d9-ddb5-4fa4-a97d-d965ccfc6d4b" outcome="Failed" testListId="ec1c9dbf-2280-4d2a-8dba-33e34ea64ad8">
      <Output>
        <ErrorInfo>
          <Message>Assertion failed: Expected value did not match actual value.</Message>
          <StackTrace>   at TestNamespace.TestClass.Test() in TestClass.cs:line 101</StackTrace>
        </ErrorInfo>
      </Output>
    </UnitTestResult>
    <UnitTestResult executionId="d48485b0-52d0-49ed-b9d4-9f1e4e32e3ed" testId="25bf3c0a-fa80-4a22-a680-b68ccaebfe38" testName="Test8789" computerName="UA-LPT-OGA2" duration="00:00:00.4600000" startTime="2025-05-14T13:20:31.3146610Z" endTime="2025-05-14T13:25:31.3147553Z" testType="13cdc9d9-ddb5-4fa4-a97d-d965ccfc6d4b" outcome="Passed" testListId="ec1c9dbf-2280-4d2a-8dba-33e34ea64ad8" />
    <UnitTestResult executionId="cdf1c9f8-9491-40fe-88a0-69d783eeb52f" testId="e4398e5a-acea-4bc6-8eef-4e374a1ff2c8" testName="Test8790" computerName="UA-LPT-OGA2" duration="00:00:00.6130000" startTime="2025-05-14T13:20:31.3146610Z" endTime="2025-05-14T13:25:31.3147553Z" testType="13cdc9d9-ddb5-4fa4-a97d-d965ccfc6d4b" outcome="Passed" testListId="ec1c9dbf-2280-4d2a-8dba-33e34ea64ad8" />
    <UnitTestResult executionId="1f0e6fbd-dc6b-4a24-b5ed-ecc2df5c5616" testId="6e3bdde7-955b-4b6d-8b01-df644305dabc" testName="Test8791" computerName="UA-LPT-OGA2" duration="00:00:01.4530000" startTime="2025-05-14T13:20:31.3146610Z" endTime="2025-05-14T13:25:31.3147553Z" testType="13cdc9d9-ddb5-4fa4-a97d-d965ccfc6d4b" outcome="Passed" testListId="ec1c9dbf-2280-4d2a-8dba-33e34ea64ad8" />
    <UnitTestResult executionId="527cd98e-45a3-4170-abd1-f535b2eef3c5" testId="02590059-7225-43e0-8401-18bb75e64e95" testName="Test8792" computerName="UA-LPT-OGA2" duration="00:00:00.8310000" startTime="2025-05-14T13:20:31.3146610Z" endTime="2025-05-14T13:25:31.3147553Z" testType="13cdc9d9-ddb5-4fa4-a97d-d965ccfc6d4b" outcome="Passed" testListId="ec1c9dbf-2280-4d2a-8dba-33e34ea64ad8" />
    <UnitTestResult executionId="1a463402-63d2-408f-b412-1df11596d6a4" testId="f52f890d-5f73-472c-96fb-ef8cbe2bb98a" testName="Test8793" computerName="UA-LPT-OGA2" duration="00:00:00.2030000" startTime="2025-05-14T13:20:31.3146610Z" endTime="2025-05-14T13:25:31.3147553Z" testType="13cdc9d9-ddb5-4fa4-a97d-d965ccfc6d4b" outcome="Passed" testListId="ec1c9dbf-2280-4d2a-8dba-33e34ea64ad8" />
    <UnitTestResult executionId="58872a51-925e-4679-8944-f7f76628e8a7" testId="c8945275-2801-42e2-91a6-f47ef2453130" testName="Test8794" computerName="UA-LPT-OGA2" duration="00:00:01.1860000" startTime="2025-05-14T13:20:31.3146610Z" endTime="2025-05-14T13:25:31.3147553Z" testType="13cdc9d9-ddb5-4fa4-a97d-d965ccfc6d4b" outcome="Passed" testListId="ec1c9dbf-2280-4d2a-8dba-33e34ea64ad8" />
    <UnitTestResult executionId="50373872-e098-4ea4-a91d-640c9b5354f3" testId="e7f812f7-0593-40c8-9652-f13074b4bd31" testName="Test8795" computerName="UA-LPT-OGA2" duration="00:00:01.8440000" startTime="2025-05-14T13:20:31.3146610Z" endTime="2025-05-14T13:25:31.3147553Z" testType="13cdc9d9-ddb5-4fa4-a97d-d965ccfc6d4b" outcome="Passed" testListId="ec1c9dbf-2280-4d2a-8dba-33e34ea64ad8" />
    <UnitTestResult executionId="3555ab12-c17c-408b-8b61-7a6910eddca0" testId="04b726f2-8318-4225-abd3-ade92a97dfd0" testName="Test8796" computerName="UA-LPT-OGA2" duration="00:00:01.1150000" startTime="2025-05-14T13:20:31.3146610Z" endTime="2025-05-14T13:25:31.3147553Z" testType="13cdc9d9-ddb5-4fa4-a97d-d965ccfc6d4b" outcome="Passed" testListId="ec1c9dbf-2280-4d2a-8dba-33e34ea64ad8" />
    <UnitTestResult executionId="cc5d5b63-e8ca-4124-a165-877c72352ec4" testId="43c6a313-76bf-4fb1-81c8-c3da1dae3a35" testName="Test8797" computerName="UA-LPT-OGA2" duration="00:00:01.4880000" startTime="2025-05-14T13:20:31.3146610Z" endTime="2025-05-14T13:25:31.3147553Z" testType="13cdc9d9-ddb5-4fa4-a97d-d965ccfc6d4b" outcome="Passed" testListId="ec1c9dbf-2280-4d2a-8dba-33e34ea64ad8" />
    <UnitTestResult executionId="34f1a112-f6e2-46b2-8c49-931320ced4a2" testId="3e38c292-2767-4b91-8f71-319f521b725d" testName="Test8798" computerName="UA-LPT-OGA2" duration="00:00:00.8880000" startTime="2025-05-14T13:20:31.3146610Z" endTime="2025-05-14T13:25:31.3147553Z" testType="13cdc9d9-ddb5-4fa4-a97d-d965ccfc6d4b" outcome="Passed" testListId="ec1c9dbf-2280-4d2a-8dba-33e34ea64ad8" />
    <UnitTestResult executionId="d78610b9-bc58-49e7-b973-2493153eadb1" testId="1b03c7ca-0ce4-4f98-89e1-c2d8f6f01cf6" testName="Test8799" computerName="UA-LPT-OGA2" duration="00:00:00.0980000" startTime="2025-05-14T13:20:31.3146610Z" endTime="2025-05-14T13:25:31.3147553Z" testType="13cdc9d9-ddb5-4fa4-a97d-d965ccfc6d4b" outcome="Passed" testListId="ec1c9dbf-2280-4d2a-8dba-33e34ea64ad8" />
    <UnitTestResult executionId="430d7cd9-c4a8-496a-a013-ffeb44ed5f95" testId="94f22c8c-cf0e-4c5d-aefd-4790bea7b02f" testName="Test8800" computerName="UA-LPT-OGA2" duration="00:00:00.4740000" startTime="2025-05-14T13:20:31.3146610Z" endTime="2025-05-14T13:25:31.3147553Z" testType="13cdc9d9-ddb5-4fa4-a97d-d965ccfc6d4b" outcome="Passed" testListId="ec1c9dbf-2280-4d2a-8dba-33e34ea64ad8" />
  </Results>
  <TestDefinitions>
    <UnitTest name="Test8701" id="7903e982-c068-49bb-98da-ecef50f5e6a5" storage="TestAssembly.dll">
      <Execution id="93ed1dc9-c0c4-414b-b1b5-3306963d0734" />
      <TestMethod codeBase="TestAssembly.dll" className="TestNamespace.TestClass1" name="Test8701" />
    </UnitTest>
    <UnitTest name="Test8702" id="20230be4-96ae-4863-960b-47f0e26c4647" storage="TestAssembly.dll">
      <Execution id="9f96a972-0a51-4d8d-9535-45b15b7c20a6" />
      <TestMethod codeBase="TestAssembly.dll" className="TestNamespace.TestClass1" name="Test8702" />
    </UnitTest>
    <UnitTest name="Test8703" id="e87f3da2-5893-401b-a6c9-f9c41e383310" storage="TestAssembly.dll">
      <Execution id="500101ea-0883-49fa-b6fa-eeb2b1801fe9" />
      <TestMethod codeBase="TestAssembly.dll" className="TestNamespace.TestClass1" name="Test8703" />
    </UnitTest>
    <UnitTest name="Test8704" id="84cb74eb-2194-4fe9-86e3-e57680969920" storage="TestAssembly.dll">
      <Execution id="38a8174a-399c-4283-8009-b9fea6fb63ee" />
      <TestMethod codeBase="TestAssembly.dll" className="TestNamespace.TestClass1" name="Test8704" />
    </UnitTest>
    <UnitTest name="Test8705" id="97c601c3-ef63-4c42-904e-a2228193f12e" storage="TestAssembly.dll">
      <Execution id="c9c80cf0-1461-4129-80af-6566ab114ad1" />
      <TestMethod codeBase="TestAssembly.dll" className="TestNamespace.TestClass1" name="Test8705" />
    </UnitTest>
    <UnitTest name="Test8706" id="85decff0-2b8b-4028-9bca-2f5aba84668c" storage="TestAssembly.dll">
      <Execution id="6dc66bad-61d0-45c9-b996-27f5246fe95c" />
      <TestMethod codeBase="TestAssembly.dll" className="TestNamespace.TestClass1" name="Test8706" />
    </UnitTest>
    <UnitTest name="Test8707" id="3354e816-4a3d-4542-b128-4f197a144579" storage="TestAssembly.dll">
      <Execution id="619137d4-6e30-4cdc-849d-f06d866ba4e1" />
      <TestMethod codeBase="TestAssembly.dll" className="TestNamespace.TestClass1" name="Test8707" />
    </UnitTest>
    <UnitTest name="Test8708" id="42032834-4141-4152-b878-13beb8456592" storage="TestAssembly.dll">
      <Execution id="8715469a-9fc7-4b6a-895d-bbb23844d408" />
      <TestMethod codeBase="TestAssembly.dll" className="TestNamespace.TestClass1" name="Test8708" />
    </UnitTest>
    <UnitTest name="Test8709" id="aeb07c4b-ba62-4794-97fd-73416989ee31" storage="TestAssembly.dll">
      <Execution id="bd3ee054-7011-4119-860c-fe2df2940187" />
      <TestMethod codeBase="TestAssembly.dll" className="TestNamespace.TestClass1" name="Test8709" />
    </UnitTest>
    <UnitTest name="Test8710" id="eeaaafe0-ea05-4cbd-a223-defdf25db5d6" storage="TestAssembly.dll">
      <Execution id="732d94e9-5b07-46d5-8b7a-10c165b020b0" />
      <TestMethod codeBase="TestAssembly.dll" className="TestNamespace.TestClass1" name="Test8710" />
    </UnitTest>
    <UnitTest name="Test8711" id="f59f0c97-e015-4681-a65a-b953df56894d" storage="TestAssembly.dll">
      <Execution id="0827a4d2-c184-44b3-96ac-c821b91e44cb" />
      <TestMethod codeBase="TestAssembly.dll" className="TestNamespace.TestClass2" name="Test8711" />
    </UnitTest>
    <UnitTest name="Test8712" id="39e10494-84bd-47a9-ad6e-82a8ad46cbb2" storage="TestAssembly.dll">
      <Execution id="2967416a-5a50-4529-a0e5-1fd56310eff9" />
      <TestMethod codeBase="TestAssembly.dll" className="TestNamespace.TestClass2" name="Test8712" />
    </UnitTest>
    <UnitTest name="Test8713" id="b7c45bfc-a6ea-440b-8b74-7eca4e5f11e5" storage="TestAssembly.dll">
      <Execution id="1d9265b7-e70b-4ed4-9ee0-26ed9aa31fd8" />
      <TestMethod codeBase="TestAssembly.dll" className="TestNamespace.TestClass2" name="Test8713" />
    </UnitTest>
    <UnitTest name="Test8714" id="084702ba-4bf6-438c-9b0f-1f6840fdf998" storage="TestAssembly.dll">
      <Execution id="65e46f83-2528-43a2-943a-9534183f9027" />
      <TestMethod codeBase="TestAssembly.dll" className="TestNamespace.TestClass2" name="Test8714" />
    </UnitTest>
    <UnitTest name="Test8715" id="ec8064cd-54cf-4f0c-9081-0d276fdf63b0" storage="TestAssembly.dll">
      <Execution id="b4ba46f6-5200-4b84-9fdc-ca2139d82a18" />
      <TestMethod codeBase="TestAssembly.dll" className="TestNamespace.TestClass2" name="Test8715" />
    </UnitTest>
    <UnitTest name="Test8716" id="ae551438-bbc3-4e56-bc80-b88deb50ae53" storage="TestAssembly.dll">
      <Execution id="84234165-8754-4c6b-9776-8aaf6f445010" />
      <TestMethod codeBase="TestAssembly.dll" className="TestNamespace.TestClass2" name="Test8716" />
    </UnitTest>
    <UnitTest name="Test8717" id="36c6544b-5f38-4cc6-aba5-f29d1a692100" storage="TestAssembly.dll">
      <Execution id="f8e1d363-473f-4303-b5f2-ece106eac184" />
      <TestMethod codeBase="TestAssembly.dll" className="TestNamespace.TestClass2" name="Test8717" />
    </UnitTest>
    <UnitTest name="Test8718" id="4d85f5b7-7579-4a4c-b8d8-155ef2635e48" storage="TestAssembly.dll">
      <Execution id="1f90cd5a-b47d-4cd5-bfcf-7159400c15ee" />
      <TestMethod codeBase="TestAssembly.dll" className="TestNamespace.TestClass2" name="Test8718" />
    </UnitTest>
    <UnitTest name="Test8719" id="eb0c1cc9-9587-42d1-8b2a-b3b2b1e07afe" storage="TestAssembly.dll">
      <Execution id="8b15545c-b2c6-43f0-a6c9-d837089c7385" />
      <TestMethod codeBase="TestAssembly.dll" className="TestNamespace.TestClass2" name="Test8719" />
    </UnitTest>
    <UnitTest name="Test8720" id="5a855b24-3345-4b0f-b232-860d0d423833" storage="TestAssembly.dll">
      <Execution id="4fd9673f-1fa0-468b-8cbf-fa43382c5909" />
      <TestMethod codeBase="TestAssembly.dll" className="TestNamespace.TestClass2" name="Test8720" />
    </UnitTest>
    <UnitTest name="Test8721" id="ceb7806a-eb93-4890-bac7-97c274cf4c11" storage="TestAssembly.dll">
      <Execution id="3ee0329b-6283-4c8b-ad0d-d8377f0b7d7f" />
      <TestMethod codeBase="TestAssembly.dll" className="TestNamespace.TestClass3" name="Test8721" />
    </UnitTest>
    <UnitTest name="Test8722" id="d249b26a-c3d4-4f29-a3fa-e51227d411a8" storage="TestAssembly.dll">
      <Execution id="61e468fd-f91f-44c2-99a1-61c65b8accd3" />
      <TestMethod codeBase="TestAssembly.dll" className="TestNamespace.TestClass3" name="Test8722" />
    </UnitTest>
    <UnitTest name="Test8723" id="c25bd4db-c8cf-446e-92da-18b3d079422e" storage="TestAssembly.dll">
      <Execution id="1e706879-25cb-4605-9efa-5e937d369732" />
      <TestMethod codeBase="TestAssembly.dll" className="TestNamespace.TestClass3" name="Test8723" />
    </UnitTest>
    <UnitTest name="Test8724" id="c4bf260c-9975-45f9-8051-973ec7f78c01" storage="TestAssembly.dll">
      <Execution id="156c1662-6aa1-40b7-ad32-ec94826c9900" />
      <TestMethod codeBase="TestAssembly.dll" className="TestNamespace.TestClass3" name="Test8724" />
    </UnitTest>
    <UnitTest name="Test8725" id="3b007d0b-7b47-4d5a-a90f-aff8574e95d8" storage="TestAssembly.dll">
      <Execution id="51b5de9c-c9ec-482e-a963-858c467e7879" />
      <TestMethod codeBase="TestAssembly.dll" className="TestNamespace.TestClass3" name="Test8725" />
    </UnitTest>
    <UnitTest name="Test8726" id="18c0cd1e-63f6-41b0-994c-c1712e4be399" storage="TestAssembly.dll">
      <Execution id="4073fb62-7eb5-4483-989b-502e12925042" />
      <TestMethod codeBase="TestAssembly.dll" className="TestNamespace.TestClass3" name="Test8726" />
    </UnitTest>
    <UnitTest name="Test8727" id="b21c2989-877e-4ed2-8741-ae25e4f5a732" storage="TestAssembly.dll">
      <Execution id="f4912f75-e283-4c67-af79-7fec70b397aa" />
      <TestMethod codeBase="TestAssembly.dll" className="TestNamespace.TestClass3" name="Test8727" />
    </UnitTest>
    <UnitTest name="Test8728" id="9d05a0af-f306-4437-8737-4c8787369dcc" storage="TestAssembly.dll">
      <Execution id="c0623444-ae7f-4f07-aa0a-707a578bea72" />
      <TestMethod codeBase="TestAssembly.dll" className="TestNamespace.TestClass3" name="Test8728" />
    </UnitTest>
    <UnitTest name="Test8729" id="aa451bd0-e9e4-4cc2-b35e-a173b49d87f2" storage="TestAssembly.dll">
      <Execution id="26296a46-a7cf-4ca4-9cd7-a99a57c7f998" />
      <TestMethod codeBase="TestAssembly.dll" className="TestNamespace.TestClass3" name="Test8729" />
    </UnitTest>
    <UnitTest name="Test8730" id="1a4c8215-5deb-45c5-80a6-38fb84bdf830" storage="TestAssembly.dll">
      <Execution id="bc2a3eb0-e842-4239-b0f0-30984f3053e0" />
      <TestMethod codeBase="TestAssembly.dll" className="TestNamespace.TestClass3" name="Test8730" />
    </UnitTest>
    <UnitTest name="Test8731" id="32177b76-d81c-4abc-a552-be368bf5726f" storage="TestAssembly.dll">
      <Execution id="cdc275c6-a493-48ef-b775-79f634149f83" />
      <TestMethod codeBase="TestAssembly.dll" className="TestNamespace.TestClass4" name="Test8731" />
    </UnitTest>
    <UnitTest name="Test8732" id="087a6f65-4f3f-4c2e-ba8b-04227b52f5db" storage="TestAssembly.dll">
      <Execution id="e564b1ab-7378-4581-8ac1-cc13673274fc" />
      <TestMethod codeBase="TestAssembly.dll" className="TestNamespace.TestClass4" name="Test8732" />
    </UnitTest>
    <UnitTest name="Test8733" id="92b225b2-68fd-49a5-9a7d-fa7ba9d2810c" storage="TestAssembly.dll">
      <Execution id="1a1aa830-4f99-4c86-978a-e6062afbf565" />
      <TestMethod codeBase="TestAssembly.dll" className="TestNamespace.TestClass4" name="Test8733" />
    </UnitTest>
    <UnitTest name="Test8734" id="cb95a760-8448-49b3-a4bd-6975c0ca2624" storage="TestAssembly.dll">
      <Execution id="c21a20da-cea3-45f9-a956-bd888a4acd73" />
      <TestMethod codeBase="TestAssembly.dll" className="TestNamespace.TestClass4" name="Test8734" />
    </UnitTest>
    <UnitTest name="Test8735" id="065fca3b-f971-47f3-bd54-711ac2d699b9" storage="TestAssembly.dll">
      <Execution id="594e178b-fd4e-488e-a69c-5473c4945123" />
      <TestMethod codeBase="TestAssembly.dll" className="TestNamespace.TestClass4" name="Test8735" />
    </UnitTest>
    <UnitTest name="Test8736" id="cfbba7fe-f180-4821-b951-102f4c26d092" storage="TestAssembly.dll">
      <Execution id="00bdd7b6-435f-4f15-9c5c-e72f6d8b9e93" />
      <TestMethod codeBase="TestAssembly.dll" className="TestNamespace.TestClass4" name="Test8736" />
    </UnitTest>
    <UnitTest name="Test8737" id="8415a6d0-6ac5-4a35-83c5-f3516ea5a22c" storage="TestAssembly.dll">
      <Execution id="4a57bc0c-1600-4b0c-9bb0-f0eb3074dcf3" />
      <TestMethod codeBase="TestAssembly.dll" className="TestNamespace.TestClass4" name="Test8737" />
    </UnitTest>
    <UnitTest name="Test8738" id="3b7e664b-018f-460a-8493-3075f9bdce0f" storage="TestAssembly.dll">
      <Execution id="0d820b8f-146a-4a0a-9829-0b2d04a0c3bb" />
      <TestMethod codeBase="TestAssembly.dll" className="TestNamespace.TestClass4" name="Test8738" />
    </UnitTest>
    <UnitTest name="Test8739" id="7baa8594-e950-49cb-a65b-1c02a41173b2" storage="TestAssembly.dll">
      <Execution id="e17c0920-bfe8-4f7e-9a39-1071e773e0dc" />
      <TestMethod codeBase="TestAssembly.dll" className="TestNamespace.TestClass4" name="Test8739" />
    </UnitTest>
    <UnitTest name="Test8740" id="ca9628ec-4ed6-4cf3-b92c-76b4f72e1d16" storage="TestAssembly.dll">
      <Execution id="129e4d2d-6ce3-4015-b20f-38e5930ef762" />
      <TestMethod codeBase="TestAssembly.dll" className="TestNamespace.TestClass4" name="Test8740" />
    </UnitTest>
    <UnitTest name="Test8741" id="efa61c89-903d-48d1-83a4-c2f1f50308fa" storage="TestAssembly.dll">
      <Execution id="93b00c6f-8d3d-4a8b-9383-00cd5b58fce2" />
      <TestMethod codeBase="TestAssembly.dll" className="TestNamespace.TestClass5" name="Test8741" />
    </UnitTest>
    <UnitTest name="Test8742" id="8c61dfe0-442e-4de8-83c2-28b689098a67" storage="TestAssembly.dll">
      <Execution id="fdcc4612-9d30-45e2-a91c-302c6c63ca8a" />
      <TestMethod codeBase="TestAssembly.dll" className="TestNamespace.TestClass5" name="Test8742" />
    </UnitTest>
    <UnitTest name="Test8743" id="c98e4330-8b30-4cd0-ac85-ef4334dfee4e" storage="TestAssembly.dll">
      <Execution id="767ece56-69de-4473-b6bf-2158a507438a" />
      <TestMethod codeBase="TestAssembly.dll" className="TestNamespace.TestClass5" name="Test8743" />
    </UnitTest>
    <UnitTest name="Test8744" id="b3e71e23-4954-48c6-9e81-c3564b5d6b87" storage="TestAssembly.dll">
      <Execution id="a02aaf8b-56db-49ba-b006-5e9ca1e11987" />
      <TestMethod codeBase="TestAssembly.dll" className="TestNamespace.TestClass5" name="Test8744" />
    </UnitTest>
    <UnitTest name="Test8745" id="7abdd3e6-0d59-4776-8bd5-2a1403a6425e" storage="TestAssembly.dll">
      <Execution id="c6a69ccd-313d-4559-81ea-f7ad2da312f0" />
      <TestMethod codeBase="TestAssembly.dll" className="TestNamespace.TestClass5" name="Test8745" />
    </UnitTest>
    <UnitTest name="Test8746" id="e0f27649-ae35-4bdf-9b0e-3c2002409025" storage="TestAssembly.dll">
      <Execution id="947f5caa-6ae2-460d-8628-41d6968897b1" />
      <TestMethod codeBase="TestAssembly.dll" className="TestNamespace.TestClass5" name="Test8746" />
    </UnitTest>
    <UnitTest name="Test8747" id="96f2ab95-0730-4067-8680-a37a20d4e9e6" storage="TestAssembly.dll">
      <Execution id="20f777e5-7204-43d5-941e-5a60ac6cea67" />
      <TestMethod codeBase="TestAssembly.dll" className="TestNamespace.TestClass5" name="Test8747" />
    </UnitTest>
    <UnitTest name="Test8748" id="1d27c5c9-9702-4f49-8813-410eee7170eb" storage="TestAssembly.dll">
      <Execution id="757ab482-5ea2-4d0a-8543-7c3962a099ef" />
      <TestMethod codeBase="TestAssembly.dll" className="TestNamespace.TestClass5" name="Test8748" />
    </UnitTest>
    <UnitTest name="Test8749" id="459d0ce8-8039-40b0-86db-c7b4d7b01463" storage="TestAssembly.dll">
      <Execution id="3eddc752-250d-4faf-ba30-35999c717ad9" />
      <TestMethod codeBase="TestAssembly.dll" className="TestNamespace.TestClass5" name="Test8749" />
    </UnitTest>
    <UnitTest name="Test8750" id="395790a6-bfee-4d6a-9198-c1d2217e2468" storage="TestAssembly.dll">
      <Execution id="845952be-abfb-4af8-9787-4231f6021a5b" />
      <TestMethod codeBase="TestAssembly.dll" className="TestNamespace.TestClass5" name="Test8750" />
    </UnitTest>
    <UnitTest name="Test8751" id="6ce81d30-f81c-4b65-a81b-cbb1d6239d90" storage="TestAssembly.dll">
      <Execution id="b754870b-ab6f-4114-9cab-342cac850fd4" />
      <TestMethod codeBase="TestAssembly.dll" className="TestNamespace.TestClass6" name="Test8751" />
    </UnitTest>
    <UnitTest name="Test8752" id="7ca7e9d6-2f3e-41bf-927a-c221e9a7bd7e" storage="TestAssembly.dll">
      <Execution id="96ccfd14-f5e3-42a8-b651-9ea12fc7d403" />
      <TestMethod codeBase="TestAssembly.dll" className="TestNamespace.TestClass6" name="Test8752" />
    </UnitTest>
    <UnitTest name="Test8753" id="1e6fc904-e03c-423c-8152-1889c4ee4125" storage="TestAssembly.dll">
      <Execution id="2c8cdbdd-e4b6-4e96-b008-fd6b98d81dbb" />
      <TestMethod codeBase="TestAssembly.dll" className="TestNamespace.TestClass6" name="Test8753" />
    </UnitTest>
    <UnitTest name="Test8754" id="157a6c04-1528-4516-9e8f-d7e9cb6a5ee9" storage="TestAssembly.dll">
      <Execution id="5631cb8e-5166-421f-abda-b3c4cfa80c5f" />
      <TestMethod codeBase="TestAssembly.dll" className="TestNamespace.TestClass6" name="Test8754" />
    </UnitTest>
    <UnitTest name="Test8755" id="803a9f34-d84d-4963-8332-7805928a1f30" storage="TestAssembly.dll">
      <Execution id="ee83ca24-d1b5-475d-adcf-73c76a899d06" />
      <TestMethod codeBase="TestAssembly.dll" className="TestNamespace.TestClass6" name="Test8755" />
    </UnitTest>
    <UnitTest name="Test8756" id="ee679e0e-8649-48a3-a420-435afb3f1008" storage="TestAssembly.dll">
      <Execution id="213bfa5f-9cfe-4640-a435-39571853042a" />
      <TestMethod codeBase="TestAssembly.dll" className="TestNamespace.TestClass6" name="Test8756" />
    </UnitTest>
    <UnitTest name="Test8757" id="7ac00e01-51f0-4c07-8a9a-75c2c688c96d" storage="TestAssembly.dll">
      <Execution id="d9c853ba-8dd1-4a64-95bf-029f646e2d9d" />
      <TestMethod codeBase="TestAssembly.dll" className="TestNamespace.TestClass6" name="Test8757" />
    </UnitTest>
    <UnitTest name="Test8758" id="1006b842-6132-40d3-b7c1-d4c2aa90e726" storage="TestAssembly.dll">
      <Execution id="0c398cfd-2af0-4f8d-af29-3ace5c0f0861" />
      <TestMethod codeBase="TestAssembly.dll" className="TestNamespace.TestClass6" name="Test8758" />
    </UnitTest>
    <UnitTest name="Test8759" id="46d37945-453d-4efb-be60-e7bc1ec0686f" storage="TestAssembly.dll">
      <Execution id="c669d620-aad1-4649-9418-62c3853c2d34" />
      <TestMethod codeBase="TestAssembly.dll" className="TestNamespace.TestClass6" name="Test8759" />
    </UnitTest>
    <UnitTest name="Test8760" id="7d49e2ba-6f83-44a9-b2ce-d632266f61a3" storage="TestAssembly.dll">
      <Execution id="f30042bd-bc96-41bd-9bb4-c5f4b669e3ea" />
      <TestMethod codeBase="TestAssembly.dll" className="TestNamespace.TestClass6" name="Test8760" />
    </UnitTest>
    <UnitTest name="Test8761" id="39a9ae21-1e62-43fc-a4cb-e00650c61310" storage="TestAssembly.dll">
      <Execution id="7369ab49-7152-4bc9-8110-07e7bc337c35" />
      <TestMethod codeBase="TestAssembly.dll" className="TestNamespace.TestClass7" name="Test8761" />
    </UnitTest>
    <UnitTest name="Test8762" id="afc88f06-8d14-4b96-9988-50be951e26e2" storage="TestAssembly.dll">
      <Execution id="498d18d1-f6c5-4b5c-9576-ba3c427e6ecc" />
      <TestMethod codeBase="TestAssembly.dll" className="TestNamespace.TestClass7" name="Test8762" />
    </UnitTest>
    <UnitTest name="Test8763" id="67633a88-7293-4ca4-a5ed-b22a91fa2842" storage="TestAssembly.dll">
      <Execution id="9de23a67-22c0-44f8-a579-83dd7b1e83f1" />
      <TestMethod codeBase="TestAssembly.dll" className="TestNamespace.TestClass7" name="Test8763" />
    </UnitTest>
    <UnitTest name="Test8764" id="b9875dd5-8d19-4f93-9a53-eb5f1083ccc5" storage="TestAssembly.dll">
      <Execution id="1c597691-9875-45fe-9840-841e4492a813" />
      <TestMethod codeBase="TestAssembly.dll" className="TestNamespace.TestClass7" name="Test8764" />
    </UnitTest>
    <UnitTest name="Test8765" id="e9d9bff6-4e0a-4d17-8ed3-e8bcb30fb541" storage="TestAssembly.dll">
      <Execution id="05c85e1c-642c-40a8-9327-3d34dc840c80" />
      <TestMethod codeBase="TestAssembly.dll" className="TestNamespace.TestClass7" name="Test8765" />
    </UnitTest>
    <UnitTest name="Test8766" id="c8f5e3f2-5fa6-4909-a90b-497980b9c77a" storage="TestAssembly.dll">
      <Execution id="f7c06140-b3d8-4881-801f-7f9212dca043" />
      <TestMethod codeBase="TestAssembly.dll" className="TestNamespace.TestClass7" name="Test8766" />
    </UnitTest>
    <UnitTest name="Test8767" id="50ac2bde-fc59-4e6d-ba0e-6939fe2be706" storage="TestAssembly.dll">
      <Execution id="c5a0e812-ca65-4a1c-913d-0a28d0934369" />
      <TestMethod codeBase="TestAssembly.dll" className="TestNamespace.TestClass7" name="Test8767" />
    </UnitTest>
    <UnitTest name="Test8768" id="df6bdafd-6cf4-48b1-8cd5-2b313af6e8c3" storage="TestAssembly.dll">
      <Execution id="51f4845f-36ad-4bf7-b35e-afc9acb852d1" />
      <TestMethod codeBase="TestAssembly.dll" className="TestNamespace.TestClass7" name="Test8768" />
    </UnitTest>
    <UnitTest name="Test8769" id="df177aa6-ca5d-400d-86c6-7f4bdbbfd8d8" storage="TestAssembly.dll">
      <Execution id="06eefc9a-0f5e-4c51-a14c-bbde32a3ca72" />
      <TestMethod codeBase="TestAssembly.dll" className="TestNamespace.TestClass7" name="Test8769" />
    </UnitTest>
    <UnitTest name="Test8770" id="4d83f3e2-403e-4f17-a500-2f56e5c64080" storage="TestAssembly.dll">
      <Execution id="8f98f7af-a042-4923-9622-d1705cd5f23c" />
      <TestMethod codeBase="TestAssembly.dll" className="TestNamespace.TestClass7" name="Test8770" />
    </UnitTest>
    <UnitTest name="Test8771" id="8ea1d63d-ef49-4593-8eb2-a13ed92fa017" storage="TestAssembly.dll">
      <Execution id="14afa5dc-de07-4018-a201-d28e40affa8e" />
      <TestMethod codeBase="TestAssembly.dll" className="TestNamespace.TestClass8" name="Test8771" />
    </UnitTest>
    <UnitTest name="Test8772" id="e050b9b7-dba6-4506-83f7-f287fd99fed8" storage="TestAssembly.dll">
      <Execution id="a1b824fb-6a43-497b-b4f6-079200f3cc41" />
      <TestMethod codeBase="TestAssembly.dll" className="TestNamespace.TestClass8" name="Test8772" />
    </UnitTest>
    <UnitTest name="Test8773" id="fd663638-6e30-44f3-a3bd-e0516c01858e" storage="TestAssembly.dll">
      <Execution id="df1e2418-8ad8-4c31-ad44-574e0709ca2a" />
      <TestMethod codeBase="TestAssembly.dll" className="TestNamespace.TestClass8" name="Test8773" />
    </UnitTest>
    <UnitTest name="Test8774" id="13fec679-2ac4-40f0-acc6-1cd6c31e3f95" storage="TestAssembly.dll">
      <Execution id="3ac44e17-468a-4d4c-b2b7-3945db4f80a2" />
      <TestMethod codeBase="TestAssembly.dll" className="TestNamespace.TestClass8" name="Test8774" />
    </UnitTest>
    <UnitTest name="Test8775" id="7e7f654d-ebb1-4ae9-86dc-3c9307a4da74" storage="TestAssembly.dll">
      <Execution id="f62327b7-38a1-448a-9575-29087905138e" />
      <TestMethod codeBase="TestAssembly.dll" className="TestNamespace.TestClass8" name="Test8775" />
    </UnitTest>
    <UnitTest name="Test8776" id="6df339fd-252d-43e1-ab01-67c9c8dbd95f" storage="TestAssembly.dll">
      <Execution id="4ef22d3e-9468-4dd6-a90d-a497f0e90f87" />
      <TestMethod codeBase="TestAssembly.dll" className="TestNamespace.TestClass8" name="Test8776" />
    </UnitTest>
    <UnitTest name="Test8777" id="c1cc2724-5632-4413-ab2c-9f3882063b0d" storage="TestAssembly.dll">
      <Execution id="44cde747-db85-47c8-b420-f80aaa6803cc" />
      <TestMethod codeBase="TestAssembly.dll" className="TestNamespace.TestClass8" name="Test8777" />
    </UnitTest>
    <UnitTest name="Test8778" id="763fefcf-6acb-4f5b-972a-4ecfd91f0658" storage="TestAssembly.dll">
      <Execution id="8241348b-1861-4ecd-abe3-90aec725ce9f" />
      <TestMethod codeBase="TestAssembly.dll" className="TestNamespace.TestClass8" name="Test8778" />
    </UnitTest>
    <UnitTest name="Test8779" id="52ad434f-a077-402f-acd0-4b662db1a8d4" storage="TestAssembly.dll">
      <Execution id="8094f437-cbe3-4dd5-889b-904bf9069785" />
      <TestMethod codeBase="TestAssembly.dll" className="TestNamespace.TestClass8" name="Test8779" />
    </UnitTest>
    <UnitTest name="Test8780" id="469d6810-3288-402d-98f7-b6b24108435b" storage="TestAssembly.dll">
      <Execution id="c8978e79-274f-41f8-92e8-e319e0da8ac2" />
      <TestMethod codeBase="TestAssembly.dll" className="TestNamespace.TestClass8" name="Test8780" />
    </UnitTest>
    <UnitTest name="Test8781" id="d6a8d771-b19e-449b-8b73-5c2a734ebedd" storage="TestAssembly.dll">
      <Execution id="f3a7d8ed-bb13-4cae-a63d-4712862316ee" />
      <TestMethod codeBase="TestAssembly.dll" className="TestNamespace.TestClass9" name="Test8781" />
    </UnitTest>
    <UnitTest name="Test8782" id="cd6e5ccd-b4ea-4983-ae13-1fdccdfbb8cd" storage="TestAssembly.dll">
      <Execution id="cbefa302-9957-4528-8586-925376169c19" />
      <TestMethod codeBase="TestAssembly.dll" className="TestNamespace.TestClass9" name="Test8782" />
    </UnitTest>
    <UnitTest name="Test8783" id="34bda4c6-692d-4581-aaf1-b9b3f2454b56" storage="TestAssembly.dll">
      <Execution id="4cafdba6-9f97-4f69-85e4-3ef7017fecc2" />
      <TestMethod codeBase="TestAssembly.dll" className="TestNamespace.TestClass9" name="Test8783" />
    </UnitTest>
    <UnitTest name="Test8784" id="90b37412-3b25-4ac3-9728-dcc0aa54bf49" storage="TestAssembly.dll">
      <Execution id="35783578-ded2-4d06-b397-ad61ae1b5520" />
      <TestMethod codeBase="TestAssembly.dll" className="TestNamespace.TestClass9" name="Test8784" />
    </UnitTest>
    <UnitTest name="Test8785" id="62e942de-e96a-448a-942c-9850feef2578" storage="TestAssembly.dll">
      <Execution id="4e4a9164-0e09-4d49-a512-1ce1225bdb47" />
      <TestMethod codeBase="TestAssembly.dll" className="TestNamespace.TestClass9" name="Test8785" />
    </UnitTest>
    <UnitTest name="Test8786" id="aa6cd778-56a6-409b-a48c-a400ba87dda0" storage="TestAssembly.dll">
      <Execution id="0926d25f-968e-4fd6-aaf3-be658fe4e636" />
      <TestMethod codeBase="TestAssembly.dll" className="TestNamespace.TestClass9" name="Test8786" />
    </UnitTest>
    <UnitTest name="Test8787" id="c3a712ba-bf6c-4488-b3fd-d19a84b1ce02" storage="TestAssembly.dll">
      <Execution id="35279f02-8259-4340-a350-0e66db923aa7" />
      <TestMethod codeBase="TestAssembly.dll" className="TestNamespace.TestClass9" name="Test8787" />
    </UnitTest>
    <UnitTest name="Test8788" id="084c43f0-5e69-456d-82c5-32e9ca61e5f1" storage="TestAssembly.dll">
      <Execution id="b3f9adda-8b26-4e14-a390-03170fd01d96" />
      <TestMethod codeBase="TestAssembly.dll" className="TestNamespace.TestClass9" name="Test8788" />
    </UnitTest>
    <UnitTest name="Test8789" id="25bf3c0a-fa80-4a22-a680-b68ccaebfe38" storage="TestAssembly.dll">
      <Execution id="d48485b0-52d0-49ed-b9d4-9f1e4e32e3ed" />
      <TestMethod codeBase="TestAssembly.dll" className="TestNamespace.TestClass9" name="Test8789" />
    </UnitTest>
    <UnitTest name="Test8790" id="e4398e5a-acea-4bc6-8eef-4e374a1ff2c8" storage="TestAssembly.dll">
      <Execution id="cdf1c9f8-9491-40fe-88a0-69d783eeb52f" />
      <TestMethod codeBase="TestAssembly.dll" className="TestNamespace.TestClass9" name="Test8790" />
    </UnitTest>
    <UnitTest name="Test8791" id="6e3bdde7-955b-4b6d-8b01-df644305dabc" storage="TestAssembly.dll">
      <Execution id="1f0e6fbd-dc6b-4a24-b5ed-ecc2df5c5616" />
      <TestMethod codeBase="TestAssembly.dll" className="TestNamespace.TestClass10" name="Test8791" />
    </UnitTest>
    <UnitTest name="Test8792" id="02590059-7225-43e0-8401-18bb75e64e95" storage="TestAssembly.dll">
      <Execution id="527cd98e-45a3-4170-abd1-f535b2eef3c5" />
      <TestMethod codeBase="TestAssembly.dll" className="TestNamespace.TestClass10" name="Test8792" />
    </UnitTest>
    <UnitTest name="Test8793" id="f52f890d-5f73-472c-96fb-ef8cbe2bb98a" storage="TestAssembly.dll">
      <Execution id="1a463402-63d2-408f-b412-1df11596d6a4" />
      <TestMethod codeBase="TestAssembly.dll" className="TestNamespace.TestClass10" name="Test8793" />
    </UnitTest>
    <UnitTest name="Test8794" id="c8945275-2801-42e2-91a6-f47ef2453130" storage="TestAssembly.dll">
      <Execution id="58872a51-925e-4679-8944-f7f76628e8a7" />
      <TestMethod codeBase="TestAssembly.dll" className="TestNamespace.TestClass10" name="Test8794" />
    </UnitTest>
    <UnitTest name="Test8795" id="e7f812f7-0593-40c8-9652-f13074b4bd31" storage="TestAssembly.dll">
      <Execution id="50373872-e098-4ea4-a91d-640c9b5354f3" />
      <TestMethod codeBase="TestAssembly.dll" className="TestNamespace.TestClass10" name="Test8795" />
    </UnitTest>
    <UnitTest name="Test8796" id="04b726f2-8318-4225-abd3-ade92a97dfd0" storage="TestAssembly.dll">
      <Execution id="3555ab12-c17c-408b-8b61-7a6910eddca0" />
      <TestMethod codeBase="TestAssembly.dll" className="TestNamespace.TestClass10" name="Test8796" />
    </UnitTest>
    <UnitTest name="Test8797" id="43c6a313-76bf-4fb1-81c8-c3da1dae3a35" storage="TestAssembly.dll">
      <Execution id="cc5d5b63-e8ca-4124-a165-877c72352ec4" />
      <TestMethod codeBase="TestAssembly.dll" className="TestNamespace.TestClass10" name="Test8797" />
    </UnitTest>
    <UnitTest name="Test8798" id="3e38c292-2767-4b91-8f71-319f521b725d" storage="TestAssembly.dll">
      <Execution id="34f1a112-f6e2-46b2-8c49-931320ced4a2" />
      <TestMethod codeBase="TestAssembly.dll" className="TestNamespace.TestClass10" name="Test8798" />
    </UnitTest>
    <UnitTest name="Test8799" id="1b03c7ca-0ce4-4f98-89e1-c2d8f6f01cf6" storage="TestAssembly.dll">
      <Execution id="d78610b9-bc58-49e7-b973-2493153eadb1" />
      <TestMethod codeBase="TestAssembly.dll" className="TestNamespace.TestClass10" name="Test8799" />
    </UnitTest>
    <UnitTest name="Test8800" id="94f22c8c-cf0e-4c5d-aefd-4790bea7b02f" storage="TestAssembly.dll">
      <Execution id="430d7cd9-c4a8-496a-a013-ffeb44ed5f95" />
      <TestMethod codeBase="TestAssembly.dll" className="TestNamespace.TestClass10" name="Test8800" />
    </UnitTest>
  </TestDefinitions>
  <TestEntries>
    <TestEntry testId="7903e982-c068-49bb-98da-ecef50f5e6a5" executionId="93ed1dc9-c0c4-414b-b1b5-3306963d0734" testListId="ec1c9dbf-2280-4d2a-8dba-33e34ea64ad8" />
    <TestEntry testId="20230be4-96ae-4863-960b-47f0e26c4647" executionId="9f96a972-0a51-4d8d-9535-45b15b7c20a6" testListId="ec1c9dbf-2280-4d2a-8dba-33e34ea64ad8" />
    <TestEntry testId="e87f3da2-5893-401b-a6c9-f9c41e383310" executionId="500101ea-0883-49fa-b6fa-eeb2b1801fe9" testListId="ec1c9dbf-2280-4d2a-8dba-33e34ea64ad8" />
    <TestEntry testId="84cb74eb-2194-4fe9-86e3-e57680969920" executionId="38a8174a-399c-4283-8009-b9fea6fb63ee" testListId="ec1c9dbf-2280-4d2a-8dba-33e34ea64ad8" />
    <TestEntry testId="97c601c3-ef63-4c42-904e-a2228193f12e" executionId="c9c80cf0-1461-4129-80af-6566ab114ad1" testListId="ec1c9dbf-2280-4d2a-8dba-33e34ea64ad8" />
    <TestEntry testId="85decff0-2b8b-4028-9bca-2f5aba84668c" executionId="6dc66bad-61d0-45c9-b996-27f5246fe95c" testListId="ec1c9dbf-2280-4d2a-8dba-33e34ea64ad8" />
    <TestEntry testId="3354e816-4a3d-4542-b128-4f197a144579" executionId="619137d4-6e30-4cdc-849d-f06d866ba4e1" testListId="ec1c9dbf-2280-4d2a-8dba-33e34ea64ad8" />
    <TestEntry testId="42032834-4141-4152-b878-13beb8456592" executionId="8715469a-9fc7-4b6a-895d-bbb23844d408" testListId="ec1c9dbf-2280-4d2a-8dba-33e34ea64ad8" />
    <TestEntry testId="aeb07c4b-ba62-4794-97fd-73416989ee31" executionId="bd3ee054-7011-4119-860c-fe2df2940187" testListId="ec1c9dbf-2280-4d2a-8dba-33e34ea64ad8" />
    <TestEntry testId="eeaaafe0-ea05-4cbd-a223-defdf25db5d6" executionId="732d94e9-5b07-46d5-8b7a-10c165b020b0" testListId="ec1c9dbf-2280-4d2a-8dba-33e34ea64ad8" />
    <TestEntry testId="f59f0c97-e015-4681-a65a-b953df56894d" executionId="0827a4d2-c184-44b3-96ac-c821b91e44cb" testListId="ec1c9dbf-2280-4d2a-8dba-33e34ea64ad8" />
    <TestEntry testId="39e10494-84bd-47a9-ad6e-82a8ad46cbb2" executionId="2967416a-5a50-4529-a0e5-1fd56310eff9" testListId="ec1c9dbf-2280-4d2a-8dba-33e34ea64ad8" />
    <TestEntry testId="b7c45bfc-a6ea-440b-8b74-7eca4e5f11e5" executionId="1d9265b7-e70b-4ed4-9ee0-26ed9aa31fd8" testListId="ec1c9dbf-2280-4d2a-8dba-33e34ea64ad8" />
    <TestEntry testId="084702ba-4bf6-438c-9b0f-1f6840fdf998" executionId="65e46f83-2528-43a2-943a-9534183f9027" testListId="ec1c9dbf-2280-4d2a-8dba-33e34ea64ad8" />
    <TestEntry testId="ec8064cd-54cf-4f0c-9081-0d276fdf63b0" executionId="b4ba46f6-5200-4b84-9fdc-ca2139d82a18" testListId="ec1c9dbf-2280-4d2a-8dba-33e34ea64ad8" />
    <TestEntry testId="ae551438-bbc3-4e56-bc80-b88deb50ae53" executionId="84234165-8754-4c6b-9776-8aaf6f445010" testListId="ec1c9dbf-2280-4d2a-8dba-33e34ea64ad8" />
    <TestEntry testId="36c6544b-5f38-4cc6-aba5-f29d1a692100" executionId="f8e1d363-473f-4303-b5f2-ece106eac184" testListId="ec1c9dbf-2280-4d2a-8dba-33e34ea64ad8" />
    <TestEntry testId="4d85f5b7-7579-4a4c-b8d8-155ef2635e48" executionId="1f90cd5a-b47d-4cd5-bfcf-7159400c15ee" testListId="ec1c9dbf-2280-4d2a-8dba-33e34ea64ad8" />
    <TestEntry testId="eb0c1cc9-9587-42d1-8b2a-b3b2b1e07afe" executionId="8b15545c-b2c6-43f0-a6c9-d837089c7385" testListId="ec1c9dbf-2280-4d2a-8dba-33e34ea64ad8" />
    <TestEntry testId="5a855b24-3345-4b0f-b232-860d0d423833" executionId="4fd9673f-1fa0-468b-8cbf-fa43382c5909" testListId="ec1c9dbf-2280-4d2a-8dba-33e34ea64ad8" />
    <TestEntry testId="ceb7806a-eb93-4890-bac7-97c274cf4c11" executionId="3ee0329b-6283-4c8b-ad0d-d8377f0b7d7f" testListId="ec1c9dbf-2280-4d2a-8dba-33e34ea64ad8" />
    <TestEntry testId="d249b26a-c3d4-4f29-a3fa-e51227d411a8" executionId="61e468fd-f91f-44c2-99a1-61c65b8accd3" testListId="ec1c9dbf-2280-4d2a-8dba-33e34ea64ad8" />
    <TestEntry testId="c25bd4db-c8cf-446e-92da-18b3d079422e" executionId="1e706879-25cb-4605-9efa-5e937d369732" testListId="ec1c9dbf-2280-4d2a-8dba-33e34ea64ad8" />
    <TestEntry testId="c4bf260c-9975-45f9-8051-973ec7f78c01" executionId="156c1662-6aa1-40b7-ad32-ec94826c9900" testListId="ec1c9dbf-2280-4d2a-8dba-33e34ea64ad8" />
    <TestEntry testId="3b007d0b-7b47-4d5a-a90f-aff8574e95d8" executionId="51b5de9c-c9ec-482e-a963-858c467e7879" testListId="ec1c9dbf-2280-4d2a-8dba-33e34ea64ad8" />
    <TestEntry testId="18c0cd1e-63f6-41b0-994c-c1712e4be399" executionId="4073fb62-7eb5-4483-989b-502e12925042" testListId="ec1c9dbf-2280-4d2a-8dba-33e34ea64ad8" />
    <TestEntry testId="b21c2989-877e-4ed2-8741-ae25e4f5a732" executionId="f4912f75-e283-4c67-af79-7fec70b397aa" testListId="ec1c9dbf-2280-4d2a-8dba-33e34ea64ad8" />
    <TestEntry testId="9d05a0af-f306-4437-8737-4c8787369dcc" executionId="c0623444-ae7f-4f07-aa0a-707a578bea72" testListId="ec1c9dbf-2280-4d2a-8dba-33e34ea64ad8" />
    <TestEntry testId="aa451bd0-e9e4-4cc2-b35e-a173b49d87f2" executionId="26296a46-a7cf-4ca4-9cd7-a99a57c7f998" testListId="ec1c9dbf-2280-4d2a-8dba-33e34ea64ad8" />
    <TestEntry testId="1a4c8215-5deb-45c5-80a6-38fb84bdf830" executionId="bc2a3eb0-e842-4239-b0f0-30984f3053e0" testListId="ec1c9dbf-2280-4d2a-8dba-33e34ea64ad8" />
    <TestEntry testId="32177b76-d81c-4abc-a552-be368bf5726f" executionId="cdc275c6-a493-48ef-b775-79f634149f83" testListId="ec1c9dbf-2280-4d2a-8dba-33e34ea64ad8" />
    <TestEntry testId="087a6f65-4f3f-4c2e-ba8b-04227b52f5db" executionId="e564b1ab-7378-4581-8ac1-cc13673274fc" testListId="ec1c9dbf-2280-4d2a-8dba-33e34ea64ad8" />
    <TestEntry testId="92b225b2-68fd-49a5-9a7d-fa7ba9d2810c" executionId="1a1aa830-4f99-4c86-978a-e6062afbf565" testListId="ec1c9dbf-2280-4d2a-8dba-33e34ea64ad8" />
    <TestEntry testId="cb95a760-8448-49b3-a4bd-6975c0ca2624" executionId="c21a20da-cea3-45f9-a956-bd888a4acd73" testListId="ec1c9dbf-2280-4d2a-8dba-33e34ea64ad8" />
    <TestEntry testId="065fca3b-f971-47f3-bd54-711ac2d699b9" executionId="594e178b-fd4e-488e-a69c-5473c4945123" testListId="ec1c9dbf-2280-4d2a-8dba-33e34ea64ad8" />
    <TestEntry testId="cfbba7fe-f180-4821-b951-102f4c26d092" executionId="00bdd7b6-435f-4f15-9c5c-e72f6d8b9e93" testListId="ec1c9dbf-2280-4d2a-8dba-33e34ea64ad8" />
    <TestEntry testId="8415a6d0-6ac5-4a35-83c5-f3516ea5a22c" executionId="4a57bc0c-1600-4b0c-9bb0-f0eb3074dcf3" testListId="ec1c9dbf-2280-4d2a-8dba-33e34ea64ad8" />
    <TestEntry testId="3b7e664b-018f-460a-8493-3075f9bdce0f" executionId="0d820b8f-146a-4a0a-9829-0b2d04a0c3bb" testListId="ec1c9dbf-2280-4d2a-8dba-33e34ea64ad8" />
    <TestEntry testId="7baa8594-e950-49cb-a65b-1c02a41173b2" executionId="e17c0920-bfe8-4f7e-9a39-1071e773e0dc" testListId="ec1c9dbf-2280-4d2a-8dba-33e34ea64ad8" />
    <TestEntry testId="ca9628ec-4ed6-4cf3-b92c-76b4f72e1d16" executionId="129e4d2d-6ce3-4015-b20f-38e5930ef762" testListId="ec1c9dbf-2280-4d2a-8dba-33e34ea64ad8" />
    <TestEntry testId="efa61c89-903d-48d1-83a4-c2f1f50308fa" executionId="93b00c6f-8d3d-4a8b-9383-00cd5b58fce2" testListId="ec1c9dbf-2280-4d2a-8dba-33e34ea64ad8" />
    <TestEntry testId="8c61dfe0-442e-4de8-83c2-28b689098a67" executionId="fdcc4612-9d30-45e2-a91c-302c6c63ca8a" testListId="ec1c9dbf-2280-4d2a-8dba-33e34ea64ad8" />
    <TestEntry testId="c98e4330-8b30-4cd0-ac85-ef4334dfee4e" executionId="767ece56-69de-4473-b6bf-2158a507438a" testListId="ec1c9dbf-2280-4d2a-8dba-33e34ea64ad8" />
    <TestEntry testId="b3e71e23-4954-48c6-9e81-c3564b5d6b87" executionId="a02aaf8b-56db-49ba-b006-5e9ca1e11987" testListId="ec1c9dbf-2280-4d2a-8dba-33e34ea64ad8" />
    <TestEntry testId="7abdd3e6-0d59-4776-8bd5-2a1403a6425e" executionId="c6a69ccd-313d-4559-81ea-f7ad2da312f0" testListId="ec1c9dbf-2280-4d2a-8dba-33e34ea64ad8" />
    <TestEntry testId="e0f27649-ae35-4bdf-9b0e-3c2002409025" executionId="947f5caa-6ae2-460d-8628-41d6968897b1" testListId="ec1c9dbf-2280-4d2a-8dba-33e34ea64ad8" />
    <TestEntry testId="96f2ab95-0730-4067-8680-a37a20d4e9e6" executionId="20f777e5-7204-43d5-941e-5a60ac6cea67" testListId="ec1c9dbf-2280-4d2a-8dba-33e34ea64ad8" />
    <TestEntry testId="1d27c5c9-9702-4f49-8813-410eee7170eb" executionId="757ab482-5ea2-4d0a-8543-7c3962a099ef" testListId="ec1c9dbf-2280-4d2a-8dba-33e34ea64ad8" />
    <TestEntry testId="459d0ce8-8039-40b0-86db-c7b4d7b01463" executionId="3eddc752-250d-4faf-ba30-35999c717ad9" testListId="ec1c9dbf-2280-4d2a-8dba-33e34ea64ad8" />
    <TestEntry testId="395790a6-bfee-4d6a-9198-c1d2217e2468" executionId="845952be-abfb-4af8-9787-4231f6021a5b" testListId="ec1c9dbf-2280-4d2a-8dba-33e34ea64ad8" />
    <TestEntry testId="6ce81d30-f81c-4b65-a81b-cbb1d6239d90" executionId="b754870b-ab6f-4114-9cab-342cac850fd4" testListId="ec1c9dbf-2280-4d2a-8dba-33e34ea64ad8" />
    <TestEntry testId="7ca7e9d6-2f3e-41bf-927a-c221e9a7bd7e" executionId="96ccfd14-f5e3-42a8-b651-9ea12fc7d403" testListId="ec1c9dbf-2280-4d2a-8dba-33e34ea64ad8" />
    <TestEntry testId="1e6fc904-e03c-423c-8152-1889c4ee4125" executionId="2c8cdbdd-e4b6-4e96-b008-fd6b98d81dbb" testListId="ec1c9dbf-2280-4d2a-8dba-33e34ea64ad8" />
    <TestEntry testId="157a6c04-1528-4516-9e8f-d7e9cb6a5ee9" executionId="5631cb8e-5166-421f-abda-b3c4cfa80c5f" testListId="ec1c9dbf-2280-4d2a-8dba-33e34ea64ad8" />
    <TestEntry testId="803a9f34-d84d-4963-8332-7805928a1f30" executionId="ee83ca24-d1b5-475d-adcf-73c76a899d06" testListId="ec1c9dbf-2280-4d2a-8dba-33e34ea64ad8" />
    <TestEntry testId="ee679e0e-8649-48a3-a420-435afb3f1008" executionId="213bfa5f-9cfe-4640-a435-39571853042a" testListId="ec1c9dbf-2280-4d2a-8dba-33e34ea64ad8" />
    <TestEntry testId="7ac00e01-51f0-4c07-8a9a-75c2c688c96d" executionId="d9c853ba-8dd1-4a64-95bf-029f646e2d9d" testListId="ec1c9dbf-2280-4d2a-8dba-33e34ea64ad8" />
    <TestEntry testId="1006b842-6132-40d3-b7c1-d4c2aa90e726" executionId="0c398cfd-2af0-4f8d-af29-3ace5c0f0861" testListId="ec1c9dbf-2280-4d2a-8dba-33e34ea64ad8" />
    <TestEntry testId="46d37945-453d-4efb-be60-e7bc1ec0686f" executionId="c669d620-aad1-4649-9418-62c3853c2d34" testListId="ec1c9dbf-2280-4d2a-8dba-33e34ea64ad8" />
    <TestEntry testId="7d49e2ba-6f83-44a9-b2ce-d632266f61a3" executionId="f30042bd-bc96-41bd-9bb4-c5f4b669e3ea" testListId="ec1c9dbf-2280-4d2a-8dba-33e34ea64ad8" />
    <TestEntry testId="39a9ae21-1e62-43fc-a4cb-e00650c61310" executionId="7369ab49-7152-4bc9-8110-07e7bc337c35" testListId="ec1c9dbf-2280-4d2a-8dba-33e34ea64ad8" />
    <TestEntry testId="afc88f06-8d14-4b96-9988-50be951e26e2" executionId="498d18d1-f6c5-4b5c-9576-ba3c427e6ecc" testListId="ec1c9dbf-2280-4d2a-8dba-33e34ea64ad8" />
    <TestEntry testId="67633a88-7293-4ca4-a5ed-b22a91fa2842" executionId="9de23a67-22c0-44f8-a579-83dd7b1e83f1" testListId="ec1c9dbf-2280-4d2a-8dba-33e34ea64ad8" />
    <TestEntry testId="b9875dd5-8d19-4f93-9a53-eb5f1083ccc5" executionId="1c597691-9875-45fe-9840-841e4492a813" testListId="ec1c9dbf-2280-4d2a-8dba-33e34ea64ad8" />
    <TestEntry testId="e9d9bff6-4e0a-4d17-8ed3-e8bcb30fb541" executionId="05c85e1c-642c-40a8-9327-3d34dc840c80" testListId="ec1c9dbf-2280-4d2a-8dba-33e34ea64ad8" />
    <TestEntry testId="c8f5e3f2-5fa6-4909-a90b-497980b9c77a" executionId="f7c06140-b3d8-4881-801f-7f9212dca043" testListId="ec1c9dbf-2280-4d2a-8dba-33e34ea64ad8" />
    <TestEntry testId="50ac2bde-fc59-4e6d-ba0e-6939fe2be706" executionId="c5a0e812-ca65-4a1c-913d-0a28d0934369" testListId="ec1c9dbf-2280-4d2a-8dba-33e34ea64ad8" />
    <TestEntry testId="df6bdafd-6cf4-48b1-8cd5-2b313af6e8c3" executionId="51f4845f-36ad-4bf7-b35e-afc9acb852d1" testListId="ec1c9dbf-2280-4d2a-8dba-33e34ea64ad8" />
    <TestEntry testId="df177aa6-ca5d-400d-86c6-7f4bdbbfd8d8" executionId="06eefc9a-0f5e-4c51-a14c-bbde32a3ca72" testListId="ec1c9dbf-2280-4d2a-8dba-33e34ea64ad8" />
    <TestEntry testId="4d83f3e2-403e-4f17-a500-2f56e5c64080" executionId="8f98f7af-a042-4923-9622-d1705cd5f23c" testListId="ec1c9dbf-2280-4d2a-8dba-33e34ea64ad8" />
    <TestEntry testId="8ea1d63d-ef49-4593-8eb2-a13ed92fa017" executionId="14afa5dc-de07-4018-a201-d28e40affa8e" testListId="ec1c9dbf-2280-4d2a-8dba-33e34ea64ad8" />
    <TestEntry testId="e050b9b7-dba6-4506-83f7-f287fd99fed8" executionId="a1b824fb-6a43-497b-b4f6-079200f3cc41" testListId="ec1c9dbf-2280-4d2a-8dba-33e34ea64ad8" />
    <TestEntry testId="fd663638-6e30-44f3-a3bd-e0516c01858e" executionId="df1e2418-8ad8-4c31-ad44-574e0709ca2a" testListId="ec1c9dbf-2280-4d2a-8dba-33e34ea64ad8" />
    <TestEntry testId="13fec679-2ac4-40f0-acc6-1cd6c31e3f95" executionId="3ac44e17-468a-4d4c-b2b7-3945db4f80a2" testListId="ec1c9dbf-2280-4d2a-8dba-33e34ea64ad8" />
    <TestEntry testId="7e7f654d-ebb1-4ae9-86dc-3c9307a4da74" executionId="f62327b7-38a1-448a-9575-29087905138e" testListId="ec1c9dbf-2280-4d2a-8dba-33e34ea64ad8" />
    <TestEntry testId="6df339fd-252d-43e1-ab01-67c9c8dbd95f" executionId="4ef22d3e-9468-4dd6-a90d-a497f0e90f87" testListId="ec1c9dbf-2280-4d2a-8dba-33e34ea64ad8" />
    <TestEntry testId="c1cc2724-5632-4413-ab2c-9f3882063b0d" executionId="44cde747-db85-47c8-b420-f80aaa6803cc" testListId="ec1c9dbf-2280-4d2a-8dba-33e34ea64ad8" />
    <TestEntry testId="763fefcf-6acb-4f5b-972a-4ecfd91f0658" executionId="8241348b-1861-4ecd-abe3-90aec725ce9f" testListId="ec1c9dbf-2280-4d2a-8dba-33e34ea64ad8" />
    <TestEntry testId="52ad434f-a077-402f-acd0-4b662db1a8d4" executionId="8094f437-cbe3-4dd5-889b-904bf9069785" testListId="ec1c9dbf-2280-4d2a-8dba-33e34ea64ad8" />
    <TestEntry testId="469d6810-3288-402d-98f7-b6b24108435b" executionId="c8978e79-274f-41f8-92e8-e319e0da8ac2" testListId="ec1c9dbf-2280-4d2a-8dba-33e34ea64ad8" />
    <TestEntry testId="d6a8d771-b19e-449b-8b73-5c2a734ebedd" executionId="f3a7d8ed-bb13-4cae-a63d-4712862316ee" testListId="ec1c9dbf-2280-4d2a-8dba-33e34ea64ad8" />
    <TestEntry testId="cd6e5ccd-b4ea-4983-ae13-1fdccdfbb8cd" executionId="cbefa302-9957-4528-8586-925376169c19" testListId="ec1c9dbf-2280-4d2a-8dba-33e34ea64ad8" />
    <TestEntry testId="34bda4c6-692d-4581-aaf1-b9b3f2454b56" executionId="4cafdba6-9f97-4f69-85e4-3ef7017fecc2" testListId="ec1c9dbf-2280-4d2a-8dba-33e34ea64ad8" />
    <TestEntry testId="90b37412-3b25-4ac3-9728-dcc0aa54bf49" executionId="35783578-ded2-4d06-b397-ad61ae1b5520" testListId="ec1c9dbf-2280-4d2a-8dba-33e34ea64ad8" />
    <TestEntry testId="62e942de-e96a-448a-942c-9850feef2578" executionId="4e4a9164-0e09-4d49-a512-1ce1225bdb47" testListId="ec1c9dbf-2280-4d2a-8dba-33e34ea64ad8" />
    <TestEntry testId="aa6cd778-56a6-409b-a48c-a400ba87dda0" executionId="0926d25f-968e-4fd6-aaf3-be658fe4e636" testListId="ec1c9dbf-2280-4d2a-8dba-33e34ea64ad8" />
    <TestEntry testId="c3a712ba-bf6c-4488-b3fd-d19a84b1ce02" executionId="35279f02-8259-4340-a350-0e66db923aa7" testListId="ec1c9dbf-2280-4d2a-8dba-33e34ea64ad8" />
    <TestEntry testId="084c43f0-5e69-456d-82c5-32e9ca61e5f1" executionId="b3f9adda-8b26-4e14-a390-03170fd01d96" testListId="ec1c9dbf-2280-4d2a-8dba-33e34ea64ad8" />
    <TestEntry testId="25bf3c0a-fa80-4a22-a680-b68ccaebfe38" executionId="d48485b0-52d0-49ed-b9d4-9f1e4e32e3ed" testListId="ec1c9dbf-2280-4d2a-8dba-33e34ea64ad8" />
    <TestEntry testId="e4398e5a-acea-4bc6-8eef-4e374a1ff2c8" executionId="cdf1c9f8-9491-40fe-88a0-69d783eeb52f" testListId="ec1c9dbf-2280-4d2a-8dba-33e34ea64ad8" />
    <TestEntry testId="6e3bdde7-955b-4b6d-8b01-df644305dabc" executionId="1f0e6fbd-dc6b-4a24-b5ed-ecc2df5c5616" testListId="ec1c9dbf-2280-4d2a-8dba-33e34ea64ad8" />
    <TestEntry testId="02590059-7225-43e0-8401-18bb75e64e95" executionId="527cd98e-45a3-4170-abd1-f535b2eef3c5" testListId="ec1c9dbf-2280-4d2a-8dba-33e34ea64ad8" />
    <TestEntry testId="f52f890d-5f73-472c-96fb-ef8cbe2bb98a" executionId="1a463402-63d2-408f-b412-1df11596d6a4" testListId="ec1c9dbf-2280-4d2a-8dba-33e34ea64ad8" />
    <TestEntry testId="c8945275-2801-42e2-91a6-f47ef2453130" executionId="58872a51-925e-4679-8944-f7f76628e8a7" testListId="ec1c9dbf-2280-4d2a-8dba-33e34ea64ad8" />
    <TestEntry testId="e7f812f7-0593-40c8-9652-f13074b4bd31" executionId="50373872-e098-4ea4-a91d-640c9b5354f3" testListId="ec1c9dbf-2280-4d2a-8dba-33e34ea64ad8" />
    <TestEntry testId="04b726f2-8318-4225-abd3-ade92a97dfd0" executionId="3555ab12-c17c-408b-8b61-7a6910eddca0" testListId="ec1c9dbf-2280-4d2a-8dba-33e34ea64ad8" />
    <TestEntry testId="43c6a313-76bf-4fb1-81c8-c3da1dae3a35" executionId="cc5d5b63-e8ca-4124-a165-877c72352ec4" testListId="ec1c9dbf-2280-4d2a-8dba-33e34ea64ad8" />
    <TestEntry testId="3e38c292-2767-4b91-8f71-319f521b725d" executionId="34f1a112-f6e2-46b2-8c49-931320ced4a2" testListId="ec1c9dbf-2280-4d2a-8dba-33e34ea64ad8" />
    <TestEntry testId="1b03c7ca-0ce4-4f98-89e1-c2d8f6f01cf6" executionId="d78610b9-bc58-49e7-b973-2493153eadb1" testListId="ec1c9dbf-2280-4d2a-8dba-33e34ea64ad8" />
    <TestEntry testId="94f22c8c-cf0e-4c5d-aefd-4790bea7b02f" executionId="430d7cd9-c4a8-496a-a013-ffeb44ed5f95" testListId="ec1c9dbf-2280-4d2a-8dba-33e34ea64ad8" />
  </TestEntries>
  <TestLists>
    <TestList name="Results Not in a List" id="ec1c9dbf-2280-4d2a-8dba-33e34ea64ad8" />
    <TestList name="All Loaded Results" id="f1f3c6b0-0e37-44b3-a271-dd0e7b3adb1e" />
  </TestLists>
</TestRun>