<?xml version="1.0" encoding="UTF-8"?>
<TestRun id="9053bbe7-e9bb-46e8-9c41-527dbaaa1ade" name="Test Run 75" runUser="Oles Galatsan" xmlns="http://microsoft.com/schemas/VisualStudio/TeamTest/2010">
  <Times creation="2025-05-14T13:20:31.3125482Z" queuing="2025-05-14T13:20:31.3125482Z" start="2025-05-14T13:20:31.3146610Z" finish="2025-05-14T13:25:31.3147553Z" />
  <TestSettings name="Test Settings 75" id="c3508ddf-1c35-41cf-b44a-4cf30136bbda" />
  <Results>
    <UnitTestResult executionId="d676862f-bc7e-4798-b1a4-0de649d349d4" testId="d1dd669f-7b79-4275-bb39-466c0eea29d7" testName="Test7401" computerName="UA-LPT-OGA2" duration="00:00:00.7120000" startTime="2025-05-14T13:20:31.3146610Z" endTime="2025-05-14T13:25:31.3147553Z" testType="13cdc9d9-ddb5-4fa4-a97d-d965ccfc6d4b" outcome="Passed" testListId="25443f44-4c48-4d05-a5f8-12f1f2d391e9" />
    <UnitTestResult executionId="d1f14b49-232d-428b-9475-81899fb5e4c8" testId="0e5f7a5f-354d-4f24-af46-2083f44d4758" testName="Test7402" computerName="UA-LPT-OGA2" duration="00:00:01.1680000" startTime="2025-05-14T13:20:31.3146610Z" endTime="2025-05-14T13:25:31.3147553Z" testType="13cdc9d9-ddb5-4fa4-a97d-d965ccfc6d4b" outcome="Passed" testListId="25443f44-4c48-4d05-a5f8-12f1f2d391e9" />
    <UnitTestResult executionId="6b7aa2c7-3505-468b-90b0-769fbd0bc3c4" testId="653b34a6-fa81-4809-baa1-503b571d6db6" testName="Test7403" computerName="UA-LPT-OGA2" duration="00:00:00.6640000" startTime="2025-05-14T13:20:31.3146610Z" endTime="2025-05-14T13:25:31.3147553Z" testType="13cdc9d9-ddb5-4fa4-a97d-d965ccfc6d4b" outcome="Passed" testListId="25443f44-4c48-4d05-a5f8-12f1f2d391e9" />
    <UnitTestResult executionId="acd68fed-2b33-4a52-8771-f72421e57c6e" testId="03a78d4f-551d-4359-a709-499aec5f6789" testName="Test7404" computerName="UA-LPT-OGA2" duration="00:00:00.1670000" startTime="2025-05-14T13:20:31.3146610Z" endTime="2025-05-14T13:25:31.3147553Z" testType="13cdc9d9-ddb5-4fa4-a97d-d965ccfc6d4b" outcome="Failed" testListId="25443f44-4c48-4d05-a5f8-12f1f2d391e9">
      <Output>
        <ErrorInfo>
          <Message>Assertion failed: Expected value did not match actual value.</Message>
          <StackTrace>   at TestNamespace.TestClass.Test() in TestClass.cs:line 174</StackTrace>
        </ErrorInfo>
      </Output>
    </UnitTestResult>
    <UnitTestResult executionId="43278139-3c06-4213-8083-b1f89f2ffc14" testId="3cd6c488-2aba-4f06-b610-9e1b0bee8354" testName="Test7405" computerName="UA-LPT-OGA2" duration="00:00:00.5880000" startTime="2025-05-14T13:20:31.3146610Z" endTime="2025-05-14T13:25:31.3147553Z" testType="13cdc9d9-ddb5-4fa4-a97d-d965ccfc6d4b" outcome="Passed" testListId="25443f44-4c48-4d05-a5f8-12f1f2d391e9" />
    <UnitTestResult executionId="817c5eff-f5d2-44f8-ba17-fc1680fb479e" testId="533a6589-826d-4cb1-8f02-c0e6a13c47fc" testName="Test7406" computerName="UA-LPT-OGA2" duration="00:00:01.2920000" startTime="2025-05-14T13:20:31.3146610Z" endTime="2025-05-14T13:25:31.3147553Z" testType="13cdc9d9-ddb5-4fa4-a97d-d965ccfc6d4b" outcome="Passed" testListId="25443f44-4c48-4d05-a5f8-12f1f2d391e9" />
    <UnitTestResult executionId="a0cf8c65-03b0-4bc0-9075-e0edef7ed6a8" testId="ee9632ad-c3f2-4e81-af32-43cc0351dec2" testName="Test7407" computerName="UA-LPT-OGA2" duration="00:00:00.1430000" startTime="2025-05-14T13:20:31.3146610Z" endTime="2025-05-14T13:25:31.3147553Z" testType="13cdc9d9-ddb5-4fa4-a97d-d965ccfc6d4b" outcome="Passed" testListId="25443f44-4c48-4d05-a5f8-12f1f2d391e9" />
    <UnitTestResult executionId="de5e8117-62a6-4dcf-89fb-7e0cc077b912" testId="817b3b66-1ed1-4546-9d09-31ba0039d679" testName="Test7408" computerName="UA-LPT-OGA2" duration="00:00:01.1330000" startTime="2025-05-14T13:20:31.3146610Z" endTime="2025-05-14T13:25:31.3147553Z" testType="13cdc9d9-ddb5-4fa4-a97d-d965ccfc6d4b" outcome="Passed" testListId="25443f44-4c48-4d05-a5f8-12f1f2d391e9" />
    <UnitTestResult executionId="6f4e2591-ffc6-4561-920a-4da746748f9f" testId="64120be5-fdf1-4408-91be-2eff7236d2a9" testName="Test7409" computerName="UA-LPT-OGA2" duration="00:00:00.6570000" startTime="2025-05-14T13:20:31.3146610Z" endTime="2025-05-14T13:25:31.3147553Z" testType="13cdc9d9-ddb5-4fa4-a97d-d965ccfc6d4b" outcome="Passed" testListId="25443f44-4c48-4d05-a5f8-12f1f2d391e9" />
    <UnitTestResult executionId="d0871a90-148d-4b0a-a6a7-a4d1cf1cb2b2" testId="b83201aa-3f3a-4d59-9337-836f5fc5be14" testName="Test7410" computerName="UA-LPT-OGA2" duration="00:00:01.1290000" startTime="2025-05-14T13:20:31.3146610Z" endTime="2025-05-14T13:25:31.3147553Z" testType="13cdc9d9-ddb5-4fa4-a97d-d965ccfc6d4b" outcome="Passed" testListId="25443f44-4c48-4d05-a5f8-12f1f2d391e9" />
    <UnitTestResult executionId="6620f5fa-8f10-47ff-93f1-ec1f105492cc" testId="549b352f-c87b-44b9-b7fc-49fb1b33d352" testName="Test7411" computerName="UA-LPT-OGA2" duration="00:00:01.5150000" startTime="2025-05-14T13:20:31.3146610Z" endTime="2025-05-14T13:25:31.3147553Z" testType="13cdc9d9-ddb5-4fa4-a97d-d965ccfc6d4b" outcome="Passed" testListId="25443f44-4c48-4d05-a5f8-12f1f2d391e9" />
    <UnitTestResult executionId="026cf69a-8150-476a-bcc9-1dbea70b5a83" testId="2b751253-978e-4ac3-b723-b8347dd8ab84" testName="Test7412" computerName="UA-LPT-OGA2" duration="00:00:01.0720000" startTime="2025-05-14T13:20:31.3146610Z" endTime="2025-05-14T13:25:31.3147553Z" testType="13cdc9d9-ddb5-4fa4-a97d-d965ccfc6d4b" outcome="Passed" testListId="25443f44-4c48-4d05-a5f8-12f1f2d391e9" />
    <UnitTestResult executionId="a3d63d9b-d45b-446f-a107-7bf2fef1f2aa" testId="2c596ca7-42c1-4bb6-93fd-7cc5298ef145" testName="Test7413" computerName="UA-LPT-OGA2" duration="00:00:01.8460000" startTime="2025-05-14T13:20:31.3146610Z" endTime="2025-05-14T13:25:31.3147553Z" testType="13cdc9d9-ddb5-4fa4-a97d-d965ccfc6d4b" outcome="Passed" testListId="25443f44-4c48-4d05-a5f8-12f1f2d391e9" />
    <UnitTestResult executionId="af00e415-a286-46ee-a3fc-e522463ea589" testId="5c5d7424-33b4-40e2-9bab-eba97459fbde" testName="Test7414" computerName="UA-LPT-OGA2" duration="00:00:00.4680000" startTime="2025-05-14T13:20:31.3146610Z" endTime="2025-05-14T13:25:31.3147553Z" testType="13cdc9d9-ddb5-4fa4-a97d-d965ccfc6d4b" outcome="Failed" testListId="25443f44-4c48-4d05-a5f8-12f1f2d391e9">
      <Output>
        <ErrorInfo>
          <Message>Assertion failed: Expected value did not match actual value.</Message>
          <StackTrace>   at TestNamespace.TestClass.Test() in TestClass.cs:line 16</StackTrace>
        </ErrorInfo>
      </Output>
    </UnitTestResult>
    <UnitTestResult executionId="bdc002ba-26a2-453e-a220-200041c0300a" testId="28cf51ad-c205-4818-92d4-105b73c56906" testName="Test7415" computerName="UA-LPT-OGA2" duration="00:00:01.1130000" startTime="2025-05-14T13:20:31.3146610Z" endTime="2025-05-14T13:25:31.3147553Z" testType="13cdc9d9-ddb5-4fa4-a97d-d965ccfc6d4b" outcome="Passed" testListId="25443f44-4c48-4d05-a5f8-12f1f2d391e9" />
    <UnitTestResult executionId="798a8266-8e58-4804-bc85-498713cf5f31" testId="9ccc63f4-0799-4533-aa46-ceb155afd933" testName="Test7416" computerName="UA-LPT-OGA2" duration="00:00:01.0050000" startTime="2025-05-14T13:20:31.3146610Z" endTime="2025-05-14T13:25:31.3147553Z" testType="13cdc9d9-ddb5-4fa4-a97d-d965ccfc6d4b" outcome="Passed" testListId="25443f44-4c48-4d05-a5f8-12f1f2d391e9" />
    <UnitTestResult executionId="0608d4c8-ab81-4489-92e7-d7d48413f514" testId="7b0124d0-7012-405a-a9c7-69fc666c728d" testName="Test7417" computerName="UA-LPT-OGA2" duration="00:00:00.6650000" startTime="2025-05-14T13:20:31.3146610Z" endTime="2025-05-14T13:25:31.3147553Z" testType="13cdc9d9-ddb5-4fa4-a97d-d965ccfc6d4b" outcome="Passed" testListId="25443f44-4c48-4d05-a5f8-12f1f2d391e9" />
    <UnitTestResult executionId="473d53ca-3ed7-45ec-ab5a-e4fecb18fa88" testId="089c2529-5d3e-4668-a27f-764e16c79da7" testName="Test7418" computerName="UA-LPT-OGA2" duration="00:00:01.9410000" startTime="2025-05-14T13:20:31.3146610Z" endTime="2025-05-14T13:25:31.3147553Z" testType="13cdc9d9-ddb5-4fa4-a97d-d965ccfc6d4b" outcome="Passed" testListId="25443f44-4c48-4d05-a5f8-12f1f2d391e9" />
    <UnitTestResult executionId="259c0050-5ca9-4001-b04c-12e2a1e5fb82" testId="76b05fe9-afbe-4c64-b9b3-00e3b42813ae" testName="Test7419" computerName="UA-LPT-OGA2" duration="00:00:00.3490000" startTime="2025-05-14T13:20:31.3146610Z" endTime="2025-05-14T13:25:31.3147553Z" testType="13cdc9d9-ddb5-4fa4-a97d-d965ccfc6d4b" outcome="Passed" testListId="25443f44-4c48-4d05-a5f8-12f1f2d391e9" />
    <UnitTestResult executionId="35fa48cf-6dcf-4300-b255-a0d1e0b8d30a" testId="ae7ff3f1-c1da-4967-b5e1-7ff71fe7a487" testName="Test7420" computerName="UA-LPT-OGA2" duration="00:00:00.7220000" startTime="2025-05-14T13:20:31.3146610Z" endTime="2025-05-14T13:25:31.3147553Z" testType="13cdc9d9-ddb5-4fa4-a97d-d965ccfc6d4b" outcome="Passed" testListId="25443f44-4c48-4d05-a5f8-12f1f2d391e9" />
    <UnitTestResult executionId="07303b5b-5717-4151-80f8-8e0cd90bf135" testId="c421d59a-ea89-4954-8b26-ff412b701b1e" testName="Test7421" computerName="UA-LPT-OGA2" duration="00:00:00.7220000" startTime="2025-05-14T13:20:31.3146610Z" endTime="2025-05-14T13:25:31.3147553Z" testType="13cdc9d9-ddb5-4fa4-a97d-d965ccfc6d4b" outcome="Passed" testListId="25443f44-4c48-4d05-a5f8-12f1f2d391e9" />
    <UnitTestResult executionId="04159202-a263-48f1-8a34-48a68193c70f" testId="d4c04d1f-517f-4cad-b4c1-5b9cf753e4bc" testName="Test7422" computerName="UA-LPT-OGA2" duration="00:00:01.5670000" startTime="2025-05-14T13:20:31.3146610Z" endTime="2025-05-14T13:25:31.3147553Z" testType="13cdc9d9-ddb5-4fa4-a97d-d965ccfc6d4b" outcome="Passed" testListId="25443f44-4c48-4d05-a5f8-12f1f2d391e9" />
    <UnitTestResult executionId="f7500c4b-1637-40ea-9da0-45d6709e701a" testId="c54caabc-1693-4351-8791-df83120f4a7f" testName="Test7423" computerName="UA-LPT-OGA2" duration="00:00:01.6250000" startTime="2025-05-14T13:20:31.3146610Z" endTime="2025-05-14T13:25:31.3147553Z" testType="13cdc9d9-ddb5-4fa4-a97d-d965ccfc6d4b" outcome="Passed" testListId="25443f44-4c48-4d05-a5f8-12f1f2d391e9" />
    <UnitTestResult executionId="ba90ccbf-0d8d-478e-91af-1a82e1d20d1e" testId="a41050d7-ef1d-4ed0-92cf-7d17fc5544a6" testName="Test7424" computerName="UA-LPT-OGA2" duration="00:00:01.4530000" startTime="2025-05-14T13:20:31.3146610Z" endTime="2025-05-14T13:25:31.3147553Z" testType="13cdc9d9-ddb5-4fa4-a97d-d965ccfc6d4b" outcome="Passed" testListId="25443f44-4c48-4d05-a5f8-12f1f2d391e9" />
    <UnitTestResult executionId="b33541b2-3be4-4d11-889a-1cf1382571d6" testId="aa0c0b13-df2c-4126-a84f-497fc834342d" testName="Test7425" computerName="UA-LPT-OGA2" duration="00:00:01.9730000" startTime="2025-05-14T13:20:31.3146610Z" endTime="2025-05-14T13:25:31.3147553Z" testType="13cdc9d9-ddb5-4fa4-a97d-d965ccfc6d4b" outcome="Passed" testListId="25443f44-4c48-4d05-a5f8-12f1f2d391e9" />
    <UnitTestResult executionId="7fe8907f-8654-472e-bea8-8e9324476a6f" testId="5ce7c2a2-c885-49b3-8dc2-e1544e5a59d9" testName="Test7426" computerName="UA-LPT-OGA2" duration="00:00:00.7420000" startTime="2025-05-14T13:20:31.3146610Z" endTime="2025-05-14T13:25:31.3147553Z" testType="13cdc9d9-ddb5-4fa4-a97d-d965ccfc6d4b" outcome="Passed" testListId="25443f44-4c48-4d05-a5f8-12f1f2d391e9" />
    <UnitTestResult executionId="5417ea45-3917-4f41-96b0-091452c49b2a" testId="61be266e-68c6-43cf-b867-793779bddf21" testName="Test7427" computerName="UA-LPT-OGA2" duration="00:00:00.4680000" startTime="2025-05-14T13:20:31.3146610Z" endTime="2025-05-14T13:25:31.3147553Z" testType="13cdc9d9-ddb5-4fa4-a97d-d965ccfc6d4b" outcome="Passed" testListId="25443f44-4c48-4d05-a5f8-12f1f2d391e9" />
    <UnitTestResult executionId="1a6dcde1-5e27-451e-a1b3-2ca0a42965d5" testId="2a561f51-0b7f-4a77-baee-54a079891918" testName="Test7428" computerName="UA-LPT-OGA2" duration="00:00:00.8880000" startTime="2025-05-14T13:20:31.3146610Z" endTime="2025-05-14T13:25:31.3147553Z" testType="13cdc9d9-ddb5-4fa4-a97d-d965ccfc6d4b" outcome="Passed" testListId="25443f44-4c48-4d05-a5f8-12f1f2d391e9" />
    <UnitTestResult executionId="76d73f7e-705a-4f93-a57e-e5885011993b" testId="c904e9e9-d7fe-4751-ade8-f50374055e0c" testName="Test7429" computerName="UA-LPT-OGA2" duration="00:00:00.3730000" startTime="2025-05-14T13:20:31.3146610Z" endTime="2025-05-14T13:25:31.3147553Z" testType="13cdc9d9-ddb5-4fa4-a97d-d965ccfc6d4b" outcome="Passed" testListId="25443f44-4c48-4d05-a5f8-12f1f2d391e9" />
    <UnitTestResult executionId="587fa980-5326-4cb1-a614-5760a26d495a" testId="42383532-ee95-469c-af85-9ea403d64a64" testName="Test7430" computerName="UA-LPT-OGA2" duration="00:00:00.2700000" startTime="2025-05-14T13:20:31.3146610Z" endTime="2025-05-14T13:25:31.3147553Z" testType="13cdc9d9-ddb5-4fa4-a97d-d965ccfc6d4b" outcome="Passed" testListId="25443f44-4c48-4d05-a5f8-12f1f2d391e9" />
    <UnitTestResult executionId="f3ccc765-03c6-44f7-aada-7fce92aca4bf" testId="5da6a5e4-7c77-49fa-b90e-d8504fa9f05c" testName="Test7431" computerName="UA-LPT-OGA2" duration="00:00:00.7160000" startTime="2025-05-14T13:20:31.3146610Z" endTime="2025-05-14T13:25:31.3147553Z" testType="13cdc9d9-ddb5-4fa4-a97d-d965ccfc6d4b" outcome="Passed" testListId="25443f44-4c48-4d05-a5f8-12f1f2d391e9" />
    <UnitTestResult executionId="9fb6a7d4-e328-4212-8a8c-b3f2862e6e5d" testId="a4ab9ffb-615d-4740-9404-7c861117e248" testName="Test7432" computerName="UA-LPT-OGA2" duration="00:00:01.0100000" startTime="2025-05-14T13:20:31.3146610Z" endTime="2025-05-14T13:25:31.3147553Z" testType="13cdc9d9-ddb5-4fa4-a97d-d965ccfc6d4b" outcome="Passed" testListId="25443f44-4c48-4d05-a5f8-12f1f2d391e9" />
    <UnitTestResult executionId="20423128-ec12-4ed3-880c-330efdf6cc77" testId="b4218f74-5b85-48f8-9dc9-97b5035efa2a" testName="Test7433" computerName="UA-LPT-OGA2" duration="00:00:00.0850000" startTime="2025-05-14T13:20:31.3146610Z" endTime="2025-05-14T13:25:31.3147553Z" testType="13cdc9d9-ddb5-4fa4-a97d-d965ccfc6d4b" outcome="Passed" testListId="25443f44-4c48-4d05-a5f8-12f1f2d391e9" />
    <UnitTestResult executionId="06d917c0-1214-48fd-85da-64176d99b503" testId="4b558548-03cb-4e00-b636-e000fc4a569f" testName="Test7434" computerName="UA-LPT-OGA2" duration="00:00:01.2290000" startTime="2025-05-14T13:20:31.3146610Z" endTime="2025-05-14T13:25:31.3147553Z" testType="13cdc9d9-ddb5-4fa4-a97d-d965ccfc6d4b" outcome="Passed" testListId="25443f44-4c48-4d05-a5f8-12f1f2d391e9" />
    <UnitTestResult executionId="f3f16608-2b13-4a45-8f0f-980d9e8ca892" testId="d51a39b3-d5db-41ba-89d9-2d1beef92b44" testName="Test7435" computerName="UA-LPT-OGA2" duration="00:00:01.1570000" startTime="2025-05-14T13:20:31.3146610Z" endTime="2025-05-14T13:25:31.3147553Z" testType="13cdc9d9-ddb5-4fa4-a97d-d965ccfc6d4b" outcome="Passed" testListId="25443f44-4c48-4d05-a5f8-12f1f2d391e9" />
    <UnitTestResult executionId="e74fa4f6-f73a-4b59-bb86-27a2a24bbe06" testId="bfb07e09-537d-4bfb-a71d-30adb14e5d9a" testName="Test7436" computerName="UA-LPT-OGA2" duration="00:00:00.8680000" startTime="2025-05-14T13:20:31.3146610Z" endTime="2025-05-14T13:25:31.3147553Z" testType="13cdc9d9-ddb5-4fa4-a97d-d965ccfc6d4b" outcome="Passed" testListId="25443f44-4c48-4d05-a5f8-12f1f2d391e9" />
    <UnitTestResult executionId="a909e0fe-5834-41f5-a451-4ac743edbb82" testId="3e1d23da-5021-41bd-af0e-ecadf5021157" testName="Test7437" computerName="UA-LPT-OGA2" duration="00:00:01.7260000" startTime="2025-05-14T13:20:31.3146610Z" endTime="2025-05-14T13:25:31.3147553Z" testType="13cdc9d9-ddb5-4fa4-a97d-d965ccfc6d4b" outcome="Passed" testListId="25443f44-4c48-4d05-a5f8-12f1f2d391e9" />
    <UnitTestResult executionId="ddc6fd15-7762-44d9-99a7-c0b4a8dfeb27" testId="12bc6429-dbbe-4a8e-b67f-9ddf41154f32" testName="Test7438" computerName="UA-LPT-OGA2" duration="00:00:00.7670000" startTime="2025-05-14T13:20:31.3146610Z" endTime="2025-05-14T13:25:31.3147553Z" testType="13cdc9d9-ddb5-4fa4-a97d-d965ccfc6d4b" outcome="Passed" testListId="25443f44-4c48-4d05-a5f8-12f1f2d391e9" />
    <UnitTestResult executionId="54d2682e-76ae-436d-b67a-3a053ddc7a4e" testId="7d97789c-cdab-4b20-aab8-11799f37465d" testName="Test7439" computerName="UA-LPT-OGA2" duration="00:00:00.7390000" startTime="2025-05-14T13:20:31.3146610Z" endTime="2025-05-14T13:25:31.3147553Z" testType="13cdc9d9-ddb5-4fa4-a97d-d965ccfc6d4b" outcome="Passed" testListId="25443f44-4c48-4d05-a5f8-12f1f2d391e9" />
    <UnitTestResult executionId="eeb86cf6-67ad-4833-b965-47c79bb7f5a5" testId="2c70a9b6-f626-4531-a370-62f16d927bec" testName="Test7440" computerName="UA-LPT-OGA2" duration="00:00:01.0310000" startTime="2025-05-14T13:20:31.3146610Z" endTime="2025-05-14T13:25:31.3147553Z" testType="13cdc9d9-ddb5-4fa4-a97d-d965ccfc6d4b" outcome="Passed" testListId="25443f44-4c48-4d05-a5f8-12f1f2d391e9" />
    <UnitTestResult executionId="b7aa54ff-6cf1-415c-8a3a-c4f2debcee6a" testId="a5391552-17d7-4a9c-98ef-c5adf573714c" testName="Test7441" computerName="UA-LPT-OGA2" duration="00:00:00.1400000" startTime="2025-05-14T13:20:31.3146610Z" endTime="2025-05-14T13:25:31.3147553Z" testType="13cdc9d9-ddb5-4fa4-a97d-d965ccfc6d4b" outcome="Passed" testListId="25443f44-4c48-4d05-a5f8-12f1f2d391e9" />
    <UnitTestResult executionId="4fd6e4d7-8cc8-43f1-87c6-6d0da6c35e66" testId="c2c73370-02f5-45a4-a664-6e782080d631" testName="Test7442" computerName="UA-LPT-OGA2" duration="00:00:00.9450000" startTime="2025-05-14T13:20:31.3146610Z" endTime="2025-05-14T13:25:31.3147553Z" testType="13cdc9d9-ddb5-4fa4-a97d-d965ccfc6d4b" outcome="Passed" testListId="25443f44-4c48-4d05-a5f8-12f1f2d391e9" />
    <UnitTestResult executionId="37e202a5-f5b4-4df2-969d-86a0d5842b0f" testId="d4c45242-7aa7-424d-8d10-de890d9e77ae" testName="Test7443" computerName="UA-LPT-OGA2" duration="00:00:01.2640000" startTime="2025-05-14T13:20:31.3146610Z" endTime="2025-05-14T13:25:31.3147553Z" testType="13cdc9d9-ddb5-4fa4-a97d-d965ccfc6d4b" outcome="Passed" testListId="25443f44-4c48-4d05-a5f8-12f1f2d391e9" />
    <UnitTestResult executionId="610a538f-2505-4777-bfcb-8337f8b4f2fd" testId="8249699a-1f40-4956-b61b-67dbc44c60f0" testName="Test7444" computerName="UA-LPT-OGA2" duration="00:00:01.2020000" startTime="2025-05-14T13:20:31.3146610Z" endTime="2025-05-14T13:25:31.3147553Z" testType="13cdc9d9-ddb5-4fa4-a97d-d965ccfc6d4b" outcome="Passed" testListId="25443f44-4c48-4d05-a5f8-12f1f2d391e9" />
    <UnitTestResult executionId="98c9e659-94fb-4c31-99fd-cbc7e3f37c4a" testId="d1484cc8-cde5-4ec8-8fc0-438b128d2ffb" testName="Test7445" computerName="UA-LPT-OGA2" duration="00:00:01.0100000" startTime="2025-05-14T13:20:31.3146610Z" endTime="2025-05-14T13:25:31.3147553Z" testType="13cdc9d9-ddb5-4fa4-a97d-d965ccfc6d4b" outcome="Passed" testListId="25443f44-4c48-4d05-a5f8-12f1f2d391e9" />
    <UnitTestResult executionId="e0304dde-b12b-46c4-85e4-3aef4f87675d" testId="a9147583-eb3f-4871-90d8-591aaf07cbfc" testName="Test7446" computerName="UA-LPT-OGA2" duration="00:00:00.7960000" startTime="2025-05-14T13:20:31.3146610Z" endTime="2025-05-14T13:25:31.3147553Z" testType="13cdc9d9-ddb5-4fa4-a97d-d965ccfc6d4b" outcome="Passed" testListId="25443f44-4c48-4d05-a5f8-12f1f2d391e9" />
    <UnitTestResult executionId="34cf812a-13aa-4fdc-b4cb-77199acf0639" testId="263ec4a7-3273-4d34-9aae-002fd52e2fa3" testName="Test7447" computerName="UA-LPT-OGA2" duration="00:00:01.4130000" startTime="2025-05-14T13:20:31.3146610Z" endTime="2025-05-14T13:25:31.3147553Z" testType="13cdc9d9-ddb5-4fa4-a97d-d965ccfc6d4b" outcome="Passed" testListId="25443f44-4c48-4d05-a5f8-12f1f2d391e9" />
    <UnitTestResult executionId="5d946354-4b45-48e8-8a20-86d44e1464f9" testId="514f3d24-e427-454b-9cf5-9856678dd7cb" testName="Test7448" computerName="UA-LPT-OGA2" duration="00:00:00.8160000" startTime="2025-05-14T13:20:31.3146610Z" endTime="2025-05-14T13:25:31.3147553Z" testType="13cdc9d9-ddb5-4fa4-a97d-d965ccfc6d4b" outcome="Passed" testListId="25443f44-4c48-4d05-a5f8-12f1f2d391e9" />
    <UnitTestResult executionId="d7c7fc04-f408-4566-ba0f-78f0400421d1" testId="25d469eb-0038-4ee9-a15f-b538600e8dd2" testName="Test7449" computerName="UA-LPT-OGA2" duration="00:00:01.0720000" startTime="2025-05-14T13:20:31.3146610Z" endTime="2025-05-14T13:25:31.3147553Z" testType="13cdc9d9-ddb5-4fa4-a97d-d965ccfc6d4b" outcome="Passed" testListId="25443f44-4c48-4d05-a5f8-12f1f2d391e9" />
    <UnitTestResult executionId="9609ab8c-1555-4c8c-8ddf-99e13b458357" testId="e8ad8987-f6bb-4d79-a646-d24d5bfe1f22" testName="Test7450" computerName="UA-LPT-OGA2" duration="00:00:00.7910000" startTime="2025-05-14T13:20:31.3146610Z" endTime="2025-05-14T13:25:31.3147553Z" testType="13cdc9d9-ddb5-4fa4-a97d-d965ccfc6d4b" outcome="Passed" testListId="25443f44-4c48-4d05-a5f8-12f1f2d391e9" />
    <UnitTestResult executionId="1a38afba-968b-4ded-badb-31142e22d941" testId="a5bde9e0-2966-45de-a8c0-62277c2cdc22" testName="Test7451" computerName="UA-LPT-OGA2" duration="00:00:00.3530000" startTime="2025-05-14T13:20:31.3146610Z" endTime="2025-05-14T13:25:31.3147553Z" testType="13cdc9d9-ddb5-4fa4-a97d-d965ccfc6d4b" outcome="Passed" testListId="25443f44-4c48-4d05-a5f8-12f1f2d391e9" />
    <UnitTestResult executionId="3ea1ef33-b320-40e2-9921-efb1e5f18090" testId="4acbcfa0-7227-4785-a16f-a735cc3dea6e" testName="Test7452" computerName="UA-LPT-OGA2" duration="00:00:00.6350000" startTime="2025-05-14T13:20:31.3146610Z" endTime="2025-05-14T13:25:31.3147553Z" testType="13cdc9d9-ddb5-4fa4-a97d-d965ccfc6d4b" outcome="Passed" testListId="25443f44-4c48-4d05-a5f8-12f1f2d391e9" />
    <UnitTestResult executionId="d9ff4c91-7905-4059-9c23-8d0add4ed361" testId="0b85a164-dcee-4958-82ca-5d9caab053b6" testName="Test7453" computerName="UA-LPT-OGA2" duration="00:00:01.4860000" startTime="2025-05-14T13:20:31.3146610Z" endTime="2025-05-14T13:25:31.3147553Z" testType="13cdc9d9-ddb5-4fa4-a97d-d965ccfc6d4b" outcome="Passed" testListId="25443f44-4c48-4d05-a5f8-12f1f2d391e9" />
    <UnitTestResult executionId="49c14f80-6708-4df0-998d-38595f2e41c3" testId="f51a0489-7260-437a-b425-1a8d4639cc2e" testName="Test7454" computerName="UA-LPT-OGA2" duration="00:00:00.3580000" startTime="2025-05-14T13:20:31.3146610Z" endTime="2025-05-14T13:25:31.3147553Z" testType="13cdc9d9-ddb5-4fa4-a97d-d965ccfc6d4b" outcome="Passed" testListId="25443f44-4c48-4d05-a5f8-12f1f2d391e9" />
    <UnitTestResult executionId="12c2920c-3015-4973-a297-03a7f2fe9be3" testId="ad78d6c5-e4fd-4896-9a27-0f833245e7d5" testName="Test7455" computerName="UA-LPT-OGA2" duration="00:00:00.7540000" startTime="2025-05-14T13:20:31.3146610Z" endTime="2025-05-14T13:25:31.3147553Z" testType="13cdc9d9-ddb5-4fa4-a97d-d965ccfc6d4b" outcome="Passed" testListId="25443f44-4c48-4d05-a5f8-12f1f2d391e9" />
    <UnitTestResult executionId="82b0b695-78cf-4ef9-9df3-53efdd59d459" testId="cca9ded3-7415-4ac4-9cbe-69ddcca627bd" testName="Test7456" computerName="UA-LPT-OGA2" duration="00:00:00.5940000" startTime="2025-05-14T13:20:31.3146610Z" endTime="2025-05-14T13:25:31.3147553Z" testType="13cdc9d9-ddb5-4fa4-a97d-d965ccfc6d4b" outcome="Passed" testListId="25443f44-4c48-4d05-a5f8-12f1f2d391e9" />
    <UnitTestResult executionId="bcca53aa-7ff9-475d-9007-3e5f029e4310" testId="4667cfb6-024c-461e-8336-2222ab660217" testName="Test7457" computerName="UA-LPT-OGA2" duration="00:00:00.1710000" startTime="2025-05-14T13:20:31.3146610Z" endTime="2025-05-14T13:25:31.3147553Z" testType="13cdc9d9-ddb5-4fa4-a97d-d965ccfc6d4b" outcome="Passed" testListId="25443f44-4c48-4d05-a5f8-12f1f2d391e9" />
    <UnitTestResult executionId="01a7bbf9-361b-454c-8cbd-4399e754eaa5" testId="c4559db9-d4d1-4828-a044-60c893a6bd16" testName="Test7458" computerName="UA-LPT-OGA2" duration="00:00:00.3770000" startTime="2025-05-14T13:20:31.3146610Z" endTime="2025-05-14T13:25:31.3147553Z" testType="13cdc9d9-ddb5-4fa4-a97d-d965ccfc6d4b" outcome="Passed" testListId="25443f44-4c48-4d05-a5f8-12f1f2d391e9" />
    <UnitTestResult executionId="35ac0ff6-42fe-4b10-b0b4-74226f827c42" testId="597c2911-3ed5-4efd-948d-b470f3fecbb4" testName="Test7459" computerName="UA-LPT-OGA2" duration="00:00:01.7890000" startTime="2025-05-14T13:20:31.3146610Z" endTime="2025-05-14T13:25:31.3147553Z" testType="13cdc9d9-ddb5-4fa4-a97d-d965ccfc6d4b" outcome="Passed" testListId="25443f44-4c48-4d05-a5f8-12f1f2d391e9" />
    <UnitTestResult executionId="9d9876f6-bbc6-4bcb-ae4a-99c50582f48f" testId="f6633fc8-5a8c-4268-854a-ad741e6f364f" testName="Test7460" computerName="UA-LPT-OGA2" duration="00:00:01.1660000" startTime="2025-05-14T13:20:31.3146610Z" endTime="2025-05-14T13:25:31.3147553Z" testType="13cdc9d9-ddb5-4fa4-a97d-d965ccfc6d4b" outcome="Passed" testListId="25443f44-4c48-4d05-a5f8-12f1f2d391e9" />
    <UnitTestResult executionId="a9877b97-f56d-4fa2-bb04-729daa2ac205" testId="e4e12815-a7d0-47a5-ad18-c2030a30c20e" testName="Test7461" computerName="UA-LPT-OGA2" duration="00:00:00.3590000" startTime="2025-05-14T13:20:31.3146610Z" endTime="2025-05-14T13:25:31.3147553Z" testType="13cdc9d9-ddb5-4fa4-a97d-d965ccfc6d4b" outcome="Passed" testListId="25443f44-4c48-4d05-a5f8-12f1f2d391e9" />
    <UnitTestResult executionId="331185e8-8163-4413-ae76-e117381d3ccd" testId="e68e3392-c54a-43fe-a7b4-5d3945d92ff4" testName="Test7462" computerName="UA-LPT-OGA2" duration="00:00:01.8770000" startTime="2025-05-14T13:20:31.3146610Z" endTime="2025-05-14T13:25:31.3147553Z" testType="13cdc9d9-ddb5-4fa4-a97d-d965ccfc6d4b" outcome="Passed" testListId="25443f44-4c48-4d05-a5f8-12f1f2d391e9" />
    <UnitTestResult executionId="94aca13d-cf70-4949-b440-a98bdfdf1182" testId="f450ddeb-3509-4ce5-a8ec-9f3352701f6f" testName="Test7463" computerName="UA-LPT-OGA2" duration="00:00:01.7480000" startTime="2025-05-14T13:20:31.3146610Z" endTime="2025-05-14T13:25:31.3147553Z" testType="13cdc9d9-ddb5-4fa4-a97d-d965ccfc6d4b" outcome="Passed" testListId="25443f44-4c48-4d05-a5f8-12f1f2d391e9" />
    <UnitTestResult executionId="cb5b7fca-541d-4710-b947-2c97850e144e" testId="da051ea3-8c41-47dc-8f84-6545366eddb5" testName="Test7464" computerName="UA-LPT-OGA2" duration="00:00:01.4000000" startTime="2025-05-14T13:20:31.3146610Z" endTime="2025-05-14T13:25:31.3147553Z" testType="13cdc9d9-ddb5-4fa4-a97d-d965ccfc6d4b" outcome="Passed" testListId="25443f44-4c48-4d05-a5f8-12f1f2d391e9" />
    <UnitTestResult executionId="e048852c-700b-4ef2-9a77-c33fcf4c4b25" testId="d70c4147-cac6-4c81-8104-5fe1f059b935" testName="Test7465" computerName="UA-LPT-OGA2" duration="00:00:00.0640000" startTime="2025-05-14T13:20:31.3146610Z" endTime="2025-05-14T13:25:31.3147553Z" testType="13cdc9d9-ddb5-4fa4-a97d-d965ccfc6d4b" outcome="Passed" testListId="25443f44-4c48-4d05-a5f8-12f1f2d391e9" />
    <UnitTestResult executionId="82f81fc1-bf7c-45cc-9a16-c969f756ffeb" testId="4f8f4abf-5273-4514-8334-a55dec5e744c" testName="Test7466" computerName="UA-LPT-OGA2" duration="00:00:01.1880000" startTime="2025-05-14T13:20:31.3146610Z" endTime="2025-05-14T13:25:31.3147553Z" testType="13cdc9d9-ddb5-4fa4-a97d-d965ccfc6d4b" outcome="Passed" testListId="25443f44-4c48-4d05-a5f8-12f1f2d391e9" />
    <UnitTestResult executionId="f4a1d63a-4c47-46ca-b7d2-8c9b1b08dd90" testId="5ce69450-0f1f-4904-81ca-29353aa9876a" testName="Test7467" computerName="UA-LPT-OGA2" duration="00:00:00.5100000" startTime="2025-05-14T13:20:31.3146610Z" endTime="2025-05-14T13:25:31.3147553Z" testType="13cdc9d9-ddb5-4fa4-a97d-d965ccfc6d4b" outcome="Passed" testListId="25443f44-4c48-4d05-a5f8-12f1f2d391e9" />
    <UnitTestResult executionId="ef6190a3-a1c7-4192-9f7a-1f58ae3b065e" testId="795902e8-a651-4526-8cca-57394fac3bc2" testName="Test7468" computerName="UA-LPT-OGA2" duration="00:00:00.9480000" startTime="2025-05-14T13:20:31.3146610Z" endTime="2025-05-14T13:25:31.3147553Z" testType="13cdc9d9-ddb5-4fa4-a97d-d965ccfc6d4b" outcome="Passed" testListId="25443f44-4c48-4d05-a5f8-12f1f2d391e9" />
    <UnitTestResult executionId="e1493a82-133c-455c-a793-472d2e57d57a" testId="9e683f2b-f21e-40a4-9f1a-6afc7b5f8d35" testName="Test7469" computerName="UA-LPT-OGA2" duration="00:00:00.4840000" startTime="2025-05-14T13:20:31.3146610Z" endTime="2025-05-14T13:25:31.3147553Z" testType="13cdc9d9-ddb5-4fa4-a97d-d965ccfc6d4b" outcome="Passed" testListId="25443f44-4c48-4d05-a5f8-12f1f2d391e9" />
    <UnitTestResult executionId="b52da811-2161-48cd-9413-3a89b651e29e" testId="3df28448-9014-422e-a5f3-99d7f3e0b7c5" testName="Test7470" computerName="UA-LPT-OGA2" duration="00:00:00.1570000" startTime="2025-05-14T13:20:31.3146610Z" endTime="2025-05-14T13:25:31.3147553Z" testType="13cdc9d9-ddb5-4fa4-a97d-d965ccfc6d4b" outcome="Passed" testListId="25443f44-4c48-4d05-a5f8-12f1f2d391e9" />
    <UnitTestResult executionId="4a590904-c125-4859-8eea-79c67ff9455b" testId="11ff7694-8229-47e5-91bf-0f6d49ea7bf5" testName="Test7471" computerName="UA-LPT-OGA2" duration="00:00:01.5700000" startTime="2025-05-14T13:20:31.3146610Z" endTime="2025-05-14T13:25:31.3147553Z" testType="13cdc9d9-ddb5-4fa4-a97d-d965ccfc6d4b" outcome="Passed" testListId="25443f44-4c48-4d05-a5f8-12f1f2d391e9" />
    <UnitTestResult executionId="bbfd9289-80f8-4e2d-b663-c41944305ff2" testId="052c166e-d71a-4a51-a1dd-d49693989de9" testName="Test7472" computerName="UA-LPT-OGA2" duration="00:00:00.5270000" startTime="2025-05-14T13:20:31.3146610Z" endTime="2025-05-14T13:25:31.3147553Z" testType="13cdc9d9-ddb5-4fa4-a97d-d965ccfc6d4b" outcome="Passed" testListId="25443f44-4c48-4d05-a5f8-12f1f2d391e9" />
    <UnitTestResult executionId="8bee6c59-6f67-4d67-beb2-d133a04f35f3" testId="ae3b2e65-5a1d-41af-b9b8-0728855d0222" testName="Test7473" computerName="UA-LPT-OGA2" duration="00:00:01.9890000" startTime="2025-05-14T13:20:31.3146610Z" endTime="2025-05-14T13:25:31.3147553Z" testType="13cdc9d9-ddb5-4fa4-a97d-d965ccfc6d4b" outcome="Passed" testListId="25443f44-4c48-4d05-a5f8-12f1f2d391e9" />
    <UnitTestResult executionId="5e3f331a-4192-4e45-a81d-f6f71bf2ee49" testId="4a6b4ea6-15fb-4414-a5eb-f7071bb323ae" testName="Test7474" computerName="UA-LPT-OGA2" duration="00:00:01.0070000" startTime="2025-05-14T13:20:31.3146610Z" endTime="2025-05-14T13:25:31.3147553Z" testType="13cdc9d9-ddb5-4fa4-a97d-d965ccfc6d4b" outcome="Passed" testListId="25443f44-4c48-4d05-a5f8-12f1f2d391e9" />
    <UnitTestResult executionId="b2104685-6248-4502-bad8-374830aba433" testId="d6b4ec34-fec0-48b1-9118-2c8a2891c5e9" testName="Test7475" computerName="UA-LPT-OGA2" duration="00:00:01.7390000" startTime="2025-05-14T13:20:31.3146610Z" endTime="2025-05-14T13:25:31.3147553Z" testType="13cdc9d9-ddb5-4fa4-a97d-d965ccfc6d4b" outcome="Passed" testListId="25443f44-4c48-4d05-a5f8-12f1f2d391e9" />
    <UnitTestResult executionId="947c67d7-ff1e-4b68-b2e1-d3f8fffcc0d6" testId="9e46aecc-93fd-4900-9cfc-e49bdef3bb69" testName="Test7476" computerName="UA-LPT-OGA2" duration="00:00:01.3020000" startTime="2025-05-14T13:20:31.3146610Z" endTime="2025-05-14T13:25:31.3147553Z" testType="13cdc9d9-ddb5-4fa4-a97d-d965ccfc6d4b" outcome="Passed" testListId="25443f44-4c48-4d05-a5f8-12f1f2d391e9" />
    <UnitTestResult executionId="e3e1181d-2c0c-45e8-965c-dd91b5893067" testId="fce37259-643b-4309-b2ca-d16d0f3befbd" testName="Test7477" computerName="UA-LPT-OGA2" duration="00:00:01.3980000" startTime="2025-05-14T13:20:31.3146610Z" endTime="2025-05-14T13:25:31.3147553Z" testType="13cdc9d9-ddb5-4fa4-a97d-d965ccfc6d4b" outcome="Passed" testListId="25443f44-4c48-4d05-a5f8-12f1f2d391e9" />
    <UnitTestResult executionId="e3dd0a00-b10c-4cb8-9138-08a7c75ab1e0" testId="d30d202b-c91c-4527-b1ef-7765bccd2043" testName="Test7478" computerName="UA-LPT-OGA2" duration="00:00:00.9480000" startTime="2025-05-14T13:20:31.3146610Z" endTime="2025-05-14T13:25:31.3147553Z" testType="13cdc9d9-ddb5-4fa4-a97d-d965ccfc6d4b" outcome="Passed" testListId="25443f44-4c48-4d05-a5f8-12f1f2d391e9" />
    <UnitTestResult executionId="5fadaf47-32bf-44c3-b2b3-3e65a65576f6" testId="2f5dbe07-8c65-4746-a04c-11e421d932e6" testName="Test7479" computerName="UA-LPT-OGA2" duration="00:00:00.0500000" startTime="2025-05-14T13:20:31.3146610Z" endTime="2025-05-14T13:25:31.3147553Z" testType="13cdc9d9-ddb5-4fa4-a97d-d965ccfc6d4b" outcome="Passed" testListId="25443f44-4c48-4d05-a5f8-12f1f2d391e9" />
    <UnitTestResult executionId="e86f1d31-2a2c-4152-836f-670745cda735" testId="54de6d6d-7e85-49ed-bf49-62ba3328f2f0" testName="Test7480" computerName="UA-LPT-OGA2" duration="00:00:00.6860000" startTime="2025-05-14T13:20:31.3146610Z" endTime="2025-05-14T13:25:31.3147553Z" testType="13cdc9d9-ddb5-4fa4-a97d-d965ccfc6d4b" outcome="Passed" testListId="25443f44-4c48-4d05-a5f8-12f1f2d391e9" />
    <UnitTestResult executionId="99163829-e4b8-41b9-8477-3d004eb10ff7" testId="aa4e7e84-a4e5-4f9f-af26-6e1f0e6d24e6" testName="Test7481" computerName="UA-LPT-OGA2" duration="00:00:00.4180000" startTime="2025-05-14T13:20:31.3146610Z" endTime="2025-05-14T13:25:31.3147553Z" testType="13cdc9d9-ddb5-4fa4-a97d-d965ccfc6d4b" outcome="Passed" testListId="25443f44-4c48-4d05-a5f8-12f1f2d391e9" />
    <UnitTestResult executionId="7b1b8307-90f1-4b81-8698-71ad5d8ddc4c" testId="99a1413e-69f9-4b12-bde5-ff0f0b85d845" testName="Test7482" computerName="UA-LPT-OGA2" duration="00:00:01.9110000" startTime="2025-05-14T13:20:31.3146610Z" endTime="2025-05-14T13:25:31.3147553Z" testType="13cdc9d9-ddb5-4fa4-a97d-d965ccfc6d4b" outcome="Passed" testListId="25443f44-4c48-4d05-a5f8-12f1f2d391e9" />
    <UnitTestResult executionId="6b177b4c-5173-4a6d-8e25-607ba7202bbe" testId="81a66f34-57be-4f52-ae34-3d8c33a4e678" testName="Test7483" computerName="UA-LPT-OGA2" duration="00:00:00.7790000" startTime="2025-05-14T13:20:31.3146610Z" endTime="2025-05-14T13:25:31.3147553Z" testType="13cdc9d9-ddb5-4fa4-a97d-d965ccfc6d4b" outcome="Passed" testListId="25443f44-4c48-4d05-a5f8-12f1f2d391e9" />
    <UnitTestResult executionId="14e6afba-bd08-4abc-9feb-554df1efcf6f" testId="dd21563a-f715-4836-88af-2e3a91fa5bb0" testName="Test7484" computerName="UA-LPT-OGA2" duration="00:00:01.8280000" startTime="2025-05-14T13:20:31.3146610Z" endTime="2025-05-14T13:25:31.3147553Z" testType="13cdc9d9-ddb5-4fa4-a97d-d965ccfc6d4b" outcome="Passed" testListId="25443f44-4c48-4d05-a5f8-12f1f2d391e9" />
    <UnitTestResult executionId="9d491f86-592e-48b1-b0df-123d83de8646" testId="ff01f0f5-9cd4-4dde-90a7-2c8c05471abf" testName="Test7485" computerName="UA-LPT-OGA2" duration="00:00:01.3740000" startTime="2025-05-14T13:20:31.3146610Z" endTime="2025-05-14T13:25:31.3147553Z" testType="13cdc9d9-ddb5-4fa4-a97d-d965ccfc6d4b" outcome="Passed" testListId="25443f44-4c48-4d05-a5f8-12f1f2d391e9" />
    <UnitTestResult executionId="acf491be-b859-4a8a-8781-8a245b0a8088" testId="e4907b55-918c-4f08-83c1-1731714fd63e" testName="Test7486" computerName="UA-LPT-OGA2" duration="00:00:01.6140000" startTime="2025-05-14T13:20:31.3146610Z" endTime="2025-05-14T13:25:31.3147553Z" testType="13cdc9d9-ddb5-4fa4-a97d-d965ccfc6d4b" outcome="Passed" testListId="25443f44-4c48-4d05-a5f8-12f1f2d391e9" />
    <UnitTestResult executionId="9da1492e-d7bc-4448-b96f-3e6173c4179f" testId="527a5833-ed6a-452d-8571-c9e86ca739e1" testName="Test7487" computerName="UA-LPT-OGA2" duration="00:00:00.1160000" startTime="2025-05-14T13:20:31.3146610Z" endTime="2025-05-14T13:25:31.3147553Z" testType="13cdc9d9-ddb5-4fa4-a97d-d965ccfc6d4b" outcome="Passed" testListId="25443f44-4c48-4d05-a5f8-12f1f2d391e9" />
    <UnitTestResult executionId="661e19fc-4de2-4e88-a372-bbc4713e9676" testId="39bebbaf-c59b-4a6a-89fa-063a6cd7def5" testName="Test7488" computerName="UA-LPT-OGA2" duration="00:00:01.4280000" startTime="2025-05-14T13:20:31.3146610Z" endTime="2025-05-14T13:25:31.3147553Z" testType="13cdc9d9-ddb5-4fa4-a97d-d965ccfc6d4b" outcome="Passed" testListId="25443f44-4c48-4d05-a5f8-12f1f2d391e9" />
    <UnitTestResult executionId="030b48a3-120e-4bcc-b3a5-7e5d457996e6" testId="69cac4c3-1116-442d-9a9c-a3685698f24a" testName="Test7489" computerName="UA-LPT-OGA2" duration="00:00:01.9250000" startTime="2025-05-14T13:20:31.3146610Z" endTime="2025-05-14T13:25:31.3147553Z" testType="13cdc9d9-ddb5-4fa4-a97d-d965ccfc6d4b" outcome="Passed" testListId="25443f44-4c48-4d05-a5f8-12f1f2d391e9" />
    <UnitTestResult executionId="abc75316-ad95-4e6e-b714-6fb9196a668e" testId="9a35865c-f980-4211-aa0d-ed6a02bd2905" testName="Test7490" computerName="UA-LPT-OGA2" duration="00:00:01.0250000" startTime="2025-05-14T13:20:31.3146610Z" endTime="2025-05-14T13:25:31.3147553Z" testType="13cdc9d9-ddb5-4fa4-a97d-d965ccfc6d4b" outcome="Passed" testListId="25443f44-4c48-4d05-a5f8-12f1f2d391e9" />
    <UnitTestResult executionId="2fe9a743-2a20-4ce2-849f-4ca907596d59" testId="67018430-b9cd-478e-a846-3c2ce1e80c31" testName="Test7491" computerName="UA-LPT-OGA2" duration="00:00:00.0510000" startTime="2025-05-14T13:20:31.3146610Z" endTime="2025-05-14T13:25:31.3147553Z" testType="13cdc9d9-ddb5-4fa4-a97d-d965ccfc6d4b" outcome="Passed" testListId="25443f44-4c48-4d05-a5f8-12f1f2d391e9" />
    <UnitTestResult executionId="5c76e913-41ae-4362-a6ef-522da20654b0" testId="5cfe9d03-57ba-434a-9f75-52ba5628a05f" testName="Test7492" computerName="UA-LPT-OGA2" duration="00:00:00.5770000" startTime="2025-05-14T13:20:31.3146610Z" endTime="2025-05-14T13:25:31.3147553Z" testType="13cdc9d9-ddb5-4fa4-a97d-d965ccfc6d4b" outcome="Passed" testListId="25443f44-4c48-4d05-a5f8-12f1f2d391e9" />
    <UnitTestResult executionId="18e14dab-134d-4e84-8291-07dc7ed37120" testId="38881470-2d97-4806-8f23-37e129bf3918" testName="Test7493" computerName="UA-LPT-OGA2" duration="00:00:01.9870000" startTime="2025-05-14T13:20:31.3146610Z" endTime="2025-05-14T13:25:31.3147553Z" testType="13cdc9d9-ddb5-4fa4-a97d-d965ccfc6d4b" outcome="Passed" testListId="25443f44-4c48-4d05-a5f8-12f1f2d391e9" />
    <UnitTestResult executionId="948e5c33-dd74-49a1-ae67-1ea4e6a64df4" testId="a010c5f9-8193-4c05-ac72-4c687ef43ca9" testName="Test7494" computerName="UA-LPT-OGA2" duration="00:00:01.4290000" startTime="2025-05-14T13:20:31.3146610Z" endTime="2025-05-14T13:25:31.3147553Z" testType="13cdc9d9-ddb5-4fa4-a97d-d965ccfc6d4b" outcome="Passed" testListId="25443f44-4c48-4d05-a5f8-12f1f2d391e9" />
    <UnitTestResult executionId="71c12c8d-e636-473b-86e9-2f783194af1c" testId="fcb965be-e9a0-4f10-ad7a-a048e56a1ffa" testName="Test7495" computerName="UA-LPT-OGA2" duration="00:00:00.0830000" startTime="2025-05-14T13:20:31.3146610Z" endTime="2025-05-14T13:25:31.3147553Z" testType="13cdc9d9-ddb5-4fa4-a97d-d965ccfc6d4b" outcome="Passed" testListId="25443f44-4c48-4d05-a5f8-12f1f2d391e9" />
    <UnitTestResult executionId="3556d793-acec-4e14-a8ea-6382f4b5311b" testId="a440473e-e4fa-4b23-9af6-c5373d7925e7" testName="Test7496" computerName="UA-LPT-OGA2" duration="00:00:00.2690000" startTime="2025-05-14T13:20:31.3146610Z" endTime="2025-05-14T13:25:31.3147553Z" testType="13cdc9d9-ddb5-4fa4-a97d-d965ccfc6d4b" outcome="Failed" testListId="25443f44-4c48-4d05-a5f8-12f1f2d391e9">
      <Output>
        <ErrorInfo>
          <Message>Assertion failed: Expected value did not match actual value.</Message>
          <StackTrace>   at TestNamespace.TestClass.Test() in TestClass.cs:line 347</StackTrace>
        </ErrorInfo>
      </Output>
    </UnitTestResult>
    <UnitTestResult executionId="d86df573-d808-4722-9f51-5013c6efb222" testId="f6483e31-580a-45c6-9891-b330dea1625c" testName="Test7497" computerName="UA-LPT-OGA2" duration="00:00:00.8970000" startTime="2025-05-14T13:20:31.3146610Z" endTime="2025-05-14T13:25:31.3147553Z" testType="13cdc9d9-ddb5-4fa4-a97d-d965ccfc6d4b" outcome="Passed" testListId="25443f44-4c48-4d05-a5f8-12f1f2d391e9" />
    <UnitTestResult executionId="9e1aed9f-7a2f-477e-893d-936edb40d42e" testId="d7b04e8c-4532-4ea5-a2fd-dfa1fdfe7b4e" testName="Test7498" computerName="UA-LPT-OGA2" duration="00:00:01.9800000" startTime="2025-05-14T13:20:31.3146610Z" endTime="2025-05-14T13:25:31.3147553Z" testType="13cdc9d9-ddb5-4fa4-a97d-d965ccfc6d4b" outcome="Passed" testListId="25443f44-4c48-4d05-a5f8-12f1f2d391e9" />
    <UnitTestResult executionId="f219a30f-5e5a-4a57-927b-4752af084bfe" testId="deae85ce-4ac8-44fe-953c-165b402d9ef0" testName="Test7499" computerName="UA-LPT-OGA2" duration="00:00:00.2110000" startTime="2025-05-14T13:20:31.3146610Z" endTime="2025-05-14T13:25:31.3147553Z" testType="13cdc9d9-ddb5-4fa4-a97d-d965ccfc6d4b" outcome="Failed" testListId="25443f44-4c48-4d05-a5f8-12f1f2d391e9">
      <Output>
        <ErrorInfo>
          <Message>Assertion failed: Expected value did not match actual value.</Message>
          <StackTrace>   at TestNamespace.TestClass.Test() in TestClass.cs:line 180</StackTrace>
        </ErrorInfo>
      </Output>
    </UnitTestResult>
    <UnitTestResult executionId="acf168b2-765e-4cc3-995a-3ceb870d0fed" testId="621e32bd-1d40-4a00-8b17-eebdaf2c2808" testName="Test7500" computerName="UA-LPT-OGA2" duration="00:00:01.6950000" startTime="2025-05-14T13:20:31.3146610Z" endTime="2025-05-14T13:25:31.3147553Z" testType="13cdc9d9-ddb5-4fa4-a97d-d965ccfc6d4b" outcome="Passed" testListId="25443f44-4c48-4d05-a5f8-12f1f2d391e9" />
  </Results>
  <TestDefinitions>
    <UnitTest name="Test7401" id="d1dd669f-7b79-4275-bb39-466c0eea29d7" storage="TestAssembly.dll">
      <Execution id="d676862f-bc7e-4798-b1a4-0de649d349d4" />
      <TestMethod codeBase="TestAssembly.dll" className="TestNamespace.TestClass1" name="Test7401" />
    </UnitTest>
    <UnitTest name="Test7402" id="0e5f7a5f-354d-4f24-af46-2083f44d4758" storage="TestAssembly.dll">
      <Execution id="d1f14b49-232d-428b-9475-81899fb5e4c8" />
      <TestMethod codeBase="TestAssembly.dll" className="TestNamespace.TestClass1" name="Test7402" />
    </UnitTest>
    <UnitTest name="Test7403" id="653b34a6-fa81-4809-baa1-503b571d6db6" storage="TestAssembly.dll">
      <Execution id="6b7aa2c7-3505-468b-90b0-769fbd0bc3c4" />
      <TestMethod codeBase="TestAssembly.dll" className="TestNamespace.TestClass1" name="Test7403" />
    </UnitTest>
    <UnitTest name="Test7404" id="03a78d4f-551d-4359-a709-499aec5f6789" storage="TestAssembly.dll">
      <Execution id="acd68fed-2b33-4a52-8771-f72421e57c6e" />
      <TestMethod codeBase="TestAssembly.dll" className="TestNamespace.TestClass1" name="Test7404" />
    </UnitTest>
    <UnitTest name="Test7405" id="3cd6c488-2aba-4f06-b610-9e1b0bee8354" storage="TestAssembly.dll">
      <Execution id="43278139-3c06-4213-8083-b1f89f2ffc14" />
      <TestMethod codeBase="TestAssembly.dll" className="TestNamespace.TestClass1" name="Test7405" />
    </UnitTest>
    <UnitTest name="Test7406" id="533a6589-826d-4cb1-8f02-c0e6a13c47fc" storage="TestAssembly.dll">
      <Execution id="817c5eff-f5d2-44f8-ba17-fc1680fb479e" />
      <TestMethod codeBase="TestAssembly.dll" className="TestNamespace.TestClass1" name="Test7406" />
    </UnitTest>
    <UnitTest name="Test7407" id="ee9632ad-c3f2-4e81-af32-43cc0351dec2" storage="TestAssembly.dll">
      <Execution id="a0cf8c65-03b0-4bc0-9075-e0edef7ed6a8" />
      <TestMethod codeBase="TestAssembly.dll" className="TestNamespace.TestClass1" name="Test7407" />
    </UnitTest>
    <UnitTest name="Test7408" id="817b3b66-1ed1-4546-9d09-31ba0039d679" storage="TestAssembly.dll">
      <Execution id="de5e8117-62a6-4dcf-89fb-7e0cc077b912" />
      <TestMethod codeBase="TestAssembly.dll" className="TestNamespace.TestClass1" name="Test7408" />
    </UnitTest>
    <UnitTest name="Test7409" id="64120be5-fdf1-4408-91be-2eff7236d2a9" storage="TestAssembly.dll">
      <Execution id="6f4e2591-ffc6-4561-920a-4da746748f9f" />
      <TestMethod codeBase="TestAssembly.dll" className="TestNamespace.TestClass1" name="Test7409" />
    </UnitTest>
    <UnitTest name="Test7410" id="b83201aa-3f3a-4d59-9337-836f5fc5be14" storage="TestAssembly.dll">
      <Execution id="d0871a90-148d-4b0a-a6a7-a4d1cf1cb2b2" />
      <TestMethod codeBase="TestAssembly.dll" className="TestNamespace.TestClass1" name="Test7410" />
    </UnitTest>
    <UnitTest name="Test7411" id="549b352f-c87b-44b9-b7fc-49fb1b33d352" storage="TestAssembly.dll">
      <Execution id="6620f5fa-8f10-47ff-93f1-ec1f105492cc" />
      <TestMethod codeBase="TestAssembly.dll" className="TestNamespace.TestClass2" name="Test7411" />
    </UnitTest>
    <UnitTest name="Test7412" id="2b751253-978e-4ac3-b723-b8347dd8ab84" storage="TestAssembly.dll">
      <Execution id="026cf69a-8150-476a-bcc9-1dbea70b5a83" />
      <TestMethod codeBase="TestAssembly.dll" className="TestNamespace.TestClass2" name="Test7412" />
    </UnitTest>
    <UnitTest name="Test7413" id="2c596ca7-42c1-4bb6-93fd-7cc5298ef145" storage="TestAssembly.dll">
      <Execution id="a3d63d9b-d45b-446f-a107-7bf2fef1f2aa" />
      <TestMethod codeBase="TestAssembly.dll" className="TestNamespace.TestClass2" name="Test7413" />
    </UnitTest>
    <UnitTest name="Test7414" id="5c5d7424-33b4-40e2-9bab-eba97459fbde" storage="TestAssembly.dll">
      <Execution id="af00e415-a286-46ee-a3fc-e522463ea589" />
      <TestMethod codeBase="TestAssembly.dll" className="TestNamespace.TestClass2" name="Test7414" />
    </UnitTest>
    <UnitTest name="Test7415" id="28cf51ad-c205-4818-92d4-105b73c56906" storage="TestAssembly.dll">
      <Execution id="bdc002ba-26a2-453e-a220-200041c0300a" />
      <TestMethod codeBase="TestAssembly.dll" className="TestNamespace.TestClass2" name="Test7415" />
    </UnitTest>
    <UnitTest name="Test7416" id="9ccc63f4-0799-4533-aa46-ceb155afd933" storage="TestAssembly.dll">
      <Execution id="798a8266-8e58-4804-bc85-498713cf5f31" />
      <TestMethod codeBase="TestAssembly.dll" className="TestNamespace.TestClass2" name="Test7416" />
    </UnitTest>
    <UnitTest name="Test7417" id="7b0124d0-7012-405a-a9c7-69fc666c728d" storage="TestAssembly.dll">
      <Execution id="0608d4c8-ab81-4489-92e7-d7d48413f514" />
      <TestMethod codeBase="TestAssembly.dll" className="TestNamespace.TestClass2" name="Test7417" />
    </UnitTest>
    <UnitTest name="Test7418" id="089c2529-5d3e-4668-a27f-764e16c79da7" storage="TestAssembly.dll">
      <Execution id="473d53ca-3ed7-45ec-ab5a-e4fecb18fa88" />
      <TestMethod codeBase="TestAssembly.dll" className="TestNamespace.TestClass2" name="Test7418" />
    </UnitTest>
    <UnitTest name="Test7419" id="76b05fe9-afbe-4c64-b9b3-00e3b42813ae" storage="TestAssembly.dll">
      <Execution id="259c0050-5ca9-4001-b04c-12e2a1e5fb82" />
      <TestMethod codeBase="TestAssembly.dll" className="TestNamespace.TestClass2" name="Test7419" />
    </UnitTest>
    <UnitTest name="Test7420" id="ae7ff3f1-c1da-4967-b5e1-7ff71fe7a487" storage="TestAssembly.dll">
      <Execution id="35fa48cf-6dcf-4300-b255-a0d1e0b8d30a" />
      <TestMethod codeBase="TestAssembly.dll" className="TestNamespace.TestClass2" name="Test7420" />
    </UnitTest>
    <UnitTest name="Test7421" id="c421d59a-ea89-4954-8b26-ff412b701b1e" storage="TestAssembly.dll">
      <Execution id="07303b5b-5717-4151-80f8-8e0cd90bf135" />
      <TestMethod codeBase="TestAssembly.dll" className="TestNamespace.TestClass3" name="Test7421" />
    </UnitTest>
    <UnitTest name="Test7422" id="d4c04d1f-517f-4cad-b4c1-5b9cf753e4bc" storage="TestAssembly.dll">
      <Execution id="04159202-a263-48f1-8a34-48a68193c70f" />
      <TestMethod codeBase="TestAssembly.dll" className="TestNamespace.TestClass3" name="Test7422" />
    </UnitTest>
    <UnitTest name="Test7423" id="c54caabc-1693-4351-8791-df83120f4a7f" storage="TestAssembly.dll">
      <Execution id="f7500c4b-1637-40ea-9da0-45d6709e701a" />
      <TestMethod codeBase="TestAssembly.dll" className="TestNamespace.TestClass3" name="Test7423" />
    </UnitTest>
    <UnitTest name="Test7424" id="a41050d7-ef1d-4ed0-92cf-7d17fc5544a6" storage="TestAssembly.dll">
      <Execution id="ba90ccbf-0d8d-478e-91af-1a82e1d20d1e" />
      <TestMethod codeBase="TestAssembly.dll" className="TestNamespace.TestClass3" name="Test7424" />
    </UnitTest>
    <UnitTest name="Test7425" id="aa0c0b13-df2c-4126-a84f-497fc834342d" storage="TestAssembly.dll">
      <Execution id="b33541b2-3be4-4d11-889a-1cf1382571d6" />
      <TestMethod codeBase="TestAssembly.dll" className="TestNamespace.TestClass3" name="Test7425" />
    </UnitTest>
    <UnitTest name="Test7426" id="5ce7c2a2-c885-49b3-8dc2-e1544e5a59d9" storage="TestAssembly.dll">
      <Execution id="7fe8907f-8654-472e-bea8-8e9324476a6f" />
      <TestMethod codeBase="TestAssembly.dll" className="TestNamespace.TestClass3" name="Test7426" />
    </UnitTest>
    <UnitTest name="Test7427" id="61be266e-68c6-43cf-b867-793779bddf21" storage="TestAssembly.dll">
      <Execution id="5417ea45-3917-4f41-96b0-091452c49b2a" />
      <TestMethod codeBase="TestAssembly.dll" className="TestNamespace.TestClass3" name="Test7427" />
    </UnitTest>
    <UnitTest name="Test7428" id="2a561f51-0b7f-4a77-baee-54a079891918" storage="TestAssembly.dll">
      <Execution id="1a6dcde1-5e27-451e-a1b3-2ca0a42965d5" />
      <TestMethod codeBase="TestAssembly.dll" className="TestNamespace.TestClass3" name="Test7428" />
    </UnitTest>
    <UnitTest name="Test7429" id="c904e9e9-d7fe-4751-ade8-f50374055e0c" storage="TestAssembly.dll">
      <Execution id="76d73f7e-705a-4f93-a57e-e5885011993b" />
      <TestMethod codeBase="TestAssembly.dll" className="TestNamespace.TestClass3" name="Test7429" />
    </UnitTest>
    <UnitTest name="Test7430" id="42383532-ee95-469c-af85-9ea403d64a64" storage="TestAssembly.dll">
      <Execution id="587fa980-5326-4cb1-a614-5760a26d495a" />
      <TestMethod codeBase="TestAssembly.dll" className="TestNamespace.TestClass3" name="Test7430" />
    </UnitTest>
    <UnitTest name="Test7431" id="5da6a5e4-7c77-49fa-b90e-d8504fa9f05c" storage="TestAssembly.dll">
      <Execution id="f3ccc765-03c6-44f7-aada-7fce92aca4bf" />
      <TestMethod codeBase="TestAssembly.dll" className="TestNamespace.TestClass4" name="Test7431" />
    </UnitTest>
    <UnitTest name="Test7432" id="a4ab9ffb-615d-4740-9404-7c861117e248" storage="TestAssembly.dll">
      <Execution id="9fb6a7d4-e328-4212-8a8c-b3f2862e6e5d" />
      <TestMethod codeBase="TestAssembly.dll" className="TestNamespace.TestClass4" name="Test7432" />
    </UnitTest>
    <UnitTest name="Test7433" id="b4218f74-5b85-48f8-9dc9-97b5035efa2a" storage="TestAssembly.dll">
      <Execution id="20423128-ec12-4ed3-880c-330efdf6cc77" />
      <TestMethod codeBase="TestAssembly.dll" className="TestNamespace.TestClass4" name="Test7433" />
    </UnitTest>
    <UnitTest name="Test7434" id="4b558548-03cb-4e00-b636-e000fc4a569f" storage="TestAssembly.dll">
      <Execution id="06d917c0-1214-48fd-85da-64176d99b503" />
      <TestMethod codeBase="TestAssembly.dll" className="TestNamespace.TestClass4" name="Test7434" />
    </UnitTest>
    <UnitTest name="Test7435" id="d51a39b3-d5db-41ba-89d9-2d1beef92b44" storage="TestAssembly.dll">
      <Execution id="f3f16608-2b13-4a45-8f0f-980d9e8ca892" />
      <TestMethod codeBase="TestAssembly.dll" className="TestNamespace.TestClass4" name="Test7435" />
    </UnitTest>
    <UnitTest name="Test7436" id="bfb07e09-537d-4bfb-a71d-30adb14e5d9a" storage="TestAssembly.dll">
      <Execution id="e74fa4f6-f73a-4b59-bb86-27a2a24bbe06" />
      <TestMethod codeBase="TestAssembly.dll" className="TestNamespace.TestClass4" name="Test7436" />
    </UnitTest>
    <UnitTest name="Test7437" id="3e1d23da-5021-41bd-af0e-ecadf5021157" storage="TestAssembly.dll">
      <Execution id="a909e0fe-5834-41f5-a451-4ac743edbb82" />
      <TestMethod codeBase="TestAssembly.dll" className="TestNamespace.TestClass4" name="Test7437" />
    </UnitTest>
    <UnitTest name="Test7438" id="12bc6429-dbbe-4a8e-b67f-9ddf41154f32" storage="TestAssembly.dll">
      <Execution id="ddc6fd15-7762-44d9-99a7-c0b4a8dfeb27" />
      <TestMethod codeBase="TestAssembly.dll" className="TestNamespace.TestClass4" name="Test7438" />
    </UnitTest>
    <UnitTest name="Test7439" id="7d97789c-cdab-4b20-aab8-11799f37465d" storage="TestAssembly.dll">
      <Execution id="54d2682e-76ae-436d-b67a-3a053ddc7a4e" />
      <TestMethod codeBase="TestAssembly.dll" className="TestNamespace.TestClass4" name="Test7439" />
    </UnitTest>
    <UnitTest name="Test7440" id="2c70a9b6-f626-4531-a370-62f16d927bec" storage="TestAssembly.dll">
      <Execution id="eeb86cf6-67ad-4833-b965-47c79bb7f5a5" />
      <TestMethod codeBase="TestAssembly.dll" className="TestNamespace.TestClass4" name="Test7440" />
    </UnitTest>
    <UnitTest name="Test7441" id="a5391552-17d7-4a9c-98ef-c5adf573714c" storage="TestAssembly.dll">
      <Execution id="b7aa54ff-6cf1-415c-8a3a-c4f2debcee6a" />
      <TestMethod codeBase="TestAssembly.dll" className="TestNamespace.TestClass5" name="Test7441" />
    </UnitTest>
    <UnitTest name="Test7442" id="c2c73370-02f5-45a4-a664-6e782080d631" storage="TestAssembly.dll">
      <Execution id="4fd6e4d7-8cc8-43f1-87c6-6d0da6c35e66" />
      <TestMethod codeBase="TestAssembly.dll" className="TestNamespace.TestClass5" name="Test7442" />
    </UnitTest>
    <UnitTest name="Test7443" id="d4c45242-7aa7-424d-8d10-de890d9e77ae" storage="TestAssembly.dll">
      <Execution id="37e202a5-f5b4-4df2-969d-86a0d5842b0f" />
      <TestMethod codeBase="TestAssembly.dll" className="TestNamespace.TestClass5" name="Test7443" />
    </UnitTest>
    <UnitTest name="Test7444" id="8249699a-1f40-4956-b61b-67dbc44c60f0" storage="TestAssembly.dll">
      <Execution id="610a538f-2505-4777-bfcb-8337f8b4f2fd" />
      <TestMethod codeBase="TestAssembly.dll" className="TestNamespace.TestClass5" name="Test7444" />
    </UnitTest>
    <UnitTest name="Test7445" id="d1484cc8-cde5-4ec8-8fc0-438b128d2ffb" storage="TestAssembly.dll">
      <Execution id="98c9e659-94fb-4c31-99fd-cbc7e3f37c4a" />
      <TestMethod codeBase="TestAssembly.dll" className="TestNamespace.TestClass5" name="Test7445" />
    </UnitTest>
    <UnitTest name="Test7446" id="a9147583-eb3f-4871-90d8-591aaf07cbfc" storage="TestAssembly.dll">
      <Execution id="e0304dde-b12b-46c4-85e4-3aef4f87675d" />
      <TestMethod codeBase="TestAssembly.dll" className="TestNamespace.TestClass5" name="Test7446" />
    </UnitTest>
    <UnitTest name="Test7447" id="263ec4a7-3273-4d34-9aae-002fd52e2fa3" storage="TestAssembly.dll">
      <Execution id="34cf812a-13aa-4fdc-b4cb-77199acf0639" />
      <TestMethod codeBase="TestAssembly.dll" className="TestNamespace.TestClass5" name="Test7447" />
    </UnitTest>
    <UnitTest name="Test7448" id="514f3d24-e427-454b-9cf5-9856678dd7cb" storage="TestAssembly.dll">
      <Execution id="5d946354-4b45-48e8-8a20-86d44e1464f9" />
      <TestMethod codeBase="TestAssembly.dll" className="TestNamespace.TestClass5" name="Test7448" />
    </UnitTest>
    <UnitTest name="Test7449" id="25d469eb-0038-4ee9-a15f-b538600e8dd2" storage="TestAssembly.dll">
      <Execution id="d7c7fc04-f408-4566-ba0f-78f0400421d1" />
      <TestMethod codeBase="TestAssembly.dll" className="TestNamespace.TestClass5" name="Test7449" />
    </UnitTest>
    <UnitTest name="Test7450" id="e8ad8987-f6bb-4d79-a646-d24d5bfe1f22" storage="TestAssembly.dll">
      <Execution id="9609ab8c-1555-4c8c-8ddf-99e13b458357" />
      <TestMethod codeBase="TestAssembly.dll" className="TestNamespace.TestClass5" name="Test7450" />
    </UnitTest>
    <UnitTest name="Test7451" id="a5bde9e0-2966-45de-a8c0-62277c2cdc22" storage="TestAssembly.dll">
      <Execution id="1a38afba-968b-4ded-badb-31142e22d941" />
      <TestMethod codeBase="TestAssembly.dll" className="TestNamespace.TestClass6" name="Test7451" />
    </UnitTest>
    <UnitTest name="Test7452" id="4acbcfa0-7227-4785-a16f-a735cc3dea6e" storage="TestAssembly.dll">
      <Execution id="3ea1ef33-b320-40e2-9921-efb1e5f18090" />
      <TestMethod codeBase="TestAssembly.dll" className="TestNamespace.TestClass6" name="Test7452" />
    </UnitTest>
    <UnitTest name="Test7453" id="0b85a164-dcee-4958-82ca-5d9caab053b6" storage="TestAssembly.dll">
      <Execution id="d9ff4c91-7905-4059-9c23-8d0add4ed361" />
      <TestMethod codeBase="TestAssembly.dll" className="TestNamespace.TestClass6" name="Test7453" />
    </UnitTest>
    <UnitTest name="Test7454" id="f51a0489-7260-437a-b425-1a8d4639cc2e" storage="TestAssembly.dll">
      <Execution id="49c14f80-6708-4df0-998d-38595f2e41c3" />
      <TestMethod codeBase="TestAssembly.dll" className="TestNamespace.TestClass6" name="Test7454" />
    </UnitTest>
    <UnitTest name="Test7455" id="ad78d6c5-e4fd-4896-9a27-0f833245e7d5" storage="TestAssembly.dll">
      <Execution id="12c2920c-3015-4973-a297-03a7f2fe9be3" />
      <TestMethod codeBase="TestAssembly.dll" className="TestNamespace.TestClass6" name="Test7455" />
    </UnitTest>
    <UnitTest name="Test7456" id="cca9ded3-7415-4ac4-9cbe-69ddcca627bd" storage="TestAssembly.dll">
      <Execution id="82b0b695-78cf-4ef9-9df3-53efdd59d459" />
      <TestMethod codeBase="TestAssembly.dll" className="TestNamespace.TestClass6" name="Test7456" />
    </UnitTest>
    <UnitTest name="Test7457" id="4667cfb6-024c-461e-8336-2222ab660217" storage="TestAssembly.dll">
      <Execution id="bcca53aa-7ff9-475d-9007-3e5f029e4310" />
      <TestMethod codeBase="TestAssembly.dll" className="TestNamespace.TestClass6" name="Test7457" />
    </UnitTest>
    <UnitTest name="Test7458" id="c4559db9-d4d1-4828-a044-60c893a6bd16" storage="TestAssembly.dll">
      <Execution id="01a7bbf9-361b-454c-8cbd-4399e754eaa5" />
      <TestMethod codeBase="TestAssembly.dll" className="TestNamespace.TestClass6" name="Test7458" />
    </UnitTest>
    <UnitTest name="Test7459" id="597c2911-3ed5-4efd-948d-b470f3fecbb4" storage="TestAssembly.dll">
      <Execution id="35ac0ff6-42fe-4b10-b0b4-74226f827c42" />
      <TestMethod codeBase="TestAssembly.dll" className="TestNamespace.TestClass6" name="Test7459" />
    </UnitTest>
    <UnitTest name="Test7460" id="f6633fc8-5a8c-4268-854a-ad741e6f364f" storage="TestAssembly.dll">
      <Execution id="9d9876f6-bbc6-4bcb-ae4a-99c50582f48f" />
      <TestMethod codeBase="TestAssembly.dll" className="TestNamespace.TestClass6" name="Test7460" />
    </UnitTest>
    <UnitTest name="Test7461" id="e4e12815-a7d0-47a5-ad18-c2030a30c20e" storage="TestAssembly.dll">
      <Execution id="a9877b97-f56d-4fa2-bb04-729daa2ac205" />
      <TestMethod codeBase="TestAssembly.dll" className="TestNamespace.TestClass7" name="Test7461" />
    </UnitTest>
    <UnitTest name="Test7462" id="e68e3392-c54a-43fe-a7b4-5d3945d92ff4" storage="TestAssembly.dll">
      <Execution id="331185e8-8163-4413-ae76-e117381d3ccd" />
      <TestMethod codeBase="TestAssembly.dll" className="TestNamespace.TestClass7" name="Test7462" />
    </UnitTest>
    <UnitTest name="Test7463" id="f450ddeb-3509-4ce5-a8ec-9f3352701f6f" storage="TestAssembly.dll">
      <Execution id="94aca13d-cf70-4949-b440-a98bdfdf1182" />
      <TestMethod codeBase="TestAssembly.dll" className="TestNamespace.TestClass7" name="Test7463" />
    </UnitTest>
    <UnitTest name="Test7464" id="da051ea3-8c41-47dc-8f84-6545366eddb5" storage="TestAssembly.dll">
      <Execution id="cb5b7fca-541d-4710-b947-2c97850e144e" />
      <TestMethod codeBase="TestAssembly.dll" className="TestNamespace.TestClass7" name="Test7464" />
    </UnitTest>
    <UnitTest name="Test7465" id="d70c4147-cac6-4c81-8104-5fe1f059b935" storage="TestAssembly.dll">
      <Execution id="e048852c-700b-4ef2-9a77-c33fcf4c4b25" />
      <TestMethod codeBase="TestAssembly.dll" className="TestNamespace.TestClass7" name="Test7465" />
    </UnitTest>
    <UnitTest name="Test7466" id="4f8f4abf-5273-4514-8334-a55dec5e744c" storage="TestAssembly.dll">
      <Execution id="82f81fc1-bf7c-45cc-9a16-c969f756ffeb" />
      <TestMethod codeBase="TestAssembly.dll" className="TestNamespace.TestClass7" name="Test7466" />
    </UnitTest>
    <UnitTest name="Test7467" id="5ce69450-0f1f-4904-81ca-29353aa9876a" storage="TestAssembly.dll">
      <Execution id="f4a1d63a-4c47-46ca-b7d2-8c9b1b08dd90" />
      <TestMethod codeBase="TestAssembly.dll" className="TestNamespace.TestClass7" name="Test7467" />
    </UnitTest>
    <UnitTest name="Test7468" id="795902e8-a651-4526-8cca-57394fac3bc2" storage="TestAssembly.dll">
      <Execution id="ef6190a3-a1c7-4192-9f7a-1f58ae3b065e" />
      <TestMethod codeBase="TestAssembly.dll" className="TestNamespace.TestClass7" name="Test7468" />
    </UnitTest>
    <UnitTest name="Test7469" id="9e683f2b-f21e-40a4-9f1a-6afc7b5f8d35" storage="TestAssembly.dll">
      <Execution id="e1493a82-133c-455c-a793-472d2e57d57a" />
      <TestMethod codeBase="TestAssembly.dll" className="TestNamespace.TestClass7" name="Test7469" />
    </UnitTest>
    <UnitTest name="Test7470" id="3df28448-9014-422e-a5f3-99d7f3e0b7c5" storage="TestAssembly.dll">
      <Execution id="b52da811-2161-48cd-9413-3a89b651e29e" />
      <TestMethod codeBase="TestAssembly.dll" className="TestNamespace.TestClass7" name="Test7470" />
    </UnitTest>
    <UnitTest name="Test7471" id="11ff7694-8229-47e5-91bf-0f6d49ea7bf5" storage="TestAssembly.dll">
      <Execution id="4a590904-c125-4859-8eea-79c67ff9455b" />
      <TestMethod codeBase="TestAssembly.dll" className="TestNamespace.TestClass8" name="Test7471" />
    </UnitTest>
    <UnitTest name="Test7472" id="052c166e-d71a-4a51-a1dd-d49693989de9" storage="TestAssembly.dll">
      <Execution id="bbfd9289-80f8-4e2d-b663-c41944305ff2" />
      <TestMethod codeBase="TestAssembly.dll" className="TestNamespace.TestClass8" name="Test7472" />
    </UnitTest>
    <UnitTest name="Test7473" id="ae3b2e65-5a1d-41af-b9b8-0728855d0222" storage="TestAssembly.dll">
      <Execution id="8bee6c59-6f67-4d67-beb2-d133a04f35f3" />
      <TestMethod codeBase="TestAssembly.dll" className="TestNamespace.TestClass8" name="Test7473" />
    </UnitTest>
    <UnitTest name="Test7474" id="4a6b4ea6-15fb-4414-a5eb-f7071bb323ae" storage="TestAssembly.dll">
      <Execution id="5e3f331a-4192-4e45-a81d-f6f71bf2ee49" />
      <TestMethod codeBase="TestAssembly.dll" className="TestNamespace.TestClass8" name="Test7474" />
    </UnitTest>
    <UnitTest name="Test7475" id="d6b4ec34-fec0-48b1-9118-2c8a2891c5e9" storage="TestAssembly.dll">
      <Execution id="b2104685-6248-4502-bad8-374830aba433" />
      <TestMethod codeBase="TestAssembly.dll" className="TestNamespace.TestClass8" name="Test7475" />
    </UnitTest>
    <UnitTest name="Test7476" id="9e46aecc-93fd-4900-9cfc-e49bdef3bb69" storage="TestAssembly.dll">
      <Execution id="947c67d7-ff1e-4b68-b2e1-d3f8fffcc0d6" />
      <TestMethod codeBase="TestAssembly.dll" className="TestNamespace.TestClass8" name="Test7476" />
    </UnitTest>
    <UnitTest name="Test7477" id="fce37259-643b-4309-b2ca-d16d0f3befbd" storage="TestAssembly.dll">
      <Execution id="e3e1181d-2c0c-45e8-965c-dd91b5893067" />
      <TestMethod codeBase="TestAssembly.dll" className="TestNamespace.TestClass8" name="Test7477" />
    </UnitTest>
    <UnitTest name="Test7478" id="d30d202b-c91c-4527-b1ef-7765bccd2043" storage="TestAssembly.dll">
      <Execution id="e3dd0a00-b10c-4cb8-9138-08a7c75ab1e0" />
      <TestMethod codeBase="TestAssembly.dll" className="TestNamespace.TestClass8" name="Test7478" />
    </UnitTest>
    <UnitTest name="Test7479" id="2f5dbe07-8c65-4746-a04c-11e421d932e6" storage="TestAssembly.dll">
      <Execution id="5fadaf47-32bf-44c3-b2b3-3e65a65576f6" />
      <TestMethod codeBase="TestAssembly.dll" className="TestNamespace.TestClass8" name="Test7479" />
    </UnitTest>
    <UnitTest name="Test7480" id="54de6d6d-7e85-49ed-bf49-62ba3328f2f0" storage="TestAssembly.dll">
      <Execution id="e86f1d31-2a2c-4152-836f-670745cda735" />
      <TestMethod codeBase="TestAssembly.dll" className="TestNamespace.TestClass8" name="Test7480" />
    </UnitTest>
    <UnitTest name="Test7481" id="aa4e7e84-a4e5-4f9f-af26-6e1f0e6d24e6" storage="TestAssembly.dll">
      <Execution id="99163829-e4b8-41b9-8477-3d004eb10ff7" />
      <TestMethod codeBase="TestAssembly.dll" className="TestNamespace.TestClass9" name="Test7481" />
    </UnitTest>
    <UnitTest name="Test7482" id="99a1413e-69f9-4b12-bde5-ff0f0b85d845" storage="TestAssembly.dll">
      <Execution id="7b1b8307-90f1-4b81-8698-71ad5d8ddc4c" />
      <TestMethod codeBase="TestAssembly.dll" className="TestNamespace.TestClass9" name="Test7482" />
    </UnitTest>
    <UnitTest name="Test7483" id="81a66f34-57be-4f52-ae34-3d8c33a4e678" storage="TestAssembly.dll">
      <Execution id="6b177b4c-5173-4a6d-8e25-607ba7202bbe" />
      <TestMethod codeBase="TestAssembly.dll" className="TestNamespace.TestClass9" name="Test7483" />
    </UnitTest>
    <UnitTest name="Test7484" id="dd21563a-f715-4836-88af-2e3a91fa5bb0" storage="TestAssembly.dll">
      <Execution id="14e6afba-bd08-4abc-9feb-554df1efcf6f" />
      <TestMethod codeBase="TestAssembly.dll" className="TestNamespace.TestClass9" name="Test7484" />
    </UnitTest>
    <UnitTest name="Test7485" id="ff01f0f5-9cd4-4dde-90a7-2c8c05471abf" storage="TestAssembly.dll">
      <Execution id="9d491f86-592e-48b1-b0df-123d83de8646" />
      <TestMethod codeBase="TestAssembly.dll" className="TestNamespace.TestClass9" name="Test7485" />
    </UnitTest>
    <UnitTest name="Test7486" id="e4907b55-918c-4f08-83c1-1731714fd63e" storage="TestAssembly.dll">
      <Execution id="acf491be-b859-4a8a-8781-8a245b0a8088" />
      <TestMethod codeBase="TestAssembly.dll" className="TestNamespace.TestClass9" name="Test7486" />
    </UnitTest>
    <UnitTest name="Test7487" id="527a5833-ed6a-452d-8571-c9e86ca739e1" storage="TestAssembly.dll">
      <Execution id="9da1492e-d7bc-4448-b96f-3e6173c4179f" />
      <TestMethod codeBase="TestAssembly.dll" className="TestNamespace.TestClass9" name="Test7487" />
    </UnitTest>
    <UnitTest name="Test7488" id="39bebbaf-c59b-4a6a-89fa-063a6cd7def5" storage="TestAssembly.dll">
      <Execution id="661e19fc-4de2-4e88-a372-bbc4713e9676" />
      <TestMethod codeBase="TestAssembly.dll" className="TestNamespace.TestClass9" name="Test7488" />
    </UnitTest>
    <UnitTest name="Test7489" id="69cac4c3-1116-442d-9a9c-a3685698f24a" storage="TestAssembly.dll">
      <Execution id="030b48a3-120e-4bcc-b3a5-7e5d457996e6" />
      <TestMethod codeBase="TestAssembly.dll" className="TestNamespace.TestClass9" name="Test7489" />
    </UnitTest>
    <UnitTest name="Test7490" id="9a35865c-f980-4211-aa0d-ed6a02bd2905" storage="TestAssembly.dll">
      <Execution id="abc75316-ad95-4e6e-b714-6fb9196a668e" />
      <TestMethod codeBase="TestAssembly.dll" className="TestNamespace.TestClass9" name="Test7490" />
    </UnitTest>
    <UnitTest name="Test7491" id="67018430-b9cd-478e-a846-3c2ce1e80c31" storage="TestAssembly.dll">
      <Execution id="2fe9a743-2a20-4ce2-849f-4ca907596d59" />
      <TestMethod codeBase="TestAssembly.dll" className="TestNamespace.TestClass10" name="Test7491" />
    </UnitTest>
    <UnitTest name="Test7492" id="5cfe9d03-57ba-434a-9f75-52ba5628a05f" storage="TestAssembly.dll">
      <Execution id="5c76e913-41ae-4362-a6ef-522da20654b0" />
      <TestMethod codeBase="TestAssembly.dll" className="TestNamespace.TestClass10" name="Test7492" />
    </UnitTest>
    <UnitTest name="Test7493" id="38881470-2d97-4806-8f23-37e129bf3918" storage="TestAssembly.dll">
      <Execution id="18e14dab-134d-4e84-8291-07dc7ed37120" />
      <TestMethod codeBase="TestAssembly.dll" className="TestNamespace.TestClass10" name="Test7493" />
    </UnitTest>
    <UnitTest name="Test7494" id="a010c5f9-8193-4c05-ac72-4c687ef43ca9" storage="TestAssembly.dll">
      <Execution id="948e5c33-dd74-49a1-ae67-1ea4e6a64df4" />
      <TestMethod codeBase="TestAssembly.dll" className="TestNamespace.TestClass10" name="Test7494" />
    </UnitTest>
    <UnitTest name="Test7495" id="fcb965be-e9a0-4f10-ad7a-a048e56a1ffa" storage="TestAssembly.dll">
      <Execution id="71c12c8d-e636-473b-86e9-2f783194af1c" />
      <TestMethod codeBase="TestAssembly.dll" className="TestNamespace.TestClass10" name="Test7495" />
    </UnitTest>
    <UnitTest name="Test7496" id="a440473e-e4fa-4b23-9af6-c5373d7925e7" storage="TestAssembly.dll">
      <Execution id="3556d793-acec-4e14-a8ea-6382f4b5311b" />
      <TestMethod codeBase="TestAssembly.dll" className="TestNamespace.TestClass10" name="Test7496" />
    </UnitTest>
    <UnitTest name="Test7497" id="f6483e31-580a-45c6-9891-b330dea1625c" storage="TestAssembly.dll">
      <Execution id="d86df573-d808-4722-9f51-5013c6efb222" />
      <TestMethod codeBase="TestAssembly.dll" className="TestNamespace.TestClass10" name="Test7497" />
    </UnitTest>
    <UnitTest name="Test7498" id="d7b04e8c-4532-4ea5-a2fd-dfa1fdfe7b4e" storage="TestAssembly.dll">
      <Execution id="9e1aed9f-7a2f-477e-893d-936edb40d42e" />
      <TestMethod codeBase="TestAssembly.dll" className="TestNamespace.TestClass10" name="Test7498" />
    </UnitTest>
    <UnitTest name="Test7499" id="deae85ce-4ac8-44fe-953c-165b402d9ef0" storage="TestAssembly.dll">
      <Execution id="f219a30f-5e5a-4a57-927b-4752af084bfe" />
      <TestMethod codeBase="TestAssembly.dll" className="TestNamespace.TestClass10" name="Test7499" />
    </UnitTest>
    <UnitTest name="Test7500" id="621e32bd-1d40-4a00-8b17-eebdaf2c2808" storage="TestAssembly.dll">
      <Execution id="acf168b2-765e-4cc3-995a-3ceb870d0fed" />
      <TestMethod codeBase="TestAssembly.dll" className="TestNamespace.TestClass10" name="Test7500" />
    </UnitTest>
  </TestDefinitions>
  <TestEntries>
    <TestEntry testId="d1dd669f-7b79-4275-bb39-466c0eea29d7" executionId="d676862f-bc7e-4798-b1a4-0de649d349d4" testListId="25443f44-4c48-4d05-a5f8-12f1f2d391e9" />
    <TestEntry testId="0e5f7a5f-354d-4f24-af46-2083f44d4758" executionId="d1f14b49-232d-428b-9475-81899fb5e4c8" testListId="25443f44-4c48-4d05-a5f8-12f1f2d391e9" />
    <TestEntry testId="653b34a6-fa81-4809-baa1-503b571d6db6" executionId="6b7aa2c7-3505-468b-90b0-769fbd0bc3c4" testListId="25443f44-4c48-4d05-a5f8-12f1f2d391e9" />
    <TestEntry testId="03a78d4f-551d-4359-a709-499aec5f6789" executionId="acd68fed-2b33-4a52-8771-f72421e57c6e" testListId="25443f44-4c48-4d05-a5f8-12f1f2d391e9" />
    <TestEntry testId="3cd6c488-2aba-4f06-b610-9e1b0bee8354" executionId="43278139-3c06-4213-8083-b1f89f2ffc14" testListId="25443f44-4c48-4d05-a5f8-12f1f2d391e9" />
    <TestEntry testId="533a6589-826d-4cb1-8f02-c0e6a13c47fc" executionId="817c5eff-f5d2-44f8-ba17-fc1680fb479e" testListId="25443f44-4c48-4d05-a5f8-12f1f2d391e9" />
    <TestEntry testId="ee9632ad-c3f2-4e81-af32-43cc0351dec2" executionId="a0cf8c65-03b0-4bc0-9075-e0edef7ed6a8" testListId="25443f44-4c48-4d05-a5f8-12f1f2d391e9" />
    <TestEntry testId="817b3b66-1ed1-4546-9d09-31ba0039d679" executionId="de5e8117-62a6-4dcf-89fb-7e0cc077b912" testListId="25443f44-4c48-4d05-a5f8-12f1f2d391e9" />
    <TestEntry testId="64120be5-fdf1-4408-91be-2eff7236d2a9" executionId="6f4e2591-ffc6-4561-920a-4da746748f9f" testListId="25443f44-4c48-4d05-a5f8-12f1f2d391e9" />
    <TestEntry testId="b83201aa-3f3a-4d59-9337-836f5fc5be14" executionId="d0871a90-148d-4b0a-a6a7-a4d1cf1cb2b2" testListId="25443f44-4c48-4d05-a5f8-12f1f2d391e9" />
    <TestEntry testId="549b352f-c87b-44b9-b7fc-49fb1b33d352" executionId="6620f5fa-8f10-47ff-93f1-ec1f105492cc" testListId="25443f44-4c48-4d05-a5f8-12f1f2d391e9" />
    <TestEntry testId="2b751253-978e-4ac3-b723-b8347dd8ab84" executionId="026cf69a-8150-476a-bcc9-1dbea70b5a83" testListId="25443f44-4c48-4d05-a5f8-12f1f2d391e9" />
    <TestEntry testId="2c596ca7-42c1-4bb6-93fd-7cc5298ef145" executionId="a3d63d9b-d45b-446f-a107-7bf2fef1f2aa" testListId="25443f44-4c48-4d05-a5f8-12f1f2d391e9" />
    <TestEntry testId="5c5d7424-33b4-40e2-9bab-eba97459fbde" executionId="af00e415-a286-46ee-a3fc-e522463ea589" testListId="25443f44-4c48-4d05-a5f8-12f1f2d391e9" />
    <TestEntry testId="28cf51ad-c205-4818-92d4-105b73c56906" executionId="bdc002ba-26a2-453e-a220-200041c0300a" testListId="25443f44-4c48-4d05-a5f8-12f1f2d391e9" />
    <TestEntry testId="9ccc63f4-0799-4533-aa46-ceb155afd933" executionId="798a8266-8e58-4804-bc85-498713cf5f31" testListId="25443f44-4c48-4d05-a5f8-12f1f2d391e9" />
    <TestEntry testId="7b0124d0-7012-405a-a9c7-69fc666c728d" executionId="0608d4c8-ab81-4489-92e7-d7d48413f514" testListId="25443f44-4c48-4d05-a5f8-12f1f2d391e9" />
    <TestEntry testId="089c2529-5d3e-4668-a27f-764e16c79da7" executionId="473d53ca-3ed7-45ec-ab5a-e4fecb18fa88" testListId="25443f44-4c48-4d05-a5f8-12f1f2d391e9" />
    <TestEntry testId="76b05fe9-afbe-4c64-b9b3-00e3b42813ae" executionId="259c0050-5ca9-4001-b04c-12e2a1e5fb82" testListId="25443f44-4c48-4d05-a5f8-12f1f2d391e9" />
    <TestEntry testId="ae7ff3f1-c1da-4967-b5e1-7ff71fe7a487" executionId="35fa48cf-6dcf-4300-b255-a0d1e0b8d30a" testListId="25443f44-4c48-4d05-a5f8-12f1f2d391e9" />
    <TestEntry testId="c421d59a-ea89-4954-8b26-ff412b701b1e" executionId="07303b5b-5717-4151-80f8-8e0cd90bf135" testListId="25443f44-4c48-4d05-a5f8-12f1f2d391e9" />
    <TestEntry testId="d4c04d1f-517f-4cad-b4c1-5b9cf753e4bc" executionId="04159202-a263-48f1-8a34-48a68193c70f" testListId="25443f44-4c48-4d05-a5f8-12f1f2d391e9" />
    <TestEntry testId="c54caabc-1693-4351-8791-df83120f4a7f" executionId="f7500c4b-1637-40ea-9da0-45d6709e701a" testListId="25443f44-4c48-4d05-a5f8-12f1f2d391e9" />
    <TestEntry testId="a41050d7-ef1d-4ed0-92cf-7d17fc5544a6" executionId="ba90ccbf-0d8d-478e-91af-1a82e1d20d1e" testListId="25443f44-4c48-4d05-a5f8-12f1f2d391e9" />
    <TestEntry testId="aa0c0b13-df2c-4126-a84f-497fc834342d" executionId="b33541b2-3be4-4d11-889a-1cf1382571d6" testListId="25443f44-4c48-4d05-a5f8-12f1f2d391e9" />
    <TestEntry testId="5ce7c2a2-c885-49b3-8dc2-e1544e5a59d9" executionId="7fe8907f-8654-472e-bea8-8e9324476a6f" testListId="25443f44-4c48-4d05-a5f8-12f1f2d391e9" />
    <TestEntry testId="61be266e-68c6-43cf-b867-793779bddf21" executionId="5417ea45-3917-4f41-96b0-091452c49b2a" testListId="25443f44-4c48-4d05-a5f8-12f1f2d391e9" />
    <TestEntry testId="2a561f51-0b7f-4a77-baee-54a079891918" executionId="1a6dcde1-5e27-451e-a1b3-2ca0a42965d5" testListId="25443f44-4c48-4d05-a5f8-12f1f2d391e9" />
    <TestEntry testId="c904e9e9-d7fe-4751-ade8-f50374055e0c" executionId="76d73f7e-705a-4f93-a57e-e5885011993b" testListId="25443f44-4c48-4d05-a5f8-12f1f2d391e9" />
    <TestEntry testId="42383532-ee95-469c-af85-9ea403d64a64" executionId="587fa980-5326-4cb1-a614-5760a26d495a" testListId="25443f44-4c48-4d05-a5f8-12f1f2d391e9" />
    <TestEntry testId="5da6a5e4-7c77-49fa-b90e-d8504fa9f05c" executionId="f3ccc765-03c6-44f7-aada-7fce92aca4bf" testListId="25443f44-4c48-4d05-a5f8-12f1f2d391e9" />
    <TestEntry testId="a4ab9ffb-615d-4740-9404-7c861117e248" executionId="9fb6a7d4-e328-4212-8a8c-b3f2862e6e5d" testListId="25443f44-4c48-4d05-a5f8-12f1f2d391e9" />
    <TestEntry testId="b4218f74-5b85-48f8-9dc9-97b5035efa2a" executionId="20423128-ec12-4ed3-880c-330efdf6cc77" testListId="25443f44-4c48-4d05-a5f8-12f1f2d391e9" />
    <TestEntry testId="4b558548-03cb-4e00-b636-e000fc4a569f" executionId="06d917c0-1214-48fd-85da-64176d99b503" testListId="25443f44-4c48-4d05-a5f8-12f1f2d391e9" />
    <TestEntry testId="d51a39b3-d5db-41ba-89d9-2d1beef92b44" executionId="f3f16608-2b13-4a45-8f0f-980d9e8ca892" testListId="25443f44-4c48-4d05-a5f8-12f1f2d391e9" />
    <TestEntry testId="bfb07e09-537d-4bfb-a71d-30adb14e5d9a" executionId="e74fa4f6-f73a-4b59-bb86-27a2a24bbe06" testListId="25443f44-4c48-4d05-a5f8-12f1f2d391e9" />
    <TestEntry testId="3e1d23da-5021-41bd-af0e-ecadf5021157" executionId="a909e0fe-5834-41f5-a451-4ac743edbb82" testListId="25443f44-4c48-4d05-a5f8-12f1f2d391e9" />
    <TestEntry testId="12bc6429-dbbe-4a8e-b67f-9ddf41154f32" executionId="ddc6fd15-7762-44d9-99a7-c0b4a8dfeb27" testListId="25443f44-4c48-4d05-a5f8-12f1f2d391e9" />
    <TestEntry testId="7d97789c-cdab-4b20-aab8-11799f37465d" executionId="54d2682e-76ae-436d-b67a-3a053ddc7a4e" testListId="25443f44-4c48-4d05-a5f8-12f1f2d391e9" />
    <TestEntry testId="2c70a9b6-f626-4531-a370-62f16d927bec" executionId="eeb86cf6-67ad-4833-b965-47c79bb7f5a5" testListId="25443f44-4c48-4d05-a5f8-12f1f2d391e9" />
    <TestEntry testId="a5391552-17d7-4a9c-98ef-c5adf573714c" executionId="b7aa54ff-6cf1-415c-8a3a-c4f2debcee6a" testListId="25443f44-4c48-4d05-a5f8-12f1f2d391e9" />
    <TestEntry testId="c2c73370-02f5-45a4-a664-6e782080d631" executionId="4fd6e4d7-8cc8-43f1-87c6-6d0da6c35e66" testListId="25443f44-4c48-4d05-a5f8-12f1f2d391e9" />
    <TestEntry testId="d4c45242-7aa7-424d-8d10-de890d9e77ae" executionId="37e202a5-f5b4-4df2-969d-86a0d5842b0f" testListId="25443f44-4c48-4d05-a5f8-12f1f2d391e9" />
    <TestEntry testId="8249699a-1f40-4956-b61b-67dbc44c60f0" executionId="610a538f-2505-4777-bfcb-8337f8b4f2fd" testListId="25443f44-4c48-4d05-a5f8-12f1f2d391e9" />
    <TestEntry testId="d1484cc8-cde5-4ec8-8fc0-438b128d2ffb" executionId="98c9e659-94fb-4c31-99fd-cbc7e3f37c4a" testListId="25443f44-4c48-4d05-a5f8-12f1f2d391e9" />
    <TestEntry testId="a9147583-eb3f-4871-90d8-591aaf07cbfc" executionId="e0304dde-b12b-46c4-85e4-3aef4f87675d" testListId="25443f44-4c48-4d05-a5f8-12f1f2d391e9" />
    <TestEntry testId="263ec4a7-3273-4d34-9aae-002fd52e2fa3" executionId="34cf812a-13aa-4fdc-b4cb-77199acf0639" testListId="25443f44-4c48-4d05-a5f8-12f1f2d391e9" />
    <TestEntry testId="514f3d24-e427-454b-9cf5-9856678dd7cb" executionId="5d946354-4b45-48e8-8a20-86d44e1464f9" testListId="25443f44-4c48-4d05-a5f8-12f1f2d391e9" />
    <TestEntry testId="25d469eb-0038-4ee9-a15f-b538600e8dd2" executionId="d7c7fc04-f408-4566-ba0f-78f0400421d1" testListId="25443f44-4c48-4d05-a5f8-12f1f2d391e9" />
    <TestEntry testId="e8ad8987-f6bb-4d79-a646-d24d5bfe1f22" executionId="9609ab8c-1555-4c8c-8ddf-99e13b458357" testListId="25443f44-4c48-4d05-a5f8-12f1f2d391e9" />
    <TestEntry testId="a5bde9e0-2966-45de-a8c0-62277c2cdc22" executionId="1a38afba-968b-4ded-badb-31142e22d941" testListId="25443f44-4c48-4d05-a5f8-12f1f2d391e9" />
    <TestEntry testId="4acbcfa0-7227-4785-a16f-a735cc3dea6e" executionId="3ea1ef33-b320-40e2-9921-efb1e5f18090" testListId="25443f44-4c48-4d05-a5f8-12f1f2d391e9" />
    <TestEntry testId="0b85a164-dcee-4958-82ca-5d9caab053b6" executionId="d9ff4c91-7905-4059-9c23-8d0add4ed361" testListId="25443f44-4c48-4d05-a5f8-12f1f2d391e9" />
    <TestEntry testId="f51a0489-7260-437a-b425-1a8d4639cc2e" executionId="49c14f80-6708-4df0-998d-38595f2e41c3" testListId="25443f44-4c48-4d05-a5f8-12f1f2d391e9" />
    <TestEntry testId="ad78d6c5-e4fd-4896-9a27-0f833245e7d5" executionId="12c2920c-3015-4973-a297-03a7f2fe9be3" testListId="25443f44-4c48-4d05-a5f8-12f1f2d391e9" />
    <TestEntry testId="cca9ded3-7415-4ac4-9cbe-69ddcca627bd" executionId="82b0b695-78cf-4ef9-9df3-53efdd59d459" testListId="25443f44-4c48-4d05-a5f8-12f1f2d391e9" />
    <TestEntry testId="4667cfb6-024c-461e-8336-2222ab660217" executionId="bcca53aa-7ff9-475d-9007-3e5f029e4310" testListId="25443f44-4c48-4d05-a5f8-12f1f2d391e9" />
    <TestEntry testId="c4559db9-d4d1-4828-a044-60c893a6bd16" executionId="01a7bbf9-361b-454c-8cbd-4399e754eaa5" testListId="25443f44-4c48-4d05-a5f8-12f1f2d391e9" />
    <TestEntry testId="597c2911-3ed5-4efd-948d-b470f3fecbb4" executionId="35ac0ff6-42fe-4b10-b0b4-74226f827c42" testListId="25443f44-4c48-4d05-a5f8-12f1f2d391e9" />
    <TestEntry testId="f6633fc8-5a8c-4268-854a-ad741e6f364f" executionId="9d9876f6-bbc6-4bcb-ae4a-99c50582f48f" testListId="25443f44-4c48-4d05-a5f8-12f1f2d391e9" />
    <TestEntry testId="e4e12815-a7d0-47a5-ad18-c2030a30c20e" executionId="a9877b97-f56d-4fa2-bb04-729daa2ac205" testListId="25443f44-4c48-4d05-a5f8-12f1f2d391e9" />
    <TestEntry testId="e68e3392-c54a-43fe-a7b4-5d3945d92ff4" executionId="331185e8-8163-4413-ae76-e117381d3ccd" testListId="25443f44-4c48-4d05-a5f8-12f1f2d391e9" />
    <TestEntry testId="f450ddeb-3509-4ce5-a8ec-9f3352701f6f" executionId="94aca13d-cf70-4949-b440-a98bdfdf1182" testListId="25443f44-4c48-4d05-a5f8-12f1f2d391e9" />
    <TestEntry testId="da051ea3-8c41-47dc-8f84-6545366eddb5" executionId="cb5b7fca-541d-4710-b947-2c97850e144e" testListId="25443f44-4c48-4d05-a5f8-12f1f2d391e9" />
    <TestEntry testId="d70c4147-cac6-4c81-8104-5fe1f059b935" executionId="e048852c-700b-4ef2-9a77-c33fcf4c4b25" testListId="25443f44-4c48-4d05-a5f8-12f1f2d391e9" />
    <TestEntry testId="4f8f4abf-5273-4514-8334-a55dec5e744c" executionId="82f81fc1-bf7c-45cc-9a16-c969f756ffeb" testListId="25443f44-4c48-4d05-a5f8-12f1f2d391e9" />
    <TestEntry testId="5ce69450-0f1f-4904-81ca-29353aa9876a" executionId="f4a1d63a-4c47-46ca-b7d2-8c9b1b08dd90" testListId="25443f44-4c48-4d05-a5f8-12f1f2d391e9" />
    <TestEntry testId="795902e8-a651-4526-8cca-57394fac3bc2" executionId="ef6190a3-a1c7-4192-9f7a-1f58ae3b065e" testListId="25443f44-4c48-4d05-a5f8-12f1f2d391e9" />
    <TestEntry testId="9e683f2b-f21e-40a4-9f1a-6afc7b5f8d35" executionId="e1493a82-133c-455c-a793-472d2e57d57a" testListId="25443f44-4c48-4d05-a5f8-12f1f2d391e9" />
    <TestEntry testId="3df28448-9014-422e-a5f3-99d7f3e0b7c5" executionId="b52da811-2161-48cd-9413-3a89b651e29e" testListId="25443f44-4c48-4d05-a5f8-12f1f2d391e9" />
    <TestEntry testId="11ff7694-8229-47e5-91bf-0f6d49ea7bf5" executionId="4a590904-c125-4859-8eea-79c67ff9455b" testListId="25443f44-4c48-4d05-a5f8-12f1f2d391e9" />
    <TestEntry testId="052c166e-d71a-4a51-a1dd-d49693989de9" executionId="bbfd9289-80f8-4e2d-b663-c41944305ff2" testListId="25443f44-4c48-4d05-a5f8-12f1f2d391e9" />
    <TestEntry testId="ae3b2e65-5a1d-41af-b9b8-0728855d0222" executionId="8bee6c59-6f67-4d67-beb2-d133a04f35f3" testListId="25443f44-4c48-4d05-a5f8-12f1f2d391e9" />
    <TestEntry testId="4a6b4ea6-15fb-4414-a5eb-f7071bb323ae" executionId="5e3f331a-4192-4e45-a81d-f6f71bf2ee49" testListId="25443f44-4c48-4d05-a5f8-12f1f2d391e9" />
    <TestEntry testId="d6b4ec34-fec0-48b1-9118-2c8a2891c5e9" executionId="b2104685-6248-4502-bad8-374830aba433" testListId="25443f44-4c48-4d05-a5f8-12f1f2d391e9" />
    <TestEntry testId="9e46aecc-93fd-4900-9cfc-e49bdef3bb69" executionId="947c67d7-ff1e-4b68-b2e1-d3f8fffcc0d6" testListId="25443f44-4c48-4d05-a5f8-12f1f2d391e9" />
    <TestEntry testId="fce37259-643b-4309-b2ca-d16d0f3befbd" executionId="e3e1181d-2c0c-45e8-965c-dd91b5893067" testListId="25443f44-4c48-4d05-a5f8-12f1f2d391e9" />
    <TestEntry testId="d30d202b-c91c-4527-b1ef-7765bccd2043" executionId="e3dd0a00-b10c-4cb8-9138-08a7c75ab1e0" testListId="25443f44-4c48-4d05-a5f8-12f1f2d391e9" />
    <TestEntry testId="2f5dbe07-8c65-4746-a04c-11e421d932e6" executionId="5fadaf47-32bf-44c3-b2b3-3e65a65576f6" testListId="25443f44-4c48-4d05-a5f8-12f1f2d391e9" />
    <TestEntry testId="54de6d6d-7e85-49ed-bf49-62ba3328f2f0" executionId="e86f1d31-2a2c-4152-836f-670745cda735" testListId="25443f44-4c48-4d05-a5f8-12f1f2d391e9" />
    <TestEntry testId="aa4e7e84-a4e5-4f9f-af26-6e1f0e6d24e6" executionId="99163829-e4b8-41b9-8477-3d004eb10ff7" testListId="25443f44-4c48-4d05-a5f8-12f1f2d391e9" />
    <TestEntry testId="99a1413e-69f9-4b12-bde5-ff0f0b85d845" executionId="7b1b8307-90f1-4b81-8698-71ad5d8ddc4c" testListId="25443f44-4c48-4d05-a5f8-12f1f2d391e9" />
    <TestEntry testId="81a66f34-57be-4f52-ae34-3d8c33a4e678" executionId="6b177b4c-5173-4a6d-8e25-607ba7202bbe" testListId="25443f44-4c48-4d05-a5f8-12f1f2d391e9" />
    <TestEntry testId="dd21563a-f715-4836-88af-2e3a91fa5bb0" executionId="14e6afba-bd08-4abc-9feb-554df1efcf6f" testListId="25443f44-4c48-4d05-a5f8-12f1f2d391e9" />
    <TestEntry testId="ff01f0f5-9cd4-4dde-90a7-2c8c05471abf" executionId="9d491f86-592e-48b1-b0df-123d83de8646" testListId="25443f44-4c48-4d05-a5f8-12f1f2d391e9" />
    <TestEntry testId="e4907b55-918c-4f08-83c1-1731714fd63e" executionId="acf491be-b859-4a8a-8781-8a245b0a8088" testListId="25443f44-4c48-4d05-a5f8-12f1f2d391e9" />
    <TestEntry testId="527a5833-ed6a-452d-8571-c9e86ca739e1" executionId="9da1492e-d7bc-4448-b96f-3e6173c4179f" testListId="25443f44-4c48-4d05-a5f8-12f1f2d391e9" />
    <TestEntry testId="39bebbaf-c59b-4a6a-89fa-063a6cd7def5" executionId="661e19fc-4de2-4e88-a372-bbc4713e9676" testListId="25443f44-4c48-4d05-a5f8-12f1f2d391e9" />
    <TestEntry testId="69cac4c3-1116-442d-9a9c-a3685698f24a" executionId="030b48a3-120e-4bcc-b3a5-7e5d457996e6" testListId="25443f44-4c48-4d05-a5f8-12f1f2d391e9" />
    <TestEntry testId="9a35865c-f980-4211-aa0d-ed6a02bd2905" executionId="abc75316-ad95-4e6e-b714-6fb9196a668e" testListId="25443f44-4c48-4d05-a5f8-12f1f2d391e9" />
    <TestEntry testId="67018430-b9cd-478e-a846-3c2ce1e80c31" executionId="2fe9a743-2a20-4ce2-849f-4ca907596d59" testListId="25443f44-4c48-4d05-a5f8-12f1f2d391e9" />
    <TestEntry testId="5cfe9d03-57ba-434a-9f75-52ba5628a05f" executionId="5c76e913-41ae-4362-a6ef-522da20654b0" testListId="25443f44-4c48-4d05-a5f8-12f1f2d391e9" />
    <TestEntry testId="38881470-2d97-4806-8f23-37e129bf3918" executionId="18e14dab-134d-4e84-8291-07dc7ed37120" testListId="25443f44-4c48-4d05-a5f8-12f1f2d391e9" />
    <TestEntry testId="a010c5f9-8193-4c05-ac72-4c687ef43ca9" executionId="948e5c33-dd74-49a1-ae67-1ea4e6a64df4" testListId="25443f44-4c48-4d05-a5f8-12f1f2d391e9" />
    <TestEntry testId="fcb965be-e9a0-4f10-ad7a-a048e56a1ffa" executionId="71c12c8d-e636-473b-86e9-2f783194af1c" testListId="25443f44-4c48-4d05-a5f8-12f1f2d391e9" />
    <TestEntry testId="a440473e-e4fa-4b23-9af6-c5373d7925e7" executionId="3556d793-acec-4e14-a8ea-6382f4b5311b" testListId="25443f44-4c48-4d05-a5f8-12f1f2d391e9" />
    <TestEntry testId="f6483e31-580a-45c6-9891-b330dea1625c" executionId="d86df573-d808-4722-9f51-5013c6efb222" testListId="25443f44-4c48-4d05-a5f8-12f1f2d391e9" />
    <TestEntry testId="d7b04e8c-4532-4ea5-a2fd-dfa1fdfe7b4e" executionId="9e1aed9f-7a2f-477e-893d-936edb40d42e" testListId="25443f44-4c48-4d05-a5f8-12f1f2d391e9" />
    <TestEntry testId="deae85ce-4ac8-44fe-953c-165b402d9ef0" executionId="f219a30f-5e5a-4a57-927b-4752af084bfe" testListId="25443f44-4c48-4d05-a5f8-12f1f2d391e9" />
    <TestEntry testId="621e32bd-1d40-4a00-8b17-eebdaf2c2808" executionId="acf168b2-765e-4cc3-995a-3ceb870d0fed" testListId="25443f44-4c48-4d05-a5f8-12f1f2d391e9" />
  </TestEntries>
  <TestLists>
    <TestList name="Results Not in a List" id="25443f44-4c48-4d05-a5f8-12f1f2d391e9" />
    <TestList name="All Loaded Results" id="30d34644-ba82-407b-9bb9-e11cf518a6d8" />
  </TestLists>
</TestRun>