<?xml version="1.0" encoding="UTF-8"?>
<TestRun id="9e1d4a1d-1402-4ffa-837b-03501cbf422a" name="Test Run 72" runUser="Oles Galatsan" xmlns="http://microsoft.com/schemas/VisualStudio/TeamTest/2010">
  <Times creation="2025-05-14T13:20:31.3125482Z" queuing="2025-05-14T13:20:31.3125482Z" start="2025-05-14T13:20:31.3146610Z" finish="2025-05-14T13:25:31.3147553Z" />
  <TestSettings name="Test Settings 72" id="6d4e161d-17df-425b-a945-ff8efcda7755" />
  <Results>
    <UnitTestResult executionId="dc6461ea-7a14-4222-9fd8-6b1630b599bb" testId="97acd205-b9b8-4c04-b948-e3ed9ef40132" testName="Test7101" computerName="UA-LPT-OGA2" duration="00:00:00.1870000" startTime="2025-05-14T13:20:31.3146610Z" endTime="2025-05-14T13:25:31.3147553Z" testType="13cdc9d9-ddb5-4fa4-a97d-d965ccfc6d4b" outcome="Passed" testListId="49fe8623-bacf-4dff-9956-4e37bde4ae65" />
    <UnitTestResult executionId="7082bf00-1311-4314-b013-2c0befd3b975" testId="d7617c89-a023-403f-9b63-8f21350d54bf" testName="Test7102" computerName="UA-LPT-OGA2" duration="00:00:00.6360000" startTime="2025-05-14T13:20:31.3146610Z" endTime="2025-05-14T13:25:31.3147553Z" testType="13cdc9d9-ddb5-4fa4-a97d-d965ccfc6d4b" outcome="Passed" testListId="49fe8623-bacf-4dff-9956-4e37bde4ae65" />
    <UnitTestResult executionId="ca73213f-f500-4491-af85-e01137510bf1" testId="85a2abf0-1e0b-4016-b827-191cf4b4756c" testName="Test7103" computerName="UA-LPT-OGA2" duration="00:00:01.2860000" startTime="2025-05-14T13:20:31.3146610Z" endTime="2025-05-14T13:25:31.3147553Z" testType="13cdc9d9-ddb5-4fa4-a97d-d965ccfc6d4b" outcome="Passed" testListId="49fe8623-bacf-4dff-9956-4e37bde4ae65" />
    <UnitTestResult executionId="dcd8cfbd-ccf8-4cde-bd08-eddf855d8939" testId="50317cf1-58b9-4744-817c-ce38b142cdbb" testName="Test7104" computerName="UA-LPT-OGA2" duration="00:00:00.2790000" startTime="2025-05-14T13:20:31.3146610Z" endTime="2025-05-14T13:25:31.3147553Z" testType="13cdc9d9-ddb5-4fa4-a97d-d965ccfc6d4b" outcome="Failed" testListId="49fe8623-bacf-4dff-9956-4e37bde4ae65">
      <Output>
        <ErrorInfo>
          <Message>Assertion failed: Expected value did not match actual value.</Message>
          <StackTrace>   at TestNamespace.TestClass.Test() in TestClass.cs:line 201</StackTrace>
        </ErrorInfo>
      </Output>
    </UnitTestResult>
    <UnitTestResult executionId="c4d6c59a-eebd-4b43-89fe-ec639e718397" testId="abf740b8-b3d1-4d1a-a85f-aef4d8fabd76" testName="Test7105" computerName="UA-LPT-OGA2" duration="00:00:00.2920000" startTime="2025-05-14T13:20:31.3146610Z" endTime="2025-05-14T13:25:31.3147553Z" testType="13cdc9d9-ddb5-4fa4-a97d-d965ccfc6d4b" outcome="Passed" testListId="49fe8623-bacf-4dff-9956-4e37bde4ae65" />
    <UnitTestResult executionId="2277176b-ca74-4eca-8251-49d61784206c" testId="0a0a9055-69b4-4869-93ea-b702a5d0d659" testName="Test7106" computerName="UA-LPT-OGA2" duration="00:00:01.5480000" startTime="2025-05-14T13:20:31.3146610Z" endTime="2025-05-14T13:25:31.3147553Z" testType="13cdc9d9-ddb5-4fa4-a97d-d965ccfc6d4b" outcome="Passed" testListId="49fe8623-bacf-4dff-9956-4e37bde4ae65" />
    <UnitTestResult executionId="5864fffa-3475-4387-a1ce-77ac739eb58f" testId="bfedeeb4-9b1f-4171-801c-df522e0ee5b0" testName="Test7107" computerName="UA-LPT-OGA2" duration="00:00:00.1110000" startTime="2025-05-14T13:20:31.3146610Z" endTime="2025-05-14T13:25:31.3147553Z" testType="13cdc9d9-ddb5-4fa4-a97d-d965ccfc6d4b" outcome="Failed" testListId="49fe8623-bacf-4dff-9956-4e37bde4ae65">
      <Output>
        <ErrorInfo>
          <Message>Assertion failed: Expected value did not match actual value.</Message>
          <StackTrace>   at TestNamespace.TestClass.Test() in TestClass.cs:line 209</StackTrace>
        </ErrorInfo>
      </Output>
    </UnitTestResult>
    <UnitTestResult executionId="01fffd05-24a8-4627-9589-9539947480f1" testId="b0c71920-b618-436b-982d-5cc4527caf3b" testName="Test7108" computerName="UA-LPT-OGA2" duration="00:00:01.4880000" startTime="2025-05-14T13:20:31.3146610Z" endTime="2025-05-14T13:25:31.3147553Z" testType="13cdc9d9-ddb5-4fa4-a97d-d965ccfc6d4b" outcome="Failed" testListId="49fe8623-bacf-4dff-9956-4e37bde4ae65">
      <Output>
        <ErrorInfo>
          <Message>Assertion failed: Expected value did not match actual value.</Message>
          <StackTrace>   at TestNamespace.TestClass.Test() in TestClass.cs:line 357</StackTrace>
        </ErrorInfo>
      </Output>
    </UnitTestResult>
    <UnitTestResult executionId="b883afd9-02ef-43cf-b0aa-3f182d491a8c" testId="e2d0ad70-daf6-4bf6-828f-48ed83340fdc" testName="Test7109" computerName="UA-LPT-OGA2" duration="00:00:01.6940000" startTime="2025-05-14T13:20:31.3146610Z" endTime="2025-05-14T13:25:31.3147553Z" testType="13cdc9d9-ddb5-4fa4-a97d-d965ccfc6d4b" outcome="Passed" testListId="49fe8623-bacf-4dff-9956-4e37bde4ae65" />
    <UnitTestResult executionId="3c510636-fbec-4c61-9290-f5f52140825a" testId="a277d15e-f6bb-4be0-82b8-e1cbfd0c1388" testName="Test7110" computerName="UA-LPT-OGA2" duration="00:00:01.8500000" startTime="2025-05-14T13:20:31.3146610Z" endTime="2025-05-14T13:25:31.3147553Z" testType="13cdc9d9-ddb5-4fa4-a97d-d965ccfc6d4b" outcome="Passed" testListId="49fe8623-bacf-4dff-9956-4e37bde4ae65" />
    <UnitTestResult executionId="c8ece623-44bc-4643-85b8-edfa12f8c023" testId="5dea622c-8d0f-44cb-a5a6-76a846dc44ce" testName="Test7111" computerName="UA-LPT-OGA2" duration="00:00:01.9480000" startTime="2025-05-14T13:20:31.3146610Z" endTime="2025-05-14T13:25:31.3147553Z" testType="13cdc9d9-ddb5-4fa4-a97d-d965ccfc6d4b" outcome="Passed" testListId="49fe8623-bacf-4dff-9956-4e37bde4ae65" />
    <UnitTestResult executionId="7f9fa51e-38e4-444d-8344-bcbc6c3bbb6b" testId="6cd7df75-45ba-4c83-8645-2457b03184db" testName="Test7112" computerName="UA-LPT-OGA2" duration="00:00:00.5130000" startTime="2025-05-14T13:20:31.3146610Z" endTime="2025-05-14T13:25:31.3147553Z" testType="13cdc9d9-ddb5-4fa4-a97d-d965ccfc6d4b" outcome="Failed" testListId="49fe8623-bacf-4dff-9956-4e37bde4ae65">
      <Output>
        <ErrorInfo>
          <Message>Assertion failed: Expected value did not match actual value.</Message>
          <StackTrace>   at TestNamespace.TestClass.Test() in TestClass.cs:line 172</StackTrace>
        </ErrorInfo>
      </Output>
    </UnitTestResult>
    <UnitTestResult executionId="a409f0c8-083c-42f6-8bbe-913f3cc74bf0" testId="c23aabcc-aa75-49fb-bbb8-2939f0916c6a" testName="Test7113" computerName="UA-LPT-OGA2" duration="00:00:00.0900000" startTime="2025-05-14T13:20:31.3146610Z" endTime="2025-05-14T13:25:31.3147553Z" testType="13cdc9d9-ddb5-4fa4-a97d-d965ccfc6d4b" outcome="Failed" testListId="49fe8623-bacf-4dff-9956-4e37bde4ae65">
      <Output>
        <ErrorInfo>
          <Message>Assertion failed: Expected value did not match actual value.</Message>
          <StackTrace>   at TestNamespace.TestClass.Test() in TestClass.cs:line 300</StackTrace>
        </ErrorInfo>
      </Output>
    </UnitTestResult>
    <UnitTestResult executionId="1872f1d2-45fb-41c1-a0d3-04fee1cb5cfb" testId="154b0dbb-a6bb-4149-9926-bb87aa0c61f6" testName="Test7114" computerName="UA-LPT-OGA2" duration="00:00:00.8910000" startTime="2025-05-14T13:20:31.3146610Z" endTime="2025-05-14T13:25:31.3147553Z" testType="13cdc9d9-ddb5-4fa4-a97d-d965ccfc6d4b" outcome="Failed" testListId="49fe8623-bacf-4dff-9956-4e37bde4ae65">
      <Output>
        <ErrorInfo>
          <Message>Assertion failed: Expected value did not match actual value.</Message>
          <StackTrace>   at TestNamespace.TestClass.Test() in TestClass.cs:line 466</StackTrace>
        </ErrorInfo>
      </Output>
    </UnitTestResult>
    <UnitTestResult executionId="fdabd3cf-1e78-403d-972a-ea6371610e8c" testId="f5bdd3b5-8361-4764-993c-97003c4708ad" testName="Test7115" computerName="UA-LPT-OGA2" duration="00:00:01.8680000" startTime="2025-05-14T13:20:31.3146610Z" endTime="2025-05-14T13:25:31.3147553Z" testType="13cdc9d9-ddb5-4fa4-a97d-d965ccfc6d4b" outcome="Passed" testListId="49fe8623-bacf-4dff-9956-4e37bde4ae65" />
    <UnitTestResult executionId="723a9a0a-a252-49ce-a7ef-3673cb680160" testId="778e6600-b850-498c-a72e-5068f19fb5b6" testName="Test7116" computerName="UA-LPT-OGA2" duration="00:00:00.2980000" startTime="2025-05-14T13:20:31.3146610Z" endTime="2025-05-14T13:25:31.3147553Z" testType="13cdc9d9-ddb5-4fa4-a97d-d965ccfc6d4b" outcome="Passed" testListId="49fe8623-bacf-4dff-9956-4e37bde4ae65" />
    <UnitTestResult executionId="208fcdbe-2c3c-41de-811f-2f0b1996e76d" testId="732f6678-704b-4dcc-af80-1ae862f3441a" testName="Test7117" computerName="UA-LPT-OGA2" duration="00:00:01.4070000" startTime="2025-05-14T13:20:31.3146610Z" endTime="2025-05-14T13:25:31.3147553Z" testType="13cdc9d9-ddb5-4fa4-a97d-d965ccfc6d4b" outcome="Passed" testListId="49fe8623-bacf-4dff-9956-4e37bde4ae65" />
    <UnitTestResult executionId="a28e0e71-29c4-4622-8663-b6d4b24489ad" testId="9c56a1c8-e67b-4811-ac9f-7ece72e962cf" testName="Test7118" computerName="UA-LPT-OGA2" duration="00:00:01.9690000" startTime="2025-05-14T13:20:31.3146610Z" endTime="2025-05-14T13:25:31.3147553Z" testType="13cdc9d9-ddb5-4fa4-a97d-d965ccfc6d4b" outcome="Passed" testListId="49fe8623-bacf-4dff-9956-4e37bde4ae65" />
    <UnitTestResult executionId="cc259de6-818a-49c4-affd-4494ebb212c0" testId="6266ce23-e631-4a42-a827-e806b2234565" testName="Test7119" computerName="UA-LPT-OGA2" duration="00:00:00.7230000" startTime="2025-05-14T13:20:31.3146610Z" endTime="2025-05-14T13:25:31.3147553Z" testType="13cdc9d9-ddb5-4fa4-a97d-d965ccfc6d4b" outcome="Passed" testListId="49fe8623-bacf-4dff-9956-4e37bde4ae65" />
    <UnitTestResult executionId="00c720cd-3102-4c54-afa3-22455bcee601" testId="12041b33-4c63-4c66-a9ec-9830e625da9f" testName="Test7120" computerName="UA-LPT-OGA2" duration="00:00:01.9500000" startTime="2025-05-14T13:20:31.3146610Z" endTime="2025-05-14T13:25:31.3147553Z" testType="13cdc9d9-ddb5-4fa4-a97d-d965ccfc6d4b" outcome="Passed" testListId="49fe8623-bacf-4dff-9956-4e37bde4ae65" />
    <UnitTestResult executionId="df13b57a-0628-4244-8433-287549010472" testId="569be840-badf-494a-bb5f-d70f8b7e36fa" testName="Test7121" computerName="UA-LPT-OGA2" duration="00:00:00.0740000" startTime="2025-05-14T13:20:31.3146610Z" endTime="2025-05-14T13:25:31.3147553Z" testType="13cdc9d9-ddb5-4fa4-a97d-d965ccfc6d4b" outcome="Passed" testListId="49fe8623-bacf-4dff-9956-4e37bde4ae65" />
    <UnitTestResult executionId="ad3f9c19-5004-4bf8-a9c9-ab73ea85a00c" testId="195a9f14-5c15-43ef-a2ce-7f5d956cf29a" testName="Test7122" computerName="UA-LPT-OGA2" duration="00:00:00.7020000" startTime="2025-05-14T13:20:31.3146610Z" endTime="2025-05-14T13:25:31.3147553Z" testType="13cdc9d9-ddb5-4fa4-a97d-d965ccfc6d4b" outcome="Passed" testListId="49fe8623-bacf-4dff-9956-4e37bde4ae65" />
    <UnitTestResult executionId="add8d4af-94c7-4d26-b427-c2796de0ff38" testId="be025638-2c9f-44bb-8bcc-7c839a8d3e45" testName="Test7123" computerName="UA-LPT-OGA2" duration="00:00:01.2910000" startTime="2025-05-14T13:20:31.3146610Z" endTime="2025-05-14T13:25:31.3147553Z" testType="13cdc9d9-ddb5-4fa4-a97d-d965ccfc6d4b" outcome="Passed" testListId="49fe8623-bacf-4dff-9956-4e37bde4ae65" />
    <UnitTestResult executionId="3d6ff6de-2bc7-4b3f-960e-848c020ff6bf" testId="a2294a84-41cc-4fba-b0c4-d0c4b5151175" testName="Test7124" computerName="UA-LPT-OGA2" duration="00:00:00.8610000" startTime="2025-05-14T13:20:31.3146610Z" endTime="2025-05-14T13:25:31.3147553Z" testType="13cdc9d9-ddb5-4fa4-a97d-d965ccfc6d4b" outcome="Passed" testListId="49fe8623-bacf-4dff-9956-4e37bde4ae65" />
    <UnitTestResult executionId="9bea0eed-6560-49e2-aabb-80061f6091f9" testId="e6aef982-0cdb-4819-8c5b-17de89e03eac" testName="Test7125" computerName="UA-LPT-OGA2" duration="00:00:00.2950000" startTime="2025-05-14T13:20:31.3146610Z" endTime="2025-05-14T13:25:31.3147553Z" testType="13cdc9d9-ddb5-4fa4-a97d-d965ccfc6d4b" outcome="Passed" testListId="49fe8623-bacf-4dff-9956-4e37bde4ae65" />
    <UnitTestResult executionId="e1b8794e-6c7a-4532-ae09-73cbe003d82e" testId="3eb04ebc-9dfc-42c6-8dc3-977f80137f5a" testName="Test7126" computerName="UA-LPT-OGA2" duration="00:00:01.4100000" startTime="2025-05-14T13:20:31.3146610Z" endTime="2025-05-14T13:25:31.3147553Z" testType="13cdc9d9-ddb5-4fa4-a97d-d965ccfc6d4b" outcome="Passed" testListId="49fe8623-bacf-4dff-9956-4e37bde4ae65" />
    <UnitTestResult executionId="229c82ee-9415-4986-9e42-face5efd550c" testId="08f514ad-41bd-4010-929b-cf92241b42ab" testName="Test7127" computerName="UA-LPT-OGA2" duration="00:00:00.3030000" startTime="2025-05-14T13:20:31.3146610Z" endTime="2025-05-14T13:25:31.3147553Z" testType="13cdc9d9-ddb5-4fa4-a97d-d965ccfc6d4b" outcome="Passed" testListId="49fe8623-bacf-4dff-9956-4e37bde4ae65" />
    <UnitTestResult executionId="7f1c8500-5964-4ed7-a97c-0f937ca8ff2f" testId="61602ab0-c30a-416b-a33f-f01b87b0b2ac" testName="Test7128" computerName="UA-LPT-OGA2" duration="00:00:01.3840000" startTime="2025-05-14T13:20:31.3146610Z" endTime="2025-05-14T13:25:31.3147553Z" testType="13cdc9d9-ddb5-4fa4-a97d-d965ccfc6d4b" outcome="Passed" testListId="49fe8623-bacf-4dff-9956-4e37bde4ae65" />
    <UnitTestResult executionId="fa8fbf78-84b9-4cff-8d89-5606dcdad8b3" testId="9b8a840d-41a8-4ec9-9c40-03af5cf71e5a" testName="Test7129" computerName="UA-LPT-OGA2" duration="00:00:01.6410000" startTime="2025-05-14T13:20:31.3146610Z" endTime="2025-05-14T13:25:31.3147553Z" testType="13cdc9d9-ddb5-4fa4-a97d-d965ccfc6d4b" outcome="Inconclusive" testListId="49fe8623-bacf-4dff-9956-4e37bde4ae65" />
    <UnitTestResult executionId="f3764c36-85a8-4259-92b8-23a7f3870d02" testId="6c209f6e-0744-4711-9ef1-28d199896e06" testName="Test7130" computerName="UA-LPT-OGA2" duration="00:00:00.4570000" startTime="2025-05-14T13:20:31.3146610Z" endTime="2025-05-14T13:25:31.3147553Z" testType="13cdc9d9-ddb5-4fa4-a97d-d965ccfc6d4b" outcome="Passed" testListId="49fe8623-bacf-4dff-9956-4e37bde4ae65" />
    <UnitTestResult executionId="46881e23-877b-43ed-b8ad-d04e83d16b17" testId="f475431e-c6cb-4374-af10-59d226616485" testName="Test7131" computerName="UA-LPT-OGA2" duration="00:00:01.5400000" startTime="2025-05-14T13:20:31.3146610Z" endTime="2025-05-14T13:25:31.3147553Z" testType="13cdc9d9-ddb5-4fa4-a97d-d965ccfc6d4b" outcome="Passed" testListId="49fe8623-bacf-4dff-9956-4e37bde4ae65" />
    <UnitTestResult executionId="8cc1560d-1d14-4612-9475-6ff4cafc54a1" testId="c7303bb0-2b42-425e-8fe5-8a1907383422" testName="Test7132" computerName="UA-LPT-OGA2" duration="00:00:00.9930000" startTime="2025-05-14T13:20:31.3146610Z" endTime="2025-05-14T13:25:31.3147553Z" testType="13cdc9d9-ddb5-4fa4-a97d-d965ccfc6d4b" outcome="Passed" testListId="49fe8623-bacf-4dff-9956-4e37bde4ae65" />
    <UnitTestResult executionId="3ab2ec57-e1e3-46b2-8998-0d2c6640d262" testId="c2a74c8b-c251-4f95-9970-6099b69ebdf5" testName="Test7133" computerName="UA-LPT-OGA2" duration="00:00:01.3170000" startTime="2025-05-14T13:20:31.3146610Z" endTime="2025-05-14T13:25:31.3147553Z" testType="13cdc9d9-ddb5-4fa4-a97d-d965ccfc6d4b" outcome="Passed" testListId="49fe8623-bacf-4dff-9956-4e37bde4ae65" />
    <UnitTestResult executionId="2b1746ec-5e55-4722-9e4a-e19b557bd493" testId="c465e50b-9603-4610-b63a-d455be2c8bf4" testName="Test7134" computerName="UA-LPT-OGA2" duration="00:00:01.0060000" startTime="2025-05-14T13:20:31.3146610Z" endTime="2025-05-14T13:25:31.3147553Z" testType="13cdc9d9-ddb5-4fa4-a97d-d965ccfc6d4b" outcome="Passed" testListId="49fe8623-bacf-4dff-9956-4e37bde4ae65" />
    <UnitTestResult executionId="77ca2718-7703-4d23-9fca-23066cadef99" testId="314aa3a4-e212-476d-8a86-1bfc26fca591" testName="Test7135" computerName="UA-LPT-OGA2" duration="00:00:00.5410000" startTime="2025-05-14T13:20:31.3146610Z" endTime="2025-05-14T13:25:31.3147553Z" testType="13cdc9d9-ddb5-4fa4-a97d-d965ccfc6d4b" outcome="Inconclusive" testListId="49fe8623-bacf-4dff-9956-4e37bde4ae65" />
    <UnitTestResult executionId="818054e2-1ec4-4e06-9837-92dd4e0d92b5" testId="3d8a0883-2177-4d0c-94f1-1180daeb5b01" testName="Test7136" computerName="UA-LPT-OGA2" duration="00:00:00.4610000" startTime="2025-05-14T13:20:31.3146610Z" endTime="2025-05-14T13:25:31.3147553Z" testType="13cdc9d9-ddb5-4fa4-a97d-d965ccfc6d4b" outcome="Passed" testListId="49fe8623-bacf-4dff-9956-4e37bde4ae65" />
    <UnitTestResult executionId="525edef7-41b1-41ce-90a8-3f5c6d19f8e9" testId="6e47cb12-16ee-48a6-aeae-6548264a0432" testName="Test7137" computerName="UA-LPT-OGA2" duration="00:00:01.5750000" startTime="2025-05-14T13:20:31.3146610Z" endTime="2025-05-14T13:25:31.3147553Z" testType="13cdc9d9-ddb5-4fa4-a97d-d965ccfc6d4b" outcome="Passed" testListId="49fe8623-bacf-4dff-9956-4e37bde4ae65" />
    <UnitTestResult executionId="2720662e-e4c2-423d-94a2-1de7f083c458" testId="20ed2da4-a98c-41a3-a01e-da175667c584" testName="Test7138" computerName="UA-LPT-OGA2" duration="00:00:01.8390000" startTime="2025-05-14T13:20:31.3146610Z" endTime="2025-05-14T13:25:31.3147553Z" testType="13cdc9d9-ddb5-4fa4-a97d-d965ccfc6d4b" outcome="Failed" testListId="49fe8623-bacf-4dff-9956-4e37bde4ae65">
      <Output>
        <ErrorInfo>
          <Message>Assertion failed: Expected value did not match actual value.</Message>
          <StackTrace>   at TestNamespace.TestClass.Test() in TestClass.cs:line 497</StackTrace>
        </ErrorInfo>
      </Output>
    </UnitTestResult>
    <UnitTestResult executionId="16bf3c44-55e4-4db7-a3a0-47e1b53cd0e7" testId="9a08b19c-8d41-47cc-9ae1-3a9b63c8205e" testName="Test7139" computerName="UA-LPT-OGA2" duration="00:00:00.9430000" startTime="2025-05-14T13:20:31.3146610Z" endTime="2025-05-14T13:25:31.3147553Z" testType="13cdc9d9-ddb5-4fa4-a97d-d965ccfc6d4b" outcome="Passed" testListId="49fe8623-bacf-4dff-9956-4e37bde4ae65" />
    <UnitTestResult executionId="e0f42158-11f8-4f8b-b62e-53890c9f944f" testId="5bca099d-9684-4c36-b8c4-31f274772102" testName="Test7140" computerName="UA-LPT-OGA2" duration="00:00:01.4170000" startTime="2025-05-14T13:20:31.3146610Z" endTime="2025-05-14T13:25:31.3147553Z" testType="13cdc9d9-ddb5-4fa4-a97d-d965ccfc6d4b" outcome="Failed" testListId="49fe8623-bacf-4dff-9956-4e37bde4ae65">
      <Output>
        <ErrorInfo>
          <Message>Assertion failed: Expected value did not match actual value.</Message>
          <StackTrace>   at TestNamespace.TestClass.Test() in TestClass.cs:line 137</StackTrace>
        </ErrorInfo>
      </Output>
    </UnitTestResult>
    <UnitTestResult executionId="62aa4615-1ef2-440f-9167-273955d26864" testId="4e2c1e9c-61bf-4eb6-8422-363f3991b557" testName="Test7141" computerName="UA-LPT-OGA2" duration="00:00:01.2980000" startTime="2025-05-14T13:20:31.3146610Z" endTime="2025-05-14T13:25:31.3147553Z" testType="13cdc9d9-ddb5-4fa4-a97d-d965ccfc6d4b" outcome="Passed" testListId="49fe8623-bacf-4dff-9956-4e37bde4ae65" />
    <UnitTestResult executionId="3047a500-315f-424e-9e7f-423518e04471" testId="7d85bcae-3178-4944-aecd-0b4773a073b2" testName="Test7142" computerName="UA-LPT-OGA2" duration="00:00:00.7020000" startTime="2025-05-14T13:20:31.3146610Z" endTime="2025-05-14T13:25:31.3147553Z" testType="13cdc9d9-ddb5-4fa4-a97d-d965ccfc6d4b" outcome="Passed" testListId="49fe8623-bacf-4dff-9956-4e37bde4ae65" />
    <UnitTestResult executionId="69d4fa7e-e858-4927-ac81-0bf1e88747f3" testId="ae9d1bde-7031-47ab-9aff-580349bb5e25" testName="Test7143" computerName="UA-LPT-OGA2" duration="00:00:01.0040000" startTime="2025-05-14T13:20:31.3146610Z" endTime="2025-05-14T13:25:31.3147553Z" testType="13cdc9d9-ddb5-4fa4-a97d-d965ccfc6d4b" outcome="Passed" testListId="49fe8623-bacf-4dff-9956-4e37bde4ae65" />
    <UnitTestResult executionId="8f406825-8f16-44ba-a03f-f63891981070" testId="95575547-bb3b-4de9-9c88-45ef14a48046" testName="Test7144" computerName="UA-LPT-OGA2" duration="00:00:00.5390000" startTime="2025-05-14T13:20:31.3146610Z" endTime="2025-05-14T13:25:31.3147553Z" testType="13cdc9d9-ddb5-4fa4-a97d-d965ccfc6d4b" outcome="Passed" testListId="49fe8623-bacf-4dff-9956-4e37bde4ae65" />
    <UnitTestResult executionId="3df5219a-8117-4be4-b579-a99a13da7666" testId="60fb7395-72de-4b34-8d68-c2f575f2a0b5" testName="Test7145" computerName="UA-LPT-OGA2" duration="00:00:01.7110000" startTime="2025-05-14T13:20:31.3146610Z" endTime="2025-05-14T13:25:31.3147553Z" testType="13cdc9d9-ddb5-4fa4-a97d-d965ccfc6d4b" outcome="Passed" testListId="49fe8623-bacf-4dff-9956-4e37bde4ae65" />
    <UnitTestResult executionId="7bd48d69-fb3d-4ee8-864d-99c4fc17f275" testId="2bccc0f0-03dd-447d-9162-fbd4a68afbf0" testName="Test7146" computerName="UA-LPT-OGA2" duration="00:00:00.3660000" startTime="2025-05-14T13:20:31.3146610Z" endTime="2025-05-14T13:25:31.3147553Z" testType="13cdc9d9-ddb5-4fa4-a97d-d965ccfc6d4b" outcome="Passed" testListId="49fe8623-bacf-4dff-9956-4e37bde4ae65" />
    <UnitTestResult executionId="ad1baed4-3086-4e1e-b5b6-69b7ea74a4bc" testId="dcef426e-998f-4f2e-a780-4cd9eeb45d12" testName="Test7147" computerName="UA-LPT-OGA2" duration="00:00:00.4610000" startTime="2025-05-14T13:20:31.3146610Z" endTime="2025-05-14T13:25:31.3147553Z" testType="13cdc9d9-ddb5-4fa4-a97d-d965ccfc6d4b" outcome="Passed" testListId="49fe8623-bacf-4dff-9956-4e37bde4ae65" />
    <UnitTestResult executionId="7e2cc80d-efd0-4472-9180-a4e12ac48872" testId="6303bfec-0b14-466e-b576-9877617fe3a8" testName="Test7148" computerName="UA-LPT-OGA2" duration="00:00:00.8450000" startTime="2025-05-14T13:20:31.3146610Z" endTime="2025-05-14T13:25:31.3147553Z" testType="13cdc9d9-ddb5-4fa4-a97d-d965ccfc6d4b" outcome="Failed" testListId="49fe8623-bacf-4dff-9956-4e37bde4ae65">
      <Output>
        <ErrorInfo>
          <Message>Assertion failed: Expected value did not match actual value.</Message>
          <StackTrace>   at TestNamespace.TestClass.Test() in TestClass.cs:line 182</StackTrace>
        </ErrorInfo>
      </Output>
    </UnitTestResult>
    <UnitTestResult executionId="bb1de98e-b930-4713-b0fb-3c005490670b" testId="e2980bb7-b3bf-437a-86f1-1aacacc273f8" testName="Test7149" computerName="UA-LPT-OGA2" duration="00:00:00.8500000" startTime="2025-05-14T13:20:31.3146610Z" endTime="2025-05-14T13:25:31.3147553Z" testType="13cdc9d9-ddb5-4fa4-a97d-d965ccfc6d4b" outcome="Passed" testListId="49fe8623-bacf-4dff-9956-4e37bde4ae65" />
    <UnitTestResult executionId="e2fe7b88-1226-4569-8ee6-61be0bce88cc" testId="bb9ad836-a04e-42a8-9ed2-2cebff537816" testName="Test7150" computerName="UA-LPT-OGA2" duration="00:00:00.8440000" startTime="2025-05-14T13:20:31.3146610Z" endTime="2025-05-14T13:25:31.3147553Z" testType="13cdc9d9-ddb5-4fa4-a97d-d965ccfc6d4b" outcome="Passed" testListId="49fe8623-bacf-4dff-9956-4e37bde4ae65" />
    <UnitTestResult executionId="dfc458ee-0329-4635-a796-1f06314f827d" testId="6d14bf8e-d3df-480f-a98d-95ab50bb6eee" testName="Test7151" computerName="UA-LPT-OGA2" duration="00:00:00.7550000" startTime="2025-05-14T13:20:31.3146610Z" endTime="2025-05-14T13:25:31.3147553Z" testType="13cdc9d9-ddb5-4fa4-a97d-d965ccfc6d4b" outcome="Passed" testListId="49fe8623-bacf-4dff-9956-4e37bde4ae65" />
    <UnitTestResult executionId="6db85325-0087-46d7-b101-ac8f2f821798" testId="82065aae-3496-42ba-9288-7583ef3060fe" testName="Test7152" computerName="UA-LPT-OGA2" duration="00:00:00.9280000" startTime="2025-05-14T13:20:31.3146610Z" endTime="2025-05-14T13:25:31.3147553Z" testType="13cdc9d9-ddb5-4fa4-a97d-d965ccfc6d4b" outcome="Passed" testListId="49fe8623-bacf-4dff-9956-4e37bde4ae65" />
    <UnitTestResult executionId="56046158-afe0-40fd-880c-c46eadaeca16" testId="f6bbc64e-f777-4be5-8426-2fb5363142ad" testName="Test7153" computerName="UA-LPT-OGA2" duration="00:00:01.0880000" startTime="2025-05-14T13:20:31.3146610Z" endTime="2025-05-14T13:25:31.3147553Z" testType="13cdc9d9-ddb5-4fa4-a97d-d965ccfc6d4b" outcome="Passed" testListId="49fe8623-bacf-4dff-9956-4e37bde4ae65" />
    <UnitTestResult executionId="5a53cd87-b774-47fe-a647-309b2e24a4b3" testId="520ef4ca-8944-4745-bd6a-9eeca7ea2956" testName="Test7154" computerName="UA-LPT-OGA2" duration="00:00:01.9140000" startTime="2025-05-14T13:20:31.3146610Z" endTime="2025-05-14T13:25:31.3147553Z" testType="13cdc9d9-ddb5-4fa4-a97d-d965ccfc6d4b" outcome="Passed" testListId="49fe8623-bacf-4dff-9956-4e37bde4ae65" />
    <UnitTestResult executionId="293ba45a-dc8a-462f-a87d-2dfbf23bef2f" testId="f73827e6-6d14-4ada-a9af-ea6379902fbc" testName="Test7155" computerName="UA-LPT-OGA2" duration="00:00:00.0550000" startTime="2025-05-14T13:20:31.3146610Z" endTime="2025-05-14T13:25:31.3147553Z" testType="13cdc9d9-ddb5-4fa4-a97d-d965ccfc6d4b" outcome="Passed" testListId="49fe8623-bacf-4dff-9956-4e37bde4ae65" />
    <UnitTestResult executionId="eb1e275a-fc12-430a-8275-196753a24a02" testId="6f436a69-2c79-4115-b56a-c97a6d1666cb" testName="Test7156" computerName="UA-LPT-OGA2" duration="00:00:01.2740000" startTime="2025-05-14T13:20:31.3146610Z" endTime="2025-05-14T13:25:31.3147553Z" testType="13cdc9d9-ddb5-4fa4-a97d-d965ccfc6d4b" outcome="Passed" testListId="49fe8623-bacf-4dff-9956-4e37bde4ae65" />
    <UnitTestResult executionId="68b4fcbe-9801-4779-8644-bf8f77058afd" testId="840bda08-2f2c-4c76-9756-c60d066621fe" testName="Test7157" computerName="UA-LPT-OGA2" duration="00:00:01.7880000" startTime="2025-05-14T13:20:31.3146610Z" endTime="2025-05-14T13:25:31.3147553Z" testType="13cdc9d9-ddb5-4fa4-a97d-d965ccfc6d4b" outcome="Passed" testListId="49fe8623-bacf-4dff-9956-4e37bde4ae65" />
    <UnitTestResult executionId="63eab10f-c89f-4339-9933-22d6c83a4e23" testId="dd55bdda-64d3-495c-a172-a9520452d00f" testName="Test7158" computerName="UA-LPT-OGA2" duration="00:00:00.7470000" startTime="2025-05-14T13:20:31.3146610Z" endTime="2025-05-14T13:25:31.3147553Z" testType="13cdc9d9-ddb5-4fa4-a97d-d965ccfc6d4b" outcome="Passed" testListId="49fe8623-bacf-4dff-9956-4e37bde4ae65" />
    <UnitTestResult executionId="368283a3-3b3d-4812-8896-5e120e286b5a" testId="a2b3814f-34c8-4bd2-b904-997b9b715205" testName="Test7159" computerName="UA-LPT-OGA2" duration="00:00:00.4560000" startTime="2025-05-14T13:20:31.3146610Z" endTime="2025-05-14T13:25:31.3147553Z" testType="13cdc9d9-ddb5-4fa4-a97d-d965ccfc6d4b" outcome="Passed" testListId="49fe8623-bacf-4dff-9956-4e37bde4ae65" />
    <UnitTestResult executionId="2d4361d6-0188-4b1c-8971-9ad671d89e80" testId="e24f201b-173c-4b7b-a3f2-f351a00c8eb7" testName="Test7160" computerName="UA-LPT-OGA2" duration="00:00:01.9430000" startTime="2025-05-14T13:20:31.3146610Z" endTime="2025-05-14T13:25:31.3147553Z" testType="13cdc9d9-ddb5-4fa4-a97d-d965ccfc6d4b" outcome="Passed" testListId="49fe8623-bacf-4dff-9956-4e37bde4ae65" />
    <UnitTestResult executionId="e0d76e0a-7be7-4f24-aa78-5d377b607b3c" testId="48d91ef2-7184-48ac-a9e2-90eb4c97bc5a" testName="Test7161" computerName="UA-LPT-OGA2" duration="00:00:01.8810000" startTime="2025-05-14T13:20:31.3146610Z" endTime="2025-05-14T13:25:31.3147553Z" testType="13cdc9d9-ddb5-4fa4-a97d-d965ccfc6d4b" outcome="Passed" testListId="49fe8623-bacf-4dff-9956-4e37bde4ae65" />
    <UnitTestResult executionId="d7de5f62-d75d-476a-8253-67b052950d0f" testId="ff9e4a45-5841-4379-8f60-64f8e03da40b" testName="Test7162" computerName="UA-LPT-OGA2" duration="00:00:01.2940000" startTime="2025-05-14T13:20:31.3146610Z" endTime="2025-05-14T13:25:31.3147553Z" testType="13cdc9d9-ddb5-4fa4-a97d-d965ccfc6d4b" outcome="Passed" testListId="49fe8623-bacf-4dff-9956-4e37bde4ae65" />
    <UnitTestResult executionId="b9acca55-7ba7-4072-a262-d07f7cdf81f9" testId="a982b797-df23-4b4e-b37f-70aba836b439" testName="Test7163" computerName="UA-LPT-OGA2" duration="00:00:00.2110000" startTime="2025-05-14T13:20:31.3146610Z" endTime="2025-05-14T13:25:31.3147553Z" testType="13cdc9d9-ddb5-4fa4-a97d-d965ccfc6d4b" outcome="Failed" testListId="49fe8623-bacf-4dff-9956-4e37bde4ae65">
      <Output>
        <ErrorInfo>
          <Message>Assertion failed: Expected value did not match actual value.</Message>
          <StackTrace>   at TestNamespace.TestClass.Test() in TestClass.cs:line 11</StackTrace>
        </ErrorInfo>
      </Output>
    </UnitTestResult>
    <UnitTestResult executionId="0b02483e-90a0-48ff-84cc-18c10478b811" testId="01e6061f-c1eb-4654-b0a4-8ab910b62ac9" testName="Test7164" computerName="UA-LPT-OGA2" duration="00:00:00.3260000" startTime="2025-05-14T13:20:31.3146610Z" endTime="2025-05-14T13:25:31.3147553Z" testType="13cdc9d9-ddb5-4fa4-a97d-d965ccfc6d4b" outcome="Passed" testListId="49fe8623-bacf-4dff-9956-4e37bde4ae65" />
    <UnitTestResult executionId="0e3d41a4-da5e-4771-aecb-feb462bb007f" testId="8721a8fe-e20f-4e7a-bd41-fab5836ce7e1" testName="Test7165" computerName="UA-LPT-OGA2" duration="00:00:01.8090000" startTime="2025-05-14T13:20:31.3146610Z" endTime="2025-05-14T13:25:31.3147553Z" testType="13cdc9d9-ddb5-4fa4-a97d-d965ccfc6d4b" outcome="Passed" testListId="49fe8623-bacf-4dff-9956-4e37bde4ae65" />
    <UnitTestResult executionId="09c70e35-7d93-403e-af96-e81daa9b0045" testId="3da7dc36-6fb1-4d2d-bd31-31a8ef5db6ac" testName="Test7166" computerName="UA-LPT-OGA2" duration="00:00:01.0360000" startTime="2025-05-14T13:20:31.3146610Z" endTime="2025-05-14T13:25:31.3147553Z" testType="13cdc9d9-ddb5-4fa4-a97d-d965ccfc6d4b" outcome="Passed" testListId="49fe8623-bacf-4dff-9956-4e37bde4ae65" />
    <UnitTestResult executionId="124c9102-e53f-48c8-b177-f883dd610866" testId="b71148ba-ca72-495d-96d3-940756c3765c" testName="Test7167" computerName="UA-LPT-OGA2" duration="00:00:00.3350000" startTime="2025-05-14T13:20:31.3146610Z" endTime="2025-05-14T13:25:31.3147553Z" testType="13cdc9d9-ddb5-4fa4-a97d-d965ccfc6d4b" outcome="Passed" testListId="49fe8623-bacf-4dff-9956-4e37bde4ae65" />
    <UnitTestResult executionId="7aaa7c37-4298-4328-9ff8-4d9e4d0fbe13" testId="de1f39e7-d71a-4d8e-a1e0-e32a6d1c7ef8" testName="Test7168" computerName="UA-LPT-OGA2" duration="00:00:01.2960000" startTime="2025-05-14T13:20:31.3146610Z" endTime="2025-05-14T13:25:31.3147553Z" testType="13cdc9d9-ddb5-4fa4-a97d-d965ccfc6d4b" outcome="Passed" testListId="49fe8623-bacf-4dff-9956-4e37bde4ae65" />
    <UnitTestResult executionId="412275cb-ca7e-4a44-9465-bc8555f31967" testId="2bc206a9-7c99-41e9-80ba-b66ee2a6582d" testName="Test7169" computerName="UA-LPT-OGA2" duration="00:00:01.4710000" startTime="2025-05-14T13:20:31.3146610Z" endTime="2025-05-14T13:25:31.3147553Z" testType="13cdc9d9-ddb5-4fa4-a97d-d965ccfc6d4b" outcome="Failed" testListId="49fe8623-bacf-4dff-9956-4e37bde4ae65">
      <Output>
        <ErrorInfo>
          <Message>Assertion failed: Expected value did not match actual value.</Message>
          <StackTrace>   at TestNamespace.TestClass.Test() in TestClass.cs:line 308</StackTrace>
        </ErrorInfo>
      </Output>
    </UnitTestResult>
    <UnitTestResult executionId="36399a6d-9af8-4a78-b30f-4ecb9d718c92" testId="991cef0c-fde1-4e2f-aada-e198ad86f027" testName="Test7170" computerName="UA-LPT-OGA2" duration="00:00:01.6610000" startTime="2025-05-14T13:20:31.3146610Z" endTime="2025-05-14T13:25:31.3147553Z" testType="13cdc9d9-ddb5-4fa4-a97d-d965ccfc6d4b" outcome="Failed" testListId="49fe8623-bacf-4dff-9956-4e37bde4ae65">
      <Output>
        <ErrorInfo>
          <Message>Assertion failed: Expected value did not match actual value.</Message>
          <StackTrace>   at TestNamespace.TestClass.Test() in TestClass.cs:line 271</StackTrace>
        </ErrorInfo>
      </Output>
    </UnitTestResult>
    <UnitTestResult executionId="c98fe291-f701-43a6-8d26-fa716608e901" testId="c931b938-52fd-4697-aa0c-67bf4bcbcc7c" testName="Test7171" computerName="UA-LPT-OGA2" duration="00:00:00.3710000" startTime="2025-05-14T13:20:31.3146610Z" endTime="2025-05-14T13:25:31.3147553Z" testType="13cdc9d9-ddb5-4fa4-a97d-d965ccfc6d4b" outcome="Passed" testListId="49fe8623-bacf-4dff-9956-4e37bde4ae65" />
    <UnitTestResult executionId="0deb3d76-5a17-4c70-80e1-95f403f7551c" testId="e034c196-c533-489f-ba9c-fc368dfc73c9" testName="Test7172" computerName="UA-LPT-OGA2" duration="00:00:00.0700000" startTime="2025-05-14T13:20:31.3146610Z" endTime="2025-05-14T13:25:31.3147553Z" testType="13cdc9d9-ddb5-4fa4-a97d-d965ccfc6d4b" outcome="Passed" testListId="49fe8623-bacf-4dff-9956-4e37bde4ae65" />
    <UnitTestResult executionId="2fd9736b-1283-42f1-b96a-6c3b1ba84688" testId="16f2d3da-40dc-4c85-b3c3-4430ee5ab0cf" testName="Test7173" computerName="UA-LPT-OGA2" duration="00:00:01.6950000" startTime="2025-05-14T13:20:31.3146610Z" endTime="2025-05-14T13:25:31.3147553Z" testType="13cdc9d9-ddb5-4fa4-a97d-d965ccfc6d4b" outcome="Passed" testListId="49fe8623-bacf-4dff-9956-4e37bde4ae65" />
    <UnitTestResult executionId="5ecd35ae-7634-4347-abb7-d1dc47e6340b" testId="2b9da337-cca6-4c31-8caf-c4def91e13dd" testName="Test7174" computerName="UA-LPT-OGA2" duration="00:00:00.6630000" startTime="2025-05-14T13:20:31.3146610Z" endTime="2025-05-14T13:25:31.3147553Z" testType="13cdc9d9-ddb5-4fa4-a97d-d965ccfc6d4b" outcome="Passed" testListId="49fe8623-bacf-4dff-9956-4e37bde4ae65" />
    <UnitTestResult executionId="29790551-fb84-486c-9ba3-17f42394047a" testId="31507532-27a3-4ab9-989b-15c638d9f40f" testName="Test7175" computerName="UA-LPT-OGA2" duration="00:00:01.5610000" startTime="2025-05-14T13:20:31.3146610Z" endTime="2025-05-14T13:25:31.3147553Z" testType="13cdc9d9-ddb5-4fa4-a97d-d965ccfc6d4b" outcome="Passed" testListId="49fe8623-bacf-4dff-9956-4e37bde4ae65" />
    <UnitTestResult executionId="7c54aa33-6ea9-4b8d-ac2e-8c70eaedca9e" testId="2b886d68-2fd5-479d-ada7-b07636ae4f15" testName="Test7176" computerName="UA-LPT-OGA2" duration="00:00:00.4980000" startTime="2025-05-14T13:20:31.3146610Z" endTime="2025-05-14T13:25:31.3147553Z" testType="13cdc9d9-ddb5-4fa4-a97d-d965ccfc6d4b" outcome="Passed" testListId="49fe8623-bacf-4dff-9956-4e37bde4ae65" />
    <UnitTestResult executionId="4f4847e6-20c9-4731-8495-ef26cf91632f" testId="a88116e5-0547-48c9-bf75-37efcc9a7532" testName="Test7177" computerName="UA-LPT-OGA2" duration="00:00:01.9380000" startTime="2025-05-14T13:20:31.3146610Z" endTime="2025-05-14T13:25:31.3147553Z" testType="13cdc9d9-ddb5-4fa4-a97d-d965ccfc6d4b" outcome="Passed" testListId="49fe8623-bacf-4dff-9956-4e37bde4ae65" />
    <UnitTestResult executionId="9721a7ea-b94d-4299-8748-6cac7872210c" testId="5ae9f581-a6e8-4cd6-8ef9-6e2ee0441b2f" testName="Test7178" computerName="UA-LPT-OGA2" duration="00:00:00.9250000" startTime="2025-05-14T13:20:31.3146610Z" endTime="2025-05-14T13:25:31.3147553Z" testType="13cdc9d9-ddb5-4fa4-a97d-d965ccfc6d4b" outcome="Failed" testListId="49fe8623-bacf-4dff-9956-4e37bde4ae65">
      <Output>
        <ErrorInfo>
          <Message>Assertion failed: Expected value did not match actual value.</Message>
          <StackTrace>   at TestNamespace.TestClass.Test() in TestClass.cs:line 214</StackTrace>
        </ErrorInfo>
      </Output>
    </UnitTestResult>
    <UnitTestResult executionId="8a20c47a-3f13-4ac9-9409-4701474eaa01" testId="c850ed3a-65cb-4c35-94c3-ef257208e753" testName="Test7179" computerName="UA-LPT-OGA2" duration="00:00:00.7880000" startTime="2025-05-14T13:20:31.3146610Z" endTime="2025-05-14T13:25:31.3147553Z" testType="13cdc9d9-ddb5-4fa4-a97d-d965ccfc6d4b" outcome="Passed" testListId="49fe8623-bacf-4dff-9956-4e37bde4ae65" />
    <UnitTestResult executionId="2b77a75f-4354-4d2e-bbdd-c3b173307d03" testId="15a2853b-0de1-4e24-8d0b-151b29a14fa8" testName="Test7180" computerName="UA-LPT-OGA2" duration="00:00:01.0120000" startTime="2025-05-14T13:20:31.3146610Z" endTime="2025-05-14T13:25:31.3147553Z" testType="13cdc9d9-ddb5-4fa4-a97d-d965ccfc6d4b" outcome="Inconclusive" testListId="49fe8623-bacf-4dff-9956-4e37bde4ae65" />
    <UnitTestResult executionId="9301fc96-ee22-4769-8247-45911cdb3cce" testId="e58bcc91-33e4-4016-97d4-0f1013e18953" testName="Test7181" computerName="UA-LPT-OGA2" duration="00:00:00.0810000" startTime="2025-05-14T13:20:31.3146610Z" endTime="2025-05-14T13:25:31.3147553Z" testType="13cdc9d9-ddb5-4fa4-a97d-d965ccfc6d4b" outcome="Passed" testListId="49fe8623-bacf-4dff-9956-4e37bde4ae65" />
    <UnitTestResult executionId="fc62c414-6bd5-4b8d-830b-d1a87ee0a2fe" testId="387ab589-233a-434e-8f78-8b2d12511d42" testName="Test7182" computerName="UA-LPT-OGA2" duration="00:00:01.1040000" startTime="2025-05-14T13:20:31.3146610Z" endTime="2025-05-14T13:25:31.3147553Z" testType="13cdc9d9-ddb5-4fa4-a97d-d965ccfc6d4b" outcome="Passed" testListId="49fe8623-bacf-4dff-9956-4e37bde4ae65" />
    <UnitTestResult executionId="0242cb6f-f230-417c-81e5-6eaa79173d3c" testId="5918f814-3480-40ed-ac76-44476750d091" testName="Test7183" computerName="UA-LPT-OGA2" duration="00:00:00.1080000" startTime="2025-05-14T13:20:31.3146610Z" endTime="2025-05-14T13:25:31.3147553Z" testType="13cdc9d9-ddb5-4fa4-a97d-d965ccfc6d4b" outcome="Passed" testListId="49fe8623-bacf-4dff-9956-4e37bde4ae65" />
    <UnitTestResult executionId="079b5dbb-a0e1-4480-9af1-7276efb7068a" testId="513d312f-a950-4b2d-968e-d0d8174d2eca" testName="Test7184" computerName="UA-LPT-OGA2" duration="00:00:01.9500000" startTime="2025-05-14T13:20:31.3146610Z" endTime="2025-05-14T13:25:31.3147553Z" testType="13cdc9d9-ddb5-4fa4-a97d-d965ccfc6d4b" outcome="Passed" testListId="49fe8623-bacf-4dff-9956-4e37bde4ae65" />
    <UnitTestResult executionId="e10a6725-d68a-4ccf-adbb-805fe4246f5e" testId="a4002249-c924-4aef-84b6-8274e42d32aa" testName="Test7185" computerName="UA-LPT-OGA2" duration="00:00:01.9660000" startTime="2025-05-14T13:20:31.3146610Z" endTime="2025-05-14T13:25:31.3147553Z" testType="13cdc9d9-ddb5-4fa4-a97d-d965ccfc6d4b" outcome="Passed" testListId="49fe8623-bacf-4dff-9956-4e37bde4ae65" />
    <UnitTestResult executionId="d5c3e314-3e11-4476-ab54-9ca4dde29b8b" testId="6078a93b-66bf-4d64-92fb-3c3b23e24f85" testName="Test7186" computerName="UA-LPT-OGA2" duration="00:00:01.1540000" startTime="2025-05-14T13:20:31.3146610Z" endTime="2025-05-14T13:25:31.3147553Z" testType="13cdc9d9-ddb5-4fa4-a97d-d965ccfc6d4b" outcome="Passed" testListId="49fe8623-bacf-4dff-9956-4e37bde4ae65" />
    <UnitTestResult executionId="8546aac2-9044-464f-948f-5970a547772c" testId="0b2b4229-bcf6-4cce-9ac0-b6e0549b3537" testName="Test7187" computerName="UA-LPT-OGA2" duration="00:00:00.2360000" startTime="2025-05-14T13:20:31.3146610Z" endTime="2025-05-14T13:25:31.3147553Z" testType="13cdc9d9-ddb5-4fa4-a97d-d965ccfc6d4b" outcome="Passed" testListId="49fe8623-bacf-4dff-9956-4e37bde4ae65" />
    <UnitTestResult executionId="40576065-f73f-4e69-9ab2-0ee2f2eee12e" testId="2cc64318-9643-4c12-9e2a-ba6bf54f269c" testName="Test7188" computerName="UA-LPT-OGA2" duration="00:00:01.9180000" startTime="2025-05-14T13:20:31.3146610Z" endTime="2025-05-14T13:25:31.3147553Z" testType="13cdc9d9-ddb5-4fa4-a97d-d965ccfc6d4b" outcome="Passed" testListId="49fe8623-bacf-4dff-9956-4e37bde4ae65" />
    <UnitTestResult executionId="248dba6e-5ed0-4d20-891a-d1cce1b77e1e" testId="83d4c79b-d788-4de7-9903-0d384aefa75c" testName="Test7189" computerName="UA-LPT-OGA2" duration="00:00:00.5320000" startTime="2025-05-14T13:20:31.3146610Z" endTime="2025-05-14T13:25:31.3147553Z" testType="13cdc9d9-ddb5-4fa4-a97d-d965ccfc6d4b" outcome="Passed" testListId="49fe8623-bacf-4dff-9956-4e37bde4ae65" />
    <UnitTestResult executionId="dfaa748a-0353-44aa-9056-efe71768b188" testId="c60af1ee-0cc3-476b-8431-1e1175a7bb95" testName="Test7190" computerName="UA-LPT-OGA2" duration="00:00:01.7670000" startTime="2025-05-14T13:20:31.3146610Z" endTime="2025-05-14T13:25:31.3147553Z" testType="13cdc9d9-ddb5-4fa4-a97d-d965ccfc6d4b" outcome="Passed" testListId="49fe8623-bacf-4dff-9956-4e37bde4ae65" />
    <UnitTestResult executionId="ac441996-7a01-43c4-a08e-18ac04d1a91c" testId="d8be7f7a-2e6e-4056-bc50-89feae1fa137" testName="Test7191" computerName="UA-LPT-OGA2" duration="00:00:01.4780000" startTime="2025-05-14T13:20:31.3146610Z" endTime="2025-05-14T13:25:31.3147553Z" testType="13cdc9d9-ddb5-4fa4-a97d-d965ccfc6d4b" outcome="Passed" testListId="49fe8623-bacf-4dff-9956-4e37bde4ae65" />
    <UnitTestResult executionId="38c2a4c4-caa8-4e0c-8e0a-247067511a50" testId="af08ec43-d3fc-4029-88de-d1303d69c1e8" testName="Test7192" computerName="UA-LPT-OGA2" duration="00:00:01.9650000" startTime="2025-05-14T13:20:31.3146610Z" endTime="2025-05-14T13:25:31.3147553Z" testType="13cdc9d9-ddb5-4fa4-a97d-d965ccfc6d4b" outcome="Passed" testListId="49fe8623-bacf-4dff-9956-4e37bde4ae65" />
    <UnitTestResult executionId="fbdd6577-b802-47f4-8f31-5f9104ea0a76" testId="5621698d-3af0-4635-8323-9fdc1a5e9898" testName="Test7193" computerName="UA-LPT-OGA2" duration="00:00:00.2330000" startTime="2025-05-14T13:20:31.3146610Z" endTime="2025-05-14T13:25:31.3147553Z" testType="13cdc9d9-ddb5-4fa4-a97d-d965ccfc6d4b" outcome="Passed" testListId="49fe8623-bacf-4dff-9956-4e37bde4ae65" />
    <UnitTestResult executionId="173b2def-6e1a-45ea-8433-e4a9a550c72a" testId="e8ea9ff1-7220-4da1-b807-7f6f0548f5e9" testName="Test7194" computerName="UA-LPT-OGA2" duration="00:00:01.8720000" startTime="2025-05-14T13:20:31.3146610Z" endTime="2025-05-14T13:25:31.3147553Z" testType="13cdc9d9-ddb5-4fa4-a97d-d965ccfc6d4b" outcome="Failed" testListId="49fe8623-bacf-4dff-9956-4e37bde4ae65">
      <Output>
        <ErrorInfo>
          <Message>Assertion failed: Expected value did not match actual value.</Message>
          <StackTrace>   at TestNamespace.TestClass.Test() in TestClass.cs:line 241</StackTrace>
        </ErrorInfo>
      </Output>
    </UnitTestResult>
    <UnitTestResult executionId="79b14be1-9ac5-4553-bb4c-f55287214e11" testId="0562f345-14c6-4941-ae64-4dea3a30d49f" testName="Test7195" computerName="UA-LPT-OGA2" duration="00:00:01.5090000" startTime="2025-05-14T13:20:31.3146610Z" endTime="2025-05-14T13:25:31.3147553Z" testType="13cdc9d9-ddb5-4fa4-a97d-d965ccfc6d4b" outcome="Passed" testListId="49fe8623-bacf-4dff-9956-4e37bde4ae65" />
    <UnitTestResult executionId="5459ee1b-d45c-4c9e-acd5-63cd8ac09f3b" testId="02b5e09a-8413-4082-b27c-cc408f2da32e" testName="Test7196" computerName="UA-LPT-OGA2" duration="00:00:00.2460000" startTime="2025-05-14T13:20:31.3146610Z" endTime="2025-05-14T13:25:31.3147553Z" testType="13cdc9d9-ddb5-4fa4-a97d-d965ccfc6d4b" outcome="Passed" testListId="49fe8623-bacf-4dff-9956-4e37bde4ae65" />
    <UnitTestResult executionId="0dfda35c-2737-4e7a-889e-55947905d15a" testId="087ac95e-5468-4b03-988e-67af40036aff" testName="Test7197" computerName="UA-LPT-OGA2" duration="00:00:00.6830000" startTime="2025-05-14T13:20:31.3146610Z" endTime="2025-05-14T13:25:31.3147553Z" testType="13cdc9d9-ddb5-4fa4-a97d-d965ccfc6d4b" outcome="Passed" testListId="49fe8623-bacf-4dff-9956-4e37bde4ae65" />
    <UnitTestResult executionId="b93b1e23-573a-422d-b37a-4021430e8c5e" testId="5c5db3ac-40c4-4728-9eda-c8f046977d8b" testName="Test7198" computerName="UA-LPT-OGA2" duration="00:00:00.3440000" startTime="2025-05-14T13:20:31.3146610Z" endTime="2025-05-14T13:25:31.3147553Z" testType="13cdc9d9-ddb5-4fa4-a97d-d965ccfc6d4b" outcome="Passed" testListId="49fe8623-bacf-4dff-9956-4e37bde4ae65" />
    <UnitTestResult executionId="9041ec46-953b-487c-bf3a-5a16bbd5b31a" testId="93b21031-f2d8-4311-876c-b80517a18ac0" testName="Test7199" computerName="UA-LPT-OGA2" duration="00:00:00.5940000" startTime="2025-05-14T13:20:31.3146610Z" endTime="2025-05-14T13:25:31.3147553Z" testType="13cdc9d9-ddb5-4fa4-a97d-d965ccfc6d4b" outcome="Passed" testListId="49fe8623-bacf-4dff-9956-4e37bde4ae65" />
    <UnitTestResult executionId="3d91c67c-c02f-42bd-bc29-242ff8be7317" testId="1b4bc555-69b4-4675-8888-3f8d7fdb37a9" testName="Test7200" computerName="UA-LPT-OGA2" duration="00:00:00.7540000" startTime="2025-05-14T13:20:31.3146610Z" endTime="2025-05-14T13:25:31.3147553Z" testType="13cdc9d9-ddb5-4fa4-a97d-d965ccfc6d4b" outcome="Passed" testListId="49fe8623-bacf-4dff-9956-4e37bde4ae65" />
  </Results>
  <TestDefinitions>
    <UnitTest name="Test7101" id="97acd205-b9b8-4c04-b948-e3ed9ef40132" storage="TestAssembly.dll">
      <Execution id="dc6461ea-7a14-4222-9fd8-6b1630b599bb" />
      <TestMethod codeBase="TestAssembly.dll" className="TestNamespace.TestClass1" name="Test7101" />
    </UnitTest>
    <UnitTest name="Test7102" id="d7617c89-a023-403f-9b63-8f21350d54bf" storage="TestAssembly.dll">
      <Execution id="7082bf00-1311-4314-b013-2c0befd3b975" />
      <TestMethod codeBase="TestAssembly.dll" className="TestNamespace.TestClass1" name="Test7102" />
    </UnitTest>
    <UnitTest name="Test7103" id="85a2abf0-1e0b-4016-b827-191cf4b4756c" storage="TestAssembly.dll">
      <Execution id="ca73213f-f500-4491-af85-e01137510bf1" />
      <TestMethod codeBase="TestAssembly.dll" className="TestNamespace.TestClass1" name="Test7103" />
    </UnitTest>
    <UnitTest name="Test7104" id="50317cf1-58b9-4744-817c-ce38b142cdbb" storage="TestAssembly.dll">
      <Execution id="dcd8cfbd-ccf8-4cde-bd08-eddf855d8939" />
      <TestMethod codeBase="TestAssembly.dll" className="TestNamespace.TestClass1" name="Test7104" />
    </UnitTest>
    <UnitTest name="Test7105" id="abf740b8-b3d1-4d1a-a85f-aef4d8fabd76" storage="TestAssembly.dll">
      <Execution id="c4d6c59a-eebd-4b43-89fe-ec639e718397" />
      <TestMethod codeBase="TestAssembly.dll" className="TestNamespace.TestClass1" name="Test7105" />
    </UnitTest>
    <UnitTest name="Test7106" id="0a0a9055-69b4-4869-93ea-b702a5d0d659" storage="TestAssembly.dll">
      <Execution id="2277176b-ca74-4eca-8251-49d61784206c" />
      <TestMethod codeBase="TestAssembly.dll" className="TestNamespace.TestClass1" name="Test7106" />
    </UnitTest>
    <UnitTest name="Test7107" id="bfedeeb4-9b1f-4171-801c-df522e0ee5b0" storage="TestAssembly.dll">
      <Execution id="5864fffa-3475-4387-a1ce-77ac739eb58f" />
      <TestMethod codeBase="TestAssembly.dll" className="TestNamespace.TestClass1" name="Test7107" />
    </UnitTest>
    <UnitTest name="Test7108" id="b0c71920-b618-436b-982d-5cc4527caf3b" storage="TestAssembly.dll">
      <Execution id="01fffd05-24a8-4627-9589-9539947480f1" />
      <TestMethod codeBase="TestAssembly.dll" className="TestNamespace.TestClass1" name="Test7108" />
    </UnitTest>
    <UnitTest name="Test7109" id="e2d0ad70-daf6-4bf6-828f-48ed83340fdc" storage="TestAssembly.dll">
      <Execution id="b883afd9-02ef-43cf-b0aa-3f182d491a8c" />
      <TestMethod codeBase="TestAssembly.dll" className="TestNamespace.TestClass1" name="Test7109" />
    </UnitTest>
    <UnitTest name="Test7110" id="a277d15e-f6bb-4be0-82b8-e1cbfd0c1388" storage="TestAssembly.dll">
      <Execution id="3c510636-fbec-4c61-9290-f5f52140825a" />
      <TestMethod codeBase="TestAssembly.dll" className="TestNamespace.TestClass1" name="Test7110" />
    </UnitTest>
    <UnitTest name="Test7111" id="5dea622c-8d0f-44cb-a5a6-76a846dc44ce" storage="TestAssembly.dll">
      <Execution id="c8ece623-44bc-4643-85b8-edfa12f8c023" />
      <TestMethod codeBase="TestAssembly.dll" className="TestNamespace.TestClass2" name="Test7111" />
    </UnitTest>
    <UnitTest name="Test7112" id="6cd7df75-45ba-4c83-8645-2457b03184db" storage="TestAssembly.dll">
      <Execution id="7f9fa51e-38e4-444d-8344-bcbc6c3bbb6b" />
      <TestMethod codeBase="TestAssembly.dll" className="TestNamespace.TestClass2" name="Test7112" />
    </UnitTest>
    <UnitTest name="Test7113" id="c23aabcc-aa75-49fb-bbb8-2939f0916c6a" storage="TestAssembly.dll">
      <Execution id="a409f0c8-083c-42f6-8bbe-913f3cc74bf0" />
      <TestMethod codeBase="TestAssembly.dll" className="TestNamespace.TestClass2" name="Test7113" />
    </UnitTest>
    <UnitTest name="Test7114" id="154b0dbb-a6bb-4149-9926-bb87aa0c61f6" storage="TestAssembly.dll">
      <Execution id="1872f1d2-45fb-41c1-a0d3-04fee1cb5cfb" />
      <TestMethod codeBase="TestAssembly.dll" className="TestNamespace.TestClass2" name="Test7114" />
    </UnitTest>
    <UnitTest name="Test7115" id="f5bdd3b5-8361-4764-993c-97003c4708ad" storage="TestAssembly.dll">
      <Execution id="fdabd3cf-1e78-403d-972a-ea6371610e8c" />
      <TestMethod codeBase="TestAssembly.dll" className="TestNamespace.TestClass2" name="Test7115" />
    </UnitTest>
    <UnitTest name="Test7116" id="778e6600-b850-498c-a72e-5068f19fb5b6" storage="TestAssembly.dll">
      <Execution id="723a9a0a-a252-49ce-a7ef-3673cb680160" />
      <TestMethod codeBase="TestAssembly.dll" className="TestNamespace.TestClass2" name="Test7116" />
    </UnitTest>
    <UnitTest name="Test7117" id="732f6678-704b-4dcc-af80-1ae862f3441a" storage="TestAssembly.dll">
      <Execution id="208fcdbe-2c3c-41de-811f-2f0b1996e76d" />
      <TestMethod codeBase="TestAssembly.dll" className="TestNamespace.TestClass2" name="Test7117" />
    </UnitTest>
    <UnitTest name="Test7118" id="9c56a1c8-e67b-4811-ac9f-7ece72e962cf" storage="TestAssembly.dll">
      <Execution id="a28e0e71-29c4-4622-8663-b6d4b24489ad" />
      <TestMethod codeBase="TestAssembly.dll" className="TestNamespace.TestClass2" name="Test7118" />
    </UnitTest>
    <UnitTest name="Test7119" id="6266ce23-e631-4a42-a827-e806b2234565" storage="TestAssembly.dll">
      <Execution id="cc259de6-818a-49c4-affd-4494ebb212c0" />
      <TestMethod codeBase="TestAssembly.dll" className="TestNamespace.TestClass2" name="Test7119" />
    </UnitTest>
    <UnitTest name="Test7120" id="12041b33-4c63-4c66-a9ec-9830e625da9f" storage="TestAssembly.dll">
      <Execution id="00c720cd-3102-4c54-afa3-22455bcee601" />
      <TestMethod codeBase="TestAssembly.dll" className="TestNamespace.TestClass2" name="Test7120" />
    </UnitTest>
    <UnitTest name="Test7121" id="569be840-badf-494a-bb5f-d70f8b7e36fa" storage="TestAssembly.dll">
      <Execution id="df13b57a-0628-4244-8433-287549010472" />
      <TestMethod codeBase="TestAssembly.dll" className="TestNamespace.TestClass3" name="Test7121" />
    </UnitTest>
    <UnitTest name="Test7122" id="195a9f14-5c15-43ef-a2ce-7f5d956cf29a" storage="TestAssembly.dll">
      <Execution id="ad3f9c19-5004-4bf8-a9c9-ab73ea85a00c" />
      <TestMethod codeBase="TestAssembly.dll" className="TestNamespace.TestClass3" name="Test7122" />
    </UnitTest>
    <UnitTest name="Test7123" id="be025638-2c9f-44bb-8bcc-7c839a8d3e45" storage="TestAssembly.dll">
      <Execution id="add8d4af-94c7-4d26-b427-c2796de0ff38" />
      <TestMethod codeBase="TestAssembly.dll" className="TestNamespace.TestClass3" name="Test7123" />
    </UnitTest>
    <UnitTest name="Test7124" id="a2294a84-41cc-4fba-b0c4-d0c4b5151175" storage="TestAssembly.dll">
      <Execution id="3d6ff6de-2bc7-4b3f-960e-848c020ff6bf" />
      <TestMethod codeBase="TestAssembly.dll" className="TestNamespace.TestClass3" name="Test7124" />
    </UnitTest>
    <UnitTest name="Test7125" id="e6aef982-0cdb-4819-8c5b-17de89e03eac" storage="TestAssembly.dll">
      <Execution id="9bea0eed-6560-49e2-aabb-80061f6091f9" />
      <TestMethod codeBase="TestAssembly.dll" className="TestNamespace.TestClass3" name="Test7125" />
    </UnitTest>
    <UnitTest name="Test7126" id="3eb04ebc-9dfc-42c6-8dc3-977f80137f5a" storage="TestAssembly.dll">
      <Execution id="e1b8794e-6c7a-4532-ae09-73cbe003d82e" />
      <TestMethod codeBase="TestAssembly.dll" className="TestNamespace.TestClass3" name="Test7126" />
    </UnitTest>
    <UnitTest name="Test7127" id="08f514ad-41bd-4010-929b-cf92241b42ab" storage="TestAssembly.dll">
      <Execution id="229c82ee-9415-4986-9e42-face5efd550c" />
      <TestMethod codeBase="TestAssembly.dll" className="TestNamespace.TestClass3" name="Test7127" />
    </UnitTest>
    <UnitTest name="Test7128" id="61602ab0-c30a-416b-a33f-f01b87b0b2ac" storage="TestAssembly.dll">
      <Execution id="7f1c8500-5964-4ed7-a97c-0f937ca8ff2f" />
      <TestMethod codeBase="TestAssembly.dll" className="TestNamespace.TestClass3" name="Test7128" />
    </UnitTest>
    <UnitTest name="Test7129" id="9b8a840d-41a8-4ec9-9c40-03af5cf71e5a" storage="TestAssembly.dll">
      <Execution id="fa8fbf78-84b9-4cff-8d89-5606dcdad8b3" />
      <TestMethod codeBase="TestAssembly.dll" className="TestNamespace.TestClass3" name="Test7129" />
    </UnitTest>
    <UnitTest name="Test7130" id="6c209f6e-0744-4711-9ef1-28d199896e06" storage="TestAssembly.dll">
      <Execution id="f3764c36-85a8-4259-92b8-23a7f3870d02" />
      <TestMethod codeBase="TestAssembly.dll" className="TestNamespace.TestClass3" name="Test7130" />
    </UnitTest>
    <UnitTest name="Test7131" id="f475431e-c6cb-4374-af10-59d226616485" storage="TestAssembly.dll">
      <Execution id="46881e23-877b-43ed-b8ad-d04e83d16b17" />
      <TestMethod codeBase="TestAssembly.dll" className="TestNamespace.TestClass4" name="Test7131" />
    </UnitTest>
    <UnitTest name="Test7132" id="c7303bb0-2b42-425e-8fe5-8a1907383422" storage="TestAssembly.dll">
      <Execution id="8cc1560d-1d14-4612-9475-6ff4cafc54a1" />
      <TestMethod codeBase="TestAssembly.dll" className="TestNamespace.TestClass4" name="Test7132" />
    </UnitTest>
    <UnitTest name="Test7133" id="c2a74c8b-c251-4f95-9970-6099b69ebdf5" storage="TestAssembly.dll">
      <Execution id="3ab2ec57-e1e3-46b2-8998-0d2c6640d262" />
      <TestMethod codeBase="TestAssembly.dll" className="TestNamespace.TestClass4" name="Test7133" />
    </UnitTest>
    <UnitTest name="Test7134" id="c465e50b-9603-4610-b63a-d455be2c8bf4" storage="TestAssembly.dll">
      <Execution id="2b1746ec-5e55-4722-9e4a-e19b557bd493" />
      <TestMethod codeBase="TestAssembly.dll" className="TestNamespace.TestClass4" name="Test7134" />
    </UnitTest>
    <UnitTest name="Test7135" id="314aa3a4-e212-476d-8a86-1bfc26fca591" storage="TestAssembly.dll">
      <Execution id="77ca2718-7703-4d23-9fca-23066cadef99" />
      <TestMethod codeBase="TestAssembly.dll" className="TestNamespace.TestClass4" name="Test7135" />
    </UnitTest>
    <UnitTest name="Test7136" id="3d8a0883-2177-4d0c-94f1-1180daeb5b01" storage="TestAssembly.dll">
      <Execution id="818054e2-1ec4-4e06-9837-92dd4e0d92b5" />
      <TestMethod codeBase="TestAssembly.dll" className="TestNamespace.TestClass4" name="Test7136" />
    </UnitTest>
    <UnitTest name="Test7137" id="6e47cb12-16ee-48a6-aeae-6548264a0432" storage="TestAssembly.dll">
      <Execution id="525edef7-41b1-41ce-90a8-3f5c6d19f8e9" />
      <TestMethod codeBase="TestAssembly.dll" className="TestNamespace.TestClass4" name="Test7137" />
    </UnitTest>
    <UnitTest name="Test7138" id="20ed2da4-a98c-41a3-a01e-da175667c584" storage="TestAssembly.dll">
      <Execution id="2720662e-e4c2-423d-94a2-1de7f083c458" />
      <TestMethod codeBase="TestAssembly.dll" className="TestNamespace.TestClass4" name="Test7138" />
    </UnitTest>
    <UnitTest name="Test7139" id="9a08b19c-8d41-47cc-9ae1-3a9b63c8205e" storage="TestAssembly.dll">
      <Execution id="16bf3c44-55e4-4db7-a3a0-47e1b53cd0e7" />
      <TestMethod codeBase="TestAssembly.dll" className="TestNamespace.TestClass4" name="Test7139" />
    </UnitTest>
    <UnitTest name="Test7140" id="5bca099d-9684-4c36-b8c4-31f274772102" storage="TestAssembly.dll">
      <Execution id="e0f42158-11f8-4f8b-b62e-53890c9f944f" />
      <TestMethod codeBase="TestAssembly.dll" className="TestNamespace.TestClass4" name="Test7140" />
    </UnitTest>
    <UnitTest name="Test7141" id="4e2c1e9c-61bf-4eb6-8422-363f3991b557" storage="TestAssembly.dll">
      <Execution id="62aa4615-1ef2-440f-9167-273955d26864" />
      <TestMethod codeBase="TestAssembly.dll" className="TestNamespace.TestClass5" name="Test7141" />
    </UnitTest>
    <UnitTest name="Test7142" id="7d85bcae-3178-4944-aecd-0b4773a073b2" storage="TestAssembly.dll">
      <Execution id="3047a500-315f-424e-9e7f-423518e04471" />
      <TestMethod codeBase="TestAssembly.dll" className="TestNamespace.TestClass5" name="Test7142" />
    </UnitTest>
    <UnitTest name="Test7143" id="ae9d1bde-7031-47ab-9aff-580349bb5e25" storage="TestAssembly.dll">
      <Execution id="69d4fa7e-e858-4927-ac81-0bf1e88747f3" />
      <TestMethod codeBase="TestAssembly.dll" className="TestNamespace.TestClass5" name="Test7143" />
    </UnitTest>
    <UnitTest name="Test7144" id="95575547-bb3b-4de9-9c88-45ef14a48046" storage="TestAssembly.dll">
      <Execution id="8f406825-8f16-44ba-a03f-f63891981070" />
      <TestMethod codeBase="TestAssembly.dll" className="TestNamespace.TestClass5" name="Test7144" />
    </UnitTest>
    <UnitTest name="Test7145" id="60fb7395-72de-4b34-8d68-c2f575f2a0b5" storage="TestAssembly.dll">
      <Execution id="3df5219a-8117-4be4-b579-a99a13da7666" />
      <TestMethod codeBase="TestAssembly.dll" className="TestNamespace.TestClass5" name="Test7145" />
    </UnitTest>
    <UnitTest name="Test7146" id="2bccc0f0-03dd-447d-9162-fbd4a68afbf0" storage="TestAssembly.dll">
      <Execution id="7bd48d69-fb3d-4ee8-864d-99c4fc17f275" />
      <TestMethod codeBase="TestAssembly.dll" className="TestNamespace.TestClass5" name="Test7146" />
    </UnitTest>
    <UnitTest name="Test7147" id="dcef426e-998f-4f2e-a780-4cd9eeb45d12" storage="TestAssembly.dll">
      <Execution id="ad1baed4-3086-4e1e-b5b6-69b7ea74a4bc" />
      <TestMethod codeBase="TestAssembly.dll" className="TestNamespace.TestClass5" name="Test7147" />
    </UnitTest>
    <UnitTest name="Test7148" id="6303bfec-0b14-466e-b576-9877617fe3a8" storage="TestAssembly.dll">
      <Execution id="7e2cc80d-efd0-4472-9180-a4e12ac48872" />
      <TestMethod codeBase="TestAssembly.dll" className="TestNamespace.TestClass5" name="Test7148" />
    </UnitTest>
    <UnitTest name="Test7149" id="e2980bb7-b3bf-437a-86f1-1aacacc273f8" storage="TestAssembly.dll">
      <Execution id="bb1de98e-b930-4713-b0fb-3c005490670b" />
      <TestMethod codeBase="TestAssembly.dll" className="TestNamespace.TestClass5" name="Test7149" />
    </UnitTest>
    <UnitTest name="Test7150" id="bb9ad836-a04e-42a8-9ed2-2cebff537816" storage="TestAssembly.dll">
      <Execution id="e2fe7b88-1226-4569-8ee6-61be0bce88cc" />
      <TestMethod codeBase="TestAssembly.dll" className="TestNamespace.TestClass5" name="Test7150" />
    </UnitTest>
    <UnitTest name="Test7151" id="6d14bf8e-d3df-480f-a98d-95ab50bb6eee" storage="TestAssembly.dll">
      <Execution id="dfc458ee-0329-4635-a796-1f06314f827d" />
      <TestMethod codeBase="TestAssembly.dll" className="TestNamespace.TestClass6" name="Test7151" />
    </UnitTest>
    <UnitTest name="Test7152" id="82065aae-3496-42ba-9288-7583ef3060fe" storage="TestAssembly.dll">
      <Execution id="6db85325-0087-46d7-b101-ac8f2f821798" />
      <TestMethod codeBase="TestAssembly.dll" className="TestNamespace.TestClass6" name="Test7152" />
    </UnitTest>
    <UnitTest name="Test7153" id="f6bbc64e-f777-4be5-8426-2fb5363142ad" storage="TestAssembly.dll">
      <Execution id="56046158-afe0-40fd-880c-c46eadaeca16" />
      <TestMethod codeBase="TestAssembly.dll" className="TestNamespace.TestClass6" name="Test7153" />
    </UnitTest>
    <UnitTest name="Test7154" id="520ef4ca-8944-4745-bd6a-9eeca7ea2956" storage="TestAssembly.dll">
      <Execution id="5a53cd87-b774-47fe-a647-309b2e24a4b3" />
      <TestMethod codeBase="TestAssembly.dll" className="TestNamespace.TestClass6" name="Test7154" />
    </UnitTest>
    <UnitTest name="Test7155" id="f73827e6-6d14-4ada-a9af-ea6379902fbc" storage="TestAssembly.dll">
      <Execution id="293ba45a-dc8a-462f-a87d-2dfbf23bef2f" />
      <TestMethod codeBase="TestAssembly.dll" className="TestNamespace.TestClass6" name="Test7155" />
    </UnitTest>
    <UnitTest name="Test7156" id="6f436a69-2c79-4115-b56a-c97a6d1666cb" storage="TestAssembly.dll">
      <Execution id="eb1e275a-fc12-430a-8275-196753a24a02" />
      <TestMethod codeBase="TestAssembly.dll" className="TestNamespace.TestClass6" name="Test7156" />
    </UnitTest>
    <UnitTest name="Test7157" id="840bda08-2f2c-4c76-9756-c60d066621fe" storage="TestAssembly.dll">
      <Execution id="68b4fcbe-9801-4779-8644-bf8f77058afd" />
      <TestMethod codeBase="TestAssembly.dll" className="TestNamespace.TestClass6" name="Test7157" />
    </UnitTest>
    <UnitTest name="Test7158" id="dd55bdda-64d3-495c-a172-a9520452d00f" storage="TestAssembly.dll">
      <Execution id="63eab10f-c89f-4339-9933-22d6c83a4e23" />
      <TestMethod codeBase="TestAssembly.dll" className="TestNamespace.TestClass6" name="Test7158" />
    </UnitTest>
    <UnitTest name="Test7159" id="a2b3814f-34c8-4bd2-b904-997b9b715205" storage="TestAssembly.dll">
      <Execution id="368283a3-3b3d-4812-8896-5e120e286b5a" />
      <TestMethod codeBase="TestAssembly.dll" className="TestNamespace.TestClass6" name="Test7159" />
    </UnitTest>
    <UnitTest name="Test7160" id="e24f201b-173c-4b7b-a3f2-f351a00c8eb7" storage="TestAssembly.dll">
      <Execution id="2d4361d6-0188-4b1c-8971-9ad671d89e80" />
      <TestMethod codeBase="TestAssembly.dll" className="TestNamespace.TestClass6" name="Test7160" />
    </UnitTest>
    <UnitTest name="Test7161" id="48d91ef2-7184-48ac-a9e2-90eb4c97bc5a" storage="TestAssembly.dll">
      <Execution id="e0d76e0a-7be7-4f24-aa78-5d377b607b3c" />
      <TestMethod codeBase="TestAssembly.dll" className="TestNamespace.TestClass7" name="Test7161" />
    </UnitTest>
    <UnitTest name="Test7162" id="ff9e4a45-5841-4379-8f60-64f8e03da40b" storage="TestAssembly.dll">
      <Execution id="d7de5f62-d75d-476a-8253-67b052950d0f" />
      <TestMethod codeBase="TestAssembly.dll" className="TestNamespace.TestClass7" name="Test7162" />
    </UnitTest>
    <UnitTest name="Test7163" id="a982b797-df23-4b4e-b37f-70aba836b439" storage="TestAssembly.dll">
      <Execution id="b9acca55-7ba7-4072-a262-d07f7cdf81f9" />
      <TestMethod codeBase="TestAssembly.dll" className="TestNamespace.TestClass7" name="Test7163" />
    </UnitTest>
    <UnitTest name="Test7164" id="01e6061f-c1eb-4654-b0a4-8ab910b62ac9" storage="TestAssembly.dll">
      <Execution id="0b02483e-90a0-48ff-84cc-18c10478b811" />
      <TestMethod codeBase="TestAssembly.dll" className="TestNamespace.TestClass7" name="Test7164" />
    </UnitTest>
    <UnitTest name="Test7165" id="8721a8fe-e20f-4e7a-bd41-fab5836ce7e1" storage="TestAssembly.dll">
      <Execution id="0e3d41a4-da5e-4771-aecb-feb462bb007f" />
      <TestMethod codeBase="TestAssembly.dll" className="TestNamespace.TestClass7" name="Test7165" />
    </UnitTest>
    <UnitTest name="Test7166" id="3da7dc36-6fb1-4d2d-bd31-31a8ef5db6ac" storage="TestAssembly.dll">
      <Execution id="09c70e35-7d93-403e-af96-e81daa9b0045" />
      <TestMethod codeBase="TestAssembly.dll" className="TestNamespace.TestClass7" name="Test7166" />
    </UnitTest>
    <UnitTest name="Test7167" id="b71148ba-ca72-495d-96d3-940756c3765c" storage="TestAssembly.dll">
      <Execution id="124c9102-e53f-48c8-b177-f883dd610866" />
      <TestMethod codeBase="TestAssembly.dll" className="TestNamespace.TestClass7" name="Test7167" />
    </UnitTest>
    <UnitTest name="Test7168" id="de1f39e7-d71a-4d8e-a1e0-e32a6d1c7ef8" storage="TestAssembly.dll">
      <Execution id="7aaa7c37-4298-4328-9ff8-4d9e4d0fbe13" />
      <TestMethod codeBase="TestAssembly.dll" className="TestNamespace.TestClass7" name="Test7168" />
    </UnitTest>
    <UnitTest name="Test7169" id="2bc206a9-7c99-41e9-80ba-b66ee2a6582d" storage="TestAssembly.dll">
      <Execution id="412275cb-ca7e-4a44-9465-bc8555f31967" />
      <TestMethod codeBase="TestAssembly.dll" className="TestNamespace.TestClass7" name="Test7169" />
    </UnitTest>
    <UnitTest name="Test7170" id="991cef0c-fde1-4e2f-aada-e198ad86f027" storage="TestAssembly.dll">
      <Execution id="36399a6d-9af8-4a78-b30f-4ecb9d718c92" />
      <TestMethod codeBase="TestAssembly.dll" className="TestNamespace.TestClass7" name="Test7170" />
    </UnitTest>
    <UnitTest name="Test7171" id="c931b938-52fd-4697-aa0c-67bf4bcbcc7c" storage="TestAssembly.dll">
      <Execution id="c98fe291-f701-43a6-8d26-fa716608e901" />
      <TestMethod codeBase="TestAssembly.dll" className="TestNamespace.TestClass8" name="Test7171" />
    </UnitTest>
    <UnitTest name="Test7172" id="e034c196-c533-489f-ba9c-fc368dfc73c9" storage="TestAssembly.dll">
      <Execution id="0deb3d76-5a17-4c70-80e1-95f403f7551c" />
      <TestMethod codeBase="TestAssembly.dll" className="TestNamespace.TestClass8" name="Test7172" />
    </UnitTest>
    <UnitTest name="Test7173" id="16f2d3da-40dc-4c85-b3c3-4430ee5ab0cf" storage="TestAssembly.dll">
      <Execution id="2fd9736b-1283-42f1-b96a-6c3b1ba84688" />
      <TestMethod codeBase="TestAssembly.dll" className="TestNamespace.TestClass8" name="Test7173" />
    </UnitTest>
    <UnitTest name="Test7174" id="2b9da337-cca6-4c31-8caf-c4def91e13dd" storage="TestAssembly.dll">
      <Execution id="5ecd35ae-7634-4347-abb7-d1dc47e6340b" />
      <TestMethod codeBase="TestAssembly.dll" className="TestNamespace.TestClass8" name="Test7174" />
    </UnitTest>
    <UnitTest name="Test7175" id="31507532-27a3-4ab9-989b-15c638d9f40f" storage="TestAssembly.dll">
      <Execution id="29790551-fb84-486c-9ba3-17f42394047a" />
      <TestMethod codeBase="TestAssembly.dll" className="TestNamespace.TestClass8" name="Test7175" />
    </UnitTest>
    <UnitTest name="Test7176" id="2b886d68-2fd5-479d-ada7-b07636ae4f15" storage="TestAssembly.dll">
      <Execution id="7c54aa33-6ea9-4b8d-ac2e-8c70eaedca9e" />
      <TestMethod codeBase="TestAssembly.dll" className="TestNamespace.TestClass8" name="Test7176" />
    </UnitTest>
    <UnitTest name="Test7177" id="a88116e5-0547-48c9-bf75-37efcc9a7532" storage="TestAssembly.dll">
      <Execution id="4f4847e6-20c9-4731-8495-ef26cf91632f" />
      <TestMethod codeBase="TestAssembly.dll" className="TestNamespace.TestClass8" name="Test7177" />
    </UnitTest>
    <UnitTest name="Test7178" id="5ae9f581-a6e8-4cd6-8ef9-6e2ee0441b2f" storage="TestAssembly.dll">
      <Execution id="9721a7ea-b94d-4299-8748-6cac7872210c" />
      <TestMethod codeBase="TestAssembly.dll" className="TestNamespace.TestClass8" name="Test7178" />
    </UnitTest>
    <UnitTest name="Test7179" id="c850ed3a-65cb-4c35-94c3-ef257208e753" storage="TestAssembly.dll">
      <Execution id="8a20c47a-3f13-4ac9-9409-4701474eaa01" />
      <TestMethod codeBase="TestAssembly.dll" className="TestNamespace.TestClass8" name="Test7179" />
    </UnitTest>
    <UnitTest name="Test7180" id="15a2853b-0de1-4e24-8d0b-151b29a14fa8" storage="TestAssembly.dll">
      <Execution id="2b77a75f-4354-4d2e-bbdd-c3b173307d03" />
      <TestMethod codeBase="TestAssembly.dll" className="TestNamespace.TestClass8" name="Test7180" />
    </UnitTest>
    <UnitTest name="Test7181" id="e58bcc91-33e4-4016-97d4-0f1013e18953" storage="TestAssembly.dll">
      <Execution id="9301fc96-ee22-4769-8247-45911cdb3cce" />
      <TestMethod codeBase="TestAssembly.dll" className="TestNamespace.TestClass9" name="Test7181" />
    </UnitTest>
    <UnitTest name="Test7182" id="387ab589-233a-434e-8f78-8b2d12511d42" storage="TestAssembly.dll">
      <Execution id="fc62c414-6bd5-4b8d-830b-d1a87ee0a2fe" />
      <TestMethod codeBase="TestAssembly.dll" className="TestNamespace.TestClass9" name="Test7182" />
    </UnitTest>
    <UnitTest name="Test7183" id="5918f814-3480-40ed-ac76-44476750d091" storage="TestAssembly.dll">
      <Execution id="0242cb6f-f230-417c-81e5-6eaa79173d3c" />
      <TestMethod codeBase="TestAssembly.dll" className="TestNamespace.TestClass9" name="Test7183" />
    </UnitTest>
    <UnitTest name="Test7184" id="513d312f-a950-4b2d-968e-d0d8174d2eca" storage="TestAssembly.dll">
      <Execution id="079b5dbb-a0e1-4480-9af1-7276efb7068a" />
      <TestMethod codeBase="TestAssembly.dll" className="TestNamespace.TestClass9" name="Test7184" />
    </UnitTest>
    <UnitTest name="Test7185" id="a4002249-c924-4aef-84b6-8274e42d32aa" storage="TestAssembly.dll">
      <Execution id="e10a6725-d68a-4ccf-adbb-805fe4246f5e" />
      <TestMethod codeBase="TestAssembly.dll" className="TestNamespace.TestClass9" name="Test7185" />
    </UnitTest>
    <UnitTest name="Test7186" id="6078a93b-66bf-4d64-92fb-3c3b23e24f85" storage="TestAssembly.dll">
      <Execution id="d5c3e314-3e11-4476-ab54-9ca4dde29b8b" />
      <TestMethod codeBase="TestAssembly.dll" className="TestNamespace.TestClass9" name="Test7186" />
    </UnitTest>
    <UnitTest name="Test7187" id="0b2b4229-bcf6-4cce-9ac0-b6e0549b3537" storage="TestAssembly.dll">
      <Execution id="8546aac2-9044-464f-948f-5970a547772c" />
      <TestMethod codeBase="TestAssembly.dll" className="TestNamespace.TestClass9" name="Test7187" />
    </UnitTest>
    <UnitTest name="Test7188" id="2cc64318-9643-4c12-9e2a-ba6bf54f269c" storage="TestAssembly.dll">
      <Execution id="40576065-f73f-4e69-9ab2-0ee2f2eee12e" />
      <TestMethod codeBase="TestAssembly.dll" className="TestNamespace.TestClass9" name="Test7188" />
    </UnitTest>
    <UnitTest name="Test7189" id="83d4c79b-d788-4de7-9903-0d384aefa75c" storage="TestAssembly.dll">
      <Execution id="248dba6e-5ed0-4d20-891a-d1cce1b77e1e" />
      <TestMethod codeBase="TestAssembly.dll" className="TestNamespace.TestClass9" name="Test7189" />
    </UnitTest>
    <UnitTest name="Test7190" id="c60af1ee-0cc3-476b-8431-1e1175a7bb95" storage="TestAssembly.dll">
      <Execution id="dfaa748a-0353-44aa-9056-efe71768b188" />
      <TestMethod codeBase="TestAssembly.dll" className="TestNamespace.TestClass9" name="Test7190" />
    </UnitTest>
    <UnitTest name="Test7191" id="d8be7f7a-2e6e-4056-bc50-89feae1fa137" storage="TestAssembly.dll">
      <Execution id="ac441996-7a01-43c4-a08e-18ac04d1a91c" />
      <TestMethod codeBase="TestAssembly.dll" className="TestNamespace.TestClass10" name="Test7191" />
    </UnitTest>
    <UnitTest name="Test7192" id="af08ec43-d3fc-4029-88de-d1303d69c1e8" storage="TestAssembly.dll">
      <Execution id="38c2a4c4-caa8-4e0c-8e0a-247067511a50" />
      <TestMethod codeBase="TestAssembly.dll" className="TestNamespace.TestClass10" name="Test7192" />
    </UnitTest>
    <UnitTest name="Test7193" id="5621698d-3af0-4635-8323-9fdc1a5e9898" storage="TestAssembly.dll">
      <Execution id="fbdd6577-b802-47f4-8f31-5f9104ea0a76" />
      <TestMethod codeBase="TestAssembly.dll" className="TestNamespace.TestClass10" name="Test7193" />
    </UnitTest>
    <UnitTest name="Test7194" id="e8ea9ff1-7220-4da1-b807-7f6f0548f5e9" storage="TestAssembly.dll">
      <Execution id="173b2def-6e1a-45ea-8433-e4a9a550c72a" />
      <TestMethod codeBase="TestAssembly.dll" className="TestNamespace.TestClass10" name="Test7194" />
    </UnitTest>
    <UnitTest name="Test7195" id="0562f345-14c6-4941-ae64-4dea3a30d49f" storage="TestAssembly.dll">
      <Execution id="79b14be1-9ac5-4553-bb4c-f55287214e11" />
      <TestMethod codeBase="TestAssembly.dll" className="TestNamespace.TestClass10" name="Test7195" />
    </UnitTest>
    <UnitTest name="Test7196" id="02b5e09a-8413-4082-b27c-cc408f2da32e" storage="TestAssembly.dll">
      <Execution id="5459ee1b-d45c-4c9e-acd5-63cd8ac09f3b" />
      <TestMethod codeBase="TestAssembly.dll" className="TestNamespace.TestClass10" name="Test7196" />
    </UnitTest>
    <UnitTest name="Test7197" id="087ac95e-5468-4b03-988e-67af40036aff" storage="TestAssembly.dll">
      <Execution id="0dfda35c-2737-4e7a-889e-55947905d15a" />
      <TestMethod codeBase="TestAssembly.dll" className="TestNamespace.TestClass10" name="Test7197" />
    </UnitTest>
    <UnitTest name="Test7198" id="5c5db3ac-40c4-4728-9eda-c8f046977d8b" storage="TestAssembly.dll">
      <Execution id="b93b1e23-573a-422d-b37a-4021430e8c5e" />
      <TestMethod codeBase="TestAssembly.dll" className="TestNamespace.TestClass10" name="Test7198" />
    </UnitTest>
    <UnitTest name="Test7199" id="93b21031-f2d8-4311-876c-b80517a18ac0" storage="TestAssembly.dll">
      <Execution id="9041ec46-953b-487c-bf3a-5a16bbd5b31a" />
      <TestMethod codeBase="TestAssembly.dll" className="TestNamespace.TestClass10" name="Test7199" />
    </UnitTest>
    <UnitTest name="Test7200" id="1b4bc555-69b4-4675-8888-3f8d7fdb37a9" storage="TestAssembly.dll">
      <Execution id="3d91c67c-c02f-42bd-bc29-242ff8be7317" />
      <TestMethod codeBase="TestAssembly.dll" className="TestNamespace.TestClass10" name="Test7200" />
    </UnitTest>
  </TestDefinitions>
  <TestEntries>
    <TestEntry testId="97acd205-b9b8-4c04-b948-e3ed9ef40132" executionId="dc6461ea-7a14-4222-9fd8-6b1630b599bb" testListId="49fe8623-bacf-4dff-9956-4e37bde4ae65" />
    <TestEntry testId="d7617c89-a023-403f-9b63-8f21350d54bf" executionId="7082bf00-1311-4314-b013-2c0befd3b975" testListId="49fe8623-bacf-4dff-9956-4e37bde4ae65" />
    <TestEntry testId="85a2abf0-1e0b-4016-b827-191cf4b4756c" executionId="ca73213f-f500-4491-af85-e01137510bf1" testListId="49fe8623-bacf-4dff-9956-4e37bde4ae65" />
    <TestEntry testId="50317cf1-58b9-4744-817c-ce38b142cdbb" executionId="dcd8cfbd-ccf8-4cde-bd08-eddf855d8939" testListId="49fe8623-bacf-4dff-9956-4e37bde4ae65" />
    <TestEntry testId="abf740b8-b3d1-4d1a-a85f-aef4d8fabd76" executionId="c4d6c59a-eebd-4b43-89fe-ec639e718397" testListId="49fe8623-bacf-4dff-9956-4e37bde4ae65" />
    <TestEntry testId="0a0a9055-69b4-4869-93ea-b702a5d0d659" executionId="2277176b-ca74-4eca-8251-49d61784206c" testListId="49fe8623-bacf-4dff-9956-4e37bde4ae65" />
    <TestEntry testId="bfedeeb4-9b1f-4171-801c-df522e0ee5b0" executionId="5864fffa-3475-4387-a1ce-77ac739eb58f" testListId="49fe8623-bacf-4dff-9956-4e37bde4ae65" />
    <TestEntry testId="b0c71920-b618-436b-982d-5cc4527caf3b" executionId="01fffd05-24a8-4627-9589-9539947480f1" testListId="49fe8623-bacf-4dff-9956-4e37bde4ae65" />
    <TestEntry testId="e2d0ad70-daf6-4bf6-828f-48ed83340fdc" executionId="b883afd9-02ef-43cf-b0aa-3f182d491a8c" testListId="49fe8623-bacf-4dff-9956-4e37bde4ae65" />
    <TestEntry testId="a277d15e-f6bb-4be0-82b8-e1cbfd0c1388" executionId="3c510636-fbec-4c61-9290-f5f52140825a" testListId="49fe8623-bacf-4dff-9956-4e37bde4ae65" />
    <TestEntry testId="5dea622c-8d0f-44cb-a5a6-76a846dc44ce" executionId="c8ece623-44bc-4643-85b8-edfa12f8c023" testListId="49fe8623-bacf-4dff-9956-4e37bde4ae65" />
    <TestEntry testId="6cd7df75-45ba-4c83-8645-2457b03184db" executionId="7f9fa51e-38e4-444d-8344-bcbc6c3bbb6b" testListId="49fe8623-bacf-4dff-9956-4e37bde4ae65" />
    <TestEntry testId="c23aabcc-aa75-49fb-bbb8-2939f0916c6a" executionId="a409f0c8-083c-42f6-8bbe-913f3cc74bf0" testListId="49fe8623-bacf-4dff-9956-4e37bde4ae65" />
    <TestEntry testId="154b0dbb-a6bb-4149-9926-bb87aa0c61f6" executionId="1872f1d2-45fb-41c1-a0d3-04fee1cb5cfb" testListId="49fe8623-bacf-4dff-9956-4e37bde4ae65" />
    <TestEntry testId="f5bdd3b5-8361-4764-993c-97003c4708ad" executionId="fdabd3cf-1e78-403d-972a-ea6371610e8c" testListId="49fe8623-bacf-4dff-9956-4e37bde4ae65" />
    <TestEntry testId="778e6600-b850-498c-a72e-5068f19fb5b6" executionId="723a9a0a-a252-49ce-a7ef-3673cb680160" testListId="49fe8623-bacf-4dff-9956-4e37bde4ae65" />
    <TestEntry testId="732f6678-704b-4dcc-af80-1ae862f3441a" executionId="208fcdbe-2c3c-41de-811f-2f0b1996e76d" testListId="49fe8623-bacf-4dff-9956-4e37bde4ae65" />
    <TestEntry testId="9c56a1c8-e67b-4811-ac9f-7ece72e962cf" executionId="a28e0e71-29c4-4622-8663-b6d4b24489ad" testListId="49fe8623-bacf-4dff-9956-4e37bde4ae65" />
    <TestEntry testId="6266ce23-e631-4a42-a827-e806b2234565" executionId="cc259de6-818a-49c4-affd-4494ebb212c0" testListId="49fe8623-bacf-4dff-9956-4e37bde4ae65" />
    <TestEntry testId="12041b33-4c63-4c66-a9ec-9830e625da9f" executionId="00c720cd-3102-4c54-afa3-22455bcee601" testListId="49fe8623-bacf-4dff-9956-4e37bde4ae65" />
    <TestEntry testId="569be840-badf-494a-bb5f-d70f8b7e36fa" executionId="df13b57a-0628-4244-8433-287549010472" testListId="49fe8623-bacf-4dff-9956-4e37bde4ae65" />
    <TestEntry testId="195a9f14-5c15-43ef-a2ce-7f5d956cf29a" executionId="ad3f9c19-5004-4bf8-a9c9-ab73ea85a00c" testListId="49fe8623-bacf-4dff-9956-4e37bde4ae65" />
    <TestEntry testId="be025638-2c9f-44bb-8bcc-7c839a8d3e45" executionId="add8d4af-94c7-4d26-b427-c2796de0ff38" testListId="49fe8623-bacf-4dff-9956-4e37bde4ae65" />
    <TestEntry testId="a2294a84-41cc-4fba-b0c4-d0c4b5151175" executionId="3d6ff6de-2bc7-4b3f-960e-848c020ff6bf" testListId="49fe8623-bacf-4dff-9956-4e37bde4ae65" />
    <TestEntry testId="e6aef982-0cdb-4819-8c5b-17de89e03eac" executionId="9bea0eed-6560-49e2-aabb-80061f6091f9" testListId="49fe8623-bacf-4dff-9956-4e37bde4ae65" />
    <TestEntry testId="3eb04ebc-9dfc-42c6-8dc3-977f80137f5a" executionId="e1b8794e-6c7a-4532-ae09-73cbe003d82e" testListId="49fe8623-bacf-4dff-9956-4e37bde4ae65" />
    <TestEntry testId="08f514ad-41bd-4010-929b-cf92241b42ab" executionId="229c82ee-9415-4986-9e42-face5efd550c" testListId="49fe8623-bacf-4dff-9956-4e37bde4ae65" />
    <TestEntry testId="61602ab0-c30a-416b-a33f-f01b87b0b2ac" executionId="7f1c8500-5964-4ed7-a97c-0f937ca8ff2f" testListId="49fe8623-bacf-4dff-9956-4e37bde4ae65" />
    <TestEntry testId="9b8a840d-41a8-4ec9-9c40-03af5cf71e5a" executionId="fa8fbf78-84b9-4cff-8d89-5606dcdad8b3" testListId="49fe8623-bacf-4dff-9956-4e37bde4ae65" />
    <TestEntry testId="6c209f6e-0744-4711-9ef1-28d199896e06" executionId="f3764c36-85a8-4259-92b8-23a7f3870d02" testListId="49fe8623-bacf-4dff-9956-4e37bde4ae65" />
    <TestEntry testId="f475431e-c6cb-4374-af10-59d226616485" executionId="46881e23-877b-43ed-b8ad-d04e83d16b17" testListId="49fe8623-bacf-4dff-9956-4e37bde4ae65" />
    <TestEntry testId="c7303bb0-2b42-425e-8fe5-8a1907383422" executionId="8cc1560d-1d14-4612-9475-6ff4cafc54a1" testListId="49fe8623-bacf-4dff-9956-4e37bde4ae65" />
    <TestEntry testId="c2a74c8b-c251-4f95-9970-6099b69ebdf5" executionId="3ab2ec57-e1e3-46b2-8998-0d2c6640d262" testListId="49fe8623-bacf-4dff-9956-4e37bde4ae65" />
    <TestEntry testId="c465e50b-9603-4610-b63a-d455be2c8bf4" executionId="2b1746ec-5e55-4722-9e4a-e19b557bd493" testListId="49fe8623-bacf-4dff-9956-4e37bde4ae65" />
    <TestEntry testId="314aa3a4-e212-476d-8a86-1bfc26fca591" executionId="77ca2718-7703-4d23-9fca-23066cadef99" testListId="49fe8623-bacf-4dff-9956-4e37bde4ae65" />
    <TestEntry testId="3d8a0883-2177-4d0c-94f1-1180daeb5b01" executionId="818054e2-1ec4-4e06-9837-92dd4e0d92b5" testListId="49fe8623-bacf-4dff-9956-4e37bde4ae65" />
    <TestEntry testId="6e47cb12-16ee-48a6-aeae-6548264a0432" executionId="525edef7-41b1-41ce-90a8-3f5c6d19f8e9" testListId="49fe8623-bacf-4dff-9956-4e37bde4ae65" />
    <TestEntry testId="20ed2da4-a98c-41a3-a01e-da175667c584" executionId="2720662e-e4c2-423d-94a2-1de7f083c458" testListId="49fe8623-bacf-4dff-9956-4e37bde4ae65" />
    <TestEntry testId="9a08b19c-8d41-47cc-9ae1-3a9b63c8205e" executionId="16bf3c44-55e4-4db7-a3a0-47e1b53cd0e7" testListId="49fe8623-bacf-4dff-9956-4e37bde4ae65" />
    <TestEntry testId="5bca099d-9684-4c36-b8c4-31f274772102" executionId="e0f42158-11f8-4f8b-b62e-53890c9f944f" testListId="49fe8623-bacf-4dff-9956-4e37bde4ae65" />
    <TestEntry testId="4e2c1e9c-61bf-4eb6-8422-363f3991b557" executionId="62aa4615-1ef2-440f-9167-273955d26864" testListId="49fe8623-bacf-4dff-9956-4e37bde4ae65" />
    <TestEntry testId="7d85bcae-3178-4944-aecd-0b4773a073b2" executionId="3047a500-315f-424e-9e7f-423518e04471" testListId="49fe8623-bacf-4dff-9956-4e37bde4ae65" />
    <TestEntry testId="ae9d1bde-7031-47ab-9aff-580349bb5e25" executionId="69d4fa7e-e858-4927-ac81-0bf1e88747f3" testListId="49fe8623-bacf-4dff-9956-4e37bde4ae65" />
    <TestEntry testId="95575547-bb3b-4de9-9c88-45ef14a48046" executionId="8f406825-8f16-44ba-a03f-f63891981070" testListId="49fe8623-bacf-4dff-9956-4e37bde4ae65" />
    <TestEntry testId="60fb7395-72de-4b34-8d68-c2f575f2a0b5" executionId="3df5219a-8117-4be4-b579-a99a13da7666" testListId="49fe8623-bacf-4dff-9956-4e37bde4ae65" />
    <TestEntry testId="2bccc0f0-03dd-447d-9162-fbd4a68afbf0" executionId="7bd48d69-fb3d-4ee8-864d-99c4fc17f275" testListId="49fe8623-bacf-4dff-9956-4e37bde4ae65" />
    <TestEntry testId="dcef426e-998f-4f2e-a780-4cd9eeb45d12" executionId="ad1baed4-3086-4e1e-b5b6-69b7ea74a4bc" testListId="49fe8623-bacf-4dff-9956-4e37bde4ae65" />
    <TestEntry testId="6303bfec-0b14-466e-b576-9877617fe3a8" executionId="7e2cc80d-efd0-4472-9180-a4e12ac48872" testListId="49fe8623-bacf-4dff-9956-4e37bde4ae65" />
    <TestEntry testId="e2980bb7-b3bf-437a-86f1-1aacacc273f8" executionId="bb1de98e-b930-4713-b0fb-3c005490670b" testListId="49fe8623-bacf-4dff-9956-4e37bde4ae65" />
    <TestEntry testId="bb9ad836-a04e-42a8-9ed2-2cebff537816" executionId="e2fe7b88-1226-4569-8ee6-61be0bce88cc" testListId="49fe8623-bacf-4dff-9956-4e37bde4ae65" />
    <TestEntry testId="6d14bf8e-d3df-480f-a98d-95ab50bb6eee" executionId="dfc458ee-0329-4635-a796-1f06314f827d" testListId="49fe8623-bacf-4dff-9956-4e37bde4ae65" />
    <TestEntry testId="82065aae-3496-42ba-9288-7583ef3060fe" executionId="6db85325-0087-46d7-b101-ac8f2f821798" testListId="49fe8623-bacf-4dff-9956-4e37bde4ae65" />
    <TestEntry testId="f6bbc64e-f777-4be5-8426-2fb5363142ad" executionId="56046158-afe0-40fd-880c-c46eadaeca16" testListId="49fe8623-bacf-4dff-9956-4e37bde4ae65" />
    <TestEntry testId="520ef4ca-8944-4745-bd6a-9eeca7ea2956" executionId="5a53cd87-b774-47fe-a647-309b2e24a4b3" testListId="49fe8623-bacf-4dff-9956-4e37bde4ae65" />
    <TestEntry testId="f73827e6-6d14-4ada-a9af-ea6379902fbc" executionId="293ba45a-dc8a-462f-a87d-2dfbf23bef2f" testListId="49fe8623-bacf-4dff-9956-4e37bde4ae65" />
    <TestEntry testId="6f436a69-2c79-4115-b56a-c97a6d1666cb" executionId="eb1e275a-fc12-430a-8275-196753a24a02" testListId="49fe8623-bacf-4dff-9956-4e37bde4ae65" />
    <TestEntry testId="840bda08-2f2c-4c76-9756-c60d066621fe" executionId="68b4fcbe-9801-4779-8644-bf8f77058afd" testListId="49fe8623-bacf-4dff-9956-4e37bde4ae65" />
    <TestEntry testId="dd55bdda-64d3-495c-a172-a9520452d00f" executionId="63eab10f-c89f-4339-9933-22d6c83a4e23" testListId="49fe8623-bacf-4dff-9956-4e37bde4ae65" />
    <TestEntry testId="a2b3814f-34c8-4bd2-b904-997b9b715205" executionId="368283a3-3b3d-4812-8896-5e120e286b5a" testListId="49fe8623-bacf-4dff-9956-4e37bde4ae65" />
    <TestEntry testId="e24f201b-173c-4b7b-a3f2-f351a00c8eb7" executionId="2d4361d6-0188-4b1c-8971-9ad671d89e80" testListId="49fe8623-bacf-4dff-9956-4e37bde4ae65" />
    <TestEntry testId="48d91ef2-7184-48ac-a9e2-90eb4c97bc5a" executionId="e0d76e0a-7be7-4f24-aa78-5d377b607b3c" testListId="49fe8623-bacf-4dff-9956-4e37bde4ae65" />
    <TestEntry testId="ff9e4a45-5841-4379-8f60-64f8e03da40b" executionId="d7de5f62-d75d-476a-8253-67b052950d0f" testListId="49fe8623-bacf-4dff-9956-4e37bde4ae65" />
    <TestEntry testId="a982b797-df23-4b4e-b37f-70aba836b439" executionId="b9acca55-7ba7-4072-a262-d07f7cdf81f9" testListId="49fe8623-bacf-4dff-9956-4e37bde4ae65" />
    <TestEntry testId="01e6061f-c1eb-4654-b0a4-8ab910b62ac9" executionId="0b02483e-90a0-48ff-84cc-18c10478b811" testListId="49fe8623-bacf-4dff-9956-4e37bde4ae65" />
    <TestEntry testId="8721a8fe-e20f-4e7a-bd41-fab5836ce7e1" executionId="0e3d41a4-da5e-4771-aecb-feb462bb007f" testListId="49fe8623-bacf-4dff-9956-4e37bde4ae65" />
    <TestEntry testId="3da7dc36-6fb1-4d2d-bd31-31a8ef5db6ac" executionId="09c70e35-7d93-403e-af96-e81daa9b0045" testListId="49fe8623-bacf-4dff-9956-4e37bde4ae65" />
    <TestEntry testId="b71148ba-ca72-495d-96d3-940756c3765c" executionId="124c9102-e53f-48c8-b177-f883dd610866" testListId="49fe8623-bacf-4dff-9956-4e37bde4ae65" />
    <TestEntry testId="de1f39e7-d71a-4d8e-a1e0-e32a6d1c7ef8" executionId="7aaa7c37-4298-4328-9ff8-4d9e4d0fbe13" testListId="49fe8623-bacf-4dff-9956-4e37bde4ae65" />
    <TestEntry testId="2bc206a9-7c99-41e9-80ba-b66ee2a6582d" executionId="412275cb-ca7e-4a44-9465-bc8555f31967" testListId="49fe8623-bacf-4dff-9956-4e37bde4ae65" />
    <TestEntry testId="991cef0c-fde1-4e2f-aada-e198ad86f027" executionId="36399a6d-9af8-4a78-b30f-4ecb9d718c92" testListId="49fe8623-bacf-4dff-9956-4e37bde4ae65" />
    <TestEntry testId="c931b938-52fd-4697-aa0c-67bf4bcbcc7c" executionId="c98fe291-f701-43a6-8d26-fa716608e901" testListId="49fe8623-bacf-4dff-9956-4e37bde4ae65" />
    <TestEntry testId="e034c196-c533-489f-ba9c-fc368dfc73c9" executionId="0deb3d76-5a17-4c70-80e1-95f403f7551c" testListId="49fe8623-bacf-4dff-9956-4e37bde4ae65" />
    <TestEntry testId="16f2d3da-40dc-4c85-b3c3-4430ee5ab0cf" executionId="2fd9736b-1283-42f1-b96a-6c3b1ba84688" testListId="49fe8623-bacf-4dff-9956-4e37bde4ae65" />
    <TestEntry testId="2b9da337-cca6-4c31-8caf-c4def91e13dd" executionId="5ecd35ae-7634-4347-abb7-d1dc47e6340b" testListId="49fe8623-bacf-4dff-9956-4e37bde4ae65" />
    <TestEntry testId="31507532-27a3-4ab9-989b-15c638d9f40f" executionId="29790551-fb84-486c-9ba3-17f42394047a" testListId="49fe8623-bacf-4dff-9956-4e37bde4ae65" />
    <TestEntry testId="2b886d68-2fd5-479d-ada7-b07636ae4f15" executionId="7c54aa33-6ea9-4b8d-ac2e-8c70eaedca9e" testListId="49fe8623-bacf-4dff-9956-4e37bde4ae65" />
    <TestEntry testId="a88116e5-0547-48c9-bf75-37efcc9a7532" executionId="4f4847e6-20c9-4731-8495-ef26cf91632f" testListId="49fe8623-bacf-4dff-9956-4e37bde4ae65" />
    <TestEntry testId="5ae9f581-a6e8-4cd6-8ef9-6e2ee0441b2f" executionId="9721a7ea-b94d-4299-8748-6cac7872210c" testListId="49fe8623-bacf-4dff-9956-4e37bde4ae65" />
    <TestEntry testId="c850ed3a-65cb-4c35-94c3-ef257208e753" executionId="8a20c47a-3f13-4ac9-9409-4701474eaa01" testListId="49fe8623-bacf-4dff-9956-4e37bde4ae65" />
    <TestEntry testId="15a2853b-0de1-4e24-8d0b-151b29a14fa8" executionId="2b77a75f-4354-4d2e-bbdd-c3b173307d03" testListId="49fe8623-bacf-4dff-9956-4e37bde4ae65" />
    <TestEntry testId="e58bcc91-33e4-4016-97d4-0f1013e18953" executionId="9301fc96-ee22-4769-8247-45911cdb3cce" testListId="49fe8623-bacf-4dff-9956-4e37bde4ae65" />
    <TestEntry testId="387ab589-233a-434e-8f78-8b2d12511d42" executionId="fc62c414-6bd5-4b8d-830b-d1a87ee0a2fe" testListId="49fe8623-bacf-4dff-9956-4e37bde4ae65" />
    <TestEntry testId="5918f814-3480-40ed-ac76-44476750d091" executionId="0242cb6f-f230-417c-81e5-6eaa79173d3c" testListId="49fe8623-bacf-4dff-9956-4e37bde4ae65" />
    <TestEntry testId="513d312f-a950-4b2d-968e-d0d8174d2eca" executionId="079b5dbb-a0e1-4480-9af1-7276efb7068a" testListId="49fe8623-bacf-4dff-9956-4e37bde4ae65" />
    <TestEntry testId="a4002249-c924-4aef-84b6-8274e42d32aa" executionId="e10a6725-d68a-4ccf-adbb-805fe4246f5e" testListId="49fe8623-bacf-4dff-9956-4e37bde4ae65" />
    <TestEntry testId="6078a93b-66bf-4d64-92fb-3c3b23e24f85" executionId="d5c3e314-3e11-4476-ab54-9ca4dde29b8b" testListId="49fe8623-bacf-4dff-9956-4e37bde4ae65" />
    <TestEntry testId="0b2b4229-bcf6-4cce-9ac0-b6e0549b3537" executionId="8546aac2-9044-464f-948f-5970a547772c" testListId="49fe8623-bacf-4dff-9956-4e37bde4ae65" />
    <TestEntry testId="2cc64318-9643-4c12-9e2a-ba6bf54f269c" executionId="40576065-f73f-4e69-9ab2-0ee2f2eee12e" testListId="49fe8623-bacf-4dff-9956-4e37bde4ae65" />
    <TestEntry testId="83d4c79b-d788-4de7-9903-0d384aefa75c" executionId="248dba6e-5ed0-4d20-891a-d1cce1b77e1e" testListId="49fe8623-bacf-4dff-9956-4e37bde4ae65" />
    <TestEntry testId="c60af1ee-0cc3-476b-8431-1e1175a7bb95" executionId="dfaa748a-0353-44aa-9056-efe71768b188" testListId="49fe8623-bacf-4dff-9956-4e37bde4ae65" />
    <TestEntry testId="d8be7f7a-2e6e-4056-bc50-89feae1fa137" executionId="ac441996-7a01-43c4-a08e-18ac04d1a91c" testListId="49fe8623-bacf-4dff-9956-4e37bde4ae65" />
    <TestEntry testId="af08ec43-d3fc-4029-88de-d1303d69c1e8" executionId="38c2a4c4-caa8-4e0c-8e0a-247067511a50" testListId="49fe8623-bacf-4dff-9956-4e37bde4ae65" />
    <TestEntry testId="5621698d-3af0-4635-8323-9fdc1a5e9898" executionId="fbdd6577-b802-47f4-8f31-5f9104ea0a76" testListId="49fe8623-bacf-4dff-9956-4e37bde4ae65" />
    <TestEntry testId="e8ea9ff1-7220-4da1-b807-7f6f0548f5e9" executionId="173b2def-6e1a-45ea-8433-e4a9a550c72a" testListId="49fe8623-bacf-4dff-9956-4e37bde4ae65" />
    <TestEntry testId="0562f345-14c6-4941-ae64-4dea3a30d49f" executionId="79b14be1-9ac5-4553-bb4c-f55287214e11" testListId="49fe8623-bacf-4dff-9956-4e37bde4ae65" />
    <TestEntry testId="02b5e09a-8413-4082-b27c-cc408f2da32e" executionId="5459ee1b-d45c-4c9e-acd5-63cd8ac09f3b" testListId="49fe8623-bacf-4dff-9956-4e37bde4ae65" />
    <TestEntry testId="087ac95e-5468-4b03-988e-67af40036aff" executionId="0dfda35c-2737-4e7a-889e-55947905d15a" testListId="49fe8623-bacf-4dff-9956-4e37bde4ae65" />
    <TestEntry testId="5c5db3ac-40c4-4728-9eda-c8f046977d8b" executionId="b93b1e23-573a-422d-b37a-4021430e8c5e" testListId="49fe8623-bacf-4dff-9956-4e37bde4ae65" />
    <TestEntry testId="93b21031-f2d8-4311-876c-b80517a18ac0" executionId="9041ec46-953b-487c-bf3a-5a16bbd5b31a" testListId="49fe8623-bacf-4dff-9956-4e37bde4ae65" />
    <TestEntry testId="1b4bc555-69b4-4675-8888-3f8d7fdb37a9" executionId="3d91c67c-c02f-42bd-bc29-242ff8be7317" testListId="49fe8623-bacf-4dff-9956-4e37bde4ae65" />
  </TestEntries>
  <TestLists>
    <TestList name="Results Not in a List" id="49fe8623-bacf-4dff-9956-4e37bde4ae65" />
    <TestList name="All Loaded Results" id="c5b3c3c5-e227-40c9-8f54-9e832cb42bce" />
  </TestLists>
</TestRun>