<?xml version="1.0" encoding="UTF-8"?>
<TestRun id="f4ccb5a3-5b0e-47f9-9b9a-c0b732497bdf" name="Test Run 14" runUser="Oles Galatsan" xmlns="http://microsoft.com/schemas/VisualStudio/TeamTest/2010">
  <Times creation="2025-05-14T13:20:31.3125482Z" queuing="2025-05-14T13:20:31.3125482Z" start="2025-05-14T13:20:31.3146610Z" finish="2025-05-14T13:25:31.3147553Z" />
  <TestSettings name="Test Settings 14" id="152a439d-9b2e-45de-b505-f284779e3276" />
  <Results>
    <UnitTestResult executionId="b6fffd0c-0fa7-4061-948b-f734d67d7bec" testId="f5468f7a-3053-49a0-a880-1a86982a32df" testName="Test1301" computerName="UA-LPT-OGA2" duration="00:00:00.0430000" startTime="2025-05-14T13:20:31.3146610Z" endTime="2025-05-14T13:25:31.3147553Z" testType="13cdc9d9-ddb5-4fa4-a97d-d965ccfc6d4b" outcome="Passed" testListId="6f9d375e-121e-48c0-ae96-d638bd5b442c" />
    <UnitTestResult executionId="20a2ed9b-dae9-4931-855e-a56d73c5c726" testId="770f9d3b-36d0-43ed-9a9d-9fe7aa6ebc32" testName="Test1302" computerName="UA-LPT-OGA2" duration="00:00:01.6510000" startTime="2025-05-14T13:20:31.3146610Z" endTime="2025-05-14T13:25:31.3147553Z" testType="13cdc9d9-ddb5-4fa4-a97d-d965ccfc6d4b" outcome="Passed" testListId="6f9d375e-121e-48c0-ae96-d638bd5b442c" />
    <UnitTestResult executionId="c74707f6-2627-438d-9be2-afa1b0024ca3" testId="be02d6f4-380d-4b47-8c0c-049d2d3182ab" testName="Test1303" computerName="UA-LPT-OGA2" duration="00:00:01.0630000" startTime="2025-05-14T13:20:31.3146610Z" endTime="2025-05-14T13:25:31.3147553Z" testType="13cdc9d9-ddb5-4fa4-a97d-d965ccfc6d4b" outcome="Passed" testListId="6f9d375e-121e-48c0-ae96-d638bd5b442c" />
    <UnitTestResult executionId="599ade3d-339b-433c-934c-b39224040a56" testId="1d604613-382a-4518-b3a0-84898985528a" testName="Test1304" computerName="UA-LPT-OGA2" duration="00:00:01.9070000" startTime="2025-05-14T13:20:31.3146610Z" endTime="2025-05-14T13:25:31.3147553Z" testType="13cdc9d9-ddb5-4fa4-a97d-d965ccfc6d4b" outcome="Passed" testListId="6f9d375e-121e-48c0-ae96-d638bd5b442c" />
    <UnitTestResult executionId="9ff876be-ab0b-481a-ac02-8ab6d1fb8b1e" testId="34d1ef09-6f63-4592-82a1-5b934111edd7" testName="Test1305" computerName="UA-LPT-OGA2" duration="00:00:01.5310000" startTime="2025-05-14T13:20:31.3146610Z" endTime="2025-05-14T13:25:31.3147553Z" testType="13cdc9d9-ddb5-4fa4-a97d-d965ccfc6d4b" outcome="Passed" testListId="6f9d375e-121e-48c0-ae96-d638bd5b442c" />
    <UnitTestResult executionId="02e3dcc4-c979-4597-92d9-7ceec51c87d5" testId="08451378-dcd1-4d36-aab8-887c692fce4c" testName="Test1306" computerName="UA-LPT-OGA2" duration="00:00:01.5470000" startTime="2025-05-14T13:20:31.3146610Z" endTime="2025-05-14T13:25:31.3147553Z" testType="13cdc9d9-ddb5-4fa4-a97d-d965ccfc6d4b" outcome="Passed" testListId="6f9d375e-121e-48c0-ae96-d638bd5b442c" />
    <UnitTestResult executionId="49efb03f-3d3d-4415-8607-a5eca79e725d" testId="baeb9b8a-b6ee-4ebb-8001-d735fe01ea70" testName="Test1307" computerName="UA-LPT-OGA2" duration="00:00:00.1010000" startTime="2025-05-14T13:20:31.3146610Z" endTime="2025-05-14T13:25:31.3147553Z" testType="13cdc9d9-ddb5-4fa4-a97d-d965ccfc6d4b" outcome="Passed" testListId="6f9d375e-121e-48c0-ae96-d638bd5b442c" />
    <UnitTestResult executionId="e3519742-5e4e-40c5-8950-daab770adf54" testId="cf4ac429-0076-4ccf-a234-556661cd43de" testName="Test1308" computerName="UA-LPT-OGA2" duration="00:00:01.5390000" startTime="2025-05-14T13:20:31.3146610Z" endTime="2025-05-14T13:25:31.3147553Z" testType="13cdc9d9-ddb5-4fa4-a97d-d965ccfc6d4b" outcome="Passed" testListId="6f9d375e-121e-48c0-ae96-d638bd5b442c" />
    <UnitTestResult executionId="702c10e1-05a2-4d09-891c-1b3936c142f1" testId="00eb64aa-f2fc-493f-95e3-64495f1c4c77" testName="Test1309" computerName="UA-LPT-OGA2" duration="00:00:00.9720000" startTime="2025-05-14T13:20:31.3146610Z" endTime="2025-05-14T13:25:31.3147553Z" testType="13cdc9d9-ddb5-4fa4-a97d-d965ccfc6d4b" outcome="Passed" testListId="6f9d375e-121e-48c0-ae96-d638bd5b442c" />
    <UnitTestResult executionId="491315fb-94bb-40bc-a53f-6904080f0cb9" testId="d16d64c9-e2f5-44b6-a293-01f051cdc7b7" testName="Test1310" computerName="UA-LPT-OGA2" duration="00:00:01.2330000" startTime="2025-05-14T13:20:31.3146610Z" endTime="2025-05-14T13:25:31.3147553Z" testType="13cdc9d9-ddb5-4fa4-a97d-d965ccfc6d4b" outcome="Passed" testListId="6f9d375e-121e-48c0-ae96-d638bd5b442c" />
    <UnitTestResult executionId="7390b998-e1ed-4de8-9498-6c9763ebd3f3" testId="29cb5f51-f762-402d-9932-4246fccfed96" testName="Test1311" computerName="UA-LPT-OGA2" duration="00:00:00.0410000" startTime="2025-05-14T13:20:31.3146610Z" endTime="2025-05-14T13:25:31.3147553Z" testType="13cdc9d9-ddb5-4fa4-a97d-d965ccfc6d4b" outcome="Passed" testListId="6f9d375e-121e-48c0-ae96-d638bd5b442c" />
    <UnitTestResult executionId="da5f3077-69bb-4a2b-99d5-f3f8ede83780" testId="9d3fd5b7-74c0-4540-a051-d0c861525ede" testName="Test1312" computerName="UA-LPT-OGA2" duration="00:00:00.8240000" startTime="2025-05-14T13:20:31.3146610Z" endTime="2025-05-14T13:25:31.3147553Z" testType="13cdc9d9-ddb5-4fa4-a97d-d965ccfc6d4b" outcome="Failed" testListId="6f9d375e-121e-48c0-ae96-d638bd5b442c">
      <Output>
        <ErrorInfo>
          <Message>Assertion failed: Expected value did not match actual value.</Message>
          <StackTrace>   at TestNamespace.TestClass.Test() in TestClass.cs:line 319</StackTrace>
        </ErrorInfo>
      </Output>
    </UnitTestResult>
    <UnitTestResult executionId="7d1ff975-da4e-4b7a-9d8f-430183b7917c" testId="eec73065-463b-403a-8c93-231df0f1b2bb" testName="Test1313" computerName="UA-LPT-OGA2" duration="00:00:01.0320000" startTime="2025-05-14T13:20:31.3146610Z" endTime="2025-05-14T13:25:31.3147553Z" testType="13cdc9d9-ddb5-4fa4-a97d-d965ccfc6d4b" outcome="Passed" testListId="6f9d375e-121e-48c0-ae96-d638bd5b442c" />
    <UnitTestResult executionId="b6869870-3f1d-4fc4-b782-16855d1a31ee" testId="ee02a111-fc0a-48a2-82bf-e43d25ed6c71" testName="Test1314" computerName="UA-LPT-OGA2" duration="00:00:01.1290000" startTime="2025-05-14T13:20:31.3146610Z" endTime="2025-05-14T13:25:31.3147553Z" testType="13cdc9d9-ddb5-4fa4-a97d-d965ccfc6d4b" outcome="Passed" testListId="6f9d375e-121e-48c0-ae96-d638bd5b442c" />
    <UnitTestResult executionId="f23b8c75-46de-4e78-89b2-f3f39f65e066" testId="989733c0-0116-4564-96e4-9236d2c95e07" testName="Test1315" computerName="UA-LPT-OGA2" duration="00:00:01.2170000" startTime="2025-05-14T13:20:31.3146610Z" endTime="2025-05-14T13:25:31.3147553Z" testType="13cdc9d9-ddb5-4fa4-a97d-d965ccfc6d4b" outcome="Passed" testListId="6f9d375e-121e-48c0-ae96-d638bd5b442c" />
    <UnitTestResult executionId="a1546a4b-a82a-4e35-a9e3-8cd88f6f5966" testId="6c682cad-777f-46a4-9463-e75ff41209de" testName="Test1316" computerName="UA-LPT-OGA2" duration="00:00:00.9990000" startTime="2025-05-14T13:20:31.3146610Z" endTime="2025-05-14T13:25:31.3147553Z" testType="13cdc9d9-ddb5-4fa4-a97d-d965ccfc6d4b" outcome="Passed" testListId="6f9d375e-121e-48c0-ae96-d638bd5b442c" />
    <UnitTestResult executionId="1ed62c89-71ad-465c-a6e0-591dc91412ab" testId="b7e82604-d8d2-4266-8ddc-312f2a3359d8" testName="Test1317" computerName="UA-LPT-OGA2" duration="00:00:01.4870000" startTime="2025-05-14T13:20:31.3146610Z" endTime="2025-05-14T13:25:31.3147553Z" testType="13cdc9d9-ddb5-4fa4-a97d-d965ccfc6d4b" outcome="Passed" testListId="6f9d375e-121e-48c0-ae96-d638bd5b442c" />
    <UnitTestResult executionId="46bf8504-2691-458e-b3cc-d143192b9341" testId="1e7ca381-2e06-49bb-b288-57f378fb80fd" testName="Test1318" computerName="UA-LPT-OGA2" duration="00:00:01.1160000" startTime="2025-05-14T13:20:31.3146610Z" endTime="2025-05-14T13:25:31.3147553Z" testType="13cdc9d9-ddb5-4fa4-a97d-d965ccfc6d4b" outcome="Passed" testListId="6f9d375e-121e-48c0-ae96-d638bd5b442c" />
    <UnitTestResult executionId="94bab445-e66c-4a5d-a470-1cc9d8d8cebc" testId="a346c1b5-c431-4584-9098-5f284e6c30dc" testName="Test1319" computerName="UA-LPT-OGA2" duration="00:00:00.3270000" startTime="2025-05-14T13:20:31.3146610Z" endTime="2025-05-14T13:25:31.3147553Z" testType="13cdc9d9-ddb5-4fa4-a97d-d965ccfc6d4b" outcome="Passed" testListId="6f9d375e-121e-48c0-ae96-d638bd5b442c" />
    <UnitTestResult executionId="16ab5e07-c6f9-4e73-972d-4fb5618067bf" testId="93af4640-06e4-493f-a6de-af1e5540abf0" testName="Test1320" computerName="UA-LPT-OGA2" duration="00:00:00.8370000" startTime="2025-05-14T13:20:31.3146610Z" endTime="2025-05-14T13:25:31.3147553Z" testType="13cdc9d9-ddb5-4fa4-a97d-d965ccfc6d4b" outcome="Passed" testListId="6f9d375e-121e-48c0-ae96-d638bd5b442c" />
    <UnitTestResult executionId="674cc8c2-c899-47e2-b667-820a99a916cc" testId="86440932-bc4b-4acd-bd74-40bd5babb6e7" testName="Test1321" computerName="UA-LPT-OGA2" duration="00:00:00.6450000" startTime="2025-05-14T13:20:31.3146610Z" endTime="2025-05-14T13:25:31.3147553Z" testType="13cdc9d9-ddb5-4fa4-a97d-d965ccfc6d4b" outcome="Passed" testListId="6f9d375e-121e-48c0-ae96-d638bd5b442c" />
    <UnitTestResult executionId="a44e5008-ab61-4b5f-a3e1-187e9b6932c0" testId="b996500a-25fd-46fd-be19-ea51f04ecddf" testName="Test1322" computerName="UA-LPT-OGA2" duration="00:00:00.8980000" startTime="2025-05-14T13:20:31.3146610Z" endTime="2025-05-14T13:25:31.3147553Z" testType="13cdc9d9-ddb5-4fa4-a97d-d965ccfc6d4b" outcome="Passed" testListId="6f9d375e-121e-48c0-ae96-d638bd5b442c" />
    <UnitTestResult executionId="81824225-d24c-48f4-bb1a-a94fdfdb1d8e" testId="ecd4bbca-36c7-4528-bb9b-1280dcf804f0" testName="Test1323" computerName="UA-LPT-OGA2" duration="00:00:01.7410000" startTime="2025-05-14T13:20:31.3146610Z" endTime="2025-05-14T13:25:31.3147553Z" testType="13cdc9d9-ddb5-4fa4-a97d-d965ccfc6d4b" outcome="Passed" testListId="6f9d375e-121e-48c0-ae96-d638bd5b442c" />
    <UnitTestResult executionId="302d8a7b-c755-4a97-ab1c-32d80f6db0a3" testId="4c33d149-d2f2-413f-8f21-9bea173b6f9b" testName="Test1324" computerName="UA-LPT-OGA2" duration="00:00:00.6340000" startTime="2025-05-14T13:20:31.3146610Z" endTime="2025-05-14T13:25:31.3147553Z" testType="13cdc9d9-ddb5-4fa4-a97d-d965ccfc6d4b" outcome="Passed" testListId="6f9d375e-121e-48c0-ae96-d638bd5b442c" />
    <UnitTestResult executionId="f724abc8-9af9-4642-b4d4-55b042b7de75" testId="343bbb98-3e7b-42fb-a094-99447793dfda" testName="Test1325" computerName="UA-LPT-OGA2" duration="00:00:00.6480000" startTime="2025-05-14T13:20:31.3146610Z" endTime="2025-05-14T13:25:31.3147553Z" testType="13cdc9d9-ddb5-4fa4-a97d-d965ccfc6d4b" outcome="Passed" testListId="6f9d375e-121e-48c0-ae96-d638bd5b442c" />
    <UnitTestResult executionId="fba3c273-ac0c-4830-977f-7ccd532ceed6" testId="ea3b8316-89df-4778-95e6-f129a3093ab2" testName="Test1326" computerName="UA-LPT-OGA2" duration="00:00:00.1870000" startTime="2025-05-14T13:20:31.3146610Z" endTime="2025-05-14T13:25:31.3147553Z" testType="13cdc9d9-ddb5-4fa4-a97d-d965ccfc6d4b" outcome="Passed" testListId="6f9d375e-121e-48c0-ae96-d638bd5b442c" />
    <UnitTestResult executionId="1d0c2a65-3206-4829-9509-afec1151bdc8" testId="249922e8-e78d-45af-a625-1b6e42e4ac65" testName="Test1327" computerName="UA-LPT-OGA2" duration="00:00:01.8260000" startTime="2025-05-14T13:20:31.3146610Z" endTime="2025-05-14T13:25:31.3147553Z" testType="13cdc9d9-ddb5-4fa4-a97d-d965ccfc6d4b" outcome="Passed" testListId="6f9d375e-121e-48c0-ae96-d638bd5b442c" />
    <UnitTestResult executionId="9a58eff9-2515-4075-ad84-12654c5ba58d" testId="643f1173-a8f0-4365-a5b0-6e7888e1f0fc" testName="Test1328" computerName="UA-LPT-OGA2" duration="00:00:00.2000000" startTime="2025-05-14T13:20:31.3146610Z" endTime="2025-05-14T13:25:31.3147553Z" testType="13cdc9d9-ddb5-4fa4-a97d-d965ccfc6d4b" outcome="Failed" testListId="6f9d375e-121e-48c0-ae96-d638bd5b442c">
      <Output>
        <ErrorInfo>
          <Message>Assertion failed: Expected value did not match actual value.</Message>
          <StackTrace>   at TestNamespace.TestClass.Test() in TestClass.cs:line 20</StackTrace>
        </ErrorInfo>
      </Output>
    </UnitTestResult>
    <UnitTestResult executionId="bdbff79e-5657-400b-a4f2-7bc843c50916" testId="3ac1c1c0-8723-415d-8da4-9ada6c2c7092" testName="Test1329" computerName="UA-LPT-OGA2" duration="00:00:00.3640000" startTime="2025-05-14T13:20:31.3146610Z" endTime="2025-05-14T13:25:31.3147553Z" testType="13cdc9d9-ddb5-4fa4-a97d-d965ccfc6d4b" outcome="Passed" testListId="6f9d375e-121e-48c0-ae96-d638bd5b442c" />
    <UnitTestResult executionId="4cfe1e48-13c8-4fa5-be1c-9781ac1d13f6" testId="98da5296-3b56-43b1-ba86-2a281d4caf6b" testName="Test1330" computerName="UA-LPT-OGA2" duration="00:00:00.9690000" startTime="2025-05-14T13:20:31.3146610Z" endTime="2025-05-14T13:25:31.3147553Z" testType="13cdc9d9-ddb5-4fa4-a97d-d965ccfc6d4b" outcome="Passed" testListId="6f9d375e-121e-48c0-ae96-d638bd5b442c" />
    <UnitTestResult executionId="e524e48d-e8c0-4679-a3d5-4917bc47642e" testId="d70dd5b0-2743-47fe-806e-111dbe0e9190" testName="Test1331" computerName="UA-LPT-OGA2" duration="00:00:01.8570000" startTime="2025-05-14T13:20:31.3146610Z" endTime="2025-05-14T13:25:31.3147553Z" testType="13cdc9d9-ddb5-4fa4-a97d-d965ccfc6d4b" outcome="Failed" testListId="6f9d375e-121e-48c0-ae96-d638bd5b442c">
      <Output>
        <ErrorInfo>
          <Message>Assertion failed: Expected value did not match actual value.</Message>
          <StackTrace>   at TestNamespace.TestClass.Test() in TestClass.cs:line 36</StackTrace>
        </ErrorInfo>
      </Output>
    </UnitTestResult>
    <UnitTestResult executionId="36f7bb79-ecc2-4243-91ce-58c1b29de0d6" testId="0522aa61-79eb-485b-bc7b-57b212318b0a" testName="Test1332" computerName="UA-LPT-OGA2" duration="00:00:01.9950000" startTime="2025-05-14T13:20:31.3146610Z" endTime="2025-05-14T13:25:31.3147553Z" testType="13cdc9d9-ddb5-4fa4-a97d-d965ccfc6d4b" outcome="Passed" testListId="6f9d375e-121e-48c0-ae96-d638bd5b442c" />
    <UnitTestResult executionId="e9d90850-325c-48f4-87f6-b4fa6d1ce705" testId="ed4da9fb-f59c-47c1-a71d-d8156b82d520" testName="Test1333" computerName="UA-LPT-OGA2" duration="00:00:01.0780000" startTime="2025-05-14T13:20:31.3146610Z" endTime="2025-05-14T13:25:31.3147553Z" testType="13cdc9d9-ddb5-4fa4-a97d-d965ccfc6d4b" outcome="Passed" testListId="6f9d375e-121e-48c0-ae96-d638bd5b442c" />
    <UnitTestResult executionId="8f865565-3638-4b96-ae57-bb2d878391b2" testId="07d7c2ae-47e1-4965-9594-d487af07fc23" testName="Test1334" computerName="UA-LPT-OGA2" duration="00:00:00.0740000" startTime="2025-05-14T13:20:31.3146610Z" endTime="2025-05-14T13:25:31.3147553Z" testType="13cdc9d9-ddb5-4fa4-a97d-d965ccfc6d4b" outcome="Passed" testListId="6f9d375e-121e-48c0-ae96-d638bd5b442c" />
    <UnitTestResult executionId="5aa0397c-b954-4aa5-b0ee-4e8b51d029e4" testId="208787c7-a60a-4281-8319-359680e2b299" testName="Test1335" computerName="UA-LPT-OGA2" duration="00:00:00.7400000" startTime="2025-05-14T13:20:31.3146610Z" endTime="2025-05-14T13:25:31.3147553Z" testType="13cdc9d9-ddb5-4fa4-a97d-d965ccfc6d4b" outcome="Passed" testListId="6f9d375e-121e-48c0-ae96-d638bd5b442c" />
    <UnitTestResult executionId="00e0099d-2626-4f74-9e83-70ca305532f2" testId="a7e077a5-e26e-45b0-b031-dbc5de6a433a" testName="Test1336" computerName="UA-LPT-OGA2" duration="00:00:01.6100000" startTime="2025-05-14T13:20:31.3146610Z" endTime="2025-05-14T13:25:31.3147553Z" testType="13cdc9d9-ddb5-4fa4-a97d-d965ccfc6d4b" outcome="Passed" testListId="6f9d375e-121e-48c0-ae96-d638bd5b442c" />
    <UnitTestResult executionId="2b5c7b19-559a-4ce9-9027-e308e85bae82" testId="c8bb8847-2bba-49c6-b9d1-0dd222e04ef1" testName="Test1337" computerName="UA-LPT-OGA2" duration="00:00:00.9550000" startTime="2025-05-14T13:20:31.3146610Z" endTime="2025-05-14T13:25:31.3147553Z" testType="13cdc9d9-ddb5-4fa4-a97d-d965ccfc6d4b" outcome="Passed" testListId="6f9d375e-121e-48c0-ae96-d638bd5b442c" />
    <UnitTestResult executionId="73a8e970-ec95-4e42-9140-3fdc490cf07c" testId="25d0218f-ceec-4c84-972b-a9ad8bf40ff4" testName="Test1338" computerName="UA-LPT-OGA2" duration="00:00:01.2980000" startTime="2025-05-14T13:20:31.3146610Z" endTime="2025-05-14T13:25:31.3147553Z" testType="13cdc9d9-ddb5-4fa4-a97d-d965ccfc6d4b" outcome="Passed" testListId="6f9d375e-121e-48c0-ae96-d638bd5b442c" />
    <UnitTestResult executionId="befe9679-ed2e-4b6b-bc0c-87b3c1c6a01d" testId="1faa8c22-7296-476b-8232-dc8cfc4caf71" testName="Test1339" computerName="UA-LPT-OGA2" duration="00:00:00.3150000" startTime="2025-05-14T13:20:31.3146610Z" endTime="2025-05-14T13:25:31.3147553Z" testType="13cdc9d9-ddb5-4fa4-a97d-d965ccfc6d4b" outcome="Failed" testListId="6f9d375e-121e-48c0-ae96-d638bd5b442c">
      <Output>
        <ErrorInfo>
          <Message>Assertion failed: Expected value did not match actual value.</Message>
          <StackTrace>   at TestNamespace.TestClass.Test() in TestClass.cs:line 462</StackTrace>
        </ErrorInfo>
      </Output>
    </UnitTestResult>
    <UnitTestResult executionId="18dddc7c-be2f-4c4b-b07c-0862a2528ad3" testId="f5b39af2-f2f4-42d4-b81e-e99f2f03367b" testName="Test1340" computerName="UA-LPT-OGA2" duration="00:00:01.5030000" startTime="2025-05-14T13:20:31.3146610Z" endTime="2025-05-14T13:25:31.3147553Z" testType="13cdc9d9-ddb5-4fa4-a97d-d965ccfc6d4b" outcome="Passed" testListId="6f9d375e-121e-48c0-ae96-d638bd5b442c" />
    <UnitTestResult executionId="b8480016-fa4f-4c93-b0e2-d5a663296049" testId="e06ad637-c5ed-4eb5-81f2-fe81a6529ff1" testName="Test1341" computerName="UA-LPT-OGA2" duration="00:00:00.7430000" startTime="2025-05-14T13:20:31.3146610Z" endTime="2025-05-14T13:25:31.3147553Z" testType="13cdc9d9-ddb5-4fa4-a97d-d965ccfc6d4b" outcome="Passed" testListId="6f9d375e-121e-48c0-ae96-d638bd5b442c" />
    <UnitTestResult executionId="7d509483-9b57-4492-992f-e32d726da08e" testId="eb5035a4-d756-4615-b3f3-801e7aca2f88" testName="Test1342" computerName="UA-LPT-OGA2" duration="00:00:01.2730000" startTime="2025-05-14T13:20:31.3146610Z" endTime="2025-05-14T13:25:31.3147553Z" testType="13cdc9d9-ddb5-4fa4-a97d-d965ccfc6d4b" outcome="Failed" testListId="6f9d375e-121e-48c0-ae96-d638bd5b442c">
      <Output>
        <ErrorInfo>
          <Message>Assertion failed: Expected value did not match actual value.</Message>
          <StackTrace>   at TestNamespace.TestClass.Test() in TestClass.cs:line 237</StackTrace>
        </ErrorInfo>
      </Output>
    </UnitTestResult>
    <UnitTestResult executionId="3a226b0e-08ea-4770-9bac-8401be9b08de" testId="4d915d22-1c9c-455d-83ad-d7344e4c40f6" testName="Test1343" computerName="UA-LPT-OGA2" duration="00:00:00.2870000" startTime="2025-05-14T13:20:31.3146610Z" endTime="2025-05-14T13:25:31.3147553Z" testType="13cdc9d9-ddb5-4fa4-a97d-d965ccfc6d4b" outcome="Failed" testListId="6f9d375e-121e-48c0-ae96-d638bd5b442c">
      <Output>
        <ErrorInfo>
          <Message>Assertion failed: Expected value did not match actual value.</Message>
          <StackTrace>   at TestNamespace.TestClass.Test() in TestClass.cs:line 428</StackTrace>
        </ErrorInfo>
      </Output>
    </UnitTestResult>
    <UnitTestResult executionId="7722711b-680d-4f83-be92-befdb5c87524" testId="c4407be8-4f8f-4f70-98f4-357ff6d37b4a" testName="Test1344" computerName="UA-LPT-OGA2" duration="00:00:01.1400000" startTime="2025-05-14T13:20:31.3146610Z" endTime="2025-05-14T13:25:31.3147553Z" testType="13cdc9d9-ddb5-4fa4-a97d-d965ccfc6d4b" outcome="Passed" testListId="6f9d375e-121e-48c0-ae96-d638bd5b442c" />
    <UnitTestResult executionId="7e313d27-023f-4b1d-b037-b4be8066131e" testId="5a16b5f7-e029-4769-9ad8-90d18c4ebc8b" testName="Test1345" computerName="UA-LPT-OGA2" duration="00:00:00.5330000" startTime="2025-05-14T13:20:31.3146610Z" endTime="2025-05-14T13:25:31.3147553Z" testType="13cdc9d9-ddb5-4fa4-a97d-d965ccfc6d4b" outcome="Passed" testListId="6f9d375e-121e-48c0-ae96-d638bd5b442c" />
    <UnitTestResult executionId="251564c7-97cf-40c3-80ec-3d391bcee9a6" testId="31b6fd36-4af1-4272-ab7c-c2f8addda557" testName="Test1346" computerName="UA-LPT-OGA2" duration="00:00:01.5430000" startTime="2025-05-14T13:20:31.3146610Z" endTime="2025-05-14T13:25:31.3147553Z" testType="13cdc9d9-ddb5-4fa4-a97d-d965ccfc6d4b" outcome="Passed" testListId="6f9d375e-121e-48c0-ae96-d638bd5b442c" />
    <UnitTestResult executionId="61bacfd7-715d-4550-94d5-c24e5fa88f5d" testId="c0e2204a-508b-4d55-94ed-66e4bc4e8f45" testName="Test1347" computerName="UA-LPT-OGA2" duration="00:00:00.0670000" startTime="2025-05-14T13:20:31.3146610Z" endTime="2025-05-14T13:25:31.3147553Z" testType="13cdc9d9-ddb5-4fa4-a97d-d965ccfc6d4b" outcome="Inconclusive" testListId="6f9d375e-121e-48c0-ae96-d638bd5b442c" />
    <UnitTestResult executionId="f4b7054a-e2d7-41dc-8262-32fb51c5606a" testId="e959e5d0-858a-4be3-971b-dc599e1e3179" testName="Test1348" computerName="UA-LPT-OGA2" duration="00:00:01.8940000" startTime="2025-05-14T13:20:31.3146610Z" endTime="2025-05-14T13:25:31.3147553Z" testType="13cdc9d9-ddb5-4fa4-a97d-d965ccfc6d4b" outcome="Passed" testListId="6f9d375e-121e-48c0-ae96-d638bd5b442c" />
    <UnitTestResult executionId="4f7e8d17-c140-46ca-9e7a-47cda3b3ea62" testId="77348847-73b0-441b-9c6d-ebbffff41834" testName="Test1349" computerName="UA-LPT-OGA2" duration="00:00:00.7500000" startTime="2025-05-14T13:20:31.3146610Z" endTime="2025-05-14T13:25:31.3147553Z" testType="13cdc9d9-ddb5-4fa4-a97d-d965ccfc6d4b" outcome="Passed" testListId="6f9d375e-121e-48c0-ae96-d638bd5b442c" />
    <UnitTestResult executionId="1f9077a9-c90b-4b5e-9b80-b73562e1f8f3" testId="77171a87-6dd8-484f-9f71-58c39c4ded0b" testName="Test1350" computerName="UA-LPT-OGA2" duration="00:00:00.8730000" startTime="2025-05-14T13:20:31.3146610Z" endTime="2025-05-14T13:25:31.3147553Z" testType="13cdc9d9-ddb5-4fa4-a97d-d965ccfc6d4b" outcome="Passed" testListId="6f9d375e-121e-48c0-ae96-d638bd5b442c" />
    <UnitTestResult executionId="af111a55-04d9-4714-bad5-8337750eb575" testId="be1ea1a9-633c-45d9-9889-b3e33e2a70c1" testName="Test1351" computerName="UA-LPT-OGA2" duration="00:00:00.9630000" startTime="2025-05-14T13:20:31.3146610Z" endTime="2025-05-14T13:25:31.3147553Z" testType="13cdc9d9-ddb5-4fa4-a97d-d965ccfc6d4b" outcome="Passed" testListId="6f9d375e-121e-48c0-ae96-d638bd5b442c" />
    <UnitTestResult executionId="073989da-341a-4b50-9508-357c12af364e" testId="4c75c182-56f3-492e-b885-24dc07faa96e" testName="Test1352" computerName="UA-LPT-OGA2" duration="00:00:00.3950000" startTime="2025-05-14T13:20:31.3146610Z" endTime="2025-05-14T13:25:31.3147553Z" testType="13cdc9d9-ddb5-4fa4-a97d-d965ccfc6d4b" outcome="Passed" testListId="6f9d375e-121e-48c0-ae96-d638bd5b442c" />
    <UnitTestResult executionId="122a9c8b-64b8-465f-8676-4f4e2ebfbadd" testId="332c4890-8433-41cc-9b34-260b47b7b047" testName="Test1353" computerName="UA-LPT-OGA2" duration="00:00:01.6800000" startTime="2025-05-14T13:20:31.3146610Z" endTime="2025-05-14T13:25:31.3147553Z" testType="13cdc9d9-ddb5-4fa4-a97d-d965ccfc6d4b" outcome="Passed" testListId="6f9d375e-121e-48c0-ae96-d638bd5b442c" />
    <UnitTestResult executionId="e38888e7-3996-404d-b98c-3a04f0449673" testId="ea1cefe1-1145-48ea-b398-99cb34a84389" testName="Test1354" computerName="UA-LPT-OGA2" duration="00:00:00.6010000" startTime="2025-05-14T13:20:31.3146610Z" endTime="2025-05-14T13:25:31.3147553Z" testType="13cdc9d9-ddb5-4fa4-a97d-d965ccfc6d4b" outcome="Passed" testListId="6f9d375e-121e-48c0-ae96-d638bd5b442c" />
    <UnitTestResult executionId="0964a377-3434-42e5-92d6-3720be9d3931" testId="8a7c1e89-3a8e-4b38-a2c7-7b045b602dde" testName="Test1355" computerName="UA-LPT-OGA2" duration="00:00:01.4570000" startTime="2025-05-14T13:20:31.3146610Z" endTime="2025-05-14T13:25:31.3147553Z" testType="13cdc9d9-ddb5-4fa4-a97d-d965ccfc6d4b" outcome="Passed" testListId="6f9d375e-121e-48c0-ae96-d638bd5b442c" />
    <UnitTestResult executionId="6936a833-f7d4-4918-b596-f4da38b4afe2" testId="d7eba138-c8d2-4514-869f-39a9fda0fb61" testName="Test1356" computerName="UA-LPT-OGA2" duration="00:00:01.5710000" startTime="2025-05-14T13:20:31.3146610Z" endTime="2025-05-14T13:25:31.3147553Z" testType="13cdc9d9-ddb5-4fa4-a97d-d965ccfc6d4b" outcome="Passed" testListId="6f9d375e-121e-48c0-ae96-d638bd5b442c" />
    <UnitTestResult executionId="4d40e178-8a15-4090-af19-333e8332672f" testId="88c46e89-ed09-4f40-a8de-7e76ccd09b51" testName="Test1357" computerName="UA-LPT-OGA2" duration="00:00:01.5890000" startTime="2025-05-14T13:20:31.3146610Z" endTime="2025-05-14T13:25:31.3147553Z" testType="13cdc9d9-ddb5-4fa4-a97d-d965ccfc6d4b" outcome="Passed" testListId="6f9d375e-121e-48c0-ae96-d638bd5b442c" />
    <UnitTestResult executionId="a677289a-9666-4cd9-996e-3851a60e1ba9" testId="bf8dba9c-4646-4142-86e5-58c9d37d8fb9" testName="Test1358" computerName="UA-LPT-OGA2" duration="00:00:00.4850000" startTime="2025-05-14T13:20:31.3146610Z" endTime="2025-05-14T13:25:31.3147553Z" testType="13cdc9d9-ddb5-4fa4-a97d-d965ccfc6d4b" outcome="Passed" testListId="6f9d375e-121e-48c0-ae96-d638bd5b442c" />
    <UnitTestResult executionId="85935834-787c-415c-987d-adc495efb975" testId="167d579c-f520-4484-976d-f151366e117c" testName="Test1359" computerName="UA-LPT-OGA2" duration="00:00:00.7080000" startTime="2025-05-14T13:20:31.3146610Z" endTime="2025-05-14T13:25:31.3147553Z" testType="13cdc9d9-ddb5-4fa4-a97d-d965ccfc6d4b" outcome="Passed" testListId="6f9d375e-121e-48c0-ae96-d638bd5b442c" />
    <UnitTestResult executionId="9b3623f2-b211-4555-980a-c0da08fe9385" testId="088ee8c7-1312-46e0-9ba3-f0fcb6cfd080" testName="Test1360" computerName="UA-LPT-OGA2" duration="00:00:00.9020000" startTime="2025-05-14T13:20:31.3146610Z" endTime="2025-05-14T13:25:31.3147553Z" testType="13cdc9d9-ddb5-4fa4-a97d-d965ccfc6d4b" outcome="Passed" testListId="6f9d375e-121e-48c0-ae96-d638bd5b442c" />
    <UnitTestResult executionId="2459d5ea-ec85-4793-9694-79fe314bc2a6" testId="28ac7882-6e2e-4440-8338-e57c6dea9ba1" testName="Test1361" computerName="UA-LPT-OGA2" duration="00:00:00.3060000" startTime="2025-05-14T13:20:31.3146610Z" endTime="2025-05-14T13:25:31.3147553Z" testType="13cdc9d9-ddb5-4fa4-a97d-d965ccfc6d4b" outcome="Passed" testListId="6f9d375e-121e-48c0-ae96-d638bd5b442c" />
    <UnitTestResult executionId="55cb193c-7dd8-43ef-8b7d-18fa178e5bcb" testId="4ea2c9f3-e9c6-467e-8d54-3a2431b056a4" testName="Test1362" computerName="UA-LPT-OGA2" duration="00:00:01.0570000" startTime="2025-05-14T13:20:31.3146610Z" endTime="2025-05-14T13:25:31.3147553Z" testType="13cdc9d9-ddb5-4fa4-a97d-d965ccfc6d4b" outcome="Passed" testListId="6f9d375e-121e-48c0-ae96-d638bd5b442c" />
    <UnitTestResult executionId="f1d5e5eb-a64d-48f9-8e9d-61a1e4a8119e" testId="ec8f723c-0843-470c-8fef-1ba7075059cb" testName="Test1363" computerName="UA-LPT-OGA2" duration="00:00:01.2240000" startTime="2025-05-14T13:20:31.3146610Z" endTime="2025-05-14T13:25:31.3147553Z" testType="13cdc9d9-ddb5-4fa4-a97d-d965ccfc6d4b" outcome="Passed" testListId="6f9d375e-121e-48c0-ae96-d638bd5b442c" />
    <UnitTestResult executionId="b0038bf3-a898-49c3-9805-1c685fb59806" testId="67918054-d442-409a-b34b-26a2e62da1a1" testName="Test1364" computerName="UA-LPT-OGA2" duration="00:00:00.9320000" startTime="2025-05-14T13:20:31.3146610Z" endTime="2025-05-14T13:25:31.3147553Z" testType="13cdc9d9-ddb5-4fa4-a97d-d965ccfc6d4b" outcome="Passed" testListId="6f9d375e-121e-48c0-ae96-d638bd5b442c" />
    <UnitTestResult executionId="47867795-2824-48ef-b75c-50b6be4a2c73" testId="6cbdb461-504d-4cb7-8780-ed7e995d5a92" testName="Test1365" computerName="UA-LPT-OGA2" duration="00:00:01.8340000" startTime="2025-05-14T13:20:31.3146610Z" endTime="2025-05-14T13:25:31.3147553Z" testType="13cdc9d9-ddb5-4fa4-a97d-d965ccfc6d4b" outcome="Failed" testListId="6f9d375e-121e-48c0-ae96-d638bd5b442c">
      <Output>
        <ErrorInfo>
          <Message>Assertion failed: Expected value did not match actual value.</Message>
          <StackTrace>   at TestNamespace.TestClass.Test() in TestClass.cs:line 252</StackTrace>
        </ErrorInfo>
      </Output>
    </UnitTestResult>
    <UnitTestResult executionId="01ae864f-1669-46f1-a590-946947b13a1e" testId="d7997656-da11-4c8b-ac4c-273c6e01a8d5" testName="Test1366" computerName="UA-LPT-OGA2" duration="00:00:01.2380000" startTime="2025-05-14T13:20:31.3146610Z" endTime="2025-05-14T13:25:31.3147553Z" testType="13cdc9d9-ddb5-4fa4-a97d-d965ccfc6d4b" outcome="Passed" testListId="6f9d375e-121e-48c0-ae96-d638bd5b442c" />
    <UnitTestResult executionId="b14386c2-454b-4c3e-b906-ec6a2f90f890" testId="50aed77f-171b-4d36-84c3-2c2a401388a6" testName="Test1367" computerName="UA-LPT-OGA2" duration="00:00:00.5220000" startTime="2025-05-14T13:20:31.3146610Z" endTime="2025-05-14T13:25:31.3147553Z" testType="13cdc9d9-ddb5-4fa4-a97d-d965ccfc6d4b" outcome="Passed" testListId="6f9d375e-121e-48c0-ae96-d638bd5b442c" />
    <UnitTestResult executionId="0d0e9ebb-9462-4132-a465-192046d7977e" testId="ec262027-63ea-4100-a6b7-9e1b8e52b7a8" testName="Test1368" computerName="UA-LPT-OGA2" duration="00:00:01.2890000" startTime="2025-05-14T13:20:31.3146610Z" endTime="2025-05-14T13:25:31.3147553Z" testType="13cdc9d9-ddb5-4fa4-a97d-d965ccfc6d4b" outcome="Passed" testListId="6f9d375e-121e-48c0-ae96-d638bd5b442c" />
    <UnitTestResult executionId="7970dca1-923a-4671-be78-c67735c81086" testId="47e3cb10-d859-4eab-bd05-6bcf395ab36d" testName="Test1369" computerName="UA-LPT-OGA2" duration="00:00:00.9360000" startTime="2025-05-14T13:20:31.3146610Z" endTime="2025-05-14T13:25:31.3147553Z" testType="13cdc9d9-ddb5-4fa4-a97d-d965ccfc6d4b" outcome="Passed" testListId="6f9d375e-121e-48c0-ae96-d638bd5b442c" />
    <UnitTestResult executionId="9e6c4f65-b870-433b-8d07-cc7a02c482b0" testId="310dafec-0251-4aa9-b944-b5b044c8783b" testName="Test1370" computerName="UA-LPT-OGA2" duration="00:00:01.2060000" startTime="2025-05-14T13:20:31.3146610Z" endTime="2025-05-14T13:25:31.3147553Z" testType="13cdc9d9-ddb5-4fa4-a97d-d965ccfc6d4b" outcome="Passed" testListId="6f9d375e-121e-48c0-ae96-d638bd5b442c" />
    <UnitTestResult executionId="054dc91f-5018-4f36-9314-979a1f7ccea4" testId="2e6b5d4b-441f-4893-b4e1-8c13f9f108c7" testName="Test1371" computerName="UA-LPT-OGA2" duration="00:00:01.8020000" startTime="2025-05-14T13:20:31.3146610Z" endTime="2025-05-14T13:25:31.3147553Z" testType="13cdc9d9-ddb5-4fa4-a97d-d965ccfc6d4b" outcome="Passed" testListId="6f9d375e-121e-48c0-ae96-d638bd5b442c" />
    <UnitTestResult executionId="d77e8705-af2f-4520-b328-867e3b1ed929" testId="5902114a-a2b8-449c-9377-ce1238dc6aa1" testName="Test1372" computerName="UA-LPT-OGA2" duration="00:00:01.4100000" startTime="2025-05-14T13:20:31.3146610Z" endTime="2025-05-14T13:25:31.3147553Z" testType="13cdc9d9-ddb5-4fa4-a97d-d965ccfc6d4b" outcome="Passed" testListId="6f9d375e-121e-48c0-ae96-d638bd5b442c" />
    <UnitTestResult executionId="aa93e8ed-ae3b-440b-8449-9c6a8067a54c" testId="af2ca3f2-d510-42c5-9a53-a469aff3ab3d" testName="Test1373" computerName="UA-LPT-OGA2" duration="00:00:01.8820000" startTime="2025-05-14T13:20:31.3146610Z" endTime="2025-05-14T13:25:31.3147553Z" testType="13cdc9d9-ddb5-4fa4-a97d-d965ccfc6d4b" outcome="Passed" testListId="6f9d375e-121e-48c0-ae96-d638bd5b442c" />
    <UnitTestResult executionId="6985b399-ab8b-4a0b-8d69-78a1e5d8f32f" testId="f368a979-d29c-495b-9474-3baacb619524" testName="Test1374" computerName="UA-LPT-OGA2" duration="00:00:00.9700000" startTime="2025-05-14T13:20:31.3146610Z" endTime="2025-05-14T13:25:31.3147553Z" testType="13cdc9d9-ddb5-4fa4-a97d-d965ccfc6d4b" outcome="Passed" testListId="6f9d375e-121e-48c0-ae96-d638bd5b442c" />
    <UnitTestResult executionId="aedb87a7-b1eb-4ca1-9607-156f949ecd59" testId="c1e3b456-9d18-4765-9a88-5f2650172e0f" testName="Test1375" computerName="UA-LPT-OGA2" duration="00:00:01.7610000" startTime="2025-05-14T13:20:31.3146610Z" endTime="2025-05-14T13:25:31.3147553Z" testType="13cdc9d9-ddb5-4fa4-a97d-d965ccfc6d4b" outcome="Passed" testListId="6f9d375e-121e-48c0-ae96-d638bd5b442c" />
    <UnitTestResult executionId="bf7725c4-af6e-40b1-90ef-754afb4b1e30" testId="c43f6552-de39-4890-a973-5f0dd2813d27" testName="Test1376" computerName="UA-LPT-OGA2" duration="00:00:00.2890000" startTime="2025-05-14T13:20:31.3146610Z" endTime="2025-05-14T13:25:31.3147553Z" testType="13cdc9d9-ddb5-4fa4-a97d-d965ccfc6d4b" outcome="Passed" testListId="6f9d375e-121e-48c0-ae96-d638bd5b442c" />
    <UnitTestResult executionId="00303d23-2407-4781-a851-c265895794bd" testId="c5f333dd-69da-4c52-85f1-4b876395d33b" testName="Test1377" computerName="UA-LPT-OGA2" duration="00:00:00.3280000" startTime="2025-05-14T13:20:31.3146610Z" endTime="2025-05-14T13:25:31.3147553Z" testType="13cdc9d9-ddb5-4fa4-a97d-d965ccfc6d4b" outcome="Passed" testListId="6f9d375e-121e-48c0-ae96-d638bd5b442c" />
    <UnitTestResult executionId="c86d071b-670a-442a-a12a-dbaeaaf50c64" testId="3fdcb282-4965-4d30-86d4-16ec946f4245" testName="Test1378" computerName="UA-LPT-OGA2" duration="00:00:01.7270000" startTime="2025-05-14T13:20:31.3146610Z" endTime="2025-05-14T13:25:31.3147553Z" testType="13cdc9d9-ddb5-4fa4-a97d-d965ccfc6d4b" outcome="Passed" testListId="6f9d375e-121e-48c0-ae96-d638bd5b442c" />
    <UnitTestResult executionId="2cc46d17-7ec2-4706-979f-25c58d181a71" testId="aa6f05c0-5503-4f7e-b6aa-a022f19b484d" testName="Test1379" computerName="UA-LPT-OGA2" duration="00:00:00.2010000" startTime="2025-05-14T13:20:31.3146610Z" endTime="2025-05-14T13:25:31.3147553Z" testType="13cdc9d9-ddb5-4fa4-a97d-d965ccfc6d4b" outcome="Passed" testListId="6f9d375e-121e-48c0-ae96-d638bd5b442c" />
    <UnitTestResult executionId="b41c5567-8aee-44eb-9a8b-809b197f2ba3" testId="1ac3801e-cea2-4606-9a09-b0ae5716ac19" testName="Test1380" computerName="UA-LPT-OGA2" duration="00:00:00.9430000" startTime="2025-05-14T13:20:31.3146610Z" endTime="2025-05-14T13:25:31.3147553Z" testType="13cdc9d9-ddb5-4fa4-a97d-d965ccfc6d4b" outcome="Failed" testListId="6f9d375e-121e-48c0-ae96-d638bd5b442c">
      <Output>
        <ErrorInfo>
          <Message>Assertion failed: Expected value did not match actual value.</Message>
          <StackTrace>   at TestNamespace.TestClass.Test() in TestClass.cs:line 166</StackTrace>
        </ErrorInfo>
      </Output>
    </UnitTestResult>
    <UnitTestResult executionId="fcdbc8d6-a4e2-4e2e-a237-cb0cee5a6011" testId="61fa7a38-2a01-4469-9d75-2806bd1ec6eb" testName="Test1381" computerName="UA-LPT-OGA2" duration="00:00:00.3370000" startTime="2025-05-14T13:20:31.3146610Z" endTime="2025-05-14T13:25:31.3147553Z" testType="13cdc9d9-ddb5-4fa4-a97d-d965ccfc6d4b" outcome="Passed" testListId="6f9d375e-121e-48c0-ae96-d638bd5b442c" />
    <UnitTestResult executionId="050db43b-beed-4989-adab-983e60bcc64d" testId="c81ffa2a-3e17-4085-8d76-642b619817b4" testName="Test1382" computerName="UA-LPT-OGA2" duration="00:00:00.8810000" startTime="2025-05-14T13:20:31.3146610Z" endTime="2025-05-14T13:25:31.3147553Z" testType="13cdc9d9-ddb5-4fa4-a97d-d965ccfc6d4b" outcome="Passed" testListId="6f9d375e-121e-48c0-ae96-d638bd5b442c" />
    <UnitTestResult executionId="8e88edcb-6ee0-4161-9294-0a8167491494" testId="cf76e046-2b45-4fea-b5e2-f7698bb90186" testName="Test1383" computerName="UA-LPT-OGA2" duration="00:00:00.1980000" startTime="2025-05-14T13:20:31.3146610Z" endTime="2025-05-14T13:25:31.3147553Z" testType="13cdc9d9-ddb5-4fa4-a97d-d965ccfc6d4b" outcome="Failed" testListId="6f9d375e-121e-48c0-ae96-d638bd5b442c">
      <Output>
        <ErrorInfo>
          <Message>Assertion failed: Expected value did not match actual value.</Message>
          <StackTrace>   at TestNamespace.TestClass.Test() in TestClass.cs:line 360</StackTrace>
        </ErrorInfo>
      </Output>
    </UnitTestResult>
    <UnitTestResult executionId="78e06169-eb36-4d7b-97ec-def40fc0d931" testId="5fad15a4-805f-4aad-84f4-0ccb8e042c30" testName="Test1384" computerName="UA-LPT-OGA2" duration="00:00:00.4810000" startTime="2025-05-14T13:20:31.3146610Z" endTime="2025-05-14T13:25:31.3147553Z" testType="13cdc9d9-ddb5-4fa4-a97d-d965ccfc6d4b" outcome="Passed" testListId="6f9d375e-121e-48c0-ae96-d638bd5b442c" />
    <UnitTestResult executionId="618d956f-e58f-4e13-8c71-e8fa4f85b723" testId="b68406ce-22d4-4cfb-b0ba-7b1e229591ff" testName="Test1385" computerName="UA-LPT-OGA2" duration="00:00:00.5140000" startTime="2025-05-14T13:20:31.3146610Z" endTime="2025-05-14T13:25:31.3147553Z" testType="13cdc9d9-ddb5-4fa4-a97d-d965ccfc6d4b" outcome="Passed" testListId="6f9d375e-121e-48c0-ae96-d638bd5b442c" />
    <UnitTestResult executionId="8356f628-62ed-4c59-8f0e-99b11364d593" testId="08c403e5-02b3-40dd-b896-70469967d038" testName="Test1386" computerName="UA-LPT-OGA2" duration="00:00:01.0460000" startTime="2025-05-14T13:20:31.3146610Z" endTime="2025-05-14T13:25:31.3147553Z" testType="13cdc9d9-ddb5-4fa4-a97d-d965ccfc6d4b" outcome="Passed" testListId="6f9d375e-121e-48c0-ae96-d638bd5b442c" />
    <UnitTestResult executionId="b4cc9032-4dd0-4cbc-8d08-22099a34c1e7" testId="b8514d0d-1539-4378-ba1e-c4bd7dc05ded" testName="Test1387" computerName="UA-LPT-OGA2" duration="00:00:00.5170000" startTime="2025-05-14T13:20:31.3146610Z" endTime="2025-05-14T13:25:31.3147553Z" testType="13cdc9d9-ddb5-4fa4-a97d-d965ccfc6d4b" outcome="Passed" testListId="6f9d375e-121e-48c0-ae96-d638bd5b442c" />
    <UnitTestResult executionId="4254b687-402f-4ca1-ab9e-5f772f10ed76" testId="9515988b-5e43-4b82-b07c-2e23d595391f" testName="Test1388" computerName="UA-LPT-OGA2" duration="00:00:01.3130000" startTime="2025-05-14T13:20:31.3146610Z" endTime="2025-05-14T13:25:31.3147553Z" testType="13cdc9d9-ddb5-4fa4-a97d-d965ccfc6d4b" outcome="Passed" testListId="6f9d375e-121e-48c0-ae96-d638bd5b442c" />
    <UnitTestResult executionId="2d5c92e5-6793-4049-ba09-f5d1656bb018" testId="55eabb6e-6d16-4d01-af3a-e7e085847fb1" testName="Test1389" computerName="UA-LPT-OGA2" duration="00:00:00.1070000" startTime="2025-05-14T13:20:31.3146610Z" endTime="2025-05-14T13:25:31.3147553Z" testType="13cdc9d9-ddb5-4fa4-a97d-d965ccfc6d4b" outcome="Passed" testListId="6f9d375e-121e-48c0-ae96-d638bd5b442c" />
    <UnitTestResult executionId="8b53cb79-510e-459e-913a-537c74632ff5" testId="9883a70d-55fa-4ec1-bb98-60d42a9c0842" testName="Test1390" computerName="UA-LPT-OGA2" duration="00:00:01.4860000" startTime="2025-05-14T13:20:31.3146610Z" endTime="2025-05-14T13:25:31.3147553Z" testType="13cdc9d9-ddb5-4fa4-a97d-d965ccfc6d4b" outcome="Passed" testListId="6f9d375e-121e-48c0-ae96-d638bd5b442c" />
    <UnitTestResult executionId="7055b58a-197b-4990-8710-f6584c24929a" testId="860b9b61-451b-496a-b6e4-1b8e1ea3ad98" testName="Test1391" computerName="UA-LPT-OGA2" duration="00:00:01.4750000" startTime="2025-05-14T13:20:31.3146610Z" endTime="2025-05-14T13:25:31.3147553Z" testType="13cdc9d9-ddb5-4fa4-a97d-d965ccfc6d4b" outcome="Passed" testListId="6f9d375e-121e-48c0-ae96-d638bd5b442c" />
    <UnitTestResult executionId="312b9c3c-1ee1-43a9-84ea-647c9ea2e91a" testId="9db545cf-888b-4241-a136-13c533b0710e" testName="Test1392" computerName="UA-LPT-OGA2" duration="00:00:00.4230000" startTime="2025-05-14T13:20:31.3146610Z" endTime="2025-05-14T13:25:31.3147553Z" testType="13cdc9d9-ddb5-4fa4-a97d-d965ccfc6d4b" outcome="Passed" testListId="6f9d375e-121e-48c0-ae96-d638bd5b442c" />
    <UnitTestResult executionId="18ac75b5-1267-4d0e-98d9-1546b34f7f39" testId="052bfc73-2b9c-4fd6-be82-a8b10dce466f" testName="Test1393" computerName="UA-LPT-OGA2" duration="00:00:01.4920000" startTime="2025-05-14T13:20:31.3146610Z" endTime="2025-05-14T13:25:31.3147553Z" testType="13cdc9d9-ddb5-4fa4-a97d-d965ccfc6d4b" outcome="Passed" testListId="6f9d375e-121e-48c0-ae96-d638bd5b442c" />
    <UnitTestResult executionId="2cd3f1f9-b22b-4cc0-b0b9-1419140ff7d6" testId="72ab818a-bf4e-428b-bfa0-64e1e07e103f" testName="Test1394" computerName="UA-LPT-OGA2" duration="00:00:01.0130000" startTime="2025-05-14T13:20:31.3146610Z" endTime="2025-05-14T13:25:31.3147553Z" testType="13cdc9d9-ddb5-4fa4-a97d-d965ccfc6d4b" outcome="Passed" testListId="6f9d375e-121e-48c0-ae96-d638bd5b442c" />
    <UnitTestResult executionId="b2103dc7-2ca5-4817-9834-707ba79ced55" testId="59fa797d-5790-478c-9dc8-f8c4eb18f855" testName="Test1395" computerName="UA-LPT-OGA2" duration="00:00:00.7720000" startTime="2025-05-14T13:20:31.3146610Z" endTime="2025-05-14T13:25:31.3147553Z" testType="13cdc9d9-ddb5-4fa4-a97d-d965ccfc6d4b" outcome="Passed" testListId="6f9d375e-121e-48c0-ae96-d638bd5b442c" />
    <UnitTestResult executionId="c99a1589-8f7e-4cda-b168-10bcef959542" testId="b89dd286-ec28-4723-b357-d53470c43644" testName="Test1396" computerName="UA-LPT-OGA2" duration="00:00:01.4220000" startTime="2025-05-14T13:20:31.3146610Z" endTime="2025-05-14T13:25:31.3147553Z" testType="13cdc9d9-ddb5-4fa4-a97d-d965ccfc6d4b" outcome="Passed" testListId="6f9d375e-121e-48c0-ae96-d638bd5b442c" />
    <UnitTestResult executionId="28a727d9-cd81-428c-8fb7-0909eff0b9b4" testId="6feff848-bfc7-4baa-8796-507071b0686c" testName="Test1397" computerName="UA-LPT-OGA2" duration="00:00:01.8050000" startTime="2025-05-14T13:20:31.3146610Z" endTime="2025-05-14T13:25:31.3147553Z" testType="13cdc9d9-ddb5-4fa4-a97d-d965ccfc6d4b" outcome="Passed" testListId="6f9d375e-121e-48c0-ae96-d638bd5b442c" />
    <UnitTestResult executionId="b4b4fd67-963e-4cf2-a009-b38a3796e89b" testId="ee2d102b-d4af-405d-8971-57b7059ecfe3" testName="Test1398" computerName="UA-LPT-OGA2" duration="00:00:00.3070000" startTime="2025-05-14T13:20:31.3146610Z" endTime="2025-05-14T13:25:31.3147553Z" testType="13cdc9d9-ddb5-4fa4-a97d-d965ccfc6d4b" outcome="Passed" testListId="6f9d375e-121e-48c0-ae96-d638bd5b442c" />
    <UnitTestResult executionId="1bb14767-f091-44a6-8adc-c11131d35bbb" testId="e7bfc65c-b233-46ed-bae5-3b5660cf5ce5" testName="Test1399" computerName="UA-LPT-OGA2" duration="00:00:00.0100000" startTime="2025-05-14T13:20:31.3146610Z" endTime="2025-05-14T13:25:31.3147553Z" testType="13cdc9d9-ddb5-4fa4-a97d-d965ccfc6d4b" outcome="Passed" testListId="6f9d375e-121e-48c0-ae96-d638bd5b442c" />
    <UnitTestResult executionId="418c01e3-3169-4b9f-9df2-5cbbac068347" testId="440ca905-af1b-4b1d-879e-b6148d7ff9a4" testName="Test1400" computerName="UA-LPT-OGA2" duration="00:00:01.1000000" startTime="2025-05-14T13:20:31.3146610Z" endTime="2025-05-14T13:25:31.3147553Z" testType="13cdc9d9-ddb5-4fa4-a97d-d965ccfc6d4b" outcome="Passed" testListId="6f9d375e-121e-48c0-ae96-d638bd5b442c" />
  </Results>
  <TestDefinitions>
    <UnitTest name="Test1301" id="f5468f7a-3053-49a0-a880-1a86982a32df" storage="TestAssembly.dll">
      <Execution id="b6fffd0c-0fa7-4061-948b-f734d67d7bec" />
      <TestMethod codeBase="TestAssembly.dll" className="TestNamespace.TestClass1" name="Test1301" />
    </UnitTest>
    <UnitTest name="Test1302" id="770f9d3b-36d0-43ed-9a9d-9fe7aa6ebc32" storage="TestAssembly.dll">
      <Execution id="20a2ed9b-dae9-4931-855e-a56d73c5c726" />
      <TestMethod codeBase="TestAssembly.dll" className="TestNamespace.TestClass1" name="Test1302" />
    </UnitTest>
    <UnitTest name="Test1303" id="be02d6f4-380d-4b47-8c0c-049d2d3182ab" storage="TestAssembly.dll">
      <Execution id="c74707f6-2627-438d-9be2-afa1b0024ca3" />
      <TestMethod codeBase="TestAssembly.dll" className="TestNamespace.TestClass1" name="Test1303" />
    </UnitTest>
    <UnitTest name="Test1304" id="1d604613-382a-4518-b3a0-84898985528a" storage="TestAssembly.dll">
      <Execution id="599ade3d-339b-433c-934c-b39224040a56" />
      <TestMethod codeBase="TestAssembly.dll" className="TestNamespace.TestClass1" name="Test1304" />
    </UnitTest>
    <UnitTest name="Test1305" id="34d1ef09-6f63-4592-82a1-5b934111edd7" storage="TestAssembly.dll">
      <Execution id="9ff876be-ab0b-481a-ac02-8ab6d1fb8b1e" />
      <TestMethod codeBase="TestAssembly.dll" className="TestNamespace.TestClass1" name="Test1305" />
    </UnitTest>
    <UnitTest name="Test1306" id="08451378-dcd1-4d36-aab8-887c692fce4c" storage="TestAssembly.dll">
      <Execution id="02e3dcc4-c979-4597-92d9-7ceec51c87d5" />
      <TestMethod codeBase="TestAssembly.dll" className="TestNamespace.TestClass1" name="Test1306" />
    </UnitTest>
    <UnitTest name="Test1307" id="baeb9b8a-b6ee-4ebb-8001-d735fe01ea70" storage="TestAssembly.dll">
      <Execution id="49efb03f-3d3d-4415-8607-a5eca79e725d" />
      <TestMethod codeBase="TestAssembly.dll" className="TestNamespace.TestClass1" name="Test1307" />
    </UnitTest>
    <UnitTest name="Test1308" id="cf4ac429-0076-4ccf-a234-556661cd43de" storage="TestAssembly.dll">
      <Execution id="e3519742-5e4e-40c5-8950-daab770adf54" />
      <TestMethod codeBase="TestAssembly.dll" className="TestNamespace.TestClass1" name="Test1308" />
    </UnitTest>
    <UnitTest name="Test1309" id="00eb64aa-f2fc-493f-95e3-64495f1c4c77" storage="TestAssembly.dll">
      <Execution id="702c10e1-05a2-4d09-891c-1b3936c142f1" />
      <TestMethod codeBase="TestAssembly.dll" className="TestNamespace.TestClass1" name="Test1309" />
    </UnitTest>
    <UnitTest name="Test1310" id="d16d64c9-e2f5-44b6-a293-01f051cdc7b7" storage="TestAssembly.dll">
      <Execution id="491315fb-94bb-40bc-a53f-6904080f0cb9" />
      <TestMethod codeBase="TestAssembly.dll" className="TestNamespace.TestClass1" name="Test1310" />
    </UnitTest>
    <UnitTest name="Test1311" id="29cb5f51-f762-402d-9932-4246fccfed96" storage="TestAssembly.dll">
      <Execution id="7390b998-e1ed-4de8-9498-6c9763ebd3f3" />
      <TestMethod codeBase="TestAssembly.dll" className="TestNamespace.TestClass2" name="Test1311" />
    </UnitTest>
    <UnitTest name="Test1312" id="9d3fd5b7-74c0-4540-a051-d0c861525ede" storage="TestAssembly.dll">
      <Execution id="da5f3077-69bb-4a2b-99d5-f3f8ede83780" />
      <TestMethod codeBase="TestAssembly.dll" className="TestNamespace.TestClass2" name="Test1312" />
    </UnitTest>
    <UnitTest name="Test1313" id="eec73065-463b-403a-8c93-231df0f1b2bb" storage="TestAssembly.dll">
      <Execution id="7d1ff975-da4e-4b7a-9d8f-430183b7917c" />
      <TestMethod codeBase="TestAssembly.dll" className="TestNamespace.TestClass2" name="Test1313" />
    </UnitTest>
    <UnitTest name="Test1314" id="ee02a111-fc0a-48a2-82bf-e43d25ed6c71" storage="TestAssembly.dll">
      <Execution id="b6869870-3f1d-4fc4-b782-16855d1a31ee" />
      <TestMethod codeBase="TestAssembly.dll" className="TestNamespace.TestClass2" name="Test1314" />
    </UnitTest>
    <UnitTest name="Test1315" id="989733c0-0116-4564-96e4-9236d2c95e07" storage="TestAssembly.dll">
      <Execution id="f23b8c75-46de-4e78-89b2-f3f39f65e066" />
      <TestMethod codeBase="TestAssembly.dll" className="TestNamespace.TestClass2" name="Test1315" />
    </UnitTest>
    <UnitTest name="Test1316" id="6c682cad-777f-46a4-9463-e75ff41209de" storage="TestAssembly.dll">
      <Execution id="a1546a4b-a82a-4e35-a9e3-8cd88f6f5966" />
      <TestMethod codeBase="TestAssembly.dll" className="TestNamespace.TestClass2" name="Test1316" />
    </UnitTest>
    <UnitTest name="Test1317" id="b7e82604-d8d2-4266-8ddc-312f2a3359d8" storage="TestAssembly.dll">
      <Execution id="1ed62c89-71ad-465c-a6e0-591dc91412ab" />
      <TestMethod codeBase="TestAssembly.dll" className="TestNamespace.TestClass2" name="Test1317" />
    </UnitTest>
    <UnitTest name="Test1318" id="1e7ca381-2e06-49bb-b288-57f378fb80fd" storage="TestAssembly.dll">
      <Execution id="46bf8504-2691-458e-b3cc-d143192b9341" />
      <TestMethod codeBase="TestAssembly.dll" className="TestNamespace.TestClass2" name="Test1318" />
    </UnitTest>
    <UnitTest name="Test1319" id="a346c1b5-c431-4584-9098-5f284e6c30dc" storage="TestAssembly.dll">
      <Execution id="94bab445-e66c-4a5d-a470-1cc9d8d8cebc" />
      <TestMethod codeBase="TestAssembly.dll" className="TestNamespace.TestClass2" name="Test1319" />
    </UnitTest>
    <UnitTest name="Test1320" id="93af4640-06e4-493f-a6de-af1e5540abf0" storage="TestAssembly.dll">
      <Execution id="16ab5e07-c6f9-4e73-972d-4fb5618067bf" />
      <TestMethod codeBase="TestAssembly.dll" className="TestNamespace.TestClass2" name="Test1320" />
    </UnitTest>
    <UnitTest name="Test1321" id="86440932-bc4b-4acd-bd74-40bd5babb6e7" storage="TestAssembly.dll">
      <Execution id="674cc8c2-c899-47e2-b667-820a99a916cc" />
      <TestMethod codeBase="TestAssembly.dll" className="TestNamespace.TestClass3" name="Test1321" />
    </UnitTest>
    <UnitTest name="Test1322" id="b996500a-25fd-46fd-be19-ea51f04ecddf" storage="TestAssembly.dll">
      <Execution id="a44e5008-ab61-4b5f-a3e1-187e9b6932c0" />
      <TestMethod codeBase="TestAssembly.dll" className="TestNamespace.TestClass3" name="Test1322" />
    </UnitTest>
    <UnitTest name="Test1323" id="ecd4bbca-36c7-4528-bb9b-1280dcf804f0" storage="TestAssembly.dll">
      <Execution id="81824225-d24c-48f4-bb1a-a94fdfdb1d8e" />
      <TestMethod codeBase="TestAssembly.dll" className="TestNamespace.TestClass3" name="Test1323" />
    </UnitTest>
    <UnitTest name="Test1324" id="4c33d149-d2f2-413f-8f21-9bea173b6f9b" storage="TestAssembly.dll">
      <Execution id="302d8a7b-c755-4a97-ab1c-32d80f6db0a3" />
      <TestMethod codeBase="TestAssembly.dll" className="TestNamespace.TestClass3" name="Test1324" />
    </UnitTest>
    <UnitTest name="Test1325" id="343bbb98-3e7b-42fb-a094-99447793dfda" storage="TestAssembly.dll">
      <Execution id="f724abc8-9af9-4642-b4d4-55b042b7de75" />
      <TestMethod codeBase="TestAssembly.dll" className="TestNamespace.TestClass3" name="Test1325" />
    </UnitTest>
    <UnitTest name="Test1326" id="ea3b8316-89df-4778-95e6-f129a3093ab2" storage="TestAssembly.dll">
      <Execution id="fba3c273-ac0c-4830-977f-7ccd532ceed6" />
      <TestMethod codeBase="TestAssembly.dll" className="TestNamespace.TestClass3" name="Test1326" />
    </UnitTest>
    <UnitTest name="Test1327" id="249922e8-e78d-45af-a625-1b6e42e4ac65" storage="TestAssembly.dll">
      <Execution id="1d0c2a65-3206-4829-9509-afec1151bdc8" />
      <TestMethod codeBase="TestAssembly.dll" className="TestNamespace.TestClass3" name="Test1327" />
    </UnitTest>
    <UnitTest name="Test1328" id="643f1173-a8f0-4365-a5b0-6e7888e1f0fc" storage="TestAssembly.dll">
      <Execution id="9a58eff9-2515-4075-ad84-12654c5ba58d" />
      <TestMethod codeBase="TestAssembly.dll" className="TestNamespace.TestClass3" name="Test1328" />
    </UnitTest>
    <UnitTest name="Test1329" id="3ac1c1c0-8723-415d-8da4-9ada6c2c7092" storage="TestAssembly.dll">
      <Execution id="bdbff79e-5657-400b-a4f2-7bc843c50916" />
      <TestMethod codeBase="TestAssembly.dll" className="TestNamespace.TestClass3" name="Test1329" />
    </UnitTest>
    <UnitTest name="Test1330" id="98da5296-3b56-43b1-ba86-2a281d4caf6b" storage="TestAssembly.dll">
      <Execution id="4cfe1e48-13c8-4fa5-be1c-9781ac1d13f6" />
      <TestMethod codeBase="TestAssembly.dll" className="TestNamespace.TestClass3" name="Test1330" />
    </UnitTest>
    <UnitTest name="Test1331" id="d70dd5b0-2743-47fe-806e-111dbe0e9190" storage="TestAssembly.dll">
      <Execution id="e524e48d-e8c0-4679-a3d5-4917bc47642e" />
      <TestMethod codeBase="TestAssembly.dll" className="TestNamespace.TestClass4" name="Test1331" />
    </UnitTest>
    <UnitTest name="Test1332" id="0522aa61-79eb-485b-bc7b-57b212318b0a" storage="TestAssembly.dll">
      <Execution id="36f7bb79-ecc2-4243-91ce-58c1b29de0d6" />
      <TestMethod codeBase="TestAssembly.dll" className="TestNamespace.TestClass4" name="Test1332" />
    </UnitTest>
    <UnitTest name="Test1333" id="ed4da9fb-f59c-47c1-a71d-d8156b82d520" storage="TestAssembly.dll">
      <Execution id="e9d90850-325c-48f4-87f6-b4fa6d1ce705" />
      <TestMethod codeBase="TestAssembly.dll" className="TestNamespace.TestClass4" name="Test1333" />
    </UnitTest>
    <UnitTest name="Test1334" id="07d7c2ae-47e1-4965-9594-d487af07fc23" storage="TestAssembly.dll">
      <Execution id="8f865565-3638-4b96-ae57-bb2d878391b2" />
      <TestMethod codeBase="TestAssembly.dll" className="TestNamespace.TestClass4" name="Test1334" />
    </UnitTest>
    <UnitTest name="Test1335" id="208787c7-a60a-4281-8319-359680e2b299" storage="TestAssembly.dll">
      <Execution id="5aa0397c-b954-4aa5-b0ee-4e8b51d029e4" />
      <TestMethod codeBase="TestAssembly.dll" className="TestNamespace.TestClass4" name="Test1335" />
    </UnitTest>
    <UnitTest name="Test1336" id="a7e077a5-e26e-45b0-b031-dbc5de6a433a" storage="TestAssembly.dll">
      <Execution id="00e0099d-2626-4f74-9e83-70ca305532f2" />
      <TestMethod codeBase="TestAssembly.dll" className="TestNamespace.TestClass4" name="Test1336" />
    </UnitTest>
    <UnitTest name="Test1337" id="c8bb8847-2bba-49c6-b9d1-0dd222e04ef1" storage="TestAssembly.dll">
      <Execution id="2b5c7b19-559a-4ce9-9027-e308e85bae82" />
      <TestMethod codeBase="TestAssembly.dll" className="TestNamespace.TestClass4" name="Test1337" />
    </UnitTest>
    <UnitTest name="Test1338" id="25d0218f-ceec-4c84-972b-a9ad8bf40ff4" storage="TestAssembly.dll">
      <Execution id="73a8e970-ec95-4e42-9140-3fdc490cf07c" />
      <TestMethod codeBase="TestAssembly.dll" className="TestNamespace.TestClass4" name="Test1338" />
    </UnitTest>
    <UnitTest name="Test1339" id="1faa8c22-7296-476b-8232-dc8cfc4caf71" storage="TestAssembly.dll">
      <Execution id="befe9679-ed2e-4b6b-bc0c-87b3c1c6a01d" />
      <TestMethod codeBase="TestAssembly.dll" className="TestNamespace.TestClass4" name="Test1339" />
    </UnitTest>
    <UnitTest name="Test1340" id="f5b39af2-f2f4-42d4-b81e-e99f2f03367b" storage="TestAssembly.dll">
      <Execution id="18dddc7c-be2f-4c4b-b07c-0862a2528ad3" />
      <TestMethod codeBase="TestAssembly.dll" className="TestNamespace.TestClass4" name="Test1340" />
    </UnitTest>
    <UnitTest name="Test1341" id="e06ad637-c5ed-4eb5-81f2-fe81a6529ff1" storage="TestAssembly.dll">
      <Execution id="b8480016-fa4f-4c93-b0e2-d5a663296049" />
      <TestMethod codeBase="TestAssembly.dll" className="TestNamespace.TestClass5" name="Test1341" />
    </UnitTest>
    <UnitTest name="Test1342" id="eb5035a4-d756-4615-b3f3-801e7aca2f88" storage="TestAssembly.dll">
      <Execution id="7d509483-9b57-4492-992f-e32d726da08e" />
      <TestMethod codeBase="TestAssembly.dll" className="TestNamespace.TestClass5" name="Test1342" />
    </UnitTest>
    <UnitTest name="Test1343" id="4d915d22-1c9c-455d-83ad-d7344e4c40f6" storage="TestAssembly.dll">
      <Execution id="3a226b0e-08ea-4770-9bac-8401be9b08de" />
      <TestMethod codeBase="TestAssembly.dll" className="TestNamespace.TestClass5" name="Test1343" />
    </UnitTest>
    <UnitTest name="Test1344" id="c4407be8-4f8f-4f70-98f4-357ff6d37b4a" storage="TestAssembly.dll">
      <Execution id="7722711b-680d-4f83-be92-befdb5c87524" />
      <TestMethod codeBase="TestAssembly.dll" className="TestNamespace.TestClass5" name="Test1344" />
    </UnitTest>
    <UnitTest name="Test1345" id="5a16b5f7-e029-4769-9ad8-90d18c4ebc8b" storage="TestAssembly.dll">
      <Execution id="7e313d27-023f-4b1d-b037-b4be8066131e" />
      <TestMethod codeBase="TestAssembly.dll" className="TestNamespace.TestClass5" name="Test1345" />
    </UnitTest>
    <UnitTest name="Test1346" id="31b6fd36-4af1-4272-ab7c-c2f8addda557" storage="TestAssembly.dll">
      <Execution id="251564c7-97cf-40c3-80ec-3d391bcee9a6" />
      <TestMethod codeBase="TestAssembly.dll" className="TestNamespace.TestClass5" name="Test1346" />
    </UnitTest>
    <UnitTest name="Test1347" id="c0e2204a-508b-4d55-94ed-66e4bc4e8f45" storage="TestAssembly.dll">
      <Execution id="61bacfd7-715d-4550-94d5-c24e5fa88f5d" />
      <TestMethod codeBase="TestAssembly.dll" className="TestNamespace.TestClass5" name="Test1347" />
    </UnitTest>
    <UnitTest name="Test1348" id="e959e5d0-858a-4be3-971b-dc599e1e3179" storage="TestAssembly.dll">
      <Execution id="f4b7054a-e2d7-41dc-8262-32fb51c5606a" />
      <TestMethod codeBase="TestAssembly.dll" className="TestNamespace.TestClass5" name="Test1348" />
    </UnitTest>
    <UnitTest name="Test1349" id="77348847-73b0-441b-9c6d-ebbffff41834" storage="TestAssembly.dll">
      <Execution id="4f7e8d17-c140-46ca-9e7a-47cda3b3ea62" />
      <TestMethod codeBase="TestAssembly.dll" className="TestNamespace.TestClass5" name="Test1349" />
    </UnitTest>
    <UnitTest name="Test1350" id="77171a87-6dd8-484f-9f71-58c39c4ded0b" storage="TestAssembly.dll">
      <Execution id="1f9077a9-c90b-4b5e-9b80-b73562e1f8f3" />
      <TestMethod codeBase="TestAssembly.dll" className="TestNamespace.TestClass5" name="Test1350" />
    </UnitTest>
    <UnitTest name="Test1351" id="be1ea1a9-633c-45d9-9889-b3e33e2a70c1" storage="TestAssembly.dll">
      <Execution id="af111a55-04d9-4714-bad5-8337750eb575" />
      <TestMethod codeBase="TestAssembly.dll" className="TestNamespace.TestClass6" name="Test1351" />
    </UnitTest>
    <UnitTest name="Test1352" id="4c75c182-56f3-492e-b885-24dc07faa96e" storage="TestAssembly.dll">
      <Execution id="073989da-341a-4b50-9508-357c12af364e" />
      <TestMethod codeBase="TestAssembly.dll" className="TestNamespace.TestClass6" name="Test1352" />
    </UnitTest>
    <UnitTest name="Test1353" id="332c4890-8433-41cc-9b34-260b47b7b047" storage="TestAssembly.dll">
      <Execution id="122a9c8b-64b8-465f-8676-4f4e2ebfbadd" />
      <TestMethod codeBase="TestAssembly.dll" className="TestNamespace.TestClass6" name="Test1353" />
    </UnitTest>
    <UnitTest name="Test1354" id="ea1cefe1-1145-48ea-b398-99cb34a84389" storage="TestAssembly.dll">
      <Execution id="e38888e7-3996-404d-b98c-3a04f0449673" />
      <TestMethod codeBase="TestAssembly.dll" className="TestNamespace.TestClass6" name="Test1354" />
    </UnitTest>
    <UnitTest name="Test1355" id="8a7c1e89-3a8e-4b38-a2c7-7b045b602dde" storage="TestAssembly.dll">
      <Execution id="0964a377-3434-42e5-92d6-3720be9d3931" />
      <TestMethod codeBase="TestAssembly.dll" className="TestNamespace.TestClass6" name="Test1355" />
    </UnitTest>
    <UnitTest name="Test1356" id="d7eba138-c8d2-4514-869f-39a9fda0fb61" storage="TestAssembly.dll">
      <Execution id="6936a833-f7d4-4918-b596-f4da38b4afe2" />
      <TestMethod codeBase="TestAssembly.dll" className="TestNamespace.TestClass6" name="Test1356" />
    </UnitTest>
    <UnitTest name="Test1357" id="88c46e89-ed09-4f40-a8de-7e76ccd09b51" storage="TestAssembly.dll">
      <Execution id="4d40e178-8a15-4090-af19-333e8332672f" />
      <TestMethod codeBase="TestAssembly.dll" className="TestNamespace.TestClass6" name="Test1357" />
    </UnitTest>
    <UnitTest name="Test1358" id="bf8dba9c-4646-4142-86e5-58c9d37d8fb9" storage="TestAssembly.dll">
      <Execution id="a677289a-9666-4cd9-996e-3851a60e1ba9" />
      <TestMethod codeBase="TestAssembly.dll" className="TestNamespace.TestClass6" name="Test1358" />
    </UnitTest>
    <UnitTest name="Test1359" id="167d579c-f520-4484-976d-f151366e117c" storage="TestAssembly.dll">
      <Execution id="85935834-787c-415c-987d-adc495efb975" />
      <TestMethod codeBase="TestAssembly.dll" className="TestNamespace.TestClass6" name="Test1359" />
    </UnitTest>
    <UnitTest name="Test1360" id="088ee8c7-1312-46e0-9ba3-f0fcb6cfd080" storage="TestAssembly.dll">
      <Execution id="9b3623f2-b211-4555-980a-c0da08fe9385" />
      <TestMethod codeBase="TestAssembly.dll" className="TestNamespace.TestClass6" name="Test1360" />
    </UnitTest>
    <UnitTest name="Test1361" id="28ac7882-6e2e-4440-8338-e57c6dea9ba1" storage="TestAssembly.dll">
      <Execution id="2459d5ea-ec85-4793-9694-79fe314bc2a6" />
      <TestMethod codeBase="TestAssembly.dll" className="TestNamespace.TestClass7" name="Test1361" />
    </UnitTest>
    <UnitTest name="Test1362" id="4ea2c9f3-e9c6-467e-8d54-3a2431b056a4" storage="TestAssembly.dll">
      <Execution id="55cb193c-7dd8-43ef-8b7d-18fa178e5bcb" />
      <TestMethod codeBase="TestAssembly.dll" className="TestNamespace.TestClass7" name="Test1362" />
    </UnitTest>
    <UnitTest name="Test1363" id="ec8f723c-0843-470c-8fef-1ba7075059cb" storage="TestAssembly.dll">
      <Execution id="f1d5e5eb-a64d-48f9-8e9d-61a1e4a8119e" />
      <TestMethod codeBase="TestAssembly.dll" className="TestNamespace.TestClass7" name="Test1363" />
    </UnitTest>
    <UnitTest name="Test1364" id="67918054-d442-409a-b34b-26a2e62da1a1" storage="TestAssembly.dll">
      <Execution id="b0038bf3-a898-49c3-9805-1c685fb59806" />
      <TestMethod codeBase="TestAssembly.dll" className="TestNamespace.TestClass7" name="Test1364" />
    </UnitTest>
    <UnitTest name="Test1365" id="6cbdb461-504d-4cb7-8780-ed7e995d5a92" storage="TestAssembly.dll">
      <Execution id="47867795-2824-48ef-b75c-50b6be4a2c73" />
      <TestMethod codeBase="TestAssembly.dll" className="TestNamespace.TestClass7" name="Test1365" />
    </UnitTest>
    <UnitTest name="Test1366" id="d7997656-da11-4c8b-ac4c-273c6e01a8d5" storage="TestAssembly.dll">
      <Execution id="01ae864f-1669-46f1-a590-946947b13a1e" />
      <TestMethod codeBase="TestAssembly.dll" className="TestNamespace.TestClass7" name="Test1366" />
    </UnitTest>
    <UnitTest name="Test1367" id="50aed77f-171b-4d36-84c3-2c2a401388a6" storage="TestAssembly.dll">
      <Execution id="b14386c2-454b-4c3e-b906-ec6a2f90f890" />
      <TestMethod codeBase="TestAssembly.dll" className="TestNamespace.TestClass7" name="Test1367" />
    </UnitTest>
    <UnitTest name="Test1368" id="ec262027-63ea-4100-a6b7-9e1b8e52b7a8" storage="TestAssembly.dll">
      <Execution id="0d0e9ebb-9462-4132-a465-192046d7977e" />
      <TestMethod codeBase="TestAssembly.dll" className="TestNamespace.TestClass7" name="Test1368" />
    </UnitTest>
    <UnitTest name="Test1369" id="47e3cb10-d859-4eab-bd05-6bcf395ab36d" storage="TestAssembly.dll">
      <Execution id="7970dca1-923a-4671-be78-c67735c81086" />
      <TestMethod codeBase="TestAssembly.dll" className="TestNamespace.TestClass7" name="Test1369" />
    </UnitTest>
    <UnitTest name="Test1370" id="310dafec-0251-4aa9-b944-b5b044c8783b" storage="TestAssembly.dll">
      <Execution id="9e6c4f65-b870-433b-8d07-cc7a02c482b0" />
      <TestMethod codeBase="TestAssembly.dll" className="TestNamespace.TestClass7" name="Test1370" />
    </UnitTest>
    <UnitTest name="Test1371" id="2e6b5d4b-441f-4893-b4e1-8c13f9f108c7" storage="TestAssembly.dll">
      <Execution id="054dc91f-5018-4f36-9314-979a1f7ccea4" />
      <TestMethod codeBase="TestAssembly.dll" className="TestNamespace.TestClass8" name="Test1371" />
    </UnitTest>
    <UnitTest name="Test1372" id="5902114a-a2b8-449c-9377-ce1238dc6aa1" storage="TestAssembly.dll">
      <Execution id="d77e8705-af2f-4520-b328-867e3b1ed929" />
      <TestMethod codeBase="TestAssembly.dll" className="TestNamespace.TestClass8" name="Test1372" />
    </UnitTest>
    <UnitTest name="Test1373" id="af2ca3f2-d510-42c5-9a53-a469aff3ab3d" storage="TestAssembly.dll">
      <Execution id="aa93e8ed-ae3b-440b-8449-9c6a8067a54c" />
      <TestMethod codeBase="TestAssembly.dll" className="TestNamespace.TestClass8" name="Test1373" />
    </UnitTest>
    <UnitTest name="Test1374" id="f368a979-d29c-495b-9474-3baacb619524" storage="TestAssembly.dll">
      <Execution id="6985b399-ab8b-4a0b-8d69-78a1e5d8f32f" />
      <TestMethod codeBase="TestAssembly.dll" className="TestNamespace.TestClass8" name="Test1374" />
    </UnitTest>
    <UnitTest name="Test1375" id="c1e3b456-9d18-4765-9a88-5f2650172e0f" storage="TestAssembly.dll">
      <Execution id="aedb87a7-b1eb-4ca1-9607-156f949ecd59" />
      <TestMethod codeBase="TestAssembly.dll" className="TestNamespace.TestClass8" name="Test1375" />
    </UnitTest>
    <UnitTest name="Test1376" id="c43f6552-de39-4890-a973-5f0dd2813d27" storage="TestAssembly.dll">
      <Execution id="bf7725c4-af6e-40b1-90ef-754afb4b1e30" />
      <TestMethod codeBase="TestAssembly.dll" className="TestNamespace.TestClass8" name="Test1376" />
    </UnitTest>
    <UnitTest name="Test1377" id="c5f333dd-69da-4c52-85f1-4b876395d33b" storage="TestAssembly.dll">
      <Execution id="00303d23-2407-4781-a851-c265895794bd" />
      <TestMethod codeBase="TestAssembly.dll" className="TestNamespace.TestClass8" name="Test1377" />
    </UnitTest>
    <UnitTest name="Test1378" id="3fdcb282-4965-4d30-86d4-16ec946f4245" storage="TestAssembly.dll">
      <Execution id="c86d071b-670a-442a-a12a-dbaeaaf50c64" />
      <TestMethod codeBase="TestAssembly.dll" className="TestNamespace.TestClass8" name="Test1378" />
    </UnitTest>
    <UnitTest name="Test1379" id="aa6f05c0-5503-4f7e-b6aa-a022f19b484d" storage="TestAssembly.dll">
      <Execution id="2cc46d17-7ec2-4706-979f-25c58d181a71" />
      <TestMethod codeBase="TestAssembly.dll" className="TestNamespace.TestClass8" name="Test1379" />
    </UnitTest>
    <UnitTest name="Test1380" id="1ac3801e-cea2-4606-9a09-b0ae5716ac19" storage="TestAssembly.dll">
      <Execution id="b41c5567-8aee-44eb-9a8b-809b197f2ba3" />
      <TestMethod codeBase="TestAssembly.dll" className="TestNamespace.TestClass8" name="Test1380" />
    </UnitTest>
    <UnitTest name="Test1381" id="61fa7a38-2a01-4469-9d75-2806bd1ec6eb" storage="TestAssembly.dll">
      <Execution id="fcdbc8d6-a4e2-4e2e-a237-cb0cee5a6011" />
      <TestMethod codeBase="TestAssembly.dll" className="TestNamespace.TestClass9" name="Test1381" />
    </UnitTest>
    <UnitTest name="Test1382" id="c81ffa2a-3e17-4085-8d76-642b619817b4" storage="TestAssembly.dll">
      <Execution id="050db43b-beed-4989-adab-983e60bcc64d" />
      <TestMethod codeBase="TestAssembly.dll" className="TestNamespace.TestClass9" name="Test1382" />
    </UnitTest>
    <UnitTest name="Test1383" id="cf76e046-2b45-4fea-b5e2-f7698bb90186" storage="TestAssembly.dll">
      <Execution id="8e88edcb-6ee0-4161-9294-0a8167491494" />
      <TestMethod codeBase="TestAssembly.dll" className="TestNamespace.TestClass9" name="Test1383" />
    </UnitTest>
    <UnitTest name="Test1384" id="5fad15a4-805f-4aad-84f4-0ccb8e042c30" storage="TestAssembly.dll">
      <Execution id="78e06169-eb36-4d7b-97ec-def40fc0d931" />
      <TestMethod codeBase="TestAssembly.dll" className="TestNamespace.TestClass9" name="Test1384" />
    </UnitTest>
    <UnitTest name="Test1385" id="b68406ce-22d4-4cfb-b0ba-7b1e229591ff" storage="TestAssembly.dll">
      <Execution id="618d956f-e58f-4e13-8c71-e8fa4f85b723" />
      <TestMethod codeBase="TestAssembly.dll" className="TestNamespace.TestClass9" name="Test1385" />
    </UnitTest>
    <UnitTest name="Test1386" id="08c403e5-02b3-40dd-b896-70469967d038" storage="TestAssembly.dll">
      <Execution id="8356f628-62ed-4c59-8f0e-99b11364d593" />
      <TestMethod codeBase="TestAssembly.dll" className="TestNamespace.TestClass9" name="Test1386" />
    </UnitTest>
    <UnitTest name="Test1387" id="b8514d0d-1539-4378-ba1e-c4bd7dc05ded" storage="TestAssembly.dll">
      <Execution id="b4cc9032-4dd0-4cbc-8d08-22099a34c1e7" />
      <TestMethod codeBase="TestAssembly.dll" className="TestNamespace.TestClass9" name="Test1387" />
    </UnitTest>
    <UnitTest name="Test1388" id="9515988b-5e43-4b82-b07c-2e23d595391f" storage="TestAssembly.dll">
      <Execution id="4254b687-402f-4ca1-ab9e-5f772f10ed76" />
      <TestMethod codeBase="TestAssembly.dll" className="TestNamespace.TestClass9" name="Test1388" />
    </UnitTest>
    <UnitTest name="Test1389" id="55eabb6e-6d16-4d01-af3a-e7e085847fb1" storage="TestAssembly.dll">
      <Execution id="2d5c92e5-6793-4049-ba09-f5d1656bb018" />
      <TestMethod codeBase="TestAssembly.dll" className="TestNamespace.TestClass9" name="Test1389" />
    </UnitTest>
    <UnitTest name="Test1390" id="9883a70d-55fa-4ec1-bb98-60d42a9c0842" storage="TestAssembly.dll">
      <Execution id="8b53cb79-510e-459e-913a-537c74632ff5" />
      <TestMethod codeBase="TestAssembly.dll" className="TestNamespace.TestClass9" name="Test1390" />
    </UnitTest>
    <UnitTest name="Test1391" id="860b9b61-451b-496a-b6e4-1b8e1ea3ad98" storage="TestAssembly.dll">
      <Execution id="7055b58a-197b-4990-8710-f6584c24929a" />
      <TestMethod codeBase="TestAssembly.dll" className="TestNamespace.TestClass10" name="Test1391" />
    </UnitTest>
    <UnitTest name="Test1392" id="9db545cf-888b-4241-a136-13c533b0710e" storage="TestAssembly.dll">
      <Execution id="312b9c3c-1ee1-43a9-84ea-647c9ea2e91a" />
      <TestMethod codeBase="TestAssembly.dll" className="TestNamespace.TestClass10" name="Test1392" />
    </UnitTest>
    <UnitTest name="Test1393" id="052bfc73-2b9c-4fd6-be82-a8b10dce466f" storage="TestAssembly.dll">
      <Execution id="18ac75b5-1267-4d0e-98d9-1546b34f7f39" />
      <TestMethod codeBase="TestAssembly.dll" className="TestNamespace.TestClass10" name="Test1393" />
    </UnitTest>
    <UnitTest name="Test1394" id="72ab818a-bf4e-428b-bfa0-64e1e07e103f" storage="TestAssembly.dll">
      <Execution id="2cd3f1f9-b22b-4cc0-b0b9-1419140ff7d6" />
      <TestMethod codeBase="TestAssembly.dll" className="TestNamespace.TestClass10" name="Test1394" />
    </UnitTest>
    <UnitTest name="Test1395" id="59fa797d-5790-478c-9dc8-f8c4eb18f855" storage="TestAssembly.dll">
      <Execution id="b2103dc7-2ca5-4817-9834-707ba79ced55" />
      <TestMethod codeBase="TestAssembly.dll" className="TestNamespace.TestClass10" name="Test1395" />
    </UnitTest>
    <UnitTest name="Test1396" id="b89dd286-ec28-4723-b357-d53470c43644" storage="TestAssembly.dll">
      <Execution id="c99a1589-8f7e-4cda-b168-10bcef959542" />
      <TestMethod codeBase="TestAssembly.dll" className="TestNamespace.TestClass10" name="Test1396" />
    </UnitTest>
    <UnitTest name="Test1397" id="6feff848-bfc7-4baa-8796-507071b0686c" storage="TestAssembly.dll">
      <Execution id="28a727d9-cd81-428c-8fb7-0909eff0b9b4" />
      <TestMethod codeBase="TestAssembly.dll" className="TestNamespace.TestClass10" name="Test1397" />
    </UnitTest>
    <UnitTest name="Test1398" id="ee2d102b-d4af-405d-8971-57b7059ecfe3" storage="TestAssembly.dll">
      <Execution id="b4b4fd67-963e-4cf2-a009-b38a3796e89b" />
      <TestMethod codeBase="TestAssembly.dll" className="TestNamespace.TestClass10" name="Test1398" />
    </UnitTest>
    <UnitTest name="Test1399" id="e7bfc65c-b233-46ed-bae5-3b5660cf5ce5" storage="TestAssembly.dll">
      <Execution id="1bb14767-f091-44a6-8adc-c11131d35bbb" />
      <TestMethod codeBase="TestAssembly.dll" className="TestNamespace.TestClass10" name="Test1399" />
    </UnitTest>
    <UnitTest name="Test1400" id="440ca905-af1b-4b1d-879e-b6148d7ff9a4" storage="TestAssembly.dll">
      <Execution id="418c01e3-3169-4b9f-9df2-5cbbac068347" />
      <TestMethod codeBase="TestAssembly.dll" className="TestNamespace.TestClass10" name="Test1400" />
    </UnitTest>
  </TestDefinitions>
  <TestEntries>
    <TestEntry testId="f5468f7a-3053-49a0-a880-1a86982a32df" executionId="b6fffd0c-0fa7-4061-948b-f734d67d7bec" testListId="6f9d375e-121e-48c0-ae96-d638bd5b442c" />
    <TestEntry testId="770f9d3b-36d0-43ed-9a9d-9fe7aa6ebc32" executionId="20a2ed9b-dae9-4931-855e-a56d73c5c726" testListId="6f9d375e-121e-48c0-ae96-d638bd5b442c" />
    <TestEntry testId="be02d6f4-380d-4b47-8c0c-049d2d3182ab" executionId="c74707f6-2627-438d-9be2-afa1b0024ca3" testListId="6f9d375e-121e-48c0-ae96-d638bd5b442c" />
    <TestEntry testId="1d604613-382a-4518-b3a0-84898985528a" executionId="599ade3d-339b-433c-934c-b39224040a56" testListId="6f9d375e-121e-48c0-ae96-d638bd5b442c" />
    <TestEntry testId="34d1ef09-6f63-4592-82a1-5b934111edd7" executionId="9ff876be-ab0b-481a-ac02-8ab6d1fb8b1e" testListId="6f9d375e-121e-48c0-ae96-d638bd5b442c" />
    <TestEntry testId="08451378-dcd1-4d36-aab8-887c692fce4c" executionId="02e3dcc4-c979-4597-92d9-7ceec51c87d5" testListId="6f9d375e-121e-48c0-ae96-d638bd5b442c" />
    <TestEntry testId="baeb9b8a-b6ee-4ebb-8001-d735fe01ea70" executionId="49efb03f-3d3d-4415-8607-a5eca79e725d" testListId="6f9d375e-121e-48c0-ae96-d638bd5b442c" />
    <TestEntry testId="cf4ac429-0076-4ccf-a234-556661cd43de" executionId="e3519742-5e4e-40c5-8950-daab770adf54" testListId="6f9d375e-121e-48c0-ae96-d638bd5b442c" />
    <TestEntry testId="00eb64aa-f2fc-493f-95e3-64495f1c4c77" executionId="702c10e1-05a2-4d09-891c-1b3936c142f1" testListId="6f9d375e-121e-48c0-ae96-d638bd5b442c" />
    <TestEntry testId="d16d64c9-e2f5-44b6-a293-01f051cdc7b7" executionId="491315fb-94bb-40bc-a53f-6904080f0cb9" testListId="6f9d375e-121e-48c0-ae96-d638bd5b442c" />
    <TestEntry testId="29cb5f51-f762-402d-9932-4246fccfed96" executionId="7390b998-e1ed-4de8-9498-6c9763ebd3f3" testListId="6f9d375e-121e-48c0-ae96-d638bd5b442c" />
    <TestEntry testId="9d3fd5b7-74c0-4540-a051-d0c861525ede" executionId="da5f3077-69bb-4a2b-99d5-f3f8ede83780" testListId="6f9d375e-121e-48c0-ae96-d638bd5b442c" />
    <TestEntry testId="eec73065-463b-403a-8c93-231df0f1b2bb" executionId="7d1ff975-da4e-4b7a-9d8f-430183b7917c" testListId="6f9d375e-121e-48c0-ae96-d638bd5b442c" />
    <TestEntry testId="ee02a111-fc0a-48a2-82bf-e43d25ed6c71" executionId="b6869870-3f1d-4fc4-b782-16855d1a31ee" testListId="6f9d375e-121e-48c0-ae96-d638bd5b442c" />
    <TestEntry testId="989733c0-0116-4564-96e4-9236d2c95e07" executionId="f23b8c75-46de-4e78-89b2-f3f39f65e066" testListId="6f9d375e-121e-48c0-ae96-d638bd5b442c" />
    <TestEntry testId="6c682cad-777f-46a4-9463-e75ff41209de" executionId="a1546a4b-a82a-4e35-a9e3-8cd88f6f5966" testListId="6f9d375e-121e-48c0-ae96-d638bd5b442c" />
    <TestEntry testId="b7e82604-d8d2-4266-8ddc-312f2a3359d8" executionId="1ed62c89-71ad-465c-a6e0-591dc91412ab" testListId="6f9d375e-121e-48c0-ae96-d638bd5b442c" />
    <TestEntry testId="1e7ca381-2e06-49bb-b288-57f378fb80fd" executionId="46bf8504-2691-458e-b3cc-d143192b9341" testListId="6f9d375e-121e-48c0-ae96-d638bd5b442c" />
    <TestEntry testId="a346c1b5-c431-4584-9098-5f284e6c30dc" executionId="94bab445-e66c-4a5d-a470-1cc9d8d8cebc" testListId="6f9d375e-121e-48c0-ae96-d638bd5b442c" />
    <TestEntry testId="93af4640-06e4-493f-a6de-af1e5540abf0" executionId="16ab5e07-c6f9-4e73-972d-4fb5618067bf" testListId="6f9d375e-121e-48c0-ae96-d638bd5b442c" />
    <TestEntry testId="86440932-bc4b-4acd-bd74-40bd5babb6e7" executionId="674cc8c2-c899-47e2-b667-820a99a916cc" testListId="6f9d375e-121e-48c0-ae96-d638bd5b442c" />
    <TestEntry testId="b996500a-25fd-46fd-be19-ea51f04ecddf" executionId="a44e5008-ab61-4b5f-a3e1-187e9b6932c0" testListId="6f9d375e-121e-48c0-ae96-d638bd5b442c" />
    <TestEntry testId="ecd4bbca-36c7-4528-bb9b-1280dcf804f0" executionId="81824225-d24c-48f4-bb1a-a94fdfdb1d8e" testListId="6f9d375e-121e-48c0-ae96-d638bd5b442c" />
    <TestEntry testId="4c33d149-d2f2-413f-8f21-9bea173b6f9b" executionId="302d8a7b-c755-4a97-ab1c-32d80f6db0a3" testListId="6f9d375e-121e-48c0-ae96-d638bd5b442c" />
    <TestEntry testId="343bbb98-3e7b-42fb-a094-99447793dfda" executionId="f724abc8-9af9-4642-b4d4-55b042b7de75" testListId="6f9d375e-121e-48c0-ae96-d638bd5b442c" />
    <TestEntry testId="ea3b8316-89df-4778-95e6-f129a3093ab2" executionId="fba3c273-ac0c-4830-977f-7ccd532ceed6" testListId="6f9d375e-121e-48c0-ae96-d638bd5b442c" />
    <TestEntry testId="249922e8-e78d-45af-a625-1b6e42e4ac65" executionId="1d0c2a65-3206-4829-9509-afec1151bdc8" testListId="6f9d375e-121e-48c0-ae96-d638bd5b442c" />
    <TestEntry testId="643f1173-a8f0-4365-a5b0-6e7888e1f0fc" executionId="9a58eff9-2515-4075-ad84-12654c5ba58d" testListId="6f9d375e-121e-48c0-ae96-d638bd5b442c" />
    <TestEntry testId="3ac1c1c0-8723-415d-8da4-9ada6c2c7092" executionId="bdbff79e-5657-400b-a4f2-7bc843c50916" testListId="6f9d375e-121e-48c0-ae96-d638bd5b442c" />
    <TestEntry testId="98da5296-3b56-43b1-ba86-2a281d4caf6b" executionId="4cfe1e48-13c8-4fa5-be1c-9781ac1d13f6" testListId="6f9d375e-121e-48c0-ae96-d638bd5b442c" />
    <TestEntry testId="d70dd5b0-2743-47fe-806e-111dbe0e9190" executionId="e524e48d-e8c0-4679-a3d5-4917bc47642e" testListId="6f9d375e-121e-48c0-ae96-d638bd5b442c" />
    <TestEntry testId="0522aa61-79eb-485b-bc7b-57b212318b0a" executionId="36f7bb79-ecc2-4243-91ce-58c1b29de0d6" testListId="6f9d375e-121e-48c0-ae96-d638bd5b442c" />
    <TestEntry testId="ed4da9fb-f59c-47c1-a71d-d8156b82d520" executionId="e9d90850-325c-48f4-87f6-b4fa6d1ce705" testListId="6f9d375e-121e-48c0-ae96-d638bd5b442c" />
    <TestEntry testId="07d7c2ae-47e1-4965-9594-d487af07fc23" executionId="8f865565-3638-4b96-ae57-bb2d878391b2" testListId="6f9d375e-121e-48c0-ae96-d638bd5b442c" />
    <TestEntry testId="208787c7-a60a-4281-8319-359680e2b299" executionId="5aa0397c-b954-4aa5-b0ee-4e8b51d029e4" testListId="6f9d375e-121e-48c0-ae96-d638bd5b442c" />
    <TestEntry testId="a7e077a5-e26e-45b0-b031-dbc5de6a433a" executionId="00e0099d-2626-4f74-9e83-70ca305532f2" testListId="6f9d375e-121e-48c0-ae96-d638bd5b442c" />
    <TestEntry testId="c8bb8847-2bba-49c6-b9d1-0dd222e04ef1" executionId="2b5c7b19-559a-4ce9-9027-e308e85bae82" testListId="6f9d375e-121e-48c0-ae96-d638bd5b442c" />
    <TestEntry testId="25d0218f-ceec-4c84-972b-a9ad8bf40ff4" executionId="73a8e970-ec95-4e42-9140-3fdc490cf07c" testListId="6f9d375e-121e-48c0-ae96-d638bd5b442c" />
    <TestEntry testId="1faa8c22-7296-476b-8232-dc8cfc4caf71" executionId="befe9679-ed2e-4b6b-bc0c-87b3c1c6a01d" testListId="6f9d375e-121e-48c0-ae96-d638bd5b442c" />
    <TestEntry testId="f5b39af2-f2f4-42d4-b81e-e99f2f03367b" executionId="18dddc7c-be2f-4c4b-b07c-0862a2528ad3" testListId="6f9d375e-121e-48c0-ae96-d638bd5b442c" />
    <TestEntry testId="e06ad637-c5ed-4eb5-81f2-fe81a6529ff1" executionId="b8480016-fa4f-4c93-b0e2-d5a663296049" testListId="6f9d375e-121e-48c0-ae96-d638bd5b442c" />
    <TestEntry testId="eb5035a4-d756-4615-b3f3-801e7aca2f88" executionId="7d509483-9b57-4492-992f-e32d726da08e" testListId="6f9d375e-121e-48c0-ae96-d638bd5b442c" />
    <TestEntry testId="4d915d22-1c9c-455d-83ad-d7344e4c40f6" executionId="3a226b0e-08ea-4770-9bac-8401be9b08de" testListId="6f9d375e-121e-48c0-ae96-d638bd5b442c" />
    <TestEntry testId="c4407be8-4f8f-4f70-98f4-357ff6d37b4a" executionId="7722711b-680d-4f83-be92-befdb5c87524" testListId="6f9d375e-121e-48c0-ae96-d638bd5b442c" />
    <TestEntry testId="5a16b5f7-e029-4769-9ad8-90d18c4ebc8b" executionId="7e313d27-023f-4b1d-b037-b4be8066131e" testListId="6f9d375e-121e-48c0-ae96-d638bd5b442c" />
    <TestEntry testId="31b6fd36-4af1-4272-ab7c-c2f8addda557" executionId="251564c7-97cf-40c3-80ec-3d391bcee9a6" testListId="6f9d375e-121e-48c0-ae96-d638bd5b442c" />
    <TestEntry testId="c0e2204a-508b-4d55-94ed-66e4bc4e8f45" executionId="61bacfd7-715d-4550-94d5-c24e5fa88f5d" testListId="6f9d375e-121e-48c0-ae96-d638bd5b442c" />
    <TestEntry testId="e959e5d0-858a-4be3-971b-dc599e1e3179" executionId="f4b7054a-e2d7-41dc-8262-32fb51c5606a" testListId="6f9d375e-121e-48c0-ae96-d638bd5b442c" />
    <TestEntry testId="77348847-73b0-441b-9c6d-ebbffff41834" executionId="4f7e8d17-c140-46ca-9e7a-47cda3b3ea62" testListId="6f9d375e-121e-48c0-ae96-d638bd5b442c" />
    <TestEntry testId="77171a87-6dd8-484f-9f71-58c39c4ded0b" executionId="1f9077a9-c90b-4b5e-9b80-b73562e1f8f3" testListId="6f9d375e-121e-48c0-ae96-d638bd5b442c" />
    <TestEntry testId="be1ea1a9-633c-45d9-9889-b3e33e2a70c1" executionId="af111a55-04d9-4714-bad5-8337750eb575" testListId="6f9d375e-121e-48c0-ae96-d638bd5b442c" />
    <TestEntry testId="4c75c182-56f3-492e-b885-24dc07faa96e" executionId="073989da-341a-4b50-9508-357c12af364e" testListId="6f9d375e-121e-48c0-ae96-d638bd5b442c" />
    <TestEntry testId="332c4890-8433-41cc-9b34-260b47b7b047" executionId="122a9c8b-64b8-465f-8676-4f4e2ebfbadd" testListId="6f9d375e-121e-48c0-ae96-d638bd5b442c" />
    <TestEntry testId="ea1cefe1-1145-48ea-b398-99cb34a84389" executionId="e38888e7-3996-404d-b98c-3a04f0449673" testListId="6f9d375e-121e-48c0-ae96-d638bd5b442c" />
    <TestEntry testId="8a7c1e89-3a8e-4b38-a2c7-7b045b602dde" executionId="0964a377-3434-42e5-92d6-3720be9d3931" testListId="6f9d375e-121e-48c0-ae96-d638bd5b442c" />
    <TestEntry testId="d7eba138-c8d2-4514-869f-39a9fda0fb61" executionId="6936a833-f7d4-4918-b596-f4da38b4afe2" testListId="6f9d375e-121e-48c0-ae96-d638bd5b442c" />
    <TestEntry testId="88c46e89-ed09-4f40-a8de-7e76ccd09b51" executionId="4d40e178-8a15-4090-af19-333e8332672f" testListId="6f9d375e-121e-48c0-ae96-d638bd5b442c" />
    <TestEntry testId="bf8dba9c-4646-4142-86e5-58c9d37d8fb9" executionId="a677289a-9666-4cd9-996e-3851a60e1ba9" testListId="6f9d375e-121e-48c0-ae96-d638bd5b442c" />
    <TestEntry testId="167d579c-f520-4484-976d-f151366e117c" executionId="85935834-787c-415c-987d-adc495efb975" testListId="6f9d375e-121e-48c0-ae96-d638bd5b442c" />
    <TestEntry testId="088ee8c7-1312-46e0-9ba3-f0fcb6cfd080" executionId="9b3623f2-b211-4555-980a-c0da08fe9385" testListId="6f9d375e-121e-48c0-ae96-d638bd5b442c" />
    <TestEntry testId="28ac7882-6e2e-4440-8338-e57c6dea9ba1" executionId="2459d5ea-ec85-4793-9694-79fe314bc2a6" testListId="6f9d375e-121e-48c0-ae96-d638bd5b442c" />
    <TestEntry testId="4ea2c9f3-e9c6-467e-8d54-3a2431b056a4" executionId="55cb193c-7dd8-43ef-8b7d-18fa178e5bcb" testListId="6f9d375e-121e-48c0-ae96-d638bd5b442c" />
    <TestEntry testId="ec8f723c-0843-470c-8fef-1ba7075059cb" executionId="f1d5e5eb-a64d-48f9-8e9d-61a1e4a8119e" testListId="6f9d375e-121e-48c0-ae96-d638bd5b442c" />
    <TestEntry testId="67918054-d442-409a-b34b-26a2e62da1a1" executionId="b0038bf3-a898-49c3-9805-1c685fb59806" testListId="6f9d375e-121e-48c0-ae96-d638bd5b442c" />
    <TestEntry testId="6cbdb461-504d-4cb7-8780-ed7e995d5a92" executionId="47867795-2824-48ef-b75c-50b6be4a2c73" testListId="6f9d375e-121e-48c0-ae96-d638bd5b442c" />
    <TestEntry testId="d7997656-da11-4c8b-ac4c-273c6e01a8d5" executionId="01ae864f-1669-46f1-a590-946947b13a1e" testListId="6f9d375e-121e-48c0-ae96-d638bd5b442c" />
    <TestEntry testId="50aed77f-171b-4d36-84c3-2c2a401388a6" executionId="b14386c2-454b-4c3e-b906-ec6a2f90f890" testListId="6f9d375e-121e-48c0-ae96-d638bd5b442c" />
    <TestEntry testId="ec262027-63ea-4100-a6b7-9e1b8e52b7a8" executionId="0d0e9ebb-9462-4132-a465-192046d7977e" testListId="6f9d375e-121e-48c0-ae96-d638bd5b442c" />
    <TestEntry testId="47e3cb10-d859-4eab-bd05-6bcf395ab36d" executionId="7970dca1-923a-4671-be78-c67735c81086" testListId="6f9d375e-121e-48c0-ae96-d638bd5b442c" />
    <TestEntry testId="310dafec-0251-4aa9-b944-b5b044c8783b" executionId="9e6c4f65-b870-433b-8d07-cc7a02c482b0" testListId="6f9d375e-121e-48c0-ae96-d638bd5b442c" />
    <TestEntry testId="2e6b5d4b-441f-4893-b4e1-8c13f9f108c7" executionId="054dc91f-5018-4f36-9314-979a1f7ccea4" testListId="6f9d375e-121e-48c0-ae96-d638bd5b442c" />
    <TestEntry testId="5902114a-a2b8-449c-9377-ce1238dc6aa1" executionId="d77e8705-af2f-4520-b328-867e3b1ed929" testListId="6f9d375e-121e-48c0-ae96-d638bd5b442c" />
    <TestEntry testId="af2ca3f2-d510-42c5-9a53-a469aff3ab3d" executionId="aa93e8ed-ae3b-440b-8449-9c6a8067a54c" testListId="6f9d375e-121e-48c0-ae96-d638bd5b442c" />
    <TestEntry testId="f368a979-d29c-495b-9474-3baacb619524" executionId="6985b399-ab8b-4a0b-8d69-78a1e5d8f32f" testListId="6f9d375e-121e-48c0-ae96-d638bd5b442c" />
    <TestEntry testId="c1e3b456-9d18-4765-9a88-5f2650172e0f" executionId="aedb87a7-b1eb-4ca1-9607-156f949ecd59" testListId="6f9d375e-121e-48c0-ae96-d638bd5b442c" />
    <TestEntry testId="c43f6552-de39-4890-a973-5f0dd2813d27" executionId="bf7725c4-af6e-40b1-90ef-754afb4b1e30" testListId="6f9d375e-121e-48c0-ae96-d638bd5b442c" />
    <TestEntry testId="c5f333dd-69da-4c52-85f1-4b876395d33b" executionId="00303d23-2407-4781-a851-c265895794bd" testListId="6f9d375e-121e-48c0-ae96-d638bd5b442c" />
    <TestEntry testId="3fdcb282-4965-4d30-86d4-16ec946f4245" executionId="c86d071b-670a-442a-a12a-dbaeaaf50c64" testListId="6f9d375e-121e-48c0-ae96-d638bd5b442c" />
    <TestEntry testId="aa6f05c0-5503-4f7e-b6aa-a022f19b484d" executionId="2cc46d17-7ec2-4706-979f-25c58d181a71" testListId="6f9d375e-121e-48c0-ae96-d638bd5b442c" />
    <TestEntry testId="1ac3801e-cea2-4606-9a09-b0ae5716ac19" executionId="b41c5567-8aee-44eb-9a8b-809b197f2ba3" testListId="6f9d375e-121e-48c0-ae96-d638bd5b442c" />
    <TestEntry testId="61fa7a38-2a01-4469-9d75-2806bd1ec6eb" executionId="fcdbc8d6-a4e2-4e2e-a237-cb0cee5a6011" testListId="6f9d375e-121e-48c0-ae96-d638bd5b442c" />
    <TestEntry testId="c81ffa2a-3e17-4085-8d76-642b619817b4" executionId="050db43b-beed-4989-adab-983e60bcc64d" testListId="6f9d375e-121e-48c0-ae96-d638bd5b442c" />
    <TestEntry testId="cf76e046-2b45-4fea-b5e2-f7698bb90186" executionId="8e88edcb-6ee0-4161-9294-0a8167491494" testListId="6f9d375e-121e-48c0-ae96-d638bd5b442c" />
    <TestEntry testId="5fad15a4-805f-4aad-84f4-0ccb8e042c30" executionId="78e06169-eb36-4d7b-97ec-def40fc0d931" testListId="6f9d375e-121e-48c0-ae96-d638bd5b442c" />
    <TestEntry testId="b68406ce-22d4-4cfb-b0ba-7b1e229591ff" executionId="618d956f-e58f-4e13-8c71-e8fa4f85b723" testListId="6f9d375e-121e-48c0-ae96-d638bd5b442c" />
    <TestEntry testId="08c403e5-02b3-40dd-b896-70469967d038" executionId="8356f628-62ed-4c59-8f0e-99b11364d593" testListId="6f9d375e-121e-48c0-ae96-d638bd5b442c" />
    <TestEntry testId="b8514d0d-1539-4378-ba1e-c4bd7dc05ded" executionId="b4cc9032-4dd0-4cbc-8d08-22099a34c1e7" testListId="6f9d375e-121e-48c0-ae96-d638bd5b442c" />
    <TestEntry testId="9515988b-5e43-4b82-b07c-2e23d595391f" executionId="4254b687-402f-4ca1-ab9e-5f772f10ed76" testListId="6f9d375e-121e-48c0-ae96-d638bd5b442c" />
    <TestEntry testId="55eabb6e-6d16-4d01-af3a-e7e085847fb1" executionId="2d5c92e5-6793-4049-ba09-f5d1656bb018" testListId="6f9d375e-121e-48c0-ae96-d638bd5b442c" />
    <TestEntry testId="9883a70d-55fa-4ec1-bb98-60d42a9c0842" executionId="8b53cb79-510e-459e-913a-537c74632ff5" testListId="6f9d375e-121e-48c0-ae96-d638bd5b442c" />
    <TestEntry testId="860b9b61-451b-496a-b6e4-1b8e1ea3ad98" executionId="7055b58a-197b-4990-8710-f6584c24929a" testListId="6f9d375e-121e-48c0-ae96-d638bd5b442c" />
    <TestEntry testId="9db545cf-888b-4241-a136-13c533b0710e" executionId="312b9c3c-1ee1-43a9-84ea-647c9ea2e91a" testListId="6f9d375e-121e-48c0-ae96-d638bd5b442c" />
    <TestEntry testId="052bfc73-2b9c-4fd6-be82-a8b10dce466f" executionId="18ac75b5-1267-4d0e-98d9-1546b34f7f39" testListId="6f9d375e-121e-48c0-ae96-d638bd5b442c" />
    <TestEntry testId="72ab818a-bf4e-428b-bfa0-64e1e07e103f" executionId="2cd3f1f9-b22b-4cc0-b0b9-1419140ff7d6" testListId="6f9d375e-121e-48c0-ae96-d638bd5b442c" />
    <TestEntry testId="59fa797d-5790-478c-9dc8-f8c4eb18f855" executionId="b2103dc7-2ca5-4817-9834-707ba79ced55" testListId="6f9d375e-121e-48c0-ae96-d638bd5b442c" />
    <TestEntry testId="b89dd286-ec28-4723-b357-d53470c43644" executionId="c99a1589-8f7e-4cda-b168-10bcef959542" testListId="6f9d375e-121e-48c0-ae96-d638bd5b442c" />
    <TestEntry testId="6feff848-bfc7-4baa-8796-507071b0686c" executionId="28a727d9-cd81-428c-8fb7-0909eff0b9b4" testListId="6f9d375e-121e-48c0-ae96-d638bd5b442c" />
    <TestEntry testId="ee2d102b-d4af-405d-8971-57b7059ecfe3" executionId="b4b4fd67-963e-4cf2-a009-b38a3796e89b" testListId="6f9d375e-121e-48c0-ae96-d638bd5b442c" />
    <TestEntry testId="e7bfc65c-b233-46ed-bae5-3b5660cf5ce5" executionId="1bb14767-f091-44a6-8adc-c11131d35bbb" testListId="6f9d375e-121e-48c0-ae96-d638bd5b442c" />
    <TestEntry testId="440ca905-af1b-4b1d-879e-b6148d7ff9a4" executionId="418c01e3-3169-4b9f-9df2-5cbbac068347" testListId="6f9d375e-121e-48c0-ae96-d638bd5b442c" />
  </TestEntries>
  <TestLists>
    <TestList name="Results Not in a List" id="6f9d375e-121e-48c0-ae96-d638bd5b442c" />
    <TestList name="All Loaded Results" id="52e8899d-3220-43fa-bbea-d7740e73a517" />
  </TestLists>
</TestRun>