<?xml version="1.0" encoding="UTF-8"?>
<TestRun id="bf6603c8-2deb-46c9-a052-0e8b21bb6b98" name="Test Run 13" runUser="Oles Galatsan" xmlns="http://microsoft.com/schemas/VisualStudio/TeamTest/2010">
  <Times creation="2025-05-14T13:20:31.3125482Z" queuing="2025-05-14T13:20:31.3125482Z" start="2025-05-14T13:20:31.3146610Z" finish="2025-05-14T13:25:31.3147553Z" />
  <TestSettings name="Test Settings 13" id="708d12c6-bd12-490f-9c1a-21410b8b6817" />
  <Results>
    <UnitTestResult executionId="3555db92-95c9-4a71-8131-a63907481b4f" testId="ab9261f5-7463-412f-80b6-a474719bba18" testName="Test1201" computerName="UA-LPT-OGA2" duration="00:00:01.1070000" startTime="2025-05-14T13:20:31.3146610Z" endTime="2025-05-14T13:25:31.3147553Z" testType="13cdc9d9-ddb5-4fa4-a97d-d965ccfc6d4b" outcome="Passed" testListId="da5dc7f4-baf1-4fd9-abc0-ca555d196d56" />
    <UnitTestResult executionId="cd87bfdb-c605-433c-9622-d01c134ccf8e" testId="7fb429ca-cfb3-4b6c-8c00-cced00080b68" testName="Test1202" computerName="UA-LPT-OGA2" duration="00:00:00.6860000" startTime="2025-05-14T13:20:31.3146610Z" endTime="2025-05-14T13:25:31.3147553Z" testType="13cdc9d9-ddb5-4fa4-a97d-d965ccfc6d4b" outcome="Passed" testListId="da5dc7f4-baf1-4fd9-abc0-ca555d196d56" />
    <UnitTestResult executionId="64b7a80a-1cc1-4770-82df-578acbf99152" testId="2c164215-5939-4b01-a0e7-2a4d75f32706" testName="Test1203" computerName="UA-LPT-OGA2" duration="00:00:01.7440000" startTime="2025-05-14T13:20:31.3146610Z" endTime="2025-05-14T13:25:31.3147553Z" testType="13cdc9d9-ddb5-4fa4-a97d-d965ccfc6d4b" outcome="Passed" testListId="da5dc7f4-baf1-4fd9-abc0-ca555d196d56" />
    <UnitTestResult executionId="c82f148d-f0db-4c49-ab59-84326c059867" testId="50752c71-e02d-43e0-a1a3-892964f60767" testName="Test1204" computerName="UA-LPT-OGA2" duration="00:00:00.3340000" startTime="2025-05-14T13:20:31.3146610Z" endTime="2025-05-14T13:25:31.3147553Z" testType="13cdc9d9-ddb5-4fa4-a97d-d965ccfc6d4b" outcome="Passed" testListId="da5dc7f4-baf1-4fd9-abc0-ca555d196d56" />
    <UnitTestResult executionId="d078818e-69e4-4064-ab77-9325ac8e5f7e" testId="d4c10fca-1075-4620-8050-053e02d3d591" testName="Test1205" computerName="UA-LPT-OGA2" duration="00:00:01.4680000" startTime="2025-05-14T13:20:31.3146610Z" endTime="2025-05-14T13:25:31.3147553Z" testType="13cdc9d9-ddb5-4fa4-a97d-d965ccfc6d4b" outcome="Passed" testListId="da5dc7f4-baf1-4fd9-abc0-ca555d196d56" />
    <UnitTestResult executionId="69d907da-7d1e-4d2e-8aee-4397cde1fd81" testId="4537288f-33c7-4bc9-aebb-c3523c791656" testName="Test1206" computerName="UA-LPT-OGA2" duration="00:00:01.0560000" startTime="2025-05-14T13:20:31.3146610Z" endTime="2025-05-14T13:25:31.3147553Z" testType="13cdc9d9-ddb5-4fa4-a97d-d965ccfc6d4b" outcome="Failed" testListId="da5dc7f4-baf1-4fd9-abc0-ca555d196d56">
      <Output>
        <ErrorInfo>
          <Message>Assertion failed: Expected value did not match actual value.</Message>
          <StackTrace>   at TestNamespace.TestClass.Test() in TestClass.cs:line 464</StackTrace>
        </ErrorInfo>
      </Output>
    </UnitTestResult>
    <UnitTestResult executionId="d1891a2b-a089-44e5-ac5d-ed50cc48ef97" testId="d093d95e-e1ce-47be-80bd-8822ac9e2081" testName="Test1207" computerName="UA-LPT-OGA2" duration="00:00:01.1630000" startTime="2025-05-14T13:20:31.3146610Z" endTime="2025-05-14T13:25:31.3147553Z" testType="13cdc9d9-ddb5-4fa4-a97d-d965ccfc6d4b" outcome="Passed" testListId="da5dc7f4-baf1-4fd9-abc0-ca555d196d56" />
    <UnitTestResult executionId="725d00ac-d6a7-488f-9633-91bb46fa4854" testId="5becfb9f-c586-4f25-9536-d475e234f9cd" testName="Test1208" computerName="UA-LPT-OGA2" duration="00:00:00.9560000" startTime="2025-05-14T13:20:31.3146610Z" endTime="2025-05-14T13:25:31.3147553Z" testType="13cdc9d9-ddb5-4fa4-a97d-d965ccfc6d4b" outcome="Passed" testListId="da5dc7f4-baf1-4fd9-abc0-ca555d196d56" />
    <UnitTestResult executionId="4caa0e5d-b013-415a-af3b-8536552f2b1b" testId="0ecb633c-5a8f-4ddd-8fd1-cc17fac6f31b" testName="Test1209" computerName="UA-LPT-OGA2" duration="00:00:00.5000000" startTime="2025-05-14T13:20:31.3146610Z" endTime="2025-05-14T13:25:31.3147553Z" testType="13cdc9d9-ddb5-4fa4-a97d-d965ccfc6d4b" outcome="Passed" testListId="da5dc7f4-baf1-4fd9-abc0-ca555d196d56" />
    <UnitTestResult executionId="653d6df3-2a5f-422a-8dff-4722624e1d5c" testId="52448cfd-9857-46a9-9ecd-3c310c2efc3f" testName="Test1210" computerName="UA-LPT-OGA2" duration="00:00:01.5090000" startTime="2025-05-14T13:20:31.3146610Z" endTime="2025-05-14T13:25:31.3147553Z" testType="13cdc9d9-ddb5-4fa4-a97d-d965ccfc6d4b" outcome="Passed" testListId="da5dc7f4-baf1-4fd9-abc0-ca555d196d56" />
    <UnitTestResult executionId="1a36fc97-bd24-40c8-9f46-3fe2cab07e9b" testId="c52c0599-5024-44c3-a0ed-60eca7e1f37f" testName="Test1211" computerName="UA-LPT-OGA2" duration="00:00:00.1040000" startTime="2025-05-14T13:20:31.3146610Z" endTime="2025-05-14T13:25:31.3147553Z" testType="13cdc9d9-ddb5-4fa4-a97d-d965ccfc6d4b" outcome="Passed" testListId="da5dc7f4-baf1-4fd9-abc0-ca555d196d56" />
    <UnitTestResult executionId="4a430bb6-99fa-4331-a39d-d3e896891ae0" testId="d653b1a6-c2b1-400c-8e13-0043b2911821" testName="Test1212" computerName="UA-LPT-OGA2" duration="00:00:01.0000000" startTime="2025-05-14T13:20:31.3146610Z" endTime="2025-05-14T13:25:31.3147553Z" testType="13cdc9d9-ddb5-4fa4-a97d-d965ccfc6d4b" outcome="Passed" testListId="da5dc7f4-baf1-4fd9-abc0-ca555d196d56" />
    <UnitTestResult executionId="b0f5bd13-d823-491a-baad-df171f663ad7" testId="c40bed5b-ca34-4b2c-b22b-e2b71a7cc65f" testName="Test1213" computerName="UA-LPT-OGA2" duration="00:00:00.0910000" startTime="2025-05-14T13:20:31.3146610Z" endTime="2025-05-14T13:25:31.3147553Z" testType="13cdc9d9-ddb5-4fa4-a97d-d965ccfc6d4b" outcome="Passed" testListId="da5dc7f4-baf1-4fd9-abc0-ca555d196d56" />
    <UnitTestResult executionId="c2a14991-4e6c-4a1a-a14b-2641d3e6342c" testId="3b80426c-4ed8-4048-909f-642ea7fbad2f" testName="Test1214" computerName="UA-LPT-OGA2" duration="00:00:01.5750000" startTime="2025-05-14T13:20:31.3146610Z" endTime="2025-05-14T13:25:31.3147553Z" testType="13cdc9d9-ddb5-4fa4-a97d-d965ccfc6d4b" outcome="Passed" testListId="da5dc7f4-baf1-4fd9-abc0-ca555d196d56" />
    <UnitTestResult executionId="da2bf9b6-0e87-4ab6-bb55-a2de5f1e7f73" testId="5791b16e-e4c6-4742-9674-c8b300233387" testName="Test1215" computerName="UA-LPT-OGA2" duration="00:00:00.6670000" startTime="2025-05-14T13:20:31.3146610Z" endTime="2025-05-14T13:25:31.3147553Z" testType="13cdc9d9-ddb5-4fa4-a97d-d965ccfc6d4b" outcome="Passed" testListId="da5dc7f4-baf1-4fd9-abc0-ca555d196d56" />
    <UnitTestResult executionId="28acf66f-dbc0-480d-99f1-d6d73d37e229" testId="3011e951-adb6-4606-a080-0e78509b5b8e" testName="Test1216" computerName="UA-LPT-OGA2" duration="00:00:01.8450000" startTime="2025-05-14T13:20:31.3146610Z" endTime="2025-05-14T13:25:31.3147553Z" testType="13cdc9d9-ddb5-4fa4-a97d-d965ccfc6d4b" outcome="Passed" testListId="da5dc7f4-baf1-4fd9-abc0-ca555d196d56" />
    <UnitTestResult executionId="792c0736-37bd-4a6f-848e-36d35d607046" testId="4b84f768-a905-4e05-be47-5ed5655dedc0" testName="Test1217" computerName="UA-LPT-OGA2" duration="00:00:00.8950000" startTime="2025-05-14T13:20:31.3146610Z" endTime="2025-05-14T13:25:31.3147553Z" testType="13cdc9d9-ddb5-4fa4-a97d-d965ccfc6d4b" outcome="Passed" testListId="da5dc7f4-baf1-4fd9-abc0-ca555d196d56" />
    <UnitTestResult executionId="ab31be54-646d-4c85-bb26-082621030fe9" testId="4d8dc508-88df-4a79-b722-fd8592b787f6" testName="Test1218" computerName="UA-LPT-OGA2" duration="00:00:00.1380000" startTime="2025-05-14T13:20:31.3146610Z" endTime="2025-05-14T13:25:31.3147553Z" testType="13cdc9d9-ddb5-4fa4-a97d-d965ccfc6d4b" outcome="Passed" testListId="da5dc7f4-baf1-4fd9-abc0-ca555d196d56" />
    <UnitTestResult executionId="d5c7db6d-088d-4b4f-9524-7874afe760f8" testId="28d0c35c-c9bf-492b-9d1b-d35f5ef1dedc" testName="Test1219" computerName="UA-LPT-OGA2" duration="00:00:01.8740000" startTime="2025-05-14T13:20:31.3146610Z" endTime="2025-05-14T13:25:31.3147553Z" testType="13cdc9d9-ddb5-4fa4-a97d-d965ccfc6d4b" outcome="Passed" testListId="da5dc7f4-baf1-4fd9-abc0-ca555d196d56" />
    <UnitTestResult executionId="c38ec847-d8b7-4331-9856-79611a90761f" testId="f84dd317-44a0-44cb-b3df-fd8f5688d001" testName="Test1220" computerName="UA-LPT-OGA2" duration="00:00:00.0500000" startTime="2025-05-14T13:20:31.3146610Z" endTime="2025-05-14T13:25:31.3147553Z" testType="13cdc9d9-ddb5-4fa4-a97d-d965ccfc6d4b" outcome="Passed" testListId="da5dc7f4-baf1-4fd9-abc0-ca555d196d56" />
    <UnitTestResult executionId="343fbc3b-f871-4cca-bdda-86e1c9f8eac3" testId="6e20f901-4293-4d25-bb6e-78d23af2ad6b" testName="Test1221" computerName="UA-LPT-OGA2" duration="00:00:01.0500000" startTime="2025-05-14T13:20:31.3146610Z" endTime="2025-05-14T13:25:31.3147553Z" testType="13cdc9d9-ddb5-4fa4-a97d-d965ccfc6d4b" outcome="Passed" testListId="da5dc7f4-baf1-4fd9-abc0-ca555d196d56" />
    <UnitTestResult executionId="f6d838c3-7186-4029-af6d-f528a8ad502d" testId="c942ab22-e6fa-4c09-9bb6-8f09a1cef381" testName="Test1222" computerName="UA-LPT-OGA2" duration="00:00:00.3320000" startTime="2025-05-14T13:20:31.3146610Z" endTime="2025-05-14T13:25:31.3147553Z" testType="13cdc9d9-ddb5-4fa4-a97d-d965ccfc6d4b" outcome="Passed" testListId="da5dc7f4-baf1-4fd9-abc0-ca555d196d56" />
    <UnitTestResult executionId="7ce2812b-afac-432c-a6aa-455f80f91b1a" testId="df0af1fa-10a5-45bf-8e01-d22ad6903748" testName="Test1223" computerName="UA-LPT-OGA2" duration="00:00:01.5210000" startTime="2025-05-14T13:20:31.3146610Z" endTime="2025-05-14T13:25:31.3147553Z" testType="13cdc9d9-ddb5-4fa4-a97d-d965ccfc6d4b" outcome="Passed" testListId="da5dc7f4-baf1-4fd9-abc0-ca555d196d56" />
    <UnitTestResult executionId="7cadc596-bbad-4fb4-9fa3-4dd04677cf4c" testId="8554e43e-2e0c-4651-b60f-c51ff24ab047" testName="Test1224" computerName="UA-LPT-OGA2" duration="00:00:01.6580000" startTime="2025-05-14T13:20:31.3146610Z" endTime="2025-05-14T13:25:31.3147553Z" testType="13cdc9d9-ddb5-4fa4-a97d-d965ccfc6d4b" outcome="Passed" testListId="da5dc7f4-baf1-4fd9-abc0-ca555d196d56" />
    <UnitTestResult executionId="93662157-c3c1-40cc-bef8-b9e2d2e0abc8" testId="35e493ae-77ce-4f59-8807-5d86298d756b" testName="Test1225" computerName="UA-LPT-OGA2" duration="00:00:00.3340000" startTime="2025-05-14T13:20:31.3146610Z" endTime="2025-05-14T13:25:31.3147553Z" testType="13cdc9d9-ddb5-4fa4-a97d-d965ccfc6d4b" outcome="Passed" testListId="da5dc7f4-baf1-4fd9-abc0-ca555d196d56" />
    <UnitTestResult executionId="1d775547-38b1-4b79-87d4-4257563a74cc" testId="53b6d03b-83dd-460d-aae0-765f7abea2f7" testName="Test1226" computerName="UA-LPT-OGA2" duration="00:00:00.3250000" startTime="2025-05-14T13:20:31.3146610Z" endTime="2025-05-14T13:25:31.3147553Z" testType="13cdc9d9-ddb5-4fa4-a97d-d965ccfc6d4b" outcome="Passed" testListId="da5dc7f4-baf1-4fd9-abc0-ca555d196d56" />
    <UnitTestResult executionId="07f39abf-9ef2-4daa-93c1-ab263ef434a0" testId="f1b411a2-a8af-4489-b1da-f822e37151fe" testName="Test1227" computerName="UA-LPT-OGA2" duration="00:00:00.5170000" startTime="2025-05-14T13:20:31.3146610Z" endTime="2025-05-14T13:25:31.3147553Z" testType="13cdc9d9-ddb5-4fa4-a97d-d965ccfc6d4b" outcome="Passed" testListId="da5dc7f4-baf1-4fd9-abc0-ca555d196d56" />
    <UnitTestResult executionId="767bd0b1-0340-47b8-869a-c6715c4c4642" testId="80c6249b-7693-4d39-8334-f5ceb4f028c2" testName="Test1228" computerName="UA-LPT-OGA2" duration="00:00:01.5360000" startTime="2025-05-14T13:20:31.3146610Z" endTime="2025-05-14T13:25:31.3147553Z" testType="13cdc9d9-ddb5-4fa4-a97d-d965ccfc6d4b" outcome="Passed" testListId="da5dc7f4-baf1-4fd9-abc0-ca555d196d56" />
    <UnitTestResult executionId="29fa0ecd-fe28-4ad1-a12b-9b71efcc473b" testId="6cebdd84-31fd-49ed-88cd-875f349be965" testName="Test1229" computerName="UA-LPT-OGA2" duration="00:00:01.9380000" startTime="2025-05-14T13:20:31.3146610Z" endTime="2025-05-14T13:25:31.3147553Z" testType="13cdc9d9-ddb5-4fa4-a97d-d965ccfc6d4b" outcome="Passed" testListId="da5dc7f4-baf1-4fd9-abc0-ca555d196d56" />
    <UnitTestResult executionId="4a7c9845-e365-4a61-a093-8ef92f21c3d2" testId="bf63f4d1-5b3f-4656-98bd-d957a0178c91" testName="Test1230" computerName="UA-LPT-OGA2" duration="00:00:00.8920000" startTime="2025-05-14T13:20:31.3146610Z" endTime="2025-05-14T13:25:31.3147553Z" testType="13cdc9d9-ddb5-4fa4-a97d-d965ccfc6d4b" outcome="Passed" testListId="da5dc7f4-baf1-4fd9-abc0-ca555d196d56" />
    <UnitTestResult executionId="1555a041-a5ea-4b42-a092-3b4ae162ac3e" testId="eabc1f96-b95e-44fa-816b-6b31f45e0d88" testName="Test1231" computerName="UA-LPT-OGA2" duration="00:00:01.5660000" startTime="2025-05-14T13:20:31.3146610Z" endTime="2025-05-14T13:25:31.3147553Z" testType="13cdc9d9-ddb5-4fa4-a97d-d965ccfc6d4b" outcome="Passed" testListId="da5dc7f4-baf1-4fd9-abc0-ca555d196d56" />
    <UnitTestResult executionId="6e7fc1c3-1d22-41f0-ac63-dce89520ba9f" testId="43b0d9ce-9cef-4455-81ac-fa3712d14bf4" testName="Test1232" computerName="UA-LPT-OGA2" duration="00:00:01.6430000" startTime="2025-05-14T13:20:31.3146610Z" endTime="2025-05-14T13:25:31.3147553Z" testType="13cdc9d9-ddb5-4fa4-a97d-d965ccfc6d4b" outcome="Passed" testListId="da5dc7f4-baf1-4fd9-abc0-ca555d196d56" />
    <UnitTestResult executionId="4537d38c-39ef-4321-bbb6-f5baab3d01dc" testId="8bcf335f-a93c-44f3-bd51-17c07e5adda0" testName="Test1233" computerName="UA-LPT-OGA2" duration="00:00:00.7920000" startTime="2025-05-14T13:20:31.3146610Z" endTime="2025-05-14T13:25:31.3147553Z" testType="13cdc9d9-ddb5-4fa4-a97d-d965ccfc6d4b" outcome="Passed" testListId="da5dc7f4-baf1-4fd9-abc0-ca555d196d56" />
    <UnitTestResult executionId="f001494a-6773-4599-a48f-a0a75b33856e" testId="02b51d4b-4a3e-4f26-9ba9-c3384506b8f8" testName="Test1234" computerName="UA-LPT-OGA2" duration="00:00:00.6310000" startTime="2025-05-14T13:20:31.3146610Z" endTime="2025-05-14T13:25:31.3147553Z" testType="13cdc9d9-ddb5-4fa4-a97d-d965ccfc6d4b" outcome="Passed" testListId="da5dc7f4-baf1-4fd9-abc0-ca555d196d56" />
    <UnitTestResult executionId="7d125fda-0c58-4752-ad66-c16e2b3f5cae" testId="2418d46d-90ee-4a64-8987-8a1bb6041ff5" testName="Test1235" computerName="UA-LPT-OGA2" duration="00:00:01.2870000" startTime="2025-05-14T13:20:31.3146610Z" endTime="2025-05-14T13:25:31.3147553Z" testType="13cdc9d9-ddb5-4fa4-a97d-d965ccfc6d4b" outcome="Passed" testListId="da5dc7f4-baf1-4fd9-abc0-ca555d196d56" />
    <UnitTestResult executionId="a31c1263-4056-4b8c-a2f0-eccca7856409" testId="f1d0df4a-cbe7-4a1c-b14e-5c1f6d36c1fe" testName="Test1236" computerName="UA-LPT-OGA2" duration="00:00:00.3960000" startTime="2025-05-14T13:20:31.3146610Z" endTime="2025-05-14T13:25:31.3147553Z" testType="13cdc9d9-ddb5-4fa4-a97d-d965ccfc6d4b" outcome="Passed" testListId="da5dc7f4-baf1-4fd9-abc0-ca555d196d56" />
    <UnitTestResult executionId="6021eb34-3bff-4842-b6c8-a39c0cbbf097" testId="0a065d66-4c30-4949-97d4-d3f1d85e63a3" testName="Test1237" computerName="UA-LPT-OGA2" duration="00:00:00.1140000" startTime="2025-05-14T13:20:31.3146610Z" endTime="2025-05-14T13:25:31.3147553Z" testType="13cdc9d9-ddb5-4fa4-a97d-d965ccfc6d4b" outcome="Passed" testListId="da5dc7f4-baf1-4fd9-abc0-ca555d196d56" />
    <UnitTestResult executionId="75f85bd4-d159-480f-a121-8f19dc8b2083" testId="e950a744-731e-4378-99f0-d99661c171be" testName="Test1238" computerName="UA-LPT-OGA2" duration="00:00:01.1910000" startTime="2025-05-14T13:20:31.3146610Z" endTime="2025-05-14T13:25:31.3147553Z" testType="13cdc9d9-ddb5-4fa4-a97d-d965ccfc6d4b" outcome="Passed" testListId="da5dc7f4-baf1-4fd9-abc0-ca555d196d56" />
    <UnitTestResult executionId="b57e61ba-6436-4f2d-a594-174f3f33d043" testId="75b75391-2fb8-4839-8784-1b0b502d20c6" testName="Test1239" computerName="UA-LPT-OGA2" duration="00:00:00.3610000" startTime="2025-05-14T13:20:31.3146610Z" endTime="2025-05-14T13:25:31.3147553Z" testType="13cdc9d9-ddb5-4fa4-a97d-d965ccfc6d4b" outcome="Passed" testListId="da5dc7f4-baf1-4fd9-abc0-ca555d196d56" />
    <UnitTestResult executionId="d9a4f186-5e34-4dcd-897f-342b8874cb11" testId="f388307b-0ae0-4bcc-aaa6-e878963076a8" testName="Test1240" computerName="UA-LPT-OGA2" duration="00:00:00.4770000" startTime="2025-05-14T13:20:31.3146610Z" endTime="2025-05-14T13:25:31.3147553Z" testType="13cdc9d9-ddb5-4fa4-a97d-d965ccfc6d4b" outcome="Passed" testListId="da5dc7f4-baf1-4fd9-abc0-ca555d196d56" />
    <UnitTestResult executionId="00ff7ce1-1e25-4ca5-bfd7-5cf40ab3feda" testId="ada2c159-901e-4ec3-8afc-4729f7cb51c4" testName="Test1241" computerName="UA-LPT-OGA2" duration="00:00:01.4270000" startTime="2025-05-14T13:20:31.3146610Z" endTime="2025-05-14T13:25:31.3147553Z" testType="13cdc9d9-ddb5-4fa4-a97d-d965ccfc6d4b" outcome="Passed" testListId="da5dc7f4-baf1-4fd9-abc0-ca555d196d56" />
    <UnitTestResult executionId="71d8567d-79ed-4003-86d1-3e7e1d08babe" testId="c6540c0b-2ae1-426a-9ded-7e571c9df0da" testName="Test1242" computerName="UA-LPT-OGA2" duration="00:00:01.4790000" startTime="2025-05-14T13:20:31.3146610Z" endTime="2025-05-14T13:25:31.3147553Z" testType="13cdc9d9-ddb5-4fa4-a97d-d965ccfc6d4b" outcome="Passed" testListId="da5dc7f4-baf1-4fd9-abc0-ca555d196d56" />
    <UnitTestResult executionId="7a57d61d-8986-4ee2-8b70-4191562c6f57" testId="276fd35c-e2f8-48bc-8ab6-e72b5765cdbf" testName="Test1243" computerName="UA-LPT-OGA2" duration="00:00:00.9490000" startTime="2025-05-14T13:20:31.3146610Z" endTime="2025-05-14T13:25:31.3147553Z" testType="13cdc9d9-ddb5-4fa4-a97d-d965ccfc6d4b" outcome="Passed" testListId="da5dc7f4-baf1-4fd9-abc0-ca555d196d56" />
    <UnitTestResult executionId="5aa37461-1060-41fd-afe5-8ab3c2a46302" testId="ad4ee5b4-430f-4345-a153-04f1c0ce3015" testName="Test1244" computerName="UA-LPT-OGA2" duration="00:00:00.9700000" startTime="2025-05-14T13:20:31.3146610Z" endTime="2025-05-14T13:25:31.3147553Z" testType="13cdc9d9-ddb5-4fa4-a97d-d965ccfc6d4b" outcome="Passed" testListId="da5dc7f4-baf1-4fd9-abc0-ca555d196d56" />
    <UnitTestResult executionId="98e874be-4f13-40a9-9c45-2e9d2ed2e397" testId="43382431-c4fa-4eab-85ac-ff7e16516914" testName="Test1245" computerName="UA-LPT-OGA2" duration="00:00:01.9190000" startTime="2025-05-14T13:20:31.3146610Z" endTime="2025-05-14T13:25:31.3147553Z" testType="13cdc9d9-ddb5-4fa4-a97d-d965ccfc6d4b" outcome="Passed" testListId="da5dc7f4-baf1-4fd9-abc0-ca555d196d56" />
    <UnitTestResult executionId="924ed25b-5aaa-456c-867a-0cee825d2fc1" testId="6621f90b-6675-4774-b37c-f0bf72977cce" testName="Test1246" computerName="UA-LPT-OGA2" duration="00:00:00.9800000" startTime="2025-05-14T13:20:31.3146610Z" endTime="2025-05-14T13:25:31.3147553Z" testType="13cdc9d9-ddb5-4fa4-a97d-d965ccfc6d4b" outcome="Passed" testListId="da5dc7f4-baf1-4fd9-abc0-ca555d196d56" />
    <UnitTestResult executionId="4275a0ac-4282-46ef-8b92-dbd4664d2eab" testId="655b3bad-0cf7-466c-ac70-aff8540b5da0" testName="Test1247" computerName="UA-LPT-OGA2" duration="00:00:01.4450000" startTime="2025-05-14T13:20:31.3146610Z" endTime="2025-05-14T13:25:31.3147553Z" testType="13cdc9d9-ddb5-4fa4-a97d-d965ccfc6d4b" outcome="Passed" testListId="da5dc7f4-baf1-4fd9-abc0-ca555d196d56" />
    <UnitTestResult executionId="27cc8fd9-6480-413c-b9bc-888abaf78244" testId="ebe87c8b-ea3d-4a4c-8878-1c8dea33f7b6" testName="Test1248" computerName="UA-LPT-OGA2" duration="00:00:00.7220000" startTime="2025-05-14T13:20:31.3146610Z" endTime="2025-05-14T13:25:31.3147553Z" testType="13cdc9d9-ddb5-4fa4-a97d-d965ccfc6d4b" outcome="Passed" testListId="da5dc7f4-baf1-4fd9-abc0-ca555d196d56" />
    <UnitTestResult executionId="4cac0bec-e12d-4158-953f-1eca6c83bc40" testId="ea152d16-1715-4066-9647-997519c33d29" testName="Test1249" computerName="UA-LPT-OGA2" duration="00:00:01.9510000" startTime="2025-05-14T13:20:31.3146610Z" endTime="2025-05-14T13:25:31.3147553Z" testType="13cdc9d9-ddb5-4fa4-a97d-d965ccfc6d4b" outcome="Passed" testListId="da5dc7f4-baf1-4fd9-abc0-ca555d196d56" />
    <UnitTestResult executionId="091aa254-98de-4a48-9b4c-6a1162176000" testId="8f835b71-ebb5-4682-bd1e-d1dcb50161bc" testName="Test1250" computerName="UA-LPT-OGA2" duration="00:00:00.6040000" startTime="2025-05-14T13:20:31.3146610Z" endTime="2025-05-14T13:25:31.3147553Z" testType="13cdc9d9-ddb5-4fa4-a97d-d965ccfc6d4b" outcome="Failed" testListId="da5dc7f4-baf1-4fd9-abc0-ca555d196d56">
      <Output>
        <ErrorInfo>
          <Message>Assertion failed: Expected value did not match actual value.</Message>
          <StackTrace>   at TestNamespace.TestClass.Test() in TestClass.cs:line 258</StackTrace>
        </ErrorInfo>
      </Output>
    </UnitTestResult>
    <UnitTestResult executionId="c287cebd-5c7b-4654-8fa0-29e844e83e85" testId="e49d9472-bd0c-4c40-a744-a3815a690358" testName="Test1251" computerName="UA-LPT-OGA2" duration="00:00:01.2020000" startTime="2025-05-14T13:20:31.3146610Z" endTime="2025-05-14T13:25:31.3147553Z" testType="13cdc9d9-ddb5-4fa4-a97d-d965ccfc6d4b" outcome="Passed" testListId="da5dc7f4-baf1-4fd9-abc0-ca555d196d56" />
    <UnitTestResult executionId="01fe2f67-2677-4ee3-b0cf-79b839e16384" testId="6ceeb067-cd09-463a-b33c-180ce81ecdf3" testName="Test1252" computerName="UA-LPT-OGA2" duration="00:00:00.2940000" startTime="2025-05-14T13:20:31.3146610Z" endTime="2025-05-14T13:25:31.3147553Z" testType="13cdc9d9-ddb5-4fa4-a97d-d965ccfc6d4b" outcome="Passed" testListId="da5dc7f4-baf1-4fd9-abc0-ca555d196d56" />
    <UnitTestResult executionId="f0dc5866-8256-4625-bfb2-a1f9476641da" testId="78f25d66-77a9-4538-a089-d89e46b78a96" testName="Test1253" computerName="UA-LPT-OGA2" duration="00:00:01.3860000" startTime="2025-05-14T13:20:31.3146610Z" endTime="2025-05-14T13:25:31.3147553Z" testType="13cdc9d9-ddb5-4fa4-a97d-d965ccfc6d4b" outcome="Passed" testListId="da5dc7f4-baf1-4fd9-abc0-ca555d196d56" />
    <UnitTestResult executionId="23b36b46-0fae-4a80-b3da-2a12de0301af" testId="db1ec9a2-8ddf-4a01-a8ce-255ccabb7192" testName="Test1254" computerName="UA-LPT-OGA2" duration="00:00:01.3980000" startTime="2025-05-14T13:20:31.3146610Z" endTime="2025-05-14T13:25:31.3147553Z" testType="13cdc9d9-ddb5-4fa4-a97d-d965ccfc6d4b" outcome="Failed" testListId="da5dc7f4-baf1-4fd9-abc0-ca555d196d56">
      <Output>
        <ErrorInfo>
          <Message>Assertion failed: Expected value did not match actual value.</Message>
          <StackTrace>   at TestNamespace.TestClass.Test() in TestClass.cs:line 264</StackTrace>
        </ErrorInfo>
      </Output>
    </UnitTestResult>
    <UnitTestResult executionId="5eebcade-dc66-4579-82fd-6bce524f2397" testId="df113113-e1a0-4fb2-a973-c62e78865977" testName="Test1255" computerName="UA-LPT-OGA2" duration="00:00:00.4060000" startTime="2025-05-14T13:20:31.3146610Z" endTime="2025-05-14T13:25:31.3147553Z" testType="13cdc9d9-ddb5-4fa4-a97d-d965ccfc6d4b" outcome="Passed" testListId="da5dc7f4-baf1-4fd9-abc0-ca555d196d56" />
    <UnitTestResult executionId="f83c7e0a-19eb-449d-8b18-f74f0c2c5c30" testId="d6c8037f-1f9c-4816-afb1-f2e119c5ea0d" testName="Test1256" computerName="UA-LPT-OGA2" duration="00:00:01.5270000" startTime="2025-05-14T13:20:31.3146610Z" endTime="2025-05-14T13:25:31.3147553Z" testType="13cdc9d9-ddb5-4fa4-a97d-d965ccfc6d4b" outcome="Passed" testListId="da5dc7f4-baf1-4fd9-abc0-ca555d196d56" />
    <UnitTestResult executionId="70b415aa-1c36-470d-b802-2fb27499d969" testId="73efa9cd-7661-4e12-8ca8-e7c5c5a59cd1" testName="Test1257" computerName="UA-LPT-OGA2" duration="00:00:00.1730000" startTime="2025-05-14T13:20:31.3146610Z" endTime="2025-05-14T13:25:31.3147553Z" testType="13cdc9d9-ddb5-4fa4-a97d-d965ccfc6d4b" outcome="Passed" testListId="da5dc7f4-baf1-4fd9-abc0-ca555d196d56" />
    <UnitTestResult executionId="d8c2b016-0f63-486e-aca2-b83309f3d3cb" testId="9303afd9-bc4a-4cc7-968d-f271fb9a4473" testName="Test1258" computerName="UA-LPT-OGA2" duration="00:00:01.7740000" startTime="2025-05-14T13:20:31.3146610Z" endTime="2025-05-14T13:25:31.3147553Z" testType="13cdc9d9-ddb5-4fa4-a97d-d965ccfc6d4b" outcome="Failed" testListId="da5dc7f4-baf1-4fd9-abc0-ca555d196d56">
      <Output>
        <ErrorInfo>
          <Message>Assertion failed: Expected value did not match actual value.</Message>
          <StackTrace>   at TestNamespace.TestClass.Test() in TestClass.cs:line 450</StackTrace>
        </ErrorInfo>
      </Output>
    </UnitTestResult>
    <UnitTestResult executionId="2f65adfc-63fa-418e-9da2-c2b4dc42c50b" testId="fe237c79-e7b7-4ab6-b863-b3bfa50e28d4" testName="Test1259" computerName="UA-LPT-OGA2" duration="00:00:00.8060000" startTime="2025-05-14T13:20:31.3146610Z" endTime="2025-05-14T13:25:31.3147553Z" testType="13cdc9d9-ddb5-4fa4-a97d-d965ccfc6d4b" outcome="Passed" testListId="da5dc7f4-baf1-4fd9-abc0-ca555d196d56" />
    <UnitTestResult executionId="4ec3bee9-e97e-40a8-9909-802893885c83" testId="c82a4d01-0e4e-47ec-82c4-a74f278c9bb1" testName="Test1260" computerName="UA-LPT-OGA2" duration="00:00:01.7250000" startTime="2025-05-14T13:20:31.3146610Z" endTime="2025-05-14T13:25:31.3147553Z" testType="13cdc9d9-ddb5-4fa4-a97d-d965ccfc6d4b" outcome="Passed" testListId="da5dc7f4-baf1-4fd9-abc0-ca555d196d56" />
    <UnitTestResult executionId="8d1490a5-3ba5-425e-b696-558253f0d6fa" testId="f57dd969-1e29-4339-a0af-ff421c9d541d" testName="Test1261" computerName="UA-LPT-OGA2" duration="00:00:01.9550000" startTime="2025-05-14T13:20:31.3146610Z" endTime="2025-05-14T13:25:31.3147553Z" testType="13cdc9d9-ddb5-4fa4-a97d-d965ccfc6d4b" outcome="Passed" testListId="da5dc7f4-baf1-4fd9-abc0-ca555d196d56" />
    <UnitTestResult executionId="a31b6907-04b3-4ce4-b9c9-8d9a39bcb43c" testId="50041b15-d596-4cbf-84e0-46e6f083a337" testName="Test1262" computerName="UA-LPT-OGA2" duration="00:00:01.6730000" startTime="2025-05-14T13:20:31.3146610Z" endTime="2025-05-14T13:25:31.3147553Z" testType="13cdc9d9-ddb5-4fa4-a97d-d965ccfc6d4b" outcome="Passed" testListId="da5dc7f4-baf1-4fd9-abc0-ca555d196d56" />
    <UnitTestResult executionId="75b44dd4-be8e-4071-a7ac-f1b921902645" testId="567363e0-a5c7-4f4b-90b2-1065a35d597b" testName="Test1263" computerName="UA-LPT-OGA2" duration="00:00:00.9960000" startTime="2025-05-14T13:20:31.3146610Z" endTime="2025-05-14T13:25:31.3147553Z" testType="13cdc9d9-ddb5-4fa4-a97d-d965ccfc6d4b" outcome="Passed" testListId="da5dc7f4-baf1-4fd9-abc0-ca555d196d56" />
    <UnitTestResult executionId="fddcf65f-d346-4271-b214-d12cfefb873e" testId="011e0292-7096-4455-a698-f51237ba5e67" testName="Test1264" computerName="UA-LPT-OGA2" duration="00:00:01.9200000" startTime="2025-05-14T13:20:31.3146610Z" endTime="2025-05-14T13:25:31.3147553Z" testType="13cdc9d9-ddb5-4fa4-a97d-d965ccfc6d4b" outcome="Failed" testListId="da5dc7f4-baf1-4fd9-abc0-ca555d196d56">
      <Output>
        <ErrorInfo>
          <Message>Assertion failed: Expected value did not match actual value.</Message>
          <StackTrace>   at TestNamespace.TestClass.Test() in TestClass.cs:line 333</StackTrace>
        </ErrorInfo>
      </Output>
    </UnitTestResult>
    <UnitTestResult executionId="03634f92-4e77-44c5-aead-389e40f4c79b" testId="20bb8f38-afd0-4f6d-bc9c-0fa55552ea99" testName="Test1265" computerName="UA-LPT-OGA2" duration="00:00:01.3860000" startTime="2025-05-14T13:20:31.3146610Z" endTime="2025-05-14T13:25:31.3147553Z" testType="13cdc9d9-ddb5-4fa4-a97d-d965ccfc6d4b" outcome="Passed" testListId="da5dc7f4-baf1-4fd9-abc0-ca555d196d56" />
    <UnitTestResult executionId="9dc8fa61-06f8-4877-8036-fe1b0add76b6" testId="8a1ba4df-1e4e-4e88-8d04-3b6400b5aba5" testName="Test1266" computerName="UA-LPT-OGA2" duration="00:00:01.0250000" startTime="2025-05-14T13:20:31.3146610Z" endTime="2025-05-14T13:25:31.3147553Z" testType="13cdc9d9-ddb5-4fa4-a97d-d965ccfc6d4b" outcome="Passed" testListId="da5dc7f4-baf1-4fd9-abc0-ca555d196d56" />
    <UnitTestResult executionId="d9af882c-13a7-4305-bf15-809ae2ed18e8" testId="236424d0-d3ac-43d0-b188-be61a6e11bab" testName="Test1267" computerName="UA-LPT-OGA2" duration="00:00:00.7800000" startTime="2025-05-14T13:20:31.3146610Z" endTime="2025-05-14T13:25:31.3147553Z" testType="13cdc9d9-ddb5-4fa4-a97d-d965ccfc6d4b" outcome="Failed" testListId="da5dc7f4-baf1-4fd9-abc0-ca555d196d56">
      <Output>
        <ErrorInfo>
          <Message>Assertion failed: Expected value did not match actual value.</Message>
          <StackTrace>   at TestNamespace.TestClass.Test() in TestClass.cs:line 363</StackTrace>
        </ErrorInfo>
      </Output>
    </UnitTestResult>
    <UnitTestResult executionId="8f2ed729-f090-42f8-b4d6-26bfb0442cef" testId="fe3ab725-299f-4a46-bc0a-077812e6dab3" testName="Test1268" computerName="UA-LPT-OGA2" duration="00:00:01.5870000" startTime="2025-05-14T13:20:31.3146610Z" endTime="2025-05-14T13:25:31.3147553Z" testType="13cdc9d9-ddb5-4fa4-a97d-d965ccfc6d4b" outcome="Passed" testListId="da5dc7f4-baf1-4fd9-abc0-ca555d196d56" />
    <UnitTestResult executionId="71bd8ed4-d077-476b-b900-e31bafc2ddb2" testId="9dfc13d3-b0e5-42d7-aaf8-cce7e5a02007" testName="Test1269" computerName="UA-LPT-OGA2" duration="00:00:01.3650000" startTime="2025-05-14T13:20:31.3146610Z" endTime="2025-05-14T13:25:31.3147553Z" testType="13cdc9d9-ddb5-4fa4-a97d-d965ccfc6d4b" outcome="Passed" testListId="da5dc7f4-baf1-4fd9-abc0-ca555d196d56" />
    <UnitTestResult executionId="e4cecf20-1112-419f-a698-ac90f7c3cbd2" testId="1046dd94-240e-414a-8757-6329dc11578c" testName="Test1270" computerName="UA-LPT-OGA2" duration="00:00:00.7640000" startTime="2025-05-14T13:20:31.3146610Z" endTime="2025-05-14T13:25:31.3147553Z" testType="13cdc9d9-ddb5-4fa4-a97d-d965ccfc6d4b" outcome="Passed" testListId="da5dc7f4-baf1-4fd9-abc0-ca555d196d56" />
    <UnitTestResult executionId="14c4c9df-f9be-41e0-83fc-f94659e31873" testId="7a4a73c8-12d8-46c5-9092-35800c7d1fba" testName="Test1271" computerName="UA-LPT-OGA2" duration="00:00:01.9590000" startTime="2025-05-14T13:20:31.3146610Z" endTime="2025-05-14T13:25:31.3147553Z" testType="13cdc9d9-ddb5-4fa4-a97d-d965ccfc6d4b" outcome="Passed" testListId="da5dc7f4-baf1-4fd9-abc0-ca555d196d56" />
    <UnitTestResult executionId="e9cc4e13-e68f-414b-b7ce-c01a3114ab39" testId="ea603473-7f6d-4168-adfa-7514cbe8f612" testName="Test1272" computerName="UA-LPT-OGA2" duration="00:00:01.7800000" startTime="2025-05-14T13:20:31.3146610Z" endTime="2025-05-14T13:25:31.3147553Z" testType="13cdc9d9-ddb5-4fa4-a97d-d965ccfc6d4b" outcome="Passed" testListId="da5dc7f4-baf1-4fd9-abc0-ca555d196d56" />
    <UnitTestResult executionId="6f871f36-5773-4dba-bf25-fb009460c980" testId="6f829d2f-ca48-4f9d-901b-21ad793d91c2" testName="Test1273" computerName="UA-LPT-OGA2" duration="00:00:00.6510000" startTime="2025-05-14T13:20:31.3146610Z" endTime="2025-05-14T13:25:31.3147553Z" testType="13cdc9d9-ddb5-4fa4-a97d-d965ccfc6d4b" outcome="Passed" testListId="da5dc7f4-baf1-4fd9-abc0-ca555d196d56" />
    <UnitTestResult executionId="fc008b0f-8f1c-4f19-9365-edb5c2d5d3fc" testId="4b0b210f-a9e9-480f-9ed8-0afb289373bb" testName="Test1274" computerName="UA-LPT-OGA2" duration="00:00:01.0060000" startTime="2025-05-14T13:20:31.3146610Z" endTime="2025-05-14T13:25:31.3147553Z" testType="13cdc9d9-ddb5-4fa4-a97d-d965ccfc6d4b" outcome="Passed" testListId="da5dc7f4-baf1-4fd9-abc0-ca555d196d56" />
    <UnitTestResult executionId="0f106d4c-eb68-492c-9473-a8170f795155" testId="706202e4-4c89-4bad-8208-d8fc8e5fa40a" testName="Test1275" computerName="UA-LPT-OGA2" duration="00:00:00.6480000" startTime="2025-05-14T13:20:31.3146610Z" endTime="2025-05-14T13:25:31.3147553Z" testType="13cdc9d9-ddb5-4fa4-a97d-d965ccfc6d4b" outcome="Passed" testListId="da5dc7f4-baf1-4fd9-abc0-ca555d196d56" />
    <UnitTestResult executionId="819e9b38-fbdf-4745-b7bf-1bfe444fea8c" testId="f8d53d41-2b9a-4b50-b3bb-a57e33980b05" testName="Test1276" computerName="UA-LPT-OGA2" duration="00:00:00.3660000" startTime="2025-05-14T13:20:31.3146610Z" endTime="2025-05-14T13:25:31.3147553Z" testType="13cdc9d9-ddb5-4fa4-a97d-d965ccfc6d4b" outcome="Passed" testListId="da5dc7f4-baf1-4fd9-abc0-ca555d196d56" />
    <UnitTestResult executionId="0f9e436c-077b-47d7-a339-a7785e32a431" testId="ad460e44-c64d-4062-8d0f-30bff5255b79" testName="Test1277" computerName="UA-LPT-OGA2" duration="00:00:01.0450000" startTime="2025-05-14T13:20:31.3146610Z" endTime="2025-05-14T13:25:31.3147553Z" testType="13cdc9d9-ddb5-4fa4-a97d-d965ccfc6d4b" outcome="Passed" testListId="da5dc7f4-baf1-4fd9-abc0-ca555d196d56" />
    <UnitTestResult executionId="bb459cb3-3e01-4596-a38a-42e88dbc4e00" testId="9ca544cf-b680-4d3a-85a7-53f6f183451b" testName="Test1278" computerName="UA-LPT-OGA2" duration="00:00:00.1320000" startTime="2025-05-14T13:20:31.3146610Z" endTime="2025-05-14T13:25:31.3147553Z" testType="13cdc9d9-ddb5-4fa4-a97d-d965ccfc6d4b" outcome="Passed" testListId="da5dc7f4-baf1-4fd9-abc0-ca555d196d56" />
    <UnitTestResult executionId="4622f69b-1b31-4dce-af85-cc4f0d7443a0" testId="d6ea0490-6200-47f8-b310-d49e9bd717a9" testName="Test1279" computerName="UA-LPT-OGA2" duration="00:00:01.9850000" startTime="2025-05-14T13:20:31.3146610Z" endTime="2025-05-14T13:25:31.3147553Z" testType="13cdc9d9-ddb5-4fa4-a97d-d965ccfc6d4b" outcome="Passed" testListId="da5dc7f4-baf1-4fd9-abc0-ca555d196d56" />
    <UnitTestResult executionId="58619b69-48de-48ab-a406-4fc8dcfb6c44" testId="887c8ce7-d8b3-4fcf-8b3e-0914f06b21ed" testName="Test1280" computerName="UA-LPT-OGA2" duration="00:00:00.2150000" startTime="2025-05-14T13:20:31.3146610Z" endTime="2025-05-14T13:25:31.3147553Z" testType="13cdc9d9-ddb5-4fa4-a97d-d965ccfc6d4b" outcome="Failed" testListId="da5dc7f4-baf1-4fd9-abc0-ca555d196d56">
      <Output>
        <ErrorInfo>
          <Message>Assertion failed: Expected value did not match actual value.</Message>
          <StackTrace>   at TestNamespace.TestClass.Test() in TestClass.cs:line 225</StackTrace>
        </ErrorInfo>
      </Output>
    </UnitTestResult>
    <UnitTestResult executionId="45c65e1e-0366-4cd6-92d9-43f735f8820e" testId="f4d470b0-ca9d-483c-b04c-6f09d07110f4" testName="Test1281" computerName="UA-LPT-OGA2" duration="00:00:00.3400000" startTime="2025-05-14T13:20:31.3146610Z" endTime="2025-05-14T13:25:31.3147553Z" testType="13cdc9d9-ddb5-4fa4-a97d-d965ccfc6d4b" outcome="Passed" testListId="da5dc7f4-baf1-4fd9-abc0-ca555d196d56" />
    <UnitTestResult executionId="5118dc46-9b9a-4587-aeb5-619835225e31" testId="b9988365-3548-4b2f-8d66-f54112fbcbca" testName="Test1282" computerName="UA-LPT-OGA2" duration="00:00:00.4950000" startTime="2025-05-14T13:20:31.3146610Z" endTime="2025-05-14T13:25:31.3147553Z" testType="13cdc9d9-ddb5-4fa4-a97d-d965ccfc6d4b" outcome="Passed" testListId="da5dc7f4-baf1-4fd9-abc0-ca555d196d56" />
    <UnitTestResult executionId="4f53d57b-0113-462b-81c3-324a455dca01" testId="aa995536-b047-4b2f-896f-a39bc3873271" testName="Test1283" computerName="UA-LPT-OGA2" duration="00:00:00.2740000" startTime="2025-05-14T13:20:31.3146610Z" endTime="2025-05-14T13:25:31.3147553Z" testType="13cdc9d9-ddb5-4fa4-a97d-d965ccfc6d4b" outcome="Passed" testListId="da5dc7f4-baf1-4fd9-abc0-ca555d196d56" />
    <UnitTestResult executionId="459c19eb-1f8d-4bf0-aace-ce31df3d8ebe" testId="6be5bd7d-2b59-4da6-99f1-da2f7f027cc3" testName="Test1284" computerName="UA-LPT-OGA2" duration="00:00:01.7840000" startTime="2025-05-14T13:20:31.3146610Z" endTime="2025-05-14T13:25:31.3147553Z" testType="13cdc9d9-ddb5-4fa4-a97d-d965ccfc6d4b" outcome="Passed" testListId="da5dc7f4-baf1-4fd9-abc0-ca555d196d56" />
    <UnitTestResult executionId="fe7a113c-78d6-4675-987d-698fe74abfd4" testId="2c991775-3c0f-497a-aaad-6306bd963439" testName="Test1285" computerName="UA-LPT-OGA2" duration="00:00:00.4020000" startTime="2025-05-14T13:20:31.3146610Z" endTime="2025-05-14T13:25:31.3147553Z" testType="13cdc9d9-ddb5-4fa4-a97d-d965ccfc6d4b" outcome="Passed" testListId="da5dc7f4-baf1-4fd9-abc0-ca555d196d56" />
    <UnitTestResult executionId="b35b0bb1-d196-4554-8fa3-69d90cd64a05" testId="f4943348-c58e-48b8-bfc9-c4dd428abe3e" testName="Test1286" computerName="UA-LPT-OGA2" duration="00:00:00.2820000" startTime="2025-05-14T13:20:31.3146610Z" endTime="2025-05-14T13:25:31.3147553Z" testType="13cdc9d9-ddb5-4fa4-a97d-d965ccfc6d4b" outcome="Passed" testListId="da5dc7f4-baf1-4fd9-abc0-ca555d196d56" />
    <UnitTestResult executionId="e2ad8ec0-edbb-49c9-b65d-76bcd33e91c6" testId="0a7d9fd5-b06c-448c-b1aa-84246ca614a9" testName="Test1287" computerName="UA-LPT-OGA2" duration="00:00:00.5180000" startTime="2025-05-14T13:20:31.3146610Z" endTime="2025-05-14T13:25:31.3147553Z" testType="13cdc9d9-ddb5-4fa4-a97d-d965ccfc6d4b" outcome="Passed" testListId="da5dc7f4-baf1-4fd9-abc0-ca555d196d56" />
    <UnitTestResult executionId="ed7ba10a-cec0-40de-8fa6-c4d10f799910" testId="97486122-7956-4373-b847-e6e950359cb2" testName="Test1288" computerName="UA-LPT-OGA2" duration="00:00:00.7820000" startTime="2025-05-14T13:20:31.3146610Z" endTime="2025-05-14T13:25:31.3147553Z" testType="13cdc9d9-ddb5-4fa4-a97d-d965ccfc6d4b" outcome="Passed" testListId="da5dc7f4-baf1-4fd9-abc0-ca555d196d56" />
    <UnitTestResult executionId="073313fd-8894-41a1-b3a8-a592b8fac359" testId="f44e6672-a255-4a56-a690-707cb61ec359" testName="Test1289" computerName="UA-LPT-OGA2" duration="00:00:01.5090000" startTime="2025-05-14T13:20:31.3146610Z" endTime="2025-05-14T13:25:31.3147553Z" testType="13cdc9d9-ddb5-4fa4-a97d-d965ccfc6d4b" outcome="Passed" testListId="da5dc7f4-baf1-4fd9-abc0-ca555d196d56" />
    <UnitTestResult executionId="1142bf3b-854b-43aa-ae04-0ec96e334e05" testId="c8726eb1-4c07-4fc0-9115-00cbeb20c4a0" testName="Test1290" computerName="UA-LPT-OGA2" duration="00:00:00.4120000" startTime="2025-05-14T13:20:31.3146610Z" endTime="2025-05-14T13:25:31.3147553Z" testType="13cdc9d9-ddb5-4fa4-a97d-d965ccfc6d4b" outcome="Passed" testListId="da5dc7f4-baf1-4fd9-abc0-ca555d196d56" />
    <UnitTestResult executionId="86b9a07f-25f3-42f8-b90b-f8b275d16111" testId="8e402691-1489-47f0-a763-69d37142a085" testName="Test1291" computerName="UA-LPT-OGA2" duration="00:00:01.6950000" startTime="2025-05-14T13:20:31.3146610Z" endTime="2025-05-14T13:25:31.3147553Z" testType="13cdc9d9-ddb5-4fa4-a97d-d965ccfc6d4b" outcome="Passed" testListId="da5dc7f4-baf1-4fd9-abc0-ca555d196d56" />
    <UnitTestResult executionId="d13b7e12-df30-4aaf-a9c7-8f5ca57227fd" testId="8a488e8d-9eec-459e-a433-e66071b41cae" testName="Test1292" computerName="UA-LPT-OGA2" duration="00:00:00.7650000" startTime="2025-05-14T13:20:31.3146610Z" endTime="2025-05-14T13:25:31.3147553Z" testType="13cdc9d9-ddb5-4fa4-a97d-d965ccfc6d4b" outcome="Passed" testListId="da5dc7f4-baf1-4fd9-abc0-ca555d196d56" />
    <UnitTestResult executionId="91446273-9ae4-4a88-ab4e-b1ad7264bb93" testId="beb839cf-3f9d-451b-904e-152cd1c0985f" testName="Test1293" computerName="UA-LPT-OGA2" duration="00:00:00.2200000" startTime="2025-05-14T13:20:31.3146610Z" endTime="2025-05-14T13:25:31.3147553Z" testType="13cdc9d9-ddb5-4fa4-a97d-d965ccfc6d4b" outcome="Passed" testListId="da5dc7f4-baf1-4fd9-abc0-ca555d196d56" />
    <UnitTestResult executionId="0c245512-1983-4117-ab99-581a77d8fa85" testId="a5005acd-da16-4d8a-a8f9-d0708500c9d8" testName="Test1294" computerName="UA-LPT-OGA2" duration="00:00:01.5940000" startTime="2025-05-14T13:20:31.3146610Z" endTime="2025-05-14T13:25:31.3147553Z" testType="13cdc9d9-ddb5-4fa4-a97d-d965ccfc6d4b" outcome="Passed" testListId="da5dc7f4-baf1-4fd9-abc0-ca555d196d56" />
    <UnitTestResult executionId="7f677bc1-8f7f-418e-b5c8-d311c07180ec" testId="5c0c1edc-ef4f-4e66-a960-4d8ee94439dc" testName="Test1295" computerName="UA-LPT-OGA2" duration="00:00:01.2010000" startTime="2025-05-14T13:20:31.3146610Z" endTime="2025-05-14T13:25:31.3147553Z" testType="13cdc9d9-ddb5-4fa4-a97d-d965ccfc6d4b" outcome="Passed" testListId="da5dc7f4-baf1-4fd9-abc0-ca555d196d56" />
    <UnitTestResult executionId="4471e139-4aef-44a8-8dde-96498c1b6641" testId="9c841f47-b064-4bbb-bf64-36ed66ca9493" testName="Test1296" computerName="UA-LPT-OGA2" duration="00:00:01.7620000" startTime="2025-05-14T13:20:31.3146610Z" endTime="2025-05-14T13:25:31.3147553Z" testType="13cdc9d9-ddb5-4fa4-a97d-d965ccfc6d4b" outcome="Passed" testListId="da5dc7f4-baf1-4fd9-abc0-ca555d196d56" />
    <UnitTestResult executionId="85905a2d-070d-4e40-a87a-38c8302f36fa" testId="3e1b7252-e065-41fd-b46d-bb8c5b4995a7" testName="Test1297" computerName="UA-LPT-OGA2" duration="00:00:01.3580000" startTime="2025-05-14T13:20:31.3146610Z" endTime="2025-05-14T13:25:31.3147553Z" testType="13cdc9d9-ddb5-4fa4-a97d-d965ccfc6d4b" outcome="Passed" testListId="da5dc7f4-baf1-4fd9-abc0-ca555d196d56" />
    <UnitTestResult executionId="eabe7bed-e6e6-40f4-b9e0-6abd294c5dcb" testId="0b9fb2a6-1fb9-4285-86cc-ced322d16fc2" testName="Test1298" computerName="UA-LPT-OGA2" duration="00:00:00.1390000" startTime="2025-05-14T13:20:31.3146610Z" endTime="2025-05-14T13:25:31.3147553Z" testType="13cdc9d9-ddb5-4fa4-a97d-d965ccfc6d4b" outcome="Passed" testListId="da5dc7f4-baf1-4fd9-abc0-ca555d196d56" />
    <UnitTestResult executionId="f56c6018-b71e-4c6c-a51d-d9b59d1eea76" testId="ffab7c90-2dfb-4589-9f36-a973d6c7a444" testName="Test1299" computerName="UA-LPT-OGA2" duration="00:00:00.9070000" startTime="2025-05-14T13:20:31.3146610Z" endTime="2025-05-14T13:25:31.3147553Z" testType="13cdc9d9-ddb5-4fa4-a97d-d965ccfc6d4b" outcome="Passed" testListId="da5dc7f4-baf1-4fd9-abc0-ca555d196d56" />
    <UnitTestResult executionId="d880069d-d604-4af3-b0f6-4ddd3d90ec0a" testId="d5988ea5-6ce7-48b4-b3b5-bb8717e41d45" testName="Test1300" computerName="UA-LPT-OGA2" duration="00:00:01.0750000" startTime="2025-05-14T13:20:31.3146610Z" endTime="2025-05-14T13:25:31.3147553Z" testType="13cdc9d9-ddb5-4fa4-a97d-d965ccfc6d4b" outcome="Passed" testListId="da5dc7f4-baf1-4fd9-abc0-ca555d196d56" />
  </Results>
  <TestDefinitions>
    <UnitTest name="Test1201" id="ab9261f5-7463-412f-80b6-a474719bba18" storage="TestAssembly.dll">
      <Execution id="3555db92-95c9-4a71-8131-a63907481b4f" />
      <TestMethod codeBase="TestAssembly.dll" className="TestNamespace.TestClass1" name="Test1201" />
    </UnitTest>
    <UnitTest name="Test1202" id="7fb429ca-cfb3-4b6c-8c00-cced00080b68" storage="TestAssembly.dll">
      <Execution id="cd87bfdb-c605-433c-9622-d01c134ccf8e" />
      <TestMethod codeBase="TestAssembly.dll" className="TestNamespace.TestClass1" name="Test1202" />
    </UnitTest>
    <UnitTest name="Test1203" id="2c164215-5939-4b01-a0e7-2a4d75f32706" storage="TestAssembly.dll">
      <Execution id="64b7a80a-1cc1-4770-82df-578acbf99152" />
      <TestMethod codeBase="TestAssembly.dll" className="TestNamespace.TestClass1" name="Test1203" />
    </UnitTest>
    <UnitTest name="Test1204" id="50752c71-e02d-43e0-a1a3-892964f60767" storage="TestAssembly.dll">
      <Execution id="c82f148d-f0db-4c49-ab59-84326c059867" />
      <TestMethod codeBase="TestAssembly.dll" className="TestNamespace.TestClass1" name="Test1204" />
    </UnitTest>
    <UnitTest name="Test1205" id="d4c10fca-1075-4620-8050-053e02d3d591" storage="TestAssembly.dll">
      <Execution id="d078818e-69e4-4064-ab77-9325ac8e5f7e" />
      <TestMethod codeBase="TestAssembly.dll" className="TestNamespace.TestClass1" name="Test1205" />
    </UnitTest>
    <UnitTest name="Test1206" id="4537288f-33c7-4bc9-aebb-c3523c791656" storage="TestAssembly.dll">
      <Execution id="69d907da-7d1e-4d2e-8aee-4397cde1fd81" />
      <TestMethod codeBase="TestAssembly.dll" className="TestNamespace.TestClass1" name="Test1206" />
    </UnitTest>
    <UnitTest name="Test1207" id="d093d95e-e1ce-47be-80bd-8822ac9e2081" storage="TestAssembly.dll">
      <Execution id="d1891a2b-a089-44e5-ac5d-ed50cc48ef97" />
      <TestMethod codeBase="TestAssembly.dll" className="TestNamespace.TestClass1" name="Test1207" />
    </UnitTest>
    <UnitTest name="Test1208" id="5becfb9f-c586-4f25-9536-d475e234f9cd" storage="TestAssembly.dll">
      <Execution id="725d00ac-d6a7-488f-9633-91bb46fa4854" />
      <TestMethod codeBase="TestAssembly.dll" className="TestNamespace.TestClass1" name="Test1208" />
    </UnitTest>
    <UnitTest name="Test1209" id="0ecb633c-5a8f-4ddd-8fd1-cc17fac6f31b" storage="TestAssembly.dll">
      <Execution id="4caa0e5d-b013-415a-af3b-8536552f2b1b" />
      <TestMethod codeBase="TestAssembly.dll" className="TestNamespace.TestClass1" name="Test1209" />
    </UnitTest>
    <UnitTest name="Test1210" id="52448cfd-9857-46a9-9ecd-3c310c2efc3f" storage="TestAssembly.dll">
      <Execution id="653d6df3-2a5f-422a-8dff-4722624e1d5c" />
      <TestMethod codeBase="TestAssembly.dll" className="TestNamespace.TestClass1" name="Test1210" />
    </UnitTest>
    <UnitTest name="Test1211" id="c52c0599-5024-44c3-a0ed-60eca7e1f37f" storage="TestAssembly.dll">
      <Execution id="1a36fc97-bd24-40c8-9f46-3fe2cab07e9b" />
      <TestMethod codeBase="TestAssembly.dll" className="TestNamespace.TestClass2" name="Test1211" />
    </UnitTest>
    <UnitTest name="Test1212" id="d653b1a6-c2b1-400c-8e13-0043b2911821" storage="TestAssembly.dll">
      <Execution id="4a430bb6-99fa-4331-a39d-d3e896891ae0" />
      <TestMethod codeBase="TestAssembly.dll" className="TestNamespace.TestClass2" name="Test1212" />
    </UnitTest>
    <UnitTest name="Test1213" id="c40bed5b-ca34-4b2c-b22b-e2b71a7cc65f" storage="TestAssembly.dll">
      <Execution id="b0f5bd13-d823-491a-baad-df171f663ad7" />
      <TestMethod codeBase="TestAssembly.dll" className="TestNamespace.TestClass2" name="Test1213" />
    </UnitTest>
    <UnitTest name="Test1214" id="3b80426c-4ed8-4048-909f-642ea7fbad2f" storage="TestAssembly.dll">
      <Execution id="c2a14991-4e6c-4a1a-a14b-2641d3e6342c" />
      <TestMethod codeBase="TestAssembly.dll" className="TestNamespace.TestClass2" name="Test1214" />
    </UnitTest>
    <UnitTest name="Test1215" id="5791b16e-e4c6-4742-9674-c8b300233387" storage="TestAssembly.dll">
      <Execution id="da2bf9b6-0e87-4ab6-bb55-a2de5f1e7f73" />
      <TestMethod codeBase="TestAssembly.dll" className="TestNamespace.TestClass2" name="Test1215" />
    </UnitTest>
    <UnitTest name="Test1216" id="3011e951-adb6-4606-a080-0e78509b5b8e" storage="TestAssembly.dll">
      <Execution id="28acf66f-dbc0-480d-99f1-d6d73d37e229" />
      <TestMethod codeBase="TestAssembly.dll" className="TestNamespace.TestClass2" name="Test1216" />
    </UnitTest>
    <UnitTest name="Test1217" id="4b84f768-a905-4e05-be47-5ed5655dedc0" storage="TestAssembly.dll">
      <Execution id="792c0736-37bd-4a6f-848e-36d35d607046" />
      <TestMethod codeBase="TestAssembly.dll" className="TestNamespace.TestClass2" name="Test1217" />
    </UnitTest>
    <UnitTest name="Test1218" id="4d8dc508-88df-4a79-b722-fd8592b787f6" storage="TestAssembly.dll">
      <Execution id="ab31be54-646d-4c85-bb26-082621030fe9" />
      <TestMethod codeBase="TestAssembly.dll" className="TestNamespace.TestClass2" name="Test1218" />
    </UnitTest>
    <UnitTest name="Test1219" id="28d0c35c-c9bf-492b-9d1b-d35f5ef1dedc" storage="TestAssembly.dll">
      <Execution id="d5c7db6d-088d-4b4f-9524-7874afe760f8" />
      <TestMethod codeBase="TestAssembly.dll" className="TestNamespace.TestClass2" name="Test1219" />
    </UnitTest>
    <UnitTest name="Test1220" id="f84dd317-44a0-44cb-b3df-fd8f5688d001" storage="TestAssembly.dll">
      <Execution id="c38ec847-d8b7-4331-9856-79611a90761f" />
      <TestMethod codeBase="TestAssembly.dll" className="TestNamespace.TestClass2" name="Test1220" />
    </UnitTest>
    <UnitTest name="Test1221" id="6e20f901-4293-4d25-bb6e-78d23af2ad6b" storage="TestAssembly.dll">
      <Execution id="343fbc3b-f871-4cca-bdda-86e1c9f8eac3" />
      <TestMethod codeBase="TestAssembly.dll" className="TestNamespace.TestClass3" name="Test1221" />
    </UnitTest>
    <UnitTest name="Test1222" id="c942ab22-e6fa-4c09-9bb6-8f09a1cef381" storage="TestAssembly.dll">
      <Execution id="f6d838c3-7186-4029-af6d-f528a8ad502d" />
      <TestMethod codeBase="TestAssembly.dll" className="TestNamespace.TestClass3" name="Test1222" />
    </UnitTest>
    <UnitTest name="Test1223" id="df0af1fa-10a5-45bf-8e01-d22ad6903748" storage="TestAssembly.dll">
      <Execution id="7ce2812b-afac-432c-a6aa-455f80f91b1a" />
      <TestMethod codeBase="TestAssembly.dll" className="TestNamespace.TestClass3" name="Test1223" />
    </UnitTest>
    <UnitTest name="Test1224" id="8554e43e-2e0c-4651-b60f-c51ff24ab047" storage="TestAssembly.dll">
      <Execution id="7cadc596-bbad-4fb4-9fa3-4dd04677cf4c" />
      <TestMethod codeBase="TestAssembly.dll" className="TestNamespace.TestClass3" name="Test1224" />
    </UnitTest>
    <UnitTest name="Test1225" id="35e493ae-77ce-4f59-8807-5d86298d756b" storage="TestAssembly.dll">
      <Execution id="93662157-c3c1-40cc-bef8-b9e2d2e0abc8" />
      <TestMethod codeBase="TestAssembly.dll" className="TestNamespace.TestClass3" name="Test1225" />
    </UnitTest>
    <UnitTest name="Test1226" id="53b6d03b-83dd-460d-aae0-765f7abea2f7" storage="TestAssembly.dll">
      <Execution id="1d775547-38b1-4b79-87d4-4257563a74cc" />
      <TestMethod codeBase="TestAssembly.dll" className="TestNamespace.TestClass3" name="Test1226" />
    </UnitTest>
    <UnitTest name="Test1227" id="f1b411a2-a8af-4489-b1da-f822e37151fe" storage="TestAssembly.dll">
      <Execution id="07f39abf-9ef2-4daa-93c1-ab263ef434a0" />
      <TestMethod codeBase="TestAssembly.dll" className="TestNamespace.TestClass3" name="Test1227" />
    </UnitTest>
    <UnitTest name="Test1228" id="80c6249b-7693-4d39-8334-f5ceb4f028c2" storage="TestAssembly.dll">
      <Execution id="767bd0b1-0340-47b8-869a-c6715c4c4642" />
      <TestMethod codeBase="TestAssembly.dll" className="TestNamespace.TestClass3" name="Test1228" />
    </UnitTest>
    <UnitTest name="Test1229" id="6cebdd84-31fd-49ed-88cd-875f349be965" storage="TestAssembly.dll">
      <Execution id="29fa0ecd-fe28-4ad1-a12b-9b71efcc473b" />
      <TestMethod codeBase="TestAssembly.dll" className="TestNamespace.TestClass3" name="Test1229" />
    </UnitTest>
    <UnitTest name="Test1230" id="bf63f4d1-5b3f-4656-98bd-d957a0178c91" storage="TestAssembly.dll">
      <Execution id="4a7c9845-e365-4a61-a093-8ef92f21c3d2" />
      <TestMethod codeBase="TestAssembly.dll" className="TestNamespace.TestClass3" name="Test1230" />
    </UnitTest>
    <UnitTest name="Test1231" id="eabc1f96-b95e-44fa-816b-6b31f45e0d88" storage="TestAssembly.dll">
      <Execution id="1555a041-a5ea-4b42-a092-3b4ae162ac3e" />
      <TestMethod codeBase="TestAssembly.dll" className="TestNamespace.TestClass4" name="Test1231" />
    </UnitTest>
    <UnitTest name="Test1232" id="43b0d9ce-9cef-4455-81ac-fa3712d14bf4" storage="TestAssembly.dll">
      <Execution id="6e7fc1c3-1d22-41f0-ac63-dce89520ba9f" />
      <TestMethod codeBase="TestAssembly.dll" className="TestNamespace.TestClass4" name="Test1232" />
    </UnitTest>
    <UnitTest name="Test1233" id="8bcf335f-a93c-44f3-bd51-17c07e5adda0" storage="TestAssembly.dll">
      <Execution id="4537d38c-39ef-4321-bbb6-f5baab3d01dc" />
      <TestMethod codeBase="TestAssembly.dll" className="TestNamespace.TestClass4" name="Test1233" />
    </UnitTest>
    <UnitTest name="Test1234" id="02b51d4b-4a3e-4f26-9ba9-c3384506b8f8" storage="TestAssembly.dll">
      <Execution id="f001494a-6773-4599-a48f-a0a75b33856e" />
      <TestMethod codeBase="TestAssembly.dll" className="TestNamespace.TestClass4" name="Test1234" />
    </UnitTest>
    <UnitTest name="Test1235" id="2418d46d-90ee-4a64-8987-8a1bb6041ff5" storage="TestAssembly.dll">
      <Execution id="7d125fda-0c58-4752-ad66-c16e2b3f5cae" />
      <TestMethod codeBase="TestAssembly.dll" className="TestNamespace.TestClass4" name="Test1235" />
    </UnitTest>
    <UnitTest name="Test1236" id="f1d0df4a-cbe7-4a1c-b14e-5c1f6d36c1fe" storage="TestAssembly.dll">
      <Execution id="a31c1263-4056-4b8c-a2f0-eccca7856409" />
      <TestMethod codeBase="TestAssembly.dll" className="TestNamespace.TestClass4" name="Test1236" />
    </UnitTest>
    <UnitTest name="Test1237" id="0a065d66-4c30-4949-97d4-d3f1d85e63a3" storage="TestAssembly.dll">
      <Execution id="6021eb34-3bff-4842-b6c8-a39c0cbbf097" />
      <TestMethod codeBase="TestAssembly.dll" className="TestNamespace.TestClass4" name="Test1237" />
    </UnitTest>
    <UnitTest name="Test1238" id="e950a744-731e-4378-99f0-d99661c171be" storage="TestAssembly.dll">
      <Execution id="75f85bd4-d159-480f-a121-8f19dc8b2083" />
      <TestMethod codeBase="TestAssembly.dll" className="TestNamespace.TestClass4" name="Test1238" />
    </UnitTest>
    <UnitTest name="Test1239" id="75b75391-2fb8-4839-8784-1b0b502d20c6" storage="TestAssembly.dll">
      <Execution id="b57e61ba-6436-4f2d-a594-174f3f33d043" />
      <TestMethod codeBase="TestAssembly.dll" className="TestNamespace.TestClass4" name="Test1239" />
    </UnitTest>
    <UnitTest name="Test1240" id="f388307b-0ae0-4bcc-aaa6-e878963076a8" storage="TestAssembly.dll">
      <Execution id="d9a4f186-5e34-4dcd-897f-342b8874cb11" />
      <TestMethod codeBase="TestAssembly.dll" className="TestNamespace.TestClass4" name="Test1240" />
    </UnitTest>
    <UnitTest name="Test1241" id="ada2c159-901e-4ec3-8afc-4729f7cb51c4" storage="TestAssembly.dll">
      <Execution id="00ff7ce1-1e25-4ca5-bfd7-5cf40ab3feda" />
      <TestMethod codeBase="TestAssembly.dll" className="TestNamespace.TestClass5" name="Test1241" />
    </UnitTest>
    <UnitTest name="Test1242" id="c6540c0b-2ae1-426a-9ded-7e571c9df0da" storage="TestAssembly.dll">
      <Execution id="71d8567d-79ed-4003-86d1-3e7e1d08babe" />
      <TestMethod codeBase="TestAssembly.dll" className="TestNamespace.TestClass5" name="Test1242" />
    </UnitTest>
    <UnitTest name="Test1243" id="276fd35c-e2f8-48bc-8ab6-e72b5765cdbf" storage="TestAssembly.dll">
      <Execution id="7a57d61d-8986-4ee2-8b70-4191562c6f57" />
      <TestMethod codeBase="TestAssembly.dll" className="TestNamespace.TestClass5" name="Test1243" />
    </UnitTest>
    <UnitTest name="Test1244" id="ad4ee5b4-430f-4345-a153-04f1c0ce3015" storage="TestAssembly.dll">
      <Execution id="5aa37461-1060-41fd-afe5-8ab3c2a46302" />
      <TestMethod codeBase="TestAssembly.dll" className="TestNamespace.TestClass5" name="Test1244" />
    </UnitTest>
    <UnitTest name="Test1245" id="43382431-c4fa-4eab-85ac-ff7e16516914" storage="TestAssembly.dll">
      <Execution id="98e874be-4f13-40a9-9c45-2e9d2ed2e397" />
      <TestMethod codeBase="TestAssembly.dll" className="TestNamespace.TestClass5" name="Test1245" />
    </UnitTest>
    <UnitTest name="Test1246" id="6621f90b-6675-4774-b37c-f0bf72977cce" storage="TestAssembly.dll">
      <Execution id="924ed25b-5aaa-456c-867a-0cee825d2fc1" />
      <TestMethod codeBase="TestAssembly.dll" className="TestNamespace.TestClass5" name="Test1246" />
    </UnitTest>
    <UnitTest name="Test1247" id="655b3bad-0cf7-466c-ac70-aff8540b5da0" storage="TestAssembly.dll">
      <Execution id="4275a0ac-4282-46ef-8b92-dbd4664d2eab" />
      <TestMethod codeBase="TestAssembly.dll" className="TestNamespace.TestClass5" name="Test1247" />
    </UnitTest>
    <UnitTest name="Test1248" id="ebe87c8b-ea3d-4a4c-8878-1c8dea33f7b6" storage="TestAssembly.dll">
      <Execution id="27cc8fd9-6480-413c-b9bc-888abaf78244" />
      <TestMethod codeBase="TestAssembly.dll" className="TestNamespace.TestClass5" name="Test1248" />
    </UnitTest>
    <UnitTest name="Test1249" id="ea152d16-1715-4066-9647-997519c33d29" storage="TestAssembly.dll">
      <Execution id="4cac0bec-e12d-4158-953f-1eca6c83bc40" />
      <TestMethod codeBase="TestAssembly.dll" className="TestNamespace.TestClass5" name="Test1249" />
    </UnitTest>
    <UnitTest name="Test1250" id="8f835b71-ebb5-4682-bd1e-d1dcb50161bc" storage="TestAssembly.dll">
      <Execution id="091aa254-98de-4a48-9b4c-6a1162176000" />
      <TestMethod codeBase="TestAssembly.dll" className="TestNamespace.TestClass5" name="Test1250" />
    </UnitTest>
    <UnitTest name="Test1251" id="e49d9472-bd0c-4c40-a744-a3815a690358" storage="TestAssembly.dll">
      <Execution id="c287cebd-5c7b-4654-8fa0-29e844e83e85" />
      <TestMethod codeBase="TestAssembly.dll" className="TestNamespace.TestClass6" name="Test1251" />
    </UnitTest>
    <UnitTest name="Test1252" id="6ceeb067-cd09-463a-b33c-180ce81ecdf3" storage="TestAssembly.dll">
      <Execution id="01fe2f67-2677-4ee3-b0cf-79b839e16384" />
      <TestMethod codeBase="TestAssembly.dll" className="TestNamespace.TestClass6" name="Test1252" />
    </UnitTest>
    <UnitTest name="Test1253" id="78f25d66-77a9-4538-a089-d89e46b78a96" storage="TestAssembly.dll">
      <Execution id="f0dc5866-8256-4625-bfb2-a1f9476641da" />
      <TestMethod codeBase="TestAssembly.dll" className="TestNamespace.TestClass6" name="Test1253" />
    </UnitTest>
    <UnitTest name="Test1254" id="db1ec9a2-8ddf-4a01-a8ce-255ccabb7192" storage="TestAssembly.dll">
      <Execution id="23b36b46-0fae-4a80-b3da-2a12de0301af" />
      <TestMethod codeBase="TestAssembly.dll" className="TestNamespace.TestClass6" name="Test1254" />
    </UnitTest>
    <UnitTest name="Test1255" id="df113113-e1a0-4fb2-a973-c62e78865977" storage="TestAssembly.dll">
      <Execution id="5eebcade-dc66-4579-82fd-6bce524f2397" />
      <TestMethod codeBase="TestAssembly.dll" className="TestNamespace.TestClass6" name="Test1255" />
    </UnitTest>
    <UnitTest name="Test1256" id="d6c8037f-1f9c-4816-afb1-f2e119c5ea0d" storage="TestAssembly.dll">
      <Execution id="f83c7e0a-19eb-449d-8b18-f74f0c2c5c30" />
      <TestMethod codeBase="TestAssembly.dll" className="TestNamespace.TestClass6" name="Test1256" />
    </UnitTest>
    <UnitTest name="Test1257" id="73efa9cd-7661-4e12-8ca8-e7c5c5a59cd1" storage="TestAssembly.dll">
      <Execution id="70b415aa-1c36-470d-b802-2fb27499d969" />
      <TestMethod codeBase="TestAssembly.dll" className="TestNamespace.TestClass6" name="Test1257" />
    </UnitTest>
    <UnitTest name="Test1258" id="9303afd9-bc4a-4cc7-968d-f271fb9a4473" storage="TestAssembly.dll">
      <Execution id="d8c2b016-0f63-486e-aca2-b83309f3d3cb" />
      <TestMethod codeBase="TestAssembly.dll" className="TestNamespace.TestClass6" name="Test1258" />
    </UnitTest>
    <UnitTest name="Test1259" id="fe237c79-e7b7-4ab6-b863-b3bfa50e28d4" storage="TestAssembly.dll">
      <Execution id="2f65adfc-63fa-418e-9da2-c2b4dc42c50b" />
      <TestMethod codeBase="TestAssembly.dll" className="TestNamespace.TestClass6" name="Test1259" />
    </UnitTest>
    <UnitTest name="Test1260" id="c82a4d01-0e4e-47ec-82c4-a74f278c9bb1" storage="TestAssembly.dll">
      <Execution id="4ec3bee9-e97e-40a8-9909-802893885c83" />
      <TestMethod codeBase="TestAssembly.dll" className="TestNamespace.TestClass6" name="Test1260" />
    </UnitTest>
    <UnitTest name="Test1261" id="f57dd969-1e29-4339-a0af-ff421c9d541d" storage="TestAssembly.dll">
      <Execution id="8d1490a5-3ba5-425e-b696-558253f0d6fa" />
      <TestMethod codeBase="TestAssembly.dll" className="TestNamespace.TestClass7" name="Test1261" />
    </UnitTest>
    <UnitTest name="Test1262" id="50041b15-d596-4cbf-84e0-46e6f083a337" storage="TestAssembly.dll">
      <Execution id="a31b6907-04b3-4ce4-b9c9-8d9a39bcb43c" />
      <TestMethod codeBase="TestAssembly.dll" className="TestNamespace.TestClass7" name="Test1262" />
    </UnitTest>
    <UnitTest name="Test1263" id="567363e0-a5c7-4f4b-90b2-1065a35d597b" storage="TestAssembly.dll">
      <Execution id="75b44dd4-be8e-4071-a7ac-f1b921902645" />
      <TestMethod codeBase="TestAssembly.dll" className="TestNamespace.TestClass7" name="Test1263" />
    </UnitTest>
    <UnitTest name="Test1264" id="011e0292-7096-4455-a698-f51237ba5e67" storage="TestAssembly.dll">
      <Execution id="fddcf65f-d346-4271-b214-d12cfefb873e" />
      <TestMethod codeBase="TestAssembly.dll" className="TestNamespace.TestClass7" name="Test1264" />
    </UnitTest>
    <UnitTest name="Test1265" id="20bb8f38-afd0-4f6d-bc9c-0fa55552ea99" storage="TestAssembly.dll">
      <Execution id="03634f92-4e77-44c5-aead-389e40f4c79b" />
      <TestMethod codeBase="TestAssembly.dll" className="TestNamespace.TestClass7" name="Test1265" />
    </UnitTest>
    <UnitTest name="Test1266" id="8a1ba4df-1e4e-4e88-8d04-3b6400b5aba5" storage="TestAssembly.dll">
      <Execution id="9dc8fa61-06f8-4877-8036-fe1b0add76b6" />
      <TestMethod codeBase="TestAssembly.dll" className="TestNamespace.TestClass7" name="Test1266" />
    </UnitTest>
    <UnitTest name="Test1267" id="236424d0-d3ac-43d0-b188-be61a6e11bab" storage="TestAssembly.dll">
      <Execution id="d9af882c-13a7-4305-bf15-809ae2ed18e8" />
      <TestMethod codeBase="TestAssembly.dll" className="TestNamespace.TestClass7" name="Test1267" />
    </UnitTest>
    <UnitTest name="Test1268" id="fe3ab725-299f-4a46-bc0a-077812e6dab3" storage="TestAssembly.dll">
      <Execution id="8f2ed729-f090-42f8-b4d6-26bfb0442cef" />
      <TestMethod codeBase="TestAssembly.dll" className="TestNamespace.TestClass7" name="Test1268" />
    </UnitTest>
    <UnitTest name="Test1269" id="9dfc13d3-b0e5-42d7-aaf8-cce7e5a02007" storage="TestAssembly.dll">
      <Execution id="71bd8ed4-d077-476b-b900-e31bafc2ddb2" />
      <TestMethod codeBase="TestAssembly.dll" className="TestNamespace.TestClass7" name="Test1269" />
    </UnitTest>
    <UnitTest name="Test1270" id="1046dd94-240e-414a-8757-6329dc11578c" storage="TestAssembly.dll">
      <Execution id="e4cecf20-1112-419f-a698-ac90f7c3cbd2" />
      <TestMethod codeBase="TestAssembly.dll" className="TestNamespace.TestClass7" name="Test1270" />
    </UnitTest>
    <UnitTest name="Test1271" id="7a4a73c8-12d8-46c5-9092-35800c7d1fba" storage="TestAssembly.dll">
      <Execution id="14c4c9df-f9be-41e0-83fc-f94659e31873" />
      <TestMethod codeBase="TestAssembly.dll" className="TestNamespace.TestClass8" name="Test1271" />
    </UnitTest>
    <UnitTest name="Test1272" id="ea603473-7f6d-4168-adfa-7514cbe8f612" storage="TestAssembly.dll">
      <Execution id="e9cc4e13-e68f-414b-b7ce-c01a3114ab39" />
      <TestMethod codeBase="TestAssembly.dll" className="TestNamespace.TestClass8" name="Test1272" />
    </UnitTest>
    <UnitTest name="Test1273" id="6f829d2f-ca48-4f9d-901b-21ad793d91c2" storage="TestAssembly.dll">
      <Execution id="6f871f36-5773-4dba-bf25-fb009460c980" />
      <TestMethod codeBase="TestAssembly.dll" className="TestNamespace.TestClass8" name="Test1273" />
    </UnitTest>
    <UnitTest name="Test1274" id="4b0b210f-a9e9-480f-9ed8-0afb289373bb" storage="TestAssembly.dll">
      <Execution id="fc008b0f-8f1c-4f19-9365-edb5c2d5d3fc" />
      <TestMethod codeBase="TestAssembly.dll" className="TestNamespace.TestClass8" name="Test1274" />
    </UnitTest>
    <UnitTest name="Test1275" id="706202e4-4c89-4bad-8208-d8fc8e5fa40a" storage="TestAssembly.dll">
      <Execution id="0f106d4c-eb68-492c-9473-a8170f795155" />
      <TestMethod codeBase="TestAssembly.dll" className="TestNamespace.TestClass8" name="Test1275" />
    </UnitTest>
    <UnitTest name="Test1276" id="f8d53d41-2b9a-4b50-b3bb-a57e33980b05" storage="TestAssembly.dll">
      <Execution id="819e9b38-fbdf-4745-b7bf-1bfe444fea8c" />
      <TestMethod codeBase="TestAssembly.dll" className="TestNamespace.TestClass8" name="Test1276" />
    </UnitTest>
    <UnitTest name="Test1277" id="ad460e44-c64d-4062-8d0f-30bff5255b79" storage="TestAssembly.dll">
      <Execution id="0f9e436c-077b-47d7-a339-a7785e32a431" />
      <TestMethod codeBase="TestAssembly.dll" className="TestNamespace.TestClass8" name="Test1277" />
    </UnitTest>
    <UnitTest name="Test1278" id="9ca544cf-b680-4d3a-85a7-53f6f183451b" storage="TestAssembly.dll">
      <Execution id="bb459cb3-3e01-4596-a38a-42e88dbc4e00" />
      <TestMethod codeBase="TestAssembly.dll" className="TestNamespace.TestClass8" name="Test1278" />
    </UnitTest>
    <UnitTest name="Test1279" id="d6ea0490-6200-47f8-b310-d49e9bd717a9" storage="TestAssembly.dll">
      <Execution id="4622f69b-1b31-4dce-af85-cc4f0d7443a0" />
      <TestMethod codeBase="TestAssembly.dll" className="TestNamespace.TestClass8" name="Test1279" />
    </UnitTest>
    <UnitTest name="Test1280" id="887c8ce7-d8b3-4fcf-8b3e-0914f06b21ed" storage="TestAssembly.dll">
      <Execution id="58619b69-48de-48ab-a406-4fc8dcfb6c44" />
      <TestMethod codeBase="TestAssembly.dll" className="TestNamespace.TestClass8" name="Test1280" />
    </UnitTest>
    <UnitTest name="Test1281" id="f4d470b0-ca9d-483c-b04c-6f09d07110f4" storage="TestAssembly.dll">
      <Execution id="45c65e1e-0366-4cd6-92d9-43f735f8820e" />
      <TestMethod codeBase="TestAssembly.dll" className="TestNamespace.TestClass9" name="Test1281" />
    </UnitTest>
    <UnitTest name="Test1282" id="b9988365-3548-4b2f-8d66-f54112fbcbca" storage="TestAssembly.dll">
      <Execution id="5118dc46-9b9a-4587-aeb5-619835225e31" />
      <TestMethod codeBase="TestAssembly.dll" className="TestNamespace.TestClass9" name="Test1282" />
    </UnitTest>
    <UnitTest name="Test1283" id="aa995536-b047-4b2f-896f-a39bc3873271" storage="TestAssembly.dll">
      <Execution id="4f53d57b-0113-462b-81c3-324a455dca01" />
      <TestMethod codeBase="TestAssembly.dll" className="TestNamespace.TestClass9" name="Test1283" />
    </UnitTest>
    <UnitTest name="Test1284" id="6be5bd7d-2b59-4da6-99f1-da2f7f027cc3" storage="TestAssembly.dll">
      <Execution id="459c19eb-1f8d-4bf0-aace-ce31df3d8ebe" />
      <TestMethod codeBase="TestAssembly.dll" className="TestNamespace.TestClass9" name="Test1284" />
    </UnitTest>
    <UnitTest name="Test1285" id="2c991775-3c0f-497a-aaad-6306bd963439" storage="TestAssembly.dll">
      <Execution id="fe7a113c-78d6-4675-987d-698fe74abfd4" />
      <TestMethod codeBase="TestAssembly.dll" className="TestNamespace.TestClass9" name="Test1285" />
    </UnitTest>
    <UnitTest name="Test1286" id="f4943348-c58e-48b8-bfc9-c4dd428abe3e" storage="TestAssembly.dll">
      <Execution id="b35b0bb1-d196-4554-8fa3-69d90cd64a05" />
      <TestMethod codeBase="TestAssembly.dll" className="TestNamespace.TestClass9" name="Test1286" />
    </UnitTest>
    <UnitTest name="Test1287" id="0a7d9fd5-b06c-448c-b1aa-84246ca614a9" storage="TestAssembly.dll">
      <Execution id="e2ad8ec0-edbb-49c9-b65d-76bcd33e91c6" />
      <TestMethod codeBase="TestAssembly.dll" className="TestNamespace.TestClass9" name="Test1287" />
    </UnitTest>
    <UnitTest name="Test1288" id="97486122-7956-4373-b847-e6e950359cb2" storage="TestAssembly.dll">
      <Execution id="ed7ba10a-cec0-40de-8fa6-c4d10f799910" />
      <TestMethod codeBase="TestAssembly.dll" className="TestNamespace.TestClass9" name="Test1288" />
    </UnitTest>
    <UnitTest name="Test1289" id="f44e6672-a255-4a56-a690-707cb61ec359" storage="TestAssembly.dll">
      <Execution id="073313fd-8894-41a1-b3a8-a592b8fac359" />
      <TestMethod codeBase="TestAssembly.dll" className="TestNamespace.TestClass9" name="Test1289" />
    </UnitTest>
    <UnitTest name="Test1290" id="c8726eb1-4c07-4fc0-9115-00cbeb20c4a0" storage="TestAssembly.dll">
      <Execution id="1142bf3b-854b-43aa-ae04-0ec96e334e05" />
      <TestMethod codeBase="TestAssembly.dll" className="TestNamespace.TestClass9" name="Test1290" />
    </UnitTest>
    <UnitTest name="Test1291" id="8e402691-1489-47f0-a763-69d37142a085" storage="TestAssembly.dll">
      <Execution id="86b9a07f-25f3-42f8-b90b-f8b275d16111" />
      <TestMethod codeBase="TestAssembly.dll" className="TestNamespace.TestClass10" name="Test1291" />
    </UnitTest>
    <UnitTest name="Test1292" id="8a488e8d-9eec-459e-a433-e66071b41cae" storage="TestAssembly.dll">
      <Execution id="d13b7e12-df30-4aaf-a9c7-8f5ca57227fd" />
      <TestMethod codeBase="TestAssembly.dll" className="TestNamespace.TestClass10" name="Test1292" />
    </UnitTest>
    <UnitTest name="Test1293" id="beb839cf-3f9d-451b-904e-152cd1c0985f" storage="TestAssembly.dll">
      <Execution id="91446273-9ae4-4a88-ab4e-b1ad7264bb93" />
      <TestMethod codeBase="TestAssembly.dll" className="TestNamespace.TestClass10" name="Test1293" />
    </UnitTest>
    <UnitTest name="Test1294" id="a5005acd-da16-4d8a-a8f9-d0708500c9d8" storage="TestAssembly.dll">
      <Execution id="0c245512-1983-4117-ab99-581a77d8fa85" />
      <TestMethod codeBase="TestAssembly.dll" className="TestNamespace.TestClass10" name="Test1294" />
    </UnitTest>
    <UnitTest name="Test1295" id="5c0c1edc-ef4f-4e66-a960-4d8ee94439dc" storage="TestAssembly.dll">
      <Execution id="7f677bc1-8f7f-418e-b5c8-d311c07180ec" />
      <TestMethod codeBase="TestAssembly.dll" className="TestNamespace.TestClass10" name="Test1295" />
    </UnitTest>
    <UnitTest name="Test1296" id="9c841f47-b064-4bbb-bf64-36ed66ca9493" storage="TestAssembly.dll">
      <Execution id="4471e139-4aef-44a8-8dde-96498c1b6641" />
      <TestMethod codeBase="TestAssembly.dll" className="TestNamespace.TestClass10" name="Test1296" />
    </UnitTest>
    <UnitTest name="Test1297" id="3e1b7252-e065-41fd-b46d-bb8c5b4995a7" storage="TestAssembly.dll">
      <Execution id="85905a2d-070d-4e40-a87a-38c8302f36fa" />
      <TestMethod codeBase="TestAssembly.dll" className="TestNamespace.TestClass10" name="Test1297" />
    </UnitTest>
    <UnitTest name="Test1298" id="0b9fb2a6-1fb9-4285-86cc-ced322d16fc2" storage="TestAssembly.dll">
      <Execution id="eabe7bed-e6e6-40f4-b9e0-6abd294c5dcb" />
      <TestMethod codeBase="TestAssembly.dll" className="TestNamespace.TestClass10" name="Test1298" />
    </UnitTest>
    <UnitTest name="Test1299" id="ffab7c90-2dfb-4589-9f36-a973d6c7a444" storage="TestAssembly.dll">
      <Execution id="f56c6018-b71e-4c6c-a51d-d9b59d1eea76" />
      <TestMethod codeBase="TestAssembly.dll" className="TestNamespace.TestClass10" name="Test1299" />
    </UnitTest>
    <UnitTest name="Test1300" id="d5988ea5-6ce7-48b4-b3b5-bb8717e41d45" storage="TestAssembly.dll">
      <Execution id="d880069d-d604-4af3-b0f6-4ddd3d90ec0a" />
      <TestMethod codeBase="TestAssembly.dll" className="TestNamespace.TestClass10" name="Test1300" />
    </UnitTest>
  </TestDefinitions>
  <TestEntries>
    <TestEntry testId="ab9261f5-7463-412f-80b6-a474719bba18" executionId="3555db92-95c9-4a71-8131-a63907481b4f" testListId="da5dc7f4-baf1-4fd9-abc0-ca555d196d56" />
    <TestEntry testId="7fb429ca-cfb3-4b6c-8c00-cced00080b68" executionId="cd87bfdb-c605-433c-9622-d01c134ccf8e" testListId="da5dc7f4-baf1-4fd9-abc0-ca555d196d56" />
    <TestEntry testId="2c164215-5939-4b01-a0e7-2a4d75f32706" executionId="64b7a80a-1cc1-4770-82df-578acbf99152" testListId="da5dc7f4-baf1-4fd9-abc0-ca555d196d56" />
    <TestEntry testId="50752c71-e02d-43e0-a1a3-892964f60767" executionId="c82f148d-f0db-4c49-ab59-84326c059867" testListId="da5dc7f4-baf1-4fd9-abc0-ca555d196d56" />
    <TestEntry testId="d4c10fca-1075-4620-8050-053e02d3d591" executionId="d078818e-69e4-4064-ab77-9325ac8e5f7e" testListId="da5dc7f4-baf1-4fd9-abc0-ca555d196d56" />
    <TestEntry testId="4537288f-33c7-4bc9-aebb-c3523c791656" executionId="69d907da-7d1e-4d2e-8aee-4397cde1fd81" testListId="da5dc7f4-baf1-4fd9-abc0-ca555d196d56" />
    <TestEntry testId="d093d95e-e1ce-47be-80bd-8822ac9e2081" executionId="d1891a2b-a089-44e5-ac5d-ed50cc48ef97" testListId="da5dc7f4-baf1-4fd9-abc0-ca555d196d56" />
    <TestEntry testId="5becfb9f-c586-4f25-9536-d475e234f9cd" executionId="725d00ac-d6a7-488f-9633-91bb46fa4854" testListId="da5dc7f4-baf1-4fd9-abc0-ca555d196d56" />
    <TestEntry testId="0ecb633c-5a8f-4ddd-8fd1-cc17fac6f31b" executionId="4caa0e5d-b013-415a-af3b-8536552f2b1b" testListId="da5dc7f4-baf1-4fd9-abc0-ca555d196d56" />
    <TestEntry testId="52448cfd-9857-46a9-9ecd-3c310c2efc3f" executionId="653d6df3-2a5f-422a-8dff-4722624e1d5c" testListId="da5dc7f4-baf1-4fd9-abc0-ca555d196d56" />
    <TestEntry testId="c52c0599-5024-44c3-a0ed-60eca7e1f37f" executionId="1a36fc97-bd24-40c8-9f46-3fe2cab07e9b" testListId="da5dc7f4-baf1-4fd9-abc0-ca555d196d56" />
    <TestEntry testId="d653b1a6-c2b1-400c-8e13-0043b2911821" executionId="4a430bb6-99fa-4331-a39d-d3e896891ae0" testListId="da5dc7f4-baf1-4fd9-abc0-ca555d196d56" />
    <TestEntry testId="c40bed5b-ca34-4b2c-b22b-e2b71a7cc65f" executionId="b0f5bd13-d823-491a-baad-df171f663ad7" testListId="da5dc7f4-baf1-4fd9-abc0-ca555d196d56" />
    <TestEntry testId="3b80426c-4ed8-4048-909f-642ea7fbad2f" executionId="c2a14991-4e6c-4a1a-a14b-2641d3e6342c" testListId="da5dc7f4-baf1-4fd9-abc0-ca555d196d56" />
    <TestEntry testId="5791b16e-e4c6-4742-9674-c8b300233387" executionId="da2bf9b6-0e87-4ab6-bb55-a2de5f1e7f73" testListId="da5dc7f4-baf1-4fd9-abc0-ca555d196d56" />
    <TestEntry testId="3011e951-adb6-4606-a080-0e78509b5b8e" executionId="28acf66f-dbc0-480d-99f1-d6d73d37e229" testListId="da5dc7f4-baf1-4fd9-abc0-ca555d196d56" />
    <TestEntry testId="4b84f768-a905-4e05-be47-5ed5655dedc0" executionId="792c0736-37bd-4a6f-848e-36d35d607046" testListId="da5dc7f4-baf1-4fd9-abc0-ca555d196d56" />
    <TestEntry testId="4d8dc508-88df-4a79-b722-fd8592b787f6" executionId="ab31be54-646d-4c85-bb26-082621030fe9" testListId="da5dc7f4-baf1-4fd9-abc0-ca555d196d56" />
    <TestEntry testId="28d0c35c-c9bf-492b-9d1b-d35f5ef1dedc" executionId="d5c7db6d-088d-4b4f-9524-7874afe760f8" testListId="da5dc7f4-baf1-4fd9-abc0-ca555d196d56" />
    <TestEntry testId="f84dd317-44a0-44cb-b3df-fd8f5688d001" executionId="c38ec847-d8b7-4331-9856-79611a90761f" testListId="da5dc7f4-baf1-4fd9-abc0-ca555d196d56" />
    <TestEntry testId="6e20f901-4293-4d25-bb6e-78d23af2ad6b" executionId="343fbc3b-f871-4cca-bdda-86e1c9f8eac3" testListId="da5dc7f4-baf1-4fd9-abc0-ca555d196d56" />
    <TestEntry testId="c942ab22-e6fa-4c09-9bb6-8f09a1cef381" executionId="f6d838c3-7186-4029-af6d-f528a8ad502d" testListId="da5dc7f4-baf1-4fd9-abc0-ca555d196d56" />
    <TestEntry testId="df0af1fa-10a5-45bf-8e01-d22ad6903748" executionId="7ce2812b-afac-432c-a6aa-455f80f91b1a" testListId="da5dc7f4-baf1-4fd9-abc0-ca555d196d56" />
    <TestEntry testId="8554e43e-2e0c-4651-b60f-c51ff24ab047" executionId="7cadc596-bbad-4fb4-9fa3-4dd04677cf4c" testListId="da5dc7f4-baf1-4fd9-abc0-ca555d196d56" />
    <TestEntry testId="35e493ae-77ce-4f59-8807-5d86298d756b" executionId="93662157-c3c1-40cc-bef8-b9e2d2e0abc8" testListId="da5dc7f4-baf1-4fd9-abc0-ca555d196d56" />
    <TestEntry testId="53b6d03b-83dd-460d-aae0-765f7abea2f7" executionId="1d775547-38b1-4b79-87d4-4257563a74cc" testListId="da5dc7f4-baf1-4fd9-abc0-ca555d196d56" />
    <TestEntry testId="f1b411a2-a8af-4489-b1da-f822e37151fe" executionId="07f39abf-9ef2-4daa-93c1-ab263ef434a0" testListId="da5dc7f4-baf1-4fd9-abc0-ca555d196d56" />
    <TestEntry testId="80c6249b-7693-4d39-8334-f5ceb4f028c2" executionId="767bd0b1-0340-47b8-869a-c6715c4c4642" testListId="da5dc7f4-baf1-4fd9-abc0-ca555d196d56" />
    <TestEntry testId="6cebdd84-31fd-49ed-88cd-875f349be965" executionId="29fa0ecd-fe28-4ad1-a12b-9b71efcc473b" testListId="da5dc7f4-baf1-4fd9-abc0-ca555d196d56" />
    <TestEntry testId="bf63f4d1-5b3f-4656-98bd-d957a0178c91" executionId="4a7c9845-e365-4a61-a093-8ef92f21c3d2" testListId="da5dc7f4-baf1-4fd9-abc0-ca555d196d56" />
    <TestEntry testId="eabc1f96-b95e-44fa-816b-6b31f45e0d88" executionId="1555a041-a5ea-4b42-a092-3b4ae162ac3e" testListId="da5dc7f4-baf1-4fd9-abc0-ca555d196d56" />
    <TestEntry testId="43b0d9ce-9cef-4455-81ac-fa3712d14bf4" executionId="6e7fc1c3-1d22-41f0-ac63-dce89520ba9f" testListId="da5dc7f4-baf1-4fd9-abc0-ca555d196d56" />
    <TestEntry testId="8bcf335f-a93c-44f3-bd51-17c07e5adda0" executionId="4537d38c-39ef-4321-bbb6-f5baab3d01dc" testListId="da5dc7f4-baf1-4fd9-abc0-ca555d196d56" />
    <TestEntry testId="02b51d4b-4a3e-4f26-9ba9-c3384506b8f8" executionId="f001494a-6773-4599-a48f-a0a75b33856e" testListId="da5dc7f4-baf1-4fd9-abc0-ca555d196d56" />
    <TestEntry testId="2418d46d-90ee-4a64-8987-8a1bb6041ff5" executionId="7d125fda-0c58-4752-ad66-c16e2b3f5cae" testListId="da5dc7f4-baf1-4fd9-abc0-ca555d196d56" />
    <TestEntry testId="f1d0df4a-cbe7-4a1c-b14e-5c1f6d36c1fe" executionId="a31c1263-4056-4b8c-a2f0-eccca7856409" testListId="da5dc7f4-baf1-4fd9-abc0-ca555d196d56" />
    <TestEntry testId="0a065d66-4c30-4949-97d4-d3f1d85e63a3" executionId="6021eb34-3bff-4842-b6c8-a39c0cbbf097" testListId="da5dc7f4-baf1-4fd9-abc0-ca555d196d56" />
    <TestEntry testId="e950a744-731e-4378-99f0-d99661c171be" executionId="75f85bd4-d159-480f-a121-8f19dc8b2083" testListId="da5dc7f4-baf1-4fd9-abc0-ca555d196d56" />
    <TestEntry testId="75b75391-2fb8-4839-8784-1b0b502d20c6" executionId="b57e61ba-6436-4f2d-a594-174f3f33d043" testListId="da5dc7f4-baf1-4fd9-abc0-ca555d196d56" />
    <TestEntry testId="f388307b-0ae0-4bcc-aaa6-e878963076a8" executionId="d9a4f186-5e34-4dcd-897f-342b8874cb11" testListId="da5dc7f4-baf1-4fd9-abc0-ca555d196d56" />
    <TestEntry testId="ada2c159-901e-4ec3-8afc-4729f7cb51c4" executionId="00ff7ce1-1e25-4ca5-bfd7-5cf40ab3feda" testListId="da5dc7f4-baf1-4fd9-abc0-ca555d196d56" />
    <TestEntry testId="c6540c0b-2ae1-426a-9ded-7e571c9df0da" executionId="71d8567d-79ed-4003-86d1-3e7e1d08babe" testListId="da5dc7f4-baf1-4fd9-abc0-ca555d196d56" />
    <TestEntry testId="276fd35c-e2f8-48bc-8ab6-e72b5765cdbf" executionId="7a57d61d-8986-4ee2-8b70-4191562c6f57" testListId="da5dc7f4-baf1-4fd9-abc0-ca555d196d56" />
    <TestEntry testId="ad4ee5b4-430f-4345-a153-04f1c0ce3015" executionId="5aa37461-1060-41fd-afe5-8ab3c2a46302" testListId="da5dc7f4-baf1-4fd9-abc0-ca555d196d56" />
    <TestEntry testId="43382431-c4fa-4eab-85ac-ff7e16516914" executionId="98e874be-4f13-40a9-9c45-2e9d2ed2e397" testListId="da5dc7f4-baf1-4fd9-abc0-ca555d196d56" />
    <TestEntry testId="6621f90b-6675-4774-b37c-f0bf72977cce" executionId="924ed25b-5aaa-456c-867a-0cee825d2fc1" testListId="da5dc7f4-baf1-4fd9-abc0-ca555d196d56" />
    <TestEntry testId="655b3bad-0cf7-466c-ac70-aff8540b5da0" executionId="4275a0ac-4282-46ef-8b92-dbd4664d2eab" testListId="da5dc7f4-baf1-4fd9-abc0-ca555d196d56" />
    <TestEntry testId="ebe87c8b-ea3d-4a4c-8878-1c8dea33f7b6" executionId="27cc8fd9-6480-413c-b9bc-888abaf78244" testListId="da5dc7f4-baf1-4fd9-abc0-ca555d196d56" />
    <TestEntry testId="ea152d16-1715-4066-9647-997519c33d29" executionId="4cac0bec-e12d-4158-953f-1eca6c83bc40" testListId="da5dc7f4-baf1-4fd9-abc0-ca555d196d56" />
    <TestEntry testId="8f835b71-ebb5-4682-bd1e-d1dcb50161bc" executionId="091aa254-98de-4a48-9b4c-6a1162176000" testListId="da5dc7f4-baf1-4fd9-abc0-ca555d196d56" />
    <TestEntry testId="e49d9472-bd0c-4c40-a744-a3815a690358" executionId="c287cebd-5c7b-4654-8fa0-29e844e83e85" testListId="da5dc7f4-baf1-4fd9-abc0-ca555d196d56" />
    <TestEntry testId="6ceeb067-cd09-463a-b33c-180ce81ecdf3" executionId="01fe2f67-2677-4ee3-b0cf-79b839e16384" testListId="da5dc7f4-baf1-4fd9-abc0-ca555d196d56" />
    <TestEntry testId="78f25d66-77a9-4538-a089-d89e46b78a96" executionId="f0dc5866-8256-4625-bfb2-a1f9476641da" testListId="da5dc7f4-baf1-4fd9-abc0-ca555d196d56" />
    <TestEntry testId="db1ec9a2-8ddf-4a01-a8ce-255ccabb7192" executionId="23b36b46-0fae-4a80-b3da-2a12de0301af" testListId="da5dc7f4-baf1-4fd9-abc0-ca555d196d56" />
    <TestEntry testId="df113113-e1a0-4fb2-a973-c62e78865977" executionId="5eebcade-dc66-4579-82fd-6bce524f2397" testListId="da5dc7f4-baf1-4fd9-abc0-ca555d196d56" />
    <TestEntry testId="d6c8037f-1f9c-4816-afb1-f2e119c5ea0d" executionId="f83c7e0a-19eb-449d-8b18-f74f0c2c5c30" testListId="da5dc7f4-baf1-4fd9-abc0-ca555d196d56" />
    <TestEntry testId="73efa9cd-7661-4e12-8ca8-e7c5c5a59cd1" executionId="70b415aa-1c36-470d-b802-2fb27499d969" testListId="da5dc7f4-baf1-4fd9-abc0-ca555d196d56" />
    <TestEntry testId="9303afd9-bc4a-4cc7-968d-f271fb9a4473" executionId="d8c2b016-0f63-486e-aca2-b83309f3d3cb" testListId="da5dc7f4-baf1-4fd9-abc0-ca555d196d56" />
    <TestEntry testId="fe237c79-e7b7-4ab6-b863-b3bfa50e28d4" executionId="2f65adfc-63fa-418e-9da2-c2b4dc42c50b" testListId="da5dc7f4-baf1-4fd9-abc0-ca555d196d56" />
    <TestEntry testId="c82a4d01-0e4e-47ec-82c4-a74f278c9bb1" executionId="4ec3bee9-e97e-40a8-9909-802893885c83" testListId="da5dc7f4-baf1-4fd9-abc0-ca555d196d56" />
    <TestEntry testId="f57dd969-1e29-4339-a0af-ff421c9d541d" executionId="8d1490a5-3ba5-425e-b696-558253f0d6fa" testListId="da5dc7f4-baf1-4fd9-abc0-ca555d196d56" />
    <TestEntry testId="50041b15-d596-4cbf-84e0-46e6f083a337" executionId="a31b6907-04b3-4ce4-b9c9-8d9a39bcb43c" testListId="da5dc7f4-baf1-4fd9-abc0-ca555d196d56" />
    <TestEntry testId="567363e0-a5c7-4f4b-90b2-1065a35d597b" executionId="75b44dd4-be8e-4071-a7ac-f1b921902645" testListId="da5dc7f4-baf1-4fd9-abc0-ca555d196d56" />
    <TestEntry testId="011e0292-7096-4455-a698-f51237ba5e67" executionId="fddcf65f-d346-4271-b214-d12cfefb873e" testListId="da5dc7f4-baf1-4fd9-abc0-ca555d196d56" />
    <TestEntry testId="20bb8f38-afd0-4f6d-bc9c-0fa55552ea99" executionId="03634f92-4e77-44c5-aead-389e40f4c79b" testListId="da5dc7f4-baf1-4fd9-abc0-ca555d196d56" />
    <TestEntry testId="8a1ba4df-1e4e-4e88-8d04-3b6400b5aba5" executionId="9dc8fa61-06f8-4877-8036-fe1b0add76b6" testListId="da5dc7f4-baf1-4fd9-abc0-ca555d196d56" />
    <TestEntry testId="236424d0-d3ac-43d0-b188-be61a6e11bab" executionId="d9af882c-13a7-4305-bf15-809ae2ed18e8" testListId="da5dc7f4-baf1-4fd9-abc0-ca555d196d56" />
    <TestEntry testId="fe3ab725-299f-4a46-bc0a-077812e6dab3" executionId="8f2ed729-f090-42f8-b4d6-26bfb0442cef" testListId="da5dc7f4-baf1-4fd9-abc0-ca555d196d56" />
    <TestEntry testId="9dfc13d3-b0e5-42d7-aaf8-cce7e5a02007" executionId="71bd8ed4-d077-476b-b900-e31bafc2ddb2" testListId="da5dc7f4-baf1-4fd9-abc0-ca555d196d56" />
    <TestEntry testId="1046dd94-240e-414a-8757-6329dc11578c" executionId="e4cecf20-1112-419f-a698-ac90f7c3cbd2" testListId="da5dc7f4-baf1-4fd9-abc0-ca555d196d56" />
    <TestEntry testId="7a4a73c8-12d8-46c5-9092-35800c7d1fba" executionId="14c4c9df-f9be-41e0-83fc-f94659e31873" testListId="da5dc7f4-baf1-4fd9-abc0-ca555d196d56" />
    <TestEntry testId="ea603473-7f6d-4168-adfa-7514cbe8f612" executionId="e9cc4e13-e68f-414b-b7ce-c01a3114ab39" testListId="da5dc7f4-baf1-4fd9-abc0-ca555d196d56" />
    <TestEntry testId="6f829d2f-ca48-4f9d-901b-21ad793d91c2" executionId="6f871f36-5773-4dba-bf25-fb009460c980" testListId="da5dc7f4-baf1-4fd9-abc0-ca555d196d56" />
    <TestEntry testId="4b0b210f-a9e9-480f-9ed8-0afb289373bb" executionId="fc008b0f-8f1c-4f19-9365-edb5c2d5d3fc" testListId="da5dc7f4-baf1-4fd9-abc0-ca555d196d56" />
    <TestEntry testId="706202e4-4c89-4bad-8208-d8fc8e5fa40a" executionId="0f106d4c-eb68-492c-9473-a8170f795155" testListId="da5dc7f4-baf1-4fd9-abc0-ca555d196d56" />
    <TestEntry testId="f8d53d41-2b9a-4b50-b3bb-a57e33980b05" executionId="819e9b38-fbdf-4745-b7bf-1bfe444fea8c" testListId="da5dc7f4-baf1-4fd9-abc0-ca555d196d56" />
    <TestEntry testId="ad460e44-c64d-4062-8d0f-30bff5255b79" executionId="0f9e436c-077b-47d7-a339-a7785e32a431" testListId="da5dc7f4-baf1-4fd9-abc0-ca555d196d56" />
    <TestEntry testId="9ca544cf-b680-4d3a-85a7-53f6f183451b" executionId="bb459cb3-3e01-4596-a38a-42e88dbc4e00" testListId="da5dc7f4-baf1-4fd9-abc0-ca555d196d56" />
    <TestEntry testId="d6ea0490-6200-47f8-b310-d49e9bd717a9" executionId="4622f69b-1b31-4dce-af85-cc4f0d7443a0" testListId="da5dc7f4-baf1-4fd9-abc0-ca555d196d56" />
    <TestEntry testId="887c8ce7-d8b3-4fcf-8b3e-0914f06b21ed" executionId="58619b69-48de-48ab-a406-4fc8dcfb6c44" testListId="da5dc7f4-baf1-4fd9-abc0-ca555d196d56" />
    <TestEntry testId="f4d470b0-ca9d-483c-b04c-6f09d07110f4" executionId="45c65e1e-0366-4cd6-92d9-43f735f8820e" testListId="da5dc7f4-baf1-4fd9-abc0-ca555d196d56" />
    <TestEntry testId="b9988365-3548-4b2f-8d66-f54112fbcbca" executionId="5118dc46-9b9a-4587-aeb5-619835225e31" testListId="da5dc7f4-baf1-4fd9-abc0-ca555d196d56" />
    <TestEntry testId="aa995536-b047-4b2f-896f-a39bc3873271" executionId="4f53d57b-0113-462b-81c3-324a455dca01" testListId="da5dc7f4-baf1-4fd9-abc0-ca555d196d56" />
    <TestEntry testId="6be5bd7d-2b59-4da6-99f1-da2f7f027cc3" executionId="459c19eb-1f8d-4bf0-aace-ce31df3d8ebe" testListId="da5dc7f4-baf1-4fd9-abc0-ca555d196d56" />
    <TestEntry testId="2c991775-3c0f-497a-aaad-6306bd963439" executionId="fe7a113c-78d6-4675-987d-698fe74abfd4" testListId="da5dc7f4-baf1-4fd9-abc0-ca555d196d56" />
    <TestEntry testId="f4943348-c58e-48b8-bfc9-c4dd428abe3e" executionId="b35b0bb1-d196-4554-8fa3-69d90cd64a05" testListId="da5dc7f4-baf1-4fd9-abc0-ca555d196d56" />
    <TestEntry testId="0a7d9fd5-b06c-448c-b1aa-84246ca614a9" executionId="e2ad8ec0-edbb-49c9-b65d-76bcd33e91c6" testListId="da5dc7f4-baf1-4fd9-abc0-ca555d196d56" />
    <TestEntry testId="97486122-7956-4373-b847-e6e950359cb2" executionId="ed7ba10a-cec0-40de-8fa6-c4d10f799910" testListId="da5dc7f4-baf1-4fd9-abc0-ca555d196d56" />
    <TestEntry testId="f44e6672-a255-4a56-a690-707cb61ec359" executionId="073313fd-8894-41a1-b3a8-a592b8fac359" testListId="da5dc7f4-baf1-4fd9-abc0-ca555d196d56" />
    <TestEntry testId="c8726eb1-4c07-4fc0-9115-00cbeb20c4a0" executionId="1142bf3b-854b-43aa-ae04-0ec96e334e05" testListId="da5dc7f4-baf1-4fd9-abc0-ca555d196d56" />
    <TestEntry testId="8e402691-1489-47f0-a763-69d37142a085" executionId="86b9a07f-25f3-42f8-b90b-f8b275d16111" testListId="da5dc7f4-baf1-4fd9-abc0-ca555d196d56" />
    <TestEntry testId="8a488e8d-9eec-459e-a433-e66071b41cae" executionId="d13b7e12-df30-4aaf-a9c7-8f5ca57227fd" testListId="da5dc7f4-baf1-4fd9-abc0-ca555d196d56" />
    <TestEntry testId="beb839cf-3f9d-451b-904e-152cd1c0985f" executionId="91446273-9ae4-4a88-ab4e-b1ad7264bb93" testListId="da5dc7f4-baf1-4fd9-abc0-ca555d196d56" />
    <TestEntry testId="a5005acd-da16-4d8a-a8f9-d0708500c9d8" executionId="0c245512-1983-4117-ab99-581a77d8fa85" testListId="da5dc7f4-baf1-4fd9-abc0-ca555d196d56" />
    <TestEntry testId="5c0c1edc-ef4f-4e66-a960-4d8ee94439dc" executionId="7f677bc1-8f7f-418e-b5c8-d311c07180ec" testListId="da5dc7f4-baf1-4fd9-abc0-ca555d196d56" />
    <TestEntry testId="9c841f47-b064-4bbb-bf64-36ed66ca9493" executionId="4471e139-4aef-44a8-8dde-96498c1b6641" testListId="da5dc7f4-baf1-4fd9-abc0-ca555d196d56" />
    <TestEntry testId="3e1b7252-e065-41fd-b46d-bb8c5b4995a7" executionId="85905a2d-070d-4e40-a87a-38c8302f36fa" testListId="da5dc7f4-baf1-4fd9-abc0-ca555d196d56" />
    <TestEntry testId="0b9fb2a6-1fb9-4285-86cc-ced322d16fc2" executionId="eabe7bed-e6e6-40f4-b9e0-6abd294c5dcb" testListId="da5dc7f4-baf1-4fd9-abc0-ca555d196d56" />
    <TestEntry testId="ffab7c90-2dfb-4589-9f36-a973d6c7a444" executionId="f56c6018-b71e-4c6c-a51d-d9b59d1eea76" testListId="da5dc7f4-baf1-4fd9-abc0-ca555d196d56" />
    <TestEntry testId="d5988ea5-6ce7-48b4-b3b5-bb8717e41d45" executionId="d880069d-d604-4af3-b0f6-4ddd3d90ec0a" testListId="da5dc7f4-baf1-4fd9-abc0-ca555d196d56" />
  </TestEntries>
  <TestLists>
    <TestList name="Results Not in a List" id="da5dc7f4-baf1-4fd9-abc0-ca555d196d56" />
    <TestList name="All Loaded Results" id="04ae3027-b47b-4562-b263-f3defcd2ebf1" />
  </TestLists>
</TestRun>