<?xml version="1.0" encoding="UTF-8"?>
<TestRun id="5bcdedf0-5a57-4927-aaec-e1c8f1882d0c" name="Test Run 85" runUser="Oles Galatsan" xmlns="http://microsoft.com/schemas/VisualStudio/TeamTest/2010">
  <Times creation="2025-05-14T13:20:31.3125482Z" queuing="2025-05-14T13:20:31.3125482Z" start="2025-05-14T13:20:31.3146610Z" finish="2025-05-14T13:25:31.3147553Z" />
  <TestSettings name="Test Settings 85" id="6dc69a3c-8582-4280-8b2e-b2acc7d29969" />
  <Results>
    <UnitTestResult executionId="01f2da8c-1a67-488b-8cd6-581163401932" testId="76904fc4-7a80-4fc4-b7ab-800ebdf78dea" testName="Test8401" computerName="UA-LPT-OGA2" duration="00:00:01.7980000" startTime="2025-05-14T13:20:31.3146610Z" endTime="2025-05-14T13:25:31.3147553Z" testType="13cdc9d9-ddb5-4fa4-a97d-d965ccfc6d4b" outcome="Passed" testListId="ed89220b-41c6-4987-a76d-a2b833eca3cb" />
    <UnitTestResult executionId="00a77eb1-3782-428c-92c5-d1b4127b00f4" testId="5f3e957d-3fed-4b48-b4c5-2b4ff2ac0c66" testName="Test8402" computerName="UA-LPT-OGA2" duration="00:00:00.0530000" startTime="2025-05-14T13:20:31.3146610Z" endTime="2025-05-14T13:25:31.3147553Z" testType="13cdc9d9-ddb5-4fa4-a97d-d965ccfc6d4b" outcome="Inconclusive" testListId="ed89220b-41c6-4987-a76d-a2b833eca3cb" />
    <UnitTestResult executionId="dbe547e7-e53f-48f1-841e-ec6b5d1b379d" testId="09c18007-ddaa-4002-b904-f5d3c21b2c87" testName="Test8403" computerName="UA-LPT-OGA2" duration="00:00:01.8850000" startTime="2025-05-14T13:20:31.3146610Z" endTime="2025-05-14T13:25:31.3147553Z" testType="13cdc9d9-ddb5-4fa4-a97d-d965ccfc6d4b" outcome="Passed" testListId="ed89220b-41c6-4987-a76d-a2b833eca3cb" />
    <UnitTestResult executionId="bbd1ba25-ae23-43f3-80cd-4e48fe1a774e" testId="3dd76b63-243f-4231-b4d3-e231b389f4b7" testName="Test8404" computerName="UA-LPT-OGA2" duration="00:00:01.4300000" startTime="2025-05-14T13:20:31.3146610Z" endTime="2025-05-14T13:25:31.3147553Z" testType="13cdc9d9-ddb5-4fa4-a97d-d965ccfc6d4b" outcome="Passed" testListId="ed89220b-41c6-4987-a76d-a2b833eca3cb" />
    <UnitTestResult executionId="17c1af1b-3662-4f94-9cc6-e04c80ee36f5" testId="2c45a6f1-240f-451f-a31a-51ecc488a839" testName="Test8405" computerName="UA-LPT-OGA2" duration="00:00:00.2250000" startTime="2025-05-14T13:20:31.3146610Z" endTime="2025-05-14T13:25:31.3147553Z" testType="13cdc9d9-ddb5-4fa4-a97d-d965ccfc6d4b" outcome="Passed" testListId="ed89220b-41c6-4987-a76d-a2b833eca3cb" />
    <UnitTestResult executionId="0bfddcf9-da0d-4f15-963f-cb005de20d9f" testId="b85c30f5-b5a4-41df-a0af-6e8d96bf65bb" testName="Test8406" computerName="UA-LPT-OGA2" duration="00:00:01.2380000" startTime="2025-05-14T13:20:31.3146610Z" endTime="2025-05-14T13:25:31.3147553Z" testType="13cdc9d9-ddb5-4fa4-a97d-d965ccfc6d4b" outcome="Passed" testListId="ed89220b-41c6-4987-a76d-a2b833eca3cb" />
    <UnitTestResult executionId="e5257608-15a2-421e-a108-bd373641e4ed" testId="67f9e158-e5ab-4ea1-8a6f-e15fe3ca0abf" testName="Test8407" computerName="UA-LPT-OGA2" duration="00:00:00.9050000" startTime="2025-05-14T13:20:31.3146610Z" endTime="2025-05-14T13:25:31.3147553Z" testType="13cdc9d9-ddb5-4fa4-a97d-d965ccfc6d4b" outcome="Passed" testListId="ed89220b-41c6-4987-a76d-a2b833eca3cb" />
    <UnitTestResult executionId="a8d9c5ab-3a97-454b-ae38-e9439686ae6a" testId="760c331f-b306-41ee-81c0-d708d340aaff" testName="Test8408" computerName="UA-LPT-OGA2" duration="00:00:01.6020000" startTime="2025-05-14T13:20:31.3146610Z" endTime="2025-05-14T13:25:31.3147553Z" testType="13cdc9d9-ddb5-4fa4-a97d-d965ccfc6d4b" outcome="Passed" testListId="ed89220b-41c6-4987-a76d-a2b833eca3cb" />
    <UnitTestResult executionId="32362a4a-5d0f-4d0d-8e3d-abe9e95503f1" testId="f19174c3-fc62-4ddf-80d5-bb6cfd380d8e" testName="Test8409" computerName="UA-LPT-OGA2" duration="00:00:00.5110000" startTime="2025-05-14T13:20:31.3146610Z" endTime="2025-05-14T13:25:31.3147553Z" testType="13cdc9d9-ddb5-4fa4-a97d-d965ccfc6d4b" outcome="Passed" testListId="ed89220b-41c6-4987-a76d-a2b833eca3cb" />
    <UnitTestResult executionId="772f3213-af9c-4300-baa1-d73d751f9e02" testId="94faaf9e-0a1a-4d53-a97a-530df444bf87" testName="Test8410" computerName="UA-LPT-OGA2" duration="00:00:00.3780000" startTime="2025-05-14T13:20:31.3146610Z" endTime="2025-05-14T13:25:31.3147553Z" testType="13cdc9d9-ddb5-4fa4-a97d-d965ccfc6d4b" outcome="Passed" testListId="ed89220b-41c6-4987-a76d-a2b833eca3cb" />
    <UnitTestResult executionId="54abd1c6-a119-43ab-a573-2e975a467e9c" testId="36718dca-840c-4f75-a0a3-366799b2131e" testName="Test8411" computerName="UA-LPT-OGA2" duration="00:00:01.8590000" startTime="2025-05-14T13:20:31.3146610Z" endTime="2025-05-14T13:25:31.3147553Z" testType="13cdc9d9-ddb5-4fa4-a97d-d965ccfc6d4b" outcome="Passed" testListId="ed89220b-41c6-4987-a76d-a2b833eca3cb" />
    <UnitTestResult executionId="f8969c40-768f-4376-8602-8da21c3e9c5b" testId="642ad956-fe70-491b-98d5-24ea5b4f165a" testName="Test8412" computerName="UA-LPT-OGA2" duration="00:00:01.4110000" startTime="2025-05-14T13:20:31.3146610Z" endTime="2025-05-14T13:25:31.3147553Z" testType="13cdc9d9-ddb5-4fa4-a97d-d965ccfc6d4b" outcome="Passed" testListId="ed89220b-41c6-4987-a76d-a2b833eca3cb" />
    <UnitTestResult executionId="ca8035a0-1ea5-40c4-af54-6e295f4aec69" testId="90d13905-6e72-403c-a2e5-50c2996dcefd" testName="Test8413" computerName="UA-LPT-OGA2" duration="00:00:01.2590000" startTime="2025-05-14T13:20:31.3146610Z" endTime="2025-05-14T13:25:31.3147553Z" testType="13cdc9d9-ddb5-4fa4-a97d-d965ccfc6d4b" outcome="Passed" testListId="ed89220b-41c6-4987-a76d-a2b833eca3cb" />
    <UnitTestResult executionId="3fad8b83-4074-4df1-9230-67a2eeb648b1" testId="8deb36e0-529f-48c3-a347-c143714fe384" testName="Test8414" computerName="UA-LPT-OGA2" duration="00:00:01.6560000" startTime="2025-05-14T13:20:31.3146610Z" endTime="2025-05-14T13:25:31.3147553Z" testType="13cdc9d9-ddb5-4fa4-a97d-d965ccfc6d4b" outcome="Passed" testListId="ed89220b-41c6-4987-a76d-a2b833eca3cb" />
    <UnitTestResult executionId="68b49316-f060-477d-b198-665a37790d59" testId="ce6e58ba-2827-4da1-bdce-823663be5450" testName="Test8415" computerName="UA-LPT-OGA2" duration="00:00:01.0620000" startTime="2025-05-14T13:20:31.3146610Z" endTime="2025-05-14T13:25:31.3147553Z" testType="13cdc9d9-ddb5-4fa4-a97d-d965ccfc6d4b" outcome="Failed" testListId="ed89220b-41c6-4987-a76d-a2b833eca3cb">
      <Output>
        <ErrorInfo>
          <Message>Assertion failed: Expected value did not match actual value.</Message>
          <StackTrace>   at TestNamespace.TestClass.Test() in TestClass.cs:line 76</StackTrace>
        </ErrorInfo>
      </Output>
    </UnitTestResult>
    <UnitTestResult executionId="c9835bb4-c2ba-4819-94d9-7c0f0621e3cd" testId="12c782b8-8ef8-49f9-8b36-23632be4f9a4" testName="Test8416" computerName="UA-LPT-OGA2" duration="00:00:01.4540000" startTime="2025-05-14T13:20:31.3146610Z" endTime="2025-05-14T13:25:31.3147553Z" testType="13cdc9d9-ddb5-4fa4-a97d-d965ccfc6d4b" outcome="Passed" testListId="ed89220b-41c6-4987-a76d-a2b833eca3cb" />
    <UnitTestResult executionId="5009de36-6f90-4b64-aa98-d5e108f99170" testId="54d73d14-dd4d-434d-9c95-0d66cef6e57d" testName="Test8417" computerName="UA-LPT-OGA2" duration="00:00:01.3630000" startTime="2025-05-14T13:20:31.3146610Z" endTime="2025-05-14T13:25:31.3147553Z" testType="13cdc9d9-ddb5-4fa4-a97d-d965ccfc6d4b" outcome="Passed" testListId="ed89220b-41c6-4987-a76d-a2b833eca3cb" />
    <UnitTestResult executionId="2f13cdb0-75c2-4079-9655-8fe19f721ad5" testId="fef20402-88f1-4191-ac1d-0797ae6ea4c5" testName="Test8418" computerName="UA-LPT-OGA2" duration="00:00:00.9550000" startTime="2025-05-14T13:20:31.3146610Z" endTime="2025-05-14T13:25:31.3147553Z" testType="13cdc9d9-ddb5-4fa4-a97d-d965ccfc6d4b" outcome="Passed" testListId="ed89220b-41c6-4987-a76d-a2b833eca3cb" />
    <UnitTestResult executionId="7ff1a5ca-3247-4102-88ff-5b131ac08961" testId="ca55f2ed-f8b2-4896-84be-68c9c472d958" testName="Test8419" computerName="UA-LPT-OGA2" duration="00:00:01.0470000" startTime="2025-05-14T13:20:31.3146610Z" endTime="2025-05-14T13:25:31.3147553Z" testType="13cdc9d9-ddb5-4fa4-a97d-d965ccfc6d4b" outcome="Passed" testListId="ed89220b-41c6-4987-a76d-a2b833eca3cb" />
    <UnitTestResult executionId="e119ade8-a05d-4da2-8bce-78abebe68c66" testId="a90473d0-7737-46a0-8fb1-d514158ac687" testName="Test8420" computerName="UA-LPT-OGA2" duration="00:00:01.1630000" startTime="2025-05-14T13:20:31.3146610Z" endTime="2025-05-14T13:25:31.3147553Z" testType="13cdc9d9-ddb5-4fa4-a97d-d965ccfc6d4b" outcome="Passed" testListId="ed89220b-41c6-4987-a76d-a2b833eca3cb" />
    <UnitTestResult executionId="6572c165-965e-4314-a87f-f0bd49c55911" testId="78c60df9-206d-4aaa-8de6-7cf4f2aa9ad6" testName="Test8421" computerName="UA-LPT-OGA2" duration="00:00:01.5010000" startTime="2025-05-14T13:20:31.3146610Z" endTime="2025-05-14T13:25:31.3147553Z" testType="13cdc9d9-ddb5-4fa4-a97d-d965ccfc6d4b" outcome="Passed" testListId="ed89220b-41c6-4987-a76d-a2b833eca3cb" />
    <UnitTestResult executionId="925fa3a7-acfc-4216-935f-a599ff5d5ed8" testId="b1e6ebd8-5e86-4867-8165-f9a1715577e6" testName="Test8422" computerName="UA-LPT-OGA2" duration="00:00:00.6780000" startTime="2025-05-14T13:20:31.3146610Z" endTime="2025-05-14T13:25:31.3147553Z" testType="13cdc9d9-ddb5-4fa4-a97d-d965ccfc6d4b" outcome="Passed" testListId="ed89220b-41c6-4987-a76d-a2b833eca3cb" />
    <UnitTestResult executionId="39f0c8f5-8a3e-46d3-a2cb-d8137a31410a" testId="b63ceb57-efff-48f0-92f8-ba09a75dcfb8" testName="Test8423" computerName="UA-LPT-OGA2" duration="00:00:01.4750000" startTime="2025-05-14T13:20:31.3146610Z" endTime="2025-05-14T13:25:31.3147553Z" testType="13cdc9d9-ddb5-4fa4-a97d-d965ccfc6d4b" outcome="Passed" testListId="ed89220b-41c6-4987-a76d-a2b833eca3cb" />
    <UnitTestResult executionId="b269a51e-7bd8-45cb-b62f-eca9a0f7dfe5" testId="b8dd0e10-ffc8-4b8a-ae6b-981171fdf5c7" testName="Test8424" computerName="UA-LPT-OGA2" duration="00:00:01.7720000" startTime="2025-05-14T13:20:31.3146610Z" endTime="2025-05-14T13:25:31.3147553Z" testType="13cdc9d9-ddb5-4fa4-a97d-d965ccfc6d4b" outcome="Passed" testListId="ed89220b-41c6-4987-a76d-a2b833eca3cb" />
    <UnitTestResult executionId="45a125e8-9c2e-4075-a007-d2945beff4d5" testId="a5452f35-8769-45c8-ae32-392e43fb78d1" testName="Test8425" computerName="UA-LPT-OGA2" duration="00:00:01.6420000" startTime="2025-05-14T13:20:31.3146610Z" endTime="2025-05-14T13:25:31.3147553Z" testType="13cdc9d9-ddb5-4fa4-a97d-d965ccfc6d4b" outcome="Passed" testListId="ed89220b-41c6-4987-a76d-a2b833eca3cb" />
    <UnitTestResult executionId="51997e71-e826-4953-96c1-6060754dc5d5" testId="4a871489-7b30-4d07-a4de-9d01a6112bdd" testName="Test8426" computerName="UA-LPT-OGA2" duration="00:00:01.6650000" startTime="2025-05-14T13:20:31.3146610Z" endTime="2025-05-14T13:25:31.3147553Z" testType="13cdc9d9-ddb5-4fa4-a97d-d965ccfc6d4b" outcome="Passed" testListId="ed89220b-41c6-4987-a76d-a2b833eca3cb" />
    <UnitTestResult executionId="27248612-b89b-4aec-a876-1c8dc7f7b6cc" testId="69c723b1-302c-46b8-a759-0bd40670f1f8" testName="Test8427" computerName="UA-LPT-OGA2" duration="00:00:01.1670000" startTime="2025-05-14T13:20:31.3146610Z" endTime="2025-05-14T13:25:31.3147553Z" testType="13cdc9d9-ddb5-4fa4-a97d-d965ccfc6d4b" outcome="Passed" testListId="ed89220b-41c6-4987-a76d-a2b833eca3cb" />
    <UnitTestResult executionId="a68eabdd-4691-499c-bed8-4797e3b3a67b" testId="33f93fce-3572-4a67-8663-b8f421f5d785" testName="Test8428" computerName="UA-LPT-OGA2" duration="00:00:00.5770000" startTime="2025-05-14T13:20:31.3146610Z" endTime="2025-05-14T13:25:31.3147553Z" testType="13cdc9d9-ddb5-4fa4-a97d-d965ccfc6d4b" outcome="Passed" testListId="ed89220b-41c6-4987-a76d-a2b833eca3cb" />
    <UnitTestResult executionId="bafd5bb9-8780-4f48-8abb-c00641bf05f7" testId="c1a9b359-888d-4a6a-b0d6-2e98e63c454e" testName="Test8429" computerName="UA-LPT-OGA2" duration="00:00:00.0780000" startTime="2025-05-14T13:20:31.3146610Z" endTime="2025-05-14T13:25:31.3147553Z" testType="13cdc9d9-ddb5-4fa4-a97d-d965ccfc6d4b" outcome="Passed" testListId="ed89220b-41c6-4987-a76d-a2b833eca3cb" />
    <UnitTestResult executionId="08715f61-a93f-41f6-bc94-e93a248e8c3c" testId="ddefdf6a-ab3e-4777-8fcc-185efad75e0c" testName="Test8430" computerName="UA-LPT-OGA2" duration="00:00:01.6190000" startTime="2025-05-14T13:20:31.3146610Z" endTime="2025-05-14T13:25:31.3147553Z" testType="13cdc9d9-ddb5-4fa4-a97d-d965ccfc6d4b" outcome="Passed" testListId="ed89220b-41c6-4987-a76d-a2b833eca3cb" />
    <UnitTestResult executionId="27e52f80-791d-4584-88dc-39949999e3c7" testId="b5655880-1d69-4365-b0b7-cf9c45915989" testName="Test8431" computerName="UA-LPT-OGA2" duration="00:00:00.0690000" startTime="2025-05-14T13:20:31.3146610Z" endTime="2025-05-14T13:25:31.3147553Z" testType="13cdc9d9-ddb5-4fa4-a97d-d965ccfc6d4b" outcome="Passed" testListId="ed89220b-41c6-4987-a76d-a2b833eca3cb" />
    <UnitTestResult executionId="d177d502-6ab7-4f79-840e-2e1da0b6f3a6" testId="155267db-2ce8-4ffa-b5bc-cf827aeca543" testName="Test8432" computerName="UA-LPT-OGA2" duration="00:00:01.6480000" startTime="2025-05-14T13:20:31.3146610Z" endTime="2025-05-14T13:25:31.3147553Z" testType="13cdc9d9-ddb5-4fa4-a97d-d965ccfc6d4b" outcome="Passed" testListId="ed89220b-41c6-4987-a76d-a2b833eca3cb" />
    <UnitTestResult executionId="fa54d441-62ac-4c79-9685-65670f04e65d" testId="cf6c8799-f486-42c6-a378-e0164cc14331" testName="Test8433" computerName="UA-LPT-OGA2" duration="00:00:01.9380000" startTime="2025-05-14T13:20:31.3146610Z" endTime="2025-05-14T13:25:31.3147553Z" testType="13cdc9d9-ddb5-4fa4-a97d-d965ccfc6d4b" outcome="Passed" testListId="ed89220b-41c6-4987-a76d-a2b833eca3cb" />
    <UnitTestResult executionId="76cefc7c-083d-4752-a85b-e70dcbc316c1" testId="549055c4-090f-4365-b26a-854d6ea7ae66" testName="Test8434" computerName="UA-LPT-OGA2" duration="00:00:00.5910000" startTime="2025-05-14T13:20:31.3146610Z" endTime="2025-05-14T13:25:31.3147553Z" testType="13cdc9d9-ddb5-4fa4-a97d-d965ccfc6d4b" outcome="Passed" testListId="ed89220b-41c6-4987-a76d-a2b833eca3cb" />
    <UnitTestResult executionId="3245ee3f-3b95-43f6-86e4-9d69f1175788" testId="c85a2307-5bb8-4a2f-bb67-e51a56bfd7a1" testName="Test8435" computerName="UA-LPT-OGA2" duration="00:00:01.6650000" startTime="2025-05-14T13:20:31.3146610Z" endTime="2025-05-14T13:25:31.3147553Z" testType="13cdc9d9-ddb5-4fa4-a97d-d965ccfc6d4b" outcome="Failed" testListId="ed89220b-41c6-4987-a76d-a2b833eca3cb">
      <Output>
        <ErrorInfo>
          <Message>Assertion failed: Expected value did not match actual value.</Message>
          <StackTrace>   at TestNamespace.TestClass.Test() in TestClass.cs:line 59</StackTrace>
        </ErrorInfo>
      </Output>
    </UnitTestResult>
    <UnitTestResult executionId="d93d275d-098d-47ab-a3a4-b9296680e1d6" testId="93758a35-dfd8-43f0-83d4-3edd0ca7da89" testName="Test8436" computerName="UA-LPT-OGA2" duration="00:00:00.1090000" startTime="2025-05-14T13:20:31.3146610Z" endTime="2025-05-14T13:25:31.3147553Z" testType="13cdc9d9-ddb5-4fa4-a97d-d965ccfc6d4b" outcome="Passed" testListId="ed89220b-41c6-4987-a76d-a2b833eca3cb" />
    <UnitTestResult executionId="96b26368-04c3-47cc-a18f-6b29e9018120" testId="bdc47240-3b42-4c7e-abf6-22e6b998993a" testName="Test8437" computerName="UA-LPT-OGA2" duration="00:00:00.8760000" startTime="2025-05-14T13:20:31.3146610Z" endTime="2025-05-14T13:25:31.3147553Z" testType="13cdc9d9-ddb5-4fa4-a97d-d965ccfc6d4b" outcome="Passed" testListId="ed89220b-41c6-4987-a76d-a2b833eca3cb" />
    <UnitTestResult executionId="23cb06da-a60f-485a-93de-71c7ee965875" testId="4e71fa2c-b3ab-4c38-9a73-5fb14e42fa5a" testName="Test8438" computerName="UA-LPT-OGA2" duration="00:00:00.1650000" startTime="2025-05-14T13:20:31.3146610Z" endTime="2025-05-14T13:25:31.3147553Z" testType="13cdc9d9-ddb5-4fa4-a97d-d965ccfc6d4b" outcome="Passed" testListId="ed89220b-41c6-4987-a76d-a2b833eca3cb" />
    <UnitTestResult executionId="39703dfe-a614-4b71-b1cf-1b48946a80e6" testId="f0598355-12d9-40b8-be96-d8964048d749" testName="Test8439" computerName="UA-LPT-OGA2" duration="00:00:01.3110000" startTime="2025-05-14T13:20:31.3146610Z" endTime="2025-05-14T13:25:31.3147553Z" testType="13cdc9d9-ddb5-4fa4-a97d-d965ccfc6d4b" outcome="Failed" testListId="ed89220b-41c6-4987-a76d-a2b833eca3cb">
      <Output>
        <ErrorInfo>
          <Message>Assertion failed: Expected value did not match actual value.</Message>
          <StackTrace>   at TestNamespace.TestClass.Test() in TestClass.cs:line 108</StackTrace>
        </ErrorInfo>
      </Output>
    </UnitTestResult>
    <UnitTestResult executionId="084b0ae4-8610-45dd-b9ce-7570dbf4e3d3" testId="919a76c7-fe1e-4a65-abce-0f14637b3489" testName="Test8440" computerName="UA-LPT-OGA2" duration="00:00:01.0910000" startTime="2025-05-14T13:20:31.3146610Z" endTime="2025-05-14T13:25:31.3147553Z" testType="13cdc9d9-ddb5-4fa4-a97d-d965ccfc6d4b" outcome="Failed" testListId="ed89220b-41c6-4987-a76d-a2b833eca3cb">
      <Output>
        <ErrorInfo>
          <Message>Assertion failed: Expected value did not match actual value.</Message>
          <StackTrace>   at TestNamespace.TestClass.Test() in TestClass.cs:line 69</StackTrace>
        </ErrorInfo>
      </Output>
    </UnitTestResult>
    <UnitTestResult executionId="2ec3dd96-6eb2-4de7-9bd7-b52048482ac3" testId="02581eaa-c2c1-4361-be3a-bb4e1ecb9c30" testName="Test8441" computerName="UA-LPT-OGA2" duration="00:00:00.4230000" startTime="2025-05-14T13:20:31.3146610Z" endTime="2025-05-14T13:25:31.3147553Z" testType="13cdc9d9-ddb5-4fa4-a97d-d965ccfc6d4b" outcome="Passed" testListId="ed89220b-41c6-4987-a76d-a2b833eca3cb" />
    <UnitTestResult executionId="6d6ce4ec-1131-47d6-b44f-61d3a9ffe38a" testId="b276b7ad-307f-4ccd-bc45-8f7429932337" testName="Test8442" computerName="UA-LPT-OGA2" duration="00:00:01.7930000" startTime="2025-05-14T13:20:31.3146610Z" endTime="2025-05-14T13:25:31.3147553Z" testType="13cdc9d9-ddb5-4fa4-a97d-d965ccfc6d4b" outcome="Passed" testListId="ed89220b-41c6-4987-a76d-a2b833eca3cb" />
    <UnitTestResult executionId="85498c90-c795-47f5-abb5-1165bf87b1dc" testId="b2555d86-00cd-412a-9da9-8bac5f0c101a" testName="Test8443" computerName="UA-LPT-OGA2" duration="00:00:00.2740000" startTime="2025-05-14T13:20:31.3146610Z" endTime="2025-05-14T13:25:31.3147553Z" testType="13cdc9d9-ddb5-4fa4-a97d-d965ccfc6d4b" outcome="Passed" testListId="ed89220b-41c6-4987-a76d-a2b833eca3cb" />
    <UnitTestResult executionId="6615f286-95e1-403f-b503-1fdf1c860a73" testId="f4c9f12d-67e7-4fe6-b9aa-ffba4e565862" testName="Test8444" computerName="UA-LPT-OGA2" duration="00:00:00.0320000" startTime="2025-05-14T13:20:31.3146610Z" endTime="2025-05-14T13:25:31.3147553Z" testType="13cdc9d9-ddb5-4fa4-a97d-d965ccfc6d4b" outcome="Passed" testListId="ed89220b-41c6-4987-a76d-a2b833eca3cb" />
    <UnitTestResult executionId="981d5ec3-9174-4bc2-8f7d-3ce225ec58fa" testId="49f82e90-669f-43b4-ba59-961138a53fcb" testName="Test8445" computerName="UA-LPT-OGA2" duration="00:00:01.2260000" startTime="2025-05-14T13:20:31.3146610Z" endTime="2025-05-14T13:25:31.3147553Z" testType="13cdc9d9-ddb5-4fa4-a97d-d965ccfc6d4b" outcome="Passed" testListId="ed89220b-41c6-4987-a76d-a2b833eca3cb" />
    <UnitTestResult executionId="cd62acc6-32f7-4ca0-bc17-414825d4c42d" testId="8ab3206f-dc41-4573-a64c-661eb5370170" testName="Test8446" computerName="UA-LPT-OGA2" duration="00:00:01.0240000" startTime="2025-05-14T13:20:31.3146610Z" endTime="2025-05-14T13:25:31.3147553Z" testType="13cdc9d9-ddb5-4fa4-a97d-d965ccfc6d4b" outcome="Passed" testListId="ed89220b-41c6-4987-a76d-a2b833eca3cb" />
    <UnitTestResult executionId="73777cf3-23fe-4759-b3a0-fc9c63ba885d" testId="9a353fa1-194c-444c-b6ad-ffe17a5e3df7" testName="Test8447" computerName="UA-LPT-OGA2" duration="00:00:01.7550000" startTime="2025-05-14T13:20:31.3146610Z" endTime="2025-05-14T13:25:31.3147553Z" testType="13cdc9d9-ddb5-4fa4-a97d-d965ccfc6d4b" outcome="Passed" testListId="ed89220b-41c6-4987-a76d-a2b833eca3cb" />
    <UnitTestResult executionId="c48e8fcd-eb35-4c85-872f-1ee3978a67de" testId="41291e25-dfc9-4445-982d-a232c62aad62" testName="Test8448" computerName="UA-LPT-OGA2" duration="00:00:01.8130000" startTime="2025-05-14T13:20:31.3146610Z" endTime="2025-05-14T13:25:31.3147553Z" testType="13cdc9d9-ddb5-4fa4-a97d-d965ccfc6d4b" outcome="Passed" testListId="ed89220b-41c6-4987-a76d-a2b833eca3cb" />
    <UnitTestResult executionId="d0a1e09b-665f-4716-b02d-5e6aa94af5a5" testId="f86d2477-3687-44bf-a569-fd36cfed2caf" testName="Test8449" computerName="UA-LPT-OGA2" duration="00:00:01.8560000" startTime="2025-05-14T13:20:31.3146610Z" endTime="2025-05-14T13:25:31.3147553Z" testType="13cdc9d9-ddb5-4fa4-a97d-d965ccfc6d4b" outcome="Failed" testListId="ed89220b-41c6-4987-a76d-a2b833eca3cb">
      <Output>
        <ErrorInfo>
          <Message>Assertion failed: Expected value did not match actual value.</Message>
          <StackTrace>   at TestNamespace.TestClass.Test() in TestClass.cs:line 446</StackTrace>
        </ErrorInfo>
      </Output>
    </UnitTestResult>
    <UnitTestResult executionId="b97ec046-f4b2-4914-b9d4-e4b2bbcdbedb" testId="1af17d6c-9fc4-4d15-9528-773bb5d4d099" testName="Test8450" computerName="UA-LPT-OGA2" duration="00:00:00.1630000" startTime="2025-05-14T13:20:31.3146610Z" endTime="2025-05-14T13:25:31.3147553Z" testType="13cdc9d9-ddb5-4fa4-a97d-d965ccfc6d4b" outcome="Passed" testListId="ed89220b-41c6-4987-a76d-a2b833eca3cb" />
    <UnitTestResult executionId="2d4f4248-7f97-481a-a181-55a4eb023f93" testId="e52d0abf-3eea-45a3-a8ca-3b5803a3c1ff" testName="Test8451" computerName="UA-LPT-OGA2" duration="00:00:00.3000000" startTime="2025-05-14T13:20:31.3146610Z" endTime="2025-05-14T13:25:31.3147553Z" testType="13cdc9d9-ddb5-4fa4-a97d-d965ccfc6d4b" outcome="Passed" testListId="ed89220b-41c6-4987-a76d-a2b833eca3cb" />
    <UnitTestResult executionId="c33c651f-7af1-4295-9075-90fcee5b2b1d" testId="16ebce58-8651-4ee5-8429-41e329e9f0a6" testName="Test8452" computerName="UA-LPT-OGA2" duration="00:00:00.4100000" startTime="2025-05-14T13:20:31.3146610Z" endTime="2025-05-14T13:25:31.3147553Z" testType="13cdc9d9-ddb5-4fa4-a97d-d965ccfc6d4b" outcome="Passed" testListId="ed89220b-41c6-4987-a76d-a2b833eca3cb" />
    <UnitTestResult executionId="d1c0486b-83d5-41d2-852d-3101647de39e" testId="ff1f8287-5ce0-4a88-8fac-7f1ef993f0f7" testName="Test8453" computerName="UA-LPT-OGA2" duration="00:00:00.1610000" startTime="2025-05-14T13:20:31.3146610Z" endTime="2025-05-14T13:25:31.3147553Z" testType="13cdc9d9-ddb5-4fa4-a97d-d965ccfc6d4b" outcome="Passed" testListId="ed89220b-41c6-4987-a76d-a2b833eca3cb" />
    <UnitTestResult executionId="2ced62f2-6a68-45d5-8930-db731def63d3" testId="df322223-96ad-4f44-8a0a-1c54eee4f75a" testName="Test8454" computerName="UA-LPT-OGA2" duration="00:00:00.7870000" startTime="2025-05-14T13:20:31.3146610Z" endTime="2025-05-14T13:25:31.3147553Z" testType="13cdc9d9-ddb5-4fa4-a97d-d965ccfc6d4b" outcome="Passed" testListId="ed89220b-41c6-4987-a76d-a2b833eca3cb" />
    <UnitTestResult executionId="101588b8-51bd-4177-8648-20f0d9758e89" testId="b9b21c21-2964-4281-8e55-76c48299e0df" testName="Test8455" computerName="UA-LPT-OGA2" duration="00:00:00.1190000" startTime="2025-05-14T13:20:31.3146610Z" endTime="2025-05-14T13:25:31.3147553Z" testType="13cdc9d9-ddb5-4fa4-a97d-d965ccfc6d4b" outcome="Passed" testListId="ed89220b-41c6-4987-a76d-a2b833eca3cb" />
    <UnitTestResult executionId="526b53ef-bb13-4227-816d-2c03a0c3fcc4" testId="36bd04ca-0436-4081-b9f2-09aa44a2bae2" testName="Test8456" computerName="UA-LPT-OGA2" duration="00:00:01.5060000" startTime="2025-05-14T13:20:31.3146610Z" endTime="2025-05-14T13:25:31.3147553Z" testType="13cdc9d9-ddb5-4fa4-a97d-d965ccfc6d4b" outcome="Passed" testListId="ed89220b-41c6-4987-a76d-a2b833eca3cb" />
    <UnitTestResult executionId="6f39ed14-ed63-4981-963e-9551f2c45ab5" testId="49d9e5f8-1499-4d8e-be84-435de175b543" testName="Test8457" computerName="UA-LPT-OGA2" duration="00:00:01.9330000" startTime="2025-05-14T13:20:31.3146610Z" endTime="2025-05-14T13:25:31.3147553Z" testType="13cdc9d9-ddb5-4fa4-a97d-d965ccfc6d4b" outcome="Passed" testListId="ed89220b-41c6-4987-a76d-a2b833eca3cb" />
    <UnitTestResult executionId="331633c8-8b22-464a-9016-f784dd99a6e0" testId="3f3cfb05-5e46-4532-ae81-b8bbd3088d20" testName="Test8458" computerName="UA-LPT-OGA2" duration="00:00:00.8480000" startTime="2025-05-14T13:20:31.3146610Z" endTime="2025-05-14T13:25:31.3147553Z" testType="13cdc9d9-ddb5-4fa4-a97d-d965ccfc6d4b" outcome="Passed" testListId="ed89220b-41c6-4987-a76d-a2b833eca3cb" />
    <UnitTestResult executionId="365eecae-21e6-4e50-be99-7a89055ef37d" testId="6f2d1888-e0c9-45b7-94e3-f1cb7b246166" testName="Test8459" computerName="UA-LPT-OGA2" duration="00:00:00.1200000" startTime="2025-05-14T13:20:31.3146610Z" endTime="2025-05-14T13:25:31.3147553Z" testType="13cdc9d9-ddb5-4fa4-a97d-d965ccfc6d4b" outcome="Passed" testListId="ed89220b-41c6-4987-a76d-a2b833eca3cb" />
    <UnitTestResult executionId="587c35a9-bc5f-40e0-90af-608127fd0c9d" testId="061dab2a-c6ed-4936-8cb1-fcd932d500b7" testName="Test8460" computerName="UA-LPT-OGA2" duration="00:00:01.3760000" startTime="2025-05-14T13:20:31.3146610Z" endTime="2025-05-14T13:25:31.3147553Z" testType="13cdc9d9-ddb5-4fa4-a97d-d965ccfc6d4b" outcome="Passed" testListId="ed89220b-41c6-4987-a76d-a2b833eca3cb" />
    <UnitTestResult executionId="5e4c6fb1-e6ff-4ac5-8b61-72dc4e22dcea" testId="70ddd290-6ca6-4b50-a0e5-c342019418fa" testName="Test8461" computerName="UA-LPT-OGA2" duration="00:00:00.8960000" startTime="2025-05-14T13:20:31.3146610Z" endTime="2025-05-14T13:25:31.3147553Z" testType="13cdc9d9-ddb5-4fa4-a97d-d965ccfc6d4b" outcome="Passed" testListId="ed89220b-41c6-4987-a76d-a2b833eca3cb" />
    <UnitTestResult executionId="ec4ee701-d7ad-497d-8dec-8857ba022c4a" testId="5bf5aad2-855c-4be3-9a21-b9dbfa26e224" testName="Test8462" computerName="UA-LPT-OGA2" duration="00:00:01.8260000" startTime="2025-05-14T13:20:31.3146610Z" endTime="2025-05-14T13:25:31.3147553Z" testType="13cdc9d9-ddb5-4fa4-a97d-d965ccfc6d4b" outcome="Passed" testListId="ed89220b-41c6-4987-a76d-a2b833eca3cb" />
    <UnitTestResult executionId="a930be6e-2af8-4667-b2f4-1bdd608e003e" testId="ad6039a7-df74-44e6-9345-8ebfa0f0577b" testName="Test8463" computerName="UA-LPT-OGA2" duration="00:00:01.7070000" startTime="2025-05-14T13:20:31.3146610Z" endTime="2025-05-14T13:25:31.3147553Z" testType="13cdc9d9-ddb5-4fa4-a97d-d965ccfc6d4b" outcome="Failed" testListId="ed89220b-41c6-4987-a76d-a2b833eca3cb">
      <Output>
        <ErrorInfo>
          <Message>Assertion failed: Expected value did not match actual value.</Message>
          <StackTrace>   at TestNamespace.TestClass.Test() in TestClass.cs:line 100</StackTrace>
        </ErrorInfo>
      </Output>
    </UnitTestResult>
    <UnitTestResult executionId="f760ed40-9c60-49fc-8422-6b686679763c" testId="df475e57-a1b2-4471-8209-b77e6d3009d6" testName="Test8464" computerName="UA-LPT-OGA2" duration="00:00:01.6790000" startTime="2025-05-14T13:20:31.3146610Z" endTime="2025-05-14T13:25:31.3147553Z" testType="13cdc9d9-ddb5-4fa4-a97d-d965ccfc6d4b" outcome="Inconclusive" testListId="ed89220b-41c6-4987-a76d-a2b833eca3cb" />
    <UnitTestResult executionId="f1392007-f741-4058-9f68-e04df3781f4a" testId="62c9bee5-5222-49e1-a3ad-6ec7493414d5" testName="Test8465" computerName="UA-LPT-OGA2" duration="00:00:00.0390000" startTime="2025-05-14T13:20:31.3146610Z" endTime="2025-05-14T13:25:31.3147553Z" testType="13cdc9d9-ddb5-4fa4-a97d-d965ccfc6d4b" outcome="Passed" testListId="ed89220b-41c6-4987-a76d-a2b833eca3cb" />
    <UnitTestResult executionId="2a1c76c9-cff9-4eca-8493-f4d725d7d773" testId="deedaf74-7496-4864-b94e-ef8263721cc6" testName="Test8466" computerName="UA-LPT-OGA2" duration="00:00:00.4610000" startTime="2025-05-14T13:20:31.3146610Z" endTime="2025-05-14T13:25:31.3147553Z" testType="13cdc9d9-ddb5-4fa4-a97d-d965ccfc6d4b" outcome="Passed" testListId="ed89220b-41c6-4987-a76d-a2b833eca3cb" />
    <UnitTestResult executionId="ddec4fbc-6050-45d2-a292-18b3e648bb2a" testId="401adb6d-26a6-44bd-af90-57a38109c4e6" testName="Test8467" computerName="UA-LPT-OGA2" duration="00:00:01.8480000" startTime="2025-05-14T13:20:31.3146610Z" endTime="2025-05-14T13:25:31.3147553Z" testType="13cdc9d9-ddb5-4fa4-a97d-d965ccfc6d4b" outcome="Passed" testListId="ed89220b-41c6-4987-a76d-a2b833eca3cb" />
    <UnitTestResult executionId="2b19ad79-15c9-44fa-bbc7-67313dd89d1f" testId="ce19bcc6-4da0-40b8-9eb8-d020ea1a1393" testName="Test8468" computerName="UA-LPT-OGA2" duration="00:00:00.5000000" startTime="2025-05-14T13:20:31.3146610Z" endTime="2025-05-14T13:25:31.3147553Z" testType="13cdc9d9-ddb5-4fa4-a97d-d965ccfc6d4b" outcome="Passed" testListId="ed89220b-41c6-4987-a76d-a2b833eca3cb" />
    <UnitTestResult executionId="92cf0741-bfac-4ffa-8501-dfb65cfd655f" testId="1ed9e654-1e32-4ab3-ab13-017470aa0474" testName="Test8469" computerName="UA-LPT-OGA2" duration="00:00:01.5880000" startTime="2025-05-14T13:20:31.3146610Z" endTime="2025-05-14T13:25:31.3147553Z" testType="13cdc9d9-ddb5-4fa4-a97d-d965ccfc6d4b" outcome="Passed" testListId="ed89220b-41c6-4987-a76d-a2b833eca3cb" />
    <UnitTestResult executionId="79f7d6e4-1c99-4e51-a8f3-60c295a05136" testId="d152e503-0b34-41ce-b857-787a3b7584ac" testName="Test8470" computerName="UA-LPT-OGA2" duration="00:00:01.1660000" startTime="2025-05-14T13:20:31.3146610Z" endTime="2025-05-14T13:25:31.3147553Z" testType="13cdc9d9-ddb5-4fa4-a97d-d965ccfc6d4b" outcome="Passed" testListId="ed89220b-41c6-4987-a76d-a2b833eca3cb" />
    <UnitTestResult executionId="3e8eb5da-1502-48a1-95af-8a63d66c511c" testId="996a07b9-004c-4790-9dd8-58f7690b2e9f" testName="Test8471" computerName="UA-LPT-OGA2" duration="00:00:00.2100000" startTime="2025-05-14T13:20:31.3146610Z" endTime="2025-05-14T13:25:31.3147553Z" testType="13cdc9d9-ddb5-4fa4-a97d-d965ccfc6d4b" outcome="Passed" testListId="ed89220b-41c6-4987-a76d-a2b833eca3cb" />
    <UnitTestResult executionId="87c23510-d881-4ef9-a616-1ffa0367cb4f" testId="d9df224c-aca9-4dae-9f02-9bb0a9fe5d1a" testName="Test8472" computerName="UA-LPT-OGA2" duration="00:00:00.9980000" startTime="2025-05-14T13:20:31.3146610Z" endTime="2025-05-14T13:25:31.3147553Z" testType="13cdc9d9-ddb5-4fa4-a97d-d965ccfc6d4b" outcome="Passed" testListId="ed89220b-41c6-4987-a76d-a2b833eca3cb" />
    <UnitTestResult executionId="f3574182-84d7-487f-95e7-6f296368b8e6" testId="10c99cd2-74ed-42ef-bab6-daae8b3debde" testName="Test8473" computerName="UA-LPT-OGA2" duration="00:00:00.0390000" startTime="2025-05-14T13:20:31.3146610Z" endTime="2025-05-14T13:25:31.3147553Z" testType="13cdc9d9-ddb5-4fa4-a97d-d965ccfc6d4b" outcome="Passed" testListId="ed89220b-41c6-4987-a76d-a2b833eca3cb" />
    <UnitTestResult executionId="d38891d4-1b50-4481-be7d-4be34eb09856" testId="9da78798-6a35-438a-8542-34b0e96bf5a6" testName="Test8474" computerName="UA-LPT-OGA2" duration="00:00:00.8030000" startTime="2025-05-14T13:20:31.3146610Z" endTime="2025-05-14T13:25:31.3147553Z" testType="13cdc9d9-ddb5-4fa4-a97d-d965ccfc6d4b" outcome="Passed" testListId="ed89220b-41c6-4987-a76d-a2b833eca3cb" />
    <UnitTestResult executionId="28d1b011-5195-4f95-b881-ae7b570a1489" testId="4793d0e6-c0a8-40d6-bd87-bcf9a5f9505f" testName="Test8475" computerName="UA-LPT-OGA2" duration="00:00:00.7950000" startTime="2025-05-14T13:20:31.3146610Z" endTime="2025-05-14T13:25:31.3147553Z" testType="13cdc9d9-ddb5-4fa4-a97d-d965ccfc6d4b" outcome="Passed" testListId="ed89220b-41c6-4987-a76d-a2b833eca3cb" />
    <UnitTestResult executionId="af66ba8f-29cb-4107-bf6c-223d92de4238" testId="f174909b-7731-4564-a5b5-3b3318fbc10a" testName="Test8476" computerName="UA-LPT-OGA2" duration="00:00:00.9080000" startTime="2025-05-14T13:20:31.3146610Z" endTime="2025-05-14T13:25:31.3147553Z" testType="13cdc9d9-ddb5-4fa4-a97d-d965ccfc6d4b" outcome="Passed" testListId="ed89220b-41c6-4987-a76d-a2b833eca3cb" />
    <UnitTestResult executionId="988c3b61-645a-40ca-ba0f-d5773b05b337" testId="3ec25e8e-2d8d-470b-abc6-5365db37a141" testName="Test8477" computerName="UA-LPT-OGA2" duration="00:00:01.6490000" startTime="2025-05-14T13:20:31.3146610Z" endTime="2025-05-14T13:25:31.3147553Z" testType="13cdc9d9-ddb5-4fa4-a97d-d965ccfc6d4b" outcome="Passed" testListId="ed89220b-41c6-4987-a76d-a2b833eca3cb" />
    <UnitTestResult executionId="360b7315-1709-4a7c-8b2b-0f6588384267" testId="f35b3766-ecac-40f0-b750-a9e4523d20ea" testName="Test8478" computerName="UA-LPT-OGA2" duration="00:00:01.2930000" startTime="2025-05-14T13:20:31.3146610Z" endTime="2025-05-14T13:25:31.3147553Z" testType="13cdc9d9-ddb5-4fa4-a97d-d965ccfc6d4b" outcome="Passed" testListId="ed89220b-41c6-4987-a76d-a2b833eca3cb" />
    <UnitTestResult executionId="34f2613e-fd93-4047-a4d6-673a0a759beb" testId="45a589a5-3fd7-4b17-8699-e44984864625" testName="Test8479" computerName="UA-LPT-OGA2" duration="00:00:01.3930000" startTime="2025-05-14T13:20:31.3146610Z" endTime="2025-05-14T13:25:31.3147553Z" testType="13cdc9d9-ddb5-4fa4-a97d-d965ccfc6d4b" outcome="Failed" testListId="ed89220b-41c6-4987-a76d-a2b833eca3cb">
      <Output>
        <ErrorInfo>
          <Message>Assertion failed: Expected value did not match actual value.</Message>
          <StackTrace>   at TestNamespace.TestClass.Test() in TestClass.cs:line 87</StackTrace>
        </ErrorInfo>
      </Output>
    </UnitTestResult>
    <UnitTestResult executionId="2e329238-f24a-4d8c-9695-ed292f6f21ee" testId="7aa0e50e-2570-4dca-990d-fe6e44b9ad64" testName="Test8480" computerName="UA-LPT-OGA2" duration="00:00:01.2180000" startTime="2025-05-14T13:20:31.3146610Z" endTime="2025-05-14T13:25:31.3147553Z" testType="13cdc9d9-ddb5-4fa4-a97d-d965ccfc6d4b" outcome="Inconclusive" testListId="ed89220b-41c6-4987-a76d-a2b833eca3cb" />
    <UnitTestResult executionId="ffb9890d-b540-4cff-b6aa-95ab8515919a" testId="c389c716-df9b-4f98-be83-f9264d500339" testName="Test8481" computerName="UA-LPT-OGA2" duration="00:00:01.1830000" startTime="2025-05-14T13:20:31.3146610Z" endTime="2025-05-14T13:25:31.3147553Z" testType="13cdc9d9-ddb5-4fa4-a97d-d965ccfc6d4b" outcome="Passed" testListId="ed89220b-41c6-4987-a76d-a2b833eca3cb" />
    <UnitTestResult executionId="113d9190-44bf-4220-aa42-6a112da166c6" testId="93e36084-94cb-4db2-87d7-d56c7fa6e849" testName="Test8482" computerName="UA-LPT-OGA2" duration="00:00:00.5560000" startTime="2025-05-14T13:20:31.3146610Z" endTime="2025-05-14T13:25:31.3147553Z" testType="13cdc9d9-ddb5-4fa4-a97d-d965ccfc6d4b" outcome="Passed" testListId="ed89220b-41c6-4987-a76d-a2b833eca3cb" />
    <UnitTestResult executionId="45fb55ef-749c-409e-8ff7-7c0d46e9e6a4" testId="0e622b51-88b4-4181-bdae-323a57830a55" testName="Test8483" computerName="UA-LPT-OGA2" duration="00:00:00.8670000" startTime="2025-05-14T13:20:31.3146610Z" endTime="2025-05-14T13:25:31.3147553Z" testType="13cdc9d9-ddb5-4fa4-a97d-d965ccfc6d4b" outcome="Passed" testListId="ed89220b-41c6-4987-a76d-a2b833eca3cb" />
    <UnitTestResult executionId="3a377153-2695-4882-a46b-06ad674ede33" testId="4a012651-d778-4a85-a009-18d81fc7bcbb" testName="Test8484" computerName="UA-LPT-OGA2" duration="00:00:01.6370000" startTime="2025-05-14T13:20:31.3146610Z" endTime="2025-05-14T13:25:31.3147553Z" testType="13cdc9d9-ddb5-4fa4-a97d-d965ccfc6d4b" outcome="Passed" testListId="ed89220b-41c6-4987-a76d-a2b833eca3cb" />
    <UnitTestResult executionId="4dd3b1fb-45ac-40d0-b1ca-f33e855cf9cd" testId="08d34db1-cb6c-4cdd-878b-d688ff99402f" testName="Test8485" computerName="UA-LPT-OGA2" duration="00:00:00.3990000" startTime="2025-05-14T13:20:31.3146610Z" endTime="2025-05-14T13:25:31.3147553Z" testType="13cdc9d9-ddb5-4fa4-a97d-d965ccfc6d4b" outcome="Passed" testListId="ed89220b-41c6-4987-a76d-a2b833eca3cb" />
    <UnitTestResult executionId="d19a2c16-17dc-4a7d-9e38-b2e9c2493cd1" testId="80f44a75-3aea-4f90-8b40-d9c6fa1b7999" testName="Test8486" computerName="UA-LPT-OGA2" duration="00:00:00.3140000" startTime="2025-05-14T13:20:31.3146610Z" endTime="2025-05-14T13:25:31.3147553Z" testType="13cdc9d9-ddb5-4fa4-a97d-d965ccfc6d4b" outcome="Passed" testListId="ed89220b-41c6-4987-a76d-a2b833eca3cb" />
    <UnitTestResult executionId="6a2fae3c-dd22-440e-9ddc-41da3d6d67fe" testId="f53e1fee-f1cd-4c73-910c-ea4a4a8ce33b" testName="Test8487" computerName="UA-LPT-OGA2" duration="00:00:00.9620000" startTime="2025-05-14T13:20:31.3146610Z" endTime="2025-05-14T13:25:31.3147553Z" testType="13cdc9d9-ddb5-4fa4-a97d-d965ccfc6d4b" outcome="Passed" testListId="ed89220b-41c6-4987-a76d-a2b833eca3cb" />
    <UnitTestResult executionId="2767786d-398c-4cf3-8e29-a9923248eb6f" testId="08a25e8c-3381-45ac-988d-11223704b985" testName="Test8488" computerName="UA-LPT-OGA2" duration="00:00:01.6960000" startTime="2025-05-14T13:20:31.3146610Z" endTime="2025-05-14T13:25:31.3147553Z" testType="13cdc9d9-ddb5-4fa4-a97d-d965ccfc6d4b" outcome="Passed" testListId="ed89220b-41c6-4987-a76d-a2b833eca3cb" />
    <UnitTestResult executionId="4c827726-da47-4272-897e-22e2de97fea6" testId="33831c18-420e-4ade-a1b0-4b111b3e22ad" testName="Test8489" computerName="UA-LPT-OGA2" duration="00:00:01.2280000" startTime="2025-05-14T13:20:31.3146610Z" endTime="2025-05-14T13:25:31.3147553Z" testType="13cdc9d9-ddb5-4fa4-a97d-d965ccfc6d4b" outcome="Passed" testListId="ed89220b-41c6-4987-a76d-a2b833eca3cb" />
    <UnitTestResult executionId="04ffa056-4534-42d8-b022-2354b202c619" testId="fa1f81fc-94fa-4393-9761-8fcd7cae296d" testName="Test8490" computerName="UA-LPT-OGA2" duration="00:00:00.3400000" startTime="2025-05-14T13:20:31.3146610Z" endTime="2025-05-14T13:25:31.3147553Z" testType="13cdc9d9-ddb5-4fa4-a97d-d965ccfc6d4b" outcome="Failed" testListId="ed89220b-41c6-4987-a76d-a2b833eca3cb">
      <Output>
        <ErrorInfo>
          <Message>Assertion failed: Expected value did not match actual value.</Message>
          <StackTrace>   at TestNamespace.TestClass.Test() in TestClass.cs:line 187</StackTrace>
        </ErrorInfo>
      </Output>
    </UnitTestResult>
    <UnitTestResult executionId="010a5ed9-853e-4c05-9509-95d3488d3483" testId="0ed611b5-57e6-4e81-bbdf-12c19375f816" testName="Test8491" computerName="UA-LPT-OGA2" duration="00:00:00.0670000" startTime="2025-05-14T13:20:31.3146610Z" endTime="2025-05-14T13:25:31.3147553Z" testType="13cdc9d9-ddb5-4fa4-a97d-d965ccfc6d4b" outcome="Passed" testListId="ed89220b-41c6-4987-a76d-a2b833eca3cb" />
    <UnitTestResult executionId="b434c615-6999-4bff-887a-d04fdb774e3e" testId="09d32b5e-90e1-4a97-97fa-419af28a51d7" testName="Test8492" computerName="UA-LPT-OGA2" duration="00:00:01.5900000" startTime="2025-05-14T13:20:31.3146610Z" endTime="2025-05-14T13:25:31.3147553Z" testType="13cdc9d9-ddb5-4fa4-a97d-d965ccfc6d4b" outcome="Passed" testListId="ed89220b-41c6-4987-a76d-a2b833eca3cb" />
    <UnitTestResult executionId="fdb389e3-a637-4b77-aaa6-1720b3a68f4a" testId="efb4c221-4892-470d-b379-144323005837" testName="Test8493" computerName="UA-LPT-OGA2" duration="00:00:00.4120000" startTime="2025-05-14T13:20:31.3146610Z" endTime="2025-05-14T13:25:31.3147553Z" testType="13cdc9d9-ddb5-4fa4-a97d-d965ccfc6d4b" outcome="Passed" testListId="ed89220b-41c6-4987-a76d-a2b833eca3cb" />
    <UnitTestResult executionId="c4b35467-d2eb-49bb-a9b3-0a0cc2336d0c" testId="b13193eb-81c5-45ac-adc7-1a6771c39593" testName="Test8494" computerName="UA-LPT-OGA2" duration="00:00:01.3260000" startTime="2025-05-14T13:20:31.3146610Z" endTime="2025-05-14T13:25:31.3147553Z" testType="13cdc9d9-ddb5-4fa4-a97d-d965ccfc6d4b" outcome="Passed" testListId="ed89220b-41c6-4987-a76d-a2b833eca3cb" />
    <UnitTestResult executionId="c72eef71-66fe-455d-861e-ea87ed944ffd" testId="287284b8-5dd9-4ad9-b9f8-27334c325c46" testName="Test8495" computerName="UA-LPT-OGA2" duration="00:00:00.7010000" startTime="2025-05-14T13:20:31.3146610Z" endTime="2025-05-14T13:25:31.3147553Z" testType="13cdc9d9-ddb5-4fa4-a97d-d965ccfc6d4b" outcome="Passed" testListId="ed89220b-41c6-4987-a76d-a2b833eca3cb" />
    <UnitTestResult executionId="0810c67b-d7d1-431f-bf7c-d1e51cdba69a" testId="158eeac2-c78f-439b-87e6-1a182758ec54" testName="Test8496" computerName="UA-LPT-OGA2" duration="00:00:01.8650000" startTime="2025-05-14T13:20:31.3146610Z" endTime="2025-05-14T13:25:31.3147553Z" testType="13cdc9d9-ddb5-4fa4-a97d-d965ccfc6d4b" outcome="Passed" testListId="ed89220b-41c6-4987-a76d-a2b833eca3cb" />
    <UnitTestResult executionId="c2741997-507a-4f94-8622-6fd11f3f24c4" testId="ddd7129a-3660-4ee9-9aae-a3eb4ee5830c" testName="Test8497" computerName="UA-LPT-OGA2" duration="00:00:00.1170000" startTime="2025-05-14T13:20:31.3146610Z" endTime="2025-05-14T13:25:31.3147553Z" testType="13cdc9d9-ddb5-4fa4-a97d-d965ccfc6d4b" outcome="Passed" testListId="ed89220b-41c6-4987-a76d-a2b833eca3cb" />
    <UnitTestResult executionId="8a52553a-da3a-4f3b-ab5a-8680da095151" testId="31baaa17-af54-4275-b976-9e6ee1528161" testName="Test8498" computerName="UA-LPT-OGA2" duration="00:00:01.9690000" startTime="2025-05-14T13:20:31.3146610Z" endTime="2025-05-14T13:25:31.3147553Z" testType="13cdc9d9-ddb5-4fa4-a97d-d965ccfc6d4b" outcome="Passed" testListId="ed89220b-41c6-4987-a76d-a2b833eca3cb" />
    <UnitTestResult executionId="87ef3152-02a7-40c4-a728-bdaf1939eb32" testId="6fc469a6-6494-4e1e-b70e-325e488913e2" testName="Test8499" computerName="UA-LPT-OGA2" duration="00:00:00.3990000" startTime="2025-05-14T13:20:31.3146610Z" endTime="2025-05-14T13:25:31.3147553Z" testType="13cdc9d9-ddb5-4fa4-a97d-d965ccfc6d4b" outcome="Passed" testListId="ed89220b-41c6-4987-a76d-a2b833eca3cb" />
    <UnitTestResult executionId="ca24ffa3-3a15-4db7-8e8c-b768edada6e2" testId="10971e19-e023-4d17-9126-5e00f993e2c3" testName="Test8500" computerName="UA-LPT-OGA2" duration="00:00:00.9780000" startTime="2025-05-14T13:20:31.3146610Z" endTime="2025-05-14T13:25:31.3147553Z" testType="13cdc9d9-ddb5-4fa4-a97d-d965ccfc6d4b" outcome="Passed" testListId="ed89220b-41c6-4987-a76d-a2b833eca3cb" />
  </Results>
  <TestDefinitions>
    <UnitTest name="Test8401" id="76904fc4-7a80-4fc4-b7ab-800ebdf78dea" storage="TestAssembly.dll">
      <Execution id="01f2da8c-1a67-488b-8cd6-581163401932" />
      <TestMethod codeBase="TestAssembly.dll" className="TestNamespace.TestClass1" name="Test8401" />
    </UnitTest>
    <UnitTest name="Test8402" id="5f3e957d-3fed-4b48-b4c5-2b4ff2ac0c66" storage="TestAssembly.dll">
      <Execution id="00a77eb1-3782-428c-92c5-d1b4127b00f4" />
      <TestMethod codeBase="TestAssembly.dll" className="TestNamespace.TestClass1" name="Test8402" />
    </UnitTest>
    <UnitTest name="Test8403" id="09c18007-ddaa-4002-b904-f5d3c21b2c87" storage="TestAssembly.dll">
      <Execution id="dbe547e7-e53f-48f1-841e-ec6b5d1b379d" />
      <TestMethod codeBase="TestAssembly.dll" className="TestNamespace.TestClass1" name="Test8403" />
    </UnitTest>
    <UnitTest name="Test8404" id="3dd76b63-243f-4231-b4d3-e231b389f4b7" storage="TestAssembly.dll">
      <Execution id="bbd1ba25-ae23-43f3-80cd-4e48fe1a774e" />
      <TestMethod codeBase="TestAssembly.dll" className="TestNamespace.TestClass1" name="Test8404" />
    </UnitTest>
    <UnitTest name="Test8405" id="2c45a6f1-240f-451f-a31a-51ecc488a839" storage="TestAssembly.dll">
      <Execution id="17c1af1b-3662-4f94-9cc6-e04c80ee36f5" />
      <TestMethod codeBase="TestAssembly.dll" className="TestNamespace.TestClass1" name="Test8405" />
    </UnitTest>
    <UnitTest name="Test8406" id="b85c30f5-b5a4-41df-a0af-6e8d96bf65bb" storage="TestAssembly.dll">
      <Execution id="0bfddcf9-da0d-4f15-963f-cb005de20d9f" />
      <TestMethod codeBase="TestAssembly.dll" className="TestNamespace.TestClass1" name="Test8406" />
    </UnitTest>
    <UnitTest name="Test8407" id="67f9e158-e5ab-4ea1-8a6f-e15fe3ca0abf" storage="TestAssembly.dll">
      <Execution id="e5257608-15a2-421e-a108-bd373641e4ed" />
      <TestMethod codeBase="TestAssembly.dll" className="TestNamespace.TestClass1" name="Test8407" />
    </UnitTest>
    <UnitTest name="Test8408" id="760c331f-b306-41ee-81c0-d708d340aaff" storage="TestAssembly.dll">
      <Execution id="a8d9c5ab-3a97-454b-ae38-e9439686ae6a" />
      <TestMethod codeBase="TestAssembly.dll" className="TestNamespace.TestClass1" name="Test8408" />
    </UnitTest>
    <UnitTest name="Test8409" id="f19174c3-fc62-4ddf-80d5-bb6cfd380d8e" storage="TestAssembly.dll">
      <Execution id="32362a4a-5d0f-4d0d-8e3d-abe9e95503f1" />
      <TestMethod codeBase="TestAssembly.dll" className="TestNamespace.TestClass1" name="Test8409" />
    </UnitTest>
    <UnitTest name="Test8410" id="94faaf9e-0a1a-4d53-a97a-530df444bf87" storage="TestAssembly.dll">
      <Execution id="772f3213-af9c-4300-baa1-d73d751f9e02" />
      <TestMethod codeBase="TestAssembly.dll" className="TestNamespace.TestClass1" name="Test8410" />
    </UnitTest>
    <UnitTest name="Test8411" id="36718dca-840c-4f75-a0a3-366799b2131e" storage="TestAssembly.dll">
      <Execution id="54abd1c6-a119-43ab-a573-2e975a467e9c" />
      <TestMethod codeBase="TestAssembly.dll" className="TestNamespace.TestClass2" name="Test8411" />
    </UnitTest>
    <UnitTest name="Test8412" id="642ad956-fe70-491b-98d5-24ea5b4f165a" storage="TestAssembly.dll">
      <Execution id="f8969c40-768f-4376-8602-8da21c3e9c5b" />
      <TestMethod codeBase="TestAssembly.dll" className="TestNamespace.TestClass2" name="Test8412" />
    </UnitTest>
    <UnitTest name="Test8413" id="90d13905-6e72-403c-a2e5-50c2996dcefd" storage="TestAssembly.dll">
      <Execution id="ca8035a0-1ea5-40c4-af54-6e295f4aec69" />
      <TestMethod codeBase="TestAssembly.dll" className="TestNamespace.TestClass2" name="Test8413" />
    </UnitTest>
    <UnitTest name="Test8414" id="8deb36e0-529f-48c3-a347-c143714fe384" storage="TestAssembly.dll">
      <Execution id="3fad8b83-4074-4df1-9230-67a2eeb648b1" />
      <TestMethod codeBase="TestAssembly.dll" className="TestNamespace.TestClass2" name="Test8414" />
    </UnitTest>
    <UnitTest name="Test8415" id="ce6e58ba-2827-4da1-bdce-823663be5450" storage="TestAssembly.dll">
      <Execution id="68b49316-f060-477d-b198-665a37790d59" />
      <TestMethod codeBase="TestAssembly.dll" className="TestNamespace.TestClass2" name="Test8415" />
    </UnitTest>
    <UnitTest name="Test8416" id="12c782b8-8ef8-49f9-8b36-23632be4f9a4" storage="TestAssembly.dll">
      <Execution id="c9835bb4-c2ba-4819-94d9-7c0f0621e3cd" />
      <TestMethod codeBase="TestAssembly.dll" className="TestNamespace.TestClass2" name="Test8416" />
    </UnitTest>
    <UnitTest name="Test8417" id="54d73d14-dd4d-434d-9c95-0d66cef6e57d" storage="TestAssembly.dll">
      <Execution id="5009de36-6f90-4b64-aa98-d5e108f99170" />
      <TestMethod codeBase="TestAssembly.dll" className="TestNamespace.TestClass2" name="Test8417" />
    </UnitTest>
    <UnitTest name="Test8418" id="fef20402-88f1-4191-ac1d-0797ae6ea4c5" storage="TestAssembly.dll">
      <Execution id="2f13cdb0-75c2-4079-9655-8fe19f721ad5" />
      <TestMethod codeBase="TestAssembly.dll" className="TestNamespace.TestClass2" name="Test8418" />
    </UnitTest>
    <UnitTest name="Test8419" id="ca55f2ed-f8b2-4896-84be-68c9c472d958" storage="TestAssembly.dll">
      <Execution id="7ff1a5ca-3247-4102-88ff-5b131ac08961" />
      <TestMethod codeBase="TestAssembly.dll" className="TestNamespace.TestClass2" name="Test8419" />
    </UnitTest>
    <UnitTest name="Test8420" id="a90473d0-7737-46a0-8fb1-d514158ac687" storage="TestAssembly.dll">
      <Execution id="e119ade8-a05d-4da2-8bce-78abebe68c66" />
      <TestMethod codeBase="TestAssembly.dll" className="TestNamespace.TestClass2" name="Test8420" />
    </UnitTest>
    <UnitTest name="Test8421" id="78c60df9-206d-4aaa-8de6-7cf4f2aa9ad6" storage="TestAssembly.dll">
      <Execution id="6572c165-965e-4314-a87f-f0bd49c55911" />
      <TestMethod codeBase="TestAssembly.dll" className="TestNamespace.TestClass3" name="Test8421" />
    </UnitTest>
    <UnitTest name="Test8422" id="b1e6ebd8-5e86-4867-8165-f9a1715577e6" storage="TestAssembly.dll">
      <Execution id="925fa3a7-acfc-4216-935f-a599ff5d5ed8" />
      <TestMethod codeBase="TestAssembly.dll" className="TestNamespace.TestClass3" name="Test8422" />
    </UnitTest>
    <UnitTest name="Test8423" id="b63ceb57-efff-48f0-92f8-ba09a75dcfb8" storage="TestAssembly.dll">
      <Execution id="39f0c8f5-8a3e-46d3-a2cb-d8137a31410a" />
      <TestMethod codeBase="TestAssembly.dll" className="TestNamespace.TestClass3" name="Test8423" />
    </UnitTest>
    <UnitTest name="Test8424" id="b8dd0e10-ffc8-4b8a-ae6b-981171fdf5c7" storage="TestAssembly.dll">
      <Execution id="b269a51e-7bd8-45cb-b62f-eca9a0f7dfe5" />
      <TestMethod codeBase="TestAssembly.dll" className="TestNamespace.TestClass3" name="Test8424" />
    </UnitTest>
    <UnitTest name="Test8425" id="a5452f35-8769-45c8-ae32-392e43fb78d1" storage="TestAssembly.dll">
      <Execution id="45a125e8-9c2e-4075-a007-d2945beff4d5" />
      <TestMethod codeBase="TestAssembly.dll" className="TestNamespace.TestClass3" name="Test8425" />
    </UnitTest>
    <UnitTest name="Test8426" id="4a871489-7b30-4d07-a4de-9d01a6112bdd" storage="TestAssembly.dll">
      <Execution id="51997e71-e826-4953-96c1-6060754dc5d5" />
      <TestMethod codeBase="TestAssembly.dll" className="TestNamespace.TestClass3" name="Test8426" />
    </UnitTest>
    <UnitTest name="Test8427" id="69c723b1-302c-46b8-a759-0bd40670f1f8" storage="TestAssembly.dll">
      <Execution id="27248612-b89b-4aec-a876-1c8dc7f7b6cc" />
      <TestMethod codeBase="TestAssembly.dll" className="TestNamespace.TestClass3" name="Test8427" />
    </UnitTest>
    <UnitTest name="Test8428" id="33f93fce-3572-4a67-8663-b8f421f5d785" storage="TestAssembly.dll">
      <Execution id="a68eabdd-4691-499c-bed8-4797e3b3a67b" />
      <TestMethod codeBase="TestAssembly.dll" className="TestNamespace.TestClass3" name="Test8428" />
    </UnitTest>
    <UnitTest name="Test8429" id="c1a9b359-888d-4a6a-b0d6-2e98e63c454e" storage="TestAssembly.dll">
      <Execution id="bafd5bb9-8780-4f48-8abb-c00641bf05f7" />
      <TestMethod codeBase="TestAssembly.dll" className="TestNamespace.TestClass3" name="Test8429" />
    </UnitTest>
    <UnitTest name="Test8430" id="ddefdf6a-ab3e-4777-8fcc-185efad75e0c" storage="TestAssembly.dll">
      <Execution id="08715f61-a93f-41f6-bc94-e93a248e8c3c" />
      <TestMethod codeBase="TestAssembly.dll" className="TestNamespace.TestClass3" name="Test8430" />
    </UnitTest>
    <UnitTest name="Test8431" id="b5655880-1d69-4365-b0b7-cf9c45915989" storage="TestAssembly.dll">
      <Execution id="27e52f80-791d-4584-88dc-39949999e3c7" />
      <TestMethod codeBase="TestAssembly.dll" className="TestNamespace.TestClass4" name="Test8431" />
    </UnitTest>
    <UnitTest name="Test8432" id="155267db-2ce8-4ffa-b5bc-cf827aeca543" storage="TestAssembly.dll">
      <Execution id="d177d502-6ab7-4f79-840e-2e1da0b6f3a6" />
      <TestMethod codeBase="TestAssembly.dll" className="TestNamespace.TestClass4" name="Test8432" />
    </UnitTest>
    <UnitTest name="Test8433" id="cf6c8799-f486-42c6-a378-e0164cc14331" storage="TestAssembly.dll">
      <Execution id="fa54d441-62ac-4c79-9685-65670f04e65d" />
      <TestMethod codeBase="TestAssembly.dll" className="TestNamespace.TestClass4" name="Test8433" />
    </UnitTest>
    <UnitTest name="Test8434" id="549055c4-090f-4365-b26a-854d6ea7ae66" storage="TestAssembly.dll">
      <Execution id="76cefc7c-083d-4752-a85b-e70dcbc316c1" />
      <TestMethod codeBase="TestAssembly.dll" className="TestNamespace.TestClass4" name="Test8434" />
    </UnitTest>
    <UnitTest name="Test8435" id="c85a2307-5bb8-4a2f-bb67-e51a56bfd7a1" storage="TestAssembly.dll">
      <Execution id="3245ee3f-3b95-43f6-86e4-9d69f1175788" />
      <TestMethod codeBase="TestAssembly.dll" className="TestNamespace.TestClass4" name="Test8435" />
    </UnitTest>
    <UnitTest name="Test8436" id="93758a35-dfd8-43f0-83d4-3edd0ca7da89" storage="TestAssembly.dll">
      <Execution id="d93d275d-098d-47ab-a3a4-b9296680e1d6" />
      <TestMethod codeBase="TestAssembly.dll" className="TestNamespace.TestClass4" name="Test8436" />
    </UnitTest>
    <UnitTest name="Test8437" id="bdc47240-3b42-4c7e-abf6-22e6b998993a" storage="TestAssembly.dll">
      <Execution id="96b26368-04c3-47cc-a18f-6b29e9018120" />
      <TestMethod codeBase="TestAssembly.dll" className="TestNamespace.TestClass4" name="Test8437" />
    </UnitTest>
    <UnitTest name="Test8438" id="4e71fa2c-b3ab-4c38-9a73-5fb14e42fa5a" storage="TestAssembly.dll">
      <Execution id="23cb06da-a60f-485a-93de-71c7ee965875" />
      <TestMethod codeBase="TestAssembly.dll" className="TestNamespace.TestClass4" name="Test8438" />
    </UnitTest>
    <UnitTest name="Test8439" id="f0598355-12d9-40b8-be96-d8964048d749" storage="TestAssembly.dll">
      <Execution id="39703dfe-a614-4b71-b1cf-1b48946a80e6" />
      <TestMethod codeBase="TestAssembly.dll" className="TestNamespace.TestClass4" name="Test8439" />
    </UnitTest>
    <UnitTest name="Test8440" id="919a76c7-fe1e-4a65-abce-0f14637b3489" storage="TestAssembly.dll">
      <Execution id="084b0ae4-8610-45dd-b9ce-7570dbf4e3d3" />
      <TestMethod codeBase="TestAssembly.dll" className="TestNamespace.TestClass4" name="Test8440" />
    </UnitTest>
    <UnitTest name="Test8441" id="02581eaa-c2c1-4361-be3a-bb4e1ecb9c30" storage="TestAssembly.dll">
      <Execution id="2ec3dd96-6eb2-4de7-9bd7-b52048482ac3" />
      <TestMethod codeBase="TestAssembly.dll" className="TestNamespace.TestClass5" name="Test8441" />
    </UnitTest>
    <UnitTest name="Test8442" id="b276b7ad-307f-4ccd-bc45-8f7429932337" storage="TestAssembly.dll">
      <Execution id="6d6ce4ec-1131-47d6-b44f-61d3a9ffe38a" />
      <TestMethod codeBase="TestAssembly.dll" className="TestNamespace.TestClass5" name="Test8442" />
    </UnitTest>
    <UnitTest name="Test8443" id="b2555d86-00cd-412a-9da9-8bac5f0c101a" storage="TestAssembly.dll">
      <Execution id="85498c90-c795-47f5-abb5-1165bf87b1dc" />
      <TestMethod codeBase="TestAssembly.dll" className="TestNamespace.TestClass5" name="Test8443" />
    </UnitTest>
    <UnitTest name="Test8444" id="f4c9f12d-67e7-4fe6-b9aa-ffba4e565862" storage="TestAssembly.dll">
      <Execution id="6615f286-95e1-403f-b503-1fdf1c860a73" />
      <TestMethod codeBase="TestAssembly.dll" className="TestNamespace.TestClass5" name="Test8444" />
    </UnitTest>
    <UnitTest name="Test8445" id="49f82e90-669f-43b4-ba59-961138a53fcb" storage="TestAssembly.dll">
      <Execution id="981d5ec3-9174-4bc2-8f7d-3ce225ec58fa" />
      <TestMethod codeBase="TestAssembly.dll" className="TestNamespace.TestClass5" name="Test8445" />
    </UnitTest>
    <UnitTest name="Test8446" id="8ab3206f-dc41-4573-a64c-661eb5370170" storage="TestAssembly.dll">
      <Execution id="cd62acc6-32f7-4ca0-bc17-414825d4c42d" />
      <TestMethod codeBase="TestAssembly.dll" className="TestNamespace.TestClass5" name="Test8446" />
    </UnitTest>
    <UnitTest name="Test8447" id="9a353fa1-194c-444c-b6ad-ffe17a5e3df7" storage="TestAssembly.dll">
      <Execution id="73777cf3-23fe-4759-b3a0-fc9c63ba885d" />
      <TestMethod codeBase="TestAssembly.dll" className="TestNamespace.TestClass5" name="Test8447" />
    </UnitTest>
    <UnitTest name="Test8448" id="41291e25-dfc9-4445-982d-a232c62aad62" storage="TestAssembly.dll">
      <Execution id="c48e8fcd-eb35-4c85-872f-1ee3978a67de" />
      <TestMethod codeBase="TestAssembly.dll" className="TestNamespace.TestClass5" name="Test8448" />
    </UnitTest>
    <UnitTest name="Test8449" id="f86d2477-3687-44bf-a569-fd36cfed2caf" storage="TestAssembly.dll">
      <Execution id="d0a1e09b-665f-4716-b02d-5e6aa94af5a5" />
      <TestMethod codeBase="TestAssembly.dll" className="TestNamespace.TestClass5" name="Test8449" />
    </UnitTest>
    <UnitTest name="Test8450" id="1af17d6c-9fc4-4d15-9528-773bb5d4d099" storage="TestAssembly.dll">
      <Execution id="b97ec046-f4b2-4914-b9d4-e4b2bbcdbedb" />
      <TestMethod codeBase="TestAssembly.dll" className="TestNamespace.TestClass5" name="Test8450" />
    </UnitTest>
    <UnitTest name="Test8451" id="e52d0abf-3eea-45a3-a8ca-3b5803a3c1ff" storage="TestAssembly.dll">
      <Execution id="2d4f4248-7f97-481a-a181-55a4eb023f93" />
      <TestMethod codeBase="TestAssembly.dll" className="TestNamespace.TestClass6" name="Test8451" />
    </UnitTest>
    <UnitTest name="Test8452" id="16ebce58-8651-4ee5-8429-41e329e9f0a6" storage="TestAssembly.dll">
      <Execution id="c33c651f-7af1-4295-9075-90fcee5b2b1d" />
      <TestMethod codeBase="TestAssembly.dll" className="TestNamespace.TestClass6" name="Test8452" />
    </UnitTest>
    <UnitTest name="Test8453" id="ff1f8287-5ce0-4a88-8fac-7f1ef993f0f7" storage="TestAssembly.dll">
      <Execution id="d1c0486b-83d5-41d2-852d-3101647de39e" />
      <TestMethod codeBase="TestAssembly.dll" className="TestNamespace.TestClass6" name="Test8453" />
    </UnitTest>
    <UnitTest name="Test8454" id="df322223-96ad-4f44-8a0a-1c54eee4f75a" storage="TestAssembly.dll">
      <Execution id="2ced62f2-6a68-45d5-8930-db731def63d3" />
      <TestMethod codeBase="TestAssembly.dll" className="TestNamespace.TestClass6" name="Test8454" />
    </UnitTest>
    <UnitTest name="Test8455" id="b9b21c21-2964-4281-8e55-76c48299e0df" storage="TestAssembly.dll">
      <Execution id="101588b8-51bd-4177-8648-20f0d9758e89" />
      <TestMethod codeBase="TestAssembly.dll" className="TestNamespace.TestClass6" name="Test8455" />
    </UnitTest>
    <UnitTest name="Test8456" id="36bd04ca-0436-4081-b9f2-09aa44a2bae2" storage="TestAssembly.dll">
      <Execution id="526b53ef-bb13-4227-816d-2c03a0c3fcc4" />
      <TestMethod codeBase="TestAssembly.dll" className="TestNamespace.TestClass6" name="Test8456" />
    </UnitTest>
    <UnitTest name="Test8457" id="49d9e5f8-1499-4d8e-be84-435de175b543" storage="TestAssembly.dll">
      <Execution id="6f39ed14-ed63-4981-963e-9551f2c45ab5" />
      <TestMethod codeBase="TestAssembly.dll" className="TestNamespace.TestClass6" name="Test8457" />
    </UnitTest>
    <UnitTest name="Test8458" id="3f3cfb05-5e46-4532-ae81-b8bbd3088d20" storage="TestAssembly.dll">
      <Execution id="331633c8-8b22-464a-9016-f784dd99a6e0" />
      <TestMethod codeBase="TestAssembly.dll" className="TestNamespace.TestClass6" name="Test8458" />
    </UnitTest>
    <UnitTest name="Test8459" id="6f2d1888-e0c9-45b7-94e3-f1cb7b246166" storage="TestAssembly.dll">
      <Execution id="365eecae-21e6-4e50-be99-7a89055ef37d" />
      <TestMethod codeBase="TestAssembly.dll" className="TestNamespace.TestClass6" name="Test8459" />
    </UnitTest>
    <UnitTest name="Test8460" id="061dab2a-c6ed-4936-8cb1-fcd932d500b7" storage="TestAssembly.dll">
      <Execution id="587c35a9-bc5f-40e0-90af-608127fd0c9d" />
      <TestMethod codeBase="TestAssembly.dll" className="TestNamespace.TestClass6" name="Test8460" />
    </UnitTest>
    <UnitTest name="Test8461" id="70ddd290-6ca6-4b50-a0e5-c342019418fa" storage="TestAssembly.dll">
      <Execution id="5e4c6fb1-e6ff-4ac5-8b61-72dc4e22dcea" />
      <TestMethod codeBase="TestAssembly.dll" className="TestNamespace.TestClass7" name="Test8461" />
    </UnitTest>
    <UnitTest name="Test8462" id="5bf5aad2-855c-4be3-9a21-b9dbfa26e224" storage="TestAssembly.dll">
      <Execution id="ec4ee701-d7ad-497d-8dec-8857ba022c4a" />
      <TestMethod codeBase="TestAssembly.dll" className="TestNamespace.TestClass7" name="Test8462" />
    </UnitTest>
    <UnitTest name="Test8463" id="ad6039a7-df74-44e6-9345-8ebfa0f0577b" storage="TestAssembly.dll">
      <Execution id="a930be6e-2af8-4667-b2f4-1bdd608e003e" />
      <TestMethod codeBase="TestAssembly.dll" className="TestNamespace.TestClass7" name="Test8463" />
    </UnitTest>
    <UnitTest name="Test8464" id="df475e57-a1b2-4471-8209-b77e6d3009d6" storage="TestAssembly.dll">
      <Execution id="f760ed40-9c60-49fc-8422-6b686679763c" />
      <TestMethod codeBase="TestAssembly.dll" className="TestNamespace.TestClass7" name="Test8464" />
    </UnitTest>
    <UnitTest name="Test8465" id="62c9bee5-5222-49e1-a3ad-6ec7493414d5" storage="TestAssembly.dll">
      <Execution id="f1392007-f741-4058-9f68-e04df3781f4a" />
      <TestMethod codeBase="TestAssembly.dll" className="TestNamespace.TestClass7" name="Test8465" />
    </UnitTest>
    <UnitTest name="Test8466" id="deedaf74-7496-4864-b94e-ef8263721cc6" storage="TestAssembly.dll">
      <Execution id="2a1c76c9-cff9-4eca-8493-f4d725d7d773" />
      <TestMethod codeBase="TestAssembly.dll" className="TestNamespace.TestClass7" name="Test8466" />
    </UnitTest>
    <UnitTest name="Test8467" id="401adb6d-26a6-44bd-af90-57a38109c4e6" storage="TestAssembly.dll">
      <Execution id="ddec4fbc-6050-45d2-a292-18b3e648bb2a" />
      <TestMethod codeBase="TestAssembly.dll" className="TestNamespace.TestClass7" name="Test8467" />
    </UnitTest>
    <UnitTest name="Test8468" id="ce19bcc6-4da0-40b8-9eb8-d020ea1a1393" storage="TestAssembly.dll">
      <Execution id="2b19ad79-15c9-44fa-bbc7-67313dd89d1f" />
      <TestMethod codeBase="TestAssembly.dll" className="TestNamespace.TestClass7" name="Test8468" />
    </UnitTest>
    <UnitTest name="Test8469" id="1ed9e654-1e32-4ab3-ab13-017470aa0474" storage="TestAssembly.dll">
      <Execution id="92cf0741-bfac-4ffa-8501-dfb65cfd655f" />
      <TestMethod codeBase="TestAssembly.dll" className="TestNamespace.TestClass7" name="Test8469" />
    </UnitTest>
    <UnitTest name="Test8470" id="d152e503-0b34-41ce-b857-787a3b7584ac" storage="TestAssembly.dll">
      <Execution id="79f7d6e4-1c99-4e51-a8f3-60c295a05136" />
      <TestMethod codeBase="TestAssembly.dll" className="TestNamespace.TestClass7" name="Test8470" />
    </UnitTest>
    <UnitTest name="Test8471" id="996a07b9-004c-4790-9dd8-58f7690b2e9f" storage="TestAssembly.dll">
      <Execution id="3e8eb5da-1502-48a1-95af-8a63d66c511c" />
      <TestMethod codeBase="TestAssembly.dll" className="TestNamespace.TestClass8" name="Test8471" />
    </UnitTest>
    <UnitTest name="Test8472" id="d9df224c-aca9-4dae-9f02-9bb0a9fe5d1a" storage="TestAssembly.dll">
      <Execution id="87c23510-d881-4ef9-a616-1ffa0367cb4f" />
      <TestMethod codeBase="TestAssembly.dll" className="TestNamespace.TestClass8" name="Test8472" />
    </UnitTest>
    <UnitTest name="Test8473" id="10c99cd2-74ed-42ef-bab6-daae8b3debde" storage="TestAssembly.dll">
      <Execution id="f3574182-84d7-487f-95e7-6f296368b8e6" />
      <TestMethod codeBase="TestAssembly.dll" className="TestNamespace.TestClass8" name="Test8473" />
    </UnitTest>
    <UnitTest name="Test8474" id="9da78798-6a35-438a-8542-34b0e96bf5a6" storage="TestAssembly.dll">
      <Execution id="d38891d4-1b50-4481-be7d-4be34eb09856" />
      <TestMethod codeBase="TestAssembly.dll" className="TestNamespace.TestClass8" name="Test8474" />
    </UnitTest>
    <UnitTest name="Test8475" id="4793d0e6-c0a8-40d6-bd87-bcf9a5f9505f" storage="TestAssembly.dll">
      <Execution id="28d1b011-5195-4f95-b881-ae7b570a1489" />
      <TestMethod codeBase="TestAssembly.dll" className="TestNamespace.TestClass8" name="Test8475" />
    </UnitTest>
    <UnitTest name="Test8476" id="f174909b-7731-4564-a5b5-3b3318fbc10a" storage="TestAssembly.dll">
      <Execution id="af66ba8f-29cb-4107-bf6c-223d92de4238" />
      <TestMethod codeBase="TestAssembly.dll" className="TestNamespace.TestClass8" name="Test8476" />
    </UnitTest>
    <UnitTest name="Test8477" id="3ec25e8e-2d8d-470b-abc6-5365db37a141" storage="TestAssembly.dll">
      <Execution id="988c3b61-645a-40ca-ba0f-d5773b05b337" />
      <TestMethod codeBase="TestAssembly.dll" className="TestNamespace.TestClass8" name="Test8477" />
    </UnitTest>
    <UnitTest name="Test8478" id="f35b3766-ecac-40f0-b750-a9e4523d20ea" storage="TestAssembly.dll">
      <Execution id="360b7315-1709-4a7c-8b2b-0f6588384267" />
      <TestMethod codeBase="TestAssembly.dll" className="TestNamespace.TestClass8" name="Test8478" />
    </UnitTest>
    <UnitTest name="Test8479" id="45a589a5-3fd7-4b17-8699-e44984864625" storage="TestAssembly.dll">
      <Execution id="34f2613e-fd93-4047-a4d6-673a0a759beb" />
      <TestMethod codeBase="TestAssembly.dll" className="TestNamespace.TestClass8" name="Test8479" />
    </UnitTest>
    <UnitTest name="Test8480" id="7aa0e50e-2570-4dca-990d-fe6e44b9ad64" storage="TestAssembly.dll">
      <Execution id="2e329238-f24a-4d8c-9695-ed292f6f21ee" />
      <TestMethod codeBase="TestAssembly.dll" className="TestNamespace.TestClass8" name="Test8480" />
    </UnitTest>
    <UnitTest name="Test8481" id="c389c716-df9b-4f98-be83-f9264d500339" storage="TestAssembly.dll">
      <Execution id="ffb9890d-b540-4cff-b6aa-95ab8515919a" />
      <TestMethod codeBase="TestAssembly.dll" className="TestNamespace.TestClass9" name="Test8481" />
    </UnitTest>
    <UnitTest name="Test8482" id="93e36084-94cb-4db2-87d7-d56c7fa6e849" storage="TestAssembly.dll">
      <Execution id="113d9190-44bf-4220-aa42-6a112da166c6" />
      <TestMethod codeBase="TestAssembly.dll" className="TestNamespace.TestClass9" name="Test8482" />
    </UnitTest>
    <UnitTest name="Test8483" id="0e622b51-88b4-4181-bdae-323a57830a55" storage="TestAssembly.dll">
      <Execution id="45fb55ef-749c-409e-8ff7-7c0d46e9e6a4" />
      <TestMethod codeBase="TestAssembly.dll" className="TestNamespace.TestClass9" name="Test8483" />
    </UnitTest>
    <UnitTest name="Test8484" id="4a012651-d778-4a85-a009-18d81fc7bcbb" storage="TestAssembly.dll">
      <Execution id="3a377153-2695-4882-a46b-06ad674ede33" />
      <TestMethod codeBase="TestAssembly.dll" className="TestNamespace.TestClass9" name="Test8484" />
    </UnitTest>
    <UnitTest name="Test8485" id="08d34db1-cb6c-4cdd-878b-d688ff99402f" storage="TestAssembly.dll">
      <Execution id="4dd3b1fb-45ac-40d0-b1ca-f33e855cf9cd" />
      <TestMethod codeBase="TestAssembly.dll" className="TestNamespace.TestClass9" name="Test8485" />
    </UnitTest>
    <UnitTest name="Test8486" id="80f44a75-3aea-4f90-8b40-d9c6fa1b7999" storage="TestAssembly.dll">
      <Execution id="d19a2c16-17dc-4a7d-9e38-b2e9c2493cd1" />
      <TestMethod codeBase="TestAssembly.dll" className="TestNamespace.TestClass9" name="Test8486" />
    </UnitTest>
    <UnitTest name="Test8487" id="f53e1fee-f1cd-4c73-910c-ea4a4a8ce33b" storage="TestAssembly.dll">
      <Execution id="6a2fae3c-dd22-440e-9ddc-41da3d6d67fe" />
      <TestMethod codeBase="TestAssembly.dll" className="TestNamespace.TestClass9" name="Test8487" />
    </UnitTest>
    <UnitTest name="Test8488" id="08a25e8c-3381-45ac-988d-11223704b985" storage="TestAssembly.dll">
      <Execution id="2767786d-398c-4cf3-8e29-a9923248eb6f" />
      <TestMethod codeBase="TestAssembly.dll" className="TestNamespace.TestClass9" name="Test8488" />
    </UnitTest>
    <UnitTest name="Test8489" id="33831c18-420e-4ade-a1b0-4b111b3e22ad" storage="TestAssembly.dll">
      <Execution id="4c827726-da47-4272-897e-22e2de97fea6" />
      <TestMethod codeBase="TestAssembly.dll" className="TestNamespace.TestClass9" name="Test8489" />
    </UnitTest>
    <UnitTest name="Test8490" id="fa1f81fc-94fa-4393-9761-8fcd7cae296d" storage="TestAssembly.dll">
      <Execution id="04ffa056-4534-42d8-b022-2354b202c619" />
      <TestMethod codeBase="TestAssembly.dll" className="TestNamespace.TestClass9" name="Test8490" />
    </UnitTest>
    <UnitTest name="Test8491" id="0ed611b5-57e6-4e81-bbdf-12c19375f816" storage="TestAssembly.dll">
      <Execution id="010a5ed9-853e-4c05-9509-95d3488d3483" />
      <TestMethod codeBase="TestAssembly.dll" className="TestNamespace.TestClass10" name="Test8491" />
    </UnitTest>
    <UnitTest name="Test8492" id="09d32b5e-90e1-4a97-97fa-419af28a51d7" storage="TestAssembly.dll">
      <Execution id="b434c615-6999-4bff-887a-d04fdb774e3e" />
      <TestMethod codeBase="TestAssembly.dll" className="TestNamespace.TestClass10" name="Test8492" />
    </UnitTest>
    <UnitTest name="Test8493" id="efb4c221-4892-470d-b379-144323005837" storage="TestAssembly.dll">
      <Execution id="fdb389e3-a637-4b77-aaa6-1720b3a68f4a" />
      <TestMethod codeBase="TestAssembly.dll" className="TestNamespace.TestClass10" name="Test8493" />
    </UnitTest>
    <UnitTest name="Test8494" id="b13193eb-81c5-45ac-adc7-1a6771c39593" storage="TestAssembly.dll">
      <Execution id="c4b35467-d2eb-49bb-a9b3-0a0cc2336d0c" />
      <TestMethod codeBase="TestAssembly.dll" className="TestNamespace.TestClass10" name="Test8494" />
    </UnitTest>
    <UnitTest name="Test8495" id="287284b8-5dd9-4ad9-b9f8-27334c325c46" storage="TestAssembly.dll">
      <Execution id="c72eef71-66fe-455d-861e-ea87ed944ffd" />
      <TestMethod codeBase="TestAssembly.dll" className="TestNamespace.TestClass10" name="Test8495" />
    </UnitTest>
    <UnitTest name="Test8496" id="158eeac2-c78f-439b-87e6-1a182758ec54" storage="TestAssembly.dll">
      <Execution id="0810c67b-d7d1-431f-bf7c-d1e51cdba69a" />
      <TestMethod codeBase="TestAssembly.dll" className="TestNamespace.TestClass10" name="Test8496" />
    </UnitTest>
    <UnitTest name="Test8497" id="ddd7129a-3660-4ee9-9aae-a3eb4ee5830c" storage="TestAssembly.dll">
      <Execution id="c2741997-507a-4f94-8622-6fd11f3f24c4" />
      <TestMethod codeBase="TestAssembly.dll" className="TestNamespace.TestClass10" name="Test8497" />
    </UnitTest>
    <UnitTest name="Test8498" id="31baaa17-af54-4275-b976-9e6ee1528161" storage="TestAssembly.dll">
      <Execution id="8a52553a-da3a-4f3b-ab5a-8680da095151" />
      <TestMethod codeBase="TestAssembly.dll" className="TestNamespace.TestClass10" name="Test8498" />
    </UnitTest>
    <UnitTest name="Test8499" id="6fc469a6-6494-4e1e-b70e-325e488913e2" storage="TestAssembly.dll">
      <Execution id="87ef3152-02a7-40c4-a728-bdaf1939eb32" />
      <TestMethod codeBase="TestAssembly.dll" className="TestNamespace.TestClass10" name="Test8499" />
    </UnitTest>
    <UnitTest name="Test8500" id="10971e19-e023-4d17-9126-5e00f993e2c3" storage="TestAssembly.dll">
      <Execution id="ca24ffa3-3a15-4db7-8e8c-b768edada6e2" />
      <TestMethod codeBase="TestAssembly.dll" className="TestNamespace.TestClass10" name="Test8500" />
    </UnitTest>
  </TestDefinitions>
  <TestEntries>
    <TestEntry testId="76904fc4-7a80-4fc4-b7ab-800ebdf78dea" executionId="01f2da8c-1a67-488b-8cd6-581163401932" testListId="ed89220b-41c6-4987-a76d-a2b833eca3cb" />
    <TestEntry testId="5f3e957d-3fed-4b48-b4c5-2b4ff2ac0c66" executionId="00a77eb1-3782-428c-92c5-d1b4127b00f4" testListId="ed89220b-41c6-4987-a76d-a2b833eca3cb" />
    <TestEntry testId="09c18007-ddaa-4002-b904-f5d3c21b2c87" executionId="dbe547e7-e53f-48f1-841e-ec6b5d1b379d" testListId="ed89220b-41c6-4987-a76d-a2b833eca3cb" />
    <TestEntry testId="3dd76b63-243f-4231-b4d3-e231b389f4b7" executionId="bbd1ba25-ae23-43f3-80cd-4e48fe1a774e" testListId="ed89220b-41c6-4987-a76d-a2b833eca3cb" />
    <TestEntry testId="2c45a6f1-240f-451f-a31a-51ecc488a839" executionId="17c1af1b-3662-4f94-9cc6-e04c80ee36f5" testListId="ed89220b-41c6-4987-a76d-a2b833eca3cb" />
    <TestEntry testId="b85c30f5-b5a4-41df-a0af-6e8d96bf65bb" executionId="0bfddcf9-da0d-4f15-963f-cb005de20d9f" testListId="ed89220b-41c6-4987-a76d-a2b833eca3cb" />
    <TestEntry testId="67f9e158-e5ab-4ea1-8a6f-e15fe3ca0abf" executionId="e5257608-15a2-421e-a108-bd373641e4ed" testListId="ed89220b-41c6-4987-a76d-a2b833eca3cb" />
    <TestEntry testId="760c331f-b306-41ee-81c0-d708d340aaff" executionId="a8d9c5ab-3a97-454b-ae38-e9439686ae6a" testListId="ed89220b-41c6-4987-a76d-a2b833eca3cb" />
    <TestEntry testId="f19174c3-fc62-4ddf-80d5-bb6cfd380d8e" executionId="32362a4a-5d0f-4d0d-8e3d-abe9e95503f1" testListId="ed89220b-41c6-4987-a76d-a2b833eca3cb" />
    <TestEntry testId="94faaf9e-0a1a-4d53-a97a-530df444bf87" executionId="772f3213-af9c-4300-baa1-d73d751f9e02" testListId="ed89220b-41c6-4987-a76d-a2b833eca3cb" />
    <TestEntry testId="36718dca-840c-4f75-a0a3-366799b2131e" executionId="54abd1c6-a119-43ab-a573-2e975a467e9c" testListId="ed89220b-41c6-4987-a76d-a2b833eca3cb" />
    <TestEntry testId="642ad956-fe70-491b-98d5-24ea5b4f165a" executionId="f8969c40-768f-4376-8602-8da21c3e9c5b" testListId="ed89220b-41c6-4987-a76d-a2b833eca3cb" />
    <TestEntry testId="90d13905-6e72-403c-a2e5-50c2996dcefd" executionId="ca8035a0-1ea5-40c4-af54-6e295f4aec69" testListId="ed89220b-41c6-4987-a76d-a2b833eca3cb" />
    <TestEntry testId="8deb36e0-529f-48c3-a347-c143714fe384" executionId="3fad8b83-4074-4df1-9230-67a2eeb648b1" testListId="ed89220b-41c6-4987-a76d-a2b833eca3cb" />
    <TestEntry testId="ce6e58ba-2827-4da1-bdce-823663be5450" executionId="68b49316-f060-477d-b198-665a37790d59" testListId="ed89220b-41c6-4987-a76d-a2b833eca3cb" />
    <TestEntry testId="12c782b8-8ef8-49f9-8b36-23632be4f9a4" executionId="c9835bb4-c2ba-4819-94d9-7c0f0621e3cd" testListId="ed89220b-41c6-4987-a76d-a2b833eca3cb" />
    <TestEntry testId="54d73d14-dd4d-434d-9c95-0d66cef6e57d" executionId="5009de36-6f90-4b64-aa98-d5e108f99170" testListId="ed89220b-41c6-4987-a76d-a2b833eca3cb" />
    <TestEntry testId="fef20402-88f1-4191-ac1d-0797ae6ea4c5" executionId="2f13cdb0-75c2-4079-9655-8fe19f721ad5" testListId="ed89220b-41c6-4987-a76d-a2b833eca3cb" />
    <TestEntry testId="ca55f2ed-f8b2-4896-84be-68c9c472d958" executionId="7ff1a5ca-3247-4102-88ff-5b131ac08961" testListId="ed89220b-41c6-4987-a76d-a2b833eca3cb" />
    <TestEntry testId="a90473d0-7737-46a0-8fb1-d514158ac687" executionId="e119ade8-a05d-4da2-8bce-78abebe68c66" testListId="ed89220b-41c6-4987-a76d-a2b833eca3cb" />
    <TestEntry testId="78c60df9-206d-4aaa-8de6-7cf4f2aa9ad6" executionId="6572c165-965e-4314-a87f-f0bd49c55911" testListId="ed89220b-41c6-4987-a76d-a2b833eca3cb" />
    <TestEntry testId="b1e6ebd8-5e86-4867-8165-f9a1715577e6" executionId="925fa3a7-acfc-4216-935f-a599ff5d5ed8" testListId="ed89220b-41c6-4987-a76d-a2b833eca3cb" />
    <TestEntry testId="b63ceb57-efff-48f0-92f8-ba09a75dcfb8" executionId="39f0c8f5-8a3e-46d3-a2cb-d8137a31410a" testListId="ed89220b-41c6-4987-a76d-a2b833eca3cb" />
    <TestEntry testId="b8dd0e10-ffc8-4b8a-ae6b-981171fdf5c7" executionId="b269a51e-7bd8-45cb-b62f-eca9a0f7dfe5" testListId="ed89220b-41c6-4987-a76d-a2b833eca3cb" />
    <TestEntry testId="a5452f35-8769-45c8-ae32-392e43fb78d1" executionId="45a125e8-9c2e-4075-a007-d2945beff4d5" testListId="ed89220b-41c6-4987-a76d-a2b833eca3cb" />
    <TestEntry testId="4a871489-7b30-4d07-a4de-9d01a6112bdd" executionId="51997e71-e826-4953-96c1-6060754dc5d5" testListId="ed89220b-41c6-4987-a76d-a2b833eca3cb" />
    <TestEntry testId="69c723b1-302c-46b8-a759-0bd40670f1f8" executionId="27248612-b89b-4aec-a876-1c8dc7f7b6cc" testListId="ed89220b-41c6-4987-a76d-a2b833eca3cb" />
    <TestEntry testId="33f93fce-3572-4a67-8663-b8f421f5d785" executionId="a68eabdd-4691-499c-bed8-4797e3b3a67b" testListId="ed89220b-41c6-4987-a76d-a2b833eca3cb" />
    <TestEntry testId="c1a9b359-888d-4a6a-b0d6-2e98e63c454e" executionId="bafd5bb9-8780-4f48-8abb-c00641bf05f7" testListId="ed89220b-41c6-4987-a76d-a2b833eca3cb" />
    <TestEntry testId="ddefdf6a-ab3e-4777-8fcc-185efad75e0c" executionId="08715f61-a93f-41f6-bc94-e93a248e8c3c" testListId="ed89220b-41c6-4987-a76d-a2b833eca3cb" />
    <TestEntry testId="b5655880-1d69-4365-b0b7-cf9c45915989" executionId="27e52f80-791d-4584-88dc-39949999e3c7" testListId="ed89220b-41c6-4987-a76d-a2b833eca3cb" />
    <TestEntry testId="155267db-2ce8-4ffa-b5bc-cf827aeca543" executionId="d177d502-6ab7-4f79-840e-2e1da0b6f3a6" testListId="ed89220b-41c6-4987-a76d-a2b833eca3cb" />
    <TestEntry testId="cf6c8799-f486-42c6-a378-e0164cc14331" executionId="fa54d441-62ac-4c79-9685-65670f04e65d" testListId="ed89220b-41c6-4987-a76d-a2b833eca3cb" />
    <TestEntry testId="549055c4-090f-4365-b26a-854d6ea7ae66" executionId="76cefc7c-083d-4752-a85b-e70dcbc316c1" testListId="ed89220b-41c6-4987-a76d-a2b833eca3cb" />
    <TestEntry testId="c85a2307-5bb8-4a2f-bb67-e51a56bfd7a1" executionId="3245ee3f-3b95-43f6-86e4-9d69f1175788" testListId="ed89220b-41c6-4987-a76d-a2b833eca3cb" />
    <TestEntry testId="93758a35-dfd8-43f0-83d4-3edd0ca7da89" executionId="d93d275d-098d-47ab-a3a4-b9296680e1d6" testListId="ed89220b-41c6-4987-a76d-a2b833eca3cb" />
    <TestEntry testId="bdc47240-3b42-4c7e-abf6-22e6b998993a" executionId="96b26368-04c3-47cc-a18f-6b29e9018120" testListId="ed89220b-41c6-4987-a76d-a2b833eca3cb" />
    <TestEntry testId="4e71fa2c-b3ab-4c38-9a73-5fb14e42fa5a" executionId="23cb06da-a60f-485a-93de-71c7ee965875" testListId="ed89220b-41c6-4987-a76d-a2b833eca3cb" />
    <TestEntry testId="f0598355-12d9-40b8-be96-d8964048d749" executionId="39703dfe-a614-4b71-b1cf-1b48946a80e6" testListId="ed89220b-41c6-4987-a76d-a2b833eca3cb" />
    <TestEntry testId="919a76c7-fe1e-4a65-abce-0f14637b3489" executionId="084b0ae4-8610-45dd-b9ce-7570dbf4e3d3" testListId="ed89220b-41c6-4987-a76d-a2b833eca3cb" />
    <TestEntry testId="02581eaa-c2c1-4361-be3a-bb4e1ecb9c30" executionId="2ec3dd96-6eb2-4de7-9bd7-b52048482ac3" testListId="ed89220b-41c6-4987-a76d-a2b833eca3cb" />
    <TestEntry testId="b276b7ad-307f-4ccd-bc45-8f7429932337" executionId="6d6ce4ec-1131-47d6-b44f-61d3a9ffe38a" testListId="ed89220b-41c6-4987-a76d-a2b833eca3cb" />
    <TestEntry testId="b2555d86-00cd-412a-9da9-8bac5f0c101a" executionId="85498c90-c795-47f5-abb5-1165bf87b1dc" testListId="ed89220b-41c6-4987-a76d-a2b833eca3cb" />
    <TestEntry testId="f4c9f12d-67e7-4fe6-b9aa-ffba4e565862" executionId="6615f286-95e1-403f-b503-1fdf1c860a73" testListId="ed89220b-41c6-4987-a76d-a2b833eca3cb" />
    <TestEntry testId="49f82e90-669f-43b4-ba59-961138a53fcb" executionId="981d5ec3-9174-4bc2-8f7d-3ce225ec58fa" testListId="ed89220b-41c6-4987-a76d-a2b833eca3cb" />
    <TestEntry testId="8ab3206f-dc41-4573-a64c-661eb5370170" executionId="cd62acc6-32f7-4ca0-bc17-414825d4c42d" testListId="ed89220b-41c6-4987-a76d-a2b833eca3cb" />
    <TestEntry testId="9a353fa1-194c-444c-b6ad-ffe17a5e3df7" executionId="73777cf3-23fe-4759-b3a0-fc9c63ba885d" testListId="ed89220b-41c6-4987-a76d-a2b833eca3cb" />
    <TestEntry testId="41291e25-dfc9-4445-982d-a232c62aad62" executionId="c48e8fcd-eb35-4c85-872f-1ee3978a67de" testListId="ed89220b-41c6-4987-a76d-a2b833eca3cb" />
    <TestEntry testId="f86d2477-3687-44bf-a569-fd36cfed2caf" executionId="d0a1e09b-665f-4716-b02d-5e6aa94af5a5" testListId="ed89220b-41c6-4987-a76d-a2b833eca3cb" />
    <TestEntry testId="1af17d6c-9fc4-4d15-9528-773bb5d4d099" executionId="b97ec046-f4b2-4914-b9d4-e4b2bbcdbedb" testListId="ed89220b-41c6-4987-a76d-a2b833eca3cb" />
    <TestEntry testId="e52d0abf-3eea-45a3-a8ca-3b5803a3c1ff" executionId="2d4f4248-7f97-481a-a181-55a4eb023f93" testListId="ed89220b-41c6-4987-a76d-a2b833eca3cb" />
    <TestEntry testId="16ebce58-8651-4ee5-8429-41e329e9f0a6" executionId="c33c651f-7af1-4295-9075-90fcee5b2b1d" testListId="ed89220b-41c6-4987-a76d-a2b833eca3cb" />
    <TestEntry testId="ff1f8287-5ce0-4a88-8fac-7f1ef993f0f7" executionId="d1c0486b-83d5-41d2-852d-3101647de39e" testListId="ed89220b-41c6-4987-a76d-a2b833eca3cb" />
    <TestEntry testId="df322223-96ad-4f44-8a0a-1c54eee4f75a" executionId="2ced62f2-6a68-45d5-8930-db731def63d3" testListId="ed89220b-41c6-4987-a76d-a2b833eca3cb" />
    <TestEntry testId="b9b21c21-2964-4281-8e55-76c48299e0df" executionId="101588b8-51bd-4177-8648-20f0d9758e89" testListId="ed89220b-41c6-4987-a76d-a2b833eca3cb" />
    <TestEntry testId="36bd04ca-0436-4081-b9f2-09aa44a2bae2" executionId="526b53ef-bb13-4227-816d-2c03a0c3fcc4" testListId="ed89220b-41c6-4987-a76d-a2b833eca3cb" />
    <TestEntry testId="49d9e5f8-1499-4d8e-be84-435de175b543" executionId="6f39ed14-ed63-4981-963e-9551f2c45ab5" testListId="ed89220b-41c6-4987-a76d-a2b833eca3cb" />
    <TestEntry testId="3f3cfb05-5e46-4532-ae81-b8bbd3088d20" executionId="331633c8-8b22-464a-9016-f784dd99a6e0" testListId="ed89220b-41c6-4987-a76d-a2b833eca3cb" />
    <TestEntry testId="6f2d1888-e0c9-45b7-94e3-f1cb7b246166" executionId="365eecae-21e6-4e50-be99-7a89055ef37d" testListId="ed89220b-41c6-4987-a76d-a2b833eca3cb" />
    <TestEntry testId="061dab2a-c6ed-4936-8cb1-fcd932d500b7" executionId="587c35a9-bc5f-40e0-90af-608127fd0c9d" testListId="ed89220b-41c6-4987-a76d-a2b833eca3cb" />
    <TestEntry testId="70ddd290-6ca6-4b50-a0e5-c342019418fa" executionId="5e4c6fb1-e6ff-4ac5-8b61-72dc4e22dcea" testListId="ed89220b-41c6-4987-a76d-a2b833eca3cb" />
    <TestEntry testId="5bf5aad2-855c-4be3-9a21-b9dbfa26e224" executionId="ec4ee701-d7ad-497d-8dec-8857ba022c4a" testListId="ed89220b-41c6-4987-a76d-a2b833eca3cb" />
    <TestEntry testId="ad6039a7-df74-44e6-9345-8ebfa0f0577b" executionId="a930be6e-2af8-4667-b2f4-1bdd608e003e" testListId="ed89220b-41c6-4987-a76d-a2b833eca3cb" />
    <TestEntry testId="df475e57-a1b2-4471-8209-b77e6d3009d6" executionId="f760ed40-9c60-49fc-8422-6b686679763c" testListId="ed89220b-41c6-4987-a76d-a2b833eca3cb" />
    <TestEntry testId="62c9bee5-5222-49e1-a3ad-6ec7493414d5" executionId="f1392007-f741-4058-9f68-e04df3781f4a" testListId="ed89220b-41c6-4987-a76d-a2b833eca3cb" />
    <TestEntry testId="deedaf74-7496-4864-b94e-ef8263721cc6" executionId="2a1c76c9-cff9-4eca-8493-f4d725d7d773" testListId="ed89220b-41c6-4987-a76d-a2b833eca3cb" />
    <TestEntry testId="401adb6d-26a6-44bd-af90-57a38109c4e6" executionId="ddec4fbc-6050-45d2-a292-18b3e648bb2a" testListId="ed89220b-41c6-4987-a76d-a2b833eca3cb" />
    <TestEntry testId="ce19bcc6-4da0-40b8-9eb8-d020ea1a1393" executionId="2b19ad79-15c9-44fa-bbc7-67313dd89d1f" testListId="ed89220b-41c6-4987-a76d-a2b833eca3cb" />
    <TestEntry testId="1ed9e654-1e32-4ab3-ab13-017470aa0474" executionId="92cf0741-bfac-4ffa-8501-dfb65cfd655f" testListId="ed89220b-41c6-4987-a76d-a2b833eca3cb" />
    <TestEntry testId="d152e503-0b34-41ce-b857-787a3b7584ac" executionId="79f7d6e4-1c99-4e51-a8f3-60c295a05136" testListId="ed89220b-41c6-4987-a76d-a2b833eca3cb" />
    <TestEntry testId="996a07b9-004c-4790-9dd8-58f7690b2e9f" executionId="3e8eb5da-1502-48a1-95af-8a63d66c511c" testListId="ed89220b-41c6-4987-a76d-a2b833eca3cb" />
    <TestEntry testId="d9df224c-aca9-4dae-9f02-9bb0a9fe5d1a" executionId="87c23510-d881-4ef9-a616-1ffa0367cb4f" testListId="ed89220b-41c6-4987-a76d-a2b833eca3cb" />
    <TestEntry testId="10c99cd2-74ed-42ef-bab6-daae8b3debde" executionId="f3574182-84d7-487f-95e7-6f296368b8e6" testListId="ed89220b-41c6-4987-a76d-a2b833eca3cb" />
    <TestEntry testId="9da78798-6a35-438a-8542-34b0e96bf5a6" executionId="d38891d4-1b50-4481-be7d-4be34eb09856" testListId="ed89220b-41c6-4987-a76d-a2b833eca3cb" />
    <TestEntry testId="4793d0e6-c0a8-40d6-bd87-bcf9a5f9505f" executionId="28d1b011-5195-4f95-b881-ae7b570a1489" testListId="ed89220b-41c6-4987-a76d-a2b833eca3cb" />
    <TestEntry testId="f174909b-7731-4564-a5b5-3b3318fbc10a" executionId="af66ba8f-29cb-4107-bf6c-223d92de4238" testListId="ed89220b-41c6-4987-a76d-a2b833eca3cb" />
    <TestEntry testId="3ec25e8e-2d8d-470b-abc6-5365db37a141" executionId="988c3b61-645a-40ca-ba0f-d5773b05b337" testListId="ed89220b-41c6-4987-a76d-a2b833eca3cb" />
    <TestEntry testId="f35b3766-ecac-40f0-b750-a9e4523d20ea" executionId="360b7315-1709-4a7c-8b2b-0f6588384267" testListId="ed89220b-41c6-4987-a76d-a2b833eca3cb" />
    <TestEntry testId="45a589a5-3fd7-4b17-8699-e44984864625" executionId="34f2613e-fd93-4047-a4d6-673a0a759beb" testListId="ed89220b-41c6-4987-a76d-a2b833eca3cb" />
    <TestEntry testId="7aa0e50e-2570-4dca-990d-fe6e44b9ad64" executionId="2e329238-f24a-4d8c-9695-ed292f6f21ee" testListId="ed89220b-41c6-4987-a76d-a2b833eca3cb" />
    <TestEntry testId="c389c716-df9b-4f98-be83-f9264d500339" executionId="ffb9890d-b540-4cff-b6aa-95ab8515919a" testListId="ed89220b-41c6-4987-a76d-a2b833eca3cb" />
    <TestEntry testId="93e36084-94cb-4db2-87d7-d56c7fa6e849" executionId="113d9190-44bf-4220-aa42-6a112da166c6" testListId="ed89220b-41c6-4987-a76d-a2b833eca3cb" />
    <TestEntry testId="0e622b51-88b4-4181-bdae-323a57830a55" executionId="45fb55ef-749c-409e-8ff7-7c0d46e9e6a4" testListId="ed89220b-41c6-4987-a76d-a2b833eca3cb" />
    <TestEntry testId="4a012651-d778-4a85-a009-18d81fc7bcbb" executionId="3a377153-2695-4882-a46b-06ad674ede33" testListId="ed89220b-41c6-4987-a76d-a2b833eca3cb" />
    <TestEntry testId="08d34db1-cb6c-4cdd-878b-d688ff99402f" executionId="4dd3b1fb-45ac-40d0-b1ca-f33e855cf9cd" testListId="ed89220b-41c6-4987-a76d-a2b833eca3cb" />
    <TestEntry testId="80f44a75-3aea-4f90-8b40-d9c6fa1b7999" executionId="d19a2c16-17dc-4a7d-9e38-b2e9c2493cd1" testListId="ed89220b-41c6-4987-a76d-a2b833eca3cb" />
    <TestEntry testId="f53e1fee-f1cd-4c73-910c-ea4a4a8ce33b" executionId="6a2fae3c-dd22-440e-9ddc-41da3d6d67fe" testListId="ed89220b-41c6-4987-a76d-a2b833eca3cb" />
    <TestEntry testId="08a25e8c-3381-45ac-988d-11223704b985" executionId="2767786d-398c-4cf3-8e29-a9923248eb6f" testListId="ed89220b-41c6-4987-a76d-a2b833eca3cb" />
    <TestEntry testId="33831c18-420e-4ade-a1b0-4b111b3e22ad" executionId="4c827726-da47-4272-897e-22e2de97fea6" testListId="ed89220b-41c6-4987-a76d-a2b833eca3cb" />
    <TestEntry testId="fa1f81fc-94fa-4393-9761-8fcd7cae296d" executionId="04ffa056-4534-42d8-b022-2354b202c619" testListId="ed89220b-41c6-4987-a76d-a2b833eca3cb" />
    <TestEntry testId="0ed611b5-57e6-4e81-bbdf-12c19375f816" executionId="010a5ed9-853e-4c05-9509-95d3488d3483" testListId="ed89220b-41c6-4987-a76d-a2b833eca3cb" />
    <TestEntry testId="09d32b5e-90e1-4a97-97fa-419af28a51d7" executionId="b434c615-6999-4bff-887a-d04fdb774e3e" testListId="ed89220b-41c6-4987-a76d-a2b833eca3cb" />
    <TestEntry testId="efb4c221-4892-470d-b379-144323005837" executionId="fdb389e3-a637-4b77-aaa6-1720b3a68f4a" testListId="ed89220b-41c6-4987-a76d-a2b833eca3cb" />
    <TestEntry testId="b13193eb-81c5-45ac-adc7-1a6771c39593" executionId="c4b35467-d2eb-49bb-a9b3-0a0cc2336d0c" testListId="ed89220b-41c6-4987-a76d-a2b833eca3cb" />
    <TestEntry testId="287284b8-5dd9-4ad9-b9f8-27334c325c46" executionId="c72eef71-66fe-455d-861e-ea87ed944ffd" testListId="ed89220b-41c6-4987-a76d-a2b833eca3cb" />
    <TestEntry testId="158eeac2-c78f-439b-87e6-1a182758ec54" executionId="0810c67b-d7d1-431f-bf7c-d1e51cdba69a" testListId="ed89220b-41c6-4987-a76d-a2b833eca3cb" />
    <TestEntry testId="ddd7129a-3660-4ee9-9aae-a3eb4ee5830c" executionId="c2741997-507a-4f94-8622-6fd11f3f24c4" testListId="ed89220b-41c6-4987-a76d-a2b833eca3cb" />
    <TestEntry testId="31baaa17-af54-4275-b976-9e6ee1528161" executionId="8a52553a-da3a-4f3b-ab5a-8680da095151" testListId="ed89220b-41c6-4987-a76d-a2b833eca3cb" />
    <TestEntry testId="6fc469a6-6494-4e1e-b70e-325e488913e2" executionId="87ef3152-02a7-40c4-a728-bdaf1939eb32" testListId="ed89220b-41c6-4987-a76d-a2b833eca3cb" />
    <TestEntry testId="10971e19-e023-4d17-9126-5e00f993e2c3" executionId="ca24ffa3-3a15-4db7-8e8c-b768edada6e2" testListId="ed89220b-41c6-4987-a76d-a2b833eca3cb" />
  </TestEntries>
  <TestLists>
    <TestList name="Results Not in a List" id="ed89220b-41c6-4987-a76d-a2b833eca3cb" />
    <TestList name="All Loaded Results" id="235f08d2-b762-493f-a9e2-313167a2b14c" />
  </TestLists>
</TestRun>