<?xml version="1.0" encoding="UTF-8"?>
<TestRun id="5843219b-f1ec-404c-9372-9eda1b80ca48" name="Test Run 39" runUser="Oles Galatsan" xmlns="http://microsoft.com/schemas/VisualStudio/TeamTest/2010">
  <Times creation="2025-05-14T13:20:31.3125482Z" queuing="2025-05-14T13:20:31.3125482Z" start="2025-05-14T13:20:31.3146610Z" finish="2025-05-14T13:25:31.3147553Z" />
  <TestSettings name="Test Settings 39" id="d23c609f-d5f6-4d3c-871b-746a7adbd670" />
  <Results>
    <UnitTestResult executionId="bbc2a659-3be3-46f7-b049-37cdbc53e004" testId="806f5fc5-1dfb-4a60-88aa-ab3453376926" testName="Test3801" computerName="UA-LPT-OGA2" duration="00:00:00.4420000" startTime="2025-05-14T13:20:31.3146610Z" endTime="2025-05-14T13:25:31.3147553Z" testType="13cdc9d9-ddb5-4fa4-a97d-d965ccfc6d4b" outcome="Passed" testListId="a416758f-b60d-4d67-b5ad-91333b277ca0" />
    <UnitTestResult executionId="7ca1c2c3-8cd5-49fe-99bd-a705a13719fc" testId="513e0a10-99a6-4b95-9256-8ceed3cb4ba9" testName="Test3802" computerName="UA-LPT-OGA2" duration="00:00:01.7340000" startTime="2025-05-14T13:20:31.3146610Z" endTime="2025-05-14T13:25:31.3147553Z" testType="13cdc9d9-ddb5-4fa4-a97d-d965ccfc6d4b" outcome="Failed" testListId="a416758f-b60d-4d67-b5ad-91333b277ca0">
      <Output>
        <ErrorInfo>
          <Message>Assertion failed: Expected value did not match actual value.</Message>
          <StackTrace>   at TestNamespace.TestClass.Test() in TestClass.cs:line 449</StackTrace>
        </ErrorInfo>
      </Output>
    </UnitTestResult>
    <UnitTestResult executionId="3042160f-9255-4074-ba6f-fca548aa1768" testId="9deb12e7-3734-4688-ac6b-d0e3b4ea1aec" testName="Test3803" computerName="UA-LPT-OGA2" duration="00:00:00.8660000" startTime="2025-05-14T13:20:31.3146610Z" endTime="2025-05-14T13:25:31.3147553Z" testType="13cdc9d9-ddb5-4fa4-a97d-d965ccfc6d4b" outcome="Passed" testListId="a416758f-b60d-4d67-b5ad-91333b277ca0" />
    <UnitTestResult executionId="7b15799f-f680-4635-9834-f2fe8215c0a6" testId="499b08a7-6de7-464f-9e9b-70220f0c9b64" testName="Test3804" computerName="UA-LPT-OGA2" duration="00:00:00.1960000" startTime="2025-05-14T13:20:31.3146610Z" endTime="2025-05-14T13:25:31.3147553Z" testType="13cdc9d9-ddb5-4fa4-a97d-d965ccfc6d4b" outcome="Passed" testListId="a416758f-b60d-4d67-b5ad-91333b277ca0" />
    <UnitTestResult executionId="a71e2eae-1724-4d30-aba7-ecbd3163c1b3" testId="a8e5cf61-bbfe-4e1f-b3f4-ce0d7e3430c3" testName="Test3805" computerName="UA-LPT-OGA2" duration="00:00:01.7820000" startTime="2025-05-14T13:20:31.3146610Z" endTime="2025-05-14T13:25:31.3147553Z" testType="13cdc9d9-ddb5-4fa4-a97d-d965ccfc6d4b" outcome="Passed" testListId="a416758f-b60d-4d67-b5ad-91333b277ca0" />
    <UnitTestResult executionId="c99f37d9-097c-4651-a497-069375916574" testId="4822a806-9e25-4cf2-8f1b-45dae19be378" testName="Test3806" computerName="UA-LPT-OGA2" duration="00:00:01.0960000" startTime="2025-05-14T13:20:31.3146610Z" endTime="2025-05-14T13:25:31.3147553Z" testType="13cdc9d9-ddb5-4fa4-a97d-d965ccfc6d4b" outcome="Passed" testListId="a416758f-b60d-4d67-b5ad-91333b277ca0" />
    <UnitTestResult executionId="e73f9d8e-3b50-4a64-8d0d-f6102bcbb0a7" testId="f5b4ff33-50ec-4ad3-a0f4-f88473faa773" testName="Test3807" computerName="UA-LPT-OGA2" duration="00:00:01.6480000" startTime="2025-05-14T13:20:31.3146610Z" endTime="2025-05-14T13:25:31.3147553Z" testType="13cdc9d9-ddb5-4fa4-a97d-d965ccfc6d4b" outcome="Passed" testListId="a416758f-b60d-4d67-b5ad-91333b277ca0" />
    <UnitTestResult executionId="6404ae7b-ecd9-4b9c-bfea-e0a77845f45c" testId="bcc821b2-a779-4a94-8b6c-99fb763ac456" testName="Test3808" computerName="UA-LPT-OGA2" duration="00:00:01.8610000" startTime="2025-05-14T13:20:31.3146610Z" endTime="2025-05-14T13:25:31.3147553Z" testType="13cdc9d9-ddb5-4fa4-a97d-d965ccfc6d4b" outcome="Passed" testListId="a416758f-b60d-4d67-b5ad-91333b277ca0" />
    <UnitTestResult executionId="02323378-3b32-4d5c-be34-cd357280f45f" testId="db0c475c-b3d8-4578-8aa2-ee062a2c13d4" testName="Test3809" computerName="UA-LPT-OGA2" duration="00:00:01.7130000" startTime="2025-05-14T13:20:31.3146610Z" endTime="2025-05-14T13:25:31.3147553Z" testType="13cdc9d9-ddb5-4fa4-a97d-d965ccfc6d4b" outcome="Passed" testListId="a416758f-b60d-4d67-b5ad-91333b277ca0" />
    <UnitTestResult executionId="e88fc4eb-5b57-41d8-a9db-d5b30ca3ff34" testId="de05387e-03cf-47c5-b30e-397f1e926c29" testName="Test3810" computerName="UA-LPT-OGA2" duration="00:00:01.2940000" startTime="2025-05-14T13:20:31.3146610Z" endTime="2025-05-14T13:25:31.3147553Z" testType="13cdc9d9-ddb5-4fa4-a97d-d965ccfc6d4b" outcome="Passed" testListId="a416758f-b60d-4d67-b5ad-91333b277ca0" />
    <UnitTestResult executionId="10697819-ff76-437e-aa9c-1e9d1bef1aec" testId="41452442-efd0-405f-a6cc-78283a488965" testName="Test3811" computerName="UA-LPT-OGA2" duration="00:00:01.6800000" startTime="2025-05-14T13:20:31.3146610Z" endTime="2025-05-14T13:25:31.3147553Z" testType="13cdc9d9-ddb5-4fa4-a97d-d965ccfc6d4b" outcome="Passed" testListId="a416758f-b60d-4d67-b5ad-91333b277ca0" />
    <UnitTestResult executionId="8d949c24-0b9c-41db-94f2-2cad67038ea4" testId="0a3328a3-08d5-40a9-8073-f4b6b62971c9" testName="Test3812" computerName="UA-LPT-OGA2" duration="00:00:00.6910000" startTime="2025-05-14T13:20:31.3146610Z" endTime="2025-05-14T13:25:31.3147553Z" testType="13cdc9d9-ddb5-4fa4-a97d-d965ccfc6d4b" outcome="Passed" testListId="a416758f-b60d-4d67-b5ad-91333b277ca0" />
    <UnitTestResult executionId="cd348c7e-38f3-4bd3-b912-263bc4e5f154" testId="6ecd6fd5-782d-4e03-aa0a-dcd34e087631" testName="Test3813" computerName="UA-LPT-OGA2" duration="00:00:00.1010000" startTime="2025-05-14T13:20:31.3146610Z" endTime="2025-05-14T13:25:31.3147553Z" testType="13cdc9d9-ddb5-4fa4-a97d-d965ccfc6d4b" outcome="Passed" testListId="a416758f-b60d-4d67-b5ad-91333b277ca0" />
    <UnitTestResult executionId="8778fb0f-1334-414a-84a9-1a051e179b83" testId="b52db9ef-f523-48c1-a725-bc5454d9e899" testName="Test3814" computerName="UA-LPT-OGA2" duration="00:00:01.3000000" startTime="2025-05-14T13:20:31.3146610Z" endTime="2025-05-14T13:25:31.3147553Z" testType="13cdc9d9-ddb5-4fa4-a97d-d965ccfc6d4b" outcome="Passed" testListId="a416758f-b60d-4d67-b5ad-91333b277ca0" />
    <UnitTestResult executionId="491fa8bb-e4ff-4787-8771-ac8a74c20ed7" testId="621cc604-e247-4557-a40a-78976caeb39e" testName="Test3815" computerName="UA-LPT-OGA2" duration="00:00:01.1200000" startTime="2025-05-14T13:20:31.3146610Z" endTime="2025-05-14T13:25:31.3147553Z" testType="13cdc9d9-ddb5-4fa4-a97d-d965ccfc6d4b" outcome="Passed" testListId="a416758f-b60d-4d67-b5ad-91333b277ca0" />
    <UnitTestResult executionId="db3b963b-5060-43f8-82f4-f9e00b51ac61" testId="76da66ef-5673-4904-bbd1-ea5a5e8e325d" testName="Test3816" computerName="UA-LPT-OGA2" duration="00:00:00.6780000" startTime="2025-05-14T13:20:31.3146610Z" endTime="2025-05-14T13:25:31.3147553Z" testType="13cdc9d9-ddb5-4fa4-a97d-d965ccfc6d4b" outcome="Passed" testListId="a416758f-b60d-4d67-b5ad-91333b277ca0" />
    <UnitTestResult executionId="7d0aae27-5a80-426a-95a7-692b66b55cc5" testId="227cf7cd-9206-4894-a91c-9a846c052071" testName="Test3817" computerName="UA-LPT-OGA2" duration="00:00:01.6780000" startTime="2025-05-14T13:20:31.3146610Z" endTime="2025-05-14T13:25:31.3147553Z" testType="13cdc9d9-ddb5-4fa4-a97d-d965ccfc6d4b" outcome="Passed" testListId="a416758f-b60d-4d67-b5ad-91333b277ca0" />
    <UnitTestResult executionId="d5fe1d69-2f22-41a1-aff0-f2a7e51440ba" testId="8ccd60d3-1642-4088-93e3-0a1fcc160c12" testName="Test3818" computerName="UA-LPT-OGA2" duration="00:00:01.7330000" startTime="2025-05-14T13:20:31.3146610Z" endTime="2025-05-14T13:25:31.3147553Z" testType="13cdc9d9-ddb5-4fa4-a97d-d965ccfc6d4b" outcome="Passed" testListId="a416758f-b60d-4d67-b5ad-91333b277ca0" />
    <UnitTestResult executionId="8abefcc8-6859-4a77-81eb-fe9d44c58e12" testId="271bab2e-0c8c-417e-b5e4-c1fc5bdbc7ee" testName="Test3819" computerName="UA-LPT-OGA2" duration="00:00:00.6450000" startTime="2025-05-14T13:20:31.3146610Z" endTime="2025-05-14T13:25:31.3147553Z" testType="13cdc9d9-ddb5-4fa4-a97d-d965ccfc6d4b" outcome="Passed" testListId="a416758f-b60d-4d67-b5ad-91333b277ca0" />
    <UnitTestResult executionId="5c4f96c4-f224-4456-867b-62c46e0d4a2f" testId="89e75c13-9676-41d3-b9a0-067e31faafa8" testName="Test3820" computerName="UA-LPT-OGA2" duration="00:00:01.4270000" startTime="2025-05-14T13:20:31.3146610Z" endTime="2025-05-14T13:25:31.3147553Z" testType="13cdc9d9-ddb5-4fa4-a97d-d965ccfc6d4b" outcome="Passed" testListId="a416758f-b60d-4d67-b5ad-91333b277ca0" />
    <UnitTestResult executionId="fd6dec37-316e-40e0-b08f-20813013021e" testId="5e7b71af-1e4d-484d-949f-e5a97f24b7e0" testName="Test3821" computerName="UA-LPT-OGA2" duration="00:00:01.6560000" startTime="2025-05-14T13:20:31.3146610Z" endTime="2025-05-14T13:25:31.3147553Z" testType="13cdc9d9-ddb5-4fa4-a97d-d965ccfc6d4b" outcome="Passed" testListId="a416758f-b60d-4d67-b5ad-91333b277ca0" />
    <UnitTestResult executionId="4f997da7-8e33-4423-8ea3-686fcd8a9aa0" testId="6d16bea9-b9e1-42e3-b857-5c909a1dab82" testName="Test3822" computerName="UA-LPT-OGA2" duration="00:00:01.2290000" startTime="2025-05-14T13:20:31.3146610Z" endTime="2025-05-14T13:25:31.3147553Z" testType="13cdc9d9-ddb5-4fa4-a97d-d965ccfc6d4b" outcome="Passed" testListId="a416758f-b60d-4d67-b5ad-91333b277ca0" />
    <UnitTestResult executionId="ecd12193-62ab-4ec9-9fb8-7bdd58bb91c9" testId="5d8442ba-e258-40ca-ab65-5bd2eafbfd7e" testName="Test3823" computerName="UA-LPT-OGA2" duration="00:00:00.6240000" startTime="2025-05-14T13:20:31.3146610Z" endTime="2025-05-14T13:25:31.3147553Z" testType="13cdc9d9-ddb5-4fa4-a97d-d965ccfc6d4b" outcome="Passed" testListId="a416758f-b60d-4d67-b5ad-91333b277ca0" />
    <UnitTestResult executionId="24127ed5-8af1-4b2d-98de-0da2f931b08a" testId="fb212a85-7e1b-4ee8-8f86-72aba3d7afeb" testName="Test3824" computerName="UA-LPT-OGA2" duration="00:00:01.1680000" startTime="2025-05-14T13:20:31.3146610Z" endTime="2025-05-14T13:25:31.3147553Z" testType="13cdc9d9-ddb5-4fa4-a97d-d965ccfc6d4b" outcome="Passed" testListId="a416758f-b60d-4d67-b5ad-91333b277ca0" />
    <UnitTestResult executionId="dd72839b-6301-4adc-97f7-24cbe772b516" testId="5615c2c2-aa8c-44be-b757-7b400545f137" testName="Test3825" computerName="UA-LPT-OGA2" duration="00:00:01.8670000" startTime="2025-05-14T13:20:31.3146610Z" endTime="2025-05-14T13:25:31.3147553Z" testType="13cdc9d9-ddb5-4fa4-a97d-d965ccfc6d4b" outcome="Passed" testListId="a416758f-b60d-4d67-b5ad-91333b277ca0" />
    <UnitTestResult executionId="43ef5183-e48e-4225-aefe-3b56585dd161" testId="8601e594-e12e-4930-9f78-e31662064286" testName="Test3826" computerName="UA-LPT-OGA2" duration="00:00:00.6820000" startTime="2025-05-14T13:20:31.3146610Z" endTime="2025-05-14T13:25:31.3147553Z" testType="13cdc9d9-ddb5-4fa4-a97d-d965ccfc6d4b" outcome="Passed" testListId="a416758f-b60d-4d67-b5ad-91333b277ca0" />
    <UnitTestResult executionId="0978783f-ac46-469e-9c60-83e564187137" testId="52016295-e415-4096-8218-81927740c928" testName="Test3827" computerName="UA-LPT-OGA2" duration="00:00:00.6780000" startTime="2025-05-14T13:20:31.3146610Z" endTime="2025-05-14T13:25:31.3147553Z" testType="13cdc9d9-ddb5-4fa4-a97d-d965ccfc6d4b" outcome="Passed" testListId="a416758f-b60d-4d67-b5ad-91333b277ca0" />
    <UnitTestResult executionId="df57993d-05c3-42b1-90d8-637873eda940" testId="40eed739-291d-430d-ba5c-95cb3951ec18" testName="Test3828" computerName="UA-LPT-OGA2" duration="00:00:00.2300000" startTime="2025-05-14T13:20:31.3146610Z" endTime="2025-05-14T13:25:31.3147553Z" testType="13cdc9d9-ddb5-4fa4-a97d-d965ccfc6d4b" outcome="Passed" testListId="a416758f-b60d-4d67-b5ad-91333b277ca0" />
    <UnitTestResult executionId="88c81694-597b-44ce-b8ae-8e5b5a7edc6a" testId="dd6688d2-ea02-4db8-b23d-548337d1ed00" testName="Test3829" computerName="UA-LPT-OGA2" duration="00:00:01.2660000" startTime="2025-05-14T13:20:31.3146610Z" endTime="2025-05-14T13:25:31.3147553Z" testType="13cdc9d9-ddb5-4fa4-a97d-d965ccfc6d4b" outcome="Passed" testListId="a416758f-b60d-4d67-b5ad-91333b277ca0" />
    <UnitTestResult executionId="1c4192e0-0315-47fc-af0d-a732fcf2dc75" testId="fb6bbbc8-06cd-4f86-910a-ba2e821b7c73" testName="Test3830" computerName="UA-LPT-OGA2" duration="00:00:00.4790000" startTime="2025-05-14T13:20:31.3146610Z" endTime="2025-05-14T13:25:31.3147553Z" testType="13cdc9d9-ddb5-4fa4-a97d-d965ccfc6d4b" outcome="Passed" testListId="a416758f-b60d-4d67-b5ad-91333b277ca0" />
    <UnitTestResult executionId="89fb3b46-9426-4f7f-ae05-b8d4ca4d6ad8" testId="0c436649-6ec1-4f6d-9932-ec26a62079e1" testName="Test3831" computerName="UA-LPT-OGA2" duration="00:00:01.0660000" startTime="2025-05-14T13:20:31.3146610Z" endTime="2025-05-14T13:25:31.3147553Z" testType="13cdc9d9-ddb5-4fa4-a97d-d965ccfc6d4b" outcome="Passed" testListId="a416758f-b60d-4d67-b5ad-91333b277ca0" />
    <UnitTestResult executionId="d55d93f4-31d4-4e98-a8f4-a862cc8a6d41" testId="62264c01-3584-44ee-9e2e-e1acd6d5673a" testName="Test3832" computerName="UA-LPT-OGA2" duration="00:00:01.8110000" startTime="2025-05-14T13:20:31.3146610Z" endTime="2025-05-14T13:25:31.3147553Z" testType="13cdc9d9-ddb5-4fa4-a97d-d965ccfc6d4b" outcome="Failed" testListId="a416758f-b60d-4d67-b5ad-91333b277ca0">
      <Output>
        <ErrorInfo>
          <Message>Assertion failed: Expected value did not match actual value.</Message>
          <StackTrace>   at TestNamespace.TestClass.Test() in TestClass.cs:line 483</StackTrace>
        </ErrorInfo>
      </Output>
    </UnitTestResult>
    <UnitTestResult executionId="e31affed-88dd-4574-aa52-fb94dcbb00a8" testId="f54e5926-6c9d-4f19-b54b-af2b51997e26" testName="Test3833" computerName="UA-LPT-OGA2" duration="00:00:01.8180000" startTime="2025-05-14T13:20:31.3146610Z" endTime="2025-05-14T13:25:31.3147553Z" testType="13cdc9d9-ddb5-4fa4-a97d-d965ccfc6d4b" outcome="Passed" testListId="a416758f-b60d-4d67-b5ad-91333b277ca0" />
    <UnitTestResult executionId="a4ba8e7a-776d-4f24-9a45-682baf875210" testId="fc33d4b2-68be-4607-85e2-029f0b19c63b" testName="Test3834" computerName="UA-LPT-OGA2" duration="00:00:01.1980000" startTime="2025-05-14T13:20:31.3146610Z" endTime="2025-05-14T13:25:31.3147553Z" testType="13cdc9d9-ddb5-4fa4-a97d-d965ccfc6d4b" outcome="Passed" testListId="a416758f-b60d-4d67-b5ad-91333b277ca0" />
    <UnitTestResult executionId="c81040ea-aa5a-40d3-bab6-d286ab95fb07" testId="45d13ee2-7350-4e28-9698-f53372c32b3c" testName="Test3835" computerName="UA-LPT-OGA2" duration="00:00:00.7560000" startTime="2025-05-14T13:20:31.3146610Z" endTime="2025-05-14T13:25:31.3147553Z" testType="13cdc9d9-ddb5-4fa4-a97d-d965ccfc6d4b" outcome="Passed" testListId="a416758f-b60d-4d67-b5ad-91333b277ca0" />
    <UnitTestResult executionId="def0ccf9-437f-4f33-8203-55b144f8a713" testId="cf2d9da6-3ea3-4b2b-8725-8e2ffea4008c" testName="Test3836" computerName="UA-LPT-OGA2" duration="00:00:01.4850000" startTime="2025-05-14T13:20:31.3146610Z" endTime="2025-05-14T13:25:31.3147553Z" testType="13cdc9d9-ddb5-4fa4-a97d-d965ccfc6d4b" outcome="Passed" testListId="a416758f-b60d-4d67-b5ad-91333b277ca0" />
    <UnitTestResult executionId="377e1570-639c-4e7e-84bf-7fc5969ef245" testId="e584b6a2-d9d7-4e64-98b4-9641018dd770" testName="Test3837" computerName="UA-LPT-OGA2" duration="00:00:01.2930000" startTime="2025-05-14T13:20:31.3146610Z" endTime="2025-05-14T13:25:31.3147553Z" testType="13cdc9d9-ddb5-4fa4-a97d-d965ccfc6d4b" outcome="Passed" testListId="a416758f-b60d-4d67-b5ad-91333b277ca0" />
    <UnitTestResult executionId="bd15542d-a0bf-477b-ab89-86066cb531f6" testId="d1f8777b-b275-48f2-95d3-6871606898e9" testName="Test3838" computerName="UA-LPT-OGA2" duration="00:00:00.7860000" startTime="2025-05-14T13:20:31.3146610Z" endTime="2025-05-14T13:25:31.3147553Z" testType="13cdc9d9-ddb5-4fa4-a97d-d965ccfc6d4b" outcome="Passed" testListId="a416758f-b60d-4d67-b5ad-91333b277ca0" />
    <UnitTestResult executionId="afc53814-11ac-4bc7-bd72-50bbbb188427" testId="1c45195e-333a-4f89-99e1-d84d0577d233" testName="Test3839" computerName="UA-LPT-OGA2" duration="00:00:00.2270000" startTime="2025-05-14T13:20:31.3146610Z" endTime="2025-05-14T13:25:31.3147553Z" testType="13cdc9d9-ddb5-4fa4-a97d-d965ccfc6d4b" outcome="Passed" testListId="a416758f-b60d-4d67-b5ad-91333b277ca0" />
    <UnitTestResult executionId="d4782ed6-64ec-4916-b0a3-4c7b3cdfb848" testId="6d8173b9-aed3-4703-94ba-93f9c332b864" testName="Test3840" computerName="UA-LPT-OGA2" duration="00:00:01.5590000" startTime="2025-05-14T13:20:31.3146610Z" endTime="2025-05-14T13:25:31.3147553Z" testType="13cdc9d9-ddb5-4fa4-a97d-d965ccfc6d4b" outcome="Passed" testListId="a416758f-b60d-4d67-b5ad-91333b277ca0" />
    <UnitTestResult executionId="ba2b6ccf-07bc-4cf1-a610-4053e59dede1" testId="f0305d73-e18e-4009-a1dc-55d53a216e6f" testName="Test3841" computerName="UA-LPT-OGA2" duration="00:00:00.8330000" startTime="2025-05-14T13:20:31.3146610Z" endTime="2025-05-14T13:25:31.3147553Z" testType="13cdc9d9-ddb5-4fa4-a97d-d965ccfc6d4b" outcome="Passed" testListId="a416758f-b60d-4d67-b5ad-91333b277ca0" />
    <UnitTestResult executionId="b60f8389-7876-4aba-9386-30a58bea9bc5" testId="aabccf91-ee25-4b50-9222-0c653393b67a" testName="Test3842" computerName="UA-LPT-OGA2" duration="00:00:01.6860000" startTime="2025-05-14T13:20:31.3146610Z" endTime="2025-05-14T13:25:31.3147553Z" testType="13cdc9d9-ddb5-4fa4-a97d-d965ccfc6d4b" outcome="Passed" testListId="a416758f-b60d-4d67-b5ad-91333b277ca0" />
    <UnitTestResult executionId="a83476d1-84a8-4eb9-a180-34e1c3c3c48c" testId="3101addc-1738-42b8-a8c2-c52f6f8029d8" testName="Test3843" computerName="UA-LPT-OGA2" duration="00:00:01.6210000" startTime="2025-05-14T13:20:31.3146610Z" endTime="2025-05-14T13:25:31.3147553Z" testType="13cdc9d9-ddb5-4fa4-a97d-d965ccfc6d4b" outcome="Passed" testListId="a416758f-b60d-4d67-b5ad-91333b277ca0" />
    <UnitTestResult executionId="4e0e9f2a-2ea3-4313-9d86-c7f0638be1fc" testId="e7a7e4a6-427e-47b9-b798-4874f81adc03" testName="Test3844" computerName="UA-LPT-OGA2" duration="00:00:00.5320000" startTime="2025-05-14T13:20:31.3146610Z" endTime="2025-05-14T13:25:31.3147553Z" testType="13cdc9d9-ddb5-4fa4-a97d-d965ccfc6d4b" outcome="Passed" testListId="a416758f-b60d-4d67-b5ad-91333b277ca0" />
    <UnitTestResult executionId="950ac44a-792b-46d0-984a-a8e2b70621a0" testId="434e633c-d9a6-4c44-8adb-e3d77e4eace1" testName="Test3845" computerName="UA-LPT-OGA2" duration="00:00:01.3500000" startTime="2025-05-14T13:20:31.3146610Z" endTime="2025-05-14T13:25:31.3147553Z" testType="13cdc9d9-ddb5-4fa4-a97d-d965ccfc6d4b" outcome="Passed" testListId="a416758f-b60d-4d67-b5ad-91333b277ca0" />
    <UnitTestResult executionId="6f40cd38-bdb2-4106-a4b3-9b3f3add2e5e" testId="4d4f6901-1247-4438-aa9b-361cba68b75b" testName="Test3846" computerName="UA-LPT-OGA2" duration="00:00:01.5510000" startTime="2025-05-14T13:20:31.3146610Z" endTime="2025-05-14T13:25:31.3147553Z" testType="13cdc9d9-ddb5-4fa4-a97d-d965ccfc6d4b" outcome="Passed" testListId="a416758f-b60d-4d67-b5ad-91333b277ca0" />
    <UnitTestResult executionId="a402fd0f-cd0e-4d5e-bfa3-5652dad81447" testId="a4ed0a25-41da-4ab2-8b77-5d4ea77bebd9" testName="Test3847" computerName="UA-LPT-OGA2" duration="00:00:01.0940000" startTime="2025-05-14T13:20:31.3146610Z" endTime="2025-05-14T13:25:31.3147553Z" testType="13cdc9d9-ddb5-4fa4-a97d-d965ccfc6d4b" outcome="Passed" testListId="a416758f-b60d-4d67-b5ad-91333b277ca0" />
    <UnitTestResult executionId="7243b076-7a7a-46f6-99f8-b0c03103f3ba" testId="2be7fb89-1d70-480a-9c65-0e3cb5abf256" testName="Test3848" computerName="UA-LPT-OGA2" duration="00:00:00.1110000" startTime="2025-05-14T13:20:31.3146610Z" endTime="2025-05-14T13:25:31.3147553Z" testType="13cdc9d9-ddb5-4fa4-a97d-d965ccfc6d4b" outcome="Passed" testListId="a416758f-b60d-4d67-b5ad-91333b277ca0" />
    <UnitTestResult executionId="45f2c197-87c1-469f-a6cc-43f5d6a07da3" testId="6b712e72-668a-431a-9df8-1a14313a64be" testName="Test3849" computerName="UA-LPT-OGA2" duration="00:00:01.2240000" startTime="2025-05-14T13:20:31.3146610Z" endTime="2025-05-14T13:25:31.3147553Z" testType="13cdc9d9-ddb5-4fa4-a97d-d965ccfc6d4b" outcome="Passed" testListId="a416758f-b60d-4d67-b5ad-91333b277ca0" />
    <UnitTestResult executionId="ce367dcf-63db-48d1-b941-70e2142b74ac" testId="03e5284c-3bed-4203-960f-b5420731f5db" testName="Test3850" computerName="UA-LPT-OGA2" duration="00:00:00.4180000" startTime="2025-05-14T13:20:31.3146610Z" endTime="2025-05-14T13:25:31.3147553Z" testType="13cdc9d9-ddb5-4fa4-a97d-d965ccfc6d4b" outcome="Passed" testListId="a416758f-b60d-4d67-b5ad-91333b277ca0" />
    <UnitTestResult executionId="56dca720-520f-4c31-b15b-092f5acbdf03" testId="5c4585d0-1b12-452a-b526-9a7673f6f952" testName="Test3851" computerName="UA-LPT-OGA2" duration="00:00:00.4770000" startTime="2025-05-14T13:20:31.3146610Z" endTime="2025-05-14T13:25:31.3147553Z" testType="13cdc9d9-ddb5-4fa4-a97d-d965ccfc6d4b" outcome="Passed" testListId="a416758f-b60d-4d67-b5ad-91333b277ca0" />
    <UnitTestResult executionId="e1614000-2124-4d73-ad4b-727cc0b52de2" testId="68dc3339-948e-4d58-8800-15be8a2cd649" testName="Test3852" computerName="UA-LPT-OGA2" duration="00:00:00.6670000" startTime="2025-05-14T13:20:31.3146610Z" endTime="2025-05-14T13:25:31.3147553Z" testType="13cdc9d9-ddb5-4fa4-a97d-d965ccfc6d4b" outcome="Passed" testListId="a416758f-b60d-4d67-b5ad-91333b277ca0" />
    <UnitTestResult executionId="58cd7b05-b3b0-4c09-8d94-9ae82fb61153" testId="96edd621-b215-4a2b-9577-678d266dfe8c" testName="Test3853" computerName="UA-LPT-OGA2" duration="00:00:01.8600000" startTime="2025-05-14T13:20:31.3146610Z" endTime="2025-05-14T13:25:31.3147553Z" testType="13cdc9d9-ddb5-4fa4-a97d-d965ccfc6d4b" outcome="Passed" testListId="a416758f-b60d-4d67-b5ad-91333b277ca0" />
    <UnitTestResult executionId="2b9a1e2d-7689-4439-b8ed-ac790fe24743" testId="604af1dd-cd9f-4569-ad30-692ba6ab58e5" testName="Test3854" computerName="UA-LPT-OGA2" duration="00:00:00.0260000" startTime="2025-05-14T13:20:31.3146610Z" endTime="2025-05-14T13:25:31.3147553Z" testType="13cdc9d9-ddb5-4fa4-a97d-d965ccfc6d4b" outcome="Passed" testListId="a416758f-b60d-4d67-b5ad-91333b277ca0" />
    <UnitTestResult executionId="cc6d9f20-31d0-41c1-a2e2-3e3f8aafcf18" testId="4dac8464-8394-4c55-bfa8-70f9a39a1069" testName="Test3855" computerName="UA-LPT-OGA2" duration="00:00:00.4100000" startTime="2025-05-14T13:20:31.3146610Z" endTime="2025-05-14T13:25:31.3147553Z" testType="13cdc9d9-ddb5-4fa4-a97d-d965ccfc6d4b" outcome="Passed" testListId="a416758f-b60d-4d67-b5ad-91333b277ca0" />
    <UnitTestResult executionId="633f8565-26ec-40bc-8d88-845efe61e848" testId="44fd9e8a-eab1-4414-8eb2-6f50cd30cf77" testName="Test3856" computerName="UA-LPT-OGA2" duration="00:00:00.3690000" startTime="2025-05-14T13:20:31.3146610Z" endTime="2025-05-14T13:25:31.3147553Z" testType="13cdc9d9-ddb5-4fa4-a97d-d965ccfc6d4b" outcome="Passed" testListId="a416758f-b60d-4d67-b5ad-91333b277ca0" />
    <UnitTestResult executionId="a03416f6-4761-43bc-8c64-697d74ce62ab" testId="86a3908b-fb08-4f2c-8e76-62aea9051c73" testName="Test3857" computerName="UA-LPT-OGA2" duration="00:00:00.5360000" startTime="2025-05-14T13:20:31.3146610Z" endTime="2025-05-14T13:25:31.3147553Z" testType="13cdc9d9-ddb5-4fa4-a97d-d965ccfc6d4b" outcome="Failed" testListId="a416758f-b60d-4d67-b5ad-91333b277ca0">
      <Output>
        <ErrorInfo>
          <Message>Assertion failed: Expected value did not match actual value.</Message>
          <StackTrace>   at TestNamespace.TestClass.Test() in TestClass.cs:line 97</StackTrace>
        </ErrorInfo>
      </Output>
    </UnitTestResult>
    <UnitTestResult executionId="72c91b4a-2b2a-4e9a-aea6-53f00bbc6e1e" testId="367d560f-8459-4c05-a12e-dee7a2b6a201" testName="Test3858" computerName="UA-LPT-OGA2" duration="00:00:01.9500000" startTime="2025-05-14T13:20:31.3146610Z" endTime="2025-05-14T13:25:31.3147553Z" testType="13cdc9d9-ddb5-4fa4-a97d-d965ccfc6d4b" outcome="Passed" testListId="a416758f-b60d-4d67-b5ad-91333b277ca0" />
    <UnitTestResult executionId="c1d83c77-691b-4df5-89c2-bd5e87626819" testId="a16e35c6-699e-4e08-b19c-21faad7e1ba7" testName="Test3859" computerName="UA-LPT-OGA2" duration="00:00:00.7530000" startTime="2025-05-14T13:20:31.3146610Z" endTime="2025-05-14T13:25:31.3147553Z" testType="13cdc9d9-ddb5-4fa4-a97d-d965ccfc6d4b" outcome="Passed" testListId="a416758f-b60d-4d67-b5ad-91333b277ca0" />
    <UnitTestResult executionId="d0050f53-c848-4e40-9509-396ae3de9b3d" testId="e74d7249-d335-4957-9261-9f6fbe46795b" testName="Test3860" computerName="UA-LPT-OGA2" duration="00:00:00.4940000" startTime="2025-05-14T13:20:31.3146610Z" endTime="2025-05-14T13:25:31.3147553Z" testType="13cdc9d9-ddb5-4fa4-a97d-d965ccfc6d4b" outcome="Passed" testListId="a416758f-b60d-4d67-b5ad-91333b277ca0" />
    <UnitTestResult executionId="e75f1097-2678-4479-8c12-ecae2f9a19ad" testId="1182ab01-b463-4c05-9cc8-d8acdb1b2abf" testName="Test3861" computerName="UA-LPT-OGA2" duration="00:00:01.1580000" startTime="2025-05-14T13:20:31.3146610Z" endTime="2025-05-14T13:25:31.3147553Z" testType="13cdc9d9-ddb5-4fa4-a97d-d965ccfc6d4b" outcome="Failed" testListId="a416758f-b60d-4d67-b5ad-91333b277ca0">
      <Output>
        <ErrorInfo>
          <Message>Assertion failed: Expected value did not match actual value.</Message>
          <StackTrace>   at TestNamespace.TestClass.Test() in TestClass.cs:line 216</StackTrace>
        </ErrorInfo>
      </Output>
    </UnitTestResult>
    <UnitTestResult executionId="a26688fe-48b3-436e-8f3f-7dffc2f69033" testId="bbd44a8d-e837-450f-b2cc-a460d0bfe658" testName="Test3862" computerName="UA-LPT-OGA2" duration="00:00:00.5630000" startTime="2025-05-14T13:20:31.3146610Z" endTime="2025-05-14T13:25:31.3147553Z" testType="13cdc9d9-ddb5-4fa4-a97d-d965ccfc6d4b" outcome="Passed" testListId="a416758f-b60d-4d67-b5ad-91333b277ca0" />
    <UnitTestResult executionId="0c309c67-3fc4-4fba-adfe-a931e0253db9" testId="f7ff1f07-8152-4c6a-939c-f0a1079d4d2f" testName="Test3863" computerName="UA-LPT-OGA2" duration="00:00:00.5730000" startTime="2025-05-14T13:20:31.3146610Z" endTime="2025-05-14T13:25:31.3147553Z" testType="13cdc9d9-ddb5-4fa4-a97d-d965ccfc6d4b" outcome="Passed" testListId="a416758f-b60d-4d67-b5ad-91333b277ca0" />
    <UnitTestResult executionId="12db3c9e-37b7-477b-b3f3-dcd5e66e0e4b" testId="f9fcd32b-52dd-46d7-a4b3-c80e9256b7c2" testName="Test3864" computerName="UA-LPT-OGA2" duration="00:00:01.4450000" startTime="2025-05-14T13:20:31.3146610Z" endTime="2025-05-14T13:25:31.3147553Z" testType="13cdc9d9-ddb5-4fa4-a97d-d965ccfc6d4b" outcome="Failed" testListId="a416758f-b60d-4d67-b5ad-91333b277ca0">
      <Output>
        <ErrorInfo>
          <Message>Assertion failed: Expected value did not match actual value.</Message>
          <StackTrace>   at TestNamespace.TestClass.Test() in TestClass.cs:line 260</StackTrace>
        </ErrorInfo>
      </Output>
    </UnitTestResult>
    <UnitTestResult executionId="bd756fec-5f3f-455a-a8a5-ebb1957b4101" testId="8bc1ba93-0104-4a27-af4b-83f2874f5d77" testName="Test3865" computerName="UA-LPT-OGA2" duration="00:00:00.4660000" startTime="2025-05-14T13:20:31.3146610Z" endTime="2025-05-14T13:25:31.3147553Z" testType="13cdc9d9-ddb5-4fa4-a97d-d965ccfc6d4b" outcome="Passed" testListId="a416758f-b60d-4d67-b5ad-91333b277ca0" />
    <UnitTestResult executionId="a5d20ad7-0571-4076-985e-c2e7822f79a2" testId="f94793bb-1ca9-4778-ae5e-02699c6410f4" testName="Test3866" computerName="UA-LPT-OGA2" duration="00:00:00.0890000" startTime="2025-05-14T13:20:31.3146610Z" endTime="2025-05-14T13:25:31.3147553Z" testType="13cdc9d9-ddb5-4fa4-a97d-d965ccfc6d4b" outcome="Passed" testListId="a416758f-b60d-4d67-b5ad-91333b277ca0" />
    <UnitTestResult executionId="4b8f7b8b-ef65-4e59-a68b-341723409333" testId="2454ad1f-34e7-41f6-8641-037b2c869acc" testName="Test3867" computerName="UA-LPT-OGA2" duration="00:00:01.9650000" startTime="2025-05-14T13:20:31.3146610Z" endTime="2025-05-14T13:25:31.3147553Z" testType="13cdc9d9-ddb5-4fa4-a97d-d965ccfc6d4b" outcome="Passed" testListId="a416758f-b60d-4d67-b5ad-91333b277ca0" />
    <UnitTestResult executionId="af1a7982-f282-4f26-a850-56cae0f30220" testId="45b1b893-f1dd-43ab-bef6-a6fc25ae9b7d" testName="Test3868" computerName="UA-LPT-OGA2" duration="00:00:01.6630000" startTime="2025-05-14T13:20:31.3146610Z" endTime="2025-05-14T13:25:31.3147553Z" testType="13cdc9d9-ddb5-4fa4-a97d-d965ccfc6d4b" outcome="Passed" testListId="a416758f-b60d-4d67-b5ad-91333b277ca0" />
    <UnitTestResult executionId="481a480b-fd96-47ea-8e0a-c41dd34795da" testId="66a3340d-4417-45c2-804e-ddd15f47a76f" testName="Test3869" computerName="UA-LPT-OGA2" duration="00:00:01.9110000" startTime="2025-05-14T13:20:31.3146610Z" endTime="2025-05-14T13:25:31.3147553Z" testType="13cdc9d9-ddb5-4fa4-a97d-d965ccfc6d4b" outcome="Passed" testListId="a416758f-b60d-4d67-b5ad-91333b277ca0" />
    <UnitTestResult executionId="c94846c8-ad6c-444f-ae30-f83d024ddee5" testId="e1c20af5-9899-4a80-a75a-f2a56b90e30f" testName="Test3870" computerName="UA-LPT-OGA2" duration="00:00:00.2010000" startTime="2025-05-14T13:20:31.3146610Z" endTime="2025-05-14T13:25:31.3147553Z" testType="13cdc9d9-ddb5-4fa4-a97d-d965ccfc6d4b" outcome="Passed" testListId="a416758f-b60d-4d67-b5ad-91333b277ca0" />
    <UnitTestResult executionId="5f04ef5f-9e4c-4a32-8fc7-e0c8ec1dae9b" testId="2a81f604-4561-47cb-989b-9852e71db32f" testName="Test3871" computerName="UA-LPT-OGA2" duration="00:00:00.3240000" startTime="2025-05-14T13:20:31.3146610Z" endTime="2025-05-14T13:25:31.3147553Z" testType="13cdc9d9-ddb5-4fa4-a97d-d965ccfc6d4b" outcome="Passed" testListId="a416758f-b60d-4d67-b5ad-91333b277ca0" />
    <UnitTestResult executionId="632a0709-946f-4f0d-813e-2e9f22822864" testId="a577ccc4-9a8f-4779-9b7c-c46431092eaa" testName="Test3872" computerName="UA-LPT-OGA2" duration="00:00:00.8090000" startTime="2025-05-14T13:20:31.3146610Z" endTime="2025-05-14T13:25:31.3147553Z" testType="13cdc9d9-ddb5-4fa4-a97d-d965ccfc6d4b" outcome="Failed" testListId="a416758f-b60d-4d67-b5ad-91333b277ca0">
      <Output>
        <ErrorInfo>
          <Message>Assertion failed: Expected value did not match actual value.</Message>
          <StackTrace>   at TestNamespace.TestClass.Test() in TestClass.cs:line 413</StackTrace>
        </ErrorInfo>
      </Output>
    </UnitTestResult>
    <UnitTestResult executionId="6717ae75-b5b5-47aa-b755-3ae47ee72ced" testId="1dce3d58-130f-45f5-93d6-1ba84fa45190" testName="Test3873" computerName="UA-LPT-OGA2" duration="00:00:01.9960000" startTime="2025-05-14T13:20:31.3146610Z" endTime="2025-05-14T13:25:31.3147553Z" testType="13cdc9d9-ddb5-4fa4-a97d-d965ccfc6d4b" outcome="Passed" testListId="a416758f-b60d-4d67-b5ad-91333b277ca0" />
    <UnitTestResult executionId="61c47d60-0337-42aa-87bd-0fd67742e724" testId="c3fabcdd-6be0-4fe0-ad89-0b4d02f5faa3" testName="Test3874" computerName="UA-LPT-OGA2" duration="00:00:00.5870000" startTime="2025-05-14T13:20:31.3146610Z" endTime="2025-05-14T13:25:31.3147553Z" testType="13cdc9d9-ddb5-4fa4-a97d-d965ccfc6d4b" outcome="Passed" testListId="a416758f-b60d-4d67-b5ad-91333b277ca0" />
    <UnitTestResult executionId="505e6918-b1da-4fb4-9966-2c577d7dc0a2" testId="8da2d19a-1d33-4040-8617-fc73862df390" testName="Test3875" computerName="UA-LPT-OGA2" duration="00:00:00.8270000" startTime="2025-05-14T13:20:31.3146610Z" endTime="2025-05-14T13:25:31.3147553Z" testType="13cdc9d9-ddb5-4fa4-a97d-d965ccfc6d4b" outcome="Passed" testListId="a416758f-b60d-4d67-b5ad-91333b277ca0" />
    <UnitTestResult executionId="360512d4-c2b2-46d0-add7-49aa4114f907" testId="737ed97e-6eab-4726-b6c0-8a87d05b91db" testName="Test3876" computerName="UA-LPT-OGA2" duration="00:00:00.0450000" startTime="2025-05-14T13:20:31.3146610Z" endTime="2025-05-14T13:25:31.3147553Z" testType="13cdc9d9-ddb5-4fa4-a97d-d965ccfc6d4b" outcome="Passed" testListId="a416758f-b60d-4d67-b5ad-91333b277ca0" />
    <UnitTestResult executionId="4a4cd14b-9017-4541-804a-a214240b4ef5" testId="39689da1-93c9-4731-9b60-bfacf2d3d6db" testName="Test3877" computerName="UA-LPT-OGA2" duration="00:00:00.3310000" startTime="2025-05-14T13:20:31.3146610Z" endTime="2025-05-14T13:25:31.3147553Z" testType="13cdc9d9-ddb5-4fa4-a97d-d965ccfc6d4b" outcome="Failed" testListId="a416758f-b60d-4d67-b5ad-91333b277ca0">
      <Output>
        <ErrorInfo>
          <Message>Assertion failed: Expected value did not match actual value.</Message>
          <StackTrace>   at TestNamespace.TestClass.Test() in TestClass.cs:line 17</StackTrace>
        </ErrorInfo>
      </Output>
    </UnitTestResult>
    <UnitTestResult executionId="558056fb-696b-46fd-a256-953fa98b33a9" testId="cb869d85-f5d8-4408-81dd-f9a8d33eafec" testName="Test3878" computerName="UA-LPT-OGA2" duration="00:00:01.9930000" startTime="2025-05-14T13:20:31.3146610Z" endTime="2025-05-14T13:25:31.3147553Z" testType="13cdc9d9-ddb5-4fa4-a97d-d965ccfc6d4b" outcome="Failed" testListId="a416758f-b60d-4d67-b5ad-91333b277ca0">
      <Output>
        <ErrorInfo>
          <Message>Assertion failed: Expected value did not match actual value.</Message>
          <StackTrace>   at TestNamespace.TestClass.Test() in TestClass.cs:line 303</StackTrace>
        </ErrorInfo>
      </Output>
    </UnitTestResult>
    <UnitTestResult executionId="7f0a02c2-e481-4049-9df5-7c0edf1c88e2" testId="8b027edd-c643-404a-8bee-160c80976196" testName="Test3879" computerName="UA-LPT-OGA2" duration="00:00:00.6120000" startTime="2025-05-14T13:20:31.3146610Z" endTime="2025-05-14T13:25:31.3147553Z" testType="13cdc9d9-ddb5-4fa4-a97d-d965ccfc6d4b" outcome="Passed" testListId="a416758f-b60d-4d67-b5ad-91333b277ca0" />
    <UnitTestResult executionId="6b6ec21d-f9fc-4fd7-8180-6aa624cae5c0" testId="0772686b-ece7-4d5b-8200-b512c7517cc8" testName="Test3880" computerName="UA-LPT-OGA2" duration="00:00:01.7360000" startTime="2025-05-14T13:20:31.3146610Z" endTime="2025-05-14T13:25:31.3147553Z" testType="13cdc9d9-ddb5-4fa4-a97d-d965ccfc6d4b" outcome="Passed" testListId="a416758f-b60d-4d67-b5ad-91333b277ca0" />
    <UnitTestResult executionId="a48ac907-1bb2-4812-bc2d-e6de2c26fafc" testId="7fb46afa-3fc3-4303-a70f-204c6f0e8b4c" testName="Test3881" computerName="UA-LPT-OGA2" duration="00:00:00.5420000" startTime="2025-05-14T13:20:31.3146610Z" endTime="2025-05-14T13:25:31.3147553Z" testType="13cdc9d9-ddb5-4fa4-a97d-d965ccfc6d4b" outcome="Passed" testListId="a416758f-b60d-4d67-b5ad-91333b277ca0" />
    <UnitTestResult executionId="7976575f-ebad-4d02-9f3c-1cdd1f601c8d" testId="9d94079f-53b4-42f9-8d1c-2c06ee267b64" testName="Test3882" computerName="UA-LPT-OGA2" duration="00:00:01.8180000" startTime="2025-05-14T13:20:31.3146610Z" endTime="2025-05-14T13:25:31.3147553Z" testType="13cdc9d9-ddb5-4fa4-a97d-d965ccfc6d4b" outcome="Passed" testListId="a416758f-b60d-4d67-b5ad-91333b277ca0" />
    <UnitTestResult executionId="dbcafe7e-3da8-4a4f-861b-db9208eb77fb" testId="ba8f7450-9a90-485d-9d06-38ecfe43a162" testName="Test3883" computerName="UA-LPT-OGA2" duration="00:00:00.4000000" startTime="2025-05-14T13:20:31.3146610Z" endTime="2025-05-14T13:25:31.3147553Z" testType="13cdc9d9-ddb5-4fa4-a97d-d965ccfc6d4b" outcome="Passed" testListId="a416758f-b60d-4d67-b5ad-91333b277ca0" />
    <UnitTestResult executionId="797c6dc4-e85b-454a-bd0d-5d96e03b8e04" testId="6897d2f2-57ff-433a-a377-41975a0b2dd4" testName="Test3884" computerName="UA-LPT-OGA2" duration="00:00:00.1620000" startTime="2025-05-14T13:20:31.3146610Z" endTime="2025-05-14T13:25:31.3147553Z" testType="13cdc9d9-ddb5-4fa4-a97d-d965ccfc6d4b" outcome="Passed" testListId="a416758f-b60d-4d67-b5ad-91333b277ca0" />
    <UnitTestResult executionId="c535e79d-54b9-47b4-aa7f-6f39dd895754" testId="eaf78d09-e169-4359-bf09-1c3aa94bc77c" testName="Test3885" computerName="UA-LPT-OGA2" duration="00:00:01.7310000" startTime="2025-05-14T13:20:31.3146610Z" endTime="2025-05-14T13:25:31.3147553Z" testType="13cdc9d9-ddb5-4fa4-a97d-d965ccfc6d4b" outcome="Passed" testListId="a416758f-b60d-4d67-b5ad-91333b277ca0" />
    <UnitTestResult executionId="3d5ad643-0616-4508-952e-bd0a3ea0753d" testId="cb635036-9a1d-4299-b6cd-0554e2a61685" testName="Test3886" computerName="UA-LPT-OGA2" duration="00:00:00.8620000" startTime="2025-05-14T13:20:31.3146610Z" endTime="2025-05-14T13:25:31.3147553Z" testType="13cdc9d9-ddb5-4fa4-a97d-d965ccfc6d4b" outcome="Passed" testListId="a416758f-b60d-4d67-b5ad-91333b277ca0" />
    <UnitTestResult executionId="9f8e833c-32fa-4209-874a-5c6a92d9913e" testId="aab704a9-12a1-4046-88e7-3ae39cc11231" testName="Test3887" computerName="UA-LPT-OGA2" duration="00:00:01.4130000" startTime="2025-05-14T13:20:31.3146610Z" endTime="2025-05-14T13:25:31.3147553Z" testType="13cdc9d9-ddb5-4fa4-a97d-d965ccfc6d4b" outcome="Passed" testListId="a416758f-b60d-4d67-b5ad-91333b277ca0" />
    <UnitTestResult executionId="0c87ae1f-daba-4dc0-8a54-8bfb54f6f09c" testId="e3302aab-09d2-4bbe-b563-95efaf23ab8b" testName="Test3888" computerName="UA-LPT-OGA2" duration="00:00:01.1160000" startTime="2025-05-14T13:20:31.3146610Z" endTime="2025-05-14T13:25:31.3147553Z" testType="13cdc9d9-ddb5-4fa4-a97d-d965ccfc6d4b" outcome="Failed" testListId="a416758f-b60d-4d67-b5ad-91333b277ca0">
      <Output>
        <ErrorInfo>
          <Message>Assertion failed: Expected value did not match actual value.</Message>
          <StackTrace>   at TestNamespace.TestClass.Test() in TestClass.cs:line 217</StackTrace>
        </ErrorInfo>
      </Output>
    </UnitTestResult>
    <UnitTestResult executionId="b99d6749-cd53-429b-9cae-ff3bf1f348e6" testId="ad5b2dc9-d63e-4a97-949b-5e742e9e119a" testName="Test3889" computerName="UA-LPT-OGA2" duration="00:00:00.9340000" startTime="2025-05-14T13:20:31.3146610Z" endTime="2025-05-14T13:25:31.3147553Z" testType="13cdc9d9-ddb5-4fa4-a97d-d965ccfc6d4b" outcome="Passed" testListId="a416758f-b60d-4d67-b5ad-91333b277ca0" />
    <UnitTestResult executionId="1bc78db2-7bdd-4ea9-b736-b3c2c2d517e1" testId="2d933fec-ebfa-44a6-a8dd-d5902ca54840" testName="Test3890" computerName="UA-LPT-OGA2" duration="00:00:00.1820000" startTime="2025-05-14T13:20:31.3146610Z" endTime="2025-05-14T13:25:31.3147553Z" testType="13cdc9d9-ddb5-4fa4-a97d-d965ccfc6d4b" outcome="Passed" testListId="a416758f-b60d-4d67-b5ad-91333b277ca0" />
    <UnitTestResult executionId="e1631abb-d5d3-45a2-a05b-42c8a02779f0" testId="3a6897e4-0f5b-4824-a33a-82b63dbf9a20" testName="Test3891" computerName="UA-LPT-OGA2" duration="00:00:01.8380000" startTime="2025-05-14T13:20:31.3146610Z" endTime="2025-05-14T13:25:31.3147553Z" testType="13cdc9d9-ddb5-4fa4-a97d-d965ccfc6d4b" outcome="Passed" testListId="a416758f-b60d-4d67-b5ad-91333b277ca0" />
    <UnitTestResult executionId="7c6187a6-aee4-4daf-b4f0-fe3299837567" testId="7352f90c-2189-46b0-af14-82a02f8a1b1d" testName="Test3892" computerName="UA-LPT-OGA2" duration="00:00:00.0560000" startTime="2025-05-14T13:20:31.3146610Z" endTime="2025-05-14T13:25:31.3147553Z" testType="13cdc9d9-ddb5-4fa4-a97d-d965ccfc6d4b" outcome="Passed" testListId="a416758f-b60d-4d67-b5ad-91333b277ca0" />
    <UnitTestResult executionId="13163b75-7333-4d18-9aa9-3d02809d8e33" testId="a921e683-f1ff-44db-8594-db3c547121d0" testName="Test3893" computerName="UA-LPT-OGA2" duration="00:00:00.7850000" startTime="2025-05-14T13:20:31.3146610Z" endTime="2025-05-14T13:25:31.3147553Z" testType="13cdc9d9-ddb5-4fa4-a97d-d965ccfc6d4b" outcome="Passed" testListId="a416758f-b60d-4d67-b5ad-91333b277ca0" />
    <UnitTestResult executionId="003017ce-22e4-4dd9-a700-98f1a9b2bc3f" testId="0f4462ee-c370-49bd-9f38-3bd477214e51" testName="Test3894" computerName="UA-LPT-OGA2" duration="00:00:00.1460000" startTime="2025-05-14T13:20:31.3146610Z" endTime="2025-05-14T13:25:31.3147553Z" testType="13cdc9d9-ddb5-4fa4-a97d-d965ccfc6d4b" outcome="Passed" testListId="a416758f-b60d-4d67-b5ad-91333b277ca0" />
    <UnitTestResult executionId="af616ab4-ec19-4914-aa35-dbf8e4d08736" testId="50c94af4-9bd3-495c-971f-0e5e5911c434" testName="Test3895" computerName="UA-LPT-OGA2" duration="00:00:01.9640000" startTime="2025-05-14T13:20:31.3146610Z" endTime="2025-05-14T13:25:31.3147553Z" testType="13cdc9d9-ddb5-4fa4-a97d-d965ccfc6d4b" outcome="Passed" testListId="a416758f-b60d-4d67-b5ad-91333b277ca0" />
    <UnitTestResult executionId="63680ebc-cd68-4bbe-926e-abb4d416767a" testId="bf11c775-935c-4e3b-b73b-6d076037bbed" testName="Test3896" computerName="UA-LPT-OGA2" duration="00:00:00.2930000" startTime="2025-05-14T13:20:31.3146610Z" endTime="2025-05-14T13:25:31.3147553Z" testType="13cdc9d9-ddb5-4fa4-a97d-d965ccfc6d4b" outcome="Passed" testListId="a416758f-b60d-4d67-b5ad-91333b277ca0" />
    <UnitTestResult executionId="a65b9b3c-6fd1-4bf4-bee0-b1f699f8cb29" testId="de058fe5-9e31-441b-9cf8-b888d7ad45e3" testName="Test3897" computerName="UA-LPT-OGA2" duration="00:00:00.4680000" startTime="2025-05-14T13:20:31.3146610Z" endTime="2025-05-14T13:25:31.3147553Z" testType="13cdc9d9-ddb5-4fa4-a97d-d965ccfc6d4b" outcome="Passed" testListId="a416758f-b60d-4d67-b5ad-91333b277ca0" />
    <UnitTestResult executionId="71c54560-c627-4d78-99cb-f15174d05f51" testId="d0b39f3f-6091-4b63-b62a-3aa538c91a3a" testName="Test3898" computerName="UA-LPT-OGA2" duration="00:00:00.1210000" startTime="2025-05-14T13:20:31.3146610Z" endTime="2025-05-14T13:25:31.3147553Z" testType="13cdc9d9-ddb5-4fa4-a97d-d965ccfc6d4b" outcome="Passed" testListId="a416758f-b60d-4d67-b5ad-91333b277ca0" />
    <UnitTestResult executionId="4db0f31f-1195-47dc-9694-7760945a62c5" testId="9ebfd886-19bc-429c-8eb2-4b7e107f6f09" testName="Test3899" computerName="UA-LPT-OGA2" duration="00:00:00.0300000" startTime="2025-05-14T13:20:31.3146610Z" endTime="2025-05-14T13:25:31.3147553Z" testType="13cdc9d9-ddb5-4fa4-a97d-d965ccfc6d4b" outcome="Passed" testListId="a416758f-b60d-4d67-b5ad-91333b277ca0" />
    <UnitTestResult executionId="d855e351-042a-4f84-b3ac-cfac455fdc4f" testId="d4e47842-59fe-437f-a368-cbb44e8dcb24" testName="Test3900" computerName="UA-LPT-OGA2" duration="00:00:00.5530000" startTime="2025-05-14T13:20:31.3146610Z" endTime="2025-05-14T13:25:31.3147553Z" testType="13cdc9d9-ddb5-4fa4-a97d-d965ccfc6d4b" outcome="Passed" testListId="a416758f-b60d-4d67-b5ad-91333b277ca0" />
  </Results>
  <TestDefinitions>
    <UnitTest name="Test3801" id="806f5fc5-1dfb-4a60-88aa-ab3453376926" storage="TestAssembly.dll">
      <Execution id="bbc2a659-3be3-46f7-b049-37cdbc53e004" />
      <TestMethod codeBase="TestAssembly.dll" className="TestNamespace.TestClass1" name="Test3801" />
    </UnitTest>
    <UnitTest name="Test3802" id="513e0a10-99a6-4b95-9256-8ceed3cb4ba9" storage="TestAssembly.dll">
      <Execution id="7ca1c2c3-8cd5-49fe-99bd-a705a13719fc" />
      <TestMethod codeBase="TestAssembly.dll" className="TestNamespace.TestClass1" name="Test3802" />
    </UnitTest>
    <UnitTest name="Test3803" id="9deb12e7-3734-4688-ac6b-d0e3b4ea1aec" storage="TestAssembly.dll">
      <Execution id="3042160f-9255-4074-ba6f-fca548aa1768" />
      <TestMethod codeBase="TestAssembly.dll" className="TestNamespace.TestClass1" name="Test3803" />
    </UnitTest>
    <UnitTest name="Test3804" id="499b08a7-6de7-464f-9e9b-70220f0c9b64" storage="TestAssembly.dll">
      <Execution id="7b15799f-f680-4635-9834-f2fe8215c0a6" />
      <TestMethod codeBase="TestAssembly.dll" className="TestNamespace.TestClass1" name="Test3804" />
    </UnitTest>
    <UnitTest name="Test3805" id="a8e5cf61-bbfe-4e1f-b3f4-ce0d7e3430c3" storage="TestAssembly.dll">
      <Execution id="a71e2eae-1724-4d30-aba7-ecbd3163c1b3" />
      <TestMethod codeBase="TestAssembly.dll" className="TestNamespace.TestClass1" name="Test3805" />
    </UnitTest>
    <UnitTest name="Test3806" id="4822a806-9e25-4cf2-8f1b-45dae19be378" storage="TestAssembly.dll">
      <Execution id="c99f37d9-097c-4651-a497-069375916574" />
      <TestMethod codeBase="TestAssembly.dll" className="TestNamespace.TestClass1" name="Test3806" />
    </UnitTest>
    <UnitTest name="Test3807" id="f5b4ff33-50ec-4ad3-a0f4-f88473faa773" storage="TestAssembly.dll">
      <Execution id="e73f9d8e-3b50-4a64-8d0d-f6102bcbb0a7" />
      <TestMethod codeBase="TestAssembly.dll" className="TestNamespace.TestClass1" name="Test3807" />
    </UnitTest>
    <UnitTest name="Test3808" id="bcc821b2-a779-4a94-8b6c-99fb763ac456" storage="TestAssembly.dll">
      <Execution id="6404ae7b-ecd9-4b9c-bfea-e0a77845f45c" />
      <TestMethod codeBase="TestAssembly.dll" className="TestNamespace.TestClass1" name="Test3808" />
    </UnitTest>
    <UnitTest name="Test3809" id="db0c475c-b3d8-4578-8aa2-ee062a2c13d4" storage="TestAssembly.dll">
      <Execution id="02323378-3b32-4d5c-be34-cd357280f45f" />
      <TestMethod codeBase="TestAssembly.dll" className="TestNamespace.TestClass1" name="Test3809" />
    </UnitTest>
    <UnitTest name="Test3810" id="de05387e-03cf-47c5-b30e-397f1e926c29" storage="TestAssembly.dll">
      <Execution id="e88fc4eb-5b57-41d8-a9db-d5b30ca3ff34" />
      <TestMethod codeBase="TestAssembly.dll" className="TestNamespace.TestClass1" name="Test3810" />
    </UnitTest>
    <UnitTest name="Test3811" id="41452442-efd0-405f-a6cc-78283a488965" storage="TestAssembly.dll">
      <Execution id="10697819-ff76-437e-aa9c-1e9d1bef1aec" />
      <TestMethod codeBase="TestAssembly.dll" className="TestNamespace.TestClass2" name="Test3811" />
    </UnitTest>
    <UnitTest name="Test3812" id="0a3328a3-08d5-40a9-8073-f4b6b62971c9" storage="TestAssembly.dll">
      <Execution id="8d949c24-0b9c-41db-94f2-2cad67038ea4" />
      <TestMethod codeBase="TestAssembly.dll" className="TestNamespace.TestClass2" name="Test3812" />
    </UnitTest>
    <UnitTest name="Test3813" id="6ecd6fd5-782d-4e03-aa0a-dcd34e087631" storage="TestAssembly.dll">
      <Execution id="cd348c7e-38f3-4bd3-b912-263bc4e5f154" />
      <TestMethod codeBase="TestAssembly.dll" className="TestNamespace.TestClass2" name="Test3813" />
    </UnitTest>
    <UnitTest name="Test3814" id="b52db9ef-f523-48c1-a725-bc5454d9e899" storage="TestAssembly.dll">
      <Execution id="8778fb0f-1334-414a-84a9-1a051e179b83" />
      <TestMethod codeBase="TestAssembly.dll" className="TestNamespace.TestClass2" name="Test3814" />
    </UnitTest>
    <UnitTest name="Test3815" id="621cc604-e247-4557-a40a-78976caeb39e" storage="TestAssembly.dll">
      <Execution id="491fa8bb-e4ff-4787-8771-ac8a74c20ed7" />
      <TestMethod codeBase="TestAssembly.dll" className="TestNamespace.TestClass2" name="Test3815" />
    </UnitTest>
    <UnitTest name="Test3816" id="76da66ef-5673-4904-bbd1-ea5a5e8e325d" storage="TestAssembly.dll">
      <Execution id="db3b963b-5060-43f8-82f4-f9e00b51ac61" />
      <TestMethod codeBase="TestAssembly.dll" className="TestNamespace.TestClass2" name="Test3816" />
    </UnitTest>
    <UnitTest name="Test3817" id="227cf7cd-9206-4894-a91c-9a846c052071" storage="TestAssembly.dll">
      <Execution id="7d0aae27-5a80-426a-95a7-692b66b55cc5" />
      <TestMethod codeBase="TestAssembly.dll" className="TestNamespace.TestClass2" name="Test3817" />
    </UnitTest>
    <UnitTest name="Test3818" id="8ccd60d3-1642-4088-93e3-0a1fcc160c12" storage="TestAssembly.dll">
      <Execution id="d5fe1d69-2f22-41a1-aff0-f2a7e51440ba" />
      <TestMethod codeBase="TestAssembly.dll" className="TestNamespace.TestClass2" name="Test3818" />
    </UnitTest>
    <UnitTest name="Test3819" id="271bab2e-0c8c-417e-b5e4-c1fc5bdbc7ee" storage="TestAssembly.dll">
      <Execution id="8abefcc8-6859-4a77-81eb-fe9d44c58e12" />
      <TestMethod codeBase="TestAssembly.dll" className="TestNamespace.TestClass2" name="Test3819" />
    </UnitTest>
    <UnitTest name="Test3820" id="89e75c13-9676-41d3-b9a0-067e31faafa8" storage="TestAssembly.dll">
      <Execution id="5c4f96c4-f224-4456-867b-62c46e0d4a2f" />
      <TestMethod codeBase="TestAssembly.dll" className="TestNamespace.TestClass2" name="Test3820" />
    </UnitTest>
    <UnitTest name="Test3821" id="5e7b71af-1e4d-484d-949f-e5a97f24b7e0" storage="TestAssembly.dll">
      <Execution id="fd6dec37-316e-40e0-b08f-20813013021e" />
      <TestMethod codeBase="TestAssembly.dll" className="TestNamespace.TestClass3" name="Test3821" />
    </UnitTest>
    <UnitTest name="Test3822" id="6d16bea9-b9e1-42e3-b857-5c909a1dab82" storage="TestAssembly.dll">
      <Execution id="4f997da7-8e33-4423-8ea3-686fcd8a9aa0" />
      <TestMethod codeBase="TestAssembly.dll" className="TestNamespace.TestClass3" name="Test3822" />
    </UnitTest>
    <UnitTest name="Test3823" id="5d8442ba-e258-40ca-ab65-5bd2eafbfd7e" storage="TestAssembly.dll">
      <Execution id="ecd12193-62ab-4ec9-9fb8-7bdd58bb91c9" />
      <TestMethod codeBase="TestAssembly.dll" className="TestNamespace.TestClass3" name="Test3823" />
    </UnitTest>
    <UnitTest name="Test3824" id="fb212a85-7e1b-4ee8-8f86-72aba3d7afeb" storage="TestAssembly.dll">
      <Execution id="24127ed5-8af1-4b2d-98de-0da2f931b08a" />
      <TestMethod codeBase="TestAssembly.dll" className="TestNamespace.TestClass3" name="Test3824" />
    </UnitTest>
    <UnitTest name="Test3825" id="5615c2c2-aa8c-44be-b757-7b400545f137" storage="TestAssembly.dll">
      <Execution id="dd72839b-6301-4adc-97f7-24cbe772b516" />
      <TestMethod codeBase="TestAssembly.dll" className="TestNamespace.TestClass3" name="Test3825" />
    </UnitTest>
    <UnitTest name="Test3826" id="8601e594-e12e-4930-9f78-e31662064286" storage="TestAssembly.dll">
      <Execution id="43ef5183-e48e-4225-aefe-3b56585dd161" />
      <TestMethod codeBase="TestAssembly.dll" className="TestNamespace.TestClass3" name="Test3826" />
    </UnitTest>
    <UnitTest name="Test3827" id="52016295-e415-4096-8218-81927740c928" storage="TestAssembly.dll">
      <Execution id="0978783f-ac46-469e-9c60-83e564187137" />
      <TestMethod codeBase="TestAssembly.dll" className="TestNamespace.TestClass3" name="Test3827" />
    </UnitTest>
    <UnitTest name="Test3828" id="40eed739-291d-430d-ba5c-95cb3951ec18" storage="TestAssembly.dll">
      <Execution id="df57993d-05c3-42b1-90d8-637873eda940" />
      <TestMethod codeBase="TestAssembly.dll" className="TestNamespace.TestClass3" name="Test3828" />
    </UnitTest>
    <UnitTest name="Test3829" id="dd6688d2-ea02-4db8-b23d-548337d1ed00" storage="TestAssembly.dll">
      <Execution id="88c81694-597b-44ce-b8ae-8e5b5a7edc6a" />
      <TestMethod codeBase="TestAssembly.dll" className="TestNamespace.TestClass3" name="Test3829" />
    </UnitTest>
    <UnitTest name="Test3830" id="fb6bbbc8-06cd-4f86-910a-ba2e821b7c73" storage="TestAssembly.dll">
      <Execution id="1c4192e0-0315-47fc-af0d-a732fcf2dc75" />
      <TestMethod codeBase="TestAssembly.dll" className="TestNamespace.TestClass3" name="Test3830" />
    </UnitTest>
    <UnitTest name="Test3831" id="0c436649-6ec1-4f6d-9932-ec26a62079e1" storage="TestAssembly.dll">
      <Execution id="89fb3b46-9426-4f7f-ae05-b8d4ca4d6ad8" />
      <TestMethod codeBase="TestAssembly.dll" className="TestNamespace.TestClass4" name="Test3831" />
    </UnitTest>
    <UnitTest name="Test3832" id="62264c01-3584-44ee-9e2e-e1acd6d5673a" storage="TestAssembly.dll">
      <Execution id="d55d93f4-31d4-4e98-a8f4-a862cc8a6d41" />
      <TestMethod codeBase="TestAssembly.dll" className="TestNamespace.TestClass4" name="Test3832" />
    </UnitTest>
    <UnitTest name="Test3833" id="f54e5926-6c9d-4f19-b54b-af2b51997e26" storage="TestAssembly.dll">
      <Execution id="e31affed-88dd-4574-aa52-fb94dcbb00a8" />
      <TestMethod codeBase="TestAssembly.dll" className="TestNamespace.TestClass4" name="Test3833" />
    </UnitTest>
    <UnitTest name="Test3834" id="fc33d4b2-68be-4607-85e2-029f0b19c63b" storage="TestAssembly.dll">
      <Execution id="a4ba8e7a-776d-4f24-9a45-682baf875210" />
      <TestMethod codeBase="TestAssembly.dll" className="TestNamespace.TestClass4" name="Test3834" />
    </UnitTest>
    <UnitTest name="Test3835" id="45d13ee2-7350-4e28-9698-f53372c32b3c" storage="TestAssembly.dll">
      <Execution id="c81040ea-aa5a-40d3-bab6-d286ab95fb07" />
      <TestMethod codeBase="TestAssembly.dll" className="TestNamespace.TestClass4" name="Test3835" />
    </UnitTest>
    <UnitTest name="Test3836" id="cf2d9da6-3ea3-4b2b-8725-8e2ffea4008c" storage="TestAssembly.dll">
      <Execution id="def0ccf9-437f-4f33-8203-55b144f8a713" />
      <TestMethod codeBase="TestAssembly.dll" className="TestNamespace.TestClass4" name="Test3836" />
    </UnitTest>
    <UnitTest name="Test3837" id="e584b6a2-d9d7-4e64-98b4-9641018dd770" storage="TestAssembly.dll">
      <Execution id="377e1570-639c-4e7e-84bf-7fc5969ef245" />
      <TestMethod codeBase="TestAssembly.dll" className="TestNamespace.TestClass4" name="Test3837" />
    </UnitTest>
    <UnitTest name="Test3838" id="d1f8777b-b275-48f2-95d3-6871606898e9" storage="TestAssembly.dll">
      <Execution id="bd15542d-a0bf-477b-ab89-86066cb531f6" />
      <TestMethod codeBase="TestAssembly.dll" className="TestNamespace.TestClass4" name="Test3838" />
    </UnitTest>
    <UnitTest name="Test3839" id="1c45195e-333a-4f89-99e1-d84d0577d233" storage="TestAssembly.dll">
      <Execution id="afc53814-11ac-4bc7-bd72-50bbbb188427" />
      <TestMethod codeBase="TestAssembly.dll" className="TestNamespace.TestClass4" name="Test3839" />
    </UnitTest>
    <UnitTest name="Test3840" id="6d8173b9-aed3-4703-94ba-93f9c332b864" storage="TestAssembly.dll">
      <Execution id="d4782ed6-64ec-4916-b0a3-4c7b3cdfb848" />
      <TestMethod codeBase="TestAssembly.dll" className="TestNamespace.TestClass4" name="Test3840" />
    </UnitTest>
    <UnitTest name="Test3841" id="f0305d73-e18e-4009-a1dc-55d53a216e6f" storage="TestAssembly.dll">
      <Execution id="ba2b6ccf-07bc-4cf1-a610-4053e59dede1" />
      <TestMethod codeBase="TestAssembly.dll" className="TestNamespace.TestClass5" name="Test3841" />
    </UnitTest>
    <UnitTest name="Test3842" id="aabccf91-ee25-4b50-9222-0c653393b67a" storage="TestAssembly.dll">
      <Execution id="b60f8389-7876-4aba-9386-30a58bea9bc5" />
      <TestMethod codeBase="TestAssembly.dll" className="TestNamespace.TestClass5" name="Test3842" />
    </UnitTest>
    <UnitTest name="Test3843" id="3101addc-1738-42b8-a8c2-c52f6f8029d8" storage="TestAssembly.dll">
      <Execution id="a83476d1-84a8-4eb9-a180-34e1c3c3c48c" />
      <TestMethod codeBase="TestAssembly.dll" className="TestNamespace.TestClass5" name="Test3843" />
    </UnitTest>
    <UnitTest name="Test3844" id="e7a7e4a6-427e-47b9-b798-4874f81adc03" storage="TestAssembly.dll">
      <Execution id="4e0e9f2a-2ea3-4313-9d86-c7f0638be1fc" />
      <TestMethod codeBase="TestAssembly.dll" className="TestNamespace.TestClass5" name="Test3844" />
    </UnitTest>
    <UnitTest name="Test3845" id="434e633c-d9a6-4c44-8adb-e3d77e4eace1" storage="TestAssembly.dll">
      <Execution id="950ac44a-792b-46d0-984a-a8e2b70621a0" />
      <TestMethod codeBase="TestAssembly.dll" className="TestNamespace.TestClass5" name="Test3845" />
    </UnitTest>
    <UnitTest name="Test3846" id="4d4f6901-1247-4438-aa9b-361cba68b75b" storage="TestAssembly.dll">
      <Execution id="6f40cd38-bdb2-4106-a4b3-9b3f3add2e5e" />
      <TestMethod codeBase="TestAssembly.dll" className="TestNamespace.TestClass5" name="Test3846" />
    </UnitTest>
    <UnitTest name="Test3847" id="a4ed0a25-41da-4ab2-8b77-5d4ea77bebd9" storage="TestAssembly.dll">
      <Execution id="a402fd0f-cd0e-4d5e-bfa3-5652dad81447" />
      <TestMethod codeBase="TestAssembly.dll" className="TestNamespace.TestClass5" name="Test3847" />
    </UnitTest>
    <UnitTest name="Test3848" id="2be7fb89-1d70-480a-9c65-0e3cb5abf256" storage="TestAssembly.dll">
      <Execution id="7243b076-7a7a-46f6-99f8-b0c03103f3ba" />
      <TestMethod codeBase="TestAssembly.dll" className="TestNamespace.TestClass5" name="Test3848" />
    </UnitTest>
    <UnitTest name="Test3849" id="6b712e72-668a-431a-9df8-1a14313a64be" storage="TestAssembly.dll">
      <Execution id="45f2c197-87c1-469f-a6cc-43f5d6a07da3" />
      <TestMethod codeBase="TestAssembly.dll" className="TestNamespace.TestClass5" name="Test3849" />
    </UnitTest>
    <UnitTest name="Test3850" id="03e5284c-3bed-4203-960f-b5420731f5db" storage="TestAssembly.dll">
      <Execution id="ce367dcf-63db-48d1-b941-70e2142b74ac" />
      <TestMethod codeBase="TestAssembly.dll" className="TestNamespace.TestClass5" name="Test3850" />
    </UnitTest>
    <UnitTest name="Test3851" id="5c4585d0-1b12-452a-b526-9a7673f6f952" storage="TestAssembly.dll">
      <Execution id="56dca720-520f-4c31-b15b-092f5acbdf03" />
      <TestMethod codeBase="TestAssembly.dll" className="TestNamespace.TestClass6" name="Test3851" />
    </UnitTest>
    <UnitTest name="Test3852" id="68dc3339-948e-4d58-8800-15be8a2cd649" storage="TestAssembly.dll">
      <Execution id="e1614000-2124-4d73-ad4b-727cc0b52de2" />
      <TestMethod codeBase="TestAssembly.dll" className="TestNamespace.TestClass6" name="Test3852" />
    </UnitTest>
    <UnitTest name="Test3853" id="96edd621-b215-4a2b-9577-678d266dfe8c" storage="TestAssembly.dll">
      <Execution id="58cd7b05-b3b0-4c09-8d94-9ae82fb61153" />
      <TestMethod codeBase="TestAssembly.dll" className="TestNamespace.TestClass6" name="Test3853" />
    </UnitTest>
    <UnitTest name="Test3854" id="604af1dd-cd9f-4569-ad30-692ba6ab58e5" storage="TestAssembly.dll">
      <Execution id="2b9a1e2d-7689-4439-b8ed-ac790fe24743" />
      <TestMethod codeBase="TestAssembly.dll" className="TestNamespace.TestClass6" name="Test3854" />
    </UnitTest>
    <UnitTest name="Test3855" id="4dac8464-8394-4c55-bfa8-70f9a39a1069" storage="TestAssembly.dll">
      <Execution id="cc6d9f20-31d0-41c1-a2e2-3e3f8aafcf18" />
      <TestMethod codeBase="TestAssembly.dll" className="TestNamespace.TestClass6" name="Test3855" />
    </UnitTest>
    <UnitTest name="Test3856" id="44fd9e8a-eab1-4414-8eb2-6f50cd30cf77" storage="TestAssembly.dll">
      <Execution id="633f8565-26ec-40bc-8d88-845efe61e848" />
      <TestMethod codeBase="TestAssembly.dll" className="TestNamespace.TestClass6" name="Test3856" />
    </UnitTest>
    <UnitTest name="Test3857" id="86a3908b-fb08-4f2c-8e76-62aea9051c73" storage="TestAssembly.dll">
      <Execution id="a03416f6-4761-43bc-8c64-697d74ce62ab" />
      <TestMethod codeBase="TestAssembly.dll" className="TestNamespace.TestClass6" name="Test3857" />
    </UnitTest>
    <UnitTest name="Test3858" id="367d560f-8459-4c05-a12e-dee7a2b6a201" storage="TestAssembly.dll">
      <Execution id="72c91b4a-2b2a-4e9a-aea6-53f00bbc6e1e" />
      <TestMethod codeBase="TestAssembly.dll" className="TestNamespace.TestClass6" name="Test3858" />
    </UnitTest>
    <UnitTest name="Test3859" id="a16e35c6-699e-4e08-b19c-21faad7e1ba7" storage="TestAssembly.dll">
      <Execution id="c1d83c77-691b-4df5-89c2-bd5e87626819" />
      <TestMethod codeBase="TestAssembly.dll" className="TestNamespace.TestClass6" name="Test3859" />
    </UnitTest>
    <UnitTest name="Test3860" id="e74d7249-d335-4957-9261-9f6fbe46795b" storage="TestAssembly.dll">
      <Execution id="d0050f53-c848-4e40-9509-396ae3de9b3d" />
      <TestMethod codeBase="TestAssembly.dll" className="TestNamespace.TestClass6" name="Test3860" />
    </UnitTest>
    <UnitTest name="Test3861" id="1182ab01-b463-4c05-9cc8-d8acdb1b2abf" storage="TestAssembly.dll">
      <Execution id="e75f1097-2678-4479-8c12-ecae2f9a19ad" />
      <TestMethod codeBase="TestAssembly.dll" className="TestNamespace.TestClass7" name="Test3861" />
    </UnitTest>
    <UnitTest name="Test3862" id="bbd44a8d-e837-450f-b2cc-a460d0bfe658" storage="TestAssembly.dll">
      <Execution id="a26688fe-48b3-436e-8f3f-7dffc2f69033" />
      <TestMethod codeBase="TestAssembly.dll" className="TestNamespace.TestClass7" name="Test3862" />
    </UnitTest>
    <UnitTest name="Test3863" id="f7ff1f07-8152-4c6a-939c-f0a1079d4d2f" storage="TestAssembly.dll">
      <Execution id="0c309c67-3fc4-4fba-adfe-a931e0253db9" />
      <TestMethod codeBase="TestAssembly.dll" className="TestNamespace.TestClass7" name="Test3863" />
    </UnitTest>
    <UnitTest name="Test3864" id="f9fcd32b-52dd-46d7-a4b3-c80e9256b7c2" storage="TestAssembly.dll">
      <Execution id="12db3c9e-37b7-477b-b3f3-dcd5e66e0e4b" />
      <TestMethod codeBase="TestAssembly.dll" className="TestNamespace.TestClass7" name="Test3864" />
    </UnitTest>
    <UnitTest name="Test3865" id="8bc1ba93-0104-4a27-af4b-83f2874f5d77" storage="TestAssembly.dll">
      <Execution id="bd756fec-5f3f-455a-a8a5-ebb1957b4101" />
      <TestMethod codeBase="TestAssembly.dll" className="TestNamespace.TestClass7" name="Test3865" />
    </UnitTest>
    <UnitTest name="Test3866" id="f94793bb-1ca9-4778-ae5e-02699c6410f4" storage="TestAssembly.dll">
      <Execution id="a5d20ad7-0571-4076-985e-c2e7822f79a2" />
      <TestMethod codeBase="TestAssembly.dll" className="TestNamespace.TestClass7" name="Test3866" />
    </UnitTest>
    <UnitTest name="Test3867" id="2454ad1f-34e7-41f6-8641-037b2c869acc" storage="TestAssembly.dll">
      <Execution id="4b8f7b8b-ef65-4e59-a68b-341723409333" />
      <TestMethod codeBase="TestAssembly.dll" className="TestNamespace.TestClass7" name="Test3867" />
    </UnitTest>
    <UnitTest name="Test3868" id="45b1b893-f1dd-43ab-bef6-a6fc25ae9b7d" storage="TestAssembly.dll">
      <Execution id="af1a7982-f282-4f26-a850-56cae0f30220" />
      <TestMethod codeBase="TestAssembly.dll" className="TestNamespace.TestClass7" name="Test3868" />
    </UnitTest>
    <UnitTest name="Test3869" id="66a3340d-4417-45c2-804e-ddd15f47a76f" storage="TestAssembly.dll">
      <Execution id="481a480b-fd96-47ea-8e0a-c41dd34795da" />
      <TestMethod codeBase="TestAssembly.dll" className="TestNamespace.TestClass7" name="Test3869" />
    </UnitTest>
    <UnitTest name="Test3870" id="e1c20af5-9899-4a80-a75a-f2a56b90e30f" storage="TestAssembly.dll">
      <Execution id="c94846c8-ad6c-444f-ae30-f83d024ddee5" />
      <TestMethod codeBase="TestAssembly.dll" className="TestNamespace.TestClass7" name="Test3870" />
    </UnitTest>
    <UnitTest name="Test3871" id="2a81f604-4561-47cb-989b-9852e71db32f" storage="TestAssembly.dll">
      <Execution id="5f04ef5f-9e4c-4a32-8fc7-e0c8ec1dae9b" />
      <TestMethod codeBase="TestAssembly.dll" className="TestNamespace.TestClass8" name="Test3871" />
    </UnitTest>
    <UnitTest name="Test3872" id="a577ccc4-9a8f-4779-9b7c-c46431092eaa" storage="TestAssembly.dll">
      <Execution id="632a0709-946f-4f0d-813e-2e9f22822864" />
      <TestMethod codeBase="TestAssembly.dll" className="TestNamespace.TestClass8" name="Test3872" />
    </UnitTest>
    <UnitTest name="Test3873" id="1dce3d58-130f-45f5-93d6-1ba84fa45190" storage="TestAssembly.dll">
      <Execution id="6717ae75-b5b5-47aa-b755-3ae47ee72ced" />
      <TestMethod codeBase="TestAssembly.dll" className="TestNamespace.TestClass8" name="Test3873" />
    </UnitTest>
    <UnitTest name="Test3874" id="c3fabcdd-6be0-4fe0-ad89-0b4d02f5faa3" storage="TestAssembly.dll">
      <Execution id="61c47d60-0337-42aa-87bd-0fd67742e724" />
      <TestMethod codeBase="TestAssembly.dll" className="TestNamespace.TestClass8" name="Test3874" />
    </UnitTest>
    <UnitTest name="Test3875" id="8da2d19a-1d33-4040-8617-fc73862df390" storage="TestAssembly.dll">
      <Execution id="505e6918-b1da-4fb4-9966-2c577d7dc0a2" />
      <TestMethod codeBase="TestAssembly.dll" className="TestNamespace.TestClass8" name="Test3875" />
    </UnitTest>
    <UnitTest name="Test3876" id="737ed97e-6eab-4726-b6c0-8a87d05b91db" storage="TestAssembly.dll">
      <Execution id="360512d4-c2b2-46d0-add7-49aa4114f907" />
      <TestMethod codeBase="TestAssembly.dll" className="TestNamespace.TestClass8" name="Test3876" />
    </UnitTest>
    <UnitTest name="Test3877" id="39689da1-93c9-4731-9b60-bfacf2d3d6db" storage="TestAssembly.dll">
      <Execution id="4a4cd14b-9017-4541-804a-a214240b4ef5" />
      <TestMethod codeBase="TestAssembly.dll" className="TestNamespace.TestClass8" name="Test3877" />
    </UnitTest>
    <UnitTest name="Test3878" id="cb869d85-f5d8-4408-81dd-f9a8d33eafec" storage="TestAssembly.dll">
      <Execution id="558056fb-696b-46fd-a256-953fa98b33a9" />
      <TestMethod codeBase="TestAssembly.dll" className="TestNamespace.TestClass8" name="Test3878" />
    </UnitTest>
    <UnitTest name="Test3879" id="8b027edd-c643-404a-8bee-160c80976196" storage="TestAssembly.dll">
      <Execution id="7f0a02c2-e481-4049-9df5-7c0edf1c88e2" />
      <TestMethod codeBase="TestAssembly.dll" className="TestNamespace.TestClass8" name="Test3879" />
    </UnitTest>
    <UnitTest name="Test3880" id="0772686b-ece7-4d5b-8200-b512c7517cc8" storage="TestAssembly.dll">
      <Execution id="6b6ec21d-f9fc-4fd7-8180-6aa624cae5c0" />
      <TestMethod codeBase="TestAssembly.dll" className="TestNamespace.TestClass8" name="Test3880" />
    </UnitTest>
    <UnitTest name="Test3881" id="7fb46afa-3fc3-4303-a70f-204c6f0e8b4c" storage="TestAssembly.dll">
      <Execution id="a48ac907-1bb2-4812-bc2d-e6de2c26fafc" />
      <TestMethod codeBase="TestAssembly.dll" className="TestNamespace.TestClass9" name="Test3881" />
    </UnitTest>
    <UnitTest name="Test3882" id="9d94079f-53b4-42f9-8d1c-2c06ee267b64" storage="TestAssembly.dll">
      <Execution id="7976575f-ebad-4d02-9f3c-1cdd1f601c8d" />
      <TestMethod codeBase="TestAssembly.dll" className="TestNamespace.TestClass9" name="Test3882" />
    </UnitTest>
    <UnitTest name="Test3883" id="ba8f7450-9a90-485d-9d06-38ecfe43a162" storage="TestAssembly.dll">
      <Execution id="dbcafe7e-3da8-4a4f-861b-db9208eb77fb" />
      <TestMethod codeBase="TestAssembly.dll" className="TestNamespace.TestClass9" name="Test3883" />
    </UnitTest>
    <UnitTest name="Test3884" id="6897d2f2-57ff-433a-a377-41975a0b2dd4" storage="TestAssembly.dll">
      <Execution id="797c6dc4-e85b-454a-bd0d-5d96e03b8e04" />
      <TestMethod codeBase="TestAssembly.dll" className="TestNamespace.TestClass9" name="Test3884" />
    </UnitTest>
    <UnitTest name="Test3885" id="eaf78d09-e169-4359-bf09-1c3aa94bc77c" storage="TestAssembly.dll">
      <Execution id="c535e79d-54b9-47b4-aa7f-6f39dd895754" />
      <TestMethod codeBase="TestAssembly.dll" className="TestNamespace.TestClass9" name="Test3885" />
    </UnitTest>
    <UnitTest name="Test3886" id="cb635036-9a1d-4299-b6cd-0554e2a61685" storage="TestAssembly.dll">
      <Execution id="3d5ad643-0616-4508-952e-bd0a3ea0753d" />
      <TestMethod codeBase="TestAssembly.dll" className="TestNamespace.TestClass9" name="Test3886" />
    </UnitTest>
    <UnitTest name="Test3887" id="aab704a9-12a1-4046-88e7-3ae39cc11231" storage="TestAssembly.dll">
      <Execution id="9f8e833c-32fa-4209-874a-5c6a92d9913e" />
      <TestMethod codeBase="TestAssembly.dll" className="TestNamespace.TestClass9" name="Test3887" />
    </UnitTest>
    <UnitTest name="Test3888" id="e3302aab-09d2-4bbe-b563-95efaf23ab8b" storage="TestAssembly.dll">
      <Execution id="0c87ae1f-daba-4dc0-8a54-8bfb54f6f09c" />
      <TestMethod codeBase="TestAssembly.dll" className="TestNamespace.TestClass9" name="Test3888" />
    </UnitTest>
    <UnitTest name="Test3889" id="ad5b2dc9-d63e-4a97-949b-5e742e9e119a" storage="TestAssembly.dll">
      <Execution id="b99d6749-cd53-429b-9cae-ff3bf1f348e6" />
      <TestMethod codeBase="TestAssembly.dll" className="TestNamespace.TestClass9" name="Test3889" />
    </UnitTest>
    <UnitTest name="Test3890" id="2d933fec-ebfa-44a6-a8dd-d5902ca54840" storage="TestAssembly.dll">
      <Execution id="1bc78db2-7bdd-4ea9-b736-b3c2c2d517e1" />
      <TestMethod codeBase="TestAssembly.dll" className="TestNamespace.TestClass9" name="Test3890" />
    </UnitTest>
    <UnitTest name="Test3891" id="3a6897e4-0f5b-4824-a33a-82b63dbf9a20" storage="TestAssembly.dll">
      <Execution id="e1631abb-d5d3-45a2-a05b-42c8a02779f0" />
      <TestMethod codeBase="TestAssembly.dll" className="TestNamespace.TestClass10" name="Test3891" />
    </UnitTest>
    <UnitTest name="Test3892" id="7352f90c-2189-46b0-af14-82a02f8a1b1d" storage="TestAssembly.dll">
      <Execution id="7c6187a6-aee4-4daf-b4f0-fe3299837567" />
      <TestMethod codeBase="TestAssembly.dll" className="TestNamespace.TestClass10" name="Test3892" />
    </UnitTest>
    <UnitTest name="Test3893" id="a921e683-f1ff-44db-8594-db3c547121d0" storage="TestAssembly.dll">
      <Execution id="13163b75-7333-4d18-9aa9-3d02809d8e33" />
      <TestMethod codeBase="TestAssembly.dll" className="TestNamespace.TestClass10" name="Test3893" />
    </UnitTest>
    <UnitTest name="Test3894" id="0f4462ee-c370-49bd-9f38-3bd477214e51" storage="TestAssembly.dll">
      <Execution id="003017ce-22e4-4dd9-a700-98f1a9b2bc3f" />
      <TestMethod codeBase="TestAssembly.dll" className="TestNamespace.TestClass10" name="Test3894" />
    </UnitTest>
    <UnitTest name="Test3895" id="50c94af4-9bd3-495c-971f-0e5e5911c434" storage="TestAssembly.dll">
      <Execution id="af616ab4-ec19-4914-aa35-dbf8e4d08736" />
      <TestMethod codeBase="TestAssembly.dll" className="TestNamespace.TestClass10" name="Test3895" />
    </UnitTest>
    <UnitTest name="Test3896" id="bf11c775-935c-4e3b-b73b-6d076037bbed" storage="TestAssembly.dll">
      <Execution id="63680ebc-cd68-4bbe-926e-abb4d416767a" />
      <TestMethod codeBase="TestAssembly.dll" className="TestNamespace.TestClass10" name="Test3896" />
    </UnitTest>
    <UnitTest name="Test3897" id="de058fe5-9e31-441b-9cf8-b888d7ad45e3" storage="TestAssembly.dll">
      <Execution id="a65b9b3c-6fd1-4bf4-bee0-b1f699f8cb29" />
      <TestMethod codeBase="TestAssembly.dll" className="TestNamespace.TestClass10" name="Test3897" />
    </UnitTest>
    <UnitTest name="Test3898" id="d0b39f3f-6091-4b63-b62a-3aa538c91a3a" storage="TestAssembly.dll">
      <Execution id="71c54560-c627-4d78-99cb-f15174d05f51" />
      <TestMethod codeBase="TestAssembly.dll" className="TestNamespace.TestClass10" name="Test3898" />
    </UnitTest>
    <UnitTest name="Test3899" id="9ebfd886-19bc-429c-8eb2-4b7e107f6f09" storage="TestAssembly.dll">
      <Execution id="4db0f31f-1195-47dc-9694-7760945a62c5" />
      <TestMethod codeBase="TestAssembly.dll" className="TestNamespace.TestClass10" name="Test3899" />
    </UnitTest>
    <UnitTest name="Test3900" id="d4e47842-59fe-437f-a368-cbb44e8dcb24" storage="TestAssembly.dll">
      <Execution id="d855e351-042a-4f84-b3ac-cfac455fdc4f" />
      <TestMethod codeBase="TestAssembly.dll" className="TestNamespace.TestClass10" name="Test3900" />
    </UnitTest>
  </TestDefinitions>
  <TestEntries>
    <TestEntry testId="806f5fc5-1dfb-4a60-88aa-ab3453376926" executionId="bbc2a659-3be3-46f7-b049-37cdbc53e004" testListId="a416758f-b60d-4d67-b5ad-91333b277ca0" />
    <TestEntry testId="513e0a10-99a6-4b95-9256-8ceed3cb4ba9" executionId="7ca1c2c3-8cd5-49fe-99bd-a705a13719fc" testListId="a416758f-b60d-4d67-b5ad-91333b277ca0" />
    <TestEntry testId="9deb12e7-3734-4688-ac6b-d0e3b4ea1aec" executionId="3042160f-9255-4074-ba6f-fca548aa1768" testListId="a416758f-b60d-4d67-b5ad-91333b277ca0" />
    <TestEntry testId="499b08a7-6de7-464f-9e9b-70220f0c9b64" executionId="7b15799f-f680-4635-9834-f2fe8215c0a6" testListId="a416758f-b60d-4d67-b5ad-91333b277ca0" />
    <TestEntry testId="a8e5cf61-bbfe-4e1f-b3f4-ce0d7e3430c3" executionId="a71e2eae-1724-4d30-aba7-ecbd3163c1b3" testListId="a416758f-b60d-4d67-b5ad-91333b277ca0" />
    <TestEntry testId="4822a806-9e25-4cf2-8f1b-45dae19be378" executionId="c99f37d9-097c-4651-a497-069375916574" testListId="a416758f-b60d-4d67-b5ad-91333b277ca0" />
    <TestEntry testId="f5b4ff33-50ec-4ad3-a0f4-f88473faa773" executionId="e73f9d8e-3b50-4a64-8d0d-f6102bcbb0a7" testListId="a416758f-b60d-4d67-b5ad-91333b277ca0" />
    <TestEntry testId="bcc821b2-a779-4a94-8b6c-99fb763ac456" executionId="6404ae7b-ecd9-4b9c-bfea-e0a77845f45c" testListId="a416758f-b60d-4d67-b5ad-91333b277ca0" />
    <TestEntry testId="db0c475c-b3d8-4578-8aa2-ee062a2c13d4" executionId="02323378-3b32-4d5c-be34-cd357280f45f" testListId="a416758f-b60d-4d67-b5ad-91333b277ca0" />
    <TestEntry testId="de05387e-03cf-47c5-b30e-397f1e926c29" executionId="e88fc4eb-5b57-41d8-a9db-d5b30ca3ff34" testListId="a416758f-b60d-4d67-b5ad-91333b277ca0" />
    <TestEntry testId="41452442-efd0-405f-a6cc-78283a488965" executionId="10697819-ff76-437e-aa9c-1e9d1bef1aec" testListId="a416758f-b60d-4d67-b5ad-91333b277ca0" />
    <TestEntry testId="0a3328a3-08d5-40a9-8073-f4b6b62971c9" executionId="8d949c24-0b9c-41db-94f2-2cad67038ea4" testListId="a416758f-b60d-4d67-b5ad-91333b277ca0" />
    <TestEntry testId="6ecd6fd5-782d-4e03-aa0a-dcd34e087631" executionId="cd348c7e-38f3-4bd3-b912-263bc4e5f154" testListId="a416758f-b60d-4d67-b5ad-91333b277ca0" />
    <TestEntry testId="b52db9ef-f523-48c1-a725-bc5454d9e899" executionId="8778fb0f-1334-414a-84a9-1a051e179b83" testListId="a416758f-b60d-4d67-b5ad-91333b277ca0" />
    <TestEntry testId="621cc604-e247-4557-a40a-78976caeb39e" executionId="491fa8bb-e4ff-4787-8771-ac8a74c20ed7" testListId="a416758f-b60d-4d67-b5ad-91333b277ca0" />
    <TestEntry testId="76da66ef-5673-4904-bbd1-ea5a5e8e325d" executionId="db3b963b-5060-43f8-82f4-f9e00b51ac61" testListId="a416758f-b60d-4d67-b5ad-91333b277ca0" />
    <TestEntry testId="227cf7cd-9206-4894-a91c-9a846c052071" executionId="7d0aae27-5a80-426a-95a7-692b66b55cc5" testListId="a416758f-b60d-4d67-b5ad-91333b277ca0" />
    <TestEntry testId="8ccd60d3-1642-4088-93e3-0a1fcc160c12" executionId="d5fe1d69-2f22-41a1-aff0-f2a7e51440ba" testListId="a416758f-b60d-4d67-b5ad-91333b277ca0" />
    <TestEntry testId="271bab2e-0c8c-417e-b5e4-c1fc5bdbc7ee" executionId="8abefcc8-6859-4a77-81eb-fe9d44c58e12" testListId="a416758f-b60d-4d67-b5ad-91333b277ca0" />
    <TestEntry testId="89e75c13-9676-41d3-b9a0-067e31faafa8" executionId="5c4f96c4-f224-4456-867b-62c46e0d4a2f" testListId="a416758f-b60d-4d67-b5ad-91333b277ca0" />
    <TestEntry testId="5e7b71af-1e4d-484d-949f-e5a97f24b7e0" executionId="fd6dec37-316e-40e0-b08f-20813013021e" testListId="a416758f-b60d-4d67-b5ad-91333b277ca0" />
    <TestEntry testId="6d16bea9-b9e1-42e3-b857-5c909a1dab82" executionId="4f997da7-8e33-4423-8ea3-686fcd8a9aa0" testListId="a416758f-b60d-4d67-b5ad-91333b277ca0" />
    <TestEntry testId="5d8442ba-e258-40ca-ab65-5bd2eafbfd7e" executionId="ecd12193-62ab-4ec9-9fb8-7bdd58bb91c9" testListId="a416758f-b60d-4d67-b5ad-91333b277ca0" />
    <TestEntry testId="fb212a85-7e1b-4ee8-8f86-72aba3d7afeb" executionId="24127ed5-8af1-4b2d-98de-0da2f931b08a" testListId="a416758f-b60d-4d67-b5ad-91333b277ca0" />
    <TestEntry testId="5615c2c2-aa8c-44be-b757-7b400545f137" executionId="dd72839b-6301-4adc-97f7-24cbe772b516" testListId="a416758f-b60d-4d67-b5ad-91333b277ca0" />
    <TestEntry testId="8601e594-e12e-4930-9f78-e31662064286" executionId="43ef5183-e48e-4225-aefe-3b56585dd161" testListId="a416758f-b60d-4d67-b5ad-91333b277ca0" />
    <TestEntry testId="52016295-e415-4096-8218-81927740c928" executionId="0978783f-ac46-469e-9c60-83e564187137" testListId="a416758f-b60d-4d67-b5ad-91333b277ca0" />
    <TestEntry testId="40eed739-291d-430d-ba5c-95cb3951ec18" executionId="df57993d-05c3-42b1-90d8-637873eda940" testListId="a416758f-b60d-4d67-b5ad-91333b277ca0" />
    <TestEntry testId="dd6688d2-ea02-4db8-b23d-548337d1ed00" executionId="88c81694-597b-44ce-b8ae-8e5b5a7edc6a" testListId="a416758f-b60d-4d67-b5ad-91333b277ca0" />
    <TestEntry testId="fb6bbbc8-06cd-4f86-910a-ba2e821b7c73" executionId="1c4192e0-0315-47fc-af0d-a732fcf2dc75" testListId="a416758f-b60d-4d67-b5ad-91333b277ca0" />
    <TestEntry testId="0c436649-6ec1-4f6d-9932-ec26a62079e1" executionId="89fb3b46-9426-4f7f-ae05-b8d4ca4d6ad8" testListId="a416758f-b60d-4d67-b5ad-91333b277ca0" />
    <TestEntry testId="62264c01-3584-44ee-9e2e-e1acd6d5673a" executionId="d55d93f4-31d4-4e98-a8f4-a862cc8a6d41" testListId="a416758f-b60d-4d67-b5ad-91333b277ca0" />
    <TestEntry testId="f54e5926-6c9d-4f19-b54b-af2b51997e26" executionId="e31affed-88dd-4574-aa52-fb94dcbb00a8" testListId="a416758f-b60d-4d67-b5ad-91333b277ca0" />
    <TestEntry testId="fc33d4b2-68be-4607-85e2-029f0b19c63b" executionId="a4ba8e7a-776d-4f24-9a45-682baf875210" testListId="a416758f-b60d-4d67-b5ad-91333b277ca0" />
    <TestEntry testId="45d13ee2-7350-4e28-9698-f53372c32b3c" executionId="c81040ea-aa5a-40d3-bab6-d286ab95fb07" testListId="a416758f-b60d-4d67-b5ad-91333b277ca0" />
    <TestEntry testId="cf2d9da6-3ea3-4b2b-8725-8e2ffea4008c" executionId="def0ccf9-437f-4f33-8203-55b144f8a713" testListId="a416758f-b60d-4d67-b5ad-91333b277ca0" />
    <TestEntry testId="e584b6a2-d9d7-4e64-98b4-9641018dd770" executionId="377e1570-639c-4e7e-84bf-7fc5969ef245" testListId="a416758f-b60d-4d67-b5ad-91333b277ca0" />
    <TestEntry testId="d1f8777b-b275-48f2-95d3-6871606898e9" executionId="bd15542d-a0bf-477b-ab89-86066cb531f6" testListId="a416758f-b60d-4d67-b5ad-91333b277ca0" />
    <TestEntry testId="1c45195e-333a-4f89-99e1-d84d0577d233" executionId="afc53814-11ac-4bc7-bd72-50bbbb188427" testListId="a416758f-b60d-4d67-b5ad-91333b277ca0" />
    <TestEntry testId="6d8173b9-aed3-4703-94ba-93f9c332b864" executionId="d4782ed6-64ec-4916-b0a3-4c7b3cdfb848" testListId="a416758f-b60d-4d67-b5ad-91333b277ca0" />
    <TestEntry testId="f0305d73-e18e-4009-a1dc-55d53a216e6f" executionId="ba2b6ccf-07bc-4cf1-a610-4053e59dede1" testListId="a416758f-b60d-4d67-b5ad-91333b277ca0" />
    <TestEntry testId="aabccf91-ee25-4b50-9222-0c653393b67a" executionId="b60f8389-7876-4aba-9386-30a58bea9bc5" testListId="a416758f-b60d-4d67-b5ad-91333b277ca0" />
    <TestEntry testId="3101addc-1738-42b8-a8c2-c52f6f8029d8" executionId="a83476d1-84a8-4eb9-a180-34e1c3c3c48c" testListId="a416758f-b60d-4d67-b5ad-91333b277ca0" />
    <TestEntry testId="e7a7e4a6-427e-47b9-b798-4874f81adc03" executionId="4e0e9f2a-2ea3-4313-9d86-c7f0638be1fc" testListId="a416758f-b60d-4d67-b5ad-91333b277ca0" />
    <TestEntry testId="434e633c-d9a6-4c44-8adb-e3d77e4eace1" executionId="950ac44a-792b-46d0-984a-a8e2b70621a0" testListId="a416758f-b60d-4d67-b5ad-91333b277ca0" />
    <TestEntry testId="4d4f6901-1247-4438-aa9b-361cba68b75b" executionId="6f40cd38-bdb2-4106-a4b3-9b3f3add2e5e" testListId="a416758f-b60d-4d67-b5ad-91333b277ca0" />
    <TestEntry testId="a4ed0a25-41da-4ab2-8b77-5d4ea77bebd9" executionId="a402fd0f-cd0e-4d5e-bfa3-5652dad81447" testListId="a416758f-b60d-4d67-b5ad-91333b277ca0" />
    <TestEntry testId="2be7fb89-1d70-480a-9c65-0e3cb5abf256" executionId="7243b076-7a7a-46f6-99f8-b0c03103f3ba" testListId="a416758f-b60d-4d67-b5ad-91333b277ca0" />
    <TestEntry testId="6b712e72-668a-431a-9df8-1a14313a64be" executionId="45f2c197-87c1-469f-a6cc-43f5d6a07da3" testListId="a416758f-b60d-4d67-b5ad-91333b277ca0" />
    <TestEntry testId="03e5284c-3bed-4203-960f-b5420731f5db" executionId="ce367dcf-63db-48d1-b941-70e2142b74ac" testListId="a416758f-b60d-4d67-b5ad-91333b277ca0" />
    <TestEntry testId="5c4585d0-1b12-452a-b526-9a7673f6f952" executionId="56dca720-520f-4c31-b15b-092f5acbdf03" testListId="a416758f-b60d-4d67-b5ad-91333b277ca0" />
    <TestEntry testId="68dc3339-948e-4d58-8800-15be8a2cd649" executionId="e1614000-2124-4d73-ad4b-727cc0b52de2" testListId="a416758f-b60d-4d67-b5ad-91333b277ca0" />
    <TestEntry testId="96edd621-b215-4a2b-9577-678d266dfe8c" executionId="58cd7b05-b3b0-4c09-8d94-9ae82fb61153" testListId="a416758f-b60d-4d67-b5ad-91333b277ca0" />
    <TestEntry testId="604af1dd-cd9f-4569-ad30-692ba6ab58e5" executionId="2b9a1e2d-7689-4439-b8ed-ac790fe24743" testListId="a416758f-b60d-4d67-b5ad-91333b277ca0" />
    <TestEntry testId="4dac8464-8394-4c55-bfa8-70f9a39a1069" executionId="cc6d9f20-31d0-41c1-a2e2-3e3f8aafcf18" testListId="a416758f-b60d-4d67-b5ad-91333b277ca0" />
    <TestEntry testId="44fd9e8a-eab1-4414-8eb2-6f50cd30cf77" executionId="633f8565-26ec-40bc-8d88-845efe61e848" testListId="a416758f-b60d-4d67-b5ad-91333b277ca0" />
    <TestEntry testId="86a3908b-fb08-4f2c-8e76-62aea9051c73" executionId="a03416f6-4761-43bc-8c64-697d74ce62ab" testListId="a416758f-b60d-4d67-b5ad-91333b277ca0" />
    <TestEntry testId="367d560f-8459-4c05-a12e-dee7a2b6a201" executionId="72c91b4a-2b2a-4e9a-aea6-53f00bbc6e1e" testListId="a416758f-b60d-4d67-b5ad-91333b277ca0" />
    <TestEntry testId="a16e35c6-699e-4e08-b19c-21faad7e1ba7" executionId="c1d83c77-691b-4df5-89c2-bd5e87626819" testListId="a416758f-b60d-4d67-b5ad-91333b277ca0" />
    <TestEntry testId="e74d7249-d335-4957-9261-9f6fbe46795b" executionId="d0050f53-c848-4e40-9509-396ae3de9b3d" testListId="a416758f-b60d-4d67-b5ad-91333b277ca0" />
    <TestEntry testId="1182ab01-b463-4c05-9cc8-d8acdb1b2abf" executionId="e75f1097-2678-4479-8c12-ecae2f9a19ad" testListId="a416758f-b60d-4d67-b5ad-91333b277ca0" />
    <TestEntry testId="bbd44a8d-e837-450f-b2cc-a460d0bfe658" executionId="a26688fe-48b3-436e-8f3f-7dffc2f69033" testListId="a416758f-b60d-4d67-b5ad-91333b277ca0" />
    <TestEntry testId="f7ff1f07-8152-4c6a-939c-f0a1079d4d2f" executionId="0c309c67-3fc4-4fba-adfe-a931e0253db9" testListId="a416758f-b60d-4d67-b5ad-91333b277ca0" />
    <TestEntry testId="f9fcd32b-52dd-46d7-a4b3-c80e9256b7c2" executionId="12db3c9e-37b7-477b-b3f3-dcd5e66e0e4b" testListId="a416758f-b60d-4d67-b5ad-91333b277ca0" />
    <TestEntry testId="8bc1ba93-0104-4a27-af4b-83f2874f5d77" executionId="bd756fec-5f3f-455a-a8a5-ebb1957b4101" testListId="a416758f-b60d-4d67-b5ad-91333b277ca0" />
    <TestEntry testId="f94793bb-1ca9-4778-ae5e-02699c6410f4" executionId="a5d20ad7-0571-4076-985e-c2e7822f79a2" testListId="a416758f-b60d-4d67-b5ad-91333b277ca0" />
    <TestEntry testId="2454ad1f-34e7-41f6-8641-037b2c869acc" executionId="4b8f7b8b-ef65-4e59-a68b-341723409333" testListId="a416758f-b60d-4d67-b5ad-91333b277ca0" />
    <TestEntry testId="45b1b893-f1dd-43ab-bef6-a6fc25ae9b7d" executionId="af1a7982-f282-4f26-a850-56cae0f30220" testListId="a416758f-b60d-4d67-b5ad-91333b277ca0" />
    <TestEntry testId="66a3340d-4417-45c2-804e-ddd15f47a76f" executionId="481a480b-fd96-47ea-8e0a-c41dd34795da" testListId="a416758f-b60d-4d67-b5ad-91333b277ca0" />
    <TestEntry testId="e1c20af5-9899-4a80-a75a-f2a56b90e30f" executionId="c94846c8-ad6c-444f-ae30-f83d024ddee5" testListId="a416758f-b60d-4d67-b5ad-91333b277ca0" />
    <TestEntry testId="2a81f604-4561-47cb-989b-9852e71db32f" executionId="5f04ef5f-9e4c-4a32-8fc7-e0c8ec1dae9b" testListId="a416758f-b60d-4d67-b5ad-91333b277ca0" />
    <TestEntry testId="a577ccc4-9a8f-4779-9b7c-c46431092eaa" executionId="632a0709-946f-4f0d-813e-2e9f22822864" testListId="a416758f-b60d-4d67-b5ad-91333b277ca0" />
    <TestEntry testId="1dce3d58-130f-45f5-93d6-1ba84fa45190" executionId="6717ae75-b5b5-47aa-b755-3ae47ee72ced" testListId="a416758f-b60d-4d67-b5ad-91333b277ca0" />
    <TestEntry testId="c3fabcdd-6be0-4fe0-ad89-0b4d02f5faa3" executionId="61c47d60-0337-42aa-87bd-0fd67742e724" testListId="a416758f-b60d-4d67-b5ad-91333b277ca0" />
    <TestEntry testId="8da2d19a-1d33-4040-8617-fc73862df390" executionId="505e6918-b1da-4fb4-9966-2c577d7dc0a2" testListId="a416758f-b60d-4d67-b5ad-91333b277ca0" />
    <TestEntry testId="737ed97e-6eab-4726-b6c0-8a87d05b91db" executionId="360512d4-c2b2-46d0-add7-49aa4114f907" testListId="a416758f-b60d-4d67-b5ad-91333b277ca0" />
    <TestEntry testId="39689da1-93c9-4731-9b60-bfacf2d3d6db" executionId="4a4cd14b-9017-4541-804a-a214240b4ef5" testListId="a416758f-b60d-4d67-b5ad-91333b277ca0" />
    <TestEntry testId="cb869d85-f5d8-4408-81dd-f9a8d33eafec" executionId="558056fb-696b-46fd-a256-953fa98b33a9" testListId="a416758f-b60d-4d67-b5ad-91333b277ca0" />
    <TestEntry testId="8b027edd-c643-404a-8bee-160c80976196" executionId="7f0a02c2-e481-4049-9df5-7c0edf1c88e2" testListId="a416758f-b60d-4d67-b5ad-91333b277ca0" />
    <TestEntry testId="0772686b-ece7-4d5b-8200-b512c7517cc8" executionId="6b6ec21d-f9fc-4fd7-8180-6aa624cae5c0" testListId="a416758f-b60d-4d67-b5ad-91333b277ca0" />
    <TestEntry testId="7fb46afa-3fc3-4303-a70f-204c6f0e8b4c" executionId="a48ac907-1bb2-4812-bc2d-e6de2c26fafc" testListId="a416758f-b60d-4d67-b5ad-91333b277ca0" />
    <TestEntry testId="9d94079f-53b4-42f9-8d1c-2c06ee267b64" executionId="7976575f-ebad-4d02-9f3c-1cdd1f601c8d" testListId="a416758f-b60d-4d67-b5ad-91333b277ca0" />
    <TestEntry testId="ba8f7450-9a90-485d-9d06-38ecfe43a162" executionId="dbcafe7e-3da8-4a4f-861b-db9208eb77fb" testListId="a416758f-b60d-4d67-b5ad-91333b277ca0" />
    <TestEntry testId="6897d2f2-57ff-433a-a377-41975a0b2dd4" executionId="797c6dc4-e85b-454a-bd0d-5d96e03b8e04" testListId="a416758f-b60d-4d67-b5ad-91333b277ca0" />
    <TestEntry testId="eaf78d09-e169-4359-bf09-1c3aa94bc77c" executionId="c535e79d-54b9-47b4-aa7f-6f39dd895754" testListId="a416758f-b60d-4d67-b5ad-91333b277ca0" />
    <TestEntry testId="cb635036-9a1d-4299-b6cd-0554e2a61685" executionId="3d5ad643-0616-4508-952e-bd0a3ea0753d" testListId="a416758f-b60d-4d67-b5ad-91333b277ca0" />
    <TestEntry testId="aab704a9-12a1-4046-88e7-3ae39cc11231" executionId="9f8e833c-32fa-4209-874a-5c6a92d9913e" testListId="a416758f-b60d-4d67-b5ad-91333b277ca0" />
    <TestEntry testId="e3302aab-09d2-4bbe-b563-95efaf23ab8b" executionId="0c87ae1f-daba-4dc0-8a54-8bfb54f6f09c" testListId="a416758f-b60d-4d67-b5ad-91333b277ca0" />
    <TestEntry testId="ad5b2dc9-d63e-4a97-949b-5e742e9e119a" executionId="b99d6749-cd53-429b-9cae-ff3bf1f348e6" testListId="a416758f-b60d-4d67-b5ad-91333b277ca0" />
    <TestEntry testId="2d933fec-ebfa-44a6-a8dd-d5902ca54840" executionId="1bc78db2-7bdd-4ea9-b736-b3c2c2d517e1" testListId="a416758f-b60d-4d67-b5ad-91333b277ca0" />
    <TestEntry testId="3a6897e4-0f5b-4824-a33a-82b63dbf9a20" executionId="e1631abb-d5d3-45a2-a05b-42c8a02779f0" testListId="a416758f-b60d-4d67-b5ad-91333b277ca0" />
    <TestEntry testId="7352f90c-2189-46b0-af14-82a02f8a1b1d" executionId="7c6187a6-aee4-4daf-b4f0-fe3299837567" testListId="a416758f-b60d-4d67-b5ad-91333b277ca0" />
    <TestEntry testId="a921e683-f1ff-44db-8594-db3c547121d0" executionId="13163b75-7333-4d18-9aa9-3d02809d8e33" testListId="a416758f-b60d-4d67-b5ad-91333b277ca0" />
    <TestEntry testId="0f4462ee-c370-49bd-9f38-3bd477214e51" executionId="003017ce-22e4-4dd9-a700-98f1a9b2bc3f" testListId="a416758f-b60d-4d67-b5ad-91333b277ca0" />
    <TestEntry testId="50c94af4-9bd3-495c-971f-0e5e5911c434" executionId="af616ab4-ec19-4914-aa35-dbf8e4d08736" testListId="a416758f-b60d-4d67-b5ad-91333b277ca0" />
    <TestEntry testId="bf11c775-935c-4e3b-b73b-6d076037bbed" executionId="63680ebc-cd68-4bbe-926e-abb4d416767a" testListId="a416758f-b60d-4d67-b5ad-91333b277ca0" />
    <TestEntry testId="de058fe5-9e31-441b-9cf8-b888d7ad45e3" executionId="a65b9b3c-6fd1-4bf4-bee0-b1f699f8cb29" testListId="a416758f-b60d-4d67-b5ad-91333b277ca0" />
    <TestEntry testId="d0b39f3f-6091-4b63-b62a-3aa538c91a3a" executionId="71c54560-c627-4d78-99cb-f15174d05f51" testListId="a416758f-b60d-4d67-b5ad-91333b277ca0" />
    <TestEntry testId="9ebfd886-19bc-429c-8eb2-4b7e107f6f09" executionId="4db0f31f-1195-47dc-9694-7760945a62c5" testListId="a416758f-b60d-4d67-b5ad-91333b277ca0" />
    <TestEntry testId="d4e47842-59fe-437f-a368-cbb44e8dcb24" executionId="d855e351-042a-4f84-b3ac-cfac455fdc4f" testListId="a416758f-b60d-4d67-b5ad-91333b277ca0" />
  </TestEntries>
  <TestLists>
    <TestList name="Results Not in a List" id="a416758f-b60d-4d67-b5ad-91333b277ca0" />
    <TestList name="All Loaded Results" id="0e1aee32-d649-4469-ba25-928dbf4e83c7" />
  </TestLists>
</TestRun>