<?xml version="1.0" encoding="UTF-8"?>
<TestRun id="3a015b39-ce8e-4a8a-84cf-f4485f1a350d" name="Test Run 99" runUser="Oles Galatsan" xmlns="http://microsoft.com/schemas/VisualStudio/TeamTest/2010">
  <Times creation="2025-05-14T13:20:31.3125482Z" queuing="2025-05-14T13:20:31.3125482Z" start="2025-05-14T13:20:31.3146610Z" finish="2025-05-14T13:25:31.3147553Z" />
  <TestSettings name="Test Settings 99" id="2c12b99e-0b89-455f-b1cb-ed016529d0ad" />
  <Results>
    <UnitTestResult executionId="5b6ce595-32c3-47ee-8f38-cb8e49fef0fd" testId="3c5da414-db32-4949-be4c-f4d9220b4641" testName="Test9801" computerName="UA-LPT-OGA2" duration="00:00:00.6930000" startTime="2025-05-14T13:20:31.3146610Z" endTime="2025-05-14T13:25:31.3147553Z" testType="13cdc9d9-ddb5-4fa4-a97d-d965ccfc6d4b" outcome="Passed" testListId="3736724e-70d0-43db-89b6-e00d9b8c3b11" />
    <UnitTestResult executionId="4d513c1c-137f-4d61-9715-4be5884a9e44" testId="60b51fb7-8b75-4fab-b04c-cd2d2a1fa28c" testName="Test9802" computerName="UA-LPT-OGA2" duration="00:00:01.4510000" startTime="2025-05-14T13:20:31.3146610Z" endTime="2025-05-14T13:25:31.3147553Z" testType="13cdc9d9-ddb5-4fa4-a97d-d965ccfc6d4b" outcome="Passed" testListId="3736724e-70d0-43db-89b6-e00d9b8c3b11" />
    <UnitTestResult executionId="f99d1df0-b518-49ec-9320-bd7e53d97271" testId="a9e9357c-ab5f-4a0e-8519-bf3530ea0c1a" testName="Test9803" computerName="UA-LPT-OGA2" duration="00:00:01.5650000" startTime="2025-05-14T13:20:31.3146610Z" endTime="2025-05-14T13:25:31.3147553Z" testType="13cdc9d9-ddb5-4fa4-a97d-d965ccfc6d4b" outcome="Passed" testListId="3736724e-70d0-43db-89b6-e00d9b8c3b11" />
    <UnitTestResult executionId="cc8034be-7823-4910-a3e9-1636fd0ba3e8" testId="4d42616b-0784-4820-b301-2a20ce9de448" testName="Test9804" computerName="UA-LPT-OGA2" duration="00:00:00.8650000" startTime="2025-05-14T13:20:31.3146610Z" endTime="2025-05-14T13:25:31.3147553Z" testType="13cdc9d9-ddb5-4fa4-a97d-d965ccfc6d4b" outcome="Passed" testListId="3736724e-70d0-43db-89b6-e00d9b8c3b11" />
    <UnitTestResult executionId="db8bca81-3e5b-4171-8a61-219ef4b1dfe3" testId="af6dd0b6-8954-4f61-a59e-d447b538b6a0" testName="Test9805" computerName="UA-LPT-OGA2" duration="00:00:00.8760000" startTime="2025-05-14T13:20:31.3146610Z" endTime="2025-05-14T13:25:31.3147553Z" testType="13cdc9d9-ddb5-4fa4-a97d-d965ccfc6d4b" outcome="Passed" testListId="3736724e-70d0-43db-89b6-e00d9b8c3b11" />
    <UnitTestResult executionId="4d3c8a64-3e84-47cd-8a3a-3976c762e458" testId="46eb117e-6a93-485d-8bff-0e0003a3fb5b" testName="Test9806" computerName="UA-LPT-OGA2" duration="00:00:01.1690000" startTime="2025-05-14T13:20:31.3146610Z" endTime="2025-05-14T13:25:31.3147553Z" testType="13cdc9d9-ddb5-4fa4-a97d-d965ccfc6d4b" outcome="Failed" testListId="3736724e-70d0-43db-89b6-e00d9b8c3b11">
      <Output>
        <ErrorInfo>
          <Message>Assertion failed: Expected value did not match actual value.</Message>
          <StackTrace>   at TestNamespace.TestClass.Test() in TestClass.cs:line 130</StackTrace>
        </ErrorInfo>
      </Output>
    </UnitTestResult>
    <UnitTestResult executionId="55682233-56af-4956-b2bf-75ef19ebc8ac" testId="bc4d4230-f578-4ec5-95bb-2805e79c6c5b" testName="Test9807" computerName="UA-LPT-OGA2" duration="00:00:00.8010000" startTime="2025-05-14T13:20:31.3146610Z" endTime="2025-05-14T13:25:31.3147553Z" testType="13cdc9d9-ddb5-4fa4-a97d-d965ccfc6d4b" outcome="Passed" testListId="3736724e-70d0-43db-89b6-e00d9b8c3b11" />
    <UnitTestResult executionId="cb47ac12-da61-4e01-8e39-9de9c9ca40e4" testId="96c574c3-385a-4631-a6bf-714653d2c859" testName="Test9808" computerName="UA-LPT-OGA2" duration="00:00:01.1030000" startTime="2025-05-14T13:20:31.3146610Z" endTime="2025-05-14T13:25:31.3147553Z" testType="13cdc9d9-ddb5-4fa4-a97d-d965ccfc6d4b" outcome="Passed" testListId="3736724e-70d0-43db-89b6-e00d9b8c3b11" />
    <UnitTestResult executionId="5c058c5a-9d29-4e1a-ad2e-54546f11d74c" testId="3a94822d-c622-4af9-9a2d-c391016bcdf7" testName="Test9809" computerName="UA-LPT-OGA2" duration="00:00:00.3260000" startTime="2025-05-14T13:20:31.3146610Z" endTime="2025-05-14T13:25:31.3147553Z" testType="13cdc9d9-ddb5-4fa4-a97d-d965ccfc6d4b" outcome="Failed" testListId="3736724e-70d0-43db-89b6-e00d9b8c3b11">
      <Output>
        <ErrorInfo>
          <Message>Assertion failed: Expected value did not match actual value.</Message>
          <StackTrace>   at TestNamespace.TestClass.Test() in TestClass.cs:line 31</StackTrace>
        </ErrorInfo>
      </Output>
    </UnitTestResult>
    <UnitTestResult executionId="508f4e60-5f54-4394-bf89-90a863d5f061" testId="dda10987-d7fa-4a28-a529-7bffd1aa72c8" testName="Test9810" computerName="UA-LPT-OGA2" duration="00:00:01.4910000" startTime="2025-05-14T13:20:31.3146610Z" endTime="2025-05-14T13:25:31.3147553Z" testType="13cdc9d9-ddb5-4fa4-a97d-d965ccfc6d4b" outcome="Passed" testListId="3736724e-70d0-43db-89b6-e00d9b8c3b11" />
    <UnitTestResult executionId="3a45e2ae-b8ca-43b0-8e4b-4229dda4efbd" testId="638e5ff3-038e-4d7c-aed7-2767388a7fcd" testName="Test9811" computerName="UA-LPT-OGA2" duration="00:00:01.7160000" startTime="2025-05-14T13:20:31.3146610Z" endTime="2025-05-14T13:25:31.3147553Z" testType="13cdc9d9-ddb5-4fa4-a97d-d965ccfc6d4b" outcome="Passed" testListId="3736724e-70d0-43db-89b6-e00d9b8c3b11" />
    <UnitTestResult executionId="b10aee3c-1845-4201-9fe1-2184bf290dad" testId="709c6a68-4bd2-490d-97e8-5c9c08d82a2f" testName="Test9812" computerName="UA-LPT-OGA2" duration="00:00:01.3030000" startTime="2025-05-14T13:20:31.3146610Z" endTime="2025-05-14T13:25:31.3147553Z" testType="13cdc9d9-ddb5-4fa4-a97d-d965ccfc6d4b" outcome="Passed" testListId="3736724e-70d0-43db-89b6-e00d9b8c3b11" />
    <UnitTestResult executionId="29fa6744-a687-4056-b9d9-2c2a1e5d44a5" testId="8119ac72-7b14-47d3-81fd-bb05494dd448" testName="Test9813" computerName="UA-LPT-OGA2" duration="00:00:00.8180000" startTime="2025-05-14T13:20:31.3146610Z" endTime="2025-05-14T13:25:31.3147553Z" testType="13cdc9d9-ddb5-4fa4-a97d-d965ccfc6d4b" outcome="Passed" testListId="3736724e-70d0-43db-89b6-e00d9b8c3b11" />
    <UnitTestResult executionId="28f72d14-4f1d-4522-8b25-4a169de240be" testId="af7c3e79-c039-480f-a236-0128c51c2077" testName="Test9814" computerName="UA-LPT-OGA2" duration="00:00:00.6340000" startTime="2025-05-14T13:20:31.3146610Z" endTime="2025-05-14T13:25:31.3147553Z" testType="13cdc9d9-ddb5-4fa4-a97d-d965ccfc6d4b" outcome="Passed" testListId="3736724e-70d0-43db-89b6-e00d9b8c3b11" />
    <UnitTestResult executionId="d2b9800b-b1e3-405b-8795-454e417510b3" testId="4eaf02dc-0e50-4732-b335-dad163d45611" testName="Test9815" computerName="UA-LPT-OGA2" duration="00:00:00.8860000" startTime="2025-05-14T13:20:31.3146610Z" endTime="2025-05-14T13:25:31.3147553Z" testType="13cdc9d9-ddb5-4fa4-a97d-d965ccfc6d4b" outcome="Passed" testListId="3736724e-70d0-43db-89b6-e00d9b8c3b11" />
    <UnitTestResult executionId="c34da85e-8821-45e0-bdfd-479a5bbca018" testId="8f9b9bfa-7121-4285-8849-f9dd849e9523" testName="Test9816" computerName="UA-LPT-OGA2" duration="00:00:00.2690000" startTime="2025-05-14T13:20:31.3146610Z" endTime="2025-05-14T13:25:31.3147553Z" testType="13cdc9d9-ddb5-4fa4-a97d-d965ccfc6d4b" outcome="Passed" testListId="3736724e-70d0-43db-89b6-e00d9b8c3b11" />
    <UnitTestResult executionId="f2c2bcb3-7eda-4a5f-8e08-25e0bc9d8b28" testId="0daa535c-ff6e-400d-b029-1b61b14ec1ca" testName="Test9817" computerName="UA-LPT-OGA2" duration="00:00:01.4980000" startTime="2025-05-14T13:20:31.3146610Z" endTime="2025-05-14T13:25:31.3147553Z" testType="13cdc9d9-ddb5-4fa4-a97d-d965ccfc6d4b" outcome="Failed" testListId="3736724e-70d0-43db-89b6-e00d9b8c3b11">
      <Output>
        <ErrorInfo>
          <Message>Assertion failed: Expected value did not match actual value.</Message>
          <StackTrace>   at TestNamespace.TestClass.Test() in TestClass.cs:line 463</StackTrace>
        </ErrorInfo>
      </Output>
    </UnitTestResult>
    <UnitTestResult executionId="fc4b0186-f281-4955-a00a-a73fc43716ee" testId="66644bc5-c03d-43ad-ad0f-059df332c877" testName="Test9818" computerName="UA-LPT-OGA2" duration="00:00:01.3580000" startTime="2025-05-14T13:20:31.3146610Z" endTime="2025-05-14T13:25:31.3147553Z" testType="13cdc9d9-ddb5-4fa4-a97d-d965ccfc6d4b" outcome="Failed" testListId="3736724e-70d0-43db-89b6-e00d9b8c3b11">
      <Output>
        <ErrorInfo>
          <Message>Assertion failed: Expected value did not match actual value.</Message>
          <StackTrace>   at TestNamespace.TestClass.Test() in TestClass.cs:line 14</StackTrace>
        </ErrorInfo>
      </Output>
    </UnitTestResult>
    <UnitTestResult executionId="19d942aa-ea9c-436c-822a-e22566097b32" testId="20f06233-003d-47d3-bd30-62be025414b7" testName="Test9819" computerName="UA-LPT-OGA2" duration="00:00:01.9150000" startTime="2025-05-14T13:20:31.3146610Z" endTime="2025-05-14T13:25:31.3147553Z" testType="13cdc9d9-ddb5-4fa4-a97d-d965ccfc6d4b" outcome="Passed" testListId="3736724e-70d0-43db-89b6-e00d9b8c3b11" />
    <UnitTestResult executionId="8b7c7bcb-2de6-48fc-9ec8-7d2794b7e0ea" testId="1846b450-fcf9-4fc2-9d9e-5b3d6857a84a" testName="Test9820" computerName="UA-LPT-OGA2" duration="00:00:01.6580000" startTime="2025-05-14T13:20:31.3146610Z" endTime="2025-05-14T13:25:31.3147553Z" testType="13cdc9d9-ddb5-4fa4-a97d-d965ccfc6d4b" outcome="Passed" testListId="3736724e-70d0-43db-89b6-e00d9b8c3b11" />
    <UnitTestResult executionId="ad2cedd9-3c6e-42eb-a9fc-5923a2f39604" testId="81ed7bba-596b-4a8b-a4da-f65344d63f79" testName="Test9821" computerName="UA-LPT-OGA2" duration="00:00:01.3220000" startTime="2025-05-14T13:20:31.3146610Z" endTime="2025-05-14T13:25:31.3147553Z" testType="13cdc9d9-ddb5-4fa4-a97d-d965ccfc6d4b" outcome="Passed" testListId="3736724e-70d0-43db-89b6-e00d9b8c3b11" />
    <UnitTestResult executionId="c47dc586-9654-4f1d-80c5-00bff1cf6dd3" testId="2efd51c3-9ce7-4c33-b9ae-23b02d5affe3" testName="Test9822" computerName="UA-LPT-OGA2" duration="00:00:01.8210000" startTime="2025-05-14T13:20:31.3146610Z" endTime="2025-05-14T13:25:31.3147553Z" testType="13cdc9d9-ddb5-4fa4-a97d-d965ccfc6d4b" outcome="Passed" testListId="3736724e-70d0-43db-89b6-e00d9b8c3b11" />
    <UnitTestResult executionId="41adb5af-c944-4d5b-b90e-8643da7b31df" testId="2e4a2dc8-8089-4054-a584-6de03049f599" testName="Test9823" computerName="UA-LPT-OGA2" duration="00:00:00.1770000" startTime="2025-05-14T13:20:31.3146610Z" endTime="2025-05-14T13:25:31.3147553Z" testType="13cdc9d9-ddb5-4fa4-a97d-d965ccfc6d4b" outcome="Failed" testListId="3736724e-70d0-43db-89b6-e00d9b8c3b11">
      <Output>
        <ErrorInfo>
          <Message>Assertion failed: Expected value did not match actual value.</Message>
          <StackTrace>   at TestNamespace.TestClass.Test() in TestClass.cs:line 44</StackTrace>
        </ErrorInfo>
      </Output>
    </UnitTestResult>
    <UnitTestResult executionId="afceaa50-8479-4e82-856b-6d9301bb4f4a" testId="45dffff8-5cd3-4645-90cc-69dec2c8a29f" testName="Test9824" computerName="UA-LPT-OGA2" duration="00:00:00.8450000" startTime="2025-05-14T13:20:31.3146610Z" endTime="2025-05-14T13:25:31.3147553Z" testType="13cdc9d9-ddb5-4fa4-a97d-d965ccfc6d4b" outcome="Passed" testListId="3736724e-70d0-43db-89b6-e00d9b8c3b11" />
    <UnitTestResult executionId="e40f24f1-de79-4396-93ba-6630f5d9d670" testId="f27cd513-cac0-4169-bd28-d67a35688444" testName="Test9825" computerName="UA-LPT-OGA2" duration="00:00:01.9720000" startTime="2025-05-14T13:20:31.3146610Z" endTime="2025-05-14T13:25:31.3147553Z" testType="13cdc9d9-ddb5-4fa4-a97d-d965ccfc6d4b" outcome="Passed" testListId="3736724e-70d0-43db-89b6-e00d9b8c3b11" />
    <UnitTestResult executionId="136dccf2-eeb6-45e0-a44e-8665a1679828" testId="a5d0aca4-4cc4-4ecb-800b-593b7b02a40c" testName="Test9826" computerName="UA-LPT-OGA2" duration="00:00:01.6980000" startTime="2025-05-14T13:20:31.3146610Z" endTime="2025-05-14T13:25:31.3147553Z" testType="13cdc9d9-ddb5-4fa4-a97d-d965ccfc6d4b" outcome="Passed" testListId="3736724e-70d0-43db-89b6-e00d9b8c3b11" />
    <UnitTestResult executionId="9da07295-834b-4d43-9d9f-110d936b2f54" testId="48389ccf-6c01-4f60-b815-14ecd740b92c" testName="Test9827" computerName="UA-LPT-OGA2" duration="00:00:01.6010000" startTime="2025-05-14T13:20:31.3146610Z" endTime="2025-05-14T13:25:31.3147553Z" testType="13cdc9d9-ddb5-4fa4-a97d-d965ccfc6d4b" outcome="Passed" testListId="3736724e-70d0-43db-89b6-e00d9b8c3b11" />
    <UnitTestResult executionId="c9536805-01ab-4f57-9418-16b1608e46d9" testId="e4405902-705c-4f6f-8a0b-3b3183b1a636" testName="Test9828" computerName="UA-LPT-OGA2" duration="00:00:01.4210000" startTime="2025-05-14T13:20:31.3146610Z" endTime="2025-05-14T13:25:31.3147553Z" testType="13cdc9d9-ddb5-4fa4-a97d-d965ccfc6d4b" outcome="Passed" testListId="3736724e-70d0-43db-89b6-e00d9b8c3b11" />
    <UnitTestResult executionId="eb98a25f-92bd-4a55-bbe8-c103bf45acf4" testId="3d11944b-1deb-42cc-b517-24ead0f9f5e7" testName="Test9829" computerName="UA-LPT-OGA2" duration="00:00:01.1220000" startTime="2025-05-14T13:20:31.3146610Z" endTime="2025-05-14T13:25:31.3147553Z" testType="13cdc9d9-ddb5-4fa4-a97d-d965ccfc6d4b" outcome="Passed" testListId="3736724e-70d0-43db-89b6-e00d9b8c3b11" />
    <UnitTestResult executionId="2bf626d8-14a2-4004-884a-db77ea2871bc" testId="50db8cd1-a7c6-4092-b360-5cec0aa8a806" testName="Test9830" computerName="UA-LPT-OGA2" duration="00:00:01.4990000" startTime="2025-05-14T13:20:31.3146610Z" endTime="2025-05-14T13:25:31.3147553Z" testType="13cdc9d9-ddb5-4fa4-a97d-d965ccfc6d4b" outcome="Passed" testListId="3736724e-70d0-43db-89b6-e00d9b8c3b11" />
    <UnitTestResult executionId="9b817ce9-67f5-4fff-ac32-58a6a0118055" testId="3f15fee5-7178-49cc-9b17-4c30b51acf9e" testName="Test9831" computerName="UA-LPT-OGA2" duration="00:00:01.2470000" startTime="2025-05-14T13:20:31.3146610Z" endTime="2025-05-14T13:25:31.3147553Z" testType="13cdc9d9-ddb5-4fa4-a97d-d965ccfc6d4b" outcome="Passed" testListId="3736724e-70d0-43db-89b6-e00d9b8c3b11" />
    <UnitTestResult executionId="c217a6ba-eabc-4e39-af40-12f4e51652c2" testId="2e765700-d5d7-4296-a6ea-3e5d70280567" testName="Test9832" computerName="UA-LPT-OGA2" duration="00:00:00.8600000" startTime="2025-05-14T13:20:31.3146610Z" endTime="2025-05-14T13:25:31.3147553Z" testType="13cdc9d9-ddb5-4fa4-a97d-d965ccfc6d4b" outcome="Passed" testListId="3736724e-70d0-43db-89b6-e00d9b8c3b11" />
    <UnitTestResult executionId="a1299d7a-6f86-40b8-88fd-0712dbeab458" testId="f25183b1-f6d1-4268-a3f5-582e6b2f90bf" testName="Test9833" computerName="UA-LPT-OGA2" duration="00:00:00.8600000" startTime="2025-05-14T13:20:31.3146610Z" endTime="2025-05-14T13:25:31.3147553Z" testType="13cdc9d9-ddb5-4fa4-a97d-d965ccfc6d4b" outcome="Failed" testListId="3736724e-70d0-43db-89b6-e00d9b8c3b11">
      <Output>
        <ErrorInfo>
          <Message>Assertion failed: Expected value did not match actual value.</Message>
          <StackTrace>   at TestNamespace.TestClass.Test() in TestClass.cs:line 423</StackTrace>
        </ErrorInfo>
      </Output>
    </UnitTestResult>
    <UnitTestResult executionId="8041be66-df76-4087-ae00-3e0b831093e2" testId="b97b4bfd-7676-45fe-966e-3901b910824e" testName="Test9834" computerName="UA-LPT-OGA2" duration="00:00:01.8650000" startTime="2025-05-14T13:20:31.3146610Z" endTime="2025-05-14T13:25:31.3147553Z" testType="13cdc9d9-ddb5-4fa4-a97d-d965ccfc6d4b" outcome="Passed" testListId="3736724e-70d0-43db-89b6-e00d9b8c3b11" />
    <UnitTestResult executionId="04a6f631-cf0e-4a02-b318-5d373369d751" testId="3e6e3dfe-ce52-4790-92ec-92f466c6001f" testName="Test9835" computerName="UA-LPT-OGA2" duration="00:00:00.0260000" startTime="2025-05-14T13:20:31.3146610Z" endTime="2025-05-14T13:25:31.3147553Z" testType="13cdc9d9-ddb5-4fa4-a97d-d965ccfc6d4b" outcome="Passed" testListId="3736724e-70d0-43db-89b6-e00d9b8c3b11" />
    <UnitTestResult executionId="3b5e72ae-8cd6-4f67-be01-16b6a8214623" testId="eee5c2aa-3587-4ec7-804e-66f1ef41543e" testName="Test9836" computerName="UA-LPT-OGA2" duration="00:00:00.7840000" startTime="2025-05-14T13:20:31.3146610Z" endTime="2025-05-14T13:25:31.3147553Z" testType="13cdc9d9-ddb5-4fa4-a97d-d965ccfc6d4b" outcome="Passed" testListId="3736724e-70d0-43db-89b6-e00d9b8c3b11" />
    <UnitTestResult executionId="7bd7b472-fcd4-49b0-a7d3-b708f1881909" testId="39566003-c7bc-4701-8c1a-1778f5e3e17a" testName="Test9837" computerName="UA-LPT-OGA2" duration="00:00:00.3800000" startTime="2025-05-14T13:20:31.3146610Z" endTime="2025-05-14T13:25:31.3147553Z" testType="13cdc9d9-ddb5-4fa4-a97d-d965ccfc6d4b" outcome="Passed" testListId="3736724e-70d0-43db-89b6-e00d9b8c3b11" />
    <UnitTestResult executionId="654eacc6-3320-4f55-a8e5-4f41453597a5" testId="7371b23d-ff1c-4608-ae86-c498d3f1228f" testName="Test9838" computerName="UA-LPT-OGA2" duration="00:00:01.8150000" startTime="2025-05-14T13:20:31.3146610Z" endTime="2025-05-14T13:25:31.3147553Z" testType="13cdc9d9-ddb5-4fa4-a97d-d965ccfc6d4b" outcome="Passed" testListId="3736724e-70d0-43db-89b6-e00d9b8c3b11" />
    <UnitTestResult executionId="6c3fd8e5-bd6f-437d-bd54-d25718d2cd65" testId="fc6af449-cac4-4a51-9a34-d24e64f80d67" testName="Test9839" computerName="UA-LPT-OGA2" duration="00:00:00.2170000" startTime="2025-05-14T13:20:31.3146610Z" endTime="2025-05-14T13:25:31.3147553Z" testType="13cdc9d9-ddb5-4fa4-a97d-d965ccfc6d4b" outcome="Passed" testListId="3736724e-70d0-43db-89b6-e00d9b8c3b11" />
    <UnitTestResult executionId="7047218c-9672-4ace-a4a3-e8f8b2d93c54" testId="75468b55-3a28-4340-adfb-312691628055" testName="Test9840" computerName="UA-LPT-OGA2" duration="00:00:00.4010000" startTime="2025-05-14T13:20:31.3146610Z" endTime="2025-05-14T13:25:31.3147553Z" testType="13cdc9d9-ddb5-4fa4-a97d-d965ccfc6d4b" outcome="Passed" testListId="3736724e-70d0-43db-89b6-e00d9b8c3b11" />
    <UnitTestResult executionId="23d46e73-303b-4aac-9462-93c181f94069" testId="cc67d7da-8d7a-4fc1-9280-dc7246b82cec" testName="Test9841" computerName="UA-LPT-OGA2" duration="00:00:00.3800000" startTime="2025-05-14T13:20:31.3146610Z" endTime="2025-05-14T13:25:31.3147553Z" testType="13cdc9d9-ddb5-4fa4-a97d-d965ccfc6d4b" outcome="Passed" testListId="3736724e-70d0-43db-89b6-e00d9b8c3b11" />
    <UnitTestResult executionId="abf2652d-aa23-41ef-a6ed-d932b950a123" testId="5590fbf9-df4f-4104-90a3-17bc8de32110" testName="Test9842" computerName="UA-LPT-OGA2" duration="00:00:00.5430000" startTime="2025-05-14T13:20:31.3146610Z" endTime="2025-05-14T13:25:31.3147553Z" testType="13cdc9d9-ddb5-4fa4-a97d-d965ccfc6d4b" outcome="Failed" testListId="3736724e-70d0-43db-89b6-e00d9b8c3b11">
      <Output>
        <ErrorInfo>
          <Message>Assertion failed: Expected value did not match actual value.</Message>
          <StackTrace>   at TestNamespace.TestClass.Test() in TestClass.cs:line 430</StackTrace>
        </ErrorInfo>
      </Output>
    </UnitTestResult>
    <UnitTestResult executionId="e6b30580-4ab4-4a5f-9e0f-110a7992c607" testId="e6d8d71f-482e-48d3-b690-cf49ca2ac845" testName="Test9843" computerName="UA-LPT-OGA2" duration="00:00:00.6550000" startTime="2025-05-14T13:20:31.3146610Z" endTime="2025-05-14T13:25:31.3147553Z" testType="13cdc9d9-ddb5-4fa4-a97d-d965ccfc6d4b" outcome="Passed" testListId="3736724e-70d0-43db-89b6-e00d9b8c3b11" />
    <UnitTestResult executionId="399ea721-8dda-41f7-9274-5a6676fa2d77" testId="a989400c-c10d-471f-9aa6-fd0c5b773053" testName="Test9844" computerName="UA-LPT-OGA2" duration="00:00:01.1100000" startTime="2025-05-14T13:20:31.3146610Z" endTime="2025-05-14T13:25:31.3147553Z" testType="13cdc9d9-ddb5-4fa4-a97d-d965ccfc6d4b" outcome="Passed" testListId="3736724e-70d0-43db-89b6-e00d9b8c3b11" />
    <UnitTestResult executionId="d4892048-2acd-4af9-bb3e-27c47bd29413" testId="a8fd6c18-f8d2-4e20-b638-90c31b51c912" testName="Test9845" computerName="UA-LPT-OGA2" duration="00:00:00.0820000" startTime="2025-05-14T13:20:31.3146610Z" endTime="2025-05-14T13:25:31.3147553Z" testType="13cdc9d9-ddb5-4fa4-a97d-d965ccfc6d4b" outcome="Passed" testListId="3736724e-70d0-43db-89b6-e00d9b8c3b11" />
    <UnitTestResult executionId="f2034db6-9d8f-4e5f-9e5a-437e0f693e00" testId="074de6c6-6a43-47e5-b77e-ded694119571" testName="Test9846" computerName="UA-LPT-OGA2" duration="00:00:00.3200000" startTime="2025-05-14T13:20:31.3146610Z" endTime="2025-05-14T13:25:31.3147553Z" testType="13cdc9d9-ddb5-4fa4-a97d-d965ccfc6d4b" outcome="Passed" testListId="3736724e-70d0-43db-89b6-e00d9b8c3b11" />
    <UnitTestResult executionId="55d20ead-06cd-4b7b-823a-8f641f137443" testId="3654e63e-44ea-44db-9f1e-c178c477c639" testName="Test9847" computerName="UA-LPT-OGA2" duration="00:00:00.9800000" startTime="2025-05-14T13:20:31.3146610Z" endTime="2025-05-14T13:25:31.3147553Z" testType="13cdc9d9-ddb5-4fa4-a97d-d965ccfc6d4b" outcome="Passed" testListId="3736724e-70d0-43db-89b6-e00d9b8c3b11" />
    <UnitTestResult executionId="5aaf2903-0676-418c-a7bd-b2a77f8e24e9" testId="441ff994-eed6-4ab2-a835-9124d20e3f79" testName="Test9848" computerName="UA-LPT-OGA2" duration="00:00:00.9540000" startTime="2025-05-14T13:20:31.3146610Z" endTime="2025-05-14T13:25:31.3147553Z" testType="13cdc9d9-ddb5-4fa4-a97d-d965ccfc6d4b" outcome="Passed" testListId="3736724e-70d0-43db-89b6-e00d9b8c3b11" />
    <UnitTestResult executionId="13c3fe1a-362d-4fbc-8efd-542a96b528b1" testId="fa555fd7-0b57-49f7-a6ff-cdd502ef58a4" testName="Test9849" computerName="UA-LPT-OGA2" duration="00:00:00.8710000" startTime="2025-05-14T13:20:31.3146610Z" endTime="2025-05-14T13:25:31.3147553Z" testType="13cdc9d9-ddb5-4fa4-a97d-d965ccfc6d4b" outcome="Passed" testListId="3736724e-70d0-43db-89b6-e00d9b8c3b11" />
    <UnitTestResult executionId="bcaeb8cc-34eb-4ff2-91ab-2237a9035b4c" testId="66c0eed4-2a90-4a1e-abc7-4757c69b8f27" testName="Test9850" computerName="UA-LPT-OGA2" duration="00:00:01.3910000" startTime="2025-05-14T13:20:31.3146610Z" endTime="2025-05-14T13:25:31.3147553Z" testType="13cdc9d9-ddb5-4fa4-a97d-d965ccfc6d4b" outcome="Passed" testListId="3736724e-70d0-43db-89b6-e00d9b8c3b11" />
    <UnitTestResult executionId="446a4781-8c77-4784-a6d8-07244375534f" testId="c6a5abb5-00d5-4c7e-9bbc-4afdc22c7a06" testName="Test9851" computerName="UA-LPT-OGA2" duration="00:00:00.9100000" startTime="2025-05-14T13:20:31.3146610Z" endTime="2025-05-14T13:25:31.3147553Z" testType="13cdc9d9-ddb5-4fa4-a97d-d965ccfc6d4b" outcome="Passed" testListId="3736724e-70d0-43db-89b6-e00d9b8c3b11" />
    <UnitTestResult executionId="401c884a-81ed-42f3-a4e3-62242bc3f791" testId="f2019373-cefd-444d-bb10-7241f323ae0c" testName="Test9852" computerName="UA-LPT-OGA2" duration="00:00:00.1810000" startTime="2025-05-14T13:20:31.3146610Z" endTime="2025-05-14T13:25:31.3147553Z" testType="13cdc9d9-ddb5-4fa4-a97d-d965ccfc6d4b" outcome="Passed" testListId="3736724e-70d0-43db-89b6-e00d9b8c3b11" />
    <UnitTestResult executionId="4d1fe78e-8ace-4acd-a65a-a494c6f7c183" testId="c8a3534d-765c-4be5-ac81-f18aa0908bc8" testName="Test9853" computerName="UA-LPT-OGA2" duration="00:00:01.2400000" startTime="2025-05-14T13:20:31.3146610Z" endTime="2025-05-14T13:25:31.3147553Z" testType="13cdc9d9-ddb5-4fa4-a97d-d965ccfc6d4b" outcome="Passed" testListId="3736724e-70d0-43db-89b6-e00d9b8c3b11" />
    <UnitTestResult executionId="b3d9a221-8bd2-4f08-81d0-86d1d1527b28" testId="4adf2974-e641-4cf9-a751-2f112cad3e18" testName="Test9854" computerName="UA-LPT-OGA2" duration="00:00:01.5680000" startTime="2025-05-14T13:20:31.3146610Z" endTime="2025-05-14T13:25:31.3147553Z" testType="13cdc9d9-ddb5-4fa4-a97d-d965ccfc6d4b" outcome="Passed" testListId="3736724e-70d0-43db-89b6-e00d9b8c3b11" />
    <UnitTestResult executionId="310e8e51-058a-4fce-a592-15329ad37048" testId="660e763b-cc87-4641-992b-7286bf365555" testName="Test9855" computerName="UA-LPT-OGA2" duration="00:00:01.5620000" startTime="2025-05-14T13:20:31.3146610Z" endTime="2025-05-14T13:25:31.3147553Z" testType="13cdc9d9-ddb5-4fa4-a97d-d965ccfc6d4b" outcome="Passed" testListId="3736724e-70d0-43db-89b6-e00d9b8c3b11" />
    <UnitTestResult executionId="7d8b7cbb-ae89-46b7-826c-491fec85b89f" testId="d420f1a3-4dea-4f35-b01b-f260cb9a690c" testName="Test9856" computerName="UA-LPT-OGA2" duration="00:00:00.3720000" startTime="2025-05-14T13:20:31.3146610Z" endTime="2025-05-14T13:25:31.3147553Z" testType="13cdc9d9-ddb5-4fa4-a97d-d965ccfc6d4b" outcome="Passed" testListId="3736724e-70d0-43db-89b6-e00d9b8c3b11" />
    <UnitTestResult executionId="70e55fe1-b259-4b28-b6a9-93e68eea0553" testId="8fc2300b-fcbc-484c-9dc4-45b369f0cefa" testName="Test9857" computerName="UA-LPT-OGA2" duration="00:00:01.4140000" startTime="2025-05-14T13:20:31.3146610Z" endTime="2025-05-14T13:25:31.3147553Z" testType="13cdc9d9-ddb5-4fa4-a97d-d965ccfc6d4b" outcome="Passed" testListId="3736724e-70d0-43db-89b6-e00d9b8c3b11" />
    <UnitTestResult executionId="efb1fddc-64fd-4d8a-af78-686eae818ace" testId="1d9fb794-dff6-4a80-9015-bf3944a41fcc" testName="Test9858" computerName="UA-LPT-OGA2" duration="00:00:00.5360000" startTime="2025-05-14T13:20:31.3146610Z" endTime="2025-05-14T13:25:31.3147553Z" testType="13cdc9d9-ddb5-4fa4-a97d-d965ccfc6d4b" outcome="Failed" testListId="3736724e-70d0-43db-89b6-e00d9b8c3b11">
      <Output>
        <ErrorInfo>
          <Message>Assertion failed: Expected value did not match actual value.</Message>
          <StackTrace>   at TestNamespace.TestClass.Test() in TestClass.cs:line 443</StackTrace>
        </ErrorInfo>
      </Output>
    </UnitTestResult>
    <UnitTestResult executionId="81d54647-e1ee-402b-b37d-ea0d7abdeb89" testId="534e29b3-bb8e-4458-83a3-9154a90eacfd" testName="Test9859" computerName="UA-LPT-OGA2" duration="00:00:00.2770000" startTime="2025-05-14T13:20:31.3146610Z" endTime="2025-05-14T13:25:31.3147553Z" testType="13cdc9d9-ddb5-4fa4-a97d-d965ccfc6d4b" outcome="Passed" testListId="3736724e-70d0-43db-89b6-e00d9b8c3b11" />
    <UnitTestResult executionId="75c7efdc-26fc-45a8-81a5-5bc55313af07" testId="683adba5-ac13-4232-aee8-f8fb751bcce7" testName="Test9860" computerName="UA-LPT-OGA2" duration="00:00:01.1110000" startTime="2025-05-14T13:20:31.3146610Z" endTime="2025-05-14T13:25:31.3147553Z" testType="13cdc9d9-ddb5-4fa4-a97d-d965ccfc6d4b" outcome="Passed" testListId="3736724e-70d0-43db-89b6-e00d9b8c3b11" />
    <UnitTestResult executionId="24c9f001-d512-4eb8-a92a-51542fad62f0" testId="e28c25ce-6c67-49aa-8ddb-9e0b0d64c82b" testName="Test9861" computerName="UA-LPT-OGA2" duration="00:00:00.8060000" startTime="2025-05-14T13:20:31.3146610Z" endTime="2025-05-14T13:25:31.3147553Z" testType="13cdc9d9-ddb5-4fa4-a97d-d965ccfc6d4b" outcome="Passed" testListId="3736724e-70d0-43db-89b6-e00d9b8c3b11" />
    <UnitTestResult executionId="2e495103-827f-44b9-aa7a-10679debaa65" testId="006a1c08-c8a8-4723-bc0f-5f53866c48d8" testName="Test9862" computerName="UA-LPT-OGA2" duration="00:00:00.2530000" startTime="2025-05-14T13:20:31.3146610Z" endTime="2025-05-14T13:25:31.3147553Z" testType="13cdc9d9-ddb5-4fa4-a97d-d965ccfc6d4b" outcome="Passed" testListId="3736724e-70d0-43db-89b6-e00d9b8c3b11" />
    <UnitTestResult executionId="df8d7c12-5cf9-4f0d-bc7e-ba37faf32e6a" testId="a497c695-61e1-49b4-8b8d-2fd537cda8a1" testName="Test9863" computerName="UA-LPT-OGA2" duration="00:00:01.6650000" startTime="2025-05-14T13:20:31.3146610Z" endTime="2025-05-14T13:25:31.3147553Z" testType="13cdc9d9-ddb5-4fa4-a97d-d965ccfc6d4b" outcome="Passed" testListId="3736724e-70d0-43db-89b6-e00d9b8c3b11" />
    <UnitTestResult executionId="4602821c-a3cb-409d-8cdb-521069ad4d8a" testId="afd0d70f-8f0a-4626-b547-a4da4ad33649" testName="Test9864" computerName="UA-LPT-OGA2" duration="00:00:00.8930000" startTime="2025-05-14T13:20:31.3146610Z" endTime="2025-05-14T13:25:31.3147553Z" testType="13cdc9d9-ddb5-4fa4-a97d-d965ccfc6d4b" outcome="Passed" testListId="3736724e-70d0-43db-89b6-e00d9b8c3b11" />
    <UnitTestResult executionId="7d1bfcb8-1188-41ea-88c0-fc9338f4e0dd" testId="919890cd-98dc-4dee-9976-2f6c02d918c1" testName="Test9865" computerName="UA-LPT-OGA2" duration="00:00:01.6870000" startTime="2025-05-14T13:20:31.3146610Z" endTime="2025-05-14T13:25:31.3147553Z" testType="13cdc9d9-ddb5-4fa4-a97d-d965ccfc6d4b" outcome="Passed" testListId="3736724e-70d0-43db-89b6-e00d9b8c3b11" />
    <UnitTestResult executionId="7b1271b8-f006-4b14-94ac-6fbd4d49c2af" testId="d1ac70da-a110-4c0b-919d-9a9ec6f3d363" testName="Test9866" computerName="UA-LPT-OGA2" duration="00:00:00.5230000" startTime="2025-05-14T13:20:31.3146610Z" endTime="2025-05-14T13:25:31.3147553Z" testType="13cdc9d9-ddb5-4fa4-a97d-d965ccfc6d4b" outcome="Passed" testListId="3736724e-70d0-43db-89b6-e00d9b8c3b11" />
    <UnitTestResult executionId="4b3a38f8-43f2-4a40-a6e5-7132607840ac" testId="56cdb35f-3407-46c3-91b4-867c88d9a89c" testName="Test9867" computerName="UA-LPT-OGA2" duration="00:00:00.5900000" startTime="2025-05-14T13:20:31.3146610Z" endTime="2025-05-14T13:25:31.3147553Z" testType="13cdc9d9-ddb5-4fa4-a97d-d965ccfc6d4b" outcome="Passed" testListId="3736724e-70d0-43db-89b6-e00d9b8c3b11" />
    <UnitTestResult executionId="16c3b2e3-40ab-4173-ba11-5c990a3c0ce2" testId="0fa2e1bc-793c-436f-a026-15cee12bf9cb" testName="Test9868" computerName="UA-LPT-OGA2" duration="00:00:00.0480000" startTime="2025-05-14T13:20:31.3146610Z" endTime="2025-05-14T13:25:31.3147553Z" testType="13cdc9d9-ddb5-4fa4-a97d-d965ccfc6d4b" outcome="Passed" testListId="3736724e-70d0-43db-89b6-e00d9b8c3b11" />
    <UnitTestResult executionId="13081fd6-f181-49c7-ac7b-9d4f2b782275" testId="c4497a45-2199-4ab4-a1df-8b044f8ff91b" testName="Test9869" computerName="UA-LPT-OGA2" duration="00:00:01.5160000" startTime="2025-05-14T13:20:31.3146610Z" endTime="2025-05-14T13:25:31.3147553Z" testType="13cdc9d9-ddb5-4fa4-a97d-d965ccfc6d4b" outcome="Passed" testListId="3736724e-70d0-43db-89b6-e00d9b8c3b11" />
    <UnitTestResult executionId="58c06ce1-1dfa-4d60-b872-c38d0d91ed3c" testId="2a8a0646-f30c-4d4f-a7ef-042ee091b0f1" testName="Test9870" computerName="UA-LPT-OGA2" duration="00:00:00.4310000" startTime="2025-05-14T13:20:31.3146610Z" endTime="2025-05-14T13:25:31.3147553Z" testType="13cdc9d9-ddb5-4fa4-a97d-d965ccfc6d4b" outcome="Passed" testListId="3736724e-70d0-43db-89b6-e00d9b8c3b11" />
    <UnitTestResult executionId="a8200e91-86ce-4f9b-8a47-942f07584c3b" testId="c7cd2c60-e1bc-47b7-910e-3f89adcab327" testName="Test9871" computerName="UA-LPT-OGA2" duration="00:00:01.3240000" startTime="2025-05-14T13:20:31.3146610Z" endTime="2025-05-14T13:25:31.3147553Z" testType="13cdc9d9-ddb5-4fa4-a97d-d965ccfc6d4b" outcome="Passed" testListId="3736724e-70d0-43db-89b6-e00d9b8c3b11" />
    <UnitTestResult executionId="263256d8-6441-4d7f-8b2c-712accb01e94" testId="6f3c0b4c-1a93-4972-ad3f-b6fdf76d2686" testName="Test9872" computerName="UA-LPT-OGA2" duration="00:00:01.3460000" startTime="2025-05-14T13:20:31.3146610Z" endTime="2025-05-14T13:25:31.3147553Z" testType="13cdc9d9-ddb5-4fa4-a97d-d965ccfc6d4b" outcome="Passed" testListId="3736724e-70d0-43db-89b6-e00d9b8c3b11" />
    <UnitTestResult executionId="3aa969f0-a03c-470f-b056-62974595fab9" testId="28db458e-6afb-4513-b8ea-1fcb55656bf8" testName="Test9873" computerName="UA-LPT-OGA2" duration="00:00:01.7150000" startTime="2025-05-14T13:20:31.3146610Z" endTime="2025-05-14T13:25:31.3147553Z" testType="13cdc9d9-ddb5-4fa4-a97d-d965ccfc6d4b" outcome="Passed" testListId="3736724e-70d0-43db-89b6-e00d9b8c3b11" />
    <UnitTestResult executionId="d91532f4-ff8c-4992-b3ec-f01841cb07df" testId="6d956f4c-d02a-4c7a-b30e-db8fc7daa3e6" testName="Test9874" computerName="UA-LPT-OGA2" duration="00:00:01.4070000" startTime="2025-05-14T13:20:31.3146610Z" endTime="2025-05-14T13:25:31.3147553Z" testType="13cdc9d9-ddb5-4fa4-a97d-d965ccfc6d4b" outcome="Passed" testListId="3736724e-70d0-43db-89b6-e00d9b8c3b11" />
    <UnitTestResult executionId="74500394-c00e-4666-a785-66d08d8f813d" testId="dcadde69-49a2-41c3-a5f5-57598fc5d7a0" testName="Test9875" computerName="UA-LPT-OGA2" duration="00:00:01.4430000" startTime="2025-05-14T13:20:31.3146610Z" endTime="2025-05-14T13:25:31.3147553Z" testType="13cdc9d9-ddb5-4fa4-a97d-d965ccfc6d4b" outcome="Passed" testListId="3736724e-70d0-43db-89b6-e00d9b8c3b11" />
    <UnitTestResult executionId="b998e6cf-38ee-4721-93fd-a1204106657c" testId="a42cfe92-6b40-4d80-a263-630a961d587d" testName="Test9876" computerName="UA-LPT-OGA2" duration="00:00:01.6100000" startTime="2025-05-14T13:20:31.3146610Z" endTime="2025-05-14T13:25:31.3147553Z" testType="13cdc9d9-ddb5-4fa4-a97d-d965ccfc6d4b" outcome="Passed" testListId="3736724e-70d0-43db-89b6-e00d9b8c3b11" />
    <UnitTestResult executionId="935d9557-72d9-4267-89e9-5a78621b2290" testId="b812c56d-08e9-4410-9059-74b8edb6890f" testName="Test9877" computerName="UA-LPT-OGA2" duration="00:00:01.4240000" startTime="2025-05-14T13:20:31.3146610Z" endTime="2025-05-14T13:25:31.3147553Z" testType="13cdc9d9-ddb5-4fa4-a97d-d965ccfc6d4b" outcome="Passed" testListId="3736724e-70d0-43db-89b6-e00d9b8c3b11" />
    <UnitTestResult executionId="056e38f9-4829-42fe-ac5b-5591c15d2acb" testId="4c8ad349-75c5-465c-8c78-d7751522de27" testName="Test9878" computerName="UA-LPT-OGA2" duration="00:00:01.9320000" startTime="2025-05-14T13:20:31.3146610Z" endTime="2025-05-14T13:25:31.3147553Z" testType="13cdc9d9-ddb5-4fa4-a97d-d965ccfc6d4b" outcome="Passed" testListId="3736724e-70d0-43db-89b6-e00d9b8c3b11" />
    <UnitTestResult executionId="1f4d7f02-3380-4236-8286-f1beffff816e" testId="8ebb419b-58c5-4498-8ab7-f24ff4cd7906" testName="Test9879" computerName="UA-LPT-OGA2" duration="00:00:01.2800000" startTime="2025-05-14T13:20:31.3146610Z" endTime="2025-05-14T13:25:31.3147553Z" testType="13cdc9d9-ddb5-4fa4-a97d-d965ccfc6d4b" outcome="Passed" testListId="3736724e-70d0-43db-89b6-e00d9b8c3b11" />
    <UnitTestResult executionId="7ec59c04-4cdc-43d2-bbfc-224fecc11318" testId="0889fe03-a606-460a-97f8-960c5d0a7527" testName="Test9880" computerName="UA-LPT-OGA2" duration="00:00:00.8250000" startTime="2025-05-14T13:20:31.3146610Z" endTime="2025-05-14T13:25:31.3147553Z" testType="13cdc9d9-ddb5-4fa4-a97d-d965ccfc6d4b" outcome="Passed" testListId="3736724e-70d0-43db-89b6-e00d9b8c3b11" />
    <UnitTestResult executionId="c8b7766d-5b4c-4cfd-b317-3124834ac4c1" testId="a3090677-98f9-4d6f-aa80-3347c89986e7" testName="Test9881" computerName="UA-LPT-OGA2" duration="00:00:00.0910000" startTime="2025-05-14T13:20:31.3146610Z" endTime="2025-05-14T13:25:31.3147553Z" testType="13cdc9d9-ddb5-4fa4-a97d-d965ccfc6d4b" outcome="Passed" testListId="3736724e-70d0-43db-89b6-e00d9b8c3b11" />
    <UnitTestResult executionId="d855d5fd-9006-4c01-926c-93830dc9e5fe" testId="96ce1ea0-7af2-4e7b-ab58-d22a0765682b" testName="Test9882" computerName="UA-LPT-OGA2" duration="00:00:01.5440000" startTime="2025-05-14T13:20:31.3146610Z" endTime="2025-05-14T13:25:31.3147553Z" testType="13cdc9d9-ddb5-4fa4-a97d-d965ccfc6d4b" outcome="Inconclusive" testListId="3736724e-70d0-43db-89b6-e00d9b8c3b11" />
    <UnitTestResult executionId="0bc097a1-549f-449e-9491-b71b54e02a7d" testId="cf3bd7dd-0e9f-4bdd-b137-c092420a785c" testName="Test9883" computerName="UA-LPT-OGA2" duration="00:00:00.2190000" startTime="2025-05-14T13:20:31.3146610Z" endTime="2025-05-14T13:25:31.3147553Z" testType="13cdc9d9-ddb5-4fa4-a97d-d965ccfc6d4b" outcome="Passed" testListId="3736724e-70d0-43db-89b6-e00d9b8c3b11" />
    <UnitTestResult executionId="0387fb69-0318-473f-a280-d85874800aeb" testId="48f0d434-0a85-477b-ba09-1a219df0c81e" testName="Test9884" computerName="UA-LPT-OGA2" duration="00:00:00.3530000" startTime="2025-05-14T13:20:31.3146610Z" endTime="2025-05-14T13:25:31.3147553Z" testType="13cdc9d9-ddb5-4fa4-a97d-d965ccfc6d4b" outcome="Passed" testListId="3736724e-70d0-43db-89b6-e00d9b8c3b11" />
    <UnitTestResult executionId="3baa1c9d-4bfe-49fb-bf3e-6212e0fca27f" testId="99d737bc-b9cb-46a0-82c6-391e7f9ccab7" testName="Test9885" computerName="UA-LPT-OGA2" duration="00:00:00.7140000" startTime="2025-05-14T13:20:31.3146610Z" endTime="2025-05-14T13:25:31.3147553Z" testType="13cdc9d9-ddb5-4fa4-a97d-d965ccfc6d4b" outcome="Passed" testListId="3736724e-70d0-43db-89b6-e00d9b8c3b11" />
    <UnitTestResult executionId="9b0b9842-0e9d-483c-9638-c0632c1c01bf" testId="3e125b8e-af66-4129-be64-eaab9b6463fe" testName="Test9886" computerName="UA-LPT-OGA2" duration="00:00:00.7480000" startTime="2025-05-14T13:20:31.3146610Z" endTime="2025-05-14T13:25:31.3147553Z" testType="13cdc9d9-ddb5-4fa4-a97d-d965ccfc6d4b" outcome="Passed" testListId="3736724e-70d0-43db-89b6-e00d9b8c3b11" />
    <UnitTestResult executionId="f1416cda-ee65-4a58-9814-610d9cb000f3" testId="00cfdb5a-ec73-4d0c-a7ba-b56bbfc9bec7" testName="Test9887" computerName="UA-LPT-OGA2" duration="00:00:00.6600000" startTime="2025-05-14T13:20:31.3146610Z" endTime="2025-05-14T13:25:31.3147553Z" testType="13cdc9d9-ddb5-4fa4-a97d-d965ccfc6d4b" outcome="Passed" testListId="3736724e-70d0-43db-89b6-e00d9b8c3b11" />
    <UnitTestResult executionId="93030b7b-0b0e-4eec-a531-92d5dac76c3b" testId="93330769-2cca-48d7-8684-760c05becf5c" testName="Test9888" computerName="UA-LPT-OGA2" duration="00:00:00.6390000" startTime="2025-05-14T13:20:31.3146610Z" endTime="2025-05-14T13:25:31.3147553Z" testType="13cdc9d9-ddb5-4fa4-a97d-d965ccfc6d4b" outcome="Passed" testListId="3736724e-70d0-43db-89b6-e00d9b8c3b11" />
    <UnitTestResult executionId="c0e653f6-f13c-41a7-b734-05ea8263b586" testId="e886eb17-4a72-4ada-bc86-4e937807720e" testName="Test9889" computerName="UA-LPT-OGA2" duration="00:00:00.5220000" startTime="2025-05-14T13:20:31.3146610Z" endTime="2025-05-14T13:25:31.3147553Z" testType="13cdc9d9-ddb5-4fa4-a97d-d965ccfc6d4b" outcome="Passed" testListId="3736724e-70d0-43db-89b6-e00d9b8c3b11" />
    <UnitTestResult executionId="aa8988e1-b52c-4321-b717-b54aa2c6d6df" testId="d58e09da-8152-4f65-8b74-a40059d18091" testName="Test9890" computerName="UA-LPT-OGA2" duration="00:00:01.1660000" startTime="2025-05-14T13:20:31.3146610Z" endTime="2025-05-14T13:25:31.3147553Z" testType="13cdc9d9-ddb5-4fa4-a97d-d965ccfc6d4b" outcome="Inconclusive" testListId="3736724e-70d0-43db-89b6-e00d9b8c3b11" />
    <UnitTestResult executionId="f329bbd1-6518-48c3-922a-f8f16a34d530" testId="0f89ab43-09c7-4812-bf48-fcdb73a2f347" testName="Test9891" computerName="UA-LPT-OGA2" duration="00:00:01.6870000" startTime="2025-05-14T13:20:31.3146610Z" endTime="2025-05-14T13:25:31.3147553Z" testType="13cdc9d9-ddb5-4fa4-a97d-d965ccfc6d4b" outcome="Passed" testListId="3736724e-70d0-43db-89b6-e00d9b8c3b11" />
    <UnitTestResult executionId="353f2aea-8f8a-4f57-8653-fcd9a5370f37" testId="1466c80e-d206-4058-9b54-25ac75538467" testName="Test9892" computerName="UA-LPT-OGA2" duration="00:00:01.8110000" startTime="2025-05-14T13:20:31.3146610Z" endTime="2025-05-14T13:25:31.3147553Z" testType="13cdc9d9-ddb5-4fa4-a97d-d965ccfc6d4b" outcome="Passed" testListId="3736724e-70d0-43db-89b6-e00d9b8c3b11" />
    <UnitTestResult executionId="fc439a17-9a22-4af7-9010-e261d9dd6756" testId="6cd062fd-163b-4028-a254-cdebde317481" testName="Test9893" computerName="UA-LPT-OGA2" duration="00:00:00.2360000" startTime="2025-05-14T13:20:31.3146610Z" endTime="2025-05-14T13:25:31.3147553Z" testType="13cdc9d9-ddb5-4fa4-a97d-d965ccfc6d4b" outcome="Passed" testListId="3736724e-70d0-43db-89b6-e00d9b8c3b11" />
    <UnitTestResult executionId="6e683ea9-5a60-413a-9781-4ff3141746ee" testId="cc9ec08f-b60e-4f0d-9b94-8ba5ed603b68" testName="Test9894" computerName="UA-LPT-OGA2" duration="00:00:01.8820000" startTime="2025-05-14T13:20:31.3146610Z" endTime="2025-05-14T13:25:31.3147553Z" testType="13cdc9d9-ddb5-4fa4-a97d-d965ccfc6d4b" outcome="Passed" testListId="3736724e-70d0-43db-89b6-e00d9b8c3b11" />
    <UnitTestResult executionId="216197a3-5b78-41cc-9391-f8613491f0c8" testId="4d6331b9-efa5-473a-85d7-243753663a87" testName="Test9895" computerName="UA-LPT-OGA2" duration="00:00:00.7900000" startTime="2025-05-14T13:20:31.3146610Z" endTime="2025-05-14T13:25:31.3147553Z" testType="13cdc9d9-ddb5-4fa4-a97d-d965ccfc6d4b" outcome="Passed" testListId="3736724e-70d0-43db-89b6-e00d9b8c3b11" />
    <UnitTestResult executionId="93f8e599-5825-44ec-99e7-96c464c0a192" testId="314a278b-48bf-40cb-a10d-4a734f9fa3e4" testName="Test9896" computerName="UA-LPT-OGA2" duration="00:00:01.0110000" startTime="2025-05-14T13:20:31.3146610Z" endTime="2025-05-14T13:25:31.3147553Z" testType="13cdc9d9-ddb5-4fa4-a97d-d965ccfc6d4b" outcome="Passed" testListId="3736724e-70d0-43db-89b6-e00d9b8c3b11" />
    <UnitTestResult executionId="ba708d35-2f11-4eaa-994f-84c0c18f5fe5" testId="38c84b0b-aab9-4a12-a369-bd85eac8d5ab" testName="Test9897" computerName="UA-LPT-OGA2" duration="00:00:00.4230000" startTime="2025-05-14T13:20:31.3146610Z" endTime="2025-05-14T13:25:31.3147553Z" testType="13cdc9d9-ddb5-4fa4-a97d-d965ccfc6d4b" outcome="Failed" testListId="3736724e-70d0-43db-89b6-e00d9b8c3b11">
      <Output>
        <ErrorInfo>
          <Message>Assertion failed: Expected value did not match actual value.</Message>
          <StackTrace>   at TestNamespace.TestClass.Test() in TestClass.cs:line 20</StackTrace>
        </ErrorInfo>
      </Output>
    </UnitTestResult>
    <UnitTestResult executionId="f72bc44e-6d28-4b7b-aacd-73519e6e425f" testId="fcf27cac-6386-44c7-b93e-5144b799f1bd" testName="Test9898" computerName="UA-LPT-OGA2" duration="00:00:00.6780000" startTime="2025-05-14T13:20:31.3146610Z" endTime="2025-05-14T13:25:31.3147553Z" testType="13cdc9d9-ddb5-4fa4-a97d-d965ccfc6d4b" outcome="Passed" testListId="3736724e-70d0-43db-89b6-e00d9b8c3b11" />
    <UnitTestResult executionId="b1f8e1dd-12d8-4e61-a2c9-061a18ea56d1" testId="55393502-c94a-4b71-8720-69de558c356b" testName="Test9899" computerName="UA-LPT-OGA2" duration="00:00:01.2090000" startTime="2025-05-14T13:20:31.3146610Z" endTime="2025-05-14T13:25:31.3147553Z" testType="13cdc9d9-ddb5-4fa4-a97d-d965ccfc6d4b" outcome="Failed" testListId="3736724e-70d0-43db-89b6-e00d9b8c3b11">
      <Output>
        <ErrorInfo>
          <Message>Assertion failed: Expected value did not match actual value.</Message>
          <StackTrace>   at TestNamespace.TestClass.Test() in TestClass.cs:line 296</StackTrace>
        </ErrorInfo>
      </Output>
    </UnitTestResult>
    <UnitTestResult executionId="c3ec92bd-0c47-4b11-a9cb-1abff2bb2b0c" testId="f53ff84d-8348-4684-88d0-b55f972b0c27" testName="Test9900" computerName="UA-LPT-OGA2" duration="00:00:00.0180000" startTime="2025-05-14T13:20:31.3146610Z" endTime="2025-05-14T13:25:31.3147553Z" testType="13cdc9d9-ddb5-4fa4-a97d-d965ccfc6d4b" outcome="Passed" testListId="3736724e-70d0-43db-89b6-e00d9b8c3b11" />
  </Results>
  <TestDefinitions>
    <UnitTest name="Test9801" id="3c5da414-db32-4949-be4c-f4d9220b4641" storage="TestAssembly.dll">
      <Execution id="5b6ce595-32c3-47ee-8f38-cb8e49fef0fd" />
      <TestMethod codeBase="TestAssembly.dll" className="TestNamespace.TestClass1" name="Test9801" />
    </UnitTest>
    <UnitTest name="Test9802" id="60b51fb7-8b75-4fab-b04c-cd2d2a1fa28c" storage="TestAssembly.dll">
      <Execution id="4d513c1c-137f-4d61-9715-4be5884a9e44" />
      <TestMethod codeBase="TestAssembly.dll" className="TestNamespace.TestClass1" name="Test9802" />
    </UnitTest>
    <UnitTest name="Test9803" id="a9e9357c-ab5f-4a0e-8519-bf3530ea0c1a" storage="TestAssembly.dll">
      <Execution id="f99d1df0-b518-49ec-9320-bd7e53d97271" />
      <TestMethod codeBase="TestAssembly.dll" className="TestNamespace.TestClass1" name="Test9803" />
    </UnitTest>
    <UnitTest name="Test9804" id="4d42616b-0784-4820-b301-2a20ce9de448" storage="TestAssembly.dll">
      <Execution id="cc8034be-7823-4910-a3e9-1636fd0ba3e8" />
      <TestMethod codeBase="TestAssembly.dll" className="TestNamespace.TestClass1" name="Test9804" />
    </UnitTest>
    <UnitTest name="Test9805" id="af6dd0b6-8954-4f61-a59e-d447b538b6a0" storage="TestAssembly.dll">
      <Execution id="db8bca81-3e5b-4171-8a61-219ef4b1dfe3" />
      <TestMethod codeBase="TestAssembly.dll" className="TestNamespace.TestClass1" name="Test9805" />
    </UnitTest>
    <UnitTest name="Test9806" id="46eb117e-6a93-485d-8bff-0e0003a3fb5b" storage="TestAssembly.dll">
      <Execution id="4d3c8a64-3e84-47cd-8a3a-3976c762e458" />
      <TestMethod codeBase="TestAssembly.dll" className="TestNamespace.TestClass1" name="Test9806" />
    </UnitTest>
    <UnitTest name="Test9807" id="bc4d4230-f578-4ec5-95bb-2805e79c6c5b" storage="TestAssembly.dll">
      <Execution id="55682233-56af-4956-b2bf-75ef19ebc8ac" />
      <TestMethod codeBase="TestAssembly.dll" className="TestNamespace.TestClass1" name="Test9807" />
    </UnitTest>
    <UnitTest name="Test9808" id="96c574c3-385a-4631-a6bf-714653d2c859" storage="TestAssembly.dll">
      <Execution id="cb47ac12-da61-4e01-8e39-9de9c9ca40e4" />
      <TestMethod codeBase="TestAssembly.dll" className="TestNamespace.TestClass1" name="Test9808" />
    </UnitTest>
    <UnitTest name="Test9809" id="3a94822d-c622-4af9-9a2d-c391016bcdf7" storage="TestAssembly.dll">
      <Execution id="5c058c5a-9d29-4e1a-ad2e-54546f11d74c" />
      <TestMethod codeBase="TestAssembly.dll" className="TestNamespace.TestClass1" name="Test9809" />
    </UnitTest>
    <UnitTest name="Test9810" id="dda10987-d7fa-4a28-a529-7bffd1aa72c8" storage="TestAssembly.dll">
      <Execution id="508f4e60-5f54-4394-bf89-90a863d5f061" />
      <TestMethod codeBase="TestAssembly.dll" className="TestNamespace.TestClass1" name="Test9810" />
    </UnitTest>
    <UnitTest name="Test9811" id="638e5ff3-038e-4d7c-aed7-2767388a7fcd" storage="TestAssembly.dll">
      <Execution id="3a45e2ae-b8ca-43b0-8e4b-4229dda4efbd" />
      <TestMethod codeBase="TestAssembly.dll" className="TestNamespace.TestClass2" name="Test9811" />
    </UnitTest>
    <UnitTest name="Test9812" id="709c6a68-4bd2-490d-97e8-5c9c08d82a2f" storage="TestAssembly.dll">
      <Execution id="b10aee3c-1845-4201-9fe1-2184bf290dad" />
      <TestMethod codeBase="TestAssembly.dll" className="TestNamespace.TestClass2" name="Test9812" />
    </UnitTest>
    <UnitTest name="Test9813" id="8119ac72-7b14-47d3-81fd-bb05494dd448" storage="TestAssembly.dll">
      <Execution id="29fa6744-a687-4056-b9d9-2c2a1e5d44a5" />
      <TestMethod codeBase="TestAssembly.dll" className="TestNamespace.TestClass2" name="Test9813" />
    </UnitTest>
    <UnitTest name="Test9814" id="af7c3e79-c039-480f-a236-0128c51c2077" storage="TestAssembly.dll">
      <Execution id="28f72d14-4f1d-4522-8b25-4a169de240be" />
      <TestMethod codeBase="TestAssembly.dll" className="TestNamespace.TestClass2" name="Test9814" />
    </UnitTest>
    <UnitTest name="Test9815" id="4eaf02dc-0e50-4732-b335-dad163d45611" storage="TestAssembly.dll">
      <Execution id="d2b9800b-b1e3-405b-8795-454e417510b3" />
      <TestMethod codeBase="TestAssembly.dll" className="TestNamespace.TestClass2" name="Test9815" />
    </UnitTest>
    <UnitTest name="Test9816" id="8f9b9bfa-7121-4285-8849-f9dd849e9523" storage="TestAssembly.dll">
      <Execution id="c34da85e-8821-45e0-bdfd-479a5bbca018" />
      <TestMethod codeBase="TestAssembly.dll" className="TestNamespace.TestClass2" name="Test9816" />
    </UnitTest>
    <UnitTest name="Test9817" id="0daa535c-ff6e-400d-b029-1b61b14ec1ca" storage="TestAssembly.dll">
      <Execution id="f2c2bcb3-7eda-4a5f-8e08-25e0bc9d8b28" />
      <TestMethod codeBase="TestAssembly.dll" className="TestNamespace.TestClass2" name="Test9817" />
    </UnitTest>
    <UnitTest name="Test9818" id="66644bc5-c03d-43ad-ad0f-059df332c877" storage="TestAssembly.dll">
      <Execution id="fc4b0186-f281-4955-a00a-a73fc43716ee" />
      <TestMethod codeBase="TestAssembly.dll" className="TestNamespace.TestClass2" name="Test9818" />
    </UnitTest>
    <UnitTest name="Test9819" id="20f06233-003d-47d3-bd30-62be025414b7" storage="TestAssembly.dll">
      <Execution id="19d942aa-ea9c-436c-822a-e22566097b32" />
      <TestMethod codeBase="TestAssembly.dll" className="TestNamespace.TestClass2" name="Test9819" />
    </UnitTest>
    <UnitTest name="Test9820" id="1846b450-fcf9-4fc2-9d9e-5b3d6857a84a" storage="TestAssembly.dll">
      <Execution id="8b7c7bcb-2de6-48fc-9ec8-7d2794b7e0ea" />
      <TestMethod codeBase="TestAssembly.dll" className="TestNamespace.TestClass2" name="Test9820" />
    </UnitTest>
    <UnitTest name="Test9821" id="81ed7bba-596b-4a8b-a4da-f65344d63f79" storage="TestAssembly.dll">
      <Execution id="ad2cedd9-3c6e-42eb-a9fc-5923a2f39604" />
      <TestMethod codeBase="TestAssembly.dll" className="TestNamespace.TestClass3" name="Test9821" />
    </UnitTest>
    <UnitTest name="Test9822" id="2efd51c3-9ce7-4c33-b9ae-23b02d5affe3" storage="TestAssembly.dll">
      <Execution id="c47dc586-9654-4f1d-80c5-00bff1cf6dd3" />
      <TestMethod codeBase="TestAssembly.dll" className="TestNamespace.TestClass3" name="Test9822" />
    </UnitTest>
    <UnitTest name="Test9823" id="2e4a2dc8-8089-4054-a584-6de03049f599" storage="TestAssembly.dll">
      <Execution id="41adb5af-c944-4d5b-b90e-8643da7b31df" />
      <TestMethod codeBase="TestAssembly.dll" className="TestNamespace.TestClass3" name="Test9823" />
    </UnitTest>
    <UnitTest name="Test9824" id="45dffff8-5cd3-4645-90cc-69dec2c8a29f" storage="TestAssembly.dll">
      <Execution id="afceaa50-8479-4e82-856b-6d9301bb4f4a" />
      <TestMethod codeBase="TestAssembly.dll" className="TestNamespace.TestClass3" name="Test9824" />
    </UnitTest>
    <UnitTest name="Test9825" id="f27cd513-cac0-4169-bd28-d67a35688444" storage="TestAssembly.dll">
      <Execution id="e40f24f1-de79-4396-93ba-6630f5d9d670" />
      <TestMethod codeBase="TestAssembly.dll" className="TestNamespace.TestClass3" name="Test9825" />
    </UnitTest>
    <UnitTest name="Test9826" id="a5d0aca4-4cc4-4ecb-800b-593b7b02a40c" storage="TestAssembly.dll">
      <Execution id="136dccf2-eeb6-45e0-a44e-8665a1679828" />
      <TestMethod codeBase="TestAssembly.dll" className="TestNamespace.TestClass3" name="Test9826" />
    </UnitTest>
    <UnitTest name="Test9827" id="48389ccf-6c01-4f60-b815-14ecd740b92c" storage="TestAssembly.dll">
      <Execution id="9da07295-834b-4d43-9d9f-110d936b2f54" />
      <TestMethod codeBase="TestAssembly.dll" className="TestNamespace.TestClass3" name="Test9827" />
    </UnitTest>
    <UnitTest name="Test9828" id="e4405902-705c-4f6f-8a0b-3b3183b1a636" storage="TestAssembly.dll">
      <Execution id="c9536805-01ab-4f57-9418-16b1608e46d9" />
      <TestMethod codeBase="TestAssembly.dll" className="TestNamespace.TestClass3" name="Test9828" />
    </UnitTest>
    <UnitTest name="Test9829" id="3d11944b-1deb-42cc-b517-24ead0f9f5e7" storage="TestAssembly.dll">
      <Execution id="eb98a25f-92bd-4a55-bbe8-c103bf45acf4" />
      <TestMethod codeBase="TestAssembly.dll" className="TestNamespace.TestClass3" name="Test9829" />
    </UnitTest>
    <UnitTest name="Test9830" id="50db8cd1-a7c6-4092-b360-5cec0aa8a806" storage="TestAssembly.dll">
      <Execution id="2bf626d8-14a2-4004-884a-db77ea2871bc" />
      <TestMethod codeBase="TestAssembly.dll" className="TestNamespace.TestClass3" name="Test9830" />
    </UnitTest>
    <UnitTest name="Test9831" id="3f15fee5-7178-49cc-9b17-4c30b51acf9e" storage="TestAssembly.dll">
      <Execution id="9b817ce9-67f5-4fff-ac32-58a6a0118055" />
      <TestMethod codeBase="TestAssembly.dll" className="TestNamespace.TestClass4" name="Test9831" />
    </UnitTest>
    <UnitTest name="Test9832" id="2e765700-d5d7-4296-a6ea-3e5d70280567" storage="TestAssembly.dll">
      <Execution id="c217a6ba-eabc-4e39-af40-12f4e51652c2" />
      <TestMethod codeBase="TestAssembly.dll" className="TestNamespace.TestClass4" name="Test9832" />
    </UnitTest>
    <UnitTest name="Test9833" id="f25183b1-f6d1-4268-a3f5-582e6b2f90bf" storage="TestAssembly.dll">
      <Execution id="a1299d7a-6f86-40b8-88fd-0712dbeab458" />
      <TestMethod codeBase="TestAssembly.dll" className="TestNamespace.TestClass4" name="Test9833" />
    </UnitTest>
    <UnitTest name="Test9834" id="b97b4bfd-7676-45fe-966e-3901b910824e" storage="TestAssembly.dll">
      <Execution id="8041be66-df76-4087-ae00-3e0b831093e2" />
      <TestMethod codeBase="TestAssembly.dll" className="TestNamespace.TestClass4" name="Test9834" />
    </UnitTest>
    <UnitTest name="Test9835" id="3e6e3dfe-ce52-4790-92ec-92f466c6001f" storage="TestAssembly.dll">
      <Execution id="04a6f631-cf0e-4a02-b318-5d373369d751" />
      <TestMethod codeBase="TestAssembly.dll" className="TestNamespace.TestClass4" name="Test9835" />
    </UnitTest>
    <UnitTest name="Test9836" id="eee5c2aa-3587-4ec7-804e-66f1ef41543e" storage="TestAssembly.dll">
      <Execution id="3b5e72ae-8cd6-4f67-be01-16b6a8214623" />
      <TestMethod codeBase="TestAssembly.dll" className="TestNamespace.TestClass4" name="Test9836" />
    </UnitTest>
    <UnitTest name="Test9837" id="39566003-c7bc-4701-8c1a-1778f5e3e17a" storage="TestAssembly.dll">
      <Execution id="7bd7b472-fcd4-49b0-a7d3-b708f1881909" />
      <TestMethod codeBase="TestAssembly.dll" className="TestNamespace.TestClass4" name="Test9837" />
    </UnitTest>
    <UnitTest name="Test9838" id="7371b23d-ff1c-4608-ae86-c498d3f1228f" storage="TestAssembly.dll">
      <Execution id="654eacc6-3320-4f55-a8e5-4f41453597a5" />
      <TestMethod codeBase="TestAssembly.dll" className="TestNamespace.TestClass4" name="Test9838" />
    </UnitTest>
    <UnitTest name="Test9839" id="fc6af449-cac4-4a51-9a34-d24e64f80d67" storage="TestAssembly.dll">
      <Execution id="6c3fd8e5-bd6f-437d-bd54-d25718d2cd65" />
      <TestMethod codeBase="TestAssembly.dll" className="TestNamespace.TestClass4" name="Test9839" />
    </UnitTest>
    <UnitTest name="Test9840" id="75468b55-3a28-4340-adfb-312691628055" storage="TestAssembly.dll">
      <Execution id="7047218c-9672-4ace-a4a3-e8f8b2d93c54" />
      <TestMethod codeBase="TestAssembly.dll" className="TestNamespace.TestClass4" name="Test9840" />
    </UnitTest>
    <UnitTest name="Test9841" id="cc67d7da-8d7a-4fc1-9280-dc7246b82cec" storage="TestAssembly.dll">
      <Execution id="23d46e73-303b-4aac-9462-93c181f94069" />
      <TestMethod codeBase="TestAssembly.dll" className="TestNamespace.TestClass5" name="Test9841" />
    </UnitTest>
    <UnitTest name="Test9842" id="5590fbf9-df4f-4104-90a3-17bc8de32110" storage="TestAssembly.dll">
      <Execution id="abf2652d-aa23-41ef-a6ed-d932b950a123" />
      <TestMethod codeBase="TestAssembly.dll" className="TestNamespace.TestClass5" name="Test9842" />
    </UnitTest>
    <UnitTest name="Test9843" id="e6d8d71f-482e-48d3-b690-cf49ca2ac845" storage="TestAssembly.dll">
      <Execution id="e6b30580-4ab4-4a5f-9e0f-110a7992c607" />
      <TestMethod codeBase="TestAssembly.dll" className="TestNamespace.TestClass5" name="Test9843" />
    </UnitTest>
    <UnitTest name="Test9844" id="a989400c-c10d-471f-9aa6-fd0c5b773053" storage="TestAssembly.dll">
      <Execution id="399ea721-8dda-41f7-9274-5a6676fa2d77" />
      <TestMethod codeBase="TestAssembly.dll" className="TestNamespace.TestClass5" name="Test9844" />
    </UnitTest>
    <UnitTest name="Test9845" id="a8fd6c18-f8d2-4e20-b638-90c31b51c912" storage="TestAssembly.dll">
      <Execution id="d4892048-2acd-4af9-bb3e-27c47bd29413" />
      <TestMethod codeBase="TestAssembly.dll" className="TestNamespace.TestClass5" name="Test9845" />
    </UnitTest>
    <UnitTest name="Test9846" id="074de6c6-6a43-47e5-b77e-ded694119571" storage="TestAssembly.dll">
      <Execution id="f2034db6-9d8f-4e5f-9e5a-437e0f693e00" />
      <TestMethod codeBase="TestAssembly.dll" className="TestNamespace.TestClass5" name="Test9846" />
    </UnitTest>
    <UnitTest name="Test9847" id="3654e63e-44ea-44db-9f1e-c178c477c639" storage="TestAssembly.dll">
      <Execution id="55d20ead-06cd-4b7b-823a-8f641f137443" />
      <TestMethod codeBase="TestAssembly.dll" className="TestNamespace.TestClass5" name="Test9847" />
    </UnitTest>
    <UnitTest name="Test9848" id="441ff994-eed6-4ab2-a835-9124d20e3f79" storage="TestAssembly.dll">
      <Execution id="5aaf2903-0676-418c-a7bd-b2a77f8e24e9" />
      <TestMethod codeBase="TestAssembly.dll" className="TestNamespace.TestClass5" name="Test9848" />
    </UnitTest>
    <UnitTest name="Test9849" id="fa555fd7-0b57-49f7-a6ff-cdd502ef58a4" storage="TestAssembly.dll">
      <Execution id="13c3fe1a-362d-4fbc-8efd-542a96b528b1" />
      <TestMethod codeBase="TestAssembly.dll" className="TestNamespace.TestClass5" name="Test9849" />
    </UnitTest>
    <UnitTest name="Test9850" id="66c0eed4-2a90-4a1e-abc7-4757c69b8f27" storage="TestAssembly.dll">
      <Execution id="bcaeb8cc-34eb-4ff2-91ab-2237a9035b4c" />
      <TestMethod codeBase="TestAssembly.dll" className="TestNamespace.TestClass5" name="Test9850" />
    </UnitTest>
    <UnitTest name="Test9851" id="c6a5abb5-00d5-4c7e-9bbc-4afdc22c7a06" storage="TestAssembly.dll">
      <Execution id="446a4781-8c77-4784-a6d8-07244375534f" />
      <TestMethod codeBase="TestAssembly.dll" className="TestNamespace.TestClass6" name="Test9851" />
    </UnitTest>
    <UnitTest name="Test9852" id="f2019373-cefd-444d-bb10-7241f323ae0c" storage="TestAssembly.dll">
      <Execution id="401c884a-81ed-42f3-a4e3-62242bc3f791" />
      <TestMethod codeBase="TestAssembly.dll" className="TestNamespace.TestClass6" name="Test9852" />
    </UnitTest>
    <UnitTest name="Test9853" id="c8a3534d-765c-4be5-ac81-f18aa0908bc8" storage="TestAssembly.dll">
      <Execution id="4d1fe78e-8ace-4acd-a65a-a494c6f7c183" />
      <TestMethod codeBase="TestAssembly.dll" className="TestNamespace.TestClass6" name="Test9853" />
    </UnitTest>
    <UnitTest name="Test9854" id="4adf2974-e641-4cf9-a751-2f112cad3e18" storage="TestAssembly.dll">
      <Execution id="b3d9a221-8bd2-4f08-81d0-86d1d1527b28" />
      <TestMethod codeBase="TestAssembly.dll" className="TestNamespace.TestClass6" name="Test9854" />
    </UnitTest>
    <UnitTest name="Test9855" id="660e763b-cc87-4641-992b-7286bf365555" storage="TestAssembly.dll">
      <Execution id="310e8e51-058a-4fce-a592-15329ad37048" />
      <TestMethod codeBase="TestAssembly.dll" className="TestNamespace.TestClass6" name="Test9855" />
    </UnitTest>
    <UnitTest name="Test9856" id="d420f1a3-4dea-4f35-b01b-f260cb9a690c" storage="TestAssembly.dll">
      <Execution id="7d8b7cbb-ae89-46b7-826c-491fec85b89f" />
      <TestMethod codeBase="TestAssembly.dll" className="TestNamespace.TestClass6" name="Test9856" />
    </UnitTest>
    <UnitTest name="Test9857" id="8fc2300b-fcbc-484c-9dc4-45b369f0cefa" storage="TestAssembly.dll">
      <Execution id="70e55fe1-b259-4b28-b6a9-93e68eea0553" />
      <TestMethod codeBase="TestAssembly.dll" className="TestNamespace.TestClass6" name="Test9857" />
    </UnitTest>
    <UnitTest name="Test9858" id="1d9fb794-dff6-4a80-9015-bf3944a41fcc" storage="TestAssembly.dll">
      <Execution id="efb1fddc-64fd-4d8a-af78-686eae818ace" />
      <TestMethod codeBase="TestAssembly.dll" className="TestNamespace.TestClass6" name="Test9858" />
    </UnitTest>
    <UnitTest name="Test9859" id="534e29b3-bb8e-4458-83a3-9154a90eacfd" storage="TestAssembly.dll">
      <Execution id="81d54647-e1ee-402b-b37d-ea0d7abdeb89" />
      <TestMethod codeBase="TestAssembly.dll" className="TestNamespace.TestClass6" name="Test9859" />
    </UnitTest>
    <UnitTest name="Test9860" id="683adba5-ac13-4232-aee8-f8fb751bcce7" storage="TestAssembly.dll">
      <Execution id="75c7efdc-26fc-45a8-81a5-5bc55313af07" />
      <TestMethod codeBase="TestAssembly.dll" className="TestNamespace.TestClass6" name="Test9860" />
    </UnitTest>
    <UnitTest name="Test9861" id="e28c25ce-6c67-49aa-8ddb-9e0b0d64c82b" storage="TestAssembly.dll">
      <Execution id="24c9f001-d512-4eb8-a92a-51542fad62f0" />
      <TestMethod codeBase="TestAssembly.dll" className="TestNamespace.TestClass7" name="Test9861" />
    </UnitTest>
    <UnitTest name="Test9862" id="006a1c08-c8a8-4723-bc0f-5f53866c48d8" storage="TestAssembly.dll">
      <Execution id="2e495103-827f-44b9-aa7a-10679debaa65" />
      <TestMethod codeBase="TestAssembly.dll" className="TestNamespace.TestClass7" name="Test9862" />
    </UnitTest>
    <UnitTest name="Test9863" id="a497c695-61e1-49b4-8b8d-2fd537cda8a1" storage="TestAssembly.dll">
      <Execution id="df8d7c12-5cf9-4f0d-bc7e-ba37faf32e6a" />
      <TestMethod codeBase="TestAssembly.dll" className="TestNamespace.TestClass7" name="Test9863" />
    </UnitTest>
    <UnitTest name="Test9864" id="afd0d70f-8f0a-4626-b547-a4da4ad33649" storage="TestAssembly.dll">
      <Execution id="4602821c-a3cb-409d-8cdb-521069ad4d8a" />
      <TestMethod codeBase="TestAssembly.dll" className="TestNamespace.TestClass7" name="Test9864" />
    </UnitTest>
    <UnitTest name="Test9865" id="919890cd-98dc-4dee-9976-2f6c02d918c1" storage="TestAssembly.dll">
      <Execution id="7d1bfcb8-1188-41ea-88c0-fc9338f4e0dd" />
      <TestMethod codeBase="TestAssembly.dll" className="TestNamespace.TestClass7" name="Test9865" />
    </UnitTest>
    <UnitTest name="Test9866" id="d1ac70da-a110-4c0b-919d-9a9ec6f3d363" storage="TestAssembly.dll">
      <Execution id="7b1271b8-f006-4b14-94ac-6fbd4d49c2af" />
      <TestMethod codeBase="TestAssembly.dll" className="TestNamespace.TestClass7" name="Test9866" />
    </UnitTest>
    <UnitTest name="Test9867" id="56cdb35f-3407-46c3-91b4-867c88d9a89c" storage="TestAssembly.dll">
      <Execution id="4b3a38f8-43f2-4a40-a6e5-7132607840ac" />
      <TestMethod codeBase="TestAssembly.dll" className="TestNamespace.TestClass7" name="Test9867" />
    </UnitTest>
    <UnitTest name="Test9868" id="0fa2e1bc-793c-436f-a026-15cee12bf9cb" storage="TestAssembly.dll">
      <Execution id="16c3b2e3-40ab-4173-ba11-5c990a3c0ce2" />
      <TestMethod codeBase="TestAssembly.dll" className="TestNamespace.TestClass7" name="Test9868" />
    </UnitTest>
    <UnitTest name="Test9869" id="c4497a45-2199-4ab4-a1df-8b044f8ff91b" storage="TestAssembly.dll">
      <Execution id="13081fd6-f181-49c7-ac7b-9d4f2b782275" />
      <TestMethod codeBase="TestAssembly.dll" className="TestNamespace.TestClass7" name="Test9869" />
    </UnitTest>
    <UnitTest name="Test9870" id="2a8a0646-f30c-4d4f-a7ef-042ee091b0f1" storage="TestAssembly.dll">
      <Execution id="58c06ce1-1dfa-4d60-b872-c38d0d91ed3c" />
      <TestMethod codeBase="TestAssembly.dll" className="TestNamespace.TestClass7" name="Test9870" />
    </UnitTest>
    <UnitTest name="Test9871" id="c7cd2c60-e1bc-47b7-910e-3f89adcab327" storage="TestAssembly.dll">
      <Execution id="a8200e91-86ce-4f9b-8a47-942f07584c3b" />
      <TestMethod codeBase="TestAssembly.dll" className="TestNamespace.TestClass8" name="Test9871" />
    </UnitTest>
    <UnitTest name="Test9872" id="6f3c0b4c-1a93-4972-ad3f-b6fdf76d2686" storage="TestAssembly.dll">
      <Execution id="263256d8-6441-4d7f-8b2c-712accb01e94" />
      <TestMethod codeBase="TestAssembly.dll" className="TestNamespace.TestClass8" name="Test9872" />
    </UnitTest>
    <UnitTest name="Test9873" id="28db458e-6afb-4513-b8ea-1fcb55656bf8" storage="TestAssembly.dll">
      <Execution id="3aa969f0-a03c-470f-b056-62974595fab9" />
      <TestMethod codeBase="TestAssembly.dll" className="TestNamespace.TestClass8" name="Test9873" />
    </UnitTest>
    <UnitTest name="Test9874" id="6d956f4c-d02a-4c7a-b30e-db8fc7daa3e6" storage="TestAssembly.dll">
      <Execution id="d91532f4-ff8c-4992-b3ec-f01841cb07df" />
      <TestMethod codeBase="TestAssembly.dll" className="TestNamespace.TestClass8" name="Test9874" />
    </UnitTest>
    <UnitTest name="Test9875" id="dcadde69-49a2-41c3-a5f5-57598fc5d7a0" storage="TestAssembly.dll">
      <Execution id="74500394-c00e-4666-a785-66d08d8f813d" />
      <TestMethod codeBase="TestAssembly.dll" className="TestNamespace.TestClass8" name="Test9875" />
    </UnitTest>
    <UnitTest name="Test9876" id="a42cfe92-6b40-4d80-a263-630a961d587d" storage="TestAssembly.dll">
      <Execution id="b998e6cf-38ee-4721-93fd-a1204106657c" />
      <TestMethod codeBase="TestAssembly.dll" className="TestNamespace.TestClass8" name="Test9876" />
    </UnitTest>
    <UnitTest name="Test9877" id="b812c56d-08e9-4410-9059-74b8edb6890f" storage="TestAssembly.dll">
      <Execution id="935d9557-72d9-4267-89e9-5a78621b2290" />
      <TestMethod codeBase="TestAssembly.dll" className="TestNamespace.TestClass8" name="Test9877" />
    </UnitTest>
    <UnitTest name="Test9878" id="4c8ad349-75c5-465c-8c78-d7751522de27" storage="TestAssembly.dll">
      <Execution id="056e38f9-4829-42fe-ac5b-5591c15d2acb" />
      <TestMethod codeBase="TestAssembly.dll" className="TestNamespace.TestClass8" name="Test9878" />
    </UnitTest>
    <UnitTest name="Test9879" id="8ebb419b-58c5-4498-8ab7-f24ff4cd7906" storage="TestAssembly.dll">
      <Execution id="1f4d7f02-3380-4236-8286-f1beffff816e" />
      <TestMethod codeBase="TestAssembly.dll" className="TestNamespace.TestClass8" name="Test9879" />
    </UnitTest>
    <UnitTest name="Test9880" id="0889fe03-a606-460a-97f8-960c5d0a7527" storage="TestAssembly.dll">
      <Execution id="7ec59c04-4cdc-43d2-bbfc-224fecc11318" />
      <TestMethod codeBase="TestAssembly.dll" className="TestNamespace.TestClass8" name="Test9880" />
    </UnitTest>
    <UnitTest name="Test9881" id="a3090677-98f9-4d6f-aa80-3347c89986e7" storage="TestAssembly.dll">
      <Execution id="c8b7766d-5b4c-4cfd-b317-3124834ac4c1" />
      <TestMethod codeBase="TestAssembly.dll" className="TestNamespace.TestClass9" name="Test9881" />
    </UnitTest>
    <UnitTest name="Test9882" id="96ce1ea0-7af2-4e7b-ab58-d22a0765682b" storage="TestAssembly.dll">
      <Execution id="d855d5fd-9006-4c01-926c-93830dc9e5fe" />
      <TestMethod codeBase="TestAssembly.dll" className="TestNamespace.TestClass9" name="Test9882" />
    </UnitTest>
    <UnitTest name="Test9883" id="cf3bd7dd-0e9f-4bdd-b137-c092420a785c" storage="TestAssembly.dll">
      <Execution id="0bc097a1-549f-449e-9491-b71b54e02a7d" />
      <TestMethod codeBase="TestAssembly.dll" className="TestNamespace.TestClass9" name="Test9883" />
    </UnitTest>
    <UnitTest name="Test9884" id="48f0d434-0a85-477b-ba09-1a219df0c81e" storage="TestAssembly.dll">
      <Execution id="0387fb69-0318-473f-a280-d85874800aeb" />
      <TestMethod codeBase="TestAssembly.dll" className="TestNamespace.TestClass9" name="Test9884" />
    </UnitTest>
    <UnitTest name="Test9885" id="99d737bc-b9cb-46a0-82c6-391e7f9ccab7" storage="TestAssembly.dll">
      <Execution id="3baa1c9d-4bfe-49fb-bf3e-6212e0fca27f" />
      <TestMethod codeBase="TestAssembly.dll" className="TestNamespace.TestClass9" name="Test9885" />
    </UnitTest>
    <UnitTest name="Test9886" id="3e125b8e-af66-4129-be64-eaab9b6463fe" storage="TestAssembly.dll">
      <Execution id="9b0b9842-0e9d-483c-9638-c0632c1c01bf" />
      <TestMethod codeBase="TestAssembly.dll" className="TestNamespace.TestClass9" name="Test9886" />
    </UnitTest>
    <UnitTest name="Test9887" id="00cfdb5a-ec73-4d0c-a7ba-b56bbfc9bec7" storage="TestAssembly.dll">
      <Execution id="f1416cda-ee65-4a58-9814-610d9cb000f3" />
      <TestMethod codeBase="TestAssembly.dll" className="TestNamespace.TestClass9" name="Test9887" />
    </UnitTest>
    <UnitTest name="Test9888" id="93330769-2cca-48d7-8684-760c05becf5c" storage="TestAssembly.dll">
      <Execution id="93030b7b-0b0e-4eec-a531-92d5dac76c3b" />
      <TestMethod codeBase="TestAssembly.dll" className="TestNamespace.TestClass9" name="Test9888" />
    </UnitTest>
    <UnitTest name="Test9889" id="e886eb17-4a72-4ada-bc86-4e937807720e" storage="TestAssembly.dll">
      <Execution id="c0e653f6-f13c-41a7-b734-05ea8263b586" />
      <TestMethod codeBase="TestAssembly.dll" className="TestNamespace.TestClass9" name="Test9889" />
    </UnitTest>
    <UnitTest name="Test9890" id="d58e09da-8152-4f65-8b74-a40059d18091" storage="TestAssembly.dll">
      <Execution id="aa8988e1-b52c-4321-b717-b54aa2c6d6df" />
      <TestMethod codeBase="TestAssembly.dll" className="TestNamespace.TestClass9" name="Test9890" />
    </UnitTest>
    <UnitTest name="Test9891" id="0f89ab43-09c7-4812-bf48-fcdb73a2f347" storage="TestAssembly.dll">
      <Execution id="f329bbd1-6518-48c3-922a-f8f16a34d530" />
      <TestMethod codeBase="TestAssembly.dll" className="TestNamespace.TestClass10" name="Test9891" />
    </UnitTest>
    <UnitTest name="Test9892" id="1466c80e-d206-4058-9b54-25ac75538467" storage="TestAssembly.dll">
      <Execution id="353f2aea-8f8a-4f57-8653-fcd9a5370f37" />
      <TestMethod codeBase="TestAssembly.dll" className="TestNamespace.TestClass10" name="Test9892" />
    </UnitTest>
    <UnitTest name="Test9893" id="6cd062fd-163b-4028-a254-cdebde317481" storage="TestAssembly.dll">
      <Execution id="fc439a17-9a22-4af7-9010-e261d9dd6756" />
      <TestMethod codeBase="TestAssembly.dll" className="TestNamespace.TestClass10" name="Test9893" />
    </UnitTest>
    <UnitTest name="Test9894" id="cc9ec08f-b60e-4f0d-9b94-8ba5ed603b68" storage="TestAssembly.dll">
      <Execution id="6e683ea9-5a60-413a-9781-4ff3141746ee" />
      <TestMethod codeBase="TestAssembly.dll" className="TestNamespace.TestClass10" name="Test9894" />
    </UnitTest>
    <UnitTest name="Test9895" id="4d6331b9-efa5-473a-85d7-243753663a87" storage="TestAssembly.dll">
      <Execution id="216197a3-5b78-41cc-9391-f8613491f0c8" />
      <TestMethod codeBase="TestAssembly.dll" className="TestNamespace.TestClass10" name="Test9895" />
    </UnitTest>
    <UnitTest name="Test9896" id="314a278b-48bf-40cb-a10d-4a734f9fa3e4" storage="TestAssembly.dll">
      <Execution id="93f8e599-5825-44ec-99e7-96c464c0a192" />
      <TestMethod codeBase="TestAssembly.dll" className="TestNamespace.TestClass10" name="Test9896" />
    </UnitTest>
    <UnitTest name="Test9897" id="38c84b0b-aab9-4a12-a369-bd85eac8d5ab" storage="TestAssembly.dll">
      <Execution id="ba708d35-2f11-4eaa-994f-84c0c18f5fe5" />
      <TestMethod codeBase="TestAssembly.dll" className="TestNamespace.TestClass10" name="Test9897" />
    </UnitTest>
    <UnitTest name="Test9898" id="fcf27cac-6386-44c7-b93e-5144b799f1bd" storage="TestAssembly.dll">
      <Execution id="f72bc44e-6d28-4b7b-aacd-73519e6e425f" />
      <TestMethod codeBase="TestAssembly.dll" className="TestNamespace.TestClass10" name="Test9898" />
    </UnitTest>
    <UnitTest name="Test9899" id="55393502-c94a-4b71-8720-69de558c356b" storage="TestAssembly.dll">
      <Execution id="b1f8e1dd-12d8-4e61-a2c9-061a18ea56d1" />
      <TestMethod codeBase="TestAssembly.dll" className="TestNamespace.TestClass10" name="Test9899" />
    </UnitTest>
    <UnitTest name="Test9900" id="f53ff84d-8348-4684-88d0-b55f972b0c27" storage="TestAssembly.dll">
      <Execution id="c3ec92bd-0c47-4b11-a9cb-1abff2bb2b0c" />
      <TestMethod codeBase="TestAssembly.dll" className="TestNamespace.TestClass10" name="Test9900" />
    </UnitTest>
  </TestDefinitions>
  <TestEntries>
    <TestEntry testId="3c5da414-db32-4949-be4c-f4d9220b4641" executionId="5b6ce595-32c3-47ee-8f38-cb8e49fef0fd" testListId="3736724e-70d0-43db-89b6-e00d9b8c3b11" />
    <TestEntry testId="60b51fb7-8b75-4fab-b04c-cd2d2a1fa28c" executionId="4d513c1c-137f-4d61-9715-4be5884a9e44" testListId="3736724e-70d0-43db-89b6-e00d9b8c3b11" />
    <TestEntry testId="a9e9357c-ab5f-4a0e-8519-bf3530ea0c1a" executionId="f99d1df0-b518-49ec-9320-bd7e53d97271" testListId="3736724e-70d0-43db-89b6-e00d9b8c3b11" />
    <TestEntry testId="4d42616b-0784-4820-b301-2a20ce9de448" executionId="cc8034be-7823-4910-a3e9-1636fd0ba3e8" testListId="3736724e-70d0-43db-89b6-e00d9b8c3b11" />
    <TestEntry testId="af6dd0b6-8954-4f61-a59e-d447b538b6a0" executionId="db8bca81-3e5b-4171-8a61-219ef4b1dfe3" testListId="3736724e-70d0-43db-89b6-e00d9b8c3b11" />
    <TestEntry testId="46eb117e-6a93-485d-8bff-0e0003a3fb5b" executionId="4d3c8a64-3e84-47cd-8a3a-3976c762e458" testListId="3736724e-70d0-43db-89b6-e00d9b8c3b11" />
    <TestEntry testId="bc4d4230-f578-4ec5-95bb-2805e79c6c5b" executionId="55682233-56af-4956-b2bf-75ef19ebc8ac" testListId="3736724e-70d0-43db-89b6-e00d9b8c3b11" />
    <TestEntry testId="96c574c3-385a-4631-a6bf-714653d2c859" executionId="cb47ac12-da61-4e01-8e39-9de9c9ca40e4" testListId="3736724e-70d0-43db-89b6-e00d9b8c3b11" />
    <TestEntry testId="3a94822d-c622-4af9-9a2d-c391016bcdf7" executionId="5c058c5a-9d29-4e1a-ad2e-54546f11d74c" testListId="3736724e-70d0-43db-89b6-e00d9b8c3b11" />
    <TestEntry testId="dda10987-d7fa-4a28-a529-7bffd1aa72c8" executionId="508f4e60-5f54-4394-bf89-90a863d5f061" testListId="3736724e-70d0-43db-89b6-e00d9b8c3b11" />
    <TestEntry testId="638e5ff3-038e-4d7c-aed7-2767388a7fcd" executionId="3a45e2ae-b8ca-43b0-8e4b-4229dda4efbd" testListId="3736724e-70d0-43db-89b6-e00d9b8c3b11" />
    <TestEntry testId="709c6a68-4bd2-490d-97e8-5c9c08d82a2f" executionId="b10aee3c-1845-4201-9fe1-2184bf290dad" testListId="3736724e-70d0-43db-89b6-e00d9b8c3b11" />
    <TestEntry testId="8119ac72-7b14-47d3-81fd-bb05494dd448" executionId="29fa6744-a687-4056-b9d9-2c2a1e5d44a5" testListId="3736724e-70d0-43db-89b6-e00d9b8c3b11" />
    <TestEntry testId="af7c3e79-c039-480f-a236-0128c51c2077" executionId="28f72d14-4f1d-4522-8b25-4a169de240be" testListId="3736724e-70d0-43db-89b6-e00d9b8c3b11" />
    <TestEntry testId="4eaf02dc-0e50-4732-b335-dad163d45611" executionId="d2b9800b-b1e3-405b-8795-454e417510b3" testListId="3736724e-70d0-43db-89b6-e00d9b8c3b11" />
    <TestEntry testId="8f9b9bfa-7121-4285-8849-f9dd849e9523" executionId="c34da85e-8821-45e0-bdfd-479a5bbca018" testListId="3736724e-70d0-43db-89b6-e00d9b8c3b11" />
    <TestEntry testId="0daa535c-ff6e-400d-b029-1b61b14ec1ca" executionId="f2c2bcb3-7eda-4a5f-8e08-25e0bc9d8b28" testListId="3736724e-70d0-43db-89b6-e00d9b8c3b11" />
    <TestEntry testId="66644bc5-c03d-43ad-ad0f-059df332c877" executionId="fc4b0186-f281-4955-a00a-a73fc43716ee" testListId="3736724e-70d0-43db-89b6-e00d9b8c3b11" />
    <TestEntry testId="20f06233-003d-47d3-bd30-62be025414b7" executionId="19d942aa-ea9c-436c-822a-e22566097b32" testListId="3736724e-70d0-43db-89b6-e00d9b8c3b11" />
    <TestEntry testId="1846b450-fcf9-4fc2-9d9e-5b3d6857a84a" executionId="8b7c7bcb-2de6-48fc-9ec8-7d2794b7e0ea" testListId="3736724e-70d0-43db-89b6-e00d9b8c3b11" />
    <TestEntry testId="81ed7bba-596b-4a8b-a4da-f65344d63f79" executionId="ad2cedd9-3c6e-42eb-a9fc-5923a2f39604" testListId="3736724e-70d0-43db-89b6-e00d9b8c3b11" />
    <TestEntry testId="2efd51c3-9ce7-4c33-b9ae-23b02d5affe3" executionId="c47dc586-9654-4f1d-80c5-00bff1cf6dd3" testListId="3736724e-70d0-43db-89b6-e00d9b8c3b11" />
    <TestEntry testId="2e4a2dc8-8089-4054-a584-6de03049f599" executionId="41adb5af-c944-4d5b-b90e-8643da7b31df" testListId="3736724e-70d0-43db-89b6-e00d9b8c3b11" />
    <TestEntry testId="45dffff8-5cd3-4645-90cc-69dec2c8a29f" executionId="afceaa50-8479-4e82-856b-6d9301bb4f4a" testListId="3736724e-70d0-43db-89b6-e00d9b8c3b11" />
    <TestEntry testId="f27cd513-cac0-4169-bd28-d67a35688444" executionId="e40f24f1-de79-4396-93ba-6630f5d9d670" testListId="3736724e-70d0-43db-89b6-e00d9b8c3b11" />
    <TestEntry testId="a5d0aca4-4cc4-4ecb-800b-593b7b02a40c" executionId="136dccf2-eeb6-45e0-a44e-8665a1679828" testListId="3736724e-70d0-43db-89b6-e00d9b8c3b11" />
    <TestEntry testId="48389ccf-6c01-4f60-b815-14ecd740b92c" executionId="9da07295-834b-4d43-9d9f-110d936b2f54" testListId="3736724e-70d0-43db-89b6-e00d9b8c3b11" />
    <TestEntry testId="e4405902-705c-4f6f-8a0b-3b3183b1a636" executionId="c9536805-01ab-4f57-9418-16b1608e46d9" testListId="3736724e-70d0-43db-89b6-e00d9b8c3b11" />
    <TestEntry testId="3d11944b-1deb-42cc-b517-24ead0f9f5e7" executionId="eb98a25f-92bd-4a55-bbe8-c103bf45acf4" testListId="3736724e-70d0-43db-89b6-e00d9b8c3b11" />
    <TestEntry testId="50db8cd1-a7c6-4092-b360-5cec0aa8a806" executionId="2bf626d8-14a2-4004-884a-db77ea2871bc" testListId="3736724e-70d0-43db-89b6-e00d9b8c3b11" />
    <TestEntry testId="3f15fee5-7178-49cc-9b17-4c30b51acf9e" executionId="9b817ce9-67f5-4fff-ac32-58a6a0118055" testListId="3736724e-70d0-43db-89b6-e00d9b8c3b11" />
    <TestEntry testId="2e765700-d5d7-4296-a6ea-3e5d70280567" executionId="c217a6ba-eabc-4e39-af40-12f4e51652c2" testListId="3736724e-70d0-43db-89b6-e00d9b8c3b11" />
    <TestEntry testId="f25183b1-f6d1-4268-a3f5-582e6b2f90bf" executionId="a1299d7a-6f86-40b8-88fd-0712dbeab458" testListId="3736724e-70d0-43db-89b6-e00d9b8c3b11" />
    <TestEntry testId="b97b4bfd-7676-45fe-966e-3901b910824e" executionId="8041be66-df76-4087-ae00-3e0b831093e2" testListId="3736724e-70d0-43db-89b6-e00d9b8c3b11" />
    <TestEntry testId="3e6e3dfe-ce52-4790-92ec-92f466c6001f" executionId="04a6f631-cf0e-4a02-b318-5d373369d751" testListId="3736724e-70d0-43db-89b6-e00d9b8c3b11" />
    <TestEntry testId="eee5c2aa-3587-4ec7-804e-66f1ef41543e" executionId="3b5e72ae-8cd6-4f67-be01-16b6a8214623" testListId="3736724e-70d0-43db-89b6-e00d9b8c3b11" />
    <TestEntry testId="39566003-c7bc-4701-8c1a-1778f5e3e17a" executionId="7bd7b472-fcd4-49b0-a7d3-b708f1881909" testListId="3736724e-70d0-43db-89b6-e00d9b8c3b11" />
    <TestEntry testId="7371b23d-ff1c-4608-ae86-c498d3f1228f" executionId="654eacc6-3320-4f55-a8e5-4f41453597a5" testListId="3736724e-70d0-43db-89b6-e00d9b8c3b11" />
    <TestEntry testId="fc6af449-cac4-4a51-9a34-d24e64f80d67" executionId="6c3fd8e5-bd6f-437d-bd54-d25718d2cd65" testListId="3736724e-70d0-43db-89b6-e00d9b8c3b11" />
    <TestEntry testId="75468b55-3a28-4340-adfb-312691628055" executionId="7047218c-9672-4ace-a4a3-e8f8b2d93c54" testListId="3736724e-70d0-43db-89b6-e00d9b8c3b11" />
    <TestEntry testId="cc67d7da-8d7a-4fc1-9280-dc7246b82cec" executionId="23d46e73-303b-4aac-9462-93c181f94069" testListId="3736724e-70d0-43db-89b6-e00d9b8c3b11" />
    <TestEntry testId="5590fbf9-df4f-4104-90a3-17bc8de32110" executionId="abf2652d-aa23-41ef-a6ed-d932b950a123" testListId="3736724e-70d0-43db-89b6-e00d9b8c3b11" />
    <TestEntry testId="e6d8d71f-482e-48d3-b690-cf49ca2ac845" executionId="e6b30580-4ab4-4a5f-9e0f-110a7992c607" testListId="3736724e-70d0-43db-89b6-e00d9b8c3b11" />
    <TestEntry testId="a989400c-c10d-471f-9aa6-fd0c5b773053" executionId="399ea721-8dda-41f7-9274-5a6676fa2d77" testListId="3736724e-70d0-43db-89b6-e00d9b8c3b11" />
    <TestEntry testId="a8fd6c18-f8d2-4e20-b638-90c31b51c912" executionId="d4892048-2acd-4af9-bb3e-27c47bd29413" testListId="3736724e-70d0-43db-89b6-e00d9b8c3b11" />
    <TestEntry testId="074de6c6-6a43-47e5-b77e-ded694119571" executionId="f2034db6-9d8f-4e5f-9e5a-437e0f693e00" testListId="3736724e-70d0-43db-89b6-e00d9b8c3b11" />
    <TestEntry testId="3654e63e-44ea-44db-9f1e-c178c477c639" executionId="55d20ead-06cd-4b7b-823a-8f641f137443" testListId="3736724e-70d0-43db-89b6-e00d9b8c3b11" />
    <TestEntry testId="441ff994-eed6-4ab2-a835-9124d20e3f79" executionId="5aaf2903-0676-418c-a7bd-b2a77f8e24e9" testListId="3736724e-70d0-43db-89b6-e00d9b8c3b11" />
    <TestEntry testId="fa555fd7-0b57-49f7-a6ff-cdd502ef58a4" executionId="13c3fe1a-362d-4fbc-8efd-542a96b528b1" testListId="3736724e-70d0-43db-89b6-e00d9b8c3b11" />
    <TestEntry testId="66c0eed4-2a90-4a1e-abc7-4757c69b8f27" executionId="bcaeb8cc-34eb-4ff2-91ab-2237a9035b4c" testListId="3736724e-70d0-43db-89b6-e00d9b8c3b11" />
    <TestEntry testId="c6a5abb5-00d5-4c7e-9bbc-4afdc22c7a06" executionId="446a4781-8c77-4784-a6d8-07244375534f" testListId="3736724e-70d0-43db-89b6-e00d9b8c3b11" />
    <TestEntry testId="f2019373-cefd-444d-bb10-7241f323ae0c" executionId="401c884a-81ed-42f3-a4e3-62242bc3f791" testListId="3736724e-70d0-43db-89b6-e00d9b8c3b11" />
    <TestEntry testId="c8a3534d-765c-4be5-ac81-f18aa0908bc8" executionId="4d1fe78e-8ace-4acd-a65a-a494c6f7c183" testListId="3736724e-70d0-43db-89b6-e00d9b8c3b11" />
    <TestEntry testId="4adf2974-e641-4cf9-a751-2f112cad3e18" executionId="b3d9a221-8bd2-4f08-81d0-86d1d1527b28" testListId="3736724e-70d0-43db-89b6-e00d9b8c3b11" />
    <TestEntry testId="660e763b-cc87-4641-992b-7286bf365555" executionId="310e8e51-058a-4fce-a592-15329ad37048" testListId="3736724e-70d0-43db-89b6-e00d9b8c3b11" />
    <TestEntry testId="d420f1a3-4dea-4f35-b01b-f260cb9a690c" executionId="7d8b7cbb-ae89-46b7-826c-491fec85b89f" testListId="3736724e-70d0-43db-89b6-e00d9b8c3b11" />
    <TestEntry testId="8fc2300b-fcbc-484c-9dc4-45b369f0cefa" executionId="70e55fe1-b259-4b28-b6a9-93e68eea0553" testListId="3736724e-70d0-43db-89b6-e00d9b8c3b11" />
    <TestEntry testId="1d9fb794-dff6-4a80-9015-bf3944a41fcc" executionId="efb1fddc-64fd-4d8a-af78-686eae818ace" testListId="3736724e-70d0-43db-89b6-e00d9b8c3b11" />
    <TestEntry testId="534e29b3-bb8e-4458-83a3-9154a90eacfd" executionId="81d54647-e1ee-402b-b37d-ea0d7abdeb89" testListId="3736724e-70d0-43db-89b6-e00d9b8c3b11" />
    <TestEntry testId="683adba5-ac13-4232-aee8-f8fb751bcce7" executionId="75c7efdc-26fc-45a8-81a5-5bc55313af07" testListId="3736724e-70d0-43db-89b6-e00d9b8c3b11" />
    <TestEntry testId="e28c25ce-6c67-49aa-8ddb-9e0b0d64c82b" executionId="24c9f001-d512-4eb8-a92a-51542fad62f0" testListId="3736724e-70d0-43db-89b6-e00d9b8c3b11" />
    <TestEntry testId="006a1c08-c8a8-4723-bc0f-5f53866c48d8" executionId="2e495103-827f-44b9-aa7a-10679debaa65" testListId="3736724e-70d0-43db-89b6-e00d9b8c3b11" />
    <TestEntry testId="a497c695-61e1-49b4-8b8d-2fd537cda8a1" executionId="df8d7c12-5cf9-4f0d-bc7e-ba37faf32e6a" testListId="3736724e-70d0-43db-89b6-e00d9b8c3b11" />
    <TestEntry testId="afd0d70f-8f0a-4626-b547-a4da4ad33649" executionId="4602821c-a3cb-409d-8cdb-521069ad4d8a" testListId="3736724e-70d0-43db-89b6-e00d9b8c3b11" />
    <TestEntry testId="919890cd-98dc-4dee-9976-2f6c02d918c1" executionId="7d1bfcb8-1188-41ea-88c0-fc9338f4e0dd" testListId="3736724e-70d0-43db-89b6-e00d9b8c3b11" />
    <TestEntry testId="d1ac70da-a110-4c0b-919d-9a9ec6f3d363" executionId="7b1271b8-f006-4b14-94ac-6fbd4d49c2af" testListId="3736724e-70d0-43db-89b6-e00d9b8c3b11" />
    <TestEntry testId="56cdb35f-3407-46c3-91b4-867c88d9a89c" executionId="4b3a38f8-43f2-4a40-a6e5-7132607840ac" testListId="3736724e-70d0-43db-89b6-e00d9b8c3b11" />
    <TestEntry testId="0fa2e1bc-793c-436f-a026-15cee12bf9cb" executionId="16c3b2e3-40ab-4173-ba11-5c990a3c0ce2" testListId="3736724e-70d0-43db-89b6-e00d9b8c3b11" />
    <TestEntry testId="c4497a45-2199-4ab4-a1df-8b044f8ff91b" executionId="13081fd6-f181-49c7-ac7b-9d4f2b782275" testListId="3736724e-70d0-43db-89b6-e00d9b8c3b11" />
    <TestEntry testId="2a8a0646-f30c-4d4f-a7ef-042ee091b0f1" executionId="58c06ce1-1dfa-4d60-b872-c38d0d91ed3c" testListId="3736724e-70d0-43db-89b6-e00d9b8c3b11" />
    <TestEntry testId="c7cd2c60-e1bc-47b7-910e-3f89adcab327" executionId="a8200e91-86ce-4f9b-8a47-942f07584c3b" testListId="3736724e-70d0-43db-89b6-e00d9b8c3b11" />
    <TestEntry testId="6f3c0b4c-1a93-4972-ad3f-b6fdf76d2686" executionId="263256d8-6441-4d7f-8b2c-712accb01e94" testListId="3736724e-70d0-43db-89b6-e00d9b8c3b11" />
    <TestEntry testId="28db458e-6afb-4513-b8ea-1fcb55656bf8" executionId="3aa969f0-a03c-470f-b056-62974595fab9" testListId="3736724e-70d0-43db-89b6-e00d9b8c3b11" />
    <TestEntry testId="6d956f4c-d02a-4c7a-b30e-db8fc7daa3e6" executionId="d91532f4-ff8c-4992-b3ec-f01841cb07df" testListId="3736724e-70d0-43db-89b6-e00d9b8c3b11" />
    <TestEntry testId="dcadde69-49a2-41c3-a5f5-57598fc5d7a0" executionId="74500394-c00e-4666-a785-66d08d8f813d" testListId="3736724e-70d0-43db-89b6-e00d9b8c3b11" />
    <TestEntry testId="a42cfe92-6b40-4d80-a263-630a961d587d" executionId="b998e6cf-38ee-4721-93fd-a1204106657c" testListId="3736724e-70d0-43db-89b6-e00d9b8c3b11" />
    <TestEntry testId="b812c56d-08e9-4410-9059-74b8edb6890f" executionId="935d9557-72d9-4267-89e9-5a78621b2290" testListId="3736724e-70d0-43db-89b6-e00d9b8c3b11" />
    <TestEntry testId="4c8ad349-75c5-465c-8c78-d7751522de27" executionId="056e38f9-4829-42fe-ac5b-5591c15d2acb" testListId="3736724e-70d0-43db-89b6-e00d9b8c3b11" />
    <TestEntry testId="8ebb419b-58c5-4498-8ab7-f24ff4cd7906" executionId="1f4d7f02-3380-4236-8286-f1beffff816e" testListId="3736724e-70d0-43db-89b6-e00d9b8c3b11" />
    <TestEntry testId="0889fe03-a606-460a-97f8-960c5d0a7527" executionId="7ec59c04-4cdc-43d2-bbfc-224fecc11318" testListId="3736724e-70d0-43db-89b6-e00d9b8c3b11" />
    <TestEntry testId="a3090677-98f9-4d6f-aa80-3347c89986e7" executionId="c8b7766d-5b4c-4cfd-b317-3124834ac4c1" testListId="3736724e-70d0-43db-89b6-e00d9b8c3b11" />
    <TestEntry testId="96ce1ea0-7af2-4e7b-ab58-d22a0765682b" executionId="d855d5fd-9006-4c01-926c-93830dc9e5fe" testListId="3736724e-70d0-43db-89b6-e00d9b8c3b11" />
    <TestEntry testId="cf3bd7dd-0e9f-4bdd-b137-c092420a785c" executionId="0bc097a1-549f-449e-9491-b71b54e02a7d" testListId="3736724e-70d0-43db-89b6-e00d9b8c3b11" />
    <TestEntry testId="48f0d434-0a85-477b-ba09-1a219df0c81e" executionId="0387fb69-0318-473f-a280-d85874800aeb" testListId="3736724e-70d0-43db-89b6-e00d9b8c3b11" />
    <TestEntry testId="99d737bc-b9cb-46a0-82c6-391e7f9ccab7" executionId="3baa1c9d-4bfe-49fb-bf3e-6212e0fca27f" testListId="3736724e-70d0-43db-89b6-e00d9b8c3b11" />
    <TestEntry testId="3e125b8e-af66-4129-be64-eaab9b6463fe" executionId="9b0b9842-0e9d-483c-9638-c0632c1c01bf" testListId="3736724e-70d0-43db-89b6-e00d9b8c3b11" />
    <TestEntry testId="00cfdb5a-ec73-4d0c-a7ba-b56bbfc9bec7" executionId="f1416cda-ee65-4a58-9814-610d9cb000f3" testListId="3736724e-70d0-43db-89b6-e00d9b8c3b11" />
    <TestEntry testId="93330769-2cca-48d7-8684-760c05becf5c" executionId="93030b7b-0b0e-4eec-a531-92d5dac76c3b" testListId="3736724e-70d0-43db-89b6-e00d9b8c3b11" />
    <TestEntry testId="e886eb17-4a72-4ada-bc86-4e937807720e" executionId="c0e653f6-f13c-41a7-b734-05ea8263b586" testListId="3736724e-70d0-43db-89b6-e00d9b8c3b11" />
    <TestEntry testId="d58e09da-8152-4f65-8b74-a40059d18091" executionId="aa8988e1-b52c-4321-b717-b54aa2c6d6df" testListId="3736724e-70d0-43db-89b6-e00d9b8c3b11" />
    <TestEntry testId="0f89ab43-09c7-4812-bf48-fcdb73a2f347" executionId="f329bbd1-6518-48c3-922a-f8f16a34d530" testListId="3736724e-70d0-43db-89b6-e00d9b8c3b11" />
    <TestEntry testId="1466c80e-d206-4058-9b54-25ac75538467" executionId="353f2aea-8f8a-4f57-8653-fcd9a5370f37" testListId="3736724e-70d0-43db-89b6-e00d9b8c3b11" />
    <TestEntry testId="6cd062fd-163b-4028-a254-cdebde317481" executionId="fc439a17-9a22-4af7-9010-e261d9dd6756" testListId="3736724e-70d0-43db-89b6-e00d9b8c3b11" />
    <TestEntry testId="cc9ec08f-b60e-4f0d-9b94-8ba5ed603b68" executionId="6e683ea9-5a60-413a-9781-4ff3141746ee" testListId="3736724e-70d0-43db-89b6-e00d9b8c3b11" />
    <TestEntry testId="4d6331b9-efa5-473a-85d7-243753663a87" executionId="216197a3-5b78-41cc-9391-f8613491f0c8" testListId="3736724e-70d0-43db-89b6-e00d9b8c3b11" />
    <TestEntry testId="314a278b-48bf-40cb-a10d-4a734f9fa3e4" executionId="93f8e599-5825-44ec-99e7-96c464c0a192" testListId="3736724e-70d0-43db-89b6-e00d9b8c3b11" />
    <TestEntry testId="38c84b0b-aab9-4a12-a369-bd85eac8d5ab" executionId="ba708d35-2f11-4eaa-994f-84c0c18f5fe5" testListId="3736724e-70d0-43db-89b6-e00d9b8c3b11" />
    <TestEntry testId="fcf27cac-6386-44c7-b93e-5144b799f1bd" executionId="f72bc44e-6d28-4b7b-aacd-73519e6e425f" testListId="3736724e-70d0-43db-89b6-e00d9b8c3b11" />
    <TestEntry testId="55393502-c94a-4b71-8720-69de558c356b" executionId="b1f8e1dd-12d8-4e61-a2c9-061a18ea56d1" testListId="3736724e-70d0-43db-89b6-e00d9b8c3b11" />
    <TestEntry testId="f53ff84d-8348-4684-88d0-b55f972b0c27" executionId="c3ec92bd-0c47-4b11-a9cb-1abff2bb2b0c" testListId="3736724e-70d0-43db-89b6-e00d9b8c3b11" />
  </TestEntries>
  <TestLists>
    <TestList name="Results Not in a List" id="3736724e-70d0-43db-89b6-e00d9b8c3b11" />
    <TestList name="All Loaded Results" id="da4bf1ea-8189-44c2-bb18-b7ab2b129366" />
  </TestLists>
</TestRun>