<?xml version="1.0" encoding="UTF-8"?>
<TestRun id="05b0a9a2-ae62-4a87-92ad-51ffebebe0f9" name="Test Run 57" runUser="Oles Galatsan" xmlns="http://microsoft.com/schemas/VisualStudio/TeamTest/2010">
  <Times creation="2025-05-14T13:20:31.3125482Z" queuing="2025-05-14T13:20:31.3125482Z" start="2025-05-14T13:20:31.3146610Z" finish="2025-05-14T13:25:31.3147553Z" />
  <TestSettings name="Test Settings 57" id="0cc4cc91-9428-465e-b275-958bd1123e89" />
  <Results>
    <UnitTestResult executionId="fd5e4d23-e0ea-4c85-b92c-2a544d241921" testId="278a8f8e-5c50-41d4-8e38-c7e5d396702d" testName="Test5601" computerName="UA-LPT-OGA2" duration="00:00:01.1760000" startTime="2025-05-14T13:20:31.3146610Z" endTime="2025-05-14T13:25:31.3147553Z" testType="13cdc9d9-ddb5-4fa4-a97d-d965ccfc6d4b" outcome="Passed" testListId="4a672ab9-64ec-4ec4-beba-8e4e5244d772" />
    <UnitTestResult executionId="f2588c2c-ee8a-4e10-b49f-b7326ff7ac18" testId="f6af4dfb-0aa9-4d30-9204-203786ccdb79" testName="Test5602" computerName="UA-LPT-OGA2" duration="00:00:00.3370000" startTime="2025-05-14T13:20:31.3146610Z" endTime="2025-05-14T13:25:31.3147553Z" testType="13cdc9d9-ddb5-4fa4-a97d-d965ccfc6d4b" outcome="Passed" testListId="4a672ab9-64ec-4ec4-beba-8e4e5244d772" />
    <UnitTestResult executionId="55b9bb01-54fe-43c6-8da7-e1745f8583bd" testId="d6734f4a-92b1-400f-852d-41c05c62d418" testName="Test5603" computerName="UA-LPT-OGA2" duration="00:00:00.4980000" startTime="2025-05-14T13:20:31.3146610Z" endTime="2025-05-14T13:25:31.3147553Z" testType="13cdc9d9-ddb5-4fa4-a97d-d965ccfc6d4b" outcome="Passed" testListId="4a672ab9-64ec-4ec4-beba-8e4e5244d772" />
    <UnitTestResult executionId="d5e444f9-6049-42c6-a322-7fa38db094fd" testId="2cc75ae8-1f15-4aa9-801e-cd0ad5763c2e" testName="Test5604" computerName="UA-LPT-OGA2" duration="00:00:00.5000000" startTime="2025-05-14T13:20:31.3146610Z" endTime="2025-05-14T13:25:31.3147553Z" testType="13cdc9d9-ddb5-4fa4-a97d-d965ccfc6d4b" outcome="Passed" testListId="4a672ab9-64ec-4ec4-beba-8e4e5244d772" />
    <UnitTestResult executionId="ee538777-e8e3-4c59-b3de-f60d69a34f8a" testId="ba2ac8db-b47c-4330-9911-aa6272206263" testName="Test5605" computerName="UA-LPT-OGA2" duration="00:00:01.8690000" startTime="2025-05-14T13:20:31.3146610Z" endTime="2025-05-14T13:25:31.3147553Z" testType="13cdc9d9-ddb5-4fa4-a97d-d965ccfc6d4b" outcome="Passed" testListId="4a672ab9-64ec-4ec4-beba-8e4e5244d772" />
    <UnitTestResult executionId="f1907185-9b6b-45e7-90fe-14ddcbd5562a" testId="3d8d0eb1-25a8-4083-8d82-12a95812fa1c" testName="Test5606" computerName="UA-LPT-OGA2" duration="00:00:01.6580000" startTime="2025-05-14T13:20:31.3146610Z" endTime="2025-05-14T13:25:31.3147553Z" testType="13cdc9d9-ddb5-4fa4-a97d-d965ccfc6d4b" outcome="Passed" testListId="4a672ab9-64ec-4ec4-beba-8e4e5244d772" />
    <UnitTestResult executionId="0ee2752e-4fd7-4f42-836f-eec4d030f134" testId="db89b482-b15a-43f1-ad01-b3c04bf4e67f" testName="Test5607" computerName="UA-LPT-OGA2" duration="00:00:00.1090000" startTime="2025-05-14T13:20:31.3146610Z" endTime="2025-05-14T13:25:31.3147553Z" testType="13cdc9d9-ddb5-4fa4-a97d-d965ccfc6d4b" outcome="Passed" testListId="4a672ab9-64ec-4ec4-beba-8e4e5244d772" />
    <UnitTestResult executionId="3ada4cee-70d7-4fbd-b4fa-186b98d759b7" testId="c9266f3e-e1b3-4479-8b3a-add3ca446ff1" testName="Test5608" computerName="UA-LPT-OGA2" duration="00:00:01.1040000" startTime="2025-05-14T13:20:31.3146610Z" endTime="2025-05-14T13:25:31.3147553Z" testType="13cdc9d9-ddb5-4fa4-a97d-d965ccfc6d4b" outcome="Passed" testListId="4a672ab9-64ec-4ec4-beba-8e4e5244d772" />
    <UnitTestResult executionId="807c9a2e-2658-4cfe-8837-8573abdc59ec" testId="ba524877-6550-4d3f-a128-60982828d3d6" testName="Test5609" computerName="UA-LPT-OGA2" duration="00:00:01.3960000" startTime="2025-05-14T13:20:31.3146610Z" endTime="2025-05-14T13:25:31.3147553Z" testType="13cdc9d9-ddb5-4fa4-a97d-d965ccfc6d4b" outcome="Passed" testListId="4a672ab9-64ec-4ec4-beba-8e4e5244d772" />
    <UnitTestResult executionId="c98f746f-cffb-473e-82c8-6dcc05417f7a" testId="ba410278-7d1c-4659-9bc8-d6574bcae721" testName="Test5610" computerName="UA-LPT-OGA2" duration="00:00:01.6770000" startTime="2025-05-14T13:20:31.3146610Z" endTime="2025-05-14T13:25:31.3147553Z" testType="13cdc9d9-ddb5-4fa4-a97d-d965ccfc6d4b" outcome="Passed" testListId="4a672ab9-64ec-4ec4-beba-8e4e5244d772" />
    <UnitTestResult executionId="e5c40673-e0a4-4d11-99b7-a8e99cde1528" testId="20eab4a9-c8ae-44fd-a792-28f7714fb026" testName="Test5611" computerName="UA-LPT-OGA2" duration="00:00:00.5390000" startTime="2025-05-14T13:20:31.3146610Z" endTime="2025-05-14T13:25:31.3147553Z" testType="13cdc9d9-ddb5-4fa4-a97d-d965ccfc6d4b" outcome="Passed" testListId="4a672ab9-64ec-4ec4-beba-8e4e5244d772" />
    <UnitTestResult executionId="5afe4e71-caf6-4271-8cf3-6371384c7d92" testId="9665551e-7de1-42fe-8bb8-9448ebffeeff" testName="Test5612" computerName="UA-LPT-OGA2" duration="00:00:00.4980000" startTime="2025-05-14T13:20:31.3146610Z" endTime="2025-05-14T13:25:31.3147553Z" testType="13cdc9d9-ddb5-4fa4-a97d-d965ccfc6d4b" outcome="Passed" testListId="4a672ab9-64ec-4ec4-beba-8e4e5244d772" />
    <UnitTestResult executionId="a60468a9-7f03-4f09-9dab-c67253b78d86" testId="5bc6f486-9612-4bc0-9596-784649097e62" testName="Test5613" computerName="UA-LPT-OGA2" duration="00:00:01.0950000" startTime="2025-05-14T13:20:31.3146610Z" endTime="2025-05-14T13:25:31.3147553Z" testType="13cdc9d9-ddb5-4fa4-a97d-d965ccfc6d4b" outcome="Passed" testListId="4a672ab9-64ec-4ec4-beba-8e4e5244d772" />
    <UnitTestResult executionId="5e1fdb1d-d1b7-4f79-a88c-a870e7dc5c5d" testId="837a362c-d4c6-418c-94c8-6cef65fa3589" testName="Test5614" computerName="UA-LPT-OGA2" duration="00:00:00.2960000" startTime="2025-05-14T13:20:31.3146610Z" endTime="2025-05-14T13:25:31.3147553Z" testType="13cdc9d9-ddb5-4fa4-a97d-d965ccfc6d4b" outcome="Passed" testListId="4a672ab9-64ec-4ec4-beba-8e4e5244d772" />
    <UnitTestResult executionId="a4a86b5c-caaf-4184-a770-79cf39996554" testId="beb7feb7-ac8a-450b-9f79-4dc6ad05c4f7" testName="Test5615" computerName="UA-LPT-OGA2" duration="00:00:00.0380000" startTime="2025-05-14T13:20:31.3146610Z" endTime="2025-05-14T13:25:31.3147553Z" testType="13cdc9d9-ddb5-4fa4-a97d-d965ccfc6d4b" outcome="Passed" testListId="4a672ab9-64ec-4ec4-beba-8e4e5244d772" />
    <UnitTestResult executionId="d25738d5-c219-41ff-bf41-ee8f5400aca4" testId="3d8dd2c9-b5ab-4f75-ac49-245da01d5625" testName="Test5616" computerName="UA-LPT-OGA2" duration="00:00:01.3560000" startTime="2025-05-14T13:20:31.3146610Z" endTime="2025-05-14T13:25:31.3147553Z" testType="13cdc9d9-ddb5-4fa4-a97d-d965ccfc6d4b" outcome="Passed" testListId="4a672ab9-64ec-4ec4-beba-8e4e5244d772" />
    <UnitTestResult executionId="403987ce-404e-43c2-a261-62bc164a4e83" testId="8758756e-2227-4469-9c3c-2e67d5f4ecfb" testName="Test5617" computerName="UA-LPT-OGA2" duration="00:00:00.4560000" startTime="2025-05-14T13:20:31.3146610Z" endTime="2025-05-14T13:25:31.3147553Z" testType="13cdc9d9-ddb5-4fa4-a97d-d965ccfc6d4b" outcome="Passed" testListId="4a672ab9-64ec-4ec4-beba-8e4e5244d772" />
    <UnitTestResult executionId="e14cd341-1810-401d-b57f-f93d51384ac8" testId="37088a63-4c4e-40fd-b35f-7a610f680354" testName="Test5618" computerName="UA-LPT-OGA2" duration="00:00:00.6610000" startTime="2025-05-14T13:20:31.3146610Z" endTime="2025-05-14T13:25:31.3147553Z" testType="13cdc9d9-ddb5-4fa4-a97d-d965ccfc6d4b" outcome="Passed" testListId="4a672ab9-64ec-4ec4-beba-8e4e5244d772" />
    <UnitTestResult executionId="0eb11169-f967-4e08-8969-7b923c897d4d" testId="290902d5-7651-4e9a-8818-1f53d9023dac" testName="Test5619" computerName="UA-LPT-OGA2" duration="00:00:01.4930000" startTime="2025-05-14T13:20:31.3146610Z" endTime="2025-05-14T13:25:31.3147553Z" testType="13cdc9d9-ddb5-4fa4-a97d-d965ccfc6d4b" outcome="Passed" testListId="4a672ab9-64ec-4ec4-beba-8e4e5244d772" />
    <UnitTestResult executionId="3c2ae7fc-98ab-494b-916f-a2980cc4f9c1" testId="66879450-5d78-4785-8616-d2ab0d879c76" testName="Test5620" computerName="UA-LPT-OGA2" duration="00:00:01.1280000" startTime="2025-05-14T13:20:31.3146610Z" endTime="2025-05-14T13:25:31.3147553Z" testType="13cdc9d9-ddb5-4fa4-a97d-d965ccfc6d4b" outcome="Failed" testListId="4a672ab9-64ec-4ec4-beba-8e4e5244d772">
      <Output>
        <ErrorInfo>
          <Message>Assertion failed: Expected value did not match actual value.</Message>
          <StackTrace>   at TestNamespace.TestClass.Test() in TestClass.cs:line 256</StackTrace>
        </ErrorInfo>
      </Output>
    </UnitTestResult>
    <UnitTestResult executionId="13f87129-27f5-4b3e-b96f-f5d51b08065f" testId="7fea4f81-63d8-42de-8cec-be10cfaf4245" testName="Test5621" computerName="UA-LPT-OGA2" duration="00:00:01.8770000" startTime="2025-05-14T13:20:31.3146610Z" endTime="2025-05-14T13:25:31.3147553Z" testType="13cdc9d9-ddb5-4fa4-a97d-d965ccfc6d4b" outcome="Passed" testListId="4a672ab9-64ec-4ec4-beba-8e4e5244d772" />
    <UnitTestResult executionId="67fda1b6-6795-440d-afb2-a33ebe1df9cb" testId="953ce716-a4b0-47ce-8168-2d743c37f955" testName="Test5622" computerName="UA-LPT-OGA2" duration="00:00:01.2650000" startTime="2025-05-14T13:20:31.3146610Z" endTime="2025-05-14T13:25:31.3147553Z" testType="13cdc9d9-ddb5-4fa4-a97d-d965ccfc6d4b" outcome="Passed" testListId="4a672ab9-64ec-4ec4-beba-8e4e5244d772" />
    <UnitTestResult executionId="e8728474-5c84-460a-b5f9-902af0535fad" testId="6651afcb-928e-4d58-895a-11d50a5db1b9" testName="Test5623" computerName="UA-LPT-OGA2" duration="00:00:00.6660000" startTime="2025-05-14T13:20:31.3146610Z" endTime="2025-05-14T13:25:31.3147553Z" testType="13cdc9d9-ddb5-4fa4-a97d-d965ccfc6d4b" outcome="Passed" testListId="4a672ab9-64ec-4ec4-beba-8e4e5244d772" />
    <UnitTestResult executionId="dafe9697-a5fb-4fa1-9a50-1099a35432bc" testId="55fda88c-0711-4e30-b571-c7fb983b5559" testName="Test5624" computerName="UA-LPT-OGA2" duration="00:00:01.6980000" startTime="2025-05-14T13:20:31.3146610Z" endTime="2025-05-14T13:25:31.3147553Z" testType="13cdc9d9-ddb5-4fa4-a97d-d965ccfc6d4b" outcome="Passed" testListId="4a672ab9-64ec-4ec4-beba-8e4e5244d772" />
    <UnitTestResult executionId="0e298417-5d89-47c7-922a-92bc2d0f311b" testId="28a61eff-d20a-4c9f-9a86-eb6d2b77c2b0" testName="Test5625" computerName="UA-LPT-OGA2" duration="00:00:01.1240000" startTime="2025-05-14T13:20:31.3146610Z" endTime="2025-05-14T13:25:31.3147553Z" testType="13cdc9d9-ddb5-4fa4-a97d-d965ccfc6d4b" outcome="Passed" testListId="4a672ab9-64ec-4ec4-beba-8e4e5244d772" />
    <UnitTestResult executionId="8f95c9c2-2bc1-471e-bb3c-4c0fb28bd31b" testId="82eff7f3-04e0-498d-b02e-f89b306b5f2b" testName="Test5626" computerName="UA-LPT-OGA2" duration="00:00:01.5790000" startTime="2025-05-14T13:20:31.3146610Z" endTime="2025-05-14T13:25:31.3147553Z" testType="13cdc9d9-ddb5-4fa4-a97d-d965ccfc6d4b" outcome="Passed" testListId="4a672ab9-64ec-4ec4-beba-8e4e5244d772" />
    <UnitTestResult executionId="ba74332d-62bc-4f56-86c3-4cdf869b88e5" testId="a58deff5-3193-4c10-bbef-a5629cb4a4e6" testName="Test5627" computerName="UA-LPT-OGA2" duration="00:00:00.5470000" startTime="2025-05-14T13:20:31.3146610Z" endTime="2025-05-14T13:25:31.3147553Z" testType="13cdc9d9-ddb5-4fa4-a97d-d965ccfc6d4b" outcome="Passed" testListId="4a672ab9-64ec-4ec4-beba-8e4e5244d772" />
    <UnitTestResult executionId="6ed957a1-74f7-44b5-b8d1-ee5b0c040b67" testId="74e18063-6b30-489c-b0b1-66c7ae094875" testName="Test5628" computerName="UA-LPT-OGA2" duration="00:00:00.6170000" startTime="2025-05-14T13:20:31.3146610Z" endTime="2025-05-14T13:25:31.3147553Z" testType="13cdc9d9-ddb5-4fa4-a97d-d965ccfc6d4b" outcome="Passed" testListId="4a672ab9-64ec-4ec4-beba-8e4e5244d772" />
    <UnitTestResult executionId="e89584d4-e01d-43b9-bee1-74731c8e3a02" testId="62753d6d-149e-4ef0-ab4a-a7133ddbc58d" testName="Test5629" computerName="UA-LPT-OGA2" duration="00:00:00.0700000" startTime="2025-05-14T13:20:31.3146610Z" endTime="2025-05-14T13:25:31.3147553Z" testType="13cdc9d9-ddb5-4fa4-a97d-d965ccfc6d4b" outcome="Passed" testListId="4a672ab9-64ec-4ec4-beba-8e4e5244d772" />
    <UnitTestResult executionId="3c9b83a8-0354-4b80-9aa7-9cd518958d3e" testId="2df41d10-388d-4f0c-a3f3-7c77951e2f81" testName="Test5630" computerName="UA-LPT-OGA2" duration="00:00:01.6900000" startTime="2025-05-14T13:20:31.3146610Z" endTime="2025-05-14T13:25:31.3147553Z" testType="13cdc9d9-ddb5-4fa4-a97d-d965ccfc6d4b" outcome="Passed" testListId="4a672ab9-64ec-4ec4-beba-8e4e5244d772" />
    <UnitTestResult executionId="5ead2200-e59d-4939-b175-613988b41a5c" testId="8e42a574-2e7a-4346-90cb-c1e29a31472d" testName="Test5631" computerName="UA-LPT-OGA2" duration="00:00:00.4870000" startTime="2025-05-14T13:20:31.3146610Z" endTime="2025-05-14T13:25:31.3147553Z" testType="13cdc9d9-ddb5-4fa4-a97d-d965ccfc6d4b" outcome="Passed" testListId="4a672ab9-64ec-4ec4-beba-8e4e5244d772" />
    <UnitTestResult executionId="d3d108da-a157-49ac-97a4-4f540138ee5b" testId="7311b72b-885b-475a-9da4-3649d8f237a2" testName="Test5632" computerName="UA-LPT-OGA2" duration="00:00:00.3120000" startTime="2025-05-14T13:20:31.3146610Z" endTime="2025-05-14T13:25:31.3147553Z" testType="13cdc9d9-ddb5-4fa4-a97d-d965ccfc6d4b" outcome="Passed" testListId="4a672ab9-64ec-4ec4-beba-8e4e5244d772" />
    <UnitTestResult executionId="b89b59d3-bdba-4641-bd8c-3da254ad9c47" testId="43debcbd-5f93-4364-a315-3defd887b87d" testName="Test5633" computerName="UA-LPT-OGA2" duration="00:00:00.9880000" startTime="2025-05-14T13:20:31.3146610Z" endTime="2025-05-14T13:25:31.3147553Z" testType="13cdc9d9-ddb5-4fa4-a97d-d965ccfc6d4b" outcome="Passed" testListId="4a672ab9-64ec-4ec4-beba-8e4e5244d772" />
    <UnitTestResult executionId="047c2625-b2b6-47da-8f35-0def1bdb3453" testId="3718e1dd-5d2d-43c7-bd2f-814c3ebc9d12" testName="Test5634" computerName="UA-LPT-OGA2" duration="00:00:00.7100000" startTime="2025-05-14T13:20:31.3146610Z" endTime="2025-05-14T13:25:31.3147553Z" testType="13cdc9d9-ddb5-4fa4-a97d-d965ccfc6d4b" outcome="Passed" testListId="4a672ab9-64ec-4ec4-beba-8e4e5244d772" />
    <UnitTestResult executionId="639daa10-172f-4132-a69c-bf9432a8b126" testId="9200c3af-dd90-47a5-8219-1dc209293af4" testName="Test5635" computerName="UA-LPT-OGA2" duration="00:00:00.6570000" startTime="2025-05-14T13:20:31.3146610Z" endTime="2025-05-14T13:25:31.3147553Z" testType="13cdc9d9-ddb5-4fa4-a97d-d965ccfc6d4b" outcome="Passed" testListId="4a672ab9-64ec-4ec4-beba-8e4e5244d772" />
    <UnitTestResult executionId="bd690f60-6bb1-421b-a864-d5b770e2a26d" testId="7a20ba87-1dcd-4414-9e68-fe56dedad04d" testName="Test5636" computerName="UA-LPT-OGA2" duration="00:00:00.0110000" startTime="2025-05-14T13:20:31.3146610Z" endTime="2025-05-14T13:25:31.3147553Z" testType="13cdc9d9-ddb5-4fa4-a97d-d965ccfc6d4b" outcome="Passed" testListId="4a672ab9-64ec-4ec4-beba-8e4e5244d772" />
    <UnitTestResult executionId="a68a23ad-0b51-4790-9149-dda015fc9cdf" testId="a57176a7-2ad7-45df-9cac-c6ce9a0adf71" testName="Test5637" computerName="UA-LPT-OGA2" duration="00:00:01.7640000" startTime="2025-05-14T13:20:31.3146610Z" endTime="2025-05-14T13:25:31.3147553Z" testType="13cdc9d9-ddb5-4fa4-a97d-d965ccfc6d4b" outcome="Passed" testListId="4a672ab9-64ec-4ec4-beba-8e4e5244d772" />
    <UnitTestResult executionId="24a6efc3-ed70-44ea-8f8f-a2822bed5048" testId="5d7820cd-87bb-4634-bfe6-f2e719499459" testName="Test5638" computerName="UA-LPT-OGA2" duration="00:00:01.8530000" startTime="2025-05-14T13:20:31.3146610Z" endTime="2025-05-14T13:25:31.3147553Z" testType="13cdc9d9-ddb5-4fa4-a97d-d965ccfc6d4b" outcome="Passed" testListId="4a672ab9-64ec-4ec4-beba-8e4e5244d772" />
    <UnitTestResult executionId="82b6c39b-3b57-4623-9a87-d6abbd178c1d" testId="0715df3c-9d83-4b88-84f0-f2005b097664" testName="Test5639" computerName="UA-LPT-OGA2" duration="00:00:00.6480000" startTime="2025-05-14T13:20:31.3146610Z" endTime="2025-05-14T13:25:31.3147553Z" testType="13cdc9d9-ddb5-4fa4-a97d-d965ccfc6d4b" outcome="Passed" testListId="4a672ab9-64ec-4ec4-beba-8e4e5244d772" />
    <UnitTestResult executionId="893fb994-39ec-4134-915a-192d7d7d241e" testId="dc468ab0-a172-44e0-90ea-323cb43c672a" testName="Test5640" computerName="UA-LPT-OGA2" duration="00:00:00.9480000" startTime="2025-05-14T13:20:31.3146610Z" endTime="2025-05-14T13:25:31.3147553Z" testType="13cdc9d9-ddb5-4fa4-a97d-d965ccfc6d4b" outcome="Passed" testListId="4a672ab9-64ec-4ec4-beba-8e4e5244d772" />
    <UnitTestResult executionId="b3c30f70-5587-4904-a7c4-19b8a8b684d4" testId="9ed6ae32-6fb8-4677-b678-015664a2b8bc" testName="Test5641" computerName="UA-LPT-OGA2" duration="00:00:01.8920000" startTime="2025-05-14T13:20:31.3146610Z" endTime="2025-05-14T13:25:31.3147553Z" testType="13cdc9d9-ddb5-4fa4-a97d-d965ccfc6d4b" outcome="Passed" testListId="4a672ab9-64ec-4ec4-beba-8e4e5244d772" />
    <UnitTestResult executionId="3102484b-3df5-4218-a6ad-f275e6bd1cd6" testId="f2a8df80-8a50-4638-af62-dc766f01d624" testName="Test5642" computerName="UA-LPT-OGA2" duration="00:00:00.8680000" startTime="2025-05-14T13:20:31.3146610Z" endTime="2025-05-14T13:25:31.3147553Z" testType="13cdc9d9-ddb5-4fa4-a97d-d965ccfc6d4b" outcome="Passed" testListId="4a672ab9-64ec-4ec4-beba-8e4e5244d772" />
    <UnitTestResult executionId="9593bdb8-9fa0-48cf-949c-c638359a4f5c" testId="8b7ab8fa-f508-40cb-92e9-a0a2ab84bed2" testName="Test5643" computerName="UA-LPT-OGA2" duration="00:00:00.4710000" startTime="2025-05-14T13:20:31.3146610Z" endTime="2025-05-14T13:25:31.3147553Z" testType="13cdc9d9-ddb5-4fa4-a97d-d965ccfc6d4b" outcome="Passed" testListId="4a672ab9-64ec-4ec4-beba-8e4e5244d772" />
    <UnitTestResult executionId="0bc90f7b-8718-4514-95ae-2f726b9d93eb" testId="27cbcf49-cd74-427b-8369-fac778d9e628" testName="Test5644" computerName="UA-LPT-OGA2" duration="00:00:01.0340000" startTime="2025-05-14T13:20:31.3146610Z" endTime="2025-05-14T13:25:31.3147553Z" testType="13cdc9d9-ddb5-4fa4-a97d-d965ccfc6d4b" outcome="Passed" testListId="4a672ab9-64ec-4ec4-beba-8e4e5244d772" />
    <UnitTestResult executionId="8973e08e-0702-4a24-adc8-5e4da4ba7da0" testId="5c782d36-d79a-407a-8384-50323441bd1a" testName="Test5645" computerName="UA-LPT-OGA2" duration="00:00:00.6580000" startTime="2025-05-14T13:20:31.3146610Z" endTime="2025-05-14T13:25:31.3147553Z" testType="13cdc9d9-ddb5-4fa4-a97d-d965ccfc6d4b" outcome="Passed" testListId="4a672ab9-64ec-4ec4-beba-8e4e5244d772" />
    <UnitTestResult executionId="d87a7944-6d27-4864-8063-d8546c8d3858" testId="ad4235a4-556c-415e-8e6d-782e6d9d8044" testName="Test5646" computerName="UA-LPT-OGA2" duration="00:00:00.8230000" startTime="2025-05-14T13:20:31.3146610Z" endTime="2025-05-14T13:25:31.3147553Z" testType="13cdc9d9-ddb5-4fa4-a97d-d965ccfc6d4b" outcome="Passed" testListId="4a672ab9-64ec-4ec4-beba-8e4e5244d772" />
    <UnitTestResult executionId="b266d6bf-d2cd-4248-9035-d5d0b234642e" testId="630a708b-52c8-47a3-b36c-b7ee3ac5469d" testName="Test5647" computerName="UA-LPT-OGA2" duration="00:00:01.7850000" startTime="2025-05-14T13:20:31.3146610Z" endTime="2025-05-14T13:25:31.3147553Z" testType="13cdc9d9-ddb5-4fa4-a97d-d965ccfc6d4b" outcome="Passed" testListId="4a672ab9-64ec-4ec4-beba-8e4e5244d772" />
    <UnitTestResult executionId="d4ab5c36-a748-4769-81f2-f673d32df79d" testId="67b4c56f-e403-442f-b8cf-3eaa7d51b914" testName="Test5648" computerName="UA-LPT-OGA2" duration="00:00:01.5920000" startTime="2025-05-14T13:20:31.3146610Z" endTime="2025-05-14T13:25:31.3147553Z" testType="13cdc9d9-ddb5-4fa4-a97d-d965ccfc6d4b" outcome="Passed" testListId="4a672ab9-64ec-4ec4-beba-8e4e5244d772" />
    <UnitTestResult executionId="53042d27-4aa1-4600-b4d0-f105f83775b6" testId="3fdd4df4-a3b7-4534-967d-9853f5cb01ab" testName="Test5649" computerName="UA-LPT-OGA2" duration="00:00:01.2330000" startTime="2025-05-14T13:20:31.3146610Z" endTime="2025-05-14T13:25:31.3147553Z" testType="13cdc9d9-ddb5-4fa4-a97d-d965ccfc6d4b" outcome="Failed" testListId="4a672ab9-64ec-4ec4-beba-8e4e5244d772">
      <Output>
        <ErrorInfo>
          <Message>Assertion failed: Expected value did not match actual value.</Message>
          <StackTrace>   at TestNamespace.TestClass.Test() in TestClass.cs:line 180</StackTrace>
        </ErrorInfo>
      </Output>
    </UnitTestResult>
    <UnitTestResult executionId="a20baff3-b72c-40d6-8517-02400410f801" testId="963177d0-97bc-48e9-808e-b22c69283380" testName="Test5650" computerName="UA-LPT-OGA2" duration="00:00:00.2390000" startTime="2025-05-14T13:20:31.3146610Z" endTime="2025-05-14T13:25:31.3147553Z" testType="13cdc9d9-ddb5-4fa4-a97d-d965ccfc6d4b" outcome="Passed" testListId="4a672ab9-64ec-4ec4-beba-8e4e5244d772" />
    <UnitTestResult executionId="9011e0c9-bb1c-4dcb-9da1-d078618b68f2" testId="cb39138f-68b1-4d37-b18e-33b8ae21e8ab" testName="Test5651" computerName="UA-LPT-OGA2" duration="00:00:01.8840000" startTime="2025-05-14T13:20:31.3146610Z" endTime="2025-05-14T13:25:31.3147553Z" testType="13cdc9d9-ddb5-4fa4-a97d-d965ccfc6d4b" outcome="Passed" testListId="4a672ab9-64ec-4ec4-beba-8e4e5244d772" />
    <UnitTestResult executionId="09eda9e6-db53-43a4-b7af-a27c4b790822" testId="10c4c000-555c-4c79-bd52-1f986c82b5ca" testName="Test5652" computerName="UA-LPT-OGA2" duration="00:00:01.8300000" startTime="2025-05-14T13:20:31.3146610Z" endTime="2025-05-14T13:25:31.3147553Z" testType="13cdc9d9-ddb5-4fa4-a97d-d965ccfc6d4b" outcome="Passed" testListId="4a672ab9-64ec-4ec4-beba-8e4e5244d772" />
    <UnitTestResult executionId="d1fa6e45-c812-4087-adcd-cfdcfa9437d1" testId="2188da99-4424-473a-baa3-a8c5f601c590" testName="Test5653" computerName="UA-LPT-OGA2" duration="00:00:00.2840000" startTime="2025-05-14T13:20:31.3146610Z" endTime="2025-05-14T13:25:31.3147553Z" testType="13cdc9d9-ddb5-4fa4-a97d-d965ccfc6d4b" outcome="Passed" testListId="4a672ab9-64ec-4ec4-beba-8e4e5244d772" />
    <UnitTestResult executionId="b0e72650-f132-45fa-816a-344dfa30a251" testId="6e7104ce-8746-489b-adb1-292284b8c7a7" testName="Test5654" computerName="UA-LPT-OGA2" duration="00:00:00.2250000" startTime="2025-05-14T13:20:31.3146610Z" endTime="2025-05-14T13:25:31.3147553Z" testType="13cdc9d9-ddb5-4fa4-a97d-d965ccfc6d4b" outcome="Passed" testListId="4a672ab9-64ec-4ec4-beba-8e4e5244d772" />
    <UnitTestResult executionId="d3fb923a-29f9-4c6c-bdad-d648f9b20904" testId="722e88ca-bc7f-48ba-bb2e-3769ca50ed0a" testName="Test5655" computerName="UA-LPT-OGA2" duration="00:00:01.6180000" startTime="2025-05-14T13:20:31.3146610Z" endTime="2025-05-14T13:25:31.3147553Z" testType="13cdc9d9-ddb5-4fa4-a97d-d965ccfc6d4b" outcome="Passed" testListId="4a672ab9-64ec-4ec4-beba-8e4e5244d772" />
    <UnitTestResult executionId="b94d4aab-5764-46d9-ad6a-22a01d0d6e3e" testId="16f54153-1ec3-4fda-8401-fb1fc8e615ff" testName="Test5656" computerName="UA-LPT-OGA2" duration="00:00:01.6300000" startTime="2025-05-14T13:20:31.3146610Z" endTime="2025-05-14T13:25:31.3147553Z" testType="13cdc9d9-ddb5-4fa4-a97d-d965ccfc6d4b" outcome="Passed" testListId="4a672ab9-64ec-4ec4-beba-8e4e5244d772" />
    <UnitTestResult executionId="91c7fb2a-940d-4882-bbaf-69a56e23927a" testId="51c468bd-0c1b-4e7d-b3e2-7bd932f9a069" testName="Test5657" computerName="UA-LPT-OGA2" duration="00:00:01.2180000" startTime="2025-05-14T13:20:31.3146610Z" endTime="2025-05-14T13:25:31.3147553Z" testType="13cdc9d9-ddb5-4fa4-a97d-d965ccfc6d4b" outcome="Passed" testListId="4a672ab9-64ec-4ec4-beba-8e4e5244d772" />
    <UnitTestResult executionId="65f8c01c-1658-46e0-9f12-d77b3a411b00" testId="52fb5c91-2494-446a-b504-8aabf88afdb6" testName="Test5658" computerName="UA-LPT-OGA2" duration="00:00:01.9390000" startTime="2025-05-14T13:20:31.3146610Z" endTime="2025-05-14T13:25:31.3147553Z" testType="13cdc9d9-ddb5-4fa4-a97d-d965ccfc6d4b" outcome="Passed" testListId="4a672ab9-64ec-4ec4-beba-8e4e5244d772" />
    <UnitTestResult executionId="7610fa5c-4d3e-49d9-ba85-3e3c98751e1e" testId="490003ef-2062-4ced-8bd1-245b77f09d6c" testName="Test5659" computerName="UA-LPT-OGA2" duration="00:00:00.6140000" startTime="2025-05-14T13:20:31.3146610Z" endTime="2025-05-14T13:25:31.3147553Z" testType="13cdc9d9-ddb5-4fa4-a97d-d965ccfc6d4b" outcome="Failed" testListId="4a672ab9-64ec-4ec4-beba-8e4e5244d772">
      <Output>
        <ErrorInfo>
          <Message>Assertion failed: Expected value did not match actual value.</Message>
          <StackTrace>   at TestNamespace.TestClass.Test() in TestClass.cs:line 447</StackTrace>
        </ErrorInfo>
      </Output>
    </UnitTestResult>
    <UnitTestResult executionId="a0a85ee5-5741-496f-a350-8f24b4fd6d47" testId="c610dda1-50f4-488d-9f34-76ca4f6d047f" testName="Test5660" computerName="UA-LPT-OGA2" duration="00:00:00.0580000" startTime="2025-05-14T13:20:31.3146610Z" endTime="2025-05-14T13:25:31.3147553Z" testType="13cdc9d9-ddb5-4fa4-a97d-d965ccfc6d4b" outcome="Passed" testListId="4a672ab9-64ec-4ec4-beba-8e4e5244d772" />
    <UnitTestResult executionId="d51103bc-d0f9-4532-b551-c77a68b886ad" testId="3c944682-473b-4ad2-81eb-320ed576b9c7" testName="Test5661" computerName="UA-LPT-OGA2" duration="00:00:00.0630000" startTime="2025-05-14T13:20:31.3146610Z" endTime="2025-05-14T13:25:31.3147553Z" testType="13cdc9d9-ddb5-4fa4-a97d-d965ccfc6d4b" outcome="Passed" testListId="4a672ab9-64ec-4ec4-beba-8e4e5244d772" />
    <UnitTestResult executionId="3e16d7de-a45a-45e2-a27e-a3b153bf0b65" testId="01abfe09-4d1e-4529-9a06-5be917a7af7a" testName="Test5662" computerName="UA-LPT-OGA2" duration="00:00:00.1670000" startTime="2025-05-14T13:20:31.3146610Z" endTime="2025-05-14T13:25:31.3147553Z" testType="13cdc9d9-ddb5-4fa4-a97d-d965ccfc6d4b" outcome="Passed" testListId="4a672ab9-64ec-4ec4-beba-8e4e5244d772" />
    <UnitTestResult executionId="ad7194db-22d1-47cb-b199-bf32ab76e340" testId="f0285376-4788-47bb-b25e-ea55cf78deef" testName="Test5663" computerName="UA-LPT-OGA2" duration="00:00:00.5760000" startTime="2025-05-14T13:20:31.3146610Z" endTime="2025-05-14T13:25:31.3147553Z" testType="13cdc9d9-ddb5-4fa4-a97d-d965ccfc6d4b" outcome="Passed" testListId="4a672ab9-64ec-4ec4-beba-8e4e5244d772" />
    <UnitTestResult executionId="71066437-fc67-4e09-ba15-8a2f14749ff6" testId="69d82209-3e2b-4b9f-bb36-1e88d0d3734e" testName="Test5664" computerName="UA-LPT-OGA2" duration="00:00:00.5020000" startTime="2025-05-14T13:20:31.3146610Z" endTime="2025-05-14T13:25:31.3147553Z" testType="13cdc9d9-ddb5-4fa4-a97d-d965ccfc6d4b" outcome="Passed" testListId="4a672ab9-64ec-4ec4-beba-8e4e5244d772" />
    <UnitTestResult executionId="409a78cb-52a1-4159-896d-43eebd1d2e39" testId="4e345727-0ee2-4def-aa98-03e952a73c4a" testName="Test5665" computerName="UA-LPT-OGA2" duration="00:00:01.7280000" startTime="2025-05-14T13:20:31.3146610Z" endTime="2025-05-14T13:25:31.3147553Z" testType="13cdc9d9-ddb5-4fa4-a97d-d965ccfc6d4b" outcome="Passed" testListId="4a672ab9-64ec-4ec4-beba-8e4e5244d772" />
    <UnitTestResult executionId="2f7df545-4a39-47ae-b65c-7d692b3df71b" testId="130179f6-3ba7-40d1-9617-0cbed3ee31ee" testName="Test5666" computerName="UA-LPT-OGA2" duration="00:00:00.1780000" startTime="2025-05-14T13:20:31.3146610Z" endTime="2025-05-14T13:25:31.3147553Z" testType="13cdc9d9-ddb5-4fa4-a97d-d965ccfc6d4b" outcome="Passed" testListId="4a672ab9-64ec-4ec4-beba-8e4e5244d772" />
    <UnitTestResult executionId="9df2252f-4c90-49e8-8d40-367a5dc96a24" testId="71f4c65c-2fd4-4fe9-b367-89f39f0f5210" testName="Test5667" computerName="UA-LPT-OGA2" duration="00:00:01.4270000" startTime="2025-05-14T13:20:31.3146610Z" endTime="2025-05-14T13:25:31.3147553Z" testType="13cdc9d9-ddb5-4fa4-a97d-d965ccfc6d4b" outcome="Passed" testListId="4a672ab9-64ec-4ec4-beba-8e4e5244d772" />
    <UnitTestResult executionId="0e76224b-d3b5-4d37-9f34-2b32a7961d96" testId="148b2b5b-d449-414b-882d-2f1bfa87b764" testName="Test5668" computerName="UA-LPT-OGA2" duration="00:00:01.1830000" startTime="2025-05-14T13:20:31.3146610Z" endTime="2025-05-14T13:25:31.3147553Z" testType="13cdc9d9-ddb5-4fa4-a97d-d965ccfc6d4b" outcome="Passed" testListId="4a672ab9-64ec-4ec4-beba-8e4e5244d772" />
    <UnitTestResult executionId="053a075c-9228-4309-badf-d19355560060" testId="b6cfebd0-742d-4794-9551-316b17f808eb" testName="Test5669" computerName="UA-LPT-OGA2" duration="00:00:01.3610000" startTime="2025-05-14T13:20:31.3146610Z" endTime="2025-05-14T13:25:31.3147553Z" testType="13cdc9d9-ddb5-4fa4-a97d-d965ccfc6d4b" outcome="Passed" testListId="4a672ab9-64ec-4ec4-beba-8e4e5244d772" />
    <UnitTestResult executionId="786fff06-64ad-4737-8c66-05e638f65d4e" testId="60351809-86fb-4407-9778-5667c477893c" testName="Test5670" computerName="UA-LPT-OGA2" duration="00:00:01.9400000" startTime="2025-05-14T13:20:31.3146610Z" endTime="2025-05-14T13:25:31.3147553Z" testType="13cdc9d9-ddb5-4fa4-a97d-d965ccfc6d4b" outcome="Passed" testListId="4a672ab9-64ec-4ec4-beba-8e4e5244d772" />
    <UnitTestResult executionId="c9bd72c8-106b-4c5a-9df5-0e5dda63a29a" testId="d4aebe1d-19cf-4bfa-a86c-c7298aee14ff" testName="Test5671" computerName="UA-LPT-OGA2" duration="00:00:00.2100000" startTime="2025-05-14T13:20:31.3146610Z" endTime="2025-05-14T13:25:31.3147553Z" testType="13cdc9d9-ddb5-4fa4-a97d-d965ccfc6d4b" outcome="Passed" testListId="4a672ab9-64ec-4ec4-beba-8e4e5244d772" />
    <UnitTestResult executionId="ca09210d-0d8a-4e80-8910-8fb38aa8bd5f" testId="faebddf2-6a2f-49c8-b07c-1cd17c3b5fc6" testName="Test5672" computerName="UA-LPT-OGA2" duration="00:00:01.2110000" startTime="2025-05-14T13:20:31.3146610Z" endTime="2025-05-14T13:25:31.3147553Z" testType="13cdc9d9-ddb5-4fa4-a97d-d965ccfc6d4b" outcome="Passed" testListId="4a672ab9-64ec-4ec4-beba-8e4e5244d772" />
    <UnitTestResult executionId="e8564440-8224-4ee5-b6d1-cdbc2f37444a" testId="5be7a98b-5b8e-4578-82fa-7b0197a0d30e" testName="Test5673" computerName="UA-LPT-OGA2" duration="00:00:00.2990000" startTime="2025-05-14T13:20:31.3146610Z" endTime="2025-05-14T13:25:31.3147553Z" testType="13cdc9d9-ddb5-4fa4-a97d-d965ccfc6d4b" outcome="Passed" testListId="4a672ab9-64ec-4ec4-beba-8e4e5244d772" />
    <UnitTestResult executionId="5cbe3bee-dadf-4bad-bc08-491a3b6eff07" testId="b710d5a6-e980-4aef-a56a-4aa7881cf412" testName="Test5674" computerName="UA-LPT-OGA2" duration="00:00:01.8690000" startTime="2025-05-14T13:20:31.3146610Z" endTime="2025-05-14T13:25:31.3147553Z" testType="13cdc9d9-ddb5-4fa4-a97d-d965ccfc6d4b" outcome="Passed" testListId="4a672ab9-64ec-4ec4-beba-8e4e5244d772" />
    <UnitTestResult executionId="749eb157-5324-402b-86f1-09c3886a5d6a" testId="958fa4e5-14fb-493e-912c-60924993dfad" testName="Test5675" computerName="UA-LPT-OGA2" duration="00:00:01.2100000" startTime="2025-05-14T13:20:31.3146610Z" endTime="2025-05-14T13:25:31.3147553Z" testType="13cdc9d9-ddb5-4fa4-a97d-d965ccfc6d4b" outcome="Passed" testListId="4a672ab9-64ec-4ec4-beba-8e4e5244d772" />
    <UnitTestResult executionId="065f4527-8a92-4c46-b9b3-b80e361e5c71" testId="ae546fc0-85b1-4837-a337-685bcf43566e" testName="Test5676" computerName="UA-LPT-OGA2" duration="00:00:00.9430000" startTime="2025-05-14T13:20:31.3146610Z" endTime="2025-05-14T13:25:31.3147553Z" testType="13cdc9d9-ddb5-4fa4-a97d-d965ccfc6d4b" outcome="Passed" testListId="4a672ab9-64ec-4ec4-beba-8e4e5244d772" />
    <UnitTestResult executionId="c41d1eae-c2a4-4d7e-ba33-d1bc0e54e3cf" testId="0c357ec3-1aab-4d15-a4c2-24fd9a67abbb" testName="Test5677" computerName="UA-LPT-OGA2" duration="00:00:00.4950000" startTime="2025-05-14T13:20:31.3146610Z" endTime="2025-05-14T13:25:31.3147553Z" testType="13cdc9d9-ddb5-4fa4-a97d-d965ccfc6d4b" outcome="Passed" testListId="4a672ab9-64ec-4ec4-beba-8e4e5244d772" />
    <UnitTestResult executionId="3c760942-1690-4068-bf3b-64b151815528" testId="d660a93e-42e6-457a-a8c0-bda94fff76f0" testName="Test5678" computerName="UA-LPT-OGA2" duration="00:00:01.7180000" startTime="2025-05-14T13:20:31.3146610Z" endTime="2025-05-14T13:25:31.3147553Z" testType="13cdc9d9-ddb5-4fa4-a97d-d965ccfc6d4b" outcome="Passed" testListId="4a672ab9-64ec-4ec4-beba-8e4e5244d772" />
    <UnitTestResult executionId="7ac0fe8b-51b6-4e96-bb85-812c2af663cd" testId="ebb3e5c7-1feb-44a0-b57e-1dac7368cae9" testName="Test5679" computerName="UA-LPT-OGA2" duration="00:00:00.0920000" startTime="2025-05-14T13:20:31.3146610Z" endTime="2025-05-14T13:25:31.3147553Z" testType="13cdc9d9-ddb5-4fa4-a97d-d965ccfc6d4b" outcome="Passed" testListId="4a672ab9-64ec-4ec4-beba-8e4e5244d772" />
    <UnitTestResult executionId="f0ca119a-4077-497a-9476-2a01abe2c9a1" testId="65e8cc83-5028-4fe7-a015-080868997883" testName="Test5680" computerName="UA-LPT-OGA2" duration="00:00:00.8520000" startTime="2025-05-14T13:20:31.3146610Z" endTime="2025-05-14T13:25:31.3147553Z" testType="13cdc9d9-ddb5-4fa4-a97d-d965ccfc6d4b" outcome="Passed" testListId="4a672ab9-64ec-4ec4-beba-8e4e5244d772" />
    <UnitTestResult executionId="1b44c1f9-b211-4dbf-8ba9-47c39eed06a7" testId="7aa814cb-bb69-4264-9a0a-fe91954eef41" testName="Test5681" computerName="UA-LPT-OGA2" duration="00:00:00.4500000" startTime="2025-05-14T13:20:31.3146610Z" endTime="2025-05-14T13:25:31.3147553Z" testType="13cdc9d9-ddb5-4fa4-a97d-d965ccfc6d4b" outcome="Passed" testListId="4a672ab9-64ec-4ec4-beba-8e4e5244d772" />
    <UnitTestResult executionId="fa92a6bf-01a5-4f8e-9cdd-84e22ee57b71" testId="24c93072-52e5-4a8c-adcd-d325e79c0852" testName="Test5682" computerName="UA-LPT-OGA2" duration="00:00:01.9260000" startTime="2025-05-14T13:20:31.3146610Z" endTime="2025-05-14T13:25:31.3147553Z" testType="13cdc9d9-ddb5-4fa4-a97d-d965ccfc6d4b" outcome="Passed" testListId="4a672ab9-64ec-4ec4-beba-8e4e5244d772" />
    <UnitTestResult executionId="1359dc75-7072-41b7-ab4a-f1a38badf928" testId="8b13fcf6-3eee-4ee3-969a-6d60a31b9881" testName="Test5683" computerName="UA-LPT-OGA2" duration="00:00:01.6930000" startTime="2025-05-14T13:20:31.3146610Z" endTime="2025-05-14T13:25:31.3147553Z" testType="13cdc9d9-ddb5-4fa4-a97d-d965ccfc6d4b" outcome="Passed" testListId="4a672ab9-64ec-4ec4-beba-8e4e5244d772" />
    <UnitTestResult executionId="fcfac1e2-a267-442b-b3c4-f0665b678ba1" testId="8e6e57de-7928-4997-a04b-4846d8351a2b" testName="Test5684" computerName="UA-LPT-OGA2" duration="00:00:01.4800000" startTime="2025-05-14T13:20:31.3146610Z" endTime="2025-05-14T13:25:31.3147553Z" testType="13cdc9d9-ddb5-4fa4-a97d-d965ccfc6d4b" outcome="Passed" testListId="4a672ab9-64ec-4ec4-beba-8e4e5244d772" />
    <UnitTestResult executionId="e627fdc7-9505-492a-92e3-c8d34ee8f370" testId="662bcb9c-e4fc-4cf3-a8ec-8573e4907f7d" testName="Test5685" computerName="UA-LPT-OGA2" duration="00:00:01.0440000" startTime="2025-05-14T13:20:31.3146610Z" endTime="2025-05-14T13:25:31.3147553Z" testType="13cdc9d9-ddb5-4fa4-a97d-d965ccfc6d4b" outcome="Passed" testListId="4a672ab9-64ec-4ec4-beba-8e4e5244d772" />
    <UnitTestResult executionId="89498f81-6ac4-4168-9523-1efac748630d" testId="223667b0-6ff9-4007-b545-94f4bdb2b6c6" testName="Test5686" computerName="UA-LPT-OGA2" duration="00:00:00.5120000" startTime="2025-05-14T13:20:31.3146610Z" endTime="2025-05-14T13:25:31.3147553Z" testType="13cdc9d9-ddb5-4fa4-a97d-d965ccfc6d4b" outcome="Passed" testListId="4a672ab9-64ec-4ec4-beba-8e4e5244d772" />
    <UnitTestResult executionId="b950eeba-8881-4da9-87d0-fc88f0d64476" testId="223bfd79-3a27-4ab1-9822-c195ac7e1c9f" testName="Test5687" computerName="UA-LPT-OGA2" duration="00:00:01.8880000" startTime="2025-05-14T13:20:31.3146610Z" endTime="2025-05-14T13:25:31.3147553Z" testType="13cdc9d9-ddb5-4fa4-a97d-d965ccfc6d4b" outcome="Passed" testListId="4a672ab9-64ec-4ec4-beba-8e4e5244d772" />
    <UnitTestResult executionId="5617a1e9-dded-4e51-abe4-116b1a381897" testId="2f27b0ec-7a12-45c6-83b9-63fabd4fb096" testName="Test5688" computerName="UA-LPT-OGA2" duration="00:00:00.8690000" startTime="2025-05-14T13:20:31.3146610Z" endTime="2025-05-14T13:25:31.3147553Z" testType="13cdc9d9-ddb5-4fa4-a97d-d965ccfc6d4b" outcome="Passed" testListId="4a672ab9-64ec-4ec4-beba-8e4e5244d772" />
    <UnitTestResult executionId="584da98e-016d-4363-9cce-50d3de4c322b" testId="ec9c4210-13f0-4cb3-9054-878c5f080740" testName="Test5689" computerName="UA-LPT-OGA2" duration="00:00:01.2130000" startTime="2025-05-14T13:20:31.3146610Z" endTime="2025-05-14T13:25:31.3147553Z" testType="13cdc9d9-ddb5-4fa4-a97d-d965ccfc6d4b" outcome="Passed" testListId="4a672ab9-64ec-4ec4-beba-8e4e5244d772" />
    <UnitTestResult executionId="cc560758-f94f-4508-92e4-2eb5d1d7a201" testId="9002aeed-26f0-4ae2-8d97-736d36d4bebc" testName="Test5690" computerName="UA-LPT-OGA2" duration="00:00:01.0220000" startTime="2025-05-14T13:20:31.3146610Z" endTime="2025-05-14T13:25:31.3147553Z" testType="13cdc9d9-ddb5-4fa4-a97d-d965ccfc6d4b" outcome="Passed" testListId="4a672ab9-64ec-4ec4-beba-8e4e5244d772" />
    <UnitTestResult executionId="91cd0d74-856e-431f-8073-204aa836bbad" testId="2c23e16d-c974-48a1-8b56-8f43b469f40c" testName="Test5691" computerName="UA-LPT-OGA2" duration="00:00:00.1050000" startTime="2025-05-14T13:20:31.3146610Z" endTime="2025-05-14T13:25:31.3147553Z" testType="13cdc9d9-ddb5-4fa4-a97d-d965ccfc6d4b" outcome="Passed" testListId="4a672ab9-64ec-4ec4-beba-8e4e5244d772" />
    <UnitTestResult executionId="22e17a5a-72d3-4e4c-80e4-a1cb655cb2cb" testId="66123712-ac57-410a-8195-d4ca8b97bb69" testName="Test5692" computerName="UA-LPT-OGA2" duration="00:00:01.3880000" startTime="2025-05-14T13:20:31.3146610Z" endTime="2025-05-14T13:25:31.3147553Z" testType="13cdc9d9-ddb5-4fa4-a97d-d965ccfc6d4b" outcome="Passed" testListId="4a672ab9-64ec-4ec4-beba-8e4e5244d772" />
    <UnitTestResult executionId="87eca069-7abd-41c5-9050-835f3cf9b196" testId="b8fa9cec-d8dc-4eab-9c4e-e2ade755d12b" testName="Test5693" computerName="UA-LPT-OGA2" duration="00:00:01.7850000" startTime="2025-05-14T13:20:31.3146610Z" endTime="2025-05-14T13:25:31.3147553Z" testType="13cdc9d9-ddb5-4fa4-a97d-d965ccfc6d4b" outcome="Failed" testListId="4a672ab9-64ec-4ec4-beba-8e4e5244d772">
      <Output>
        <ErrorInfo>
          <Message>Assertion failed: Expected value did not match actual value.</Message>
          <StackTrace>   at TestNamespace.TestClass.Test() in TestClass.cs:line 13</StackTrace>
        </ErrorInfo>
      </Output>
    </UnitTestResult>
    <UnitTestResult executionId="ff16378b-b781-4815-800a-9ac8770a9ab6" testId="22923bdb-9ec6-4792-aa5f-bc7282f6fad9" testName="Test5694" computerName="UA-LPT-OGA2" duration="00:00:01.5370000" startTime="2025-05-14T13:20:31.3146610Z" endTime="2025-05-14T13:25:31.3147553Z" testType="13cdc9d9-ddb5-4fa4-a97d-d965ccfc6d4b" outcome="Passed" testListId="4a672ab9-64ec-4ec4-beba-8e4e5244d772" />
    <UnitTestResult executionId="27facc40-513c-411d-b519-417168d96ad5" testId="6edbc8b4-4425-452f-b097-896a14641fe3" testName="Test5695" computerName="UA-LPT-OGA2" duration="00:00:00.4860000" startTime="2025-05-14T13:20:31.3146610Z" endTime="2025-05-14T13:25:31.3147553Z" testType="13cdc9d9-ddb5-4fa4-a97d-d965ccfc6d4b" outcome="Failed" testListId="4a672ab9-64ec-4ec4-beba-8e4e5244d772">
      <Output>
        <ErrorInfo>
          <Message>Assertion failed: Expected value did not match actual value.</Message>
          <StackTrace>   at TestNamespace.TestClass.Test() in TestClass.cs:line 393</StackTrace>
        </ErrorInfo>
      </Output>
    </UnitTestResult>
    <UnitTestResult executionId="d131d574-3f3f-4f93-9308-30ace59514de" testId="ca641b76-af37-4a68-8bd5-3bc75f5aedb2" testName="Test5696" computerName="UA-LPT-OGA2" duration="00:00:00.8280000" startTime="2025-05-14T13:20:31.3146610Z" endTime="2025-05-14T13:25:31.3147553Z" testType="13cdc9d9-ddb5-4fa4-a97d-d965ccfc6d4b" outcome="Passed" testListId="4a672ab9-64ec-4ec4-beba-8e4e5244d772" />
    <UnitTestResult executionId="d47e45bf-ebd7-4355-8906-cf782300b39f" testId="844101d7-4fc2-4c49-b7b3-4172269970c8" testName="Test5697" computerName="UA-LPT-OGA2" duration="00:00:00.4450000" startTime="2025-05-14T13:20:31.3146610Z" endTime="2025-05-14T13:25:31.3147553Z" testType="13cdc9d9-ddb5-4fa4-a97d-d965ccfc6d4b" outcome="Failed" testListId="4a672ab9-64ec-4ec4-beba-8e4e5244d772">
      <Output>
        <ErrorInfo>
          <Message>Assertion failed: Expected value did not match actual value.</Message>
          <StackTrace>   at TestNamespace.TestClass.Test() in TestClass.cs:line 232</StackTrace>
        </ErrorInfo>
      </Output>
    </UnitTestResult>
    <UnitTestResult executionId="c5ed82b5-d90d-4bcd-aa39-b67a2c6f13fb" testId="3073f518-b4dd-4897-81e7-bfdbea0d1558" testName="Test5698" computerName="UA-LPT-OGA2" duration="00:00:01.2170000" startTime="2025-05-14T13:20:31.3146610Z" endTime="2025-05-14T13:25:31.3147553Z" testType="13cdc9d9-ddb5-4fa4-a97d-d965ccfc6d4b" outcome="Passed" testListId="4a672ab9-64ec-4ec4-beba-8e4e5244d772" />
    <UnitTestResult executionId="1ff7675f-d542-49aa-8dba-2890d5b546ed" testId="8a781157-236b-4937-8678-fa623638b8f9" testName="Test5699" computerName="UA-LPT-OGA2" duration="00:00:00.7380000" startTime="2025-05-14T13:20:31.3146610Z" endTime="2025-05-14T13:25:31.3147553Z" testType="13cdc9d9-ddb5-4fa4-a97d-d965ccfc6d4b" outcome="Passed" testListId="4a672ab9-64ec-4ec4-beba-8e4e5244d772" />
    <UnitTestResult executionId="3ee7635b-bd17-4589-aa90-a6e00336bbf0" testId="a1044d19-52a3-46e9-9561-8ce94fb26773" testName="Test5700" computerName="UA-LPT-OGA2" duration="00:00:00.8340000" startTime="2025-05-14T13:20:31.3146610Z" endTime="2025-05-14T13:25:31.3147553Z" testType="13cdc9d9-ddb5-4fa4-a97d-d965ccfc6d4b" outcome="Passed" testListId="4a672ab9-64ec-4ec4-beba-8e4e5244d772" />
  </Results>
  <TestDefinitions>
    <UnitTest name="Test5601" id="278a8f8e-5c50-41d4-8e38-c7e5d396702d" storage="TestAssembly.dll">
      <Execution id="fd5e4d23-e0ea-4c85-b92c-2a544d241921" />
      <TestMethod codeBase="TestAssembly.dll" className="TestNamespace.TestClass1" name="Test5601" />
    </UnitTest>
    <UnitTest name="Test5602" id="f6af4dfb-0aa9-4d30-9204-203786ccdb79" storage="TestAssembly.dll">
      <Execution id="f2588c2c-ee8a-4e10-b49f-b7326ff7ac18" />
      <TestMethod codeBase="TestAssembly.dll" className="TestNamespace.TestClass1" name="Test5602" />
    </UnitTest>
    <UnitTest name="Test5603" id="d6734f4a-92b1-400f-852d-41c05c62d418" storage="TestAssembly.dll">
      <Execution id="55b9bb01-54fe-43c6-8da7-e1745f8583bd" />
      <TestMethod codeBase="TestAssembly.dll" className="TestNamespace.TestClass1" name="Test5603" />
    </UnitTest>
    <UnitTest name="Test5604" id="2cc75ae8-1f15-4aa9-801e-cd0ad5763c2e" storage="TestAssembly.dll">
      <Execution id="d5e444f9-6049-42c6-a322-7fa38db094fd" />
      <TestMethod codeBase="TestAssembly.dll" className="TestNamespace.TestClass1" name="Test5604" />
    </UnitTest>
    <UnitTest name="Test5605" id="ba2ac8db-b47c-4330-9911-aa6272206263" storage="TestAssembly.dll">
      <Execution id="ee538777-e8e3-4c59-b3de-f60d69a34f8a" />
      <TestMethod codeBase="TestAssembly.dll" className="TestNamespace.TestClass1" name="Test5605" />
    </UnitTest>
    <UnitTest name="Test5606" id="3d8d0eb1-25a8-4083-8d82-12a95812fa1c" storage="TestAssembly.dll">
      <Execution id="f1907185-9b6b-45e7-90fe-14ddcbd5562a" />
      <TestMethod codeBase="TestAssembly.dll" className="TestNamespace.TestClass1" name="Test5606" />
    </UnitTest>
    <UnitTest name="Test5607" id="db89b482-b15a-43f1-ad01-b3c04bf4e67f" storage="TestAssembly.dll">
      <Execution id="0ee2752e-4fd7-4f42-836f-eec4d030f134" />
      <TestMethod codeBase="TestAssembly.dll" className="TestNamespace.TestClass1" name="Test5607" />
    </UnitTest>
    <UnitTest name="Test5608" id="c9266f3e-e1b3-4479-8b3a-add3ca446ff1" storage="TestAssembly.dll">
      <Execution id="3ada4cee-70d7-4fbd-b4fa-186b98d759b7" />
      <TestMethod codeBase="TestAssembly.dll" className="TestNamespace.TestClass1" name="Test5608" />
    </UnitTest>
    <UnitTest name="Test5609" id="ba524877-6550-4d3f-a128-60982828d3d6" storage="TestAssembly.dll">
      <Execution id="807c9a2e-2658-4cfe-8837-8573abdc59ec" />
      <TestMethod codeBase="TestAssembly.dll" className="TestNamespace.TestClass1" name="Test5609" />
    </UnitTest>
    <UnitTest name="Test5610" id="ba410278-7d1c-4659-9bc8-d6574bcae721" storage="TestAssembly.dll">
      <Execution id="c98f746f-cffb-473e-82c8-6dcc05417f7a" />
      <TestMethod codeBase="TestAssembly.dll" className="TestNamespace.TestClass1" name="Test5610" />
    </UnitTest>
    <UnitTest name="Test5611" id="20eab4a9-c8ae-44fd-a792-28f7714fb026" storage="TestAssembly.dll">
      <Execution id="e5c40673-e0a4-4d11-99b7-a8e99cde1528" />
      <TestMethod codeBase="TestAssembly.dll" className="TestNamespace.TestClass2" name="Test5611" />
    </UnitTest>
    <UnitTest name="Test5612" id="9665551e-7de1-42fe-8bb8-9448ebffeeff" storage="TestAssembly.dll">
      <Execution id="5afe4e71-caf6-4271-8cf3-6371384c7d92" />
      <TestMethod codeBase="TestAssembly.dll" className="TestNamespace.TestClass2" name="Test5612" />
    </UnitTest>
    <UnitTest name="Test5613" id="5bc6f486-9612-4bc0-9596-784649097e62" storage="TestAssembly.dll">
      <Execution id="a60468a9-7f03-4f09-9dab-c67253b78d86" />
      <TestMethod codeBase="TestAssembly.dll" className="TestNamespace.TestClass2" name="Test5613" />
    </UnitTest>
    <UnitTest name="Test5614" id="837a362c-d4c6-418c-94c8-6cef65fa3589" storage="TestAssembly.dll">
      <Execution id="5e1fdb1d-d1b7-4f79-a88c-a870e7dc5c5d" />
      <TestMethod codeBase="TestAssembly.dll" className="TestNamespace.TestClass2" name="Test5614" />
    </UnitTest>
    <UnitTest name="Test5615" id="beb7feb7-ac8a-450b-9f79-4dc6ad05c4f7" storage="TestAssembly.dll">
      <Execution id="a4a86b5c-caaf-4184-a770-79cf39996554" />
      <TestMethod codeBase="TestAssembly.dll" className="TestNamespace.TestClass2" name="Test5615" />
    </UnitTest>
    <UnitTest name="Test5616" id="3d8dd2c9-b5ab-4f75-ac49-245da01d5625" storage="TestAssembly.dll">
      <Execution id="d25738d5-c219-41ff-bf41-ee8f5400aca4" />
      <TestMethod codeBase="TestAssembly.dll" className="TestNamespace.TestClass2" name="Test5616" />
    </UnitTest>
    <UnitTest name="Test5617" id="8758756e-2227-4469-9c3c-2e67d5f4ecfb" storage="TestAssembly.dll">
      <Execution id="403987ce-404e-43c2-a261-62bc164a4e83" />
      <TestMethod codeBase="TestAssembly.dll" className="TestNamespace.TestClass2" name="Test5617" />
    </UnitTest>
    <UnitTest name="Test5618" id="37088a63-4c4e-40fd-b35f-7a610f680354" storage="TestAssembly.dll">
      <Execution id="e14cd341-1810-401d-b57f-f93d51384ac8" />
      <TestMethod codeBase="TestAssembly.dll" className="TestNamespace.TestClass2" name="Test5618" />
    </UnitTest>
    <UnitTest name="Test5619" id="290902d5-7651-4e9a-8818-1f53d9023dac" storage="TestAssembly.dll">
      <Execution id="0eb11169-f967-4e08-8969-7b923c897d4d" />
      <TestMethod codeBase="TestAssembly.dll" className="TestNamespace.TestClass2" name="Test5619" />
    </UnitTest>
    <UnitTest name="Test5620" id="66879450-5d78-4785-8616-d2ab0d879c76" storage="TestAssembly.dll">
      <Execution id="3c2ae7fc-98ab-494b-916f-a2980cc4f9c1" />
      <TestMethod codeBase="TestAssembly.dll" className="TestNamespace.TestClass2" name="Test5620" />
    </UnitTest>
    <UnitTest name="Test5621" id="7fea4f81-63d8-42de-8cec-be10cfaf4245" storage="TestAssembly.dll">
      <Execution id="13f87129-27f5-4b3e-b96f-f5d51b08065f" />
      <TestMethod codeBase="TestAssembly.dll" className="TestNamespace.TestClass3" name="Test5621" />
    </UnitTest>
    <UnitTest name="Test5622" id="953ce716-a4b0-47ce-8168-2d743c37f955" storage="TestAssembly.dll">
      <Execution id="67fda1b6-6795-440d-afb2-a33ebe1df9cb" />
      <TestMethod codeBase="TestAssembly.dll" className="TestNamespace.TestClass3" name="Test5622" />
    </UnitTest>
    <UnitTest name="Test5623" id="6651afcb-928e-4d58-895a-11d50a5db1b9" storage="TestAssembly.dll">
      <Execution id="e8728474-5c84-460a-b5f9-902af0535fad" />
      <TestMethod codeBase="TestAssembly.dll" className="TestNamespace.TestClass3" name="Test5623" />
    </UnitTest>
    <UnitTest name="Test5624" id="55fda88c-0711-4e30-b571-c7fb983b5559" storage="TestAssembly.dll">
      <Execution id="dafe9697-a5fb-4fa1-9a50-1099a35432bc" />
      <TestMethod codeBase="TestAssembly.dll" className="TestNamespace.TestClass3" name="Test5624" />
    </UnitTest>
    <UnitTest name="Test5625" id="28a61eff-d20a-4c9f-9a86-eb6d2b77c2b0" storage="TestAssembly.dll">
      <Execution id="0e298417-5d89-47c7-922a-92bc2d0f311b" />
      <TestMethod codeBase="TestAssembly.dll" className="TestNamespace.TestClass3" name="Test5625" />
    </UnitTest>
    <UnitTest name="Test5626" id="82eff7f3-04e0-498d-b02e-f89b306b5f2b" storage="TestAssembly.dll">
      <Execution id="8f95c9c2-2bc1-471e-bb3c-4c0fb28bd31b" />
      <TestMethod codeBase="TestAssembly.dll" className="TestNamespace.TestClass3" name="Test5626" />
    </UnitTest>
    <UnitTest name="Test5627" id="a58deff5-3193-4c10-bbef-a5629cb4a4e6" storage="TestAssembly.dll">
      <Execution id="ba74332d-62bc-4f56-86c3-4cdf869b88e5" />
      <TestMethod codeBase="TestAssembly.dll" className="TestNamespace.TestClass3" name="Test5627" />
    </UnitTest>
    <UnitTest name="Test5628" id="74e18063-6b30-489c-b0b1-66c7ae094875" storage="TestAssembly.dll">
      <Execution id="6ed957a1-74f7-44b5-b8d1-ee5b0c040b67" />
      <TestMethod codeBase="TestAssembly.dll" className="TestNamespace.TestClass3" name="Test5628" />
    </UnitTest>
    <UnitTest name="Test5629" id="62753d6d-149e-4ef0-ab4a-a7133ddbc58d" storage="TestAssembly.dll">
      <Execution id="e89584d4-e01d-43b9-bee1-74731c8e3a02" />
      <TestMethod codeBase="TestAssembly.dll" className="TestNamespace.TestClass3" name="Test5629" />
    </UnitTest>
    <UnitTest name="Test5630" id="2df41d10-388d-4f0c-a3f3-7c77951e2f81" storage="TestAssembly.dll">
      <Execution id="3c9b83a8-0354-4b80-9aa7-9cd518958d3e" />
      <TestMethod codeBase="TestAssembly.dll" className="TestNamespace.TestClass3" name="Test5630" />
    </UnitTest>
    <UnitTest name="Test5631" id="8e42a574-2e7a-4346-90cb-c1e29a31472d" storage="TestAssembly.dll">
      <Execution id="5ead2200-e59d-4939-b175-613988b41a5c" />
      <TestMethod codeBase="TestAssembly.dll" className="TestNamespace.TestClass4" name="Test5631" />
    </UnitTest>
    <UnitTest name="Test5632" id="7311b72b-885b-475a-9da4-3649d8f237a2" storage="TestAssembly.dll">
      <Execution id="d3d108da-a157-49ac-97a4-4f540138ee5b" />
      <TestMethod codeBase="TestAssembly.dll" className="TestNamespace.TestClass4" name="Test5632" />
    </UnitTest>
    <UnitTest name="Test5633" id="43debcbd-5f93-4364-a315-3defd887b87d" storage="TestAssembly.dll">
      <Execution id="b89b59d3-bdba-4641-bd8c-3da254ad9c47" />
      <TestMethod codeBase="TestAssembly.dll" className="TestNamespace.TestClass4" name="Test5633" />
    </UnitTest>
    <UnitTest name="Test5634" id="3718e1dd-5d2d-43c7-bd2f-814c3ebc9d12" storage="TestAssembly.dll">
      <Execution id="047c2625-b2b6-47da-8f35-0def1bdb3453" />
      <TestMethod codeBase="TestAssembly.dll" className="TestNamespace.TestClass4" name="Test5634" />
    </UnitTest>
    <UnitTest name="Test5635" id="9200c3af-dd90-47a5-8219-1dc209293af4" storage="TestAssembly.dll">
      <Execution id="639daa10-172f-4132-a69c-bf9432a8b126" />
      <TestMethod codeBase="TestAssembly.dll" className="TestNamespace.TestClass4" name="Test5635" />
    </UnitTest>
    <UnitTest name="Test5636" id="7a20ba87-1dcd-4414-9e68-fe56dedad04d" storage="TestAssembly.dll">
      <Execution id="bd690f60-6bb1-421b-a864-d5b770e2a26d" />
      <TestMethod codeBase="TestAssembly.dll" className="TestNamespace.TestClass4" name="Test5636" />
    </UnitTest>
    <UnitTest name="Test5637" id="a57176a7-2ad7-45df-9cac-c6ce9a0adf71" storage="TestAssembly.dll">
      <Execution id="a68a23ad-0b51-4790-9149-dda015fc9cdf" />
      <TestMethod codeBase="TestAssembly.dll" className="TestNamespace.TestClass4" name="Test5637" />
    </UnitTest>
    <UnitTest name="Test5638" id="5d7820cd-87bb-4634-bfe6-f2e719499459" storage="TestAssembly.dll">
      <Execution id="24a6efc3-ed70-44ea-8f8f-a2822bed5048" />
      <TestMethod codeBase="TestAssembly.dll" className="TestNamespace.TestClass4" name="Test5638" />
    </UnitTest>
    <UnitTest name="Test5639" id="0715df3c-9d83-4b88-84f0-f2005b097664" storage="TestAssembly.dll">
      <Execution id="82b6c39b-3b57-4623-9a87-d6abbd178c1d" />
      <TestMethod codeBase="TestAssembly.dll" className="TestNamespace.TestClass4" name="Test5639" />
    </UnitTest>
    <UnitTest name="Test5640" id="dc468ab0-a172-44e0-90ea-323cb43c672a" storage="TestAssembly.dll">
      <Execution id="893fb994-39ec-4134-915a-192d7d7d241e" />
      <TestMethod codeBase="TestAssembly.dll" className="TestNamespace.TestClass4" name="Test5640" />
    </UnitTest>
    <UnitTest name="Test5641" id="9ed6ae32-6fb8-4677-b678-015664a2b8bc" storage="TestAssembly.dll">
      <Execution id="b3c30f70-5587-4904-a7c4-19b8a8b684d4" />
      <TestMethod codeBase="TestAssembly.dll" className="TestNamespace.TestClass5" name="Test5641" />
    </UnitTest>
    <UnitTest name="Test5642" id="f2a8df80-8a50-4638-af62-dc766f01d624" storage="TestAssembly.dll">
      <Execution id="3102484b-3df5-4218-a6ad-f275e6bd1cd6" />
      <TestMethod codeBase="TestAssembly.dll" className="TestNamespace.TestClass5" name="Test5642" />
    </UnitTest>
    <UnitTest name="Test5643" id="8b7ab8fa-f508-40cb-92e9-a0a2ab84bed2" storage="TestAssembly.dll">
      <Execution id="9593bdb8-9fa0-48cf-949c-c638359a4f5c" />
      <TestMethod codeBase="TestAssembly.dll" className="TestNamespace.TestClass5" name="Test5643" />
    </UnitTest>
    <UnitTest name="Test5644" id="27cbcf49-cd74-427b-8369-fac778d9e628" storage="TestAssembly.dll">
      <Execution id="0bc90f7b-8718-4514-95ae-2f726b9d93eb" />
      <TestMethod codeBase="TestAssembly.dll" className="TestNamespace.TestClass5" name="Test5644" />
    </UnitTest>
    <UnitTest name="Test5645" id="5c782d36-d79a-407a-8384-50323441bd1a" storage="TestAssembly.dll">
      <Execution id="8973e08e-0702-4a24-adc8-5e4da4ba7da0" />
      <TestMethod codeBase="TestAssembly.dll" className="TestNamespace.TestClass5" name="Test5645" />
    </UnitTest>
    <UnitTest name="Test5646" id="ad4235a4-556c-415e-8e6d-782e6d9d8044" storage="TestAssembly.dll">
      <Execution id="d87a7944-6d27-4864-8063-d8546c8d3858" />
      <TestMethod codeBase="TestAssembly.dll" className="TestNamespace.TestClass5" name="Test5646" />
    </UnitTest>
    <UnitTest name="Test5647" id="630a708b-52c8-47a3-b36c-b7ee3ac5469d" storage="TestAssembly.dll">
      <Execution id="b266d6bf-d2cd-4248-9035-d5d0b234642e" />
      <TestMethod codeBase="TestAssembly.dll" className="TestNamespace.TestClass5" name="Test5647" />
    </UnitTest>
    <UnitTest name="Test5648" id="67b4c56f-e403-442f-b8cf-3eaa7d51b914" storage="TestAssembly.dll">
      <Execution id="d4ab5c36-a748-4769-81f2-f673d32df79d" />
      <TestMethod codeBase="TestAssembly.dll" className="TestNamespace.TestClass5" name="Test5648" />
    </UnitTest>
    <UnitTest name="Test5649" id="3fdd4df4-a3b7-4534-967d-9853f5cb01ab" storage="TestAssembly.dll">
      <Execution id="53042d27-4aa1-4600-b4d0-f105f83775b6" />
      <TestMethod codeBase="TestAssembly.dll" className="TestNamespace.TestClass5" name="Test5649" />
    </UnitTest>
    <UnitTest name="Test5650" id="963177d0-97bc-48e9-808e-b22c69283380" storage="TestAssembly.dll">
      <Execution id="a20baff3-b72c-40d6-8517-02400410f801" />
      <TestMethod codeBase="TestAssembly.dll" className="TestNamespace.TestClass5" name="Test5650" />
    </UnitTest>
    <UnitTest name="Test5651" id="cb39138f-68b1-4d37-b18e-33b8ae21e8ab" storage="TestAssembly.dll">
      <Execution id="9011e0c9-bb1c-4dcb-9da1-d078618b68f2" />
      <TestMethod codeBase="TestAssembly.dll" className="TestNamespace.TestClass6" name="Test5651" />
    </UnitTest>
    <UnitTest name="Test5652" id="10c4c000-555c-4c79-bd52-1f986c82b5ca" storage="TestAssembly.dll">
      <Execution id="09eda9e6-db53-43a4-b7af-a27c4b790822" />
      <TestMethod codeBase="TestAssembly.dll" className="TestNamespace.TestClass6" name="Test5652" />
    </UnitTest>
    <UnitTest name="Test5653" id="2188da99-4424-473a-baa3-a8c5f601c590" storage="TestAssembly.dll">
      <Execution id="d1fa6e45-c812-4087-adcd-cfdcfa9437d1" />
      <TestMethod codeBase="TestAssembly.dll" className="TestNamespace.TestClass6" name="Test5653" />
    </UnitTest>
    <UnitTest name="Test5654" id="6e7104ce-8746-489b-adb1-292284b8c7a7" storage="TestAssembly.dll">
      <Execution id="b0e72650-f132-45fa-816a-344dfa30a251" />
      <TestMethod codeBase="TestAssembly.dll" className="TestNamespace.TestClass6" name="Test5654" />
    </UnitTest>
    <UnitTest name="Test5655" id="722e88ca-bc7f-48ba-bb2e-3769ca50ed0a" storage="TestAssembly.dll">
      <Execution id="d3fb923a-29f9-4c6c-bdad-d648f9b20904" />
      <TestMethod codeBase="TestAssembly.dll" className="TestNamespace.TestClass6" name="Test5655" />
    </UnitTest>
    <UnitTest name="Test5656" id="16f54153-1ec3-4fda-8401-fb1fc8e615ff" storage="TestAssembly.dll">
      <Execution id="b94d4aab-5764-46d9-ad6a-22a01d0d6e3e" />
      <TestMethod codeBase="TestAssembly.dll" className="TestNamespace.TestClass6" name="Test5656" />
    </UnitTest>
    <UnitTest name="Test5657" id="51c468bd-0c1b-4e7d-b3e2-7bd932f9a069" storage="TestAssembly.dll">
      <Execution id="91c7fb2a-940d-4882-bbaf-69a56e23927a" />
      <TestMethod codeBase="TestAssembly.dll" className="TestNamespace.TestClass6" name="Test5657" />
    </UnitTest>
    <UnitTest name="Test5658" id="52fb5c91-2494-446a-b504-8aabf88afdb6" storage="TestAssembly.dll">
      <Execution id="65f8c01c-1658-46e0-9f12-d77b3a411b00" />
      <TestMethod codeBase="TestAssembly.dll" className="TestNamespace.TestClass6" name="Test5658" />
    </UnitTest>
    <UnitTest name="Test5659" id="490003ef-2062-4ced-8bd1-245b77f09d6c" storage="TestAssembly.dll">
      <Execution id="7610fa5c-4d3e-49d9-ba85-3e3c98751e1e" />
      <TestMethod codeBase="TestAssembly.dll" className="TestNamespace.TestClass6" name="Test5659" />
    </UnitTest>
    <UnitTest name="Test5660" id="c610dda1-50f4-488d-9f34-76ca4f6d047f" storage="TestAssembly.dll">
      <Execution id="a0a85ee5-5741-496f-a350-8f24b4fd6d47" />
      <TestMethod codeBase="TestAssembly.dll" className="TestNamespace.TestClass6" name="Test5660" />
    </UnitTest>
    <UnitTest name="Test5661" id="3c944682-473b-4ad2-81eb-320ed576b9c7" storage="TestAssembly.dll">
      <Execution id="d51103bc-d0f9-4532-b551-c77a68b886ad" />
      <TestMethod codeBase="TestAssembly.dll" className="TestNamespace.TestClass7" name="Test5661" />
    </UnitTest>
    <UnitTest name="Test5662" id="01abfe09-4d1e-4529-9a06-5be917a7af7a" storage="TestAssembly.dll">
      <Execution id="3e16d7de-a45a-45e2-a27e-a3b153bf0b65" />
      <TestMethod codeBase="TestAssembly.dll" className="TestNamespace.TestClass7" name="Test5662" />
    </UnitTest>
    <UnitTest name="Test5663" id="f0285376-4788-47bb-b25e-ea55cf78deef" storage="TestAssembly.dll">
      <Execution id="ad7194db-22d1-47cb-b199-bf32ab76e340" />
      <TestMethod codeBase="TestAssembly.dll" className="TestNamespace.TestClass7" name="Test5663" />
    </UnitTest>
    <UnitTest name="Test5664" id="69d82209-3e2b-4b9f-bb36-1e88d0d3734e" storage="TestAssembly.dll">
      <Execution id="71066437-fc67-4e09-ba15-8a2f14749ff6" />
      <TestMethod codeBase="TestAssembly.dll" className="TestNamespace.TestClass7" name="Test5664" />
    </UnitTest>
    <UnitTest name="Test5665" id="4e345727-0ee2-4def-aa98-03e952a73c4a" storage="TestAssembly.dll">
      <Execution id="409a78cb-52a1-4159-896d-43eebd1d2e39" />
      <TestMethod codeBase="TestAssembly.dll" className="TestNamespace.TestClass7" name="Test5665" />
    </UnitTest>
    <UnitTest name="Test5666" id="130179f6-3ba7-40d1-9617-0cbed3ee31ee" storage="TestAssembly.dll">
      <Execution id="2f7df545-4a39-47ae-b65c-7d692b3df71b" />
      <TestMethod codeBase="TestAssembly.dll" className="TestNamespace.TestClass7" name="Test5666" />
    </UnitTest>
    <UnitTest name="Test5667" id="71f4c65c-2fd4-4fe9-b367-89f39f0f5210" storage="TestAssembly.dll">
      <Execution id="9df2252f-4c90-49e8-8d40-367a5dc96a24" />
      <TestMethod codeBase="TestAssembly.dll" className="TestNamespace.TestClass7" name="Test5667" />
    </UnitTest>
    <UnitTest name="Test5668" id="148b2b5b-d449-414b-882d-2f1bfa87b764" storage="TestAssembly.dll">
      <Execution id="0e76224b-d3b5-4d37-9f34-2b32a7961d96" />
      <TestMethod codeBase="TestAssembly.dll" className="TestNamespace.TestClass7" name="Test5668" />
    </UnitTest>
    <UnitTest name="Test5669" id="b6cfebd0-742d-4794-9551-316b17f808eb" storage="TestAssembly.dll">
      <Execution id="053a075c-9228-4309-badf-d19355560060" />
      <TestMethod codeBase="TestAssembly.dll" className="TestNamespace.TestClass7" name="Test5669" />
    </UnitTest>
    <UnitTest name="Test5670" id="60351809-86fb-4407-9778-5667c477893c" storage="TestAssembly.dll">
      <Execution id="786fff06-64ad-4737-8c66-05e638f65d4e" />
      <TestMethod codeBase="TestAssembly.dll" className="TestNamespace.TestClass7" name="Test5670" />
    </UnitTest>
    <UnitTest name="Test5671" id="d4aebe1d-19cf-4bfa-a86c-c7298aee14ff" storage="TestAssembly.dll">
      <Execution id="c9bd72c8-106b-4c5a-9df5-0e5dda63a29a" />
      <TestMethod codeBase="TestAssembly.dll" className="TestNamespace.TestClass8" name="Test5671" />
    </UnitTest>
    <UnitTest name="Test5672" id="faebddf2-6a2f-49c8-b07c-1cd17c3b5fc6" storage="TestAssembly.dll">
      <Execution id="ca09210d-0d8a-4e80-8910-8fb38aa8bd5f" />
      <TestMethod codeBase="TestAssembly.dll" className="TestNamespace.TestClass8" name="Test5672" />
    </UnitTest>
    <UnitTest name="Test5673" id="5be7a98b-5b8e-4578-82fa-7b0197a0d30e" storage="TestAssembly.dll">
      <Execution id="e8564440-8224-4ee5-b6d1-cdbc2f37444a" />
      <TestMethod codeBase="TestAssembly.dll" className="TestNamespace.TestClass8" name="Test5673" />
    </UnitTest>
    <UnitTest name="Test5674" id="b710d5a6-e980-4aef-a56a-4aa7881cf412" storage="TestAssembly.dll">
      <Execution id="5cbe3bee-dadf-4bad-bc08-491a3b6eff07" />
      <TestMethod codeBase="TestAssembly.dll" className="TestNamespace.TestClass8" name="Test5674" />
    </UnitTest>
    <UnitTest name="Test5675" id="958fa4e5-14fb-493e-912c-60924993dfad" storage="TestAssembly.dll">
      <Execution id="749eb157-5324-402b-86f1-09c3886a5d6a" />
      <TestMethod codeBase="TestAssembly.dll" className="TestNamespace.TestClass8" name="Test5675" />
    </UnitTest>
    <UnitTest name="Test5676" id="ae546fc0-85b1-4837-a337-685bcf43566e" storage="TestAssembly.dll">
      <Execution id="065f4527-8a92-4c46-b9b3-b80e361e5c71" />
      <TestMethod codeBase="TestAssembly.dll" className="TestNamespace.TestClass8" name="Test5676" />
    </UnitTest>
    <UnitTest name="Test5677" id="0c357ec3-1aab-4d15-a4c2-24fd9a67abbb" storage="TestAssembly.dll">
      <Execution id="c41d1eae-c2a4-4d7e-ba33-d1bc0e54e3cf" />
      <TestMethod codeBase="TestAssembly.dll" className="TestNamespace.TestClass8" name="Test5677" />
    </UnitTest>
    <UnitTest name="Test5678" id="d660a93e-42e6-457a-a8c0-bda94fff76f0" storage="TestAssembly.dll">
      <Execution id="3c760942-1690-4068-bf3b-64b151815528" />
      <TestMethod codeBase="TestAssembly.dll" className="TestNamespace.TestClass8" name="Test5678" />
    </UnitTest>
    <UnitTest name="Test5679" id="ebb3e5c7-1feb-44a0-b57e-1dac7368cae9" storage="TestAssembly.dll">
      <Execution id="7ac0fe8b-51b6-4e96-bb85-812c2af663cd" />
      <TestMethod codeBase="TestAssembly.dll" className="TestNamespace.TestClass8" name="Test5679" />
    </UnitTest>
    <UnitTest name="Test5680" id="65e8cc83-5028-4fe7-a015-080868997883" storage="TestAssembly.dll">
      <Execution id="f0ca119a-4077-497a-9476-2a01abe2c9a1" />
      <TestMethod codeBase="TestAssembly.dll" className="TestNamespace.TestClass8" name="Test5680" />
    </UnitTest>
    <UnitTest name="Test5681" id="7aa814cb-bb69-4264-9a0a-fe91954eef41" storage="TestAssembly.dll">
      <Execution id="1b44c1f9-b211-4dbf-8ba9-47c39eed06a7" />
      <TestMethod codeBase="TestAssembly.dll" className="TestNamespace.TestClass9" name="Test5681" />
    </UnitTest>
    <UnitTest name="Test5682" id="24c93072-52e5-4a8c-adcd-d325e79c0852" storage="TestAssembly.dll">
      <Execution id="fa92a6bf-01a5-4f8e-9cdd-84e22ee57b71" />
      <TestMethod codeBase="TestAssembly.dll" className="TestNamespace.TestClass9" name="Test5682" />
    </UnitTest>
    <UnitTest name="Test5683" id="8b13fcf6-3eee-4ee3-969a-6d60a31b9881" storage="TestAssembly.dll">
      <Execution id="1359dc75-7072-41b7-ab4a-f1a38badf928" />
      <TestMethod codeBase="TestAssembly.dll" className="TestNamespace.TestClass9" name="Test5683" />
    </UnitTest>
    <UnitTest name="Test5684" id="8e6e57de-7928-4997-a04b-4846d8351a2b" storage="TestAssembly.dll">
      <Execution id="fcfac1e2-a267-442b-b3c4-f0665b678ba1" />
      <TestMethod codeBase="TestAssembly.dll" className="TestNamespace.TestClass9" name="Test5684" />
    </UnitTest>
    <UnitTest name="Test5685" id="662bcb9c-e4fc-4cf3-a8ec-8573e4907f7d" storage="TestAssembly.dll">
      <Execution id="e627fdc7-9505-492a-92e3-c8d34ee8f370" />
      <TestMethod codeBase="TestAssembly.dll" className="TestNamespace.TestClass9" name="Test5685" />
    </UnitTest>
    <UnitTest name="Test5686" id="223667b0-6ff9-4007-b545-94f4bdb2b6c6" storage="TestAssembly.dll">
      <Execution id="89498f81-6ac4-4168-9523-1efac748630d" />
      <TestMethod codeBase="TestAssembly.dll" className="TestNamespace.TestClass9" name="Test5686" />
    </UnitTest>
    <UnitTest name="Test5687" id="223bfd79-3a27-4ab1-9822-c195ac7e1c9f" storage="TestAssembly.dll">
      <Execution id="b950eeba-8881-4da9-87d0-fc88f0d64476" />
      <TestMethod codeBase="TestAssembly.dll" className="TestNamespace.TestClass9" name="Test5687" />
    </UnitTest>
    <UnitTest name="Test5688" id="2f27b0ec-7a12-45c6-83b9-63fabd4fb096" storage="TestAssembly.dll">
      <Execution id="5617a1e9-dded-4e51-abe4-116b1a381897" />
      <TestMethod codeBase="TestAssembly.dll" className="TestNamespace.TestClass9" name="Test5688" />
    </UnitTest>
    <UnitTest name="Test5689" id="ec9c4210-13f0-4cb3-9054-878c5f080740" storage="TestAssembly.dll">
      <Execution id="584da98e-016d-4363-9cce-50d3de4c322b" />
      <TestMethod codeBase="TestAssembly.dll" className="TestNamespace.TestClass9" name="Test5689" />
    </UnitTest>
    <UnitTest name="Test5690" id="9002aeed-26f0-4ae2-8d97-736d36d4bebc" storage="TestAssembly.dll">
      <Execution id="cc560758-f94f-4508-92e4-2eb5d1d7a201" />
      <TestMethod codeBase="TestAssembly.dll" className="TestNamespace.TestClass9" name="Test5690" />
    </UnitTest>
    <UnitTest name="Test5691" id="2c23e16d-c974-48a1-8b56-8f43b469f40c" storage="TestAssembly.dll">
      <Execution id="91cd0d74-856e-431f-8073-204aa836bbad" />
      <TestMethod codeBase="TestAssembly.dll" className="TestNamespace.TestClass10" name="Test5691" />
    </UnitTest>
    <UnitTest name="Test5692" id="66123712-ac57-410a-8195-d4ca8b97bb69" storage="TestAssembly.dll">
      <Execution id="22e17a5a-72d3-4e4c-80e4-a1cb655cb2cb" />
      <TestMethod codeBase="TestAssembly.dll" className="TestNamespace.TestClass10" name="Test5692" />
    </UnitTest>
    <UnitTest name="Test5693" id="b8fa9cec-d8dc-4eab-9c4e-e2ade755d12b" storage="TestAssembly.dll">
      <Execution id="87eca069-7abd-41c5-9050-835f3cf9b196" />
      <TestMethod codeBase="TestAssembly.dll" className="TestNamespace.TestClass10" name="Test5693" />
    </UnitTest>
    <UnitTest name="Test5694" id="22923bdb-9ec6-4792-aa5f-bc7282f6fad9" storage="TestAssembly.dll">
      <Execution id="ff16378b-b781-4815-800a-9ac8770a9ab6" />
      <TestMethod codeBase="TestAssembly.dll" className="TestNamespace.TestClass10" name="Test5694" />
    </UnitTest>
    <UnitTest name="Test5695" id="6edbc8b4-4425-452f-b097-896a14641fe3" storage="TestAssembly.dll">
      <Execution id="27facc40-513c-411d-b519-417168d96ad5" />
      <TestMethod codeBase="TestAssembly.dll" className="TestNamespace.TestClass10" name="Test5695" />
    </UnitTest>
    <UnitTest name="Test5696" id="ca641b76-af37-4a68-8bd5-3bc75f5aedb2" storage="TestAssembly.dll">
      <Execution id="d131d574-3f3f-4f93-9308-30ace59514de" />
      <TestMethod codeBase="TestAssembly.dll" className="TestNamespace.TestClass10" name="Test5696" />
    </UnitTest>
    <UnitTest name="Test5697" id="844101d7-4fc2-4c49-b7b3-4172269970c8" storage="TestAssembly.dll">
      <Execution id="d47e45bf-ebd7-4355-8906-cf782300b39f" />
      <TestMethod codeBase="TestAssembly.dll" className="TestNamespace.TestClass10" name="Test5697" />
    </UnitTest>
    <UnitTest name="Test5698" id="3073f518-b4dd-4897-81e7-bfdbea0d1558" storage="TestAssembly.dll">
      <Execution id="c5ed82b5-d90d-4bcd-aa39-b67a2c6f13fb" />
      <TestMethod codeBase="TestAssembly.dll" className="TestNamespace.TestClass10" name="Test5698" />
    </UnitTest>
    <UnitTest name="Test5699" id="8a781157-236b-4937-8678-fa623638b8f9" storage="TestAssembly.dll">
      <Execution id="1ff7675f-d542-49aa-8dba-2890d5b546ed" />
      <TestMethod codeBase="TestAssembly.dll" className="TestNamespace.TestClass10" name="Test5699" />
    </UnitTest>
    <UnitTest name="Test5700" id="a1044d19-52a3-46e9-9561-8ce94fb26773" storage="TestAssembly.dll">
      <Execution id="3ee7635b-bd17-4589-aa90-a6e00336bbf0" />
      <TestMethod codeBase="TestAssembly.dll" className="TestNamespace.TestClass10" name="Test5700" />
    </UnitTest>
  </TestDefinitions>
  <TestEntries>
    <TestEntry testId="278a8f8e-5c50-41d4-8e38-c7e5d396702d" executionId="fd5e4d23-e0ea-4c85-b92c-2a544d241921" testListId="4a672ab9-64ec-4ec4-beba-8e4e5244d772" />
    <TestEntry testId="f6af4dfb-0aa9-4d30-9204-203786ccdb79" executionId="f2588c2c-ee8a-4e10-b49f-b7326ff7ac18" testListId="4a672ab9-64ec-4ec4-beba-8e4e5244d772" />
    <TestEntry testId="d6734f4a-92b1-400f-852d-41c05c62d418" executionId="55b9bb01-54fe-43c6-8da7-e1745f8583bd" testListId="4a672ab9-64ec-4ec4-beba-8e4e5244d772" />
    <TestEntry testId="2cc75ae8-1f15-4aa9-801e-cd0ad5763c2e" executionId="d5e444f9-6049-42c6-a322-7fa38db094fd" testListId="4a672ab9-64ec-4ec4-beba-8e4e5244d772" />
    <TestEntry testId="ba2ac8db-b47c-4330-9911-aa6272206263" executionId="ee538777-e8e3-4c59-b3de-f60d69a34f8a" testListId="4a672ab9-64ec-4ec4-beba-8e4e5244d772" />
    <TestEntry testId="3d8d0eb1-25a8-4083-8d82-12a95812fa1c" executionId="f1907185-9b6b-45e7-90fe-14ddcbd5562a" testListId="4a672ab9-64ec-4ec4-beba-8e4e5244d772" />
    <TestEntry testId="db89b482-b15a-43f1-ad01-b3c04bf4e67f" executionId="0ee2752e-4fd7-4f42-836f-eec4d030f134" testListId="4a672ab9-64ec-4ec4-beba-8e4e5244d772" />
    <TestEntry testId="c9266f3e-e1b3-4479-8b3a-add3ca446ff1" executionId="3ada4cee-70d7-4fbd-b4fa-186b98d759b7" testListId="4a672ab9-64ec-4ec4-beba-8e4e5244d772" />
    <TestEntry testId="ba524877-6550-4d3f-a128-60982828d3d6" executionId="807c9a2e-2658-4cfe-8837-8573abdc59ec" testListId="4a672ab9-64ec-4ec4-beba-8e4e5244d772" />
    <TestEntry testId="ba410278-7d1c-4659-9bc8-d6574bcae721" executionId="c98f746f-cffb-473e-82c8-6dcc05417f7a" testListId="4a672ab9-64ec-4ec4-beba-8e4e5244d772" />
    <TestEntry testId="20eab4a9-c8ae-44fd-a792-28f7714fb026" executionId="e5c40673-e0a4-4d11-99b7-a8e99cde1528" testListId="4a672ab9-64ec-4ec4-beba-8e4e5244d772" />
    <TestEntry testId="9665551e-7de1-42fe-8bb8-9448ebffeeff" executionId="5afe4e71-caf6-4271-8cf3-6371384c7d92" testListId="4a672ab9-64ec-4ec4-beba-8e4e5244d772" />
    <TestEntry testId="5bc6f486-9612-4bc0-9596-784649097e62" executionId="a60468a9-7f03-4f09-9dab-c67253b78d86" testListId="4a672ab9-64ec-4ec4-beba-8e4e5244d772" />
    <TestEntry testId="837a362c-d4c6-418c-94c8-6cef65fa3589" executionId="5e1fdb1d-d1b7-4f79-a88c-a870e7dc5c5d" testListId="4a672ab9-64ec-4ec4-beba-8e4e5244d772" />
    <TestEntry testId="beb7feb7-ac8a-450b-9f79-4dc6ad05c4f7" executionId="a4a86b5c-caaf-4184-a770-79cf39996554" testListId="4a672ab9-64ec-4ec4-beba-8e4e5244d772" />
    <TestEntry testId="3d8dd2c9-b5ab-4f75-ac49-245da01d5625" executionId="d25738d5-c219-41ff-bf41-ee8f5400aca4" testListId="4a672ab9-64ec-4ec4-beba-8e4e5244d772" />
    <TestEntry testId="8758756e-2227-4469-9c3c-2e67d5f4ecfb" executionId="403987ce-404e-43c2-a261-62bc164a4e83" testListId="4a672ab9-64ec-4ec4-beba-8e4e5244d772" />
    <TestEntry testId="37088a63-4c4e-40fd-b35f-7a610f680354" executionId="e14cd341-1810-401d-b57f-f93d51384ac8" testListId="4a672ab9-64ec-4ec4-beba-8e4e5244d772" />
    <TestEntry testId="290902d5-7651-4e9a-8818-1f53d9023dac" executionId="0eb11169-f967-4e08-8969-7b923c897d4d" testListId="4a672ab9-64ec-4ec4-beba-8e4e5244d772" />
    <TestEntry testId="66879450-5d78-4785-8616-d2ab0d879c76" executionId="3c2ae7fc-98ab-494b-916f-a2980cc4f9c1" testListId="4a672ab9-64ec-4ec4-beba-8e4e5244d772" />
    <TestEntry testId="7fea4f81-63d8-42de-8cec-be10cfaf4245" executionId="13f87129-27f5-4b3e-b96f-f5d51b08065f" testListId="4a672ab9-64ec-4ec4-beba-8e4e5244d772" />
    <TestEntry testId="953ce716-a4b0-47ce-8168-2d743c37f955" executionId="67fda1b6-6795-440d-afb2-a33ebe1df9cb" testListId="4a672ab9-64ec-4ec4-beba-8e4e5244d772" />
    <TestEntry testId="6651afcb-928e-4d58-895a-11d50a5db1b9" executionId="e8728474-5c84-460a-b5f9-902af0535fad" testListId="4a672ab9-64ec-4ec4-beba-8e4e5244d772" />
    <TestEntry testId="55fda88c-0711-4e30-b571-c7fb983b5559" executionId="dafe9697-a5fb-4fa1-9a50-1099a35432bc" testListId="4a672ab9-64ec-4ec4-beba-8e4e5244d772" />
    <TestEntry testId="28a61eff-d20a-4c9f-9a86-eb6d2b77c2b0" executionId="0e298417-5d89-47c7-922a-92bc2d0f311b" testListId="4a672ab9-64ec-4ec4-beba-8e4e5244d772" />
    <TestEntry testId="82eff7f3-04e0-498d-b02e-f89b306b5f2b" executionId="8f95c9c2-2bc1-471e-bb3c-4c0fb28bd31b" testListId="4a672ab9-64ec-4ec4-beba-8e4e5244d772" />
    <TestEntry testId="a58deff5-3193-4c10-bbef-a5629cb4a4e6" executionId="ba74332d-62bc-4f56-86c3-4cdf869b88e5" testListId="4a672ab9-64ec-4ec4-beba-8e4e5244d772" />
    <TestEntry testId="74e18063-6b30-489c-b0b1-66c7ae094875" executionId="6ed957a1-74f7-44b5-b8d1-ee5b0c040b67" testListId="4a672ab9-64ec-4ec4-beba-8e4e5244d772" />
    <TestEntry testId="62753d6d-149e-4ef0-ab4a-a7133ddbc58d" executionId="e89584d4-e01d-43b9-bee1-74731c8e3a02" testListId="4a672ab9-64ec-4ec4-beba-8e4e5244d772" />
    <TestEntry testId="2df41d10-388d-4f0c-a3f3-7c77951e2f81" executionId="3c9b83a8-0354-4b80-9aa7-9cd518958d3e" testListId="4a672ab9-64ec-4ec4-beba-8e4e5244d772" />
    <TestEntry testId="8e42a574-2e7a-4346-90cb-c1e29a31472d" executionId="5ead2200-e59d-4939-b175-613988b41a5c" testListId="4a672ab9-64ec-4ec4-beba-8e4e5244d772" />
    <TestEntry testId="7311b72b-885b-475a-9da4-3649d8f237a2" executionId="d3d108da-a157-49ac-97a4-4f540138ee5b" testListId="4a672ab9-64ec-4ec4-beba-8e4e5244d772" />
    <TestEntry testId="43debcbd-5f93-4364-a315-3defd887b87d" executionId="b89b59d3-bdba-4641-bd8c-3da254ad9c47" testListId="4a672ab9-64ec-4ec4-beba-8e4e5244d772" />
    <TestEntry testId="3718e1dd-5d2d-43c7-bd2f-814c3ebc9d12" executionId="047c2625-b2b6-47da-8f35-0def1bdb3453" testListId="4a672ab9-64ec-4ec4-beba-8e4e5244d772" />
    <TestEntry testId="9200c3af-dd90-47a5-8219-1dc209293af4" executionId="639daa10-172f-4132-a69c-bf9432a8b126" testListId="4a672ab9-64ec-4ec4-beba-8e4e5244d772" />
    <TestEntry testId="7a20ba87-1dcd-4414-9e68-fe56dedad04d" executionId="bd690f60-6bb1-421b-a864-d5b770e2a26d" testListId="4a672ab9-64ec-4ec4-beba-8e4e5244d772" />
    <TestEntry testId="a57176a7-2ad7-45df-9cac-c6ce9a0adf71" executionId="a68a23ad-0b51-4790-9149-dda015fc9cdf" testListId="4a672ab9-64ec-4ec4-beba-8e4e5244d772" />
    <TestEntry testId="5d7820cd-87bb-4634-bfe6-f2e719499459" executionId="24a6efc3-ed70-44ea-8f8f-a2822bed5048" testListId="4a672ab9-64ec-4ec4-beba-8e4e5244d772" />
    <TestEntry testId="0715df3c-9d83-4b88-84f0-f2005b097664" executionId="82b6c39b-3b57-4623-9a87-d6abbd178c1d" testListId="4a672ab9-64ec-4ec4-beba-8e4e5244d772" />
    <TestEntry testId="dc468ab0-a172-44e0-90ea-323cb43c672a" executionId="893fb994-39ec-4134-915a-192d7d7d241e" testListId="4a672ab9-64ec-4ec4-beba-8e4e5244d772" />
    <TestEntry testId="9ed6ae32-6fb8-4677-b678-015664a2b8bc" executionId="b3c30f70-5587-4904-a7c4-19b8a8b684d4" testListId="4a672ab9-64ec-4ec4-beba-8e4e5244d772" />
    <TestEntry testId="f2a8df80-8a50-4638-af62-dc766f01d624" executionId="3102484b-3df5-4218-a6ad-f275e6bd1cd6" testListId="4a672ab9-64ec-4ec4-beba-8e4e5244d772" />
    <TestEntry testId="8b7ab8fa-f508-40cb-92e9-a0a2ab84bed2" executionId="9593bdb8-9fa0-48cf-949c-c638359a4f5c" testListId="4a672ab9-64ec-4ec4-beba-8e4e5244d772" />
    <TestEntry testId="27cbcf49-cd74-427b-8369-fac778d9e628" executionId="0bc90f7b-8718-4514-95ae-2f726b9d93eb" testListId="4a672ab9-64ec-4ec4-beba-8e4e5244d772" />
    <TestEntry testId="5c782d36-d79a-407a-8384-50323441bd1a" executionId="8973e08e-0702-4a24-adc8-5e4da4ba7da0" testListId="4a672ab9-64ec-4ec4-beba-8e4e5244d772" />
    <TestEntry testId="ad4235a4-556c-415e-8e6d-782e6d9d8044" executionId="d87a7944-6d27-4864-8063-d8546c8d3858" testListId="4a672ab9-64ec-4ec4-beba-8e4e5244d772" />
    <TestEntry testId="630a708b-52c8-47a3-b36c-b7ee3ac5469d" executionId="b266d6bf-d2cd-4248-9035-d5d0b234642e" testListId="4a672ab9-64ec-4ec4-beba-8e4e5244d772" />
    <TestEntry testId="67b4c56f-e403-442f-b8cf-3eaa7d51b914" executionId="d4ab5c36-a748-4769-81f2-f673d32df79d" testListId="4a672ab9-64ec-4ec4-beba-8e4e5244d772" />
    <TestEntry testId="3fdd4df4-a3b7-4534-967d-9853f5cb01ab" executionId="53042d27-4aa1-4600-b4d0-f105f83775b6" testListId="4a672ab9-64ec-4ec4-beba-8e4e5244d772" />
    <TestEntry testId="963177d0-97bc-48e9-808e-b22c69283380" executionId="a20baff3-b72c-40d6-8517-02400410f801" testListId="4a672ab9-64ec-4ec4-beba-8e4e5244d772" />
    <TestEntry testId="cb39138f-68b1-4d37-b18e-33b8ae21e8ab" executionId="9011e0c9-bb1c-4dcb-9da1-d078618b68f2" testListId="4a672ab9-64ec-4ec4-beba-8e4e5244d772" />
    <TestEntry testId="10c4c000-555c-4c79-bd52-1f986c82b5ca" executionId="09eda9e6-db53-43a4-b7af-a27c4b790822" testListId="4a672ab9-64ec-4ec4-beba-8e4e5244d772" />
    <TestEntry testId="2188da99-4424-473a-baa3-a8c5f601c590" executionId="d1fa6e45-c812-4087-adcd-cfdcfa9437d1" testListId="4a672ab9-64ec-4ec4-beba-8e4e5244d772" />
    <TestEntry testId="6e7104ce-8746-489b-adb1-292284b8c7a7" executionId="b0e72650-f132-45fa-816a-344dfa30a251" testListId="4a672ab9-64ec-4ec4-beba-8e4e5244d772" />
    <TestEntry testId="722e88ca-bc7f-48ba-bb2e-3769ca50ed0a" executionId="d3fb923a-29f9-4c6c-bdad-d648f9b20904" testListId="4a672ab9-64ec-4ec4-beba-8e4e5244d772" />
    <TestEntry testId="16f54153-1ec3-4fda-8401-fb1fc8e615ff" executionId="b94d4aab-5764-46d9-ad6a-22a01d0d6e3e" testListId="4a672ab9-64ec-4ec4-beba-8e4e5244d772" />
    <TestEntry testId="51c468bd-0c1b-4e7d-b3e2-7bd932f9a069" executionId="91c7fb2a-940d-4882-bbaf-69a56e23927a" testListId="4a672ab9-64ec-4ec4-beba-8e4e5244d772" />
    <TestEntry testId="52fb5c91-2494-446a-b504-8aabf88afdb6" executionId="65f8c01c-1658-46e0-9f12-d77b3a411b00" testListId="4a672ab9-64ec-4ec4-beba-8e4e5244d772" />
    <TestEntry testId="490003ef-2062-4ced-8bd1-245b77f09d6c" executionId="7610fa5c-4d3e-49d9-ba85-3e3c98751e1e" testListId="4a672ab9-64ec-4ec4-beba-8e4e5244d772" />
    <TestEntry testId="c610dda1-50f4-488d-9f34-76ca4f6d047f" executionId="a0a85ee5-5741-496f-a350-8f24b4fd6d47" testListId="4a672ab9-64ec-4ec4-beba-8e4e5244d772" />
    <TestEntry testId="3c944682-473b-4ad2-81eb-320ed576b9c7" executionId="d51103bc-d0f9-4532-b551-c77a68b886ad" testListId="4a672ab9-64ec-4ec4-beba-8e4e5244d772" />
    <TestEntry testId="01abfe09-4d1e-4529-9a06-5be917a7af7a" executionId="3e16d7de-a45a-45e2-a27e-a3b153bf0b65" testListId="4a672ab9-64ec-4ec4-beba-8e4e5244d772" />
    <TestEntry testId="f0285376-4788-47bb-b25e-ea55cf78deef" executionId="ad7194db-22d1-47cb-b199-bf32ab76e340" testListId="4a672ab9-64ec-4ec4-beba-8e4e5244d772" />
    <TestEntry testId="69d82209-3e2b-4b9f-bb36-1e88d0d3734e" executionId="71066437-fc67-4e09-ba15-8a2f14749ff6" testListId="4a672ab9-64ec-4ec4-beba-8e4e5244d772" />
    <TestEntry testId="4e345727-0ee2-4def-aa98-03e952a73c4a" executionId="409a78cb-52a1-4159-896d-43eebd1d2e39" testListId="4a672ab9-64ec-4ec4-beba-8e4e5244d772" />
    <TestEntry testId="130179f6-3ba7-40d1-9617-0cbed3ee31ee" executionId="2f7df545-4a39-47ae-b65c-7d692b3df71b" testListId="4a672ab9-64ec-4ec4-beba-8e4e5244d772" />
    <TestEntry testId="71f4c65c-2fd4-4fe9-b367-89f39f0f5210" executionId="9df2252f-4c90-49e8-8d40-367a5dc96a24" testListId="4a672ab9-64ec-4ec4-beba-8e4e5244d772" />
    <TestEntry testId="148b2b5b-d449-414b-882d-2f1bfa87b764" executionId="0e76224b-d3b5-4d37-9f34-2b32a7961d96" testListId="4a672ab9-64ec-4ec4-beba-8e4e5244d772" />
    <TestEntry testId="b6cfebd0-742d-4794-9551-316b17f808eb" executionId="053a075c-9228-4309-badf-d19355560060" testListId="4a672ab9-64ec-4ec4-beba-8e4e5244d772" />
    <TestEntry testId="60351809-86fb-4407-9778-5667c477893c" executionId="786fff06-64ad-4737-8c66-05e638f65d4e" testListId="4a672ab9-64ec-4ec4-beba-8e4e5244d772" />
    <TestEntry testId="d4aebe1d-19cf-4bfa-a86c-c7298aee14ff" executionId="c9bd72c8-106b-4c5a-9df5-0e5dda63a29a" testListId="4a672ab9-64ec-4ec4-beba-8e4e5244d772" />
    <TestEntry testId="faebddf2-6a2f-49c8-b07c-1cd17c3b5fc6" executionId="ca09210d-0d8a-4e80-8910-8fb38aa8bd5f" testListId="4a672ab9-64ec-4ec4-beba-8e4e5244d772" />
    <TestEntry testId="5be7a98b-5b8e-4578-82fa-7b0197a0d30e" executionId="e8564440-8224-4ee5-b6d1-cdbc2f37444a" testListId="4a672ab9-64ec-4ec4-beba-8e4e5244d772" />
    <TestEntry testId="b710d5a6-e980-4aef-a56a-4aa7881cf412" executionId="5cbe3bee-dadf-4bad-bc08-491a3b6eff07" testListId="4a672ab9-64ec-4ec4-beba-8e4e5244d772" />
    <TestEntry testId="958fa4e5-14fb-493e-912c-60924993dfad" executionId="749eb157-5324-402b-86f1-09c3886a5d6a" testListId="4a672ab9-64ec-4ec4-beba-8e4e5244d772" />
    <TestEntry testId="ae546fc0-85b1-4837-a337-685bcf43566e" executionId="065f4527-8a92-4c46-b9b3-b80e361e5c71" testListId="4a672ab9-64ec-4ec4-beba-8e4e5244d772" />
    <TestEntry testId="0c357ec3-1aab-4d15-a4c2-24fd9a67abbb" executionId="c41d1eae-c2a4-4d7e-ba33-d1bc0e54e3cf" testListId="4a672ab9-64ec-4ec4-beba-8e4e5244d772" />
    <TestEntry testId="d660a93e-42e6-457a-a8c0-bda94fff76f0" executionId="3c760942-1690-4068-bf3b-64b151815528" testListId="4a672ab9-64ec-4ec4-beba-8e4e5244d772" />
    <TestEntry testId="ebb3e5c7-1feb-44a0-b57e-1dac7368cae9" executionId="7ac0fe8b-51b6-4e96-bb85-812c2af663cd" testListId="4a672ab9-64ec-4ec4-beba-8e4e5244d772" />
    <TestEntry testId="65e8cc83-5028-4fe7-a015-080868997883" executionId="f0ca119a-4077-497a-9476-2a01abe2c9a1" testListId="4a672ab9-64ec-4ec4-beba-8e4e5244d772" />
    <TestEntry testId="7aa814cb-bb69-4264-9a0a-fe91954eef41" executionId="1b44c1f9-b211-4dbf-8ba9-47c39eed06a7" testListId="4a672ab9-64ec-4ec4-beba-8e4e5244d772" />
    <TestEntry testId="24c93072-52e5-4a8c-adcd-d325e79c0852" executionId="fa92a6bf-01a5-4f8e-9cdd-84e22ee57b71" testListId="4a672ab9-64ec-4ec4-beba-8e4e5244d772" />
    <TestEntry testId="8b13fcf6-3eee-4ee3-969a-6d60a31b9881" executionId="1359dc75-7072-41b7-ab4a-f1a38badf928" testListId="4a672ab9-64ec-4ec4-beba-8e4e5244d772" />
    <TestEntry testId="8e6e57de-7928-4997-a04b-4846d8351a2b" executionId="fcfac1e2-a267-442b-b3c4-f0665b678ba1" testListId="4a672ab9-64ec-4ec4-beba-8e4e5244d772" />
    <TestEntry testId="662bcb9c-e4fc-4cf3-a8ec-8573e4907f7d" executionId="e627fdc7-9505-492a-92e3-c8d34ee8f370" testListId="4a672ab9-64ec-4ec4-beba-8e4e5244d772" />
    <TestEntry testId="223667b0-6ff9-4007-b545-94f4bdb2b6c6" executionId="89498f81-6ac4-4168-9523-1efac748630d" testListId="4a672ab9-64ec-4ec4-beba-8e4e5244d772" />
    <TestEntry testId="223bfd79-3a27-4ab1-9822-c195ac7e1c9f" executionId="b950eeba-8881-4da9-87d0-fc88f0d64476" testListId="4a672ab9-64ec-4ec4-beba-8e4e5244d772" />
    <TestEntry testId="2f27b0ec-7a12-45c6-83b9-63fabd4fb096" executionId="5617a1e9-dded-4e51-abe4-116b1a381897" testListId="4a672ab9-64ec-4ec4-beba-8e4e5244d772" />
    <TestEntry testId="ec9c4210-13f0-4cb3-9054-878c5f080740" executionId="584da98e-016d-4363-9cce-50d3de4c322b" testListId="4a672ab9-64ec-4ec4-beba-8e4e5244d772" />
    <TestEntry testId="9002aeed-26f0-4ae2-8d97-736d36d4bebc" executionId="cc560758-f94f-4508-92e4-2eb5d1d7a201" testListId="4a672ab9-64ec-4ec4-beba-8e4e5244d772" />
    <TestEntry testId="2c23e16d-c974-48a1-8b56-8f43b469f40c" executionId="91cd0d74-856e-431f-8073-204aa836bbad" testListId="4a672ab9-64ec-4ec4-beba-8e4e5244d772" />
    <TestEntry testId="66123712-ac57-410a-8195-d4ca8b97bb69" executionId="22e17a5a-72d3-4e4c-80e4-a1cb655cb2cb" testListId="4a672ab9-64ec-4ec4-beba-8e4e5244d772" />
    <TestEntry testId="b8fa9cec-d8dc-4eab-9c4e-e2ade755d12b" executionId="87eca069-7abd-41c5-9050-835f3cf9b196" testListId="4a672ab9-64ec-4ec4-beba-8e4e5244d772" />
    <TestEntry testId="22923bdb-9ec6-4792-aa5f-bc7282f6fad9" executionId="ff16378b-b781-4815-800a-9ac8770a9ab6" testListId="4a672ab9-64ec-4ec4-beba-8e4e5244d772" />
    <TestEntry testId="6edbc8b4-4425-452f-b097-896a14641fe3" executionId="27facc40-513c-411d-b519-417168d96ad5" testListId="4a672ab9-64ec-4ec4-beba-8e4e5244d772" />
    <TestEntry testId="ca641b76-af37-4a68-8bd5-3bc75f5aedb2" executionId="d131d574-3f3f-4f93-9308-30ace59514de" testListId="4a672ab9-64ec-4ec4-beba-8e4e5244d772" />
    <TestEntry testId="844101d7-4fc2-4c49-b7b3-4172269970c8" executionId="d47e45bf-ebd7-4355-8906-cf782300b39f" testListId="4a672ab9-64ec-4ec4-beba-8e4e5244d772" />
    <TestEntry testId="3073f518-b4dd-4897-81e7-bfdbea0d1558" executionId="c5ed82b5-d90d-4bcd-aa39-b67a2c6f13fb" testListId="4a672ab9-64ec-4ec4-beba-8e4e5244d772" />
    <TestEntry testId="8a781157-236b-4937-8678-fa623638b8f9" executionId="1ff7675f-d542-49aa-8dba-2890d5b546ed" testListId="4a672ab9-64ec-4ec4-beba-8e4e5244d772" />
    <TestEntry testId="a1044d19-52a3-46e9-9561-8ce94fb26773" executionId="3ee7635b-bd17-4589-aa90-a6e00336bbf0" testListId="4a672ab9-64ec-4ec4-beba-8e4e5244d772" />
  </TestEntries>
  <TestLists>
    <TestList name="Results Not in a List" id="4a672ab9-64ec-4ec4-beba-8e4e5244d772" />
    <TestList name="All Loaded Results" id="b1222188-25a0-4b6e-a8ee-e9b122585443" />
  </TestLists>
</TestRun>