<?xml version="1.0" encoding="UTF-8"?>
<TestRun id="d9254997-928e-4f53-aba0-80b672bfd3e4" name="Test Run 3" runUser="Oles Galatsan" xmlns="http://microsoft.com/schemas/VisualStudio/TeamTest/2010">
  <Times creation="2025-05-14T13:20:31.3125482Z" queuing="2025-05-14T13:20:31.3125482Z" start="2025-05-14T13:20:31.3146610Z" finish="2025-05-14T13:25:31.3147553Z" />
  <TestSettings name="Test Settings 3" id="486c9742-1d97-4c98-9b56-6243dcf741f0" />
  <Results>
    <UnitTestResult executionId="8d227c4e-fc1c-4fbc-ba21-e9553165c630" testId="c25943fd-5f3f-4635-a338-498a6b233690" testName="Test201" computerName="UA-LPT-OGA2" duration="00:00:01.2530000" startTime="2025-05-14T13:20:31.3146610Z" endTime="2025-05-14T13:25:31.3147553Z" testType="13cdc9d9-ddb5-4fa4-a97d-d965ccfc6d4b" outcome="Passed" testListId="8df8e4c7-1f03-4acb-9f0e-a9ae4bdef032" />
    <UnitTestResult executionId="c992f532-1dfd-4551-b6ba-b63b1d9cc3ae" testId="5226c062-bc15-4958-afa0-a3e25e83cb68" testName="Test202" computerName="UA-LPT-OGA2" duration="00:00:00.0500000" startTime="2025-05-14T13:20:31.3146610Z" endTime="2025-05-14T13:25:31.3147553Z" testType="13cdc9d9-ddb5-4fa4-a97d-d965ccfc6d4b" outcome="Passed" testListId="8df8e4c7-1f03-4acb-9f0e-a9ae4bdef032" />
    <UnitTestResult executionId="5606999c-7443-465c-95db-de52d8e007da" testId="47569a93-4831-4c66-918f-571ab38caee4" testName="Test203" computerName="UA-LPT-OGA2" duration="00:00:01.5160000" startTime="2025-05-14T13:20:31.3146610Z" endTime="2025-05-14T13:25:31.3147553Z" testType="13cdc9d9-ddb5-4fa4-a97d-d965ccfc6d4b" outcome="Passed" testListId="8df8e4c7-1f03-4acb-9f0e-a9ae4bdef032" />
    <UnitTestResult executionId="062c1afd-9988-4618-9855-eb498fd97644" testId="b315cbb1-06af-464a-b818-f19ad6f5058e" testName="Test204" computerName="UA-LPT-OGA2" duration="00:00:01.4100000" startTime="2025-05-14T13:20:31.3146610Z" endTime="2025-05-14T13:25:31.3147553Z" testType="13cdc9d9-ddb5-4fa4-a97d-d965ccfc6d4b" outcome="Passed" testListId="8df8e4c7-1f03-4acb-9f0e-a9ae4bdef032" />
    <UnitTestResult executionId="5842293a-404e-4c26-9abf-290af702f089" testId="bf1b95a5-b1fa-4549-99e1-104ceb182c4d" testName="Test205" computerName="UA-LPT-OGA2" duration="00:00:01.8840000" startTime="2025-05-14T13:20:31.3146610Z" endTime="2025-05-14T13:25:31.3147553Z" testType="13cdc9d9-ddb5-4fa4-a97d-d965ccfc6d4b" outcome="Passed" testListId="8df8e4c7-1f03-4acb-9f0e-a9ae4bdef032" />
    <UnitTestResult executionId="ec8d1b10-6271-42c5-b2f1-d9ff4b1ae04a" testId="c19b5c6e-8685-4283-8000-51c41c5209dc" testName="Test206" computerName="UA-LPT-OGA2" duration="00:00:01.6540000" startTime="2025-05-14T13:20:31.3146610Z" endTime="2025-05-14T13:25:31.3147553Z" testType="13cdc9d9-ddb5-4fa4-a97d-d965ccfc6d4b" outcome="Passed" testListId="8df8e4c7-1f03-4acb-9f0e-a9ae4bdef032" />
    <UnitTestResult executionId="7957c369-a115-4c7c-8530-145d0680bfbe" testId="a00385e0-4414-4385-ae23-d9f815f6ba61" testName="Test207" computerName="UA-LPT-OGA2" duration="00:00:00.1070000" startTime="2025-05-14T13:20:31.3146610Z" endTime="2025-05-14T13:25:31.3147553Z" testType="13cdc9d9-ddb5-4fa4-a97d-d965ccfc6d4b" outcome="Passed" testListId="8df8e4c7-1f03-4acb-9f0e-a9ae4bdef032" />
    <UnitTestResult executionId="f426aee7-5543-4e5c-9ba1-8d2111498886" testId="972fc9a6-960b-421e-8e8c-5d5930341d52" testName="Test208" computerName="UA-LPT-OGA2" duration="00:00:01.9570000" startTime="2025-05-14T13:20:31.3146610Z" endTime="2025-05-14T13:25:31.3147553Z" testType="13cdc9d9-ddb5-4fa4-a97d-d965ccfc6d4b" outcome="Failed" testListId="8df8e4c7-1f03-4acb-9f0e-a9ae4bdef032">
      <Output>
        <ErrorInfo>
          <Message>Assertion failed: Expected value did not match actual value.</Message>
          <StackTrace>   at TestNamespace.TestClass.Test() in TestClass.cs:line 401</StackTrace>
        </ErrorInfo>
      </Output>
    </UnitTestResult>
    <UnitTestResult executionId="61f80a82-5408-45dc-9793-74d1738c78a3" testId="64d3c20e-658e-4aad-88fd-6a17d4723e6d" testName="Test209" computerName="UA-LPT-OGA2" duration="00:00:00.4160000" startTime="2025-05-14T13:20:31.3146610Z" endTime="2025-05-14T13:25:31.3147553Z" testType="13cdc9d9-ddb5-4fa4-a97d-d965ccfc6d4b" outcome="Passed" testListId="8df8e4c7-1f03-4acb-9f0e-a9ae4bdef032" />
    <UnitTestResult executionId="8827c574-ffeb-4c81-914e-4d754a22d401" testId="7521cc3a-8917-4a92-8365-1cef3a149061" testName="Test210" computerName="UA-LPT-OGA2" duration="00:00:01.2000000" startTime="2025-05-14T13:20:31.3146610Z" endTime="2025-05-14T13:25:31.3147553Z" testType="13cdc9d9-ddb5-4fa4-a97d-d965ccfc6d4b" outcome="Passed" testListId="8df8e4c7-1f03-4acb-9f0e-a9ae4bdef032" />
    <UnitTestResult executionId="487aec78-3c66-41bb-ad4c-9aa9802e65d5" testId="0f79a59b-4fbd-4847-9077-d7e510fd4904" testName="Test211" computerName="UA-LPT-OGA2" duration="00:00:01.3410000" startTime="2025-05-14T13:20:31.3146610Z" endTime="2025-05-14T13:25:31.3147553Z" testType="13cdc9d9-ddb5-4fa4-a97d-d965ccfc6d4b" outcome="Passed" testListId="8df8e4c7-1f03-4acb-9f0e-a9ae4bdef032" />
    <UnitTestResult executionId="c1287131-8251-41a7-a453-6ea58272f0c4" testId="989db03c-2171-45a3-a794-e6d79d3487ed" testName="Test212" computerName="UA-LPT-OGA2" duration="00:00:00.0430000" startTime="2025-05-14T13:20:31.3146610Z" endTime="2025-05-14T13:25:31.3147553Z" testType="13cdc9d9-ddb5-4fa4-a97d-d965ccfc6d4b" outcome="Passed" testListId="8df8e4c7-1f03-4acb-9f0e-a9ae4bdef032" />
    <UnitTestResult executionId="58066a51-94db-4561-9bd9-b60398b1e7ae" testId="034cf384-a725-4f00-89ab-d422554c77ef" testName="Test213" computerName="UA-LPT-OGA2" duration="00:00:00.3090000" startTime="2025-05-14T13:20:31.3146610Z" endTime="2025-05-14T13:25:31.3147553Z" testType="13cdc9d9-ddb5-4fa4-a97d-d965ccfc6d4b" outcome="Passed" testListId="8df8e4c7-1f03-4acb-9f0e-a9ae4bdef032" />
    <UnitTestResult executionId="0ad994dd-9c30-493d-a912-e1e44d6f3324" testId="7b89b1df-2421-4d8d-ab43-40d070316929" testName="Test214" computerName="UA-LPT-OGA2" duration="00:00:00.7760000" startTime="2025-05-14T13:20:31.3146610Z" endTime="2025-05-14T13:25:31.3147553Z" testType="13cdc9d9-ddb5-4fa4-a97d-d965ccfc6d4b" outcome="Passed" testListId="8df8e4c7-1f03-4acb-9f0e-a9ae4bdef032" />
    <UnitTestResult executionId="8b90ff0f-cf9a-4870-a4c0-9cf668034083" testId="f60e2447-62d9-43a8-9e2e-f975b8f282eb" testName="Test215" computerName="UA-LPT-OGA2" duration="00:00:01.7610000" startTime="2025-05-14T13:20:31.3146610Z" endTime="2025-05-14T13:25:31.3147553Z" testType="13cdc9d9-ddb5-4fa4-a97d-d965ccfc6d4b" outcome="Passed" testListId="8df8e4c7-1f03-4acb-9f0e-a9ae4bdef032" />
    <UnitTestResult executionId="88667af9-5883-45fb-bac6-3986aac901e8" testId="0d4d4a9f-f6ff-40fa-b5a6-3d77460ec789" testName="Test216" computerName="UA-LPT-OGA2" duration="00:00:00.7510000" startTime="2025-05-14T13:20:31.3146610Z" endTime="2025-05-14T13:25:31.3147553Z" testType="13cdc9d9-ddb5-4fa4-a97d-d965ccfc6d4b" outcome="Passed" testListId="8df8e4c7-1f03-4acb-9f0e-a9ae4bdef032" />
    <UnitTestResult executionId="fd9e77e2-e5eb-44b6-984f-5c26aaa603a2" testId="c9c6b44d-5d9a-4504-80fc-b8eb20302718" testName="Test217" computerName="UA-LPT-OGA2" duration="00:00:01.3460000" startTime="2025-05-14T13:20:31.3146610Z" endTime="2025-05-14T13:25:31.3147553Z" testType="13cdc9d9-ddb5-4fa4-a97d-d965ccfc6d4b" outcome="Passed" testListId="8df8e4c7-1f03-4acb-9f0e-a9ae4bdef032" />
    <UnitTestResult executionId="a13c416e-b8c7-4e3e-989c-8166ef373f8e" testId="e730ae02-618d-4fc5-a69a-fa50fb208fc0" testName="Test218" computerName="UA-LPT-OGA2" duration="00:00:00.7980000" startTime="2025-05-14T13:20:31.3146610Z" endTime="2025-05-14T13:25:31.3147553Z" testType="13cdc9d9-ddb5-4fa4-a97d-d965ccfc6d4b" outcome="Passed" testListId="8df8e4c7-1f03-4acb-9f0e-a9ae4bdef032" />
    <UnitTestResult executionId="b38f86d2-b701-436a-993d-7dbbd0ae0938" testId="a27f1fcf-ae9e-4966-adff-02d6d5acf100" testName="Test219" computerName="UA-LPT-OGA2" duration="00:00:00.4410000" startTime="2025-05-14T13:20:31.3146610Z" endTime="2025-05-14T13:25:31.3147553Z" testType="13cdc9d9-ddb5-4fa4-a97d-d965ccfc6d4b" outcome="Passed" testListId="8df8e4c7-1f03-4acb-9f0e-a9ae4bdef032" />
    <UnitTestResult executionId="44494726-89f4-4398-a22e-a75c54cfdb0f" testId="aac7dcab-4671-45cb-a3a3-69cfdca0330a" testName="Test220" computerName="UA-LPT-OGA2" duration="00:00:01.3590000" startTime="2025-05-14T13:20:31.3146610Z" endTime="2025-05-14T13:25:31.3147553Z" testType="13cdc9d9-ddb5-4fa4-a97d-d965ccfc6d4b" outcome="Failed" testListId="8df8e4c7-1f03-4acb-9f0e-a9ae4bdef032">
      <Output>
        <ErrorInfo>
          <Message>Assertion failed: Expected value did not match actual value.</Message>
          <StackTrace>   at TestNamespace.TestClass.Test() in TestClass.cs:line 285</StackTrace>
        </ErrorInfo>
      </Output>
    </UnitTestResult>
    <UnitTestResult executionId="17f2a0f6-39e4-4899-9aee-e29c354f3d72" testId="22df3989-854f-4e05-a566-c8e37e146cad" testName="Test221" computerName="UA-LPT-OGA2" duration="00:00:01.6920000" startTime="2025-05-14T13:20:31.3146610Z" endTime="2025-05-14T13:25:31.3147553Z" testType="13cdc9d9-ddb5-4fa4-a97d-d965ccfc6d4b" outcome="Passed" testListId="8df8e4c7-1f03-4acb-9f0e-a9ae4bdef032" />
    <UnitTestResult executionId="2e58bd8c-cd0e-467f-9c09-ce8985f0ce82" testId="492995b1-252f-4c15-b1b8-2038eafbe479" testName="Test222" computerName="UA-LPT-OGA2" duration="00:00:01.8330000" startTime="2025-05-14T13:20:31.3146610Z" endTime="2025-05-14T13:25:31.3147553Z" testType="13cdc9d9-ddb5-4fa4-a97d-d965ccfc6d4b" outcome="Passed" testListId="8df8e4c7-1f03-4acb-9f0e-a9ae4bdef032" />
    <UnitTestResult executionId="18e21191-f35b-4732-a7cb-09579d390b58" testId="effeeb40-8722-485c-94b5-db905d89dbfa" testName="Test223" computerName="UA-LPT-OGA2" duration="00:00:00.0450000" startTime="2025-05-14T13:20:31.3146610Z" endTime="2025-05-14T13:25:31.3147553Z" testType="13cdc9d9-ddb5-4fa4-a97d-d965ccfc6d4b" outcome="Passed" testListId="8df8e4c7-1f03-4acb-9f0e-a9ae4bdef032" />
    <UnitTestResult executionId="4729312d-ddac-4520-aa7b-e1fd2c6a23e9" testId="5aca3c28-377b-4b64-b087-c5ac59819f6b" testName="Test224" computerName="UA-LPT-OGA2" duration="00:00:01.9780000" startTime="2025-05-14T13:20:31.3146610Z" endTime="2025-05-14T13:25:31.3147553Z" testType="13cdc9d9-ddb5-4fa4-a97d-d965ccfc6d4b" outcome="Passed" testListId="8df8e4c7-1f03-4acb-9f0e-a9ae4bdef032" />
    <UnitTestResult executionId="bf517ba8-d367-4b47-92bd-f704270c5b96" testId="e41aaae6-6043-4912-9c81-f893b0586494" testName="Test225" computerName="UA-LPT-OGA2" duration="00:00:00.0930000" startTime="2025-05-14T13:20:31.3146610Z" endTime="2025-05-14T13:25:31.3147553Z" testType="13cdc9d9-ddb5-4fa4-a97d-d965ccfc6d4b" outcome="Passed" testListId="8df8e4c7-1f03-4acb-9f0e-a9ae4bdef032" />
    <UnitTestResult executionId="f952bf91-96bd-4ac5-bcd4-ad7855135efc" testId="c6495e8a-ae42-46e2-b59d-e7b098ccd18c" testName="Test226" computerName="UA-LPT-OGA2" duration="00:00:01.5360000" startTime="2025-05-14T13:20:31.3146610Z" endTime="2025-05-14T13:25:31.3147553Z" testType="13cdc9d9-ddb5-4fa4-a97d-d965ccfc6d4b" outcome="Passed" testListId="8df8e4c7-1f03-4acb-9f0e-a9ae4bdef032" />
    <UnitTestResult executionId="8e51e72d-0f79-4e1e-bfb4-e0640f5b23a3" testId="23219713-b2bb-4013-9d0b-9388afbd1cea" testName="Test227" computerName="UA-LPT-OGA2" duration="00:00:00.0620000" startTime="2025-05-14T13:20:31.3146610Z" endTime="2025-05-14T13:25:31.3147553Z" testType="13cdc9d9-ddb5-4fa4-a97d-d965ccfc6d4b" outcome="Failed" testListId="8df8e4c7-1f03-4acb-9f0e-a9ae4bdef032">
      <Output>
        <ErrorInfo>
          <Message>Assertion failed: Expected value did not match actual value.</Message>
          <StackTrace>   at TestNamespace.TestClass.Test() in TestClass.cs:line 356</StackTrace>
        </ErrorInfo>
      </Output>
    </UnitTestResult>
    <UnitTestResult executionId="f41808ee-393e-4ded-93b9-66f03e973ec8" testId="2cd4df28-2007-40c4-9d78-40e326c39b63" testName="Test228" computerName="UA-LPT-OGA2" duration="00:00:00.6850000" startTime="2025-05-14T13:20:31.3146610Z" endTime="2025-05-14T13:25:31.3147553Z" testType="13cdc9d9-ddb5-4fa4-a97d-d965ccfc6d4b" outcome="Passed" testListId="8df8e4c7-1f03-4acb-9f0e-a9ae4bdef032" />
    <UnitTestResult executionId="2cfa8bdb-a354-4680-ab58-325e9d408f6b" testId="d60411ba-6570-4274-b0f3-180437a72fcf" testName="Test229" computerName="UA-LPT-OGA2" duration="00:00:01.5550000" startTime="2025-05-14T13:20:31.3146610Z" endTime="2025-05-14T13:25:31.3147553Z" testType="13cdc9d9-ddb5-4fa4-a97d-d965ccfc6d4b" outcome="Passed" testListId="8df8e4c7-1f03-4acb-9f0e-a9ae4bdef032" />
    <UnitTestResult executionId="d8f4b3ca-7145-41db-878a-57c7d281b9b0" testId="95235f2b-a625-48ea-9914-d599ca7ea119" testName="Test230" computerName="UA-LPT-OGA2" duration="00:00:01.3260000" startTime="2025-05-14T13:20:31.3146610Z" endTime="2025-05-14T13:25:31.3147553Z" testType="13cdc9d9-ddb5-4fa4-a97d-d965ccfc6d4b" outcome="Passed" testListId="8df8e4c7-1f03-4acb-9f0e-a9ae4bdef032" />
    <UnitTestResult executionId="c69d0365-01f5-48e9-be0c-41dbc3ef53b7" testId="29285dd0-e0e8-43be-9342-254b0608b74e" testName="Test231" computerName="UA-LPT-OGA2" duration="00:00:00.3720000" startTime="2025-05-14T13:20:31.3146610Z" endTime="2025-05-14T13:25:31.3147553Z" testType="13cdc9d9-ddb5-4fa4-a97d-d965ccfc6d4b" outcome="Passed" testListId="8df8e4c7-1f03-4acb-9f0e-a9ae4bdef032" />
    <UnitTestResult executionId="5970c740-2ab8-4c8a-8f9e-686e72e666a3" testId="ac005a50-0c92-44ad-b224-ed483de260eb" testName="Test232" computerName="UA-LPT-OGA2" duration="00:00:01.5230000" startTime="2025-05-14T13:20:31.3146610Z" endTime="2025-05-14T13:25:31.3147553Z" testType="13cdc9d9-ddb5-4fa4-a97d-d965ccfc6d4b" outcome="Passed" testListId="8df8e4c7-1f03-4acb-9f0e-a9ae4bdef032" />
    <UnitTestResult executionId="89506ad9-9988-4d4e-8bef-332d05296139" testId="074c7ac0-8140-4a43-9bb8-f9cef8d25949" testName="Test233" computerName="UA-LPT-OGA2" duration="00:00:00.0710000" startTime="2025-05-14T13:20:31.3146610Z" endTime="2025-05-14T13:25:31.3147553Z" testType="13cdc9d9-ddb5-4fa4-a97d-d965ccfc6d4b" outcome="Passed" testListId="8df8e4c7-1f03-4acb-9f0e-a9ae4bdef032" />
    <UnitTestResult executionId="c1784a6d-32f5-4103-bdae-db1b20327c65" testId="c16778ea-bc0e-4336-86a9-0932153eb3e3" testName="Test234" computerName="UA-LPT-OGA2" duration="00:00:01.9170000" startTime="2025-05-14T13:20:31.3146610Z" endTime="2025-05-14T13:25:31.3147553Z" testType="13cdc9d9-ddb5-4fa4-a97d-d965ccfc6d4b" outcome="Passed" testListId="8df8e4c7-1f03-4acb-9f0e-a9ae4bdef032" />
    <UnitTestResult executionId="9505a022-344c-4870-87db-d01f832a0056" testId="2a31395f-f587-4eac-8e7c-3f190bff7a2b" testName="Test235" computerName="UA-LPT-OGA2" duration="00:00:00.5850000" startTime="2025-05-14T13:20:31.3146610Z" endTime="2025-05-14T13:25:31.3147553Z" testType="13cdc9d9-ddb5-4fa4-a97d-d965ccfc6d4b" outcome="Passed" testListId="8df8e4c7-1f03-4acb-9f0e-a9ae4bdef032" />
    <UnitTestResult executionId="b4511f3b-9ba9-4ae7-a431-17f72bfb9c66" testId="74dc1165-df96-45fd-900d-2d768f856f30" testName="Test236" computerName="UA-LPT-OGA2" duration="00:00:00.1680000" startTime="2025-05-14T13:20:31.3146610Z" endTime="2025-05-14T13:25:31.3147553Z" testType="13cdc9d9-ddb5-4fa4-a97d-d965ccfc6d4b" outcome="Passed" testListId="8df8e4c7-1f03-4acb-9f0e-a9ae4bdef032" />
    <UnitTestResult executionId="1a1cfdd6-54f9-4712-8bb6-e6bf580a892f" testId="a13fb457-214c-4f32-a052-625a7ffbc5a0" testName="Test237" computerName="UA-LPT-OGA2" duration="00:00:01.9190000" startTime="2025-05-14T13:20:31.3146610Z" endTime="2025-05-14T13:25:31.3147553Z" testType="13cdc9d9-ddb5-4fa4-a97d-d965ccfc6d4b" outcome="Passed" testListId="8df8e4c7-1f03-4acb-9f0e-a9ae4bdef032" />
    <UnitTestResult executionId="7e2cef5c-52cb-4379-98da-77af626d0e2a" testId="9d18ed56-5991-459e-914f-21abcc4bff85" testName="Test238" computerName="UA-LPT-OGA2" duration="00:00:00.1660000" startTime="2025-05-14T13:20:31.3146610Z" endTime="2025-05-14T13:25:31.3147553Z" testType="13cdc9d9-ddb5-4fa4-a97d-d965ccfc6d4b" outcome="Passed" testListId="8df8e4c7-1f03-4acb-9f0e-a9ae4bdef032" />
    <UnitTestResult executionId="5e6c8e1b-4195-4ca6-9bd8-6ebc1a24e868" testId="85147f64-f3bc-45e7-b3c2-f05986f30356" testName="Test239" computerName="UA-LPT-OGA2" duration="00:00:00.9510000" startTime="2025-05-14T13:20:31.3146610Z" endTime="2025-05-14T13:25:31.3147553Z" testType="13cdc9d9-ddb5-4fa4-a97d-d965ccfc6d4b" outcome="Passed" testListId="8df8e4c7-1f03-4acb-9f0e-a9ae4bdef032" />
    <UnitTestResult executionId="23c93386-edad-412e-822e-7d3073bdedef" testId="b89a1a50-f44e-4f58-86a3-63227f92085f" testName="Test240" computerName="UA-LPT-OGA2" duration="00:00:01.5970000" startTime="2025-05-14T13:20:31.3146610Z" endTime="2025-05-14T13:25:31.3147553Z" testType="13cdc9d9-ddb5-4fa4-a97d-d965ccfc6d4b" outcome="Passed" testListId="8df8e4c7-1f03-4acb-9f0e-a9ae4bdef032" />
    <UnitTestResult executionId="100a1216-d118-4924-aa6f-8a1220406006" testId="2d17ebf6-ed1e-45e2-a46d-6185c5d6f6b1" testName="Test241" computerName="UA-LPT-OGA2" duration="00:00:00.9560000" startTime="2025-05-14T13:20:31.3146610Z" endTime="2025-05-14T13:25:31.3147553Z" testType="13cdc9d9-ddb5-4fa4-a97d-d965ccfc6d4b" outcome="Passed" testListId="8df8e4c7-1f03-4acb-9f0e-a9ae4bdef032" />
    <UnitTestResult executionId="584bff72-08fa-41df-ac14-b2b4e448207c" testId="b813f2e4-258b-4f6f-a77f-8e0a1bb2a378" testName="Test242" computerName="UA-LPT-OGA2" duration="00:00:01.1130000" startTime="2025-05-14T13:20:31.3146610Z" endTime="2025-05-14T13:25:31.3147553Z" testType="13cdc9d9-ddb5-4fa4-a97d-d965ccfc6d4b" outcome="Passed" testListId="8df8e4c7-1f03-4acb-9f0e-a9ae4bdef032" />
    <UnitTestResult executionId="d52bc7ac-be6c-4c61-b516-6844e4328fcc" testId="179794e4-8313-461b-ba64-3b576b674b0b" testName="Test243" computerName="UA-LPT-OGA2" duration="00:00:00.9990000" startTime="2025-05-14T13:20:31.3146610Z" endTime="2025-05-14T13:25:31.3147553Z" testType="13cdc9d9-ddb5-4fa4-a97d-d965ccfc6d4b" outcome="Passed" testListId="8df8e4c7-1f03-4acb-9f0e-a9ae4bdef032" />
    <UnitTestResult executionId="5239412c-99ca-40f5-a820-a0a00824051b" testId="4b495547-d1e1-4982-99f5-d1027e97fca0" testName="Test244" computerName="UA-LPT-OGA2" duration="00:00:01.5580000" startTime="2025-05-14T13:20:31.3146610Z" endTime="2025-05-14T13:25:31.3147553Z" testType="13cdc9d9-ddb5-4fa4-a97d-d965ccfc6d4b" outcome="Passed" testListId="8df8e4c7-1f03-4acb-9f0e-a9ae4bdef032" />
    <UnitTestResult executionId="80d1c461-eedc-498b-91c5-0a9fecfef533" testId="06370217-0c37-4f5d-949c-b5f09c79efa9" testName="Test245" computerName="UA-LPT-OGA2" duration="00:00:00.4870000" startTime="2025-05-14T13:20:31.3146610Z" endTime="2025-05-14T13:25:31.3147553Z" testType="13cdc9d9-ddb5-4fa4-a97d-d965ccfc6d4b" outcome="Passed" testListId="8df8e4c7-1f03-4acb-9f0e-a9ae4bdef032" />
    <UnitTestResult executionId="d0924fde-5f98-4503-aef9-726fc39536d8" testId="efded0d2-6684-4326-b7c2-366914db0219" testName="Test246" computerName="UA-LPT-OGA2" duration="00:00:00.9340000" startTime="2025-05-14T13:20:31.3146610Z" endTime="2025-05-14T13:25:31.3147553Z" testType="13cdc9d9-ddb5-4fa4-a97d-d965ccfc6d4b" outcome="Passed" testListId="8df8e4c7-1f03-4acb-9f0e-a9ae4bdef032" />
    <UnitTestResult executionId="68d3f978-92fb-4d44-9c96-00ccd8a902bb" testId="66bc078b-531b-4e25-ba77-e59ebe0793b3" testName="Test247" computerName="UA-LPT-OGA2" duration="00:00:00.8300000" startTime="2025-05-14T13:20:31.3146610Z" endTime="2025-05-14T13:25:31.3147553Z" testType="13cdc9d9-ddb5-4fa4-a97d-d965ccfc6d4b" outcome="Failed" testListId="8df8e4c7-1f03-4acb-9f0e-a9ae4bdef032">
      <Output>
        <ErrorInfo>
          <Message>Assertion failed: Expected value did not match actual value.</Message>
          <StackTrace>   at TestNamespace.TestClass.Test() in TestClass.cs:line 95</StackTrace>
        </ErrorInfo>
      </Output>
    </UnitTestResult>
    <UnitTestResult executionId="e2c6827c-a9bd-4dbf-b073-fb5cb924d271" testId="acb19312-e22b-4c21-9ace-d434685270f4" testName="Test248" computerName="UA-LPT-OGA2" duration="00:00:01.5620000" startTime="2025-05-14T13:20:31.3146610Z" endTime="2025-05-14T13:25:31.3147553Z" testType="13cdc9d9-ddb5-4fa4-a97d-d965ccfc6d4b" outcome="Passed" testListId="8df8e4c7-1f03-4acb-9f0e-a9ae4bdef032" />
    <UnitTestResult executionId="6bb1cd74-b952-4ca6-a367-2f99179d5ecc" testId="ffc7361d-0617-4657-8906-979f8498b1ad" testName="Test249" computerName="UA-LPT-OGA2" duration="00:00:01.9440000" startTime="2025-05-14T13:20:31.3146610Z" endTime="2025-05-14T13:25:31.3147553Z" testType="13cdc9d9-ddb5-4fa4-a97d-d965ccfc6d4b" outcome="Passed" testListId="8df8e4c7-1f03-4acb-9f0e-a9ae4bdef032" />
    <UnitTestResult executionId="fd372ecd-c0d7-462d-8506-61259df3efa6" testId="3dee565a-38c8-49f0-966c-7d1555c69409" testName="Test250" computerName="UA-LPT-OGA2" duration="00:00:01.5830000" startTime="2025-05-14T13:20:31.3146610Z" endTime="2025-05-14T13:25:31.3147553Z" testType="13cdc9d9-ddb5-4fa4-a97d-d965ccfc6d4b" outcome="Failed" testListId="8df8e4c7-1f03-4acb-9f0e-a9ae4bdef032">
      <Output>
        <ErrorInfo>
          <Message>Assertion failed: Expected value did not match actual value.</Message>
          <StackTrace>   at TestNamespace.TestClass.Test() in TestClass.cs:line 406</StackTrace>
        </ErrorInfo>
      </Output>
    </UnitTestResult>
    <UnitTestResult executionId="5d69fbf1-d612-4262-8f29-6b57fd7fd6e8" testId="2e4a6f73-bb0b-460e-9cb5-71ca3d9d099d" testName="Test251" computerName="UA-LPT-OGA2" duration="00:00:01.7840000" startTime="2025-05-14T13:20:31.3146610Z" endTime="2025-05-14T13:25:31.3147553Z" testType="13cdc9d9-ddb5-4fa4-a97d-d965ccfc6d4b" outcome="Passed" testListId="8df8e4c7-1f03-4acb-9f0e-a9ae4bdef032" />
    <UnitTestResult executionId="fddcab27-0429-4ed0-a603-c0493608a66e" testId="0c231c11-fa66-428c-bb89-07da2ac1a53d" testName="Test252" computerName="UA-LPT-OGA2" duration="00:00:01.3200000" startTime="2025-05-14T13:20:31.3146610Z" endTime="2025-05-14T13:25:31.3147553Z" testType="13cdc9d9-ddb5-4fa4-a97d-d965ccfc6d4b" outcome="Passed" testListId="8df8e4c7-1f03-4acb-9f0e-a9ae4bdef032" />
    <UnitTestResult executionId="e792aa6a-cb2c-40c3-b187-06eaa6073fb1" testId="6d4e9a33-aacc-4074-82b2-1827d7ba3b3e" testName="Test253" computerName="UA-LPT-OGA2" duration="00:00:00.6560000" startTime="2025-05-14T13:20:31.3146610Z" endTime="2025-05-14T13:25:31.3147553Z" testType="13cdc9d9-ddb5-4fa4-a97d-d965ccfc6d4b" outcome="Passed" testListId="8df8e4c7-1f03-4acb-9f0e-a9ae4bdef032" />
    <UnitTestResult executionId="95dde0b4-9ba5-46cd-afed-0f1fa0ecd16c" testId="4a9e06cf-51bf-4dad-84bf-6ce289e472d4" testName="Test254" computerName="UA-LPT-OGA2" duration="00:00:01.3730000" startTime="2025-05-14T13:20:31.3146610Z" endTime="2025-05-14T13:25:31.3147553Z" testType="13cdc9d9-ddb5-4fa4-a97d-d965ccfc6d4b" outcome="Passed" testListId="8df8e4c7-1f03-4acb-9f0e-a9ae4bdef032" />
    <UnitTestResult executionId="7f5dde22-8e11-45af-a17d-7de715654659" testId="aa3a8e49-7e19-404b-9649-d7a3ed7d7989" testName="Test255" computerName="UA-LPT-OGA2" duration="00:00:00.1180000" startTime="2025-05-14T13:20:31.3146610Z" endTime="2025-05-14T13:25:31.3147553Z" testType="13cdc9d9-ddb5-4fa4-a97d-d965ccfc6d4b" outcome="Failed" testListId="8df8e4c7-1f03-4acb-9f0e-a9ae4bdef032">
      <Output>
        <ErrorInfo>
          <Message>Assertion failed: Expected value did not match actual value.</Message>
          <StackTrace>   at TestNamespace.TestClass.Test() in TestClass.cs:line 413</StackTrace>
        </ErrorInfo>
      </Output>
    </UnitTestResult>
    <UnitTestResult executionId="3cc4937d-9d2f-480b-b7f5-a36fc2e8c3db" testId="7e86be72-8330-415b-8ecc-8c1b057c67a1" testName="Test256" computerName="UA-LPT-OGA2" duration="00:00:01.7070000" startTime="2025-05-14T13:20:31.3146610Z" endTime="2025-05-14T13:25:31.3147553Z" testType="13cdc9d9-ddb5-4fa4-a97d-d965ccfc6d4b" outcome="Passed" testListId="8df8e4c7-1f03-4acb-9f0e-a9ae4bdef032" />
    <UnitTestResult executionId="3a5a571c-f9f9-409a-9919-de66f4702d08" testId="4428a881-15d6-4a32-a33f-90b3eb48f0b6" testName="Test257" computerName="UA-LPT-OGA2" duration="00:00:01.8010000" startTime="2025-05-14T13:20:31.3146610Z" endTime="2025-05-14T13:25:31.3147553Z" testType="13cdc9d9-ddb5-4fa4-a97d-d965ccfc6d4b" outcome="Passed" testListId="8df8e4c7-1f03-4acb-9f0e-a9ae4bdef032" />
    <UnitTestResult executionId="67f2e00c-5e3d-45ed-9dc1-76d5357f7fce" testId="40ff20b2-e665-47d7-8e46-49b343bd0573" testName="Test258" computerName="UA-LPT-OGA2" duration="00:00:00.9440000" startTime="2025-05-14T13:20:31.3146610Z" endTime="2025-05-14T13:25:31.3147553Z" testType="13cdc9d9-ddb5-4fa4-a97d-d965ccfc6d4b" outcome="Passed" testListId="8df8e4c7-1f03-4acb-9f0e-a9ae4bdef032" />
    <UnitTestResult executionId="51e0276d-174c-47da-9b86-7b4e55e5b81e" testId="d09bbdea-ac3a-490a-89dd-b7a76db4873e" testName="Test259" computerName="UA-LPT-OGA2" duration="00:00:01.4430000" startTime="2025-05-14T13:20:31.3146610Z" endTime="2025-05-14T13:25:31.3147553Z" testType="13cdc9d9-ddb5-4fa4-a97d-d965ccfc6d4b" outcome="Passed" testListId="8df8e4c7-1f03-4acb-9f0e-a9ae4bdef032" />
    <UnitTestResult executionId="13b24897-5149-43f8-a6e8-dc0152601d69" testId="d93882c4-d070-40f7-b52b-bff220d000f3" testName="Test260" computerName="UA-LPT-OGA2" duration="00:00:00.4100000" startTime="2025-05-14T13:20:31.3146610Z" endTime="2025-05-14T13:25:31.3147553Z" testType="13cdc9d9-ddb5-4fa4-a97d-d965ccfc6d4b" outcome="Passed" testListId="8df8e4c7-1f03-4acb-9f0e-a9ae4bdef032" />
    <UnitTestResult executionId="85f938d2-9118-4c7f-9c5a-019a63a856d9" testId="c0631d99-0c5a-4f03-b6f0-99140dd7b910" testName="Test261" computerName="UA-LPT-OGA2" duration="00:00:00.9670000" startTime="2025-05-14T13:20:31.3146610Z" endTime="2025-05-14T13:25:31.3147553Z" testType="13cdc9d9-ddb5-4fa4-a97d-d965ccfc6d4b" outcome="Passed" testListId="8df8e4c7-1f03-4acb-9f0e-a9ae4bdef032" />
    <UnitTestResult executionId="e8684726-8e5c-46ae-9e8a-640cc96278aa" testId="c180f449-5cb4-442a-b04d-baea3cb2e04a" testName="Test262" computerName="UA-LPT-OGA2" duration="00:00:00.8210000" startTime="2025-05-14T13:20:31.3146610Z" endTime="2025-05-14T13:25:31.3147553Z" testType="13cdc9d9-ddb5-4fa4-a97d-d965ccfc6d4b" outcome="Passed" testListId="8df8e4c7-1f03-4acb-9f0e-a9ae4bdef032" />
    <UnitTestResult executionId="21e3f157-34cb-42d4-a49b-52ab645d541f" testId="ad57cce6-ad3a-4140-826c-f76e87f9b3c2" testName="Test263" computerName="UA-LPT-OGA2" duration="00:00:00.0150000" startTime="2025-05-14T13:20:31.3146610Z" endTime="2025-05-14T13:25:31.3147553Z" testType="13cdc9d9-ddb5-4fa4-a97d-d965ccfc6d4b" outcome="Passed" testListId="8df8e4c7-1f03-4acb-9f0e-a9ae4bdef032" />
    <UnitTestResult executionId="313ab2e5-2b58-444d-b5c2-c68be9ad050e" testId="24c6c721-a6ec-47d8-a19c-3fbe4db5c464" testName="Test264" computerName="UA-LPT-OGA2" duration="00:00:01.5880000" startTime="2025-05-14T13:20:31.3146610Z" endTime="2025-05-14T13:25:31.3147553Z" testType="13cdc9d9-ddb5-4fa4-a97d-d965ccfc6d4b" outcome="Passed" testListId="8df8e4c7-1f03-4acb-9f0e-a9ae4bdef032" />
    <UnitTestResult executionId="65d7ab57-592f-4a35-b4fd-ff8af39b8d9b" testId="f49898e7-ffeb-485b-b38e-cba840317317" testName="Test265" computerName="UA-LPT-OGA2" duration="00:00:01.8010000" startTime="2025-05-14T13:20:31.3146610Z" endTime="2025-05-14T13:25:31.3147553Z" testType="13cdc9d9-ddb5-4fa4-a97d-d965ccfc6d4b" outcome="Passed" testListId="8df8e4c7-1f03-4acb-9f0e-a9ae4bdef032" />
    <UnitTestResult executionId="d3b25beb-9fee-45dc-b913-a152050e7849" testId="8ddb3f22-1343-434a-90e9-da659da0ae06" testName="Test266" computerName="UA-LPT-OGA2" duration="00:00:00.8880000" startTime="2025-05-14T13:20:31.3146610Z" endTime="2025-05-14T13:25:31.3147553Z" testType="13cdc9d9-ddb5-4fa4-a97d-d965ccfc6d4b" outcome="Passed" testListId="8df8e4c7-1f03-4acb-9f0e-a9ae4bdef032" />
    <UnitTestResult executionId="28555d1c-46d8-47fa-9140-5346cf2e0499" testId="830a4685-f343-4863-a165-3ef25a903fd0" testName="Test267" computerName="UA-LPT-OGA2" duration="00:00:01.6350000" startTime="2025-05-14T13:20:31.3146610Z" endTime="2025-05-14T13:25:31.3147553Z" testType="13cdc9d9-ddb5-4fa4-a97d-d965ccfc6d4b" outcome="Passed" testListId="8df8e4c7-1f03-4acb-9f0e-a9ae4bdef032" />
    <UnitTestResult executionId="4c6ae725-1775-4c64-b45f-fa697938d13f" testId="95bd2e48-5f54-45a1-9db1-c7b076382b24" testName="Test268" computerName="UA-LPT-OGA2" duration="00:00:01.7290000" startTime="2025-05-14T13:20:31.3146610Z" endTime="2025-05-14T13:25:31.3147553Z" testType="13cdc9d9-ddb5-4fa4-a97d-d965ccfc6d4b" outcome="Passed" testListId="8df8e4c7-1f03-4acb-9f0e-a9ae4bdef032" />
    <UnitTestResult executionId="72e1a2be-f09b-440c-a568-9bb5dceb6bbd" testId="add45a83-dc28-452c-908a-0ba55a428326" testName="Test269" computerName="UA-LPT-OGA2" duration="00:00:00.3410000" startTime="2025-05-14T13:20:31.3146610Z" endTime="2025-05-14T13:25:31.3147553Z" testType="13cdc9d9-ddb5-4fa4-a97d-d965ccfc6d4b" outcome="Passed" testListId="8df8e4c7-1f03-4acb-9f0e-a9ae4bdef032" />
    <UnitTestResult executionId="c10a3d0a-ba7f-41f0-870a-0b8b8552945a" testId="e50930ae-c869-4c97-8e29-7a18b8ba4067" testName="Test270" computerName="UA-LPT-OGA2" duration="00:00:00.6650000" startTime="2025-05-14T13:20:31.3146610Z" endTime="2025-05-14T13:25:31.3147553Z" testType="13cdc9d9-ddb5-4fa4-a97d-d965ccfc6d4b" outcome="Passed" testListId="8df8e4c7-1f03-4acb-9f0e-a9ae4bdef032" />
    <UnitTestResult executionId="a4eb916e-e042-4d4e-9ddf-d7a81aaaabb4" testId="83e479d0-9df8-46ae-858b-9dd6f275d27b" testName="Test271" computerName="UA-LPT-OGA2" duration="00:00:01.9300000" startTime="2025-05-14T13:20:31.3146610Z" endTime="2025-05-14T13:25:31.3147553Z" testType="13cdc9d9-ddb5-4fa4-a97d-d965ccfc6d4b" outcome="Passed" testListId="8df8e4c7-1f03-4acb-9f0e-a9ae4bdef032" />
    <UnitTestResult executionId="74409544-e32d-425f-82be-90f37230ac99" testId="04fd31a7-df19-4e5e-9643-398a0f5a84e1" testName="Test272" computerName="UA-LPT-OGA2" duration="00:00:01.3900000" startTime="2025-05-14T13:20:31.3146610Z" endTime="2025-05-14T13:25:31.3147553Z" testType="13cdc9d9-ddb5-4fa4-a97d-d965ccfc6d4b" outcome="Passed" testListId="8df8e4c7-1f03-4acb-9f0e-a9ae4bdef032" />
    <UnitTestResult executionId="640b15a8-a010-45b1-ab16-2d83baf2cc63" testId="a2c8f31d-0bd5-42e8-b1ff-bad67acb4215" testName="Test273" computerName="UA-LPT-OGA2" duration="00:00:00.4920000" startTime="2025-05-14T13:20:31.3146610Z" endTime="2025-05-14T13:25:31.3147553Z" testType="13cdc9d9-ddb5-4fa4-a97d-d965ccfc6d4b" outcome="Passed" testListId="8df8e4c7-1f03-4acb-9f0e-a9ae4bdef032" />
    <UnitTestResult executionId="bac098ad-3485-45a3-9d3c-10272221d9b0" testId="7a7b468e-e3fe-43e8-ad4b-343a3aa7226b" testName="Test274" computerName="UA-LPT-OGA2" duration="00:00:00.0260000" startTime="2025-05-14T13:20:31.3146610Z" endTime="2025-05-14T13:25:31.3147553Z" testType="13cdc9d9-ddb5-4fa4-a97d-d965ccfc6d4b" outcome="Passed" testListId="8df8e4c7-1f03-4acb-9f0e-a9ae4bdef032" />
    <UnitTestResult executionId="d32b6209-1384-4827-b4a7-7e0cabb938b0" testId="13934bf5-07ef-4543-b2f1-b8dfc0ff64e4" testName="Test275" computerName="UA-LPT-OGA2" duration="00:00:00.3990000" startTime="2025-05-14T13:20:31.3146610Z" endTime="2025-05-14T13:25:31.3147553Z" testType="13cdc9d9-ddb5-4fa4-a97d-d965ccfc6d4b" outcome="Failed" testListId="8df8e4c7-1f03-4acb-9f0e-a9ae4bdef032">
      <Output>
        <ErrorInfo>
          <Message>Assertion failed: Expected value did not match actual value.</Message>
          <StackTrace>   at TestNamespace.TestClass.Test() in TestClass.cs:line 230</StackTrace>
        </ErrorInfo>
      </Output>
    </UnitTestResult>
    <UnitTestResult executionId="b4e18f21-7d58-404a-af78-da4fffca6589" testId="ad1a1dc5-f186-463f-b342-64345633c1e0" testName="Test276" computerName="UA-LPT-OGA2" duration="00:00:00.8020000" startTime="2025-05-14T13:20:31.3146610Z" endTime="2025-05-14T13:25:31.3147553Z" testType="13cdc9d9-ddb5-4fa4-a97d-d965ccfc6d4b" outcome="Passed" testListId="8df8e4c7-1f03-4acb-9f0e-a9ae4bdef032" />
    <UnitTestResult executionId="14028956-b665-4b03-b3bf-063306e59f1b" testId="3eca8ae2-c15f-4405-bf53-7dc678559bcf" testName="Test277" computerName="UA-LPT-OGA2" duration="00:00:00.5840000" startTime="2025-05-14T13:20:31.3146610Z" endTime="2025-05-14T13:25:31.3147553Z" testType="13cdc9d9-ddb5-4fa4-a97d-d965ccfc6d4b" outcome="Inconclusive" testListId="8df8e4c7-1f03-4acb-9f0e-a9ae4bdef032" />
    <UnitTestResult executionId="49317599-5e1d-468c-bc24-e662480e07f1" testId="aefe3350-2e36-41e7-aed0-3dba8a6e8fc2" testName="Test278" computerName="UA-LPT-OGA2" duration="00:00:00.5860000" startTime="2025-05-14T13:20:31.3146610Z" endTime="2025-05-14T13:25:31.3147553Z" testType="13cdc9d9-ddb5-4fa4-a97d-d965ccfc6d4b" outcome="Passed" testListId="8df8e4c7-1f03-4acb-9f0e-a9ae4bdef032" />
    <UnitTestResult executionId="6e0303c9-dd5f-433c-87f2-e6ba07a2ad2f" testId="bdc74a2d-b873-403e-aa6b-ae8868e4746b" testName="Test279" computerName="UA-LPT-OGA2" duration="00:00:00.5610000" startTime="2025-05-14T13:20:31.3146610Z" endTime="2025-05-14T13:25:31.3147553Z" testType="13cdc9d9-ddb5-4fa4-a97d-d965ccfc6d4b" outcome="Passed" testListId="8df8e4c7-1f03-4acb-9f0e-a9ae4bdef032" />
    <UnitTestResult executionId="813e21f7-3207-4206-8576-06ce4df70dc8" testId="20cbab5b-e432-4972-9ab9-9001b14c819e" testName="Test280" computerName="UA-LPT-OGA2" duration="00:00:00.2140000" startTime="2025-05-14T13:20:31.3146610Z" endTime="2025-05-14T13:25:31.3147553Z" testType="13cdc9d9-ddb5-4fa4-a97d-d965ccfc6d4b" outcome="Passed" testListId="8df8e4c7-1f03-4acb-9f0e-a9ae4bdef032" />
    <UnitTestResult executionId="c3a1af74-03af-45f6-9507-0aef22e8cbee" testId="30dd0c7e-c538-49e4-89c0-3c8891b5c089" testName="Test281" computerName="UA-LPT-OGA2" duration="00:00:01.9870000" startTime="2025-05-14T13:20:31.3146610Z" endTime="2025-05-14T13:25:31.3147553Z" testType="13cdc9d9-ddb5-4fa4-a97d-d965ccfc6d4b" outcome="Passed" testListId="8df8e4c7-1f03-4acb-9f0e-a9ae4bdef032" />
    <UnitTestResult executionId="7fac7f23-23de-45f7-a29d-6b2adb2fa409" testId="f9064e43-c0f8-4412-bb21-3c65d6c1cb6d" testName="Test282" computerName="UA-LPT-OGA2" duration="00:00:01.3920000" startTime="2025-05-14T13:20:31.3146610Z" endTime="2025-05-14T13:25:31.3147553Z" testType="13cdc9d9-ddb5-4fa4-a97d-d965ccfc6d4b" outcome="Passed" testListId="8df8e4c7-1f03-4acb-9f0e-a9ae4bdef032" />
    <UnitTestResult executionId="ff06b6a7-d82c-4483-95d5-ed0eb3d23fa2" testId="50530373-1963-4750-8d76-fbb0f5fa929b" testName="Test283" computerName="UA-LPT-OGA2" duration="00:00:01.0480000" startTime="2025-05-14T13:20:31.3146610Z" endTime="2025-05-14T13:25:31.3147553Z" testType="13cdc9d9-ddb5-4fa4-a97d-d965ccfc6d4b" outcome="Passed" testListId="8df8e4c7-1f03-4acb-9f0e-a9ae4bdef032" />
    <UnitTestResult executionId="491da12c-3e40-4fb9-9e8b-c419fa962278" testId="b84fb26f-f62c-471a-8f49-9c91b7314643" testName="Test284" computerName="UA-LPT-OGA2" duration="00:00:01.1570000" startTime="2025-05-14T13:20:31.3146610Z" endTime="2025-05-14T13:25:31.3147553Z" testType="13cdc9d9-ddb5-4fa4-a97d-d965ccfc6d4b" outcome="Passed" testListId="8df8e4c7-1f03-4acb-9f0e-a9ae4bdef032" />
    <UnitTestResult executionId="073acae1-6d91-4cfb-96df-f5ed07cda28b" testId="417e8b05-2456-4a31-8d41-d19a05b76d03" testName="Test285" computerName="UA-LPT-OGA2" duration="00:00:00.8500000" startTime="2025-05-14T13:20:31.3146610Z" endTime="2025-05-14T13:25:31.3147553Z" testType="13cdc9d9-ddb5-4fa4-a97d-d965ccfc6d4b" outcome="Passed" testListId="8df8e4c7-1f03-4acb-9f0e-a9ae4bdef032" />
    <UnitTestResult executionId="e01a6699-8e09-49f2-95f7-522321b1ddb1" testId="b80d36ae-4d86-4b2d-9060-3870e9c0011a" testName="Test286" computerName="UA-LPT-OGA2" duration="00:00:00.5810000" startTime="2025-05-14T13:20:31.3146610Z" endTime="2025-05-14T13:25:31.3147553Z" testType="13cdc9d9-ddb5-4fa4-a97d-d965ccfc6d4b" outcome="Passed" testListId="8df8e4c7-1f03-4acb-9f0e-a9ae4bdef032" />
    <UnitTestResult executionId="52cea4c4-dab9-4461-9bd9-f57d3ef0883a" testId="efc9d3d1-419a-4a9b-993c-fda0c380fb95" testName="Test287" computerName="UA-LPT-OGA2" duration="00:00:01.7160000" startTime="2025-05-14T13:20:31.3146610Z" endTime="2025-05-14T13:25:31.3147553Z" testType="13cdc9d9-ddb5-4fa4-a97d-d965ccfc6d4b" outcome="Passed" testListId="8df8e4c7-1f03-4acb-9f0e-a9ae4bdef032" />
    <UnitTestResult executionId="23f03445-f9b3-4dc2-ab5d-3bc71bf8b6cb" testId="186be0cc-9b4f-4123-b283-83f554ae4bce" testName="Test288" computerName="UA-LPT-OGA2" duration="00:00:01.0550000" startTime="2025-05-14T13:20:31.3146610Z" endTime="2025-05-14T13:25:31.3147553Z" testType="13cdc9d9-ddb5-4fa4-a97d-d965ccfc6d4b" outcome="Passed" testListId="8df8e4c7-1f03-4acb-9f0e-a9ae4bdef032" />
    <UnitTestResult executionId="842b7c23-0330-4775-a957-3e0b47da2890" testId="625be6b9-67b8-4ae3-aae5-3be1955d7ed9" testName="Test289" computerName="UA-LPT-OGA2" duration="00:00:01.4770000" startTime="2025-05-14T13:20:31.3146610Z" endTime="2025-05-14T13:25:31.3147553Z" testType="13cdc9d9-ddb5-4fa4-a97d-d965ccfc6d4b" outcome="Passed" testListId="8df8e4c7-1f03-4acb-9f0e-a9ae4bdef032" />
    <UnitTestResult executionId="ea86de0c-61fb-4e76-8cf0-0b765706f434" testId="c29b2812-4441-4b49-869c-9b2be928309b" testName="Test290" computerName="UA-LPT-OGA2" duration="00:00:01.4720000" startTime="2025-05-14T13:20:31.3146610Z" endTime="2025-05-14T13:25:31.3147553Z" testType="13cdc9d9-ddb5-4fa4-a97d-d965ccfc6d4b" outcome="Passed" testListId="8df8e4c7-1f03-4acb-9f0e-a9ae4bdef032" />
    <UnitTestResult executionId="3d499b16-e88a-43d2-a79c-0793f43ee03d" testId="7c879ba4-f473-41b5-bf93-fa3ab44a1ea2" testName="Test291" computerName="UA-LPT-OGA2" duration="00:00:00.8780000" startTime="2025-05-14T13:20:31.3146610Z" endTime="2025-05-14T13:25:31.3147553Z" testType="13cdc9d9-ddb5-4fa4-a97d-d965ccfc6d4b" outcome="Passed" testListId="8df8e4c7-1f03-4acb-9f0e-a9ae4bdef032" />
    <UnitTestResult executionId="79810d90-5902-4374-b5ec-78e9b1a09d85" testId="b502fd69-59ff-4987-8034-b3207ee0c37a" testName="Test292" computerName="UA-LPT-OGA2" duration="00:00:01.2740000" startTime="2025-05-14T13:20:31.3146610Z" endTime="2025-05-14T13:25:31.3147553Z" testType="13cdc9d9-ddb5-4fa4-a97d-d965ccfc6d4b" outcome="Passed" testListId="8df8e4c7-1f03-4acb-9f0e-a9ae4bdef032" />
    <UnitTestResult executionId="bade027e-e73f-49ad-a954-075f2274c259" testId="80034a09-c001-4c4c-b577-f1efa6725287" testName="Test293" computerName="UA-LPT-OGA2" duration="00:00:01.9730000" startTime="2025-05-14T13:20:31.3146610Z" endTime="2025-05-14T13:25:31.3147553Z" testType="13cdc9d9-ddb5-4fa4-a97d-d965ccfc6d4b" outcome="Passed" testListId="8df8e4c7-1f03-4acb-9f0e-a9ae4bdef032" />
    <UnitTestResult executionId="0da86418-fcc5-4ebc-bc0f-5cda649724da" testId="8d0da81d-9a0a-48ec-8934-6cda054cea5a" testName="Test294" computerName="UA-LPT-OGA2" duration="00:00:00.4470000" startTime="2025-05-14T13:20:31.3146610Z" endTime="2025-05-14T13:25:31.3147553Z" testType="13cdc9d9-ddb5-4fa4-a97d-d965ccfc6d4b" outcome="Passed" testListId="8df8e4c7-1f03-4acb-9f0e-a9ae4bdef032" />
    <UnitTestResult executionId="0043dfb0-8760-4303-817a-641f24093bff" testId="f9ebb021-059e-4334-9b36-20ad3697cd7f" testName="Test295" computerName="UA-LPT-OGA2" duration="00:00:00.1030000" startTime="2025-05-14T13:20:31.3146610Z" endTime="2025-05-14T13:25:31.3147553Z" testType="13cdc9d9-ddb5-4fa4-a97d-d965ccfc6d4b" outcome="Passed" testListId="8df8e4c7-1f03-4acb-9f0e-a9ae4bdef032" />
    <UnitTestResult executionId="a0068430-19e7-4980-81de-e8a0fbf65a21" testId="0858da90-aaa7-424b-aa3d-dfb94e0a4a44" testName="Test296" computerName="UA-LPT-OGA2" duration="00:00:00.4220000" startTime="2025-05-14T13:20:31.3146610Z" endTime="2025-05-14T13:25:31.3147553Z" testType="13cdc9d9-ddb5-4fa4-a97d-d965ccfc6d4b" outcome="Passed" testListId="8df8e4c7-1f03-4acb-9f0e-a9ae4bdef032" />
    <UnitTestResult executionId="33068139-660c-489e-b96f-9f5cd7c761fc" testId="d86f7cac-4ba6-4d60-9d2c-2052f5f8d4ca" testName="Test297" computerName="UA-LPT-OGA2" duration="00:00:01.8550000" startTime="2025-05-14T13:20:31.3146610Z" endTime="2025-05-14T13:25:31.3147553Z" testType="13cdc9d9-ddb5-4fa4-a97d-d965ccfc6d4b" outcome="Failed" testListId="8df8e4c7-1f03-4acb-9f0e-a9ae4bdef032">
      <Output>
        <ErrorInfo>
          <Message>Assertion failed: Expected value did not match actual value.</Message>
          <StackTrace>   at TestNamespace.TestClass.Test() in TestClass.cs:line 408</StackTrace>
        </ErrorInfo>
      </Output>
    </UnitTestResult>
    <UnitTestResult executionId="21b16d74-d0cf-4c52-894b-c6acc646ab62" testId="0fe172ca-1ee3-4f43-ae19-6eea60d85b1d" testName="Test298" computerName="UA-LPT-OGA2" duration="00:00:00.4420000" startTime="2025-05-14T13:20:31.3146610Z" endTime="2025-05-14T13:25:31.3147553Z" testType="13cdc9d9-ddb5-4fa4-a97d-d965ccfc6d4b" outcome="Passed" testListId="8df8e4c7-1f03-4acb-9f0e-a9ae4bdef032" />
    <UnitTestResult executionId="20fb1d4d-84c6-4506-bec2-ce74e7b59ef9" testId="b4178d57-25b7-4b71-a2ad-f099d53d396d" testName="Test299" computerName="UA-LPT-OGA2" duration="00:00:00.1680000" startTime="2025-05-14T13:20:31.3146610Z" endTime="2025-05-14T13:25:31.3147553Z" testType="13cdc9d9-ddb5-4fa4-a97d-d965ccfc6d4b" outcome="Passed" testListId="8df8e4c7-1f03-4acb-9f0e-a9ae4bdef032" />
    <UnitTestResult executionId="8521e036-562e-4b63-9f0c-d83f1a17093e" testId="0d3e74c6-11ab-42b8-9deb-7a81f41b6712" testName="Test300" computerName="UA-LPT-OGA2" duration="00:00:00.6280000" startTime="2025-05-14T13:20:31.3146610Z" endTime="2025-05-14T13:25:31.3147553Z" testType="13cdc9d9-ddb5-4fa4-a97d-d965ccfc6d4b" outcome="Passed" testListId="8df8e4c7-1f03-4acb-9f0e-a9ae4bdef032" />
  </Results>
  <TestDefinitions>
    <UnitTest name="Test201" id="c25943fd-5f3f-4635-a338-498a6b233690" storage="TestAssembly.dll">
      <Execution id="8d227c4e-fc1c-4fbc-ba21-e9553165c630" />
      <TestMethod codeBase="TestAssembly.dll" className="TestNamespace.TestClass1" name="Test201" />
    </UnitTest>
    <UnitTest name="Test202" id="5226c062-bc15-4958-afa0-a3e25e83cb68" storage="TestAssembly.dll">
      <Execution id="c992f532-1dfd-4551-b6ba-b63b1d9cc3ae" />
      <TestMethod codeBase="TestAssembly.dll" className="TestNamespace.TestClass1" name="Test202" />
    </UnitTest>
    <UnitTest name="Test203" id="47569a93-4831-4c66-918f-571ab38caee4" storage="TestAssembly.dll">
      <Execution id="5606999c-7443-465c-95db-de52d8e007da" />
      <TestMethod codeBase="TestAssembly.dll" className="TestNamespace.TestClass1" name="Test203" />
    </UnitTest>
    <UnitTest name="Test204" id="b315cbb1-06af-464a-b818-f19ad6f5058e" storage="TestAssembly.dll">
      <Execution id="062c1afd-9988-4618-9855-eb498fd97644" />
      <TestMethod codeBase="TestAssembly.dll" className="TestNamespace.TestClass1" name="Test204" />
    </UnitTest>
    <UnitTest name="Test205" id="bf1b95a5-b1fa-4549-99e1-104ceb182c4d" storage="TestAssembly.dll">
      <Execution id="5842293a-404e-4c26-9abf-290af702f089" />
      <TestMethod codeBase="TestAssembly.dll" className="TestNamespace.TestClass1" name="Test205" />
    </UnitTest>
    <UnitTest name="Test206" id="c19b5c6e-8685-4283-8000-51c41c5209dc" storage="TestAssembly.dll">
      <Execution id="ec8d1b10-6271-42c5-b2f1-d9ff4b1ae04a" />
      <TestMethod codeBase="TestAssembly.dll" className="TestNamespace.TestClass1" name="Test206" />
    </UnitTest>
    <UnitTest name="Test207" id="a00385e0-4414-4385-ae23-d9f815f6ba61" storage="TestAssembly.dll">
      <Execution id="7957c369-a115-4c7c-8530-145d0680bfbe" />
      <TestMethod codeBase="TestAssembly.dll" className="TestNamespace.TestClass1" name="Test207" />
    </UnitTest>
    <UnitTest name="Test208" id="972fc9a6-960b-421e-8e8c-5d5930341d52" storage="TestAssembly.dll">
      <Execution id="f426aee7-5543-4e5c-9ba1-8d2111498886" />
      <TestMethod codeBase="TestAssembly.dll" className="TestNamespace.TestClass1" name="Test208" />
    </UnitTest>
    <UnitTest name="Test209" id="64d3c20e-658e-4aad-88fd-6a17d4723e6d" storage="TestAssembly.dll">
      <Execution id="61f80a82-5408-45dc-9793-74d1738c78a3" />
      <TestMethod codeBase="TestAssembly.dll" className="TestNamespace.TestClass1" name="Test209" />
    </UnitTest>
    <UnitTest name="Test210" id="7521cc3a-8917-4a92-8365-1cef3a149061" storage="TestAssembly.dll">
      <Execution id="8827c574-ffeb-4c81-914e-4d754a22d401" />
      <TestMethod codeBase="TestAssembly.dll" className="TestNamespace.TestClass1" name="Test210" />
    </UnitTest>
    <UnitTest name="Test211" id="0f79a59b-4fbd-4847-9077-d7e510fd4904" storage="TestAssembly.dll">
      <Execution id="487aec78-3c66-41bb-ad4c-9aa9802e65d5" />
      <TestMethod codeBase="TestAssembly.dll" className="TestNamespace.TestClass2" name="Test211" />
    </UnitTest>
    <UnitTest name="Test212" id="989db03c-2171-45a3-a794-e6d79d3487ed" storage="TestAssembly.dll">
      <Execution id="c1287131-8251-41a7-a453-6ea58272f0c4" />
      <TestMethod codeBase="TestAssembly.dll" className="TestNamespace.TestClass2" name="Test212" />
    </UnitTest>
    <UnitTest name="Test213" id="034cf384-a725-4f00-89ab-d422554c77ef" storage="TestAssembly.dll">
      <Execution id="58066a51-94db-4561-9bd9-b60398b1e7ae" />
      <TestMethod codeBase="TestAssembly.dll" className="TestNamespace.TestClass2" name="Test213" />
    </UnitTest>
    <UnitTest name="Test214" id="7b89b1df-2421-4d8d-ab43-40d070316929" storage="TestAssembly.dll">
      <Execution id="0ad994dd-9c30-493d-a912-e1e44d6f3324" />
      <TestMethod codeBase="TestAssembly.dll" className="TestNamespace.TestClass2" name="Test214" />
    </UnitTest>
    <UnitTest name="Test215" id="f60e2447-62d9-43a8-9e2e-f975b8f282eb" storage="TestAssembly.dll">
      <Execution id="8b90ff0f-cf9a-4870-a4c0-9cf668034083" />
      <TestMethod codeBase="TestAssembly.dll" className="TestNamespace.TestClass2" name="Test215" />
    </UnitTest>
    <UnitTest name="Test216" id="0d4d4a9f-f6ff-40fa-b5a6-3d77460ec789" storage="TestAssembly.dll">
      <Execution id="88667af9-5883-45fb-bac6-3986aac901e8" />
      <TestMethod codeBase="TestAssembly.dll" className="TestNamespace.TestClass2" name="Test216" />
    </UnitTest>
    <UnitTest name="Test217" id="c9c6b44d-5d9a-4504-80fc-b8eb20302718" storage="TestAssembly.dll">
      <Execution id="fd9e77e2-e5eb-44b6-984f-5c26aaa603a2" />
      <TestMethod codeBase="TestAssembly.dll" className="TestNamespace.TestClass2" name="Test217" />
    </UnitTest>
    <UnitTest name="Test218" id="e730ae02-618d-4fc5-a69a-fa50fb208fc0" storage="TestAssembly.dll">
      <Execution id="a13c416e-b8c7-4e3e-989c-8166ef373f8e" />
      <TestMethod codeBase="TestAssembly.dll" className="TestNamespace.TestClass2" name="Test218" />
    </UnitTest>
    <UnitTest name="Test219" id="a27f1fcf-ae9e-4966-adff-02d6d5acf100" storage="TestAssembly.dll">
      <Execution id="b38f86d2-b701-436a-993d-7dbbd0ae0938" />
      <TestMethod codeBase="TestAssembly.dll" className="TestNamespace.TestClass2" name="Test219" />
    </UnitTest>
    <UnitTest name="Test220" id="aac7dcab-4671-45cb-a3a3-69cfdca0330a" storage="TestAssembly.dll">
      <Execution id="44494726-89f4-4398-a22e-a75c54cfdb0f" />
      <TestMethod codeBase="TestAssembly.dll" className="TestNamespace.TestClass2" name="Test220" />
    </UnitTest>
    <UnitTest name="Test221" id="22df3989-854f-4e05-a566-c8e37e146cad" storage="TestAssembly.dll">
      <Execution id="17f2a0f6-39e4-4899-9aee-e29c354f3d72" />
      <TestMethod codeBase="TestAssembly.dll" className="TestNamespace.TestClass3" name="Test221" />
    </UnitTest>
    <UnitTest name="Test222" id="492995b1-252f-4c15-b1b8-2038eafbe479" storage="TestAssembly.dll">
      <Execution id="2e58bd8c-cd0e-467f-9c09-ce8985f0ce82" />
      <TestMethod codeBase="TestAssembly.dll" className="TestNamespace.TestClass3" name="Test222" />
    </UnitTest>
    <UnitTest name="Test223" id="effeeb40-8722-485c-94b5-db905d89dbfa" storage="TestAssembly.dll">
      <Execution id="18e21191-f35b-4732-a7cb-09579d390b58" />
      <TestMethod codeBase="TestAssembly.dll" className="TestNamespace.TestClass3" name="Test223" />
    </UnitTest>
    <UnitTest name="Test224" id="5aca3c28-377b-4b64-b087-c5ac59819f6b" storage="TestAssembly.dll">
      <Execution id="4729312d-ddac-4520-aa7b-e1fd2c6a23e9" />
      <TestMethod codeBase="TestAssembly.dll" className="TestNamespace.TestClass3" name="Test224" />
    </UnitTest>
    <UnitTest name="Test225" id="e41aaae6-6043-4912-9c81-f893b0586494" storage="TestAssembly.dll">
      <Execution id="bf517ba8-d367-4b47-92bd-f704270c5b96" />
      <TestMethod codeBase="TestAssembly.dll" className="TestNamespace.TestClass3" name="Test225" />
    </UnitTest>
    <UnitTest name="Test226" id="c6495e8a-ae42-46e2-b59d-e7b098ccd18c" storage="TestAssembly.dll">
      <Execution id="f952bf91-96bd-4ac5-bcd4-ad7855135efc" />
      <TestMethod codeBase="TestAssembly.dll" className="TestNamespace.TestClass3" name="Test226" />
    </UnitTest>
    <UnitTest name="Test227" id="23219713-b2bb-4013-9d0b-9388afbd1cea" storage="TestAssembly.dll">
      <Execution id="8e51e72d-0f79-4e1e-bfb4-e0640f5b23a3" />
      <TestMethod codeBase="TestAssembly.dll" className="TestNamespace.TestClass3" name="Test227" />
    </UnitTest>
    <UnitTest name="Test228" id="2cd4df28-2007-40c4-9d78-40e326c39b63" storage="TestAssembly.dll">
      <Execution id="f41808ee-393e-4ded-93b9-66f03e973ec8" />
      <TestMethod codeBase="TestAssembly.dll" className="TestNamespace.TestClass3" name="Test228" />
    </UnitTest>
    <UnitTest name="Test229" id="d60411ba-6570-4274-b0f3-180437a72fcf" storage="TestAssembly.dll">
      <Execution id="2cfa8bdb-a354-4680-ab58-325e9d408f6b" />
      <TestMethod codeBase="TestAssembly.dll" className="TestNamespace.TestClass3" name="Test229" />
    </UnitTest>
    <UnitTest name="Test230" id="95235f2b-a625-48ea-9914-d599ca7ea119" storage="TestAssembly.dll">
      <Execution id="d8f4b3ca-7145-41db-878a-57c7d281b9b0" />
      <TestMethod codeBase="TestAssembly.dll" className="TestNamespace.TestClass3" name="Test230" />
    </UnitTest>
    <UnitTest name="Test231" id="29285dd0-e0e8-43be-9342-254b0608b74e" storage="TestAssembly.dll">
      <Execution id="c69d0365-01f5-48e9-be0c-41dbc3ef53b7" />
      <TestMethod codeBase="TestAssembly.dll" className="TestNamespace.TestClass4" name="Test231" />
    </UnitTest>
    <UnitTest name="Test232" id="ac005a50-0c92-44ad-b224-ed483de260eb" storage="TestAssembly.dll">
      <Execution id="5970c740-2ab8-4c8a-8f9e-686e72e666a3" />
      <TestMethod codeBase="TestAssembly.dll" className="TestNamespace.TestClass4" name="Test232" />
    </UnitTest>
    <UnitTest name="Test233" id="074c7ac0-8140-4a43-9bb8-f9cef8d25949" storage="TestAssembly.dll">
      <Execution id="89506ad9-9988-4d4e-8bef-332d05296139" />
      <TestMethod codeBase="TestAssembly.dll" className="TestNamespace.TestClass4" name="Test233" />
    </UnitTest>
    <UnitTest name="Test234" id="c16778ea-bc0e-4336-86a9-0932153eb3e3" storage="TestAssembly.dll">
      <Execution id="c1784a6d-32f5-4103-bdae-db1b20327c65" />
      <TestMethod codeBase="TestAssembly.dll" className="TestNamespace.TestClass4" name="Test234" />
    </UnitTest>
    <UnitTest name="Test235" id="2a31395f-f587-4eac-8e7c-3f190bff7a2b" storage="TestAssembly.dll">
      <Execution id="9505a022-344c-4870-87db-d01f832a0056" />
      <TestMethod codeBase="TestAssembly.dll" className="TestNamespace.TestClass4" name="Test235" />
    </UnitTest>
    <UnitTest name="Test236" id="74dc1165-df96-45fd-900d-2d768f856f30" storage="TestAssembly.dll">
      <Execution id="b4511f3b-9ba9-4ae7-a431-17f72bfb9c66" />
      <TestMethod codeBase="TestAssembly.dll" className="TestNamespace.TestClass4" name="Test236" />
    </UnitTest>
    <UnitTest name="Test237" id="a13fb457-214c-4f32-a052-625a7ffbc5a0" storage="TestAssembly.dll">
      <Execution id="1a1cfdd6-54f9-4712-8bb6-e6bf580a892f" />
      <TestMethod codeBase="TestAssembly.dll" className="TestNamespace.TestClass4" name="Test237" />
    </UnitTest>
    <UnitTest name="Test238" id="9d18ed56-5991-459e-914f-21abcc4bff85" storage="TestAssembly.dll">
      <Execution id="7e2cef5c-52cb-4379-98da-77af626d0e2a" />
      <TestMethod codeBase="TestAssembly.dll" className="TestNamespace.TestClass4" name="Test238" />
    </UnitTest>
    <UnitTest name="Test239" id="85147f64-f3bc-45e7-b3c2-f05986f30356" storage="TestAssembly.dll">
      <Execution id="5e6c8e1b-4195-4ca6-9bd8-6ebc1a24e868" />
      <TestMethod codeBase="TestAssembly.dll" className="TestNamespace.TestClass4" name="Test239" />
    </UnitTest>
    <UnitTest name="Test240" id="b89a1a50-f44e-4f58-86a3-63227f92085f" storage="TestAssembly.dll">
      <Execution id="23c93386-edad-412e-822e-7d3073bdedef" />
      <TestMethod codeBase="TestAssembly.dll" className="TestNamespace.TestClass4" name="Test240" />
    </UnitTest>
    <UnitTest name="Test241" id="2d17ebf6-ed1e-45e2-a46d-6185c5d6f6b1" storage="TestAssembly.dll">
      <Execution id="100a1216-d118-4924-aa6f-8a1220406006" />
      <TestMethod codeBase="TestAssembly.dll" className="TestNamespace.TestClass5" name="Test241" />
    </UnitTest>
    <UnitTest name="Test242" id="b813f2e4-258b-4f6f-a77f-8e0a1bb2a378" storage="TestAssembly.dll">
      <Execution id="584bff72-08fa-41df-ac14-b2b4e448207c" />
      <TestMethod codeBase="TestAssembly.dll" className="TestNamespace.TestClass5" name="Test242" />
    </UnitTest>
    <UnitTest name="Test243" id="179794e4-8313-461b-ba64-3b576b674b0b" storage="TestAssembly.dll">
      <Execution id="d52bc7ac-be6c-4c61-b516-6844e4328fcc" />
      <TestMethod codeBase="TestAssembly.dll" className="TestNamespace.TestClass5" name="Test243" />
    </UnitTest>
    <UnitTest name="Test244" id="4b495547-d1e1-4982-99f5-d1027e97fca0" storage="TestAssembly.dll">
      <Execution id="5239412c-99ca-40f5-a820-a0a00824051b" />
      <TestMethod codeBase="TestAssembly.dll" className="TestNamespace.TestClass5" name="Test244" />
    </UnitTest>
    <UnitTest name="Test245" id="06370217-0c37-4f5d-949c-b5f09c79efa9" storage="TestAssembly.dll">
      <Execution id="80d1c461-eedc-498b-91c5-0a9fecfef533" />
      <TestMethod codeBase="TestAssembly.dll" className="TestNamespace.TestClass5" name="Test245" />
    </UnitTest>
    <UnitTest name="Test246" id="efded0d2-6684-4326-b7c2-366914db0219" storage="TestAssembly.dll">
      <Execution id="d0924fde-5f98-4503-aef9-726fc39536d8" />
      <TestMethod codeBase="TestAssembly.dll" className="TestNamespace.TestClass5" name="Test246" />
    </UnitTest>
    <UnitTest name="Test247" id="66bc078b-531b-4e25-ba77-e59ebe0793b3" storage="TestAssembly.dll">
      <Execution id="68d3f978-92fb-4d44-9c96-00ccd8a902bb" />
      <TestMethod codeBase="TestAssembly.dll" className="TestNamespace.TestClass5" name="Test247" />
    </UnitTest>
    <UnitTest name="Test248" id="acb19312-e22b-4c21-9ace-d434685270f4" storage="TestAssembly.dll">
      <Execution id="e2c6827c-a9bd-4dbf-b073-fb5cb924d271" />
      <TestMethod codeBase="TestAssembly.dll" className="TestNamespace.TestClass5" name="Test248" />
    </UnitTest>
    <UnitTest name="Test249" id="ffc7361d-0617-4657-8906-979f8498b1ad" storage="TestAssembly.dll">
      <Execution id="6bb1cd74-b952-4ca6-a367-2f99179d5ecc" />
      <TestMethod codeBase="TestAssembly.dll" className="TestNamespace.TestClass5" name="Test249" />
    </UnitTest>
    <UnitTest name="Test250" id="3dee565a-38c8-49f0-966c-7d1555c69409" storage="TestAssembly.dll">
      <Execution id="fd372ecd-c0d7-462d-8506-61259df3efa6" />
      <TestMethod codeBase="TestAssembly.dll" className="TestNamespace.TestClass5" name="Test250" />
    </UnitTest>
    <UnitTest name="Test251" id="2e4a6f73-bb0b-460e-9cb5-71ca3d9d099d" storage="TestAssembly.dll">
      <Execution id="5d69fbf1-d612-4262-8f29-6b57fd7fd6e8" />
      <TestMethod codeBase="TestAssembly.dll" className="TestNamespace.TestClass6" name="Test251" />
    </UnitTest>
    <UnitTest name="Test252" id="0c231c11-fa66-428c-bb89-07da2ac1a53d" storage="TestAssembly.dll">
      <Execution id="fddcab27-0429-4ed0-a603-c0493608a66e" />
      <TestMethod codeBase="TestAssembly.dll" className="TestNamespace.TestClass6" name="Test252" />
    </UnitTest>
    <UnitTest name="Test253" id="6d4e9a33-aacc-4074-82b2-1827d7ba3b3e" storage="TestAssembly.dll">
      <Execution id="e792aa6a-cb2c-40c3-b187-06eaa6073fb1" />
      <TestMethod codeBase="TestAssembly.dll" className="TestNamespace.TestClass6" name="Test253" />
    </UnitTest>
    <UnitTest name="Test254" id="4a9e06cf-51bf-4dad-84bf-6ce289e472d4" storage="TestAssembly.dll">
      <Execution id="95dde0b4-9ba5-46cd-afed-0f1fa0ecd16c" />
      <TestMethod codeBase="TestAssembly.dll" className="TestNamespace.TestClass6" name="Test254" />
    </UnitTest>
    <UnitTest name="Test255" id="aa3a8e49-7e19-404b-9649-d7a3ed7d7989" storage="TestAssembly.dll">
      <Execution id="7f5dde22-8e11-45af-a17d-7de715654659" />
      <TestMethod codeBase="TestAssembly.dll" className="TestNamespace.TestClass6" name="Test255" />
    </UnitTest>
    <UnitTest name="Test256" id="7e86be72-8330-415b-8ecc-8c1b057c67a1" storage="TestAssembly.dll">
      <Execution id="3cc4937d-9d2f-480b-b7f5-a36fc2e8c3db" />
      <TestMethod codeBase="TestAssembly.dll" className="TestNamespace.TestClass6" name="Test256" />
    </UnitTest>
    <UnitTest name="Test257" id="4428a881-15d6-4a32-a33f-90b3eb48f0b6" storage="TestAssembly.dll">
      <Execution id="3a5a571c-f9f9-409a-9919-de66f4702d08" />
      <TestMethod codeBase="TestAssembly.dll" className="TestNamespace.TestClass6" name="Test257" />
    </UnitTest>
    <UnitTest name="Test258" id="40ff20b2-e665-47d7-8e46-49b343bd0573" storage="TestAssembly.dll">
      <Execution id="67f2e00c-5e3d-45ed-9dc1-76d5357f7fce" />
      <TestMethod codeBase="TestAssembly.dll" className="TestNamespace.TestClass6" name="Test258" />
    </UnitTest>
    <UnitTest name="Test259" id="d09bbdea-ac3a-490a-89dd-b7a76db4873e" storage="TestAssembly.dll">
      <Execution id="51e0276d-174c-47da-9b86-7b4e55e5b81e" />
      <TestMethod codeBase="TestAssembly.dll" className="TestNamespace.TestClass6" name="Test259" />
    </UnitTest>
    <UnitTest name="Test260" id="d93882c4-d070-40f7-b52b-bff220d000f3" storage="TestAssembly.dll">
      <Execution id="13b24897-5149-43f8-a6e8-dc0152601d69" />
      <TestMethod codeBase="TestAssembly.dll" className="TestNamespace.TestClass6" name="Test260" />
    </UnitTest>
    <UnitTest name="Test261" id="c0631d99-0c5a-4f03-b6f0-99140dd7b910" storage="TestAssembly.dll">
      <Execution id="85f938d2-9118-4c7f-9c5a-019a63a856d9" />
      <TestMethod codeBase="TestAssembly.dll" className="TestNamespace.TestClass7" name="Test261" />
    </UnitTest>
    <UnitTest name="Test262" id="c180f449-5cb4-442a-b04d-baea3cb2e04a" storage="TestAssembly.dll">
      <Execution id="e8684726-8e5c-46ae-9e8a-640cc96278aa" />
      <TestMethod codeBase="TestAssembly.dll" className="TestNamespace.TestClass7" name="Test262" />
    </UnitTest>
    <UnitTest name="Test263" id="ad57cce6-ad3a-4140-826c-f76e87f9b3c2" storage="TestAssembly.dll">
      <Execution id="21e3f157-34cb-42d4-a49b-52ab645d541f" />
      <TestMethod codeBase="TestAssembly.dll" className="TestNamespace.TestClass7" name="Test263" />
    </UnitTest>
    <UnitTest name="Test264" id="24c6c721-a6ec-47d8-a19c-3fbe4db5c464" storage="TestAssembly.dll">
      <Execution id="313ab2e5-2b58-444d-b5c2-c68be9ad050e" />
      <TestMethod codeBase="TestAssembly.dll" className="TestNamespace.TestClass7" name="Test264" />
    </UnitTest>
    <UnitTest name="Test265" id="f49898e7-ffeb-485b-b38e-cba840317317" storage="TestAssembly.dll">
      <Execution id="65d7ab57-592f-4a35-b4fd-ff8af39b8d9b" />
      <TestMethod codeBase="TestAssembly.dll" className="TestNamespace.TestClass7" name="Test265" />
    </UnitTest>
    <UnitTest name="Test266" id="8ddb3f22-1343-434a-90e9-da659da0ae06" storage="TestAssembly.dll">
      <Execution id="d3b25beb-9fee-45dc-b913-a152050e7849" />
      <TestMethod codeBase="TestAssembly.dll" className="TestNamespace.TestClass7" name="Test266" />
    </UnitTest>
    <UnitTest name="Test267" id="830a4685-f343-4863-a165-3ef25a903fd0" storage="TestAssembly.dll">
      <Execution id="28555d1c-46d8-47fa-9140-5346cf2e0499" />
      <TestMethod codeBase="TestAssembly.dll" className="TestNamespace.TestClass7" name="Test267" />
    </UnitTest>
    <UnitTest name="Test268" id="95bd2e48-5f54-45a1-9db1-c7b076382b24" storage="TestAssembly.dll">
      <Execution id="4c6ae725-1775-4c64-b45f-fa697938d13f" />
      <TestMethod codeBase="TestAssembly.dll" className="TestNamespace.TestClass7" name="Test268" />
    </UnitTest>
    <UnitTest name="Test269" id="add45a83-dc28-452c-908a-0ba55a428326" storage="TestAssembly.dll">
      <Execution id="72e1a2be-f09b-440c-a568-9bb5dceb6bbd" />
      <TestMethod codeBase="TestAssembly.dll" className="TestNamespace.TestClass7" name="Test269" />
    </UnitTest>
    <UnitTest name="Test270" id="e50930ae-c869-4c97-8e29-7a18b8ba4067" storage="TestAssembly.dll">
      <Execution id="c10a3d0a-ba7f-41f0-870a-0b8b8552945a" />
      <TestMethod codeBase="TestAssembly.dll" className="TestNamespace.TestClass7" name="Test270" />
    </UnitTest>
    <UnitTest name="Test271" id="83e479d0-9df8-46ae-858b-9dd6f275d27b" storage="TestAssembly.dll">
      <Execution id="a4eb916e-e042-4d4e-9ddf-d7a81aaaabb4" />
      <TestMethod codeBase="TestAssembly.dll" className="TestNamespace.TestClass8" name="Test271" />
    </UnitTest>
    <UnitTest name="Test272" id="04fd31a7-df19-4e5e-9643-398a0f5a84e1" storage="TestAssembly.dll">
      <Execution id="74409544-e32d-425f-82be-90f37230ac99" />
      <TestMethod codeBase="TestAssembly.dll" className="TestNamespace.TestClass8" name="Test272" />
    </UnitTest>
    <UnitTest name="Test273" id="a2c8f31d-0bd5-42e8-b1ff-bad67acb4215" storage="TestAssembly.dll">
      <Execution id="640b15a8-a010-45b1-ab16-2d83baf2cc63" />
      <TestMethod codeBase="TestAssembly.dll" className="TestNamespace.TestClass8" name="Test273" />
    </UnitTest>
    <UnitTest name="Test274" id="7a7b468e-e3fe-43e8-ad4b-343a3aa7226b" storage="TestAssembly.dll">
      <Execution id="bac098ad-3485-45a3-9d3c-10272221d9b0" />
      <TestMethod codeBase="TestAssembly.dll" className="TestNamespace.TestClass8" name="Test274" />
    </UnitTest>
    <UnitTest name="Test275" id="13934bf5-07ef-4543-b2f1-b8dfc0ff64e4" storage="TestAssembly.dll">
      <Execution id="d32b6209-1384-4827-b4a7-7e0cabb938b0" />
      <TestMethod codeBase="TestAssembly.dll" className="TestNamespace.TestClass8" name="Test275" />
    </UnitTest>
    <UnitTest name="Test276" id="ad1a1dc5-f186-463f-b342-64345633c1e0" storage="TestAssembly.dll">
      <Execution id="b4e18f21-7d58-404a-af78-da4fffca6589" />
      <TestMethod codeBase="TestAssembly.dll" className="TestNamespace.TestClass8" name="Test276" />
    </UnitTest>
    <UnitTest name="Test277" id="3eca8ae2-c15f-4405-bf53-7dc678559bcf" storage="TestAssembly.dll">
      <Execution id="14028956-b665-4b03-b3bf-063306e59f1b" />
      <TestMethod codeBase="TestAssembly.dll" className="TestNamespace.TestClass8" name="Test277" />
    </UnitTest>
    <UnitTest name="Test278" id="aefe3350-2e36-41e7-aed0-3dba8a6e8fc2" storage="TestAssembly.dll">
      <Execution id="49317599-5e1d-468c-bc24-e662480e07f1" />
      <TestMethod codeBase="TestAssembly.dll" className="TestNamespace.TestClass8" name="Test278" />
    </UnitTest>
    <UnitTest name="Test279" id="bdc74a2d-b873-403e-aa6b-ae8868e4746b" storage="TestAssembly.dll">
      <Execution id="6e0303c9-dd5f-433c-87f2-e6ba07a2ad2f" />
      <TestMethod codeBase="TestAssembly.dll" className="TestNamespace.TestClass8" name="Test279" />
    </UnitTest>
    <UnitTest name="Test280" id="20cbab5b-e432-4972-9ab9-9001b14c819e" storage="TestAssembly.dll">
      <Execution id="813e21f7-3207-4206-8576-06ce4df70dc8" />
      <TestMethod codeBase="TestAssembly.dll" className="TestNamespace.TestClass8" name="Test280" />
    </UnitTest>
    <UnitTest name="Test281" id="30dd0c7e-c538-49e4-89c0-3c8891b5c089" storage="TestAssembly.dll">
      <Execution id="c3a1af74-03af-45f6-9507-0aef22e8cbee" />
      <TestMethod codeBase="TestAssembly.dll" className="TestNamespace.TestClass9" name="Test281" />
    </UnitTest>
    <UnitTest name="Test282" id="f9064e43-c0f8-4412-bb21-3c65d6c1cb6d" storage="TestAssembly.dll">
      <Execution id="7fac7f23-23de-45f7-a29d-6b2adb2fa409" />
      <TestMethod codeBase="TestAssembly.dll" className="TestNamespace.TestClass9" name="Test282" />
    </UnitTest>
    <UnitTest name="Test283" id="50530373-1963-4750-8d76-fbb0f5fa929b" storage="TestAssembly.dll">
      <Execution id="ff06b6a7-d82c-4483-95d5-ed0eb3d23fa2" />
      <TestMethod codeBase="TestAssembly.dll" className="TestNamespace.TestClass9" name="Test283" />
    </UnitTest>
    <UnitTest name="Test284" id="b84fb26f-f62c-471a-8f49-9c91b7314643" storage="TestAssembly.dll">
      <Execution id="491da12c-3e40-4fb9-9e8b-c419fa962278" />
      <TestMethod codeBase="TestAssembly.dll" className="TestNamespace.TestClass9" name="Test284" />
    </UnitTest>
    <UnitTest name="Test285" id="417e8b05-2456-4a31-8d41-d19a05b76d03" storage="TestAssembly.dll">
      <Execution id="073acae1-6d91-4cfb-96df-f5ed07cda28b" />
      <TestMethod codeBase="TestAssembly.dll" className="TestNamespace.TestClass9" name="Test285" />
    </UnitTest>
    <UnitTest name="Test286" id="b80d36ae-4d86-4b2d-9060-3870e9c0011a" storage="TestAssembly.dll">
      <Execution id="e01a6699-8e09-49f2-95f7-522321b1ddb1" />
      <TestMethod codeBase="TestAssembly.dll" className="TestNamespace.TestClass9" name="Test286" />
    </UnitTest>
    <UnitTest name="Test287" id="efc9d3d1-419a-4a9b-993c-fda0c380fb95" storage="TestAssembly.dll">
      <Execution id="52cea4c4-dab9-4461-9bd9-f57d3ef0883a" />
      <TestMethod codeBase="TestAssembly.dll" className="TestNamespace.TestClass9" name="Test287" />
    </UnitTest>
    <UnitTest name="Test288" id="186be0cc-9b4f-4123-b283-83f554ae4bce" storage="TestAssembly.dll">
      <Execution id="23f03445-f9b3-4dc2-ab5d-3bc71bf8b6cb" />
      <TestMethod codeBase="TestAssembly.dll" className="TestNamespace.TestClass9" name="Test288" />
    </UnitTest>
    <UnitTest name="Test289" id="625be6b9-67b8-4ae3-aae5-3be1955d7ed9" storage="TestAssembly.dll">
      <Execution id="842b7c23-0330-4775-a957-3e0b47da2890" />
      <TestMethod codeBase="TestAssembly.dll" className="TestNamespace.TestClass9" name="Test289" />
    </UnitTest>
    <UnitTest name="Test290" id="c29b2812-4441-4b49-869c-9b2be928309b" storage="TestAssembly.dll">
      <Execution id="ea86de0c-61fb-4e76-8cf0-0b765706f434" />
      <TestMethod codeBase="TestAssembly.dll" className="TestNamespace.TestClass9" name="Test290" />
    </UnitTest>
    <UnitTest name="Test291" id="7c879ba4-f473-41b5-bf93-fa3ab44a1ea2" storage="TestAssembly.dll">
      <Execution id="3d499b16-e88a-43d2-a79c-0793f43ee03d" />
      <TestMethod codeBase="TestAssembly.dll" className="TestNamespace.TestClass10" name="Test291" />
    </UnitTest>
    <UnitTest name="Test292" id="b502fd69-59ff-4987-8034-b3207ee0c37a" storage="TestAssembly.dll">
      <Execution id="79810d90-5902-4374-b5ec-78e9b1a09d85" />
      <TestMethod codeBase="TestAssembly.dll" className="TestNamespace.TestClass10" name="Test292" />
    </UnitTest>
    <UnitTest name="Test293" id="80034a09-c001-4c4c-b577-f1efa6725287" storage="TestAssembly.dll">
      <Execution id="bade027e-e73f-49ad-a954-075f2274c259" />
      <TestMethod codeBase="TestAssembly.dll" className="TestNamespace.TestClass10" name="Test293" />
    </UnitTest>
    <UnitTest name="Test294" id="8d0da81d-9a0a-48ec-8934-6cda054cea5a" storage="TestAssembly.dll">
      <Execution id="0da86418-fcc5-4ebc-bc0f-5cda649724da" />
      <TestMethod codeBase="TestAssembly.dll" className="TestNamespace.TestClass10" name="Test294" />
    </UnitTest>
    <UnitTest name="Test295" id="f9ebb021-059e-4334-9b36-20ad3697cd7f" storage="TestAssembly.dll">
      <Execution id="0043dfb0-8760-4303-817a-641f24093bff" />
      <TestMethod codeBase="TestAssembly.dll" className="TestNamespace.TestClass10" name="Test295" />
    </UnitTest>
    <UnitTest name="Test296" id="0858da90-aaa7-424b-aa3d-dfb94e0a4a44" storage="TestAssembly.dll">
      <Execution id="a0068430-19e7-4980-81de-e8a0fbf65a21" />
      <TestMethod codeBase="TestAssembly.dll" className="TestNamespace.TestClass10" name="Test296" />
    </UnitTest>
    <UnitTest name="Test297" id="d86f7cac-4ba6-4d60-9d2c-2052f5f8d4ca" storage="TestAssembly.dll">
      <Execution id="33068139-660c-489e-b96f-9f5cd7c761fc" />
      <TestMethod codeBase="TestAssembly.dll" className="TestNamespace.TestClass10" name="Test297" />
    </UnitTest>
    <UnitTest name="Test298" id="0fe172ca-1ee3-4f43-ae19-6eea60d85b1d" storage="TestAssembly.dll">
      <Execution id="21b16d74-d0cf-4c52-894b-c6acc646ab62" />
      <TestMethod codeBase="TestAssembly.dll" className="TestNamespace.TestClass10" name="Test298" />
    </UnitTest>
    <UnitTest name="Test299" id="b4178d57-25b7-4b71-a2ad-f099d53d396d" storage="TestAssembly.dll">
      <Execution id="20fb1d4d-84c6-4506-bec2-ce74e7b59ef9" />
      <TestMethod codeBase="TestAssembly.dll" className="TestNamespace.TestClass10" name="Test299" />
    </UnitTest>
    <UnitTest name="Test300" id="0d3e74c6-11ab-42b8-9deb-7a81f41b6712" storage="TestAssembly.dll">
      <Execution id="8521e036-562e-4b63-9f0c-d83f1a17093e" />
      <TestMethod codeBase="TestAssembly.dll" className="TestNamespace.TestClass10" name="Test300" />
    </UnitTest>
  </TestDefinitions>
  <TestEntries>
    <TestEntry testId="c25943fd-5f3f-4635-a338-498a6b233690" executionId="8d227c4e-fc1c-4fbc-ba21-e9553165c630" testListId="8df8e4c7-1f03-4acb-9f0e-a9ae4bdef032" />
    <TestEntry testId="5226c062-bc15-4958-afa0-a3e25e83cb68" executionId="c992f532-1dfd-4551-b6ba-b63b1d9cc3ae" testListId="8df8e4c7-1f03-4acb-9f0e-a9ae4bdef032" />
    <TestEntry testId="47569a93-4831-4c66-918f-571ab38caee4" executionId="5606999c-7443-465c-95db-de52d8e007da" testListId="8df8e4c7-1f03-4acb-9f0e-a9ae4bdef032" />
    <TestEntry testId="b315cbb1-06af-464a-b818-f19ad6f5058e" executionId="062c1afd-9988-4618-9855-eb498fd97644" testListId="8df8e4c7-1f03-4acb-9f0e-a9ae4bdef032" />
    <TestEntry testId="bf1b95a5-b1fa-4549-99e1-104ceb182c4d" executionId="5842293a-404e-4c26-9abf-290af702f089" testListId="8df8e4c7-1f03-4acb-9f0e-a9ae4bdef032" />
    <TestEntry testId="c19b5c6e-8685-4283-8000-51c41c5209dc" executionId="ec8d1b10-6271-42c5-b2f1-d9ff4b1ae04a" testListId="8df8e4c7-1f03-4acb-9f0e-a9ae4bdef032" />
    <TestEntry testId="a00385e0-4414-4385-ae23-d9f815f6ba61" executionId="7957c369-a115-4c7c-8530-145d0680bfbe" testListId="8df8e4c7-1f03-4acb-9f0e-a9ae4bdef032" />
    <TestEntry testId="972fc9a6-960b-421e-8e8c-5d5930341d52" executionId="f426aee7-5543-4e5c-9ba1-8d2111498886" testListId="8df8e4c7-1f03-4acb-9f0e-a9ae4bdef032" />
    <TestEntry testId="64d3c20e-658e-4aad-88fd-6a17d4723e6d" executionId="61f80a82-5408-45dc-9793-74d1738c78a3" testListId="8df8e4c7-1f03-4acb-9f0e-a9ae4bdef032" />
    <TestEntry testId="7521cc3a-8917-4a92-8365-1cef3a149061" executionId="8827c574-ffeb-4c81-914e-4d754a22d401" testListId="8df8e4c7-1f03-4acb-9f0e-a9ae4bdef032" />
    <TestEntry testId="0f79a59b-4fbd-4847-9077-d7e510fd4904" executionId="487aec78-3c66-41bb-ad4c-9aa9802e65d5" testListId="8df8e4c7-1f03-4acb-9f0e-a9ae4bdef032" />
    <TestEntry testId="989db03c-2171-45a3-a794-e6d79d3487ed" executionId="c1287131-8251-41a7-a453-6ea58272f0c4" testListId="8df8e4c7-1f03-4acb-9f0e-a9ae4bdef032" />
    <TestEntry testId="034cf384-a725-4f00-89ab-d422554c77ef" executionId="58066a51-94db-4561-9bd9-b60398b1e7ae" testListId="8df8e4c7-1f03-4acb-9f0e-a9ae4bdef032" />
    <TestEntry testId="7b89b1df-2421-4d8d-ab43-40d070316929" executionId="0ad994dd-9c30-493d-a912-e1e44d6f3324" testListId="8df8e4c7-1f03-4acb-9f0e-a9ae4bdef032" />
    <TestEntry testId="f60e2447-62d9-43a8-9e2e-f975b8f282eb" executionId="8b90ff0f-cf9a-4870-a4c0-9cf668034083" testListId="8df8e4c7-1f03-4acb-9f0e-a9ae4bdef032" />
    <TestEntry testId="0d4d4a9f-f6ff-40fa-b5a6-3d77460ec789" executionId="88667af9-5883-45fb-bac6-3986aac901e8" testListId="8df8e4c7-1f03-4acb-9f0e-a9ae4bdef032" />
    <TestEntry testId="c9c6b44d-5d9a-4504-80fc-b8eb20302718" executionId="fd9e77e2-e5eb-44b6-984f-5c26aaa603a2" testListId="8df8e4c7-1f03-4acb-9f0e-a9ae4bdef032" />
    <TestEntry testId="e730ae02-618d-4fc5-a69a-fa50fb208fc0" executionId="a13c416e-b8c7-4e3e-989c-8166ef373f8e" testListId="8df8e4c7-1f03-4acb-9f0e-a9ae4bdef032" />
    <TestEntry testId="a27f1fcf-ae9e-4966-adff-02d6d5acf100" executionId="b38f86d2-b701-436a-993d-7dbbd0ae0938" testListId="8df8e4c7-1f03-4acb-9f0e-a9ae4bdef032" />
    <TestEntry testId="aac7dcab-4671-45cb-a3a3-69cfdca0330a" executionId="44494726-89f4-4398-a22e-a75c54cfdb0f" testListId="8df8e4c7-1f03-4acb-9f0e-a9ae4bdef032" />
    <TestEntry testId="22df3989-854f-4e05-a566-c8e37e146cad" executionId="17f2a0f6-39e4-4899-9aee-e29c354f3d72" testListId="8df8e4c7-1f03-4acb-9f0e-a9ae4bdef032" />
    <TestEntry testId="492995b1-252f-4c15-b1b8-2038eafbe479" executionId="2e58bd8c-cd0e-467f-9c09-ce8985f0ce82" testListId="8df8e4c7-1f03-4acb-9f0e-a9ae4bdef032" />
    <TestEntry testId="effeeb40-8722-485c-94b5-db905d89dbfa" executionId="18e21191-f35b-4732-a7cb-09579d390b58" testListId="8df8e4c7-1f03-4acb-9f0e-a9ae4bdef032" />
    <TestEntry testId="5aca3c28-377b-4b64-b087-c5ac59819f6b" executionId="4729312d-ddac-4520-aa7b-e1fd2c6a23e9" testListId="8df8e4c7-1f03-4acb-9f0e-a9ae4bdef032" />
    <TestEntry testId="e41aaae6-6043-4912-9c81-f893b0586494" executionId="bf517ba8-d367-4b47-92bd-f704270c5b96" testListId="8df8e4c7-1f03-4acb-9f0e-a9ae4bdef032" />
    <TestEntry testId="c6495e8a-ae42-46e2-b59d-e7b098ccd18c" executionId="f952bf91-96bd-4ac5-bcd4-ad7855135efc" testListId="8df8e4c7-1f03-4acb-9f0e-a9ae4bdef032" />
    <TestEntry testId="23219713-b2bb-4013-9d0b-9388afbd1cea" executionId="8e51e72d-0f79-4e1e-bfb4-e0640f5b23a3" testListId="8df8e4c7-1f03-4acb-9f0e-a9ae4bdef032" />
    <TestEntry testId="2cd4df28-2007-40c4-9d78-40e326c39b63" executionId="f41808ee-393e-4ded-93b9-66f03e973ec8" testListId="8df8e4c7-1f03-4acb-9f0e-a9ae4bdef032" />
    <TestEntry testId="d60411ba-6570-4274-b0f3-180437a72fcf" executionId="2cfa8bdb-a354-4680-ab58-325e9d408f6b" testListId="8df8e4c7-1f03-4acb-9f0e-a9ae4bdef032" />
    <TestEntry testId="95235f2b-a625-48ea-9914-d599ca7ea119" executionId="d8f4b3ca-7145-41db-878a-57c7d281b9b0" testListId="8df8e4c7-1f03-4acb-9f0e-a9ae4bdef032" />
    <TestEntry testId="29285dd0-e0e8-43be-9342-254b0608b74e" executionId="c69d0365-01f5-48e9-be0c-41dbc3ef53b7" testListId="8df8e4c7-1f03-4acb-9f0e-a9ae4bdef032" />
    <TestEntry testId="ac005a50-0c92-44ad-b224-ed483de260eb" executionId="5970c740-2ab8-4c8a-8f9e-686e72e666a3" testListId="8df8e4c7-1f03-4acb-9f0e-a9ae4bdef032" />
    <TestEntry testId="074c7ac0-8140-4a43-9bb8-f9cef8d25949" executionId="89506ad9-9988-4d4e-8bef-332d05296139" testListId="8df8e4c7-1f03-4acb-9f0e-a9ae4bdef032" />
    <TestEntry testId="c16778ea-bc0e-4336-86a9-0932153eb3e3" executionId="c1784a6d-32f5-4103-bdae-db1b20327c65" testListId="8df8e4c7-1f03-4acb-9f0e-a9ae4bdef032" />
    <TestEntry testId="2a31395f-f587-4eac-8e7c-3f190bff7a2b" executionId="9505a022-344c-4870-87db-d01f832a0056" testListId="8df8e4c7-1f03-4acb-9f0e-a9ae4bdef032" />
    <TestEntry testId="74dc1165-df96-45fd-900d-2d768f856f30" executionId="b4511f3b-9ba9-4ae7-a431-17f72bfb9c66" testListId="8df8e4c7-1f03-4acb-9f0e-a9ae4bdef032" />
    <TestEntry testId="a13fb457-214c-4f32-a052-625a7ffbc5a0" executionId="1a1cfdd6-54f9-4712-8bb6-e6bf580a892f" testListId="8df8e4c7-1f03-4acb-9f0e-a9ae4bdef032" />
    <TestEntry testId="9d18ed56-5991-459e-914f-21abcc4bff85" executionId="7e2cef5c-52cb-4379-98da-77af626d0e2a" testListId="8df8e4c7-1f03-4acb-9f0e-a9ae4bdef032" />
    <TestEntry testId="85147f64-f3bc-45e7-b3c2-f05986f30356" executionId="5e6c8e1b-4195-4ca6-9bd8-6ebc1a24e868" testListId="8df8e4c7-1f03-4acb-9f0e-a9ae4bdef032" />
    <TestEntry testId="b89a1a50-f44e-4f58-86a3-63227f92085f" executionId="23c93386-edad-412e-822e-7d3073bdedef" testListId="8df8e4c7-1f03-4acb-9f0e-a9ae4bdef032" />
    <TestEntry testId="2d17ebf6-ed1e-45e2-a46d-6185c5d6f6b1" executionId="100a1216-d118-4924-aa6f-8a1220406006" testListId="8df8e4c7-1f03-4acb-9f0e-a9ae4bdef032" />
    <TestEntry testId="b813f2e4-258b-4f6f-a77f-8e0a1bb2a378" executionId="584bff72-08fa-41df-ac14-b2b4e448207c" testListId="8df8e4c7-1f03-4acb-9f0e-a9ae4bdef032" />
    <TestEntry testId="179794e4-8313-461b-ba64-3b576b674b0b" executionId="d52bc7ac-be6c-4c61-b516-6844e4328fcc" testListId="8df8e4c7-1f03-4acb-9f0e-a9ae4bdef032" />
    <TestEntry testId="4b495547-d1e1-4982-99f5-d1027e97fca0" executionId="5239412c-99ca-40f5-a820-a0a00824051b" testListId="8df8e4c7-1f03-4acb-9f0e-a9ae4bdef032" />
    <TestEntry testId="06370217-0c37-4f5d-949c-b5f09c79efa9" executionId="80d1c461-eedc-498b-91c5-0a9fecfef533" testListId="8df8e4c7-1f03-4acb-9f0e-a9ae4bdef032" />
    <TestEntry testId="efded0d2-6684-4326-b7c2-366914db0219" executionId="d0924fde-5f98-4503-aef9-726fc39536d8" testListId="8df8e4c7-1f03-4acb-9f0e-a9ae4bdef032" />
    <TestEntry testId="66bc078b-531b-4e25-ba77-e59ebe0793b3" executionId="68d3f978-92fb-4d44-9c96-00ccd8a902bb" testListId="8df8e4c7-1f03-4acb-9f0e-a9ae4bdef032" />
    <TestEntry testId="acb19312-e22b-4c21-9ace-d434685270f4" executionId="e2c6827c-a9bd-4dbf-b073-fb5cb924d271" testListId="8df8e4c7-1f03-4acb-9f0e-a9ae4bdef032" />
    <TestEntry testId="ffc7361d-0617-4657-8906-979f8498b1ad" executionId="6bb1cd74-b952-4ca6-a367-2f99179d5ecc" testListId="8df8e4c7-1f03-4acb-9f0e-a9ae4bdef032" />
    <TestEntry testId="3dee565a-38c8-49f0-966c-7d1555c69409" executionId="fd372ecd-c0d7-462d-8506-61259df3efa6" testListId="8df8e4c7-1f03-4acb-9f0e-a9ae4bdef032" />
    <TestEntry testId="2e4a6f73-bb0b-460e-9cb5-71ca3d9d099d" executionId="5d69fbf1-d612-4262-8f29-6b57fd7fd6e8" testListId="8df8e4c7-1f03-4acb-9f0e-a9ae4bdef032" />
    <TestEntry testId="0c231c11-fa66-428c-bb89-07da2ac1a53d" executionId="fddcab27-0429-4ed0-a603-c0493608a66e" testListId="8df8e4c7-1f03-4acb-9f0e-a9ae4bdef032" />
    <TestEntry testId="6d4e9a33-aacc-4074-82b2-1827d7ba3b3e" executionId="e792aa6a-cb2c-40c3-b187-06eaa6073fb1" testListId="8df8e4c7-1f03-4acb-9f0e-a9ae4bdef032" />
    <TestEntry testId="4a9e06cf-51bf-4dad-84bf-6ce289e472d4" executionId="95dde0b4-9ba5-46cd-afed-0f1fa0ecd16c" testListId="8df8e4c7-1f03-4acb-9f0e-a9ae4bdef032" />
    <TestEntry testId="aa3a8e49-7e19-404b-9649-d7a3ed7d7989" executionId="7f5dde22-8e11-45af-a17d-7de715654659" testListId="8df8e4c7-1f03-4acb-9f0e-a9ae4bdef032" />
    <TestEntry testId="7e86be72-8330-415b-8ecc-8c1b057c67a1" executionId="3cc4937d-9d2f-480b-b7f5-a36fc2e8c3db" testListId="8df8e4c7-1f03-4acb-9f0e-a9ae4bdef032" />
    <TestEntry testId="4428a881-15d6-4a32-a33f-90b3eb48f0b6" executionId="3a5a571c-f9f9-409a-9919-de66f4702d08" testListId="8df8e4c7-1f03-4acb-9f0e-a9ae4bdef032" />
    <TestEntry testId="40ff20b2-e665-47d7-8e46-49b343bd0573" executionId="67f2e00c-5e3d-45ed-9dc1-76d5357f7fce" testListId="8df8e4c7-1f03-4acb-9f0e-a9ae4bdef032" />
    <TestEntry testId="d09bbdea-ac3a-490a-89dd-b7a76db4873e" executionId="51e0276d-174c-47da-9b86-7b4e55e5b81e" testListId="8df8e4c7-1f03-4acb-9f0e-a9ae4bdef032" />
    <TestEntry testId="d93882c4-d070-40f7-b52b-bff220d000f3" executionId="13b24897-5149-43f8-a6e8-dc0152601d69" testListId="8df8e4c7-1f03-4acb-9f0e-a9ae4bdef032" />
    <TestEntry testId="c0631d99-0c5a-4f03-b6f0-99140dd7b910" executionId="85f938d2-9118-4c7f-9c5a-019a63a856d9" testListId="8df8e4c7-1f03-4acb-9f0e-a9ae4bdef032" />
    <TestEntry testId="c180f449-5cb4-442a-b04d-baea3cb2e04a" executionId="e8684726-8e5c-46ae-9e8a-640cc96278aa" testListId="8df8e4c7-1f03-4acb-9f0e-a9ae4bdef032" />
    <TestEntry testId="ad57cce6-ad3a-4140-826c-f76e87f9b3c2" executionId="21e3f157-34cb-42d4-a49b-52ab645d541f" testListId="8df8e4c7-1f03-4acb-9f0e-a9ae4bdef032" />
    <TestEntry testId="24c6c721-a6ec-47d8-a19c-3fbe4db5c464" executionId="313ab2e5-2b58-444d-b5c2-c68be9ad050e" testListId="8df8e4c7-1f03-4acb-9f0e-a9ae4bdef032" />
    <TestEntry testId="f49898e7-ffeb-485b-b38e-cba840317317" executionId="65d7ab57-592f-4a35-b4fd-ff8af39b8d9b" testListId="8df8e4c7-1f03-4acb-9f0e-a9ae4bdef032" />
    <TestEntry testId="8ddb3f22-1343-434a-90e9-da659da0ae06" executionId="d3b25beb-9fee-45dc-b913-a152050e7849" testListId="8df8e4c7-1f03-4acb-9f0e-a9ae4bdef032" />
    <TestEntry testId="830a4685-f343-4863-a165-3ef25a903fd0" executionId="28555d1c-46d8-47fa-9140-5346cf2e0499" testListId="8df8e4c7-1f03-4acb-9f0e-a9ae4bdef032" />
    <TestEntry testId="95bd2e48-5f54-45a1-9db1-c7b076382b24" executionId="4c6ae725-1775-4c64-b45f-fa697938d13f" testListId="8df8e4c7-1f03-4acb-9f0e-a9ae4bdef032" />
    <TestEntry testId="add45a83-dc28-452c-908a-0ba55a428326" executionId="72e1a2be-f09b-440c-a568-9bb5dceb6bbd" testListId="8df8e4c7-1f03-4acb-9f0e-a9ae4bdef032" />
    <TestEntry testId="e50930ae-c869-4c97-8e29-7a18b8ba4067" executionId="c10a3d0a-ba7f-41f0-870a-0b8b8552945a" testListId="8df8e4c7-1f03-4acb-9f0e-a9ae4bdef032" />
    <TestEntry testId="83e479d0-9df8-46ae-858b-9dd6f275d27b" executionId="a4eb916e-e042-4d4e-9ddf-d7a81aaaabb4" testListId="8df8e4c7-1f03-4acb-9f0e-a9ae4bdef032" />
    <TestEntry testId="04fd31a7-df19-4e5e-9643-398a0f5a84e1" executionId="74409544-e32d-425f-82be-90f37230ac99" testListId="8df8e4c7-1f03-4acb-9f0e-a9ae4bdef032" />
    <TestEntry testId="a2c8f31d-0bd5-42e8-b1ff-bad67acb4215" executionId="640b15a8-a010-45b1-ab16-2d83baf2cc63" testListId="8df8e4c7-1f03-4acb-9f0e-a9ae4bdef032" />
    <TestEntry testId="7a7b468e-e3fe-43e8-ad4b-343a3aa7226b" executionId="bac098ad-3485-45a3-9d3c-10272221d9b0" testListId="8df8e4c7-1f03-4acb-9f0e-a9ae4bdef032" />
    <TestEntry testId="13934bf5-07ef-4543-b2f1-b8dfc0ff64e4" executionId="d32b6209-1384-4827-b4a7-7e0cabb938b0" testListId="8df8e4c7-1f03-4acb-9f0e-a9ae4bdef032" />
    <TestEntry testId="ad1a1dc5-f186-463f-b342-64345633c1e0" executionId="b4e18f21-7d58-404a-af78-da4fffca6589" testListId="8df8e4c7-1f03-4acb-9f0e-a9ae4bdef032" />
    <TestEntry testId="3eca8ae2-c15f-4405-bf53-7dc678559bcf" executionId="14028956-b665-4b03-b3bf-063306e59f1b" testListId="8df8e4c7-1f03-4acb-9f0e-a9ae4bdef032" />
    <TestEntry testId="aefe3350-2e36-41e7-aed0-3dba8a6e8fc2" executionId="49317599-5e1d-468c-bc24-e662480e07f1" testListId="8df8e4c7-1f03-4acb-9f0e-a9ae4bdef032" />
    <TestEntry testId="bdc74a2d-b873-403e-aa6b-ae8868e4746b" executionId="6e0303c9-dd5f-433c-87f2-e6ba07a2ad2f" testListId="8df8e4c7-1f03-4acb-9f0e-a9ae4bdef032" />
    <TestEntry testId="20cbab5b-e432-4972-9ab9-9001b14c819e" executionId="813e21f7-3207-4206-8576-06ce4df70dc8" testListId="8df8e4c7-1f03-4acb-9f0e-a9ae4bdef032" />
    <TestEntry testId="30dd0c7e-c538-49e4-89c0-3c8891b5c089" executionId="c3a1af74-03af-45f6-9507-0aef22e8cbee" testListId="8df8e4c7-1f03-4acb-9f0e-a9ae4bdef032" />
    <TestEntry testId="f9064e43-c0f8-4412-bb21-3c65d6c1cb6d" executionId="7fac7f23-23de-45f7-a29d-6b2adb2fa409" testListId="8df8e4c7-1f03-4acb-9f0e-a9ae4bdef032" />
    <TestEntry testId="50530373-1963-4750-8d76-fbb0f5fa929b" executionId="ff06b6a7-d82c-4483-95d5-ed0eb3d23fa2" testListId="8df8e4c7-1f03-4acb-9f0e-a9ae4bdef032" />
    <TestEntry testId="b84fb26f-f62c-471a-8f49-9c91b7314643" executionId="491da12c-3e40-4fb9-9e8b-c419fa962278" testListId="8df8e4c7-1f03-4acb-9f0e-a9ae4bdef032" />
    <TestEntry testId="417e8b05-2456-4a31-8d41-d19a05b76d03" executionId="073acae1-6d91-4cfb-96df-f5ed07cda28b" testListId="8df8e4c7-1f03-4acb-9f0e-a9ae4bdef032" />
    <TestEntry testId="b80d36ae-4d86-4b2d-9060-3870e9c0011a" executionId="e01a6699-8e09-49f2-95f7-522321b1ddb1" testListId="8df8e4c7-1f03-4acb-9f0e-a9ae4bdef032" />
    <TestEntry testId="efc9d3d1-419a-4a9b-993c-fda0c380fb95" executionId="52cea4c4-dab9-4461-9bd9-f57d3ef0883a" testListId="8df8e4c7-1f03-4acb-9f0e-a9ae4bdef032" />
    <TestEntry testId="186be0cc-9b4f-4123-b283-83f554ae4bce" executionId="23f03445-f9b3-4dc2-ab5d-3bc71bf8b6cb" testListId="8df8e4c7-1f03-4acb-9f0e-a9ae4bdef032" />
    <TestEntry testId="625be6b9-67b8-4ae3-aae5-3be1955d7ed9" executionId="842b7c23-0330-4775-a957-3e0b47da2890" testListId="8df8e4c7-1f03-4acb-9f0e-a9ae4bdef032" />
    <TestEntry testId="c29b2812-4441-4b49-869c-9b2be928309b" executionId="ea86de0c-61fb-4e76-8cf0-0b765706f434" testListId="8df8e4c7-1f03-4acb-9f0e-a9ae4bdef032" />
    <TestEntry testId="7c879ba4-f473-41b5-bf93-fa3ab44a1ea2" executionId="3d499b16-e88a-43d2-a79c-0793f43ee03d" testListId="8df8e4c7-1f03-4acb-9f0e-a9ae4bdef032" />
    <TestEntry testId="b502fd69-59ff-4987-8034-b3207ee0c37a" executionId="79810d90-5902-4374-b5ec-78e9b1a09d85" testListId="8df8e4c7-1f03-4acb-9f0e-a9ae4bdef032" />
    <TestEntry testId="80034a09-c001-4c4c-b577-f1efa6725287" executionId="bade027e-e73f-49ad-a954-075f2274c259" testListId="8df8e4c7-1f03-4acb-9f0e-a9ae4bdef032" />
    <TestEntry testId="8d0da81d-9a0a-48ec-8934-6cda054cea5a" executionId="0da86418-fcc5-4ebc-bc0f-5cda649724da" testListId="8df8e4c7-1f03-4acb-9f0e-a9ae4bdef032" />
    <TestEntry testId="f9ebb021-059e-4334-9b36-20ad3697cd7f" executionId="0043dfb0-8760-4303-817a-641f24093bff" testListId="8df8e4c7-1f03-4acb-9f0e-a9ae4bdef032" />
    <TestEntry testId="0858da90-aaa7-424b-aa3d-dfb94e0a4a44" executionId="a0068430-19e7-4980-81de-e8a0fbf65a21" testListId="8df8e4c7-1f03-4acb-9f0e-a9ae4bdef032" />
    <TestEntry testId="d86f7cac-4ba6-4d60-9d2c-2052f5f8d4ca" executionId="33068139-660c-489e-b96f-9f5cd7c761fc" testListId="8df8e4c7-1f03-4acb-9f0e-a9ae4bdef032" />
    <TestEntry testId="0fe172ca-1ee3-4f43-ae19-6eea60d85b1d" executionId="21b16d74-d0cf-4c52-894b-c6acc646ab62" testListId="8df8e4c7-1f03-4acb-9f0e-a9ae4bdef032" />
    <TestEntry testId="b4178d57-25b7-4b71-a2ad-f099d53d396d" executionId="20fb1d4d-84c6-4506-bec2-ce74e7b59ef9" testListId="8df8e4c7-1f03-4acb-9f0e-a9ae4bdef032" />
    <TestEntry testId="0d3e74c6-11ab-42b8-9deb-7a81f41b6712" executionId="8521e036-562e-4b63-9f0c-d83f1a17093e" testListId="8df8e4c7-1f03-4acb-9f0e-a9ae4bdef032" />
  </TestEntries>
  <TestLists>
    <TestList name="Results Not in a List" id="8df8e4c7-1f03-4acb-9f0e-a9ae4bdef032" />
    <TestList name="All Loaded Results" id="69b8bbfd-df71-4937-8c6a-8e18fe34dcb2" />
  </TestLists>
</TestRun>