<?xml version="1.0" encoding="UTF-8"?>
<TestRun id="f48b4a6d-41ca-4478-b529-f4570af55718" name="Test Run 96" runUser="Oles Galatsan" xmlns="http://microsoft.com/schemas/VisualStudio/TeamTest/2010">
  <Times creation="2025-05-14T13:20:31.3125482Z" queuing="2025-05-14T13:20:31.3125482Z" start="2025-05-14T13:20:31.3146610Z" finish="2025-05-14T13:25:31.3147553Z" />
  <TestSettings name="Test Settings 96" id="d66c6d19-4ee7-4b78-811f-e01ac32ec8d1" />
  <Results>
    <UnitTestResult executionId="00664abf-d6b5-44e6-8bb8-24a25e4b3a96" testId="8b1c90c5-b2f1-46fb-8eca-d45f1b5099f6" testName="Test9501" computerName="UA-LPT-OGA2" duration="00:00:00.0820000" startTime="2025-05-14T13:20:31.3146610Z" endTime="2025-05-14T13:25:31.3147553Z" testType="13cdc9d9-ddb5-4fa4-a97d-d965ccfc6d4b" outcome="Passed" testListId="402dafe2-bbd8-4cf9-97f5-e35517031198" />
    <UnitTestResult executionId="421214e9-709d-4312-a3b4-cb500794c611" testId="1e06cbfd-1d36-45f2-8b3d-a7c75aba9363" testName="Test9502" computerName="UA-LPT-OGA2" duration="00:00:00.3750000" startTime="2025-05-14T13:20:31.3146610Z" endTime="2025-05-14T13:25:31.3147553Z" testType="13cdc9d9-ddb5-4fa4-a97d-d965ccfc6d4b" outcome="Passed" testListId="402dafe2-bbd8-4cf9-97f5-e35517031198" />
    <UnitTestResult executionId="65480f09-29d6-48ad-8bf6-1dce3060dd56" testId="289100dc-2104-479c-83b6-75f8c19445d5" testName="Test9503" computerName="UA-LPT-OGA2" duration="00:00:01.9470000" startTime="2025-05-14T13:20:31.3146610Z" endTime="2025-05-14T13:25:31.3147553Z" testType="13cdc9d9-ddb5-4fa4-a97d-d965ccfc6d4b" outcome="Passed" testListId="402dafe2-bbd8-4cf9-97f5-e35517031198" />
    <UnitTestResult executionId="a6d6c800-6e66-4e5a-bec1-418c31f4ec47" testId="6c9e88cd-f227-4dbb-966d-4224a1ebd256" testName="Test9504" computerName="UA-LPT-OGA2" duration="00:00:01.9490000" startTime="2025-05-14T13:20:31.3146610Z" endTime="2025-05-14T13:25:31.3147553Z" testType="13cdc9d9-ddb5-4fa4-a97d-d965ccfc6d4b" outcome="Passed" testListId="402dafe2-bbd8-4cf9-97f5-e35517031198" />
    <UnitTestResult executionId="cf9487b8-cdbf-41b3-b6a0-01711332dc03" testId="5686bf57-b36b-410d-80c6-7f08bf50ca86" testName="Test9505" computerName="UA-LPT-OGA2" duration="00:00:01.9430000" startTime="2025-05-14T13:20:31.3146610Z" endTime="2025-05-14T13:25:31.3147553Z" testType="13cdc9d9-ddb5-4fa4-a97d-d965ccfc6d4b" outcome="Passed" testListId="402dafe2-bbd8-4cf9-97f5-e35517031198" />
    <UnitTestResult executionId="ca706077-c3a1-4815-9990-f237bbda7959" testId="ff079673-c0fc-4411-a1d9-538e11cdc32e" testName="Test9506" computerName="UA-LPT-OGA2" duration="00:00:01.1770000" startTime="2025-05-14T13:20:31.3146610Z" endTime="2025-05-14T13:25:31.3147553Z" testType="13cdc9d9-ddb5-4fa4-a97d-d965ccfc6d4b" outcome="Passed" testListId="402dafe2-bbd8-4cf9-97f5-e35517031198" />
    <UnitTestResult executionId="ddb02a9e-ab34-4217-bf97-92eb0f0d41fc" testId="7f84267b-ddf9-4273-8234-93c3d336599f" testName="Test9507" computerName="UA-LPT-OGA2" duration="00:00:01.3470000" startTime="2025-05-14T13:20:31.3146610Z" endTime="2025-05-14T13:25:31.3147553Z" testType="13cdc9d9-ddb5-4fa4-a97d-d965ccfc6d4b" outcome="Passed" testListId="402dafe2-bbd8-4cf9-97f5-e35517031198" />
    <UnitTestResult executionId="b15f844d-1363-457a-bbf5-cf6f50101022" testId="a5ddab48-d9cb-40d9-8f49-d24f24778602" testName="Test9508" computerName="UA-LPT-OGA2" duration="00:00:01.0090000" startTime="2025-05-14T13:20:31.3146610Z" endTime="2025-05-14T13:25:31.3147553Z" testType="13cdc9d9-ddb5-4fa4-a97d-d965ccfc6d4b" outcome="Passed" testListId="402dafe2-bbd8-4cf9-97f5-e35517031198" />
    <UnitTestResult executionId="b916eede-f2af-4def-b9af-701d2d00e9c7" testId="173a05e5-b240-41c4-a5fe-db27d335e21e" testName="Test9509" computerName="UA-LPT-OGA2" duration="00:00:01.7690000" startTime="2025-05-14T13:20:31.3146610Z" endTime="2025-05-14T13:25:31.3147553Z" testType="13cdc9d9-ddb5-4fa4-a97d-d965ccfc6d4b" outcome="Passed" testListId="402dafe2-bbd8-4cf9-97f5-e35517031198" />
    <UnitTestResult executionId="06bb3c6f-ce98-4d72-acda-1eddc1092309" testId="98f811c4-a382-4a4a-b1db-039136667815" testName="Test9510" computerName="UA-LPT-OGA2" duration="00:00:01.5390000" startTime="2025-05-14T13:20:31.3146610Z" endTime="2025-05-14T13:25:31.3147553Z" testType="13cdc9d9-ddb5-4fa4-a97d-d965ccfc6d4b" outcome="Passed" testListId="402dafe2-bbd8-4cf9-97f5-e35517031198" />
    <UnitTestResult executionId="2fe26309-bdd6-4f97-9cc1-8894caf67142" testId="e3f49aa2-5190-471b-8057-b92c627483f7" testName="Test9511" computerName="UA-LPT-OGA2" duration="00:00:01.1100000" startTime="2025-05-14T13:20:31.3146610Z" endTime="2025-05-14T13:25:31.3147553Z" testType="13cdc9d9-ddb5-4fa4-a97d-d965ccfc6d4b" outcome="Passed" testListId="402dafe2-bbd8-4cf9-97f5-e35517031198" />
    <UnitTestResult executionId="f47ef4d5-0765-45a8-bcc0-20450925ac22" testId="4ef339ef-2916-4234-b686-9089decaf8d4" testName="Test9512" computerName="UA-LPT-OGA2" duration="00:00:00.9450000" startTime="2025-05-14T13:20:31.3146610Z" endTime="2025-05-14T13:25:31.3147553Z" testType="13cdc9d9-ddb5-4fa4-a97d-d965ccfc6d4b" outcome="Passed" testListId="402dafe2-bbd8-4cf9-97f5-e35517031198" />
    <UnitTestResult executionId="76407ee5-bfda-47b0-96e3-bc26c9a94aac" testId="578c6711-e665-4704-ae08-3744b3ddf029" testName="Test9513" computerName="UA-LPT-OGA2" duration="00:00:01.2120000" startTime="2025-05-14T13:20:31.3146610Z" endTime="2025-05-14T13:25:31.3147553Z" testType="13cdc9d9-ddb5-4fa4-a97d-d965ccfc6d4b" outcome="Passed" testListId="402dafe2-bbd8-4cf9-97f5-e35517031198" />
    <UnitTestResult executionId="197e9441-ecfe-4d22-9d25-4606cd023fd8" testId="bdc134bd-05fc-43e7-9228-29b0ba333b59" testName="Test9514" computerName="UA-LPT-OGA2" duration="00:00:00.4390000" startTime="2025-05-14T13:20:31.3146610Z" endTime="2025-05-14T13:25:31.3147553Z" testType="13cdc9d9-ddb5-4fa4-a97d-d965ccfc6d4b" outcome="Passed" testListId="402dafe2-bbd8-4cf9-97f5-e35517031198" />
    <UnitTestResult executionId="3b7999e6-e6bd-489d-8f8c-8e6a8b505a32" testId="9aac6f8c-3c11-482e-a7cd-1f8b28bfe9c7" testName="Test9515" computerName="UA-LPT-OGA2" duration="00:00:01.4650000" startTime="2025-05-14T13:20:31.3146610Z" endTime="2025-05-14T13:25:31.3147553Z" testType="13cdc9d9-ddb5-4fa4-a97d-d965ccfc6d4b" outcome="Passed" testListId="402dafe2-bbd8-4cf9-97f5-e35517031198" />
    <UnitTestResult executionId="668f6dd4-e11f-4db8-b3d7-065184209f93" testId="b322dc29-5ec5-4a50-9ebd-346dbab63b2f" testName="Test9516" computerName="UA-LPT-OGA2" duration="00:00:00.1780000" startTime="2025-05-14T13:20:31.3146610Z" endTime="2025-05-14T13:25:31.3147553Z" testType="13cdc9d9-ddb5-4fa4-a97d-d965ccfc6d4b" outcome="Failed" testListId="402dafe2-bbd8-4cf9-97f5-e35517031198">
      <Output>
        <ErrorInfo>
          <Message>Assertion failed: Expected value did not match actual value.</Message>
          <StackTrace>   at TestNamespace.TestClass.Test() in TestClass.cs:line 462</StackTrace>
        </ErrorInfo>
      </Output>
    </UnitTestResult>
    <UnitTestResult executionId="b3383eb3-3a1b-4bfc-ba84-69702eb29ab1" testId="82331018-f947-4ff2-8d31-5cb9f23a7a7a" testName="Test9517" computerName="UA-LPT-OGA2" duration="00:00:01.4810000" startTime="2025-05-14T13:20:31.3146610Z" endTime="2025-05-14T13:25:31.3147553Z" testType="13cdc9d9-ddb5-4fa4-a97d-d965ccfc6d4b" outcome="Failed" testListId="402dafe2-bbd8-4cf9-97f5-e35517031198">
      <Output>
        <ErrorInfo>
          <Message>Assertion failed: Expected value did not match actual value.</Message>
          <StackTrace>   at TestNamespace.TestClass.Test() in TestClass.cs:line 147</StackTrace>
        </ErrorInfo>
      </Output>
    </UnitTestResult>
    <UnitTestResult executionId="112283b2-54c2-492b-a9ca-2c54fb84e76d" testId="70392e1a-de15-4a21-a86a-e9c7f08ea359" testName="Test9518" computerName="UA-LPT-OGA2" duration="00:00:01.1780000" startTime="2025-05-14T13:20:31.3146610Z" endTime="2025-05-14T13:25:31.3147553Z" testType="13cdc9d9-ddb5-4fa4-a97d-d965ccfc6d4b" outcome="Passed" testListId="402dafe2-bbd8-4cf9-97f5-e35517031198" />
    <UnitTestResult executionId="507c3b42-8705-413c-b7b0-db4d649ccff5" testId="beba7bdc-4d43-40f0-83de-61694f7a9692" testName="Test9519" computerName="UA-LPT-OGA2" duration="00:00:00.0150000" startTime="2025-05-14T13:20:31.3146610Z" endTime="2025-05-14T13:25:31.3147553Z" testType="13cdc9d9-ddb5-4fa4-a97d-d965ccfc6d4b" outcome="Passed" testListId="402dafe2-bbd8-4cf9-97f5-e35517031198" />
    <UnitTestResult executionId="07e9e749-9946-40d2-bf14-39aa0eebcb99" testId="b3c973cb-1368-4bdf-8682-b3f2d9293295" testName="Test9520" computerName="UA-LPT-OGA2" duration="00:00:01.4950000" startTime="2025-05-14T13:20:31.3146610Z" endTime="2025-05-14T13:25:31.3147553Z" testType="13cdc9d9-ddb5-4fa4-a97d-d965ccfc6d4b" outcome="Passed" testListId="402dafe2-bbd8-4cf9-97f5-e35517031198" />
    <UnitTestResult executionId="f2f1afd2-f806-42ae-9104-c5f1a54012e6" testId="32a3b508-bd7d-4fc8-a8e3-875a129c6cc1" testName="Test9521" computerName="UA-LPT-OGA2" duration="00:00:01.0730000" startTime="2025-05-14T13:20:31.3146610Z" endTime="2025-05-14T13:25:31.3147553Z" testType="13cdc9d9-ddb5-4fa4-a97d-d965ccfc6d4b" outcome="Failed" testListId="402dafe2-bbd8-4cf9-97f5-e35517031198">
      <Output>
        <ErrorInfo>
          <Message>Assertion failed: Expected value did not match actual value.</Message>
          <StackTrace>   at TestNamespace.TestClass.Test() in TestClass.cs:line 466</StackTrace>
        </ErrorInfo>
      </Output>
    </UnitTestResult>
    <UnitTestResult executionId="4eb32b35-9032-49df-9899-a64ef8f91327" testId="af34fe86-d486-4ffc-8266-1e55fdc6469b" testName="Test9522" computerName="UA-LPT-OGA2" duration="00:00:01.7940000" startTime="2025-05-14T13:20:31.3146610Z" endTime="2025-05-14T13:25:31.3147553Z" testType="13cdc9d9-ddb5-4fa4-a97d-d965ccfc6d4b" outcome="Passed" testListId="402dafe2-bbd8-4cf9-97f5-e35517031198" />
    <UnitTestResult executionId="4ca1aa1f-1bc4-4e73-8b22-f21344064d0e" testId="ee55b4a4-452a-45c0-972b-39fcca0d20ca" testName="Test9523" computerName="UA-LPT-OGA2" duration="00:00:01.6510000" startTime="2025-05-14T13:20:31.3146610Z" endTime="2025-05-14T13:25:31.3147553Z" testType="13cdc9d9-ddb5-4fa4-a97d-d965ccfc6d4b" outcome="Passed" testListId="402dafe2-bbd8-4cf9-97f5-e35517031198" />
    <UnitTestResult executionId="6fd7ea2c-c9f4-4b90-a795-2c001f8c3677" testId="976476a3-443d-4ca6-bbcd-6a70095d0aed" testName="Test9524" computerName="UA-LPT-OGA2" duration="00:00:00.7370000" startTime="2025-05-14T13:20:31.3146610Z" endTime="2025-05-14T13:25:31.3147553Z" testType="13cdc9d9-ddb5-4fa4-a97d-d965ccfc6d4b" outcome="Passed" testListId="402dafe2-bbd8-4cf9-97f5-e35517031198" />
    <UnitTestResult executionId="d98e2947-0c60-4339-841e-d4669e3a74d3" testId="a8710c9b-2502-46c6-a8dc-24211df8b94b" testName="Test9525" computerName="UA-LPT-OGA2" duration="00:00:00.9130000" startTime="2025-05-14T13:20:31.3146610Z" endTime="2025-05-14T13:25:31.3147553Z" testType="13cdc9d9-ddb5-4fa4-a97d-d965ccfc6d4b" outcome="Passed" testListId="402dafe2-bbd8-4cf9-97f5-e35517031198" />
    <UnitTestResult executionId="083d30dc-3900-4bcd-b8bc-2e345cd5956c" testId="9b36adc4-9d0e-4a64-8f5d-d178832c2480" testName="Test9526" computerName="UA-LPT-OGA2" duration="00:00:01.4040000" startTime="2025-05-14T13:20:31.3146610Z" endTime="2025-05-14T13:25:31.3147553Z" testType="13cdc9d9-ddb5-4fa4-a97d-d965ccfc6d4b" outcome="Failed" testListId="402dafe2-bbd8-4cf9-97f5-e35517031198">
      <Output>
        <ErrorInfo>
          <Message>Assertion failed: Expected value did not match actual value.</Message>
          <StackTrace>   at TestNamespace.TestClass.Test() in TestClass.cs:line 130</StackTrace>
        </ErrorInfo>
      </Output>
    </UnitTestResult>
    <UnitTestResult executionId="7751a18f-3e3d-40dd-a1be-21744800cf24" testId="fbf1d3d0-41b4-449c-aa11-3ace625c3446" testName="Test9527" computerName="UA-LPT-OGA2" duration="00:00:01.2070000" startTime="2025-05-14T13:20:31.3146610Z" endTime="2025-05-14T13:25:31.3147553Z" testType="13cdc9d9-ddb5-4fa4-a97d-d965ccfc6d4b" outcome="Passed" testListId="402dafe2-bbd8-4cf9-97f5-e35517031198" />
    <UnitTestResult executionId="8a69aa25-4e79-47df-878a-1536d8a03406" testId="69d9a6c1-f371-4271-934f-d75f094e2892" testName="Test9528" computerName="UA-LPT-OGA2" duration="00:00:01.8120000" startTime="2025-05-14T13:20:31.3146610Z" endTime="2025-05-14T13:25:31.3147553Z" testType="13cdc9d9-ddb5-4fa4-a97d-d965ccfc6d4b" outcome="Passed" testListId="402dafe2-bbd8-4cf9-97f5-e35517031198" />
    <UnitTestResult executionId="ea34ca32-915c-4eba-9fb3-14a04d113856" testId="bd7f3d58-7a7e-44a0-8cf1-7acd585dbf61" testName="Test9529" computerName="UA-LPT-OGA2" duration="00:00:01.1530000" startTime="2025-05-14T13:20:31.3146610Z" endTime="2025-05-14T13:25:31.3147553Z" testType="13cdc9d9-ddb5-4fa4-a97d-d965ccfc6d4b" outcome="Passed" testListId="402dafe2-bbd8-4cf9-97f5-e35517031198" />
    <UnitTestResult executionId="97a6e826-fc09-4fbc-9f0f-f09f627fdbe4" testId="465c22eb-b37c-461f-ae19-7d26be73b717" testName="Test9530" computerName="UA-LPT-OGA2" duration="00:00:01.8320000" startTime="2025-05-14T13:20:31.3146610Z" endTime="2025-05-14T13:25:31.3147553Z" testType="13cdc9d9-ddb5-4fa4-a97d-d965ccfc6d4b" outcome="Passed" testListId="402dafe2-bbd8-4cf9-97f5-e35517031198" />
    <UnitTestResult executionId="6edc8a46-404b-4182-97c0-d587c7c6b7c4" testId="78584e8f-dd99-4dce-bac7-6c2870305f0f" testName="Test9531" computerName="UA-LPT-OGA2" duration="00:00:00.0650000" startTime="2025-05-14T13:20:31.3146610Z" endTime="2025-05-14T13:25:31.3147553Z" testType="13cdc9d9-ddb5-4fa4-a97d-d965ccfc6d4b" outcome="Passed" testListId="402dafe2-bbd8-4cf9-97f5-e35517031198" />
    <UnitTestResult executionId="289a71ef-2195-4207-9f2c-1646112f339f" testId="bcfb68f3-6ab2-47d8-89f6-1c60e8381ff2" testName="Test9532" computerName="UA-LPT-OGA2" duration="00:00:01.9290000" startTime="2025-05-14T13:20:31.3146610Z" endTime="2025-05-14T13:25:31.3147553Z" testType="13cdc9d9-ddb5-4fa4-a97d-d965ccfc6d4b" outcome="Passed" testListId="402dafe2-bbd8-4cf9-97f5-e35517031198" />
    <UnitTestResult executionId="7c4a9777-0c77-4823-88ba-696edaa9879f" testId="b4631148-62b3-4e5a-bbc7-607264415471" testName="Test9533" computerName="UA-LPT-OGA2" duration="00:00:01.4320000" startTime="2025-05-14T13:20:31.3146610Z" endTime="2025-05-14T13:25:31.3147553Z" testType="13cdc9d9-ddb5-4fa4-a97d-d965ccfc6d4b" outcome="Passed" testListId="402dafe2-bbd8-4cf9-97f5-e35517031198" />
    <UnitTestResult executionId="b11dcce7-9adc-4088-a6d7-8bc051c752c4" testId="0c2a760e-498e-47da-838f-e9ab21b9ca33" testName="Test9534" computerName="UA-LPT-OGA2" duration="00:00:01.3570000" startTime="2025-05-14T13:20:31.3146610Z" endTime="2025-05-14T13:25:31.3147553Z" testType="13cdc9d9-ddb5-4fa4-a97d-d965ccfc6d4b" outcome="Passed" testListId="402dafe2-bbd8-4cf9-97f5-e35517031198" />
    <UnitTestResult executionId="468fc956-19e0-474f-b4e3-d795c10b6cf5" testId="c434339d-853d-4009-ac45-d94e0c3e73bc" testName="Test9535" computerName="UA-LPT-OGA2" duration="00:00:00.8500000" startTime="2025-05-14T13:20:31.3146610Z" endTime="2025-05-14T13:25:31.3147553Z" testType="13cdc9d9-ddb5-4fa4-a97d-d965ccfc6d4b" outcome="Failed" testListId="402dafe2-bbd8-4cf9-97f5-e35517031198">
      <Output>
        <ErrorInfo>
          <Message>Assertion failed: Expected value did not match actual value.</Message>
          <StackTrace>   at TestNamespace.TestClass.Test() in TestClass.cs:line 136</StackTrace>
        </ErrorInfo>
      </Output>
    </UnitTestResult>
    <UnitTestResult executionId="692561e7-9780-4d60-aa6d-62bc574ff604" testId="95c60710-01f2-42dd-9741-af8f67282348" testName="Test9536" computerName="UA-LPT-OGA2" duration="00:00:01.5980000" startTime="2025-05-14T13:20:31.3146610Z" endTime="2025-05-14T13:25:31.3147553Z" testType="13cdc9d9-ddb5-4fa4-a97d-d965ccfc6d4b" outcome="Passed" testListId="402dafe2-bbd8-4cf9-97f5-e35517031198" />
    <UnitTestResult executionId="7808459a-8088-4ca1-a0c2-e7304fb006b4" testId="265ebcc4-04e2-434d-886b-4984a758cff6" testName="Test9537" computerName="UA-LPT-OGA2" duration="00:00:01.8310000" startTime="2025-05-14T13:20:31.3146610Z" endTime="2025-05-14T13:25:31.3147553Z" testType="13cdc9d9-ddb5-4fa4-a97d-d965ccfc6d4b" outcome="Passed" testListId="402dafe2-bbd8-4cf9-97f5-e35517031198" />
    <UnitTestResult executionId="4390f9bb-bdc4-41f0-96fc-5d28dc3efd4e" testId="1aa14555-fe70-4ce9-bf27-418f2e78d055" testName="Test9538" computerName="UA-LPT-OGA2" duration="00:00:00.4650000" startTime="2025-05-14T13:20:31.3146610Z" endTime="2025-05-14T13:25:31.3147553Z" testType="13cdc9d9-ddb5-4fa4-a97d-d965ccfc6d4b" outcome="Passed" testListId="402dafe2-bbd8-4cf9-97f5-e35517031198" />
    <UnitTestResult executionId="30ad84b7-255d-4d9b-9428-c31e55035ce2" testId="d4d828cf-7a24-425f-b788-b222e061e7d5" testName="Test9539" computerName="UA-LPT-OGA2" duration="00:00:01.6230000" startTime="2025-05-14T13:20:31.3146610Z" endTime="2025-05-14T13:25:31.3147553Z" testType="13cdc9d9-ddb5-4fa4-a97d-d965ccfc6d4b" outcome="Passed" testListId="402dafe2-bbd8-4cf9-97f5-e35517031198" />
    <UnitTestResult executionId="428693c2-58d3-4ddb-b8a9-40344d5e1a3d" testId="fffe5c84-c803-4b59-8492-0b46d44e2e2e" testName="Test9540" computerName="UA-LPT-OGA2" duration="00:00:01.2720000" startTime="2025-05-14T13:20:31.3146610Z" endTime="2025-05-14T13:25:31.3147553Z" testType="13cdc9d9-ddb5-4fa4-a97d-d965ccfc6d4b" outcome="Failed" testListId="402dafe2-bbd8-4cf9-97f5-e35517031198">
      <Output>
        <ErrorInfo>
          <Message>Assertion failed: Expected value did not match actual value.</Message>
          <StackTrace>   at TestNamespace.TestClass.Test() in TestClass.cs:line 480</StackTrace>
        </ErrorInfo>
      </Output>
    </UnitTestResult>
    <UnitTestResult executionId="9c4198ad-58a7-491a-b1cb-1f70d246b3e6" testId="672e5a07-64f3-4c10-8920-d7ec5311eb87" testName="Test9541" computerName="UA-LPT-OGA2" duration="00:00:00.0680000" startTime="2025-05-14T13:20:31.3146610Z" endTime="2025-05-14T13:25:31.3147553Z" testType="13cdc9d9-ddb5-4fa4-a97d-d965ccfc6d4b" outcome="Passed" testListId="402dafe2-bbd8-4cf9-97f5-e35517031198" />
    <UnitTestResult executionId="71f089a2-9c9e-4f10-8137-f918dca47357" testId="ca1970d6-5d2e-4866-bcab-feea4c4ea19f" testName="Test9542" computerName="UA-LPT-OGA2" duration="00:00:01.2690000" startTime="2025-05-14T13:20:31.3146610Z" endTime="2025-05-14T13:25:31.3147553Z" testType="13cdc9d9-ddb5-4fa4-a97d-d965ccfc6d4b" outcome="Passed" testListId="402dafe2-bbd8-4cf9-97f5-e35517031198" />
    <UnitTestResult executionId="88cb7717-4a94-4d8a-98ea-23da47f414d3" testId="c969c641-7eb7-46da-b141-3dba706514b5" testName="Test9543" computerName="UA-LPT-OGA2" duration="00:00:00.5340000" startTime="2025-05-14T13:20:31.3146610Z" endTime="2025-05-14T13:25:31.3147553Z" testType="13cdc9d9-ddb5-4fa4-a97d-d965ccfc6d4b" outcome="Passed" testListId="402dafe2-bbd8-4cf9-97f5-e35517031198" />
    <UnitTestResult executionId="b9ce8c25-152f-48fa-8598-97513f0f3ea3" testId="9659732a-589b-472b-8e9c-bfcdd3d8d655" testName="Test9544" computerName="UA-LPT-OGA2" duration="00:00:00.4190000" startTime="2025-05-14T13:20:31.3146610Z" endTime="2025-05-14T13:25:31.3147553Z" testType="13cdc9d9-ddb5-4fa4-a97d-d965ccfc6d4b" outcome="Passed" testListId="402dafe2-bbd8-4cf9-97f5-e35517031198" />
    <UnitTestResult executionId="18904a41-232a-4da6-96a9-0170232ad444" testId="62724f08-150a-4fcc-a2c1-e97bd9c11928" testName="Test9545" computerName="UA-LPT-OGA2" duration="00:00:00.6390000" startTime="2025-05-14T13:20:31.3146610Z" endTime="2025-05-14T13:25:31.3147553Z" testType="13cdc9d9-ddb5-4fa4-a97d-d965ccfc6d4b" outcome="Passed" testListId="402dafe2-bbd8-4cf9-97f5-e35517031198" />
    <UnitTestResult executionId="8d62947e-28e0-49e9-a8ca-185a36dc05ed" testId="53ae0c14-88e3-42b1-b752-053a82276b8c" testName="Test9546" computerName="UA-LPT-OGA2" duration="00:00:00.8040000" startTime="2025-05-14T13:20:31.3146610Z" endTime="2025-05-14T13:25:31.3147553Z" testType="13cdc9d9-ddb5-4fa4-a97d-d965ccfc6d4b" outcome="Passed" testListId="402dafe2-bbd8-4cf9-97f5-e35517031198" />
    <UnitTestResult executionId="4a0d55e3-b0a8-47a9-9f6f-b31fbbedf569" testId="0c2d27ab-1c97-4d35-8dc8-4b3f1c7a6ea0" testName="Test9547" computerName="UA-LPT-OGA2" duration="00:00:00.2160000" startTime="2025-05-14T13:20:31.3146610Z" endTime="2025-05-14T13:25:31.3147553Z" testType="13cdc9d9-ddb5-4fa4-a97d-d965ccfc6d4b" outcome="Passed" testListId="402dafe2-bbd8-4cf9-97f5-e35517031198" />
    <UnitTestResult executionId="4351bf28-5490-4211-b920-d3d3514c0c52" testId="12e5cb8b-dcce-4c4c-91d1-dbf2e90dca6a" testName="Test9548" computerName="UA-LPT-OGA2" duration="00:00:00.8190000" startTime="2025-05-14T13:20:31.3146610Z" endTime="2025-05-14T13:25:31.3147553Z" testType="13cdc9d9-ddb5-4fa4-a97d-d965ccfc6d4b" outcome="Passed" testListId="402dafe2-bbd8-4cf9-97f5-e35517031198" />
    <UnitTestResult executionId="d1b19416-2d25-48cb-999b-6672fd35bca6" testId="2029149a-407e-4fa4-bd68-8d55ce12e6c1" testName="Test9549" computerName="UA-LPT-OGA2" duration="00:00:00.9470000" startTime="2025-05-14T13:20:31.3146610Z" endTime="2025-05-14T13:25:31.3147553Z" testType="13cdc9d9-ddb5-4fa4-a97d-d965ccfc6d4b" outcome="Passed" testListId="402dafe2-bbd8-4cf9-97f5-e35517031198" />
    <UnitTestResult executionId="31a7e998-efbe-4a4a-b185-71cd4218cd66" testId="8a8f65d7-6488-4b0e-8434-0faa829a4066" testName="Test9550" computerName="UA-LPT-OGA2" duration="00:00:01.1550000" startTime="2025-05-14T13:20:31.3146610Z" endTime="2025-05-14T13:25:31.3147553Z" testType="13cdc9d9-ddb5-4fa4-a97d-d965ccfc6d4b" outcome="Passed" testListId="402dafe2-bbd8-4cf9-97f5-e35517031198" />
    <UnitTestResult executionId="74c00a9f-6306-46b9-97aa-e5b0a16cf801" testId="cce7023e-93c0-446f-9956-80ce5a9122a4" testName="Test9551" computerName="UA-LPT-OGA2" duration="00:00:01.5190000" startTime="2025-05-14T13:20:31.3146610Z" endTime="2025-05-14T13:25:31.3147553Z" testType="13cdc9d9-ddb5-4fa4-a97d-d965ccfc6d4b" outcome="Failed" testListId="402dafe2-bbd8-4cf9-97f5-e35517031198">
      <Output>
        <ErrorInfo>
          <Message>Assertion failed: Expected value did not match actual value.</Message>
          <StackTrace>   at TestNamespace.TestClass.Test() in TestClass.cs:line 286</StackTrace>
        </ErrorInfo>
      </Output>
    </UnitTestResult>
    <UnitTestResult executionId="69cc1440-b063-4def-ade5-35536c56426c" testId="12e7b3d3-be9c-400d-8c42-13b7583047b8" testName="Test9552" computerName="UA-LPT-OGA2" duration="00:00:01.2280000" startTime="2025-05-14T13:20:31.3146610Z" endTime="2025-05-14T13:25:31.3147553Z" testType="13cdc9d9-ddb5-4fa4-a97d-d965ccfc6d4b" outcome="Failed" testListId="402dafe2-bbd8-4cf9-97f5-e35517031198">
      <Output>
        <ErrorInfo>
          <Message>Assertion failed: Expected value did not match actual value.</Message>
          <StackTrace>   at TestNamespace.TestClass.Test() in TestClass.cs:line 268</StackTrace>
        </ErrorInfo>
      </Output>
    </UnitTestResult>
    <UnitTestResult executionId="4b0511e3-df5b-45e1-934d-f6b8408e20bf" testId="95f9b123-0ca7-44bd-968e-93bed88ea487" testName="Test9553" computerName="UA-LPT-OGA2" duration="00:00:00.7140000" startTime="2025-05-14T13:20:31.3146610Z" endTime="2025-05-14T13:25:31.3147553Z" testType="13cdc9d9-ddb5-4fa4-a97d-d965ccfc6d4b" outcome="Failed" testListId="402dafe2-bbd8-4cf9-97f5-e35517031198">
      <Output>
        <ErrorInfo>
          <Message>Assertion failed: Expected value did not match actual value.</Message>
          <StackTrace>   at TestNamespace.TestClass.Test() in TestClass.cs:line 325</StackTrace>
        </ErrorInfo>
      </Output>
    </UnitTestResult>
    <UnitTestResult executionId="9103fa92-3f92-4ca2-a183-cf4cd6a80ef1" testId="b7530ff0-37a8-42d0-b59a-294be8f5f29a" testName="Test9554" computerName="UA-LPT-OGA2" duration="00:00:00.4060000" startTime="2025-05-14T13:20:31.3146610Z" endTime="2025-05-14T13:25:31.3147553Z" testType="13cdc9d9-ddb5-4fa4-a97d-d965ccfc6d4b" outcome="Passed" testListId="402dafe2-bbd8-4cf9-97f5-e35517031198" />
    <UnitTestResult executionId="ddfc92f7-0b99-461d-9a4d-acca954dbea0" testId="8537f329-6663-4c07-ac51-9c050f532eb7" testName="Test9555" computerName="UA-LPT-OGA2" duration="00:00:01.3920000" startTime="2025-05-14T13:20:31.3146610Z" endTime="2025-05-14T13:25:31.3147553Z" testType="13cdc9d9-ddb5-4fa4-a97d-d965ccfc6d4b" outcome="Passed" testListId="402dafe2-bbd8-4cf9-97f5-e35517031198" />
    <UnitTestResult executionId="9d9d216c-6103-46a9-a304-c21047ee28f9" testId="5ae0a772-7b97-43e4-b123-e3427b109649" testName="Test9556" computerName="UA-LPT-OGA2" duration="00:00:01.3600000" startTime="2025-05-14T13:20:31.3146610Z" endTime="2025-05-14T13:25:31.3147553Z" testType="13cdc9d9-ddb5-4fa4-a97d-d965ccfc6d4b" outcome="Passed" testListId="402dafe2-bbd8-4cf9-97f5-e35517031198" />
    <UnitTestResult executionId="078cc88b-a30c-4aae-8e56-74bbb919ece0" testId="b18ff7c5-b173-405a-8d69-eb8f63bb1fa4" testName="Test9557" computerName="UA-LPT-OGA2" duration="00:00:01.2190000" startTime="2025-05-14T13:20:31.3146610Z" endTime="2025-05-14T13:25:31.3147553Z" testType="13cdc9d9-ddb5-4fa4-a97d-d965ccfc6d4b" outcome="Passed" testListId="402dafe2-bbd8-4cf9-97f5-e35517031198" />
    <UnitTestResult executionId="71ba95ca-e385-4f5f-b929-d6eee1bcf2df" testId="a13b5855-c49d-4f44-abce-20ce8e41a907" testName="Test9558" computerName="UA-LPT-OGA2" duration="00:00:01.5090000" startTime="2025-05-14T13:20:31.3146610Z" endTime="2025-05-14T13:25:31.3147553Z" testType="13cdc9d9-ddb5-4fa4-a97d-d965ccfc6d4b" outcome="Passed" testListId="402dafe2-bbd8-4cf9-97f5-e35517031198" />
    <UnitTestResult executionId="73651b61-1e30-4027-b31c-e411b69422a4" testId="d2501db4-72e4-41ee-bbfb-b2fc21edd43e" testName="Test9559" computerName="UA-LPT-OGA2" duration="00:00:00.8920000" startTime="2025-05-14T13:20:31.3146610Z" endTime="2025-05-14T13:25:31.3147553Z" testType="13cdc9d9-ddb5-4fa4-a97d-d965ccfc6d4b" outcome="Passed" testListId="402dafe2-bbd8-4cf9-97f5-e35517031198" />
    <UnitTestResult executionId="2cb3f293-3101-43a1-a1d6-232ae71b336f" testId="866332fa-fb84-4094-ba9a-d84c0d0b416b" testName="Test9560" computerName="UA-LPT-OGA2" duration="00:00:00.2160000" startTime="2025-05-14T13:20:31.3146610Z" endTime="2025-05-14T13:25:31.3147553Z" testType="13cdc9d9-ddb5-4fa4-a97d-d965ccfc6d4b" outcome="Passed" testListId="402dafe2-bbd8-4cf9-97f5-e35517031198" />
    <UnitTestResult executionId="0ab22371-971f-4201-a8a0-ad9fa5c38a70" testId="526683be-c825-4572-94a9-6e3dd6aaf21a" testName="Test9561" computerName="UA-LPT-OGA2" duration="00:00:01.5310000" startTime="2025-05-14T13:20:31.3146610Z" endTime="2025-05-14T13:25:31.3147553Z" testType="13cdc9d9-ddb5-4fa4-a97d-d965ccfc6d4b" outcome="Passed" testListId="402dafe2-bbd8-4cf9-97f5-e35517031198" />
    <UnitTestResult executionId="0f5df089-fdf0-43f9-a0ee-09c73ea5ad21" testId="fbc29656-ba17-41a7-bf45-bf11a3468d9f" testName="Test9562" computerName="UA-LPT-OGA2" duration="00:00:01.5380000" startTime="2025-05-14T13:20:31.3146610Z" endTime="2025-05-14T13:25:31.3147553Z" testType="13cdc9d9-ddb5-4fa4-a97d-d965ccfc6d4b" outcome="Passed" testListId="402dafe2-bbd8-4cf9-97f5-e35517031198" />
    <UnitTestResult executionId="a276ccbe-b622-464c-a50b-cb7abded0c9e" testId="3dc252e3-de32-43fa-aa40-1331f9328875" testName="Test9563" computerName="UA-LPT-OGA2" duration="00:00:01.7850000" startTime="2025-05-14T13:20:31.3146610Z" endTime="2025-05-14T13:25:31.3147553Z" testType="13cdc9d9-ddb5-4fa4-a97d-d965ccfc6d4b" outcome="Passed" testListId="402dafe2-bbd8-4cf9-97f5-e35517031198" />
    <UnitTestResult executionId="08482232-2ba1-476b-9ec6-3609d2f9829f" testId="9f23ee50-3d1b-41e2-8940-58a19526f391" testName="Test9564" computerName="UA-LPT-OGA2" duration="00:00:01.2320000" startTime="2025-05-14T13:20:31.3146610Z" endTime="2025-05-14T13:25:31.3147553Z" testType="13cdc9d9-ddb5-4fa4-a97d-d965ccfc6d4b" outcome="Passed" testListId="402dafe2-bbd8-4cf9-97f5-e35517031198" />
    <UnitTestResult executionId="ffa0f7e3-a078-450a-acd4-05b2db3203d4" testId="49f8ccbf-8e8b-4c17-a3bd-89602fd4b367" testName="Test9565" computerName="UA-LPT-OGA2" duration="00:00:01.9530000" startTime="2025-05-14T13:20:31.3146610Z" endTime="2025-05-14T13:25:31.3147553Z" testType="13cdc9d9-ddb5-4fa4-a97d-d965ccfc6d4b" outcome="Passed" testListId="402dafe2-bbd8-4cf9-97f5-e35517031198" />
    <UnitTestResult executionId="5758202a-2be1-4709-a193-626f1760cbb2" testId="01e57a5a-87d6-4fff-be1b-84faade00f5f" testName="Test9566" computerName="UA-LPT-OGA2" duration="00:00:01.3180000" startTime="2025-05-14T13:20:31.3146610Z" endTime="2025-05-14T13:25:31.3147553Z" testType="13cdc9d9-ddb5-4fa4-a97d-d965ccfc6d4b" outcome="Passed" testListId="402dafe2-bbd8-4cf9-97f5-e35517031198" />
    <UnitTestResult executionId="56b2f073-18d4-483b-991f-cc8498e568e6" testId="7a817209-ad69-4a31-b21d-69fec0a18b4a" testName="Test9567" computerName="UA-LPT-OGA2" duration="00:00:01.4040000" startTime="2025-05-14T13:20:31.3146610Z" endTime="2025-05-14T13:25:31.3147553Z" testType="13cdc9d9-ddb5-4fa4-a97d-d965ccfc6d4b" outcome="Passed" testListId="402dafe2-bbd8-4cf9-97f5-e35517031198" />
    <UnitTestResult executionId="88f0f199-036f-42e6-885f-38322f1f92c3" testId="e07afe8a-f339-4c20-9333-075a87c9e593" testName="Test9568" computerName="UA-LPT-OGA2" duration="00:00:01.6520000" startTime="2025-05-14T13:20:31.3146610Z" endTime="2025-05-14T13:25:31.3147553Z" testType="13cdc9d9-ddb5-4fa4-a97d-d965ccfc6d4b" outcome="Failed" testListId="402dafe2-bbd8-4cf9-97f5-e35517031198">
      <Output>
        <ErrorInfo>
          <Message>Assertion failed: Expected value did not match actual value.</Message>
          <StackTrace>   at TestNamespace.TestClass.Test() in TestClass.cs:line 79</StackTrace>
        </ErrorInfo>
      </Output>
    </UnitTestResult>
    <UnitTestResult executionId="2fbdfd44-5830-4038-b736-b56becc533ce" testId="3d5a512f-7256-4b77-b5d7-b3bd15f239ee" testName="Test9569" computerName="UA-LPT-OGA2" duration="00:00:00.5000000" startTime="2025-05-14T13:20:31.3146610Z" endTime="2025-05-14T13:25:31.3147553Z" testType="13cdc9d9-ddb5-4fa4-a97d-d965ccfc6d4b" outcome="Failed" testListId="402dafe2-bbd8-4cf9-97f5-e35517031198">
      <Output>
        <ErrorInfo>
          <Message>Assertion failed: Expected value did not match actual value.</Message>
          <StackTrace>   at TestNamespace.TestClass.Test() in TestClass.cs:line 466</StackTrace>
        </ErrorInfo>
      </Output>
    </UnitTestResult>
    <UnitTestResult executionId="2d001893-5487-482a-b7ee-87ecaa27ac97" testId="0adce878-cbc1-4b3f-b905-b14f83645d72" testName="Test9570" computerName="UA-LPT-OGA2" duration="00:00:00.0260000" startTime="2025-05-14T13:20:31.3146610Z" endTime="2025-05-14T13:25:31.3147553Z" testType="13cdc9d9-ddb5-4fa4-a97d-d965ccfc6d4b" outcome="Passed" testListId="402dafe2-bbd8-4cf9-97f5-e35517031198" />
    <UnitTestResult executionId="5509fc4e-68c2-4d04-8597-2e770f801b14" testId="b9ebe47c-bd8b-4291-b0de-8e14c7cd1ac2" testName="Test9571" computerName="UA-LPT-OGA2" duration="00:00:01.2170000" startTime="2025-05-14T13:20:31.3146610Z" endTime="2025-05-14T13:25:31.3147553Z" testType="13cdc9d9-ddb5-4fa4-a97d-d965ccfc6d4b" outcome="Passed" testListId="402dafe2-bbd8-4cf9-97f5-e35517031198" />
    <UnitTestResult executionId="0f3e7c61-31e9-4113-8789-3d69270b14d7" testId="9831a91d-bf7b-4caa-a953-ec43ef82e378" testName="Test9572" computerName="UA-LPT-OGA2" duration="00:00:01.5370000" startTime="2025-05-14T13:20:31.3146610Z" endTime="2025-05-14T13:25:31.3147553Z" testType="13cdc9d9-ddb5-4fa4-a97d-d965ccfc6d4b" outcome="Passed" testListId="402dafe2-bbd8-4cf9-97f5-e35517031198" />
    <UnitTestResult executionId="e95e0934-fb02-4785-959f-daec3570ee44" testId="e2fefc74-b06b-4eb7-be6f-5c6dfe740f84" testName="Test9573" computerName="UA-LPT-OGA2" duration="00:00:01.1840000" startTime="2025-05-14T13:20:31.3146610Z" endTime="2025-05-14T13:25:31.3147553Z" testType="13cdc9d9-ddb5-4fa4-a97d-d965ccfc6d4b" outcome="Passed" testListId="402dafe2-bbd8-4cf9-97f5-e35517031198" />
    <UnitTestResult executionId="e2260628-4af8-4f4d-9b08-3cf70a9aaaad" testId="fde7a73e-3efa-44c5-923e-2b1b749f939c" testName="Test9574" computerName="UA-LPT-OGA2" duration="00:00:00.4670000" startTime="2025-05-14T13:20:31.3146610Z" endTime="2025-05-14T13:25:31.3147553Z" testType="13cdc9d9-ddb5-4fa4-a97d-d965ccfc6d4b" outcome="Passed" testListId="402dafe2-bbd8-4cf9-97f5-e35517031198" />
    <UnitTestResult executionId="30234b13-3f7a-4e3d-8dd3-32272f86701b" testId="108fb62d-3194-4bfe-85ea-d22227b30c42" testName="Test9575" computerName="UA-LPT-OGA2" duration="00:00:01.3210000" startTime="2025-05-14T13:20:31.3146610Z" endTime="2025-05-14T13:25:31.3147553Z" testType="13cdc9d9-ddb5-4fa4-a97d-d965ccfc6d4b" outcome="Passed" testListId="402dafe2-bbd8-4cf9-97f5-e35517031198" />
    <UnitTestResult executionId="f658450b-873f-4411-830b-03ed17d697cf" testId="d6a257cb-c61d-4caf-b9e2-b9699192447a" testName="Test9576" computerName="UA-LPT-OGA2" duration="00:00:01.8020000" startTime="2025-05-14T13:20:31.3146610Z" endTime="2025-05-14T13:25:31.3147553Z" testType="13cdc9d9-ddb5-4fa4-a97d-d965ccfc6d4b" outcome="Passed" testListId="402dafe2-bbd8-4cf9-97f5-e35517031198" />
    <UnitTestResult executionId="28c81f15-98d3-4ce7-ac4c-b636b7c69ada" testId="10613479-d141-40f0-85d5-dbb91ce871e2" testName="Test9577" computerName="UA-LPT-OGA2" duration="00:00:00.3190000" startTime="2025-05-14T13:20:31.3146610Z" endTime="2025-05-14T13:25:31.3147553Z" testType="13cdc9d9-ddb5-4fa4-a97d-d965ccfc6d4b" outcome="Passed" testListId="402dafe2-bbd8-4cf9-97f5-e35517031198" />
    <UnitTestResult executionId="18b5083c-fe12-4939-b485-a2cbd0a2b83d" testId="e008bfe3-a9ff-44f9-8d09-ec49b3b31fd6" testName="Test9578" computerName="UA-LPT-OGA2" duration="00:00:01.4720000" startTime="2025-05-14T13:20:31.3146610Z" endTime="2025-05-14T13:25:31.3147553Z" testType="13cdc9d9-ddb5-4fa4-a97d-d965ccfc6d4b" outcome="Passed" testListId="402dafe2-bbd8-4cf9-97f5-e35517031198" />
    <UnitTestResult executionId="73964191-6268-4f68-a720-49b47c2617b7" testId="c64bb02d-0e72-4f9f-941c-a6a7aeb0984a" testName="Test9579" computerName="UA-LPT-OGA2" duration="00:00:00.2090000" startTime="2025-05-14T13:20:31.3146610Z" endTime="2025-05-14T13:25:31.3147553Z" testType="13cdc9d9-ddb5-4fa4-a97d-d965ccfc6d4b" outcome="Passed" testListId="402dafe2-bbd8-4cf9-97f5-e35517031198" />
    <UnitTestResult executionId="5c574bf1-30d4-4b5d-a339-4cb88926629d" testId="c3b05503-69b8-4dd5-8507-b8b63e1d2200" testName="Test9580" computerName="UA-LPT-OGA2" duration="00:00:00.4850000" startTime="2025-05-14T13:20:31.3146610Z" endTime="2025-05-14T13:25:31.3147553Z" testType="13cdc9d9-ddb5-4fa4-a97d-d965ccfc6d4b" outcome="Passed" testListId="402dafe2-bbd8-4cf9-97f5-e35517031198" />
    <UnitTestResult executionId="b6306bd9-4cde-49c1-b9e1-0f845fba68c8" testId="e17a9688-a846-4df5-9101-5b017ed68610" testName="Test9581" computerName="UA-LPT-OGA2" duration="00:00:00.3080000" startTime="2025-05-14T13:20:31.3146610Z" endTime="2025-05-14T13:25:31.3147553Z" testType="13cdc9d9-ddb5-4fa4-a97d-d965ccfc6d4b" outcome="Passed" testListId="402dafe2-bbd8-4cf9-97f5-e35517031198" />
    <UnitTestResult executionId="467885f1-d257-4be1-9b24-18379496fea5" testId="b7130c39-8853-40d2-91a7-3a0544b75ab0" testName="Test9582" computerName="UA-LPT-OGA2" duration="00:00:01.1290000" startTime="2025-05-14T13:20:31.3146610Z" endTime="2025-05-14T13:25:31.3147553Z" testType="13cdc9d9-ddb5-4fa4-a97d-d965ccfc6d4b" outcome="Passed" testListId="402dafe2-bbd8-4cf9-97f5-e35517031198" />
    <UnitTestResult executionId="32eb9700-d677-41af-afa7-2ca920045ca2" testId="5daf122c-48e7-4557-97b5-783c2d41233d" testName="Test9583" computerName="UA-LPT-OGA2" duration="00:00:01.1330000" startTime="2025-05-14T13:20:31.3146610Z" endTime="2025-05-14T13:25:31.3147553Z" testType="13cdc9d9-ddb5-4fa4-a97d-d965ccfc6d4b" outcome="Failed" testListId="402dafe2-bbd8-4cf9-97f5-e35517031198">
      <Output>
        <ErrorInfo>
          <Message>Assertion failed: Expected value did not match actual value.</Message>
          <StackTrace>   at TestNamespace.TestClass.Test() in TestClass.cs:line 95</StackTrace>
        </ErrorInfo>
      </Output>
    </UnitTestResult>
    <UnitTestResult executionId="b1219ea0-320e-455a-b4c5-84c2678985a2" testId="415c559d-20f8-408c-b9df-db50c26869a2" testName="Test9584" computerName="UA-LPT-OGA2" duration="00:00:01.4820000" startTime="2025-05-14T13:20:31.3146610Z" endTime="2025-05-14T13:25:31.3147553Z" testType="13cdc9d9-ddb5-4fa4-a97d-d965ccfc6d4b" outcome="Passed" testListId="402dafe2-bbd8-4cf9-97f5-e35517031198" />
    <UnitTestResult executionId="c2bc8134-7a75-45d9-90e9-1f0784952744" testId="8efbad0f-0f9f-4235-a12d-51fee2f492b2" testName="Test9585" computerName="UA-LPT-OGA2" duration="00:00:00.9920000" startTime="2025-05-14T13:20:31.3146610Z" endTime="2025-05-14T13:25:31.3147553Z" testType="13cdc9d9-ddb5-4fa4-a97d-d965ccfc6d4b" outcome="Passed" testListId="402dafe2-bbd8-4cf9-97f5-e35517031198" />
    <UnitTestResult executionId="46484077-deeb-4361-94c5-8c012d87481b" testId="4bd32912-dbc3-44ef-a2f1-a3687fbe8ae1" testName="Test9586" computerName="UA-LPT-OGA2" duration="00:00:01.4040000" startTime="2025-05-14T13:20:31.3146610Z" endTime="2025-05-14T13:25:31.3147553Z" testType="13cdc9d9-ddb5-4fa4-a97d-d965ccfc6d4b" outcome="Passed" testListId="402dafe2-bbd8-4cf9-97f5-e35517031198" />
    <UnitTestResult executionId="1934f012-29bb-476e-9e56-b6019e81a7d2" testId="f3576c6d-b25c-4b24-bb8f-d35c4385b5c4" testName="Test9587" computerName="UA-LPT-OGA2" duration="00:00:00.3430000" startTime="2025-05-14T13:20:31.3146610Z" endTime="2025-05-14T13:25:31.3147553Z" testType="13cdc9d9-ddb5-4fa4-a97d-d965ccfc6d4b" outcome="Passed" testListId="402dafe2-bbd8-4cf9-97f5-e35517031198" />
    <UnitTestResult executionId="172cd386-d148-46d3-b2f2-e2768f74a2cb" testId="1e71c0ea-2d4b-4c6f-90ef-9ea9f7c50734" testName="Test9588" computerName="UA-LPT-OGA2" duration="00:00:00.8440000" startTime="2025-05-14T13:20:31.3146610Z" endTime="2025-05-14T13:25:31.3147553Z" testType="13cdc9d9-ddb5-4fa4-a97d-d965ccfc6d4b" outcome="Failed" testListId="402dafe2-bbd8-4cf9-97f5-e35517031198">
      <Output>
        <ErrorInfo>
          <Message>Assertion failed: Expected value did not match actual value.</Message>
          <StackTrace>   at TestNamespace.TestClass.Test() in TestClass.cs:line 239</StackTrace>
        </ErrorInfo>
      </Output>
    </UnitTestResult>
    <UnitTestResult executionId="32ef93df-af98-415e-a314-a9f1ee548797" testId="759b82ac-7a86-4f2a-a677-c2a13037dcac" testName="Test9589" computerName="UA-LPT-OGA2" duration="00:00:01.1540000" startTime="2025-05-14T13:20:31.3146610Z" endTime="2025-05-14T13:25:31.3147553Z" testType="13cdc9d9-ddb5-4fa4-a97d-d965ccfc6d4b" outcome="Passed" testListId="402dafe2-bbd8-4cf9-97f5-e35517031198" />
    <UnitTestResult executionId="af10a8f9-17e2-46d4-9059-117209a0caf1" testId="fcffc10e-e263-4cab-be4c-bf9cf3aea1a6" testName="Test9590" computerName="UA-LPT-OGA2" duration="00:00:00.3320000" startTime="2025-05-14T13:20:31.3146610Z" endTime="2025-05-14T13:25:31.3147553Z" testType="13cdc9d9-ddb5-4fa4-a97d-d965ccfc6d4b" outcome="Passed" testListId="402dafe2-bbd8-4cf9-97f5-e35517031198" />
    <UnitTestResult executionId="5ec173b0-5ac8-4639-8d97-dd3a9add53fb" testId="565c9e68-9a66-474f-8775-6a1cf5c8dfdf" testName="Test9591" computerName="UA-LPT-OGA2" duration="00:00:01.5080000" startTime="2025-05-14T13:20:31.3146610Z" endTime="2025-05-14T13:25:31.3147553Z" testType="13cdc9d9-ddb5-4fa4-a97d-d965ccfc6d4b" outcome="Passed" testListId="402dafe2-bbd8-4cf9-97f5-e35517031198" />
    <UnitTestResult executionId="e72ee407-41fb-498b-87de-28ab8bca4c78" testId="0688eddd-2535-4709-8a52-02cb2981a2e0" testName="Test9592" computerName="UA-LPT-OGA2" duration="00:00:00.5280000" startTime="2025-05-14T13:20:31.3146610Z" endTime="2025-05-14T13:25:31.3147553Z" testType="13cdc9d9-ddb5-4fa4-a97d-d965ccfc6d4b" outcome="Passed" testListId="402dafe2-bbd8-4cf9-97f5-e35517031198" />
    <UnitTestResult executionId="e8b99f6b-7799-46b8-a903-ff08d4b18878" testId="d78da0bf-a66e-4f4c-ab6e-4904026edd90" testName="Test9593" computerName="UA-LPT-OGA2" duration="00:00:00.7700000" startTime="2025-05-14T13:20:31.3146610Z" endTime="2025-05-14T13:25:31.3147553Z" testType="13cdc9d9-ddb5-4fa4-a97d-d965ccfc6d4b" outcome="Passed" testListId="402dafe2-bbd8-4cf9-97f5-e35517031198" />
    <UnitTestResult executionId="24ceb6f0-da41-4d27-8cf0-ba6e7a0666d2" testId="c428884e-12a9-4cf0-93fd-94b3e5830246" testName="Test9594" computerName="UA-LPT-OGA2" duration="00:00:00.1830000" startTime="2025-05-14T13:20:31.3146610Z" endTime="2025-05-14T13:25:31.3147553Z" testType="13cdc9d9-ddb5-4fa4-a97d-d965ccfc6d4b" outcome="Passed" testListId="402dafe2-bbd8-4cf9-97f5-e35517031198" />
    <UnitTestResult executionId="77c66da3-3703-41c1-85ec-85b64cd2d4f4" testId="3aaabef8-9dd7-409a-9fe4-0f1d593bfee0" testName="Test9595" computerName="UA-LPT-OGA2" duration="00:00:01.0540000" startTime="2025-05-14T13:20:31.3146610Z" endTime="2025-05-14T13:25:31.3147553Z" testType="13cdc9d9-ddb5-4fa4-a97d-d965ccfc6d4b" outcome="Passed" testListId="402dafe2-bbd8-4cf9-97f5-e35517031198" />
    <UnitTestResult executionId="11a7cfce-8e48-413c-aef9-93e078f4f1ef" testId="40a9a492-3775-4e65-b6f5-a4a583e2bec5" testName="Test9596" computerName="UA-LPT-OGA2" duration="00:00:00.4620000" startTime="2025-05-14T13:20:31.3146610Z" endTime="2025-05-14T13:25:31.3147553Z" testType="13cdc9d9-ddb5-4fa4-a97d-d965ccfc6d4b" outcome="Passed" testListId="402dafe2-bbd8-4cf9-97f5-e35517031198" />
    <UnitTestResult executionId="7edc33e9-97fa-4861-80da-7db38f3fcf37" testId="eaa9c59f-b46b-4ecd-b4f0-7e32a0b76059" testName="Test9597" computerName="UA-LPT-OGA2" duration="00:00:01.3020000" startTime="2025-05-14T13:20:31.3146610Z" endTime="2025-05-14T13:25:31.3147553Z" testType="13cdc9d9-ddb5-4fa4-a97d-d965ccfc6d4b" outcome="Passed" testListId="402dafe2-bbd8-4cf9-97f5-e35517031198" />
    <UnitTestResult executionId="bbbe3b53-e67d-462c-b7f7-81cba258a0fe" testId="95ab48b0-ca08-4bfd-a5da-72a0f4e9c01a" testName="Test9598" computerName="UA-LPT-OGA2" duration="00:00:00.9420000" startTime="2025-05-14T13:20:31.3146610Z" endTime="2025-05-14T13:25:31.3147553Z" testType="13cdc9d9-ddb5-4fa4-a97d-d965ccfc6d4b" outcome="Passed" testListId="402dafe2-bbd8-4cf9-97f5-e35517031198" />
    <UnitTestResult executionId="38f823b1-5165-45e4-8a35-9f1e50cfb77b" testId="86756417-e0f1-4522-8f1a-0e6cfbba610c" testName="Test9599" computerName="UA-LPT-OGA2" duration="00:00:01.2140000" startTime="2025-05-14T13:20:31.3146610Z" endTime="2025-05-14T13:25:31.3147553Z" testType="13cdc9d9-ddb5-4fa4-a97d-d965ccfc6d4b" outcome="Passed" testListId="402dafe2-bbd8-4cf9-97f5-e35517031198" />
    <UnitTestResult executionId="3ecf102d-f5c0-45c8-973b-73baf4a23f55" testId="52e5602a-e9c7-43fe-b2cf-4949d810332f" testName="Test9600" computerName="UA-LPT-OGA2" duration="00:00:00.5020000" startTime="2025-05-14T13:20:31.3146610Z" endTime="2025-05-14T13:25:31.3147553Z" testType="13cdc9d9-ddb5-4fa4-a97d-d965ccfc6d4b" outcome="Passed" testListId="402dafe2-bbd8-4cf9-97f5-e35517031198" />
  </Results>
  <TestDefinitions>
    <UnitTest name="Test9501" id="8b1c90c5-b2f1-46fb-8eca-d45f1b5099f6" storage="TestAssembly.dll">
      <Execution id="00664abf-d6b5-44e6-8bb8-24a25e4b3a96" />
      <TestMethod codeBase="TestAssembly.dll" className="TestNamespace.TestClass1" name="Test9501" />
    </UnitTest>
    <UnitTest name="Test9502" id="1e06cbfd-1d36-45f2-8b3d-a7c75aba9363" storage="TestAssembly.dll">
      <Execution id="421214e9-709d-4312-a3b4-cb500794c611" />
      <TestMethod codeBase="TestAssembly.dll" className="TestNamespace.TestClass1" name="Test9502" />
    </UnitTest>
    <UnitTest name="Test9503" id="289100dc-2104-479c-83b6-75f8c19445d5" storage="TestAssembly.dll">
      <Execution id="65480f09-29d6-48ad-8bf6-1dce3060dd56" />
      <TestMethod codeBase="TestAssembly.dll" className="TestNamespace.TestClass1" name="Test9503" />
    </UnitTest>
    <UnitTest name="Test9504" id="6c9e88cd-f227-4dbb-966d-4224a1ebd256" storage="TestAssembly.dll">
      <Execution id="a6d6c800-6e66-4e5a-bec1-418c31f4ec47" />
      <TestMethod codeBase="TestAssembly.dll" className="TestNamespace.TestClass1" name="Test9504" />
    </UnitTest>
    <UnitTest name="Test9505" id="5686bf57-b36b-410d-80c6-7f08bf50ca86" storage="TestAssembly.dll">
      <Execution id="cf9487b8-cdbf-41b3-b6a0-01711332dc03" />
      <TestMethod codeBase="TestAssembly.dll" className="TestNamespace.TestClass1" name="Test9505" />
    </UnitTest>
    <UnitTest name="Test9506" id="ff079673-c0fc-4411-a1d9-538e11cdc32e" storage="TestAssembly.dll">
      <Execution id="ca706077-c3a1-4815-9990-f237bbda7959" />
      <TestMethod codeBase="TestAssembly.dll" className="TestNamespace.TestClass1" name="Test9506" />
    </UnitTest>
    <UnitTest name="Test9507" id="7f84267b-ddf9-4273-8234-93c3d336599f" storage="TestAssembly.dll">
      <Execution id="ddb02a9e-ab34-4217-bf97-92eb0f0d41fc" />
      <TestMethod codeBase="TestAssembly.dll" className="TestNamespace.TestClass1" name="Test9507" />
    </UnitTest>
    <UnitTest name="Test9508" id="a5ddab48-d9cb-40d9-8f49-d24f24778602" storage="TestAssembly.dll">
      <Execution id="b15f844d-1363-457a-bbf5-cf6f50101022" />
      <TestMethod codeBase="TestAssembly.dll" className="TestNamespace.TestClass1" name="Test9508" />
    </UnitTest>
    <UnitTest name="Test9509" id="173a05e5-b240-41c4-a5fe-db27d335e21e" storage="TestAssembly.dll">
      <Execution id="b916eede-f2af-4def-b9af-701d2d00e9c7" />
      <TestMethod codeBase="TestAssembly.dll" className="TestNamespace.TestClass1" name="Test9509" />
    </UnitTest>
    <UnitTest name="Test9510" id="98f811c4-a382-4a4a-b1db-039136667815" storage="TestAssembly.dll">
      <Execution id="06bb3c6f-ce98-4d72-acda-1eddc1092309" />
      <TestMethod codeBase="TestAssembly.dll" className="TestNamespace.TestClass1" name="Test9510" />
    </UnitTest>
    <UnitTest name="Test9511" id="e3f49aa2-5190-471b-8057-b92c627483f7" storage="TestAssembly.dll">
      <Execution id="2fe26309-bdd6-4f97-9cc1-8894caf67142" />
      <TestMethod codeBase="TestAssembly.dll" className="TestNamespace.TestClass2" name="Test9511" />
    </UnitTest>
    <UnitTest name="Test9512" id="4ef339ef-2916-4234-b686-9089decaf8d4" storage="TestAssembly.dll">
      <Execution id="f47ef4d5-0765-45a8-bcc0-20450925ac22" />
      <TestMethod codeBase="TestAssembly.dll" className="TestNamespace.TestClass2" name="Test9512" />
    </UnitTest>
    <UnitTest name="Test9513" id="578c6711-e665-4704-ae08-3744b3ddf029" storage="TestAssembly.dll">
      <Execution id="76407ee5-bfda-47b0-96e3-bc26c9a94aac" />
      <TestMethod codeBase="TestAssembly.dll" className="TestNamespace.TestClass2" name="Test9513" />
    </UnitTest>
    <UnitTest name="Test9514" id="bdc134bd-05fc-43e7-9228-29b0ba333b59" storage="TestAssembly.dll">
      <Execution id="197e9441-ecfe-4d22-9d25-4606cd023fd8" />
      <TestMethod codeBase="TestAssembly.dll" className="TestNamespace.TestClass2" name="Test9514" />
    </UnitTest>
    <UnitTest name="Test9515" id="9aac6f8c-3c11-482e-a7cd-1f8b28bfe9c7" storage="TestAssembly.dll">
      <Execution id="3b7999e6-e6bd-489d-8f8c-8e6a8b505a32" />
      <TestMethod codeBase="TestAssembly.dll" className="TestNamespace.TestClass2" name="Test9515" />
    </UnitTest>
    <UnitTest name="Test9516" id="b322dc29-5ec5-4a50-9ebd-346dbab63b2f" storage="TestAssembly.dll">
      <Execution id="668f6dd4-e11f-4db8-b3d7-065184209f93" />
      <TestMethod codeBase="TestAssembly.dll" className="TestNamespace.TestClass2" name="Test9516" />
    </UnitTest>
    <UnitTest name="Test9517" id="82331018-f947-4ff2-8d31-5cb9f23a7a7a" storage="TestAssembly.dll">
      <Execution id="b3383eb3-3a1b-4bfc-ba84-69702eb29ab1" />
      <TestMethod codeBase="TestAssembly.dll" className="TestNamespace.TestClass2" name="Test9517" />
    </UnitTest>
    <UnitTest name="Test9518" id="70392e1a-de15-4a21-a86a-e9c7f08ea359" storage="TestAssembly.dll">
      <Execution id="112283b2-54c2-492b-a9ca-2c54fb84e76d" />
      <TestMethod codeBase="TestAssembly.dll" className="TestNamespace.TestClass2" name="Test9518" />
    </UnitTest>
    <UnitTest name="Test9519" id="beba7bdc-4d43-40f0-83de-61694f7a9692" storage="TestAssembly.dll">
      <Execution id="507c3b42-8705-413c-b7b0-db4d649ccff5" />
      <TestMethod codeBase="TestAssembly.dll" className="TestNamespace.TestClass2" name="Test9519" />
    </UnitTest>
    <UnitTest name="Test9520" id="b3c973cb-1368-4bdf-8682-b3f2d9293295" storage="TestAssembly.dll">
      <Execution id="07e9e749-9946-40d2-bf14-39aa0eebcb99" />
      <TestMethod codeBase="TestAssembly.dll" className="TestNamespace.TestClass2" name="Test9520" />
    </UnitTest>
    <UnitTest name="Test9521" id="32a3b508-bd7d-4fc8-a8e3-875a129c6cc1" storage="TestAssembly.dll">
      <Execution id="f2f1afd2-f806-42ae-9104-c5f1a54012e6" />
      <TestMethod codeBase="TestAssembly.dll" className="TestNamespace.TestClass3" name="Test9521" />
    </UnitTest>
    <UnitTest name="Test9522" id="af34fe86-d486-4ffc-8266-1e55fdc6469b" storage="TestAssembly.dll">
      <Execution id="4eb32b35-9032-49df-9899-a64ef8f91327" />
      <TestMethod codeBase="TestAssembly.dll" className="TestNamespace.TestClass3" name="Test9522" />
    </UnitTest>
    <UnitTest name="Test9523" id="ee55b4a4-452a-45c0-972b-39fcca0d20ca" storage="TestAssembly.dll">
      <Execution id="4ca1aa1f-1bc4-4e73-8b22-f21344064d0e" />
      <TestMethod codeBase="TestAssembly.dll" className="TestNamespace.TestClass3" name="Test9523" />
    </UnitTest>
    <UnitTest name="Test9524" id="976476a3-443d-4ca6-bbcd-6a70095d0aed" storage="TestAssembly.dll">
      <Execution id="6fd7ea2c-c9f4-4b90-a795-2c001f8c3677" />
      <TestMethod codeBase="TestAssembly.dll" className="TestNamespace.TestClass3" name="Test9524" />
    </UnitTest>
    <UnitTest name="Test9525" id="a8710c9b-2502-46c6-a8dc-24211df8b94b" storage="TestAssembly.dll">
      <Execution id="d98e2947-0c60-4339-841e-d4669e3a74d3" />
      <TestMethod codeBase="TestAssembly.dll" className="TestNamespace.TestClass3" name="Test9525" />
    </UnitTest>
    <UnitTest name="Test9526" id="9b36adc4-9d0e-4a64-8f5d-d178832c2480" storage="TestAssembly.dll">
      <Execution id="083d30dc-3900-4bcd-b8bc-2e345cd5956c" />
      <TestMethod codeBase="TestAssembly.dll" className="TestNamespace.TestClass3" name="Test9526" />
    </UnitTest>
    <UnitTest name="Test9527" id="fbf1d3d0-41b4-449c-aa11-3ace625c3446" storage="TestAssembly.dll">
      <Execution id="7751a18f-3e3d-40dd-a1be-21744800cf24" />
      <TestMethod codeBase="TestAssembly.dll" className="TestNamespace.TestClass3" name="Test9527" />
    </UnitTest>
    <UnitTest name="Test9528" id="69d9a6c1-f371-4271-934f-d75f094e2892" storage="TestAssembly.dll">
      <Execution id="8a69aa25-4e79-47df-878a-1536d8a03406" />
      <TestMethod codeBase="TestAssembly.dll" className="TestNamespace.TestClass3" name="Test9528" />
    </UnitTest>
    <UnitTest name="Test9529" id="bd7f3d58-7a7e-44a0-8cf1-7acd585dbf61" storage="TestAssembly.dll">
      <Execution id="ea34ca32-915c-4eba-9fb3-14a04d113856" />
      <TestMethod codeBase="TestAssembly.dll" className="TestNamespace.TestClass3" name="Test9529" />
    </UnitTest>
    <UnitTest name="Test9530" id="465c22eb-b37c-461f-ae19-7d26be73b717" storage="TestAssembly.dll">
      <Execution id="97a6e826-fc09-4fbc-9f0f-f09f627fdbe4" />
      <TestMethod codeBase="TestAssembly.dll" className="TestNamespace.TestClass3" name="Test9530" />
    </UnitTest>
    <UnitTest name="Test9531" id="78584e8f-dd99-4dce-bac7-6c2870305f0f" storage="TestAssembly.dll">
      <Execution id="6edc8a46-404b-4182-97c0-d587c7c6b7c4" />
      <TestMethod codeBase="TestAssembly.dll" className="TestNamespace.TestClass4" name="Test9531" />
    </UnitTest>
    <UnitTest name="Test9532" id="bcfb68f3-6ab2-47d8-89f6-1c60e8381ff2" storage="TestAssembly.dll">
      <Execution id="289a71ef-2195-4207-9f2c-1646112f339f" />
      <TestMethod codeBase="TestAssembly.dll" className="TestNamespace.TestClass4" name="Test9532" />
    </UnitTest>
    <UnitTest name="Test9533" id="b4631148-62b3-4e5a-bbc7-607264415471" storage="TestAssembly.dll">
      <Execution id="7c4a9777-0c77-4823-88ba-696edaa9879f" />
      <TestMethod codeBase="TestAssembly.dll" className="TestNamespace.TestClass4" name="Test9533" />
    </UnitTest>
    <UnitTest name="Test9534" id="0c2a760e-498e-47da-838f-e9ab21b9ca33" storage="TestAssembly.dll">
      <Execution id="b11dcce7-9adc-4088-a6d7-8bc051c752c4" />
      <TestMethod codeBase="TestAssembly.dll" className="TestNamespace.TestClass4" name="Test9534" />
    </UnitTest>
    <UnitTest name="Test9535" id="c434339d-853d-4009-ac45-d94e0c3e73bc" storage="TestAssembly.dll">
      <Execution id="468fc956-19e0-474f-b4e3-d795c10b6cf5" />
      <TestMethod codeBase="TestAssembly.dll" className="TestNamespace.TestClass4" name="Test9535" />
    </UnitTest>
    <UnitTest name="Test9536" id="95c60710-01f2-42dd-9741-af8f67282348" storage="TestAssembly.dll">
      <Execution id="692561e7-9780-4d60-aa6d-62bc574ff604" />
      <TestMethod codeBase="TestAssembly.dll" className="TestNamespace.TestClass4" name="Test9536" />
    </UnitTest>
    <UnitTest name="Test9537" id="265ebcc4-04e2-434d-886b-4984a758cff6" storage="TestAssembly.dll">
      <Execution id="7808459a-8088-4ca1-a0c2-e7304fb006b4" />
      <TestMethod codeBase="TestAssembly.dll" className="TestNamespace.TestClass4" name="Test9537" />
    </UnitTest>
    <UnitTest name="Test9538" id="1aa14555-fe70-4ce9-bf27-418f2e78d055" storage="TestAssembly.dll">
      <Execution id="4390f9bb-bdc4-41f0-96fc-5d28dc3efd4e" />
      <TestMethod codeBase="TestAssembly.dll" className="TestNamespace.TestClass4" name="Test9538" />
    </UnitTest>
    <UnitTest name="Test9539" id="d4d828cf-7a24-425f-b788-b222e061e7d5" storage="TestAssembly.dll">
      <Execution id="30ad84b7-255d-4d9b-9428-c31e55035ce2" />
      <TestMethod codeBase="TestAssembly.dll" className="TestNamespace.TestClass4" name="Test9539" />
    </UnitTest>
    <UnitTest name="Test9540" id="fffe5c84-c803-4b59-8492-0b46d44e2e2e" storage="TestAssembly.dll">
      <Execution id="428693c2-58d3-4ddb-b8a9-40344d5e1a3d" />
      <TestMethod codeBase="TestAssembly.dll" className="TestNamespace.TestClass4" name="Test9540" />
    </UnitTest>
    <UnitTest name="Test9541" id="672e5a07-64f3-4c10-8920-d7ec5311eb87" storage="TestAssembly.dll">
      <Execution id="9c4198ad-58a7-491a-b1cb-1f70d246b3e6" />
      <TestMethod codeBase="TestAssembly.dll" className="TestNamespace.TestClass5" name="Test9541" />
    </UnitTest>
    <UnitTest name="Test9542" id="ca1970d6-5d2e-4866-bcab-feea4c4ea19f" storage="TestAssembly.dll">
      <Execution id="71f089a2-9c9e-4f10-8137-f918dca47357" />
      <TestMethod codeBase="TestAssembly.dll" className="TestNamespace.TestClass5" name="Test9542" />
    </UnitTest>
    <UnitTest name="Test9543" id="c969c641-7eb7-46da-b141-3dba706514b5" storage="TestAssembly.dll">
      <Execution id="88cb7717-4a94-4d8a-98ea-23da47f414d3" />
      <TestMethod codeBase="TestAssembly.dll" className="TestNamespace.TestClass5" name="Test9543" />
    </UnitTest>
    <UnitTest name="Test9544" id="9659732a-589b-472b-8e9c-bfcdd3d8d655" storage="TestAssembly.dll">
      <Execution id="b9ce8c25-152f-48fa-8598-97513f0f3ea3" />
      <TestMethod codeBase="TestAssembly.dll" className="TestNamespace.TestClass5" name="Test9544" />
    </UnitTest>
    <UnitTest name="Test9545" id="62724f08-150a-4fcc-a2c1-e97bd9c11928" storage="TestAssembly.dll">
      <Execution id="18904a41-232a-4da6-96a9-0170232ad444" />
      <TestMethod codeBase="TestAssembly.dll" className="TestNamespace.TestClass5" name="Test9545" />
    </UnitTest>
    <UnitTest name="Test9546" id="53ae0c14-88e3-42b1-b752-053a82276b8c" storage="TestAssembly.dll">
      <Execution id="8d62947e-28e0-49e9-a8ca-185a36dc05ed" />
      <TestMethod codeBase="TestAssembly.dll" className="TestNamespace.TestClass5" name="Test9546" />
    </UnitTest>
    <UnitTest name="Test9547" id="0c2d27ab-1c97-4d35-8dc8-4b3f1c7a6ea0" storage="TestAssembly.dll">
      <Execution id="4a0d55e3-b0a8-47a9-9f6f-b31fbbedf569" />
      <TestMethod codeBase="TestAssembly.dll" className="TestNamespace.TestClass5" name="Test9547" />
    </UnitTest>
    <UnitTest name="Test9548" id="12e5cb8b-dcce-4c4c-91d1-dbf2e90dca6a" storage="TestAssembly.dll">
      <Execution id="4351bf28-5490-4211-b920-d3d3514c0c52" />
      <TestMethod codeBase="TestAssembly.dll" className="TestNamespace.TestClass5" name="Test9548" />
    </UnitTest>
    <UnitTest name="Test9549" id="2029149a-407e-4fa4-bd68-8d55ce12e6c1" storage="TestAssembly.dll">
      <Execution id="d1b19416-2d25-48cb-999b-6672fd35bca6" />
      <TestMethod codeBase="TestAssembly.dll" className="TestNamespace.TestClass5" name="Test9549" />
    </UnitTest>
    <UnitTest name="Test9550" id="8a8f65d7-6488-4b0e-8434-0faa829a4066" storage="TestAssembly.dll">
      <Execution id="31a7e998-efbe-4a4a-b185-71cd4218cd66" />
      <TestMethod codeBase="TestAssembly.dll" className="TestNamespace.TestClass5" name="Test9550" />
    </UnitTest>
    <UnitTest name="Test9551" id="cce7023e-93c0-446f-9956-80ce5a9122a4" storage="TestAssembly.dll">
      <Execution id="74c00a9f-6306-46b9-97aa-e5b0a16cf801" />
      <TestMethod codeBase="TestAssembly.dll" className="TestNamespace.TestClass6" name="Test9551" />
    </UnitTest>
    <UnitTest name="Test9552" id="12e7b3d3-be9c-400d-8c42-13b7583047b8" storage="TestAssembly.dll">
      <Execution id="69cc1440-b063-4def-ade5-35536c56426c" />
      <TestMethod codeBase="TestAssembly.dll" className="TestNamespace.TestClass6" name="Test9552" />
    </UnitTest>
    <UnitTest name="Test9553" id="95f9b123-0ca7-44bd-968e-93bed88ea487" storage="TestAssembly.dll">
      <Execution id="4b0511e3-df5b-45e1-934d-f6b8408e20bf" />
      <TestMethod codeBase="TestAssembly.dll" className="TestNamespace.TestClass6" name="Test9553" />
    </UnitTest>
    <UnitTest name="Test9554" id="b7530ff0-37a8-42d0-b59a-294be8f5f29a" storage="TestAssembly.dll">
      <Execution id="9103fa92-3f92-4ca2-a183-cf4cd6a80ef1" />
      <TestMethod codeBase="TestAssembly.dll" className="TestNamespace.TestClass6" name="Test9554" />
    </UnitTest>
    <UnitTest name="Test9555" id="8537f329-6663-4c07-ac51-9c050f532eb7" storage="TestAssembly.dll">
      <Execution id="ddfc92f7-0b99-461d-9a4d-acca954dbea0" />
      <TestMethod codeBase="TestAssembly.dll" className="TestNamespace.TestClass6" name="Test9555" />
    </UnitTest>
    <UnitTest name="Test9556" id="5ae0a772-7b97-43e4-b123-e3427b109649" storage="TestAssembly.dll">
      <Execution id="9d9d216c-6103-46a9-a304-c21047ee28f9" />
      <TestMethod codeBase="TestAssembly.dll" className="TestNamespace.TestClass6" name="Test9556" />
    </UnitTest>
    <UnitTest name="Test9557" id="b18ff7c5-b173-405a-8d69-eb8f63bb1fa4" storage="TestAssembly.dll">
      <Execution id="078cc88b-a30c-4aae-8e56-74bbb919ece0" />
      <TestMethod codeBase="TestAssembly.dll" className="TestNamespace.TestClass6" name="Test9557" />
    </UnitTest>
    <UnitTest name="Test9558" id="a13b5855-c49d-4f44-abce-20ce8e41a907" storage="TestAssembly.dll">
      <Execution id="71ba95ca-e385-4f5f-b929-d6eee1bcf2df" />
      <TestMethod codeBase="TestAssembly.dll" className="TestNamespace.TestClass6" name="Test9558" />
    </UnitTest>
    <UnitTest name="Test9559" id="d2501db4-72e4-41ee-bbfb-b2fc21edd43e" storage="TestAssembly.dll">
      <Execution id="73651b61-1e30-4027-b31c-e411b69422a4" />
      <TestMethod codeBase="TestAssembly.dll" className="TestNamespace.TestClass6" name="Test9559" />
    </UnitTest>
    <UnitTest name="Test9560" id="866332fa-fb84-4094-ba9a-d84c0d0b416b" storage="TestAssembly.dll">
      <Execution id="2cb3f293-3101-43a1-a1d6-232ae71b336f" />
      <TestMethod codeBase="TestAssembly.dll" className="TestNamespace.TestClass6" name="Test9560" />
    </UnitTest>
    <UnitTest name="Test9561" id="526683be-c825-4572-94a9-6e3dd6aaf21a" storage="TestAssembly.dll">
      <Execution id="0ab22371-971f-4201-a8a0-ad9fa5c38a70" />
      <TestMethod codeBase="TestAssembly.dll" className="TestNamespace.TestClass7" name="Test9561" />
    </UnitTest>
    <UnitTest name="Test9562" id="fbc29656-ba17-41a7-bf45-bf11a3468d9f" storage="TestAssembly.dll">
      <Execution id="0f5df089-fdf0-43f9-a0ee-09c73ea5ad21" />
      <TestMethod codeBase="TestAssembly.dll" className="TestNamespace.TestClass7" name="Test9562" />
    </UnitTest>
    <UnitTest name="Test9563" id="3dc252e3-de32-43fa-aa40-1331f9328875" storage="TestAssembly.dll">
      <Execution id="a276ccbe-b622-464c-a50b-cb7abded0c9e" />
      <TestMethod codeBase="TestAssembly.dll" className="TestNamespace.TestClass7" name="Test9563" />
    </UnitTest>
    <UnitTest name="Test9564" id="9f23ee50-3d1b-41e2-8940-58a19526f391" storage="TestAssembly.dll">
      <Execution id="08482232-2ba1-476b-9ec6-3609d2f9829f" />
      <TestMethod codeBase="TestAssembly.dll" className="TestNamespace.TestClass7" name="Test9564" />
    </UnitTest>
    <UnitTest name="Test9565" id="49f8ccbf-8e8b-4c17-a3bd-89602fd4b367" storage="TestAssembly.dll">
      <Execution id="ffa0f7e3-a078-450a-acd4-05b2db3203d4" />
      <TestMethod codeBase="TestAssembly.dll" className="TestNamespace.TestClass7" name="Test9565" />
    </UnitTest>
    <UnitTest name="Test9566" id="01e57a5a-87d6-4fff-be1b-84faade00f5f" storage="TestAssembly.dll">
      <Execution id="5758202a-2be1-4709-a193-626f1760cbb2" />
      <TestMethod codeBase="TestAssembly.dll" className="TestNamespace.TestClass7" name="Test9566" />
    </UnitTest>
    <UnitTest name="Test9567" id="7a817209-ad69-4a31-b21d-69fec0a18b4a" storage="TestAssembly.dll">
      <Execution id="56b2f073-18d4-483b-991f-cc8498e568e6" />
      <TestMethod codeBase="TestAssembly.dll" className="TestNamespace.TestClass7" name="Test9567" />
    </UnitTest>
    <UnitTest name="Test9568" id="e07afe8a-f339-4c20-9333-075a87c9e593" storage="TestAssembly.dll">
      <Execution id="88f0f199-036f-42e6-885f-38322f1f92c3" />
      <TestMethod codeBase="TestAssembly.dll" className="TestNamespace.TestClass7" name="Test9568" />
    </UnitTest>
    <UnitTest name="Test9569" id="3d5a512f-7256-4b77-b5d7-b3bd15f239ee" storage="TestAssembly.dll">
      <Execution id="2fbdfd44-5830-4038-b736-b56becc533ce" />
      <TestMethod codeBase="TestAssembly.dll" className="TestNamespace.TestClass7" name="Test9569" />
    </UnitTest>
    <UnitTest name="Test9570" id="0adce878-cbc1-4b3f-b905-b14f83645d72" storage="TestAssembly.dll">
      <Execution id="2d001893-5487-482a-b7ee-87ecaa27ac97" />
      <TestMethod codeBase="TestAssembly.dll" className="TestNamespace.TestClass7" name="Test9570" />
    </UnitTest>
    <UnitTest name="Test9571" id="b9ebe47c-bd8b-4291-b0de-8e14c7cd1ac2" storage="TestAssembly.dll">
      <Execution id="5509fc4e-68c2-4d04-8597-2e770f801b14" />
      <TestMethod codeBase="TestAssembly.dll" className="TestNamespace.TestClass8" name="Test9571" />
    </UnitTest>
    <UnitTest name="Test9572" id="9831a91d-bf7b-4caa-a953-ec43ef82e378" storage="TestAssembly.dll">
      <Execution id="0f3e7c61-31e9-4113-8789-3d69270b14d7" />
      <TestMethod codeBase="TestAssembly.dll" className="TestNamespace.TestClass8" name="Test9572" />
    </UnitTest>
    <UnitTest name="Test9573" id="e2fefc74-b06b-4eb7-be6f-5c6dfe740f84" storage="TestAssembly.dll">
      <Execution id="e95e0934-fb02-4785-959f-daec3570ee44" />
      <TestMethod codeBase="TestAssembly.dll" className="TestNamespace.TestClass8" name="Test9573" />
    </UnitTest>
    <UnitTest name="Test9574" id="fde7a73e-3efa-44c5-923e-2b1b749f939c" storage="TestAssembly.dll">
      <Execution id="e2260628-4af8-4f4d-9b08-3cf70a9aaaad" />
      <TestMethod codeBase="TestAssembly.dll" className="TestNamespace.TestClass8" name="Test9574" />
    </UnitTest>
    <UnitTest name="Test9575" id="108fb62d-3194-4bfe-85ea-d22227b30c42" storage="TestAssembly.dll">
      <Execution id="30234b13-3f7a-4e3d-8dd3-32272f86701b" />
      <TestMethod codeBase="TestAssembly.dll" className="TestNamespace.TestClass8" name="Test9575" />
    </UnitTest>
    <UnitTest name="Test9576" id="d6a257cb-c61d-4caf-b9e2-b9699192447a" storage="TestAssembly.dll">
      <Execution id="f658450b-873f-4411-830b-03ed17d697cf" />
      <TestMethod codeBase="TestAssembly.dll" className="TestNamespace.TestClass8" name="Test9576" />
    </UnitTest>
    <UnitTest name="Test9577" id="10613479-d141-40f0-85d5-dbb91ce871e2" storage="TestAssembly.dll">
      <Execution id="28c81f15-98d3-4ce7-ac4c-b636b7c69ada" />
      <TestMethod codeBase="TestAssembly.dll" className="TestNamespace.TestClass8" name="Test9577" />
    </UnitTest>
    <UnitTest name="Test9578" id="e008bfe3-a9ff-44f9-8d09-ec49b3b31fd6" storage="TestAssembly.dll">
      <Execution id="18b5083c-fe12-4939-b485-a2cbd0a2b83d" />
      <TestMethod codeBase="TestAssembly.dll" className="TestNamespace.TestClass8" name="Test9578" />
    </UnitTest>
    <UnitTest name="Test9579" id="c64bb02d-0e72-4f9f-941c-a6a7aeb0984a" storage="TestAssembly.dll">
      <Execution id="73964191-6268-4f68-a720-49b47c2617b7" />
      <TestMethod codeBase="TestAssembly.dll" className="TestNamespace.TestClass8" name="Test9579" />
    </UnitTest>
    <UnitTest name="Test9580" id="c3b05503-69b8-4dd5-8507-b8b63e1d2200" storage="TestAssembly.dll">
      <Execution id="5c574bf1-30d4-4b5d-a339-4cb88926629d" />
      <TestMethod codeBase="TestAssembly.dll" className="TestNamespace.TestClass8" name="Test9580" />
    </UnitTest>
    <UnitTest name="Test9581" id="e17a9688-a846-4df5-9101-5b017ed68610" storage="TestAssembly.dll">
      <Execution id="b6306bd9-4cde-49c1-b9e1-0f845fba68c8" />
      <TestMethod codeBase="TestAssembly.dll" className="TestNamespace.TestClass9" name="Test9581" />
    </UnitTest>
    <UnitTest name="Test9582" id="b7130c39-8853-40d2-91a7-3a0544b75ab0" storage="TestAssembly.dll">
      <Execution id="467885f1-d257-4be1-9b24-18379496fea5" />
      <TestMethod codeBase="TestAssembly.dll" className="TestNamespace.TestClass9" name="Test9582" />
    </UnitTest>
    <UnitTest name="Test9583" id="5daf122c-48e7-4557-97b5-783c2d41233d" storage="TestAssembly.dll">
      <Execution id="32eb9700-d677-41af-afa7-2ca920045ca2" />
      <TestMethod codeBase="TestAssembly.dll" className="TestNamespace.TestClass9" name="Test9583" />
    </UnitTest>
    <UnitTest name="Test9584" id="415c559d-20f8-408c-b9df-db50c26869a2" storage="TestAssembly.dll">
      <Execution id="b1219ea0-320e-455a-b4c5-84c2678985a2" />
      <TestMethod codeBase="TestAssembly.dll" className="TestNamespace.TestClass9" name="Test9584" />
    </UnitTest>
    <UnitTest name="Test9585" id="8efbad0f-0f9f-4235-a12d-51fee2f492b2" storage="TestAssembly.dll">
      <Execution id="c2bc8134-7a75-45d9-90e9-1f0784952744" />
      <TestMethod codeBase="TestAssembly.dll" className="TestNamespace.TestClass9" name="Test9585" />
    </UnitTest>
    <UnitTest name="Test9586" id="4bd32912-dbc3-44ef-a2f1-a3687fbe8ae1" storage="TestAssembly.dll">
      <Execution id="46484077-deeb-4361-94c5-8c012d87481b" />
      <TestMethod codeBase="TestAssembly.dll" className="TestNamespace.TestClass9" name="Test9586" />
    </UnitTest>
    <UnitTest name="Test9587" id="f3576c6d-b25c-4b24-bb8f-d35c4385b5c4" storage="TestAssembly.dll">
      <Execution id="1934f012-29bb-476e-9e56-b6019e81a7d2" />
      <TestMethod codeBase="TestAssembly.dll" className="TestNamespace.TestClass9" name="Test9587" />
    </UnitTest>
    <UnitTest name="Test9588" id="1e71c0ea-2d4b-4c6f-90ef-9ea9f7c50734" storage="TestAssembly.dll">
      <Execution id="172cd386-d148-46d3-b2f2-e2768f74a2cb" />
      <TestMethod codeBase="TestAssembly.dll" className="TestNamespace.TestClass9" name="Test9588" />
    </UnitTest>
    <UnitTest name="Test9589" id="759b82ac-7a86-4f2a-a677-c2a13037dcac" storage="TestAssembly.dll">
      <Execution id="32ef93df-af98-415e-a314-a9f1ee548797" />
      <TestMethod codeBase="TestAssembly.dll" className="TestNamespace.TestClass9" name="Test9589" />
    </UnitTest>
    <UnitTest name="Test9590" id="fcffc10e-e263-4cab-be4c-bf9cf3aea1a6" storage="TestAssembly.dll">
      <Execution id="af10a8f9-17e2-46d4-9059-117209a0caf1" />
      <TestMethod codeBase="TestAssembly.dll" className="TestNamespace.TestClass9" name="Test9590" />
    </UnitTest>
    <UnitTest name="Test9591" id="565c9e68-9a66-474f-8775-6a1cf5c8dfdf" storage="TestAssembly.dll">
      <Execution id="5ec173b0-5ac8-4639-8d97-dd3a9add53fb" />
      <TestMethod codeBase="TestAssembly.dll" className="TestNamespace.TestClass10" name="Test9591" />
    </UnitTest>
    <UnitTest name="Test9592" id="0688eddd-2535-4709-8a52-02cb2981a2e0" storage="TestAssembly.dll">
      <Execution id="e72ee407-41fb-498b-87de-28ab8bca4c78" />
      <TestMethod codeBase="TestAssembly.dll" className="TestNamespace.TestClass10" name="Test9592" />
    </UnitTest>
    <UnitTest name="Test9593" id="d78da0bf-a66e-4f4c-ab6e-4904026edd90" storage="TestAssembly.dll">
      <Execution id="e8b99f6b-7799-46b8-a903-ff08d4b18878" />
      <TestMethod codeBase="TestAssembly.dll" className="TestNamespace.TestClass10" name="Test9593" />
    </UnitTest>
    <UnitTest name="Test9594" id="c428884e-12a9-4cf0-93fd-94b3e5830246" storage="TestAssembly.dll">
      <Execution id="24ceb6f0-da41-4d27-8cf0-ba6e7a0666d2" />
      <TestMethod codeBase="TestAssembly.dll" className="TestNamespace.TestClass10" name="Test9594" />
    </UnitTest>
    <UnitTest name="Test9595" id="3aaabef8-9dd7-409a-9fe4-0f1d593bfee0" storage="TestAssembly.dll">
      <Execution id="77c66da3-3703-41c1-85ec-85b64cd2d4f4" />
      <TestMethod codeBase="TestAssembly.dll" className="TestNamespace.TestClass10" name="Test9595" />
    </UnitTest>
    <UnitTest name="Test9596" id="40a9a492-3775-4e65-b6f5-a4a583e2bec5" storage="TestAssembly.dll">
      <Execution id="11a7cfce-8e48-413c-aef9-93e078f4f1ef" />
      <TestMethod codeBase="TestAssembly.dll" className="TestNamespace.TestClass10" name="Test9596" />
    </UnitTest>
    <UnitTest name="Test9597" id="eaa9c59f-b46b-4ecd-b4f0-7e32a0b76059" storage="TestAssembly.dll">
      <Execution id="7edc33e9-97fa-4861-80da-7db38f3fcf37" />
      <TestMethod codeBase="TestAssembly.dll" className="TestNamespace.TestClass10" name="Test9597" />
    </UnitTest>
    <UnitTest name="Test9598" id="95ab48b0-ca08-4bfd-a5da-72a0f4e9c01a" storage="TestAssembly.dll">
      <Execution id="bbbe3b53-e67d-462c-b7f7-81cba258a0fe" />
      <TestMethod codeBase="TestAssembly.dll" className="TestNamespace.TestClass10" name="Test9598" />
    </UnitTest>
    <UnitTest name="Test9599" id="86756417-e0f1-4522-8f1a-0e6cfbba610c" storage="TestAssembly.dll">
      <Execution id="38f823b1-5165-45e4-8a35-9f1e50cfb77b" />
      <TestMethod codeBase="TestAssembly.dll" className="TestNamespace.TestClass10" name="Test9599" />
    </UnitTest>
    <UnitTest name="Test9600" id="52e5602a-e9c7-43fe-b2cf-4949d810332f" storage="TestAssembly.dll">
      <Execution id="3ecf102d-f5c0-45c8-973b-73baf4a23f55" />
      <TestMethod codeBase="TestAssembly.dll" className="TestNamespace.TestClass10" name="Test9600" />
    </UnitTest>
  </TestDefinitions>
  <TestEntries>
    <TestEntry testId="8b1c90c5-b2f1-46fb-8eca-d45f1b5099f6" executionId="00664abf-d6b5-44e6-8bb8-24a25e4b3a96" testListId="402dafe2-bbd8-4cf9-97f5-e35517031198" />
    <TestEntry testId="1e06cbfd-1d36-45f2-8b3d-a7c75aba9363" executionId="421214e9-709d-4312-a3b4-cb500794c611" testListId="402dafe2-bbd8-4cf9-97f5-e35517031198" />
    <TestEntry testId="289100dc-2104-479c-83b6-75f8c19445d5" executionId="65480f09-29d6-48ad-8bf6-1dce3060dd56" testListId="402dafe2-bbd8-4cf9-97f5-e35517031198" />
    <TestEntry testId="6c9e88cd-f227-4dbb-966d-4224a1ebd256" executionId="a6d6c800-6e66-4e5a-bec1-418c31f4ec47" testListId="402dafe2-bbd8-4cf9-97f5-e35517031198" />
    <TestEntry testId="5686bf57-b36b-410d-80c6-7f08bf50ca86" executionId="cf9487b8-cdbf-41b3-b6a0-01711332dc03" testListId="402dafe2-bbd8-4cf9-97f5-e35517031198" />
    <TestEntry testId="ff079673-c0fc-4411-a1d9-538e11cdc32e" executionId="ca706077-c3a1-4815-9990-f237bbda7959" testListId="402dafe2-bbd8-4cf9-97f5-e35517031198" />
    <TestEntry testId="7f84267b-ddf9-4273-8234-93c3d336599f" executionId="ddb02a9e-ab34-4217-bf97-92eb0f0d41fc" testListId="402dafe2-bbd8-4cf9-97f5-e35517031198" />
    <TestEntry testId="a5ddab48-d9cb-40d9-8f49-d24f24778602" executionId="b15f844d-1363-457a-bbf5-cf6f50101022" testListId="402dafe2-bbd8-4cf9-97f5-e35517031198" />
    <TestEntry testId="173a05e5-b240-41c4-a5fe-db27d335e21e" executionId="b916eede-f2af-4def-b9af-701d2d00e9c7" testListId="402dafe2-bbd8-4cf9-97f5-e35517031198" />
    <TestEntry testId="98f811c4-a382-4a4a-b1db-039136667815" executionId="06bb3c6f-ce98-4d72-acda-1eddc1092309" testListId="402dafe2-bbd8-4cf9-97f5-e35517031198" />
    <TestEntry testId="e3f49aa2-5190-471b-8057-b92c627483f7" executionId="2fe26309-bdd6-4f97-9cc1-8894caf67142" testListId="402dafe2-bbd8-4cf9-97f5-e35517031198" />
    <TestEntry testId="4ef339ef-2916-4234-b686-9089decaf8d4" executionId="f47ef4d5-0765-45a8-bcc0-20450925ac22" testListId="402dafe2-bbd8-4cf9-97f5-e35517031198" />
    <TestEntry testId="578c6711-e665-4704-ae08-3744b3ddf029" executionId="76407ee5-bfda-47b0-96e3-bc26c9a94aac" testListId="402dafe2-bbd8-4cf9-97f5-e35517031198" />
    <TestEntry testId="bdc134bd-05fc-43e7-9228-29b0ba333b59" executionId="197e9441-ecfe-4d22-9d25-4606cd023fd8" testListId="402dafe2-bbd8-4cf9-97f5-e35517031198" />
    <TestEntry testId="9aac6f8c-3c11-482e-a7cd-1f8b28bfe9c7" executionId="3b7999e6-e6bd-489d-8f8c-8e6a8b505a32" testListId="402dafe2-bbd8-4cf9-97f5-e35517031198" />
    <TestEntry testId="b322dc29-5ec5-4a50-9ebd-346dbab63b2f" executionId="668f6dd4-e11f-4db8-b3d7-065184209f93" testListId="402dafe2-bbd8-4cf9-97f5-e35517031198" />
    <TestEntry testId="82331018-f947-4ff2-8d31-5cb9f23a7a7a" executionId="b3383eb3-3a1b-4bfc-ba84-69702eb29ab1" testListId="402dafe2-bbd8-4cf9-97f5-e35517031198" />
    <TestEntry testId="70392e1a-de15-4a21-a86a-e9c7f08ea359" executionId="112283b2-54c2-492b-a9ca-2c54fb84e76d" testListId="402dafe2-bbd8-4cf9-97f5-e35517031198" />
    <TestEntry testId="beba7bdc-4d43-40f0-83de-61694f7a9692" executionId="507c3b42-8705-413c-b7b0-db4d649ccff5" testListId="402dafe2-bbd8-4cf9-97f5-e35517031198" />
    <TestEntry testId="b3c973cb-1368-4bdf-8682-b3f2d9293295" executionId="07e9e749-9946-40d2-bf14-39aa0eebcb99" testListId="402dafe2-bbd8-4cf9-97f5-e35517031198" />
    <TestEntry testId="32a3b508-bd7d-4fc8-a8e3-875a129c6cc1" executionId="f2f1afd2-f806-42ae-9104-c5f1a54012e6" testListId="402dafe2-bbd8-4cf9-97f5-e35517031198" />
    <TestEntry testId="af34fe86-d486-4ffc-8266-1e55fdc6469b" executionId="4eb32b35-9032-49df-9899-a64ef8f91327" testListId="402dafe2-bbd8-4cf9-97f5-e35517031198" />
    <TestEntry testId="ee55b4a4-452a-45c0-972b-39fcca0d20ca" executionId="4ca1aa1f-1bc4-4e73-8b22-f21344064d0e" testListId="402dafe2-bbd8-4cf9-97f5-e35517031198" />
    <TestEntry testId="976476a3-443d-4ca6-bbcd-6a70095d0aed" executionId="6fd7ea2c-c9f4-4b90-a795-2c001f8c3677" testListId="402dafe2-bbd8-4cf9-97f5-e35517031198" />
    <TestEntry testId="a8710c9b-2502-46c6-a8dc-24211df8b94b" executionId="d98e2947-0c60-4339-841e-d4669e3a74d3" testListId="402dafe2-bbd8-4cf9-97f5-e35517031198" />
    <TestEntry testId="9b36adc4-9d0e-4a64-8f5d-d178832c2480" executionId="083d30dc-3900-4bcd-b8bc-2e345cd5956c" testListId="402dafe2-bbd8-4cf9-97f5-e35517031198" />
    <TestEntry testId="fbf1d3d0-41b4-449c-aa11-3ace625c3446" executionId="7751a18f-3e3d-40dd-a1be-21744800cf24" testListId="402dafe2-bbd8-4cf9-97f5-e35517031198" />
    <TestEntry testId="69d9a6c1-f371-4271-934f-d75f094e2892" executionId="8a69aa25-4e79-47df-878a-1536d8a03406" testListId="402dafe2-bbd8-4cf9-97f5-e35517031198" />
    <TestEntry testId="bd7f3d58-7a7e-44a0-8cf1-7acd585dbf61" executionId="ea34ca32-915c-4eba-9fb3-14a04d113856" testListId="402dafe2-bbd8-4cf9-97f5-e35517031198" />
    <TestEntry testId="465c22eb-b37c-461f-ae19-7d26be73b717" executionId="97a6e826-fc09-4fbc-9f0f-f09f627fdbe4" testListId="402dafe2-bbd8-4cf9-97f5-e35517031198" />
    <TestEntry testId="78584e8f-dd99-4dce-bac7-6c2870305f0f" executionId="6edc8a46-404b-4182-97c0-d587c7c6b7c4" testListId="402dafe2-bbd8-4cf9-97f5-e35517031198" />
    <TestEntry testId="bcfb68f3-6ab2-47d8-89f6-1c60e8381ff2" executionId="289a71ef-2195-4207-9f2c-1646112f339f" testListId="402dafe2-bbd8-4cf9-97f5-e35517031198" />
    <TestEntry testId="b4631148-62b3-4e5a-bbc7-607264415471" executionId="7c4a9777-0c77-4823-88ba-696edaa9879f" testListId="402dafe2-bbd8-4cf9-97f5-e35517031198" />
    <TestEntry testId="0c2a760e-498e-47da-838f-e9ab21b9ca33" executionId="b11dcce7-9adc-4088-a6d7-8bc051c752c4" testListId="402dafe2-bbd8-4cf9-97f5-e35517031198" />
    <TestEntry testId="c434339d-853d-4009-ac45-d94e0c3e73bc" executionId="468fc956-19e0-474f-b4e3-d795c10b6cf5" testListId="402dafe2-bbd8-4cf9-97f5-e35517031198" />
    <TestEntry testId="95c60710-01f2-42dd-9741-af8f67282348" executionId="692561e7-9780-4d60-aa6d-62bc574ff604" testListId="402dafe2-bbd8-4cf9-97f5-e35517031198" />
    <TestEntry testId="265ebcc4-04e2-434d-886b-4984a758cff6" executionId="7808459a-8088-4ca1-a0c2-e7304fb006b4" testListId="402dafe2-bbd8-4cf9-97f5-e35517031198" />
    <TestEntry testId="1aa14555-fe70-4ce9-bf27-418f2e78d055" executionId="4390f9bb-bdc4-41f0-96fc-5d28dc3efd4e" testListId="402dafe2-bbd8-4cf9-97f5-e35517031198" />
    <TestEntry testId="d4d828cf-7a24-425f-b788-b222e061e7d5" executionId="30ad84b7-255d-4d9b-9428-c31e55035ce2" testListId="402dafe2-bbd8-4cf9-97f5-e35517031198" />
    <TestEntry testId="fffe5c84-c803-4b59-8492-0b46d44e2e2e" executionId="428693c2-58d3-4ddb-b8a9-40344d5e1a3d" testListId="402dafe2-bbd8-4cf9-97f5-e35517031198" />
    <TestEntry testId="672e5a07-64f3-4c10-8920-d7ec5311eb87" executionId="9c4198ad-58a7-491a-b1cb-1f70d246b3e6" testListId="402dafe2-bbd8-4cf9-97f5-e35517031198" />
    <TestEntry testId="ca1970d6-5d2e-4866-bcab-feea4c4ea19f" executionId="71f089a2-9c9e-4f10-8137-f918dca47357" testListId="402dafe2-bbd8-4cf9-97f5-e35517031198" />
    <TestEntry testId="c969c641-7eb7-46da-b141-3dba706514b5" executionId="88cb7717-4a94-4d8a-98ea-23da47f414d3" testListId="402dafe2-bbd8-4cf9-97f5-e35517031198" />
    <TestEntry testId="9659732a-589b-472b-8e9c-bfcdd3d8d655" executionId="b9ce8c25-152f-48fa-8598-97513f0f3ea3" testListId="402dafe2-bbd8-4cf9-97f5-e35517031198" />
    <TestEntry testId="62724f08-150a-4fcc-a2c1-e97bd9c11928" executionId="18904a41-232a-4da6-96a9-0170232ad444" testListId="402dafe2-bbd8-4cf9-97f5-e35517031198" />
    <TestEntry testId="53ae0c14-88e3-42b1-b752-053a82276b8c" executionId="8d62947e-28e0-49e9-a8ca-185a36dc05ed" testListId="402dafe2-bbd8-4cf9-97f5-e35517031198" />
    <TestEntry testId="0c2d27ab-1c97-4d35-8dc8-4b3f1c7a6ea0" executionId="4a0d55e3-b0a8-47a9-9f6f-b31fbbedf569" testListId="402dafe2-bbd8-4cf9-97f5-e35517031198" />
    <TestEntry testId="12e5cb8b-dcce-4c4c-91d1-dbf2e90dca6a" executionId="4351bf28-5490-4211-b920-d3d3514c0c52" testListId="402dafe2-bbd8-4cf9-97f5-e35517031198" />
    <TestEntry testId="2029149a-407e-4fa4-bd68-8d55ce12e6c1" executionId="d1b19416-2d25-48cb-999b-6672fd35bca6" testListId="402dafe2-bbd8-4cf9-97f5-e35517031198" />
    <TestEntry testId="8a8f65d7-6488-4b0e-8434-0faa829a4066" executionId="31a7e998-efbe-4a4a-b185-71cd4218cd66" testListId="402dafe2-bbd8-4cf9-97f5-e35517031198" />
    <TestEntry testId="cce7023e-93c0-446f-9956-80ce5a9122a4" executionId="74c00a9f-6306-46b9-97aa-e5b0a16cf801" testListId="402dafe2-bbd8-4cf9-97f5-e35517031198" />
    <TestEntry testId="12e7b3d3-be9c-400d-8c42-13b7583047b8" executionId="69cc1440-b063-4def-ade5-35536c56426c" testListId="402dafe2-bbd8-4cf9-97f5-e35517031198" />
    <TestEntry testId="95f9b123-0ca7-44bd-968e-93bed88ea487" executionId="4b0511e3-df5b-45e1-934d-f6b8408e20bf" testListId="402dafe2-bbd8-4cf9-97f5-e35517031198" />
    <TestEntry testId="b7530ff0-37a8-42d0-b59a-294be8f5f29a" executionId="9103fa92-3f92-4ca2-a183-cf4cd6a80ef1" testListId="402dafe2-bbd8-4cf9-97f5-e35517031198" />
    <TestEntry testId="8537f329-6663-4c07-ac51-9c050f532eb7" executionId="ddfc92f7-0b99-461d-9a4d-acca954dbea0" testListId="402dafe2-bbd8-4cf9-97f5-e35517031198" />
    <TestEntry testId="5ae0a772-7b97-43e4-b123-e3427b109649" executionId="9d9d216c-6103-46a9-a304-c21047ee28f9" testListId="402dafe2-bbd8-4cf9-97f5-e35517031198" />
    <TestEntry testId="b18ff7c5-b173-405a-8d69-eb8f63bb1fa4" executionId="078cc88b-a30c-4aae-8e56-74bbb919ece0" testListId="402dafe2-bbd8-4cf9-97f5-e35517031198" />
    <TestEntry testId="a13b5855-c49d-4f44-abce-20ce8e41a907" executionId="71ba95ca-e385-4f5f-b929-d6eee1bcf2df" testListId="402dafe2-bbd8-4cf9-97f5-e35517031198" />
    <TestEntry testId="d2501db4-72e4-41ee-bbfb-b2fc21edd43e" executionId="73651b61-1e30-4027-b31c-e411b69422a4" testListId="402dafe2-bbd8-4cf9-97f5-e35517031198" />
    <TestEntry testId="866332fa-fb84-4094-ba9a-d84c0d0b416b" executionId="2cb3f293-3101-43a1-a1d6-232ae71b336f" testListId="402dafe2-bbd8-4cf9-97f5-e35517031198" />
    <TestEntry testId="526683be-c825-4572-94a9-6e3dd6aaf21a" executionId="0ab22371-971f-4201-a8a0-ad9fa5c38a70" testListId="402dafe2-bbd8-4cf9-97f5-e35517031198" />
    <TestEntry testId="fbc29656-ba17-41a7-bf45-bf11a3468d9f" executionId="0f5df089-fdf0-43f9-a0ee-09c73ea5ad21" testListId="402dafe2-bbd8-4cf9-97f5-e35517031198" />
    <TestEntry testId="3dc252e3-de32-43fa-aa40-1331f9328875" executionId="a276ccbe-b622-464c-a50b-cb7abded0c9e" testListId="402dafe2-bbd8-4cf9-97f5-e35517031198" />
    <TestEntry testId="9f23ee50-3d1b-41e2-8940-58a19526f391" executionId="08482232-2ba1-476b-9ec6-3609d2f9829f" testListId="402dafe2-bbd8-4cf9-97f5-e35517031198" />
    <TestEntry testId="49f8ccbf-8e8b-4c17-a3bd-89602fd4b367" executionId="ffa0f7e3-a078-450a-acd4-05b2db3203d4" testListId="402dafe2-bbd8-4cf9-97f5-e35517031198" />
    <TestEntry testId="01e57a5a-87d6-4fff-be1b-84faade00f5f" executionId="5758202a-2be1-4709-a193-626f1760cbb2" testListId="402dafe2-bbd8-4cf9-97f5-e35517031198" />
    <TestEntry testId="7a817209-ad69-4a31-b21d-69fec0a18b4a" executionId="56b2f073-18d4-483b-991f-cc8498e568e6" testListId="402dafe2-bbd8-4cf9-97f5-e35517031198" />
    <TestEntry testId="e07afe8a-f339-4c20-9333-075a87c9e593" executionId="88f0f199-036f-42e6-885f-38322f1f92c3" testListId="402dafe2-bbd8-4cf9-97f5-e35517031198" />
    <TestEntry testId="3d5a512f-7256-4b77-b5d7-b3bd15f239ee" executionId="2fbdfd44-5830-4038-b736-b56becc533ce" testListId="402dafe2-bbd8-4cf9-97f5-e35517031198" />
    <TestEntry testId="0adce878-cbc1-4b3f-b905-b14f83645d72" executionId="2d001893-5487-482a-b7ee-87ecaa27ac97" testListId="402dafe2-bbd8-4cf9-97f5-e35517031198" />
    <TestEntry testId="b9ebe47c-bd8b-4291-b0de-8e14c7cd1ac2" executionId="5509fc4e-68c2-4d04-8597-2e770f801b14" testListId="402dafe2-bbd8-4cf9-97f5-e35517031198" />
    <TestEntry testId="9831a91d-bf7b-4caa-a953-ec43ef82e378" executionId="0f3e7c61-31e9-4113-8789-3d69270b14d7" testListId="402dafe2-bbd8-4cf9-97f5-e35517031198" />
    <TestEntry testId="e2fefc74-b06b-4eb7-be6f-5c6dfe740f84" executionId="e95e0934-fb02-4785-959f-daec3570ee44" testListId="402dafe2-bbd8-4cf9-97f5-e35517031198" />
    <TestEntry testId="fde7a73e-3efa-44c5-923e-2b1b749f939c" executionId="e2260628-4af8-4f4d-9b08-3cf70a9aaaad" testListId="402dafe2-bbd8-4cf9-97f5-e35517031198" />
    <TestEntry testId="108fb62d-3194-4bfe-85ea-d22227b30c42" executionId="30234b13-3f7a-4e3d-8dd3-32272f86701b" testListId="402dafe2-bbd8-4cf9-97f5-e35517031198" />
    <TestEntry testId="d6a257cb-c61d-4caf-b9e2-b9699192447a" executionId="f658450b-873f-4411-830b-03ed17d697cf" testListId="402dafe2-bbd8-4cf9-97f5-e35517031198" />
    <TestEntry testId="10613479-d141-40f0-85d5-dbb91ce871e2" executionId="28c81f15-98d3-4ce7-ac4c-b636b7c69ada" testListId="402dafe2-bbd8-4cf9-97f5-e35517031198" />
    <TestEntry testId="e008bfe3-a9ff-44f9-8d09-ec49b3b31fd6" executionId="18b5083c-fe12-4939-b485-a2cbd0a2b83d" testListId="402dafe2-bbd8-4cf9-97f5-e35517031198" />
    <TestEntry testId="c64bb02d-0e72-4f9f-941c-a6a7aeb0984a" executionId="73964191-6268-4f68-a720-49b47c2617b7" testListId="402dafe2-bbd8-4cf9-97f5-e35517031198" />
    <TestEntry testId="c3b05503-69b8-4dd5-8507-b8b63e1d2200" executionId="5c574bf1-30d4-4b5d-a339-4cb88926629d" testListId="402dafe2-bbd8-4cf9-97f5-e35517031198" />
    <TestEntry testId="e17a9688-a846-4df5-9101-5b017ed68610" executionId="b6306bd9-4cde-49c1-b9e1-0f845fba68c8" testListId="402dafe2-bbd8-4cf9-97f5-e35517031198" />
    <TestEntry testId="b7130c39-8853-40d2-91a7-3a0544b75ab0" executionId="467885f1-d257-4be1-9b24-18379496fea5" testListId="402dafe2-bbd8-4cf9-97f5-e35517031198" />
    <TestEntry testId="5daf122c-48e7-4557-97b5-783c2d41233d" executionId="32eb9700-d677-41af-afa7-2ca920045ca2" testListId="402dafe2-bbd8-4cf9-97f5-e35517031198" />
    <TestEntry testId="415c559d-20f8-408c-b9df-db50c26869a2" executionId="b1219ea0-320e-455a-b4c5-84c2678985a2" testListId="402dafe2-bbd8-4cf9-97f5-e35517031198" />
    <TestEntry testId="8efbad0f-0f9f-4235-a12d-51fee2f492b2" executionId="c2bc8134-7a75-45d9-90e9-1f0784952744" testListId="402dafe2-bbd8-4cf9-97f5-e35517031198" />
    <TestEntry testId="4bd32912-dbc3-44ef-a2f1-a3687fbe8ae1" executionId="46484077-deeb-4361-94c5-8c012d87481b" testListId="402dafe2-bbd8-4cf9-97f5-e35517031198" />
    <TestEntry testId="f3576c6d-b25c-4b24-bb8f-d35c4385b5c4" executionId="1934f012-29bb-476e-9e56-b6019e81a7d2" testListId="402dafe2-bbd8-4cf9-97f5-e35517031198" />
    <TestEntry testId="1e71c0ea-2d4b-4c6f-90ef-9ea9f7c50734" executionId="172cd386-d148-46d3-b2f2-e2768f74a2cb" testListId="402dafe2-bbd8-4cf9-97f5-e35517031198" />
    <TestEntry testId="759b82ac-7a86-4f2a-a677-c2a13037dcac" executionId="32ef93df-af98-415e-a314-a9f1ee548797" testListId="402dafe2-bbd8-4cf9-97f5-e35517031198" />
    <TestEntry testId="fcffc10e-e263-4cab-be4c-bf9cf3aea1a6" executionId="af10a8f9-17e2-46d4-9059-117209a0caf1" testListId="402dafe2-bbd8-4cf9-97f5-e35517031198" />
    <TestEntry testId="565c9e68-9a66-474f-8775-6a1cf5c8dfdf" executionId="5ec173b0-5ac8-4639-8d97-dd3a9add53fb" testListId="402dafe2-bbd8-4cf9-97f5-e35517031198" />
    <TestEntry testId="0688eddd-2535-4709-8a52-02cb2981a2e0" executionId="e72ee407-41fb-498b-87de-28ab8bca4c78" testListId="402dafe2-bbd8-4cf9-97f5-e35517031198" />
    <TestEntry testId="d78da0bf-a66e-4f4c-ab6e-4904026edd90" executionId="e8b99f6b-7799-46b8-a903-ff08d4b18878" testListId="402dafe2-bbd8-4cf9-97f5-e35517031198" />
    <TestEntry testId="c428884e-12a9-4cf0-93fd-94b3e5830246" executionId="24ceb6f0-da41-4d27-8cf0-ba6e7a0666d2" testListId="402dafe2-bbd8-4cf9-97f5-e35517031198" />
    <TestEntry testId="3aaabef8-9dd7-409a-9fe4-0f1d593bfee0" executionId="77c66da3-3703-41c1-85ec-85b64cd2d4f4" testListId="402dafe2-bbd8-4cf9-97f5-e35517031198" />
    <TestEntry testId="40a9a492-3775-4e65-b6f5-a4a583e2bec5" executionId="11a7cfce-8e48-413c-aef9-93e078f4f1ef" testListId="402dafe2-bbd8-4cf9-97f5-e35517031198" />
    <TestEntry testId="eaa9c59f-b46b-4ecd-b4f0-7e32a0b76059" executionId="7edc33e9-97fa-4861-80da-7db38f3fcf37" testListId="402dafe2-bbd8-4cf9-97f5-e35517031198" />
    <TestEntry testId="95ab48b0-ca08-4bfd-a5da-72a0f4e9c01a" executionId="bbbe3b53-e67d-462c-b7f7-81cba258a0fe" testListId="402dafe2-bbd8-4cf9-97f5-e35517031198" />
    <TestEntry testId="86756417-e0f1-4522-8f1a-0e6cfbba610c" executionId="38f823b1-5165-45e4-8a35-9f1e50cfb77b" testListId="402dafe2-bbd8-4cf9-97f5-e35517031198" />
    <TestEntry testId="52e5602a-e9c7-43fe-b2cf-4949d810332f" executionId="3ecf102d-f5c0-45c8-973b-73baf4a23f55" testListId="402dafe2-bbd8-4cf9-97f5-e35517031198" />
  </TestEntries>
  <TestLists>
    <TestList name="Results Not in a List" id="402dafe2-bbd8-4cf9-97f5-e35517031198" />
    <TestList name="All Loaded Results" id="21c71822-eac7-4759-88a7-f31d81030739" />
  </TestLists>
</TestRun>