<?xml version="1.0" encoding="UTF-8"?>
<TestRun id="8478868c-1e58-443b-a02b-f56855daecbc" name="Test Run 64" runUser="Oles Galatsan" xmlns="http://microsoft.com/schemas/VisualStudio/TeamTest/2010">
  <Times creation="2025-05-14T13:20:31.3125482Z" queuing="2025-05-14T13:20:31.3125482Z" start="2025-05-14T13:20:31.3146610Z" finish="2025-05-14T13:25:31.3147553Z" />
  <TestSettings name="Test Settings 64" id="127673fc-2c08-4dfc-a9e2-dab756ba2b4f" />
  <Results>
    <UnitTestResult executionId="be0ced5f-f4a0-41dd-8c63-7b5489915e86" testId="7702dc28-e306-41cd-821f-594b181c8aee" testName="Test6301" computerName="UA-LPT-OGA2" duration="00:00:01.3840000" startTime="2025-05-14T13:20:31.3146610Z" endTime="2025-05-14T13:25:31.3147553Z" testType="13cdc9d9-ddb5-4fa4-a97d-d965ccfc6d4b" outcome="Passed" testListId="88463071-952a-4254-89b6-28cc58098ac0" />
    <UnitTestResult executionId="7390c8f7-d0d3-43cd-8a40-4f84b918cbf8" testId="43262332-edfc-4dd1-bb59-85c126715e2b" testName="Test6302" computerName="UA-LPT-OGA2" duration="00:00:00.7830000" startTime="2025-05-14T13:20:31.3146610Z" endTime="2025-05-14T13:25:31.3147553Z" testType="13cdc9d9-ddb5-4fa4-a97d-d965ccfc6d4b" outcome="Passed" testListId="88463071-952a-4254-89b6-28cc58098ac0" />
    <UnitTestResult executionId="e309496d-9a1f-4497-9605-cd39820b4608" testId="9f8545ea-9fcc-48c5-8fda-4d7214bb1e5f" testName="Test6303" computerName="UA-LPT-OGA2" duration="00:00:00.0200000" startTime="2025-05-14T13:20:31.3146610Z" endTime="2025-05-14T13:25:31.3147553Z" testType="13cdc9d9-ddb5-4fa4-a97d-d965ccfc6d4b" outcome="Failed" testListId="88463071-952a-4254-89b6-28cc58098ac0">
      <Output>
        <ErrorInfo>
          <Message>Assertion failed: Expected value did not match actual value.</Message>
          <StackTrace>   at TestNamespace.TestClass.Test() in TestClass.cs:line 193</StackTrace>
        </ErrorInfo>
      </Output>
    </UnitTestResult>
    <UnitTestResult executionId="4a27531b-be9e-485a-823d-f5ef1c85ed0b" testId="4486588f-5b40-451f-baa9-fb9bb7601a95" testName="Test6304" computerName="UA-LPT-OGA2" duration="00:00:00.7430000" startTime="2025-05-14T13:20:31.3146610Z" endTime="2025-05-14T13:25:31.3147553Z" testType="13cdc9d9-ddb5-4fa4-a97d-d965ccfc6d4b" outcome="Passed" testListId="88463071-952a-4254-89b6-28cc58098ac0" />
    <UnitTestResult executionId="f4c15403-8325-4793-b65a-ee33bf2410b9" testId="6b089907-fa35-41fb-ab44-09d49f75a104" testName="Test6305" computerName="UA-LPT-OGA2" duration="00:00:01.2220000" startTime="2025-05-14T13:20:31.3146610Z" endTime="2025-05-14T13:25:31.3147553Z" testType="13cdc9d9-ddb5-4fa4-a97d-d965ccfc6d4b" outcome="Passed" testListId="88463071-952a-4254-89b6-28cc58098ac0" />
    <UnitTestResult executionId="3343b3bf-8278-44b8-8bcd-4b18a373efd4" testId="c86aa6c8-45af-4a1b-81a4-cbadca260e67" testName="Test6306" computerName="UA-LPT-OGA2" duration="00:00:01.0980000" startTime="2025-05-14T13:20:31.3146610Z" endTime="2025-05-14T13:25:31.3147553Z" testType="13cdc9d9-ddb5-4fa4-a97d-d965ccfc6d4b" outcome="Passed" testListId="88463071-952a-4254-89b6-28cc58098ac0" />
    <UnitTestResult executionId="36024d9a-c3af-4644-b0db-68d3decb30a7" testId="a1cc67bb-d677-416b-9f7d-4a11a0695f5f" testName="Test6307" computerName="UA-LPT-OGA2" duration="00:00:01.5360000" startTime="2025-05-14T13:20:31.3146610Z" endTime="2025-05-14T13:25:31.3147553Z" testType="13cdc9d9-ddb5-4fa4-a97d-d965ccfc6d4b" outcome="Passed" testListId="88463071-952a-4254-89b6-28cc58098ac0" />
    <UnitTestResult executionId="625a1010-fe7e-48b5-9bd5-c43deeb63e8e" testId="e6767280-ff4b-4f27-b3a7-d95533ea7d9b" testName="Test6308" computerName="UA-LPT-OGA2" duration="00:00:00.0220000" startTime="2025-05-14T13:20:31.3146610Z" endTime="2025-05-14T13:25:31.3147553Z" testType="13cdc9d9-ddb5-4fa4-a97d-d965ccfc6d4b" outcome="Passed" testListId="88463071-952a-4254-89b6-28cc58098ac0" />
    <UnitTestResult executionId="ad6886b7-c3ec-4696-b4fc-5ecee10144b7" testId="c4596978-7f82-4cdf-9a46-7f7c85b35377" testName="Test6309" computerName="UA-LPT-OGA2" duration="00:00:01.1340000" startTime="2025-05-14T13:20:31.3146610Z" endTime="2025-05-14T13:25:31.3147553Z" testType="13cdc9d9-ddb5-4fa4-a97d-d965ccfc6d4b" outcome="Passed" testListId="88463071-952a-4254-89b6-28cc58098ac0" />
    <UnitTestResult executionId="8f25c9d8-e87e-4569-82c6-7ed09bb22ad8" testId="9b0d45b7-a8fe-4b51-b1e6-a49a5bf77348" testName="Test6310" computerName="UA-LPT-OGA2" duration="00:00:01.2200000" startTime="2025-05-14T13:20:31.3146610Z" endTime="2025-05-14T13:25:31.3147553Z" testType="13cdc9d9-ddb5-4fa4-a97d-d965ccfc6d4b" outcome="Passed" testListId="88463071-952a-4254-89b6-28cc58098ac0" />
    <UnitTestResult executionId="53688c6d-a322-429c-a9ed-8885b19b7dea" testId="9660707c-0961-47a9-b558-29473354cfac" testName="Test6311" computerName="UA-LPT-OGA2" duration="00:00:00.9820000" startTime="2025-05-14T13:20:31.3146610Z" endTime="2025-05-14T13:25:31.3147553Z" testType="13cdc9d9-ddb5-4fa4-a97d-d965ccfc6d4b" outcome="Passed" testListId="88463071-952a-4254-89b6-28cc58098ac0" />
    <UnitTestResult executionId="f1a65d00-6420-4df3-963e-0f4eeb7af690" testId="df849a7e-3a90-499c-9c02-9c8aa32ca1dd" testName="Test6312" computerName="UA-LPT-OGA2" duration="00:00:01.7600000" startTime="2025-05-14T13:20:31.3146610Z" endTime="2025-05-14T13:25:31.3147553Z" testType="13cdc9d9-ddb5-4fa4-a97d-d965ccfc6d4b" outcome="Passed" testListId="88463071-952a-4254-89b6-28cc58098ac0" />
    <UnitTestResult executionId="5c875b60-03f1-402f-8d5e-6881dde74503" testId="34b27a5e-c78f-4c2e-86d9-e80a0de60b97" testName="Test6313" computerName="UA-LPT-OGA2" duration="00:00:01.0810000" startTime="2025-05-14T13:20:31.3146610Z" endTime="2025-05-14T13:25:31.3147553Z" testType="13cdc9d9-ddb5-4fa4-a97d-d965ccfc6d4b" outcome="Passed" testListId="88463071-952a-4254-89b6-28cc58098ac0" />
    <UnitTestResult executionId="92d30b78-861e-4c00-be7f-c953ef1a2f39" testId="031c32f6-2713-49d8-8bbf-5ef6d00af59f" testName="Test6314" computerName="UA-LPT-OGA2" duration="00:00:00.4630000" startTime="2025-05-14T13:20:31.3146610Z" endTime="2025-05-14T13:25:31.3147553Z" testType="13cdc9d9-ddb5-4fa4-a97d-d965ccfc6d4b" outcome="Passed" testListId="88463071-952a-4254-89b6-28cc58098ac0" />
    <UnitTestResult executionId="5879c149-cae6-4aee-a89a-38008681fb17" testId="1e32c0af-1425-4323-a628-9953058d319d" testName="Test6315" computerName="UA-LPT-OGA2" duration="00:00:01.3450000" startTime="2025-05-14T13:20:31.3146610Z" endTime="2025-05-14T13:25:31.3147553Z" testType="13cdc9d9-ddb5-4fa4-a97d-d965ccfc6d4b" outcome="Passed" testListId="88463071-952a-4254-89b6-28cc58098ac0" />
    <UnitTestResult executionId="1695a3c0-79a7-4c56-ad0a-fdbdae922933" testId="926fdee2-0799-4991-ac81-2bafe836896e" testName="Test6316" computerName="UA-LPT-OGA2" duration="00:00:00.6140000" startTime="2025-05-14T13:20:31.3146610Z" endTime="2025-05-14T13:25:31.3147553Z" testType="13cdc9d9-ddb5-4fa4-a97d-d965ccfc6d4b" outcome="Passed" testListId="88463071-952a-4254-89b6-28cc58098ac0" />
    <UnitTestResult executionId="341d7085-345b-4454-958b-90808ddeb604" testId="332b4586-65e4-4d04-9560-f5f91105f897" testName="Test6317" computerName="UA-LPT-OGA2" duration="00:00:00.5700000" startTime="2025-05-14T13:20:31.3146610Z" endTime="2025-05-14T13:25:31.3147553Z" testType="13cdc9d9-ddb5-4fa4-a97d-d965ccfc6d4b" outcome="Passed" testListId="88463071-952a-4254-89b6-28cc58098ac0" />
    <UnitTestResult executionId="46938e5d-2380-4ee9-ae96-775d47b406fd" testId="f9c1f53b-4fa2-489f-86a1-edb6df6feac6" testName="Test6318" computerName="UA-LPT-OGA2" duration="00:00:01.4530000" startTime="2025-05-14T13:20:31.3146610Z" endTime="2025-05-14T13:25:31.3147553Z" testType="13cdc9d9-ddb5-4fa4-a97d-d965ccfc6d4b" outcome="Passed" testListId="88463071-952a-4254-89b6-28cc58098ac0" />
    <UnitTestResult executionId="7ceb6aee-cb00-4d6e-9acb-77ce103d5d1b" testId="c2412a77-47aa-4c99-9693-e01992d8e590" testName="Test6319" computerName="UA-LPT-OGA2" duration="00:00:01.5720000" startTime="2025-05-14T13:20:31.3146610Z" endTime="2025-05-14T13:25:31.3147553Z" testType="13cdc9d9-ddb5-4fa4-a97d-d965ccfc6d4b" outcome="Passed" testListId="88463071-952a-4254-89b6-28cc58098ac0" />
    <UnitTestResult executionId="f21c86f0-16de-4a72-99ed-eec4a39ff046" testId="778cff63-4355-4416-a663-643f171b0ca3" testName="Test6320" computerName="UA-LPT-OGA2" duration="00:00:01.3490000" startTime="2025-05-14T13:20:31.3146610Z" endTime="2025-05-14T13:25:31.3147553Z" testType="13cdc9d9-ddb5-4fa4-a97d-d965ccfc6d4b" outcome="Passed" testListId="88463071-952a-4254-89b6-28cc58098ac0" />
    <UnitTestResult executionId="2678cc2a-a120-4db3-a5a5-9e188da006d6" testId="63ce6cb2-5e00-47f9-ab30-150de7f901c4" testName="Test6321" computerName="UA-LPT-OGA2" duration="00:00:01.3220000" startTime="2025-05-14T13:20:31.3146610Z" endTime="2025-05-14T13:25:31.3147553Z" testType="13cdc9d9-ddb5-4fa4-a97d-d965ccfc6d4b" outcome="Passed" testListId="88463071-952a-4254-89b6-28cc58098ac0" />
    <UnitTestResult executionId="c4153356-457c-4802-998b-fa03fabdedb7" testId="2b3457da-9efd-4d80-91fd-c79d9e20a79a" testName="Test6322" computerName="UA-LPT-OGA2" duration="00:00:00.3230000" startTime="2025-05-14T13:20:31.3146610Z" endTime="2025-05-14T13:25:31.3147553Z" testType="13cdc9d9-ddb5-4fa4-a97d-d965ccfc6d4b" outcome="Passed" testListId="88463071-952a-4254-89b6-28cc58098ac0" />
    <UnitTestResult executionId="2714efe3-c81c-4276-a7c8-d1ce2722dc97" testId="e474c990-687a-4626-ad4f-0c2051f12f97" testName="Test6323" computerName="UA-LPT-OGA2" duration="00:00:01.3890000" startTime="2025-05-14T13:20:31.3146610Z" endTime="2025-05-14T13:25:31.3147553Z" testType="13cdc9d9-ddb5-4fa4-a97d-d965ccfc6d4b" outcome="Passed" testListId="88463071-952a-4254-89b6-28cc58098ac0" />
    <UnitTestResult executionId="6248076c-8cc1-4b2d-ab48-5b31dbb9043d" testId="f8b5c25f-8d43-4886-8b18-5aa04133dacf" testName="Test6324" computerName="UA-LPT-OGA2" duration="00:00:01.1940000" startTime="2025-05-14T13:20:31.3146610Z" endTime="2025-05-14T13:25:31.3147553Z" testType="13cdc9d9-ddb5-4fa4-a97d-d965ccfc6d4b" outcome="Passed" testListId="88463071-952a-4254-89b6-28cc58098ac0" />
    <UnitTestResult executionId="bddd35f1-8c06-4da0-8a8f-102377236d6b" testId="5c697a6e-6c19-4af3-a8d6-557f58ed2d5a" testName="Test6325" computerName="UA-LPT-OGA2" duration="00:00:01.4180000" startTime="2025-05-14T13:20:31.3146610Z" endTime="2025-05-14T13:25:31.3147553Z" testType="13cdc9d9-ddb5-4fa4-a97d-d965ccfc6d4b" outcome="Passed" testListId="88463071-952a-4254-89b6-28cc58098ac0" />
    <UnitTestResult executionId="84a175e8-7db3-4315-ac45-d33ed2e83ddd" testId="d144ff13-7485-406b-9543-7c4eb3eb284b" testName="Test6326" computerName="UA-LPT-OGA2" duration="00:00:00.9430000" startTime="2025-05-14T13:20:31.3146610Z" endTime="2025-05-14T13:25:31.3147553Z" testType="13cdc9d9-ddb5-4fa4-a97d-d965ccfc6d4b" outcome="Passed" testListId="88463071-952a-4254-89b6-28cc58098ac0" />
    <UnitTestResult executionId="87c0e923-3d6d-4455-aaf4-fd66b34f4dd1" testId="42e04297-b373-45f1-87b8-8ea2e34698d3" testName="Test6327" computerName="UA-LPT-OGA2" duration="00:00:01.7590000" startTime="2025-05-14T13:20:31.3146610Z" endTime="2025-05-14T13:25:31.3147553Z" testType="13cdc9d9-ddb5-4fa4-a97d-d965ccfc6d4b" outcome="Passed" testListId="88463071-952a-4254-89b6-28cc58098ac0" />
    <UnitTestResult executionId="e36cea25-aa12-48bb-82c5-b339b6991884" testId="e7790bcf-a052-460f-9a0f-cae33c5ff025" testName="Test6328" computerName="UA-LPT-OGA2" duration="00:00:00.3820000" startTime="2025-05-14T13:20:31.3146610Z" endTime="2025-05-14T13:25:31.3147553Z" testType="13cdc9d9-ddb5-4fa4-a97d-d965ccfc6d4b" outcome="Passed" testListId="88463071-952a-4254-89b6-28cc58098ac0" />
    <UnitTestResult executionId="fc01a9b5-9fcd-40c1-aedb-695ad4df1351" testId="d1d415b3-1cfa-42c4-b643-51527c3c5065" testName="Test6329" computerName="UA-LPT-OGA2" duration="00:00:01.4910000" startTime="2025-05-14T13:20:31.3146610Z" endTime="2025-05-14T13:25:31.3147553Z" testType="13cdc9d9-ddb5-4fa4-a97d-d965ccfc6d4b" outcome="Passed" testListId="88463071-952a-4254-89b6-28cc58098ac0" />
    <UnitTestResult executionId="d8ecc3c9-92bc-46ce-915e-142b930d95ad" testId="8899058b-da01-41a8-acab-d6e733314770" testName="Test6330" computerName="UA-LPT-OGA2" duration="00:00:01.4290000" startTime="2025-05-14T13:20:31.3146610Z" endTime="2025-05-14T13:25:31.3147553Z" testType="13cdc9d9-ddb5-4fa4-a97d-d965ccfc6d4b" outcome="Passed" testListId="88463071-952a-4254-89b6-28cc58098ac0" />
    <UnitTestResult executionId="d11fd1a6-04c4-4b36-82d9-e8cb858fa1c6" testId="067d5148-8761-4281-b9b3-741011999d35" testName="Test6331" computerName="UA-LPT-OGA2" duration="00:00:01.7740000" startTime="2025-05-14T13:20:31.3146610Z" endTime="2025-05-14T13:25:31.3147553Z" testType="13cdc9d9-ddb5-4fa4-a97d-d965ccfc6d4b" outcome="Passed" testListId="88463071-952a-4254-89b6-28cc58098ac0" />
    <UnitTestResult executionId="0d6ecf9a-7751-4b26-9425-2ad077a6371e" testId="13c7dca6-f369-43e8-b5e3-2c9b89868181" testName="Test6332" computerName="UA-LPT-OGA2" duration="00:00:00.1300000" startTime="2025-05-14T13:20:31.3146610Z" endTime="2025-05-14T13:25:31.3147553Z" testType="13cdc9d9-ddb5-4fa4-a97d-d965ccfc6d4b" outcome="Passed" testListId="88463071-952a-4254-89b6-28cc58098ac0" />
    <UnitTestResult executionId="c8c5e143-89c4-42d1-9c0d-204d0560e635" testId="0ed55774-42ad-42f7-8ce2-f943c20cf653" testName="Test6333" computerName="UA-LPT-OGA2" duration="00:00:00.2180000" startTime="2025-05-14T13:20:31.3146610Z" endTime="2025-05-14T13:25:31.3147553Z" testType="13cdc9d9-ddb5-4fa4-a97d-d965ccfc6d4b" outcome="Passed" testListId="88463071-952a-4254-89b6-28cc58098ac0" />
    <UnitTestResult executionId="b80e190e-fe05-4d7e-a4fa-85a70c594b82" testId="fa7cc013-020a-4f29-9eb0-1b88aa40b79a" testName="Test6334" computerName="UA-LPT-OGA2" duration="00:00:01.6610000" startTime="2025-05-14T13:20:31.3146610Z" endTime="2025-05-14T13:25:31.3147553Z" testType="13cdc9d9-ddb5-4fa4-a97d-d965ccfc6d4b" outcome="Passed" testListId="88463071-952a-4254-89b6-28cc58098ac0" />
    <UnitTestResult executionId="2dd6acb6-a95d-419d-990c-a0fbcd933949" testId="4874dd85-cb0a-49ee-905c-4bc5c08431f4" testName="Test6335" computerName="UA-LPT-OGA2" duration="00:00:00.2470000" startTime="2025-05-14T13:20:31.3146610Z" endTime="2025-05-14T13:25:31.3147553Z" testType="13cdc9d9-ddb5-4fa4-a97d-d965ccfc6d4b" outcome="Passed" testListId="88463071-952a-4254-89b6-28cc58098ac0" />
    <UnitTestResult executionId="9f071cbf-3d4f-46c5-bfe8-ddd4be17e24a" testId="8f9edbf0-6915-4ca4-8aa6-876e9f44d654" testName="Test6336" computerName="UA-LPT-OGA2" duration="00:00:01.5280000" startTime="2025-05-14T13:20:31.3146610Z" endTime="2025-05-14T13:25:31.3147553Z" testType="13cdc9d9-ddb5-4fa4-a97d-d965ccfc6d4b" outcome="Passed" testListId="88463071-952a-4254-89b6-28cc58098ac0" />
    <UnitTestResult executionId="6244e3e2-6c33-42cc-bf4f-f46001c4b284" testId="f79bb59a-349a-4862-9fda-7fe5b5a72b50" testName="Test6337" computerName="UA-LPT-OGA2" duration="00:00:01.8170000" startTime="2025-05-14T13:20:31.3146610Z" endTime="2025-05-14T13:25:31.3147553Z" testType="13cdc9d9-ddb5-4fa4-a97d-d965ccfc6d4b" outcome="Passed" testListId="88463071-952a-4254-89b6-28cc58098ac0" />
    <UnitTestResult executionId="33d97b44-473b-41fc-9b16-1ab821b1ea75" testId="38159d77-2e27-4ddd-9696-a1444d1e7588" testName="Test6338" computerName="UA-LPT-OGA2" duration="00:00:01.8340000" startTime="2025-05-14T13:20:31.3146610Z" endTime="2025-05-14T13:25:31.3147553Z" testType="13cdc9d9-ddb5-4fa4-a97d-d965ccfc6d4b" outcome="Passed" testListId="88463071-952a-4254-89b6-28cc58098ac0" />
    <UnitTestResult executionId="f82478a0-ca29-4c3c-a5ef-c31eb8732bf1" testId="17e90923-a0a2-4323-b813-4b72e6fd8cc4" testName="Test6339" computerName="UA-LPT-OGA2" duration="00:00:01.1960000" startTime="2025-05-14T13:20:31.3146610Z" endTime="2025-05-14T13:25:31.3147553Z" testType="13cdc9d9-ddb5-4fa4-a97d-d965ccfc6d4b" outcome="Passed" testListId="88463071-952a-4254-89b6-28cc58098ac0" />
    <UnitTestResult executionId="6c9c1243-6f78-4ece-8429-05680f61c393" testId="69d48195-a8d7-4c46-a721-538fed3fe3e5" testName="Test6340" computerName="UA-LPT-OGA2" duration="00:00:01.6440000" startTime="2025-05-14T13:20:31.3146610Z" endTime="2025-05-14T13:25:31.3147553Z" testType="13cdc9d9-ddb5-4fa4-a97d-d965ccfc6d4b" outcome="Passed" testListId="88463071-952a-4254-89b6-28cc58098ac0" />
    <UnitTestResult executionId="063c230c-3a29-4b5d-b168-b0167932ddcb" testId="fb3828d3-94f1-477a-9c6e-f0b8177c4bb6" testName="Test6341" computerName="UA-LPT-OGA2" duration="00:00:00.7130000" startTime="2025-05-14T13:20:31.3146610Z" endTime="2025-05-14T13:25:31.3147553Z" testType="13cdc9d9-ddb5-4fa4-a97d-d965ccfc6d4b" outcome="Passed" testListId="88463071-952a-4254-89b6-28cc58098ac0" />
    <UnitTestResult executionId="670b1390-5609-4e90-814a-14d2eec32d91" testId="d21fd950-8d14-4235-9fd0-cd4089f41ea3" testName="Test6342" computerName="UA-LPT-OGA2" duration="00:00:01.4960000" startTime="2025-05-14T13:20:31.3146610Z" endTime="2025-05-14T13:25:31.3147553Z" testType="13cdc9d9-ddb5-4fa4-a97d-d965ccfc6d4b" outcome="Passed" testListId="88463071-952a-4254-89b6-28cc58098ac0" />
    <UnitTestResult executionId="8b2331c3-84a2-4533-adab-866e8cb7737e" testId="5937aade-d9d8-45cf-a97d-f22f53d2b70f" testName="Test6343" computerName="UA-LPT-OGA2" duration="00:00:01.8680000" startTime="2025-05-14T13:20:31.3146610Z" endTime="2025-05-14T13:25:31.3147553Z" testType="13cdc9d9-ddb5-4fa4-a97d-d965ccfc6d4b" outcome="Passed" testListId="88463071-952a-4254-89b6-28cc58098ac0" />
    <UnitTestResult executionId="f209a265-c75c-4584-b81d-b61e863791bf" testId="115ef88b-7338-4655-a419-6ed1cd75b976" testName="Test6344" computerName="UA-LPT-OGA2" duration="00:00:00.2140000" startTime="2025-05-14T13:20:31.3146610Z" endTime="2025-05-14T13:25:31.3147553Z" testType="13cdc9d9-ddb5-4fa4-a97d-d965ccfc6d4b" outcome="Failed" testListId="88463071-952a-4254-89b6-28cc58098ac0">
      <Output>
        <ErrorInfo>
          <Message>Assertion failed: Expected value did not match actual value.</Message>
          <StackTrace>   at TestNamespace.TestClass.Test() in TestClass.cs:line 354</StackTrace>
        </ErrorInfo>
      </Output>
    </UnitTestResult>
    <UnitTestResult executionId="b47174af-39e7-4ef2-8a04-012d1efa336b" testId="e37f351e-5297-44e7-b9df-5a0c16c95424" testName="Test6345" computerName="UA-LPT-OGA2" duration="00:00:01.2350000" startTime="2025-05-14T13:20:31.3146610Z" endTime="2025-05-14T13:25:31.3147553Z" testType="13cdc9d9-ddb5-4fa4-a97d-d965ccfc6d4b" outcome="Passed" testListId="88463071-952a-4254-89b6-28cc58098ac0" />
    <UnitTestResult executionId="6305a53d-e004-42b6-9820-9df910bfe83b" testId="b9de975e-f23e-4caf-905c-a05fdc3a4537" testName="Test6346" computerName="UA-LPT-OGA2" duration="00:00:01.5090000" startTime="2025-05-14T13:20:31.3146610Z" endTime="2025-05-14T13:25:31.3147553Z" testType="13cdc9d9-ddb5-4fa4-a97d-d965ccfc6d4b" outcome="Passed" testListId="88463071-952a-4254-89b6-28cc58098ac0" />
    <UnitTestResult executionId="21cbe27f-7643-4e8c-8e9f-fcd77983251f" testId="5eb18fac-b4d9-404b-a7c1-8b48f959525a" testName="Test6347" computerName="UA-LPT-OGA2" duration="00:00:01.8780000" startTime="2025-05-14T13:20:31.3146610Z" endTime="2025-05-14T13:25:31.3147553Z" testType="13cdc9d9-ddb5-4fa4-a97d-d965ccfc6d4b" outcome="Passed" testListId="88463071-952a-4254-89b6-28cc58098ac0" />
    <UnitTestResult executionId="c19813f7-038e-4c46-b042-2947aac928fe" testId="b06ba05f-43a8-4bd9-8025-1d9fb01a7643" testName="Test6348" computerName="UA-LPT-OGA2" duration="00:00:00.5140000" startTime="2025-05-14T13:20:31.3146610Z" endTime="2025-05-14T13:25:31.3147553Z" testType="13cdc9d9-ddb5-4fa4-a97d-d965ccfc6d4b" outcome="Passed" testListId="88463071-952a-4254-89b6-28cc58098ac0" />
    <UnitTestResult executionId="2bb28fad-e486-4791-a3fe-adc4153b45ad" testId="431ae49b-cb46-4bd9-a61e-b52061c1a3c0" testName="Test6349" computerName="UA-LPT-OGA2" duration="00:00:01.5330000" startTime="2025-05-14T13:20:31.3146610Z" endTime="2025-05-14T13:25:31.3147553Z" testType="13cdc9d9-ddb5-4fa4-a97d-d965ccfc6d4b" outcome="Passed" testListId="88463071-952a-4254-89b6-28cc58098ac0" />
    <UnitTestResult executionId="aad23d60-f5fd-41fb-be3d-70d82b5714c3" testId="6e9e8764-0647-486c-a13f-a19058cfe3ce" testName="Test6350" computerName="UA-LPT-OGA2" duration="00:00:00.7870000" startTime="2025-05-14T13:20:31.3146610Z" endTime="2025-05-14T13:25:31.3147553Z" testType="13cdc9d9-ddb5-4fa4-a97d-d965ccfc6d4b" outcome="Passed" testListId="88463071-952a-4254-89b6-28cc58098ac0" />
    <UnitTestResult executionId="546cc6dc-3afd-4b15-9ae6-77e9ff7e24ba" testId="64ef279f-5315-4614-87d0-81121102fcac" testName="Test6351" computerName="UA-LPT-OGA2" duration="00:00:01.0520000" startTime="2025-05-14T13:20:31.3146610Z" endTime="2025-05-14T13:25:31.3147553Z" testType="13cdc9d9-ddb5-4fa4-a97d-d965ccfc6d4b" outcome="Passed" testListId="88463071-952a-4254-89b6-28cc58098ac0" />
    <UnitTestResult executionId="cf7c7a6e-cdb2-43b6-832a-8a96b8f8348d" testId="8da2e3a1-3608-405e-8145-a188255a5951" testName="Test6352" computerName="UA-LPT-OGA2" duration="00:00:00.9440000" startTime="2025-05-14T13:20:31.3146610Z" endTime="2025-05-14T13:25:31.3147553Z" testType="13cdc9d9-ddb5-4fa4-a97d-d965ccfc6d4b" outcome="Passed" testListId="88463071-952a-4254-89b6-28cc58098ac0" />
    <UnitTestResult executionId="c97a85e0-9da3-49b8-8756-00c7cf4c7f29" testId="7242cf22-3fab-41b4-bc89-a0b86ba30d8f" testName="Test6353" computerName="UA-LPT-OGA2" duration="00:00:00.3110000" startTime="2025-05-14T13:20:31.3146610Z" endTime="2025-05-14T13:25:31.3147553Z" testType="13cdc9d9-ddb5-4fa4-a97d-d965ccfc6d4b" outcome="Passed" testListId="88463071-952a-4254-89b6-28cc58098ac0" />
    <UnitTestResult executionId="8d762b3c-9853-4f48-8e03-c6d5f8ba81bd" testId="4341caa8-3e80-4ff5-ae64-61efea6fa52d" testName="Test6354" computerName="UA-LPT-OGA2" duration="00:00:00.3880000" startTime="2025-05-14T13:20:31.3146610Z" endTime="2025-05-14T13:25:31.3147553Z" testType="13cdc9d9-ddb5-4fa4-a97d-d965ccfc6d4b" outcome="Passed" testListId="88463071-952a-4254-89b6-28cc58098ac0" />
    <UnitTestResult executionId="45507bd1-90c6-434d-98c2-d8acdbde5cf7" testId="34859cb2-6d78-4520-8312-42ea05d0adec" testName="Test6355" computerName="UA-LPT-OGA2" duration="00:00:01.8020000" startTime="2025-05-14T13:20:31.3146610Z" endTime="2025-05-14T13:25:31.3147553Z" testType="13cdc9d9-ddb5-4fa4-a97d-d965ccfc6d4b" outcome="Passed" testListId="88463071-952a-4254-89b6-28cc58098ac0" />
    <UnitTestResult executionId="a54fd72b-c99d-4332-b61e-8f3d716190b9" testId="b7a7adf7-44b4-4b1b-a420-a3aed5a8e53a" testName="Test6356" computerName="UA-LPT-OGA2" duration="00:00:00.9480000" startTime="2025-05-14T13:20:31.3146610Z" endTime="2025-05-14T13:25:31.3147553Z" testType="13cdc9d9-ddb5-4fa4-a97d-d965ccfc6d4b" outcome="Passed" testListId="88463071-952a-4254-89b6-28cc58098ac0" />
    <UnitTestResult executionId="e9a49127-85dc-420c-b1f4-deda68d0eb39" testId="b9ede20f-aa5a-41aa-a56b-909878359aa9" testName="Test6357" computerName="UA-LPT-OGA2" duration="00:00:00.7650000" startTime="2025-05-14T13:20:31.3146610Z" endTime="2025-05-14T13:25:31.3147553Z" testType="13cdc9d9-ddb5-4fa4-a97d-d965ccfc6d4b" outcome="Passed" testListId="88463071-952a-4254-89b6-28cc58098ac0" />
    <UnitTestResult executionId="38b1a365-afd0-4c5a-8e46-c62f1d6497ca" testId="235e0755-f049-463f-82be-eabe518c3e15" testName="Test6358" computerName="UA-LPT-OGA2" duration="00:00:01.7560000" startTime="2025-05-14T13:20:31.3146610Z" endTime="2025-05-14T13:25:31.3147553Z" testType="13cdc9d9-ddb5-4fa4-a97d-d965ccfc6d4b" outcome="Passed" testListId="88463071-952a-4254-89b6-28cc58098ac0" />
    <UnitTestResult executionId="f0990569-dbc2-44c6-a3ea-ea30c17a3122" testId="7a90dfe8-9362-4e18-98a1-61bd88f3c410" testName="Test6359" computerName="UA-LPT-OGA2" duration="00:00:00.4320000" startTime="2025-05-14T13:20:31.3146610Z" endTime="2025-05-14T13:25:31.3147553Z" testType="13cdc9d9-ddb5-4fa4-a97d-d965ccfc6d4b" outcome="Passed" testListId="88463071-952a-4254-89b6-28cc58098ac0" />
    <UnitTestResult executionId="dd02b12e-cf2a-4db3-970d-b6b7036aa19e" testId="24e3d8c0-5841-40ac-93b2-073ab3bd4cff" testName="Test6360" computerName="UA-LPT-OGA2" duration="00:00:01.2680000" startTime="2025-05-14T13:20:31.3146610Z" endTime="2025-05-14T13:25:31.3147553Z" testType="13cdc9d9-ddb5-4fa4-a97d-d965ccfc6d4b" outcome="Failed" testListId="88463071-952a-4254-89b6-28cc58098ac0">
      <Output>
        <ErrorInfo>
          <Message>Assertion failed: Expected value did not match actual value.</Message>
          <StackTrace>   at TestNamespace.TestClass.Test() in TestClass.cs:line 17</StackTrace>
        </ErrorInfo>
      </Output>
    </UnitTestResult>
    <UnitTestResult executionId="fb09ff72-d739-4061-8267-a1c1736f579c" testId="cc653d12-7f02-4285-a7ff-84668886dfb3" testName="Test6361" computerName="UA-LPT-OGA2" duration="00:00:01.3350000" startTime="2025-05-14T13:20:31.3146610Z" endTime="2025-05-14T13:25:31.3147553Z" testType="13cdc9d9-ddb5-4fa4-a97d-d965ccfc6d4b" outcome="Passed" testListId="88463071-952a-4254-89b6-28cc58098ac0" />
    <UnitTestResult executionId="49c42cda-7c1b-4f81-aa0b-5df9a62bccea" testId="6e8f6dc7-0d0f-4980-b8bb-766cbcaf7ede" testName="Test6362" computerName="UA-LPT-OGA2" duration="00:00:01.4350000" startTime="2025-05-14T13:20:31.3146610Z" endTime="2025-05-14T13:25:31.3147553Z" testType="13cdc9d9-ddb5-4fa4-a97d-d965ccfc6d4b" outcome="Passed" testListId="88463071-952a-4254-89b6-28cc58098ac0" />
    <UnitTestResult executionId="b4c69591-4257-41a7-a213-2dc3c6ef9281" testId="2620941a-3009-43e7-adb1-2dced052392d" testName="Test6363" computerName="UA-LPT-OGA2" duration="00:00:00.2450000" startTime="2025-05-14T13:20:31.3146610Z" endTime="2025-05-14T13:25:31.3147553Z" testType="13cdc9d9-ddb5-4fa4-a97d-d965ccfc6d4b" outcome="Passed" testListId="88463071-952a-4254-89b6-28cc58098ac0" />
    <UnitTestResult executionId="d7163e3b-8261-4b6e-acd3-45f1696f334d" testId="be90e9e2-79ac-49be-ab73-ac08e0b73d7a" testName="Test6364" computerName="UA-LPT-OGA2" duration="00:00:00.8400000" startTime="2025-05-14T13:20:31.3146610Z" endTime="2025-05-14T13:25:31.3147553Z" testType="13cdc9d9-ddb5-4fa4-a97d-d965ccfc6d4b" outcome="Passed" testListId="88463071-952a-4254-89b6-28cc58098ac0" />
    <UnitTestResult executionId="7a7f9441-103b-4082-afef-b31bdd4defc3" testId="5e29454b-52e1-4f1e-bbc6-a734112dec85" testName="Test6365" computerName="UA-LPT-OGA2" duration="00:00:01.6830000" startTime="2025-05-14T13:20:31.3146610Z" endTime="2025-05-14T13:25:31.3147553Z" testType="13cdc9d9-ddb5-4fa4-a97d-d965ccfc6d4b" outcome="Passed" testListId="88463071-952a-4254-89b6-28cc58098ac0" />
    <UnitTestResult executionId="a76697df-9ccd-4c96-9437-e2fe62ce5a21" testId="59bc3638-3878-42dc-9f56-ede572e10da8" testName="Test6366" computerName="UA-LPT-OGA2" duration="00:00:00.8880000" startTime="2025-05-14T13:20:31.3146610Z" endTime="2025-05-14T13:25:31.3147553Z" testType="13cdc9d9-ddb5-4fa4-a97d-d965ccfc6d4b" outcome="Passed" testListId="88463071-952a-4254-89b6-28cc58098ac0" />
    <UnitTestResult executionId="481434b3-0d82-4782-80eb-d236785c52f6" testId="3db03d1e-d739-4677-a7ba-09f0bcffe825" testName="Test6367" computerName="UA-LPT-OGA2" duration="00:00:00.9200000" startTime="2025-05-14T13:20:31.3146610Z" endTime="2025-05-14T13:25:31.3147553Z" testType="13cdc9d9-ddb5-4fa4-a97d-d965ccfc6d4b" outcome="Passed" testListId="88463071-952a-4254-89b6-28cc58098ac0" />
    <UnitTestResult executionId="d457f570-5438-4384-ad84-b12c49ac5811" testId="96bc97fe-e815-43aa-84ba-526630fc0c7e" testName="Test6368" computerName="UA-LPT-OGA2" duration="00:00:01.6820000" startTime="2025-05-14T13:20:31.3146610Z" endTime="2025-05-14T13:25:31.3147553Z" testType="13cdc9d9-ddb5-4fa4-a97d-d965ccfc6d4b" outcome="Passed" testListId="88463071-952a-4254-89b6-28cc58098ac0" />
    <UnitTestResult executionId="6726ece3-bca5-44cc-abfd-10d1dd7f8c25" testId="621d8356-f57a-4839-8ef6-9aea9438c0b2" testName="Test6369" computerName="UA-LPT-OGA2" duration="00:00:01.3230000" startTime="2025-05-14T13:20:31.3146610Z" endTime="2025-05-14T13:25:31.3147553Z" testType="13cdc9d9-ddb5-4fa4-a97d-d965ccfc6d4b" outcome="Passed" testListId="88463071-952a-4254-89b6-28cc58098ac0" />
    <UnitTestResult executionId="74ec012e-bdbd-4462-a8fc-c7049360b8ea" testId="fc6e6e2f-6f4d-4c57-abd9-21cf68d0edf6" testName="Test6370" computerName="UA-LPT-OGA2" duration="00:00:01.6350000" startTime="2025-05-14T13:20:31.3146610Z" endTime="2025-05-14T13:25:31.3147553Z" testType="13cdc9d9-ddb5-4fa4-a97d-d965ccfc6d4b" outcome="Passed" testListId="88463071-952a-4254-89b6-28cc58098ac0" />
    <UnitTestResult executionId="7f265145-5217-4320-8a29-aacfa76d79a7" testId="0b2f981a-46b8-473f-af36-b8e661a8e22a" testName="Test6371" computerName="UA-LPT-OGA2" duration="00:00:01.8520000" startTime="2025-05-14T13:20:31.3146610Z" endTime="2025-05-14T13:25:31.3147553Z" testType="13cdc9d9-ddb5-4fa4-a97d-d965ccfc6d4b" outcome="Passed" testListId="88463071-952a-4254-89b6-28cc58098ac0" />
    <UnitTestResult executionId="1523d163-7342-451e-994a-eebeef294cc7" testId="fe1df5de-3bf1-41fe-b19f-563122a4f59d" testName="Test6372" computerName="UA-LPT-OGA2" duration="00:00:01.6360000" startTime="2025-05-14T13:20:31.3146610Z" endTime="2025-05-14T13:25:31.3147553Z" testType="13cdc9d9-ddb5-4fa4-a97d-d965ccfc6d4b" outcome="Passed" testListId="88463071-952a-4254-89b6-28cc58098ac0" />
    <UnitTestResult executionId="3124d1a3-3de2-4c78-9959-472fc283862a" testId="e816d61a-19ff-4c9e-aadc-b075cdf6defd" testName="Test6373" computerName="UA-LPT-OGA2" duration="00:00:00.5250000" startTime="2025-05-14T13:20:31.3146610Z" endTime="2025-05-14T13:25:31.3147553Z" testType="13cdc9d9-ddb5-4fa4-a97d-d965ccfc6d4b" outcome="Passed" testListId="88463071-952a-4254-89b6-28cc58098ac0" />
    <UnitTestResult executionId="17ac506f-5312-4eeb-97fc-3b77bc3641b1" testId="b6b1bf0a-a4ea-4b68-82b9-eacf5c9f6874" testName="Test6374" computerName="UA-LPT-OGA2" duration="00:00:01.6950000" startTime="2025-05-14T13:20:31.3146610Z" endTime="2025-05-14T13:25:31.3147553Z" testType="13cdc9d9-ddb5-4fa4-a97d-d965ccfc6d4b" outcome="Passed" testListId="88463071-952a-4254-89b6-28cc58098ac0" />
    <UnitTestResult executionId="9cd738d9-eb46-46bc-9ae0-5232382af818" testId="24d8ae26-2663-4feb-9e14-75aa9cfffe3f" testName="Test6375" computerName="UA-LPT-OGA2" duration="00:00:01.5410000" startTime="2025-05-14T13:20:31.3146610Z" endTime="2025-05-14T13:25:31.3147553Z" testType="13cdc9d9-ddb5-4fa4-a97d-d965ccfc6d4b" outcome="Passed" testListId="88463071-952a-4254-89b6-28cc58098ac0" />
    <UnitTestResult executionId="cb04251e-9faf-44b2-a0d0-845ca7c85cd6" testId="64302358-938b-4d01-ab9f-259709fda4b8" testName="Test6376" computerName="UA-LPT-OGA2" duration="00:00:01.7740000" startTime="2025-05-14T13:20:31.3146610Z" endTime="2025-05-14T13:25:31.3147553Z" testType="13cdc9d9-ddb5-4fa4-a97d-d965ccfc6d4b" outcome="Passed" testListId="88463071-952a-4254-89b6-28cc58098ac0" />
    <UnitTestResult executionId="42204279-efec-46a7-b2fb-86ec771b5c45" testId="bae56549-7daa-47ea-9eb0-b8300a8eccdc" testName="Test6377" computerName="UA-LPT-OGA2" duration="00:00:00.0110000" startTime="2025-05-14T13:20:31.3146610Z" endTime="2025-05-14T13:25:31.3147553Z" testType="13cdc9d9-ddb5-4fa4-a97d-d965ccfc6d4b" outcome="Passed" testListId="88463071-952a-4254-89b6-28cc58098ac0" />
    <UnitTestResult executionId="7d5199eb-1c7b-45c1-84dd-4348ddcc8434" testId="647fdcf6-bf28-4002-b183-8291da82a2ae" testName="Test6378" computerName="UA-LPT-OGA2" duration="00:00:00.4200000" startTime="2025-05-14T13:20:31.3146610Z" endTime="2025-05-14T13:25:31.3147553Z" testType="13cdc9d9-ddb5-4fa4-a97d-d965ccfc6d4b" outcome="Passed" testListId="88463071-952a-4254-89b6-28cc58098ac0" />
    <UnitTestResult executionId="af3e49a0-805f-48bd-ab17-23da43f93fc8" testId="14ef7763-c328-4923-a0a8-86de712cbe14" testName="Test6379" computerName="UA-LPT-OGA2" duration="00:00:01.2290000" startTime="2025-05-14T13:20:31.3146610Z" endTime="2025-05-14T13:25:31.3147553Z" testType="13cdc9d9-ddb5-4fa4-a97d-d965ccfc6d4b" outcome="Passed" testListId="88463071-952a-4254-89b6-28cc58098ac0" />
    <UnitTestResult executionId="41c2f2a5-f26e-4b5b-9eb0-027224b6b65f" testId="6915b908-2f97-4e8f-87ba-e070f2f9961e" testName="Test6380" computerName="UA-LPT-OGA2" duration="00:00:00.6390000" startTime="2025-05-14T13:20:31.3146610Z" endTime="2025-05-14T13:25:31.3147553Z" testType="13cdc9d9-ddb5-4fa4-a97d-d965ccfc6d4b" outcome="Passed" testListId="88463071-952a-4254-89b6-28cc58098ac0" />
    <UnitTestResult executionId="7b5e7a3b-153c-46b4-a983-8364fbe1d676" testId="289dcb9a-aa38-4342-a08e-9498e07ea2c5" testName="Test6381" computerName="UA-LPT-OGA2" duration="00:00:01.7290000" startTime="2025-05-14T13:20:31.3146610Z" endTime="2025-05-14T13:25:31.3147553Z" testType="13cdc9d9-ddb5-4fa4-a97d-d965ccfc6d4b" outcome="Passed" testListId="88463071-952a-4254-89b6-28cc58098ac0" />
    <UnitTestResult executionId="95a13e20-cc6d-41a5-a6ab-9484a24da5c0" testId="4977555d-4706-4004-b766-2da768377e48" testName="Test6382" computerName="UA-LPT-OGA2" duration="00:00:00.3180000" startTime="2025-05-14T13:20:31.3146610Z" endTime="2025-05-14T13:25:31.3147553Z" testType="13cdc9d9-ddb5-4fa4-a97d-d965ccfc6d4b" outcome="Passed" testListId="88463071-952a-4254-89b6-28cc58098ac0" />
    <UnitTestResult executionId="66d7c31b-814f-437a-ae93-6b65cc4465d7" testId="3a54a203-bd60-46f0-8472-4512eb519f68" testName="Test6383" computerName="UA-LPT-OGA2" duration="00:00:00.6010000" startTime="2025-05-14T13:20:31.3146610Z" endTime="2025-05-14T13:25:31.3147553Z" testType="13cdc9d9-ddb5-4fa4-a97d-d965ccfc6d4b" outcome="Passed" testListId="88463071-952a-4254-89b6-28cc58098ac0" />
    <UnitTestResult executionId="21bfd61f-4993-420a-966b-c29da6274493" testId="42b706cf-c8a6-4da1-b819-f83b51ebb89e" testName="Test6384" computerName="UA-LPT-OGA2" duration="00:00:00.2200000" startTime="2025-05-14T13:20:31.3146610Z" endTime="2025-05-14T13:25:31.3147553Z" testType="13cdc9d9-ddb5-4fa4-a97d-d965ccfc6d4b" outcome="Passed" testListId="88463071-952a-4254-89b6-28cc58098ac0" />
    <UnitTestResult executionId="869c4c38-803a-4a02-9fcd-51ae7c040f50" testId="0bc6ddb5-4adf-4dd3-9956-4b02833b4339" testName="Test6385" computerName="UA-LPT-OGA2" duration="00:00:00.1110000" startTime="2025-05-14T13:20:31.3146610Z" endTime="2025-05-14T13:25:31.3147553Z" testType="13cdc9d9-ddb5-4fa4-a97d-d965ccfc6d4b" outcome="Passed" testListId="88463071-952a-4254-89b6-28cc58098ac0" />
    <UnitTestResult executionId="0a8e49ca-b2b4-4c5f-93a3-13dc7f63d912" testId="4e1df48e-a7ef-4d90-9590-0c4d1004b647" testName="Test6386" computerName="UA-LPT-OGA2" duration="00:00:00.6410000" startTime="2025-05-14T13:20:31.3146610Z" endTime="2025-05-14T13:25:31.3147553Z" testType="13cdc9d9-ddb5-4fa4-a97d-d965ccfc6d4b" outcome="Passed" testListId="88463071-952a-4254-89b6-28cc58098ac0" />
    <UnitTestResult executionId="d7dcc565-d93f-48b5-99b8-1d55b9019eff" testId="a6480aaf-3940-4b3f-9c51-3997c27b977a" testName="Test6387" computerName="UA-LPT-OGA2" duration="00:00:01.2490000" startTime="2025-05-14T13:20:31.3146610Z" endTime="2025-05-14T13:25:31.3147553Z" testType="13cdc9d9-ddb5-4fa4-a97d-d965ccfc6d4b" outcome="Passed" testListId="88463071-952a-4254-89b6-28cc58098ac0" />
    <UnitTestResult executionId="4f9aca3e-b255-412e-aba5-a3aa4b160ae3" testId="ce35c134-9fa3-4b4b-a6cd-1c3e31301ee7" testName="Test6388" computerName="UA-LPT-OGA2" duration="00:00:01.7260000" startTime="2025-05-14T13:20:31.3146610Z" endTime="2025-05-14T13:25:31.3147553Z" testType="13cdc9d9-ddb5-4fa4-a97d-d965ccfc6d4b" outcome="Passed" testListId="88463071-952a-4254-89b6-28cc58098ac0" />
    <UnitTestResult executionId="1b2cada6-aac4-4f49-ac6b-9398e13a2619" testId="96fd0ea2-8c42-4ba0-8cc9-8abce70c0700" testName="Test6389" computerName="UA-LPT-OGA2" duration="00:00:01.3810000" startTime="2025-05-14T13:20:31.3146610Z" endTime="2025-05-14T13:25:31.3147553Z" testType="13cdc9d9-ddb5-4fa4-a97d-d965ccfc6d4b" outcome="Passed" testListId="88463071-952a-4254-89b6-28cc58098ac0" />
    <UnitTestResult executionId="950826d9-d18d-4193-950e-0f905fb6812a" testId="75927c4f-08c1-4f9e-8ca1-0d24e383bfdf" testName="Test6390" computerName="UA-LPT-OGA2" duration="00:00:00.3050000" startTime="2025-05-14T13:20:31.3146610Z" endTime="2025-05-14T13:25:31.3147553Z" testType="13cdc9d9-ddb5-4fa4-a97d-d965ccfc6d4b" outcome="Passed" testListId="88463071-952a-4254-89b6-28cc58098ac0" />
    <UnitTestResult executionId="abaa30fe-8ab8-4a72-b6ad-ec0fa63496b6" testId="c9c5e400-4b68-4e1c-a3b2-1264943b4a8a" testName="Test6391" computerName="UA-LPT-OGA2" duration="00:00:01.0190000" startTime="2025-05-14T13:20:31.3146610Z" endTime="2025-05-14T13:25:31.3147553Z" testType="13cdc9d9-ddb5-4fa4-a97d-d965ccfc6d4b" outcome="Passed" testListId="88463071-952a-4254-89b6-28cc58098ac0" />
    <UnitTestResult executionId="920e6da4-be2d-4192-bc5b-ba2dc257f414" testId="06e2089d-c422-416f-9803-78aaf5d508d4" testName="Test6392" computerName="UA-LPT-OGA2" duration="00:00:00.1590000" startTime="2025-05-14T13:20:31.3146610Z" endTime="2025-05-14T13:25:31.3147553Z" testType="13cdc9d9-ddb5-4fa4-a97d-d965ccfc6d4b" outcome="Passed" testListId="88463071-952a-4254-89b6-28cc58098ac0" />
    <UnitTestResult executionId="9e05a556-e744-4b5f-befb-d146d289d7d5" testId="ecb933f8-92d2-4f69-a9ef-20b8be7a9058" testName="Test6393" computerName="UA-LPT-OGA2" duration="00:00:01.5040000" startTime="2025-05-14T13:20:31.3146610Z" endTime="2025-05-14T13:25:31.3147553Z" testType="13cdc9d9-ddb5-4fa4-a97d-d965ccfc6d4b" outcome="Passed" testListId="88463071-952a-4254-89b6-28cc58098ac0" />
    <UnitTestResult executionId="620ced8a-c818-4239-99e7-1e9ab70677b6" testId="5a27725e-2171-4222-96e3-3e79dba1795a" testName="Test6394" computerName="UA-LPT-OGA2" duration="00:00:01.0020000" startTime="2025-05-14T13:20:31.3146610Z" endTime="2025-05-14T13:25:31.3147553Z" testType="13cdc9d9-ddb5-4fa4-a97d-d965ccfc6d4b" outcome="Passed" testListId="88463071-952a-4254-89b6-28cc58098ac0" />
    <UnitTestResult executionId="666012cd-606b-476f-a6a4-3bec7db6ae18" testId="c65a1642-41ad-4b92-a87b-36fa69457414" testName="Test6395" computerName="UA-LPT-OGA2" duration="00:00:01.4850000" startTime="2025-05-14T13:20:31.3146610Z" endTime="2025-05-14T13:25:31.3147553Z" testType="13cdc9d9-ddb5-4fa4-a97d-d965ccfc6d4b" outcome="Passed" testListId="88463071-952a-4254-89b6-28cc58098ac0" />
    <UnitTestResult executionId="c4f46d71-6f1c-4f41-9c22-d94aaf6f220b" testId="aea7968b-3779-42eb-90d7-34df5c1c671e" testName="Test6396" computerName="UA-LPT-OGA2" duration="00:00:00.9310000" startTime="2025-05-14T13:20:31.3146610Z" endTime="2025-05-14T13:25:31.3147553Z" testType="13cdc9d9-ddb5-4fa4-a97d-d965ccfc6d4b" outcome="Failed" testListId="88463071-952a-4254-89b6-28cc58098ac0">
      <Output>
        <ErrorInfo>
          <Message>Assertion failed: Expected value did not match actual value.</Message>
          <StackTrace>   at TestNamespace.TestClass.Test() in TestClass.cs:line 307</StackTrace>
        </ErrorInfo>
      </Output>
    </UnitTestResult>
    <UnitTestResult executionId="7722a4cc-e716-4092-8a88-351d5b281a3e" testId="d22d0b76-bc1f-456b-86a1-0a6900da240a" testName="Test6397" computerName="UA-LPT-OGA2" duration="00:00:01.9750000" startTime="2025-05-14T13:20:31.3146610Z" endTime="2025-05-14T13:25:31.3147553Z" testType="13cdc9d9-ddb5-4fa4-a97d-d965ccfc6d4b" outcome="Passed" testListId="88463071-952a-4254-89b6-28cc58098ac0" />
    <UnitTestResult executionId="1f8ef55d-47e8-4423-8eff-a66a3a8eb79a" testId="39e8d60f-647d-44aa-8dc0-f96453337026" testName="Test6398" computerName="UA-LPT-OGA2" duration="00:00:00.1680000" startTime="2025-05-14T13:20:31.3146610Z" endTime="2025-05-14T13:25:31.3147553Z" testType="13cdc9d9-ddb5-4fa4-a97d-d965ccfc6d4b" outcome="Passed" testListId="88463071-952a-4254-89b6-28cc58098ac0" />
    <UnitTestResult executionId="48807181-542e-40e8-aaf3-3e39c954ff75" testId="c87ad45a-57a2-4e48-8666-409fea0f1c2b" testName="Test6399" computerName="UA-LPT-OGA2" duration="00:00:01.9510000" startTime="2025-05-14T13:20:31.3146610Z" endTime="2025-05-14T13:25:31.3147553Z" testType="13cdc9d9-ddb5-4fa4-a97d-d965ccfc6d4b" outcome="Passed" testListId="88463071-952a-4254-89b6-28cc58098ac0" />
    <UnitTestResult executionId="66bf879d-8fcc-44b8-8f4a-27e7944569fc" testId="ab2cdf85-79f4-4d87-b553-ec30ca13bc61" testName="Test6400" computerName="UA-LPT-OGA2" duration="00:00:01.8800000" startTime="2025-05-14T13:20:31.3146610Z" endTime="2025-05-14T13:25:31.3147553Z" testType="13cdc9d9-ddb5-4fa4-a97d-d965ccfc6d4b" outcome="Passed" testListId="88463071-952a-4254-89b6-28cc58098ac0" />
  </Results>
  <TestDefinitions>
    <UnitTest name="Test6301" id="7702dc28-e306-41cd-821f-594b181c8aee" storage="TestAssembly.dll">
      <Execution id="be0ced5f-f4a0-41dd-8c63-7b5489915e86" />
      <TestMethod codeBase="TestAssembly.dll" className="TestNamespace.TestClass1" name="Test6301" />
    </UnitTest>
    <UnitTest name="Test6302" id="43262332-edfc-4dd1-bb59-85c126715e2b" storage="TestAssembly.dll">
      <Execution id="7390c8f7-d0d3-43cd-8a40-4f84b918cbf8" />
      <TestMethod codeBase="TestAssembly.dll" className="TestNamespace.TestClass1" name="Test6302" />
    </UnitTest>
    <UnitTest name="Test6303" id="9f8545ea-9fcc-48c5-8fda-4d7214bb1e5f" storage="TestAssembly.dll">
      <Execution id="e309496d-9a1f-4497-9605-cd39820b4608" />
      <TestMethod codeBase="TestAssembly.dll" className="TestNamespace.TestClass1" name="Test6303" />
    </UnitTest>
    <UnitTest name="Test6304" id="4486588f-5b40-451f-baa9-fb9bb7601a95" storage="TestAssembly.dll">
      <Execution id="4a27531b-be9e-485a-823d-f5ef1c85ed0b" />
      <TestMethod codeBase="TestAssembly.dll" className="TestNamespace.TestClass1" name="Test6304" />
    </UnitTest>
    <UnitTest name="Test6305" id="6b089907-fa35-41fb-ab44-09d49f75a104" storage="TestAssembly.dll">
      <Execution id="f4c15403-8325-4793-b65a-ee33bf2410b9" />
      <TestMethod codeBase="TestAssembly.dll" className="TestNamespace.TestClass1" name="Test6305" />
    </UnitTest>
    <UnitTest name="Test6306" id="c86aa6c8-45af-4a1b-81a4-cbadca260e67" storage="TestAssembly.dll">
      <Execution id="3343b3bf-8278-44b8-8bcd-4b18a373efd4" />
      <TestMethod codeBase="TestAssembly.dll" className="TestNamespace.TestClass1" name="Test6306" />
    </UnitTest>
    <UnitTest name="Test6307" id="a1cc67bb-d677-416b-9f7d-4a11a0695f5f" storage="TestAssembly.dll">
      <Execution id="36024d9a-c3af-4644-b0db-68d3decb30a7" />
      <TestMethod codeBase="TestAssembly.dll" className="TestNamespace.TestClass1" name="Test6307" />
    </UnitTest>
    <UnitTest name="Test6308" id="e6767280-ff4b-4f27-b3a7-d95533ea7d9b" storage="TestAssembly.dll">
      <Execution id="625a1010-fe7e-48b5-9bd5-c43deeb63e8e" />
      <TestMethod codeBase="TestAssembly.dll" className="TestNamespace.TestClass1" name="Test6308" />
    </UnitTest>
    <UnitTest name="Test6309" id="c4596978-7f82-4cdf-9a46-7f7c85b35377" storage="TestAssembly.dll">
      <Execution id="ad6886b7-c3ec-4696-b4fc-5ecee10144b7" />
      <TestMethod codeBase="TestAssembly.dll" className="TestNamespace.TestClass1" name="Test6309" />
    </UnitTest>
    <UnitTest name="Test6310" id="9b0d45b7-a8fe-4b51-b1e6-a49a5bf77348" storage="TestAssembly.dll">
      <Execution id="8f25c9d8-e87e-4569-82c6-7ed09bb22ad8" />
      <TestMethod codeBase="TestAssembly.dll" className="TestNamespace.TestClass1" name="Test6310" />
    </UnitTest>
    <UnitTest name="Test6311" id="9660707c-0961-47a9-b558-29473354cfac" storage="TestAssembly.dll">
      <Execution id="53688c6d-a322-429c-a9ed-8885b19b7dea" />
      <TestMethod codeBase="TestAssembly.dll" className="TestNamespace.TestClass2" name="Test6311" />
    </UnitTest>
    <UnitTest name="Test6312" id="df849a7e-3a90-499c-9c02-9c8aa32ca1dd" storage="TestAssembly.dll">
      <Execution id="f1a65d00-6420-4df3-963e-0f4eeb7af690" />
      <TestMethod codeBase="TestAssembly.dll" className="TestNamespace.TestClass2" name="Test6312" />
    </UnitTest>
    <UnitTest name="Test6313" id="34b27a5e-c78f-4c2e-86d9-e80a0de60b97" storage="TestAssembly.dll">
      <Execution id="5c875b60-03f1-402f-8d5e-6881dde74503" />
      <TestMethod codeBase="TestAssembly.dll" className="TestNamespace.TestClass2" name="Test6313" />
    </UnitTest>
    <UnitTest name="Test6314" id="031c32f6-2713-49d8-8bbf-5ef6d00af59f" storage="TestAssembly.dll">
      <Execution id="92d30b78-861e-4c00-be7f-c953ef1a2f39" />
      <TestMethod codeBase="TestAssembly.dll" className="TestNamespace.TestClass2" name="Test6314" />
    </UnitTest>
    <UnitTest name="Test6315" id="1e32c0af-1425-4323-a628-9953058d319d" storage="TestAssembly.dll">
      <Execution id="5879c149-cae6-4aee-a89a-38008681fb17" />
      <TestMethod codeBase="TestAssembly.dll" className="TestNamespace.TestClass2" name="Test6315" />
    </UnitTest>
    <UnitTest name="Test6316" id="926fdee2-0799-4991-ac81-2bafe836896e" storage="TestAssembly.dll">
      <Execution id="1695a3c0-79a7-4c56-ad0a-fdbdae922933" />
      <TestMethod codeBase="TestAssembly.dll" className="TestNamespace.TestClass2" name="Test6316" />
    </UnitTest>
    <UnitTest name="Test6317" id="332b4586-65e4-4d04-9560-f5f91105f897" storage="TestAssembly.dll">
      <Execution id="341d7085-345b-4454-958b-90808ddeb604" />
      <TestMethod codeBase="TestAssembly.dll" className="TestNamespace.TestClass2" name="Test6317" />
    </UnitTest>
    <UnitTest name="Test6318" id="f9c1f53b-4fa2-489f-86a1-edb6df6feac6" storage="TestAssembly.dll">
      <Execution id="46938e5d-2380-4ee9-ae96-775d47b406fd" />
      <TestMethod codeBase="TestAssembly.dll" className="TestNamespace.TestClass2" name="Test6318" />
    </UnitTest>
    <UnitTest name="Test6319" id="c2412a77-47aa-4c99-9693-e01992d8e590" storage="TestAssembly.dll">
      <Execution id="7ceb6aee-cb00-4d6e-9acb-77ce103d5d1b" />
      <TestMethod codeBase="TestAssembly.dll" className="TestNamespace.TestClass2" name="Test6319" />
    </UnitTest>
    <UnitTest name="Test6320" id="778cff63-4355-4416-a663-643f171b0ca3" storage="TestAssembly.dll">
      <Execution id="f21c86f0-16de-4a72-99ed-eec4a39ff046" />
      <TestMethod codeBase="TestAssembly.dll" className="TestNamespace.TestClass2" name="Test6320" />
    </UnitTest>
    <UnitTest name="Test6321" id="63ce6cb2-5e00-47f9-ab30-150de7f901c4" storage="TestAssembly.dll">
      <Execution id="2678cc2a-a120-4db3-a5a5-9e188da006d6" />
      <TestMethod codeBase="TestAssembly.dll" className="TestNamespace.TestClass3" name="Test6321" />
    </UnitTest>
    <UnitTest name="Test6322" id="2b3457da-9efd-4d80-91fd-c79d9e20a79a" storage="TestAssembly.dll">
      <Execution id="c4153356-457c-4802-998b-fa03fabdedb7" />
      <TestMethod codeBase="TestAssembly.dll" className="TestNamespace.TestClass3" name="Test6322" />
    </UnitTest>
    <UnitTest name="Test6323" id="e474c990-687a-4626-ad4f-0c2051f12f97" storage="TestAssembly.dll">
      <Execution id="2714efe3-c81c-4276-a7c8-d1ce2722dc97" />
      <TestMethod codeBase="TestAssembly.dll" className="TestNamespace.TestClass3" name="Test6323" />
    </UnitTest>
    <UnitTest name="Test6324" id="f8b5c25f-8d43-4886-8b18-5aa04133dacf" storage="TestAssembly.dll">
      <Execution id="6248076c-8cc1-4b2d-ab48-5b31dbb9043d" />
      <TestMethod codeBase="TestAssembly.dll" className="TestNamespace.TestClass3" name="Test6324" />
    </UnitTest>
    <UnitTest name="Test6325" id="5c697a6e-6c19-4af3-a8d6-557f58ed2d5a" storage="TestAssembly.dll">
      <Execution id="bddd35f1-8c06-4da0-8a8f-102377236d6b" />
      <TestMethod codeBase="TestAssembly.dll" className="TestNamespace.TestClass3" name="Test6325" />
    </UnitTest>
    <UnitTest name="Test6326" id="d144ff13-7485-406b-9543-7c4eb3eb284b" storage="TestAssembly.dll">
      <Execution id="84a175e8-7db3-4315-ac45-d33ed2e83ddd" />
      <TestMethod codeBase="TestAssembly.dll" className="TestNamespace.TestClass3" name="Test6326" />
    </UnitTest>
    <UnitTest name="Test6327" id="42e04297-b373-45f1-87b8-8ea2e34698d3" storage="TestAssembly.dll">
      <Execution id="87c0e923-3d6d-4455-aaf4-fd66b34f4dd1" />
      <TestMethod codeBase="TestAssembly.dll" className="TestNamespace.TestClass3" name="Test6327" />
    </UnitTest>
    <UnitTest name="Test6328" id="e7790bcf-a052-460f-9a0f-cae33c5ff025" storage="TestAssembly.dll">
      <Execution id="e36cea25-aa12-48bb-82c5-b339b6991884" />
      <TestMethod codeBase="TestAssembly.dll" className="TestNamespace.TestClass3" name="Test6328" />
    </UnitTest>
    <UnitTest name="Test6329" id="d1d415b3-1cfa-42c4-b643-51527c3c5065" storage="TestAssembly.dll">
      <Execution id="fc01a9b5-9fcd-40c1-aedb-695ad4df1351" />
      <TestMethod codeBase="TestAssembly.dll" className="TestNamespace.TestClass3" name="Test6329" />
    </UnitTest>
    <UnitTest name="Test6330" id="8899058b-da01-41a8-acab-d6e733314770" storage="TestAssembly.dll">
      <Execution id="d8ecc3c9-92bc-46ce-915e-142b930d95ad" />
      <TestMethod codeBase="TestAssembly.dll" className="TestNamespace.TestClass3" name="Test6330" />
    </UnitTest>
    <UnitTest name="Test6331" id="067d5148-8761-4281-b9b3-741011999d35" storage="TestAssembly.dll">
      <Execution id="d11fd1a6-04c4-4b36-82d9-e8cb858fa1c6" />
      <TestMethod codeBase="TestAssembly.dll" className="TestNamespace.TestClass4" name="Test6331" />
    </UnitTest>
    <UnitTest name="Test6332" id="13c7dca6-f369-43e8-b5e3-2c9b89868181" storage="TestAssembly.dll">
      <Execution id="0d6ecf9a-7751-4b26-9425-2ad077a6371e" />
      <TestMethod codeBase="TestAssembly.dll" className="TestNamespace.TestClass4" name="Test6332" />
    </UnitTest>
    <UnitTest name="Test6333" id="0ed55774-42ad-42f7-8ce2-f943c20cf653" storage="TestAssembly.dll">
      <Execution id="c8c5e143-89c4-42d1-9c0d-204d0560e635" />
      <TestMethod codeBase="TestAssembly.dll" className="TestNamespace.TestClass4" name="Test6333" />
    </UnitTest>
    <UnitTest name="Test6334" id="fa7cc013-020a-4f29-9eb0-1b88aa40b79a" storage="TestAssembly.dll">
      <Execution id="b80e190e-fe05-4d7e-a4fa-85a70c594b82" />
      <TestMethod codeBase="TestAssembly.dll" className="TestNamespace.TestClass4" name="Test6334" />
    </UnitTest>
    <UnitTest name="Test6335" id="4874dd85-cb0a-49ee-905c-4bc5c08431f4" storage="TestAssembly.dll">
      <Execution id="2dd6acb6-a95d-419d-990c-a0fbcd933949" />
      <TestMethod codeBase="TestAssembly.dll" className="TestNamespace.TestClass4" name="Test6335" />
    </UnitTest>
    <UnitTest name="Test6336" id="8f9edbf0-6915-4ca4-8aa6-876e9f44d654" storage="TestAssembly.dll">
      <Execution id="9f071cbf-3d4f-46c5-bfe8-ddd4be17e24a" />
      <TestMethod codeBase="TestAssembly.dll" className="TestNamespace.TestClass4" name="Test6336" />
    </UnitTest>
    <UnitTest name="Test6337" id="f79bb59a-349a-4862-9fda-7fe5b5a72b50" storage="TestAssembly.dll">
      <Execution id="6244e3e2-6c33-42cc-bf4f-f46001c4b284" />
      <TestMethod codeBase="TestAssembly.dll" className="TestNamespace.TestClass4" name="Test6337" />
    </UnitTest>
    <UnitTest name="Test6338" id="38159d77-2e27-4ddd-9696-a1444d1e7588" storage="TestAssembly.dll">
      <Execution id="33d97b44-473b-41fc-9b16-1ab821b1ea75" />
      <TestMethod codeBase="TestAssembly.dll" className="TestNamespace.TestClass4" name="Test6338" />
    </UnitTest>
    <UnitTest name="Test6339" id="17e90923-a0a2-4323-b813-4b72e6fd8cc4" storage="TestAssembly.dll">
      <Execution id="f82478a0-ca29-4c3c-a5ef-c31eb8732bf1" />
      <TestMethod codeBase="TestAssembly.dll" className="TestNamespace.TestClass4" name="Test6339" />
    </UnitTest>
    <UnitTest name="Test6340" id="69d48195-a8d7-4c46-a721-538fed3fe3e5" storage="TestAssembly.dll">
      <Execution id="6c9c1243-6f78-4ece-8429-05680f61c393" />
      <TestMethod codeBase="TestAssembly.dll" className="TestNamespace.TestClass4" name="Test6340" />
    </UnitTest>
    <UnitTest name="Test6341" id="fb3828d3-94f1-477a-9c6e-f0b8177c4bb6" storage="TestAssembly.dll">
      <Execution id="063c230c-3a29-4b5d-b168-b0167932ddcb" />
      <TestMethod codeBase="TestAssembly.dll" className="TestNamespace.TestClass5" name="Test6341" />
    </UnitTest>
    <UnitTest name="Test6342" id="d21fd950-8d14-4235-9fd0-cd4089f41ea3" storage="TestAssembly.dll">
      <Execution id="670b1390-5609-4e90-814a-14d2eec32d91" />
      <TestMethod codeBase="TestAssembly.dll" className="TestNamespace.TestClass5" name="Test6342" />
    </UnitTest>
    <UnitTest name="Test6343" id="5937aade-d9d8-45cf-a97d-f22f53d2b70f" storage="TestAssembly.dll">
      <Execution id="8b2331c3-84a2-4533-adab-866e8cb7737e" />
      <TestMethod codeBase="TestAssembly.dll" className="TestNamespace.TestClass5" name="Test6343" />
    </UnitTest>
    <UnitTest name="Test6344" id="115ef88b-7338-4655-a419-6ed1cd75b976" storage="TestAssembly.dll">
      <Execution id="f209a265-c75c-4584-b81d-b61e863791bf" />
      <TestMethod codeBase="TestAssembly.dll" className="TestNamespace.TestClass5" name="Test6344" />
    </UnitTest>
    <UnitTest name="Test6345" id="e37f351e-5297-44e7-b9df-5a0c16c95424" storage="TestAssembly.dll">
      <Execution id="b47174af-39e7-4ef2-8a04-012d1efa336b" />
      <TestMethod codeBase="TestAssembly.dll" className="TestNamespace.TestClass5" name="Test6345" />
    </UnitTest>
    <UnitTest name="Test6346" id="b9de975e-f23e-4caf-905c-a05fdc3a4537" storage="TestAssembly.dll">
      <Execution id="6305a53d-e004-42b6-9820-9df910bfe83b" />
      <TestMethod codeBase="TestAssembly.dll" className="TestNamespace.TestClass5" name="Test6346" />
    </UnitTest>
    <UnitTest name="Test6347" id="5eb18fac-b4d9-404b-a7c1-8b48f959525a" storage="TestAssembly.dll">
      <Execution id="21cbe27f-7643-4e8c-8e9f-fcd77983251f" />
      <TestMethod codeBase="TestAssembly.dll" className="TestNamespace.TestClass5" name="Test6347" />
    </UnitTest>
    <UnitTest name="Test6348" id="b06ba05f-43a8-4bd9-8025-1d9fb01a7643" storage="TestAssembly.dll">
      <Execution id="c19813f7-038e-4c46-b042-2947aac928fe" />
      <TestMethod codeBase="TestAssembly.dll" className="TestNamespace.TestClass5" name="Test6348" />
    </UnitTest>
    <UnitTest name="Test6349" id="431ae49b-cb46-4bd9-a61e-b52061c1a3c0" storage="TestAssembly.dll">
      <Execution id="2bb28fad-e486-4791-a3fe-adc4153b45ad" />
      <TestMethod codeBase="TestAssembly.dll" className="TestNamespace.TestClass5" name="Test6349" />
    </UnitTest>
    <UnitTest name="Test6350" id="6e9e8764-0647-486c-a13f-a19058cfe3ce" storage="TestAssembly.dll">
      <Execution id="aad23d60-f5fd-41fb-be3d-70d82b5714c3" />
      <TestMethod codeBase="TestAssembly.dll" className="TestNamespace.TestClass5" name="Test6350" />
    </UnitTest>
    <UnitTest name="Test6351" id="64ef279f-5315-4614-87d0-81121102fcac" storage="TestAssembly.dll">
      <Execution id="546cc6dc-3afd-4b15-9ae6-77e9ff7e24ba" />
      <TestMethod codeBase="TestAssembly.dll" className="TestNamespace.TestClass6" name="Test6351" />
    </UnitTest>
    <UnitTest name="Test6352" id="8da2e3a1-3608-405e-8145-a188255a5951" storage="TestAssembly.dll">
      <Execution id="cf7c7a6e-cdb2-43b6-832a-8a96b8f8348d" />
      <TestMethod codeBase="TestAssembly.dll" className="TestNamespace.TestClass6" name="Test6352" />
    </UnitTest>
    <UnitTest name="Test6353" id="7242cf22-3fab-41b4-bc89-a0b86ba30d8f" storage="TestAssembly.dll">
      <Execution id="c97a85e0-9da3-49b8-8756-00c7cf4c7f29" />
      <TestMethod codeBase="TestAssembly.dll" className="TestNamespace.TestClass6" name="Test6353" />
    </UnitTest>
    <UnitTest name="Test6354" id="4341caa8-3e80-4ff5-ae64-61efea6fa52d" storage="TestAssembly.dll">
      <Execution id="8d762b3c-9853-4f48-8e03-c6d5f8ba81bd" />
      <TestMethod codeBase="TestAssembly.dll" className="TestNamespace.TestClass6" name="Test6354" />
    </UnitTest>
    <UnitTest name="Test6355" id="34859cb2-6d78-4520-8312-42ea05d0adec" storage="TestAssembly.dll">
      <Execution id="45507bd1-90c6-434d-98c2-d8acdbde5cf7" />
      <TestMethod codeBase="TestAssembly.dll" className="TestNamespace.TestClass6" name="Test6355" />
    </UnitTest>
    <UnitTest name="Test6356" id="b7a7adf7-44b4-4b1b-a420-a3aed5a8e53a" storage="TestAssembly.dll">
      <Execution id="a54fd72b-c99d-4332-b61e-8f3d716190b9" />
      <TestMethod codeBase="TestAssembly.dll" className="TestNamespace.TestClass6" name="Test6356" />
    </UnitTest>
    <UnitTest name="Test6357" id="b9ede20f-aa5a-41aa-a56b-909878359aa9" storage="TestAssembly.dll">
      <Execution id="e9a49127-85dc-420c-b1f4-deda68d0eb39" />
      <TestMethod codeBase="TestAssembly.dll" className="TestNamespace.TestClass6" name="Test6357" />
    </UnitTest>
    <UnitTest name="Test6358" id="235e0755-f049-463f-82be-eabe518c3e15" storage="TestAssembly.dll">
      <Execution id="38b1a365-afd0-4c5a-8e46-c62f1d6497ca" />
      <TestMethod codeBase="TestAssembly.dll" className="TestNamespace.TestClass6" name="Test6358" />
    </UnitTest>
    <UnitTest name="Test6359" id="7a90dfe8-9362-4e18-98a1-61bd88f3c410" storage="TestAssembly.dll">
      <Execution id="f0990569-dbc2-44c6-a3ea-ea30c17a3122" />
      <TestMethod codeBase="TestAssembly.dll" className="TestNamespace.TestClass6" name="Test6359" />
    </UnitTest>
    <UnitTest name="Test6360" id="24e3d8c0-5841-40ac-93b2-073ab3bd4cff" storage="TestAssembly.dll">
      <Execution id="dd02b12e-cf2a-4db3-970d-b6b7036aa19e" />
      <TestMethod codeBase="TestAssembly.dll" className="TestNamespace.TestClass6" name="Test6360" />
    </UnitTest>
    <UnitTest name="Test6361" id="cc653d12-7f02-4285-a7ff-84668886dfb3" storage="TestAssembly.dll">
      <Execution id="fb09ff72-d739-4061-8267-a1c1736f579c" />
      <TestMethod codeBase="TestAssembly.dll" className="TestNamespace.TestClass7" name="Test6361" />
    </UnitTest>
    <UnitTest name="Test6362" id="6e8f6dc7-0d0f-4980-b8bb-766cbcaf7ede" storage="TestAssembly.dll">
      <Execution id="49c42cda-7c1b-4f81-aa0b-5df9a62bccea" />
      <TestMethod codeBase="TestAssembly.dll" className="TestNamespace.TestClass7" name="Test6362" />
    </UnitTest>
    <UnitTest name="Test6363" id="2620941a-3009-43e7-adb1-2dced052392d" storage="TestAssembly.dll">
      <Execution id="b4c69591-4257-41a7-a213-2dc3c6ef9281" />
      <TestMethod codeBase="TestAssembly.dll" className="TestNamespace.TestClass7" name="Test6363" />
    </UnitTest>
    <UnitTest name="Test6364" id="be90e9e2-79ac-49be-ab73-ac08e0b73d7a" storage="TestAssembly.dll">
      <Execution id="d7163e3b-8261-4b6e-acd3-45f1696f334d" />
      <TestMethod codeBase="TestAssembly.dll" className="TestNamespace.TestClass7" name="Test6364" />
    </UnitTest>
    <UnitTest name="Test6365" id="5e29454b-52e1-4f1e-bbc6-a734112dec85" storage="TestAssembly.dll">
      <Execution id="7a7f9441-103b-4082-afef-b31bdd4defc3" />
      <TestMethod codeBase="TestAssembly.dll" className="TestNamespace.TestClass7" name="Test6365" />
    </UnitTest>
    <UnitTest name="Test6366" id="59bc3638-3878-42dc-9f56-ede572e10da8" storage="TestAssembly.dll">
      <Execution id="a76697df-9ccd-4c96-9437-e2fe62ce5a21" />
      <TestMethod codeBase="TestAssembly.dll" className="TestNamespace.TestClass7" name="Test6366" />
    </UnitTest>
    <UnitTest name="Test6367" id="3db03d1e-d739-4677-a7ba-09f0bcffe825" storage="TestAssembly.dll">
      <Execution id="481434b3-0d82-4782-80eb-d236785c52f6" />
      <TestMethod codeBase="TestAssembly.dll" className="TestNamespace.TestClass7" name="Test6367" />
    </UnitTest>
    <UnitTest name="Test6368" id="96bc97fe-e815-43aa-84ba-526630fc0c7e" storage="TestAssembly.dll">
      <Execution id="d457f570-5438-4384-ad84-b12c49ac5811" />
      <TestMethod codeBase="TestAssembly.dll" className="TestNamespace.TestClass7" name="Test6368" />
    </UnitTest>
    <UnitTest name="Test6369" id="621d8356-f57a-4839-8ef6-9aea9438c0b2" storage="TestAssembly.dll">
      <Execution id="6726ece3-bca5-44cc-abfd-10d1dd7f8c25" />
      <TestMethod codeBase="TestAssembly.dll" className="TestNamespace.TestClass7" name="Test6369" />
    </UnitTest>
    <UnitTest name="Test6370" id="fc6e6e2f-6f4d-4c57-abd9-21cf68d0edf6" storage="TestAssembly.dll">
      <Execution id="74ec012e-bdbd-4462-a8fc-c7049360b8ea" />
      <TestMethod codeBase="TestAssembly.dll" className="TestNamespace.TestClass7" name="Test6370" />
    </UnitTest>
    <UnitTest name="Test6371" id="0b2f981a-46b8-473f-af36-b8e661a8e22a" storage="TestAssembly.dll">
      <Execution id="7f265145-5217-4320-8a29-aacfa76d79a7" />
      <TestMethod codeBase="TestAssembly.dll" className="TestNamespace.TestClass8" name="Test6371" />
    </UnitTest>
    <UnitTest name="Test6372" id="fe1df5de-3bf1-41fe-b19f-563122a4f59d" storage="TestAssembly.dll">
      <Execution id="1523d163-7342-451e-994a-eebeef294cc7" />
      <TestMethod codeBase="TestAssembly.dll" className="TestNamespace.TestClass8" name="Test6372" />
    </UnitTest>
    <UnitTest name="Test6373" id="e816d61a-19ff-4c9e-aadc-b075cdf6defd" storage="TestAssembly.dll">
      <Execution id="3124d1a3-3de2-4c78-9959-472fc283862a" />
      <TestMethod codeBase="TestAssembly.dll" className="TestNamespace.TestClass8" name="Test6373" />
    </UnitTest>
    <UnitTest name="Test6374" id="b6b1bf0a-a4ea-4b68-82b9-eacf5c9f6874" storage="TestAssembly.dll">
      <Execution id="17ac506f-5312-4eeb-97fc-3b77bc3641b1" />
      <TestMethod codeBase="TestAssembly.dll" className="TestNamespace.TestClass8" name="Test6374" />
    </UnitTest>
    <UnitTest name="Test6375" id="24d8ae26-2663-4feb-9e14-75aa9cfffe3f" storage="TestAssembly.dll">
      <Execution id="9cd738d9-eb46-46bc-9ae0-5232382af818" />
      <TestMethod codeBase="TestAssembly.dll" className="TestNamespace.TestClass8" name="Test6375" />
    </UnitTest>
    <UnitTest name="Test6376" id="64302358-938b-4d01-ab9f-259709fda4b8" storage="TestAssembly.dll">
      <Execution id="cb04251e-9faf-44b2-a0d0-845ca7c85cd6" />
      <TestMethod codeBase="TestAssembly.dll" className="TestNamespace.TestClass8" name="Test6376" />
    </UnitTest>
    <UnitTest name="Test6377" id="bae56549-7daa-47ea-9eb0-b8300a8eccdc" storage="TestAssembly.dll">
      <Execution id="42204279-efec-46a7-b2fb-86ec771b5c45" />
      <TestMethod codeBase="TestAssembly.dll" className="TestNamespace.TestClass8" name="Test6377" />
    </UnitTest>
    <UnitTest name="Test6378" id="647fdcf6-bf28-4002-b183-8291da82a2ae" storage="TestAssembly.dll">
      <Execution id="7d5199eb-1c7b-45c1-84dd-4348ddcc8434" />
      <TestMethod codeBase="TestAssembly.dll" className="TestNamespace.TestClass8" name="Test6378" />
    </UnitTest>
    <UnitTest name="Test6379" id="14ef7763-c328-4923-a0a8-86de712cbe14" storage="TestAssembly.dll">
      <Execution id="af3e49a0-805f-48bd-ab17-23da43f93fc8" />
      <TestMethod codeBase="TestAssembly.dll" className="TestNamespace.TestClass8" name="Test6379" />
    </UnitTest>
    <UnitTest name="Test6380" id="6915b908-2f97-4e8f-87ba-e070f2f9961e" storage="TestAssembly.dll">
      <Execution id="41c2f2a5-f26e-4b5b-9eb0-027224b6b65f" />
      <TestMethod codeBase="TestAssembly.dll" className="TestNamespace.TestClass8" name="Test6380" />
    </UnitTest>
    <UnitTest name="Test6381" id="289dcb9a-aa38-4342-a08e-9498e07ea2c5" storage="TestAssembly.dll">
      <Execution id="7b5e7a3b-153c-46b4-a983-8364fbe1d676" />
      <TestMethod codeBase="TestAssembly.dll" className="TestNamespace.TestClass9" name="Test6381" />
    </UnitTest>
    <UnitTest name="Test6382" id="4977555d-4706-4004-b766-2da768377e48" storage="TestAssembly.dll">
      <Execution id="95a13e20-cc6d-41a5-a6ab-9484a24da5c0" />
      <TestMethod codeBase="TestAssembly.dll" className="TestNamespace.TestClass9" name="Test6382" />
    </UnitTest>
    <UnitTest name="Test6383" id="3a54a203-bd60-46f0-8472-4512eb519f68" storage="TestAssembly.dll">
      <Execution id="66d7c31b-814f-437a-ae93-6b65cc4465d7" />
      <TestMethod codeBase="TestAssembly.dll" className="TestNamespace.TestClass9" name="Test6383" />
    </UnitTest>
    <UnitTest name="Test6384" id="42b706cf-c8a6-4da1-b819-f83b51ebb89e" storage="TestAssembly.dll">
      <Execution id="21bfd61f-4993-420a-966b-c29da6274493" />
      <TestMethod codeBase="TestAssembly.dll" className="TestNamespace.TestClass9" name="Test6384" />
    </UnitTest>
    <UnitTest name="Test6385" id="0bc6ddb5-4adf-4dd3-9956-4b02833b4339" storage="TestAssembly.dll">
      <Execution id="869c4c38-803a-4a02-9fcd-51ae7c040f50" />
      <TestMethod codeBase="TestAssembly.dll" className="TestNamespace.TestClass9" name="Test6385" />
    </UnitTest>
    <UnitTest name="Test6386" id="4e1df48e-a7ef-4d90-9590-0c4d1004b647" storage="TestAssembly.dll">
      <Execution id="0a8e49ca-b2b4-4c5f-93a3-13dc7f63d912" />
      <TestMethod codeBase="TestAssembly.dll" className="TestNamespace.TestClass9" name="Test6386" />
    </UnitTest>
    <UnitTest name="Test6387" id="a6480aaf-3940-4b3f-9c51-3997c27b977a" storage="TestAssembly.dll">
      <Execution id="d7dcc565-d93f-48b5-99b8-1d55b9019eff" />
      <TestMethod codeBase="TestAssembly.dll" className="TestNamespace.TestClass9" name="Test6387" />
    </UnitTest>
    <UnitTest name="Test6388" id="ce35c134-9fa3-4b4b-a6cd-1c3e31301ee7" storage="TestAssembly.dll">
      <Execution id="4f9aca3e-b255-412e-aba5-a3aa4b160ae3" />
      <TestMethod codeBase="TestAssembly.dll" className="TestNamespace.TestClass9" name="Test6388" />
    </UnitTest>
    <UnitTest name="Test6389" id="96fd0ea2-8c42-4ba0-8cc9-8abce70c0700" storage="TestAssembly.dll">
      <Execution id="1b2cada6-aac4-4f49-ac6b-9398e13a2619" />
      <TestMethod codeBase="TestAssembly.dll" className="TestNamespace.TestClass9" name="Test6389" />
    </UnitTest>
    <UnitTest name="Test6390" id="75927c4f-08c1-4f9e-8ca1-0d24e383bfdf" storage="TestAssembly.dll">
      <Execution id="950826d9-d18d-4193-950e-0f905fb6812a" />
      <TestMethod codeBase="TestAssembly.dll" className="TestNamespace.TestClass9" name="Test6390" />
    </UnitTest>
    <UnitTest name="Test6391" id="c9c5e400-4b68-4e1c-a3b2-1264943b4a8a" storage="TestAssembly.dll">
      <Execution id="abaa30fe-8ab8-4a72-b6ad-ec0fa63496b6" />
      <TestMethod codeBase="TestAssembly.dll" className="TestNamespace.TestClass10" name="Test6391" />
    </UnitTest>
    <UnitTest name="Test6392" id="06e2089d-c422-416f-9803-78aaf5d508d4" storage="TestAssembly.dll">
      <Execution id="920e6da4-be2d-4192-bc5b-ba2dc257f414" />
      <TestMethod codeBase="TestAssembly.dll" className="TestNamespace.TestClass10" name="Test6392" />
    </UnitTest>
    <UnitTest name="Test6393" id="ecb933f8-92d2-4f69-a9ef-20b8be7a9058" storage="TestAssembly.dll">
      <Execution id="9e05a556-e744-4b5f-befb-d146d289d7d5" />
      <TestMethod codeBase="TestAssembly.dll" className="TestNamespace.TestClass10" name="Test6393" />
    </UnitTest>
    <UnitTest name="Test6394" id="5a27725e-2171-4222-96e3-3e79dba1795a" storage="TestAssembly.dll">
      <Execution id="620ced8a-c818-4239-99e7-1e9ab70677b6" />
      <TestMethod codeBase="TestAssembly.dll" className="TestNamespace.TestClass10" name="Test6394" />
    </UnitTest>
    <UnitTest name="Test6395" id="c65a1642-41ad-4b92-a87b-36fa69457414" storage="TestAssembly.dll">
      <Execution id="666012cd-606b-476f-a6a4-3bec7db6ae18" />
      <TestMethod codeBase="TestAssembly.dll" className="TestNamespace.TestClass10" name="Test6395" />
    </UnitTest>
    <UnitTest name="Test6396" id="aea7968b-3779-42eb-90d7-34df5c1c671e" storage="TestAssembly.dll">
      <Execution id="c4f46d71-6f1c-4f41-9c22-d94aaf6f220b" />
      <TestMethod codeBase="TestAssembly.dll" className="TestNamespace.TestClass10" name="Test6396" />
    </UnitTest>
    <UnitTest name="Test6397" id="d22d0b76-bc1f-456b-86a1-0a6900da240a" storage="TestAssembly.dll">
      <Execution id="7722a4cc-e716-4092-8a88-351d5b281a3e" />
      <TestMethod codeBase="TestAssembly.dll" className="TestNamespace.TestClass10" name="Test6397" />
    </UnitTest>
    <UnitTest name="Test6398" id="39e8d60f-647d-44aa-8dc0-f96453337026" storage="TestAssembly.dll">
      <Execution id="1f8ef55d-47e8-4423-8eff-a66a3a8eb79a" />
      <TestMethod codeBase="TestAssembly.dll" className="TestNamespace.TestClass10" name="Test6398" />
    </UnitTest>
    <UnitTest name="Test6399" id="c87ad45a-57a2-4e48-8666-409fea0f1c2b" storage="TestAssembly.dll">
      <Execution id="48807181-542e-40e8-aaf3-3e39c954ff75" />
      <TestMethod codeBase="TestAssembly.dll" className="TestNamespace.TestClass10" name="Test6399" />
    </UnitTest>
    <UnitTest name="Test6400" id="ab2cdf85-79f4-4d87-b553-ec30ca13bc61" storage="TestAssembly.dll">
      <Execution id="66bf879d-8fcc-44b8-8f4a-27e7944569fc" />
      <TestMethod codeBase="TestAssembly.dll" className="TestNamespace.TestClass10" name="Test6400" />
    </UnitTest>
  </TestDefinitions>
  <TestEntries>
    <TestEntry testId="7702dc28-e306-41cd-821f-594b181c8aee" executionId="be0ced5f-f4a0-41dd-8c63-7b5489915e86" testListId="88463071-952a-4254-89b6-28cc58098ac0" />
    <TestEntry testId="43262332-edfc-4dd1-bb59-85c126715e2b" executionId="7390c8f7-d0d3-43cd-8a40-4f84b918cbf8" testListId="88463071-952a-4254-89b6-28cc58098ac0" />
    <TestEntry testId="9f8545ea-9fcc-48c5-8fda-4d7214bb1e5f" executionId="e309496d-9a1f-4497-9605-cd39820b4608" testListId="88463071-952a-4254-89b6-28cc58098ac0" />
    <TestEntry testId="4486588f-5b40-451f-baa9-fb9bb7601a95" executionId="4a27531b-be9e-485a-823d-f5ef1c85ed0b" testListId="88463071-952a-4254-89b6-28cc58098ac0" />
    <TestEntry testId="6b089907-fa35-41fb-ab44-09d49f75a104" executionId="f4c15403-8325-4793-b65a-ee33bf2410b9" testListId="88463071-952a-4254-89b6-28cc58098ac0" />
    <TestEntry testId="c86aa6c8-45af-4a1b-81a4-cbadca260e67" executionId="3343b3bf-8278-44b8-8bcd-4b18a373efd4" testListId="88463071-952a-4254-89b6-28cc58098ac0" />
    <TestEntry testId="a1cc67bb-d677-416b-9f7d-4a11a0695f5f" executionId="36024d9a-c3af-4644-b0db-68d3decb30a7" testListId="88463071-952a-4254-89b6-28cc58098ac0" />
    <TestEntry testId="e6767280-ff4b-4f27-b3a7-d95533ea7d9b" executionId="625a1010-fe7e-48b5-9bd5-c43deeb63e8e" testListId="88463071-952a-4254-89b6-28cc58098ac0" />
    <TestEntry testId="c4596978-7f82-4cdf-9a46-7f7c85b35377" executionId="ad6886b7-c3ec-4696-b4fc-5ecee10144b7" testListId="88463071-952a-4254-89b6-28cc58098ac0" />
    <TestEntry testId="9b0d45b7-a8fe-4b51-b1e6-a49a5bf77348" executionId="8f25c9d8-e87e-4569-82c6-7ed09bb22ad8" testListId="88463071-952a-4254-89b6-28cc58098ac0" />
    <TestEntry testId="9660707c-0961-47a9-b558-29473354cfac" executionId="53688c6d-a322-429c-a9ed-8885b19b7dea" testListId="88463071-952a-4254-89b6-28cc58098ac0" />
    <TestEntry testId="df849a7e-3a90-499c-9c02-9c8aa32ca1dd" executionId="f1a65d00-6420-4df3-963e-0f4eeb7af690" testListId="88463071-952a-4254-89b6-28cc58098ac0" />
    <TestEntry testId="34b27a5e-c78f-4c2e-86d9-e80a0de60b97" executionId="5c875b60-03f1-402f-8d5e-6881dde74503" testListId="88463071-952a-4254-89b6-28cc58098ac0" />
    <TestEntry testId="031c32f6-2713-49d8-8bbf-5ef6d00af59f" executionId="92d30b78-861e-4c00-be7f-c953ef1a2f39" testListId="88463071-952a-4254-89b6-28cc58098ac0" />
    <TestEntry testId="1e32c0af-1425-4323-a628-9953058d319d" executionId="5879c149-cae6-4aee-a89a-38008681fb17" testListId="88463071-952a-4254-89b6-28cc58098ac0" />
    <TestEntry testId="926fdee2-0799-4991-ac81-2bafe836896e" executionId="1695a3c0-79a7-4c56-ad0a-fdbdae922933" testListId="88463071-952a-4254-89b6-28cc58098ac0" />
    <TestEntry testId="332b4586-65e4-4d04-9560-f5f91105f897" executionId="341d7085-345b-4454-958b-90808ddeb604" testListId="88463071-952a-4254-89b6-28cc58098ac0" />
    <TestEntry testId="f9c1f53b-4fa2-489f-86a1-edb6df6feac6" executionId="46938e5d-2380-4ee9-ae96-775d47b406fd" testListId="88463071-952a-4254-89b6-28cc58098ac0" />
    <TestEntry testId="c2412a77-47aa-4c99-9693-e01992d8e590" executionId="7ceb6aee-cb00-4d6e-9acb-77ce103d5d1b" testListId="88463071-952a-4254-89b6-28cc58098ac0" />
    <TestEntry testId="778cff63-4355-4416-a663-643f171b0ca3" executionId="f21c86f0-16de-4a72-99ed-eec4a39ff046" testListId="88463071-952a-4254-89b6-28cc58098ac0" />
    <TestEntry testId="63ce6cb2-5e00-47f9-ab30-150de7f901c4" executionId="2678cc2a-a120-4db3-a5a5-9e188da006d6" testListId="88463071-952a-4254-89b6-28cc58098ac0" />
    <TestEntry testId="2b3457da-9efd-4d80-91fd-c79d9e20a79a" executionId="c4153356-457c-4802-998b-fa03fabdedb7" testListId="88463071-952a-4254-89b6-28cc58098ac0" />
    <TestEntry testId="e474c990-687a-4626-ad4f-0c2051f12f97" executionId="2714efe3-c81c-4276-a7c8-d1ce2722dc97" testListId="88463071-952a-4254-89b6-28cc58098ac0" />
    <TestEntry testId="f8b5c25f-8d43-4886-8b18-5aa04133dacf" executionId="6248076c-8cc1-4b2d-ab48-5b31dbb9043d" testListId="88463071-952a-4254-89b6-28cc58098ac0" />
    <TestEntry testId="5c697a6e-6c19-4af3-a8d6-557f58ed2d5a" executionId="bddd35f1-8c06-4da0-8a8f-102377236d6b" testListId="88463071-952a-4254-89b6-28cc58098ac0" />
    <TestEntry testId="d144ff13-7485-406b-9543-7c4eb3eb284b" executionId="84a175e8-7db3-4315-ac45-d33ed2e83ddd" testListId="88463071-952a-4254-89b6-28cc58098ac0" />
    <TestEntry testId="42e04297-b373-45f1-87b8-8ea2e34698d3" executionId="87c0e923-3d6d-4455-aaf4-fd66b34f4dd1" testListId="88463071-952a-4254-89b6-28cc58098ac0" />
    <TestEntry testId="e7790bcf-a052-460f-9a0f-cae33c5ff025" executionId="e36cea25-aa12-48bb-82c5-b339b6991884" testListId="88463071-952a-4254-89b6-28cc58098ac0" />
    <TestEntry testId="d1d415b3-1cfa-42c4-b643-51527c3c5065" executionId="fc01a9b5-9fcd-40c1-aedb-695ad4df1351" testListId="88463071-952a-4254-89b6-28cc58098ac0" />
    <TestEntry testId="8899058b-da01-41a8-acab-d6e733314770" executionId="d8ecc3c9-92bc-46ce-915e-142b930d95ad" testListId="88463071-952a-4254-89b6-28cc58098ac0" />
    <TestEntry testId="067d5148-8761-4281-b9b3-741011999d35" executionId="d11fd1a6-04c4-4b36-82d9-e8cb858fa1c6" testListId="88463071-952a-4254-89b6-28cc58098ac0" />
    <TestEntry testId="13c7dca6-f369-43e8-b5e3-2c9b89868181" executionId="0d6ecf9a-7751-4b26-9425-2ad077a6371e" testListId="88463071-952a-4254-89b6-28cc58098ac0" />
    <TestEntry testId="0ed55774-42ad-42f7-8ce2-f943c20cf653" executionId="c8c5e143-89c4-42d1-9c0d-204d0560e635" testListId="88463071-952a-4254-89b6-28cc58098ac0" />
    <TestEntry testId="fa7cc013-020a-4f29-9eb0-1b88aa40b79a" executionId="b80e190e-fe05-4d7e-a4fa-85a70c594b82" testListId="88463071-952a-4254-89b6-28cc58098ac0" />
    <TestEntry testId="4874dd85-cb0a-49ee-905c-4bc5c08431f4" executionId="2dd6acb6-a95d-419d-990c-a0fbcd933949" testListId="88463071-952a-4254-89b6-28cc58098ac0" />
    <TestEntry testId="8f9edbf0-6915-4ca4-8aa6-876e9f44d654" executionId="9f071cbf-3d4f-46c5-bfe8-ddd4be17e24a" testListId="88463071-952a-4254-89b6-28cc58098ac0" />
    <TestEntry testId="f79bb59a-349a-4862-9fda-7fe5b5a72b50" executionId="6244e3e2-6c33-42cc-bf4f-f46001c4b284" testListId="88463071-952a-4254-89b6-28cc58098ac0" />
    <TestEntry testId="38159d77-2e27-4ddd-9696-a1444d1e7588" executionId="33d97b44-473b-41fc-9b16-1ab821b1ea75" testListId="88463071-952a-4254-89b6-28cc58098ac0" />
    <TestEntry testId="17e90923-a0a2-4323-b813-4b72e6fd8cc4" executionId="f82478a0-ca29-4c3c-a5ef-c31eb8732bf1" testListId="88463071-952a-4254-89b6-28cc58098ac0" />
    <TestEntry testId="69d48195-a8d7-4c46-a721-538fed3fe3e5" executionId="6c9c1243-6f78-4ece-8429-05680f61c393" testListId="88463071-952a-4254-89b6-28cc58098ac0" />
    <TestEntry testId="fb3828d3-94f1-477a-9c6e-f0b8177c4bb6" executionId="063c230c-3a29-4b5d-b168-b0167932ddcb" testListId="88463071-952a-4254-89b6-28cc58098ac0" />
    <TestEntry testId="d21fd950-8d14-4235-9fd0-cd4089f41ea3" executionId="670b1390-5609-4e90-814a-14d2eec32d91" testListId="88463071-952a-4254-89b6-28cc58098ac0" />
    <TestEntry testId="5937aade-d9d8-45cf-a97d-f22f53d2b70f" executionId="8b2331c3-84a2-4533-adab-866e8cb7737e" testListId="88463071-952a-4254-89b6-28cc58098ac0" />
    <TestEntry testId="115ef88b-7338-4655-a419-6ed1cd75b976" executionId="f209a265-c75c-4584-b81d-b61e863791bf" testListId="88463071-952a-4254-89b6-28cc58098ac0" />
    <TestEntry testId="e37f351e-5297-44e7-b9df-5a0c16c95424" executionId="b47174af-39e7-4ef2-8a04-012d1efa336b" testListId="88463071-952a-4254-89b6-28cc58098ac0" />
    <TestEntry testId="b9de975e-f23e-4caf-905c-a05fdc3a4537" executionId="6305a53d-e004-42b6-9820-9df910bfe83b" testListId="88463071-952a-4254-89b6-28cc58098ac0" />
    <TestEntry testId="5eb18fac-b4d9-404b-a7c1-8b48f959525a" executionId="21cbe27f-7643-4e8c-8e9f-fcd77983251f" testListId="88463071-952a-4254-89b6-28cc58098ac0" />
    <TestEntry testId="b06ba05f-43a8-4bd9-8025-1d9fb01a7643" executionId="c19813f7-038e-4c46-b042-2947aac928fe" testListId="88463071-952a-4254-89b6-28cc58098ac0" />
    <TestEntry testId="431ae49b-cb46-4bd9-a61e-b52061c1a3c0" executionId="2bb28fad-e486-4791-a3fe-adc4153b45ad" testListId="88463071-952a-4254-89b6-28cc58098ac0" />
    <TestEntry testId="6e9e8764-0647-486c-a13f-a19058cfe3ce" executionId="aad23d60-f5fd-41fb-be3d-70d82b5714c3" testListId="88463071-952a-4254-89b6-28cc58098ac0" />
    <TestEntry testId="64ef279f-5315-4614-87d0-81121102fcac" executionId="546cc6dc-3afd-4b15-9ae6-77e9ff7e24ba" testListId="88463071-952a-4254-89b6-28cc58098ac0" />
    <TestEntry testId="8da2e3a1-3608-405e-8145-a188255a5951" executionId="cf7c7a6e-cdb2-43b6-832a-8a96b8f8348d" testListId="88463071-952a-4254-89b6-28cc58098ac0" />
    <TestEntry testId="7242cf22-3fab-41b4-bc89-a0b86ba30d8f" executionId="c97a85e0-9da3-49b8-8756-00c7cf4c7f29" testListId="88463071-952a-4254-89b6-28cc58098ac0" />
    <TestEntry testId="4341caa8-3e80-4ff5-ae64-61efea6fa52d" executionId="8d762b3c-9853-4f48-8e03-c6d5f8ba81bd" testListId="88463071-952a-4254-89b6-28cc58098ac0" />
    <TestEntry testId="34859cb2-6d78-4520-8312-42ea05d0adec" executionId="45507bd1-90c6-434d-98c2-d8acdbde5cf7" testListId="88463071-952a-4254-89b6-28cc58098ac0" />
    <TestEntry testId="b7a7adf7-44b4-4b1b-a420-a3aed5a8e53a" executionId="a54fd72b-c99d-4332-b61e-8f3d716190b9" testListId="88463071-952a-4254-89b6-28cc58098ac0" />
    <TestEntry testId="b9ede20f-aa5a-41aa-a56b-909878359aa9" executionId="e9a49127-85dc-420c-b1f4-deda68d0eb39" testListId="88463071-952a-4254-89b6-28cc58098ac0" />
    <TestEntry testId="235e0755-f049-463f-82be-eabe518c3e15" executionId="38b1a365-afd0-4c5a-8e46-c62f1d6497ca" testListId="88463071-952a-4254-89b6-28cc58098ac0" />
    <TestEntry testId="7a90dfe8-9362-4e18-98a1-61bd88f3c410" executionId="f0990569-dbc2-44c6-a3ea-ea30c17a3122" testListId="88463071-952a-4254-89b6-28cc58098ac0" />
    <TestEntry testId="24e3d8c0-5841-40ac-93b2-073ab3bd4cff" executionId="dd02b12e-cf2a-4db3-970d-b6b7036aa19e" testListId="88463071-952a-4254-89b6-28cc58098ac0" />
    <TestEntry testId="cc653d12-7f02-4285-a7ff-84668886dfb3" executionId="fb09ff72-d739-4061-8267-a1c1736f579c" testListId="88463071-952a-4254-89b6-28cc58098ac0" />
    <TestEntry testId="6e8f6dc7-0d0f-4980-b8bb-766cbcaf7ede" executionId="49c42cda-7c1b-4f81-aa0b-5df9a62bccea" testListId="88463071-952a-4254-89b6-28cc58098ac0" />
    <TestEntry testId="2620941a-3009-43e7-adb1-2dced052392d" executionId="b4c69591-4257-41a7-a213-2dc3c6ef9281" testListId="88463071-952a-4254-89b6-28cc58098ac0" />
    <TestEntry testId="be90e9e2-79ac-49be-ab73-ac08e0b73d7a" executionId="d7163e3b-8261-4b6e-acd3-45f1696f334d" testListId="88463071-952a-4254-89b6-28cc58098ac0" />
    <TestEntry testId="5e29454b-52e1-4f1e-bbc6-a734112dec85" executionId="7a7f9441-103b-4082-afef-b31bdd4defc3" testListId="88463071-952a-4254-89b6-28cc58098ac0" />
    <TestEntry testId="59bc3638-3878-42dc-9f56-ede572e10da8" executionId="a76697df-9ccd-4c96-9437-e2fe62ce5a21" testListId="88463071-952a-4254-89b6-28cc58098ac0" />
    <TestEntry testId="3db03d1e-d739-4677-a7ba-09f0bcffe825" executionId="481434b3-0d82-4782-80eb-d236785c52f6" testListId="88463071-952a-4254-89b6-28cc58098ac0" />
    <TestEntry testId="96bc97fe-e815-43aa-84ba-526630fc0c7e" executionId="d457f570-5438-4384-ad84-b12c49ac5811" testListId="88463071-952a-4254-89b6-28cc58098ac0" />
    <TestEntry testId="621d8356-f57a-4839-8ef6-9aea9438c0b2" executionId="6726ece3-bca5-44cc-abfd-10d1dd7f8c25" testListId="88463071-952a-4254-89b6-28cc58098ac0" />
    <TestEntry testId="fc6e6e2f-6f4d-4c57-abd9-21cf68d0edf6" executionId="74ec012e-bdbd-4462-a8fc-c7049360b8ea" testListId="88463071-952a-4254-89b6-28cc58098ac0" />
    <TestEntry testId="0b2f981a-46b8-473f-af36-b8e661a8e22a" executionId="7f265145-5217-4320-8a29-aacfa76d79a7" testListId="88463071-952a-4254-89b6-28cc58098ac0" />
    <TestEntry testId="fe1df5de-3bf1-41fe-b19f-563122a4f59d" executionId="1523d163-7342-451e-994a-eebeef294cc7" testListId="88463071-952a-4254-89b6-28cc58098ac0" />
    <TestEntry testId="e816d61a-19ff-4c9e-aadc-b075cdf6defd" executionId="3124d1a3-3de2-4c78-9959-472fc283862a" testListId="88463071-952a-4254-89b6-28cc58098ac0" />
    <TestEntry testId="b6b1bf0a-a4ea-4b68-82b9-eacf5c9f6874" executionId="17ac506f-5312-4eeb-97fc-3b77bc3641b1" testListId="88463071-952a-4254-89b6-28cc58098ac0" />
    <TestEntry testId="24d8ae26-2663-4feb-9e14-75aa9cfffe3f" executionId="9cd738d9-eb46-46bc-9ae0-5232382af818" testListId="88463071-952a-4254-89b6-28cc58098ac0" />
    <TestEntry testId="64302358-938b-4d01-ab9f-259709fda4b8" executionId="cb04251e-9faf-44b2-a0d0-845ca7c85cd6" testListId="88463071-952a-4254-89b6-28cc58098ac0" />
    <TestEntry testId="bae56549-7daa-47ea-9eb0-b8300a8eccdc" executionId="42204279-efec-46a7-b2fb-86ec771b5c45" testListId="88463071-952a-4254-89b6-28cc58098ac0" />
    <TestEntry testId="647fdcf6-bf28-4002-b183-8291da82a2ae" executionId="7d5199eb-1c7b-45c1-84dd-4348ddcc8434" testListId="88463071-952a-4254-89b6-28cc58098ac0" />
    <TestEntry testId="14ef7763-c328-4923-a0a8-86de712cbe14" executionId="af3e49a0-805f-48bd-ab17-23da43f93fc8" testListId="88463071-952a-4254-89b6-28cc58098ac0" />
    <TestEntry testId="6915b908-2f97-4e8f-87ba-e070f2f9961e" executionId="41c2f2a5-f26e-4b5b-9eb0-027224b6b65f" testListId="88463071-952a-4254-89b6-28cc58098ac0" />
    <TestEntry testId="289dcb9a-aa38-4342-a08e-9498e07ea2c5" executionId="7b5e7a3b-153c-46b4-a983-8364fbe1d676" testListId="88463071-952a-4254-89b6-28cc58098ac0" />
    <TestEntry testId="4977555d-4706-4004-b766-2da768377e48" executionId="95a13e20-cc6d-41a5-a6ab-9484a24da5c0" testListId="88463071-952a-4254-89b6-28cc58098ac0" />
    <TestEntry testId="3a54a203-bd60-46f0-8472-4512eb519f68" executionId="66d7c31b-814f-437a-ae93-6b65cc4465d7" testListId="88463071-952a-4254-89b6-28cc58098ac0" />
    <TestEntry testId="42b706cf-c8a6-4da1-b819-f83b51ebb89e" executionId="21bfd61f-4993-420a-966b-c29da6274493" testListId="88463071-952a-4254-89b6-28cc58098ac0" />
    <TestEntry testId="0bc6ddb5-4adf-4dd3-9956-4b02833b4339" executionId="869c4c38-803a-4a02-9fcd-51ae7c040f50" testListId="88463071-952a-4254-89b6-28cc58098ac0" />
    <TestEntry testId="4e1df48e-a7ef-4d90-9590-0c4d1004b647" executionId="0a8e49ca-b2b4-4c5f-93a3-13dc7f63d912" testListId="88463071-952a-4254-89b6-28cc58098ac0" />
    <TestEntry testId="a6480aaf-3940-4b3f-9c51-3997c27b977a" executionId="d7dcc565-d93f-48b5-99b8-1d55b9019eff" testListId="88463071-952a-4254-89b6-28cc58098ac0" />
    <TestEntry testId="ce35c134-9fa3-4b4b-a6cd-1c3e31301ee7" executionId="4f9aca3e-b255-412e-aba5-a3aa4b160ae3" testListId="88463071-952a-4254-89b6-28cc58098ac0" />
    <TestEntry testId="96fd0ea2-8c42-4ba0-8cc9-8abce70c0700" executionId="1b2cada6-aac4-4f49-ac6b-9398e13a2619" testListId="88463071-952a-4254-89b6-28cc58098ac0" />
    <TestEntry testId="75927c4f-08c1-4f9e-8ca1-0d24e383bfdf" executionId="950826d9-d18d-4193-950e-0f905fb6812a" testListId="88463071-952a-4254-89b6-28cc58098ac0" />
    <TestEntry testId="c9c5e400-4b68-4e1c-a3b2-1264943b4a8a" executionId="abaa30fe-8ab8-4a72-b6ad-ec0fa63496b6" testListId="88463071-952a-4254-89b6-28cc58098ac0" />
    <TestEntry testId="06e2089d-c422-416f-9803-78aaf5d508d4" executionId="920e6da4-be2d-4192-bc5b-ba2dc257f414" testListId="88463071-952a-4254-89b6-28cc58098ac0" />
    <TestEntry testId="ecb933f8-92d2-4f69-a9ef-20b8be7a9058" executionId="9e05a556-e744-4b5f-befb-d146d289d7d5" testListId="88463071-952a-4254-89b6-28cc58098ac0" />
    <TestEntry testId="5a27725e-2171-4222-96e3-3e79dba1795a" executionId="620ced8a-c818-4239-99e7-1e9ab70677b6" testListId="88463071-952a-4254-89b6-28cc58098ac0" />
    <TestEntry testId="c65a1642-41ad-4b92-a87b-36fa69457414" executionId="666012cd-606b-476f-a6a4-3bec7db6ae18" testListId="88463071-952a-4254-89b6-28cc58098ac0" />
    <TestEntry testId="aea7968b-3779-42eb-90d7-34df5c1c671e" executionId="c4f46d71-6f1c-4f41-9c22-d94aaf6f220b" testListId="88463071-952a-4254-89b6-28cc58098ac0" />
    <TestEntry testId="d22d0b76-bc1f-456b-86a1-0a6900da240a" executionId="7722a4cc-e716-4092-8a88-351d5b281a3e" testListId="88463071-952a-4254-89b6-28cc58098ac0" />
    <TestEntry testId="39e8d60f-647d-44aa-8dc0-f96453337026" executionId="1f8ef55d-47e8-4423-8eff-a66a3a8eb79a" testListId="88463071-952a-4254-89b6-28cc58098ac0" />
    <TestEntry testId="c87ad45a-57a2-4e48-8666-409fea0f1c2b" executionId="48807181-542e-40e8-aaf3-3e39c954ff75" testListId="88463071-952a-4254-89b6-28cc58098ac0" />
    <TestEntry testId="ab2cdf85-79f4-4d87-b553-ec30ca13bc61" executionId="66bf879d-8fcc-44b8-8f4a-27e7944569fc" testListId="88463071-952a-4254-89b6-28cc58098ac0" />
  </TestEntries>
  <TestLists>
    <TestList name="Results Not in a List" id="88463071-952a-4254-89b6-28cc58098ac0" />
    <TestList name="All Loaded Results" id="97ffa799-5d41-433f-bd09-4949663b2a0a" />
  </TestLists>
</TestRun>