<?xml version="1.0" encoding="UTF-8"?>
<TestRun id="f700c612-8aae-4d94-a996-7eb41310a16e" name="Test Run 24" runUser="Oles Galatsan" xmlns="http://microsoft.com/schemas/VisualStudio/TeamTest/2010">
  <Times creation="2025-05-14T13:20:31.3125482Z" queuing="2025-05-14T13:20:31.3125482Z" start="2025-05-14T13:20:31.3146610Z" finish="2025-05-14T13:25:31.3147553Z" />
  <TestSettings name="Test Settings 24" id="4edf7cc2-d654-430e-b9cd-aa6db913ee43" />
  <Results>
    <UnitTestResult executionId="68c4b6ee-2538-4cca-8779-65797c8a7891" testId="e498ea79-703a-4d7a-8e83-3e01d3990b9b" testName="Test2301" computerName="UA-LPT-OGA2" duration="00:00:01.4680000" startTime="2025-05-14T13:20:31.3146610Z" endTime="2025-05-14T13:25:31.3147553Z" testType="13cdc9d9-ddb5-4fa4-a97d-d965ccfc6d4b" outcome="Passed" testListId="c9195df9-a2eb-48b3-911b-fa5fea07be80" />
    <UnitTestResult executionId="f06d2d64-4eec-4d4f-bfdb-20280f1d10a7" testId="65eb9069-a88a-4170-8606-1a83544bd7fc" testName="Test2302" computerName="UA-LPT-OGA2" duration="00:00:00.3650000" startTime="2025-05-14T13:20:31.3146610Z" endTime="2025-05-14T13:25:31.3147553Z" testType="13cdc9d9-ddb5-4fa4-a97d-d965ccfc6d4b" outcome="Passed" testListId="c9195df9-a2eb-48b3-911b-fa5fea07be80" />
    <UnitTestResult executionId="1e689a9e-dd9c-4eaa-96c8-56129adecd8f" testId="32955748-a985-47e4-b2b3-2a61de5b1ea0" testName="Test2303" computerName="UA-LPT-OGA2" duration="00:00:00.5170000" startTime="2025-05-14T13:20:31.3146610Z" endTime="2025-05-14T13:25:31.3147553Z" testType="13cdc9d9-ddb5-4fa4-a97d-d965ccfc6d4b" outcome="Passed" testListId="c9195df9-a2eb-48b3-911b-fa5fea07be80" />
    <UnitTestResult executionId="e65d8480-88ad-4252-befe-7cf84b0626b0" testId="cf5fc475-4ba3-43a7-a168-2050a7e5095e" testName="Test2304" computerName="UA-LPT-OGA2" duration="00:00:00.9150000" startTime="2025-05-14T13:20:31.3146610Z" endTime="2025-05-14T13:25:31.3147553Z" testType="13cdc9d9-ddb5-4fa4-a97d-d965ccfc6d4b" outcome="Passed" testListId="c9195df9-a2eb-48b3-911b-fa5fea07be80" />
    <UnitTestResult executionId="6fadf96e-abae-44fc-9fd1-d6e808dbdcdd" testId="e76c9c47-2346-4429-aa91-bfb19b19b24d" testName="Test2305" computerName="UA-LPT-OGA2" duration="00:00:00.9420000" startTime="2025-05-14T13:20:31.3146610Z" endTime="2025-05-14T13:25:31.3147553Z" testType="13cdc9d9-ddb5-4fa4-a97d-d965ccfc6d4b" outcome="Passed" testListId="c9195df9-a2eb-48b3-911b-fa5fea07be80" />
    <UnitTestResult executionId="4264868f-25dd-442f-9057-27197c77ceab" testId="ce6b9309-3dda-49bc-a99a-5fa819ddddef" testName="Test2306" computerName="UA-LPT-OGA2" duration="00:00:01.7630000" startTime="2025-05-14T13:20:31.3146610Z" endTime="2025-05-14T13:25:31.3147553Z" testType="13cdc9d9-ddb5-4fa4-a97d-d965ccfc6d4b" outcome="Passed" testListId="c9195df9-a2eb-48b3-911b-fa5fea07be80" />
    <UnitTestResult executionId="02f4c135-cc82-497b-8aaa-41b5a242233f" testId="23aa60bc-3644-445d-afd1-4dd740a96fdc" testName="Test2307" computerName="UA-LPT-OGA2" duration="00:00:00.0700000" startTime="2025-05-14T13:20:31.3146610Z" endTime="2025-05-14T13:25:31.3147553Z" testType="13cdc9d9-ddb5-4fa4-a97d-d965ccfc6d4b" outcome="Failed" testListId="c9195df9-a2eb-48b3-911b-fa5fea07be80">
      <Output>
        <ErrorInfo>
          <Message>Assertion failed: Expected value did not match actual value.</Message>
          <StackTrace>   at TestNamespace.TestClass.Test() in TestClass.cs:line 447</StackTrace>
        </ErrorInfo>
      </Output>
    </UnitTestResult>
    <UnitTestResult executionId="b55ebfae-597c-49db-a8f2-4b592f3a9d09" testId="cb14531b-e1ff-402a-86e1-8714f9a89e53" testName="Test2308" computerName="UA-LPT-OGA2" duration="00:00:01.6020000" startTime="2025-05-14T13:20:31.3146610Z" endTime="2025-05-14T13:25:31.3147553Z" testType="13cdc9d9-ddb5-4fa4-a97d-d965ccfc6d4b" outcome="Passed" testListId="c9195df9-a2eb-48b3-911b-fa5fea07be80" />
    <UnitTestResult executionId="6fe33b52-2787-4c29-ad3e-e97d0d51d840" testId="28151c58-f824-4220-92ea-915cfb93748e" testName="Test2309" computerName="UA-LPT-OGA2" duration="00:00:00.5150000" startTime="2025-05-14T13:20:31.3146610Z" endTime="2025-05-14T13:25:31.3147553Z" testType="13cdc9d9-ddb5-4fa4-a97d-d965ccfc6d4b" outcome="Passed" testListId="c9195df9-a2eb-48b3-911b-fa5fea07be80" />
    <UnitTestResult executionId="4e035f73-c349-47ad-9fbd-38bc3c88530c" testId="4759fec3-b9ee-447f-b2a9-df66c34d54be" testName="Test2310" computerName="UA-LPT-OGA2" duration="00:00:01.6220000" startTime="2025-05-14T13:20:31.3146610Z" endTime="2025-05-14T13:25:31.3147553Z" testType="13cdc9d9-ddb5-4fa4-a97d-d965ccfc6d4b" outcome="Passed" testListId="c9195df9-a2eb-48b3-911b-fa5fea07be80" />
    <UnitTestResult executionId="f1af69e1-abee-4d44-a84c-ec0433385185" testId="0a252845-7c50-4540-8a9f-d99e72d089e3" testName="Test2311" computerName="UA-LPT-OGA2" duration="00:00:01.1610000" startTime="2025-05-14T13:20:31.3146610Z" endTime="2025-05-14T13:25:31.3147553Z" testType="13cdc9d9-ddb5-4fa4-a97d-d965ccfc6d4b" outcome="Passed" testListId="c9195df9-a2eb-48b3-911b-fa5fea07be80" />
    <UnitTestResult executionId="a6cb752c-a91f-48a7-a959-eedfbaf8d726" testId="ba1695b8-6c88-48a2-a44f-03336a98d2b2" testName="Test2312" computerName="UA-LPT-OGA2" duration="00:00:00.8620000" startTime="2025-05-14T13:20:31.3146610Z" endTime="2025-05-14T13:25:31.3147553Z" testType="13cdc9d9-ddb5-4fa4-a97d-d965ccfc6d4b" outcome="Passed" testListId="c9195df9-a2eb-48b3-911b-fa5fea07be80" />
    <UnitTestResult executionId="3ea227c5-aef3-4361-af33-f30d3d78d774" testId="5e9caaa9-339b-4381-9a67-d2df86b0dfaf" testName="Test2313" computerName="UA-LPT-OGA2" duration="00:00:01.9740000" startTime="2025-05-14T13:20:31.3146610Z" endTime="2025-05-14T13:25:31.3147553Z" testType="13cdc9d9-ddb5-4fa4-a97d-d965ccfc6d4b" outcome="Passed" testListId="c9195df9-a2eb-48b3-911b-fa5fea07be80" />
    <UnitTestResult executionId="28267e73-da0c-4029-8221-bb5bbc64d23a" testId="8f428666-a4c5-4853-aca9-ce305c35584b" testName="Test2314" computerName="UA-LPT-OGA2" duration="00:00:00.1040000" startTime="2025-05-14T13:20:31.3146610Z" endTime="2025-05-14T13:25:31.3147553Z" testType="13cdc9d9-ddb5-4fa4-a97d-d965ccfc6d4b" outcome="Passed" testListId="c9195df9-a2eb-48b3-911b-fa5fea07be80" />
    <UnitTestResult executionId="d90b4f7b-ef0b-47a8-9e32-79a5fb1ba0eb" testId="81188e7e-1ad2-43b0-829f-3ed6d2fd1ab3" testName="Test2315" computerName="UA-LPT-OGA2" duration="00:00:01.5930000" startTime="2025-05-14T13:20:31.3146610Z" endTime="2025-05-14T13:25:31.3147553Z" testType="13cdc9d9-ddb5-4fa4-a97d-d965ccfc6d4b" outcome="Passed" testListId="c9195df9-a2eb-48b3-911b-fa5fea07be80" />
    <UnitTestResult executionId="912a3491-0c17-4b27-8d64-13bd86f6368e" testId="c580e855-16ce-4741-a15c-e24f2de7bfad" testName="Test2316" computerName="UA-LPT-OGA2" duration="00:00:00.3980000" startTime="2025-05-14T13:20:31.3146610Z" endTime="2025-05-14T13:25:31.3147553Z" testType="13cdc9d9-ddb5-4fa4-a97d-d965ccfc6d4b" outcome="Passed" testListId="c9195df9-a2eb-48b3-911b-fa5fea07be80" />
    <UnitTestResult executionId="f49ddfc1-d914-4acd-8cd9-07ceddfe6b17" testId="84caa49b-6c71-4075-99ba-03af18eaca2f" testName="Test2317" computerName="UA-LPT-OGA2" duration="00:00:00.6740000" startTime="2025-05-14T13:20:31.3146610Z" endTime="2025-05-14T13:25:31.3147553Z" testType="13cdc9d9-ddb5-4fa4-a97d-d965ccfc6d4b" outcome="Passed" testListId="c9195df9-a2eb-48b3-911b-fa5fea07be80" />
    <UnitTestResult executionId="4171328b-c669-4c9a-baad-ba80aed2ab89" testId="a09997e9-c133-44d0-93f0-4e3d7806c3fc" testName="Test2318" computerName="UA-LPT-OGA2" duration="00:00:00.9410000" startTime="2025-05-14T13:20:31.3146610Z" endTime="2025-05-14T13:25:31.3147553Z" testType="13cdc9d9-ddb5-4fa4-a97d-d965ccfc6d4b" outcome="Passed" testListId="c9195df9-a2eb-48b3-911b-fa5fea07be80" />
    <UnitTestResult executionId="008b4d77-679d-476c-aa9e-5c182364f680" testId="1d2c2160-006d-4a69-abf4-9656f7656de3" testName="Test2319" computerName="UA-LPT-OGA2" duration="00:00:00.0110000" startTime="2025-05-14T13:20:31.3146610Z" endTime="2025-05-14T13:25:31.3147553Z" testType="13cdc9d9-ddb5-4fa4-a97d-d965ccfc6d4b" outcome="Passed" testListId="c9195df9-a2eb-48b3-911b-fa5fea07be80" />
    <UnitTestResult executionId="f9f49f63-5ee0-40c1-8465-ac0142980a3a" testId="52b7de00-077f-4372-9d40-8b8b15b6810e" testName="Test2320" computerName="UA-LPT-OGA2" duration="00:00:00.6720000" startTime="2025-05-14T13:20:31.3146610Z" endTime="2025-05-14T13:25:31.3147553Z" testType="13cdc9d9-ddb5-4fa4-a97d-d965ccfc6d4b" outcome="Passed" testListId="c9195df9-a2eb-48b3-911b-fa5fea07be80" />
    <UnitTestResult executionId="9cc31df1-877e-4ec4-94da-84a34044a85b" testId="c44683a8-74ef-40f2-bd0e-a8b30f674a5d" testName="Test2321" computerName="UA-LPT-OGA2" duration="00:00:00.7880000" startTime="2025-05-14T13:20:31.3146610Z" endTime="2025-05-14T13:25:31.3147553Z" testType="13cdc9d9-ddb5-4fa4-a97d-d965ccfc6d4b" outcome="Passed" testListId="c9195df9-a2eb-48b3-911b-fa5fea07be80" />
    <UnitTestResult executionId="cbbf9673-89b2-485a-9ab2-c658bd97f196" testId="789745a0-3474-4267-842b-feb221a21f46" testName="Test2322" computerName="UA-LPT-OGA2" duration="00:00:01.0210000" startTime="2025-05-14T13:20:31.3146610Z" endTime="2025-05-14T13:25:31.3147553Z" testType="13cdc9d9-ddb5-4fa4-a97d-d965ccfc6d4b" outcome="Passed" testListId="c9195df9-a2eb-48b3-911b-fa5fea07be80" />
    <UnitTestResult executionId="2ef8ad61-0f31-4407-b553-6569ec41c27a" testId="22868f26-9f5a-41d7-aaf3-841fa224d4c5" testName="Test2323" computerName="UA-LPT-OGA2" duration="00:00:01.4800000" startTime="2025-05-14T13:20:31.3146610Z" endTime="2025-05-14T13:25:31.3147553Z" testType="13cdc9d9-ddb5-4fa4-a97d-d965ccfc6d4b" outcome="Failed" testListId="c9195df9-a2eb-48b3-911b-fa5fea07be80">
      <Output>
        <ErrorInfo>
          <Message>Assertion failed: Expected value did not match actual value.</Message>
          <StackTrace>   at TestNamespace.TestClass.Test() in TestClass.cs:line 386</StackTrace>
        </ErrorInfo>
      </Output>
    </UnitTestResult>
    <UnitTestResult executionId="e4da63f9-a7b0-470d-83a4-7cf2826813d6" testId="24829a34-5948-4dee-a717-9e01a1f6676a" testName="Test2324" computerName="UA-LPT-OGA2" duration="00:00:00.1800000" startTime="2025-05-14T13:20:31.3146610Z" endTime="2025-05-14T13:25:31.3147553Z" testType="13cdc9d9-ddb5-4fa4-a97d-d965ccfc6d4b" outcome="Passed" testListId="c9195df9-a2eb-48b3-911b-fa5fea07be80" />
    <UnitTestResult executionId="d5a099ed-6bb2-4dd0-8ab1-af8fb44f051d" testId="4029015b-da7a-4fd3-ae84-aae97c3685be" testName="Test2325" computerName="UA-LPT-OGA2" duration="00:00:00.5110000" startTime="2025-05-14T13:20:31.3146610Z" endTime="2025-05-14T13:25:31.3147553Z" testType="13cdc9d9-ddb5-4fa4-a97d-d965ccfc6d4b" outcome="Passed" testListId="c9195df9-a2eb-48b3-911b-fa5fea07be80" />
    <UnitTestResult executionId="f3011e62-5931-47a6-b95d-fe91e52b0cf1" testId="3bb89e17-f9ba-452b-b22e-bd6d88176642" testName="Test2326" computerName="UA-LPT-OGA2" duration="00:00:01.5750000" startTime="2025-05-14T13:20:31.3146610Z" endTime="2025-05-14T13:25:31.3147553Z" testType="13cdc9d9-ddb5-4fa4-a97d-d965ccfc6d4b" outcome="Passed" testListId="c9195df9-a2eb-48b3-911b-fa5fea07be80" />
    <UnitTestResult executionId="fff9b224-7877-4a55-b888-96ba3a8404ae" testId="4f12dd88-4e61-4758-9be3-8b3d59b27d5f" testName="Test2327" computerName="UA-LPT-OGA2" duration="00:00:00.7160000" startTime="2025-05-14T13:20:31.3146610Z" endTime="2025-05-14T13:25:31.3147553Z" testType="13cdc9d9-ddb5-4fa4-a97d-d965ccfc6d4b" outcome="Passed" testListId="c9195df9-a2eb-48b3-911b-fa5fea07be80" />
    <UnitTestResult executionId="e542d10c-2495-4448-abfd-1ec49911406d" testId="53c9b50f-924f-4d0c-bfd4-77f30443151f" testName="Test2328" computerName="UA-LPT-OGA2" duration="00:00:01.3730000" startTime="2025-05-14T13:20:31.3146610Z" endTime="2025-05-14T13:25:31.3147553Z" testType="13cdc9d9-ddb5-4fa4-a97d-d965ccfc6d4b" outcome="Passed" testListId="c9195df9-a2eb-48b3-911b-fa5fea07be80" />
    <UnitTestResult executionId="b48a46b8-6b0e-4229-a720-6b8ad008decb" testId="20692957-0b3e-432c-a153-f25893f9962f" testName="Test2329" computerName="UA-LPT-OGA2" duration="00:00:01.5150000" startTime="2025-05-14T13:20:31.3146610Z" endTime="2025-05-14T13:25:31.3147553Z" testType="13cdc9d9-ddb5-4fa4-a97d-d965ccfc6d4b" outcome="Passed" testListId="c9195df9-a2eb-48b3-911b-fa5fea07be80" />
    <UnitTestResult executionId="774a4d8b-b675-44c7-9cf9-6addd4f45c4d" testId="cf38a6ed-3dad-4c4f-8539-c68409dfd6ee" testName="Test2330" computerName="UA-LPT-OGA2" duration="00:00:01.0840000" startTime="2025-05-14T13:20:31.3146610Z" endTime="2025-05-14T13:25:31.3147553Z" testType="13cdc9d9-ddb5-4fa4-a97d-d965ccfc6d4b" outcome="Failed" testListId="c9195df9-a2eb-48b3-911b-fa5fea07be80">
      <Output>
        <ErrorInfo>
          <Message>Assertion failed: Expected value did not match actual value.</Message>
          <StackTrace>   at TestNamespace.TestClass.Test() in TestClass.cs:line 441</StackTrace>
        </ErrorInfo>
      </Output>
    </UnitTestResult>
    <UnitTestResult executionId="93a5dfcf-3d29-46a1-9800-5f5d77d6a67b" testId="9d4d285f-d5a2-4622-b7f1-704d0a154466" testName="Test2331" computerName="UA-LPT-OGA2" duration="00:00:00.3580000" startTime="2025-05-14T13:20:31.3146610Z" endTime="2025-05-14T13:25:31.3147553Z" testType="13cdc9d9-ddb5-4fa4-a97d-d965ccfc6d4b" outcome="Failed" testListId="c9195df9-a2eb-48b3-911b-fa5fea07be80">
      <Output>
        <ErrorInfo>
          <Message>Assertion failed: Expected value did not match actual value.</Message>
          <StackTrace>   at TestNamespace.TestClass.Test() in TestClass.cs:line 425</StackTrace>
        </ErrorInfo>
      </Output>
    </UnitTestResult>
    <UnitTestResult executionId="1bff8934-4a9a-4606-80e5-ba0bc454b185" testId="87762106-9905-4ead-b5fd-f6f49cc65a19" testName="Test2332" computerName="UA-LPT-OGA2" duration="00:00:00.2370000" startTime="2025-05-14T13:20:31.3146610Z" endTime="2025-05-14T13:25:31.3147553Z" testType="13cdc9d9-ddb5-4fa4-a97d-d965ccfc6d4b" outcome="Passed" testListId="c9195df9-a2eb-48b3-911b-fa5fea07be80" />
    <UnitTestResult executionId="e8efe0ac-0afa-4c28-9e23-4760d1159c08" testId="c4577562-bb21-42e0-9d72-ea0f6d110c28" testName="Test2333" computerName="UA-LPT-OGA2" duration="00:00:01.7600000" startTime="2025-05-14T13:20:31.3146610Z" endTime="2025-05-14T13:25:31.3147553Z" testType="13cdc9d9-ddb5-4fa4-a97d-d965ccfc6d4b" outcome="Passed" testListId="c9195df9-a2eb-48b3-911b-fa5fea07be80" />
    <UnitTestResult executionId="a7aaab97-259c-481c-884e-326f8fb76ad5" testId="ff8c2c71-92c0-4c20-9b24-1b45be75583d" testName="Test2334" computerName="UA-LPT-OGA2" duration="00:00:01.9220000" startTime="2025-05-14T13:20:31.3146610Z" endTime="2025-05-14T13:25:31.3147553Z" testType="13cdc9d9-ddb5-4fa4-a97d-d965ccfc6d4b" outcome="Passed" testListId="c9195df9-a2eb-48b3-911b-fa5fea07be80" />
    <UnitTestResult executionId="8ed89131-ec81-46f1-91fd-f2d2f577c07e" testId="aba57fe8-f053-4c06-82e4-88eb38bde320" testName="Test2335" computerName="UA-LPT-OGA2" duration="00:00:01.0110000" startTime="2025-05-14T13:20:31.3146610Z" endTime="2025-05-14T13:25:31.3147553Z" testType="13cdc9d9-ddb5-4fa4-a97d-d965ccfc6d4b" outcome="Passed" testListId="c9195df9-a2eb-48b3-911b-fa5fea07be80" />
    <UnitTestResult executionId="08c81a13-e9fd-47b8-807f-bf5bdf42f6be" testId="2f820a17-1999-455a-8f79-d66ca871a46a" testName="Test2336" computerName="UA-LPT-OGA2" duration="00:00:01.2010000" startTime="2025-05-14T13:20:31.3146610Z" endTime="2025-05-14T13:25:31.3147553Z" testType="13cdc9d9-ddb5-4fa4-a97d-d965ccfc6d4b" outcome="Passed" testListId="c9195df9-a2eb-48b3-911b-fa5fea07be80" />
    <UnitTestResult executionId="26304a60-072b-4319-ba1e-8bb80bb8157d" testId="9b2962c8-0ba0-4e59-bec7-a4534edabefe" testName="Test2337" computerName="UA-LPT-OGA2" duration="00:00:01.1540000" startTime="2025-05-14T13:20:31.3146610Z" endTime="2025-05-14T13:25:31.3147553Z" testType="13cdc9d9-ddb5-4fa4-a97d-d965ccfc6d4b" outcome="Passed" testListId="c9195df9-a2eb-48b3-911b-fa5fea07be80" />
    <UnitTestResult executionId="ef73b531-7553-4a79-a992-695948eac4c4" testId="5a3529cf-3203-4853-b310-da405172e635" testName="Test2338" computerName="UA-LPT-OGA2" duration="00:00:01.9480000" startTime="2025-05-14T13:20:31.3146610Z" endTime="2025-05-14T13:25:31.3147553Z" testType="13cdc9d9-ddb5-4fa4-a97d-d965ccfc6d4b" outcome="Passed" testListId="c9195df9-a2eb-48b3-911b-fa5fea07be80" />
    <UnitTestResult executionId="4fd5ff7a-e28a-4b34-9369-e462912c85ca" testId="0835b642-e518-47ed-8935-94f989e048f8" testName="Test2339" computerName="UA-LPT-OGA2" duration="00:00:01.4140000" startTime="2025-05-14T13:20:31.3146610Z" endTime="2025-05-14T13:25:31.3147553Z" testType="13cdc9d9-ddb5-4fa4-a97d-d965ccfc6d4b" outcome="Passed" testListId="c9195df9-a2eb-48b3-911b-fa5fea07be80" />
    <UnitTestResult executionId="3942cfec-45ea-4b76-9d11-cfeb2166fcb8" testId="ae5f36eb-b065-4bc0-a7b6-f254eee8bd88" testName="Test2340" computerName="UA-LPT-OGA2" duration="00:00:01.0930000" startTime="2025-05-14T13:20:31.3146610Z" endTime="2025-05-14T13:25:31.3147553Z" testType="13cdc9d9-ddb5-4fa4-a97d-d965ccfc6d4b" outcome="Passed" testListId="c9195df9-a2eb-48b3-911b-fa5fea07be80" />
    <UnitTestResult executionId="2dc50a4f-0269-4474-a300-ddb39a4293fe" testId="aa5c7278-9091-4178-86b5-b3d97f07f2cc" testName="Test2341" computerName="UA-LPT-OGA2" duration="00:00:00.1080000" startTime="2025-05-14T13:20:31.3146610Z" endTime="2025-05-14T13:25:31.3147553Z" testType="13cdc9d9-ddb5-4fa4-a97d-d965ccfc6d4b" outcome="Passed" testListId="c9195df9-a2eb-48b3-911b-fa5fea07be80" />
    <UnitTestResult executionId="a55e0deb-4997-4c72-a696-4040e3b43ffa" testId="c07c23c5-0b8b-475d-ae9b-64796b3be0d1" testName="Test2342" computerName="UA-LPT-OGA2" duration="00:00:00.9540000" startTime="2025-05-14T13:20:31.3146610Z" endTime="2025-05-14T13:25:31.3147553Z" testType="13cdc9d9-ddb5-4fa4-a97d-d965ccfc6d4b" outcome="Passed" testListId="c9195df9-a2eb-48b3-911b-fa5fea07be80" />
    <UnitTestResult executionId="3a8493e7-d6c8-4744-85bc-5751436b043c" testId="b2d5702d-c0fe-4260-b7f1-73f8240bdfdd" testName="Test2343" computerName="UA-LPT-OGA2" duration="00:00:01.9100000" startTime="2025-05-14T13:20:31.3146610Z" endTime="2025-05-14T13:25:31.3147553Z" testType="13cdc9d9-ddb5-4fa4-a97d-d965ccfc6d4b" outcome="Passed" testListId="c9195df9-a2eb-48b3-911b-fa5fea07be80" />
    <UnitTestResult executionId="638269ba-1d41-451c-95fe-e11cf565993c" testId="4acaddcf-bd68-4bda-9dc7-e2b307b1ac63" testName="Test2344" computerName="UA-LPT-OGA2" duration="00:00:01.3740000" startTime="2025-05-14T13:20:31.3146610Z" endTime="2025-05-14T13:25:31.3147553Z" testType="13cdc9d9-ddb5-4fa4-a97d-d965ccfc6d4b" outcome="Passed" testListId="c9195df9-a2eb-48b3-911b-fa5fea07be80" />
    <UnitTestResult executionId="1c306c12-28eb-4ff4-bb04-0dab771457d2" testId="46cf720c-7e24-43ca-be93-12321b3aafc2" testName="Test2345" computerName="UA-LPT-OGA2" duration="00:00:01.7110000" startTime="2025-05-14T13:20:31.3146610Z" endTime="2025-05-14T13:25:31.3147553Z" testType="13cdc9d9-ddb5-4fa4-a97d-d965ccfc6d4b" outcome="Passed" testListId="c9195df9-a2eb-48b3-911b-fa5fea07be80" />
    <UnitTestResult executionId="db31446b-f807-4e3e-acd4-325dbfaf237f" testId="9ccf9600-099b-4dc5-acef-f3c6728357ed" testName="Test2346" computerName="UA-LPT-OGA2" duration="00:00:00.7870000" startTime="2025-05-14T13:20:31.3146610Z" endTime="2025-05-14T13:25:31.3147553Z" testType="13cdc9d9-ddb5-4fa4-a97d-d965ccfc6d4b" outcome="Passed" testListId="c9195df9-a2eb-48b3-911b-fa5fea07be80" />
    <UnitTestResult executionId="7b4e903d-90e1-4ce4-9dd3-bee688f33140" testId="92b3f0ea-eef4-42a5-937d-d68f899488d8" testName="Test2347" computerName="UA-LPT-OGA2" duration="00:00:01.0100000" startTime="2025-05-14T13:20:31.3146610Z" endTime="2025-05-14T13:25:31.3147553Z" testType="13cdc9d9-ddb5-4fa4-a97d-d965ccfc6d4b" outcome="Passed" testListId="c9195df9-a2eb-48b3-911b-fa5fea07be80" />
    <UnitTestResult executionId="0836ae6f-f6c3-4fce-9b1e-42cc86bf2bf8" testId="4dab74b2-5f84-46f8-a207-c725f5a588d6" testName="Test2348" computerName="UA-LPT-OGA2" duration="00:00:00.1890000" startTime="2025-05-14T13:20:31.3146610Z" endTime="2025-05-14T13:25:31.3147553Z" testType="13cdc9d9-ddb5-4fa4-a97d-d965ccfc6d4b" outcome="Passed" testListId="c9195df9-a2eb-48b3-911b-fa5fea07be80" />
    <UnitTestResult executionId="a015613e-ab30-4cfb-b9f3-a1ceca858c9e" testId="cee97b05-3e9a-4627-9ea6-3781dc1596f0" testName="Test2349" computerName="UA-LPT-OGA2" duration="00:00:00.3130000" startTime="2025-05-14T13:20:31.3146610Z" endTime="2025-05-14T13:25:31.3147553Z" testType="13cdc9d9-ddb5-4fa4-a97d-d965ccfc6d4b" outcome="Passed" testListId="c9195df9-a2eb-48b3-911b-fa5fea07be80" />
    <UnitTestResult executionId="c59eec6b-3704-43e5-b2ff-cafe8acaad17" testId="5eeb9fbd-44aa-4eb4-84ef-99988ee4e09a" testName="Test2350" computerName="UA-LPT-OGA2" duration="00:00:01.0760000" startTime="2025-05-14T13:20:31.3146610Z" endTime="2025-05-14T13:25:31.3147553Z" testType="13cdc9d9-ddb5-4fa4-a97d-d965ccfc6d4b" outcome="Passed" testListId="c9195df9-a2eb-48b3-911b-fa5fea07be80" />
    <UnitTestResult executionId="a660860f-d433-4669-960c-5df4565a3a9c" testId="c6ba61f0-c78a-4c33-ab71-9eb3f23d1ed7" testName="Test2351" computerName="UA-LPT-OGA2" duration="00:00:00.4440000" startTime="2025-05-14T13:20:31.3146610Z" endTime="2025-05-14T13:25:31.3147553Z" testType="13cdc9d9-ddb5-4fa4-a97d-d965ccfc6d4b" outcome="Passed" testListId="c9195df9-a2eb-48b3-911b-fa5fea07be80" />
    <UnitTestResult executionId="aeddeb02-e5c2-437c-9745-66dd563300ed" testId="721e1406-aa45-4d52-99da-46cfea941300" testName="Test2352" computerName="UA-LPT-OGA2" duration="00:00:00.6320000" startTime="2025-05-14T13:20:31.3146610Z" endTime="2025-05-14T13:25:31.3147553Z" testType="13cdc9d9-ddb5-4fa4-a97d-d965ccfc6d4b" outcome="Passed" testListId="c9195df9-a2eb-48b3-911b-fa5fea07be80" />
    <UnitTestResult executionId="9ea9dba8-da49-481e-a791-0aa3327746cc" testId="31f113d5-6bbc-4d98-932b-16f7e0c4b179" testName="Test2353" computerName="UA-LPT-OGA2" duration="00:00:00.5550000" startTime="2025-05-14T13:20:31.3146610Z" endTime="2025-05-14T13:25:31.3147553Z" testType="13cdc9d9-ddb5-4fa4-a97d-d965ccfc6d4b" outcome="Passed" testListId="c9195df9-a2eb-48b3-911b-fa5fea07be80" />
    <UnitTestResult executionId="aef85ab3-6880-4af9-b38e-7407e51b5452" testId="26a18ef6-e7b2-4f61-9916-a81146c1b5ff" testName="Test2354" computerName="UA-LPT-OGA2" duration="00:00:00.5530000" startTime="2025-05-14T13:20:31.3146610Z" endTime="2025-05-14T13:25:31.3147553Z" testType="13cdc9d9-ddb5-4fa4-a97d-d965ccfc6d4b" outcome="Passed" testListId="c9195df9-a2eb-48b3-911b-fa5fea07be80" />
    <UnitTestResult executionId="5f76d7ca-4d37-4dbc-aa60-6b3de5b985e9" testId="e1382117-9281-436c-9c88-a16ee4405ca8" testName="Test2355" computerName="UA-LPT-OGA2" duration="00:00:00.7560000" startTime="2025-05-14T13:20:31.3146610Z" endTime="2025-05-14T13:25:31.3147553Z" testType="13cdc9d9-ddb5-4fa4-a97d-d965ccfc6d4b" outcome="Passed" testListId="c9195df9-a2eb-48b3-911b-fa5fea07be80" />
    <UnitTestResult executionId="2ad20153-7870-4245-b959-d55393e80788" testId="96900091-754b-4b67-a3c4-7836cb6b3f90" testName="Test2356" computerName="UA-LPT-OGA2" duration="00:00:00.1330000" startTime="2025-05-14T13:20:31.3146610Z" endTime="2025-05-14T13:25:31.3147553Z" testType="13cdc9d9-ddb5-4fa4-a97d-d965ccfc6d4b" outcome="Passed" testListId="c9195df9-a2eb-48b3-911b-fa5fea07be80" />
    <UnitTestResult executionId="6cfc871b-51e9-4e38-a159-0439e22650dd" testId="019159c1-8cc1-43ad-9d9f-d0d038664feb" testName="Test2357" computerName="UA-LPT-OGA2" duration="00:00:00.5810000" startTime="2025-05-14T13:20:31.3146610Z" endTime="2025-05-14T13:25:31.3147553Z" testType="13cdc9d9-ddb5-4fa4-a97d-d965ccfc6d4b" outcome="Passed" testListId="c9195df9-a2eb-48b3-911b-fa5fea07be80" />
    <UnitTestResult executionId="ab83bf5f-6167-4bb8-8777-c08d15f16032" testId="a0cc6482-a781-41e4-8f79-ac66b58a7062" testName="Test2358" computerName="UA-LPT-OGA2" duration="00:00:00.3010000" startTime="2025-05-14T13:20:31.3146610Z" endTime="2025-05-14T13:25:31.3147553Z" testType="13cdc9d9-ddb5-4fa4-a97d-d965ccfc6d4b" outcome="Passed" testListId="c9195df9-a2eb-48b3-911b-fa5fea07be80" />
    <UnitTestResult executionId="3a441bec-b9ff-4b0c-b41a-7536c5d4e5bb" testId="cce609be-f4b4-436f-a8fa-a3d4194fee1c" testName="Test2359" computerName="UA-LPT-OGA2" duration="00:00:00.9250000" startTime="2025-05-14T13:20:31.3146610Z" endTime="2025-05-14T13:25:31.3147553Z" testType="13cdc9d9-ddb5-4fa4-a97d-d965ccfc6d4b" outcome="Passed" testListId="c9195df9-a2eb-48b3-911b-fa5fea07be80" />
    <UnitTestResult executionId="10dc0a25-b42e-45c0-80d8-1336797c94a2" testId="31a30da7-c9ce-4de5-b524-f665bc9b51ea" testName="Test2360" computerName="UA-LPT-OGA2" duration="00:00:01.4820000" startTime="2025-05-14T13:20:31.3146610Z" endTime="2025-05-14T13:25:31.3147553Z" testType="13cdc9d9-ddb5-4fa4-a97d-d965ccfc6d4b" outcome="Passed" testListId="c9195df9-a2eb-48b3-911b-fa5fea07be80" />
    <UnitTestResult executionId="9a8bf1cc-737a-4704-93e9-bbb6ddb7f957" testId="923634f5-fd18-49fb-9299-54be80d53ec6" testName="Test2361" computerName="UA-LPT-OGA2" duration="00:00:01.8440000" startTime="2025-05-14T13:20:31.3146610Z" endTime="2025-05-14T13:25:31.3147553Z" testType="13cdc9d9-ddb5-4fa4-a97d-d965ccfc6d4b" outcome="Passed" testListId="c9195df9-a2eb-48b3-911b-fa5fea07be80" />
    <UnitTestResult executionId="54e3ac3f-5a5d-4626-a5e5-1d5ae5f512b4" testId="4b31bd45-f7f0-4fbc-99b0-3e90e5582761" testName="Test2362" computerName="UA-LPT-OGA2" duration="00:00:01.6810000" startTime="2025-05-14T13:20:31.3146610Z" endTime="2025-05-14T13:25:31.3147553Z" testType="13cdc9d9-ddb5-4fa4-a97d-d965ccfc6d4b" outcome="Passed" testListId="c9195df9-a2eb-48b3-911b-fa5fea07be80" />
    <UnitTestResult executionId="99890a94-1f06-4e6f-bb70-b3fd227c5f1d" testId="87d642c2-8d43-4b68-b912-e0056e81b8d6" testName="Test2363" computerName="UA-LPT-OGA2" duration="00:00:00.6630000" startTime="2025-05-14T13:20:31.3146610Z" endTime="2025-05-14T13:25:31.3147553Z" testType="13cdc9d9-ddb5-4fa4-a97d-d965ccfc6d4b" outcome="Failed" testListId="c9195df9-a2eb-48b3-911b-fa5fea07be80">
      <Output>
        <ErrorInfo>
          <Message>Assertion failed: Expected value did not match actual value.</Message>
          <StackTrace>   at TestNamespace.TestClass.Test() in TestClass.cs:line 303</StackTrace>
        </ErrorInfo>
      </Output>
    </UnitTestResult>
    <UnitTestResult executionId="57ca18fe-0db2-4479-a7a3-49ef2a872681" testId="807ed2bc-793f-4f3b-84ac-5f8627f555df" testName="Test2364" computerName="UA-LPT-OGA2" duration="00:00:01.2050000" startTime="2025-05-14T13:20:31.3146610Z" endTime="2025-05-14T13:25:31.3147553Z" testType="13cdc9d9-ddb5-4fa4-a97d-d965ccfc6d4b" outcome="Passed" testListId="c9195df9-a2eb-48b3-911b-fa5fea07be80" />
    <UnitTestResult executionId="f07c8b75-eb5a-44fe-b969-db0382a5f449" testId="9283eb99-4755-42e6-b1dc-9746b6d3aadb" testName="Test2365" computerName="UA-LPT-OGA2" duration="00:00:00.1640000" startTime="2025-05-14T13:20:31.3146610Z" endTime="2025-05-14T13:25:31.3147553Z" testType="13cdc9d9-ddb5-4fa4-a97d-d965ccfc6d4b" outcome="Passed" testListId="c9195df9-a2eb-48b3-911b-fa5fea07be80" />
    <UnitTestResult executionId="d6333e72-7f9c-46f1-81c9-15ecde12a904" testId="7cb2a757-b26c-451a-9917-9cc60cee9eb2" testName="Test2366" computerName="UA-LPT-OGA2" duration="00:00:00.7250000" startTime="2025-05-14T13:20:31.3146610Z" endTime="2025-05-14T13:25:31.3147553Z" testType="13cdc9d9-ddb5-4fa4-a97d-d965ccfc6d4b" outcome="Passed" testListId="c9195df9-a2eb-48b3-911b-fa5fea07be80" />
    <UnitTestResult executionId="89390a32-a89f-4a80-bf2f-9f3bdae8b720" testId="b4a2f407-8d66-41cf-ae30-9e5e24019a41" testName="Test2367" computerName="UA-LPT-OGA2" duration="00:00:00.0130000" startTime="2025-05-14T13:20:31.3146610Z" endTime="2025-05-14T13:25:31.3147553Z" testType="13cdc9d9-ddb5-4fa4-a97d-d965ccfc6d4b" outcome="Passed" testListId="c9195df9-a2eb-48b3-911b-fa5fea07be80" />
    <UnitTestResult executionId="7569d965-fef6-4e03-a27b-9acf4602123f" testId="08842292-47f3-48d1-b3f9-68302236c033" testName="Test2368" computerName="UA-LPT-OGA2" duration="00:00:00.4080000" startTime="2025-05-14T13:20:31.3146610Z" endTime="2025-05-14T13:25:31.3147553Z" testType="13cdc9d9-ddb5-4fa4-a97d-d965ccfc6d4b" outcome="Passed" testListId="c9195df9-a2eb-48b3-911b-fa5fea07be80" />
    <UnitTestResult executionId="3c160b15-d724-4f5c-a3ef-6c5a5970ac5a" testId="ae24eb46-c69a-4dc1-9304-9a380b957da4" testName="Test2369" computerName="UA-LPT-OGA2" duration="00:00:01.9650000" startTime="2025-05-14T13:20:31.3146610Z" endTime="2025-05-14T13:25:31.3147553Z" testType="13cdc9d9-ddb5-4fa4-a97d-d965ccfc6d4b" outcome="Passed" testListId="c9195df9-a2eb-48b3-911b-fa5fea07be80" />
    <UnitTestResult executionId="905689c8-40f7-4abf-8920-8e38562afc8c" testId="9426fe3e-02c2-46d1-ae2b-21aa060cba18" testName="Test2370" computerName="UA-LPT-OGA2" duration="00:00:00.1570000" startTime="2025-05-14T13:20:31.3146610Z" endTime="2025-05-14T13:25:31.3147553Z" testType="13cdc9d9-ddb5-4fa4-a97d-d965ccfc6d4b" outcome="Passed" testListId="c9195df9-a2eb-48b3-911b-fa5fea07be80" />
    <UnitTestResult executionId="597f6b3e-6c50-4825-805d-6d2f381f327e" testId="01c57527-d1dd-439a-94d8-361c2bca2670" testName="Test2371" computerName="UA-LPT-OGA2" duration="00:00:01.9410000" startTime="2025-05-14T13:20:31.3146610Z" endTime="2025-05-14T13:25:31.3147553Z" testType="13cdc9d9-ddb5-4fa4-a97d-d965ccfc6d4b" outcome="Passed" testListId="c9195df9-a2eb-48b3-911b-fa5fea07be80" />
    <UnitTestResult executionId="3b1729ab-6c2e-4f68-a4a1-c4050c52704c" testId="67681c04-a8ff-46ec-8fc8-e35b97857c20" testName="Test2372" computerName="UA-LPT-OGA2" duration="00:00:00.3240000" startTime="2025-05-14T13:20:31.3146610Z" endTime="2025-05-14T13:25:31.3147553Z" testType="13cdc9d9-ddb5-4fa4-a97d-d965ccfc6d4b" outcome="Passed" testListId="c9195df9-a2eb-48b3-911b-fa5fea07be80" />
    <UnitTestResult executionId="90d59840-68d8-40ab-a9c0-46b16f428687" testId="1b75dbf3-6972-4bd4-adf0-0b949597d79a" testName="Test2373" computerName="UA-LPT-OGA2" duration="00:00:00.8770000" startTime="2025-05-14T13:20:31.3146610Z" endTime="2025-05-14T13:25:31.3147553Z" testType="13cdc9d9-ddb5-4fa4-a97d-d965ccfc6d4b" outcome="Passed" testListId="c9195df9-a2eb-48b3-911b-fa5fea07be80" />
    <UnitTestResult executionId="5272463a-1d06-4c3d-9151-9070edfadcb4" testId="69e0cff3-3653-465d-8daa-be61520fec3a" testName="Test2374" computerName="UA-LPT-OGA2" duration="00:00:00.4990000" startTime="2025-05-14T13:20:31.3146610Z" endTime="2025-05-14T13:25:31.3147553Z" testType="13cdc9d9-ddb5-4fa4-a97d-d965ccfc6d4b" outcome="Passed" testListId="c9195df9-a2eb-48b3-911b-fa5fea07be80" />
    <UnitTestResult executionId="5634fb24-aefa-42ea-a6f8-d28d67c28ebb" testId="76ee4e75-8fa8-4ae7-8607-1922be6e874b" testName="Test2375" computerName="UA-LPT-OGA2" duration="00:00:00.7190000" startTime="2025-05-14T13:20:31.3146610Z" endTime="2025-05-14T13:25:31.3147553Z" testType="13cdc9d9-ddb5-4fa4-a97d-d965ccfc6d4b" outcome="Failed" testListId="c9195df9-a2eb-48b3-911b-fa5fea07be80">
      <Output>
        <ErrorInfo>
          <Message>Assertion failed: Expected value did not match actual value.</Message>
          <StackTrace>   at TestNamespace.TestClass.Test() in TestClass.cs:line 10</StackTrace>
        </ErrorInfo>
      </Output>
    </UnitTestResult>
    <UnitTestResult executionId="dcba4970-6c18-4e1d-8b93-800beb0889ba" testId="18530c1c-bf6a-4c00-acb8-7b74372e7880" testName="Test2376" computerName="UA-LPT-OGA2" duration="00:00:01.2460000" startTime="2025-05-14T13:20:31.3146610Z" endTime="2025-05-14T13:25:31.3147553Z" testType="13cdc9d9-ddb5-4fa4-a97d-d965ccfc6d4b" outcome="Passed" testListId="c9195df9-a2eb-48b3-911b-fa5fea07be80" />
    <UnitTestResult executionId="f4c82eb4-1b44-4d56-8ab4-28359b4c7af8" testId="13fa0a0d-0106-43b6-b469-94fc4fe5cfeb" testName="Test2377" computerName="UA-LPT-OGA2" duration="00:00:01.5340000" startTime="2025-05-14T13:20:31.3146610Z" endTime="2025-05-14T13:25:31.3147553Z" testType="13cdc9d9-ddb5-4fa4-a97d-d965ccfc6d4b" outcome="Passed" testListId="c9195df9-a2eb-48b3-911b-fa5fea07be80" />
    <UnitTestResult executionId="6c16ed4b-0162-4b01-8ae9-ec2e77a2045e" testId="0b22841b-3f3e-457e-912a-40ffd33f3ab5" testName="Test2378" computerName="UA-LPT-OGA2" duration="00:00:00.5100000" startTime="2025-05-14T13:20:31.3146610Z" endTime="2025-05-14T13:25:31.3147553Z" testType="13cdc9d9-ddb5-4fa4-a97d-d965ccfc6d4b" outcome="Passed" testListId="c9195df9-a2eb-48b3-911b-fa5fea07be80" />
    <UnitTestResult executionId="d7c2f59a-f6ae-484e-adde-5356f8060225" testId="901da0e8-5fed-4fb2-9989-b5d4cbbaa770" testName="Test2379" computerName="UA-LPT-OGA2" duration="00:00:01.9730000" startTime="2025-05-14T13:20:31.3146610Z" endTime="2025-05-14T13:25:31.3147553Z" testType="13cdc9d9-ddb5-4fa4-a97d-d965ccfc6d4b" outcome="Passed" testListId="c9195df9-a2eb-48b3-911b-fa5fea07be80" />
    <UnitTestResult executionId="07a41476-788e-440a-91f2-c21451705789" testId="5a20e982-1a99-4d35-bfeb-d8d4a205561d" testName="Test2380" computerName="UA-LPT-OGA2" duration="00:00:00.8470000" startTime="2025-05-14T13:20:31.3146610Z" endTime="2025-05-14T13:25:31.3147553Z" testType="13cdc9d9-ddb5-4fa4-a97d-d965ccfc6d4b" outcome="Passed" testListId="c9195df9-a2eb-48b3-911b-fa5fea07be80" />
    <UnitTestResult executionId="0187c13b-3ff0-42fc-a187-bdc0eed9fe43" testId="68040fc8-292e-4518-9fb6-cf292cd2a406" testName="Test2381" computerName="UA-LPT-OGA2" duration="00:00:00.6260000" startTime="2025-05-14T13:20:31.3146610Z" endTime="2025-05-14T13:25:31.3147553Z" testType="13cdc9d9-ddb5-4fa4-a97d-d965ccfc6d4b" outcome="Passed" testListId="c9195df9-a2eb-48b3-911b-fa5fea07be80" />
    <UnitTestResult executionId="44d6453c-2263-40ca-afea-269d496f1d6e" testId="9c745750-0b4b-449b-8ad3-06918ff98989" testName="Test2382" computerName="UA-LPT-OGA2" duration="00:00:01.1670000" startTime="2025-05-14T13:20:31.3146610Z" endTime="2025-05-14T13:25:31.3147553Z" testType="13cdc9d9-ddb5-4fa4-a97d-d965ccfc6d4b" outcome="Passed" testListId="c9195df9-a2eb-48b3-911b-fa5fea07be80" />
    <UnitTestResult executionId="aab248dd-9d5b-4512-b714-555f28c2e563" testId="239bcb38-41d2-425c-859a-078235834cf6" testName="Test2383" computerName="UA-LPT-OGA2" duration="00:00:01.3210000" startTime="2025-05-14T13:20:31.3146610Z" endTime="2025-05-14T13:25:31.3147553Z" testType="13cdc9d9-ddb5-4fa4-a97d-d965ccfc6d4b" outcome="Passed" testListId="c9195df9-a2eb-48b3-911b-fa5fea07be80" />
    <UnitTestResult executionId="9b170d93-aa7e-4654-93c3-2979cd4a9f14" testId="bc2c9ff5-c2c7-42ae-b908-d4b3835217ab" testName="Test2384" computerName="UA-LPT-OGA2" duration="00:00:00.0560000" startTime="2025-05-14T13:20:31.3146610Z" endTime="2025-05-14T13:25:31.3147553Z" testType="13cdc9d9-ddb5-4fa4-a97d-d965ccfc6d4b" outcome="Passed" testListId="c9195df9-a2eb-48b3-911b-fa5fea07be80" />
    <UnitTestResult executionId="c4fa08ea-8c54-488d-8c64-02174c349352" testId="f9f32d69-b747-4a2a-8eae-a45d467e781a" testName="Test2385" computerName="UA-LPT-OGA2" duration="00:00:00.3440000" startTime="2025-05-14T13:20:31.3146610Z" endTime="2025-05-14T13:25:31.3147553Z" testType="13cdc9d9-ddb5-4fa4-a97d-d965ccfc6d4b" outcome="Passed" testListId="c9195df9-a2eb-48b3-911b-fa5fea07be80" />
    <UnitTestResult executionId="f742052d-a878-4686-9a5c-bb0f03a41232" testId="bc6e2442-8fe0-4cd4-9a5a-4a33f4925983" testName="Test2386" computerName="UA-LPT-OGA2" duration="00:00:01.9160000" startTime="2025-05-14T13:20:31.3146610Z" endTime="2025-05-14T13:25:31.3147553Z" testType="13cdc9d9-ddb5-4fa4-a97d-d965ccfc6d4b" outcome="Passed" testListId="c9195df9-a2eb-48b3-911b-fa5fea07be80" />
    <UnitTestResult executionId="5822c9de-12bb-48d0-80d7-649bcdac5eb1" testId="83b22c1c-8dbe-4f14-9451-7bca7da0d89f" testName="Test2387" computerName="UA-LPT-OGA2" duration="00:00:01.0640000" startTime="2025-05-14T13:20:31.3146610Z" endTime="2025-05-14T13:25:31.3147553Z" testType="13cdc9d9-ddb5-4fa4-a97d-d965ccfc6d4b" outcome="Passed" testListId="c9195df9-a2eb-48b3-911b-fa5fea07be80" />
    <UnitTestResult executionId="6dbc6d97-395d-4ffd-948d-2d5a352f89d4" testId="c514ab2a-64e9-4c7f-8054-474fa84be2b3" testName="Test2388" computerName="UA-LPT-OGA2" duration="00:00:01.9420000" startTime="2025-05-14T13:20:31.3146610Z" endTime="2025-05-14T13:25:31.3147553Z" testType="13cdc9d9-ddb5-4fa4-a97d-d965ccfc6d4b" outcome="Passed" testListId="c9195df9-a2eb-48b3-911b-fa5fea07be80" />
    <UnitTestResult executionId="46893ad5-f77d-40d0-90dd-be5ba4b46fa4" testId="00243c47-3b08-48ba-87fd-ec11a68360ca" testName="Test2389" computerName="UA-LPT-OGA2" duration="00:00:01.9530000" startTime="2025-05-14T13:20:31.3146610Z" endTime="2025-05-14T13:25:31.3147553Z" testType="13cdc9d9-ddb5-4fa4-a97d-d965ccfc6d4b" outcome="Passed" testListId="c9195df9-a2eb-48b3-911b-fa5fea07be80" />
    <UnitTestResult executionId="09b6728e-7d8d-460a-85af-e20ce36b3db2" testId="e1c9b4e7-655e-4304-bca8-ec86ac676d22" testName="Test2390" computerName="UA-LPT-OGA2" duration="00:00:01.9680000" startTime="2025-05-14T13:20:31.3146610Z" endTime="2025-05-14T13:25:31.3147553Z" testType="13cdc9d9-ddb5-4fa4-a97d-d965ccfc6d4b" outcome="Passed" testListId="c9195df9-a2eb-48b3-911b-fa5fea07be80" />
    <UnitTestResult executionId="75f80bb2-672c-4c76-8ceb-15d14b2037d0" testId="334f2ecf-8c96-421b-a322-2acc4967af18" testName="Test2391" computerName="UA-LPT-OGA2" duration="00:00:00.4890000" startTime="2025-05-14T13:20:31.3146610Z" endTime="2025-05-14T13:25:31.3147553Z" testType="13cdc9d9-ddb5-4fa4-a97d-d965ccfc6d4b" outcome="Passed" testListId="c9195df9-a2eb-48b3-911b-fa5fea07be80" />
    <UnitTestResult executionId="ab74d4df-80a9-4860-9cc3-225141bec23d" testId="d069d883-8335-4cba-ade5-3e568fcaff29" testName="Test2392" computerName="UA-LPT-OGA2" duration="00:00:01.0990000" startTime="2025-05-14T13:20:31.3146610Z" endTime="2025-05-14T13:25:31.3147553Z" testType="13cdc9d9-ddb5-4fa4-a97d-d965ccfc6d4b" outcome="Passed" testListId="c9195df9-a2eb-48b3-911b-fa5fea07be80" />
    <UnitTestResult executionId="d868f656-883d-48f1-9653-1ced1f7908f3" testId="06523a91-2444-40ea-8f93-cb83bb218cf2" testName="Test2393" computerName="UA-LPT-OGA2" duration="00:00:00.3360000" startTime="2025-05-14T13:20:31.3146610Z" endTime="2025-05-14T13:25:31.3147553Z" testType="13cdc9d9-ddb5-4fa4-a97d-d965ccfc6d4b" outcome="Passed" testListId="c9195df9-a2eb-48b3-911b-fa5fea07be80" />
    <UnitTestResult executionId="2b434b9f-56a2-403e-aeba-4388c076696b" testId="37b876f8-8a24-441d-be6a-dde22d894fd4" testName="Test2394" computerName="UA-LPT-OGA2" duration="00:00:00.7350000" startTime="2025-05-14T13:20:31.3146610Z" endTime="2025-05-14T13:25:31.3147553Z" testType="13cdc9d9-ddb5-4fa4-a97d-d965ccfc6d4b" outcome="Passed" testListId="c9195df9-a2eb-48b3-911b-fa5fea07be80" />
    <UnitTestResult executionId="8dcbb679-ac16-47a7-a8ab-a6a8c60c6237" testId="86f91af2-c306-495e-901e-c5fbfd2e0855" testName="Test2395" computerName="UA-LPT-OGA2" duration="00:00:01.9430000" startTime="2025-05-14T13:20:31.3146610Z" endTime="2025-05-14T13:25:31.3147553Z" testType="13cdc9d9-ddb5-4fa4-a97d-d965ccfc6d4b" outcome="Passed" testListId="c9195df9-a2eb-48b3-911b-fa5fea07be80" />
    <UnitTestResult executionId="1401209e-b372-4628-abf0-d99857f6685b" testId="ff878e23-6907-4d70-972f-8ddcaf0370c8" testName="Test2396" computerName="UA-LPT-OGA2" duration="00:00:01.8350000" startTime="2025-05-14T13:20:31.3146610Z" endTime="2025-05-14T13:25:31.3147553Z" testType="13cdc9d9-ddb5-4fa4-a97d-d965ccfc6d4b" outcome="Passed" testListId="c9195df9-a2eb-48b3-911b-fa5fea07be80" />
    <UnitTestResult executionId="fa53614b-d584-49e8-be67-9261093a1721" testId="faced6e4-7776-49e2-910e-c64568a580ce" testName="Test2397" computerName="UA-LPT-OGA2" duration="00:00:01.7760000" startTime="2025-05-14T13:20:31.3146610Z" endTime="2025-05-14T13:25:31.3147553Z" testType="13cdc9d9-ddb5-4fa4-a97d-d965ccfc6d4b" outcome="Passed" testListId="c9195df9-a2eb-48b3-911b-fa5fea07be80" />
    <UnitTestResult executionId="02dd8fda-51d0-4c5c-92e7-d26bdb89f893" testId="a9dc92a2-0bf7-4563-9216-49e5170a8529" testName="Test2398" computerName="UA-LPT-OGA2" duration="00:00:00.3840000" startTime="2025-05-14T13:20:31.3146610Z" endTime="2025-05-14T13:25:31.3147553Z" testType="13cdc9d9-ddb5-4fa4-a97d-d965ccfc6d4b" outcome="Passed" testListId="c9195df9-a2eb-48b3-911b-fa5fea07be80" />
    <UnitTestResult executionId="b8c79378-69ac-4696-8df0-95a6be9de635" testId="04490935-152e-425e-82a3-f8f5bb36dc25" testName="Test2399" computerName="UA-LPT-OGA2" duration="00:00:00.1250000" startTime="2025-05-14T13:20:31.3146610Z" endTime="2025-05-14T13:25:31.3147553Z" testType="13cdc9d9-ddb5-4fa4-a97d-d965ccfc6d4b" outcome="Passed" testListId="c9195df9-a2eb-48b3-911b-fa5fea07be80" />
    <UnitTestResult executionId="85096244-7c41-4d8e-8c26-5e229fe29fa8" testId="baffee76-5764-477e-a6d1-f90c308b0af0" testName="Test2400" computerName="UA-LPT-OGA2" duration="00:00:00.3100000" startTime="2025-05-14T13:20:31.3146610Z" endTime="2025-05-14T13:25:31.3147553Z" testType="13cdc9d9-ddb5-4fa4-a97d-d965ccfc6d4b" outcome="Passed" testListId="c9195df9-a2eb-48b3-911b-fa5fea07be80" />
  </Results>
  <TestDefinitions>
    <UnitTest name="Test2301" id="e498ea79-703a-4d7a-8e83-3e01d3990b9b" storage="TestAssembly.dll">
      <Execution id="68c4b6ee-2538-4cca-8779-65797c8a7891" />
      <TestMethod codeBase="TestAssembly.dll" className="TestNamespace.TestClass1" name="Test2301" />
    </UnitTest>
    <UnitTest name="Test2302" id="65eb9069-a88a-4170-8606-1a83544bd7fc" storage="TestAssembly.dll">
      <Execution id="f06d2d64-4eec-4d4f-bfdb-20280f1d10a7" />
      <TestMethod codeBase="TestAssembly.dll" className="TestNamespace.TestClass1" name="Test2302" />
    </UnitTest>
    <UnitTest name="Test2303" id="32955748-a985-47e4-b2b3-2a61de5b1ea0" storage="TestAssembly.dll">
      <Execution id="1e689a9e-dd9c-4eaa-96c8-56129adecd8f" />
      <TestMethod codeBase="TestAssembly.dll" className="TestNamespace.TestClass1" name="Test2303" />
    </UnitTest>
    <UnitTest name="Test2304" id="cf5fc475-4ba3-43a7-a168-2050a7e5095e" storage="TestAssembly.dll">
      <Execution id="e65d8480-88ad-4252-befe-7cf84b0626b0" />
      <TestMethod codeBase="TestAssembly.dll" className="TestNamespace.TestClass1" name="Test2304" />
    </UnitTest>
    <UnitTest name="Test2305" id="e76c9c47-2346-4429-aa91-bfb19b19b24d" storage="TestAssembly.dll">
      <Execution id="6fadf96e-abae-44fc-9fd1-d6e808dbdcdd" />
      <TestMethod codeBase="TestAssembly.dll" className="TestNamespace.TestClass1" name="Test2305" />
    </UnitTest>
    <UnitTest name="Test2306" id="ce6b9309-3dda-49bc-a99a-5fa819ddddef" storage="TestAssembly.dll">
      <Execution id="4264868f-25dd-442f-9057-27197c77ceab" />
      <TestMethod codeBase="TestAssembly.dll" className="TestNamespace.TestClass1" name="Test2306" />
    </UnitTest>
    <UnitTest name="Test2307" id="23aa60bc-3644-445d-afd1-4dd740a96fdc" storage="TestAssembly.dll">
      <Execution id="02f4c135-cc82-497b-8aaa-41b5a242233f" />
      <TestMethod codeBase="TestAssembly.dll" className="TestNamespace.TestClass1" name="Test2307" />
    </UnitTest>
    <UnitTest name="Test2308" id="cb14531b-e1ff-402a-86e1-8714f9a89e53" storage="TestAssembly.dll">
      <Execution id="b55ebfae-597c-49db-a8f2-4b592f3a9d09" />
      <TestMethod codeBase="TestAssembly.dll" className="TestNamespace.TestClass1" name="Test2308" />
    </UnitTest>
    <UnitTest name="Test2309" id="28151c58-f824-4220-92ea-915cfb93748e" storage="TestAssembly.dll">
      <Execution id="6fe33b52-2787-4c29-ad3e-e97d0d51d840" />
      <TestMethod codeBase="TestAssembly.dll" className="TestNamespace.TestClass1" name="Test2309" />
    </UnitTest>
    <UnitTest name="Test2310" id="4759fec3-b9ee-447f-b2a9-df66c34d54be" storage="TestAssembly.dll">
      <Execution id="4e035f73-c349-47ad-9fbd-38bc3c88530c" />
      <TestMethod codeBase="TestAssembly.dll" className="TestNamespace.TestClass1" name="Test2310" />
    </UnitTest>
    <UnitTest name="Test2311" id="0a252845-7c50-4540-8a9f-d99e72d089e3" storage="TestAssembly.dll">
      <Execution id="f1af69e1-abee-4d44-a84c-ec0433385185" />
      <TestMethod codeBase="TestAssembly.dll" className="TestNamespace.TestClass2" name="Test2311" />
    </UnitTest>
    <UnitTest name="Test2312" id="ba1695b8-6c88-48a2-a44f-03336a98d2b2" storage="TestAssembly.dll">
      <Execution id="a6cb752c-a91f-48a7-a959-eedfbaf8d726" />
      <TestMethod codeBase="TestAssembly.dll" className="TestNamespace.TestClass2" name="Test2312" />
    </UnitTest>
    <UnitTest name="Test2313" id="5e9caaa9-339b-4381-9a67-d2df86b0dfaf" storage="TestAssembly.dll">
      <Execution id="3ea227c5-aef3-4361-af33-f30d3d78d774" />
      <TestMethod codeBase="TestAssembly.dll" className="TestNamespace.TestClass2" name="Test2313" />
    </UnitTest>
    <UnitTest name="Test2314" id="8f428666-a4c5-4853-aca9-ce305c35584b" storage="TestAssembly.dll">
      <Execution id="28267e73-da0c-4029-8221-bb5bbc64d23a" />
      <TestMethod codeBase="TestAssembly.dll" className="TestNamespace.TestClass2" name="Test2314" />
    </UnitTest>
    <UnitTest name="Test2315" id="81188e7e-1ad2-43b0-829f-3ed6d2fd1ab3" storage="TestAssembly.dll">
      <Execution id="d90b4f7b-ef0b-47a8-9e32-79a5fb1ba0eb" />
      <TestMethod codeBase="TestAssembly.dll" className="TestNamespace.TestClass2" name="Test2315" />
    </UnitTest>
    <UnitTest name="Test2316" id="c580e855-16ce-4741-a15c-e24f2de7bfad" storage="TestAssembly.dll">
      <Execution id="912a3491-0c17-4b27-8d64-13bd86f6368e" />
      <TestMethod codeBase="TestAssembly.dll" className="TestNamespace.TestClass2" name="Test2316" />
    </UnitTest>
    <UnitTest name="Test2317" id="84caa49b-6c71-4075-99ba-03af18eaca2f" storage="TestAssembly.dll">
      <Execution id="f49ddfc1-d914-4acd-8cd9-07ceddfe6b17" />
      <TestMethod codeBase="TestAssembly.dll" className="TestNamespace.TestClass2" name="Test2317" />
    </UnitTest>
    <UnitTest name="Test2318" id="a09997e9-c133-44d0-93f0-4e3d7806c3fc" storage="TestAssembly.dll">
      <Execution id="4171328b-c669-4c9a-baad-ba80aed2ab89" />
      <TestMethod codeBase="TestAssembly.dll" className="TestNamespace.TestClass2" name="Test2318" />
    </UnitTest>
    <UnitTest name="Test2319" id="1d2c2160-006d-4a69-abf4-9656f7656de3" storage="TestAssembly.dll">
      <Execution id="008b4d77-679d-476c-aa9e-5c182364f680" />
      <TestMethod codeBase="TestAssembly.dll" className="TestNamespace.TestClass2" name="Test2319" />
    </UnitTest>
    <UnitTest name="Test2320" id="52b7de00-077f-4372-9d40-8b8b15b6810e" storage="TestAssembly.dll">
      <Execution id="f9f49f63-5ee0-40c1-8465-ac0142980a3a" />
      <TestMethod codeBase="TestAssembly.dll" className="TestNamespace.TestClass2" name="Test2320" />
    </UnitTest>
    <UnitTest name="Test2321" id="c44683a8-74ef-40f2-bd0e-a8b30f674a5d" storage="TestAssembly.dll">
      <Execution id="9cc31df1-877e-4ec4-94da-84a34044a85b" />
      <TestMethod codeBase="TestAssembly.dll" className="TestNamespace.TestClass3" name="Test2321" />
    </UnitTest>
    <UnitTest name="Test2322" id="789745a0-3474-4267-842b-feb221a21f46" storage="TestAssembly.dll">
      <Execution id="cbbf9673-89b2-485a-9ab2-c658bd97f196" />
      <TestMethod codeBase="TestAssembly.dll" className="TestNamespace.TestClass3" name="Test2322" />
    </UnitTest>
    <UnitTest name="Test2323" id="22868f26-9f5a-41d7-aaf3-841fa224d4c5" storage="TestAssembly.dll">
      <Execution id="2ef8ad61-0f31-4407-b553-6569ec41c27a" />
      <TestMethod codeBase="TestAssembly.dll" className="TestNamespace.TestClass3" name="Test2323" />
    </UnitTest>
    <UnitTest name="Test2324" id="24829a34-5948-4dee-a717-9e01a1f6676a" storage="TestAssembly.dll">
      <Execution id="e4da63f9-a7b0-470d-83a4-7cf2826813d6" />
      <TestMethod codeBase="TestAssembly.dll" className="TestNamespace.TestClass3" name="Test2324" />
    </UnitTest>
    <UnitTest name="Test2325" id="4029015b-da7a-4fd3-ae84-aae97c3685be" storage="TestAssembly.dll">
      <Execution id="d5a099ed-6bb2-4dd0-8ab1-af8fb44f051d" />
      <TestMethod codeBase="TestAssembly.dll" className="TestNamespace.TestClass3" name="Test2325" />
    </UnitTest>
    <UnitTest name="Test2326" id="3bb89e17-f9ba-452b-b22e-bd6d88176642" storage="TestAssembly.dll">
      <Execution id="f3011e62-5931-47a6-b95d-fe91e52b0cf1" />
      <TestMethod codeBase="TestAssembly.dll" className="TestNamespace.TestClass3" name="Test2326" />
    </UnitTest>
    <UnitTest name="Test2327" id="4f12dd88-4e61-4758-9be3-8b3d59b27d5f" storage="TestAssembly.dll">
      <Execution id="fff9b224-7877-4a55-b888-96ba3a8404ae" />
      <TestMethod codeBase="TestAssembly.dll" className="TestNamespace.TestClass3" name="Test2327" />
    </UnitTest>
    <UnitTest name="Test2328" id="53c9b50f-924f-4d0c-bfd4-77f30443151f" storage="TestAssembly.dll">
      <Execution id="e542d10c-2495-4448-abfd-1ec49911406d" />
      <TestMethod codeBase="TestAssembly.dll" className="TestNamespace.TestClass3" name="Test2328" />
    </UnitTest>
    <UnitTest name="Test2329" id="20692957-0b3e-432c-a153-f25893f9962f" storage="TestAssembly.dll">
      <Execution id="b48a46b8-6b0e-4229-a720-6b8ad008decb" />
      <TestMethod codeBase="TestAssembly.dll" className="TestNamespace.TestClass3" name="Test2329" />
    </UnitTest>
    <UnitTest name="Test2330" id="cf38a6ed-3dad-4c4f-8539-c68409dfd6ee" storage="TestAssembly.dll">
      <Execution id="774a4d8b-b675-44c7-9cf9-6addd4f45c4d" />
      <TestMethod codeBase="TestAssembly.dll" className="TestNamespace.TestClass3" name="Test2330" />
    </UnitTest>
    <UnitTest name="Test2331" id="9d4d285f-d5a2-4622-b7f1-704d0a154466" storage="TestAssembly.dll">
      <Execution id="93a5dfcf-3d29-46a1-9800-5f5d77d6a67b" />
      <TestMethod codeBase="TestAssembly.dll" className="TestNamespace.TestClass4" name="Test2331" />
    </UnitTest>
    <UnitTest name="Test2332" id="87762106-9905-4ead-b5fd-f6f49cc65a19" storage="TestAssembly.dll">
      <Execution id="1bff8934-4a9a-4606-80e5-ba0bc454b185" />
      <TestMethod codeBase="TestAssembly.dll" className="TestNamespace.TestClass4" name="Test2332" />
    </UnitTest>
    <UnitTest name="Test2333" id="c4577562-bb21-42e0-9d72-ea0f6d110c28" storage="TestAssembly.dll">
      <Execution id="e8efe0ac-0afa-4c28-9e23-4760d1159c08" />
      <TestMethod codeBase="TestAssembly.dll" className="TestNamespace.TestClass4" name="Test2333" />
    </UnitTest>
    <UnitTest name="Test2334" id="ff8c2c71-92c0-4c20-9b24-1b45be75583d" storage="TestAssembly.dll">
      <Execution id="a7aaab97-259c-481c-884e-326f8fb76ad5" />
      <TestMethod codeBase="TestAssembly.dll" className="TestNamespace.TestClass4" name="Test2334" />
    </UnitTest>
    <UnitTest name="Test2335" id="aba57fe8-f053-4c06-82e4-88eb38bde320" storage="TestAssembly.dll">
      <Execution id="8ed89131-ec81-46f1-91fd-f2d2f577c07e" />
      <TestMethod codeBase="TestAssembly.dll" className="TestNamespace.TestClass4" name="Test2335" />
    </UnitTest>
    <UnitTest name="Test2336" id="2f820a17-1999-455a-8f79-d66ca871a46a" storage="TestAssembly.dll">
      <Execution id="08c81a13-e9fd-47b8-807f-bf5bdf42f6be" />
      <TestMethod codeBase="TestAssembly.dll" className="TestNamespace.TestClass4" name="Test2336" />
    </UnitTest>
    <UnitTest name="Test2337" id="9b2962c8-0ba0-4e59-bec7-a4534edabefe" storage="TestAssembly.dll">
      <Execution id="26304a60-072b-4319-ba1e-8bb80bb8157d" />
      <TestMethod codeBase="TestAssembly.dll" className="TestNamespace.TestClass4" name="Test2337" />
    </UnitTest>
    <UnitTest name="Test2338" id="5a3529cf-3203-4853-b310-da405172e635" storage="TestAssembly.dll">
      <Execution id="ef73b531-7553-4a79-a992-695948eac4c4" />
      <TestMethod codeBase="TestAssembly.dll" className="TestNamespace.TestClass4" name="Test2338" />
    </UnitTest>
    <UnitTest name="Test2339" id="0835b642-e518-47ed-8935-94f989e048f8" storage="TestAssembly.dll">
      <Execution id="4fd5ff7a-e28a-4b34-9369-e462912c85ca" />
      <TestMethod codeBase="TestAssembly.dll" className="TestNamespace.TestClass4" name="Test2339" />
    </UnitTest>
    <UnitTest name="Test2340" id="ae5f36eb-b065-4bc0-a7b6-f254eee8bd88" storage="TestAssembly.dll">
      <Execution id="3942cfec-45ea-4b76-9d11-cfeb2166fcb8" />
      <TestMethod codeBase="TestAssembly.dll" className="TestNamespace.TestClass4" name="Test2340" />
    </UnitTest>
    <UnitTest name="Test2341" id="aa5c7278-9091-4178-86b5-b3d97f07f2cc" storage="TestAssembly.dll">
      <Execution id="2dc50a4f-0269-4474-a300-ddb39a4293fe" />
      <TestMethod codeBase="TestAssembly.dll" className="TestNamespace.TestClass5" name="Test2341" />
    </UnitTest>
    <UnitTest name="Test2342" id="c07c23c5-0b8b-475d-ae9b-64796b3be0d1" storage="TestAssembly.dll">
      <Execution id="a55e0deb-4997-4c72-a696-4040e3b43ffa" />
      <TestMethod codeBase="TestAssembly.dll" className="TestNamespace.TestClass5" name="Test2342" />
    </UnitTest>
    <UnitTest name="Test2343" id="b2d5702d-c0fe-4260-b7f1-73f8240bdfdd" storage="TestAssembly.dll">
      <Execution id="3a8493e7-d6c8-4744-85bc-5751436b043c" />
      <TestMethod codeBase="TestAssembly.dll" className="TestNamespace.TestClass5" name="Test2343" />
    </UnitTest>
    <UnitTest name="Test2344" id="4acaddcf-bd68-4bda-9dc7-e2b307b1ac63" storage="TestAssembly.dll">
      <Execution id="638269ba-1d41-451c-95fe-e11cf565993c" />
      <TestMethod codeBase="TestAssembly.dll" className="TestNamespace.TestClass5" name="Test2344" />
    </UnitTest>
    <UnitTest name="Test2345" id="46cf720c-7e24-43ca-be93-12321b3aafc2" storage="TestAssembly.dll">
      <Execution id="1c306c12-28eb-4ff4-bb04-0dab771457d2" />
      <TestMethod codeBase="TestAssembly.dll" className="TestNamespace.TestClass5" name="Test2345" />
    </UnitTest>
    <UnitTest name="Test2346" id="9ccf9600-099b-4dc5-acef-f3c6728357ed" storage="TestAssembly.dll">
      <Execution id="db31446b-f807-4e3e-acd4-325dbfaf237f" />
      <TestMethod codeBase="TestAssembly.dll" className="TestNamespace.TestClass5" name="Test2346" />
    </UnitTest>
    <UnitTest name="Test2347" id="92b3f0ea-eef4-42a5-937d-d68f899488d8" storage="TestAssembly.dll">
      <Execution id="7b4e903d-90e1-4ce4-9dd3-bee688f33140" />
      <TestMethod codeBase="TestAssembly.dll" className="TestNamespace.TestClass5" name="Test2347" />
    </UnitTest>
    <UnitTest name="Test2348" id="4dab74b2-5f84-46f8-a207-c725f5a588d6" storage="TestAssembly.dll">
      <Execution id="0836ae6f-f6c3-4fce-9b1e-42cc86bf2bf8" />
      <TestMethod codeBase="TestAssembly.dll" className="TestNamespace.TestClass5" name="Test2348" />
    </UnitTest>
    <UnitTest name="Test2349" id="cee97b05-3e9a-4627-9ea6-3781dc1596f0" storage="TestAssembly.dll">
      <Execution id="a015613e-ab30-4cfb-b9f3-a1ceca858c9e" />
      <TestMethod codeBase="TestAssembly.dll" className="TestNamespace.TestClass5" name="Test2349" />
    </UnitTest>
    <UnitTest name="Test2350" id="5eeb9fbd-44aa-4eb4-84ef-99988ee4e09a" storage="TestAssembly.dll">
      <Execution id="c59eec6b-3704-43e5-b2ff-cafe8acaad17" />
      <TestMethod codeBase="TestAssembly.dll" className="TestNamespace.TestClass5" name="Test2350" />
    </UnitTest>
    <UnitTest name="Test2351" id="c6ba61f0-c78a-4c33-ab71-9eb3f23d1ed7" storage="TestAssembly.dll">
      <Execution id="a660860f-d433-4669-960c-5df4565a3a9c" />
      <TestMethod codeBase="TestAssembly.dll" className="TestNamespace.TestClass6" name="Test2351" />
    </UnitTest>
    <UnitTest name="Test2352" id="721e1406-aa45-4d52-99da-46cfea941300" storage="TestAssembly.dll">
      <Execution id="aeddeb02-e5c2-437c-9745-66dd563300ed" />
      <TestMethod codeBase="TestAssembly.dll" className="TestNamespace.TestClass6" name="Test2352" />
    </UnitTest>
    <UnitTest name="Test2353" id="31f113d5-6bbc-4d98-932b-16f7e0c4b179" storage="TestAssembly.dll">
      <Execution id="9ea9dba8-da49-481e-a791-0aa3327746cc" />
      <TestMethod codeBase="TestAssembly.dll" className="TestNamespace.TestClass6" name="Test2353" />
    </UnitTest>
    <UnitTest name="Test2354" id="26a18ef6-e7b2-4f61-9916-a81146c1b5ff" storage="TestAssembly.dll">
      <Execution id="aef85ab3-6880-4af9-b38e-7407e51b5452" />
      <TestMethod codeBase="TestAssembly.dll" className="TestNamespace.TestClass6" name="Test2354" />
    </UnitTest>
    <UnitTest name="Test2355" id="e1382117-9281-436c-9c88-a16ee4405ca8" storage="TestAssembly.dll">
      <Execution id="5f76d7ca-4d37-4dbc-aa60-6b3de5b985e9" />
      <TestMethod codeBase="TestAssembly.dll" className="TestNamespace.TestClass6" name="Test2355" />
    </UnitTest>
    <UnitTest name="Test2356" id="96900091-754b-4b67-a3c4-7836cb6b3f90" storage="TestAssembly.dll">
      <Execution id="2ad20153-7870-4245-b959-d55393e80788" />
      <TestMethod codeBase="TestAssembly.dll" className="TestNamespace.TestClass6" name="Test2356" />
    </UnitTest>
    <UnitTest name="Test2357" id="019159c1-8cc1-43ad-9d9f-d0d038664feb" storage="TestAssembly.dll">
      <Execution id="6cfc871b-51e9-4e38-a159-0439e22650dd" />
      <TestMethod codeBase="TestAssembly.dll" className="TestNamespace.TestClass6" name="Test2357" />
    </UnitTest>
    <UnitTest name="Test2358" id="a0cc6482-a781-41e4-8f79-ac66b58a7062" storage="TestAssembly.dll">
      <Execution id="ab83bf5f-6167-4bb8-8777-c08d15f16032" />
      <TestMethod codeBase="TestAssembly.dll" className="TestNamespace.TestClass6" name="Test2358" />
    </UnitTest>
    <UnitTest name="Test2359" id="cce609be-f4b4-436f-a8fa-a3d4194fee1c" storage="TestAssembly.dll">
      <Execution id="3a441bec-b9ff-4b0c-b41a-7536c5d4e5bb" />
      <TestMethod codeBase="TestAssembly.dll" className="TestNamespace.TestClass6" name="Test2359" />
    </UnitTest>
    <UnitTest name="Test2360" id="31a30da7-c9ce-4de5-b524-f665bc9b51ea" storage="TestAssembly.dll">
      <Execution id="10dc0a25-b42e-45c0-80d8-1336797c94a2" />
      <TestMethod codeBase="TestAssembly.dll" className="TestNamespace.TestClass6" name="Test2360" />
    </UnitTest>
    <UnitTest name="Test2361" id="923634f5-fd18-49fb-9299-54be80d53ec6" storage="TestAssembly.dll">
      <Execution id="9a8bf1cc-737a-4704-93e9-bbb6ddb7f957" />
      <TestMethod codeBase="TestAssembly.dll" className="TestNamespace.TestClass7" name="Test2361" />
    </UnitTest>
    <UnitTest name="Test2362" id="4b31bd45-f7f0-4fbc-99b0-3e90e5582761" storage="TestAssembly.dll">
      <Execution id="54e3ac3f-5a5d-4626-a5e5-1d5ae5f512b4" />
      <TestMethod codeBase="TestAssembly.dll" className="TestNamespace.TestClass7" name="Test2362" />
    </UnitTest>
    <UnitTest name="Test2363" id="87d642c2-8d43-4b68-b912-e0056e81b8d6" storage="TestAssembly.dll">
      <Execution id="99890a94-1f06-4e6f-bb70-b3fd227c5f1d" />
      <TestMethod codeBase="TestAssembly.dll" className="TestNamespace.TestClass7" name="Test2363" />
    </UnitTest>
    <UnitTest name="Test2364" id="807ed2bc-793f-4f3b-84ac-5f8627f555df" storage="TestAssembly.dll">
      <Execution id="57ca18fe-0db2-4479-a7a3-49ef2a872681" />
      <TestMethod codeBase="TestAssembly.dll" className="TestNamespace.TestClass7" name="Test2364" />
    </UnitTest>
    <UnitTest name="Test2365" id="9283eb99-4755-42e6-b1dc-9746b6d3aadb" storage="TestAssembly.dll">
      <Execution id="f07c8b75-eb5a-44fe-b969-db0382a5f449" />
      <TestMethod codeBase="TestAssembly.dll" className="TestNamespace.TestClass7" name="Test2365" />
    </UnitTest>
    <UnitTest name="Test2366" id="7cb2a757-b26c-451a-9917-9cc60cee9eb2" storage="TestAssembly.dll">
      <Execution id="d6333e72-7f9c-46f1-81c9-15ecde12a904" />
      <TestMethod codeBase="TestAssembly.dll" className="TestNamespace.TestClass7" name="Test2366" />
    </UnitTest>
    <UnitTest name="Test2367" id="b4a2f407-8d66-41cf-ae30-9e5e24019a41" storage="TestAssembly.dll">
      <Execution id="89390a32-a89f-4a80-bf2f-9f3bdae8b720" />
      <TestMethod codeBase="TestAssembly.dll" className="TestNamespace.TestClass7" name="Test2367" />
    </UnitTest>
    <UnitTest name="Test2368" id="08842292-47f3-48d1-b3f9-68302236c033" storage="TestAssembly.dll">
      <Execution id="7569d965-fef6-4e03-a27b-9acf4602123f" />
      <TestMethod codeBase="TestAssembly.dll" className="TestNamespace.TestClass7" name="Test2368" />
    </UnitTest>
    <UnitTest name="Test2369" id="ae24eb46-c69a-4dc1-9304-9a380b957da4" storage="TestAssembly.dll">
      <Execution id="3c160b15-d724-4f5c-a3ef-6c5a5970ac5a" />
      <TestMethod codeBase="TestAssembly.dll" className="TestNamespace.TestClass7" name="Test2369" />
    </UnitTest>
    <UnitTest name="Test2370" id="9426fe3e-02c2-46d1-ae2b-21aa060cba18" storage="TestAssembly.dll">
      <Execution id="905689c8-40f7-4abf-8920-8e38562afc8c" />
      <TestMethod codeBase="TestAssembly.dll" className="TestNamespace.TestClass7" name="Test2370" />
    </UnitTest>
    <UnitTest name="Test2371" id="01c57527-d1dd-439a-94d8-361c2bca2670" storage="TestAssembly.dll">
      <Execution id="597f6b3e-6c50-4825-805d-6d2f381f327e" />
      <TestMethod codeBase="TestAssembly.dll" className="TestNamespace.TestClass8" name="Test2371" />
    </UnitTest>
    <UnitTest name="Test2372" id="67681c04-a8ff-46ec-8fc8-e35b97857c20" storage="TestAssembly.dll">
      <Execution id="3b1729ab-6c2e-4f68-a4a1-c4050c52704c" />
      <TestMethod codeBase="TestAssembly.dll" className="TestNamespace.TestClass8" name="Test2372" />
    </UnitTest>
    <UnitTest name="Test2373" id="1b75dbf3-6972-4bd4-adf0-0b949597d79a" storage="TestAssembly.dll">
      <Execution id="90d59840-68d8-40ab-a9c0-46b16f428687" />
      <TestMethod codeBase="TestAssembly.dll" className="TestNamespace.TestClass8" name="Test2373" />
    </UnitTest>
    <UnitTest name="Test2374" id="69e0cff3-3653-465d-8daa-be61520fec3a" storage="TestAssembly.dll">
      <Execution id="5272463a-1d06-4c3d-9151-9070edfadcb4" />
      <TestMethod codeBase="TestAssembly.dll" className="TestNamespace.TestClass8" name="Test2374" />
    </UnitTest>
    <UnitTest name="Test2375" id="76ee4e75-8fa8-4ae7-8607-1922be6e874b" storage="TestAssembly.dll">
      <Execution id="5634fb24-aefa-42ea-a6f8-d28d67c28ebb" />
      <TestMethod codeBase="TestAssembly.dll" className="TestNamespace.TestClass8" name="Test2375" />
    </UnitTest>
    <UnitTest name="Test2376" id="18530c1c-bf6a-4c00-acb8-7b74372e7880" storage="TestAssembly.dll">
      <Execution id="dcba4970-6c18-4e1d-8b93-800beb0889ba" />
      <TestMethod codeBase="TestAssembly.dll" className="TestNamespace.TestClass8" name="Test2376" />
    </UnitTest>
    <UnitTest name="Test2377" id="13fa0a0d-0106-43b6-b469-94fc4fe5cfeb" storage="TestAssembly.dll">
      <Execution id="f4c82eb4-1b44-4d56-8ab4-28359b4c7af8" />
      <TestMethod codeBase="TestAssembly.dll" className="TestNamespace.TestClass8" name="Test2377" />
    </UnitTest>
    <UnitTest name="Test2378" id="0b22841b-3f3e-457e-912a-40ffd33f3ab5" storage="TestAssembly.dll">
      <Execution id="6c16ed4b-0162-4b01-8ae9-ec2e77a2045e" />
      <TestMethod codeBase="TestAssembly.dll" className="TestNamespace.TestClass8" name="Test2378" />
    </UnitTest>
    <UnitTest name="Test2379" id="901da0e8-5fed-4fb2-9989-b5d4cbbaa770" storage="TestAssembly.dll">
      <Execution id="d7c2f59a-f6ae-484e-adde-5356f8060225" />
      <TestMethod codeBase="TestAssembly.dll" className="TestNamespace.TestClass8" name="Test2379" />
    </UnitTest>
    <UnitTest name="Test2380" id="5a20e982-1a99-4d35-bfeb-d8d4a205561d" storage="TestAssembly.dll">
      <Execution id="07a41476-788e-440a-91f2-c21451705789" />
      <TestMethod codeBase="TestAssembly.dll" className="TestNamespace.TestClass8" name="Test2380" />
    </UnitTest>
    <UnitTest name="Test2381" id="68040fc8-292e-4518-9fb6-cf292cd2a406" storage="TestAssembly.dll">
      <Execution id="0187c13b-3ff0-42fc-a187-bdc0eed9fe43" />
      <TestMethod codeBase="TestAssembly.dll" className="TestNamespace.TestClass9" name="Test2381" />
    </UnitTest>
    <UnitTest name="Test2382" id="9c745750-0b4b-449b-8ad3-06918ff98989" storage="TestAssembly.dll">
      <Execution id="44d6453c-2263-40ca-afea-269d496f1d6e" />
      <TestMethod codeBase="TestAssembly.dll" className="TestNamespace.TestClass9" name="Test2382" />
    </UnitTest>
    <UnitTest name="Test2383" id="239bcb38-41d2-425c-859a-078235834cf6" storage="TestAssembly.dll">
      <Execution id="aab248dd-9d5b-4512-b714-555f28c2e563" />
      <TestMethod codeBase="TestAssembly.dll" className="TestNamespace.TestClass9" name="Test2383" />
    </UnitTest>
    <UnitTest name="Test2384" id="bc2c9ff5-c2c7-42ae-b908-d4b3835217ab" storage="TestAssembly.dll">
      <Execution id="9b170d93-aa7e-4654-93c3-2979cd4a9f14" />
      <TestMethod codeBase="TestAssembly.dll" className="TestNamespace.TestClass9" name="Test2384" />
    </UnitTest>
    <UnitTest name="Test2385" id="f9f32d69-b747-4a2a-8eae-a45d467e781a" storage="TestAssembly.dll">
      <Execution id="c4fa08ea-8c54-488d-8c64-02174c349352" />
      <TestMethod codeBase="TestAssembly.dll" className="TestNamespace.TestClass9" name="Test2385" />
    </UnitTest>
    <UnitTest name="Test2386" id="bc6e2442-8fe0-4cd4-9a5a-4a33f4925983" storage="TestAssembly.dll">
      <Execution id="f742052d-a878-4686-9a5c-bb0f03a41232" />
      <TestMethod codeBase="TestAssembly.dll" className="TestNamespace.TestClass9" name="Test2386" />
    </UnitTest>
    <UnitTest name="Test2387" id="83b22c1c-8dbe-4f14-9451-7bca7da0d89f" storage="TestAssembly.dll">
      <Execution id="5822c9de-12bb-48d0-80d7-649bcdac5eb1" />
      <TestMethod codeBase="TestAssembly.dll" className="TestNamespace.TestClass9" name="Test2387" />
    </UnitTest>
    <UnitTest name="Test2388" id="c514ab2a-64e9-4c7f-8054-474fa84be2b3" storage="TestAssembly.dll">
      <Execution id="6dbc6d97-395d-4ffd-948d-2d5a352f89d4" />
      <TestMethod codeBase="TestAssembly.dll" className="TestNamespace.TestClass9" name="Test2388" />
    </UnitTest>
    <UnitTest name="Test2389" id="00243c47-3b08-48ba-87fd-ec11a68360ca" storage="TestAssembly.dll">
      <Execution id="46893ad5-f77d-40d0-90dd-be5ba4b46fa4" />
      <TestMethod codeBase="TestAssembly.dll" className="TestNamespace.TestClass9" name="Test2389" />
    </UnitTest>
    <UnitTest name="Test2390" id="e1c9b4e7-655e-4304-bca8-ec86ac676d22" storage="TestAssembly.dll">
      <Execution id="09b6728e-7d8d-460a-85af-e20ce36b3db2" />
      <TestMethod codeBase="TestAssembly.dll" className="TestNamespace.TestClass9" name="Test2390" />
    </UnitTest>
    <UnitTest name="Test2391" id="334f2ecf-8c96-421b-a322-2acc4967af18" storage="TestAssembly.dll">
      <Execution id="75f80bb2-672c-4c76-8ceb-15d14b2037d0" />
      <TestMethod codeBase="TestAssembly.dll" className="TestNamespace.TestClass10" name="Test2391" />
    </UnitTest>
    <UnitTest name="Test2392" id="d069d883-8335-4cba-ade5-3e568fcaff29" storage="TestAssembly.dll">
      <Execution id="ab74d4df-80a9-4860-9cc3-225141bec23d" />
      <TestMethod codeBase="TestAssembly.dll" className="TestNamespace.TestClass10" name="Test2392" />
    </UnitTest>
    <UnitTest name="Test2393" id="06523a91-2444-40ea-8f93-cb83bb218cf2" storage="TestAssembly.dll">
      <Execution id="d868f656-883d-48f1-9653-1ced1f7908f3" />
      <TestMethod codeBase="TestAssembly.dll" className="TestNamespace.TestClass10" name="Test2393" />
    </UnitTest>
    <UnitTest name="Test2394" id="37b876f8-8a24-441d-be6a-dde22d894fd4" storage="TestAssembly.dll">
      <Execution id="2b434b9f-56a2-403e-aeba-4388c076696b" />
      <TestMethod codeBase="TestAssembly.dll" className="TestNamespace.TestClass10" name="Test2394" />
    </UnitTest>
    <UnitTest name="Test2395" id="86f91af2-c306-495e-901e-c5fbfd2e0855" storage="TestAssembly.dll">
      <Execution id="8dcbb679-ac16-47a7-a8ab-a6a8c60c6237" />
      <TestMethod codeBase="TestAssembly.dll" className="TestNamespace.TestClass10" name="Test2395" />
    </UnitTest>
    <UnitTest name="Test2396" id="ff878e23-6907-4d70-972f-8ddcaf0370c8" storage="TestAssembly.dll">
      <Execution id="1401209e-b372-4628-abf0-d99857f6685b" />
      <TestMethod codeBase="TestAssembly.dll" className="TestNamespace.TestClass10" name="Test2396" />
    </UnitTest>
    <UnitTest name="Test2397" id="faced6e4-7776-49e2-910e-c64568a580ce" storage="TestAssembly.dll">
      <Execution id="fa53614b-d584-49e8-be67-9261093a1721" />
      <TestMethod codeBase="TestAssembly.dll" className="TestNamespace.TestClass10" name="Test2397" />
    </UnitTest>
    <UnitTest name="Test2398" id="a9dc92a2-0bf7-4563-9216-49e5170a8529" storage="TestAssembly.dll">
      <Execution id="02dd8fda-51d0-4c5c-92e7-d26bdb89f893" />
      <TestMethod codeBase="TestAssembly.dll" className="TestNamespace.TestClass10" name="Test2398" />
    </UnitTest>
    <UnitTest name="Test2399" id="04490935-152e-425e-82a3-f8f5bb36dc25" storage="TestAssembly.dll">
      <Execution id="b8c79378-69ac-4696-8df0-95a6be9de635" />
      <TestMethod codeBase="TestAssembly.dll" className="TestNamespace.TestClass10" name="Test2399" />
    </UnitTest>
    <UnitTest name="Test2400" id="baffee76-5764-477e-a6d1-f90c308b0af0" storage="TestAssembly.dll">
      <Execution id="85096244-7c41-4d8e-8c26-5e229fe29fa8" />
      <TestMethod codeBase="TestAssembly.dll" className="TestNamespace.TestClass10" name="Test2400" />
    </UnitTest>
  </TestDefinitions>
  <TestEntries>
    <TestEntry testId="e498ea79-703a-4d7a-8e83-3e01d3990b9b" executionId="68c4b6ee-2538-4cca-8779-65797c8a7891" testListId="c9195df9-a2eb-48b3-911b-fa5fea07be80" />
    <TestEntry testId="65eb9069-a88a-4170-8606-1a83544bd7fc" executionId="f06d2d64-4eec-4d4f-bfdb-20280f1d10a7" testListId="c9195df9-a2eb-48b3-911b-fa5fea07be80" />
    <TestEntry testId="32955748-a985-47e4-b2b3-2a61de5b1ea0" executionId="1e689a9e-dd9c-4eaa-96c8-56129adecd8f" testListId="c9195df9-a2eb-48b3-911b-fa5fea07be80" />
    <TestEntry testId="cf5fc475-4ba3-43a7-a168-2050a7e5095e" executionId="e65d8480-88ad-4252-befe-7cf84b0626b0" testListId="c9195df9-a2eb-48b3-911b-fa5fea07be80" />
    <TestEntry testId="e76c9c47-2346-4429-aa91-bfb19b19b24d" executionId="6fadf96e-abae-44fc-9fd1-d6e808dbdcdd" testListId="c9195df9-a2eb-48b3-911b-fa5fea07be80" />
    <TestEntry testId="ce6b9309-3dda-49bc-a99a-5fa819ddddef" executionId="4264868f-25dd-442f-9057-27197c77ceab" testListId="c9195df9-a2eb-48b3-911b-fa5fea07be80" />
    <TestEntry testId="23aa60bc-3644-445d-afd1-4dd740a96fdc" executionId="02f4c135-cc82-497b-8aaa-41b5a242233f" testListId="c9195df9-a2eb-48b3-911b-fa5fea07be80" />
    <TestEntry testId="cb14531b-e1ff-402a-86e1-8714f9a89e53" executionId="b55ebfae-597c-49db-a8f2-4b592f3a9d09" testListId="c9195df9-a2eb-48b3-911b-fa5fea07be80" />
    <TestEntry testId="28151c58-f824-4220-92ea-915cfb93748e" executionId="6fe33b52-2787-4c29-ad3e-e97d0d51d840" testListId="c9195df9-a2eb-48b3-911b-fa5fea07be80" />
    <TestEntry testId="4759fec3-b9ee-447f-b2a9-df66c34d54be" executionId="4e035f73-c349-47ad-9fbd-38bc3c88530c" testListId="c9195df9-a2eb-48b3-911b-fa5fea07be80" />
    <TestEntry testId="0a252845-7c50-4540-8a9f-d99e72d089e3" executionId="f1af69e1-abee-4d44-a84c-ec0433385185" testListId="c9195df9-a2eb-48b3-911b-fa5fea07be80" />
    <TestEntry testId="ba1695b8-6c88-48a2-a44f-03336a98d2b2" executionId="a6cb752c-a91f-48a7-a959-eedfbaf8d726" testListId="c9195df9-a2eb-48b3-911b-fa5fea07be80" />
    <TestEntry testId="5e9caaa9-339b-4381-9a67-d2df86b0dfaf" executionId="3ea227c5-aef3-4361-af33-f30d3d78d774" testListId="c9195df9-a2eb-48b3-911b-fa5fea07be80" />
    <TestEntry testId="8f428666-a4c5-4853-aca9-ce305c35584b" executionId="28267e73-da0c-4029-8221-bb5bbc64d23a" testListId="c9195df9-a2eb-48b3-911b-fa5fea07be80" />
    <TestEntry testId="81188e7e-1ad2-43b0-829f-3ed6d2fd1ab3" executionId="d90b4f7b-ef0b-47a8-9e32-79a5fb1ba0eb" testListId="c9195df9-a2eb-48b3-911b-fa5fea07be80" />
    <TestEntry testId="c580e855-16ce-4741-a15c-e24f2de7bfad" executionId="912a3491-0c17-4b27-8d64-13bd86f6368e" testListId="c9195df9-a2eb-48b3-911b-fa5fea07be80" />
    <TestEntry testId="84caa49b-6c71-4075-99ba-03af18eaca2f" executionId="f49ddfc1-d914-4acd-8cd9-07ceddfe6b17" testListId="c9195df9-a2eb-48b3-911b-fa5fea07be80" />
    <TestEntry testId="a09997e9-c133-44d0-93f0-4e3d7806c3fc" executionId="4171328b-c669-4c9a-baad-ba80aed2ab89" testListId="c9195df9-a2eb-48b3-911b-fa5fea07be80" />
    <TestEntry testId="1d2c2160-006d-4a69-abf4-9656f7656de3" executionId="008b4d77-679d-476c-aa9e-5c182364f680" testListId="c9195df9-a2eb-48b3-911b-fa5fea07be80" />
    <TestEntry testId="52b7de00-077f-4372-9d40-8b8b15b6810e" executionId="f9f49f63-5ee0-40c1-8465-ac0142980a3a" testListId="c9195df9-a2eb-48b3-911b-fa5fea07be80" />
    <TestEntry testId="c44683a8-74ef-40f2-bd0e-a8b30f674a5d" executionId="9cc31df1-877e-4ec4-94da-84a34044a85b" testListId="c9195df9-a2eb-48b3-911b-fa5fea07be80" />
    <TestEntry testId="789745a0-3474-4267-842b-feb221a21f46" executionId="cbbf9673-89b2-485a-9ab2-c658bd97f196" testListId="c9195df9-a2eb-48b3-911b-fa5fea07be80" />
    <TestEntry testId="22868f26-9f5a-41d7-aaf3-841fa224d4c5" executionId="2ef8ad61-0f31-4407-b553-6569ec41c27a" testListId="c9195df9-a2eb-48b3-911b-fa5fea07be80" />
    <TestEntry testId="24829a34-5948-4dee-a717-9e01a1f6676a" executionId="e4da63f9-a7b0-470d-83a4-7cf2826813d6" testListId="c9195df9-a2eb-48b3-911b-fa5fea07be80" />
    <TestEntry testId="4029015b-da7a-4fd3-ae84-aae97c3685be" executionId="d5a099ed-6bb2-4dd0-8ab1-af8fb44f051d" testListId="c9195df9-a2eb-48b3-911b-fa5fea07be80" />
    <TestEntry testId="3bb89e17-f9ba-452b-b22e-bd6d88176642" executionId="f3011e62-5931-47a6-b95d-fe91e52b0cf1" testListId="c9195df9-a2eb-48b3-911b-fa5fea07be80" />
    <TestEntry testId="4f12dd88-4e61-4758-9be3-8b3d59b27d5f" executionId="fff9b224-7877-4a55-b888-96ba3a8404ae" testListId="c9195df9-a2eb-48b3-911b-fa5fea07be80" />
    <TestEntry testId="53c9b50f-924f-4d0c-bfd4-77f30443151f" executionId="e542d10c-2495-4448-abfd-1ec49911406d" testListId="c9195df9-a2eb-48b3-911b-fa5fea07be80" />
    <TestEntry testId="20692957-0b3e-432c-a153-f25893f9962f" executionId="b48a46b8-6b0e-4229-a720-6b8ad008decb" testListId="c9195df9-a2eb-48b3-911b-fa5fea07be80" />
    <TestEntry testId="cf38a6ed-3dad-4c4f-8539-c68409dfd6ee" executionId="774a4d8b-b675-44c7-9cf9-6addd4f45c4d" testListId="c9195df9-a2eb-48b3-911b-fa5fea07be80" />
    <TestEntry testId="9d4d285f-d5a2-4622-b7f1-704d0a154466" executionId="93a5dfcf-3d29-46a1-9800-5f5d77d6a67b" testListId="c9195df9-a2eb-48b3-911b-fa5fea07be80" />
    <TestEntry testId="87762106-9905-4ead-b5fd-f6f49cc65a19" executionId="1bff8934-4a9a-4606-80e5-ba0bc454b185" testListId="c9195df9-a2eb-48b3-911b-fa5fea07be80" />
    <TestEntry testId="c4577562-bb21-42e0-9d72-ea0f6d110c28" executionId="e8efe0ac-0afa-4c28-9e23-4760d1159c08" testListId="c9195df9-a2eb-48b3-911b-fa5fea07be80" />
    <TestEntry testId="ff8c2c71-92c0-4c20-9b24-1b45be75583d" executionId="a7aaab97-259c-481c-884e-326f8fb76ad5" testListId="c9195df9-a2eb-48b3-911b-fa5fea07be80" />
    <TestEntry testId="aba57fe8-f053-4c06-82e4-88eb38bde320" executionId="8ed89131-ec81-46f1-91fd-f2d2f577c07e" testListId="c9195df9-a2eb-48b3-911b-fa5fea07be80" />
    <TestEntry testId="2f820a17-1999-455a-8f79-d66ca871a46a" executionId="08c81a13-e9fd-47b8-807f-bf5bdf42f6be" testListId="c9195df9-a2eb-48b3-911b-fa5fea07be80" />
    <TestEntry testId="9b2962c8-0ba0-4e59-bec7-a4534edabefe" executionId="26304a60-072b-4319-ba1e-8bb80bb8157d" testListId="c9195df9-a2eb-48b3-911b-fa5fea07be80" />
    <TestEntry testId="5a3529cf-3203-4853-b310-da405172e635" executionId="ef73b531-7553-4a79-a992-695948eac4c4" testListId="c9195df9-a2eb-48b3-911b-fa5fea07be80" />
    <TestEntry testId="0835b642-e518-47ed-8935-94f989e048f8" executionId="4fd5ff7a-e28a-4b34-9369-e462912c85ca" testListId="c9195df9-a2eb-48b3-911b-fa5fea07be80" />
    <TestEntry testId="ae5f36eb-b065-4bc0-a7b6-f254eee8bd88" executionId="3942cfec-45ea-4b76-9d11-cfeb2166fcb8" testListId="c9195df9-a2eb-48b3-911b-fa5fea07be80" />
    <TestEntry testId="aa5c7278-9091-4178-86b5-b3d97f07f2cc" executionId="2dc50a4f-0269-4474-a300-ddb39a4293fe" testListId="c9195df9-a2eb-48b3-911b-fa5fea07be80" />
    <TestEntry testId="c07c23c5-0b8b-475d-ae9b-64796b3be0d1" executionId="a55e0deb-4997-4c72-a696-4040e3b43ffa" testListId="c9195df9-a2eb-48b3-911b-fa5fea07be80" />
    <TestEntry testId="b2d5702d-c0fe-4260-b7f1-73f8240bdfdd" executionId="3a8493e7-d6c8-4744-85bc-5751436b043c" testListId="c9195df9-a2eb-48b3-911b-fa5fea07be80" />
    <TestEntry testId="4acaddcf-bd68-4bda-9dc7-e2b307b1ac63" executionId="638269ba-1d41-451c-95fe-e11cf565993c" testListId="c9195df9-a2eb-48b3-911b-fa5fea07be80" />
    <TestEntry testId="46cf720c-7e24-43ca-be93-12321b3aafc2" executionId="1c306c12-28eb-4ff4-bb04-0dab771457d2" testListId="c9195df9-a2eb-48b3-911b-fa5fea07be80" />
    <TestEntry testId="9ccf9600-099b-4dc5-acef-f3c6728357ed" executionId="db31446b-f807-4e3e-acd4-325dbfaf237f" testListId="c9195df9-a2eb-48b3-911b-fa5fea07be80" />
    <TestEntry testId="92b3f0ea-eef4-42a5-937d-d68f899488d8" executionId="7b4e903d-90e1-4ce4-9dd3-bee688f33140" testListId="c9195df9-a2eb-48b3-911b-fa5fea07be80" />
    <TestEntry testId="4dab74b2-5f84-46f8-a207-c725f5a588d6" executionId="0836ae6f-f6c3-4fce-9b1e-42cc86bf2bf8" testListId="c9195df9-a2eb-48b3-911b-fa5fea07be80" />
    <TestEntry testId="cee97b05-3e9a-4627-9ea6-3781dc1596f0" executionId="a015613e-ab30-4cfb-b9f3-a1ceca858c9e" testListId="c9195df9-a2eb-48b3-911b-fa5fea07be80" />
    <TestEntry testId="5eeb9fbd-44aa-4eb4-84ef-99988ee4e09a" executionId="c59eec6b-3704-43e5-b2ff-cafe8acaad17" testListId="c9195df9-a2eb-48b3-911b-fa5fea07be80" />
    <TestEntry testId="c6ba61f0-c78a-4c33-ab71-9eb3f23d1ed7" executionId="a660860f-d433-4669-960c-5df4565a3a9c" testListId="c9195df9-a2eb-48b3-911b-fa5fea07be80" />
    <TestEntry testId="721e1406-aa45-4d52-99da-46cfea941300" executionId="aeddeb02-e5c2-437c-9745-66dd563300ed" testListId="c9195df9-a2eb-48b3-911b-fa5fea07be80" />
    <TestEntry testId="31f113d5-6bbc-4d98-932b-16f7e0c4b179" executionId="9ea9dba8-da49-481e-a791-0aa3327746cc" testListId="c9195df9-a2eb-48b3-911b-fa5fea07be80" />
    <TestEntry testId="26a18ef6-e7b2-4f61-9916-a81146c1b5ff" executionId="aef85ab3-6880-4af9-b38e-7407e51b5452" testListId="c9195df9-a2eb-48b3-911b-fa5fea07be80" />
    <TestEntry testId="e1382117-9281-436c-9c88-a16ee4405ca8" executionId="5f76d7ca-4d37-4dbc-aa60-6b3de5b985e9" testListId="c9195df9-a2eb-48b3-911b-fa5fea07be80" />
    <TestEntry testId="96900091-754b-4b67-a3c4-7836cb6b3f90" executionId="2ad20153-7870-4245-b959-d55393e80788" testListId="c9195df9-a2eb-48b3-911b-fa5fea07be80" />
    <TestEntry testId="019159c1-8cc1-43ad-9d9f-d0d038664feb" executionId="6cfc871b-51e9-4e38-a159-0439e22650dd" testListId="c9195df9-a2eb-48b3-911b-fa5fea07be80" />
    <TestEntry testId="a0cc6482-a781-41e4-8f79-ac66b58a7062" executionId="ab83bf5f-6167-4bb8-8777-c08d15f16032" testListId="c9195df9-a2eb-48b3-911b-fa5fea07be80" />
    <TestEntry testId="cce609be-f4b4-436f-a8fa-a3d4194fee1c" executionId="3a441bec-b9ff-4b0c-b41a-7536c5d4e5bb" testListId="c9195df9-a2eb-48b3-911b-fa5fea07be80" />
    <TestEntry testId="31a30da7-c9ce-4de5-b524-f665bc9b51ea" executionId="10dc0a25-b42e-45c0-80d8-1336797c94a2" testListId="c9195df9-a2eb-48b3-911b-fa5fea07be80" />
    <TestEntry testId="923634f5-fd18-49fb-9299-54be80d53ec6" executionId="9a8bf1cc-737a-4704-93e9-bbb6ddb7f957" testListId="c9195df9-a2eb-48b3-911b-fa5fea07be80" />
    <TestEntry testId="4b31bd45-f7f0-4fbc-99b0-3e90e5582761" executionId="54e3ac3f-5a5d-4626-a5e5-1d5ae5f512b4" testListId="c9195df9-a2eb-48b3-911b-fa5fea07be80" />
    <TestEntry testId="87d642c2-8d43-4b68-b912-e0056e81b8d6" executionId="99890a94-1f06-4e6f-bb70-b3fd227c5f1d" testListId="c9195df9-a2eb-48b3-911b-fa5fea07be80" />
    <TestEntry testId="807ed2bc-793f-4f3b-84ac-5f8627f555df" executionId="57ca18fe-0db2-4479-a7a3-49ef2a872681" testListId="c9195df9-a2eb-48b3-911b-fa5fea07be80" />
    <TestEntry testId="9283eb99-4755-42e6-b1dc-9746b6d3aadb" executionId="f07c8b75-eb5a-44fe-b969-db0382a5f449" testListId="c9195df9-a2eb-48b3-911b-fa5fea07be80" />
    <TestEntry testId="7cb2a757-b26c-451a-9917-9cc60cee9eb2" executionId="d6333e72-7f9c-46f1-81c9-15ecde12a904" testListId="c9195df9-a2eb-48b3-911b-fa5fea07be80" />
    <TestEntry testId="b4a2f407-8d66-41cf-ae30-9e5e24019a41" executionId="89390a32-a89f-4a80-bf2f-9f3bdae8b720" testListId="c9195df9-a2eb-48b3-911b-fa5fea07be80" />
    <TestEntry testId="08842292-47f3-48d1-b3f9-68302236c033" executionId="7569d965-fef6-4e03-a27b-9acf4602123f" testListId="c9195df9-a2eb-48b3-911b-fa5fea07be80" />
    <TestEntry testId="ae24eb46-c69a-4dc1-9304-9a380b957da4" executionId="3c160b15-d724-4f5c-a3ef-6c5a5970ac5a" testListId="c9195df9-a2eb-48b3-911b-fa5fea07be80" />
    <TestEntry testId="9426fe3e-02c2-46d1-ae2b-21aa060cba18" executionId="905689c8-40f7-4abf-8920-8e38562afc8c" testListId="c9195df9-a2eb-48b3-911b-fa5fea07be80" />
    <TestEntry testId="01c57527-d1dd-439a-94d8-361c2bca2670" executionId="597f6b3e-6c50-4825-805d-6d2f381f327e" testListId="c9195df9-a2eb-48b3-911b-fa5fea07be80" />
    <TestEntry testId="67681c04-a8ff-46ec-8fc8-e35b97857c20" executionId="3b1729ab-6c2e-4f68-a4a1-c4050c52704c" testListId="c9195df9-a2eb-48b3-911b-fa5fea07be80" />
    <TestEntry testId="1b75dbf3-6972-4bd4-adf0-0b949597d79a" executionId="90d59840-68d8-40ab-a9c0-46b16f428687" testListId="c9195df9-a2eb-48b3-911b-fa5fea07be80" />
    <TestEntry testId="69e0cff3-3653-465d-8daa-be61520fec3a" executionId="5272463a-1d06-4c3d-9151-9070edfadcb4" testListId="c9195df9-a2eb-48b3-911b-fa5fea07be80" />
    <TestEntry testId="76ee4e75-8fa8-4ae7-8607-1922be6e874b" executionId="5634fb24-aefa-42ea-a6f8-d28d67c28ebb" testListId="c9195df9-a2eb-48b3-911b-fa5fea07be80" />
    <TestEntry testId="18530c1c-bf6a-4c00-acb8-7b74372e7880" executionId="dcba4970-6c18-4e1d-8b93-800beb0889ba" testListId="c9195df9-a2eb-48b3-911b-fa5fea07be80" />
    <TestEntry testId="13fa0a0d-0106-43b6-b469-94fc4fe5cfeb" executionId="f4c82eb4-1b44-4d56-8ab4-28359b4c7af8" testListId="c9195df9-a2eb-48b3-911b-fa5fea07be80" />
    <TestEntry testId="0b22841b-3f3e-457e-912a-40ffd33f3ab5" executionId="6c16ed4b-0162-4b01-8ae9-ec2e77a2045e" testListId="c9195df9-a2eb-48b3-911b-fa5fea07be80" />
    <TestEntry testId="901da0e8-5fed-4fb2-9989-b5d4cbbaa770" executionId="d7c2f59a-f6ae-484e-adde-5356f8060225" testListId="c9195df9-a2eb-48b3-911b-fa5fea07be80" />
    <TestEntry testId="5a20e982-1a99-4d35-bfeb-d8d4a205561d" executionId="07a41476-788e-440a-91f2-c21451705789" testListId="c9195df9-a2eb-48b3-911b-fa5fea07be80" />
    <TestEntry testId="68040fc8-292e-4518-9fb6-cf292cd2a406" executionId="0187c13b-3ff0-42fc-a187-bdc0eed9fe43" testListId="c9195df9-a2eb-48b3-911b-fa5fea07be80" />
    <TestEntry testId="9c745750-0b4b-449b-8ad3-06918ff98989" executionId="44d6453c-2263-40ca-afea-269d496f1d6e" testListId="c9195df9-a2eb-48b3-911b-fa5fea07be80" />
    <TestEntry testId="239bcb38-41d2-425c-859a-078235834cf6" executionId="aab248dd-9d5b-4512-b714-555f28c2e563" testListId="c9195df9-a2eb-48b3-911b-fa5fea07be80" />
    <TestEntry testId="bc2c9ff5-c2c7-42ae-b908-d4b3835217ab" executionId="9b170d93-aa7e-4654-93c3-2979cd4a9f14" testListId="c9195df9-a2eb-48b3-911b-fa5fea07be80" />
    <TestEntry testId="f9f32d69-b747-4a2a-8eae-a45d467e781a" executionId="c4fa08ea-8c54-488d-8c64-02174c349352" testListId="c9195df9-a2eb-48b3-911b-fa5fea07be80" />
    <TestEntry testId="bc6e2442-8fe0-4cd4-9a5a-4a33f4925983" executionId="f742052d-a878-4686-9a5c-bb0f03a41232" testListId="c9195df9-a2eb-48b3-911b-fa5fea07be80" />
    <TestEntry testId="83b22c1c-8dbe-4f14-9451-7bca7da0d89f" executionId="5822c9de-12bb-48d0-80d7-649bcdac5eb1" testListId="c9195df9-a2eb-48b3-911b-fa5fea07be80" />
    <TestEntry testId="c514ab2a-64e9-4c7f-8054-474fa84be2b3" executionId="6dbc6d97-395d-4ffd-948d-2d5a352f89d4" testListId="c9195df9-a2eb-48b3-911b-fa5fea07be80" />
    <TestEntry testId="00243c47-3b08-48ba-87fd-ec11a68360ca" executionId="46893ad5-f77d-40d0-90dd-be5ba4b46fa4" testListId="c9195df9-a2eb-48b3-911b-fa5fea07be80" />
    <TestEntry testId="e1c9b4e7-655e-4304-bca8-ec86ac676d22" executionId="09b6728e-7d8d-460a-85af-e20ce36b3db2" testListId="c9195df9-a2eb-48b3-911b-fa5fea07be80" />
    <TestEntry testId="334f2ecf-8c96-421b-a322-2acc4967af18" executionId="75f80bb2-672c-4c76-8ceb-15d14b2037d0" testListId="c9195df9-a2eb-48b3-911b-fa5fea07be80" />
    <TestEntry testId="d069d883-8335-4cba-ade5-3e568fcaff29" executionId="ab74d4df-80a9-4860-9cc3-225141bec23d" testListId="c9195df9-a2eb-48b3-911b-fa5fea07be80" />
    <TestEntry testId="06523a91-2444-40ea-8f93-cb83bb218cf2" executionId="d868f656-883d-48f1-9653-1ced1f7908f3" testListId="c9195df9-a2eb-48b3-911b-fa5fea07be80" />
    <TestEntry testId="37b876f8-8a24-441d-be6a-dde22d894fd4" executionId="2b434b9f-56a2-403e-aeba-4388c076696b" testListId="c9195df9-a2eb-48b3-911b-fa5fea07be80" />
    <TestEntry testId="86f91af2-c306-495e-901e-c5fbfd2e0855" executionId="8dcbb679-ac16-47a7-a8ab-a6a8c60c6237" testListId="c9195df9-a2eb-48b3-911b-fa5fea07be80" />
    <TestEntry testId="ff878e23-6907-4d70-972f-8ddcaf0370c8" executionId="1401209e-b372-4628-abf0-d99857f6685b" testListId="c9195df9-a2eb-48b3-911b-fa5fea07be80" />
    <TestEntry testId="faced6e4-7776-49e2-910e-c64568a580ce" executionId="fa53614b-d584-49e8-be67-9261093a1721" testListId="c9195df9-a2eb-48b3-911b-fa5fea07be80" />
    <TestEntry testId="a9dc92a2-0bf7-4563-9216-49e5170a8529" executionId="02dd8fda-51d0-4c5c-92e7-d26bdb89f893" testListId="c9195df9-a2eb-48b3-911b-fa5fea07be80" />
    <TestEntry testId="04490935-152e-425e-82a3-f8f5bb36dc25" executionId="b8c79378-69ac-4696-8df0-95a6be9de635" testListId="c9195df9-a2eb-48b3-911b-fa5fea07be80" />
    <TestEntry testId="baffee76-5764-477e-a6d1-f90c308b0af0" executionId="85096244-7c41-4d8e-8c26-5e229fe29fa8" testListId="c9195df9-a2eb-48b3-911b-fa5fea07be80" />
  </TestEntries>
  <TestLists>
    <TestList name="Results Not in a List" id="c9195df9-a2eb-48b3-911b-fa5fea07be80" />
    <TestList name="All Loaded Results" id="bee25467-1409-4810-bf3e-f121a0e70a98" />
  </TestLists>
</TestRun>