<?xml version="1.0" encoding="UTF-8"?>
<TestRun id="c7b376ec-0c7a-4189-9e0b-88e3665b9f0d" name="Test Run 86" runUser="Oles Galatsan" xmlns="http://microsoft.com/schemas/VisualStudio/TeamTest/2010">
  <Times creation="2025-05-14T13:20:31.3125482Z" queuing="2025-05-14T13:20:31.3125482Z" start="2025-05-14T13:20:31.3146610Z" finish="2025-05-14T13:25:31.3147553Z" />
  <TestSettings name="Test Settings 86" id="221ff7eb-37b4-43d3-bc7b-b6920c4cb231" />
  <Results>
    <UnitTestResult executionId="f1d5ddcb-8a9c-4794-9338-c402c9bb780c" testId="f5ff7a07-7083-4820-b3b6-dcf38c8e7f82" testName="Test8501" computerName="UA-LPT-OGA2" duration="00:00:00.4000000" startTime="2025-05-14T13:20:31.3146610Z" endTime="2025-05-14T13:25:31.3147553Z" testType="13cdc9d9-ddb5-4fa4-a97d-d965ccfc6d4b" outcome="Passed" testListId="71a771e9-1461-4b71-98b0-7dd17b6bbbee" />
    <UnitTestResult executionId="c55ee91e-7099-4225-a0a8-407cd15a8fcd" testId="7208482a-18d1-4edd-914a-c6beb35081d0" testName="Test8502" computerName="UA-LPT-OGA2" duration="00:00:00.5810000" startTime="2025-05-14T13:20:31.3146610Z" endTime="2025-05-14T13:25:31.3147553Z" testType="13cdc9d9-ddb5-4fa4-a97d-d965ccfc6d4b" outcome="Passed" testListId="71a771e9-1461-4b71-98b0-7dd17b6bbbee" />
    <UnitTestResult executionId="400b1aab-e709-4ff6-a4c8-1f10c6ae237d" testId="1f28dccb-1117-4229-9df5-b1895af8ccf1" testName="Test8503" computerName="UA-LPT-OGA2" duration="00:00:01.0230000" startTime="2025-05-14T13:20:31.3146610Z" endTime="2025-05-14T13:25:31.3147553Z" testType="13cdc9d9-ddb5-4fa4-a97d-d965ccfc6d4b" outcome="Passed" testListId="71a771e9-1461-4b71-98b0-7dd17b6bbbee" />
    <UnitTestResult executionId="20925f55-86fb-4395-abf4-f7db441b6e6e" testId="23f1f1bf-bd21-4d53-b80d-affd3b704ba9" testName="Test8504" computerName="UA-LPT-OGA2" duration="00:00:00.8010000" startTime="2025-05-14T13:20:31.3146610Z" endTime="2025-05-14T13:25:31.3147553Z" testType="13cdc9d9-ddb5-4fa4-a97d-d965ccfc6d4b" outcome="Passed" testListId="71a771e9-1461-4b71-98b0-7dd17b6bbbee" />
    <UnitTestResult executionId="26e967ae-d5b7-4b94-ba15-b262ba531944" testId="7133afd6-72bd-466b-9735-2a2c79242b6b" testName="Test8505" computerName="UA-LPT-OGA2" duration="00:00:01.2520000" startTime="2025-05-14T13:20:31.3146610Z" endTime="2025-05-14T13:25:31.3147553Z" testType="13cdc9d9-ddb5-4fa4-a97d-d965ccfc6d4b" outcome="Passed" testListId="71a771e9-1461-4b71-98b0-7dd17b6bbbee" />
    <UnitTestResult executionId="f215ccf2-3c40-44f0-bdc1-7b6475ebe2e1" testId="259453e3-5857-4d47-aa53-547650b36cae" testName="Test8506" computerName="UA-LPT-OGA2" duration="00:00:00.9220000" startTime="2025-05-14T13:20:31.3146610Z" endTime="2025-05-14T13:25:31.3147553Z" testType="13cdc9d9-ddb5-4fa4-a97d-d965ccfc6d4b" outcome="Passed" testListId="71a771e9-1461-4b71-98b0-7dd17b6bbbee" />
    <UnitTestResult executionId="da928939-e71c-4bda-918e-786782252eba" testId="e31324ac-587f-43e7-b2c5-a3914c9ca49d" testName="Test8507" computerName="UA-LPT-OGA2" duration="00:00:01.9700000" startTime="2025-05-14T13:20:31.3146610Z" endTime="2025-05-14T13:25:31.3147553Z" testType="13cdc9d9-ddb5-4fa4-a97d-d965ccfc6d4b" outcome="Passed" testListId="71a771e9-1461-4b71-98b0-7dd17b6bbbee" />
    <UnitTestResult executionId="607cd01b-e21a-4dcf-9e60-554df82149cd" testId="ea8cdfc6-e56f-4ff7-8d30-1be03dbfe28e" testName="Test8508" computerName="UA-LPT-OGA2" duration="00:00:00.2030000" startTime="2025-05-14T13:20:31.3146610Z" endTime="2025-05-14T13:25:31.3147553Z" testType="13cdc9d9-ddb5-4fa4-a97d-d965ccfc6d4b" outcome="Passed" testListId="71a771e9-1461-4b71-98b0-7dd17b6bbbee" />
    <UnitTestResult executionId="8b043467-0199-495a-928b-2145ac2f6136" testId="73d7cad6-3874-4f23-86f7-15710f8bea43" testName="Test8509" computerName="UA-LPT-OGA2" duration="00:00:01.1450000" startTime="2025-05-14T13:20:31.3146610Z" endTime="2025-05-14T13:25:31.3147553Z" testType="13cdc9d9-ddb5-4fa4-a97d-d965ccfc6d4b" outcome="Passed" testListId="71a771e9-1461-4b71-98b0-7dd17b6bbbee" />
    <UnitTestResult executionId="2870e9f2-1fd7-475c-94ad-512e71bddef3" testId="dcdc67ef-7772-47e1-affb-2da153489f0b" testName="Test8510" computerName="UA-LPT-OGA2" duration="00:00:01.4040000" startTime="2025-05-14T13:20:31.3146610Z" endTime="2025-05-14T13:25:31.3147553Z" testType="13cdc9d9-ddb5-4fa4-a97d-d965ccfc6d4b" outcome="Passed" testListId="71a771e9-1461-4b71-98b0-7dd17b6bbbee" />
    <UnitTestResult executionId="a7404375-39a2-4a11-82d2-a8e9e7cc0e7b" testId="2fb8fd4f-2b27-4be3-9d10-e4151abc4258" testName="Test8511" computerName="UA-LPT-OGA2" duration="00:00:01.6510000" startTime="2025-05-14T13:20:31.3146610Z" endTime="2025-05-14T13:25:31.3147553Z" testType="13cdc9d9-ddb5-4fa4-a97d-d965ccfc6d4b" outcome="Passed" testListId="71a771e9-1461-4b71-98b0-7dd17b6bbbee" />
    <UnitTestResult executionId="641e9ed7-63ad-474a-bf86-e4e9eda0ff31" testId="c4d31cf4-e210-44dc-a906-43b869387a7e" testName="Test8512" computerName="UA-LPT-OGA2" duration="00:00:00.6150000" startTime="2025-05-14T13:20:31.3146610Z" endTime="2025-05-14T13:25:31.3147553Z" testType="13cdc9d9-ddb5-4fa4-a97d-d965ccfc6d4b" outcome="Passed" testListId="71a771e9-1461-4b71-98b0-7dd17b6bbbee" />
    <UnitTestResult executionId="6f304e82-2ee1-42b8-a90f-89891ad5f3fd" testId="34effeb9-f4bb-42b9-a84a-8dcf4b9c1a3d" testName="Test8513" computerName="UA-LPT-OGA2" duration="00:00:00.6820000" startTime="2025-05-14T13:20:31.3146610Z" endTime="2025-05-14T13:25:31.3147553Z" testType="13cdc9d9-ddb5-4fa4-a97d-d965ccfc6d4b" outcome="Passed" testListId="71a771e9-1461-4b71-98b0-7dd17b6bbbee" />
    <UnitTestResult executionId="445e8d17-26a3-44eb-8166-df943665833f" testId="cdf5a2d6-b790-4383-a32a-9329611e40d2" testName="Test8514" computerName="UA-LPT-OGA2" duration="00:00:00.9640000" startTime="2025-05-14T13:20:31.3146610Z" endTime="2025-05-14T13:25:31.3147553Z" testType="13cdc9d9-ddb5-4fa4-a97d-d965ccfc6d4b" outcome="Passed" testListId="71a771e9-1461-4b71-98b0-7dd17b6bbbee" />
    <UnitTestResult executionId="e17e5dc4-fd01-4b3d-82d3-ff35d051bb95" testId="299ad645-d8fb-4b42-9642-f3434ac58fb4" testName="Test8515" computerName="UA-LPT-OGA2" duration="00:00:00.8550000" startTime="2025-05-14T13:20:31.3146610Z" endTime="2025-05-14T13:25:31.3147553Z" testType="13cdc9d9-ddb5-4fa4-a97d-d965ccfc6d4b" outcome="Passed" testListId="71a771e9-1461-4b71-98b0-7dd17b6bbbee" />
    <UnitTestResult executionId="5f5e1b06-2ced-4d47-99e1-ddd170ecd1aa" testId="2d53d6fd-3545-4ab2-8366-17a98db93212" testName="Test8516" computerName="UA-LPT-OGA2" duration="00:00:01.4400000" startTime="2025-05-14T13:20:31.3146610Z" endTime="2025-05-14T13:25:31.3147553Z" testType="13cdc9d9-ddb5-4fa4-a97d-d965ccfc6d4b" outcome="Passed" testListId="71a771e9-1461-4b71-98b0-7dd17b6bbbee" />
    <UnitTestResult executionId="4c579893-019b-4850-b513-67f5d2b29b25" testId="dde4f62e-1a00-4b5b-8491-182a5d43b1ae" testName="Test8517" computerName="UA-LPT-OGA2" duration="00:00:01.2450000" startTime="2025-05-14T13:20:31.3146610Z" endTime="2025-05-14T13:25:31.3147553Z" testType="13cdc9d9-ddb5-4fa4-a97d-d965ccfc6d4b" outcome="Passed" testListId="71a771e9-1461-4b71-98b0-7dd17b6bbbee" />
    <UnitTestResult executionId="38226483-de09-4bbc-8319-bd23a6b74463" testId="e826be6f-aa75-48dc-9746-51876a975528" testName="Test8518" computerName="UA-LPT-OGA2" duration="00:00:01.0930000" startTime="2025-05-14T13:20:31.3146610Z" endTime="2025-05-14T13:25:31.3147553Z" testType="13cdc9d9-ddb5-4fa4-a97d-d965ccfc6d4b" outcome="Passed" testListId="71a771e9-1461-4b71-98b0-7dd17b6bbbee" />
    <UnitTestResult executionId="3f9519c0-4f92-4780-8c3c-c65a646dae0f" testId="69435291-5356-4444-aca9-e3764ecb8527" testName="Test8519" computerName="UA-LPT-OGA2" duration="00:00:00.9150000" startTime="2025-05-14T13:20:31.3146610Z" endTime="2025-05-14T13:25:31.3147553Z" testType="13cdc9d9-ddb5-4fa4-a97d-d965ccfc6d4b" outcome="Passed" testListId="71a771e9-1461-4b71-98b0-7dd17b6bbbee" />
    <UnitTestResult executionId="6810a9b9-8e80-4742-adf7-e7a93f477e43" testId="aaa8a9d8-89c2-40bd-93d1-66e8917db474" testName="Test8520" computerName="UA-LPT-OGA2" duration="00:00:00.5720000" startTime="2025-05-14T13:20:31.3146610Z" endTime="2025-05-14T13:25:31.3147553Z" testType="13cdc9d9-ddb5-4fa4-a97d-d965ccfc6d4b" outcome="Passed" testListId="71a771e9-1461-4b71-98b0-7dd17b6bbbee" />
    <UnitTestResult executionId="0f49a5b1-9cc4-4d80-97fe-b53e82091c88" testId="d02764f0-4c43-4077-8e7e-9a522e494924" testName="Test8521" computerName="UA-LPT-OGA2" duration="00:00:00.7270000" startTime="2025-05-14T13:20:31.3146610Z" endTime="2025-05-14T13:25:31.3147553Z" testType="13cdc9d9-ddb5-4fa4-a97d-d965ccfc6d4b" outcome="Passed" testListId="71a771e9-1461-4b71-98b0-7dd17b6bbbee" />
    <UnitTestResult executionId="af875839-1409-47a9-ba37-b3f7bea237e9" testId="82892d93-d722-4d6d-9207-99410381a8d4" testName="Test8522" computerName="UA-LPT-OGA2" duration="00:00:01.1940000" startTime="2025-05-14T13:20:31.3146610Z" endTime="2025-05-14T13:25:31.3147553Z" testType="13cdc9d9-ddb5-4fa4-a97d-d965ccfc6d4b" outcome="Passed" testListId="71a771e9-1461-4b71-98b0-7dd17b6bbbee" />
    <UnitTestResult executionId="bf9cda3b-6dbb-4cab-a805-4f1f020a8699" testId="99c90884-ba83-4697-9d54-1945a459f449" testName="Test8523" computerName="UA-LPT-OGA2" duration="00:00:01.9680000" startTime="2025-05-14T13:20:31.3146610Z" endTime="2025-05-14T13:25:31.3147553Z" testType="13cdc9d9-ddb5-4fa4-a97d-d965ccfc6d4b" outcome="Failed" testListId="71a771e9-1461-4b71-98b0-7dd17b6bbbee">
      <Output>
        <ErrorInfo>
          <Message>Assertion failed: Expected value did not match actual value.</Message>
          <StackTrace>   at TestNamespace.TestClass.Test() in TestClass.cs:line 436</StackTrace>
        </ErrorInfo>
      </Output>
    </UnitTestResult>
    <UnitTestResult executionId="ea1160ce-5e0b-4af7-ad03-f133e2511616" testId="14618f89-b291-49bf-bc12-03a1a7d85416" testName="Test8524" computerName="UA-LPT-OGA2" duration="00:00:01.7720000" startTime="2025-05-14T13:20:31.3146610Z" endTime="2025-05-14T13:25:31.3147553Z" testType="13cdc9d9-ddb5-4fa4-a97d-d965ccfc6d4b" outcome="Failed" testListId="71a771e9-1461-4b71-98b0-7dd17b6bbbee">
      <Output>
        <ErrorInfo>
          <Message>Assertion failed: Expected value did not match actual value.</Message>
          <StackTrace>   at TestNamespace.TestClass.Test() in TestClass.cs:line 246</StackTrace>
        </ErrorInfo>
      </Output>
    </UnitTestResult>
    <UnitTestResult executionId="85b06844-0978-4d40-9e61-8f3b66b8e2ce" testId="5c7a86b3-1189-4822-b4d7-a23ee4c3562b" testName="Test8525" computerName="UA-LPT-OGA2" duration="00:00:01.0070000" startTime="2025-05-14T13:20:31.3146610Z" endTime="2025-05-14T13:25:31.3147553Z" testType="13cdc9d9-ddb5-4fa4-a97d-d965ccfc6d4b" outcome="Passed" testListId="71a771e9-1461-4b71-98b0-7dd17b6bbbee" />
    <UnitTestResult executionId="a23b36f0-3ef4-4fcb-8735-10b402ae7aef" testId="f4e2ff86-24aa-4c81-8f54-ef570ca1e502" testName="Test8526" computerName="UA-LPT-OGA2" duration="00:00:00.4620000" startTime="2025-05-14T13:20:31.3146610Z" endTime="2025-05-14T13:25:31.3147553Z" testType="13cdc9d9-ddb5-4fa4-a97d-d965ccfc6d4b" outcome="Passed" testListId="71a771e9-1461-4b71-98b0-7dd17b6bbbee" />
    <UnitTestResult executionId="85a579ed-32f1-40bc-a38f-d3a160fb19b4" testId="3b13e9e9-847f-4d09-a6b4-a2bf91624203" testName="Test8527" computerName="UA-LPT-OGA2" duration="00:00:00.0770000" startTime="2025-05-14T13:20:31.3146610Z" endTime="2025-05-14T13:25:31.3147553Z" testType="13cdc9d9-ddb5-4fa4-a97d-d965ccfc6d4b" outcome="Passed" testListId="71a771e9-1461-4b71-98b0-7dd17b6bbbee" />
    <UnitTestResult executionId="1dc4c32c-612d-40fb-925c-902aa8e6bda6" testId="a2dd1b8f-1c7a-4b8a-9bd1-2128f6d32324" testName="Test8528" computerName="UA-LPT-OGA2" duration="00:00:01.6190000" startTime="2025-05-14T13:20:31.3146610Z" endTime="2025-05-14T13:25:31.3147553Z" testType="13cdc9d9-ddb5-4fa4-a97d-d965ccfc6d4b" outcome="Failed" testListId="71a771e9-1461-4b71-98b0-7dd17b6bbbee">
      <Output>
        <ErrorInfo>
          <Message>Assertion failed: Expected value did not match actual value.</Message>
          <StackTrace>   at TestNamespace.TestClass.Test() in TestClass.cs:line 163</StackTrace>
        </ErrorInfo>
      </Output>
    </UnitTestResult>
    <UnitTestResult executionId="eee47323-8a13-4663-b1e4-816d7d77d0bf" testId="c93aeca6-7f5e-4571-b9c6-1b7122a3e959" testName="Test8529" computerName="UA-LPT-OGA2" duration="00:00:00.9600000" startTime="2025-05-14T13:20:31.3146610Z" endTime="2025-05-14T13:25:31.3147553Z" testType="13cdc9d9-ddb5-4fa4-a97d-d965ccfc6d4b" outcome="Passed" testListId="71a771e9-1461-4b71-98b0-7dd17b6bbbee" />
    <UnitTestResult executionId="d69bd66a-58c6-4830-ac25-193bff02e790" testId="7b0a4256-f18b-4c93-8ed0-4c48c6a46c88" testName="Test8530" computerName="UA-LPT-OGA2" duration="00:00:01.4840000" startTime="2025-05-14T13:20:31.3146610Z" endTime="2025-05-14T13:25:31.3147553Z" testType="13cdc9d9-ddb5-4fa4-a97d-d965ccfc6d4b" outcome="Passed" testListId="71a771e9-1461-4b71-98b0-7dd17b6bbbee" />
    <UnitTestResult executionId="a38879c3-e4c5-4918-8967-936a4873ee01" testId="f6a916bf-c6e4-4036-8289-1aa314bb2b55" testName="Test8531" computerName="UA-LPT-OGA2" duration="00:00:01.8990000" startTime="2025-05-14T13:20:31.3146610Z" endTime="2025-05-14T13:25:31.3147553Z" testType="13cdc9d9-ddb5-4fa4-a97d-d965ccfc6d4b" outcome="Passed" testListId="71a771e9-1461-4b71-98b0-7dd17b6bbbee" />
    <UnitTestResult executionId="c397f214-9e30-445c-836f-3d23c8f526b3" testId="1e00eb34-31ba-4ccf-aae9-e19de969983d" testName="Test8532" computerName="UA-LPT-OGA2" duration="00:00:01.5380000" startTime="2025-05-14T13:20:31.3146610Z" endTime="2025-05-14T13:25:31.3147553Z" testType="13cdc9d9-ddb5-4fa4-a97d-d965ccfc6d4b" outcome="Passed" testListId="71a771e9-1461-4b71-98b0-7dd17b6bbbee" />
    <UnitTestResult executionId="b02406dc-57f7-4b9e-8e2f-6694b8b49aa7" testId="3b51edf6-b8fd-44d5-8011-f7fa55c10d91" testName="Test8533" computerName="UA-LPT-OGA2" duration="00:00:00.0600000" startTime="2025-05-14T13:20:31.3146610Z" endTime="2025-05-14T13:25:31.3147553Z" testType="13cdc9d9-ddb5-4fa4-a97d-d965ccfc6d4b" outcome="Passed" testListId="71a771e9-1461-4b71-98b0-7dd17b6bbbee" />
    <UnitTestResult executionId="230239b7-1f5d-44ee-9d78-f047c48e66b1" testId="13d8851b-c68f-4a6c-b136-385bdb65b016" testName="Test8534" computerName="UA-LPT-OGA2" duration="00:00:01.1580000" startTime="2025-05-14T13:20:31.3146610Z" endTime="2025-05-14T13:25:31.3147553Z" testType="13cdc9d9-ddb5-4fa4-a97d-d965ccfc6d4b" outcome="Passed" testListId="71a771e9-1461-4b71-98b0-7dd17b6bbbee" />
    <UnitTestResult executionId="184c7ffe-da0c-4a66-9675-8ab2f2b58cee" testId="d0e1b83e-2825-4f59-b163-f1a7455e9734" testName="Test8535" computerName="UA-LPT-OGA2" duration="00:00:01.0360000" startTime="2025-05-14T13:20:31.3146610Z" endTime="2025-05-14T13:25:31.3147553Z" testType="13cdc9d9-ddb5-4fa4-a97d-d965ccfc6d4b" outcome="Passed" testListId="71a771e9-1461-4b71-98b0-7dd17b6bbbee" />
    <UnitTestResult executionId="56bdb569-232e-4f82-ab3d-b0bfbd685c23" testId="5fdcece0-a34c-49d0-8467-2bc9eb19746e" testName="Test8536" computerName="UA-LPT-OGA2" duration="00:00:00.1100000" startTime="2025-05-14T13:20:31.3146610Z" endTime="2025-05-14T13:25:31.3147553Z" testType="13cdc9d9-ddb5-4fa4-a97d-d965ccfc6d4b" outcome="Passed" testListId="71a771e9-1461-4b71-98b0-7dd17b6bbbee" />
    <UnitTestResult executionId="19bf2801-a4ac-4e5e-8be0-25a0da669235" testId="f89c0184-2f9b-4802-b43d-29810fab6c4d" testName="Test8537" computerName="UA-LPT-OGA2" duration="00:00:00.5480000" startTime="2025-05-14T13:20:31.3146610Z" endTime="2025-05-14T13:25:31.3147553Z" testType="13cdc9d9-ddb5-4fa4-a97d-d965ccfc6d4b" outcome="Passed" testListId="71a771e9-1461-4b71-98b0-7dd17b6bbbee" />
    <UnitTestResult executionId="2e520bef-06b9-41ff-8fe6-ab37af770cc3" testId="df32b58e-f09d-4c35-8925-190d6b12d7be" testName="Test8538" computerName="UA-LPT-OGA2" duration="00:00:00.9360000" startTime="2025-05-14T13:20:31.3146610Z" endTime="2025-05-14T13:25:31.3147553Z" testType="13cdc9d9-ddb5-4fa4-a97d-d965ccfc6d4b" outcome="Passed" testListId="71a771e9-1461-4b71-98b0-7dd17b6bbbee" />
    <UnitTestResult executionId="7c1f9b59-cbed-4dd2-ba91-6f65420ea945" testId="145ede96-eacd-4f1b-8b26-6eaf74a2f96d" testName="Test8539" computerName="UA-LPT-OGA2" duration="00:00:00.4530000" startTime="2025-05-14T13:20:31.3146610Z" endTime="2025-05-14T13:25:31.3147553Z" testType="13cdc9d9-ddb5-4fa4-a97d-d965ccfc6d4b" outcome="Passed" testListId="71a771e9-1461-4b71-98b0-7dd17b6bbbee" />
    <UnitTestResult executionId="440d50b3-0269-403a-b0ea-e7f0818f91a3" testId="682383b0-35a3-4d42-b8f2-011a977189c3" testName="Test8540" computerName="UA-LPT-OGA2" duration="00:00:00.0260000" startTime="2025-05-14T13:20:31.3146610Z" endTime="2025-05-14T13:25:31.3147553Z" testType="13cdc9d9-ddb5-4fa4-a97d-d965ccfc6d4b" outcome="Passed" testListId="71a771e9-1461-4b71-98b0-7dd17b6bbbee" />
    <UnitTestResult executionId="757cc9a8-fa8b-4b87-a7b4-90c78f3ad0ba" testId="d8fbdf6d-f7a2-499b-8a27-8448ac8f0c21" testName="Test8541" computerName="UA-LPT-OGA2" duration="00:00:00.4340000" startTime="2025-05-14T13:20:31.3146610Z" endTime="2025-05-14T13:25:31.3147553Z" testType="13cdc9d9-ddb5-4fa4-a97d-d965ccfc6d4b" outcome="Passed" testListId="71a771e9-1461-4b71-98b0-7dd17b6bbbee" />
    <UnitTestResult executionId="ba0a6a76-e6d5-48fd-babf-77595b425553" testId="2987ba87-3282-4262-84f6-f5f784acfcdb" testName="Test8542" computerName="UA-LPT-OGA2" duration="00:00:00.8160000" startTime="2025-05-14T13:20:31.3146610Z" endTime="2025-05-14T13:25:31.3147553Z" testType="13cdc9d9-ddb5-4fa4-a97d-d965ccfc6d4b" outcome="Passed" testListId="71a771e9-1461-4b71-98b0-7dd17b6bbbee" />
    <UnitTestResult executionId="8f165a6d-b6d9-4fac-91b7-6f658050767e" testId="516eacda-bbf1-45ac-8bce-302a694b71ee" testName="Test8543" computerName="UA-LPT-OGA2" duration="00:00:01.5810000" startTime="2025-05-14T13:20:31.3146610Z" endTime="2025-05-14T13:25:31.3147553Z" testType="13cdc9d9-ddb5-4fa4-a97d-d965ccfc6d4b" outcome="Passed" testListId="71a771e9-1461-4b71-98b0-7dd17b6bbbee" />
    <UnitTestResult executionId="3de0c7da-f10f-4c9e-bb6f-2d93eca42597" testId="41a7803f-b0cd-48ed-9816-3d434dafe0fe" testName="Test8544" computerName="UA-LPT-OGA2" duration="00:00:00.4120000" startTime="2025-05-14T13:20:31.3146610Z" endTime="2025-05-14T13:25:31.3147553Z" testType="13cdc9d9-ddb5-4fa4-a97d-d965ccfc6d4b" outcome="Passed" testListId="71a771e9-1461-4b71-98b0-7dd17b6bbbee" />
    <UnitTestResult executionId="aaee58d3-9110-4f0f-b83f-59a166a587d0" testId="e410cab0-89df-4c1f-8b76-a6822115ce42" testName="Test8545" computerName="UA-LPT-OGA2" duration="00:00:01.7700000" startTime="2025-05-14T13:20:31.3146610Z" endTime="2025-05-14T13:25:31.3147553Z" testType="13cdc9d9-ddb5-4fa4-a97d-d965ccfc6d4b" outcome="Passed" testListId="71a771e9-1461-4b71-98b0-7dd17b6bbbee" />
    <UnitTestResult executionId="9d1c1653-9576-423f-992a-5c035c25dad9" testId="66fc7d8e-f64d-4ad7-9478-b9a370951202" testName="Test8546" computerName="UA-LPT-OGA2" duration="00:00:00.9030000" startTime="2025-05-14T13:20:31.3146610Z" endTime="2025-05-14T13:25:31.3147553Z" testType="13cdc9d9-ddb5-4fa4-a97d-d965ccfc6d4b" outcome="Passed" testListId="71a771e9-1461-4b71-98b0-7dd17b6bbbee" />
    <UnitTestResult executionId="2733bf21-5a7b-4f28-a29f-ffe114c9fc3a" testId="21488787-5bb2-438f-87d0-b15203e9fd88" testName="Test8547" computerName="UA-LPT-OGA2" duration="00:00:01.8870000" startTime="2025-05-14T13:20:31.3146610Z" endTime="2025-05-14T13:25:31.3147553Z" testType="13cdc9d9-ddb5-4fa4-a97d-d965ccfc6d4b" outcome="Inconclusive" testListId="71a771e9-1461-4b71-98b0-7dd17b6bbbee" />
    <UnitTestResult executionId="f778545b-8106-45b1-8215-cfaa6cfe2d68" testId="bde20825-7fca-4404-9596-aa5cfb35cb1e" testName="Test8548" computerName="UA-LPT-OGA2" duration="00:00:00.6560000" startTime="2025-05-14T13:20:31.3146610Z" endTime="2025-05-14T13:25:31.3147553Z" testType="13cdc9d9-ddb5-4fa4-a97d-d965ccfc6d4b" outcome="Failed" testListId="71a771e9-1461-4b71-98b0-7dd17b6bbbee">
      <Output>
        <ErrorInfo>
          <Message>Assertion failed: Expected value did not match actual value.</Message>
          <StackTrace>   at TestNamespace.TestClass.Test() in TestClass.cs:line 343</StackTrace>
        </ErrorInfo>
      </Output>
    </UnitTestResult>
    <UnitTestResult executionId="a9e04b72-7372-427f-aaaa-c25ed973d685" testId="3faaf52c-679f-4ddc-aaae-9dda049c43b6" testName="Test8549" computerName="UA-LPT-OGA2" duration="00:00:01.1440000" startTime="2025-05-14T13:20:31.3146610Z" endTime="2025-05-14T13:25:31.3147553Z" testType="13cdc9d9-ddb5-4fa4-a97d-d965ccfc6d4b" outcome="Passed" testListId="71a771e9-1461-4b71-98b0-7dd17b6bbbee" />
    <UnitTestResult executionId="a48899a6-95b1-43b9-b380-efb63d6d2a20" testId="9943b843-d1f0-4e65-91e6-9af10ab4f6bb" testName="Test8550" computerName="UA-LPT-OGA2" duration="00:00:00.3850000" startTime="2025-05-14T13:20:31.3146610Z" endTime="2025-05-14T13:25:31.3147553Z" testType="13cdc9d9-ddb5-4fa4-a97d-d965ccfc6d4b" outcome="Passed" testListId="71a771e9-1461-4b71-98b0-7dd17b6bbbee" />
    <UnitTestResult executionId="6f48ce7f-b7fd-43a4-b67e-fbae23c4d4e0" testId="993b9766-3f53-480f-a9ad-ea9571fc5c5f" testName="Test8551" computerName="UA-LPT-OGA2" duration="00:00:00.3690000" startTime="2025-05-14T13:20:31.3146610Z" endTime="2025-05-14T13:25:31.3147553Z" testType="13cdc9d9-ddb5-4fa4-a97d-d965ccfc6d4b" outcome="Passed" testListId="71a771e9-1461-4b71-98b0-7dd17b6bbbee" />
    <UnitTestResult executionId="de1849f4-4c9c-45e0-9871-d51579f9b2d1" testId="86993053-e765-4140-87cd-fe4db25de091" testName="Test8552" computerName="UA-LPT-OGA2" duration="00:00:00.1500000" startTime="2025-05-14T13:20:31.3146610Z" endTime="2025-05-14T13:25:31.3147553Z" testType="13cdc9d9-ddb5-4fa4-a97d-d965ccfc6d4b" outcome="Passed" testListId="71a771e9-1461-4b71-98b0-7dd17b6bbbee" />
    <UnitTestResult executionId="846acba6-9732-4d4a-a97a-c5fea7790a24" testId="a7d1e30c-cb5e-41eb-954d-d0f19b5beee2" testName="Test8553" computerName="UA-LPT-OGA2" duration="00:00:01.8690000" startTime="2025-05-14T13:20:31.3146610Z" endTime="2025-05-14T13:25:31.3147553Z" testType="13cdc9d9-ddb5-4fa4-a97d-d965ccfc6d4b" outcome="Passed" testListId="71a771e9-1461-4b71-98b0-7dd17b6bbbee" />
    <UnitTestResult executionId="be164a33-9989-40c1-9712-3ec821dc2129" testId="1ba9d5b0-bac4-45ad-a9df-76d00f0182d2" testName="Test8554" computerName="UA-LPT-OGA2" duration="00:00:01.8660000" startTime="2025-05-14T13:20:31.3146610Z" endTime="2025-05-14T13:25:31.3147553Z" testType="13cdc9d9-ddb5-4fa4-a97d-d965ccfc6d4b" outcome="Passed" testListId="71a771e9-1461-4b71-98b0-7dd17b6bbbee" />
    <UnitTestResult executionId="7cd9f4b6-c373-4974-8072-d293b5855315" testId="3c05a7b8-b051-4b6f-8fbc-1c4668b86782" testName="Test8555" computerName="UA-LPT-OGA2" duration="00:00:00.1560000" startTime="2025-05-14T13:20:31.3146610Z" endTime="2025-05-14T13:25:31.3147553Z" testType="13cdc9d9-ddb5-4fa4-a97d-d965ccfc6d4b" outcome="Passed" testListId="71a771e9-1461-4b71-98b0-7dd17b6bbbee" />
    <UnitTestResult executionId="7120cd08-27a2-4fce-af24-77b83d866e0e" testId="d898aaca-2fe5-4e92-8741-179b4c0c688f" testName="Test8556" computerName="UA-LPT-OGA2" duration="00:00:01.1580000" startTime="2025-05-14T13:20:31.3146610Z" endTime="2025-05-14T13:25:31.3147553Z" testType="13cdc9d9-ddb5-4fa4-a97d-d965ccfc6d4b" outcome="Passed" testListId="71a771e9-1461-4b71-98b0-7dd17b6bbbee" />
    <UnitTestResult executionId="ea95fc54-e949-4903-a3dc-0347b1cb2079" testId="9f0650c4-83f2-483f-bd4d-d86322cb613c" testName="Test8557" computerName="UA-LPT-OGA2" duration="00:00:01.9120000" startTime="2025-05-14T13:20:31.3146610Z" endTime="2025-05-14T13:25:31.3147553Z" testType="13cdc9d9-ddb5-4fa4-a97d-d965ccfc6d4b" outcome="Failed" testListId="71a771e9-1461-4b71-98b0-7dd17b6bbbee">
      <Output>
        <ErrorInfo>
          <Message>Assertion failed: Expected value did not match actual value.</Message>
          <StackTrace>   at TestNamespace.TestClass.Test() in TestClass.cs:line 311</StackTrace>
        </ErrorInfo>
      </Output>
    </UnitTestResult>
    <UnitTestResult executionId="5709656b-fe31-40bb-a18f-73cbeb8f96e0" testId="aa19e19d-f394-4b13-9271-4303bbdb8083" testName="Test8558" computerName="UA-LPT-OGA2" duration="00:00:01.7260000" startTime="2025-05-14T13:20:31.3146610Z" endTime="2025-05-14T13:25:31.3147553Z" testType="13cdc9d9-ddb5-4fa4-a97d-d965ccfc6d4b" outcome="Passed" testListId="71a771e9-1461-4b71-98b0-7dd17b6bbbee" />
    <UnitTestResult executionId="762fcde0-a84f-41f4-b1ad-bf31e83ee8a5" testId="478bf090-8b92-41be-a54e-3cd8b2925380" testName="Test8559" computerName="UA-LPT-OGA2" duration="00:00:01.8720000" startTime="2025-05-14T13:20:31.3146610Z" endTime="2025-05-14T13:25:31.3147553Z" testType="13cdc9d9-ddb5-4fa4-a97d-d965ccfc6d4b" outcome="Passed" testListId="71a771e9-1461-4b71-98b0-7dd17b6bbbee" />
    <UnitTestResult executionId="7257731e-d384-4e6b-a837-5886c8461b5e" testId="2bd446cd-ee84-4b6c-a436-bdafa01787c3" testName="Test8560" computerName="UA-LPT-OGA2" duration="00:00:00.8300000" startTime="2025-05-14T13:20:31.3146610Z" endTime="2025-05-14T13:25:31.3147553Z" testType="13cdc9d9-ddb5-4fa4-a97d-d965ccfc6d4b" outcome="Passed" testListId="71a771e9-1461-4b71-98b0-7dd17b6bbbee" />
    <UnitTestResult executionId="c196d052-9399-434e-8bf1-9186620825a0" testId="554ddc61-a19c-4b9f-becf-c8252e9716f7" testName="Test8561" computerName="UA-LPT-OGA2" duration="00:00:00.0420000" startTime="2025-05-14T13:20:31.3146610Z" endTime="2025-05-14T13:25:31.3147553Z" testType="13cdc9d9-ddb5-4fa4-a97d-d965ccfc6d4b" outcome="Passed" testListId="71a771e9-1461-4b71-98b0-7dd17b6bbbee" />
    <UnitTestResult executionId="70d009dc-2bc7-4535-adf4-6f047917b344" testId="f0a42f59-ffb4-4eef-a0e8-197ce7910835" testName="Test8562" computerName="UA-LPT-OGA2" duration="00:00:00.6130000" startTime="2025-05-14T13:20:31.3146610Z" endTime="2025-05-14T13:25:31.3147553Z" testType="13cdc9d9-ddb5-4fa4-a97d-d965ccfc6d4b" outcome="Failed" testListId="71a771e9-1461-4b71-98b0-7dd17b6bbbee">
      <Output>
        <ErrorInfo>
          <Message>Assertion failed: Expected value did not match actual value.</Message>
          <StackTrace>   at TestNamespace.TestClass.Test() in TestClass.cs:line 229</StackTrace>
        </ErrorInfo>
      </Output>
    </UnitTestResult>
    <UnitTestResult executionId="607b80e3-fd81-492c-b36a-d7d3f95c32ee" testId="bbaad084-3d46-4727-8a38-0345bcf05315" testName="Test8563" computerName="UA-LPT-OGA2" duration="00:00:00.0440000" startTime="2025-05-14T13:20:31.3146610Z" endTime="2025-05-14T13:25:31.3147553Z" testType="13cdc9d9-ddb5-4fa4-a97d-d965ccfc6d4b" outcome="Failed" testListId="71a771e9-1461-4b71-98b0-7dd17b6bbbee">
      <Output>
        <ErrorInfo>
          <Message>Assertion failed: Expected value did not match actual value.</Message>
          <StackTrace>   at TestNamespace.TestClass.Test() in TestClass.cs:line 309</StackTrace>
        </ErrorInfo>
      </Output>
    </UnitTestResult>
    <UnitTestResult executionId="40aa80ad-9a62-4ee2-aa79-98313276a2f7" testId="880aedfc-8b1e-4bd8-b2f5-3ba9ce77c459" testName="Test8564" computerName="UA-LPT-OGA2" duration="00:00:00.6260000" startTime="2025-05-14T13:20:31.3146610Z" endTime="2025-05-14T13:25:31.3147553Z" testType="13cdc9d9-ddb5-4fa4-a97d-d965ccfc6d4b" outcome="Passed" testListId="71a771e9-1461-4b71-98b0-7dd17b6bbbee" />
    <UnitTestResult executionId="79953c04-4c62-49bb-b5bf-643b56dc2097" testId="f11c035b-a0ea-4c83-bdc1-71e8bf3db273" testName="Test8565" computerName="UA-LPT-OGA2" duration="00:00:00.2410000" startTime="2025-05-14T13:20:31.3146610Z" endTime="2025-05-14T13:25:31.3147553Z" testType="13cdc9d9-ddb5-4fa4-a97d-d965ccfc6d4b" outcome="Passed" testListId="71a771e9-1461-4b71-98b0-7dd17b6bbbee" />
    <UnitTestResult executionId="bf9ab69f-b80c-428b-bb45-94ac21723cbf" testId="b433d772-b074-4913-821d-d40a38294e6a" testName="Test8566" computerName="UA-LPT-OGA2" duration="00:00:00.5440000" startTime="2025-05-14T13:20:31.3146610Z" endTime="2025-05-14T13:25:31.3147553Z" testType="13cdc9d9-ddb5-4fa4-a97d-d965ccfc6d4b" outcome="Passed" testListId="71a771e9-1461-4b71-98b0-7dd17b6bbbee" />
    <UnitTestResult executionId="eeeecca6-2a99-4df7-9530-a5d09a017106" testId="e5a20c19-77d1-438c-b0a3-7540d998758e" testName="Test8567" computerName="UA-LPT-OGA2" duration="00:00:01.2170000" startTime="2025-05-14T13:20:31.3146610Z" endTime="2025-05-14T13:25:31.3147553Z" testType="13cdc9d9-ddb5-4fa4-a97d-d965ccfc6d4b" outcome="Passed" testListId="71a771e9-1461-4b71-98b0-7dd17b6bbbee" />
    <UnitTestResult executionId="56b0087f-1467-4a1a-9ba1-717dff0f5301" testId="019de4e5-d914-44e8-9a6d-fc2123f2c9de" testName="Test8568" computerName="UA-LPT-OGA2" duration="00:00:00.1950000" startTime="2025-05-14T13:20:31.3146610Z" endTime="2025-05-14T13:25:31.3147553Z" testType="13cdc9d9-ddb5-4fa4-a97d-d965ccfc6d4b" outcome="Passed" testListId="71a771e9-1461-4b71-98b0-7dd17b6bbbee" />
    <UnitTestResult executionId="fe344bec-10ee-4fb8-83ab-f097a67c40e9" testId="44767abf-8a5b-49b2-898c-08578f3363cb" testName="Test8569" computerName="UA-LPT-OGA2" duration="00:00:00.2690000" startTime="2025-05-14T13:20:31.3146610Z" endTime="2025-05-14T13:25:31.3147553Z" testType="13cdc9d9-ddb5-4fa4-a97d-d965ccfc6d4b" outcome="Passed" testListId="71a771e9-1461-4b71-98b0-7dd17b6bbbee" />
    <UnitTestResult executionId="40f59877-9e6f-4bd1-9354-973f6720cb9d" testId="77d4d3aa-5163-4d52-b961-bb6ac2565c1b" testName="Test8570" computerName="UA-LPT-OGA2" duration="00:00:00.2720000" startTime="2025-05-14T13:20:31.3146610Z" endTime="2025-05-14T13:25:31.3147553Z" testType="13cdc9d9-ddb5-4fa4-a97d-d965ccfc6d4b" outcome="Passed" testListId="71a771e9-1461-4b71-98b0-7dd17b6bbbee" />
    <UnitTestResult executionId="e23db422-f8bf-477c-8fa2-fb922f53fbd8" testId="ec9ba0c2-724f-41ac-8f4c-b9d388178c56" testName="Test8571" computerName="UA-LPT-OGA2" duration="00:00:00.0770000" startTime="2025-05-14T13:20:31.3146610Z" endTime="2025-05-14T13:25:31.3147553Z" testType="13cdc9d9-ddb5-4fa4-a97d-d965ccfc6d4b" outcome="Passed" testListId="71a771e9-1461-4b71-98b0-7dd17b6bbbee" />
    <UnitTestResult executionId="0ffcf95f-f885-4a0f-a00c-b73ade0c9c1a" testId="407fbb3f-f329-4e75-8bc1-188c21c5c6bf" testName="Test8572" computerName="UA-LPT-OGA2" duration="00:00:00.5560000" startTime="2025-05-14T13:20:31.3146610Z" endTime="2025-05-14T13:25:31.3147553Z" testType="13cdc9d9-ddb5-4fa4-a97d-d965ccfc6d4b" outcome="Failed" testListId="71a771e9-1461-4b71-98b0-7dd17b6bbbee">
      <Output>
        <ErrorInfo>
          <Message>Assertion failed: Expected value did not match actual value.</Message>
          <StackTrace>   at TestNamespace.TestClass.Test() in TestClass.cs:line 307</StackTrace>
        </ErrorInfo>
      </Output>
    </UnitTestResult>
    <UnitTestResult executionId="1d4d94e6-94b1-4d8d-9438-f1f65ba36ac7" testId="a5345562-598d-49a6-8682-4d5352fbdb37" testName="Test8573" computerName="UA-LPT-OGA2" duration="00:00:00.2080000" startTime="2025-05-14T13:20:31.3146610Z" endTime="2025-05-14T13:25:31.3147553Z" testType="13cdc9d9-ddb5-4fa4-a97d-d965ccfc6d4b" outcome="Passed" testListId="71a771e9-1461-4b71-98b0-7dd17b6bbbee" />
    <UnitTestResult executionId="84888806-7314-44c3-96a9-2a3d9541bcc6" testId="0bef9ac9-c1b0-47fe-869f-9980499067c7" testName="Test8574" computerName="UA-LPT-OGA2" duration="00:00:01.0520000" startTime="2025-05-14T13:20:31.3146610Z" endTime="2025-05-14T13:25:31.3147553Z" testType="13cdc9d9-ddb5-4fa4-a97d-d965ccfc6d4b" outcome="Passed" testListId="71a771e9-1461-4b71-98b0-7dd17b6bbbee" />
    <UnitTestResult executionId="428332e1-0cf8-4965-ba5f-6cb20c96d634" testId="a36f9371-1525-4946-b858-25709d9b9c9a" testName="Test8575" computerName="UA-LPT-OGA2" duration="00:00:00.8000000" startTime="2025-05-14T13:20:31.3146610Z" endTime="2025-05-14T13:25:31.3147553Z" testType="13cdc9d9-ddb5-4fa4-a97d-d965ccfc6d4b" outcome="Passed" testListId="71a771e9-1461-4b71-98b0-7dd17b6bbbee" />
    <UnitTestResult executionId="b31a3dd3-5358-4470-9c86-9451cada27c8" testId="a2b3b7f7-1cd3-4dcc-a119-ec41b10d5d88" testName="Test8576" computerName="UA-LPT-OGA2" duration="00:00:01.0360000" startTime="2025-05-14T13:20:31.3146610Z" endTime="2025-05-14T13:25:31.3147553Z" testType="13cdc9d9-ddb5-4fa4-a97d-d965ccfc6d4b" outcome="Passed" testListId="71a771e9-1461-4b71-98b0-7dd17b6bbbee" />
    <UnitTestResult executionId="e23aa9ff-c7b3-4d7a-8014-90643c90f6d2" testId="0bc9530c-a5bd-4317-a695-a23b01ef0e0f" testName="Test8577" computerName="UA-LPT-OGA2" duration="00:00:00.2160000" startTime="2025-05-14T13:20:31.3146610Z" endTime="2025-05-14T13:25:31.3147553Z" testType="13cdc9d9-ddb5-4fa4-a97d-d965ccfc6d4b" outcome="Passed" testListId="71a771e9-1461-4b71-98b0-7dd17b6bbbee" />
    <UnitTestResult executionId="bfbbf2d1-2ff2-46d6-b3d5-1671e1f64981" testId="a245753b-f96d-42a6-9b5f-6c49bc60996a" testName="Test8578" computerName="UA-LPT-OGA2" duration="00:00:01.9110000" startTime="2025-05-14T13:20:31.3146610Z" endTime="2025-05-14T13:25:31.3147553Z" testType="13cdc9d9-ddb5-4fa4-a97d-d965ccfc6d4b" outcome="Passed" testListId="71a771e9-1461-4b71-98b0-7dd17b6bbbee" />
    <UnitTestResult executionId="4306ccc2-b512-4f77-8154-fb462264794f" testId="ab13386b-0653-4c27-ac41-a5758b0e5410" testName="Test8579" computerName="UA-LPT-OGA2" duration="00:00:00.6070000" startTime="2025-05-14T13:20:31.3146610Z" endTime="2025-05-14T13:25:31.3147553Z" testType="13cdc9d9-ddb5-4fa4-a97d-d965ccfc6d4b" outcome="Passed" testListId="71a771e9-1461-4b71-98b0-7dd17b6bbbee" />
    <UnitTestResult executionId="88472f8c-71ae-4692-a323-c72b8b3a76e5" testId="84154e4a-5369-4a5d-9bd2-7e647660a478" testName="Test8580" computerName="UA-LPT-OGA2" duration="00:00:01.3860000" startTime="2025-05-14T13:20:31.3146610Z" endTime="2025-05-14T13:25:31.3147553Z" testType="13cdc9d9-ddb5-4fa4-a97d-d965ccfc6d4b" outcome="Passed" testListId="71a771e9-1461-4b71-98b0-7dd17b6bbbee" />
    <UnitTestResult executionId="3f614b91-38ad-4e2c-b51c-db59eeb0c47d" testId="4ff6f9fb-d031-45c3-b876-0b9a23e882fb" testName="Test8581" computerName="UA-LPT-OGA2" duration="00:00:00.3990000" startTime="2025-05-14T13:20:31.3146610Z" endTime="2025-05-14T13:25:31.3147553Z" testType="13cdc9d9-ddb5-4fa4-a97d-d965ccfc6d4b" outcome="Passed" testListId="71a771e9-1461-4b71-98b0-7dd17b6bbbee" />
    <UnitTestResult executionId="af60a8b1-a7d6-45b2-ae37-44fc3b709d79" testId="db0fa645-8c13-4c66-86a8-bb51b1e93404" testName="Test8582" computerName="UA-LPT-OGA2" duration="00:00:00.9140000" startTime="2025-05-14T13:20:31.3146610Z" endTime="2025-05-14T13:25:31.3147553Z" testType="13cdc9d9-ddb5-4fa4-a97d-d965ccfc6d4b" outcome="Passed" testListId="71a771e9-1461-4b71-98b0-7dd17b6bbbee" />
    <UnitTestResult executionId="378ba504-bdde-47be-bc78-40cdb6dbc9b2" testId="8ef1dd08-6b38-46b9-8ec2-ae533821912d" testName="Test8583" computerName="UA-LPT-OGA2" duration="00:00:01.1350000" startTime="2025-05-14T13:20:31.3146610Z" endTime="2025-05-14T13:25:31.3147553Z" testType="13cdc9d9-ddb5-4fa4-a97d-d965ccfc6d4b" outcome="Passed" testListId="71a771e9-1461-4b71-98b0-7dd17b6bbbee" />
    <UnitTestResult executionId="0962aea8-9c64-428f-aa45-8081f98e5680" testId="2e478f0d-ae70-4916-99c9-2314acf8ec1d" testName="Test8584" computerName="UA-LPT-OGA2" duration="00:00:00.0750000" startTime="2025-05-14T13:20:31.3146610Z" endTime="2025-05-14T13:25:31.3147553Z" testType="13cdc9d9-ddb5-4fa4-a97d-d965ccfc6d4b" outcome="Passed" testListId="71a771e9-1461-4b71-98b0-7dd17b6bbbee" />
    <UnitTestResult executionId="03ba630e-9e91-4d16-b130-c7d82d49629d" testId="87919624-61fa-48ee-892c-e023759dc8e1" testName="Test8585" computerName="UA-LPT-OGA2" duration="00:00:01.3340000" startTime="2025-05-14T13:20:31.3146610Z" endTime="2025-05-14T13:25:31.3147553Z" testType="13cdc9d9-ddb5-4fa4-a97d-d965ccfc6d4b" outcome="Failed" testListId="71a771e9-1461-4b71-98b0-7dd17b6bbbee">
      <Output>
        <ErrorInfo>
          <Message>Assertion failed: Expected value did not match actual value.</Message>
          <StackTrace>   at TestNamespace.TestClass.Test() in TestClass.cs:line 12</StackTrace>
        </ErrorInfo>
      </Output>
    </UnitTestResult>
    <UnitTestResult executionId="fd34f095-1b90-478e-b705-b1932c3ad189" testId="fac8c080-808c-4864-a22a-048e239a40cd" testName="Test8586" computerName="UA-LPT-OGA2" duration="00:00:00.1850000" startTime="2025-05-14T13:20:31.3146610Z" endTime="2025-05-14T13:25:31.3147553Z" testType="13cdc9d9-ddb5-4fa4-a97d-d965ccfc6d4b" outcome="Passed" testListId="71a771e9-1461-4b71-98b0-7dd17b6bbbee" />
    <UnitTestResult executionId="4d1615db-dd67-4fa3-b82f-20be386633b8" testId="3862ecd7-f1bd-403f-8ea1-03d954f703cb" testName="Test8587" computerName="UA-LPT-OGA2" duration="00:00:00.0800000" startTime="2025-05-14T13:20:31.3146610Z" endTime="2025-05-14T13:25:31.3147553Z" testType="13cdc9d9-ddb5-4fa4-a97d-d965ccfc6d4b" outcome="Passed" testListId="71a771e9-1461-4b71-98b0-7dd17b6bbbee" />
    <UnitTestResult executionId="ad230976-6591-4d6e-a743-ca6e2126224a" testId="dfb525a9-7977-4957-93ca-a728c500e930" testName="Test8588" computerName="UA-LPT-OGA2" duration="00:00:00.6040000" startTime="2025-05-14T13:20:31.3146610Z" endTime="2025-05-14T13:25:31.3147553Z" testType="13cdc9d9-ddb5-4fa4-a97d-d965ccfc6d4b" outcome="Passed" testListId="71a771e9-1461-4b71-98b0-7dd17b6bbbee" />
    <UnitTestResult executionId="e9a8c481-d9cc-4f2c-bea0-97298d13be4c" testId="405dae6d-453e-41e4-8aa5-42cb2c2eb355" testName="Test8589" computerName="UA-LPT-OGA2" duration="00:00:01.1830000" startTime="2025-05-14T13:20:31.3146610Z" endTime="2025-05-14T13:25:31.3147553Z" testType="13cdc9d9-ddb5-4fa4-a97d-d965ccfc6d4b" outcome="Passed" testListId="71a771e9-1461-4b71-98b0-7dd17b6bbbee" />
    <UnitTestResult executionId="480b4760-0217-43fd-a9cb-c35088c05afa" testId="c8ffa0de-01ad-4bdf-a90c-d72e11da667d" testName="Test8590" computerName="UA-LPT-OGA2" duration="00:00:01.7370000" startTime="2025-05-14T13:20:31.3146610Z" endTime="2025-05-14T13:25:31.3147553Z" testType="13cdc9d9-ddb5-4fa4-a97d-d965ccfc6d4b" outcome="Passed" testListId="71a771e9-1461-4b71-98b0-7dd17b6bbbee" />
    <UnitTestResult executionId="d75c56a2-1649-481c-89ca-00f6b9a98430" testId="4500879e-8938-4a13-86bd-644e36ef3d47" testName="Test8591" computerName="UA-LPT-OGA2" duration="00:00:00.0230000" startTime="2025-05-14T13:20:31.3146610Z" endTime="2025-05-14T13:25:31.3147553Z" testType="13cdc9d9-ddb5-4fa4-a97d-d965ccfc6d4b" outcome="Passed" testListId="71a771e9-1461-4b71-98b0-7dd17b6bbbee" />
    <UnitTestResult executionId="15d3c132-8764-40e2-9749-5c65000c648d" testId="679bafc5-cf9d-4a9c-89f6-ce6ae3e2c667" testName="Test8592" computerName="UA-LPT-OGA2" duration="00:00:00.7900000" startTime="2025-05-14T13:20:31.3146610Z" endTime="2025-05-14T13:25:31.3147553Z" testType="13cdc9d9-ddb5-4fa4-a97d-d965ccfc6d4b" outcome="Passed" testListId="71a771e9-1461-4b71-98b0-7dd17b6bbbee" />
    <UnitTestResult executionId="612c6dff-c3d3-4282-bc8a-0a86e3dd4b0a" testId="a1bf5a30-6ed1-484a-960e-d21c935514bb" testName="Test8593" computerName="UA-LPT-OGA2" duration="00:00:00.1230000" startTime="2025-05-14T13:20:31.3146610Z" endTime="2025-05-14T13:25:31.3147553Z" testType="13cdc9d9-ddb5-4fa4-a97d-d965ccfc6d4b" outcome="Passed" testListId="71a771e9-1461-4b71-98b0-7dd17b6bbbee" />
    <UnitTestResult executionId="c0bc1adb-be40-4230-b7fc-77c02f9d5983" testId="63cdb126-8b63-4523-b85b-32d7759a5439" testName="Test8594" computerName="UA-LPT-OGA2" duration="00:00:00.8310000" startTime="2025-05-14T13:20:31.3146610Z" endTime="2025-05-14T13:25:31.3147553Z" testType="13cdc9d9-ddb5-4fa4-a97d-d965ccfc6d4b" outcome="Passed" testListId="71a771e9-1461-4b71-98b0-7dd17b6bbbee" />
    <UnitTestResult executionId="80b76bc0-4fa5-4569-91f2-7eba9081ba66" testId="d50dc4a6-ed3a-48e3-a3f8-307ff14d9166" testName="Test8595" computerName="UA-LPT-OGA2" duration="00:00:01.5880000" startTime="2025-05-14T13:20:31.3146610Z" endTime="2025-05-14T13:25:31.3147553Z" testType="13cdc9d9-ddb5-4fa4-a97d-d965ccfc6d4b" outcome="Passed" testListId="71a771e9-1461-4b71-98b0-7dd17b6bbbee" />
    <UnitTestResult executionId="2e61689a-897b-4269-abe8-fe5c35672256" testId="bb67f6fe-c37d-4d4a-b186-f908a36fdef6" testName="Test8596" computerName="UA-LPT-OGA2" duration="00:00:01.3750000" startTime="2025-05-14T13:20:31.3146610Z" endTime="2025-05-14T13:25:31.3147553Z" testType="13cdc9d9-ddb5-4fa4-a97d-d965ccfc6d4b" outcome="Passed" testListId="71a771e9-1461-4b71-98b0-7dd17b6bbbee" />
    <UnitTestResult executionId="3553cf6b-527f-4270-8056-74b4195deff9" testId="247a4c9c-75c5-4cc2-8a7b-64253031e193" testName="Test8597" computerName="UA-LPT-OGA2" duration="00:00:00.3890000" startTime="2025-05-14T13:20:31.3146610Z" endTime="2025-05-14T13:25:31.3147553Z" testType="13cdc9d9-ddb5-4fa4-a97d-d965ccfc6d4b" outcome="Passed" testListId="71a771e9-1461-4b71-98b0-7dd17b6bbbee" />
    <UnitTestResult executionId="ac156e4b-326d-4d72-aacf-7e2b34aedacd" testId="b673122e-b4f7-44c1-bd6c-7a2f700a3b6a" testName="Test8598" computerName="UA-LPT-OGA2" duration="00:00:00.7990000" startTime="2025-05-14T13:20:31.3146610Z" endTime="2025-05-14T13:25:31.3147553Z" testType="13cdc9d9-ddb5-4fa4-a97d-d965ccfc6d4b" outcome="Passed" testListId="71a771e9-1461-4b71-98b0-7dd17b6bbbee" />
    <UnitTestResult executionId="f035145d-9086-49d9-b01d-cff954b3997f" testId="a9ed940a-a573-4495-a17a-24dca38a38b1" testName="Test8599" computerName="UA-LPT-OGA2" duration="00:00:00.2640000" startTime="2025-05-14T13:20:31.3146610Z" endTime="2025-05-14T13:25:31.3147553Z" testType="13cdc9d9-ddb5-4fa4-a97d-d965ccfc6d4b" outcome="Passed" testListId="71a771e9-1461-4b71-98b0-7dd17b6bbbee" />
    <UnitTestResult executionId="2b669bdf-b04d-476b-8791-e90511da7d33" testId="d3cae8bf-6d01-498c-866f-acc6409723a8" testName="Test8600" computerName="UA-LPT-OGA2" duration="00:00:00.3080000" startTime="2025-05-14T13:20:31.3146610Z" endTime="2025-05-14T13:25:31.3147553Z" testType="13cdc9d9-ddb5-4fa4-a97d-d965ccfc6d4b" outcome="Passed" testListId="71a771e9-1461-4b71-98b0-7dd17b6bbbee" />
  </Results>
  <TestDefinitions>
    <UnitTest name="Test8501" id="f5ff7a07-7083-4820-b3b6-dcf38c8e7f82" storage="TestAssembly.dll">
      <Execution id="f1d5ddcb-8a9c-4794-9338-c402c9bb780c" />
      <TestMethod codeBase="TestAssembly.dll" className="TestNamespace.TestClass1" name="Test8501" />
    </UnitTest>
    <UnitTest name="Test8502" id="7208482a-18d1-4edd-914a-c6beb35081d0" storage="TestAssembly.dll">
      <Execution id="c55ee91e-7099-4225-a0a8-407cd15a8fcd" />
      <TestMethod codeBase="TestAssembly.dll" className="TestNamespace.TestClass1" name="Test8502" />
    </UnitTest>
    <UnitTest name="Test8503" id="1f28dccb-1117-4229-9df5-b1895af8ccf1" storage="TestAssembly.dll">
      <Execution id="400b1aab-e709-4ff6-a4c8-1f10c6ae237d" />
      <TestMethod codeBase="TestAssembly.dll" className="TestNamespace.TestClass1" name="Test8503" />
    </UnitTest>
    <UnitTest name="Test8504" id="23f1f1bf-bd21-4d53-b80d-affd3b704ba9" storage="TestAssembly.dll">
      <Execution id="20925f55-86fb-4395-abf4-f7db441b6e6e" />
      <TestMethod codeBase="TestAssembly.dll" className="TestNamespace.TestClass1" name="Test8504" />
    </UnitTest>
    <UnitTest name="Test8505" id="7133afd6-72bd-466b-9735-2a2c79242b6b" storage="TestAssembly.dll">
      <Execution id="26e967ae-d5b7-4b94-ba15-b262ba531944" />
      <TestMethod codeBase="TestAssembly.dll" className="TestNamespace.TestClass1" name="Test8505" />
    </UnitTest>
    <UnitTest name="Test8506" id="259453e3-5857-4d47-aa53-547650b36cae" storage="TestAssembly.dll">
      <Execution id="f215ccf2-3c40-44f0-bdc1-7b6475ebe2e1" />
      <TestMethod codeBase="TestAssembly.dll" className="TestNamespace.TestClass1" name="Test8506" />
    </UnitTest>
    <UnitTest name="Test8507" id="e31324ac-587f-43e7-b2c5-a3914c9ca49d" storage="TestAssembly.dll">
      <Execution id="da928939-e71c-4bda-918e-786782252eba" />
      <TestMethod codeBase="TestAssembly.dll" className="TestNamespace.TestClass1" name="Test8507" />
    </UnitTest>
    <UnitTest name="Test8508" id="ea8cdfc6-e56f-4ff7-8d30-1be03dbfe28e" storage="TestAssembly.dll">
      <Execution id="607cd01b-e21a-4dcf-9e60-554df82149cd" />
      <TestMethod codeBase="TestAssembly.dll" className="TestNamespace.TestClass1" name="Test8508" />
    </UnitTest>
    <UnitTest name="Test8509" id="73d7cad6-3874-4f23-86f7-15710f8bea43" storage="TestAssembly.dll">
      <Execution id="8b043467-0199-495a-928b-2145ac2f6136" />
      <TestMethod codeBase="TestAssembly.dll" className="TestNamespace.TestClass1" name="Test8509" />
    </UnitTest>
    <UnitTest name="Test8510" id="dcdc67ef-7772-47e1-affb-2da153489f0b" storage="TestAssembly.dll">
      <Execution id="2870e9f2-1fd7-475c-94ad-512e71bddef3" />
      <TestMethod codeBase="TestAssembly.dll" className="TestNamespace.TestClass1" name="Test8510" />
    </UnitTest>
    <UnitTest name="Test8511" id="2fb8fd4f-2b27-4be3-9d10-e4151abc4258" storage="TestAssembly.dll">
      <Execution id="a7404375-39a2-4a11-82d2-a8e9e7cc0e7b" />
      <TestMethod codeBase="TestAssembly.dll" className="TestNamespace.TestClass2" name="Test8511" />
    </UnitTest>
    <UnitTest name="Test8512" id="c4d31cf4-e210-44dc-a906-43b869387a7e" storage="TestAssembly.dll">
      <Execution id="641e9ed7-63ad-474a-bf86-e4e9eda0ff31" />
      <TestMethod codeBase="TestAssembly.dll" className="TestNamespace.TestClass2" name="Test8512" />
    </UnitTest>
    <UnitTest name="Test8513" id="34effeb9-f4bb-42b9-a84a-8dcf4b9c1a3d" storage="TestAssembly.dll">
      <Execution id="6f304e82-2ee1-42b8-a90f-89891ad5f3fd" />
      <TestMethod codeBase="TestAssembly.dll" className="TestNamespace.TestClass2" name="Test8513" />
    </UnitTest>
    <UnitTest name="Test8514" id="cdf5a2d6-b790-4383-a32a-9329611e40d2" storage="TestAssembly.dll">
      <Execution id="445e8d17-26a3-44eb-8166-df943665833f" />
      <TestMethod codeBase="TestAssembly.dll" className="TestNamespace.TestClass2" name="Test8514" />
    </UnitTest>
    <UnitTest name="Test8515" id="299ad645-d8fb-4b42-9642-f3434ac58fb4" storage="TestAssembly.dll">
      <Execution id="e17e5dc4-fd01-4b3d-82d3-ff35d051bb95" />
      <TestMethod codeBase="TestAssembly.dll" className="TestNamespace.TestClass2" name="Test8515" />
    </UnitTest>
    <UnitTest name="Test8516" id="2d53d6fd-3545-4ab2-8366-17a98db93212" storage="TestAssembly.dll">
      <Execution id="5f5e1b06-2ced-4d47-99e1-ddd170ecd1aa" />
      <TestMethod codeBase="TestAssembly.dll" className="TestNamespace.TestClass2" name="Test8516" />
    </UnitTest>
    <UnitTest name="Test8517" id="dde4f62e-1a00-4b5b-8491-182a5d43b1ae" storage="TestAssembly.dll">
      <Execution id="4c579893-019b-4850-b513-67f5d2b29b25" />
      <TestMethod codeBase="TestAssembly.dll" className="TestNamespace.TestClass2" name="Test8517" />
    </UnitTest>
    <UnitTest name="Test8518" id="e826be6f-aa75-48dc-9746-51876a975528" storage="TestAssembly.dll">
      <Execution id="38226483-de09-4bbc-8319-bd23a6b74463" />
      <TestMethod codeBase="TestAssembly.dll" className="TestNamespace.TestClass2" name="Test8518" />
    </UnitTest>
    <UnitTest name="Test8519" id="69435291-5356-4444-aca9-e3764ecb8527" storage="TestAssembly.dll">
      <Execution id="3f9519c0-4f92-4780-8c3c-c65a646dae0f" />
      <TestMethod codeBase="TestAssembly.dll" className="TestNamespace.TestClass2" name="Test8519" />
    </UnitTest>
    <UnitTest name="Test8520" id="aaa8a9d8-89c2-40bd-93d1-66e8917db474" storage="TestAssembly.dll">
      <Execution id="6810a9b9-8e80-4742-adf7-e7a93f477e43" />
      <TestMethod codeBase="TestAssembly.dll" className="TestNamespace.TestClass2" name="Test8520" />
    </UnitTest>
    <UnitTest name="Test8521" id="d02764f0-4c43-4077-8e7e-9a522e494924" storage="TestAssembly.dll">
      <Execution id="0f49a5b1-9cc4-4d80-97fe-b53e82091c88" />
      <TestMethod codeBase="TestAssembly.dll" className="TestNamespace.TestClass3" name="Test8521" />
    </UnitTest>
    <UnitTest name="Test8522" id="82892d93-d722-4d6d-9207-99410381a8d4" storage="TestAssembly.dll">
      <Execution id="af875839-1409-47a9-ba37-b3f7bea237e9" />
      <TestMethod codeBase="TestAssembly.dll" className="TestNamespace.TestClass3" name="Test8522" />
    </UnitTest>
    <UnitTest name="Test8523" id="99c90884-ba83-4697-9d54-1945a459f449" storage="TestAssembly.dll">
      <Execution id="bf9cda3b-6dbb-4cab-a805-4f1f020a8699" />
      <TestMethod codeBase="TestAssembly.dll" className="TestNamespace.TestClass3" name="Test8523" />
    </UnitTest>
    <UnitTest name="Test8524" id="14618f89-b291-49bf-bc12-03a1a7d85416" storage="TestAssembly.dll">
      <Execution id="ea1160ce-5e0b-4af7-ad03-f133e2511616" />
      <TestMethod codeBase="TestAssembly.dll" className="TestNamespace.TestClass3" name="Test8524" />
    </UnitTest>
    <UnitTest name="Test8525" id="5c7a86b3-1189-4822-b4d7-a23ee4c3562b" storage="TestAssembly.dll">
      <Execution id="85b06844-0978-4d40-9e61-8f3b66b8e2ce" />
      <TestMethod codeBase="TestAssembly.dll" className="TestNamespace.TestClass3" name="Test8525" />
    </UnitTest>
    <UnitTest name="Test8526" id="f4e2ff86-24aa-4c81-8f54-ef570ca1e502" storage="TestAssembly.dll">
      <Execution id="a23b36f0-3ef4-4fcb-8735-10b402ae7aef" />
      <TestMethod codeBase="TestAssembly.dll" className="TestNamespace.TestClass3" name="Test8526" />
    </UnitTest>
    <UnitTest name="Test8527" id="3b13e9e9-847f-4d09-a6b4-a2bf91624203" storage="TestAssembly.dll">
      <Execution id="85a579ed-32f1-40bc-a38f-d3a160fb19b4" />
      <TestMethod codeBase="TestAssembly.dll" className="TestNamespace.TestClass3" name="Test8527" />
    </UnitTest>
    <UnitTest name="Test8528" id="a2dd1b8f-1c7a-4b8a-9bd1-2128f6d32324" storage="TestAssembly.dll">
      <Execution id="1dc4c32c-612d-40fb-925c-902aa8e6bda6" />
      <TestMethod codeBase="TestAssembly.dll" className="TestNamespace.TestClass3" name="Test8528" />
    </UnitTest>
    <UnitTest name="Test8529" id="c93aeca6-7f5e-4571-b9c6-1b7122a3e959" storage="TestAssembly.dll">
      <Execution id="eee47323-8a13-4663-b1e4-816d7d77d0bf" />
      <TestMethod codeBase="TestAssembly.dll" className="TestNamespace.TestClass3" name="Test8529" />
    </UnitTest>
    <UnitTest name="Test8530" id="7b0a4256-f18b-4c93-8ed0-4c48c6a46c88" storage="TestAssembly.dll">
      <Execution id="d69bd66a-58c6-4830-ac25-193bff02e790" />
      <TestMethod codeBase="TestAssembly.dll" className="TestNamespace.TestClass3" name="Test8530" />
    </UnitTest>
    <UnitTest name="Test8531" id="f6a916bf-c6e4-4036-8289-1aa314bb2b55" storage="TestAssembly.dll">
      <Execution id="a38879c3-e4c5-4918-8967-936a4873ee01" />
      <TestMethod codeBase="TestAssembly.dll" className="TestNamespace.TestClass4" name="Test8531" />
    </UnitTest>
    <UnitTest name="Test8532" id="1e00eb34-31ba-4ccf-aae9-e19de969983d" storage="TestAssembly.dll">
      <Execution id="c397f214-9e30-445c-836f-3d23c8f526b3" />
      <TestMethod codeBase="TestAssembly.dll" className="TestNamespace.TestClass4" name="Test8532" />
    </UnitTest>
    <UnitTest name="Test8533" id="3b51edf6-b8fd-44d5-8011-f7fa55c10d91" storage="TestAssembly.dll">
      <Execution id="b02406dc-57f7-4b9e-8e2f-6694b8b49aa7" />
      <TestMethod codeBase="TestAssembly.dll" className="TestNamespace.TestClass4" name="Test8533" />
    </UnitTest>
    <UnitTest name="Test8534" id="13d8851b-c68f-4a6c-b136-385bdb65b016" storage="TestAssembly.dll">
      <Execution id="230239b7-1f5d-44ee-9d78-f047c48e66b1" />
      <TestMethod codeBase="TestAssembly.dll" className="TestNamespace.TestClass4" name="Test8534" />
    </UnitTest>
    <UnitTest name="Test8535" id="d0e1b83e-2825-4f59-b163-f1a7455e9734" storage="TestAssembly.dll">
      <Execution id="184c7ffe-da0c-4a66-9675-8ab2f2b58cee" />
      <TestMethod codeBase="TestAssembly.dll" className="TestNamespace.TestClass4" name="Test8535" />
    </UnitTest>
    <UnitTest name="Test8536" id="5fdcece0-a34c-49d0-8467-2bc9eb19746e" storage="TestAssembly.dll">
      <Execution id="56bdb569-232e-4f82-ab3d-b0bfbd685c23" />
      <TestMethod codeBase="TestAssembly.dll" className="TestNamespace.TestClass4" name="Test8536" />
    </UnitTest>
    <UnitTest name="Test8537" id="f89c0184-2f9b-4802-b43d-29810fab6c4d" storage="TestAssembly.dll">
      <Execution id="19bf2801-a4ac-4e5e-8be0-25a0da669235" />
      <TestMethod codeBase="TestAssembly.dll" className="TestNamespace.TestClass4" name="Test8537" />
    </UnitTest>
    <UnitTest name="Test8538" id="df32b58e-f09d-4c35-8925-190d6b12d7be" storage="TestAssembly.dll">
      <Execution id="2e520bef-06b9-41ff-8fe6-ab37af770cc3" />
      <TestMethod codeBase="TestAssembly.dll" className="TestNamespace.TestClass4" name="Test8538" />
    </UnitTest>
    <UnitTest name="Test8539" id="145ede96-eacd-4f1b-8b26-6eaf74a2f96d" storage="TestAssembly.dll">
      <Execution id="7c1f9b59-cbed-4dd2-ba91-6f65420ea945" />
      <TestMethod codeBase="TestAssembly.dll" className="TestNamespace.TestClass4" name="Test8539" />
    </UnitTest>
    <UnitTest name="Test8540" id="682383b0-35a3-4d42-b8f2-011a977189c3" storage="TestAssembly.dll">
      <Execution id="440d50b3-0269-403a-b0ea-e7f0818f91a3" />
      <TestMethod codeBase="TestAssembly.dll" className="TestNamespace.TestClass4" name="Test8540" />
    </UnitTest>
    <UnitTest name="Test8541" id="d8fbdf6d-f7a2-499b-8a27-8448ac8f0c21" storage="TestAssembly.dll">
      <Execution id="757cc9a8-fa8b-4b87-a7b4-90c78f3ad0ba" />
      <TestMethod codeBase="TestAssembly.dll" className="TestNamespace.TestClass5" name="Test8541" />
    </UnitTest>
    <UnitTest name="Test8542" id="2987ba87-3282-4262-84f6-f5f784acfcdb" storage="TestAssembly.dll">
      <Execution id="ba0a6a76-e6d5-48fd-babf-77595b425553" />
      <TestMethod codeBase="TestAssembly.dll" className="TestNamespace.TestClass5" name="Test8542" />
    </UnitTest>
    <UnitTest name="Test8543" id="516eacda-bbf1-45ac-8bce-302a694b71ee" storage="TestAssembly.dll">
      <Execution id="8f165a6d-b6d9-4fac-91b7-6f658050767e" />
      <TestMethod codeBase="TestAssembly.dll" className="TestNamespace.TestClass5" name="Test8543" />
    </UnitTest>
    <UnitTest name="Test8544" id="41a7803f-b0cd-48ed-9816-3d434dafe0fe" storage="TestAssembly.dll">
      <Execution id="3de0c7da-f10f-4c9e-bb6f-2d93eca42597" />
      <TestMethod codeBase="TestAssembly.dll" className="TestNamespace.TestClass5" name="Test8544" />
    </UnitTest>
    <UnitTest name="Test8545" id="e410cab0-89df-4c1f-8b76-a6822115ce42" storage="TestAssembly.dll">
      <Execution id="aaee58d3-9110-4f0f-b83f-59a166a587d0" />
      <TestMethod codeBase="TestAssembly.dll" className="TestNamespace.TestClass5" name="Test8545" />
    </UnitTest>
    <UnitTest name="Test8546" id="66fc7d8e-f64d-4ad7-9478-b9a370951202" storage="TestAssembly.dll">
      <Execution id="9d1c1653-9576-423f-992a-5c035c25dad9" />
      <TestMethod codeBase="TestAssembly.dll" className="TestNamespace.TestClass5" name="Test8546" />
    </UnitTest>
    <UnitTest name="Test8547" id="21488787-5bb2-438f-87d0-b15203e9fd88" storage="TestAssembly.dll">
      <Execution id="2733bf21-5a7b-4f28-a29f-ffe114c9fc3a" />
      <TestMethod codeBase="TestAssembly.dll" className="TestNamespace.TestClass5" name="Test8547" />
    </UnitTest>
    <UnitTest name="Test8548" id="bde20825-7fca-4404-9596-aa5cfb35cb1e" storage="TestAssembly.dll">
      <Execution id="f778545b-8106-45b1-8215-cfaa6cfe2d68" />
      <TestMethod codeBase="TestAssembly.dll" className="TestNamespace.TestClass5" name="Test8548" />
    </UnitTest>
    <UnitTest name="Test8549" id="3faaf52c-679f-4ddc-aaae-9dda049c43b6" storage="TestAssembly.dll">
      <Execution id="a9e04b72-7372-427f-aaaa-c25ed973d685" />
      <TestMethod codeBase="TestAssembly.dll" className="TestNamespace.TestClass5" name="Test8549" />
    </UnitTest>
    <UnitTest name="Test8550" id="9943b843-d1f0-4e65-91e6-9af10ab4f6bb" storage="TestAssembly.dll">
      <Execution id="a48899a6-95b1-43b9-b380-efb63d6d2a20" />
      <TestMethod codeBase="TestAssembly.dll" className="TestNamespace.TestClass5" name="Test8550" />
    </UnitTest>
    <UnitTest name="Test8551" id="993b9766-3f53-480f-a9ad-ea9571fc5c5f" storage="TestAssembly.dll">
      <Execution id="6f48ce7f-b7fd-43a4-b67e-fbae23c4d4e0" />
      <TestMethod codeBase="TestAssembly.dll" className="TestNamespace.TestClass6" name="Test8551" />
    </UnitTest>
    <UnitTest name="Test8552" id="86993053-e765-4140-87cd-fe4db25de091" storage="TestAssembly.dll">
      <Execution id="de1849f4-4c9c-45e0-9871-d51579f9b2d1" />
      <TestMethod codeBase="TestAssembly.dll" className="TestNamespace.TestClass6" name="Test8552" />
    </UnitTest>
    <UnitTest name="Test8553" id="a7d1e30c-cb5e-41eb-954d-d0f19b5beee2" storage="TestAssembly.dll">
      <Execution id="846acba6-9732-4d4a-a97a-c5fea7790a24" />
      <TestMethod codeBase="TestAssembly.dll" className="TestNamespace.TestClass6" name="Test8553" />
    </UnitTest>
    <UnitTest name="Test8554" id="1ba9d5b0-bac4-45ad-a9df-76d00f0182d2" storage="TestAssembly.dll">
      <Execution id="be164a33-9989-40c1-9712-3ec821dc2129" />
      <TestMethod codeBase="TestAssembly.dll" className="TestNamespace.TestClass6" name="Test8554" />
    </UnitTest>
    <UnitTest name="Test8555" id="3c05a7b8-b051-4b6f-8fbc-1c4668b86782" storage="TestAssembly.dll">
      <Execution id="7cd9f4b6-c373-4974-8072-d293b5855315" />
      <TestMethod codeBase="TestAssembly.dll" className="TestNamespace.TestClass6" name="Test8555" />
    </UnitTest>
    <UnitTest name="Test8556" id="d898aaca-2fe5-4e92-8741-179b4c0c688f" storage="TestAssembly.dll">
      <Execution id="7120cd08-27a2-4fce-af24-77b83d866e0e" />
      <TestMethod codeBase="TestAssembly.dll" className="TestNamespace.TestClass6" name="Test8556" />
    </UnitTest>
    <UnitTest name="Test8557" id="9f0650c4-83f2-483f-bd4d-d86322cb613c" storage="TestAssembly.dll">
      <Execution id="ea95fc54-e949-4903-a3dc-0347b1cb2079" />
      <TestMethod codeBase="TestAssembly.dll" className="TestNamespace.TestClass6" name="Test8557" />
    </UnitTest>
    <UnitTest name="Test8558" id="aa19e19d-f394-4b13-9271-4303bbdb8083" storage="TestAssembly.dll">
      <Execution id="5709656b-fe31-40bb-a18f-73cbeb8f96e0" />
      <TestMethod codeBase="TestAssembly.dll" className="TestNamespace.TestClass6" name="Test8558" />
    </UnitTest>
    <UnitTest name="Test8559" id="478bf090-8b92-41be-a54e-3cd8b2925380" storage="TestAssembly.dll">
      <Execution id="762fcde0-a84f-41f4-b1ad-bf31e83ee8a5" />
      <TestMethod codeBase="TestAssembly.dll" className="TestNamespace.TestClass6" name="Test8559" />
    </UnitTest>
    <UnitTest name="Test8560" id="2bd446cd-ee84-4b6c-a436-bdafa01787c3" storage="TestAssembly.dll">
      <Execution id="7257731e-d384-4e6b-a837-5886c8461b5e" />
      <TestMethod codeBase="TestAssembly.dll" className="TestNamespace.TestClass6" name="Test8560" />
    </UnitTest>
    <UnitTest name="Test8561" id="554ddc61-a19c-4b9f-becf-c8252e9716f7" storage="TestAssembly.dll">
      <Execution id="c196d052-9399-434e-8bf1-9186620825a0" />
      <TestMethod codeBase="TestAssembly.dll" className="TestNamespace.TestClass7" name="Test8561" />
    </UnitTest>
    <UnitTest name="Test8562" id="f0a42f59-ffb4-4eef-a0e8-197ce7910835" storage="TestAssembly.dll">
      <Execution id="70d009dc-2bc7-4535-adf4-6f047917b344" />
      <TestMethod codeBase="TestAssembly.dll" className="TestNamespace.TestClass7" name="Test8562" />
    </UnitTest>
    <UnitTest name="Test8563" id="bbaad084-3d46-4727-8a38-0345bcf05315" storage="TestAssembly.dll">
      <Execution id="607b80e3-fd81-492c-b36a-d7d3f95c32ee" />
      <TestMethod codeBase="TestAssembly.dll" className="TestNamespace.TestClass7" name="Test8563" />
    </UnitTest>
    <UnitTest name="Test8564" id="880aedfc-8b1e-4bd8-b2f5-3ba9ce77c459" storage="TestAssembly.dll">
      <Execution id="40aa80ad-9a62-4ee2-aa79-98313276a2f7" />
      <TestMethod codeBase="TestAssembly.dll" className="TestNamespace.TestClass7" name="Test8564" />
    </UnitTest>
    <UnitTest name="Test8565" id="f11c035b-a0ea-4c83-bdc1-71e8bf3db273" storage="TestAssembly.dll">
      <Execution id="79953c04-4c62-49bb-b5bf-643b56dc2097" />
      <TestMethod codeBase="TestAssembly.dll" className="TestNamespace.TestClass7" name="Test8565" />
    </UnitTest>
    <UnitTest name="Test8566" id="b433d772-b074-4913-821d-d40a38294e6a" storage="TestAssembly.dll">
      <Execution id="bf9ab69f-b80c-428b-bb45-94ac21723cbf" />
      <TestMethod codeBase="TestAssembly.dll" className="TestNamespace.TestClass7" name="Test8566" />
    </UnitTest>
    <UnitTest name="Test8567" id="e5a20c19-77d1-438c-b0a3-7540d998758e" storage="TestAssembly.dll">
      <Execution id="eeeecca6-2a99-4df7-9530-a5d09a017106" />
      <TestMethod codeBase="TestAssembly.dll" className="TestNamespace.TestClass7" name="Test8567" />
    </UnitTest>
    <UnitTest name="Test8568" id="019de4e5-d914-44e8-9a6d-fc2123f2c9de" storage="TestAssembly.dll">
      <Execution id="56b0087f-1467-4a1a-9ba1-717dff0f5301" />
      <TestMethod codeBase="TestAssembly.dll" className="TestNamespace.TestClass7" name="Test8568" />
    </UnitTest>
    <UnitTest name="Test8569" id="44767abf-8a5b-49b2-898c-08578f3363cb" storage="TestAssembly.dll">
      <Execution id="fe344bec-10ee-4fb8-83ab-f097a67c40e9" />
      <TestMethod codeBase="TestAssembly.dll" className="TestNamespace.TestClass7" name="Test8569" />
    </UnitTest>
    <UnitTest name="Test8570" id="77d4d3aa-5163-4d52-b961-bb6ac2565c1b" storage="TestAssembly.dll">
      <Execution id="40f59877-9e6f-4bd1-9354-973f6720cb9d" />
      <TestMethod codeBase="TestAssembly.dll" className="TestNamespace.TestClass7" name="Test8570" />
    </UnitTest>
    <UnitTest name="Test8571" id="ec9ba0c2-724f-41ac-8f4c-b9d388178c56" storage="TestAssembly.dll">
      <Execution id="e23db422-f8bf-477c-8fa2-fb922f53fbd8" />
      <TestMethod codeBase="TestAssembly.dll" className="TestNamespace.TestClass8" name="Test8571" />
    </UnitTest>
    <UnitTest name="Test8572" id="407fbb3f-f329-4e75-8bc1-188c21c5c6bf" storage="TestAssembly.dll">
      <Execution id="0ffcf95f-f885-4a0f-a00c-b73ade0c9c1a" />
      <TestMethod codeBase="TestAssembly.dll" className="TestNamespace.TestClass8" name="Test8572" />
    </UnitTest>
    <UnitTest name="Test8573" id="a5345562-598d-49a6-8682-4d5352fbdb37" storage="TestAssembly.dll">
      <Execution id="1d4d94e6-94b1-4d8d-9438-f1f65ba36ac7" />
      <TestMethod codeBase="TestAssembly.dll" className="TestNamespace.TestClass8" name="Test8573" />
    </UnitTest>
    <UnitTest name="Test8574" id="0bef9ac9-c1b0-47fe-869f-9980499067c7" storage="TestAssembly.dll">
      <Execution id="84888806-7314-44c3-96a9-2a3d9541bcc6" />
      <TestMethod codeBase="TestAssembly.dll" className="TestNamespace.TestClass8" name="Test8574" />
    </UnitTest>
    <UnitTest name="Test8575" id="a36f9371-1525-4946-b858-25709d9b9c9a" storage="TestAssembly.dll">
      <Execution id="428332e1-0cf8-4965-ba5f-6cb20c96d634" />
      <TestMethod codeBase="TestAssembly.dll" className="TestNamespace.TestClass8" name="Test8575" />
    </UnitTest>
    <UnitTest name="Test8576" id="a2b3b7f7-1cd3-4dcc-a119-ec41b10d5d88" storage="TestAssembly.dll">
      <Execution id="b31a3dd3-5358-4470-9c86-9451cada27c8" />
      <TestMethod codeBase="TestAssembly.dll" className="TestNamespace.TestClass8" name="Test8576" />
    </UnitTest>
    <UnitTest name="Test8577" id="0bc9530c-a5bd-4317-a695-a23b01ef0e0f" storage="TestAssembly.dll">
      <Execution id="e23aa9ff-c7b3-4d7a-8014-90643c90f6d2" />
      <TestMethod codeBase="TestAssembly.dll" className="TestNamespace.TestClass8" name="Test8577" />
    </UnitTest>
    <UnitTest name="Test8578" id="a245753b-f96d-42a6-9b5f-6c49bc60996a" storage="TestAssembly.dll">
      <Execution id="bfbbf2d1-2ff2-46d6-b3d5-1671e1f64981" />
      <TestMethod codeBase="TestAssembly.dll" className="TestNamespace.TestClass8" name="Test8578" />
    </UnitTest>
    <UnitTest name="Test8579" id="ab13386b-0653-4c27-ac41-a5758b0e5410" storage="TestAssembly.dll">
      <Execution id="4306ccc2-b512-4f77-8154-fb462264794f" />
      <TestMethod codeBase="TestAssembly.dll" className="TestNamespace.TestClass8" name="Test8579" />
    </UnitTest>
    <UnitTest name="Test8580" id="84154e4a-5369-4a5d-9bd2-7e647660a478" storage="TestAssembly.dll">
      <Execution id="88472f8c-71ae-4692-a323-c72b8b3a76e5" />
      <TestMethod codeBase="TestAssembly.dll" className="TestNamespace.TestClass8" name="Test8580" />
    </UnitTest>
    <UnitTest name="Test8581" id="4ff6f9fb-d031-45c3-b876-0b9a23e882fb" storage="TestAssembly.dll">
      <Execution id="3f614b91-38ad-4e2c-b51c-db59eeb0c47d" />
      <TestMethod codeBase="TestAssembly.dll" className="TestNamespace.TestClass9" name="Test8581" />
    </UnitTest>
    <UnitTest name="Test8582" id="db0fa645-8c13-4c66-86a8-bb51b1e93404" storage="TestAssembly.dll">
      <Execution id="af60a8b1-a7d6-45b2-ae37-44fc3b709d79" />
      <TestMethod codeBase="TestAssembly.dll" className="TestNamespace.TestClass9" name="Test8582" />
    </UnitTest>
    <UnitTest name="Test8583" id="8ef1dd08-6b38-46b9-8ec2-ae533821912d" storage="TestAssembly.dll">
      <Execution id="378ba504-bdde-47be-bc78-40cdb6dbc9b2" />
      <TestMethod codeBase="TestAssembly.dll" className="TestNamespace.TestClass9" name="Test8583" />
    </UnitTest>
    <UnitTest name="Test8584" id="2e478f0d-ae70-4916-99c9-2314acf8ec1d" storage="TestAssembly.dll">
      <Execution id="0962aea8-9c64-428f-aa45-8081f98e5680" />
      <TestMethod codeBase="TestAssembly.dll" className="TestNamespace.TestClass9" name="Test8584" />
    </UnitTest>
    <UnitTest name="Test8585" id="87919624-61fa-48ee-892c-e023759dc8e1" storage="TestAssembly.dll">
      <Execution id="03ba630e-9e91-4d16-b130-c7d82d49629d" />
      <TestMethod codeBase="TestAssembly.dll" className="TestNamespace.TestClass9" name="Test8585" />
    </UnitTest>
    <UnitTest name="Test8586" id="fac8c080-808c-4864-a22a-048e239a40cd" storage="TestAssembly.dll">
      <Execution id="fd34f095-1b90-478e-b705-b1932c3ad189" />
      <TestMethod codeBase="TestAssembly.dll" className="TestNamespace.TestClass9" name="Test8586" />
    </UnitTest>
    <UnitTest name="Test8587" id="3862ecd7-f1bd-403f-8ea1-03d954f703cb" storage="TestAssembly.dll">
      <Execution id="4d1615db-dd67-4fa3-b82f-20be386633b8" />
      <TestMethod codeBase="TestAssembly.dll" className="TestNamespace.TestClass9" name="Test8587" />
    </UnitTest>
    <UnitTest name="Test8588" id="dfb525a9-7977-4957-93ca-a728c500e930" storage="TestAssembly.dll">
      <Execution id="ad230976-6591-4d6e-a743-ca6e2126224a" />
      <TestMethod codeBase="TestAssembly.dll" className="TestNamespace.TestClass9" name="Test8588" />
    </UnitTest>
    <UnitTest name="Test8589" id="405dae6d-453e-41e4-8aa5-42cb2c2eb355" storage="TestAssembly.dll">
      <Execution id="e9a8c481-d9cc-4f2c-bea0-97298d13be4c" />
      <TestMethod codeBase="TestAssembly.dll" className="TestNamespace.TestClass9" name="Test8589" />
    </UnitTest>
    <UnitTest name="Test8590" id="c8ffa0de-01ad-4bdf-a90c-d72e11da667d" storage="TestAssembly.dll">
      <Execution id="480b4760-0217-43fd-a9cb-c35088c05afa" />
      <TestMethod codeBase="TestAssembly.dll" className="TestNamespace.TestClass9" name="Test8590" />
    </UnitTest>
    <UnitTest name="Test8591" id="4500879e-8938-4a13-86bd-644e36ef3d47" storage="TestAssembly.dll">
      <Execution id="d75c56a2-1649-481c-89ca-00f6b9a98430" />
      <TestMethod codeBase="TestAssembly.dll" className="TestNamespace.TestClass10" name="Test8591" />
    </UnitTest>
    <UnitTest name="Test8592" id="679bafc5-cf9d-4a9c-89f6-ce6ae3e2c667" storage="TestAssembly.dll">
      <Execution id="15d3c132-8764-40e2-9749-5c65000c648d" />
      <TestMethod codeBase="TestAssembly.dll" className="TestNamespace.TestClass10" name="Test8592" />
    </UnitTest>
    <UnitTest name="Test8593" id="a1bf5a30-6ed1-484a-960e-d21c935514bb" storage="TestAssembly.dll">
      <Execution id="612c6dff-c3d3-4282-bc8a-0a86e3dd4b0a" />
      <TestMethod codeBase="TestAssembly.dll" className="TestNamespace.TestClass10" name="Test8593" />
    </UnitTest>
    <UnitTest name="Test8594" id="63cdb126-8b63-4523-b85b-32d7759a5439" storage="TestAssembly.dll">
      <Execution id="c0bc1adb-be40-4230-b7fc-77c02f9d5983" />
      <TestMethod codeBase="TestAssembly.dll" className="TestNamespace.TestClass10" name="Test8594" />
    </UnitTest>
    <UnitTest name="Test8595" id="d50dc4a6-ed3a-48e3-a3f8-307ff14d9166" storage="TestAssembly.dll">
      <Execution id="80b76bc0-4fa5-4569-91f2-7eba9081ba66" />
      <TestMethod codeBase="TestAssembly.dll" className="TestNamespace.TestClass10" name="Test8595" />
    </UnitTest>
    <UnitTest name="Test8596" id="bb67f6fe-c37d-4d4a-b186-f908a36fdef6" storage="TestAssembly.dll">
      <Execution id="2e61689a-897b-4269-abe8-fe5c35672256" />
      <TestMethod codeBase="TestAssembly.dll" className="TestNamespace.TestClass10" name="Test8596" />
    </UnitTest>
    <UnitTest name="Test8597" id="247a4c9c-75c5-4cc2-8a7b-64253031e193" storage="TestAssembly.dll">
      <Execution id="3553cf6b-527f-4270-8056-74b4195deff9" />
      <TestMethod codeBase="TestAssembly.dll" className="TestNamespace.TestClass10" name="Test8597" />
    </UnitTest>
    <UnitTest name="Test8598" id="b673122e-b4f7-44c1-bd6c-7a2f700a3b6a" storage="TestAssembly.dll">
      <Execution id="ac156e4b-326d-4d72-aacf-7e2b34aedacd" />
      <TestMethod codeBase="TestAssembly.dll" className="TestNamespace.TestClass10" name="Test8598" />
    </UnitTest>
    <UnitTest name="Test8599" id="a9ed940a-a573-4495-a17a-24dca38a38b1" storage="TestAssembly.dll">
      <Execution id="f035145d-9086-49d9-b01d-cff954b3997f" />
      <TestMethod codeBase="TestAssembly.dll" className="TestNamespace.TestClass10" name="Test8599" />
    </UnitTest>
    <UnitTest name="Test8600" id="d3cae8bf-6d01-498c-866f-acc6409723a8" storage="TestAssembly.dll">
      <Execution id="2b669bdf-b04d-476b-8791-e90511da7d33" />
      <TestMethod codeBase="TestAssembly.dll" className="TestNamespace.TestClass10" name="Test8600" />
    </UnitTest>
  </TestDefinitions>
  <TestEntries>
    <TestEntry testId="f5ff7a07-7083-4820-b3b6-dcf38c8e7f82" executionId="f1d5ddcb-8a9c-4794-9338-c402c9bb780c" testListId="71a771e9-1461-4b71-98b0-7dd17b6bbbee" />
    <TestEntry testId="7208482a-18d1-4edd-914a-c6beb35081d0" executionId="c55ee91e-7099-4225-a0a8-407cd15a8fcd" testListId="71a771e9-1461-4b71-98b0-7dd17b6bbbee" />
    <TestEntry testId="1f28dccb-1117-4229-9df5-b1895af8ccf1" executionId="400b1aab-e709-4ff6-a4c8-1f10c6ae237d" testListId="71a771e9-1461-4b71-98b0-7dd17b6bbbee" />
    <TestEntry testId="23f1f1bf-bd21-4d53-b80d-affd3b704ba9" executionId="20925f55-86fb-4395-abf4-f7db441b6e6e" testListId="71a771e9-1461-4b71-98b0-7dd17b6bbbee" />
    <TestEntry testId="7133afd6-72bd-466b-9735-2a2c79242b6b" executionId="26e967ae-d5b7-4b94-ba15-b262ba531944" testListId="71a771e9-1461-4b71-98b0-7dd17b6bbbee" />
    <TestEntry testId="259453e3-5857-4d47-aa53-547650b36cae" executionId="f215ccf2-3c40-44f0-bdc1-7b6475ebe2e1" testListId="71a771e9-1461-4b71-98b0-7dd17b6bbbee" />
    <TestEntry testId="e31324ac-587f-43e7-b2c5-a3914c9ca49d" executionId="da928939-e71c-4bda-918e-786782252eba" testListId="71a771e9-1461-4b71-98b0-7dd17b6bbbee" />
    <TestEntry testId="ea8cdfc6-e56f-4ff7-8d30-1be03dbfe28e" executionId="607cd01b-e21a-4dcf-9e60-554df82149cd" testListId="71a771e9-1461-4b71-98b0-7dd17b6bbbee" />
    <TestEntry testId="73d7cad6-3874-4f23-86f7-15710f8bea43" executionId="8b043467-0199-495a-928b-2145ac2f6136" testListId="71a771e9-1461-4b71-98b0-7dd17b6bbbee" />
    <TestEntry testId="dcdc67ef-7772-47e1-affb-2da153489f0b" executionId="2870e9f2-1fd7-475c-94ad-512e71bddef3" testListId="71a771e9-1461-4b71-98b0-7dd17b6bbbee" />
    <TestEntry testId="2fb8fd4f-2b27-4be3-9d10-e4151abc4258" executionId="a7404375-39a2-4a11-82d2-a8e9e7cc0e7b" testListId="71a771e9-1461-4b71-98b0-7dd17b6bbbee" />
    <TestEntry testId="c4d31cf4-e210-44dc-a906-43b869387a7e" executionId="641e9ed7-63ad-474a-bf86-e4e9eda0ff31" testListId="71a771e9-1461-4b71-98b0-7dd17b6bbbee" />
    <TestEntry testId="34effeb9-f4bb-42b9-a84a-8dcf4b9c1a3d" executionId="6f304e82-2ee1-42b8-a90f-89891ad5f3fd" testListId="71a771e9-1461-4b71-98b0-7dd17b6bbbee" />
    <TestEntry testId="cdf5a2d6-b790-4383-a32a-9329611e40d2" executionId="445e8d17-26a3-44eb-8166-df943665833f" testListId="71a771e9-1461-4b71-98b0-7dd17b6bbbee" />
    <TestEntry testId="299ad645-d8fb-4b42-9642-f3434ac58fb4" executionId="e17e5dc4-fd01-4b3d-82d3-ff35d051bb95" testListId="71a771e9-1461-4b71-98b0-7dd17b6bbbee" />
    <TestEntry testId="2d53d6fd-3545-4ab2-8366-17a98db93212" executionId="5f5e1b06-2ced-4d47-99e1-ddd170ecd1aa" testListId="71a771e9-1461-4b71-98b0-7dd17b6bbbee" />
    <TestEntry testId="dde4f62e-1a00-4b5b-8491-182a5d43b1ae" executionId="4c579893-019b-4850-b513-67f5d2b29b25" testListId="71a771e9-1461-4b71-98b0-7dd17b6bbbee" />
    <TestEntry testId="e826be6f-aa75-48dc-9746-51876a975528" executionId="38226483-de09-4bbc-8319-bd23a6b74463" testListId="71a771e9-1461-4b71-98b0-7dd17b6bbbee" />
    <TestEntry testId="69435291-5356-4444-aca9-e3764ecb8527" executionId="3f9519c0-4f92-4780-8c3c-c65a646dae0f" testListId="71a771e9-1461-4b71-98b0-7dd17b6bbbee" />
    <TestEntry testId="aaa8a9d8-89c2-40bd-93d1-66e8917db474" executionId="6810a9b9-8e80-4742-adf7-e7a93f477e43" testListId="71a771e9-1461-4b71-98b0-7dd17b6bbbee" />
    <TestEntry testId="d02764f0-4c43-4077-8e7e-9a522e494924" executionId="0f49a5b1-9cc4-4d80-97fe-b53e82091c88" testListId="71a771e9-1461-4b71-98b0-7dd17b6bbbee" />
    <TestEntry testId="82892d93-d722-4d6d-9207-99410381a8d4" executionId="af875839-1409-47a9-ba37-b3f7bea237e9" testListId="71a771e9-1461-4b71-98b0-7dd17b6bbbee" />
    <TestEntry testId="99c90884-ba83-4697-9d54-1945a459f449" executionId="bf9cda3b-6dbb-4cab-a805-4f1f020a8699" testListId="71a771e9-1461-4b71-98b0-7dd17b6bbbee" />
    <TestEntry testId="14618f89-b291-49bf-bc12-03a1a7d85416" executionId="ea1160ce-5e0b-4af7-ad03-f133e2511616" testListId="71a771e9-1461-4b71-98b0-7dd17b6bbbee" />
    <TestEntry testId="5c7a86b3-1189-4822-b4d7-a23ee4c3562b" executionId="85b06844-0978-4d40-9e61-8f3b66b8e2ce" testListId="71a771e9-1461-4b71-98b0-7dd17b6bbbee" />
    <TestEntry testId="f4e2ff86-24aa-4c81-8f54-ef570ca1e502" executionId="a23b36f0-3ef4-4fcb-8735-10b402ae7aef" testListId="71a771e9-1461-4b71-98b0-7dd17b6bbbee" />
    <TestEntry testId="3b13e9e9-847f-4d09-a6b4-a2bf91624203" executionId="85a579ed-32f1-40bc-a38f-d3a160fb19b4" testListId="71a771e9-1461-4b71-98b0-7dd17b6bbbee" />
    <TestEntry testId="a2dd1b8f-1c7a-4b8a-9bd1-2128f6d32324" executionId="1dc4c32c-612d-40fb-925c-902aa8e6bda6" testListId="71a771e9-1461-4b71-98b0-7dd17b6bbbee" />
    <TestEntry testId="c93aeca6-7f5e-4571-b9c6-1b7122a3e959" executionId="eee47323-8a13-4663-b1e4-816d7d77d0bf" testListId="71a771e9-1461-4b71-98b0-7dd17b6bbbee" />
    <TestEntry testId="7b0a4256-f18b-4c93-8ed0-4c48c6a46c88" executionId="d69bd66a-58c6-4830-ac25-193bff02e790" testListId="71a771e9-1461-4b71-98b0-7dd17b6bbbee" />
    <TestEntry testId="f6a916bf-c6e4-4036-8289-1aa314bb2b55" executionId="a38879c3-e4c5-4918-8967-936a4873ee01" testListId="71a771e9-1461-4b71-98b0-7dd17b6bbbee" />
    <TestEntry testId="1e00eb34-31ba-4ccf-aae9-e19de969983d" executionId="c397f214-9e30-445c-836f-3d23c8f526b3" testListId="71a771e9-1461-4b71-98b0-7dd17b6bbbee" />
    <TestEntry testId="3b51edf6-b8fd-44d5-8011-f7fa55c10d91" executionId="b02406dc-57f7-4b9e-8e2f-6694b8b49aa7" testListId="71a771e9-1461-4b71-98b0-7dd17b6bbbee" />
    <TestEntry testId="13d8851b-c68f-4a6c-b136-385bdb65b016" executionId="230239b7-1f5d-44ee-9d78-f047c48e66b1" testListId="71a771e9-1461-4b71-98b0-7dd17b6bbbee" />
    <TestEntry testId="d0e1b83e-2825-4f59-b163-f1a7455e9734" executionId="184c7ffe-da0c-4a66-9675-8ab2f2b58cee" testListId="71a771e9-1461-4b71-98b0-7dd17b6bbbee" />
    <TestEntry testId="5fdcece0-a34c-49d0-8467-2bc9eb19746e" executionId="56bdb569-232e-4f82-ab3d-b0bfbd685c23" testListId="71a771e9-1461-4b71-98b0-7dd17b6bbbee" />
    <TestEntry testId="f89c0184-2f9b-4802-b43d-29810fab6c4d" executionId="19bf2801-a4ac-4e5e-8be0-25a0da669235" testListId="71a771e9-1461-4b71-98b0-7dd17b6bbbee" />
    <TestEntry testId="df32b58e-f09d-4c35-8925-190d6b12d7be" executionId="2e520bef-06b9-41ff-8fe6-ab37af770cc3" testListId="71a771e9-1461-4b71-98b0-7dd17b6bbbee" />
    <TestEntry testId="145ede96-eacd-4f1b-8b26-6eaf74a2f96d" executionId="7c1f9b59-cbed-4dd2-ba91-6f65420ea945" testListId="71a771e9-1461-4b71-98b0-7dd17b6bbbee" />
    <TestEntry testId="682383b0-35a3-4d42-b8f2-011a977189c3" executionId="440d50b3-0269-403a-b0ea-e7f0818f91a3" testListId="71a771e9-1461-4b71-98b0-7dd17b6bbbee" />
    <TestEntry testId="d8fbdf6d-f7a2-499b-8a27-8448ac8f0c21" executionId="757cc9a8-fa8b-4b87-a7b4-90c78f3ad0ba" testListId="71a771e9-1461-4b71-98b0-7dd17b6bbbee" />
    <TestEntry testId="2987ba87-3282-4262-84f6-f5f784acfcdb" executionId="ba0a6a76-e6d5-48fd-babf-77595b425553" testListId="71a771e9-1461-4b71-98b0-7dd17b6bbbee" />
    <TestEntry testId="516eacda-bbf1-45ac-8bce-302a694b71ee" executionId="8f165a6d-b6d9-4fac-91b7-6f658050767e" testListId="71a771e9-1461-4b71-98b0-7dd17b6bbbee" />
    <TestEntry testId="41a7803f-b0cd-48ed-9816-3d434dafe0fe" executionId="3de0c7da-f10f-4c9e-bb6f-2d93eca42597" testListId="71a771e9-1461-4b71-98b0-7dd17b6bbbee" />
    <TestEntry testId="e410cab0-89df-4c1f-8b76-a6822115ce42" executionId="aaee58d3-9110-4f0f-b83f-59a166a587d0" testListId="71a771e9-1461-4b71-98b0-7dd17b6bbbee" />
    <TestEntry testId="66fc7d8e-f64d-4ad7-9478-b9a370951202" executionId="9d1c1653-9576-423f-992a-5c035c25dad9" testListId="71a771e9-1461-4b71-98b0-7dd17b6bbbee" />
    <TestEntry testId="21488787-5bb2-438f-87d0-b15203e9fd88" executionId="2733bf21-5a7b-4f28-a29f-ffe114c9fc3a" testListId="71a771e9-1461-4b71-98b0-7dd17b6bbbee" />
    <TestEntry testId="bde20825-7fca-4404-9596-aa5cfb35cb1e" executionId="f778545b-8106-45b1-8215-cfaa6cfe2d68" testListId="71a771e9-1461-4b71-98b0-7dd17b6bbbee" />
    <TestEntry testId="3faaf52c-679f-4ddc-aaae-9dda049c43b6" executionId="a9e04b72-7372-427f-aaaa-c25ed973d685" testListId="71a771e9-1461-4b71-98b0-7dd17b6bbbee" />
    <TestEntry testId="9943b843-d1f0-4e65-91e6-9af10ab4f6bb" executionId="a48899a6-95b1-43b9-b380-efb63d6d2a20" testListId="71a771e9-1461-4b71-98b0-7dd17b6bbbee" />
    <TestEntry testId="993b9766-3f53-480f-a9ad-ea9571fc5c5f" executionId="6f48ce7f-b7fd-43a4-b67e-fbae23c4d4e0" testListId="71a771e9-1461-4b71-98b0-7dd17b6bbbee" />
    <TestEntry testId="86993053-e765-4140-87cd-fe4db25de091" executionId="de1849f4-4c9c-45e0-9871-d51579f9b2d1" testListId="71a771e9-1461-4b71-98b0-7dd17b6bbbee" />
    <TestEntry testId="a7d1e30c-cb5e-41eb-954d-d0f19b5beee2" executionId="846acba6-9732-4d4a-a97a-c5fea7790a24" testListId="71a771e9-1461-4b71-98b0-7dd17b6bbbee" />
    <TestEntry testId="1ba9d5b0-bac4-45ad-a9df-76d00f0182d2" executionId="be164a33-9989-40c1-9712-3ec821dc2129" testListId="71a771e9-1461-4b71-98b0-7dd17b6bbbee" />
    <TestEntry testId="3c05a7b8-b051-4b6f-8fbc-1c4668b86782" executionId="7cd9f4b6-c373-4974-8072-d293b5855315" testListId="71a771e9-1461-4b71-98b0-7dd17b6bbbee" />
    <TestEntry testId="d898aaca-2fe5-4e92-8741-179b4c0c688f" executionId="7120cd08-27a2-4fce-af24-77b83d866e0e" testListId="71a771e9-1461-4b71-98b0-7dd17b6bbbee" />
    <TestEntry testId="9f0650c4-83f2-483f-bd4d-d86322cb613c" executionId="ea95fc54-e949-4903-a3dc-0347b1cb2079" testListId="71a771e9-1461-4b71-98b0-7dd17b6bbbee" />
    <TestEntry testId="aa19e19d-f394-4b13-9271-4303bbdb8083" executionId="5709656b-fe31-40bb-a18f-73cbeb8f96e0" testListId="71a771e9-1461-4b71-98b0-7dd17b6bbbee" />
    <TestEntry testId="478bf090-8b92-41be-a54e-3cd8b2925380" executionId="762fcde0-a84f-41f4-b1ad-bf31e83ee8a5" testListId="71a771e9-1461-4b71-98b0-7dd17b6bbbee" />
    <TestEntry testId="2bd446cd-ee84-4b6c-a436-bdafa01787c3" executionId="7257731e-d384-4e6b-a837-5886c8461b5e" testListId="71a771e9-1461-4b71-98b0-7dd17b6bbbee" />
    <TestEntry testId="554ddc61-a19c-4b9f-becf-c8252e9716f7" executionId="c196d052-9399-434e-8bf1-9186620825a0" testListId="71a771e9-1461-4b71-98b0-7dd17b6bbbee" />
    <TestEntry testId="f0a42f59-ffb4-4eef-a0e8-197ce7910835" executionId="70d009dc-2bc7-4535-adf4-6f047917b344" testListId="71a771e9-1461-4b71-98b0-7dd17b6bbbee" />
    <TestEntry testId="bbaad084-3d46-4727-8a38-0345bcf05315" executionId="607b80e3-fd81-492c-b36a-d7d3f95c32ee" testListId="71a771e9-1461-4b71-98b0-7dd17b6bbbee" />
    <TestEntry testId="880aedfc-8b1e-4bd8-b2f5-3ba9ce77c459" executionId="40aa80ad-9a62-4ee2-aa79-98313276a2f7" testListId="71a771e9-1461-4b71-98b0-7dd17b6bbbee" />
    <TestEntry testId="f11c035b-a0ea-4c83-bdc1-71e8bf3db273" executionId="79953c04-4c62-49bb-b5bf-643b56dc2097" testListId="71a771e9-1461-4b71-98b0-7dd17b6bbbee" />
    <TestEntry testId="b433d772-b074-4913-821d-d40a38294e6a" executionId="bf9ab69f-b80c-428b-bb45-94ac21723cbf" testListId="71a771e9-1461-4b71-98b0-7dd17b6bbbee" />
    <TestEntry testId="e5a20c19-77d1-438c-b0a3-7540d998758e" executionId="eeeecca6-2a99-4df7-9530-a5d09a017106" testListId="71a771e9-1461-4b71-98b0-7dd17b6bbbee" />
    <TestEntry testId="019de4e5-d914-44e8-9a6d-fc2123f2c9de" executionId="56b0087f-1467-4a1a-9ba1-717dff0f5301" testListId="71a771e9-1461-4b71-98b0-7dd17b6bbbee" />
    <TestEntry testId="44767abf-8a5b-49b2-898c-08578f3363cb" executionId="fe344bec-10ee-4fb8-83ab-f097a67c40e9" testListId="71a771e9-1461-4b71-98b0-7dd17b6bbbee" />
    <TestEntry testId="77d4d3aa-5163-4d52-b961-bb6ac2565c1b" executionId="40f59877-9e6f-4bd1-9354-973f6720cb9d" testListId="71a771e9-1461-4b71-98b0-7dd17b6bbbee" />
    <TestEntry testId="ec9ba0c2-724f-41ac-8f4c-b9d388178c56" executionId="e23db422-f8bf-477c-8fa2-fb922f53fbd8" testListId="71a771e9-1461-4b71-98b0-7dd17b6bbbee" />
    <TestEntry testId="407fbb3f-f329-4e75-8bc1-188c21c5c6bf" executionId="0ffcf95f-f885-4a0f-a00c-b73ade0c9c1a" testListId="71a771e9-1461-4b71-98b0-7dd17b6bbbee" />
    <TestEntry testId="a5345562-598d-49a6-8682-4d5352fbdb37" executionId="1d4d94e6-94b1-4d8d-9438-f1f65ba36ac7" testListId="71a771e9-1461-4b71-98b0-7dd17b6bbbee" />
    <TestEntry testId="0bef9ac9-c1b0-47fe-869f-9980499067c7" executionId="84888806-7314-44c3-96a9-2a3d9541bcc6" testListId="71a771e9-1461-4b71-98b0-7dd17b6bbbee" />
    <TestEntry testId="a36f9371-1525-4946-b858-25709d9b9c9a" executionId="428332e1-0cf8-4965-ba5f-6cb20c96d634" testListId="71a771e9-1461-4b71-98b0-7dd17b6bbbee" />
    <TestEntry testId="a2b3b7f7-1cd3-4dcc-a119-ec41b10d5d88" executionId="b31a3dd3-5358-4470-9c86-9451cada27c8" testListId="71a771e9-1461-4b71-98b0-7dd17b6bbbee" />
    <TestEntry testId="0bc9530c-a5bd-4317-a695-a23b01ef0e0f" executionId="e23aa9ff-c7b3-4d7a-8014-90643c90f6d2" testListId="71a771e9-1461-4b71-98b0-7dd17b6bbbee" />
    <TestEntry testId="a245753b-f96d-42a6-9b5f-6c49bc60996a" executionId="bfbbf2d1-2ff2-46d6-b3d5-1671e1f64981" testListId="71a771e9-1461-4b71-98b0-7dd17b6bbbee" />
    <TestEntry testId="ab13386b-0653-4c27-ac41-a5758b0e5410" executionId="4306ccc2-b512-4f77-8154-fb462264794f" testListId="71a771e9-1461-4b71-98b0-7dd17b6bbbee" />
    <TestEntry testId="84154e4a-5369-4a5d-9bd2-7e647660a478" executionId="88472f8c-71ae-4692-a323-c72b8b3a76e5" testListId="71a771e9-1461-4b71-98b0-7dd17b6bbbee" />
    <TestEntry testId="4ff6f9fb-d031-45c3-b876-0b9a23e882fb" executionId="3f614b91-38ad-4e2c-b51c-db59eeb0c47d" testListId="71a771e9-1461-4b71-98b0-7dd17b6bbbee" />
    <TestEntry testId="db0fa645-8c13-4c66-86a8-bb51b1e93404" executionId="af60a8b1-a7d6-45b2-ae37-44fc3b709d79" testListId="71a771e9-1461-4b71-98b0-7dd17b6bbbee" />
    <TestEntry testId="8ef1dd08-6b38-46b9-8ec2-ae533821912d" executionId="378ba504-bdde-47be-bc78-40cdb6dbc9b2" testListId="71a771e9-1461-4b71-98b0-7dd17b6bbbee" />
    <TestEntry testId="2e478f0d-ae70-4916-99c9-2314acf8ec1d" executionId="0962aea8-9c64-428f-aa45-8081f98e5680" testListId="71a771e9-1461-4b71-98b0-7dd17b6bbbee" />
    <TestEntry testId="87919624-61fa-48ee-892c-e023759dc8e1" executionId="03ba630e-9e91-4d16-b130-c7d82d49629d" testListId="71a771e9-1461-4b71-98b0-7dd17b6bbbee" />
    <TestEntry testId="fac8c080-808c-4864-a22a-048e239a40cd" executionId="fd34f095-1b90-478e-b705-b1932c3ad189" testListId="71a771e9-1461-4b71-98b0-7dd17b6bbbee" />
    <TestEntry testId="3862ecd7-f1bd-403f-8ea1-03d954f703cb" executionId="4d1615db-dd67-4fa3-b82f-20be386633b8" testListId="71a771e9-1461-4b71-98b0-7dd17b6bbbee" />
    <TestEntry testId="dfb525a9-7977-4957-93ca-a728c500e930" executionId="ad230976-6591-4d6e-a743-ca6e2126224a" testListId="71a771e9-1461-4b71-98b0-7dd17b6bbbee" />
    <TestEntry testId="405dae6d-453e-41e4-8aa5-42cb2c2eb355" executionId="e9a8c481-d9cc-4f2c-bea0-97298d13be4c" testListId="71a771e9-1461-4b71-98b0-7dd17b6bbbee" />
    <TestEntry testId="c8ffa0de-01ad-4bdf-a90c-d72e11da667d" executionId="480b4760-0217-43fd-a9cb-c35088c05afa" testListId="71a771e9-1461-4b71-98b0-7dd17b6bbbee" />
    <TestEntry testId="4500879e-8938-4a13-86bd-644e36ef3d47" executionId="d75c56a2-1649-481c-89ca-00f6b9a98430" testListId="71a771e9-1461-4b71-98b0-7dd17b6bbbee" />
    <TestEntry testId="679bafc5-cf9d-4a9c-89f6-ce6ae3e2c667" executionId="15d3c132-8764-40e2-9749-5c65000c648d" testListId="71a771e9-1461-4b71-98b0-7dd17b6bbbee" />
    <TestEntry testId="a1bf5a30-6ed1-484a-960e-d21c935514bb" executionId="612c6dff-c3d3-4282-bc8a-0a86e3dd4b0a" testListId="71a771e9-1461-4b71-98b0-7dd17b6bbbee" />
    <TestEntry testId="63cdb126-8b63-4523-b85b-32d7759a5439" executionId="c0bc1adb-be40-4230-b7fc-77c02f9d5983" testListId="71a771e9-1461-4b71-98b0-7dd17b6bbbee" />
    <TestEntry testId="d50dc4a6-ed3a-48e3-a3f8-307ff14d9166" executionId="80b76bc0-4fa5-4569-91f2-7eba9081ba66" testListId="71a771e9-1461-4b71-98b0-7dd17b6bbbee" />
    <TestEntry testId="bb67f6fe-c37d-4d4a-b186-f908a36fdef6" executionId="2e61689a-897b-4269-abe8-fe5c35672256" testListId="71a771e9-1461-4b71-98b0-7dd17b6bbbee" />
    <TestEntry testId="247a4c9c-75c5-4cc2-8a7b-64253031e193" executionId="3553cf6b-527f-4270-8056-74b4195deff9" testListId="71a771e9-1461-4b71-98b0-7dd17b6bbbee" />
    <TestEntry testId="b673122e-b4f7-44c1-bd6c-7a2f700a3b6a" executionId="ac156e4b-326d-4d72-aacf-7e2b34aedacd" testListId="71a771e9-1461-4b71-98b0-7dd17b6bbbee" />
    <TestEntry testId="a9ed940a-a573-4495-a17a-24dca38a38b1" executionId="f035145d-9086-49d9-b01d-cff954b3997f" testListId="71a771e9-1461-4b71-98b0-7dd17b6bbbee" />
    <TestEntry testId="d3cae8bf-6d01-498c-866f-acc6409723a8" executionId="2b669bdf-b04d-476b-8791-e90511da7d33" testListId="71a771e9-1461-4b71-98b0-7dd17b6bbbee" />
  </TestEntries>
  <TestLists>
    <TestList name="Results Not in a List" id="71a771e9-1461-4b71-98b0-7dd17b6bbbee" />
    <TestList name="All Loaded Results" id="a54ade28-9264-4a80-8619-8767d35e1338" />
  </TestLists>
</TestRun>