<?xml version="1.0" encoding="UTF-8"?>
<TestRun id="4eec70be-e51d-4806-9bbf-39a6d79c48a4" name="Test Run 28" runUser="Oles Galatsan" xmlns="http://microsoft.com/schemas/VisualStudio/TeamTest/2010">
  <Times creation="2025-05-14T13:20:31.3125482Z" queuing="2025-05-14T13:20:31.3125482Z" start="2025-05-14T13:20:31.3146610Z" finish="2025-05-14T13:25:31.3147553Z" />
  <TestSettings name="Test Settings 28" id="367aa143-62ec-4b66-8e66-6b8d45a8baad" />
  <Results>
    <UnitTestResult executionId="b6ce4aa8-19cd-4b96-9d05-c7491cd3c00e" testId="48212df0-1ee6-4296-abcc-6a7c6620d5c0" testName="Test2701" computerName="UA-LPT-OGA2" duration="00:00:00.9970000" startTime="2025-05-14T13:20:31.3146610Z" endTime="2025-05-14T13:25:31.3147553Z" testType="13cdc9d9-ddb5-4fa4-a97d-d965ccfc6d4b" outcome="Passed" testListId="e3956c95-7357-474f-ba45-191efed3e9aa" />
    <UnitTestResult executionId="38ddc0d2-d54f-4f6b-b485-bd647759dddc" testId="d2fbde06-e13c-41f4-aec4-e924474ddf96" testName="Test2702" computerName="UA-LPT-OGA2" duration="00:00:00.0660000" startTime="2025-05-14T13:20:31.3146610Z" endTime="2025-05-14T13:25:31.3147553Z" testType="13cdc9d9-ddb5-4fa4-a97d-d965ccfc6d4b" outcome="Passed" testListId="e3956c95-7357-474f-ba45-191efed3e9aa" />
    <UnitTestResult executionId="7c09404b-5129-4db4-b39d-40a98de417cd" testId="2ebda859-144d-4e78-83aa-90b15094648a" testName="Test2703" computerName="UA-LPT-OGA2" duration="00:00:00.3430000" startTime="2025-05-14T13:20:31.3146610Z" endTime="2025-05-14T13:25:31.3147553Z" testType="13cdc9d9-ddb5-4fa4-a97d-d965ccfc6d4b" outcome="Passed" testListId="e3956c95-7357-474f-ba45-191efed3e9aa" />
    <UnitTestResult executionId="cb14284f-af3e-4be6-b81d-12642e016781" testId="87d7fb65-53d0-4893-bcf9-48b90fabe008" testName="Test2704" computerName="UA-LPT-OGA2" duration="00:00:00.4280000" startTime="2025-05-14T13:20:31.3146610Z" endTime="2025-05-14T13:25:31.3147553Z" testType="13cdc9d9-ddb5-4fa4-a97d-d965ccfc6d4b" outcome="Failed" testListId="e3956c95-7357-474f-ba45-191efed3e9aa">
      <Output>
        <ErrorInfo>
          <Message>Assertion failed: Expected value did not match actual value.</Message>
          <StackTrace>   at TestNamespace.TestClass.Test() in TestClass.cs:line 155</StackTrace>
        </ErrorInfo>
      </Output>
    </UnitTestResult>
    <UnitTestResult executionId="f6df4143-1b64-451a-a624-5570c04017cc" testId="113a1070-a7b1-4dc0-a9fc-6b6b7cfeb9e9" testName="Test2705" computerName="UA-LPT-OGA2" duration="00:00:00.5450000" startTime="2025-05-14T13:20:31.3146610Z" endTime="2025-05-14T13:25:31.3147553Z" testType="13cdc9d9-ddb5-4fa4-a97d-d965ccfc6d4b" outcome="Passed" testListId="e3956c95-7357-474f-ba45-191efed3e9aa" />
    <UnitTestResult executionId="08f6efc9-324b-4688-b959-174a71a30f66" testId="50080f1e-f5e2-4511-b761-030df81069b9" testName="Test2706" computerName="UA-LPT-OGA2" duration="00:00:01.0220000" startTime="2025-05-14T13:20:31.3146610Z" endTime="2025-05-14T13:25:31.3147553Z" testType="13cdc9d9-ddb5-4fa4-a97d-d965ccfc6d4b" outcome="Passed" testListId="e3956c95-7357-474f-ba45-191efed3e9aa" />
    <UnitTestResult executionId="7dda1984-1b03-4890-8b48-df7fb76a10cf" testId="bab35154-d872-4e89-8cf5-dbbf1f6acfcb" testName="Test2707" computerName="UA-LPT-OGA2" duration="00:00:00.2100000" startTime="2025-05-14T13:20:31.3146610Z" endTime="2025-05-14T13:25:31.3147553Z" testType="13cdc9d9-ddb5-4fa4-a97d-d965ccfc6d4b" outcome="Passed" testListId="e3956c95-7357-474f-ba45-191efed3e9aa" />
    <UnitTestResult executionId="b2ef6a9c-8e3d-46ef-ac18-dbb91dacd60c" testId="cc8eb8d6-de9e-4bdb-b2fb-696bdc8d5795" testName="Test2708" computerName="UA-LPT-OGA2" duration="00:00:00.5650000" startTime="2025-05-14T13:20:31.3146610Z" endTime="2025-05-14T13:25:31.3147553Z" testType="13cdc9d9-ddb5-4fa4-a97d-d965ccfc6d4b" outcome="Passed" testListId="e3956c95-7357-474f-ba45-191efed3e9aa" />
    <UnitTestResult executionId="39f687ca-1a99-4da5-87c4-75f3f4bd8088" testId="b923f88e-8e23-49b2-9213-b7e0ad0f794b" testName="Test2709" computerName="UA-LPT-OGA2" duration="00:00:01.1070000" startTime="2025-05-14T13:20:31.3146610Z" endTime="2025-05-14T13:25:31.3147553Z" testType="13cdc9d9-ddb5-4fa4-a97d-d965ccfc6d4b" outcome="Passed" testListId="e3956c95-7357-474f-ba45-191efed3e9aa" />
    <UnitTestResult executionId="82256a38-b4f7-4a45-99e1-e81ddc0dd3cf" testId="5376e0c6-90ee-4548-ba77-11effea33149" testName="Test2710" computerName="UA-LPT-OGA2" duration="00:00:01.2490000" startTime="2025-05-14T13:20:31.3146610Z" endTime="2025-05-14T13:25:31.3147553Z" testType="13cdc9d9-ddb5-4fa4-a97d-d965ccfc6d4b" outcome="Passed" testListId="e3956c95-7357-474f-ba45-191efed3e9aa" />
    <UnitTestResult executionId="ee08cecc-854b-4135-a057-611a1d6c1a86" testId="4ab3f549-e2ce-4b12-8696-09e052c3e78f" testName="Test2711" computerName="UA-LPT-OGA2" duration="00:00:00.9440000" startTime="2025-05-14T13:20:31.3146610Z" endTime="2025-05-14T13:25:31.3147553Z" testType="13cdc9d9-ddb5-4fa4-a97d-d965ccfc6d4b" outcome="Passed" testListId="e3956c95-7357-474f-ba45-191efed3e9aa" />
    <UnitTestResult executionId="ccb9f596-91da-48ee-a0a8-3a97fa764ab0" testId="025f6a76-c63a-4548-9906-b7d4110fe39e" testName="Test2712" computerName="UA-LPT-OGA2" duration="00:00:01.3330000" startTime="2025-05-14T13:20:31.3146610Z" endTime="2025-05-14T13:25:31.3147553Z" testType="13cdc9d9-ddb5-4fa4-a97d-d965ccfc6d4b" outcome="Passed" testListId="e3956c95-7357-474f-ba45-191efed3e9aa" />
    <UnitTestResult executionId="465dcce0-fc50-4643-ba83-f5cdb77ec4b0" testId="2c878bb5-e4f9-49d1-aa0e-07860aef3b9c" testName="Test2713" computerName="UA-LPT-OGA2" duration="00:00:00.8180000" startTime="2025-05-14T13:20:31.3146610Z" endTime="2025-05-14T13:25:31.3147553Z" testType="13cdc9d9-ddb5-4fa4-a97d-d965ccfc6d4b" outcome="Passed" testListId="e3956c95-7357-474f-ba45-191efed3e9aa" />
    <UnitTestResult executionId="c22e9da2-5a64-48a1-ba20-10d9610bf259" testId="fabc7852-2702-48c8-bb11-862739681264" testName="Test2714" computerName="UA-LPT-OGA2" duration="00:00:01.4010000" startTime="2025-05-14T13:20:31.3146610Z" endTime="2025-05-14T13:25:31.3147553Z" testType="13cdc9d9-ddb5-4fa4-a97d-d965ccfc6d4b" outcome="Passed" testListId="e3956c95-7357-474f-ba45-191efed3e9aa" />
    <UnitTestResult executionId="03304b9f-2ae8-4b57-96fd-cf767c703c5d" testId="fa1be960-55a3-4057-8427-0ab6113a5ca0" testName="Test2715" computerName="UA-LPT-OGA2" duration="00:00:01.7410000" startTime="2025-05-14T13:20:31.3146610Z" endTime="2025-05-14T13:25:31.3147553Z" testType="13cdc9d9-ddb5-4fa4-a97d-d965ccfc6d4b" outcome="Passed" testListId="e3956c95-7357-474f-ba45-191efed3e9aa" />
    <UnitTestResult executionId="3d8811be-3c88-48b9-b58e-7f86d3182c02" testId="459f4922-5a6f-4c27-80ef-b53bea01959a" testName="Test2716" computerName="UA-LPT-OGA2" duration="00:00:01.8260000" startTime="2025-05-14T13:20:31.3146610Z" endTime="2025-05-14T13:25:31.3147553Z" testType="13cdc9d9-ddb5-4fa4-a97d-d965ccfc6d4b" outcome="Passed" testListId="e3956c95-7357-474f-ba45-191efed3e9aa" />
    <UnitTestResult executionId="c264dd77-32e5-4247-9e89-6b970eb8ff9d" testId="5b03db98-e9dd-4b8b-9bdb-b45114c42da9" testName="Test2717" computerName="UA-LPT-OGA2" duration="00:00:00.6060000" startTime="2025-05-14T13:20:31.3146610Z" endTime="2025-05-14T13:25:31.3147553Z" testType="13cdc9d9-ddb5-4fa4-a97d-d965ccfc6d4b" outcome="Passed" testListId="e3956c95-7357-474f-ba45-191efed3e9aa" />
    <UnitTestResult executionId="21689b86-e067-4413-9440-2187fd981165" testId="4a19a4bf-6146-4435-b8e9-230dbe48dbe1" testName="Test2718" computerName="UA-LPT-OGA2" duration="00:00:00.7680000" startTime="2025-05-14T13:20:31.3146610Z" endTime="2025-05-14T13:25:31.3147553Z" testType="13cdc9d9-ddb5-4fa4-a97d-d965ccfc6d4b" outcome="Passed" testListId="e3956c95-7357-474f-ba45-191efed3e9aa" />
    <UnitTestResult executionId="c5d4c418-f0b3-4286-87b0-b66a640a54a9" testId="d5fefaa1-bffb-49c9-93ce-ff71212e8178" testName="Test2719" computerName="UA-LPT-OGA2" duration="00:00:00.2570000" startTime="2025-05-14T13:20:31.3146610Z" endTime="2025-05-14T13:25:31.3147553Z" testType="13cdc9d9-ddb5-4fa4-a97d-d965ccfc6d4b" outcome="Passed" testListId="e3956c95-7357-474f-ba45-191efed3e9aa" />
    <UnitTestResult executionId="a7a37cc4-0c69-418b-9cc2-bf6511a7f736" testId="09f90f6d-6fa9-4077-8f84-28cec88fe89e" testName="Test2720" computerName="UA-LPT-OGA2" duration="00:00:00.9680000" startTime="2025-05-14T13:20:31.3146610Z" endTime="2025-05-14T13:25:31.3147553Z" testType="13cdc9d9-ddb5-4fa4-a97d-d965ccfc6d4b" outcome="Failed" testListId="e3956c95-7357-474f-ba45-191efed3e9aa">
      <Output>
        <ErrorInfo>
          <Message>Assertion failed: Expected value did not match actual value.</Message>
          <StackTrace>   at TestNamespace.TestClass.Test() in TestClass.cs:line 108</StackTrace>
        </ErrorInfo>
      </Output>
    </UnitTestResult>
    <UnitTestResult executionId="3d02dfcc-8a76-42e4-a024-a4b6681e65fc" testId="0710ebb4-3857-4ec4-bad0-f92c68d2305e" testName="Test2721" computerName="UA-LPT-OGA2" duration="00:00:00.7380000" startTime="2025-05-14T13:20:31.3146610Z" endTime="2025-05-14T13:25:31.3147553Z" testType="13cdc9d9-ddb5-4fa4-a97d-d965ccfc6d4b" outcome="Passed" testListId="e3956c95-7357-474f-ba45-191efed3e9aa" />
    <UnitTestResult executionId="b46667b7-c4d8-4e23-874b-b2499add0645" testId="7b507d1b-1cbc-4e4e-8ac5-4bbe1faa7b5f" testName="Test2722" computerName="UA-LPT-OGA2" duration="00:00:01.1000000" startTime="2025-05-14T13:20:31.3146610Z" endTime="2025-05-14T13:25:31.3147553Z" testType="13cdc9d9-ddb5-4fa4-a97d-d965ccfc6d4b" outcome="Passed" testListId="e3956c95-7357-474f-ba45-191efed3e9aa" />
    <UnitTestResult executionId="41810a64-830e-40f6-b727-a799da09bf1a" testId="2303389c-5225-42a3-9c8c-4c07ec337682" testName="Test2723" computerName="UA-LPT-OGA2" duration="00:00:00.2010000" startTime="2025-05-14T13:20:31.3146610Z" endTime="2025-05-14T13:25:31.3147553Z" testType="13cdc9d9-ddb5-4fa4-a97d-d965ccfc6d4b" outcome="Passed" testListId="e3956c95-7357-474f-ba45-191efed3e9aa" />
    <UnitTestResult executionId="c7727fce-f4b4-4705-b07b-9e77a9d20713" testId="7f3e5e18-05ad-4d80-aee5-cb20f7ea8e15" testName="Test2724" computerName="UA-LPT-OGA2" duration="00:00:01.6240000" startTime="2025-05-14T13:20:31.3146610Z" endTime="2025-05-14T13:25:31.3147553Z" testType="13cdc9d9-ddb5-4fa4-a97d-d965ccfc6d4b" outcome="Passed" testListId="e3956c95-7357-474f-ba45-191efed3e9aa" />
    <UnitTestResult executionId="9f0380d0-7c41-4af1-b2a1-a8224680a003" testId="2791158c-11f5-4ae8-b52b-04fa078aa735" testName="Test2725" computerName="UA-LPT-OGA2" duration="00:00:00.6580000" startTime="2025-05-14T13:20:31.3146610Z" endTime="2025-05-14T13:25:31.3147553Z" testType="13cdc9d9-ddb5-4fa4-a97d-d965ccfc6d4b" outcome="Passed" testListId="e3956c95-7357-474f-ba45-191efed3e9aa" />
    <UnitTestResult executionId="9ae30bd5-9c25-4274-a4f6-58a46c900a56" testId="ea68ce0b-e8bd-4431-9418-b732937845c6" testName="Test2726" computerName="UA-LPT-OGA2" duration="00:00:00.9460000" startTime="2025-05-14T13:20:31.3146610Z" endTime="2025-05-14T13:25:31.3147553Z" testType="13cdc9d9-ddb5-4fa4-a97d-d965ccfc6d4b" outcome="Passed" testListId="e3956c95-7357-474f-ba45-191efed3e9aa" />
    <UnitTestResult executionId="f4699ad1-7cad-490e-8045-6f91867fb3f5" testId="43492ea6-f9e6-46e3-81cc-c27207534a24" testName="Test2727" computerName="UA-LPT-OGA2" duration="00:00:01.6690000" startTime="2025-05-14T13:20:31.3146610Z" endTime="2025-05-14T13:25:31.3147553Z" testType="13cdc9d9-ddb5-4fa4-a97d-d965ccfc6d4b" outcome="Passed" testListId="e3956c95-7357-474f-ba45-191efed3e9aa" />
    <UnitTestResult executionId="cc060782-53e8-4c9f-b02e-1dc5a0e83181" testId="9c8568c1-e19b-4919-9eea-2df615755894" testName="Test2728" computerName="UA-LPT-OGA2" duration="00:00:00.6620000" startTime="2025-05-14T13:20:31.3146610Z" endTime="2025-05-14T13:25:31.3147553Z" testType="13cdc9d9-ddb5-4fa4-a97d-d965ccfc6d4b" outcome="Passed" testListId="e3956c95-7357-474f-ba45-191efed3e9aa" />
    <UnitTestResult executionId="fe26ed5f-540f-490f-a3d1-4fdc53fec3a1" testId="3f9fb5ee-2d17-4b0f-b0d5-502d123037f3" testName="Test2729" computerName="UA-LPT-OGA2" duration="00:00:00.2260000" startTime="2025-05-14T13:20:31.3146610Z" endTime="2025-05-14T13:25:31.3147553Z" testType="13cdc9d9-ddb5-4fa4-a97d-d965ccfc6d4b" outcome="Passed" testListId="e3956c95-7357-474f-ba45-191efed3e9aa" />
    <UnitTestResult executionId="6cd26b97-2e79-4f47-a2e2-0b3c7910aaae" testId="54591693-feb1-4abe-a143-1cafe0da89f1" testName="Test2730" computerName="UA-LPT-OGA2" duration="00:00:01.5070000" startTime="2025-05-14T13:20:31.3146610Z" endTime="2025-05-14T13:25:31.3147553Z" testType="13cdc9d9-ddb5-4fa4-a97d-d965ccfc6d4b" outcome="Failed" testListId="e3956c95-7357-474f-ba45-191efed3e9aa">
      <Output>
        <ErrorInfo>
          <Message>Assertion failed: Expected value did not match actual value.</Message>
          <StackTrace>   at TestNamespace.TestClass.Test() in TestClass.cs:line 163</StackTrace>
        </ErrorInfo>
      </Output>
    </UnitTestResult>
    <UnitTestResult executionId="2675c9b5-7d08-40d3-bba1-c3f99f321fa0" testId="f56d70a8-d6e2-453b-9b26-061f0bf182ea" testName="Test2731" computerName="UA-LPT-OGA2" duration="00:00:00.8650000" startTime="2025-05-14T13:20:31.3146610Z" endTime="2025-05-14T13:25:31.3147553Z" testType="13cdc9d9-ddb5-4fa4-a97d-d965ccfc6d4b" outcome="Passed" testListId="e3956c95-7357-474f-ba45-191efed3e9aa" />
    <UnitTestResult executionId="9e12aee3-b423-465a-a954-704257025f31" testId="cc13a5a9-26b1-40c5-baed-80d5117df595" testName="Test2732" computerName="UA-LPT-OGA2" duration="00:00:01.0230000" startTime="2025-05-14T13:20:31.3146610Z" endTime="2025-05-14T13:25:31.3147553Z" testType="13cdc9d9-ddb5-4fa4-a97d-d965ccfc6d4b" outcome="Passed" testListId="e3956c95-7357-474f-ba45-191efed3e9aa" />
    <UnitTestResult executionId="c119d9c6-f3a3-4758-accb-8efc857f24d2" testId="ae2d3691-0bf6-4433-9c99-2a077fd9e8d9" testName="Test2733" computerName="UA-LPT-OGA2" duration="00:00:00.1030000" startTime="2025-05-14T13:20:31.3146610Z" endTime="2025-05-14T13:25:31.3147553Z" testType="13cdc9d9-ddb5-4fa4-a97d-d965ccfc6d4b" outcome="Passed" testListId="e3956c95-7357-474f-ba45-191efed3e9aa" />
    <UnitTestResult executionId="ae109348-4a8e-45c5-b047-e809da87fd65" testId="fd0b840d-34e3-4160-8b26-79257787f640" testName="Test2734" computerName="UA-LPT-OGA2" duration="00:00:01.3130000" startTime="2025-05-14T13:20:31.3146610Z" endTime="2025-05-14T13:25:31.3147553Z" testType="13cdc9d9-ddb5-4fa4-a97d-d965ccfc6d4b" outcome="Passed" testListId="e3956c95-7357-474f-ba45-191efed3e9aa" />
    <UnitTestResult executionId="143b18bc-521c-47b2-8710-945703e300b8" testId="429fd7da-5496-464b-97e8-95a42522af2d" testName="Test2735" computerName="UA-LPT-OGA2" duration="00:00:00.1320000" startTime="2025-05-14T13:20:31.3146610Z" endTime="2025-05-14T13:25:31.3147553Z" testType="13cdc9d9-ddb5-4fa4-a97d-d965ccfc6d4b" outcome="Inconclusive" testListId="e3956c95-7357-474f-ba45-191efed3e9aa" />
    <UnitTestResult executionId="6bddebae-66e5-40ef-a72e-b0ab3aa2dd66" testId="25b77686-2207-4328-845c-a5708cccdd0b" testName="Test2736" computerName="UA-LPT-OGA2" duration="00:00:00.7000000" startTime="2025-05-14T13:20:31.3146610Z" endTime="2025-05-14T13:25:31.3147553Z" testType="13cdc9d9-ddb5-4fa4-a97d-d965ccfc6d4b" outcome="Passed" testListId="e3956c95-7357-474f-ba45-191efed3e9aa" />
    <UnitTestResult executionId="4d2f1292-23b0-4b6a-9f08-6c14821c904f" testId="1457a5ab-347f-4804-a027-4c6f3fd2b15c" testName="Test2737" computerName="UA-LPT-OGA2" duration="00:00:01.2350000" startTime="2025-05-14T13:20:31.3146610Z" endTime="2025-05-14T13:25:31.3147553Z" testType="13cdc9d9-ddb5-4fa4-a97d-d965ccfc6d4b" outcome="Passed" testListId="e3956c95-7357-474f-ba45-191efed3e9aa" />
    <UnitTestResult executionId="10708f7e-8b36-4b26-b168-89d74a920bf3" testId="94bb484e-ef20-49d2-9735-6139490e4f86" testName="Test2738" computerName="UA-LPT-OGA2" duration="00:00:01.1440000" startTime="2025-05-14T13:20:31.3146610Z" endTime="2025-05-14T13:25:31.3147553Z" testType="13cdc9d9-ddb5-4fa4-a97d-d965ccfc6d4b" outcome="Passed" testListId="e3956c95-7357-474f-ba45-191efed3e9aa" />
    <UnitTestResult executionId="f3fa1297-10fc-4eda-9c79-a6695cdd0a35" testId="efe34cc0-3d21-4c49-9630-c9456ca47111" testName="Test2739" computerName="UA-LPT-OGA2" duration="00:00:00.7240000" startTime="2025-05-14T13:20:31.3146610Z" endTime="2025-05-14T13:25:31.3147553Z" testType="13cdc9d9-ddb5-4fa4-a97d-d965ccfc6d4b" outcome="Passed" testListId="e3956c95-7357-474f-ba45-191efed3e9aa" />
    <UnitTestResult executionId="374b7218-c6f4-41fd-b701-8e5278645207" testId="cc26258f-29c8-4463-bc17-5fd9a26609b4" testName="Test2740" computerName="UA-LPT-OGA2" duration="00:00:00.3580000" startTime="2025-05-14T13:20:31.3146610Z" endTime="2025-05-14T13:25:31.3147553Z" testType="13cdc9d9-ddb5-4fa4-a97d-d965ccfc6d4b" outcome="Passed" testListId="e3956c95-7357-474f-ba45-191efed3e9aa" />
    <UnitTestResult executionId="078cac10-9782-4e42-a1e0-6f4b18df372c" testId="8a10aa50-9f07-4001-bf02-ded745789417" testName="Test2741" computerName="UA-LPT-OGA2" duration="00:00:00.8480000" startTime="2025-05-14T13:20:31.3146610Z" endTime="2025-05-14T13:25:31.3147553Z" testType="13cdc9d9-ddb5-4fa4-a97d-d965ccfc6d4b" outcome="Passed" testListId="e3956c95-7357-474f-ba45-191efed3e9aa" />
    <UnitTestResult executionId="52194642-bf2c-4c06-8cd7-218b561cab3b" testId="dfa10fae-2f38-4391-a9c9-74a6f4a9bfc6" testName="Test2742" computerName="UA-LPT-OGA2" duration="00:00:00.8810000" startTime="2025-05-14T13:20:31.3146610Z" endTime="2025-05-14T13:25:31.3147553Z" testType="13cdc9d9-ddb5-4fa4-a97d-d965ccfc6d4b" outcome="Passed" testListId="e3956c95-7357-474f-ba45-191efed3e9aa" />
    <UnitTestResult executionId="e82f730d-8e60-4362-80c1-b1f6287eeaae" testId="17567ff2-b440-4663-af64-875a5c6fc465" testName="Test2743" computerName="UA-LPT-OGA2" duration="00:00:00.4210000" startTime="2025-05-14T13:20:31.3146610Z" endTime="2025-05-14T13:25:31.3147553Z" testType="13cdc9d9-ddb5-4fa4-a97d-d965ccfc6d4b" outcome="Passed" testListId="e3956c95-7357-474f-ba45-191efed3e9aa" />
    <UnitTestResult executionId="180cd0ed-6492-4c23-a907-7261e819af73" testId="6db9aa96-a85c-4f63-bc83-017fcb224185" testName="Test2744" computerName="UA-LPT-OGA2" duration="00:00:00.9260000" startTime="2025-05-14T13:20:31.3146610Z" endTime="2025-05-14T13:25:31.3147553Z" testType="13cdc9d9-ddb5-4fa4-a97d-d965ccfc6d4b" outcome="Passed" testListId="e3956c95-7357-474f-ba45-191efed3e9aa" />
    <UnitTestResult executionId="bddb86af-4e5d-4b9d-b7ad-e6f3ff8bad1f" testId="b42dc2bf-540a-4d14-9fd5-2d5ecd613a41" testName="Test2745" computerName="UA-LPT-OGA2" duration="00:00:00.6370000" startTime="2025-05-14T13:20:31.3146610Z" endTime="2025-05-14T13:25:31.3147553Z" testType="13cdc9d9-ddb5-4fa4-a97d-d965ccfc6d4b" outcome="Passed" testListId="e3956c95-7357-474f-ba45-191efed3e9aa" />
    <UnitTestResult executionId="524852a9-3653-4c35-9f5d-856706e5624b" testId="e36d5fbf-d207-44db-86e0-0ba5643b584b" testName="Test2746" computerName="UA-LPT-OGA2" duration="00:00:00.6110000" startTime="2025-05-14T13:20:31.3146610Z" endTime="2025-05-14T13:25:31.3147553Z" testType="13cdc9d9-ddb5-4fa4-a97d-d965ccfc6d4b" outcome="Passed" testListId="e3956c95-7357-474f-ba45-191efed3e9aa" />
    <UnitTestResult executionId="5c00a67f-9ec1-4a4d-8df1-0ef918effba8" testId="60314732-fc1b-46d7-8019-7030f633e8b9" testName="Test2747" computerName="UA-LPT-OGA2" duration="00:00:01.9490000" startTime="2025-05-14T13:20:31.3146610Z" endTime="2025-05-14T13:25:31.3147553Z" testType="13cdc9d9-ddb5-4fa4-a97d-d965ccfc6d4b" outcome="Passed" testListId="e3956c95-7357-474f-ba45-191efed3e9aa" />
    <UnitTestResult executionId="9f640c6b-a18b-49fe-ab37-39a92bd5e68e" testId="a8b8fb64-d060-42c7-8b8c-a3679e612b7d" testName="Test2748" computerName="UA-LPT-OGA2" duration="00:00:01.1500000" startTime="2025-05-14T13:20:31.3146610Z" endTime="2025-05-14T13:25:31.3147553Z" testType="13cdc9d9-ddb5-4fa4-a97d-d965ccfc6d4b" outcome="Passed" testListId="e3956c95-7357-474f-ba45-191efed3e9aa" />
    <UnitTestResult executionId="5ab1d11e-0fbb-450a-99e9-689e993b0952" testId="c227049b-b513-4f7e-a6cc-ef2243f22042" testName="Test2749" computerName="UA-LPT-OGA2" duration="00:00:00.7150000" startTime="2025-05-14T13:20:31.3146610Z" endTime="2025-05-14T13:25:31.3147553Z" testType="13cdc9d9-ddb5-4fa4-a97d-d965ccfc6d4b" outcome="Passed" testListId="e3956c95-7357-474f-ba45-191efed3e9aa" />
    <UnitTestResult executionId="c65d5f3a-c4d1-4a9f-b3a5-8e3189966af2" testId="53a18999-163d-4b49-b9b1-4ce0fb052a02" testName="Test2750" computerName="UA-LPT-OGA2" duration="00:00:00.9930000" startTime="2025-05-14T13:20:31.3146610Z" endTime="2025-05-14T13:25:31.3147553Z" testType="13cdc9d9-ddb5-4fa4-a97d-d965ccfc6d4b" outcome="Passed" testListId="e3956c95-7357-474f-ba45-191efed3e9aa" />
    <UnitTestResult executionId="877fa1b1-ed75-4c3b-9441-b98fddb77a27" testId="502d1caa-ef03-4994-91a3-aff3ab4f8e5a" testName="Test2751" computerName="UA-LPT-OGA2" duration="00:00:00.9250000" startTime="2025-05-14T13:20:31.3146610Z" endTime="2025-05-14T13:25:31.3147553Z" testType="13cdc9d9-ddb5-4fa4-a97d-d965ccfc6d4b" outcome="Passed" testListId="e3956c95-7357-474f-ba45-191efed3e9aa" />
    <UnitTestResult executionId="b8e96410-688c-425f-81c8-e9281b65bee7" testId="22110105-afa1-4052-9ce0-e58bf3eb38e5" testName="Test2752" computerName="UA-LPT-OGA2" duration="00:00:01.1720000" startTime="2025-05-14T13:20:31.3146610Z" endTime="2025-05-14T13:25:31.3147553Z" testType="13cdc9d9-ddb5-4fa4-a97d-d965ccfc6d4b" outcome="Passed" testListId="e3956c95-7357-474f-ba45-191efed3e9aa" />
    <UnitTestResult executionId="65ca8910-de13-461d-a4f2-5b56ee37a8f8" testId="99b6f730-1c48-4751-8018-c27c99bf4a4c" testName="Test2753" computerName="UA-LPT-OGA2" duration="00:00:01.3190000" startTime="2025-05-14T13:20:31.3146610Z" endTime="2025-05-14T13:25:31.3147553Z" testType="13cdc9d9-ddb5-4fa4-a97d-d965ccfc6d4b" outcome="Passed" testListId="e3956c95-7357-474f-ba45-191efed3e9aa" />
    <UnitTestResult executionId="486c99f9-a88b-47a3-8bfa-b7b0d0802fb1" testId="30346fbc-6f76-4cae-8fae-ba1198f7bc82" testName="Test2754" computerName="UA-LPT-OGA2" duration="00:00:01.6390000" startTime="2025-05-14T13:20:31.3146610Z" endTime="2025-05-14T13:25:31.3147553Z" testType="13cdc9d9-ddb5-4fa4-a97d-d965ccfc6d4b" outcome="Passed" testListId="e3956c95-7357-474f-ba45-191efed3e9aa" />
    <UnitTestResult executionId="cbfe9630-5ad1-4e57-8edc-9fb945134c88" testId="d4504c39-e721-4a7d-95ca-6e9b89b146b4" testName="Test2755" computerName="UA-LPT-OGA2" duration="00:00:00.3800000" startTime="2025-05-14T13:20:31.3146610Z" endTime="2025-05-14T13:25:31.3147553Z" testType="13cdc9d9-ddb5-4fa4-a97d-d965ccfc6d4b" outcome="Passed" testListId="e3956c95-7357-474f-ba45-191efed3e9aa" />
    <UnitTestResult executionId="5fb22c85-ddcd-4a91-8240-a5f54caadbe3" testId="e6b0cb65-5438-449d-9c2f-47c9e41a613a" testName="Test2756" computerName="UA-LPT-OGA2" duration="00:00:00.6560000" startTime="2025-05-14T13:20:31.3146610Z" endTime="2025-05-14T13:25:31.3147553Z" testType="13cdc9d9-ddb5-4fa4-a97d-d965ccfc6d4b" outcome="Failed" testListId="e3956c95-7357-474f-ba45-191efed3e9aa">
      <Output>
        <ErrorInfo>
          <Message>Assertion failed: Expected value did not match actual value.</Message>
          <StackTrace>   at TestNamespace.TestClass.Test() in TestClass.cs:line 397</StackTrace>
        </ErrorInfo>
      </Output>
    </UnitTestResult>
    <UnitTestResult executionId="ae99132b-fb78-4086-a9f6-47659c0289b8" testId="7aea6e4a-bb66-484c-bea4-b700656481e2" testName="Test2757" computerName="UA-LPT-OGA2" duration="00:00:00.4090000" startTime="2025-05-14T13:20:31.3146610Z" endTime="2025-05-14T13:25:31.3147553Z" testType="13cdc9d9-ddb5-4fa4-a97d-d965ccfc6d4b" outcome="Passed" testListId="e3956c95-7357-474f-ba45-191efed3e9aa" />
    <UnitTestResult executionId="d3c92286-1926-4f7e-8bb4-967666d8b8f1" testId="f2a03777-9ab3-45b6-8025-cc1382ea528f" testName="Test2758" computerName="UA-LPT-OGA2" duration="00:00:00.1790000" startTime="2025-05-14T13:20:31.3146610Z" endTime="2025-05-14T13:25:31.3147553Z" testType="13cdc9d9-ddb5-4fa4-a97d-d965ccfc6d4b" outcome="Passed" testListId="e3956c95-7357-474f-ba45-191efed3e9aa" />
    <UnitTestResult executionId="7e97db47-4fc3-4446-9b43-12bfb18f34ae" testId="c89a3ee0-383a-4d6f-89e9-b2186447ec7c" testName="Test2759" computerName="UA-LPT-OGA2" duration="00:00:01.4920000" startTime="2025-05-14T13:20:31.3146610Z" endTime="2025-05-14T13:25:31.3147553Z" testType="13cdc9d9-ddb5-4fa4-a97d-d965ccfc6d4b" outcome="Passed" testListId="e3956c95-7357-474f-ba45-191efed3e9aa" />
    <UnitTestResult executionId="ba7d5a9b-f33d-4368-9c6a-a354b130c516" testId="6b0dc9ab-ee2d-4df6-ade2-87ee52a71295" testName="Test2760" computerName="UA-LPT-OGA2" duration="00:00:00.5120000" startTime="2025-05-14T13:20:31.3146610Z" endTime="2025-05-14T13:25:31.3147553Z" testType="13cdc9d9-ddb5-4fa4-a97d-d965ccfc6d4b" outcome="Passed" testListId="e3956c95-7357-474f-ba45-191efed3e9aa" />
    <UnitTestResult executionId="1e598126-9faa-4183-9134-918fdb647541" testId="dfbc3e3a-7d5d-488e-8b8c-b60d41693d88" testName="Test2761" computerName="UA-LPT-OGA2" duration="00:00:00.5740000" startTime="2025-05-14T13:20:31.3146610Z" endTime="2025-05-14T13:25:31.3147553Z" testType="13cdc9d9-ddb5-4fa4-a97d-d965ccfc6d4b" outcome="Passed" testListId="e3956c95-7357-474f-ba45-191efed3e9aa" />
    <UnitTestResult executionId="2f468269-84fe-4a60-822f-77b4e5928740" testId="aff3a139-e588-4dc0-b805-f84a881f53f4" testName="Test2762" computerName="UA-LPT-OGA2" duration="00:00:00.9710000" startTime="2025-05-14T13:20:31.3146610Z" endTime="2025-05-14T13:25:31.3147553Z" testType="13cdc9d9-ddb5-4fa4-a97d-d965ccfc6d4b" outcome="Passed" testListId="e3956c95-7357-474f-ba45-191efed3e9aa" />
    <UnitTestResult executionId="cc1e32a6-5bc5-4269-9a94-194295cb8da2" testId="9d6b20b4-4861-457b-9f6c-d07a37f98fb4" testName="Test2763" computerName="UA-LPT-OGA2" duration="00:00:00.7820000" startTime="2025-05-14T13:20:31.3146610Z" endTime="2025-05-14T13:25:31.3147553Z" testType="13cdc9d9-ddb5-4fa4-a97d-d965ccfc6d4b" outcome="Passed" testListId="e3956c95-7357-474f-ba45-191efed3e9aa" />
    <UnitTestResult executionId="69e5aa6f-9b86-4a38-b549-b141b10276c9" testId="7846ea0c-6064-40a1-8059-0caae577e0ee" testName="Test2764" computerName="UA-LPT-OGA2" duration="00:00:00.1440000" startTime="2025-05-14T13:20:31.3146610Z" endTime="2025-05-14T13:25:31.3147553Z" testType="13cdc9d9-ddb5-4fa4-a97d-d965ccfc6d4b" outcome="Passed" testListId="e3956c95-7357-474f-ba45-191efed3e9aa" />
    <UnitTestResult executionId="27e86d25-ee96-45a9-95cb-22a7d0db58c3" testId="01544a1d-2b5e-4a01-bf6d-d5095658c61f" testName="Test2765" computerName="UA-LPT-OGA2" duration="00:00:01.9220000" startTime="2025-05-14T13:20:31.3146610Z" endTime="2025-05-14T13:25:31.3147553Z" testType="13cdc9d9-ddb5-4fa4-a97d-d965ccfc6d4b" outcome="Failed" testListId="e3956c95-7357-474f-ba45-191efed3e9aa">
      <Output>
        <ErrorInfo>
          <Message>Assertion failed: Expected value did not match actual value.</Message>
          <StackTrace>   at TestNamespace.TestClass.Test() in TestClass.cs:line 260</StackTrace>
        </ErrorInfo>
      </Output>
    </UnitTestResult>
    <UnitTestResult executionId="d28c5bcf-07c7-46da-a71c-0f5ed4d498ba" testId="fc48d7e3-77e5-430b-bf38-40f31b9ce389" testName="Test2766" computerName="UA-LPT-OGA2" duration="00:00:00.6610000" startTime="2025-05-14T13:20:31.3146610Z" endTime="2025-05-14T13:25:31.3147553Z" testType="13cdc9d9-ddb5-4fa4-a97d-d965ccfc6d4b" outcome="Passed" testListId="e3956c95-7357-474f-ba45-191efed3e9aa" />
    <UnitTestResult executionId="8f8a16ab-1f7b-4b91-b718-1b3cef5fc1c5" testId="95d639cf-805b-4a50-b9a4-e78b91e533c8" testName="Test2767" computerName="UA-LPT-OGA2" duration="00:00:00.5900000" startTime="2025-05-14T13:20:31.3146610Z" endTime="2025-05-14T13:25:31.3147553Z" testType="13cdc9d9-ddb5-4fa4-a97d-d965ccfc6d4b" outcome="Passed" testListId="e3956c95-7357-474f-ba45-191efed3e9aa" />
    <UnitTestResult executionId="6eedff1d-2400-463a-9aa4-37dc76562a35" testId="cbe2e420-51d2-48c7-8ef2-62af03e0237d" testName="Test2768" computerName="UA-LPT-OGA2" duration="00:00:00.8960000" startTime="2025-05-14T13:20:31.3146610Z" endTime="2025-05-14T13:25:31.3147553Z" testType="13cdc9d9-ddb5-4fa4-a97d-d965ccfc6d4b" outcome="Passed" testListId="e3956c95-7357-474f-ba45-191efed3e9aa" />
    <UnitTestResult executionId="b521a037-86f3-4fc9-bff8-9f4e37532b1f" testId="f6feb72b-e748-4666-bf05-3f77f874ac9d" testName="Test2769" computerName="UA-LPT-OGA2" duration="00:00:01.1540000" startTime="2025-05-14T13:20:31.3146610Z" endTime="2025-05-14T13:25:31.3147553Z" testType="13cdc9d9-ddb5-4fa4-a97d-d965ccfc6d4b" outcome="Failed" testListId="e3956c95-7357-474f-ba45-191efed3e9aa">
      <Output>
        <ErrorInfo>
          <Message>Assertion failed: Expected value did not match actual value.</Message>
          <StackTrace>   at TestNamespace.TestClass.Test() in TestClass.cs:line 95</StackTrace>
        </ErrorInfo>
      </Output>
    </UnitTestResult>
    <UnitTestResult executionId="4b05f8a0-4d38-43fd-b646-0a3c6102c0d8" testId="426aaad9-0258-459e-a394-b35fcea5c51b" testName="Test2770" computerName="UA-LPT-OGA2" duration="00:00:01.3550000" startTime="2025-05-14T13:20:31.3146610Z" endTime="2025-05-14T13:25:31.3147553Z" testType="13cdc9d9-ddb5-4fa4-a97d-d965ccfc6d4b" outcome="Passed" testListId="e3956c95-7357-474f-ba45-191efed3e9aa" />
    <UnitTestResult executionId="5038c014-544b-4688-9883-f69f1b25d7e9" testId="cfca4418-d03c-44b1-9242-33c77bdfa899" testName="Test2771" computerName="UA-LPT-OGA2" duration="00:00:00.4480000" startTime="2025-05-14T13:20:31.3146610Z" endTime="2025-05-14T13:25:31.3147553Z" testType="13cdc9d9-ddb5-4fa4-a97d-d965ccfc6d4b" outcome="Passed" testListId="e3956c95-7357-474f-ba45-191efed3e9aa" />
    <UnitTestResult executionId="736a3d96-b694-4c64-bbf2-49cff6668051" testId="3c45816b-70e0-4711-81c3-fa14b6281ca7" testName="Test2772" computerName="UA-LPT-OGA2" duration="00:00:01.2310000" startTime="2025-05-14T13:20:31.3146610Z" endTime="2025-05-14T13:25:31.3147553Z" testType="13cdc9d9-ddb5-4fa4-a97d-d965ccfc6d4b" outcome="Failed" testListId="e3956c95-7357-474f-ba45-191efed3e9aa">
      <Output>
        <ErrorInfo>
          <Message>Assertion failed: Expected value did not match actual value.</Message>
          <StackTrace>   at TestNamespace.TestClass.Test() in TestClass.cs:line 257</StackTrace>
        </ErrorInfo>
      </Output>
    </UnitTestResult>
    <UnitTestResult executionId="d150e922-70c8-48b7-87be-77fca436eb1d" testId="681172dc-7f40-46d4-9928-9b7d727e74db" testName="Test2773" computerName="UA-LPT-OGA2" duration="00:00:00.9830000" startTime="2025-05-14T13:20:31.3146610Z" endTime="2025-05-14T13:25:31.3147553Z" testType="13cdc9d9-ddb5-4fa4-a97d-d965ccfc6d4b" outcome="Passed" testListId="e3956c95-7357-474f-ba45-191efed3e9aa" />
    <UnitTestResult executionId="ccdf934b-e897-4aae-8c05-399e00fb48dd" testId="1293b062-af04-451c-ad2a-60361171547a" testName="Test2774" computerName="UA-LPT-OGA2" duration="00:00:00.3380000" startTime="2025-05-14T13:20:31.3146610Z" endTime="2025-05-14T13:25:31.3147553Z" testType="13cdc9d9-ddb5-4fa4-a97d-d965ccfc6d4b" outcome="Passed" testListId="e3956c95-7357-474f-ba45-191efed3e9aa" />
    <UnitTestResult executionId="f6176c2d-09ff-4686-952f-d2a7962acd28" testId="c8ef09d5-7309-45e7-8ff1-24f08f953ce5" testName="Test2775" computerName="UA-LPT-OGA2" duration="00:00:00.2140000" startTime="2025-05-14T13:20:31.3146610Z" endTime="2025-05-14T13:25:31.3147553Z" testType="13cdc9d9-ddb5-4fa4-a97d-d965ccfc6d4b" outcome="Failed" testListId="e3956c95-7357-474f-ba45-191efed3e9aa">
      <Output>
        <ErrorInfo>
          <Message>Assertion failed: Expected value did not match actual value.</Message>
          <StackTrace>   at TestNamespace.TestClass.Test() in TestClass.cs:line 105</StackTrace>
        </ErrorInfo>
      </Output>
    </UnitTestResult>
    <UnitTestResult executionId="67280c7a-07da-494b-88e2-013a0efaf3c8" testId="aea30b87-bcb1-4496-b084-fc5cdd19fb89" testName="Test2776" computerName="UA-LPT-OGA2" duration="00:00:01.0080000" startTime="2025-05-14T13:20:31.3146610Z" endTime="2025-05-14T13:25:31.3147553Z" testType="13cdc9d9-ddb5-4fa4-a97d-d965ccfc6d4b" outcome="Passed" testListId="e3956c95-7357-474f-ba45-191efed3e9aa" />
    <UnitTestResult executionId="5938ef67-7728-4dbc-97f1-5ed83760e979" testId="a2af312d-02c5-48ea-a5df-0efd2fb36192" testName="Test2777" computerName="UA-LPT-OGA2" duration="00:00:00.4380000" startTime="2025-05-14T13:20:31.3146610Z" endTime="2025-05-14T13:25:31.3147553Z" testType="13cdc9d9-ddb5-4fa4-a97d-d965ccfc6d4b" outcome="Passed" testListId="e3956c95-7357-474f-ba45-191efed3e9aa" />
    <UnitTestResult executionId="4179ca6a-802b-4b9d-bd7e-f22c83075bde" testId="926e579b-c8fb-481a-9ec9-b763401631a5" testName="Test2778" computerName="UA-LPT-OGA2" duration="00:00:00.2860000" startTime="2025-05-14T13:20:31.3146610Z" endTime="2025-05-14T13:25:31.3147553Z" testType="13cdc9d9-ddb5-4fa4-a97d-d965ccfc6d4b" outcome="Passed" testListId="e3956c95-7357-474f-ba45-191efed3e9aa" />
    <UnitTestResult executionId="8e6c53a1-3b2a-4e42-acf6-772f98a6c7b3" testId="4b9ef716-4f8e-4d73-b5e9-9b94482ceac1" testName="Test2779" computerName="UA-LPT-OGA2" duration="00:00:00.7630000" startTime="2025-05-14T13:20:31.3146610Z" endTime="2025-05-14T13:25:31.3147553Z" testType="13cdc9d9-ddb5-4fa4-a97d-d965ccfc6d4b" outcome="Passed" testListId="e3956c95-7357-474f-ba45-191efed3e9aa" />
    <UnitTestResult executionId="d120f342-a15b-4b82-9e2a-f2c9ffe5a8e7" testId="f406e8f1-af87-425f-8b88-321957c85e2b" testName="Test2780" computerName="UA-LPT-OGA2" duration="00:00:00.9970000" startTime="2025-05-14T13:20:31.3146610Z" endTime="2025-05-14T13:25:31.3147553Z" testType="13cdc9d9-ddb5-4fa4-a97d-d965ccfc6d4b" outcome="Passed" testListId="e3956c95-7357-474f-ba45-191efed3e9aa" />
    <UnitTestResult executionId="fac68ece-cbb2-4bef-8616-1cd1fb95be36" testId="a1c60c81-8d35-4f4e-ad02-91c926eff8a3" testName="Test2781" computerName="UA-LPT-OGA2" duration="00:00:00.6160000" startTime="2025-05-14T13:20:31.3146610Z" endTime="2025-05-14T13:25:31.3147553Z" testType="13cdc9d9-ddb5-4fa4-a97d-d965ccfc6d4b" outcome="Passed" testListId="e3956c95-7357-474f-ba45-191efed3e9aa" />
    <UnitTestResult executionId="befc9d4d-4b61-4707-9fda-cf28e9aa8511" testId="dab87ca1-07ec-4d4a-ad52-39f7a56b2ebb" testName="Test2782" computerName="UA-LPT-OGA2" duration="00:00:01.7930000" startTime="2025-05-14T13:20:31.3146610Z" endTime="2025-05-14T13:25:31.3147553Z" testType="13cdc9d9-ddb5-4fa4-a97d-d965ccfc6d4b" outcome="Passed" testListId="e3956c95-7357-474f-ba45-191efed3e9aa" />
    <UnitTestResult executionId="559e0540-6c01-45ae-a305-a485d794d409" testId="dc1a6f5c-667f-41b9-9228-28257da65e77" testName="Test2783" computerName="UA-LPT-OGA2" duration="00:00:00.5460000" startTime="2025-05-14T13:20:31.3146610Z" endTime="2025-05-14T13:25:31.3147553Z" testType="13cdc9d9-ddb5-4fa4-a97d-d965ccfc6d4b" outcome="Passed" testListId="e3956c95-7357-474f-ba45-191efed3e9aa" />
    <UnitTestResult executionId="2181ec9e-0842-4444-b642-b72c3f08e9b9" testId="ba7d9930-e187-48b0-b381-6c5ba3b94326" testName="Test2784" computerName="UA-LPT-OGA2" duration="00:00:01.7890000" startTime="2025-05-14T13:20:31.3146610Z" endTime="2025-05-14T13:25:31.3147553Z" testType="13cdc9d9-ddb5-4fa4-a97d-d965ccfc6d4b" outcome="Passed" testListId="e3956c95-7357-474f-ba45-191efed3e9aa" />
    <UnitTestResult executionId="5458aa59-09c3-4779-aacc-a56098a432b6" testId="15caa94f-e193-4e02-af64-657949692f63" testName="Test2785" computerName="UA-LPT-OGA2" duration="00:00:01.9310000" startTime="2025-05-14T13:20:31.3146610Z" endTime="2025-05-14T13:25:31.3147553Z" testType="13cdc9d9-ddb5-4fa4-a97d-d965ccfc6d4b" outcome="Passed" testListId="e3956c95-7357-474f-ba45-191efed3e9aa" />
    <UnitTestResult executionId="dfe49890-51a3-44b5-a4aa-259cc5ec7495" testId="298e05e2-2d43-488d-8d78-a18dcac73255" testName="Test2786" computerName="UA-LPT-OGA2" duration="00:00:00.0550000" startTime="2025-05-14T13:20:31.3146610Z" endTime="2025-05-14T13:25:31.3147553Z" testType="13cdc9d9-ddb5-4fa4-a97d-d965ccfc6d4b" outcome="Passed" testListId="e3956c95-7357-474f-ba45-191efed3e9aa" />
    <UnitTestResult executionId="34b25dda-0577-44b7-81e3-6061b2858572" testId="94a91b9d-4615-44b2-882c-09949b66a4b6" testName="Test2787" computerName="UA-LPT-OGA2" duration="00:00:01.8490000" startTime="2025-05-14T13:20:31.3146610Z" endTime="2025-05-14T13:25:31.3147553Z" testType="13cdc9d9-ddb5-4fa4-a97d-d965ccfc6d4b" outcome="Passed" testListId="e3956c95-7357-474f-ba45-191efed3e9aa" />
    <UnitTestResult executionId="663ab91b-ad40-42e8-a0f4-8d623a75c20b" testId="12bbf9bc-fa52-46c6-808c-7acb387553ba" testName="Test2788" computerName="UA-LPT-OGA2" duration="00:00:01.8370000" startTime="2025-05-14T13:20:31.3146610Z" endTime="2025-05-14T13:25:31.3147553Z" testType="13cdc9d9-ddb5-4fa4-a97d-d965ccfc6d4b" outcome="Passed" testListId="e3956c95-7357-474f-ba45-191efed3e9aa" />
    <UnitTestResult executionId="42ddf3cf-575c-4660-acf0-40d4cec2049f" testId="600b6505-29a4-4c47-ae96-e1f84f18da94" testName="Test2789" computerName="UA-LPT-OGA2" duration="00:00:00.9510000" startTime="2025-05-14T13:20:31.3146610Z" endTime="2025-05-14T13:25:31.3147553Z" testType="13cdc9d9-ddb5-4fa4-a97d-d965ccfc6d4b" outcome="Passed" testListId="e3956c95-7357-474f-ba45-191efed3e9aa" />
    <UnitTestResult executionId="84c39f67-3c38-4dcb-863d-bd8cd368faa5" testId="b1a4737b-7f2d-41e0-a23f-30cffa2e09ea" testName="Test2790" computerName="UA-LPT-OGA2" duration="00:00:01.7350000" startTime="2025-05-14T13:20:31.3146610Z" endTime="2025-05-14T13:25:31.3147553Z" testType="13cdc9d9-ddb5-4fa4-a97d-d965ccfc6d4b" outcome="Passed" testListId="e3956c95-7357-474f-ba45-191efed3e9aa" />
    <UnitTestResult executionId="26aeef2f-94d9-44a6-91ca-ffe846ca79c4" testId="6a89c7df-2bbc-43db-a724-9e70f86acb3c" testName="Test2791" computerName="UA-LPT-OGA2" duration="00:00:01.7410000" startTime="2025-05-14T13:20:31.3146610Z" endTime="2025-05-14T13:25:31.3147553Z" testType="13cdc9d9-ddb5-4fa4-a97d-d965ccfc6d4b" outcome="Passed" testListId="e3956c95-7357-474f-ba45-191efed3e9aa" />
    <UnitTestResult executionId="6eba7416-bbdc-4d27-8329-e8d1b5adcb21" testId="d72cb60e-6fe5-4de2-90ce-832366fa440b" testName="Test2792" computerName="UA-LPT-OGA2" duration="00:00:00.1450000" startTime="2025-05-14T13:20:31.3146610Z" endTime="2025-05-14T13:25:31.3147553Z" testType="13cdc9d9-ddb5-4fa4-a97d-d965ccfc6d4b" outcome="Passed" testListId="e3956c95-7357-474f-ba45-191efed3e9aa" />
    <UnitTestResult executionId="36e15400-986f-479f-9bc8-2a0635f263b0" testId="fb91b0de-707d-4f93-8102-396aa916b2d8" testName="Test2793" computerName="UA-LPT-OGA2" duration="00:00:00.1460000" startTime="2025-05-14T13:20:31.3146610Z" endTime="2025-05-14T13:25:31.3147553Z" testType="13cdc9d9-ddb5-4fa4-a97d-d965ccfc6d4b" outcome="Passed" testListId="e3956c95-7357-474f-ba45-191efed3e9aa" />
    <UnitTestResult executionId="2679701f-38df-4f42-ab5c-d9d22b2c8420" testId="d05bbf24-eb4a-4d88-8545-23421449f28c" testName="Test2794" computerName="UA-LPT-OGA2" duration="00:00:00.2490000" startTime="2025-05-14T13:20:31.3146610Z" endTime="2025-05-14T13:25:31.3147553Z" testType="13cdc9d9-ddb5-4fa4-a97d-d965ccfc6d4b" outcome="Passed" testListId="e3956c95-7357-474f-ba45-191efed3e9aa" />
    <UnitTestResult executionId="68ff0ee9-157b-4e9e-84dd-0f2792ff6fcd" testId="f7b2ae45-0dab-4a3a-bb42-5b4ce79c8628" testName="Test2795" computerName="UA-LPT-OGA2" duration="00:00:00.5610000" startTime="2025-05-14T13:20:31.3146610Z" endTime="2025-05-14T13:25:31.3147553Z" testType="13cdc9d9-ddb5-4fa4-a97d-d965ccfc6d4b" outcome="Passed" testListId="e3956c95-7357-474f-ba45-191efed3e9aa" />
    <UnitTestResult executionId="3a855ea4-47b6-4b36-8fb2-38d257aa53f9" testId="e9728655-86f3-4d3f-956c-bbfedea55056" testName="Test2796" computerName="UA-LPT-OGA2" duration="00:00:00.1980000" startTime="2025-05-14T13:20:31.3146610Z" endTime="2025-05-14T13:25:31.3147553Z" testType="13cdc9d9-ddb5-4fa4-a97d-d965ccfc6d4b" outcome="Passed" testListId="e3956c95-7357-474f-ba45-191efed3e9aa" />
    <UnitTestResult executionId="5d381448-554e-46be-b79f-7c3c45094084" testId="92dd95aa-8255-49c9-8e1e-30aa58db9d87" testName="Test2797" computerName="UA-LPT-OGA2" duration="00:00:01.4310000" startTime="2025-05-14T13:20:31.3146610Z" endTime="2025-05-14T13:25:31.3147553Z" testType="13cdc9d9-ddb5-4fa4-a97d-d965ccfc6d4b" outcome="Passed" testListId="e3956c95-7357-474f-ba45-191efed3e9aa" />
    <UnitTestResult executionId="e12a57a5-b905-4dab-8015-29d39a855857" testId="f41e9c02-f1e5-4ed9-b020-b54f55bc991a" testName="Test2798" computerName="UA-LPT-OGA2" duration="00:00:01.2140000" startTime="2025-05-14T13:20:31.3146610Z" endTime="2025-05-14T13:25:31.3147553Z" testType="13cdc9d9-ddb5-4fa4-a97d-d965ccfc6d4b" outcome="Passed" testListId="e3956c95-7357-474f-ba45-191efed3e9aa" />
    <UnitTestResult executionId="bed5e316-2508-473c-bebc-97c3b14e802f" testId="06f69523-4ea9-44c0-b5af-8e9e31439313" testName="Test2799" computerName="UA-LPT-OGA2" duration="00:00:01.4050000" startTime="2025-05-14T13:20:31.3146610Z" endTime="2025-05-14T13:25:31.3147553Z" testType="13cdc9d9-ddb5-4fa4-a97d-d965ccfc6d4b" outcome="Passed" testListId="e3956c95-7357-474f-ba45-191efed3e9aa" />
    <UnitTestResult executionId="556705b9-05bc-46c1-a570-fa54fa50fdbe" testId="3d8db082-07b8-44ee-8045-3acce5ab92c3" testName="Test2800" computerName="UA-LPT-OGA2" duration="00:00:01.0680000" startTime="2025-05-14T13:20:31.3146610Z" endTime="2025-05-14T13:25:31.3147553Z" testType="13cdc9d9-ddb5-4fa4-a97d-d965ccfc6d4b" outcome="Passed" testListId="e3956c95-7357-474f-ba45-191efed3e9aa" />
  </Results>
  <TestDefinitions>
    <UnitTest name="Test2701" id="48212df0-1ee6-4296-abcc-6a7c6620d5c0" storage="TestAssembly.dll">
      <Execution id="b6ce4aa8-19cd-4b96-9d05-c7491cd3c00e" />
      <TestMethod codeBase="TestAssembly.dll" className="TestNamespace.TestClass1" name="Test2701" />
    </UnitTest>
    <UnitTest name="Test2702" id="d2fbde06-e13c-41f4-aec4-e924474ddf96" storage="TestAssembly.dll">
      <Execution id="38ddc0d2-d54f-4f6b-b485-bd647759dddc" />
      <TestMethod codeBase="TestAssembly.dll" className="TestNamespace.TestClass1" name="Test2702" />
    </UnitTest>
    <UnitTest name="Test2703" id="2ebda859-144d-4e78-83aa-90b15094648a" storage="TestAssembly.dll">
      <Execution id="7c09404b-5129-4db4-b39d-40a98de417cd" />
      <TestMethod codeBase="TestAssembly.dll" className="TestNamespace.TestClass1" name="Test2703" />
    </UnitTest>
    <UnitTest name="Test2704" id="87d7fb65-53d0-4893-bcf9-48b90fabe008" storage="TestAssembly.dll">
      <Execution id="cb14284f-af3e-4be6-b81d-12642e016781" />
      <TestMethod codeBase="TestAssembly.dll" className="TestNamespace.TestClass1" name="Test2704" />
    </UnitTest>
    <UnitTest name="Test2705" id="113a1070-a7b1-4dc0-a9fc-6b6b7cfeb9e9" storage="TestAssembly.dll">
      <Execution id="f6df4143-1b64-451a-a624-5570c04017cc" />
      <TestMethod codeBase="TestAssembly.dll" className="TestNamespace.TestClass1" name="Test2705" />
    </UnitTest>
    <UnitTest name="Test2706" id="50080f1e-f5e2-4511-b761-030df81069b9" storage="TestAssembly.dll">
      <Execution id="08f6efc9-324b-4688-b959-174a71a30f66" />
      <TestMethod codeBase="TestAssembly.dll" className="TestNamespace.TestClass1" name="Test2706" />
    </UnitTest>
    <UnitTest name="Test2707" id="bab35154-d872-4e89-8cf5-dbbf1f6acfcb" storage="TestAssembly.dll">
      <Execution id="7dda1984-1b03-4890-8b48-df7fb76a10cf" />
      <TestMethod codeBase="TestAssembly.dll" className="TestNamespace.TestClass1" name="Test2707" />
    </UnitTest>
    <UnitTest name="Test2708" id="cc8eb8d6-de9e-4bdb-b2fb-696bdc8d5795" storage="TestAssembly.dll">
      <Execution id="b2ef6a9c-8e3d-46ef-ac18-dbb91dacd60c" />
      <TestMethod codeBase="TestAssembly.dll" className="TestNamespace.TestClass1" name="Test2708" />
    </UnitTest>
    <UnitTest name="Test2709" id="b923f88e-8e23-49b2-9213-b7e0ad0f794b" storage="TestAssembly.dll">
      <Execution id="39f687ca-1a99-4da5-87c4-75f3f4bd8088" />
      <TestMethod codeBase="TestAssembly.dll" className="TestNamespace.TestClass1" name="Test2709" />
    </UnitTest>
    <UnitTest name="Test2710" id="5376e0c6-90ee-4548-ba77-11effea33149" storage="TestAssembly.dll">
      <Execution id="82256a38-b4f7-4a45-99e1-e81ddc0dd3cf" />
      <TestMethod codeBase="TestAssembly.dll" className="TestNamespace.TestClass1" name="Test2710" />
    </UnitTest>
    <UnitTest name="Test2711" id="4ab3f549-e2ce-4b12-8696-09e052c3e78f" storage="TestAssembly.dll">
      <Execution id="ee08cecc-854b-4135-a057-611a1d6c1a86" />
      <TestMethod codeBase="TestAssembly.dll" className="TestNamespace.TestClass2" name="Test2711" />
    </UnitTest>
    <UnitTest name="Test2712" id="025f6a76-c63a-4548-9906-b7d4110fe39e" storage="TestAssembly.dll">
      <Execution id="ccb9f596-91da-48ee-a0a8-3a97fa764ab0" />
      <TestMethod codeBase="TestAssembly.dll" className="TestNamespace.TestClass2" name="Test2712" />
    </UnitTest>
    <UnitTest name="Test2713" id="2c878bb5-e4f9-49d1-aa0e-07860aef3b9c" storage="TestAssembly.dll">
      <Execution id="465dcce0-fc50-4643-ba83-f5cdb77ec4b0" />
      <TestMethod codeBase="TestAssembly.dll" className="TestNamespace.TestClass2" name="Test2713" />
    </UnitTest>
    <UnitTest name="Test2714" id="fabc7852-2702-48c8-bb11-862739681264" storage="TestAssembly.dll">
      <Execution id="c22e9da2-5a64-48a1-ba20-10d9610bf259" />
      <TestMethod codeBase="TestAssembly.dll" className="TestNamespace.TestClass2" name="Test2714" />
    </UnitTest>
    <UnitTest name="Test2715" id="fa1be960-55a3-4057-8427-0ab6113a5ca0" storage="TestAssembly.dll">
      <Execution id="03304b9f-2ae8-4b57-96fd-cf767c703c5d" />
      <TestMethod codeBase="TestAssembly.dll" className="TestNamespace.TestClass2" name="Test2715" />
    </UnitTest>
    <UnitTest name="Test2716" id="459f4922-5a6f-4c27-80ef-b53bea01959a" storage="TestAssembly.dll">
      <Execution id="3d8811be-3c88-48b9-b58e-7f86d3182c02" />
      <TestMethod codeBase="TestAssembly.dll" className="TestNamespace.TestClass2" name="Test2716" />
    </UnitTest>
    <UnitTest name="Test2717" id="5b03db98-e9dd-4b8b-9bdb-b45114c42da9" storage="TestAssembly.dll">
      <Execution id="c264dd77-32e5-4247-9e89-6b970eb8ff9d" />
      <TestMethod codeBase="TestAssembly.dll" className="TestNamespace.TestClass2" name="Test2717" />
    </UnitTest>
    <UnitTest name="Test2718" id="4a19a4bf-6146-4435-b8e9-230dbe48dbe1" storage="TestAssembly.dll">
      <Execution id="21689b86-e067-4413-9440-2187fd981165" />
      <TestMethod codeBase="TestAssembly.dll" className="TestNamespace.TestClass2" name="Test2718" />
    </UnitTest>
    <UnitTest name="Test2719" id="d5fefaa1-bffb-49c9-93ce-ff71212e8178" storage="TestAssembly.dll">
      <Execution id="c5d4c418-f0b3-4286-87b0-b66a640a54a9" />
      <TestMethod codeBase="TestAssembly.dll" className="TestNamespace.TestClass2" name="Test2719" />
    </UnitTest>
    <UnitTest name="Test2720" id="09f90f6d-6fa9-4077-8f84-28cec88fe89e" storage="TestAssembly.dll">
      <Execution id="a7a37cc4-0c69-418b-9cc2-bf6511a7f736" />
      <TestMethod codeBase="TestAssembly.dll" className="TestNamespace.TestClass2" name="Test2720" />
    </UnitTest>
    <UnitTest name="Test2721" id="0710ebb4-3857-4ec4-bad0-f92c68d2305e" storage="TestAssembly.dll">
      <Execution id="3d02dfcc-8a76-42e4-a024-a4b6681e65fc" />
      <TestMethod codeBase="TestAssembly.dll" className="TestNamespace.TestClass3" name="Test2721" />
    </UnitTest>
    <UnitTest name="Test2722" id="7b507d1b-1cbc-4e4e-8ac5-4bbe1faa7b5f" storage="TestAssembly.dll">
      <Execution id="b46667b7-c4d8-4e23-874b-b2499add0645" />
      <TestMethod codeBase="TestAssembly.dll" className="TestNamespace.TestClass3" name="Test2722" />
    </UnitTest>
    <UnitTest name="Test2723" id="2303389c-5225-42a3-9c8c-4c07ec337682" storage="TestAssembly.dll">
      <Execution id="41810a64-830e-40f6-b727-a799da09bf1a" />
      <TestMethod codeBase="TestAssembly.dll" className="TestNamespace.TestClass3" name="Test2723" />
    </UnitTest>
    <UnitTest name="Test2724" id="7f3e5e18-05ad-4d80-aee5-cb20f7ea8e15" storage="TestAssembly.dll">
      <Execution id="c7727fce-f4b4-4705-b07b-9e77a9d20713" />
      <TestMethod codeBase="TestAssembly.dll" className="TestNamespace.TestClass3" name="Test2724" />
    </UnitTest>
    <UnitTest name="Test2725" id="2791158c-11f5-4ae8-b52b-04fa078aa735" storage="TestAssembly.dll">
      <Execution id="9f0380d0-7c41-4af1-b2a1-a8224680a003" />
      <TestMethod codeBase="TestAssembly.dll" className="TestNamespace.TestClass3" name="Test2725" />
    </UnitTest>
    <UnitTest name="Test2726" id="ea68ce0b-e8bd-4431-9418-b732937845c6" storage="TestAssembly.dll">
      <Execution id="9ae30bd5-9c25-4274-a4f6-58a46c900a56" />
      <TestMethod codeBase="TestAssembly.dll" className="TestNamespace.TestClass3" name="Test2726" />
    </UnitTest>
    <UnitTest name="Test2727" id="43492ea6-f9e6-46e3-81cc-c27207534a24" storage="TestAssembly.dll">
      <Execution id="f4699ad1-7cad-490e-8045-6f91867fb3f5" />
      <TestMethod codeBase="TestAssembly.dll" className="TestNamespace.TestClass3" name="Test2727" />
    </UnitTest>
    <UnitTest name="Test2728" id="9c8568c1-e19b-4919-9eea-2df615755894" storage="TestAssembly.dll">
      <Execution id="cc060782-53e8-4c9f-b02e-1dc5a0e83181" />
      <TestMethod codeBase="TestAssembly.dll" className="TestNamespace.TestClass3" name="Test2728" />
    </UnitTest>
    <UnitTest name="Test2729" id="3f9fb5ee-2d17-4b0f-b0d5-502d123037f3" storage="TestAssembly.dll">
      <Execution id="fe26ed5f-540f-490f-a3d1-4fdc53fec3a1" />
      <TestMethod codeBase="TestAssembly.dll" className="TestNamespace.TestClass3" name="Test2729" />
    </UnitTest>
    <UnitTest name="Test2730" id="54591693-feb1-4abe-a143-1cafe0da89f1" storage="TestAssembly.dll">
      <Execution id="6cd26b97-2e79-4f47-a2e2-0b3c7910aaae" />
      <TestMethod codeBase="TestAssembly.dll" className="TestNamespace.TestClass3" name="Test2730" />
    </UnitTest>
    <UnitTest name="Test2731" id="f56d70a8-d6e2-453b-9b26-061f0bf182ea" storage="TestAssembly.dll">
      <Execution id="2675c9b5-7d08-40d3-bba1-c3f99f321fa0" />
      <TestMethod codeBase="TestAssembly.dll" className="TestNamespace.TestClass4" name="Test2731" />
    </UnitTest>
    <UnitTest name="Test2732" id="cc13a5a9-26b1-40c5-baed-80d5117df595" storage="TestAssembly.dll">
      <Execution id="9e12aee3-b423-465a-a954-704257025f31" />
      <TestMethod codeBase="TestAssembly.dll" className="TestNamespace.TestClass4" name="Test2732" />
    </UnitTest>
    <UnitTest name="Test2733" id="ae2d3691-0bf6-4433-9c99-2a077fd9e8d9" storage="TestAssembly.dll">
      <Execution id="c119d9c6-f3a3-4758-accb-8efc857f24d2" />
      <TestMethod codeBase="TestAssembly.dll" className="TestNamespace.TestClass4" name="Test2733" />
    </UnitTest>
    <UnitTest name="Test2734" id="fd0b840d-34e3-4160-8b26-79257787f640" storage="TestAssembly.dll">
      <Execution id="ae109348-4a8e-45c5-b047-e809da87fd65" />
      <TestMethod codeBase="TestAssembly.dll" className="TestNamespace.TestClass4" name="Test2734" />
    </UnitTest>
    <UnitTest name="Test2735" id="429fd7da-5496-464b-97e8-95a42522af2d" storage="TestAssembly.dll">
      <Execution id="143b18bc-521c-47b2-8710-945703e300b8" />
      <TestMethod codeBase="TestAssembly.dll" className="TestNamespace.TestClass4" name="Test2735" />
    </UnitTest>
    <UnitTest name="Test2736" id="25b77686-2207-4328-845c-a5708cccdd0b" storage="TestAssembly.dll">
      <Execution id="6bddebae-66e5-40ef-a72e-b0ab3aa2dd66" />
      <TestMethod codeBase="TestAssembly.dll" className="TestNamespace.TestClass4" name="Test2736" />
    </UnitTest>
    <UnitTest name="Test2737" id="1457a5ab-347f-4804-a027-4c6f3fd2b15c" storage="TestAssembly.dll">
      <Execution id="4d2f1292-23b0-4b6a-9f08-6c14821c904f" />
      <TestMethod codeBase="TestAssembly.dll" className="TestNamespace.TestClass4" name="Test2737" />
    </UnitTest>
    <UnitTest name="Test2738" id="94bb484e-ef20-49d2-9735-6139490e4f86" storage="TestAssembly.dll">
      <Execution id="10708f7e-8b36-4b26-b168-89d74a920bf3" />
      <TestMethod codeBase="TestAssembly.dll" className="TestNamespace.TestClass4" name="Test2738" />
    </UnitTest>
    <UnitTest name="Test2739" id="efe34cc0-3d21-4c49-9630-c9456ca47111" storage="TestAssembly.dll">
      <Execution id="f3fa1297-10fc-4eda-9c79-a6695cdd0a35" />
      <TestMethod codeBase="TestAssembly.dll" className="TestNamespace.TestClass4" name="Test2739" />
    </UnitTest>
    <UnitTest name="Test2740" id="cc26258f-29c8-4463-bc17-5fd9a26609b4" storage="TestAssembly.dll">
      <Execution id="374b7218-c6f4-41fd-b701-8e5278645207" />
      <TestMethod codeBase="TestAssembly.dll" className="TestNamespace.TestClass4" name="Test2740" />
    </UnitTest>
    <UnitTest name="Test2741" id="8a10aa50-9f07-4001-bf02-ded745789417" storage="TestAssembly.dll">
      <Execution id="078cac10-9782-4e42-a1e0-6f4b18df372c" />
      <TestMethod codeBase="TestAssembly.dll" className="TestNamespace.TestClass5" name="Test2741" />
    </UnitTest>
    <UnitTest name="Test2742" id="dfa10fae-2f38-4391-a9c9-74a6f4a9bfc6" storage="TestAssembly.dll">
      <Execution id="52194642-bf2c-4c06-8cd7-218b561cab3b" />
      <TestMethod codeBase="TestAssembly.dll" className="TestNamespace.TestClass5" name="Test2742" />
    </UnitTest>
    <UnitTest name="Test2743" id="17567ff2-b440-4663-af64-875a5c6fc465" storage="TestAssembly.dll">
      <Execution id="e82f730d-8e60-4362-80c1-b1f6287eeaae" />
      <TestMethod codeBase="TestAssembly.dll" className="TestNamespace.TestClass5" name="Test2743" />
    </UnitTest>
    <UnitTest name="Test2744" id="6db9aa96-a85c-4f63-bc83-017fcb224185" storage="TestAssembly.dll">
      <Execution id="180cd0ed-6492-4c23-a907-7261e819af73" />
      <TestMethod codeBase="TestAssembly.dll" className="TestNamespace.TestClass5" name="Test2744" />
    </UnitTest>
    <UnitTest name="Test2745" id="b42dc2bf-540a-4d14-9fd5-2d5ecd613a41" storage="TestAssembly.dll">
      <Execution id="bddb86af-4e5d-4b9d-b7ad-e6f3ff8bad1f" />
      <TestMethod codeBase="TestAssembly.dll" className="TestNamespace.TestClass5" name="Test2745" />
    </UnitTest>
    <UnitTest name="Test2746" id="e36d5fbf-d207-44db-86e0-0ba5643b584b" storage="TestAssembly.dll">
      <Execution id="524852a9-3653-4c35-9f5d-856706e5624b" />
      <TestMethod codeBase="TestAssembly.dll" className="TestNamespace.TestClass5" name="Test2746" />
    </UnitTest>
    <UnitTest name="Test2747" id="60314732-fc1b-46d7-8019-7030f633e8b9" storage="TestAssembly.dll">
      <Execution id="5c00a67f-9ec1-4a4d-8df1-0ef918effba8" />
      <TestMethod codeBase="TestAssembly.dll" className="TestNamespace.TestClass5" name="Test2747" />
    </UnitTest>
    <UnitTest name="Test2748" id="a8b8fb64-d060-42c7-8b8c-a3679e612b7d" storage="TestAssembly.dll">
      <Execution id="9f640c6b-a18b-49fe-ab37-39a92bd5e68e" />
      <TestMethod codeBase="TestAssembly.dll" className="TestNamespace.TestClass5" name="Test2748" />
    </UnitTest>
    <UnitTest name="Test2749" id="c227049b-b513-4f7e-a6cc-ef2243f22042" storage="TestAssembly.dll">
      <Execution id="5ab1d11e-0fbb-450a-99e9-689e993b0952" />
      <TestMethod codeBase="TestAssembly.dll" className="TestNamespace.TestClass5" name="Test2749" />
    </UnitTest>
    <UnitTest name="Test2750" id="53a18999-163d-4b49-b9b1-4ce0fb052a02" storage="TestAssembly.dll">
      <Execution id="c65d5f3a-c4d1-4a9f-b3a5-8e3189966af2" />
      <TestMethod codeBase="TestAssembly.dll" className="TestNamespace.TestClass5" name="Test2750" />
    </UnitTest>
    <UnitTest name="Test2751" id="502d1caa-ef03-4994-91a3-aff3ab4f8e5a" storage="TestAssembly.dll">
      <Execution id="877fa1b1-ed75-4c3b-9441-b98fddb77a27" />
      <TestMethod codeBase="TestAssembly.dll" className="TestNamespace.TestClass6" name="Test2751" />
    </UnitTest>
    <UnitTest name="Test2752" id="22110105-afa1-4052-9ce0-e58bf3eb38e5" storage="TestAssembly.dll">
      <Execution id="b8e96410-688c-425f-81c8-e9281b65bee7" />
      <TestMethod codeBase="TestAssembly.dll" className="TestNamespace.TestClass6" name="Test2752" />
    </UnitTest>
    <UnitTest name="Test2753" id="99b6f730-1c48-4751-8018-c27c99bf4a4c" storage="TestAssembly.dll">
      <Execution id="65ca8910-de13-461d-a4f2-5b56ee37a8f8" />
      <TestMethod codeBase="TestAssembly.dll" className="TestNamespace.TestClass6" name="Test2753" />
    </UnitTest>
    <UnitTest name="Test2754" id="30346fbc-6f76-4cae-8fae-ba1198f7bc82" storage="TestAssembly.dll">
      <Execution id="486c99f9-a88b-47a3-8bfa-b7b0d0802fb1" />
      <TestMethod codeBase="TestAssembly.dll" className="TestNamespace.TestClass6" name="Test2754" />
    </UnitTest>
    <UnitTest name="Test2755" id="d4504c39-e721-4a7d-95ca-6e9b89b146b4" storage="TestAssembly.dll">
      <Execution id="cbfe9630-5ad1-4e57-8edc-9fb945134c88" />
      <TestMethod codeBase="TestAssembly.dll" className="TestNamespace.TestClass6" name="Test2755" />
    </UnitTest>
    <UnitTest name="Test2756" id="e6b0cb65-5438-449d-9c2f-47c9e41a613a" storage="TestAssembly.dll">
      <Execution id="5fb22c85-ddcd-4a91-8240-a5f54caadbe3" />
      <TestMethod codeBase="TestAssembly.dll" className="TestNamespace.TestClass6" name="Test2756" />
    </UnitTest>
    <UnitTest name="Test2757" id="7aea6e4a-bb66-484c-bea4-b700656481e2" storage="TestAssembly.dll">
      <Execution id="ae99132b-fb78-4086-a9f6-47659c0289b8" />
      <TestMethod codeBase="TestAssembly.dll" className="TestNamespace.TestClass6" name="Test2757" />
    </UnitTest>
    <UnitTest name="Test2758" id="f2a03777-9ab3-45b6-8025-cc1382ea528f" storage="TestAssembly.dll">
      <Execution id="d3c92286-1926-4f7e-8bb4-967666d8b8f1" />
      <TestMethod codeBase="TestAssembly.dll" className="TestNamespace.TestClass6" name="Test2758" />
    </UnitTest>
    <UnitTest name="Test2759" id="c89a3ee0-383a-4d6f-89e9-b2186447ec7c" storage="TestAssembly.dll">
      <Execution id="7e97db47-4fc3-4446-9b43-12bfb18f34ae" />
      <TestMethod codeBase="TestAssembly.dll" className="TestNamespace.TestClass6" name="Test2759" />
    </UnitTest>
    <UnitTest name="Test2760" id="6b0dc9ab-ee2d-4df6-ade2-87ee52a71295" storage="TestAssembly.dll">
      <Execution id="ba7d5a9b-f33d-4368-9c6a-a354b130c516" />
      <TestMethod codeBase="TestAssembly.dll" className="TestNamespace.TestClass6" name="Test2760" />
    </UnitTest>
    <UnitTest name="Test2761" id="dfbc3e3a-7d5d-488e-8b8c-b60d41693d88" storage="TestAssembly.dll">
      <Execution id="1e598126-9faa-4183-9134-918fdb647541" />
      <TestMethod codeBase="TestAssembly.dll" className="TestNamespace.TestClass7" name="Test2761" />
    </UnitTest>
    <UnitTest name="Test2762" id="aff3a139-e588-4dc0-b805-f84a881f53f4" storage="TestAssembly.dll">
      <Execution id="2f468269-84fe-4a60-822f-77b4e5928740" />
      <TestMethod codeBase="TestAssembly.dll" className="TestNamespace.TestClass7" name="Test2762" />
    </UnitTest>
    <UnitTest name="Test2763" id="9d6b20b4-4861-457b-9f6c-d07a37f98fb4" storage="TestAssembly.dll">
      <Execution id="cc1e32a6-5bc5-4269-9a94-194295cb8da2" />
      <TestMethod codeBase="TestAssembly.dll" className="TestNamespace.TestClass7" name="Test2763" />
    </UnitTest>
    <UnitTest name="Test2764" id="7846ea0c-6064-40a1-8059-0caae577e0ee" storage="TestAssembly.dll">
      <Execution id="69e5aa6f-9b86-4a38-b549-b141b10276c9" />
      <TestMethod codeBase="TestAssembly.dll" className="TestNamespace.TestClass7" name="Test2764" />
    </UnitTest>
    <UnitTest name="Test2765" id="01544a1d-2b5e-4a01-bf6d-d5095658c61f" storage="TestAssembly.dll">
      <Execution id="27e86d25-ee96-45a9-95cb-22a7d0db58c3" />
      <TestMethod codeBase="TestAssembly.dll" className="TestNamespace.TestClass7" name="Test2765" />
    </UnitTest>
    <UnitTest name="Test2766" id="fc48d7e3-77e5-430b-bf38-40f31b9ce389" storage="TestAssembly.dll">
      <Execution id="d28c5bcf-07c7-46da-a71c-0f5ed4d498ba" />
      <TestMethod codeBase="TestAssembly.dll" className="TestNamespace.TestClass7" name="Test2766" />
    </UnitTest>
    <UnitTest name="Test2767" id="95d639cf-805b-4a50-b9a4-e78b91e533c8" storage="TestAssembly.dll">
      <Execution id="8f8a16ab-1f7b-4b91-b718-1b3cef5fc1c5" />
      <TestMethod codeBase="TestAssembly.dll" className="TestNamespace.TestClass7" name="Test2767" />
    </UnitTest>
    <UnitTest name="Test2768" id="cbe2e420-51d2-48c7-8ef2-62af03e0237d" storage="TestAssembly.dll">
      <Execution id="6eedff1d-2400-463a-9aa4-37dc76562a35" />
      <TestMethod codeBase="TestAssembly.dll" className="TestNamespace.TestClass7" name="Test2768" />
    </UnitTest>
    <UnitTest name="Test2769" id="f6feb72b-e748-4666-bf05-3f77f874ac9d" storage="TestAssembly.dll">
      <Execution id="b521a037-86f3-4fc9-bff8-9f4e37532b1f" />
      <TestMethod codeBase="TestAssembly.dll" className="TestNamespace.TestClass7" name="Test2769" />
    </UnitTest>
    <UnitTest name="Test2770" id="426aaad9-0258-459e-a394-b35fcea5c51b" storage="TestAssembly.dll">
      <Execution id="4b05f8a0-4d38-43fd-b646-0a3c6102c0d8" />
      <TestMethod codeBase="TestAssembly.dll" className="TestNamespace.TestClass7" name="Test2770" />
    </UnitTest>
    <UnitTest name="Test2771" id="cfca4418-d03c-44b1-9242-33c77bdfa899" storage="TestAssembly.dll">
      <Execution id="5038c014-544b-4688-9883-f69f1b25d7e9" />
      <TestMethod codeBase="TestAssembly.dll" className="TestNamespace.TestClass8" name="Test2771" />
    </UnitTest>
    <UnitTest name="Test2772" id="3c45816b-70e0-4711-81c3-fa14b6281ca7" storage="TestAssembly.dll">
      <Execution id="736a3d96-b694-4c64-bbf2-49cff6668051" />
      <TestMethod codeBase="TestAssembly.dll" className="TestNamespace.TestClass8" name="Test2772" />
    </UnitTest>
    <UnitTest name="Test2773" id="681172dc-7f40-46d4-9928-9b7d727e74db" storage="TestAssembly.dll">
      <Execution id="d150e922-70c8-48b7-87be-77fca436eb1d" />
      <TestMethod codeBase="TestAssembly.dll" className="TestNamespace.TestClass8" name="Test2773" />
    </UnitTest>
    <UnitTest name="Test2774" id="1293b062-af04-451c-ad2a-60361171547a" storage="TestAssembly.dll">
      <Execution id="ccdf934b-e897-4aae-8c05-399e00fb48dd" />
      <TestMethod codeBase="TestAssembly.dll" className="TestNamespace.TestClass8" name="Test2774" />
    </UnitTest>
    <UnitTest name="Test2775" id="c8ef09d5-7309-45e7-8ff1-24f08f953ce5" storage="TestAssembly.dll">
      <Execution id="f6176c2d-09ff-4686-952f-d2a7962acd28" />
      <TestMethod codeBase="TestAssembly.dll" className="TestNamespace.TestClass8" name="Test2775" />
    </UnitTest>
    <UnitTest name="Test2776" id="aea30b87-bcb1-4496-b084-fc5cdd19fb89" storage="TestAssembly.dll">
      <Execution id="67280c7a-07da-494b-88e2-013a0efaf3c8" />
      <TestMethod codeBase="TestAssembly.dll" className="TestNamespace.TestClass8" name="Test2776" />
    </UnitTest>
    <UnitTest name="Test2777" id="a2af312d-02c5-48ea-a5df-0efd2fb36192" storage="TestAssembly.dll">
      <Execution id="5938ef67-7728-4dbc-97f1-5ed83760e979" />
      <TestMethod codeBase="TestAssembly.dll" className="TestNamespace.TestClass8" name="Test2777" />
    </UnitTest>
    <UnitTest name="Test2778" id="926e579b-c8fb-481a-9ec9-b763401631a5" storage="TestAssembly.dll">
      <Execution id="4179ca6a-802b-4b9d-bd7e-f22c83075bde" />
      <TestMethod codeBase="TestAssembly.dll" className="TestNamespace.TestClass8" name="Test2778" />
    </UnitTest>
    <UnitTest name="Test2779" id="4b9ef716-4f8e-4d73-b5e9-9b94482ceac1" storage="TestAssembly.dll">
      <Execution id="8e6c53a1-3b2a-4e42-acf6-772f98a6c7b3" />
      <TestMethod codeBase="TestAssembly.dll" className="TestNamespace.TestClass8" name="Test2779" />
    </UnitTest>
    <UnitTest name="Test2780" id="f406e8f1-af87-425f-8b88-321957c85e2b" storage="TestAssembly.dll">
      <Execution id="d120f342-a15b-4b82-9e2a-f2c9ffe5a8e7" />
      <TestMethod codeBase="TestAssembly.dll" className="TestNamespace.TestClass8" name="Test2780" />
    </UnitTest>
    <UnitTest name="Test2781" id="a1c60c81-8d35-4f4e-ad02-91c926eff8a3" storage="TestAssembly.dll">
      <Execution id="fac68ece-cbb2-4bef-8616-1cd1fb95be36" />
      <TestMethod codeBase="TestAssembly.dll" className="TestNamespace.TestClass9" name="Test2781" />
    </UnitTest>
    <UnitTest name="Test2782" id="dab87ca1-07ec-4d4a-ad52-39f7a56b2ebb" storage="TestAssembly.dll">
      <Execution id="befc9d4d-4b61-4707-9fda-cf28e9aa8511" />
      <TestMethod codeBase="TestAssembly.dll" className="TestNamespace.TestClass9" name="Test2782" />
    </UnitTest>
    <UnitTest name="Test2783" id="dc1a6f5c-667f-41b9-9228-28257da65e77" storage="TestAssembly.dll">
      <Execution id="559e0540-6c01-45ae-a305-a485d794d409" />
      <TestMethod codeBase="TestAssembly.dll" className="TestNamespace.TestClass9" name="Test2783" />
    </UnitTest>
    <UnitTest name="Test2784" id="ba7d9930-e187-48b0-b381-6c5ba3b94326" storage="TestAssembly.dll">
      <Execution id="2181ec9e-0842-4444-b642-b72c3f08e9b9" />
      <TestMethod codeBase="TestAssembly.dll" className="TestNamespace.TestClass9" name="Test2784" />
    </UnitTest>
    <UnitTest name="Test2785" id="15caa94f-e193-4e02-af64-657949692f63" storage="TestAssembly.dll">
      <Execution id="5458aa59-09c3-4779-aacc-a56098a432b6" />
      <TestMethod codeBase="TestAssembly.dll" className="TestNamespace.TestClass9" name="Test2785" />
    </UnitTest>
    <UnitTest name="Test2786" id="298e05e2-2d43-488d-8d78-a18dcac73255" storage="TestAssembly.dll">
      <Execution id="dfe49890-51a3-44b5-a4aa-259cc5ec7495" />
      <TestMethod codeBase="TestAssembly.dll" className="TestNamespace.TestClass9" name="Test2786" />
    </UnitTest>
    <UnitTest name="Test2787" id="94a91b9d-4615-44b2-882c-09949b66a4b6" storage="TestAssembly.dll">
      <Execution id="34b25dda-0577-44b7-81e3-6061b2858572" />
      <TestMethod codeBase="TestAssembly.dll" className="TestNamespace.TestClass9" name="Test2787" />
    </UnitTest>
    <UnitTest name="Test2788" id="12bbf9bc-fa52-46c6-808c-7acb387553ba" storage="TestAssembly.dll">
      <Execution id="663ab91b-ad40-42e8-a0f4-8d623a75c20b" />
      <TestMethod codeBase="TestAssembly.dll" className="TestNamespace.TestClass9" name="Test2788" />
    </UnitTest>
    <UnitTest name="Test2789" id="600b6505-29a4-4c47-ae96-e1f84f18da94" storage="TestAssembly.dll">
      <Execution id="42ddf3cf-575c-4660-acf0-40d4cec2049f" />
      <TestMethod codeBase="TestAssembly.dll" className="TestNamespace.TestClass9" name="Test2789" />
    </UnitTest>
    <UnitTest name="Test2790" id="b1a4737b-7f2d-41e0-a23f-30cffa2e09ea" storage="TestAssembly.dll">
      <Execution id="84c39f67-3c38-4dcb-863d-bd8cd368faa5" />
      <TestMethod codeBase="TestAssembly.dll" className="TestNamespace.TestClass9" name="Test2790" />
    </UnitTest>
    <UnitTest name="Test2791" id="6a89c7df-2bbc-43db-a724-9e70f86acb3c" storage="TestAssembly.dll">
      <Execution id="26aeef2f-94d9-44a6-91ca-ffe846ca79c4" />
      <TestMethod codeBase="TestAssembly.dll" className="TestNamespace.TestClass10" name="Test2791" />
    </UnitTest>
    <UnitTest name="Test2792" id="d72cb60e-6fe5-4de2-90ce-832366fa440b" storage="TestAssembly.dll">
      <Execution id="6eba7416-bbdc-4d27-8329-e8d1b5adcb21" />
      <TestMethod codeBase="TestAssembly.dll" className="TestNamespace.TestClass10" name="Test2792" />
    </UnitTest>
    <UnitTest name="Test2793" id="fb91b0de-707d-4f93-8102-396aa916b2d8" storage="TestAssembly.dll">
      <Execution id="36e15400-986f-479f-9bc8-2a0635f263b0" />
      <TestMethod codeBase="TestAssembly.dll" className="TestNamespace.TestClass10" name="Test2793" />
    </UnitTest>
    <UnitTest name="Test2794" id="d05bbf24-eb4a-4d88-8545-23421449f28c" storage="TestAssembly.dll">
      <Execution id="2679701f-38df-4f42-ab5c-d9d22b2c8420" />
      <TestMethod codeBase="TestAssembly.dll" className="TestNamespace.TestClass10" name="Test2794" />
    </UnitTest>
    <UnitTest name="Test2795" id="f7b2ae45-0dab-4a3a-bb42-5b4ce79c8628" storage="TestAssembly.dll">
      <Execution id="68ff0ee9-157b-4e9e-84dd-0f2792ff6fcd" />
      <TestMethod codeBase="TestAssembly.dll" className="TestNamespace.TestClass10" name="Test2795" />
    </UnitTest>
    <UnitTest name="Test2796" id="e9728655-86f3-4d3f-956c-bbfedea55056" storage="TestAssembly.dll">
      <Execution id="3a855ea4-47b6-4b36-8fb2-38d257aa53f9" />
      <TestMethod codeBase="TestAssembly.dll" className="TestNamespace.TestClass10" name="Test2796" />
    </UnitTest>
    <UnitTest name="Test2797" id="92dd95aa-8255-49c9-8e1e-30aa58db9d87" storage="TestAssembly.dll">
      <Execution id="5d381448-554e-46be-b79f-7c3c45094084" />
      <TestMethod codeBase="TestAssembly.dll" className="TestNamespace.TestClass10" name="Test2797" />
    </UnitTest>
    <UnitTest name="Test2798" id="f41e9c02-f1e5-4ed9-b020-b54f55bc991a" storage="TestAssembly.dll">
      <Execution id="e12a57a5-b905-4dab-8015-29d39a855857" />
      <TestMethod codeBase="TestAssembly.dll" className="TestNamespace.TestClass10" name="Test2798" />
    </UnitTest>
    <UnitTest name="Test2799" id="06f69523-4ea9-44c0-b5af-8e9e31439313" storage="TestAssembly.dll">
      <Execution id="bed5e316-2508-473c-bebc-97c3b14e802f" />
      <TestMethod codeBase="TestAssembly.dll" className="TestNamespace.TestClass10" name="Test2799" />
    </UnitTest>
    <UnitTest name="Test2800" id="3d8db082-07b8-44ee-8045-3acce5ab92c3" storage="TestAssembly.dll">
      <Execution id="556705b9-05bc-46c1-a570-fa54fa50fdbe" />
      <TestMethod codeBase="TestAssembly.dll" className="TestNamespace.TestClass10" name="Test2800" />
    </UnitTest>
  </TestDefinitions>
  <TestEntries>
    <TestEntry testId="48212df0-1ee6-4296-abcc-6a7c6620d5c0" executionId="b6ce4aa8-19cd-4b96-9d05-c7491cd3c00e" testListId="e3956c95-7357-474f-ba45-191efed3e9aa" />
    <TestEntry testId="d2fbde06-e13c-41f4-aec4-e924474ddf96" executionId="38ddc0d2-d54f-4f6b-b485-bd647759dddc" testListId="e3956c95-7357-474f-ba45-191efed3e9aa" />
    <TestEntry testId="2ebda859-144d-4e78-83aa-90b15094648a" executionId="7c09404b-5129-4db4-b39d-40a98de417cd" testListId="e3956c95-7357-474f-ba45-191efed3e9aa" />
    <TestEntry testId="87d7fb65-53d0-4893-bcf9-48b90fabe008" executionId="cb14284f-af3e-4be6-b81d-12642e016781" testListId="e3956c95-7357-474f-ba45-191efed3e9aa" />
    <TestEntry testId="113a1070-a7b1-4dc0-a9fc-6b6b7cfeb9e9" executionId="f6df4143-1b64-451a-a624-5570c04017cc" testListId="e3956c95-7357-474f-ba45-191efed3e9aa" />
    <TestEntry testId="50080f1e-f5e2-4511-b761-030df81069b9" executionId="08f6efc9-324b-4688-b959-174a71a30f66" testListId="e3956c95-7357-474f-ba45-191efed3e9aa" />
    <TestEntry testId="bab35154-d872-4e89-8cf5-dbbf1f6acfcb" executionId="7dda1984-1b03-4890-8b48-df7fb76a10cf" testListId="e3956c95-7357-474f-ba45-191efed3e9aa" />
    <TestEntry testId="cc8eb8d6-de9e-4bdb-b2fb-696bdc8d5795" executionId="b2ef6a9c-8e3d-46ef-ac18-dbb91dacd60c" testListId="e3956c95-7357-474f-ba45-191efed3e9aa" />
    <TestEntry testId="b923f88e-8e23-49b2-9213-b7e0ad0f794b" executionId="39f687ca-1a99-4da5-87c4-75f3f4bd8088" testListId="e3956c95-7357-474f-ba45-191efed3e9aa" />
    <TestEntry testId="5376e0c6-90ee-4548-ba77-11effea33149" executionId="82256a38-b4f7-4a45-99e1-e81ddc0dd3cf" testListId="e3956c95-7357-474f-ba45-191efed3e9aa" />
    <TestEntry testId="4ab3f549-e2ce-4b12-8696-09e052c3e78f" executionId="ee08cecc-854b-4135-a057-611a1d6c1a86" testListId="e3956c95-7357-474f-ba45-191efed3e9aa" />
    <TestEntry testId="025f6a76-c63a-4548-9906-b7d4110fe39e" executionId="ccb9f596-91da-48ee-a0a8-3a97fa764ab0" testListId="e3956c95-7357-474f-ba45-191efed3e9aa" />
    <TestEntry testId="2c878bb5-e4f9-49d1-aa0e-07860aef3b9c" executionId="465dcce0-fc50-4643-ba83-f5cdb77ec4b0" testListId="e3956c95-7357-474f-ba45-191efed3e9aa" />
    <TestEntry testId="fabc7852-2702-48c8-bb11-862739681264" executionId="c22e9da2-5a64-48a1-ba20-10d9610bf259" testListId="e3956c95-7357-474f-ba45-191efed3e9aa" />
    <TestEntry testId="fa1be960-55a3-4057-8427-0ab6113a5ca0" executionId="03304b9f-2ae8-4b57-96fd-cf767c703c5d" testListId="e3956c95-7357-474f-ba45-191efed3e9aa" />
    <TestEntry testId="459f4922-5a6f-4c27-80ef-b53bea01959a" executionId="3d8811be-3c88-48b9-b58e-7f86d3182c02" testListId="e3956c95-7357-474f-ba45-191efed3e9aa" />
    <TestEntry testId="5b03db98-e9dd-4b8b-9bdb-b45114c42da9" executionId="c264dd77-32e5-4247-9e89-6b970eb8ff9d" testListId="e3956c95-7357-474f-ba45-191efed3e9aa" />
    <TestEntry testId="4a19a4bf-6146-4435-b8e9-230dbe48dbe1" executionId="21689b86-e067-4413-9440-2187fd981165" testListId="e3956c95-7357-474f-ba45-191efed3e9aa" />
    <TestEntry testId="d5fefaa1-bffb-49c9-93ce-ff71212e8178" executionId="c5d4c418-f0b3-4286-87b0-b66a640a54a9" testListId="e3956c95-7357-474f-ba45-191efed3e9aa" />
    <TestEntry testId="09f90f6d-6fa9-4077-8f84-28cec88fe89e" executionId="a7a37cc4-0c69-418b-9cc2-bf6511a7f736" testListId="e3956c95-7357-474f-ba45-191efed3e9aa" />
    <TestEntry testId="0710ebb4-3857-4ec4-bad0-f92c68d2305e" executionId="3d02dfcc-8a76-42e4-a024-a4b6681e65fc" testListId="e3956c95-7357-474f-ba45-191efed3e9aa" />
    <TestEntry testId="7b507d1b-1cbc-4e4e-8ac5-4bbe1faa7b5f" executionId="b46667b7-c4d8-4e23-874b-b2499add0645" testListId="e3956c95-7357-474f-ba45-191efed3e9aa" />
    <TestEntry testId="2303389c-5225-42a3-9c8c-4c07ec337682" executionId="41810a64-830e-40f6-b727-a799da09bf1a" testListId="e3956c95-7357-474f-ba45-191efed3e9aa" />
    <TestEntry testId="7f3e5e18-05ad-4d80-aee5-cb20f7ea8e15" executionId="c7727fce-f4b4-4705-b07b-9e77a9d20713" testListId="e3956c95-7357-474f-ba45-191efed3e9aa" />
    <TestEntry testId="2791158c-11f5-4ae8-b52b-04fa078aa735" executionId="9f0380d0-7c41-4af1-b2a1-a8224680a003" testListId="e3956c95-7357-474f-ba45-191efed3e9aa" />
    <TestEntry testId="ea68ce0b-e8bd-4431-9418-b732937845c6" executionId="9ae30bd5-9c25-4274-a4f6-58a46c900a56" testListId="e3956c95-7357-474f-ba45-191efed3e9aa" />
    <TestEntry testId="43492ea6-f9e6-46e3-81cc-c27207534a24" executionId="f4699ad1-7cad-490e-8045-6f91867fb3f5" testListId="e3956c95-7357-474f-ba45-191efed3e9aa" />
    <TestEntry testId="9c8568c1-e19b-4919-9eea-2df615755894" executionId="cc060782-53e8-4c9f-b02e-1dc5a0e83181" testListId="e3956c95-7357-474f-ba45-191efed3e9aa" />
    <TestEntry testId="3f9fb5ee-2d17-4b0f-b0d5-502d123037f3" executionId="fe26ed5f-540f-490f-a3d1-4fdc53fec3a1" testListId="e3956c95-7357-474f-ba45-191efed3e9aa" />
    <TestEntry testId="54591693-feb1-4abe-a143-1cafe0da89f1" executionId="6cd26b97-2e79-4f47-a2e2-0b3c7910aaae" testListId="e3956c95-7357-474f-ba45-191efed3e9aa" />
    <TestEntry testId="f56d70a8-d6e2-453b-9b26-061f0bf182ea" executionId="2675c9b5-7d08-40d3-bba1-c3f99f321fa0" testListId="e3956c95-7357-474f-ba45-191efed3e9aa" />
    <TestEntry testId="cc13a5a9-26b1-40c5-baed-80d5117df595" executionId="9e12aee3-b423-465a-a954-704257025f31" testListId="e3956c95-7357-474f-ba45-191efed3e9aa" />
    <TestEntry testId="ae2d3691-0bf6-4433-9c99-2a077fd9e8d9" executionId="c119d9c6-f3a3-4758-accb-8efc857f24d2" testListId="e3956c95-7357-474f-ba45-191efed3e9aa" />
    <TestEntry testId="fd0b840d-34e3-4160-8b26-79257787f640" executionId="ae109348-4a8e-45c5-b047-e809da87fd65" testListId="e3956c95-7357-474f-ba45-191efed3e9aa" />
    <TestEntry testId="429fd7da-5496-464b-97e8-95a42522af2d" executionId="143b18bc-521c-47b2-8710-945703e300b8" testListId="e3956c95-7357-474f-ba45-191efed3e9aa" />
    <TestEntry testId="25b77686-2207-4328-845c-a5708cccdd0b" executionId="6bddebae-66e5-40ef-a72e-b0ab3aa2dd66" testListId="e3956c95-7357-474f-ba45-191efed3e9aa" />
    <TestEntry testId="1457a5ab-347f-4804-a027-4c6f3fd2b15c" executionId="4d2f1292-23b0-4b6a-9f08-6c14821c904f" testListId="e3956c95-7357-474f-ba45-191efed3e9aa" />
    <TestEntry testId="94bb484e-ef20-49d2-9735-6139490e4f86" executionId="10708f7e-8b36-4b26-b168-89d74a920bf3" testListId="e3956c95-7357-474f-ba45-191efed3e9aa" />
    <TestEntry testId="efe34cc0-3d21-4c49-9630-c9456ca47111" executionId="f3fa1297-10fc-4eda-9c79-a6695cdd0a35" testListId="e3956c95-7357-474f-ba45-191efed3e9aa" />
    <TestEntry testId="cc26258f-29c8-4463-bc17-5fd9a26609b4" executionId="374b7218-c6f4-41fd-b701-8e5278645207" testListId="e3956c95-7357-474f-ba45-191efed3e9aa" />
    <TestEntry testId="8a10aa50-9f07-4001-bf02-ded745789417" executionId="078cac10-9782-4e42-a1e0-6f4b18df372c" testListId="e3956c95-7357-474f-ba45-191efed3e9aa" />
    <TestEntry testId="dfa10fae-2f38-4391-a9c9-74a6f4a9bfc6" executionId="52194642-bf2c-4c06-8cd7-218b561cab3b" testListId="e3956c95-7357-474f-ba45-191efed3e9aa" />
    <TestEntry testId="17567ff2-b440-4663-af64-875a5c6fc465" executionId="e82f730d-8e60-4362-80c1-b1f6287eeaae" testListId="e3956c95-7357-474f-ba45-191efed3e9aa" />
    <TestEntry testId="6db9aa96-a85c-4f63-bc83-017fcb224185" executionId="180cd0ed-6492-4c23-a907-7261e819af73" testListId="e3956c95-7357-474f-ba45-191efed3e9aa" />
    <TestEntry testId="b42dc2bf-540a-4d14-9fd5-2d5ecd613a41" executionId="bddb86af-4e5d-4b9d-b7ad-e6f3ff8bad1f" testListId="e3956c95-7357-474f-ba45-191efed3e9aa" />
    <TestEntry testId="e36d5fbf-d207-44db-86e0-0ba5643b584b" executionId="524852a9-3653-4c35-9f5d-856706e5624b" testListId="e3956c95-7357-474f-ba45-191efed3e9aa" />
    <TestEntry testId="60314732-fc1b-46d7-8019-7030f633e8b9" executionId="5c00a67f-9ec1-4a4d-8df1-0ef918effba8" testListId="e3956c95-7357-474f-ba45-191efed3e9aa" />
    <TestEntry testId="a8b8fb64-d060-42c7-8b8c-a3679e612b7d" executionId="9f640c6b-a18b-49fe-ab37-39a92bd5e68e" testListId="e3956c95-7357-474f-ba45-191efed3e9aa" />
    <TestEntry testId="c227049b-b513-4f7e-a6cc-ef2243f22042" executionId="5ab1d11e-0fbb-450a-99e9-689e993b0952" testListId="e3956c95-7357-474f-ba45-191efed3e9aa" />
    <TestEntry testId="53a18999-163d-4b49-b9b1-4ce0fb052a02" executionId="c65d5f3a-c4d1-4a9f-b3a5-8e3189966af2" testListId="e3956c95-7357-474f-ba45-191efed3e9aa" />
    <TestEntry testId="502d1caa-ef03-4994-91a3-aff3ab4f8e5a" executionId="877fa1b1-ed75-4c3b-9441-b98fddb77a27" testListId="e3956c95-7357-474f-ba45-191efed3e9aa" />
    <TestEntry testId="22110105-afa1-4052-9ce0-e58bf3eb38e5" executionId="b8e96410-688c-425f-81c8-e9281b65bee7" testListId="e3956c95-7357-474f-ba45-191efed3e9aa" />
    <TestEntry testId="99b6f730-1c48-4751-8018-c27c99bf4a4c" executionId="65ca8910-de13-461d-a4f2-5b56ee37a8f8" testListId="e3956c95-7357-474f-ba45-191efed3e9aa" />
    <TestEntry testId="30346fbc-6f76-4cae-8fae-ba1198f7bc82" executionId="486c99f9-a88b-47a3-8bfa-b7b0d0802fb1" testListId="e3956c95-7357-474f-ba45-191efed3e9aa" />
    <TestEntry testId="d4504c39-e721-4a7d-95ca-6e9b89b146b4" executionId="cbfe9630-5ad1-4e57-8edc-9fb945134c88" testListId="e3956c95-7357-474f-ba45-191efed3e9aa" />
    <TestEntry testId="e6b0cb65-5438-449d-9c2f-47c9e41a613a" executionId="5fb22c85-ddcd-4a91-8240-a5f54caadbe3" testListId="e3956c95-7357-474f-ba45-191efed3e9aa" />
    <TestEntry testId="7aea6e4a-bb66-484c-bea4-b700656481e2" executionId="ae99132b-fb78-4086-a9f6-47659c0289b8" testListId="e3956c95-7357-474f-ba45-191efed3e9aa" />
    <TestEntry testId="f2a03777-9ab3-45b6-8025-cc1382ea528f" executionId="d3c92286-1926-4f7e-8bb4-967666d8b8f1" testListId="e3956c95-7357-474f-ba45-191efed3e9aa" />
    <TestEntry testId="c89a3ee0-383a-4d6f-89e9-b2186447ec7c" executionId="7e97db47-4fc3-4446-9b43-12bfb18f34ae" testListId="e3956c95-7357-474f-ba45-191efed3e9aa" />
    <TestEntry testId="6b0dc9ab-ee2d-4df6-ade2-87ee52a71295" executionId="ba7d5a9b-f33d-4368-9c6a-a354b130c516" testListId="e3956c95-7357-474f-ba45-191efed3e9aa" />
    <TestEntry testId="dfbc3e3a-7d5d-488e-8b8c-b60d41693d88" executionId="1e598126-9faa-4183-9134-918fdb647541" testListId="e3956c95-7357-474f-ba45-191efed3e9aa" />
    <TestEntry testId="aff3a139-e588-4dc0-b805-f84a881f53f4" executionId="2f468269-84fe-4a60-822f-77b4e5928740" testListId="e3956c95-7357-474f-ba45-191efed3e9aa" />
    <TestEntry testId="9d6b20b4-4861-457b-9f6c-d07a37f98fb4" executionId="cc1e32a6-5bc5-4269-9a94-194295cb8da2" testListId="e3956c95-7357-474f-ba45-191efed3e9aa" />
    <TestEntry testId="7846ea0c-6064-40a1-8059-0caae577e0ee" executionId="69e5aa6f-9b86-4a38-b549-b141b10276c9" testListId="e3956c95-7357-474f-ba45-191efed3e9aa" />
    <TestEntry testId="01544a1d-2b5e-4a01-bf6d-d5095658c61f" executionId="27e86d25-ee96-45a9-95cb-22a7d0db58c3" testListId="e3956c95-7357-474f-ba45-191efed3e9aa" />
    <TestEntry testId="fc48d7e3-77e5-430b-bf38-40f31b9ce389" executionId="d28c5bcf-07c7-46da-a71c-0f5ed4d498ba" testListId="e3956c95-7357-474f-ba45-191efed3e9aa" />
    <TestEntry testId="95d639cf-805b-4a50-b9a4-e78b91e533c8" executionId="8f8a16ab-1f7b-4b91-b718-1b3cef5fc1c5" testListId="e3956c95-7357-474f-ba45-191efed3e9aa" />
    <TestEntry testId="cbe2e420-51d2-48c7-8ef2-62af03e0237d" executionId="6eedff1d-2400-463a-9aa4-37dc76562a35" testListId="e3956c95-7357-474f-ba45-191efed3e9aa" />
    <TestEntry testId="f6feb72b-e748-4666-bf05-3f77f874ac9d" executionId="b521a037-86f3-4fc9-bff8-9f4e37532b1f" testListId="e3956c95-7357-474f-ba45-191efed3e9aa" />
    <TestEntry testId="426aaad9-0258-459e-a394-b35fcea5c51b" executionId="4b05f8a0-4d38-43fd-b646-0a3c6102c0d8" testListId="e3956c95-7357-474f-ba45-191efed3e9aa" />
    <TestEntry testId="cfca4418-d03c-44b1-9242-33c77bdfa899" executionId="5038c014-544b-4688-9883-f69f1b25d7e9" testListId="e3956c95-7357-474f-ba45-191efed3e9aa" />
    <TestEntry testId="3c45816b-70e0-4711-81c3-fa14b6281ca7" executionId="736a3d96-b694-4c64-bbf2-49cff6668051" testListId="e3956c95-7357-474f-ba45-191efed3e9aa" />
    <TestEntry testId="681172dc-7f40-46d4-9928-9b7d727e74db" executionId="d150e922-70c8-48b7-87be-77fca436eb1d" testListId="e3956c95-7357-474f-ba45-191efed3e9aa" />
    <TestEntry testId="1293b062-af04-451c-ad2a-60361171547a" executionId="ccdf934b-e897-4aae-8c05-399e00fb48dd" testListId="e3956c95-7357-474f-ba45-191efed3e9aa" />
    <TestEntry testId="c8ef09d5-7309-45e7-8ff1-24f08f953ce5" executionId="f6176c2d-09ff-4686-952f-d2a7962acd28" testListId="e3956c95-7357-474f-ba45-191efed3e9aa" />
    <TestEntry testId="aea30b87-bcb1-4496-b084-fc5cdd19fb89" executionId="67280c7a-07da-494b-88e2-013a0efaf3c8" testListId="e3956c95-7357-474f-ba45-191efed3e9aa" />
    <TestEntry testId="a2af312d-02c5-48ea-a5df-0efd2fb36192" executionId="5938ef67-7728-4dbc-97f1-5ed83760e979" testListId="e3956c95-7357-474f-ba45-191efed3e9aa" />
    <TestEntry testId="926e579b-c8fb-481a-9ec9-b763401631a5" executionId="4179ca6a-802b-4b9d-bd7e-f22c83075bde" testListId="e3956c95-7357-474f-ba45-191efed3e9aa" />
    <TestEntry testId="4b9ef716-4f8e-4d73-b5e9-9b94482ceac1" executionId="8e6c53a1-3b2a-4e42-acf6-772f98a6c7b3" testListId="e3956c95-7357-474f-ba45-191efed3e9aa" />
    <TestEntry testId="f406e8f1-af87-425f-8b88-321957c85e2b" executionId="d120f342-a15b-4b82-9e2a-f2c9ffe5a8e7" testListId="e3956c95-7357-474f-ba45-191efed3e9aa" />
    <TestEntry testId="a1c60c81-8d35-4f4e-ad02-91c926eff8a3" executionId="fac68ece-cbb2-4bef-8616-1cd1fb95be36" testListId="e3956c95-7357-474f-ba45-191efed3e9aa" />
    <TestEntry testId="dab87ca1-07ec-4d4a-ad52-39f7a56b2ebb" executionId="befc9d4d-4b61-4707-9fda-cf28e9aa8511" testListId="e3956c95-7357-474f-ba45-191efed3e9aa" />
    <TestEntry testId="dc1a6f5c-667f-41b9-9228-28257da65e77" executionId="559e0540-6c01-45ae-a305-a485d794d409" testListId="e3956c95-7357-474f-ba45-191efed3e9aa" />
    <TestEntry testId="ba7d9930-e187-48b0-b381-6c5ba3b94326" executionId="2181ec9e-0842-4444-b642-b72c3f08e9b9" testListId="e3956c95-7357-474f-ba45-191efed3e9aa" />
    <TestEntry testId="15caa94f-e193-4e02-af64-657949692f63" executionId="5458aa59-09c3-4779-aacc-a56098a432b6" testListId="e3956c95-7357-474f-ba45-191efed3e9aa" />
    <TestEntry testId="298e05e2-2d43-488d-8d78-a18dcac73255" executionId="dfe49890-51a3-44b5-a4aa-259cc5ec7495" testListId="e3956c95-7357-474f-ba45-191efed3e9aa" />
    <TestEntry testId="94a91b9d-4615-44b2-882c-09949b66a4b6" executionId="34b25dda-0577-44b7-81e3-6061b2858572" testListId="e3956c95-7357-474f-ba45-191efed3e9aa" />
    <TestEntry testId="12bbf9bc-fa52-46c6-808c-7acb387553ba" executionId="663ab91b-ad40-42e8-a0f4-8d623a75c20b" testListId="e3956c95-7357-474f-ba45-191efed3e9aa" />
    <TestEntry testId="600b6505-29a4-4c47-ae96-e1f84f18da94" executionId="42ddf3cf-575c-4660-acf0-40d4cec2049f" testListId="e3956c95-7357-474f-ba45-191efed3e9aa" />
    <TestEntry testId="b1a4737b-7f2d-41e0-a23f-30cffa2e09ea" executionId="84c39f67-3c38-4dcb-863d-bd8cd368faa5" testListId="e3956c95-7357-474f-ba45-191efed3e9aa" />
    <TestEntry testId="6a89c7df-2bbc-43db-a724-9e70f86acb3c" executionId="26aeef2f-94d9-44a6-91ca-ffe846ca79c4" testListId="e3956c95-7357-474f-ba45-191efed3e9aa" />
    <TestEntry testId="d72cb60e-6fe5-4de2-90ce-832366fa440b" executionId="6eba7416-bbdc-4d27-8329-e8d1b5adcb21" testListId="e3956c95-7357-474f-ba45-191efed3e9aa" />
    <TestEntry testId="fb91b0de-707d-4f93-8102-396aa916b2d8" executionId="36e15400-986f-479f-9bc8-2a0635f263b0" testListId="e3956c95-7357-474f-ba45-191efed3e9aa" />
    <TestEntry testId="d05bbf24-eb4a-4d88-8545-23421449f28c" executionId="2679701f-38df-4f42-ab5c-d9d22b2c8420" testListId="e3956c95-7357-474f-ba45-191efed3e9aa" />
    <TestEntry testId="f7b2ae45-0dab-4a3a-bb42-5b4ce79c8628" executionId="68ff0ee9-157b-4e9e-84dd-0f2792ff6fcd" testListId="e3956c95-7357-474f-ba45-191efed3e9aa" />
    <TestEntry testId="e9728655-86f3-4d3f-956c-bbfedea55056" executionId="3a855ea4-47b6-4b36-8fb2-38d257aa53f9" testListId="e3956c95-7357-474f-ba45-191efed3e9aa" />
    <TestEntry testId="92dd95aa-8255-49c9-8e1e-30aa58db9d87" executionId="5d381448-554e-46be-b79f-7c3c45094084" testListId="e3956c95-7357-474f-ba45-191efed3e9aa" />
    <TestEntry testId="f41e9c02-f1e5-4ed9-b020-b54f55bc991a" executionId="e12a57a5-b905-4dab-8015-29d39a855857" testListId="e3956c95-7357-474f-ba45-191efed3e9aa" />
    <TestEntry testId="06f69523-4ea9-44c0-b5af-8e9e31439313" executionId="bed5e316-2508-473c-bebc-97c3b14e802f" testListId="e3956c95-7357-474f-ba45-191efed3e9aa" />
    <TestEntry testId="3d8db082-07b8-44ee-8045-3acce5ab92c3" executionId="556705b9-05bc-46c1-a570-fa54fa50fdbe" testListId="e3956c95-7357-474f-ba45-191efed3e9aa" />
  </TestEntries>
  <TestLists>
    <TestList name="Results Not in a List" id="e3956c95-7357-474f-ba45-191efed3e9aa" />
    <TestList name="All Loaded Results" id="9aa7c459-2c6e-407e-b551-f1fe7048450e" />
  </TestLists>
</TestRun>