<?xml version="1.0" encoding="UTF-8"?>
<TestRun id="7c9b4755-1f52-4178-8123-4a8959a710cf" name="Test Run 94" runUser="Oles Galatsan" xmlns="http://microsoft.com/schemas/VisualStudio/TeamTest/2010">
  <Times creation="2025-05-14T13:20:31.3125482Z" queuing="2025-05-14T13:20:31.3125482Z" start="2025-05-14T13:20:31.3146610Z" finish="2025-05-14T13:25:31.3147553Z" />
  <TestSettings name="Test Settings 94" id="cbad5627-36d3-48bb-9e9c-578f73071cf9" />
  <Results>
    <UnitTestResult executionId="8ce6ef37-7130-4e61-ab66-3df4ebd3e34f" testId="450bba62-e5e9-442e-a29f-f730c2206a5c" testName="Test9301" computerName="UA-LPT-OGA2" duration="00:00:00.9380000" startTime="2025-05-14T13:20:31.3146610Z" endTime="2025-05-14T13:25:31.3147553Z" testType="13cdc9d9-ddb5-4fa4-a97d-d965ccfc6d4b" outcome="Passed" testListId="860e9a56-dc4f-40e2-8abc-5c765841ac71" />
    <UnitTestResult executionId="85fb4711-b753-4827-992d-b0a92878f4f8" testId="3bea020f-e9dc-47da-b47a-e5e107539645" testName="Test9302" computerName="UA-LPT-OGA2" duration="00:00:00.5280000" startTime="2025-05-14T13:20:31.3146610Z" endTime="2025-05-14T13:25:31.3147553Z" testType="13cdc9d9-ddb5-4fa4-a97d-d965ccfc6d4b" outcome="Passed" testListId="860e9a56-dc4f-40e2-8abc-5c765841ac71" />
    <UnitTestResult executionId="0c56e842-13d9-41de-844c-f8cc1fcbc3e5" testId="131edec1-99ab-4688-b0db-be84bcddce85" testName="Test9303" computerName="UA-LPT-OGA2" duration="00:00:01.2900000" startTime="2025-05-14T13:20:31.3146610Z" endTime="2025-05-14T13:25:31.3147553Z" testType="13cdc9d9-ddb5-4fa4-a97d-d965ccfc6d4b" outcome="Failed" testListId="860e9a56-dc4f-40e2-8abc-5c765841ac71">
      <Output>
        <ErrorInfo>
          <Message>Assertion failed: Expected value did not match actual value.</Message>
          <StackTrace>   at TestNamespace.TestClass.Test() in TestClass.cs:line 76</StackTrace>
        </ErrorInfo>
      </Output>
    </UnitTestResult>
    <UnitTestResult executionId="5e223c06-9357-4d44-a701-5f71ea8cfa69" testId="69c1c2d3-9b93-4db1-821a-aed9a3dec997" testName="Test9304" computerName="UA-LPT-OGA2" duration="00:00:01.6760000" startTime="2025-05-14T13:20:31.3146610Z" endTime="2025-05-14T13:25:31.3147553Z" testType="13cdc9d9-ddb5-4fa4-a97d-d965ccfc6d4b" outcome="Passed" testListId="860e9a56-dc4f-40e2-8abc-5c765841ac71" />
    <UnitTestResult executionId="c5ff530b-c131-4e0f-aefb-be1cf7dd5701" testId="6937bf43-749a-4fa4-9e34-6e9ef6f59860" testName="Test9305" computerName="UA-LPT-OGA2" duration="00:00:00.3110000" startTime="2025-05-14T13:20:31.3146610Z" endTime="2025-05-14T13:25:31.3147553Z" testType="13cdc9d9-ddb5-4fa4-a97d-d965ccfc6d4b" outcome="Passed" testListId="860e9a56-dc4f-40e2-8abc-5c765841ac71" />
    <UnitTestResult executionId="3b2b1f4d-ac40-40fe-8782-ae156aadb59d" testId="7b4ea7cf-c513-4792-a4bf-100cb00d646e" testName="Test9306" computerName="UA-LPT-OGA2" duration="00:00:00.7580000" startTime="2025-05-14T13:20:31.3146610Z" endTime="2025-05-14T13:25:31.3147553Z" testType="13cdc9d9-ddb5-4fa4-a97d-d965ccfc6d4b" outcome="Passed" testListId="860e9a56-dc4f-40e2-8abc-5c765841ac71" />
    <UnitTestResult executionId="f1268a3a-9694-468b-aa5d-d29c8f5ae36d" testId="a72ccb90-d941-4f72-a336-7410d57c284b" testName="Test9307" computerName="UA-LPT-OGA2" duration="00:00:01.5200000" startTime="2025-05-14T13:20:31.3146610Z" endTime="2025-05-14T13:25:31.3147553Z" testType="13cdc9d9-ddb5-4fa4-a97d-d965ccfc6d4b" outcome="Passed" testListId="860e9a56-dc4f-40e2-8abc-5c765841ac71" />
    <UnitTestResult executionId="11bd6cc0-89cf-4361-9b2f-b1a4dbdfcbe9" testId="9da3bf38-4f66-434f-bd0b-f6d1e877be25" testName="Test9308" computerName="UA-LPT-OGA2" duration="00:00:01.5060000" startTime="2025-05-14T13:20:31.3146610Z" endTime="2025-05-14T13:25:31.3147553Z" testType="13cdc9d9-ddb5-4fa4-a97d-d965ccfc6d4b" outcome="Passed" testListId="860e9a56-dc4f-40e2-8abc-5c765841ac71" />
    <UnitTestResult executionId="342616ce-6cbc-4264-9384-f6f4e60599a3" testId="986df356-e4f4-4646-bcd8-05567e8a1196" testName="Test9309" computerName="UA-LPT-OGA2" duration="00:00:01.2140000" startTime="2025-05-14T13:20:31.3146610Z" endTime="2025-05-14T13:25:31.3147553Z" testType="13cdc9d9-ddb5-4fa4-a97d-d965ccfc6d4b" outcome="Passed" testListId="860e9a56-dc4f-40e2-8abc-5c765841ac71" />
    <UnitTestResult executionId="3006f134-318e-404c-9000-ad0bed705392" testId="acfa0648-b8ba-4206-adbe-9a9b026f2dfb" testName="Test9310" computerName="UA-LPT-OGA2" duration="00:00:01.8700000" startTime="2025-05-14T13:20:31.3146610Z" endTime="2025-05-14T13:25:31.3147553Z" testType="13cdc9d9-ddb5-4fa4-a97d-d965ccfc6d4b" outcome="Passed" testListId="860e9a56-dc4f-40e2-8abc-5c765841ac71" />
    <UnitTestResult executionId="7c837dec-294f-474b-8245-5550040f17ea" testId="27a6cd94-5e2b-4408-8631-b1891a4cc40b" testName="Test9311" computerName="UA-LPT-OGA2" duration="00:00:00.0220000" startTime="2025-05-14T13:20:31.3146610Z" endTime="2025-05-14T13:25:31.3147553Z" testType="13cdc9d9-ddb5-4fa4-a97d-d965ccfc6d4b" outcome="Passed" testListId="860e9a56-dc4f-40e2-8abc-5c765841ac71" />
    <UnitTestResult executionId="77a423a7-2a1d-433b-b8e0-f76a7d6436bb" testId="374b43cf-8f6a-41b1-89c9-ed416c65cad6" testName="Test9312" computerName="UA-LPT-OGA2" duration="00:00:00.2750000" startTime="2025-05-14T13:20:31.3146610Z" endTime="2025-05-14T13:25:31.3147553Z" testType="13cdc9d9-ddb5-4fa4-a97d-d965ccfc6d4b" outcome="Passed" testListId="860e9a56-dc4f-40e2-8abc-5c765841ac71" />
    <UnitTestResult executionId="5a31809a-3ced-4d03-8220-7ccd85c51416" testId="59e551d0-52d9-4350-aa60-f24a238f0b2f" testName="Test9313" computerName="UA-LPT-OGA2" duration="00:00:01.0810000" startTime="2025-05-14T13:20:31.3146610Z" endTime="2025-05-14T13:25:31.3147553Z" testType="13cdc9d9-ddb5-4fa4-a97d-d965ccfc6d4b" outcome="Passed" testListId="860e9a56-dc4f-40e2-8abc-5c765841ac71" />
    <UnitTestResult executionId="0a453ba3-da2b-4d21-92ab-aa741feac785" testId="f1af6326-b484-4d66-9e0c-24e55549904f" testName="Test9314" computerName="UA-LPT-OGA2" duration="00:00:01.7520000" startTime="2025-05-14T13:20:31.3146610Z" endTime="2025-05-14T13:25:31.3147553Z" testType="13cdc9d9-ddb5-4fa4-a97d-d965ccfc6d4b" outcome="Passed" testListId="860e9a56-dc4f-40e2-8abc-5c765841ac71" />
    <UnitTestResult executionId="3da66e07-22d9-4486-b998-602f639af01a" testId="54622a33-5645-4324-97b1-83810d2054cb" testName="Test9315" computerName="UA-LPT-OGA2" duration="00:00:00.2460000" startTime="2025-05-14T13:20:31.3146610Z" endTime="2025-05-14T13:25:31.3147553Z" testType="13cdc9d9-ddb5-4fa4-a97d-d965ccfc6d4b" outcome="Passed" testListId="860e9a56-dc4f-40e2-8abc-5c765841ac71" />
    <UnitTestResult executionId="5d49b923-c54e-44cb-956f-fa8f32ab7ede" testId="f2312f40-7a28-422a-ab1a-48724d840e83" testName="Test9316" computerName="UA-LPT-OGA2" duration="00:00:01.5370000" startTime="2025-05-14T13:20:31.3146610Z" endTime="2025-05-14T13:25:31.3147553Z" testType="13cdc9d9-ddb5-4fa4-a97d-d965ccfc6d4b" outcome="Passed" testListId="860e9a56-dc4f-40e2-8abc-5c765841ac71" />
    <UnitTestResult executionId="20b99e5f-0e57-43ff-b0e1-84b24f60cd12" testId="424fb470-d197-4360-b57b-700667349b9e" testName="Test9317" computerName="UA-LPT-OGA2" duration="00:00:00.2320000" startTime="2025-05-14T13:20:31.3146610Z" endTime="2025-05-14T13:25:31.3147553Z" testType="13cdc9d9-ddb5-4fa4-a97d-d965ccfc6d4b" outcome="Failed" testListId="860e9a56-dc4f-40e2-8abc-5c765841ac71">
      <Output>
        <ErrorInfo>
          <Message>Assertion failed: Expected value did not match actual value.</Message>
          <StackTrace>   at TestNamespace.TestClass.Test() in TestClass.cs:line 216</StackTrace>
        </ErrorInfo>
      </Output>
    </UnitTestResult>
    <UnitTestResult executionId="34f5c49e-99b0-4987-8b10-19cfbb31c6fd" testId="391d9b4e-093f-4d6c-8b57-34c0391bc128" testName="Test9318" computerName="UA-LPT-OGA2" duration="00:00:00.2820000" startTime="2025-05-14T13:20:31.3146610Z" endTime="2025-05-14T13:25:31.3147553Z" testType="13cdc9d9-ddb5-4fa4-a97d-d965ccfc6d4b" outcome="Failed" testListId="860e9a56-dc4f-40e2-8abc-5c765841ac71">
      <Output>
        <ErrorInfo>
          <Message>Assertion failed: Expected value did not match actual value.</Message>
          <StackTrace>   at TestNamespace.TestClass.Test() in TestClass.cs:line 345</StackTrace>
        </ErrorInfo>
      </Output>
    </UnitTestResult>
    <UnitTestResult executionId="2e93bab2-2b23-4d24-bb37-380097935e23" testId="5dcb1f5a-c3ae-4605-bc30-c11ae81588dc" testName="Test9319" computerName="UA-LPT-OGA2" duration="00:00:00.1010000" startTime="2025-05-14T13:20:31.3146610Z" endTime="2025-05-14T13:25:31.3147553Z" testType="13cdc9d9-ddb5-4fa4-a97d-d965ccfc6d4b" outcome="Passed" testListId="860e9a56-dc4f-40e2-8abc-5c765841ac71" />
    <UnitTestResult executionId="7e743934-7b0b-4546-81dc-91fde19b3167" testId="ac1a8892-f4f4-49a6-9f34-0041e3c1a688" testName="Test9320" computerName="UA-LPT-OGA2" duration="00:00:00.7990000" startTime="2025-05-14T13:20:31.3146610Z" endTime="2025-05-14T13:25:31.3147553Z" testType="13cdc9d9-ddb5-4fa4-a97d-d965ccfc6d4b" outcome="Passed" testListId="860e9a56-dc4f-40e2-8abc-5c765841ac71" />
    <UnitTestResult executionId="e4b23b42-a893-4f83-9c35-af26b4d6c1b6" testId="41faa61c-b703-4f5c-910e-4c26022fb447" testName="Test9321" computerName="UA-LPT-OGA2" duration="00:00:00.1770000" startTime="2025-05-14T13:20:31.3146610Z" endTime="2025-05-14T13:25:31.3147553Z" testType="13cdc9d9-ddb5-4fa4-a97d-d965ccfc6d4b" outcome="Passed" testListId="860e9a56-dc4f-40e2-8abc-5c765841ac71" />
    <UnitTestResult executionId="05639f35-68be-4849-8f87-8f1db77378c4" testId="91af3673-6fe1-4ea7-bc4e-fccbcb997afc" testName="Test9322" computerName="UA-LPT-OGA2" duration="00:00:00.1520000" startTime="2025-05-14T13:20:31.3146610Z" endTime="2025-05-14T13:25:31.3147553Z" testType="13cdc9d9-ddb5-4fa4-a97d-d965ccfc6d4b" outcome="Passed" testListId="860e9a56-dc4f-40e2-8abc-5c765841ac71" />
    <UnitTestResult executionId="4d79af37-1f54-4f9a-aa73-6bec27f92617" testId="95475002-63b5-4fc1-ba98-f65f7feca52c" testName="Test9323" computerName="UA-LPT-OGA2" duration="00:00:00.1770000" startTime="2025-05-14T13:20:31.3146610Z" endTime="2025-05-14T13:25:31.3147553Z" testType="13cdc9d9-ddb5-4fa4-a97d-d965ccfc6d4b" outcome="Passed" testListId="860e9a56-dc4f-40e2-8abc-5c765841ac71" />
    <UnitTestResult executionId="57c6e329-91da-44d3-93da-19fb22750a31" testId="f7b4d794-4e96-4a0d-8609-66994d53f2e7" testName="Test9324" computerName="UA-LPT-OGA2" duration="00:00:01.0440000" startTime="2025-05-14T13:20:31.3146610Z" endTime="2025-05-14T13:25:31.3147553Z" testType="13cdc9d9-ddb5-4fa4-a97d-d965ccfc6d4b" outcome="Passed" testListId="860e9a56-dc4f-40e2-8abc-5c765841ac71" />
    <UnitTestResult executionId="1c0e32a0-419f-4e74-a141-51f947f1cff9" testId="e9c5b2ee-c235-44e6-98c5-7d04bd33e86e" testName="Test9325" computerName="UA-LPT-OGA2" duration="00:00:00.7460000" startTime="2025-05-14T13:20:31.3146610Z" endTime="2025-05-14T13:25:31.3147553Z" testType="13cdc9d9-ddb5-4fa4-a97d-d965ccfc6d4b" outcome="Failed" testListId="860e9a56-dc4f-40e2-8abc-5c765841ac71">
      <Output>
        <ErrorInfo>
          <Message>Assertion failed: Expected value did not match actual value.</Message>
          <StackTrace>   at TestNamespace.TestClass.Test() in TestClass.cs:line 439</StackTrace>
        </ErrorInfo>
      </Output>
    </UnitTestResult>
    <UnitTestResult executionId="340531af-2741-4410-aa79-51485c0e28ca" testId="6ac31128-2e09-40f5-8685-4d7f78406b9a" testName="Test9326" computerName="UA-LPT-OGA2" duration="00:00:01.4810000" startTime="2025-05-14T13:20:31.3146610Z" endTime="2025-05-14T13:25:31.3147553Z" testType="13cdc9d9-ddb5-4fa4-a97d-d965ccfc6d4b" outcome="Passed" testListId="860e9a56-dc4f-40e2-8abc-5c765841ac71" />
    <UnitTestResult executionId="951b8dd9-0259-490b-9369-8501672fc884" testId="8de02463-3e33-473a-a42f-d86d007f1408" testName="Test9327" computerName="UA-LPT-OGA2" duration="00:00:01.2880000" startTime="2025-05-14T13:20:31.3146610Z" endTime="2025-05-14T13:25:31.3147553Z" testType="13cdc9d9-ddb5-4fa4-a97d-d965ccfc6d4b" outcome="Passed" testListId="860e9a56-dc4f-40e2-8abc-5c765841ac71" />
    <UnitTestResult executionId="9a6e6e83-d3d0-48ba-b6f9-d1be72617fe3" testId="517ef359-3932-44b1-9e27-6b0695dfcb40" testName="Test9328" computerName="UA-LPT-OGA2" duration="00:00:01.3130000" startTime="2025-05-14T13:20:31.3146610Z" endTime="2025-05-14T13:25:31.3147553Z" testType="13cdc9d9-ddb5-4fa4-a97d-d965ccfc6d4b" outcome="Passed" testListId="860e9a56-dc4f-40e2-8abc-5c765841ac71" />
    <UnitTestResult executionId="e68c233b-ba1c-46ab-a436-7b5fc6730d0f" testId="a6b3593c-1d50-4b9b-ad27-dab704d05b5d" testName="Test9329" computerName="UA-LPT-OGA2" duration="00:00:01.9770000" startTime="2025-05-14T13:20:31.3146610Z" endTime="2025-05-14T13:25:31.3147553Z" testType="13cdc9d9-ddb5-4fa4-a97d-d965ccfc6d4b" outcome="Passed" testListId="860e9a56-dc4f-40e2-8abc-5c765841ac71" />
    <UnitTestResult executionId="fe8ca456-e074-4688-a759-38feca0eea73" testId="bc87efe2-63bb-49c9-997f-0354b8aac5ae" testName="Test9330" computerName="UA-LPT-OGA2" duration="00:00:01.6740000" startTime="2025-05-14T13:20:31.3146610Z" endTime="2025-05-14T13:25:31.3147553Z" testType="13cdc9d9-ddb5-4fa4-a97d-d965ccfc6d4b" outcome="Passed" testListId="860e9a56-dc4f-40e2-8abc-5c765841ac71" />
    <UnitTestResult executionId="a6b3c076-002c-4100-b057-6ccfd8231f29" testId="fb55a8e9-0921-412a-a15e-3c2ade090b09" testName="Test9331" computerName="UA-LPT-OGA2" duration="00:00:00.3010000" startTime="2025-05-14T13:20:31.3146610Z" endTime="2025-05-14T13:25:31.3147553Z" testType="13cdc9d9-ddb5-4fa4-a97d-d965ccfc6d4b" outcome="Passed" testListId="860e9a56-dc4f-40e2-8abc-5c765841ac71" />
    <UnitTestResult executionId="5ad45f41-6cff-4c06-a02a-32ad32604afb" testId="68a59cd9-4011-466a-be2c-87cb4d99b419" testName="Test9332" computerName="UA-LPT-OGA2" duration="00:00:01.2570000" startTime="2025-05-14T13:20:31.3146610Z" endTime="2025-05-14T13:25:31.3147553Z" testType="13cdc9d9-ddb5-4fa4-a97d-d965ccfc6d4b" outcome="Passed" testListId="860e9a56-dc4f-40e2-8abc-5c765841ac71" />
    <UnitTestResult executionId="11164c22-dc4f-4af7-9ae3-3db9ba3fcda0" testId="98b21e72-021a-4875-86b1-3ebd00662414" testName="Test9333" computerName="UA-LPT-OGA2" duration="00:00:01.2570000" startTime="2025-05-14T13:20:31.3146610Z" endTime="2025-05-14T13:25:31.3147553Z" testType="13cdc9d9-ddb5-4fa4-a97d-d965ccfc6d4b" outcome="Failed" testListId="860e9a56-dc4f-40e2-8abc-5c765841ac71">
      <Output>
        <ErrorInfo>
          <Message>Assertion failed: Expected value did not match actual value.</Message>
          <StackTrace>   at TestNamespace.TestClass.Test() in TestClass.cs:line 448</StackTrace>
        </ErrorInfo>
      </Output>
    </UnitTestResult>
    <UnitTestResult executionId="db4c199f-f5a0-4463-8975-6f52b3b6a55a" testId="72efeb00-4050-40c3-8798-f0dc0534ab9f" testName="Test9334" computerName="UA-LPT-OGA2" duration="00:00:01.9180000" startTime="2025-05-14T13:20:31.3146610Z" endTime="2025-05-14T13:25:31.3147553Z" testType="13cdc9d9-ddb5-4fa4-a97d-d965ccfc6d4b" outcome="Passed" testListId="860e9a56-dc4f-40e2-8abc-5c765841ac71" />
    <UnitTestResult executionId="88431607-e206-429c-a532-d026fcfd605d" testId="47de17ef-146f-47f0-92b5-319c92974d59" testName="Test9335" computerName="UA-LPT-OGA2" duration="00:00:00.9340000" startTime="2025-05-14T13:20:31.3146610Z" endTime="2025-05-14T13:25:31.3147553Z" testType="13cdc9d9-ddb5-4fa4-a97d-d965ccfc6d4b" outcome="Passed" testListId="860e9a56-dc4f-40e2-8abc-5c765841ac71" />
    <UnitTestResult executionId="64209d1e-1efa-4329-b128-8584ad691ef0" testId="da2e1459-3505-409a-922c-cb78978046ce" testName="Test9336" computerName="UA-LPT-OGA2" duration="00:00:00.5070000" startTime="2025-05-14T13:20:31.3146610Z" endTime="2025-05-14T13:25:31.3147553Z" testType="13cdc9d9-ddb5-4fa4-a97d-d965ccfc6d4b" outcome="Passed" testListId="860e9a56-dc4f-40e2-8abc-5c765841ac71" />
    <UnitTestResult executionId="81939a97-e80e-4ddf-8cf5-c40076487497" testId="c7c8335d-9543-4d3b-a4d7-12c0f0dc6170" testName="Test9337" computerName="UA-LPT-OGA2" duration="00:00:01.4710000" startTime="2025-05-14T13:20:31.3146610Z" endTime="2025-05-14T13:25:31.3147553Z" testType="13cdc9d9-ddb5-4fa4-a97d-d965ccfc6d4b" outcome="Passed" testListId="860e9a56-dc4f-40e2-8abc-5c765841ac71" />
    <UnitTestResult executionId="09aa9f5e-7cb7-44e4-9374-f2155bdbb6d7" testId="94c1d2e3-e5d1-411f-af1c-dd76a2f59532" testName="Test9338" computerName="UA-LPT-OGA2" duration="00:00:01.4410000" startTime="2025-05-14T13:20:31.3146610Z" endTime="2025-05-14T13:25:31.3147553Z" testType="13cdc9d9-ddb5-4fa4-a97d-d965ccfc6d4b" outcome="Passed" testListId="860e9a56-dc4f-40e2-8abc-5c765841ac71" />
    <UnitTestResult executionId="38d2b7b6-5836-4f20-9b96-f30972114e5e" testId="d4b4a62e-e638-4b9b-94c0-adb6689539cd" testName="Test9339" computerName="UA-LPT-OGA2" duration="00:00:01.6020000" startTime="2025-05-14T13:20:31.3146610Z" endTime="2025-05-14T13:25:31.3147553Z" testType="13cdc9d9-ddb5-4fa4-a97d-d965ccfc6d4b" outcome="Passed" testListId="860e9a56-dc4f-40e2-8abc-5c765841ac71" />
    <UnitTestResult executionId="991cf730-747f-436a-9c1b-e17e8252ec6e" testId="87af8975-786c-409a-b87b-6e0975e96499" testName="Test9340" computerName="UA-LPT-OGA2" duration="00:00:01.2190000" startTime="2025-05-14T13:20:31.3146610Z" endTime="2025-05-14T13:25:31.3147553Z" testType="13cdc9d9-ddb5-4fa4-a97d-d965ccfc6d4b" outcome="Passed" testListId="860e9a56-dc4f-40e2-8abc-5c765841ac71" />
    <UnitTestResult executionId="d37d0b17-ed82-4381-8f6e-34a4a6fc015f" testId="0bee5d2d-1ce0-4f97-bb0c-9484e6bbf716" testName="Test9341" computerName="UA-LPT-OGA2" duration="00:00:00.8350000" startTime="2025-05-14T13:20:31.3146610Z" endTime="2025-05-14T13:25:31.3147553Z" testType="13cdc9d9-ddb5-4fa4-a97d-d965ccfc6d4b" outcome="Failed" testListId="860e9a56-dc4f-40e2-8abc-5c765841ac71">
      <Output>
        <ErrorInfo>
          <Message>Assertion failed: Expected value did not match actual value.</Message>
          <StackTrace>   at TestNamespace.TestClass.Test() in TestClass.cs:line 426</StackTrace>
        </ErrorInfo>
      </Output>
    </UnitTestResult>
    <UnitTestResult executionId="efc97e34-7db0-4c15-905a-b23f777a2e0d" testId="fb2a9918-7c47-40ab-8bb6-8658841bbfd1" testName="Test9342" computerName="UA-LPT-OGA2" duration="00:00:00.7260000" startTime="2025-05-14T13:20:31.3146610Z" endTime="2025-05-14T13:25:31.3147553Z" testType="13cdc9d9-ddb5-4fa4-a97d-d965ccfc6d4b" outcome="Passed" testListId="860e9a56-dc4f-40e2-8abc-5c765841ac71" />
    <UnitTestResult executionId="35458702-b341-453a-88fe-f22f64cc68d6" testId="e7a43b5f-cddd-459f-a9c5-2cd78df97cc4" testName="Test9343" computerName="UA-LPT-OGA2" duration="00:00:01.1080000" startTime="2025-05-14T13:20:31.3146610Z" endTime="2025-05-14T13:25:31.3147553Z" testType="13cdc9d9-ddb5-4fa4-a97d-d965ccfc6d4b" outcome="Passed" testListId="860e9a56-dc4f-40e2-8abc-5c765841ac71" />
    <UnitTestResult executionId="3466fe11-a5e8-455d-8405-0855781afe23" testId="7ea28e00-a559-4a9b-a5c3-6683a5aea3e5" testName="Test9344" computerName="UA-LPT-OGA2" duration="00:00:00.3070000" startTime="2025-05-14T13:20:31.3146610Z" endTime="2025-05-14T13:25:31.3147553Z" testType="13cdc9d9-ddb5-4fa4-a97d-d965ccfc6d4b" outcome="Passed" testListId="860e9a56-dc4f-40e2-8abc-5c765841ac71" />
    <UnitTestResult executionId="3f05c9b9-ae74-4c7b-b5f0-44b57834eb89" testId="51dd128e-5d12-419f-9ff3-64f418c1c31f" testName="Test9345" computerName="UA-LPT-OGA2" duration="00:00:01.3810000" startTime="2025-05-14T13:20:31.3146610Z" endTime="2025-05-14T13:25:31.3147553Z" testType="13cdc9d9-ddb5-4fa4-a97d-d965ccfc6d4b" outcome="Passed" testListId="860e9a56-dc4f-40e2-8abc-5c765841ac71" />
    <UnitTestResult executionId="bc13ae57-2ed8-4c14-8589-ca415cd0ee1d" testId="0c3e785f-1a70-4b0b-a288-2c70770b7323" testName="Test9346" computerName="UA-LPT-OGA2" duration="00:00:00.1240000" startTime="2025-05-14T13:20:31.3146610Z" endTime="2025-05-14T13:25:31.3147553Z" testType="13cdc9d9-ddb5-4fa4-a97d-d965ccfc6d4b" outcome="Passed" testListId="860e9a56-dc4f-40e2-8abc-5c765841ac71" />
    <UnitTestResult executionId="cdf83ebb-7f9d-4845-9c2f-a58b584eaa3d" testId="e1d99c9a-7957-4d2e-b4b8-7311681ec2d0" testName="Test9347" computerName="UA-LPT-OGA2" duration="00:00:01.3560000" startTime="2025-05-14T13:20:31.3146610Z" endTime="2025-05-14T13:25:31.3147553Z" testType="13cdc9d9-ddb5-4fa4-a97d-d965ccfc6d4b" outcome="Passed" testListId="860e9a56-dc4f-40e2-8abc-5c765841ac71" />
    <UnitTestResult executionId="39b26b0a-881a-445e-8ebe-d4b827a0ef7f" testId="ac197c70-d504-4f79-bbee-5b35b593e29b" testName="Test9348" computerName="UA-LPT-OGA2" duration="00:00:01.3820000" startTime="2025-05-14T13:20:31.3146610Z" endTime="2025-05-14T13:25:31.3147553Z" testType="13cdc9d9-ddb5-4fa4-a97d-d965ccfc6d4b" outcome="Passed" testListId="860e9a56-dc4f-40e2-8abc-5c765841ac71" />
    <UnitTestResult executionId="251ee004-eba9-43d1-9bfd-761dfa826ee1" testId="51c09be7-1d4b-4ea5-8973-b9c53479dc58" testName="Test9349" computerName="UA-LPT-OGA2" duration="00:00:00.0480000" startTime="2025-05-14T13:20:31.3146610Z" endTime="2025-05-14T13:25:31.3147553Z" testType="13cdc9d9-ddb5-4fa4-a97d-d965ccfc6d4b" outcome="Passed" testListId="860e9a56-dc4f-40e2-8abc-5c765841ac71" />
    <UnitTestResult executionId="c59ad784-883c-4afe-acc4-242aac2e7bad" testId="763e8ef6-d820-4dd8-96f4-0cf94daaa43a" testName="Test9350" computerName="UA-LPT-OGA2" duration="00:00:01.9840000" startTime="2025-05-14T13:20:31.3146610Z" endTime="2025-05-14T13:25:31.3147553Z" testType="13cdc9d9-ddb5-4fa4-a97d-d965ccfc6d4b" outcome="Passed" testListId="860e9a56-dc4f-40e2-8abc-5c765841ac71" />
    <UnitTestResult executionId="85f1a248-a423-4af7-9087-88a8891e0664" testId="793ddd3d-278a-433f-b738-6c64848f6cb4" testName="Test9351" computerName="UA-LPT-OGA2" duration="00:00:01.6780000" startTime="2025-05-14T13:20:31.3146610Z" endTime="2025-05-14T13:25:31.3147553Z" testType="13cdc9d9-ddb5-4fa4-a97d-d965ccfc6d4b" outcome="Passed" testListId="860e9a56-dc4f-40e2-8abc-5c765841ac71" />
    <UnitTestResult executionId="d3d60980-93e1-4d6a-8d56-3a0af456bbbf" testId="c3e3c7d0-30bb-47f3-a8a9-7ae98ce28703" testName="Test9352" computerName="UA-LPT-OGA2" duration="00:00:00.1620000" startTime="2025-05-14T13:20:31.3146610Z" endTime="2025-05-14T13:25:31.3147553Z" testType="13cdc9d9-ddb5-4fa4-a97d-d965ccfc6d4b" outcome="Failed" testListId="860e9a56-dc4f-40e2-8abc-5c765841ac71">
      <Output>
        <ErrorInfo>
          <Message>Assertion failed: Expected value did not match actual value.</Message>
          <StackTrace>   at TestNamespace.TestClass.Test() in TestClass.cs:line 86</StackTrace>
        </ErrorInfo>
      </Output>
    </UnitTestResult>
    <UnitTestResult executionId="77ccb949-d55f-49c9-8bdd-2ce2d16ea72f" testId="04b8a62c-dfd5-4656-aa42-d316c272bcdb" testName="Test9353" computerName="UA-LPT-OGA2" duration="00:00:00.0100000" startTime="2025-05-14T13:20:31.3146610Z" endTime="2025-05-14T13:25:31.3147553Z" testType="13cdc9d9-ddb5-4fa4-a97d-d965ccfc6d4b" outcome="Passed" testListId="860e9a56-dc4f-40e2-8abc-5c765841ac71" />
    <UnitTestResult executionId="1dfcdc27-e91b-4fe6-9f54-4972e89a7fe2" testId="607cd831-72e8-4497-8edb-a0c952678703" testName="Test9354" computerName="UA-LPT-OGA2" duration="00:00:01.6580000" startTime="2025-05-14T13:20:31.3146610Z" endTime="2025-05-14T13:25:31.3147553Z" testType="13cdc9d9-ddb5-4fa4-a97d-d965ccfc6d4b" outcome="Passed" testListId="860e9a56-dc4f-40e2-8abc-5c765841ac71" />
    <UnitTestResult executionId="1657b33e-88f5-472c-9c2f-c667e090ea95" testId="44e70cb8-c685-4576-a31f-187c7f8fb874" testName="Test9355" computerName="UA-LPT-OGA2" duration="00:00:00.5880000" startTime="2025-05-14T13:20:31.3146610Z" endTime="2025-05-14T13:25:31.3147553Z" testType="13cdc9d9-ddb5-4fa4-a97d-d965ccfc6d4b" outcome="Passed" testListId="860e9a56-dc4f-40e2-8abc-5c765841ac71" />
    <UnitTestResult executionId="8252f6ce-d8e1-4b58-be1e-7219ba8ba37a" testId="cd07bf43-c815-43e5-a0e1-b3214019aaea" testName="Test9356" computerName="UA-LPT-OGA2" duration="00:00:00.6970000" startTime="2025-05-14T13:20:31.3146610Z" endTime="2025-05-14T13:25:31.3147553Z" testType="13cdc9d9-ddb5-4fa4-a97d-d965ccfc6d4b" outcome="Inconclusive" testListId="860e9a56-dc4f-40e2-8abc-5c765841ac71" />
    <UnitTestResult executionId="336d0636-366d-4952-93bb-4fa05a05cf84" testId="e4a5b549-1eac-47cc-9c73-98a0964e1502" testName="Test9357" computerName="UA-LPT-OGA2" duration="00:00:01.1360000" startTime="2025-05-14T13:20:31.3146610Z" endTime="2025-05-14T13:25:31.3147553Z" testType="13cdc9d9-ddb5-4fa4-a97d-d965ccfc6d4b" outcome="Passed" testListId="860e9a56-dc4f-40e2-8abc-5c765841ac71" />
    <UnitTestResult executionId="1d3c7bea-d928-4e01-8504-6f2254a5ff6e" testId="defe49ea-c5da-436d-868a-cce84f4e4965" testName="Test9358" computerName="UA-LPT-OGA2" duration="00:00:01.1100000" startTime="2025-05-14T13:20:31.3146610Z" endTime="2025-05-14T13:25:31.3147553Z" testType="13cdc9d9-ddb5-4fa4-a97d-d965ccfc6d4b" outcome="Passed" testListId="860e9a56-dc4f-40e2-8abc-5c765841ac71" />
    <UnitTestResult executionId="3906ba23-0e83-4e6c-9484-34a0e9d5e107" testId="5816e09c-3147-408a-a3e2-c46a2cef8d8d" testName="Test9359" computerName="UA-LPT-OGA2" duration="00:00:00.8810000" startTime="2025-05-14T13:20:31.3146610Z" endTime="2025-05-14T13:25:31.3147553Z" testType="13cdc9d9-ddb5-4fa4-a97d-d965ccfc6d4b" outcome="Passed" testListId="860e9a56-dc4f-40e2-8abc-5c765841ac71" />
    <UnitTestResult executionId="1db4d848-96cd-4daf-a69e-1d3001065d7b" testId="40227d4b-bc94-4a4e-a3d8-9138168c2917" testName="Test9360" computerName="UA-LPT-OGA2" duration="00:00:00.7520000" startTime="2025-05-14T13:20:31.3146610Z" endTime="2025-05-14T13:25:31.3147553Z" testType="13cdc9d9-ddb5-4fa4-a97d-d965ccfc6d4b" outcome="Passed" testListId="860e9a56-dc4f-40e2-8abc-5c765841ac71" />
    <UnitTestResult executionId="ad28698c-0338-4ddc-b790-3d6f5eaf9b6b" testId="be1a76d7-0c56-407e-af29-b0e509957c12" testName="Test9361" computerName="UA-LPT-OGA2" duration="00:00:00.9030000" startTime="2025-05-14T13:20:31.3146610Z" endTime="2025-05-14T13:25:31.3147553Z" testType="13cdc9d9-ddb5-4fa4-a97d-d965ccfc6d4b" outcome="Passed" testListId="860e9a56-dc4f-40e2-8abc-5c765841ac71" />
    <UnitTestResult executionId="dec5e696-5aad-4f74-b73c-f3231e4b3f97" testId="0bbea968-0bbd-428c-bf27-1fa3083cd483" testName="Test9362" computerName="UA-LPT-OGA2" duration="00:00:00.1570000" startTime="2025-05-14T13:20:31.3146610Z" endTime="2025-05-14T13:25:31.3147553Z" testType="13cdc9d9-ddb5-4fa4-a97d-d965ccfc6d4b" outcome="Passed" testListId="860e9a56-dc4f-40e2-8abc-5c765841ac71" />
    <UnitTestResult executionId="5b20db2c-36a2-4cf2-80e0-a4d40c2cb8b6" testId="fa0b3870-6c9b-4791-81dc-f309fc19d4e6" testName="Test9363" computerName="UA-LPT-OGA2" duration="00:00:00.6190000" startTime="2025-05-14T13:20:31.3146610Z" endTime="2025-05-14T13:25:31.3147553Z" testType="13cdc9d9-ddb5-4fa4-a97d-d965ccfc6d4b" outcome="Passed" testListId="860e9a56-dc4f-40e2-8abc-5c765841ac71" />
    <UnitTestResult executionId="1d5233dd-ce40-4f16-97df-cc3b0c5f0c74" testId="448747f9-f228-40b2-a846-f0289720d3d1" testName="Test9364" computerName="UA-LPT-OGA2" duration="00:00:01.3450000" startTime="2025-05-14T13:20:31.3146610Z" endTime="2025-05-14T13:25:31.3147553Z" testType="13cdc9d9-ddb5-4fa4-a97d-d965ccfc6d4b" outcome="Passed" testListId="860e9a56-dc4f-40e2-8abc-5c765841ac71" />
    <UnitTestResult executionId="281b4097-cd3c-42bf-8410-66179d5528a4" testId="fcf0f504-147c-4c6b-bb29-30bdfe95b7eb" testName="Test9365" computerName="UA-LPT-OGA2" duration="00:00:01.1360000" startTime="2025-05-14T13:20:31.3146610Z" endTime="2025-05-14T13:25:31.3147553Z" testType="13cdc9d9-ddb5-4fa4-a97d-d965ccfc6d4b" outcome="Passed" testListId="860e9a56-dc4f-40e2-8abc-5c765841ac71" />
    <UnitTestResult executionId="394ecf10-5e93-4011-8479-5b4745b0af05" testId="fd0df175-61a8-4e57-add6-d256843731e5" testName="Test9366" computerName="UA-LPT-OGA2" duration="00:00:00.9610000" startTime="2025-05-14T13:20:31.3146610Z" endTime="2025-05-14T13:25:31.3147553Z" testType="13cdc9d9-ddb5-4fa4-a97d-d965ccfc6d4b" outcome="Passed" testListId="860e9a56-dc4f-40e2-8abc-5c765841ac71" />
    <UnitTestResult executionId="122944f8-f1a9-4c5d-afd5-6cc740c7b297" testId="1d0ef8fb-ae87-45bf-ab6d-1fba312643f3" testName="Test9367" computerName="UA-LPT-OGA2" duration="00:00:00.1620000" startTime="2025-05-14T13:20:31.3146610Z" endTime="2025-05-14T13:25:31.3147553Z" testType="13cdc9d9-ddb5-4fa4-a97d-d965ccfc6d4b" outcome="Passed" testListId="860e9a56-dc4f-40e2-8abc-5c765841ac71" />
    <UnitTestResult executionId="ec1764e6-7f6c-4f21-ba0f-624397930fa9" testId="b8fef17e-48e6-49ab-97c1-63cee60015aa" testName="Test9368" computerName="UA-LPT-OGA2" duration="00:00:00.7050000" startTime="2025-05-14T13:20:31.3146610Z" endTime="2025-05-14T13:25:31.3147553Z" testType="13cdc9d9-ddb5-4fa4-a97d-d965ccfc6d4b" outcome="Passed" testListId="860e9a56-dc4f-40e2-8abc-5c765841ac71" />
    <UnitTestResult executionId="e791f208-145d-4f26-bdd4-3364ce81703d" testId="ee5b8cdf-e961-4afd-9605-0ca7a0e58f56" testName="Test9369" computerName="UA-LPT-OGA2" duration="00:00:00.0940000" startTime="2025-05-14T13:20:31.3146610Z" endTime="2025-05-14T13:25:31.3147553Z" testType="13cdc9d9-ddb5-4fa4-a97d-d965ccfc6d4b" outcome="Passed" testListId="860e9a56-dc4f-40e2-8abc-5c765841ac71" />
    <UnitTestResult executionId="9149f9ec-7954-42bc-b3cb-cd5ef3f229eb" testId="f9420286-9200-45bd-9f59-2f0ecd3f4050" testName="Test9370" computerName="UA-LPT-OGA2" duration="00:00:01.2010000" startTime="2025-05-14T13:20:31.3146610Z" endTime="2025-05-14T13:25:31.3147553Z" testType="13cdc9d9-ddb5-4fa4-a97d-d965ccfc6d4b" outcome="Passed" testListId="860e9a56-dc4f-40e2-8abc-5c765841ac71" />
    <UnitTestResult executionId="81b554ef-898f-4af5-950c-94ff7d53085b" testId="b2245c0c-c0aa-4cea-964c-4348bfbea024" testName="Test9371" computerName="UA-LPT-OGA2" duration="00:00:00.4700000" startTime="2025-05-14T13:20:31.3146610Z" endTime="2025-05-14T13:25:31.3147553Z" testType="13cdc9d9-ddb5-4fa4-a97d-d965ccfc6d4b" outcome="Passed" testListId="860e9a56-dc4f-40e2-8abc-5c765841ac71" />
    <UnitTestResult executionId="1746272f-2fe1-4448-88b8-f3f452206258" testId="a15fad49-6d38-488c-b310-7954947ac220" testName="Test9372" computerName="UA-LPT-OGA2" duration="00:00:00.1160000" startTime="2025-05-14T13:20:31.3146610Z" endTime="2025-05-14T13:25:31.3147553Z" testType="13cdc9d9-ddb5-4fa4-a97d-d965ccfc6d4b" outcome="Passed" testListId="860e9a56-dc4f-40e2-8abc-5c765841ac71" />
    <UnitTestResult executionId="f657ec42-457c-4c85-8153-a60cfac8b335" testId="a2c39c2a-f038-4613-8320-f044244287cd" testName="Test9373" computerName="UA-LPT-OGA2" duration="00:00:00.4700000" startTime="2025-05-14T13:20:31.3146610Z" endTime="2025-05-14T13:25:31.3147553Z" testType="13cdc9d9-ddb5-4fa4-a97d-d965ccfc6d4b" outcome="Passed" testListId="860e9a56-dc4f-40e2-8abc-5c765841ac71" />
    <UnitTestResult executionId="63159af2-1f9c-404d-a338-5af649d14cc7" testId="99bb169e-cd81-4684-a434-f6da12d0590a" testName="Test9374" computerName="UA-LPT-OGA2" duration="00:00:01.0710000" startTime="2025-05-14T13:20:31.3146610Z" endTime="2025-05-14T13:25:31.3147553Z" testType="13cdc9d9-ddb5-4fa4-a97d-d965ccfc6d4b" outcome="Passed" testListId="860e9a56-dc4f-40e2-8abc-5c765841ac71" />
    <UnitTestResult executionId="df25f49b-01c1-4e24-8f0a-505db482352f" testId="151a0d6a-7db8-46db-8d7e-84f5af717d60" testName="Test9375" computerName="UA-LPT-OGA2" duration="00:00:00.1740000" startTime="2025-05-14T13:20:31.3146610Z" endTime="2025-05-14T13:25:31.3147553Z" testType="13cdc9d9-ddb5-4fa4-a97d-d965ccfc6d4b" outcome="Passed" testListId="860e9a56-dc4f-40e2-8abc-5c765841ac71" />
    <UnitTestResult executionId="51a8ca60-9099-4600-9e0f-033e8dfa8379" testId="e4657d4e-1ad7-4805-9938-7dfe61a376d5" testName="Test9376" computerName="UA-LPT-OGA2" duration="00:00:01.3710000" startTime="2025-05-14T13:20:31.3146610Z" endTime="2025-05-14T13:25:31.3147553Z" testType="13cdc9d9-ddb5-4fa4-a97d-d965ccfc6d4b" outcome="Passed" testListId="860e9a56-dc4f-40e2-8abc-5c765841ac71" />
    <UnitTestResult executionId="769f623e-a235-4089-af9f-7079984d810e" testId="61151cec-4b68-46e0-8a56-a0780568e7e9" testName="Test9377" computerName="UA-LPT-OGA2" duration="00:00:01.4180000" startTime="2025-05-14T13:20:31.3146610Z" endTime="2025-05-14T13:25:31.3147553Z" testType="13cdc9d9-ddb5-4fa4-a97d-d965ccfc6d4b" outcome="Passed" testListId="860e9a56-dc4f-40e2-8abc-5c765841ac71" />
    <UnitTestResult executionId="a3a5dede-3841-481b-a2ab-a2a55e3dbe08" testId="a57015f9-3762-47c2-81d3-0e0f73545cf2" testName="Test9378" computerName="UA-LPT-OGA2" duration="00:00:00.6260000" startTime="2025-05-14T13:20:31.3146610Z" endTime="2025-05-14T13:25:31.3147553Z" testType="13cdc9d9-ddb5-4fa4-a97d-d965ccfc6d4b" outcome="Passed" testListId="860e9a56-dc4f-40e2-8abc-5c765841ac71" />
    <UnitTestResult executionId="ac6eb95e-4bee-405f-9a86-98abf6cb8936" testId="813fd961-25eb-40e1-8995-89821962eb2f" testName="Test9379" computerName="UA-LPT-OGA2" duration="00:00:00.8040000" startTime="2025-05-14T13:20:31.3146610Z" endTime="2025-05-14T13:25:31.3147553Z" testType="13cdc9d9-ddb5-4fa4-a97d-d965ccfc6d4b" outcome="Passed" testListId="860e9a56-dc4f-40e2-8abc-5c765841ac71" />
    <UnitTestResult executionId="5f4539ae-419d-43e0-88d4-6176f51dd5ef" testId="f72eec12-c5f8-4b96-93bd-165347b74e40" testName="Test9380" computerName="UA-LPT-OGA2" duration="00:00:00.9630000" startTime="2025-05-14T13:20:31.3146610Z" endTime="2025-05-14T13:25:31.3147553Z" testType="13cdc9d9-ddb5-4fa4-a97d-d965ccfc6d4b" outcome="Passed" testListId="860e9a56-dc4f-40e2-8abc-5c765841ac71" />
    <UnitTestResult executionId="b98bb8bc-4832-4262-9f33-d7ff4a31b463" testId="63a7ae94-2a6f-4ca3-a010-59d1c464734c" testName="Test9381" computerName="UA-LPT-OGA2" duration="00:00:01.1360000" startTime="2025-05-14T13:20:31.3146610Z" endTime="2025-05-14T13:25:31.3147553Z" testType="13cdc9d9-ddb5-4fa4-a97d-d965ccfc6d4b" outcome="Passed" testListId="860e9a56-dc4f-40e2-8abc-5c765841ac71" />
    <UnitTestResult executionId="e2f14adb-c103-4b53-a302-ea1369ed0ed4" testId="a518d534-20e3-4256-9c5e-fc5fccebe9a4" testName="Test9382" computerName="UA-LPT-OGA2" duration="00:00:01.1110000" startTime="2025-05-14T13:20:31.3146610Z" endTime="2025-05-14T13:25:31.3147553Z" testType="13cdc9d9-ddb5-4fa4-a97d-d965ccfc6d4b" outcome="Passed" testListId="860e9a56-dc4f-40e2-8abc-5c765841ac71" />
    <UnitTestResult executionId="f196dd70-f300-48d6-8d3f-41e8e81505e1" testId="c5453be8-b7cc-4950-a515-6dc3c715237e" testName="Test9383" computerName="UA-LPT-OGA2" duration="00:00:01.9330000" startTime="2025-05-14T13:20:31.3146610Z" endTime="2025-05-14T13:25:31.3147553Z" testType="13cdc9d9-ddb5-4fa4-a97d-d965ccfc6d4b" outcome="Passed" testListId="860e9a56-dc4f-40e2-8abc-5c765841ac71" />
    <UnitTestResult executionId="bdfc2718-642a-49c7-b167-c2b47ccffe35" testId="94de4805-d04f-46d9-af10-4fdf560498cb" testName="Test9384" computerName="UA-LPT-OGA2" duration="00:00:01.0850000" startTime="2025-05-14T13:20:31.3146610Z" endTime="2025-05-14T13:25:31.3147553Z" testType="13cdc9d9-ddb5-4fa4-a97d-d965ccfc6d4b" outcome="Passed" testListId="860e9a56-dc4f-40e2-8abc-5c765841ac71" />
    <UnitTestResult executionId="03533d90-a973-44dc-92fb-499f78956d3c" testId="cf8582d1-9c32-467a-af14-c501d30a0aea" testName="Test9385" computerName="UA-LPT-OGA2" duration="00:00:01.1720000" startTime="2025-05-14T13:20:31.3146610Z" endTime="2025-05-14T13:25:31.3147553Z" testType="13cdc9d9-ddb5-4fa4-a97d-d965ccfc6d4b" outcome="Passed" testListId="860e9a56-dc4f-40e2-8abc-5c765841ac71" />
    <UnitTestResult executionId="f06011ef-63ca-466e-8354-6c652027e2ec" testId="fdc5677e-65a8-4538-a442-84a052baec15" testName="Test9386" computerName="UA-LPT-OGA2" duration="00:00:00.8220000" startTime="2025-05-14T13:20:31.3146610Z" endTime="2025-05-14T13:25:31.3147553Z" testType="13cdc9d9-ddb5-4fa4-a97d-d965ccfc6d4b" outcome="Passed" testListId="860e9a56-dc4f-40e2-8abc-5c765841ac71" />
    <UnitTestResult executionId="01598b23-8aad-4977-9928-9a78c36df167" testId="f17ea45f-c764-4477-82d4-6fdb29697438" testName="Test9387" computerName="UA-LPT-OGA2" duration="00:00:01.6810000" startTime="2025-05-14T13:20:31.3146610Z" endTime="2025-05-14T13:25:31.3147553Z" testType="13cdc9d9-ddb5-4fa4-a97d-d965ccfc6d4b" outcome="Passed" testListId="860e9a56-dc4f-40e2-8abc-5c765841ac71" />
    <UnitTestResult executionId="d1a9ea08-55a5-439b-a63c-09ed911d10ef" testId="0199f9a6-e7bf-4faa-9b06-4742301f38c6" testName="Test9388" computerName="UA-LPT-OGA2" duration="00:00:00.2540000" startTime="2025-05-14T13:20:31.3146610Z" endTime="2025-05-14T13:25:31.3147553Z" testType="13cdc9d9-ddb5-4fa4-a97d-d965ccfc6d4b" outcome="Passed" testListId="860e9a56-dc4f-40e2-8abc-5c765841ac71" />
    <UnitTestResult executionId="c9bafdef-c1ef-4695-8cb3-87f1e78ecaf1" testId="08aeef08-79dc-4ee7-a90b-32fa34d16679" testName="Test9389" computerName="UA-LPT-OGA2" duration="00:00:00.8400000" startTime="2025-05-14T13:20:31.3146610Z" endTime="2025-05-14T13:25:31.3147553Z" testType="13cdc9d9-ddb5-4fa4-a97d-d965ccfc6d4b" outcome="Passed" testListId="860e9a56-dc4f-40e2-8abc-5c765841ac71" />
    <UnitTestResult executionId="e600a13e-3c5b-45b5-8a45-41ea3bf9fac2" testId="0cf053ff-e93d-4854-abf6-67ec168781f1" testName="Test9390" computerName="UA-LPT-OGA2" duration="00:00:00.4600000" startTime="2025-05-14T13:20:31.3146610Z" endTime="2025-05-14T13:25:31.3147553Z" testType="13cdc9d9-ddb5-4fa4-a97d-d965ccfc6d4b" outcome="Passed" testListId="860e9a56-dc4f-40e2-8abc-5c765841ac71" />
    <UnitTestResult executionId="966ba58e-0a6d-4eba-b737-05645aec1601" testId="16618517-073f-4e18-aca8-0ae80778184d" testName="Test9391" computerName="UA-LPT-OGA2" duration="00:00:00.6470000" startTime="2025-05-14T13:20:31.3146610Z" endTime="2025-05-14T13:25:31.3147553Z" testType="13cdc9d9-ddb5-4fa4-a97d-d965ccfc6d4b" outcome="Passed" testListId="860e9a56-dc4f-40e2-8abc-5c765841ac71" />
    <UnitTestResult executionId="6eb1332f-a8ea-4ee4-83d3-fac10de447e0" testId="73ad0701-22f6-4c8d-b536-e6fa43a5fbd3" testName="Test9392" computerName="UA-LPT-OGA2" duration="00:00:01.4150000" startTime="2025-05-14T13:20:31.3146610Z" endTime="2025-05-14T13:25:31.3147553Z" testType="13cdc9d9-ddb5-4fa4-a97d-d965ccfc6d4b" outcome="Passed" testListId="860e9a56-dc4f-40e2-8abc-5c765841ac71" />
    <UnitTestResult executionId="aabc4602-7b84-417e-bd6c-8639c0d01461" testId="d94366a5-4fe6-4f0a-bfc5-fa391fd7646e" testName="Test9393" computerName="UA-LPT-OGA2" duration="00:00:00.8570000" startTime="2025-05-14T13:20:31.3146610Z" endTime="2025-05-14T13:25:31.3147553Z" testType="13cdc9d9-ddb5-4fa4-a97d-d965ccfc6d4b" outcome="Passed" testListId="860e9a56-dc4f-40e2-8abc-5c765841ac71" />
    <UnitTestResult executionId="1efb0bc4-fbf7-400f-bf24-e544810fd447" testId="56cb316e-10de-4be2-a2e0-0c67d86e2be4" testName="Test9394" computerName="UA-LPT-OGA2" duration="00:00:01.4780000" startTime="2025-05-14T13:20:31.3146610Z" endTime="2025-05-14T13:25:31.3147553Z" testType="13cdc9d9-ddb5-4fa4-a97d-d965ccfc6d4b" outcome="Passed" testListId="860e9a56-dc4f-40e2-8abc-5c765841ac71" />
    <UnitTestResult executionId="600c9a08-5c53-46d3-9fd2-8e102822bad5" testId="78a5d3e7-ee83-4396-a6db-743b9fc737c2" testName="Test9395" computerName="UA-LPT-OGA2" duration="00:00:00.8550000" startTime="2025-05-14T13:20:31.3146610Z" endTime="2025-05-14T13:25:31.3147553Z" testType="13cdc9d9-ddb5-4fa4-a97d-d965ccfc6d4b" outcome="Passed" testListId="860e9a56-dc4f-40e2-8abc-5c765841ac71" />
    <UnitTestResult executionId="926176e4-0bdd-4de0-abd7-4e2afca9306b" testId="97aaa11d-5a86-4171-805b-42df6d4df02a" testName="Test9396" computerName="UA-LPT-OGA2" duration="00:00:00.2800000" startTime="2025-05-14T13:20:31.3146610Z" endTime="2025-05-14T13:25:31.3147553Z" testType="13cdc9d9-ddb5-4fa4-a97d-d965ccfc6d4b" outcome="Failed" testListId="860e9a56-dc4f-40e2-8abc-5c765841ac71">
      <Output>
        <ErrorInfo>
          <Message>Assertion failed: Expected value did not match actual value.</Message>
          <StackTrace>   at TestNamespace.TestClass.Test() in TestClass.cs:line 70</StackTrace>
        </ErrorInfo>
      </Output>
    </UnitTestResult>
    <UnitTestResult executionId="5ca6a2d1-2233-4123-acf7-1e6705362d05" testId="6d8a25c6-feef-47a5-be72-e08175f28758" testName="Test9397" computerName="UA-LPT-OGA2" duration="00:00:01.2430000" startTime="2025-05-14T13:20:31.3146610Z" endTime="2025-05-14T13:25:31.3147553Z" testType="13cdc9d9-ddb5-4fa4-a97d-d965ccfc6d4b" outcome="Passed" testListId="860e9a56-dc4f-40e2-8abc-5c765841ac71" />
    <UnitTestResult executionId="4251a7f5-9c15-4ebc-9385-a9b0873825c0" testId="4b6b7940-57c2-4b85-b54f-bd4483aee2d1" testName="Test9398" computerName="UA-LPT-OGA2" duration="00:00:01.9050000" startTime="2025-05-14T13:20:31.3146610Z" endTime="2025-05-14T13:25:31.3147553Z" testType="13cdc9d9-ddb5-4fa4-a97d-d965ccfc6d4b" outcome="Passed" testListId="860e9a56-dc4f-40e2-8abc-5c765841ac71" />
    <UnitTestResult executionId="2ab8a08e-5e2c-4c6c-bef6-05a71e05c211" testId="f887afb0-14e1-4814-8b19-aecc1eb9d737" testName="Test9399" computerName="UA-LPT-OGA2" duration="00:00:00.3850000" startTime="2025-05-14T13:20:31.3146610Z" endTime="2025-05-14T13:25:31.3147553Z" testType="13cdc9d9-ddb5-4fa4-a97d-d965ccfc6d4b" outcome="Passed" testListId="860e9a56-dc4f-40e2-8abc-5c765841ac71" />
    <UnitTestResult executionId="02460b2d-3a44-4cf3-9456-061de71cf2c6" testId="ce0467c4-5587-431e-ad97-20819f0a9d8f" testName="Test9400" computerName="UA-LPT-OGA2" duration="00:00:00.8440000" startTime="2025-05-14T13:20:31.3146610Z" endTime="2025-05-14T13:25:31.3147553Z" testType="13cdc9d9-ddb5-4fa4-a97d-d965ccfc6d4b" outcome="Passed" testListId="860e9a56-dc4f-40e2-8abc-5c765841ac71" />
  </Results>
  <TestDefinitions>
    <UnitTest name="Test9301" id="450bba62-e5e9-442e-a29f-f730c2206a5c" storage="TestAssembly.dll">
      <Execution id="8ce6ef37-7130-4e61-ab66-3df4ebd3e34f" />
      <TestMethod codeBase="TestAssembly.dll" className="TestNamespace.TestClass1" name="Test9301" />
    </UnitTest>
    <UnitTest name="Test9302" id="3bea020f-e9dc-47da-b47a-e5e107539645" storage="TestAssembly.dll">
      <Execution id="85fb4711-b753-4827-992d-b0a92878f4f8" />
      <TestMethod codeBase="TestAssembly.dll" className="TestNamespace.TestClass1" name="Test9302" />
    </UnitTest>
    <UnitTest name="Test9303" id="131edec1-99ab-4688-b0db-be84bcddce85" storage="TestAssembly.dll">
      <Execution id="0c56e842-13d9-41de-844c-f8cc1fcbc3e5" />
      <TestMethod codeBase="TestAssembly.dll" className="TestNamespace.TestClass1" name="Test9303" />
    </UnitTest>
    <UnitTest name="Test9304" id="69c1c2d3-9b93-4db1-821a-aed9a3dec997" storage="TestAssembly.dll">
      <Execution id="5e223c06-9357-4d44-a701-5f71ea8cfa69" />
      <TestMethod codeBase="TestAssembly.dll" className="TestNamespace.TestClass1" name="Test9304" />
    </UnitTest>
    <UnitTest name="Test9305" id="6937bf43-749a-4fa4-9e34-6e9ef6f59860" storage="TestAssembly.dll">
      <Execution id="c5ff530b-c131-4e0f-aefb-be1cf7dd5701" />
      <TestMethod codeBase="TestAssembly.dll" className="TestNamespace.TestClass1" name="Test9305" />
    </UnitTest>
    <UnitTest name="Test9306" id="7b4ea7cf-c513-4792-a4bf-100cb00d646e" storage="TestAssembly.dll">
      <Execution id="3b2b1f4d-ac40-40fe-8782-ae156aadb59d" />
      <TestMethod codeBase="TestAssembly.dll" className="TestNamespace.TestClass1" name="Test9306" />
    </UnitTest>
    <UnitTest name="Test9307" id="a72ccb90-d941-4f72-a336-7410d57c284b" storage="TestAssembly.dll">
      <Execution id="f1268a3a-9694-468b-aa5d-d29c8f5ae36d" />
      <TestMethod codeBase="TestAssembly.dll" className="TestNamespace.TestClass1" name="Test9307" />
    </UnitTest>
    <UnitTest name="Test9308" id="9da3bf38-4f66-434f-bd0b-f6d1e877be25" storage="TestAssembly.dll">
      <Execution id="11bd6cc0-89cf-4361-9b2f-b1a4dbdfcbe9" />
      <TestMethod codeBase="TestAssembly.dll" className="TestNamespace.TestClass1" name="Test9308" />
    </UnitTest>
    <UnitTest name="Test9309" id="986df356-e4f4-4646-bcd8-05567e8a1196" storage="TestAssembly.dll">
      <Execution id="342616ce-6cbc-4264-9384-f6f4e60599a3" />
      <TestMethod codeBase="TestAssembly.dll" className="TestNamespace.TestClass1" name="Test9309" />
    </UnitTest>
    <UnitTest name="Test9310" id="acfa0648-b8ba-4206-adbe-9a9b026f2dfb" storage="TestAssembly.dll">
      <Execution id="3006f134-318e-404c-9000-ad0bed705392" />
      <TestMethod codeBase="TestAssembly.dll" className="TestNamespace.TestClass1" name="Test9310" />
    </UnitTest>
    <UnitTest name="Test9311" id="27a6cd94-5e2b-4408-8631-b1891a4cc40b" storage="TestAssembly.dll">
      <Execution id="7c837dec-294f-474b-8245-5550040f17ea" />
      <TestMethod codeBase="TestAssembly.dll" className="TestNamespace.TestClass2" name="Test9311" />
    </UnitTest>
    <UnitTest name="Test9312" id="374b43cf-8f6a-41b1-89c9-ed416c65cad6" storage="TestAssembly.dll">
      <Execution id="77a423a7-2a1d-433b-b8e0-f76a7d6436bb" />
      <TestMethod codeBase="TestAssembly.dll" className="TestNamespace.TestClass2" name="Test9312" />
    </UnitTest>
    <UnitTest name="Test9313" id="59e551d0-52d9-4350-aa60-f24a238f0b2f" storage="TestAssembly.dll">
      <Execution id="5a31809a-3ced-4d03-8220-7ccd85c51416" />
      <TestMethod codeBase="TestAssembly.dll" className="TestNamespace.TestClass2" name="Test9313" />
    </UnitTest>
    <UnitTest name="Test9314" id="f1af6326-b484-4d66-9e0c-24e55549904f" storage="TestAssembly.dll">
      <Execution id="0a453ba3-da2b-4d21-92ab-aa741feac785" />
      <TestMethod codeBase="TestAssembly.dll" className="TestNamespace.TestClass2" name="Test9314" />
    </UnitTest>
    <UnitTest name="Test9315" id="54622a33-5645-4324-97b1-83810d2054cb" storage="TestAssembly.dll">
      <Execution id="3da66e07-22d9-4486-b998-602f639af01a" />
      <TestMethod codeBase="TestAssembly.dll" className="TestNamespace.TestClass2" name="Test9315" />
    </UnitTest>
    <UnitTest name="Test9316" id="f2312f40-7a28-422a-ab1a-48724d840e83" storage="TestAssembly.dll">
      <Execution id="5d49b923-c54e-44cb-956f-fa8f32ab7ede" />
      <TestMethod codeBase="TestAssembly.dll" className="TestNamespace.TestClass2" name="Test9316" />
    </UnitTest>
    <UnitTest name="Test9317" id="424fb470-d197-4360-b57b-700667349b9e" storage="TestAssembly.dll">
      <Execution id="20b99e5f-0e57-43ff-b0e1-84b24f60cd12" />
      <TestMethod codeBase="TestAssembly.dll" className="TestNamespace.TestClass2" name="Test9317" />
    </UnitTest>
    <UnitTest name="Test9318" id="391d9b4e-093f-4d6c-8b57-34c0391bc128" storage="TestAssembly.dll">
      <Execution id="34f5c49e-99b0-4987-8b10-19cfbb31c6fd" />
      <TestMethod codeBase="TestAssembly.dll" className="TestNamespace.TestClass2" name="Test9318" />
    </UnitTest>
    <UnitTest name="Test9319" id="5dcb1f5a-c3ae-4605-bc30-c11ae81588dc" storage="TestAssembly.dll">
      <Execution id="2e93bab2-2b23-4d24-bb37-380097935e23" />
      <TestMethod codeBase="TestAssembly.dll" className="TestNamespace.TestClass2" name="Test9319" />
    </UnitTest>
    <UnitTest name="Test9320" id="ac1a8892-f4f4-49a6-9f34-0041e3c1a688" storage="TestAssembly.dll">
      <Execution id="7e743934-7b0b-4546-81dc-91fde19b3167" />
      <TestMethod codeBase="TestAssembly.dll" className="TestNamespace.TestClass2" name="Test9320" />
    </UnitTest>
    <UnitTest name="Test9321" id="41faa61c-b703-4f5c-910e-4c26022fb447" storage="TestAssembly.dll">
      <Execution id="e4b23b42-a893-4f83-9c35-af26b4d6c1b6" />
      <TestMethod codeBase="TestAssembly.dll" className="TestNamespace.TestClass3" name="Test9321" />
    </UnitTest>
    <UnitTest name="Test9322" id="91af3673-6fe1-4ea7-bc4e-fccbcb997afc" storage="TestAssembly.dll">
      <Execution id="05639f35-68be-4849-8f87-8f1db77378c4" />
      <TestMethod codeBase="TestAssembly.dll" className="TestNamespace.TestClass3" name="Test9322" />
    </UnitTest>
    <UnitTest name="Test9323" id="95475002-63b5-4fc1-ba98-f65f7feca52c" storage="TestAssembly.dll">
      <Execution id="4d79af37-1f54-4f9a-aa73-6bec27f92617" />
      <TestMethod codeBase="TestAssembly.dll" className="TestNamespace.TestClass3" name="Test9323" />
    </UnitTest>
    <UnitTest name="Test9324" id="f7b4d794-4e96-4a0d-8609-66994d53f2e7" storage="TestAssembly.dll">
      <Execution id="57c6e329-91da-44d3-93da-19fb22750a31" />
      <TestMethod codeBase="TestAssembly.dll" className="TestNamespace.TestClass3" name="Test9324" />
    </UnitTest>
    <UnitTest name="Test9325" id="e9c5b2ee-c235-44e6-98c5-7d04bd33e86e" storage="TestAssembly.dll">
      <Execution id="1c0e32a0-419f-4e74-a141-51f947f1cff9" />
      <TestMethod codeBase="TestAssembly.dll" className="TestNamespace.TestClass3" name="Test9325" />
    </UnitTest>
    <UnitTest name="Test9326" id="6ac31128-2e09-40f5-8685-4d7f78406b9a" storage="TestAssembly.dll">
      <Execution id="340531af-2741-4410-aa79-51485c0e28ca" />
      <TestMethod codeBase="TestAssembly.dll" className="TestNamespace.TestClass3" name="Test9326" />
    </UnitTest>
    <UnitTest name="Test9327" id="8de02463-3e33-473a-a42f-d86d007f1408" storage="TestAssembly.dll">
      <Execution id="951b8dd9-0259-490b-9369-8501672fc884" />
      <TestMethod codeBase="TestAssembly.dll" className="TestNamespace.TestClass3" name="Test9327" />
    </UnitTest>
    <UnitTest name="Test9328" id="517ef359-3932-44b1-9e27-6b0695dfcb40" storage="TestAssembly.dll">
      <Execution id="9a6e6e83-d3d0-48ba-b6f9-d1be72617fe3" />
      <TestMethod codeBase="TestAssembly.dll" className="TestNamespace.TestClass3" name="Test9328" />
    </UnitTest>
    <UnitTest name="Test9329" id="a6b3593c-1d50-4b9b-ad27-dab704d05b5d" storage="TestAssembly.dll">
      <Execution id="e68c233b-ba1c-46ab-a436-7b5fc6730d0f" />
      <TestMethod codeBase="TestAssembly.dll" className="TestNamespace.TestClass3" name="Test9329" />
    </UnitTest>
    <UnitTest name="Test9330" id="bc87efe2-63bb-49c9-997f-0354b8aac5ae" storage="TestAssembly.dll">
      <Execution id="fe8ca456-e074-4688-a759-38feca0eea73" />
      <TestMethod codeBase="TestAssembly.dll" className="TestNamespace.TestClass3" name="Test9330" />
    </UnitTest>
    <UnitTest name="Test9331" id="fb55a8e9-0921-412a-a15e-3c2ade090b09" storage="TestAssembly.dll">
      <Execution id="a6b3c076-002c-4100-b057-6ccfd8231f29" />
      <TestMethod codeBase="TestAssembly.dll" className="TestNamespace.TestClass4" name="Test9331" />
    </UnitTest>
    <UnitTest name="Test9332" id="68a59cd9-4011-466a-be2c-87cb4d99b419" storage="TestAssembly.dll">
      <Execution id="5ad45f41-6cff-4c06-a02a-32ad32604afb" />
      <TestMethod codeBase="TestAssembly.dll" className="TestNamespace.TestClass4" name="Test9332" />
    </UnitTest>
    <UnitTest name="Test9333" id="98b21e72-021a-4875-86b1-3ebd00662414" storage="TestAssembly.dll">
      <Execution id="11164c22-dc4f-4af7-9ae3-3db9ba3fcda0" />
      <TestMethod codeBase="TestAssembly.dll" className="TestNamespace.TestClass4" name="Test9333" />
    </UnitTest>
    <UnitTest name="Test9334" id="72efeb00-4050-40c3-8798-f0dc0534ab9f" storage="TestAssembly.dll">
      <Execution id="db4c199f-f5a0-4463-8975-6f52b3b6a55a" />
      <TestMethod codeBase="TestAssembly.dll" className="TestNamespace.TestClass4" name="Test9334" />
    </UnitTest>
    <UnitTest name="Test9335" id="47de17ef-146f-47f0-92b5-319c92974d59" storage="TestAssembly.dll">
      <Execution id="88431607-e206-429c-a532-d026fcfd605d" />
      <TestMethod codeBase="TestAssembly.dll" className="TestNamespace.TestClass4" name="Test9335" />
    </UnitTest>
    <UnitTest name="Test9336" id="da2e1459-3505-409a-922c-cb78978046ce" storage="TestAssembly.dll">
      <Execution id="64209d1e-1efa-4329-b128-8584ad691ef0" />
      <TestMethod codeBase="TestAssembly.dll" className="TestNamespace.TestClass4" name="Test9336" />
    </UnitTest>
    <UnitTest name="Test9337" id="c7c8335d-9543-4d3b-a4d7-12c0f0dc6170" storage="TestAssembly.dll">
      <Execution id="81939a97-e80e-4ddf-8cf5-c40076487497" />
      <TestMethod codeBase="TestAssembly.dll" className="TestNamespace.TestClass4" name="Test9337" />
    </UnitTest>
    <UnitTest name="Test9338" id="94c1d2e3-e5d1-411f-af1c-dd76a2f59532" storage="TestAssembly.dll">
      <Execution id="09aa9f5e-7cb7-44e4-9374-f2155bdbb6d7" />
      <TestMethod codeBase="TestAssembly.dll" className="TestNamespace.TestClass4" name="Test9338" />
    </UnitTest>
    <UnitTest name="Test9339" id="d4b4a62e-e638-4b9b-94c0-adb6689539cd" storage="TestAssembly.dll">
      <Execution id="38d2b7b6-5836-4f20-9b96-f30972114e5e" />
      <TestMethod codeBase="TestAssembly.dll" className="TestNamespace.TestClass4" name="Test9339" />
    </UnitTest>
    <UnitTest name="Test9340" id="87af8975-786c-409a-b87b-6e0975e96499" storage="TestAssembly.dll">
      <Execution id="991cf730-747f-436a-9c1b-e17e8252ec6e" />
      <TestMethod codeBase="TestAssembly.dll" className="TestNamespace.TestClass4" name="Test9340" />
    </UnitTest>
    <UnitTest name="Test9341" id="0bee5d2d-1ce0-4f97-bb0c-9484e6bbf716" storage="TestAssembly.dll">
      <Execution id="d37d0b17-ed82-4381-8f6e-34a4a6fc015f" />
      <TestMethod codeBase="TestAssembly.dll" className="TestNamespace.TestClass5" name="Test9341" />
    </UnitTest>
    <UnitTest name="Test9342" id="fb2a9918-7c47-40ab-8bb6-8658841bbfd1" storage="TestAssembly.dll">
      <Execution id="efc97e34-7db0-4c15-905a-b23f777a2e0d" />
      <TestMethod codeBase="TestAssembly.dll" className="TestNamespace.TestClass5" name="Test9342" />
    </UnitTest>
    <UnitTest name="Test9343" id="e7a43b5f-cddd-459f-a9c5-2cd78df97cc4" storage="TestAssembly.dll">
      <Execution id="35458702-b341-453a-88fe-f22f64cc68d6" />
      <TestMethod codeBase="TestAssembly.dll" className="TestNamespace.TestClass5" name="Test9343" />
    </UnitTest>
    <UnitTest name="Test9344" id="7ea28e00-a559-4a9b-a5c3-6683a5aea3e5" storage="TestAssembly.dll">
      <Execution id="3466fe11-a5e8-455d-8405-0855781afe23" />
      <TestMethod codeBase="TestAssembly.dll" className="TestNamespace.TestClass5" name="Test9344" />
    </UnitTest>
    <UnitTest name="Test9345" id="51dd128e-5d12-419f-9ff3-64f418c1c31f" storage="TestAssembly.dll">
      <Execution id="3f05c9b9-ae74-4c7b-b5f0-44b57834eb89" />
      <TestMethod codeBase="TestAssembly.dll" className="TestNamespace.TestClass5" name="Test9345" />
    </UnitTest>
    <UnitTest name="Test9346" id="0c3e785f-1a70-4b0b-a288-2c70770b7323" storage="TestAssembly.dll">
      <Execution id="bc13ae57-2ed8-4c14-8589-ca415cd0ee1d" />
      <TestMethod codeBase="TestAssembly.dll" className="TestNamespace.TestClass5" name="Test9346" />
    </UnitTest>
    <UnitTest name="Test9347" id="e1d99c9a-7957-4d2e-b4b8-7311681ec2d0" storage="TestAssembly.dll">
      <Execution id="cdf83ebb-7f9d-4845-9c2f-a58b584eaa3d" />
      <TestMethod codeBase="TestAssembly.dll" className="TestNamespace.TestClass5" name="Test9347" />
    </UnitTest>
    <UnitTest name="Test9348" id="ac197c70-d504-4f79-bbee-5b35b593e29b" storage="TestAssembly.dll">
      <Execution id="39b26b0a-881a-445e-8ebe-d4b827a0ef7f" />
      <TestMethod codeBase="TestAssembly.dll" className="TestNamespace.TestClass5" name="Test9348" />
    </UnitTest>
    <UnitTest name="Test9349" id="51c09be7-1d4b-4ea5-8973-b9c53479dc58" storage="TestAssembly.dll">
      <Execution id="251ee004-eba9-43d1-9bfd-761dfa826ee1" />
      <TestMethod codeBase="TestAssembly.dll" className="TestNamespace.TestClass5" name="Test9349" />
    </UnitTest>
    <UnitTest name="Test9350" id="763e8ef6-d820-4dd8-96f4-0cf94daaa43a" storage="TestAssembly.dll">
      <Execution id="c59ad784-883c-4afe-acc4-242aac2e7bad" />
      <TestMethod codeBase="TestAssembly.dll" className="TestNamespace.TestClass5" name="Test9350" />
    </UnitTest>
    <UnitTest name="Test9351" id="793ddd3d-278a-433f-b738-6c64848f6cb4" storage="TestAssembly.dll">
      <Execution id="85f1a248-a423-4af7-9087-88a8891e0664" />
      <TestMethod codeBase="TestAssembly.dll" className="TestNamespace.TestClass6" name="Test9351" />
    </UnitTest>
    <UnitTest name="Test9352" id="c3e3c7d0-30bb-47f3-a8a9-7ae98ce28703" storage="TestAssembly.dll">
      <Execution id="d3d60980-93e1-4d6a-8d56-3a0af456bbbf" />
      <TestMethod codeBase="TestAssembly.dll" className="TestNamespace.TestClass6" name="Test9352" />
    </UnitTest>
    <UnitTest name="Test9353" id="04b8a62c-dfd5-4656-aa42-d316c272bcdb" storage="TestAssembly.dll">
      <Execution id="77ccb949-d55f-49c9-8bdd-2ce2d16ea72f" />
      <TestMethod codeBase="TestAssembly.dll" className="TestNamespace.TestClass6" name="Test9353" />
    </UnitTest>
    <UnitTest name="Test9354" id="607cd831-72e8-4497-8edb-a0c952678703" storage="TestAssembly.dll">
      <Execution id="1dfcdc27-e91b-4fe6-9f54-4972e89a7fe2" />
      <TestMethod codeBase="TestAssembly.dll" className="TestNamespace.TestClass6" name="Test9354" />
    </UnitTest>
    <UnitTest name="Test9355" id="44e70cb8-c685-4576-a31f-187c7f8fb874" storage="TestAssembly.dll">
      <Execution id="1657b33e-88f5-472c-9c2f-c667e090ea95" />
      <TestMethod codeBase="TestAssembly.dll" className="TestNamespace.TestClass6" name="Test9355" />
    </UnitTest>
    <UnitTest name="Test9356" id="cd07bf43-c815-43e5-a0e1-b3214019aaea" storage="TestAssembly.dll">
      <Execution id="8252f6ce-d8e1-4b58-be1e-7219ba8ba37a" />
      <TestMethod codeBase="TestAssembly.dll" className="TestNamespace.TestClass6" name="Test9356" />
    </UnitTest>
    <UnitTest name="Test9357" id="e4a5b549-1eac-47cc-9c73-98a0964e1502" storage="TestAssembly.dll">
      <Execution id="336d0636-366d-4952-93bb-4fa05a05cf84" />
      <TestMethod codeBase="TestAssembly.dll" className="TestNamespace.TestClass6" name="Test9357" />
    </UnitTest>
    <UnitTest name="Test9358" id="defe49ea-c5da-436d-868a-cce84f4e4965" storage="TestAssembly.dll">
      <Execution id="1d3c7bea-d928-4e01-8504-6f2254a5ff6e" />
      <TestMethod codeBase="TestAssembly.dll" className="TestNamespace.TestClass6" name="Test9358" />
    </UnitTest>
    <UnitTest name="Test9359" id="5816e09c-3147-408a-a3e2-c46a2cef8d8d" storage="TestAssembly.dll">
      <Execution id="3906ba23-0e83-4e6c-9484-34a0e9d5e107" />
      <TestMethod codeBase="TestAssembly.dll" className="TestNamespace.TestClass6" name="Test9359" />
    </UnitTest>
    <UnitTest name="Test9360" id="40227d4b-bc94-4a4e-a3d8-9138168c2917" storage="TestAssembly.dll">
      <Execution id="1db4d848-96cd-4daf-a69e-1d3001065d7b" />
      <TestMethod codeBase="TestAssembly.dll" className="TestNamespace.TestClass6" name="Test9360" />
    </UnitTest>
    <UnitTest name="Test9361" id="be1a76d7-0c56-407e-af29-b0e509957c12" storage="TestAssembly.dll">
      <Execution id="ad28698c-0338-4ddc-b790-3d6f5eaf9b6b" />
      <TestMethod codeBase="TestAssembly.dll" className="TestNamespace.TestClass7" name="Test9361" />
    </UnitTest>
    <UnitTest name="Test9362" id="0bbea968-0bbd-428c-bf27-1fa3083cd483" storage="TestAssembly.dll">
      <Execution id="dec5e696-5aad-4f74-b73c-f3231e4b3f97" />
      <TestMethod codeBase="TestAssembly.dll" className="TestNamespace.TestClass7" name="Test9362" />
    </UnitTest>
    <UnitTest name="Test9363" id="fa0b3870-6c9b-4791-81dc-f309fc19d4e6" storage="TestAssembly.dll">
      <Execution id="5b20db2c-36a2-4cf2-80e0-a4d40c2cb8b6" />
      <TestMethod codeBase="TestAssembly.dll" className="TestNamespace.TestClass7" name="Test9363" />
    </UnitTest>
    <UnitTest name="Test9364" id="448747f9-f228-40b2-a846-f0289720d3d1" storage="TestAssembly.dll">
      <Execution id="1d5233dd-ce40-4f16-97df-cc3b0c5f0c74" />
      <TestMethod codeBase="TestAssembly.dll" className="TestNamespace.TestClass7" name="Test9364" />
    </UnitTest>
    <UnitTest name="Test9365" id="fcf0f504-147c-4c6b-bb29-30bdfe95b7eb" storage="TestAssembly.dll">
      <Execution id="281b4097-cd3c-42bf-8410-66179d5528a4" />
      <TestMethod codeBase="TestAssembly.dll" className="TestNamespace.TestClass7" name="Test9365" />
    </UnitTest>
    <UnitTest name="Test9366" id="fd0df175-61a8-4e57-add6-d256843731e5" storage="TestAssembly.dll">
      <Execution id="394ecf10-5e93-4011-8479-5b4745b0af05" />
      <TestMethod codeBase="TestAssembly.dll" className="TestNamespace.TestClass7" name="Test9366" />
    </UnitTest>
    <UnitTest name="Test9367" id="1d0ef8fb-ae87-45bf-ab6d-1fba312643f3" storage="TestAssembly.dll">
      <Execution id="122944f8-f1a9-4c5d-afd5-6cc740c7b297" />
      <TestMethod codeBase="TestAssembly.dll" className="TestNamespace.TestClass7" name="Test9367" />
    </UnitTest>
    <UnitTest name="Test9368" id="b8fef17e-48e6-49ab-97c1-63cee60015aa" storage="TestAssembly.dll">
      <Execution id="ec1764e6-7f6c-4f21-ba0f-624397930fa9" />
      <TestMethod codeBase="TestAssembly.dll" className="TestNamespace.TestClass7" name="Test9368" />
    </UnitTest>
    <UnitTest name="Test9369" id="ee5b8cdf-e961-4afd-9605-0ca7a0e58f56" storage="TestAssembly.dll">
      <Execution id="e791f208-145d-4f26-bdd4-3364ce81703d" />
      <TestMethod codeBase="TestAssembly.dll" className="TestNamespace.TestClass7" name="Test9369" />
    </UnitTest>
    <UnitTest name="Test9370" id="f9420286-9200-45bd-9f59-2f0ecd3f4050" storage="TestAssembly.dll">
      <Execution id="9149f9ec-7954-42bc-b3cb-cd5ef3f229eb" />
      <TestMethod codeBase="TestAssembly.dll" className="TestNamespace.TestClass7" name="Test9370" />
    </UnitTest>
    <UnitTest name="Test9371" id="b2245c0c-c0aa-4cea-964c-4348bfbea024" storage="TestAssembly.dll">
      <Execution id="81b554ef-898f-4af5-950c-94ff7d53085b" />
      <TestMethod codeBase="TestAssembly.dll" className="TestNamespace.TestClass8" name="Test9371" />
    </UnitTest>
    <UnitTest name="Test9372" id="a15fad49-6d38-488c-b310-7954947ac220" storage="TestAssembly.dll">
      <Execution id="1746272f-2fe1-4448-88b8-f3f452206258" />
      <TestMethod codeBase="TestAssembly.dll" className="TestNamespace.TestClass8" name="Test9372" />
    </UnitTest>
    <UnitTest name="Test9373" id="a2c39c2a-f038-4613-8320-f044244287cd" storage="TestAssembly.dll">
      <Execution id="f657ec42-457c-4c85-8153-a60cfac8b335" />
      <TestMethod codeBase="TestAssembly.dll" className="TestNamespace.TestClass8" name="Test9373" />
    </UnitTest>
    <UnitTest name="Test9374" id="99bb169e-cd81-4684-a434-f6da12d0590a" storage="TestAssembly.dll">
      <Execution id="63159af2-1f9c-404d-a338-5af649d14cc7" />
      <TestMethod codeBase="TestAssembly.dll" className="TestNamespace.TestClass8" name="Test9374" />
    </UnitTest>
    <UnitTest name="Test9375" id="151a0d6a-7db8-46db-8d7e-84f5af717d60" storage="TestAssembly.dll">
      <Execution id="df25f49b-01c1-4e24-8f0a-505db482352f" />
      <TestMethod codeBase="TestAssembly.dll" className="TestNamespace.TestClass8" name="Test9375" />
    </UnitTest>
    <UnitTest name="Test9376" id="e4657d4e-1ad7-4805-9938-7dfe61a376d5" storage="TestAssembly.dll">
      <Execution id="51a8ca60-9099-4600-9e0f-033e8dfa8379" />
      <TestMethod codeBase="TestAssembly.dll" className="TestNamespace.TestClass8" name="Test9376" />
    </UnitTest>
    <UnitTest name="Test9377" id="61151cec-4b68-46e0-8a56-a0780568e7e9" storage="TestAssembly.dll">
      <Execution id="769f623e-a235-4089-af9f-7079984d810e" />
      <TestMethod codeBase="TestAssembly.dll" className="TestNamespace.TestClass8" name="Test9377" />
    </UnitTest>
    <UnitTest name="Test9378" id="a57015f9-3762-47c2-81d3-0e0f73545cf2" storage="TestAssembly.dll">
      <Execution id="a3a5dede-3841-481b-a2ab-a2a55e3dbe08" />
      <TestMethod codeBase="TestAssembly.dll" className="TestNamespace.TestClass8" name="Test9378" />
    </UnitTest>
    <UnitTest name="Test9379" id="813fd961-25eb-40e1-8995-89821962eb2f" storage="TestAssembly.dll">
      <Execution id="ac6eb95e-4bee-405f-9a86-98abf6cb8936" />
      <TestMethod codeBase="TestAssembly.dll" className="TestNamespace.TestClass8" name="Test9379" />
    </UnitTest>
    <UnitTest name="Test9380" id="f72eec12-c5f8-4b96-93bd-165347b74e40" storage="TestAssembly.dll">
      <Execution id="5f4539ae-419d-43e0-88d4-6176f51dd5ef" />
      <TestMethod codeBase="TestAssembly.dll" className="TestNamespace.TestClass8" name="Test9380" />
    </UnitTest>
    <UnitTest name="Test9381" id="63a7ae94-2a6f-4ca3-a010-59d1c464734c" storage="TestAssembly.dll">
      <Execution id="b98bb8bc-4832-4262-9f33-d7ff4a31b463" />
      <TestMethod codeBase="TestAssembly.dll" className="TestNamespace.TestClass9" name="Test9381" />
    </UnitTest>
    <UnitTest name="Test9382" id="a518d534-20e3-4256-9c5e-fc5fccebe9a4" storage="TestAssembly.dll">
      <Execution id="e2f14adb-c103-4b53-a302-ea1369ed0ed4" />
      <TestMethod codeBase="TestAssembly.dll" className="TestNamespace.TestClass9" name="Test9382" />
    </UnitTest>
    <UnitTest name="Test9383" id="c5453be8-b7cc-4950-a515-6dc3c715237e" storage="TestAssembly.dll">
      <Execution id="f196dd70-f300-48d6-8d3f-41e8e81505e1" />
      <TestMethod codeBase="TestAssembly.dll" className="TestNamespace.TestClass9" name="Test9383" />
    </UnitTest>
    <UnitTest name="Test9384" id="94de4805-d04f-46d9-af10-4fdf560498cb" storage="TestAssembly.dll">
      <Execution id="bdfc2718-642a-49c7-b167-c2b47ccffe35" />
      <TestMethod codeBase="TestAssembly.dll" className="TestNamespace.TestClass9" name="Test9384" />
    </UnitTest>
    <UnitTest name="Test9385" id="cf8582d1-9c32-467a-af14-c501d30a0aea" storage="TestAssembly.dll">
      <Execution id="03533d90-a973-44dc-92fb-499f78956d3c" />
      <TestMethod codeBase="TestAssembly.dll" className="TestNamespace.TestClass9" name="Test9385" />
    </UnitTest>
    <UnitTest name="Test9386" id="fdc5677e-65a8-4538-a442-84a052baec15" storage="TestAssembly.dll">
      <Execution id="f06011ef-63ca-466e-8354-6c652027e2ec" />
      <TestMethod codeBase="TestAssembly.dll" className="TestNamespace.TestClass9" name="Test9386" />
    </UnitTest>
    <UnitTest name="Test9387" id="f17ea45f-c764-4477-82d4-6fdb29697438" storage="TestAssembly.dll">
      <Execution id="01598b23-8aad-4977-9928-9a78c36df167" />
      <TestMethod codeBase="TestAssembly.dll" className="TestNamespace.TestClass9" name="Test9387" />
    </UnitTest>
    <UnitTest name="Test9388" id="0199f9a6-e7bf-4faa-9b06-4742301f38c6" storage="TestAssembly.dll">
      <Execution id="d1a9ea08-55a5-439b-a63c-09ed911d10ef" />
      <TestMethod codeBase="TestAssembly.dll" className="TestNamespace.TestClass9" name="Test9388" />
    </UnitTest>
    <UnitTest name="Test9389" id="08aeef08-79dc-4ee7-a90b-32fa34d16679" storage="TestAssembly.dll">
      <Execution id="c9bafdef-c1ef-4695-8cb3-87f1e78ecaf1" />
      <TestMethod codeBase="TestAssembly.dll" className="TestNamespace.TestClass9" name="Test9389" />
    </UnitTest>
    <UnitTest name="Test9390" id="0cf053ff-e93d-4854-abf6-67ec168781f1" storage="TestAssembly.dll">
      <Execution id="e600a13e-3c5b-45b5-8a45-41ea3bf9fac2" />
      <TestMethod codeBase="TestAssembly.dll" className="TestNamespace.TestClass9" name="Test9390" />
    </UnitTest>
    <UnitTest name="Test9391" id="16618517-073f-4e18-aca8-0ae80778184d" storage="TestAssembly.dll">
      <Execution id="966ba58e-0a6d-4eba-b737-05645aec1601" />
      <TestMethod codeBase="TestAssembly.dll" className="TestNamespace.TestClass10" name="Test9391" />
    </UnitTest>
    <UnitTest name="Test9392" id="73ad0701-22f6-4c8d-b536-e6fa43a5fbd3" storage="TestAssembly.dll">
      <Execution id="6eb1332f-a8ea-4ee4-83d3-fac10de447e0" />
      <TestMethod codeBase="TestAssembly.dll" className="TestNamespace.TestClass10" name="Test9392" />
    </UnitTest>
    <UnitTest name="Test9393" id="d94366a5-4fe6-4f0a-bfc5-fa391fd7646e" storage="TestAssembly.dll">
      <Execution id="aabc4602-7b84-417e-bd6c-8639c0d01461" />
      <TestMethod codeBase="TestAssembly.dll" className="TestNamespace.TestClass10" name="Test9393" />
    </UnitTest>
    <UnitTest name="Test9394" id="56cb316e-10de-4be2-a2e0-0c67d86e2be4" storage="TestAssembly.dll">
      <Execution id="1efb0bc4-fbf7-400f-bf24-e544810fd447" />
      <TestMethod codeBase="TestAssembly.dll" className="TestNamespace.TestClass10" name="Test9394" />
    </UnitTest>
    <UnitTest name="Test9395" id="78a5d3e7-ee83-4396-a6db-743b9fc737c2" storage="TestAssembly.dll">
      <Execution id="600c9a08-5c53-46d3-9fd2-8e102822bad5" />
      <TestMethod codeBase="TestAssembly.dll" className="TestNamespace.TestClass10" name="Test9395" />
    </UnitTest>
    <UnitTest name="Test9396" id="97aaa11d-5a86-4171-805b-42df6d4df02a" storage="TestAssembly.dll">
      <Execution id="926176e4-0bdd-4de0-abd7-4e2afca9306b" />
      <TestMethod codeBase="TestAssembly.dll" className="TestNamespace.TestClass10" name="Test9396" />
    </UnitTest>
    <UnitTest name="Test9397" id="6d8a25c6-feef-47a5-be72-e08175f28758" storage="TestAssembly.dll">
      <Execution id="5ca6a2d1-2233-4123-acf7-1e6705362d05" />
      <TestMethod codeBase="TestAssembly.dll" className="TestNamespace.TestClass10" name="Test9397" />
    </UnitTest>
    <UnitTest name="Test9398" id="4b6b7940-57c2-4b85-b54f-bd4483aee2d1" storage="TestAssembly.dll">
      <Execution id="4251a7f5-9c15-4ebc-9385-a9b0873825c0" />
      <TestMethod codeBase="TestAssembly.dll" className="TestNamespace.TestClass10" name="Test9398" />
    </UnitTest>
    <UnitTest name="Test9399" id="f887afb0-14e1-4814-8b19-aecc1eb9d737" storage="TestAssembly.dll">
      <Execution id="2ab8a08e-5e2c-4c6c-bef6-05a71e05c211" />
      <TestMethod codeBase="TestAssembly.dll" className="TestNamespace.TestClass10" name="Test9399" />
    </UnitTest>
    <UnitTest name="Test9400" id="ce0467c4-5587-431e-ad97-20819f0a9d8f" storage="TestAssembly.dll">
      <Execution id="02460b2d-3a44-4cf3-9456-061de71cf2c6" />
      <TestMethod codeBase="TestAssembly.dll" className="TestNamespace.TestClass10" name="Test9400" />
    </UnitTest>
  </TestDefinitions>
  <TestEntries>
    <TestEntry testId="450bba62-e5e9-442e-a29f-f730c2206a5c" executionId="8ce6ef37-7130-4e61-ab66-3df4ebd3e34f" testListId="860e9a56-dc4f-40e2-8abc-5c765841ac71" />
    <TestEntry testId="3bea020f-e9dc-47da-b47a-e5e107539645" executionId="85fb4711-b753-4827-992d-b0a92878f4f8" testListId="860e9a56-dc4f-40e2-8abc-5c765841ac71" />
    <TestEntry testId="131edec1-99ab-4688-b0db-be84bcddce85" executionId="0c56e842-13d9-41de-844c-f8cc1fcbc3e5" testListId="860e9a56-dc4f-40e2-8abc-5c765841ac71" />
    <TestEntry testId="69c1c2d3-9b93-4db1-821a-aed9a3dec997" executionId="5e223c06-9357-4d44-a701-5f71ea8cfa69" testListId="860e9a56-dc4f-40e2-8abc-5c765841ac71" />
    <TestEntry testId="6937bf43-749a-4fa4-9e34-6e9ef6f59860" executionId="c5ff530b-c131-4e0f-aefb-be1cf7dd5701" testListId="860e9a56-dc4f-40e2-8abc-5c765841ac71" />
    <TestEntry testId="7b4ea7cf-c513-4792-a4bf-100cb00d646e" executionId="3b2b1f4d-ac40-40fe-8782-ae156aadb59d" testListId="860e9a56-dc4f-40e2-8abc-5c765841ac71" />
    <TestEntry testId="a72ccb90-d941-4f72-a336-7410d57c284b" executionId="f1268a3a-9694-468b-aa5d-d29c8f5ae36d" testListId="860e9a56-dc4f-40e2-8abc-5c765841ac71" />
    <TestEntry testId="9da3bf38-4f66-434f-bd0b-f6d1e877be25" executionId="11bd6cc0-89cf-4361-9b2f-b1a4dbdfcbe9" testListId="860e9a56-dc4f-40e2-8abc-5c765841ac71" />
    <TestEntry testId="986df356-e4f4-4646-bcd8-05567e8a1196" executionId="342616ce-6cbc-4264-9384-f6f4e60599a3" testListId="860e9a56-dc4f-40e2-8abc-5c765841ac71" />
    <TestEntry testId="acfa0648-b8ba-4206-adbe-9a9b026f2dfb" executionId="3006f134-318e-404c-9000-ad0bed705392" testListId="860e9a56-dc4f-40e2-8abc-5c765841ac71" />
    <TestEntry testId="27a6cd94-5e2b-4408-8631-b1891a4cc40b" executionId="7c837dec-294f-474b-8245-5550040f17ea" testListId="860e9a56-dc4f-40e2-8abc-5c765841ac71" />
    <TestEntry testId="374b43cf-8f6a-41b1-89c9-ed416c65cad6" executionId="77a423a7-2a1d-433b-b8e0-f76a7d6436bb" testListId="860e9a56-dc4f-40e2-8abc-5c765841ac71" />
    <TestEntry testId="59e551d0-52d9-4350-aa60-f24a238f0b2f" executionId="5a31809a-3ced-4d03-8220-7ccd85c51416" testListId="860e9a56-dc4f-40e2-8abc-5c765841ac71" />
    <TestEntry testId="f1af6326-b484-4d66-9e0c-24e55549904f" executionId="0a453ba3-da2b-4d21-92ab-aa741feac785" testListId="860e9a56-dc4f-40e2-8abc-5c765841ac71" />
    <TestEntry testId="54622a33-5645-4324-97b1-83810d2054cb" executionId="3da66e07-22d9-4486-b998-602f639af01a" testListId="860e9a56-dc4f-40e2-8abc-5c765841ac71" />
    <TestEntry testId="f2312f40-7a28-422a-ab1a-48724d840e83" executionId="5d49b923-c54e-44cb-956f-fa8f32ab7ede" testListId="860e9a56-dc4f-40e2-8abc-5c765841ac71" />
    <TestEntry testId="424fb470-d197-4360-b57b-700667349b9e" executionId="20b99e5f-0e57-43ff-b0e1-84b24f60cd12" testListId="860e9a56-dc4f-40e2-8abc-5c765841ac71" />
    <TestEntry testId="391d9b4e-093f-4d6c-8b57-34c0391bc128" executionId="34f5c49e-99b0-4987-8b10-19cfbb31c6fd" testListId="860e9a56-dc4f-40e2-8abc-5c765841ac71" />
    <TestEntry testId="5dcb1f5a-c3ae-4605-bc30-c11ae81588dc" executionId="2e93bab2-2b23-4d24-bb37-380097935e23" testListId="860e9a56-dc4f-40e2-8abc-5c765841ac71" />
    <TestEntry testId="ac1a8892-f4f4-49a6-9f34-0041e3c1a688" executionId="7e743934-7b0b-4546-81dc-91fde19b3167" testListId="860e9a56-dc4f-40e2-8abc-5c765841ac71" />
    <TestEntry testId="41faa61c-b703-4f5c-910e-4c26022fb447" executionId="e4b23b42-a893-4f83-9c35-af26b4d6c1b6" testListId="860e9a56-dc4f-40e2-8abc-5c765841ac71" />
    <TestEntry testId="91af3673-6fe1-4ea7-bc4e-fccbcb997afc" executionId="05639f35-68be-4849-8f87-8f1db77378c4" testListId="860e9a56-dc4f-40e2-8abc-5c765841ac71" />
    <TestEntry testId="95475002-63b5-4fc1-ba98-f65f7feca52c" executionId="4d79af37-1f54-4f9a-aa73-6bec27f92617" testListId="860e9a56-dc4f-40e2-8abc-5c765841ac71" />
    <TestEntry testId="f7b4d794-4e96-4a0d-8609-66994d53f2e7" executionId="57c6e329-91da-44d3-93da-19fb22750a31" testListId="860e9a56-dc4f-40e2-8abc-5c765841ac71" />
    <TestEntry testId="e9c5b2ee-c235-44e6-98c5-7d04bd33e86e" executionId="1c0e32a0-419f-4e74-a141-51f947f1cff9" testListId="860e9a56-dc4f-40e2-8abc-5c765841ac71" />
    <TestEntry testId="6ac31128-2e09-40f5-8685-4d7f78406b9a" executionId="340531af-2741-4410-aa79-51485c0e28ca" testListId="860e9a56-dc4f-40e2-8abc-5c765841ac71" />
    <TestEntry testId="8de02463-3e33-473a-a42f-d86d007f1408" executionId="951b8dd9-0259-490b-9369-8501672fc884" testListId="860e9a56-dc4f-40e2-8abc-5c765841ac71" />
    <TestEntry testId="517ef359-3932-44b1-9e27-6b0695dfcb40" executionId="9a6e6e83-d3d0-48ba-b6f9-d1be72617fe3" testListId="860e9a56-dc4f-40e2-8abc-5c765841ac71" />
    <TestEntry testId="a6b3593c-1d50-4b9b-ad27-dab704d05b5d" executionId="e68c233b-ba1c-46ab-a436-7b5fc6730d0f" testListId="860e9a56-dc4f-40e2-8abc-5c765841ac71" />
    <TestEntry testId="bc87efe2-63bb-49c9-997f-0354b8aac5ae" executionId="fe8ca456-e074-4688-a759-38feca0eea73" testListId="860e9a56-dc4f-40e2-8abc-5c765841ac71" />
    <TestEntry testId="fb55a8e9-0921-412a-a15e-3c2ade090b09" executionId="a6b3c076-002c-4100-b057-6ccfd8231f29" testListId="860e9a56-dc4f-40e2-8abc-5c765841ac71" />
    <TestEntry testId="68a59cd9-4011-466a-be2c-87cb4d99b419" executionId="5ad45f41-6cff-4c06-a02a-32ad32604afb" testListId="860e9a56-dc4f-40e2-8abc-5c765841ac71" />
    <TestEntry testId="98b21e72-021a-4875-86b1-3ebd00662414" executionId="11164c22-dc4f-4af7-9ae3-3db9ba3fcda0" testListId="860e9a56-dc4f-40e2-8abc-5c765841ac71" />
    <TestEntry testId="72efeb00-4050-40c3-8798-f0dc0534ab9f" executionId="db4c199f-f5a0-4463-8975-6f52b3b6a55a" testListId="860e9a56-dc4f-40e2-8abc-5c765841ac71" />
    <TestEntry testId="47de17ef-146f-47f0-92b5-319c92974d59" executionId="88431607-e206-429c-a532-d026fcfd605d" testListId="860e9a56-dc4f-40e2-8abc-5c765841ac71" />
    <TestEntry testId="da2e1459-3505-409a-922c-cb78978046ce" executionId="64209d1e-1efa-4329-b128-8584ad691ef0" testListId="860e9a56-dc4f-40e2-8abc-5c765841ac71" />
    <TestEntry testId="c7c8335d-9543-4d3b-a4d7-12c0f0dc6170" executionId="81939a97-e80e-4ddf-8cf5-c40076487497" testListId="860e9a56-dc4f-40e2-8abc-5c765841ac71" />
    <TestEntry testId="94c1d2e3-e5d1-411f-af1c-dd76a2f59532" executionId="09aa9f5e-7cb7-44e4-9374-f2155bdbb6d7" testListId="860e9a56-dc4f-40e2-8abc-5c765841ac71" />
    <TestEntry testId="d4b4a62e-e638-4b9b-94c0-adb6689539cd" executionId="38d2b7b6-5836-4f20-9b96-f30972114e5e" testListId="860e9a56-dc4f-40e2-8abc-5c765841ac71" />
    <TestEntry testId="87af8975-786c-409a-b87b-6e0975e96499" executionId="991cf730-747f-436a-9c1b-e17e8252ec6e" testListId="860e9a56-dc4f-40e2-8abc-5c765841ac71" />
    <TestEntry testId="0bee5d2d-1ce0-4f97-bb0c-9484e6bbf716" executionId="d37d0b17-ed82-4381-8f6e-34a4a6fc015f" testListId="860e9a56-dc4f-40e2-8abc-5c765841ac71" />
    <TestEntry testId="fb2a9918-7c47-40ab-8bb6-8658841bbfd1" executionId="efc97e34-7db0-4c15-905a-b23f777a2e0d" testListId="860e9a56-dc4f-40e2-8abc-5c765841ac71" />
    <TestEntry testId="e7a43b5f-cddd-459f-a9c5-2cd78df97cc4" executionId="35458702-b341-453a-88fe-f22f64cc68d6" testListId="860e9a56-dc4f-40e2-8abc-5c765841ac71" />
    <TestEntry testId="7ea28e00-a559-4a9b-a5c3-6683a5aea3e5" executionId="3466fe11-a5e8-455d-8405-0855781afe23" testListId="860e9a56-dc4f-40e2-8abc-5c765841ac71" />
    <TestEntry testId="51dd128e-5d12-419f-9ff3-64f418c1c31f" executionId="3f05c9b9-ae74-4c7b-b5f0-44b57834eb89" testListId="860e9a56-dc4f-40e2-8abc-5c765841ac71" />
    <TestEntry testId="0c3e785f-1a70-4b0b-a288-2c70770b7323" executionId="bc13ae57-2ed8-4c14-8589-ca415cd0ee1d" testListId="860e9a56-dc4f-40e2-8abc-5c765841ac71" />
    <TestEntry testId="e1d99c9a-7957-4d2e-b4b8-7311681ec2d0" executionId="cdf83ebb-7f9d-4845-9c2f-a58b584eaa3d" testListId="860e9a56-dc4f-40e2-8abc-5c765841ac71" />
    <TestEntry testId="ac197c70-d504-4f79-bbee-5b35b593e29b" executionId="39b26b0a-881a-445e-8ebe-d4b827a0ef7f" testListId="860e9a56-dc4f-40e2-8abc-5c765841ac71" />
    <TestEntry testId="51c09be7-1d4b-4ea5-8973-b9c53479dc58" executionId="251ee004-eba9-43d1-9bfd-761dfa826ee1" testListId="860e9a56-dc4f-40e2-8abc-5c765841ac71" />
    <TestEntry testId="763e8ef6-d820-4dd8-96f4-0cf94daaa43a" executionId="c59ad784-883c-4afe-acc4-242aac2e7bad" testListId="860e9a56-dc4f-40e2-8abc-5c765841ac71" />
    <TestEntry testId="793ddd3d-278a-433f-b738-6c64848f6cb4" executionId="85f1a248-a423-4af7-9087-88a8891e0664" testListId="860e9a56-dc4f-40e2-8abc-5c765841ac71" />
    <TestEntry testId="c3e3c7d0-30bb-47f3-a8a9-7ae98ce28703" executionId="d3d60980-93e1-4d6a-8d56-3a0af456bbbf" testListId="860e9a56-dc4f-40e2-8abc-5c765841ac71" />
    <TestEntry testId="04b8a62c-dfd5-4656-aa42-d316c272bcdb" executionId="77ccb949-d55f-49c9-8bdd-2ce2d16ea72f" testListId="860e9a56-dc4f-40e2-8abc-5c765841ac71" />
    <TestEntry testId="607cd831-72e8-4497-8edb-a0c952678703" executionId="1dfcdc27-e91b-4fe6-9f54-4972e89a7fe2" testListId="860e9a56-dc4f-40e2-8abc-5c765841ac71" />
    <TestEntry testId="44e70cb8-c685-4576-a31f-187c7f8fb874" executionId="1657b33e-88f5-472c-9c2f-c667e090ea95" testListId="860e9a56-dc4f-40e2-8abc-5c765841ac71" />
    <TestEntry testId="cd07bf43-c815-43e5-a0e1-b3214019aaea" executionId="8252f6ce-d8e1-4b58-be1e-7219ba8ba37a" testListId="860e9a56-dc4f-40e2-8abc-5c765841ac71" />
    <TestEntry testId="e4a5b549-1eac-47cc-9c73-98a0964e1502" executionId="336d0636-366d-4952-93bb-4fa05a05cf84" testListId="860e9a56-dc4f-40e2-8abc-5c765841ac71" />
    <TestEntry testId="defe49ea-c5da-436d-868a-cce84f4e4965" executionId="1d3c7bea-d928-4e01-8504-6f2254a5ff6e" testListId="860e9a56-dc4f-40e2-8abc-5c765841ac71" />
    <TestEntry testId="5816e09c-3147-408a-a3e2-c46a2cef8d8d" executionId="3906ba23-0e83-4e6c-9484-34a0e9d5e107" testListId="860e9a56-dc4f-40e2-8abc-5c765841ac71" />
    <TestEntry testId="40227d4b-bc94-4a4e-a3d8-9138168c2917" executionId="1db4d848-96cd-4daf-a69e-1d3001065d7b" testListId="860e9a56-dc4f-40e2-8abc-5c765841ac71" />
    <TestEntry testId="be1a76d7-0c56-407e-af29-b0e509957c12" executionId="ad28698c-0338-4ddc-b790-3d6f5eaf9b6b" testListId="860e9a56-dc4f-40e2-8abc-5c765841ac71" />
    <TestEntry testId="0bbea968-0bbd-428c-bf27-1fa3083cd483" executionId="dec5e696-5aad-4f74-b73c-f3231e4b3f97" testListId="860e9a56-dc4f-40e2-8abc-5c765841ac71" />
    <TestEntry testId="fa0b3870-6c9b-4791-81dc-f309fc19d4e6" executionId="5b20db2c-36a2-4cf2-80e0-a4d40c2cb8b6" testListId="860e9a56-dc4f-40e2-8abc-5c765841ac71" />
    <TestEntry testId="448747f9-f228-40b2-a846-f0289720d3d1" executionId="1d5233dd-ce40-4f16-97df-cc3b0c5f0c74" testListId="860e9a56-dc4f-40e2-8abc-5c765841ac71" />
    <TestEntry testId="fcf0f504-147c-4c6b-bb29-30bdfe95b7eb" executionId="281b4097-cd3c-42bf-8410-66179d5528a4" testListId="860e9a56-dc4f-40e2-8abc-5c765841ac71" />
    <TestEntry testId="fd0df175-61a8-4e57-add6-d256843731e5" executionId="394ecf10-5e93-4011-8479-5b4745b0af05" testListId="860e9a56-dc4f-40e2-8abc-5c765841ac71" />
    <TestEntry testId="1d0ef8fb-ae87-45bf-ab6d-1fba312643f3" executionId="122944f8-f1a9-4c5d-afd5-6cc740c7b297" testListId="860e9a56-dc4f-40e2-8abc-5c765841ac71" />
    <TestEntry testId="b8fef17e-48e6-49ab-97c1-63cee60015aa" executionId="ec1764e6-7f6c-4f21-ba0f-624397930fa9" testListId="860e9a56-dc4f-40e2-8abc-5c765841ac71" />
    <TestEntry testId="ee5b8cdf-e961-4afd-9605-0ca7a0e58f56" executionId="e791f208-145d-4f26-bdd4-3364ce81703d" testListId="860e9a56-dc4f-40e2-8abc-5c765841ac71" />
    <TestEntry testId="f9420286-9200-45bd-9f59-2f0ecd3f4050" executionId="9149f9ec-7954-42bc-b3cb-cd5ef3f229eb" testListId="860e9a56-dc4f-40e2-8abc-5c765841ac71" />
    <TestEntry testId="b2245c0c-c0aa-4cea-964c-4348bfbea024" executionId="81b554ef-898f-4af5-950c-94ff7d53085b" testListId="860e9a56-dc4f-40e2-8abc-5c765841ac71" />
    <TestEntry testId="a15fad49-6d38-488c-b310-7954947ac220" executionId="1746272f-2fe1-4448-88b8-f3f452206258" testListId="860e9a56-dc4f-40e2-8abc-5c765841ac71" />
    <TestEntry testId="a2c39c2a-f038-4613-8320-f044244287cd" executionId="f657ec42-457c-4c85-8153-a60cfac8b335" testListId="860e9a56-dc4f-40e2-8abc-5c765841ac71" />
    <TestEntry testId="99bb169e-cd81-4684-a434-f6da12d0590a" executionId="63159af2-1f9c-404d-a338-5af649d14cc7" testListId="860e9a56-dc4f-40e2-8abc-5c765841ac71" />
    <TestEntry testId="151a0d6a-7db8-46db-8d7e-84f5af717d60" executionId="df25f49b-01c1-4e24-8f0a-505db482352f" testListId="860e9a56-dc4f-40e2-8abc-5c765841ac71" />
    <TestEntry testId="e4657d4e-1ad7-4805-9938-7dfe61a376d5" executionId="51a8ca60-9099-4600-9e0f-033e8dfa8379" testListId="860e9a56-dc4f-40e2-8abc-5c765841ac71" />
    <TestEntry testId="61151cec-4b68-46e0-8a56-a0780568e7e9" executionId="769f623e-a235-4089-af9f-7079984d810e" testListId="860e9a56-dc4f-40e2-8abc-5c765841ac71" />
    <TestEntry testId="a57015f9-3762-47c2-81d3-0e0f73545cf2" executionId="a3a5dede-3841-481b-a2ab-a2a55e3dbe08" testListId="860e9a56-dc4f-40e2-8abc-5c765841ac71" />
    <TestEntry testId="813fd961-25eb-40e1-8995-89821962eb2f" executionId="ac6eb95e-4bee-405f-9a86-98abf6cb8936" testListId="860e9a56-dc4f-40e2-8abc-5c765841ac71" />
    <TestEntry testId="f72eec12-c5f8-4b96-93bd-165347b74e40" executionId="5f4539ae-419d-43e0-88d4-6176f51dd5ef" testListId="860e9a56-dc4f-40e2-8abc-5c765841ac71" />
    <TestEntry testId="63a7ae94-2a6f-4ca3-a010-59d1c464734c" executionId="b98bb8bc-4832-4262-9f33-d7ff4a31b463" testListId="860e9a56-dc4f-40e2-8abc-5c765841ac71" />
    <TestEntry testId="a518d534-20e3-4256-9c5e-fc5fccebe9a4" executionId="e2f14adb-c103-4b53-a302-ea1369ed0ed4" testListId="860e9a56-dc4f-40e2-8abc-5c765841ac71" />
    <TestEntry testId="c5453be8-b7cc-4950-a515-6dc3c715237e" executionId="f196dd70-f300-48d6-8d3f-41e8e81505e1" testListId="860e9a56-dc4f-40e2-8abc-5c765841ac71" />
    <TestEntry testId="94de4805-d04f-46d9-af10-4fdf560498cb" executionId="bdfc2718-642a-49c7-b167-c2b47ccffe35" testListId="860e9a56-dc4f-40e2-8abc-5c765841ac71" />
    <TestEntry testId="cf8582d1-9c32-467a-af14-c501d30a0aea" executionId="03533d90-a973-44dc-92fb-499f78956d3c" testListId="860e9a56-dc4f-40e2-8abc-5c765841ac71" />
    <TestEntry testId="fdc5677e-65a8-4538-a442-84a052baec15" executionId="f06011ef-63ca-466e-8354-6c652027e2ec" testListId="860e9a56-dc4f-40e2-8abc-5c765841ac71" />
    <TestEntry testId="f17ea45f-c764-4477-82d4-6fdb29697438" executionId="01598b23-8aad-4977-9928-9a78c36df167" testListId="860e9a56-dc4f-40e2-8abc-5c765841ac71" />
    <TestEntry testId="0199f9a6-e7bf-4faa-9b06-4742301f38c6" executionId="d1a9ea08-55a5-439b-a63c-09ed911d10ef" testListId="860e9a56-dc4f-40e2-8abc-5c765841ac71" />
    <TestEntry testId="08aeef08-79dc-4ee7-a90b-32fa34d16679" executionId="c9bafdef-c1ef-4695-8cb3-87f1e78ecaf1" testListId="860e9a56-dc4f-40e2-8abc-5c765841ac71" />
    <TestEntry testId="0cf053ff-e93d-4854-abf6-67ec168781f1" executionId="e600a13e-3c5b-45b5-8a45-41ea3bf9fac2" testListId="860e9a56-dc4f-40e2-8abc-5c765841ac71" />
    <TestEntry testId="16618517-073f-4e18-aca8-0ae80778184d" executionId="966ba58e-0a6d-4eba-b737-05645aec1601" testListId="860e9a56-dc4f-40e2-8abc-5c765841ac71" />
    <TestEntry testId="73ad0701-22f6-4c8d-b536-e6fa43a5fbd3" executionId="6eb1332f-a8ea-4ee4-83d3-fac10de447e0" testListId="860e9a56-dc4f-40e2-8abc-5c765841ac71" />
    <TestEntry testId="d94366a5-4fe6-4f0a-bfc5-fa391fd7646e" executionId="aabc4602-7b84-417e-bd6c-8639c0d01461" testListId="860e9a56-dc4f-40e2-8abc-5c765841ac71" />
    <TestEntry testId="56cb316e-10de-4be2-a2e0-0c67d86e2be4" executionId="1efb0bc4-fbf7-400f-bf24-e544810fd447" testListId="860e9a56-dc4f-40e2-8abc-5c765841ac71" />
    <TestEntry testId="78a5d3e7-ee83-4396-a6db-743b9fc737c2" executionId="600c9a08-5c53-46d3-9fd2-8e102822bad5" testListId="860e9a56-dc4f-40e2-8abc-5c765841ac71" />
    <TestEntry testId="97aaa11d-5a86-4171-805b-42df6d4df02a" executionId="926176e4-0bdd-4de0-abd7-4e2afca9306b" testListId="860e9a56-dc4f-40e2-8abc-5c765841ac71" />
    <TestEntry testId="6d8a25c6-feef-47a5-be72-e08175f28758" executionId="5ca6a2d1-2233-4123-acf7-1e6705362d05" testListId="860e9a56-dc4f-40e2-8abc-5c765841ac71" />
    <TestEntry testId="4b6b7940-57c2-4b85-b54f-bd4483aee2d1" executionId="4251a7f5-9c15-4ebc-9385-a9b0873825c0" testListId="860e9a56-dc4f-40e2-8abc-5c765841ac71" />
    <TestEntry testId="f887afb0-14e1-4814-8b19-aecc1eb9d737" executionId="2ab8a08e-5e2c-4c6c-bef6-05a71e05c211" testListId="860e9a56-dc4f-40e2-8abc-5c765841ac71" />
    <TestEntry testId="ce0467c4-5587-431e-ad97-20819f0a9d8f" executionId="02460b2d-3a44-4cf3-9456-061de71cf2c6" testListId="860e9a56-dc4f-40e2-8abc-5c765841ac71" />
  </TestEntries>
  <TestLists>
    <TestList name="Results Not in a List" id="860e9a56-dc4f-40e2-8abc-5c765841ac71" />
    <TestList name="All Loaded Results" id="684b8781-41cb-4c41-9530-b2486f3bda03" />
  </TestLists>
</TestRun>