<?xml version="1.0" encoding="UTF-8"?>
<TestRun id="8a775697-a3aa-473b-a431-f66e05bd183c" name="Test Run 67" runUser="Oles Galatsan" xmlns="http://microsoft.com/schemas/VisualStudio/TeamTest/2010">
  <Times creation="2025-05-14T13:20:31.3125482Z" queuing="2025-05-14T13:20:31.3125482Z" start="2025-05-14T13:20:31.3146610Z" finish="2025-05-14T13:25:31.3147553Z" />
  <TestSettings name="Test Settings 67" id="037ef498-37ea-4a68-9f56-dc9d33d937db" />
  <Results>
    <UnitTestResult executionId="3946e6ff-9b5e-474f-ab46-96f985e713ac" testId="77f6f1ef-f4e5-43d3-96b7-213b045b8e86" testName="Test6601" computerName="UA-LPT-OGA2" duration="00:00:00.0210000" startTime="2025-05-14T13:20:31.3146610Z" endTime="2025-05-14T13:25:31.3147553Z" testType="13cdc9d9-ddb5-4fa4-a97d-d965ccfc6d4b" outcome="Failed" testListId="e6d5d253-00bc-47ce-8609-476c9e247ec7">
      <Output>
        <ErrorInfo>
          <Message>Assertion failed: Expected value did not match actual value.</Message>
          <StackTrace>   at TestNamespace.TestClass.Test() in TestClass.cs:line 75</StackTrace>
        </ErrorInfo>
      </Output>
    </UnitTestResult>
    <UnitTestResult executionId="b263f9bd-be35-460c-be63-6dae6f45558f" testId="19acc8c2-516d-4a1a-a091-69d9950bdc41" testName="Test6602" computerName="UA-LPT-OGA2" duration="00:00:01.3370000" startTime="2025-05-14T13:20:31.3146610Z" endTime="2025-05-14T13:25:31.3147553Z" testType="13cdc9d9-ddb5-4fa4-a97d-d965ccfc6d4b" outcome="Passed" testListId="e6d5d253-00bc-47ce-8609-476c9e247ec7" />
    <UnitTestResult executionId="8fa2710d-2a5d-4bfc-8b9d-32e0fa311460" testId="b5b1e2b7-156e-476e-b4a1-0f5212a224bd" testName="Test6603" computerName="UA-LPT-OGA2" duration="00:00:01.7490000" startTime="2025-05-14T13:20:31.3146610Z" endTime="2025-05-14T13:25:31.3147553Z" testType="13cdc9d9-ddb5-4fa4-a97d-d965ccfc6d4b" outcome="Passed" testListId="e6d5d253-00bc-47ce-8609-476c9e247ec7" />
    <UnitTestResult executionId="1bd91da5-c94c-4268-ada7-f8c02e2d3bb6" testId="7169126c-b765-40ea-9a8c-b1921661c4cf" testName="Test6604" computerName="UA-LPT-OGA2" duration="00:00:01.7980000" startTime="2025-05-14T13:20:31.3146610Z" endTime="2025-05-14T13:25:31.3147553Z" testType="13cdc9d9-ddb5-4fa4-a97d-d965ccfc6d4b" outcome="Failed" testListId="e6d5d253-00bc-47ce-8609-476c9e247ec7">
      <Output>
        <ErrorInfo>
          <Message>Assertion failed: Expected value did not match actual value.</Message>
          <StackTrace>   at TestNamespace.TestClass.Test() in TestClass.cs:line 253</StackTrace>
        </ErrorInfo>
      </Output>
    </UnitTestResult>
    <UnitTestResult executionId="36ad6951-e637-41d8-87ae-229442aa9345" testId="213880cd-f46e-4583-a23a-2c6a2c0a29a0" testName="Test6605" computerName="UA-LPT-OGA2" duration="00:00:01.3540000" startTime="2025-05-14T13:20:31.3146610Z" endTime="2025-05-14T13:25:31.3147553Z" testType="13cdc9d9-ddb5-4fa4-a97d-d965ccfc6d4b" outcome="Failed" testListId="e6d5d253-00bc-47ce-8609-476c9e247ec7">
      <Output>
        <ErrorInfo>
          <Message>Assertion failed: Expected value did not match actual value.</Message>
          <StackTrace>   at TestNamespace.TestClass.Test() in TestClass.cs:line 250</StackTrace>
        </ErrorInfo>
      </Output>
    </UnitTestResult>
    <UnitTestResult executionId="d8206986-38a0-412c-9241-800bddbf7b3b" testId="2897c89b-876e-4baf-b242-018f7b7a7364" testName="Test6606" computerName="UA-LPT-OGA2" duration="00:00:01.1830000" startTime="2025-05-14T13:20:31.3146610Z" endTime="2025-05-14T13:25:31.3147553Z" testType="13cdc9d9-ddb5-4fa4-a97d-d965ccfc6d4b" outcome="Passed" testListId="e6d5d253-00bc-47ce-8609-476c9e247ec7" />
    <UnitTestResult executionId="91dea207-b2af-488c-bf9b-ee2109b6a2a1" testId="c3ab7a16-4a82-4ba1-bf69-05df2b5b8103" testName="Test6607" computerName="UA-LPT-OGA2" duration="00:00:01.4320000" startTime="2025-05-14T13:20:31.3146610Z" endTime="2025-05-14T13:25:31.3147553Z" testType="13cdc9d9-ddb5-4fa4-a97d-d965ccfc6d4b" outcome="Failed" testListId="e6d5d253-00bc-47ce-8609-476c9e247ec7">
      <Output>
        <ErrorInfo>
          <Message>Assertion failed: Expected value did not match actual value.</Message>
          <StackTrace>   at TestNamespace.TestClass.Test() in TestClass.cs:line 53</StackTrace>
        </ErrorInfo>
      </Output>
    </UnitTestResult>
    <UnitTestResult executionId="43ce0259-3f4c-478c-94e7-665fb35d2d95" testId="aa5dc75f-c46e-4042-98ac-f565c06b8479" testName="Test6608" computerName="UA-LPT-OGA2" duration="00:00:00.7380000" startTime="2025-05-14T13:20:31.3146610Z" endTime="2025-05-14T13:25:31.3147553Z" testType="13cdc9d9-ddb5-4fa4-a97d-d965ccfc6d4b" outcome="Passed" testListId="e6d5d253-00bc-47ce-8609-476c9e247ec7" />
    <UnitTestResult executionId="bae18466-0c31-4ae2-9f3a-c98d779b2bf9" testId="1a7b9ca3-2db7-4156-84bf-edaea1eba569" testName="Test6609" computerName="UA-LPT-OGA2" duration="00:00:00.8490000" startTime="2025-05-14T13:20:31.3146610Z" endTime="2025-05-14T13:25:31.3147553Z" testType="13cdc9d9-ddb5-4fa4-a97d-d965ccfc6d4b" outcome="Passed" testListId="e6d5d253-00bc-47ce-8609-476c9e247ec7" />
    <UnitTestResult executionId="17f89064-5b20-4596-927b-c0c4ac554fc2" testId="c337d471-2d7a-425f-bc5c-7a1e7ce583ce" testName="Test6610" computerName="UA-LPT-OGA2" duration="00:00:00.9980000" startTime="2025-05-14T13:20:31.3146610Z" endTime="2025-05-14T13:25:31.3147553Z" testType="13cdc9d9-ddb5-4fa4-a97d-d965ccfc6d4b" outcome="Passed" testListId="e6d5d253-00bc-47ce-8609-476c9e247ec7" />
    <UnitTestResult executionId="3602fb9c-c7d8-4129-8287-19a8b719e7c3" testId="96327b94-4e8a-4a12-b021-1f73f271b471" testName="Test6611" computerName="UA-LPT-OGA2" duration="00:00:00.5550000" startTime="2025-05-14T13:20:31.3146610Z" endTime="2025-05-14T13:25:31.3147553Z" testType="13cdc9d9-ddb5-4fa4-a97d-d965ccfc6d4b" outcome="Passed" testListId="e6d5d253-00bc-47ce-8609-476c9e247ec7" />
    <UnitTestResult executionId="76d1eff0-674c-420a-8474-bd2638f05f67" testId="1887625f-9080-4482-a970-4f456011acc7" testName="Test6612" computerName="UA-LPT-OGA2" duration="00:00:00.7200000" startTime="2025-05-14T13:20:31.3146610Z" endTime="2025-05-14T13:25:31.3147553Z" testType="13cdc9d9-ddb5-4fa4-a97d-d965ccfc6d4b" outcome="Passed" testListId="e6d5d253-00bc-47ce-8609-476c9e247ec7" />
    <UnitTestResult executionId="ded2f9e1-c9c3-4bde-9d05-6e08adf4a05e" testId="479e4383-fc6e-48c2-a2ac-4a8b71854f73" testName="Test6613" computerName="UA-LPT-OGA2" duration="00:00:00.8100000" startTime="2025-05-14T13:20:31.3146610Z" endTime="2025-05-14T13:25:31.3147553Z" testType="13cdc9d9-ddb5-4fa4-a97d-d965ccfc6d4b" outcome="Passed" testListId="e6d5d253-00bc-47ce-8609-476c9e247ec7" />
    <UnitTestResult executionId="8c56ced9-68b2-4f60-9c95-162169421f0c" testId="091472c4-b89b-4cc2-9983-f65ac48cd081" testName="Test6614" computerName="UA-LPT-OGA2" duration="00:00:00.3160000" startTime="2025-05-14T13:20:31.3146610Z" endTime="2025-05-14T13:25:31.3147553Z" testType="13cdc9d9-ddb5-4fa4-a97d-d965ccfc6d4b" outcome="Passed" testListId="e6d5d253-00bc-47ce-8609-476c9e247ec7" />
    <UnitTestResult executionId="14438d30-2eec-4039-a473-8a54048a518d" testId="2fc34179-0515-453f-af33-3eca834ce98e" testName="Test6615" computerName="UA-LPT-OGA2" duration="00:00:01.8700000" startTime="2025-05-14T13:20:31.3146610Z" endTime="2025-05-14T13:25:31.3147553Z" testType="13cdc9d9-ddb5-4fa4-a97d-d965ccfc6d4b" outcome="Passed" testListId="e6d5d253-00bc-47ce-8609-476c9e247ec7" />
    <UnitTestResult executionId="37f2df27-ccf8-46ad-aae4-bec49c17dc45" testId="232f73e9-9a3e-4c7c-a7db-38891f5962ac" testName="Test6616" computerName="UA-LPT-OGA2" duration="00:00:01.6730000" startTime="2025-05-14T13:20:31.3146610Z" endTime="2025-05-14T13:25:31.3147553Z" testType="13cdc9d9-ddb5-4fa4-a97d-d965ccfc6d4b" outcome="Failed" testListId="e6d5d253-00bc-47ce-8609-476c9e247ec7">
      <Output>
        <ErrorInfo>
          <Message>Assertion failed: Expected value did not match actual value.</Message>
          <StackTrace>   at TestNamespace.TestClass.Test() in TestClass.cs:line 350</StackTrace>
        </ErrorInfo>
      </Output>
    </UnitTestResult>
    <UnitTestResult executionId="99aa96de-477f-47a9-9103-a38e2611fc5d" testId="f36c6868-1242-406c-94c2-ed5afc273767" testName="Test6617" computerName="UA-LPT-OGA2" duration="00:00:00.6370000" startTime="2025-05-14T13:20:31.3146610Z" endTime="2025-05-14T13:25:31.3147553Z" testType="13cdc9d9-ddb5-4fa4-a97d-d965ccfc6d4b" outcome="Passed" testListId="e6d5d253-00bc-47ce-8609-476c9e247ec7" />
    <UnitTestResult executionId="75a89831-a1db-4615-9e60-1c8c29c71b30" testId="176a14a1-7ccf-426a-96ec-00c6009c97db" testName="Test6618" computerName="UA-LPT-OGA2" duration="00:00:00.3470000" startTime="2025-05-14T13:20:31.3146610Z" endTime="2025-05-14T13:25:31.3147553Z" testType="13cdc9d9-ddb5-4fa4-a97d-d965ccfc6d4b" outcome="Passed" testListId="e6d5d253-00bc-47ce-8609-476c9e247ec7" />
    <UnitTestResult executionId="bff29382-9fdc-4b01-8b18-80313d835c35" testId="d7f01a0a-0b28-4249-b3ec-bf4fc2d7b4fd" testName="Test6619" computerName="UA-LPT-OGA2" duration="00:00:00.4780000" startTime="2025-05-14T13:20:31.3146610Z" endTime="2025-05-14T13:25:31.3147553Z" testType="13cdc9d9-ddb5-4fa4-a97d-d965ccfc6d4b" outcome="Passed" testListId="e6d5d253-00bc-47ce-8609-476c9e247ec7" />
    <UnitTestResult executionId="78159d59-6d89-45b2-8b87-aeba44f7a8ff" testId="ad1a60cb-08d7-4285-8a13-5982cb33ad15" testName="Test6620" computerName="UA-LPT-OGA2" duration="00:00:01.4000000" startTime="2025-05-14T13:20:31.3146610Z" endTime="2025-05-14T13:25:31.3147553Z" testType="13cdc9d9-ddb5-4fa4-a97d-d965ccfc6d4b" outcome="Passed" testListId="e6d5d253-00bc-47ce-8609-476c9e247ec7" />
    <UnitTestResult executionId="c8d24433-e9ed-42a6-8fbd-4fe98012e2e4" testId="e042207e-2022-410b-afc4-5a6cf3c2e9bb" testName="Test6621" computerName="UA-LPT-OGA2" duration="00:00:00.4440000" startTime="2025-05-14T13:20:31.3146610Z" endTime="2025-05-14T13:25:31.3147553Z" testType="13cdc9d9-ddb5-4fa4-a97d-d965ccfc6d4b" outcome="Passed" testListId="e6d5d253-00bc-47ce-8609-476c9e247ec7" />
    <UnitTestResult executionId="c9414215-41c8-4761-bdf9-ac7aef7a6946" testId="1f82db91-5e25-4a1a-b93c-c6514a99ac15" testName="Test6622" computerName="UA-LPT-OGA2" duration="00:00:00.7320000" startTime="2025-05-14T13:20:31.3146610Z" endTime="2025-05-14T13:25:31.3147553Z" testType="13cdc9d9-ddb5-4fa4-a97d-d965ccfc6d4b" outcome="Passed" testListId="e6d5d253-00bc-47ce-8609-476c9e247ec7" />
    <UnitTestResult executionId="cc688b81-3b1a-4c41-a500-868e64f6d271" testId="3bfcf59f-767a-4bba-9b7e-9adefdcc4efe" testName="Test6623" computerName="UA-LPT-OGA2" duration="00:00:01.3590000" startTime="2025-05-14T13:20:31.3146610Z" endTime="2025-05-14T13:25:31.3147553Z" testType="13cdc9d9-ddb5-4fa4-a97d-d965ccfc6d4b" outcome="Passed" testListId="e6d5d253-00bc-47ce-8609-476c9e247ec7" />
    <UnitTestResult executionId="404173ad-bacd-4a9e-b898-a06caca72377" testId="9ca0c3f5-3604-406d-9322-d85ae7b97900" testName="Test6624" computerName="UA-LPT-OGA2" duration="00:00:00.4350000" startTime="2025-05-14T13:20:31.3146610Z" endTime="2025-05-14T13:25:31.3147553Z" testType="13cdc9d9-ddb5-4fa4-a97d-d965ccfc6d4b" outcome="Failed" testListId="e6d5d253-00bc-47ce-8609-476c9e247ec7">
      <Output>
        <ErrorInfo>
          <Message>Assertion failed: Expected value did not match actual value.</Message>
          <StackTrace>   at TestNamespace.TestClass.Test() in TestClass.cs:line 185</StackTrace>
        </ErrorInfo>
      </Output>
    </UnitTestResult>
    <UnitTestResult executionId="39e3ddb2-59b0-4cb7-a1fe-86d952fc03f4" testId="aa89ffe9-7ebd-4e60-9f30-568e93fa1005" testName="Test6625" computerName="UA-LPT-OGA2" duration="00:00:01.9300000" startTime="2025-05-14T13:20:31.3146610Z" endTime="2025-05-14T13:25:31.3147553Z" testType="13cdc9d9-ddb5-4fa4-a97d-d965ccfc6d4b" outcome="Passed" testListId="e6d5d253-00bc-47ce-8609-476c9e247ec7" />
    <UnitTestResult executionId="23686d72-d083-4e23-bfda-1583cf1ba4b4" testId="72e87672-6460-4026-83b4-f1127d9fb6d9" testName="Test6626" computerName="UA-LPT-OGA2" duration="00:00:01.6350000" startTime="2025-05-14T13:20:31.3146610Z" endTime="2025-05-14T13:25:31.3147553Z" testType="13cdc9d9-ddb5-4fa4-a97d-d965ccfc6d4b" outcome="Passed" testListId="e6d5d253-00bc-47ce-8609-476c9e247ec7" />
    <UnitTestResult executionId="96bd6d47-4452-4c31-b919-dcd34f3009ff" testId="7186f655-a927-4623-a55e-48b95bf75fc6" testName="Test6627" computerName="UA-LPT-OGA2" duration="00:00:01.9390000" startTime="2025-05-14T13:20:31.3146610Z" endTime="2025-05-14T13:25:31.3147553Z" testType="13cdc9d9-ddb5-4fa4-a97d-d965ccfc6d4b" outcome="Passed" testListId="e6d5d253-00bc-47ce-8609-476c9e247ec7" />
    <UnitTestResult executionId="4249ed12-d43e-4666-acb6-954b2a29e953" testId="4ec82aa2-edba-419a-ace8-911aef1d8e74" testName="Test6628" computerName="UA-LPT-OGA2" duration="00:00:00.9970000" startTime="2025-05-14T13:20:31.3146610Z" endTime="2025-05-14T13:25:31.3147553Z" testType="13cdc9d9-ddb5-4fa4-a97d-d965ccfc6d4b" outcome="Passed" testListId="e6d5d253-00bc-47ce-8609-476c9e247ec7" />
    <UnitTestResult executionId="dc5128ba-093b-45bc-addb-66025ea47b40" testId="ca1ab4b0-6f92-482b-bc64-99f5b0deb7bc" testName="Test6629" computerName="UA-LPT-OGA2" duration="00:00:00.6620000" startTime="2025-05-14T13:20:31.3146610Z" endTime="2025-05-14T13:25:31.3147553Z" testType="13cdc9d9-ddb5-4fa4-a97d-d965ccfc6d4b" outcome="Passed" testListId="e6d5d253-00bc-47ce-8609-476c9e247ec7" />
    <UnitTestResult executionId="1fc4cb23-e50f-483e-93ff-d0c8b16b34ba" testId="f4c2b2d7-c931-415e-8190-bad357007046" testName="Test6630" computerName="UA-LPT-OGA2" duration="00:00:00.8810000" startTime="2025-05-14T13:20:31.3146610Z" endTime="2025-05-14T13:25:31.3147553Z" testType="13cdc9d9-ddb5-4fa4-a97d-d965ccfc6d4b" outcome="Passed" testListId="e6d5d253-00bc-47ce-8609-476c9e247ec7" />
    <UnitTestResult executionId="3ab3272d-b59b-4872-90e7-39e38b914d90" testId="3a45eeeb-adab-4f4f-a102-f1b120665920" testName="Test6631" computerName="UA-LPT-OGA2" duration="00:00:01.4060000" startTime="2025-05-14T13:20:31.3146610Z" endTime="2025-05-14T13:25:31.3147553Z" testType="13cdc9d9-ddb5-4fa4-a97d-d965ccfc6d4b" outcome="Passed" testListId="e6d5d253-00bc-47ce-8609-476c9e247ec7" />
    <UnitTestResult executionId="ee13c9a3-529b-468c-9457-fe6731037f12" testId="833fcbce-6be8-4453-a6d0-1e0d3a0aa4c2" testName="Test6632" computerName="UA-LPT-OGA2" duration="00:00:01.7980000" startTime="2025-05-14T13:20:31.3146610Z" endTime="2025-05-14T13:25:31.3147553Z" testType="13cdc9d9-ddb5-4fa4-a97d-d965ccfc6d4b" outcome="Passed" testListId="e6d5d253-00bc-47ce-8609-476c9e247ec7" />
    <UnitTestResult executionId="40ef4a11-6113-4636-a6f8-7456e9ff2f16" testId="03ec92ac-b697-4cde-8fc3-ef61b15e91c1" testName="Test6633" computerName="UA-LPT-OGA2" duration="00:00:01.8780000" startTime="2025-05-14T13:20:31.3146610Z" endTime="2025-05-14T13:25:31.3147553Z" testType="13cdc9d9-ddb5-4fa4-a97d-d965ccfc6d4b" outcome="Passed" testListId="e6d5d253-00bc-47ce-8609-476c9e247ec7" />
    <UnitTestResult executionId="b636dcae-d66b-4c37-b2a5-c2a23d016c85" testId="f43bbcd6-cf63-4118-86c6-2b1d50a27eb2" testName="Test6634" computerName="UA-LPT-OGA2" duration="00:00:01.9800000" startTime="2025-05-14T13:20:31.3146610Z" endTime="2025-05-14T13:25:31.3147553Z" testType="13cdc9d9-ddb5-4fa4-a97d-d965ccfc6d4b" outcome="Passed" testListId="e6d5d253-00bc-47ce-8609-476c9e247ec7" />
    <UnitTestResult executionId="9ce3acc1-d500-4506-bed5-1ec8a5e49dea" testId="83240044-63c5-4212-92d9-bb1c2098b098" testName="Test6635" computerName="UA-LPT-OGA2" duration="00:00:01.9080000" startTime="2025-05-14T13:20:31.3146610Z" endTime="2025-05-14T13:25:31.3147553Z" testType="13cdc9d9-ddb5-4fa4-a97d-d965ccfc6d4b" outcome="Failed" testListId="e6d5d253-00bc-47ce-8609-476c9e247ec7">
      <Output>
        <ErrorInfo>
          <Message>Assertion failed: Expected value did not match actual value.</Message>
          <StackTrace>   at TestNamespace.TestClass.Test() in TestClass.cs:line 476</StackTrace>
        </ErrorInfo>
      </Output>
    </UnitTestResult>
    <UnitTestResult executionId="0008861d-c358-4d73-aa47-9888f9cb31c2" testId="adf46350-26a8-4ac2-919e-453b3d600272" testName="Test6636" computerName="UA-LPT-OGA2" duration="00:00:01.2620000" startTime="2025-05-14T13:20:31.3146610Z" endTime="2025-05-14T13:25:31.3147553Z" testType="13cdc9d9-ddb5-4fa4-a97d-d965ccfc6d4b" outcome="Passed" testListId="e6d5d253-00bc-47ce-8609-476c9e247ec7" />
    <UnitTestResult executionId="79663792-68d5-4190-a4a5-1ab1927ae8ab" testId="2397c6fd-39d4-435f-b4c7-7e5fa6a063ba" testName="Test6637" computerName="UA-LPT-OGA2" duration="00:00:01.6150000" startTime="2025-05-14T13:20:31.3146610Z" endTime="2025-05-14T13:25:31.3147553Z" testType="13cdc9d9-ddb5-4fa4-a97d-d965ccfc6d4b" outcome="Failed" testListId="e6d5d253-00bc-47ce-8609-476c9e247ec7">
      <Output>
        <ErrorInfo>
          <Message>Assertion failed: Expected value did not match actual value.</Message>
          <StackTrace>   at TestNamespace.TestClass.Test() in TestClass.cs:line 497</StackTrace>
        </ErrorInfo>
      </Output>
    </UnitTestResult>
    <UnitTestResult executionId="60d92539-06da-4620-8d19-67e60b3d1592" testId="21b75e1a-d392-494d-a749-b403f59ee668" testName="Test6638" computerName="UA-LPT-OGA2" duration="00:00:00.3420000" startTime="2025-05-14T13:20:31.3146610Z" endTime="2025-05-14T13:25:31.3147553Z" testType="13cdc9d9-ddb5-4fa4-a97d-d965ccfc6d4b" outcome="Failed" testListId="e6d5d253-00bc-47ce-8609-476c9e247ec7">
      <Output>
        <ErrorInfo>
          <Message>Assertion failed: Expected value did not match actual value.</Message>
          <StackTrace>   at TestNamespace.TestClass.Test() in TestClass.cs:line 479</StackTrace>
        </ErrorInfo>
      </Output>
    </UnitTestResult>
    <UnitTestResult executionId="67a128e2-0733-43d0-ab55-6f50c04d63f1" testId="4d259520-d14a-49f5-abc7-5b72847f9a52" testName="Test6639" computerName="UA-LPT-OGA2" duration="00:00:01.3090000" startTime="2025-05-14T13:20:31.3146610Z" endTime="2025-05-14T13:25:31.3147553Z" testType="13cdc9d9-ddb5-4fa4-a97d-d965ccfc6d4b" outcome="Passed" testListId="e6d5d253-00bc-47ce-8609-476c9e247ec7" />
    <UnitTestResult executionId="9c4fbd98-45b3-42ef-86c0-50ba20139764" testId="1445bf29-3389-4942-a448-a660e504929f" testName="Test6640" computerName="UA-LPT-OGA2" duration="00:00:00.1350000" startTime="2025-05-14T13:20:31.3146610Z" endTime="2025-05-14T13:25:31.3147553Z" testType="13cdc9d9-ddb5-4fa4-a97d-d965ccfc6d4b" outcome="Passed" testListId="e6d5d253-00bc-47ce-8609-476c9e247ec7" />
    <UnitTestResult executionId="e1ca7212-1f3d-4ece-991c-2e95f5130d75" testId="3eed0c3c-d431-41e1-aeb1-884b55c68d00" testName="Test6641" computerName="UA-LPT-OGA2" duration="00:00:01.9950000" startTime="2025-05-14T13:20:31.3146610Z" endTime="2025-05-14T13:25:31.3147553Z" testType="13cdc9d9-ddb5-4fa4-a97d-d965ccfc6d4b" outcome="Passed" testListId="e6d5d253-00bc-47ce-8609-476c9e247ec7" />
    <UnitTestResult executionId="643b5741-c602-41ea-b768-f6d003688809" testId="b4e448b4-95cd-49ea-81c8-7b563d58a1ac" testName="Test6642" computerName="UA-LPT-OGA2" duration="00:00:01.4120000" startTime="2025-05-14T13:20:31.3146610Z" endTime="2025-05-14T13:25:31.3147553Z" testType="13cdc9d9-ddb5-4fa4-a97d-d965ccfc6d4b" outcome="Passed" testListId="e6d5d253-00bc-47ce-8609-476c9e247ec7" />
    <UnitTestResult executionId="7cc1f1ae-7c92-4d38-b36e-6e9b55de8327" testId="676f400b-a8e9-40cb-a6c0-411bd0344cd5" testName="Test6643" computerName="UA-LPT-OGA2" duration="00:00:01.3650000" startTime="2025-05-14T13:20:31.3146610Z" endTime="2025-05-14T13:25:31.3147553Z" testType="13cdc9d9-ddb5-4fa4-a97d-d965ccfc6d4b" outcome="Failed" testListId="e6d5d253-00bc-47ce-8609-476c9e247ec7">
      <Output>
        <ErrorInfo>
          <Message>Assertion failed: Expected value did not match actual value.</Message>
          <StackTrace>   at TestNamespace.TestClass.Test() in TestClass.cs:line 278</StackTrace>
        </ErrorInfo>
      </Output>
    </UnitTestResult>
    <UnitTestResult executionId="a77c8ec5-5911-4f86-b529-65c5a9d09f03" testId="31a528c3-a174-4275-86f9-ef6826e94852" testName="Test6644" computerName="UA-LPT-OGA2" duration="00:00:00.5940000" startTime="2025-05-14T13:20:31.3146610Z" endTime="2025-05-14T13:25:31.3147553Z" testType="13cdc9d9-ddb5-4fa4-a97d-d965ccfc6d4b" outcome="Passed" testListId="e6d5d253-00bc-47ce-8609-476c9e247ec7" />
    <UnitTestResult executionId="79b28e0b-8408-4d9e-bf34-a107925f016a" testId="c62ef964-6543-4299-a8e8-2546a7ed8868" testName="Test6645" computerName="UA-LPT-OGA2" duration="00:00:00.7780000" startTime="2025-05-14T13:20:31.3146610Z" endTime="2025-05-14T13:25:31.3147553Z" testType="13cdc9d9-ddb5-4fa4-a97d-d965ccfc6d4b" outcome="Passed" testListId="e6d5d253-00bc-47ce-8609-476c9e247ec7" />
    <UnitTestResult executionId="5fb53d9b-ab7e-489b-b648-813321b69024" testId="c008b5c4-cf68-49c3-83b4-fa7dfd11d1f4" testName="Test6646" computerName="UA-LPT-OGA2" duration="00:00:01.0050000" startTime="2025-05-14T13:20:31.3146610Z" endTime="2025-05-14T13:25:31.3147553Z" testType="13cdc9d9-ddb5-4fa4-a97d-d965ccfc6d4b" outcome="Passed" testListId="e6d5d253-00bc-47ce-8609-476c9e247ec7" />
    <UnitTestResult executionId="9cfc58a1-75a6-4814-a26f-5069a095e325" testId="68b0f474-efd5-4548-a099-abed2624ffdb" testName="Test6647" computerName="UA-LPT-OGA2" duration="00:00:00.3810000" startTime="2025-05-14T13:20:31.3146610Z" endTime="2025-05-14T13:25:31.3147553Z" testType="13cdc9d9-ddb5-4fa4-a97d-d965ccfc6d4b" outcome="Passed" testListId="e6d5d253-00bc-47ce-8609-476c9e247ec7" />
    <UnitTestResult executionId="668cd221-3f16-45ab-b1d6-dae01276b69b" testId="eeb6c648-e98d-4882-9a4b-0eb7c6ba715d" testName="Test6648" computerName="UA-LPT-OGA2" duration="00:00:00.6750000" startTime="2025-05-14T13:20:31.3146610Z" endTime="2025-05-14T13:25:31.3147553Z" testType="13cdc9d9-ddb5-4fa4-a97d-d965ccfc6d4b" outcome="Passed" testListId="e6d5d253-00bc-47ce-8609-476c9e247ec7" />
    <UnitTestResult executionId="9c3b7c51-c53f-42c9-bb6b-83ac36228672" testId="973c2184-469d-46ae-bc2d-8d9b16572911" testName="Test6649" computerName="UA-LPT-OGA2" duration="00:00:01.5350000" startTime="2025-05-14T13:20:31.3146610Z" endTime="2025-05-14T13:25:31.3147553Z" testType="13cdc9d9-ddb5-4fa4-a97d-d965ccfc6d4b" outcome="Passed" testListId="e6d5d253-00bc-47ce-8609-476c9e247ec7" />
    <UnitTestResult executionId="e62c47b4-c50b-4922-b53b-5a1fc1a070be" testId="a78528cb-ad78-4d8b-8d3b-1574b759709c" testName="Test6650" computerName="UA-LPT-OGA2" duration="00:00:01.5850000" startTime="2025-05-14T13:20:31.3146610Z" endTime="2025-05-14T13:25:31.3147553Z" testType="13cdc9d9-ddb5-4fa4-a97d-d965ccfc6d4b" outcome="Passed" testListId="e6d5d253-00bc-47ce-8609-476c9e247ec7" />
    <UnitTestResult executionId="8d405bc3-f175-4f5c-9e83-448aff84e9cd" testId="a7dcb08f-f024-438e-932e-fe4cb1c4b733" testName="Test6651" computerName="UA-LPT-OGA2" duration="00:00:01.3270000" startTime="2025-05-14T13:20:31.3146610Z" endTime="2025-05-14T13:25:31.3147553Z" testType="13cdc9d9-ddb5-4fa4-a97d-d965ccfc6d4b" outcome="Failed" testListId="e6d5d253-00bc-47ce-8609-476c9e247ec7">
      <Output>
        <ErrorInfo>
          <Message>Assertion failed: Expected value did not match actual value.</Message>
          <StackTrace>   at TestNamespace.TestClass.Test() in TestClass.cs:line 328</StackTrace>
        </ErrorInfo>
      </Output>
    </UnitTestResult>
    <UnitTestResult executionId="dde2ebcd-a7b2-4df0-a378-fd4168178041" testId="850d77df-741c-47d8-bfeb-d938e9b1b5db" testName="Test6652" computerName="UA-LPT-OGA2" duration="00:00:00.1380000" startTime="2025-05-14T13:20:31.3146610Z" endTime="2025-05-14T13:25:31.3147553Z" testType="13cdc9d9-ddb5-4fa4-a97d-d965ccfc6d4b" outcome="Passed" testListId="e6d5d253-00bc-47ce-8609-476c9e247ec7" />
    <UnitTestResult executionId="5ecb0c66-9cbb-4cff-9d0c-4537c8cecf8a" testId="00ffbcc5-eba1-4faa-8cf6-2f93055178c6" testName="Test6653" computerName="UA-LPT-OGA2" duration="00:00:01.6930000" startTime="2025-05-14T13:20:31.3146610Z" endTime="2025-05-14T13:25:31.3147553Z" testType="13cdc9d9-ddb5-4fa4-a97d-d965ccfc6d4b" outcome="Passed" testListId="e6d5d253-00bc-47ce-8609-476c9e247ec7" />
    <UnitTestResult executionId="3d2d6b47-a13f-4df9-8dd6-b0de6620dbf9" testId="0dda0239-1e8e-41fd-bc90-731212f862fe" testName="Test6654" computerName="UA-LPT-OGA2" duration="00:00:01.4040000" startTime="2025-05-14T13:20:31.3146610Z" endTime="2025-05-14T13:25:31.3147553Z" testType="13cdc9d9-ddb5-4fa4-a97d-d965ccfc6d4b" outcome="Passed" testListId="e6d5d253-00bc-47ce-8609-476c9e247ec7" />
    <UnitTestResult executionId="61c60536-f2c8-4a38-abd9-130b5e6b2626" testId="d55fe02c-d3b0-430c-966a-9f50e6f2de47" testName="Test6655" computerName="UA-LPT-OGA2" duration="00:00:01.0160000" startTime="2025-05-14T13:20:31.3146610Z" endTime="2025-05-14T13:25:31.3147553Z" testType="13cdc9d9-ddb5-4fa4-a97d-d965ccfc6d4b" outcome="Passed" testListId="e6d5d253-00bc-47ce-8609-476c9e247ec7" />
    <UnitTestResult executionId="4e5f8ed2-61a7-4bf6-974b-11d32b4142e2" testId="cddce98c-5ed8-43b9-8c3b-2149710a2749" testName="Test6656" computerName="UA-LPT-OGA2" duration="00:00:00.8350000" startTime="2025-05-14T13:20:31.3146610Z" endTime="2025-05-14T13:25:31.3147553Z" testType="13cdc9d9-ddb5-4fa4-a97d-d965ccfc6d4b" outcome="Passed" testListId="e6d5d253-00bc-47ce-8609-476c9e247ec7" />
    <UnitTestResult executionId="63194721-7a21-4853-b419-5174426e311e" testId="54fc57f1-0616-4b71-831c-439fd534113b" testName="Test6657" computerName="UA-LPT-OGA2" duration="00:00:01.2060000" startTime="2025-05-14T13:20:31.3146610Z" endTime="2025-05-14T13:25:31.3147553Z" testType="13cdc9d9-ddb5-4fa4-a97d-d965ccfc6d4b" outcome="Passed" testListId="e6d5d253-00bc-47ce-8609-476c9e247ec7" />
    <UnitTestResult executionId="ad2d0e6c-55e8-4420-adef-e8bc69bbd072" testId="140320bd-9f50-4a75-a63b-4b4b8991f0f6" testName="Test6658" computerName="UA-LPT-OGA2" duration="00:00:01.4530000" startTime="2025-05-14T13:20:31.3146610Z" endTime="2025-05-14T13:25:31.3147553Z" testType="13cdc9d9-ddb5-4fa4-a97d-d965ccfc6d4b" outcome="Passed" testListId="e6d5d253-00bc-47ce-8609-476c9e247ec7" />
    <UnitTestResult executionId="740f751b-ae7b-4c23-82b5-aef1f2a5f3a1" testId="d2387eba-673b-4977-aa3b-06d4dae6efb5" testName="Test6659" computerName="UA-LPT-OGA2" duration="00:00:01.4120000" startTime="2025-05-14T13:20:31.3146610Z" endTime="2025-05-14T13:25:31.3147553Z" testType="13cdc9d9-ddb5-4fa4-a97d-d965ccfc6d4b" outcome="Passed" testListId="e6d5d253-00bc-47ce-8609-476c9e247ec7" />
    <UnitTestResult executionId="ff31dca2-4334-4815-8e08-d3529d2c147a" testId="563480ec-d509-4c1c-8ddb-d16c7a083768" testName="Test6660" computerName="UA-LPT-OGA2" duration="00:00:01.5320000" startTime="2025-05-14T13:20:31.3146610Z" endTime="2025-05-14T13:25:31.3147553Z" testType="13cdc9d9-ddb5-4fa4-a97d-d965ccfc6d4b" outcome="Passed" testListId="e6d5d253-00bc-47ce-8609-476c9e247ec7" />
    <UnitTestResult executionId="cca7d888-5365-4f26-890e-7ac3f09e996f" testId="cdc9b26f-9db0-4bd9-a19c-af9d98d8c90c" testName="Test6661" computerName="UA-LPT-OGA2" duration="00:00:00.4660000" startTime="2025-05-14T13:20:31.3146610Z" endTime="2025-05-14T13:25:31.3147553Z" testType="13cdc9d9-ddb5-4fa4-a97d-d965ccfc6d4b" outcome="Passed" testListId="e6d5d253-00bc-47ce-8609-476c9e247ec7" />
    <UnitTestResult executionId="717e15bb-8e61-48fb-9865-3216b2e652cb" testId="ab0a3fd7-484b-4143-9ad3-50f70fabcf38" testName="Test6662" computerName="UA-LPT-OGA2" duration="00:00:00.3220000" startTime="2025-05-14T13:20:31.3146610Z" endTime="2025-05-14T13:25:31.3147553Z" testType="13cdc9d9-ddb5-4fa4-a97d-d965ccfc6d4b" outcome="Passed" testListId="e6d5d253-00bc-47ce-8609-476c9e247ec7" />
    <UnitTestResult executionId="95f0ad74-4cfa-497e-80ba-4b35ac5ce6de" testId="13e287c9-6545-4b31-a433-884b9ba9ff0e" testName="Test6663" computerName="UA-LPT-OGA2" duration="00:00:00.9380000" startTime="2025-05-14T13:20:31.3146610Z" endTime="2025-05-14T13:25:31.3147553Z" testType="13cdc9d9-ddb5-4fa4-a97d-d965ccfc6d4b" outcome="Passed" testListId="e6d5d253-00bc-47ce-8609-476c9e247ec7" />
    <UnitTestResult executionId="5e7cc2ac-4aac-499f-9658-984e8d4fc58f" testId="92ef84c7-d389-4ede-89c9-5d530e0661bb" testName="Test6664" computerName="UA-LPT-OGA2" duration="00:00:00.8590000" startTime="2025-05-14T13:20:31.3146610Z" endTime="2025-05-14T13:25:31.3147553Z" testType="13cdc9d9-ddb5-4fa4-a97d-d965ccfc6d4b" outcome="Passed" testListId="e6d5d253-00bc-47ce-8609-476c9e247ec7" />
    <UnitTestResult executionId="672196b0-ba70-4768-a1b3-f336d5061bc8" testId="4209abf2-73a2-422b-a9ab-1246c3618f0e" testName="Test6665" computerName="UA-LPT-OGA2" duration="00:00:01.1500000" startTime="2025-05-14T13:20:31.3146610Z" endTime="2025-05-14T13:25:31.3147553Z" testType="13cdc9d9-ddb5-4fa4-a97d-d965ccfc6d4b" outcome="Passed" testListId="e6d5d253-00bc-47ce-8609-476c9e247ec7" />
    <UnitTestResult executionId="88c720dc-700f-4315-a2f8-a1d32c6153ea" testId="fead700e-db52-4613-81dd-b3b50685f4e6" testName="Test6666" computerName="UA-LPT-OGA2" duration="00:00:01.4070000" startTime="2025-05-14T13:20:31.3146610Z" endTime="2025-05-14T13:25:31.3147553Z" testType="13cdc9d9-ddb5-4fa4-a97d-d965ccfc6d4b" outcome="Passed" testListId="e6d5d253-00bc-47ce-8609-476c9e247ec7" />
    <UnitTestResult executionId="cba26073-8591-4fbb-b59d-d142bd424b5e" testId="38b3d5af-efc3-4fcb-91b8-1b633fdfa2a6" testName="Test6667" computerName="UA-LPT-OGA2" duration="00:00:01.6690000" startTime="2025-05-14T13:20:31.3146610Z" endTime="2025-05-14T13:25:31.3147553Z" testType="13cdc9d9-ddb5-4fa4-a97d-d965ccfc6d4b" outcome="Passed" testListId="e6d5d253-00bc-47ce-8609-476c9e247ec7" />
    <UnitTestResult executionId="f6c1a02c-1ac1-49d3-8a51-cf6bc5f29f7e" testId="83e90ddb-f740-44b5-8933-74b35df1fb36" testName="Test6668" computerName="UA-LPT-OGA2" duration="00:00:01.2980000" startTime="2025-05-14T13:20:31.3146610Z" endTime="2025-05-14T13:25:31.3147553Z" testType="13cdc9d9-ddb5-4fa4-a97d-d965ccfc6d4b" outcome="Passed" testListId="e6d5d253-00bc-47ce-8609-476c9e247ec7" />
    <UnitTestResult executionId="0ce5a8a9-9e4b-4569-872e-3e890439a207" testId="b9c1f18e-061c-40b8-9e18-724bbdebe06e" testName="Test6669" computerName="UA-LPT-OGA2" duration="00:00:00.8620000" startTime="2025-05-14T13:20:31.3146610Z" endTime="2025-05-14T13:25:31.3147553Z" testType="13cdc9d9-ddb5-4fa4-a97d-d965ccfc6d4b" outcome="Passed" testListId="e6d5d253-00bc-47ce-8609-476c9e247ec7" />
    <UnitTestResult executionId="2a63c314-e529-4059-8973-be25eb61b5c7" testId="1a1df1ca-1e23-4e66-9cf2-d346ccf0bbe8" testName="Test6670" computerName="UA-LPT-OGA2" duration="00:00:01.9630000" startTime="2025-05-14T13:20:31.3146610Z" endTime="2025-05-14T13:25:31.3147553Z" testType="13cdc9d9-ddb5-4fa4-a97d-d965ccfc6d4b" outcome="Passed" testListId="e6d5d253-00bc-47ce-8609-476c9e247ec7" />
    <UnitTestResult executionId="242e9a6d-387a-4169-a1c8-d11a817d34cc" testId="830288cc-2fc9-4abf-9f3e-b67a2ab1139c" testName="Test6671" computerName="UA-LPT-OGA2" duration="00:00:00.3580000" startTime="2025-05-14T13:20:31.3146610Z" endTime="2025-05-14T13:25:31.3147553Z" testType="13cdc9d9-ddb5-4fa4-a97d-d965ccfc6d4b" outcome="Passed" testListId="e6d5d253-00bc-47ce-8609-476c9e247ec7" />
    <UnitTestResult executionId="71ab55a7-3fda-4c61-afef-cfe294ecda96" testId="b4c35e76-aaff-4295-879c-67298fed8ab3" testName="Test6672" computerName="UA-LPT-OGA2" duration="00:00:01.6100000" startTime="2025-05-14T13:20:31.3146610Z" endTime="2025-05-14T13:25:31.3147553Z" testType="13cdc9d9-ddb5-4fa4-a97d-d965ccfc6d4b" outcome="Passed" testListId="e6d5d253-00bc-47ce-8609-476c9e247ec7" />
    <UnitTestResult executionId="42025f91-8d06-40bf-9ca9-98219dcaa709" testId="9c187e53-d7fc-44ad-87b3-6c2d141ef44d" testName="Test6673" computerName="UA-LPT-OGA2" duration="00:00:00.6700000" startTime="2025-05-14T13:20:31.3146610Z" endTime="2025-05-14T13:25:31.3147553Z" testType="13cdc9d9-ddb5-4fa4-a97d-d965ccfc6d4b" outcome="Failed" testListId="e6d5d253-00bc-47ce-8609-476c9e247ec7">
      <Output>
        <ErrorInfo>
          <Message>Assertion failed: Expected value did not match actual value.</Message>
          <StackTrace>   at TestNamespace.TestClass.Test() in TestClass.cs:line 283</StackTrace>
        </ErrorInfo>
      </Output>
    </UnitTestResult>
    <UnitTestResult executionId="fbe2d738-88c8-40fb-a23e-87ce753edaf8" testId="5cde4048-e50f-4249-ac83-478a06f69eb0" testName="Test6674" computerName="UA-LPT-OGA2" duration="00:00:01.7230000" startTime="2025-05-14T13:20:31.3146610Z" endTime="2025-05-14T13:25:31.3147553Z" testType="13cdc9d9-ddb5-4fa4-a97d-d965ccfc6d4b" outcome="Passed" testListId="e6d5d253-00bc-47ce-8609-476c9e247ec7" />
    <UnitTestResult executionId="8bb4d8a7-3707-4389-ae97-46f574906e0a" testId="6a41d05e-0799-4fbb-a2ce-7dc91b3926d7" testName="Test6675" computerName="UA-LPT-OGA2" duration="00:00:01.0190000" startTime="2025-05-14T13:20:31.3146610Z" endTime="2025-05-14T13:25:31.3147553Z" testType="13cdc9d9-ddb5-4fa4-a97d-d965ccfc6d4b" outcome="Passed" testListId="e6d5d253-00bc-47ce-8609-476c9e247ec7" />
    <UnitTestResult executionId="8f4f3bcf-2207-4f3e-994d-792c376eb2dc" testId="30f4fc5e-ea29-4a48-bc4e-3a7b6e101181" testName="Test6676" computerName="UA-LPT-OGA2" duration="00:00:00.0260000" startTime="2025-05-14T13:20:31.3146610Z" endTime="2025-05-14T13:25:31.3147553Z" testType="13cdc9d9-ddb5-4fa4-a97d-d965ccfc6d4b" outcome="Passed" testListId="e6d5d253-00bc-47ce-8609-476c9e247ec7" />
    <UnitTestResult executionId="d711d8db-fb98-4405-bafa-0349bf23f676" testId="fbfc3f0b-a827-4a35-8e72-264b38a648d8" testName="Test6677" computerName="UA-LPT-OGA2" duration="00:00:00.6080000" startTime="2025-05-14T13:20:31.3146610Z" endTime="2025-05-14T13:25:31.3147553Z" testType="13cdc9d9-ddb5-4fa4-a97d-d965ccfc6d4b" outcome="Passed" testListId="e6d5d253-00bc-47ce-8609-476c9e247ec7" />
    <UnitTestResult executionId="690a8ddb-e7d8-4614-bec2-347f29145502" testId="cecd0ebb-f9c0-4af9-a75a-d0629df0c400" testName="Test6678" computerName="UA-LPT-OGA2" duration="00:00:01.6100000" startTime="2025-05-14T13:20:31.3146610Z" endTime="2025-05-14T13:25:31.3147553Z" testType="13cdc9d9-ddb5-4fa4-a97d-d965ccfc6d4b" outcome="Failed" testListId="e6d5d253-00bc-47ce-8609-476c9e247ec7">
      <Output>
        <ErrorInfo>
          <Message>Assertion failed: Expected value did not match actual value.</Message>
          <StackTrace>   at TestNamespace.TestClass.Test() in TestClass.cs:line 390</StackTrace>
        </ErrorInfo>
      </Output>
    </UnitTestResult>
    <UnitTestResult executionId="7c86cb5c-5eea-4e9a-a22e-80e0e928f009" testId="aa9f5be6-610c-41c5-b327-6a497349b507" testName="Test6679" computerName="UA-LPT-OGA2" duration="00:00:00.7540000" startTime="2025-05-14T13:20:31.3146610Z" endTime="2025-05-14T13:25:31.3147553Z" testType="13cdc9d9-ddb5-4fa4-a97d-d965ccfc6d4b" outcome="Passed" testListId="e6d5d253-00bc-47ce-8609-476c9e247ec7" />
    <UnitTestResult executionId="766d4577-0d85-43c9-a5b0-54321797246d" testId="bc2ec26d-0012-4fec-b861-52126cd98173" testName="Test6680" computerName="UA-LPT-OGA2" duration="00:00:00.5280000" startTime="2025-05-14T13:20:31.3146610Z" endTime="2025-05-14T13:25:31.3147553Z" testType="13cdc9d9-ddb5-4fa4-a97d-d965ccfc6d4b" outcome="Passed" testListId="e6d5d253-00bc-47ce-8609-476c9e247ec7" />
    <UnitTestResult executionId="034cb2af-0e9b-4abb-bd0f-9ba1092ec539" testId="9d946af5-a586-407c-8337-51afbcd50a31" testName="Test6681" computerName="UA-LPT-OGA2" duration="00:00:00.9450000" startTime="2025-05-14T13:20:31.3146610Z" endTime="2025-05-14T13:25:31.3147553Z" testType="13cdc9d9-ddb5-4fa4-a97d-d965ccfc6d4b" outcome="Passed" testListId="e6d5d253-00bc-47ce-8609-476c9e247ec7" />
    <UnitTestResult executionId="823c0b46-d33b-4bd2-9584-a6202d5f47eb" testId="f3671a82-32b7-405e-9b96-a20b6e0be471" testName="Test6682" computerName="UA-LPT-OGA2" duration="00:00:01.9160000" startTime="2025-05-14T13:20:31.3146610Z" endTime="2025-05-14T13:25:31.3147553Z" testType="13cdc9d9-ddb5-4fa4-a97d-d965ccfc6d4b" outcome="Passed" testListId="e6d5d253-00bc-47ce-8609-476c9e247ec7" />
    <UnitTestResult executionId="a124138a-1237-41fb-b7b7-5046c949919d" testId="ceb351bf-fa04-485e-bf19-c5eecd6f3508" testName="Test6683" computerName="UA-LPT-OGA2" duration="00:00:00.6570000" startTime="2025-05-14T13:20:31.3146610Z" endTime="2025-05-14T13:25:31.3147553Z" testType="13cdc9d9-ddb5-4fa4-a97d-d965ccfc6d4b" outcome="Passed" testListId="e6d5d253-00bc-47ce-8609-476c9e247ec7" />
    <UnitTestResult executionId="5f000634-3eae-4715-a20c-f8bfd94f0515" testId="e57da9fe-5fbb-4389-9c7e-953f20f7f6e5" testName="Test6684" computerName="UA-LPT-OGA2" duration="00:00:00.5430000" startTime="2025-05-14T13:20:31.3146610Z" endTime="2025-05-14T13:25:31.3147553Z" testType="13cdc9d9-ddb5-4fa4-a97d-d965ccfc6d4b" outcome="Passed" testListId="e6d5d253-00bc-47ce-8609-476c9e247ec7" />
    <UnitTestResult executionId="8f95b625-a7e5-4f9e-b1a4-61d0e120f2e6" testId="fa4c2fd0-b36d-4218-82c6-ea9998f5f451" testName="Test6685" computerName="UA-LPT-OGA2" duration="00:00:01.0990000" startTime="2025-05-14T13:20:31.3146610Z" endTime="2025-05-14T13:25:31.3147553Z" testType="13cdc9d9-ddb5-4fa4-a97d-d965ccfc6d4b" outcome="Passed" testListId="e6d5d253-00bc-47ce-8609-476c9e247ec7" />
    <UnitTestResult executionId="149bd0b8-9b46-4cee-b163-54ba6eeb5d35" testId="fed698a6-ac6a-44f7-8fee-c263315f294f" testName="Test6686" computerName="UA-LPT-OGA2" duration="00:00:00.5880000" startTime="2025-05-14T13:20:31.3146610Z" endTime="2025-05-14T13:25:31.3147553Z" testType="13cdc9d9-ddb5-4fa4-a97d-d965ccfc6d4b" outcome="Failed" testListId="e6d5d253-00bc-47ce-8609-476c9e247ec7">
      <Output>
        <ErrorInfo>
          <Message>Assertion failed: Expected value did not match actual value.</Message>
          <StackTrace>   at TestNamespace.TestClass.Test() in TestClass.cs:line 46</StackTrace>
        </ErrorInfo>
      </Output>
    </UnitTestResult>
    <UnitTestResult executionId="e63f83cd-2081-47f0-ac82-115ef37728f6" testId="2d71674f-9686-4be3-ab82-a3ea28ea2bef" testName="Test6687" computerName="UA-LPT-OGA2" duration="00:00:00.8950000" startTime="2025-05-14T13:20:31.3146610Z" endTime="2025-05-14T13:25:31.3147553Z" testType="13cdc9d9-ddb5-4fa4-a97d-d965ccfc6d4b" outcome="Passed" testListId="e6d5d253-00bc-47ce-8609-476c9e247ec7" />
    <UnitTestResult executionId="3fec6bf7-3751-46c7-b5e2-5e0ccb15c517" testId="cb1be78d-1fe3-49c9-b1aa-d9b1ae86e66a" testName="Test6688" computerName="UA-LPT-OGA2" duration="00:00:00.5150000" startTime="2025-05-14T13:20:31.3146610Z" endTime="2025-05-14T13:25:31.3147553Z" testType="13cdc9d9-ddb5-4fa4-a97d-d965ccfc6d4b" outcome="Passed" testListId="e6d5d253-00bc-47ce-8609-476c9e247ec7" />
    <UnitTestResult executionId="3dc2fff8-f87d-4c6f-ad2c-bac6ea46c0a7" testId="dfbea852-34a1-4f71-b19f-e038341b6ff3" testName="Test6689" computerName="UA-LPT-OGA2" duration="00:00:00.0190000" startTime="2025-05-14T13:20:31.3146610Z" endTime="2025-05-14T13:25:31.3147553Z" testType="13cdc9d9-ddb5-4fa4-a97d-d965ccfc6d4b" outcome="Passed" testListId="e6d5d253-00bc-47ce-8609-476c9e247ec7" />
    <UnitTestResult executionId="96ac7901-29bb-4ff9-93ea-59bbb865335f" testId="bcab0ff0-4afd-4623-af8d-bbcd804e9432" testName="Test6690" computerName="UA-LPT-OGA2" duration="00:00:00.9450000" startTime="2025-05-14T13:20:31.3146610Z" endTime="2025-05-14T13:25:31.3147553Z" testType="13cdc9d9-ddb5-4fa4-a97d-d965ccfc6d4b" outcome="Passed" testListId="e6d5d253-00bc-47ce-8609-476c9e247ec7" />
    <UnitTestResult executionId="7c14998f-ac4e-48b4-a880-200671686e8f" testId="dd3a94fb-0787-4dd5-8be4-7abcc3b0565c" testName="Test6691" computerName="UA-LPT-OGA2" duration="00:00:00.7520000" startTime="2025-05-14T13:20:31.3146610Z" endTime="2025-05-14T13:25:31.3147553Z" testType="13cdc9d9-ddb5-4fa4-a97d-d965ccfc6d4b" outcome="Passed" testListId="e6d5d253-00bc-47ce-8609-476c9e247ec7" />
    <UnitTestResult executionId="93d5fc6f-35e1-4d24-817d-b820d0d868fc" testId="8063cf79-a284-4ea5-a57f-30323b73ae18" testName="Test6692" computerName="UA-LPT-OGA2" duration="00:00:01.1890000" startTime="2025-05-14T13:20:31.3146610Z" endTime="2025-05-14T13:25:31.3147553Z" testType="13cdc9d9-ddb5-4fa4-a97d-d965ccfc6d4b" outcome="Passed" testListId="e6d5d253-00bc-47ce-8609-476c9e247ec7" />
    <UnitTestResult executionId="4a3b4f51-a018-4c1b-8ea8-8b050c69b3a5" testId="7c4dc53b-7d63-4ebd-bc29-44f0484180f2" testName="Test6693" computerName="UA-LPT-OGA2" duration="00:00:00.2160000" startTime="2025-05-14T13:20:31.3146610Z" endTime="2025-05-14T13:25:31.3147553Z" testType="13cdc9d9-ddb5-4fa4-a97d-d965ccfc6d4b" outcome="Failed" testListId="e6d5d253-00bc-47ce-8609-476c9e247ec7">
      <Output>
        <ErrorInfo>
          <Message>Assertion failed: Expected value did not match actual value.</Message>
          <StackTrace>   at TestNamespace.TestClass.Test() in TestClass.cs:line 389</StackTrace>
        </ErrorInfo>
      </Output>
    </UnitTestResult>
    <UnitTestResult executionId="8ddabc3f-a9ee-4f9a-b21a-f52c44aae8e3" testId="e8bc3017-c5a1-49bc-b1ce-ac3cb54fa8b5" testName="Test6694" computerName="UA-LPT-OGA2" duration="00:00:01.8420000" startTime="2025-05-14T13:20:31.3146610Z" endTime="2025-05-14T13:25:31.3147553Z" testType="13cdc9d9-ddb5-4fa4-a97d-d965ccfc6d4b" outcome="Passed" testListId="e6d5d253-00bc-47ce-8609-476c9e247ec7" />
    <UnitTestResult executionId="550b5b76-fcae-4bee-b9f7-e07d3127a857" testId="5566cfb1-9225-4021-b27b-9dc7926c490f" testName="Test6695" computerName="UA-LPT-OGA2" duration="00:00:00.1820000" startTime="2025-05-14T13:20:31.3146610Z" endTime="2025-05-14T13:25:31.3147553Z" testType="13cdc9d9-ddb5-4fa4-a97d-d965ccfc6d4b" outcome="Passed" testListId="e6d5d253-00bc-47ce-8609-476c9e247ec7" />
    <UnitTestResult executionId="e08ba3d6-c5f5-4675-91e3-6efd503d67d8" testId="b09baa67-e16d-4e86-9d05-ab54c02b906d" testName="Test6696" computerName="UA-LPT-OGA2" duration="00:00:01.8910000" startTime="2025-05-14T13:20:31.3146610Z" endTime="2025-05-14T13:25:31.3147553Z" testType="13cdc9d9-ddb5-4fa4-a97d-d965ccfc6d4b" outcome="Passed" testListId="e6d5d253-00bc-47ce-8609-476c9e247ec7" />
    <UnitTestResult executionId="549df9a7-df60-4585-a416-3cef55191430" testId="4cfb3b31-005a-4b1f-82b3-61cd4531894c" testName="Test6697" computerName="UA-LPT-OGA2" duration="00:00:00.3950000" startTime="2025-05-14T13:20:31.3146610Z" endTime="2025-05-14T13:25:31.3147553Z" testType="13cdc9d9-ddb5-4fa4-a97d-d965ccfc6d4b" outcome="Passed" testListId="e6d5d253-00bc-47ce-8609-476c9e247ec7" />
    <UnitTestResult executionId="ff1933ae-dc53-4208-a892-f3be4c58db7f" testId="adad53c0-26f6-428f-b82b-922375d8427c" testName="Test6698" computerName="UA-LPT-OGA2" duration="00:00:00.7520000" startTime="2025-05-14T13:20:31.3146610Z" endTime="2025-05-14T13:25:31.3147553Z" testType="13cdc9d9-ddb5-4fa4-a97d-d965ccfc6d4b" outcome="Passed" testListId="e6d5d253-00bc-47ce-8609-476c9e247ec7" />
    <UnitTestResult executionId="6d46b178-b7ca-4185-8103-d222f4a7e77f" testId="d6b85518-8f8b-499e-8676-fb79200ab3f9" testName="Test6699" computerName="UA-LPT-OGA2" duration="00:00:01.5890000" startTime="2025-05-14T13:20:31.3146610Z" endTime="2025-05-14T13:25:31.3147553Z" testType="13cdc9d9-ddb5-4fa4-a97d-d965ccfc6d4b" outcome="Passed" testListId="e6d5d253-00bc-47ce-8609-476c9e247ec7" />
    <UnitTestResult executionId="f620eb88-d6f7-48e9-975e-7abd361d06aa" testId="eb524777-bab9-4694-9c6e-a604e4c82fdb" testName="Test6700" computerName="UA-LPT-OGA2" duration="00:00:00.7290000" startTime="2025-05-14T13:20:31.3146610Z" endTime="2025-05-14T13:25:31.3147553Z" testType="13cdc9d9-ddb5-4fa4-a97d-d965ccfc6d4b" outcome="Passed" testListId="e6d5d253-00bc-47ce-8609-476c9e247ec7" />
  </Results>
  <TestDefinitions>
    <UnitTest name="Test6601" id="77f6f1ef-f4e5-43d3-96b7-213b045b8e86" storage="TestAssembly.dll">
      <Execution id="3946e6ff-9b5e-474f-ab46-96f985e713ac" />
      <TestMethod codeBase="TestAssembly.dll" className="TestNamespace.TestClass1" name="Test6601" />
    </UnitTest>
    <UnitTest name="Test6602" id="19acc8c2-516d-4a1a-a091-69d9950bdc41" storage="TestAssembly.dll">
      <Execution id="b263f9bd-be35-460c-be63-6dae6f45558f" />
      <TestMethod codeBase="TestAssembly.dll" className="TestNamespace.TestClass1" name="Test6602" />
    </UnitTest>
    <UnitTest name="Test6603" id="b5b1e2b7-156e-476e-b4a1-0f5212a224bd" storage="TestAssembly.dll">
      <Execution id="8fa2710d-2a5d-4bfc-8b9d-32e0fa311460" />
      <TestMethod codeBase="TestAssembly.dll" className="TestNamespace.TestClass1" name="Test6603" />
    </UnitTest>
    <UnitTest name="Test6604" id="7169126c-b765-40ea-9a8c-b1921661c4cf" storage="TestAssembly.dll">
      <Execution id="1bd91da5-c94c-4268-ada7-f8c02e2d3bb6" />
      <TestMethod codeBase="TestAssembly.dll" className="TestNamespace.TestClass1" name="Test6604" />
    </UnitTest>
    <UnitTest name="Test6605" id="213880cd-f46e-4583-a23a-2c6a2c0a29a0" storage="TestAssembly.dll">
      <Execution id="36ad6951-e637-41d8-87ae-229442aa9345" />
      <TestMethod codeBase="TestAssembly.dll" className="TestNamespace.TestClass1" name="Test6605" />
    </UnitTest>
    <UnitTest name="Test6606" id="2897c89b-876e-4baf-b242-018f7b7a7364" storage="TestAssembly.dll">
      <Execution id="d8206986-38a0-412c-9241-800bddbf7b3b" />
      <TestMethod codeBase="TestAssembly.dll" className="TestNamespace.TestClass1" name="Test6606" />
    </UnitTest>
    <UnitTest name="Test6607" id="c3ab7a16-4a82-4ba1-bf69-05df2b5b8103" storage="TestAssembly.dll">
      <Execution id="91dea207-b2af-488c-bf9b-ee2109b6a2a1" />
      <TestMethod codeBase="TestAssembly.dll" className="TestNamespace.TestClass1" name="Test6607" />
    </UnitTest>
    <UnitTest name="Test6608" id="aa5dc75f-c46e-4042-98ac-f565c06b8479" storage="TestAssembly.dll">
      <Execution id="43ce0259-3f4c-478c-94e7-665fb35d2d95" />
      <TestMethod codeBase="TestAssembly.dll" className="TestNamespace.TestClass1" name="Test6608" />
    </UnitTest>
    <UnitTest name="Test6609" id="1a7b9ca3-2db7-4156-84bf-edaea1eba569" storage="TestAssembly.dll">
      <Execution id="bae18466-0c31-4ae2-9f3a-c98d779b2bf9" />
      <TestMethod codeBase="TestAssembly.dll" className="TestNamespace.TestClass1" name="Test6609" />
    </UnitTest>
    <UnitTest name="Test6610" id="c337d471-2d7a-425f-bc5c-7a1e7ce583ce" storage="TestAssembly.dll">
      <Execution id="17f89064-5b20-4596-927b-c0c4ac554fc2" />
      <TestMethod codeBase="TestAssembly.dll" className="TestNamespace.TestClass1" name="Test6610" />
    </UnitTest>
    <UnitTest name="Test6611" id="96327b94-4e8a-4a12-b021-1f73f271b471" storage="TestAssembly.dll">
      <Execution id="3602fb9c-c7d8-4129-8287-19a8b719e7c3" />
      <TestMethod codeBase="TestAssembly.dll" className="TestNamespace.TestClass2" name="Test6611" />
    </UnitTest>
    <UnitTest name="Test6612" id="1887625f-9080-4482-a970-4f456011acc7" storage="TestAssembly.dll">
      <Execution id="76d1eff0-674c-420a-8474-bd2638f05f67" />
      <TestMethod codeBase="TestAssembly.dll" className="TestNamespace.TestClass2" name="Test6612" />
    </UnitTest>
    <UnitTest name="Test6613" id="479e4383-fc6e-48c2-a2ac-4a8b71854f73" storage="TestAssembly.dll">
      <Execution id="ded2f9e1-c9c3-4bde-9d05-6e08adf4a05e" />
      <TestMethod codeBase="TestAssembly.dll" className="TestNamespace.TestClass2" name="Test6613" />
    </UnitTest>
    <UnitTest name="Test6614" id="091472c4-b89b-4cc2-9983-f65ac48cd081" storage="TestAssembly.dll">
      <Execution id="8c56ced9-68b2-4f60-9c95-162169421f0c" />
      <TestMethod codeBase="TestAssembly.dll" className="TestNamespace.TestClass2" name="Test6614" />
    </UnitTest>
    <UnitTest name="Test6615" id="2fc34179-0515-453f-af33-3eca834ce98e" storage="TestAssembly.dll">
      <Execution id="14438d30-2eec-4039-a473-8a54048a518d" />
      <TestMethod codeBase="TestAssembly.dll" className="TestNamespace.TestClass2" name="Test6615" />
    </UnitTest>
    <UnitTest name="Test6616" id="232f73e9-9a3e-4c7c-a7db-38891f5962ac" storage="TestAssembly.dll">
      <Execution id="37f2df27-ccf8-46ad-aae4-bec49c17dc45" />
      <TestMethod codeBase="TestAssembly.dll" className="TestNamespace.TestClass2" name="Test6616" />
    </UnitTest>
    <UnitTest name="Test6617" id="f36c6868-1242-406c-94c2-ed5afc273767" storage="TestAssembly.dll">
      <Execution id="99aa96de-477f-47a9-9103-a38e2611fc5d" />
      <TestMethod codeBase="TestAssembly.dll" className="TestNamespace.TestClass2" name="Test6617" />
    </UnitTest>
    <UnitTest name="Test6618" id="176a14a1-7ccf-426a-96ec-00c6009c97db" storage="TestAssembly.dll">
      <Execution id="75a89831-a1db-4615-9e60-1c8c29c71b30" />
      <TestMethod codeBase="TestAssembly.dll" className="TestNamespace.TestClass2" name="Test6618" />
    </UnitTest>
    <UnitTest name="Test6619" id="d7f01a0a-0b28-4249-b3ec-bf4fc2d7b4fd" storage="TestAssembly.dll">
      <Execution id="bff29382-9fdc-4b01-8b18-80313d835c35" />
      <TestMethod codeBase="TestAssembly.dll" className="TestNamespace.TestClass2" name="Test6619" />
    </UnitTest>
    <UnitTest name="Test6620" id="ad1a60cb-08d7-4285-8a13-5982cb33ad15" storage="TestAssembly.dll">
      <Execution id="78159d59-6d89-45b2-8b87-aeba44f7a8ff" />
      <TestMethod codeBase="TestAssembly.dll" className="TestNamespace.TestClass2" name="Test6620" />
    </UnitTest>
    <UnitTest name="Test6621" id="e042207e-2022-410b-afc4-5a6cf3c2e9bb" storage="TestAssembly.dll">
      <Execution id="c8d24433-e9ed-42a6-8fbd-4fe98012e2e4" />
      <TestMethod codeBase="TestAssembly.dll" className="TestNamespace.TestClass3" name="Test6621" />
    </UnitTest>
    <UnitTest name="Test6622" id="1f82db91-5e25-4a1a-b93c-c6514a99ac15" storage="TestAssembly.dll">
      <Execution id="c9414215-41c8-4761-bdf9-ac7aef7a6946" />
      <TestMethod codeBase="TestAssembly.dll" className="TestNamespace.TestClass3" name="Test6622" />
    </UnitTest>
    <UnitTest name="Test6623" id="3bfcf59f-767a-4bba-9b7e-9adefdcc4efe" storage="TestAssembly.dll">
      <Execution id="cc688b81-3b1a-4c41-a500-868e64f6d271" />
      <TestMethod codeBase="TestAssembly.dll" className="TestNamespace.TestClass3" name="Test6623" />
    </UnitTest>
    <UnitTest name="Test6624" id="9ca0c3f5-3604-406d-9322-d85ae7b97900" storage="TestAssembly.dll">
      <Execution id="404173ad-bacd-4a9e-b898-a06caca72377" />
      <TestMethod codeBase="TestAssembly.dll" className="TestNamespace.TestClass3" name="Test6624" />
    </UnitTest>
    <UnitTest name="Test6625" id="aa89ffe9-7ebd-4e60-9f30-568e93fa1005" storage="TestAssembly.dll">
      <Execution id="39e3ddb2-59b0-4cb7-a1fe-86d952fc03f4" />
      <TestMethod codeBase="TestAssembly.dll" className="TestNamespace.TestClass3" name="Test6625" />
    </UnitTest>
    <UnitTest name="Test6626" id="72e87672-6460-4026-83b4-f1127d9fb6d9" storage="TestAssembly.dll">
      <Execution id="23686d72-d083-4e23-bfda-1583cf1ba4b4" />
      <TestMethod codeBase="TestAssembly.dll" className="TestNamespace.TestClass3" name="Test6626" />
    </UnitTest>
    <UnitTest name="Test6627" id="7186f655-a927-4623-a55e-48b95bf75fc6" storage="TestAssembly.dll">
      <Execution id="96bd6d47-4452-4c31-b919-dcd34f3009ff" />
      <TestMethod codeBase="TestAssembly.dll" className="TestNamespace.TestClass3" name="Test6627" />
    </UnitTest>
    <UnitTest name="Test6628" id="4ec82aa2-edba-419a-ace8-911aef1d8e74" storage="TestAssembly.dll">
      <Execution id="4249ed12-d43e-4666-acb6-954b2a29e953" />
      <TestMethod codeBase="TestAssembly.dll" className="TestNamespace.TestClass3" name="Test6628" />
    </UnitTest>
    <UnitTest name="Test6629" id="ca1ab4b0-6f92-482b-bc64-99f5b0deb7bc" storage="TestAssembly.dll">
      <Execution id="dc5128ba-093b-45bc-addb-66025ea47b40" />
      <TestMethod codeBase="TestAssembly.dll" className="TestNamespace.TestClass3" name="Test6629" />
    </UnitTest>
    <UnitTest name="Test6630" id="f4c2b2d7-c931-415e-8190-bad357007046" storage="TestAssembly.dll">
      <Execution id="1fc4cb23-e50f-483e-93ff-d0c8b16b34ba" />
      <TestMethod codeBase="TestAssembly.dll" className="TestNamespace.TestClass3" name="Test6630" />
    </UnitTest>
    <UnitTest name="Test6631" id="3a45eeeb-adab-4f4f-a102-f1b120665920" storage="TestAssembly.dll">
      <Execution id="3ab3272d-b59b-4872-90e7-39e38b914d90" />
      <TestMethod codeBase="TestAssembly.dll" className="TestNamespace.TestClass4" name="Test6631" />
    </UnitTest>
    <UnitTest name="Test6632" id="833fcbce-6be8-4453-a6d0-1e0d3a0aa4c2" storage="TestAssembly.dll">
      <Execution id="ee13c9a3-529b-468c-9457-fe6731037f12" />
      <TestMethod codeBase="TestAssembly.dll" className="TestNamespace.TestClass4" name="Test6632" />
    </UnitTest>
    <UnitTest name="Test6633" id="03ec92ac-b697-4cde-8fc3-ef61b15e91c1" storage="TestAssembly.dll">
      <Execution id="40ef4a11-6113-4636-a6f8-7456e9ff2f16" />
      <TestMethod codeBase="TestAssembly.dll" className="TestNamespace.TestClass4" name="Test6633" />
    </UnitTest>
    <UnitTest name="Test6634" id="f43bbcd6-cf63-4118-86c6-2b1d50a27eb2" storage="TestAssembly.dll">
      <Execution id="b636dcae-d66b-4c37-b2a5-c2a23d016c85" />
      <TestMethod codeBase="TestAssembly.dll" className="TestNamespace.TestClass4" name="Test6634" />
    </UnitTest>
    <UnitTest name="Test6635" id="83240044-63c5-4212-92d9-bb1c2098b098" storage="TestAssembly.dll">
      <Execution id="9ce3acc1-d500-4506-bed5-1ec8a5e49dea" />
      <TestMethod codeBase="TestAssembly.dll" className="TestNamespace.TestClass4" name="Test6635" />
    </UnitTest>
    <UnitTest name="Test6636" id="adf46350-26a8-4ac2-919e-453b3d600272" storage="TestAssembly.dll">
      <Execution id="0008861d-c358-4d73-aa47-9888f9cb31c2" />
      <TestMethod codeBase="TestAssembly.dll" className="TestNamespace.TestClass4" name="Test6636" />
    </UnitTest>
    <UnitTest name="Test6637" id="2397c6fd-39d4-435f-b4c7-7e5fa6a063ba" storage="TestAssembly.dll">
      <Execution id="79663792-68d5-4190-a4a5-1ab1927ae8ab" />
      <TestMethod codeBase="TestAssembly.dll" className="TestNamespace.TestClass4" name="Test6637" />
    </UnitTest>
    <UnitTest name="Test6638" id="21b75e1a-d392-494d-a749-b403f59ee668" storage="TestAssembly.dll">
      <Execution id="60d92539-06da-4620-8d19-67e60b3d1592" />
      <TestMethod codeBase="TestAssembly.dll" className="TestNamespace.TestClass4" name="Test6638" />
    </UnitTest>
    <UnitTest name="Test6639" id="4d259520-d14a-49f5-abc7-5b72847f9a52" storage="TestAssembly.dll">
      <Execution id="67a128e2-0733-43d0-ab55-6f50c04d63f1" />
      <TestMethod codeBase="TestAssembly.dll" className="TestNamespace.TestClass4" name="Test6639" />
    </UnitTest>
    <UnitTest name="Test6640" id="1445bf29-3389-4942-a448-a660e504929f" storage="TestAssembly.dll">
      <Execution id="9c4fbd98-45b3-42ef-86c0-50ba20139764" />
      <TestMethod codeBase="TestAssembly.dll" className="TestNamespace.TestClass4" name="Test6640" />
    </UnitTest>
    <UnitTest name="Test6641" id="3eed0c3c-d431-41e1-aeb1-884b55c68d00" storage="TestAssembly.dll">
      <Execution id="e1ca7212-1f3d-4ece-991c-2e95f5130d75" />
      <TestMethod codeBase="TestAssembly.dll" className="TestNamespace.TestClass5" name="Test6641" />
    </UnitTest>
    <UnitTest name="Test6642" id="b4e448b4-95cd-49ea-81c8-7b563d58a1ac" storage="TestAssembly.dll">
      <Execution id="643b5741-c602-41ea-b768-f6d003688809" />
      <TestMethod codeBase="TestAssembly.dll" className="TestNamespace.TestClass5" name="Test6642" />
    </UnitTest>
    <UnitTest name="Test6643" id="676f400b-a8e9-40cb-a6c0-411bd0344cd5" storage="TestAssembly.dll">
      <Execution id="7cc1f1ae-7c92-4d38-b36e-6e9b55de8327" />
      <TestMethod codeBase="TestAssembly.dll" className="TestNamespace.TestClass5" name="Test6643" />
    </UnitTest>
    <UnitTest name="Test6644" id="31a528c3-a174-4275-86f9-ef6826e94852" storage="TestAssembly.dll">
      <Execution id="a77c8ec5-5911-4f86-b529-65c5a9d09f03" />
      <TestMethod codeBase="TestAssembly.dll" className="TestNamespace.TestClass5" name="Test6644" />
    </UnitTest>
    <UnitTest name="Test6645" id="c62ef964-6543-4299-a8e8-2546a7ed8868" storage="TestAssembly.dll">
      <Execution id="79b28e0b-8408-4d9e-bf34-a107925f016a" />
      <TestMethod codeBase="TestAssembly.dll" className="TestNamespace.TestClass5" name="Test6645" />
    </UnitTest>
    <UnitTest name="Test6646" id="c008b5c4-cf68-49c3-83b4-fa7dfd11d1f4" storage="TestAssembly.dll">
      <Execution id="5fb53d9b-ab7e-489b-b648-813321b69024" />
      <TestMethod codeBase="TestAssembly.dll" className="TestNamespace.TestClass5" name="Test6646" />
    </UnitTest>
    <UnitTest name="Test6647" id="68b0f474-efd5-4548-a099-abed2624ffdb" storage="TestAssembly.dll">
      <Execution id="9cfc58a1-75a6-4814-a26f-5069a095e325" />
      <TestMethod codeBase="TestAssembly.dll" className="TestNamespace.TestClass5" name="Test6647" />
    </UnitTest>
    <UnitTest name="Test6648" id="eeb6c648-e98d-4882-9a4b-0eb7c6ba715d" storage="TestAssembly.dll">
      <Execution id="668cd221-3f16-45ab-b1d6-dae01276b69b" />
      <TestMethod codeBase="TestAssembly.dll" className="TestNamespace.TestClass5" name="Test6648" />
    </UnitTest>
    <UnitTest name="Test6649" id="973c2184-469d-46ae-bc2d-8d9b16572911" storage="TestAssembly.dll">
      <Execution id="9c3b7c51-c53f-42c9-bb6b-83ac36228672" />
      <TestMethod codeBase="TestAssembly.dll" className="TestNamespace.TestClass5" name="Test6649" />
    </UnitTest>
    <UnitTest name="Test6650" id="a78528cb-ad78-4d8b-8d3b-1574b759709c" storage="TestAssembly.dll">
      <Execution id="e62c47b4-c50b-4922-b53b-5a1fc1a070be" />
      <TestMethod codeBase="TestAssembly.dll" className="TestNamespace.TestClass5" name="Test6650" />
    </UnitTest>
    <UnitTest name="Test6651" id="a7dcb08f-f024-438e-932e-fe4cb1c4b733" storage="TestAssembly.dll">
      <Execution id="8d405bc3-f175-4f5c-9e83-448aff84e9cd" />
      <TestMethod codeBase="TestAssembly.dll" className="TestNamespace.TestClass6" name="Test6651" />
    </UnitTest>
    <UnitTest name="Test6652" id="850d77df-741c-47d8-bfeb-d938e9b1b5db" storage="TestAssembly.dll">
      <Execution id="dde2ebcd-a7b2-4df0-a378-fd4168178041" />
      <TestMethod codeBase="TestAssembly.dll" className="TestNamespace.TestClass6" name="Test6652" />
    </UnitTest>
    <UnitTest name="Test6653" id="00ffbcc5-eba1-4faa-8cf6-2f93055178c6" storage="TestAssembly.dll">
      <Execution id="5ecb0c66-9cbb-4cff-9d0c-4537c8cecf8a" />
      <TestMethod codeBase="TestAssembly.dll" className="TestNamespace.TestClass6" name="Test6653" />
    </UnitTest>
    <UnitTest name="Test6654" id="0dda0239-1e8e-41fd-bc90-731212f862fe" storage="TestAssembly.dll">
      <Execution id="3d2d6b47-a13f-4df9-8dd6-b0de6620dbf9" />
      <TestMethod codeBase="TestAssembly.dll" className="TestNamespace.TestClass6" name="Test6654" />
    </UnitTest>
    <UnitTest name="Test6655" id="d55fe02c-d3b0-430c-966a-9f50e6f2de47" storage="TestAssembly.dll">
      <Execution id="61c60536-f2c8-4a38-abd9-130b5e6b2626" />
      <TestMethod codeBase="TestAssembly.dll" className="TestNamespace.TestClass6" name="Test6655" />
    </UnitTest>
    <UnitTest name="Test6656" id="cddce98c-5ed8-43b9-8c3b-2149710a2749" storage="TestAssembly.dll">
      <Execution id="4e5f8ed2-61a7-4bf6-974b-11d32b4142e2" />
      <TestMethod codeBase="TestAssembly.dll" className="TestNamespace.TestClass6" name="Test6656" />
    </UnitTest>
    <UnitTest name="Test6657" id="54fc57f1-0616-4b71-831c-439fd534113b" storage="TestAssembly.dll">
      <Execution id="63194721-7a21-4853-b419-5174426e311e" />
      <TestMethod codeBase="TestAssembly.dll" className="TestNamespace.TestClass6" name="Test6657" />
    </UnitTest>
    <UnitTest name="Test6658" id="140320bd-9f50-4a75-a63b-4b4b8991f0f6" storage="TestAssembly.dll">
      <Execution id="ad2d0e6c-55e8-4420-adef-e8bc69bbd072" />
      <TestMethod codeBase="TestAssembly.dll" className="TestNamespace.TestClass6" name="Test6658" />
    </UnitTest>
    <UnitTest name="Test6659" id="d2387eba-673b-4977-aa3b-06d4dae6efb5" storage="TestAssembly.dll">
      <Execution id="740f751b-ae7b-4c23-82b5-aef1f2a5f3a1" />
      <TestMethod codeBase="TestAssembly.dll" className="TestNamespace.TestClass6" name="Test6659" />
    </UnitTest>
    <UnitTest name="Test6660" id="563480ec-d509-4c1c-8ddb-d16c7a083768" storage="TestAssembly.dll">
      <Execution id="ff31dca2-4334-4815-8e08-d3529d2c147a" />
      <TestMethod codeBase="TestAssembly.dll" className="TestNamespace.TestClass6" name="Test6660" />
    </UnitTest>
    <UnitTest name="Test6661" id="cdc9b26f-9db0-4bd9-a19c-af9d98d8c90c" storage="TestAssembly.dll">
      <Execution id="cca7d888-5365-4f26-890e-7ac3f09e996f" />
      <TestMethod codeBase="TestAssembly.dll" className="TestNamespace.TestClass7" name="Test6661" />
    </UnitTest>
    <UnitTest name="Test6662" id="ab0a3fd7-484b-4143-9ad3-50f70fabcf38" storage="TestAssembly.dll">
      <Execution id="717e15bb-8e61-48fb-9865-3216b2e652cb" />
      <TestMethod codeBase="TestAssembly.dll" className="TestNamespace.TestClass7" name="Test6662" />
    </UnitTest>
    <UnitTest name="Test6663" id="13e287c9-6545-4b31-a433-884b9ba9ff0e" storage="TestAssembly.dll">
      <Execution id="95f0ad74-4cfa-497e-80ba-4b35ac5ce6de" />
      <TestMethod codeBase="TestAssembly.dll" className="TestNamespace.TestClass7" name="Test6663" />
    </UnitTest>
    <UnitTest name="Test6664" id="92ef84c7-d389-4ede-89c9-5d530e0661bb" storage="TestAssembly.dll">
      <Execution id="5e7cc2ac-4aac-499f-9658-984e8d4fc58f" />
      <TestMethod codeBase="TestAssembly.dll" className="TestNamespace.TestClass7" name="Test6664" />
    </UnitTest>
    <UnitTest name="Test6665" id="4209abf2-73a2-422b-a9ab-1246c3618f0e" storage="TestAssembly.dll">
      <Execution id="672196b0-ba70-4768-a1b3-f336d5061bc8" />
      <TestMethod codeBase="TestAssembly.dll" className="TestNamespace.TestClass7" name="Test6665" />
    </UnitTest>
    <UnitTest name="Test6666" id="fead700e-db52-4613-81dd-b3b50685f4e6" storage="TestAssembly.dll">
      <Execution id="88c720dc-700f-4315-a2f8-a1d32c6153ea" />
      <TestMethod codeBase="TestAssembly.dll" className="TestNamespace.TestClass7" name="Test6666" />
    </UnitTest>
    <UnitTest name="Test6667" id="38b3d5af-efc3-4fcb-91b8-1b633fdfa2a6" storage="TestAssembly.dll">
      <Execution id="cba26073-8591-4fbb-b59d-d142bd424b5e" />
      <TestMethod codeBase="TestAssembly.dll" className="TestNamespace.TestClass7" name="Test6667" />
    </UnitTest>
    <UnitTest name="Test6668" id="83e90ddb-f740-44b5-8933-74b35df1fb36" storage="TestAssembly.dll">
      <Execution id="f6c1a02c-1ac1-49d3-8a51-cf6bc5f29f7e" />
      <TestMethod codeBase="TestAssembly.dll" className="TestNamespace.TestClass7" name="Test6668" />
    </UnitTest>
    <UnitTest name="Test6669" id="b9c1f18e-061c-40b8-9e18-724bbdebe06e" storage="TestAssembly.dll">
      <Execution id="0ce5a8a9-9e4b-4569-872e-3e890439a207" />
      <TestMethod codeBase="TestAssembly.dll" className="TestNamespace.TestClass7" name="Test6669" />
    </UnitTest>
    <UnitTest name="Test6670" id="1a1df1ca-1e23-4e66-9cf2-d346ccf0bbe8" storage="TestAssembly.dll">
      <Execution id="2a63c314-e529-4059-8973-be25eb61b5c7" />
      <TestMethod codeBase="TestAssembly.dll" className="TestNamespace.TestClass7" name="Test6670" />
    </UnitTest>
    <UnitTest name="Test6671" id="830288cc-2fc9-4abf-9f3e-b67a2ab1139c" storage="TestAssembly.dll">
      <Execution id="242e9a6d-387a-4169-a1c8-d11a817d34cc" />
      <TestMethod codeBase="TestAssembly.dll" className="TestNamespace.TestClass8" name="Test6671" />
    </UnitTest>
    <UnitTest name="Test6672" id="b4c35e76-aaff-4295-879c-67298fed8ab3" storage="TestAssembly.dll">
      <Execution id="71ab55a7-3fda-4c61-afef-cfe294ecda96" />
      <TestMethod codeBase="TestAssembly.dll" className="TestNamespace.TestClass8" name="Test6672" />
    </UnitTest>
    <UnitTest name="Test6673" id="9c187e53-d7fc-44ad-87b3-6c2d141ef44d" storage="TestAssembly.dll">
      <Execution id="42025f91-8d06-40bf-9ca9-98219dcaa709" />
      <TestMethod codeBase="TestAssembly.dll" className="TestNamespace.TestClass8" name="Test6673" />
    </UnitTest>
    <UnitTest name="Test6674" id="5cde4048-e50f-4249-ac83-478a06f69eb0" storage="TestAssembly.dll">
      <Execution id="fbe2d738-88c8-40fb-a23e-87ce753edaf8" />
      <TestMethod codeBase="TestAssembly.dll" className="TestNamespace.TestClass8" name="Test6674" />
    </UnitTest>
    <UnitTest name="Test6675" id="6a41d05e-0799-4fbb-a2ce-7dc91b3926d7" storage="TestAssembly.dll">
      <Execution id="8bb4d8a7-3707-4389-ae97-46f574906e0a" />
      <TestMethod codeBase="TestAssembly.dll" className="TestNamespace.TestClass8" name="Test6675" />
    </UnitTest>
    <UnitTest name="Test6676" id="30f4fc5e-ea29-4a48-bc4e-3a7b6e101181" storage="TestAssembly.dll">
      <Execution id="8f4f3bcf-2207-4f3e-994d-792c376eb2dc" />
      <TestMethod codeBase="TestAssembly.dll" className="TestNamespace.TestClass8" name="Test6676" />
    </UnitTest>
    <UnitTest name="Test6677" id="fbfc3f0b-a827-4a35-8e72-264b38a648d8" storage="TestAssembly.dll">
      <Execution id="d711d8db-fb98-4405-bafa-0349bf23f676" />
      <TestMethod codeBase="TestAssembly.dll" className="TestNamespace.TestClass8" name="Test6677" />
    </UnitTest>
    <UnitTest name="Test6678" id="cecd0ebb-f9c0-4af9-a75a-d0629df0c400" storage="TestAssembly.dll">
      <Execution id="690a8ddb-e7d8-4614-bec2-347f29145502" />
      <TestMethod codeBase="TestAssembly.dll" className="TestNamespace.TestClass8" name="Test6678" />
    </UnitTest>
    <UnitTest name="Test6679" id="aa9f5be6-610c-41c5-b327-6a497349b507" storage="TestAssembly.dll">
      <Execution id="7c86cb5c-5eea-4e9a-a22e-80e0e928f009" />
      <TestMethod codeBase="TestAssembly.dll" className="TestNamespace.TestClass8" name="Test6679" />
    </UnitTest>
    <UnitTest name="Test6680" id="bc2ec26d-0012-4fec-b861-52126cd98173" storage="TestAssembly.dll">
      <Execution id="766d4577-0d85-43c9-a5b0-54321797246d" />
      <TestMethod codeBase="TestAssembly.dll" className="TestNamespace.TestClass8" name="Test6680" />
    </UnitTest>
    <UnitTest name="Test6681" id="9d946af5-a586-407c-8337-51afbcd50a31" storage="TestAssembly.dll">
      <Execution id="034cb2af-0e9b-4abb-bd0f-9ba1092ec539" />
      <TestMethod codeBase="TestAssembly.dll" className="TestNamespace.TestClass9" name="Test6681" />
    </UnitTest>
    <UnitTest name="Test6682" id="f3671a82-32b7-405e-9b96-a20b6e0be471" storage="TestAssembly.dll">
      <Execution id="823c0b46-d33b-4bd2-9584-a6202d5f47eb" />
      <TestMethod codeBase="TestAssembly.dll" className="TestNamespace.TestClass9" name="Test6682" />
    </UnitTest>
    <UnitTest name="Test6683" id="ceb351bf-fa04-485e-bf19-c5eecd6f3508" storage="TestAssembly.dll">
      <Execution id="a124138a-1237-41fb-b7b7-5046c949919d" />
      <TestMethod codeBase="TestAssembly.dll" className="TestNamespace.TestClass9" name="Test6683" />
    </UnitTest>
    <UnitTest name="Test6684" id="e57da9fe-5fbb-4389-9c7e-953f20f7f6e5" storage="TestAssembly.dll">
      <Execution id="5f000634-3eae-4715-a20c-f8bfd94f0515" />
      <TestMethod codeBase="TestAssembly.dll" className="TestNamespace.TestClass9" name="Test6684" />
    </UnitTest>
    <UnitTest name="Test6685" id="fa4c2fd0-b36d-4218-82c6-ea9998f5f451" storage="TestAssembly.dll">
      <Execution id="8f95b625-a7e5-4f9e-b1a4-61d0e120f2e6" />
      <TestMethod codeBase="TestAssembly.dll" className="TestNamespace.TestClass9" name="Test6685" />
    </UnitTest>
    <UnitTest name="Test6686" id="fed698a6-ac6a-44f7-8fee-c263315f294f" storage="TestAssembly.dll">
      <Execution id="149bd0b8-9b46-4cee-b163-54ba6eeb5d35" />
      <TestMethod codeBase="TestAssembly.dll" className="TestNamespace.TestClass9" name="Test6686" />
    </UnitTest>
    <UnitTest name="Test6687" id="2d71674f-9686-4be3-ab82-a3ea28ea2bef" storage="TestAssembly.dll">
      <Execution id="e63f83cd-2081-47f0-ac82-115ef37728f6" />
      <TestMethod codeBase="TestAssembly.dll" className="TestNamespace.TestClass9" name="Test6687" />
    </UnitTest>
    <UnitTest name="Test6688" id="cb1be78d-1fe3-49c9-b1aa-d9b1ae86e66a" storage="TestAssembly.dll">
      <Execution id="3fec6bf7-3751-46c7-b5e2-5e0ccb15c517" />
      <TestMethod codeBase="TestAssembly.dll" className="TestNamespace.TestClass9" name="Test6688" />
    </UnitTest>
    <UnitTest name="Test6689" id="dfbea852-34a1-4f71-b19f-e038341b6ff3" storage="TestAssembly.dll">
      <Execution id="3dc2fff8-f87d-4c6f-ad2c-bac6ea46c0a7" />
      <TestMethod codeBase="TestAssembly.dll" className="TestNamespace.TestClass9" name="Test6689" />
    </UnitTest>
    <UnitTest name="Test6690" id="bcab0ff0-4afd-4623-af8d-bbcd804e9432" storage="TestAssembly.dll">
      <Execution id="96ac7901-29bb-4ff9-93ea-59bbb865335f" />
      <TestMethod codeBase="TestAssembly.dll" className="TestNamespace.TestClass9" name="Test6690" />
    </UnitTest>
    <UnitTest name="Test6691" id="dd3a94fb-0787-4dd5-8be4-7abcc3b0565c" storage="TestAssembly.dll">
      <Execution id="7c14998f-ac4e-48b4-a880-200671686e8f" />
      <TestMethod codeBase="TestAssembly.dll" className="TestNamespace.TestClass10" name="Test6691" />
    </UnitTest>
    <UnitTest name="Test6692" id="8063cf79-a284-4ea5-a57f-30323b73ae18" storage="TestAssembly.dll">
      <Execution id="93d5fc6f-35e1-4d24-817d-b820d0d868fc" />
      <TestMethod codeBase="TestAssembly.dll" className="TestNamespace.TestClass10" name="Test6692" />
    </UnitTest>
    <UnitTest name="Test6693" id="7c4dc53b-7d63-4ebd-bc29-44f0484180f2" storage="TestAssembly.dll">
      <Execution id="4a3b4f51-a018-4c1b-8ea8-8b050c69b3a5" />
      <TestMethod codeBase="TestAssembly.dll" className="TestNamespace.TestClass10" name="Test6693" />
    </UnitTest>
    <UnitTest name="Test6694" id="e8bc3017-c5a1-49bc-b1ce-ac3cb54fa8b5" storage="TestAssembly.dll">
      <Execution id="8ddabc3f-a9ee-4f9a-b21a-f52c44aae8e3" />
      <TestMethod codeBase="TestAssembly.dll" className="TestNamespace.TestClass10" name="Test6694" />
    </UnitTest>
    <UnitTest name="Test6695" id="5566cfb1-9225-4021-b27b-9dc7926c490f" storage="TestAssembly.dll">
      <Execution id="550b5b76-fcae-4bee-b9f7-e07d3127a857" />
      <TestMethod codeBase="TestAssembly.dll" className="TestNamespace.TestClass10" name="Test6695" />
    </UnitTest>
    <UnitTest name="Test6696" id="b09baa67-e16d-4e86-9d05-ab54c02b906d" storage="TestAssembly.dll">
      <Execution id="e08ba3d6-c5f5-4675-91e3-6efd503d67d8" />
      <TestMethod codeBase="TestAssembly.dll" className="TestNamespace.TestClass10" name="Test6696" />
    </UnitTest>
    <UnitTest name="Test6697" id="4cfb3b31-005a-4b1f-82b3-61cd4531894c" storage="TestAssembly.dll">
      <Execution id="549df9a7-df60-4585-a416-3cef55191430" />
      <TestMethod codeBase="TestAssembly.dll" className="TestNamespace.TestClass10" name="Test6697" />
    </UnitTest>
    <UnitTest name="Test6698" id="adad53c0-26f6-428f-b82b-922375d8427c" storage="TestAssembly.dll">
      <Execution id="ff1933ae-dc53-4208-a892-f3be4c58db7f" />
      <TestMethod codeBase="TestAssembly.dll" className="TestNamespace.TestClass10" name="Test6698" />
    </UnitTest>
    <UnitTest name="Test6699" id="d6b85518-8f8b-499e-8676-fb79200ab3f9" storage="TestAssembly.dll">
      <Execution id="6d46b178-b7ca-4185-8103-d222f4a7e77f" />
      <TestMethod codeBase="TestAssembly.dll" className="TestNamespace.TestClass10" name="Test6699" />
    </UnitTest>
    <UnitTest name="Test6700" id="eb524777-bab9-4694-9c6e-a604e4c82fdb" storage="TestAssembly.dll">
      <Execution id="f620eb88-d6f7-48e9-975e-7abd361d06aa" />
      <TestMethod codeBase="TestAssembly.dll" className="TestNamespace.TestClass10" name="Test6700" />
    </UnitTest>
  </TestDefinitions>
  <TestEntries>
    <TestEntry testId="77f6f1ef-f4e5-43d3-96b7-213b045b8e86" executionId="3946e6ff-9b5e-474f-ab46-96f985e713ac" testListId="e6d5d253-00bc-47ce-8609-476c9e247ec7" />
    <TestEntry testId="19acc8c2-516d-4a1a-a091-69d9950bdc41" executionId="b263f9bd-be35-460c-be63-6dae6f45558f" testListId="e6d5d253-00bc-47ce-8609-476c9e247ec7" />
    <TestEntry testId="b5b1e2b7-156e-476e-b4a1-0f5212a224bd" executionId="8fa2710d-2a5d-4bfc-8b9d-32e0fa311460" testListId="e6d5d253-00bc-47ce-8609-476c9e247ec7" />
    <TestEntry testId="7169126c-b765-40ea-9a8c-b1921661c4cf" executionId="1bd91da5-c94c-4268-ada7-f8c02e2d3bb6" testListId="e6d5d253-00bc-47ce-8609-476c9e247ec7" />
    <TestEntry testId="213880cd-f46e-4583-a23a-2c6a2c0a29a0" executionId="36ad6951-e637-41d8-87ae-229442aa9345" testListId="e6d5d253-00bc-47ce-8609-476c9e247ec7" />
    <TestEntry testId="2897c89b-876e-4baf-b242-018f7b7a7364" executionId="d8206986-38a0-412c-9241-800bddbf7b3b" testListId="e6d5d253-00bc-47ce-8609-476c9e247ec7" />
    <TestEntry testId="c3ab7a16-4a82-4ba1-bf69-05df2b5b8103" executionId="91dea207-b2af-488c-bf9b-ee2109b6a2a1" testListId="e6d5d253-00bc-47ce-8609-476c9e247ec7" />
    <TestEntry testId="aa5dc75f-c46e-4042-98ac-f565c06b8479" executionId="43ce0259-3f4c-478c-94e7-665fb35d2d95" testListId="e6d5d253-00bc-47ce-8609-476c9e247ec7" />
    <TestEntry testId="1a7b9ca3-2db7-4156-84bf-edaea1eba569" executionId="bae18466-0c31-4ae2-9f3a-c98d779b2bf9" testListId="e6d5d253-00bc-47ce-8609-476c9e247ec7" />
    <TestEntry testId="c337d471-2d7a-425f-bc5c-7a1e7ce583ce" executionId="17f89064-5b20-4596-927b-c0c4ac554fc2" testListId="e6d5d253-00bc-47ce-8609-476c9e247ec7" />
    <TestEntry testId="96327b94-4e8a-4a12-b021-1f73f271b471" executionId="3602fb9c-c7d8-4129-8287-19a8b719e7c3" testListId="e6d5d253-00bc-47ce-8609-476c9e247ec7" />
    <TestEntry testId="1887625f-9080-4482-a970-4f456011acc7" executionId="76d1eff0-674c-420a-8474-bd2638f05f67" testListId="e6d5d253-00bc-47ce-8609-476c9e247ec7" />
    <TestEntry testId="479e4383-fc6e-48c2-a2ac-4a8b71854f73" executionId="ded2f9e1-c9c3-4bde-9d05-6e08adf4a05e" testListId="e6d5d253-00bc-47ce-8609-476c9e247ec7" />
    <TestEntry testId="091472c4-b89b-4cc2-9983-f65ac48cd081" executionId="8c56ced9-68b2-4f60-9c95-162169421f0c" testListId="e6d5d253-00bc-47ce-8609-476c9e247ec7" />
    <TestEntry testId="2fc34179-0515-453f-af33-3eca834ce98e" executionId="14438d30-2eec-4039-a473-8a54048a518d" testListId="e6d5d253-00bc-47ce-8609-476c9e247ec7" />
    <TestEntry testId="232f73e9-9a3e-4c7c-a7db-38891f5962ac" executionId="37f2df27-ccf8-46ad-aae4-bec49c17dc45" testListId="e6d5d253-00bc-47ce-8609-476c9e247ec7" />
    <TestEntry testId="f36c6868-1242-406c-94c2-ed5afc273767" executionId="99aa96de-477f-47a9-9103-a38e2611fc5d" testListId="e6d5d253-00bc-47ce-8609-476c9e247ec7" />
    <TestEntry testId="176a14a1-7ccf-426a-96ec-00c6009c97db" executionId="75a89831-a1db-4615-9e60-1c8c29c71b30" testListId="e6d5d253-00bc-47ce-8609-476c9e247ec7" />
    <TestEntry testId="d7f01a0a-0b28-4249-b3ec-bf4fc2d7b4fd" executionId="bff29382-9fdc-4b01-8b18-80313d835c35" testListId="e6d5d253-00bc-47ce-8609-476c9e247ec7" />
    <TestEntry testId="ad1a60cb-08d7-4285-8a13-5982cb33ad15" executionId="78159d59-6d89-45b2-8b87-aeba44f7a8ff" testListId="e6d5d253-00bc-47ce-8609-476c9e247ec7" />
    <TestEntry testId="e042207e-2022-410b-afc4-5a6cf3c2e9bb" executionId="c8d24433-e9ed-42a6-8fbd-4fe98012e2e4" testListId="e6d5d253-00bc-47ce-8609-476c9e247ec7" />
    <TestEntry testId="1f82db91-5e25-4a1a-b93c-c6514a99ac15" executionId="c9414215-41c8-4761-bdf9-ac7aef7a6946" testListId="e6d5d253-00bc-47ce-8609-476c9e247ec7" />
    <TestEntry testId="3bfcf59f-767a-4bba-9b7e-9adefdcc4efe" executionId="cc688b81-3b1a-4c41-a500-868e64f6d271" testListId="e6d5d253-00bc-47ce-8609-476c9e247ec7" />
    <TestEntry testId="9ca0c3f5-3604-406d-9322-d85ae7b97900" executionId="404173ad-bacd-4a9e-b898-a06caca72377" testListId="e6d5d253-00bc-47ce-8609-476c9e247ec7" />
    <TestEntry testId="aa89ffe9-7ebd-4e60-9f30-568e93fa1005" executionId="39e3ddb2-59b0-4cb7-a1fe-86d952fc03f4" testListId="e6d5d253-00bc-47ce-8609-476c9e247ec7" />
    <TestEntry testId="72e87672-6460-4026-83b4-f1127d9fb6d9" executionId="23686d72-d083-4e23-bfda-1583cf1ba4b4" testListId="e6d5d253-00bc-47ce-8609-476c9e247ec7" />
    <TestEntry testId="7186f655-a927-4623-a55e-48b95bf75fc6" executionId="96bd6d47-4452-4c31-b919-dcd34f3009ff" testListId="e6d5d253-00bc-47ce-8609-476c9e247ec7" />
    <TestEntry testId="4ec82aa2-edba-419a-ace8-911aef1d8e74" executionId="4249ed12-d43e-4666-acb6-954b2a29e953" testListId="e6d5d253-00bc-47ce-8609-476c9e247ec7" />
    <TestEntry testId="ca1ab4b0-6f92-482b-bc64-99f5b0deb7bc" executionId="dc5128ba-093b-45bc-addb-66025ea47b40" testListId="e6d5d253-00bc-47ce-8609-476c9e247ec7" />
    <TestEntry testId="f4c2b2d7-c931-415e-8190-bad357007046" executionId="1fc4cb23-e50f-483e-93ff-d0c8b16b34ba" testListId="e6d5d253-00bc-47ce-8609-476c9e247ec7" />
    <TestEntry testId="3a45eeeb-adab-4f4f-a102-f1b120665920" executionId="3ab3272d-b59b-4872-90e7-39e38b914d90" testListId="e6d5d253-00bc-47ce-8609-476c9e247ec7" />
    <TestEntry testId="833fcbce-6be8-4453-a6d0-1e0d3a0aa4c2" executionId="ee13c9a3-529b-468c-9457-fe6731037f12" testListId="e6d5d253-00bc-47ce-8609-476c9e247ec7" />
    <TestEntry testId="03ec92ac-b697-4cde-8fc3-ef61b15e91c1" executionId="40ef4a11-6113-4636-a6f8-7456e9ff2f16" testListId="e6d5d253-00bc-47ce-8609-476c9e247ec7" />
    <TestEntry testId="f43bbcd6-cf63-4118-86c6-2b1d50a27eb2" executionId="b636dcae-d66b-4c37-b2a5-c2a23d016c85" testListId="e6d5d253-00bc-47ce-8609-476c9e247ec7" />
    <TestEntry testId="83240044-63c5-4212-92d9-bb1c2098b098" executionId="9ce3acc1-d500-4506-bed5-1ec8a5e49dea" testListId="e6d5d253-00bc-47ce-8609-476c9e247ec7" />
    <TestEntry testId="adf46350-26a8-4ac2-919e-453b3d600272" executionId="0008861d-c358-4d73-aa47-9888f9cb31c2" testListId="e6d5d253-00bc-47ce-8609-476c9e247ec7" />
    <TestEntry testId="2397c6fd-39d4-435f-b4c7-7e5fa6a063ba" executionId="79663792-68d5-4190-a4a5-1ab1927ae8ab" testListId="e6d5d253-00bc-47ce-8609-476c9e247ec7" />
    <TestEntry testId="21b75e1a-d392-494d-a749-b403f59ee668" executionId="60d92539-06da-4620-8d19-67e60b3d1592" testListId="e6d5d253-00bc-47ce-8609-476c9e247ec7" />
    <TestEntry testId="4d259520-d14a-49f5-abc7-5b72847f9a52" executionId="67a128e2-0733-43d0-ab55-6f50c04d63f1" testListId="e6d5d253-00bc-47ce-8609-476c9e247ec7" />
    <TestEntry testId="1445bf29-3389-4942-a448-a660e504929f" executionId="9c4fbd98-45b3-42ef-86c0-50ba20139764" testListId="e6d5d253-00bc-47ce-8609-476c9e247ec7" />
    <TestEntry testId="3eed0c3c-d431-41e1-aeb1-884b55c68d00" executionId="e1ca7212-1f3d-4ece-991c-2e95f5130d75" testListId="e6d5d253-00bc-47ce-8609-476c9e247ec7" />
    <TestEntry testId="b4e448b4-95cd-49ea-81c8-7b563d58a1ac" executionId="643b5741-c602-41ea-b768-f6d003688809" testListId="e6d5d253-00bc-47ce-8609-476c9e247ec7" />
    <TestEntry testId="676f400b-a8e9-40cb-a6c0-411bd0344cd5" executionId="7cc1f1ae-7c92-4d38-b36e-6e9b55de8327" testListId="e6d5d253-00bc-47ce-8609-476c9e247ec7" />
    <TestEntry testId="31a528c3-a174-4275-86f9-ef6826e94852" executionId="a77c8ec5-5911-4f86-b529-65c5a9d09f03" testListId="e6d5d253-00bc-47ce-8609-476c9e247ec7" />
    <TestEntry testId="c62ef964-6543-4299-a8e8-2546a7ed8868" executionId="79b28e0b-8408-4d9e-bf34-a107925f016a" testListId="e6d5d253-00bc-47ce-8609-476c9e247ec7" />
    <TestEntry testId="c008b5c4-cf68-49c3-83b4-fa7dfd11d1f4" executionId="5fb53d9b-ab7e-489b-b648-813321b69024" testListId="e6d5d253-00bc-47ce-8609-476c9e247ec7" />
    <TestEntry testId="68b0f474-efd5-4548-a099-abed2624ffdb" executionId="9cfc58a1-75a6-4814-a26f-5069a095e325" testListId="e6d5d253-00bc-47ce-8609-476c9e247ec7" />
    <TestEntry testId="eeb6c648-e98d-4882-9a4b-0eb7c6ba715d" executionId="668cd221-3f16-45ab-b1d6-dae01276b69b" testListId="e6d5d253-00bc-47ce-8609-476c9e247ec7" />
    <TestEntry testId="973c2184-469d-46ae-bc2d-8d9b16572911" executionId="9c3b7c51-c53f-42c9-bb6b-83ac36228672" testListId="e6d5d253-00bc-47ce-8609-476c9e247ec7" />
    <TestEntry testId="a78528cb-ad78-4d8b-8d3b-1574b759709c" executionId="e62c47b4-c50b-4922-b53b-5a1fc1a070be" testListId="e6d5d253-00bc-47ce-8609-476c9e247ec7" />
    <TestEntry testId="a7dcb08f-f024-438e-932e-fe4cb1c4b733" executionId="8d405bc3-f175-4f5c-9e83-448aff84e9cd" testListId="e6d5d253-00bc-47ce-8609-476c9e247ec7" />
    <TestEntry testId="850d77df-741c-47d8-bfeb-d938e9b1b5db" executionId="dde2ebcd-a7b2-4df0-a378-fd4168178041" testListId="e6d5d253-00bc-47ce-8609-476c9e247ec7" />
    <TestEntry testId="00ffbcc5-eba1-4faa-8cf6-2f93055178c6" executionId="5ecb0c66-9cbb-4cff-9d0c-4537c8cecf8a" testListId="e6d5d253-00bc-47ce-8609-476c9e247ec7" />
    <TestEntry testId="0dda0239-1e8e-41fd-bc90-731212f862fe" executionId="3d2d6b47-a13f-4df9-8dd6-b0de6620dbf9" testListId="e6d5d253-00bc-47ce-8609-476c9e247ec7" />
    <TestEntry testId="d55fe02c-d3b0-430c-966a-9f50e6f2de47" executionId="61c60536-f2c8-4a38-abd9-130b5e6b2626" testListId="e6d5d253-00bc-47ce-8609-476c9e247ec7" />
    <TestEntry testId="cddce98c-5ed8-43b9-8c3b-2149710a2749" executionId="4e5f8ed2-61a7-4bf6-974b-11d32b4142e2" testListId="e6d5d253-00bc-47ce-8609-476c9e247ec7" />
    <TestEntry testId="54fc57f1-0616-4b71-831c-439fd534113b" executionId="63194721-7a21-4853-b419-5174426e311e" testListId="e6d5d253-00bc-47ce-8609-476c9e247ec7" />
    <TestEntry testId="140320bd-9f50-4a75-a63b-4b4b8991f0f6" executionId="ad2d0e6c-55e8-4420-adef-e8bc69bbd072" testListId="e6d5d253-00bc-47ce-8609-476c9e247ec7" />
    <TestEntry testId="d2387eba-673b-4977-aa3b-06d4dae6efb5" executionId="740f751b-ae7b-4c23-82b5-aef1f2a5f3a1" testListId="e6d5d253-00bc-47ce-8609-476c9e247ec7" />
    <TestEntry testId="563480ec-d509-4c1c-8ddb-d16c7a083768" executionId="ff31dca2-4334-4815-8e08-d3529d2c147a" testListId="e6d5d253-00bc-47ce-8609-476c9e247ec7" />
    <TestEntry testId="cdc9b26f-9db0-4bd9-a19c-af9d98d8c90c" executionId="cca7d888-5365-4f26-890e-7ac3f09e996f" testListId="e6d5d253-00bc-47ce-8609-476c9e247ec7" />
    <TestEntry testId="ab0a3fd7-484b-4143-9ad3-50f70fabcf38" executionId="717e15bb-8e61-48fb-9865-3216b2e652cb" testListId="e6d5d253-00bc-47ce-8609-476c9e247ec7" />
    <TestEntry testId="13e287c9-6545-4b31-a433-884b9ba9ff0e" executionId="95f0ad74-4cfa-497e-80ba-4b35ac5ce6de" testListId="e6d5d253-00bc-47ce-8609-476c9e247ec7" />
    <TestEntry testId="92ef84c7-d389-4ede-89c9-5d530e0661bb" executionId="5e7cc2ac-4aac-499f-9658-984e8d4fc58f" testListId="e6d5d253-00bc-47ce-8609-476c9e247ec7" />
    <TestEntry testId="4209abf2-73a2-422b-a9ab-1246c3618f0e" executionId="672196b0-ba70-4768-a1b3-f336d5061bc8" testListId="e6d5d253-00bc-47ce-8609-476c9e247ec7" />
    <TestEntry testId="fead700e-db52-4613-81dd-b3b50685f4e6" executionId="88c720dc-700f-4315-a2f8-a1d32c6153ea" testListId="e6d5d253-00bc-47ce-8609-476c9e247ec7" />
    <TestEntry testId="38b3d5af-efc3-4fcb-91b8-1b633fdfa2a6" executionId="cba26073-8591-4fbb-b59d-d142bd424b5e" testListId="e6d5d253-00bc-47ce-8609-476c9e247ec7" />
    <TestEntry testId="83e90ddb-f740-44b5-8933-74b35df1fb36" executionId="f6c1a02c-1ac1-49d3-8a51-cf6bc5f29f7e" testListId="e6d5d253-00bc-47ce-8609-476c9e247ec7" />
    <TestEntry testId="b9c1f18e-061c-40b8-9e18-724bbdebe06e" executionId="0ce5a8a9-9e4b-4569-872e-3e890439a207" testListId="e6d5d253-00bc-47ce-8609-476c9e247ec7" />
    <TestEntry testId="1a1df1ca-1e23-4e66-9cf2-d346ccf0bbe8" executionId="2a63c314-e529-4059-8973-be25eb61b5c7" testListId="e6d5d253-00bc-47ce-8609-476c9e247ec7" />
    <TestEntry testId="830288cc-2fc9-4abf-9f3e-b67a2ab1139c" executionId="242e9a6d-387a-4169-a1c8-d11a817d34cc" testListId="e6d5d253-00bc-47ce-8609-476c9e247ec7" />
    <TestEntry testId="b4c35e76-aaff-4295-879c-67298fed8ab3" executionId="71ab55a7-3fda-4c61-afef-cfe294ecda96" testListId="e6d5d253-00bc-47ce-8609-476c9e247ec7" />
    <TestEntry testId="9c187e53-d7fc-44ad-87b3-6c2d141ef44d" executionId="42025f91-8d06-40bf-9ca9-98219dcaa709" testListId="e6d5d253-00bc-47ce-8609-476c9e247ec7" />
    <TestEntry testId="5cde4048-e50f-4249-ac83-478a06f69eb0" executionId="fbe2d738-88c8-40fb-a23e-87ce753edaf8" testListId="e6d5d253-00bc-47ce-8609-476c9e247ec7" />
    <TestEntry testId="6a41d05e-0799-4fbb-a2ce-7dc91b3926d7" executionId="8bb4d8a7-3707-4389-ae97-46f574906e0a" testListId="e6d5d253-00bc-47ce-8609-476c9e247ec7" />
    <TestEntry testId="30f4fc5e-ea29-4a48-bc4e-3a7b6e101181" executionId="8f4f3bcf-2207-4f3e-994d-792c376eb2dc" testListId="e6d5d253-00bc-47ce-8609-476c9e247ec7" />
    <TestEntry testId="fbfc3f0b-a827-4a35-8e72-264b38a648d8" executionId="d711d8db-fb98-4405-bafa-0349bf23f676" testListId="e6d5d253-00bc-47ce-8609-476c9e247ec7" />
    <TestEntry testId="cecd0ebb-f9c0-4af9-a75a-d0629df0c400" executionId="690a8ddb-e7d8-4614-bec2-347f29145502" testListId="e6d5d253-00bc-47ce-8609-476c9e247ec7" />
    <TestEntry testId="aa9f5be6-610c-41c5-b327-6a497349b507" executionId="7c86cb5c-5eea-4e9a-a22e-80e0e928f009" testListId="e6d5d253-00bc-47ce-8609-476c9e247ec7" />
    <TestEntry testId="bc2ec26d-0012-4fec-b861-52126cd98173" executionId="766d4577-0d85-43c9-a5b0-54321797246d" testListId="e6d5d253-00bc-47ce-8609-476c9e247ec7" />
    <TestEntry testId="9d946af5-a586-407c-8337-51afbcd50a31" executionId="034cb2af-0e9b-4abb-bd0f-9ba1092ec539" testListId="e6d5d253-00bc-47ce-8609-476c9e247ec7" />
    <TestEntry testId="f3671a82-32b7-405e-9b96-a20b6e0be471" executionId="823c0b46-d33b-4bd2-9584-a6202d5f47eb" testListId="e6d5d253-00bc-47ce-8609-476c9e247ec7" />
    <TestEntry testId="ceb351bf-fa04-485e-bf19-c5eecd6f3508" executionId="a124138a-1237-41fb-b7b7-5046c949919d" testListId="e6d5d253-00bc-47ce-8609-476c9e247ec7" />
    <TestEntry testId="e57da9fe-5fbb-4389-9c7e-953f20f7f6e5" executionId="5f000634-3eae-4715-a20c-f8bfd94f0515" testListId="e6d5d253-00bc-47ce-8609-476c9e247ec7" />
    <TestEntry testId="fa4c2fd0-b36d-4218-82c6-ea9998f5f451" executionId="8f95b625-a7e5-4f9e-b1a4-61d0e120f2e6" testListId="e6d5d253-00bc-47ce-8609-476c9e247ec7" />
    <TestEntry testId="fed698a6-ac6a-44f7-8fee-c263315f294f" executionId="149bd0b8-9b46-4cee-b163-54ba6eeb5d35" testListId="e6d5d253-00bc-47ce-8609-476c9e247ec7" />
    <TestEntry testId="2d71674f-9686-4be3-ab82-a3ea28ea2bef" executionId="e63f83cd-2081-47f0-ac82-115ef37728f6" testListId="e6d5d253-00bc-47ce-8609-476c9e247ec7" />
    <TestEntry testId="cb1be78d-1fe3-49c9-b1aa-d9b1ae86e66a" executionId="3fec6bf7-3751-46c7-b5e2-5e0ccb15c517" testListId="e6d5d253-00bc-47ce-8609-476c9e247ec7" />
    <TestEntry testId="dfbea852-34a1-4f71-b19f-e038341b6ff3" executionId="3dc2fff8-f87d-4c6f-ad2c-bac6ea46c0a7" testListId="e6d5d253-00bc-47ce-8609-476c9e247ec7" />
    <TestEntry testId="bcab0ff0-4afd-4623-af8d-bbcd804e9432" executionId="96ac7901-29bb-4ff9-93ea-59bbb865335f" testListId="e6d5d253-00bc-47ce-8609-476c9e247ec7" />
    <TestEntry testId="dd3a94fb-0787-4dd5-8be4-7abcc3b0565c" executionId="7c14998f-ac4e-48b4-a880-200671686e8f" testListId="e6d5d253-00bc-47ce-8609-476c9e247ec7" />
    <TestEntry testId="8063cf79-a284-4ea5-a57f-30323b73ae18" executionId="93d5fc6f-35e1-4d24-817d-b820d0d868fc" testListId="e6d5d253-00bc-47ce-8609-476c9e247ec7" />
    <TestEntry testId="7c4dc53b-7d63-4ebd-bc29-44f0484180f2" executionId="4a3b4f51-a018-4c1b-8ea8-8b050c69b3a5" testListId="e6d5d253-00bc-47ce-8609-476c9e247ec7" />
    <TestEntry testId="e8bc3017-c5a1-49bc-b1ce-ac3cb54fa8b5" executionId="8ddabc3f-a9ee-4f9a-b21a-f52c44aae8e3" testListId="e6d5d253-00bc-47ce-8609-476c9e247ec7" />
    <TestEntry testId="5566cfb1-9225-4021-b27b-9dc7926c490f" executionId="550b5b76-fcae-4bee-b9f7-e07d3127a857" testListId="e6d5d253-00bc-47ce-8609-476c9e247ec7" />
    <TestEntry testId="b09baa67-e16d-4e86-9d05-ab54c02b906d" executionId="e08ba3d6-c5f5-4675-91e3-6efd503d67d8" testListId="e6d5d253-00bc-47ce-8609-476c9e247ec7" />
    <TestEntry testId="4cfb3b31-005a-4b1f-82b3-61cd4531894c" executionId="549df9a7-df60-4585-a416-3cef55191430" testListId="e6d5d253-00bc-47ce-8609-476c9e247ec7" />
    <TestEntry testId="adad53c0-26f6-428f-b82b-922375d8427c" executionId="ff1933ae-dc53-4208-a892-f3be4c58db7f" testListId="e6d5d253-00bc-47ce-8609-476c9e247ec7" />
    <TestEntry testId="d6b85518-8f8b-499e-8676-fb79200ab3f9" executionId="6d46b178-b7ca-4185-8103-d222f4a7e77f" testListId="e6d5d253-00bc-47ce-8609-476c9e247ec7" />
    <TestEntry testId="eb524777-bab9-4694-9c6e-a604e4c82fdb" executionId="f620eb88-d6f7-48e9-975e-7abd361d06aa" testListId="e6d5d253-00bc-47ce-8609-476c9e247ec7" />
  </TestEntries>
  <TestLists>
    <TestList name="Results Not in a List" id="e6d5d253-00bc-47ce-8609-476c9e247ec7" />
    <TestList name="All Loaded Results" id="9239196e-1d65-476f-a9be-76ebe94c2118" />
  </TestLists>
</TestRun>