<?xml version="1.0" encoding="UTF-8"?>
<TestRun id="311e36b5-7463-4efa-9a6c-7805a194f4f4" name="Test Run 33" runUser="Oles Galatsan" xmlns="http://microsoft.com/schemas/VisualStudio/TeamTest/2010">
  <Times creation="2025-05-14T13:20:31.3125482Z" queuing="2025-05-14T13:20:31.3125482Z" start="2025-05-14T13:20:31.3146610Z" finish="2025-05-14T13:25:31.3147553Z" />
  <TestSettings name="Test Settings 33" id="677fed4d-3d49-48a2-8689-3bc15e846b55" />
  <Results>
    <UnitTestResult executionId="7b727e79-8952-4530-b3cd-3652ed77cfda" testId="b90e0b46-aabd-438a-ac07-7b615267766e" testName="Test3201" computerName="UA-LPT-OGA2" duration="00:00:01.7790000" startTime="2025-05-14T13:20:31.3146610Z" endTime="2025-05-14T13:25:31.3147553Z" testType="13cdc9d9-ddb5-4fa4-a97d-d965ccfc6d4b" outcome="Passed" testListId="1f62a161-bba2-4e59-b2a6-50610f54f67c" />
    <UnitTestResult executionId="2e4d914c-05d2-4d2a-8066-bac08c78f16b" testId="843e7b5e-4ad6-4819-833c-da1569cee835" testName="Test3202" computerName="UA-LPT-OGA2" duration="00:00:01.0970000" startTime="2025-05-14T13:20:31.3146610Z" endTime="2025-05-14T13:25:31.3147553Z" testType="13cdc9d9-ddb5-4fa4-a97d-d965ccfc6d4b" outcome="Passed" testListId="1f62a161-bba2-4e59-b2a6-50610f54f67c" />
    <UnitTestResult executionId="dfac7bc2-4d50-4cd7-bbb8-7ecab87825c5" testId="a02f8bbd-9ce9-4e6a-952c-47312e9d13d0" testName="Test3203" computerName="UA-LPT-OGA2" duration="00:00:01.2870000" startTime="2025-05-14T13:20:31.3146610Z" endTime="2025-05-14T13:25:31.3147553Z" testType="13cdc9d9-ddb5-4fa4-a97d-d965ccfc6d4b" outcome="Passed" testListId="1f62a161-bba2-4e59-b2a6-50610f54f67c" />
    <UnitTestResult executionId="31fecaff-90ff-4356-8dd7-53d3d350efae" testId="5b029b34-546b-4736-bf07-740f5b2a8900" testName="Test3204" computerName="UA-LPT-OGA2" duration="00:00:01.9240000" startTime="2025-05-14T13:20:31.3146610Z" endTime="2025-05-14T13:25:31.3147553Z" testType="13cdc9d9-ddb5-4fa4-a97d-d965ccfc6d4b" outcome="Passed" testListId="1f62a161-bba2-4e59-b2a6-50610f54f67c" />
    <UnitTestResult executionId="387e2fbf-9759-4019-9961-43499a3d7239" testId="d86654fc-b60c-48ca-85fb-dc32f6e7b97b" testName="Test3205" computerName="UA-LPT-OGA2" duration="00:00:00.4660000" startTime="2025-05-14T13:20:31.3146610Z" endTime="2025-05-14T13:25:31.3147553Z" testType="13cdc9d9-ddb5-4fa4-a97d-d965ccfc6d4b" outcome="Passed" testListId="1f62a161-bba2-4e59-b2a6-50610f54f67c" />
    <UnitTestResult executionId="ba832d13-65bc-4b06-8568-d26eb326aa69" testId="01393931-4968-4f4e-abf1-de6e7f5c8656" testName="Test3206" computerName="UA-LPT-OGA2" duration="00:00:01.5980000" startTime="2025-05-14T13:20:31.3146610Z" endTime="2025-05-14T13:25:31.3147553Z" testType="13cdc9d9-ddb5-4fa4-a97d-d965ccfc6d4b" outcome="Passed" testListId="1f62a161-bba2-4e59-b2a6-50610f54f67c" />
    <UnitTestResult executionId="2106853d-8b8e-4017-9667-0c7b3fd06777" testId="95f65319-4e7b-42b5-be87-38199b3cc400" testName="Test3207" computerName="UA-LPT-OGA2" duration="00:00:00.4940000" startTime="2025-05-14T13:20:31.3146610Z" endTime="2025-05-14T13:25:31.3147553Z" testType="13cdc9d9-ddb5-4fa4-a97d-d965ccfc6d4b" outcome="Passed" testListId="1f62a161-bba2-4e59-b2a6-50610f54f67c" />
    <UnitTestResult executionId="86ecc68f-59ab-458b-9d6b-f6e4a184966c" testId="8dda56c9-43d9-4c99-b0c1-8aface709bf5" testName="Test3208" computerName="UA-LPT-OGA2" duration="00:00:01.5710000" startTime="2025-05-14T13:20:31.3146610Z" endTime="2025-05-14T13:25:31.3147553Z" testType="13cdc9d9-ddb5-4fa4-a97d-d965ccfc6d4b" outcome="Passed" testListId="1f62a161-bba2-4e59-b2a6-50610f54f67c" />
    <UnitTestResult executionId="707fe9fe-06f3-4543-849b-ee8d3a3a91f1" testId="d33d8365-c007-40ed-bb88-e251743b5201" testName="Test3209" computerName="UA-LPT-OGA2" duration="00:00:00.2650000" startTime="2025-05-14T13:20:31.3146610Z" endTime="2025-05-14T13:25:31.3147553Z" testType="13cdc9d9-ddb5-4fa4-a97d-d965ccfc6d4b" outcome="Passed" testListId="1f62a161-bba2-4e59-b2a6-50610f54f67c" />
    <UnitTestResult executionId="6de245a0-91b5-49ef-82d9-5b39fb8fa2f7" testId="99ce5e82-f918-42fb-95d5-deeee7a24e1f" testName="Test3210" computerName="UA-LPT-OGA2" duration="00:00:00.6010000" startTime="2025-05-14T13:20:31.3146610Z" endTime="2025-05-14T13:25:31.3147553Z" testType="13cdc9d9-ddb5-4fa4-a97d-d965ccfc6d4b" outcome="Passed" testListId="1f62a161-bba2-4e59-b2a6-50610f54f67c" />
    <UnitTestResult executionId="6a256888-93d0-472a-9b89-fdd033c67b7b" testId="fc9cc0da-f704-44b5-a721-51614ca20322" testName="Test3211" computerName="UA-LPT-OGA2" duration="00:00:00.8970000" startTime="2025-05-14T13:20:31.3146610Z" endTime="2025-05-14T13:25:31.3147553Z" testType="13cdc9d9-ddb5-4fa4-a97d-d965ccfc6d4b" outcome="Passed" testListId="1f62a161-bba2-4e59-b2a6-50610f54f67c" />
    <UnitTestResult executionId="d47a29a9-989b-4787-82b2-0dfc17f9af53" testId="63bf7ccf-35bc-4078-8f57-2351b952a816" testName="Test3212" computerName="UA-LPT-OGA2" duration="00:00:00.0860000" startTime="2025-05-14T13:20:31.3146610Z" endTime="2025-05-14T13:25:31.3147553Z" testType="13cdc9d9-ddb5-4fa4-a97d-d965ccfc6d4b" outcome="Passed" testListId="1f62a161-bba2-4e59-b2a6-50610f54f67c" />
    <UnitTestResult executionId="33f8f30b-96e4-4b81-9485-40ff04ec5c17" testId="229b5042-3ceb-431f-a7cf-b3710d631d0e" testName="Test3213" computerName="UA-LPT-OGA2" duration="00:00:00.4110000" startTime="2025-05-14T13:20:31.3146610Z" endTime="2025-05-14T13:25:31.3147553Z" testType="13cdc9d9-ddb5-4fa4-a97d-d965ccfc6d4b" outcome="Passed" testListId="1f62a161-bba2-4e59-b2a6-50610f54f67c" />
    <UnitTestResult executionId="a0668b00-4fe3-4b79-9ab1-02d6b2a3b189" testId="6f8837b0-d05d-41f4-9fa2-ee8469dea9f2" testName="Test3214" computerName="UA-LPT-OGA2" duration="00:00:01.7190000" startTime="2025-05-14T13:20:31.3146610Z" endTime="2025-05-14T13:25:31.3147553Z" testType="13cdc9d9-ddb5-4fa4-a97d-d965ccfc6d4b" outcome="Passed" testListId="1f62a161-bba2-4e59-b2a6-50610f54f67c" />
    <UnitTestResult executionId="68173506-2b1e-413c-a739-21469adee261" testId="aa3edcca-3549-4193-bce2-b996759be4f6" testName="Test3215" computerName="UA-LPT-OGA2" duration="00:00:01.1830000" startTime="2025-05-14T13:20:31.3146610Z" endTime="2025-05-14T13:25:31.3147553Z" testType="13cdc9d9-ddb5-4fa4-a97d-d965ccfc6d4b" outcome="Passed" testListId="1f62a161-bba2-4e59-b2a6-50610f54f67c" />
    <UnitTestResult executionId="71dcda88-ac42-4f8a-bbd8-6441ad128936" testId="cc5440ce-5cf2-4e8c-a6b3-9d27478f0ef6" testName="Test3216" computerName="UA-LPT-OGA2" duration="00:00:00.1040000" startTime="2025-05-14T13:20:31.3146610Z" endTime="2025-05-14T13:25:31.3147553Z" testType="13cdc9d9-ddb5-4fa4-a97d-d965ccfc6d4b" outcome="Passed" testListId="1f62a161-bba2-4e59-b2a6-50610f54f67c" />
    <UnitTestResult executionId="d1965d7c-cfda-489e-b422-dc65bcf9e543" testId="617c0f4b-551c-4b78-a7da-01a74d39a5b4" testName="Test3217" computerName="UA-LPT-OGA2" duration="00:00:00.6640000" startTime="2025-05-14T13:20:31.3146610Z" endTime="2025-05-14T13:25:31.3147553Z" testType="13cdc9d9-ddb5-4fa4-a97d-d965ccfc6d4b" outcome="Passed" testListId="1f62a161-bba2-4e59-b2a6-50610f54f67c" />
    <UnitTestResult executionId="2fd35c62-e24c-465c-b3f5-6fdaf48184a7" testId="0c45dc2a-5036-4587-81b8-2fec7f620f10" testName="Test3218" computerName="UA-LPT-OGA2" duration="00:00:01.0860000" startTime="2025-05-14T13:20:31.3146610Z" endTime="2025-05-14T13:25:31.3147553Z" testType="13cdc9d9-ddb5-4fa4-a97d-d965ccfc6d4b" outcome="Failed" testListId="1f62a161-bba2-4e59-b2a6-50610f54f67c">
      <Output>
        <ErrorInfo>
          <Message>Assertion failed: Expected value did not match actual value.</Message>
          <StackTrace>   at TestNamespace.TestClass.Test() in TestClass.cs:line 472</StackTrace>
        </ErrorInfo>
      </Output>
    </UnitTestResult>
    <UnitTestResult executionId="624638ce-38ad-490e-b3e0-a4e05fd9d718" testId="6a886c36-ce69-40e4-98b5-095868b86dc3" testName="Test3219" computerName="UA-LPT-OGA2" duration="00:00:00.2270000" startTime="2025-05-14T13:20:31.3146610Z" endTime="2025-05-14T13:25:31.3147553Z" testType="13cdc9d9-ddb5-4fa4-a97d-d965ccfc6d4b" outcome="Passed" testListId="1f62a161-bba2-4e59-b2a6-50610f54f67c" />
    <UnitTestResult executionId="aa04a716-ac45-4bcb-8567-e2ef63ea5731" testId="5ed384f4-6127-43c9-bda4-044e728f0707" testName="Test3220" computerName="UA-LPT-OGA2" duration="00:00:01.8980000" startTime="2025-05-14T13:20:31.3146610Z" endTime="2025-05-14T13:25:31.3147553Z" testType="13cdc9d9-ddb5-4fa4-a97d-d965ccfc6d4b" outcome="Passed" testListId="1f62a161-bba2-4e59-b2a6-50610f54f67c" />
    <UnitTestResult executionId="3ca82b97-17ee-4380-a08a-b20c304d40a4" testId="1b42e14d-1f9d-418e-a7e2-576dcc4f6f8f" testName="Test3221" computerName="UA-LPT-OGA2" duration="00:00:01.6120000" startTime="2025-05-14T13:20:31.3146610Z" endTime="2025-05-14T13:25:31.3147553Z" testType="13cdc9d9-ddb5-4fa4-a97d-d965ccfc6d4b" outcome="Passed" testListId="1f62a161-bba2-4e59-b2a6-50610f54f67c" />
    <UnitTestResult executionId="2a2ef5a3-67df-4318-868b-e38dce379b89" testId="1cd90cc1-a626-4c6f-91c6-291d057916b9" testName="Test3222" computerName="UA-LPT-OGA2" duration="00:00:01.5170000" startTime="2025-05-14T13:20:31.3146610Z" endTime="2025-05-14T13:25:31.3147553Z" testType="13cdc9d9-ddb5-4fa4-a97d-d965ccfc6d4b" outcome="Passed" testListId="1f62a161-bba2-4e59-b2a6-50610f54f67c" />
    <UnitTestResult executionId="63508439-9c53-4d46-a37f-5117e610b399" testId="4e6c7a55-8de8-4afd-93b1-57318c057138" testName="Test3223" computerName="UA-LPT-OGA2" duration="00:00:00.9840000" startTime="2025-05-14T13:20:31.3146610Z" endTime="2025-05-14T13:25:31.3147553Z" testType="13cdc9d9-ddb5-4fa4-a97d-d965ccfc6d4b" outcome="Passed" testListId="1f62a161-bba2-4e59-b2a6-50610f54f67c" />
    <UnitTestResult executionId="d854e6c2-6175-4b89-8bf4-5a527aa3d7e2" testId="1524f472-7ea1-4697-a921-5bdea8ce539a" testName="Test3224" computerName="UA-LPT-OGA2" duration="00:00:01.8370000" startTime="2025-05-14T13:20:31.3146610Z" endTime="2025-05-14T13:25:31.3147553Z" testType="13cdc9d9-ddb5-4fa4-a97d-d965ccfc6d4b" outcome="Passed" testListId="1f62a161-bba2-4e59-b2a6-50610f54f67c" />
    <UnitTestResult executionId="b9e36c2b-7ea9-47d3-8b7c-2aac2339bb87" testId="887f31b2-bc88-4a3c-a7f7-c43a4c7b821c" testName="Test3225" computerName="UA-LPT-OGA2" duration="00:00:01.8970000" startTime="2025-05-14T13:20:31.3146610Z" endTime="2025-05-14T13:25:31.3147553Z" testType="13cdc9d9-ddb5-4fa4-a97d-d965ccfc6d4b" outcome="Passed" testListId="1f62a161-bba2-4e59-b2a6-50610f54f67c" />
    <UnitTestResult executionId="0d69cfd7-0484-4e16-8895-bd1a3fb4389c" testId="caac9ddc-a28e-4132-b61b-a54a02c1057e" testName="Test3226" computerName="UA-LPT-OGA2" duration="00:00:00.4860000" startTime="2025-05-14T13:20:31.3146610Z" endTime="2025-05-14T13:25:31.3147553Z" testType="13cdc9d9-ddb5-4fa4-a97d-d965ccfc6d4b" outcome="Passed" testListId="1f62a161-bba2-4e59-b2a6-50610f54f67c" />
    <UnitTestResult executionId="23db457c-c8e0-4639-aeb5-6f73e7d1e7d4" testId="3b2a7d91-cb88-4ec9-abef-fa82587e41e5" testName="Test3227" computerName="UA-LPT-OGA2" duration="00:00:00.9300000" startTime="2025-05-14T13:20:31.3146610Z" endTime="2025-05-14T13:25:31.3147553Z" testType="13cdc9d9-ddb5-4fa4-a97d-d965ccfc6d4b" outcome="Passed" testListId="1f62a161-bba2-4e59-b2a6-50610f54f67c" />
    <UnitTestResult executionId="0fbde845-8182-4bca-94f0-d4c0182849e2" testId="3f1d93f9-e03a-4f4b-92a2-f0534a11a0b9" testName="Test3228" computerName="UA-LPT-OGA2" duration="00:00:00.7340000" startTime="2025-05-14T13:20:31.3146610Z" endTime="2025-05-14T13:25:31.3147553Z" testType="13cdc9d9-ddb5-4fa4-a97d-d965ccfc6d4b" outcome="Passed" testListId="1f62a161-bba2-4e59-b2a6-50610f54f67c" />
    <UnitTestResult executionId="af00cc9e-d1db-4e4d-ade4-e2bc0509e67c" testId="c7dd5f66-d839-45ad-b1bd-d724d4f3e545" testName="Test3229" computerName="UA-LPT-OGA2" duration="00:00:00.7220000" startTime="2025-05-14T13:20:31.3146610Z" endTime="2025-05-14T13:25:31.3147553Z" testType="13cdc9d9-ddb5-4fa4-a97d-d965ccfc6d4b" outcome="Passed" testListId="1f62a161-bba2-4e59-b2a6-50610f54f67c" />
    <UnitTestResult executionId="9f416fec-7b94-4ae8-9a0c-14bac8d703d3" testId="2f8fc8e1-c533-445c-b4f6-b9814686c041" testName="Test3230" computerName="UA-LPT-OGA2" duration="00:00:00.9180000" startTime="2025-05-14T13:20:31.3146610Z" endTime="2025-05-14T13:25:31.3147553Z" testType="13cdc9d9-ddb5-4fa4-a97d-d965ccfc6d4b" outcome="Failed" testListId="1f62a161-bba2-4e59-b2a6-50610f54f67c">
      <Output>
        <ErrorInfo>
          <Message>Assertion failed: Expected value did not match actual value.</Message>
          <StackTrace>   at TestNamespace.TestClass.Test() in TestClass.cs:line 486</StackTrace>
        </ErrorInfo>
      </Output>
    </UnitTestResult>
    <UnitTestResult executionId="e9b6a1df-a70d-471f-a5bf-9e918c3a8af7" testId="ef7bb064-61dc-4cdd-8be4-a2861ad4679f" testName="Test3231" computerName="UA-LPT-OGA2" duration="00:00:01.8280000" startTime="2025-05-14T13:20:31.3146610Z" endTime="2025-05-14T13:25:31.3147553Z" testType="13cdc9d9-ddb5-4fa4-a97d-d965ccfc6d4b" outcome="Passed" testListId="1f62a161-bba2-4e59-b2a6-50610f54f67c" />
    <UnitTestResult executionId="c5d6af0c-0164-4aad-a354-9669902e2811" testId="b6943ddc-9e6c-4950-ae83-8f1e05edb9b6" testName="Test3232" computerName="UA-LPT-OGA2" duration="00:00:00.7180000" startTime="2025-05-14T13:20:31.3146610Z" endTime="2025-05-14T13:25:31.3147553Z" testType="13cdc9d9-ddb5-4fa4-a97d-d965ccfc6d4b" outcome="Passed" testListId="1f62a161-bba2-4e59-b2a6-50610f54f67c" />
    <UnitTestResult executionId="5560059e-63e3-4d34-94a4-25248ee84e54" testId="d382ca24-4719-4868-b595-c4ef5c92da8b" testName="Test3233" computerName="UA-LPT-OGA2" duration="00:00:01.7850000" startTime="2025-05-14T13:20:31.3146610Z" endTime="2025-05-14T13:25:31.3147553Z" testType="13cdc9d9-ddb5-4fa4-a97d-d965ccfc6d4b" outcome="Passed" testListId="1f62a161-bba2-4e59-b2a6-50610f54f67c" />
    <UnitTestResult executionId="88ed8685-1be3-4b20-b543-3392d4d51489" testId="3a09c450-ef9a-4f65-ba2b-df4d6c90fa3d" testName="Test3234" computerName="UA-LPT-OGA2" duration="00:00:01.7900000" startTime="2025-05-14T13:20:31.3146610Z" endTime="2025-05-14T13:25:31.3147553Z" testType="13cdc9d9-ddb5-4fa4-a97d-d965ccfc6d4b" outcome="Passed" testListId="1f62a161-bba2-4e59-b2a6-50610f54f67c" />
    <UnitTestResult executionId="bd9316db-d320-4e4f-a7c3-1c8f4fa2a87e" testId="79ae4036-a6a8-4761-8396-6327082bfe70" testName="Test3235" computerName="UA-LPT-OGA2" duration="00:00:01.7820000" startTime="2025-05-14T13:20:31.3146610Z" endTime="2025-05-14T13:25:31.3147553Z" testType="13cdc9d9-ddb5-4fa4-a97d-d965ccfc6d4b" outcome="Passed" testListId="1f62a161-bba2-4e59-b2a6-50610f54f67c" />
    <UnitTestResult executionId="b77b22dc-e338-42a9-be1b-77127917b37a" testId="21c39e76-3dc6-4385-8427-11d6225ee206" testName="Test3236" computerName="UA-LPT-OGA2" duration="00:00:01.5960000" startTime="2025-05-14T13:20:31.3146610Z" endTime="2025-05-14T13:25:31.3147553Z" testType="13cdc9d9-ddb5-4fa4-a97d-d965ccfc6d4b" outcome="Failed" testListId="1f62a161-bba2-4e59-b2a6-50610f54f67c">
      <Output>
        <ErrorInfo>
          <Message>Assertion failed: Expected value did not match actual value.</Message>
          <StackTrace>   at TestNamespace.TestClass.Test() in TestClass.cs:line 222</StackTrace>
        </ErrorInfo>
      </Output>
    </UnitTestResult>
    <UnitTestResult executionId="4b8a2c7a-7e9e-48df-9a0f-7be1f72771bf" testId="4f1d8951-981a-4753-8c96-6e2c6a8f444e" testName="Test3237" computerName="UA-LPT-OGA2" duration="00:00:01.0090000" startTime="2025-05-14T13:20:31.3146610Z" endTime="2025-05-14T13:25:31.3147553Z" testType="13cdc9d9-ddb5-4fa4-a97d-d965ccfc6d4b" outcome="Passed" testListId="1f62a161-bba2-4e59-b2a6-50610f54f67c" />
    <UnitTestResult executionId="af5edaf6-77fe-4055-bf50-4c8af68feaf1" testId="fd08c239-39ff-4d2e-be63-175c83728f82" testName="Test3238" computerName="UA-LPT-OGA2" duration="00:00:01.8470000" startTime="2025-05-14T13:20:31.3146610Z" endTime="2025-05-14T13:25:31.3147553Z" testType="13cdc9d9-ddb5-4fa4-a97d-d965ccfc6d4b" outcome="Passed" testListId="1f62a161-bba2-4e59-b2a6-50610f54f67c" />
    <UnitTestResult executionId="57498523-3f26-47f4-a26e-87e47742e058" testId="a4f30a6c-d8f1-438e-b7ee-e3f233a721dd" testName="Test3239" computerName="UA-LPT-OGA2" duration="00:00:00.0300000" startTime="2025-05-14T13:20:31.3146610Z" endTime="2025-05-14T13:25:31.3147553Z" testType="13cdc9d9-ddb5-4fa4-a97d-d965ccfc6d4b" outcome="Passed" testListId="1f62a161-bba2-4e59-b2a6-50610f54f67c" />
    <UnitTestResult executionId="49c0d990-177a-4050-a3d5-615d40d4b45d" testId="04b2ca1e-b8ac-40dc-b501-4150e0297957" testName="Test3240" computerName="UA-LPT-OGA2" duration="00:00:01.2160000" startTime="2025-05-14T13:20:31.3146610Z" endTime="2025-05-14T13:25:31.3147553Z" testType="13cdc9d9-ddb5-4fa4-a97d-d965ccfc6d4b" outcome="Passed" testListId="1f62a161-bba2-4e59-b2a6-50610f54f67c" />
    <UnitTestResult executionId="9f71280b-8c3b-4b69-8e3d-8c5b0f5513e3" testId="3072c428-f361-4e7c-9c7a-aa80146cf557" testName="Test3241" computerName="UA-LPT-OGA2" duration="00:00:01.6750000" startTime="2025-05-14T13:20:31.3146610Z" endTime="2025-05-14T13:25:31.3147553Z" testType="13cdc9d9-ddb5-4fa4-a97d-d965ccfc6d4b" outcome="Passed" testListId="1f62a161-bba2-4e59-b2a6-50610f54f67c" />
    <UnitTestResult executionId="f7ab8a1e-5021-42fd-93b2-62431e41c540" testId="fa553bcc-dc8c-484b-b1a8-fac3ad343ec1" testName="Test3242" computerName="UA-LPT-OGA2" duration="00:00:01.0540000" startTime="2025-05-14T13:20:31.3146610Z" endTime="2025-05-14T13:25:31.3147553Z" testType="13cdc9d9-ddb5-4fa4-a97d-d965ccfc6d4b" outcome="Passed" testListId="1f62a161-bba2-4e59-b2a6-50610f54f67c" />
    <UnitTestResult executionId="d3d7234b-8aec-4308-bec7-6b557bd381a3" testId="edebdf00-dc1e-46c4-8fd7-980017715b40" testName="Test3243" computerName="UA-LPT-OGA2" duration="00:00:01.1770000" startTime="2025-05-14T13:20:31.3146610Z" endTime="2025-05-14T13:25:31.3147553Z" testType="13cdc9d9-ddb5-4fa4-a97d-d965ccfc6d4b" outcome="Passed" testListId="1f62a161-bba2-4e59-b2a6-50610f54f67c" />
    <UnitTestResult executionId="321274ae-b45d-4d45-904e-c6abd13b3dd0" testId="cfca51ea-c64b-449d-bfb4-35509ec502f6" testName="Test3244" computerName="UA-LPT-OGA2" duration="00:00:00.5790000" startTime="2025-05-14T13:20:31.3146610Z" endTime="2025-05-14T13:25:31.3147553Z" testType="13cdc9d9-ddb5-4fa4-a97d-d965ccfc6d4b" outcome="Passed" testListId="1f62a161-bba2-4e59-b2a6-50610f54f67c" />
    <UnitTestResult executionId="9d601091-30f8-49d2-8382-440742d4c78e" testId="250805cb-fa21-48b1-9a60-3e3f1a2d2cc0" testName="Test3245" computerName="UA-LPT-OGA2" duration="00:00:00.0880000" startTime="2025-05-14T13:20:31.3146610Z" endTime="2025-05-14T13:25:31.3147553Z" testType="13cdc9d9-ddb5-4fa4-a97d-d965ccfc6d4b" outcome="Passed" testListId="1f62a161-bba2-4e59-b2a6-50610f54f67c" />
    <UnitTestResult executionId="19e5e8aa-d896-474d-99a6-5eb256916e7d" testId="257e750a-0d18-4b3f-9bd9-23321bdba4ab" testName="Test3246" computerName="UA-LPT-OGA2" duration="00:00:00.7310000" startTime="2025-05-14T13:20:31.3146610Z" endTime="2025-05-14T13:25:31.3147553Z" testType="13cdc9d9-ddb5-4fa4-a97d-d965ccfc6d4b" outcome="Passed" testListId="1f62a161-bba2-4e59-b2a6-50610f54f67c" />
    <UnitTestResult executionId="e3bb442a-389b-40de-9bf0-375055105b87" testId="7a528548-d3fd-4c47-8718-76a3c5a5de18" testName="Test3247" computerName="UA-LPT-OGA2" duration="00:00:01.1030000" startTime="2025-05-14T13:20:31.3146610Z" endTime="2025-05-14T13:25:31.3147553Z" testType="13cdc9d9-ddb5-4fa4-a97d-d965ccfc6d4b" outcome="Failed" testListId="1f62a161-bba2-4e59-b2a6-50610f54f67c">
      <Output>
        <ErrorInfo>
          <Message>Assertion failed: Expected value did not match actual value.</Message>
          <StackTrace>   at TestNamespace.TestClass.Test() in TestClass.cs:line 420</StackTrace>
        </ErrorInfo>
      </Output>
    </UnitTestResult>
    <UnitTestResult executionId="8f5b141c-9360-47d3-af25-3c98bc302c88" testId="c2903b79-f00b-4a1e-a05d-dcd72e9e709a" testName="Test3248" computerName="UA-LPT-OGA2" duration="00:00:01.4190000" startTime="2025-05-14T13:20:31.3146610Z" endTime="2025-05-14T13:25:31.3147553Z" testType="13cdc9d9-ddb5-4fa4-a97d-d965ccfc6d4b" outcome="Passed" testListId="1f62a161-bba2-4e59-b2a6-50610f54f67c" />
    <UnitTestResult executionId="22590219-28ca-49c6-bb94-31182dc4d225" testId="b96610d7-6cc8-4616-86d0-e62b87faeb72" testName="Test3249" computerName="UA-LPT-OGA2" duration="00:00:01.0990000" startTime="2025-05-14T13:20:31.3146610Z" endTime="2025-05-14T13:25:31.3147553Z" testType="13cdc9d9-ddb5-4fa4-a97d-d965ccfc6d4b" outcome="Passed" testListId="1f62a161-bba2-4e59-b2a6-50610f54f67c" />
    <UnitTestResult executionId="a13f447d-e18b-4796-9a16-4ebdb13062db" testId="93051db2-8790-455f-bcd8-2d6a79c18d63" testName="Test3250" computerName="UA-LPT-OGA2" duration="00:00:00.3770000" startTime="2025-05-14T13:20:31.3146610Z" endTime="2025-05-14T13:25:31.3147553Z" testType="13cdc9d9-ddb5-4fa4-a97d-d965ccfc6d4b" outcome="Failed" testListId="1f62a161-bba2-4e59-b2a6-50610f54f67c">
      <Output>
        <ErrorInfo>
          <Message>Assertion failed: Expected value did not match actual value.</Message>
          <StackTrace>   at TestNamespace.TestClass.Test() in TestClass.cs:line 488</StackTrace>
        </ErrorInfo>
      </Output>
    </UnitTestResult>
    <UnitTestResult executionId="363bcc6e-5ec9-43ae-961d-7eb75db374be" testId="01a71025-9eed-4813-ba71-7981e80092c5" testName="Test3251" computerName="UA-LPT-OGA2" duration="00:00:00.8850000" startTime="2025-05-14T13:20:31.3146610Z" endTime="2025-05-14T13:25:31.3147553Z" testType="13cdc9d9-ddb5-4fa4-a97d-d965ccfc6d4b" outcome="Passed" testListId="1f62a161-bba2-4e59-b2a6-50610f54f67c" />
    <UnitTestResult executionId="3ad3332a-a3ec-44d0-b992-7d08c56cf6b9" testId="5cd327cd-fa12-4f6f-8312-0b50612c8f65" testName="Test3252" computerName="UA-LPT-OGA2" duration="00:00:00.4490000" startTime="2025-05-14T13:20:31.3146610Z" endTime="2025-05-14T13:25:31.3147553Z" testType="13cdc9d9-ddb5-4fa4-a97d-d965ccfc6d4b" outcome="Passed" testListId="1f62a161-bba2-4e59-b2a6-50610f54f67c" />
    <UnitTestResult executionId="3d30509c-cc4e-4355-8451-35c9c444a1f4" testId="27395847-4734-4787-aec4-8906179aa13a" testName="Test3253" computerName="UA-LPT-OGA2" duration="00:00:01.4180000" startTime="2025-05-14T13:20:31.3146610Z" endTime="2025-05-14T13:25:31.3147553Z" testType="13cdc9d9-ddb5-4fa4-a97d-d965ccfc6d4b" outcome="Passed" testListId="1f62a161-bba2-4e59-b2a6-50610f54f67c" />
    <UnitTestResult executionId="2ad6365b-fe7f-4c90-b460-9ef95f4b453d" testId="51fd9b05-ab19-4063-9055-e8cc6df3f9a8" testName="Test3254" computerName="UA-LPT-OGA2" duration="00:00:01.1340000" startTime="2025-05-14T13:20:31.3146610Z" endTime="2025-05-14T13:25:31.3147553Z" testType="13cdc9d9-ddb5-4fa4-a97d-d965ccfc6d4b" outcome="Passed" testListId="1f62a161-bba2-4e59-b2a6-50610f54f67c" />
    <UnitTestResult executionId="0b2b8473-8189-467f-ac09-894587cba75c" testId="83488477-1cf1-415f-8f3d-ac0ec38fdfcc" testName="Test3255" computerName="UA-LPT-OGA2" duration="00:00:00.6450000" startTime="2025-05-14T13:20:31.3146610Z" endTime="2025-05-14T13:25:31.3147553Z" testType="13cdc9d9-ddb5-4fa4-a97d-d965ccfc6d4b" outcome="Passed" testListId="1f62a161-bba2-4e59-b2a6-50610f54f67c" />
    <UnitTestResult executionId="8ab38b1b-87a1-4206-aa31-6f9f33412d67" testId="f30058e6-0603-4dd8-a79d-136258d87cbc" testName="Test3256" computerName="UA-LPT-OGA2" duration="00:00:00.4900000" startTime="2025-05-14T13:20:31.3146610Z" endTime="2025-05-14T13:25:31.3147553Z" testType="13cdc9d9-ddb5-4fa4-a97d-d965ccfc6d4b" outcome="Failed" testListId="1f62a161-bba2-4e59-b2a6-50610f54f67c">
      <Output>
        <ErrorInfo>
          <Message>Assertion failed: Expected value did not match actual value.</Message>
          <StackTrace>   at TestNamespace.TestClass.Test() in TestClass.cs:line 161</StackTrace>
        </ErrorInfo>
      </Output>
    </UnitTestResult>
    <UnitTestResult executionId="d5daeba9-26ab-4ee5-8816-c2aca6f95291" testId="be5ff715-971a-427c-87a5-1307c0250807" testName="Test3257" computerName="UA-LPT-OGA2" duration="00:00:01.8440000" startTime="2025-05-14T13:20:31.3146610Z" endTime="2025-05-14T13:25:31.3147553Z" testType="13cdc9d9-ddb5-4fa4-a97d-d965ccfc6d4b" outcome="Failed" testListId="1f62a161-bba2-4e59-b2a6-50610f54f67c">
      <Output>
        <ErrorInfo>
          <Message>Assertion failed: Expected value did not match actual value.</Message>
          <StackTrace>   at TestNamespace.TestClass.Test() in TestClass.cs:line 309</StackTrace>
        </ErrorInfo>
      </Output>
    </UnitTestResult>
    <UnitTestResult executionId="4e64f3d0-040b-4fd9-8612-05d509952ac3" testId="9aa03ef0-c7f7-483a-98cc-518f8785ede1" testName="Test3258" computerName="UA-LPT-OGA2" duration="00:00:00.4590000" startTime="2025-05-14T13:20:31.3146610Z" endTime="2025-05-14T13:25:31.3147553Z" testType="13cdc9d9-ddb5-4fa4-a97d-d965ccfc6d4b" outcome="Passed" testListId="1f62a161-bba2-4e59-b2a6-50610f54f67c" />
    <UnitTestResult executionId="11f30d48-84f9-4307-b0ef-bc4c0028bb6e" testId="1cffbca7-0dfb-4e9e-bc48-ac18d447cf66" testName="Test3259" computerName="UA-LPT-OGA2" duration="00:00:01.0360000" startTime="2025-05-14T13:20:31.3146610Z" endTime="2025-05-14T13:25:31.3147553Z" testType="13cdc9d9-ddb5-4fa4-a97d-d965ccfc6d4b" outcome="Passed" testListId="1f62a161-bba2-4e59-b2a6-50610f54f67c" />
    <UnitTestResult executionId="b9d354a1-166c-4a22-99f5-cc5f442a0246" testId="245499e3-3f29-42ac-aa46-9f0e70895adb" testName="Test3260" computerName="UA-LPT-OGA2" duration="00:00:00.3360000" startTime="2025-05-14T13:20:31.3146610Z" endTime="2025-05-14T13:25:31.3147553Z" testType="13cdc9d9-ddb5-4fa4-a97d-d965ccfc6d4b" outcome="Passed" testListId="1f62a161-bba2-4e59-b2a6-50610f54f67c" />
    <UnitTestResult executionId="165e103b-0568-4e4c-82a5-86b6d741e7f0" testId="6286fb3e-d262-4ed6-b434-21189fb4b5be" testName="Test3261" computerName="UA-LPT-OGA2" duration="00:00:00.1640000" startTime="2025-05-14T13:20:31.3146610Z" endTime="2025-05-14T13:25:31.3147553Z" testType="13cdc9d9-ddb5-4fa4-a97d-d965ccfc6d4b" outcome="Passed" testListId="1f62a161-bba2-4e59-b2a6-50610f54f67c" />
    <UnitTestResult executionId="97a36cd4-9eb6-4ecd-b285-bf0763e307c8" testId="47da1344-e26e-486e-aab3-47bd424b409c" testName="Test3262" computerName="UA-LPT-OGA2" duration="00:00:01.3220000" startTime="2025-05-14T13:20:31.3146610Z" endTime="2025-05-14T13:25:31.3147553Z" testType="13cdc9d9-ddb5-4fa4-a97d-d965ccfc6d4b" outcome="Passed" testListId="1f62a161-bba2-4e59-b2a6-50610f54f67c" />
    <UnitTestResult executionId="bc780420-f170-489d-a163-4d8aecc717e2" testId="e27251ff-6af3-428b-a55c-47959b33bc34" testName="Test3263" computerName="UA-LPT-OGA2" duration="00:00:00.0310000" startTime="2025-05-14T13:20:31.3146610Z" endTime="2025-05-14T13:25:31.3147553Z" testType="13cdc9d9-ddb5-4fa4-a97d-d965ccfc6d4b" outcome="Passed" testListId="1f62a161-bba2-4e59-b2a6-50610f54f67c" />
    <UnitTestResult executionId="89779a92-638f-49e6-bc03-d10bfa9cbbf5" testId="84e00884-657c-4009-af5c-0ddca4011aa6" testName="Test3264" computerName="UA-LPT-OGA2" duration="00:00:01.4050000" startTime="2025-05-14T13:20:31.3146610Z" endTime="2025-05-14T13:25:31.3147553Z" testType="13cdc9d9-ddb5-4fa4-a97d-d965ccfc6d4b" outcome="Passed" testListId="1f62a161-bba2-4e59-b2a6-50610f54f67c" />
    <UnitTestResult executionId="1549ae1a-b209-4568-8edc-c9d1f49437ab" testId="22b40189-513e-4c81-adbd-1b345960a27b" testName="Test3265" computerName="UA-LPT-OGA2" duration="00:00:01.1380000" startTime="2025-05-14T13:20:31.3146610Z" endTime="2025-05-14T13:25:31.3147553Z" testType="13cdc9d9-ddb5-4fa4-a97d-d965ccfc6d4b" outcome="Passed" testListId="1f62a161-bba2-4e59-b2a6-50610f54f67c" />
    <UnitTestResult executionId="98d1e643-c09f-478c-a3c3-55771df083df" testId="47aea889-1090-42fd-8a8e-ff6462d6ec73" testName="Test3266" computerName="UA-LPT-OGA2" duration="00:00:01.7150000" startTime="2025-05-14T13:20:31.3146610Z" endTime="2025-05-14T13:25:31.3147553Z" testType="13cdc9d9-ddb5-4fa4-a97d-d965ccfc6d4b" outcome="Passed" testListId="1f62a161-bba2-4e59-b2a6-50610f54f67c" />
    <UnitTestResult executionId="af93a9c7-3885-487b-958f-a2eea375d39d" testId="a653dc41-d7e5-4674-ab24-78fdbb03afdc" testName="Test3267" computerName="UA-LPT-OGA2" duration="00:00:00.9670000" startTime="2025-05-14T13:20:31.3146610Z" endTime="2025-05-14T13:25:31.3147553Z" testType="13cdc9d9-ddb5-4fa4-a97d-d965ccfc6d4b" outcome="Passed" testListId="1f62a161-bba2-4e59-b2a6-50610f54f67c" />
    <UnitTestResult executionId="df4b6d3a-7b75-4842-87b1-65e689a6808c" testId="c189376f-a1c7-4738-b2e1-e5eb52b042f7" testName="Test3268" computerName="UA-LPT-OGA2" duration="00:00:01.2610000" startTime="2025-05-14T13:20:31.3146610Z" endTime="2025-05-14T13:25:31.3147553Z" testType="13cdc9d9-ddb5-4fa4-a97d-d965ccfc6d4b" outcome="Passed" testListId="1f62a161-bba2-4e59-b2a6-50610f54f67c" />
    <UnitTestResult executionId="09b8d47e-fbed-4d20-b984-41834162b893" testId="3a69c1e6-ad9b-40c9-ab67-a90e09eae990" testName="Test3269" computerName="UA-LPT-OGA2" duration="00:00:00.8070000" startTime="2025-05-14T13:20:31.3146610Z" endTime="2025-05-14T13:25:31.3147553Z" testType="13cdc9d9-ddb5-4fa4-a97d-d965ccfc6d4b" outcome="Passed" testListId="1f62a161-bba2-4e59-b2a6-50610f54f67c" />
    <UnitTestResult executionId="b7b38ef0-3bc6-43a4-be08-3eb007f1af3f" testId="4ee4eddd-12a9-4c5e-837d-1c620f001393" testName="Test3270" computerName="UA-LPT-OGA2" duration="00:00:00.0460000" startTime="2025-05-14T13:20:31.3146610Z" endTime="2025-05-14T13:25:31.3147553Z" testType="13cdc9d9-ddb5-4fa4-a97d-d965ccfc6d4b" outcome="Passed" testListId="1f62a161-bba2-4e59-b2a6-50610f54f67c" />
    <UnitTestResult executionId="409db8f9-ff89-401c-81a0-da362538dd55" testId="d4555723-ffcc-4eed-bc30-25064a3bc384" testName="Test3271" computerName="UA-LPT-OGA2" duration="00:00:01.5900000" startTime="2025-05-14T13:20:31.3146610Z" endTime="2025-05-14T13:25:31.3147553Z" testType="13cdc9d9-ddb5-4fa4-a97d-d965ccfc6d4b" outcome="Passed" testListId="1f62a161-bba2-4e59-b2a6-50610f54f67c" />
    <UnitTestResult executionId="5d7f201e-4d12-4ba8-8c52-5166563c8d4f" testId="d09c0262-c878-4623-a886-06b9e7fcf2e4" testName="Test3272" computerName="UA-LPT-OGA2" duration="00:00:01.0480000" startTime="2025-05-14T13:20:31.3146610Z" endTime="2025-05-14T13:25:31.3147553Z" testType="13cdc9d9-ddb5-4fa4-a97d-d965ccfc6d4b" outcome="Passed" testListId="1f62a161-bba2-4e59-b2a6-50610f54f67c" />
    <UnitTestResult executionId="fcb36d07-e166-4fd2-b737-f779790fdab5" testId="a551fca1-9fb9-40ac-8ef1-7b15cef83a5f" testName="Test3273" computerName="UA-LPT-OGA2" duration="00:00:01.4550000" startTime="2025-05-14T13:20:31.3146610Z" endTime="2025-05-14T13:25:31.3147553Z" testType="13cdc9d9-ddb5-4fa4-a97d-d965ccfc6d4b" outcome="Passed" testListId="1f62a161-bba2-4e59-b2a6-50610f54f67c" />
    <UnitTestResult executionId="5ba1cf0a-5683-4218-b426-79b40009ba80" testId="59ebd8ba-fe58-4489-94ca-66abed769bba" testName="Test3274" computerName="UA-LPT-OGA2" duration="00:00:01.6920000" startTime="2025-05-14T13:20:31.3146610Z" endTime="2025-05-14T13:25:31.3147553Z" testType="13cdc9d9-ddb5-4fa4-a97d-d965ccfc6d4b" outcome="Passed" testListId="1f62a161-bba2-4e59-b2a6-50610f54f67c" />
    <UnitTestResult executionId="562018fd-175e-436d-b303-8d7d91c042f2" testId="e5525e4c-e97b-4f7b-b777-74a83abd9dfe" testName="Test3275" computerName="UA-LPT-OGA2" duration="00:00:00.3650000" startTime="2025-05-14T13:20:31.3146610Z" endTime="2025-05-14T13:25:31.3147553Z" testType="13cdc9d9-ddb5-4fa4-a97d-d965ccfc6d4b" outcome="Failed" testListId="1f62a161-bba2-4e59-b2a6-50610f54f67c">
      <Output>
        <ErrorInfo>
          <Message>Assertion failed: Expected value did not match actual value.</Message>
          <StackTrace>   at TestNamespace.TestClass.Test() in TestClass.cs:line 283</StackTrace>
        </ErrorInfo>
      </Output>
    </UnitTestResult>
    <UnitTestResult executionId="3ac39482-b8fd-4ec4-b091-090129b6a3de" testId="855eedf3-36fa-4873-b5ec-21a231ecac61" testName="Test3276" computerName="UA-LPT-OGA2" duration="00:00:01.6570000" startTime="2025-05-14T13:20:31.3146610Z" endTime="2025-05-14T13:25:31.3147553Z" testType="13cdc9d9-ddb5-4fa4-a97d-d965ccfc6d4b" outcome="Passed" testListId="1f62a161-bba2-4e59-b2a6-50610f54f67c" />
    <UnitTestResult executionId="fa38c59c-e375-4a6e-8f26-53872c1616b9" testId="fe67a9a8-f399-4205-aa18-511731ebf3c3" testName="Test3277" computerName="UA-LPT-OGA2" duration="00:00:00.4080000" startTime="2025-05-14T13:20:31.3146610Z" endTime="2025-05-14T13:25:31.3147553Z" testType="13cdc9d9-ddb5-4fa4-a97d-d965ccfc6d4b" outcome="Passed" testListId="1f62a161-bba2-4e59-b2a6-50610f54f67c" />
    <UnitTestResult executionId="8f5fbe00-233e-4f17-a94b-d93ae2034730" testId="8de6b7c5-2c03-4a99-99ff-fd0834ec2d2d" testName="Test3278" computerName="UA-LPT-OGA2" duration="00:00:01.5450000" startTime="2025-05-14T13:20:31.3146610Z" endTime="2025-05-14T13:25:31.3147553Z" testType="13cdc9d9-ddb5-4fa4-a97d-d965ccfc6d4b" outcome="Passed" testListId="1f62a161-bba2-4e59-b2a6-50610f54f67c" />
    <UnitTestResult executionId="c38b9e10-cc06-4ec6-a4b1-77b26a274837" testId="92a53b55-4ccd-48d7-9570-d31221516f66" testName="Test3279" computerName="UA-LPT-OGA2" duration="00:00:00.1310000" startTime="2025-05-14T13:20:31.3146610Z" endTime="2025-05-14T13:25:31.3147553Z" testType="13cdc9d9-ddb5-4fa4-a97d-d965ccfc6d4b" outcome="Passed" testListId="1f62a161-bba2-4e59-b2a6-50610f54f67c" />
    <UnitTestResult executionId="5d1e6b27-72ed-4b2d-8108-efe17bd23eea" testId="91632eb8-5acb-4a23-8923-de0854040598" testName="Test3280" computerName="UA-LPT-OGA2" duration="00:00:01.1530000" startTime="2025-05-14T13:20:31.3146610Z" endTime="2025-05-14T13:25:31.3147553Z" testType="13cdc9d9-ddb5-4fa4-a97d-d965ccfc6d4b" outcome="Passed" testListId="1f62a161-bba2-4e59-b2a6-50610f54f67c" />
    <UnitTestResult executionId="abc8fefb-2b96-44fe-8580-48e2d1430087" testId="619fe750-0bc0-494e-934a-f0262c542720" testName="Test3281" computerName="UA-LPT-OGA2" duration="00:00:01.2100000" startTime="2025-05-14T13:20:31.3146610Z" endTime="2025-05-14T13:25:31.3147553Z" testType="13cdc9d9-ddb5-4fa4-a97d-d965ccfc6d4b" outcome="Passed" testListId="1f62a161-bba2-4e59-b2a6-50610f54f67c" />
    <UnitTestResult executionId="eb87d680-607f-4640-bcc0-9273a036c2a9" testId="b40f149d-9f23-4093-89f4-17f711e4a479" testName="Test3282" computerName="UA-LPT-OGA2" duration="00:00:01.3570000" startTime="2025-05-14T13:20:31.3146610Z" endTime="2025-05-14T13:25:31.3147553Z" testType="13cdc9d9-ddb5-4fa4-a97d-d965ccfc6d4b" outcome="Passed" testListId="1f62a161-bba2-4e59-b2a6-50610f54f67c" />
    <UnitTestResult executionId="f55b6d8c-b25a-48ad-a35b-5355a107c2ac" testId="6bb79896-610e-4f4e-9426-e5d34f521f3a" testName="Test3283" computerName="UA-LPT-OGA2" duration="00:00:00.9140000" startTime="2025-05-14T13:20:31.3146610Z" endTime="2025-05-14T13:25:31.3147553Z" testType="13cdc9d9-ddb5-4fa4-a97d-d965ccfc6d4b" outcome="Passed" testListId="1f62a161-bba2-4e59-b2a6-50610f54f67c" />
    <UnitTestResult executionId="0d51f6db-73b6-40af-8f91-01865b7dc470" testId="016dc375-caf2-4bd2-b613-700396dfea90" testName="Test3284" computerName="UA-LPT-OGA2" duration="00:00:00.8050000" startTime="2025-05-14T13:20:31.3146610Z" endTime="2025-05-14T13:25:31.3147553Z" testType="13cdc9d9-ddb5-4fa4-a97d-d965ccfc6d4b" outcome="Failed" testListId="1f62a161-bba2-4e59-b2a6-50610f54f67c">
      <Output>
        <ErrorInfo>
          <Message>Assertion failed: Expected value did not match actual value.</Message>
          <StackTrace>   at TestNamespace.TestClass.Test() in TestClass.cs:line 107</StackTrace>
        </ErrorInfo>
      </Output>
    </UnitTestResult>
    <UnitTestResult executionId="40fef724-ccb7-4cda-875a-b608e984273a" testId="2b041df5-9a4d-4cf0-bac2-060116204a31" testName="Test3285" computerName="UA-LPT-OGA2" duration="00:00:00.8460000" startTime="2025-05-14T13:20:31.3146610Z" endTime="2025-05-14T13:25:31.3147553Z" testType="13cdc9d9-ddb5-4fa4-a97d-d965ccfc6d4b" outcome="Passed" testListId="1f62a161-bba2-4e59-b2a6-50610f54f67c" />
    <UnitTestResult executionId="63120ce2-2166-4388-a245-de1249d4d0db" testId="5f046ece-8ec3-4ce0-91d6-5be703a615e7" testName="Test3286" computerName="UA-LPT-OGA2" duration="00:00:00.1020000" startTime="2025-05-14T13:20:31.3146610Z" endTime="2025-05-14T13:25:31.3147553Z" testType="13cdc9d9-ddb5-4fa4-a97d-d965ccfc6d4b" outcome="Passed" testListId="1f62a161-bba2-4e59-b2a6-50610f54f67c" />
    <UnitTestResult executionId="2d6c78a6-38cf-4a5a-84db-003ff625be67" testId="6c8e6d30-4ef5-4ac0-9dfd-d932703b8285" testName="Test3287" computerName="UA-LPT-OGA2" duration="00:00:01.8290000" startTime="2025-05-14T13:20:31.3146610Z" endTime="2025-05-14T13:25:31.3147553Z" testType="13cdc9d9-ddb5-4fa4-a97d-d965ccfc6d4b" outcome="Failed" testListId="1f62a161-bba2-4e59-b2a6-50610f54f67c">
      <Output>
        <ErrorInfo>
          <Message>Assertion failed: Expected value did not match actual value.</Message>
          <StackTrace>   at TestNamespace.TestClass.Test() in TestClass.cs:line 241</StackTrace>
        </ErrorInfo>
      </Output>
    </UnitTestResult>
    <UnitTestResult executionId="682bf48d-b96b-43c7-aaa7-8e4a129b9780" testId="1d4e0c9c-9d5f-4f06-a946-cc9cb4fd148e" testName="Test3288" computerName="UA-LPT-OGA2" duration="00:00:01.7620000" startTime="2025-05-14T13:20:31.3146610Z" endTime="2025-05-14T13:25:31.3147553Z" testType="13cdc9d9-ddb5-4fa4-a97d-d965ccfc6d4b" outcome="Passed" testListId="1f62a161-bba2-4e59-b2a6-50610f54f67c" />
    <UnitTestResult executionId="d909533a-7992-4178-9b6b-e5df6258e2ec" testId="f1460353-f905-4fa1-815d-726d5a06e62c" testName="Test3289" computerName="UA-LPT-OGA2" duration="00:00:01.7190000" startTime="2025-05-14T13:20:31.3146610Z" endTime="2025-05-14T13:25:31.3147553Z" testType="13cdc9d9-ddb5-4fa4-a97d-d965ccfc6d4b" outcome="Passed" testListId="1f62a161-bba2-4e59-b2a6-50610f54f67c" />
    <UnitTestResult executionId="f03ff705-fdfa-46d3-b8d4-21bad5579263" testId="199eedb9-52d1-4acd-bf87-b093b6065021" testName="Test3290" computerName="UA-LPT-OGA2" duration="00:00:01.7660000" startTime="2025-05-14T13:20:31.3146610Z" endTime="2025-05-14T13:25:31.3147553Z" testType="13cdc9d9-ddb5-4fa4-a97d-d965ccfc6d4b" outcome="Passed" testListId="1f62a161-bba2-4e59-b2a6-50610f54f67c" />
    <UnitTestResult executionId="7795a7d0-a4a6-4ba5-8d75-445e4378fa5c" testId="b4d8aaf5-2a61-4f95-9526-c08469d80a26" testName="Test3291" computerName="UA-LPT-OGA2" duration="00:00:01.4980000" startTime="2025-05-14T13:20:31.3146610Z" endTime="2025-05-14T13:25:31.3147553Z" testType="13cdc9d9-ddb5-4fa4-a97d-d965ccfc6d4b" outcome="Passed" testListId="1f62a161-bba2-4e59-b2a6-50610f54f67c" />
    <UnitTestResult executionId="36b08e26-baea-435d-b7e1-4429b7c946e0" testId="cc02b800-dc09-40bd-8df2-703a9ee1e9d1" testName="Test3292" computerName="UA-LPT-OGA2" duration="00:00:00.6010000" startTime="2025-05-14T13:20:31.3146610Z" endTime="2025-05-14T13:25:31.3147553Z" testType="13cdc9d9-ddb5-4fa4-a97d-d965ccfc6d4b" outcome="Passed" testListId="1f62a161-bba2-4e59-b2a6-50610f54f67c" />
    <UnitTestResult executionId="748a159f-1794-4d78-8088-945778e1af8d" testId="3a10b983-98eb-48bd-87af-4c5b0bf78121" testName="Test3293" computerName="UA-LPT-OGA2" duration="00:00:01.9970000" startTime="2025-05-14T13:20:31.3146610Z" endTime="2025-05-14T13:25:31.3147553Z" testType="13cdc9d9-ddb5-4fa4-a97d-d965ccfc6d4b" outcome="Passed" testListId="1f62a161-bba2-4e59-b2a6-50610f54f67c" />
    <UnitTestResult executionId="bc28f17a-fb86-487b-8763-af65badb3f3e" testId="43c8acfd-6f30-4837-b40b-82346e1c97fb" testName="Test3294" computerName="UA-LPT-OGA2" duration="00:00:00.3910000" startTime="2025-05-14T13:20:31.3146610Z" endTime="2025-05-14T13:25:31.3147553Z" testType="13cdc9d9-ddb5-4fa4-a97d-d965ccfc6d4b" outcome="Passed" testListId="1f62a161-bba2-4e59-b2a6-50610f54f67c" />
    <UnitTestResult executionId="7aab0df1-28a3-4b78-b3c4-8a8db3e94ee6" testId="a1a2a54a-1106-4459-801e-87c58eb58bef" testName="Test3295" computerName="UA-LPT-OGA2" duration="00:00:00.0410000" startTime="2025-05-14T13:20:31.3146610Z" endTime="2025-05-14T13:25:31.3147553Z" testType="13cdc9d9-ddb5-4fa4-a97d-d965ccfc6d4b" outcome="Passed" testListId="1f62a161-bba2-4e59-b2a6-50610f54f67c" />
    <UnitTestResult executionId="d542823e-630d-4643-a3f7-a86138382fd5" testId="5f1fd0a1-06f5-426f-ab26-643826b098b4" testName="Test3296" computerName="UA-LPT-OGA2" duration="00:00:00.2910000" startTime="2025-05-14T13:20:31.3146610Z" endTime="2025-05-14T13:25:31.3147553Z" testType="13cdc9d9-ddb5-4fa4-a97d-d965ccfc6d4b" outcome="Passed" testListId="1f62a161-bba2-4e59-b2a6-50610f54f67c" />
    <UnitTestResult executionId="f03c677f-351b-4e15-a573-a9d1baa78c4f" testId="8134307c-3463-4561-b82b-a490ae28a295" testName="Test3297" computerName="UA-LPT-OGA2" duration="00:00:01.7770000" startTime="2025-05-14T13:20:31.3146610Z" endTime="2025-05-14T13:25:31.3147553Z" testType="13cdc9d9-ddb5-4fa4-a97d-d965ccfc6d4b" outcome="Passed" testListId="1f62a161-bba2-4e59-b2a6-50610f54f67c" />
    <UnitTestResult executionId="bde3004e-d277-4812-93ed-1b3737e2b024" testId="3f87408f-d4f3-4c5b-a0af-7da5f56cfe44" testName="Test3298" computerName="UA-LPT-OGA2" duration="00:00:01.1390000" startTime="2025-05-14T13:20:31.3146610Z" endTime="2025-05-14T13:25:31.3147553Z" testType="13cdc9d9-ddb5-4fa4-a97d-d965ccfc6d4b" outcome="Passed" testListId="1f62a161-bba2-4e59-b2a6-50610f54f67c" />
    <UnitTestResult executionId="4e46c5f1-4314-4e33-9a71-6d01c2602f15" testId="6d31f9e9-beda-43f2-b15e-52edcfb665c6" testName="Test3299" computerName="UA-LPT-OGA2" duration="00:00:01.2290000" startTime="2025-05-14T13:20:31.3146610Z" endTime="2025-05-14T13:25:31.3147553Z" testType="13cdc9d9-ddb5-4fa4-a97d-d965ccfc6d4b" outcome="Failed" testListId="1f62a161-bba2-4e59-b2a6-50610f54f67c">
      <Output>
        <ErrorInfo>
          <Message>Assertion failed: Expected value did not match actual value.</Message>
          <StackTrace>   at TestNamespace.TestClass.Test() in TestClass.cs:line 473</StackTrace>
        </ErrorInfo>
      </Output>
    </UnitTestResult>
    <UnitTestResult executionId="0a229c9f-36e2-4b33-82c5-a4a33b33b00d" testId="640c6676-5523-4b62-a754-866736934e63" testName="Test3300" computerName="UA-LPT-OGA2" duration="00:00:00.6470000" startTime="2025-05-14T13:20:31.3146610Z" endTime="2025-05-14T13:25:31.3147553Z" testType="13cdc9d9-ddb5-4fa4-a97d-d965ccfc6d4b" outcome="Passed" testListId="1f62a161-bba2-4e59-b2a6-50610f54f67c" />
  </Results>
  <TestDefinitions>
    <UnitTest name="Test3201" id="b90e0b46-aabd-438a-ac07-7b615267766e" storage="TestAssembly.dll">
      <Execution id="7b727e79-8952-4530-b3cd-3652ed77cfda" />
      <TestMethod codeBase="TestAssembly.dll" className="TestNamespace.TestClass1" name="Test3201" />
    </UnitTest>
    <UnitTest name="Test3202" id="843e7b5e-4ad6-4819-833c-da1569cee835" storage="TestAssembly.dll">
      <Execution id="2e4d914c-05d2-4d2a-8066-bac08c78f16b" />
      <TestMethod codeBase="TestAssembly.dll" className="TestNamespace.TestClass1" name="Test3202" />
    </UnitTest>
    <UnitTest name="Test3203" id="a02f8bbd-9ce9-4e6a-952c-47312e9d13d0" storage="TestAssembly.dll">
      <Execution id="dfac7bc2-4d50-4cd7-bbb8-7ecab87825c5" />
      <TestMethod codeBase="TestAssembly.dll" className="TestNamespace.TestClass1" name="Test3203" />
    </UnitTest>
    <UnitTest name="Test3204" id="5b029b34-546b-4736-bf07-740f5b2a8900" storage="TestAssembly.dll">
      <Execution id="31fecaff-90ff-4356-8dd7-53d3d350efae" />
      <TestMethod codeBase="TestAssembly.dll" className="TestNamespace.TestClass1" name="Test3204" />
    </UnitTest>
    <UnitTest name="Test3205" id="d86654fc-b60c-48ca-85fb-dc32f6e7b97b" storage="TestAssembly.dll">
      <Execution id="387e2fbf-9759-4019-9961-43499a3d7239" />
      <TestMethod codeBase="TestAssembly.dll" className="TestNamespace.TestClass1" name="Test3205" />
    </UnitTest>
    <UnitTest name="Test3206" id="01393931-4968-4f4e-abf1-de6e7f5c8656" storage="TestAssembly.dll">
      <Execution id="ba832d13-65bc-4b06-8568-d26eb326aa69" />
      <TestMethod codeBase="TestAssembly.dll" className="TestNamespace.TestClass1" name="Test3206" />
    </UnitTest>
    <UnitTest name="Test3207" id="95f65319-4e7b-42b5-be87-38199b3cc400" storage="TestAssembly.dll">
      <Execution id="2106853d-8b8e-4017-9667-0c7b3fd06777" />
      <TestMethod codeBase="TestAssembly.dll" className="TestNamespace.TestClass1" name="Test3207" />
    </UnitTest>
    <UnitTest name="Test3208" id="8dda56c9-43d9-4c99-b0c1-8aface709bf5" storage="TestAssembly.dll">
      <Execution id="86ecc68f-59ab-458b-9d6b-f6e4a184966c" />
      <TestMethod codeBase="TestAssembly.dll" className="TestNamespace.TestClass1" name="Test3208" />
    </UnitTest>
    <UnitTest name="Test3209" id="d33d8365-c007-40ed-bb88-e251743b5201" storage="TestAssembly.dll">
      <Execution id="707fe9fe-06f3-4543-849b-ee8d3a3a91f1" />
      <TestMethod codeBase="TestAssembly.dll" className="TestNamespace.TestClass1" name="Test3209" />
    </UnitTest>
    <UnitTest name="Test3210" id="99ce5e82-f918-42fb-95d5-deeee7a24e1f" storage="TestAssembly.dll">
      <Execution id="6de245a0-91b5-49ef-82d9-5b39fb8fa2f7" />
      <TestMethod codeBase="TestAssembly.dll" className="TestNamespace.TestClass1" name="Test3210" />
    </UnitTest>
    <UnitTest name="Test3211" id="fc9cc0da-f704-44b5-a721-51614ca20322" storage="TestAssembly.dll">
      <Execution id="6a256888-93d0-472a-9b89-fdd033c67b7b" />
      <TestMethod codeBase="TestAssembly.dll" className="TestNamespace.TestClass2" name="Test3211" />
    </UnitTest>
    <UnitTest name="Test3212" id="63bf7ccf-35bc-4078-8f57-2351b952a816" storage="TestAssembly.dll">
      <Execution id="d47a29a9-989b-4787-82b2-0dfc17f9af53" />
      <TestMethod codeBase="TestAssembly.dll" className="TestNamespace.TestClass2" name="Test3212" />
    </UnitTest>
    <UnitTest name="Test3213" id="229b5042-3ceb-431f-a7cf-b3710d631d0e" storage="TestAssembly.dll">
      <Execution id="33f8f30b-96e4-4b81-9485-40ff04ec5c17" />
      <TestMethod codeBase="TestAssembly.dll" className="TestNamespace.TestClass2" name="Test3213" />
    </UnitTest>
    <UnitTest name="Test3214" id="6f8837b0-d05d-41f4-9fa2-ee8469dea9f2" storage="TestAssembly.dll">
      <Execution id="a0668b00-4fe3-4b79-9ab1-02d6b2a3b189" />
      <TestMethod codeBase="TestAssembly.dll" className="TestNamespace.TestClass2" name="Test3214" />
    </UnitTest>
    <UnitTest name="Test3215" id="aa3edcca-3549-4193-bce2-b996759be4f6" storage="TestAssembly.dll">
      <Execution id="68173506-2b1e-413c-a739-21469adee261" />
      <TestMethod codeBase="TestAssembly.dll" className="TestNamespace.TestClass2" name="Test3215" />
    </UnitTest>
    <UnitTest name="Test3216" id="cc5440ce-5cf2-4e8c-a6b3-9d27478f0ef6" storage="TestAssembly.dll">
      <Execution id="71dcda88-ac42-4f8a-bbd8-6441ad128936" />
      <TestMethod codeBase="TestAssembly.dll" className="TestNamespace.TestClass2" name="Test3216" />
    </UnitTest>
    <UnitTest name="Test3217" id="617c0f4b-551c-4b78-a7da-01a74d39a5b4" storage="TestAssembly.dll">
      <Execution id="d1965d7c-cfda-489e-b422-dc65bcf9e543" />
      <TestMethod codeBase="TestAssembly.dll" className="TestNamespace.TestClass2" name="Test3217" />
    </UnitTest>
    <UnitTest name="Test3218" id="0c45dc2a-5036-4587-81b8-2fec7f620f10" storage="TestAssembly.dll">
      <Execution id="2fd35c62-e24c-465c-b3f5-6fdaf48184a7" />
      <TestMethod codeBase="TestAssembly.dll" className="TestNamespace.TestClass2" name="Test3218" />
    </UnitTest>
    <UnitTest name="Test3219" id="6a886c36-ce69-40e4-98b5-095868b86dc3" storage="TestAssembly.dll">
      <Execution id="624638ce-38ad-490e-b3e0-a4e05fd9d718" />
      <TestMethod codeBase="TestAssembly.dll" className="TestNamespace.TestClass2" name="Test3219" />
    </UnitTest>
    <UnitTest name="Test3220" id="5ed384f4-6127-43c9-bda4-044e728f0707" storage="TestAssembly.dll">
      <Execution id="aa04a716-ac45-4bcb-8567-e2ef63ea5731" />
      <TestMethod codeBase="TestAssembly.dll" className="TestNamespace.TestClass2" name="Test3220" />
    </UnitTest>
    <UnitTest name="Test3221" id="1b42e14d-1f9d-418e-a7e2-576dcc4f6f8f" storage="TestAssembly.dll">
      <Execution id="3ca82b97-17ee-4380-a08a-b20c304d40a4" />
      <TestMethod codeBase="TestAssembly.dll" className="TestNamespace.TestClass3" name="Test3221" />
    </UnitTest>
    <UnitTest name="Test3222" id="1cd90cc1-a626-4c6f-91c6-291d057916b9" storage="TestAssembly.dll">
      <Execution id="2a2ef5a3-67df-4318-868b-e38dce379b89" />
      <TestMethod codeBase="TestAssembly.dll" className="TestNamespace.TestClass3" name="Test3222" />
    </UnitTest>
    <UnitTest name="Test3223" id="4e6c7a55-8de8-4afd-93b1-57318c057138" storage="TestAssembly.dll">
      <Execution id="63508439-9c53-4d46-a37f-5117e610b399" />
      <TestMethod codeBase="TestAssembly.dll" className="TestNamespace.TestClass3" name="Test3223" />
    </UnitTest>
    <UnitTest name="Test3224" id="1524f472-7ea1-4697-a921-5bdea8ce539a" storage="TestAssembly.dll">
      <Execution id="d854e6c2-6175-4b89-8bf4-5a527aa3d7e2" />
      <TestMethod codeBase="TestAssembly.dll" className="TestNamespace.TestClass3" name="Test3224" />
    </UnitTest>
    <UnitTest name="Test3225" id="887f31b2-bc88-4a3c-a7f7-c43a4c7b821c" storage="TestAssembly.dll">
      <Execution id="b9e36c2b-7ea9-47d3-8b7c-2aac2339bb87" />
      <TestMethod codeBase="TestAssembly.dll" className="TestNamespace.TestClass3" name="Test3225" />
    </UnitTest>
    <UnitTest name="Test3226" id="caac9ddc-a28e-4132-b61b-a54a02c1057e" storage="TestAssembly.dll">
      <Execution id="0d69cfd7-0484-4e16-8895-bd1a3fb4389c" />
      <TestMethod codeBase="TestAssembly.dll" className="TestNamespace.TestClass3" name="Test3226" />
    </UnitTest>
    <UnitTest name="Test3227" id="3b2a7d91-cb88-4ec9-abef-fa82587e41e5" storage="TestAssembly.dll">
      <Execution id="23db457c-c8e0-4639-aeb5-6f73e7d1e7d4" />
      <TestMethod codeBase="TestAssembly.dll" className="TestNamespace.TestClass3" name="Test3227" />
    </UnitTest>
    <UnitTest name="Test3228" id="3f1d93f9-e03a-4f4b-92a2-f0534a11a0b9" storage="TestAssembly.dll">
      <Execution id="0fbde845-8182-4bca-94f0-d4c0182849e2" />
      <TestMethod codeBase="TestAssembly.dll" className="TestNamespace.TestClass3" name="Test3228" />
    </UnitTest>
    <UnitTest name="Test3229" id="c7dd5f66-d839-45ad-b1bd-d724d4f3e545" storage="TestAssembly.dll">
      <Execution id="af00cc9e-d1db-4e4d-ade4-e2bc0509e67c" />
      <TestMethod codeBase="TestAssembly.dll" className="TestNamespace.TestClass3" name="Test3229" />
    </UnitTest>
    <UnitTest name="Test3230" id="2f8fc8e1-c533-445c-b4f6-b9814686c041" storage="TestAssembly.dll">
      <Execution id="9f416fec-7b94-4ae8-9a0c-14bac8d703d3" />
      <TestMethod codeBase="TestAssembly.dll" className="TestNamespace.TestClass3" name="Test3230" />
    </UnitTest>
    <UnitTest name="Test3231" id="ef7bb064-61dc-4cdd-8be4-a2861ad4679f" storage="TestAssembly.dll">
      <Execution id="e9b6a1df-a70d-471f-a5bf-9e918c3a8af7" />
      <TestMethod codeBase="TestAssembly.dll" className="TestNamespace.TestClass4" name="Test3231" />
    </UnitTest>
    <UnitTest name="Test3232" id="b6943ddc-9e6c-4950-ae83-8f1e05edb9b6" storage="TestAssembly.dll">
      <Execution id="c5d6af0c-0164-4aad-a354-9669902e2811" />
      <TestMethod codeBase="TestAssembly.dll" className="TestNamespace.TestClass4" name="Test3232" />
    </UnitTest>
    <UnitTest name="Test3233" id="d382ca24-4719-4868-b595-c4ef5c92da8b" storage="TestAssembly.dll">
      <Execution id="5560059e-63e3-4d34-94a4-25248ee84e54" />
      <TestMethod codeBase="TestAssembly.dll" className="TestNamespace.TestClass4" name="Test3233" />
    </UnitTest>
    <UnitTest name="Test3234" id="3a09c450-ef9a-4f65-ba2b-df4d6c90fa3d" storage="TestAssembly.dll">
      <Execution id="88ed8685-1be3-4b20-b543-3392d4d51489" />
      <TestMethod codeBase="TestAssembly.dll" className="TestNamespace.TestClass4" name="Test3234" />
    </UnitTest>
    <UnitTest name="Test3235" id="79ae4036-a6a8-4761-8396-6327082bfe70" storage="TestAssembly.dll">
      <Execution id="bd9316db-d320-4e4f-a7c3-1c8f4fa2a87e" />
      <TestMethod codeBase="TestAssembly.dll" className="TestNamespace.TestClass4" name="Test3235" />
    </UnitTest>
    <UnitTest name="Test3236" id="21c39e76-3dc6-4385-8427-11d6225ee206" storage="TestAssembly.dll">
      <Execution id="b77b22dc-e338-42a9-be1b-77127917b37a" />
      <TestMethod codeBase="TestAssembly.dll" className="TestNamespace.TestClass4" name="Test3236" />
    </UnitTest>
    <UnitTest name="Test3237" id="4f1d8951-981a-4753-8c96-6e2c6a8f444e" storage="TestAssembly.dll">
      <Execution id="4b8a2c7a-7e9e-48df-9a0f-7be1f72771bf" />
      <TestMethod codeBase="TestAssembly.dll" className="TestNamespace.TestClass4" name="Test3237" />
    </UnitTest>
    <UnitTest name="Test3238" id="fd08c239-39ff-4d2e-be63-175c83728f82" storage="TestAssembly.dll">
      <Execution id="af5edaf6-77fe-4055-bf50-4c8af68feaf1" />
      <TestMethod codeBase="TestAssembly.dll" className="TestNamespace.TestClass4" name="Test3238" />
    </UnitTest>
    <UnitTest name="Test3239" id="a4f30a6c-d8f1-438e-b7ee-e3f233a721dd" storage="TestAssembly.dll">
      <Execution id="57498523-3f26-47f4-a26e-87e47742e058" />
      <TestMethod codeBase="TestAssembly.dll" className="TestNamespace.TestClass4" name="Test3239" />
    </UnitTest>
    <UnitTest name="Test3240" id="04b2ca1e-b8ac-40dc-b501-4150e0297957" storage="TestAssembly.dll">
      <Execution id="49c0d990-177a-4050-a3d5-615d40d4b45d" />
      <TestMethod codeBase="TestAssembly.dll" className="TestNamespace.TestClass4" name="Test3240" />
    </UnitTest>
    <UnitTest name="Test3241" id="3072c428-f361-4e7c-9c7a-aa80146cf557" storage="TestAssembly.dll">
      <Execution id="9f71280b-8c3b-4b69-8e3d-8c5b0f5513e3" />
      <TestMethod codeBase="TestAssembly.dll" className="TestNamespace.TestClass5" name="Test3241" />
    </UnitTest>
    <UnitTest name="Test3242" id="fa553bcc-dc8c-484b-b1a8-fac3ad343ec1" storage="TestAssembly.dll">
      <Execution id="f7ab8a1e-5021-42fd-93b2-62431e41c540" />
      <TestMethod codeBase="TestAssembly.dll" className="TestNamespace.TestClass5" name="Test3242" />
    </UnitTest>
    <UnitTest name="Test3243" id="edebdf00-dc1e-46c4-8fd7-980017715b40" storage="TestAssembly.dll">
      <Execution id="d3d7234b-8aec-4308-bec7-6b557bd381a3" />
      <TestMethod codeBase="TestAssembly.dll" className="TestNamespace.TestClass5" name="Test3243" />
    </UnitTest>
    <UnitTest name="Test3244" id="cfca51ea-c64b-449d-bfb4-35509ec502f6" storage="TestAssembly.dll">
      <Execution id="321274ae-b45d-4d45-904e-c6abd13b3dd0" />
      <TestMethod codeBase="TestAssembly.dll" className="TestNamespace.TestClass5" name="Test3244" />
    </UnitTest>
    <UnitTest name="Test3245" id="250805cb-fa21-48b1-9a60-3e3f1a2d2cc0" storage="TestAssembly.dll">
      <Execution id="9d601091-30f8-49d2-8382-440742d4c78e" />
      <TestMethod codeBase="TestAssembly.dll" className="TestNamespace.TestClass5" name="Test3245" />
    </UnitTest>
    <UnitTest name="Test3246" id="257e750a-0d18-4b3f-9bd9-23321bdba4ab" storage="TestAssembly.dll">
      <Execution id="19e5e8aa-d896-474d-99a6-5eb256916e7d" />
      <TestMethod codeBase="TestAssembly.dll" className="TestNamespace.TestClass5" name="Test3246" />
    </UnitTest>
    <UnitTest name="Test3247" id="7a528548-d3fd-4c47-8718-76a3c5a5de18" storage="TestAssembly.dll">
      <Execution id="e3bb442a-389b-40de-9bf0-375055105b87" />
      <TestMethod codeBase="TestAssembly.dll" className="TestNamespace.TestClass5" name="Test3247" />
    </UnitTest>
    <UnitTest name="Test3248" id="c2903b79-f00b-4a1e-a05d-dcd72e9e709a" storage="TestAssembly.dll">
      <Execution id="8f5b141c-9360-47d3-af25-3c98bc302c88" />
      <TestMethod codeBase="TestAssembly.dll" className="TestNamespace.TestClass5" name="Test3248" />
    </UnitTest>
    <UnitTest name="Test3249" id="b96610d7-6cc8-4616-86d0-e62b87faeb72" storage="TestAssembly.dll">
      <Execution id="22590219-28ca-49c6-bb94-31182dc4d225" />
      <TestMethod codeBase="TestAssembly.dll" className="TestNamespace.TestClass5" name="Test3249" />
    </UnitTest>
    <UnitTest name="Test3250" id="93051db2-8790-455f-bcd8-2d6a79c18d63" storage="TestAssembly.dll">
      <Execution id="a13f447d-e18b-4796-9a16-4ebdb13062db" />
      <TestMethod codeBase="TestAssembly.dll" className="TestNamespace.TestClass5" name="Test3250" />
    </UnitTest>
    <UnitTest name="Test3251" id="01a71025-9eed-4813-ba71-7981e80092c5" storage="TestAssembly.dll">
      <Execution id="363bcc6e-5ec9-43ae-961d-7eb75db374be" />
      <TestMethod codeBase="TestAssembly.dll" className="TestNamespace.TestClass6" name="Test3251" />
    </UnitTest>
    <UnitTest name="Test3252" id="5cd327cd-fa12-4f6f-8312-0b50612c8f65" storage="TestAssembly.dll">
      <Execution id="3ad3332a-a3ec-44d0-b992-7d08c56cf6b9" />
      <TestMethod codeBase="TestAssembly.dll" className="TestNamespace.TestClass6" name="Test3252" />
    </UnitTest>
    <UnitTest name="Test3253" id="27395847-4734-4787-aec4-8906179aa13a" storage="TestAssembly.dll">
      <Execution id="3d30509c-cc4e-4355-8451-35c9c444a1f4" />
      <TestMethod codeBase="TestAssembly.dll" className="TestNamespace.TestClass6" name="Test3253" />
    </UnitTest>
    <UnitTest name="Test3254" id="51fd9b05-ab19-4063-9055-e8cc6df3f9a8" storage="TestAssembly.dll">
      <Execution id="2ad6365b-fe7f-4c90-b460-9ef95f4b453d" />
      <TestMethod codeBase="TestAssembly.dll" className="TestNamespace.TestClass6" name="Test3254" />
    </UnitTest>
    <UnitTest name="Test3255" id="83488477-1cf1-415f-8f3d-ac0ec38fdfcc" storage="TestAssembly.dll">
      <Execution id="0b2b8473-8189-467f-ac09-894587cba75c" />
      <TestMethod codeBase="TestAssembly.dll" className="TestNamespace.TestClass6" name="Test3255" />
    </UnitTest>
    <UnitTest name="Test3256" id="f30058e6-0603-4dd8-a79d-136258d87cbc" storage="TestAssembly.dll">
      <Execution id="8ab38b1b-87a1-4206-aa31-6f9f33412d67" />
      <TestMethod codeBase="TestAssembly.dll" className="TestNamespace.TestClass6" name="Test3256" />
    </UnitTest>
    <UnitTest name="Test3257" id="be5ff715-971a-427c-87a5-1307c0250807" storage="TestAssembly.dll">
      <Execution id="d5daeba9-26ab-4ee5-8816-c2aca6f95291" />
      <TestMethod codeBase="TestAssembly.dll" className="TestNamespace.TestClass6" name="Test3257" />
    </UnitTest>
    <UnitTest name="Test3258" id="9aa03ef0-c7f7-483a-98cc-518f8785ede1" storage="TestAssembly.dll">
      <Execution id="4e64f3d0-040b-4fd9-8612-05d509952ac3" />
      <TestMethod codeBase="TestAssembly.dll" className="TestNamespace.TestClass6" name="Test3258" />
    </UnitTest>
    <UnitTest name="Test3259" id="1cffbca7-0dfb-4e9e-bc48-ac18d447cf66" storage="TestAssembly.dll">
      <Execution id="11f30d48-84f9-4307-b0ef-bc4c0028bb6e" />
      <TestMethod codeBase="TestAssembly.dll" className="TestNamespace.TestClass6" name="Test3259" />
    </UnitTest>
    <UnitTest name="Test3260" id="245499e3-3f29-42ac-aa46-9f0e70895adb" storage="TestAssembly.dll">
      <Execution id="b9d354a1-166c-4a22-99f5-cc5f442a0246" />
      <TestMethod codeBase="TestAssembly.dll" className="TestNamespace.TestClass6" name="Test3260" />
    </UnitTest>
    <UnitTest name="Test3261" id="6286fb3e-d262-4ed6-b434-21189fb4b5be" storage="TestAssembly.dll">
      <Execution id="165e103b-0568-4e4c-82a5-86b6d741e7f0" />
      <TestMethod codeBase="TestAssembly.dll" className="TestNamespace.TestClass7" name="Test3261" />
    </UnitTest>
    <UnitTest name="Test3262" id="47da1344-e26e-486e-aab3-47bd424b409c" storage="TestAssembly.dll">
      <Execution id="97a36cd4-9eb6-4ecd-b285-bf0763e307c8" />
      <TestMethod codeBase="TestAssembly.dll" className="TestNamespace.TestClass7" name="Test3262" />
    </UnitTest>
    <UnitTest name="Test3263" id="e27251ff-6af3-428b-a55c-47959b33bc34" storage="TestAssembly.dll">
      <Execution id="bc780420-f170-489d-a163-4d8aecc717e2" />
      <TestMethod codeBase="TestAssembly.dll" className="TestNamespace.TestClass7" name="Test3263" />
    </UnitTest>
    <UnitTest name="Test3264" id="84e00884-657c-4009-af5c-0ddca4011aa6" storage="TestAssembly.dll">
      <Execution id="89779a92-638f-49e6-bc03-d10bfa9cbbf5" />
      <TestMethod codeBase="TestAssembly.dll" className="TestNamespace.TestClass7" name="Test3264" />
    </UnitTest>
    <UnitTest name="Test3265" id="22b40189-513e-4c81-adbd-1b345960a27b" storage="TestAssembly.dll">
      <Execution id="1549ae1a-b209-4568-8edc-c9d1f49437ab" />
      <TestMethod codeBase="TestAssembly.dll" className="TestNamespace.TestClass7" name="Test3265" />
    </UnitTest>
    <UnitTest name="Test3266" id="47aea889-1090-42fd-8a8e-ff6462d6ec73" storage="TestAssembly.dll">
      <Execution id="98d1e643-c09f-478c-a3c3-55771df083df" />
      <TestMethod codeBase="TestAssembly.dll" className="TestNamespace.TestClass7" name="Test3266" />
    </UnitTest>
    <UnitTest name="Test3267" id="a653dc41-d7e5-4674-ab24-78fdbb03afdc" storage="TestAssembly.dll">
      <Execution id="af93a9c7-3885-487b-958f-a2eea375d39d" />
      <TestMethod codeBase="TestAssembly.dll" className="TestNamespace.TestClass7" name="Test3267" />
    </UnitTest>
    <UnitTest name="Test3268" id="c189376f-a1c7-4738-b2e1-e5eb52b042f7" storage="TestAssembly.dll">
      <Execution id="df4b6d3a-7b75-4842-87b1-65e689a6808c" />
      <TestMethod codeBase="TestAssembly.dll" className="TestNamespace.TestClass7" name="Test3268" />
    </UnitTest>
    <UnitTest name="Test3269" id="3a69c1e6-ad9b-40c9-ab67-a90e09eae990" storage="TestAssembly.dll">
      <Execution id="09b8d47e-fbed-4d20-b984-41834162b893" />
      <TestMethod codeBase="TestAssembly.dll" className="TestNamespace.TestClass7" name="Test3269" />
    </UnitTest>
    <UnitTest name="Test3270" id="4ee4eddd-12a9-4c5e-837d-1c620f001393" storage="TestAssembly.dll">
      <Execution id="b7b38ef0-3bc6-43a4-be08-3eb007f1af3f" />
      <TestMethod codeBase="TestAssembly.dll" className="TestNamespace.TestClass7" name="Test3270" />
    </UnitTest>
    <UnitTest name="Test3271" id="d4555723-ffcc-4eed-bc30-25064a3bc384" storage="TestAssembly.dll">
      <Execution id="409db8f9-ff89-401c-81a0-da362538dd55" />
      <TestMethod codeBase="TestAssembly.dll" className="TestNamespace.TestClass8" name="Test3271" />
    </UnitTest>
    <UnitTest name="Test3272" id="d09c0262-c878-4623-a886-06b9e7fcf2e4" storage="TestAssembly.dll">
      <Execution id="5d7f201e-4d12-4ba8-8c52-5166563c8d4f" />
      <TestMethod codeBase="TestAssembly.dll" className="TestNamespace.TestClass8" name="Test3272" />
    </UnitTest>
    <UnitTest name="Test3273" id="a551fca1-9fb9-40ac-8ef1-7b15cef83a5f" storage="TestAssembly.dll">
      <Execution id="fcb36d07-e166-4fd2-b737-f779790fdab5" />
      <TestMethod codeBase="TestAssembly.dll" className="TestNamespace.TestClass8" name="Test3273" />
    </UnitTest>
    <UnitTest name="Test3274" id="59ebd8ba-fe58-4489-94ca-66abed769bba" storage="TestAssembly.dll">
      <Execution id="5ba1cf0a-5683-4218-b426-79b40009ba80" />
      <TestMethod codeBase="TestAssembly.dll" className="TestNamespace.TestClass8" name="Test3274" />
    </UnitTest>
    <UnitTest name="Test3275" id="e5525e4c-e97b-4f7b-b777-74a83abd9dfe" storage="TestAssembly.dll">
      <Execution id="562018fd-175e-436d-b303-8d7d91c042f2" />
      <TestMethod codeBase="TestAssembly.dll" className="TestNamespace.TestClass8" name="Test3275" />
    </UnitTest>
    <UnitTest name="Test3276" id="855eedf3-36fa-4873-b5ec-21a231ecac61" storage="TestAssembly.dll">
      <Execution id="3ac39482-b8fd-4ec4-b091-090129b6a3de" />
      <TestMethod codeBase="TestAssembly.dll" className="TestNamespace.TestClass8" name="Test3276" />
    </UnitTest>
    <UnitTest name="Test3277" id="fe67a9a8-f399-4205-aa18-511731ebf3c3" storage="TestAssembly.dll">
      <Execution id="fa38c59c-e375-4a6e-8f26-53872c1616b9" />
      <TestMethod codeBase="TestAssembly.dll" className="TestNamespace.TestClass8" name="Test3277" />
    </UnitTest>
    <UnitTest name="Test3278" id="8de6b7c5-2c03-4a99-99ff-fd0834ec2d2d" storage="TestAssembly.dll">
      <Execution id="8f5fbe00-233e-4f17-a94b-d93ae2034730" />
      <TestMethod codeBase="TestAssembly.dll" className="TestNamespace.TestClass8" name="Test3278" />
    </UnitTest>
    <UnitTest name="Test3279" id="92a53b55-4ccd-48d7-9570-d31221516f66" storage="TestAssembly.dll">
      <Execution id="c38b9e10-cc06-4ec6-a4b1-77b26a274837" />
      <TestMethod codeBase="TestAssembly.dll" className="TestNamespace.TestClass8" name="Test3279" />
    </UnitTest>
    <UnitTest name="Test3280" id="91632eb8-5acb-4a23-8923-de0854040598" storage="TestAssembly.dll">
      <Execution id="5d1e6b27-72ed-4b2d-8108-efe17bd23eea" />
      <TestMethod codeBase="TestAssembly.dll" className="TestNamespace.TestClass8" name="Test3280" />
    </UnitTest>
    <UnitTest name="Test3281" id="619fe750-0bc0-494e-934a-f0262c542720" storage="TestAssembly.dll">
      <Execution id="abc8fefb-2b96-44fe-8580-48e2d1430087" />
      <TestMethod codeBase="TestAssembly.dll" className="TestNamespace.TestClass9" name="Test3281" />
    </UnitTest>
    <UnitTest name="Test3282" id="b40f149d-9f23-4093-89f4-17f711e4a479" storage="TestAssembly.dll">
      <Execution id="eb87d680-607f-4640-bcc0-9273a036c2a9" />
      <TestMethod codeBase="TestAssembly.dll" className="TestNamespace.TestClass9" name="Test3282" />
    </UnitTest>
    <UnitTest name="Test3283" id="6bb79896-610e-4f4e-9426-e5d34f521f3a" storage="TestAssembly.dll">
      <Execution id="f55b6d8c-b25a-48ad-a35b-5355a107c2ac" />
      <TestMethod codeBase="TestAssembly.dll" className="TestNamespace.TestClass9" name="Test3283" />
    </UnitTest>
    <UnitTest name="Test3284" id="016dc375-caf2-4bd2-b613-700396dfea90" storage="TestAssembly.dll">
      <Execution id="0d51f6db-73b6-40af-8f91-01865b7dc470" />
      <TestMethod codeBase="TestAssembly.dll" className="TestNamespace.TestClass9" name="Test3284" />
    </UnitTest>
    <UnitTest name="Test3285" id="2b041df5-9a4d-4cf0-bac2-060116204a31" storage="TestAssembly.dll">
      <Execution id="40fef724-ccb7-4cda-875a-b608e984273a" />
      <TestMethod codeBase="TestAssembly.dll" className="TestNamespace.TestClass9" name="Test3285" />
    </UnitTest>
    <UnitTest name="Test3286" id="5f046ece-8ec3-4ce0-91d6-5be703a615e7" storage="TestAssembly.dll">
      <Execution id="63120ce2-2166-4388-a245-de1249d4d0db" />
      <TestMethod codeBase="TestAssembly.dll" className="TestNamespace.TestClass9" name="Test3286" />
    </UnitTest>
    <UnitTest name="Test3287" id="6c8e6d30-4ef5-4ac0-9dfd-d932703b8285" storage="TestAssembly.dll">
      <Execution id="2d6c78a6-38cf-4a5a-84db-003ff625be67" />
      <TestMethod codeBase="TestAssembly.dll" className="TestNamespace.TestClass9" name="Test3287" />
    </UnitTest>
    <UnitTest name="Test3288" id="1d4e0c9c-9d5f-4f06-a946-cc9cb4fd148e" storage="TestAssembly.dll">
      <Execution id="682bf48d-b96b-43c7-aaa7-8e4a129b9780" />
      <TestMethod codeBase="TestAssembly.dll" className="TestNamespace.TestClass9" name="Test3288" />
    </UnitTest>
    <UnitTest name="Test3289" id="f1460353-f905-4fa1-815d-726d5a06e62c" storage="TestAssembly.dll">
      <Execution id="d909533a-7992-4178-9b6b-e5df6258e2ec" />
      <TestMethod codeBase="TestAssembly.dll" className="TestNamespace.TestClass9" name="Test3289" />
    </UnitTest>
    <UnitTest name="Test3290" id="199eedb9-52d1-4acd-bf87-b093b6065021" storage="TestAssembly.dll">
      <Execution id="f03ff705-fdfa-46d3-b8d4-21bad5579263" />
      <TestMethod codeBase="TestAssembly.dll" className="TestNamespace.TestClass9" name="Test3290" />
    </UnitTest>
    <UnitTest name="Test3291" id="b4d8aaf5-2a61-4f95-9526-c08469d80a26" storage="TestAssembly.dll">
      <Execution id="7795a7d0-a4a6-4ba5-8d75-445e4378fa5c" />
      <TestMethod codeBase="TestAssembly.dll" className="TestNamespace.TestClass10" name="Test3291" />
    </UnitTest>
    <UnitTest name="Test3292" id="cc02b800-dc09-40bd-8df2-703a9ee1e9d1" storage="TestAssembly.dll">
      <Execution id="36b08e26-baea-435d-b7e1-4429b7c946e0" />
      <TestMethod codeBase="TestAssembly.dll" className="TestNamespace.TestClass10" name="Test3292" />
    </UnitTest>
    <UnitTest name="Test3293" id="3a10b983-98eb-48bd-87af-4c5b0bf78121" storage="TestAssembly.dll">
      <Execution id="748a159f-1794-4d78-8088-945778e1af8d" />
      <TestMethod codeBase="TestAssembly.dll" className="TestNamespace.TestClass10" name="Test3293" />
    </UnitTest>
    <UnitTest name="Test3294" id="43c8acfd-6f30-4837-b40b-82346e1c97fb" storage="TestAssembly.dll">
      <Execution id="bc28f17a-fb86-487b-8763-af65badb3f3e" />
      <TestMethod codeBase="TestAssembly.dll" className="TestNamespace.TestClass10" name="Test3294" />
    </UnitTest>
    <UnitTest name="Test3295" id="a1a2a54a-1106-4459-801e-87c58eb58bef" storage="TestAssembly.dll">
      <Execution id="7aab0df1-28a3-4b78-b3c4-8a8db3e94ee6" />
      <TestMethod codeBase="TestAssembly.dll" className="TestNamespace.TestClass10" name="Test3295" />
    </UnitTest>
    <UnitTest name="Test3296" id="5f1fd0a1-06f5-426f-ab26-643826b098b4" storage="TestAssembly.dll">
      <Execution id="d542823e-630d-4643-a3f7-a86138382fd5" />
      <TestMethod codeBase="TestAssembly.dll" className="TestNamespace.TestClass10" name="Test3296" />
    </UnitTest>
    <UnitTest name="Test3297" id="8134307c-3463-4561-b82b-a490ae28a295" storage="TestAssembly.dll">
      <Execution id="f03c677f-351b-4e15-a573-a9d1baa78c4f" />
      <TestMethod codeBase="TestAssembly.dll" className="TestNamespace.TestClass10" name="Test3297" />
    </UnitTest>
    <UnitTest name="Test3298" id="3f87408f-d4f3-4c5b-a0af-7da5f56cfe44" storage="TestAssembly.dll">
      <Execution id="bde3004e-d277-4812-93ed-1b3737e2b024" />
      <TestMethod codeBase="TestAssembly.dll" className="TestNamespace.TestClass10" name="Test3298" />
    </UnitTest>
    <UnitTest name="Test3299" id="6d31f9e9-beda-43f2-b15e-52edcfb665c6" storage="TestAssembly.dll">
      <Execution id="4e46c5f1-4314-4e33-9a71-6d01c2602f15" />
      <TestMethod codeBase="TestAssembly.dll" className="TestNamespace.TestClass10" name="Test3299" />
    </UnitTest>
    <UnitTest name="Test3300" id="640c6676-5523-4b62-a754-866736934e63" storage="TestAssembly.dll">
      <Execution id="0a229c9f-36e2-4b33-82c5-a4a33b33b00d" />
      <TestMethod codeBase="TestAssembly.dll" className="TestNamespace.TestClass10" name="Test3300" />
    </UnitTest>
  </TestDefinitions>
  <TestEntries>
    <TestEntry testId="b90e0b46-aabd-438a-ac07-7b615267766e" executionId="7b727e79-8952-4530-b3cd-3652ed77cfda" testListId="1f62a161-bba2-4e59-b2a6-50610f54f67c" />
    <TestEntry testId="843e7b5e-4ad6-4819-833c-da1569cee835" executionId="2e4d914c-05d2-4d2a-8066-bac08c78f16b" testListId="1f62a161-bba2-4e59-b2a6-50610f54f67c" />
    <TestEntry testId="a02f8bbd-9ce9-4e6a-952c-47312e9d13d0" executionId="dfac7bc2-4d50-4cd7-bbb8-7ecab87825c5" testListId="1f62a161-bba2-4e59-b2a6-50610f54f67c" />
    <TestEntry testId="5b029b34-546b-4736-bf07-740f5b2a8900" executionId="31fecaff-90ff-4356-8dd7-53d3d350efae" testListId="1f62a161-bba2-4e59-b2a6-50610f54f67c" />
    <TestEntry testId="d86654fc-b60c-48ca-85fb-dc32f6e7b97b" executionId="387e2fbf-9759-4019-9961-43499a3d7239" testListId="1f62a161-bba2-4e59-b2a6-50610f54f67c" />
    <TestEntry testId="01393931-4968-4f4e-abf1-de6e7f5c8656" executionId="ba832d13-65bc-4b06-8568-d26eb326aa69" testListId="1f62a161-bba2-4e59-b2a6-50610f54f67c" />
    <TestEntry testId="95f65319-4e7b-42b5-be87-38199b3cc400" executionId="2106853d-8b8e-4017-9667-0c7b3fd06777" testListId="1f62a161-bba2-4e59-b2a6-50610f54f67c" />
    <TestEntry testId="8dda56c9-43d9-4c99-b0c1-8aface709bf5" executionId="86ecc68f-59ab-458b-9d6b-f6e4a184966c" testListId="1f62a161-bba2-4e59-b2a6-50610f54f67c" />
    <TestEntry testId="d33d8365-c007-40ed-bb88-e251743b5201" executionId="707fe9fe-06f3-4543-849b-ee8d3a3a91f1" testListId="1f62a161-bba2-4e59-b2a6-50610f54f67c" />
    <TestEntry testId="99ce5e82-f918-42fb-95d5-deeee7a24e1f" executionId="6de245a0-91b5-49ef-82d9-5b39fb8fa2f7" testListId="1f62a161-bba2-4e59-b2a6-50610f54f67c" />
    <TestEntry testId="fc9cc0da-f704-44b5-a721-51614ca20322" executionId="6a256888-93d0-472a-9b89-fdd033c67b7b" testListId="1f62a161-bba2-4e59-b2a6-50610f54f67c" />
    <TestEntry testId="63bf7ccf-35bc-4078-8f57-2351b952a816" executionId="d47a29a9-989b-4787-82b2-0dfc17f9af53" testListId="1f62a161-bba2-4e59-b2a6-50610f54f67c" />
    <TestEntry testId="229b5042-3ceb-431f-a7cf-b3710d631d0e" executionId="33f8f30b-96e4-4b81-9485-40ff04ec5c17" testListId="1f62a161-bba2-4e59-b2a6-50610f54f67c" />
    <TestEntry testId="6f8837b0-d05d-41f4-9fa2-ee8469dea9f2" executionId="a0668b00-4fe3-4b79-9ab1-02d6b2a3b189" testListId="1f62a161-bba2-4e59-b2a6-50610f54f67c" />
    <TestEntry testId="aa3edcca-3549-4193-bce2-b996759be4f6" executionId="68173506-2b1e-413c-a739-21469adee261" testListId="1f62a161-bba2-4e59-b2a6-50610f54f67c" />
    <TestEntry testId="cc5440ce-5cf2-4e8c-a6b3-9d27478f0ef6" executionId="71dcda88-ac42-4f8a-bbd8-6441ad128936" testListId="1f62a161-bba2-4e59-b2a6-50610f54f67c" />
    <TestEntry testId="617c0f4b-551c-4b78-a7da-01a74d39a5b4" executionId="d1965d7c-cfda-489e-b422-dc65bcf9e543" testListId="1f62a161-bba2-4e59-b2a6-50610f54f67c" />
    <TestEntry testId="0c45dc2a-5036-4587-81b8-2fec7f620f10" executionId="2fd35c62-e24c-465c-b3f5-6fdaf48184a7" testListId="1f62a161-bba2-4e59-b2a6-50610f54f67c" />
    <TestEntry testId="6a886c36-ce69-40e4-98b5-095868b86dc3" executionId="624638ce-38ad-490e-b3e0-a4e05fd9d718" testListId="1f62a161-bba2-4e59-b2a6-50610f54f67c" />
    <TestEntry testId="5ed384f4-6127-43c9-bda4-044e728f0707" executionId="aa04a716-ac45-4bcb-8567-e2ef63ea5731" testListId="1f62a161-bba2-4e59-b2a6-50610f54f67c" />
    <TestEntry testId="1b42e14d-1f9d-418e-a7e2-576dcc4f6f8f" executionId="3ca82b97-17ee-4380-a08a-b20c304d40a4" testListId="1f62a161-bba2-4e59-b2a6-50610f54f67c" />
    <TestEntry testId="1cd90cc1-a626-4c6f-91c6-291d057916b9" executionId="2a2ef5a3-67df-4318-868b-e38dce379b89" testListId="1f62a161-bba2-4e59-b2a6-50610f54f67c" />
    <TestEntry testId="4e6c7a55-8de8-4afd-93b1-57318c057138" executionId="63508439-9c53-4d46-a37f-5117e610b399" testListId="1f62a161-bba2-4e59-b2a6-50610f54f67c" />
    <TestEntry testId="1524f472-7ea1-4697-a921-5bdea8ce539a" executionId="d854e6c2-6175-4b89-8bf4-5a527aa3d7e2" testListId="1f62a161-bba2-4e59-b2a6-50610f54f67c" />
    <TestEntry testId="887f31b2-bc88-4a3c-a7f7-c43a4c7b821c" executionId="b9e36c2b-7ea9-47d3-8b7c-2aac2339bb87" testListId="1f62a161-bba2-4e59-b2a6-50610f54f67c" />
    <TestEntry testId="caac9ddc-a28e-4132-b61b-a54a02c1057e" executionId="0d69cfd7-0484-4e16-8895-bd1a3fb4389c" testListId="1f62a161-bba2-4e59-b2a6-50610f54f67c" />
    <TestEntry testId="3b2a7d91-cb88-4ec9-abef-fa82587e41e5" executionId="23db457c-c8e0-4639-aeb5-6f73e7d1e7d4" testListId="1f62a161-bba2-4e59-b2a6-50610f54f67c" />
    <TestEntry testId="3f1d93f9-e03a-4f4b-92a2-f0534a11a0b9" executionId="0fbde845-8182-4bca-94f0-d4c0182849e2" testListId="1f62a161-bba2-4e59-b2a6-50610f54f67c" />
    <TestEntry testId="c7dd5f66-d839-45ad-b1bd-d724d4f3e545" executionId="af00cc9e-d1db-4e4d-ade4-e2bc0509e67c" testListId="1f62a161-bba2-4e59-b2a6-50610f54f67c" />
    <TestEntry testId="2f8fc8e1-c533-445c-b4f6-b9814686c041" executionId="9f416fec-7b94-4ae8-9a0c-14bac8d703d3" testListId="1f62a161-bba2-4e59-b2a6-50610f54f67c" />
    <TestEntry testId="ef7bb064-61dc-4cdd-8be4-a2861ad4679f" executionId="e9b6a1df-a70d-471f-a5bf-9e918c3a8af7" testListId="1f62a161-bba2-4e59-b2a6-50610f54f67c" />
    <TestEntry testId="b6943ddc-9e6c-4950-ae83-8f1e05edb9b6" executionId="c5d6af0c-0164-4aad-a354-9669902e2811" testListId="1f62a161-bba2-4e59-b2a6-50610f54f67c" />
    <TestEntry testId="d382ca24-4719-4868-b595-c4ef5c92da8b" executionId="5560059e-63e3-4d34-94a4-25248ee84e54" testListId="1f62a161-bba2-4e59-b2a6-50610f54f67c" />
    <TestEntry testId="3a09c450-ef9a-4f65-ba2b-df4d6c90fa3d" executionId="88ed8685-1be3-4b20-b543-3392d4d51489" testListId="1f62a161-bba2-4e59-b2a6-50610f54f67c" />
    <TestEntry testId="79ae4036-a6a8-4761-8396-6327082bfe70" executionId="bd9316db-d320-4e4f-a7c3-1c8f4fa2a87e" testListId="1f62a161-bba2-4e59-b2a6-50610f54f67c" />
    <TestEntry testId="21c39e76-3dc6-4385-8427-11d6225ee206" executionId="b77b22dc-e338-42a9-be1b-77127917b37a" testListId="1f62a161-bba2-4e59-b2a6-50610f54f67c" />
    <TestEntry testId="4f1d8951-981a-4753-8c96-6e2c6a8f444e" executionId="4b8a2c7a-7e9e-48df-9a0f-7be1f72771bf" testListId="1f62a161-bba2-4e59-b2a6-50610f54f67c" />
    <TestEntry testId="fd08c239-39ff-4d2e-be63-175c83728f82" executionId="af5edaf6-77fe-4055-bf50-4c8af68feaf1" testListId="1f62a161-bba2-4e59-b2a6-50610f54f67c" />
    <TestEntry testId="a4f30a6c-d8f1-438e-b7ee-e3f233a721dd" executionId="57498523-3f26-47f4-a26e-87e47742e058" testListId="1f62a161-bba2-4e59-b2a6-50610f54f67c" />
    <TestEntry testId="04b2ca1e-b8ac-40dc-b501-4150e0297957" executionId="49c0d990-177a-4050-a3d5-615d40d4b45d" testListId="1f62a161-bba2-4e59-b2a6-50610f54f67c" />
    <TestEntry testId="3072c428-f361-4e7c-9c7a-aa80146cf557" executionId="9f71280b-8c3b-4b69-8e3d-8c5b0f5513e3" testListId="1f62a161-bba2-4e59-b2a6-50610f54f67c" />
    <TestEntry testId="fa553bcc-dc8c-484b-b1a8-fac3ad343ec1" executionId="f7ab8a1e-5021-42fd-93b2-62431e41c540" testListId="1f62a161-bba2-4e59-b2a6-50610f54f67c" />
    <TestEntry testId="edebdf00-dc1e-46c4-8fd7-980017715b40" executionId="d3d7234b-8aec-4308-bec7-6b557bd381a3" testListId="1f62a161-bba2-4e59-b2a6-50610f54f67c" />
    <TestEntry testId="cfca51ea-c64b-449d-bfb4-35509ec502f6" executionId="321274ae-b45d-4d45-904e-c6abd13b3dd0" testListId="1f62a161-bba2-4e59-b2a6-50610f54f67c" />
    <TestEntry testId="250805cb-fa21-48b1-9a60-3e3f1a2d2cc0" executionId="9d601091-30f8-49d2-8382-440742d4c78e" testListId="1f62a161-bba2-4e59-b2a6-50610f54f67c" />
    <TestEntry testId="257e750a-0d18-4b3f-9bd9-23321bdba4ab" executionId="19e5e8aa-d896-474d-99a6-5eb256916e7d" testListId="1f62a161-bba2-4e59-b2a6-50610f54f67c" />
    <TestEntry testId="7a528548-d3fd-4c47-8718-76a3c5a5de18" executionId="e3bb442a-389b-40de-9bf0-375055105b87" testListId="1f62a161-bba2-4e59-b2a6-50610f54f67c" />
    <TestEntry testId="c2903b79-f00b-4a1e-a05d-dcd72e9e709a" executionId="8f5b141c-9360-47d3-af25-3c98bc302c88" testListId="1f62a161-bba2-4e59-b2a6-50610f54f67c" />
    <TestEntry testId="b96610d7-6cc8-4616-86d0-e62b87faeb72" executionId="22590219-28ca-49c6-bb94-31182dc4d225" testListId="1f62a161-bba2-4e59-b2a6-50610f54f67c" />
    <TestEntry testId="93051db2-8790-455f-bcd8-2d6a79c18d63" executionId="a13f447d-e18b-4796-9a16-4ebdb13062db" testListId="1f62a161-bba2-4e59-b2a6-50610f54f67c" />
    <TestEntry testId="01a71025-9eed-4813-ba71-7981e80092c5" executionId="363bcc6e-5ec9-43ae-961d-7eb75db374be" testListId="1f62a161-bba2-4e59-b2a6-50610f54f67c" />
    <TestEntry testId="5cd327cd-fa12-4f6f-8312-0b50612c8f65" executionId="3ad3332a-a3ec-44d0-b992-7d08c56cf6b9" testListId="1f62a161-bba2-4e59-b2a6-50610f54f67c" />
    <TestEntry testId="27395847-4734-4787-aec4-8906179aa13a" executionId="3d30509c-cc4e-4355-8451-35c9c444a1f4" testListId="1f62a161-bba2-4e59-b2a6-50610f54f67c" />
    <TestEntry testId="51fd9b05-ab19-4063-9055-e8cc6df3f9a8" executionId="2ad6365b-fe7f-4c90-b460-9ef95f4b453d" testListId="1f62a161-bba2-4e59-b2a6-50610f54f67c" />
    <TestEntry testId="83488477-1cf1-415f-8f3d-ac0ec38fdfcc" executionId="0b2b8473-8189-467f-ac09-894587cba75c" testListId="1f62a161-bba2-4e59-b2a6-50610f54f67c" />
    <TestEntry testId="f30058e6-0603-4dd8-a79d-136258d87cbc" executionId="8ab38b1b-87a1-4206-aa31-6f9f33412d67" testListId="1f62a161-bba2-4e59-b2a6-50610f54f67c" />
    <TestEntry testId="be5ff715-971a-427c-87a5-1307c0250807" executionId="d5daeba9-26ab-4ee5-8816-c2aca6f95291" testListId="1f62a161-bba2-4e59-b2a6-50610f54f67c" />
    <TestEntry testId="9aa03ef0-c7f7-483a-98cc-518f8785ede1" executionId="4e64f3d0-040b-4fd9-8612-05d509952ac3" testListId="1f62a161-bba2-4e59-b2a6-50610f54f67c" />
    <TestEntry testId="1cffbca7-0dfb-4e9e-bc48-ac18d447cf66" executionId="11f30d48-84f9-4307-b0ef-bc4c0028bb6e" testListId="1f62a161-bba2-4e59-b2a6-50610f54f67c" />
    <TestEntry testId="245499e3-3f29-42ac-aa46-9f0e70895adb" executionId="b9d354a1-166c-4a22-99f5-cc5f442a0246" testListId="1f62a161-bba2-4e59-b2a6-50610f54f67c" />
    <TestEntry testId="6286fb3e-d262-4ed6-b434-21189fb4b5be" executionId="165e103b-0568-4e4c-82a5-86b6d741e7f0" testListId="1f62a161-bba2-4e59-b2a6-50610f54f67c" />
    <TestEntry testId="47da1344-e26e-486e-aab3-47bd424b409c" executionId="97a36cd4-9eb6-4ecd-b285-bf0763e307c8" testListId="1f62a161-bba2-4e59-b2a6-50610f54f67c" />
    <TestEntry testId="e27251ff-6af3-428b-a55c-47959b33bc34" executionId="bc780420-f170-489d-a163-4d8aecc717e2" testListId="1f62a161-bba2-4e59-b2a6-50610f54f67c" />
    <TestEntry testId="84e00884-657c-4009-af5c-0ddca4011aa6" executionId="89779a92-638f-49e6-bc03-d10bfa9cbbf5" testListId="1f62a161-bba2-4e59-b2a6-50610f54f67c" />
    <TestEntry testId="22b40189-513e-4c81-adbd-1b345960a27b" executionId="1549ae1a-b209-4568-8edc-c9d1f49437ab" testListId="1f62a161-bba2-4e59-b2a6-50610f54f67c" />
    <TestEntry testId="47aea889-1090-42fd-8a8e-ff6462d6ec73" executionId="98d1e643-c09f-478c-a3c3-55771df083df" testListId="1f62a161-bba2-4e59-b2a6-50610f54f67c" />
    <TestEntry testId="a653dc41-d7e5-4674-ab24-78fdbb03afdc" executionId="af93a9c7-3885-487b-958f-a2eea375d39d" testListId="1f62a161-bba2-4e59-b2a6-50610f54f67c" />
    <TestEntry testId="c189376f-a1c7-4738-b2e1-e5eb52b042f7" executionId="df4b6d3a-7b75-4842-87b1-65e689a6808c" testListId="1f62a161-bba2-4e59-b2a6-50610f54f67c" />
    <TestEntry testId="3a69c1e6-ad9b-40c9-ab67-a90e09eae990" executionId="09b8d47e-fbed-4d20-b984-41834162b893" testListId="1f62a161-bba2-4e59-b2a6-50610f54f67c" />
    <TestEntry testId="4ee4eddd-12a9-4c5e-837d-1c620f001393" executionId="b7b38ef0-3bc6-43a4-be08-3eb007f1af3f" testListId="1f62a161-bba2-4e59-b2a6-50610f54f67c" />
    <TestEntry testId="d4555723-ffcc-4eed-bc30-25064a3bc384" executionId="409db8f9-ff89-401c-81a0-da362538dd55" testListId="1f62a161-bba2-4e59-b2a6-50610f54f67c" />
    <TestEntry testId="d09c0262-c878-4623-a886-06b9e7fcf2e4" executionId="5d7f201e-4d12-4ba8-8c52-5166563c8d4f" testListId="1f62a161-bba2-4e59-b2a6-50610f54f67c" />
    <TestEntry testId="a551fca1-9fb9-40ac-8ef1-7b15cef83a5f" executionId="fcb36d07-e166-4fd2-b737-f779790fdab5" testListId="1f62a161-bba2-4e59-b2a6-50610f54f67c" />
    <TestEntry testId="59ebd8ba-fe58-4489-94ca-66abed769bba" executionId="5ba1cf0a-5683-4218-b426-79b40009ba80" testListId="1f62a161-bba2-4e59-b2a6-50610f54f67c" />
    <TestEntry testId="e5525e4c-e97b-4f7b-b777-74a83abd9dfe" executionId="562018fd-175e-436d-b303-8d7d91c042f2" testListId="1f62a161-bba2-4e59-b2a6-50610f54f67c" />
    <TestEntry testId="855eedf3-36fa-4873-b5ec-21a231ecac61" executionId="3ac39482-b8fd-4ec4-b091-090129b6a3de" testListId="1f62a161-bba2-4e59-b2a6-50610f54f67c" />
    <TestEntry testId="fe67a9a8-f399-4205-aa18-511731ebf3c3" executionId="fa38c59c-e375-4a6e-8f26-53872c1616b9" testListId="1f62a161-bba2-4e59-b2a6-50610f54f67c" />
    <TestEntry testId="8de6b7c5-2c03-4a99-99ff-fd0834ec2d2d" executionId="8f5fbe00-233e-4f17-a94b-d93ae2034730" testListId="1f62a161-bba2-4e59-b2a6-50610f54f67c" />
    <TestEntry testId="92a53b55-4ccd-48d7-9570-d31221516f66" executionId="c38b9e10-cc06-4ec6-a4b1-77b26a274837" testListId="1f62a161-bba2-4e59-b2a6-50610f54f67c" />
    <TestEntry testId="91632eb8-5acb-4a23-8923-de0854040598" executionId="5d1e6b27-72ed-4b2d-8108-efe17bd23eea" testListId="1f62a161-bba2-4e59-b2a6-50610f54f67c" />
    <TestEntry testId="619fe750-0bc0-494e-934a-f0262c542720" executionId="abc8fefb-2b96-44fe-8580-48e2d1430087" testListId="1f62a161-bba2-4e59-b2a6-50610f54f67c" />
    <TestEntry testId="b40f149d-9f23-4093-89f4-17f711e4a479" executionId="eb87d680-607f-4640-bcc0-9273a036c2a9" testListId="1f62a161-bba2-4e59-b2a6-50610f54f67c" />
    <TestEntry testId="6bb79896-610e-4f4e-9426-e5d34f521f3a" executionId="f55b6d8c-b25a-48ad-a35b-5355a107c2ac" testListId="1f62a161-bba2-4e59-b2a6-50610f54f67c" />
    <TestEntry testId="016dc375-caf2-4bd2-b613-700396dfea90" executionId="0d51f6db-73b6-40af-8f91-01865b7dc470" testListId="1f62a161-bba2-4e59-b2a6-50610f54f67c" />
    <TestEntry testId="2b041df5-9a4d-4cf0-bac2-060116204a31" executionId="40fef724-ccb7-4cda-875a-b608e984273a" testListId="1f62a161-bba2-4e59-b2a6-50610f54f67c" />
    <TestEntry testId="5f046ece-8ec3-4ce0-91d6-5be703a615e7" executionId="63120ce2-2166-4388-a245-de1249d4d0db" testListId="1f62a161-bba2-4e59-b2a6-50610f54f67c" />
    <TestEntry testId="6c8e6d30-4ef5-4ac0-9dfd-d932703b8285" executionId="2d6c78a6-38cf-4a5a-84db-003ff625be67" testListId="1f62a161-bba2-4e59-b2a6-50610f54f67c" />
    <TestEntry testId="1d4e0c9c-9d5f-4f06-a946-cc9cb4fd148e" executionId="682bf48d-b96b-43c7-aaa7-8e4a129b9780" testListId="1f62a161-bba2-4e59-b2a6-50610f54f67c" />
    <TestEntry testId="f1460353-f905-4fa1-815d-726d5a06e62c" executionId="d909533a-7992-4178-9b6b-e5df6258e2ec" testListId="1f62a161-bba2-4e59-b2a6-50610f54f67c" />
    <TestEntry testId="199eedb9-52d1-4acd-bf87-b093b6065021" executionId="f03ff705-fdfa-46d3-b8d4-21bad5579263" testListId="1f62a161-bba2-4e59-b2a6-50610f54f67c" />
    <TestEntry testId="b4d8aaf5-2a61-4f95-9526-c08469d80a26" executionId="7795a7d0-a4a6-4ba5-8d75-445e4378fa5c" testListId="1f62a161-bba2-4e59-b2a6-50610f54f67c" />
    <TestEntry testId="cc02b800-dc09-40bd-8df2-703a9ee1e9d1" executionId="36b08e26-baea-435d-b7e1-4429b7c946e0" testListId="1f62a161-bba2-4e59-b2a6-50610f54f67c" />
    <TestEntry testId="3a10b983-98eb-48bd-87af-4c5b0bf78121" executionId="748a159f-1794-4d78-8088-945778e1af8d" testListId="1f62a161-bba2-4e59-b2a6-50610f54f67c" />
    <TestEntry testId="43c8acfd-6f30-4837-b40b-82346e1c97fb" executionId="bc28f17a-fb86-487b-8763-af65badb3f3e" testListId="1f62a161-bba2-4e59-b2a6-50610f54f67c" />
    <TestEntry testId="a1a2a54a-1106-4459-801e-87c58eb58bef" executionId="7aab0df1-28a3-4b78-b3c4-8a8db3e94ee6" testListId="1f62a161-bba2-4e59-b2a6-50610f54f67c" />
    <TestEntry testId="5f1fd0a1-06f5-426f-ab26-643826b098b4" executionId="d542823e-630d-4643-a3f7-a86138382fd5" testListId="1f62a161-bba2-4e59-b2a6-50610f54f67c" />
    <TestEntry testId="8134307c-3463-4561-b82b-a490ae28a295" executionId="f03c677f-351b-4e15-a573-a9d1baa78c4f" testListId="1f62a161-bba2-4e59-b2a6-50610f54f67c" />
    <TestEntry testId="3f87408f-d4f3-4c5b-a0af-7da5f56cfe44" executionId="bde3004e-d277-4812-93ed-1b3737e2b024" testListId="1f62a161-bba2-4e59-b2a6-50610f54f67c" />
    <TestEntry testId="6d31f9e9-beda-43f2-b15e-52edcfb665c6" executionId="4e46c5f1-4314-4e33-9a71-6d01c2602f15" testListId="1f62a161-bba2-4e59-b2a6-50610f54f67c" />
    <TestEntry testId="640c6676-5523-4b62-a754-866736934e63" executionId="0a229c9f-36e2-4b33-82c5-a4a33b33b00d" testListId="1f62a161-bba2-4e59-b2a6-50610f54f67c" />
  </TestEntries>
  <TestLists>
    <TestList name="Results Not in a List" id="1f62a161-bba2-4e59-b2a6-50610f54f67c" />
    <TestList name="All Loaded Results" id="4e1c1ba5-8d00-4ce3-8f23-cdf5f4fac130" />
  </TestLists>
</TestRun>