<?xml version="1.0" encoding="UTF-8"?>
<TestRun id="01392290-2bd2-470d-a35d-be806177aaa2" name="Test Run 41" runUser="Oles Galatsan" xmlns="http://microsoft.com/schemas/VisualStudio/TeamTest/2010">
  <Times creation="2025-05-14T13:20:31.3125482Z" queuing="2025-05-14T13:20:31.3125482Z" start="2025-05-14T13:20:31.3146610Z" finish="2025-05-14T13:25:31.3147553Z" />
  <TestSettings name="Test Settings 41" id="e5a149b2-f7d7-4958-bd89-d50ef1e8c0ef" />
  <Results>
    <UnitTestResult executionId="6882f8cf-6bc9-43fa-bc35-030440a2dfa0" testId="cb533c34-5d6a-4d65-8691-e9b2a35b190b" testName="Test4001" computerName="UA-LPT-OGA2" duration="00:00:01.6630000" startTime="2025-05-14T13:20:31.3146610Z" endTime="2025-05-14T13:25:31.3147553Z" testType="13cdc9d9-ddb5-4fa4-a97d-d965ccfc6d4b" outcome="Passed" testListId="129ec510-984c-47ec-bd37-b5f6bfcb70d9" />
    <UnitTestResult executionId="a51aa6b6-1efb-4fd1-befc-c4740800e0f8" testId="1c7d14a3-1abd-45dd-a39d-9a86e737f52d" testName="Test4002" computerName="UA-LPT-OGA2" duration="00:00:00.1400000" startTime="2025-05-14T13:20:31.3146610Z" endTime="2025-05-14T13:25:31.3147553Z" testType="13cdc9d9-ddb5-4fa4-a97d-d965ccfc6d4b" outcome="Passed" testListId="129ec510-984c-47ec-bd37-b5f6bfcb70d9" />
    <UnitTestResult executionId="d7d5e1a3-701b-4613-b5bb-b7541085b15a" testId="c8e7d598-0d65-4183-a29f-47a19c775cab" testName="Test4003" computerName="UA-LPT-OGA2" duration="00:00:01.0520000" startTime="2025-05-14T13:20:31.3146610Z" endTime="2025-05-14T13:25:31.3147553Z" testType="13cdc9d9-ddb5-4fa4-a97d-d965ccfc6d4b" outcome="Passed" testListId="129ec510-984c-47ec-bd37-b5f6bfcb70d9" />
    <UnitTestResult executionId="41768991-5bb8-4fac-81b4-8c68fcb4447a" testId="b84ecb2f-0540-4799-903b-21fc2df18888" testName="Test4004" computerName="UA-LPT-OGA2" duration="00:00:01.3590000" startTime="2025-05-14T13:20:31.3146610Z" endTime="2025-05-14T13:25:31.3147553Z" testType="13cdc9d9-ddb5-4fa4-a97d-d965ccfc6d4b" outcome="Passed" testListId="129ec510-984c-47ec-bd37-b5f6bfcb70d9" />
    <UnitTestResult executionId="fc96c5fb-521e-4385-9ef6-ed02c9a2421b" testId="57ba6f37-b8f2-4543-b854-e5941f789f69" testName="Test4005" computerName="UA-LPT-OGA2" duration="00:00:00.3100000" startTime="2025-05-14T13:20:31.3146610Z" endTime="2025-05-14T13:25:31.3147553Z" testType="13cdc9d9-ddb5-4fa4-a97d-d965ccfc6d4b" outcome="Passed" testListId="129ec510-984c-47ec-bd37-b5f6bfcb70d9" />
    <UnitTestResult executionId="76c2eac8-5b15-4f05-8380-f259ca5d709d" testId="d9839e26-b139-4dba-900a-74e7ca12e687" testName="Test4006" computerName="UA-LPT-OGA2" duration="00:00:00.7920000" startTime="2025-05-14T13:20:31.3146610Z" endTime="2025-05-14T13:25:31.3147553Z" testType="13cdc9d9-ddb5-4fa4-a97d-d965ccfc6d4b" outcome="Passed" testListId="129ec510-984c-47ec-bd37-b5f6bfcb70d9" />
    <UnitTestResult executionId="b040e9f9-efcb-4cca-97e2-0d2b29cc37a4" testId="9fd85e42-25a8-4712-9ea7-cd90967661c3" testName="Test4007" computerName="UA-LPT-OGA2" duration="00:00:00.6840000" startTime="2025-05-14T13:20:31.3146610Z" endTime="2025-05-14T13:25:31.3147553Z" testType="13cdc9d9-ddb5-4fa4-a97d-d965ccfc6d4b" outcome="Passed" testListId="129ec510-984c-47ec-bd37-b5f6bfcb70d9" />
    <UnitTestResult executionId="fc96111c-0e48-4926-bf72-209b211e8cd7" testId="33664a30-cf2d-4d57-8c81-5da4bd2e54ff" testName="Test4008" computerName="UA-LPT-OGA2" duration="00:00:00.7220000" startTime="2025-05-14T13:20:31.3146610Z" endTime="2025-05-14T13:25:31.3147553Z" testType="13cdc9d9-ddb5-4fa4-a97d-d965ccfc6d4b" outcome="Passed" testListId="129ec510-984c-47ec-bd37-b5f6bfcb70d9" />
    <UnitTestResult executionId="cf749d82-7375-4ab4-8507-03cdb3b2bc21" testId="a8c3f0af-419a-4d3d-b491-7d46445ebde9" testName="Test4009" computerName="UA-LPT-OGA2" duration="00:00:01.4900000" startTime="2025-05-14T13:20:31.3146610Z" endTime="2025-05-14T13:25:31.3147553Z" testType="13cdc9d9-ddb5-4fa4-a97d-d965ccfc6d4b" outcome="Passed" testListId="129ec510-984c-47ec-bd37-b5f6bfcb70d9" />
    <UnitTestResult executionId="32d40ac4-bfc7-49ea-92e1-6679f3e95024" testId="717e4cfb-5e10-4257-8296-bb61f101c9f0" testName="Test4010" computerName="UA-LPT-OGA2" duration="00:00:01.7550000" startTime="2025-05-14T13:20:31.3146610Z" endTime="2025-05-14T13:25:31.3147553Z" testType="13cdc9d9-ddb5-4fa4-a97d-d965ccfc6d4b" outcome="Passed" testListId="129ec510-984c-47ec-bd37-b5f6bfcb70d9" />
    <UnitTestResult executionId="c0ecf3a4-30f1-407a-be9c-f76a7cf17dcb" testId="b18a5b37-151e-406f-88f6-461f42ae9abe" testName="Test4011" computerName="UA-LPT-OGA2" duration="00:00:01.1460000" startTime="2025-05-14T13:20:31.3146610Z" endTime="2025-05-14T13:25:31.3147553Z" testType="13cdc9d9-ddb5-4fa4-a97d-d965ccfc6d4b" outcome="Passed" testListId="129ec510-984c-47ec-bd37-b5f6bfcb70d9" />
    <UnitTestResult executionId="1a1838bd-a861-40a8-99a8-59f242f2e4ae" testId="9480b5d8-a782-4296-8762-11f8b7d69986" testName="Test4012" computerName="UA-LPT-OGA2" duration="00:00:00.2480000" startTime="2025-05-14T13:20:31.3146610Z" endTime="2025-05-14T13:25:31.3147553Z" testType="13cdc9d9-ddb5-4fa4-a97d-d965ccfc6d4b" outcome="Passed" testListId="129ec510-984c-47ec-bd37-b5f6bfcb70d9" />
    <UnitTestResult executionId="57d77ad9-f803-44eb-9d78-8d5187d70358" testId="8fa95e20-6341-41a1-9d76-04321d648733" testName="Test4013" computerName="UA-LPT-OGA2" duration="00:00:01.3460000" startTime="2025-05-14T13:20:31.3146610Z" endTime="2025-05-14T13:25:31.3147553Z" testType="13cdc9d9-ddb5-4fa4-a97d-d965ccfc6d4b" outcome="Passed" testListId="129ec510-984c-47ec-bd37-b5f6bfcb70d9" />
    <UnitTestResult executionId="cc74bd38-032d-4686-b14a-d8b8e54b632b" testId="70d01bfd-422d-45c2-9375-2ed8bfeed919" testName="Test4014" computerName="UA-LPT-OGA2" duration="00:00:00.3510000" startTime="2025-05-14T13:20:31.3146610Z" endTime="2025-05-14T13:25:31.3147553Z" testType="13cdc9d9-ddb5-4fa4-a97d-d965ccfc6d4b" outcome="Passed" testListId="129ec510-984c-47ec-bd37-b5f6bfcb70d9" />
    <UnitTestResult executionId="c69d9d48-ddcf-4646-8a7d-d0236b56c111" testId="5af39d22-6e4d-42b3-b127-d26fa853b8c7" testName="Test4015" computerName="UA-LPT-OGA2" duration="00:00:01.2300000" startTime="2025-05-14T13:20:31.3146610Z" endTime="2025-05-14T13:25:31.3147553Z" testType="13cdc9d9-ddb5-4fa4-a97d-d965ccfc6d4b" outcome="Passed" testListId="129ec510-984c-47ec-bd37-b5f6bfcb70d9" />
    <UnitTestResult executionId="3f269e8e-247a-41cd-88b2-df25c580b71b" testId="4b9a36d2-696a-4d1d-8fa7-67e7fe7cfcb0" testName="Test4016" computerName="UA-LPT-OGA2" duration="00:00:00.1240000" startTime="2025-05-14T13:20:31.3146610Z" endTime="2025-05-14T13:25:31.3147553Z" testType="13cdc9d9-ddb5-4fa4-a97d-d965ccfc6d4b" outcome="Passed" testListId="129ec510-984c-47ec-bd37-b5f6bfcb70d9" />
    <UnitTestResult executionId="63dd9bb5-9632-4567-83c8-1e95cba9ce72" testId="d41fd45a-ed6b-4e4c-b09b-eee4052197b4" testName="Test4017" computerName="UA-LPT-OGA2" duration="00:00:00.2170000" startTime="2025-05-14T13:20:31.3146610Z" endTime="2025-05-14T13:25:31.3147553Z" testType="13cdc9d9-ddb5-4fa4-a97d-d965ccfc6d4b" outcome="Passed" testListId="129ec510-984c-47ec-bd37-b5f6bfcb70d9" />
    <UnitTestResult executionId="6d4a43a8-8b3c-4252-9f81-b386ac16146c" testId="a75eb096-033d-4cd0-8868-125146f475e7" testName="Test4018" computerName="UA-LPT-OGA2" duration="00:00:01.1530000" startTime="2025-05-14T13:20:31.3146610Z" endTime="2025-05-14T13:25:31.3147553Z" testType="13cdc9d9-ddb5-4fa4-a97d-d965ccfc6d4b" outcome="Passed" testListId="129ec510-984c-47ec-bd37-b5f6bfcb70d9" />
    <UnitTestResult executionId="3b028e9f-8f91-4be4-bf0b-3824321e5609" testId="05bd1030-aadd-4dbc-90e0-9fdb720494e7" testName="Test4019" computerName="UA-LPT-OGA2" duration="00:00:00.8240000" startTime="2025-05-14T13:20:31.3146610Z" endTime="2025-05-14T13:25:31.3147553Z" testType="13cdc9d9-ddb5-4fa4-a97d-d965ccfc6d4b" outcome="Failed" testListId="129ec510-984c-47ec-bd37-b5f6bfcb70d9">
      <Output>
        <ErrorInfo>
          <Message>Assertion failed: Expected value did not match actual value.</Message>
          <StackTrace>   at TestNamespace.TestClass.Test() in TestClass.cs:line 319</StackTrace>
        </ErrorInfo>
      </Output>
    </UnitTestResult>
    <UnitTestResult executionId="5ceab559-7a24-4d22-84c0-5c82cfec3198" testId="cdfae380-dbc2-433e-ad23-0b27aa18dbce" testName="Test4020" computerName="UA-LPT-OGA2" duration="00:00:01.1150000" startTime="2025-05-14T13:20:31.3146610Z" endTime="2025-05-14T13:25:31.3147553Z" testType="13cdc9d9-ddb5-4fa4-a97d-d965ccfc6d4b" outcome="Passed" testListId="129ec510-984c-47ec-bd37-b5f6bfcb70d9" />
    <UnitTestResult executionId="4fea6b85-ed90-4dcc-a12b-5635c56fcaec" testId="cf936837-0e1a-4080-ac7d-1883015f47e8" testName="Test4021" computerName="UA-LPT-OGA2" duration="00:00:00.9310000" startTime="2025-05-14T13:20:31.3146610Z" endTime="2025-05-14T13:25:31.3147553Z" testType="13cdc9d9-ddb5-4fa4-a97d-d965ccfc6d4b" outcome="Passed" testListId="129ec510-984c-47ec-bd37-b5f6bfcb70d9" />
    <UnitTestResult executionId="7d5e964b-88c2-4cac-ad94-27edaf8dcc33" testId="12039235-2228-43cc-8bd9-e23b10492ca1" testName="Test4022" computerName="UA-LPT-OGA2" duration="00:00:01.4750000" startTime="2025-05-14T13:20:31.3146610Z" endTime="2025-05-14T13:25:31.3147553Z" testType="13cdc9d9-ddb5-4fa4-a97d-d965ccfc6d4b" outcome="Passed" testListId="129ec510-984c-47ec-bd37-b5f6bfcb70d9" />
    <UnitTestResult executionId="83f49cc1-04e4-4abb-beac-d1a61d1fe376" testId="8f4bcf68-32b2-4881-ae0b-e46c53048f8e" testName="Test4023" computerName="UA-LPT-OGA2" duration="00:00:01.8250000" startTime="2025-05-14T13:20:31.3146610Z" endTime="2025-05-14T13:25:31.3147553Z" testType="13cdc9d9-ddb5-4fa4-a97d-d965ccfc6d4b" outcome="Failed" testListId="129ec510-984c-47ec-bd37-b5f6bfcb70d9">
      <Output>
        <ErrorInfo>
          <Message>Assertion failed: Expected value did not match actual value.</Message>
          <StackTrace>   at TestNamespace.TestClass.Test() in TestClass.cs:line 315</StackTrace>
        </ErrorInfo>
      </Output>
    </UnitTestResult>
    <UnitTestResult executionId="0acc243d-33c8-4f62-9857-0c3a917e5a90" testId="7b2143d8-c031-4c3a-8338-1a1ec35be758" testName="Test4024" computerName="UA-LPT-OGA2" duration="00:00:00.0850000" startTime="2025-05-14T13:20:31.3146610Z" endTime="2025-05-14T13:25:31.3147553Z" testType="13cdc9d9-ddb5-4fa4-a97d-d965ccfc6d4b" outcome="Passed" testListId="129ec510-984c-47ec-bd37-b5f6bfcb70d9" />
    <UnitTestResult executionId="b62288d1-becf-41f8-8d3d-747dd3d5a97f" testId="62721038-ae6f-4e4d-90bc-cf18a7dc61ab" testName="Test4025" computerName="UA-LPT-OGA2" duration="00:00:01.7340000" startTime="2025-05-14T13:20:31.3146610Z" endTime="2025-05-14T13:25:31.3147553Z" testType="13cdc9d9-ddb5-4fa4-a97d-d965ccfc6d4b" outcome="Passed" testListId="129ec510-984c-47ec-bd37-b5f6bfcb70d9" />
    <UnitTestResult executionId="77ab6cd1-8271-41e4-9919-f72a6246976a" testId="00ed9fa8-619f-434a-bfad-22e7336c0be6" testName="Test4026" computerName="UA-LPT-OGA2" duration="00:00:01.6080000" startTime="2025-05-14T13:20:31.3146610Z" endTime="2025-05-14T13:25:31.3147553Z" testType="13cdc9d9-ddb5-4fa4-a97d-d965ccfc6d4b" outcome="Passed" testListId="129ec510-984c-47ec-bd37-b5f6bfcb70d9" />
    <UnitTestResult executionId="4926e4a0-4d36-49bd-ad41-c6d75a16abe4" testId="82504472-2958-4c5f-9af5-1e3cac2063c5" testName="Test4027" computerName="UA-LPT-OGA2" duration="00:00:00.8670000" startTime="2025-05-14T13:20:31.3146610Z" endTime="2025-05-14T13:25:31.3147553Z" testType="13cdc9d9-ddb5-4fa4-a97d-d965ccfc6d4b" outcome="Passed" testListId="129ec510-984c-47ec-bd37-b5f6bfcb70d9" />
    <UnitTestResult executionId="86bba0fe-4e1a-4997-aae4-22ae10cc8c30" testId="e13f57cb-2ec5-412b-913f-d49279307b2a" testName="Test4028" computerName="UA-LPT-OGA2" duration="00:00:01.4540000" startTime="2025-05-14T13:20:31.3146610Z" endTime="2025-05-14T13:25:31.3147553Z" testType="13cdc9d9-ddb5-4fa4-a97d-d965ccfc6d4b" outcome="Passed" testListId="129ec510-984c-47ec-bd37-b5f6bfcb70d9" />
    <UnitTestResult executionId="a0c7d861-7a0f-4faf-b68f-bcb09149bc6b" testId="9c655bb4-09d1-4c4a-8ace-69ee9cee4c45" testName="Test4029" computerName="UA-LPT-OGA2" duration="00:00:01.2730000" startTime="2025-05-14T13:20:31.3146610Z" endTime="2025-05-14T13:25:31.3147553Z" testType="13cdc9d9-ddb5-4fa4-a97d-d965ccfc6d4b" outcome="Passed" testListId="129ec510-984c-47ec-bd37-b5f6bfcb70d9" />
    <UnitTestResult executionId="6acc37a8-0d90-44f5-9722-974224ff2d73" testId="213adc2c-03b4-462a-b945-3bda1ac0fc9d" testName="Test4030" computerName="UA-LPT-OGA2" duration="00:00:01.4570000" startTime="2025-05-14T13:20:31.3146610Z" endTime="2025-05-14T13:25:31.3147553Z" testType="13cdc9d9-ddb5-4fa4-a97d-d965ccfc6d4b" outcome="Passed" testListId="129ec510-984c-47ec-bd37-b5f6bfcb70d9" />
    <UnitTestResult executionId="47b68689-0dfa-41f0-b5dc-46d230505df8" testId="43477ae1-bd3d-483a-8af1-b2d08c692cd5" testName="Test4031" computerName="UA-LPT-OGA2" duration="00:00:01.4370000" startTime="2025-05-14T13:20:31.3146610Z" endTime="2025-05-14T13:25:31.3147553Z" testType="13cdc9d9-ddb5-4fa4-a97d-d965ccfc6d4b" outcome="Passed" testListId="129ec510-984c-47ec-bd37-b5f6bfcb70d9" />
    <UnitTestResult executionId="8d783b93-e044-45eb-ba3c-d82a99a87156" testId="401a810d-b01b-4168-9028-c0f15092fa62" testName="Test4032" computerName="UA-LPT-OGA2" duration="00:00:00.2200000" startTime="2025-05-14T13:20:31.3146610Z" endTime="2025-05-14T13:25:31.3147553Z" testType="13cdc9d9-ddb5-4fa4-a97d-d965ccfc6d4b" outcome="Failed" testListId="129ec510-984c-47ec-bd37-b5f6bfcb70d9">
      <Output>
        <ErrorInfo>
          <Message>Assertion failed: Expected value did not match actual value.</Message>
          <StackTrace>   at TestNamespace.TestClass.Test() in TestClass.cs:line 416</StackTrace>
        </ErrorInfo>
      </Output>
    </UnitTestResult>
    <UnitTestResult executionId="ff2944d1-45e3-4114-ba1b-76c128969980" testId="3a95a4c0-d005-480b-8721-42d930e6c69d" testName="Test4033" computerName="UA-LPT-OGA2" duration="00:00:01.6670000" startTime="2025-05-14T13:20:31.3146610Z" endTime="2025-05-14T13:25:31.3147553Z" testType="13cdc9d9-ddb5-4fa4-a97d-d965ccfc6d4b" outcome="Passed" testListId="129ec510-984c-47ec-bd37-b5f6bfcb70d9" />
    <UnitTestResult executionId="b9fe7943-70d6-4d30-bcb1-7457a9d8146e" testId="d1e644cf-e306-4638-b11d-5764f4c21ce9" testName="Test4034" computerName="UA-LPT-OGA2" duration="00:00:01.6450000" startTime="2025-05-14T13:20:31.3146610Z" endTime="2025-05-14T13:25:31.3147553Z" testType="13cdc9d9-ddb5-4fa4-a97d-d965ccfc6d4b" outcome="Passed" testListId="129ec510-984c-47ec-bd37-b5f6bfcb70d9" />
    <UnitTestResult executionId="e5eaf346-61da-46d5-8ab7-247156df9105" testId="18e0e878-b193-46b7-9dbb-69ffda4f87ee" testName="Test4035" computerName="UA-LPT-OGA2" duration="00:00:00.8780000" startTime="2025-05-14T13:20:31.3146610Z" endTime="2025-05-14T13:25:31.3147553Z" testType="13cdc9d9-ddb5-4fa4-a97d-d965ccfc6d4b" outcome="Passed" testListId="129ec510-984c-47ec-bd37-b5f6bfcb70d9" />
    <UnitTestResult executionId="d4d652da-1363-4b2b-9b68-083ee475e456" testId="15f49b06-c9b9-49fe-bbe9-4925d3416e5c" testName="Test4036" computerName="UA-LPT-OGA2" duration="00:00:01.1590000" startTime="2025-05-14T13:20:31.3146610Z" endTime="2025-05-14T13:25:31.3147553Z" testType="13cdc9d9-ddb5-4fa4-a97d-d965ccfc6d4b" outcome="Passed" testListId="129ec510-984c-47ec-bd37-b5f6bfcb70d9" />
    <UnitTestResult executionId="1e4f4c1c-6919-4d48-a6e9-ddab72e8edc1" testId="9e77aec8-6f52-48a4-8544-e0dd26ec4b36" testName="Test4037" computerName="UA-LPT-OGA2" duration="00:00:01.4470000" startTime="2025-05-14T13:20:31.3146610Z" endTime="2025-05-14T13:25:31.3147553Z" testType="13cdc9d9-ddb5-4fa4-a97d-d965ccfc6d4b" outcome="Passed" testListId="129ec510-984c-47ec-bd37-b5f6bfcb70d9" />
    <UnitTestResult executionId="580fa71d-d5a8-4772-b2b5-5b6ba6b0fa6a" testId="2b7168a9-c99e-4146-8534-4ac0b763a636" testName="Test4038" computerName="UA-LPT-OGA2" duration="00:00:01.2570000" startTime="2025-05-14T13:20:31.3146610Z" endTime="2025-05-14T13:25:31.3147553Z" testType="13cdc9d9-ddb5-4fa4-a97d-d965ccfc6d4b" outcome="Inconclusive" testListId="129ec510-984c-47ec-bd37-b5f6bfcb70d9" />
    <UnitTestResult executionId="c2170281-2e08-43bc-a322-1cbad152807c" testId="26eb42f1-fb28-48cb-a4de-c24aab8b67a1" testName="Test4039" computerName="UA-LPT-OGA2" duration="00:00:00.5740000" startTime="2025-05-14T13:20:31.3146610Z" endTime="2025-05-14T13:25:31.3147553Z" testType="13cdc9d9-ddb5-4fa4-a97d-d965ccfc6d4b" outcome="Passed" testListId="129ec510-984c-47ec-bd37-b5f6bfcb70d9" />
    <UnitTestResult executionId="44128863-7310-486d-826c-7fe436999b15" testId="142269c6-8a5b-4ab9-8d11-548f88e4ba5e" testName="Test4040" computerName="UA-LPT-OGA2" duration="00:00:00.2030000" startTime="2025-05-14T13:20:31.3146610Z" endTime="2025-05-14T13:25:31.3147553Z" testType="13cdc9d9-ddb5-4fa4-a97d-d965ccfc6d4b" outcome="Passed" testListId="129ec510-984c-47ec-bd37-b5f6bfcb70d9" />
    <UnitTestResult executionId="714e3c18-d271-4994-9923-9014daa153ad" testId="696fc929-5f44-4cb3-8513-c5b5eff4f3a2" testName="Test4041" computerName="UA-LPT-OGA2" duration="00:00:00.0280000" startTime="2025-05-14T13:20:31.3146610Z" endTime="2025-05-14T13:25:31.3147553Z" testType="13cdc9d9-ddb5-4fa4-a97d-d965ccfc6d4b" outcome="Passed" testListId="129ec510-984c-47ec-bd37-b5f6bfcb70d9" />
    <UnitTestResult executionId="65b74697-4428-468f-be6c-6cfaae83d21e" testId="5697431c-5a37-4c9d-aebd-9b41f056ece9" testName="Test4042" computerName="UA-LPT-OGA2" duration="00:00:01.3840000" startTime="2025-05-14T13:20:31.3146610Z" endTime="2025-05-14T13:25:31.3147553Z" testType="13cdc9d9-ddb5-4fa4-a97d-d965ccfc6d4b" outcome="Passed" testListId="129ec510-984c-47ec-bd37-b5f6bfcb70d9" />
    <UnitTestResult executionId="b2352345-ef04-43d5-9bd9-68aebe450ecb" testId="ebc9e214-4655-44f2-9b97-ef9721c706fd" testName="Test4043" computerName="UA-LPT-OGA2" duration="00:00:00.8650000" startTime="2025-05-14T13:20:31.3146610Z" endTime="2025-05-14T13:25:31.3147553Z" testType="13cdc9d9-ddb5-4fa4-a97d-d965ccfc6d4b" outcome="Passed" testListId="129ec510-984c-47ec-bd37-b5f6bfcb70d9" />
    <UnitTestResult executionId="3c6e0c02-d8c9-421a-abef-6ddd76f6637a" testId="474e1a07-12f5-4adf-848e-5ae4f72cf456" testName="Test4044" computerName="UA-LPT-OGA2" duration="00:00:01.0190000" startTime="2025-05-14T13:20:31.3146610Z" endTime="2025-05-14T13:25:31.3147553Z" testType="13cdc9d9-ddb5-4fa4-a97d-d965ccfc6d4b" outcome="Passed" testListId="129ec510-984c-47ec-bd37-b5f6bfcb70d9" />
    <UnitTestResult executionId="2e994046-9e47-450f-bf57-a79d0bf23533" testId="aae2d995-9ab1-4494-a8c1-0be962cfd6bb" testName="Test4045" computerName="UA-LPT-OGA2" duration="00:00:01.4900000" startTime="2025-05-14T13:20:31.3146610Z" endTime="2025-05-14T13:25:31.3147553Z" testType="13cdc9d9-ddb5-4fa4-a97d-d965ccfc6d4b" outcome="Failed" testListId="129ec510-984c-47ec-bd37-b5f6bfcb70d9">
      <Output>
        <ErrorInfo>
          <Message>Assertion failed: Expected value did not match actual value.</Message>
          <StackTrace>   at TestNamespace.TestClass.Test() in TestClass.cs:line 408</StackTrace>
        </ErrorInfo>
      </Output>
    </UnitTestResult>
    <UnitTestResult executionId="13b15f2d-bba7-4c2a-a6dd-232478b391c8" testId="8242af51-0df8-4ff3-a429-a1292045b728" testName="Test4046" computerName="UA-LPT-OGA2" duration="00:00:00.0320000" startTime="2025-05-14T13:20:31.3146610Z" endTime="2025-05-14T13:25:31.3147553Z" testType="13cdc9d9-ddb5-4fa4-a97d-d965ccfc6d4b" outcome="Passed" testListId="129ec510-984c-47ec-bd37-b5f6bfcb70d9" />
    <UnitTestResult executionId="52ae3899-9b45-4dba-b3a2-f24a3b573f99" testId="794fd460-c954-4954-bb63-7aed9af12698" testName="Test4047" computerName="UA-LPT-OGA2" duration="00:00:00.0290000" startTime="2025-05-14T13:20:31.3146610Z" endTime="2025-05-14T13:25:31.3147553Z" testType="13cdc9d9-ddb5-4fa4-a97d-d965ccfc6d4b" outcome="Passed" testListId="129ec510-984c-47ec-bd37-b5f6bfcb70d9" />
    <UnitTestResult executionId="deb80377-7006-4b00-a8dc-ffa8a230130e" testId="96aabb61-b577-47a0-9e6f-065d1f5d8cba" testName="Test4048" computerName="UA-LPT-OGA2" duration="00:00:01.6470000" startTime="2025-05-14T13:20:31.3146610Z" endTime="2025-05-14T13:25:31.3147553Z" testType="13cdc9d9-ddb5-4fa4-a97d-d965ccfc6d4b" outcome="Passed" testListId="129ec510-984c-47ec-bd37-b5f6bfcb70d9" />
    <UnitTestResult executionId="779a09ca-00ef-422d-bbdd-9f47c614060e" testId="e6aff638-9f22-4ef7-b084-87ae89c1f476" testName="Test4049" computerName="UA-LPT-OGA2" duration="00:00:01.5710000" startTime="2025-05-14T13:20:31.3146610Z" endTime="2025-05-14T13:25:31.3147553Z" testType="13cdc9d9-ddb5-4fa4-a97d-d965ccfc6d4b" outcome="Passed" testListId="129ec510-984c-47ec-bd37-b5f6bfcb70d9" />
    <UnitTestResult executionId="5ad47899-818e-4328-9bfd-3f72c5f3aac7" testId="1d152205-71d1-4f8d-b70d-2657fbf1f461" testName="Test4050" computerName="UA-LPT-OGA2" duration="00:00:01.0220000" startTime="2025-05-14T13:20:31.3146610Z" endTime="2025-05-14T13:25:31.3147553Z" testType="13cdc9d9-ddb5-4fa4-a97d-d965ccfc6d4b" outcome="Passed" testListId="129ec510-984c-47ec-bd37-b5f6bfcb70d9" />
    <UnitTestResult executionId="43f9ff5f-6635-4ab1-8282-f8a448b2a726" testId="bbd6aa90-c73a-4157-90f0-05c9a0d7b725" testName="Test4051" computerName="UA-LPT-OGA2" duration="00:00:01.3830000" startTime="2025-05-14T13:20:31.3146610Z" endTime="2025-05-14T13:25:31.3147553Z" testType="13cdc9d9-ddb5-4fa4-a97d-d965ccfc6d4b" outcome="Passed" testListId="129ec510-984c-47ec-bd37-b5f6bfcb70d9" />
    <UnitTestResult executionId="3a26c9ca-e4c4-4fdb-bdec-41ff04f51a5e" testId="d13d0e20-6cbb-404e-a65e-ac1fe44a548a" testName="Test4052" computerName="UA-LPT-OGA2" duration="00:00:01.8180000" startTime="2025-05-14T13:20:31.3146610Z" endTime="2025-05-14T13:25:31.3147553Z" testType="13cdc9d9-ddb5-4fa4-a97d-d965ccfc6d4b" outcome="Passed" testListId="129ec510-984c-47ec-bd37-b5f6bfcb70d9" />
    <UnitTestResult executionId="5bcd7c76-21fd-4a2b-84c7-a2d06489431a" testId="58923a88-0f19-4ca5-b72c-9cc295165b3b" testName="Test4053" computerName="UA-LPT-OGA2" duration="00:00:01.4490000" startTime="2025-05-14T13:20:31.3146610Z" endTime="2025-05-14T13:25:31.3147553Z" testType="13cdc9d9-ddb5-4fa4-a97d-d965ccfc6d4b" outcome="Passed" testListId="129ec510-984c-47ec-bd37-b5f6bfcb70d9" />
    <UnitTestResult executionId="59b1ff4c-96ee-410d-8be0-05e30c9233f3" testId="2c70d05c-a91c-4ddc-84fa-e18a6303ec49" testName="Test4054" computerName="UA-LPT-OGA2" duration="00:00:00.9820000" startTime="2025-05-14T13:20:31.3146610Z" endTime="2025-05-14T13:25:31.3147553Z" testType="13cdc9d9-ddb5-4fa4-a97d-d965ccfc6d4b" outcome="Passed" testListId="129ec510-984c-47ec-bd37-b5f6bfcb70d9" />
    <UnitTestResult executionId="8095e5d4-e080-44b6-af72-56d740b96c90" testId="0b11f733-1505-428f-87e8-3d2b9995c12d" testName="Test4055" computerName="UA-LPT-OGA2" duration="00:00:01.9060000" startTime="2025-05-14T13:20:31.3146610Z" endTime="2025-05-14T13:25:31.3147553Z" testType="13cdc9d9-ddb5-4fa4-a97d-d965ccfc6d4b" outcome="Passed" testListId="129ec510-984c-47ec-bd37-b5f6bfcb70d9" />
    <UnitTestResult executionId="5dbc895b-5273-4bca-8e1b-bdff089e3b65" testId="148ab36c-c105-4abf-ac63-14771e984961" testName="Test4056" computerName="UA-LPT-OGA2" duration="00:00:01.4410000" startTime="2025-05-14T13:20:31.3146610Z" endTime="2025-05-14T13:25:31.3147553Z" testType="13cdc9d9-ddb5-4fa4-a97d-d965ccfc6d4b" outcome="Passed" testListId="129ec510-984c-47ec-bd37-b5f6bfcb70d9" />
    <UnitTestResult executionId="c8face54-6510-472c-a0be-dc422c5294e6" testId="5fa89254-1364-41c1-b581-56ed88e1e00f" testName="Test4057" computerName="UA-LPT-OGA2" duration="00:00:00.8860000" startTime="2025-05-14T13:20:31.3146610Z" endTime="2025-05-14T13:25:31.3147553Z" testType="13cdc9d9-ddb5-4fa4-a97d-d965ccfc6d4b" outcome="Passed" testListId="129ec510-984c-47ec-bd37-b5f6bfcb70d9" />
    <UnitTestResult executionId="efc59973-4a46-4082-a1ef-8497b326a17a" testId="2f3b04f8-ea7a-4186-9b46-8bbcc403b687" testName="Test4058" computerName="UA-LPT-OGA2" duration="00:00:00.1210000" startTime="2025-05-14T13:20:31.3146610Z" endTime="2025-05-14T13:25:31.3147553Z" testType="13cdc9d9-ddb5-4fa4-a97d-d965ccfc6d4b" outcome="Passed" testListId="129ec510-984c-47ec-bd37-b5f6bfcb70d9" />
    <UnitTestResult executionId="9f0ecb99-c264-4a5d-a692-ea541298d63e" testId="7f01756a-0b0a-4dd3-a8f8-9e52227bf8d5" testName="Test4059" computerName="UA-LPT-OGA2" duration="00:00:00.7960000" startTime="2025-05-14T13:20:31.3146610Z" endTime="2025-05-14T13:25:31.3147553Z" testType="13cdc9d9-ddb5-4fa4-a97d-d965ccfc6d4b" outcome="Passed" testListId="129ec510-984c-47ec-bd37-b5f6bfcb70d9" />
    <UnitTestResult executionId="a792fe88-baa6-44a0-bd9b-977d8964f23d" testId="f732e3c0-2e03-4120-83f8-e8b0314662c5" testName="Test4060" computerName="UA-LPT-OGA2" duration="00:00:00.5330000" startTime="2025-05-14T13:20:31.3146610Z" endTime="2025-05-14T13:25:31.3147553Z" testType="13cdc9d9-ddb5-4fa4-a97d-d965ccfc6d4b" outcome="Passed" testListId="129ec510-984c-47ec-bd37-b5f6bfcb70d9" />
    <UnitTestResult executionId="182cd1b7-8087-45f2-94a9-a83d1646c6aa" testId="61a60682-7371-4dcb-92ef-ab1e9784136d" testName="Test4061" computerName="UA-LPT-OGA2" duration="00:00:01.3950000" startTime="2025-05-14T13:20:31.3146610Z" endTime="2025-05-14T13:25:31.3147553Z" testType="13cdc9d9-ddb5-4fa4-a97d-d965ccfc6d4b" outcome="Passed" testListId="129ec510-984c-47ec-bd37-b5f6bfcb70d9" />
    <UnitTestResult executionId="df14f851-d29c-4b8c-a2ab-eea7401b794c" testId="a57833e5-273e-4a68-9476-d5863f20d78e" testName="Test4062" computerName="UA-LPT-OGA2" duration="00:00:00.9620000" startTime="2025-05-14T13:20:31.3146610Z" endTime="2025-05-14T13:25:31.3147553Z" testType="13cdc9d9-ddb5-4fa4-a97d-d965ccfc6d4b" outcome="Passed" testListId="129ec510-984c-47ec-bd37-b5f6bfcb70d9" />
    <UnitTestResult executionId="c1a6afeb-a7dd-47c2-b708-9facaa138d67" testId="f8d042d0-9cd5-47df-a4d6-238decda0c7f" testName="Test4063" computerName="UA-LPT-OGA2" duration="00:00:00.3450000" startTime="2025-05-14T13:20:31.3146610Z" endTime="2025-05-14T13:25:31.3147553Z" testType="13cdc9d9-ddb5-4fa4-a97d-d965ccfc6d4b" outcome="Passed" testListId="129ec510-984c-47ec-bd37-b5f6bfcb70d9" />
    <UnitTestResult executionId="f6d52431-08f2-4feb-876c-eaef56808058" testId="84bfc23b-74bf-4148-ad62-40af2ed15f63" testName="Test4064" computerName="UA-LPT-OGA2" duration="00:00:00.0970000" startTime="2025-05-14T13:20:31.3146610Z" endTime="2025-05-14T13:25:31.3147553Z" testType="13cdc9d9-ddb5-4fa4-a97d-d965ccfc6d4b" outcome="Passed" testListId="129ec510-984c-47ec-bd37-b5f6bfcb70d9" />
    <UnitTestResult executionId="078a0f6d-4fed-4374-bfe4-ff78ba8aade2" testId="8f53990e-225a-45a5-b553-087819869702" testName="Test4065" computerName="UA-LPT-OGA2" duration="00:00:00.1800000" startTime="2025-05-14T13:20:31.3146610Z" endTime="2025-05-14T13:25:31.3147553Z" testType="13cdc9d9-ddb5-4fa4-a97d-d965ccfc6d4b" outcome="Passed" testListId="129ec510-984c-47ec-bd37-b5f6bfcb70d9" />
    <UnitTestResult executionId="6e96d13c-a115-447a-a5a7-fe760019dc9d" testId="64968339-3456-40be-bf6b-e88391ee5c60" testName="Test4066" computerName="UA-LPT-OGA2" duration="00:00:00.8960000" startTime="2025-05-14T13:20:31.3146610Z" endTime="2025-05-14T13:25:31.3147553Z" testType="13cdc9d9-ddb5-4fa4-a97d-d965ccfc6d4b" outcome="Passed" testListId="129ec510-984c-47ec-bd37-b5f6bfcb70d9" />
    <UnitTestResult executionId="d88b8551-342c-4286-85ab-246d9ced0057" testId="40403caa-c04f-4283-b238-9ee68308c9bb" testName="Test4067" computerName="UA-LPT-OGA2" duration="00:00:01.0340000" startTime="2025-05-14T13:20:31.3146610Z" endTime="2025-05-14T13:25:31.3147553Z" testType="13cdc9d9-ddb5-4fa4-a97d-d965ccfc6d4b" outcome="Passed" testListId="129ec510-984c-47ec-bd37-b5f6bfcb70d9" />
    <UnitTestResult executionId="923d33d7-d7e2-418a-9522-fefc310aa305" testId="7bad12ff-f448-4cf6-8c4c-1fea1accdaac" testName="Test4068" computerName="UA-LPT-OGA2" duration="00:00:01.7160000" startTime="2025-05-14T13:20:31.3146610Z" endTime="2025-05-14T13:25:31.3147553Z" testType="13cdc9d9-ddb5-4fa4-a97d-d965ccfc6d4b" outcome="Passed" testListId="129ec510-984c-47ec-bd37-b5f6bfcb70d9" />
    <UnitTestResult executionId="ab257eaf-9136-44dd-9b55-ee1a5a12483d" testId="ea59ed95-4887-4924-90e9-350a0313acc7" testName="Test4069" computerName="UA-LPT-OGA2" duration="00:00:01.7480000" startTime="2025-05-14T13:20:31.3146610Z" endTime="2025-05-14T13:25:31.3147553Z" testType="13cdc9d9-ddb5-4fa4-a97d-d965ccfc6d4b" outcome="Passed" testListId="129ec510-984c-47ec-bd37-b5f6bfcb70d9" />
    <UnitTestResult executionId="4da0386b-e86e-435e-8ad9-cb75ee61bf58" testId="5f4389a4-32ea-48c8-9aad-82fb645b9527" testName="Test4070" computerName="UA-LPT-OGA2" duration="00:00:01.3250000" startTime="2025-05-14T13:20:31.3146610Z" endTime="2025-05-14T13:25:31.3147553Z" testType="13cdc9d9-ddb5-4fa4-a97d-d965ccfc6d4b" outcome="Passed" testListId="129ec510-984c-47ec-bd37-b5f6bfcb70d9" />
    <UnitTestResult executionId="955efdf0-0dd3-44c2-a8e5-2d58b88b9c6b" testId="0d767b89-1bf4-4311-9ab5-f8ab36b211c7" testName="Test4071" computerName="UA-LPT-OGA2" duration="00:00:00.8280000" startTime="2025-05-14T13:20:31.3146610Z" endTime="2025-05-14T13:25:31.3147553Z" testType="13cdc9d9-ddb5-4fa4-a97d-d965ccfc6d4b" outcome="Passed" testListId="129ec510-984c-47ec-bd37-b5f6bfcb70d9" />
    <UnitTestResult executionId="52a4e77c-a805-4f0f-b572-ff78521bd612" testId="2902104b-3360-431e-a428-3513b79ae420" testName="Test4072" computerName="UA-LPT-OGA2" duration="00:00:01.1420000" startTime="2025-05-14T13:20:31.3146610Z" endTime="2025-05-14T13:25:31.3147553Z" testType="13cdc9d9-ddb5-4fa4-a97d-d965ccfc6d4b" outcome="Inconclusive" testListId="129ec510-984c-47ec-bd37-b5f6bfcb70d9" />
    <UnitTestResult executionId="7ccd01f6-ca2e-4d14-a5b4-54c251e3740a" testId="ed7ad9d1-02f1-4d34-9448-457ccd33d5bb" testName="Test4073" computerName="UA-LPT-OGA2" duration="00:00:01.8130000" startTime="2025-05-14T13:20:31.3146610Z" endTime="2025-05-14T13:25:31.3147553Z" testType="13cdc9d9-ddb5-4fa4-a97d-d965ccfc6d4b" outcome="Passed" testListId="129ec510-984c-47ec-bd37-b5f6bfcb70d9" />
    <UnitTestResult executionId="75bb8e56-f6e5-494e-a45f-030e39dfe75f" testId="7a526cfe-c046-4828-84bd-ae91b575e416" testName="Test4074" computerName="UA-LPT-OGA2" duration="00:00:00.4010000" startTime="2025-05-14T13:20:31.3146610Z" endTime="2025-05-14T13:25:31.3147553Z" testType="13cdc9d9-ddb5-4fa4-a97d-d965ccfc6d4b" outcome="Passed" testListId="129ec510-984c-47ec-bd37-b5f6bfcb70d9" />
    <UnitTestResult executionId="1e8ebce1-f19c-4bef-8904-f4e98e2b2256" testId="c2e93ee9-d37c-4cad-9e9d-4f2ebc845155" testName="Test4075" computerName="UA-LPT-OGA2" duration="00:00:00.0280000" startTime="2025-05-14T13:20:31.3146610Z" endTime="2025-05-14T13:25:31.3147553Z" testType="13cdc9d9-ddb5-4fa4-a97d-d965ccfc6d4b" outcome="Passed" testListId="129ec510-984c-47ec-bd37-b5f6bfcb70d9" />
    <UnitTestResult executionId="00f3ca8f-024a-437d-b6c0-d344278353fa" testId="b9f1a80c-a71c-4c5e-9943-57ff99b9162c" testName="Test4076" computerName="UA-LPT-OGA2" duration="00:00:00.4080000" startTime="2025-05-14T13:20:31.3146610Z" endTime="2025-05-14T13:25:31.3147553Z" testType="13cdc9d9-ddb5-4fa4-a97d-d965ccfc6d4b" outcome="Passed" testListId="129ec510-984c-47ec-bd37-b5f6bfcb70d9" />
    <UnitTestResult executionId="b510137e-303c-4cb5-8336-0d0d838c6802" testId="aa907c59-5afb-4da0-9aae-c524d26e07a9" testName="Test4077" computerName="UA-LPT-OGA2" duration="00:00:00.5600000" startTime="2025-05-14T13:20:31.3146610Z" endTime="2025-05-14T13:25:31.3147553Z" testType="13cdc9d9-ddb5-4fa4-a97d-d965ccfc6d4b" outcome="Failed" testListId="129ec510-984c-47ec-bd37-b5f6bfcb70d9">
      <Output>
        <ErrorInfo>
          <Message>Assertion failed: Expected value did not match actual value.</Message>
          <StackTrace>   at TestNamespace.TestClass.Test() in TestClass.cs:line 382</StackTrace>
        </ErrorInfo>
      </Output>
    </UnitTestResult>
    <UnitTestResult executionId="593bb378-18a2-4a18-a3d2-b837bb8a2365" testId="146c6a36-a399-4610-9101-76093e8f1e2a" testName="Test4078" computerName="UA-LPT-OGA2" duration="00:00:01.3430000" startTime="2025-05-14T13:20:31.3146610Z" endTime="2025-05-14T13:25:31.3147553Z" testType="13cdc9d9-ddb5-4fa4-a97d-d965ccfc6d4b" outcome="Passed" testListId="129ec510-984c-47ec-bd37-b5f6bfcb70d9" />
    <UnitTestResult executionId="33056380-7587-4246-9010-2d5728e79bd2" testId="4d4d6e2a-bd35-49c3-95ec-18440727c67d" testName="Test4079" computerName="UA-LPT-OGA2" duration="00:00:01.0420000" startTime="2025-05-14T13:20:31.3146610Z" endTime="2025-05-14T13:25:31.3147553Z" testType="13cdc9d9-ddb5-4fa4-a97d-d965ccfc6d4b" outcome="Passed" testListId="129ec510-984c-47ec-bd37-b5f6bfcb70d9" />
    <UnitTestResult executionId="57cac399-2aba-41dc-b91d-6e143fba3773" testId="cda99021-3a83-423b-b1a7-026b00c55338" testName="Test4080" computerName="UA-LPT-OGA2" duration="00:00:01.8240000" startTime="2025-05-14T13:20:31.3146610Z" endTime="2025-05-14T13:25:31.3147553Z" testType="13cdc9d9-ddb5-4fa4-a97d-d965ccfc6d4b" outcome="Passed" testListId="129ec510-984c-47ec-bd37-b5f6bfcb70d9" />
    <UnitTestResult executionId="9acdd838-03c7-442e-9f38-34d2a5be12e0" testId="e632827e-c39d-4d83-ab1e-cbdc7b5e691d" testName="Test4081" computerName="UA-LPT-OGA2" duration="00:00:00.3560000" startTime="2025-05-14T13:20:31.3146610Z" endTime="2025-05-14T13:25:31.3147553Z" testType="13cdc9d9-ddb5-4fa4-a97d-d965ccfc6d4b" outcome="Passed" testListId="129ec510-984c-47ec-bd37-b5f6bfcb70d9" />
    <UnitTestResult executionId="29f6c389-9da2-4f2e-96bf-6e97bd542f43" testId="438ba181-e4a3-483d-8c71-9dc53b308037" testName="Test4082" computerName="UA-LPT-OGA2" duration="00:00:00.1260000" startTime="2025-05-14T13:20:31.3146610Z" endTime="2025-05-14T13:25:31.3147553Z" testType="13cdc9d9-ddb5-4fa4-a97d-d965ccfc6d4b" outcome="Passed" testListId="129ec510-984c-47ec-bd37-b5f6bfcb70d9" />
    <UnitTestResult executionId="6dfac25e-f876-40e0-b049-384be2e99c8b" testId="09cb8753-cbe5-453f-9b22-6db4b308a08d" testName="Test4083" computerName="UA-LPT-OGA2" duration="00:00:01.7250000" startTime="2025-05-14T13:20:31.3146610Z" endTime="2025-05-14T13:25:31.3147553Z" testType="13cdc9d9-ddb5-4fa4-a97d-d965ccfc6d4b" outcome="Passed" testListId="129ec510-984c-47ec-bd37-b5f6bfcb70d9" />
    <UnitTestResult executionId="efd88fab-d7d6-464e-a760-3b1b301ac5c2" testId="97c04ed1-74bf-4670-8d5d-9da0af40259b" testName="Test4084" computerName="UA-LPT-OGA2" duration="00:00:01.5020000" startTime="2025-05-14T13:20:31.3146610Z" endTime="2025-05-14T13:25:31.3147553Z" testType="13cdc9d9-ddb5-4fa4-a97d-d965ccfc6d4b" outcome="Passed" testListId="129ec510-984c-47ec-bd37-b5f6bfcb70d9" />
    <UnitTestResult executionId="c54d9569-ea34-4614-9688-6e0ebbeced08" testId="a4f516c4-c320-41aa-8124-71c2b45ded80" testName="Test4085" computerName="UA-LPT-OGA2" duration="00:00:01.1750000" startTime="2025-05-14T13:20:31.3146610Z" endTime="2025-05-14T13:25:31.3147553Z" testType="13cdc9d9-ddb5-4fa4-a97d-d965ccfc6d4b" outcome="Passed" testListId="129ec510-984c-47ec-bd37-b5f6bfcb70d9" />
    <UnitTestResult executionId="98cdaa6d-3ed1-4a63-9a56-b61bef7d2556" testId="b23f46e0-0cd7-498b-bebf-024e0de88b86" testName="Test4086" computerName="UA-LPT-OGA2" duration="00:00:01.1970000" startTime="2025-05-14T13:20:31.3146610Z" endTime="2025-05-14T13:25:31.3147553Z" testType="13cdc9d9-ddb5-4fa4-a97d-d965ccfc6d4b" outcome="Passed" testListId="129ec510-984c-47ec-bd37-b5f6bfcb70d9" />
    <UnitTestResult executionId="de2fca85-a7d2-4686-9cc1-abe1008257be" testId="9387972b-b944-4e44-b395-dc6681a41fd0" testName="Test4087" computerName="UA-LPT-OGA2" duration="00:00:01.8080000" startTime="2025-05-14T13:20:31.3146610Z" endTime="2025-05-14T13:25:31.3147553Z" testType="13cdc9d9-ddb5-4fa4-a97d-d965ccfc6d4b" outcome="Passed" testListId="129ec510-984c-47ec-bd37-b5f6bfcb70d9" />
    <UnitTestResult executionId="9767da61-413a-4901-addf-24249652f55c" testId="58eab8a0-f8a6-49f1-93d4-24f9e4e346df" testName="Test4088" computerName="UA-LPT-OGA2" duration="00:00:00.9330000" startTime="2025-05-14T13:20:31.3146610Z" endTime="2025-05-14T13:25:31.3147553Z" testType="13cdc9d9-ddb5-4fa4-a97d-d965ccfc6d4b" outcome="Passed" testListId="129ec510-984c-47ec-bd37-b5f6bfcb70d9" />
    <UnitTestResult executionId="4417f429-6dd1-4670-963d-456c334e88f0" testId="084851d9-2fc4-4d73-9098-120eea8779e6" testName="Test4089" computerName="UA-LPT-OGA2" duration="00:00:01.4830000" startTime="2025-05-14T13:20:31.3146610Z" endTime="2025-05-14T13:25:31.3147553Z" testType="13cdc9d9-ddb5-4fa4-a97d-d965ccfc6d4b" outcome="Passed" testListId="129ec510-984c-47ec-bd37-b5f6bfcb70d9" />
    <UnitTestResult executionId="9378c3e3-9a85-4cb4-958b-a81d19cef65e" testId="5b3920cc-cce5-4206-804c-c3f9c7c429b7" testName="Test4090" computerName="UA-LPT-OGA2" duration="00:00:00.0240000" startTime="2025-05-14T13:20:31.3146610Z" endTime="2025-05-14T13:25:31.3147553Z" testType="13cdc9d9-ddb5-4fa4-a97d-d965ccfc6d4b" outcome="Passed" testListId="129ec510-984c-47ec-bd37-b5f6bfcb70d9" />
    <UnitTestResult executionId="5340a4d3-626d-43ac-8396-1c814a3adfbb" testId="154b2f2f-0ecf-4dfa-8286-b0783ac6f77e" testName="Test4091" computerName="UA-LPT-OGA2" duration="00:00:01.1640000" startTime="2025-05-14T13:20:31.3146610Z" endTime="2025-05-14T13:25:31.3147553Z" testType="13cdc9d9-ddb5-4fa4-a97d-d965ccfc6d4b" outcome="Passed" testListId="129ec510-984c-47ec-bd37-b5f6bfcb70d9" />
    <UnitTestResult executionId="2c285cb8-1595-4876-92aa-1123246a1294" testId="91a6737f-7389-4aee-a1ac-683027c14fc6" testName="Test4092" computerName="UA-LPT-OGA2" duration="00:00:01.3210000" startTime="2025-05-14T13:20:31.3146610Z" endTime="2025-05-14T13:25:31.3147553Z" testType="13cdc9d9-ddb5-4fa4-a97d-d965ccfc6d4b" outcome="Passed" testListId="129ec510-984c-47ec-bd37-b5f6bfcb70d9" />
    <UnitTestResult executionId="c19f0436-c1bd-4484-a813-b64198f3f5e6" testId="7d9630fb-bc7f-4efc-a6ef-44ba8e27825d" testName="Test4093" computerName="UA-LPT-OGA2" duration="00:00:01.0170000" startTime="2025-05-14T13:20:31.3146610Z" endTime="2025-05-14T13:25:31.3147553Z" testType="13cdc9d9-ddb5-4fa4-a97d-d965ccfc6d4b" outcome="Passed" testListId="129ec510-984c-47ec-bd37-b5f6bfcb70d9" />
    <UnitTestResult executionId="e878801d-1a7c-4bcc-aa44-389521ee4ad1" testId="5639f11b-66d9-4165-9fea-a5aa73fba535" testName="Test4094" computerName="UA-LPT-OGA2" duration="00:00:01.2530000" startTime="2025-05-14T13:20:31.3146610Z" endTime="2025-05-14T13:25:31.3147553Z" testType="13cdc9d9-ddb5-4fa4-a97d-d965ccfc6d4b" outcome="Passed" testListId="129ec510-984c-47ec-bd37-b5f6bfcb70d9" />
    <UnitTestResult executionId="10bb9219-b267-43a5-ba34-ac3bb1b83622" testId="26ef56c0-c0ba-4ab6-8568-df2d70cb520f" testName="Test4095" computerName="UA-LPT-OGA2" duration="00:00:00.0300000" startTime="2025-05-14T13:20:31.3146610Z" endTime="2025-05-14T13:25:31.3147553Z" testType="13cdc9d9-ddb5-4fa4-a97d-d965ccfc6d4b" outcome="Passed" testListId="129ec510-984c-47ec-bd37-b5f6bfcb70d9" />
    <UnitTestResult executionId="fbe2505e-f91b-4dea-bf99-62ed53b0ea82" testId="fe6e2aa6-5e90-4cb3-8913-3e5d6b5ddb1e" testName="Test4096" computerName="UA-LPT-OGA2" duration="00:00:00.2610000" startTime="2025-05-14T13:20:31.3146610Z" endTime="2025-05-14T13:25:31.3147553Z" testType="13cdc9d9-ddb5-4fa4-a97d-d965ccfc6d4b" outcome="Passed" testListId="129ec510-984c-47ec-bd37-b5f6bfcb70d9" />
    <UnitTestResult executionId="6d71d6f1-d9ff-414f-91fd-d8903688c6db" testId="cb107358-3cbf-4f2b-accb-95c8ad4ef97e" testName="Test4097" computerName="UA-LPT-OGA2" duration="00:00:00.6850000" startTime="2025-05-14T13:20:31.3146610Z" endTime="2025-05-14T13:25:31.3147553Z" testType="13cdc9d9-ddb5-4fa4-a97d-d965ccfc6d4b" outcome="Passed" testListId="129ec510-984c-47ec-bd37-b5f6bfcb70d9" />
    <UnitTestResult executionId="925381ca-78c0-418d-bd1c-ddb5ec3cfe0e" testId="ac90024c-a6ee-4fb5-9c19-67fb59bbacfc" testName="Test4098" computerName="UA-LPT-OGA2" duration="00:00:01.0180000" startTime="2025-05-14T13:20:31.3146610Z" endTime="2025-05-14T13:25:31.3147553Z" testType="13cdc9d9-ddb5-4fa4-a97d-d965ccfc6d4b" outcome="Passed" testListId="129ec510-984c-47ec-bd37-b5f6bfcb70d9" />
    <UnitTestResult executionId="5d018d9c-e7f0-4f5d-b0bb-d70ce56fd62e" testId="997eaf72-933e-4930-baa8-0904af40c794" testName="Test4099" computerName="UA-LPT-OGA2" duration="00:00:00.7920000" startTime="2025-05-14T13:20:31.3146610Z" endTime="2025-05-14T13:25:31.3147553Z" testType="13cdc9d9-ddb5-4fa4-a97d-d965ccfc6d4b" outcome="Passed" testListId="129ec510-984c-47ec-bd37-b5f6bfcb70d9" />
    <UnitTestResult executionId="4927ade1-7907-4817-8b9a-8f0cc6791721" testId="d9a9a258-9850-4a19-bbe5-967cbdd7fb9d" testName="Test4100" computerName="UA-LPT-OGA2" duration="00:00:01.5990000" startTime="2025-05-14T13:20:31.3146610Z" endTime="2025-05-14T13:25:31.3147553Z" testType="13cdc9d9-ddb5-4fa4-a97d-d965ccfc6d4b" outcome="Passed" testListId="129ec510-984c-47ec-bd37-b5f6bfcb70d9" />
  </Results>
  <TestDefinitions>
    <UnitTest name="Test4001" id="cb533c34-5d6a-4d65-8691-e9b2a35b190b" storage="TestAssembly.dll">
      <Execution id="6882f8cf-6bc9-43fa-bc35-030440a2dfa0" />
      <TestMethod codeBase="TestAssembly.dll" className="TestNamespace.TestClass1" name="Test4001" />
    </UnitTest>
    <UnitTest name="Test4002" id="1c7d14a3-1abd-45dd-a39d-9a86e737f52d" storage="TestAssembly.dll">
      <Execution id="a51aa6b6-1efb-4fd1-befc-c4740800e0f8" />
      <TestMethod codeBase="TestAssembly.dll" className="TestNamespace.TestClass1" name="Test4002" />
    </UnitTest>
    <UnitTest name="Test4003" id="c8e7d598-0d65-4183-a29f-47a19c775cab" storage="TestAssembly.dll">
      <Execution id="d7d5e1a3-701b-4613-b5bb-b7541085b15a" />
      <TestMethod codeBase="TestAssembly.dll" className="TestNamespace.TestClass1" name="Test4003" />
    </UnitTest>
    <UnitTest name="Test4004" id="b84ecb2f-0540-4799-903b-21fc2df18888" storage="TestAssembly.dll">
      <Execution id="41768991-5bb8-4fac-81b4-8c68fcb4447a" />
      <TestMethod codeBase="TestAssembly.dll" className="TestNamespace.TestClass1" name="Test4004" />
    </UnitTest>
    <UnitTest name="Test4005" id="57ba6f37-b8f2-4543-b854-e5941f789f69" storage="TestAssembly.dll">
      <Execution id="fc96c5fb-521e-4385-9ef6-ed02c9a2421b" />
      <TestMethod codeBase="TestAssembly.dll" className="TestNamespace.TestClass1" name="Test4005" />
    </UnitTest>
    <UnitTest name="Test4006" id="d9839e26-b139-4dba-900a-74e7ca12e687" storage="TestAssembly.dll">
      <Execution id="76c2eac8-5b15-4f05-8380-f259ca5d709d" />
      <TestMethod codeBase="TestAssembly.dll" className="TestNamespace.TestClass1" name="Test4006" />
    </UnitTest>
    <UnitTest name="Test4007" id="9fd85e42-25a8-4712-9ea7-cd90967661c3" storage="TestAssembly.dll">
      <Execution id="b040e9f9-efcb-4cca-97e2-0d2b29cc37a4" />
      <TestMethod codeBase="TestAssembly.dll" className="TestNamespace.TestClass1" name="Test4007" />
    </UnitTest>
    <UnitTest name="Test4008" id="33664a30-cf2d-4d57-8c81-5da4bd2e54ff" storage="TestAssembly.dll">
      <Execution id="fc96111c-0e48-4926-bf72-209b211e8cd7" />
      <TestMethod codeBase="TestAssembly.dll" className="TestNamespace.TestClass1" name="Test4008" />
    </UnitTest>
    <UnitTest name="Test4009" id="a8c3f0af-419a-4d3d-b491-7d46445ebde9" storage="TestAssembly.dll">
      <Execution id="cf749d82-7375-4ab4-8507-03cdb3b2bc21" />
      <TestMethod codeBase="TestAssembly.dll" className="TestNamespace.TestClass1" name="Test4009" />
    </UnitTest>
    <UnitTest name="Test4010" id="717e4cfb-5e10-4257-8296-bb61f101c9f0" storage="TestAssembly.dll">
      <Execution id="32d40ac4-bfc7-49ea-92e1-6679f3e95024" />
      <TestMethod codeBase="TestAssembly.dll" className="TestNamespace.TestClass1" name="Test4010" />
    </UnitTest>
    <UnitTest name="Test4011" id="b18a5b37-151e-406f-88f6-461f42ae9abe" storage="TestAssembly.dll">
      <Execution id="c0ecf3a4-30f1-407a-be9c-f76a7cf17dcb" />
      <TestMethod codeBase="TestAssembly.dll" className="TestNamespace.TestClass2" name="Test4011" />
    </UnitTest>
    <UnitTest name="Test4012" id="9480b5d8-a782-4296-8762-11f8b7d69986" storage="TestAssembly.dll">
      <Execution id="1a1838bd-a861-40a8-99a8-59f242f2e4ae" />
      <TestMethod codeBase="TestAssembly.dll" className="TestNamespace.TestClass2" name="Test4012" />
    </UnitTest>
    <UnitTest name="Test4013" id="8fa95e20-6341-41a1-9d76-04321d648733" storage="TestAssembly.dll">
      <Execution id="57d77ad9-f803-44eb-9d78-8d5187d70358" />
      <TestMethod codeBase="TestAssembly.dll" className="TestNamespace.TestClass2" name="Test4013" />
    </UnitTest>
    <UnitTest name="Test4014" id="70d01bfd-422d-45c2-9375-2ed8bfeed919" storage="TestAssembly.dll">
      <Execution id="cc74bd38-032d-4686-b14a-d8b8e54b632b" />
      <TestMethod codeBase="TestAssembly.dll" className="TestNamespace.TestClass2" name="Test4014" />
    </UnitTest>
    <UnitTest name="Test4015" id="5af39d22-6e4d-42b3-b127-d26fa853b8c7" storage="TestAssembly.dll">
      <Execution id="c69d9d48-ddcf-4646-8a7d-d0236b56c111" />
      <TestMethod codeBase="TestAssembly.dll" className="TestNamespace.TestClass2" name="Test4015" />
    </UnitTest>
    <UnitTest name="Test4016" id="4b9a36d2-696a-4d1d-8fa7-67e7fe7cfcb0" storage="TestAssembly.dll">
      <Execution id="3f269e8e-247a-41cd-88b2-df25c580b71b" />
      <TestMethod codeBase="TestAssembly.dll" className="TestNamespace.TestClass2" name="Test4016" />
    </UnitTest>
    <UnitTest name="Test4017" id="d41fd45a-ed6b-4e4c-b09b-eee4052197b4" storage="TestAssembly.dll">
      <Execution id="63dd9bb5-9632-4567-83c8-1e95cba9ce72" />
      <TestMethod codeBase="TestAssembly.dll" className="TestNamespace.TestClass2" name="Test4017" />
    </UnitTest>
    <UnitTest name="Test4018" id="a75eb096-033d-4cd0-8868-125146f475e7" storage="TestAssembly.dll">
      <Execution id="6d4a43a8-8b3c-4252-9f81-b386ac16146c" />
      <TestMethod codeBase="TestAssembly.dll" className="TestNamespace.TestClass2" name="Test4018" />
    </UnitTest>
    <UnitTest name="Test4019" id="05bd1030-aadd-4dbc-90e0-9fdb720494e7" storage="TestAssembly.dll">
      <Execution id="3b028e9f-8f91-4be4-bf0b-3824321e5609" />
      <TestMethod codeBase="TestAssembly.dll" className="TestNamespace.TestClass2" name="Test4019" />
    </UnitTest>
    <UnitTest name="Test4020" id="cdfae380-dbc2-433e-ad23-0b27aa18dbce" storage="TestAssembly.dll">
      <Execution id="5ceab559-7a24-4d22-84c0-5c82cfec3198" />
      <TestMethod codeBase="TestAssembly.dll" className="TestNamespace.TestClass2" name="Test4020" />
    </UnitTest>
    <UnitTest name="Test4021" id="cf936837-0e1a-4080-ac7d-1883015f47e8" storage="TestAssembly.dll">
      <Execution id="4fea6b85-ed90-4dcc-a12b-5635c56fcaec" />
      <TestMethod codeBase="TestAssembly.dll" className="TestNamespace.TestClass3" name="Test4021" />
    </UnitTest>
    <UnitTest name="Test4022" id="12039235-2228-43cc-8bd9-e23b10492ca1" storage="TestAssembly.dll">
      <Execution id="7d5e964b-88c2-4cac-ad94-27edaf8dcc33" />
      <TestMethod codeBase="TestAssembly.dll" className="TestNamespace.TestClass3" name="Test4022" />
    </UnitTest>
    <UnitTest name="Test4023" id="8f4bcf68-32b2-4881-ae0b-e46c53048f8e" storage="TestAssembly.dll">
      <Execution id="83f49cc1-04e4-4abb-beac-d1a61d1fe376" />
      <TestMethod codeBase="TestAssembly.dll" className="TestNamespace.TestClass3" name="Test4023" />
    </UnitTest>
    <UnitTest name="Test4024" id="7b2143d8-c031-4c3a-8338-1a1ec35be758" storage="TestAssembly.dll">
      <Execution id="0acc243d-33c8-4f62-9857-0c3a917e5a90" />
      <TestMethod codeBase="TestAssembly.dll" className="TestNamespace.TestClass3" name="Test4024" />
    </UnitTest>
    <UnitTest name="Test4025" id="62721038-ae6f-4e4d-90bc-cf18a7dc61ab" storage="TestAssembly.dll">
      <Execution id="b62288d1-becf-41f8-8d3d-747dd3d5a97f" />
      <TestMethod codeBase="TestAssembly.dll" className="TestNamespace.TestClass3" name="Test4025" />
    </UnitTest>
    <UnitTest name="Test4026" id="00ed9fa8-619f-434a-bfad-22e7336c0be6" storage="TestAssembly.dll">
      <Execution id="77ab6cd1-8271-41e4-9919-f72a6246976a" />
      <TestMethod codeBase="TestAssembly.dll" className="TestNamespace.TestClass3" name="Test4026" />
    </UnitTest>
    <UnitTest name="Test4027" id="82504472-2958-4c5f-9af5-1e3cac2063c5" storage="TestAssembly.dll">
      <Execution id="4926e4a0-4d36-49bd-ad41-c6d75a16abe4" />
      <TestMethod codeBase="TestAssembly.dll" className="TestNamespace.TestClass3" name="Test4027" />
    </UnitTest>
    <UnitTest name="Test4028" id="e13f57cb-2ec5-412b-913f-d49279307b2a" storage="TestAssembly.dll">
      <Execution id="86bba0fe-4e1a-4997-aae4-22ae10cc8c30" />
      <TestMethod codeBase="TestAssembly.dll" className="TestNamespace.TestClass3" name="Test4028" />
    </UnitTest>
    <UnitTest name="Test4029" id="9c655bb4-09d1-4c4a-8ace-69ee9cee4c45" storage="TestAssembly.dll">
      <Execution id="a0c7d861-7a0f-4faf-b68f-bcb09149bc6b" />
      <TestMethod codeBase="TestAssembly.dll" className="TestNamespace.TestClass3" name="Test4029" />
    </UnitTest>
    <UnitTest name="Test4030" id="213adc2c-03b4-462a-b945-3bda1ac0fc9d" storage="TestAssembly.dll">
      <Execution id="6acc37a8-0d90-44f5-9722-974224ff2d73" />
      <TestMethod codeBase="TestAssembly.dll" className="TestNamespace.TestClass3" name="Test4030" />
    </UnitTest>
    <UnitTest name="Test4031" id="43477ae1-bd3d-483a-8af1-b2d08c692cd5" storage="TestAssembly.dll">
      <Execution id="47b68689-0dfa-41f0-b5dc-46d230505df8" />
      <TestMethod codeBase="TestAssembly.dll" className="TestNamespace.TestClass4" name="Test4031" />
    </UnitTest>
    <UnitTest name="Test4032" id="401a810d-b01b-4168-9028-c0f15092fa62" storage="TestAssembly.dll">
      <Execution id="8d783b93-e044-45eb-ba3c-d82a99a87156" />
      <TestMethod codeBase="TestAssembly.dll" className="TestNamespace.TestClass4" name="Test4032" />
    </UnitTest>
    <UnitTest name="Test4033" id="3a95a4c0-d005-480b-8721-42d930e6c69d" storage="TestAssembly.dll">
      <Execution id="ff2944d1-45e3-4114-ba1b-76c128969980" />
      <TestMethod codeBase="TestAssembly.dll" className="TestNamespace.TestClass4" name="Test4033" />
    </UnitTest>
    <UnitTest name="Test4034" id="d1e644cf-e306-4638-b11d-5764f4c21ce9" storage="TestAssembly.dll">
      <Execution id="b9fe7943-70d6-4d30-bcb1-7457a9d8146e" />
      <TestMethod codeBase="TestAssembly.dll" className="TestNamespace.TestClass4" name="Test4034" />
    </UnitTest>
    <UnitTest name="Test4035" id="18e0e878-b193-46b7-9dbb-69ffda4f87ee" storage="TestAssembly.dll">
      <Execution id="e5eaf346-61da-46d5-8ab7-247156df9105" />
      <TestMethod codeBase="TestAssembly.dll" className="TestNamespace.TestClass4" name="Test4035" />
    </UnitTest>
    <UnitTest name="Test4036" id="15f49b06-c9b9-49fe-bbe9-4925d3416e5c" storage="TestAssembly.dll">
      <Execution id="d4d652da-1363-4b2b-9b68-083ee475e456" />
      <TestMethod codeBase="TestAssembly.dll" className="TestNamespace.TestClass4" name="Test4036" />
    </UnitTest>
    <UnitTest name="Test4037" id="9e77aec8-6f52-48a4-8544-e0dd26ec4b36" storage="TestAssembly.dll">
      <Execution id="1e4f4c1c-6919-4d48-a6e9-ddab72e8edc1" />
      <TestMethod codeBase="TestAssembly.dll" className="TestNamespace.TestClass4" name="Test4037" />
    </UnitTest>
    <UnitTest name="Test4038" id="2b7168a9-c99e-4146-8534-4ac0b763a636" storage="TestAssembly.dll">
      <Execution id="580fa71d-d5a8-4772-b2b5-5b6ba6b0fa6a" />
      <TestMethod codeBase="TestAssembly.dll" className="TestNamespace.TestClass4" name="Test4038" />
    </UnitTest>
    <UnitTest name="Test4039" id="26eb42f1-fb28-48cb-a4de-c24aab8b67a1" storage="TestAssembly.dll">
      <Execution id="c2170281-2e08-43bc-a322-1cbad152807c" />
      <TestMethod codeBase="TestAssembly.dll" className="TestNamespace.TestClass4" name="Test4039" />
    </UnitTest>
    <UnitTest name="Test4040" id="142269c6-8a5b-4ab9-8d11-548f88e4ba5e" storage="TestAssembly.dll">
      <Execution id="44128863-7310-486d-826c-7fe436999b15" />
      <TestMethod codeBase="TestAssembly.dll" className="TestNamespace.TestClass4" name="Test4040" />
    </UnitTest>
    <UnitTest name="Test4041" id="696fc929-5f44-4cb3-8513-c5b5eff4f3a2" storage="TestAssembly.dll">
      <Execution id="714e3c18-d271-4994-9923-9014daa153ad" />
      <TestMethod codeBase="TestAssembly.dll" className="TestNamespace.TestClass5" name="Test4041" />
    </UnitTest>
    <UnitTest name="Test4042" id="5697431c-5a37-4c9d-aebd-9b41f056ece9" storage="TestAssembly.dll">
      <Execution id="65b74697-4428-468f-be6c-6cfaae83d21e" />
      <TestMethod codeBase="TestAssembly.dll" className="TestNamespace.TestClass5" name="Test4042" />
    </UnitTest>
    <UnitTest name="Test4043" id="ebc9e214-4655-44f2-9b97-ef9721c706fd" storage="TestAssembly.dll">
      <Execution id="b2352345-ef04-43d5-9bd9-68aebe450ecb" />
      <TestMethod codeBase="TestAssembly.dll" className="TestNamespace.TestClass5" name="Test4043" />
    </UnitTest>
    <UnitTest name="Test4044" id="474e1a07-12f5-4adf-848e-5ae4f72cf456" storage="TestAssembly.dll">
      <Execution id="3c6e0c02-d8c9-421a-abef-6ddd76f6637a" />
      <TestMethod codeBase="TestAssembly.dll" className="TestNamespace.TestClass5" name="Test4044" />
    </UnitTest>
    <UnitTest name="Test4045" id="aae2d995-9ab1-4494-a8c1-0be962cfd6bb" storage="TestAssembly.dll">
      <Execution id="2e994046-9e47-450f-bf57-a79d0bf23533" />
      <TestMethod codeBase="TestAssembly.dll" className="TestNamespace.TestClass5" name="Test4045" />
    </UnitTest>
    <UnitTest name="Test4046" id="8242af51-0df8-4ff3-a429-a1292045b728" storage="TestAssembly.dll">
      <Execution id="13b15f2d-bba7-4c2a-a6dd-232478b391c8" />
      <TestMethod codeBase="TestAssembly.dll" className="TestNamespace.TestClass5" name="Test4046" />
    </UnitTest>
    <UnitTest name="Test4047" id="794fd460-c954-4954-bb63-7aed9af12698" storage="TestAssembly.dll">
      <Execution id="52ae3899-9b45-4dba-b3a2-f24a3b573f99" />
      <TestMethod codeBase="TestAssembly.dll" className="TestNamespace.TestClass5" name="Test4047" />
    </UnitTest>
    <UnitTest name="Test4048" id="96aabb61-b577-47a0-9e6f-065d1f5d8cba" storage="TestAssembly.dll">
      <Execution id="deb80377-7006-4b00-a8dc-ffa8a230130e" />
      <TestMethod codeBase="TestAssembly.dll" className="TestNamespace.TestClass5" name="Test4048" />
    </UnitTest>
    <UnitTest name="Test4049" id="e6aff638-9f22-4ef7-b084-87ae89c1f476" storage="TestAssembly.dll">
      <Execution id="779a09ca-00ef-422d-bbdd-9f47c614060e" />
      <TestMethod codeBase="TestAssembly.dll" className="TestNamespace.TestClass5" name="Test4049" />
    </UnitTest>
    <UnitTest name="Test4050" id="1d152205-71d1-4f8d-b70d-2657fbf1f461" storage="TestAssembly.dll">
      <Execution id="5ad47899-818e-4328-9bfd-3f72c5f3aac7" />
      <TestMethod codeBase="TestAssembly.dll" className="TestNamespace.TestClass5" name="Test4050" />
    </UnitTest>
    <UnitTest name="Test4051" id="bbd6aa90-c73a-4157-90f0-05c9a0d7b725" storage="TestAssembly.dll">
      <Execution id="43f9ff5f-6635-4ab1-8282-f8a448b2a726" />
      <TestMethod codeBase="TestAssembly.dll" className="TestNamespace.TestClass6" name="Test4051" />
    </UnitTest>
    <UnitTest name="Test4052" id="d13d0e20-6cbb-404e-a65e-ac1fe44a548a" storage="TestAssembly.dll">
      <Execution id="3a26c9ca-e4c4-4fdb-bdec-41ff04f51a5e" />
      <TestMethod codeBase="TestAssembly.dll" className="TestNamespace.TestClass6" name="Test4052" />
    </UnitTest>
    <UnitTest name="Test4053" id="58923a88-0f19-4ca5-b72c-9cc295165b3b" storage="TestAssembly.dll">
      <Execution id="5bcd7c76-21fd-4a2b-84c7-a2d06489431a" />
      <TestMethod codeBase="TestAssembly.dll" className="TestNamespace.TestClass6" name="Test4053" />
    </UnitTest>
    <UnitTest name="Test4054" id="2c70d05c-a91c-4ddc-84fa-e18a6303ec49" storage="TestAssembly.dll">
      <Execution id="59b1ff4c-96ee-410d-8be0-05e30c9233f3" />
      <TestMethod codeBase="TestAssembly.dll" className="TestNamespace.TestClass6" name="Test4054" />
    </UnitTest>
    <UnitTest name="Test4055" id="0b11f733-1505-428f-87e8-3d2b9995c12d" storage="TestAssembly.dll">
      <Execution id="8095e5d4-e080-44b6-af72-56d740b96c90" />
      <TestMethod codeBase="TestAssembly.dll" className="TestNamespace.TestClass6" name="Test4055" />
    </UnitTest>
    <UnitTest name="Test4056" id="148ab36c-c105-4abf-ac63-14771e984961" storage="TestAssembly.dll">
      <Execution id="5dbc895b-5273-4bca-8e1b-bdff089e3b65" />
      <TestMethod codeBase="TestAssembly.dll" className="TestNamespace.TestClass6" name="Test4056" />
    </UnitTest>
    <UnitTest name="Test4057" id="5fa89254-1364-41c1-b581-56ed88e1e00f" storage="TestAssembly.dll">
      <Execution id="c8face54-6510-472c-a0be-dc422c5294e6" />
      <TestMethod codeBase="TestAssembly.dll" className="TestNamespace.TestClass6" name="Test4057" />
    </UnitTest>
    <UnitTest name="Test4058" id="2f3b04f8-ea7a-4186-9b46-8bbcc403b687" storage="TestAssembly.dll">
      <Execution id="efc59973-4a46-4082-a1ef-8497b326a17a" />
      <TestMethod codeBase="TestAssembly.dll" className="TestNamespace.TestClass6" name="Test4058" />
    </UnitTest>
    <UnitTest name="Test4059" id="7f01756a-0b0a-4dd3-a8f8-9e52227bf8d5" storage="TestAssembly.dll">
      <Execution id="9f0ecb99-c264-4a5d-a692-ea541298d63e" />
      <TestMethod codeBase="TestAssembly.dll" className="TestNamespace.TestClass6" name="Test4059" />
    </UnitTest>
    <UnitTest name="Test4060" id="f732e3c0-2e03-4120-83f8-e8b0314662c5" storage="TestAssembly.dll">
      <Execution id="a792fe88-baa6-44a0-bd9b-977d8964f23d" />
      <TestMethod codeBase="TestAssembly.dll" className="TestNamespace.TestClass6" name="Test4060" />
    </UnitTest>
    <UnitTest name="Test4061" id="61a60682-7371-4dcb-92ef-ab1e9784136d" storage="TestAssembly.dll">
      <Execution id="182cd1b7-8087-45f2-94a9-a83d1646c6aa" />
      <TestMethod codeBase="TestAssembly.dll" className="TestNamespace.TestClass7" name="Test4061" />
    </UnitTest>
    <UnitTest name="Test4062" id="a57833e5-273e-4a68-9476-d5863f20d78e" storage="TestAssembly.dll">
      <Execution id="df14f851-d29c-4b8c-a2ab-eea7401b794c" />
      <TestMethod codeBase="TestAssembly.dll" className="TestNamespace.TestClass7" name="Test4062" />
    </UnitTest>
    <UnitTest name="Test4063" id="f8d042d0-9cd5-47df-a4d6-238decda0c7f" storage="TestAssembly.dll">
      <Execution id="c1a6afeb-a7dd-47c2-b708-9facaa138d67" />
      <TestMethod codeBase="TestAssembly.dll" className="TestNamespace.TestClass7" name="Test4063" />
    </UnitTest>
    <UnitTest name="Test4064" id="84bfc23b-74bf-4148-ad62-40af2ed15f63" storage="TestAssembly.dll">
      <Execution id="f6d52431-08f2-4feb-876c-eaef56808058" />
      <TestMethod codeBase="TestAssembly.dll" className="TestNamespace.TestClass7" name="Test4064" />
    </UnitTest>
    <UnitTest name="Test4065" id="8f53990e-225a-45a5-b553-087819869702" storage="TestAssembly.dll">
      <Execution id="078a0f6d-4fed-4374-bfe4-ff78ba8aade2" />
      <TestMethod codeBase="TestAssembly.dll" className="TestNamespace.TestClass7" name="Test4065" />
    </UnitTest>
    <UnitTest name="Test4066" id="64968339-3456-40be-bf6b-e88391ee5c60" storage="TestAssembly.dll">
      <Execution id="6e96d13c-a115-447a-a5a7-fe760019dc9d" />
      <TestMethod codeBase="TestAssembly.dll" className="TestNamespace.TestClass7" name="Test4066" />
    </UnitTest>
    <UnitTest name="Test4067" id="40403caa-c04f-4283-b238-9ee68308c9bb" storage="TestAssembly.dll">
      <Execution id="d88b8551-342c-4286-85ab-246d9ced0057" />
      <TestMethod codeBase="TestAssembly.dll" className="TestNamespace.TestClass7" name="Test4067" />
    </UnitTest>
    <UnitTest name="Test4068" id="7bad12ff-f448-4cf6-8c4c-1fea1accdaac" storage="TestAssembly.dll">
      <Execution id="923d33d7-d7e2-418a-9522-fefc310aa305" />
      <TestMethod codeBase="TestAssembly.dll" className="TestNamespace.TestClass7" name="Test4068" />
    </UnitTest>
    <UnitTest name="Test4069" id="ea59ed95-4887-4924-90e9-350a0313acc7" storage="TestAssembly.dll">
      <Execution id="ab257eaf-9136-44dd-9b55-ee1a5a12483d" />
      <TestMethod codeBase="TestAssembly.dll" className="TestNamespace.TestClass7" name="Test4069" />
    </UnitTest>
    <UnitTest name="Test4070" id="5f4389a4-32ea-48c8-9aad-82fb645b9527" storage="TestAssembly.dll">
      <Execution id="4da0386b-e86e-435e-8ad9-cb75ee61bf58" />
      <TestMethod codeBase="TestAssembly.dll" className="TestNamespace.TestClass7" name="Test4070" />
    </UnitTest>
    <UnitTest name="Test4071" id="0d767b89-1bf4-4311-9ab5-f8ab36b211c7" storage="TestAssembly.dll">
      <Execution id="955efdf0-0dd3-44c2-a8e5-2d58b88b9c6b" />
      <TestMethod codeBase="TestAssembly.dll" className="TestNamespace.TestClass8" name="Test4071" />
    </UnitTest>
    <UnitTest name="Test4072" id="2902104b-3360-431e-a428-3513b79ae420" storage="TestAssembly.dll">
      <Execution id="52a4e77c-a805-4f0f-b572-ff78521bd612" />
      <TestMethod codeBase="TestAssembly.dll" className="TestNamespace.TestClass8" name="Test4072" />
    </UnitTest>
    <UnitTest name="Test4073" id="ed7ad9d1-02f1-4d34-9448-457ccd33d5bb" storage="TestAssembly.dll">
      <Execution id="7ccd01f6-ca2e-4d14-a5b4-54c251e3740a" />
      <TestMethod codeBase="TestAssembly.dll" className="TestNamespace.TestClass8" name="Test4073" />
    </UnitTest>
    <UnitTest name="Test4074" id="7a526cfe-c046-4828-84bd-ae91b575e416" storage="TestAssembly.dll">
      <Execution id="75bb8e56-f6e5-494e-a45f-030e39dfe75f" />
      <TestMethod codeBase="TestAssembly.dll" className="TestNamespace.TestClass8" name="Test4074" />
    </UnitTest>
    <UnitTest name="Test4075" id="c2e93ee9-d37c-4cad-9e9d-4f2ebc845155" storage="TestAssembly.dll">
      <Execution id="1e8ebce1-f19c-4bef-8904-f4e98e2b2256" />
      <TestMethod codeBase="TestAssembly.dll" className="TestNamespace.TestClass8" name="Test4075" />
    </UnitTest>
    <UnitTest name="Test4076" id="b9f1a80c-a71c-4c5e-9943-57ff99b9162c" storage="TestAssembly.dll">
      <Execution id="00f3ca8f-024a-437d-b6c0-d344278353fa" />
      <TestMethod codeBase="TestAssembly.dll" className="TestNamespace.TestClass8" name="Test4076" />
    </UnitTest>
    <UnitTest name="Test4077" id="aa907c59-5afb-4da0-9aae-c524d26e07a9" storage="TestAssembly.dll">
      <Execution id="b510137e-303c-4cb5-8336-0d0d838c6802" />
      <TestMethod codeBase="TestAssembly.dll" className="TestNamespace.TestClass8" name="Test4077" />
    </UnitTest>
    <UnitTest name="Test4078" id="146c6a36-a399-4610-9101-76093e8f1e2a" storage="TestAssembly.dll">
      <Execution id="593bb378-18a2-4a18-a3d2-b837bb8a2365" />
      <TestMethod codeBase="TestAssembly.dll" className="TestNamespace.TestClass8" name="Test4078" />
    </UnitTest>
    <UnitTest name="Test4079" id="4d4d6e2a-bd35-49c3-95ec-18440727c67d" storage="TestAssembly.dll">
      <Execution id="33056380-7587-4246-9010-2d5728e79bd2" />
      <TestMethod codeBase="TestAssembly.dll" className="TestNamespace.TestClass8" name="Test4079" />
    </UnitTest>
    <UnitTest name="Test4080" id="cda99021-3a83-423b-b1a7-026b00c55338" storage="TestAssembly.dll">
      <Execution id="57cac399-2aba-41dc-b91d-6e143fba3773" />
      <TestMethod codeBase="TestAssembly.dll" className="TestNamespace.TestClass8" name="Test4080" />
    </UnitTest>
    <UnitTest name="Test4081" id="e632827e-c39d-4d83-ab1e-cbdc7b5e691d" storage="TestAssembly.dll">
      <Execution id="9acdd838-03c7-442e-9f38-34d2a5be12e0" />
      <TestMethod codeBase="TestAssembly.dll" className="TestNamespace.TestClass9" name="Test4081" />
    </UnitTest>
    <UnitTest name="Test4082" id="438ba181-e4a3-483d-8c71-9dc53b308037" storage="TestAssembly.dll">
      <Execution id="29f6c389-9da2-4f2e-96bf-6e97bd542f43" />
      <TestMethod codeBase="TestAssembly.dll" className="TestNamespace.TestClass9" name="Test4082" />
    </UnitTest>
    <UnitTest name="Test4083" id="09cb8753-cbe5-453f-9b22-6db4b308a08d" storage="TestAssembly.dll">
      <Execution id="6dfac25e-f876-40e0-b049-384be2e99c8b" />
      <TestMethod codeBase="TestAssembly.dll" className="TestNamespace.TestClass9" name="Test4083" />
    </UnitTest>
    <UnitTest name="Test4084" id="97c04ed1-74bf-4670-8d5d-9da0af40259b" storage="TestAssembly.dll">
      <Execution id="efd88fab-d7d6-464e-a760-3b1b301ac5c2" />
      <TestMethod codeBase="TestAssembly.dll" className="TestNamespace.TestClass9" name="Test4084" />
    </UnitTest>
    <UnitTest name="Test4085" id="a4f516c4-c320-41aa-8124-71c2b45ded80" storage="TestAssembly.dll">
      <Execution id="c54d9569-ea34-4614-9688-6e0ebbeced08" />
      <TestMethod codeBase="TestAssembly.dll" className="TestNamespace.TestClass9" name="Test4085" />
    </UnitTest>
    <UnitTest name="Test4086" id="b23f46e0-0cd7-498b-bebf-024e0de88b86" storage="TestAssembly.dll">
      <Execution id="98cdaa6d-3ed1-4a63-9a56-b61bef7d2556" />
      <TestMethod codeBase="TestAssembly.dll" className="TestNamespace.TestClass9" name="Test4086" />
    </UnitTest>
    <UnitTest name="Test4087" id="9387972b-b944-4e44-b395-dc6681a41fd0" storage="TestAssembly.dll">
      <Execution id="de2fca85-a7d2-4686-9cc1-abe1008257be" />
      <TestMethod codeBase="TestAssembly.dll" className="TestNamespace.TestClass9" name="Test4087" />
    </UnitTest>
    <UnitTest name="Test4088" id="58eab8a0-f8a6-49f1-93d4-24f9e4e346df" storage="TestAssembly.dll">
      <Execution id="9767da61-413a-4901-addf-24249652f55c" />
      <TestMethod codeBase="TestAssembly.dll" className="TestNamespace.TestClass9" name="Test4088" />
    </UnitTest>
    <UnitTest name="Test4089" id="084851d9-2fc4-4d73-9098-120eea8779e6" storage="TestAssembly.dll">
      <Execution id="4417f429-6dd1-4670-963d-456c334e88f0" />
      <TestMethod codeBase="TestAssembly.dll" className="TestNamespace.TestClass9" name="Test4089" />
    </UnitTest>
    <UnitTest name="Test4090" id="5b3920cc-cce5-4206-804c-c3f9c7c429b7" storage="TestAssembly.dll">
      <Execution id="9378c3e3-9a85-4cb4-958b-a81d19cef65e" />
      <TestMethod codeBase="TestAssembly.dll" className="TestNamespace.TestClass9" name="Test4090" />
    </UnitTest>
    <UnitTest name="Test4091" id="154b2f2f-0ecf-4dfa-8286-b0783ac6f77e" storage="TestAssembly.dll">
      <Execution id="5340a4d3-626d-43ac-8396-1c814a3adfbb" />
      <TestMethod codeBase="TestAssembly.dll" className="TestNamespace.TestClass10" name="Test4091" />
    </UnitTest>
    <UnitTest name="Test4092" id="91a6737f-7389-4aee-a1ac-683027c14fc6" storage="TestAssembly.dll">
      <Execution id="2c285cb8-1595-4876-92aa-1123246a1294" />
      <TestMethod codeBase="TestAssembly.dll" className="TestNamespace.TestClass10" name="Test4092" />
    </UnitTest>
    <UnitTest name="Test4093" id="7d9630fb-bc7f-4efc-a6ef-44ba8e27825d" storage="TestAssembly.dll">
      <Execution id="c19f0436-c1bd-4484-a813-b64198f3f5e6" />
      <TestMethod codeBase="TestAssembly.dll" className="TestNamespace.TestClass10" name="Test4093" />
    </UnitTest>
    <UnitTest name="Test4094" id="5639f11b-66d9-4165-9fea-a5aa73fba535" storage="TestAssembly.dll">
      <Execution id="e878801d-1a7c-4bcc-aa44-389521ee4ad1" />
      <TestMethod codeBase="TestAssembly.dll" className="TestNamespace.TestClass10" name="Test4094" />
    </UnitTest>
    <UnitTest name="Test4095" id="26ef56c0-c0ba-4ab6-8568-df2d70cb520f" storage="TestAssembly.dll">
      <Execution id="10bb9219-b267-43a5-ba34-ac3bb1b83622" />
      <TestMethod codeBase="TestAssembly.dll" className="TestNamespace.TestClass10" name="Test4095" />
    </UnitTest>
    <UnitTest name="Test4096" id="fe6e2aa6-5e90-4cb3-8913-3e5d6b5ddb1e" storage="TestAssembly.dll">
      <Execution id="fbe2505e-f91b-4dea-bf99-62ed53b0ea82" />
      <TestMethod codeBase="TestAssembly.dll" className="TestNamespace.TestClass10" name="Test4096" />
    </UnitTest>
    <UnitTest name="Test4097" id="cb107358-3cbf-4f2b-accb-95c8ad4ef97e" storage="TestAssembly.dll">
      <Execution id="6d71d6f1-d9ff-414f-91fd-d8903688c6db" />
      <TestMethod codeBase="TestAssembly.dll" className="TestNamespace.TestClass10" name="Test4097" />
    </UnitTest>
    <UnitTest name="Test4098" id="ac90024c-a6ee-4fb5-9c19-67fb59bbacfc" storage="TestAssembly.dll">
      <Execution id="925381ca-78c0-418d-bd1c-ddb5ec3cfe0e" />
      <TestMethod codeBase="TestAssembly.dll" className="TestNamespace.TestClass10" name="Test4098" />
    </UnitTest>
    <UnitTest name="Test4099" id="997eaf72-933e-4930-baa8-0904af40c794" storage="TestAssembly.dll">
      <Execution id="5d018d9c-e7f0-4f5d-b0bb-d70ce56fd62e" />
      <TestMethod codeBase="TestAssembly.dll" className="TestNamespace.TestClass10" name="Test4099" />
    </UnitTest>
    <UnitTest name="Test4100" id="d9a9a258-9850-4a19-bbe5-967cbdd7fb9d" storage="TestAssembly.dll">
      <Execution id="4927ade1-7907-4817-8b9a-8f0cc6791721" />
      <TestMethod codeBase="TestAssembly.dll" className="TestNamespace.TestClass10" name="Test4100" />
    </UnitTest>
  </TestDefinitions>
  <TestEntries>
    <TestEntry testId="cb533c34-5d6a-4d65-8691-e9b2a35b190b" executionId="6882f8cf-6bc9-43fa-bc35-030440a2dfa0" testListId="129ec510-984c-47ec-bd37-b5f6bfcb70d9" />
    <TestEntry testId="1c7d14a3-1abd-45dd-a39d-9a86e737f52d" executionId="a51aa6b6-1efb-4fd1-befc-c4740800e0f8" testListId="129ec510-984c-47ec-bd37-b5f6bfcb70d9" />
    <TestEntry testId="c8e7d598-0d65-4183-a29f-47a19c775cab" executionId="d7d5e1a3-701b-4613-b5bb-b7541085b15a" testListId="129ec510-984c-47ec-bd37-b5f6bfcb70d9" />
    <TestEntry testId="b84ecb2f-0540-4799-903b-21fc2df18888" executionId="41768991-5bb8-4fac-81b4-8c68fcb4447a" testListId="129ec510-984c-47ec-bd37-b5f6bfcb70d9" />
    <TestEntry testId="57ba6f37-b8f2-4543-b854-e5941f789f69" executionId="fc96c5fb-521e-4385-9ef6-ed02c9a2421b" testListId="129ec510-984c-47ec-bd37-b5f6bfcb70d9" />
    <TestEntry testId="d9839e26-b139-4dba-900a-74e7ca12e687" executionId="76c2eac8-5b15-4f05-8380-f259ca5d709d" testListId="129ec510-984c-47ec-bd37-b5f6bfcb70d9" />
    <TestEntry testId="9fd85e42-25a8-4712-9ea7-cd90967661c3" executionId="b040e9f9-efcb-4cca-97e2-0d2b29cc37a4" testListId="129ec510-984c-47ec-bd37-b5f6bfcb70d9" />
    <TestEntry testId="33664a30-cf2d-4d57-8c81-5da4bd2e54ff" executionId="fc96111c-0e48-4926-bf72-209b211e8cd7" testListId="129ec510-984c-47ec-bd37-b5f6bfcb70d9" />
    <TestEntry testId="a8c3f0af-419a-4d3d-b491-7d46445ebde9" executionId="cf749d82-7375-4ab4-8507-03cdb3b2bc21" testListId="129ec510-984c-47ec-bd37-b5f6bfcb70d9" />
    <TestEntry testId="717e4cfb-5e10-4257-8296-bb61f101c9f0" executionId="32d40ac4-bfc7-49ea-92e1-6679f3e95024" testListId="129ec510-984c-47ec-bd37-b5f6bfcb70d9" />
    <TestEntry testId="b18a5b37-151e-406f-88f6-461f42ae9abe" executionId="c0ecf3a4-30f1-407a-be9c-f76a7cf17dcb" testListId="129ec510-984c-47ec-bd37-b5f6bfcb70d9" />
    <TestEntry testId="9480b5d8-a782-4296-8762-11f8b7d69986" executionId="1a1838bd-a861-40a8-99a8-59f242f2e4ae" testListId="129ec510-984c-47ec-bd37-b5f6bfcb70d9" />
    <TestEntry testId="8fa95e20-6341-41a1-9d76-04321d648733" executionId="57d77ad9-f803-44eb-9d78-8d5187d70358" testListId="129ec510-984c-47ec-bd37-b5f6bfcb70d9" />
    <TestEntry testId="70d01bfd-422d-45c2-9375-2ed8bfeed919" executionId="cc74bd38-032d-4686-b14a-d8b8e54b632b" testListId="129ec510-984c-47ec-bd37-b5f6bfcb70d9" />
    <TestEntry testId="5af39d22-6e4d-42b3-b127-d26fa853b8c7" executionId="c69d9d48-ddcf-4646-8a7d-d0236b56c111" testListId="129ec510-984c-47ec-bd37-b5f6bfcb70d9" />
    <TestEntry testId="4b9a36d2-696a-4d1d-8fa7-67e7fe7cfcb0" executionId="3f269e8e-247a-41cd-88b2-df25c580b71b" testListId="129ec510-984c-47ec-bd37-b5f6bfcb70d9" />
    <TestEntry testId="d41fd45a-ed6b-4e4c-b09b-eee4052197b4" executionId="63dd9bb5-9632-4567-83c8-1e95cba9ce72" testListId="129ec510-984c-47ec-bd37-b5f6bfcb70d9" />
    <TestEntry testId="a75eb096-033d-4cd0-8868-125146f475e7" executionId="6d4a43a8-8b3c-4252-9f81-b386ac16146c" testListId="129ec510-984c-47ec-bd37-b5f6bfcb70d9" />
    <TestEntry testId="05bd1030-aadd-4dbc-90e0-9fdb720494e7" executionId="3b028e9f-8f91-4be4-bf0b-3824321e5609" testListId="129ec510-984c-47ec-bd37-b5f6bfcb70d9" />
    <TestEntry testId="cdfae380-dbc2-433e-ad23-0b27aa18dbce" executionId="5ceab559-7a24-4d22-84c0-5c82cfec3198" testListId="129ec510-984c-47ec-bd37-b5f6bfcb70d9" />
    <TestEntry testId="cf936837-0e1a-4080-ac7d-1883015f47e8" executionId="4fea6b85-ed90-4dcc-a12b-5635c56fcaec" testListId="129ec510-984c-47ec-bd37-b5f6bfcb70d9" />
    <TestEntry testId="12039235-2228-43cc-8bd9-e23b10492ca1" executionId="7d5e964b-88c2-4cac-ad94-27edaf8dcc33" testListId="129ec510-984c-47ec-bd37-b5f6bfcb70d9" />
    <TestEntry testId="8f4bcf68-32b2-4881-ae0b-e46c53048f8e" executionId="83f49cc1-04e4-4abb-beac-d1a61d1fe376" testListId="129ec510-984c-47ec-bd37-b5f6bfcb70d9" />
    <TestEntry testId="7b2143d8-c031-4c3a-8338-1a1ec35be758" executionId="0acc243d-33c8-4f62-9857-0c3a917e5a90" testListId="129ec510-984c-47ec-bd37-b5f6bfcb70d9" />
    <TestEntry testId="62721038-ae6f-4e4d-90bc-cf18a7dc61ab" executionId="b62288d1-becf-41f8-8d3d-747dd3d5a97f" testListId="129ec510-984c-47ec-bd37-b5f6bfcb70d9" />
    <TestEntry testId="00ed9fa8-619f-434a-bfad-22e7336c0be6" executionId="77ab6cd1-8271-41e4-9919-f72a6246976a" testListId="129ec510-984c-47ec-bd37-b5f6bfcb70d9" />
    <TestEntry testId="82504472-2958-4c5f-9af5-1e3cac2063c5" executionId="4926e4a0-4d36-49bd-ad41-c6d75a16abe4" testListId="129ec510-984c-47ec-bd37-b5f6bfcb70d9" />
    <TestEntry testId="e13f57cb-2ec5-412b-913f-d49279307b2a" executionId="86bba0fe-4e1a-4997-aae4-22ae10cc8c30" testListId="129ec510-984c-47ec-bd37-b5f6bfcb70d9" />
    <TestEntry testId="9c655bb4-09d1-4c4a-8ace-69ee9cee4c45" executionId="a0c7d861-7a0f-4faf-b68f-bcb09149bc6b" testListId="129ec510-984c-47ec-bd37-b5f6bfcb70d9" />
    <TestEntry testId="213adc2c-03b4-462a-b945-3bda1ac0fc9d" executionId="6acc37a8-0d90-44f5-9722-974224ff2d73" testListId="129ec510-984c-47ec-bd37-b5f6bfcb70d9" />
    <TestEntry testId="43477ae1-bd3d-483a-8af1-b2d08c692cd5" executionId="47b68689-0dfa-41f0-b5dc-46d230505df8" testListId="129ec510-984c-47ec-bd37-b5f6bfcb70d9" />
    <TestEntry testId="401a810d-b01b-4168-9028-c0f15092fa62" executionId="8d783b93-e044-45eb-ba3c-d82a99a87156" testListId="129ec510-984c-47ec-bd37-b5f6bfcb70d9" />
    <TestEntry testId="3a95a4c0-d005-480b-8721-42d930e6c69d" executionId="ff2944d1-45e3-4114-ba1b-76c128969980" testListId="129ec510-984c-47ec-bd37-b5f6bfcb70d9" />
    <TestEntry testId="d1e644cf-e306-4638-b11d-5764f4c21ce9" executionId="b9fe7943-70d6-4d30-bcb1-7457a9d8146e" testListId="129ec510-984c-47ec-bd37-b5f6bfcb70d9" />
    <TestEntry testId="18e0e878-b193-46b7-9dbb-69ffda4f87ee" executionId="e5eaf346-61da-46d5-8ab7-247156df9105" testListId="129ec510-984c-47ec-bd37-b5f6bfcb70d9" />
    <TestEntry testId="15f49b06-c9b9-49fe-bbe9-4925d3416e5c" executionId="d4d652da-1363-4b2b-9b68-083ee475e456" testListId="129ec510-984c-47ec-bd37-b5f6bfcb70d9" />
    <TestEntry testId="9e77aec8-6f52-48a4-8544-e0dd26ec4b36" executionId="1e4f4c1c-6919-4d48-a6e9-ddab72e8edc1" testListId="129ec510-984c-47ec-bd37-b5f6bfcb70d9" />
    <TestEntry testId="2b7168a9-c99e-4146-8534-4ac0b763a636" executionId="580fa71d-d5a8-4772-b2b5-5b6ba6b0fa6a" testListId="129ec510-984c-47ec-bd37-b5f6bfcb70d9" />
    <TestEntry testId="26eb42f1-fb28-48cb-a4de-c24aab8b67a1" executionId="c2170281-2e08-43bc-a322-1cbad152807c" testListId="129ec510-984c-47ec-bd37-b5f6bfcb70d9" />
    <TestEntry testId="142269c6-8a5b-4ab9-8d11-548f88e4ba5e" executionId="44128863-7310-486d-826c-7fe436999b15" testListId="129ec510-984c-47ec-bd37-b5f6bfcb70d9" />
    <TestEntry testId="696fc929-5f44-4cb3-8513-c5b5eff4f3a2" executionId="714e3c18-d271-4994-9923-9014daa153ad" testListId="129ec510-984c-47ec-bd37-b5f6bfcb70d9" />
    <TestEntry testId="5697431c-5a37-4c9d-aebd-9b41f056ece9" executionId="65b74697-4428-468f-be6c-6cfaae83d21e" testListId="129ec510-984c-47ec-bd37-b5f6bfcb70d9" />
    <TestEntry testId="ebc9e214-4655-44f2-9b97-ef9721c706fd" executionId="b2352345-ef04-43d5-9bd9-68aebe450ecb" testListId="129ec510-984c-47ec-bd37-b5f6bfcb70d9" />
    <TestEntry testId="474e1a07-12f5-4adf-848e-5ae4f72cf456" executionId="3c6e0c02-d8c9-421a-abef-6ddd76f6637a" testListId="129ec510-984c-47ec-bd37-b5f6bfcb70d9" />
    <TestEntry testId="aae2d995-9ab1-4494-a8c1-0be962cfd6bb" executionId="2e994046-9e47-450f-bf57-a79d0bf23533" testListId="129ec510-984c-47ec-bd37-b5f6bfcb70d9" />
    <TestEntry testId="8242af51-0df8-4ff3-a429-a1292045b728" executionId="13b15f2d-bba7-4c2a-a6dd-232478b391c8" testListId="129ec510-984c-47ec-bd37-b5f6bfcb70d9" />
    <TestEntry testId="794fd460-c954-4954-bb63-7aed9af12698" executionId="52ae3899-9b45-4dba-b3a2-f24a3b573f99" testListId="129ec510-984c-47ec-bd37-b5f6bfcb70d9" />
    <TestEntry testId="96aabb61-b577-47a0-9e6f-065d1f5d8cba" executionId="deb80377-7006-4b00-a8dc-ffa8a230130e" testListId="129ec510-984c-47ec-bd37-b5f6bfcb70d9" />
    <TestEntry testId="e6aff638-9f22-4ef7-b084-87ae89c1f476" executionId="779a09ca-00ef-422d-bbdd-9f47c614060e" testListId="129ec510-984c-47ec-bd37-b5f6bfcb70d9" />
    <TestEntry testId="1d152205-71d1-4f8d-b70d-2657fbf1f461" executionId="5ad47899-818e-4328-9bfd-3f72c5f3aac7" testListId="129ec510-984c-47ec-bd37-b5f6bfcb70d9" />
    <TestEntry testId="bbd6aa90-c73a-4157-90f0-05c9a0d7b725" executionId="43f9ff5f-6635-4ab1-8282-f8a448b2a726" testListId="129ec510-984c-47ec-bd37-b5f6bfcb70d9" />
    <TestEntry testId="d13d0e20-6cbb-404e-a65e-ac1fe44a548a" executionId="3a26c9ca-e4c4-4fdb-bdec-41ff04f51a5e" testListId="129ec510-984c-47ec-bd37-b5f6bfcb70d9" />
    <TestEntry testId="58923a88-0f19-4ca5-b72c-9cc295165b3b" executionId="5bcd7c76-21fd-4a2b-84c7-a2d06489431a" testListId="129ec510-984c-47ec-bd37-b5f6bfcb70d9" />
    <TestEntry testId="2c70d05c-a91c-4ddc-84fa-e18a6303ec49" executionId="59b1ff4c-96ee-410d-8be0-05e30c9233f3" testListId="129ec510-984c-47ec-bd37-b5f6bfcb70d9" />
    <TestEntry testId="0b11f733-1505-428f-87e8-3d2b9995c12d" executionId="8095e5d4-e080-44b6-af72-56d740b96c90" testListId="129ec510-984c-47ec-bd37-b5f6bfcb70d9" />
    <TestEntry testId="148ab36c-c105-4abf-ac63-14771e984961" executionId="5dbc895b-5273-4bca-8e1b-bdff089e3b65" testListId="129ec510-984c-47ec-bd37-b5f6bfcb70d9" />
    <TestEntry testId="5fa89254-1364-41c1-b581-56ed88e1e00f" executionId="c8face54-6510-472c-a0be-dc422c5294e6" testListId="129ec510-984c-47ec-bd37-b5f6bfcb70d9" />
    <TestEntry testId="2f3b04f8-ea7a-4186-9b46-8bbcc403b687" executionId="efc59973-4a46-4082-a1ef-8497b326a17a" testListId="129ec510-984c-47ec-bd37-b5f6bfcb70d9" />
    <TestEntry testId="7f01756a-0b0a-4dd3-a8f8-9e52227bf8d5" executionId="9f0ecb99-c264-4a5d-a692-ea541298d63e" testListId="129ec510-984c-47ec-bd37-b5f6bfcb70d9" />
    <TestEntry testId="f732e3c0-2e03-4120-83f8-e8b0314662c5" executionId="a792fe88-baa6-44a0-bd9b-977d8964f23d" testListId="129ec510-984c-47ec-bd37-b5f6bfcb70d9" />
    <TestEntry testId="61a60682-7371-4dcb-92ef-ab1e9784136d" executionId="182cd1b7-8087-45f2-94a9-a83d1646c6aa" testListId="129ec510-984c-47ec-bd37-b5f6bfcb70d9" />
    <TestEntry testId="a57833e5-273e-4a68-9476-d5863f20d78e" executionId="df14f851-d29c-4b8c-a2ab-eea7401b794c" testListId="129ec510-984c-47ec-bd37-b5f6bfcb70d9" />
    <TestEntry testId="f8d042d0-9cd5-47df-a4d6-238decda0c7f" executionId="c1a6afeb-a7dd-47c2-b708-9facaa138d67" testListId="129ec510-984c-47ec-bd37-b5f6bfcb70d9" />
    <TestEntry testId="84bfc23b-74bf-4148-ad62-40af2ed15f63" executionId="f6d52431-08f2-4feb-876c-eaef56808058" testListId="129ec510-984c-47ec-bd37-b5f6bfcb70d9" />
    <TestEntry testId="8f53990e-225a-45a5-b553-087819869702" executionId="078a0f6d-4fed-4374-bfe4-ff78ba8aade2" testListId="129ec510-984c-47ec-bd37-b5f6bfcb70d9" />
    <TestEntry testId="64968339-3456-40be-bf6b-e88391ee5c60" executionId="6e96d13c-a115-447a-a5a7-fe760019dc9d" testListId="129ec510-984c-47ec-bd37-b5f6bfcb70d9" />
    <TestEntry testId="40403caa-c04f-4283-b238-9ee68308c9bb" executionId="d88b8551-342c-4286-85ab-246d9ced0057" testListId="129ec510-984c-47ec-bd37-b5f6bfcb70d9" />
    <TestEntry testId="7bad12ff-f448-4cf6-8c4c-1fea1accdaac" executionId="923d33d7-d7e2-418a-9522-fefc310aa305" testListId="129ec510-984c-47ec-bd37-b5f6bfcb70d9" />
    <TestEntry testId="ea59ed95-4887-4924-90e9-350a0313acc7" executionId="ab257eaf-9136-44dd-9b55-ee1a5a12483d" testListId="129ec510-984c-47ec-bd37-b5f6bfcb70d9" />
    <TestEntry testId="5f4389a4-32ea-48c8-9aad-82fb645b9527" executionId="4da0386b-e86e-435e-8ad9-cb75ee61bf58" testListId="129ec510-984c-47ec-bd37-b5f6bfcb70d9" />
    <TestEntry testId="0d767b89-1bf4-4311-9ab5-f8ab36b211c7" executionId="955efdf0-0dd3-44c2-a8e5-2d58b88b9c6b" testListId="129ec510-984c-47ec-bd37-b5f6bfcb70d9" />
    <TestEntry testId="2902104b-3360-431e-a428-3513b79ae420" executionId="52a4e77c-a805-4f0f-b572-ff78521bd612" testListId="129ec510-984c-47ec-bd37-b5f6bfcb70d9" />
    <TestEntry testId="ed7ad9d1-02f1-4d34-9448-457ccd33d5bb" executionId="7ccd01f6-ca2e-4d14-a5b4-54c251e3740a" testListId="129ec510-984c-47ec-bd37-b5f6bfcb70d9" />
    <TestEntry testId="7a526cfe-c046-4828-84bd-ae91b575e416" executionId="75bb8e56-f6e5-494e-a45f-030e39dfe75f" testListId="129ec510-984c-47ec-bd37-b5f6bfcb70d9" />
    <TestEntry testId="c2e93ee9-d37c-4cad-9e9d-4f2ebc845155" executionId="1e8ebce1-f19c-4bef-8904-f4e98e2b2256" testListId="129ec510-984c-47ec-bd37-b5f6bfcb70d9" />
    <TestEntry testId="b9f1a80c-a71c-4c5e-9943-57ff99b9162c" executionId="00f3ca8f-024a-437d-b6c0-d344278353fa" testListId="129ec510-984c-47ec-bd37-b5f6bfcb70d9" />
    <TestEntry testId="aa907c59-5afb-4da0-9aae-c524d26e07a9" executionId="b510137e-303c-4cb5-8336-0d0d838c6802" testListId="129ec510-984c-47ec-bd37-b5f6bfcb70d9" />
    <TestEntry testId="146c6a36-a399-4610-9101-76093e8f1e2a" executionId="593bb378-18a2-4a18-a3d2-b837bb8a2365" testListId="129ec510-984c-47ec-bd37-b5f6bfcb70d9" />
    <TestEntry testId="4d4d6e2a-bd35-49c3-95ec-18440727c67d" executionId="33056380-7587-4246-9010-2d5728e79bd2" testListId="129ec510-984c-47ec-bd37-b5f6bfcb70d9" />
    <TestEntry testId="cda99021-3a83-423b-b1a7-026b00c55338" executionId="57cac399-2aba-41dc-b91d-6e143fba3773" testListId="129ec510-984c-47ec-bd37-b5f6bfcb70d9" />
    <TestEntry testId="e632827e-c39d-4d83-ab1e-cbdc7b5e691d" executionId="9acdd838-03c7-442e-9f38-34d2a5be12e0" testListId="129ec510-984c-47ec-bd37-b5f6bfcb70d9" />
    <TestEntry testId="438ba181-e4a3-483d-8c71-9dc53b308037" executionId="29f6c389-9da2-4f2e-96bf-6e97bd542f43" testListId="129ec510-984c-47ec-bd37-b5f6bfcb70d9" />
    <TestEntry testId="09cb8753-cbe5-453f-9b22-6db4b308a08d" executionId="6dfac25e-f876-40e0-b049-384be2e99c8b" testListId="129ec510-984c-47ec-bd37-b5f6bfcb70d9" />
    <TestEntry testId="97c04ed1-74bf-4670-8d5d-9da0af40259b" executionId="efd88fab-d7d6-464e-a760-3b1b301ac5c2" testListId="129ec510-984c-47ec-bd37-b5f6bfcb70d9" />
    <TestEntry testId="a4f516c4-c320-41aa-8124-71c2b45ded80" executionId="c54d9569-ea34-4614-9688-6e0ebbeced08" testListId="129ec510-984c-47ec-bd37-b5f6bfcb70d9" />
    <TestEntry testId="b23f46e0-0cd7-498b-bebf-024e0de88b86" executionId="98cdaa6d-3ed1-4a63-9a56-b61bef7d2556" testListId="129ec510-984c-47ec-bd37-b5f6bfcb70d9" />
    <TestEntry testId="9387972b-b944-4e44-b395-dc6681a41fd0" executionId="de2fca85-a7d2-4686-9cc1-abe1008257be" testListId="129ec510-984c-47ec-bd37-b5f6bfcb70d9" />
    <TestEntry testId="58eab8a0-f8a6-49f1-93d4-24f9e4e346df" executionId="9767da61-413a-4901-addf-24249652f55c" testListId="129ec510-984c-47ec-bd37-b5f6bfcb70d9" />
    <TestEntry testId="084851d9-2fc4-4d73-9098-120eea8779e6" executionId="4417f429-6dd1-4670-963d-456c334e88f0" testListId="129ec510-984c-47ec-bd37-b5f6bfcb70d9" />
    <TestEntry testId="5b3920cc-cce5-4206-804c-c3f9c7c429b7" executionId="9378c3e3-9a85-4cb4-958b-a81d19cef65e" testListId="129ec510-984c-47ec-bd37-b5f6bfcb70d9" />
    <TestEntry testId="154b2f2f-0ecf-4dfa-8286-b0783ac6f77e" executionId="5340a4d3-626d-43ac-8396-1c814a3adfbb" testListId="129ec510-984c-47ec-bd37-b5f6bfcb70d9" />
    <TestEntry testId="91a6737f-7389-4aee-a1ac-683027c14fc6" executionId="2c285cb8-1595-4876-92aa-1123246a1294" testListId="129ec510-984c-47ec-bd37-b5f6bfcb70d9" />
    <TestEntry testId="7d9630fb-bc7f-4efc-a6ef-44ba8e27825d" executionId="c19f0436-c1bd-4484-a813-b64198f3f5e6" testListId="129ec510-984c-47ec-bd37-b5f6bfcb70d9" />
    <TestEntry testId="5639f11b-66d9-4165-9fea-a5aa73fba535" executionId="e878801d-1a7c-4bcc-aa44-389521ee4ad1" testListId="129ec510-984c-47ec-bd37-b5f6bfcb70d9" />
    <TestEntry testId="26ef56c0-c0ba-4ab6-8568-df2d70cb520f" executionId="10bb9219-b267-43a5-ba34-ac3bb1b83622" testListId="129ec510-984c-47ec-bd37-b5f6bfcb70d9" />
    <TestEntry testId="fe6e2aa6-5e90-4cb3-8913-3e5d6b5ddb1e" executionId="fbe2505e-f91b-4dea-bf99-62ed53b0ea82" testListId="129ec510-984c-47ec-bd37-b5f6bfcb70d9" />
    <TestEntry testId="cb107358-3cbf-4f2b-accb-95c8ad4ef97e" executionId="6d71d6f1-d9ff-414f-91fd-d8903688c6db" testListId="129ec510-984c-47ec-bd37-b5f6bfcb70d9" />
    <TestEntry testId="ac90024c-a6ee-4fb5-9c19-67fb59bbacfc" executionId="925381ca-78c0-418d-bd1c-ddb5ec3cfe0e" testListId="129ec510-984c-47ec-bd37-b5f6bfcb70d9" />
    <TestEntry testId="997eaf72-933e-4930-baa8-0904af40c794" executionId="5d018d9c-e7f0-4f5d-b0bb-d70ce56fd62e" testListId="129ec510-984c-47ec-bd37-b5f6bfcb70d9" />
    <TestEntry testId="d9a9a258-9850-4a19-bbe5-967cbdd7fb9d" executionId="4927ade1-7907-4817-8b9a-8f0cc6791721" testListId="129ec510-984c-47ec-bd37-b5f6bfcb70d9" />
  </TestEntries>
  <TestLists>
    <TestList name="Results Not in a List" id="129ec510-984c-47ec-bd37-b5f6bfcb70d9" />
    <TestList name="All Loaded Results" id="5d54db60-cae2-4ff9-8b66-834e57bf8e25" />
  </TestLists>
</TestRun>