<?xml version="1.0" encoding="UTF-8"?>
<TestRun id="faff0c7a-3e5a-49f2-820d-9d92129a812f" name="Test Run 82" runUser="Oles Galatsan" xmlns="http://microsoft.com/schemas/VisualStudio/TeamTest/2010">
  <Times creation="2025-05-14T13:20:31.3125482Z" queuing="2025-05-14T13:20:31.3125482Z" start="2025-05-14T13:20:31.3146610Z" finish="2025-05-14T13:25:31.3147553Z" />
  <TestSettings name="Test Settings 82" id="e572bef7-b83d-401f-b3ec-bba36c0c56f8" />
  <Results>
    <UnitTestResult executionId="713e75d2-ff2a-4f44-a57a-385be931e4d0" testId="c05bbd03-b520-4c92-a67a-e608bd59431e" testName="Test8101" computerName="UA-LPT-OGA2" duration="00:00:01.1880000" startTime="2025-05-14T13:20:31.3146610Z" endTime="2025-05-14T13:25:31.3147553Z" testType="13cdc9d9-ddb5-4fa4-a97d-d965ccfc6d4b" outcome="Passed" testListId="ad33ad6a-ec7c-4c3f-a258-fe7f64b15db1" />
    <UnitTestResult executionId="5be0d19d-c674-4b88-a144-16d5665c59c8" testId="02b15586-399f-4f06-84f0-5e648a13249e" testName="Test8102" computerName="UA-LPT-OGA2" duration="00:00:01.6530000" startTime="2025-05-14T13:20:31.3146610Z" endTime="2025-05-14T13:25:31.3147553Z" testType="13cdc9d9-ddb5-4fa4-a97d-d965ccfc6d4b" outcome="Passed" testListId="ad33ad6a-ec7c-4c3f-a258-fe7f64b15db1" />
    <UnitTestResult executionId="4dfc1448-3f8d-4dd1-b253-d6cba31140f8" testId="ba2d8d91-5bea-42e7-ac84-f3c53ebfe09a" testName="Test8103" computerName="UA-LPT-OGA2" duration="00:00:00.8110000" startTime="2025-05-14T13:20:31.3146610Z" endTime="2025-05-14T13:25:31.3147553Z" testType="13cdc9d9-ddb5-4fa4-a97d-d965ccfc6d4b" outcome="Passed" testListId="ad33ad6a-ec7c-4c3f-a258-fe7f64b15db1" />
    <UnitTestResult executionId="02b3c100-1b06-4bb3-8212-00b0310f9ae1" testId="e69f0c5a-361e-4394-a3dd-576ab75639e1" testName="Test8104" computerName="UA-LPT-OGA2" duration="00:00:00.3390000" startTime="2025-05-14T13:20:31.3146610Z" endTime="2025-05-14T13:25:31.3147553Z" testType="13cdc9d9-ddb5-4fa4-a97d-d965ccfc6d4b" outcome="Failed" testListId="ad33ad6a-ec7c-4c3f-a258-fe7f64b15db1">
      <Output>
        <ErrorInfo>
          <Message>Assertion failed: Expected value did not match actual value.</Message>
          <StackTrace>   at TestNamespace.TestClass.Test() in TestClass.cs:line 259</StackTrace>
        </ErrorInfo>
      </Output>
    </UnitTestResult>
    <UnitTestResult executionId="d2a5f2fc-e8bb-4e6f-8169-074404afc77e" testId="80c3dd5b-7193-405a-b4f2-e9210540c8bf" testName="Test8105" computerName="UA-LPT-OGA2" duration="00:00:01.5130000" startTime="2025-05-14T13:20:31.3146610Z" endTime="2025-05-14T13:25:31.3147553Z" testType="13cdc9d9-ddb5-4fa4-a97d-d965ccfc6d4b" outcome="Passed" testListId="ad33ad6a-ec7c-4c3f-a258-fe7f64b15db1" />
    <UnitTestResult executionId="39f0c293-88ce-4446-b247-bd0bd96fe087" testId="6b3c13ca-500d-48c2-a107-d58d79b31fbe" testName="Test8106" computerName="UA-LPT-OGA2" duration="00:00:01.1310000" startTime="2025-05-14T13:20:31.3146610Z" endTime="2025-05-14T13:25:31.3147553Z" testType="13cdc9d9-ddb5-4fa4-a97d-d965ccfc6d4b" outcome="Passed" testListId="ad33ad6a-ec7c-4c3f-a258-fe7f64b15db1" />
    <UnitTestResult executionId="39107400-4212-4702-9916-7229bd935b54" testId="1035af11-02ce-4044-a149-0a49b9764636" testName="Test8107" computerName="UA-LPT-OGA2" duration="00:00:00.8010000" startTime="2025-05-14T13:20:31.3146610Z" endTime="2025-05-14T13:25:31.3147553Z" testType="13cdc9d9-ddb5-4fa4-a97d-d965ccfc6d4b" outcome="Passed" testListId="ad33ad6a-ec7c-4c3f-a258-fe7f64b15db1" />
    <UnitTestResult executionId="4d252754-73f1-4171-9796-ef2571dc952d" testId="2ad9f5f0-ad67-4d78-853e-d56fe39c8e38" testName="Test8108" computerName="UA-LPT-OGA2" duration="00:00:01.9450000" startTime="2025-05-14T13:20:31.3146610Z" endTime="2025-05-14T13:25:31.3147553Z" testType="13cdc9d9-ddb5-4fa4-a97d-d965ccfc6d4b" outcome="Passed" testListId="ad33ad6a-ec7c-4c3f-a258-fe7f64b15db1" />
    <UnitTestResult executionId="d98f3846-a80d-42d3-9206-d8506b4a501b" testId="ca84a0b6-cb6c-478c-a2b1-66b1d5911ff3" testName="Test8109" computerName="UA-LPT-OGA2" duration="00:00:00.8480000" startTime="2025-05-14T13:20:31.3146610Z" endTime="2025-05-14T13:25:31.3147553Z" testType="13cdc9d9-ddb5-4fa4-a97d-d965ccfc6d4b" outcome="Inconclusive" testListId="ad33ad6a-ec7c-4c3f-a258-fe7f64b15db1" />
    <UnitTestResult executionId="db38687b-ede2-4031-9a96-545735e662ad" testId="05d5e860-08ae-4ad9-9b44-c1d85f727e31" testName="Test8110" computerName="UA-LPT-OGA2" duration="00:00:00.8160000" startTime="2025-05-14T13:20:31.3146610Z" endTime="2025-05-14T13:25:31.3147553Z" testType="13cdc9d9-ddb5-4fa4-a97d-d965ccfc6d4b" outcome="Passed" testListId="ad33ad6a-ec7c-4c3f-a258-fe7f64b15db1" />
    <UnitTestResult executionId="ea99448a-a1e3-492a-b808-8a2c3c867539" testId="a33c9c2c-e89b-4339-95f6-3be8a80237cf" testName="Test8111" computerName="UA-LPT-OGA2" duration="00:00:01.4660000" startTime="2025-05-14T13:20:31.3146610Z" endTime="2025-05-14T13:25:31.3147553Z" testType="13cdc9d9-ddb5-4fa4-a97d-d965ccfc6d4b" outcome="Passed" testListId="ad33ad6a-ec7c-4c3f-a258-fe7f64b15db1" />
    <UnitTestResult executionId="474c5b3f-8b79-4433-8500-94b260de8754" testId="1c61c321-669d-4f33-9118-bb386d1ae09f" testName="Test8112" computerName="UA-LPT-OGA2" duration="00:00:01.3250000" startTime="2025-05-14T13:20:31.3146610Z" endTime="2025-05-14T13:25:31.3147553Z" testType="13cdc9d9-ddb5-4fa4-a97d-d965ccfc6d4b" outcome="Passed" testListId="ad33ad6a-ec7c-4c3f-a258-fe7f64b15db1" />
    <UnitTestResult executionId="1604d091-9e4e-4c9b-be3a-39a7567e7503" testId="87f85973-7e72-41dd-8cce-2a62e71c284d" testName="Test8113" computerName="UA-LPT-OGA2" duration="00:00:00.8480000" startTime="2025-05-14T13:20:31.3146610Z" endTime="2025-05-14T13:25:31.3147553Z" testType="13cdc9d9-ddb5-4fa4-a97d-d965ccfc6d4b" outcome="Passed" testListId="ad33ad6a-ec7c-4c3f-a258-fe7f64b15db1" />
    <UnitTestResult executionId="c3705c0a-16c9-471c-9c6c-284afcdf1538" testId="e5bf918b-c364-47e9-ae55-ec1952404f78" testName="Test8114" computerName="UA-LPT-OGA2" duration="00:00:00.8320000" startTime="2025-05-14T13:20:31.3146610Z" endTime="2025-05-14T13:25:31.3147553Z" testType="13cdc9d9-ddb5-4fa4-a97d-d965ccfc6d4b" outcome="Passed" testListId="ad33ad6a-ec7c-4c3f-a258-fe7f64b15db1" />
    <UnitTestResult executionId="83f032cf-6605-440c-bffd-8eac681176e4" testId="aba36790-a365-44aa-9516-4cb46cae50dc" testName="Test8115" computerName="UA-LPT-OGA2" duration="00:00:01.8300000" startTime="2025-05-14T13:20:31.3146610Z" endTime="2025-05-14T13:25:31.3147553Z" testType="13cdc9d9-ddb5-4fa4-a97d-d965ccfc6d4b" outcome="Passed" testListId="ad33ad6a-ec7c-4c3f-a258-fe7f64b15db1" />
    <UnitTestResult executionId="095c6cb5-6513-46f7-8e46-df3b1ff5997f" testId="b5d4bc39-0c21-4db3-909e-ef843fe4a934" testName="Test8116" computerName="UA-LPT-OGA2" duration="00:00:01.4930000" startTime="2025-05-14T13:20:31.3146610Z" endTime="2025-05-14T13:25:31.3147553Z" testType="13cdc9d9-ddb5-4fa4-a97d-d965ccfc6d4b" outcome="Passed" testListId="ad33ad6a-ec7c-4c3f-a258-fe7f64b15db1" />
    <UnitTestResult executionId="f3f8715d-8484-4b54-a6dd-f65cf7f22e19" testId="d9d20f4c-0643-4826-a04f-0a30783e8709" testName="Test8117" computerName="UA-LPT-OGA2" duration="00:00:00.7120000" startTime="2025-05-14T13:20:31.3146610Z" endTime="2025-05-14T13:25:31.3147553Z" testType="13cdc9d9-ddb5-4fa4-a97d-d965ccfc6d4b" outcome="Passed" testListId="ad33ad6a-ec7c-4c3f-a258-fe7f64b15db1" />
    <UnitTestResult executionId="84d9263d-c603-4211-8a08-3b9abc8b710d" testId="b72adecf-5a86-4f06-b577-d9e41d298192" testName="Test8118" computerName="UA-LPT-OGA2" duration="00:00:00.5210000" startTime="2025-05-14T13:20:31.3146610Z" endTime="2025-05-14T13:25:31.3147553Z" testType="13cdc9d9-ddb5-4fa4-a97d-d965ccfc6d4b" outcome="Passed" testListId="ad33ad6a-ec7c-4c3f-a258-fe7f64b15db1" />
    <UnitTestResult executionId="cef4f744-90b6-49de-85c5-85ac1d16e16f" testId="622d2d68-8f4c-470f-bd5b-aa0e3eb2440a" testName="Test8119" computerName="UA-LPT-OGA2" duration="00:00:00.2260000" startTime="2025-05-14T13:20:31.3146610Z" endTime="2025-05-14T13:25:31.3147553Z" testType="13cdc9d9-ddb5-4fa4-a97d-d965ccfc6d4b" outcome="Passed" testListId="ad33ad6a-ec7c-4c3f-a258-fe7f64b15db1" />
    <UnitTestResult executionId="22417951-07cb-4ad3-99fd-bc442c6dc2d8" testId="965da734-21f7-4ce3-a41e-159fee26f91d" testName="Test8120" computerName="UA-LPT-OGA2" duration="00:00:00.9240000" startTime="2025-05-14T13:20:31.3146610Z" endTime="2025-05-14T13:25:31.3147553Z" testType="13cdc9d9-ddb5-4fa4-a97d-d965ccfc6d4b" outcome="Passed" testListId="ad33ad6a-ec7c-4c3f-a258-fe7f64b15db1" />
    <UnitTestResult executionId="9e0f2603-16c9-4e8b-a97a-dcd22834cdd1" testId="610fc937-3d57-48bb-b933-bf0e3d011893" testName="Test8121" computerName="UA-LPT-OGA2" duration="00:00:01.2890000" startTime="2025-05-14T13:20:31.3146610Z" endTime="2025-05-14T13:25:31.3147553Z" testType="13cdc9d9-ddb5-4fa4-a97d-d965ccfc6d4b" outcome="Passed" testListId="ad33ad6a-ec7c-4c3f-a258-fe7f64b15db1" />
    <UnitTestResult executionId="9e3f123b-7224-44d0-991c-9bbd6d3fe57b" testId="fdae8985-8dd2-4a66-8629-8fe80f7155d3" testName="Test8122" computerName="UA-LPT-OGA2" duration="00:00:00.2140000" startTime="2025-05-14T13:20:31.3146610Z" endTime="2025-05-14T13:25:31.3147553Z" testType="13cdc9d9-ddb5-4fa4-a97d-d965ccfc6d4b" outcome="Passed" testListId="ad33ad6a-ec7c-4c3f-a258-fe7f64b15db1" />
    <UnitTestResult executionId="8a217bdb-a77c-4b08-89ed-1d42d51ca42d" testId="66a1340f-11f5-4363-a8d9-7778ce0f2f6e" testName="Test8123" computerName="UA-LPT-OGA2" duration="00:00:01.2800000" startTime="2025-05-14T13:20:31.3146610Z" endTime="2025-05-14T13:25:31.3147553Z" testType="13cdc9d9-ddb5-4fa4-a97d-d965ccfc6d4b" outcome="Passed" testListId="ad33ad6a-ec7c-4c3f-a258-fe7f64b15db1" />
    <UnitTestResult executionId="a25c0b4a-8f65-4524-b91c-be2ad36764fb" testId="6b2760a3-a0b0-4a27-8c92-755693bc3eff" testName="Test8124" computerName="UA-LPT-OGA2" duration="00:00:00.1010000" startTime="2025-05-14T13:20:31.3146610Z" endTime="2025-05-14T13:25:31.3147553Z" testType="13cdc9d9-ddb5-4fa4-a97d-d965ccfc6d4b" outcome="Passed" testListId="ad33ad6a-ec7c-4c3f-a258-fe7f64b15db1" />
    <UnitTestResult executionId="1053e5cc-5549-4ea6-9498-17f09fbe03b9" testId="93a602c0-c511-48fd-993a-a8ffb53c77fa" testName="Test8125" computerName="UA-LPT-OGA2" duration="00:00:00.1170000" startTime="2025-05-14T13:20:31.3146610Z" endTime="2025-05-14T13:25:31.3147553Z" testType="13cdc9d9-ddb5-4fa4-a97d-d965ccfc6d4b" outcome="Passed" testListId="ad33ad6a-ec7c-4c3f-a258-fe7f64b15db1" />
    <UnitTestResult executionId="38a76aed-c604-4103-a151-59e4d17211d1" testId="103ddeff-588a-4349-aaa7-64c121eded6c" testName="Test8126" computerName="UA-LPT-OGA2" duration="00:00:01.6330000" startTime="2025-05-14T13:20:31.3146610Z" endTime="2025-05-14T13:25:31.3147553Z" testType="13cdc9d9-ddb5-4fa4-a97d-d965ccfc6d4b" outcome="Passed" testListId="ad33ad6a-ec7c-4c3f-a258-fe7f64b15db1" />
    <UnitTestResult executionId="883d8792-6060-41ba-85c4-df85228efb8b" testId="5b5e8110-bb11-466d-9339-150fff978690" testName="Test8127" computerName="UA-LPT-OGA2" duration="00:00:01.3160000" startTime="2025-05-14T13:20:31.3146610Z" endTime="2025-05-14T13:25:31.3147553Z" testType="13cdc9d9-ddb5-4fa4-a97d-d965ccfc6d4b" outcome="Inconclusive" testListId="ad33ad6a-ec7c-4c3f-a258-fe7f64b15db1" />
    <UnitTestResult executionId="a17de927-f04d-4d6e-8ea6-344377027bb4" testId="a379d857-78f9-4e54-b987-f96f08e2ac85" testName="Test8128" computerName="UA-LPT-OGA2" duration="00:00:01.4270000" startTime="2025-05-14T13:20:31.3146610Z" endTime="2025-05-14T13:25:31.3147553Z" testType="13cdc9d9-ddb5-4fa4-a97d-d965ccfc6d4b" outcome="Inconclusive" testListId="ad33ad6a-ec7c-4c3f-a258-fe7f64b15db1" />
    <UnitTestResult executionId="5adc95cf-285d-4512-b3de-13ba1dc7eaef" testId="dd6fd1e7-4ca2-4200-a207-f1eac356761d" testName="Test8129" computerName="UA-LPT-OGA2" duration="00:00:00.4250000" startTime="2025-05-14T13:20:31.3146610Z" endTime="2025-05-14T13:25:31.3147553Z" testType="13cdc9d9-ddb5-4fa4-a97d-d965ccfc6d4b" outcome="Passed" testListId="ad33ad6a-ec7c-4c3f-a258-fe7f64b15db1" />
    <UnitTestResult executionId="3f780f0d-9a6b-4e51-aa04-ed25ee1c4da7" testId="eab986fa-7df1-46ff-a135-b244fb5b2d00" testName="Test8130" computerName="UA-LPT-OGA2" duration="00:00:00.6200000" startTime="2025-05-14T13:20:31.3146610Z" endTime="2025-05-14T13:25:31.3147553Z" testType="13cdc9d9-ddb5-4fa4-a97d-d965ccfc6d4b" outcome="Passed" testListId="ad33ad6a-ec7c-4c3f-a258-fe7f64b15db1" />
    <UnitTestResult executionId="1172156d-195e-4344-8be7-f5cc0f5ad94e" testId="4c6c727f-ab88-426f-9916-00fed31f2554" testName="Test8131" computerName="UA-LPT-OGA2" duration="00:00:00.0710000" startTime="2025-05-14T13:20:31.3146610Z" endTime="2025-05-14T13:25:31.3147553Z" testType="13cdc9d9-ddb5-4fa4-a97d-d965ccfc6d4b" outcome="Passed" testListId="ad33ad6a-ec7c-4c3f-a258-fe7f64b15db1" />
    <UnitTestResult executionId="be433ba3-5dc7-4367-8ea6-c3761dd49c7d" testId="7be76b49-8341-4a3b-9e61-0c85c8a20c4c" testName="Test8132" computerName="UA-LPT-OGA2" duration="00:00:01.9480000" startTime="2025-05-14T13:20:31.3146610Z" endTime="2025-05-14T13:25:31.3147553Z" testType="13cdc9d9-ddb5-4fa4-a97d-d965ccfc6d4b" outcome="Passed" testListId="ad33ad6a-ec7c-4c3f-a258-fe7f64b15db1" />
    <UnitTestResult executionId="96b8497b-a0ad-44db-95cd-c0392dd6b49d" testId="c8471c57-db58-4797-ac13-a286f668df50" testName="Test8133" computerName="UA-LPT-OGA2" duration="00:00:00.5860000" startTime="2025-05-14T13:20:31.3146610Z" endTime="2025-05-14T13:25:31.3147553Z" testType="13cdc9d9-ddb5-4fa4-a97d-d965ccfc6d4b" outcome="Passed" testListId="ad33ad6a-ec7c-4c3f-a258-fe7f64b15db1" />
    <UnitTestResult executionId="c1521faa-7bbe-4be2-a3a6-f0c80e3e4973" testId="43c6d198-abbe-4b37-bc85-c3bc857fbc1f" testName="Test8134" computerName="UA-LPT-OGA2" duration="00:00:01.3110000" startTime="2025-05-14T13:20:31.3146610Z" endTime="2025-05-14T13:25:31.3147553Z" testType="13cdc9d9-ddb5-4fa4-a97d-d965ccfc6d4b" outcome="Passed" testListId="ad33ad6a-ec7c-4c3f-a258-fe7f64b15db1" />
    <UnitTestResult executionId="2cff2852-f9c0-4855-9907-f7bdc5abe74e" testId="cd9190c4-7ea8-4033-9d06-f467aeb942a7" testName="Test8135" computerName="UA-LPT-OGA2" duration="00:00:01.8630000" startTime="2025-05-14T13:20:31.3146610Z" endTime="2025-05-14T13:25:31.3147553Z" testType="13cdc9d9-ddb5-4fa4-a97d-d965ccfc6d4b" outcome="Passed" testListId="ad33ad6a-ec7c-4c3f-a258-fe7f64b15db1" />
    <UnitTestResult executionId="510c1a87-d414-4934-84db-0133b4bb8106" testId="4f027157-664b-4cae-a38a-b6d343a7d8d7" testName="Test8136" computerName="UA-LPT-OGA2" duration="00:00:01.1060000" startTime="2025-05-14T13:20:31.3146610Z" endTime="2025-05-14T13:25:31.3147553Z" testType="13cdc9d9-ddb5-4fa4-a97d-d965ccfc6d4b" outcome="Passed" testListId="ad33ad6a-ec7c-4c3f-a258-fe7f64b15db1" />
    <UnitTestResult executionId="b7e1a6de-1431-423d-9dc8-d443ab2b359c" testId="21ecbf94-b4c6-4cb2-8baa-ee0e48289f4f" testName="Test8137" computerName="UA-LPT-OGA2" duration="00:00:00.6870000" startTime="2025-05-14T13:20:31.3146610Z" endTime="2025-05-14T13:25:31.3147553Z" testType="13cdc9d9-ddb5-4fa4-a97d-d965ccfc6d4b" outcome="Passed" testListId="ad33ad6a-ec7c-4c3f-a258-fe7f64b15db1" />
    <UnitTestResult executionId="416524ad-be51-4189-beac-8a511fecf7d7" testId="a9820dc7-a324-423f-acb6-a03208936e61" testName="Test8138" computerName="UA-LPT-OGA2" duration="00:00:01.0190000" startTime="2025-05-14T13:20:31.3146610Z" endTime="2025-05-14T13:25:31.3147553Z" testType="13cdc9d9-ddb5-4fa4-a97d-d965ccfc6d4b" outcome="Passed" testListId="ad33ad6a-ec7c-4c3f-a258-fe7f64b15db1" />
    <UnitTestResult executionId="1253f429-f351-4790-a82a-d43c060585e1" testId="b0e08d92-215f-4ca0-a000-3c649c0f1361" testName="Test8139" computerName="UA-LPT-OGA2" duration="00:00:01.3520000" startTime="2025-05-14T13:20:31.3146610Z" endTime="2025-05-14T13:25:31.3147553Z" testType="13cdc9d9-ddb5-4fa4-a97d-d965ccfc6d4b" outcome="Passed" testListId="ad33ad6a-ec7c-4c3f-a258-fe7f64b15db1" />
    <UnitTestResult executionId="c320df90-6a54-4a9d-bf36-ce8666e047fe" testId="5bab324b-0623-43fe-97d0-8ece08c40f8d" testName="Test8140" computerName="UA-LPT-OGA2" duration="00:00:00.0750000" startTime="2025-05-14T13:20:31.3146610Z" endTime="2025-05-14T13:25:31.3147553Z" testType="13cdc9d9-ddb5-4fa4-a97d-d965ccfc6d4b" outcome="Passed" testListId="ad33ad6a-ec7c-4c3f-a258-fe7f64b15db1" />
    <UnitTestResult executionId="a073a203-3352-4ce4-a590-1049ca7850a5" testId="6a6b3847-2f35-4e95-a561-8fcf65aebdd7" testName="Test8141" computerName="UA-LPT-OGA2" duration="00:00:01.0010000" startTime="2025-05-14T13:20:31.3146610Z" endTime="2025-05-14T13:25:31.3147553Z" testType="13cdc9d9-ddb5-4fa4-a97d-d965ccfc6d4b" outcome="Passed" testListId="ad33ad6a-ec7c-4c3f-a258-fe7f64b15db1" />
    <UnitTestResult executionId="b64be9c0-f763-483b-9155-11ec8d3f3fbb" testId="a3c247d6-ed83-4d39-a29e-6028cc1e99e3" testName="Test8142" computerName="UA-LPT-OGA2" duration="00:00:01.9750000" startTime="2025-05-14T13:20:31.3146610Z" endTime="2025-05-14T13:25:31.3147553Z" testType="13cdc9d9-ddb5-4fa4-a97d-d965ccfc6d4b" outcome="Passed" testListId="ad33ad6a-ec7c-4c3f-a258-fe7f64b15db1" />
    <UnitTestResult executionId="7f406d00-f010-4775-9c16-c579e9d58e2d" testId="d0f9650e-1fe8-4745-9d1c-47369c1e4444" testName="Test8143" computerName="UA-LPT-OGA2" duration="00:00:01.4840000" startTime="2025-05-14T13:20:31.3146610Z" endTime="2025-05-14T13:25:31.3147553Z" testType="13cdc9d9-ddb5-4fa4-a97d-d965ccfc6d4b" outcome="Passed" testListId="ad33ad6a-ec7c-4c3f-a258-fe7f64b15db1" />
    <UnitTestResult executionId="25f2e085-4f0e-4680-a829-845db857c6a1" testId="9c0b80b9-7a45-4004-895a-1a8428d8af65" testName="Test8144" computerName="UA-LPT-OGA2" duration="00:00:00.3490000" startTime="2025-05-14T13:20:31.3146610Z" endTime="2025-05-14T13:25:31.3147553Z" testType="13cdc9d9-ddb5-4fa4-a97d-d965ccfc6d4b" outcome="Passed" testListId="ad33ad6a-ec7c-4c3f-a258-fe7f64b15db1" />
    <UnitTestResult executionId="6e761039-63b6-4ab1-bbfb-0586a860b5c4" testId="8c3d3d43-b918-4011-835a-c756930da0da" testName="Test8145" computerName="UA-LPT-OGA2" duration="00:00:00.6030000" startTime="2025-05-14T13:20:31.3146610Z" endTime="2025-05-14T13:25:31.3147553Z" testType="13cdc9d9-ddb5-4fa4-a97d-d965ccfc6d4b" outcome="Passed" testListId="ad33ad6a-ec7c-4c3f-a258-fe7f64b15db1" />
    <UnitTestResult executionId="dc780316-a53c-4adc-8b4a-aab873885595" testId="2daed50c-e65b-4917-b5b9-99e0dc9b99e4" testName="Test8146" computerName="UA-LPT-OGA2" duration="00:00:01.5210000" startTime="2025-05-14T13:20:31.3146610Z" endTime="2025-05-14T13:25:31.3147553Z" testType="13cdc9d9-ddb5-4fa4-a97d-d965ccfc6d4b" outcome="Passed" testListId="ad33ad6a-ec7c-4c3f-a258-fe7f64b15db1" />
    <UnitTestResult executionId="0348131e-1027-4042-875d-c8a4689f9adc" testId="19bb22c7-a6df-4bc2-9e61-ce3d5265a747" testName="Test8147" computerName="UA-LPT-OGA2" duration="00:00:00.4300000" startTime="2025-05-14T13:20:31.3146610Z" endTime="2025-05-14T13:25:31.3147553Z" testType="13cdc9d9-ddb5-4fa4-a97d-d965ccfc6d4b" outcome="Passed" testListId="ad33ad6a-ec7c-4c3f-a258-fe7f64b15db1" />
    <UnitTestResult executionId="a0ed0329-3d30-4b13-bdc0-c1c67fe4edc3" testId="d20d5d9f-8dfc-4b4b-a264-93acd5decce2" testName="Test8148" computerName="UA-LPT-OGA2" duration="00:00:00.5310000" startTime="2025-05-14T13:20:31.3146610Z" endTime="2025-05-14T13:25:31.3147553Z" testType="13cdc9d9-ddb5-4fa4-a97d-d965ccfc6d4b" outcome="Passed" testListId="ad33ad6a-ec7c-4c3f-a258-fe7f64b15db1" />
    <UnitTestResult executionId="57d1399d-64a3-4eed-b7ef-66b496bfb871" testId="0c7b1620-59fd-4c5b-aadb-ec2ad14976a0" testName="Test8149" computerName="UA-LPT-OGA2" duration="00:00:00.5990000" startTime="2025-05-14T13:20:31.3146610Z" endTime="2025-05-14T13:25:31.3147553Z" testType="13cdc9d9-ddb5-4fa4-a97d-d965ccfc6d4b" outcome="Passed" testListId="ad33ad6a-ec7c-4c3f-a258-fe7f64b15db1" />
    <UnitTestResult executionId="f318eedb-9379-4d8c-a9d9-fd271426c43d" testId="aa0eb861-71ae-473e-84f0-86eef2c33b87" testName="Test8150" computerName="UA-LPT-OGA2" duration="00:00:00.5910000" startTime="2025-05-14T13:20:31.3146610Z" endTime="2025-05-14T13:25:31.3147553Z" testType="13cdc9d9-ddb5-4fa4-a97d-d965ccfc6d4b" outcome="Passed" testListId="ad33ad6a-ec7c-4c3f-a258-fe7f64b15db1" />
    <UnitTestResult executionId="28b4845c-cfc2-4b59-85c0-da9df3060cdd" testId="7ddc0736-6340-45c9-9fa2-1cbdcb13083f" testName="Test8151" computerName="UA-LPT-OGA2" duration="00:00:01.7820000" startTime="2025-05-14T13:20:31.3146610Z" endTime="2025-05-14T13:25:31.3147553Z" testType="13cdc9d9-ddb5-4fa4-a97d-d965ccfc6d4b" outcome="Passed" testListId="ad33ad6a-ec7c-4c3f-a258-fe7f64b15db1" />
    <UnitTestResult executionId="c44c46d1-a6b2-4f25-b928-ea490b18ebdd" testId="5bb7b694-5cf1-4020-a8a7-e8bfb3a2cfec" testName="Test8152" computerName="UA-LPT-OGA2" duration="00:00:01.9100000" startTime="2025-05-14T13:20:31.3146610Z" endTime="2025-05-14T13:25:31.3147553Z" testType="13cdc9d9-ddb5-4fa4-a97d-d965ccfc6d4b" outcome="Passed" testListId="ad33ad6a-ec7c-4c3f-a258-fe7f64b15db1" />
    <UnitTestResult executionId="304f9350-4aee-4ff6-944d-2ebc6d4af337" testId="dfd3fec7-1236-47c1-b18e-0c1b80447dd5" testName="Test8153" computerName="UA-LPT-OGA2" duration="00:00:00.7020000" startTime="2025-05-14T13:20:31.3146610Z" endTime="2025-05-14T13:25:31.3147553Z" testType="13cdc9d9-ddb5-4fa4-a97d-d965ccfc6d4b" outcome="Passed" testListId="ad33ad6a-ec7c-4c3f-a258-fe7f64b15db1" />
    <UnitTestResult executionId="e3baf5aa-3995-47fe-8257-a4cc66b89f08" testId="b62794ee-80f8-4701-82a2-60ad3af3c1fa" testName="Test8154" computerName="UA-LPT-OGA2" duration="00:00:00.3900000" startTime="2025-05-14T13:20:31.3146610Z" endTime="2025-05-14T13:25:31.3147553Z" testType="13cdc9d9-ddb5-4fa4-a97d-d965ccfc6d4b" outcome="Passed" testListId="ad33ad6a-ec7c-4c3f-a258-fe7f64b15db1" />
    <UnitTestResult executionId="cc5b4772-beca-4941-b7b5-750674c2dc5e" testId="38b27079-31d6-4578-968d-a51cb9f2fb86" testName="Test8155" computerName="UA-LPT-OGA2" duration="00:00:01.4290000" startTime="2025-05-14T13:20:31.3146610Z" endTime="2025-05-14T13:25:31.3147553Z" testType="13cdc9d9-ddb5-4fa4-a97d-d965ccfc6d4b" outcome="Passed" testListId="ad33ad6a-ec7c-4c3f-a258-fe7f64b15db1" />
    <UnitTestResult executionId="62c8eb9d-b79f-4790-b56b-9222b8083a48" testId="c8308464-8d3d-4ed1-9c83-374a7136b2c3" testName="Test8156" computerName="UA-LPT-OGA2" duration="00:00:00.8250000" startTime="2025-05-14T13:20:31.3146610Z" endTime="2025-05-14T13:25:31.3147553Z" testType="13cdc9d9-ddb5-4fa4-a97d-d965ccfc6d4b" outcome="Passed" testListId="ad33ad6a-ec7c-4c3f-a258-fe7f64b15db1" />
    <UnitTestResult executionId="f7e51cd8-c16c-4ffa-8a55-b1bd47534766" testId="7b7bc7e0-5fa8-499f-bf09-ccc4059f480e" testName="Test8157" computerName="UA-LPT-OGA2" duration="00:00:00.9110000" startTime="2025-05-14T13:20:31.3146610Z" endTime="2025-05-14T13:25:31.3147553Z" testType="13cdc9d9-ddb5-4fa4-a97d-d965ccfc6d4b" outcome="Failed" testListId="ad33ad6a-ec7c-4c3f-a258-fe7f64b15db1">
      <Output>
        <ErrorInfo>
          <Message>Assertion failed: Expected value did not match actual value.</Message>
          <StackTrace>   at TestNamespace.TestClass.Test() in TestClass.cs:line 296</StackTrace>
        </ErrorInfo>
      </Output>
    </UnitTestResult>
    <UnitTestResult executionId="2c909ea9-ceaa-4909-bf6a-956036fd2a21" testId="d2c19b44-4722-46e2-95ed-b65ae6ebdadb" testName="Test8158" computerName="UA-LPT-OGA2" duration="00:00:01.4990000" startTime="2025-05-14T13:20:31.3146610Z" endTime="2025-05-14T13:25:31.3147553Z" testType="13cdc9d9-ddb5-4fa4-a97d-d965ccfc6d4b" outcome="Passed" testListId="ad33ad6a-ec7c-4c3f-a258-fe7f64b15db1" />
    <UnitTestResult executionId="9757cc6a-8212-4bf4-b5c6-d22b8de10a24" testId="ec1c3fdb-8a3b-45c4-b0b2-ddb8c2ac28f5" testName="Test8159" computerName="UA-LPT-OGA2" duration="00:00:01.9860000" startTime="2025-05-14T13:20:31.3146610Z" endTime="2025-05-14T13:25:31.3147553Z" testType="13cdc9d9-ddb5-4fa4-a97d-d965ccfc6d4b" outcome="Passed" testListId="ad33ad6a-ec7c-4c3f-a258-fe7f64b15db1" />
    <UnitTestResult executionId="12617610-8252-4850-a3b0-df88ac6dac1b" testId="6ae8b06f-caf8-44a0-809b-768efefce4ed" testName="Test8160" computerName="UA-LPT-OGA2" duration="00:00:00.7710000" startTime="2025-05-14T13:20:31.3146610Z" endTime="2025-05-14T13:25:31.3147553Z" testType="13cdc9d9-ddb5-4fa4-a97d-d965ccfc6d4b" outcome="Passed" testListId="ad33ad6a-ec7c-4c3f-a258-fe7f64b15db1" />
    <UnitTestResult executionId="f8bd95ed-4c3a-4e1d-862d-2dac987bc861" testId="59a5444a-c4c6-4abc-a9be-d8db0b927f16" testName="Test8161" computerName="UA-LPT-OGA2" duration="00:00:01.1210000" startTime="2025-05-14T13:20:31.3146610Z" endTime="2025-05-14T13:25:31.3147553Z" testType="13cdc9d9-ddb5-4fa4-a97d-d965ccfc6d4b" outcome="Passed" testListId="ad33ad6a-ec7c-4c3f-a258-fe7f64b15db1" />
    <UnitTestResult executionId="906c1b35-24e5-44bf-be8f-3c5975769cf5" testId="b060e4d8-e607-4601-9839-3e2be53ca294" testName="Test8162" computerName="UA-LPT-OGA2" duration="00:00:00.5680000" startTime="2025-05-14T13:20:31.3146610Z" endTime="2025-05-14T13:25:31.3147553Z" testType="13cdc9d9-ddb5-4fa4-a97d-d965ccfc6d4b" outcome="Passed" testListId="ad33ad6a-ec7c-4c3f-a258-fe7f64b15db1" />
    <UnitTestResult executionId="628f3988-09ae-4631-b01c-53bda9a6f887" testId="7982d232-4ddd-4f33-8950-910883541d4a" testName="Test8163" computerName="UA-LPT-OGA2" duration="00:00:00.3710000" startTime="2025-05-14T13:20:31.3146610Z" endTime="2025-05-14T13:25:31.3147553Z" testType="13cdc9d9-ddb5-4fa4-a97d-d965ccfc6d4b" outcome="Passed" testListId="ad33ad6a-ec7c-4c3f-a258-fe7f64b15db1" />
    <UnitTestResult executionId="9dd28219-3636-43d8-9d0f-864dc8b9b919" testId="f247c1fe-e870-4282-8729-51333d9b64b8" testName="Test8164" computerName="UA-LPT-OGA2" duration="00:00:01.7830000" startTime="2025-05-14T13:20:31.3146610Z" endTime="2025-05-14T13:25:31.3147553Z" testType="13cdc9d9-ddb5-4fa4-a97d-d965ccfc6d4b" outcome="Passed" testListId="ad33ad6a-ec7c-4c3f-a258-fe7f64b15db1" />
    <UnitTestResult executionId="6f139cfa-fa15-42b2-931f-108cf4ceb1bf" testId="b4599548-2a09-4600-a9e5-cdac4c0ce327" testName="Test8165" computerName="UA-LPT-OGA2" duration="00:00:00.1150000" startTime="2025-05-14T13:20:31.3146610Z" endTime="2025-05-14T13:25:31.3147553Z" testType="13cdc9d9-ddb5-4fa4-a97d-d965ccfc6d4b" outcome="Passed" testListId="ad33ad6a-ec7c-4c3f-a258-fe7f64b15db1" />
    <UnitTestResult executionId="d47f3f17-8243-44a5-b0f2-6f52665301ef" testId="b986ceb3-7764-416b-b17d-4c916862a28a" testName="Test8166" computerName="UA-LPT-OGA2" duration="00:00:01.1330000" startTime="2025-05-14T13:20:31.3146610Z" endTime="2025-05-14T13:25:31.3147553Z" testType="13cdc9d9-ddb5-4fa4-a97d-d965ccfc6d4b" outcome="Passed" testListId="ad33ad6a-ec7c-4c3f-a258-fe7f64b15db1" />
    <UnitTestResult executionId="0ad9d30c-37b1-4122-9954-d5aa5c5bd374" testId="9deb2836-4433-4964-aee3-a5b8cbc0343a" testName="Test8167" computerName="UA-LPT-OGA2" duration="00:00:00.4340000" startTime="2025-05-14T13:20:31.3146610Z" endTime="2025-05-14T13:25:31.3147553Z" testType="13cdc9d9-ddb5-4fa4-a97d-d965ccfc6d4b" outcome="Passed" testListId="ad33ad6a-ec7c-4c3f-a258-fe7f64b15db1" />
    <UnitTestResult executionId="eef937bc-f35f-4fc6-b2f6-a941c5197fa5" testId="e5e67071-2ffc-4e3e-8dc9-e0726bb334b8" testName="Test8168" computerName="UA-LPT-OGA2" duration="00:00:01.9090000" startTime="2025-05-14T13:20:31.3146610Z" endTime="2025-05-14T13:25:31.3147553Z" testType="13cdc9d9-ddb5-4fa4-a97d-d965ccfc6d4b" outcome="Passed" testListId="ad33ad6a-ec7c-4c3f-a258-fe7f64b15db1" />
    <UnitTestResult executionId="51cd157f-9f42-4ab9-9a5c-e4387af68fd4" testId="0900cc1b-2dd0-48c5-ac08-ffeeda9993e2" testName="Test8169" computerName="UA-LPT-OGA2" duration="00:00:01.0190000" startTime="2025-05-14T13:20:31.3146610Z" endTime="2025-05-14T13:25:31.3147553Z" testType="13cdc9d9-ddb5-4fa4-a97d-d965ccfc6d4b" outcome="Passed" testListId="ad33ad6a-ec7c-4c3f-a258-fe7f64b15db1" />
    <UnitTestResult executionId="2a0bb643-8311-4982-834f-ec3a13488b42" testId="1209db23-858d-4e3f-b1a1-d1e6774d48df" testName="Test8170" computerName="UA-LPT-OGA2" duration="00:00:00.0960000" startTime="2025-05-14T13:20:31.3146610Z" endTime="2025-05-14T13:25:31.3147553Z" testType="13cdc9d9-ddb5-4fa4-a97d-d965ccfc6d4b" outcome="Passed" testListId="ad33ad6a-ec7c-4c3f-a258-fe7f64b15db1" />
    <UnitTestResult executionId="c78b6ad9-55bb-468e-b7a5-f62b277565e8" testId="e18905ff-b1ee-4c29-a169-657fa30d4ce1" testName="Test8171" computerName="UA-LPT-OGA2" duration="00:00:00.3390000" startTime="2025-05-14T13:20:31.3146610Z" endTime="2025-05-14T13:25:31.3147553Z" testType="13cdc9d9-ddb5-4fa4-a97d-d965ccfc6d4b" outcome="Passed" testListId="ad33ad6a-ec7c-4c3f-a258-fe7f64b15db1" />
    <UnitTestResult executionId="ce67d5d4-a715-4ce4-983b-a59ad6db42fa" testId="a5951b0e-9bbb-4666-bf20-bc24c611ca80" testName="Test8172" computerName="UA-LPT-OGA2" duration="00:00:00.4190000" startTime="2025-05-14T13:20:31.3146610Z" endTime="2025-05-14T13:25:31.3147553Z" testType="13cdc9d9-ddb5-4fa4-a97d-d965ccfc6d4b" outcome="Passed" testListId="ad33ad6a-ec7c-4c3f-a258-fe7f64b15db1" />
    <UnitTestResult executionId="e8bc761c-7860-428b-99c8-42611fe95108" testId="1e8a65ae-c3d3-4306-91da-203f5b7f0e93" testName="Test8173" computerName="UA-LPT-OGA2" duration="00:00:01.9690000" startTime="2025-05-14T13:20:31.3146610Z" endTime="2025-05-14T13:25:31.3147553Z" testType="13cdc9d9-ddb5-4fa4-a97d-d965ccfc6d4b" outcome="Passed" testListId="ad33ad6a-ec7c-4c3f-a258-fe7f64b15db1" />
    <UnitTestResult executionId="3719acac-1891-4e7d-bd30-2749a576cafd" testId="c9f5f478-ca9c-4034-ab2c-1823cca8532f" testName="Test8174" computerName="UA-LPT-OGA2" duration="00:00:00.6960000" startTime="2025-05-14T13:20:31.3146610Z" endTime="2025-05-14T13:25:31.3147553Z" testType="13cdc9d9-ddb5-4fa4-a97d-d965ccfc6d4b" outcome="Failed" testListId="ad33ad6a-ec7c-4c3f-a258-fe7f64b15db1">
      <Output>
        <ErrorInfo>
          <Message>Assertion failed: Expected value did not match actual value.</Message>
          <StackTrace>   at TestNamespace.TestClass.Test() in TestClass.cs:line 228</StackTrace>
        </ErrorInfo>
      </Output>
    </UnitTestResult>
    <UnitTestResult executionId="c66651bd-68ce-4bf3-bd0f-d6be8e30a0bd" testId="6074fdfc-0b01-4319-be97-a8b5c43b8532" testName="Test8175" computerName="UA-LPT-OGA2" duration="00:00:01.7790000" startTime="2025-05-14T13:20:31.3146610Z" endTime="2025-05-14T13:25:31.3147553Z" testType="13cdc9d9-ddb5-4fa4-a97d-d965ccfc6d4b" outcome="Passed" testListId="ad33ad6a-ec7c-4c3f-a258-fe7f64b15db1" />
    <UnitTestResult executionId="9cca0ba4-f8f6-44c5-81ce-45bab3a46095" testId="d6060591-376a-4fb5-9f4e-69908b451f14" testName="Test8176" computerName="UA-LPT-OGA2" duration="00:00:00.3940000" startTime="2025-05-14T13:20:31.3146610Z" endTime="2025-05-14T13:25:31.3147553Z" testType="13cdc9d9-ddb5-4fa4-a97d-d965ccfc6d4b" outcome="Passed" testListId="ad33ad6a-ec7c-4c3f-a258-fe7f64b15db1" />
    <UnitTestResult executionId="4585b88d-4f30-42e5-b581-381888bd3fa6" testId="be43a4c0-76e5-4e92-9b27-d078ffb40ee0" testName="Test8177" computerName="UA-LPT-OGA2" duration="00:00:00.1610000" startTime="2025-05-14T13:20:31.3146610Z" endTime="2025-05-14T13:25:31.3147553Z" testType="13cdc9d9-ddb5-4fa4-a97d-d965ccfc6d4b" outcome="Passed" testListId="ad33ad6a-ec7c-4c3f-a258-fe7f64b15db1" />
    <UnitTestResult executionId="36baf85f-948b-41e5-889f-ffccfb01ecb9" testId="525eb3af-7c4a-440d-bba9-3623d902a86d" testName="Test8178" computerName="UA-LPT-OGA2" duration="00:00:01.4790000" startTime="2025-05-14T13:20:31.3146610Z" endTime="2025-05-14T13:25:31.3147553Z" testType="13cdc9d9-ddb5-4fa4-a97d-d965ccfc6d4b" outcome="Passed" testListId="ad33ad6a-ec7c-4c3f-a258-fe7f64b15db1" />
    <UnitTestResult executionId="ad985f4d-543d-4a9e-bfed-6a1c154be819" testId="467e4c2f-aabc-4106-a723-005fe4237dd3" testName="Test8179" computerName="UA-LPT-OGA2" duration="00:00:00.9970000" startTime="2025-05-14T13:20:31.3146610Z" endTime="2025-05-14T13:25:31.3147553Z" testType="13cdc9d9-ddb5-4fa4-a97d-d965ccfc6d4b" outcome="Passed" testListId="ad33ad6a-ec7c-4c3f-a258-fe7f64b15db1" />
    <UnitTestResult executionId="3657b084-7545-4a51-be45-8e44cfae05e7" testId="813c2f38-6c7d-4097-b238-f0766034b12e" testName="Test8180" computerName="UA-LPT-OGA2" duration="00:00:01.3980000" startTime="2025-05-14T13:20:31.3146610Z" endTime="2025-05-14T13:25:31.3147553Z" testType="13cdc9d9-ddb5-4fa4-a97d-d965ccfc6d4b" outcome="Passed" testListId="ad33ad6a-ec7c-4c3f-a258-fe7f64b15db1" />
    <UnitTestResult executionId="85dc434f-e6d0-4637-94c5-1d974b208f78" testId="8c16ff9e-74df-40aa-99bb-73bdaf82dbba" testName="Test8181" computerName="UA-LPT-OGA2" duration="00:00:00.4160000" startTime="2025-05-14T13:20:31.3146610Z" endTime="2025-05-14T13:25:31.3147553Z" testType="13cdc9d9-ddb5-4fa4-a97d-d965ccfc6d4b" outcome="Passed" testListId="ad33ad6a-ec7c-4c3f-a258-fe7f64b15db1" />
    <UnitTestResult executionId="5abad58c-0307-4989-a904-6350f82f1edd" testId="8b06a9f5-21a9-4ae1-a0fe-8b6361deb31c" testName="Test8182" computerName="UA-LPT-OGA2" duration="00:00:01.3030000" startTime="2025-05-14T13:20:31.3146610Z" endTime="2025-05-14T13:25:31.3147553Z" testType="13cdc9d9-ddb5-4fa4-a97d-d965ccfc6d4b" outcome="Failed" testListId="ad33ad6a-ec7c-4c3f-a258-fe7f64b15db1">
      <Output>
        <ErrorInfo>
          <Message>Assertion failed: Expected value did not match actual value.</Message>
          <StackTrace>   at TestNamespace.TestClass.Test() in TestClass.cs:line 420</StackTrace>
        </ErrorInfo>
      </Output>
    </UnitTestResult>
    <UnitTestResult executionId="db984bc7-c356-4f1b-859c-8cc00dd9b609" testId="3d61e182-d4fe-4e1d-92f5-40620e42c9e8" testName="Test8183" computerName="UA-LPT-OGA2" duration="00:00:00.5080000" startTime="2025-05-14T13:20:31.3146610Z" endTime="2025-05-14T13:25:31.3147553Z" testType="13cdc9d9-ddb5-4fa4-a97d-d965ccfc6d4b" outcome="Passed" testListId="ad33ad6a-ec7c-4c3f-a258-fe7f64b15db1" />
    <UnitTestResult executionId="1b18ef2d-ff65-435d-b587-24a6fc002380" testId="6a6c4591-ab3d-4f80-8754-e30da2de0fb5" testName="Test8184" computerName="UA-LPT-OGA2" duration="00:00:00.3540000" startTime="2025-05-14T13:20:31.3146610Z" endTime="2025-05-14T13:25:31.3147553Z" testType="13cdc9d9-ddb5-4fa4-a97d-d965ccfc6d4b" outcome="Passed" testListId="ad33ad6a-ec7c-4c3f-a258-fe7f64b15db1" />
    <UnitTestResult executionId="4081dc41-72b4-4ee0-9942-87aff3e34f7e" testId="8dc48fc5-3da3-481d-bfbe-d1056d67b197" testName="Test8185" computerName="UA-LPT-OGA2" duration="00:00:00.7750000" startTime="2025-05-14T13:20:31.3146610Z" endTime="2025-05-14T13:25:31.3147553Z" testType="13cdc9d9-ddb5-4fa4-a97d-d965ccfc6d4b" outcome="Failed" testListId="ad33ad6a-ec7c-4c3f-a258-fe7f64b15db1">
      <Output>
        <ErrorInfo>
          <Message>Assertion failed: Expected value did not match actual value.</Message>
          <StackTrace>   at TestNamespace.TestClass.Test() in TestClass.cs:line 401</StackTrace>
        </ErrorInfo>
      </Output>
    </UnitTestResult>
    <UnitTestResult executionId="fe8e934c-9109-4cfd-add2-680f0ba1a0b0" testId="5392e852-542f-47ba-8af4-f8138287d1ff" testName="Test8186" computerName="UA-LPT-OGA2" duration="00:00:00.5510000" startTime="2025-05-14T13:20:31.3146610Z" endTime="2025-05-14T13:25:31.3147553Z" testType="13cdc9d9-ddb5-4fa4-a97d-d965ccfc6d4b" outcome="Passed" testListId="ad33ad6a-ec7c-4c3f-a258-fe7f64b15db1" />
    <UnitTestResult executionId="e427939d-22ef-439e-8074-ba9d215af52b" testId="2f80587d-e5c1-429e-98e8-70371b6668a7" testName="Test8187" computerName="UA-LPT-OGA2" duration="00:00:00.3780000" startTime="2025-05-14T13:20:31.3146610Z" endTime="2025-05-14T13:25:31.3147553Z" testType="13cdc9d9-ddb5-4fa4-a97d-d965ccfc6d4b" outcome="Passed" testListId="ad33ad6a-ec7c-4c3f-a258-fe7f64b15db1" />
    <UnitTestResult executionId="32872289-a627-4fd5-b417-031f106b1fe8" testId="140dadb3-f0b7-4cb2-b0df-26f51c14b820" testName="Test8188" computerName="UA-LPT-OGA2" duration="00:00:01.2530000" startTime="2025-05-14T13:20:31.3146610Z" endTime="2025-05-14T13:25:31.3147553Z" testType="13cdc9d9-ddb5-4fa4-a97d-d965ccfc6d4b" outcome="Passed" testListId="ad33ad6a-ec7c-4c3f-a258-fe7f64b15db1" />
    <UnitTestResult executionId="56651ca7-6624-40e5-84bd-597a98b4d404" testId="2179d4da-07c7-4705-a36d-5a031fc4e530" testName="Test8189" computerName="UA-LPT-OGA2" duration="00:00:01.6750000" startTime="2025-05-14T13:20:31.3146610Z" endTime="2025-05-14T13:25:31.3147553Z" testType="13cdc9d9-ddb5-4fa4-a97d-d965ccfc6d4b" outcome="Passed" testListId="ad33ad6a-ec7c-4c3f-a258-fe7f64b15db1" />
    <UnitTestResult executionId="145081b3-bd66-42f9-a3b4-e10d5f4698a3" testId="33da6ac2-43df-4ac4-bd2a-3a91a20466a7" testName="Test8190" computerName="UA-LPT-OGA2" duration="00:00:00.1860000" startTime="2025-05-14T13:20:31.3146610Z" endTime="2025-05-14T13:25:31.3147553Z" testType="13cdc9d9-ddb5-4fa4-a97d-d965ccfc6d4b" outcome="Passed" testListId="ad33ad6a-ec7c-4c3f-a258-fe7f64b15db1" />
    <UnitTestResult executionId="a57f6335-c9ae-43a1-ac03-0b765b4a7947" testId="1ad871b5-29ae-4fbd-96a6-ed65e7efb607" testName="Test8191" computerName="UA-LPT-OGA2" duration="00:00:00.0670000" startTime="2025-05-14T13:20:31.3146610Z" endTime="2025-05-14T13:25:31.3147553Z" testType="13cdc9d9-ddb5-4fa4-a97d-d965ccfc6d4b" outcome="Failed" testListId="ad33ad6a-ec7c-4c3f-a258-fe7f64b15db1">
      <Output>
        <ErrorInfo>
          <Message>Assertion failed: Expected value did not match actual value.</Message>
          <StackTrace>   at TestNamespace.TestClass.Test() in TestClass.cs:line 483</StackTrace>
        </ErrorInfo>
      </Output>
    </UnitTestResult>
    <UnitTestResult executionId="12b90842-acad-49eb-ae9b-13e0b910b12e" testId="47ab0823-4f97-421f-ab9c-374d2e6504cb" testName="Test8192" computerName="UA-LPT-OGA2" duration="00:00:01.0470000" startTime="2025-05-14T13:20:31.3146610Z" endTime="2025-05-14T13:25:31.3147553Z" testType="13cdc9d9-ddb5-4fa4-a97d-d965ccfc6d4b" outcome="Passed" testListId="ad33ad6a-ec7c-4c3f-a258-fe7f64b15db1" />
    <UnitTestResult executionId="60a4e7f7-cf86-4f2e-bbee-5b604d06725c" testId="69a3a2f9-7d38-42d3-8b10-77b3794b4d4d" testName="Test8193" computerName="UA-LPT-OGA2" duration="00:00:01.0010000" startTime="2025-05-14T13:20:31.3146610Z" endTime="2025-05-14T13:25:31.3147553Z" testType="13cdc9d9-ddb5-4fa4-a97d-d965ccfc6d4b" outcome="Passed" testListId="ad33ad6a-ec7c-4c3f-a258-fe7f64b15db1" />
    <UnitTestResult executionId="18b76589-a3aa-4542-8500-7a0b5a858a03" testId="2924fbd0-be30-4d89-a3d1-553f51d8a386" testName="Test8194" computerName="UA-LPT-OGA2" duration="00:00:00.4120000" startTime="2025-05-14T13:20:31.3146610Z" endTime="2025-05-14T13:25:31.3147553Z" testType="13cdc9d9-ddb5-4fa4-a97d-d965ccfc6d4b" outcome="Passed" testListId="ad33ad6a-ec7c-4c3f-a258-fe7f64b15db1" />
    <UnitTestResult executionId="5d6f8d8a-6211-4d5d-95b3-3d8f59178dc7" testId="2ea7ad75-4802-4d72-a011-ee9d269adc8c" testName="Test8195" computerName="UA-LPT-OGA2" duration="00:00:00.7530000" startTime="2025-05-14T13:20:31.3146610Z" endTime="2025-05-14T13:25:31.3147553Z" testType="13cdc9d9-ddb5-4fa4-a97d-d965ccfc6d4b" outcome="Passed" testListId="ad33ad6a-ec7c-4c3f-a258-fe7f64b15db1" />
    <UnitTestResult executionId="36d9f88f-efeb-481c-8f00-b9cb93daacd2" testId="63ae1c20-18ba-469f-8c27-ffb113165c07" testName="Test8196" computerName="UA-LPT-OGA2" duration="00:00:01.1790000" startTime="2025-05-14T13:20:31.3146610Z" endTime="2025-05-14T13:25:31.3147553Z" testType="13cdc9d9-ddb5-4fa4-a97d-d965ccfc6d4b" outcome="Passed" testListId="ad33ad6a-ec7c-4c3f-a258-fe7f64b15db1" />
    <UnitTestResult executionId="697efdd3-dbb7-4946-9b3a-fb609a4d8c3f" testId="23a81585-8ba5-4150-8985-4dd6d33df260" testName="Test8197" computerName="UA-LPT-OGA2" duration="00:00:01.3500000" startTime="2025-05-14T13:20:31.3146610Z" endTime="2025-05-14T13:25:31.3147553Z" testType="13cdc9d9-ddb5-4fa4-a97d-d965ccfc6d4b" outcome="Passed" testListId="ad33ad6a-ec7c-4c3f-a258-fe7f64b15db1" />
    <UnitTestResult executionId="b2b04e49-377d-450c-9ca7-1ce2dc7eb481" testId="fbc96337-5cec-43eb-ad95-8d80e3de285a" testName="Test8198" computerName="UA-LPT-OGA2" duration="00:00:01.0370000" startTime="2025-05-14T13:20:31.3146610Z" endTime="2025-05-14T13:25:31.3147553Z" testType="13cdc9d9-ddb5-4fa4-a97d-d965ccfc6d4b" outcome="Passed" testListId="ad33ad6a-ec7c-4c3f-a258-fe7f64b15db1" />
    <UnitTestResult executionId="73fc2fd8-93fa-4cfb-b727-39eb351631e1" testId="06891076-edc4-42c7-b9fc-01337a06c128" testName="Test8199" computerName="UA-LPT-OGA2" duration="00:00:00.8060000" startTime="2025-05-14T13:20:31.3146610Z" endTime="2025-05-14T13:25:31.3147553Z" testType="13cdc9d9-ddb5-4fa4-a97d-d965ccfc6d4b" outcome="Passed" testListId="ad33ad6a-ec7c-4c3f-a258-fe7f64b15db1" />
    <UnitTestResult executionId="8d496db8-c49d-4ced-ae7e-532778832e45" testId="9e28af54-8981-426e-9a30-853b479b8a73" testName="Test8200" computerName="UA-LPT-OGA2" duration="00:00:00.2480000" startTime="2025-05-14T13:20:31.3146610Z" endTime="2025-05-14T13:25:31.3147553Z" testType="13cdc9d9-ddb5-4fa4-a97d-d965ccfc6d4b" outcome="Passed" testListId="ad33ad6a-ec7c-4c3f-a258-fe7f64b15db1" />
  </Results>
  <TestDefinitions>
    <UnitTest name="Test8101" id="c05bbd03-b520-4c92-a67a-e608bd59431e" storage="TestAssembly.dll">
      <Execution id="713e75d2-ff2a-4f44-a57a-385be931e4d0" />
      <TestMethod codeBase="TestAssembly.dll" className="TestNamespace.TestClass1" name="Test8101" />
    </UnitTest>
    <UnitTest name="Test8102" id="02b15586-399f-4f06-84f0-5e648a13249e" storage="TestAssembly.dll">
      <Execution id="5be0d19d-c674-4b88-a144-16d5665c59c8" />
      <TestMethod codeBase="TestAssembly.dll" className="TestNamespace.TestClass1" name="Test8102" />
    </UnitTest>
    <UnitTest name="Test8103" id="ba2d8d91-5bea-42e7-ac84-f3c53ebfe09a" storage="TestAssembly.dll">
      <Execution id="4dfc1448-3f8d-4dd1-b253-d6cba31140f8" />
      <TestMethod codeBase="TestAssembly.dll" className="TestNamespace.TestClass1" name="Test8103" />
    </UnitTest>
    <UnitTest name="Test8104" id="e69f0c5a-361e-4394-a3dd-576ab75639e1" storage="TestAssembly.dll">
      <Execution id="02b3c100-1b06-4bb3-8212-00b0310f9ae1" />
      <TestMethod codeBase="TestAssembly.dll" className="TestNamespace.TestClass1" name="Test8104" />
    </UnitTest>
    <UnitTest name="Test8105" id="80c3dd5b-7193-405a-b4f2-e9210540c8bf" storage="TestAssembly.dll">
      <Execution id="d2a5f2fc-e8bb-4e6f-8169-074404afc77e" />
      <TestMethod codeBase="TestAssembly.dll" className="TestNamespace.TestClass1" name="Test8105" />
    </UnitTest>
    <UnitTest name="Test8106" id="6b3c13ca-500d-48c2-a107-d58d79b31fbe" storage="TestAssembly.dll">
      <Execution id="39f0c293-88ce-4446-b247-bd0bd96fe087" />
      <TestMethod codeBase="TestAssembly.dll" className="TestNamespace.TestClass1" name="Test8106" />
    </UnitTest>
    <UnitTest name="Test8107" id="1035af11-02ce-4044-a149-0a49b9764636" storage="TestAssembly.dll">
      <Execution id="39107400-4212-4702-9916-7229bd935b54" />
      <TestMethod codeBase="TestAssembly.dll" className="TestNamespace.TestClass1" name="Test8107" />
    </UnitTest>
    <UnitTest name="Test8108" id="2ad9f5f0-ad67-4d78-853e-d56fe39c8e38" storage="TestAssembly.dll">
      <Execution id="4d252754-73f1-4171-9796-ef2571dc952d" />
      <TestMethod codeBase="TestAssembly.dll" className="TestNamespace.TestClass1" name="Test8108" />
    </UnitTest>
    <UnitTest name="Test8109" id="ca84a0b6-cb6c-478c-a2b1-66b1d5911ff3" storage="TestAssembly.dll">
      <Execution id="d98f3846-a80d-42d3-9206-d8506b4a501b" />
      <TestMethod codeBase="TestAssembly.dll" className="TestNamespace.TestClass1" name="Test8109" />
    </UnitTest>
    <UnitTest name="Test8110" id="05d5e860-08ae-4ad9-9b44-c1d85f727e31" storage="TestAssembly.dll">
      <Execution id="db38687b-ede2-4031-9a96-545735e662ad" />
      <TestMethod codeBase="TestAssembly.dll" className="TestNamespace.TestClass1" name="Test8110" />
    </UnitTest>
    <UnitTest name="Test8111" id="a33c9c2c-e89b-4339-95f6-3be8a80237cf" storage="TestAssembly.dll">
      <Execution id="ea99448a-a1e3-492a-b808-8a2c3c867539" />
      <TestMethod codeBase="TestAssembly.dll" className="TestNamespace.TestClass2" name="Test8111" />
    </UnitTest>
    <UnitTest name="Test8112" id="1c61c321-669d-4f33-9118-bb386d1ae09f" storage="TestAssembly.dll">
      <Execution id="474c5b3f-8b79-4433-8500-94b260de8754" />
      <TestMethod codeBase="TestAssembly.dll" className="TestNamespace.TestClass2" name="Test8112" />
    </UnitTest>
    <UnitTest name="Test8113" id="87f85973-7e72-41dd-8cce-2a62e71c284d" storage="TestAssembly.dll">
      <Execution id="1604d091-9e4e-4c9b-be3a-39a7567e7503" />
      <TestMethod codeBase="TestAssembly.dll" className="TestNamespace.TestClass2" name="Test8113" />
    </UnitTest>
    <UnitTest name="Test8114" id="e5bf918b-c364-47e9-ae55-ec1952404f78" storage="TestAssembly.dll">
      <Execution id="c3705c0a-16c9-471c-9c6c-284afcdf1538" />
      <TestMethod codeBase="TestAssembly.dll" className="TestNamespace.TestClass2" name="Test8114" />
    </UnitTest>
    <UnitTest name="Test8115" id="aba36790-a365-44aa-9516-4cb46cae50dc" storage="TestAssembly.dll">
      <Execution id="83f032cf-6605-440c-bffd-8eac681176e4" />
      <TestMethod codeBase="TestAssembly.dll" className="TestNamespace.TestClass2" name="Test8115" />
    </UnitTest>
    <UnitTest name="Test8116" id="b5d4bc39-0c21-4db3-909e-ef843fe4a934" storage="TestAssembly.dll">
      <Execution id="095c6cb5-6513-46f7-8e46-df3b1ff5997f" />
      <TestMethod codeBase="TestAssembly.dll" className="TestNamespace.TestClass2" name="Test8116" />
    </UnitTest>
    <UnitTest name="Test8117" id="d9d20f4c-0643-4826-a04f-0a30783e8709" storage="TestAssembly.dll">
      <Execution id="f3f8715d-8484-4b54-a6dd-f65cf7f22e19" />
      <TestMethod codeBase="TestAssembly.dll" className="TestNamespace.TestClass2" name="Test8117" />
    </UnitTest>
    <UnitTest name="Test8118" id="b72adecf-5a86-4f06-b577-d9e41d298192" storage="TestAssembly.dll">
      <Execution id="84d9263d-c603-4211-8a08-3b9abc8b710d" />
      <TestMethod codeBase="TestAssembly.dll" className="TestNamespace.TestClass2" name="Test8118" />
    </UnitTest>
    <UnitTest name="Test8119" id="622d2d68-8f4c-470f-bd5b-aa0e3eb2440a" storage="TestAssembly.dll">
      <Execution id="cef4f744-90b6-49de-85c5-85ac1d16e16f" />
      <TestMethod codeBase="TestAssembly.dll" className="TestNamespace.TestClass2" name="Test8119" />
    </UnitTest>
    <UnitTest name="Test8120" id="965da734-21f7-4ce3-a41e-159fee26f91d" storage="TestAssembly.dll">
      <Execution id="22417951-07cb-4ad3-99fd-bc442c6dc2d8" />
      <TestMethod codeBase="TestAssembly.dll" className="TestNamespace.TestClass2" name="Test8120" />
    </UnitTest>
    <UnitTest name="Test8121" id="610fc937-3d57-48bb-b933-bf0e3d011893" storage="TestAssembly.dll">
      <Execution id="9e0f2603-16c9-4e8b-a97a-dcd22834cdd1" />
      <TestMethod codeBase="TestAssembly.dll" className="TestNamespace.TestClass3" name="Test8121" />
    </UnitTest>
    <UnitTest name="Test8122" id="fdae8985-8dd2-4a66-8629-8fe80f7155d3" storage="TestAssembly.dll">
      <Execution id="9e3f123b-7224-44d0-991c-9bbd6d3fe57b" />
      <TestMethod codeBase="TestAssembly.dll" className="TestNamespace.TestClass3" name="Test8122" />
    </UnitTest>
    <UnitTest name="Test8123" id="66a1340f-11f5-4363-a8d9-7778ce0f2f6e" storage="TestAssembly.dll">
      <Execution id="8a217bdb-a77c-4b08-89ed-1d42d51ca42d" />
      <TestMethod codeBase="TestAssembly.dll" className="TestNamespace.TestClass3" name="Test8123" />
    </UnitTest>
    <UnitTest name="Test8124" id="6b2760a3-a0b0-4a27-8c92-755693bc3eff" storage="TestAssembly.dll">
      <Execution id="a25c0b4a-8f65-4524-b91c-be2ad36764fb" />
      <TestMethod codeBase="TestAssembly.dll" className="TestNamespace.TestClass3" name="Test8124" />
    </UnitTest>
    <UnitTest name="Test8125" id="93a602c0-c511-48fd-993a-a8ffb53c77fa" storage="TestAssembly.dll">
      <Execution id="1053e5cc-5549-4ea6-9498-17f09fbe03b9" />
      <TestMethod codeBase="TestAssembly.dll" className="TestNamespace.TestClass3" name="Test8125" />
    </UnitTest>
    <UnitTest name="Test8126" id="103ddeff-588a-4349-aaa7-64c121eded6c" storage="TestAssembly.dll">
      <Execution id="38a76aed-c604-4103-a151-59e4d17211d1" />
      <TestMethod codeBase="TestAssembly.dll" className="TestNamespace.TestClass3" name="Test8126" />
    </UnitTest>
    <UnitTest name="Test8127" id="5b5e8110-bb11-466d-9339-150fff978690" storage="TestAssembly.dll">
      <Execution id="883d8792-6060-41ba-85c4-df85228efb8b" />
      <TestMethod codeBase="TestAssembly.dll" className="TestNamespace.TestClass3" name="Test8127" />
    </UnitTest>
    <UnitTest name="Test8128" id="a379d857-78f9-4e54-b987-f96f08e2ac85" storage="TestAssembly.dll">
      <Execution id="a17de927-f04d-4d6e-8ea6-344377027bb4" />
      <TestMethod codeBase="TestAssembly.dll" className="TestNamespace.TestClass3" name="Test8128" />
    </UnitTest>
    <UnitTest name="Test8129" id="dd6fd1e7-4ca2-4200-a207-f1eac356761d" storage="TestAssembly.dll">
      <Execution id="5adc95cf-285d-4512-b3de-13ba1dc7eaef" />
      <TestMethod codeBase="TestAssembly.dll" className="TestNamespace.TestClass3" name="Test8129" />
    </UnitTest>
    <UnitTest name="Test8130" id="eab986fa-7df1-46ff-a135-b244fb5b2d00" storage="TestAssembly.dll">
      <Execution id="3f780f0d-9a6b-4e51-aa04-ed25ee1c4da7" />
      <TestMethod codeBase="TestAssembly.dll" className="TestNamespace.TestClass3" name="Test8130" />
    </UnitTest>
    <UnitTest name="Test8131" id="4c6c727f-ab88-426f-9916-00fed31f2554" storage="TestAssembly.dll">
      <Execution id="1172156d-195e-4344-8be7-f5cc0f5ad94e" />
      <TestMethod codeBase="TestAssembly.dll" className="TestNamespace.TestClass4" name="Test8131" />
    </UnitTest>
    <UnitTest name="Test8132" id="7be76b49-8341-4a3b-9e61-0c85c8a20c4c" storage="TestAssembly.dll">
      <Execution id="be433ba3-5dc7-4367-8ea6-c3761dd49c7d" />
      <TestMethod codeBase="TestAssembly.dll" className="TestNamespace.TestClass4" name="Test8132" />
    </UnitTest>
    <UnitTest name="Test8133" id="c8471c57-db58-4797-ac13-a286f668df50" storage="TestAssembly.dll">
      <Execution id="96b8497b-a0ad-44db-95cd-c0392dd6b49d" />
      <TestMethod codeBase="TestAssembly.dll" className="TestNamespace.TestClass4" name="Test8133" />
    </UnitTest>
    <UnitTest name="Test8134" id="43c6d198-abbe-4b37-bc85-c3bc857fbc1f" storage="TestAssembly.dll">
      <Execution id="c1521faa-7bbe-4be2-a3a6-f0c80e3e4973" />
      <TestMethod codeBase="TestAssembly.dll" className="TestNamespace.TestClass4" name="Test8134" />
    </UnitTest>
    <UnitTest name="Test8135" id="cd9190c4-7ea8-4033-9d06-f467aeb942a7" storage="TestAssembly.dll">
      <Execution id="2cff2852-f9c0-4855-9907-f7bdc5abe74e" />
      <TestMethod codeBase="TestAssembly.dll" className="TestNamespace.TestClass4" name="Test8135" />
    </UnitTest>
    <UnitTest name="Test8136" id="4f027157-664b-4cae-a38a-b6d343a7d8d7" storage="TestAssembly.dll">
      <Execution id="510c1a87-d414-4934-84db-0133b4bb8106" />
      <TestMethod codeBase="TestAssembly.dll" className="TestNamespace.TestClass4" name="Test8136" />
    </UnitTest>
    <UnitTest name="Test8137" id="21ecbf94-b4c6-4cb2-8baa-ee0e48289f4f" storage="TestAssembly.dll">
      <Execution id="b7e1a6de-1431-423d-9dc8-d443ab2b359c" />
      <TestMethod codeBase="TestAssembly.dll" className="TestNamespace.TestClass4" name="Test8137" />
    </UnitTest>
    <UnitTest name="Test8138" id="a9820dc7-a324-423f-acb6-a03208936e61" storage="TestAssembly.dll">
      <Execution id="416524ad-be51-4189-beac-8a511fecf7d7" />
      <TestMethod codeBase="TestAssembly.dll" className="TestNamespace.TestClass4" name="Test8138" />
    </UnitTest>
    <UnitTest name="Test8139" id="b0e08d92-215f-4ca0-a000-3c649c0f1361" storage="TestAssembly.dll">
      <Execution id="1253f429-f351-4790-a82a-d43c060585e1" />
      <TestMethod codeBase="TestAssembly.dll" className="TestNamespace.TestClass4" name="Test8139" />
    </UnitTest>
    <UnitTest name="Test8140" id="5bab324b-0623-43fe-97d0-8ece08c40f8d" storage="TestAssembly.dll">
      <Execution id="c320df90-6a54-4a9d-bf36-ce8666e047fe" />
      <TestMethod codeBase="TestAssembly.dll" className="TestNamespace.TestClass4" name="Test8140" />
    </UnitTest>
    <UnitTest name="Test8141" id="6a6b3847-2f35-4e95-a561-8fcf65aebdd7" storage="TestAssembly.dll">
      <Execution id="a073a203-3352-4ce4-a590-1049ca7850a5" />
      <TestMethod codeBase="TestAssembly.dll" className="TestNamespace.TestClass5" name="Test8141" />
    </UnitTest>
    <UnitTest name="Test8142" id="a3c247d6-ed83-4d39-a29e-6028cc1e99e3" storage="TestAssembly.dll">
      <Execution id="b64be9c0-f763-483b-9155-11ec8d3f3fbb" />
      <TestMethod codeBase="TestAssembly.dll" className="TestNamespace.TestClass5" name="Test8142" />
    </UnitTest>
    <UnitTest name="Test8143" id="d0f9650e-1fe8-4745-9d1c-47369c1e4444" storage="TestAssembly.dll">
      <Execution id="7f406d00-f010-4775-9c16-c579e9d58e2d" />
      <TestMethod codeBase="TestAssembly.dll" className="TestNamespace.TestClass5" name="Test8143" />
    </UnitTest>
    <UnitTest name="Test8144" id="9c0b80b9-7a45-4004-895a-1a8428d8af65" storage="TestAssembly.dll">
      <Execution id="25f2e085-4f0e-4680-a829-845db857c6a1" />
      <TestMethod codeBase="TestAssembly.dll" className="TestNamespace.TestClass5" name="Test8144" />
    </UnitTest>
    <UnitTest name="Test8145" id="8c3d3d43-b918-4011-835a-c756930da0da" storage="TestAssembly.dll">
      <Execution id="6e761039-63b6-4ab1-bbfb-0586a860b5c4" />
      <TestMethod codeBase="TestAssembly.dll" className="TestNamespace.TestClass5" name="Test8145" />
    </UnitTest>
    <UnitTest name="Test8146" id="2daed50c-e65b-4917-b5b9-99e0dc9b99e4" storage="TestAssembly.dll">
      <Execution id="dc780316-a53c-4adc-8b4a-aab873885595" />
      <TestMethod codeBase="TestAssembly.dll" className="TestNamespace.TestClass5" name="Test8146" />
    </UnitTest>
    <UnitTest name="Test8147" id="19bb22c7-a6df-4bc2-9e61-ce3d5265a747" storage="TestAssembly.dll">
      <Execution id="0348131e-1027-4042-875d-c8a4689f9adc" />
      <TestMethod codeBase="TestAssembly.dll" className="TestNamespace.TestClass5" name="Test8147" />
    </UnitTest>
    <UnitTest name="Test8148" id="d20d5d9f-8dfc-4b4b-a264-93acd5decce2" storage="TestAssembly.dll">
      <Execution id="a0ed0329-3d30-4b13-bdc0-c1c67fe4edc3" />
      <TestMethod codeBase="TestAssembly.dll" className="TestNamespace.TestClass5" name="Test8148" />
    </UnitTest>
    <UnitTest name="Test8149" id="0c7b1620-59fd-4c5b-aadb-ec2ad14976a0" storage="TestAssembly.dll">
      <Execution id="57d1399d-64a3-4eed-b7ef-66b496bfb871" />
      <TestMethod codeBase="TestAssembly.dll" className="TestNamespace.TestClass5" name="Test8149" />
    </UnitTest>
    <UnitTest name="Test8150" id="aa0eb861-71ae-473e-84f0-86eef2c33b87" storage="TestAssembly.dll">
      <Execution id="f318eedb-9379-4d8c-a9d9-fd271426c43d" />
      <TestMethod codeBase="TestAssembly.dll" className="TestNamespace.TestClass5" name="Test8150" />
    </UnitTest>
    <UnitTest name="Test8151" id="7ddc0736-6340-45c9-9fa2-1cbdcb13083f" storage="TestAssembly.dll">
      <Execution id="28b4845c-cfc2-4b59-85c0-da9df3060cdd" />
      <TestMethod codeBase="TestAssembly.dll" className="TestNamespace.TestClass6" name="Test8151" />
    </UnitTest>
    <UnitTest name="Test8152" id="5bb7b694-5cf1-4020-a8a7-e8bfb3a2cfec" storage="TestAssembly.dll">
      <Execution id="c44c46d1-a6b2-4f25-b928-ea490b18ebdd" />
      <TestMethod codeBase="TestAssembly.dll" className="TestNamespace.TestClass6" name="Test8152" />
    </UnitTest>
    <UnitTest name="Test8153" id="dfd3fec7-1236-47c1-b18e-0c1b80447dd5" storage="TestAssembly.dll">
      <Execution id="304f9350-4aee-4ff6-944d-2ebc6d4af337" />
      <TestMethod codeBase="TestAssembly.dll" className="TestNamespace.TestClass6" name="Test8153" />
    </UnitTest>
    <UnitTest name="Test8154" id="b62794ee-80f8-4701-82a2-60ad3af3c1fa" storage="TestAssembly.dll">
      <Execution id="e3baf5aa-3995-47fe-8257-a4cc66b89f08" />
      <TestMethod codeBase="TestAssembly.dll" className="TestNamespace.TestClass6" name="Test8154" />
    </UnitTest>
    <UnitTest name="Test8155" id="38b27079-31d6-4578-968d-a51cb9f2fb86" storage="TestAssembly.dll">
      <Execution id="cc5b4772-beca-4941-b7b5-750674c2dc5e" />
      <TestMethod codeBase="TestAssembly.dll" className="TestNamespace.TestClass6" name="Test8155" />
    </UnitTest>
    <UnitTest name="Test8156" id="c8308464-8d3d-4ed1-9c83-374a7136b2c3" storage="TestAssembly.dll">
      <Execution id="62c8eb9d-b79f-4790-b56b-9222b8083a48" />
      <TestMethod codeBase="TestAssembly.dll" className="TestNamespace.TestClass6" name="Test8156" />
    </UnitTest>
    <UnitTest name="Test8157" id="7b7bc7e0-5fa8-499f-bf09-ccc4059f480e" storage="TestAssembly.dll">
      <Execution id="f7e51cd8-c16c-4ffa-8a55-b1bd47534766" />
      <TestMethod codeBase="TestAssembly.dll" className="TestNamespace.TestClass6" name="Test8157" />
    </UnitTest>
    <UnitTest name="Test8158" id="d2c19b44-4722-46e2-95ed-b65ae6ebdadb" storage="TestAssembly.dll">
      <Execution id="2c909ea9-ceaa-4909-bf6a-956036fd2a21" />
      <TestMethod codeBase="TestAssembly.dll" className="TestNamespace.TestClass6" name="Test8158" />
    </UnitTest>
    <UnitTest name="Test8159" id="ec1c3fdb-8a3b-45c4-b0b2-ddb8c2ac28f5" storage="TestAssembly.dll">
      <Execution id="9757cc6a-8212-4bf4-b5c6-d22b8de10a24" />
      <TestMethod codeBase="TestAssembly.dll" className="TestNamespace.TestClass6" name="Test8159" />
    </UnitTest>
    <UnitTest name="Test8160" id="6ae8b06f-caf8-44a0-809b-768efefce4ed" storage="TestAssembly.dll">
      <Execution id="12617610-8252-4850-a3b0-df88ac6dac1b" />
      <TestMethod codeBase="TestAssembly.dll" className="TestNamespace.TestClass6" name="Test8160" />
    </UnitTest>
    <UnitTest name="Test8161" id="59a5444a-c4c6-4abc-a9be-d8db0b927f16" storage="TestAssembly.dll">
      <Execution id="f8bd95ed-4c3a-4e1d-862d-2dac987bc861" />
      <TestMethod codeBase="TestAssembly.dll" className="TestNamespace.TestClass7" name="Test8161" />
    </UnitTest>
    <UnitTest name="Test8162" id="b060e4d8-e607-4601-9839-3e2be53ca294" storage="TestAssembly.dll">
      <Execution id="906c1b35-24e5-44bf-be8f-3c5975769cf5" />
      <TestMethod codeBase="TestAssembly.dll" className="TestNamespace.TestClass7" name="Test8162" />
    </UnitTest>
    <UnitTest name="Test8163" id="7982d232-4ddd-4f33-8950-910883541d4a" storage="TestAssembly.dll">
      <Execution id="628f3988-09ae-4631-b01c-53bda9a6f887" />
      <TestMethod codeBase="TestAssembly.dll" className="TestNamespace.TestClass7" name="Test8163" />
    </UnitTest>
    <UnitTest name="Test8164" id="f247c1fe-e870-4282-8729-51333d9b64b8" storage="TestAssembly.dll">
      <Execution id="9dd28219-3636-43d8-9d0f-864dc8b9b919" />
      <TestMethod codeBase="TestAssembly.dll" className="TestNamespace.TestClass7" name="Test8164" />
    </UnitTest>
    <UnitTest name="Test8165" id="b4599548-2a09-4600-a9e5-cdac4c0ce327" storage="TestAssembly.dll">
      <Execution id="6f139cfa-fa15-42b2-931f-108cf4ceb1bf" />
      <TestMethod codeBase="TestAssembly.dll" className="TestNamespace.TestClass7" name="Test8165" />
    </UnitTest>
    <UnitTest name="Test8166" id="b986ceb3-7764-416b-b17d-4c916862a28a" storage="TestAssembly.dll">
      <Execution id="d47f3f17-8243-44a5-b0f2-6f52665301ef" />
      <TestMethod codeBase="TestAssembly.dll" className="TestNamespace.TestClass7" name="Test8166" />
    </UnitTest>
    <UnitTest name="Test8167" id="9deb2836-4433-4964-aee3-a5b8cbc0343a" storage="TestAssembly.dll">
      <Execution id="0ad9d30c-37b1-4122-9954-d5aa5c5bd374" />
      <TestMethod codeBase="TestAssembly.dll" className="TestNamespace.TestClass7" name="Test8167" />
    </UnitTest>
    <UnitTest name="Test8168" id="e5e67071-2ffc-4e3e-8dc9-e0726bb334b8" storage="TestAssembly.dll">
      <Execution id="eef937bc-f35f-4fc6-b2f6-a941c5197fa5" />
      <TestMethod codeBase="TestAssembly.dll" className="TestNamespace.TestClass7" name="Test8168" />
    </UnitTest>
    <UnitTest name="Test8169" id="0900cc1b-2dd0-48c5-ac08-ffeeda9993e2" storage="TestAssembly.dll">
      <Execution id="51cd157f-9f42-4ab9-9a5c-e4387af68fd4" />
      <TestMethod codeBase="TestAssembly.dll" className="TestNamespace.TestClass7" name="Test8169" />
    </UnitTest>
    <UnitTest name="Test8170" id="1209db23-858d-4e3f-b1a1-d1e6774d48df" storage="TestAssembly.dll">
      <Execution id="2a0bb643-8311-4982-834f-ec3a13488b42" />
      <TestMethod codeBase="TestAssembly.dll" className="TestNamespace.TestClass7" name="Test8170" />
    </UnitTest>
    <UnitTest name="Test8171" id="e18905ff-b1ee-4c29-a169-657fa30d4ce1" storage="TestAssembly.dll">
      <Execution id="c78b6ad9-55bb-468e-b7a5-f62b277565e8" />
      <TestMethod codeBase="TestAssembly.dll" className="TestNamespace.TestClass8" name="Test8171" />
    </UnitTest>
    <UnitTest name="Test8172" id="a5951b0e-9bbb-4666-bf20-bc24c611ca80" storage="TestAssembly.dll">
      <Execution id="ce67d5d4-a715-4ce4-983b-a59ad6db42fa" />
      <TestMethod codeBase="TestAssembly.dll" className="TestNamespace.TestClass8" name="Test8172" />
    </UnitTest>
    <UnitTest name="Test8173" id="1e8a65ae-c3d3-4306-91da-203f5b7f0e93" storage="TestAssembly.dll">
      <Execution id="e8bc761c-7860-428b-99c8-42611fe95108" />
      <TestMethod codeBase="TestAssembly.dll" className="TestNamespace.TestClass8" name="Test8173" />
    </UnitTest>
    <UnitTest name="Test8174" id="c9f5f478-ca9c-4034-ab2c-1823cca8532f" storage="TestAssembly.dll">
      <Execution id="3719acac-1891-4e7d-bd30-2749a576cafd" />
      <TestMethod codeBase="TestAssembly.dll" className="TestNamespace.TestClass8" name="Test8174" />
    </UnitTest>
    <UnitTest name="Test8175" id="6074fdfc-0b01-4319-be97-a8b5c43b8532" storage="TestAssembly.dll">
      <Execution id="c66651bd-68ce-4bf3-bd0f-d6be8e30a0bd" />
      <TestMethod codeBase="TestAssembly.dll" className="TestNamespace.TestClass8" name="Test8175" />
    </UnitTest>
    <UnitTest name="Test8176" id="d6060591-376a-4fb5-9f4e-69908b451f14" storage="TestAssembly.dll">
      <Execution id="9cca0ba4-f8f6-44c5-81ce-45bab3a46095" />
      <TestMethod codeBase="TestAssembly.dll" className="TestNamespace.TestClass8" name="Test8176" />
    </UnitTest>
    <UnitTest name="Test8177" id="be43a4c0-76e5-4e92-9b27-d078ffb40ee0" storage="TestAssembly.dll">
      <Execution id="4585b88d-4f30-42e5-b581-381888bd3fa6" />
      <TestMethod codeBase="TestAssembly.dll" className="TestNamespace.TestClass8" name="Test8177" />
    </UnitTest>
    <UnitTest name="Test8178" id="525eb3af-7c4a-440d-bba9-3623d902a86d" storage="TestAssembly.dll">
      <Execution id="36baf85f-948b-41e5-889f-ffccfb01ecb9" />
      <TestMethod codeBase="TestAssembly.dll" className="TestNamespace.TestClass8" name="Test8178" />
    </UnitTest>
    <UnitTest name="Test8179" id="467e4c2f-aabc-4106-a723-005fe4237dd3" storage="TestAssembly.dll">
      <Execution id="ad985f4d-543d-4a9e-bfed-6a1c154be819" />
      <TestMethod codeBase="TestAssembly.dll" className="TestNamespace.TestClass8" name="Test8179" />
    </UnitTest>
    <UnitTest name="Test8180" id="813c2f38-6c7d-4097-b238-f0766034b12e" storage="TestAssembly.dll">
      <Execution id="3657b084-7545-4a51-be45-8e44cfae05e7" />
      <TestMethod codeBase="TestAssembly.dll" className="TestNamespace.TestClass8" name="Test8180" />
    </UnitTest>
    <UnitTest name="Test8181" id="8c16ff9e-74df-40aa-99bb-73bdaf82dbba" storage="TestAssembly.dll">
      <Execution id="85dc434f-e6d0-4637-94c5-1d974b208f78" />
      <TestMethod codeBase="TestAssembly.dll" className="TestNamespace.TestClass9" name="Test8181" />
    </UnitTest>
    <UnitTest name="Test8182" id="8b06a9f5-21a9-4ae1-a0fe-8b6361deb31c" storage="TestAssembly.dll">
      <Execution id="5abad58c-0307-4989-a904-6350f82f1edd" />
      <TestMethod codeBase="TestAssembly.dll" className="TestNamespace.TestClass9" name="Test8182" />
    </UnitTest>
    <UnitTest name="Test8183" id="3d61e182-d4fe-4e1d-92f5-40620e42c9e8" storage="TestAssembly.dll">
      <Execution id="db984bc7-c356-4f1b-859c-8cc00dd9b609" />
      <TestMethod codeBase="TestAssembly.dll" className="TestNamespace.TestClass9" name="Test8183" />
    </UnitTest>
    <UnitTest name="Test8184" id="6a6c4591-ab3d-4f80-8754-e30da2de0fb5" storage="TestAssembly.dll">
      <Execution id="1b18ef2d-ff65-435d-b587-24a6fc002380" />
      <TestMethod codeBase="TestAssembly.dll" className="TestNamespace.TestClass9" name="Test8184" />
    </UnitTest>
    <UnitTest name="Test8185" id="8dc48fc5-3da3-481d-bfbe-d1056d67b197" storage="TestAssembly.dll">
      <Execution id="4081dc41-72b4-4ee0-9942-87aff3e34f7e" />
      <TestMethod codeBase="TestAssembly.dll" className="TestNamespace.TestClass9" name="Test8185" />
    </UnitTest>
    <UnitTest name="Test8186" id="5392e852-542f-47ba-8af4-f8138287d1ff" storage="TestAssembly.dll">
      <Execution id="fe8e934c-9109-4cfd-add2-680f0ba1a0b0" />
      <TestMethod codeBase="TestAssembly.dll" className="TestNamespace.TestClass9" name="Test8186" />
    </UnitTest>
    <UnitTest name="Test8187" id="2f80587d-e5c1-429e-98e8-70371b6668a7" storage="TestAssembly.dll">
      <Execution id="e427939d-22ef-439e-8074-ba9d215af52b" />
      <TestMethod codeBase="TestAssembly.dll" className="TestNamespace.TestClass9" name="Test8187" />
    </UnitTest>
    <UnitTest name="Test8188" id="140dadb3-f0b7-4cb2-b0df-26f51c14b820" storage="TestAssembly.dll">
      <Execution id="32872289-a627-4fd5-b417-031f106b1fe8" />
      <TestMethod codeBase="TestAssembly.dll" className="TestNamespace.TestClass9" name="Test8188" />
    </UnitTest>
    <UnitTest name="Test8189" id="2179d4da-07c7-4705-a36d-5a031fc4e530" storage="TestAssembly.dll">
      <Execution id="56651ca7-6624-40e5-84bd-597a98b4d404" />
      <TestMethod codeBase="TestAssembly.dll" className="TestNamespace.TestClass9" name="Test8189" />
    </UnitTest>
    <UnitTest name="Test8190" id="33da6ac2-43df-4ac4-bd2a-3a91a20466a7" storage="TestAssembly.dll">
      <Execution id="145081b3-bd66-42f9-a3b4-e10d5f4698a3" />
      <TestMethod codeBase="TestAssembly.dll" className="TestNamespace.TestClass9" name="Test8190" />
    </UnitTest>
    <UnitTest name="Test8191" id="1ad871b5-29ae-4fbd-96a6-ed65e7efb607" storage="TestAssembly.dll">
      <Execution id="a57f6335-c9ae-43a1-ac03-0b765b4a7947" />
      <TestMethod codeBase="TestAssembly.dll" className="TestNamespace.TestClass10" name="Test8191" />
    </UnitTest>
    <UnitTest name="Test8192" id="47ab0823-4f97-421f-ab9c-374d2e6504cb" storage="TestAssembly.dll">
      <Execution id="12b90842-acad-49eb-ae9b-13e0b910b12e" />
      <TestMethod codeBase="TestAssembly.dll" className="TestNamespace.TestClass10" name="Test8192" />
    </UnitTest>
    <UnitTest name="Test8193" id="69a3a2f9-7d38-42d3-8b10-77b3794b4d4d" storage="TestAssembly.dll">
      <Execution id="60a4e7f7-cf86-4f2e-bbee-5b604d06725c" />
      <TestMethod codeBase="TestAssembly.dll" className="TestNamespace.TestClass10" name="Test8193" />
    </UnitTest>
    <UnitTest name="Test8194" id="2924fbd0-be30-4d89-a3d1-553f51d8a386" storage="TestAssembly.dll">
      <Execution id="18b76589-a3aa-4542-8500-7a0b5a858a03" />
      <TestMethod codeBase="TestAssembly.dll" className="TestNamespace.TestClass10" name="Test8194" />
    </UnitTest>
    <UnitTest name="Test8195" id="2ea7ad75-4802-4d72-a011-ee9d269adc8c" storage="TestAssembly.dll">
      <Execution id="5d6f8d8a-6211-4d5d-95b3-3d8f59178dc7" />
      <TestMethod codeBase="TestAssembly.dll" className="TestNamespace.TestClass10" name="Test8195" />
    </UnitTest>
    <UnitTest name="Test8196" id="63ae1c20-18ba-469f-8c27-ffb113165c07" storage="TestAssembly.dll">
      <Execution id="36d9f88f-efeb-481c-8f00-b9cb93daacd2" />
      <TestMethod codeBase="TestAssembly.dll" className="TestNamespace.TestClass10" name="Test8196" />
    </UnitTest>
    <UnitTest name="Test8197" id="23a81585-8ba5-4150-8985-4dd6d33df260" storage="TestAssembly.dll">
      <Execution id="697efdd3-dbb7-4946-9b3a-fb609a4d8c3f" />
      <TestMethod codeBase="TestAssembly.dll" className="TestNamespace.TestClass10" name="Test8197" />
    </UnitTest>
    <UnitTest name="Test8198" id="fbc96337-5cec-43eb-ad95-8d80e3de285a" storage="TestAssembly.dll">
      <Execution id="b2b04e49-377d-450c-9ca7-1ce2dc7eb481" />
      <TestMethod codeBase="TestAssembly.dll" className="TestNamespace.TestClass10" name="Test8198" />
    </UnitTest>
    <UnitTest name="Test8199" id="06891076-edc4-42c7-b9fc-01337a06c128" storage="TestAssembly.dll">
      <Execution id="73fc2fd8-93fa-4cfb-b727-39eb351631e1" />
      <TestMethod codeBase="TestAssembly.dll" className="TestNamespace.TestClass10" name="Test8199" />
    </UnitTest>
    <UnitTest name="Test8200" id="9e28af54-8981-426e-9a30-853b479b8a73" storage="TestAssembly.dll">
      <Execution id="8d496db8-c49d-4ced-ae7e-532778832e45" />
      <TestMethod codeBase="TestAssembly.dll" className="TestNamespace.TestClass10" name="Test8200" />
    </UnitTest>
  </TestDefinitions>
  <TestEntries>
    <TestEntry testId="c05bbd03-b520-4c92-a67a-e608bd59431e" executionId="713e75d2-ff2a-4f44-a57a-385be931e4d0" testListId="ad33ad6a-ec7c-4c3f-a258-fe7f64b15db1" />
    <TestEntry testId="02b15586-399f-4f06-84f0-5e648a13249e" executionId="5be0d19d-c674-4b88-a144-16d5665c59c8" testListId="ad33ad6a-ec7c-4c3f-a258-fe7f64b15db1" />
    <TestEntry testId="ba2d8d91-5bea-42e7-ac84-f3c53ebfe09a" executionId="4dfc1448-3f8d-4dd1-b253-d6cba31140f8" testListId="ad33ad6a-ec7c-4c3f-a258-fe7f64b15db1" />
    <TestEntry testId="e69f0c5a-361e-4394-a3dd-576ab75639e1" executionId="02b3c100-1b06-4bb3-8212-00b0310f9ae1" testListId="ad33ad6a-ec7c-4c3f-a258-fe7f64b15db1" />
    <TestEntry testId="80c3dd5b-7193-405a-b4f2-e9210540c8bf" executionId="d2a5f2fc-e8bb-4e6f-8169-074404afc77e" testListId="ad33ad6a-ec7c-4c3f-a258-fe7f64b15db1" />
    <TestEntry testId="6b3c13ca-500d-48c2-a107-d58d79b31fbe" executionId="39f0c293-88ce-4446-b247-bd0bd96fe087" testListId="ad33ad6a-ec7c-4c3f-a258-fe7f64b15db1" />
    <TestEntry testId="1035af11-02ce-4044-a149-0a49b9764636" executionId="39107400-4212-4702-9916-7229bd935b54" testListId="ad33ad6a-ec7c-4c3f-a258-fe7f64b15db1" />
    <TestEntry testId="2ad9f5f0-ad67-4d78-853e-d56fe39c8e38" executionId="4d252754-73f1-4171-9796-ef2571dc952d" testListId="ad33ad6a-ec7c-4c3f-a258-fe7f64b15db1" />
    <TestEntry testId="ca84a0b6-cb6c-478c-a2b1-66b1d5911ff3" executionId="d98f3846-a80d-42d3-9206-d8506b4a501b" testListId="ad33ad6a-ec7c-4c3f-a258-fe7f64b15db1" />
    <TestEntry testId="05d5e860-08ae-4ad9-9b44-c1d85f727e31" executionId="db38687b-ede2-4031-9a96-545735e662ad" testListId="ad33ad6a-ec7c-4c3f-a258-fe7f64b15db1" />
    <TestEntry testId="a33c9c2c-e89b-4339-95f6-3be8a80237cf" executionId="ea99448a-a1e3-492a-b808-8a2c3c867539" testListId="ad33ad6a-ec7c-4c3f-a258-fe7f64b15db1" />
    <TestEntry testId="1c61c321-669d-4f33-9118-bb386d1ae09f" executionId="474c5b3f-8b79-4433-8500-94b260de8754" testListId="ad33ad6a-ec7c-4c3f-a258-fe7f64b15db1" />
    <TestEntry testId="87f85973-7e72-41dd-8cce-2a62e71c284d" executionId="1604d091-9e4e-4c9b-be3a-39a7567e7503" testListId="ad33ad6a-ec7c-4c3f-a258-fe7f64b15db1" />
    <TestEntry testId="e5bf918b-c364-47e9-ae55-ec1952404f78" executionId="c3705c0a-16c9-471c-9c6c-284afcdf1538" testListId="ad33ad6a-ec7c-4c3f-a258-fe7f64b15db1" />
    <TestEntry testId="aba36790-a365-44aa-9516-4cb46cae50dc" executionId="83f032cf-6605-440c-bffd-8eac681176e4" testListId="ad33ad6a-ec7c-4c3f-a258-fe7f64b15db1" />
    <TestEntry testId="b5d4bc39-0c21-4db3-909e-ef843fe4a934" executionId="095c6cb5-6513-46f7-8e46-df3b1ff5997f" testListId="ad33ad6a-ec7c-4c3f-a258-fe7f64b15db1" />
    <TestEntry testId="d9d20f4c-0643-4826-a04f-0a30783e8709" executionId="f3f8715d-8484-4b54-a6dd-f65cf7f22e19" testListId="ad33ad6a-ec7c-4c3f-a258-fe7f64b15db1" />
    <TestEntry testId="b72adecf-5a86-4f06-b577-d9e41d298192" executionId="84d9263d-c603-4211-8a08-3b9abc8b710d" testListId="ad33ad6a-ec7c-4c3f-a258-fe7f64b15db1" />
    <TestEntry testId="622d2d68-8f4c-470f-bd5b-aa0e3eb2440a" executionId="cef4f744-90b6-49de-85c5-85ac1d16e16f" testListId="ad33ad6a-ec7c-4c3f-a258-fe7f64b15db1" />
    <TestEntry testId="965da734-21f7-4ce3-a41e-159fee26f91d" executionId="22417951-07cb-4ad3-99fd-bc442c6dc2d8" testListId="ad33ad6a-ec7c-4c3f-a258-fe7f64b15db1" />
    <TestEntry testId="610fc937-3d57-48bb-b933-bf0e3d011893" executionId="9e0f2603-16c9-4e8b-a97a-dcd22834cdd1" testListId="ad33ad6a-ec7c-4c3f-a258-fe7f64b15db1" />
    <TestEntry testId="fdae8985-8dd2-4a66-8629-8fe80f7155d3" executionId="9e3f123b-7224-44d0-991c-9bbd6d3fe57b" testListId="ad33ad6a-ec7c-4c3f-a258-fe7f64b15db1" />
    <TestEntry testId="66a1340f-11f5-4363-a8d9-7778ce0f2f6e" executionId="8a217bdb-a77c-4b08-89ed-1d42d51ca42d" testListId="ad33ad6a-ec7c-4c3f-a258-fe7f64b15db1" />
    <TestEntry testId="6b2760a3-a0b0-4a27-8c92-755693bc3eff" executionId="a25c0b4a-8f65-4524-b91c-be2ad36764fb" testListId="ad33ad6a-ec7c-4c3f-a258-fe7f64b15db1" />
    <TestEntry testId="93a602c0-c511-48fd-993a-a8ffb53c77fa" executionId="1053e5cc-5549-4ea6-9498-17f09fbe03b9" testListId="ad33ad6a-ec7c-4c3f-a258-fe7f64b15db1" />
    <TestEntry testId="103ddeff-588a-4349-aaa7-64c121eded6c" executionId="38a76aed-c604-4103-a151-59e4d17211d1" testListId="ad33ad6a-ec7c-4c3f-a258-fe7f64b15db1" />
    <TestEntry testId="5b5e8110-bb11-466d-9339-150fff978690" executionId="883d8792-6060-41ba-85c4-df85228efb8b" testListId="ad33ad6a-ec7c-4c3f-a258-fe7f64b15db1" />
    <TestEntry testId="a379d857-78f9-4e54-b987-f96f08e2ac85" executionId="a17de927-f04d-4d6e-8ea6-344377027bb4" testListId="ad33ad6a-ec7c-4c3f-a258-fe7f64b15db1" />
    <TestEntry testId="dd6fd1e7-4ca2-4200-a207-f1eac356761d" executionId="5adc95cf-285d-4512-b3de-13ba1dc7eaef" testListId="ad33ad6a-ec7c-4c3f-a258-fe7f64b15db1" />
    <TestEntry testId="eab986fa-7df1-46ff-a135-b244fb5b2d00" executionId="3f780f0d-9a6b-4e51-aa04-ed25ee1c4da7" testListId="ad33ad6a-ec7c-4c3f-a258-fe7f64b15db1" />
    <TestEntry testId="4c6c727f-ab88-426f-9916-00fed31f2554" executionId="1172156d-195e-4344-8be7-f5cc0f5ad94e" testListId="ad33ad6a-ec7c-4c3f-a258-fe7f64b15db1" />
    <TestEntry testId="7be76b49-8341-4a3b-9e61-0c85c8a20c4c" executionId="be433ba3-5dc7-4367-8ea6-c3761dd49c7d" testListId="ad33ad6a-ec7c-4c3f-a258-fe7f64b15db1" />
    <TestEntry testId="c8471c57-db58-4797-ac13-a286f668df50" executionId="96b8497b-a0ad-44db-95cd-c0392dd6b49d" testListId="ad33ad6a-ec7c-4c3f-a258-fe7f64b15db1" />
    <TestEntry testId="43c6d198-abbe-4b37-bc85-c3bc857fbc1f" executionId="c1521faa-7bbe-4be2-a3a6-f0c80e3e4973" testListId="ad33ad6a-ec7c-4c3f-a258-fe7f64b15db1" />
    <TestEntry testId="cd9190c4-7ea8-4033-9d06-f467aeb942a7" executionId="2cff2852-f9c0-4855-9907-f7bdc5abe74e" testListId="ad33ad6a-ec7c-4c3f-a258-fe7f64b15db1" />
    <TestEntry testId="4f027157-664b-4cae-a38a-b6d343a7d8d7" executionId="510c1a87-d414-4934-84db-0133b4bb8106" testListId="ad33ad6a-ec7c-4c3f-a258-fe7f64b15db1" />
    <TestEntry testId="21ecbf94-b4c6-4cb2-8baa-ee0e48289f4f" executionId="b7e1a6de-1431-423d-9dc8-d443ab2b359c" testListId="ad33ad6a-ec7c-4c3f-a258-fe7f64b15db1" />
    <TestEntry testId="a9820dc7-a324-423f-acb6-a03208936e61" executionId="416524ad-be51-4189-beac-8a511fecf7d7" testListId="ad33ad6a-ec7c-4c3f-a258-fe7f64b15db1" />
    <TestEntry testId="b0e08d92-215f-4ca0-a000-3c649c0f1361" executionId="1253f429-f351-4790-a82a-d43c060585e1" testListId="ad33ad6a-ec7c-4c3f-a258-fe7f64b15db1" />
    <TestEntry testId="5bab324b-0623-43fe-97d0-8ece08c40f8d" executionId="c320df90-6a54-4a9d-bf36-ce8666e047fe" testListId="ad33ad6a-ec7c-4c3f-a258-fe7f64b15db1" />
    <TestEntry testId="6a6b3847-2f35-4e95-a561-8fcf65aebdd7" executionId="a073a203-3352-4ce4-a590-1049ca7850a5" testListId="ad33ad6a-ec7c-4c3f-a258-fe7f64b15db1" />
    <TestEntry testId="a3c247d6-ed83-4d39-a29e-6028cc1e99e3" executionId="b64be9c0-f763-483b-9155-11ec8d3f3fbb" testListId="ad33ad6a-ec7c-4c3f-a258-fe7f64b15db1" />
    <TestEntry testId="d0f9650e-1fe8-4745-9d1c-47369c1e4444" executionId="7f406d00-f010-4775-9c16-c579e9d58e2d" testListId="ad33ad6a-ec7c-4c3f-a258-fe7f64b15db1" />
    <TestEntry testId="9c0b80b9-7a45-4004-895a-1a8428d8af65" executionId="25f2e085-4f0e-4680-a829-845db857c6a1" testListId="ad33ad6a-ec7c-4c3f-a258-fe7f64b15db1" />
    <TestEntry testId="8c3d3d43-b918-4011-835a-c756930da0da" executionId="6e761039-63b6-4ab1-bbfb-0586a860b5c4" testListId="ad33ad6a-ec7c-4c3f-a258-fe7f64b15db1" />
    <TestEntry testId="2daed50c-e65b-4917-b5b9-99e0dc9b99e4" executionId="dc780316-a53c-4adc-8b4a-aab873885595" testListId="ad33ad6a-ec7c-4c3f-a258-fe7f64b15db1" />
    <TestEntry testId="19bb22c7-a6df-4bc2-9e61-ce3d5265a747" executionId="0348131e-1027-4042-875d-c8a4689f9adc" testListId="ad33ad6a-ec7c-4c3f-a258-fe7f64b15db1" />
    <TestEntry testId="d20d5d9f-8dfc-4b4b-a264-93acd5decce2" executionId="a0ed0329-3d30-4b13-bdc0-c1c67fe4edc3" testListId="ad33ad6a-ec7c-4c3f-a258-fe7f64b15db1" />
    <TestEntry testId="0c7b1620-59fd-4c5b-aadb-ec2ad14976a0" executionId="57d1399d-64a3-4eed-b7ef-66b496bfb871" testListId="ad33ad6a-ec7c-4c3f-a258-fe7f64b15db1" />
    <TestEntry testId="aa0eb861-71ae-473e-84f0-86eef2c33b87" executionId="f318eedb-9379-4d8c-a9d9-fd271426c43d" testListId="ad33ad6a-ec7c-4c3f-a258-fe7f64b15db1" />
    <TestEntry testId="7ddc0736-6340-45c9-9fa2-1cbdcb13083f" executionId="28b4845c-cfc2-4b59-85c0-da9df3060cdd" testListId="ad33ad6a-ec7c-4c3f-a258-fe7f64b15db1" />
    <TestEntry testId="5bb7b694-5cf1-4020-a8a7-e8bfb3a2cfec" executionId="c44c46d1-a6b2-4f25-b928-ea490b18ebdd" testListId="ad33ad6a-ec7c-4c3f-a258-fe7f64b15db1" />
    <TestEntry testId="dfd3fec7-1236-47c1-b18e-0c1b80447dd5" executionId="304f9350-4aee-4ff6-944d-2ebc6d4af337" testListId="ad33ad6a-ec7c-4c3f-a258-fe7f64b15db1" />
    <TestEntry testId="b62794ee-80f8-4701-82a2-60ad3af3c1fa" executionId="e3baf5aa-3995-47fe-8257-a4cc66b89f08" testListId="ad33ad6a-ec7c-4c3f-a258-fe7f64b15db1" />
    <TestEntry testId="38b27079-31d6-4578-968d-a51cb9f2fb86" executionId="cc5b4772-beca-4941-b7b5-750674c2dc5e" testListId="ad33ad6a-ec7c-4c3f-a258-fe7f64b15db1" />
    <TestEntry testId="c8308464-8d3d-4ed1-9c83-374a7136b2c3" executionId="62c8eb9d-b79f-4790-b56b-9222b8083a48" testListId="ad33ad6a-ec7c-4c3f-a258-fe7f64b15db1" />
    <TestEntry testId="7b7bc7e0-5fa8-499f-bf09-ccc4059f480e" executionId="f7e51cd8-c16c-4ffa-8a55-b1bd47534766" testListId="ad33ad6a-ec7c-4c3f-a258-fe7f64b15db1" />
    <TestEntry testId="d2c19b44-4722-46e2-95ed-b65ae6ebdadb" executionId="2c909ea9-ceaa-4909-bf6a-956036fd2a21" testListId="ad33ad6a-ec7c-4c3f-a258-fe7f64b15db1" />
    <TestEntry testId="ec1c3fdb-8a3b-45c4-b0b2-ddb8c2ac28f5" executionId="9757cc6a-8212-4bf4-b5c6-d22b8de10a24" testListId="ad33ad6a-ec7c-4c3f-a258-fe7f64b15db1" />
    <TestEntry testId="6ae8b06f-caf8-44a0-809b-768efefce4ed" executionId="12617610-8252-4850-a3b0-df88ac6dac1b" testListId="ad33ad6a-ec7c-4c3f-a258-fe7f64b15db1" />
    <TestEntry testId="59a5444a-c4c6-4abc-a9be-d8db0b927f16" executionId="f8bd95ed-4c3a-4e1d-862d-2dac987bc861" testListId="ad33ad6a-ec7c-4c3f-a258-fe7f64b15db1" />
    <TestEntry testId="b060e4d8-e607-4601-9839-3e2be53ca294" executionId="906c1b35-24e5-44bf-be8f-3c5975769cf5" testListId="ad33ad6a-ec7c-4c3f-a258-fe7f64b15db1" />
    <TestEntry testId="7982d232-4ddd-4f33-8950-910883541d4a" executionId="628f3988-09ae-4631-b01c-53bda9a6f887" testListId="ad33ad6a-ec7c-4c3f-a258-fe7f64b15db1" />
    <TestEntry testId="f247c1fe-e870-4282-8729-51333d9b64b8" executionId="9dd28219-3636-43d8-9d0f-864dc8b9b919" testListId="ad33ad6a-ec7c-4c3f-a258-fe7f64b15db1" />
    <TestEntry testId="b4599548-2a09-4600-a9e5-cdac4c0ce327" executionId="6f139cfa-fa15-42b2-931f-108cf4ceb1bf" testListId="ad33ad6a-ec7c-4c3f-a258-fe7f64b15db1" />
    <TestEntry testId="b986ceb3-7764-416b-b17d-4c916862a28a" executionId="d47f3f17-8243-44a5-b0f2-6f52665301ef" testListId="ad33ad6a-ec7c-4c3f-a258-fe7f64b15db1" />
    <TestEntry testId="9deb2836-4433-4964-aee3-a5b8cbc0343a" executionId="0ad9d30c-37b1-4122-9954-d5aa5c5bd374" testListId="ad33ad6a-ec7c-4c3f-a258-fe7f64b15db1" />
    <TestEntry testId="e5e67071-2ffc-4e3e-8dc9-e0726bb334b8" executionId="eef937bc-f35f-4fc6-b2f6-a941c5197fa5" testListId="ad33ad6a-ec7c-4c3f-a258-fe7f64b15db1" />
    <TestEntry testId="0900cc1b-2dd0-48c5-ac08-ffeeda9993e2" executionId="51cd157f-9f42-4ab9-9a5c-e4387af68fd4" testListId="ad33ad6a-ec7c-4c3f-a258-fe7f64b15db1" />
    <TestEntry testId="1209db23-858d-4e3f-b1a1-d1e6774d48df" executionId="2a0bb643-8311-4982-834f-ec3a13488b42" testListId="ad33ad6a-ec7c-4c3f-a258-fe7f64b15db1" />
    <TestEntry testId="e18905ff-b1ee-4c29-a169-657fa30d4ce1" executionId="c78b6ad9-55bb-468e-b7a5-f62b277565e8" testListId="ad33ad6a-ec7c-4c3f-a258-fe7f64b15db1" />
    <TestEntry testId="a5951b0e-9bbb-4666-bf20-bc24c611ca80" executionId="ce67d5d4-a715-4ce4-983b-a59ad6db42fa" testListId="ad33ad6a-ec7c-4c3f-a258-fe7f64b15db1" />
    <TestEntry testId="1e8a65ae-c3d3-4306-91da-203f5b7f0e93" executionId="e8bc761c-7860-428b-99c8-42611fe95108" testListId="ad33ad6a-ec7c-4c3f-a258-fe7f64b15db1" />
    <TestEntry testId="c9f5f478-ca9c-4034-ab2c-1823cca8532f" executionId="3719acac-1891-4e7d-bd30-2749a576cafd" testListId="ad33ad6a-ec7c-4c3f-a258-fe7f64b15db1" />
    <TestEntry testId="6074fdfc-0b01-4319-be97-a8b5c43b8532" executionId="c66651bd-68ce-4bf3-bd0f-d6be8e30a0bd" testListId="ad33ad6a-ec7c-4c3f-a258-fe7f64b15db1" />
    <TestEntry testId="d6060591-376a-4fb5-9f4e-69908b451f14" executionId="9cca0ba4-f8f6-44c5-81ce-45bab3a46095" testListId="ad33ad6a-ec7c-4c3f-a258-fe7f64b15db1" />
    <TestEntry testId="be43a4c0-76e5-4e92-9b27-d078ffb40ee0" executionId="4585b88d-4f30-42e5-b581-381888bd3fa6" testListId="ad33ad6a-ec7c-4c3f-a258-fe7f64b15db1" />
    <TestEntry testId="525eb3af-7c4a-440d-bba9-3623d902a86d" executionId="36baf85f-948b-41e5-889f-ffccfb01ecb9" testListId="ad33ad6a-ec7c-4c3f-a258-fe7f64b15db1" />
    <TestEntry testId="467e4c2f-aabc-4106-a723-005fe4237dd3" executionId="ad985f4d-543d-4a9e-bfed-6a1c154be819" testListId="ad33ad6a-ec7c-4c3f-a258-fe7f64b15db1" />
    <TestEntry testId="813c2f38-6c7d-4097-b238-f0766034b12e" executionId="3657b084-7545-4a51-be45-8e44cfae05e7" testListId="ad33ad6a-ec7c-4c3f-a258-fe7f64b15db1" />
    <TestEntry testId="8c16ff9e-74df-40aa-99bb-73bdaf82dbba" executionId="85dc434f-e6d0-4637-94c5-1d974b208f78" testListId="ad33ad6a-ec7c-4c3f-a258-fe7f64b15db1" />
    <TestEntry testId="8b06a9f5-21a9-4ae1-a0fe-8b6361deb31c" executionId="5abad58c-0307-4989-a904-6350f82f1edd" testListId="ad33ad6a-ec7c-4c3f-a258-fe7f64b15db1" />
    <TestEntry testId="3d61e182-d4fe-4e1d-92f5-40620e42c9e8" executionId="db984bc7-c356-4f1b-859c-8cc00dd9b609" testListId="ad33ad6a-ec7c-4c3f-a258-fe7f64b15db1" />
    <TestEntry testId="6a6c4591-ab3d-4f80-8754-e30da2de0fb5" executionId="1b18ef2d-ff65-435d-b587-24a6fc002380" testListId="ad33ad6a-ec7c-4c3f-a258-fe7f64b15db1" />
    <TestEntry testId="8dc48fc5-3da3-481d-bfbe-d1056d67b197" executionId="4081dc41-72b4-4ee0-9942-87aff3e34f7e" testListId="ad33ad6a-ec7c-4c3f-a258-fe7f64b15db1" />
    <TestEntry testId="5392e852-542f-47ba-8af4-f8138287d1ff" executionId="fe8e934c-9109-4cfd-add2-680f0ba1a0b0" testListId="ad33ad6a-ec7c-4c3f-a258-fe7f64b15db1" />
    <TestEntry testId="2f80587d-e5c1-429e-98e8-70371b6668a7" executionId="e427939d-22ef-439e-8074-ba9d215af52b" testListId="ad33ad6a-ec7c-4c3f-a258-fe7f64b15db1" />
    <TestEntry testId="140dadb3-f0b7-4cb2-b0df-26f51c14b820" executionId="32872289-a627-4fd5-b417-031f106b1fe8" testListId="ad33ad6a-ec7c-4c3f-a258-fe7f64b15db1" />
    <TestEntry testId="2179d4da-07c7-4705-a36d-5a031fc4e530" executionId="56651ca7-6624-40e5-84bd-597a98b4d404" testListId="ad33ad6a-ec7c-4c3f-a258-fe7f64b15db1" />
    <TestEntry testId="33da6ac2-43df-4ac4-bd2a-3a91a20466a7" executionId="145081b3-bd66-42f9-a3b4-e10d5f4698a3" testListId="ad33ad6a-ec7c-4c3f-a258-fe7f64b15db1" />
    <TestEntry testId="1ad871b5-29ae-4fbd-96a6-ed65e7efb607" executionId="a57f6335-c9ae-43a1-ac03-0b765b4a7947" testListId="ad33ad6a-ec7c-4c3f-a258-fe7f64b15db1" />
    <TestEntry testId="47ab0823-4f97-421f-ab9c-374d2e6504cb" executionId="12b90842-acad-49eb-ae9b-13e0b910b12e" testListId="ad33ad6a-ec7c-4c3f-a258-fe7f64b15db1" />
    <TestEntry testId="69a3a2f9-7d38-42d3-8b10-77b3794b4d4d" executionId="60a4e7f7-cf86-4f2e-bbee-5b604d06725c" testListId="ad33ad6a-ec7c-4c3f-a258-fe7f64b15db1" />
    <TestEntry testId="2924fbd0-be30-4d89-a3d1-553f51d8a386" executionId="18b76589-a3aa-4542-8500-7a0b5a858a03" testListId="ad33ad6a-ec7c-4c3f-a258-fe7f64b15db1" />
    <TestEntry testId="2ea7ad75-4802-4d72-a011-ee9d269adc8c" executionId="5d6f8d8a-6211-4d5d-95b3-3d8f59178dc7" testListId="ad33ad6a-ec7c-4c3f-a258-fe7f64b15db1" />
    <TestEntry testId="63ae1c20-18ba-469f-8c27-ffb113165c07" executionId="36d9f88f-efeb-481c-8f00-b9cb93daacd2" testListId="ad33ad6a-ec7c-4c3f-a258-fe7f64b15db1" />
    <TestEntry testId="23a81585-8ba5-4150-8985-4dd6d33df260" executionId="697efdd3-dbb7-4946-9b3a-fb609a4d8c3f" testListId="ad33ad6a-ec7c-4c3f-a258-fe7f64b15db1" />
    <TestEntry testId="fbc96337-5cec-43eb-ad95-8d80e3de285a" executionId="b2b04e49-377d-450c-9ca7-1ce2dc7eb481" testListId="ad33ad6a-ec7c-4c3f-a258-fe7f64b15db1" />
    <TestEntry testId="06891076-edc4-42c7-b9fc-01337a06c128" executionId="73fc2fd8-93fa-4cfb-b727-39eb351631e1" testListId="ad33ad6a-ec7c-4c3f-a258-fe7f64b15db1" />
    <TestEntry testId="9e28af54-8981-426e-9a30-853b479b8a73" executionId="8d496db8-c49d-4ced-ae7e-532778832e45" testListId="ad33ad6a-ec7c-4c3f-a258-fe7f64b15db1" />
  </TestEntries>
  <TestLists>
    <TestList name="Results Not in a List" id="ad33ad6a-ec7c-4c3f-a258-fe7f64b15db1" />
    <TestList name="All Loaded Results" id="8865e004-5b81-4efe-b871-48aec1eb8224" />
  </TestLists>
</TestRun>