<?xml version="1.0" encoding="UTF-8"?>
<TestRun id="d2aea7e2-6014-49fc-85bd-3ed2556ed2a5" name="Test Run 60" runUser="Oles Galatsan" xmlns="http://microsoft.com/schemas/VisualStudio/TeamTest/2010">
  <Times creation="2025-05-14T13:20:31.3125482Z" queuing="2025-05-14T13:20:31.3125482Z" start="2025-05-14T13:20:31.3146610Z" finish="2025-05-14T13:25:31.3147553Z" />
  <TestSettings name="Test Settings 60" id="6b680bec-4c7f-407e-ae29-ba4f82cd144e" />
  <Results>
    <UnitTestResult executionId="10781f7d-ada3-447e-917d-2f94bcc893c7" testId="85096f4c-c201-4231-8a6d-8d38e3603db9" testName="Test5901" computerName="UA-LPT-OGA2" duration="00:00:01.9020000" startTime="2025-05-14T13:20:31.3146610Z" endTime="2025-05-14T13:25:31.3147553Z" testType="13cdc9d9-ddb5-4fa4-a97d-d965ccfc6d4b" outcome="Passed" testListId="98a24aa8-dea2-4531-bea9-7c58259ed3fa" />
    <UnitTestResult executionId="4e293c9f-34fa-400f-a7a9-27846e86c613" testId="30a02862-7f0f-4c09-ab24-85f3ca614008" testName="Test5902" computerName="UA-LPT-OGA2" duration="00:00:00.9650000" startTime="2025-05-14T13:20:31.3146610Z" endTime="2025-05-14T13:25:31.3147553Z" testType="13cdc9d9-ddb5-4fa4-a97d-d965ccfc6d4b" outcome="Passed" testListId="98a24aa8-dea2-4531-bea9-7c58259ed3fa" />
    <UnitTestResult executionId="e9c42584-8a27-42a1-bde4-31a66f2b2d78" testId="d2b2c122-d5bc-4ec7-9d8a-3236c3027a4d" testName="Test5903" computerName="UA-LPT-OGA2" duration="00:00:00.6680000" startTime="2025-05-14T13:20:31.3146610Z" endTime="2025-05-14T13:25:31.3147553Z" testType="13cdc9d9-ddb5-4fa4-a97d-d965ccfc6d4b" outcome="Passed" testListId="98a24aa8-dea2-4531-bea9-7c58259ed3fa" />
    <UnitTestResult executionId="72a35650-dbd8-457b-b02d-1f2c1bc95bea" testId="63618e4e-7ecc-4417-b6f3-fb5a960cbcec" testName="Test5904" computerName="UA-LPT-OGA2" duration="00:00:00.6640000" startTime="2025-05-14T13:20:31.3146610Z" endTime="2025-05-14T13:25:31.3147553Z" testType="13cdc9d9-ddb5-4fa4-a97d-d965ccfc6d4b" outcome="Passed" testListId="98a24aa8-dea2-4531-bea9-7c58259ed3fa" />
    <UnitTestResult executionId="f463a5b6-83ab-4d65-b629-a077c94740c8" testId="f3b9ac8b-3c7c-4039-8247-94ad5f56ea5b" testName="Test5905" computerName="UA-LPT-OGA2" duration="00:00:00.5110000" startTime="2025-05-14T13:20:31.3146610Z" endTime="2025-05-14T13:25:31.3147553Z" testType="13cdc9d9-ddb5-4fa4-a97d-d965ccfc6d4b" outcome="Inconclusive" testListId="98a24aa8-dea2-4531-bea9-7c58259ed3fa" />
    <UnitTestResult executionId="f4ee7c05-87e3-4430-b6f3-663598122ff8" testId="848a0cad-7e72-4a3a-b00d-8b99e30c8b21" testName="Test5906" computerName="UA-LPT-OGA2" duration="00:00:01.9390000" startTime="2025-05-14T13:20:31.3146610Z" endTime="2025-05-14T13:25:31.3147553Z" testType="13cdc9d9-ddb5-4fa4-a97d-d965ccfc6d4b" outcome="Passed" testListId="98a24aa8-dea2-4531-bea9-7c58259ed3fa" />
    <UnitTestResult executionId="439341a5-3e44-4403-a5a7-87b205281a5a" testId="d9dd1056-145b-4546-b9f0-4735dc36523f" testName="Test5907" computerName="UA-LPT-OGA2" duration="00:00:00.6510000" startTime="2025-05-14T13:20:31.3146610Z" endTime="2025-05-14T13:25:31.3147553Z" testType="13cdc9d9-ddb5-4fa4-a97d-d965ccfc6d4b" outcome="Passed" testListId="98a24aa8-dea2-4531-bea9-7c58259ed3fa" />
    <UnitTestResult executionId="386b63ff-0f2a-41ba-831c-3d8a3157d72c" testId="be090edb-e42b-4890-95e0-d7f9de8880ff" testName="Test5908" computerName="UA-LPT-OGA2" duration="00:00:01.0720000" startTime="2025-05-14T13:20:31.3146610Z" endTime="2025-05-14T13:25:31.3147553Z" testType="13cdc9d9-ddb5-4fa4-a97d-d965ccfc6d4b" outcome="Passed" testListId="98a24aa8-dea2-4531-bea9-7c58259ed3fa" />
    <UnitTestResult executionId="00c223f1-5528-4477-a448-e09af9bee0f4" testId="01780cfd-f2b0-4a73-aa35-f34ab3b24820" testName="Test5909" computerName="UA-LPT-OGA2" duration="00:00:01.3430000" startTime="2025-05-14T13:20:31.3146610Z" endTime="2025-05-14T13:25:31.3147553Z" testType="13cdc9d9-ddb5-4fa4-a97d-d965ccfc6d4b" outcome="Passed" testListId="98a24aa8-dea2-4531-bea9-7c58259ed3fa" />
    <UnitTestResult executionId="a7c08959-a3f1-448f-b427-54b6076e8b33" testId="27e9373b-38e0-4bc9-a530-e853f8027a1d" testName="Test5910" computerName="UA-LPT-OGA2" duration="00:00:00.1450000" startTime="2025-05-14T13:20:31.3146610Z" endTime="2025-05-14T13:25:31.3147553Z" testType="13cdc9d9-ddb5-4fa4-a97d-d965ccfc6d4b" outcome="Passed" testListId="98a24aa8-dea2-4531-bea9-7c58259ed3fa" />
    <UnitTestResult executionId="7b078404-844c-4a9e-ae35-cefc4889f8cd" testId="b5212fca-7f50-4dfe-a0e2-d88e8eb1c2a0" testName="Test5911" computerName="UA-LPT-OGA2" duration="00:00:00.6180000" startTime="2025-05-14T13:20:31.3146610Z" endTime="2025-05-14T13:25:31.3147553Z" testType="13cdc9d9-ddb5-4fa4-a97d-d965ccfc6d4b" outcome="Passed" testListId="98a24aa8-dea2-4531-bea9-7c58259ed3fa" />
    <UnitTestResult executionId="733fee38-a420-4644-9134-a45b6b25d505" testId="6b8383a8-1b85-4caf-8e08-83d21dfbd4ed" testName="Test5912" computerName="UA-LPT-OGA2" duration="00:00:00.4990000" startTime="2025-05-14T13:20:31.3146610Z" endTime="2025-05-14T13:25:31.3147553Z" testType="13cdc9d9-ddb5-4fa4-a97d-d965ccfc6d4b" outcome="Passed" testListId="98a24aa8-dea2-4531-bea9-7c58259ed3fa" />
    <UnitTestResult executionId="3458ce36-7f99-4065-945b-aa6c84e5f7d5" testId="0737e40f-1778-4331-960d-8f0efd9f6d03" testName="Test5913" computerName="UA-LPT-OGA2" duration="00:00:00.1660000" startTime="2025-05-14T13:20:31.3146610Z" endTime="2025-05-14T13:25:31.3147553Z" testType="13cdc9d9-ddb5-4fa4-a97d-d965ccfc6d4b" outcome="Failed" testListId="98a24aa8-dea2-4531-bea9-7c58259ed3fa">
      <Output>
        <ErrorInfo>
          <Message>Assertion failed: Expected value did not match actual value.</Message>
          <StackTrace>   at TestNamespace.TestClass.Test() in TestClass.cs:line 481</StackTrace>
        </ErrorInfo>
      </Output>
    </UnitTestResult>
    <UnitTestResult executionId="42163852-0c53-4385-9a86-247c63cfd032" testId="24a22e54-489e-4f2b-8cc7-3fb504ec9b48" testName="Test5914" computerName="UA-LPT-OGA2" duration="00:00:01.8100000" startTime="2025-05-14T13:20:31.3146610Z" endTime="2025-05-14T13:25:31.3147553Z" testType="13cdc9d9-ddb5-4fa4-a97d-d965ccfc6d4b" outcome="Passed" testListId="98a24aa8-dea2-4531-bea9-7c58259ed3fa" />
    <UnitTestResult executionId="0b2e660e-3f19-4d05-a2ef-4229a97c5a60" testId="97605492-b18e-414f-81b6-328a10e0e2fe" testName="Test5915" computerName="UA-LPT-OGA2" duration="00:00:00.1690000" startTime="2025-05-14T13:20:31.3146610Z" endTime="2025-05-14T13:25:31.3147553Z" testType="13cdc9d9-ddb5-4fa4-a97d-d965ccfc6d4b" outcome="Passed" testListId="98a24aa8-dea2-4531-bea9-7c58259ed3fa" />
    <UnitTestResult executionId="29469277-4396-48a0-90ae-3927c9fd8ed0" testId="a7f36dba-d665-4e5e-8c6a-6f6d6390d20d" testName="Test5916" computerName="UA-LPT-OGA2" duration="00:00:01.7200000" startTime="2025-05-14T13:20:31.3146610Z" endTime="2025-05-14T13:25:31.3147553Z" testType="13cdc9d9-ddb5-4fa4-a97d-d965ccfc6d4b" outcome="Passed" testListId="98a24aa8-dea2-4531-bea9-7c58259ed3fa" />
    <UnitTestResult executionId="9a9de063-c0ba-41d3-8c73-50bdac4ca225" testId="e9ea773d-19d9-45f3-9d91-758cbafd5cdd" testName="Test5917" computerName="UA-LPT-OGA2" duration="00:00:01.6110000" startTime="2025-05-14T13:20:31.3146610Z" endTime="2025-05-14T13:25:31.3147553Z" testType="13cdc9d9-ddb5-4fa4-a97d-d965ccfc6d4b" outcome="Passed" testListId="98a24aa8-dea2-4531-bea9-7c58259ed3fa" />
    <UnitTestResult executionId="026d9666-b855-4e98-9e25-80b907d733a0" testId="c1e8a581-f512-45bf-94d0-f05d509c8d28" testName="Test5918" computerName="UA-LPT-OGA2" duration="00:00:01.0640000" startTime="2025-05-14T13:20:31.3146610Z" endTime="2025-05-14T13:25:31.3147553Z" testType="13cdc9d9-ddb5-4fa4-a97d-d965ccfc6d4b" outcome="Passed" testListId="98a24aa8-dea2-4531-bea9-7c58259ed3fa" />
    <UnitTestResult executionId="d5ce8325-7196-4b82-ac50-ac5cf8d36e9f" testId="91ba1e4e-d0df-48f2-a6b4-189e861bce2f" testName="Test5919" computerName="UA-LPT-OGA2" duration="00:00:01.0010000" startTime="2025-05-14T13:20:31.3146610Z" endTime="2025-05-14T13:25:31.3147553Z" testType="13cdc9d9-ddb5-4fa4-a97d-d965ccfc6d4b" outcome="Passed" testListId="98a24aa8-dea2-4531-bea9-7c58259ed3fa" />
    <UnitTestResult executionId="bfe4428c-e39b-49ff-b0a9-968e5f13e684" testId="961e9242-fa56-4652-87a6-e1d110b63174" testName="Test5920" computerName="UA-LPT-OGA2" duration="00:00:01.8090000" startTime="2025-05-14T13:20:31.3146610Z" endTime="2025-05-14T13:25:31.3147553Z" testType="13cdc9d9-ddb5-4fa4-a97d-d965ccfc6d4b" outcome="Passed" testListId="98a24aa8-dea2-4531-bea9-7c58259ed3fa" />
    <UnitTestResult executionId="c52e1a97-a6f5-47a6-b12c-bb0dd04b7ec7" testId="34a5138e-cbcc-4e6c-88bb-44043e2ba078" testName="Test5921" computerName="UA-LPT-OGA2" duration="00:00:01.2530000" startTime="2025-05-14T13:20:31.3146610Z" endTime="2025-05-14T13:25:31.3147553Z" testType="13cdc9d9-ddb5-4fa4-a97d-d965ccfc6d4b" outcome="Failed" testListId="98a24aa8-dea2-4531-bea9-7c58259ed3fa">
      <Output>
        <ErrorInfo>
          <Message>Assertion failed: Expected value did not match actual value.</Message>
          <StackTrace>   at TestNamespace.TestClass.Test() in TestClass.cs:line 213</StackTrace>
        </ErrorInfo>
      </Output>
    </UnitTestResult>
    <UnitTestResult executionId="654a89d7-3215-4050-93e4-5a81f89959c4" testId="21ee27e6-a0b7-41be-bf40-5cc8e6f74039" testName="Test5922" computerName="UA-LPT-OGA2" duration="00:00:01.2150000" startTime="2025-05-14T13:20:31.3146610Z" endTime="2025-05-14T13:25:31.3147553Z" testType="13cdc9d9-ddb5-4fa4-a97d-d965ccfc6d4b" outcome="Passed" testListId="98a24aa8-dea2-4531-bea9-7c58259ed3fa" />
    <UnitTestResult executionId="85bdb42f-1efc-4098-ad81-e617cd0247d6" testId="2e2c9b58-5127-4ad0-89ee-56abf9e83e60" testName="Test5923" computerName="UA-LPT-OGA2" duration="00:00:01.0840000" startTime="2025-05-14T13:20:31.3146610Z" endTime="2025-05-14T13:25:31.3147553Z" testType="13cdc9d9-ddb5-4fa4-a97d-d965ccfc6d4b" outcome="Passed" testListId="98a24aa8-dea2-4531-bea9-7c58259ed3fa" />
    <UnitTestResult executionId="6bddda4e-14d1-4b1b-947c-93fd4dde0942" testId="f33ba52f-fd4a-4f58-8870-1ef82784608b" testName="Test5924" computerName="UA-LPT-OGA2" duration="00:00:00.3230000" startTime="2025-05-14T13:20:31.3146610Z" endTime="2025-05-14T13:25:31.3147553Z" testType="13cdc9d9-ddb5-4fa4-a97d-d965ccfc6d4b" outcome="Passed" testListId="98a24aa8-dea2-4531-bea9-7c58259ed3fa" />
    <UnitTestResult executionId="43261353-0d1d-4c09-8ab3-1907737d2ef9" testId="aee14d80-038e-43d3-a8cc-d184d954f923" testName="Test5925" computerName="UA-LPT-OGA2" duration="00:00:00.8950000" startTime="2025-05-14T13:20:31.3146610Z" endTime="2025-05-14T13:25:31.3147553Z" testType="13cdc9d9-ddb5-4fa4-a97d-d965ccfc6d4b" outcome="Passed" testListId="98a24aa8-dea2-4531-bea9-7c58259ed3fa" />
    <UnitTestResult executionId="72c3f350-f1bf-460a-871a-ce87e5d86e9c" testId="8edcb922-6b66-4032-8dcd-c4317bbc9769" testName="Test5926" computerName="UA-LPT-OGA2" duration="00:00:00.3860000" startTime="2025-05-14T13:20:31.3146610Z" endTime="2025-05-14T13:25:31.3147553Z" testType="13cdc9d9-ddb5-4fa4-a97d-d965ccfc6d4b" outcome="Passed" testListId="98a24aa8-dea2-4531-bea9-7c58259ed3fa" />
    <UnitTestResult executionId="4d785416-691f-49e0-9664-ed1d0cf9e731" testId="e2df0f59-3f5a-432b-8c13-82e2de918ee5" testName="Test5927" computerName="UA-LPT-OGA2" duration="00:00:01.1680000" startTime="2025-05-14T13:20:31.3146610Z" endTime="2025-05-14T13:25:31.3147553Z" testType="13cdc9d9-ddb5-4fa4-a97d-d965ccfc6d4b" outcome="Passed" testListId="98a24aa8-dea2-4531-bea9-7c58259ed3fa" />
    <UnitTestResult executionId="b7f1a3a4-da93-4809-b100-da7b458484c3" testId="4fc6df2a-7936-455e-9dfc-04435bd11e80" testName="Test5928" computerName="UA-LPT-OGA2" duration="00:00:01.0600000" startTime="2025-05-14T13:20:31.3146610Z" endTime="2025-05-14T13:25:31.3147553Z" testType="13cdc9d9-ddb5-4fa4-a97d-d965ccfc6d4b" outcome="Passed" testListId="98a24aa8-dea2-4531-bea9-7c58259ed3fa" />
    <UnitTestResult executionId="99414675-5d14-40a8-becf-a3b10d3bafcd" testId="f3f8eeca-0811-4902-bc29-633db2543a01" testName="Test5929" computerName="UA-LPT-OGA2" duration="00:00:00.0270000" startTime="2025-05-14T13:20:31.3146610Z" endTime="2025-05-14T13:25:31.3147553Z" testType="13cdc9d9-ddb5-4fa4-a97d-d965ccfc6d4b" outcome="Passed" testListId="98a24aa8-dea2-4531-bea9-7c58259ed3fa" />
    <UnitTestResult executionId="6a495ad8-b8dc-4bef-98a0-91de3149332f" testId="8fde8a0a-2ad6-4e95-a361-6aa440e432a5" testName="Test5930" computerName="UA-LPT-OGA2" duration="00:00:01.3500000" startTime="2025-05-14T13:20:31.3146610Z" endTime="2025-05-14T13:25:31.3147553Z" testType="13cdc9d9-ddb5-4fa4-a97d-d965ccfc6d4b" outcome="Passed" testListId="98a24aa8-dea2-4531-bea9-7c58259ed3fa" />
    <UnitTestResult executionId="ca9878c0-3e57-4f3d-b1b2-29beafea2a4d" testId="3fb101ac-490a-4126-b47e-0e6d20499e2d" testName="Test5931" computerName="UA-LPT-OGA2" duration="00:00:00.7840000" startTime="2025-05-14T13:20:31.3146610Z" endTime="2025-05-14T13:25:31.3147553Z" testType="13cdc9d9-ddb5-4fa4-a97d-d965ccfc6d4b" outcome="Passed" testListId="98a24aa8-dea2-4531-bea9-7c58259ed3fa" />
    <UnitTestResult executionId="44b8bd86-1f76-41a5-a581-3d2bf844e2fd" testId="28543bc0-36cf-45a3-b6fc-6a47ff4beec3" testName="Test5932" computerName="UA-LPT-OGA2" duration="00:00:01.0820000" startTime="2025-05-14T13:20:31.3146610Z" endTime="2025-05-14T13:25:31.3147553Z" testType="13cdc9d9-ddb5-4fa4-a97d-d965ccfc6d4b" outcome="Passed" testListId="98a24aa8-dea2-4531-bea9-7c58259ed3fa" />
    <UnitTestResult executionId="6b8c352d-ca04-4c3b-85d3-a2ce449d95e6" testId="6c88abeb-5a85-4012-9a10-d89c57f0bd3f" testName="Test5933" computerName="UA-LPT-OGA2" duration="00:00:01.6010000" startTime="2025-05-14T13:20:31.3146610Z" endTime="2025-05-14T13:25:31.3147553Z" testType="13cdc9d9-ddb5-4fa4-a97d-d965ccfc6d4b" outcome="Passed" testListId="98a24aa8-dea2-4531-bea9-7c58259ed3fa" />
    <UnitTestResult executionId="9ed07ad0-2712-4f9f-9f25-01b4c23b3085" testId="c2dce0c2-d7c3-4734-8b8f-706648d1a78b" testName="Test5934" computerName="UA-LPT-OGA2" duration="00:00:01.3300000" startTime="2025-05-14T13:20:31.3146610Z" endTime="2025-05-14T13:25:31.3147553Z" testType="13cdc9d9-ddb5-4fa4-a97d-d965ccfc6d4b" outcome="Passed" testListId="98a24aa8-dea2-4531-bea9-7c58259ed3fa" />
    <UnitTestResult executionId="8b605025-dc8e-4d29-8911-0108cfc9a4b8" testId="813ee5d8-750e-4688-838c-39b6efaa4be1" testName="Test5935" computerName="UA-LPT-OGA2" duration="00:00:01.8970000" startTime="2025-05-14T13:20:31.3146610Z" endTime="2025-05-14T13:25:31.3147553Z" testType="13cdc9d9-ddb5-4fa4-a97d-d965ccfc6d4b" outcome="Passed" testListId="98a24aa8-dea2-4531-bea9-7c58259ed3fa" />
    <UnitTestResult executionId="54414883-af41-4f2d-b9cf-48e0ca56ed1f" testId="ddfe424f-a89f-4356-bec7-731bdc982a75" testName="Test5936" computerName="UA-LPT-OGA2" duration="00:00:01.3190000" startTime="2025-05-14T13:20:31.3146610Z" endTime="2025-05-14T13:25:31.3147553Z" testType="13cdc9d9-ddb5-4fa4-a97d-d965ccfc6d4b" outcome="Passed" testListId="98a24aa8-dea2-4531-bea9-7c58259ed3fa" />
    <UnitTestResult executionId="ea07601c-83f4-4f27-b3af-d326c707ce0e" testId="04c1b153-1d2f-4166-9b00-4259a44f9964" testName="Test5937" computerName="UA-LPT-OGA2" duration="00:00:00.7110000" startTime="2025-05-14T13:20:31.3146610Z" endTime="2025-05-14T13:25:31.3147553Z" testType="13cdc9d9-ddb5-4fa4-a97d-d965ccfc6d4b" outcome="Passed" testListId="98a24aa8-dea2-4531-bea9-7c58259ed3fa" />
    <UnitTestResult executionId="32ad04cc-9318-4f51-8bc8-afd2d8de670a" testId="a91d078a-1bef-4ec1-87db-1ab18359218e" testName="Test5938" computerName="UA-LPT-OGA2" duration="00:00:01.4430000" startTime="2025-05-14T13:20:31.3146610Z" endTime="2025-05-14T13:25:31.3147553Z" testType="13cdc9d9-ddb5-4fa4-a97d-d965ccfc6d4b" outcome="Passed" testListId="98a24aa8-dea2-4531-bea9-7c58259ed3fa" />
    <UnitTestResult executionId="6f6f38e0-43e8-4a59-a97d-f1c1c72b4f63" testId="def038e2-6b30-461e-9d05-0773c6943003" testName="Test5939" computerName="UA-LPT-OGA2" duration="00:00:00.8890000" startTime="2025-05-14T13:20:31.3146610Z" endTime="2025-05-14T13:25:31.3147553Z" testType="13cdc9d9-ddb5-4fa4-a97d-d965ccfc6d4b" outcome="Passed" testListId="98a24aa8-dea2-4531-bea9-7c58259ed3fa" />
    <UnitTestResult executionId="4d16f1ae-7e9b-4092-9b59-6c8b3c0b9d7c" testId="30687cd7-48f2-48eb-ad4e-ba210e54d07b" testName="Test5940" computerName="UA-LPT-OGA2" duration="00:00:00.1210000" startTime="2025-05-14T13:20:31.3146610Z" endTime="2025-05-14T13:25:31.3147553Z" testType="13cdc9d9-ddb5-4fa4-a97d-d965ccfc6d4b" outcome="Passed" testListId="98a24aa8-dea2-4531-bea9-7c58259ed3fa" />
    <UnitTestResult executionId="5a9c08fb-3ba6-4f6c-b0cb-5b6b937e0959" testId="56d86900-2924-4671-aa64-13fa976be16a" testName="Test5941" computerName="UA-LPT-OGA2" duration="00:00:01.1830000" startTime="2025-05-14T13:20:31.3146610Z" endTime="2025-05-14T13:25:31.3147553Z" testType="13cdc9d9-ddb5-4fa4-a97d-d965ccfc6d4b" outcome="Failed" testListId="98a24aa8-dea2-4531-bea9-7c58259ed3fa">
      <Output>
        <ErrorInfo>
          <Message>Assertion failed: Expected value did not match actual value.</Message>
          <StackTrace>   at TestNamespace.TestClass.Test() in TestClass.cs:line 99</StackTrace>
        </ErrorInfo>
      </Output>
    </UnitTestResult>
    <UnitTestResult executionId="b5f3f257-d0ec-4f24-8e06-0c9a74d51014" testId="8e7f0a7a-6a2c-4a27-8249-3684974d3b6a" testName="Test5942" computerName="UA-LPT-OGA2" duration="00:00:01.2830000" startTime="2025-05-14T13:20:31.3146610Z" endTime="2025-05-14T13:25:31.3147553Z" testType="13cdc9d9-ddb5-4fa4-a97d-d965ccfc6d4b" outcome="Passed" testListId="98a24aa8-dea2-4531-bea9-7c58259ed3fa" />
    <UnitTestResult executionId="a5c8f7ae-b3dc-4a33-8bda-9c0225da3506" testId="f86a7bad-c049-4d73-a6be-e96957bcfc58" testName="Test5943" computerName="UA-LPT-OGA2" duration="00:00:00.8220000" startTime="2025-05-14T13:20:31.3146610Z" endTime="2025-05-14T13:25:31.3147553Z" testType="13cdc9d9-ddb5-4fa4-a97d-d965ccfc6d4b" outcome="Passed" testListId="98a24aa8-dea2-4531-bea9-7c58259ed3fa" />
    <UnitTestResult executionId="760158e2-c202-4071-8d41-cf03b2118c33" testId="c0fb1404-8da0-461d-b162-1da315e3e78e" testName="Test5944" computerName="UA-LPT-OGA2" duration="00:00:00.5110000" startTime="2025-05-14T13:20:31.3146610Z" endTime="2025-05-14T13:25:31.3147553Z" testType="13cdc9d9-ddb5-4fa4-a97d-d965ccfc6d4b" outcome="Passed" testListId="98a24aa8-dea2-4531-bea9-7c58259ed3fa" />
    <UnitTestResult executionId="512cf141-b93e-470f-b8e6-7a6c63ca0212" testId="61ddc5b3-340b-438e-9f5e-23a76e9e8f7c" testName="Test5945" computerName="UA-LPT-OGA2" duration="00:00:00.9160000" startTime="2025-05-14T13:20:31.3146610Z" endTime="2025-05-14T13:25:31.3147553Z" testType="13cdc9d9-ddb5-4fa4-a97d-d965ccfc6d4b" outcome="Passed" testListId="98a24aa8-dea2-4531-bea9-7c58259ed3fa" />
    <UnitTestResult executionId="e6fbbc84-6759-4815-a540-37bedd7e70d7" testId="3a0cf9f2-f689-4d84-94cb-6cd91f427a2e" testName="Test5946" computerName="UA-LPT-OGA2" duration="00:00:01.1820000" startTime="2025-05-14T13:20:31.3146610Z" endTime="2025-05-14T13:25:31.3147553Z" testType="13cdc9d9-ddb5-4fa4-a97d-d965ccfc6d4b" outcome="Passed" testListId="98a24aa8-dea2-4531-bea9-7c58259ed3fa" />
    <UnitTestResult executionId="af5f811e-7d1f-4d93-a511-ca58800156f8" testId="92e17570-f217-4abd-b683-8a9c70ee3814" testName="Test5947" computerName="UA-LPT-OGA2" duration="00:00:01.2700000" startTime="2025-05-14T13:20:31.3146610Z" endTime="2025-05-14T13:25:31.3147553Z" testType="13cdc9d9-ddb5-4fa4-a97d-d965ccfc6d4b" outcome="Passed" testListId="98a24aa8-dea2-4531-bea9-7c58259ed3fa" />
    <UnitTestResult executionId="69c5c5b8-d188-4d9f-918d-5686407b6112" testId="ded6953f-1545-4c16-b8a9-66e0736c8810" testName="Test5948" computerName="UA-LPT-OGA2" duration="00:00:00.7350000" startTime="2025-05-14T13:20:31.3146610Z" endTime="2025-05-14T13:25:31.3147553Z" testType="13cdc9d9-ddb5-4fa4-a97d-d965ccfc6d4b" outcome="Passed" testListId="98a24aa8-dea2-4531-bea9-7c58259ed3fa" />
    <UnitTestResult executionId="642f0587-8d88-49bb-8501-1aea55cdb498" testId="b674e498-1a6c-425d-ba8d-1a7912cf1756" testName="Test5949" computerName="UA-LPT-OGA2" duration="00:00:01.2350000" startTime="2025-05-14T13:20:31.3146610Z" endTime="2025-05-14T13:25:31.3147553Z" testType="13cdc9d9-ddb5-4fa4-a97d-d965ccfc6d4b" outcome="Passed" testListId="98a24aa8-dea2-4531-bea9-7c58259ed3fa" />
    <UnitTestResult executionId="8ceab0cf-c3a2-46cf-9430-2650089ff27b" testId="4bbffd4f-3f2c-4746-b28e-2469e638eb50" testName="Test5950" computerName="UA-LPT-OGA2" duration="00:00:00.6070000" startTime="2025-05-14T13:20:31.3146610Z" endTime="2025-05-14T13:25:31.3147553Z" testType="13cdc9d9-ddb5-4fa4-a97d-d965ccfc6d4b" outcome="Failed" testListId="98a24aa8-dea2-4531-bea9-7c58259ed3fa">
      <Output>
        <ErrorInfo>
          <Message>Assertion failed: Expected value did not match actual value.</Message>
          <StackTrace>   at TestNamespace.TestClass.Test() in TestClass.cs:line 307</StackTrace>
        </ErrorInfo>
      </Output>
    </UnitTestResult>
    <UnitTestResult executionId="c2433e78-3267-4ff4-b9b7-5921d4a90385" testId="ab15f3c3-5c01-4411-8b58-1ead0cdf3567" testName="Test5951" computerName="UA-LPT-OGA2" duration="00:00:01.7690000" startTime="2025-05-14T13:20:31.3146610Z" endTime="2025-05-14T13:25:31.3147553Z" testType="13cdc9d9-ddb5-4fa4-a97d-d965ccfc6d4b" outcome="Passed" testListId="98a24aa8-dea2-4531-bea9-7c58259ed3fa" />
    <UnitTestResult executionId="8b865f14-6b0c-4292-b81b-60cdc850b576" testId="9f84822c-71ca-4a9c-bd0c-c4d379af7cb9" testName="Test5952" computerName="UA-LPT-OGA2" duration="00:00:00.2100000" startTime="2025-05-14T13:20:31.3146610Z" endTime="2025-05-14T13:25:31.3147553Z" testType="13cdc9d9-ddb5-4fa4-a97d-d965ccfc6d4b" outcome="Passed" testListId="98a24aa8-dea2-4531-bea9-7c58259ed3fa" />
    <UnitTestResult executionId="e665eb7f-4c07-4539-b5e0-31510cf82a4e" testId="86759392-47e9-4545-a5f9-699dccf07aae" testName="Test5953" computerName="UA-LPT-OGA2" duration="00:00:01.7910000" startTime="2025-05-14T13:20:31.3146610Z" endTime="2025-05-14T13:25:31.3147553Z" testType="13cdc9d9-ddb5-4fa4-a97d-d965ccfc6d4b" outcome="Passed" testListId="98a24aa8-dea2-4531-bea9-7c58259ed3fa" />
    <UnitTestResult executionId="23eaeb1b-eaad-4ccf-9cc5-f72e9e67f207" testId="9127915a-48e0-4ae7-946c-f1ebe31d0c71" testName="Test5954" computerName="UA-LPT-OGA2" duration="00:00:00.7700000" startTime="2025-05-14T13:20:31.3146610Z" endTime="2025-05-14T13:25:31.3147553Z" testType="13cdc9d9-ddb5-4fa4-a97d-d965ccfc6d4b" outcome="Passed" testListId="98a24aa8-dea2-4531-bea9-7c58259ed3fa" />
    <UnitTestResult executionId="198af5cd-7109-4d47-aa48-a0cf22e95a13" testId="844356f8-d2af-43a5-a79c-3f61facfd0bf" testName="Test5955" computerName="UA-LPT-OGA2" duration="00:00:00.5330000" startTime="2025-05-14T13:20:31.3146610Z" endTime="2025-05-14T13:25:31.3147553Z" testType="13cdc9d9-ddb5-4fa4-a97d-d965ccfc6d4b" outcome="Passed" testListId="98a24aa8-dea2-4531-bea9-7c58259ed3fa" />
    <UnitTestResult executionId="3f512525-0c8f-48c6-8523-b678050f1ae0" testId="6517b5e3-a2bf-48ff-aed2-3d4d15d53a9e" testName="Test5956" computerName="UA-LPT-OGA2" duration="00:00:00.4980000" startTime="2025-05-14T13:20:31.3146610Z" endTime="2025-05-14T13:25:31.3147553Z" testType="13cdc9d9-ddb5-4fa4-a97d-d965ccfc6d4b" outcome="Passed" testListId="98a24aa8-dea2-4531-bea9-7c58259ed3fa" />
    <UnitTestResult executionId="c6451872-03f0-43ad-a5d0-f1da6ac04351" testId="345de84b-1009-48d2-868b-50ef3279c95d" testName="Test5957" computerName="UA-LPT-OGA2" duration="00:00:01.7350000" startTime="2025-05-14T13:20:31.3146610Z" endTime="2025-05-14T13:25:31.3147553Z" testType="13cdc9d9-ddb5-4fa4-a97d-d965ccfc6d4b" outcome="Passed" testListId="98a24aa8-dea2-4531-bea9-7c58259ed3fa" />
    <UnitTestResult executionId="950f3d9e-0c84-40d6-997e-61ef186b2a65" testId="2f7f7e46-3378-461a-a26b-7e56aee999f7" testName="Test5958" computerName="UA-LPT-OGA2" duration="00:00:00.9240000" startTime="2025-05-14T13:20:31.3146610Z" endTime="2025-05-14T13:25:31.3147553Z" testType="13cdc9d9-ddb5-4fa4-a97d-d965ccfc6d4b" outcome="Passed" testListId="98a24aa8-dea2-4531-bea9-7c58259ed3fa" />
    <UnitTestResult executionId="7b89f0eb-fc83-43bf-a9c1-279d9c8f872b" testId="3782c93b-1f88-440e-8cd3-9587dee3b7f2" testName="Test5959" computerName="UA-LPT-OGA2" duration="00:00:01.4260000" startTime="2025-05-14T13:20:31.3146610Z" endTime="2025-05-14T13:25:31.3147553Z" testType="13cdc9d9-ddb5-4fa4-a97d-d965ccfc6d4b" outcome="Passed" testListId="98a24aa8-dea2-4531-bea9-7c58259ed3fa" />
    <UnitTestResult executionId="45479ca3-4f96-4b5d-92af-c7d1782e5b86" testId="af269d1d-33ce-4ffb-83a8-abf61e005cac" testName="Test5960" computerName="UA-LPT-OGA2" duration="00:00:01.8900000" startTime="2025-05-14T13:20:31.3146610Z" endTime="2025-05-14T13:25:31.3147553Z" testType="13cdc9d9-ddb5-4fa4-a97d-d965ccfc6d4b" outcome="Passed" testListId="98a24aa8-dea2-4531-bea9-7c58259ed3fa" />
    <UnitTestResult executionId="30b3c2b9-1a49-4d78-bda0-31165af260c5" testId="59a3f245-0a43-4b9c-8291-2a60f946a488" testName="Test5961" computerName="UA-LPT-OGA2" duration="00:00:01.8100000" startTime="2025-05-14T13:20:31.3146610Z" endTime="2025-05-14T13:25:31.3147553Z" testType="13cdc9d9-ddb5-4fa4-a97d-d965ccfc6d4b" outcome="Passed" testListId="98a24aa8-dea2-4531-bea9-7c58259ed3fa" />
    <UnitTestResult executionId="8f5aabe7-d902-4a69-9a9c-8a8b69b796c1" testId="ae3252a8-a8c0-48f5-898a-b1fc5fcc97f6" testName="Test5962" computerName="UA-LPT-OGA2" duration="00:00:01.2520000" startTime="2025-05-14T13:20:31.3146610Z" endTime="2025-05-14T13:25:31.3147553Z" testType="13cdc9d9-ddb5-4fa4-a97d-d965ccfc6d4b" outcome="Passed" testListId="98a24aa8-dea2-4531-bea9-7c58259ed3fa" />
    <UnitTestResult executionId="a27c4ef6-a9b3-40d1-bd13-605af60e0278" testId="ff5fb214-0db2-4ef3-b022-772c7e9ae750" testName="Test5963" computerName="UA-LPT-OGA2" duration="00:00:00.6650000" startTime="2025-05-14T13:20:31.3146610Z" endTime="2025-05-14T13:25:31.3147553Z" testType="13cdc9d9-ddb5-4fa4-a97d-d965ccfc6d4b" outcome="Passed" testListId="98a24aa8-dea2-4531-bea9-7c58259ed3fa" />
    <UnitTestResult executionId="84574576-6e0b-4269-b6b3-f6a8c5685bc4" testId="1f21305a-11db-4a47-aebf-ca629c09ade3" testName="Test5964" computerName="UA-LPT-OGA2" duration="00:00:00.6300000" startTime="2025-05-14T13:20:31.3146610Z" endTime="2025-05-14T13:25:31.3147553Z" testType="13cdc9d9-ddb5-4fa4-a97d-d965ccfc6d4b" outcome="Passed" testListId="98a24aa8-dea2-4531-bea9-7c58259ed3fa" />
    <UnitTestResult executionId="3c51a6ff-79d9-4612-a4f5-fb745c44dd51" testId="5f950a8b-aaff-4779-8fac-a46fb22f48c6" testName="Test5965" computerName="UA-LPT-OGA2" duration="00:00:01.2750000" startTime="2025-05-14T13:20:31.3146610Z" endTime="2025-05-14T13:25:31.3147553Z" testType="13cdc9d9-ddb5-4fa4-a97d-d965ccfc6d4b" outcome="Failed" testListId="98a24aa8-dea2-4531-bea9-7c58259ed3fa">
      <Output>
        <ErrorInfo>
          <Message>Assertion failed: Expected value did not match actual value.</Message>
          <StackTrace>   at TestNamespace.TestClass.Test() in TestClass.cs:line 122</StackTrace>
        </ErrorInfo>
      </Output>
    </UnitTestResult>
    <UnitTestResult executionId="b591f977-fc60-4662-a79f-efc09f0d0bc0" testId="b0bdd740-8c13-45c1-8926-7ebaa56beacc" testName="Test5966" computerName="UA-LPT-OGA2" duration="00:00:01.6760000" startTime="2025-05-14T13:20:31.3146610Z" endTime="2025-05-14T13:25:31.3147553Z" testType="13cdc9d9-ddb5-4fa4-a97d-d965ccfc6d4b" outcome="Passed" testListId="98a24aa8-dea2-4531-bea9-7c58259ed3fa" />
    <UnitTestResult executionId="bf5153ed-83e5-46c6-bf2f-fd651c8413cc" testId="abee38a4-8d64-4592-a66e-3b5bf2df51cb" testName="Test5967" computerName="UA-LPT-OGA2" duration="00:00:01.6330000" startTime="2025-05-14T13:20:31.3146610Z" endTime="2025-05-14T13:25:31.3147553Z" testType="13cdc9d9-ddb5-4fa4-a97d-d965ccfc6d4b" outcome="Passed" testListId="98a24aa8-dea2-4531-bea9-7c58259ed3fa" />
    <UnitTestResult executionId="7e8fbfab-047b-41d8-a9d3-00da971905ba" testId="4e2af24a-b017-45b8-a990-9d1d0e69bcbe" testName="Test5968" computerName="UA-LPT-OGA2" duration="00:00:01.2040000" startTime="2025-05-14T13:20:31.3146610Z" endTime="2025-05-14T13:25:31.3147553Z" testType="13cdc9d9-ddb5-4fa4-a97d-d965ccfc6d4b" outcome="Passed" testListId="98a24aa8-dea2-4531-bea9-7c58259ed3fa" />
    <UnitTestResult executionId="b2a53ba2-34d6-4786-aefa-2e226698faa9" testId="db948011-a94f-4bfc-b9ae-795d49941116" testName="Test5969" computerName="UA-LPT-OGA2" duration="00:00:01.6720000" startTime="2025-05-14T13:20:31.3146610Z" endTime="2025-05-14T13:25:31.3147553Z" testType="13cdc9d9-ddb5-4fa4-a97d-d965ccfc6d4b" outcome="Passed" testListId="98a24aa8-dea2-4531-bea9-7c58259ed3fa" />
    <UnitTestResult executionId="ff315039-c38b-4a74-8379-4fa923fba399" testId="55b7063f-39e2-4b95-adfe-58fb73c2f438" testName="Test5970" computerName="UA-LPT-OGA2" duration="00:00:01.0130000" startTime="2025-05-14T13:20:31.3146610Z" endTime="2025-05-14T13:25:31.3147553Z" testType="13cdc9d9-ddb5-4fa4-a97d-d965ccfc6d4b" outcome="Passed" testListId="98a24aa8-dea2-4531-bea9-7c58259ed3fa" />
    <UnitTestResult executionId="5571be87-78cf-4bb1-aa84-504dcd0d3bf6" testId="0fe3d003-c657-4b77-8ab4-672686208976" testName="Test5971" computerName="UA-LPT-OGA2" duration="00:00:01.1600000" startTime="2025-05-14T13:20:31.3146610Z" endTime="2025-05-14T13:25:31.3147553Z" testType="13cdc9d9-ddb5-4fa4-a97d-d965ccfc6d4b" outcome="Passed" testListId="98a24aa8-dea2-4531-bea9-7c58259ed3fa" />
    <UnitTestResult executionId="a93d68b1-91cd-47a6-a493-451d0da7b835" testId="865b626b-2341-45ef-8c8e-0e105b1a334a" testName="Test5972" computerName="UA-LPT-OGA2" duration="00:00:00.1240000" startTime="2025-05-14T13:20:31.3146610Z" endTime="2025-05-14T13:25:31.3147553Z" testType="13cdc9d9-ddb5-4fa4-a97d-d965ccfc6d4b" outcome="Passed" testListId="98a24aa8-dea2-4531-bea9-7c58259ed3fa" />
    <UnitTestResult executionId="ffd7087d-6449-4ed4-8e68-7db90dd37f1f" testId="50f48b89-c777-41d4-a423-5fe6d714110b" testName="Test5973" computerName="UA-LPT-OGA2" duration="00:00:01.9610000" startTime="2025-05-14T13:20:31.3146610Z" endTime="2025-05-14T13:25:31.3147553Z" testType="13cdc9d9-ddb5-4fa4-a97d-d965ccfc6d4b" outcome="Passed" testListId="98a24aa8-dea2-4531-bea9-7c58259ed3fa" />
    <UnitTestResult executionId="3034de9a-d084-44d9-915c-e57eda8f034c" testId="48a94aaa-f5a2-4fdd-8243-568b1ed13271" testName="Test5974" computerName="UA-LPT-OGA2" duration="00:00:01.5840000" startTime="2025-05-14T13:20:31.3146610Z" endTime="2025-05-14T13:25:31.3147553Z" testType="13cdc9d9-ddb5-4fa4-a97d-d965ccfc6d4b" outcome="Passed" testListId="98a24aa8-dea2-4531-bea9-7c58259ed3fa" />
    <UnitTestResult executionId="b7c20f79-532d-42b8-92c7-64c172733f37" testId="2c1cf861-6849-4a90-91d2-65fbf25f1fdc" testName="Test5975" computerName="UA-LPT-OGA2" duration="00:00:00.5540000" startTime="2025-05-14T13:20:31.3146610Z" endTime="2025-05-14T13:25:31.3147553Z" testType="13cdc9d9-ddb5-4fa4-a97d-d965ccfc6d4b" outcome="Passed" testListId="98a24aa8-dea2-4531-bea9-7c58259ed3fa" />
    <UnitTestResult executionId="0750ca7d-98da-4779-845f-2019a0cf0509" testId="623db9f7-782e-4804-aa4f-abae47ad1ccf" testName="Test5976" computerName="UA-LPT-OGA2" duration="00:00:01.7330000" startTime="2025-05-14T13:20:31.3146610Z" endTime="2025-05-14T13:25:31.3147553Z" testType="13cdc9d9-ddb5-4fa4-a97d-d965ccfc6d4b" outcome="Passed" testListId="98a24aa8-dea2-4531-bea9-7c58259ed3fa" />
    <UnitTestResult executionId="1fd45530-d55a-4247-b91e-81b38412390f" testId="68164285-d958-4910-a766-e2649b5e3b75" testName="Test5977" computerName="UA-LPT-OGA2" duration="00:00:01.6070000" startTime="2025-05-14T13:20:31.3146610Z" endTime="2025-05-14T13:25:31.3147553Z" testType="13cdc9d9-ddb5-4fa4-a97d-d965ccfc6d4b" outcome="Passed" testListId="98a24aa8-dea2-4531-bea9-7c58259ed3fa" />
    <UnitTestResult executionId="342c864f-6796-4bca-8ab8-6770ba3b41d6" testId="cd55b323-4c05-4752-a4fa-5f2801c00e7f" testName="Test5978" computerName="UA-LPT-OGA2" duration="00:00:00.9930000" startTime="2025-05-14T13:20:31.3146610Z" endTime="2025-05-14T13:25:31.3147553Z" testType="13cdc9d9-ddb5-4fa4-a97d-d965ccfc6d4b" outcome="Passed" testListId="98a24aa8-dea2-4531-bea9-7c58259ed3fa" />
    <UnitTestResult executionId="a0c6c371-5817-4f49-be79-7c6e8a2bed1a" testId="63f46d8c-a078-4f1f-8f29-0c21faecc688" testName="Test5979" computerName="UA-LPT-OGA2" duration="00:00:00.2600000" startTime="2025-05-14T13:20:31.3146610Z" endTime="2025-05-14T13:25:31.3147553Z" testType="13cdc9d9-ddb5-4fa4-a97d-d965ccfc6d4b" outcome="Inconclusive" testListId="98a24aa8-dea2-4531-bea9-7c58259ed3fa" />
    <UnitTestResult executionId="964b1d1e-c47c-4200-a4df-d9158c02c8c5" testId="1ef448f5-ca94-4558-9d2e-2a20fabb7bb1" testName="Test5980" computerName="UA-LPT-OGA2" duration="00:00:01.1040000" startTime="2025-05-14T13:20:31.3146610Z" endTime="2025-05-14T13:25:31.3147553Z" testType="13cdc9d9-ddb5-4fa4-a97d-d965ccfc6d4b" outcome="Passed" testListId="98a24aa8-dea2-4531-bea9-7c58259ed3fa" />
    <UnitTestResult executionId="c83e081c-7ddb-4f9d-b516-91d1a1789bc5" testId="e908c3d7-2e1a-46d1-ab85-4740dc7e61d5" testName="Test5981" computerName="UA-LPT-OGA2" duration="00:00:00.5140000" startTime="2025-05-14T13:20:31.3146610Z" endTime="2025-05-14T13:25:31.3147553Z" testType="13cdc9d9-ddb5-4fa4-a97d-d965ccfc6d4b" outcome="Passed" testListId="98a24aa8-dea2-4531-bea9-7c58259ed3fa" />
    <UnitTestResult executionId="f301bc88-86fa-4b28-829b-542fd400d267" testId="b412c362-31e6-4280-822d-26110f7b9ca6" testName="Test5982" computerName="UA-LPT-OGA2" duration="00:00:00.5640000" startTime="2025-05-14T13:20:31.3146610Z" endTime="2025-05-14T13:25:31.3147553Z" testType="13cdc9d9-ddb5-4fa4-a97d-d965ccfc6d4b" outcome="Passed" testListId="98a24aa8-dea2-4531-bea9-7c58259ed3fa" />
    <UnitTestResult executionId="889aaff1-e077-4a27-b754-0d2cc84c7d4c" testId="851d11b4-6b2d-4d9f-88d8-cf60fdd6686e" testName="Test5983" computerName="UA-LPT-OGA2" duration="00:00:00.6170000" startTime="2025-05-14T13:20:31.3146610Z" endTime="2025-05-14T13:25:31.3147553Z" testType="13cdc9d9-ddb5-4fa4-a97d-d965ccfc6d4b" outcome="Passed" testListId="98a24aa8-dea2-4531-bea9-7c58259ed3fa" />
    <UnitTestResult executionId="c54b602a-6737-4b51-b8fd-74fddbf741e0" testId="bc84d79f-465d-41c4-91dd-9be5f0295ccd" testName="Test5984" computerName="UA-LPT-OGA2" duration="00:00:00.8710000" startTime="2025-05-14T13:20:31.3146610Z" endTime="2025-05-14T13:25:31.3147553Z" testType="13cdc9d9-ddb5-4fa4-a97d-d965ccfc6d4b" outcome="Passed" testListId="98a24aa8-dea2-4531-bea9-7c58259ed3fa" />
    <UnitTestResult executionId="565fed79-4f8d-49a7-9346-24d1506ed0dd" testId="9e51ee02-c4d0-4945-a804-c9cb2092c436" testName="Test5985" computerName="UA-LPT-OGA2" duration="00:00:00.6800000" startTime="2025-05-14T13:20:31.3146610Z" endTime="2025-05-14T13:25:31.3147553Z" testType="13cdc9d9-ddb5-4fa4-a97d-d965ccfc6d4b" outcome="Passed" testListId="98a24aa8-dea2-4531-bea9-7c58259ed3fa" />
    <UnitTestResult executionId="3b4766a5-f84b-4e53-9efe-799a39ecff98" testId="5fb56351-13c5-4bb3-9543-5fc83ac8c160" testName="Test5986" computerName="UA-LPT-OGA2" duration="00:00:00.3010000" startTime="2025-05-14T13:20:31.3146610Z" endTime="2025-05-14T13:25:31.3147553Z" testType="13cdc9d9-ddb5-4fa4-a97d-d965ccfc6d4b" outcome="Passed" testListId="98a24aa8-dea2-4531-bea9-7c58259ed3fa" />
    <UnitTestResult executionId="475f070e-f6fc-4740-9294-43d9e9b981e7" testId="a378448c-c578-4816-b7c2-3218c553cdf9" testName="Test5987" computerName="UA-LPT-OGA2" duration="00:00:00.1760000" startTime="2025-05-14T13:20:31.3146610Z" endTime="2025-05-14T13:25:31.3147553Z" testType="13cdc9d9-ddb5-4fa4-a97d-d965ccfc6d4b" outcome="Passed" testListId="98a24aa8-dea2-4531-bea9-7c58259ed3fa" />
    <UnitTestResult executionId="d636ab44-b591-4732-8f9d-0b0109b9ee7c" testId="9de6a4ff-442f-442c-b5f2-1574f23fe67e" testName="Test5988" computerName="UA-LPT-OGA2" duration="00:00:00.5000000" startTime="2025-05-14T13:20:31.3146610Z" endTime="2025-05-14T13:25:31.3147553Z" testType="13cdc9d9-ddb5-4fa4-a97d-d965ccfc6d4b" outcome="Passed" testListId="98a24aa8-dea2-4531-bea9-7c58259ed3fa" />
    <UnitTestResult executionId="55610b45-4d77-461f-88bb-8b87194fe883" testId="eec71fc1-89c8-48aa-a0a3-a7d3854feede" testName="Test5989" computerName="UA-LPT-OGA2" duration="00:00:01.0080000" startTime="2025-05-14T13:20:31.3146610Z" endTime="2025-05-14T13:25:31.3147553Z" testType="13cdc9d9-ddb5-4fa4-a97d-d965ccfc6d4b" outcome="Passed" testListId="98a24aa8-dea2-4531-bea9-7c58259ed3fa" />
    <UnitTestResult executionId="933465bb-5193-4e04-a4a2-7c96267593fb" testId="90a17d88-d38f-44be-9f47-803c66153a6b" testName="Test5990" computerName="UA-LPT-OGA2" duration="00:00:01.7160000" startTime="2025-05-14T13:20:31.3146610Z" endTime="2025-05-14T13:25:31.3147553Z" testType="13cdc9d9-ddb5-4fa4-a97d-d965ccfc6d4b" outcome="Passed" testListId="98a24aa8-dea2-4531-bea9-7c58259ed3fa" />
    <UnitTestResult executionId="a59ddc91-a439-4e55-ab95-988a64f8dedd" testId="183d7485-425c-4e5b-a54f-f94df1a25ddd" testName="Test5991" computerName="UA-LPT-OGA2" duration="00:00:00.9960000" startTime="2025-05-14T13:20:31.3146610Z" endTime="2025-05-14T13:25:31.3147553Z" testType="13cdc9d9-ddb5-4fa4-a97d-d965ccfc6d4b" outcome="Passed" testListId="98a24aa8-dea2-4531-bea9-7c58259ed3fa" />
    <UnitTestResult executionId="f791df6e-c516-447d-895b-9e460eb70528" testId="bce35fe7-2415-418f-bbdd-b3786c92338c" testName="Test5992" computerName="UA-LPT-OGA2" duration="00:00:01.5180000" startTime="2025-05-14T13:20:31.3146610Z" endTime="2025-05-14T13:25:31.3147553Z" testType="13cdc9d9-ddb5-4fa4-a97d-d965ccfc6d4b" outcome="Passed" testListId="98a24aa8-dea2-4531-bea9-7c58259ed3fa" />
    <UnitTestResult executionId="763b0e87-bb3c-4822-bba4-2ef0b362d230" testId="d1841568-f139-4b6e-b53c-348b0f650f78" testName="Test5993" computerName="UA-LPT-OGA2" duration="00:00:00.7750000" startTime="2025-05-14T13:20:31.3146610Z" endTime="2025-05-14T13:25:31.3147553Z" testType="13cdc9d9-ddb5-4fa4-a97d-d965ccfc6d4b" outcome="Passed" testListId="98a24aa8-dea2-4531-bea9-7c58259ed3fa" />
    <UnitTestResult executionId="4e1e98e6-3db9-471f-8621-3440e706f302" testId="e0831dd1-ce1a-470f-b103-29722d65d058" testName="Test5994" computerName="UA-LPT-OGA2" duration="00:00:01.9120000" startTime="2025-05-14T13:20:31.3146610Z" endTime="2025-05-14T13:25:31.3147553Z" testType="13cdc9d9-ddb5-4fa4-a97d-d965ccfc6d4b" outcome="Passed" testListId="98a24aa8-dea2-4531-bea9-7c58259ed3fa" />
    <UnitTestResult executionId="c36c61e1-a6c5-4093-9a37-0fd6bed4881e" testId="f8c08b8f-1941-4dd9-84a4-79c1c6eae958" testName="Test5995" computerName="UA-LPT-OGA2" duration="00:00:00.6310000" startTime="2025-05-14T13:20:31.3146610Z" endTime="2025-05-14T13:25:31.3147553Z" testType="13cdc9d9-ddb5-4fa4-a97d-d965ccfc6d4b" outcome="Inconclusive" testListId="98a24aa8-dea2-4531-bea9-7c58259ed3fa" />
    <UnitTestResult executionId="6dd730a0-1529-4d4e-a06e-272444782b47" testId="a2e98bda-5ea1-4d67-8456-a7ffcf9eba75" testName="Test5996" computerName="UA-LPT-OGA2" duration="00:00:01.6000000" startTime="2025-05-14T13:20:31.3146610Z" endTime="2025-05-14T13:25:31.3147553Z" testType="13cdc9d9-ddb5-4fa4-a97d-d965ccfc6d4b" outcome="Passed" testListId="98a24aa8-dea2-4531-bea9-7c58259ed3fa" />
    <UnitTestResult executionId="0e49e90b-378c-44ff-a3e9-7adedb7f14d9" testId="4476dc64-fc7d-49d4-bd33-0a84da2475f8" testName="Test5997" computerName="UA-LPT-OGA2" duration="00:00:01.8530000" startTime="2025-05-14T13:20:31.3146610Z" endTime="2025-05-14T13:25:31.3147553Z" testType="13cdc9d9-ddb5-4fa4-a97d-d965ccfc6d4b" outcome="Passed" testListId="98a24aa8-dea2-4531-bea9-7c58259ed3fa" />
    <UnitTestResult executionId="cbb668d8-9c3c-4cfa-92c3-1572068135db" testId="d57a2017-fe29-4101-bbc7-7e3df2e2c424" testName="Test5998" computerName="UA-LPT-OGA2" duration="00:00:00.8950000" startTime="2025-05-14T13:20:31.3146610Z" endTime="2025-05-14T13:25:31.3147553Z" testType="13cdc9d9-ddb5-4fa4-a97d-d965ccfc6d4b" outcome="Passed" testListId="98a24aa8-dea2-4531-bea9-7c58259ed3fa" />
    <UnitTestResult executionId="e6615c19-c2cd-44a9-9039-5ec5b57ceb70" testId="69b11c84-c374-4d08-bfe4-3464190219b9" testName="Test5999" computerName="UA-LPT-OGA2" duration="00:00:01.5780000" startTime="2025-05-14T13:20:31.3146610Z" endTime="2025-05-14T13:25:31.3147553Z" testType="13cdc9d9-ddb5-4fa4-a97d-d965ccfc6d4b" outcome="Failed" testListId="98a24aa8-dea2-4531-bea9-7c58259ed3fa">
      <Output>
        <ErrorInfo>
          <Message>Assertion failed: Expected value did not match actual value.</Message>
          <StackTrace>   at TestNamespace.TestClass.Test() in TestClass.cs:line 465</StackTrace>
        </ErrorInfo>
      </Output>
    </UnitTestResult>
    <UnitTestResult executionId="b1e10487-7f28-41d9-821a-181189f90e51" testId="061327ab-e11f-42c2-bf8f-4d342aa7900e" testName="Test6000" computerName="UA-LPT-OGA2" duration="00:00:01.8980000" startTime="2025-05-14T13:20:31.3146610Z" endTime="2025-05-14T13:25:31.3147553Z" testType="13cdc9d9-ddb5-4fa4-a97d-d965ccfc6d4b" outcome="Passed" testListId="98a24aa8-dea2-4531-bea9-7c58259ed3fa" />
  </Results>
  <TestDefinitions>
    <UnitTest name="Test5901" id="85096f4c-c201-4231-8a6d-8d38e3603db9" storage="TestAssembly.dll">
      <Execution id="10781f7d-ada3-447e-917d-2f94bcc893c7" />
      <TestMethod codeBase="TestAssembly.dll" className="TestNamespace.TestClass1" name="Test5901" />
    </UnitTest>
    <UnitTest name="Test5902" id="30a02862-7f0f-4c09-ab24-85f3ca614008" storage="TestAssembly.dll">
      <Execution id="4e293c9f-34fa-400f-a7a9-27846e86c613" />
      <TestMethod codeBase="TestAssembly.dll" className="TestNamespace.TestClass1" name="Test5902" />
    </UnitTest>
    <UnitTest name="Test5903" id="d2b2c122-d5bc-4ec7-9d8a-3236c3027a4d" storage="TestAssembly.dll">
      <Execution id="e9c42584-8a27-42a1-bde4-31a66f2b2d78" />
      <TestMethod codeBase="TestAssembly.dll" className="TestNamespace.TestClass1" name="Test5903" />
    </UnitTest>
    <UnitTest name="Test5904" id="63618e4e-7ecc-4417-b6f3-fb5a960cbcec" storage="TestAssembly.dll">
      <Execution id="72a35650-dbd8-457b-b02d-1f2c1bc95bea" />
      <TestMethod codeBase="TestAssembly.dll" className="TestNamespace.TestClass1" name="Test5904" />
    </UnitTest>
    <UnitTest name="Test5905" id="f3b9ac8b-3c7c-4039-8247-94ad5f56ea5b" storage="TestAssembly.dll">
      <Execution id="f463a5b6-83ab-4d65-b629-a077c94740c8" />
      <TestMethod codeBase="TestAssembly.dll" className="TestNamespace.TestClass1" name="Test5905" />
    </UnitTest>
    <UnitTest name="Test5906" id="848a0cad-7e72-4a3a-b00d-8b99e30c8b21" storage="TestAssembly.dll">
      <Execution id="f4ee7c05-87e3-4430-b6f3-663598122ff8" />
      <TestMethod codeBase="TestAssembly.dll" className="TestNamespace.TestClass1" name="Test5906" />
    </UnitTest>
    <UnitTest name="Test5907" id="d9dd1056-145b-4546-b9f0-4735dc36523f" storage="TestAssembly.dll">
      <Execution id="439341a5-3e44-4403-a5a7-87b205281a5a" />
      <TestMethod codeBase="TestAssembly.dll" className="TestNamespace.TestClass1" name="Test5907" />
    </UnitTest>
    <UnitTest name="Test5908" id="be090edb-e42b-4890-95e0-d7f9de8880ff" storage="TestAssembly.dll">
      <Execution id="386b63ff-0f2a-41ba-831c-3d8a3157d72c" />
      <TestMethod codeBase="TestAssembly.dll" className="TestNamespace.TestClass1" name="Test5908" />
    </UnitTest>
    <UnitTest name="Test5909" id="01780cfd-f2b0-4a73-aa35-f34ab3b24820" storage="TestAssembly.dll">
      <Execution id="00c223f1-5528-4477-a448-e09af9bee0f4" />
      <TestMethod codeBase="TestAssembly.dll" className="TestNamespace.TestClass1" name="Test5909" />
    </UnitTest>
    <UnitTest name="Test5910" id="27e9373b-38e0-4bc9-a530-e853f8027a1d" storage="TestAssembly.dll">
      <Execution id="a7c08959-a3f1-448f-b427-54b6076e8b33" />
      <TestMethod codeBase="TestAssembly.dll" className="TestNamespace.TestClass1" name="Test5910" />
    </UnitTest>
    <UnitTest name="Test5911" id="b5212fca-7f50-4dfe-a0e2-d88e8eb1c2a0" storage="TestAssembly.dll">
      <Execution id="7b078404-844c-4a9e-ae35-cefc4889f8cd" />
      <TestMethod codeBase="TestAssembly.dll" className="TestNamespace.TestClass2" name="Test5911" />
    </UnitTest>
    <UnitTest name="Test5912" id="6b8383a8-1b85-4caf-8e08-83d21dfbd4ed" storage="TestAssembly.dll">
      <Execution id="733fee38-a420-4644-9134-a45b6b25d505" />
      <TestMethod codeBase="TestAssembly.dll" className="TestNamespace.TestClass2" name="Test5912" />
    </UnitTest>
    <UnitTest name="Test5913" id="0737e40f-1778-4331-960d-8f0efd9f6d03" storage="TestAssembly.dll">
      <Execution id="3458ce36-7f99-4065-945b-aa6c84e5f7d5" />
      <TestMethod codeBase="TestAssembly.dll" className="TestNamespace.TestClass2" name="Test5913" />
    </UnitTest>
    <UnitTest name="Test5914" id="24a22e54-489e-4f2b-8cc7-3fb504ec9b48" storage="TestAssembly.dll">
      <Execution id="42163852-0c53-4385-9a86-247c63cfd032" />
      <TestMethod codeBase="TestAssembly.dll" className="TestNamespace.TestClass2" name="Test5914" />
    </UnitTest>
    <UnitTest name="Test5915" id="97605492-b18e-414f-81b6-328a10e0e2fe" storage="TestAssembly.dll">
      <Execution id="0b2e660e-3f19-4d05-a2ef-4229a97c5a60" />
      <TestMethod codeBase="TestAssembly.dll" className="TestNamespace.TestClass2" name="Test5915" />
    </UnitTest>
    <UnitTest name="Test5916" id="a7f36dba-d665-4e5e-8c6a-6f6d6390d20d" storage="TestAssembly.dll">
      <Execution id="29469277-4396-48a0-90ae-3927c9fd8ed0" />
      <TestMethod codeBase="TestAssembly.dll" className="TestNamespace.TestClass2" name="Test5916" />
    </UnitTest>
    <UnitTest name="Test5917" id="e9ea773d-19d9-45f3-9d91-758cbafd5cdd" storage="TestAssembly.dll">
      <Execution id="9a9de063-c0ba-41d3-8c73-50bdac4ca225" />
      <TestMethod codeBase="TestAssembly.dll" className="TestNamespace.TestClass2" name="Test5917" />
    </UnitTest>
    <UnitTest name="Test5918" id="c1e8a581-f512-45bf-94d0-f05d509c8d28" storage="TestAssembly.dll">
      <Execution id="026d9666-b855-4e98-9e25-80b907d733a0" />
      <TestMethod codeBase="TestAssembly.dll" className="TestNamespace.TestClass2" name="Test5918" />
    </UnitTest>
    <UnitTest name="Test5919" id="91ba1e4e-d0df-48f2-a6b4-189e861bce2f" storage="TestAssembly.dll">
      <Execution id="d5ce8325-7196-4b82-ac50-ac5cf8d36e9f" />
      <TestMethod codeBase="TestAssembly.dll" className="TestNamespace.TestClass2" name="Test5919" />
    </UnitTest>
    <UnitTest name="Test5920" id="961e9242-fa56-4652-87a6-e1d110b63174" storage="TestAssembly.dll">
      <Execution id="bfe4428c-e39b-49ff-b0a9-968e5f13e684" />
      <TestMethod codeBase="TestAssembly.dll" className="TestNamespace.TestClass2" name="Test5920" />
    </UnitTest>
    <UnitTest name="Test5921" id="34a5138e-cbcc-4e6c-88bb-44043e2ba078" storage="TestAssembly.dll">
      <Execution id="c52e1a97-a6f5-47a6-b12c-bb0dd04b7ec7" />
      <TestMethod codeBase="TestAssembly.dll" className="TestNamespace.TestClass3" name="Test5921" />
    </UnitTest>
    <UnitTest name="Test5922" id="21ee27e6-a0b7-41be-bf40-5cc8e6f74039" storage="TestAssembly.dll">
      <Execution id="654a89d7-3215-4050-93e4-5a81f89959c4" />
      <TestMethod codeBase="TestAssembly.dll" className="TestNamespace.TestClass3" name="Test5922" />
    </UnitTest>
    <UnitTest name="Test5923" id="2e2c9b58-5127-4ad0-89ee-56abf9e83e60" storage="TestAssembly.dll">
      <Execution id="85bdb42f-1efc-4098-ad81-e617cd0247d6" />
      <TestMethod codeBase="TestAssembly.dll" className="TestNamespace.TestClass3" name="Test5923" />
    </UnitTest>
    <UnitTest name="Test5924" id="f33ba52f-fd4a-4f58-8870-1ef82784608b" storage="TestAssembly.dll">
      <Execution id="6bddda4e-14d1-4b1b-947c-93fd4dde0942" />
      <TestMethod codeBase="TestAssembly.dll" className="TestNamespace.TestClass3" name="Test5924" />
    </UnitTest>
    <UnitTest name="Test5925" id="aee14d80-038e-43d3-a8cc-d184d954f923" storage="TestAssembly.dll">
      <Execution id="43261353-0d1d-4c09-8ab3-1907737d2ef9" />
      <TestMethod codeBase="TestAssembly.dll" className="TestNamespace.TestClass3" name="Test5925" />
    </UnitTest>
    <UnitTest name="Test5926" id="8edcb922-6b66-4032-8dcd-c4317bbc9769" storage="TestAssembly.dll">
      <Execution id="72c3f350-f1bf-460a-871a-ce87e5d86e9c" />
      <TestMethod codeBase="TestAssembly.dll" className="TestNamespace.TestClass3" name="Test5926" />
    </UnitTest>
    <UnitTest name="Test5927" id="e2df0f59-3f5a-432b-8c13-82e2de918ee5" storage="TestAssembly.dll">
      <Execution id="4d785416-691f-49e0-9664-ed1d0cf9e731" />
      <TestMethod codeBase="TestAssembly.dll" className="TestNamespace.TestClass3" name="Test5927" />
    </UnitTest>
    <UnitTest name="Test5928" id="4fc6df2a-7936-455e-9dfc-04435bd11e80" storage="TestAssembly.dll">
      <Execution id="b7f1a3a4-da93-4809-b100-da7b458484c3" />
      <TestMethod codeBase="TestAssembly.dll" className="TestNamespace.TestClass3" name="Test5928" />
    </UnitTest>
    <UnitTest name="Test5929" id="f3f8eeca-0811-4902-bc29-633db2543a01" storage="TestAssembly.dll">
      <Execution id="99414675-5d14-40a8-becf-a3b10d3bafcd" />
      <TestMethod codeBase="TestAssembly.dll" className="TestNamespace.TestClass3" name="Test5929" />
    </UnitTest>
    <UnitTest name="Test5930" id="8fde8a0a-2ad6-4e95-a361-6aa440e432a5" storage="TestAssembly.dll">
      <Execution id="6a495ad8-b8dc-4bef-98a0-91de3149332f" />
      <TestMethod codeBase="TestAssembly.dll" className="TestNamespace.TestClass3" name="Test5930" />
    </UnitTest>
    <UnitTest name="Test5931" id="3fb101ac-490a-4126-b47e-0e6d20499e2d" storage="TestAssembly.dll">
      <Execution id="ca9878c0-3e57-4f3d-b1b2-29beafea2a4d" />
      <TestMethod codeBase="TestAssembly.dll" className="TestNamespace.TestClass4" name="Test5931" />
    </UnitTest>
    <UnitTest name="Test5932" id="28543bc0-36cf-45a3-b6fc-6a47ff4beec3" storage="TestAssembly.dll">
      <Execution id="44b8bd86-1f76-41a5-a581-3d2bf844e2fd" />
      <TestMethod codeBase="TestAssembly.dll" className="TestNamespace.TestClass4" name="Test5932" />
    </UnitTest>
    <UnitTest name="Test5933" id="6c88abeb-5a85-4012-9a10-d89c57f0bd3f" storage="TestAssembly.dll">
      <Execution id="6b8c352d-ca04-4c3b-85d3-a2ce449d95e6" />
      <TestMethod codeBase="TestAssembly.dll" className="TestNamespace.TestClass4" name="Test5933" />
    </UnitTest>
    <UnitTest name="Test5934" id="c2dce0c2-d7c3-4734-8b8f-706648d1a78b" storage="TestAssembly.dll">
      <Execution id="9ed07ad0-2712-4f9f-9f25-01b4c23b3085" />
      <TestMethod codeBase="TestAssembly.dll" className="TestNamespace.TestClass4" name="Test5934" />
    </UnitTest>
    <UnitTest name="Test5935" id="813ee5d8-750e-4688-838c-39b6efaa4be1" storage="TestAssembly.dll">
      <Execution id="8b605025-dc8e-4d29-8911-0108cfc9a4b8" />
      <TestMethod codeBase="TestAssembly.dll" className="TestNamespace.TestClass4" name="Test5935" />
    </UnitTest>
    <UnitTest name="Test5936" id="ddfe424f-a89f-4356-bec7-731bdc982a75" storage="TestAssembly.dll">
      <Execution id="54414883-af41-4f2d-b9cf-48e0ca56ed1f" />
      <TestMethod codeBase="TestAssembly.dll" className="TestNamespace.TestClass4" name="Test5936" />
    </UnitTest>
    <UnitTest name="Test5937" id="04c1b153-1d2f-4166-9b00-4259a44f9964" storage="TestAssembly.dll">
      <Execution id="ea07601c-83f4-4f27-b3af-d326c707ce0e" />
      <TestMethod codeBase="TestAssembly.dll" className="TestNamespace.TestClass4" name="Test5937" />
    </UnitTest>
    <UnitTest name="Test5938" id="a91d078a-1bef-4ec1-87db-1ab18359218e" storage="TestAssembly.dll">
      <Execution id="32ad04cc-9318-4f51-8bc8-afd2d8de670a" />
      <TestMethod codeBase="TestAssembly.dll" className="TestNamespace.TestClass4" name="Test5938" />
    </UnitTest>
    <UnitTest name="Test5939" id="def038e2-6b30-461e-9d05-0773c6943003" storage="TestAssembly.dll">
      <Execution id="6f6f38e0-43e8-4a59-a97d-f1c1c72b4f63" />
      <TestMethod codeBase="TestAssembly.dll" className="TestNamespace.TestClass4" name="Test5939" />
    </UnitTest>
    <UnitTest name="Test5940" id="30687cd7-48f2-48eb-ad4e-ba210e54d07b" storage="TestAssembly.dll">
      <Execution id="4d16f1ae-7e9b-4092-9b59-6c8b3c0b9d7c" />
      <TestMethod codeBase="TestAssembly.dll" className="TestNamespace.TestClass4" name="Test5940" />
    </UnitTest>
    <UnitTest name="Test5941" id="56d86900-2924-4671-aa64-13fa976be16a" storage="TestAssembly.dll">
      <Execution id="5a9c08fb-3ba6-4f6c-b0cb-5b6b937e0959" />
      <TestMethod codeBase="TestAssembly.dll" className="TestNamespace.TestClass5" name="Test5941" />
    </UnitTest>
    <UnitTest name="Test5942" id="8e7f0a7a-6a2c-4a27-8249-3684974d3b6a" storage="TestAssembly.dll">
      <Execution id="b5f3f257-d0ec-4f24-8e06-0c9a74d51014" />
      <TestMethod codeBase="TestAssembly.dll" className="TestNamespace.TestClass5" name="Test5942" />
    </UnitTest>
    <UnitTest name="Test5943" id="f86a7bad-c049-4d73-a6be-e96957bcfc58" storage="TestAssembly.dll">
      <Execution id="a5c8f7ae-b3dc-4a33-8bda-9c0225da3506" />
      <TestMethod codeBase="TestAssembly.dll" className="TestNamespace.TestClass5" name="Test5943" />
    </UnitTest>
    <UnitTest name="Test5944" id="c0fb1404-8da0-461d-b162-1da315e3e78e" storage="TestAssembly.dll">
      <Execution id="760158e2-c202-4071-8d41-cf03b2118c33" />
      <TestMethod codeBase="TestAssembly.dll" className="TestNamespace.TestClass5" name="Test5944" />
    </UnitTest>
    <UnitTest name="Test5945" id="61ddc5b3-340b-438e-9f5e-23a76e9e8f7c" storage="TestAssembly.dll">
      <Execution id="512cf141-b93e-470f-b8e6-7a6c63ca0212" />
      <TestMethod codeBase="TestAssembly.dll" className="TestNamespace.TestClass5" name="Test5945" />
    </UnitTest>
    <UnitTest name="Test5946" id="3a0cf9f2-f689-4d84-94cb-6cd91f427a2e" storage="TestAssembly.dll">
      <Execution id="e6fbbc84-6759-4815-a540-37bedd7e70d7" />
      <TestMethod codeBase="TestAssembly.dll" className="TestNamespace.TestClass5" name="Test5946" />
    </UnitTest>
    <UnitTest name="Test5947" id="92e17570-f217-4abd-b683-8a9c70ee3814" storage="TestAssembly.dll">
      <Execution id="af5f811e-7d1f-4d93-a511-ca58800156f8" />
      <TestMethod codeBase="TestAssembly.dll" className="TestNamespace.TestClass5" name="Test5947" />
    </UnitTest>
    <UnitTest name="Test5948" id="ded6953f-1545-4c16-b8a9-66e0736c8810" storage="TestAssembly.dll">
      <Execution id="69c5c5b8-d188-4d9f-918d-5686407b6112" />
      <TestMethod codeBase="TestAssembly.dll" className="TestNamespace.TestClass5" name="Test5948" />
    </UnitTest>
    <UnitTest name="Test5949" id="b674e498-1a6c-425d-ba8d-1a7912cf1756" storage="TestAssembly.dll">
      <Execution id="642f0587-8d88-49bb-8501-1aea55cdb498" />
      <TestMethod codeBase="TestAssembly.dll" className="TestNamespace.TestClass5" name="Test5949" />
    </UnitTest>
    <UnitTest name="Test5950" id="4bbffd4f-3f2c-4746-b28e-2469e638eb50" storage="TestAssembly.dll">
      <Execution id="8ceab0cf-c3a2-46cf-9430-2650089ff27b" />
      <TestMethod codeBase="TestAssembly.dll" className="TestNamespace.TestClass5" name="Test5950" />
    </UnitTest>
    <UnitTest name="Test5951" id="ab15f3c3-5c01-4411-8b58-1ead0cdf3567" storage="TestAssembly.dll">
      <Execution id="c2433e78-3267-4ff4-b9b7-5921d4a90385" />
      <TestMethod codeBase="TestAssembly.dll" className="TestNamespace.TestClass6" name="Test5951" />
    </UnitTest>
    <UnitTest name="Test5952" id="9f84822c-71ca-4a9c-bd0c-c4d379af7cb9" storage="TestAssembly.dll">
      <Execution id="8b865f14-6b0c-4292-b81b-60cdc850b576" />
      <TestMethod codeBase="TestAssembly.dll" className="TestNamespace.TestClass6" name="Test5952" />
    </UnitTest>
    <UnitTest name="Test5953" id="86759392-47e9-4545-a5f9-699dccf07aae" storage="TestAssembly.dll">
      <Execution id="e665eb7f-4c07-4539-b5e0-31510cf82a4e" />
      <TestMethod codeBase="TestAssembly.dll" className="TestNamespace.TestClass6" name="Test5953" />
    </UnitTest>
    <UnitTest name="Test5954" id="9127915a-48e0-4ae7-946c-f1ebe31d0c71" storage="TestAssembly.dll">
      <Execution id="23eaeb1b-eaad-4ccf-9cc5-f72e9e67f207" />
      <TestMethod codeBase="TestAssembly.dll" className="TestNamespace.TestClass6" name="Test5954" />
    </UnitTest>
    <UnitTest name="Test5955" id="844356f8-d2af-43a5-a79c-3f61facfd0bf" storage="TestAssembly.dll">
      <Execution id="198af5cd-7109-4d47-aa48-a0cf22e95a13" />
      <TestMethod codeBase="TestAssembly.dll" className="TestNamespace.TestClass6" name="Test5955" />
    </UnitTest>
    <UnitTest name="Test5956" id="6517b5e3-a2bf-48ff-aed2-3d4d15d53a9e" storage="TestAssembly.dll">
      <Execution id="3f512525-0c8f-48c6-8523-b678050f1ae0" />
      <TestMethod codeBase="TestAssembly.dll" className="TestNamespace.TestClass6" name="Test5956" />
    </UnitTest>
    <UnitTest name="Test5957" id="345de84b-1009-48d2-868b-50ef3279c95d" storage="TestAssembly.dll">
      <Execution id="c6451872-03f0-43ad-a5d0-f1da6ac04351" />
      <TestMethod codeBase="TestAssembly.dll" className="TestNamespace.TestClass6" name="Test5957" />
    </UnitTest>
    <UnitTest name="Test5958" id="2f7f7e46-3378-461a-a26b-7e56aee999f7" storage="TestAssembly.dll">
      <Execution id="950f3d9e-0c84-40d6-997e-61ef186b2a65" />
      <TestMethod codeBase="TestAssembly.dll" className="TestNamespace.TestClass6" name="Test5958" />
    </UnitTest>
    <UnitTest name="Test5959" id="3782c93b-1f88-440e-8cd3-9587dee3b7f2" storage="TestAssembly.dll">
      <Execution id="7b89f0eb-fc83-43bf-a9c1-279d9c8f872b" />
      <TestMethod codeBase="TestAssembly.dll" className="TestNamespace.TestClass6" name="Test5959" />
    </UnitTest>
    <UnitTest name="Test5960" id="af269d1d-33ce-4ffb-83a8-abf61e005cac" storage="TestAssembly.dll">
      <Execution id="45479ca3-4f96-4b5d-92af-c7d1782e5b86" />
      <TestMethod codeBase="TestAssembly.dll" className="TestNamespace.TestClass6" name="Test5960" />
    </UnitTest>
    <UnitTest name="Test5961" id="59a3f245-0a43-4b9c-8291-2a60f946a488" storage="TestAssembly.dll">
      <Execution id="30b3c2b9-1a49-4d78-bda0-31165af260c5" />
      <TestMethod codeBase="TestAssembly.dll" className="TestNamespace.TestClass7" name="Test5961" />
    </UnitTest>
    <UnitTest name="Test5962" id="ae3252a8-a8c0-48f5-898a-b1fc5fcc97f6" storage="TestAssembly.dll">
      <Execution id="8f5aabe7-d902-4a69-9a9c-8a8b69b796c1" />
      <TestMethod codeBase="TestAssembly.dll" className="TestNamespace.TestClass7" name="Test5962" />
    </UnitTest>
    <UnitTest name="Test5963" id="ff5fb214-0db2-4ef3-b022-772c7e9ae750" storage="TestAssembly.dll">
      <Execution id="a27c4ef6-a9b3-40d1-bd13-605af60e0278" />
      <TestMethod codeBase="TestAssembly.dll" className="TestNamespace.TestClass7" name="Test5963" />
    </UnitTest>
    <UnitTest name="Test5964" id="1f21305a-11db-4a47-aebf-ca629c09ade3" storage="TestAssembly.dll">
      <Execution id="84574576-6e0b-4269-b6b3-f6a8c5685bc4" />
      <TestMethod codeBase="TestAssembly.dll" className="TestNamespace.TestClass7" name="Test5964" />
    </UnitTest>
    <UnitTest name="Test5965" id="5f950a8b-aaff-4779-8fac-a46fb22f48c6" storage="TestAssembly.dll">
      <Execution id="3c51a6ff-79d9-4612-a4f5-fb745c44dd51" />
      <TestMethod codeBase="TestAssembly.dll" className="TestNamespace.TestClass7" name="Test5965" />
    </UnitTest>
    <UnitTest name="Test5966" id="b0bdd740-8c13-45c1-8926-7ebaa56beacc" storage="TestAssembly.dll">
      <Execution id="b591f977-fc60-4662-a79f-efc09f0d0bc0" />
      <TestMethod codeBase="TestAssembly.dll" className="TestNamespace.TestClass7" name="Test5966" />
    </UnitTest>
    <UnitTest name="Test5967" id="abee38a4-8d64-4592-a66e-3b5bf2df51cb" storage="TestAssembly.dll">
      <Execution id="bf5153ed-83e5-46c6-bf2f-fd651c8413cc" />
      <TestMethod codeBase="TestAssembly.dll" className="TestNamespace.TestClass7" name="Test5967" />
    </UnitTest>
    <UnitTest name="Test5968" id="4e2af24a-b017-45b8-a990-9d1d0e69bcbe" storage="TestAssembly.dll">
      <Execution id="7e8fbfab-047b-41d8-a9d3-00da971905ba" />
      <TestMethod codeBase="TestAssembly.dll" className="TestNamespace.TestClass7" name="Test5968" />
    </UnitTest>
    <UnitTest name="Test5969" id="db948011-a94f-4bfc-b9ae-795d49941116" storage="TestAssembly.dll">
      <Execution id="b2a53ba2-34d6-4786-aefa-2e226698faa9" />
      <TestMethod codeBase="TestAssembly.dll" className="TestNamespace.TestClass7" name="Test5969" />
    </UnitTest>
    <UnitTest name="Test5970" id="55b7063f-39e2-4b95-adfe-58fb73c2f438" storage="TestAssembly.dll">
      <Execution id="ff315039-c38b-4a74-8379-4fa923fba399" />
      <TestMethod codeBase="TestAssembly.dll" className="TestNamespace.TestClass7" name="Test5970" />
    </UnitTest>
    <UnitTest name="Test5971" id="0fe3d003-c657-4b77-8ab4-672686208976" storage="TestAssembly.dll">
      <Execution id="5571be87-78cf-4bb1-aa84-504dcd0d3bf6" />
      <TestMethod codeBase="TestAssembly.dll" className="TestNamespace.TestClass8" name="Test5971" />
    </UnitTest>
    <UnitTest name="Test5972" id="865b626b-2341-45ef-8c8e-0e105b1a334a" storage="TestAssembly.dll">
      <Execution id="a93d68b1-91cd-47a6-a493-451d0da7b835" />
      <TestMethod codeBase="TestAssembly.dll" className="TestNamespace.TestClass8" name="Test5972" />
    </UnitTest>
    <UnitTest name="Test5973" id="50f48b89-c777-41d4-a423-5fe6d714110b" storage="TestAssembly.dll">
      <Execution id="ffd7087d-6449-4ed4-8e68-7db90dd37f1f" />
      <TestMethod codeBase="TestAssembly.dll" className="TestNamespace.TestClass8" name="Test5973" />
    </UnitTest>
    <UnitTest name="Test5974" id="48a94aaa-f5a2-4fdd-8243-568b1ed13271" storage="TestAssembly.dll">
      <Execution id="3034de9a-d084-44d9-915c-e57eda8f034c" />
      <TestMethod codeBase="TestAssembly.dll" className="TestNamespace.TestClass8" name="Test5974" />
    </UnitTest>
    <UnitTest name="Test5975" id="2c1cf861-6849-4a90-91d2-65fbf25f1fdc" storage="TestAssembly.dll">
      <Execution id="b7c20f79-532d-42b8-92c7-64c172733f37" />
      <TestMethod codeBase="TestAssembly.dll" className="TestNamespace.TestClass8" name="Test5975" />
    </UnitTest>
    <UnitTest name="Test5976" id="623db9f7-782e-4804-aa4f-abae47ad1ccf" storage="TestAssembly.dll">
      <Execution id="0750ca7d-98da-4779-845f-2019a0cf0509" />
      <TestMethod codeBase="TestAssembly.dll" className="TestNamespace.TestClass8" name="Test5976" />
    </UnitTest>
    <UnitTest name="Test5977" id="68164285-d958-4910-a766-e2649b5e3b75" storage="TestAssembly.dll">
      <Execution id="1fd45530-d55a-4247-b91e-81b38412390f" />
      <TestMethod codeBase="TestAssembly.dll" className="TestNamespace.TestClass8" name="Test5977" />
    </UnitTest>
    <UnitTest name="Test5978" id="cd55b323-4c05-4752-a4fa-5f2801c00e7f" storage="TestAssembly.dll">
      <Execution id="342c864f-6796-4bca-8ab8-6770ba3b41d6" />
      <TestMethod codeBase="TestAssembly.dll" className="TestNamespace.TestClass8" name="Test5978" />
    </UnitTest>
    <UnitTest name="Test5979" id="63f46d8c-a078-4f1f-8f29-0c21faecc688" storage="TestAssembly.dll">
      <Execution id="a0c6c371-5817-4f49-be79-7c6e8a2bed1a" />
      <TestMethod codeBase="TestAssembly.dll" className="TestNamespace.TestClass8" name="Test5979" />
    </UnitTest>
    <UnitTest name="Test5980" id="1ef448f5-ca94-4558-9d2e-2a20fabb7bb1" storage="TestAssembly.dll">
      <Execution id="964b1d1e-c47c-4200-a4df-d9158c02c8c5" />
      <TestMethod codeBase="TestAssembly.dll" className="TestNamespace.TestClass8" name="Test5980" />
    </UnitTest>
    <UnitTest name="Test5981" id="e908c3d7-2e1a-46d1-ab85-4740dc7e61d5" storage="TestAssembly.dll">
      <Execution id="c83e081c-7ddb-4f9d-b516-91d1a1789bc5" />
      <TestMethod codeBase="TestAssembly.dll" className="TestNamespace.TestClass9" name="Test5981" />
    </UnitTest>
    <UnitTest name="Test5982" id="b412c362-31e6-4280-822d-26110f7b9ca6" storage="TestAssembly.dll">
      <Execution id="f301bc88-86fa-4b28-829b-542fd400d267" />
      <TestMethod codeBase="TestAssembly.dll" className="TestNamespace.TestClass9" name="Test5982" />
    </UnitTest>
    <UnitTest name="Test5983" id="851d11b4-6b2d-4d9f-88d8-cf60fdd6686e" storage="TestAssembly.dll">
      <Execution id="889aaff1-e077-4a27-b754-0d2cc84c7d4c" />
      <TestMethod codeBase="TestAssembly.dll" className="TestNamespace.TestClass9" name="Test5983" />
    </UnitTest>
    <UnitTest name="Test5984" id="bc84d79f-465d-41c4-91dd-9be5f0295ccd" storage="TestAssembly.dll">
      <Execution id="c54b602a-6737-4b51-b8fd-74fddbf741e0" />
      <TestMethod codeBase="TestAssembly.dll" className="TestNamespace.TestClass9" name="Test5984" />
    </UnitTest>
    <UnitTest name="Test5985" id="9e51ee02-c4d0-4945-a804-c9cb2092c436" storage="TestAssembly.dll">
      <Execution id="565fed79-4f8d-49a7-9346-24d1506ed0dd" />
      <TestMethod codeBase="TestAssembly.dll" className="TestNamespace.TestClass9" name="Test5985" />
    </UnitTest>
    <UnitTest name="Test5986" id="5fb56351-13c5-4bb3-9543-5fc83ac8c160" storage="TestAssembly.dll">
      <Execution id="3b4766a5-f84b-4e53-9efe-799a39ecff98" />
      <TestMethod codeBase="TestAssembly.dll" className="TestNamespace.TestClass9" name="Test5986" />
    </UnitTest>
    <UnitTest name="Test5987" id="a378448c-c578-4816-b7c2-3218c553cdf9" storage="TestAssembly.dll">
      <Execution id="475f070e-f6fc-4740-9294-43d9e9b981e7" />
      <TestMethod codeBase="TestAssembly.dll" className="TestNamespace.TestClass9" name="Test5987" />
    </UnitTest>
    <UnitTest name="Test5988" id="9de6a4ff-442f-442c-b5f2-1574f23fe67e" storage="TestAssembly.dll">
      <Execution id="d636ab44-b591-4732-8f9d-0b0109b9ee7c" />
      <TestMethod codeBase="TestAssembly.dll" className="TestNamespace.TestClass9" name="Test5988" />
    </UnitTest>
    <UnitTest name="Test5989" id="eec71fc1-89c8-48aa-a0a3-a7d3854feede" storage="TestAssembly.dll">
      <Execution id="55610b45-4d77-461f-88bb-8b87194fe883" />
      <TestMethod codeBase="TestAssembly.dll" className="TestNamespace.TestClass9" name="Test5989" />
    </UnitTest>
    <UnitTest name="Test5990" id="90a17d88-d38f-44be-9f47-803c66153a6b" storage="TestAssembly.dll">
      <Execution id="933465bb-5193-4e04-a4a2-7c96267593fb" />
      <TestMethod codeBase="TestAssembly.dll" className="TestNamespace.TestClass9" name="Test5990" />
    </UnitTest>
    <UnitTest name="Test5991" id="183d7485-425c-4e5b-a54f-f94df1a25ddd" storage="TestAssembly.dll">
      <Execution id="a59ddc91-a439-4e55-ab95-988a64f8dedd" />
      <TestMethod codeBase="TestAssembly.dll" className="TestNamespace.TestClass10" name="Test5991" />
    </UnitTest>
    <UnitTest name="Test5992" id="bce35fe7-2415-418f-bbdd-b3786c92338c" storage="TestAssembly.dll">
      <Execution id="f791df6e-c516-447d-895b-9e460eb70528" />
      <TestMethod codeBase="TestAssembly.dll" className="TestNamespace.TestClass10" name="Test5992" />
    </UnitTest>
    <UnitTest name="Test5993" id="d1841568-f139-4b6e-b53c-348b0f650f78" storage="TestAssembly.dll">
      <Execution id="763b0e87-bb3c-4822-bba4-2ef0b362d230" />
      <TestMethod codeBase="TestAssembly.dll" className="TestNamespace.TestClass10" name="Test5993" />
    </UnitTest>
    <UnitTest name="Test5994" id="e0831dd1-ce1a-470f-b103-29722d65d058" storage="TestAssembly.dll">
      <Execution id="4e1e98e6-3db9-471f-8621-3440e706f302" />
      <TestMethod codeBase="TestAssembly.dll" className="TestNamespace.TestClass10" name="Test5994" />
    </UnitTest>
    <UnitTest name="Test5995" id="f8c08b8f-1941-4dd9-84a4-79c1c6eae958" storage="TestAssembly.dll">
      <Execution id="c36c61e1-a6c5-4093-9a37-0fd6bed4881e" />
      <TestMethod codeBase="TestAssembly.dll" className="TestNamespace.TestClass10" name="Test5995" />
    </UnitTest>
    <UnitTest name="Test5996" id="a2e98bda-5ea1-4d67-8456-a7ffcf9eba75" storage="TestAssembly.dll">
      <Execution id="6dd730a0-1529-4d4e-a06e-272444782b47" />
      <TestMethod codeBase="TestAssembly.dll" className="TestNamespace.TestClass10" name="Test5996" />
    </UnitTest>
    <UnitTest name="Test5997" id="4476dc64-fc7d-49d4-bd33-0a84da2475f8" storage="TestAssembly.dll">
      <Execution id="0e49e90b-378c-44ff-a3e9-7adedb7f14d9" />
      <TestMethod codeBase="TestAssembly.dll" className="TestNamespace.TestClass10" name="Test5997" />
    </UnitTest>
    <UnitTest name="Test5998" id="d57a2017-fe29-4101-bbc7-7e3df2e2c424" storage="TestAssembly.dll">
      <Execution id="cbb668d8-9c3c-4cfa-92c3-1572068135db" />
      <TestMethod codeBase="TestAssembly.dll" className="TestNamespace.TestClass10" name="Test5998" />
    </UnitTest>
    <UnitTest name="Test5999" id="69b11c84-c374-4d08-bfe4-3464190219b9" storage="TestAssembly.dll">
      <Execution id="e6615c19-c2cd-44a9-9039-5ec5b57ceb70" />
      <TestMethod codeBase="TestAssembly.dll" className="TestNamespace.TestClass10" name="Test5999" />
    </UnitTest>
    <UnitTest name="Test6000" id="061327ab-e11f-42c2-bf8f-4d342aa7900e" storage="TestAssembly.dll">
      <Execution id="b1e10487-7f28-41d9-821a-181189f90e51" />
      <TestMethod codeBase="TestAssembly.dll" className="TestNamespace.TestClass10" name="Test6000" />
    </UnitTest>
  </TestDefinitions>
  <TestEntries>
    <TestEntry testId="85096f4c-c201-4231-8a6d-8d38e3603db9" executionId="10781f7d-ada3-447e-917d-2f94bcc893c7" testListId="98a24aa8-dea2-4531-bea9-7c58259ed3fa" />
    <TestEntry testId="30a02862-7f0f-4c09-ab24-85f3ca614008" executionId="4e293c9f-34fa-400f-a7a9-27846e86c613" testListId="98a24aa8-dea2-4531-bea9-7c58259ed3fa" />
    <TestEntry testId="d2b2c122-d5bc-4ec7-9d8a-3236c3027a4d" executionId="e9c42584-8a27-42a1-bde4-31a66f2b2d78" testListId="98a24aa8-dea2-4531-bea9-7c58259ed3fa" />
    <TestEntry testId="63618e4e-7ecc-4417-b6f3-fb5a960cbcec" executionId="72a35650-dbd8-457b-b02d-1f2c1bc95bea" testListId="98a24aa8-dea2-4531-bea9-7c58259ed3fa" />
    <TestEntry testId="f3b9ac8b-3c7c-4039-8247-94ad5f56ea5b" executionId="f463a5b6-83ab-4d65-b629-a077c94740c8" testListId="98a24aa8-dea2-4531-bea9-7c58259ed3fa" />
    <TestEntry testId="848a0cad-7e72-4a3a-b00d-8b99e30c8b21" executionId="f4ee7c05-87e3-4430-b6f3-663598122ff8" testListId="98a24aa8-dea2-4531-bea9-7c58259ed3fa" />
    <TestEntry testId="d9dd1056-145b-4546-b9f0-4735dc36523f" executionId="439341a5-3e44-4403-a5a7-87b205281a5a" testListId="98a24aa8-dea2-4531-bea9-7c58259ed3fa" />
    <TestEntry testId="be090edb-e42b-4890-95e0-d7f9de8880ff" executionId="386b63ff-0f2a-41ba-831c-3d8a3157d72c" testListId="98a24aa8-dea2-4531-bea9-7c58259ed3fa" />
    <TestEntry testId="01780cfd-f2b0-4a73-aa35-f34ab3b24820" executionId="00c223f1-5528-4477-a448-e09af9bee0f4" testListId="98a24aa8-dea2-4531-bea9-7c58259ed3fa" />
    <TestEntry testId="27e9373b-38e0-4bc9-a530-e853f8027a1d" executionId="a7c08959-a3f1-448f-b427-54b6076e8b33" testListId="98a24aa8-dea2-4531-bea9-7c58259ed3fa" />
    <TestEntry testId="b5212fca-7f50-4dfe-a0e2-d88e8eb1c2a0" executionId="7b078404-844c-4a9e-ae35-cefc4889f8cd" testListId="98a24aa8-dea2-4531-bea9-7c58259ed3fa" />
    <TestEntry testId="6b8383a8-1b85-4caf-8e08-83d21dfbd4ed" executionId="733fee38-a420-4644-9134-a45b6b25d505" testListId="98a24aa8-dea2-4531-bea9-7c58259ed3fa" />
    <TestEntry testId="0737e40f-1778-4331-960d-8f0efd9f6d03" executionId="3458ce36-7f99-4065-945b-aa6c84e5f7d5" testListId="98a24aa8-dea2-4531-bea9-7c58259ed3fa" />
    <TestEntry testId="24a22e54-489e-4f2b-8cc7-3fb504ec9b48" executionId="42163852-0c53-4385-9a86-247c63cfd032" testListId="98a24aa8-dea2-4531-bea9-7c58259ed3fa" />
    <TestEntry testId="97605492-b18e-414f-81b6-328a10e0e2fe" executionId="0b2e660e-3f19-4d05-a2ef-4229a97c5a60" testListId="98a24aa8-dea2-4531-bea9-7c58259ed3fa" />
    <TestEntry testId="a7f36dba-d665-4e5e-8c6a-6f6d6390d20d" executionId="29469277-4396-48a0-90ae-3927c9fd8ed0" testListId="98a24aa8-dea2-4531-bea9-7c58259ed3fa" />
    <TestEntry testId="e9ea773d-19d9-45f3-9d91-758cbafd5cdd" executionId="9a9de063-c0ba-41d3-8c73-50bdac4ca225" testListId="98a24aa8-dea2-4531-bea9-7c58259ed3fa" />
    <TestEntry testId="c1e8a581-f512-45bf-94d0-f05d509c8d28" executionId="026d9666-b855-4e98-9e25-80b907d733a0" testListId="98a24aa8-dea2-4531-bea9-7c58259ed3fa" />
    <TestEntry testId="91ba1e4e-d0df-48f2-a6b4-189e861bce2f" executionId="d5ce8325-7196-4b82-ac50-ac5cf8d36e9f" testListId="98a24aa8-dea2-4531-bea9-7c58259ed3fa" />
    <TestEntry testId="961e9242-fa56-4652-87a6-e1d110b63174" executionId="bfe4428c-e39b-49ff-b0a9-968e5f13e684" testListId="98a24aa8-dea2-4531-bea9-7c58259ed3fa" />
    <TestEntry testId="34a5138e-cbcc-4e6c-88bb-44043e2ba078" executionId="c52e1a97-a6f5-47a6-b12c-bb0dd04b7ec7" testListId="98a24aa8-dea2-4531-bea9-7c58259ed3fa" />
    <TestEntry testId="21ee27e6-a0b7-41be-bf40-5cc8e6f74039" executionId="654a89d7-3215-4050-93e4-5a81f89959c4" testListId="98a24aa8-dea2-4531-bea9-7c58259ed3fa" />
    <TestEntry testId="2e2c9b58-5127-4ad0-89ee-56abf9e83e60" executionId="85bdb42f-1efc-4098-ad81-e617cd0247d6" testListId="98a24aa8-dea2-4531-bea9-7c58259ed3fa" />
    <TestEntry testId="f33ba52f-fd4a-4f58-8870-1ef82784608b" executionId="6bddda4e-14d1-4b1b-947c-93fd4dde0942" testListId="98a24aa8-dea2-4531-bea9-7c58259ed3fa" />
    <TestEntry testId="aee14d80-038e-43d3-a8cc-d184d954f923" executionId="43261353-0d1d-4c09-8ab3-1907737d2ef9" testListId="98a24aa8-dea2-4531-bea9-7c58259ed3fa" />
    <TestEntry testId="8edcb922-6b66-4032-8dcd-c4317bbc9769" executionId="72c3f350-f1bf-460a-871a-ce87e5d86e9c" testListId="98a24aa8-dea2-4531-bea9-7c58259ed3fa" />
    <TestEntry testId="e2df0f59-3f5a-432b-8c13-82e2de918ee5" executionId="4d785416-691f-49e0-9664-ed1d0cf9e731" testListId="98a24aa8-dea2-4531-bea9-7c58259ed3fa" />
    <TestEntry testId="4fc6df2a-7936-455e-9dfc-04435bd11e80" executionId="b7f1a3a4-da93-4809-b100-da7b458484c3" testListId="98a24aa8-dea2-4531-bea9-7c58259ed3fa" />
    <TestEntry testId="f3f8eeca-0811-4902-bc29-633db2543a01" executionId="99414675-5d14-40a8-becf-a3b10d3bafcd" testListId="98a24aa8-dea2-4531-bea9-7c58259ed3fa" />
    <TestEntry testId="8fde8a0a-2ad6-4e95-a361-6aa440e432a5" executionId="6a495ad8-b8dc-4bef-98a0-91de3149332f" testListId="98a24aa8-dea2-4531-bea9-7c58259ed3fa" />
    <TestEntry testId="3fb101ac-490a-4126-b47e-0e6d20499e2d" executionId="ca9878c0-3e57-4f3d-b1b2-29beafea2a4d" testListId="98a24aa8-dea2-4531-bea9-7c58259ed3fa" />
    <TestEntry testId="28543bc0-36cf-45a3-b6fc-6a47ff4beec3" executionId="44b8bd86-1f76-41a5-a581-3d2bf844e2fd" testListId="98a24aa8-dea2-4531-bea9-7c58259ed3fa" />
    <TestEntry testId="6c88abeb-5a85-4012-9a10-d89c57f0bd3f" executionId="6b8c352d-ca04-4c3b-85d3-a2ce449d95e6" testListId="98a24aa8-dea2-4531-bea9-7c58259ed3fa" />
    <TestEntry testId="c2dce0c2-d7c3-4734-8b8f-706648d1a78b" executionId="9ed07ad0-2712-4f9f-9f25-01b4c23b3085" testListId="98a24aa8-dea2-4531-bea9-7c58259ed3fa" />
    <TestEntry testId="813ee5d8-750e-4688-838c-39b6efaa4be1" executionId="8b605025-dc8e-4d29-8911-0108cfc9a4b8" testListId="98a24aa8-dea2-4531-bea9-7c58259ed3fa" />
    <TestEntry testId="ddfe424f-a89f-4356-bec7-731bdc982a75" executionId="54414883-af41-4f2d-b9cf-48e0ca56ed1f" testListId="98a24aa8-dea2-4531-bea9-7c58259ed3fa" />
    <TestEntry testId="04c1b153-1d2f-4166-9b00-4259a44f9964" executionId="ea07601c-83f4-4f27-b3af-d326c707ce0e" testListId="98a24aa8-dea2-4531-bea9-7c58259ed3fa" />
    <TestEntry testId="a91d078a-1bef-4ec1-87db-1ab18359218e" executionId="32ad04cc-9318-4f51-8bc8-afd2d8de670a" testListId="98a24aa8-dea2-4531-bea9-7c58259ed3fa" />
    <TestEntry testId="def038e2-6b30-461e-9d05-0773c6943003" executionId="6f6f38e0-43e8-4a59-a97d-f1c1c72b4f63" testListId="98a24aa8-dea2-4531-bea9-7c58259ed3fa" />
    <TestEntry testId="30687cd7-48f2-48eb-ad4e-ba210e54d07b" executionId="4d16f1ae-7e9b-4092-9b59-6c8b3c0b9d7c" testListId="98a24aa8-dea2-4531-bea9-7c58259ed3fa" />
    <TestEntry testId="56d86900-2924-4671-aa64-13fa976be16a" executionId="5a9c08fb-3ba6-4f6c-b0cb-5b6b937e0959" testListId="98a24aa8-dea2-4531-bea9-7c58259ed3fa" />
    <TestEntry testId="8e7f0a7a-6a2c-4a27-8249-3684974d3b6a" executionId="b5f3f257-d0ec-4f24-8e06-0c9a74d51014" testListId="98a24aa8-dea2-4531-bea9-7c58259ed3fa" />
    <TestEntry testId="f86a7bad-c049-4d73-a6be-e96957bcfc58" executionId="a5c8f7ae-b3dc-4a33-8bda-9c0225da3506" testListId="98a24aa8-dea2-4531-bea9-7c58259ed3fa" />
    <TestEntry testId="c0fb1404-8da0-461d-b162-1da315e3e78e" executionId="760158e2-c202-4071-8d41-cf03b2118c33" testListId="98a24aa8-dea2-4531-bea9-7c58259ed3fa" />
    <TestEntry testId="61ddc5b3-340b-438e-9f5e-23a76e9e8f7c" executionId="512cf141-b93e-470f-b8e6-7a6c63ca0212" testListId="98a24aa8-dea2-4531-bea9-7c58259ed3fa" />
    <TestEntry testId="3a0cf9f2-f689-4d84-94cb-6cd91f427a2e" executionId="e6fbbc84-6759-4815-a540-37bedd7e70d7" testListId="98a24aa8-dea2-4531-bea9-7c58259ed3fa" />
    <TestEntry testId="92e17570-f217-4abd-b683-8a9c70ee3814" executionId="af5f811e-7d1f-4d93-a511-ca58800156f8" testListId="98a24aa8-dea2-4531-bea9-7c58259ed3fa" />
    <TestEntry testId="ded6953f-1545-4c16-b8a9-66e0736c8810" executionId="69c5c5b8-d188-4d9f-918d-5686407b6112" testListId="98a24aa8-dea2-4531-bea9-7c58259ed3fa" />
    <TestEntry testId="b674e498-1a6c-425d-ba8d-1a7912cf1756" executionId="642f0587-8d88-49bb-8501-1aea55cdb498" testListId="98a24aa8-dea2-4531-bea9-7c58259ed3fa" />
    <TestEntry testId="4bbffd4f-3f2c-4746-b28e-2469e638eb50" executionId="8ceab0cf-c3a2-46cf-9430-2650089ff27b" testListId="98a24aa8-dea2-4531-bea9-7c58259ed3fa" />
    <TestEntry testId="ab15f3c3-5c01-4411-8b58-1ead0cdf3567" executionId="c2433e78-3267-4ff4-b9b7-5921d4a90385" testListId="98a24aa8-dea2-4531-bea9-7c58259ed3fa" />
    <TestEntry testId="9f84822c-71ca-4a9c-bd0c-c4d379af7cb9" executionId="8b865f14-6b0c-4292-b81b-60cdc850b576" testListId="98a24aa8-dea2-4531-bea9-7c58259ed3fa" />
    <TestEntry testId="86759392-47e9-4545-a5f9-699dccf07aae" executionId="e665eb7f-4c07-4539-b5e0-31510cf82a4e" testListId="98a24aa8-dea2-4531-bea9-7c58259ed3fa" />
    <TestEntry testId="9127915a-48e0-4ae7-946c-f1ebe31d0c71" executionId="23eaeb1b-eaad-4ccf-9cc5-f72e9e67f207" testListId="98a24aa8-dea2-4531-bea9-7c58259ed3fa" />
    <TestEntry testId="844356f8-d2af-43a5-a79c-3f61facfd0bf" executionId="198af5cd-7109-4d47-aa48-a0cf22e95a13" testListId="98a24aa8-dea2-4531-bea9-7c58259ed3fa" />
    <TestEntry testId="6517b5e3-a2bf-48ff-aed2-3d4d15d53a9e" executionId="3f512525-0c8f-48c6-8523-b678050f1ae0" testListId="98a24aa8-dea2-4531-bea9-7c58259ed3fa" />
    <TestEntry testId="345de84b-1009-48d2-868b-50ef3279c95d" executionId="c6451872-03f0-43ad-a5d0-f1da6ac04351" testListId="98a24aa8-dea2-4531-bea9-7c58259ed3fa" />
    <TestEntry testId="2f7f7e46-3378-461a-a26b-7e56aee999f7" executionId="950f3d9e-0c84-40d6-997e-61ef186b2a65" testListId="98a24aa8-dea2-4531-bea9-7c58259ed3fa" />
    <TestEntry testId="3782c93b-1f88-440e-8cd3-9587dee3b7f2" executionId="7b89f0eb-fc83-43bf-a9c1-279d9c8f872b" testListId="98a24aa8-dea2-4531-bea9-7c58259ed3fa" />
    <TestEntry testId="af269d1d-33ce-4ffb-83a8-abf61e005cac" executionId="45479ca3-4f96-4b5d-92af-c7d1782e5b86" testListId="98a24aa8-dea2-4531-bea9-7c58259ed3fa" />
    <TestEntry testId="59a3f245-0a43-4b9c-8291-2a60f946a488" executionId="30b3c2b9-1a49-4d78-bda0-31165af260c5" testListId="98a24aa8-dea2-4531-bea9-7c58259ed3fa" />
    <TestEntry testId="ae3252a8-a8c0-48f5-898a-b1fc5fcc97f6" executionId="8f5aabe7-d902-4a69-9a9c-8a8b69b796c1" testListId="98a24aa8-dea2-4531-bea9-7c58259ed3fa" />
    <TestEntry testId="ff5fb214-0db2-4ef3-b022-772c7e9ae750" executionId="a27c4ef6-a9b3-40d1-bd13-605af60e0278" testListId="98a24aa8-dea2-4531-bea9-7c58259ed3fa" />
    <TestEntry testId="1f21305a-11db-4a47-aebf-ca629c09ade3" executionId="84574576-6e0b-4269-b6b3-f6a8c5685bc4" testListId="98a24aa8-dea2-4531-bea9-7c58259ed3fa" />
    <TestEntry testId="5f950a8b-aaff-4779-8fac-a46fb22f48c6" executionId="3c51a6ff-79d9-4612-a4f5-fb745c44dd51" testListId="98a24aa8-dea2-4531-bea9-7c58259ed3fa" />
    <TestEntry testId="b0bdd740-8c13-45c1-8926-7ebaa56beacc" executionId="b591f977-fc60-4662-a79f-efc09f0d0bc0" testListId="98a24aa8-dea2-4531-bea9-7c58259ed3fa" />
    <TestEntry testId="abee38a4-8d64-4592-a66e-3b5bf2df51cb" executionId="bf5153ed-83e5-46c6-bf2f-fd651c8413cc" testListId="98a24aa8-dea2-4531-bea9-7c58259ed3fa" />
    <TestEntry testId="4e2af24a-b017-45b8-a990-9d1d0e69bcbe" executionId="7e8fbfab-047b-41d8-a9d3-00da971905ba" testListId="98a24aa8-dea2-4531-bea9-7c58259ed3fa" />
    <TestEntry testId="db948011-a94f-4bfc-b9ae-795d49941116" executionId="b2a53ba2-34d6-4786-aefa-2e226698faa9" testListId="98a24aa8-dea2-4531-bea9-7c58259ed3fa" />
    <TestEntry testId="55b7063f-39e2-4b95-adfe-58fb73c2f438" executionId="ff315039-c38b-4a74-8379-4fa923fba399" testListId="98a24aa8-dea2-4531-bea9-7c58259ed3fa" />
    <TestEntry testId="0fe3d003-c657-4b77-8ab4-672686208976" executionId="5571be87-78cf-4bb1-aa84-504dcd0d3bf6" testListId="98a24aa8-dea2-4531-bea9-7c58259ed3fa" />
    <TestEntry testId="865b626b-2341-45ef-8c8e-0e105b1a334a" executionId="a93d68b1-91cd-47a6-a493-451d0da7b835" testListId="98a24aa8-dea2-4531-bea9-7c58259ed3fa" />
    <TestEntry testId="50f48b89-c777-41d4-a423-5fe6d714110b" executionId="ffd7087d-6449-4ed4-8e68-7db90dd37f1f" testListId="98a24aa8-dea2-4531-bea9-7c58259ed3fa" />
    <TestEntry testId="48a94aaa-f5a2-4fdd-8243-568b1ed13271" executionId="3034de9a-d084-44d9-915c-e57eda8f034c" testListId="98a24aa8-dea2-4531-bea9-7c58259ed3fa" />
    <TestEntry testId="2c1cf861-6849-4a90-91d2-65fbf25f1fdc" executionId="b7c20f79-532d-42b8-92c7-64c172733f37" testListId="98a24aa8-dea2-4531-bea9-7c58259ed3fa" />
    <TestEntry testId="623db9f7-782e-4804-aa4f-abae47ad1ccf" executionId="0750ca7d-98da-4779-845f-2019a0cf0509" testListId="98a24aa8-dea2-4531-bea9-7c58259ed3fa" />
    <TestEntry testId="68164285-d958-4910-a766-e2649b5e3b75" executionId="1fd45530-d55a-4247-b91e-81b38412390f" testListId="98a24aa8-dea2-4531-bea9-7c58259ed3fa" />
    <TestEntry testId="cd55b323-4c05-4752-a4fa-5f2801c00e7f" executionId="342c864f-6796-4bca-8ab8-6770ba3b41d6" testListId="98a24aa8-dea2-4531-bea9-7c58259ed3fa" />
    <TestEntry testId="63f46d8c-a078-4f1f-8f29-0c21faecc688" executionId="a0c6c371-5817-4f49-be79-7c6e8a2bed1a" testListId="98a24aa8-dea2-4531-bea9-7c58259ed3fa" />
    <TestEntry testId="1ef448f5-ca94-4558-9d2e-2a20fabb7bb1" executionId="964b1d1e-c47c-4200-a4df-d9158c02c8c5" testListId="98a24aa8-dea2-4531-bea9-7c58259ed3fa" />
    <TestEntry testId="e908c3d7-2e1a-46d1-ab85-4740dc7e61d5" executionId="c83e081c-7ddb-4f9d-b516-91d1a1789bc5" testListId="98a24aa8-dea2-4531-bea9-7c58259ed3fa" />
    <TestEntry testId="b412c362-31e6-4280-822d-26110f7b9ca6" executionId="f301bc88-86fa-4b28-829b-542fd400d267" testListId="98a24aa8-dea2-4531-bea9-7c58259ed3fa" />
    <TestEntry testId="851d11b4-6b2d-4d9f-88d8-cf60fdd6686e" executionId="889aaff1-e077-4a27-b754-0d2cc84c7d4c" testListId="98a24aa8-dea2-4531-bea9-7c58259ed3fa" />
    <TestEntry testId="bc84d79f-465d-41c4-91dd-9be5f0295ccd" executionId="c54b602a-6737-4b51-b8fd-74fddbf741e0" testListId="98a24aa8-dea2-4531-bea9-7c58259ed3fa" />
    <TestEntry testId="9e51ee02-c4d0-4945-a804-c9cb2092c436" executionId="565fed79-4f8d-49a7-9346-24d1506ed0dd" testListId="98a24aa8-dea2-4531-bea9-7c58259ed3fa" />
    <TestEntry testId="5fb56351-13c5-4bb3-9543-5fc83ac8c160" executionId="3b4766a5-f84b-4e53-9efe-799a39ecff98" testListId="98a24aa8-dea2-4531-bea9-7c58259ed3fa" />
    <TestEntry testId="a378448c-c578-4816-b7c2-3218c553cdf9" executionId="475f070e-f6fc-4740-9294-43d9e9b981e7" testListId="98a24aa8-dea2-4531-bea9-7c58259ed3fa" />
    <TestEntry testId="9de6a4ff-442f-442c-b5f2-1574f23fe67e" executionId="d636ab44-b591-4732-8f9d-0b0109b9ee7c" testListId="98a24aa8-dea2-4531-bea9-7c58259ed3fa" />
    <TestEntry testId="eec71fc1-89c8-48aa-a0a3-a7d3854feede" executionId="55610b45-4d77-461f-88bb-8b87194fe883" testListId="98a24aa8-dea2-4531-bea9-7c58259ed3fa" />
    <TestEntry testId="90a17d88-d38f-44be-9f47-803c66153a6b" executionId="933465bb-5193-4e04-a4a2-7c96267593fb" testListId="98a24aa8-dea2-4531-bea9-7c58259ed3fa" />
    <TestEntry testId="183d7485-425c-4e5b-a54f-f94df1a25ddd" executionId="a59ddc91-a439-4e55-ab95-988a64f8dedd" testListId="98a24aa8-dea2-4531-bea9-7c58259ed3fa" />
    <TestEntry testId="bce35fe7-2415-418f-bbdd-b3786c92338c" executionId="f791df6e-c516-447d-895b-9e460eb70528" testListId="98a24aa8-dea2-4531-bea9-7c58259ed3fa" />
    <TestEntry testId="d1841568-f139-4b6e-b53c-348b0f650f78" executionId="763b0e87-bb3c-4822-bba4-2ef0b362d230" testListId="98a24aa8-dea2-4531-bea9-7c58259ed3fa" />
    <TestEntry testId="e0831dd1-ce1a-470f-b103-29722d65d058" executionId="4e1e98e6-3db9-471f-8621-3440e706f302" testListId="98a24aa8-dea2-4531-bea9-7c58259ed3fa" />
    <TestEntry testId="f8c08b8f-1941-4dd9-84a4-79c1c6eae958" executionId="c36c61e1-a6c5-4093-9a37-0fd6bed4881e" testListId="98a24aa8-dea2-4531-bea9-7c58259ed3fa" />
    <TestEntry testId="a2e98bda-5ea1-4d67-8456-a7ffcf9eba75" executionId="6dd730a0-1529-4d4e-a06e-272444782b47" testListId="98a24aa8-dea2-4531-bea9-7c58259ed3fa" />
    <TestEntry testId="4476dc64-fc7d-49d4-bd33-0a84da2475f8" executionId="0e49e90b-378c-44ff-a3e9-7adedb7f14d9" testListId="98a24aa8-dea2-4531-bea9-7c58259ed3fa" />
    <TestEntry testId="d57a2017-fe29-4101-bbc7-7e3df2e2c424" executionId="cbb668d8-9c3c-4cfa-92c3-1572068135db" testListId="98a24aa8-dea2-4531-bea9-7c58259ed3fa" />
    <TestEntry testId="69b11c84-c374-4d08-bfe4-3464190219b9" executionId="e6615c19-c2cd-44a9-9039-5ec5b57ceb70" testListId="98a24aa8-dea2-4531-bea9-7c58259ed3fa" />
    <TestEntry testId="061327ab-e11f-42c2-bf8f-4d342aa7900e" executionId="b1e10487-7f28-41d9-821a-181189f90e51" testListId="98a24aa8-dea2-4531-bea9-7c58259ed3fa" />
  </TestEntries>
  <TestLists>
    <TestList name="Results Not in a List" id="98a24aa8-dea2-4531-bea9-7c58259ed3fa" />
    <TestList name="All Loaded Results" id="c2476319-8212-4dad-8634-7a2bc9490da7" />
  </TestLists>
</TestRun>