<?xml version="1.0" encoding="UTF-8"?>
<TestRun id="6c845008-eb1b-48d1-8777-9893fd65c72e" name="Test Run 83" runUser="Oles Galatsan" xmlns="http://microsoft.com/schemas/VisualStudio/TeamTest/2010">
  <Times creation="2025-05-14T13:20:31.3125482Z" queuing="2025-05-14T13:20:31.3125482Z" start="2025-05-14T13:20:31.3146610Z" finish="2025-05-14T13:25:31.3147553Z" />
  <TestSettings name="Test Settings 83" id="2ce0aa7f-6149-4b96-a477-ca8e36bb98d9" />
  <Results>
    <UnitTestResult executionId="861f01e1-1d56-4901-83f2-973260f7dc7e" testId="f4620f06-3e4c-4807-accc-4fc7aef0c002" testName="Test8201" computerName="UA-LPT-OGA2" duration="00:00:00.4800000" startTime="2025-05-14T13:20:31.3146610Z" endTime="2025-05-14T13:25:31.3147553Z" testType="13cdc9d9-ddb5-4fa4-a97d-d965ccfc6d4b" outcome="Passed" testListId="209e7f71-c765-4a43-bd35-749f022a1dcc" />
    <UnitTestResult executionId="6dfd66a8-bc7c-46f8-b2ea-b05131edf973" testId="58de464d-0bc2-4978-a9f4-fea139c68fbc" testName="Test8202" computerName="UA-LPT-OGA2" duration="00:00:00.8690000" startTime="2025-05-14T13:20:31.3146610Z" endTime="2025-05-14T13:25:31.3147553Z" testType="13cdc9d9-ddb5-4fa4-a97d-d965ccfc6d4b" outcome="Failed" testListId="209e7f71-c765-4a43-bd35-749f022a1dcc">
      <Output>
        <ErrorInfo>
          <Message>Assertion failed: Expected value did not match actual value.</Message>
          <StackTrace>   at TestNamespace.TestClass.Test() in TestClass.cs:line 142</StackTrace>
        </ErrorInfo>
      </Output>
    </UnitTestResult>
    <UnitTestResult executionId="3d42278c-05c1-43a2-880a-ecce7a5cc2fe" testId="ab27bdca-76a3-4635-b43b-c0cf927acfc8" testName="Test8203" computerName="UA-LPT-OGA2" duration="00:00:00.5430000" startTime="2025-05-14T13:20:31.3146610Z" endTime="2025-05-14T13:25:31.3147553Z" testType="13cdc9d9-ddb5-4fa4-a97d-d965ccfc6d4b" outcome="Passed" testListId="209e7f71-c765-4a43-bd35-749f022a1dcc" />
    <UnitTestResult executionId="63e70d77-037c-4157-b80e-03a02fa5d950" testId="5ba871c0-4ef7-42ec-8fb4-b17467a458e3" testName="Test8204" computerName="UA-LPT-OGA2" duration="00:00:01.1450000" startTime="2025-05-14T13:20:31.3146610Z" endTime="2025-05-14T13:25:31.3147553Z" testType="13cdc9d9-ddb5-4fa4-a97d-d965ccfc6d4b" outcome="Passed" testListId="209e7f71-c765-4a43-bd35-749f022a1dcc" />
    <UnitTestResult executionId="8fc72259-e158-4c06-bc7b-a65b478341ae" testId="1c3858b6-52d6-4205-8430-3fc58f0722dd" testName="Test8205" computerName="UA-LPT-OGA2" duration="00:00:00.6580000" startTime="2025-05-14T13:20:31.3146610Z" endTime="2025-05-14T13:25:31.3147553Z" testType="13cdc9d9-ddb5-4fa4-a97d-d965ccfc6d4b" outcome="Passed" testListId="209e7f71-c765-4a43-bd35-749f022a1dcc" />
    <UnitTestResult executionId="81713b86-56db-471f-8f6d-1bd3bbbfe2b3" testId="79eda516-2b7d-4b30-8224-824d88475330" testName="Test8206" computerName="UA-LPT-OGA2" duration="00:00:01.5070000" startTime="2025-05-14T13:20:31.3146610Z" endTime="2025-05-14T13:25:31.3147553Z" testType="13cdc9d9-ddb5-4fa4-a97d-d965ccfc6d4b" outcome="Passed" testListId="209e7f71-c765-4a43-bd35-749f022a1dcc" />
    <UnitTestResult executionId="dc4c4fe4-e505-4662-8ad4-674ccde85779" testId="ca3211e2-d743-4870-8f03-7d3405076ec6" testName="Test8207" computerName="UA-LPT-OGA2" duration="00:00:00.8550000" startTime="2025-05-14T13:20:31.3146610Z" endTime="2025-05-14T13:25:31.3147553Z" testType="13cdc9d9-ddb5-4fa4-a97d-d965ccfc6d4b" outcome="Passed" testListId="209e7f71-c765-4a43-bd35-749f022a1dcc" />
    <UnitTestResult executionId="808b804d-37f8-4c31-9752-23188b424ecd" testId="ac4e7c9c-370d-469e-ac3b-a8bd93940602" testName="Test8208" computerName="UA-LPT-OGA2" duration="00:00:00.6980000" startTime="2025-05-14T13:20:31.3146610Z" endTime="2025-05-14T13:25:31.3147553Z" testType="13cdc9d9-ddb5-4fa4-a97d-d965ccfc6d4b" outcome="Passed" testListId="209e7f71-c765-4a43-bd35-749f022a1dcc" />
    <UnitTestResult executionId="e07a313d-64e1-4b81-9113-694dcce537e0" testId="29febdcb-b780-48ff-8b22-dcf774115991" testName="Test8209" computerName="UA-LPT-OGA2" duration="00:00:00.1280000" startTime="2025-05-14T13:20:31.3146610Z" endTime="2025-05-14T13:25:31.3147553Z" testType="13cdc9d9-ddb5-4fa4-a97d-d965ccfc6d4b" outcome="Passed" testListId="209e7f71-c765-4a43-bd35-749f022a1dcc" />
    <UnitTestResult executionId="3a6b820c-2049-4225-bc55-026ad8b5188c" testId="f2c72142-65b4-4a88-8325-7a49b1e778f7" testName="Test8210" computerName="UA-LPT-OGA2" duration="00:00:01.2510000" startTime="2025-05-14T13:20:31.3146610Z" endTime="2025-05-14T13:25:31.3147553Z" testType="13cdc9d9-ddb5-4fa4-a97d-d965ccfc6d4b" outcome="Passed" testListId="209e7f71-c765-4a43-bd35-749f022a1dcc" />
    <UnitTestResult executionId="2ace6926-42b7-449d-bc10-815fb5505aa2" testId="b1ed6080-f8d9-4188-a8ca-a9e1917b25c5" testName="Test8211" computerName="UA-LPT-OGA2" duration="00:00:01.9030000" startTime="2025-05-14T13:20:31.3146610Z" endTime="2025-05-14T13:25:31.3147553Z" testType="13cdc9d9-ddb5-4fa4-a97d-d965ccfc6d4b" outcome="Passed" testListId="209e7f71-c765-4a43-bd35-749f022a1dcc" />
    <UnitTestResult executionId="6c358a20-76bc-4078-966c-831651d3c9c3" testId="39220b98-641e-4e62-ab00-596d554ed03f" testName="Test8212" computerName="UA-LPT-OGA2" duration="00:00:01.7430000" startTime="2025-05-14T13:20:31.3146610Z" endTime="2025-05-14T13:25:31.3147553Z" testType="13cdc9d9-ddb5-4fa4-a97d-d965ccfc6d4b" outcome="Passed" testListId="209e7f71-c765-4a43-bd35-749f022a1dcc" />
    <UnitTestResult executionId="255e0f55-a1aa-4aa1-a44e-da9a6e068aae" testId="d426a742-cd08-4515-88f1-b2f7e8bb6b85" testName="Test8213" computerName="UA-LPT-OGA2" duration="00:00:01.4980000" startTime="2025-05-14T13:20:31.3146610Z" endTime="2025-05-14T13:25:31.3147553Z" testType="13cdc9d9-ddb5-4fa4-a97d-d965ccfc6d4b" outcome="Passed" testListId="209e7f71-c765-4a43-bd35-749f022a1dcc" />
    <UnitTestResult executionId="d4c6bd52-c738-415f-9baa-307b03e7e93d" testId="1040c5de-5285-4974-a482-e0a0aa38988b" testName="Test8214" computerName="UA-LPT-OGA2" duration="00:00:01.1620000" startTime="2025-05-14T13:20:31.3146610Z" endTime="2025-05-14T13:25:31.3147553Z" testType="13cdc9d9-ddb5-4fa4-a97d-d965ccfc6d4b" outcome="Passed" testListId="209e7f71-c765-4a43-bd35-749f022a1dcc" />
    <UnitTestResult executionId="2d0360ab-df59-4327-8fe0-0337781a6b21" testId="db56518e-61b9-4a91-8dcc-be96340400e9" testName="Test8215" computerName="UA-LPT-OGA2" duration="00:00:00.6780000" startTime="2025-05-14T13:20:31.3146610Z" endTime="2025-05-14T13:25:31.3147553Z" testType="13cdc9d9-ddb5-4fa4-a97d-d965ccfc6d4b" outcome="Passed" testListId="209e7f71-c765-4a43-bd35-749f022a1dcc" />
    <UnitTestResult executionId="ae3c3323-2510-4267-bf58-8e8c6e8c6110" testId="dfcd74e4-07c9-44b8-9fd5-53f37e5225b8" testName="Test8216" computerName="UA-LPT-OGA2" duration="00:00:01.1930000" startTime="2025-05-14T13:20:31.3146610Z" endTime="2025-05-14T13:25:31.3147553Z" testType="13cdc9d9-ddb5-4fa4-a97d-d965ccfc6d4b" outcome="Passed" testListId="209e7f71-c765-4a43-bd35-749f022a1dcc" />
    <UnitTestResult executionId="79564d2f-cde6-4334-9399-cf6b8f45f972" testId="a2247498-cf70-488a-90ea-1fbd4ba616c0" testName="Test8217" computerName="UA-LPT-OGA2" duration="00:00:00.6500000" startTime="2025-05-14T13:20:31.3146610Z" endTime="2025-05-14T13:25:31.3147553Z" testType="13cdc9d9-ddb5-4fa4-a97d-d965ccfc6d4b" outcome="Passed" testListId="209e7f71-c765-4a43-bd35-749f022a1dcc" />
    <UnitTestResult executionId="d8502027-c995-4748-af19-3b34dc4a2504" testId="17779ee4-7cfb-454a-8e54-8bf829cb2374" testName="Test8218" computerName="UA-LPT-OGA2" duration="00:00:00.2040000" startTime="2025-05-14T13:20:31.3146610Z" endTime="2025-05-14T13:25:31.3147553Z" testType="13cdc9d9-ddb5-4fa4-a97d-d965ccfc6d4b" outcome="Failed" testListId="209e7f71-c765-4a43-bd35-749f022a1dcc">
      <Output>
        <ErrorInfo>
          <Message>Assertion failed: Expected value did not match actual value.</Message>
          <StackTrace>   at TestNamespace.TestClass.Test() in TestClass.cs:line 483</StackTrace>
        </ErrorInfo>
      </Output>
    </UnitTestResult>
    <UnitTestResult executionId="b706ad58-6002-4271-96a8-51cf4dd4143a" testId="b961c13a-a4c3-45bd-aa46-cd9585614a04" testName="Test8219" computerName="UA-LPT-OGA2" duration="00:00:01.7750000" startTime="2025-05-14T13:20:31.3146610Z" endTime="2025-05-14T13:25:31.3147553Z" testType="13cdc9d9-ddb5-4fa4-a97d-d965ccfc6d4b" outcome="Passed" testListId="209e7f71-c765-4a43-bd35-749f022a1dcc" />
    <UnitTestResult executionId="720e52ae-dc00-4a8b-8a64-9c2bf2f0c231" testId="1c0f9499-e487-4180-9c1f-aae97145d7ae" testName="Test8220" computerName="UA-LPT-OGA2" duration="00:00:00.6680000" startTime="2025-05-14T13:20:31.3146610Z" endTime="2025-05-14T13:25:31.3147553Z" testType="13cdc9d9-ddb5-4fa4-a97d-d965ccfc6d4b" outcome="Passed" testListId="209e7f71-c765-4a43-bd35-749f022a1dcc" />
    <UnitTestResult executionId="0adf8b11-b65a-4e4d-8047-f4da66feaa07" testId="28fe3f48-659d-4ea9-979f-d9c8a0ff72aa" testName="Test8221" computerName="UA-LPT-OGA2" duration="00:00:00.5600000" startTime="2025-05-14T13:20:31.3146610Z" endTime="2025-05-14T13:25:31.3147553Z" testType="13cdc9d9-ddb5-4fa4-a97d-d965ccfc6d4b" outcome="Passed" testListId="209e7f71-c765-4a43-bd35-749f022a1dcc" />
    <UnitTestResult executionId="cccaec31-af8d-4b74-be70-7a2fe410ae41" testId="50e5feb7-de9d-4048-8634-67739f9f029a" testName="Test8222" computerName="UA-LPT-OGA2" duration="00:00:00.3080000" startTime="2025-05-14T13:20:31.3146610Z" endTime="2025-05-14T13:25:31.3147553Z" testType="13cdc9d9-ddb5-4fa4-a97d-d965ccfc6d4b" outcome="Passed" testListId="209e7f71-c765-4a43-bd35-749f022a1dcc" />
    <UnitTestResult executionId="f352dce8-cca2-4941-81cc-0ff904034f68" testId="e57c9381-1afb-4732-9a5f-05a2e32fe804" testName="Test8223" computerName="UA-LPT-OGA2" duration="00:00:00.8730000" startTime="2025-05-14T13:20:31.3146610Z" endTime="2025-05-14T13:25:31.3147553Z" testType="13cdc9d9-ddb5-4fa4-a97d-d965ccfc6d4b" outcome="Passed" testListId="209e7f71-c765-4a43-bd35-749f022a1dcc" />
    <UnitTestResult executionId="9e07db1c-b7d3-4785-990e-ed68b2977a7f" testId="c77cb809-bd9d-47db-9e13-0475d6a2e5c5" testName="Test8224" computerName="UA-LPT-OGA2" duration="00:00:00.0700000" startTime="2025-05-14T13:20:31.3146610Z" endTime="2025-05-14T13:25:31.3147553Z" testType="13cdc9d9-ddb5-4fa4-a97d-d965ccfc6d4b" outcome="Passed" testListId="209e7f71-c765-4a43-bd35-749f022a1dcc" />
    <UnitTestResult executionId="fd39795f-8b14-49b1-a801-173a2f787861" testId="19c9a543-90a5-4788-ac54-14c6f6ca5f3e" testName="Test8225" computerName="UA-LPT-OGA2" duration="00:00:01.2980000" startTime="2025-05-14T13:20:31.3146610Z" endTime="2025-05-14T13:25:31.3147553Z" testType="13cdc9d9-ddb5-4fa4-a97d-d965ccfc6d4b" outcome="Passed" testListId="209e7f71-c765-4a43-bd35-749f022a1dcc" />
    <UnitTestResult executionId="8d4c5611-6aee-4144-8a0c-ee1fad32207a" testId="0fc0b81f-b79c-4e06-8e9e-fae2351c4bb6" testName="Test8226" computerName="UA-LPT-OGA2" duration="00:00:00.4390000" startTime="2025-05-14T13:20:31.3146610Z" endTime="2025-05-14T13:25:31.3147553Z" testType="13cdc9d9-ddb5-4fa4-a97d-d965ccfc6d4b" outcome="Passed" testListId="209e7f71-c765-4a43-bd35-749f022a1dcc" />
    <UnitTestResult executionId="319288ed-cb27-4b83-af00-2a72add5ff28" testId="28bf476e-28de-429e-98d2-511aefb4a5db" testName="Test8227" computerName="UA-LPT-OGA2" duration="00:00:00.4810000" startTime="2025-05-14T13:20:31.3146610Z" endTime="2025-05-14T13:25:31.3147553Z" testType="13cdc9d9-ddb5-4fa4-a97d-d965ccfc6d4b" outcome="Passed" testListId="209e7f71-c765-4a43-bd35-749f022a1dcc" />
    <UnitTestResult executionId="6cc52fa5-9e33-43b3-a477-9f2b75bb82e6" testId="dad2cd82-b5a0-4a3b-8836-9d72f62cd488" testName="Test8228" computerName="UA-LPT-OGA2" duration="00:00:00.3740000" startTime="2025-05-14T13:20:31.3146610Z" endTime="2025-05-14T13:25:31.3147553Z" testType="13cdc9d9-ddb5-4fa4-a97d-d965ccfc6d4b" outcome="Passed" testListId="209e7f71-c765-4a43-bd35-749f022a1dcc" />
    <UnitTestResult executionId="fcdca24d-7c1b-423c-86b1-09d670c37b3a" testId="33d71696-eb16-4056-848d-86179042503c" testName="Test8229" computerName="UA-LPT-OGA2" duration="00:00:01.9850000" startTime="2025-05-14T13:20:31.3146610Z" endTime="2025-05-14T13:25:31.3147553Z" testType="13cdc9d9-ddb5-4fa4-a97d-d965ccfc6d4b" outcome="Failed" testListId="209e7f71-c765-4a43-bd35-749f022a1dcc">
      <Output>
        <ErrorInfo>
          <Message>Assertion failed: Expected value did not match actual value.</Message>
          <StackTrace>   at TestNamespace.TestClass.Test() in TestClass.cs:line 309</StackTrace>
        </ErrorInfo>
      </Output>
    </UnitTestResult>
    <UnitTestResult executionId="5ad86415-3b98-47bc-95d1-00758f29d7e5" testId="8bb4188b-4b34-481c-b9ef-80afba72ff09" testName="Test8230" computerName="UA-LPT-OGA2" duration="00:00:01.8370000" startTime="2025-05-14T13:20:31.3146610Z" endTime="2025-05-14T13:25:31.3147553Z" testType="13cdc9d9-ddb5-4fa4-a97d-d965ccfc6d4b" outcome="Passed" testListId="209e7f71-c765-4a43-bd35-749f022a1dcc" />
    <UnitTestResult executionId="cfc5f1f7-5062-42b2-ab4d-c1d482766e90" testId="ad756946-4a8d-4ef0-af5f-2936f29c02fb" testName="Test8231" computerName="UA-LPT-OGA2" duration="00:00:01.4120000" startTime="2025-05-14T13:20:31.3146610Z" endTime="2025-05-14T13:25:31.3147553Z" testType="13cdc9d9-ddb5-4fa4-a97d-d965ccfc6d4b" outcome="Passed" testListId="209e7f71-c765-4a43-bd35-749f022a1dcc" />
    <UnitTestResult executionId="402dc7af-8510-49d6-98a7-0f97b36422b3" testId="8e3fa8d8-a311-413d-b51d-64e43e150c03" testName="Test8232" computerName="UA-LPT-OGA2" duration="00:00:01.8540000" startTime="2025-05-14T13:20:31.3146610Z" endTime="2025-05-14T13:25:31.3147553Z" testType="13cdc9d9-ddb5-4fa4-a97d-d965ccfc6d4b" outcome="Passed" testListId="209e7f71-c765-4a43-bd35-749f022a1dcc" />
    <UnitTestResult executionId="4d775cba-7a09-4168-95c6-0fdfaaa22646" testId="5eb087dd-e7c7-4271-8539-3e603c03de69" testName="Test8233" computerName="UA-LPT-OGA2" duration="00:00:00.3660000" startTime="2025-05-14T13:20:31.3146610Z" endTime="2025-05-14T13:25:31.3147553Z" testType="13cdc9d9-ddb5-4fa4-a97d-d965ccfc6d4b" outcome="Passed" testListId="209e7f71-c765-4a43-bd35-749f022a1dcc" />
    <UnitTestResult executionId="116b0218-1e0c-466d-82cf-327842da66f5" testId="f32ea965-d699-4ebc-85a1-3fcf62ae56f3" testName="Test8234" computerName="UA-LPT-OGA2" duration="00:00:01.7580000" startTime="2025-05-14T13:20:31.3146610Z" endTime="2025-05-14T13:25:31.3147553Z" testType="13cdc9d9-ddb5-4fa4-a97d-d965ccfc6d4b" outcome="Passed" testListId="209e7f71-c765-4a43-bd35-749f022a1dcc" />
    <UnitTestResult executionId="f4711fc2-7541-4289-813f-dffe02b36344" testId="6a75002b-d7d2-4cc1-bb0b-a1488e1a6376" testName="Test8235" computerName="UA-LPT-OGA2" duration="00:00:00.2750000" startTime="2025-05-14T13:20:31.3146610Z" endTime="2025-05-14T13:25:31.3147553Z" testType="13cdc9d9-ddb5-4fa4-a97d-d965ccfc6d4b" outcome="Passed" testListId="209e7f71-c765-4a43-bd35-749f022a1dcc" />
    <UnitTestResult executionId="cd7d753a-d6f8-4811-9e1a-f4e56f28edaa" testId="d23f38b9-8ea5-4ccd-be58-7d8d2d8d94b2" testName="Test8236" computerName="UA-LPT-OGA2" duration="00:00:01.8230000" startTime="2025-05-14T13:20:31.3146610Z" endTime="2025-05-14T13:25:31.3147553Z" testType="13cdc9d9-ddb5-4fa4-a97d-d965ccfc6d4b" outcome="Passed" testListId="209e7f71-c765-4a43-bd35-749f022a1dcc" />
    <UnitTestResult executionId="1fcf5abb-f423-4ded-b3fc-d41ff6e108ee" testId="93263349-11e6-45bf-a554-a2b986866310" testName="Test8237" computerName="UA-LPT-OGA2" duration="00:00:01.5470000" startTime="2025-05-14T13:20:31.3146610Z" endTime="2025-05-14T13:25:31.3147553Z" testType="13cdc9d9-ddb5-4fa4-a97d-d965ccfc6d4b" outcome="Passed" testListId="209e7f71-c765-4a43-bd35-749f022a1dcc" />
    <UnitTestResult executionId="d440d9e8-68a6-4fe6-a950-04d129fefaa2" testId="64c73a42-08f3-4084-9d95-0c9bbba14123" testName="Test8238" computerName="UA-LPT-OGA2" duration="00:00:01.2290000" startTime="2025-05-14T13:20:31.3146610Z" endTime="2025-05-14T13:25:31.3147553Z" testType="13cdc9d9-ddb5-4fa4-a97d-d965ccfc6d4b" outcome="Passed" testListId="209e7f71-c765-4a43-bd35-749f022a1dcc" />
    <UnitTestResult executionId="a6e15d06-b8c3-4576-a73f-9dabaf7ee112" testId="b43d536e-739b-441c-b0b5-0dcea45311a4" testName="Test8239" computerName="UA-LPT-OGA2" duration="00:00:01.7230000" startTime="2025-05-14T13:20:31.3146610Z" endTime="2025-05-14T13:25:31.3147553Z" testType="13cdc9d9-ddb5-4fa4-a97d-d965ccfc6d4b" outcome="Failed" testListId="209e7f71-c765-4a43-bd35-749f022a1dcc">
      <Output>
        <ErrorInfo>
          <Message>Assertion failed: Expected value did not match actual value.</Message>
          <StackTrace>   at TestNamespace.TestClass.Test() in TestClass.cs:line 466</StackTrace>
        </ErrorInfo>
      </Output>
    </UnitTestResult>
    <UnitTestResult executionId="688c8f0f-1b67-47d4-b8bd-9325bb5625ce" testId="96166012-12fe-42f7-95b3-7e62205737ff" testName="Test8240" computerName="UA-LPT-OGA2" duration="00:00:00.8790000" startTime="2025-05-14T13:20:31.3146610Z" endTime="2025-05-14T13:25:31.3147553Z" testType="13cdc9d9-ddb5-4fa4-a97d-d965ccfc6d4b" outcome="Passed" testListId="209e7f71-c765-4a43-bd35-749f022a1dcc" />
    <UnitTestResult executionId="52bbdd6c-9b19-40df-b6b4-02dc8065ca9c" testId="d4881b47-8f44-4752-a504-b4c2fb02410d" testName="Test8241" computerName="UA-LPT-OGA2" duration="00:00:00.3040000" startTime="2025-05-14T13:20:31.3146610Z" endTime="2025-05-14T13:25:31.3147553Z" testType="13cdc9d9-ddb5-4fa4-a97d-d965ccfc6d4b" outcome="Passed" testListId="209e7f71-c765-4a43-bd35-749f022a1dcc" />
    <UnitTestResult executionId="f98ad07d-7321-4e2a-bd36-3330152da74d" testId="9608a222-0c85-45fa-9b72-594215e56569" testName="Test8242" computerName="UA-LPT-OGA2" duration="00:00:00.1070000" startTime="2025-05-14T13:20:31.3146610Z" endTime="2025-05-14T13:25:31.3147553Z" testType="13cdc9d9-ddb5-4fa4-a97d-d965ccfc6d4b" outcome="Passed" testListId="209e7f71-c765-4a43-bd35-749f022a1dcc" />
    <UnitTestResult executionId="14a8e1a6-c98a-473d-b5a7-76b305bd0bbb" testId="4a3fedc3-94ba-4dce-9fdc-176506a8edea" testName="Test8243" computerName="UA-LPT-OGA2" duration="00:00:00.9260000" startTime="2025-05-14T13:20:31.3146610Z" endTime="2025-05-14T13:25:31.3147553Z" testType="13cdc9d9-ddb5-4fa4-a97d-d965ccfc6d4b" outcome="Failed" testListId="209e7f71-c765-4a43-bd35-749f022a1dcc">
      <Output>
        <ErrorInfo>
          <Message>Assertion failed: Expected value did not match actual value.</Message>
          <StackTrace>   at TestNamespace.TestClass.Test() in TestClass.cs:line 59</StackTrace>
        </ErrorInfo>
      </Output>
    </UnitTestResult>
    <UnitTestResult executionId="0d635e2c-a580-4049-8b02-b7846a3185d2" testId="e58f339f-0139-4679-bf8d-09bc6147c3d6" testName="Test8244" computerName="UA-LPT-OGA2" duration="00:00:01.4740000" startTime="2025-05-14T13:20:31.3146610Z" endTime="2025-05-14T13:25:31.3147553Z" testType="13cdc9d9-ddb5-4fa4-a97d-d965ccfc6d4b" outcome="Passed" testListId="209e7f71-c765-4a43-bd35-749f022a1dcc" />
    <UnitTestResult executionId="691e1e00-e375-4bab-82a7-ca3526e1450b" testId="9a61c523-c6ae-40b2-95e4-87acb376a651" testName="Test8245" computerName="UA-LPT-OGA2" duration="00:00:01.4730000" startTime="2025-05-14T13:20:31.3146610Z" endTime="2025-05-14T13:25:31.3147553Z" testType="13cdc9d9-ddb5-4fa4-a97d-d965ccfc6d4b" outcome="Passed" testListId="209e7f71-c765-4a43-bd35-749f022a1dcc" />
    <UnitTestResult executionId="53c20fab-5566-4c52-b4ed-3795b8b0233a" testId="c4af28a0-736a-42ea-8e32-f04a0ad7411f" testName="Test8246" computerName="UA-LPT-OGA2" duration="00:00:00.3630000" startTime="2025-05-14T13:20:31.3146610Z" endTime="2025-05-14T13:25:31.3147553Z" testType="13cdc9d9-ddb5-4fa4-a97d-d965ccfc6d4b" outcome="Passed" testListId="209e7f71-c765-4a43-bd35-749f022a1dcc" />
    <UnitTestResult executionId="e8ca9f9b-a67f-4356-a453-969a517aa086" testId="e0ad071a-0304-4e6a-b550-d911cbf0342e" testName="Test8247" computerName="UA-LPT-OGA2" duration="00:00:01.3030000" startTime="2025-05-14T13:20:31.3146610Z" endTime="2025-05-14T13:25:31.3147553Z" testType="13cdc9d9-ddb5-4fa4-a97d-d965ccfc6d4b" outcome="Passed" testListId="209e7f71-c765-4a43-bd35-749f022a1dcc" />
    <UnitTestResult executionId="4d3febe5-3a8b-427d-ad6a-ac57c9e817e0" testId="74241208-cd8c-4ed4-8c1e-799f0b5ff9c7" testName="Test8248" computerName="UA-LPT-OGA2" duration="00:00:00.3110000" startTime="2025-05-14T13:20:31.3146610Z" endTime="2025-05-14T13:25:31.3147553Z" testType="13cdc9d9-ddb5-4fa4-a97d-d965ccfc6d4b" outcome="Passed" testListId="209e7f71-c765-4a43-bd35-749f022a1dcc" />
    <UnitTestResult executionId="c9967845-a518-424f-b6dd-9c66e7e1b19e" testId="a7a5a7e3-ae4a-4e94-9485-58d2cf6614d6" testName="Test8249" computerName="UA-LPT-OGA2" duration="00:00:01.7240000" startTime="2025-05-14T13:20:31.3146610Z" endTime="2025-05-14T13:25:31.3147553Z" testType="13cdc9d9-ddb5-4fa4-a97d-d965ccfc6d4b" outcome="Passed" testListId="209e7f71-c765-4a43-bd35-749f022a1dcc" />
    <UnitTestResult executionId="604099e2-e809-4b56-8874-a79a39390e4b" testId="dcb4875c-a4db-4f2c-87f6-20737119dd1d" testName="Test8250" computerName="UA-LPT-OGA2" duration="00:00:01.9990000" startTime="2025-05-14T13:20:31.3146610Z" endTime="2025-05-14T13:25:31.3147553Z" testType="13cdc9d9-ddb5-4fa4-a97d-d965ccfc6d4b" outcome="Passed" testListId="209e7f71-c765-4a43-bd35-749f022a1dcc" />
    <UnitTestResult executionId="795dba0d-43f5-4f54-9229-047202a43b84" testId="a7182914-0ee3-459a-833a-7b66b1e6b7bb" testName="Test8251" computerName="UA-LPT-OGA2" duration="00:00:01.5690000" startTime="2025-05-14T13:20:31.3146610Z" endTime="2025-05-14T13:25:31.3147553Z" testType="13cdc9d9-ddb5-4fa4-a97d-d965ccfc6d4b" outcome="Passed" testListId="209e7f71-c765-4a43-bd35-749f022a1dcc" />
    <UnitTestResult executionId="2ef38e32-026d-48c5-918b-d5219af096ff" testId="99ed39e5-edb4-4464-a96c-bcd1f6168669" testName="Test8252" computerName="UA-LPT-OGA2" duration="00:00:00.7870000" startTime="2025-05-14T13:20:31.3146610Z" endTime="2025-05-14T13:25:31.3147553Z" testType="13cdc9d9-ddb5-4fa4-a97d-d965ccfc6d4b" outcome="Passed" testListId="209e7f71-c765-4a43-bd35-749f022a1dcc" />
    <UnitTestResult executionId="4b5f2a38-5744-42c7-b6e2-9d2dd66f8aa3" testId="a9236b6e-297b-4919-9f3a-cfb572970093" testName="Test8253" computerName="UA-LPT-OGA2" duration="00:00:01.4830000" startTime="2025-05-14T13:20:31.3146610Z" endTime="2025-05-14T13:25:31.3147553Z" testType="13cdc9d9-ddb5-4fa4-a97d-d965ccfc6d4b" outcome="Passed" testListId="209e7f71-c765-4a43-bd35-749f022a1dcc" />
    <UnitTestResult executionId="395c6e2d-cb32-4ee3-b240-1533765c38d5" testId="189bfdf2-ae79-4cab-83d3-59764e226198" testName="Test8254" computerName="UA-LPT-OGA2" duration="00:00:01.9690000" startTime="2025-05-14T13:20:31.3146610Z" endTime="2025-05-14T13:25:31.3147553Z" testType="13cdc9d9-ddb5-4fa4-a97d-d965ccfc6d4b" outcome="Passed" testListId="209e7f71-c765-4a43-bd35-749f022a1dcc" />
    <UnitTestResult executionId="59a55f9f-be55-4877-823d-adef8f0cd115" testId="fd6a9956-ff60-4a76-b248-f342034331d3" testName="Test8255" computerName="UA-LPT-OGA2" duration="00:00:00.4330000" startTime="2025-05-14T13:20:31.3146610Z" endTime="2025-05-14T13:25:31.3147553Z" testType="13cdc9d9-ddb5-4fa4-a97d-d965ccfc6d4b" outcome="Passed" testListId="209e7f71-c765-4a43-bd35-749f022a1dcc" />
    <UnitTestResult executionId="6882c988-59d7-4de1-9ea1-4ee5a8d0bd33" testId="eab61bd5-9dfd-4f30-8a13-e823a5247281" testName="Test8256" computerName="UA-LPT-OGA2" duration="00:00:00.4500000" startTime="2025-05-14T13:20:31.3146610Z" endTime="2025-05-14T13:25:31.3147553Z" testType="13cdc9d9-ddb5-4fa4-a97d-d965ccfc6d4b" outcome="Passed" testListId="209e7f71-c765-4a43-bd35-749f022a1dcc" />
    <UnitTestResult executionId="3d58b548-082d-4441-8586-f42071117b10" testId="c5ab3517-d48f-4026-8af2-40cbab41c3c5" testName="Test8257" computerName="UA-LPT-OGA2" duration="00:00:00.2210000" startTime="2025-05-14T13:20:31.3146610Z" endTime="2025-05-14T13:25:31.3147553Z" testType="13cdc9d9-ddb5-4fa4-a97d-d965ccfc6d4b" outcome="Passed" testListId="209e7f71-c765-4a43-bd35-749f022a1dcc" />
    <UnitTestResult executionId="2f100e4f-3ede-441d-88b9-38b97642bf6e" testId="c538c338-e37c-4380-9a13-532b0e8498aa" testName="Test8258" computerName="UA-LPT-OGA2" duration="00:00:01.6950000" startTime="2025-05-14T13:20:31.3146610Z" endTime="2025-05-14T13:25:31.3147553Z" testType="13cdc9d9-ddb5-4fa4-a97d-d965ccfc6d4b" outcome="Passed" testListId="209e7f71-c765-4a43-bd35-749f022a1dcc" />
    <UnitTestResult executionId="710d5320-9588-4625-b66f-af7359e69e1d" testId="c8136731-95b1-4ca2-9f2a-489265c207f6" testName="Test8259" computerName="UA-LPT-OGA2" duration="00:00:01.2240000" startTime="2025-05-14T13:20:31.3146610Z" endTime="2025-05-14T13:25:31.3147553Z" testType="13cdc9d9-ddb5-4fa4-a97d-d965ccfc6d4b" outcome="Passed" testListId="209e7f71-c765-4a43-bd35-749f022a1dcc" />
    <UnitTestResult executionId="e5c46092-aac4-471a-9079-4f63a3889b47" testId="eac5f498-1f63-4152-982d-dbb431d9989f" testName="Test8260" computerName="UA-LPT-OGA2" duration="00:00:00.4210000" startTime="2025-05-14T13:20:31.3146610Z" endTime="2025-05-14T13:25:31.3147553Z" testType="13cdc9d9-ddb5-4fa4-a97d-d965ccfc6d4b" outcome="Passed" testListId="209e7f71-c765-4a43-bd35-749f022a1dcc" />
    <UnitTestResult executionId="c3e422bf-24eb-4777-9631-61eb43bd53f9" testId="5e389304-cf80-49e1-80db-c1a4a71b8016" testName="Test8261" computerName="UA-LPT-OGA2" duration="00:00:00.8390000" startTime="2025-05-14T13:20:31.3146610Z" endTime="2025-05-14T13:25:31.3147553Z" testType="13cdc9d9-ddb5-4fa4-a97d-d965ccfc6d4b" outcome="Passed" testListId="209e7f71-c765-4a43-bd35-749f022a1dcc" />
    <UnitTestResult executionId="299ee799-b764-4314-9d33-d4c93d8fe98b" testId="2d679f85-f56a-434e-bf09-f4780ebf96b4" testName="Test8262" computerName="UA-LPT-OGA2" duration="00:00:01.0610000" startTime="2025-05-14T13:20:31.3146610Z" endTime="2025-05-14T13:25:31.3147553Z" testType="13cdc9d9-ddb5-4fa4-a97d-d965ccfc6d4b" outcome="Passed" testListId="209e7f71-c765-4a43-bd35-749f022a1dcc" />
    <UnitTestResult executionId="b9608657-7946-4491-a859-7e7e57b8886d" testId="5de5c9e4-3e96-4bee-b592-6529e2dab449" testName="Test8263" computerName="UA-LPT-OGA2" duration="00:00:00.7140000" startTime="2025-05-14T13:20:31.3146610Z" endTime="2025-05-14T13:25:31.3147553Z" testType="13cdc9d9-ddb5-4fa4-a97d-d965ccfc6d4b" outcome="Passed" testListId="209e7f71-c765-4a43-bd35-749f022a1dcc" />
    <UnitTestResult executionId="3de67dd2-e392-49df-aa09-98d349587f75" testId="be7377b2-c556-4a43-8476-c06450545a29" testName="Test8264" computerName="UA-LPT-OGA2" duration="00:00:01.9830000" startTime="2025-05-14T13:20:31.3146610Z" endTime="2025-05-14T13:25:31.3147553Z" testType="13cdc9d9-ddb5-4fa4-a97d-d965ccfc6d4b" outcome="Failed" testListId="209e7f71-c765-4a43-bd35-749f022a1dcc">
      <Output>
        <ErrorInfo>
          <Message>Assertion failed: Expected value did not match actual value.</Message>
          <StackTrace>   at TestNamespace.TestClass.Test() in TestClass.cs:line 43</StackTrace>
        </ErrorInfo>
      </Output>
    </UnitTestResult>
    <UnitTestResult executionId="83c45007-3ca9-4c0d-b789-dfbce44161a5" testId="8ecdbdd8-e96c-4b69-8b3e-fa6164496647" testName="Test8265" computerName="UA-LPT-OGA2" duration="00:00:01.7800000" startTime="2025-05-14T13:20:31.3146610Z" endTime="2025-05-14T13:25:31.3147553Z" testType="13cdc9d9-ddb5-4fa4-a97d-d965ccfc6d4b" outcome="Passed" testListId="209e7f71-c765-4a43-bd35-749f022a1dcc" />
    <UnitTestResult executionId="f08d12cc-b6b2-4773-a009-e88d989161b1" testId="27f49aac-d4d1-4b51-8599-cdf89eb928b3" testName="Test8266" computerName="UA-LPT-OGA2" duration="00:00:01.8230000" startTime="2025-05-14T13:20:31.3146610Z" endTime="2025-05-14T13:25:31.3147553Z" testType="13cdc9d9-ddb5-4fa4-a97d-d965ccfc6d4b" outcome="Passed" testListId="209e7f71-c765-4a43-bd35-749f022a1dcc" />
    <UnitTestResult executionId="415f2948-afbd-4101-a7a8-b8ff41f2d8a4" testId="508b2c03-2ac5-4508-bf47-f9bc8e180715" testName="Test8267" computerName="UA-LPT-OGA2" duration="00:00:00.2090000" startTime="2025-05-14T13:20:31.3146610Z" endTime="2025-05-14T13:25:31.3147553Z" testType="13cdc9d9-ddb5-4fa4-a97d-d965ccfc6d4b" outcome="Passed" testListId="209e7f71-c765-4a43-bd35-749f022a1dcc" />
    <UnitTestResult executionId="a032167e-b845-4945-bb19-7d366730a76d" testId="dfee2d2d-6a8e-4c22-ac6a-6a52dfcd2882" testName="Test8268" computerName="UA-LPT-OGA2" duration="00:00:01.9910000" startTime="2025-05-14T13:20:31.3146610Z" endTime="2025-05-14T13:25:31.3147553Z" testType="13cdc9d9-ddb5-4fa4-a97d-d965ccfc6d4b" outcome="Passed" testListId="209e7f71-c765-4a43-bd35-749f022a1dcc" />
    <UnitTestResult executionId="051326b2-0a5c-48bd-9e67-a0cb12f5755f" testId="b7561d1c-d08c-4168-8018-ae4b2db71ccb" testName="Test8269" computerName="UA-LPT-OGA2" duration="00:00:01.1220000" startTime="2025-05-14T13:20:31.3146610Z" endTime="2025-05-14T13:25:31.3147553Z" testType="13cdc9d9-ddb5-4fa4-a97d-d965ccfc6d4b" outcome="Failed" testListId="209e7f71-c765-4a43-bd35-749f022a1dcc">
      <Output>
        <ErrorInfo>
          <Message>Assertion failed: Expected value did not match actual value.</Message>
          <StackTrace>   at TestNamespace.TestClass.Test() in TestClass.cs:line 353</StackTrace>
        </ErrorInfo>
      </Output>
    </UnitTestResult>
    <UnitTestResult executionId="fe521bdc-b701-4737-b899-7a2392e666da" testId="f0c636d2-3cd2-4841-a378-4f183cdeada5" testName="Test8270" computerName="UA-LPT-OGA2" duration="00:00:01.9900000" startTime="2025-05-14T13:20:31.3146610Z" endTime="2025-05-14T13:25:31.3147553Z" testType="13cdc9d9-ddb5-4fa4-a97d-d965ccfc6d4b" outcome="Passed" testListId="209e7f71-c765-4a43-bd35-749f022a1dcc" />
    <UnitTestResult executionId="d7a73cd9-a337-47be-b36f-3971107dfe87" testId="ea861307-5760-4053-ac80-f8c0696445d9" testName="Test8271" computerName="UA-LPT-OGA2" duration="00:00:00.7140000" startTime="2025-05-14T13:20:31.3146610Z" endTime="2025-05-14T13:25:31.3147553Z" testType="13cdc9d9-ddb5-4fa4-a97d-d965ccfc6d4b" outcome="Passed" testListId="209e7f71-c765-4a43-bd35-749f022a1dcc" />
    <UnitTestResult executionId="01783bc5-cc77-470f-b103-9b5913acf3da" testId="7ba5d538-8393-469f-bc08-46eba6bdb45c" testName="Test8272" computerName="UA-LPT-OGA2" duration="00:00:00.4990000" startTime="2025-05-14T13:20:31.3146610Z" endTime="2025-05-14T13:25:31.3147553Z" testType="13cdc9d9-ddb5-4fa4-a97d-d965ccfc6d4b" outcome="Passed" testListId="209e7f71-c765-4a43-bd35-749f022a1dcc" />
    <UnitTestResult executionId="06585c94-2a45-4d41-90b9-dd444b07b4a2" testId="258f5540-687e-41ee-80bd-f0c4749a4bb3" testName="Test8273" computerName="UA-LPT-OGA2" duration="00:00:00.7860000" startTime="2025-05-14T13:20:31.3146610Z" endTime="2025-05-14T13:25:31.3147553Z" testType="13cdc9d9-ddb5-4fa4-a97d-d965ccfc6d4b" outcome="Passed" testListId="209e7f71-c765-4a43-bd35-749f022a1dcc" />
    <UnitTestResult executionId="f52e69a6-faf2-4845-b186-780711afd4bc" testId="5b326cab-a1d9-455a-8bc8-bb9b5ef3f24a" testName="Test8274" computerName="UA-LPT-OGA2" duration="00:00:00.1820000" startTime="2025-05-14T13:20:31.3146610Z" endTime="2025-05-14T13:25:31.3147553Z" testType="13cdc9d9-ddb5-4fa4-a97d-d965ccfc6d4b" outcome="Passed" testListId="209e7f71-c765-4a43-bd35-749f022a1dcc" />
    <UnitTestResult executionId="f521b27c-efd8-4346-8757-bb176ea952df" testId="0fb121a6-a12d-4af4-831a-044a2c5f1608" testName="Test8275" computerName="UA-LPT-OGA2" duration="00:00:01.2610000" startTime="2025-05-14T13:20:31.3146610Z" endTime="2025-05-14T13:25:31.3147553Z" testType="13cdc9d9-ddb5-4fa4-a97d-d965ccfc6d4b" outcome="Failed" testListId="209e7f71-c765-4a43-bd35-749f022a1dcc">
      <Output>
        <ErrorInfo>
          <Message>Assertion failed: Expected value did not match actual value.</Message>
          <StackTrace>   at TestNamespace.TestClass.Test() in TestClass.cs:line 246</StackTrace>
        </ErrorInfo>
      </Output>
    </UnitTestResult>
    <UnitTestResult executionId="35f4e069-5f77-46cc-b2b6-75ebe9aa1790" testId="8a86e47e-a59e-4fe8-ab39-bb9e2d3f241a" testName="Test8276" computerName="UA-LPT-OGA2" duration="00:00:01.3210000" startTime="2025-05-14T13:20:31.3146610Z" endTime="2025-05-14T13:25:31.3147553Z" testType="13cdc9d9-ddb5-4fa4-a97d-d965ccfc6d4b" outcome="Failed" testListId="209e7f71-c765-4a43-bd35-749f022a1dcc">
      <Output>
        <ErrorInfo>
          <Message>Assertion failed: Expected value did not match actual value.</Message>
          <StackTrace>   at TestNamespace.TestClass.Test() in TestClass.cs:line 224</StackTrace>
        </ErrorInfo>
      </Output>
    </UnitTestResult>
    <UnitTestResult executionId="1e6f87df-1f30-449e-85aa-a067df95452e" testId="5c0d0667-27db-42c7-ab4b-4b9e88f4e226" testName="Test8277" computerName="UA-LPT-OGA2" duration="00:00:01.3500000" startTime="2025-05-14T13:20:31.3146610Z" endTime="2025-05-14T13:25:31.3147553Z" testType="13cdc9d9-ddb5-4fa4-a97d-d965ccfc6d4b" outcome="Passed" testListId="209e7f71-c765-4a43-bd35-749f022a1dcc" />
    <UnitTestResult executionId="212e4bc4-4908-4adc-a72d-cbf2425164ea" testId="d7f9779f-d9f5-4ae0-b17a-948a780d7826" testName="Test8278" computerName="UA-LPT-OGA2" duration="00:00:01.4560000" startTime="2025-05-14T13:20:31.3146610Z" endTime="2025-05-14T13:25:31.3147553Z" testType="13cdc9d9-ddb5-4fa4-a97d-d965ccfc6d4b" outcome="Failed" testListId="209e7f71-c765-4a43-bd35-749f022a1dcc">
      <Output>
        <ErrorInfo>
          <Message>Assertion failed: Expected value did not match actual value.</Message>
          <StackTrace>   at TestNamespace.TestClass.Test() in TestClass.cs:line 346</StackTrace>
        </ErrorInfo>
      </Output>
    </UnitTestResult>
    <UnitTestResult executionId="0e27411c-0183-434d-9978-c0ed18c8d33d" testId="d3055567-8e91-48d0-bccc-08114345d43a" testName="Test8279" computerName="UA-LPT-OGA2" duration="00:00:00.8550000" startTime="2025-05-14T13:20:31.3146610Z" endTime="2025-05-14T13:25:31.3147553Z" testType="13cdc9d9-ddb5-4fa4-a97d-d965ccfc6d4b" outcome="Passed" testListId="209e7f71-c765-4a43-bd35-749f022a1dcc" />
    <UnitTestResult executionId="c39a8648-9b71-4071-b8b8-d0d2138cd38b" testId="6a53e78a-6d2b-4700-9fee-44939afaba4a" testName="Test8280" computerName="UA-LPT-OGA2" duration="00:00:01.8660000" startTime="2025-05-14T13:20:31.3146610Z" endTime="2025-05-14T13:25:31.3147553Z" testType="13cdc9d9-ddb5-4fa4-a97d-d965ccfc6d4b" outcome="Passed" testListId="209e7f71-c765-4a43-bd35-749f022a1dcc" />
    <UnitTestResult executionId="14a8253e-11be-40c5-912f-cd12327bf1ee" testId="d572ec1a-688c-4a8f-ad3f-5af97e139655" testName="Test8281" computerName="UA-LPT-OGA2" duration="00:00:00.6310000" startTime="2025-05-14T13:20:31.3146610Z" endTime="2025-05-14T13:25:31.3147553Z" testType="13cdc9d9-ddb5-4fa4-a97d-d965ccfc6d4b" outcome="Passed" testListId="209e7f71-c765-4a43-bd35-749f022a1dcc" />
    <UnitTestResult executionId="42531f6e-a897-4ab7-addf-42cee442b36c" testId="c240ef11-b146-435a-b1f6-09f55e2723ee" testName="Test8282" computerName="UA-LPT-OGA2" duration="00:00:01.3340000" startTime="2025-05-14T13:20:31.3146610Z" endTime="2025-05-14T13:25:31.3147553Z" testType="13cdc9d9-ddb5-4fa4-a97d-d965ccfc6d4b" outcome="Passed" testListId="209e7f71-c765-4a43-bd35-749f022a1dcc" />
    <UnitTestResult executionId="5ee693ae-36d3-41a6-904c-02fb0b53f55d" testId="f6b122e0-41d0-43af-99c1-15c3bc62c030" testName="Test8283" computerName="UA-LPT-OGA2" duration="00:00:00.8950000" startTime="2025-05-14T13:20:31.3146610Z" endTime="2025-05-14T13:25:31.3147553Z" testType="13cdc9d9-ddb5-4fa4-a97d-d965ccfc6d4b" outcome="Passed" testListId="209e7f71-c765-4a43-bd35-749f022a1dcc" />
    <UnitTestResult executionId="84ccb8cc-4fd7-44cb-9e83-8b35ae5ff994" testId="404553b3-0545-4883-9ed9-17ca16a6cc9e" testName="Test8284" computerName="UA-LPT-OGA2" duration="00:00:00.7830000" startTime="2025-05-14T13:20:31.3146610Z" endTime="2025-05-14T13:25:31.3147553Z" testType="13cdc9d9-ddb5-4fa4-a97d-d965ccfc6d4b" outcome="Passed" testListId="209e7f71-c765-4a43-bd35-749f022a1dcc" />
    <UnitTestResult executionId="4ae05bf1-1e31-43e4-8df5-6160799acd01" testId="10dc77bf-6b74-4c74-b062-87606e024af8" testName="Test8285" computerName="UA-LPT-OGA2" duration="00:00:01.4320000" startTime="2025-05-14T13:20:31.3146610Z" endTime="2025-05-14T13:25:31.3147553Z" testType="13cdc9d9-ddb5-4fa4-a97d-d965ccfc6d4b" outcome="Failed" testListId="209e7f71-c765-4a43-bd35-749f022a1dcc">
      <Output>
        <ErrorInfo>
          <Message>Assertion failed: Expected value did not match actual value.</Message>
          <StackTrace>   at TestNamespace.TestClass.Test() in TestClass.cs:line 211</StackTrace>
        </ErrorInfo>
      </Output>
    </UnitTestResult>
    <UnitTestResult executionId="1cad7471-bed6-4286-bad3-d3dd058fa877" testId="9744c9dc-9e5d-4593-8c71-bf1a6838a49a" testName="Test8286" computerName="UA-LPT-OGA2" duration="00:00:00.0820000" startTime="2025-05-14T13:20:31.3146610Z" endTime="2025-05-14T13:25:31.3147553Z" testType="13cdc9d9-ddb5-4fa4-a97d-d965ccfc6d4b" outcome="Passed" testListId="209e7f71-c765-4a43-bd35-749f022a1dcc" />
    <UnitTestResult executionId="72822354-b7cd-46a3-aea6-7d3598dfa5f1" testId="493ebd3a-fa91-458e-b53f-90ecb4245b6e" testName="Test8287" computerName="UA-LPT-OGA2" duration="00:00:01.0100000" startTime="2025-05-14T13:20:31.3146610Z" endTime="2025-05-14T13:25:31.3147553Z" testType="13cdc9d9-ddb5-4fa4-a97d-d965ccfc6d4b" outcome="Passed" testListId="209e7f71-c765-4a43-bd35-749f022a1dcc" />
    <UnitTestResult executionId="4f9ceb01-3f7d-4572-8aff-77e9fd0c729f" testId="b3d2fddb-53d2-405b-9005-c79305b20e98" testName="Test8288" computerName="UA-LPT-OGA2" duration="00:00:01.5610000" startTime="2025-05-14T13:20:31.3146610Z" endTime="2025-05-14T13:25:31.3147553Z" testType="13cdc9d9-ddb5-4fa4-a97d-d965ccfc6d4b" outcome="Passed" testListId="209e7f71-c765-4a43-bd35-749f022a1dcc" />
    <UnitTestResult executionId="8d0dd7f4-8e6c-4b43-bbbb-7a44057de767" testId="1c541975-f10e-43bd-8a8d-debae5ec39d5" testName="Test8289" computerName="UA-LPT-OGA2" duration="00:00:00.6000000" startTime="2025-05-14T13:20:31.3146610Z" endTime="2025-05-14T13:25:31.3147553Z" testType="13cdc9d9-ddb5-4fa4-a97d-d965ccfc6d4b" outcome="Passed" testListId="209e7f71-c765-4a43-bd35-749f022a1dcc" />
    <UnitTestResult executionId="8873900a-5c18-4b67-839f-cba791ec669e" testId="0c2ae491-d99e-49ad-8db9-e29ea3ce3e67" testName="Test8290" computerName="UA-LPT-OGA2" duration="00:00:01.5400000" startTime="2025-05-14T13:20:31.3146610Z" endTime="2025-05-14T13:25:31.3147553Z" testType="13cdc9d9-ddb5-4fa4-a97d-d965ccfc6d4b" outcome="Passed" testListId="209e7f71-c765-4a43-bd35-749f022a1dcc" />
    <UnitTestResult executionId="51ae2dcb-2cf2-4540-99d7-883cbf1abd05" testId="fe787088-c4ab-4c94-ad15-873fe1bf88fa" testName="Test8291" computerName="UA-LPT-OGA2" duration="00:00:00.6890000" startTime="2025-05-14T13:20:31.3146610Z" endTime="2025-05-14T13:25:31.3147553Z" testType="13cdc9d9-ddb5-4fa4-a97d-d965ccfc6d4b" outcome="Failed" testListId="209e7f71-c765-4a43-bd35-749f022a1dcc">
      <Output>
        <ErrorInfo>
          <Message>Assertion failed: Expected value did not match actual value.</Message>
          <StackTrace>   at TestNamespace.TestClass.Test() in TestClass.cs:line 219</StackTrace>
        </ErrorInfo>
      </Output>
    </UnitTestResult>
    <UnitTestResult executionId="b9283ad0-bcb6-4b4f-8c17-056328589747" testId="c17c3340-5e31-4e82-8386-0c8ff6b010a6" testName="Test8292" computerName="UA-LPT-OGA2" duration="00:00:01.5000000" startTime="2025-05-14T13:20:31.3146610Z" endTime="2025-05-14T13:25:31.3147553Z" testType="13cdc9d9-ddb5-4fa4-a97d-d965ccfc6d4b" outcome="Passed" testListId="209e7f71-c765-4a43-bd35-749f022a1dcc" />
    <UnitTestResult executionId="e6d18035-1e01-4705-be69-e2f70305dab8" testId="8ec32a6f-c37c-483d-ac42-18417ea1f33b" testName="Test8293" computerName="UA-LPT-OGA2" duration="00:00:01.4860000" startTime="2025-05-14T13:20:31.3146610Z" endTime="2025-05-14T13:25:31.3147553Z" testType="13cdc9d9-ddb5-4fa4-a97d-d965ccfc6d4b" outcome="Passed" testListId="209e7f71-c765-4a43-bd35-749f022a1dcc" />
    <UnitTestResult executionId="0dbe31d8-299e-4965-912b-282ac2c3e514" testId="d6889b3f-11b6-4d7c-82c1-cd1ee41f7353" testName="Test8294" computerName="UA-LPT-OGA2" duration="00:00:01.0230000" startTime="2025-05-14T13:20:31.3146610Z" endTime="2025-05-14T13:25:31.3147553Z" testType="13cdc9d9-ddb5-4fa4-a97d-d965ccfc6d4b" outcome="Passed" testListId="209e7f71-c765-4a43-bd35-749f022a1dcc" />
    <UnitTestResult executionId="40209435-7de4-49dc-9074-51bb451ba4bc" testId="06ccb423-7fd3-404b-b77d-66b730ac6128" testName="Test8295" computerName="UA-LPT-OGA2" duration="00:00:00.0880000" startTime="2025-05-14T13:20:31.3146610Z" endTime="2025-05-14T13:25:31.3147553Z" testType="13cdc9d9-ddb5-4fa4-a97d-d965ccfc6d4b" outcome="Passed" testListId="209e7f71-c765-4a43-bd35-749f022a1dcc" />
    <UnitTestResult executionId="ed6b6631-5c82-4726-aa17-020ec984d1c1" testId="7d30e6cc-3162-4f91-970a-b344c16aec6b" testName="Test8296" computerName="UA-LPT-OGA2" duration="00:00:00.4900000" startTime="2025-05-14T13:20:31.3146610Z" endTime="2025-05-14T13:25:31.3147553Z" testType="13cdc9d9-ddb5-4fa4-a97d-d965ccfc6d4b" outcome="Passed" testListId="209e7f71-c765-4a43-bd35-749f022a1dcc" />
    <UnitTestResult executionId="3bee664c-ceac-483c-914d-b57690fce9b0" testId="b0f6ca94-adf4-4f75-baaa-b438c7c85fad" testName="Test8297" computerName="UA-LPT-OGA2" duration="00:00:01.3100000" startTime="2025-05-14T13:20:31.3146610Z" endTime="2025-05-14T13:25:31.3147553Z" testType="13cdc9d9-ddb5-4fa4-a97d-d965ccfc6d4b" outcome="Passed" testListId="209e7f71-c765-4a43-bd35-749f022a1dcc" />
    <UnitTestResult executionId="37c3ca84-74f8-4152-b4a7-06e94771e13d" testId="ff2da582-0e08-40e9-8794-49540f7d9adf" testName="Test8298" computerName="UA-LPT-OGA2" duration="00:00:00.2740000" startTime="2025-05-14T13:20:31.3146610Z" endTime="2025-05-14T13:25:31.3147553Z" testType="13cdc9d9-ddb5-4fa4-a97d-d965ccfc6d4b" outcome="Passed" testListId="209e7f71-c765-4a43-bd35-749f022a1dcc" />
    <UnitTestResult executionId="dbb17329-c478-40ff-bd72-270e7f2080b7" testId="bec9da63-42ae-41e1-bbd0-c480b21b24c9" testName="Test8299" computerName="UA-LPT-OGA2" duration="00:00:00.7150000" startTime="2025-05-14T13:20:31.3146610Z" endTime="2025-05-14T13:25:31.3147553Z" testType="13cdc9d9-ddb5-4fa4-a97d-d965ccfc6d4b" outcome="Passed" testListId="209e7f71-c765-4a43-bd35-749f022a1dcc" />
    <UnitTestResult executionId="d55edd57-f846-4f28-b6ea-c9058d46e96b" testId="209fc252-b673-4b92-aee4-ace538e4f708" testName="Test8300" computerName="UA-LPT-OGA2" duration="00:00:00.4930000" startTime="2025-05-14T13:20:31.3146610Z" endTime="2025-05-14T13:25:31.3147553Z" testType="13cdc9d9-ddb5-4fa4-a97d-d965ccfc6d4b" outcome="Passed" testListId="209e7f71-c765-4a43-bd35-749f022a1dcc" />
  </Results>
  <TestDefinitions>
    <UnitTest name="Test8201" id="f4620f06-3e4c-4807-accc-4fc7aef0c002" storage="TestAssembly.dll">
      <Execution id="861f01e1-1d56-4901-83f2-973260f7dc7e" />
      <TestMethod codeBase="TestAssembly.dll" className="TestNamespace.TestClass1" name="Test8201" />
    </UnitTest>
    <UnitTest name="Test8202" id="58de464d-0bc2-4978-a9f4-fea139c68fbc" storage="TestAssembly.dll">
      <Execution id="6dfd66a8-bc7c-46f8-b2ea-b05131edf973" />
      <TestMethod codeBase="TestAssembly.dll" className="TestNamespace.TestClass1" name="Test8202" />
    </UnitTest>
    <UnitTest name="Test8203" id="ab27bdca-76a3-4635-b43b-c0cf927acfc8" storage="TestAssembly.dll">
      <Execution id="3d42278c-05c1-43a2-880a-ecce7a5cc2fe" />
      <TestMethod codeBase="TestAssembly.dll" className="TestNamespace.TestClass1" name="Test8203" />
    </UnitTest>
    <UnitTest name="Test8204" id="5ba871c0-4ef7-42ec-8fb4-b17467a458e3" storage="TestAssembly.dll">
      <Execution id="63e70d77-037c-4157-b80e-03a02fa5d950" />
      <TestMethod codeBase="TestAssembly.dll" className="TestNamespace.TestClass1" name="Test8204" />
    </UnitTest>
    <UnitTest name="Test8205" id="1c3858b6-52d6-4205-8430-3fc58f0722dd" storage="TestAssembly.dll">
      <Execution id="8fc72259-e158-4c06-bc7b-a65b478341ae" />
      <TestMethod codeBase="TestAssembly.dll" className="TestNamespace.TestClass1" name="Test8205" />
    </UnitTest>
    <UnitTest name="Test8206" id="79eda516-2b7d-4b30-8224-824d88475330" storage="TestAssembly.dll">
      <Execution id="81713b86-56db-471f-8f6d-1bd3bbbfe2b3" />
      <TestMethod codeBase="TestAssembly.dll" className="TestNamespace.TestClass1" name="Test8206" />
    </UnitTest>
    <UnitTest name="Test8207" id="ca3211e2-d743-4870-8f03-7d3405076ec6" storage="TestAssembly.dll">
      <Execution id="dc4c4fe4-e505-4662-8ad4-674ccde85779" />
      <TestMethod codeBase="TestAssembly.dll" className="TestNamespace.TestClass1" name="Test8207" />
    </UnitTest>
    <UnitTest name="Test8208" id="ac4e7c9c-370d-469e-ac3b-a8bd93940602" storage="TestAssembly.dll">
      <Execution id="808b804d-37f8-4c31-9752-23188b424ecd" />
      <TestMethod codeBase="TestAssembly.dll" className="TestNamespace.TestClass1" name="Test8208" />
    </UnitTest>
    <UnitTest name="Test8209" id="29febdcb-b780-48ff-8b22-dcf774115991" storage="TestAssembly.dll">
      <Execution id="e07a313d-64e1-4b81-9113-694dcce537e0" />
      <TestMethod codeBase="TestAssembly.dll" className="TestNamespace.TestClass1" name="Test8209" />
    </UnitTest>
    <UnitTest name="Test8210" id="f2c72142-65b4-4a88-8325-7a49b1e778f7" storage="TestAssembly.dll">
      <Execution id="3a6b820c-2049-4225-bc55-026ad8b5188c" />
      <TestMethod codeBase="TestAssembly.dll" className="TestNamespace.TestClass1" name="Test8210" />
    </UnitTest>
    <UnitTest name="Test8211" id="b1ed6080-f8d9-4188-a8ca-a9e1917b25c5" storage="TestAssembly.dll">
      <Execution id="2ace6926-42b7-449d-bc10-815fb5505aa2" />
      <TestMethod codeBase="TestAssembly.dll" className="TestNamespace.TestClass2" name="Test8211" />
    </UnitTest>
    <UnitTest name="Test8212" id="39220b98-641e-4e62-ab00-596d554ed03f" storage="TestAssembly.dll">
      <Execution id="6c358a20-76bc-4078-966c-831651d3c9c3" />
      <TestMethod codeBase="TestAssembly.dll" className="TestNamespace.TestClass2" name="Test8212" />
    </UnitTest>
    <UnitTest name="Test8213" id="d426a742-cd08-4515-88f1-b2f7e8bb6b85" storage="TestAssembly.dll">
      <Execution id="255e0f55-a1aa-4aa1-a44e-da9a6e068aae" />
      <TestMethod codeBase="TestAssembly.dll" className="TestNamespace.TestClass2" name="Test8213" />
    </UnitTest>
    <UnitTest name="Test8214" id="1040c5de-5285-4974-a482-e0a0aa38988b" storage="TestAssembly.dll">
      <Execution id="d4c6bd52-c738-415f-9baa-307b03e7e93d" />
      <TestMethod codeBase="TestAssembly.dll" className="TestNamespace.TestClass2" name="Test8214" />
    </UnitTest>
    <UnitTest name="Test8215" id="db56518e-61b9-4a91-8dcc-be96340400e9" storage="TestAssembly.dll">
      <Execution id="2d0360ab-df59-4327-8fe0-0337781a6b21" />
      <TestMethod codeBase="TestAssembly.dll" className="TestNamespace.TestClass2" name="Test8215" />
    </UnitTest>
    <UnitTest name="Test8216" id="dfcd74e4-07c9-44b8-9fd5-53f37e5225b8" storage="TestAssembly.dll">
      <Execution id="ae3c3323-2510-4267-bf58-8e8c6e8c6110" />
      <TestMethod codeBase="TestAssembly.dll" className="TestNamespace.TestClass2" name="Test8216" />
    </UnitTest>
    <UnitTest name="Test8217" id="a2247498-cf70-488a-90ea-1fbd4ba616c0" storage="TestAssembly.dll">
      <Execution id="79564d2f-cde6-4334-9399-cf6b8f45f972" />
      <TestMethod codeBase="TestAssembly.dll" className="TestNamespace.TestClass2" name="Test8217" />
    </UnitTest>
    <UnitTest name="Test8218" id="17779ee4-7cfb-454a-8e54-8bf829cb2374" storage="TestAssembly.dll">
      <Execution id="d8502027-c995-4748-af19-3b34dc4a2504" />
      <TestMethod codeBase="TestAssembly.dll" className="TestNamespace.TestClass2" name="Test8218" />
    </UnitTest>
    <UnitTest name="Test8219" id="b961c13a-a4c3-45bd-aa46-cd9585614a04" storage="TestAssembly.dll">
      <Execution id="b706ad58-6002-4271-96a8-51cf4dd4143a" />
      <TestMethod codeBase="TestAssembly.dll" className="TestNamespace.TestClass2" name="Test8219" />
    </UnitTest>
    <UnitTest name="Test8220" id="1c0f9499-e487-4180-9c1f-aae97145d7ae" storage="TestAssembly.dll">
      <Execution id="720e52ae-dc00-4a8b-8a64-9c2bf2f0c231" />
      <TestMethod codeBase="TestAssembly.dll" className="TestNamespace.TestClass2" name="Test8220" />
    </UnitTest>
    <UnitTest name="Test8221" id="28fe3f48-659d-4ea9-979f-d9c8a0ff72aa" storage="TestAssembly.dll">
      <Execution id="0adf8b11-b65a-4e4d-8047-f4da66feaa07" />
      <TestMethod codeBase="TestAssembly.dll" className="TestNamespace.TestClass3" name="Test8221" />
    </UnitTest>
    <UnitTest name="Test8222" id="50e5feb7-de9d-4048-8634-67739f9f029a" storage="TestAssembly.dll">
      <Execution id="cccaec31-af8d-4b74-be70-7a2fe410ae41" />
      <TestMethod codeBase="TestAssembly.dll" className="TestNamespace.TestClass3" name="Test8222" />
    </UnitTest>
    <UnitTest name="Test8223" id="e57c9381-1afb-4732-9a5f-05a2e32fe804" storage="TestAssembly.dll">
      <Execution id="f352dce8-cca2-4941-81cc-0ff904034f68" />
      <TestMethod codeBase="TestAssembly.dll" className="TestNamespace.TestClass3" name="Test8223" />
    </UnitTest>
    <UnitTest name="Test8224" id="c77cb809-bd9d-47db-9e13-0475d6a2e5c5" storage="TestAssembly.dll">
      <Execution id="9e07db1c-b7d3-4785-990e-ed68b2977a7f" />
      <TestMethod codeBase="TestAssembly.dll" className="TestNamespace.TestClass3" name="Test8224" />
    </UnitTest>
    <UnitTest name="Test8225" id="19c9a543-90a5-4788-ac54-14c6f6ca5f3e" storage="TestAssembly.dll">
      <Execution id="fd39795f-8b14-49b1-a801-173a2f787861" />
      <TestMethod codeBase="TestAssembly.dll" className="TestNamespace.TestClass3" name="Test8225" />
    </UnitTest>
    <UnitTest name="Test8226" id="0fc0b81f-b79c-4e06-8e9e-fae2351c4bb6" storage="TestAssembly.dll">
      <Execution id="8d4c5611-6aee-4144-8a0c-ee1fad32207a" />
      <TestMethod codeBase="TestAssembly.dll" className="TestNamespace.TestClass3" name="Test8226" />
    </UnitTest>
    <UnitTest name="Test8227" id="28bf476e-28de-429e-98d2-511aefb4a5db" storage="TestAssembly.dll">
      <Execution id="319288ed-cb27-4b83-af00-2a72add5ff28" />
      <TestMethod codeBase="TestAssembly.dll" className="TestNamespace.TestClass3" name="Test8227" />
    </UnitTest>
    <UnitTest name="Test8228" id="dad2cd82-b5a0-4a3b-8836-9d72f62cd488" storage="TestAssembly.dll">
      <Execution id="6cc52fa5-9e33-43b3-a477-9f2b75bb82e6" />
      <TestMethod codeBase="TestAssembly.dll" className="TestNamespace.TestClass3" name="Test8228" />
    </UnitTest>
    <UnitTest name="Test8229" id="33d71696-eb16-4056-848d-86179042503c" storage="TestAssembly.dll">
      <Execution id="fcdca24d-7c1b-423c-86b1-09d670c37b3a" />
      <TestMethod codeBase="TestAssembly.dll" className="TestNamespace.TestClass3" name="Test8229" />
    </UnitTest>
    <UnitTest name="Test8230" id="8bb4188b-4b34-481c-b9ef-80afba72ff09" storage="TestAssembly.dll">
      <Execution id="5ad86415-3b98-47bc-95d1-00758f29d7e5" />
      <TestMethod codeBase="TestAssembly.dll" className="TestNamespace.TestClass3" name="Test8230" />
    </UnitTest>
    <UnitTest name="Test8231" id="ad756946-4a8d-4ef0-af5f-2936f29c02fb" storage="TestAssembly.dll">
      <Execution id="cfc5f1f7-5062-42b2-ab4d-c1d482766e90" />
      <TestMethod codeBase="TestAssembly.dll" className="TestNamespace.TestClass4" name="Test8231" />
    </UnitTest>
    <UnitTest name="Test8232" id="8e3fa8d8-a311-413d-b51d-64e43e150c03" storage="TestAssembly.dll">
      <Execution id="402dc7af-8510-49d6-98a7-0f97b36422b3" />
      <TestMethod codeBase="TestAssembly.dll" className="TestNamespace.TestClass4" name="Test8232" />
    </UnitTest>
    <UnitTest name="Test8233" id="5eb087dd-e7c7-4271-8539-3e603c03de69" storage="TestAssembly.dll">
      <Execution id="4d775cba-7a09-4168-95c6-0fdfaaa22646" />
      <TestMethod codeBase="TestAssembly.dll" className="TestNamespace.TestClass4" name="Test8233" />
    </UnitTest>
    <UnitTest name="Test8234" id="f32ea965-d699-4ebc-85a1-3fcf62ae56f3" storage="TestAssembly.dll">
      <Execution id="116b0218-1e0c-466d-82cf-327842da66f5" />
      <TestMethod codeBase="TestAssembly.dll" className="TestNamespace.TestClass4" name="Test8234" />
    </UnitTest>
    <UnitTest name="Test8235" id="6a75002b-d7d2-4cc1-bb0b-a1488e1a6376" storage="TestAssembly.dll">
      <Execution id="f4711fc2-7541-4289-813f-dffe02b36344" />
      <TestMethod codeBase="TestAssembly.dll" className="TestNamespace.TestClass4" name="Test8235" />
    </UnitTest>
    <UnitTest name="Test8236" id="d23f38b9-8ea5-4ccd-be58-7d8d2d8d94b2" storage="TestAssembly.dll">
      <Execution id="cd7d753a-d6f8-4811-9e1a-f4e56f28edaa" />
      <TestMethod codeBase="TestAssembly.dll" className="TestNamespace.TestClass4" name="Test8236" />
    </UnitTest>
    <UnitTest name="Test8237" id="93263349-11e6-45bf-a554-a2b986866310" storage="TestAssembly.dll">
      <Execution id="1fcf5abb-f423-4ded-b3fc-d41ff6e108ee" />
      <TestMethod codeBase="TestAssembly.dll" className="TestNamespace.TestClass4" name="Test8237" />
    </UnitTest>
    <UnitTest name="Test8238" id="64c73a42-08f3-4084-9d95-0c9bbba14123" storage="TestAssembly.dll">
      <Execution id="d440d9e8-68a6-4fe6-a950-04d129fefaa2" />
      <TestMethod codeBase="TestAssembly.dll" className="TestNamespace.TestClass4" name="Test8238" />
    </UnitTest>
    <UnitTest name="Test8239" id="b43d536e-739b-441c-b0b5-0dcea45311a4" storage="TestAssembly.dll">
      <Execution id="a6e15d06-b8c3-4576-a73f-9dabaf7ee112" />
      <TestMethod codeBase="TestAssembly.dll" className="TestNamespace.TestClass4" name="Test8239" />
    </UnitTest>
    <UnitTest name="Test8240" id="96166012-12fe-42f7-95b3-7e62205737ff" storage="TestAssembly.dll">
      <Execution id="688c8f0f-1b67-47d4-b8bd-9325bb5625ce" />
      <TestMethod codeBase="TestAssembly.dll" className="TestNamespace.TestClass4" name="Test8240" />
    </UnitTest>
    <UnitTest name="Test8241" id="d4881b47-8f44-4752-a504-b4c2fb02410d" storage="TestAssembly.dll">
      <Execution id="52bbdd6c-9b19-40df-b6b4-02dc8065ca9c" />
      <TestMethod codeBase="TestAssembly.dll" className="TestNamespace.TestClass5" name="Test8241" />
    </UnitTest>
    <UnitTest name="Test8242" id="9608a222-0c85-45fa-9b72-594215e56569" storage="TestAssembly.dll">
      <Execution id="f98ad07d-7321-4e2a-bd36-3330152da74d" />
      <TestMethod codeBase="TestAssembly.dll" className="TestNamespace.TestClass5" name="Test8242" />
    </UnitTest>
    <UnitTest name="Test8243" id="4a3fedc3-94ba-4dce-9fdc-176506a8edea" storage="TestAssembly.dll">
      <Execution id="14a8e1a6-c98a-473d-b5a7-76b305bd0bbb" />
      <TestMethod codeBase="TestAssembly.dll" className="TestNamespace.TestClass5" name="Test8243" />
    </UnitTest>
    <UnitTest name="Test8244" id="e58f339f-0139-4679-bf8d-09bc6147c3d6" storage="TestAssembly.dll">
      <Execution id="0d635e2c-a580-4049-8b02-b7846a3185d2" />
      <TestMethod codeBase="TestAssembly.dll" className="TestNamespace.TestClass5" name="Test8244" />
    </UnitTest>
    <UnitTest name="Test8245" id="9a61c523-c6ae-40b2-95e4-87acb376a651" storage="TestAssembly.dll">
      <Execution id="691e1e00-e375-4bab-82a7-ca3526e1450b" />
      <TestMethod codeBase="TestAssembly.dll" className="TestNamespace.TestClass5" name="Test8245" />
    </UnitTest>
    <UnitTest name="Test8246" id="c4af28a0-736a-42ea-8e32-f04a0ad7411f" storage="TestAssembly.dll">
      <Execution id="53c20fab-5566-4c52-b4ed-3795b8b0233a" />
      <TestMethod codeBase="TestAssembly.dll" className="TestNamespace.TestClass5" name="Test8246" />
    </UnitTest>
    <UnitTest name="Test8247" id="e0ad071a-0304-4e6a-b550-d911cbf0342e" storage="TestAssembly.dll">
      <Execution id="e8ca9f9b-a67f-4356-a453-969a517aa086" />
      <TestMethod codeBase="TestAssembly.dll" className="TestNamespace.TestClass5" name="Test8247" />
    </UnitTest>
    <UnitTest name="Test8248" id="74241208-cd8c-4ed4-8c1e-799f0b5ff9c7" storage="TestAssembly.dll">
      <Execution id="4d3febe5-3a8b-427d-ad6a-ac57c9e817e0" />
      <TestMethod codeBase="TestAssembly.dll" className="TestNamespace.TestClass5" name="Test8248" />
    </UnitTest>
    <UnitTest name="Test8249" id="a7a5a7e3-ae4a-4e94-9485-58d2cf6614d6" storage="TestAssembly.dll">
      <Execution id="c9967845-a518-424f-b6dd-9c66e7e1b19e" />
      <TestMethod codeBase="TestAssembly.dll" className="TestNamespace.TestClass5" name="Test8249" />
    </UnitTest>
    <UnitTest name="Test8250" id="dcb4875c-a4db-4f2c-87f6-20737119dd1d" storage="TestAssembly.dll">
      <Execution id="604099e2-e809-4b56-8874-a79a39390e4b" />
      <TestMethod codeBase="TestAssembly.dll" className="TestNamespace.TestClass5" name="Test8250" />
    </UnitTest>
    <UnitTest name="Test8251" id="a7182914-0ee3-459a-833a-7b66b1e6b7bb" storage="TestAssembly.dll">
      <Execution id="795dba0d-43f5-4f54-9229-047202a43b84" />
      <TestMethod codeBase="TestAssembly.dll" className="TestNamespace.TestClass6" name="Test8251" />
    </UnitTest>
    <UnitTest name="Test8252" id="99ed39e5-edb4-4464-a96c-bcd1f6168669" storage="TestAssembly.dll">
      <Execution id="2ef38e32-026d-48c5-918b-d5219af096ff" />
      <TestMethod codeBase="TestAssembly.dll" className="TestNamespace.TestClass6" name="Test8252" />
    </UnitTest>
    <UnitTest name="Test8253" id="a9236b6e-297b-4919-9f3a-cfb572970093" storage="TestAssembly.dll">
      <Execution id="4b5f2a38-5744-42c7-b6e2-9d2dd66f8aa3" />
      <TestMethod codeBase="TestAssembly.dll" className="TestNamespace.TestClass6" name="Test8253" />
    </UnitTest>
    <UnitTest name="Test8254" id="189bfdf2-ae79-4cab-83d3-59764e226198" storage="TestAssembly.dll">
      <Execution id="395c6e2d-cb32-4ee3-b240-1533765c38d5" />
      <TestMethod codeBase="TestAssembly.dll" className="TestNamespace.TestClass6" name="Test8254" />
    </UnitTest>
    <UnitTest name="Test8255" id="fd6a9956-ff60-4a76-b248-f342034331d3" storage="TestAssembly.dll">
      <Execution id="59a55f9f-be55-4877-823d-adef8f0cd115" />
      <TestMethod codeBase="TestAssembly.dll" className="TestNamespace.TestClass6" name="Test8255" />
    </UnitTest>
    <UnitTest name="Test8256" id="eab61bd5-9dfd-4f30-8a13-e823a5247281" storage="TestAssembly.dll">
      <Execution id="6882c988-59d7-4de1-9ea1-4ee5a8d0bd33" />
      <TestMethod codeBase="TestAssembly.dll" className="TestNamespace.TestClass6" name="Test8256" />
    </UnitTest>
    <UnitTest name="Test8257" id="c5ab3517-d48f-4026-8af2-40cbab41c3c5" storage="TestAssembly.dll">
      <Execution id="3d58b548-082d-4441-8586-f42071117b10" />
      <TestMethod codeBase="TestAssembly.dll" className="TestNamespace.TestClass6" name="Test8257" />
    </UnitTest>
    <UnitTest name="Test8258" id="c538c338-e37c-4380-9a13-532b0e8498aa" storage="TestAssembly.dll">
      <Execution id="2f100e4f-3ede-441d-88b9-38b97642bf6e" />
      <TestMethod codeBase="TestAssembly.dll" className="TestNamespace.TestClass6" name="Test8258" />
    </UnitTest>
    <UnitTest name="Test8259" id="c8136731-95b1-4ca2-9f2a-489265c207f6" storage="TestAssembly.dll">
      <Execution id="710d5320-9588-4625-b66f-af7359e69e1d" />
      <TestMethod codeBase="TestAssembly.dll" className="TestNamespace.TestClass6" name="Test8259" />
    </UnitTest>
    <UnitTest name="Test8260" id="eac5f498-1f63-4152-982d-dbb431d9989f" storage="TestAssembly.dll">
      <Execution id="e5c46092-aac4-471a-9079-4f63a3889b47" />
      <TestMethod codeBase="TestAssembly.dll" className="TestNamespace.TestClass6" name="Test8260" />
    </UnitTest>
    <UnitTest name="Test8261" id="5e389304-cf80-49e1-80db-c1a4a71b8016" storage="TestAssembly.dll">
      <Execution id="c3e422bf-24eb-4777-9631-61eb43bd53f9" />
      <TestMethod codeBase="TestAssembly.dll" className="TestNamespace.TestClass7" name="Test8261" />
    </UnitTest>
    <UnitTest name="Test8262" id="2d679f85-f56a-434e-bf09-f4780ebf96b4" storage="TestAssembly.dll">
      <Execution id="299ee799-b764-4314-9d33-d4c93d8fe98b" />
      <TestMethod codeBase="TestAssembly.dll" className="TestNamespace.TestClass7" name="Test8262" />
    </UnitTest>
    <UnitTest name="Test8263" id="5de5c9e4-3e96-4bee-b592-6529e2dab449" storage="TestAssembly.dll">
      <Execution id="b9608657-7946-4491-a859-7e7e57b8886d" />
      <TestMethod codeBase="TestAssembly.dll" className="TestNamespace.TestClass7" name="Test8263" />
    </UnitTest>
    <UnitTest name="Test8264" id="be7377b2-c556-4a43-8476-c06450545a29" storage="TestAssembly.dll">
      <Execution id="3de67dd2-e392-49df-aa09-98d349587f75" />
      <TestMethod codeBase="TestAssembly.dll" className="TestNamespace.TestClass7" name="Test8264" />
    </UnitTest>
    <UnitTest name="Test8265" id="8ecdbdd8-e96c-4b69-8b3e-fa6164496647" storage="TestAssembly.dll">
      <Execution id="83c45007-3ca9-4c0d-b789-dfbce44161a5" />
      <TestMethod codeBase="TestAssembly.dll" className="TestNamespace.TestClass7" name="Test8265" />
    </UnitTest>
    <UnitTest name="Test8266" id="27f49aac-d4d1-4b51-8599-cdf89eb928b3" storage="TestAssembly.dll">
      <Execution id="f08d12cc-b6b2-4773-a009-e88d989161b1" />
      <TestMethod codeBase="TestAssembly.dll" className="TestNamespace.TestClass7" name="Test8266" />
    </UnitTest>
    <UnitTest name="Test8267" id="508b2c03-2ac5-4508-bf47-f9bc8e180715" storage="TestAssembly.dll">
      <Execution id="415f2948-afbd-4101-a7a8-b8ff41f2d8a4" />
      <TestMethod codeBase="TestAssembly.dll" className="TestNamespace.TestClass7" name="Test8267" />
    </UnitTest>
    <UnitTest name="Test8268" id="dfee2d2d-6a8e-4c22-ac6a-6a52dfcd2882" storage="TestAssembly.dll">
      <Execution id="a032167e-b845-4945-bb19-7d366730a76d" />
      <TestMethod codeBase="TestAssembly.dll" className="TestNamespace.TestClass7" name="Test8268" />
    </UnitTest>
    <UnitTest name="Test8269" id="b7561d1c-d08c-4168-8018-ae4b2db71ccb" storage="TestAssembly.dll">
      <Execution id="051326b2-0a5c-48bd-9e67-a0cb12f5755f" />
      <TestMethod codeBase="TestAssembly.dll" className="TestNamespace.TestClass7" name="Test8269" />
    </UnitTest>
    <UnitTest name="Test8270" id="f0c636d2-3cd2-4841-a378-4f183cdeada5" storage="TestAssembly.dll">
      <Execution id="fe521bdc-b701-4737-b899-7a2392e666da" />
      <TestMethod codeBase="TestAssembly.dll" className="TestNamespace.TestClass7" name="Test8270" />
    </UnitTest>
    <UnitTest name="Test8271" id="ea861307-5760-4053-ac80-f8c0696445d9" storage="TestAssembly.dll">
      <Execution id="d7a73cd9-a337-47be-b36f-3971107dfe87" />
      <TestMethod codeBase="TestAssembly.dll" className="TestNamespace.TestClass8" name="Test8271" />
    </UnitTest>
    <UnitTest name="Test8272" id="7ba5d538-8393-469f-bc08-46eba6bdb45c" storage="TestAssembly.dll">
      <Execution id="01783bc5-cc77-470f-b103-9b5913acf3da" />
      <TestMethod codeBase="TestAssembly.dll" className="TestNamespace.TestClass8" name="Test8272" />
    </UnitTest>
    <UnitTest name="Test8273" id="258f5540-687e-41ee-80bd-f0c4749a4bb3" storage="TestAssembly.dll">
      <Execution id="06585c94-2a45-4d41-90b9-dd444b07b4a2" />
      <TestMethod codeBase="TestAssembly.dll" className="TestNamespace.TestClass8" name="Test8273" />
    </UnitTest>
    <UnitTest name="Test8274" id="5b326cab-a1d9-455a-8bc8-bb9b5ef3f24a" storage="TestAssembly.dll">
      <Execution id="f52e69a6-faf2-4845-b186-780711afd4bc" />
      <TestMethod codeBase="TestAssembly.dll" className="TestNamespace.TestClass8" name="Test8274" />
    </UnitTest>
    <UnitTest name="Test8275" id="0fb121a6-a12d-4af4-831a-044a2c5f1608" storage="TestAssembly.dll">
      <Execution id="f521b27c-efd8-4346-8757-bb176ea952df" />
      <TestMethod codeBase="TestAssembly.dll" className="TestNamespace.TestClass8" name="Test8275" />
    </UnitTest>
    <UnitTest name="Test8276" id="8a86e47e-a59e-4fe8-ab39-bb9e2d3f241a" storage="TestAssembly.dll">
      <Execution id="35f4e069-5f77-46cc-b2b6-75ebe9aa1790" />
      <TestMethod codeBase="TestAssembly.dll" className="TestNamespace.TestClass8" name="Test8276" />
    </UnitTest>
    <UnitTest name="Test8277" id="5c0d0667-27db-42c7-ab4b-4b9e88f4e226" storage="TestAssembly.dll">
      <Execution id="1e6f87df-1f30-449e-85aa-a067df95452e" />
      <TestMethod codeBase="TestAssembly.dll" className="TestNamespace.TestClass8" name="Test8277" />
    </UnitTest>
    <UnitTest name="Test8278" id="d7f9779f-d9f5-4ae0-b17a-948a780d7826" storage="TestAssembly.dll">
      <Execution id="212e4bc4-4908-4adc-a72d-cbf2425164ea" />
      <TestMethod codeBase="TestAssembly.dll" className="TestNamespace.TestClass8" name="Test8278" />
    </UnitTest>
    <UnitTest name="Test8279" id="d3055567-8e91-48d0-bccc-08114345d43a" storage="TestAssembly.dll">
      <Execution id="0e27411c-0183-434d-9978-c0ed18c8d33d" />
      <TestMethod codeBase="TestAssembly.dll" className="TestNamespace.TestClass8" name="Test8279" />
    </UnitTest>
    <UnitTest name="Test8280" id="6a53e78a-6d2b-4700-9fee-44939afaba4a" storage="TestAssembly.dll">
      <Execution id="c39a8648-9b71-4071-b8b8-d0d2138cd38b" />
      <TestMethod codeBase="TestAssembly.dll" className="TestNamespace.TestClass8" name="Test8280" />
    </UnitTest>
    <UnitTest name="Test8281" id="d572ec1a-688c-4a8f-ad3f-5af97e139655" storage="TestAssembly.dll">
      <Execution id="14a8253e-11be-40c5-912f-cd12327bf1ee" />
      <TestMethod codeBase="TestAssembly.dll" className="TestNamespace.TestClass9" name="Test8281" />
    </UnitTest>
    <UnitTest name="Test8282" id="c240ef11-b146-435a-b1f6-09f55e2723ee" storage="TestAssembly.dll">
      <Execution id="42531f6e-a897-4ab7-addf-42cee442b36c" />
      <TestMethod codeBase="TestAssembly.dll" className="TestNamespace.TestClass9" name="Test8282" />
    </UnitTest>
    <UnitTest name="Test8283" id="f6b122e0-41d0-43af-99c1-15c3bc62c030" storage="TestAssembly.dll">
      <Execution id="5ee693ae-36d3-41a6-904c-02fb0b53f55d" />
      <TestMethod codeBase="TestAssembly.dll" className="TestNamespace.TestClass9" name="Test8283" />
    </UnitTest>
    <UnitTest name="Test8284" id="404553b3-0545-4883-9ed9-17ca16a6cc9e" storage="TestAssembly.dll">
      <Execution id="84ccb8cc-4fd7-44cb-9e83-8b35ae5ff994" />
      <TestMethod codeBase="TestAssembly.dll" className="TestNamespace.TestClass9" name="Test8284" />
    </UnitTest>
    <UnitTest name="Test8285" id="10dc77bf-6b74-4c74-b062-87606e024af8" storage="TestAssembly.dll">
      <Execution id="4ae05bf1-1e31-43e4-8df5-6160799acd01" />
      <TestMethod codeBase="TestAssembly.dll" className="TestNamespace.TestClass9" name="Test8285" />
    </UnitTest>
    <UnitTest name="Test8286" id="9744c9dc-9e5d-4593-8c71-bf1a6838a49a" storage="TestAssembly.dll">
      <Execution id="1cad7471-bed6-4286-bad3-d3dd058fa877" />
      <TestMethod codeBase="TestAssembly.dll" className="TestNamespace.TestClass9" name="Test8286" />
    </UnitTest>
    <UnitTest name="Test8287" id="493ebd3a-fa91-458e-b53f-90ecb4245b6e" storage="TestAssembly.dll">
      <Execution id="72822354-b7cd-46a3-aea6-7d3598dfa5f1" />
      <TestMethod codeBase="TestAssembly.dll" className="TestNamespace.TestClass9" name="Test8287" />
    </UnitTest>
    <UnitTest name="Test8288" id="b3d2fddb-53d2-405b-9005-c79305b20e98" storage="TestAssembly.dll">
      <Execution id="4f9ceb01-3f7d-4572-8aff-77e9fd0c729f" />
      <TestMethod codeBase="TestAssembly.dll" className="TestNamespace.TestClass9" name="Test8288" />
    </UnitTest>
    <UnitTest name="Test8289" id="1c541975-f10e-43bd-8a8d-debae5ec39d5" storage="TestAssembly.dll">
      <Execution id="8d0dd7f4-8e6c-4b43-bbbb-7a44057de767" />
      <TestMethod codeBase="TestAssembly.dll" className="TestNamespace.TestClass9" name="Test8289" />
    </UnitTest>
    <UnitTest name="Test8290" id="0c2ae491-d99e-49ad-8db9-e29ea3ce3e67" storage="TestAssembly.dll">
      <Execution id="8873900a-5c18-4b67-839f-cba791ec669e" />
      <TestMethod codeBase="TestAssembly.dll" className="TestNamespace.TestClass9" name="Test8290" />
    </UnitTest>
    <UnitTest name="Test8291" id="fe787088-c4ab-4c94-ad15-873fe1bf88fa" storage="TestAssembly.dll">
      <Execution id="51ae2dcb-2cf2-4540-99d7-883cbf1abd05" />
      <TestMethod codeBase="TestAssembly.dll" className="TestNamespace.TestClass10" name="Test8291" />
    </UnitTest>
    <UnitTest name="Test8292" id="c17c3340-5e31-4e82-8386-0c8ff6b010a6" storage="TestAssembly.dll">
      <Execution id="b9283ad0-bcb6-4b4f-8c17-056328589747" />
      <TestMethod codeBase="TestAssembly.dll" className="TestNamespace.TestClass10" name="Test8292" />
    </UnitTest>
    <UnitTest name="Test8293" id="8ec32a6f-c37c-483d-ac42-18417ea1f33b" storage="TestAssembly.dll">
      <Execution id="e6d18035-1e01-4705-be69-e2f70305dab8" />
      <TestMethod codeBase="TestAssembly.dll" className="TestNamespace.TestClass10" name="Test8293" />
    </UnitTest>
    <UnitTest name="Test8294" id="d6889b3f-11b6-4d7c-82c1-cd1ee41f7353" storage="TestAssembly.dll">
      <Execution id="0dbe31d8-299e-4965-912b-282ac2c3e514" />
      <TestMethod codeBase="TestAssembly.dll" className="TestNamespace.TestClass10" name="Test8294" />
    </UnitTest>
    <UnitTest name="Test8295" id="06ccb423-7fd3-404b-b77d-66b730ac6128" storage="TestAssembly.dll">
      <Execution id="40209435-7de4-49dc-9074-51bb451ba4bc" />
      <TestMethod codeBase="TestAssembly.dll" className="TestNamespace.TestClass10" name="Test8295" />
    </UnitTest>
    <UnitTest name="Test8296" id="7d30e6cc-3162-4f91-970a-b344c16aec6b" storage="TestAssembly.dll">
      <Execution id="ed6b6631-5c82-4726-aa17-020ec984d1c1" />
      <TestMethod codeBase="TestAssembly.dll" className="TestNamespace.TestClass10" name="Test8296" />
    </UnitTest>
    <UnitTest name="Test8297" id="b0f6ca94-adf4-4f75-baaa-b438c7c85fad" storage="TestAssembly.dll">
      <Execution id="3bee664c-ceac-483c-914d-b57690fce9b0" />
      <TestMethod codeBase="TestAssembly.dll" className="TestNamespace.TestClass10" name="Test8297" />
    </UnitTest>
    <UnitTest name="Test8298" id="ff2da582-0e08-40e9-8794-49540f7d9adf" storage="TestAssembly.dll">
      <Execution id="37c3ca84-74f8-4152-b4a7-06e94771e13d" />
      <TestMethod codeBase="TestAssembly.dll" className="TestNamespace.TestClass10" name="Test8298" />
    </UnitTest>
    <UnitTest name="Test8299" id="bec9da63-42ae-41e1-bbd0-c480b21b24c9" storage="TestAssembly.dll">
      <Execution id="dbb17329-c478-40ff-bd72-270e7f2080b7" />
      <TestMethod codeBase="TestAssembly.dll" className="TestNamespace.TestClass10" name="Test8299" />
    </UnitTest>
    <UnitTest name="Test8300" id="209fc252-b673-4b92-aee4-ace538e4f708" storage="TestAssembly.dll">
      <Execution id="d55edd57-f846-4f28-b6ea-c9058d46e96b" />
      <TestMethod codeBase="TestAssembly.dll" className="TestNamespace.TestClass10" name="Test8300" />
    </UnitTest>
  </TestDefinitions>
  <TestEntries>
    <TestEntry testId="f4620f06-3e4c-4807-accc-4fc7aef0c002" executionId="861f01e1-1d56-4901-83f2-973260f7dc7e" testListId="209e7f71-c765-4a43-bd35-749f022a1dcc" />
    <TestEntry testId="58de464d-0bc2-4978-a9f4-fea139c68fbc" executionId="6dfd66a8-bc7c-46f8-b2ea-b05131edf973" testListId="209e7f71-c765-4a43-bd35-749f022a1dcc" />
    <TestEntry testId="ab27bdca-76a3-4635-b43b-c0cf927acfc8" executionId="3d42278c-05c1-43a2-880a-ecce7a5cc2fe" testListId="209e7f71-c765-4a43-bd35-749f022a1dcc" />
    <TestEntry testId="5ba871c0-4ef7-42ec-8fb4-b17467a458e3" executionId="63e70d77-037c-4157-b80e-03a02fa5d950" testListId="209e7f71-c765-4a43-bd35-749f022a1dcc" />
    <TestEntry testId="1c3858b6-52d6-4205-8430-3fc58f0722dd" executionId="8fc72259-e158-4c06-bc7b-a65b478341ae" testListId="209e7f71-c765-4a43-bd35-749f022a1dcc" />
    <TestEntry testId="79eda516-2b7d-4b30-8224-824d88475330" executionId="81713b86-56db-471f-8f6d-1bd3bbbfe2b3" testListId="209e7f71-c765-4a43-bd35-749f022a1dcc" />
    <TestEntry testId="ca3211e2-d743-4870-8f03-7d3405076ec6" executionId="dc4c4fe4-e505-4662-8ad4-674ccde85779" testListId="209e7f71-c765-4a43-bd35-749f022a1dcc" />
    <TestEntry testId="ac4e7c9c-370d-469e-ac3b-a8bd93940602" executionId="808b804d-37f8-4c31-9752-23188b424ecd" testListId="209e7f71-c765-4a43-bd35-749f022a1dcc" />
    <TestEntry testId="29febdcb-b780-48ff-8b22-dcf774115991" executionId="e07a313d-64e1-4b81-9113-694dcce537e0" testListId="209e7f71-c765-4a43-bd35-749f022a1dcc" />
    <TestEntry testId="f2c72142-65b4-4a88-8325-7a49b1e778f7" executionId="3a6b820c-2049-4225-bc55-026ad8b5188c" testListId="209e7f71-c765-4a43-bd35-749f022a1dcc" />
    <TestEntry testId="b1ed6080-f8d9-4188-a8ca-a9e1917b25c5" executionId="2ace6926-42b7-449d-bc10-815fb5505aa2" testListId="209e7f71-c765-4a43-bd35-749f022a1dcc" />
    <TestEntry testId="39220b98-641e-4e62-ab00-596d554ed03f" executionId="6c358a20-76bc-4078-966c-831651d3c9c3" testListId="209e7f71-c765-4a43-bd35-749f022a1dcc" />
    <TestEntry testId="d426a742-cd08-4515-88f1-b2f7e8bb6b85" executionId="255e0f55-a1aa-4aa1-a44e-da9a6e068aae" testListId="209e7f71-c765-4a43-bd35-749f022a1dcc" />
    <TestEntry testId="1040c5de-5285-4974-a482-e0a0aa38988b" executionId="d4c6bd52-c738-415f-9baa-307b03e7e93d" testListId="209e7f71-c765-4a43-bd35-749f022a1dcc" />
    <TestEntry testId="db56518e-61b9-4a91-8dcc-be96340400e9" executionId="2d0360ab-df59-4327-8fe0-0337781a6b21" testListId="209e7f71-c765-4a43-bd35-749f022a1dcc" />
    <TestEntry testId="dfcd74e4-07c9-44b8-9fd5-53f37e5225b8" executionId="ae3c3323-2510-4267-bf58-8e8c6e8c6110" testListId="209e7f71-c765-4a43-bd35-749f022a1dcc" />
    <TestEntry testId="a2247498-cf70-488a-90ea-1fbd4ba616c0" executionId="79564d2f-cde6-4334-9399-cf6b8f45f972" testListId="209e7f71-c765-4a43-bd35-749f022a1dcc" />
    <TestEntry testId="17779ee4-7cfb-454a-8e54-8bf829cb2374" executionId="d8502027-c995-4748-af19-3b34dc4a2504" testListId="209e7f71-c765-4a43-bd35-749f022a1dcc" />
    <TestEntry testId="b961c13a-a4c3-45bd-aa46-cd9585614a04" executionId="b706ad58-6002-4271-96a8-51cf4dd4143a" testListId="209e7f71-c765-4a43-bd35-749f022a1dcc" />
    <TestEntry testId="1c0f9499-e487-4180-9c1f-aae97145d7ae" executionId="720e52ae-dc00-4a8b-8a64-9c2bf2f0c231" testListId="209e7f71-c765-4a43-bd35-749f022a1dcc" />
    <TestEntry testId="28fe3f48-659d-4ea9-979f-d9c8a0ff72aa" executionId="0adf8b11-b65a-4e4d-8047-f4da66feaa07" testListId="209e7f71-c765-4a43-bd35-749f022a1dcc" />
    <TestEntry testId="50e5feb7-de9d-4048-8634-67739f9f029a" executionId="cccaec31-af8d-4b74-be70-7a2fe410ae41" testListId="209e7f71-c765-4a43-bd35-749f022a1dcc" />
    <TestEntry testId="e57c9381-1afb-4732-9a5f-05a2e32fe804" executionId="f352dce8-cca2-4941-81cc-0ff904034f68" testListId="209e7f71-c765-4a43-bd35-749f022a1dcc" />
    <TestEntry testId="c77cb809-bd9d-47db-9e13-0475d6a2e5c5" executionId="9e07db1c-b7d3-4785-990e-ed68b2977a7f" testListId="209e7f71-c765-4a43-bd35-749f022a1dcc" />
    <TestEntry testId="19c9a543-90a5-4788-ac54-14c6f6ca5f3e" executionId="fd39795f-8b14-49b1-a801-173a2f787861" testListId="209e7f71-c765-4a43-bd35-749f022a1dcc" />
    <TestEntry testId="0fc0b81f-b79c-4e06-8e9e-fae2351c4bb6" executionId="8d4c5611-6aee-4144-8a0c-ee1fad32207a" testListId="209e7f71-c765-4a43-bd35-749f022a1dcc" />
    <TestEntry testId="28bf476e-28de-429e-98d2-511aefb4a5db" executionId="319288ed-cb27-4b83-af00-2a72add5ff28" testListId="209e7f71-c765-4a43-bd35-749f022a1dcc" />
    <TestEntry testId="dad2cd82-b5a0-4a3b-8836-9d72f62cd488" executionId="6cc52fa5-9e33-43b3-a477-9f2b75bb82e6" testListId="209e7f71-c765-4a43-bd35-749f022a1dcc" />
    <TestEntry testId="33d71696-eb16-4056-848d-86179042503c" executionId="fcdca24d-7c1b-423c-86b1-09d670c37b3a" testListId="209e7f71-c765-4a43-bd35-749f022a1dcc" />
    <TestEntry testId="8bb4188b-4b34-481c-b9ef-80afba72ff09" executionId="5ad86415-3b98-47bc-95d1-00758f29d7e5" testListId="209e7f71-c765-4a43-bd35-749f022a1dcc" />
    <TestEntry testId="ad756946-4a8d-4ef0-af5f-2936f29c02fb" executionId="cfc5f1f7-5062-42b2-ab4d-c1d482766e90" testListId="209e7f71-c765-4a43-bd35-749f022a1dcc" />
    <TestEntry testId="8e3fa8d8-a311-413d-b51d-64e43e150c03" executionId="402dc7af-8510-49d6-98a7-0f97b36422b3" testListId="209e7f71-c765-4a43-bd35-749f022a1dcc" />
    <TestEntry testId="5eb087dd-e7c7-4271-8539-3e603c03de69" executionId="4d775cba-7a09-4168-95c6-0fdfaaa22646" testListId="209e7f71-c765-4a43-bd35-749f022a1dcc" />
    <TestEntry testId="f32ea965-d699-4ebc-85a1-3fcf62ae56f3" executionId="116b0218-1e0c-466d-82cf-327842da66f5" testListId="209e7f71-c765-4a43-bd35-749f022a1dcc" />
    <TestEntry testId="6a75002b-d7d2-4cc1-bb0b-a1488e1a6376" executionId="f4711fc2-7541-4289-813f-dffe02b36344" testListId="209e7f71-c765-4a43-bd35-749f022a1dcc" />
    <TestEntry testId="d23f38b9-8ea5-4ccd-be58-7d8d2d8d94b2" executionId="cd7d753a-d6f8-4811-9e1a-f4e56f28edaa" testListId="209e7f71-c765-4a43-bd35-749f022a1dcc" />
    <TestEntry testId="93263349-11e6-45bf-a554-a2b986866310" executionId="1fcf5abb-f423-4ded-b3fc-d41ff6e108ee" testListId="209e7f71-c765-4a43-bd35-749f022a1dcc" />
    <TestEntry testId="64c73a42-08f3-4084-9d95-0c9bbba14123" executionId="d440d9e8-68a6-4fe6-a950-04d129fefaa2" testListId="209e7f71-c765-4a43-bd35-749f022a1dcc" />
    <TestEntry testId="b43d536e-739b-441c-b0b5-0dcea45311a4" executionId="a6e15d06-b8c3-4576-a73f-9dabaf7ee112" testListId="209e7f71-c765-4a43-bd35-749f022a1dcc" />
    <TestEntry testId="96166012-12fe-42f7-95b3-7e62205737ff" executionId="688c8f0f-1b67-47d4-b8bd-9325bb5625ce" testListId="209e7f71-c765-4a43-bd35-749f022a1dcc" />
    <TestEntry testId="d4881b47-8f44-4752-a504-b4c2fb02410d" executionId="52bbdd6c-9b19-40df-b6b4-02dc8065ca9c" testListId="209e7f71-c765-4a43-bd35-749f022a1dcc" />
    <TestEntry testId="9608a222-0c85-45fa-9b72-594215e56569" executionId="f98ad07d-7321-4e2a-bd36-3330152da74d" testListId="209e7f71-c765-4a43-bd35-749f022a1dcc" />
    <TestEntry testId="4a3fedc3-94ba-4dce-9fdc-176506a8edea" executionId="14a8e1a6-c98a-473d-b5a7-76b305bd0bbb" testListId="209e7f71-c765-4a43-bd35-749f022a1dcc" />
    <TestEntry testId="e58f339f-0139-4679-bf8d-09bc6147c3d6" executionId="0d635e2c-a580-4049-8b02-b7846a3185d2" testListId="209e7f71-c765-4a43-bd35-749f022a1dcc" />
    <TestEntry testId="9a61c523-c6ae-40b2-95e4-87acb376a651" executionId="691e1e00-e375-4bab-82a7-ca3526e1450b" testListId="209e7f71-c765-4a43-bd35-749f022a1dcc" />
    <TestEntry testId="c4af28a0-736a-42ea-8e32-f04a0ad7411f" executionId="53c20fab-5566-4c52-b4ed-3795b8b0233a" testListId="209e7f71-c765-4a43-bd35-749f022a1dcc" />
    <TestEntry testId="e0ad071a-0304-4e6a-b550-d911cbf0342e" executionId="e8ca9f9b-a67f-4356-a453-969a517aa086" testListId="209e7f71-c765-4a43-bd35-749f022a1dcc" />
    <TestEntry testId="74241208-cd8c-4ed4-8c1e-799f0b5ff9c7" executionId="4d3febe5-3a8b-427d-ad6a-ac57c9e817e0" testListId="209e7f71-c765-4a43-bd35-749f022a1dcc" />
    <TestEntry testId="a7a5a7e3-ae4a-4e94-9485-58d2cf6614d6" executionId="c9967845-a518-424f-b6dd-9c66e7e1b19e" testListId="209e7f71-c765-4a43-bd35-749f022a1dcc" />
    <TestEntry testId="dcb4875c-a4db-4f2c-87f6-20737119dd1d" executionId="604099e2-e809-4b56-8874-a79a39390e4b" testListId="209e7f71-c765-4a43-bd35-749f022a1dcc" />
    <TestEntry testId="a7182914-0ee3-459a-833a-7b66b1e6b7bb" executionId="795dba0d-43f5-4f54-9229-047202a43b84" testListId="209e7f71-c765-4a43-bd35-749f022a1dcc" />
    <TestEntry testId="99ed39e5-edb4-4464-a96c-bcd1f6168669" executionId="2ef38e32-026d-48c5-918b-d5219af096ff" testListId="209e7f71-c765-4a43-bd35-749f022a1dcc" />
    <TestEntry testId="a9236b6e-297b-4919-9f3a-cfb572970093" executionId="4b5f2a38-5744-42c7-b6e2-9d2dd66f8aa3" testListId="209e7f71-c765-4a43-bd35-749f022a1dcc" />
    <TestEntry testId="189bfdf2-ae79-4cab-83d3-59764e226198" executionId="395c6e2d-cb32-4ee3-b240-1533765c38d5" testListId="209e7f71-c765-4a43-bd35-749f022a1dcc" />
    <TestEntry testId="fd6a9956-ff60-4a76-b248-f342034331d3" executionId="59a55f9f-be55-4877-823d-adef8f0cd115" testListId="209e7f71-c765-4a43-bd35-749f022a1dcc" />
    <TestEntry testId="eab61bd5-9dfd-4f30-8a13-e823a5247281" executionId="6882c988-59d7-4de1-9ea1-4ee5a8d0bd33" testListId="209e7f71-c765-4a43-bd35-749f022a1dcc" />
    <TestEntry testId="c5ab3517-d48f-4026-8af2-40cbab41c3c5" executionId="3d58b548-082d-4441-8586-f42071117b10" testListId="209e7f71-c765-4a43-bd35-749f022a1dcc" />
    <TestEntry testId="c538c338-e37c-4380-9a13-532b0e8498aa" executionId="2f100e4f-3ede-441d-88b9-38b97642bf6e" testListId="209e7f71-c765-4a43-bd35-749f022a1dcc" />
    <TestEntry testId="c8136731-95b1-4ca2-9f2a-489265c207f6" executionId="710d5320-9588-4625-b66f-af7359e69e1d" testListId="209e7f71-c765-4a43-bd35-749f022a1dcc" />
    <TestEntry testId="eac5f498-1f63-4152-982d-dbb431d9989f" executionId="e5c46092-aac4-471a-9079-4f63a3889b47" testListId="209e7f71-c765-4a43-bd35-749f022a1dcc" />
    <TestEntry testId="5e389304-cf80-49e1-80db-c1a4a71b8016" executionId="c3e422bf-24eb-4777-9631-61eb43bd53f9" testListId="209e7f71-c765-4a43-bd35-749f022a1dcc" />
    <TestEntry testId="2d679f85-f56a-434e-bf09-f4780ebf96b4" executionId="299ee799-b764-4314-9d33-d4c93d8fe98b" testListId="209e7f71-c765-4a43-bd35-749f022a1dcc" />
    <TestEntry testId="5de5c9e4-3e96-4bee-b592-6529e2dab449" executionId="b9608657-7946-4491-a859-7e7e57b8886d" testListId="209e7f71-c765-4a43-bd35-749f022a1dcc" />
    <TestEntry testId="be7377b2-c556-4a43-8476-c06450545a29" executionId="3de67dd2-e392-49df-aa09-98d349587f75" testListId="209e7f71-c765-4a43-bd35-749f022a1dcc" />
    <TestEntry testId="8ecdbdd8-e96c-4b69-8b3e-fa6164496647" executionId="83c45007-3ca9-4c0d-b789-dfbce44161a5" testListId="209e7f71-c765-4a43-bd35-749f022a1dcc" />
    <TestEntry testId="27f49aac-d4d1-4b51-8599-cdf89eb928b3" executionId="f08d12cc-b6b2-4773-a009-e88d989161b1" testListId="209e7f71-c765-4a43-bd35-749f022a1dcc" />
    <TestEntry testId="508b2c03-2ac5-4508-bf47-f9bc8e180715" executionId="415f2948-afbd-4101-a7a8-b8ff41f2d8a4" testListId="209e7f71-c765-4a43-bd35-749f022a1dcc" />
    <TestEntry testId="dfee2d2d-6a8e-4c22-ac6a-6a52dfcd2882" executionId="a032167e-b845-4945-bb19-7d366730a76d" testListId="209e7f71-c765-4a43-bd35-749f022a1dcc" />
    <TestEntry testId="b7561d1c-d08c-4168-8018-ae4b2db71ccb" executionId="051326b2-0a5c-48bd-9e67-a0cb12f5755f" testListId="209e7f71-c765-4a43-bd35-749f022a1dcc" />
    <TestEntry testId="f0c636d2-3cd2-4841-a378-4f183cdeada5" executionId="fe521bdc-b701-4737-b899-7a2392e666da" testListId="209e7f71-c765-4a43-bd35-749f022a1dcc" />
    <TestEntry testId="ea861307-5760-4053-ac80-f8c0696445d9" executionId="d7a73cd9-a337-47be-b36f-3971107dfe87" testListId="209e7f71-c765-4a43-bd35-749f022a1dcc" />
    <TestEntry testId="7ba5d538-8393-469f-bc08-46eba6bdb45c" executionId="01783bc5-cc77-470f-b103-9b5913acf3da" testListId="209e7f71-c765-4a43-bd35-749f022a1dcc" />
    <TestEntry testId="258f5540-687e-41ee-80bd-f0c4749a4bb3" executionId="06585c94-2a45-4d41-90b9-dd444b07b4a2" testListId="209e7f71-c765-4a43-bd35-749f022a1dcc" />
    <TestEntry testId="5b326cab-a1d9-455a-8bc8-bb9b5ef3f24a" executionId="f52e69a6-faf2-4845-b186-780711afd4bc" testListId="209e7f71-c765-4a43-bd35-749f022a1dcc" />
    <TestEntry testId="0fb121a6-a12d-4af4-831a-044a2c5f1608" executionId="f521b27c-efd8-4346-8757-bb176ea952df" testListId="209e7f71-c765-4a43-bd35-749f022a1dcc" />
    <TestEntry testId="8a86e47e-a59e-4fe8-ab39-bb9e2d3f241a" executionId="35f4e069-5f77-46cc-b2b6-75ebe9aa1790" testListId="209e7f71-c765-4a43-bd35-749f022a1dcc" />
    <TestEntry testId="5c0d0667-27db-42c7-ab4b-4b9e88f4e226" executionId="1e6f87df-1f30-449e-85aa-a067df95452e" testListId="209e7f71-c765-4a43-bd35-749f022a1dcc" />
    <TestEntry testId="d7f9779f-d9f5-4ae0-b17a-948a780d7826" executionId="212e4bc4-4908-4adc-a72d-cbf2425164ea" testListId="209e7f71-c765-4a43-bd35-749f022a1dcc" />
    <TestEntry testId="d3055567-8e91-48d0-bccc-08114345d43a" executionId="0e27411c-0183-434d-9978-c0ed18c8d33d" testListId="209e7f71-c765-4a43-bd35-749f022a1dcc" />
    <TestEntry testId="6a53e78a-6d2b-4700-9fee-44939afaba4a" executionId="c39a8648-9b71-4071-b8b8-d0d2138cd38b" testListId="209e7f71-c765-4a43-bd35-749f022a1dcc" />
    <TestEntry testId="d572ec1a-688c-4a8f-ad3f-5af97e139655" executionId="14a8253e-11be-40c5-912f-cd12327bf1ee" testListId="209e7f71-c765-4a43-bd35-749f022a1dcc" />
    <TestEntry testId="c240ef11-b146-435a-b1f6-09f55e2723ee" executionId="42531f6e-a897-4ab7-addf-42cee442b36c" testListId="209e7f71-c765-4a43-bd35-749f022a1dcc" />
    <TestEntry testId="f6b122e0-41d0-43af-99c1-15c3bc62c030" executionId="5ee693ae-36d3-41a6-904c-02fb0b53f55d" testListId="209e7f71-c765-4a43-bd35-749f022a1dcc" />
    <TestEntry testId="404553b3-0545-4883-9ed9-17ca16a6cc9e" executionId="84ccb8cc-4fd7-44cb-9e83-8b35ae5ff994" testListId="209e7f71-c765-4a43-bd35-749f022a1dcc" />
    <TestEntry testId="10dc77bf-6b74-4c74-b062-87606e024af8" executionId="4ae05bf1-1e31-43e4-8df5-6160799acd01" testListId="209e7f71-c765-4a43-bd35-749f022a1dcc" />
    <TestEntry testId="9744c9dc-9e5d-4593-8c71-bf1a6838a49a" executionId="1cad7471-bed6-4286-bad3-d3dd058fa877" testListId="209e7f71-c765-4a43-bd35-749f022a1dcc" />
    <TestEntry testId="493ebd3a-fa91-458e-b53f-90ecb4245b6e" executionId="72822354-b7cd-46a3-aea6-7d3598dfa5f1" testListId="209e7f71-c765-4a43-bd35-749f022a1dcc" />
    <TestEntry testId="b3d2fddb-53d2-405b-9005-c79305b20e98" executionId="4f9ceb01-3f7d-4572-8aff-77e9fd0c729f" testListId="209e7f71-c765-4a43-bd35-749f022a1dcc" />
    <TestEntry testId="1c541975-f10e-43bd-8a8d-debae5ec39d5" executionId="8d0dd7f4-8e6c-4b43-bbbb-7a44057de767" testListId="209e7f71-c765-4a43-bd35-749f022a1dcc" />
    <TestEntry testId="0c2ae491-d99e-49ad-8db9-e29ea3ce3e67" executionId="8873900a-5c18-4b67-839f-cba791ec669e" testListId="209e7f71-c765-4a43-bd35-749f022a1dcc" />
    <TestEntry testId="fe787088-c4ab-4c94-ad15-873fe1bf88fa" executionId="51ae2dcb-2cf2-4540-99d7-883cbf1abd05" testListId="209e7f71-c765-4a43-bd35-749f022a1dcc" />
    <TestEntry testId="c17c3340-5e31-4e82-8386-0c8ff6b010a6" executionId="b9283ad0-bcb6-4b4f-8c17-056328589747" testListId="209e7f71-c765-4a43-bd35-749f022a1dcc" />
    <TestEntry testId="8ec32a6f-c37c-483d-ac42-18417ea1f33b" executionId="e6d18035-1e01-4705-be69-e2f70305dab8" testListId="209e7f71-c765-4a43-bd35-749f022a1dcc" />
    <TestEntry testId="d6889b3f-11b6-4d7c-82c1-cd1ee41f7353" executionId="0dbe31d8-299e-4965-912b-282ac2c3e514" testListId="209e7f71-c765-4a43-bd35-749f022a1dcc" />
    <TestEntry testId="06ccb423-7fd3-404b-b77d-66b730ac6128" executionId="40209435-7de4-49dc-9074-51bb451ba4bc" testListId="209e7f71-c765-4a43-bd35-749f022a1dcc" />
    <TestEntry testId="7d30e6cc-3162-4f91-970a-b344c16aec6b" executionId="ed6b6631-5c82-4726-aa17-020ec984d1c1" testListId="209e7f71-c765-4a43-bd35-749f022a1dcc" />
    <TestEntry testId="b0f6ca94-adf4-4f75-baaa-b438c7c85fad" executionId="3bee664c-ceac-483c-914d-b57690fce9b0" testListId="209e7f71-c765-4a43-bd35-749f022a1dcc" />
    <TestEntry testId="ff2da582-0e08-40e9-8794-49540f7d9adf" executionId="37c3ca84-74f8-4152-b4a7-06e94771e13d" testListId="209e7f71-c765-4a43-bd35-749f022a1dcc" />
    <TestEntry testId="bec9da63-42ae-41e1-bbd0-c480b21b24c9" executionId="dbb17329-c478-40ff-bd72-270e7f2080b7" testListId="209e7f71-c765-4a43-bd35-749f022a1dcc" />
    <TestEntry testId="209fc252-b673-4b92-aee4-ace538e4f708" executionId="d55edd57-f846-4f28-b6ea-c9058d46e96b" testListId="209e7f71-c765-4a43-bd35-749f022a1dcc" />
  </TestEntries>
  <TestLists>
    <TestList name="Results Not in a List" id="209e7f71-c765-4a43-bd35-749f022a1dcc" />
    <TestList name="All Loaded Results" id="b81d7752-b13d-408e-9008-57770547a333" />
  </TestLists>
</TestRun>