<?xml version="1.0" encoding="UTF-8"?>
<TestRun id="1989faf6-d538-4ee1-8e70-4062d59f7788" name="Test Run 45" runUser="Oles Galatsan" xmlns="http://microsoft.com/schemas/VisualStudio/TeamTest/2010">
  <Times creation="2025-05-14T13:20:31.3125482Z" queuing="2025-05-14T13:20:31.3125482Z" start="2025-05-14T13:20:31.3146610Z" finish="2025-05-14T13:25:31.3147553Z" />
  <TestSettings name="Test Settings 45" id="51c37c4b-e060-40a6-b843-53d11231a130" />
  <Results>
    <UnitTestResult executionId="d0631d06-28f2-4230-a2a8-57056182db38" testId="cfc73a3c-be29-4d1d-b567-bbb4f1f5f817" testName="Test4401" computerName="UA-LPT-OGA2" duration="00:00:01.4290000" startTime="2025-05-14T13:20:31.3146610Z" endTime="2025-05-14T13:25:31.3147553Z" testType="13cdc9d9-ddb5-4fa4-a97d-d965ccfc6d4b" outcome="Passed" testListId="6129aff4-3992-4cb3-bf94-804a2cdb0e10" />
    <UnitTestResult executionId="4d1315f4-e049-4a1a-bf8d-943e5c30a1c1" testId="389ab7fa-4ac6-49a2-8c32-eb5ace03a63a" testName="Test4402" computerName="UA-LPT-OGA2" duration="00:00:00.2220000" startTime="2025-05-14T13:20:31.3146610Z" endTime="2025-05-14T13:25:31.3147553Z" testType="13cdc9d9-ddb5-4fa4-a97d-d965ccfc6d4b" outcome="Passed" testListId="6129aff4-3992-4cb3-bf94-804a2cdb0e10" />
    <UnitTestResult executionId="4536ef16-b107-4456-b9ec-dbb4081d0f87" testId="341c4342-a279-46f1-91e4-5fa5b74ab422" testName="Test4403" computerName="UA-LPT-OGA2" duration="00:00:01.2330000" startTime="2025-05-14T13:20:31.3146610Z" endTime="2025-05-14T13:25:31.3147553Z" testType="13cdc9d9-ddb5-4fa4-a97d-d965ccfc6d4b" outcome="Passed" testListId="6129aff4-3992-4cb3-bf94-804a2cdb0e10" />
    <UnitTestResult executionId="137c730f-d164-4cba-b131-7e5ed577ef88" testId="ae784652-5846-4acc-8a7a-b32557c7b28e" testName="Test4404" computerName="UA-LPT-OGA2" duration="00:00:01.1060000" startTime="2025-05-14T13:20:31.3146610Z" endTime="2025-05-14T13:25:31.3147553Z" testType="13cdc9d9-ddb5-4fa4-a97d-d965ccfc6d4b" outcome="Failed" testListId="6129aff4-3992-4cb3-bf94-804a2cdb0e10">
      <Output>
        <ErrorInfo>
          <Message>Assertion failed: Expected value did not match actual value.</Message>
          <StackTrace>   at TestNamespace.TestClass.Test() in TestClass.cs:line 195</StackTrace>
        </ErrorInfo>
      </Output>
    </UnitTestResult>
    <UnitTestResult executionId="706bb7fa-be68-4aae-9397-7241a11382ab" testId="903b9466-7728-4341-a35a-9931343308d9" testName="Test4405" computerName="UA-LPT-OGA2" duration="00:00:01.3510000" startTime="2025-05-14T13:20:31.3146610Z" endTime="2025-05-14T13:25:31.3147553Z" testType="13cdc9d9-ddb5-4fa4-a97d-d965ccfc6d4b" outcome="Passed" testListId="6129aff4-3992-4cb3-bf94-804a2cdb0e10" />
    <UnitTestResult executionId="85de2dcf-6090-4917-91be-7151acc119ad" testId="ecaa988c-26c0-465c-b028-841d37d33007" testName="Test4406" computerName="UA-LPT-OGA2" duration="00:00:01.3530000" startTime="2025-05-14T13:20:31.3146610Z" endTime="2025-05-14T13:25:31.3147553Z" testType="13cdc9d9-ddb5-4fa4-a97d-d965ccfc6d4b" outcome="Failed" testListId="6129aff4-3992-4cb3-bf94-804a2cdb0e10">
      <Output>
        <ErrorInfo>
          <Message>Assertion failed: Expected value did not match actual value.</Message>
          <StackTrace>   at TestNamespace.TestClass.Test() in TestClass.cs:line 242</StackTrace>
        </ErrorInfo>
      </Output>
    </UnitTestResult>
    <UnitTestResult executionId="7e55ace4-f544-4fdb-a3a8-033b5eadc0c0" testId="48189383-d4db-4cf1-a987-2fb9641bbe60" testName="Test4407" computerName="UA-LPT-OGA2" duration="00:00:00.9770000" startTime="2025-05-14T13:20:31.3146610Z" endTime="2025-05-14T13:25:31.3147553Z" testType="13cdc9d9-ddb5-4fa4-a97d-d965ccfc6d4b" outcome="Passed" testListId="6129aff4-3992-4cb3-bf94-804a2cdb0e10" />
    <UnitTestResult executionId="4d5a7046-ddc1-4d33-a84f-a7c52a27d36b" testId="d41b6dc2-fb56-475f-879d-a9a663d3373a" testName="Test4408" computerName="UA-LPT-OGA2" duration="00:00:00.7540000" startTime="2025-05-14T13:20:31.3146610Z" endTime="2025-05-14T13:25:31.3147553Z" testType="13cdc9d9-ddb5-4fa4-a97d-d965ccfc6d4b" outcome="Passed" testListId="6129aff4-3992-4cb3-bf94-804a2cdb0e10" />
    <UnitTestResult executionId="51be0fd8-9470-4189-a0e3-47cdfc0958eb" testId="43c0bc20-8d1a-4a9d-aaca-3e4fc349ea58" testName="Test4409" computerName="UA-LPT-OGA2" duration="00:00:00.1560000" startTime="2025-05-14T13:20:31.3146610Z" endTime="2025-05-14T13:25:31.3147553Z" testType="13cdc9d9-ddb5-4fa4-a97d-d965ccfc6d4b" outcome="Passed" testListId="6129aff4-3992-4cb3-bf94-804a2cdb0e10" />
    <UnitTestResult executionId="796c38c8-be32-4715-baa3-be85a9c230ec" testId="8877af73-0724-4b6b-ab8d-924f49942ded" testName="Test4410" computerName="UA-LPT-OGA2" duration="00:00:01.5550000" startTime="2025-05-14T13:20:31.3146610Z" endTime="2025-05-14T13:25:31.3147553Z" testType="13cdc9d9-ddb5-4fa4-a97d-d965ccfc6d4b" outcome="Failed" testListId="6129aff4-3992-4cb3-bf94-804a2cdb0e10">
      <Output>
        <ErrorInfo>
          <Message>Assertion failed: Expected value did not match actual value.</Message>
          <StackTrace>   at TestNamespace.TestClass.Test() in TestClass.cs:line 229</StackTrace>
        </ErrorInfo>
      </Output>
    </UnitTestResult>
    <UnitTestResult executionId="1082a35e-f2d0-44c2-8a86-6be0570caca2" testId="693de81f-db6b-44c2-ac35-70ae2dc924c2" testName="Test4411" computerName="UA-LPT-OGA2" duration="00:00:01.5520000" startTime="2025-05-14T13:20:31.3146610Z" endTime="2025-05-14T13:25:31.3147553Z" testType="13cdc9d9-ddb5-4fa4-a97d-d965ccfc6d4b" outcome="Passed" testListId="6129aff4-3992-4cb3-bf94-804a2cdb0e10" />
    <UnitTestResult executionId="5387e333-debb-4245-8707-82b2d2d78db2" testId="22863cd9-54e3-42a9-b835-2d6b7f653949" testName="Test4412" computerName="UA-LPT-OGA2" duration="00:00:01.8320000" startTime="2025-05-14T13:20:31.3146610Z" endTime="2025-05-14T13:25:31.3147553Z" testType="13cdc9d9-ddb5-4fa4-a97d-d965ccfc6d4b" outcome="Passed" testListId="6129aff4-3992-4cb3-bf94-804a2cdb0e10" />
    <UnitTestResult executionId="bbce3062-e8ec-4eb6-8f3c-04fe99cea93a" testId="2475327c-f966-4754-82b0-61452e57bb60" testName="Test4413" computerName="UA-LPT-OGA2" duration="00:00:00.0790000" startTime="2025-05-14T13:20:31.3146610Z" endTime="2025-05-14T13:25:31.3147553Z" testType="13cdc9d9-ddb5-4fa4-a97d-d965ccfc6d4b" outcome="Passed" testListId="6129aff4-3992-4cb3-bf94-804a2cdb0e10" />
    <UnitTestResult executionId="1f513334-7b0d-48f3-9db6-2c66f1948863" testId="6bb7065b-e892-4ee4-8d75-0f95d20b45fd" testName="Test4414" computerName="UA-LPT-OGA2" duration="00:00:00.3130000" startTime="2025-05-14T13:20:31.3146610Z" endTime="2025-05-14T13:25:31.3147553Z" testType="13cdc9d9-ddb5-4fa4-a97d-d965ccfc6d4b" outcome="Passed" testListId="6129aff4-3992-4cb3-bf94-804a2cdb0e10" />
    <UnitTestResult executionId="83401a84-8601-4e62-9016-68cd8600dddb" testId="08092d61-cd5a-4801-9523-65b66ce806b0" testName="Test4415" computerName="UA-LPT-OGA2" duration="00:00:01.3220000" startTime="2025-05-14T13:20:31.3146610Z" endTime="2025-05-14T13:25:31.3147553Z" testType="13cdc9d9-ddb5-4fa4-a97d-d965ccfc6d4b" outcome="Passed" testListId="6129aff4-3992-4cb3-bf94-804a2cdb0e10" />
    <UnitTestResult executionId="763d0d37-127d-4f52-abbd-29cb697116a4" testId="002b431f-f15d-49bf-a26d-660af6e0c824" testName="Test4416" computerName="UA-LPT-OGA2" duration="00:00:01.1900000" startTime="2025-05-14T13:20:31.3146610Z" endTime="2025-05-14T13:25:31.3147553Z" testType="13cdc9d9-ddb5-4fa4-a97d-d965ccfc6d4b" outcome="Passed" testListId="6129aff4-3992-4cb3-bf94-804a2cdb0e10" />
    <UnitTestResult executionId="78851e9f-bd96-4a4c-b842-6ee770687160" testId="d9fd4946-5d14-49e1-8967-917b8391330a" testName="Test4417" computerName="UA-LPT-OGA2" duration="00:00:01.4210000" startTime="2025-05-14T13:20:31.3146610Z" endTime="2025-05-14T13:25:31.3147553Z" testType="13cdc9d9-ddb5-4fa4-a97d-d965ccfc6d4b" outcome="Passed" testListId="6129aff4-3992-4cb3-bf94-804a2cdb0e10" />
    <UnitTestResult executionId="b58b975a-c0b2-4699-b25b-eb7069f2ac8b" testId="cc0a2b03-8278-4614-8c72-273545efc887" testName="Test4418" computerName="UA-LPT-OGA2" duration="00:00:00.1760000" startTime="2025-05-14T13:20:31.3146610Z" endTime="2025-05-14T13:25:31.3147553Z" testType="13cdc9d9-ddb5-4fa4-a97d-d965ccfc6d4b" outcome="Passed" testListId="6129aff4-3992-4cb3-bf94-804a2cdb0e10" />
    <UnitTestResult executionId="7e8bb3f0-7578-40f7-abe5-dcf582ea063f" testId="8ccff049-b324-43aa-a317-419bbfc37012" testName="Test4419" computerName="UA-LPT-OGA2" duration="00:00:00.1610000" startTime="2025-05-14T13:20:31.3146610Z" endTime="2025-05-14T13:25:31.3147553Z" testType="13cdc9d9-ddb5-4fa4-a97d-d965ccfc6d4b" outcome="Passed" testListId="6129aff4-3992-4cb3-bf94-804a2cdb0e10" />
    <UnitTestResult executionId="57141abe-4dd8-426e-8e3b-0d8d3e481037" testId="ff4c206a-00f1-4f2f-a771-4095a70e077d" testName="Test4420" computerName="UA-LPT-OGA2" duration="00:00:01.8320000" startTime="2025-05-14T13:20:31.3146610Z" endTime="2025-05-14T13:25:31.3147553Z" testType="13cdc9d9-ddb5-4fa4-a97d-d965ccfc6d4b" outcome="Passed" testListId="6129aff4-3992-4cb3-bf94-804a2cdb0e10" />
    <UnitTestResult executionId="80bfd2a4-3d60-4f8d-a08c-10267c823f1c" testId="e0c04260-09c1-4be6-96b7-17652822d4db" testName="Test4421" computerName="UA-LPT-OGA2" duration="00:00:01.0570000" startTime="2025-05-14T13:20:31.3146610Z" endTime="2025-05-14T13:25:31.3147553Z" testType="13cdc9d9-ddb5-4fa4-a97d-d965ccfc6d4b" outcome="Failed" testListId="6129aff4-3992-4cb3-bf94-804a2cdb0e10">
      <Output>
        <ErrorInfo>
          <Message>Assertion failed: Expected value did not match actual value.</Message>
          <StackTrace>   at TestNamespace.TestClass.Test() in TestClass.cs:line 475</StackTrace>
        </ErrorInfo>
      </Output>
    </UnitTestResult>
    <UnitTestResult executionId="8c2f90fd-6628-4060-98f4-de8382f581d0" testId="407bb4cb-4c31-42c8-9bb8-a4d14ed0894f" testName="Test4422" computerName="UA-LPT-OGA2" duration="00:00:01.8180000" startTime="2025-05-14T13:20:31.3146610Z" endTime="2025-05-14T13:25:31.3147553Z" testType="13cdc9d9-ddb5-4fa4-a97d-d965ccfc6d4b" outcome="Passed" testListId="6129aff4-3992-4cb3-bf94-804a2cdb0e10" />
    <UnitTestResult executionId="d6f5760b-9287-497e-9aa2-876085e5de6d" testId="2cf6c82e-b8d3-473c-beff-be0453769dd1" testName="Test4423" computerName="UA-LPT-OGA2" duration="00:00:00.7240000" startTime="2025-05-14T13:20:31.3146610Z" endTime="2025-05-14T13:25:31.3147553Z" testType="13cdc9d9-ddb5-4fa4-a97d-d965ccfc6d4b" outcome="Passed" testListId="6129aff4-3992-4cb3-bf94-804a2cdb0e10" />
    <UnitTestResult executionId="b2b84726-d22c-4137-aad3-e66ec66995fd" testId="ddb9a1a1-e2ff-4d34-bb01-c55a3f4be95a" testName="Test4424" computerName="UA-LPT-OGA2" duration="00:00:00.2940000" startTime="2025-05-14T13:20:31.3146610Z" endTime="2025-05-14T13:25:31.3147553Z" testType="13cdc9d9-ddb5-4fa4-a97d-d965ccfc6d4b" outcome="Passed" testListId="6129aff4-3992-4cb3-bf94-804a2cdb0e10" />
    <UnitTestResult executionId="dc5ddfb5-16ae-4237-b63c-683159ccc59e" testId="475c53e1-d149-45e1-a5bb-33b47839b6dd" testName="Test4425" computerName="UA-LPT-OGA2" duration="00:00:01.5770000" startTime="2025-05-14T13:20:31.3146610Z" endTime="2025-05-14T13:25:31.3147553Z" testType="13cdc9d9-ddb5-4fa4-a97d-d965ccfc6d4b" outcome="Failed" testListId="6129aff4-3992-4cb3-bf94-804a2cdb0e10">
      <Output>
        <ErrorInfo>
          <Message>Assertion failed: Expected value did not match actual value.</Message>
          <StackTrace>   at TestNamespace.TestClass.Test() in TestClass.cs:line 201</StackTrace>
        </ErrorInfo>
      </Output>
    </UnitTestResult>
    <UnitTestResult executionId="f569f169-5257-430b-b9f7-10978d8237c0" testId="4911a7c5-0fbc-4082-8d7d-856c5a796a98" testName="Test4426" computerName="UA-LPT-OGA2" duration="00:00:00.5690000" startTime="2025-05-14T13:20:31.3146610Z" endTime="2025-05-14T13:25:31.3147553Z" testType="13cdc9d9-ddb5-4fa4-a97d-d965ccfc6d4b" outcome="Passed" testListId="6129aff4-3992-4cb3-bf94-804a2cdb0e10" />
    <UnitTestResult executionId="6a7bb8bd-abc5-474c-abdc-5c20477356fd" testId="aa17883a-669b-48af-8f83-b51206313a06" testName="Test4427" computerName="UA-LPT-OGA2" duration="00:00:01.1600000" startTime="2025-05-14T13:20:31.3146610Z" endTime="2025-05-14T13:25:31.3147553Z" testType="13cdc9d9-ddb5-4fa4-a97d-d965ccfc6d4b" outcome="Passed" testListId="6129aff4-3992-4cb3-bf94-804a2cdb0e10" />
    <UnitTestResult executionId="33683c00-6a1f-4d08-9cab-e96c2bdbef46" testId="c22f6519-4705-4c0f-9b6f-884b77d0d38e" testName="Test4428" computerName="UA-LPT-OGA2" duration="00:00:00.2200000" startTime="2025-05-14T13:20:31.3146610Z" endTime="2025-05-14T13:25:31.3147553Z" testType="13cdc9d9-ddb5-4fa4-a97d-d965ccfc6d4b" outcome="Passed" testListId="6129aff4-3992-4cb3-bf94-804a2cdb0e10" />
    <UnitTestResult executionId="c8fcc72d-0d07-49a1-8974-92e03843e8e7" testId="d4192888-3d8d-4ee4-b573-0b10d9f23dd2" testName="Test4429" computerName="UA-LPT-OGA2" duration="00:00:00.5150000" startTime="2025-05-14T13:20:31.3146610Z" endTime="2025-05-14T13:25:31.3147553Z" testType="13cdc9d9-ddb5-4fa4-a97d-d965ccfc6d4b" outcome="Passed" testListId="6129aff4-3992-4cb3-bf94-804a2cdb0e10" />
    <UnitTestResult executionId="34393a3a-0550-4af1-b6e3-aec2b75d9464" testId="b63d910d-1bee-43e6-b5f5-52609f4840cc" testName="Test4430" computerName="UA-LPT-OGA2" duration="00:00:00.6840000" startTime="2025-05-14T13:20:31.3146610Z" endTime="2025-05-14T13:25:31.3147553Z" testType="13cdc9d9-ddb5-4fa4-a97d-d965ccfc6d4b" outcome="Failed" testListId="6129aff4-3992-4cb3-bf94-804a2cdb0e10">
      <Output>
        <ErrorInfo>
          <Message>Assertion failed: Expected value did not match actual value.</Message>
          <StackTrace>   at TestNamespace.TestClass.Test() in TestClass.cs:line 406</StackTrace>
        </ErrorInfo>
      </Output>
    </UnitTestResult>
    <UnitTestResult executionId="5ab98953-24d4-4569-9336-35690017c08d" testId="e48aa65d-a2bd-4d49-a0f3-a9a00927353f" testName="Test4431" computerName="UA-LPT-OGA2" duration="00:00:01.6310000" startTime="2025-05-14T13:20:31.3146610Z" endTime="2025-05-14T13:25:31.3147553Z" testType="13cdc9d9-ddb5-4fa4-a97d-d965ccfc6d4b" outcome="Passed" testListId="6129aff4-3992-4cb3-bf94-804a2cdb0e10" />
    <UnitTestResult executionId="23879af6-b776-4b82-98e7-eaf3db047597" testId="eacc7445-fb00-4528-be6f-750b9416ca27" testName="Test4432" computerName="UA-LPT-OGA2" duration="00:00:00.8730000" startTime="2025-05-14T13:20:31.3146610Z" endTime="2025-05-14T13:25:31.3147553Z" testType="13cdc9d9-ddb5-4fa4-a97d-d965ccfc6d4b" outcome="Passed" testListId="6129aff4-3992-4cb3-bf94-804a2cdb0e10" />
    <UnitTestResult executionId="2dec9cfa-acc8-4b68-9e46-7ba45a1574d2" testId="8fed9b52-94c3-4b6b-a4a5-1644acfbf639" testName="Test4433" computerName="UA-LPT-OGA2" duration="00:00:01.8700000" startTime="2025-05-14T13:20:31.3146610Z" endTime="2025-05-14T13:25:31.3147553Z" testType="13cdc9d9-ddb5-4fa4-a97d-d965ccfc6d4b" outcome="Passed" testListId="6129aff4-3992-4cb3-bf94-804a2cdb0e10" />
    <UnitTestResult executionId="189f35a6-7bb7-4ce8-8a05-9399e750d45e" testId="f4386261-8750-407e-a966-283ea656edf9" testName="Test4434" computerName="UA-LPT-OGA2" duration="00:00:00.8210000" startTime="2025-05-14T13:20:31.3146610Z" endTime="2025-05-14T13:25:31.3147553Z" testType="13cdc9d9-ddb5-4fa4-a97d-d965ccfc6d4b" outcome="Passed" testListId="6129aff4-3992-4cb3-bf94-804a2cdb0e10" />
    <UnitTestResult executionId="9bbe11c6-d507-4332-a1c2-590b1a1148a8" testId="80fcbb09-6797-48a6-9cef-28ea165b5594" testName="Test4435" computerName="UA-LPT-OGA2" duration="00:00:01.7990000" startTime="2025-05-14T13:20:31.3146610Z" endTime="2025-05-14T13:25:31.3147553Z" testType="13cdc9d9-ddb5-4fa4-a97d-d965ccfc6d4b" outcome="Passed" testListId="6129aff4-3992-4cb3-bf94-804a2cdb0e10" />
    <UnitTestResult executionId="92443dae-e2d0-4aad-b946-c5c8db80766f" testId="b833b86a-473d-4114-bcb7-6481858af359" testName="Test4436" computerName="UA-LPT-OGA2" duration="00:00:00.1540000" startTime="2025-05-14T13:20:31.3146610Z" endTime="2025-05-14T13:25:31.3147553Z" testType="13cdc9d9-ddb5-4fa4-a97d-d965ccfc6d4b" outcome="Passed" testListId="6129aff4-3992-4cb3-bf94-804a2cdb0e10" />
    <UnitTestResult executionId="b7ce5776-99f2-4ee5-9a14-43ddeb04451d" testId="848c48a4-68e2-43fc-8596-c84e6829ee9c" testName="Test4437" computerName="UA-LPT-OGA2" duration="00:00:00.1560000" startTime="2025-05-14T13:20:31.3146610Z" endTime="2025-05-14T13:25:31.3147553Z" testType="13cdc9d9-ddb5-4fa4-a97d-d965ccfc6d4b" outcome="Passed" testListId="6129aff4-3992-4cb3-bf94-804a2cdb0e10" />
    <UnitTestResult executionId="fc18adf7-7dad-4fc4-a0ba-0af314981388" testId="28ce7577-7c29-4172-8cdf-2127a7c6ee67" testName="Test4438" computerName="UA-LPT-OGA2" duration="00:00:01.6290000" startTime="2025-05-14T13:20:31.3146610Z" endTime="2025-05-14T13:25:31.3147553Z" testType="13cdc9d9-ddb5-4fa4-a97d-d965ccfc6d4b" outcome="Passed" testListId="6129aff4-3992-4cb3-bf94-804a2cdb0e10" />
    <UnitTestResult executionId="d738cd32-4ad9-4339-9cf8-3c483ceb6af8" testId="f96a1b83-c61d-4c29-bc07-71fe74cf7a29" testName="Test4439" computerName="UA-LPT-OGA2" duration="00:00:01.3550000" startTime="2025-05-14T13:20:31.3146610Z" endTime="2025-05-14T13:25:31.3147553Z" testType="13cdc9d9-ddb5-4fa4-a97d-d965ccfc6d4b" outcome="Passed" testListId="6129aff4-3992-4cb3-bf94-804a2cdb0e10" />
    <UnitTestResult executionId="ea112eda-33b7-48a4-8cfb-3e0c30afb264" testId="bbefd67a-48ac-4d3b-8b51-26afd0d91bdf" testName="Test4440" computerName="UA-LPT-OGA2" duration="00:00:01.1970000" startTime="2025-05-14T13:20:31.3146610Z" endTime="2025-05-14T13:25:31.3147553Z" testType="13cdc9d9-ddb5-4fa4-a97d-d965ccfc6d4b" outcome="Passed" testListId="6129aff4-3992-4cb3-bf94-804a2cdb0e10" />
    <UnitTestResult executionId="86845e00-955f-4d9a-af9f-b4a4ab4973e3" testId="4d5a2a9b-d12a-40d5-9af2-629d744f7c39" testName="Test4441" computerName="UA-LPT-OGA2" duration="00:00:00.5590000" startTime="2025-05-14T13:20:31.3146610Z" endTime="2025-05-14T13:25:31.3147553Z" testType="13cdc9d9-ddb5-4fa4-a97d-d965ccfc6d4b" outcome="Passed" testListId="6129aff4-3992-4cb3-bf94-804a2cdb0e10" />
    <UnitTestResult executionId="07da56d6-557d-48ab-b3ed-34ce94a3c679" testId="1ce04317-b919-4713-b018-decdbc806e88" testName="Test4442" computerName="UA-LPT-OGA2" duration="00:00:01.3170000" startTime="2025-05-14T13:20:31.3146610Z" endTime="2025-05-14T13:25:31.3147553Z" testType="13cdc9d9-ddb5-4fa4-a97d-d965ccfc6d4b" outcome="Passed" testListId="6129aff4-3992-4cb3-bf94-804a2cdb0e10" />
    <UnitTestResult executionId="7f4bb6cb-7c25-4bb1-9559-3fd67cf6f419" testId="85910f9b-d0fe-4203-99e1-982a9350754a" testName="Test4443" computerName="UA-LPT-OGA2" duration="00:00:00.8370000" startTime="2025-05-14T13:20:31.3146610Z" endTime="2025-05-14T13:25:31.3147553Z" testType="13cdc9d9-ddb5-4fa4-a97d-d965ccfc6d4b" outcome="Passed" testListId="6129aff4-3992-4cb3-bf94-804a2cdb0e10" />
    <UnitTestResult executionId="dbdbe4f2-d5fb-463a-8f33-90020d95a694" testId="3680758c-ac4b-4c03-95d2-1a27c22901ad" testName="Test4444" computerName="UA-LPT-OGA2" duration="00:00:00.2090000" startTime="2025-05-14T13:20:31.3146610Z" endTime="2025-05-14T13:25:31.3147553Z" testType="13cdc9d9-ddb5-4fa4-a97d-d965ccfc6d4b" outcome="Passed" testListId="6129aff4-3992-4cb3-bf94-804a2cdb0e10" />
    <UnitTestResult executionId="03dbfa19-f7ca-4b89-8fae-d69485fa9381" testId="33aadaf3-ebcb-43f1-b81c-1383548cd707" testName="Test4445" computerName="UA-LPT-OGA2" duration="00:00:01.4730000" startTime="2025-05-14T13:20:31.3146610Z" endTime="2025-05-14T13:25:31.3147553Z" testType="13cdc9d9-ddb5-4fa4-a97d-d965ccfc6d4b" outcome="Passed" testListId="6129aff4-3992-4cb3-bf94-804a2cdb0e10" />
    <UnitTestResult executionId="d137bffd-dd66-46c4-be60-9aae41aa08cd" testId="7d104a6a-0e8e-4f25-99b5-70af76a585d8" testName="Test4446" computerName="UA-LPT-OGA2" duration="00:00:01.3340000" startTime="2025-05-14T13:20:31.3146610Z" endTime="2025-05-14T13:25:31.3147553Z" testType="13cdc9d9-ddb5-4fa4-a97d-d965ccfc6d4b" outcome="Passed" testListId="6129aff4-3992-4cb3-bf94-804a2cdb0e10" />
    <UnitTestResult executionId="574fcc97-db0a-49e7-ab46-6faa6d9930ad" testId="e0898a84-4c82-4e47-8c10-c57f3b3868b7" testName="Test4447" computerName="UA-LPT-OGA2" duration="00:00:00.4480000" startTime="2025-05-14T13:20:31.3146610Z" endTime="2025-05-14T13:25:31.3147553Z" testType="13cdc9d9-ddb5-4fa4-a97d-d965ccfc6d4b" outcome="Failed" testListId="6129aff4-3992-4cb3-bf94-804a2cdb0e10">
      <Output>
        <ErrorInfo>
          <Message>Assertion failed: Expected value did not match actual value.</Message>
          <StackTrace>   at TestNamespace.TestClass.Test() in TestClass.cs:line 120</StackTrace>
        </ErrorInfo>
      </Output>
    </UnitTestResult>
    <UnitTestResult executionId="48e7820b-5b8a-4300-aeb9-0ccf6a071025" testId="4c11a182-b330-4650-9afa-a816b91cd176" testName="Test4448" computerName="UA-LPT-OGA2" duration="00:00:00.7750000" startTime="2025-05-14T13:20:31.3146610Z" endTime="2025-05-14T13:25:31.3147553Z" testType="13cdc9d9-ddb5-4fa4-a97d-d965ccfc6d4b" outcome="Passed" testListId="6129aff4-3992-4cb3-bf94-804a2cdb0e10" />
    <UnitTestResult executionId="ab7ec133-0384-40e7-a093-1deae2a98fdb" testId="26a86f10-4384-4de3-ae96-953d9712d515" testName="Test4449" computerName="UA-LPT-OGA2" duration="00:00:01.5860000" startTime="2025-05-14T13:20:31.3146610Z" endTime="2025-05-14T13:25:31.3147553Z" testType="13cdc9d9-ddb5-4fa4-a97d-d965ccfc6d4b" outcome="Failed" testListId="6129aff4-3992-4cb3-bf94-804a2cdb0e10">
      <Output>
        <ErrorInfo>
          <Message>Assertion failed: Expected value did not match actual value.</Message>
          <StackTrace>   at TestNamespace.TestClass.Test() in TestClass.cs:line 249</StackTrace>
        </ErrorInfo>
      </Output>
    </UnitTestResult>
    <UnitTestResult executionId="67956983-bcd0-4bc2-86b2-36de08f09fa2" testId="2c00b4c9-d0bd-4cb0-ae03-2d6cc24541c6" testName="Test4450" computerName="UA-LPT-OGA2" duration="00:00:00.4270000" startTime="2025-05-14T13:20:31.3146610Z" endTime="2025-05-14T13:25:31.3147553Z" testType="13cdc9d9-ddb5-4fa4-a97d-d965ccfc6d4b" outcome="Passed" testListId="6129aff4-3992-4cb3-bf94-804a2cdb0e10" />
    <UnitTestResult executionId="0ba450a7-80b2-4adb-8bc7-a85d0ae423d1" testId="fe0e2cdd-da1d-476c-bdb2-c4f4ad4fa56d" testName="Test4451" computerName="UA-LPT-OGA2" duration="00:00:00.3600000" startTime="2025-05-14T13:20:31.3146610Z" endTime="2025-05-14T13:25:31.3147553Z" testType="13cdc9d9-ddb5-4fa4-a97d-d965ccfc6d4b" outcome="Passed" testListId="6129aff4-3992-4cb3-bf94-804a2cdb0e10" />
    <UnitTestResult executionId="a67d2b9b-72bb-42d7-9e78-7db679db5c9b" testId="a03b14ae-c6fa-4ca2-b099-f10427c8d68c" testName="Test4452" computerName="UA-LPT-OGA2" duration="00:00:00.4550000" startTime="2025-05-14T13:20:31.3146610Z" endTime="2025-05-14T13:25:31.3147553Z" testType="13cdc9d9-ddb5-4fa4-a97d-d965ccfc6d4b" outcome="Passed" testListId="6129aff4-3992-4cb3-bf94-804a2cdb0e10" />
    <UnitTestResult executionId="8ae493cd-17b3-4b0c-8274-73a34a35c21f" testId="9ec22efe-759c-4a69-ba2e-4240acd333a2" testName="Test4453" computerName="UA-LPT-OGA2" duration="00:00:00.2510000" startTime="2025-05-14T13:20:31.3146610Z" endTime="2025-05-14T13:25:31.3147553Z" testType="13cdc9d9-ddb5-4fa4-a97d-d965ccfc6d4b" outcome="Passed" testListId="6129aff4-3992-4cb3-bf94-804a2cdb0e10" />
    <UnitTestResult executionId="07a3f116-b446-40d8-bf04-161c1105d9a5" testId="eed891ad-ec4c-4f83-ba5f-9d565b7218bf" testName="Test4454" computerName="UA-LPT-OGA2" duration="00:00:01.7100000" startTime="2025-05-14T13:20:31.3146610Z" endTime="2025-05-14T13:25:31.3147553Z" testType="13cdc9d9-ddb5-4fa4-a97d-d965ccfc6d4b" outcome="Passed" testListId="6129aff4-3992-4cb3-bf94-804a2cdb0e10" />
    <UnitTestResult executionId="b742ff84-e5c4-4d7d-9461-aa72ee27623d" testId="c04e4393-2bc0-44bd-95a3-69b11d6d20b9" testName="Test4455" computerName="UA-LPT-OGA2" duration="00:00:01.2300000" startTime="2025-05-14T13:20:31.3146610Z" endTime="2025-05-14T13:25:31.3147553Z" testType="13cdc9d9-ddb5-4fa4-a97d-d965ccfc6d4b" outcome="Passed" testListId="6129aff4-3992-4cb3-bf94-804a2cdb0e10" />
    <UnitTestResult executionId="fe8a1136-f0f5-489a-b505-f6ea0b1a2fa0" testId="995c9c96-f52c-4a2c-8e5d-a89aba858844" testName="Test4456" computerName="UA-LPT-OGA2" duration="00:00:00.2590000" startTime="2025-05-14T13:20:31.3146610Z" endTime="2025-05-14T13:25:31.3147553Z" testType="13cdc9d9-ddb5-4fa4-a97d-d965ccfc6d4b" outcome="Passed" testListId="6129aff4-3992-4cb3-bf94-804a2cdb0e10" />
    <UnitTestResult executionId="3823e972-3de0-40ac-9313-359c2bac59a6" testId="2761f6eb-5bb8-49cd-886d-8494ea7d0795" testName="Test4457" computerName="UA-LPT-OGA2" duration="00:00:01.1070000" startTime="2025-05-14T13:20:31.3146610Z" endTime="2025-05-14T13:25:31.3147553Z" testType="13cdc9d9-ddb5-4fa4-a97d-d965ccfc6d4b" outcome="Passed" testListId="6129aff4-3992-4cb3-bf94-804a2cdb0e10" />
    <UnitTestResult executionId="7a480c40-c103-466d-a8c7-0ae90163f455" testId="dfe7c069-5fb6-4698-8dfb-34f932239ced" testName="Test4458" computerName="UA-LPT-OGA2" duration="00:00:01.7540000" startTime="2025-05-14T13:20:31.3146610Z" endTime="2025-05-14T13:25:31.3147553Z" testType="13cdc9d9-ddb5-4fa4-a97d-d965ccfc6d4b" outcome="Passed" testListId="6129aff4-3992-4cb3-bf94-804a2cdb0e10" />
    <UnitTestResult executionId="5fd380ff-d0c5-47a7-b570-ade0ecd60c72" testId="a3afb74b-f6f9-41ed-a4d2-570ba9ea9739" testName="Test4459" computerName="UA-LPT-OGA2" duration="00:00:00.0210000" startTime="2025-05-14T13:20:31.3146610Z" endTime="2025-05-14T13:25:31.3147553Z" testType="13cdc9d9-ddb5-4fa4-a97d-d965ccfc6d4b" outcome="Passed" testListId="6129aff4-3992-4cb3-bf94-804a2cdb0e10" />
    <UnitTestResult executionId="62b3a829-8e55-4479-804e-0fb658b572c8" testId="473f03dd-8ff1-4b89-829a-43ab1acc70e2" testName="Test4460" computerName="UA-LPT-OGA2" duration="00:00:01.5650000" startTime="2025-05-14T13:20:31.3146610Z" endTime="2025-05-14T13:25:31.3147553Z" testType="13cdc9d9-ddb5-4fa4-a97d-d965ccfc6d4b" outcome="Passed" testListId="6129aff4-3992-4cb3-bf94-804a2cdb0e10" />
    <UnitTestResult executionId="978f4cbd-3870-4d84-8ba0-cf06345acee8" testId="6560db38-af44-43c5-bd80-1789af799acb" testName="Test4461" computerName="UA-LPT-OGA2" duration="00:00:01.5590000" startTime="2025-05-14T13:20:31.3146610Z" endTime="2025-05-14T13:25:31.3147553Z" testType="13cdc9d9-ddb5-4fa4-a97d-d965ccfc6d4b" outcome="Passed" testListId="6129aff4-3992-4cb3-bf94-804a2cdb0e10" />
    <UnitTestResult executionId="9eb6a004-d8b1-401d-95f1-2f2d6b8c19bf" testId="002f2088-80fe-48d8-a893-a15e7e5a78e8" testName="Test4462" computerName="UA-LPT-OGA2" duration="00:00:01.6780000" startTime="2025-05-14T13:20:31.3146610Z" endTime="2025-05-14T13:25:31.3147553Z" testType="13cdc9d9-ddb5-4fa4-a97d-d965ccfc6d4b" outcome="Inconclusive" testListId="6129aff4-3992-4cb3-bf94-804a2cdb0e10" />
    <UnitTestResult executionId="9e9c8ffb-3913-42fd-b84f-e3081c875132" testId="49292343-79a0-47d7-950e-61a9a716a167" testName="Test4463" computerName="UA-LPT-OGA2" duration="00:00:01.4750000" startTime="2025-05-14T13:20:31.3146610Z" endTime="2025-05-14T13:25:31.3147553Z" testType="13cdc9d9-ddb5-4fa4-a97d-d965ccfc6d4b" outcome="Passed" testListId="6129aff4-3992-4cb3-bf94-804a2cdb0e10" />
    <UnitTestResult executionId="5c4bac28-d9c6-4d57-8c8e-44c08e91fd12" testId="e18763ff-22b1-413c-b4c5-a7ac58cfd0e8" testName="Test4464" computerName="UA-LPT-OGA2" duration="00:00:01.4830000" startTime="2025-05-14T13:20:31.3146610Z" endTime="2025-05-14T13:25:31.3147553Z" testType="13cdc9d9-ddb5-4fa4-a97d-d965ccfc6d4b" outcome="Passed" testListId="6129aff4-3992-4cb3-bf94-804a2cdb0e10" />
    <UnitTestResult executionId="3e45302a-9b6f-4755-89e7-327e3d2ac2f9" testId="d4bbd12b-71c4-4edd-88fe-134889d1ef5e" testName="Test4465" computerName="UA-LPT-OGA2" duration="00:00:00.7330000" startTime="2025-05-14T13:20:31.3146610Z" endTime="2025-05-14T13:25:31.3147553Z" testType="13cdc9d9-ddb5-4fa4-a97d-d965ccfc6d4b" outcome="Failed" testListId="6129aff4-3992-4cb3-bf94-804a2cdb0e10">
      <Output>
        <ErrorInfo>
          <Message>Assertion failed: Expected value did not match actual value.</Message>
          <StackTrace>   at TestNamespace.TestClass.Test() in TestClass.cs:line 230</StackTrace>
        </ErrorInfo>
      </Output>
    </UnitTestResult>
    <UnitTestResult executionId="8de0ae42-1d4d-4fcd-ada2-39e4372552c7" testId="67345f43-0ec9-422f-9b5d-62ab54c7af43" testName="Test4466" computerName="UA-LPT-OGA2" duration="00:00:00.4160000" startTime="2025-05-14T13:20:31.3146610Z" endTime="2025-05-14T13:25:31.3147553Z" testType="13cdc9d9-ddb5-4fa4-a97d-d965ccfc6d4b" outcome="Passed" testListId="6129aff4-3992-4cb3-bf94-804a2cdb0e10" />
    <UnitTestResult executionId="e78c41fe-8621-47e9-99f1-ce5212734340" testId="d905f8a8-26be-476b-b13a-b0ac7ce039df" testName="Test4467" computerName="UA-LPT-OGA2" duration="00:00:00.2060000" startTime="2025-05-14T13:20:31.3146610Z" endTime="2025-05-14T13:25:31.3147553Z" testType="13cdc9d9-ddb5-4fa4-a97d-d965ccfc6d4b" outcome="Passed" testListId="6129aff4-3992-4cb3-bf94-804a2cdb0e10" />
    <UnitTestResult executionId="c925c98f-c7f9-4e3d-b9ce-2a1074a18d7e" testId="4f507ed5-39da-430b-9cc8-7f5133145fa4" testName="Test4468" computerName="UA-LPT-OGA2" duration="00:00:00.6740000" startTime="2025-05-14T13:20:31.3146610Z" endTime="2025-05-14T13:25:31.3147553Z" testType="13cdc9d9-ddb5-4fa4-a97d-d965ccfc6d4b" outcome="Passed" testListId="6129aff4-3992-4cb3-bf94-804a2cdb0e10" />
    <UnitTestResult executionId="7b4bb7c3-4277-4b87-9494-146570984031" testId="5562c715-2f6c-4282-beb3-2c3fd98b807c" testName="Test4469" computerName="UA-LPT-OGA2" duration="00:00:00.4010000" startTime="2025-05-14T13:20:31.3146610Z" endTime="2025-05-14T13:25:31.3147553Z" testType="13cdc9d9-ddb5-4fa4-a97d-d965ccfc6d4b" outcome="Passed" testListId="6129aff4-3992-4cb3-bf94-804a2cdb0e10" />
    <UnitTestResult executionId="9ac7bf10-4855-44e7-9468-b2185103bc9e" testId="7a0e9501-b297-427b-9d37-14e0392192aa" testName="Test4470" computerName="UA-LPT-OGA2" duration="00:00:01.4940000" startTime="2025-05-14T13:20:31.3146610Z" endTime="2025-05-14T13:25:31.3147553Z" testType="13cdc9d9-ddb5-4fa4-a97d-d965ccfc6d4b" outcome="Passed" testListId="6129aff4-3992-4cb3-bf94-804a2cdb0e10" />
    <UnitTestResult executionId="91b43353-7212-4740-a27b-38757ddd699c" testId="167ed356-af0b-4243-b38a-570e397c7960" testName="Test4471" computerName="UA-LPT-OGA2" duration="00:00:00.3370000" startTime="2025-05-14T13:20:31.3146610Z" endTime="2025-05-14T13:25:31.3147553Z" testType="13cdc9d9-ddb5-4fa4-a97d-d965ccfc6d4b" outcome="Passed" testListId="6129aff4-3992-4cb3-bf94-804a2cdb0e10" />
    <UnitTestResult executionId="4c67fadf-8642-4390-9dca-da369f719b52" testId="c860fa70-7369-4866-bfa4-4a02941b8d69" testName="Test4472" computerName="UA-LPT-OGA2" duration="00:00:01.3740000" startTime="2025-05-14T13:20:31.3146610Z" endTime="2025-05-14T13:25:31.3147553Z" testType="13cdc9d9-ddb5-4fa4-a97d-d965ccfc6d4b" outcome="Passed" testListId="6129aff4-3992-4cb3-bf94-804a2cdb0e10" />
    <UnitTestResult executionId="a44912d2-9190-4970-a6df-ddbba7a924e2" testId="2c675b95-81c6-4456-985a-46eb389904a1" testName="Test4473" computerName="UA-LPT-OGA2" duration="00:00:01.1910000" startTime="2025-05-14T13:20:31.3146610Z" endTime="2025-05-14T13:25:31.3147553Z" testType="13cdc9d9-ddb5-4fa4-a97d-d965ccfc6d4b" outcome="Passed" testListId="6129aff4-3992-4cb3-bf94-804a2cdb0e10" />
    <UnitTestResult executionId="97285fbd-5399-40e8-8a43-3e4cb843ddc3" testId="a5dd2648-d0c0-453a-8fa3-353c7a7045d4" testName="Test4474" computerName="UA-LPT-OGA2" duration="00:00:01.8080000" startTime="2025-05-14T13:20:31.3146610Z" endTime="2025-05-14T13:25:31.3147553Z" testType="13cdc9d9-ddb5-4fa4-a97d-d965ccfc6d4b" outcome="Passed" testListId="6129aff4-3992-4cb3-bf94-804a2cdb0e10" />
    <UnitTestResult executionId="be94e9f1-3b67-46b8-b145-e20d38e6419b" testId="3429f734-dca9-4175-bce9-6a67beff9886" testName="Test4475" computerName="UA-LPT-OGA2" duration="00:00:00.1220000" startTime="2025-05-14T13:20:31.3146610Z" endTime="2025-05-14T13:25:31.3147553Z" testType="13cdc9d9-ddb5-4fa4-a97d-d965ccfc6d4b" outcome="Passed" testListId="6129aff4-3992-4cb3-bf94-804a2cdb0e10" />
    <UnitTestResult executionId="42824e5f-270b-4fc4-8f06-1a1b6c3060c0" testId="a5ee01e6-53c6-4f79-8d8e-c9d977644579" testName="Test4476" computerName="UA-LPT-OGA2" duration="00:00:01.1730000" startTime="2025-05-14T13:20:31.3146610Z" endTime="2025-05-14T13:25:31.3147553Z" testType="13cdc9d9-ddb5-4fa4-a97d-d965ccfc6d4b" outcome="Passed" testListId="6129aff4-3992-4cb3-bf94-804a2cdb0e10" />
    <UnitTestResult executionId="c1d6474f-79b7-4523-a35b-4e16e065c043" testId="84592a41-f7b6-4549-bf44-a268df3ffe8b" testName="Test4477" computerName="UA-LPT-OGA2" duration="00:00:01.6760000" startTime="2025-05-14T13:20:31.3146610Z" endTime="2025-05-14T13:25:31.3147553Z" testType="13cdc9d9-ddb5-4fa4-a97d-d965ccfc6d4b" outcome="Passed" testListId="6129aff4-3992-4cb3-bf94-804a2cdb0e10" />
    <UnitTestResult executionId="29e8a545-3434-4d97-bd60-6a10a56fdf06" testId="84b0b357-9917-46a6-bd83-754503936ea4" testName="Test4478" computerName="UA-LPT-OGA2" duration="00:00:01.4330000" startTime="2025-05-14T13:20:31.3146610Z" endTime="2025-05-14T13:25:31.3147553Z" testType="13cdc9d9-ddb5-4fa4-a97d-d965ccfc6d4b" outcome="Passed" testListId="6129aff4-3992-4cb3-bf94-804a2cdb0e10" />
    <UnitTestResult executionId="8402288a-e791-47af-a47a-68150d421b20" testId="0aadd24e-e01c-4177-b8d8-8c6eaceedb30" testName="Test4479" computerName="UA-LPT-OGA2" duration="00:00:00.8130000" startTime="2025-05-14T13:20:31.3146610Z" endTime="2025-05-14T13:25:31.3147553Z" testType="13cdc9d9-ddb5-4fa4-a97d-d965ccfc6d4b" outcome="Passed" testListId="6129aff4-3992-4cb3-bf94-804a2cdb0e10" />
    <UnitTestResult executionId="9d268c0f-40d4-4b75-b977-c60861107098" testId="88357ca0-6e0a-4a34-ae84-efe4b70130cd" testName="Test4480" computerName="UA-LPT-OGA2" duration="00:00:00.6200000" startTime="2025-05-14T13:20:31.3146610Z" endTime="2025-05-14T13:25:31.3147553Z" testType="13cdc9d9-ddb5-4fa4-a97d-d965ccfc6d4b" outcome="Passed" testListId="6129aff4-3992-4cb3-bf94-804a2cdb0e10" />
    <UnitTestResult executionId="2eea896b-91f3-4b2e-958a-503fbd1533c4" testId="ea692cc1-9866-4711-ab3f-ebaf2a7f628d" testName="Test4481" computerName="UA-LPT-OGA2" duration="00:00:00.0520000" startTime="2025-05-14T13:20:31.3146610Z" endTime="2025-05-14T13:25:31.3147553Z" testType="13cdc9d9-ddb5-4fa4-a97d-d965ccfc6d4b" outcome="Passed" testListId="6129aff4-3992-4cb3-bf94-804a2cdb0e10" />
    <UnitTestResult executionId="62086a3c-d375-466f-a3fb-bd4018e4d348" testId="357a9ad8-fd07-450d-9511-a2dbc810eff5" testName="Test4482" computerName="UA-LPT-OGA2" duration="00:00:00.1460000" startTime="2025-05-14T13:20:31.3146610Z" endTime="2025-05-14T13:25:31.3147553Z" testType="13cdc9d9-ddb5-4fa4-a97d-d965ccfc6d4b" outcome="Passed" testListId="6129aff4-3992-4cb3-bf94-804a2cdb0e10" />
    <UnitTestResult executionId="4110e3b0-9bd3-4e90-91ff-f285da1e1eed" testId="f86769bc-60a5-402d-9e0b-766012d2ff0a" testName="Test4483" computerName="UA-LPT-OGA2" duration="00:00:01.2770000" startTime="2025-05-14T13:20:31.3146610Z" endTime="2025-05-14T13:25:31.3147553Z" testType="13cdc9d9-ddb5-4fa4-a97d-d965ccfc6d4b" outcome="Passed" testListId="6129aff4-3992-4cb3-bf94-804a2cdb0e10" />
    <UnitTestResult executionId="1d0933e1-1413-4102-8708-4dbc2a476502" testId="2b1cf5fe-b5eb-43bf-9688-adf2a8c57dcb" testName="Test4484" computerName="UA-LPT-OGA2" duration="00:00:00.8050000" startTime="2025-05-14T13:20:31.3146610Z" endTime="2025-05-14T13:25:31.3147553Z" testType="13cdc9d9-ddb5-4fa4-a97d-d965ccfc6d4b" outcome="Failed" testListId="6129aff4-3992-4cb3-bf94-804a2cdb0e10">
      <Output>
        <ErrorInfo>
          <Message>Assertion failed: Expected value did not match actual value.</Message>
          <StackTrace>   at TestNamespace.TestClass.Test() in TestClass.cs:line 45</StackTrace>
        </ErrorInfo>
      </Output>
    </UnitTestResult>
    <UnitTestResult executionId="63890f03-0fdd-411d-a183-317b517e31eb" testId="76079481-a676-41f8-94e2-5936ff73c243" testName="Test4485" computerName="UA-LPT-OGA2" duration="00:00:01.9950000" startTime="2025-05-14T13:20:31.3146610Z" endTime="2025-05-14T13:25:31.3147553Z" testType="13cdc9d9-ddb5-4fa4-a97d-d965ccfc6d4b" outcome="Passed" testListId="6129aff4-3992-4cb3-bf94-804a2cdb0e10" />
    <UnitTestResult executionId="2b2e39e7-28de-427f-ad96-d4438d3c5b53" testId="277fd58c-56d3-427c-bd04-440e2dfc8355" testName="Test4486" computerName="UA-LPT-OGA2" duration="00:00:01.0340000" startTime="2025-05-14T13:20:31.3146610Z" endTime="2025-05-14T13:25:31.3147553Z" testType="13cdc9d9-ddb5-4fa4-a97d-d965ccfc6d4b" outcome="Passed" testListId="6129aff4-3992-4cb3-bf94-804a2cdb0e10" />
    <UnitTestResult executionId="96bf352a-54b7-4d23-a7da-d3d61353f041" testId="cabfa5f9-81ae-4c91-ac73-36c2e66de0c3" testName="Test4487" computerName="UA-LPT-OGA2" duration="00:00:01.4420000" startTime="2025-05-14T13:20:31.3146610Z" endTime="2025-05-14T13:25:31.3147553Z" testType="13cdc9d9-ddb5-4fa4-a97d-d965ccfc6d4b" outcome="Passed" testListId="6129aff4-3992-4cb3-bf94-804a2cdb0e10" />
    <UnitTestResult executionId="2567fc2b-abfd-440c-a0d5-e355eabf6d00" testId="75f01bbf-c377-427e-be61-18607fae598b" testName="Test4488" computerName="UA-LPT-OGA2" duration="00:00:01.7300000" startTime="2025-05-14T13:20:31.3146610Z" endTime="2025-05-14T13:25:31.3147553Z" testType="13cdc9d9-ddb5-4fa4-a97d-d965ccfc6d4b" outcome="Passed" testListId="6129aff4-3992-4cb3-bf94-804a2cdb0e10" />
    <UnitTestResult executionId="187a5df2-6db1-4db5-ac36-ef8c876939c8" testId="45c3b5d8-77ac-4cbe-abd0-507a0c6a0a69" testName="Test4489" computerName="UA-LPT-OGA2" duration="00:00:01.0410000" startTime="2025-05-14T13:20:31.3146610Z" endTime="2025-05-14T13:25:31.3147553Z" testType="13cdc9d9-ddb5-4fa4-a97d-d965ccfc6d4b" outcome="Passed" testListId="6129aff4-3992-4cb3-bf94-804a2cdb0e10" />
    <UnitTestResult executionId="97bf5f51-2e24-4242-a1aa-f4f4502cb6f4" testId="a6daed79-c4de-4e61-aa68-0f73f47d43d5" testName="Test4490" computerName="UA-LPT-OGA2" duration="00:00:01.0190000" startTime="2025-05-14T13:20:31.3146610Z" endTime="2025-05-14T13:25:31.3147553Z" testType="13cdc9d9-ddb5-4fa4-a97d-d965ccfc6d4b" outcome="Passed" testListId="6129aff4-3992-4cb3-bf94-804a2cdb0e10" />
    <UnitTestResult executionId="a041d966-e374-415d-a4d5-f672c251c07f" testId="3753be2a-c538-47a8-a507-81cbabbfa43a" testName="Test4491" computerName="UA-LPT-OGA2" duration="00:00:00.6450000" startTime="2025-05-14T13:20:31.3146610Z" endTime="2025-05-14T13:25:31.3147553Z" testType="13cdc9d9-ddb5-4fa4-a97d-d965ccfc6d4b" outcome="Passed" testListId="6129aff4-3992-4cb3-bf94-804a2cdb0e10" />
    <UnitTestResult executionId="2a239a2a-fe6e-4fa9-92cd-da20d04747d8" testId="6ac9cc9f-ce90-4f0a-81e2-d903497e4ebd" testName="Test4492" computerName="UA-LPT-OGA2" duration="00:00:00.6400000" startTime="2025-05-14T13:20:31.3146610Z" endTime="2025-05-14T13:25:31.3147553Z" testType="13cdc9d9-ddb5-4fa4-a97d-d965ccfc6d4b" outcome="Passed" testListId="6129aff4-3992-4cb3-bf94-804a2cdb0e10" />
    <UnitTestResult executionId="cd097506-d67c-4143-94ef-6e558fe7e9f5" testId="b22f754b-988a-47ab-9c66-7194f9ec166a" testName="Test4493" computerName="UA-LPT-OGA2" duration="00:00:01.5350000" startTime="2025-05-14T13:20:31.3146610Z" endTime="2025-05-14T13:25:31.3147553Z" testType="13cdc9d9-ddb5-4fa4-a97d-d965ccfc6d4b" outcome="Passed" testListId="6129aff4-3992-4cb3-bf94-804a2cdb0e10" />
    <UnitTestResult executionId="e3579dad-204d-4b02-b0cd-370cc1ff65a8" testId="bc358715-2fb7-4ee4-bf0a-6ca9cd09bab2" testName="Test4494" computerName="UA-LPT-OGA2" duration="00:00:00.3950000" startTime="2025-05-14T13:20:31.3146610Z" endTime="2025-05-14T13:25:31.3147553Z" testType="13cdc9d9-ddb5-4fa4-a97d-d965ccfc6d4b" outcome="Passed" testListId="6129aff4-3992-4cb3-bf94-804a2cdb0e10" />
    <UnitTestResult executionId="945ebfb5-de37-468f-ac24-68f2578daca1" testId="47a18638-76ee-4ed6-8b03-eec45b1cf4e2" testName="Test4495" computerName="UA-LPT-OGA2" duration="00:00:01.8380000" startTime="2025-05-14T13:20:31.3146610Z" endTime="2025-05-14T13:25:31.3147553Z" testType="13cdc9d9-ddb5-4fa4-a97d-d965ccfc6d4b" outcome="Passed" testListId="6129aff4-3992-4cb3-bf94-804a2cdb0e10" />
    <UnitTestResult executionId="7f7a9abf-05af-4657-8d84-cd9fe93c3a4d" testId="08166beb-c870-423d-8899-fc0367943d93" testName="Test4496" computerName="UA-LPT-OGA2" duration="00:00:00.7800000" startTime="2025-05-14T13:20:31.3146610Z" endTime="2025-05-14T13:25:31.3147553Z" testType="13cdc9d9-ddb5-4fa4-a97d-d965ccfc6d4b" outcome="Failed" testListId="6129aff4-3992-4cb3-bf94-804a2cdb0e10">
      <Output>
        <ErrorInfo>
          <Message>Assertion failed: Expected value did not match actual value.</Message>
          <StackTrace>   at TestNamespace.TestClass.Test() in TestClass.cs:line 250</StackTrace>
        </ErrorInfo>
      </Output>
    </UnitTestResult>
    <UnitTestResult executionId="b4278139-53ed-4868-ae76-9fb242429665" testId="db4ae937-6bcc-49b5-aa6e-afb6a7877eb2" testName="Test4497" computerName="UA-LPT-OGA2" duration="00:00:01.6670000" startTime="2025-05-14T13:20:31.3146610Z" endTime="2025-05-14T13:25:31.3147553Z" testType="13cdc9d9-ddb5-4fa4-a97d-d965ccfc6d4b" outcome="Passed" testListId="6129aff4-3992-4cb3-bf94-804a2cdb0e10" />
    <UnitTestResult executionId="d3a3a880-e881-47f9-a989-386f0e4389bf" testId="c677dcc0-21e9-48a3-9397-3d7ca0406f00" testName="Test4498" computerName="UA-LPT-OGA2" duration="00:00:00.0710000" startTime="2025-05-14T13:20:31.3146610Z" endTime="2025-05-14T13:25:31.3147553Z" testType="13cdc9d9-ddb5-4fa4-a97d-d965ccfc6d4b" outcome="Passed" testListId="6129aff4-3992-4cb3-bf94-804a2cdb0e10" />
    <UnitTestResult executionId="a5a6f2f9-ad8c-4765-b7d7-0d3941c21058" testId="a1a409e9-559e-4fac-8ac2-1fce0adf984f" testName="Test4499" computerName="UA-LPT-OGA2" duration="00:00:01.4500000" startTime="2025-05-14T13:20:31.3146610Z" endTime="2025-05-14T13:25:31.3147553Z" testType="13cdc9d9-ddb5-4fa4-a97d-d965ccfc6d4b" outcome="Passed" testListId="6129aff4-3992-4cb3-bf94-804a2cdb0e10" />
    <UnitTestResult executionId="c0428412-d382-4bf4-b73a-c9c6211dfc94" testId="b93455bc-997e-4712-b423-86096c746cd9" testName="Test4500" computerName="UA-LPT-OGA2" duration="00:00:01.1170000" startTime="2025-05-14T13:20:31.3146610Z" endTime="2025-05-14T13:25:31.3147553Z" testType="13cdc9d9-ddb5-4fa4-a97d-d965ccfc6d4b" outcome="Passed" testListId="6129aff4-3992-4cb3-bf94-804a2cdb0e10" />
  </Results>
  <TestDefinitions>
    <UnitTest name="Test4401" id="cfc73a3c-be29-4d1d-b567-bbb4f1f5f817" storage="TestAssembly.dll">
      <Execution id="d0631d06-28f2-4230-a2a8-57056182db38" />
      <TestMethod codeBase="TestAssembly.dll" className="TestNamespace.TestClass1" name="Test4401" />
    </UnitTest>
    <UnitTest name="Test4402" id="389ab7fa-4ac6-49a2-8c32-eb5ace03a63a" storage="TestAssembly.dll">
      <Execution id="4d1315f4-e049-4a1a-bf8d-943e5c30a1c1" />
      <TestMethod codeBase="TestAssembly.dll" className="TestNamespace.TestClass1" name="Test4402" />
    </UnitTest>
    <UnitTest name="Test4403" id="341c4342-a279-46f1-91e4-5fa5b74ab422" storage="TestAssembly.dll">
      <Execution id="4536ef16-b107-4456-b9ec-dbb4081d0f87" />
      <TestMethod codeBase="TestAssembly.dll" className="TestNamespace.TestClass1" name="Test4403" />
    </UnitTest>
    <UnitTest name="Test4404" id="ae784652-5846-4acc-8a7a-b32557c7b28e" storage="TestAssembly.dll">
      <Execution id="137c730f-d164-4cba-b131-7e5ed577ef88" />
      <TestMethod codeBase="TestAssembly.dll" className="TestNamespace.TestClass1" name="Test4404" />
    </UnitTest>
    <UnitTest name="Test4405" id="903b9466-7728-4341-a35a-9931343308d9" storage="TestAssembly.dll">
      <Execution id="706bb7fa-be68-4aae-9397-7241a11382ab" />
      <TestMethod codeBase="TestAssembly.dll" className="TestNamespace.TestClass1" name="Test4405" />
    </UnitTest>
    <UnitTest name="Test4406" id="ecaa988c-26c0-465c-b028-841d37d33007" storage="TestAssembly.dll">
      <Execution id="85de2dcf-6090-4917-91be-7151acc119ad" />
      <TestMethod codeBase="TestAssembly.dll" className="TestNamespace.TestClass1" name="Test4406" />
    </UnitTest>
    <UnitTest name="Test4407" id="48189383-d4db-4cf1-a987-2fb9641bbe60" storage="TestAssembly.dll">
      <Execution id="7e55ace4-f544-4fdb-a3a8-033b5eadc0c0" />
      <TestMethod codeBase="TestAssembly.dll" className="TestNamespace.TestClass1" name="Test4407" />
    </UnitTest>
    <UnitTest name="Test4408" id="d41b6dc2-fb56-475f-879d-a9a663d3373a" storage="TestAssembly.dll">
      <Execution id="4d5a7046-ddc1-4d33-a84f-a7c52a27d36b" />
      <TestMethod codeBase="TestAssembly.dll" className="TestNamespace.TestClass1" name="Test4408" />
    </UnitTest>
    <UnitTest name="Test4409" id="43c0bc20-8d1a-4a9d-aaca-3e4fc349ea58" storage="TestAssembly.dll">
      <Execution id="51be0fd8-9470-4189-a0e3-47cdfc0958eb" />
      <TestMethod codeBase="TestAssembly.dll" className="TestNamespace.TestClass1" name="Test4409" />
    </UnitTest>
    <UnitTest name="Test4410" id="8877af73-0724-4b6b-ab8d-924f49942ded" storage="TestAssembly.dll">
      <Execution id="796c38c8-be32-4715-baa3-be85a9c230ec" />
      <TestMethod codeBase="TestAssembly.dll" className="TestNamespace.TestClass1" name="Test4410" />
    </UnitTest>
    <UnitTest name="Test4411" id="693de81f-db6b-44c2-ac35-70ae2dc924c2" storage="TestAssembly.dll">
      <Execution id="1082a35e-f2d0-44c2-8a86-6be0570caca2" />
      <TestMethod codeBase="TestAssembly.dll" className="TestNamespace.TestClass2" name="Test4411" />
    </UnitTest>
    <UnitTest name="Test4412" id="22863cd9-54e3-42a9-b835-2d6b7f653949" storage="TestAssembly.dll">
      <Execution id="5387e333-debb-4245-8707-82b2d2d78db2" />
      <TestMethod codeBase="TestAssembly.dll" className="TestNamespace.TestClass2" name="Test4412" />
    </UnitTest>
    <UnitTest name="Test4413" id="2475327c-f966-4754-82b0-61452e57bb60" storage="TestAssembly.dll">
      <Execution id="bbce3062-e8ec-4eb6-8f3c-04fe99cea93a" />
      <TestMethod codeBase="TestAssembly.dll" className="TestNamespace.TestClass2" name="Test4413" />
    </UnitTest>
    <UnitTest name="Test4414" id="6bb7065b-e892-4ee4-8d75-0f95d20b45fd" storage="TestAssembly.dll">
      <Execution id="1f513334-7b0d-48f3-9db6-2c66f1948863" />
      <TestMethod codeBase="TestAssembly.dll" className="TestNamespace.TestClass2" name="Test4414" />
    </UnitTest>
    <UnitTest name="Test4415" id="08092d61-cd5a-4801-9523-65b66ce806b0" storage="TestAssembly.dll">
      <Execution id="83401a84-8601-4e62-9016-68cd8600dddb" />
      <TestMethod codeBase="TestAssembly.dll" className="TestNamespace.TestClass2" name="Test4415" />
    </UnitTest>
    <UnitTest name="Test4416" id="002b431f-f15d-49bf-a26d-660af6e0c824" storage="TestAssembly.dll">
      <Execution id="763d0d37-127d-4f52-abbd-29cb697116a4" />
      <TestMethod codeBase="TestAssembly.dll" className="TestNamespace.TestClass2" name="Test4416" />
    </UnitTest>
    <UnitTest name="Test4417" id="d9fd4946-5d14-49e1-8967-917b8391330a" storage="TestAssembly.dll">
      <Execution id="78851e9f-bd96-4a4c-b842-6ee770687160" />
      <TestMethod codeBase="TestAssembly.dll" className="TestNamespace.TestClass2" name="Test4417" />
    </UnitTest>
    <UnitTest name="Test4418" id="cc0a2b03-8278-4614-8c72-273545efc887" storage="TestAssembly.dll">
      <Execution id="b58b975a-c0b2-4699-b25b-eb7069f2ac8b" />
      <TestMethod codeBase="TestAssembly.dll" className="TestNamespace.TestClass2" name="Test4418" />
    </UnitTest>
    <UnitTest name="Test4419" id="8ccff049-b324-43aa-a317-419bbfc37012" storage="TestAssembly.dll">
      <Execution id="7e8bb3f0-7578-40f7-abe5-dcf582ea063f" />
      <TestMethod codeBase="TestAssembly.dll" className="TestNamespace.TestClass2" name="Test4419" />
    </UnitTest>
    <UnitTest name="Test4420" id="ff4c206a-00f1-4f2f-a771-4095a70e077d" storage="TestAssembly.dll">
      <Execution id="57141abe-4dd8-426e-8e3b-0d8d3e481037" />
      <TestMethod codeBase="TestAssembly.dll" className="TestNamespace.TestClass2" name="Test4420" />
    </UnitTest>
    <UnitTest name="Test4421" id="e0c04260-09c1-4be6-96b7-17652822d4db" storage="TestAssembly.dll">
      <Execution id="80bfd2a4-3d60-4f8d-a08c-10267c823f1c" />
      <TestMethod codeBase="TestAssembly.dll" className="TestNamespace.TestClass3" name="Test4421" />
    </UnitTest>
    <UnitTest name="Test4422" id="407bb4cb-4c31-42c8-9bb8-a4d14ed0894f" storage="TestAssembly.dll">
      <Execution id="8c2f90fd-6628-4060-98f4-de8382f581d0" />
      <TestMethod codeBase="TestAssembly.dll" className="TestNamespace.TestClass3" name="Test4422" />
    </UnitTest>
    <UnitTest name="Test4423" id="2cf6c82e-b8d3-473c-beff-be0453769dd1" storage="TestAssembly.dll">
      <Execution id="d6f5760b-9287-497e-9aa2-876085e5de6d" />
      <TestMethod codeBase="TestAssembly.dll" className="TestNamespace.TestClass3" name="Test4423" />
    </UnitTest>
    <UnitTest name="Test4424" id="ddb9a1a1-e2ff-4d34-bb01-c55a3f4be95a" storage="TestAssembly.dll">
      <Execution id="b2b84726-d22c-4137-aad3-e66ec66995fd" />
      <TestMethod codeBase="TestAssembly.dll" className="TestNamespace.TestClass3" name="Test4424" />
    </UnitTest>
    <UnitTest name="Test4425" id="475c53e1-d149-45e1-a5bb-33b47839b6dd" storage="TestAssembly.dll">
      <Execution id="dc5ddfb5-16ae-4237-b63c-683159ccc59e" />
      <TestMethod codeBase="TestAssembly.dll" className="TestNamespace.TestClass3" name="Test4425" />
    </UnitTest>
    <UnitTest name="Test4426" id="4911a7c5-0fbc-4082-8d7d-856c5a796a98" storage="TestAssembly.dll">
      <Execution id="f569f169-5257-430b-b9f7-10978d8237c0" />
      <TestMethod codeBase="TestAssembly.dll" className="TestNamespace.TestClass3" name="Test4426" />
    </UnitTest>
    <UnitTest name="Test4427" id="aa17883a-669b-48af-8f83-b51206313a06" storage="TestAssembly.dll">
      <Execution id="6a7bb8bd-abc5-474c-abdc-5c20477356fd" />
      <TestMethod codeBase="TestAssembly.dll" className="TestNamespace.TestClass3" name="Test4427" />
    </UnitTest>
    <UnitTest name="Test4428" id="c22f6519-4705-4c0f-9b6f-884b77d0d38e" storage="TestAssembly.dll">
      <Execution id="33683c00-6a1f-4d08-9cab-e96c2bdbef46" />
      <TestMethod codeBase="TestAssembly.dll" className="TestNamespace.TestClass3" name="Test4428" />
    </UnitTest>
    <UnitTest name="Test4429" id="d4192888-3d8d-4ee4-b573-0b10d9f23dd2" storage="TestAssembly.dll">
      <Execution id="c8fcc72d-0d07-49a1-8974-92e03843e8e7" />
      <TestMethod codeBase="TestAssembly.dll" className="TestNamespace.TestClass3" name="Test4429" />
    </UnitTest>
    <UnitTest name="Test4430" id="b63d910d-1bee-43e6-b5f5-52609f4840cc" storage="TestAssembly.dll">
      <Execution id="34393a3a-0550-4af1-b6e3-aec2b75d9464" />
      <TestMethod codeBase="TestAssembly.dll" className="TestNamespace.TestClass3" name="Test4430" />
    </UnitTest>
    <UnitTest name="Test4431" id="e48aa65d-a2bd-4d49-a0f3-a9a00927353f" storage="TestAssembly.dll">
      <Execution id="5ab98953-24d4-4569-9336-35690017c08d" />
      <TestMethod codeBase="TestAssembly.dll" className="TestNamespace.TestClass4" name="Test4431" />
    </UnitTest>
    <UnitTest name="Test4432" id="eacc7445-fb00-4528-be6f-750b9416ca27" storage="TestAssembly.dll">
      <Execution id="23879af6-b776-4b82-98e7-eaf3db047597" />
      <TestMethod codeBase="TestAssembly.dll" className="TestNamespace.TestClass4" name="Test4432" />
    </UnitTest>
    <UnitTest name="Test4433" id="8fed9b52-94c3-4b6b-a4a5-1644acfbf639" storage="TestAssembly.dll">
      <Execution id="2dec9cfa-acc8-4b68-9e46-7ba45a1574d2" />
      <TestMethod codeBase="TestAssembly.dll" className="TestNamespace.TestClass4" name="Test4433" />
    </UnitTest>
    <UnitTest name="Test4434" id="f4386261-8750-407e-a966-283ea656edf9" storage="TestAssembly.dll">
      <Execution id="189f35a6-7bb7-4ce8-8a05-9399e750d45e" />
      <TestMethod codeBase="TestAssembly.dll" className="TestNamespace.TestClass4" name="Test4434" />
    </UnitTest>
    <UnitTest name="Test4435" id="80fcbb09-6797-48a6-9cef-28ea165b5594" storage="TestAssembly.dll">
      <Execution id="9bbe11c6-d507-4332-a1c2-590b1a1148a8" />
      <TestMethod codeBase="TestAssembly.dll" className="TestNamespace.TestClass4" name="Test4435" />
    </UnitTest>
    <UnitTest name="Test4436" id="b833b86a-473d-4114-bcb7-6481858af359" storage="TestAssembly.dll">
      <Execution id="92443dae-e2d0-4aad-b946-c5c8db80766f" />
      <TestMethod codeBase="TestAssembly.dll" className="TestNamespace.TestClass4" name="Test4436" />
    </UnitTest>
    <UnitTest name="Test4437" id="848c48a4-68e2-43fc-8596-c84e6829ee9c" storage="TestAssembly.dll">
      <Execution id="b7ce5776-99f2-4ee5-9a14-43ddeb04451d" />
      <TestMethod codeBase="TestAssembly.dll" className="TestNamespace.TestClass4" name="Test4437" />
    </UnitTest>
    <UnitTest name="Test4438" id="28ce7577-7c29-4172-8cdf-2127a7c6ee67" storage="TestAssembly.dll">
      <Execution id="fc18adf7-7dad-4fc4-a0ba-0af314981388" />
      <TestMethod codeBase="TestAssembly.dll" className="TestNamespace.TestClass4" name="Test4438" />
    </UnitTest>
    <UnitTest name="Test4439" id="f96a1b83-c61d-4c29-bc07-71fe74cf7a29" storage="TestAssembly.dll">
      <Execution id="d738cd32-4ad9-4339-9cf8-3c483ceb6af8" />
      <TestMethod codeBase="TestAssembly.dll" className="TestNamespace.TestClass4" name="Test4439" />
    </UnitTest>
    <UnitTest name="Test4440" id="bbefd67a-48ac-4d3b-8b51-26afd0d91bdf" storage="TestAssembly.dll">
      <Execution id="ea112eda-33b7-48a4-8cfb-3e0c30afb264" />
      <TestMethod codeBase="TestAssembly.dll" className="TestNamespace.TestClass4" name="Test4440" />
    </UnitTest>
    <UnitTest name="Test4441" id="4d5a2a9b-d12a-40d5-9af2-629d744f7c39" storage="TestAssembly.dll">
      <Execution id="86845e00-955f-4d9a-af9f-b4a4ab4973e3" />
      <TestMethod codeBase="TestAssembly.dll" className="TestNamespace.TestClass5" name="Test4441" />
    </UnitTest>
    <UnitTest name="Test4442" id="1ce04317-b919-4713-b018-decdbc806e88" storage="TestAssembly.dll">
      <Execution id="07da56d6-557d-48ab-b3ed-34ce94a3c679" />
      <TestMethod codeBase="TestAssembly.dll" className="TestNamespace.TestClass5" name="Test4442" />
    </UnitTest>
    <UnitTest name="Test4443" id="85910f9b-d0fe-4203-99e1-982a9350754a" storage="TestAssembly.dll">
      <Execution id="7f4bb6cb-7c25-4bb1-9559-3fd67cf6f419" />
      <TestMethod codeBase="TestAssembly.dll" className="TestNamespace.TestClass5" name="Test4443" />
    </UnitTest>
    <UnitTest name="Test4444" id="3680758c-ac4b-4c03-95d2-1a27c22901ad" storage="TestAssembly.dll">
      <Execution id="dbdbe4f2-d5fb-463a-8f33-90020d95a694" />
      <TestMethod codeBase="TestAssembly.dll" className="TestNamespace.TestClass5" name="Test4444" />
    </UnitTest>
    <UnitTest name="Test4445" id="33aadaf3-ebcb-43f1-b81c-1383548cd707" storage="TestAssembly.dll">
      <Execution id="03dbfa19-f7ca-4b89-8fae-d69485fa9381" />
      <TestMethod codeBase="TestAssembly.dll" className="TestNamespace.TestClass5" name="Test4445" />
    </UnitTest>
    <UnitTest name="Test4446" id="7d104a6a-0e8e-4f25-99b5-70af76a585d8" storage="TestAssembly.dll">
      <Execution id="d137bffd-dd66-46c4-be60-9aae41aa08cd" />
      <TestMethod codeBase="TestAssembly.dll" className="TestNamespace.TestClass5" name="Test4446" />
    </UnitTest>
    <UnitTest name="Test4447" id="e0898a84-4c82-4e47-8c10-c57f3b3868b7" storage="TestAssembly.dll">
      <Execution id="574fcc97-db0a-49e7-ab46-6faa6d9930ad" />
      <TestMethod codeBase="TestAssembly.dll" className="TestNamespace.TestClass5" name="Test4447" />
    </UnitTest>
    <UnitTest name="Test4448" id="4c11a182-b330-4650-9afa-a816b91cd176" storage="TestAssembly.dll">
      <Execution id="48e7820b-5b8a-4300-aeb9-0ccf6a071025" />
      <TestMethod codeBase="TestAssembly.dll" className="TestNamespace.TestClass5" name="Test4448" />
    </UnitTest>
    <UnitTest name="Test4449" id="26a86f10-4384-4de3-ae96-953d9712d515" storage="TestAssembly.dll">
      <Execution id="ab7ec133-0384-40e7-a093-1deae2a98fdb" />
      <TestMethod codeBase="TestAssembly.dll" className="TestNamespace.TestClass5" name="Test4449" />
    </UnitTest>
    <UnitTest name="Test4450" id="2c00b4c9-d0bd-4cb0-ae03-2d6cc24541c6" storage="TestAssembly.dll">
      <Execution id="67956983-bcd0-4bc2-86b2-36de08f09fa2" />
      <TestMethod codeBase="TestAssembly.dll" className="TestNamespace.TestClass5" name="Test4450" />
    </UnitTest>
    <UnitTest name="Test4451" id="fe0e2cdd-da1d-476c-bdb2-c4f4ad4fa56d" storage="TestAssembly.dll">
      <Execution id="0ba450a7-80b2-4adb-8bc7-a85d0ae423d1" />
      <TestMethod codeBase="TestAssembly.dll" className="TestNamespace.TestClass6" name="Test4451" />
    </UnitTest>
    <UnitTest name="Test4452" id="a03b14ae-c6fa-4ca2-b099-f10427c8d68c" storage="TestAssembly.dll">
      <Execution id="a67d2b9b-72bb-42d7-9e78-7db679db5c9b" />
      <TestMethod codeBase="TestAssembly.dll" className="TestNamespace.TestClass6" name="Test4452" />
    </UnitTest>
    <UnitTest name="Test4453" id="9ec22efe-759c-4a69-ba2e-4240acd333a2" storage="TestAssembly.dll">
      <Execution id="8ae493cd-17b3-4b0c-8274-73a34a35c21f" />
      <TestMethod codeBase="TestAssembly.dll" className="TestNamespace.TestClass6" name="Test4453" />
    </UnitTest>
    <UnitTest name="Test4454" id="eed891ad-ec4c-4f83-ba5f-9d565b7218bf" storage="TestAssembly.dll">
      <Execution id="07a3f116-b446-40d8-bf04-161c1105d9a5" />
      <TestMethod codeBase="TestAssembly.dll" className="TestNamespace.TestClass6" name="Test4454" />
    </UnitTest>
    <UnitTest name="Test4455" id="c04e4393-2bc0-44bd-95a3-69b11d6d20b9" storage="TestAssembly.dll">
      <Execution id="b742ff84-e5c4-4d7d-9461-aa72ee27623d" />
      <TestMethod codeBase="TestAssembly.dll" className="TestNamespace.TestClass6" name="Test4455" />
    </UnitTest>
    <UnitTest name="Test4456" id="995c9c96-f52c-4a2c-8e5d-a89aba858844" storage="TestAssembly.dll">
      <Execution id="fe8a1136-f0f5-489a-b505-f6ea0b1a2fa0" />
      <TestMethod codeBase="TestAssembly.dll" className="TestNamespace.TestClass6" name="Test4456" />
    </UnitTest>
    <UnitTest name="Test4457" id="2761f6eb-5bb8-49cd-886d-8494ea7d0795" storage="TestAssembly.dll">
      <Execution id="3823e972-3de0-40ac-9313-359c2bac59a6" />
      <TestMethod codeBase="TestAssembly.dll" className="TestNamespace.TestClass6" name="Test4457" />
    </UnitTest>
    <UnitTest name="Test4458" id="dfe7c069-5fb6-4698-8dfb-34f932239ced" storage="TestAssembly.dll">
      <Execution id="7a480c40-c103-466d-a8c7-0ae90163f455" />
      <TestMethod codeBase="TestAssembly.dll" className="TestNamespace.TestClass6" name="Test4458" />
    </UnitTest>
    <UnitTest name="Test4459" id="a3afb74b-f6f9-41ed-a4d2-570ba9ea9739" storage="TestAssembly.dll">
      <Execution id="5fd380ff-d0c5-47a7-b570-ade0ecd60c72" />
      <TestMethod codeBase="TestAssembly.dll" className="TestNamespace.TestClass6" name="Test4459" />
    </UnitTest>
    <UnitTest name="Test4460" id="473f03dd-8ff1-4b89-829a-43ab1acc70e2" storage="TestAssembly.dll">
      <Execution id="62b3a829-8e55-4479-804e-0fb658b572c8" />
      <TestMethod codeBase="TestAssembly.dll" className="TestNamespace.TestClass6" name="Test4460" />
    </UnitTest>
    <UnitTest name="Test4461" id="6560db38-af44-43c5-bd80-1789af799acb" storage="TestAssembly.dll">
      <Execution id="978f4cbd-3870-4d84-8ba0-cf06345acee8" />
      <TestMethod codeBase="TestAssembly.dll" className="TestNamespace.TestClass7" name="Test4461" />
    </UnitTest>
    <UnitTest name="Test4462" id="002f2088-80fe-48d8-a893-a15e7e5a78e8" storage="TestAssembly.dll">
      <Execution id="9eb6a004-d8b1-401d-95f1-2f2d6b8c19bf" />
      <TestMethod codeBase="TestAssembly.dll" className="TestNamespace.TestClass7" name="Test4462" />
    </UnitTest>
    <UnitTest name="Test4463" id="49292343-79a0-47d7-950e-61a9a716a167" storage="TestAssembly.dll">
      <Execution id="9e9c8ffb-3913-42fd-b84f-e3081c875132" />
      <TestMethod codeBase="TestAssembly.dll" className="TestNamespace.TestClass7" name="Test4463" />
    </UnitTest>
    <UnitTest name="Test4464" id="e18763ff-22b1-413c-b4c5-a7ac58cfd0e8" storage="TestAssembly.dll">
      <Execution id="5c4bac28-d9c6-4d57-8c8e-44c08e91fd12" />
      <TestMethod codeBase="TestAssembly.dll" className="TestNamespace.TestClass7" name="Test4464" />
    </UnitTest>
    <UnitTest name="Test4465" id="d4bbd12b-71c4-4edd-88fe-134889d1ef5e" storage="TestAssembly.dll">
      <Execution id="3e45302a-9b6f-4755-89e7-327e3d2ac2f9" />
      <TestMethod codeBase="TestAssembly.dll" className="TestNamespace.TestClass7" name="Test4465" />
    </UnitTest>
    <UnitTest name="Test4466" id="67345f43-0ec9-422f-9b5d-62ab54c7af43" storage="TestAssembly.dll">
      <Execution id="8de0ae42-1d4d-4fcd-ada2-39e4372552c7" />
      <TestMethod codeBase="TestAssembly.dll" className="TestNamespace.TestClass7" name="Test4466" />
    </UnitTest>
    <UnitTest name="Test4467" id="d905f8a8-26be-476b-b13a-b0ac7ce039df" storage="TestAssembly.dll">
      <Execution id="e78c41fe-8621-47e9-99f1-ce5212734340" />
      <TestMethod codeBase="TestAssembly.dll" className="TestNamespace.TestClass7" name="Test4467" />
    </UnitTest>
    <UnitTest name="Test4468" id="4f507ed5-39da-430b-9cc8-7f5133145fa4" storage="TestAssembly.dll">
      <Execution id="c925c98f-c7f9-4e3d-b9ce-2a1074a18d7e" />
      <TestMethod codeBase="TestAssembly.dll" className="TestNamespace.TestClass7" name="Test4468" />
    </UnitTest>
    <UnitTest name="Test4469" id="5562c715-2f6c-4282-beb3-2c3fd98b807c" storage="TestAssembly.dll">
      <Execution id="7b4bb7c3-4277-4b87-9494-146570984031" />
      <TestMethod codeBase="TestAssembly.dll" className="TestNamespace.TestClass7" name="Test4469" />
    </UnitTest>
    <UnitTest name="Test4470" id="7a0e9501-b297-427b-9d37-14e0392192aa" storage="TestAssembly.dll">
      <Execution id="9ac7bf10-4855-44e7-9468-b2185103bc9e" />
      <TestMethod codeBase="TestAssembly.dll" className="TestNamespace.TestClass7" name="Test4470" />
    </UnitTest>
    <UnitTest name="Test4471" id="167ed356-af0b-4243-b38a-570e397c7960" storage="TestAssembly.dll">
      <Execution id="91b43353-7212-4740-a27b-38757ddd699c" />
      <TestMethod codeBase="TestAssembly.dll" className="TestNamespace.TestClass8" name="Test4471" />
    </UnitTest>
    <UnitTest name="Test4472" id="c860fa70-7369-4866-bfa4-4a02941b8d69" storage="TestAssembly.dll">
      <Execution id="4c67fadf-8642-4390-9dca-da369f719b52" />
      <TestMethod codeBase="TestAssembly.dll" className="TestNamespace.TestClass8" name="Test4472" />
    </UnitTest>
    <UnitTest name="Test4473" id="2c675b95-81c6-4456-985a-46eb389904a1" storage="TestAssembly.dll">
      <Execution id="a44912d2-9190-4970-a6df-ddbba7a924e2" />
      <TestMethod codeBase="TestAssembly.dll" className="TestNamespace.TestClass8" name="Test4473" />
    </UnitTest>
    <UnitTest name="Test4474" id="a5dd2648-d0c0-453a-8fa3-353c7a7045d4" storage="TestAssembly.dll">
      <Execution id="97285fbd-5399-40e8-8a43-3e4cb843ddc3" />
      <TestMethod codeBase="TestAssembly.dll" className="TestNamespace.TestClass8" name="Test4474" />
    </UnitTest>
    <UnitTest name="Test4475" id="3429f734-dca9-4175-bce9-6a67beff9886" storage="TestAssembly.dll">
      <Execution id="be94e9f1-3b67-46b8-b145-e20d38e6419b" />
      <TestMethod codeBase="TestAssembly.dll" className="TestNamespace.TestClass8" name="Test4475" />
    </UnitTest>
    <UnitTest name="Test4476" id="a5ee01e6-53c6-4f79-8d8e-c9d977644579" storage="TestAssembly.dll">
      <Execution id="42824e5f-270b-4fc4-8f06-1a1b6c3060c0" />
      <TestMethod codeBase="TestAssembly.dll" className="TestNamespace.TestClass8" name="Test4476" />
    </UnitTest>
    <UnitTest name="Test4477" id="84592a41-f7b6-4549-bf44-a268df3ffe8b" storage="TestAssembly.dll">
      <Execution id="c1d6474f-79b7-4523-a35b-4e16e065c043" />
      <TestMethod codeBase="TestAssembly.dll" className="TestNamespace.TestClass8" name="Test4477" />
    </UnitTest>
    <UnitTest name="Test4478" id="84b0b357-9917-46a6-bd83-754503936ea4" storage="TestAssembly.dll">
      <Execution id="29e8a545-3434-4d97-bd60-6a10a56fdf06" />
      <TestMethod codeBase="TestAssembly.dll" className="TestNamespace.TestClass8" name="Test4478" />
    </UnitTest>
    <UnitTest name="Test4479" id="0aadd24e-e01c-4177-b8d8-8c6eaceedb30" storage="TestAssembly.dll">
      <Execution id="8402288a-e791-47af-a47a-68150d421b20" />
      <TestMethod codeBase="TestAssembly.dll" className="TestNamespace.TestClass8" name="Test4479" />
    </UnitTest>
    <UnitTest name="Test4480" id="88357ca0-6e0a-4a34-ae84-efe4b70130cd" storage="TestAssembly.dll">
      <Execution id="9d268c0f-40d4-4b75-b977-c60861107098" />
      <TestMethod codeBase="TestAssembly.dll" className="TestNamespace.TestClass8" name="Test4480" />
    </UnitTest>
    <UnitTest name="Test4481" id="ea692cc1-9866-4711-ab3f-ebaf2a7f628d" storage="TestAssembly.dll">
      <Execution id="2eea896b-91f3-4b2e-958a-503fbd1533c4" />
      <TestMethod codeBase="TestAssembly.dll" className="TestNamespace.TestClass9" name="Test4481" />
    </UnitTest>
    <UnitTest name="Test4482" id="357a9ad8-fd07-450d-9511-a2dbc810eff5" storage="TestAssembly.dll">
      <Execution id="62086a3c-d375-466f-a3fb-bd4018e4d348" />
      <TestMethod codeBase="TestAssembly.dll" className="TestNamespace.TestClass9" name="Test4482" />
    </UnitTest>
    <UnitTest name="Test4483" id="f86769bc-60a5-402d-9e0b-766012d2ff0a" storage="TestAssembly.dll">
      <Execution id="4110e3b0-9bd3-4e90-91ff-f285da1e1eed" />
      <TestMethod codeBase="TestAssembly.dll" className="TestNamespace.TestClass9" name="Test4483" />
    </UnitTest>
    <UnitTest name="Test4484" id="2b1cf5fe-b5eb-43bf-9688-adf2a8c57dcb" storage="TestAssembly.dll">
      <Execution id="1d0933e1-1413-4102-8708-4dbc2a476502" />
      <TestMethod codeBase="TestAssembly.dll" className="TestNamespace.TestClass9" name="Test4484" />
    </UnitTest>
    <UnitTest name="Test4485" id="76079481-a676-41f8-94e2-5936ff73c243" storage="TestAssembly.dll">
      <Execution id="63890f03-0fdd-411d-a183-317b517e31eb" />
      <TestMethod codeBase="TestAssembly.dll" className="TestNamespace.TestClass9" name="Test4485" />
    </UnitTest>
    <UnitTest name="Test4486" id="277fd58c-56d3-427c-bd04-440e2dfc8355" storage="TestAssembly.dll">
      <Execution id="2b2e39e7-28de-427f-ad96-d4438d3c5b53" />
      <TestMethod codeBase="TestAssembly.dll" className="TestNamespace.TestClass9" name="Test4486" />
    </UnitTest>
    <UnitTest name="Test4487" id="cabfa5f9-81ae-4c91-ac73-36c2e66de0c3" storage="TestAssembly.dll">
      <Execution id="96bf352a-54b7-4d23-a7da-d3d61353f041" />
      <TestMethod codeBase="TestAssembly.dll" className="TestNamespace.TestClass9" name="Test4487" />
    </UnitTest>
    <UnitTest name="Test4488" id="75f01bbf-c377-427e-be61-18607fae598b" storage="TestAssembly.dll">
      <Execution id="2567fc2b-abfd-440c-a0d5-e355eabf6d00" />
      <TestMethod codeBase="TestAssembly.dll" className="TestNamespace.TestClass9" name="Test4488" />
    </UnitTest>
    <UnitTest name="Test4489" id="45c3b5d8-77ac-4cbe-abd0-507a0c6a0a69" storage="TestAssembly.dll">
      <Execution id="187a5df2-6db1-4db5-ac36-ef8c876939c8" />
      <TestMethod codeBase="TestAssembly.dll" className="TestNamespace.TestClass9" name="Test4489" />
    </UnitTest>
    <UnitTest name="Test4490" id="a6daed79-c4de-4e61-aa68-0f73f47d43d5" storage="TestAssembly.dll">
      <Execution id="97bf5f51-2e24-4242-a1aa-f4f4502cb6f4" />
      <TestMethod codeBase="TestAssembly.dll" className="TestNamespace.TestClass9" name="Test4490" />
    </UnitTest>
    <UnitTest name="Test4491" id="3753be2a-c538-47a8-a507-81cbabbfa43a" storage="TestAssembly.dll">
      <Execution id="a041d966-e374-415d-a4d5-f672c251c07f" />
      <TestMethod codeBase="TestAssembly.dll" className="TestNamespace.TestClass10" name="Test4491" />
    </UnitTest>
    <UnitTest name="Test4492" id="6ac9cc9f-ce90-4f0a-81e2-d903497e4ebd" storage="TestAssembly.dll">
      <Execution id="2a239a2a-fe6e-4fa9-92cd-da20d04747d8" />
      <TestMethod codeBase="TestAssembly.dll" className="TestNamespace.TestClass10" name="Test4492" />
    </UnitTest>
    <UnitTest name="Test4493" id="b22f754b-988a-47ab-9c66-7194f9ec166a" storage="TestAssembly.dll">
      <Execution id="cd097506-d67c-4143-94ef-6e558fe7e9f5" />
      <TestMethod codeBase="TestAssembly.dll" className="TestNamespace.TestClass10" name="Test4493" />
    </UnitTest>
    <UnitTest name="Test4494" id="bc358715-2fb7-4ee4-bf0a-6ca9cd09bab2" storage="TestAssembly.dll">
      <Execution id="e3579dad-204d-4b02-b0cd-370cc1ff65a8" />
      <TestMethod codeBase="TestAssembly.dll" className="TestNamespace.TestClass10" name="Test4494" />
    </UnitTest>
    <UnitTest name="Test4495" id="47a18638-76ee-4ed6-8b03-eec45b1cf4e2" storage="TestAssembly.dll">
      <Execution id="945ebfb5-de37-468f-ac24-68f2578daca1" />
      <TestMethod codeBase="TestAssembly.dll" className="TestNamespace.TestClass10" name="Test4495" />
    </UnitTest>
    <UnitTest name="Test4496" id="08166beb-c870-423d-8899-fc0367943d93" storage="TestAssembly.dll">
      <Execution id="7f7a9abf-05af-4657-8d84-cd9fe93c3a4d" />
      <TestMethod codeBase="TestAssembly.dll" className="TestNamespace.TestClass10" name="Test4496" />
    </UnitTest>
    <UnitTest name="Test4497" id="db4ae937-6bcc-49b5-aa6e-afb6a7877eb2" storage="TestAssembly.dll">
      <Execution id="b4278139-53ed-4868-ae76-9fb242429665" />
      <TestMethod codeBase="TestAssembly.dll" className="TestNamespace.TestClass10" name="Test4497" />
    </UnitTest>
    <UnitTest name="Test4498" id="c677dcc0-21e9-48a3-9397-3d7ca0406f00" storage="TestAssembly.dll">
      <Execution id="d3a3a880-e881-47f9-a989-386f0e4389bf" />
      <TestMethod codeBase="TestAssembly.dll" className="TestNamespace.TestClass10" name="Test4498" />
    </UnitTest>
    <UnitTest name="Test4499" id="a1a409e9-559e-4fac-8ac2-1fce0adf984f" storage="TestAssembly.dll">
      <Execution id="a5a6f2f9-ad8c-4765-b7d7-0d3941c21058" />
      <TestMethod codeBase="TestAssembly.dll" className="TestNamespace.TestClass10" name="Test4499" />
    </UnitTest>
    <UnitTest name="Test4500" id="b93455bc-997e-4712-b423-86096c746cd9" storage="TestAssembly.dll">
      <Execution id="c0428412-d382-4bf4-b73a-c9c6211dfc94" />
      <TestMethod codeBase="TestAssembly.dll" className="TestNamespace.TestClass10" name="Test4500" />
    </UnitTest>
  </TestDefinitions>
  <TestEntries>
    <TestEntry testId="cfc73a3c-be29-4d1d-b567-bbb4f1f5f817" executionId="d0631d06-28f2-4230-a2a8-57056182db38" testListId="6129aff4-3992-4cb3-bf94-804a2cdb0e10" />
    <TestEntry testId="389ab7fa-4ac6-49a2-8c32-eb5ace03a63a" executionId="4d1315f4-e049-4a1a-bf8d-943e5c30a1c1" testListId="6129aff4-3992-4cb3-bf94-804a2cdb0e10" />
    <TestEntry testId="341c4342-a279-46f1-91e4-5fa5b74ab422" executionId="4536ef16-b107-4456-b9ec-dbb4081d0f87" testListId="6129aff4-3992-4cb3-bf94-804a2cdb0e10" />
    <TestEntry testId="ae784652-5846-4acc-8a7a-b32557c7b28e" executionId="137c730f-d164-4cba-b131-7e5ed577ef88" testListId="6129aff4-3992-4cb3-bf94-804a2cdb0e10" />
    <TestEntry testId="903b9466-7728-4341-a35a-9931343308d9" executionId="706bb7fa-be68-4aae-9397-7241a11382ab" testListId="6129aff4-3992-4cb3-bf94-804a2cdb0e10" />
    <TestEntry testId="ecaa988c-26c0-465c-b028-841d37d33007" executionId="85de2dcf-6090-4917-91be-7151acc119ad" testListId="6129aff4-3992-4cb3-bf94-804a2cdb0e10" />
    <TestEntry testId="48189383-d4db-4cf1-a987-2fb9641bbe60" executionId="7e55ace4-f544-4fdb-a3a8-033b5eadc0c0" testListId="6129aff4-3992-4cb3-bf94-804a2cdb0e10" />
    <TestEntry testId="d41b6dc2-fb56-475f-879d-a9a663d3373a" executionId="4d5a7046-ddc1-4d33-a84f-a7c52a27d36b" testListId="6129aff4-3992-4cb3-bf94-804a2cdb0e10" />
    <TestEntry testId="43c0bc20-8d1a-4a9d-aaca-3e4fc349ea58" executionId="51be0fd8-9470-4189-a0e3-47cdfc0958eb" testListId="6129aff4-3992-4cb3-bf94-804a2cdb0e10" />
    <TestEntry testId="8877af73-0724-4b6b-ab8d-924f49942ded" executionId="796c38c8-be32-4715-baa3-be85a9c230ec" testListId="6129aff4-3992-4cb3-bf94-804a2cdb0e10" />
    <TestEntry testId="693de81f-db6b-44c2-ac35-70ae2dc924c2" executionId="1082a35e-f2d0-44c2-8a86-6be0570caca2" testListId="6129aff4-3992-4cb3-bf94-804a2cdb0e10" />
    <TestEntry testId="22863cd9-54e3-42a9-b835-2d6b7f653949" executionId="5387e333-debb-4245-8707-82b2d2d78db2" testListId="6129aff4-3992-4cb3-bf94-804a2cdb0e10" />
    <TestEntry testId="2475327c-f966-4754-82b0-61452e57bb60" executionId="bbce3062-e8ec-4eb6-8f3c-04fe99cea93a" testListId="6129aff4-3992-4cb3-bf94-804a2cdb0e10" />
    <TestEntry testId="6bb7065b-e892-4ee4-8d75-0f95d20b45fd" executionId="1f513334-7b0d-48f3-9db6-2c66f1948863" testListId="6129aff4-3992-4cb3-bf94-804a2cdb0e10" />
    <TestEntry testId="08092d61-cd5a-4801-9523-65b66ce806b0" executionId="83401a84-8601-4e62-9016-68cd8600dddb" testListId="6129aff4-3992-4cb3-bf94-804a2cdb0e10" />
    <TestEntry testId="002b431f-f15d-49bf-a26d-660af6e0c824" executionId="763d0d37-127d-4f52-abbd-29cb697116a4" testListId="6129aff4-3992-4cb3-bf94-804a2cdb0e10" />
    <TestEntry testId="d9fd4946-5d14-49e1-8967-917b8391330a" executionId="78851e9f-bd96-4a4c-b842-6ee770687160" testListId="6129aff4-3992-4cb3-bf94-804a2cdb0e10" />
    <TestEntry testId="cc0a2b03-8278-4614-8c72-273545efc887" executionId="b58b975a-c0b2-4699-b25b-eb7069f2ac8b" testListId="6129aff4-3992-4cb3-bf94-804a2cdb0e10" />
    <TestEntry testId="8ccff049-b324-43aa-a317-419bbfc37012" executionId="7e8bb3f0-7578-40f7-abe5-dcf582ea063f" testListId="6129aff4-3992-4cb3-bf94-804a2cdb0e10" />
    <TestEntry testId="ff4c206a-00f1-4f2f-a771-4095a70e077d" executionId="57141abe-4dd8-426e-8e3b-0d8d3e481037" testListId="6129aff4-3992-4cb3-bf94-804a2cdb0e10" />
    <TestEntry testId="e0c04260-09c1-4be6-96b7-17652822d4db" executionId="80bfd2a4-3d60-4f8d-a08c-10267c823f1c" testListId="6129aff4-3992-4cb3-bf94-804a2cdb0e10" />
    <TestEntry testId="407bb4cb-4c31-42c8-9bb8-a4d14ed0894f" executionId="8c2f90fd-6628-4060-98f4-de8382f581d0" testListId="6129aff4-3992-4cb3-bf94-804a2cdb0e10" />
    <TestEntry testId="2cf6c82e-b8d3-473c-beff-be0453769dd1" executionId="d6f5760b-9287-497e-9aa2-876085e5de6d" testListId="6129aff4-3992-4cb3-bf94-804a2cdb0e10" />
    <TestEntry testId="ddb9a1a1-e2ff-4d34-bb01-c55a3f4be95a" executionId="b2b84726-d22c-4137-aad3-e66ec66995fd" testListId="6129aff4-3992-4cb3-bf94-804a2cdb0e10" />
    <TestEntry testId="475c53e1-d149-45e1-a5bb-33b47839b6dd" executionId="dc5ddfb5-16ae-4237-b63c-683159ccc59e" testListId="6129aff4-3992-4cb3-bf94-804a2cdb0e10" />
    <TestEntry testId="4911a7c5-0fbc-4082-8d7d-856c5a796a98" executionId="f569f169-5257-430b-b9f7-10978d8237c0" testListId="6129aff4-3992-4cb3-bf94-804a2cdb0e10" />
    <TestEntry testId="aa17883a-669b-48af-8f83-b51206313a06" executionId="6a7bb8bd-abc5-474c-abdc-5c20477356fd" testListId="6129aff4-3992-4cb3-bf94-804a2cdb0e10" />
    <TestEntry testId="c22f6519-4705-4c0f-9b6f-884b77d0d38e" executionId="33683c00-6a1f-4d08-9cab-e96c2bdbef46" testListId="6129aff4-3992-4cb3-bf94-804a2cdb0e10" />
    <TestEntry testId="d4192888-3d8d-4ee4-b573-0b10d9f23dd2" executionId="c8fcc72d-0d07-49a1-8974-92e03843e8e7" testListId="6129aff4-3992-4cb3-bf94-804a2cdb0e10" />
    <TestEntry testId="b63d910d-1bee-43e6-b5f5-52609f4840cc" executionId="34393a3a-0550-4af1-b6e3-aec2b75d9464" testListId="6129aff4-3992-4cb3-bf94-804a2cdb0e10" />
    <TestEntry testId="e48aa65d-a2bd-4d49-a0f3-a9a00927353f" executionId="5ab98953-24d4-4569-9336-35690017c08d" testListId="6129aff4-3992-4cb3-bf94-804a2cdb0e10" />
    <TestEntry testId="eacc7445-fb00-4528-be6f-750b9416ca27" executionId="23879af6-b776-4b82-98e7-eaf3db047597" testListId="6129aff4-3992-4cb3-bf94-804a2cdb0e10" />
    <TestEntry testId="8fed9b52-94c3-4b6b-a4a5-1644acfbf639" executionId="2dec9cfa-acc8-4b68-9e46-7ba45a1574d2" testListId="6129aff4-3992-4cb3-bf94-804a2cdb0e10" />
    <TestEntry testId="f4386261-8750-407e-a966-283ea656edf9" executionId="189f35a6-7bb7-4ce8-8a05-9399e750d45e" testListId="6129aff4-3992-4cb3-bf94-804a2cdb0e10" />
    <TestEntry testId="80fcbb09-6797-48a6-9cef-28ea165b5594" executionId="9bbe11c6-d507-4332-a1c2-590b1a1148a8" testListId="6129aff4-3992-4cb3-bf94-804a2cdb0e10" />
    <TestEntry testId="b833b86a-473d-4114-bcb7-6481858af359" executionId="92443dae-e2d0-4aad-b946-c5c8db80766f" testListId="6129aff4-3992-4cb3-bf94-804a2cdb0e10" />
    <TestEntry testId="848c48a4-68e2-43fc-8596-c84e6829ee9c" executionId="b7ce5776-99f2-4ee5-9a14-43ddeb04451d" testListId="6129aff4-3992-4cb3-bf94-804a2cdb0e10" />
    <TestEntry testId="28ce7577-7c29-4172-8cdf-2127a7c6ee67" executionId="fc18adf7-7dad-4fc4-a0ba-0af314981388" testListId="6129aff4-3992-4cb3-bf94-804a2cdb0e10" />
    <TestEntry testId="f96a1b83-c61d-4c29-bc07-71fe74cf7a29" executionId="d738cd32-4ad9-4339-9cf8-3c483ceb6af8" testListId="6129aff4-3992-4cb3-bf94-804a2cdb0e10" />
    <TestEntry testId="bbefd67a-48ac-4d3b-8b51-26afd0d91bdf" executionId="ea112eda-33b7-48a4-8cfb-3e0c30afb264" testListId="6129aff4-3992-4cb3-bf94-804a2cdb0e10" />
    <TestEntry testId="4d5a2a9b-d12a-40d5-9af2-629d744f7c39" executionId="86845e00-955f-4d9a-af9f-b4a4ab4973e3" testListId="6129aff4-3992-4cb3-bf94-804a2cdb0e10" />
    <TestEntry testId="1ce04317-b919-4713-b018-decdbc806e88" executionId="07da56d6-557d-48ab-b3ed-34ce94a3c679" testListId="6129aff4-3992-4cb3-bf94-804a2cdb0e10" />
    <TestEntry testId="85910f9b-d0fe-4203-99e1-982a9350754a" executionId="7f4bb6cb-7c25-4bb1-9559-3fd67cf6f419" testListId="6129aff4-3992-4cb3-bf94-804a2cdb0e10" />
    <TestEntry testId="3680758c-ac4b-4c03-95d2-1a27c22901ad" executionId="dbdbe4f2-d5fb-463a-8f33-90020d95a694" testListId="6129aff4-3992-4cb3-bf94-804a2cdb0e10" />
    <TestEntry testId="33aadaf3-ebcb-43f1-b81c-1383548cd707" executionId="03dbfa19-f7ca-4b89-8fae-d69485fa9381" testListId="6129aff4-3992-4cb3-bf94-804a2cdb0e10" />
    <TestEntry testId="7d104a6a-0e8e-4f25-99b5-70af76a585d8" executionId="d137bffd-dd66-46c4-be60-9aae41aa08cd" testListId="6129aff4-3992-4cb3-bf94-804a2cdb0e10" />
    <TestEntry testId="e0898a84-4c82-4e47-8c10-c57f3b3868b7" executionId="574fcc97-db0a-49e7-ab46-6faa6d9930ad" testListId="6129aff4-3992-4cb3-bf94-804a2cdb0e10" />
    <TestEntry testId="4c11a182-b330-4650-9afa-a816b91cd176" executionId="48e7820b-5b8a-4300-aeb9-0ccf6a071025" testListId="6129aff4-3992-4cb3-bf94-804a2cdb0e10" />
    <TestEntry testId="26a86f10-4384-4de3-ae96-953d9712d515" executionId="ab7ec133-0384-40e7-a093-1deae2a98fdb" testListId="6129aff4-3992-4cb3-bf94-804a2cdb0e10" />
    <TestEntry testId="2c00b4c9-d0bd-4cb0-ae03-2d6cc24541c6" executionId="67956983-bcd0-4bc2-86b2-36de08f09fa2" testListId="6129aff4-3992-4cb3-bf94-804a2cdb0e10" />
    <TestEntry testId="fe0e2cdd-da1d-476c-bdb2-c4f4ad4fa56d" executionId="0ba450a7-80b2-4adb-8bc7-a85d0ae423d1" testListId="6129aff4-3992-4cb3-bf94-804a2cdb0e10" />
    <TestEntry testId="a03b14ae-c6fa-4ca2-b099-f10427c8d68c" executionId="a67d2b9b-72bb-42d7-9e78-7db679db5c9b" testListId="6129aff4-3992-4cb3-bf94-804a2cdb0e10" />
    <TestEntry testId="9ec22efe-759c-4a69-ba2e-4240acd333a2" executionId="8ae493cd-17b3-4b0c-8274-73a34a35c21f" testListId="6129aff4-3992-4cb3-bf94-804a2cdb0e10" />
    <TestEntry testId="eed891ad-ec4c-4f83-ba5f-9d565b7218bf" executionId="07a3f116-b446-40d8-bf04-161c1105d9a5" testListId="6129aff4-3992-4cb3-bf94-804a2cdb0e10" />
    <TestEntry testId="c04e4393-2bc0-44bd-95a3-69b11d6d20b9" executionId="b742ff84-e5c4-4d7d-9461-aa72ee27623d" testListId="6129aff4-3992-4cb3-bf94-804a2cdb0e10" />
    <TestEntry testId="995c9c96-f52c-4a2c-8e5d-a89aba858844" executionId="fe8a1136-f0f5-489a-b505-f6ea0b1a2fa0" testListId="6129aff4-3992-4cb3-bf94-804a2cdb0e10" />
    <TestEntry testId="2761f6eb-5bb8-49cd-886d-8494ea7d0795" executionId="3823e972-3de0-40ac-9313-359c2bac59a6" testListId="6129aff4-3992-4cb3-bf94-804a2cdb0e10" />
    <TestEntry testId="dfe7c069-5fb6-4698-8dfb-34f932239ced" executionId="7a480c40-c103-466d-a8c7-0ae90163f455" testListId="6129aff4-3992-4cb3-bf94-804a2cdb0e10" />
    <TestEntry testId="a3afb74b-f6f9-41ed-a4d2-570ba9ea9739" executionId="5fd380ff-d0c5-47a7-b570-ade0ecd60c72" testListId="6129aff4-3992-4cb3-bf94-804a2cdb0e10" />
    <TestEntry testId="473f03dd-8ff1-4b89-829a-43ab1acc70e2" executionId="62b3a829-8e55-4479-804e-0fb658b572c8" testListId="6129aff4-3992-4cb3-bf94-804a2cdb0e10" />
    <TestEntry testId="6560db38-af44-43c5-bd80-1789af799acb" executionId="978f4cbd-3870-4d84-8ba0-cf06345acee8" testListId="6129aff4-3992-4cb3-bf94-804a2cdb0e10" />
    <TestEntry testId="002f2088-80fe-48d8-a893-a15e7e5a78e8" executionId="9eb6a004-d8b1-401d-95f1-2f2d6b8c19bf" testListId="6129aff4-3992-4cb3-bf94-804a2cdb0e10" />
    <TestEntry testId="49292343-79a0-47d7-950e-61a9a716a167" executionId="9e9c8ffb-3913-42fd-b84f-e3081c875132" testListId="6129aff4-3992-4cb3-bf94-804a2cdb0e10" />
    <TestEntry testId="e18763ff-22b1-413c-b4c5-a7ac58cfd0e8" executionId="5c4bac28-d9c6-4d57-8c8e-44c08e91fd12" testListId="6129aff4-3992-4cb3-bf94-804a2cdb0e10" />
    <TestEntry testId="d4bbd12b-71c4-4edd-88fe-134889d1ef5e" executionId="3e45302a-9b6f-4755-89e7-327e3d2ac2f9" testListId="6129aff4-3992-4cb3-bf94-804a2cdb0e10" />
    <TestEntry testId="67345f43-0ec9-422f-9b5d-62ab54c7af43" executionId="8de0ae42-1d4d-4fcd-ada2-39e4372552c7" testListId="6129aff4-3992-4cb3-bf94-804a2cdb0e10" />
    <TestEntry testId="d905f8a8-26be-476b-b13a-b0ac7ce039df" executionId="e78c41fe-8621-47e9-99f1-ce5212734340" testListId="6129aff4-3992-4cb3-bf94-804a2cdb0e10" />
    <TestEntry testId="4f507ed5-39da-430b-9cc8-7f5133145fa4" executionId="c925c98f-c7f9-4e3d-b9ce-2a1074a18d7e" testListId="6129aff4-3992-4cb3-bf94-804a2cdb0e10" />
    <TestEntry testId="5562c715-2f6c-4282-beb3-2c3fd98b807c" executionId="7b4bb7c3-4277-4b87-9494-146570984031" testListId="6129aff4-3992-4cb3-bf94-804a2cdb0e10" />
    <TestEntry testId="7a0e9501-b297-427b-9d37-14e0392192aa" executionId="9ac7bf10-4855-44e7-9468-b2185103bc9e" testListId="6129aff4-3992-4cb3-bf94-804a2cdb0e10" />
    <TestEntry testId="167ed356-af0b-4243-b38a-570e397c7960" executionId="91b43353-7212-4740-a27b-38757ddd699c" testListId="6129aff4-3992-4cb3-bf94-804a2cdb0e10" />
    <TestEntry testId="c860fa70-7369-4866-bfa4-4a02941b8d69" executionId="4c67fadf-8642-4390-9dca-da369f719b52" testListId="6129aff4-3992-4cb3-bf94-804a2cdb0e10" />
    <TestEntry testId="2c675b95-81c6-4456-985a-46eb389904a1" executionId="a44912d2-9190-4970-a6df-ddbba7a924e2" testListId="6129aff4-3992-4cb3-bf94-804a2cdb0e10" />
    <TestEntry testId="a5dd2648-d0c0-453a-8fa3-353c7a7045d4" executionId="97285fbd-5399-40e8-8a43-3e4cb843ddc3" testListId="6129aff4-3992-4cb3-bf94-804a2cdb0e10" />
    <TestEntry testId="3429f734-dca9-4175-bce9-6a67beff9886" executionId="be94e9f1-3b67-46b8-b145-e20d38e6419b" testListId="6129aff4-3992-4cb3-bf94-804a2cdb0e10" />
    <TestEntry testId="a5ee01e6-53c6-4f79-8d8e-c9d977644579" executionId="42824e5f-270b-4fc4-8f06-1a1b6c3060c0" testListId="6129aff4-3992-4cb3-bf94-804a2cdb0e10" />
    <TestEntry testId="84592a41-f7b6-4549-bf44-a268df3ffe8b" executionId="c1d6474f-79b7-4523-a35b-4e16e065c043" testListId="6129aff4-3992-4cb3-bf94-804a2cdb0e10" />
    <TestEntry testId="84b0b357-9917-46a6-bd83-754503936ea4" executionId="29e8a545-3434-4d97-bd60-6a10a56fdf06" testListId="6129aff4-3992-4cb3-bf94-804a2cdb0e10" />
    <TestEntry testId="0aadd24e-e01c-4177-b8d8-8c6eaceedb30" executionId="8402288a-e791-47af-a47a-68150d421b20" testListId="6129aff4-3992-4cb3-bf94-804a2cdb0e10" />
    <TestEntry testId="88357ca0-6e0a-4a34-ae84-efe4b70130cd" executionId="9d268c0f-40d4-4b75-b977-c60861107098" testListId="6129aff4-3992-4cb3-bf94-804a2cdb0e10" />
    <TestEntry testId="ea692cc1-9866-4711-ab3f-ebaf2a7f628d" executionId="2eea896b-91f3-4b2e-958a-503fbd1533c4" testListId="6129aff4-3992-4cb3-bf94-804a2cdb0e10" />
    <TestEntry testId="357a9ad8-fd07-450d-9511-a2dbc810eff5" executionId="62086a3c-d375-466f-a3fb-bd4018e4d348" testListId="6129aff4-3992-4cb3-bf94-804a2cdb0e10" />
    <TestEntry testId="f86769bc-60a5-402d-9e0b-766012d2ff0a" executionId="4110e3b0-9bd3-4e90-91ff-f285da1e1eed" testListId="6129aff4-3992-4cb3-bf94-804a2cdb0e10" />
    <TestEntry testId="2b1cf5fe-b5eb-43bf-9688-adf2a8c57dcb" executionId="1d0933e1-1413-4102-8708-4dbc2a476502" testListId="6129aff4-3992-4cb3-bf94-804a2cdb0e10" />
    <TestEntry testId="76079481-a676-41f8-94e2-5936ff73c243" executionId="63890f03-0fdd-411d-a183-317b517e31eb" testListId="6129aff4-3992-4cb3-bf94-804a2cdb0e10" />
    <TestEntry testId="277fd58c-56d3-427c-bd04-440e2dfc8355" executionId="2b2e39e7-28de-427f-ad96-d4438d3c5b53" testListId="6129aff4-3992-4cb3-bf94-804a2cdb0e10" />
    <TestEntry testId="cabfa5f9-81ae-4c91-ac73-36c2e66de0c3" executionId="96bf352a-54b7-4d23-a7da-d3d61353f041" testListId="6129aff4-3992-4cb3-bf94-804a2cdb0e10" />
    <TestEntry testId="75f01bbf-c377-427e-be61-18607fae598b" executionId="2567fc2b-abfd-440c-a0d5-e355eabf6d00" testListId="6129aff4-3992-4cb3-bf94-804a2cdb0e10" />
    <TestEntry testId="45c3b5d8-77ac-4cbe-abd0-507a0c6a0a69" executionId="187a5df2-6db1-4db5-ac36-ef8c876939c8" testListId="6129aff4-3992-4cb3-bf94-804a2cdb0e10" />
    <TestEntry testId="a6daed79-c4de-4e61-aa68-0f73f47d43d5" executionId="97bf5f51-2e24-4242-a1aa-f4f4502cb6f4" testListId="6129aff4-3992-4cb3-bf94-804a2cdb0e10" />
    <TestEntry testId="3753be2a-c538-47a8-a507-81cbabbfa43a" executionId="a041d966-e374-415d-a4d5-f672c251c07f" testListId="6129aff4-3992-4cb3-bf94-804a2cdb0e10" />
    <TestEntry testId="6ac9cc9f-ce90-4f0a-81e2-d903497e4ebd" executionId="2a239a2a-fe6e-4fa9-92cd-da20d04747d8" testListId="6129aff4-3992-4cb3-bf94-804a2cdb0e10" />
    <TestEntry testId="b22f754b-988a-47ab-9c66-7194f9ec166a" executionId="cd097506-d67c-4143-94ef-6e558fe7e9f5" testListId="6129aff4-3992-4cb3-bf94-804a2cdb0e10" />
    <TestEntry testId="bc358715-2fb7-4ee4-bf0a-6ca9cd09bab2" executionId="e3579dad-204d-4b02-b0cd-370cc1ff65a8" testListId="6129aff4-3992-4cb3-bf94-804a2cdb0e10" />
    <TestEntry testId="47a18638-76ee-4ed6-8b03-eec45b1cf4e2" executionId="945ebfb5-de37-468f-ac24-68f2578daca1" testListId="6129aff4-3992-4cb3-bf94-804a2cdb0e10" />
    <TestEntry testId="08166beb-c870-423d-8899-fc0367943d93" executionId="7f7a9abf-05af-4657-8d84-cd9fe93c3a4d" testListId="6129aff4-3992-4cb3-bf94-804a2cdb0e10" />
    <TestEntry testId="db4ae937-6bcc-49b5-aa6e-afb6a7877eb2" executionId="b4278139-53ed-4868-ae76-9fb242429665" testListId="6129aff4-3992-4cb3-bf94-804a2cdb0e10" />
    <TestEntry testId="c677dcc0-21e9-48a3-9397-3d7ca0406f00" executionId="d3a3a880-e881-47f9-a989-386f0e4389bf" testListId="6129aff4-3992-4cb3-bf94-804a2cdb0e10" />
    <TestEntry testId="a1a409e9-559e-4fac-8ac2-1fce0adf984f" executionId="a5a6f2f9-ad8c-4765-b7d7-0d3941c21058" testListId="6129aff4-3992-4cb3-bf94-804a2cdb0e10" />
    <TestEntry testId="b93455bc-997e-4712-b423-86096c746cd9" executionId="c0428412-d382-4bf4-b73a-c9c6211dfc94" testListId="6129aff4-3992-4cb3-bf94-804a2cdb0e10" />
  </TestEntries>
  <TestLists>
    <TestList name="Results Not in a List" id="6129aff4-3992-4cb3-bf94-804a2cdb0e10" />
    <TestList name="All Loaded Results" id="04fc38b2-f174-415c-b59d-84f684dad4a1" />
  </TestLists>
</TestRun>