<?xml version="1.0" encoding="UTF-8"?>
<TestRun id="3418d358-7882-4769-a483-cfd9f92ceadd" name="Test Run 4" runUser="Oles Galatsan" xmlns="http://microsoft.com/schemas/VisualStudio/TeamTest/2010">
  <Times creation="2025-05-14T13:20:31.3125482Z" queuing="2025-05-14T13:20:31.3125482Z" start="2025-05-14T13:20:31.3146610Z" finish="2025-05-14T13:25:31.3147553Z" />
  <TestSettings name="Test Settings 4" id="4955f015-d866-4b76-88f2-b9d1b20b51bd" />
  <Results>
    <UnitTestResult executionId="8e08be2c-21fb-4cae-b332-0fb4f5a573ca" testId="548bb0af-e2a9-48b4-b831-5407ddd9d9e3" testName="Test301" computerName="UA-LPT-OGA2" duration="00:00:01.3110000" startTime="2025-05-14T13:20:31.3146610Z" endTime="2025-05-14T13:25:31.3147553Z" testType="13cdc9d9-ddb5-4fa4-a97d-d965ccfc6d4b" outcome="Passed" testListId="16d501c5-1433-4cdd-8647-6a81edcf5e97" />
    <UnitTestResult executionId="6c891c1c-8277-4168-9007-ecb3e24c9df2" testId="cdc64817-f846-4cd5-93bf-bec5e2eb1920" testName="Test302" computerName="UA-LPT-OGA2" duration="00:00:00.2550000" startTime="2025-05-14T13:20:31.3146610Z" endTime="2025-05-14T13:25:31.3147553Z" testType="13cdc9d9-ddb5-4fa4-a97d-d965ccfc6d4b" outcome="Passed" testListId="16d501c5-1433-4cdd-8647-6a81edcf5e97" />
    <UnitTestResult executionId="bf3b5ecc-ac65-45de-9c67-6d98674e2a25" testId="ae63eaba-9e77-4e5e-843a-a738c53ab5bd" testName="Test303" computerName="UA-LPT-OGA2" duration="00:00:01.4540000" startTime="2025-05-14T13:20:31.3146610Z" endTime="2025-05-14T13:25:31.3147553Z" testType="13cdc9d9-ddb5-4fa4-a97d-d965ccfc6d4b" outcome="Passed" testListId="16d501c5-1433-4cdd-8647-6a81edcf5e97" />
    <UnitTestResult executionId="d9ae46c8-1cb2-4723-bb9e-3b58c8a89ac7" testId="014d28ec-b4bd-4442-acd9-3f7ca8d2c200" testName="Test304" computerName="UA-LPT-OGA2" duration="00:00:01.3450000" startTime="2025-05-14T13:20:31.3146610Z" endTime="2025-05-14T13:25:31.3147553Z" testType="13cdc9d9-ddb5-4fa4-a97d-d965ccfc6d4b" outcome="Passed" testListId="16d501c5-1433-4cdd-8647-6a81edcf5e97" />
    <UnitTestResult executionId="22489e22-fc2a-47c6-8ebc-8ff9006a3dea" testId="4ab535dc-4ed0-4387-8441-bfbd04cc1f30" testName="Test305" computerName="UA-LPT-OGA2" duration="00:00:00.9320000" startTime="2025-05-14T13:20:31.3146610Z" endTime="2025-05-14T13:25:31.3147553Z" testType="13cdc9d9-ddb5-4fa4-a97d-d965ccfc6d4b" outcome="Passed" testListId="16d501c5-1433-4cdd-8647-6a81edcf5e97" />
    <UnitTestResult executionId="00a78c59-7733-4972-a99d-16f14ae33c34" testId="54549b59-2251-4350-814f-01d94d7062a7" testName="Test306" computerName="UA-LPT-OGA2" duration="00:00:01.5760000" startTime="2025-05-14T13:20:31.3146610Z" endTime="2025-05-14T13:25:31.3147553Z" testType="13cdc9d9-ddb5-4fa4-a97d-d965ccfc6d4b" outcome="Passed" testListId="16d501c5-1433-4cdd-8647-6a81edcf5e97" />
    <UnitTestResult executionId="8274013c-cb25-44bb-9d3c-604cda7fc13b" testId="5a318326-49b3-40d7-b482-36755e59cf73" testName="Test307" computerName="UA-LPT-OGA2" duration="00:00:01.4160000" startTime="2025-05-14T13:20:31.3146610Z" endTime="2025-05-14T13:25:31.3147553Z" testType="13cdc9d9-ddb5-4fa4-a97d-d965ccfc6d4b" outcome="Passed" testListId="16d501c5-1433-4cdd-8647-6a81edcf5e97" />
    <UnitTestResult executionId="46a5d734-6071-4f82-a68e-ebd8d2f8fce3" testId="e8c0c06e-2288-4abb-a1df-97121167bb95" testName="Test308" computerName="UA-LPT-OGA2" duration="00:00:01.0410000" startTime="2025-05-14T13:20:31.3146610Z" endTime="2025-05-14T13:25:31.3147553Z" testType="13cdc9d9-ddb5-4fa4-a97d-d965ccfc6d4b" outcome="Passed" testListId="16d501c5-1433-4cdd-8647-6a81edcf5e97" />
    <UnitTestResult executionId="6b0029d1-1445-4c01-981b-8c7d14e6416f" testId="d582056b-191d-4414-b0bf-6a8cb892baac" testName="Test309" computerName="UA-LPT-OGA2" duration="00:00:00.3090000" startTime="2025-05-14T13:20:31.3146610Z" endTime="2025-05-14T13:25:31.3147553Z" testType="13cdc9d9-ddb5-4fa4-a97d-d965ccfc6d4b" outcome="Passed" testListId="16d501c5-1433-4cdd-8647-6a81edcf5e97" />
    <UnitTestResult executionId="05ea29b5-9de6-4058-a756-fa6214a939f9" testId="9cfbeef6-05af-45ae-8ddb-0969beb90be7" testName="Test310" computerName="UA-LPT-OGA2" duration="00:00:00.8540000" startTime="2025-05-14T13:20:31.3146610Z" endTime="2025-05-14T13:25:31.3147553Z" testType="13cdc9d9-ddb5-4fa4-a97d-d965ccfc6d4b" outcome="Passed" testListId="16d501c5-1433-4cdd-8647-6a81edcf5e97" />
    <UnitTestResult executionId="f803d4c8-92dd-4090-8b33-fa89393cb423" testId="2809f467-ec02-4f27-b58a-9468373554be" testName="Test311" computerName="UA-LPT-OGA2" duration="00:00:01.4110000" startTime="2025-05-14T13:20:31.3146610Z" endTime="2025-05-14T13:25:31.3147553Z" testType="13cdc9d9-ddb5-4fa4-a97d-d965ccfc6d4b" outcome="Passed" testListId="16d501c5-1433-4cdd-8647-6a81edcf5e97" />
    <UnitTestResult executionId="dbcf7105-c865-4ea0-9bc9-687ed8cc90d3" testId="edae87f5-c1bc-4094-bbee-c13933668d0a" testName="Test312" computerName="UA-LPT-OGA2" duration="00:00:01.0010000" startTime="2025-05-14T13:20:31.3146610Z" endTime="2025-05-14T13:25:31.3147553Z" testType="13cdc9d9-ddb5-4fa4-a97d-d965ccfc6d4b" outcome="Passed" testListId="16d501c5-1433-4cdd-8647-6a81edcf5e97" />
    <UnitTestResult executionId="bfebbd76-6a97-49c8-95cb-5ef742de1a27" testId="eb3b2980-59d2-4819-affd-08354f8cda16" testName="Test313" computerName="UA-LPT-OGA2" duration="00:00:01.9490000" startTime="2025-05-14T13:20:31.3146610Z" endTime="2025-05-14T13:25:31.3147553Z" testType="13cdc9d9-ddb5-4fa4-a97d-d965ccfc6d4b" outcome="Passed" testListId="16d501c5-1433-4cdd-8647-6a81edcf5e97" />
    <UnitTestResult executionId="c712629e-ab3e-4a7d-8691-2f7f90c1d0a2" testId="8c455f62-4f30-4e24-af57-72d0b5f987ce" testName="Test314" computerName="UA-LPT-OGA2" duration="00:00:01.8280000" startTime="2025-05-14T13:20:31.3146610Z" endTime="2025-05-14T13:25:31.3147553Z" testType="13cdc9d9-ddb5-4fa4-a97d-d965ccfc6d4b" outcome="Passed" testListId="16d501c5-1433-4cdd-8647-6a81edcf5e97" />
    <UnitTestResult executionId="8ba6aca8-14a9-4c55-b3e6-df0a7f6ce3c1" testId="ba637c05-24b4-4c67-8e25-752d489de372" testName="Test315" computerName="UA-LPT-OGA2" duration="00:00:00.3720000" startTime="2025-05-14T13:20:31.3146610Z" endTime="2025-05-14T13:25:31.3147553Z" testType="13cdc9d9-ddb5-4fa4-a97d-d965ccfc6d4b" outcome="Passed" testListId="16d501c5-1433-4cdd-8647-6a81edcf5e97" />
    <UnitTestResult executionId="a610f002-be99-409a-9fe3-89fbd8f82749" testId="6ed2fb6d-c5fd-43e4-bc9a-7571fae81efd" testName="Test316" computerName="UA-LPT-OGA2" duration="00:00:01.8230000" startTime="2025-05-14T13:20:31.3146610Z" endTime="2025-05-14T13:25:31.3147553Z" testType="13cdc9d9-ddb5-4fa4-a97d-d965ccfc6d4b" outcome="Passed" testListId="16d501c5-1433-4cdd-8647-6a81edcf5e97" />
    <UnitTestResult executionId="cc47e9d5-04a3-4a35-a3dc-b3be6ff443eb" testId="1ab684fa-4fca-4dda-ad95-0c6fb741a480" testName="Test317" computerName="UA-LPT-OGA2" duration="00:00:01.3860000" startTime="2025-05-14T13:20:31.3146610Z" endTime="2025-05-14T13:25:31.3147553Z" testType="13cdc9d9-ddb5-4fa4-a97d-d965ccfc6d4b" outcome="Passed" testListId="16d501c5-1433-4cdd-8647-6a81edcf5e97" />
    <UnitTestResult executionId="f2bc0e5e-aa6d-4676-b60e-4caffab7cf5e" testId="bf4ac108-80b8-4c0c-963f-17da656e5001" testName="Test318" computerName="UA-LPT-OGA2" duration="00:00:01.5070000" startTime="2025-05-14T13:20:31.3146610Z" endTime="2025-05-14T13:25:31.3147553Z" testType="13cdc9d9-ddb5-4fa4-a97d-d965ccfc6d4b" outcome="Passed" testListId="16d501c5-1433-4cdd-8647-6a81edcf5e97" />
    <UnitTestResult executionId="9d308ad3-4dca-45d1-a5ac-486541624860" testId="5ceddf72-7fac-4d17-9e5a-0723ca841585" testName="Test319" computerName="UA-LPT-OGA2" duration="00:00:01.5450000" startTime="2025-05-14T13:20:31.3146610Z" endTime="2025-05-14T13:25:31.3147553Z" testType="13cdc9d9-ddb5-4fa4-a97d-d965ccfc6d4b" outcome="Passed" testListId="16d501c5-1433-4cdd-8647-6a81edcf5e97" />
    <UnitTestResult executionId="fa5d61cb-8deb-49c1-90c7-88f11dad90ac" testId="5971f3ab-2074-4982-9569-9a92d17f76e8" testName="Test320" computerName="UA-LPT-OGA2" duration="00:00:00.4410000" startTime="2025-05-14T13:20:31.3146610Z" endTime="2025-05-14T13:25:31.3147553Z" testType="13cdc9d9-ddb5-4fa4-a97d-d965ccfc6d4b" outcome="Passed" testListId="16d501c5-1433-4cdd-8647-6a81edcf5e97" />
    <UnitTestResult executionId="d298dcf0-54bd-4cfa-8089-3bee1b8ec134" testId="9393dbbf-c396-46bc-bbd9-fd50fae1c973" testName="Test321" computerName="UA-LPT-OGA2" duration="00:00:01.7100000" startTime="2025-05-14T13:20:31.3146610Z" endTime="2025-05-14T13:25:31.3147553Z" testType="13cdc9d9-ddb5-4fa4-a97d-d965ccfc6d4b" outcome="Passed" testListId="16d501c5-1433-4cdd-8647-6a81edcf5e97" />
    <UnitTestResult executionId="4e52eef3-00e2-47ab-8f45-05fc78bd9039" testId="c11fcfcb-e39e-4cfb-bb0f-3f356d87f3a7" testName="Test322" computerName="UA-LPT-OGA2" duration="00:00:01.6180000" startTime="2025-05-14T13:20:31.3146610Z" endTime="2025-05-14T13:25:31.3147553Z" testType="13cdc9d9-ddb5-4fa4-a97d-d965ccfc6d4b" outcome="Passed" testListId="16d501c5-1433-4cdd-8647-6a81edcf5e97" />
    <UnitTestResult executionId="8e198c08-c2e6-44c9-aa64-d83b06ac1b3d" testId="1af1e6aa-d12f-4ab9-be1c-d0f22e6d6758" testName="Test323" computerName="UA-LPT-OGA2" duration="00:00:00.9150000" startTime="2025-05-14T13:20:31.3146610Z" endTime="2025-05-14T13:25:31.3147553Z" testType="13cdc9d9-ddb5-4fa4-a97d-d965ccfc6d4b" outcome="Passed" testListId="16d501c5-1433-4cdd-8647-6a81edcf5e97" />
    <UnitTestResult executionId="7ce782df-10ef-4218-8188-cb8bdae6f92c" testId="019d9b4a-b6cc-435b-b2df-d51ceb4c2aa6" testName="Test324" computerName="UA-LPT-OGA2" duration="00:00:00.7380000" startTime="2025-05-14T13:20:31.3146610Z" endTime="2025-05-14T13:25:31.3147553Z" testType="13cdc9d9-ddb5-4fa4-a97d-d965ccfc6d4b" outcome="Passed" testListId="16d501c5-1433-4cdd-8647-6a81edcf5e97" />
    <UnitTestResult executionId="94554483-4121-49c7-8eba-45b833ca7681" testId="f6b8cce4-bfe3-4379-b8b7-6f50273d3ba8" testName="Test325" computerName="UA-LPT-OGA2" duration="00:00:01.2520000" startTime="2025-05-14T13:20:31.3146610Z" endTime="2025-05-14T13:25:31.3147553Z" testType="13cdc9d9-ddb5-4fa4-a97d-d965ccfc6d4b" outcome="Passed" testListId="16d501c5-1433-4cdd-8647-6a81edcf5e97" />
    <UnitTestResult executionId="4b27da1b-e911-411b-b7cb-1b24ba658a23" testId="c602a06c-63b5-41f2-9466-29ac2c3a6938" testName="Test326" computerName="UA-LPT-OGA2" duration="00:00:01.9040000" startTime="2025-05-14T13:20:31.3146610Z" endTime="2025-05-14T13:25:31.3147553Z" testType="13cdc9d9-ddb5-4fa4-a97d-d965ccfc6d4b" outcome="Passed" testListId="16d501c5-1433-4cdd-8647-6a81edcf5e97" />
    <UnitTestResult executionId="c6fc4e1e-d3f3-40eb-84b7-64bff99fca0f" testId="7d815de7-dd51-4e51-8300-9d99201c2c34" testName="Test327" computerName="UA-LPT-OGA2" duration="00:00:01.7280000" startTime="2025-05-14T13:20:31.3146610Z" endTime="2025-05-14T13:25:31.3147553Z" testType="13cdc9d9-ddb5-4fa4-a97d-d965ccfc6d4b" outcome="Passed" testListId="16d501c5-1433-4cdd-8647-6a81edcf5e97" />
    <UnitTestResult executionId="5a7aeec6-42cb-4d98-9080-2a0604013a65" testId="e349af78-988b-4b2b-8393-8a7f47840e2f" testName="Test328" computerName="UA-LPT-OGA2" duration="00:00:00.9500000" startTime="2025-05-14T13:20:31.3146610Z" endTime="2025-05-14T13:25:31.3147553Z" testType="13cdc9d9-ddb5-4fa4-a97d-d965ccfc6d4b" outcome="Failed" testListId="16d501c5-1433-4cdd-8647-6a81edcf5e97">
      <Output>
        <ErrorInfo>
          <Message>Assertion failed: Expected value did not match actual value.</Message>
          <StackTrace>   at TestNamespace.TestClass.Test() in TestClass.cs:line 254</StackTrace>
        </ErrorInfo>
      </Output>
    </UnitTestResult>
    <UnitTestResult executionId="97e1deb4-a7cd-484b-a511-066c2d9c0b5c" testId="7e083d8a-5d37-43bb-8712-83db12e548c0" testName="Test329" computerName="UA-LPT-OGA2" duration="00:00:01.1190000" startTime="2025-05-14T13:20:31.3146610Z" endTime="2025-05-14T13:25:31.3147553Z" testType="13cdc9d9-ddb5-4fa4-a97d-d965ccfc6d4b" outcome="Passed" testListId="16d501c5-1433-4cdd-8647-6a81edcf5e97" />
    <UnitTestResult executionId="5379e4af-4208-4bc0-864b-8c61384c5205" testId="b9df4196-2566-4ea8-a0ae-ce7368adc3b4" testName="Test330" computerName="UA-LPT-OGA2" duration="00:00:00.6080000" startTime="2025-05-14T13:20:31.3146610Z" endTime="2025-05-14T13:25:31.3147553Z" testType="13cdc9d9-ddb5-4fa4-a97d-d965ccfc6d4b" outcome="Passed" testListId="16d501c5-1433-4cdd-8647-6a81edcf5e97" />
    <UnitTestResult executionId="8590f2a6-c872-4bef-a272-79af2cd95ef1" testId="13029ec4-6876-4f1f-abf8-eca6323c4fe1" testName="Test331" computerName="UA-LPT-OGA2" duration="00:00:00.3420000" startTime="2025-05-14T13:20:31.3146610Z" endTime="2025-05-14T13:25:31.3147553Z" testType="13cdc9d9-ddb5-4fa4-a97d-d965ccfc6d4b" outcome="Passed" testListId="16d501c5-1433-4cdd-8647-6a81edcf5e97" />
    <UnitTestResult executionId="d4e352c3-cf00-4eed-93eb-0cf61d56c4d3" testId="29429bac-40ec-4154-a007-eec307b24eb3" testName="Test332" computerName="UA-LPT-OGA2" duration="00:00:01.2790000" startTime="2025-05-14T13:20:31.3146610Z" endTime="2025-05-14T13:25:31.3147553Z" testType="13cdc9d9-ddb5-4fa4-a97d-d965ccfc6d4b" outcome="Passed" testListId="16d501c5-1433-4cdd-8647-6a81edcf5e97" />
    <UnitTestResult executionId="5740ecdb-8ce6-41e3-9693-70a8bc9d9929" testId="a599b7c6-d151-49cb-8fe0-940f825984db" testName="Test333" computerName="UA-LPT-OGA2" duration="00:00:01.0070000" startTime="2025-05-14T13:20:31.3146610Z" endTime="2025-05-14T13:25:31.3147553Z" testType="13cdc9d9-ddb5-4fa4-a97d-d965ccfc6d4b" outcome="Passed" testListId="16d501c5-1433-4cdd-8647-6a81edcf5e97" />
    <UnitTestResult executionId="7fa4ff34-4b33-483f-866e-876d068107da" testId="a1a7d00d-bd7d-4df8-a262-2f588aae81e2" testName="Test334" computerName="UA-LPT-OGA2" duration="00:00:00.9900000" startTime="2025-05-14T13:20:31.3146610Z" endTime="2025-05-14T13:25:31.3147553Z" testType="13cdc9d9-ddb5-4fa4-a97d-d965ccfc6d4b" outcome="Passed" testListId="16d501c5-1433-4cdd-8647-6a81edcf5e97" />
    <UnitTestResult executionId="cf87606c-0da3-403a-a006-038e3dd12a4c" testId="ecb54d6c-029a-4176-95f8-5180d29c7edc" testName="Test335" computerName="UA-LPT-OGA2" duration="00:00:01.2120000" startTime="2025-05-14T13:20:31.3146610Z" endTime="2025-05-14T13:25:31.3147553Z" testType="13cdc9d9-ddb5-4fa4-a97d-d965ccfc6d4b" outcome="Failed" testListId="16d501c5-1433-4cdd-8647-6a81edcf5e97">
      <Output>
        <ErrorInfo>
          <Message>Assertion failed: Expected value did not match actual value.</Message>
          <StackTrace>   at TestNamespace.TestClass.Test() in TestClass.cs:line 131</StackTrace>
        </ErrorInfo>
      </Output>
    </UnitTestResult>
    <UnitTestResult executionId="2e82b1a2-e73b-4629-831c-b275dd4b8a53" testId="f2338981-4c44-4a82-b98b-d7dce66df0c4" testName="Test336" computerName="UA-LPT-OGA2" duration="00:00:00.6490000" startTime="2025-05-14T13:20:31.3146610Z" endTime="2025-05-14T13:25:31.3147553Z" testType="13cdc9d9-ddb5-4fa4-a97d-d965ccfc6d4b" outcome="Passed" testListId="16d501c5-1433-4cdd-8647-6a81edcf5e97" />
    <UnitTestResult executionId="05db86fc-dd82-45d7-8525-cb319fa646f2" testId="0e46e452-1ce5-4096-a45d-743f83b238a6" testName="Test337" computerName="UA-LPT-OGA2" duration="00:00:01.0170000" startTime="2025-05-14T13:20:31.3146610Z" endTime="2025-05-14T13:25:31.3147553Z" testType="13cdc9d9-ddb5-4fa4-a97d-d965ccfc6d4b" outcome="Passed" testListId="16d501c5-1433-4cdd-8647-6a81edcf5e97" />
    <UnitTestResult executionId="eb99be40-38fa-4ec7-8318-9fdc9f89af5d" testId="a5d3d2fc-1bf8-4389-9446-fd21e2c0072b" testName="Test338" computerName="UA-LPT-OGA2" duration="00:00:00.8480000" startTime="2025-05-14T13:20:31.3146610Z" endTime="2025-05-14T13:25:31.3147553Z" testType="13cdc9d9-ddb5-4fa4-a97d-d965ccfc6d4b" outcome="Passed" testListId="16d501c5-1433-4cdd-8647-6a81edcf5e97" />
    <UnitTestResult executionId="a6470289-05ab-409b-a6a8-6885025cf89a" testId="5770f6ac-6776-40dd-9179-701b7050c3e8" testName="Test339" computerName="UA-LPT-OGA2" duration="00:00:01.6450000" startTime="2025-05-14T13:20:31.3146610Z" endTime="2025-05-14T13:25:31.3147553Z" testType="13cdc9d9-ddb5-4fa4-a97d-d965ccfc6d4b" outcome="Passed" testListId="16d501c5-1433-4cdd-8647-6a81edcf5e97" />
    <UnitTestResult executionId="927b46a8-f720-4bcf-8397-d6014471cb54" testId="8c0bdb40-bbb1-480e-81ca-01e7ef98d410" testName="Test340" computerName="UA-LPT-OGA2" duration="00:00:01.6140000" startTime="2025-05-14T13:20:31.3146610Z" endTime="2025-05-14T13:25:31.3147553Z" testType="13cdc9d9-ddb5-4fa4-a97d-d965ccfc6d4b" outcome="Passed" testListId="16d501c5-1433-4cdd-8647-6a81edcf5e97" />
    <UnitTestResult executionId="76ead441-ba16-4135-9701-3cf9e1f5425d" testId="7b885e62-1b7e-45f3-8085-a12b605e2faf" testName="Test341" computerName="UA-LPT-OGA2" duration="00:00:01.3060000" startTime="2025-05-14T13:20:31.3146610Z" endTime="2025-05-14T13:25:31.3147553Z" testType="13cdc9d9-ddb5-4fa4-a97d-d965ccfc6d4b" outcome="Passed" testListId="16d501c5-1433-4cdd-8647-6a81edcf5e97" />
    <UnitTestResult executionId="5d9e6173-3d2e-4a29-bdf5-c7d4667c1dfa" testId="037694fb-a718-4622-b08d-1338cf6a2257" testName="Test342" computerName="UA-LPT-OGA2" duration="00:00:00.9450000" startTime="2025-05-14T13:20:31.3146610Z" endTime="2025-05-14T13:25:31.3147553Z" testType="13cdc9d9-ddb5-4fa4-a97d-d965ccfc6d4b" outcome="Failed" testListId="16d501c5-1433-4cdd-8647-6a81edcf5e97">
      <Output>
        <ErrorInfo>
          <Message>Assertion failed: Expected value did not match actual value.</Message>
          <StackTrace>   at TestNamespace.TestClass.Test() in TestClass.cs:line 370</StackTrace>
        </ErrorInfo>
      </Output>
    </UnitTestResult>
    <UnitTestResult executionId="53f7c258-600b-48f3-ba8d-360dbd1f8fa1" testId="d03944f1-046d-4e3d-be18-89584498a35e" testName="Test343" computerName="UA-LPT-OGA2" duration="00:00:00.4170000" startTime="2025-05-14T13:20:31.3146610Z" endTime="2025-05-14T13:25:31.3147553Z" testType="13cdc9d9-ddb5-4fa4-a97d-d965ccfc6d4b" outcome="Passed" testListId="16d501c5-1433-4cdd-8647-6a81edcf5e97" />
    <UnitTestResult executionId="d432b702-f7e6-47e5-98d9-755b86553ccd" testId="cd16b166-a547-4d1e-b569-90dd193d041b" testName="Test344" computerName="UA-LPT-OGA2" duration="00:00:00.1050000" startTime="2025-05-14T13:20:31.3146610Z" endTime="2025-05-14T13:25:31.3147553Z" testType="13cdc9d9-ddb5-4fa4-a97d-d965ccfc6d4b" outcome="Passed" testListId="16d501c5-1433-4cdd-8647-6a81edcf5e97" />
    <UnitTestResult executionId="0afc890d-bcf6-464e-b190-3c219843523b" testId="27bffb75-e477-435d-af8b-fc5088866504" testName="Test345" computerName="UA-LPT-OGA2" duration="00:00:01.1210000" startTime="2025-05-14T13:20:31.3146610Z" endTime="2025-05-14T13:25:31.3147553Z" testType="13cdc9d9-ddb5-4fa4-a97d-d965ccfc6d4b" outcome="Passed" testListId="16d501c5-1433-4cdd-8647-6a81edcf5e97" />
    <UnitTestResult executionId="08987cb2-4037-48e0-a2a0-3e4b31dc73a5" testId="7fce1d83-98f3-48bf-87e1-56a599346e2d" testName="Test346" computerName="UA-LPT-OGA2" duration="00:00:01.4080000" startTime="2025-05-14T13:20:31.3146610Z" endTime="2025-05-14T13:25:31.3147553Z" testType="13cdc9d9-ddb5-4fa4-a97d-d965ccfc6d4b" outcome="Passed" testListId="16d501c5-1433-4cdd-8647-6a81edcf5e97" />
    <UnitTestResult executionId="ac1fc2cf-d728-447c-9da6-4d76113bb9ee" testId="6b1e38dc-2cba-418e-b5d5-cfcde405ec90" testName="Test347" computerName="UA-LPT-OGA2" duration="00:00:00.0260000" startTime="2025-05-14T13:20:31.3146610Z" endTime="2025-05-14T13:25:31.3147553Z" testType="13cdc9d9-ddb5-4fa4-a97d-d965ccfc6d4b" outcome="Passed" testListId="16d501c5-1433-4cdd-8647-6a81edcf5e97" />
    <UnitTestResult executionId="0128f296-805d-4b6c-961b-4b08a42903b8" testId="4a295408-b6a7-43c7-8cb2-9d5b84c27605" testName="Test348" computerName="UA-LPT-OGA2" duration="00:00:01.8110000" startTime="2025-05-14T13:20:31.3146610Z" endTime="2025-05-14T13:25:31.3147553Z" testType="13cdc9d9-ddb5-4fa4-a97d-d965ccfc6d4b" outcome="Passed" testListId="16d501c5-1433-4cdd-8647-6a81edcf5e97" />
    <UnitTestResult executionId="5eefbb05-aaee-463e-812f-24188a0acc57" testId="543c10c6-6070-4b0a-96f7-4c115fc788af" testName="Test349" computerName="UA-LPT-OGA2" duration="00:00:00.7920000" startTime="2025-05-14T13:20:31.3146610Z" endTime="2025-05-14T13:25:31.3147553Z" testType="13cdc9d9-ddb5-4fa4-a97d-d965ccfc6d4b" outcome="Passed" testListId="16d501c5-1433-4cdd-8647-6a81edcf5e97" />
    <UnitTestResult executionId="765c7fd1-ec70-4fb0-ae0d-df1068867c50" testId="53745807-86d2-4c83-a607-3ee3f0b2c2df" testName="Test350" computerName="UA-LPT-OGA2" duration="00:00:00.8040000" startTime="2025-05-14T13:20:31.3146610Z" endTime="2025-05-14T13:25:31.3147553Z" testType="13cdc9d9-ddb5-4fa4-a97d-d965ccfc6d4b" outcome="Passed" testListId="16d501c5-1433-4cdd-8647-6a81edcf5e97" />
    <UnitTestResult executionId="173b3502-af1d-4df7-8bcd-d11d78da6c81" testId="cb8a1b27-7484-4ae2-aaff-3892a8a147a7" testName="Test351" computerName="UA-LPT-OGA2" duration="00:00:00.3700000" startTime="2025-05-14T13:20:31.3146610Z" endTime="2025-05-14T13:25:31.3147553Z" testType="13cdc9d9-ddb5-4fa4-a97d-d965ccfc6d4b" outcome="Passed" testListId="16d501c5-1433-4cdd-8647-6a81edcf5e97" />
    <UnitTestResult executionId="69ca5641-8d2a-414b-a751-3a32b6af6dd2" testId="e74887a4-8971-40db-918b-9dde53b22e5a" testName="Test352" computerName="UA-LPT-OGA2" duration="00:00:00.5020000" startTime="2025-05-14T13:20:31.3146610Z" endTime="2025-05-14T13:25:31.3147553Z" testType="13cdc9d9-ddb5-4fa4-a97d-d965ccfc6d4b" outcome="Passed" testListId="16d501c5-1433-4cdd-8647-6a81edcf5e97" />
    <UnitTestResult executionId="ee0ba7c1-134f-4013-a3f4-47935ad10e57" testId="f06cc85c-fa15-470c-9d2c-7764b9c8ee40" testName="Test353" computerName="UA-LPT-OGA2" duration="00:00:00.0470000" startTime="2025-05-14T13:20:31.3146610Z" endTime="2025-05-14T13:25:31.3147553Z" testType="13cdc9d9-ddb5-4fa4-a97d-d965ccfc6d4b" outcome="Passed" testListId="16d501c5-1433-4cdd-8647-6a81edcf5e97" />
    <UnitTestResult executionId="98e1341e-f2c8-4516-8cbe-b01cf99006b7" testId="c42cd2c0-5e3f-46c9-8083-9b48f642bca8" testName="Test354" computerName="UA-LPT-OGA2" duration="00:00:01.8430000" startTime="2025-05-14T13:20:31.3146610Z" endTime="2025-05-14T13:25:31.3147553Z" testType="13cdc9d9-ddb5-4fa4-a97d-d965ccfc6d4b" outcome="Passed" testListId="16d501c5-1433-4cdd-8647-6a81edcf5e97" />
    <UnitTestResult executionId="8f82a06b-029d-4a63-89fa-b51f62c7aaa8" testId="9022f8cc-0e0d-4fe6-ba00-62f0bf311756" testName="Test355" computerName="UA-LPT-OGA2" duration="00:00:01.9420000" startTime="2025-05-14T13:20:31.3146610Z" endTime="2025-05-14T13:25:31.3147553Z" testType="13cdc9d9-ddb5-4fa4-a97d-d965ccfc6d4b" outcome="Passed" testListId="16d501c5-1433-4cdd-8647-6a81edcf5e97" />
    <UnitTestResult executionId="2f9304c0-4fa1-4391-9e32-442d205c8e7e" testId="73738037-fdce-4718-a82c-cc22b408da45" testName="Test356" computerName="UA-LPT-OGA2" duration="00:00:00.4110000" startTime="2025-05-14T13:20:31.3146610Z" endTime="2025-05-14T13:25:31.3147553Z" testType="13cdc9d9-ddb5-4fa4-a97d-d965ccfc6d4b" outcome="Failed" testListId="16d501c5-1433-4cdd-8647-6a81edcf5e97">
      <Output>
        <ErrorInfo>
          <Message>Assertion failed: Expected value did not match actual value.</Message>
          <StackTrace>   at TestNamespace.TestClass.Test() in TestClass.cs:line 280</StackTrace>
        </ErrorInfo>
      </Output>
    </UnitTestResult>
    <UnitTestResult executionId="b6051f32-b59b-4076-9dec-3d185a7a6104" testId="3d87f172-31ed-47a5-9e16-710d914808e2" testName="Test357" computerName="UA-LPT-OGA2" duration="00:00:01.2120000" startTime="2025-05-14T13:20:31.3146610Z" endTime="2025-05-14T13:25:31.3147553Z" testType="13cdc9d9-ddb5-4fa4-a97d-d965ccfc6d4b" outcome="Passed" testListId="16d501c5-1433-4cdd-8647-6a81edcf5e97" />
    <UnitTestResult executionId="c4114123-1563-42c0-812d-972f80c07f0b" testId="62e13a03-fae5-45f6-baaa-f30065301c9e" testName="Test358" computerName="UA-LPT-OGA2" duration="00:00:00.4950000" startTime="2025-05-14T13:20:31.3146610Z" endTime="2025-05-14T13:25:31.3147553Z" testType="13cdc9d9-ddb5-4fa4-a97d-d965ccfc6d4b" outcome="Passed" testListId="16d501c5-1433-4cdd-8647-6a81edcf5e97" />
    <UnitTestResult executionId="5db80b83-44a6-47e4-a923-e6dd176abad9" testId="29adbcbb-cd1f-4954-bfe4-68746c2f79f8" testName="Test359" computerName="UA-LPT-OGA2" duration="00:00:01.8530000" startTime="2025-05-14T13:20:31.3146610Z" endTime="2025-05-14T13:25:31.3147553Z" testType="13cdc9d9-ddb5-4fa4-a97d-d965ccfc6d4b" outcome="Passed" testListId="16d501c5-1433-4cdd-8647-6a81edcf5e97" />
    <UnitTestResult executionId="70a8d01a-5ba7-4493-887b-0c4d2c5079fe" testId="82f44723-efbf-4cd2-a566-7df7f4760939" testName="Test360" computerName="UA-LPT-OGA2" duration="00:00:00.2440000" startTime="2025-05-14T13:20:31.3146610Z" endTime="2025-05-14T13:25:31.3147553Z" testType="13cdc9d9-ddb5-4fa4-a97d-d965ccfc6d4b" outcome="Passed" testListId="16d501c5-1433-4cdd-8647-6a81edcf5e97" />
    <UnitTestResult executionId="1bf1c1da-e472-4c73-a1b5-fe801f172fc6" testId="d5a02552-b07b-4045-ae98-77681c7e424b" testName="Test361" computerName="UA-LPT-OGA2" duration="00:00:01.9710000" startTime="2025-05-14T13:20:31.3146610Z" endTime="2025-05-14T13:25:31.3147553Z" testType="13cdc9d9-ddb5-4fa4-a97d-d965ccfc6d4b" outcome="Passed" testListId="16d501c5-1433-4cdd-8647-6a81edcf5e97" />
    <UnitTestResult executionId="30345233-e7b3-4f08-b999-a9aca9bf54b1" testId="c109d511-194d-48e3-9d6f-38f862db8cd7" testName="Test362" computerName="UA-LPT-OGA2" duration="00:00:00.2690000" startTime="2025-05-14T13:20:31.3146610Z" endTime="2025-05-14T13:25:31.3147553Z" testType="13cdc9d9-ddb5-4fa4-a97d-d965ccfc6d4b" outcome="Passed" testListId="16d501c5-1433-4cdd-8647-6a81edcf5e97" />
    <UnitTestResult executionId="9bf1a54b-8883-4b16-9559-2f22bd1db949" testId="62c915c1-5244-4baa-8e7c-618a3c2dae01" testName="Test363" computerName="UA-LPT-OGA2" duration="00:00:01.6300000" startTime="2025-05-14T13:20:31.3146610Z" endTime="2025-05-14T13:25:31.3147553Z" testType="13cdc9d9-ddb5-4fa4-a97d-d965ccfc6d4b" outcome="Passed" testListId="16d501c5-1433-4cdd-8647-6a81edcf5e97" />
    <UnitTestResult executionId="d2c231aa-32cd-4933-b7cb-460cc6ecd37b" testId="d1d5d252-eab2-4d97-85f0-3ad06e209657" testName="Test364" computerName="UA-LPT-OGA2" duration="00:00:01.8990000" startTime="2025-05-14T13:20:31.3146610Z" endTime="2025-05-14T13:25:31.3147553Z" testType="13cdc9d9-ddb5-4fa4-a97d-d965ccfc6d4b" outcome="Passed" testListId="16d501c5-1433-4cdd-8647-6a81edcf5e97" />
    <UnitTestResult executionId="9332dee8-6cf9-430c-8d2c-1ef8fa08dc66" testId="b30cf722-710e-4952-9e5e-4f960ff9e711" testName="Test365" computerName="UA-LPT-OGA2" duration="00:00:00.0180000" startTime="2025-05-14T13:20:31.3146610Z" endTime="2025-05-14T13:25:31.3147553Z" testType="13cdc9d9-ddb5-4fa4-a97d-d965ccfc6d4b" outcome="Passed" testListId="16d501c5-1433-4cdd-8647-6a81edcf5e97" />
    <UnitTestResult executionId="3219b6db-955d-4afa-a981-f58fa4cb978a" testId="dd87125e-cfe1-4a22-9ad7-ab345ec9f6a1" testName="Test366" computerName="UA-LPT-OGA2" duration="00:00:01.2980000" startTime="2025-05-14T13:20:31.3146610Z" endTime="2025-05-14T13:25:31.3147553Z" testType="13cdc9d9-ddb5-4fa4-a97d-d965ccfc6d4b" outcome="Passed" testListId="16d501c5-1433-4cdd-8647-6a81edcf5e97" />
    <UnitTestResult executionId="d0f910f0-17d1-4e27-8f8d-00f969c2a89c" testId="47d14ba1-e426-43d1-81fd-fd1957eb9e64" testName="Test367" computerName="UA-LPT-OGA2" duration="00:00:00.0230000" startTime="2025-05-14T13:20:31.3146610Z" endTime="2025-05-14T13:25:31.3147553Z" testType="13cdc9d9-ddb5-4fa4-a97d-d965ccfc6d4b" outcome="Passed" testListId="16d501c5-1433-4cdd-8647-6a81edcf5e97" />
    <UnitTestResult executionId="6141f9be-cc44-40d6-a494-2e238070bb66" testId="56c9c514-c9be-4108-986f-5e233ec13eba" testName="Test368" computerName="UA-LPT-OGA2" duration="00:00:01.3400000" startTime="2025-05-14T13:20:31.3146610Z" endTime="2025-05-14T13:25:31.3147553Z" testType="13cdc9d9-ddb5-4fa4-a97d-d965ccfc6d4b" outcome="Passed" testListId="16d501c5-1433-4cdd-8647-6a81edcf5e97" />
    <UnitTestResult executionId="4a7aecf9-10e5-498f-b33f-f6519436663d" testId="ec7d9739-7992-44f3-8765-690b9ba77f64" testName="Test369" computerName="UA-LPT-OGA2" duration="00:00:01.0860000" startTime="2025-05-14T13:20:31.3146610Z" endTime="2025-05-14T13:25:31.3147553Z" testType="13cdc9d9-ddb5-4fa4-a97d-d965ccfc6d4b" outcome="Passed" testListId="16d501c5-1433-4cdd-8647-6a81edcf5e97" />
    <UnitTestResult executionId="27733680-7044-4cc2-b65a-f2550421e78b" testId="9161556e-299c-45f6-9fb3-fdf302af5816" testName="Test370" computerName="UA-LPT-OGA2" duration="00:00:00.2750000" startTime="2025-05-14T13:20:31.3146610Z" endTime="2025-05-14T13:25:31.3147553Z" testType="13cdc9d9-ddb5-4fa4-a97d-d965ccfc6d4b" outcome="Passed" testListId="16d501c5-1433-4cdd-8647-6a81edcf5e97" />
    <UnitTestResult executionId="763b7278-caf0-4f01-9e3d-1eb57f92ca73" testId="5a6f6fbd-8a4a-4df8-ae00-20e02b29d1e2" testName="Test371" computerName="UA-LPT-OGA2" duration="00:00:01.8330000" startTime="2025-05-14T13:20:31.3146610Z" endTime="2025-05-14T13:25:31.3147553Z" testType="13cdc9d9-ddb5-4fa4-a97d-d965ccfc6d4b" outcome="Passed" testListId="16d501c5-1433-4cdd-8647-6a81edcf5e97" />
    <UnitTestResult executionId="e2fb0581-af45-4364-8c01-52a3e7bc12ec" testId="3ddd5ab6-9cc8-47fe-a1e0-aa87f2ff9e7c" testName="Test372" computerName="UA-LPT-OGA2" duration="00:00:00.9640000" startTime="2025-05-14T13:20:31.3146610Z" endTime="2025-05-14T13:25:31.3147553Z" testType="13cdc9d9-ddb5-4fa4-a97d-d965ccfc6d4b" outcome="Passed" testListId="16d501c5-1433-4cdd-8647-6a81edcf5e97" />
    <UnitTestResult executionId="e3740e77-4718-44fe-83e4-eabfd1051bf3" testId="b08b24be-15bc-42af-87fe-52a50104052c" testName="Test373" computerName="UA-LPT-OGA2" duration="00:00:01.7720000" startTime="2025-05-14T13:20:31.3146610Z" endTime="2025-05-14T13:25:31.3147553Z" testType="13cdc9d9-ddb5-4fa4-a97d-d965ccfc6d4b" outcome="Passed" testListId="16d501c5-1433-4cdd-8647-6a81edcf5e97" />
    <UnitTestResult executionId="bb1ee0a3-6a38-4c45-a4ba-411f6059237d" testId="527b0a28-f361-47b1-a1d3-f1aa3827221d" testName="Test374" computerName="UA-LPT-OGA2" duration="00:00:00.0340000" startTime="2025-05-14T13:20:31.3146610Z" endTime="2025-05-14T13:25:31.3147553Z" testType="13cdc9d9-ddb5-4fa4-a97d-d965ccfc6d4b" outcome="Failed" testListId="16d501c5-1433-4cdd-8647-6a81edcf5e97">
      <Output>
        <ErrorInfo>
          <Message>Assertion failed: Expected value did not match actual value.</Message>
          <StackTrace>   at TestNamespace.TestClass.Test() in TestClass.cs:line 102</StackTrace>
        </ErrorInfo>
      </Output>
    </UnitTestResult>
    <UnitTestResult executionId="afbf1768-5cdb-4299-b9db-d69d18811c10" testId="3e53d098-b1aa-4efe-b30a-b1eff66cb112" testName="Test375" computerName="UA-LPT-OGA2" duration="00:00:01.1120000" startTime="2025-05-14T13:20:31.3146610Z" endTime="2025-05-14T13:25:31.3147553Z" testType="13cdc9d9-ddb5-4fa4-a97d-d965ccfc6d4b" outcome="Passed" testListId="16d501c5-1433-4cdd-8647-6a81edcf5e97" />
    <UnitTestResult executionId="f2117ec1-8721-4b19-b345-fbadb11e9c62" testId="ad61fabd-9403-4a9c-83cf-4e70025c78d8" testName="Test376" computerName="UA-LPT-OGA2" duration="00:00:01.2070000" startTime="2025-05-14T13:20:31.3146610Z" endTime="2025-05-14T13:25:31.3147553Z" testType="13cdc9d9-ddb5-4fa4-a97d-d965ccfc6d4b" outcome="Passed" testListId="16d501c5-1433-4cdd-8647-6a81edcf5e97" />
    <UnitTestResult executionId="a16b195c-2e18-46cf-a345-76088e964d6e" testId="fe6bdf9b-f008-4225-a38c-cca19906cc5b" testName="Test377" computerName="UA-LPT-OGA2" duration="00:00:01.1000000" startTime="2025-05-14T13:20:31.3146610Z" endTime="2025-05-14T13:25:31.3147553Z" testType="13cdc9d9-ddb5-4fa4-a97d-d965ccfc6d4b" outcome="Passed" testListId="16d501c5-1433-4cdd-8647-6a81edcf5e97" />
    <UnitTestResult executionId="b565c9d8-9cf1-49db-ad60-b2bdad644d4a" testId="cdf16a50-b818-4d0c-801d-f88eb727e00a" testName="Test378" computerName="UA-LPT-OGA2" duration="00:00:01.5730000" startTime="2025-05-14T13:20:31.3146610Z" endTime="2025-05-14T13:25:31.3147553Z" testType="13cdc9d9-ddb5-4fa4-a97d-d965ccfc6d4b" outcome="Passed" testListId="16d501c5-1433-4cdd-8647-6a81edcf5e97" />
    <UnitTestResult executionId="1a2a0867-6c27-4e4d-b28f-5c445aaa9d5f" testId="cc063db2-76b9-457f-8969-b17e6df9393b" testName="Test379" computerName="UA-LPT-OGA2" duration="00:00:00.9640000" startTime="2025-05-14T13:20:31.3146610Z" endTime="2025-05-14T13:25:31.3147553Z" testType="13cdc9d9-ddb5-4fa4-a97d-d965ccfc6d4b" outcome="Passed" testListId="16d501c5-1433-4cdd-8647-6a81edcf5e97" />
    <UnitTestResult executionId="09692a01-0bb8-460c-a9b9-e7987fbc741a" testId="5df8211c-864e-4ff9-ae34-09081e15d87e" testName="Test380" computerName="UA-LPT-OGA2" duration="00:00:00.1100000" startTime="2025-05-14T13:20:31.3146610Z" endTime="2025-05-14T13:25:31.3147553Z" testType="13cdc9d9-ddb5-4fa4-a97d-d965ccfc6d4b" outcome="Passed" testListId="16d501c5-1433-4cdd-8647-6a81edcf5e97" />
    <UnitTestResult executionId="e6dac391-271f-45db-b1cc-1906aafd3003" testId="1da35686-ac62-4b0f-83c1-59a3dc38471a" testName="Test381" computerName="UA-LPT-OGA2" duration="00:00:00.3700000" startTime="2025-05-14T13:20:31.3146610Z" endTime="2025-05-14T13:25:31.3147553Z" testType="13cdc9d9-ddb5-4fa4-a97d-d965ccfc6d4b" outcome="Passed" testListId="16d501c5-1433-4cdd-8647-6a81edcf5e97" />
    <UnitTestResult executionId="4a07857b-e637-4223-8cc6-d1bf907f6ffe" testId="31a4467f-3cfa-4321-8d9e-67abe9d642f4" testName="Test382" computerName="UA-LPT-OGA2" duration="00:00:01.4620000" startTime="2025-05-14T13:20:31.3146610Z" endTime="2025-05-14T13:25:31.3147553Z" testType="13cdc9d9-ddb5-4fa4-a97d-d965ccfc6d4b" outcome="Passed" testListId="16d501c5-1433-4cdd-8647-6a81edcf5e97" />
    <UnitTestResult executionId="84727424-1073-42ec-b93c-d629c0cace6a" testId="69dba5eb-3cb9-40a4-b8a7-0d355f07ad76" testName="Test383" computerName="UA-LPT-OGA2" duration="00:00:00.9760000" startTime="2025-05-14T13:20:31.3146610Z" endTime="2025-05-14T13:25:31.3147553Z" testType="13cdc9d9-ddb5-4fa4-a97d-d965ccfc6d4b" outcome="Passed" testListId="16d501c5-1433-4cdd-8647-6a81edcf5e97" />
    <UnitTestResult executionId="6f0cf1b5-c1da-404b-a718-5bf55e0e92c4" testId="1b558ccb-c131-4af0-8a63-24ea3749c571" testName="Test384" computerName="UA-LPT-OGA2" duration="00:00:01.8250000" startTime="2025-05-14T13:20:31.3146610Z" endTime="2025-05-14T13:25:31.3147553Z" testType="13cdc9d9-ddb5-4fa4-a97d-d965ccfc6d4b" outcome="Passed" testListId="16d501c5-1433-4cdd-8647-6a81edcf5e97" />
    <UnitTestResult executionId="ce88f9d6-1966-4263-af7b-566d7b2bf898" testId="aae768bb-6313-420b-ae3f-b819c1ae530e" testName="Test385" computerName="UA-LPT-OGA2" duration="00:00:01.1740000" startTime="2025-05-14T13:20:31.3146610Z" endTime="2025-05-14T13:25:31.3147553Z" testType="13cdc9d9-ddb5-4fa4-a97d-d965ccfc6d4b" outcome="Passed" testListId="16d501c5-1433-4cdd-8647-6a81edcf5e97" />
    <UnitTestResult executionId="d79cf999-1a70-4ff0-b76d-9e6241ec00fa" testId="64a4e9c6-e4b6-4f6d-be26-b69a6c910291" testName="Test386" computerName="UA-LPT-OGA2" duration="00:00:00.8760000" startTime="2025-05-14T13:20:31.3146610Z" endTime="2025-05-14T13:25:31.3147553Z" testType="13cdc9d9-ddb5-4fa4-a97d-d965ccfc6d4b" outcome="Passed" testListId="16d501c5-1433-4cdd-8647-6a81edcf5e97" />
    <UnitTestResult executionId="db3c345d-ea8d-477f-bc8f-1f992cc5109e" testId="0bfd4ad1-c525-485b-b365-404a6d0dab77" testName="Test387" computerName="UA-LPT-OGA2" duration="00:00:01.4670000" startTime="2025-05-14T13:20:31.3146610Z" endTime="2025-05-14T13:25:31.3147553Z" testType="13cdc9d9-ddb5-4fa4-a97d-d965ccfc6d4b" outcome="Passed" testListId="16d501c5-1433-4cdd-8647-6a81edcf5e97" />
    <UnitTestResult executionId="28bafe2d-5913-47ec-8a3c-35fee185e491" testId="664c572f-dd77-4a0a-965b-997fe1377727" testName="Test388" computerName="UA-LPT-OGA2" duration="00:00:00.1550000" startTime="2025-05-14T13:20:31.3146610Z" endTime="2025-05-14T13:25:31.3147553Z" testType="13cdc9d9-ddb5-4fa4-a97d-d965ccfc6d4b" outcome="Passed" testListId="16d501c5-1433-4cdd-8647-6a81edcf5e97" />
    <UnitTestResult executionId="6fdeead7-b731-45c3-b455-cca5a0ed4113" testId="6ba15d0a-018c-4e12-8226-0a406b6f32d4" testName="Test389" computerName="UA-LPT-OGA2" duration="00:00:01.6520000" startTime="2025-05-14T13:20:31.3146610Z" endTime="2025-05-14T13:25:31.3147553Z" testType="13cdc9d9-ddb5-4fa4-a97d-d965ccfc6d4b" outcome="Passed" testListId="16d501c5-1433-4cdd-8647-6a81edcf5e97" />
    <UnitTestResult executionId="d8e294a2-759b-4e4a-a0e1-f2ad465cae37" testId="33d3e2c7-7da6-4048-9d40-3e0c62ff2f93" testName="Test390" computerName="UA-LPT-OGA2" duration="00:00:00.4760000" startTime="2025-05-14T13:20:31.3146610Z" endTime="2025-05-14T13:25:31.3147553Z" testType="13cdc9d9-ddb5-4fa4-a97d-d965ccfc6d4b" outcome="Passed" testListId="16d501c5-1433-4cdd-8647-6a81edcf5e97" />
    <UnitTestResult executionId="9d4c0432-c6b0-425d-a3a4-242f53c75f53" testId="35a09a6e-e1bf-4ff0-a619-623145158f52" testName="Test391" computerName="UA-LPT-OGA2" duration="00:00:01.3640000" startTime="2025-05-14T13:20:31.3146610Z" endTime="2025-05-14T13:25:31.3147553Z" testType="13cdc9d9-ddb5-4fa4-a97d-d965ccfc6d4b" outcome="Passed" testListId="16d501c5-1433-4cdd-8647-6a81edcf5e97" />
    <UnitTestResult executionId="5fa33f1c-a6a6-45f2-943b-6c91a91aeff0" testId="9f57d08f-42c4-4dba-ba87-d66d0037f38a" testName="Test392" computerName="UA-LPT-OGA2" duration="00:00:00.3000000" startTime="2025-05-14T13:20:31.3146610Z" endTime="2025-05-14T13:25:31.3147553Z" testType="13cdc9d9-ddb5-4fa4-a97d-d965ccfc6d4b" outcome="Passed" testListId="16d501c5-1433-4cdd-8647-6a81edcf5e97" />
    <UnitTestResult executionId="59545b74-1a9b-4e1c-84d8-e6f1e2009702" testId="c97010e8-81aa-4417-97a7-7cbecdd8674b" testName="Test393" computerName="UA-LPT-OGA2" duration="00:00:00.8820000" startTime="2025-05-14T13:20:31.3146610Z" endTime="2025-05-14T13:25:31.3147553Z" testType="13cdc9d9-ddb5-4fa4-a97d-d965ccfc6d4b" outcome="Failed" testListId="16d501c5-1433-4cdd-8647-6a81edcf5e97">
      <Output>
        <ErrorInfo>
          <Message>Assertion failed: Expected value did not match actual value.</Message>
          <StackTrace>   at TestNamespace.TestClass.Test() in TestClass.cs:line 443</StackTrace>
        </ErrorInfo>
      </Output>
    </UnitTestResult>
    <UnitTestResult executionId="02a40612-bae9-4483-a4d2-f3b428ed4340" testId="b22ec164-f322-4181-b87a-235435745296" testName="Test394" computerName="UA-LPT-OGA2" duration="00:00:00.2880000" startTime="2025-05-14T13:20:31.3146610Z" endTime="2025-05-14T13:25:31.3147553Z" testType="13cdc9d9-ddb5-4fa4-a97d-d965ccfc6d4b" outcome="Passed" testListId="16d501c5-1433-4cdd-8647-6a81edcf5e97" />
    <UnitTestResult executionId="61f1821f-6421-4aad-bbeb-4684975c1849" testId="d99d8fd3-464c-449d-91f0-155aa94f9390" testName="Test395" computerName="UA-LPT-OGA2" duration="00:00:00.6220000" startTime="2025-05-14T13:20:31.3146610Z" endTime="2025-05-14T13:25:31.3147553Z" testType="13cdc9d9-ddb5-4fa4-a97d-d965ccfc6d4b" outcome="Passed" testListId="16d501c5-1433-4cdd-8647-6a81edcf5e97" />
    <UnitTestResult executionId="529e6078-81c2-4fb2-b141-23529ad451c7" testId="a6ce4330-d9ff-4ad1-b13c-b9746061a503" testName="Test396" computerName="UA-LPT-OGA2" duration="00:00:00.9590000" startTime="2025-05-14T13:20:31.3146610Z" endTime="2025-05-14T13:25:31.3147553Z" testType="13cdc9d9-ddb5-4fa4-a97d-d965ccfc6d4b" outcome="Passed" testListId="16d501c5-1433-4cdd-8647-6a81edcf5e97" />
    <UnitTestResult executionId="4eec937b-2984-4d40-9e53-3e8163f73876" testId="ab1f9baf-1f07-4345-861f-c255a41056f1" testName="Test397" computerName="UA-LPT-OGA2" duration="00:00:00.1660000" startTime="2025-05-14T13:20:31.3146610Z" endTime="2025-05-14T13:25:31.3147553Z" testType="13cdc9d9-ddb5-4fa4-a97d-d965ccfc6d4b" outcome="Passed" testListId="16d501c5-1433-4cdd-8647-6a81edcf5e97" />
    <UnitTestResult executionId="0cc9974d-1755-43a8-96cf-ecafc8e2df29" testId="c41a3d63-10e4-4aa6-bf16-e5bdbee1dba4" testName="Test398" computerName="UA-LPT-OGA2" duration="00:00:01.8830000" startTime="2025-05-14T13:20:31.3146610Z" endTime="2025-05-14T13:25:31.3147553Z" testType="13cdc9d9-ddb5-4fa4-a97d-d965ccfc6d4b" outcome="Failed" testListId="16d501c5-1433-4cdd-8647-6a81edcf5e97">
      <Output>
        <ErrorInfo>
          <Message>Assertion failed: Expected value did not match actual value.</Message>
          <StackTrace>   at TestNamespace.TestClass.Test() in TestClass.cs:line 392</StackTrace>
        </ErrorInfo>
      </Output>
    </UnitTestResult>
    <UnitTestResult executionId="6f617214-8cad-4841-841c-143894b5dbd1" testId="27496d70-67e2-4783-b156-2c24204f9cbb" testName="Test399" computerName="UA-LPT-OGA2" duration="00:00:00.4030000" startTime="2025-05-14T13:20:31.3146610Z" endTime="2025-05-14T13:25:31.3147553Z" testType="13cdc9d9-ddb5-4fa4-a97d-d965ccfc6d4b" outcome="Passed" testListId="16d501c5-1433-4cdd-8647-6a81edcf5e97" />
    <UnitTestResult executionId="335b940f-6a5e-4c4d-bb7d-e7413ad048f3" testId="6efbab32-7a60-43cf-8679-8f840f9cdf7d" testName="Test400" computerName="UA-LPT-OGA2" duration="00:00:01.7260000" startTime="2025-05-14T13:20:31.3146610Z" endTime="2025-05-14T13:25:31.3147553Z" testType="13cdc9d9-ddb5-4fa4-a97d-d965ccfc6d4b" outcome="Passed" testListId="16d501c5-1433-4cdd-8647-6a81edcf5e97" />
  </Results>
  <TestDefinitions>
    <UnitTest name="Test301" id="548bb0af-e2a9-48b4-b831-5407ddd9d9e3" storage="TestAssembly.dll">
      <Execution id="8e08be2c-21fb-4cae-b332-0fb4f5a573ca" />
      <TestMethod codeBase="TestAssembly.dll" className="TestNamespace.TestClass1" name="Test301" />
    </UnitTest>
    <UnitTest name="Test302" id="cdc64817-f846-4cd5-93bf-bec5e2eb1920" storage="TestAssembly.dll">
      <Execution id="6c891c1c-8277-4168-9007-ecb3e24c9df2" />
      <TestMethod codeBase="TestAssembly.dll" className="TestNamespace.TestClass1" name="Test302" />
    </UnitTest>
    <UnitTest name="Test303" id="ae63eaba-9e77-4e5e-843a-a738c53ab5bd" storage="TestAssembly.dll">
      <Execution id="bf3b5ecc-ac65-45de-9c67-6d98674e2a25" />
      <TestMethod codeBase="TestAssembly.dll" className="TestNamespace.TestClass1" name="Test303" />
    </UnitTest>
    <UnitTest name="Test304" id="014d28ec-b4bd-4442-acd9-3f7ca8d2c200" storage="TestAssembly.dll">
      <Execution id="d9ae46c8-1cb2-4723-bb9e-3b58c8a89ac7" />
      <TestMethod codeBase="TestAssembly.dll" className="TestNamespace.TestClass1" name="Test304" />
    </UnitTest>
    <UnitTest name="Test305" id="4ab535dc-4ed0-4387-8441-bfbd04cc1f30" storage="TestAssembly.dll">
      <Execution id="22489e22-fc2a-47c6-8ebc-8ff9006a3dea" />
      <TestMethod codeBase="TestAssembly.dll" className="TestNamespace.TestClass1" name="Test305" />
    </UnitTest>
    <UnitTest name="Test306" id="54549b59-2251-4350-814f-01d94d7062a7" storage="TestAssembly.dll">
      <Execution id="00a78c59-7733-4972-a99d-16f14ae33c34" />
      <TestMethod codeBase="TestAssembly.dll" className="TestNamespace.TestClass1" name="Test306" />
    </UnitTest>
    <UnitTest name="Test307" id="5a318326-49b3-40d7-b482-36755e59cf73" storage="TestAssembly.dll">
      <Execution id="8274013c-cb25-44bb-9d3c-604cda7fc13b" />
      <TestMethod codeBase="TestAssembly.dll" className="TestNamespace.TestClass1" name="Test307" />
    </UnitTest>
    <UnitTest name="Test308" id="e8c0c06e-2288-4abb-a1df-97121167bb95" storage="TestAssembly.dll">
      <Execution id="46a5d734-6071-4f82-a68e-ebd8d2f8fce3" />
      <TestMethod codeBase="TestAssembly.dll" className="TestNamespace.TestClass1" name="Test308" />
    </UnitTest>
    <UnitTest name="Test309" id="d582056b-191d-4414-b0bf-6a8cb892baac" storage="TestAssembly.dll">
      <Execution id="6b0029d1-1445-4c01-981b-8c7d14e6416f" />
      <TestMethod codeBase="TestAssembly.dll" className="TestNamespace.TestClass1" name="Test309" />
    </UnitTest>
    <UnitTest name="Test310" id="9cfbeef6-05af-45ae-8ddb-0969beb90be7" storage="TestAssembly.dll">
      <Execution id="05ea29b5-9de6-4058-a756-fa6214a939f9" />
      <TestMethod codeBase="TestAssembly.dll" className="TestNamespace.TestClass1" name="Test310" />
    </UnitTest>
    <UnitTest name="Test311" id="2809f467-ec02-4f27-b58a-9468373554be" storage="TestAssembly.dll">
      <Execution id="f803d4c8-92dd-4090-8b33-fa89393cb423" />
      <TestMethod codeBase="TestAssembly.dll" className="TestNamespace.TestClass2" name="Test311" />
    </UnitTest>
    <UnitTest name="Test312" id="edae87f5-c1bc-4094-bbee-c13933668d0a" storage="TestAssembly.dll">
      <Execution id="dbcf7105-c865-4ea0-9bc9-687ed8cc90d3" />
      <TestMethod codeBase="TestAssembly.dll" className="TestNamespace.TestClass2" name="Test312" />
    </UnitTest>
    <UnitTest name="Test313" id="eb3b2980-59d2-4819-affd-08354f8cda16" storage="TestAssembly.dll">
      <Execution id="bfebbd76-6a97-49c8-95cb-5ef742de1a27" />
      <TestMethod codeBase="TestAssembly.dll" className="TestNamespace.TestClass2" name="Test313" />
    </UnitTest>
    <UnitTest name="Test314" id="8c455f62-4f30-4e24-af57-72d0b5f987ce" storage="TestAssembly.dll">
      <Execution id="c712629e-ab3e-4a7d-8691-2f7f90c1d0a2" />
      <TestMethod codeBase="TestAssembly.dll" className="TestNamespace.TestClass2" name="Test314" />
    </UnitTest>
    <UnitTest name="Test315" id="ba637c05-24b4-4c67-8e25-752d489de372" storage="TestAssembly.dll">
      <Execution id="8ba6aca8-14a9-4c55-b3e6-df0a7f6ce3c1" />
      <TestMethod codeBase="TestAssembly.dll" className="TestNamespace.TestClass2" name="Test315" />
    </UnitTest>
    <UnitTest name="Test316" id="6ed2fb6d-c5fd-43e4-bc9a-7571fae81efd" storage="TestAssembly.dll">
      <Execution id="a610f002-be99-409a-9fe3-89fbd8f82749" />
      <TestMethod codeBase="TestAssembly.dll" className="TestNamespace.TestClass2" name="Test316" />
    </UnitTest>
    <UnitTest name="Test317" id="1ab684fa-4fca-4dda-ad95-0c6fb741a480" storage="TestAssembly.dll">
      <Execution id="cc47e9d5-04a3-4a35-a3dc-b3be6ff443eb" />
      <TestMethod codeBase="TestAssembly.dll" className="TestNamespace.TestClass2" name="Test317" />
    </UnitTest>
    <UnitTest name="Test318" id="bf4ac108-80b8-4c0c-963f-17da656e5001" storage="TestAssembly.dll">
      <Execution id="f2bc0e5e-aa6d-4676-b60e-4caffab7cf5e" />
      <TestMethod codeBase="TestAssembly.dll" className="TestNamespace.TestClass2" name="Test318" />
    </UnitTest>
    <UnitTest name="Test319" id="5ceddf72-7fac-4d17-9e5a-0723ca841585" storage="TestAssembly.dll">
      <Execution id="9d308ad3-4dca-45d1-a5ac-486541624860" />
      <TestMethod codeBase="TestAssembly.dll" className="TestNamespace.TestClass2" name="Test319" />
    </UnitTest>
    <UnitTest name="Test320" id="5971f3ab-2074-4982-9569-9a92d17f76e8" storage="TestAssembly.dll">
      <Execution id="fa5d61cb-8deb-49c1-90c7-88f11dad90ac" />
      <TestMethod codeBase="TestAssembly.dll" className="TestNamespace.TestClass2" name="Test320" />
    </UnitTest>
    <UnitTest name="Test321" id="9393dbbf-c396-46bc-bbd9-fd50fae1c973" storage="TestAssembly.dll">
      <Execution id="d298dcf0-54bd-4cfa-8089-3bee1b8ec134" />
      <TestMethod codeBase="TestAssembly.dll" className="TestNamespace.TestClass3" name="Test321" />
    </UnitTest>
    <UnitTest name="Test322" id="c11fcfcb-e39e-4cfb-bb0f-3f356d87f3a7" storage="TestAssembly.dll">
      <Execution id="4e52eef3-00e2-47ab-8f45-05fc78bd9039" />
      <TestMethod codeBase="TestAssembly.dll" className="TestNamespace.TestClass3" name="Test322" />
    </UnitTest>
    <UnitTest name="Test323" id="1af1e6aa-d12f-4ab9-be1c-d0f22e6d6758" storage="TestAssembly.dll">
      <Execution id="8e198c08-c2e6-44c9-aa64-d83b06ac1b3d" />
      <TestMethod codeBase="TestAssembly.dll" className="TestNamespace.TestClass3" name="Test323" />
    </UnitTest>
    <UnitTest name="Test324" id="019d9b4a-b6cc-435b-b2df-d51ceb4c2aa6" storage="TestAssembly.dll">
      <Execution id="7ce782df-10ef-4218-8188-cb8bdae6f92c" />
      <TestMethod codeBase="TestAssembly.dll" className="TestNamespace.TestClass3" name="Test324" />
    </UnitTest>
    <UnitTest name="Test325" id="f6b8cce4-bfe3-4379-b8b7-6f50273d3ba8" storage="TestAssembly.dll">
      <Execution id="94554483-4121-49c7-8eba-45b833ca7681" />
      <TestMethod codeBase="TestAssembly.dll" className="TestNamespace.TestClass3" name="Test325" />
    </UnitTest>
    <UnitTest name="Test326" id="c602a06c-63b5-41f2-9466-29ac2c3a6938" storage="TestAssembly.dll">
      <Execution id="4b27da1b-e911-411b-b7cb-1b24ba658a23" />
      <TestMethod codeBase="TestAssembly.dll" className="TestNamespace.TestClass3" name="Test326" />
    </UnitTest>
    <UnitTest name="Test327" id="7d815de7-dd51-4e51-8300-9d99201c2c34" storage="TestAssembly.dll">
      <Execution id="c6fc4e1e-d3f3-40eb-84b7-64bff99fca0f" />
      <TestMethod codeBase="TestAssembly.dll" className="TestNamespace.TestClass3" name="Test327" />
    </UnitTest>
    <UnitTest name="Test328" id="e349af78-988b-4b2b-8393-8a7f47840e2f" storage="TestAssembly.dll">
      <Execution id="5a7aeec6-42cb-4d98-9080-2a0604013a65" />
      <TestMethod codeBase="TestAssembly.dll" className="TestNamespace.TestClass3" name="Test328" />
    </UnitTest>
    <UnitTest name="Test329" id="7e083d8a-5d37-43bb-8712-83db12e548c0" storage="TestAssembly.dll">
      <Execution id="97e1deb4-a7cd-484b-a511-066c2d9c0b5c" />
      <TestMethod codeBase="TestAssembly.dll" className="TestNamespace.TestClass3" name="Test329" />
    </UnitTest>
    <UnitTest name="Test330" id="b9df4196-2566-4ea8-a0ae-ce7368adc3b4" storage="TestAssembly.dll">
      <Execution id="5379e4af-4208-4bc0-864b-8c61384c5205" />
      <TestMethod codeBase="TestAssembly.dll" className="TestNamespace.TestClass3" name="Test330" />
    </UnitTest>
    <UnitTest name="Test331" id="13029ec4-6876-4f1f-abf8-eca6323c4fe1" storage="TestAssembly.dll">
      <Execution id="8590f2a6-c872-4bef-a272-79af2cd95ef1" />
      <TestMethod codeBase="TestAssembly.dll" className="TestNamespace.TestClass4" name="Test331" />
    </UnitTest>
    <UnitTest name="Test332" id="29429bac-40ec-4154-a007-eec307b24eb3" storage="TestAssembly.dll">
      <Execution id="d4e352c3-cf00-4eed-93eb-0cf61d56c4d3" />
      <TestMethod codeBase="TestAssembly.dll" className="TestNamespace.TestClass4" name="Test332" />
    </UnitTest>
    <UnitTest name="Test333" id="a599b7c6-d151-49cb-8fe0-940f825984db" storage="TestAssembly.dll">
      <Execution id="5740ecdb-8ce6-41e3-9693-70a8bc9d9929" />
      <TestMethod codeBase="TestAssembly.dll" className="TestNamespace.TestClass4" name="Test333" />
    </UnitTest>
    <UnitTest name="Test334" id="a1a7d00d-bd7d-4df8-a262-2f588aae81e2" storage="TestAssembly.dll">
      <Execution id="7fa4ff34-4b33-483f-866e-876d068107da" />
      <TestMethod codeBase="TestAssembly.dll" className="TestNamespace.TestClass4" name="Test334" />
    </UnitTest>
    <UnitTest name="Test335" id="ecb54d6c-029a-4176-95f8-5180d29c7edc" storage="TestAssembly.dll">
      <Execution id="cf87606c-0da3-403a-a006-038e3dd12a4c" />
      <TestMethod codeBase="TestAssembly.dll" className="TestNamespace.TestClass4" name="Test335" />
    </UnitTest>
    <UnitTest name="Test336" id="f2338981-4c44-4a82-b98b-d7dce66df0c4" storage="TestAssembly.dll">
      <Execution id="2e82b1a2-e73b-4629-831c-b275dd4b8a53" />
      <TestMethod codeBase="TestAssembly.dll" className="TestNamespace.TestClass4" name="Test336" />
    </UnitTest>
    <UnitTest name="Test337" id="0e46e452-1ce5-4096-a45d-743f83b238a6" storage="TestAssembly.dll">
      <Execution id="05db86fc-dd82-45d7-8525-cb319fa646f2" />
      <TestMethod codeBase="TestAssembly.dll" className="TestNamespace.TestClass4" name="Test337" />
    </UnitTest>
    <UnitTest name="Test338" id="a5d3d2fc-1bf8-4389-9446-fd21e2c0072b" storage="TestAssembly.dll">
      <Execution id="eb99be40-38fa-4ec7-8318-9fdc9f89af5d" />
      <TestMethod codeBase="TestAssembly.dll" className="TestNamespace.TestClass4" name="Test338" />
    </UnitTest>
    <UnitTest name="Test339" id="5770f6ac-6776-40dd-9179-701b7050c3e8" storage="TestAssembly.dll">
      <Execution id="a6470289-05ab-409b-a6a8-6885025cf89a" />
      <TestMethod codeBase="TestAssembly.dll" className="TestNamespace.TestClass4" name="Test339" />
    </UnitTest>
    <UnitTest name="Test340" id="8c0bdb40-bbb1-480e-81ca-01e7ef98d410" storage="TestAssembly.dll">
      <Execution id="927b46a8-f720-4bcf-8397-d6014471cb54" />
      <TestMethod codeBase="TestAssembly.dll" className="TestNamespace.TestClass4" name="Test340" />
    </UnitTest>
    <UnitTest name="Test341" id="7b885e62-1b7e-45f3-8085-a12b605e2faf" storage="TestAssembly.dll">
      <Execution id="76ead441-ba16-4135-9701-3cf9e1f5425d" />
      <TestMethod codeBase="TestAssembly.dll" className="TestNamespace.TestClass5" name="Test341" />
    </UnitTest>
    <UnitTest name="Test342" id="037694fb-a718-4622-b08d-1338cf6a2257" storage="TestAssembly.dll">
      <Execution id="5d9e6173-3d2e-4a29-bdf5-c7d4667c1dfa" />
      <TestMethod codeBase="TestAssembly.dll" className="TestNamespace.TestClass5" name="Test342" />
    </UnitTest>
    <UnitTest name="Test343" id="d03944f1-046d-4e3d-be18-89584498a35e" storage="TestAssembly.dll">
      <Execution id="53f7c258-600b-48f3-ba8d-360dbd1f8fa1" />
      <TestMethod codeBase="TestAssembly.dll" className="TestNamespace.TestClass5" name="Test343" />
    </UnitTest>
    <UnitTest name="Test344" id="cd16b166-a547-4d1e-b569-90dd193d041b" storage="TestAssembly.dll">
      <Execution id="d432b702-f7e6-47e5-98d9-755b86553ccd" />
      <TestMethod codeBase="TestAssembly.dll" className="TestNamespace.TestClass5" name="Test344" />
    </UnitTest>
    <UnitTest name="Test345" id="27bffb75-e477-435d-af8b-fc5088866504" storage="TestAssembly.dll">
      <Execution id="0afc890d-bcf6-464e-b190-3c219843523b" />
      <TestMethod codeBase="TestAssembly.dll" className="TestNamespace.TestClass5" name="Test345" />
    </UnitTest>
    <UnitTest name="Test346" id="7fce1d83-98f3-48bf-87e1-56a599346e2d" storage="TestAssembly.dll">
      <Execution id="08987cb2-4037-48e0-a2a0-3e4b31dc73a5" />
      <TestMethod codeBase="TestAssembly.dll" className="TestNamespace.TestClass5" name="Test346" />
    </UnitTest>
    <UnitTest name="Test347" id="6b1e38dc-2cba-418e-b5d5-cfcde405ec90" storage="TestAssembly.dll">
      <Execution id="ac1fc2cf-d728-447c-9da6-4d76113bb9ee" />
      <TestMethod codeBase="TestAssembly.dll" className="TestNamespace.TestClass5" name="Test347" />
    </UnitTest>
    <UnitTest name="Test348" id="4a295408-b6a7-43c7-8cb2-9d5b84c27605" storage="TestAssembly.dll">
      <Execution id="0128f296-805d-4b6c-961b-4b08a42903b8" />
      <TestMethod codeBase="TestAssembly.dll" className="TestNamespace.TestClass5" name="Test348" />
    </UnitTest>
    <UnitTest name="Test349" id="543c10c6-6070-4b0a-96f7-4c115fc788af" storage="TestAssembly.dll">
      <Execution id="5eefbb05-aaee-463e-812f-24188a0acc57" />
      <TestMethod codeBase="TestAssembly.dll" className="TestNamespace.TestClass5" name="Test349" />
    </UnitTest>
    <UnitTest name="Test350" id="53745807-86d2-4c83-a607-3ee3f0b2c2df" storage="TestAssembly.dll">
      <Execution id="765c7fd1-ec70-4fb0-ae0d-df1068867c50" />
      <TestMethod codeBase="TestAssembly.dll" className="TestNamespace.TestClass5" name="Test350" />
    </UnitTest>
    <UnitTest name="Test351" id="cb8a1b27-7484-4ae2-aaff-3892a8a147a7" storage="TestAssembly.dll">
      <Execution id="173b3502-af1d-4df7-8bcd-d11d78da6c81" />
      <TestMethod codeBase="TestAssembly.dll" className="TestNamespace.TestClass6" name="Test351" />
    </UnitTest>
    <UnitTest name="Test352" id="e74887a4-8971-40db-918b-9dde53b22e5a" storage="TestAssembly.dll">
      <Execution id="69ca5641-8d2a-414b-a751-3a32b6af6dd2" />
      <TestMethod codeBase="TestAssembly.dll" className="TestNamespace.TestClass6" name="Test352" />
    </UnitTest>
    <UnitTest name="Test353" id="f06cc85c-fa15-470c-9d2c-7764b9c8ee40" storage="TestAssembly.dll">
      <Execution id="ee0ba7c1-134f-4013-a3f4-47935ad10e57" />
      <TestMethod codeBase="TestAssembly.dll" className="TestNamespace.TestClass6" name="Test353" />
    </UnitTest>
    <UnitTest name="Test354" id="c42cd2c0-5e3f-46c9-8083-9b48f642bca8" storage="TestAssembly.dll">
      <Execution id="98e1341e-f2c8-4516-8cbe-b01cf99006b7" />
      <TestMethod codeBase="TestAssembly.dll" className="TestNamespace.TestClass6" name="Test354" />
    </UnitTest>
    <UnitTest name="Test355" id="9022f8cc-0e0d-4fe6-ba00-62f0bf311756" storage="TestAssembly.dll">
      <Execution id="8f82a06b-029d-4a63-89fa-b51f62c7aaa8" />
      <TestMethod codeBase="TestAssembly.dll" className="TestNamespace.TestClass6" name="Test355" />
    </UnitTest>
    <UnitTest name="Test356" id="73738037-fdce-4718-a82c-cc22b408da45" storage="TestAssembly.dll">
      <Execution id="2f9304c0-4fa1-4391-9e32-442d205c8e7e" />
      <TestMethod codeBase="TestAssembly.dll" className="TestNamespace.TestClass6" name="Test356" />
    </UnitTest>
    <UnitTest name="Test357" id="3d87f172-31ed-47a5-9e16-710d914808e2" storage="TestAssembly.dll">
      <Execution id="b6051f32-b59b-4076-9dec-3d185a7a6104" />
      <TestMethod codeBase="TestAssembly.dll" className="TestNamespace.TestClass6" name="Test357" />
    </UnitTest>
    <UnitTest name="Test358" id="62e13a03-fae5-45f6-baaa-f30065301c9e" storage="TestAssembly.dll">
      <Execution id="c4114123-1563-42c0-812d-972f80c07f0b" />
      <TestMethod codeBase="TestAssembly.dll" className="TestNamespace.TestClass6" name="Test358" />
    </UnitTest>
    <UnitTest name="Test359" id="29adbcbb-cd1f-4954-bfe4-68746c2f79f8" storage="TestAssembly.dll">
      <Execution id="5db80b83-44a6-47e4-a923-e6dd176abad9" />
      <TestMethod codeBase="TestAssembly.dll" className="TestNamespace.TestClass6" name="Test359" />
    </UnitTest>
    <UnitTest name="Test360" id="82f44723-efbf-4cd2-a566-7df7f4760939" storage="TestAssembly.dll">
      <Execution id="70a8d01a-5ba7-4493-887b-0c4d2c5079fe" />
      <TestMethod codeBase="TestAssembly.dll" className="TestNamespace.TestClass6" name="Test360" />
    </UnitTest>
    <UnitTest name="Test361" id="d5a02552-b07b-4045-ae98-77681c7e424b" storage="TestAssembly.dll">
      <Execution id="1bf1c1da-e472-4c73-a1b5-fe801f172fc6" />
      <TestMethod codeBase="TestAssembly.dll" className="TestNamespace.TestClass7" name="Test361" />
    </UnitTest>
    <UnitTest name="Test362" id="c109d511-194d-48e3-9d6f-38f862db8cd7" storage="TestAssembly.dll">
      <Execution id="30345233-e7b3-4f08-b999-a9aca9bf54b1" />
      <TestMethod codeBase="TestAssembly.dll" className="TestNamespace.TestClass7" name="Test362" />
    </UnitTest>
    <UnitTest name="Test363" id="62c915c1-5244-4baa-8e7c-618a3c2dae01" storage="TestAssembly.dll">
      <Execution id="9bf1a54b-8883-4b16-9559-2f22bd1db949" />
      <TestMethod codeBase="TestAssembly.dll" className="TestNamespace.TestClass7" name="Test363" />
    </UnitTest>
    <UnitTest name="Test364" id="d1d5d252-eab2-4d97-85f0-3ad06e209657" storage="TestAssembly.dll">
      <Execution id="d2c231aa-32cd-4933-b7cb-460cc6ecd37b" />
      <TestMethod codeBase="TestAssembly.dll" className="TestNamespace.TestClass7" name="Test364" />
    </UnitTest>
    <UnitTest name="Test365" id="b30cf722-710e-4952-9e5e-4f960ff9e711" storage="TestAssembly.dll">
      <Execution id="9332dee8-6cf9-430c-8d2c-1ef8fa08dc66" />
      <TestMethod codeBase="TestAssembly.dll" className="TestNamespace.TestClass7" name="Test365" />
    </UnitTest>
    <UnitTest name="Test366" id="dd87125e-cfe1-4a22-9ad7-ab345ec9f6a1" storage="TestAssembly.dll">
      <Execution id="3219b6db-955d-4afa-a981-f58fa4cb978a" />
      <TestMethod codeBase="TestAssembly.dll" className="TestNamespace.TestClass7" name="Test366" />
    </UnitTest>
    <UnitTest name="Test367" id="47d14ba1-e426-43d1-81fd-fd1957eb9e64" storage="TestAssembly.dll">
      <Execution id="d0f910f0-17d1-4e27-8f8d-00f969c2a89c" />
      <TestMethod codeBase="TestAssembly.dll" className="TestNamespace.TestClass7" name="Test367" />
    </UnitTest>
    <UnitTest name="Test368" id="56c9c514-c9be-4108-986f-5e233ec13eba" storage="TestAssembly.dll">
      <Execution id="6141f9be-cc44-40d6-a494-2e238070bb66" />
      <TestMethod codeBase="TestAssembly.dll" className="TestNamespace.TestClass7" name="Test368" />
    </UnitTest>
    <UnitTest name="Test369" id="ec7d9739-7992-44f3-8765-690b9ba77f64" storage="TestAssembly.dll">
      <Execution id="4a7aecf9-10e5-498f-b33f-f6519436663d" />
      <TestMethod codeBase="TestAssembly.dll" className="TestNamespace.TestClass7" name="Test369" />
    </UnitTest>
    <UnitTest name="Test370" id="9161556e-299c-45f6-9fb3-fdf302af5816" storage="TestAssembly.dll">
      <Execution id="27733680-7044-4cc2-b65a-f2550421e78b" />
      <TestMethod codeBase="TestAssembly.dll" className="TestNamespace.TestClass7" name="Test370" />
    </UnitTest>
    <UnitTest name="Test371" id="5a6f6fbd-8a4a-4df8-ae00-20e02b29d1e2" storage="TestAssembly.dll">
      <Execution id="763b7278-caf0-4f01-9e3d-1eb57f92ca73" />
      <TestMethod codeBase="TestAssembly.dll" className="TestNamespace.TestClass8" name="Test371" />
    </UnitTest>
    <UnitTest name="Test372" id="3ddd5ab6-9cc8-47fe-a1e0-aa87f2ff9e7c" storage="TestAssembly.dll">
      <Execution id="e2fb0581-af45-4364-8c01-52a3e7bc12ec" />
      <TestMethod codeBase="TestAssembly.dll" className="TestNamespace.TestClass8" name="Test372" />
    </UnitTest>
    <UnitTest name="Test373" id="b08b24be-15bc-42af-87fe-52a50104052c" storage="TestAssembly.dll">
      <Execution id="e3740e77-4718-44fe-83e4-eabfd1051bf3" />
      <TestMethod codeBase="TestAssembly.dll" className="TestNamespace.TestClass8" name="Test373" />
    </UnitTest>
    <UnitTest name="Test374" id="527b0a28-f361-47b1-a1d3-f1aa3827221d" storage="TestAssembly.dll">
      <Execution id="bb1ee0a3-6a38-4c45-a4ba-411f6059237d" />
      <TestMethod codeBase="TestAssembly.dll" className="TestNamespace.TestClass8" name="Test374" />
    </UnitTest>
    <UnitTest name="Test375" id="3e53d098-b1aa-4efe-b30a-b1eff66cb112" storage="TestAssembly.dll">
      <Execution id="afbf1768-5cdb-4299-b9db-d69d18811c10" />
      <TestMethod codeBase="TestAssembly.dll" className="TestNamespace.TestClass8" name="Test375" />
    </UnitTest>
    <UnitTest name="Test376" id="ad61fabd-9403-4a9c-83cf-4e70025c78d8" storage="TestAssembly.dll">
      <Execution id="f2117ec1-8721-4b19-b345-fbadb11e9c62" />
      <TestMethod codeBase="TestAssembly.dll" className="TestNamespace.TestClass8" name="Test376" />
    </UnitTest>
    <UnitTest name="Test377" id="fe6bdf9b-f008-4225-a38c-cca19906cc5b" storage="TestAssembly.dll">
      <Execution id="a16b195c-2e18-46cf-a345-76088e964d6e" />
      <TestMethod codeBase="TestAssembly.dll" className="TestNamespace.TestClass8" name="Test377" />
    </UnitTest>
    <UnitTest name="Test378" id="cdf16a50-b818-4d0c-801d-f88eb727e00a" storage="TestAssembly.dll">
      <Execution id="b565c9d8-9cf1-49db-ad60-b2bdad644d4a" />
      <TestMethod codeBase="TestAssembly.dll" className="TestNamespace.TestClass8" name="Test378" />
    </UnitTest>
    <UnitTest name="Test379" id="cc063db2-76b9-457f-8969-b17e6df9393b" storage="TestAssembly.dll">
      <Execution id="1a2a0867-6c27-4e4d-b28f-5c445aaa9d5f" />
      <TestMethod codeBase="TestAssembly.dll" className="TestNamespace.TestClass8" name="Test379" />
    </UnitTest>
    <UnitTest name="Test380" id="5df8211c-864e-4ff9-ae34-09081e15d87e" storage="TestAssembly.dll">
      <Execution id="09692a01-0bb8-460c-a9b9-e7987fbc741a" />
      <TestMethod codeBase="TestAssembly.dll" className="TestNamespace.TestClass8" name="Test380" />
    </UnitTest>
    <UnitTest name="Test381" id="1da35686-ac62-4b0f-83c1-59a3dc38471a" storage="TestAssembly.dll">
      <Execution id="e6dac391-271f-45db-b1cc-1906aafd3003" />
      <TestMethod codeBase="TestAssembly.dll" className="TestNamespace.TestClass9" name="Test381" />
    </UnitTest>
    <UnitTest name="Test382" id="31a4467f-3cfa-4321-8d9e-67abe9d642f4" storage="TestAssembly.dll">
      <Execution id="4a07857b-e637-4223-8cc6-d1bf907f6ffe" />
      <TestMethod codeBase="TestAssembly.dll" className="TestNamespace.TestClass9" name="Test382" />
    </UnitTest>
    <UnitTest name="Test383" id="69dba5eb-3cb9-40a4-b8a7-0d355f07ad76" storage="TestAssembly.dll">
      <Execution id="84727424-1073-42ec-b93c-d629c0cace6a" />
      <TestMethod codeBase="TestAssembly.dll" className="TestNamespace.TestClass9" name="Test383" />
    </UnitTest>
    <UnitTest name="Test384" id="1b558ccb-c131-4af0-8a63-24ea3749c571" storage="TestAssembly.dll">
      <Execution id="6f0cf1b5-c1da-404b-a718-5bf55e0e92c4" />
      <TestMethod codeBase="TestAssembly.dll" className="TestNamespace.TestClass9" name="Test384" />
    </UnitTest>
    <UnitTest name="Test385" id="aae768bb-6313-420b-ae3f-b819c1ae530e" storage="TestAssembly.dll">
      <Execution id="ce88f9d6-1966-4263-af7b-566d7b2bf898" />
      <TestMethod codeBase="TestAssembly.dll" className="TestNamespace.TestClass9" name="Test385" />
    </UnitTest>
    <UnitTest name="Test386" id="64a4e9c6-e4b6-4f6d-be26-b69a6c910291" storage="TestAssembly.dll">
      <Execution id="d79cf999-1a70-4ff0-b76d-9e6241ec00fa" />
      <TestMethod codeBase="TestAssembly.dll" className="TestNamespace.TestClass9" name="Test386" />
    </UnitTest>
    <UnitTest name="Test387" id="0bfd4ad1-c525-485b-b365-404a6d0dab77" storage="TestAssembly.dll">
      <Execution id="db3c345d-ea8d-477f-bc8f-1f992cc5109e" />
      <TestMethod codeBase="TestAssembly.dll" className="TestNamespace.TestClass9" name="Test387" />
    </UnitTest>
    <UnitTest name="Test388" id="664c572f-dd77-4a0a-965b-997fe1377727" storage="TestAssembly.dll">
      <Execution id="28bafe2d-5913-47ec-8a3c-35fee185e491" />
      <TestMethod codeBase="TestAssembly.dll" className="TestNamespace.TestClass9" name="Test388" />
    </UnitTest>
    <UnitTest name="Test389" id="6ba15d0a-018c-4e12-8226-0a406b6f32d4" storage="TestAssembly.dll">
      <Execution id="6fdeead7-b731-45c3-b455-cca5a0ed4113" />
      <TestMethod codeBase="TestAssembly.dll" className="TestNamespace.TestClass9" name="Test389" />
    </UnitTest>
    <UnitTest name="Test390" id="33d3e2c7-7da6-4048-9d40-3e0c62ff2f93" storage="TestAssembly.dll">
      <Execution id="d8e294a2-759b-4e4a-a0e1-f2ad465cae37" />
      <TestMethod codeBase="TestAssembly.dll" className="TestNamespace.TestClass9" name="Test390" />
    </UnitTest>
    <UnitTest name="Test391" id="35a09a6e-e1bf-4ff0-a619-623145158f52" storage="TestAssembly.dll">
      <Execution id="9d4c0432-c6b0-425d-a3a4-242f53c75f53" />
      <TestMethod codeBase="TestAssembly.dll" className="TestNamespace.TestClass10" name="Test391" />
    </UnitTest>
    <UnitTest name="Test392" id="9f57d08f-42c4-4dba-ba87-d66d0037f38a" storage="TestAssembly.dll">
      <Execution id="5fa33f1c-a6a6-45f2-943b-6c91a91aeff0" />
      <TestMethod codeBase="TestAssembly.dll" className="TestNamespace.TestClass10" name="Test392" />
    </UnitTest>
    <UnitTest name="Test393" id="c97010e8-81aa-4417-97a7-7cbecdd8674b" storage="TestAssembly.dll">
      <Execution id="59545b74-1a9b-4e1c-84d8-e6f1e2009702" />
      <TestMethod codeBase="TestAssembly.dll" className="TestNamespace.TestClass10" name="Test393" />
    </UnitTest>
    <UnitTest name="Test394" id="b22ec164-f322-4181-b87a-235435745296" storage="TestAssembly.dll">
      <Execution id="02a40612-bae9-4483-a4d2-f3b428ed4340" />
      <TestMethod codeBase="TestAssembly.dll" className="TestNamespace.TestClass10" name="Test394" />
    </UnitTest>
    <UnitTest name="Test395" id="d99d8fd3-464c-449d-91f0-155aa94f9390" storage="TestAssembly.dll">
      <Execution id="61f1821f-6421-4aad-bbeb-4684975c1849" />
      <TestMethod codeBase="TestAssembly.dll" className="TestNamespace.TestClass10" name="Test395" />
    </UnitTest>
    <UnitTest name="Test396" id="a6ce4330-d9ff-4ad1-b13c-b9746061a503" storage="TestAssembly.dll">
      <Execution id="529e6078-81c2-4fb2-b141-23529ad451c7" />
      <TestMethod codeBase="TestAssembly.dll" className="TestNamespace.TestClass10" name="Test396" />
    </UnitTest>
    <UnitTest name="Test397" id="ab1f9baf-1f07-4345-861f-c255a41056f1" storage="TestAssembly.dll">
      <Execution id="4eec937b-2984-4d40-9e53-3e8163f73876" />
      <TestMethod codeBase="TestAssembly.dll" className="TestNamespace.TestClass10" name="Test397" />
    </UnitTest>
    <UnitTest name="Test398" id="c41a3d63-10e4-4aa6-bf16-e5bdbee1dba4" storage="TestAssembly.dll">
      <Execution id="0cc9974d-1755-43a8-96cf-ecafc8e2df29" />
      <TestMethod codeBase="TestAssembly.dll" className="TestNamespace.TestClass10" name="Test398" />
    </UnitTest>
    <UnitTest name="Test399" id="27496d70-67e2-4783-b156-2c24204f9cbb" storage="TestAssembly.dll">
      <Execution id="6f617214-8cad-4841-841c-143894b5dbd1" />
      <TestMethod codeBase="TestAssembly.dll" className="TestNamespace.TestClass10" name="Test399" />
    </UnitTest>
    <UnitTest name="Test400" id="6efbab32-7a60-43cf-8679-8f840f9cdf7d" storage="TestAssembly.dll">
      <Execution id="335b940f-6a5e-4c4d-bb7d-e7413ad048f3" />
      <TestMethod codeBase="TestAssembly.dll" className="TestNamespace.TestClass10" name="Test400" />
    </UnitTest>
  </TestDefinitions>
  <TestEntries>
    <TestEntry testId="548bb0af-e2a9-48b4-b831-5407ddd9d9e3" executionId="8e08be2c-21fb-4cae-b332-0fb4f5a573ca" testListId="16d501c5-1433-4cdd-8647-6a81edcf5e97" />
    <TestEntry testId="cdc64817-f846-4cd5-93bf-bec5e2eb1920" executionId="6c891c1c-8277-4168-9007-ecb3e24c9df2" testListId="16d501c5-1433-4cdd-8647-6a81edcf5e97" />
    <TestEntry testId="ae63eaba-9e77-4e5e-843a-a738c53ab5bd" executionId="bf3b5ecc-ac65-45de-9c67-6d98674e2a25" testListId="16d501c5-1433-4cdd-8647-6a81edcf5e97" />
    <TestEntry testId="014d28ec-b4bd-4442-acd9-3f7ca8d2c200" executionId="d9ae46c8-1cb2-4723-bb9e-3b58c8a89ac7" testListId="16d501c5-1433-4cdd-8647-6a81edcf5e97" />
    <TestEntry testId="4ab535dc-4ed0-4387-8441-bfbd04cc1f30" executionId="22489e22-fc2a-47c6-8ebc-8ff9006a3dea" testListId="16d501c5-1433-4cdd-8647-6a81edcf5e97" />
    <TestEntry testId="54549b59-2251-4350-814f-01d94d7062a7" executionId="00a78c59-7733-4972-a99d-16f14ae33c34" testListId="16d501c5-1433-4cdd-8647-6a81edcf5e97" />
    <TestEntry testId="5a318326-49b3-40d7-b482-36755e59cf73" executionId="8274013c-cb25-44bb-9d3c-604cda7fc13b" testListId="16d501c5-1433-4cdd-8647-6a81edcf5e97" />
    <TestEntry testId="e8c0c06e-2288-4abb-a1df-97121167bb95" executionId="46a5d734-6071-4f82-a68e-ebd8d2f8fce3" testListId="16d501c5-1433-4cdd-8647-6a81edcf5e97" />
    <TestEntry testId="d582056b-191d-4414-b0bf-6a8cb892baac" executionId="6b0029d1-1445-4c01-981b-8c7d14e6416f" testListId="16d501c5-1433-4cdd-8647-6a81edcf5e97" />
    <TestEntry testId="9cfbeef6-05af-45ae-8ddb-0969beb90be7" executionId="05ea29b5-9de6-4058-a756-fa6214a939f9" testListId="16d501c5-1433-4cdd-8647-6a81edcf5e97" />
    <TestEntry testId="2809f467-ec02-4f27-b58a-9468373554be" executionId="f803d4c8-92dd-4090-8b33-fa89393cb423" testListId="16d501c5-1433-4cdd-8647-6a81edcf5e97" />
    <TestEntry testId="edae87f5-c1bc-4094-bbee-c13933668d0a" executionId="dbcf7105-c865-4ea0-9bc9-687ed8cc90d3" testListId="16d501c5-1433-4cdd-8647-6a81edcf5e97" />
    <TestEntry testId="eb3b2980-59d2-4819-affd-08354f8cda16" executionId="bfebbd76-6a97-49c8-95cb-5ef742de1a27" testListId="16d501c5-1433-4cdd-8647-6a81edcf5e97" />
    <TestEntry testId="8c455f62-4f30-4e24-af57-72d0b5f987ce" executionId="c712629e-ab3e-4a7d-8691-2f7f90c1d0a2" testListId="16d501c5-1433-4cdd-8647-6a81edcf5e97" />
    <TestEntry testId="ba637c05-24b4-4c67-8e25-752d489de372" executionId="8ba6aca8-14a9-4c55-b3e6-df0a7f6ce3c1" testListId="16d501c5-1433-4cdd-8647-6a81edcf5e97" />
    <TestEntry testId="6ed2fb6d-c5fd-43e4-bc9a-7571fae81efd" executionId="a610f002-be99-409a-9fe3-89fbd8f82749" testListId="16d501c5-1433-4cdd-8647-6a81edcf5e97" />
    <TestEntry testId="1ab684fa-4fca-4dda-ad95-0c6fb741a480" executionId="cc47e9d5-04a3-4a35-a3dc-b3be6ff443eb" testListId="16d501c5-1433-4cdd-8647-6a81edcf5e97" />
    <TestEntry testId="bf4ac108-80b8-4c0c-963f-17da656e5001" executionId="f2bc0e5e-aa6d-4676-b60e-4caffab7cf5e" testListId="16d501c5-1433-4cdd-8647-6a81edcf5e97" />
    <TestEntry testId="5ceddf72-7fac-4d17-9e5a-0723ca841585" executionId="9d308ad3-4dca-45d1-a5ac-486541624860" testListId="16d501c5-1433-4cdd-8647-6a81edcf5e97" />
    <TestEntry testId="5971f3ab-2074-4982-9569-9a92d17f76e8" executionId="fa5d61cb-8deb-49c1-90c7-88f11dad90ac" testListId="16d501c5-1433-4cdd-8647-6a81edcf5e97" />
    <TestEntry testId="9393dbbf-c396-46bc-bbd9-fd50fae1c973" executionId="d298dcf0-54bd-4cfa-8089-3bee1b8ec134" testListId="16d501c5-1433-4cdd-8647-6a81edcf5e97" />
    <TestEntry testId="c11fcfcb-e39e-4cfb-bb0f-3f356d87f3a7" executionId="4e52eef3-00e2-47ab-8f45-05fc78bd9039" testListId="16d501c5-1433-4cdd-8647-6a81edcf5e97" />
    <TestEntry testId="1af1e6aa-d12f-4ab9-be1c-d0f22e6d6758" executionId="8e198c08-c2e6-44c9-aa64-d83b06ac1b3d" testListId="16d501c5-1433-4cdd-8647-6a81edcf5e97" />
    <TestEntry testId="019d9b4a-b6cc-435b-b2df-d51ceb4c2aa6" executionId="7ce782df-10ef-4218-8188-cb8bdae6f92c" testListId="16d501c5-1433-4cdd-8647-6a81edcf5e97" />
    <TestEntry testId="f6b8cce4-bfe3-4379-b8b7-6f50273d3ba8" executionId="94554483-4121-49c7-8eba-45b833ca7681" testListId="16d501c5-1433-4cdd-8647-6a81edcf5e97" />
    <TestEntry testId="c602a06c-63b5-41f2-9466-29ac2c3a6938" executionId="4b27da1b-e911-411b-b7cb-1b24ba658a23" testListId="16d501c5-1433-4cdd-8647-6a81edcf5e97" />
    <TestEntry testId="7d815de7-dd51-4e51-8300-9d99201c2c34" executionId="c6fc4e1e-d3f3-40eb-84b7-64bff99fca0f" testListId="16d501c5-1433-4cdd-8647-6a81edcf5e97" />
    <TestEntry testId="e349af78-988b-4b2b-8393-8a7f47840e2f" executionId="5a7aeec6-42cb-4d98-9080-2a0604013a65" testListId="16d501c5-1433-4cdd-8647-6a81edcf5e97" />
    <TestEntry testId="7e083d8a-5d37-43bb-8712-83db12e548c0" executionId="97e1deb4-a7cd-484b-a511-066c2d9c0b5c" testListId="16d501c5-1433-4cdd-8647-6a81edcf5e97" />
    <TestEntry testId="b9df4196-2566-4ea8-a0ae-ce7368adc3b4" executionId="5379e4af-4208-4bc0-864b-8c61384c5205" testListId="16d501c5-1433-4cdd-8647-6a81edcf5e97" />
    <TestEntry testId="13029ec4-6876-4f1f-abf8-eca6323c4fe1" executionId="8590f2a6-c872-4bef-a272-79af2cd95ef1" testListId="16d501c5-1433-4cdd-8647-6a81edcf5e97" />
    <TestEntry testId="29429bac-40ec-4154-a007-eec307b24eb3" executionId="d4e352c3-cf00-4eed-93eb-0cf61d56c4d3" testListId="16d501c5-1433-4cdd-8647-6a81edcf5e97" />
    <TestEntry testId="a599b7c6-d151-49cb-8fe0-940f825984db" executionId="5740ecdb-8ce6-41e3-9693-70a8bc9d9929" testListId="16d501c5-1433-4cdd-8647-6a81edcf5e97" />
    <TestEntry testId="a1a7d00d-bd7d-4df8-a262-2f588aae81e2" executionId="7fa4ff34-4b33-483f-866e-876d068107da" testListId="16d501c5-1433-4cdd-8647-6a81edcf5e97" />
    <TestEntry testId="ecb54d6c-029a-4176-95f8-5180d29c7edc" executionId="cf87606c-0da3-403a-a006-038e3dd12a4c" testListId="16d501c5-1433-4cdd-8647-6a81edcf5e97" />
    <TestEntry testId="f2338981-4c44-4a82-b98b-d7dce66df0c4" executionId="2e82b1a2-e73b-4629-831c-b275dd4b8a53" testListId="16d501c5-1433-4cdd-8647-6a81edcf5e97" />
    <TestEntry testId="0e46e452-1ce5-4096-a45d-743f83b238a6" executionId="05db86fc-dd82-45d7-8525-cb319fa646f2" testListId="16d501c5-1433-4cdd-8647-6a81edcf5e97" />
    <TestEntry testId="a5d3d2fc-1bf8-4389-9446-fd21e2c0072b" executionId="eb99be40-38fa-4ec7-8318-9fdc9f89af5d" testListId="16d501c5-1433-4cdd-8647-6a81edcf5e97" />
    <TestEntry testId="5770f6ac-6776-40dd-9179-701b7050c3e8" executionId="a6470289-05ab-409b-a6a8-6885025cf89a" testListId="16d501c5-1433-4cdd-8647-6a81edcf5e97" />
    <TestEntry testId="8c0bdb40-bbb1-480e-81ca-01e7ef98d410" executionId="927b46a8-f720-4bcf-8397-d6014471cb54" testListId="16d501c5-1433-4cdd-8647-6a81edcf5e97" />
    <TestEntry testId="7b885e62-1b7e-45f3-8085-a12b605e2faf" executionId="76ead441-ba16-4135-9701-3cf9e1f5425d" testListId="16d501c5-1433-4cdd-8647-6a81edcf5e97" />
    <TestEntry testId="037694fb-a718-4622-b08d-1338cf6a2257" executionId="5d9e6173-3d2e-4a29-bdf5-c7d4667c1dfa" testListId="16d501c5-1433-4cdd-8647-6a81edcf5e97" />
    <TestEntry testId="d03944f1-046d-4e3d-be18-89584498a35e" executionId="53f7c258-600b-48f3-ba8d-360dbd1f8fa1" testListId="16d501c5-1433-4cdd-8647-6a81edcf5e97" />
    <TestEntry testId="cd16b166-a547-4d1e-b569-90dd193d041b" executionId="d432b702-f7e6-47e5-98d9-755b86553ccd" testListId="16d501c5-1433-4cdd-8647-6a81edcf5e97" />
    <TestEntry testId="27bffb75-e477-435d-af8b-fc5088866504" executionId="0afc890d-bcf6-464e-b190-3c219843523b" testListId="16d501c5-1433-4cdd-8647-6a81edcf5e97" />
    <TestEntry testId="7fce1d83-98f3-48bf-87e1-56a599346e2d" executionId="08987cb2-4037-48e0-a2a0-3e4b31dc73a5" testListId="16d501c5-1433-4cdd-8647-6a81edcf5e97" />
    <TestEntry testId="6b1e38dc-2cba-418e-b5d5-cfcde405ec90" executionId="ac1fc2cf-d728-447c-9da6-4d76113bb9ee" testListId="16d501c5-1433-4cdd-8647-6a81edcf5e97" />
    <TestEntry testId="4a295408-b6a7-43c7-8cb2-9d5b84c27605" executionId="0128f296-805d-4b6c-961b-4b08a42903b8" testListId="16d501c5-1433-4cdd-8647-6a81edcf5e97" />
    <TestEntry testId="543c10c6-6070-4b0a-96f7-4c115fc788af" executionId="5eefbb05-aaee-463e-812f-24188a0acc57" testListId="16d501c5-1433-4cdd-8647-6a81edcf5e97" />
    <TestEntry testId="53745807-86d2-4c83-a607-3ee3f0b2c2df" executionId="765c7fd1-ec70-4fb0-ae0d-df1068867c50" testListId="16d501c5-1433-4cdd-8647-6a81edcf5e97" />
    <TestEntry testId="cb8a1b27-7484-4ae2-aaff-3892a8a147a7" executionId="173b3502-af1d-4df7-8bcd-d11d78da6c81" testListId="16d501c5-1433-4cdd-8647-6a81edcf5e97" />
    <TestEntry testId="e74887a4-8971-40db-918b-9dde53b22e5a" executionId="69ca5641-8d2a-414b-a751-3a32b6af6dd2" testListId="16d501c5-1433-4cdd-8647-6a81edcf5e97" />
    <TestEntry testId="f06cc85c-fa15-470c-9d2c-7764b9c8ee40" executionId="ee0ba7c1-134f-4013-a3f4-47935ad10e57" testListId="16d501c5-1433-4cdd-8647-6a81edcf5e97" />
    <TestEntry testId="c42cd2c0-5e3f-46c9-8083-9b48f642bca8" executionId="98e1341e-f2c8-4516-8cbe-b01cf99006b7" testListId="16d501c5-1433-4cdd-8647-6a81edcf5e97" />
    <TestEntry testId="9022f8cc-0e0d-4fe6-ba00-62f0bf311756" executionId="8f82a06b-029d-4a63-89fa-b51f62c7aaa8" testListId="16d501c5-1433-4cdd-8647-6a81edcf5e97" />
    <TestEntry testId="73738037-fdce-4718-a82c-cc22b408da45" executionId="2f9304c0-4fa1-4391-9e32-442d205c8e7e" testListId="16d501c5-1433-4cdd-8647-6a81edcf5e97" />
    <TestEntry testId="3d87f172-31ed-47a5-9e16-710d914808e2" executionId="b6051f32-b59b-4076-9dec-3d185a7a6104" testListId="16d501c5-1433-4cdd-8647-6a81edcf5e97" />
    <TestEntry testId="62e13a03-fae5-45f6-baaa-f30065301c9e" executionId="c4114123-1563-42c0-812d-972f80c07f0b" testListId="16d501c5-1433-4cdd-8647-6a81edcf5e97" />
    <TestEntry testId="29adbcbb-cd1f-4954-bfe4-68746c2f79f8" executionId="5db80b83-44a6-47e4-a923-e6dd176abad9" testListId="16d501c5-1433-4cdd-8647-6a81edcf5e97" />
    <TestEntry testId="82f44723-efbf-4cd2-a566-7df7f4760939" executionId="70a8d01a-5ba7-4493-887b-0c4d2c5079fe" testListId="16d501c5-1433-4cdd-8647-6a81edcf5e97" />
    <TestEntry testId="d5a02552-b07b-4045-ae98-77681c7e424b" executionId="1bf1c1da-e472-4c73-a1b5-fe801f172fc6" testListId="16d501c5-1433-4cdd-8647-6a81edcf5e97" />
    <TestEntry testId="c109d511-194d-48e3-9d6f-38f862db8cd7" executionId="30345233-e7b3-4f08-b999-a9aca9bf54b1" testListId="16d501c5-1433-4cdd-8647-6a81edcf5e97" />
    <TestEntry testId="62c915c1-5244-4baa-8e7c-618a3c2dae01" executionId="9bf1a54b-8883-4b16-9559-2f22bd1db949" testListId="16d501c5-1433-4cdd-8647-6a81edcf5e97" />
    <TestEntry testId="d1d5d252-eab2-4d97-85f0-3ad06e209657" executionId="d2c231aa-32cd-4933-b7cb-460cc6ecd37b" testListId="16d501c5-1433-4cdd-8647-6a81edcf5e97" />
    <TestEntry testId="b30cf722-710e-4952-9e5e-4f960ff9e711" executionId="9332dee8-6cf9-430c-8d2c-1ef8fa08dc66" testListId="16d501c5-1433-4cdd-8647-6a81edcf5e97" />
    <TestEntry testId="dd87125e-cfe1-4a22-9ad7-ab345ec9f6a1" executionId="3219b6db-955d-4afa-a981-f58fa4cb978a" testListId="16d501c5-1433-4cdd-8647-6a81edcf5e97" />
    <TestEntry testId="47d14ba1-e426-43d1-81fd-fd1957eb9e64" executionId="d0f910f0-17d1-4e27-8f8d-00f969c2a89c" testListId="16d501c5-1433-4cdd-8647-6a81edcf5e97" />
    <TestEntry testId="56c9c514-c9be-4108-986f-5e233ec13eba" executionId="6141f9be-cc44-40d6-a494-2e238070bb66" testListId="16d501c5-1433-4cdd-8647-6a81edcf5e97" />
    <TestEntry testId="ec7d9739-7992-44f3-8765-690b9ba77f64" executionId="4a7aecf9-10e5-498f-b33f-f6519436663d" testListId="16d501c5-1433-4cdd-8647-6a81edcf5e97" />
    <TestEntry testId="9161556e-299c-45f6-9fb3-fdf302af5816" executionId="27733680-7044-4cc2-b65a-f2550421e78b" testListId="16d501c5-1433-4cdd-8647-6a81edcf5e97" />
    <TestEntry testId="5a6f6fbd-8a4a-4df8-ae00-20e02b29d1e2" executionId="763b7278-caf0-4f01-9e3d-1eb57f92ca73" testListId="16d501c5-1433-4cdd-8647-6a81edcf5e97" />
    <TestEntry testId="3ddd5ab6-9cc8-47fe-a1e0-aa87f2ff9e7c" executionId="e2fb0581-af45-4364-8c01-52a3e7bc12ec" testListId="16d501c5-1433-4cdd-8647-6a81edcf5e97" />
    <TestEntry testId="b08b24be-15bc-42af-87fe-52a50104052c" executionId="e3740e77-4718-44fe-83e4-eabfd1051bf3" testListId="16d501c5-1433-4cdd-8647-6a81edcf5e97" />
    <TestEntry testId="527b0a28-f361-47b1-a1d3-f1aa3827221d" executionId="bb1ee0a3-6a38-4c45-a4ba-411f6059237d" testListId="16d501c5-1433-4cdd-8647-6a81edcf5e97" />
    <TestEntry testId="3e53d098-b1aa-4efe-b30a-b1eff66cb112" executionId="afbf1768-5cdb-4299-b9db-d69d18811c10" testListId="16d501c5-1433-4cdd-8647-6a81edcf5e97" />
    <TestEntry testId="ad61fabd-9403-4a9c-83cf-4e70025c78d8" executionId="f2117ec1-8721-4b19-b345-fbadb11e9c62" testListId="16d501c5-1433-4cdd-8647-6a81edcf5e97" />
    <TestEntry testId="fe6bdf9b-f008-4225-a38c-cca19906cc5b" executionId="a16b195c-2e18-46cf-a345-76088e964d6e" testListId="16d501c5-1433-4cdd-8647-6a81edcf5e97" />
    <TestEntry testId="cdf16a50-b818-4d0c-801d-f88eb727e00a" executionId="b565c9d8-9cf1-49db-ad60-b2bdad644d4a" testListId="16d501c5-1433-4cdd-8647-6a81edcf5e97" />
    <TestEntry testId="cc063db2-76b9-457f-8969-b17e6df9393b" executionId="1a2a0867-6c27-4e4d-b28f-5c445aaa9d5f" testListId="16d501c5-1433-4cdd-8647-6a81edcf5e97" />
    <TestEntry testId="5df8211c-864e-4ff9-ae34-09081e15d87e" executionId="09692a01-0bb8-460c-a9b9-e7987fbc741a" testListId="16d501c5-1433-4cdd-8647-6a81edcf5e97" />
    <TestEntry testId="1da35686-ac62-4b0f-83c1-59a3dc38471a" executionId="e6dac391-271f-45db-b1cc-1906aafd3003" testListId="16d501c5-1433-4cdd-8647-6a81edcf5e97" />
    <TestEntry testId="31a4467f-3cfa-4321-8d9e-67abe9d642f4" executionId="4a07857b-e637-4223-8cc6-d1bf907f6ffe" testListId="16d501c5-1433-4cdd-8647-6a81edcf5e97" />
    <TestEntry testId="69dba5eb-3cb9-40a4-b8a7-0d355f07ad76" executionId="84727424-1073-42ec-b93c-d629c0cace6a" testListId="16d501c5-1433-4cdd-8647-6a81edcf5e97" />
    <TestEntry testId="1b558ccb-c131-4af0-8a63-24ea3749c571" executionId="6f0cf1b5-c1da-404b-a718-5bf55e0e92c4" testListId="16d501c5-1433-4cdd-8647-6a81edcf5e97" />
    <TestEntry testId="aae768bb-6313-420b-ae3f-b819c1ae530e" executionId="ce88f9d6-1966-4263-af7b-566d7b2bf898" testListId="16d501c5-1433-4cdd-8647-6a81edcf5e97" />
    <TestEntry testId="64a4e9c6-e4b6-4f6d-be26-b69a6c910291" executionId="d79cf999-1a70-4ff0-b76d-9e6241ec00fa" testListId="16d501c5-1433-4cdd-8647-6a81edcf5e97" />
    <TestEntry testId="0bfd4ad1-c525-485b-b365-404a6d0dab77" executionId="db3c345d-ea8d-477f-bc8f-1f992cc5109e" testListId="16d501c5-1433-4cdd-8647-6a81edcf5e97" />
    <TestEntry testId="664c572f-dd77-4a0a-965b-997fe1377727" executionId="28bafe2d-5913-47ec-8a3c-35fee185e491" testListId="16d501c5-1433-4cdd-8647-6a81edcf5e97" />
    <TestEntry testId="6ba15d0a-018c-4e12-8226-0a406b6f32d4" executionId="6fdeead7-b731-45c3-b455-cca5a0ed4113" testListId="16d501c5-1433-4cdd-8647-6a81edcf5e97" />
    <TestEntry testId="33d3e2c7-7da6-4048-9d40-3e0c62ff2f93" executionId="d8e294a2-759b-4e4a-a0e1-f2ad465cae37" testListId="16d501c5-1433-4cdd-8647-6a81edcf5e97" />
    <TestEntry testId="35a09a6e-e1bf-4ff0-a619-623145158f52" executionId="9d4c0432-c6b0-425d-a3a4-242f53c75f53" testListId="16d501c5-1433-4cdd-8647-6a81edcf5e97" />
    <TestEntry testId="9f57d08f-42c4-4dba-ba87-d66d0037f38a" executionId="5fa33f1c-a6a6-45f2-943b-6c91a91aeff0" testListId="16d501c5-1433-4cdd-8647-6a81edcf5e97" />
    <TestEntry testId="c97010e8-81aa-4417-97a7-7cbecdd8674b" executionId="59545b74-1a9b-4e1c-84d8-e6f1e2009702" testListId="16d501c5-1433-4cdd-8647-6a81edcf5e97" />
    <TestEntry testId="b22ec164-f322-4181-b87a-235435745296" executionId="02a40612-bae9-4483-a4d2-f3b428ed4340" testListId="16d501c5-1433-4cdd-8647-6a81edcf5e97" />
    <TestEntry testId="d99d8fd3-464c-449d-91f0-155aa94f9390" executionId="61f1821f-6421-4aad-bbeb-4684975c1849" testListId="16d501c5-1433-4cdd-8647-6a81edcf5e97" />
    <TestEntry testId="a6ce4330-d9ff-4ad1-b13c-b9746061a503" executionId="529e6078-81c2-4fb2-b141-23529ad451c7" testListId="16d501c5-1433-4cdd-8647-6a81edcf5e97" />
    <TestEntry testId="ab1f9baf-1f07-4345-861f-c255a41056f1" executionId="4eec937b-2984-4d40-9e53-3e8163f73876" testListId="16d501c5-1433-4cdd-8647-6a81edcf5e97" />
    <TestEntry testId="c41a3d63-10e4-4aa6-bf16-e5bdbee1dba4" executionId="0cc9974d-1755-43a8-96cf-ecafc8e2df29" testListId="16d501c5-1433-4cdd-8647-6a81edcf5e97" />
    <TestEntry testId="27496d70-67e2-4783-b156-2c24204f9cbb" executionId="6f617214-8cad-4841-841c-143894b5dbd1" testListId="16d501c5-1433-4cdd-8647-6a81edcf5e97" />
    <TestEntry testId="6efbab32-7a60-43cf-8679-8f840f9cdf7d" executionId="335b940f-6a5e-4c4d-bb7d-e7413ad048f3" testListId="16d501c5-1433-4cdd-8647-6a81edcf5e97" />
  </TestEntries>
  <TestLists>
    <TestList name="Results Not in a List" id="16d501c5-1433-4cdd-8647-6a81edcf5e97" />
    <TestList name="All Loaded Results" id="e6c4efa5-6fbf-4433-9f9e-f7434829156f" />
  </TestLists>
</TestRun>