<?xml version="1.0" encoding="UTF-8"?>
<TestRun id="41fd29f3-39ae-40e9-af1b-9d91087d5e32" name="Test Run 79" runUser="Oles Galatsan" xmlns="http://microsoft.com/schemas/VisualStudio/TeamTest/2010">
  <Times creation="2025-05-14T13:20:31.3125482Z" queuing="2025-05-14T13:20:31.3125482Z" start="2025-05-14T13:20:31.3146610Z" finish="2025-05-14T13:25:31.3147553Z" />
  <TestSettings name="Test Settings 79" id="bfc97454-1895-4076-a62d-00169cdb6571" />
  <Results>
    <UnitTestResult executionId="a486bd21-e3b0-41e5-9bff-4b310910e9ac" testId="ab9fc2a1-1c48-4057-bed9-6fd6542f57c1" testName="Test7801" computerName="UA-LPT-OGA2" duration="00:00:00.3530000" startTime="2025-05-14T13:20:31.3146610Z" endTime="2025-05-14T13:25:31.3147553Z" testType="13cdc9d9-ddb5-4fa4-a97d-d965ccfc6d4b" outcome="Passed" testListId="5e30eefe-0af0-41b5-b83d-d009fabe10a9" />
    <UnitTestResult executionId="691d4efc-bdb1-48f8-880c-3914c9326281" testId="809bd521-8223-434f-a8db-9d2ffb53500e" testName="Test7802" computerName="UA-LPT-OGA2" duration="00:00:00.9390000" startTime="2025-05-14T13:20:31.3146610Z" endTime="2025-05-14T13:25:31.3147553Z" testType="13cdc9d9-ddb5-4fa4-a97d-d965ccfc6d4b" outcome="Passed" testListId="5e30eefe-0af0-41b5-b83d-d009fabe10a9" />
    <UnitTestResult executionId="ff78946a-e5c8-42dc-a14b-bfcaff175ad8" testId="428d4001-181d-4c61-93de-4ea0e28efce6" testName="Test7803" computerName="UA-LPT-OGA2" duration="00:00:01.5090000" startTime="2025-05-14T13:20:31.3146610Z" endTime="2025-05-14T13:25:31.3147553Z" testType="13cdc9d9-ddb5-4fa4-a97d-d965ccfc6d4b" outcome="Passed" testListId="5e30eefe-0af0-41b5-b83d-d009fabe10a9" />
    <UnitTestResult executionId="2727bd83-a5e0-442e-aa37-dbf22af977e2" testId="bc9f0ff9-6db2-4c1f-9bb4-6e488548c678" testName="Test7804" computerName="UA-LPT-OGA2" duration="00:00:00.8960000" startTime="2025-05-14T13:20:31.3146610Z" endTime="2025-05-14T13:25:31.3147553Z" testType="13cdc9d9-ddb5-4fa4-a97d-d965ccfc6d4b" outcome="Passed" testListId="5e30eefe-0af0-41b5-b83d-d009fabe10a9" />
    <UnitTestResult executionId="d608c3dc-430a-4410-95d3-2b7e5b93543b" testId="8eafcd2e-68ed-4229-a9a9-fbf75091354b" testName="Test7805" computerName="UA-LPT-OGA2" duration="00:00:01.2440000" startTime="2025-05-14T13:20:31.3146610Z" endTime="2025-05-14T13:25:31.3147553Z" testType="13cdc9d9-ddb5-4fa4-a97d-d965ccfc6d4b" outcome="Passed" testListId="5e30eefe-0af0-41b5-b83d-d009fabe10a9" />
    <UnitTestResult executionId="1a2a4c5e-b9b8-4e68-93a5-93492c5942bd" testId="3258b423-d8d5-4525-9c4b-9d9d188b4ea0" testName="Test7806" computerName="UA-LPT-OGA2" duration="00:00:01.1860000" startTime="2025-05-14T13:20:31.3146610Z" endTime="2025-05-14T13:25:31.3147553Z" testType="13cdc9d9-ddb5-4fa4-a97d-d965ccfc6d4b" outcome="Passed" testListId="5e30eefe-0af0-41b5-b83d-d009fabe10a9" />
    <UnitTestResult executionId="4d3d744b-99f4-4be9-b0bb-9d9c1da7eb66" testId="e48c94d7-4478-47df-8f8e-12295bd139b7" testName="Test7807" computerName="UA-LPT-OGA2" duration="00:00:01.9520000" startTime="2025-05-14T13:20:31.3146610Z" endTime="2025-05-14T13:25:31.3147553Z" testType="13cdc9d9-ddb5-4fa4-a97d-d965ccfc6d4b" outcome="Passed" testListId="5e30eefe-0af0-41b5-b83d-d009fabe10a9" />
    <UnitTestResult executionId="068620ca-867f-4a69-b5c5-181c52fd822d" testId="aeba6fb3-4237-4b0d-b5c3-a28831c73456" testName="Test7808" computerName="UA-LPT-OGA2" duration="00:00:00.5860000" startTime="2025-05-14T13:20:31.3146610Z" endTime="2025-05-14T13:25:31.3147553Z" testType="13cdc9d9-ddb5-4fa4-a97d-d965ccfc6d4b" outcome="Passed" testListId="5e30eefe-0af0-41b5-b83d-d009fabe10a9" />
    <UnitTestResult executionId="7ddf5dec-b919-457d-b75a-c7f66854fa73" testId="0d4fa278-3c56-4c69-b7b1-e9f2de77d91d" testName="Test7809" computerName="UA-LPT-OGA2" duration="00:00:00.2920000" startTime="2025-05-14T13:20:31.3146610Z" endTime="2025-05-14T13:25:31.3147553Z" testType="13cdc9d9-ddb5-4fa4-a97d-d965ccfc6d4b" outcome="Passed" testListId="5e30eefe-0af0-41b5-b83d-d009fabe10a9" />
    <UnitTestResult executionId="437a89cc-634f-44b4-b5bf-ea9917ed0499" testId="846c8d62-fbfc-4ce6-b421-810eafbc836a" testName="Test7810" computerName="UA-LPT-OGA2" duration="00:00:01.5300000" startTime="2025-05-14T13:20:31.3146610Z" endTime="2025-05-14T13:25:31.3147553Z" testType="13cdc9d9-ddb5-4fa4-a97d-d965ccfc6d4b" outcome="Failed" testListId="5e30eefe-0af0-41b5-b83d-d009fabe10a9">
      <Output>
        <ErrorInfo>
          <Message>Assertion failed: Expected value did not match actual value.</Message>
          <StackTrace>   at TestNamespace.TestClass.Test() in TestClass.cs:line 97</StackTrace>
        </ErrorInfo>
      </Output>
    </UnitTestResult>
    <UnitTestResult executionId="a50bc9a0-0830-4291-bcbc-518c35748f1e" testId="2b871914-18f1-4142-9612-f73d6427f3a7" testName="Test7811" computerName="UA-LPT-OGA2" duration="00:00:00.9900000" startTime="2025-05-14T13:20:31.3146610Z" endTime="2025-05-14T13:25:31.3147553Z" testType="13cdc9d9-ddb5-4fa4-a97d-d965ccfc6d4b" outcome="Passed" testListId="5e30eefe-0af0-41b5-b83d-d009fabe10a9" />
    <UnitTestResult executionId="f432fb36-1f84-4c4d-bbcf-ab77fd7cf485" testId="90dd3d3e-6e2d-419a-87ab-873ff271dcb5" testName="Test7812" computerName="UA-LPT-OGA2" duration="00:00:01.7790000" startTime="2025-05-14T13:20:31.3146610Z" endTime="2025-05-14T13:25:31.3147553Z" testType="13cdc9d9-ddb5-4fa4-a97d-d965ccfc6d4b" outcome="Failed" testListId="5e30eefe-0af0-41b5-b83d-d009fabe10a9">
      <Output>
        <ErrorInfo>
          <Message>Assertion failed: Expected value did not match actual value.</Message>
          <StackTrace>   at TestNamespace.TestClass.Test() in TestClass.cs:line 468</StackTrace>
        </ErrorInfo>
      </Output>
    </UnitTestResult>
    <UnitTestResult executionId="f6a1194c-ebd5-4549-a0b0-e7096aa0d08b" testId="f62986ea-cc2d-46bf-ba83-1d27cf9aec30" testName="Test7813" computerName="UA-LPT-OGA2" duration="00:00:01.3210000" startTime="2025-05-14T13:20:31.3146610Z" endTime="2025-05-14T13:25:31.3147553Z" testType="13cdc9d9-ddb5-4fa4-a97d-d965ccfc6d4b" outcome="Passed" testListId="5e30eefe-0af0-41b5-b83d-d009fabe10a9" />
    <UnitTestResult executionId="d34c007d-9f48-46d6-951f-61636d35d539" testId="c450483d-b0a9-4954-ab05-9a0589716f43" testName="Test7814" computerName="UA-LPT-OGA2" duration="00:00:00.6060000" startTime="2025-05-14T13:20:31.3146610Z" endTime="2025-05-14T13:25:31.3147553Z" testType="13cdc9d9-ddb5-4fa4-a97d-d965ccfc6d4b" outcome="Passed" testListId="5e30eefe-0af0-41b5-b83d-d009fabe10a9" />
    <UnitTestResult executionId="1ff0bf82-5c72-49a2-b786-d95fea7e14db" testId="f14e5b77-8d5c-465e-b6af-0026006aa66b" testName="Test7815" computerName="UA-LPT-OGA2" duration="00:00:01.1410000" startTime="2025-05-14T13:20:31.3146610Z" endTime="2025-05-14T13:25:31.3147553Z" testType="13cdc9d9-ddb5-4fa4-a97d-d965ccfc6d4b" outcome="Passed" testListId="5e30eefe-0af0-41b5-b83d-d009fabe10a9" />
    <UnitTestResult executionId="e1db47e5-7ca7-49b9-bba2-610363146e9b" testId="729f2762-d1fc-4d1c-a21c-63334bcb1955" testName="Test7816" computerName="UA-LPT-OGA2" duration="00:00:01.1530000" startTime="2025-05-14T13:20:31.3146610Z" endTime="2025-05-14T13:25:31.3147553Z" testType="13cdc9d9-ddb5-4fa4-a97d-d965ccfc6d4b" outcome="Passed" testListId="5e30eefe-0af0-41b5-b83d-d009fabe10a9" />
    <UnitTestResult executionId="3b0b28fd-8809-48b2-91d1-c8c492a53b7b" testId="f36e3185-1a5d-45f5-9b78-3eadc0e76b3b" testName="Test7817" computerName="UA-LPT-OGA2" duration="00:00:01.8910000" startTime="2025-05-14T13:20:31.3146610Z" endTime="2025-05-14T13:25:31.3147553Z" testType="13cdc9d9-ddb5-4fa4-a97d-d965ccfc6d4b" outcome="Passed" testListId="5e30eefe-0af0-41b5-b83d-d009fabe10a9" />
    <UnitTestResult executionId="aa12590d-b1b0-4253-af35-9ec2dc46d183" testId="e42c4807-13d0-462d-acb4-080c5f073914" testName="Test7818" computerName="UA-LPT-OGA2" duration="00:00:01.5830000" startTime="2025-05-14T13:20:31.3146610Z" endTime="2025-05-14T13:25:31.3147553Z" testType="13cdc9d9-ddb5-4fa4-a97d-d965ccfc6d4b" outcome="Passed" testListId="5e30eefe-0af0-41b5-b83d-d009fabe10a9" />
    <UnitTestResult executionId="cbd6ebd5-c5fb-4ebc-a78f-dbfd778fa4d3" testId="2ff77b7e-4ff9-4397-b1b1-374921b1a76c" testName="Test7819" computerName="UA-LPT-OGA2" duration="00:00:01.2100000" startTime="2025-05-14T13:20:31.3146610Z" endTime="2025-05-14T13:25:31.3147553Z" testType="13cdc9d9-ddb5-4fa4-a97d-d965ccfc6d4b" outcome="Passed" testListId="5e30eefe-0af0-41b5-b83d-d009fabe10a9" />
    <UnitTestResult executionId="f3611256-6fe3-420d-8b99-74a7a42c0759" testId="d5147780-d975-454a-824a-f18cbc3533ce" testName="Test7820" computerName="UA-LPT-OGA2" duration="00:00:00.0450000" startTime="2025-05-14T13:20:31.3146610Z" endTime="2025-05-14T13:25:31.3147553Z" testType="13cdc9d9-ddb5-4fa4-a97d-d965ccfc6d4b" outcome="Passed" testListId="5e30eefe-0af0-41b5-b83d-d009fabe10a9" />
    <UnitTestResult executionId="2521f625-21ab-4b79-8bc9-bf26cd87c028" testId="20a18bff-d237-4ebe-9176-ecb9a14b7865" testName="Test7821" computerName="UA-LPT-OGA2" duration="00:00:01.2300000" startTime="2025-05-14T13:20:31.3146610Z" endTime="2025-05-14T13:25:31.3147553Z" testType="13cdc9d9-ddb5-4fa4-a97d-d965ccfc6d4b" outcome="Passed" testListId="5e30eefe-0af0-41b5-b83d-d009fabe10a9" />
    <UnitTestResult executionId="506178b7-e381-42b7-98fc-06b7e32e28f2" testId="1db3c96e-94c0-4f1b-993a-28fa73abe5f4" testName="Test7822" computerName="UA-LPT-OGA2" duration="00:00:00.7290000" startTime="2025-05-14T13:20:31.3146610Z" endTime="2025-05-14T13:25:31.3147553Z" testType="13cdc9d9-ddb5-4fa4-a97d-d965ccfc6d4b" outcome="Passed" testListId="5e30eefe-0af0-41b5-b83d-d009fabe10a9" />
    <UnitTestResult executionId="c75c853f-d9fd-4847-95f1-430f36ec380c" testId="e37507b8-96e3-4b3b-a6e3-b093b37a2d5d" testName="Test7823" computerName="UA-LPT-OGA2" duration="00:00:00.5740000" startTime="2025-05-14T13:20:31.3146610Z" endTime="2025-05-14T13:25:31.3147553Z" testType="13cdc9d9-ddb5-4fa4-a97d-d965ccfc6d4b" outcome="Passed" testListId="5e30eefe-0af0-41b5-b83d-d009fabe10a9" />
    <UnitTestResult executionId="d4af1ffe-76fe-4a2c-b4b6-6352a3491fd8" testId="b7730e0f-103a-4393-8dd3-b3c7018e5410" testName="Test7824" computerName="UA-LPT-OGA2" duration="00:00:01.4830000" startTime="2025-05-14T13:20:31.3146610Z" endTime="2025-05-14T13:25:31.3147553Z" testType="13cdc9d9-ddb5-4fa4-a97d-d965ccfc6d4b" outcome="Passed" testListId="5e30eefe-0af0-41b5-b83d-d009fabe10a9" />
    <UnitTestResult executionId="1b41e633-cad5-4eb5-8252-e136f370409d" testId="c885a248-54a6-4b95-b1f0-40218292ad61" testName="Test7825" computerName="UA-LPT-OGA2" duration="00:00:00.3460000" startTime="2025-05-14T13:20:31.3146610Z" endTime="2025-05-14T13:25:31.3147553Z" testType="13cdc9d9-ddb5-4fa4-a97d-d965ccfc6d4b" outcome="Passed" testListId="5e30eefe-0af0-41b5-b83d-d009fabe10a9" />
    <UnitTestResult executionId="aec2ffa8-95c3-4f24-9abf-174c47488dd2" testId="ca5d2d9b-b20f-4052-a41b-e1289bf51cfe" testName="Test7826" computerName="UA-LPT-OGA2" duration="00:00:01.2130000" startTime="2025-05-14T13:20:31.3146610Z" endTime="2025-05-14T13:25:31.3147553Z" testType="13cdc9d9-ddb5-4fa4-a97d-d965ccfc6d4b" outcome="Passed" testListId="5e30eefe-0af0-41b5-b83d-d009fabe10a9" />
    <UnitTestResult executionId="9275846c-d845-4a0a-a656-1d2b78de032d" testId="b38c321d-c91e-456e-a2bb-a9f6bbc5af5e" testName="Test7827" computerName="UA-LPT-OGA2" duration="00:00:00.8820000" startTime="2025-05-14T13:20:31.3146610Z" endTime="2025-05-14T13:25:31.3147553Z" testType="13cdc9d9-ddb5-4fa4-a97d-d965ccfc6d4b" outcome="Passed" testListId="5e30eefe-0af0-41b5-b83d-d009fabe10a9" />
    <UnitTestResult executionId="a4277039-e648-4d41-8178-87e1e0143bf4" testId="8a83c284-9b52-44e9-bba6-d562da758540" testName="Test7828" computerName="UA-LPT-OGA2" duration="00:00:01.3200000" startTime="2025-05-14T13:20:31.3146610Z" endTime="2025-05-14T13:25:31.3147553Z" testType="13cdc9d9-ddb5-4fa4-a97d-d965ccfc6d4b" outcome="Passed" testListId="5e30eefe-0af0-41b5-b83d-d009fabe10a9" />
    <UnitTestResult executionId="3e4903bf-e6db-40e6-a3d5-cb1e71b62dee" testId="5eb33210-2e08-496e-a264-329ac5b8ac98" testName="Test7829" computerName="UA-LPT-OGA2" duration="00:00:00.8820000" startTime="2025-05-14T13:20:31.3146610Z" endTime="2025-05-14T13:25:31.3147553Z" testType="13cdc9d9-ddb5-4fa4-a97d-d965ccfc6d4b" outcome="Failed" testListId="5e30eefe-0af0-41b5-b83d-d009fabe10a9">
      <Output>
        <ErrorInfo>
          <Message>Assertion failed: Expected value did not match actual value.</Message>
          <StackTrace>   at TestNamespace.TestClass.Test() in TestClass.cs:line 46</StackTrace>
        </ErrorInfo>
      </Output>
    </UnitTestResult>
    <UnitTestResult executionId="1accad80-c9f7-4da4-87dd-86732a81e31c" testId="0909c033-6009-4f4d-b5c9-250cda43b936" testName="Test7830" computerName="UA-LPT-OGA2" duration="00:00:00.7030000" startTime="2025-05-14T13:20:31.3146610Z" endTime="2025-05-14T13:25:31.3147553Z" testType="13cdc9d9-ddb5-4fa4-a97d-d965ccfc6d4b" outcome="Passed" testListId="5e30eefe-0af0-41b5-b83d-d009fabe10a9" />
    <UnitTestResult executionId="ca2b42ec-bafe-4220-9140-cb8da2811982" testId="79d6bdf5-bffe-4d04-a560-d088db2b2e54" testName="Test7831" computerName="UA-LPT-OGA2" duration="00:00:01.8690000" startTime="2025-05-14T13:20:31.3146610Z" endTime="2025-05-14T13:25:31.3147553Z" testType="13cdc9d9-ddb5-4fa4-a97d-d965ccfc6d4b" outcome="Passed" testListId="5e30eefe-0af0-41b5-b83d-d009fabe10a9" />
    <UnitTestResult executionId="92e1792f-926f-41df-b60d-b9536f7fd46d" testId="7c21d664-f76a-4636-9d2e-55c182eccde3" testName="Test7832" computerName="UA-LPT-OGA2" duration="00:00:01.3820000" startTime="2025-05-14T13:20:31.3146610Z" endTime="2025-05-14T13:25:31.3147553Z" testType="13cdc9d9-ddb5-4fa4-a97d-d965ccfc6d4b" outcome="Passed" testListId="5e30eefe-0af0-41b5-b83d-d009fabe10a9" />
    <UnitTestResult executionId="7c4c3a15-6c1d-4250-8e50-087a355c9b17" testId="b3e6387f-a689-4ab7-941e-3b08250c13f7" testName="Test7833" computerName="UA-LPT-OGA2" duration="00:00:01.8350000" startTime="2025-05-14T13:20:31.3146610Z" endTime="2025-05-14T13:25:31.3147553Z" testType="13cdc9d9-ddb5-4fa4-a97d-d965ccfc6d4b" outcome="Passed" testListId="5e30eefe-0af0-41b5-b83d-d009fabe10a9" />
    <UnitTestResult executionId="2f82e5cb-4cd6-4301-a14d-d9d0038903af" testId="9cd29061-1ff8-4e8f-b308-b3e7f5a0f7b6" testName="Test7834" computerName="UA-LPT-OGA2" duration="00:00:01.3420000" startTime="2025-05-14T13:20:31.3146610Z" endTime="2025-05-14T13:25:31.3147553Z" testType="13cdc9d9-ddb5-4fa4-a97d-d965ccfc6d4b" outcome="Passed" testListId="5e30eefe-0af0-41b5-b83d-d009fabe10a9" />
    <UnitTestResult executionId="f4ca941a-2ad3-40df-934f-d20c129fbb07" testId="f067ab6e-6b31-43d2-91af-4e302eb8259c" testName="Test7835" computerName="UA-LPT-OGA2" duration="00:00:00.6600000" startTime="2025-05-14T13:20:31.3146610Z" endTime="2025-05-14T13:25:31.3147553Z" testType="13cdc9d9-ddb5-4fa4-a97d-d965ccfc6d4b" outcome="Passed" testListId="5e30eefe-0af0-41b5-b83d-d009fabe10a9" />
    <UnitTestResult executionId="62567206-382c-4be7-807f-0d4a83a87fa1" testId="aa458283-1826-4d03-bc33-fc4b9b2d23bb" testName="Test7836" computerName="UA-LPT-OGA2" duration="00:00:00.9110000" startTime="2025-05-14T13:20:31.3146610Z" endTime="2025-05-14T13:25:31.3147553Z" testType="13cdc9d9-ddb5-4fa4-a97d-d965ccfc6d4b" outcome="Passed" testListId="5e30eefe-0af0-41b5-b83d-d009fabe10a9" />
    <UnitTestResult executionId="6998a1bd-27b6-48be-a58c-632641778a01" testId="7487c395-f679-4f32-84b6-4d49148c8304" testName="Test7837" computerName="UA-LPT-OGA2" duration="00:00:00.4970000" startTime="2025-05-14T13:20:31.3146610Z" endTime="2025-05-14T13:25:31.3147553Z" testType="13cdc9d9-ddb5-4fa4-a97d-d965ccfc6d4b" outcome="Passed" testListId="5e30eefe-0af0-41b5-b83d-d009fabe10a9" />
    <UnitTestResult executionId="a889c881-cc22-4c7e-907f-88381d946441" testId="b2279aae-87ca-4d04-a831-5fb255f37cbb" testName="Test7838" computerName="UA-LPT-OGA2" duration="00:00:01.5110000" startTime="2025-05-14T13:20:31.3146610Z" endTime="2025-05-14T13:25:31.3147553Z" testType="13cdc9d9-ddb5-4fa4-a97d-d965ccfc6d4b" outcome="Passed" testListId="5e30eefe-0af0-41b5-b83d-d009fabe10a9" />
    <UnitTestResult executionId="31443f9f-4e44-4e16-afb6-41fc2f16f10b" testId="18a2b19a-b7e7-41fb-a0c4-31442b3139a3" testName="Test7839" computerName="UA-LPT-OGA2" duration="00:00:00.2230000" startTime="2025-05-14T13:20:31.3146610Z" endTime="2025-05-14T13:25:31.3147553Z" testType="13cdc9d9-ddb5-4fa4-a97d-d965ccfc6d4b" outcome="Passed" testListId="5e30eefe-0af0-41b5-b83d-d009fabe10a9" />
    <UnitTestResult executionId="df110549-95e9-4698-a0f5-74b2a1715e00" testId="5c078016-209c-4c7f-a470-dc1e4da15aed" testName="Test7840" computerName="UA-LPT-OGA2" duration="00:00:01.5570000" startTime="2025-05-14T13:20:31.3146610Z" endTime="2025-05-14T13:25:31.3147553Z" testType="13cdc9d9-ddb5-4fa4-a97d-d965ccfc6d4b" outcome="Passed" testListId="5e30eefe-0af0-41b5-b83d-d009fabe10a9" />
    <UnitTestResult executionId="31223369-f908-4e37-88bf-72c6b6bd7867" testId="7d6919b0-c328-4628-9e19-8c446777fe4a" testName="Test7841" computerName="UA-LPT-OGA2" duration="00:00:00.2490000" startTime="2025-05-14T13:20:31.3146610Z" endTime="2025-05-14T13:25:31.3147553Z" testType="13cdc9d9-ddb5-4fa4-a97d-d965ccfc6d4b" outcome="Passed" testListId="5e30eefe-0af0-41b5-b83d-d009fabe10a9" />
    <UnitTestResult executionId="5dc583c8-627c-4c7e-a517-921cbc6bcff9" testId="63d3a616-85c8-4b2c-822e-2c971f451cff" testName="Test7842" computerName="UA-LPT-OGA2" duration="00:00:00.9250000" startTime="2025-05-14T13:20:31.3146610Z" endTime="2025-05-14T13:25:31.3147553Z" testType="13cdc9d9-ddb5-4fa4-a97d-d965ccfc6d4b" outcome="Passed" testListId="5e30eefe-0af0-41b5-b83d-d009fabe10a9" />
    <UnitTestResult executionId="95510b8f-446f-4b45-9d52-eeb2c3a5ba42" testId="a8c66c7f-48a6-4a23-bf21-717dc7fd4c55" testName="Test7843" computerName="UA-LPT-OGA2" duration="00:00:01.3210000" startTime="2025-05-14T13:20:31.3146610Z" endTime="2025-05-14T13:25:31.3147553Z" testType="13cdc9d9-ddb5-4fa4-a97d-d965ccfc6d4b" outcome="Passed" testListId="5e30eefe-0af0-41b5-b83d-d009fabe10a9" />
    <UnitTestResult executionId="519d27d0-4153-4b49-ae34-cd5cf3b49f62" testId="6863a5d0-75d9-46b9-9d9f-40986b6b35b3" testName="Test7844" computerName="UA-LPT-OGA2" duration="00:00:00.8100000" startTime="2025-05-14T13:20:31.3146610Z" endTime="2025-05-14T13:25:31.3147553Z" testType="13cdc9d9-ddb5-4fa4-a97d-d965ccfc6d4b" outcome="Passed" testListId="5e30eefe-0af0-41b5-b83d-d009fabe10a9" />
    <UnitTestResult executionId="26e8498e-e074-4da0-820e-b92f407c68ae" testId="cb2e13b7-c127-4747-a1f2-966ca92bf974" testName="Test7845" computerName="UA-LPT-OGA2" duration="00:00:01.0580000" startTime="2025-05-14T13:20:31.3146610Z" endTime="2025-05-14T13:25:31.3147553Z" testType="13cdc9d9-ddb5-4fa4-a97d-d965ccfc6d4b" outcome="Passed" testListId="5e30eefe-0af0-41b5-b83d-d009fabe10a9" />
    <UnitTestResult executionId="bdb654c8-d477-47fe-9af5-dc6500f2e17b" testId="e5d1d5f5-91d3-4bb0-a25d-4680948eefc6" testName="Test7846" computerName="UA-LPT-OGA2" duration="00:00:00.1360000" startTime="2025-05-14T13:20:31.3146610Z" endTime="2025-05-14T13:25:31.3147553Z" testType="13cdc9d9-ddb5-4fa4-a97d-d965ccfc6d4b" outcome="Passed" testListId="5e30eefe-0af0-41b5-b83d-d009fabe10a9" />
    <UnitTestResult executionId="9dab91ab-94ad-442d-a690-81b61ca23953" testId="73dd445a-abd7-492b-a14d-25f726380978" testName="Test7847" computerName="UA-LPT-OGA2" duration="00:00:01.0810000" startTime="2025-05-14T13:20:31.3146610Z" endTime="2025-05-14T13:25:31.3147553Z" testType="13cdc9d9-ddb5-4fa4-a97d-d965ccfc6d4b" outcome="Passed" testListId="5e30eefe-0af0-41b5-b83d-d009fabe10a9" />
    <UnitTestResult executionId="66507988-d4d6-4dc6-bd19-4ca4a73bc299" testId="d09f6937-929b-4e3a-98e5-fbfe5ac22109" testName="Test7848" computerName="UA-LPT-OGA2" duration="00:00:01.0970000" startTime="2025-05-14T13:20:31.3146610Z" endTime="2025-05-14T13:25:31.3147553Z" testType="13cdc9d9-ddb5-4fa4-a97d-d965ccfc6d4b" outcome="Passed" testListId="5e30eefe-0af0-41b5-b83d-d009fabe10a9" />
    <UnitTestResult executionId="c028cdc0-6498-474b-84a7-0b9f868e00f2" testId="a2160ef2-586e-40e8-9dbe-841be6b0ea9c" testName="Test7849" computerName="UA-LPT-OGA2" duration="00:00:01.2080000" startTime="2025-05-14T13:20:31.3146610Z" endTime="2025-05-14T13:25:31.3147553Z" testType="13cdc9d9-ddb5-4fa4-a97d-d965ccfc6d4b" outcome="Passed" testListId="5e30eefe-0af0-41b5-b83d-d009fabe10a9" />
    <UnitTestResult executionId="c87cbdf4-f3e6-4381-90aa-740f870dda55" testId="2f165ecf-943a-4d88-97f3-53841bde34ba" testName="Test7850" computerName="UA-LPT-OGA2" duration="00:00:00.2080000" startTime="2025-05-14T13:20:31.3146610Z" endTime="2025-05-14T13:25:31.3147553Z" testType="13cdc9d9-ddb5-4fa4-a97d-d965ccfc6d4b" outcome="Passed" testListId="5e30eefe-0af0-41b5-b83d-d009fabe10a9" />
    <UnitTestResult executionId="34daca06-1966-42ae-a6c7-2e71d1d8c110" testId="55cb8676-2e46-41da-aed5-641980aa43f5" testName="Test7851" computerName="UA-LPT-OGA2" duration="00:00:00.8310000" startTime="2025-05-14T13:20:31.3146610Z" endTime="2025-05-14T13:25:31.3147553Z" testType="13cdc9d9-ddb5-4fa4-a97d-d965ccfc6d4b" outcome="Passed" testListId="5e30eefe-0af0-41b5-b83d-d009fabe10a9" />
    <UnitTestResult executionId="2c6ba790-35c4-4919-ab69-c1335f1b51e9" testId="6c957007-29e7-43c1-b933-bc7ad7655c94" testName="Test7852" computerName="UA-LPT-OGA2" duration="00:00:01.4690000" startTime="2025-05-14T13:20:31.3146610Z" endTime="2025-05-14T13:25:31.3147553Z" testType="13cdc9d9-ddb5-4fa4-a97d-d965ccfc6d4b" outcome="Passed" testListId="5e30eefe-0af0-41b5-b83d-d009fabe10a9" />
    <UnitTestResult executionId="eb7a57c5-25fe-4d09-999a-9b0b10a7db8f" testId="48327fd0-5c9a-4b58-a566-0c63b178f579" testName="Test7853" computerName="UA-LPT-OGA2" duration="00:00:01.7130000" startTime="2025-05-14T13:20:31.3146610Z" endTime="2025-05-14T13:25:31.3147553Z" testType="13cdc9d9-ddb5-4fa4-a97d-d965ccfc6d4b" outcome="Passed" testListId="5e30eefe-0af0-41b5-b83d-d009fabe10a9" />
    <UnitTestResult executionId="1cd8b880-f184-4e62-a999-73dcd316fb7e" testId="5badb920-4aea-4514-88d8-685186e88471" testName="Test7854" computerName="UA-LPT-OGA2" duration="00:00:00.5710000" startTime="2025-05-14T13:20:31.3146610Z" endTime="2025-05-14T13:25:31.3147553Z" testType="13cdc9d9-ddb5-4fa4-a97d-d965ccfc6d4b" outcome="Passed" testListId="5e30eefe-0af0-41b5-b83d-d009fabe10a9" />
    <UnitTestResult executionId="3cdb4b8b-a670-4190-a882-3a180dd3c326" testId="576a0dfe-3480-4cbe-a7c9-bb13d01e2346" testName="Test7855" computerName="UA-LPT-OGA2" duration="00:00:00.6920000" startTime="2025-05-14T13:20:31.3146610Z" endTime="2025-05-14T13:25:31.3147553Z" testType="13cdc9d9-ddb5-4fa4-a97d-d965ccfc6d4b" outcome="Passed" testListId="5e30eefe-0af0-41b5-b83d-d009fabe10a9" />
    <UnitTestResult executionId="ed90cec1-9ff4-4856-8ee1-b9f271548717" testId="f37d3e91-58bb-45dc-a682-1ce2a08fda69" testName="Test7856" computerName="UA-LPT-OGA2" duration="00:00:01.3800000" startTime="2025-05-14T13:20:31.3146610Z" endTime="2025-05-14T13:25:31.3147553Z" testType="13cdc9d9-ddb5-4fa4-a97d-d965ccfc6d4b" outcome="Passed" testListId="5e30eefe-0af0-41b5-b83d-d009fabe10a9" />
    <UnitTestResult executionId="eb3b8b1f-f675-4aa5-b93f-e570d17216a9" testId="298585a2-8f17-409c-9f95-a5edece83678" testName="Test7857" computerName="UA-LPT-OGA2" duration="00:00:00.6370000" startTime="2025-05-14T13:20:31.3146610Z" endTime="2025-05-14T13:25:31.3147553Z" testType="13cdc9d9-ddb5-4fa4-a97d-d965ccfc6d4b" outcome="Passed" testListId="5e30eefe-0af0-41b5-b83d-d009fabe10a9" />
    <UnitTestResult executionId="eeae99c7-8563-464a-b351-411673951a70" testId="dfa2ac84-51e2-480a-9914-830e3350420e" testName="Test7858" computerName="UA-LPT-OGA2" duration="00:00:00.5400000" startTime="2025-05-14T13:20:31.3146610Z" endTime="2025-05-14T13:25:31.3147553Z" testType="13cdc9d9-ddb5-4fa4-a97d-d965ccfc6d4b" outcome="Passed" testListId="5e30eefe-0af0-41b5-b83d-d009fabe10a9" />
    <UnitTestResult executionId="f643f0bd-b487-4343-bb7f-63636492c9cb" testId="24d3fe4d-345b-4327-bd6e-4a21c5449ba0" testName="Test7859" computerName="UA-LPT-OGA2" duration="00:00:01.2120000" startTime="2025-05-14T13:20:31.3146610Z" endTime="2025-05-14T13:25:31.3147553Z" testType="13cdc9d9-ddb5-4fa4-a97d-d965ccfc6d4b" outcome="Passed" testListId="5e30eefe-0af0-41b5-b83d-d009fabe10a9" />
    <UnitTestResult executionId="2f337555-f808-45dc-8896-6ece04287fe2" testId="57b1381c-971f-4f83-9cbc-10f0ea1b5f2c" testName="Test7860" computerName="UA-LPT-OGA2" duration="00:00:01.2690000" startTime="2025-05-14T13:20:31.3146610Z" endTime="2025-05-14T13:25:31.3147553Z" testType="13cdc9d9-ddb5-4fa4-a97d-d965ccfc6d4b" outcome="Passed" testListId="5e30eefe-0af0-41b5-b83d-d009fabe10a9" />
    <UnitTestResult executionId="bbf02670-4664-4fa7-839e-6ea6a05a99ef" testId="7fbd1666-71f1-43ea-b967-8657af5a9fdc" testName="Test7861" computerName="UA-LPT-OGA2" duration="00:00:00.3440000" startTime="2025-05-14T13:20:31.3146610Z" endTime="2025-05-14T13:25:31.3147553Z" testType="13cdc9d9-ddb5-4fa4-a97d-d965ccfc6d4b" outcome="Passed" testListId="5e30eefe-0af0-41b5-b83d-d009fabe10a9" />
    <UnitTestResult executionId="535a4308-ceb5-44ed-acbb-5ee97abc9cad" testId="75b40bdc-63e0-4dbe-8c24-564049772bed" testName="Test7862" computerName="UA-LPT-OGA2" duration="00:00:00.4980000" startTime="2025-05-14T13:20:31.3146610Z" endTime="2025-05-14T13:25:31.3147553Z" testType="13cdc9d9-ddb5-4fa4-a97d-d965ccfc6d4b" outcome="Failed" testListId="5e30eefe-0af0-41b5-b83d-d009fabe10a9">
      <Output>
        <ErrorInfo>
          <Message>Assertion failed: Expected value did not match actual value.</Message>
          <StackTrace>   at TestNamespace.TestClass.Test() in TestClass.cs:line 50</StackTrace>
        </ErrorInfo>
      </Output>
    </UnitTestResult>
    <UnitTestResult executionId="ebfceaf5-f982-4dbd-bcea-aa374280dea8" testId="c0f8431a-ba04-4855-b7a7-a4b2e07afc8b" testName="Test7863" computerName="UA-LPT-OGA2" duration="00:00:01.4930000" startTime="2025-05-14T13:20:31.3146610Z" endTime="2025-05-14T13:25:31.3147553Z" testType="13cdc9d9-ddb5-4fa4-a97d-d965ccfc6d4b" outcome="Passed" testListId="5e30eefe-0af0-41b5-b83d-d009fabe10a9" />
    <UnitTestResult executionId="64d3b15d-a523-4508-a673-5f34f4c7b065" testId="451cc600-8451-4b28-adad-3c55c792a18e" testName="Test7864" computerName="UA-LPT-OGA2" duration="00:00:00.9950000" startTime="2025-05-14T13:20:31.3146610Z" endTime="2025-05-14T13:25:31.3147553Z" testType="13cdc9d9-ddb5-4fa4-a97d-d965ccfc6d4b" outcome="Passed" testListId="5e30eefe-0af0-41b5-b83d-d009fabe10a9" />
    <UnitTestResult executionId="1aa54f32-92d3-4deb-a40b-fc0740799503" testId="aa90eb29-cb6f-4222-859a-b47e8a52ff11" testName="Test7865" computerName="UA-LPT-OGA2" duration="00:00:01.9030000" startTime="2025-05-14T13:20:31.3146610Z" endTime="2025-05-14T13:25:31.3147553Z" testType="13cdc9d9-ddb5-4fa4-a97d-d965ccfc6d4b" outcome="Passed" testListId="5e30eefe-0af0-41b5-b83d-d009fabe10a9" />
    <UnitTestResult executionId="ce008748-5994-4878-bc88-d8daf7c0b1dc" testId="fbf311c3-9b45-443b-9018-4209e42bc5f5" testName="Test7866" computerName="UA-LPT-OGA2" duration="00:00:01.9670000" startTime="2025-05-14T13:20:31.3146610Z" endTime="2025-05-14T13:25:31.3147553Z" testType="13cdc9d9-ddb5-4fa4-a97d-d965ccfc6d4b" outcome="Passed" testListId="5e30eefe-0af0-41b5-b83d-d009fabe10a9" />
    <UnitTestResult executionId="bfd735e9-6d40-47ab-901c-6016f32bb277" testId="72651a6e-d0b8-4de8-8ff3-d61365835722" testName="Test7867" computerName="UA-LPT-OGA2" duration="00:00:00.0750000" startTime="2025-05-14T13:20:31.3146610Z" endTime="2025-05-14T13:25:31.3147553Z" testType="13cdc9d9-ddb5-4fa4-a97d-d965ccfc6d4b" outcome="Passed" testListId="5e30eefe-0af0-41b5-b83d-d009fabe10a9" />
    <UnitTestResult executionId="a04d6fe4-e824-4ab6-8d5c-5ec6815bfa37" testId="0aafe8e7-6ebb-49b9-9a91-cdd916c4c1d8" testName="Test7868" computerName="UA-LPT-OGA2" duration="00:00:00.5230000" startTime="2025-05-14T13:20:31.3146610Z" endTime="2025-05-14T13:25:31.3147553Z" testType="13cdc9d9-ddb5-4fa4-a97d-d965ccfc6d4b" outcome="Passed" testListId="5e30eefe-0af0-41b5-b83d-d009fabe10a9" />
    <UnitTestResult executionId="cd55638c-6f45-402b-9aae-49faf09a1fb0" testId="3bae2a8c-d69f-46a7-a63b-fbb02031d8da" testName="Test7869" computerName="UA-LPT-OGA2" duration="00:00:01.9170000" startTime="2025-05-14T13:20:31.3146610Z" endTime="2025-05-14T13:25:31.3147553Z" testType="13cdc9d9-ddb5-4fa4-a97d-d965ccfc6d4b" outcome="Passed" testListId="5e30eefe-0af0-41b5-b83d-d009fabe10a9" />
    <UnitTestResult executionId="12206c32-7246-465a-bfb4-a13228b510bf" testId="b197067b-6ccb-4bf0-bf32-09f58a5f63ea" testName="Test7870" computerName="UA-LPT-OGA2" duration="00:00:01.8050000" startTime="2025-05-14T13:20:31.3146610Z" endTime="2025-05-14T13:25:31.3147553Z" testType="13cdc9d9-ddb5-4fa4-a97d-d965ccfc6d4b" outcome="Failed" testListId="5e30eefe-0af0-41b5-b83d-d009fabe10a9">
      <Output>
        <ErrorInfo>
          <Message>Assertion failed: Expected value did not match actual value.</Message>
          <StackTrace>   at TestNamespace.TestClass.Test() in TestClass.cs:line 336</StackTrace>
        </ErrorInfo>
      </Output>
    </UnitTestResult>
    <UnitTestResult executionId="66679131-c926-4d67-82d7-485b74ac7354" testId="cf169924-fb23-424f-8b31-79c5e9671423" testName="Test7871" computerName="UA-LPT-OGA2" duration="00:00:01.1660000" startTime="2025-05-14T13:20:31.3146610Z" endTime="2025-05-14T13:25:31.3147553Z" testType="13cdc9d9-ddb5-4fa4-a97d-d965ccfc6d4b" outcome="Passed" testListId="5e30eefe-0af0-41b5-b83d-d009fabe10a9" />
    <UnitTestResult executionId="a45814c4-ee93-4321-8e0d-cd2fb8fc3ad9" testId="4ab64b2f-fb11-49b1-875c-038c8620a831" testName="Test7872" computerName="UA-LPT-OGA2" duration="00:00:00.8420000" startTime="2025-05-14T13:20:31.3146610Z" endTime="2025-05-14T13:25:31.3147553Z" testType="13cdc9d9-ddb5-4fa4-a97d-d965ccfc6d4b" outcome="Passed" testListId="5e30eefe-0af0-41b5-b83d-d009fabe10a9" />
    <UnitTestResult executionId="263ec41d-7ae1-40e6-ba9c-ebfaf2f78c88" testId="323313dd-9f2b-4925-9713-f80b11d77cfa" testName="Test7873" computerName="UA-LPT-OGA2" duration="00:00:01.1950000" startTime="2025-05-14T13:20:31.3146610Z" endTime="2025-05-14T13:25:31.3147553Z" testType="13cdc9d9-ddb5-4fa4-a97d-d965ccfc6d4b" outcome="Passed" testListId="5e30eefe-0af0-41b5-b83d-d009fabe10a9" />
    <UnitTestResult executionId="a9b156fc-335f-4a92-8efa-221995a2d16c" testId="c2aba692-4654-4993-b65d-99a9900f9f52" testName="Test7874" computerName="UA-LPT-OGA2" duration="00:00:01.3040000" startTime="2025-05-14T13:20:31.3146610Z" endTime="2025-05-14T13:25:31.3147553Z" testType="13cdc9d9-ddb5-4fa4-a97d-d965ccfc6d4b" outcome="Passed" testListId="5e30eefe-0af0-41b5-b83d-d009fabe10a9" />
    <UnitTestResult executionId="dc8d0fbc-75b8-411b-90a5-abd4b03f980f" testId="72cdbb03-466e-4fb0-86cb-5550c32ed6fb" testName="Test7875" computerName="UA-LPT-OGA2" duration="00:00:01.7230000" startTime="2025-05-14T13:20:31.3146610Z" endTime="2025-05-14T13:25:31.3147553Z" testType="13cdc9d9-ddb5-4fa4-a97d-d965ccfc6d4b" outcome="Failed" testListId="5e30eefe-0af0-41b5-b83d-d009fabe10a9">
      <Output>
        <ErrorInfo>
          <Message>Assertion failed: Expected value did not match actual value.</Message>
          <StackTrace>   at TestNamespace.TestClass.Test() in TestClass.cs:line 356</StackTrace>
        </ErrorInfo>
      </Output>
    </UnitTestResult>
    <UnitTestResult executionId="df5fd539-8f01-43ce-8a12-776071e424ae" testId="c63198ea-fde2-40db-a6f7-d511cc30f246" testName="Test7876" computerName="UA-LPT-OGA2" duration="00:00:00.2910000" startTime="2025-05-14T13:20:31.3146610Z" endTime="2025-05-14T13:25:31.3147553Z" testType="13cdc9d9-ddb5-4fa4-a97d-d965ccfc6d4b" outcome="Passed" testListId="5e30eefe-0af0-41b5-b83d-d009fabe10a9" />
    <UnitTestResult executionId="bd09b3e9-6bce-444c-8f5b-c9e726340798" testId="cd9f1169-bd61-47b0-9d5a-49ef0a7b5c71" testName="Test7877" computerName="UA-LPT-OGA2" duration="00:00:01.8290000" startTime="2025-05-14T13:20:31.3146610Z" endTime="2025-05-14T13:25:31.3147553Z" testType="13cdc9d9-ddb5-4fa4-a97d-d965ccfc6d4b" outcome="Passed" testListId="5e30eefe-0af0-41b5-b83d-d009fabe10a9" />
    <UnitTestResult executionId="0cf46c4b-13f2-454c-9829-f53d7850e1b5" testId="66f988ae-dc49-481b-b4b0-2867445b5341" testName="Test7878" computerName="UA-LPT-OGA2" duration="00:00:01.6550000" startTime="2025-05-14T13:20:31.3146610Z" endTime="2025-05-14T13:25:31.3147553Z" testType="13cdc9d9-ddb5-4fa4-a97d-d965ccfc6d4b" outcome="Passed" testListId="5e30eefe-0af0-41b5-b83d-d009fabe10a9" />
    <UnitTestResult executionId="d02f666b-e303-4096-a918-a5bb9126b2d9" testId="e385bd37-1a93-42e4-bfad-2d086a5e92b6" testName="Test7879" computerName="UA-LPT-OGA2" duration="00:00:01.3670000" startTime="2025-05-14T13:20:31.3146610Z" endTime="2025-05-14T13:25:31.3147553Z" testType="13cdc9d9-ddb5-4fa4-a97d-d965ccfc6d4b" outcome="Passed" testListId="5e30eefe-0af0-41b5-b83d-d009fabe10a9" />
    <UnitTestResult executionId="73bef23b-ab6c-466b-9f75-f4481950c503" testId="760ee848-97d6-478a-9f10-ca5a7461a4d1" testName="Test7880" computerName="UA-LPT-OGA2" duration="00:00:00.6830000" startTime="2025-05-14T13:20:31.3146610Z" endTime="2025-05-14T13:25:31.3147553Z" testType="13cdc9d9-ddb5-4fa4-a97d-d965ccfc6d4b" outcome="Passed" testListId="5e30eefe-0af0-41b5-b83d-d009fabe10a9" />
    <UnitTestResult executionId="1393f46d-b1d7-44b1-8795-1f821c91e81f" testId="4d7c29f4-90ca-4cff-8f13-f52dea4d8cae" testName="Test7881" computerName="UA-LPT-OGA2" duration="00:00:01.9430000" startTime="2025-05-14T13:20:31.3146610Z" endTime="2025-05-14T13:25:31.3147553Z" testType="13cdc9d9-ddb5-4fa4-a97d-d965ccfc6d4b" outcome="Passed" testListId="5e30eefe-0af0-41b5-b83d-d009fabe10a9" />
    <UnitTestResult executionId="a27d9552-563e-4a61-b9e2-bbd0b5d839c4" testId="726330a0-ad84-4525-bd33-42cae5f4d774" testName="Test7882" computerName="UA-LPT-OGA2" duration="00:00:00.7300000" startTime="2025-05-14T13:20:31.3146610Z" endTime="2025-05-14T13:25:31.3147553Z" testType="13cdc9d9-ddb5-4fa4-a97d-d965ccfc6d4b" outcome="Failed" testListId="5e30eefe-0af0-41b5-b83d-d009fabe10a9">
      <Output>
        <ErrorInfo>
          <Message>Assertion failed: Expected value did not match actual value.</Message>
          <StackTrace>   at TestNamespace.TestClass.Test() in TestClass.cs:line 121</StackTrace>
        </ErrorInfo>
      </Output>
    </UnitTestResult>
    <UnitTestResult executionId="38768644-58b5-4018-8b73-aa3ba340323c" testId="13b613af-a72e-44a3-825f-6230261edb4b" testName="Test7883" computerName="UA-LPT-OGA2" duration="00:00:01.4710000" startTime="2025-05-14T13:20:31.3146610Z" endTime="2025-05-14T13:25:31.3147553Z" testType="13cdc9d9-ddb5-4fa4-a97d-d965ccfc6d4b" outcome="Passed" testListId="5e30eefe-0af0-41b5-b83d-d009fabe10a9" />
    <UnitTestResult executionId="75e84ee6-470b-4bac-83f6-e26eeb859b4b" testId="76db8f48-b8b2-4847-bc33-ef384b0745b8" testName="Test7884" computerName="UA-LPT-OGA2" duration="00:00:00.8730000" startTime="2025-05-14T13:20:31.3146610Z" endTime="2025-05-14T13:25:31.3147553Z" testType="13cdc9d9-ddb5-4fa4-a97d-d965ccfc6d4b" outcome="Passed" testListId="5e30eefe-0af0-41b5-b83d-d009fabe10a9" />
    <UnitTestResult executionId="950dbce9-073a-46c2-9381-6adcf2cc7428" testId="1364f26e-a84f-4d4d-b799-1c70aefe249d" testName="Test7885" computerName="UA-LPT-OGA2" duration="00:00:00.6730000" startTime="2025-05-14T13:20:31.3146610Z" endTime="2025-05-14T13:25:31.3147553Z" testType="13cdc9d9-ddb5-4fa4-a97d-d965ccfc6d4b" outcome="Passed" testListId="5e30eefe-0af0-41b5-b83d-d009fabe10a9" />
    <UnitTestResult executionId="2da47267-1e18-42f0-bb06-ee9d86e57500" testId="b1630aba-8ebd-41b7-a1d4-7526e9ef0a07" testName="Test7886" computerName="UA-LPT-OGA2" duration="00:00:00.8830000" startTime="2025-05-14T13:20:31.3146610Z" endTime="2025-05-14T13:25:31.3147553Z" testType="13cdc9d9-ddb5-4fa4-a97d-d965ccfc6d4b" outcome="Passed" testListId="5e30eefe-0af0-41b5-b83d-d009fabe10a9" />
    <UnitTestResult executionId="4398ac13-4cc3-4a86-952f-a96fd0692568" testId="cc4a01a9-af6c-4034-ad87-30bbcb2359e4" testName="Test7887" computerName="UA-LPT-OGA2" duration="00:00:00.9080000" startTime="2025-05-14T13:20:31.3146610Z" endTime="2025-05-14T13:25:31.3147553Z" testType="13cdc9d9-ddb5-4fa4-a97d-d965ccfc6d4b" outcome="Passed" testListId="5e30eefe-0af0-41b5-b83d-d009fabe10a9" />
    <UnitTestResult executionId="eb420fc8-a281-4c68-abce-e2ea3f84ff05" testId="caa5b576-2a84-4c45-947a-79da77eb9d0a" testName="Test7888" computerName="UA-LPT-OGA2" duration="00:00:01.8520000" startTime="2025-05-14T13:20:31.3146610Z" endTime="2025-05-14T13:25:31.3147553Z" testType="13cdc9d9-ddb5-4fa4-a97d-d965ccfc6d4b" outcome="Passed" testListId="5e30eefe-0af0-41b5-b83d-d009fabe10a9" />
    <UnitTestResult executionId="55b00e9c-26ca-420c-bd5a-bda80f44acbf" testId="75909c22-616c-4c29-823c-a1211487eb98" testName="Test7889" computerName="UA-LPT-OGA2" duration="00:00:00.7040000" startTime="2025-05-14T13:20:31.3146610Z" endTime="2025-05-14T13:25:31.3147553Z" testType="13cdc9d9-ddb5-4fa4-a97d-d965ccfc6d4b" outcome="Passed" testListId="5e30eefe-0af0-41b5-b83d-d009fabe10a9" />
    <UnitTestResult executionId="c9d198cc-2cfb-4ea1-8944-ead8d6d71af3" testId="14f19656-aba8-44a4-a243-68f89b1a195d" testName="Test7890" computerName="UA-LPT-OGA2" duration="00:00:00.2600000" startTime="2025-05-14T13:20:31.3146610Z" endTime="2025-05-14T13:25:31.3147553Z" testType="13cdc9d9-ddb5-4fa4-a97d-d965ccfc6d4b" outcome="Passed" testListId="5e30eefe-0af0-41b5-b83d-d009fabe10a9" />
    <UnitTestResult executionId="0b150888-376f-4a74-9a66-fd7a9c70fb5f" testId="27fc79d1-d900-4a0d-b155-658eb3a57ad5" testName="Test7891" computerName="UA-LPT-OGA2" duration="00:00:00.3310000" startTime="2025-05-14T13:20:31.3146610Z" endTime="2025-05-14T13:25:31.3147553Z" testType="13cdc9d9-ddb5-4fa4-a97d-d965ccfc6d4b" outcome="Passed" testListId="5e30eefe-0af0-41b5-b83d-d009fabe10a9" />
    <UnitTestResult executionId="4f344887-7be9-45a1-b734-252a56faf268" testId="bdce15ea-bde7-4c19-af1d-b51e2c178fa0" testName="Test7892" computerName="UA-LPT-OGA2" duration="00:00:00.9720000" startTime="2025-05-14T13:20:31.3146610Z" endTime="2025-05-14T13:25:31.3147553Z" testType="13cdc9d9-ddb5-4fa4-a97d-d965ccfc6d4b" outcome="Passed" testListId="5e30eefe-0af0-41b5-b83d-d009fabe10a9" />
    <UnitTestResult executionId="38784a69-7ab6-4109-98bb-c9197ab3c0d2" testId="5b092099-f4d2-40bc-a513-498371fdc38f" testName="Test7893" computerName="UA-LPT-OGA2" duration="00:00:00.5310000" startTime="2025-05-14T13:20:31.3146610Z" endTime="2025-05-14T13:25:31.3147553Z" testType="13cdc9d9-ddb5-4fa4-a97d-d965ccfc6d4b" outcome="Passed" testListId="5e30eefe-0af0-41b5-b83d-d009fabe10a9" />
    <UnitTestResult executionId="1dbefbe7-22aa-49d1-b5bf-f0d66d0c7c1c" testId="a1259c60-1d2f-4919-a33b-8fc512373f01" testName="Test7894" computerName="UA-LPT-OGA2" duration="00:00:00.9190000" startTime="2025-05-14T13:20:31.3146610Z" endTime="2025-05-14T13:25:31.3147553Z" testType="13cdc9d9-ddb5-4fa4-a97d-d965ccfc6d4b" outcome="Passed" testListId="5e30eefe-0af0-41b5-b83d-d009fabe10a9" />
    <UnitTestResult executionId="dfb5a67e-46f9-4b58-9992-8df2a7604d08" testId="361559c3-bf9e-4466-915c-c0acc91d44f7" testName="Test7895" computerName="UA-LPT-OGA2" duration="00:00:01.7470000" startTime="2025-05-14T13:20:31.3146610Z" endTime="2025-05-14T13:25:31.3147553Z" testType="13cdc9d9-ddb5-4fa4-a97d-d965ccfc6d4b" outcome="Passed" testListId="5e30eefe-0af0-41b5-b83d-d009fabe10a9" />
    <UnitTestResult executionId="d35ffba8-319d-450f-adc0-8579cebe8543" testId="95cfc3f4-93d0-4442-bd5f-9ac6ea75ec67" testName="Test7896" computerName="UA-LPT-OGA2" duration="00:00:00.4740000" startTime="2025-05-14T13:20:31.3146610Z" endTime="2025-05-14T13:25:31.3147553Z" testType="13cdc9d9-ddb5-4fa4-a97d-d965ccfc6d4b" outcome="Passed" testListId="5e30eefe-0af0-41b5-b83d-d009fabe10a9" />
    <UnitTestResult executionId="cec6ba72-1c60-4565-8c3e-ae43f05f66bd" testId="d45683a5-36b2-4b84-8160-bf6b7575ca91" testName="Test7897" computerName="UA-LPT-OGA2" duration="00:00:00.5330000" startTime="2025-05-14T13:20:31.3146610Z" endTime="2025-05-14T13:25:31.3147553Z" testType="13cdc9d9-ddb5-4fa4-a97d-d965ccfc6d4b" outcome="Passed" testListId="5e30eefe-0af0-41b5-b83d-d009fabe10a9" />
    <UnitTestResult executionId="2f61695a-70ec-4917-bb9e-8332ad62f23a" testId="68cbf09e-d774-407e-87f4-b3d2c6530780" testName="Test7898" computerName="UA-LPT-OGA2" duration="00:00:00.5560000" startTime="2025-05-14T13:20:31.3146610Z" endTime="2025-05-14T13:25:31.3147553Z" testType="13cdc9d9-ddb5-4fa4-a97d-d965ccfc6d4b" outcome="Failed" testListId="5e30eefe-0af0-41b5-b83d-d009fabe10a9">
      <Output>
        <ErrorInfo>
          <Message>Assertion failed: Expected value did not match actual value.</Message>
          <StackTrace>   at TestNamespace.TestClass.Test() in TestClass.cs:line 133</StackTrace>
        </ErrorInfo>
      </Output>
    </UnitTestResult>
    <UnitTestResult executionId="158f18bc-28aa-469d-ba78-75afda7477ee" testId="bdfae7a9-0934-4663-a185-e89a9e4d9113" testName="Test7899" computerName="UA-LPT-OGA2" duration="00:00:01.9070000" startTime="2025-05-14T13:20:31.3146610Z" endTime="2025-05-14T13:25:31.3147553Z" testType="13cdc9d9-ddb5-4fa4-a97d-d965ccfc6d4b" outcome="Passed" testListId="5e30eefe-0af0-41b5-b83d-d009fabe10a9" />
    <UnitTestResult executionId="8f3c9476-6492-4729-ac5a-f799655a6367" testId="1404dcb6-0d80-4f89-bf79-4e34a382d408" testName="Test7900" computerName="UA-LPT-OGA2" duration="00:00:00.3930000" startTime="2025-05-14T13:20:31.3146610Z" endTime="2025-05-14T13:25:31.3147553Z" testType="13cdc9d9-ddb5-4fa4-a97d-d965ccfc6d4b" outcome="Passed" testListId="5e30eefe-0af0-41b5-b83d-d009fabe10a9" />
  </Results>
  <TestDefinitions>
    <UnitTest name="Test7801" id="ab9fc2a1-1c48-4057-bed9-6fd6542f57c1" storage="TestAssembly.dll">
      <Execution id="a486bd21-e3b0-41e5-9bff-4b310910e9ac" />
      <TestMethod codeBase="TestAssembly.dll" className="TestNamespace.TestClass1" name="Test7801" />
    </UnitTest>
    <UnitTest name="Test7802" id="809bd521-8223-434f-a8db-9d2ffb53500e" storage="TestAssembly.dll">
      <Execution id="691d4efc-bdb1-48f8-880c-3914c9326281" />
      <TestMethod codeBase="TestAssembly.dll" className="TestNamespace.TestClass1" name="Test7802" />
    </UnitTest>
    <UnitTest name="Test7803" id="428d4001-181d-4c61-93de-4ea0e28efce6" storage="TestAssembly.dll">
      <Execution id="ff78946a-e5c8-42dc-a14b-bfcaff175ad8" />
      <TestMethod codeBase="TestAssembly.dll" className="TestNamespace.TestClass1" name="Test7803" />
    </UnitTest>
    <UnitTest name="Test7804" id="bc9f0ff9-6db2-4c1f-9bb4-6e488548c678" storage="TestAssembly.dll">
      <Execution id="2727bd83-a5e0-442e-aa37-dbf22af977e2" />
      <TestMethod codeBase="TestAssembly.dll" className="TestNamespace.TestClass1" name="Test7804" />
    </UnitTest>
    <UnitTest name="Test7805" id="8eafcd2e-68ed-4229-a9a9-fbf75091354b" storage="TestAssembly.dll">
      <Execution id="d608c3dc-430a-4410-95d3-2b7e5b93543b" />
      <TestMethod codeBase="TestAssembly.dll" className="TestNamespace.TestClass1" name="Test7805" />
    </UnitTest>
    <UnitTest name="Test7806" id="3258b423-d8d5-4525-9c4b-9d9d188b4ea0" storage="TestAssembly.dll">
      <Execution id="1a2a4c5e-b9b8-4e68-93a5-93492c5942bd" />
      <TestMethod codeBase="TestAssembly.dll" className="TestNamespace.TestClass1" name="Test7806" />
    </UnitTest>
    <UnitTest name="Test7807" id="e48c94d7-4478-47df-8f8e-12295bd139b7" storage="TestAssembly.dll">
      <Execution id="4d3d744b-99f4-4be9-b0bb-9d9c1da7eb66" />
      <TestMethod codeBase="TestAssembly.dll" className="TestNamespace.TestClass1" name="Test7807" />
    </UnitTest>
    <UnitTest name="Test7808" id="aeba6fb3-4237-4b0d-b5c3-a28831c73456" storage="TestAssembly.dll">
      <Execution id="068620ca-867f-4a69-b5c5-181c52fd822d" />
      <TestMethod codeBase="TestAssembly.dll" className="TestNamespace.TestClass1" name="Test7808" />
    </UnitTest>
    <UnitTest name="Test7809" id="0d4fa278-3c56-4c69-b7b1-e9f2de77d91d" storage="TestAssembly.dll">
      <Execution id="7ddf5dec-b919-457d-b75a-c7f66854fa73" />
      <TestMethod codeBase="TestAssembly.dll" className="TestNamespace.TestClass1" name="Test7809" />
    </UnitTest>
    <UnitTest name="Test7810" id="846c8d62-fbfc-4ce6-b421-810eafbc836a" storage="TestAssembly.dll">
      <Execution id="437a89cc-634f-44b4-b5bf-ea9917ed0499" />
      <TestMethod codeBase="TestAssembly.dll" className="TestNamespace.TestClass1" name="Test7810" />
    </UnitTest>
    <UnitTest name="Test7811" id="2b871914-18f1-4142-9612-f73d6427f3a7" storage="TestAssembly.dll">
      <Execution id="a50bc9a0-0830-4291-bcbc-518c35748f1e" />
      <TestMethod codeBase="TestAssembly.dll" className="TestNamespace.TestClass2" name="Test7811" />
    </UnitTest>
    <UnitTest name="Test7812" id="90dd3d3e-6e2d-419a-87ab-873ff271dcb5" storage="TestAssembly.dll">
      <Execution id="f432fb36-1f84-4c4d-bbcf-ab77fd7cf485" />
      <TestMethod codeBase="TestAssembly.dll" className="TestNamespace.TestClass2" name="Test7812" />
    </UnitTest>
    <UnitTest name="Test7813" id="f62986ea-cc2d-46bf-ba83-1d27cf9aec30" storage="TestAssembly.dll">
      <Execution id="f6a1194c-ebd5-4549-a0b0-e7096aa0d08b" />
      <TestMethod codeBase="TestAssembly.dll" className="TestNamespace.TestClass2" name="Test7813" />
    </UnitTest>
    <UnitTest name="Test7814" id="c450483d-b0a9-4954-ab05-9a0589716f43" storage="TestAssembly.dll">
      <Execution id="d34c007d-9f48-46d6-951f-61636d35d539" />
      <TestMethod codeBase="TestAssembly.dll" className="TestNamespace.TestClass2" name="Test7814" />
    </UnitTest>
    <UnitTest name="Test7815" id="f14e5b77-8d5c-465e-b6af-0026006aa66b" storage="TestAssembly.dll">
      <Execution id="1ff0bf82-5c72-49a2-b786-d95fea7e14db" />
      <TestMethod codeBase="TestAssembly.dll" className="TestNamespace.TestClass2" name="Test7815" />
    </UnitTest>
    <UnitTest name="Test7816" id="729f2762-d1fc-4d1c-a21c-63334bcb1955" storage="TestAssembly.dll">
      <Execution id="e1db47e5-7ca7-49b9-bba2-610363146e9b" />
      <TestMethod codeBase="TestAssembly.dll" className="TestNamespace.TestClass2" name="Test7816" />
    </UnitTest>
    <UnitTest name="Test7817" id="f36e3185-1a5d-45f5-9b78-3eadc0e76b3b" storage="TestAssembly.dll">
      <Execution id="3b0b28fd-8809-48b2-91d1-c8c492a53b7b" />
      <TestMethod codeBase="TestAssembly.dll" className="TestNamespace.TestClass2" name="Test7817" />
    </UnitTest>
    <UnitTest name="Test7818" id="e42c4807-13d0-462d-acb4-080c5f073914" storage="TestAssembly.dll">
      <Execution id="aa12590d-b1b0-4253-af35-9ec2dc46d183" />
      <TestMethod codeBase="TestAssembly.dll" className="TestNamespace.TestClass2" name="Test7818" />
    </UnitTest>
    <UnitTest name="Test7819" id="2ff77b7e-4ff9-4397-b1b1-374921b1a76c" storage="TestAssembly.dll">
      <Execution id="cbd6ebd5-c5fb-4ebc-a78f-dbfd778fa4d3" />
      <TestMethod codeBase="TestAssembly.dll" className="TestNamespace.TestClass2" name="Test7819" />
    </UnitTest>
    <UnitTest name="Test7820" id="d5147780-d975-454a-824a-f18cbc3533ce" storage="TestAssembly.dll">
      <Execution id="f3611256-6fe3-420d-8b99-74a7a42c0759" />
      <TestMethod codeBase="TestAssembly.dll" className="TestNamespace.TestClass2" name="Test7820" />
    </UnitTest>
    <UnitTest name="Test7821" id="20a18bff-d237-4ebe-9176-ecb9a14b7865" storage="TestAssembly.dll">
      <Execution id="2521f625-21ab-4b79-8bc9-bf26cd87c028" />
      <TestMethod codeBase="TestAssembly.dll" className="TestNamespace.TestClass3" name="Test7821" />
    </UnitTest>
    <UnitTest name="Test7822" id="1db3c96e-94c0-4f1b-993a-28fa73abe5f4" storage="TestAssembly.dll">
      <Execution id="506178b7-e381-42b7-98fc-06b7e32e28f2" />
      <TestMethod codeBase="TestAssembly.dll" className="TestNamespace.TestClass3" name="Test7822" />
    </UnitTest>
    <UnitTest name="Test7823" id="e37507b8-96e3-4b3b-a6e3-b093b37a2d5d" storage="TestAssembly.dll">
      <Execution id="c75c853f-d9fd-4847-95f1-430f36ec380c" />
      <TestMethod codeBase="TestAssembly.dll" className="TestNamespace.TestClass3" name="Test7823" />
    </UnitTest>
    <UnitTest name="Test7824" id="b7730e0f-103a-4393-8dd3-b3c7018e5410" storage="TestAssembly.dll">
      <Execution id="d4af1ffe-76fe-4a2c-b4b6-6352a3491fd8" />
      <TestMethod codeBase="TestAssembly.dll" className="TestNamespace.TestClass3" name="Test7824" />
    </UnitTest>
    <UnitTest name="Test7825" id="c885a248-54a6-4b95-b1f0-40218292ad61" storage="TestAssembly.dll">
      <Execution id="1b41e633-cad5-4eb5-8252-e136f370409d" />
      <TestMethod codeBase="TestAssembly.dll" className="TestNamespace.TestClass3" name="Test7825" />
    </UnitTest>
    <UnitTest name="Test7826" id="ca5d2d9b-b20f-4052-a41b-e1289bf51cfe" storage="TestAssembly.dll">
      <Execution id="aec2ffa8-95c3-4f24-9abf-174c47488dd2" />
      <TestMethod codeBase="TestAssembly.dll" className="TestNamespace.TestClass3" name="Test7826" />
    </UnitTest>
    <UnitTest name="Test7827" id="b38c321d-c91e-456e-a2bb-a9f6bbc5af5e" storage="TestAssembly.dll">
      <Execution id="9275846c-d845-4a0a-a656-1d2b78de032d" />
      <TestMethod codeBase="TestAssembly.dll" className="TestNamespace.TestClass3" name="Test7827" />
    </UnitTest>
    <UnitTest name="Test7828" id="8a83c284-9b52-44e9-bba6-d562da758540" storage="TestAssembly.dll">
      <Execution id="a4277039-e648-4d41-8178-87e1e0143bf4" />
      <TestMethod codeBase="TestAssembly.dll" className="TestNamespace.TestClass3" name="Test7828" />
    </UnitTest>
    <UnitTest name="Test7829" id="5eb33210-2e08-496e-a264-329ac5b8ac98" storage="TestAssembly.dll">
      <Execution id="3e4903bf-e6db-40e6-a3d5-cb1e71b62dee" />
      <TestMethod codeBase="TestAssembly.dll" className="TestNamespace.TestClass3" name="Test7829" />
    </UnitTest>
    <UnitTest name="Test7830" id="0909c033-6009-4f4d-b5c9-250cda43b936" storage="TestAssembly.dll">
      <Execution id="1accad80-c9f7-4da4-87dd-86732a81e31c" />
      <TestMethod codeBase="TestAssembly.dll" className="TestNamespace.TestClass3" name="Test7830" />
    </UnitTest>
    <UnitTest name="Test7831" id="79d6bdf5-bffe-4d04-a560-d088db2b2e54" storage="TestAssembly.dll">
      <Execution id="ca2b42ec-bafe-4220-9140-cb8da2811982" />
      <TestMethod codeBase="TestAssembly.dll" className="TestNamespace.TestClass4" name="Test7831" />
    </UnitTest>
    <UnitTest name="Test7832" id="7c21d664-f76a-4636-9d2e-55c182eccde3" storage="TestAssembly.dll">
      <Execution id="92e1792f-926f-41df-b60d-b9536f7fd46d" />
      <TestMethod codeBase="TestAssembly.dll" className="TestNamespace.TestClass4" name="Test7832" />
    </UnitTest>
    <UnitTest name="Test7833" id="b3e6387f-a689-4ab7-941e-3b08250c13f7" storage="TestAssembly.dll">
      <Execution id="7c4c3a15-6c1d-4250-8e50-087a355c9b17" />
      <TestMethod codeBase="TestAssembly.dll" className="TestNamespace.TestClass4" name="Test7833" />
    </UnitTest>
    <UnitTest name="Test7834" id="9cd29061-1ff8-4e8f-b308-b3e7f5a0f7b6" storage="TestAssembly.dll">
      <Execution id="2f82e5cb-4cd6-4301-a14d-d9d0038903af" />
      <TestMethod codeBase="TestAssembly.dll" className="TestNamespace.TestClass4" name="Test7834" />
    </UnitTest>
    <UnitTest name="Test7835" id="f067ab6e-6b31-43d2-91af-4e302eb8259c" storage="TestAssembly.dll">
      <Execution id="f4ca941a-2ad3-40df-934f-d20c129fbb07" />
      <TestMethod codeBase="TestAssembly.dll" className="TestNamespace.TestClass4" name="Test7835" />
    </UnitTest>
    <UnitTest name="Test7836" id="aa458283-1826-4d03-bc33-fc4b9b2d23bb" storage="TestAssembly.dll">
      <Execution id="62567206-382c-4be7-807f-0d4a83a87fa1" />
      <TestMethod codeBase="TestAssembly.dll" className="TestNamespace.TestClass4" name="Test7836" />
    </UnitTest>
    <UnitTest name="Test7837" id="7487c395-f679-4f32-84b6-4d49148c8304" storage="TestAssembly.dll">
      <Execution id="6998a1bd-27b6-48be-a58c-632641778a01" />
      <TestMethod codeBase="TestAssembly.dll" className="TestNamespace.TestClass4" name="Test7837" />
    </UnitTest>
    <UnitTest name="Test7838" id="b2279aae-87ca-4d04-a831-5fb255f37cbb" storage="TestAssembly.dll">
      <Execution id="a889c881-cc22-4c7e-907f-88381d946441" />
      <TestMethod codeBase="TestAssembly.dll" className="TestNamespace.TestClass4" name="Test7838" />
    </UnitTest>
    <UnitTest name="Test7839" id="18a2b19a-b7e7-41fb-a0c4-31442b3139a3" storage="TestAssembly.dll">
      <Execution id="31443f9f-4e44-4e16-afb6-41fc2f16f10b" />
      <TestMethod codeBase="TestAssembly.dll" className="TestNamespace.TestClass4" name="Test7839" />
    </UnitTest>
    <UnitTest name="Test7840" id="5c078016-209c-4c7f-a470-dc1e4da15aed" storage="TestAssembly.dll">
      <Execution id="df110549-95e9-4698-a0f5-74b2a1715e00" />
      <TestMethod codeBase="TestAssembly.dll" className="TestNamespace.TestClass4" name="Test7840" />
    </UnitTest>
    <UnitTest name="Test7841" id="7d6919b0-c328-4628-9e19-8c446777fe4a" storage="TestAssembly.dll">
      <Execution id="31223369-f908-4e37-88bf-72c6b6bd7867" />
      <TestMethod codeBase="TestAssembly.dll" className="TestNamespace.TestClass5" name="Test7841" />
    </UnitTest>
    <UnitTest name="Test7842" id="63d3a616-85c8-4b2c-822e-2c971f451cff" storage="TestAssembly.dll">
      <Execution id="5dc583c8-627c-4c7e-a517-921cbc6bcff9" />
      <TestMethod codeBase="TestAssembly.dll" className="TestNamespace.TestClass5" name="Test7842" />
    </UnitTest>
    <UnitTest name="Test7843" id="a8c66c7f-48a6-4a23-bf21-717dc7fd4c55" storage="TestAssembly.dll">
      <Execution id="95510b8f-446f-4b45-9d52-eeb2c3a5ba42" />
      <TestMethod codeBase="TestAssembly.dll" className="TestNamespace.TestClass5" name="Test7843" />
    </UnitTest>
    <UnitTest name="Test7844" id="6863a5d0-75d9-46b9-9d9f-40986b6b35b3" storage="TestAssembly.dll">
      <Execution id="519d27d0-4153-4b49-ae34-cd5cf3b49f62" />
      <TestMethod codeBase="TestAssembly.dll" className="TestNamespace.TestClass5" name="Test7844" />
    </UnitTest>
    <UnitTest name="Test7845" id="cb2e13b7-c127-4747-a1f2-966ca92bf974" storage="TestAssembly.dll">
      <Execution id="26e8498e-e074-4da0-820e-b92f407c68ae" />
      <TestMethod codeBase="TestAssembly.dll" className="TestNamespace.TestClass5" name="Test7845" />
    </UnitTest>
    <UnitTest name="Test7846" id="e5d1d5f5-91d3-4bb0-a25d-4680948eefc6" storage="TestAssembly.dll">
      <Execution id="bdb654c8-d477-47fe-9af5-dc6500f2e17b" />
      <TestMethod codeBase="TestAssembly.dll" className="TestNamespace.TestClass5" name="Test7846" />
    </UnitTest>
    <UnitTest name="Test7847" id="73dd445a-abd7-492b-a14d-25f726380978" storage="TestAssembly.dll">
      <Execution id="9dab91ab-94ad-442d-a690-81b61ca23953" />
      <TestMethod codeBase="TestAssembly.dll" className="TestNamespace.TestClass5" name="Test7847" />
    </UnitTest>
    <UnitTest name="Test7848" id="d09f6937-929b-4e3a-98e5-fbfe5ac22109" storage="TestAssembly.dll">
      <Execution id="66507988-d4d6-4dc6-bd19-4ca4a73bc299" />
      <TestMethod codeBase="TestAssembly.dll" className="TestNamespace.TestClass5" name="Test7848" />
    </UnitTest>
    <UnitTest name="Test7849" id="a2160ef2-586e-40e8-9dbe-841be6b0ea9c" storage="TestAssembly.dll">
      <Execution id="c028cdc0-6498-474b-84a7-0b9f868e00f2" />
      <TestMethod codeBase="TestAssembly.dll" className="TestNamespace.TestClass5" name="Test7849" />
    </UnitTest>
    <UnitTest name="Test7850" id="2f165ecf-943a-4d88-97f3-53841bde34ba" storage="TestAssembly.dll">
      <Execution id="c87cbdf4-f3e6-4381-90aa-740f870dda55" />
      <TestMethod codeBase="TestAssembly.dll" className="TestNamespace.TestClass5" name="Test7850" />
    </UnitTest>
    <UnitTest name="Test7851" id="55cb8676-2e46-41da-aed5-641980aa43f5" storage="TestAssembly.dll">
      <Execution id="34daca06-1966-42ae-a6c7-2e71d1d8c110" />
      <TestMethod codeBase="TestAssembly.dll" className="TestNamespace.TestClass6" name="Test7851" />
    </UnitTest>
    <UnitTest name="Test7852" id="6c957007-29e7-43c1-b933-bc7ad7655c94" storage="TestAssembly.dll">
      <Execution id="2c6ba790-35c4-4919-ab69-c1335f1b51e9" />
      <TestMethod codeBase="TestAssembly.dll" className="TestNamespace.TestClass6" name="Test7852" />
    </UnitTest>
    <UnitTest name="Test7853" id="48327fd0-5c9a-4b58-a566-0c63b178f579" storage="TestAssembly.dll">
      <Execution id="eb7a57c5-25fe-4d09-999a-9b0b10a7db8f" />
      <TestMethod codeBase="TestAssembly.dll" className="TestNamespace.TestClass6" name="Test7853" />
    </UnitTest>
    <UnitTest name="Test7854" id="5badb920-4aea-4514-88d8-685186e88471" storage="TestAssembly.dll">
      <Execution id="1cd8b880-f184-4e62-a999-73dcd316fb7e" />
      <TestMethod codeBase="TestAssembly.dll" className="TestNamespace.TestClass6" name="Test7854" />
    </UnitTest>
    <UnitTest name="Test7855" id="576a0dfe-3480-4cbe-a7c9-bb13d01e2346" storage="TestAssembly.dll">
      <Execution id="3cdb4b8b-a670-4190-a882-3a180dd3c326" />
      <TestMethod codeBase="TestAssembly.dll" className="TestNamespace.TestClass6" name="Test7855" />
    </UnitTest>
    <UnitTest name="Test7856" id="f37d3e91-58bb-45dc-a682-1ce2a08fda69" storage="TestAssembly.dll">
      <Execution id="ed90cec1-9ff4-4856-8ee1-b9f271548717" />
      <TestMethod codeBase="TestAssembly.dll" className="TestNamespace.TestClass6" name="Test7856" />
    </UnitTest>
    <UnitTest name="Test7857" id="298585a2-8f17-409c-9f95-a5edece83678" storage="TestAssembly.dll">
      <Execution id="eb3b8b1f-f675-4aa5-b93f-e570d17216a9" />
      <TestMethod codeBase="TestAssembly.dll" className="TestNamespace.TestClass6" name="Test7857" />
    </UnitTest>
    <UnitTest name="Test7858" id="dfa2ac84-51e2-480a-9914-830e3350420e" storage="TestAssembly.dll">
      <Execution id="eeae99c7-8563-464a-b351-411673951a70" />
      <TestMethod codeBase="TestAssembly.dll" className="TestNamespace.TestClass6" name="Test7858" />
    </UnitTest>
    <UnitTest name="Test7859" id="24d3fe4d-345b-4327-bd6e-4a21c5449ba0" storage="TestAssembly.dll">
      <Execution id="f643f0bd-b487-4343-bb7f-63636492c9cb" />
      <TestMethod codeBase="TestAssembly.dll" className="TestNamespace.TestClass6" name="Test7859" />
    </UnitTest>
    <UnitTest name="Test7860" id="57b1381c-971f-4f83-9cbc-10f0ea1b5f2c" storage="TestAssembly.dll">
      <Execution id="2f337555-f808-45dc-8896-6ece04287fe2" />
      <TestMethod codeBase="TestAssembly.dll" className="TestNamespace.TestClass6" name="Test7860" />
    </UnitTest>
    <UnitTest name="Test7861" id="7fbd1666-71f1-43ea-b967-8657af5a9fdc" storage="TestAssembly.dll">
      <Execution id="bbf02670-4664-4fa7-839e-6ea6a05a99ef" />
      <TestMethod codeBase="TestAssembly.dll" className="TestNamespace.TestClass7" name="Test7861" />
    </UnitTest>
    <UnitTest name="Test7862" id="75b40bdc-63e0-4dbe-8c24-564049772bed" storage="TestAssembly.dll">
      <Execution id="535a4308-ceb5-44ed-acbb-5ee97abc9cad" />
      <TestMethod codeBase="TestAssembly.dll" className="TestNamespace.TestClass7" name="Test7862" />
    </UnitTest>
    <UnitTest name="Test7863" id="c0f8431a-ba04-4855-b7a7-a4b2e07afc8b" storage="TestAssembly.dll">
      <Execution id="ebfceaf5-f982-4dbd-bcea-aa374280dea8" />
      <TestMethod codeBase="TestAssembly.dll" className="TestNamespace.TestClass7" name="Test7863" />
    </UnitTest>
    <UnitTest name="Test7864" id="451cc600-8451-4b28-adad-3c55c792a18e" storage="TestAssembly.dll">
      <Execution id="64d3b15d-a523-4508-a673-5f34f4c7b065" />
      <TestMethod codeBase="TestAssembly.dll" className="TestNamespace.TestClass7" name="Test7864" />
    </UnitTest>
    <UnitTest name="Test7865" id="aa90eb29-cb6f-4222-859a-b47e8a52ff11" storage="TestAssembly.dll">
      <Execution id="1aa54f32-92d3-4deb-a40b-fc0740799503" />
      <TestMethod codeBase="TestAssembly.dll" className="TestNamespace.TestClass7" name="Test7865" />
    </UnitTest>
    <UnitTest name="Test7866" id="fbf311c3-9b45-443b-9018-4209e42bc5f5" storage="TestAssembly.dll">
      <Execution id="ce008748-5994-4878-bc88-d8daf7c0b1dc" />
      <TestMethod codeBase="TestAssembly.dll" className="TestNamespace.TestClass7" name="Test7866" />
    </UnitTest>
    <UnitTest name="Test7867" id="72651a6e-d0b8-4de8-8ff3-d61365835722" storage="TestAssembly.dll">
      <Execution id="bfd735e9-6d40-47ab-901c-6016f32bb277" />
      <TestMethod codeBase="TestAssembly.dll" className="TestNamespace.TestClass7" name="Test7867" />
    </UnitTest>
    <UnitTest name="Test7868" id="0aafe8e7-6ebb-49b9-9a91-cdd916c4c1d8" storage="TestAssembly.dll">
      <Execution id="a04d6fe4-e824-4ab6-8d5c-5ec6815bfa37" />
      <TestMethod codeBase="TestAssembly.dll" className="TestNamespace.TestClass7" name="Test7868" />
    </UnitTest>
    <UnitTest name="Test7869" id="3bae2a8c-d69f-46a7-a63b-fbb02031d8da" storage="TestAssembly.dll">
      <Execution id="cd55638c-6f45-402b-9aae-49faf09a1fb0" />
      <TestMethod codeBase="TestAssembly.dll" className="TestNamespace.TestClass7" name="Test7869" />
    </UnitTest>
    <UnitTest name="Test7870" id="b197067b-6ccb-4bf0-bf32-09f58a5f63ea" storage="TestAssembly.dll">
      <Execution id="12206c32-7246-465a-bfb4-a13228b510bf" />
      <TestMethod codeBase="TestAssembly.dll" className="TestNamespace.TestClass7" name="Test7870" />
    </UnitTest>
    <UnitTest name="Test7871" id="cf169924-fb23-424f-8b31-79c5e9671423" storage="TestAssembly.dll">
      <Execution id="66679131-c926-4d67-82d7-485b74ac7354" />
      <TestMethod codeBase="TestAssembly.dll" className="TestNamespace.TestClass8" name="Test7871" />
    </UnitTest>
    <UnitTest name="Test7872" id="4ab64b2f-fb11-49b1-875c-038c8620a831" storage="TestAssembly.dll">
      <Execution id="a45814c4-ee93-4321-8e0d-cd2fb8fc3ad9" />
      <TestMethod codeBase="TestAssembly.dll" className="TestNamespace.TestClass8" name="Test7872" />
    </UnitTest>
    <UnitTest name="Test7873" id="323313dd-9f2b-4925-9713-f80b11d77cfa" storage="TestAssembly.dll">
      <Execution id="263ec41d-7ae1-40e6-ba9c-ebfaf2f78c88" />
      <TestMethod codeBase="TestAssembly.dll" className="TestNamespace.TestClass8" name="Test7873" />
    </UnitTest>
    <UnitTest name="Test7874" id="c2aba692-4654-4993-b65d-99a9900f9f52" storage="TestAssembly.dll">
      <Execution id="a9b156fc-335f-4a92-8efa-221995a2d16c" />
      <TestMethod codeBase="TestAssembly.dll" className="TestNamespace.TestClass8" name="Test7874" />
    </UnitTest>
    <UnitTest name="Test7875" id="72cdbb03-466e-4fb0-86cb-5550c32ed6fb" storage="TestAssembly.dll">
      <Execution id="dc8d0fbc-75b8-411b-90a5-abd4b03f980f" />
      <TestMethod codeBase="TestAssembly.dll" className="TestNamespace.TestClass8" name="Test7875" />
    </UnitTest>
    <UnitTest name="Test7876" id="c63198ea-fde2-40db-a6f7-d511cc30f246" storage="TestAssembly.dll">
      <Execution id="df5fd539-8f01-43ce-8a12-776071e424ae" />
      <TestMethod codeBase="TestAssembly.dll" className="TestNamespace.TestClass8" name="Test7876" />
    </UnitTest>
    <UnitTest name="Test7877" id="cd9f1169-bd61-47b0-9d5a-49ef0a7b5c71" storage="TestAssembly.dll">
      <Execution id="bd09b3e9-6bce-444c-8f5b-c9e726340798" />
      <TestMethod codeBase="TestAssembly.dll" className="TestNamespace.TestClass8" name="Test7877" />
    </UnitTest>
    <UnitTest name="Test7878" id="66f988ae-dc49-481b-b4b0-2867445b5341" storage="TestAssembly.dll">
      <Execution id="0cf46c4b-13f2-454c-9829-f53d7850e1b5" />
      <TestMethod codeBase="TestAssembly.dll" className="TestNamespace.TestClass8" name="Test7878" />
    </UnitTest>
    <UnitTest name="Test7879" id="e385bd37-1a93-42e4-bfad-2d086a5e92b6" storage="TestAssembly.dll">
      <Execution id="d02f666b-e303-4096-a918-a5bb9126b2d9" />
      <TestMethod codeBase="TestAssembly.dll" className="TestNamespace.TestClass8" name="Test7879" />
    </UnitTest>
    <UnitTest name="Test7880" id="760ee848-97d6-478a-9f10-ca5a7461a4d1" storage="TestAssembly.dll">
      <Execution id="73bef23b-ab6c-466b-9f75-f4481950c503" />
      <TestMethod codeBase="TestAssembly.dll" className="TestNamespace.TestClass8" name="Test7880" />
    </UnitTest>
    <UnitTest name="Test7881" id="4d7c29f4-90ca-4cff-8f13-f52dea4d8cae" storage="TestAssembly.dll">
      <Execution id="1393f46d-b1d7-44b1-8795-1f821c91e81f" />
      <TestMethod codeBase="TestAssembly.dll" className="TestNamespace.TestClass9" name="Test7881" />
    </UnitTest>
    <UnitTest name="Test7882" id="726330a0-ad84-4525-bd33-42cae5f4d774" storage="TestAssembly.dll">
      <Execution id="a27d9552-563e-4a61-b9e2-bbd0b5d839c4" />
      <TestMethod codeBase="TestAssembly.dll" className="TestNamespace.TestClass9" name="Test7882" />
    </UnitTest>
    <UnitTest name="Test7883" id="13b613af-a72e-44a3-825f-6230261edb4b" storage="TestAssembly.dll">
      <Execution id="38768644-58b5-4018-8b73-aa3ba340323c" />
      <TestMethod codeBase="TestAssembly.dll" className="TestNamespace.TestClass9" name="Test7883" />
    </UnitTest>
    <UnitTest name="Test7884" id="76db8f48-b8b2-4847-bc33-ef384b0745b8" storage="TestAssembly.dll">
      <Execution id="75e84ee6-470b-4bac-83f6-e26eeb859b4b" />
      <TestMethod codeBase="TestAssembly.dll" className="TestNamespace.TestClass9" name="Test7884" />
    </UnitTest>
    <UnitTest name="Test7885" id="1364f26e-a84f-4d4d-b799-1c70aefe249d" storage="TestAssembly.dll">
      <Execution id="950dbce9-073a-46c2-9381-6adcf2cc7428" />
      <TestMethod codeBase="TestAssembly.dll" className="TestNamespace.TestClass9" name="Test7885" />
    </UnitTest>
    <UnitTest name="Test7886" id="b1630aba-8ebd-41b7-a1d4-7526e9ef0a07" storage="TestAssembly.dll">
      <Execution id="2da47267-1e18-42f0-bb06-ee9d86e57500" />
      <TestMethod codeBase="TestAssembly.dll" className="TestNamespace.TestClass9" name="Test7886" />
    </UnitTest>
    <UnitTest name="Test7887" id="cc4a01a9-af6c-4034-ad87-30bbcb2359e4" storage="TestAssembly.dll">
      <Execution id="4398ac13-4cc3-4a86-952f-a96fd0692568" />
      <TestMethod codeBase="TestAssembly.dll" className="TestNamespace.TestClass9" name="Test7887" />
    </UnitTest>
    <UnitTest name="Test7888" id="caa5b576-2a84-4c45-947a-79da77eb9d0a" storage="TestAssembly.dll">
      <Execution id="eb420fc8-a281-4c68-abce-e2ea3f84ff05" />
      <TestMethod codeBase="TestAssembly.dll" className="TestNamespace.TestClass9" name="Test7888" />
    </UnitTest>
    <UnitTest name="Test7889" id="75909c22-616c-4c29-823c-a1211487eb98" storage="TestAssembly.dll">
      <Execution id="55b00e9c-26ca-420c-bd5a-bda80f44acbf" />
      <TestMethod codeBase="TestAssembly.dll" className="TestNamespace.TestClass9" name="Test7889" />
    </UnitTest>
    <UnitTest name="Test7890" id="14f19656-aba8-44a4-a243-68f89b1a195d" storage="TestAssembly.dll">
      <Execution id="c9d198cc-2cfb-4ea1-8944-ead8d6d71af3" />
      <TestMethod codeBase="TestAssembly.dll" className="TestNamespace.TestClass9" name="Test7890" />
    </UnitTest>
    <UnitTest name="Test7891" id="27fc79d1-d900-4a0d-b155-658eb3a57ad5" storage="TestAssembly.dll">
      <Execution id="0b150888-376f-4a74-9a66-fd7a9c70fb5f" />
      <TestMethod codeBase="TestAssembly.dll" className="TestNamespace.TestClass10" name="Test7891" />
    </UnitTest>
    <UnitTest name="Test7892" id="bdce15ea-bde7-4c19-af1d-b51e2c178fa0" storage="TestAssembly.dll">
      <Execution id="4f344887-7be9-45a1-b734-252a56faf268" />
      <TestMethod codeBase="TestAssembly.dll" className="TestNamespace.TestClass10" name="Test7892" />
    </UnitTest>
    <UnitTest name="Test7893" id="5b092099-f4d2-40bc-a513-498371fdc38f" storage="TestAssembly.dll">
      <Execution id="38784a69-7ab6-4109-98bb-c9197ab3c0d2" />
      <TestMethod codeBase="TestAssembly.dll" className="TestNamespace.TestClass10" name="Test7893" />
    </UnitTest>
    <UnitTest name="Test7894" id="a1259c60-1d2f-4919-a33b-8fc512373f01" storage="TestAssembly.dll">
      <Execution id="1dbefbe7-22aa-49d1-b5bf-f0d66d0c7c1c" />
      <TestMethod codeBase="TestAssembly.dll" className="TestNamespace.TestClass10" name="Test7894" />
    </UnitTest>
    <UnitTest name="Test7895" id="361559c3-bf9e-4466-915c-c0acc91d44f7" storage="TestAssembly.dll">
      <Execution id="dfb5a67e-46f9-4b58-9992-8df2a7604d08" />
      <TestMethod codeBase="TestAssembly.dll" className="TestNamespace.TestClass10" name="Test7895" />
    </UnitTest>
    <UnitTest name="Test7896" id="95cfc3f4-93d0-4442-bd5f-9ac6ea75ec67" storage="TestAssembly.dll">
      <Execution id="d35ffba8-319d-450f-adc0-8579cebe8543" />
      <TestMethod codeBase="TestAssembly.dll" className="TestNamespace.TestClass10" name="Test7896" />
    </UnitTest>
    <UnitTest name="Test7897" id="d45683a5-36b2-4b84-8160-bf6b7575ca91" storage="TestAssembly.dll">
      <Execution id="cec6ba72-1c60-4565-8c3e-ae43f05f66bd" />
      <TestMethod codeBase="TestAssembly.dll" className="TestNamespace.TestClass10" name="Test7897" />
    </UnitTest>
    <UnitTest name="Test7898" id="68cbf09e-d774-407e-87f4-b3d2c6530780" storage="TestAssembly.dll">
      <Execution id="2f61695a-70ec-4917-bb9e-8332ad62f23a" />
      <TestMethod codeBase="TestAssembly.dll" className="TestNamespace.TestClass10" name="Test7898" />
    </UnitTest>
    <UnitTest name="Test7899" id="bdfae7a9-0934-4663-a185-e89a9e4d9113" storage="TestAssembly.dll">
      <Execution id="158f18bc-28aa-469d-ba78-75afda7477ee" />
      <TestMethod codeBase="TestAssembly.dll" className="TestNamespace.TestClass10" name="Test7899" />
    </UnitTest>
    <UnitTest name="Test7900" id="1404dcb6-0d80-4f89-bf79-4e34a382d408" storage="TestAssembly.dll">
      <Execution id="8f3c9476-6492-4729-ac5a-f799655a6367" />
      <TestMethod codeBase="TestAssembly.dll" className="TestNamespace.TestClass10" name="Test7900" />
    </UnitTest>
  </TestDefinitions>
  <TestEntries>
    <TestEntry testId="ab9fc2a1-1c48-4057-bed9-6fd6542f57c1" executionId="a486bd21-e3b0-41e5-9bff-4b310910e9ac" testListId="5e30eefe-0af0-41b5-b83d-d009fabe10a9" />
    <TestEntry testId="809bd521-8223-434f-a8db-9d2ffb53500e" executionId="691d4efc-bdb1-48f8-880c-3914c9326281" testListId="5e30eefe-0af0-41b5-b83d-d009fabe10a9" />
    <TestEntry testId="428d4001-181d-4c61-93de-4ea0e28efce6" executionId="ff78946a-e5c8-42dc-a14b-bfcaff175ad8" testListId="5e30eefe-0af0-41b5-b83d-d009fabe10a9" />
    <TestEntry testId="bc9f0ff9-6db2-4c1f-9bb4-6e488548c678" executionId="2727bd83-a5e0-442e-aa37-dbf22af977e2" testListId="5e30eefe-0af0-41b5-b83d-d009fabe10a9" />
    <TestEntry testId="8eafcd2e-68ed-4229-a9a9-fbf75091354b" executionId="d608c3dc-430a-4410-95d3-2b7e5b93543b" testListId="5e30eefe-0af0-41b5-b83d-d009fabe10a9" />
    <TestEntry testId="3258b423-d8d5-4525-9c4b-9d9d188b4ea0" executionId="1a2a4c5e-b9b8-4e68-93a5-93492c5942bd" testListId="5e30eefe-0af0-41b5-b83d-d009fabe10a9" />
    <TestEntry testId="e48c94d7-4478-47df-8f8e-12295bd139b7" executionId="4d3d744b-99f4-4be9-b0bb-9d9c1da7eb66" testListId="5e30eefe-0af0-41b5-b83d-d009fabe10a9" />
    <TestEntry testId="aeba6fb3-4237-4b0d-b5c3-a28831c73456" executionId="068620ca-867f-4a69-b5c5-181c52fd822d" testListId="5e30eefe-0af0-41b5-b83d-d009fabe10a9" />
    <TestEntry testId="0d4fa278-3c56-4c69-b7b1-e9f2de77d91d" executionId="7ddf5dec-b919-457d-b75a-c7f66854fa73" testListId="5e30eefe-0af0-41b5-b83d-d009fabe10a9" />
    <TestEntry testId="846c8d62-fbfc-4ce6-b421-810eafbc836a" executionId="437a89cc-634f-44b4-b5bf-ea9917ed0499" testListId="5e30eefe-0af0-41b5-b83d-d009fabe10a9" />
    <TestEntry testId="2b871914-18f1-4142-9612-f73d6427f3a7" executionId="a50bc9a0-0830-4291-bcbc-518c35748f1e" testListId="5e30eefe-0af0-41b5-b83d-d009fabe10a9" />
    <TestEntry testId="90dd3d3e-6e2d-419a-87ab-873ff271dcb5" executionId="f432fb36-1f84-4c4d-bbcf-ab77fd7cf485" testListId="5e30eefe-0af0-41b5-b83d-d009fabe10a9" />
    <TestEntry testId="f62986ea-cc2d-46bf-ba83-1d27cf9aec30" executionId="f6a1194c-ebd5-4549-a0b0-e7096aa0d08b" testListId="5e30eefe-0af0-41b5-b83d-d009fabe10a9" />
    <TestEntry testId="c450483d-b0a9-4954-ab05-9a0589716f43" executionId="d34c007d-9f48-46d6-951f-61636d35d539" testListId="5e30eefe-0af0-41b5-b83d-d009fabe10a9" />
    <TestEntry testId="f14e5b77-8d5c-465e-b6af-0026006aa66b" executionId="1ff0bf82-5c72-49a2-b786-d95fea7e14db" testListId="5e30eefe-0af0-41b5-b83d-d009fabe10a9" />
    <TestEntry testId="729f2762-d1fc-4d1c-a21c-63334bcb1955" executionId="e1db47e5-7ca7-49b9-bba2-610363146e9b" testListId="5e30eefe-0af0-41b5-b83d-d009fabe10a9" />
    <TestEntry testId="f36e3185-1a5d-45f5-9b78-3eadc0e76b3b" executionId="3b0b28fd-8809-48b2-91d1-c8c492a53b7b" testListId="5e30eefe-0af0-41b5-b83d-d009fabe10a9" />
    <TestEntry testId="e42c4807-13d0-462d-acb4-080c5f073914" executionId="aa12590d-b1b0-4253-af35-9ec2dc46d183" testListId="5e30eefe-0af0-41b5-b83d-d009fabe10a9" />
    <TestEntry testId="2ff77b7e-4ff9-4397-b1b1-374921b1a76c" executionId="cbd6ebd5-c5fb-4ebc-a78f-dbfd778fa4d3" testListId="5e30eefe-0af0-41b5-b83d-d009fabe10a9" />
    <TestEntry testId="d5147780-d975-454a-824a-f18cbc3533ce" executionId="f3611256-6fe3-420d-8b99-74a7a42c0759" testListId="5e30eefe-0af0-41b5-b83d-d009fabe10a9" />
    <TestEntry testId="20a18bff-d237-4ebe-9176-ecb9a14b7865" executionId="2521f625-21ab-4b79-8bc9-bf26cd87c028" testListId="5e30eefe-0af0-41b5-b83d-d009fabe10a9" />
    <TestEntry testId="1db3c96e-94c0-4f1b-993a-28fa73abe5f4" executionId="506178b7-e381-42b7-98fc-06b7e32e28f2" testListId="5e30eefe-0af0-41b5-b83d-d009fabe10a9" />
    <TestEntry testId="e37507b8-96e3-4b3b-a6e3-b093b37a2d5d" executionId="c75c853f-d9fd-4847-95f1-430f36ec380c" testListId="5e30eefe-0af0-41b5-b83d-d009fabe10a9" />
    <TestEntry testId="b7730e0f-103a-4393-8dd3-b3c7018e5410" executionId="d4af1ffe-76fe-4a2c-b4b6-6352a3491fd8" testListId="5e30eefe-0af0-41b5-b83d-d009fabe10a9" />
    <TestEntry testId="c885a248-54a6-4b95-b1f0-40218292ad61" executionId="1b41e633-cad5-4eb5-8252-e136f370409d" testListId="5e30eefe-0af0-41b5-b83d-d009fabe10a9" />
    <TestEntry testId="ca5d2d9b-b20f-4052-a41b-e1289bf51cfe" executionId="aec2ffa8-95c3-4f24-9abf-174c47488dd2" testListId="5e30eefe-0af0-41b5-b83d-d009fabe10a9" />
    <TestEntry testId="b38c321d-c91e-456e-a2bb-a9f6bbc5af5e" executionId="9275846c-d845-4a0a-a656-1d2b78de032d" testListId="5e30eefe-0af0-41b5-b83d-d009fabe10a9" />
    <TestEntry testId="8a83c284-9b52-44e9-bba6-d562da758540" executionId="a4277039-e648-4d41-8178-87e1e0143bf4" testListId="5e30eefe-0af0-41b5-b83d-d009fabe10a9" />
    <TestEntry testId="5eb33210-2e08-496e-a264-329ac5b8ac98" executionId="3e4903bf-e6db-40e6-a3d5-cb1e71b62dee" testListId="5e30eefe-0af0-41b5-b83d-d009fabe10a9" />
    <TestEntry testId="0909c033-6009-4f4d-b5c9-250cda43b936" executionId="1accad80-c9f7-4da4-87dd-86732a81e31c" testListId="5e30eefe-0af0-41b5-b83d-d009fabe10a9" />
    <TestEntry testId="79d6bdf5-bffe-4d04-a560-d088db2b2e54" executionId="ca2b42ec-bafe-4220-9140-cb8da2811982" testListId="5e30eefe-0af0-41b5-b83d-d009fabe10a9" />
    <TestEntry testId="7c21d664-f76a-4636-9d2e-55c182eccde3" executionId="92e1792f-926f-41df-b60d-b9536f7fd46d" testListId="5e30eefe-0af0-41b5-b83d-d009fabe10a9" />
    <TestEntry testId="b3e6387f-a689-4ab7-941e-3b08250c13f7" executionId="7c4c3a15-6c1d-4250-8e50-087a355c9b17" testListId="5e30eefe-0af0-41b5-b83d-d009fabe10a9" />
    <TestEntry testId="9cd29061-1ff8-4e8f-b308-b3e7f5a0f7b6" executionId="2f82e5cb-4cd6-4301-a14d-d9d0038903af" testListId="5e30eefe-0af0-41b5-b83d-d009fabe10a9" />
    <TestEntry testId="f067ab6e-6b31-43d2-91af-4e302eb8259c" executionId="f4ca941a-2ad3-40df-934f-d20c129fbb07" testListId="5e30eefe-0af0-41b5-b83d-d009fabe10a9" />
    <TestEntry testId="aa458283-1826-4d03-bc33-fc4b9b2d23bb" executionId="62567206-382c-4be7-807f-0d4a83a87fa1" testListId="5e30eefe-0af0-41b5-b83d-d009fabe10a9" />
    <TestEntry testId="7487c395-f679-4f32-84b6-4d49148c8304" executionId="6998a1bd-27b6-48be-a58c-632641778a01" testListId="5e30eefe-0af0-41b5-b83d-d009fabe10a9" />
    <TestEntry testId="b2279aae-87ca-4d04-a831-5fb255f37cbb" executionId="a889c881-cc22-4c7e-907f-88381d946441" testListId="5e30eefe-0af0-41b5-b83d-d009fabe10a9" />
    <TestEntry testId="18a2b19a-b7e7-41fb-a0c4-31442b3139a3" executionId="31443f9f-4e44-4e16-afb6-41fc2f16f10b" testListId="5e30eefe-0af0-41b5-b83d-d009fabe10a9" />
    <TestEntry testId="5c078016-209c-4c7f-a470-dc1e4da15aed" executionId="df110549-95e9-4698-a0f5-74b2a1715e00" testListId="5e30eefe-0af0-41b5-b83d-d009fabe10a9" />
    <TestEntry testId="7d6919b0-c328-4628-9e19-8c446777fe4a" executionId="31223369-f908-4e37-88bf-72c6b6bd7867" testListId="5e30eefe-0af0-41b5-b83d-d009fabe10a9" />
    <TestEntry testId="63d3a616-85c8-4b2c-822e-2c971f451cff" executionId="5dc583c8-627c-4c7e-a517-921cbc6bcff9" testListId="5e30eefe-0af0-41b5-b83d-d009fabe10a9" />
    <TestEntry testId="a8c66c7f-48a6-4a23-bf21-717dc7fd4c55" executionId="95510b8f-446f-4b45-9d52-eeb2c3a5ba42" testListId="5e30eefe-0af0-41b5-b83d-d009fabe10a9" />
    <TestEntry testId="6863a5d0-75d9-46b9-9d9f-40986b6b35b3" executionId="519d27d0-4153-4b49-ae34-cd5cf3b49f62" testListId="5e30eefe-0af0-41b5-b83d-d009fabe10a9" />
    <TestEntry testId="cb2e13b7-c127-4747-a1f2-966ca92bf974" executionId="26e8498e-e074-4da0-820e-b92f407c68ae" testListId="5e30eefe-0af0-41b5-b83d-d009fabe10a9" />
    <TestEntry testId="e5d1d5f5-91d3-4bb0-a25d-4680948eefc6" executionId="bdb654c8-d477-47fe-9af5-dc6500f2e17b" testListId="5e30eefe-0af0-41b5-b83d-d009fabe10a9" />
    <TestEntry testId="73dd445a-abd7-492b-a14d-25f726380978" executionId="9dab91ab-94ad-442d-a690-81b61ca23953" testListId="5e30eefe-0af0-41b5-b83d-d009fabe10a9" />
    <TestEntry testId="d09f6937-929b-4e3a-98e5-fbfe5ac22109" executionId="66507988-d4d6-4dc6-bd19-4ca4a73bc299" testListId="5e30eefe-0af0-41b5-b83d-d009fabe10a9" />
    <TestEntry testId="a2160ef2-586e-40e8-9dbe-841be6b0ea9c" executionId="c028cdc0-6498-474b-84a7-0b9f868e00f2" testListId="5e30eefe-0af0-41b5-b83d-d009fabe10a9" />
    <TestEntry testId="2f165ecf-943a-4d88-97f3-53841bde34ba" executionId="c87cbdf4-f3e6-4381-90aa-740f870dda55" testListId="5e30eefe-0af0-41b5-b83d-d009fabe10a9" />
    <TestEntry testId="55cb8676-2e46-41da-aed5-641980aa43f5" executionId="34daca06-1966-42ae-a6c7-2e71d1d8c110" testListId="5e30eefe-0af0-41b5-b83d-d009fabe10a9" />
    <TestEntry testId="6c957007-29e7-43c1-b933-bc7ad7655c94" executionId="2c6ba790-35c4-4919-ab69-c1335f1b51e9" testListId="5e30eefe-0af0-41b5-b83d-d009fabe10a9" />
    <TestEntry testId="48327fd0-5c9a-4b58-a566-0c63b178f579" executionId="eb7a57c5-25fe-4d09-999a-9b0b10a7db8f" testListId="5e30eefe-0af0-41b5-b83d-d009fabe10a9" />
    <TestEntry testId="5badb920-4aea-4514-88d8-685186e88471" executionId="1cd8b880-f184-4e62-a999-73dcd316fb7e" testListId="5e30eefe-0af0-41b5-b83d-d009fabe10a9" />
    <TestEntry testId="576a0dfe-3480-4cbe-a7c9-bb13d01e2346" executionId="3cdb4b8b-a670-4190-a882-3a180dd3c326" testListId="5e30eefe-0af0-41b5-b83d-d009fabe10a9" />
    <TestEntry testId="f37d3e91-58bb-45dc-a682-1ce2a08fda69" executionId="ed90cec1-9ff4-4856-8ee1-b9f271548717" testListId="5e30eefe-0af0-41b5-b83d-d009fabe10a9" />
    <TestEntry testId="298585a2-8f17-409c-9f95-a5edece83678" executionId="eb3b8b1f-f675-4aa5-b93f-e570d17216a9" testListId="5e30eefe-0af0-41b5-b83d-d009fabe10a9" />
    <TestEntry testId="dfa2ac84-51e2-480a-9914-830e3350420e" executionId="eeae99c7-8563-464a-b351-411673951a70" testListId="5e30eefe-0af0-41b5-b83d-d009fabe10a9" />
    <TestEntry testId="24d3fe4d-345b-4327-bd6e-4a21c5449ba0" executionId="f643f0bd-b487-4343-bb7f-63636492c9cb" testListId="5e30eefe-0af0-41b5-b83d-d009fabe10a9" />
    <TestEntry testId="57b1381c-971f-4f83-9cbc-10f0ea1b5f2c" executionId="2f337555-f808-45dc-8896-6ece04287fe2" testListId="5e30eefe-0af0-41b5-b83d-d009fabe10a9" />
    <TestEntry testId="7fbd1666-71f1-43ea-b967-8657af5a9fdc" executionId="bbf02670-4664-4fa7-839e-6ea6a05a99ef" testListId="5e30eefe-0af0-41b5-b83d-d009fabe10a9" />
    <TestEntry testId="75b40bdc-63e0-4dbe-8c24-564049772bed" executionId="535a4308-ceb5-44ed-acbb-5ee97abc9cad" testListId="5e30eefe-0af0-41b5-b83d-d009fabe10a9" />
    <TestEntry testId="c0f8431a-ba04-4855-b7a7-a4b2e07afc8b" executionId="ebfceaf5-f982-4dbd-bcea-aa374280dea8" testListId="5e30eefe-0af0-41b5-b83d-d009fabe10a9" />
    <TestEntry testId="451cc600-8451-4b28-adad-3c55c792a18e" executionId="64d3b15d-a523-4508-a673-5f34f4c7b065" testListId="5e30eefe-0af0-41b5-b83d-d009fabe10a9" />
    <TestEntry testId="aa90eb29-cb6f-4222-859a-b47e8a52ff11" executionId="1aa54f32-92d3-4deb-a40b-fc0740799503" testListId="5e30eefe-0af0-41b5-b83d-d009fabe10a9" />
    <TestEntry testId="fbf311c3-9b45-443b-9018-4209e42bc5f5" executionId="ce008748-5994-4878-bc88-d8daf7c0b1dc" testListId="5e30eefe-0af0-41b5-b83d-d009fabe10a9" />
    <TestEntry testId="72651a6e-d0b8-4de8-8ff3-d61365835722" executionId="bfd735e9-6d40-47ab-901c-6016f32bb277" testListId="5e30eefe-0af0-41b5-b83d-d009fabe10a9" />
    <TestEntry testId="0aafe8e7-6ebb-49b9-9a91-cdd916c4c1d8" executionId="a04d6fe4-e824-4ab6-8d5c-5ec6815bfa37" testListId="5e30eefe-0af0-41b5-b83d-d009fabe10a9" />
    <TestEntry testId="3bae2a8c-d69f-46a7-a63b-fbb02031d8da" executionId="cd55638c-6f45-402b-9aae-49faf09a1fb0" testListId="5e30eefe-0af0-41b5-b83d-d009fabe10a9" />
    <TestEntry testId="b197067b-6ccb-4bf0-bf32-09f58a5f63ea" executionId="12206c32-7246-465a-bfb4-a13228b510bf" testListId="5e30eefe-0af0-41b5-b83d-d009fabe10a9" />
    <TestEntry testId="cf169924-fb23-424f-8b31-79c5e9671423" executionId="66679131-c926-4d67-82d7-485b74ac7354" testListId="5e30eefe-0af0-41b5-b83d-d009fabe10a9" />
    <TestEntry testId="4ab64b2f-fb11-49b1-875c-038c8620a831" executionId="a45814c4-ee93-4321-8e0d-cd2fb8fc3ad9" testListId="5e30eefe-0af0-41b5-b83d-d009fabe10a9" />
    <TestEntry testId="323313dd-9f2b-4925-9713-f80b11d77cfa" executionId="263ec41d-7ae1-40e6-ba9c-ebfaf2f78c88" testListId="5e30eefe-0af0-41b5-b83d-d009fabe10a9" />
    <TestEntry testId="c2aba692-4654-4993-b65d-99a9900f9f52" executionId="a9b156fc-335f-4a92-8efa-221995a2d16c" testListId="5e30eefe-0af0-41b5-b83d-d009fabe10a9" />
    <TestEntry testId="72cdbb03-466e-4fb0-86cb-5550c32ed6fb" executionId="dc8d0fbc-75b8-411b-90a5-abd4b03f980f" testListId="5e30eefe-0af0-41b5-b83d-d009fabe10a9" />
    <TestEntry testId="c63198ea-fde2-40db-a6f7-d511cc30f246" executionId="df5fd539-8f01-43ce-8a12-776071e424ae" testListId="5e30eefe-0af0-41b5-b83d-d009fabe10a9" />
    <TestEntry testId="cd9f1169-bd61-47b0-9d5a-49ef0a7b5c71" executionId="bd09b3e9-6bce-444c-8f5b-c9e726340798" testListId="5e30eefe-0af0-41b5-b83d-d009fabe10a9" />
    <TestEntry testId="66f988ae-dc49-481b-b4b0-2867445b5341" executionId="0cf46c4b-13f2-454c-9829-f53d7850e1b5" testListId="5e30eefe-0af0-41b5-b83d-d009fabe10a9" />
    <TestEntry testId="e385bd37-1a93-42e4-bfad-2d086a5e92b6" executionId="d02f666b-e303-4096-a918-a5bb9126b2d9" testListId="5e30eefe-0af0-41b5-b83d-d009fabe10a9" />
    <TestEntry testId="760ee848-97d6-478a-9f10-ca5a7461a4d1" executionId="73bef23b-ab6c-466b-9f75-f4481950c503" testListId="5e30eefe-0af0-41b5-b83d-d009fabe10a9" />
    <TestEntry testId="4d7c29f4-90ca-4cff-8f13-f52dea4d8cae" executionId="1393f46d-b1d7-44b1-8795-1f821c91e81f" testListId="5e30eefe-0af0-41b5-b83d-d009fabe10a9" />
    <TestEntry testId="726330a0-ad84-4525-bd33-42cae5f4d774" executionId="a27d9552-563e-4a61-b9e2-bbd0b5d839c4" testListId="5e30eefe-0af0-41b5-b83d-d009fabe10a9" />
    <TestEntry testId="13b613af-a72e-44a3-825f-6230261edb4b" executionId="38768644-58b5-4018-8b73-aa3ba340323c" testListId="5e30eefe-0af0-41b5-b83d-d009fabe10a9" />
    <TestEntry testId="76db8f48-b8b2-4847-bc33-ef384b0745b8" executionId="75e84ee6-470b-4bac-83f6-e26eeb859b4b" testListId="5e30eefe-0af0-41b5-b83d-d009fabe10a9" />
    <TestEntry testId="1364f26e-a84f-4d4d-b799-1c70aefe249d" executionId="950dbce9-073a-46c2-9381-6adcf2cc7428" testListId="5e30eefe-0af0-41b5-b83d-d009fabe10a9" />
    <TestEntry testId="b1630aba-8ebd-41b7-a1d4-7526e9ef0a07" executionId="2da47267-1e18-42f0-bb06-ee9d86e57500" testListId="5e30eefe-0af0-41b5-b83d-d009fabe10a9" />
    <TestEntry testId="cc4a01a9-af6c-4034-ad87-30bbcb2359e4" executionId="4398ac13-4cc3-4a86-952f-a96fd0692568" testListId="5e30eefe-0af0-41b5-b83d-d009fabe10a9" />
    <TestEntry testId="caa5b576-2a84-4c45-947a-79da77eb9d0a" executionId="eb420fc8-a281-4c68-abce-e2ea3f84ff05" testListId="5e30eefe-0af0-41b5-b83d-d009fabe10a9" />
    <TestEntry testId="75909c22-616c-4c29-823c-a1211487eb98" executionId="55b00e9c-26ca-420c-bd5a-bda80f44acbf" testListId="5e30eefe-0af0-41b5-b83d-d009fabe10a9" />
    <TestEntry testId="14f19656-aba8-44a4-a243-68f89b1a195d" executionId="c9d198cc-2cfb-4ea1-8944-ead8d6d71af3" testListId="5e30eefe-0af0-41b5-b83d-d009fabe10a9" />
    <TestEntry testId="27fc79d1-d900-4a0d-b155-658eb3a57ad5" executionId="0b150888-376f-4a74-9a66-fd7a9c70fb5f" testListId="5e30eefe-0af0-41b5-b83d-d009fabe10a9" />
    <TestEntry testId="bdce15ea-bde7-4c19-af1d-b51e2c178fa0" executionId="4f344887-7be9-45a1-b734-252a56faf268" testListId="5e30eefe-0af0-41b5-b83d-d009fabe10a9" />
    <TestEntry testId="5b092099-f4d2-40bc-a513-498371fdc38f" executionId="38784a69-7ab6-4109-98bb-c9197ab3c0d2" testListId="5e30eefe-0af0-41b5-b83d-d009fabe10a9" />
    <TestEntry testId="a1259c60-1d2f-4919-a33b-8fc512373f01" executionId="1dbefbe7-22aa-49d1-b5bf-f0d66d0c7c1c" testListId="5e30eefe-0af0-41b5-b83d-d009fabe10a9" />
    <TestEntry testId="361559c3-bf9e-4466-915c-c0acc91d44f7" executionId="dfb5a67e-46f9-4b58-9992-8df2a7604d08" testListId="5e30eefe-0af0-41b5-b83d-d009fabe10a9" />
    <TestEntry testId="95cfc3f4-93d0-4442-bd5f-9ac6ea75ec67" executionId="d35ffba8-319d-450f-adc0-8579cebe8543" testListId="5e30eefe-0af0-41b5-b83d-d009fabe10a9" />
    <TestEntry testId="d45683a5-36b2-4b84-8160-bf6b7575ca91" executionId="cec6ba72-1c60-4565-8c3e-ae43f05f66bd" testListId="5e30eefe-0af0-41b5-b83d-d009fabe10a9" />
    <TestEntry testId="68cbf09e-d774-407e-87f4-b3d2c6530780" executionId="2f61695a-70ec-4917-bb9e-8332ad62f23a" testListId="5e30eefe-0af0-41b5-b83d-d009fabe10a9" />
    <TestEntry testId="bdfae7a9-0934-4663-a185-e89a9e4d9113" executionId="158f18bc-28aa-469d-ba78-75afda7477ee" testListId="5e30eefe-0af0-41b5-b83d-d009fabe10a9" />
    <TestEntry testId="1404dcb6-0d80-4f89-bf79-4e34a382d408" executionId="8f3c9476-6492-4729-ac5a-f799655a6367" testListId="5e30eefe-0af0-41b5-b83d-d009fabe10a9" />
  </TestEntries>
  <TestLists>
    <TestList name="Results Not in a List" id="5e30eefe-0af0-41b5-b83d-d009fabe10a9" />
    <TestList name="All Loaded Results" id="13944510-4375-4179-a424-3d117bbbb095" />
  </TestLists>
</TestRun>