<?xml version="1.0" encoding="UTF-8"?>
<TestRun id="7493dc77-a7cb-4bcf-acae-0905887b6921" name="Test Run 49" runUser="Oles Galatsan" xmlns="http://microsoft.com/schemas/VisualStudio/TeamTest/2010">
  <Times creation="2025-05-14T13:20:31.3125482Z" queuing="2025-05-14T13:20:31.3125482Z" start="2025-05-14T13:20:31.3146610Z" finish="2025-05-14T13:25:31.3147553Z" />
  <TestSettings name="Test Settings 49" id="d912bd7d-f00f-49c9-8adf-189cb05df2c3" />
  <Results>
    <UnitTestResult executionId="4cb4f88c-6f27-4bce-b6e4-ace51754541c" testId="ec2f4088-6ca5-4dcf-995d-2cdead212282" testName="Test4801" computerName="UA-LPT-OGA2" duration="00:00:00.5590000" startTime="2025-05-14T13:20:31.3146610Z" endTime="2025-05-14T13:25:31.3147553Z" testType="13cdc9d9-ddb5-4fa4-a97d-d965ccfc6d4b" outcome="Passed" testListId="59e173a1-e74b-4672-a76f-8a6c127ce878" />
    <UnitTestResult executionId="07aad5ab-54ae-4f77-9fcb-c4f82ebc968c" testId="724c3645-57a3-4498-82dc-13306c9cfa05" testName="Test4802" computerName="UA-LPT-OGA2" duration="00:00:01.0680000" startTime="2025-05-14T13:20:31.3146610Z" endTime="2025-05-14T13:25:31.3147553Z" testType="13cdc9d9-ddb5-4fa4-a97d-d965ccfc6d4b" outcome="Passed" testListId="59e173a1-e74b-4672-a76f-8a6c127ce878" />
    <UnitTestResult executionId="4e0f239d-eb9b-4420-9194-fe3cef657448" testId="f27c16bf-cdf9-40d3-8fde-50d6a9a8e642" testName="Test4803" computerName="UA-LPT-OGA2" duration="00:00:00.3050000" startTime="2025-05-14T13:20:31.3146610Z" endTime="2025-05-14T13:25:31.3147553Z" testType="13cdc9d9-ddb5-4fa4-a97d-d965ccfc6d4b" outcome="Passed" testListId="59e173a1-e74b-4672-a76f-8a6c127ce878" />
    <UnitTestResult executionId="4faea88b-5791-4854-aefe-ab3daa6b2a91" testId="2f5836d0-164c-491d-9d49-5c72538d1365" testName="Test4804" computerName="UA-LPT-OGA2" duration="00:00:00.0920000" startTime="2025-05-14T13:20:31.3146610Z" endTime="2025-05-14T13:25:31.3147553Z" testType="13cdc9d9-ddb5-4fa4-a97d-d965ccfc6d4b" outcome="Passed" testListId="59e173a1-e74b-4672-a76f-8a6c127ce878" />
    <UnitTestResult executionId="6634c158-c141-4d98-8fc7-2a1319d4dbd8" testId="c5242b54-8043-423a-8cd3-5d2a37df75fa" testName="Test4805" computerName="UA-LPT-OGA2" duration="00:00:00.1230000" startTime="2025-05-14T13:20:31.3146610Z" endTime="2025-05-14T13:25:31.3147553Z" testType="13cdc9d9-ddb5-4fa4-a97d-d965ccfc6d4b" outcome="Passed" testListId="59e173a1-e74b-4672-a76f-8a6c127ce878" />
    <UnitTestResult executionId="bae456dc-0363-46bb-bfdd-e394a7e32247" testId="35eded0b-8593-4acb-82fa-2862f240b112" testName="Test4806" computerName="UA-LPT-OGA2" duration="00:00:01.8290000" startTime="2025-05-14T13:20:31.3146610Z" endTime="2025-05-14T13:25:31.3147553Z" testType="13cdc9d9-ddb5-4fa4-a97d-d965ccfc6d4b" outcome="Passed" testListId="59e173a1-e74b-4672-a76f-8a6c127ce878" />
    <UnitTestResult executionId="c229d272-dfb2-4772-909c-a710d23ba4f9" testId="aa683a66-6ffa-403d-8de5-bf265682e607" testName="Test4807" computerName="UA-LPT-OGA2" duration="00:00:01.9190000" startTime="2025-05-14T13:20:31.3146610Z" endTime="2025-05-14T13:25:31.3147553Z" testType="13cdc9d9-ddb5-4fa4-a97d-d965ccfc6d4b" outcome="Passed" testListId="59e173a1-e74b-4672-a76f-8a6c127ce878" />
    <UnitTestResult executionId="7373a2cc-c187-4515-9b0f-c0b63f7d907e" testId="75e73de9-9474-4ead-98bc-4eba8200730c" testName="Test4808" computerName="UA-LPT-OGA2" duration="00:00:00.3150000" startTime="2025-05-14T13:20:31.3146610Z" endTime="2025-05-14T13:25:31.3147553Z" testType="13cdc9d9-ddb5-4fa4-a97d-d965ccfc6d4b" outcome="Passed" testListId="59e173a1-e74b-4672-a76f-8a6c127ce878" />
    <UnitTestResult executionId="7aea3394-89ad-4e3c-9de5-3c6bb265fc7a" testId="bd0fbcb3-b8c1-4b38-978c-276058d031c5" testName="Test4809" computerName="UA-LPT-OGA2" duration="00:00:01.3360000" startTime="2025-05-14T13:20:31.3146610Z" endTime="2025-05-14T13:25:31.3147553Z" testType="13cdc9d9-ddb5-4fa4-a97d-d965ccfc6d4b" outcome="Passed" testListId="59e173a1-e74b-4672-a76f-8a6c127ce878" />
    <UnitTestResult executionId="3d35b94e-af5a-4082-a83c-06e61b53c759" testId="4190c4a9-20d5-4f56-9133-0a66c2610c40" testName="Test4810" computerName="UA-LPT-OGA2" duration="00:00:00.9510000" startTime="2025-05-14T13:20:31.3146610Z" endTime="2025-05-14T13:25:31.3147553Z" testType="13cdc9d9-ddb5-4fa4-a97d-d965ccfc6d4b" outcome="Passed" testListId="59e173a1-e74b-4672-a76f-8a6c127ce878" />
    <UnitTestResult executionId="b5b653a7-d7a6-4c79-a857-5c656969e557" testId="f3875643-6c54-4bc2-ad51-8cb4c1e39dd7" testName="Test4811" computerName="UA-LPT-OGA2" duration="00:00:00.1850000" startTime="2025-05-14T13:20:31.3146610Z" endTime="2025-05-14T13:25:31.3147553Z" testType="13cdc9d9-ddb5-4fa4-a97d-d965ccfc6d4b" outcome="Passed" testListId="59e173a1-e74b-4672-a76f-8a6c127ce878" />
    <UnitTestResult executionId="f8b9b0aa-ad13-445e-9286-105190f4d6e6" testId="061706e0-d076-44d9-a82d-c87349bf271b" testName="Test4812" computerName="UA-LPT-OGA2" duration="00:00:00.4880000" startTime="2025-05-14T13:20:31.3146610Z" endTime="2025-05-14T13:25:31.3147553Z" testType="13cdc9d9-ddb5-4fa4-a97d-d965ccfc6d4b" outcome="Passed" testListId="59e173a1-e74b-4672-a76f-8a6c127ce878" />
    <UnitTestResult executionId="b50f5b6d-44b4-47f8-aceb-4ecf6a0513d7" testId="d8c1b3a0-0326-4f4e-b31f-ee82ce3fd546" testName="Test4813" computerName="UA-LPT-OGA2" duration="00:00:00.9130000" startTime="2025-05-14T13:20:31.3146610Z" endTime="2025-05-14T13:25:31.3147553Z" testType="13cdc9d9-ddb5-4fa4-a97d-d965ccfc6d4b" outcome="Passed" testListId="59e173a1-e74b-4672-a76f-8a6c127ce878" />
    <UnitTestResult executionId="aceb8b2f-a58f-4ae6-ada9-c42afcbeae88" testId="5eab3581-7b54-42a3-af33-b6f6ec446cb8" testName="Test4814" computerName="UA-LPT-OGA2" duration="00:00:01.8340000" startTime="2025-05-14T13:20:31.3146610Z" endTime="2025-05-14T13:25:31.3147553Z" testType="13cdc9d9-ddb5-4fa4-a97d-d965ccfc6d4b" outcome="Passed" testListId="59e173a1-e74b-4672-a76f-8a6c127ce878" />
    <UnitTestResult executionId="6b995cec-fcd8-4714-a8c0-fabe40ed6323" testId="cd0f513c-b4a3-44e8-9a43-9a9e922cf190" testName="Test4815" computerName="UA-LPT-OGA2" duration="00:00:00.1220000" startTime="2025-05-14T13:20:31.3146610Z" endTime="2025-05-14T13:25:31.3147553Z" testType="13cdc9d9-ddb5-4fa4-a97d-d965ccfc6d4b" outcome="Passed" testListId="59e173a1-e74b-4672-a76f-8a6c127ce878" />
    <UnitTestResult executionId="79f61745-62c0-4f8d-87fa-61cf4f9e0588" testId="f0970377-c830-4b32-a127-0c679e7b7555" testName="Test4816" computerName="UA-LPT-OGA2" duration="00:00:01.5200000" startTime="2025-05-14T13:20:31.3146610Z" endTime="2025-05-14T13:25:31.3147553Z" testType="13cdc9d9-ddb5-4fa4-a97d-d965ccfc6d4b" outcome="Passed" testListId="59e173a1-e74b-4672-a76f-8a6c127ce878" />
    <UnitTestResult executionId="6b54350b-4111-481e-a31b-29ceb643f03a" testId="6fba05f1-f6a2-4c31-9f99-5f248d980eab" testName="Test4817" computerName="UA-LPT-OGA2" duration="00:00:00.7180000" startTime="2025-05-14T13:20:31.3146610Z" endTime="2025-05-14T13:25:31.3147553Z" testType="13cdc9d9-ddb5-4fa4-a97d-d965ccfc6d4b" outcome="Passed" testListId="59e173a1-e74b-4672-a76f-8a6c127ce878" />
    <UnitTestResult executionId="17b3149f-81b0-45d7-8736-b2ee85dddbda" testId="50878e53-386c-436c-a5d3-f4d0462a8d90" testName="Test4818" computerName="UA-LPT-OGA2" duration="00:00:00.7810000" startTime="2025-05-14T13:20:31.3146610Z" endTime="2025-05-14T13:25:31.3147553Z" testType="13cdc9d9-ddb5-4fa4-a97d-d965ccfc6d4b" outcome="Passed" testListId="59e173a1-e74b-4672-a76f-8a6c127ce878" />
    <UnitTestResult executionId="49db839d-7f47-4c9d-9bc0-9ba09d87960c" testId="cdaa691e-32b9-4391-a03a-e308eec27637" testName="Test4819" computerName="UA-LPT-OGA2" duration="00:00:00.7600000" startTime="2025-05-14T13:20:31.3146610Z" endTime="2025-05-14T13:25:31.3147553Z" testType="13cdc9d9-ddb5-4fa4-a97d-d965ccfc6d4b" outcome="Passed" testListId="59e173a1-e74b-4672-a76f-8a6c127ce878" />
    <UnitTestResult executionId="d37df6b4-aa4f-4b9b-b721-37596d9318d8" testId="1b3ad3d4-f903-4962-a76c-665336a3d10c" testName="Test4820" computerName="UA-LPT-OGA2" duration="00:00:00.1220000" startTime="2025-05-14T13:20:31.3146610Z" endTime="2025-05-14T13:25:31.3147553Z" testType="13cdc9d9-ddb5-4fa4-a97d-d965ccfc6d4b" outcome="Passed" testListId="59e173a1-e74b-4672-a76f-8a6c127ce878" />
    <UnitTestResult executionId="e3cd82d7-3a45-4cc2-afee-91cd964be656" testId="967ceb7d-baa7-481d-84e5-c6666b2988d7" testName="Test4821" computerName="UA-LPT-OGA2" duration="00:00:00.8770000" startTime="2025-05-14T13:20:31.3146610Z" endTime="2025-05-14T13:25:31.3147553Z" testType="13cdc9d9-ddb5-4fa4-a97d-d965ccfc6d4b" outcome="Passed" testListId="59e173a1-e74b-4672-a76f-8a6c127ce878" />
    <UnitTestResult executionId="f3abf2a0-d157-444a-98a5-45eb0102fbbb" testId="bc220592-7bf1-4a83-aa86-e3ca013ac96b" testName="Test4822" computerName="UA-LPT-OGA2" duration="00:00:01.0100000" startTime="2025-05-14T13:20:31.3146610Z" endTime="2025-05-14T13:25:31.3147553Z" testType="13cdc9d9-ddb5-4fa4-a97d-d965ccfc6d4b" outcome="Passed" testListId="59e173a1-e74b-4672-a76f-8a6c127ce878" />
    <UnitTestResult executionId="62d5a439-211f-4305-9edb-71b77e90f558" testId="bbe2c99a-15fc-4f80-93ef-99355c00a042" testName="Test4823" computerName="UA-LPT-OGA2" duration="00:00:00.6590000" startTime="2025-05-14T13:20:31.3146610Z" endTime="2025-05-14T13:25:31.3147553Z" testType="13cdc9d9-ddb5-4fa4-a97d-d965ccfc6d4b" outcome="Passed" testListId="59e173a1-e74b-4672-a76f-8a6c127ce878" />
    <UnitTestResult executionId="d725d562-307b-4b8d-8f84-0ba65eb94bc1" testId="e844559b-50ca-420d-8e28-83ad7900c249" testName="Test4824" computerName="UA-LPT-OGA2" duration="00:00:01.0130000" startTime="2025-05-14T13:20:31.3146610Z" endTime="2025-05-14T13:25:31.3147553Z" testType="13cdc9d9-ddb5-4fa4-a97d-d965ccfc6d4b" outcome="Failed" testListId="59e173a1-e74b-4672-a76f-8a6c127ce878">
      <Output>
        <ErrorInfo>
          <Message>Assertion failed: Expected value did not match actual value.</Message>
          <StackTrace>   at TestNamespace.TestClass.Test() in TestClass.cs:line 67</StackTrace>
        </ErrorInfo>
      </Output>
    </UnitTestResult>
    <UnitTestResult executionId="e742b175-6a1f-44cf-8dd1-06196b54fdb1" testId="acfd416d-a679-43fc-bdfd-27841693ac06" testName="Test4825" computerName="UA-LPT-OGA2" duration="00:00:00.6470000" startTime="2025-05-14T13:20:31.3146610Z" endTime="2025-05-14T13:25:31.3147553Z" testType="13cdc9d9-ddb5-4fa4-a97d-d965ccfc6d4b" outcome="Passed" testListId="59e173a1-e74b-4672-a76f-8a6c127ce878" />
    <UnitTestResult executionId="164b6f7b-f8b4-4c5b-8bdf-cc6507991201" testId="acd624f4-d2e8-4bf6-bd7f-4e03e1e82668" testName="Test4826" computerName="UA-LPT-OGA2" duration="00:00:01.5120000" startTime="2025-05-14T13:20:31.3146610Z" endTime="2025-05-14T13:25:31.3147553Z" testType="13cdc9d9-ddb5-4fa4-a97d-d965ccfc6d4b" outcome="Passed" testListId="59e173a1-e74b-4672-a76f-8a6c127ce878" />
    <UnitTestResult executionId="75ca1a71-5770-4d31-be08-85c9b4c6ce48" testId="29c9ff39-39ca-4ed9-a7aa-2bb4bd2ce81d" testName="Test4827" computerName="UA-LPT-OGA2" duration="00:00:00.5730000" startTime="2025-05-14T13:20:31.3146610Z" endTime="2025-05-14T13:25:31.3147553Z" testType="13cdc9d9-ddb5-4fa4-a97d-d965ccfc6d4b" outcome="Passed" testListId="59e173a1-e74b-4672-a76f-8a6c127ce878" />
    <UnitTestResult executionId="ec6b6363-82ea-4b82-8795-f7b50954b3c6" testId="6274ae8b-ec00-4f78-be3e-d1963e52a286" testName="Test4828" computerName="UA-LPT-OGA2" duration="00:00:01.3630000" startTime="2025-05-14T13:20:31.3146610Z" endTime="2025-05-14T13:25:31.3147553Z" testType="13cdc9d9-ddb5-4fa4-a97d-d965ccfc6d4b" outcome="Passed" testListId="59e173a1-e74b-4672-a76f-8a6c127ce878" />
    <UnitTestResult executionId="084e5f38-019a-4a68-9ca6-830251f1ee46" testId="4aad8aa9-3567-4dc2-a94a-ab5126e2cbde" testName="Test4829" computerName="UA-LPT-OGA2" duration="00:00:01.9070000" startTime="2025-05-14T13:20:31.3146610Z" endTime="2025-05-14T13:25:31.3147553Z" testType="13cdc9d9-ddb5-4fa4-a97d-d965ccfc6d4b" outcome="Passed" testListId="59e173a1-e74b-4672-a76f-8a6c127ce878" />
    <UnitTestResult executionId="daf04ad9-0387-47df-a2e1-c68447603be5" testId="8af0d158-d3ec-4394-9ffe-43bb09c466da" testName="Test4830" computerName="UA-LPT-OGA2" duration="00:00:00.2250000" startTime="2025-05-14T13:20:31.3146610Z" endTime="2025-05-14T13:25:31.3147553Z" testType="13cdc9d9-ddb5-4fa4-a97d-d965ccfc6d4b" outcome="Passed" testListId="59e173a1-e74b-4672-a76f-8a6c127ce878" />
    <UnitTestResult executionId="80be5023-73d2-47ec-9029-0d964025103e" testId="063bfc10-0aed-48a6-8227-cbab2b5df91e" testName="Test4831" computerName="UA-LPT-OGA2" duration="00:00:01.6430000" startTime="2025-05-14T13:20:31.3146610Z" endTime="2025-05-14T13:25:31.3147553Z" testType="13cdc9d9-ddb5-4fa4-a97d-d965ccfc6d4b" outcome="Passed" testListId="59e173a1-e74b-4672-a76f-8a6c127ce878" />
    <UnitTestResult executionId="d8069dd5-d4f5-49e1-b6d7-4b063bb98edb" testId="0c1a029b-f9fe-44cc-9e34-4dc0a812d6d9" testName="Test4832" computerName="UA-LPT-OGA2" duration="00:00:01.0810000" startTime="2025-05-14T13:20:31.3146610Z" endTime="2025-05-14T13:25:31.3147553Z" testType="13cdc9d9-ddb5-4fa4-a97d-d965ccfc6d4b" outcome="Passed" testListId="59e173a1-e74b-4672-a76f-8a6c127ce878" />
    <UnitTestResult executionId="255301cc-0e60-4c2e-ab03-b5a3fcac1a79" testId="e75a7c68-a791-4458-9d47-a6ae9966eb11" testName="Test4833" computerName="UA-LPT-OGA2" duration="00:00:01.5280000" startTime="2025-05-14T13:20:31.3146610Z" endTime="2025-05-14T13:25:31.3147553Z" testType="13cdc9d9-ddb5-4fa4-a97d-d965ccfc6d4b" outcome="Passed" testListId="59e173a1-e74b-4672-a76f-8a6c127ce878" />
    <UnitTestResult executionId="ac61eed6-7619-4d33-92b0-7f1fa35ae4b5" testId="2bf82bb9-566f-4b70-8543-5cca4f29ae99" testName="Test4834" computerName="UA-LPT-OGA2" duration="00:00:00.7790000" startTime="2025-05-14T13:20:31.3146610Z" endTime="2025-05-14T13:25:31.3147553Z" testType="13cdc9d9-ddb5-4fa4-a97d-d965ccfc6d4b" outcome="Passed" testListId="59e173a1-e74b-4672-a76f-8a6c127ce878" />
    <UnitTestResult executionId="ff8c8120-5b8d-41ed-b06d-f53df91a3af9" testId="66a2230a-8aa5-4b91-9dd3-5d2e21d562c7" testName="Test4835" computerName="UA-LPT-OGA2" duration="00:00:00.3090000" startTime="2025-05-14T13:20:31.3146610Z" endTime="2025-05-14T13:25:31.3147553Z" testType="13cdc9d9-ddb5-4fa4-a97d-d965ccfc6d4b" outcome="Failed" testListId="59e173a1-e74b-4672-a76f-8a6c127ce878">
      <Output>
        <ErrorInfo>
          <Message>Assertion failed: Expected value did not match actual value.</Message>
          <StackTrace>   at TestNamespace.TestClass.Test() in TestClass.cs:line 152</StackTrace>
        </ErrorInfo>
      </Output>
    </UnitTestResult>
    <UnitTestResult executionId="c049300a-0ba8-4dc5-945c-11d8017c087e" testId="2861a198-bd1d-40fe-a23d-391c64419d22" testName="Test4836" computerName="UA-LPT-OGA2" duration="00:00:00.3740000" startTime="2025-05-14T13:20:31.3146610Z" endTime="2025-05-14T13:25:31.3147553Z" testType="13cdc9d9-ddb5-4fa4-a97d-d965ccfc6d4b" outcome="Passed" testListId="59e173a1-e74b-4672-a76f-8a6c127ce878" />
    <UnitTestResult executionId="6169a356-cfe9-474b-b1b5-18f6ce2a82b1" testId="471259dd-07b8-4107-aef4-d7650d0025c8" testName="Test4837" computerName="UA-LPT-OGA2" duration="00:00:00.9610000" startTime="2025-05-14T13:20:31.3146610Z" endTime="2025-05-14T13:25:31.3147553Z" testType="13cdc9d9-ddb5-4fa4-a97d-d965ccfc6d4b" outcome="Passed" testListId="59e173a1-e74b-4672-a76f-8a6c127ce878" />
    <UnitTestResult executionId="4d7b3292-ac77-4860-8a62-b9ba54a536b4" testId="4d62709f-36ec-4307-ae25-439b1c706b13" testName="Test4838" computerName="UA-LPT-OGA2" duration="00:00:00.7510000" startTime="2025-05-14T13:20:31.3146610Z" endTime="2025-05-14T13:25:31.3147553Z" testType="13cdc9d9-ddb5-4fa4-a97d-d965ccfc6d4b" outcome="Failed" testListId="59e173a1-e74b-4672-a76f-8a6c127ce878">
      <Output>
        <ErrorInfo>
          <Message>Assertion failed: Expected value did not match actual value.</Message>
          <StackTrace>   at TestNamespace.TestClass.Test() in TestClass.cs:line 119</StackTrace>
        </ErrorInfo>
      </Output>
    </UnitTestResult>
    <UnitTestResult executionId="50c6b632-f1f0-40a4-8dc9-82962505b590" testId="2e656d93-f314-424b-84d1-dbbf08577e88" testName="Test4839" computerName="UA-LPT-OGA2" duration="00:00:01.9450000" startTime="2025-05-14T13:20:31.3146610Z" endTime="2025-05-14T13:25:31.3147553Z" testType="13cdc9d9-ddb5-4fa4-a97d-d965ccfc6d4b" outcome="Passed" testListId="59e173a1-e74b-4672-a76f-8a6c127ce878" />
    <UnitTestResult executionId="5cff00b1-d39f-4243-84ff-3083ae24ceff" testId="6e4195e0-0498-486d-b570-a2794a80917b" testName="Test4840" computerName="UA-LPT-OGA2" duration="00:00:00.6160000" startTime="2025-05-14T13:20:31.3146610Z" endTime="2025-05-14T13:25:31.3147553Z" testType="13cdc9d9-ddb5-4fa4-a97d-d965ccfc6d4b" outcome="Passed" testListId="59e173a1-e74b-4672-a76f-8a6c127ce878" />
    <UnitTestResult executionId="b28ae988-dc3c-401e-ba2b-9e7fb47b57c2" testId="dd4942fd-df91-43ec-8c52-02f19e1c3096" testName="Test4841" computerName="UA-LPT-OGA2" duration="00:00:01.6510000" startTime="2025-05-14T13:20:31.3146610Z" endTime="2025-05-14T13:25:31.3147553Z" testType="13cdc9d9-ddb5-4fa4-a97d-d965ccfc6d4b" outcome="Passed" testListId="59e173a1-e74b-4672-a76f-8a6c127ce878" />
    <UnitTestResult executionId="1f31f6de-205e-4a7b-99e0-75208d41f85f" testId="20f95119-59fe-41f5-aa31-b32c31150640" testName="Test4842" computerName="UA-LPT-OGA2" duration="00:00:00.9700000" startTime="2025-05-14T13:20:31.3146610Z" endTime="2025-05-14T13:25:31.3147553Z" testType="13cdc9d9-ddb5-4fa4-a97d-d965ccfc6d4b" outcome="Passed" testListId="59e173a1-e74b-4672-a76f-8a6c127ce878" />
    <UnitTestResult executionId="d781294f-0e00-4773-8fb3-ca4d2cbf0b7a" testId="a4902d11-092c-48df-96f2-ada2789d774a" testName="Test4843" computerName="UA-LPT-OGA2" duration="00:00:00.4360000" startTime="2025-05-14T13:20:31.3146610Z" endTime="2025-05-14T13:25:31.3147553Z" testType="13cdc9d9-ddb5-4fa4-a97d-d965ccfc6d4b" outcome="Inconclusive" testListId="59e173a1-e74b-4672-a76f-8a6c127ce878" />
    <UnitTestResult executionId="39cecddb-0c53-4587-bd1f-2bbf523cd1eb" testId="3a9c5513-d157-4080-ad3e-0bc9583a68bc" testName="Test4844" computerName="UA-LPT-OGA2" duration="00:00:01.6580000" startTime="2025-05-14T13:20:31.3146610Z" endTime="2025-05-14T13:25:31.3147553Z" testType="13cdc9d9-ddb5-4fa4-a97d-d965ccfc6d4b" outcome="Passed" testListId="59e173a1-e74b-4672-a76f-8a6c127ce878" />
    <UnitTestResult executionId="aa4e8ee1-d984-41bc-8f93-749faf2d9b68" testId="b500f91f-ad16-452c-8870-7658a6d20685" testName="Test4845" computerName="UA-LPT-OGA2" duration="00:00:01.0460000" startTime="2025-05-14T13:20:31.3146610Z" endTime="2025-05-14T13:25:31.3147553Z" testType="13cdc9d9-ddb5-4fa4-a97d-d965ccfc6d4b" outcome="Passed" testListId="59e173a1-e74b-4672-a76f-8a6c127ce878" />
    <UnitTestResult executionId="0bbdbf47-1a5f-4154-90cf-edd011192b50" testId="82fd832a-b610-4b13-86dc-93af334e3c39" testName="Test4846" computerName="UA-LPT-OGA2" duration="00:00:01.5300000" startTime="2025-05-14T13:20:31.3146610Z" endTime="2025-05-14T13:25:31.3147553Z" testType="13cdc9d9-ddb5-4fa4-a97d-d965ccfc6d4b" outcome="Passed" testListId="59e173a1-e74b-4672-a76f-8a6c127ce878" />
    <UnitTestResult executionId="efd4fe27-b08c-4330-9149-0bf3aac9c376" testId="f3edd3c9-9baa-4092-b3c6-0082d45803fc" testName="Test4847" computerName="UA-LPT-OGA2" duration="00:00:01.2420000" startTime="2025-05-14T13:20:31.3146610Z" endTime="2025-05-14T13:25:31.3147553Z" testType="13cdc9d9-ddb5-4fa4-a97d-d965ccfc6d4b" outcome="Passed" testListId="59e173a1-e74b-4672-a76f-8a6c127ce878" />
    <UnitTestResult executionId="7fdba438-b3ac-4e51-b6bd-8ebf7764cc00" testId="9e61b79a-1583-46e5-8c5c-f3ee1989314c" testName="Test4848" computerName="UA-LPT-OGA2" duration="00:00:00.0650000" startTime="2025-05-14T13:20:31.3146610Z" endTime="2025-05-14T13:25:31.3147553Z" testType="13cdc9d9-ddb5-4fa4-a97d-d965ccfc6d4b" outcome="Passed" testListId="59e173a1-e74b-4672-a76f-8a6c127ce878" />
    <UnitTestResult executionId="f20bad76-bb49-4fd6-8b66-e2373105b11b" testId="2b47a000-4c92-483d-a4fe-cd9699223afe" testName="Test4849" computerName="UA-LPT-OGA2" duration="00:00:01.8700000" startTime="2025-05-14T13:20:31.3146610Z" endTime="2025-05-14T13:25:31.3147553Z" testType="13cdc9d9-ddb5-4fa4-a97d-d965ccfc6d4b" outcome="Passed" testListId="59e173a1-e74b-4672-a76f-8a6c127ce878" />
    <UnitTestResult executionId="23efaf02-236f-4c22-9056-f841e828ba0a" testId="89179bc5-b2de-434b-aec9-9c03842a3755" testName="Test4850" computerName="UA-LPT-OGA2" duration="00:00:00.3080000" startTime="2025-05-14T13:20:31.3146610Z" endTime="2025-05-14T13:25:31.3147553Z" testType="13cdc9d9-ddb5-4fa4-a97d-d965ccfc6d4b" outcome="Passed" testListId="59e173a1-e74b-4672-a76f-8a6c127ce878" />
    <UnitTestResult executionId="80952d2a-8525-4295-bd13-810ae97b616f" testId="5ea6b46d-6d5f-4ac9-9ed5-fed4670cb039" testName="Test4851" computerName="UA-LPT-OGA2" duration="00:00:01.4450000" startTime="2025-05-14T13:20:31.3146610Z" endTime="2025-05-14T13:25:31.3147553Z" testType="13cdc9d9-ddb5-4fa4-a97d-d965ccfc6d4b" outcome="Passed" testListId="59e173a1-e74b-4672-a76f-8a6c127ce878" />
    <UnitTestResult executionId="01faae50-316b-45e4-9787-356d1c563b76" testId="426fa600-cf6c-45f8-b5cb-61e9f7371378" testName="Test4852" computerName="UA-LPT-OGA2" duration="00:00:00.6250000" startTime="2025-05-14T13:20:31.3146610Z" endTime="2025-05-14T13:25:31.3147553Z" testType="13cdc9d9-ddb5-4fa4-a97d-d965ccfc6d4b" outcome="Passed" testListId="59e173a1-e74b-4672-a76f-8a6c127ce878" />
    <UnitTestResult executionId="b79267ae-ada0-4648-8565-34dd6d6e0ab5" testId="a0805aa2-f6a6-45fa-b7a9-cdf72af57dca" testName="Test4853" computerName="UA-LPT-OGA2" duration="00:00:00.8370000" startTime="2025-05-14T13:20:31.3146610Z" endTime="2025-05-14T13:25:31.3147553Z" testType="13cdc9d9-ddb5-4fa4-a97d-d965ccfc6d4b" outcome="Passed" testListId="59e173a1-e74b-4672-a76f-8a6c127ce878" />
    <UnitTestResult executionId="6fe35774-baec-47fd-9589-efe75c2188e8" testId="23d18a70-9a4d-49de-b207-99d76ebbee30" testName="Test4854" computerName="UA-LPT-OGA2" duration="00:00:00.0310000" startTime="2025-05-14T13:20:31.3146610Z" endTime="2025-05-14T13:25:31.3147553Z" testType="13cdc9d9-ddb5-4fa4-a97d-d965ccfc6d4b" outcome="Passed" testListId="59e173a1-e74b-4672-a76f-8a6c127ce878" />
    <UnitTestResult executionId="e2990d0b-5bb0-4131-9a07-7320cbef0cf1" testId="19c11df3-958b-419c-80ad-cf487944d588" testName="Test4855" computerName="UA-LPT-OGA2" duration="00:00:01.5920000" startTime="2025-05-14T13:20:31.3146610Z" endTime="2025-05-14T13:25:31.3147553Z" testType="13cdc9d9-ddb5-4fa4-a97d-d965ccfc6d4b" outcome="Passed" testListId="59e173a1-e74b-4672-a76f-8a6c127ce878" />
    <UnitTestResult executionId="98b846d7-e4dc-49a6-bcb9-2898d3d86dba" testId="d8719b50-4997-496e-a54a-75230c6eef0a" testName="Test4856" computerName="UA-LPT-OGA2" duration="00:00:00.2190000" startTime="2025-05-14T13:20:31.3146610Z" endTime="2025-05-14T13:25:31.3147553Z" testType="13cdc9d9-ddb5-4fa4-a97d-d965ccfc6d4b" outcome="Passed" testListId="59e173a1-e74b-4672-a76f-8a6c127ce878" />
    <UnitTestResult executionId="1a877836-24ec-4ff3-bb34-fc240f907c79" testId="658442c8-5fc3-4fe2-ad96-e37d8d7cd3ba" testName="Test4857" computerName="UA-LPT-OGA2" duration="00:00:00.8060000" startTime="2025-05-14T13:20:31.3146610Z" endTime="2025-05-14T13:25:31.3147553Z" testType="13cdc9d9-ddb5-4fa4-a97d-d965ccfc6d4b" outcome="Passed" testListId="59e173a1-e74b-4672-a76f-8a6c127ce878" />
    <UnitTestResult executionId="ceaf398d-3186-436f-84d6-fa978ab250c6" testId="3ce7d5ad-f3bb-4b9e-90e0-a403cca0c694" testName="Test4858" computerName="UA-LPT-OGA2" duration="00:00:00.2750000" startTime="2025-05-14T13:20:31.3146610Z" endTime="2025-05-14T13:25:31.3147553Z" testType="13cdc9d9-ddb5-4fa4-a97d-d965ccfc6d4b" outcome="Passed" testListId="59e173a1-e74b-4672-a76f-8a6c127ce878" />
    <UnitTestResult executionId="0ddc7553-70d5-4bcc-99e0-14213fae7023" testId="24fc61d4-c96a-4eb7-a3aa-2a9f6dcd52f0" testName="Test4859" computerName="UA-LPT-OGA2" duration="00:00:00.6920000" startTime="2025-05-14T13:20:31.3146610Z" endTime="2025-05-14T13:25:31.3147553Z" testType="13cdc9d9-ddb5-4fa4-a97d-d965ccfc6d4b" outcome="Passed" testListId="59e173a1-e74b-4672-a76f-8a6c127ce878" />
    <UnitTestResult executionId="a2b058cb-4ca7-436a-8bd2-3af12892d512" testId="b6af9f88-3d1c-424f-9244-6df5162351ff" testName="Test4860" computerName="UA-LPT-OGA2" duration="00:00:00.7210000" startTime="2025-05-14T13:20:31.3146610Z" endTime="2025-05-14T13:25:31.3147553Z" testType="13cdc9d9-ddb5-4fa4-a97d-d965ccfc6d4b" outcome="Passed" testListId="59e173a1-e74b-4672-a76f-8a6c127ce878" />
    <UnitTestResult executionId="00af8199-fc1b-4960-897c-71a5c049e3f7" testId="5a534d76-b2bb-440c-afce-fbb52331a8b3" testName="Test4861" computerName="UA-LPT-OGA2" duration="00:00:00.7350000" startTime="2025-05-14T13:20:31.3146610Z" endTime="2025-05-14T13:25:31.3147553Z" testType="13cdc9d9-ddb5-4fa4-a97d-d965ccfc6d4b" outcome="Passed" testListId="59e173a1-e74b-4672-a76f-8a6c127ce878" />
    <UnitTestResult executionId="25b6e5cf-382a-4ce1-835e-a8010314f55c" testId="dbefed4a-aa60-41c1-99f4-c21267f77d84" testName="Test4862" computerName="UA-LPT-OGA2" duration="00:00:01.8320000" startTime="2025-05-14T13:20:31.3146610Z" endTime="2025-05-14T13:25:31.3147553Z" testType="13cdc9d9-ddb5-4fa4-a97d-d965ccfc6d4b" outcome="Passed" testListId="59e173a1-e74b-4672-a76f-8a6c127ce878" />
    <UnitTestResult executionId="ef03dfe9-127f-4010-a299-f63dccee2c0b" testId="b5886287-34f7-44d4-9309-f40b7f8f0bf9" testName="Test4863" computerName="UA-LPT-OGA2" duration="00:00:00.6900000" startTime="2025-05-14T13:20:31.3146610Z" endTime="2025-05-14T13:25:31.3147553Z" testType="13cdc9d9-ddb5-4fa4-a97d-d965ccfc6d4b" outcome="Passed" testListId="59e173a1-e74b-4672-a76f-8a6c127ce878" />
    <UnitTestResult executionId="822bf16c-9262-46a8-983d-3eb1aae5c350" testId="2c4a86cc-c059-4ae6-9aa1-d061bc371456" testName="Test4864" computerName="UA-LPT-OGA2" duration="00:00:00.3670000" startTime="2025-05-14T13:20:31.3146610Z" endTime="2025-05-14T13:25:31.3147553Z" testType="13cdc9d9-ddb5-4fa4-a97d-d965ccfc6d4b" outcome="Passed" testListId="59e173a1-e74b-4672-a76f-8a6c127ce878" />
    <UnitTestResult executionId="af91c97d-5797-4e28-9c11-ec654967607c" testId="fe3bd24d-7368-4f02-b0eb-0a214e924088" testName="Test4865" computerName="UA-LPT-OGA2" duration="00:00:00.1960000" startTime="2025-05-14T13:20:31.3146610Z" endTime="2025-05-14T13:25:31.3147553Z" testType="13cdc9d9-ddb5-4fa4-a97d-d965ccfc6d4b" outcome="Passed" testListId="59e173a1-e74b-4672-a76f-8a6c127ce878" />
    <UnitTestResult executionId="1e5a2117-c986-4870-a1dd-9d644e7bd227" testId="a614b528-a86e-480d-b396-efbd251f0434" testName="Test4866" computerName="UA-LPT-OGA2" duration="00:00:01.3860000" startTime="2025-05-14T13:20:31.3146610Z" endTime="2025-05-14T13:25:31.3147553Z" testType="13cdc9d9-ddb5-4fa4-a97d-d965ccfc6d4b" outcome="Passed" testListId="59e173a1-e74b-4672-a76f-8a6c127ce878" />
    <UnitTestResult executionId="9605b8f8-5f22-4e60-86b0-b86000293189" testId="87bb2cf2-ce2e-4595-af77-a24fe01a48cb" testName="Test4867" computerName="UA-LPT-OGA2" duration="00:00:00.7310000" startTime="2025-05-14T13:20:31.3146610Z" endTime="2025-05-14T13:25:31.3147553Z" testType="13cdc9d9-ddb5-4fa4-a97d-d965ccfc6d4b" outcome="Passed" testListId="59e173a1-e74b-4672-a76f-8a6c127ce878" />
    <UnitTestResult executionId="49feba2e-b51a-441b-9b29-1fbc683a3891" testId="c507f1a0-a8d4-423e-bde1-6eed5954d9ef" testName="Test4868" computerName="UA-LPT-OGA2" duration="00:00:01.5580000" startTime="2025-05-14T13:20:31.3146610Z" endTime="2025-05-14T13:25:31.3147553Z" testType="13cdc9d9-ddb5-4fa4-a97d-d965ccfc6d4b" outcome="Passed" testListId="59e173a1-e74b-4672-a76f-8a6c127ce878" />
    <UnitTestResult executionId="994d7b7b-3789-4ba8-8f0b-907470ba3066" testId="b0a44ddf-30b2-4833-a87b-853e021255cd" testName="Test4869" computerName="UA-LPT-OGA2" duration="00:00:00.4700000" startTime="2025-05-14T13:20:31.3146610Z" endTime="2025-05-14T13:25:31.3147553Z" testType="13cdc9d9-ddb5-4fa4-a97d-d965ccfc6d4b" outcome="Passed" testListId="59e173a1-e74b-4672-a76f-8a6c127ce878" />
    <UnitTestResult executionId="4a4e729c-8dc4-4d5f-bdaa-59691a0d93ae" testId="39897847-7864-4429-9716-4d47b8a3de95" testName="Test4870" computerName="UA-LPT-OGA2" duration="00:00:00.7800000" startTime="2025-05-14T13:20:31.3146610Z" endTime="2025-05-14T13:25:31.3147553Z" testType="13cdc9d9-ddb5-4fa4-a97d-d965ccfc6d4b" outcome="Passed" testListId="59e173a1-e74b-4672-a76f-8a6c127ce878" />
    <UnitTestResult executionId="b3b4a4bc-d3c0-4a39-8130-f3bc5579e23d" testId="8ed59414-db79-4fe4-84c2-e0f324f85707" testName="Test4871" computerName="UA-LPT-OGA2" duration="00:00:00.3560000" startTime="2025-05-14T13:20:31.3146610Z" endTime="2025-05-14T13:25:31.3147553Z" testType="13cdc9d9-ddb5-4fa4-a97d-d965ccfc6d4b" outcome="Passed" testListId="59e173a1-e74b-4672-a76f-8a6c127ce878" />
    <UnitTestResult executionId="4185ef08-3ac0-45be-8218-bc2cefee4260" testId="b338fe9b-d974-4a39-b5a0-07c86e498f05" testName="Test4872" computerName="UA-LPT-OGA2" duration="00:00:00.4310000" startTime="2025-05-14T13:20:31.3146610Z" endTime="2025-05-14T13:25:31.3147553Z" testType="13cdc9d9-ddb5-4fa4-a97d-d965ccfc6d4b" outcome="Passed" testListId="59e173a1-e74b-4672-a76f-8a6c127ce878" />
    <UnitTestResult executionId="93ca1d6f-a544-497e-ab50-0d853857bc05" testId="cf5e4891-80d7-4868-9792-d841f8825d09" testName="Test4873" computerName="UA-LPT-OGA2" duration="00:00:01.2100000" startTime="2025-05-14T13:20:31.3146610Z" endTime="2025-05-14T13:25:31.3147553Z" testType="13cdc9d9-ddb5-4fa4-a97d-d965ccfc6d4b" outcome="Passed" testListId="59e173a1-e74b-4672-a76f-8a6c127ce878" />
    <UnitTestResult executionId="759c7fd3-2347-4d8a-b034-ea3c42958e3d" testId="fbb4d858-cce6-4ea1-bb31-91ec0d2357a9" testName="Test4874" computerName="UA-LPT-OGA2" duration="00:00:00.8010000" startTime="2025-05-14T13:20:31.3146610Z" endTime="2025-05-14T13:25:31.3147553Z" testType="13cdc9d9-ddb5-4fa4-a97d-d965ccfc6d4b" outcome="Passed" testListId="59e173a1-e74b-4672-a76f-8a6c127ce878" />
    <UnitTestResult executionId="a82d63fe-20f1-4b85-b7e8-8d011c22935e" testId="f795bc1f-e84f-4deb-aed6-b6270e092575" testName="Test4875" computerName="UA-LPT-OGA2" duration="00:00:00.3060000" startTime="2025-05-14T13:20:31.3146610Z" endTime="2025-05-14T13:25:31.3147553Z" testType="13cdc9d9-ddb5-4fa4-a97d-d965ccfc6d4b" outcome="Passed" testListId="59e173a1-e74b-4672-a76f-8a6c127ce878" />
    <UnitTestResult executionId="032d7763-452f-479e-a086-3b9353c73cd5" testId="90fe9901-99f4-4803-9d34-8f08366b230f" testName="Test4876" computerName="UA-LPT-OGA2" duration="00:00:00.8810000" startTime="2025-05-14T13:20:31.3146610Z" endTime="2025-05-14T13:25:31.3147553Z" testType="13cdc9d9-ddb5-4fa4-a97d-d965ccfc6d4b" outcome="Passed" testListId="59e173a1-e74b-4672-a76f-8a6c127ce878" />
    <UnitTestResult executionId="756d4438-e0ae-426d-9253-3af66de5ca65" testId="727ee2c9-214a-4c60-96ba-5d90cabb9d3d" testName="Test4877" computerName="UA-LPT-OGA2" duration="00:00:00.8610000" startTime="2025-05-14T13:20:31.3146610Z" endTime="2025-05-14T13:25:31.3147553Z" testType="13cdc9d9-ddb5-4fa4-a97d-d965ccfc6d4b" outcome="Passed" testListId="59e173a1-e74b-4672-a76f-8a6c127ce878" />
    <UnitTestResult executionId="99688598-c8c4-4c60-a50e-488131ac2246" testId="096592b7-5843-4bbe-b84a-fbac9a67ddf3" testName="Test4878" computerName="UA-LPT-OGA2" duration="00:00:01.9510000" startTime="2025-05-14T13:20:31.3146610Z" endTime="2025-05-14T13:25:31.3147553Z" testType="13cdc9d9-ddb5-4fa4-a97d-d965ccfc6d4b" outcome="Passed" testListId="59e173a1-e74b-4672-a76f-8a6c127ce878" />
    <UnitTestResult executionId="2103d4f1-670e-4716-b513-700908c85147" testId="efcac75a-77f6-470e-b961-95f280ac282c" testName="Test4879" computerName="UA-LPT-OGA2" duration="00:00:01.7170000" startTime="2025-05-14T13:20:31.3146610Z" endTime="2025-05-14T13:25:31.3147553Z" testType="13cdc9d9-ddb5-4fa4-a97d-d965ccfc6d4b" outcome="Passed" testListId="59e173a1-e74b-4672-a76f-8a6c127ce878" />
    <UnitTestResult executionId="951b597f-fdbf-4e8b-8db7-e0ff826e5c9c" testId="019d735c-28bd-48fc-834d-d62abbef5b3c" testName="Test4880" computerName="UA-LPT-OGA2" duration="00:00:01.8580000" startTime="2025-05-14T13:20:31.3146610Z" endTime="2025-05-14T13:25:31.3147553Z" testType="13cdc9d9-ddb5-4fa4-a97d-d965ccfc6d4b" outcome="Passed" testListId="59e173a1-e74b-4672-a76f-8a6c127ce878" />
    <UnitTestResult executionId="3c3f1b90-1c3e-4ecc-9e9b-fb4e7be70fb1" testId="8a2f0a1a-8b37-4ca3-8865-ad0cc3944b12" testName="Test4881" computerName="UA-LPT-OGA2" duration="00:00:01.2400000" startTime="2025-05-14T13:20:31.3146610Z" endTime="2025-05-14T13:25:31.3147553Z" testType="13cdc9d9-ddb5-4fa4-a97d-d965ccfc6d4b" outcome="Passed" testListId="59e173a1-e74b-4672-a76f-8a6c127ce878" />
    <UnitTestResult executionId="3b08c17e-36fe-489d-be81-78657f097a58" testId="9203f080-a6f0-4702-ab55-b8c067d1b81a" testName="Test4882" computerName="UA-LPT-OGA2" duration="00:00:01.0000000" startTime="2025-05-14T13:20:31.3146610Z" endTime="2025-05-14T13:25:31.3147553Z" testType="13cdc9d9-ddb5-4fa4-a97d-d965ccfc6d4b" outcome="Failed" testListId="59e173a1-e74b-4672-a76f-8a6c127ce878">
      <Output>
        <ErrorInfo>
          <Message>Assertion failed: Expected value did not match actual value.</Message>
          <StackTrace>   at TestNamespace.TestClass.Test() in TestClass.cs:line 65</StackTrace>
        </ErrorInfo>
      </Output>
    </UnitTestResult>
    <UnitTestResult executionId="3c23560b-c954-49ed-ab9a-fe1036a1854d" testId="07c8c558-1029-40c8-b6ed-78cd6492a76d" testName="Test4883" computerName="UA-LPT-OGA2" duration="00:00:01.2960000" startTime="2025-05-14T13:20:31.3146610Z" endTime="2025-05-14T13:25:31.3147553Z" testType="13cdc9d9-ddb5-4fa4-a97d-d965ccfc6d4b" outcome="Passed" testListId="59e173a1-e74b-4672-a76f-8a6c127ce878" />
    <UnitTestResult executionId="6af7c8cc-82a1-4df4-9327-171298c6fc6f" testId="e98d7970-9cff-4a5b-bca0-6c9e15e01e55" testName="Test4884" computerName="UA-LPT-OGA2" duration="00:00:00.6370000" startTime="2025-05-14T13:20:31.3146610Z" endTime="2025-05-14T13:25:31.3147553Z" testType="13cdc9d9-ddb5-4fa4-a97d-d965ccfc6d4b" outcome="Passed" testListId="59e173a1-e74b-4672-a76f-8a6c127ce878" />
    <UnitTestResult executionId="9811e418-0249-4769-9735-22aa98b53abe" testId="44a286eb-76e3-483d-93ea-83f94f2188fb" testName="Test4885" computerName="UA-LPT-OGA2" duration="00:00:01.1250000" startTime="2025-05-14T13:20:31.3146610Z" endTime="2025-05-14T13:25:31.3147553Z" testType="13cdc9d9-ddb5-4fa4-a97d-d965ccfc6d4b" outcome="Passed" testListId="59e173a1-e74b-4672-a76f-8a6c127ce878" />
    <UnitTestResult executionId="d570ba3a-b904-4925-87a0-aed3321c65c8" testId="c27624ce-ef1d-4891-af27-61177dbbad61" testName="Test4886" computerName="UA-LPT-OGA2" duration="00:00:01.2450000" startTime="2025-05-14T13:20:31.3146610Z" endTime="2025-05-14T13:25:31.3147553Z" testType="13cdc9d9-ddb5-4fa4-a97d-d965ccfc6d4b" outcome="Passed" testListId="59e173a1-e74b-4672-a76f-8a6c127ce878" />
    <UnitTestResult executionId="b03bfd87-7b5a-4864-99c1-3dca8b826b5d" testId="ffd649fd-3abe-40d0-9e7e-2dc940f677df" testName="Test4887" computerName="UA-LPT-OGA2" duration="00:00:01.5930000" startTime="2025-05-14T13:20:31.3146610Z" endTime="2025-05-14T13:25:31.3147553Z" testType="13cdc9d9-ddb5-4fa4-a97d-d965ccfc6d4b" outcome="Passed" testListId="59e173a1-e74b-4672-a76f-8a6c127ce878" />
    <UnitTestResult executionId="157e5218-5df0-4dfc-90d3-5e4f7a32ef48" testId="df88af5e-703c-4db5-a560-879748947118" testName="Test4888" computerName="UA-LPT-OGA2" duration="00:00:00.2620000" startTime="2025-05-14T13:20:31.3146610Z" endTime="2025-05-14T13:25:31.3147553Z" testType="13cdc9d9-ddb5-4fa4-a97d-d965ccfc6d4b" outcome="Passed" testListId="59e173a1-e74b-4672-a76f-8a6c127ce878" />
    <UnitTestResult executionId="c9b5c82d-1ed8-47b4-91a9-6fd7b88902ee" testId="756160ee-cdb5-443a-aaf3-6e5f66679684" testName="Test4889" computerName="UA-LPT-OGA2" duration="00:00:01.9720000" startTime="2025-05-14T13:20:31.3146610Z" endTime="2025-05-14T13:25:31.3147553Z" testType="13cdc9d9-ddb5-4fa4-a97d-d965ccfc6d4b" outcome="Passed" testListId="59e173a1-e74b-4672-a76f-8a6c127ce878" />
    <UnitTestResult executionId="d961e643-64d9-4f07-a0bb-e892729c14c4" testId="f349bbf8-be2a-44f3-9a6a-ce326c8831c0" testName="Test4890" computerName="UA-LPT-OGA2" duration="00:00:01.0490000" startTime="2025-05-14T13:20:31.3146610Z" endTime="2025-05-14T13:25:31.3147553Z" testType="13cdc9d9-ddb5-4fa4-a97d-d965ccfc6d4b" outcome="Passed" testListId="59e173a1-e74b-4672-a76f-8a6c127ce878" />
    <UnitTestResult executionId="99b8a892-58bc-43cd-bac9-ec686d4dc8dd" testId="dda3d386-012a-4e99-9bbb-8ab8948d5d59" testName="Test4891" computerName="UA-LPT-OGA2" duration="00:00:01.5840000" startTime="2025-05-14T13:20:31.3146610Z" endTime="2025-05-14T13:25:31.3147553Z" testType="13cdc9d9-ddb5-4fa4-a97d-d965ccfc6d4b" outcome="Passed" testListId="59e173a1-e74b-4672-a76f-8a6c127ce878" />
    <UnitTestResult executionId="09b1a337-f96c-4e85-8158-f27c119a5e3d" testId="4e6d9153-eff3-490c-b28b-e9a0b3a1ceb0" testName="Test4892" computerName="UA-LPT-OGA2" duration="00:00:00.8830000" startTime="2025-05-14T13:20:31.3146610Z" endTime="2025-05-14T13:25:31.3147553Z" testType="13cdc9d9-ddb5-4fa4-a97d-d965ccfc6d4b" outcome="Passed" testListId="59e173a1-e74b-4672-a76f-8a6c127ce878" />
    <UnitTestResult executionId="1eee8b5b-2fc7-48dc-ad0f-20159dd7764f" testId="7ffdb265-73f6-4f71-83e8-b9b541982dd4" testName="Test4893" computerName="UA-LPT-OGA2" duration="00:00:00.5820000" startTime="2025-05-14T13:20:31.3146610Z" endTime="2025-05-14T13:25:31.3147553Z" testType="13cdc9d9-ddb5-4fa4-a97d-d965ccfc6d4b" outcome="Passed" testListId="59e173a1-e74b-4672-a76f-8a6c127ce878" />
    <UnitTestResult executionId="dbb3e75a-9071-4579-92a3-56a2a85dd3b9" testId="87899af5-8dca-4938-8b66-276a3c2beaff" testName="Test4894" computerName="UA-LPT-OGA2" duration="00:00:01.5050000" startTime="2025-05-14T13:20:31.3146610Z" endTime="2025-05-14T13:25:31.3147553Z" testType="13cdc9d9-ddb5-4fa4-a97d-d965ccfc6d4b" outcome="Passed" testListId="59e173a1-e74b-4672-a76f-8a6c127ce878" />
    <UnitTestResult executionId="79bf89e1-a690-4ba3-976a-559c60d32487" testId="c0bde1ed-5ca2-4300-9b95-1c32f2df8395" testName="Test4895" computerName="UA-LPT-OGA2" duration="00:00:00.6960000" startTime="2025-05-14T13:20:31.3146610Z" endTime="2025-05-14T13:25:31.3147553Z" testType="13cdc9d9-ddb5-4fa4-a97d-d965ccfc6d4b" outcome="Failed" testListId="59e173a1-e74b-4672-a76f-8a6c127ce878">
      <Output>
        <ErrorInfo>
          <Message>Assertion failed: Expected value did not match actual value.</Message>
          <StackTrace>   at TestNamespace.TestClass.Test() in TestClass.cs:line 409</StackTrace>
        </ErrorInfo>
      </Output>
    </UnitTestResult>
    <UnitTestResult executionId="967bfd59-d7f0-47dd-a0c1-188883c87d54" testId="f02f17e1-3623-4cd7-8eab-b0a6795f0f0a" testName="Test4896" computerName="UA-LPT-OGA2" duration="00:00:01.4440000" startTime="2025-05-14T13:20:31.3146610Z" endTime="2025-05-14T13:25:31.3147553Z" testType="13cdc9d9-ddb5-4fa4-a97d-d965ccfc6d4b" outcome="Passed" testListId="59e173a1-e74b-4672-a76f-8a6c127ce878" />
    <UnitTestResult executionId="116ee64a-53d0-4b64-89cf-0ce90261b134" testId="045036ad-e5cf-44f6-8a18-87aab7e07551" testName="Test4897" computerName="UA-LPT-OGA2" duration="00:00:00.0900000" startTime="2025-05-14T13:20:31.3146610Z" endTime="2025-05-14T13:25:31.3147553Z" testType="13cdc9d9-ddb5-4fa4-a97d-d965ccfc6d4b" outcome="Passed" testListId="59e173a1-e74b-4672-a76f-8a6c127ce878" />
    <UnitTestResult executionId="87a2c915-8e64-4068-84fd-94b9b203ad43" testId="1e3c5ba8-7c04-4206-a501-2a59a91e2f5d" testName="Test4898" computerName="UA-LPT-OGA2" duration="00:00:01.4060000" startTime="2025-05-14T13:20:31.3146610Z" endTime="2025-05-14T13:25:31.3147553Z" testType="13cdc9d9-ddb5-4fa4-a97d-d965ccfc6d4b" outcome="Passed" testListId="59e173a1-e74b-4672-a76f-8a6c127ce878" />
    <UnitTestResult executionId="f4feb57a-57fa-46e3-924f-dd8e3364d792" testId="3f76df03-8b53-4e81-9c06-36c922ec306b" testName="Test4899" computerName="UA-LPT-OGA2" duration="00:00:00.6890000" startTime="2025-05-14T13:20:31.3146610Z" endTime="2025-05-14T13:25:31.3147553Z" testType="13cdc9d9-ddb5-4fa4-a97d-d965ccfc6d4b" outcome="Failed" testListId="59e173a1-e74b-4672-a76f-8a6c127ce878">
      <Output>
        <ErrorInfo>
          <Message>Assertion failed: Expected value did not match actual value.</Message>
          <StackTrace>   at TestNamespace.TestClass.Test() in TestClass.cs:line 289</StackTrace>
        </ErrorInfo>
      </Output>
    </UnitTestResult>
    <UnitTestResult executionId="66495502-295e-4ab5-aa32-af0b2389eafb" testId="710667be-8b90-4228-a9b8-c7e0b5853620" testName="Test4900" computerName="UA-LPT-OGA2" duration="00:00:00.2840000" startTime="2025-05-14T13:20:31.3146610Z" endTime="2025-05-14T13:25:31.3147553Z" testType="13cdc9d9-ddb5-4fa4-a97d-d965ccfc6d4b" outcome="Passed" testListId="59e173a1-e74b-4672-a76f-8a6c127ce878" />
  </Results>
  <TestDefinitions>
    <UnitTest name="Test4801" id="ec2f4088-6ca5-4dcf-995d-2cdead212282" storage="TestAssembly.dll">
      <Execution id="4cb4f88c-6f27-4bce-b6e4-ace51754541c" />
      <TestMethod codeBase="TestAssembly.dll" className="TestNamespace.TestClass1" name="Test4801" />
    </UnitTest>
    <UnitTest name="Test4802" id="724c3645-57a3-4498-82dc-13306c9cfa05" storage="TestAssembly.dll">
      <Execution id="07aad5ab-54ae-4f77-9fcb-c4f82ebc968c" />
      <TestMethod codeBase="TestAssembly.dll" className="TestNamespace.TestClass1" name="Test4802" />
    </UnitTest>
    <UnitTest name="Test4803" id="f27c16bf-cdf9-40d3-8fde-50d6a9a8e642" storage="TestAssembly.dll">
      <Execution id="4e0f239d-eb9b-4420-9194-fe3cef657448" />
      <TestMethod codeBase="TestAssembly.dll" className="TestNamespace.TestClass1" name="Test4803" />
    </UnitTest>
    <UnitTest name="Test4804" id="2f5836d0-164c-491d-9d49-5c72538d1365" storage="TestAssembly.dll">
      <Execution id="4faea88b-5791-4854-aefe-ab3daa6b2a91" />
      <TestMethod codeBase="TestAssembly.dll" className="TestNamespace.TestClass1" name="Test4804" />
    </UnitTest>
    <UnitTest name="Test4805" id="c5242b54-8043-423a-8cd3-5d2a37df75fa" storage="TestAssembly.dll">
      <Execution id="6634c158-c141-4d98-8fc7-2a1319d4dbd8" />
      <TestMethod codeBase="TestAssembly.dll" className="TestNamespace.TestClass1" name="Test4805" />
    </UnitTest>
    <UnitTest name="Test4806" id="35eded0b-8593-4acb-82fa-2862f240b112" storage="TestAssembly.dll">
      <Execution id="bae456dc-0363-46bb-bfdd-e394a7e32247" />
      <TestMethod codeBase="TestAssembly.dll" className="TestNamespace.TestClass1" name="Test4806" />
    </UnitTest>
    <UnitTest name="Test4807" id="aa683a66-6ffa-403d-8de5-bf265682e607" storage="TestAssembly.dll">
      <Execution id="c229d272-dfb2-4772-909c-a710d23ba4f9" />
      <TestMethod codeBase="TestAssembly.dll" className="TestNamespace.TestClass1" name="Test4807" />
    </UnitTest>
    <UnitTest name="Test4808" id="75e73de9-9474-4ead-98bc-4eba8200730c" storage="TestAssembly.dll">
      <Execution id="7373a2cc-c187-4515-9b0f-c0b63f7d907e" />
      <TestMethod codeBase="TestAssembly.dll" className="TestNamespace.TestClass1" name="Test4808" />
    </UnitTest>
    <UnitTest name="Test4809" id="bd0fbcb3-b8c1-4b38-978c-276058d031c5" storage="TestAssembly.dll">
      <Execution id="7aea3394-89ad-4e3c-9de5-3c6bb265fc7a" />
      <TestMethod codeBase="TestAssembly.dll" className="TestNamespace.TestClass1" name="Test4809" />
    </UnitTest>
    <UnitTest name="Test4810" id="4190c4a9-20d5-4f56-9133-0a66c2610c40" storage="TestAssembly.dll">
      <Execution id="3d35b94e-af5a-4082-a83c-06e61b53c759" />
      <TestMethod codeBase="TestAssembly.dll" className="TestNamespace.TestClass1" name="Test4810" />
    </UnitTest>
    <UnitTest name="Test4811" id="f3875643-6c54-4bc2-ad51-8cb4c1e39dd7" storage="TestAssembly.dll">
      <Execution id="b5b653a7-d7a6-4c79-a857-5c656969e557" />
      <TestMethod codeBase="TestAssembly.dll" className="TestNamespace.TestClass2" name="Test4811" />
    </UnitTest>
    <UnitTest name="Test4812" id="061706e0-d076-44d9-a82d-c87349bf271b" storage="TestAssembly.dll">
      <Execution id="f8b9b0aa-ad13-445e-9286-105190f4d6e6" />
      <TestMethod codeBase="TestAssembly.dll" className="TestNamespace.TestClass2" name="Test4812" />
    </UnitTest>
    <UnitTest name="Test4813" id="d8c1b3a0-0326-4f4e-b31f-ee82ce3fd546" storage="TestAssembly.dll">
      <Execution id="b50f5b6d-44b4-47f8-aceb-4ecf6a0513d7" />
      <TestMethod codeBase="TestAssembly.dll" className="TestNamespace.TestClass2" name="Test4813" />
    </UnitTest>
    <UnitTest name="Test4814" id="5eab3581-7b54-42a3-af33-b6f6ec446cb8" storage="TestAssembly.dll">
      <Execution id="aceb8b2f-a58f-4ae6-ada9-c42afcbeae88" />
      <TestMethod codeBase="TestAssembly.dll" className="TestNamespace.TestClass2" name="Test4814" />
    </UnitTest>
    <UnitTest name="Test4815" id="cd0f513c-b4a3-44e8-9a43-9a9e922cf190" storage="TestAssembly.dll">
      <Execution id="6b995cec-fcd8-4714-a8c0-fabe40ed6323" />
      <TestMethod codeBase="TestAssembly.dll" className="TestNamespace.TestClass2" name="Test4815" />
    </UnitTest>
    <UnitTest name="Test4816" id="f0970377-c830-4b32-a127-0c679e7b7555" storage="TestAssembly.dll">
      <Execution id="79f61745-62c0-4f8d-87fa-61cf4f9e0588" />
      <TestMethod codeBase="TestAssembly.dll" className="TestNamespace.TestClass2" name="Test4816" />
    </UnitTest>
    <UnitTest name="Test4817" id="6fba05f1-f6a2-4c31-9f99-5f248d980eab" storage="TestAssembly.dll">
      <Execution id="6b54350b-4111-481e-a31b-29ceb643f03a" />
      <TestMethod codeBase="TestAssembly.dll" className="TestNamespace.TestClass2" name="Test4817" />
    </UnitTest>
    <UnitTest name="Test4818" id="50878e53-386c-436c-a5d3-f4d0462a8d90" storage="TestAssembly.dll">
      <Execution id="17b3149f-81b0-45d7-8736-b2ee85dddbda" />
      <TestMethod codeBase="TestAssembly.dll" className="TestNamespace.TestClass2" name="Test4818" />
    </UnitTest>
    <UnitTest name="Test4819" id="cdaa691e-32b9-4391-a03a-e308eec27637" storage="TestAssembly.dll">
      <Execution id="49db839d-7f47-4c9d-9bc0-9ba09d87960c" />
      <TestMethod codeBase="TestAssembly.dll" className="TestNamespace.TestClass2" name="Test4819" />
    </UnitTest>
    <UnitTest name="Test4820" id="1b3ad3d4-f903-4962-a76c-665336a3d10c" storage="TestAssembly.dll">
      <Execution id="d37df6b4-aa4f-4b9b-b721-37596d9318d8" />
      <TestMethod codeBase="TestAssembly.dll" className="TestNamespace.TestClass2" name="Test4820" />
    </UnitTest>
    <UnitTest name="Test4821" id="967ceb7d-baa7-481d-84e5-c6666b2988d7" storage="TestAssembly.dll">
      <Execution id="e3cd82d7-3a45-4cc2-afee-91cd964be656" />
      <TestMethod codeBase="TestAssembly.dll" className="TestNamespace.TestClass3" name="Test4821" />
    </UnitTest>
    <UnitTest name="Test4822" id="bc220592-7bf1-4a83-aa86-e3ca013ac96b" storage="TestAssembly.dll">
      <Execution id="f3abf2a0-d157-444a-98a5-45eb0102fbbb" />
      <TestMethod codeBase="TestAssembly.dll" className="TestNamespace.TestClass3" name="Test4822" />
    </UnitTest>
    <UnitTest name="Test4823" id="bbe2c99a-15fc-4f80-93ef-99355c00a042" storage="TestAssembly.dll">
      <Execution id="62d5a439-211f-4305-9edb-71b77e90f558" />
      <TestMethod codeBase="TestAssembly.dll" className="TestNamespace.TestClass3" name="Test4823" />
    </UnitTest>
    <UnitTest name="Test4824" id="e844559b-50ca-420d-8e28-83ad7900c249" storage="TestAssembly.dll">
      <Execution id="d725d562-307b-4b8d-8f84-0ba65eb94bc1" />
      <TestMethod codeBase="TestAssembly.dll" className="TestNamespace.TestClass3" name="Test4824" />
    </UnitTest>
    <UnitTest name="Test4825" id="acfd416d-a679-43fc-bdfd-27841693ac06" storage="TestAssembly.dll">
      <Execution id="e742b175-6a1f-44cf-8dd1-06196b54fdb1" />
      <TestMethod codeBase="TestAssembly.dll" className="TestNamespace.TestClass3" name="Test4825" />
    </UnitTest>
    <UnitTest name="Test4826" id="acd624f4-d2e8-4bf6-bd7f-4e03e1e82668" storage="TestAssembly.dll">
      <Execution id="164b6f7b-f8b4-4c5b-8bdf-cc6507991201" />
      <TestMethod codeBase="TestAssembly.dll" className="TestNamespace.TestClass3" name="Test4826" />
    </UnitTest>
    <UnitTest name="Test4827" id="29c9ff39-39ca-4ed9-a7aa-2bb4bd2ce81d" storage="TestAssembly.dll">
      <Execution id="75ca1a71-5770-4d31-be08-85c9b4c6ce48" />
      <TestMethod codeBase="TestAssembly.dll" className="TestNamespace.TestClass3" name="Test4827" />
    </UnitTest>
    <UnitTest name="Test4828" id="6274ae8b-ec00-4f78-be3e-d1963e52a286" storage="TestAssembly.dll">
      <Execution id="ec6b6363-82ea-4b82-8795-f7b50954b3c6" />
      <TestMethod codeBase="TestAssembly.dll" className="TestNamespace.TestClass3" name="Test4828" />
    </UnitTest>
    <UnitTest name="Test4829" id="4aad8aa9-3567-4dc2-a94a-ab5126e2cbde" storage="TestAssembly.dll">
      <Execution id="084e5f38-019a-4a68-9ca6-830251f1ee46" />
      <TestMethod codeBase="TestAssembly.dll" className="TestNamespace.TestClass3" name="Test4829" />
    </UnitTest>
    <UnitTest name="Test4830" id="8af0d158-d3ec-4394-9ffe-43bb09c466da" storage="TestAssembly.dll">
      <Execution id="daf04ad9-0387-47df-a2e1-c68447603be5" />
      <TestMethod codeBase="TestAssembly.dll" className="TestNamespace.TestClass3" name="Test4830" />
    </UnitTest>
    <UnitTest name="Test4831" id="063bfc10-0aed-48a6-8227-cbab2b5df91e" storage="TestAssembly.dll">
      <Execution id="80be5023-73d2-47ec-9029-0d964025103e" />
      <TestMethod codeBase="TestAssembly.dll" className="TestNamespace.TestClass4" name="Test4831" />
    </UnitTest>
    <UnitTest name="Test4832" id="0c1a029b-f9fe-44cc-9e34-4dc0a812d6d9" storage="TestAssembly.dll">
      <Execution id="d8069dd5-d4f5-49e1-b6d7-4b063bb98edb" />
      <TestMethod codeBase="TestAssembly.dll" className="TestNamespace.TestClass4" name="Test4832" />
    </UnitTest>
    <UnitTest name="Test4833" id="e75a7c68-a791-4458-9d47-a6ae9966eb11" storage="TestAssembly.dll">
      <Execution id="255301cc-0e60-4c2e-ab03-b5a3fcac1a79" />
      <TestMethod codeBase="TestAssembly.dll" className="TestNamespace.TestClass4" name="Test4833" />
    </UnitTest>
    <UnitTest name="Test4834" id="2bf82bb9-566f-4b70-8543-5cca4f29ae99" storage="TestAssembly.dll">
      <Execution id="ac61eed6-7619-4d33-92b0-7f1fa35ae4b5" />
      <TestMethod codeBase="TestAssembly.dll" className="TestNamespace.TestClass4" name="Test4834" />
    </UnitTest>
    <UnitTest name="Test4835" id="66a2230a-8aa5-4b91-9dd3-5d2e21d562c7" storage="TestAssembly.dll">
      <Execution id="ff8c8120-5b8d-41ed-b06d-f53df91a3af9" />
      <TestMethod codeBase="TestAssembly.dll" className="TestNamespace.TestClass4" name="Test4835" />
    </UnitTest>
    <UnitTest name="Test4836" id="2861a198-bd1d-40fe-a23d-391c64419d22" storage="TestAssembly.dll">
      <Execution id="c049300a-0ba8-4dc5-945c-11d8017c087e" />
      <TestMethod codeBase="TestAssembly.dll" className="TestNamespace.TestClass4" name="Test4836" />
    </UnitTest>
    <UnitTest name="Test4837" id="471259dd-07b8-4107-aef4-d7650d0025c8" storage="TestAssembly.dll">
      <Execution id="6169a356-cfe9-474b-b1b5-18f6ce2a82b1" />
      <TestMethod codeBase="TestAssembly.dll" className="TestNamespace.TestClass4" name="Test4837" />
    </UnitTest>
    <UnitTest name="Test4838" id="4d62709f-36ec-4307-ae25-439b1c706b13" storage="TestAssembly.dll">
      <Execution id="4d7b3292-ac77-4860-8a62-b9ba54a536b4" />
      <TestMethod codeBase="TestAssembly.dll" className="TestNamespace.TestClass4" name="Test4838" />
    </UnitTest>
    <UnitTest name="Test4839" id="2e656d93-f314-424b-84d1-dbbf08577e88" storage="TestAssembly.dll">
      <Execution id="50c6b632-f1f0-40a4-8dc9-82962505b590" />
      <TestMethod codeBase="TestAssembly.dll" className="TestNamespace.TestClass4" name="Test4839" />
    </UnitTest>
    <UnitTest name="Test4840" id="6e4195e0-0498-486d-b570-a2794a80917b" storage="TestAssembly.dll">
      <Execution id="5cff00b1-d39f-4243-84ff-3083ae24ceff" />
      <TestMethod codeBase="TestAssembly.dll" className="TestNamespace.TestClass4" name="Test4840" />
    </UnitTest>
    <UnitTest name="Test4841" id="dd4942fd-df91-43ec-8c52-02f19e1c3096" storage="TestAssembly.dll">
      <Execution id="b28ae988-dc3c-401e-ba2b-9e7fb47b57c2" />
      <TestMethod codeBase="TestAssembly.dll" className="TestNamespace.TestClass5" name="Test4841" />
    </UnitTest>
    <UnitTest name="Test4842" id="20f95119-59fe-41f5-aa31-b32c31150640" storage="TestAssembly.dll">
      <Execution id="1f31f6de-205e-4a7b-99e0-75208d41f85f" />
      <TestMethod codeBase="TestAssembly.dll" className="TestNamespace.TestClass5" name="Test4842" />
    </UnitTest>
    <UnitTest name="Test4843" id="a4902d11-092c-48df-96f2-ada2789d774a" storage="TestAssembly.dll">
      <Execution id="d781294f-0e00-4773-8fb3-ca4d2cbf0b7a" />
      <TestMethod codeBase="TestAssembly.dll" className="TestNamespace.TestClass5" name="Test4843" />
    </UnitTest>
    <UnitTest name="Test4844" id="3a9c5513-d157-4080-ad3e-0bc9583a68bc" storage="TestAssembly.dll">
      <Execution id="39cecddb-0c53-4587-bd1f-2bbf523cd1eb" />
      <TestMethod codeBase="TestAssembly.dll" className="TestNamespace.TestClass5" name="Test4844" />
    </UnitTest>
    <UnitTest name="Test4845" id="b500f91f-ad16-452c-8870-7658a6d20685" storage="TestAssembly.dll">
      <Execution id="aa4e8ee1-d984-41bc-8f93-749faf2d9b68" />
      <TestMethod codeBase="TestAssembly.dll" className="TestNamespace.TestClass5" name="Test4845" />
    </UnitTest>
    <UnitTest name="Test4846" id="82fd832a-b610-4b13-86dc-93af334e3c39" storage="TestAssembly.dll">
      <Execution id="0bbdbf47-1a5f-4154-90cf-edd011192b50" />
      <TestMethod codeBase="TestAssembly.dll" className="TestNamespace.TestClass5" name="Test4846" />
    </UnitTest>
    <UnitTest name="Test4847" id="f3edd3c9-9baa-4092-b3c6-0082d45803fc" storage="TestAssembly.dll">
      <Execution id="efd4fe27-b08c-4330-9149-0bf3aac9c376" />
      <TestMethod codeBase="TestAssembly.dll" className="TestNamespace.TestClass5" name="Test4847" />
    </UnitTest>
    <UnitTest name="Test4848" id="9e61b79a-1583-46e5-8c5c-f3ee1989314c" storage="TestAssembly.dll">
      <Execution id="7fdba438-b3ac-4e51-b6bd-8ebf7764cc00" />
      <TestMethod codeBase="TestAssembly.dll" className="TestNamespace.TestClass5" name="Test4848" />
    </UnitTest>
    <UnitTest name="Test4849" id="2b47a000-4c92-483d-a4fe-cd9699223afe" storage="TestAssembly.dll">
      <Execution id="f20bad76-bb49-4fd6-8b66-e2373105b11b" />
      <TestMethod codeBase="TestAssembly.dll" className="TestNamespace.TestClass5" name="Test4849" />
    </UnitTest>
    <UnitTest name="Test4850" id="89179bc5-b2de-434b-aec9-9c03842a3755" storage="TestAssembly.dll">
      <Execution id="23efaf02-236f-4c22-9056-f841e828ba0a" />
      <TestMethod codeBase="TestAssembly.dll" className="TestNamespace.TestClass5" name="Test4850" />
    </UnitTest>
    <UnitTest name="Test4851" id="5ea6b46d-6d5f-4ac9-9ed5-fed4670cb039" storage="TestAssembly.dll">
      <Execution id="80952d2a-8525-4295-bd13-810ae97b616f" />
      <TestMethod codeBase="TestAssembly.dll" className="TestNamespace.TestClass6" name="Test4851" />
    </UnitTest>
    <UnitTest name="Test4852" id="426fa600-cf6c-45f8-b5cb-61e9f7371378" storage="TestAssembly.dll">
      <Execution id="01faae50-316b-45e4-9787-356d1c563b76" />
      <TestMethod codeBase="TestAssembly.dll" className="TestNamespace.TestClass6" name="Test4852" />
    </UnitTest>
    <UnitTest name="Test4853" id="a0805aa2-f6a6-45fa-b7a9-cdf72af57dca" storage="TestAssembly.dll">
      <Execution id="b79267ae-ada0-4648-8565-34dd6d6e0ab5" />
      <TestMethod codeBase="TestAssembly.dll" className="TestNamespace.TestClass6" name="Test4853" />
    </UnitTest>
    <UnitTest name="Test4854" id="23d18a70-9a4d-49de-b207-99d76ebbee30" storage="TestAssembly.dll">
      <Execution id="6fe35774-baec-47fd-9589-efe75c2188e8" />
      <TestMethod codeBase="TestAssembly.dll" className="TestNamespace.TestClass6" name="Test4854" />
    </UnitTest>
    <UnitTest name="Test4855" id="19c11df3-958b-419c-80ad-cf487944d588" storage="TestAssembly.dll">
      <Execution id="e2990d0b-5bb0-4131-9a07-7320cbef0cf1" />
      <TestMethod codeBase="TestAssembly.dll" className="TestNamespace.TestClass6" name="Test4855" />
    </UnitTest>
    <UnitTest name="Test4856" id="d8719b50-4997-496e-a54a-75230c6eef0a" storage="TestAssembly.dll">
      <Execution id="98b846d7-e4dc-49a6-bcb9-2898d3d86dba" />
      <TestMethod codeBase="TestAssembly.dll" className="TestNamespace.TestClass6" name="Test4856" />
    </UnitTest>
    <UnitTest name="Test4857" id="658442c8-5fc3-4fe2-ad96-e37d8d7cd3ba" storage="TestAssembly.dll">
      <Execution id="1a877836-24ec-4ff3-bb34-fc240f907c79" />
      <TestMethod codeBase="TestAssembly.dll" className="TestNamespace.TestClass6" name="Test4857" />
    </UnitTest>
    <UnitTest name="Test4858" id="3ce7d5ad-f3bb-4b9e-90e0-a403cca0c694" storage="TestAssembly.dll">
      <Execution id="ceaf398d-3186-436f-84d6-fa978ab250c6" />
      <TestMethod codeBase="TestAssembly.dll" className="TestNamespace.TestClass6" name="Test4858" />
    </UnitTest>
    <UnitTest name="Test4859" id="24fc61d4-c96a-4eb7-a3aa-2a9f6dcd52f0" storage="TestAssembly.dll">
      <Execution id="0ddc7553-70d5-4bcc-99e0-14213fae7023" />
      <TestMethod codeBase="TestAssembly.dll" className="TestNamespace.TestClass6" name="Test4859" />
    </UnitTest>
    <UnitTest name="Test4860" id="b6af9f88-3d1c-424f-9244-6df5162351ff" storage="TestAssembly.dll">
      <Execution id="a2b058cb-4ca7-436a-8bd2-3af12892d512" />
      <TestMethod codeBase="TestAssembly.dll" className="TestNamespace.TestClass6" name="Test4860" />
    </UnitTest>
    <UnitTest name="Test4861" id="5a534d76-b2bb-440c-afce-fbb52331a8b3" storage="TestAssembly.dll">
      <Execution id="00af8199-fc1b-4960-897c-71a5c049e3f7" />
      <TestMethod codeBase="TestAssembly.dll" className="TestNamespace.TestClass7" name="Test4861" />
    </UnitTest>
    <UnitTest name="Test4862" id="dbefed4a-aa60-41c1-99f4-c21267f77d84" storage="TestAssembly.dll">
      <Execution id="25b6e5cf-382a-4ce1-835e-a8010314f55c" />
      <TestMethod codeBase="TestAssembly.dll" className="TestNamespace.TestClass7" name="Test4862" />
    </UnitTest>
    <UnitTest name="Test4863" id="b5886287-34f7-44d4-9309-f40b7f8f0bf9" storage="TestAssembly.dll">
      <Execution id="ef03dfe9-127f-4010-a299-f63dccee2c0b" />
      <TestMethod codeBase="TestAssembly.dll" className="TestNamespace.TestClass7" name="Test4863" />
    </UnitTest>
    <UnitTest name="Test4864" id="2c4a86cc-c059-4ae6-9aa1-d061bc371456" storage="TestAssembly.dll">
      <Execution id="822bf16c-9262-46a8-983d-3eb1aae5c350" />
      <TestMethod codeBase="TestAssembly.dll" className="TestNamespace.TestClass7" name="Test4864" />
    </UnitTest>
    <UnitTest name="Test4865" id="fe3bd24d-7368-4f02-b0eb-0a214e924088" storage="TestAssembly.dll">
      <Execution id="af91c97d-5797-4e28-9c11-ec654967607c" />
      <TestMethod codeBase="TestAssembly.dll" className="TestNamespace.TestClass7" name="Test4865" />
    </UnitTest>
    <UnitTest name="Test4866" id="a614b528-a86e-480d-b396-efbd251f0434" storage="TestAssembly.dll">
      <Execution id="1e5a2117-c986-4870-a1dd-9d644e7bd227" />
      <TestMethod codeBase="TestAssembly.dll" className="TestNamespace.TestClass7" name="Test4866" />
    </UnitTest>
    <UnitTest name="Test4867" id="87bb2cf2-ce2e-4595-af77-a24fe01a48cb" storage="TestAssembly.dll">
      <Execution id="9605b8f8-5f22-4e60-86b0-b86000293189" />
      <TestMethod codeBase="TestAssembly.dll" className="TestNamespace.TestClass7" name="Test4867" />
    </UnitTest>
    <UnitTest name="Test4868" id="c507f1a0-a8d4-423e-bde1-6eed5954d9ef" storage="TestAssembly.dll">
      <Execution id="49feba2e-b51a-441b-9b29-1fbc683a3891" />
      <TestMethod codeBase="TestAssembly.dll" className="TestNamespace.TestClass7" name="Test4868" />
    </UnitTest>
    <UnitTest name="Test4869" id="b0a44ddf-30b2-4833-a87b-853e021255cd" storage="TestAssembly.dll">
      <Execution id="994d7b7b-3789-4ba8-8f0b-907470ba3066" />
      <TestMethod codeBase="TestAssembly.dll" className="TestNamespace.TestClass7" name="Test4869" />
    </UnitTest>
    <UnitTest name="Test4870" id="39897847-7864-4429-9716-4d47b8a3de95" storage="TestAssembly.dll">
      <Execution id="4a4e729c-8dc4-4d5f-bdaa-59691a0d93ae" />
      <TestMethod codeBase="TestAssembly.dll" className="TestNamespace.TestClass7" name="Test4870" />
    </UnitTest>
    <UnitTest name="Test4871" id="8ed59414-db79-4fe4-84c2-e0f324f85707" storage="TestAssembly.dll">
      <Execution id="b3b4a4bc-d3c0-4a39-8130-f3bc5579e23d" />
      <TestMethod codeBase="TestAssembly.dll" className="TestNamespace.TestClass8" name="Test4871" />
    </UnitTest>
    <UnitTest name="Test4872" id="b338fe9b-d974-4a39-b5a0-07c86e498f05" storage="TestAssembly.dll">
      <Execution id="4185ef08-3ac0-45be-8218-bc2cefee4260" />
      <TestMethod codeBase="TestAssembly.dll" className="TestNamespace.TestClass8" name="Test4872" />
    </UnitTest>
    <UnitTest name="Test4873" id="cf5e4891-80d7-4868-9792-d841f8825d09" storage="TestAssembly.dll">
      <Execution id="93ca1d6f-a544-497e-ab50-0d853857bc05" />
      <TestMethod codeBase="TestAssembly.dll" className="TestNamespace.TestClass8" name="Test4873" />
    </UnitTest>
    <UnitTest name="Test4874" id="fbb4d858-cce6-4ea1-bb31-91ec0d2357a9" storage="TestAssembly.dll">
      <Execution id="759c7fd3-2347-4d8a-b034-ea3c42958e3d" />
      <TestMethod codeBase="TestAssembly.dll" className="TestNamespace.TestClass8" name="Test4874" />
    </UnitTest>
    <UnitTest name="Test4875" id="f795bc1f-e84f-4deb-aed6-b6270e092575" storage="TestAssembly.dll">
      <Execution id="a82d63fe-20f1-4b85-b7e8-8d011c22935e" />
      <TestMethod codeBase="TestAssembly.dll" className="TestNamespace.TestClass8" name="Test4875" />
    </UnitTest>
    <UnitTest name="Test4876" id="90fe9901-99f4-4803-9d34-8f08366b230f" storage="TestAssembly.dll">
      <Execution id="032d7763-452f-479e-a086-3b9353c73cd5" />
      <TestMethod codeBase="TestAssembly.dll" className="TestNamespace.TestClass8" name="Test4876" />
    </UnitTest>
    <UnitTest name="Test4877" id="727ee2c9-214a-4c60-96ba-5d90cabb9d3d" storage="TestAssembly.dll">
      <Execution id="756d4438-e0ae-426d-9253-3af66de5ca65" />
      <TestMethod codeBase="TestAssembly.dll" className="TestNamespace.TestClass8" name="Test4877" />
    </UnitTest>
    <UnitTest name="Test4878" id="096592b7-5843-4bbe-b84a-fbac9a67ddf3" storage="TestAssembly.dll">
      <Execution id="99688598-c8c4-4c60-a50e-488131ac2246" />
      <TestMethod codeBase="TestAssembly.dll" className="TestNamespace.TestClass8" name="Test4878" />
    </UnitTest>
    <UnitTest name="Test4879" id="efcac75a-77f6-470e-b961-95f280ac282c" storage="TestAssembly.dll">
      <Execution id="2103d4f1-670e-4716-b513-700908c85147" />
      <TestMethod codeBase="TestAssembly.dll" className="TestNamespace.TestClass8" name="Test4879" />
    </UnitTest>
    <UnitTest name="Test4880" id="019d735c-28bd-48fc-834d-d62abbef5b3c" storage="TestAssembly.dll">
      <Execution id="951b597f-fdbf-4e8b-8db7-e0ff826e5c9c" />
      <TestMethod codeBase="TestAssembly.dll" className="TestNamespace.TestClass8" name="Test4880" />
    </UnitTest>
    <UnitTest name="Test4881" id="8a2f0a1a-8b37-4ca3-8865-ad0cc3944b12" storage="TestAssembly.dll">
      <Execution id="3c3f1b90-1c3e-4ecc-9e9b-fb4e7be70fb1" />
      <TestMethod codeBase="TestAssembly.dll" className="TestNamespace.TestClass9" name="Test4881" />
    </UnitTest>
    <UnitTest name="Test4882" id="9203f080-a6f0-4702-ab55-b8c067d1b81a" storage="TestAssembly.dll">
      <Execution id="3b08c17e-36fe-489d-be81-78657f097a58" />
      <TestMethod codeBase="TestAssembly.dll" className="TestNamespace.TestClass9" name="Test4882" />
    </UnitTest>
    <UnitTest name="Test4883" id="07c8c558-1029-40c8-b6ed-78cd6492a76d" storage="TestAssembly.dll">
      <Execution id="3c23560b-c954-49ed-ab9a-fe1036a1854d" />
      <TestMethod codeBase="TestAssembly.dll" className="TestNamespace.TestClass9" name="Test4883" />
    </UnitTest>
    <UnitTest name="Test4884" id="e98d7970-9cff-4a5b-bca0-6c9e15e01e55" storage="TestAssembly.dll">
      <Execution id="6af7c8cc-82a1-4df4-9327-171298c6fc6f" />
      <TestMethod codeBase="TestAssembly.dll" className="TestNamespace.TestClass9" name="Test4884" />
    </UnitTest>
    <UnitTest name="Test4885" id="44a286eb-76e3-483d-93ea-83f94f2188fb" storage="TestAssembly.dll">
      <Execution id="9811e418-0249-4769-9735-22aa98b53abe" />
      <TestMethod codeBase="TestAssembly.dll" className="TestNamespace.TestClass9" name="Test4885" />
    </UnitTest>
    <UnitTest name="Test4886" id="c27624ce-ef1d-4891-af27-61177dbbad61" storage="TestAssembly.dll">
      <Execution id="d570ba3a-b904-4925-87a0-aed3321c65c8" />
      <TestMethod codeBase="TestAssembly.dll" className="TestNamespace.TestClass9" name="Test4886" />
    </UnitTest>
    <UnitTest name="Test4887" id="ffd649fd-3abe-40d0-9e7e-2dc940f677df" storage="TestAssembly.dll">
      <Execution id="b03bfd87-7b5a-4864-99c1-3dca8b826b5d" />
      <TestMethod codeBase="TestAssembly.dll" className="TestNamespace.TestClass9" name="Test4887" />
    </UnitTest>
    <UnitTest name="Test4888" id="df88af5e-703c-4db5-a560-879748947118" storage="TestAssembly.dll">
      <Execution id="157e5218-5df0-4dfc-90d3-5e4f7a32ef48" />
      <TestMethod codeBase="TestAssembly.dll" className="TestNamespace.TestClass9" name="Test4888" />
    </UnitTest>
    <UnitTest name="Test4889" id="756160ee-cdb5-443a-aaf3-6e5f66679684" storage="TestAssembly.dll">
      <Execution id="c9b5c82d-1ed8-47b4-91a9-6fd7b88902ee" />
      <TestMethod codeBase="TestAssembly.dll" className="TestNamespace.TestClass9" name="Test4889" />
    </UnitTest>
    <UnitTest name="Test4890" id="f349bbf8-be2a-44f3-9a6a-ce326c8831c0" storage="TestAssembly.dll">
      <Execution id="d961e643-64d9-4f07-a0bb-e892729c14c4" />
      <TestMethod codeBase="TestAssembly.dll" className="TestNamespace.TestClass9" name="Test4890" />
    </UnitTest>
    <UnitTest name="Test4891" id="dda3d386-012a-4e99-9bbb-8ab8948d5d59" storage="TestAssembly.dll">
      <Execution id="99b8a892-58bc-43cd-bac9-ec686d4dc8dd" />
      <TestMethod codeBase="TestAssembly.dll" className="TestNamespace.TestClass10" name="Test4891" />
    </UnitTest>
    <UnitTest name="Test4892" id="4e6d9153-eff3-490c-b28b-e9a0b3a1ceb0" storage="TestAssembly.dll">
      <Execution id="09b1a337-f96c-4e85-8158-f27c119a5e3d" />
      <TestMethod codeBase="TestAssembly.dll" className="TestNamespace.TestClass10" name="Test4892" />
    </UnitTest>
    <UnitTest name="Test4893" id="7ffdb265-73f6-4f71-83e8-b9b541982dd4" storage="TestAssembly.dll">
      <Execution id="1eee8b5b-2fc7-48dc-ad0f-20159dd7764f" />
      <TestMethod codeBase="TestAssembly.dll" className="TestNamespace.TestClass10" name="Test4893" />
    </UnitTest>
    <UnitTest name="Test4894" id="87899af5-8dca-4938-8b66-276a3c2beaff" storage="TestAssembly.dll">
      <Execution id="dbb3e75a-9071-4579-92a3-56a2a85dd3b9" />
      <TestMethod codeBase="TestAssembly.dll" className="TestNamespace.TestClass10" name="Test4894" />
    </UnitTest>
    <UnitTest name="Test4895" id="c0bde1ed-5ca2-4300-9b95-1c32f2df8395" storage="TestAssembly.dll">
      <Execution id="79bf89e1-a690-4ba3-976a-559c60d32487" />
      <TestMethod codeBase="TestAssembly.dll" className="TestNamespace.TestClass10" name="Test4895" />
    </UnitTest>
    <UnitTest name="Test4896" id="f02f17e1-3623-4cd7-8eab-b0a6795f0f0a" storage="TestAssembly.dll">
      <Execution id="967bfd59-d7f0-47dd-a0c1-188883c87d54" />
      <TestMethod codeBase="TestAssembly.dll" className="TestNamespace.TestClass10" name="Test4896" />
    </UnitTest>
    <UnitTest name="Test4897" id="045036ad-e5cf-44f6-8a18-87aab7e07551" storage="TestAssembly.dll">
      <Execution id="116ee64a-53d0-4b64-89cf-0ce90261b134" />
      <TestMethod codeBase="TestAssembly.dll" className="TestNamespace.TestClass10" name="Test4897" />
    </UnitTest>
    <UnitTest name="Test4898" id="1e3c5ba8-7c04-4206-a501-2a59a91e2f5d" storage="TestAssembly.dll">
      <Execution id="87a2c915-8e64-4068-84fd-94b9b203ad43" />
      <TestMethod codeBase="TestAssembly.dll" className="TestNamespace.TestClass10" name="Test4898" />
    </UnitTest>
    <UnitTest name="Test4899" id="3f76df03-8b53-4e81-9c06-36c922ec306b" storage="TestAssembly.dll">
      <Execution id="f4feb57a-57fa-46e3-924f-dd8e3364d792" />
      <TestMethod codeBase="TestAssembly.dll" className="TestNamespace.TestClass10" name="Test4899" />
    </UnitTest>
    <UnitTest name="Test4900" id="710667be-8b90-4228-a9b8-c7e0b5853620" storage="TestAssembly.dll">
      <Execution id="66495502-295e-4ab5-aa32-af0b2389eafb" />
      <TestMethod codeBase="TestAssembly.dll" className="TestNamespace.TestClass10" name="Test4900" />
    </UnitTest>
  </TestDefinitions>
  <TestEntries>
    <TestEntry testId="ec2f4088-6ca5-4dcf-995d-2cdead212282" executionId="4cb4f88c-6f27-4bce-b6e4-ace51754541c" testListId="59e173a1-e74b-4672-a76f-8a6c127ce878" />
    <TestEntry testId="724c3645-57a3-4498-82dc-13306c9cfa05" executionId="07aad5ab-54ae-4f77-9fcb-c4f82ebc968c" testListId="59e173a1-e74b-4672-a76f-8a6c127ce878" />
    <TestEntry testId="f27c16bf-cdf9-40d3-8fde-50d6a9a8e642" executionId="4e0f239d-eb9b-4420-9194-fe3cef657448" testListId="59e173a1-e74b-4672-a76f-8a6c127ce878" />
    <TestEntry testId="2f5836d0-164c-491d-9d49-5c72538d1365" executionId="4faea88b-5791-4854-aefe-ab3daa6b2a91" testListId="59e173a1-e74b-4672-a76f-8a6c127ce878" />
    <TestEntry testId="c5242b54-8043-423a-8cd3-5d2a37df75fa" executionId="6634c158-c141-4d98-8fc7-2a1319d4dbd8" testListId="59e173a1-e74b-4672-a76f-8a6c127ce878" />
    <TestEntry testId="35eded0b-8593-4acb-82fa-2862f240b112" executionId="bae456dc-0363-46bb-bfdd-e394a7e32247" testListId="59e173a1-e74b-4672-a76f-8a6c127ce878" />
    <TestEntry testId="aa683a66-6ffa-403d-8de5-bf265682e607" executionId="c229d272-dfb2-4772-909c-a710d23ba4f9" testListId="59e173a1-e74b-4672-a76f-8a6c127ce878" />
    <TestEntry testId="75e73de9-9474-4ead-98bc-4eba8200730c" executionId="7373a2cc-c187-4515-9b0f-c0b63f7d907e" testListId="59e173a1-e74b-4672-a76f-8a6c127ce878" />
    <TestEntry testId="bd0fbcb3-b8c1-4b38-978c-276058d031c5" executionId="7aea3394-89ad-4e3c-9de5-3c6bb265fc7a" testListId="59e173a1-e74b-4672-a76f-8a6c127ce878" />
    <TestEntry testId="4190c4a9-20d5-4f56-9133-0a66c2610c40" executionId="3d35b94e-af5a-4082-a83c-06e61b53c759" testListId="59e173a1-e74b-4672-a76f-8a6c127ce878" />
    <TestEntry testId="f3875643-6c54-4bc2-ad51-8cb4c1e39dd7" executionId="b5b653a7-d7a6-4c79-a857-5c656969e557" testListId="59e173a1-e74b-4672-a76f-8a6c127ce878" />
    <TestEntry testId="061706e0-d076-44d9-a82d-c87349bf271b" executionId="f8b9b0aa-ad13-445e-9286-105190f4d6e6" testListId="59e173a1-e74b-4672-a76f-8a6c127ce878" />
    <TestEntry testId="d8c1b3a0-0326-4f4e-b31f-ee82ce3fd546" executionId="b50f5b6d-44b4-47f8-aceb-4ecf6a0513d7" testListId="59e173a1-e74b-4672-a76f-8a6c127ce878" />
    <TestEntry testId="5eab3581-7b54-42a3-af33-b6f6ec446cb8" executionId="aceb8b2f-a58f-4ae6-ada9-c42afcbeae88" testListId="59e173a1-e74b-4672-a76f-8a6c127ce878" />
    <TestEntry testId="cd0f513c-b4a3-44e8-9a43-9a9e922cf190" executionId="6b995cec-fcd8-4714-a8c0-fabe40ed6323" testListId="59e173a1-e74b-4672-a76f-8a6c127ce878" />
    <TestEntry testId="f0970377-c830-4b32-a127-0c679e7b7555" executionId="79f61745-62c0-4f8d-87fa-61cf4f9e0588" testListId="59e173a1-e74b-4672-a76f-8a6c127ce878" />
    <TestEntry testId="6fba05f1-f6a2-4c31-9f99-5f248d980eab" executionId="6b54350b-4111-481e-a31b-29ceb643f03a" testListId="59e173a1-e74b-4672-a76f-8a6c127ce878" />
    <TestEntry testId="50878e53-386c-436c-a5d3-f4d0462a8d90" executionId="17b3149f-81b0-45d7-8736-b2ee85dddbda" testListId="59e173a1-e74b-4672-a76f-8a6c127ce878" />
    <TestEntry testId="cdaa691e-32b9-4391-a03a-e308eec27637" executionId="49db839d-7f47-4c9d-9bc0-9ba09d87960c" testListId="59e173a1-e74b-4672-a76f-8a6c127ce878" />
    <TestEntry testId="1b3ad3d4-f903-4962-a76c-665336a3d10c" executionId="d37df6b4-aa4f-4b9b-b721-37596d9318d8" testListId="59e173a1-e74b-4672-a76f-8a6c127ce878" />
    <TestEntry testId="967ceb7d-baa7-481d-84e5-c6666b2988d7" executionId="e3cd82d7-3a45-4cc2-afee-91cd964be656" testListId="59e173a1-e74b-4672-a76f-8a6c127ce878" />
    <TestEntry testId="bc220592-7bf1-4a83-aa86-e3ca013ac96b" executionId="f3abf2a0-d157-444a-98a5-45eb0102fbbb" testListId="59e173a1-e74b-4672-a76f-8a6c127ce878" />
    <TestEntry testId="bbe2c99a-15fc-4f80-93ef-99355c00a042" executionId="62d5a439-211f-4305-9edb-71b77e90f558" testListId="59e173a1-e74b-4672-a76f-8a6c127ce878" />
    <TestEntry testId="e844559b-50ca-420d-8e28-83ad7900c249" executionId="d725d562-307b-4b8d-8f84-0ba65eb94bc1" testListId="59e173a1-e74b-4672-a76f-8a6c127ce878" />
    <TestEntry testId="acfd416d-a679-43fc-bdfd-27841693ac06" executionId="e742b175-6a1f-44cf-8dd1-06196b54fdb1" testListId="59e173a1-e74b-4672-a76f-8a6c127ce878" />
    <TestEntry testId="acd624f4-d2e8-4bf6-bd7f-4e03e1e82668" executionId="164b6f7b-f8b4-4c5b-8bdf-cc6507991201" testListId="59e173a1-e74b-4672-a76f-8a6c127ce878" />
    <TestEntry testId="29c9ff39-39ca-4ed9-a7aa-2bb4bd2ce81d" executionId="75ca1a71-5770-4d31-be08-85c9b4c6ce48" testListId="59e173a1-e74b-4672-a76f-8a6c127ce878" />
    <TestEntry testId="6274ae8b-ec00-4f78-be3e-d1963e52a286" executionId="ec6b6363-82ea-4b82-8795-f7b50954b3c6" testListId="59e173a1-e74b-4672-a76f-8a6c127ce878" />
    <TestEntry testId="4aad8aa9-3567-4dc2-a94a-ab5126e2cbde" executionId="084e5f38-019a-4a68-9ca6-830251f1ee46" testListId="59e173a1-e74b-4672-a76f-8a6c127ce878" />
    <TestEntry testId="8af0d158-d3ec-4394-9ffe-43bb09c466da" executionId="daf04ad9-0387-47df-a2e1-c68447603be5" testListId="59e173a1-e74b-4672-a76f-8a6c127ce878" />
    <TestEntry testId="063bfc10-0aed-48a6-8227-cbab2b5df91e" executionId="80be5023-73d2-47ec-9029-0d964025103e" testListId="59e173a1-e74b-4672-a76f-8a6c127ce878" />
    <TestEntry testId="0c1a029b-f9fe-44cc-9e34-4dc0a812d6d9" executionId="d8069dd5-d4f5-49e1-b6d7-4b063bb98edb" testListId="59e173a1-e74b-4672-a76f-8a6c127ce878" />
    <TestEntry testId="e75a7c68-a791-4458-9d47-a6ae9966eb11" executionId="255301cc-0e60-4c2e-ab03-b5a3fcac1a79" testListId="59e173a1-e74b-4672-a76f-8a6c127ce878" />
    <TestEntry testId="2bf82bb9-566f-4b70-8543-5cca4f29ae99" executionId="ac61eed6-7619-4d33-92b0-7f1fa35ae4b5" testListId="59e173a1-e74b-4672-a76f-8a6c127ce878" />
    <TestEntry testId="66a2230a-8aa5-4b91-9dd3-5d2e21d562c7" executionId="ff8c8120-5b8d-41ed-b06d-f53df91a3af9" testListId="59e173a1-e74b-4672-a76f-8a6c127ce878" />
    <TestEntry testId="2861a198-bd1d-40fe-a23d-391c64419d22" executionId="c049300a-0ba8-4dc5-945c-11d8017c087e" testListId="59e173a1-e74b-4672-a76f-8a6c127ce878" />
    <TestEntry testId="471259dd-07b8-4107-aef4-d7650d0025c8" executionId="6169a356-cfe9-474b-b1b5-18f6ce2a82b1" testListId="59e173a1-e74b-4672-a76f-8a6c127ce878" />
    <TestEntry testId="4d62709f-36ec-4307-ae25-439b1c706b13" executionId="4d7b3292-ac77-4860-8a62-b9ba54a536b4" testListId="59e173a1-e74b-4672-a76f-8a6c127ce878" />
    <TestEntry testId="2e656d93-f314-424b-84d1-dbbf08577e88" executionId="50c6b632-f1f0-40a4-8dc9-82962505b590" testListId="59e173a1-e74b-4672-a76f-8a6c127ce878" />
    <TestEntry testId="6e4195e0-0498-486d-b570-a2794a80917b" executionId="5cff00b1-d39f-4243-84ff-3083ae24ceff" testListId="59e173a1-e74b-4672-a76f-8a6c127ce878" />
    <TestEntry testId="dd4942fd-df91-43ec-8c52-02f19e1c3096" executionId="b28ae988-dc3c-401e-ba2b-9e7fb47b57c2" testListId="59e173a1-e74b-4672-a76f-8a6c127ce878" />
    <TestEntry testId="20f95119-59fe-41f5-aa31-b32c31150640" executionId="1f31f6de-205e-4a7b-99e0-75208d41f85f" testListId="59e173a1-e74b-4672-a76f-8a6c127ce878" />
    <TestEntry testId="a4902d11-092c-48df-96f2-ada2789d774a" executionId="d781294f-0e00-4773-8fb3-ca4d2cbf0b7a" testListId="59e173a1-e74b-4672-a76f-8a6c127ce878" />
    <TestEntry testId="3a9c5513-d157-4080-ad3e-0bc9583a68bc" executionId="39cecddb-0c53-4587-bd1f-2bbf523cd1eb" testListId="59e173a1-e74b-4672-a76f-8a6c127ce878" />
    <TestEntry testId="b500f91f-ad16-452c-8870-7658a6d20685" executionId="aa4e8ee1-d984-41bc-8f93-749faf2d9b68" testListId="59e173a1-e74b-4672-a76f-8a6c127ce878" />
    <TestEntry testId="82fd832a-b610-4b13-86dc-93af334e3c39" executionId="0bbdbf47-1a5f-4154-90cf-edd011192b50" testListId="59e173a1-e74b-4672-a76f-8a6c127ce878" />
    <TestEntry testId="f3edd3c9-9baa-4092-b3c6-0082d45803fc" executionId="efd4fe27-b08c-4330-9149-0bf3aac9c376" testListId="59e173a1-e74b-4672-a76f-8a6c127ce878" />
    <TestEntry testId="9e61b79a-1583-46e5-8c5c-f3ee1989314c" executionId="7fdba438-b3ac-4e51-b6bd-8ebf7764cc00" testListId="59e173a1-e74b-4672-a76f-8a6c127ce878" />
    <TestEntry testId="2b47a000-4c92-483d-a4fe-cd9699223afe" executionId="f20bad76-bb49-4fd6-8b66-e2373105b11b" testListId="59e173a1-e74b-4672-a76f-8a6c127ce878" />
    <TestEntry testId="89179bc5-b2de-434b-aec9-9c03842a3755" executionId="23efaf02-236f-4c22-9056-f841e828ba0a" testListId="59e173a1-e74b-4672-a76f-8a6c127ce878" />
    <TestEntry testId="5ea6b46d-6d5f-4ac9-9ed5-fed4670cb039" executionId="80952d2a-8525-4295-bd13-810ae97b616f" testListId="59e173a1-e74b-4672-a76f-8a6c127ce878" />
    <TestEntry testId="426fa600-cf6c-45f8-b5cb-61e9f7371378" executionId="01faae50-316b-45e4-9787-356d1c563b76" testListId="59e173a1-e74b-4672-a76f-8a6c127ce878" />
    <TestEntry testId="a0805aa2-f6a6-45fa-b7a9-cdf72af57dca" executionId="b79267ae-ada0-4648-8565-34dd6d6e0ab5" testListId="59e173a1-e74b-4672-a76f-8a6c127ce878" />
    <TestEntry testId="23d18a70-9a4d-49de-b207-99d76ebbee30" executionId="6fe35774-baec-47fd-9589-efe75c2188e8" testListId="59e173a1-e74b-4672-a76f-8a6c127ce878" />
    <TestEntry testId="19c11df3-958b-419c-80ad-cf487944d588" executionId="e2990d0b-5bb0-4131-9a07-7320cbef0cf1" testListId="59e173a1-e74b-4672-a76f-8a6c127ce878" />
    <TestEntry testId="d8719b50-4997-496e-a54a-75230c6eef0a" executionId="98b846d7-e4dc-49a6-bcb9-2898d3d86dba" testListId="59e173a1-e74b-4672-a76f-8a6c127ce878" />
    <TestEntry testId="658442c8-5fc3-4fe2-ad96-e37d8d7cd3ba" executionId="1a877836-24ec-4ff3-bb34-fc240f907c79" testListId="59e173a1-e74b-4672-a76f-8a6c127ce878" />
    <TestEntry testId="3ce7d5ad-f3bb-4b9e-90e0-a403cca0c694" executionId="ceaf398d-3186-436f-84d6-fa978ab250c6" testListId="59e173a1-e74b-4672-a76f-8a6c127ce878" />
    <TestEntry testId="24fc61d4-c96a-4eb7-a3aa-2a9f6dcd52f0" executionId="0ddc7553-70d5-4bcc-99e0-14213fae7023" testListId="59e173a1-e74b-4672-a76f-8a6c127ce878" />
    <TestEntry testId="b6af9f88-3d1c-424f-9244-6df5162351ff" executionId="a2b058cb-4ca7-436a-8bd2-3af12892d512" testListId="59e173a1-e74b-4672-a76f-8a6c127ce878" />
    <TestEntry testId="5a534d76-b2bb-440c-afce-fbb52331a8b3" executionId="00af8199-fc1b-4960-897c-71a5c049e3f7" testListId="59e173a1-e74b-4672-a76f-8a6c127ce878" />
    <TestEntry testId="dbefed4a-aa60-41c1-99f4-c21267f77d84" executionId="25b6e5cf-382a-4ce1-835e-a8010314f55c" testListId="59e173a1-e74b-4672-a76f-8a6c127ce878" />
    <TestEntry testId="b5886287-34f7-44d4-9309-f40b7f8f0bf9" executionId="ef03dfe9-127f-4010-a299-f63dccee2c0b" testListId="59e173a1-e74b-4672-a76f-8a6c127ce878" />
    <TestEntry testId="2c4a86cc-c059-4ae6-9aa1-d061bc371456" executionId="822bf16c-9262-46a8-983d-3eb1aae5c350" testListId="59e173a1-e74b-4672-a76f-8a6c127ce878" />
    <TestEntry testId="fe3bd24d-7368-4f02-b0eb-0a214e924088" executionId="af91c97d-5797-4e28-9c11-ec654967607c" testListId="59e173a1-e74b-4672-a76f-8a6c127ce878" />
    <TestEntry testId="a614b528-a86e-480d-b396-efbd251f0434" executionId="1e5a2117-c986-4870-a1dd-9d644e7bd227" testListId="59e173a1-e74b-4672-a76f-8a6c127ce878" />
    <TestEntry testId="87bb2cf2-ce2e-4595-af77-a24fe01a48cb" executionId="9605b8f8-5f22-4e60-86b0-b86000293189" testListId="59e173a1-e74b-4672-a76f-8a6c127ce878" />
    <TestEntry testId="c507f1a0-a8d4-423e-bde1-6eed5954d9ef" executionId="49feba2e-b51a-441b-9b29-1fbc683a3891" testListId="59e173a1-e74b-4672-a76f-8a6c127ce878" />
    <TestEntry testId="b0a44ddf-30b2-4833-a87b-853e021255cd" executionId="994d7b7b-3789-4ba8-8f0b-907470ba3066" testListId="59e173a1-e74b-4672-a76f-8a6c127ce878" />
    <TestEntry testId="39897847-7864-4429-9716-4d47b8a3de95" executionId="4a4e729c-8dc4-4d5f-bdaa-59691a0d93ae" testListId="59e173a1-e74b-4672-a76f-8a6c127ce878" />
    <TestEntry testId="8ed59414-db79-4fe4-84c2-e0f324f85707" executionId="b3b4a4bc-d3c0-4a39-8130-f3bc5579e23d" testListId="59e173a1-e74b-4672-a76f-8a6c127ce878" />
    <TestEntry testId="b338fe9b-d974-4a39-b5a0-07c86e498f05" executionId="4185ef08-3ac0-45be-8218-bc2cefee4260" testListId="59e173a1-e74b-4672-a76f-8a6c127ce878" />
    <TestEntry testId="cf5e4891-80d7-4868-9792-d841f8825d09" executionId="93ca1d6f-a544-497e-ab50-0d853857bc05" testListId="59e173a1-e74b-4672-a76f-8a6c127ce878" />
    <TestEntry testId="fbb4d858-cce6-4ea1-bb31-91ec0d2357a9" executionId="759c7fd3-2347-4d8a-b034-ea3c42958e3d" testListId="59e173a1-e74b-4672-a76f-8a6c127ce878" />
    <TestEntry testId="f795bc1f-e84f-4deb-aed6-b6270e092575" executionId="a82d63fe-20f1-4b85-b7e8-8d011c22935e" testListId="59e173a1-e74b-4672-a76f-8a6c127ce878" />
    <TestEntry testId="90fe9901-99f4-4803-9d34-8f08366b230f" executionId="032d7763-452f-479e-a086-3b9353c73cd5" testListId="59e173a1-e74b-4672-a76f-8a6c127ce878" />
    <TestEntry testId="727ee2c9-214a-4c60-96ba-5d90cabb9d3d" executionId="756d4438-e0ae-426d-9253-3af66de5ca65" testListId="59e173a1-e74b-4672-a76f-8a6c127ce878" />
    <TestEntry testId="096592b7-5843-4bbe-b84a-fbac9a67ddf3" executionId="99688598-c8c4-4c60-a50e-488131ac2246" testListId="59e173a1-e74b-4672-a76f-8a6c127ce878" />
    <TestEntry testId="efcac75a-77f6-470e-b961-95f280ac282c" executionId="2103d4f1-670e-4716-b513-700908c85147" testListId="59e173a1-e74b-4672-a76f-8a6c127ce878" />
    <TestEntry testId="019d735c-28bd-48fc-834d-d62abbef5b3c" executionId="951b597f-fdbf-4e8b-8db7-e0ff826e5c9c" testListId="59e173a1-e74b-4672-a76f-8a6c127ce878" />
    <TestEntry testId="8a2f0a1a-8b37-4ca3-8865-ad0cc3944b12" executionId="3c3f1b90-1c3e-4ecc-9e9b-fb4e7be70fb1" testListId="59e173a1-e74b-4672-a76f-8a6c127ce878" />
    <TestEntry testId="9203f080-a6f0-4702-ab55-b8c067d1b81a" executionId="3b08c17e-36fe-489d-be81-78657f097a58" testListId="59e173a1-e74b-4672-a76f-8a6c127ce878" />
    <TestEntry testId="07c8c558-1029-40c8-b6ed-78cd6492a76d" executionId="3c23560b-c954-49ed-ab9a-fe1036a1854d" testListId="59e173a1-e74b-4672-a76f-8a6c127ce878" />
    <TestEntry testId="e98d7970-9cff-4a5b-bca0-6c9e15e01e55" executionId="6af7c8cc-82a1-4df4-9327-171298c6fc6f" testListId="59e173a1-e74b-4672-a76f-8a6c127ce878" />
    <TestEntry testId="44a286eb-76e3-483d-93ea-83f94f2188fb" executionId="9811e418-0249-4769-9735-22aa98b53abe" testListId="59e173a1-e74b-4672-a76f-8a6c127ce878" />
    <TestEntry testId="c27624ce-ef1d-4891-af27-61177dbbad61" executionId="d570ba3a-b904-4925-87a0-aed3321c65c8" testListId="59e173a1-e74b-4672-a76f-8a6c127ce878" />
    <TestEntry testId="ffd649fd-3abe-40d0-9e7e-2dc940f677df" executionId="b03bfd87-7b5a-4864-99c1-3dca8b826b5d" testListId="59e173a1-e74b-4672-a76f-8a6c127ce878" />
    <TestEntry testId="df88af5e-703c-4db5-a560-879748947118" executionId="157e5218-5df0-4dfc-90d3-5e4f7a32ef48" testListId="59e173a1-e74b-4672-a76f-8a6c127ce878" />
    <TestEntry testId="756160ee-cdb5-443a-aaf3-6e5f66679684" executionId="c9b5c82d-1ed8-47b4-91a9-6fd7b88902ee" testListId="59e173a1-e74b-4672-a76f-8a6c127ce878" />
    <TestEntry testId="f349bbf8-be2a-44f3-9a6a-ce326c8831c0" executionId="d961e643-64d9-4f07-a0bb-e892729c14c4" testListId="59e173a1-e74b-4672-a76f-8a6c127ce878" />
    <TestEntry testId="dda3d386-012a-4e99-9bbb-8ab8948d5d59" executionId="99b8a892-58bc-43cd-bac9-ec686d4dc8dd" testListId="59e173a1-e74b-4672-a76f-8a6c127ce878" />
    <TestEntry testId="4e6d9153-eff3-490c-b28b-e9a0b3a1ceb0" executionId="09b1a337-f96c-4e85-8158-f27c119a5e3d" testListId="59e173a1-e74b-4672-a76f-8a6c127ce878" />
    <TestEntry testId="7ffdb265-73f6-4f71-83e8-b9b541982dd4" executionId="1eee8b5b-2fc7-48dc-ad0f-20159dd7764f" testListId="59e173a1-e74b-4672-a76f-8a6c127ce878" />
    <TestEntry testId="87899af5-8dca-4938-8b66-276a3c2beaff" executionId="dbb3e75a-9071-4579-92a3-56a2a85dd3b9" testListId="59e173a1-e74b-4672-a76f-8a6c127ce878" />
    <TestEntry testId="c0bde1ed-5ca2-4300-9b95-1c32f2df8395" executionId="79bf89e1-a690-4ba3-976a-559c60d32487" testListId="59e173a1-e74b-4672-a76f-8a6c127ce878" />
    <TestEntry testId="f02f17e1-3623-4cd7-8eab-b0a6795f0f0a" executionId="967bfd59-d7f0-47dd-a0c1-188883c87d54" testListId="59e173a1-e74b-4672-a76f-8a6c127ce878" />
    <TestEntry testId="045036ad-e5cf-44f6-8a18-87aab7e07551" executionId="116ee64a-53d0-4b64-89cf-0ce90261b134" testListId="59e173a1-e74b-4672-a76f-8a6c127ce878" />
    <TestEntry testId="1e3c5ba8-7c04-4206-a501-2a59a91e2f5d" executionId="87a2c915-8e64-4068-84fd-94b9b203ad43" testListId="59e173a1-e74b-4672-a76f-8a6c127ce878" />
    <TestEntry testId="3f76df03-8b53-4e81-9c06-36c922ec306b" executionId="f4feb57a-57fa-46e3-924f-dd8e3364d792" testListId="59e173a1-e74b-4672-a76f-8a6c127ce878" />
    <TestEntry testId="710667be-8b90-4228-a9b8-c7e0b5853620" executionId="66495502-295e-4ab5-aa32-af0b2389eafb" testListId="59e173a1-e74b-4672-a76f-8a6c127ce878" />
  </TestEntries>
  <TestLists>
    <TestList name="Results Not in a List" id="59e173a1-e74b-4672-a76f-8a6c127ce878" />
    <TestList name="All Loaded Results" id="94222d52-664a-44e2-9dc9-1e186a3a726c" />
  </TestLists>
</TestRun>