<?xml version="1.0" encoding="UTF-8"?>
<TestRun id="fb0bf71d-10f5-4d0a-96b3-a536b8a48bb4" name="Test Run 25" runUser="Oles Galatsan" xmlns="http://microsoft.com/schemas/VisualStudio/TeamTest/2010">
  <Times creation="2025-05-14T13:20:31.3125482Z" queuing="2025-05-14T13:20:31.3125482Z" start="2025-05-14T13:20:31.3146610Z" finish="2025-05-14T13:25:31.3147553Z" />
  <TestSettings name="Test Settings 25" id="555c7d3e-e803-46b7-8f38-453a1caae48a" />
  <Results>
    <UnitTestResult executionId="8ab1f335-220e-4b2a-bfeb-6b2a68e9d54f" testId="5a13579c-db47-40a8-9797-93d70e190324" testName="Test2401" computerName="UA-LPT-OGA2" duration="00:00:01.7240000" startTime="2025-05-14T13:20:31.3146610Z" endTime="2025-05-14T13:25:31.3147553Z" testType="13cdc9d9-ddb5-4fa4-a97d-d965ccfc6d4b" outcome="Passed" testListId="12cc3fd0-558e-4545-97a8-f5aa8d09f2e9" />
    <UnitTestResult executionId="6504ff3e-1346-41f9-81ed-a33160eeecc4" testId="c5db0bbb-1490-42fe-9754-e84bde2ec292" testName="Test2402" computerName="UA-LPT-OGA2" duration="00:00:01.1950000" startTime="2025-05-14T13:20:31.3146610Z" endTime="2025-05-14T13:25:31.3147553Z" testType="13cdc9d9-ddb5-4fa4-a97d-d965ccfc6d4b" outcome="Passed" testListId="12cc3fd0-558e-4545-97a8-f5aa8d09f2e9" />
    <UnitTestResult executionId="e661b7f3-caf2-4bbb-b44b-2427eb3b2fb1" testId="1dd9ebdc-7703-40bd-bebe-e2194c2d9fbd" testName="Test2403" computerName="UA-LPT-OGA2" duration="00:00:00.4020000" startTime="2025-05-14T13:20:31.3146610Z" endTime="2025-05-14T13:25:31.3147553Z" testType="13cdc9d9-ddb5-4fa4-a97d-d965ccfc6d4b" outcome="Passed" testListId="12cc3fd0-558e-4545-97a8-f5aa8d09f2e9" />
    <UnitTestResult executionId="0994500c-6f32-443a-a4e8-d85d9a89915a" testId="2533f374-e184-4d51-9b1f-e6f0e620c5d9" testName="Test2404" computerName="UA-LPT-OGA2" duration="00:00:00.3440000" startTime="2025-05-14T13:20:31.3146610Z" endTime="2025-05-14T13:25:31.3147553Z" testType="13cdc9d9-ddb5-4fa4-a97d-d965ccfc6d4b" outcome="Passed" testListId="12cc3fd0-558e-4545-97a8-f5aa8d09f2e9" />
    <UnitTestResult executionId="8c7dd247-d59c-4005-a2b8-99daf69e3ce0" testId="e7f7bd84-0fd9-4d4d-9b65-3ef9da964e31" testName="Test2405" computerName="UA-LPT-OGA2" duration="00:00:01.1140000" startTime="2025-05-14T13:20:31.3146610Z" endTime="2025-05-14T13:25:31.3147553Z" testType="13cdc9d9-ddb5-4fa4-a97d-d965ccfc6d4b" outcome="Failed" testListId="12cc3fd0-558e-4545-97a8-f5aa8d09f2e9">
      <Output>
        <ErrorInfo>
          <Message>Assertion failed: Expected value did not match actual value.</Message>
          <StackTrace>   at TestNamespace.TestClass.Test() in TestClass.cs:line 407</StackTrace>
        </ErrorInfo>
      </Output>
    </UnitTestResult>
    <UnitTestResult executionId="0b52c17e-b75e-402f-ada6-d695965732e3" testId="390a5474-0116-42aa-ad4d-45d57b7c6117" testName="Test2406" computerName="UA-LPT-OGA2" duration="00:00:01.3990000" startTime="2025-05-14T13:20:31.3146610Z" endTime="2025-05-14T13:25:31.3147553Z" testType="13cdc9d9-ddb5-4fa4-a97d-d965ccfc6d4b" outcome="Failed" testListId="12cc3fd0-558e-4545-97a8-f5aa8d09f2e9">
      <Output>
        <ErrorInfo>
          <Message>Assertion failed: Expected value did not match actual value.</Message>
          <StackTrace>   at TestNamespace.TestClass.Test() in TestClass.cs:line 57</StackTrace>
        </ErrorInfo>
      </Output>
    </UnitTestResult>
    <UnitTestResult executionId="a9a14055-2ad4-4c39-a9c4-add398583b20" testId="489b0c5d-f7dc-4833-b85e-7a85fa3404a6" testName="Test2407" computerName="UA-LPT-OGA2" duration="00:00:01.8470000" startTime="2025-05-14T13:20:31.3146610Z" endTime="2025-05-14T13:25:31.3147553Z" testType="13cdc9d9-ddb5-4fa4-a97d-d965ccfc6d4b" outcome="Passed" testListId="12cc3fd0-558e-4545-97a8-f5aa8d09f2e9" />
    <UnitTestResult executionId="4f7283b7-38a3-4833-9a1d-0b180025c6c8" testId="ec51b480-a964-4227-9d1e-54284e43af20" testName="Test2408" computerName="UA-LPT-OGA2" duration="00:00:01.2600000" startTime="2025-05-14T13:20:31.3146610Z" endTime="2025-05-14T13:25:31.3147553Z" testType="13cdc9d9-ddb5-4fa4-a97d-d965ccfc6d4b" outcome="Passed" testListId="12cc3fd0-558e-4545-97a8-f5aa8d09f2e9" />
    <UnitTestResult executionId="eac0e3dc-ec6e-4664-9cce-c9f119e56d83" testId="ae5e1405-aeb1-4b03-b884-f9787e40c798" testName="Test2409" computerName="UA-LPT-OGA2" duration="00:00:01.6650000" startTime="2025-05-14T13:20:31.3146610Z" endTime="2025-05-14T13:25:31.3147553Z" testType="13cdc9d9-ddb5-4fa4-a97d-d965ccfc6d4b" outcome="Passed" testListId="12cc3fd0-558e-4545-97a8-f5aa8d09f2e9" />
    <UnitTestResult executionId="5ac04a42-2bdf-476f-896f-99c071e999a1" testId="6078e6d5-ded2-4328-bd9e-bcaba0b19e41" testName="Test2410" computerName="UA-LPT-OGA2" duration="00:00:00.1850000" startTime="2025-05-14T13:20:31.3146610Z" endTime="2025-05-14T13:25:31.3147553Z" testType="13cdc9d9-ddb5-4fa4-a97d-d965ccfc6d4b" outcome="Passed" testListId="12cc3fd0-558e-4545-97a8-f5aa8d09f2e9" />
    <UnitTestResult executionId="2099f3a0-3f64-4432-aeda-da96ae75b082" testId="1cdadf35-cb8a-42fd-b489-996b01c597d0" testName="Test2411" computerName="UA-LPT-OGA2" duration="00:00:01.5090000" startTime="2025-05-14T13:20:31.3146610Z" endTime="2025-05-14T13:25:31.3147553Z" testType="13cdc9d9-ddb5-4fa4-a97d-d965ccfc6d4b" outcome="Passed" testListId="12cc3fd0-558e-4545-97a8-f5aa8d09f2e9" />
    <UnitTestResult executionId="942fe047-01a9-4f60-af68-92bd86499c07" testId="2d783cbd-5376-402b-a58a-4ba0488a615a" testName="Test2412" computerName="UA-LPT-OGA2" duration="00:00:01.0860000" startTime="2025-05-14T13:20:31.3146610Z" endTime="2025-05-14T13:25:31.3147553Z" testType="13cdc9d9-ddb5-4fa4-a97d-d965ccfc6d4b" outcome="Passed" testListId="12cc3fd0-558e-4545-97a8-f5aa8d09f2e9" />
    <UnitTestResult executionId="baed4fd0-a267-419a-99bc-3f07524c609a" testId="2275803f-9608-4a1a-bc1f-b5736120966d" testName="Test2413" computerName="UA-LPT-OGA2" duration="00:00:01.4340000" startTime="2025-05-14T13:20:31.3146610Z" endTime="2025-05-14T13:25:31.3147553Z" testType="13cdc9d9-ddb5-4fa4-a97d-d965ccfc6d4b" outcome="Passed" testListId="12cc3fd0-558e-4545-97a8-f5aa8d09f2e9" />
    <UnitTestResult executionId="67c37699-8cdc-4a46-b161-1ba132b1143a" testId="4b982e69-d6c3-4228-bdf3-3f9ed5b6cc25" testName="Test2414" computerName="UA-LPT-OGA2" duration="00:00:01.5440000" startTime="2025-05-14T13:20:31.3146610Z" endTime="2025-05-14T13:25:31.3147553Z" testType="13cdc9d9-ddb5-4fa4-a97d-d965ccfc6d4b" outcome="Passed" testListId="12cc3fd0-558e-4545-97a8-f5aa8d09f2e9" />
    <UnitTestResult executionId="cdc1d710-c586-406b-80b3-a6dcc01c3f1e" testId="06df1cdb-0a1f-4e90-b103-388d13241106" testName="Test2415" computerName="UA-LPT-OGA2" duration="00:00:00.3380000" startTime="2025-05-14T13:20:31.3146610Z" endTime="2025-05-14T13:25:31.3147553Z" testType="13cdc9d9-ddb5-4fa4-a97d-d965ccfc6d4b" outcome="Passed" testListId="12cc3fd0-558e-4545-97a8-f5aa8d09f2e9" />
    <UnitTestResult executionId="af4ad171-7b14-47de-abc7-c85c70a9c23e" testId="282b2c72-69ec-40c7-93d6-53b7e15cd34e" testName="Test2416" computerName="UA-LPT-OGA2" duration="00:00:01.4250000" startTime="2025-05-14T13:20:31.3146610Z" endTime="2025-05-14T13:25:31.3147553Z" testType="13cdc9d9-ddb5-4fa4-a97d-d965ccfc6d4b" outcome="Passed" testListId="12cc3fd0-558e-4545-97a8-f5aa8d09f2e9" />
    <UnitTestResult executionId="997ed272-8d8d-4981-b12d-851f2b1683e2" testId="8a8bd6f2-47af-4755-8a8e-7eaca0fc56c8" testName="Test2417" computerName="UA-LPT-OGA2" duration="00:00:00.3870000" startTime="2025-05-14T13:20:31.3146610Z" endTime="2025-05-14T13:25:31.3147553Z" testType="13cdc9d9-ddb5-4fa4-a97d-d965ccfc6d4b" outcome="Failed" testListId="12cc3fd0-558e-4545-97a8-f5aa8d09f2e9">
      <Output>
        <ErrorInfo>
          <Message>Assertion failed: Expected value did not match actual value.</Message>
          <StackTrace>   at TestNamespace.TestClass.Test() in TestClass.cs:line 258</StackTrace>
        </ErrorInfo>
      </Output>
    </UnitTestResult>
    <UnitTestResult executionId="880735c7-1d25-4e99-ab38-850f1d623d33" testId="dc7c7ebd-658d-4d1a-95c1-ddb023948fe4" testName="Test2418" computerName="UA-LPT-OGA2" duration="00:00:01.5950000" startTime="2025-05-14T13:20:31.3146610Z" endTime="2025-05-14T13:25:31.3147553Z" testType="13cdc9d9-ddb5-4fa4-a97d-d965ccfc6d4b" outcome="Passed" testListId="12cc3fd0-558e-4545-97a8-f5aa8d09f2e9" />
    <UnitTestResult executionId="8e3a1e3f-3f1d-4f05-9102-2d3b70acece6" testId="cc6c0d86-b8f3-4068-9cdf-6e975126813b" testName="Test2419" computerName="UA-LPT-OGA2" duration="00:00:00.6250000" startTime="2025-05-14T13:20:31.3146610Z" endTime="2025-05-14T13:25:31.3147553Z" testType="13cdc9d9-ddb5-4fa4-a97d-d965ccfc6d4b" outcome="Passed" testListId="12cc3fd0-558e-4545-97a8-f5aa8d09f2e9" />
    <UnitTestResult executionId="d6483a56-fcf0-4e4b-b3e8-7c0006481e5e" testId="8f103532-1f6b-4d8f-8a76-056d9ff3c25a" testName="Test2420" computerName="UA-LPT-OGA2" duration="00:00:01.5570000" startTime="2025-05-14T13:20:31.3146610Z" endTime="2025-05-14T13:25:31.3147553Z" testType="13cdc9d9-ddb5-4fa4-a97d-d965ccfc6d4b" outcome="Passed" testListId="12cc3fd0-558e-4545-97a8-f5aa8d09f2e9" />
    <UnitTestResult executionId="e75b6b6a-abd5-4f1e-afaf-4aa0a6c27a43" testId="fbee6be2-b473-427b-92a1-607f83370131" testName="Test2421" computerName="UA-LPT-OGA2" duration="00:00:00.0630000" startTime="2025-05-14T13:20:31.3146610Z" endTime="2025-05-14T13:25:31.3147553Z" testType="13cdc9d9-ddb5-4fa4-a97d-d965ccfc6d4b" outcome="Passed" testListId="12cc3fd0-558e-4545-97a8-f5aa8d09f2e9" />
    <UnitTestResult executionId="511098e0-93f0-44f1-92cc-b675d733ca34" testId="47b64797-3051-487c-9c74-7fda85752f18" testName="Test2422" computerName="UA-LPT-OGA2" duration="00:00:01.7580000" startTime="2025-05-14T13:20:31.3146610Z" endTime="2025-05-14T13:25:31.3147553Z" testType="13cdc9d9-ddb5-4fa4-a97d-d965ccfc6d4b" outcome="Passed" testListId="12cc3fd0-558e-4545-97a8-f5aa8d09f2e9" />
    <UnitTestResult executionId="91e3da09-3f29-40f3-b411-928a186e5f5b" testId="cf9ab643-5bd2-4037-b706-241d7e67b3aa" testName="Test2423" computerName="UA-LPT-OGA2" duration="00:00:01.1640000" startTime="2025-05-14T13:20:31.3146610Z" endTime="2025-05-14T13:25:31.3147553Z" testType="13cdc9d9-ddb5-4fa4-a97d-d965ccfc6d4b" outcome="Failed" testListId="12cc3fd0-558e-4545-97a8-f5aa8d09f2e9">
      <Output>
        <ErrorInfo>
          <Message>Assertion failed: Expected value did not match actual value.</Message>
          <StackTrace>   at TestNamespace.TestClass.Test() in TestClass.cs:line 369</StackTrace>
        </ErrorInfo>
      </Output>
    </UnitTestResult>
    <UnitTestResult executionId="6bfc2072-a60e-4054-b6b3-cb25743490d2" testId="82758a39-3205-4048-87ac-d719c8ae915a" testName="Test2424" computerName="UA-LPT-OGA2" duration="00:00:00.3930000" startTime="2025-05-14T13:20:31.3146610Z" endTime="2025-05-14T13:25:31.3147553Z" testType="13cdc9d9-ddb5-4fa4-a97d-d965ccfc6d4b" outcome="Passed" testListId="12cc3fd0-558e-4545-97a8-f5aa8d09f2e9" />
    <UnitTestResult executionId="5fdbdb99-11bd-46d6-9427-6ee7eca1973d" testId="6d50415c-713c-4a27-815d-8aea3fe3bed5" testName="Test2425" computerName="UA-LPT-OGA2" duration="00:00:00.9300000" startTime="2025-05-14T13:20:31.3146610Z" endTime="2025-05-14T13:25:31.3147553Z" testType="13cdc9d9-ddb5-4fa4-a97d-d965ccfc6d4b" outcome="Passed" testListId="12cc3fd0-558e-4545-97a8-f5aa8d09f2e9" />
    <UnitTestResult executionId="a58bb1ae-7720-49a0-9aa6-c2103e80f742" testId="df86d2fa-866e-4edd-aeff-aa10adc773e9" testName="Test2426" computerName="UA-LPT-OGA2" duration="00:00:01.5460000" startTime="2025-05-14T13:20:31.3146610Z" endTime="2025-05-14T13:25:31.3147553Z" testType="13cdc9d9-ddb5-4fa4-a97d-d965ccfc6d4b" outcome="Passed" testListId="12cc3fd0-558e-4545-97a8-f5aa8d09f2e9" />
    <UnitTestResult executionId="9fcb0fed-d50c-42c0-973f-bc565ee61d73" testId="69ccdb80-86d2-4ef8-a2fa-cf6862816101" testName="Test2427" computerName="UA-LPT-OGA2" duration="00:00:01.5790000" startTime="2025-05-14T13:20:31.3146610Z" endTime="2025-05-14T13:25:31.3147553Z" testType="13cdc9d9-ddb5-4fa4-a97d-d965ccfc6d4b" outcome="Failed" testListId="12cc3fd0-558e-4545-97a8-f5aa8d09f2e9">
      <Output>
        <ErrorInfo>
          <Message>Assertion failed: Expected value did not match actual value.</Message>
          <StackTrace>   at TestNamespace.TestClass.Test() in TestClass.cs:line 85</StackTrace>
        </ErrorInfo>
      </Output>
    </UnitTestResult>
    <UnitTestResult executionId="6960fd37-07e9-4301-b0fb-2c27c674bc3f" testId="18ef336a-018d-4411-9dd7-6b51dcdb0469" testName="Test2428" computerName="UA-LPT-OGA2" duration="00:00:00.3840000" startTime="2025-05-14T13:20:31.3146610Z" endTime="2025-05-14T13:25:31.3147553Z" testType="13cdc9d9-ddb5-4fa4-a97d-d965ccfc6d4b" outcome="Passed" testListId="12cc3fd0-558e-4545-97a8-f5aa8d09f2e9" />
    <UnitTestResult executionId="de4bc23f-edbb-4e00-8318-fac1f00ee4c6" testId="a16f564b-eff2-49de-9284-7a52b4b417b5" testName="Test2429" computerName="UA-LPT-OGA2" duration="00:00:01.5730000" startTime="2025-05-14T13:20:31.3146610Z" endTime="2025-05-14T13:25:31.3147553Z" testType="13cdc9d9-ddb5-4fa4-a97d-d965ccfc6d4b" outcome="Passed" testListId="12cc3fd0-558e-4545-97a8-f5aa8d09f2e9" />
    <UnitTestResult executionId="77921a19-276a-471e-9f00-744ddecbd2f5" testId="0d7c53e6-5932-4a87-ac04-bd77bca6807b" testName="Test2430" computerName="UA-LPT-OGA2" duration="00:00:01.8800000" startTime="2025-05-14T13:20:31.3146610Z" endTime="2025-05-14T13:25:31.3147553Z" testType="13cdc9d9-ddb5-4fa4-a97d-d965ccfc6d4b" outcome="Passed" testListId="12cc3fd0-558e-4545-97a8-f5aa8d09f2e9" />
    <UnitTestResult executionId="fb59ce7b-899a-483b-a67f-97ba193fd8b2" testId="28b00780-1695-47f1-b8e7-db347223873b" testName="Test2431" computerName="UA-LPT-OGA2" duration="00:00:01.7200000" startTime="2025-05-14T13:20:31.3146610Z" endTime="2025-05-14T13:25:31.3147553Z" testType="13cdc9d9-ddb5-4fa4-a97d-d965ccfc6d4b" outcome="Failed" testListId="12cc3fd0-558e-4545-97a8-f5aa8d09f2e9">
      <Output>
        <ErrorInfo>
          <Message>Assertion failed: Expected value did not match actual value.</Message>
          <StackTrace>   at TestNamespace.TestClass.Test() in TestClass.cs:line 482</StackTrace>
        </ErrorInfo>
      </Output>
    </UnitTestResult>
    <UnitTestResult executionId="48061e1b-51e3-4ad3-bf12-3e874562ebdf" testId="18ec5c9c-8f8f-4330-9e45-bdd38edd8f69" testName="Test2432" computerName="UA-LPT-OGA2" duration="00:00:01.6540000" startTime="2025-05-14T13:20:31.3146610Z" endTime="2025-05-14T13:25:31.3147553Z" testType="13cdc9d9-ddb5-4fa4-a97d-d965ccfc6d4b" outcome="Passed" testListId="12cc3fd0-558e-4545-97a8-f5aa8d09f2e9" />
    <UnitTestResult executionId="7aba77f8-803d-442e-ad39-00cbe525af3c" testId="4cc05da3-ada0-4180-880c-f8e677a0db4f" testName="Test2433" computerName="UA-LPT-OGA2" duration="00:00:00.4450000" startTime="2025-05-14T13:20:31.3146610Z" endTime="2025-05-14T13:25:31.3147553Z" testType="13cdc9d9-ddb5-4fa4-a97d-d965ccfc6d4b" outcome="Passed" testListId="12cc3fd0-558e-4545-97a8-f5aa8d09f2e9" />
    <UnitTestResult executionId="bd295cd5-3540-437d-a04d-6f7a65eac76f" testId="76b57516-c0ab-4fc5-abfb-b3f6a5a83613" testName="Test2434" computerName="UA-LPT-OGA2" duration="00:00:00.9150000" startTime="2025-05-14T13:20:31.3146610Z" endTime="2025-05-14T13:25:31.3147553Z" testType="13cdc9d9-ddb5-4fa4-a97d-d965ccfc6d4b" outcome="Passed" testListId="12cc3fd0-558e-4545-97a8-f5aa8d09f2e9" />
    <UnitTestResult executionId="15f68d41-15af-4580-be7d-c38babba676a" testId="ae8ea15e-7953-4d5f-b162-b2927a51ae1d" testName="Test2435" computerName="UA-LPT-OGA2" duration="00:00:01.5180000" startTime="2025-05-14T13:20:31.3146610Z" endTime="2025-05-14T13:25:31.3147553Z" testType="13cdc9d9-ddb5-4fa4-a97d-d965ccfc6d4b" outcome="Passed" testListId="12cc3fd0-558e-4545-97a8-f5aa8d09f2e9" />
    <UnitTestResult executionId="7d21bf81-f26f-4a4c-a710-425c2a9c8edd" testId="8277182c-0392-4955-a4cb-9653ce3e8f23" testName="Test2436" computerName="UA-LPT-OGA2" duration="00:00:00.4750000" startTime="2025-05-14T13:20:31.3146610Z" endTime="2025-05-14T13:25:31.3147553Z" testType="13cdc9d9-ddb5-4fa4-a97d-d965ccfc6d4b" outcome="Passed" testListId="12cc3fd0-558e-4545-97a8-f5aa8d09f2e9" />
    <UnitTestResult executionId="fc727cb0-7933-4ecb-8746-686138d4b7f5" testId="28036ce0-4897-4c75-ba10-39eb0ce1abdb" testName="Test2437" computerName="UA-LPT-OGA2" duration="00:00:00.0630000" startTime="2025-05-14T13:20:31.3146610Z" endTime="2025-05-14T13:25:31.3147553Z" testType="13cdc9d9-ddb5-4fa4-a97d-d965ccfc6d4b" outcome="Passed" testListId="12cc3fd0-558e-4545-97a8-f5aa8d09f2e9" />
    <UnitTestResult executionId="88dc65af-8b97-4645-8f0f-633cb57129dd" testId="f6f78267-3bb5-41ee-a63a-ab72d3af570a" testName="Test2438" computerName="UA-LPT-OGA2" duration="00:00:01.5910000" startTime="2025-05-14T13:20:31.3146610Z" endTime="2025-05-14T13:25:31.3147553Z" testType="13cdc9d9-ddb5-4fa4-a97d-d965ccfc6d4b" outcome="Passed" testListId="12cc3fd0-558e-4545-97a8-f5aa8d09f2e9" />
    <UnitTestResult executionId="5fdb2138-3164-401f-a94b-1fa8d93fd85e" testId="cdb3c331-685e-47ae-b08e-6d56fafaeed1" testName="Test2439" computerName="UA-LPT-OGA2" duration="00:00:00.4730000" startTime="2025-05-14T13:20:31.3146610Z" endTime="2025-05-14T13:25:31.3147553Z" testType="13cdc9d9-ddb5-4fa4-a97d-d965ccfc6d4b" outcome="Passed" testListId="12cc3fd0-558e-4545-97a8-f5aa8d09f2e9" />
    <UnitTestResult executionId="e02a246c-ae1a-483d-a6e4-ef4295e05fd5" testId="1192ab9d-823e-4226-b209-40e8431a52ff" testName="Test2440" computerName="UA-LPT-OGA2" duration="00:00:00.4610000" startTime="2025-05-14T13:20:31.3146610Z" endTime="2025-05-14T13:25:31.3147553Z" testType="13cdc9d9-ddb5-4fa4-a97d-d965ccfc6d4b" outcome="Passed" testListId="12cc3fd0-558e-4545-97a8-f5aa8d09f2e9" />
    <UnitTestResult executionId="e39b8227-87e2-4d09-92cd-9580a97b8d06" testId="8991ae11-c207-4498-b0b0-000b3f064f3a" testName="Test2441" computerName="UA-LPT-OGA2" duration="00:00:01.2150000" startTime="2025-05-14T13:20:31.3146610Z" endTime="2025-05-14T13:25:31.3147553Z" testType="13cdc9d9-ddb5-4fa4-a97d-d965ccfc6d4b" outcome="Passed" testListId="12cc3fd0-558e-4545-97a8-f5aa8d09f2e9" />
    <UnitTestResult executionId="9906bc3d-d7db-4a7c-9e2a-fbd2b054e08e" testId="3a7509e2-e863-474b-a70c-f42f416e5bf4" testName="Test2442" computerName="UA-LPT-OGA2" duration="00:00:00.6360000" startTime="2025-05-14T13:20:31.3146610Z" endTime="2025-05-14T13:25:31.3147553Z" testType="13cdc9d9-ddb5-4fa4-a97d-d965ccfc6d4b" outcome="Passed" testListId="12cc3fd0-558e-4545-97a8-f5aa8d09f2e9" />
    <UnitTestResult executionId="476b9257-a486-4a36-88ee-708b910030fd" testId="e2c707ac-e421-4e73-b636-bef2001c84a9" testName="Test2443" computerName="UA-LPT-OGA2" duration="00:00:00.4750000" startTime="2025-05-14T13:20:31.3146610Z" endTime="2025-05-14T13:25:31.3147553Z" testType="13cdc9d9-ddb5-4fa4-a97d-d965ccfc6d4b" outcome="Passed" testListId="12cc3fd0-558e-4545-97a8-f5aa8d09f2e9" />
    <UnitTestResult executionId="0e396024-0e01-484a-be7c-886ac49c9945" testId="c15bcc93-28f5-4921-ae75-786d82dab3d5" testName="Test2444" computerName="UA-LPT-OGA2" duration="00:00:00.9030000" startTime="2025-05-14T13:20:31.3146610Z" endTime="2025-05-14T13:25:31.3147553Z" testType="13cdc9d9-ddb5-4fa4-a97d-d965ccfc6d4b" outcome="Passed" testListId="12cc3fd0-558e-4545-97a8-f5aa8d09f2e9" />
    <UnitTestResult executionId="76541ac8-0ad6-4d04-8026-5c99a8c95e36" testId="80d8782c-fd69-458e-8069-6afb34515077" testName="Test2445" computerName="UA-LPT-OGA2" duration="00:00:00.2990000" startTime="2025-05-14T13:20:31.3146610Z" endTime="2025-05-14T13:25:31.3147553Z" testType="13cdc9d9-ddb5-4fa4-a97d-d965ccfc6d4b" outcome="Passed" testListId="12cc3fd0-558e-4545-97a8-f5aa8d09f2e9" />
    <UnitTestResult executionId="144a6b1c-5aac-4e4f-ab72-04000c57c2d4" testId="6ad8901b-c259-476a-b03d-80f8f9de0b80" testName="Test2446" computerName="UA-LPT-OGA2" duration="00:00:00.0130000" startTime="2025-05-14T13:20:31.3146610Z" endTime="2025-05-14T13:25:31.3147553Z" testType="13cdc9d9-ddb5-4fa4-a97d-d965ccfc6d4b" outcome="Passed" testListId="12cc3fd0-558e-4545-97a8-f5aa8d09f2e9" />
    <UnitTestResult executionId="64cf7a15-a591-4140-b578-f739079ea029" testId="25e73769-8591-40d0-80cc-899d567254f8" testName="Test2447" computerName="UA-LPT-OGA2" duration="00:00:01.3770000" startTime="2025-05-14T13:20:31.3146610Z" endTime="2025-05-14T13:25:31.3147553Z" testType="13cdc9d9-ddb5-4fa4-a97d-d965ccfc6d4b" outcome="Passed" testListId="12cc3fd0-558e-4545-97a8-f5aa8d09f2e9" />
    <UnitTestResult executionId="2d6affd4-5e20-47b8-9745-655e70462c76" testId="cdf885af-3fef-45b6-b537-a789e2bd763d" testName="Test2448" computerName="UA-LPT-OGA2" duration="00:00:01.0950000" startTime="2025-05-14T13:20:31.3146610Z" endTime="2025-05-14T13:25:31.3147553Z" testType="13cdc9d9-ddb5-4fa4-a97d-d965ccfc6d4b" outcome="Passed" testListId="12cc3fd0-558e-4545-97a8-f5aa8d09f2e9" />
    <UnitTestResult executionId="368be440-ec2e-4968-8a50-511481e8350c" testId="784f8c48-28e2-4410-8e34-38cc62871a7d" testName="Test2449" computerName="UA-LPT-OGA2" duration="00:00:01.7000000" startTime="2025-05-14T13:20:31.3146610Z" endTime="2025-05-14T13:25:31.3147553Z" testType="13cdc9d9-ddb5-4fa4-a97d-d965ccfc6d4b" outcome="Passed" testListId="12cc3fd0-558e-4545-97a8-f5aa8d09f2e9" />
    <UnitTestResult executionId="05f25411-d7cd-4e6b-a90a-0b678f54ceb9" testId="b31ddb2e-512b-4540-be11-337b8b8d4589" testName="Test2450" computerName="UA-LPT-OGA2" duration="00:00:01.8920000" startTime="2025-05-14T13:20:31.3146610Z" endTime="2025-05-14T13:25:31.3147553Z" testType="13cdc9d9-ddb5-4fa4-a97d-d965ccfc6d4b" outcome="Passed" testListId="12cc3fd0-558e-4545-97a8-f5aa8d09f2e9" />
    <UnitTestResult executionId="7f161b69-0a89-455d-9111-4cb1007cd204" testId="e7bd4651-2afc-459e-be58-f886c2c16d5c" testName="Test2451" computerName="UA-LPT-OGA2" duration="00:00:00.6070000" startTime="2025-05-14T13:20:31.3146610Z" endTime="2025-05-14T13:25:31.3147553Z" testType="13cdc9d9-ddb5-4fa4-a97d-d965ccfc6d4b" outcome="Passed" testListId="12cc3fd0-558e-4545-97a8-f5aa8d09f2e9" />
    <UnitTestResult executionId="0912184d-a9cd-45ce-91e9-ac4b002260a3" testId="0bb9a08b-b4dc-4f43-818d-a14d64e1a452" testName="Test2452" computerName="UA-LPT-OGA2" duration="00:00:00.6560000" startTime="2025-05-14T13:20:31.3146610Z" endTime="2025-05-14T13:25:31.3147553Z" testType="13cdc9d9-ddb5-4fa4-a97d-d965ccfc6d4b" outcome="Passed" testListId="12cc3fd0-558e-4545-97a8-f5aa8d09f2e9" />
    <UnitTestResult executionId="0db8413e-08df-41bb-be2e-3783fa440991" testId="4e3f856a-c44d-4a3c-9938-75f5c550b3f4" testName="Test2453" computerName="UA-LPT-OGA2" duration="00:00:01.3250000" startTime="2025-05-14T13:20:31.3146610Z" endTime="2025-05-14T13:25:31.3147553Z" testType="13cdc9d9-ddb5-4fa4-a97d-d965ccfc6d4b" outcome="Passed" testListId="12cc3fd0-558e-4545-97a8-f5aa8d09f2e9" />
    <UnitTestResult executionId="44816fc9-fade-4aa9-8d55-26181c636db6" testId="24392cd4-49d9-4369-a80b-e327c57036a6" testName="Test2454" computerName="UA-LPT-OGA2" duration="00:00:00.3320000" startTime="2025-05-14T13:20:31.3146610Z" endTime="2025-05-14T13:25:31.3147553Z" testType="13cdc9d9-ddb5-4fa4-a97d-d965ccfc6d4b" outcome="Passed" testListId="12cc3fd0-558e-4545-97a8-f5aa8d09f2e9" />
    <UnitTestResult executionId="1036458e-c408-4bec-8f9b-5a340ea246dc" testId="651d81dc-f977-4f2c-b13e-9e191560737c" testName="Test2455" computerName="UA-LPT-OGA2" duration="00:00:00.7300000" startTime="2025-05-14T13:20:31.3146610Z" endTime="2025-05-14T13:25:31.3147553Z" testType="13cdc9d9-ddb5-4fa4-a97d-d965ccfc6d4b" outcome="Passed" testListId="12cc3fd0-558e-4545-97a8-f5aa8d09f2e9" />
    <UnitTestResult executionId="c7299a96-4cfe-44e9-a845-5524eb5646d5" testId="3620678d-60c6-4fff-b3d2-5fde86067058" testName="Test2456" computerName="UA-LPT-OGA2" duration="00:00:01.7840000" startTime="2025-05-14T13:20:31.3146610Z" endTime="2025-05-14T13:25:31.3147553Z" testType="13cdc9d9-ddb5-4fa4-a97d-d965ccfc6d4b" outcome="Passed" testListId="12cc3fd0-558e-4545-97a8-f5aa8d09f2e9" />
    <UnitTestResult executionId="bdbdbbb0-b3e6-4b6f-a1f5-d1cf77924878" testId="ac20c531-19dd-4abe-90ec-fca7e6664f7e" testName="Test2457" computerName="UA-LPT-OGA2" duration="00:00:01.2950000" startTime="2025-05-14T13:20:31.3146610Z" endTime="2025-05-14T13:25:31.3147553Z" testType="13cdc9d9-ddb5-4fa4-a97d-d965ccfc6d4b" outcome="Passed" testListId="12cc3fd0-558e-4545-97a8-f5aa8d09f2e9" />
    <UnitTestResult executionId="703be507-52cb-4e99-b617-dad740f62775" testId="d434cb29-00e6-419b-a316-f8fecee5edb0" testName="Test2458" computerName="UA-LPT-OGA2" duration="00:00:01.2030000" startTime="2025-05-14T13:20:31.3146610Z" endTime="2025-05-14T13:25:31.3147553Z" testType="13cdc9d9-ddb5-4fa4-a97d-d965ccfc6d4b" outcome="Passed" testListId="12cc3fd0-558e-4545-97a8-f5aa8d09f2e9" />
    <UnitTestResult executionId="43c50a83-4bf0-46d4-9442-a632ce17d207" testId="abf9b649-c399-47b9-b7fe-42d7a6f83c28" testName="Test2459" computerName="UA-LPT-OGA2" duration="00:00:00.4910000" startTime="2025-05-14T13:20:31.3146610Z" endTime="2025-05-14T13:25:31.3147553Z" testType="13cdc9d9-ddb5-4fa4-a97d-d965ccfc6d4b" outcome="Passed" testListId="12cc3fd0-558e-4545-97a8-f5aa8d09f2e9" />
    <UnitTestResult executionId="38656e86-73c9-44b7-a040-cfe8b16d8f04" testId="c368c0d1-86d4-4745-873e-382f2fac9973" testName="Test2460" computerName="UA-LPT-OGA2" duration="00:00:00.6750000" startTime="2025-05-14T13:20:31.3146610Z" endTime="2025-05-14T13:25:31.3147553Z" testType="13cdc9d9-ddb5-4fa4-a97d-d965ccfc6d4b" outcome="Passed" testListId="12cc3fd0-558e-4545-97a8-f5aa8d09f2e9" />
    <UnitTestResult executionId="12ab7d12-351f-430c-9163-c5347aed4dcd" testId="88ee10f5-1b53-4c29-898c-8301e5faedd4" testName="Test2461" computerName="UA-LPT-OGA2" duration="00:00:01.5650000" startTime="2025-05-14T13:20:31.3146610Z" endTime="2025-05-14T13:25:31.3147553Z" testType="13cdc9d9-ddb5-4fa4-a97d-d965ccfc6d4b" outcome="Passed" testListId="12cc3fd0-558e-4545-97a8-f5aa8d09f2e9" />
    <UnitTestResult executionId="19382d5d-1374-4ad8-8c33-7cbf9dde35a7" testId="0537e436-be7c-4ef9-a99f-194bc023f7ec" testName="Test2462" computerName="UA-LPT-OGA2" duration="00:00:01.4560000" startTime="2025-05-14T13:20:31.3146610Z" endTime="2025-05-14T13:25:31.3147553Z" testType="13cdc9d9-ddb5-4fa4-a97d-d965ccfc6d4b" outcome="Passed" testListId="12cc3fd0-558e-4545-97a8-f5aa8d09f2e9" />
    <UnitTestResult executionId="324c71a8-c1e1-40c2-965a-f377f219467c" testId="2244cd3f-578e-4aca-8ae5-2c7fead88d1b" testName="Test2463" computerName="UA-LPT-OGA2" duration="00:00:01.7030000" startTime="2025-05-14T13:20:31.3146610Z" endTime="2025-05-14T13:25:31.3147553Z" testType="13cdc9d9-ddb5-4fa4-a97d-d965ccfc6d4b" outcome="Passed" testListId="12cc3fd0-558e-4545-97a8-f5aa8d09f2e9" />
    <UnitTestResult executionId="56ca7eaf-1c93-4c69-8de2-066d4ff4d415" testId="c17312f6-1b52-467c-a9fa-5f9f8e20c21e" testName="Test2464" computerName="UA-LPT-OGA2" duration="00:00:01.8620000" startTime="2025-05-14T13:20:31.3146610Z" endTime="2025-05-14T13:25:31.3147553Z" testType="13cdc9d9-ddb5-4fa4-a97d-d965ccfc6d4b" outcome="Passed" testListId="12cc3fd0-558e-4545-97a8-f5aa8d09f2e9" />
    <UnitTestResult executionId="44a409a0-28a3-4c8f-adb1-7d2a530b25ac" testId="15300567-a834-4a47-b3a4-c4224969a1da" testName="Test2465" computerName="UA-LPT-OGA2" duration="00:00:00.8370000" startTime="2025-05-14T13:20:31.3146610Z" endTime="2025-05-14T13:25:31.3147553Z" testType="13cdc9d9-ddb5-4fa4-a97d-d965ccfc6d4b" outcome="Passed" testListId="12cc3fd0-558e-4545-97a8-f5aa8d09f2e9" />
    <UnitTestResult executionId="8fc752f7-3791-44c9-a0a9-663f9b7d3ddc" testId="d0344da9-5d28-46b5-8dfb-19aefaa95066" testName="Test2466" computerName="UA-LPT-OGA2" duration="00:00:00.5170000" startTime="2025-05-14T13:20:31.3146610Z" endTime="2025-05-14T13:25:31.3147553Z" testType="13cdc9d9-ddb5-4fa4-a97d-d965ccfc6d4b" outcome="Inconclusive" testListId="12cc3fd0-558e-4545-97a8-f5aa8d09f2e9" />
    <UnitTestResult executionId="b010c869-2db4-41a0-a8ee-626ca407555b" testId="48386d8c-8eb2-45e8-a4d5-c8585d8e735c" testName="Test2467" computerName="UA-LPT-OGA2" duration="00:00:01.5400000" startTime="2025-05-14T13:20:31.3146610Z" endTime="2025-05-14T13:25:31.3147553Z" testType="13cdc9d9-ddb5-4fa4-a97d-d965ccfc6d4b" outcome="Passed" testListId="12cc3fd0-558e-4545-97a8-f5aa8d09f2e9" />
    <UnitTestResult executionId="ccd9b8ec-8204-47e9-b55e-4e9e6202898b" testId="653c9d46-b64d-4629-93ec-d52166343397" testName="Test2468" computerName="UA-LPT-OGA2" duration="00:00:01.0820000" startTime="2025-05-14T13:20:31.3146610Z" endTime="2025-05-14T13:25:31.3147553Z" testType="13cdc9d9-ddb5-4fa4-a97d-d965ccfc6d4b" outcome="Passed" testListId="12cc3fd0-558e-4545-97a8-f5aa8d09f2e9" />
    <UnitTestResult executionId="4f6f6c58-b1f0-4247-be10-03214f3c0288" testId="3ee93e07-adb9-4d67-8335-23f6e54cb696" testName="Test2469" computerName="UA-LPT-OGA2" duration="00:00:01.2380000" startTime="2025-05-14T13:20:31.3146610Z" endTime="2025-05-14T13:25:31.3147553Z" testType="13cdc9d9-ddb5-4fa4-a97d-d965ccfc6d4b" outcome="Passed" testListId="12cc3fd0-558e-4545-97a8-f5aa8d09f2e9" />
    <UnitTestResult executionId="8a43eed9-512f-46f9-bc19-4f74183045fd" testId="dbb62285-aeae-4597-823b-986a295ca8d9" testName="Test2470" computerName="UA-LPT-OGA2" duration="00:00:00.6010000" startTime="2025-05-14T13:20:31.3146610Z" endTime="2025-05-14T13:25:31.3147553Z" testType="13cdc9d9-ddb5-4fa4-a97d-d965ccfc6d4b" outcome="Passed" testListId="12cc3fd0-558e-4545-97a8-f5aa8d09f2e9" />
    <UnitTestResult executionId="170ae527-7682-41dd-8498-0d67dffc27d5" testId="902ecbff-d935-4440-ac90-10190def7b9c" testName="Test2471" computerName="UA-LPT-OGA2" duration="00:00:01.6790000" startTime="2025-05-14T13:20:31.3146610Z" endTime="2025-05-14T13:25:31.3147553Z" testType="13cdc9d9-ddb5-4fa4-a97d-d965ccfc6d4b" outcome="Passed" testListId="12cc3fd0-558e-4545-97a8-f5aa8d09f2e9" />
    <UnitTestResult executionId="11176d58-375a-4cdd-84dc-57b7ba5ed9bd" testId="0b754849-af8b-427d-a7b6-fddf6eccf43c" testName="Test2472" computerName="UA-LPT-OGA2" duration="00:00:01.2170000" startTime="2025-05-14T13:20:31.3146610Z" endTime="2025-05-14T13:25:31.3147553Z" testType="13cdc9d9-ddb5-4fa4-a97d-d965ccfc6d4b" outcome="Passed" testListId="12cc3fd0-558e-4545-97a8-f5aa8d09f2e9" />
    <UnitTestResult executionId="f7a50cfb-8434-4e63-8419-74baa7b3c8e2" testId="5075d71e-54ad-4b3f-a4a5-d67313093660" testName="Test2473" computerName="UA-LPT-OGA2" duration="00:00:01.0690000" startTime="2025-05-14T13:20:31.3146610Z" endTime="2025-05-14T13:25:31.3147553Z" testType="13cdc9d9-ddb5-4fa4-a97d-d965ccfc6d4b" outcome="Passed" testListId="12cc3fd0-558e-4545-97a8-f5aa8d09f2e9" />
    <UnitTestResult executionId="af7a4bd7-f62b-42c3-8e25-c867aea12161" testId="795f292a-6bea-4288-b8ff-5693fffeca0c" testName="Test2474" computerName="UA-LPT-OGA2" duration="00:00:01.7150000" startTime="2025-05-14T13:20:31.3146610Z" endTime="2025-05-14T13:25:31.3147553Z" testType="13cdc9d9-ddb5-4fa4-a97d-d965ccfc6d4b" outcome="Passed" testListId="12cc3fd0-558e-4545-97a8-f5aa8d09f2e9" />
    <UnitTestResult executionId="69d7e4c0-e544-4628-8e63-d0d23fc4bd9a" testId="bb56bc79-b3be-4298-ade9-07f315ab4f44" testName="Test2475" computerName="UA-LPT-OGA2" duration="00:00:00.6400000" startTime="2025-05-14T13:20:31.3146610Z" endTime="2025-05-14T13:25:31.3147553Z" testType="13cdc9d9-ddb5-4fa4-a97d-d965ccfc6d4b" outcome="Failed" testListId="12cc3fd0-558e-4545-97a8-f5aa8d09f2e9">
      <Output>
        <ErrorInfo>
          <Message>Assertion failed: Expected value did not match actual value.</Message>
          <StackTrace>   at TestNamespace.TestClass.Test() in TestClass.cs:line 163</StackTrace>
        </ErrorInfo>
      </Output>
    </UnitTestResult>
    <UnitTestResult executionId="0185ca20-61db-4e26-a9fd-1def0bc64b07" testId="608860f3-afbf-4960-818c-bc9c3779d3d2" testName="Test2476" computerName="UA-LPT-OGA2" duration="00:00:00.0350000" startTime="2025-05-14T13:20:31.3146610Z" endTime="2025-05-14T13:25:31.3147553Z" testType="13cdc9d9-ddb5-4fa4-a97d-d965ccfc6d4b" outcome="Passed" testListId="12cc3fd0-558e-4545-97a8-f5aa8d09f2e9" />
    <UnitTestResult executionId="1d9a6caf-7d59-4935-80f7-cc54cac9c490" testId="2f9b5dca-51ae-4af2-a1ea-a6490458f495" testName="Test2477" computerName="UA-LPT-OGA2" duration="00:00:00.4650000" startTime="2025-05-14T13:20:31.3146610Z" endTime="2025-05-14T13:25:31.3147553Z" testType="13cdc9d9-ddb5-4fa4-a97d-d965ccfc6d4b" outcome="Passed" testListId="12cc3fd0-558e-4545-97a8-f5aa8d09f2e9" />
    <UnitTestResult executionId="139a18da-2111-48cc-a74f-331233bd3fb7" testId="5dd2eb11-92c7-4ad2-950a-ebcb21cdc6f4" testName="Test2478" computerName="UA-LPT-OGA2" duration="00:00:01.3720000" startTime="2025-05-14T13:20:31.3146610Z" endTime="2025-05-14T13:25:31.3147553Z" testType="13cdc9d9-ddb5-4fa4-a97d-d965ccfc6d4b" outcome="Passed" testListId="12cc3fd0-558e-4545-97a8-f5aa8d09f2e9" />
    <UnitTestResult executionId="fecf0de6-bd60-4269-afa7-930a300bf3ea" testId="aa923b50-c146-4b20-a651-d8bfcf5466ee" testName="Test2479" computerName="UA-LPT-OGA2" duration="00:00:01.9440000" startTime="2025-05-14T13:20:31.3146610Z" endTime="2025-05-14T13:25:31.3147553Z" testType="13cdc9d9-ddb5-4fa4-a97d-d965ccfc6d4b" outcome="Passed" testListId="12cc3fd0-558e-4545-97a8-f5aa8d09f2e9" />
    <UnitTestResult executionId="4c7abc2d-5c28-4f4d-aaf0-70983c10b45e" testId="2a4ff2e7-7fcf-4481-aa4d-7e4d9a671434" testName="Test2480" computerName="UA-LPT-OGA2" duration="00:00:00.8010000" startTime="2025-05-14T13:20:31.3146610Z" endTime="2025-05-14T13:25:31.3147553Z" testType="13cdc9d9-ddb5-4fa4-a97d-d965ccfc6d4b" outcome="Passed" testListId="12cc3fd0-558e-4545-97a8-f5aa8d09f2e9" />
    <UnitTestResult executionId="64bd1ddb-e36b-4c19-87ec-58a8591eb20c" testId="55b7339a-5ea6-4f48-8277-8a95962602bb" testName="Test2481" computerName="UA-LPT-OGA2" duration="00:00:01.2390000" startTime="2025-05-14T13:20:31.3146610Z" endTime="2025-05-14T13:25:31.3147553Z" testType="13cdc9d9-ddb5-4fa4-a97d-d965ccfc6d4b" outcome="Passed" testListId="12cc3fd0-558e-4545-97a8-f5aa8d09f2e9" />
    <UnitTestResult executionId="f2d78453-c504-4bf1-aa5c-1dece2ea665c" testId="62065764-e67b-4341-bbbe-617507f6d956" testName="Test2482" computerName="UA-LPT-OGA2" duration="00:00:01.7250000" startTime="2025-05-14T13:20:31.3146610Z" endTime="2025-05-14T13:25:31.3147553Z" testType="13cdc9d9-ddb5-4fa4-a97d-d965ccfc6d4b" outcome="Failed" testListId="12cc3fd0-558e-4545-97a8-f5aa8d09f2e9">
      <Output>
        <ErrorInfo>
          <Message>Assertion failed: Expected value did not match actual value.</Message>
          <StackTrace>   at TestNamespace.TestClass.Test() in TestClass.cs:line 218</StackTrace>
        </ErrorInfo>
      </Output>
    </UnitTestResult>
    <UnitTestResult executionId="c91d8ea2-ef44-45dd-a171-26443c23de43" testId="efb0df3c-08d8-46fb-be9a-f6204a66988c" testName="Test2483" computerName="UA-LPT-OGA2" duration="00:00:01.5940000" startTime="2025-05-14T13:20:31.3146610Z" endTime="2025-05-14T13:25:31.3147553Z" testType="13cdc9d9-ddb5-4fa4-a97d-d965ccfc6d4b" outcome="Passed" testListId="12cc3fd0-558e-4545-97a8-f5aa8d09f2e9" />
    <UnitTestResult executionId="fd2009c6-cddd-4255-b969-5027125f17a7" testId="617dfdfd-17a2-4fef-89da-9717425c13c8" testName="Test2484" computerName="UA-LPT-OGA2" duration="00:00:00.7540000" startTime="2025-05-14T13:20:31.3146610Z" endTime="2025-05-14T13:25:31.3147553Z" testType="13cdc9d9-ddb5-4fa4-a97d-d965ccfc6d4b" outcome="Passed" testListId="12cc3fd0-558e-4545-97a8-f5aa8d09f2e9" />
    <UnitTestResult executionId="881c4faf-b41a-40a8-a6c7-f132acb8900f" testId="0fb65458-60b5-4581-aa3a-a3510c6715b7" testName="Test2485" computerName="UA-LPT-OGA2" duration="00:00:00.7080000" startTime="2025-05-14T13:20:31.3146610Z" endTime="2025-05-14T13:25:31.3147553Z" testType="13cdc9d9-ddb5-4fa4-a97d-d965ccfc6d4b" outcome="Passed" testListId="12cc3fd0-558e-4545-97a8-f5aa8d09f2e9" />
    <UnitTestResult executionId="9a07c97a-7b7b-4fa5-b319-19de7bba329d" testId="2e35617b-8bf5-403b-b8c6-549e9d508d69" testName="Test2486" computerName="UA-LPT-OGA2" duration="00:00:00.5540000" startTime="2025-05-14T13:20:31.3146610Z" endTime="2025-05-14T13:25:31.3147553Z" testType="13cdc9d9-ddb5-4fa4-a97d-d965ccfc6d4b" outcome="Passed" testListId="12cc3fd0-558e-4545-97a8-f5aa8d09f2e9" />
    <UnitTestResult executionId="9e82fe3f-4f3d-406c-b8f6-6e7f2798f859" testId="c17c52de-2ef6-4a5a-b960-a4bb47f517ad" testName="Test2487" computerName="UA-LPT-OGA2" duration="00:00:01.5890000" startTime="2025-05-14T13:20:31.3146610Z" endTime="2025-05-14T13:25:31.3147553Z" testType="13cdc9d9-ddb5-4fa4-a97d-d965ccfc6d4b" outcome="Passed" testListId="12cc3fd0-558e-4545-97a8-f5aa8d09f2e9" />
    <UnitTestResult executionId="caac47c3-1244-4267-ad3e-ec6c71cdb50d" testId="fc5abddc-08fe-4543-919a-951515a0467b" testName="Test2488" computerName="UA-LPT-OGA2" duration="00:00:00.9940000" startTime="2025-05-14T13:20:31.3146610Z" endTime="2025-05-14T13:25:31.3147553Z" testType="13cdc9d9-ddb5-4fa4-a97d-d965ccfc6d4b" outcome="Passed" testListId="12cc3fd0-558e-4545-97a8-f5aa8d09f2e9" />
    <UnitTestResult executionId="58671a1a-8c4e-486b-a840-cfbd80bd93e9" testId="27fe2236-0847-4875-a07b-9954cf5df3b6" testName="Test2489" computerName="UA-LPT-OGA2" duration="00:00:00.3310000" startTime="2025-05-14T13:20:31.3146610Z" endTime="2025-05-14T13:25:31.3147553Z" testType="13cdc9d9-ddb5-4fa4-a97d-d965ccfc6d4b" outcome="Passed" testListId="12cc3fd0-558e-4545-97a8-f5aa8d09f2e9" />
    <UnitTestResult executionId="45df30ab-4b1f-462b-9894-dd70f57d1751" testId="db785d2e-1666-4cb0-be35-00e00508eb81" testName="Test2490" computerName="UA-LPT-OGA2" duration="00:00:00.1000000" startTime="2025-05-14T13:20:31.3146610Z" endTime="2025-05-14T13:25:31.3147553Z" testType="13cdc9d9-ddb5-4fa4-a97d-d965ccfc6d4b" outcome="Passed" testListId="12cc3fd0-558e-4545-97a8-f5aa8d09f2e9" />
    <UnitTestResult executionId="ec84dba5-70e5-4009-979c-9ccc6346715c" testId="f008be6e-2010-472f-99c4-9dcfb82ec927" testName="Test2491" computerName="UA-LPT-OGA2" duration="00:00:00.7410000" startTime="2025-05-14T13:20:31.3146610Z" endTime="2025-05-14T13:25:31.3147553Z" testType="13cdc9d9-ddb5-4fa4-a97d-d965ccfc6d4b" outcome="Passed" testListId="12cc3fd0-558e-4545-97a8-f5aa8d09f2e9" />
    <UnitTestResult executionId="658de208-7559-4ee6-84f3-b1d78d0732c3" testId="b63a2432-777c-4abb-92ba-568b7f0b1377" testName="Test2492" computerName="UA-LPT-OGA2" duration="00:00:01.3490000" startTime="2025-05-14T13:20:31.3146610Z" endTime="2025-05-14T13:25:31.3147553Z" testType="13cdc9d9-ddb5-4fa4-a97d-d965ccfc6d4b" outcome="Passed" testListId="12cc3fd0-558e-4545-97a8-f5aa8d09f2e9" />
    <UnitTestResult executionId="6435c8d2-4871-445f-bc9f-c5a7c594f45e" testId="faf7aee7-5bcd-4d06-a257-d60d77aaa76e" testName="Test2493" computerName="UA-LPT-OGA2" duration="00:00:00.0630000" startTime="2025-05-14T13:20:31.3146610Z" endTime="2025-05-14T13:25:31.3147553Z" testType="13cdc9d9-ddb5-4fa4-a97d-d965ccfc6d4b" outcome="Passed" testListId="12cc3fd0-558e-4545-97a8-f5aa8d09f2e9" />
    <UnitTestResult executionId="7a075557-e6b7-471b-82fd-6978f6b234b8" testId="b1aeeb80-5467-4d28-911b-f6ca92b2cf2b" testName="Test2494" computerName="UA-LPT-OGA2" duration="00:00:01.1080000" startTime="2025-05-14T13:20:31.3146610Z" endTime="2025-05-14T13:25:31.3147553Z" testType="13cdc9d9-ddb5-4fa4-a97d-d965ccfc6d4b" outcome="Passed" testListId="12cc3fd0-558e-4545-97a8-f5aa8d09f2e9" />
    <UnitTestResult executionId="ee9734a7-89a8-4a67-bac1-2545397d2274" testId="dd176bf8-6372-4450-bf2b-8499495e6e8b" testName="Test2495" computerName="UA-LPT-OGA2" duration="00:00:01.2280000" startTime="2025-05-14T13:20:31.3146610Z" endTime="2025-05-14T13:25:31.3147553Z" testType="13cdc9d9-ddb5-4fa4-a97d-d965ccfc6d4b" outcome="Passed" testListId="12cc3fd0-558e-4545-97a8-f5aa8d09f2e9" />
    <UnitTestResult executionId="6087bccf-9444-4455-9b37-ff14750eb541" testId="fbd95c49-6038-41d5-946c-31b2ab6e23bd" testName="Test2496" computerName="UA-LPT-OGA2" duration="00:00:01.5670000" startTime="2025-05-14T13:20:31.3146610Z" endTime="2025-05-14T13:25:31.3147553Z" testType="13cdc9d9-ddb5-4fa4-a97d-d965ccfc6d4b" outcome="Passed" testListId="12cc3fd0-558e-4545-97a8-f5aa8d09f2e9" />
    <UnitTestResult executionId="aa060edc-fdff-4d77-95f7-a8a8e9a1bd62" testId="6dbfd5f3-2fab-481a-b6ea-58973b22064f" testName="Test2497" computerName="UA-LPT-OGA2" duration="00:00:01.3830000" startTime="2025-05-14T13:20:31.3146610Z" endTime="2025-05-14T13:25:31.3147553Z" testType="13cdc9d9-ddb5-4fa4-a97d-d965ccfc6d4b" outcome="Passed" testListId="12cc3fd0-558e-4545-97a8-f5aa8d09f2e9" />
    <UnitTestResult executionId="1f6cd41c-f12d-4873-b2ca-12f96075ea4f" testId="59d6bbc8-d05d-4979-a20e-37a47c483ad3" testName="Test2498" computerName="UA-LPT-OGA2" duration="00:00:00.9290000" startTime="2025-05-14T13:20:31.3146610Z" endTime="2025-05-14T13:25:31.3147553Z" testType="13cdc9d9-ddb5-4fa4-a97d-d965ccfc6d4b" outcome="Passed" testListId="12cc3fd0-558e-4545-97a8-f5aa8d09f2e9" />
    <UnitTestResult executionId="37edd9f4-7cef-43d5-95fd-b754487180c8" testId="b7f457c4-25e1-4748-b2cf-b28a6f3a113d" testName="Test2499" computerName="UA-LPT-OGA2" duration="00:00:01.2340000" startTime="2025-05-14T13:20:31.3146610Z" endTime="2025-05-14T13:25:31.3147553Z" testType="13cdc9d9-ddb5-4fa4-a97d-d965ccfc6d4b" outcome="Passed" testListId="12cc3fd0-558e-4545-97a8-f5aa8d09f2e9" />
    <UnitTestResult executionId="3e1fb598-f76b-4060-947f-36e08069b63c" testId="ccb9a61e-edcf-4e43-8d1e-0c349518c85f" testName="Test2500" computerName="UA-LPT-OGA2" duration="00:00:01.7330000" startTime="2025-05-14T13:20:31.3146610Z" endTime="2025-05-14T13:25:31.3147553Z" testType="13cdc9d9-ddb5-4fa4-a97d-d965ccfc6d4b" outcome="Failed" testListId="12cc3fd0-558e-4545-97a8-f5aa8d09f2e9">
      <Output>
        <ErrorInfo>
          <Message>Assertion failed: Expected value did not match actual value.</Message>
          <StackTrace>   at TestNamespace.TestClass.Test() in TestClass.cs:line 391</StackTrace>
        </ErrorInfo>
      </Output>
    </UnitTestResult>
  </Results>
  <TestDefinitions>
    <UnitTest name="Test2401" id="5a13579c-db47-40a8-9797-93d70e190324" storage="TestAssembly.dll">
      <Execution id="8ab1f335-220e-4b2a-bfeb-6b2a68e9d54f" />
      <TestMethod codeBase="TestAssembly.dll" className="TestNamespace.TestClass1" name="Test2401" />
    </UnitTest>
    <UnitTest name="Test2402" id="c5db0bbb-1490-42fe-9754-e84bde2ec292" storage="TestAssembly.dll">
      <Execution id="6504ff3e-1346-41f9-81ed-a33160eeecc4" />
      <TestMethod codeBase="TestAssembly.dll" className="TestNamespace.TestClass1" name="Test2402" />
    </UnitTest>
    <UnitTest name="Test2403" id="1dd9ebdc-7703-40bd-bebe-e2194c2d9fbd" storage="TestAssembly.dll">
      <Execution id="e661b7f3-caf2-4bbb-b44b-2427eb3b2fb1" />
      <TestMethod codeBase="TestAssembly.dll" className="TestNamespace.TestClass1" name="Test2403" />
    </UnitTest>
    <UnitTest name="Test2404" id="2533f374-e184-4d51-9b1f-e6f0e620c5d9" storage="TestAssembly.dll">
      <Execution id="0994500c-6f32-443a-a4e8-d85d9a89915a" />
      <TestMethod codeBase="TestAssembly.dll" className="TestNamespace.TestClass1" name="Test2404" />
    </UnitTest>
    <UnitTest name="Test2405" id="e7f7bd84-0fd9-4d4d-9b65-3ef9da964e31" storage="TestAssembly.dll">
      <Execution id="8c7dd247-d59c-4005-a2b8-99daf69e3ce0" />
      <TestMethod codeBase="TestAssembly.dll" className="TestNamespace.TestClass1" name="Test2405" />
    </UnitTest>
    <UnitTest name="Test2406" id="390a5474-0116-42aa-ad4d-45d57b7c6117" storage="TestAssembly.dll">
      <Execution id="0b52c17e-b75e-402f-ada6-d695965732e3" />
      <TestMethod codeBase="TestAssembly.dll" className="TestNamespace.TestClass1" name="Test2406" />
    </UnitTest>
    <UnitTest name="Test2407" id="489b0c5d-f7dc-4833-b85e-7a85fa3404a6" storage="TestAssembly.dll">
      <Execution id="a9a14055-2ad4-4c39-a9c4-add398583b20" />
      <TestMethod codeBase="TestAssembly.dll" className="TestNamespace.TestClass1" name="Test2407" />
    </UnitTest>
    <UnitTest name="Test2408" id="ec51b480-a964-4227-9d1e-54284e43af20" storage="TestAssembly.dll">
      <Execution id="4f7283b7-38a3-4833-9a1d-0b180025c6c8" />
      <TestMethod codeBase="TestAssembly.dll" className="TestNamespace.TestClass1" name="Test2408" />
    </UnitTest>
    <UnitTest name="Test2409" id="ae5e1405-aeb1-4b03-b884-f9787e40c798" storage="TestAssembly.dll">
      <Execution id="eac0e3dc-ec6e-4664-9cce-c9f119e56d83" />
      <TestMethod codeBase="TestAssembly.dll" className="TestNamespace.TestClass1" name="Test2409" />
    </UnitTest>
    <UnitTest name="Test2410" id="6078e6d5-ded2-4328-bd9e-bcaba0b19e41" storage="TestAssembly.dll">
      <Execution id="5ac04a42-2bdf-476f-896f-99c071e999a1" />
      <TestMethod codeBase="TestAssembly.dll" className="TestNamespace.TestClass1" name="Test2410" />
    </UnitTest>
    <UnitTest name="Test2411" id="1cdadf35-cb8a-42fd-b489-996b01c597d0" storage="TestAssembly.dll">
      <Execution id="2099f3a0-3f64-4432-aeda-da96ae75b082" />
      <TestMethod codeBase="TestAssembly.dll" className="TestNamespace.TestClass2" name="Test2411" />
    </UnitTest>
    <UnitTest name="Test2412" id="2d783cbd-5376-402b-a58a-4ba0488a615a" storage="TestAssembly.dll">
      <Execution id="942fe047-01a9-4f60-af68-92bd86499c07" />
      <TestMethod codeBase="TestAssembly.dll" className="TestNamespace.TestClass2" name="Test2412" />
    </UnitTest>
    <UnitTest name="Test2413" id="2275803f-9608-4a1a-bc1f-b5736120966d" storage="TestAssembly.dll">
      <Execution id="baed4fd0-a267-419a-99bc-3f07524c609a" />
      <TestMethod codeBase="TestAssembly.dll" className="TestNamespace.TestClass2" name="Test2413" />
    </UnitTest>
    <UnitTest name="Test2414" id="4b982e69-d6c3-4228-bdf3-3f9ed5b6cc25" storage="TestAssembly.dll">
      <Execution id="67c37699-8cdc-4a46-b161-1ba132b1143a" />
      <TestMethod codeBase="TestAssembly.dll" className="TestNamespace.TestClass2" name="Test2414" />
    </UnitTest>
    <UnitTest name="Test2415" id="06df1cdb-0a1f-4e90-b103-388d13241106" storage="TestAssembly.dll">
      <Execution id="cdc1d710-c586-406b-80b3-a6dcc01c3f1e" />
      <TestMethod codeBase="TestAssembly.dll" className="TestNamespace.TestClass2" name="Test2415" />
    </UnitTest>
    <UnitTest name="Test2416" id="282b2c72-69ec-40c7-93d6-53b7e15cd34e" storage="TestAssembly.dll">
      <Execution id="af4ad171-7b14-47de-abc7-c85c70a9c23e" />
      <TestMethod codeBase="TestAssembly.dll" className="TestNamespace.TestClass2" name="Test2416" />
    </UnitTest>
    <UnitTest name="Test2417" id="8a8bd6f2-47af-4755-8a8e-7eaca0fc56c8" storage="TestAssembly.dll">
      <Execution id="997ed272-8d8d-4981-b12d-851f2b1683e2" />
      <TestMethod codeBase="TestAssembly.dll" className="TestNamespace.TestClass2" name="Test2417" />
    </UnitTest>
    <UnitTest name="Test2418" id="dc7c7ebd-658d-4d1a-95c1-ddb023948fe4" storage="TestAssembly.dll">
      <Execution id="880735c7-1d25-4e99-ab38-850f1d623d33" />
      <TestMethod codeBase="TestAssembly.dll" className="TestNamespace.TestClass2" name="Test2418" />
    </UnitTest>
    <UnitTest name="Test2419" id="cc6c0d86-b8f3-4068-9cdf-6e975126813b" storage="TestAssembly.dll">
      <Execution id="8e3a1e3f-3f1d-4f05-9102-2d3b70acece6" />
      <TestMethod codeBase="TestAssembly.dll" className="TestNamespace.TestClass2" name="Test2419" />
    </UnitTest>
    <UnitTest name="Test2420" id="8f103532-1f6b-4d8f-8a76-056d9ff3c25a" storage="TestAssembly.dll">
      <Execution id="d6483a56-fcf0-4e4b-b3e8-7c0006481e5e" />
      <TestMethod codeBase="TestAssembly.dll" className="TestNamespace.TestClass2" name="Test2420" />
    </UnitTest>
    <UnitTest name="Test2421" id="fbee6be2-b473-427b-92a1-607f83370131" storage="TestAssembly.dll">
      <Execution id="e75b6b6a-abd5-4f1e-afaf-4aa0a6c27a43" />
      <TestMethod codeBase="TestAssembly.dll" className="TestNamespace.TestClass3" name="Test2421" />
    </UnitTest>
    <UnitTest name="Test2422" id="47b64797-3051-487c-9c74-7fda85752f18" storage="TestAssembly.dll">
      <Execution id="511098e0-93f0-44f1-92cc-b675d733ca34" />
      <TestMethod codeBase="TestAssembly.dll" className="TestNamespace.TestClass3" name="Test2422" />
    </UnitTest>
    <UnitTest name="Test2423" id="cf9ab643-5bd2-4037-b706-241d7e67b3aa" storage="TestAssembly.dll">
      <Execution id="91e3da09-3f29-40f3-b411-928a186e5f5b" />
      <TestMethod codeBase="TestAssembly.dll" className="TestNamespace.TestClass3" name="Test2423" />
    </UnitTest>
    <UnitTest name="Test2424" id="82758a39-3205-4048-87ac-d719c8ae915a" storage="TestAssembly.dll">
      <Execution id="6bfc2072-a60e-4054-b6b3-cb25743490d2" />
      <TestMethod codeBase="TestAssembly.dll" className="TestNamespace.TestClass3" name="Test2424" />
    </UnitTest>
    <UnitTest name="Test2425" id="6d50415c-713c-4a27-815d-8aea3fe3bed5" storage="TestAssembly.dll">
      <Execution id="5fdbdb99-11bd-46d6-9427-6ee7eca1973d" />
      <TestMethod codeBase="TestAssembly.dll" className="TestNamespace.TestClass3" name="Test2425" />
    </UnitTest>
    <UnitTest name="Test2426" id="df86d2fa-866e-4edd-aeff-aa10adc773e9" storage="TestAssembly.dll">
      <Execution id="a58bb1ae-7720-49a0-9aa6-c2103e80f742" />
      <TestMethod codeBase="TestAssembly.dll" className="TestNamespace.TestClass3" name="Test2426" />
    </UnitTest>
    <UnitTest name="Test2427" id="69ccdb80-86d2-4ef8-a2fa-cf6862816101" storage="TestAssembly.dll">
      <Execution id="9fcb0fed-d50c-42c0-973f-bc565ee61d73" />
      <TestMethod codeBase="TestAssembly.dll" className="TestNamespace.TestClass3" name="Test2427" />
    </UnitTest>
    <UnitTest name="Test2428" id="18ef336a-018d-4411-9dd7-6b51dcdb0469" storage="TestAssembly.dll">
      <Execution id="6960fd37-07e9-4301-b0fb-2c27c674bc3f" />
      <TestMethod codeBase="TestAssembly.dll" className="TestNamespace.TestClass3" name="Test2428" />
    </UnitTest>
    <UnitTest name="Test2429" id="a16f564b-eff2-49de-9284-7a52b4b417b5" storage="TestAssembly.dll">
      <Execution id="de4bc23f-edbb-4e00-8318-fac1f00ee4c6" />
      <TestMethod codeBase="TestAssembly.dll" className="TestNamespace.TestClass3" name="Test2429" />
    </UnitTest>
    <UnitTest name="Test2430" id="0d7c53e6-5932-4a87-ac04-bd77bca6807b" storage="TestAssembly.dll">
      <Execution id="77921a19-276a-471e-9f00-744ddecbd2f5" />
      <TestMethod codeBase="TestAssembly.dll" className="TestNamespace.TestClass3" name="Test2430" />
    </UnitTest>
    <UnitTest name="Test2431" id="28b00780-1695-47f1-b8e7-db347223873b" storage="TestAssembly.dll">
      <Execution id="fb59ce7b-899a-483b-a67f-97ba193fd8b2" />
      <TestMethod codeBase="TestAssembly.dll" className="TestNamespace.TestClass4" name="Test2431" />
    </UnitTest>
    <UnitTest name="Test2432" id="18ec5c9c-8f8f-4330-9e45-bdd38edd8f69" storage="TestAssembly.dll">
      <Execution id="48061e1b-51e3-4ad3-bf12-3e874562ebdf" />
      <TestMethod codeBase="TestAssembly.dll" className="TestNamespace.TestClass4" name="Test2432" />
    </UnitTest>
    <UnitTest name="Test2433" id="4cc05da3-ada0-4180-880c-f8e677a0db4f" storage="TestAssembly.dll">
      <Execution id="7aba77f8-803d-442e-ad39-00cbe525af3c" />
      <TestMethod codeBase="TestAssembly.dll" className="TestNamespace.TestClass4" name="Test2433" />
    </UnitTest>
    <UnitTest name="Test2434" id="76b57516-c0ab-4fc5-abfb-b3f6a5a83613" storage="TestAssembly.dll">
      <Execution id="bd295cd5-3540-437d-a04d-6f7a65eac76f" />
      <TestMethod codeBase="TestAssembly.dll" className="TestNamespace.TestClass4" name="Test2434" />
    </UnitTest>
    <UnitTest name="Test2435" id="ae8ea15e-7953-4d5f-b162-b2927a51ae1d" storage="TestAssembly.dll">
      <Execution id="15f68d41-15af-4580-be7d-c38babba676a" />
      <TestMethod codeBase="TestAssembly.dll" className="TestNamespace.TestClass4" name="Test2435" />
    </UnitTest>
    <UnitTest name="Test2436" id="8277182c-0392-4955-a4cb-9653ce3e8f23" storage="TestAssembly.dll">
      <Execution id="7d21bf81-f26f-4a4c-a710-425c2a9c8edd" />
      <TestMethod codeBase="TestAssembly.dll" className="TestNamespace.TestClass4" name="Test2436" />
    </UnitTest>
    <UnitTest name="Test2437" id="28036ce0-4897-4c75-ba10-39eb0ce1abdb" storage="TestAssembly.dll">
      <Execution id="fc727cb0-7933-4ecb-8746-686138d4b7f5" />
      <TestMethod codeBase="TestAssembly.dll" className="TestNamespace.TestClass4" name="Test2437" />
    </UnitTest>
    <UnitTest name="Test2438" id="f6f78267-3bb5-41ee-a63a-ab72d3af570a" storage="TestAssembly.dll">
      <Execution id="88dc65af-8b97-4645-8f0f-633cb57129dd" />
      <TestMethod codeBase="TestAssembly.dll" className="TestNamespace.TestClass4" name="Test2438" />
    </UnitTest>
    <UnitTest name="Test2439" id="cdb3c331-685e-47ae-b08e-6d56fafaeed1" storage="TestAssembly.dll">
      <Execution id="5fdb2138-3164-401f-a94b-1fa8d93fd85e" />
      <TestMethod codeBase="TestAssembly.dll" className="TestNamespace.TestClass4" name="Test2439" />
    </UnitTest>
    <UnitTest name="Test2440" id="1192ab9d-823e-4226-b209-40e8431a52ff" storage="TestAssembly.dll">
      <Execution id="e02a246c-ae1a-483d-a6e4-ef4295e05fd5" />
      <TestMethod codeBase="TestAssembly.dll" className="TestNamespace.TestClass4" name="Test2440" />
    </UnitTest>
    <UnitTest name="Test2441" id="8991ae11-c207-4498-b0b0-000b3f064f3a" storage="TestAssembly.dll">
      <Execution id="e39b8227-87e2-4d09-92cd-9580a97b8d06" />
      <TestMethod codeBase="TestAssembly.dll" className="TestNamespace.TestClass5" name="Test2441" />
    </UnitTest>
    <UnitTest name="Test2442" id="3a7509e2-e863-474b-a70c-f42f416e5bf4" storage="TestAssembly.dll">
      <Execution id="9906bc3d-d7db-4a7c-9e2a-fbd2b054e08e" />
      <TestMethod codeBase="TestAssembly.dll" className="TestNamespace.TestClass5" name="Test2442" />
    </UnitTest>
    <UnitTest name="Test2443" id="e2c707ac-e421-4e73-b636-bef2001c84a9" storage="TestAssembly.dll">
      <Execution id="476b9257-a486-4a36-88ee-708b910030fd" />
      <TestMethod codeBase="TestAssembly.dll" className="TestNamespace.TestClass5" name="Test2443" />
    </UnitTest>
    <UnitTest name="Test2444" id="c15bcc93-28f5-4921-ae75-786d82dab3d5" storage="TestAssembly.dll">
      <Execution id="0e396024-0e01-484a-be7c-886ac49c9945" />
      <TestMethod codeBase="TestAssembly.dll" className="TestNamespace.TestClass5" name="Test2444" />
    </UnitTest>
    <UnitTest name="Test2445" id="80d8782c-fd69-458e-8069-6afb34515077" storage="TestAssembly.dll">
      <Execution id="76541ac8-0ad6-4d04-8026-5c99a8c95e36" />
      <TestMethod codeBase="TestAssembly.dll" className="TestNamespace.TestClass5" name="Test2445" />
    </UnitTest>
    <UnitTest name="Test2446" id="6ad8901b-c259-476a-b03d-80f8f9de0b80" storage="TestAssembly.dll">
      <Execution id="144a6b1c-5aac-4e4f-ab72-04000c57c2d4" />
      <TestMethod codeBase="TestAssembly.dll" className="TestNamespace.TestClass5" name="Test2446" />
    </UnitTest>
    <UnitTest name="Test2447" id="25e73769-8591-40d0-80cc-899d567254f8" storage="TestAssembly.dll">
      <Execution id="64cf7a15-a591-4140-b578-f739079ea029" />
      <TestMethod codeBase="TestAssembly.dll" className="TestNamespace.TestClass5" name="Test2447" />
    </UnitTest>
    <UnitTest name="Test2448" id="cdf885af-3fef-45b6-b537-a789e2bd763d" storage="TestAssembly.dll">
      <Execution id="2d6affd4-5e20-47b8-9745-655e70462c76" />
      <TestMethod codeBase="TestAssembly.dll" className="TestNamespace.TestClass5" name="Test2448" />
    </UnitTest>
    <UnitTest name="Test2449" id="784f8c48-28e2-4410-8e34-38cc62871a7d" storage="TestAssembly.dll">
      <Execution id="368be440-ec2e-4968-8a50-511481e8350c" />
      <TestMethod codeBase="TestAssembly.dll" className="TestNamespace.TestClass5" name="Test2449" />
    </UnitTest>
    <UnitTest name="Test2450" id="b31ddb2e-512b-4540-be11-337b8b8d4589" storage="TestAssembly.dll">
      <Execution id="05f25411-d7cd-4e6b-a90a-0b678f54ceb9" />
      <TestMethod codeBase="TestAssembly.dll" className="TestNamespace.TestClass5" name="Test2450" />
    </UnitTest>
    <UnitTest name="Test2451" id="e7bd4651-2afc-459e-be58-f886c2c16d5c" storage="TestAssembly.dll">
      <Execution id="7f161b69-0a89-455d-9111-4cb1007cd204" />
      <TestMethod codeBase="TestAssembly.dll" className="TestNamespace.TestClass6" name="Test2451" />
    </UnitTest>
    <UnitTest name="Test2452" id="0bb9a08b-b4dc-4f43-818d-a14d64e1a452" storage="TestAssembly.dll">
      <Execution id="0912184d-a9cd-45ce-91e9-ac4b002260a3" />
      <TestMethod codeBase="TestAssembly.dll" className="TestNamespace.TestClass6" name="Test2452" />
    </UnitTest>
    <UnitTest name="Test2453" id="4e3f856a-c44d-4a3c-9938-75f5c550b3f4" storage="TestAssembly.dll">
      <Execution id="0db8413e-08df-41bb-be2e-3783fa440991" />
      <TestMethod codeBase="TestAssembly.dll" className="TestNamespace.TestClass6" name="Test2453" />
    </UnitTest>
    <UnitTest name="Test2454" id="24392cd4-49d9-4369-a80b-e327c57036a6" storage="TestAssembly.dll">
      <Execution id="44816fc9-fade-4aa9-8d55-26181c636db6" />
      <TestMethod codeBase="TestAssembly.dll" className="TestNamespace.TestClass6" name="Test2454" />
    </UnitTest>
    <UnitTest name="Test2455" id="651d81dc-f977-4f2c-b13e-9e191560737c" storage="TestAssembly.dll">
      <Execution id="1036458e-c408-4bec-8f9b-5a340ea246dc" />
      <TestMethod codeBase="TestAssembly.dll" className="TestNamespace.TestClass6" name="Test2455" />
    </UnitTest>
    <UnitTest name="Test2456" id="3620678d-60c6-4fff-b3d2-5fde86067058" storage="TestAssembly.dll">
      <Execution id="c7299a96-4cfe-44e9-a845-5524eb5646d5" />
      <TestMethod codeBase="TestAssembly.dll" className="TestNamespace.TestClass6" name="Test2456" />
    </UnitTest>
    <UnitTest name="Test2457" id="ac20c531-19dd-4abe-90ec-fca7e6664f7e" storage="TestAssembly.dll">
      <Execution id="bdbdbbb0-b3e6-4b6f-a1f5-d1cf77924878" />
      <TestMethod codeBase="TestAssembly.dll" className="TestNamespace.TestClass6" name="Test2457" />
    </UnitTest>
    <UnitTest name="Test2458" id="d434cb29-00e6-419b-a316-f8fecee5edb0" storage="TestAssembly.dll">
      <Execution id="703be507-52cb-4e99-b617-dad740f62775" />
      <TestMethod codeBase="TestAssembly.dll" className="TestNamespace.TestClass6" name="Test2458" />
    </UnitTest>
    <UnitTest name="Test2459" id="abf9b649-c399-47b9-b7fe-42d7a6f83c28" storage="TestAssembly.dll">
      <Execution id="43c50a83-4bf0-46d4-9442-a632ce17d207" />
      <TestMethod codeBase="TestAssembly.dll" className="TestNamespace.TestClass6" name="Test2459" />
    </UnitTest>
    <UnitTest name="Test2460" id="c368c0d1-86d4-4745-873e-382f2fac9973" storage="TestAssembly.dll">
      <Execution id="38656e86-73c9-44b7-a040-cfe8b16d8f04" />
      <TestMethod codeBase="TestAssembly.dll" className="TestNamespace.TestClass6" name="Test2460" />
    </UnitTest>
    <UnitTest name="Test2461" id="88ee10f5-1b53-4c29-898c-8301e5faedd4" storage="TestAssembly.dll">
      <Execution id="12ab7d12-351f-430c-9163-c5347aed4dcd" />
      <TestMethod codeBase="TestAssembly.dll" className="TestNamespace.TestClass7" name="Test2461" />
    </UnitTest>
    <UnitTest name="Test2462" id="0537e436-be7c-4ef9-a99f-194bc023f7ec" storage="TestAssembly.dll">
      <Execution id="19382d5d-1374-4ad8-8c33-7cbf9dde35a7" />
      <TestMethod codeBase="TestAssembly.dll" className="TestNamespace.TestClass7" name="Test2462" />
    </UnitTest>
    <UnitTest name="Test2463" id="2244cd3f-578e-4aca-8ae5-2c7fead88d1b" storage="TestAssembly.dll">
      <Execution id="324c71a8-c1e1-40c2-965a-f377f219467c" />
      <TestMethod codeBase="TestAssembly.dll" className="TestNamespace.TestClass7" name="Test2463" />
    </UnitTest>
    <UnitTest name="Test2464" id="c17312f6-1b52-467c-a9fa-5f9f8e20c21e" storage="TestAssembly.dll">
      <Execution id="56ca7eaf-1c93-4c69-8de2-066d4ff4d415" />
      <TestMethod codeBase="TestAssembly.dll" className="TestNamespace.TestClass7" name="Test2464" />
    </UnitTest>
    <UnitTest name="Test2465" id="15300567-a834-4a47-b3a4-c4224969a1da" storage="TestAssembly.dll">
      <Execution id="44a409a0-28a3-4c8f-adb1-7d2a530b25ac" />
      <TestMethod codeBase="TestAssembly.dll" className="TestNamespace.TestClass7" name="Test2465" />
    </UnitTest>
    <UnitTest name="Test2466" id="d0344da9-5d28-46b5-8dfb-19aefaa95066" storage="TestAssembly.dll">
      <Execution id="8fc752f7-3791-44c9-a0a9-663f9b7d3ddc" />
      <TestMethod codeBase="TestAssembly.dll" className="TestNamespace.TestClass7" name="Test2466" />
    </UnitTest>
    <UnitTest name="Test2467" id="48386d8c-8eb2-45e8-a4d5-c8585d8e735c" storage="TestAssembly.dll">
      <Execution id="b010c869-2db4-41a0-a8ee-626ca407555b" />
      <TestMethod codeBase="TestAssembly.dll" className="TestNamespace.TestClass7" name="Test2467" />
    </UnitTest>
    <UnitTest name="Test2468" id="653c9d46-b64d-4629-93ec-d52166343397" storage="TestAssembly.dll">
      <Execution id="ccd9b8ec-8204-47e9-b55e-4e9e6202898b" />
      <TestMethod codeBase="TestAssembly.dll" className="TestNamespace.TestClass7" name="Test2468" />
    </UnitTest>
    <UnitTest name="Test2469" id="3ee93e07-adb9-4d67-8335-23f6e54cb696" storage="TestAssembly.dll">
      <Execution id="4f6f6c58-b1f0-4247-be10-03214f3c0288" />
      <TestMethod codeBase="TestAssembly.dll" className="TestNamespace.TestClass7" name="Test2469" />
    </UnitTest>
    <UnitTest name="Test2470" id="dbb62285-aeae-4597-823b-986a295ca8d9" storage="TestAssembly.dll">
      <Execution id="8a43eed9-512f-46f9-bc19-4f74183045fd" />
      <TestMethod codeBase="TestAssembly.dll" className="TestNamespace.TestClass7" name="Test2470" />
    </UnitTest>
    <UnitTest name="Test2471" id="902ecbff-d935-4440-ac90-10190def7b9c" storage="TestAssembly.dll">
      <Execution id="170ae527-7682-41dd-8498-0d67dffc27d5" />
      <TestMethod codeBase="TestAssembly.dll" className="TestNamespace.TestClass8" name="Test2471" />
    </UnitTest>
    <UnitTest name="Test2472" id="0b754849-af8b-427d-a7b6-fddf6eccf43c" storage="TestAssembly.dll">
      <Execution id="11176d58-375a-4cdd-84dc-57b7ba5ed9bd" />
      <TestMethod codeBase="TestAssembly.dll" className="TestNamespace.TestClass8" name="Test2472" />
    </UnitTest>
    <UnitTest name="Test2473" id="5075d71e-54ad-4b3f-a4a5-d67313093660" storage="TestAssembly.dll">
      <Execution id="f7a50cfb-8434-4e63-8419-74baa7b3c8e2" />
      <TestMethod codeBase="TestAssembly.dll" className="TestNamespace.TestClass8" name="Test2473" />
    </UnitTest>
    <UnitTest name="Test2474" id="795f292a-6bea-4288-b8ff-5693fffeca0c" storage="TestAssembly.dll">
      <Execution id="af7a4bd7-f62b-42c3-8e25-c867aea12161" />
      <TestMethod codeBase="TestAssembly.dll" className="TestNamespace.TestClass8" name="Test2474" />
    </UnitTest>
    <UnitTest name="Test2475" id="bb56bc79-b3be-4298-ade9-07f315ab4f44" storage="TestAssembly.dll">
      <Execution id="69d7e4c0-e544-4628-8e63-d0d23fc4bd9a" />
      <TestMethod codeBase="TestAssembly.dll" className="TestNamespace.TestClass8" name="Test2475" />
    </UnitTest>
    <UnitTest name="Test2476" id="608860f3-afbf-4960-818c-bc9c3779d3d2" storage="TestAssembly.dll">
      <Execution id="0185ca20-61db-4e26-a9fd-1def0bc64b07" />
      <TestMethod codeBase="TestAssembly.dll" className="TestNamespace.TestClass8" name="Test2476" />
    </UnitTest>
    <UnitTest name="Test2477" id="2f9b5dca-51ae-4af2-a1ea-a6490458f495" storage="TestAssembly.dll">
      <Execution id="1d9a6caf-7d59-4935-80f7-cc54cac9c490" />
      <TestMethod codeBase="TestAssembly.dll" className="TestNamespace.TestClass8" name="Test2477" />
    </UnitTest>
    <UnitTest name="Test2478" id="5dd2eb11-92c7-4ad2-950a-ebcb21cdc6f4" storage="TestAssembly.dll">
      <Execution id="139a18da-2111-48cc-a74f-331233bd3fb7" />
      <TestMethod codeBase="TestAssembly.dll" className="TestNamespace.TestClass8" name="Test2478" />
    </UnitTest>
    <UnitTest name="Test2479" id="aa923b50-c146-4b20-a651-d8bfcf5466ee" storage="TestAssembly.dll">
      <Execution id="fecf0de6-bd60-4269-afa7-930a300bf3ea" />
      <TestMethod codeBase="TestAssembly.dll" className="TestNamespace.TestClass8" name="Test2479" />
    </UnitTest>
    <UnitTest name="Test2480" id="2a4ff2e7-7fcf-4481-aa4d-7e4d9a671434" storage="TestAssembly.dll">
      <Execution id="4c7abc2d-5c28-4f4d-aaf0-70983c10b45e" />
      <TestMethod codeBase="TestAssembly.dll" className="TestNamespace.TestClass8" name="Test2480" />
    </UnitTest>
    <UnitTest name="Test2481" id="55b7339a-5ea6-4f48-8277-8a95962602bb" storage="TestAssembly.dll">
      <Execution id="64bd1ddb-e36b-4c19-87ec-58a8591eb20c" />
      <TestMethod codeBase="TestAssembly.dll" className="TestNamespace.TestClass9" name="Test2481" />
    </UnitTest>
    <UnitTest name="Test2482" id="62065764-e67b-4341-bbbe-617507f6d956" storage="TestAssembly.dll">
      <Execution id="f2d78453-c504-4bf1-aa5c-1dece2ea665c" />
      <TestMethod codeBase="TestAssembly.dll" className="TestNamespace.TestClass9" name="Test2482" />
    </UnitTest>
    <UnitTest name="Test2483" id="efb0df3c-08d8-46fb-be9a-f6204a66988c" storage="TestAssembly.dll">
      <Execution id="c91d8ea2-ef44-45dd-a171-26443c23de43" />
      <TestMethod codeBase="TestAssembly.dll" className="TestNamespace.TestClass9" name="Test2483" />
    </UnitTest>
    <UnitTest name="Test2484" id="617dfdfd-17a2-4fef-89da-9717425c13c8" storage="TestAssembly.dll">
      <Execution id="fd2009c6-cddd-4255-b969-5027125f17a7" />
      <TestMethod codeBase="TestAssembly.dll" className="TestNamespace.TestClass9" name="Test2484" />
    </UnitTest>
    <UnitTest name="Test2485" id="0fb65458-60b5-4581-aa3a-a3510c6715b7" storage="TestAssembly.dll">
      <Execution id="881c4faf-b41a-40a8-a6c7-f132acb8900f" />
      <TestMethod codeBase="TestAssembly.dll" className="TestNamespace.TestClass9" name="Test2485" />
    </UnitTest>
    <UnitTest name="Test2486" id="2e35617b-8bf5-403b-b8c6-549e9d508d69" storage="TestAssembly.dll">
      <Execution id="9a07c97a-7b7b-4fa5-b319-19de7bba329d" />
      <TestMethod codeBase="TestAssembly.dll" className="TestNamespace.TestClass9" name="Test2486" />
    </UnitTest>
    <UnitTest name="Test2487" id="c17c52de-2ef6-4a5a-b960-a4bb47f517ad" storage="TestAssembly.dll">
      <Execution id="9e82fe3f-4f3d-406c-b8f6-6e7f2798f859" />
      <TestMethod codeBase="TestAssembly.dll" className="TestNamespace.TestClass9" name="Test2487" />
    </UnitTest>
    <UnitTest name="Test2488" id="fc5abddc-08fe-4543-919a-951515a0467b" storage="TestAssembly.dll">
      <Execution id="caac47c3-1244-4267-ad3e-ec6c71cdb50d" />
      <TestMethod codeBase="TestAssembly.dll" className="TestNamespace.TestClass9" name="Test2488" />
    </UnitTest>
    <UnitTest name="Test2489" id="27fe2236-0847-4875-a07b-9954cf5df3b6" storage="TestAssembly.dll">
      <Execution id="58671a1a-8c4e-486b-a840-cfbd80bd93e9" />
      <TestMethod codeBase="TestAssembly.dll" className="TestNamespace.TestClass9" name="Test2489" />
    </UnitTest>
    <UnitTest name="Test2490" id="db785d2e-1666-4cb0-be35-00e00508eb81" storage="TestAssembly.dll">
      <Execution id="45df30ab-4b1f-462b-9894-dd70f57d1751" />
      <TestMethod codeBase="TestAssembly.dll" className="TestNamespace.TestClass9" name="Test2490" />
    </UnitTest>
    <UnitTest name="Test2491" id="f008be6e-2010-472f-99c4-9dcfb82ec927" storage="TestAssembly.dll">
      <Execution id="ec84dba5-70e5-4009-979c-9ccc6346715c" />
      <TestMethod codeBase="TestAssembly.dll" className="TestNamespace.TestClass10" name="Test2491" />
    </UnitTest>
    <UnitTest name="Test2492" id="b63a2432-777c-4abb-92ba-568b7f0b1377" storage="TestAssembly.dll">
      <Execution id="658de208-7559-4ee6-84f3-b1d78d0732c3" />
      <TestMethod codeBase="TestAssembly.dll" className="TestNamespace.TestClass10" name="Test2492" />
    </UnitTest>
    <UnitTest name="Test2493" id="faf7aee7-5bcd-4d06-a257-d60d77aaa76e" storage="TestAssembly.dll">
      <Execution id="6435c8d2-4871-445f-bc9f-c5a7c594f45e" />
      <TestMethod codeBase="TestAssembly.dll" className="TestNamespace.TestClass10" name="Test2493" />
    </UnitTest>
    <UnitTest name="Test2494" id="b1aeeb80-5467-4d28-911b-f6ca92b2cf2b" storage="TestAssembly.dll">
      <Execution id="7a075557-e6b7-471b-82fd-6978f6b234b8" />
      <TestMethod codeBase="TestAssembly.dll" className="TestNamespace.TestClass10" name="Test2494" />
    </UnitTest>
    <UnitTest name="Test2495" id="dd176bf8-6372-4450-bf2b-8499495e6e8b" storage="TestAssembly.dll">
      <Execution id="ee9734a7-89a8-4a67-bac1-2545397d2274" />
      <TestMethod codeBase="TestAssembly.dll" className="TestNamespace.TestClass10" name="Test2495" />
    </UnitTest>
    <UnitTest name="Test2496" id="fbd95c49-6038-41d5-946c-31b2ab6e23bd" storage="TestAssembly.dll">
      <Execution id="6087bccf-9444-4455-9b37-ff14750eb541" />
      <TestMethod codeBase="TestAssembly.dll" className="TestNamespace.TestClass10" name="Test2496" />
    </UnitTest>
    <UnitTest name="Test2497" id="6dbfd5f3-2fab-481a-b6ea-58973b22064f" storage="TestAssembly.dll">
      <Execution id="aa060edc-fdff-4d77-95f7-a8a8e9a1bd62" />
      <TestMethod codeBase="TestAssembly.dll" className="TestNamespace.TestClass10" name="Test2497" />
    </UnitTest>
    <UnitTest name="Test2498" id="59d6bbc8-d05d-4979-a20e-37a47c483ad3" storage="TestAssembly.dll">
      <Execution id="1f6cd41c-f12d-4873-b2ca-12f96075ea4f" />
      <TestMethod codeBase="TestAssembly.dll" className="TestNamespace.TestClass10" name="Test2498" />
    </UnitTest>
    <UnitTest name="Test2499" id="b7f457c4-25e1-4748-b2cf-b28a6f3a113d" storage="TestAssembly.dll">
      <Execution id="37edd9f4-7cef-43d5-95fd-b754487180c8" />
      <TestMethod codeBase="TestAssembly.dll" className="TestNamespace.TestClass10" name="Test2499" />
    </UnitTest>
    <UnitTest name="Test2500" id="ccb9a61e-edcf-4e43-8d1e-0c349518c85f" storage="TestAssembly.dll">
      <Execution id="3e1fb598-f76b-4060-947f-36e08069b63c" />
      <TestMethod codeBase="TestAssembly.dll" className="TestNamespace.TestClass10" name="Test2500" />
    </UnitTest>
  </TestDefinitions>
  <TestEntries>
    <TestEntry testId="5a13579c-db47-40a8-9797-93d70e190324" executionId="8ab1f335-220e-4b2a-bfeb-6b2a68e9d54f" testListId="12cc3fd0-558e-4545-97a8-f5aa8d09f2e9" />
    <TestEntry testId="c5db0bbb-1490-42fe-9754-e84bde2ec292" executionId="6504ff3e-1346-41f9-81ed-a33160eeecc4" testListId="12cc3fd0-558e-4545-97a8-f5aa8d09f2e9" />
    <TestEntry testId="1dd9ebdc-7703-40bd-bebe-e2194c2d9fbd" executionId="e661b7f3-caf2-4bbb-b44b-2427eb3b2fb1" testListId="12cc3fd0-558e-4545-97a8-f5aa8d09f2e9" />
    <TestEntry testId="2533f374-e184-4d51-9b1f-e6f0e620c5d9" executionId="0994500c-6f32-443a-a4e8-d85d9a89915a" testListId="12cc3fd0-558e-4545-97a8-f5aa8d09f2e9" />
    <TestEntry testId="e7f7bd84-0fd9-4d4d-9b65-3ef9da964e31" executionId="8c7dd247-d59c-4005-a2b8-99daf69e3ce0" testListId="12cc3fd0-558e-4545-97a8-f5aa8d09f2e9" />
    <TestEntry testId="390a5474-0116-42aa-ad4d-45d57b7c6117" executionId="0b52c17e-b75e-402f-ada6-d695965732e3" testListId="12cc3fd0-558e-4545-97a8-f5aa8d09f2e9" />
    <TestEntry testId="489b0c5d-f7dc-4833-b85e-7a85fa3404a6" executionId="a9a14055-2ad4-4c39-a9c4-add398583b20" testListId="12cc3fd0-558e-4545-97a8-f5aa8d09f2e9" />
    <TestEntry testId="ec51b480-a964-4227-9d1e-54284e43af20" executionId="4f7283b7-38a3-4833-9a1d-0b180025c6c8" testListId="12cc3fd0-558e-4545-97a8-f5aa8d09f2e9" />
    <TestEntry testId="ae5e1405-aeb1-4b03-b884-f9787e40c798" executionId="eac0e3dc-ec6e-4664-9cce-c9f119e56d83" testListId="12cc3fd0-558e-4545-97a8-f5aa8d09f2e9" />
    <TestEntry testId="6078e6d5-ded2-4328-bd9e-bcaba0b19e41" executionId="5ac04a42-2bdf-476f-896f-99c071e999a1" testListId="12cc3fd0-558e-4545-97a8-f5aa8d09f2e9" />
    <TestEntry testId="1cdadf35-cb8a-42fd-b489-996b01c597d0" executionId="2099f3a0-3f64-4432-aeda-da96ae75b082" testListId="12cc3fd0-558e-4545-97a8-f5aa8d09f2e9" />
    <TestEntry testId="2d783cbd-5376-402b-a58a-4ba0488a615a" executionId="942fe047-01a9-4f60-af68-92bd86499c07" testListId="12cc3fd0-558e-4545-97a8-f5aa8d09f2e9" />
    <TestEntry testId="2275803f-9608-4a1a-bc1f-b5736120966d" executionId="baed4fd0-a267-419a-99bc-3f07524c609a" testListId="12cc3fd0-558e-4545-97a8-f5aa8d09f2e9" />
    <TestEntry testId="4b982e69-d6c3-4228-bdf3-3f9ed5b6cc25" executionId="67c37699-8cdc-4a46-b161-1ba132b1143a" testListId="12cc3fd0-558e-4545-97a8-f5aa8d09f2e9" />
    <TestEntry testId="06df1cdb-0a1f-4e90-b103-388d13241106" executionId="cdc1d710-c586-406b-80b3-a6dcc01c3f1e" testListId="12cc3fd0-558e-4545-97a8-f5aa8d09f2e9" />
    <TestEntry testId="282b2c72-69ec-40c7-93d6-53b7e15cd34e" executionId="af4ad171-7b14-47de-abc7-c85c70a9c23e" testListId="12cc3fd0-558e-4545-97a8-f5aa8d09f2e9" />
    <TestEntry testId="8a8bd6f2-47af-4755-8a8e-7eaca0fc56c8" executionId="997ed272-8d8d-4981-b12d-851f2b1683e2" testListId="12cc3fd0-558e-4545-97a8-f5aa8d09f2e9" />
    <TestEntry testId="dc7c7ebd-658d-4d1a-95c1-ddb023948fe4" executionId="880735c7-1d25-4e99-ab38-850f1d623d33" testListId="12cc3fd0-558e-4545-97a8-f5aa8d09f2e9" />
    <TestEntry testId="cc6c0d86-b8f3-4068-9cdf-6e975126813b" executionId="8e3a1e3f-3f1d-4f05-9102-2d3b70acece6" testListId="12cc3fd0-558e-4545-97a8-f5aa8d09f2e9" />
    <TestEntry testId="8f103532-1f6b-4d8f-8a76-056d9ff3c25a" executionId="d6483a56-fcf0-4e4b-b3e8-7c0006481e5e" testListId="12cc3fd0-558e-4545-97a8-f5aa8d09f2e9" />
    <TestEntry testId="fbee6be2-b473-427b-92a1-607f83370131" executionId="e75b6b6a-abd5-4f1e-afaf-4aa0a6c27a43" testListId="12cc3fd0-558e-4545-97a8-f5aa8d09f2e9" />
    <TestEntry testId="47b64797-3051-487c-9c74-7fda85752f18" executionId="511098e0-93f0-44f1-92cc-b675d733ca34" testListId="12cc3fd0-558e-4545-97a8-f5aa8d09f2e9" />
    <TestEntry testId="cf9ab643-5bd2-4037-b706-241d7e67b3aa" executionId="91e3da09-3f29-40f3-b411-928a186e5f5b" testListId="12cc3fd0-558e-4545-97a8-f5aa8d09f2e9" />
    <TestEntry testId="82758a39-3205-4048-87ac-d719c8ae915a" executionId="6bfc2072-a60e-4054-b6b3-cb25743490d2" testListId="12cc3fd0-558e-4545-97a8-f5aa8d09f2e9" />
    <TestEntry testId="6d50415c-713c-4a27-815d-8aea3fe3bed5" executionId="5fdbdb99-11bd-46d6-9427-6ee7eca1973d" testListId="12cc3fd0-558e-4545-97a8-f5aa8d09f2e9" />
    <TestEntry testId="df86d2fa-866e-4edd-aeff-aa10adc773e9" executionId="a58bb1ae-7720-49a0-9aa6-c2103e80f742" testListId="12cc3fd0-558e-4545-97a8-f5aa8d09f2e9" />
    <TestEntry testId="69ccdb80-86d2-4ef8-a2fa-cf6862816101" executionId="9fcb0fed-d50c-42c0-973f-bc565ee61d73" testListId="12cc3fd0-558e-4545-97a8-f5aa8d09f2e9" />
    <TestEntry testId="18ef336a-018d-4411-9dd7-6b51dcdb0469" executionId="6960fd37-07e9-4301-b0fb-2c27c674bc3f" testListId="12cc3fd0-558e-4545-97a8-f5aa8d09f2e9" />
    <TestEntry testId="a16f564b-eff2-49de-9284-7a52b4b417b5" executionId="de4bc23f-edbb-4e00-8318-fac1f00ee4c6" testListId="12cc3fd0-558e-4545-97a8-f5aa8d09f2e9" />
    <TestEntry testId="0d7c53e6-5932-4a87-ac04-bd77bca6807b" executionId="77921a19-276a-471e-9f00-744ddecbd2f5" testListId="12cc3fd0-558e-4545-97a8-f5aa8d09f2e9" />
    <TestEntry testId="28b00780-1695-47f1-b8e7-db347223873b" executionId="fb59ce7b-899a-483b-a67f-97ba193fd8b2" testListId="12cc3fd0-558e-4545-97a8-f5aa8d09f2e9" />
    <TestEntry testId="18ec5c9c-8f8f-4330-9e45-bdd38edd8f69" executionId="48061e1b-51e3-4ad3-bf12-3e874562ebdf" testListId="12cc3fd0-558e-4545-97a8-f5aa8d09f2e9" />
    <TestEntry testId="4cc05da3-ada0-4180-880c-f8e677a0db4f" executionId="7aba77f8-803d-442e-ad39-00cbe525af3c" testListId="12cc3fd0-558e-4545-97a8-f5aa8d09f2e9" />
    <TestEntry testId="76b57516-c0ab-4fc5-abfb-b3f6a5a83613" executionId="bd295cd5-3540-437d-a04d-6f7a65eac76f" testListId="12cc3fd0-558e-4545-97a8-f5aa8d09f2e9" />
    <TestEntry testId="ae8ea15e-7953-4d5f-b162-b2927a51ae1d" executionId="15f68d41-15af-4580-be7d-c38babba676a" testListId="12cc3fd0-558e-4545-97a8-f5aa8d09f2e9" />
    <TestEntry testId="8277182c-0392-4955-a4cb-9653ce3e8f23" executionId="7d21bf81-f26f-4a4c-a710-425c2a9c8edd" testListId="12cc3fd0-558e-4545-97a8-f5aa8d09f2e9" />
    <TestEntry testId="28036ce0-4897-4c75-ba10-39eb0ce1abdb" executionId="fc727cb0-7933-4ecb-8746-686138d4b7f5" testListId="12cc3fd0-558e-4545-97a8-f5aa8d09f2e9" />
    <TestEntry testId="f6f78267-3bb5-41ee-a63a-ab72d3af570a" executionId="88dc65af-8b97-4645-8f0f-633cb57129dd" testListId="12cc3fd0-558e-4545-97a8-f5aa8d09f2e9" />
    <TestEntry testId="cdb3c331-685e-47ae-b08e-6d56fafaeed1" executionId="5fdb2138-3164-401f-a94b-1fa8d93fd85e" testListId="12cc3fd0-558e-4545-97a8-f5aa8d09f2e9" />
    <TestEntry testId="1192ab9d-823e-4226-b209-40e8431a52ff" executionId="e02a246c-ae1a-483d-a6e4-ef4295e05fd5" testListId="12cc3fd0-558e-4545-97a8-f5aa8d09f2e9" />
    <TestEntry testId="8991ae11-c207-4498-b0b0-000b3f064f3a" executionId="e39b8227-87e2-4d09-92cd-9580a97b8d06" testListId="12cc3fd0-558e-4545-97a8-f5aa8d09f2e9" />
    <TestEntry testId="3a7509e2-e863-474b-a70c-f42f416e5bf4" executionId="9906bc3d-d7db-4a7c-9e2a-fbd2b054e08e" testListId="12cc3fd0-558e-4545-97a8-f5aa8d09f2e9" />
    <TestEntry testId="e2c707ac-e421-4e73-b636-bef2001c84a9" executionId="476b9257-a486-4a36-88ee-708b910030fd" testListId="12cc3fd0-558e-4545-97a8-f5aa8d09f2e9" />
    <TestEntry testId="c15bcc93-28f5-4921-ae75-786d82dab3d5" executionId="0e396024-0e01-484a-be7c-886ac49c9945" testListId="12cc3fd0-558e-4545-97a8-f5aa8d09f2e9" />
    <TestEntry testId="80d8782c-fd69-458e-8069-6afb34515077" executionId="76541ac8-0ad6-4d04-8026-5c99a8c95e36" testListId="12cc3fd0-558e-4545-97a8-f5aa8d09f2e9" />
    <TestEntry testId="6ad8901b-c259-476a-b03d-80f8f9de0b80" executionId="144a6b1c-5aac-4e4f-ab72-04000c57c2d4" testListId="12cc3fd0-558e-4545-97a8-f5aa8d09f2e9" />
    <TestEntry testId="25e73769-8591-40d0-80cc-899d567254f8" executionId="64cf7a15-a591-4140-b578-f739079ea029" testListId="12cc3fd0-558e-4545-97a8-f5aa8d09f2e9" />
    <TestEntry testId="cdf885af-3fef-45b6-b537-a789e2bd763d" executionId="2d6affd4-5e20-47b8-9745-655e70462c76" testListId="12cc3fd0-558e-4545-97a8-f5aa8d09f2e9" />
    <TestEntry testId="784f8c48-28e2-4410-8e34-38cc62871a7d" executionId="368be440-ec2e-4968-8a50-511481e8350c" testListId="12cc3fd0-558e-4545-97a8-f5aa8d09f2e9" />
    <TestEntry testId="b31ddb2e-512b-4540-be11-337b8b8d4589" executionId="05f25411-d7cd-4e6b-a90a-0b678f54ceb9" testListId="12cc3fd0-558e-4545-97a8-f5aa8d09f2e9" />
    <TestEntry testId="e7bd4651-2afc-459e-be58-f886c2c16d5c" executionId="7f161b69-0a89-455d-9111-4cb1007cd204" testListId="12cc3fd0-558e-4545-97a8-f5aa8d09f2e9" />
    <TestEntry testId="0bb9a08b-b4dc-4f43-818d-a14d64e1a452" executionId="0912184d-a9cd-45ce-91e9-ac4b002260a3" testListId="12cc3fd0-558e-4545-97a8-f5aa8d09f2e9" />
    <TestEntry testId="4e3f856a-c44d-4a3c-9938-75f5c550b3f4" executionId="0db8413e-08df-41bb-be2e-3783fa440991" testListId="12cc3fd0-558e-4545-97a8-f5aa8d09f2e9" />
    <TestEntry testId="24392cd4-49d9-4369-a80b-e327c57036a6" executionId="44816fc9-fade-4aa9-8d55-26181c636db6" testListId="12cc3fd0-558e-4545-97a8-f5aa8d09f2e9" />
    <TestEntry testId="651d81dc-f977-4f2c-b13e-9e191560737c" executionId="1036458e-c408-4bec-8f9b-5a340ea246dc" testListId="12cc3fd0-558e-4545-97a8-f5aa8d09f2e9" />
    <TestEntry testId="3620678d-60c6-4fff-b3d2-5fde86067058" executionId="c7299a96-4cfe-44e9-a845-5524eb5646d5" testListId="12cc3fd0-558e-4545-97a8-f5aa8d09f2e9" />
    <TestEntry testId="ac20c531-19dd-4abe-90ec-fca7e6664f7e" executionId="bdbdbbb0-b3e6-4b6f-a1f5-d1cf77924878" testListId="12cc3fd0-558e-4545-97a8-f5aa8d09f2e9" />
    <TestEntry testId="d434cb29-00e6-419b-a316-f8fecee5edb0" executionId="703be507-52cb-4e99-b617-dad740f62775" testListId="12cc3fd0-558e-4545-97a8-f5aa8d09f2e9" />
    <TestEntry testId="abf9b649-c399-47b9-b7fe-42d7a6f83c28" executionId="43c50a83-4bf0-46d4-9442-a632ce17d207" testListId="12cc3fd0-558e-4545-97a8-f5aa8d09f2e9" />
    <TestEntry testId="c368c0d1-86d4-4745-873e-382f2fac9973" executionId="38656e86-73c9-44b7-a040-cfe8b16d8f04" testListId="12cc3fd0-558e-4545-97a8-f5aa8d09f2e9" />
    <TestEntry testId="88ee10f5-1b53-4c29-898c-8301e5faedd4" executionId="12ab7d12-351f-430c-9163-c5347aed4dcd" testListId="12cc3fd0-558e-4545-97a8-f5aa8d09f2e9" />
    <TestEntry testId="0537e436-be7c-4ef9-a99f-194bc023f7ec" executionId="19382d5d-1374-4ad8-8c33-7cbf9dde35a7" testListId="12cc3fd0-558e-4545-97a8-f5aa8d09f2e9" />
    <TestEntry testId="2244cd3f-578e-4aca-8ae5-2c7fead88d1b" executionId="324c71a8-c1e1-40c2-965a-f377f219467c" testListId="12cc3fd0-558e-4545-97a8-f5aa8d09f2e9" />
    <TestEntry testId="c17312f6-1b52-467c-a9fa-5f9f8e20c21e" executionId="56ca7eaf-1c93-4c69-8de2-066d4ff4d415" testListId="12cc3fd0-558e-4545-97a8-f5aa8d09f2e9" />
    <TestEntry testId="15300567-a834-4a47-b3a4-c4224969a1da" executionId="44a409a0-28a3-4c8f-adb1-7d2a530b25ac" testListId="12cc3fd0-558e-4545-97a8-f5aa8d09f2e9" />
    <TestEntry testId="d0344da9-5d28-46b5-8dfb-19aefaa95066" executionId="8fc752f7-3791-44c9-a0a9-663f9b7d3ddc" testListId="12cc3fd0-558e-4545-97a8-f5aa8d09f2e9" />
    <TestEntry testId="48386d8c-8eb2-45e8-a4d5-c8585d8e735c" executionId="b010c869-2db4-41a0-a8ee-626ca407555b" testListId="12cc3fd0-558e-4545-97a8-f5aa8d09f2e9" />
    <TestEntry testId="653c9d46-b64d-4629-93ec-d52166343397" executionId="ccd9b8ec-8204-47e9-b55e-4e9e6202898b" testListId="12cc3fd0-558e-4545-97a8-f5aa8d09f2e9" />
    <TestEntry testId="3ee93e07-adb9-4d67-8335-23f6e54cb696" executionId="4f6f6c58-b1f0-4247-be10-03214f3c0288" testListId="12cc3fd0-558e-4545-97a8-f5aa8d09f2e9" />
    <TestEntry testId="dbb62285-aeae-4597-823b-986a295ca8d9" executionId="8a43eed9-512f-46f9-bc19-4f74183045fd" testListId="12cc3fd0-558e-4545-97a8-f5aa8d09f2e9" />
    <TestEntry testId="902ecbff-d935-4440-ac90-10190def7b9c" executionId="170ae527-7682-41dd-8498-0d67dffc27d5" testListId="12cc3fd0-558e-4545-97a8-f5aa8d09f2e9" />
    <TestEntry testId="0b754849-af8b-427d-a7b6-fddf6eccf43c" executionId="11176d58-375a-4cdd-84dc-57b7ba5ed9bd" testListId="12cc3fd0-558e-4545-97a8-f5aa8d09f2e9" />
    <TestEntry testId="5075d71e-54ad-4b3f-a4a5-d67313093660" executionId="f7a50cfb-8434-4e63-8419-74baa7b3c8e2" testListId="12cc3fd0-558e-4545-97a8-f5aa8d09f2e9" />
    <TestEntry testId="795f292a-6bea-4288-b8ff-5693fffeca0c" executionId="af7a4bd7-f62b-42c3-8e25-c867aea12161" testListId="12cc3fd0-558e-4545-97a8-f5aa8d09f2e9" />
    <TestEntry testId="bb56bc79-b3be-4298-ade9-07f315ab4f44" executionId="69d7e4c0-e544-4628-8e63-d0d23fc4bd9a" testListId="12cc3fd0-558e-4545-97a8-f5aa8d09f2e9" />
    <TestEntry testId="608860f3-afbf-4960-818c-bc9c3779d3d2" executionId="0185ca20-61db-4e26-a9fd-1def0bc64b07" testListId="12cc3fd0-558e-4545-97a8-f5aa8d09f2e9" />
    <TestEntry testId="2f9b5dca-51ae-4af2-a1ea-a6490458f495" executionId="1d9a6caf-7d59-4935-80f7-cc54cac9c490" testListId="12cc3fd0-558e-4545-97a8-f5aa8d09f2e9" />
    <TestEntry testId="5dd2eb11-92c7-4ad2-950a-ebcb21cdc6f4" executionId="139a18da-2111-48cc-a74f-331233bd3fb7" testListId="12cc3fd0-558e-4545-97a8-f5aa8d09f2e9" />
    <TestEntry testId="aa923b50-c146-4b20-a651-d8bfcf5466ee" executionId="fecf0de6-bd60-4269-afa7-930a300bf3ea" testListId="12cc3fd0-558e-4545-97a8-f5aa8d09f2e9" />
    <TestEntry testId="2a4ff2e7-7fcf-4481-aa4d-7e4d9a671434" executionId="4c7abc2d-5c28-4f4d-aaf0-70983c10b45e" testListId="12cc3fd0-558e-4545-97a8-f5aa8d09f2e9" />
    <TestEntry testId="55b7339a-5ea6-4f48-8277-8a95962602bb" executionId="64bd1ddb-e36b-4c19-87ec-58a8591eb20c" testListId="12cc3fd0-558e-4545-97a8-f5aa8d09f2e9" />
    <TestEntry testId="62065764-e67b-4341-bbbe-617507f6d956" executionId="f2d78453-c504-4bf1-aa5c-1dece2ea665c" testListId="12cc3fd0-558e-4545-97a8-f5aa8d09f2e9" />
    <TestEntry testId="efb0df3c-08d8-46fb-be9a-f6204a66988c" executionId="c91d8ea2-ef44-45dd-a171-26443c23de43" testListId="12cc3fd0-558e-4545-97a8-f5aa8d09f2e9" />
    <TestEntry testId="617dfdfd-17a2-4fef-89da-9717425c13c8" executionId="fd2009c6-cddd-4255-b969-5027125f17a7" testListId="12cc3fd0-558e-4545-97a8-f5aa8d09f2e9" />
    <TestEntry testId="0fb65458-60b5-4581-aa3a-a3510c6715b7" executionId="881c4faf-b41a-40a8-a6c7-f132acb8900f" testListId="12cc3fd0-558e-4545-97a8-f5aa8d09f2e9" />
    <TestEntry testId="2e35617b-8bf5-403b-b8c6-549e9d508d69" executionId="9a07c97a-7b7b-4fa5-b319-19de7bba329d" testListId="12cc3fd0-558e-4545-97a8-f5aa8d09f2e9" />
    <TestEntry testId="c17c52de-2ef6-4a5a-b960-a4bb47f517ad" executionId="9e82fe3f-4f3d-406c-b8f6-6e7f2798f859" testListId="12cc3fd0-558e-4545-97a8-f5aa8d09f2e9" />
    <TestEntry testId="fc5abddc-08fe-4543-919a-951515a0467b" executionId="caac47c3-1244-4267-ad3e-ec6c71cdb50d" testListId="12cc3fd0-558e-4545-97a8-f5aa8d09f2e9" />
    <TestEntry testId="27fe2236-0847-4875-a07b-9954cf5df3b6" executionId="58671a1a-8c4e-486b-a840-cfbd80bd93e9" testListId="12cc3fd0-558e-4545-97a8-f5aa8d09f2e9" />
    <TestEntry testId="db785d2e-1666-4cb0-be35-00e00508eb81" executionId="45df30ab-4b1f-462b-9894-dd70f57d1751" testListId="12cc3fd0-558e-4545-97a8-f5aa8d09f2e9" />
    <TestEntry testId="f008be6e-2010-472f-99c4-9dcfb82ec927" executionId="ec84dba5-70e5-4009-979c-9ccc6346715c" testListId="12cc3fd0-558e-4545-97a8-f5aa8d09f2e9" />
    <TestEntry testId="b63a2432-777c-4abb-92ba-568b7f0b1377" executionId="658de208-7559-4ee6-84f3-b1d78d0732c3" testListId="12cc3fd0-558e-4545-97a8-f5aa8d09f2e9" />
    <TestEntry testId="faf7aee7-5bcd-4d06-a257-d60d77aaa76e" executionId="6435c8d2-4871-445f-bc9f-c5a7c594f45e" testListId="12cc3fd0-558e-4545-97a8-f5aa8d09f2e9" />
    <TestEntry testId="b1aeeb80-5467-4d28-911b-f6ca92b2cf2b" executionId="7a075557-e6b7-471b-82fd-6978f6b234b8" testListId="12cc3fd0-558e-4545-97a8-f5aa8d09f2e9" />
    <TestEntry testId="dd176bf8-6372-4450-bf2b-8499495e6e8b" executionId="ee9734a7-89a8-4a67-bac1-2545397d2274" testListId="12cc3fd0-558e-4545-97a8-f5aa8d09f2e9" />
    <TestEntry testId="fbd95c49-6038-41d5-946c-31b2ab6e23bd" executionId="6087bccf-9444-4455-9b37-ff14750eb541" testListId="12cc3fd0-558e-4545-97a8-f5aa8d09f2e9" />
    <TestEntry testId="6dbfd5f3-2fab-481a-b6ea-58973b22064f" executionId="aa060edc-fdff-4d77-95f7-a8a8e9a1bd62" testListId="12cc3fd0-558e-4545-97a8-f5aa8d09f2e9" />
    <TestEntry testId="59d6bbc8-d05d-4979-a20e-37a47c483ad3" executionId="1f6cd41c-f12d-4873-b2ca-12f96075ea4f" testListId="12cc3fd0-558e-4545-97a8-f5aa8d09f2e9" />
    <TestEntry testId="b7f457c4-25e1-4748-b2cf-b28a6f3a113d" executionId="37edd9f4-7cef-43d5-95fd-b754487180c8" testListId="12cc3fd0-558e-4545-97a8-f5aa8d09f2e9" />
    <TestEntry testId="ccb9a61e-edcf-4e43-8d1e-0c349518c85f" executionId="3e1fb598-f76b-4060-947f-36e08069b63c" testListId="12cc3fd0-558e-4545-97a8-f5aa8d09f2e9" />
  </TestEntries>
  <TestLists>
    <TestList name="Results Not in a List" id="12cc3fd0-558e-4545-97a8-f5aa8d09f2e9" />
    <TestList name="All Loaded Results" id="c80768c7-ee0b-42e8-8262-9eda10d0e137" />
  </TestLists>
</TestRun>