<?xml version="1.0" encoding="UTF-8"?>
<TestRun id="ec879ef5-fbd3-436e-8ad3-6a6d076a5a2f" name="Test Run 63" runUser="Oles Galatsan" xmlns="http://microsoft.com/schemas/VisualStudio/TeamTest/2010">
  <Times creation="2025-05-14T13:20:31.3125482Z" queuing="2025-05-14T13:20:31.3125482Z" start="2025-05-14T13:20:31.3146610Z" finish="2025-05-14T13:25:31.3147553Z" />
  <TestSettings name="Test Settings 63" id="8cc2070c-d488-4226-b19b-c9c2eebf24cf" />
  <Results>
    <UnitTestResult executionId="c6f36120-b8de-4569-aac6-07aef911d013" testId="840b576f-eb67-4e73-ae3e-e6d51b30a5fa" testName="Test6201" computerName="UA-LPT-OGA2" duration="00:00:00.4670000" startTime="2025-05-14T13:20:31.3146610Z" endTime="2025-05-14T13:25:31.3147553Z" testType="13cdc9d9-ddb5-4fa4-a97d-d965ccfc6d4b" outcome="Passed" testListId="5c826137-18f7-4c07-b810-ed78d37cce02" />
    <UnitTestResult executionId="29e3c5ad-dea0-4878-b2fa-dd13af01d8cb" testId="83595ead-216e-451f-87a8-c30184a0960d" testName="Test6202" computerName="UA-LPT-OGA2" duration="00:00:00.0280000" startTime="2025-05-14T13:20:31.3146610Z" endTime="2025-05-14T13:25:31.3147553Z" testType="13cdc9d9-ddb5-4fa4-a97d-d965ccfc6d4b" outcome="Passed" testListId="5c826137-18f7-4c07-b810-ed78d37cce02" />
    <UnitTestResult executionId="80be4e07-f4f2-4ce5-b202-8687006b0e2b" testId="b2cb9914-b80a-4bf3-90a2-7116b00200cb" testName="Test6203" computerName="UA-LPT-OGA2" duration="00:00:00.4850000" startTime="2025-05-14T13:20:31.3146610Z" endTime="2025-05-14T13:25:31.3147553Z" testType="13cdc9d9-ddb5-4fa4-a97d-d965ccfc6d4b" outcome="Passed" testListId="5c826137-18f7-4c07-b810-ed78d37cce02" />
    <UnitTestResult executionId="aeb10af9-18f2-4d25-94c6-2f2510385e61" testId="3de92ac7-96ad-497b-9ed5-ced6035c5770" testName="Test6204" computerName="UA-LPT-OGA2" duration="00:00:00.4580000" startTime="2025-05-14T13:20:31.3146610Z" endTime="2025-05-14T13:25:31.3147553Z" testType="13cdc9d9-ddb5-4fa4-a97d-d965ccfc6d4b" outcome="Passed" testListId="5c826137-18f7-4c07-b810-ed78d37cce02" />
    <UnitTestResult executionId="fa00e527-0128-437f-bde5-7049d1f4e40b" testId="6c477105-aab0-4885-9e20-3b0ce863766e" testName="Test6205" computerName="UA-LPT-OGA2" duration="00:00:01.2080000" startTime="2025-05-14T13:20:31.3146610Z" endTime="2025-05-14T13:25:31.3147553Z" testType="13cdc9d9-ddb5-4fa4-a97d-d965ccfc6d4b" outcome="Passed" testListId="5c826137-18f7-4c07-b810-ed78d37cce02" />
    <UnitTestResult executionId="a424baf3-51d9-476f-818c-faa10b337364" testId="f79f3f66-c9b4-4f55-8147-ca5803b8d0c4" testName="Test6206" computerName="UA-LPT-OGA2" duration="00:00:00.4180000" startTime="2025-05-14T13:20:31.3146610Z" endTime="2025-05-14T13:25:31.3147553Z" testType="13cdc9d9-ddb5-4fa4-a97d-d965ccfc6d4b" outcome="Passed" testListId="5c826137-18f7-4c07-b810-ed78d37cce02" />
    <UnitTestResult executionId="e1e75f4d-46b3-4611-a7e8-3e96a927b4b4" testId="2fcb19ac-b818-47ff-b12b-a3799ca0cb55" testName="Test6207" computerName="UA-LPT-OGA2" duration="00:00:01.3390000" startTime="2025-05-14T13:20:31.3146610Z" endTime="2025-05-14T13:25:31.3147553Z" testType="13cdc9d9-ddb5-4fa4-a97d-d965ccfc6d4b" outcome="Passed" testListId="5c826137-18f7-4c07-b810-ed78d37cce02" />
    <UnitTestResult executionId="61554fc3-789b-4aea-a98b-2edde596e11a" testId="4077815f-74be-4e41-982d-b7a8ef3d9360" testName="Test6208" computerName="UA-LPT-OGA2" duration="00:00:00.9280000" startTime="2025-05-14T13:20:31.3146610Z" endTime="2025-05-14T13:25:31.3147553Z" testType="13cdc9d9-ddb5-4fa4-a97d-d965ccfc6d4b" outcome="Passed" testListId="5c826137-18f7-4c07-b810-ed78d37cce02" />
    <UnitTestResult executionId="db923de9-c2e8-4ba1-a4a0-7c20d9774e08" testId="cdebd6d8-aa81-4aed-a162-24f8bfbb8ba0" testName="Test6209" computerName="UA-LPT-OGA2" duration="00:00:00.9210000" startTime="2025-05-14T13:20:31.3146610Z" endTime="2025-05-14T13:25:31.3147553Z" testType="13cdc9d9-ddb5-4fa4-a97d-d965ccfc6d4b" outcome="Passed" testListId="5c826137-18f7-4c07-b810-ed78d37cce02" />
    <UnitTestResult executionId="618a76ad-5ff3-488c-9f53-170d3158fa5d" testId="b3871dbb-e038-42e2-abbf-a41919e30156" testName="Test6210" computerName="UA-LPT-OGA2" duration="00:00:01.3750000" startTime="2025-05-14T13:20:31.3146610Z" endTime="2025-05-14T13:25:31.3147553Z" testType="13cdc9d9-ddb5-4fa4-a97d-d965ccfc6d4b" outcome="Passed" testListId="5c826137-18f7-4c07-b810-ed78d37cce02" />
    <UnitTestResult executionId="bd594d68-1e6b-4d83-8fc2-8551c17ceabb" testId="1d246a83-d9c5-40b7-b307-ac672aec6526" testName="Test6211" computerName="UA-LPT-OGA2" duration="00:00:00.7250000" startTime="2025-05-14T13:20:31.3146610Z" endTime="2025-05-14T13:25:31.3147553Z" testType="13cdc9d9-ddb5-4fa4-a97d-d965ccfc6d4b" outcome="Passed" testListId="5c826137-18f7-4c07-b810-ed78d37cce02" />
    <UnitTestResult executionId="63b33e20-5a42-4584-8bd3-b69937b991f4" testId="d6c27b21-1440-401f-9ba7-098161e61174" testName="Test6212" computerName="UA-LPT-OGA2" duration="00:00:01.6420000" startTime="2025-05-14T13:20:31.3146610Z" endTime="2025-05-14T13:25:31.3147553Z" testType="13cdc9d9-ddb5-4fa4-a97d-d965ccfc6d4b" outcome="Passed" testListId="5c826137-18f7-4c07-b810-ed78d37cce02" />
    <UnitTestResult executionId="d57c5b80-8dbe-45bc-8ee5-c44dd57e6aa8" testId="1bca47c1-4cff-498b-bca8-e3b7b57c4330" testName="Test6213" computerName="UA-LPT-OGA2" duration="00:00:00.2020000" startTime="2025-05-14T13:20:31.3146610Z" endTime="2025-05-14T13:25:31.3147553Z" testType="13cdc9d9-ddb5-4fa4-a97d-d965ccfc6d4b" outcome="Failed" testListId="5c826137-18f7-4c07-b810-ed78d37cce02">
      <Output>
        <ErrorInfo>
          <Message>Assertion failed: Expected value did not match actual value.</Message>
          <StackTrace>   at TestNamespace.TestClass.Test() in TestClass.cs:line 375</StackTrace>
        </ErrorInfo>
      </Output>
    </UnitTestResult>
    <UnitTestResult executionId="6ae306ad-9aca-427e-b83a-5b07ed8b2186" testId="d67beee5-6df0-493e-ba99-29e4f1f7790f" testName="Test6214" computerName="UA-LPT-OGA2" duration="00:00:01.4530000" startTime="2025-05-14T13:20:31.3146610Z" endTime="2025-05-14T13:25:31.3147553Z" testType="13cdc9d9-ddb5-4fa4-a97d-d965ccfc6d4b" outcome="Failed" testListId="5c826137-18f7-4c07-b810-ed78d37cce02">
      <Output>
        <ErrorInfo>
          <Message>Assertion failed: Expected value did not match actual value.</Message>
          <StackTrace>   at TestNamespace.TestClass.Test() in TestClass.cs:line 486</StackTrace>
        </ErrorInfo>
      </Output>
    </UnitTestResult>
    <UnitTestResult executionId="4ff7d9fb-b915-4941-9ef0-3a21ffedd1b1" testId="0138e5a4-25eb-4d68-8d72-5b49e9048bea" testName="Test6215" computerName="UA-LPT-OGA2" duration="00:00:01.8270000" startTime="2025-05-14T13:20:31.3146610Z" endTime="2025-05-14T13:25:31.3147553Z" testType="13cdc9d9-ddb5-4fa4-a97d-d965ccfc6d4b" outcome="Passed" testListId="5c826137-18f7-4c07-b810-ed78d37cce02" />
    <UnitTestResult executionId="5a38bd8b-b0ae-46b8-b405-6d15c5a97d40" testId="fd733f77-0546-4db6-8440-ce04ccb91444" testName="Test6216" computerName="UA-LPT-OGA2" duration="00:00:01.2070000" startTime="2025-05-14T13:20:31.3146610Z" endTime="2025-05-14T13:25:31.3147553Z" testType="13cdc9d9-ddb5-4fa4-a97d-d965ccfc6d4b" outcome="Passed" testListId="5c826137-18f7-4c07-b810-ed78d37cce02" />
    <UnitTestResult executionId="f5778050-26c4-4630-90ad-65840ffac32b" testId="608a1885-9393-4a7e-bb93-4db843b94d93" testName="Test6217" computerName="UA-LPT-OGA2" duration="00:00:00.8870000" startTime="2025-05-14T13:20:31.3146610Z" endTime="2025-05-14T13:25:31.3147553Z" testType="13cdc9d9-ddb5-4fa4-a97d-d965ccfc6d4b" outcome="Passed" testListId="5c826137-18f7-4c07-b810-ed78d37cce02" />
    <UnitTestResult executionId="17cf1b43-aa41-4e37-9f7d-a03199def285" testId="0820efdc-2b16-4775-be12-2473259836e5" testName="Test6218" computerName="UA-LPT-OGA2" duration="00:00:01.5770000" startTime="2025-05-14T13:20:31.3146610Z" endTime="2025-05-14T13:25:31.3147553Z" testType="13cdc9d9-ddb5-4fa4-a97d-d965ccfc6d4b" outcome="Passed" testListId="5c826137-18f7-4c07-b810-ed78d37cce02" />
    <UnitTestResult executionId="4767ed43-71bb-4b8f-acd6-3116a0f2cc60" testId="40482cb3-e0cc-45b1-8fd9-55b7e99769ab" testName="Test6219" computerName="UA-LPT-OGA2" duration="00:00:00.5630000" startTime="2025-05-14T13:20:31.3146610Z" endTime="2025-05-14T13:25:31.3147553Z" testType="13cdc9d9-ddb5-4fa4-a97d-d965ccfc6d4b" outcome="Passed" testListId="5c826137-18f7-4c07-b810-ed78d37cce02" />
    <UnitTestResult executionId="3d0290f3-54ae-4e14-ae88-ace4e6b49201" testId="59f7714f-23f1-4fb2-baec-156dceb8d5cf" testName="Test6220" computerName="UA-LPT-OGA2" duration="00:00:00.4780000" startTime="2025-05-14T13:20:31.3146610Z" endTime="2025-05-14T13:25:31.3147553Z" testType="13cdc9d9-ddb5-4fa4-a97d-d965ccfc6d4b" outcome="Passed" testListId="5c826137-18f7-4c07-b810-ed78d37cce02" />
    <UnitTestResult executionId="bb77c954-00fb-4756-951d-4142e33b2cb8" testId="4051b951-3295-4690-84e0-68b1efd0c2bc" testName="Test6221" computerName="UA-LPT-OGA2" duration="00:00:00.4020000" startTime="2025-05-14T13:20:31.3146610Z" endTime="2025-05-14T13:25:31.3147553Z" testType="13cdc9d9-ddb5-4fa4-a97d-d965ccfc6d4b" outcome="Passed" testListId="5c826137-18f7-4c07-b810-ed78d37cce02" />
    <UnitTestResult executionId="5d63a8a3-091b-427b-87ac-8074da297f78" testId="9c34031c-0af5-4b40-bcda-21a972fbbce0" testName="Test6222" computerName="UA-LPT-OGA2" duration="00:00:01.3360000" startTime="2025-05-14T13:20:31.3146610Z" endTime="2025-05-14T13:25:31.3147553Z" testType="13cdc9d9-ddb5-4fa4-a97d-d965ccfc6d4b" outcome="Passed" testListId="5c826137-18f7-4c07-b810-ed78d37cce02" />
    <UnitTestResult executionId="f63a74e6-73af-4a17-a5a8-72f19deabe4d" testId="0b143008-78b5-45c3-8285-f780eec7fd27" testName="Test6223" computerName="UA-LPT-OGA2" duration="00:00:00.8090000" startTime="2025-05-14T13:20:31.3146610Z" endTime="2025-05-14T13:25:31.3147553Z" testType="13cdc9d9-ddb5-4fa4-a97d-d965ccfc6d4b" outcome="Passed" testListId="5c826137-18f7-4c07-b810-ed78d37cce02" />
    <UnitTestResult executionId="64b130a4-29f9-41ee-b5f2-a1d667c717bf" testId="4bae96ce-ae33-4135-a4c9-7c7e5b67f708" testName="Test6224" computerName="UA-LPT-OGA2" duration="00:00:01.6540000" startTime="2025-05-14T13:20:31.3146610Z" endTime="2025-05-14T13:25:31.3147553Z" testType="13cdc9d9-ddb5-4fa4-a97d-d965ccfc6d4b" outcome="Passed" testListId="5c826137-18f7-4c07-b810-ed78d37cce02" />
    <UnitTestResult executionId="ed9598ae-e6f7-47c5-bf42-6f36be80fa3c" testId="32478494-5bfb-4fa0-b60b-434e6f170790" testName="Test6225" computerName="UA-LPT-OGA2" duration="00:00:01.5060000" startTime="2025-05-14T13:20:31.3146610Z" endTime="2025-05-14T13:25:31.3147553Z" testType="13cdc9d9-ddb5-4fa4-a97d-d965ccfc6d4b" outcome="Passed" testListId="5c826137-18f7-4c07-b810-ed78d37cce02" />
    <UnitTestResult executionId="93f39a91-3426-4d8d-b9ac-b63dfcd31890" testId="0feaf0d7-069c-47cb-bdd4-988daf27f809" testName="Test6226" computerName="UA-LPT-OGA2" duration="00:00:00.1340000" startTime="2025-05-14T13:20:31.3146610Z" endTime="2025-05-14T13:25:31.3147553Z" testType="13cdc9d9-ddb5-4fa4-a97d-d965ccfc6d4b" outcome="Passed" testListId="5c826137-18f7-4c07-b810-ed78d37cce02" />
    <UnitTestResult executionId="2c64a7aa-d592-4651-b829-6467965112cd" testId="83b91419-4d38-4dab-9ffb-859ec945a1c2" testName="Test6227" computerName="UA-LPT-OGA2" duration="00:00:00.6440000" startTime="2025-05-14T13:20:31.3146610Z" endTime="2025-05-14T13:25:31.3147553Z" testType="13cdc9d9-ddb5-4fa4-a97d-d965ccfc6d4b" outcome="Passed" testListId="5c826137-18f7-4c07-b810-ed78d37cce02" />
    <UnitTestResult executionId="1f086abd-ea40-4ecf-8418-2eaa2b53fa04" testId="ec04786e-de00-4f47-8cd4-34d5daea35b8" testName="Test6228" computerName="UA-LPT-OGA2" duration="00:00:01.4360000" startTime="2025-05-14T13:20:31.3146610Z" endTime="2025-05-14T13:25:31.3147553Z" testType="13cdc9d9-ddb5-4fa4-a97d-d965ccfc6d4b" outcome="Passed" testListId="5c826137-18f7-4c07-b810-ed78d37cce02" />
    <UnitTestResult executionId="ab05cca0-0055-4126-b869-dc0af1f7c197" testId="008b0634-d2c0-4a2d-b1fe-6b6956e5fc4c" testName="Test6229" computerName="UA-LPT-OGA2" duration="00:00:01.0340000" startTime="2025-05-14T13:20:31.3146610Z" endTime="2025-05-14T13:25:31.3147553Z" testType="13cdc9d9-ddb5-4fa4-a97d-d965ccfc6d4b" outcome="Passed" testListId="5c826137-18f7-4c07-b810-ed78d37cce02" />
    <UnitTestResult executionId="276688e4-da42-4d4b-b31c-9bc35b490aa8" testId="e727a6a9-bec6-46b0-903e-9bde6cd56b0b" testName="Test6230" computerName="UA-LPT-OGA2" duration="00:00:00.4950000" startTime="2025-05-14T13:20:31.3146610Z" endTime="2025-05-14T13:25:31.3147553Z" testType="13cdc9d9-ddb5-4fa4-a97d-d965ccfc6d4b" outcome="Passed" testListId="5c826137-18f7-4c07-b810-ed78d37cce02" />
    <UnitTestResult executionId="e3526b4f-a3b5-42b6-b639-5fd0ff98190f" testId="643f7ea2-655d-4044-bcb0-c882bb2977f5" testName="Test6231" computerName="UA-LPT-OGA2" duration="00:00:01.0790000" startTime="2025-05-14T13:20:31.3146610Z" endTime="2025-05-14T13:25:31.3147553Z" testType="13cdc9d9-ddb5-4fa4-a97d-d965ccfc6d4b" outcome="Passed" testListId="5c826137-18f7-4c07-b810-ed78d37cce02" />
    <UnitTestResult executionId="595b70b6-0ea4-45bb-bb3d-18eaa6b8107d" testId="e04723e1-a924-4cad-9d87-7cd84daacdfb" testName="Test6232" computerName="UA-LPT-OGA2" duration="00:00:01.7870000" startTime="2025-05-14T13:20:31.3146610Z" endTime="2025-05-14T13:25:31.3147553Z" testType="13cdc9d9-ddb5-4fa4-a97d-d965ccfc6d4b" outcome="Passed" testListId="5c826137-18f7-4c07-b810-ed78d37cce02" />
    <UnitTestResult executionId="a305c7dd-0600-48d4-a172-6e5f0d0d4422" testId="d9784f8e-43a4-479f-bd03-8456595427b1" testName="Test6233" computerName="UA-LPT-OGA2" duration="00:00:00.5910000" startTime="2025-05-14T13:20:31.3146610Z" endTime="2025-05-14T13:25:31.3147553Z" testType="13cdc9d9-ddb5-4fa4-a97d-d965ccfc6d4b" outcome="Failed" testListId="5c826137-18f7-4c07-b810-ed78d37cce02">
      <Output>
        <ErrorInfo>
          <Message>Assertion failed: Expected value did not match actual value.</Message>
          <StackTrace>   at TestNamespace.TestClass.Test() in TestClass.cs:line 252</StackTrace>
        </ErrorInfo>
      </Output>
    </UnitTestResult>
    <UnitTestResult executionId="cc8c056f-fbc9-4d0e-8255-f5c8367ac4a3" testId="ffdd6490-2a19-4c29-a68a-22fd85d4d437" testName="Test6234" computerName="UA-LPT-OGA2" duration="00:00:00.3300000" startTime="2025-05-14T13:20:31.3146610Z" endTime="2025-05-14T13:25:31.3147553Z" testType="13cdc9d9-ddb5-4fa4-a97d-d965ccfc6d4b" outcome="Passed" testListId="5c826137-18f7-4c07-b810-ed78d37cce02" />
    <UnitTestResult executionId="fcc54bda-0328-48cb-957e-6f42af751cba" testId="d354ed73-b540-472b-b521-ce8d8af99339" testName="Test6235" computerName="UA-LPT-OGA2" duration="00:00:01.1250000" startTime="2025-05-14T13:20:31.3146610Z" endTime="2025-05-14T13:25:31.3147553Z" testType="13cdc9d9-ddb5-4fa4-a97d-d965ccfc6d4b" outcome="Passed" testListId="5c826137-18f7-4c07-b810-ed78d37cce02" />
    <UnitTestResult executionId="74718c21-a275-407d-a834-c4bb986fdd3c" testId="ca901494-309d-4cd1-b67e-24a59f9b3b19" testName="Test6236" computerName="UA-LPT-OGA2" duration="00:00:00.3810000" startTime="2025-05-14T13:20:31.3146610Z" endTime="2025-05-14T13:25:31.3147553Z" testType="13cdc9d9-ddb5-4fa4-a97d-d965ccfc6d4b" outcome="Passed" testListId="5c826137-18f7-4c07-b810-ed78d37cce02" />
    <UnitTestResult executionId="a42e95af-5bd1-4f9f-b51c-d4402069b234" testId="414a2dc7-c5e6-4c72-97d9-0abf962fad04" testName="Test6237" computerName="UA-LPT-OGA2" duration="00:00:00.3760000" startTime="2025-05-14T13:20:31.3146610Z" endTime="2025-05-14T13:25:31.3147553Z" testType="13cdc9d9-ddb5-4fa4-a97d-d965ccfc6d4b" outcome="Passed" testListId="5c826137-18f7-4c07-b810-ed78d37cce02" />
    <UnitTestResult executionId="1e21a88d-5cc6-49c9-97d3-073b2e798136" testId="036dc24b-d0dd-4826-98a1-8764fdbe4fbb" testName="Test6238" computerName="UA-LPT-OGA2" duration="00:00:00.2410000" startTime="2025-05-14T13:20:31.3146610Z" endTime="2025-05-14T13:25:31.3147553Z" testType="13cdc9d9-ddb5-4fa4-a97d-d965ccfc6d4b" outcome="Passed" testListId="5c826137-18f7-4c07-b810-ed78d37cce02" />
    <UnitTestResult executionId="234daa89-f836-4660-a5d1-882de1a2c348" testId="61eec53c-87aa-4e04-afa4-bdeeccc2df3c" testName="Test6239" computerName="UA-LPT-OGA2" duration="00:00:00.9610000" startTime="2025-05-14T13:20:31.3146610Z" endTime="2025-05-14T13:25:31.3147553Z" testType="13cdc9d9-ddb5-4fa4-a97d-d965ccfc6d4b" outcome="Passed" testListId="5c826137-18f7-4c07-b810-ed78d37cce02" />
    <UnitTestResult executionId="00c62e0c-4648-4770-98da-93873003b70b" testId="1013cfc5-3c86-4ff6-a930-6cc2017257ed" testName="Test6240" computerName="UA-LPT-OGA2" duration="00:00:01.6740000" startTime="2025-05-14T13:20:31.3146610Z" endTime="2025-05-14T13:25:31.3147553Z" testType="13cdc9d9-ddb5-4fa4-a97d-d965ccfc6d4b" outcome="Passed" testListId="5c826137-18f7-4c07-b810-ed78d37cce02" />
    <UnitTestResult executionId="35ab3a66-bca8-4269-b8cd-b27ef36869f9" testId="e735195a-ef43-463e-a146-a250ed1c4ccf" testName="Test6241" computerName="UA-LPT-OGA2" duration="00:00:00.3840000" startTime="2025-05-14T13:20:31.3146610Z" endTime="2025-05-14T13:25:31.3147553Z" testType="13cdc9d9-ddb5-4fa4-a97d-d965ccfc6d4b" outcome="Failed" testListId="5c826137-18f7-4c07-b810-ed78d37cce02">
      <Output>
        <ErrorInfo>
          <Message>Assertion failed: Expected value did not match actual value.</Message>
          <StackTrace>   at TestNamespace.TestClass.Test() in TestClass.cs:line 55</StackTrace>
        </ErrorInfo>
      </Output>
    </UnitTestResult>
    <UnitTestResult executionId="f0bcc815-cb1f-4238-8798-679c64c15066" testId="5762d3bf-7381-4e52-9a03-d466042fc3c8" testName="Test6242" computerName="UA-LPT-OGA2" duration="00:00:00.6600000" startTime="2025-05-14T13:20:31.3146610Z" endTime="2025-05-14T13:25:31.3147553Z" testType="13cdc9d9-ddb5-4fa4-a97d-d965ccfc6d4b" outcome="Passed" testListId="5c826137-18f7-4c07-b810-ed78d37cce02" />
    <UnitTestResult executionId="46abc880-c9db-414b-b9d3-019ca1f674ab" testId="64f544c5-fce0-4338-aaf9-eb74d361c14e" testName="Test6243" computerName="UA-LPT-OGA2" duration="00:00:01.9420000" startTime="2025-05-14T13:20:31.3146610Z" endTime="2025-05-14T13:25:31.3147553Z" testType="13cdc9d9-ddb5-4fa4-a97d-d965ccfc6d4b" outcome="Passed" testListId="5c826137-18f7-4c07-b810-ed78d37cce02" />
    <UnitTestResult executionId="fdb5b2af-bd4f-4a09-87e3-ce5a3bfa0860" testId="4d924e6e-a107-4d4f-8866-66893e678595" testName="Test6244" computerName="UA-LPT-OGA2" duration="00:00:01.0880000" startTime="2025-05-14T13:20:31.3146610Z" endTime="2025-05-14T13:25:31.3147553Z" testType="13cdc9d9-ddb5-4fa4-a97d-d965ccfc6d4b" outcome="Passed" testListId="5c826137-18f7-4c07-b810-ed78d37cce02" />
    <UnitTestResult executionId="0e9e2ce6-2a28-410b-a9dc-be8cd78b2ed1" testId="ad0cd0e2-0916-4bdf-8570-3f1e1da0177b" testName="Test6245" computerName="UA-LPT-OGA2" duration="00:00:01.9850000" startTime="2025-05-14T13:20:31.3146610Z" endTime="2025-05-14T13:25:31.3147553Z" testType="13cdc9d9-ddb5-4fa4-a97d-d965ccfc6d4b" outcome="Passed" testListId="5c826137-18f7-4c07-b810-ed78d37cce02" />
    <UnitTestResult executionId="3ef4c8f7-f3a1-4a02-ade5-bd0c2a51a027" testId="e32fe89a-5930-495c-be35-a4cb12a89e7b" testName="Test6246" computerName="UA-LPT-OGA2" duration="00:00:00.8620000" startTime="2025-05-14T13:20:31.3146610Z" endTime="2025-05-14T13:25:31.3147553Z" testType="13cdc9d9-ddb5-4fa4-a97d-d965ccfc6d4b" outcome="Passed" testListId="5c826137-18f7-4c07-b810-ed78d37cce02" />
    <UnitTestResult executionId="fa0ad4b0-ba9e-42cc-b866-e7f00b542e1b" testId="754bf143-b03e-41f7-bc4b-0393a33203f3" testName="Test6247" computerName="UA-LPT-OGA2" duration="00:00:01.1390000" startTime="2025-05-14T13:20:31.3146610Z" endTime="2025-05-14T13:25:31.3147553Z" testType="13cdc9d9-ddb5-4fa4-a97d-d965ccfc6d4b" outcome="Passed" testListId="5c826137-18f7-4c07-b810-ed78d37cce02" />
    <UnitTestResult executionId="e8288556-6b7d-4063-8214-b26037cfbd24" testId="1f10e2e7-ab05-409e-8a58-d77c00cd07ec" testName="Test6248" computerName="UA-LPT-OGA2" duration="00:00:00.6180000" startTime="2025-05-14T13:20:31.3146610Z" endTime="2025-05-14T13:25:31.3147553Z" testType="13cdc9d9-ddb5-4fa4-a97d-d965ccfc6d4b" outcome="Passed" testListId="5c826137-18f7-4c07-b810-ed78d37cce02" />
    <UnitTestResult executionId="738c91a7-96c2-4141-99a9-cbb179b3dbd8" testId="dc4408fb-8edb-4c8f-9cf6-7beb6f766e4d" testName="Test6249" computerName="UA-LPT-OGA2" duration="00:00:01.4850000" startTime="2025-05-14T13:20:31.3146610Z" endTime="2025-05-14T13:25:31.3147553Z" testType="13cdc9d9-ddb5-4fa4-a97d-d965ccfc6d4b" outcome="Passed" testListId="5c826137-18f7-4c07-b810-ed78d37cce02" />
    <UnitTestResult executionId="dc885f3f-3adc-40af-9c6d-ad81c782c1c3" testId="1bcfa1db-40c8-4bc4-8386-bca2c6ab9528" testName="Test6250" computerName="UA-LPT-OGA2" duration="00:00:01.4900000" startTime="2025-05-14T13:20:31.3146610Z" endTime="2025-05-14T13:25:31.3147553Z" testType="13cdc9d9-ddb5-4fa4-a97d-d965ccfc6d4b" outcome="Passed" testListId="5c826137-18f7-4c07-b810-ed78d37cce02" />
    <UnitTestResult executionId="4779c20e-7262-443d-8dc8-91e6ab2f8bc0" testId="a5f36b1a-cbdd-427f-8614-7db16c7827e1" testName="Test6251" computerName="UA-LPT-OGA2" duration="00:00:01.7650000" startTime="2025-05-14T13:20:31.3146610Z" endTime="2025-05-14T13:25:31.3147553Z" testType="13cdc9d9-ddb5-4fa4-a97d-d965ccfc6d4b" outcome="Passed" testListId="5c826137-18f7-4c07-b810-ed78d37cce02" />
    <UnitTestResult executionId="7ee7e7b8-92eb-464b-b3bb-5dd2019488d5" testId="392d99e6-6014-43f7-8266-ca87b247e9dd" testName="Test6252" computerName="UA-LPT-OGA2" duration="00:00:01.3200000" startTime="2025-05-14T13:20:31.3146610Z" endTime="2025-05-14T13:25:31.3147553Z" testType="13cdc9d9-ddb5-4fa4-a97d-d965ccfc6d4b" outcome="Passed" testListId="5c826137-18f7-4c07-b810-ed78d37cce02" />
    <UnitTestResult executionId="09b1e204-b8ce-46c8-907d-23da383d4f80" testId="a760ea08-9ab9-4d23-ae83-1b3cecf63f12" testName="Test6253" computerName="UA-LPT-OGA2" duration="00:00:01.9580000" startTime="2025-05-14T13:20:31.3146610Z" endTime="2025-05-14T13:25:31.3147553Z" testType="13cdc9d9-ddb5-4fa4-a97d-d965ccfc6d4b" outcome="Passed" testListId="5c826137-18f7-4c07-b810-ed78d37cce02" />
    <UnitTestResult executionId="d6111e0c-2cf3-40aa-b072-02b75d66b0e4" testId="1f980129-a6f6-4221-abea-db9dd3752f62" testName="Test6254" computerName="UA-LPT-OGA2" duration="00:00:00.6830000" startTime="2025-05-14T13:20:31.3146610Z" endTime="2025-05-14T13:25:31.3147553Z" testType="13cdc9d9-ddb5-4fa4-a97d-d965ccfc6d4b" outcome="Passed" testListId="5c826137-18f7-4c07-b810-ed78d37cce02" />
    <UnitTestResult executionId="7dc2061d-c553-4080-8f1b-35959347a4a0" testId="1960da8a-3344-49d7-a3d7-d22ef702ca1f" testName="Test6255" computerName="UA-LPT-OGA2" duration="00:00:00.2870000" startTime="2025-05-14T13:20:31.3146610Z" endTime="2025-05-14T13:25:31.3147553Z" testType="13cdc9d9-ddb5-4fa4-a97d-d965ccfc6d4b" outcome="Passed" testListId="5c826137-18f7-4c07-b810-ed78d37cce02" />
    <UnitTestResult executionId="61ea81c5-a12c-4ca9-b3f3-a213b5cea28c" testId="d3d05498-b4f3-46fc-9bbd-5ec374d5a341" testName="Test6256" computerName="UA-LPT-OGA2" duration="00:00:00.6280000" startTime="2025-05-14T13:20:31.3146610Z" endTime="2025-05-14T13:25:31.3147553Z" testType="13cdc9d9-ddb5-4fa4-a97d-d965ccfc6d4b" outcome="Passed" testListId="5c826137-18f7-4c07-b810-ed78d37cce02" />
    <UnitTestResult executionId="cd84b5f7-10e2-4dc8-a815-77d2d8ed1c38" testId="28af4104-1324-43ea-8a0b-e0fd2aaf198e" testName="Test6257" computerName="UA-LPT-OGA2" duration="00:00:01.8120000" startTime="2025-05-14T13:20:31.3146610Z" endTime="2025-05-14T13:25:31.3147553Z" testType="13cdc9d9-ddb5-4fa4-a97d-d965ccfc6d4b" outcome="Passed" testListId="5c826137-18f7-4c07-b810-ed78d37cce02" />
    <UnitTestResult executionId="e14fdd19-361e-4a54-b66d-a0603840f98c" testId="1bba9a8c-24f0-43f3-99c5-92293510cb28" testName="Test6258" computerName="UA-LPT-OGA2" duration="00:00:01.5830000" startTime="2025-05-14T13:20:31.3146610Z" endTime="2025-05-14T13:25:31.3147553Z" testType="13cdc9d9-ddb5-4fa4-a97d-d965ccfc6d4b" outcome="Passed" testListId="5c826137-18f7-4c07-b810-ed78d37cce02" />
    <UnitTestResult executionId="9a29169d-5520-424f-a785-25f3de9f25f4" testId="ab7bf9d0-9cb4-4591-869d-2def6b450e59" testName="Test6259" computerName="UA-LPT-OGA2" duration="00:00:01.4490000" startTime="2025-05-14T13:20:31.3146610Z" endTime="2025-05-14T13:25:31.3147553Z" testType="13cdc9d9-ddb5-4fa4-a97d-d965ccfc6d4b" outcome="Passed" testListId="5c826137-18f7-4c07-b810-ed78d37cce02" />
    <UnitTestResult executionId="f1923e73-0787-4119-837b-0fa0f01cbf42" testId="da81c930-f3f9-4f23-a3ca-cd705b57ff00" testName="Test6260" computerName="UA-LPT-OGA2" duration="00:00:00.1720000" startTime="2025-05-14T13:20:31.3146610Z" endTime="2025-05-14T13:25:31.3147553Z" testType="13cdc9d9-ddb5-4fa4-a97d-d965ccfc6d4b" outcome="Passed" testListId="5c826137-18f7-4c07-b810-ed78d37cce02" />
    <UnitTestResult executionId="c71779d1-39ad-4fc8-afb7-42fd4e036989" testId="0080e56f-bd6d-442f-a5dd-a1388d460b0e" testName="Test6261" computerName="UA-LPT-OGA2" duration="00:00:01.9550000" startTime="2025-05-14T13:20:31.3146610Z" endTime="2025-05-14T13:25:31.3147553Z" testType="13cdc9d9-ddb5-4fa4-a97d-d965ccfc6d4b" outcome="Passed" testListId="5c826137-18f7-4c07-b810-ed78d37cce02" />
    <UnitTestResult executionId="dcd4f519-0e04-4889-9d00-4885dc1bfc91" testId="50cfc5a6-e29a-472b-9300-96762789677b" testName="Test6262" computerName="UA-LPT-OGA2" duration="00:00:01.1760000" startTime="2025-05-14T13:20:31.3146610Z" endTime="2025-05-14T13:25:31.3147553Z" testType="13cdc9d9-ddb5-4fa4-a97d-d965ccfc6d4b" outcome="Passed" testListId="5c826137-18f7-4c07-b810-ed78d37cce02" />
    <UnitTestResult executionId="402d0675-fe61-469a-bea9-43e5fc28d1e1" testId="92506fa2-8ea2-4e83-aed0-bbf0d4b599c4" testName="Test6263" computerName="UA-LPT-OGA2" duration="00:00:00.8880000" startTime="2025-05-14T13:20:31.3146610Z" endTime="2025-05-14T13:25:31.3147553Z" testType="13cdc9d9-ddb5-4fa4-a97d-d965ccfc6d4b" outcome="Passed" testListId="5c826137-18f7-4c07-b810-ed78d37cce02" />
    <UnitTestResult executionId="ce4a0d03-ac6f-4faa-9638-c56d7536dc0e" testId="d3c02a0a-adf2-4e9e-b64f-1e6fc70a2eaf" testName="Test6264" computerName="UA-LPT-OGA2" duration="00:00:01.9960000" startTime="2025-05-14T13:20:31.3146610Z" endTime="2025-05-14T13:25:31.3147553Z" testType="13cdc9d9-ddb5-4fa4-a97d-d965ccfc6d4b" outcome="Passed" testListId="5c826137-18f7-4c07-b810-ed78d37cce02" />
    <UnitTestResult executionId="0b1485c3-8470-4251-8552-b4e8936d18c4" testId="0eee3879-5c79-4250-ac6f-2a5feb36b1cd" testName="Test6265" computerName="UA-LPT-OGA2" duration="00:00:01.4250000" startTime="2025-05-14T13:20:31.3146610Z" endTime="2025-05-14T13:25:31.3147553Z" testType="13cdc9d9-ddb5-4fa4-a97d-d965ccfc6d4b" outcome="Passed" testListId="5c826137-18f7-4c07-b810-ed78d37cce02" />
    <UnitTestResult executionId="41cccb3e-ade1-434d-9157-7f1c14ad4bab" testId="26827baf-0869-4bd1-be49-0e1a22db309a" testName="Test6266" computerName="UA-LPT-OGA2" duration="00:00:00.7060000" startTime="2025-05-14T13:20:31.3146610Z" endTime="2025-05-14T13:25:31.3147553Z" testType="13cdc9d9-ddb5-4fa4-a97d-d965ccfc6d4b" outcome="Passed" testListId="5c826137-18f7-4c07-b810-ed78d37cce02" />
    <UnitTestResult executionId="dded094a-49a6-4a8d-904a-9a01acdf357a" testId="6f22e68d-c842-457e-8e3b-68ab78aede4d" testName="Test6267" computerName="UA-LPT-OGA2" duration="00:00:01.9040000" startTime="2025-05-14T13:20:31.3146610Z" endTime="2025-05-14T13:25:31.3147553Z" testType="13cdc9d9-ddb5-4fa4-a97d-d965ccfc6d4b" outcome="Passed" testListId="5c826137-18f7-4c07-b810-ed78d37cce02" />
    <UnitTestResult executionId="aa489bd8-3650-4abf-acff-240a1afd700d" testId="9c555af0-6b14-4bf5-bced-39c9ddca6d06" testName="Test6268" computerName="UA-LPT-OGA2" duration="00:00:00.6400000" startTime="2025-05-14T13:20:31.3146610Z" endTime="2025-05-14T13:25:31.3147553Z" testType="13cdc9d9-ddb5-4fa4-a97d-d965ccfc6d4b" outcome="Passed" testListId="5c826137-18f7-4c07-b810-ed78d37cce02" />
    <UnitTestResult executionId="c752ea30-10d4-4026-9a4b-37372e323e8d" testId="6d1ffaf3-35bf-4b8d-9f4f-382f6dfafe3d" testName="Test6269" computerName="UA-LPT-OGA2" duration="00:00:00.7440000" startTime="2025-05-14T13:20:31.3146610Z" endTime="2025-05-14T13:25:31.3147553Z" testType="13cdc9d9-ddb5-4fa4-a97d-d965ccfc6d4b" outcome="Passed" testListId="5c826137-18f7-4c07-b810-ed78d37cce02" />
    <UnitTestResult executionId="799bf8ca-a09a-44d8-99b6-189ebad22edb" testId="2da44b65-33ea-47a2-a3da-5256d0cc8956" testName="Test6270" computerName="UA-LPT-OGA2" duration="00:00:00.0570000" startTime="2025-05-14T13:20:31.3146610Z" endTime="2025-05-14T13:25:31.3147553Z" testType="13cdc9d9-ddb5-4fa4-a97d-d965ccfc6d4b" outcome="Passed" testListId="5c826137-18f7-4c07-b810-ed78d37cce02" />
    <UnitTestResult executionId="346454f2-72be-4b60-9672-7e68b9427861" testId="b7700a1f-3175-4820-95c4-d5fc9716884c" testName="Test6271" computerName="UA-LPT-OGA2" duration="00:00:01.4210000" startTime="2025-05-14T13:20:31.3146610Z" endTime="2025-05-14T13:25:31.3147553Z" testType="13cdc9d9-ddb5-4fa4-a97d-d965ccfc6d4b" outcome="Passed" testListId="5c826137-18f7-4c07-b810-ed78d37cce02" />
    <UnitTestResult executionId="b333354b-042b-4581-a640-ea748b23eb50" testId="83ebd6c1-1708-44c7-9053-97f02ec36304" testName="Test6272" computerName="UA-LPT-OGA2" duration="00:00:00.4220000" startTime="2025-05-14T13:20:31.3146610Z" endTime="2025-05-14T13:25:31.3147553Z" testType="13cdc9d9-ddb5-4fa4-a97d-d965ccfc6d4b" outcome="Passed" testListId="5c826137-18f7-4c07-b810-ed78d37cce02" />
    <UnitTestResult executionId="a73dbda9-59f0-4dd6-965f-7fbd81c1c341" testId="a220e88e-2129-4723-aff6-c61cd1f442b4" testName="Test6273" computerName="UA-LPT-OGA2" duration="00:00:01.3140000" startTime="2025-05-14T13:20:31.3146610Z" endTime="2025-05-14T13:25:31.3147553Z" testType="13cdc9d9-ddb5-4fa4-a97d-d965ccfc6d4b" outcome="Passed" testListId="5c826137-18f7-4c07-b810-ed78d37cce02" />
    <UnitTestResult executionId="3afe4173-1f37-45bc-8cd6-0a678bada43d" testId="ecc6a242-c41d-4998-afc0-a87cc8ea1b20" testName="Test6274" computerName="UA-LPT-OGA2" duration="00:00:01.9810000" startTime="2025-05-14T13:20:31.3146610Z" endTime="2025-05-14T13:25:31.3147553Z" testType="13cdc9d9-ddb5-4fa4-a97d-d965ccfc6d4b" outcome="Passed" testListId="5c826137-18f7-4c07-b810-ed78d37cce02" />
    <UnitTestResult executionId="44998915-d544-4dca-9c9f-bf62c714bcb5" testId="4f639561-4696-4c91-9e01-30f501075398" testName="Test6275" computerName="UA-LPT-OGA2" duration="00:00:00.5820000" startTime="2025-05-14T13:20:31.3146610Z" endTime="2025-05-14T13:25:31.3147553Z" testType="13cdc9d9-ddb5-4fa4-a97d-d965ccfc6d4b" outcome="Passed" testListId="5c826137-18f7-4c07-b810-ed78d37cce02" />
    <UnitTestResult executionId="9531d54a-29b6-4009-8cb6-97425cf7e3e7" testId="d0e43218-544b-4990-998a-4b54f2305539" testName="Test6276" computerName="UA-LPT-OGA2" duration="00:00:01.4550000" startTime="2025-05-14T13:20:31.3146610Z" endTime="2025-05-14T13:25:31.3147553Z" testType="13cdc9d9-ddb5-4fa4-a97d-d965ccfc6d4b" outcome="Passed" testListId="5c826137-18f7-4c07-b810-ed78d37cce02" />
    <UnitTestResult executionId="afb67598-2da8-4afa-b06c-a7d31cb74d40" testId="601f1c70-41e6-4d7b-a010-2118deb31d45" testName="Test6277" computerName="UA-LPT-OGA2" duration="00:00:00.0730000" startTime="2025-05-14T13:20:31.3146610Z" endTime="2025-05-14T13:25:31.3147553Z" testType="13cdc9d9-ddb5-4fa4-a97d-d965ccfc6d4b" outcome="Passed" testListId="5c826137-18f7-4c07-b810-ed78d37cce02" />
    <UnitTestResult executionId="539896da-4ae0-4af2-b386-d8026a39f052" testId="380a39b2-3efd-48f5-ba91-9af7b8492240" testName="Test6278" computerName="UA-LPT-OGA2" duration="00:00:00.9240000" startTime="2025-05-14T13:20:31.3146610Z" endTime="2025-05-14T13:25:31.3147553Z" testType="13cdc9d9-ddb5-4fa4-a97d-d965ccfc6d4b" outcome="Passed" testListId="5c826137-18f7-4c07-b810-ed78d37cce02" />
    <UnitTestResult executionId="4aa0a823-83f8-4ecf-aa40-974a1f3d53d4" testId="7c2bfeae-ae4e-473d-89eb-fbd35b763903" testName="Test6279" computerName="UA-LPT-OGA2" duration="00:00:01.8540000" startTime="2025-05-14T13:20:31.3146610Z" endTime="2025-05-14T13:25:31.3147553Z" testType="13cdc9d9-ddb5-4fa4-a97d-d965ccfc6d4b" outcome="Passed" testListId="5c826137-18f7-4c07-b810-ed78d37cce02" />
    <UnitTestResult executionId="5cb697d4-59fd-4a30-b804-d28fc5a2d200" testId="5b18ceda-263d-433e-8e24-72a7d5017b7c" testName="Test6280" computerName="UA-LPT-OGA2" duration="00:00:01.4170000" startTime="2025-05-14T13:20:31.3146610Z" endTime="2025-05-14T13:25:31.3147553Z" testType="13cdc9d9-ddb5-4fa4-a97d-d965ccfc6d4b" outcome="Failed" testListId="5c826137-18f7-4c07-b810-ed78d37cce02">
      <Output>
        <ErrorInfo>
          <Message>Assertion failed: Expected value did not match actual value.</Message>
          <StackTrace>   at TestNamespace.TestClass.Test() in TestClass.cs:line 333</StackTrace>
        </ErrorInfo>
      </Output>
    </UnitTestResult>
    <UnitTestResult executionId="2f7243e7-d36e-49b8-8bc5-978c21ee9eb9" testId="4d914bba-d179-4b1e-b4d6-a66be5c40d29" testName="Test6281" computerName="UA-LPT-OGA2" duration="00:00:01.7560000" startTime="2025-05-14T13:20:31.3146610Z" endTime="2025-05-14T13:25:31.3147553Z" testType="13cdc9d9-ddb5-4fa4-a97d-d965ccfc6d4b" outcome="Passed" testListId="5c826137-18f7-4c07-b810-ed78d37cce02" />
    <UnitTestResult executionId="7e00c8b5-cf2a-42a5-bf75-c4081f62c6a4" testId="b5802b31-de9d-470d-9aee-90f674e5ad7f" testName="Test6282" computerName="UA-LPT-OGA2" duration="00:00:01.7320000" startTime="2025-05-14T13:20:31.3146610Z" endTime="2025-05-14T13:25:31.3147553Z" testType="13cdc9d9-ddb5-4fa4-a97d-d965ccfc6d4b" outcome="Passed" testListId="5c826137-18f7-4c07-b810-ed78d37cce02" />
    <UnitTestResult executionId="6ca65b71-21b6-4f7a-aa93-09572eaa4447" testId="0a5e6cf3-5b58-4880-98dc-0817150426bd" testName="Test6283" computerName="UA-LPT-OGA2" duration="00:00:01.6280000" startTime="2025-05-14T13:20:31.3146610Z" endTime="2025-05-14T13:25:31.3147553Z" testType="13cdc9d9-ddb5-4fa4-a97d-d965ccfc6d4b" outcome="Passed" testListId="5c826137-18f7-4c07-b810-ed78d37cce02" />
    <UnitTestResult executionId="27f0e7f0-9d04-498a-8459-a8aa22a3f452" testId="bc930d83-dc1e-4c5a-9b41-c7c39a062cd7" testName="Test6284" computerName="UA-LPT-OGA2" duration="00:00:00.4690000" startTime="2025-05-14T13:20:31.3146610Z" endTime="2025-05-14T13:25:31.3147553Z" testType="13cdc9d9-ddb5-4fa4-a97d-d965ccfc6d4b" outcome="Passed" testListId="5c826137-18f7-4c07-b810-ed78d37cce02" />
    <UnitTestResult executionId="6a8e9ad8-c2e6-480c-8e1c-a7ac11667fd5" testId="9f0e867c-4663-4236-8f74-c59ec4fe350c" testName="Test6285" computerName="UA-LPT-OGA2" duration="00:00:01.6050000" startTime="2025-05-14T13:20:31.3146610Z" endTime="2025-05-14T13:25:31.3147553Z" testType="13cdc9d9-ddb5-4fa4-a97d-d965ccfc6d4b" outcome="Failed" testListId="5c826137-18f7-4c07-b810-ed78d37cce02">
      <Output>
        <ErrorInfo>
          <Message>Assertion failed: Expected value did not match actual value.</Message>
          <StackTrace>   at TestNamespace.TestClass.Test() in TestClass.cs:line 424</StackTrace>
        </ErrorInfo>
      </Output>
    </UnitTestResult>
    <UnitTestResult executionId="a534dd0e-afdd-4fb9-aa16-3f7835af5437" testId="d18f7059-2e5f-4045-bdf4-6b67cd820c23" testName="Test6286" computerName="UA-LPT-OGA2" duration="00:00:00.0430000" startTime="2025-05-14T13:20:31.3146610Z" endTime="2025-05-14T13:25:31.3147553Z" testType="13cdc9d9-ddb5-4fa4-a97d-d965ccfc6d4b" outcome="Passed" testListId="5c826137-18f7-4c07-b810-ed78d37cce02" />
    <UnitTestResult executionId="5b82b558-95c5-4f11-b9e6-ff3ee928d5c1" testId="ddbbb2dd-bfe3-4289-bd31-3217dec4a64d" testName="Test6287" computerName="UA-LPT-OGA2" duration="00:00:01.9740000" startTime="2025-05-14T13:20:31.3146610Z" endTime="2025-05-14T13:25:31.3147553Z" testType="13cdc9d9-ddb5-4fa4-a97d-d965ccfc6d4b" outcome="Failed" testListId="5c826137-18f7-4c07-b810-ed78d37cce02">
      <Output>
        <ErrorInfo>
          <Message>Assertion failed: Expected value did not match actual value.</Message>
          <StackTrace>   at TestNamespace.TestClass.Test() in TestClass.cs:line 365</StackTrace>
        </ErrorInfo>
      </Output>
    </UnitTestResult>
    <UnitTestResult executionId="bd6dd405-d80e-440b-911e-162844ff6dd8" testId="04a47c4c-6fcb-4a68-aa65-d337e918d203" testName="Test6288" computerName="UA-LPT-OGA2" duration="00:00:00.9220000" startTime="2025-05-14T13:20:31.3146610Z" endTime="2025-05-14T13:25:31.3147553Z" testType="13cdc9d9-ddb5-4fa4-a97d-d965ccfc6d4b" outcome="Passed" testListId="5c826137-18f7-4c07-b810-ed78d37cce02" />
    <UnitTestResult executionId="1c9cb5c1-8acc-4005-8e02-f626b7489642" testId="d8f185fe-491d-41a3-bdef-c0d3b922d6cb" testName="Test6289" computerName="UA-LPT-OGA2" duration="00:00:01.5410000" startTime="2025-05-14T13:20:31.3146610Z" endTime="2025-05-14T13:25:31.3147553Z" testType="13cdc9d9-ddb5-4fa4-a97d-d965ccfc6d4b" outcome="Passed" testListId="5c826137-18f7-4c07-b810-ed78d37cce02" />
    <UnitTestResult executionId="fbe624cb-82b8-408a-8f25-15a9e1dc3712" testId="f75d1845-7c88-4d5d-bf6c-f50081b7aede" testName="Test6290" computerName="UA-LPT-OGA2" duration="00:00:00.4920000" startTime="2025-05-14T13:20:31.3146610Z" endTime="2025-05-14T13:25:31.3147553Z" testType="13cdc9d9-ddb5-4fa4-a97d-d965ccfc6d4b" outcome="Passed" testListId="5c826137-18f7-4c07-b810-ed78d37cce02" />
    <UnitTestResult executionId="be055d97-4970-413b-816f-b06693f4f51a" testId="bd9d0e10-5b87-4fcb-a0fd-de915f4f4937" testName="Test6291" computerName="UA-LPT-OGA2" duration="00:00:00.5370000" startTime="2025-05-14T13:20:31.3146610Z" endTime="2025-05-14T13:25:31.3147553Z" testType="13cdc9d9-ddb5-4fa4-a97d-d965ccfc6d4b" outcome="Passed" testListId="5c826137-18f7-4c07-b810-ed78d37cce02" />
    <UnitTestResult executionId="a0afd076-6c04-43c1-831d-b7b4ed749241" testId="d7316565-11b8-4d9c-ba72-d2693702fdc8" testName="Test6292" computerName="UA-LPT-OGA2" duration="00:00:00.9510000" startTime="2025-05-14T13:20:31.3146610Z" endTime="2025-05-14T13:25:31.3147553Z" testType="13cdc9d9-ddb5-4fa4-a97d-d965ccfc6d4b" outcome="Passed" testListId="5c826137-18f7-4c07-b810-ed78d37cce02" />
    <UnitTestResult executionId="634d5e06-6668-44d4-a842-6a6e0212561f" testId="10f8ea63-26d6-47fc-8740-e4c5ec67c943" testName="Test6293" computerName="UA-LPT-OGA2" duration="00:00:00.8760000" startTime="2025-05-14T13:20:31.3146610Z" endTime="2025-05-14T13:25:31.3147553Z" testType="13cdc9d9-ddb5-4fa4-a97d-d965ccfc6d4b" outcome="Passed" testListId="5c826137-18f7-4c07-b810-ed78d37cce02" />
    <UnitTestResult executionId="2c2eb0c7-2336-44e7-aadb-95f01386b090" testId="9820b446-5466-495c-b7ef-1a82b605c7af" testName="Test6294" computerName="UA-LPT-OGA2" duration="00:00:00.0830000" startTime="2025-05-14T13:20:31.3146610Z" endTime="2025-05-14T13:25:31.3147553Z" testType="13cdc9d9-ddb5-4fa4-a97d-d965ccfc6d4b" outcome="Passed" testListId="5c826137-18f7-4c07-b810-ed78d37cce02" />
    <UnitTestResult executionId="16cf811b-322a-4740-a631-486f8badbd11" testId="2d079f3c-da6d-42fa-bd3d-e4d2eda15d98" testName="Test6295" computerName="UA-LPT-OGA2" duration="00:00:00.7720000" startTime="2025-05-14T13:20:31.3146610Z" endTime="2025-05-14T13:25:31.3147553Z" testType="13cdc9d9-ddb5-4fa4-a97d-d965ccfc6d4b" outcome="Inconclusive" testListId="5c826137-18f7-4c07-b810-ed78d37cce02" />
    <UnitTestResult executionId="dfd601bf-61bc-46ab-88ed-6d06162de104" testId="5fd029a2-a66f-4981-b4df-425f2587f9db" testName="Test6296" computerName="UA-LPT-OGA2" duration="00:00:00.5450000" startTime="2025-05-14T13:20:31.3146610Z" endTime="2025-05-14T13:25:31.3147553Z" testType="13cdc9d9-ddb5-4fa4-a97d-d965ccfc6d4b" outcome="Passed" testListId="5c826137-18f7-4c07-b810-ed78d37cce02" />
    <UnitTestResult executionId="bd5793f4-5213-409e-855c-5e313a46ebe9" testId="00dfb286-7ebc-43d4-888a-f0336c2abf29" testName="Test6297" computerName="UA-LPT-OGA2" duration="00:00:01.3220000" startTime="2025-05-14T13:20:31.3146610Z" endTime="2025-05-14T13:25:31.3147553Z" testType="13cdc9d9-ddb5-4fa4-a97d-d965ccfc6d4b" outcome="Failed" testListId="5c826137-18f7-4c07-b810-ed78d37cce02">
      <Output>
        <ErrorInfo>
          <Message>Assertion failed: Expected value did not match actual value.</Message>
          <StackTrace>   at TestNamespace.TestClass.Test() in TestClass.cs:line 121</StackTrace>
        </ErrorInfo>
      </Output>
    </UnitTestResult>
    <UnitTestResult executionId="a6912437-18ff-40ce-a21e-76ad2ed8372d" testId="8b57ba98-1440-44dc-b21b-4076dc552e61" testName="Test6298" computerName="UA-LPT-OGA2" duration="00:00:01.6430000" startTime="2025-05-14T13:20:31.3146610Z" endTime="2025-05-14T13:25:31.3147553Z" testType="13cdc9d9-ddb5-4fa4-a97d-d965ccfc6d4b" outcome="Passed" testListId="5c826137-18f7-4c07-b810-ed78d37cce02" />
    <UnitTestResult executionId="3595a15c-6f91-4025-8ac6-141ae4f2e22d" testId="dbe23a26-bf8f-4a74-9dc3-36d065e82187" testName="Test6299" computerName="UA-LPT-OGA2" duration="00:00:01.1970000" startTime="2025-05-14T13:20:31.3146610Z" endTime="2025-05-14T13:25:31.3147553Z" testType="13cdc9d9-ddb5-4fa4-a97d-d965ccfc6d4b" outcome="Passed" testListId="5c826137-18f7-4c07-b810-ed78d37cce02" />
    <UnitTestResult executionId="20e1a331-5b3f-4184-8498-c63656af8c99" testId="7e08ea17-2c31-45aa-9a6b-89829c9196ff" testName="Test6300" computerName="UA-LPT-OGA2" duration="00:00:00.1050000" startTime="2025-05-14T13:20:31.3146610Z" endTime="2025-05-14T13:25:31.3147553Z" testType="13cdc9d9-ddb5-4fa4-a97d-d965ccfc6d4b" outcome="Passed" testListId="5c826137-18f7-4c07-b810-ed78d37cce02" />
  </Results>
  <TestDefinitions>
    <UnitTest name="Test6201" id="840b576f-eb67-4e73-ae3e-e6d51b30a5fa" storage="TestAssembly.dll">
      <Execution id="c6f36120-b8de-4569-aac6-07aef911d013" />
      <TestMethod codeBase="TestAssembly.dll" className="TestNamespace.TestClass1" name="Test6201" />
    </UnitTest>
    <UnitTest name="Test6202" id="83595ead-216e-451f-87a8-c30184a0960d" storage="TestAssembly.dll">
      <Execution id="29e3c5ad-dea0-4878-b2fa-dd13af01d8cb" />
      <TestMethod codeBase="TestAssembly.dll" className="TestNamespace.TestClass1" name="Test6202" />
    </UnitTest>
    <UnitTest name="Test6203" id="b2cb9914-b80a-4bf3-90a2-7116b00200cb" storage="TestAssembly.dll">
      <Execution id="80be4e07-f4f2-4ce5-b202-8687006b0e2b" />
      <TestMethod codeBase="TestAssembly.dll" className="TestNamespace.TestClass1" name="Test6203" />
    </UnitTest>
    <UnitTest name="Test6204" id="3de92ac7-96ad-497b-9ed5-ced6035c5770" storage="TestAssembly.dll">
      <Execution id="aeb10af9-18f2-4d25-94c6-2f2510385e61" />
      <TestMethod codeBase="TestAssembly.dll" className="TestNamespace.TestClass1" name="Test6204" />
    </UnitTest>
    <UnitTest name="Test6205" id="6c477105-aab0-4885-9e20-3b0ce863766e" storage="TestAssembly.dll">
      <Execution id="fa00e527-0128-437f-bde5-7049d1f4e40b" />
      <TestMethod codeBase="TestAssembly.dll" className="TestNamespace.TestClass1" name="Test6205" />
    </UnitTest>
    <UnitTest name="Test6206" id="f79f3f66-c9b4-4f55-8147-ca5803b8d0c4" storage="TestAssembly.dll">
      <Execution id="a424baf3-51d9-476f-818c-faa10b337364" />
      <TestMethod codeBase="TestAssembly.dll" className="TestNamespace.TestClass1" name="Test6206" />
    </UnitTest>
    <UnitTest name="Test6207" id="2fcb19ac-b818-47ff-b12b-a3799ca0cb55" storage="TestAssembly.dll">
      <Execution id="e1e75f4d-46b3-4611-a7e8-3e96a927b4b4" />
      <TestMethod codeBase="TestAssembly.dll" className="TestNamespace.TestClass1" name="Test6207" />
    </UnitTest>
    <UnitTest name="Test6208" id="4077815f-74be-4e41-982d-b7a8ef3d9360" storage="TestAssembly.dll">
      <Execution id="61554fc3-789b-4aea-a98b-2edde596e11a" />
      <TestMethod codeBase="TestAssembly.dll" className="TestNamespace.TestClass1" name="Test6208" />
    </UnitTest>
    <UnitTest name="Test6209" id="cdebd6d8-aa81-4aed-a162-24f8bfbb8ba0" storage="TestAssembly.dll">
      <Execution id="db923de9-c2e8-4ba1-a4a0-7c20d9774e08" />
      <TestMethod codeBase="TestAssembly.dll" className="TestNamespace.TestClass1" name="Test6209" />
    </UnitTest>
    <UnitTest name="Test6210" id="b3871dbb-e038-42e2-abbf-a41919e30156" storage="TestAssembly.dll">
      <Execution id="618a76ad-5ff3-488c-9f53-170d3158fa5d" />
      <TestMethod codeBase="TestAssembly.dll" className="TestNamespace.TestClass1" name="Test6210" />
    </UnitTest>
    <UnitTest name="Test6211" id="1d246a83-d9c5-40b7-b307-ac672aec6526" storage="TestAssembly.dll">
      <Execution id="bd594d68-1e6b-4d83-8fc2-8551c17ceabb" />
      <TestMethod codeBase="TestAssembly.dll" className="TestNamespace.TestClass2" name="Test6211" />
    </UnitTest>
    <UnitTest name="Test6212" id="d6c27b21-1440-401f-9ba7-098161e61174" storage="TestAssembly.dll">
      <Execution id="63b33e20-5a42-4584-8bd3-b69937b991f4" />
      <TestMethod codeBase="TestAssembly.dll" className="TestNamespace.TestClass2" name="Test6212" />
    </UnitTest>
    <UnitTest name="Test6213" id="1bca47c1-4cff-498b-bca8-e3b7b57c4330" storage="TestAssembly.dll">
      <Execution id="d57c5b80-8dbe-45bc-8ee5-c44dd57e6aa8" />
      <TestMethod codeBase="TestAssembly.dll" className="TestNamespace.TestClass2" name="Test6213" />
    </UnitTest>
    <UnitTest name="Test6214" id="d67beee5-6df0-493e-ba99-29e4f1f7790f" storage="TestAssembly.dll">
      <Execution id="6ae306ad-9aca-427e-b83a-5b07ed8b2186" />
      <TestMethod codeBase="TestAssembly.dll" className="TestNamespace.TestClass2" name="Test6214" />
    </UnitTest>
    <UnitTest name="Test6215" id="0138e5a4-25eb-4d68-8d72-5b49e9048bea" storage="TestAssembly.dll">
      <Execution id="4ff7d9fb-b915-4941-9ef0-3a21ffedd1b1" />
      <TestMethod codeBase="TestAssembly.dll" className="TestNamespace.TestClass2" name="Test6215" />
    </UnitTest>
    <UnitTest name="Test6216" id="fd733f77-0546-4db6-8440-ce04ccb91444" storage="TestAssembly.dll">
      <Execution id="5a38bd8b-b0ae-46b8-b405-6d15c5a97d40" />
      <TestMethod codeBase="TestAssembly.dll" className="TestNamespace.TestClass2" name="Test6216" />
    </UnitTest>
    <UnitTest name="Test6217" id="608a1885-9393-4a7e-bb93-4db843b94d93" storage="TestAssembly.dll">
      <Execution id="f5778050-26c4-4630-90ad-65840ffac32b" />
      <TestMethod codeBase="TestAssembly.dll" className="TestNamespace.TestClass2" name="Test6217" />
    </UnitTest>
    <UnitTest name="Test6218" id="0820efdc-2b16-4775-be12-2473259836e5" storage="TestAssembly.dll">
      <Execution id="17cf1b43-aa41-4e37-9f7d-a03199def285" />
      <TestMethod codeBase="TestAssembly.dll" className="TestNamespace.TestClass2" name="Test6218" />
    </UnitTest>
    <UnitTest name="Test6219" id="40482cb3-e0cc-45b1-8fd9-55b7e99769ab" storage="TestAssembly.dll">
      <Execution id="4767ed43-71bb-4b8f-acd6-3116a0f2cc60" />
      <TestMethod codeBase="TestAssembly.dll" className="TestNamespace.TestClass2" name="Test6219" />
    </UnitTest>
    <UnitTest name="Test6220" id="59f7714f-23f1-4fb2-baec-156dceb8d5cf" storage="TestAssembly.dll">
      <Execution id="3d0290f3-54ae-4e14-ae88-ace4e6b49201" />
      <TestMethod codeBase="TestAssembly.dll" className="TestNamespace.TestClass2" name="Test6220" />
    </UnitTest>
    <UnitTest name="Test6221" id="4051b951-3295-4690-84e0-68b1efd0c2bc" storage="TestAssembly.dll">
      <Execution id="bb77c954-00fb-4756-951d-4142e33b2cb8" />
      <TestMethod codeBase="TestAssembly.dll" className="TestNamespace.TestClass3" name="Test6221" />
    </UnitTest>
    <UnitTest name="Test6222" id="9c34031c-0af5-4b40-bcda-21a972fbbce0" storage="TestAssembly.dll">
      <Execution id="5d63a8a3-091b-427b-87ac-8074da297f78" />
      <TestMethod codeBase="TestAssembly.dll" className="TestNamespace.TestClass3" name="Test6222" />
    </UnitTest>
    <UnitTest name="Test6223" id="0b143008-78b5-45c3-8285-f780eec7fd27" storage="TestAssembly.dll">
      <Execution id="f63a74e6-73af-4a17-a5a8-72f19deabe4d" />
      <TestMethod codeBase="TestAssembly.dll" className="TestNamespace.TestClass3" name="Test6223" />
    </UnitTest>
    <UnitTest name="Test6224" id="4bae96ce-ae33-4135-a4c9-7c7e5b67f708" storage="TestAssembly.dll">
      <Execution id="64b130a4-29f9-41ee-b5f2-a1d667c717bf" />
      <TestMethod codeBase="TestAssembly.dll" className="TestNamespace.TestClass3" name="Test6224" />
    </UnitTest>
    <UnitTest name="Test6225" id="32478494-5bfb-4fa0-b60b-434e6f170790" storage="TestAssembly.dll">
      <Execution id="ed9598ae-e6f7-47c5-bf42-6f36be80fa3c" />
      <TestMethod codeBase="TestAssembly.dll" className="TestNamespace.TestClass3" name="Test6225" />
    </UnitTest>
    <UnitTest name="Test6226" id="0feaf0d7-069c-47cb-bdd4-988daf27f809" storage="TestAssembly.dll">
      <Execution id="93f39a91-3426-4d8d-b9ac-b63dfcd31890" />
      <TestMethod codeBase="TestAssembly.dll" className="TestNamespace.TestClass3" name="Test6226" />
    </UnitTest>
    <UnitTest name="Test6227" id="83b91419-4d38-4dab-9ffb-859ec945a1c2" storage="TestAssembly.dll">
      <Execution id="2c64a7aa-d592-4651-b829-6467965112cd" />
      <TestMethod codeBase="TestAssembly.dll" className="TestNamespace.TestClass3" name="Test6227" />
    </UnitTest>
    <UnitTest name="Test6228" id="ec04786e-de00-4f47-8cd4-34d5daea35b8" storage="TestAssembly.dll">
      <Execution id="1f086abd-ea40-4ecf-8418-2eaa2b53fa04" />
      <TestMethod codeBase="TestAssembly.dll" className="TestNamespace.TestClass3" name="Test6228" />
    </UnitTest>
    <UnitTest name="Test6229" id="008b0634-d2c0-4a2d-b1fe-6b6956e5fc4c" storage="TestAssembly.dll">
      <Execution id="ab05cca0-0055-4126-b869-dc0af1f7c197" />
      <TestMethod codeBase="TestAssembly.dll" className="TestNamespace.TestClass3" name="Test6229" />
    </UnitTest>
    <UnitTest name="Test6230" id="e727a6a9-bec6-46b0-903e-9bde6cd56b0b" storage="TestAssembly.dll">
      <Execution id="276688e4-da42-4d4b-b31c-9bc35b490aa8" />
      <TestMethod codeBase="TestAssembly.dll" className="TestNamespace.TestClass3" name="Test6230" />
    </UnitTest>
    <UnitTest name="Test6231" id="643f7ea2-655d-4044-bcb0-c882bb2977f5" storage="TestAssembly.dll">
      <Execution id="e3526b4f-a3b5-42b6-b639-5fd0ff98190f" />
      <TestMethod codeBase="TestAssembly.dll" className="TestNamespace.TestClass4" name="Test6231" />
    </UnitTest>
    <UnitTest name="Test6232" id="e04723e1-a924-4cad-9d87-7cd84daacdfb" storage="TestAssembly.dll">
      <Execution id="595b70b6-0ea4-45bb-bb3d-18eaa6b8107d" />
      <TestMethod codeBase="TestAssembly.dll" className="TestNamespace.TestClass4" name="Test6232" />
    </UnitTest>
    <UnitTest name="Test6233" id="d9784f8e-43a4-479f-bd03-8456595427b1" storage="TestAssembly.dll">
      <Execution id="a305c7dd-0600-48d4-a172-6e5f0d0d4422" />
      <TestMethod codeBase="TestAssembly.dll" className="TestNamespace.TestClass4" name="Test6233" />
    </UnitTest>
    <UnitTest name="Test6234" id="ffdd6490-2a19-4c29-a68a-22fd85d4d437" storage="TestAssembly.dll">
      <Execution id="cc8c056f-fbc9-4d0e-8255-f5c8367ac4a3" />
      <TestMethod codeBase="TestAssembly.dll" className="TestNamespace.TestClass4" name="Test6234" />
    </UnitTest>
    <UnitTest name="Test6235" id="d354ed73-b540-472b-b521-ce8d8af99339" storage="TestAssembly.dll">
      <Execution id="fcc54bda-0328-48cb-957e-6f42af751cba" />
      <TestMethod codeBase="TestAssembly.dll" className="TestNamespace.TestClass4" name="Test6235" />
    </UnitTest>
    <UnitTest name="Test6236" id="ca901494-309d-4cd1-b67e-24a59f9b3b19" storage="TestAssembly.dll">
      <Execution id="74718c21-a275-407d-a834-c4bb986fdd3c" />
      <TestMethod codeBase="TestAssembly.dll" className="TestNamespace.TestClass4" name="Test6236" />
    </UnitTest>
    <UnitTest name="Test6237" id="414a2dc7-c5e6-4c72-97d9-0abf962fad04" storage="TestAssembly.dll">
      <Execution id="a42e95af-5bd1-4f9f-b51c-d4402069b234" />
      <TestMethod codeBase="TestAssembly.dll" className="TestNamespace.TestClass4" name="Test6237" />
    </UnitTest>
    <UnitTest name="Test6238" id="036dc24b-d0dd-4826-98a1-8764fdbe4fbb" storage="TestAssembly.dll">
      <Execution id="1e21a88d-5cc6-49c9-97d3-073b2e798136" />
      <TestMethod codeBase="TestAssembly.dll" className="TestNamespace.TestClass4" name="Test6238" />
    </UnitTest>
    <UnitTest name="Test6239" id="61eec53c-87aa-4e04-afa4-bdeeccc2df3c" storage="TestAssembly.dll">
      <Execution id="234daa89-f836-4660-a5d1-882de1a2c348" />
      <TestMethod codeBase="TestAssembly.dll" className="TestNamespace.TestClass4" name="Test6239" />
    </UnitTest>
    <UnitTest name="Test6240" id="1013cfc5-3c86-4ff6-a930-6cc2017257ed" storage="TestAssembly.dll">
      <Execution id="00c62e0c-4648-4770-98da-93873003b70b" />
      <TestMethod codeBase="TestAssembly.dll" className="TestNamespace.TestClass4" name="Test6240" />
    </UnitTest>
    <UnitTest name="Test6241" id="e735195a-ef43-463e-a146-a250ed1c4ccf" storage="TestAssembly.dll">
      <Execution id="35ab3a66-bca8-4269-b8cd-b27ef36869f9" />
      <TestMethod codeBase="TestAssembly.dll" className="TestNamespace.TestClass5" name="Test6241" />
    </UnitTest>
    <UnitTest name="Test6242" id="5762d3bf-7381-4e52-9a03-d466042fc3c8" storage="TestAssembly.dll">
      <Execution id="f0bcc815-cb1f-4238-8798-679c64c15066" />
      <TestMethod codeBase="TestAssembly.dll" className="TestNamespace.TestClass5" name="Test6242" />
    </UnitTest>
    <UnitTest name="Test6243" id="64f544c5-fce0-4338-aaf9-eb74d361c14e" storage="TestAssembly.dll">
      <Execution id="46abc880-c9db-414b-b9d3-019ca1f674ab" />
      <TestMethod codeBase="TestAssembly.dll" className="TestNamespace.TestClass5" name="Test6243" />
    </UnitTest>
    <UnitTest name="Test6244" id="4d924e6e-a107-4d4f-8866-66893e678595" storage="TestAssembly.dll">
      <Execution id="fdb5b2af-bd4f-4a09-87e3-ce5a3bfa0860" />
      <TestMethod codeBase="TestAssembly.dll" className="TestNamespace.TestClass5" name="Test6244" />
    </UnitTest>
    <UnitTest name="Test6245" id="ad0cd0e2-0916-4bdf-8570-3f1e1da0177b" storage="TestAssembly.dll">
      <Execution id="0e9e2ce6-2a28-410b-a9dc-be8cd78b2ed1" />
      <TestMethod codeBase="TestAssembly.dll" className="TestNamespace.TestClass5" name="Test6245" />
    </UnitTest>
    <UnitTest name="Test6246" id="e32fe89a-5930-495c-be35-a4cb12a89e7b" storage="TestAssembly.dll">
      <Execution id="3ef4c8f7-f3a1-4a02-ade5-bd0c2a51a027" />
      <TestMethod codeBase="TestAssembly.dll" className="TestNamespace.TestClass5" name="Test6246" />
    </UnitTest>
    <UnitTest name="Test6247" id="754bf143-b03e-41f7-bc4b-0393a33203f3" storage="TestAssembly.dll">
      <Execution id="fa0ad4b0-ba9e-42cc-b866-e7f00b542e1b" />
      <TestMethod codeBase="TestAssembly.dll" className="TestNamespace.TestClass5" name="Test6247" />
    </UnitTest>
    <UnitTest name="Test6248" id="1f10e2e7-ab05-409e-8a58-d77c00cd07ec" storage="TestAssembly.dll">
      <Execution id="e8288556-6b7d-4063-8214-b26037cfbd24" />
      <TestMethod codeBase="TestAssembly.dll" className="TestNamespace.TestClass5" name="Test6248" />
    </UnitTest>
    <UnitTest name="Test6249" id="dc4408fb-8edb-4c8f-9cf6-7beb6f766e4d" storage="TestAssembly.dll">
      <Execution id="738c91a7-96c2-4141-99a9-cbb179b3dbd8" />
      <TestMethod codeBase="TestAssembly.dll" className="TestNamespace.TestClass5" name="Test6249" />
    </UnitTest>
    <UnitTest name="Test6250" id="1bcfa1db-40c8-4bc4-8386-bca2c6ab9528" storage="TestAssembly.dll">
      <Execution id="dc885f3f-3adc-40af-9c6d-ad81c782c1c3" />
      <TestMethod codeBase="TestAssembly.dll" className="TestNamespace.TestClass5" name="Test6250" />
    </UnitTest>
    <UnitTest name="Test6251" id="a5f36b1a-cbdd-427f-8614-7db16c7827e1" storage="TestAssembly.dll">
      <Execution id="4779c20e-7262-443d-8dc8-91e6ab2f8bc0" />
      <TestMethod codeBase="TestAssembly.dll" className="TestNamespace.TestClass6" name="Test6251" />
    </UnitTest>
    <UnitTest name="Test6252" id="392d99e6-6014-43f7-8266-ca87b247e9dd" storage="TestAssembly.dll">
      <Execution id="7ee7e7b8-92eb-464b-b3bb-5dd2019488d5" />
      <TestMethod codeBase="TestAssembly.dll" className="TestNamespace.TestClass6" name="Test6252" />
    </UnitTest>
    <UnitTest name="Test6253" id="a760ea08-9ab9-4d23-ae83-1b3cecf63f12" storage="TestAssembly.dll">
      <Execution id="09b1e204-b8ce-46c8-907d-23da383d4f80" />
      <TestMethod codeBase="TestAssembly.dll" className="TestNamespace.TestClass6" name="Test6253" />
    </UnitTest>
    <UnitTest name="Test6254" id="1f980129-a6f6-4221-abea-db9dd3752f62" storage="TestAssembly.dll">
      <Execution id="d6111e0c-2cf3-40aa-b072-02b75d66b0e4" />
      <TestMethod codeBase="TestAssembly.dll" className="TestNamespace.TestClass6" name="Test6254" />
    </UnitTest>
    <UnitTest name="Test6255" id="1960da8a-3344-49d7-a3d7-d22ef702ca1f" storage="TestAssembly.dll">
      <Execution id="7dc2061d-c553-4080-8f1b-35959347a4a0" />
      <TestMethod codeBase="TestAssembly.dll" className="TestNamespace.TestClass6" name="Test6255" />
    </UnitTest>
    <UnitTest name="Test6256" id="d3d05498-b4f3-46fc-9bbd-5ec374d5a341" storage="TestAssembly.dll">
      <Execution id="61ea81c5-a12c-4ca9-b3f3-a213b5cea28c" />
      <TestMethod codeBase="TestAssembly.dll" className="TestNamespace.TestClass6" name="Test6256" />
    </UnitTest>
    <UnitTest name="Test6257" id="28af4104-1324-43ea-8a0b-e0fd2aaf198e" storage="TestAssembly.dll">
      <Execution id="cd84b5f7-10e2-4dc8-a815-77d2d8ed1c38" />
      <TestMethod codeBase="TestAssembly.dll" className="TestNamespace.TestClass6" name="Test6257" />
    </UnitTest>
    <UnitTest name="Test6258" id="1bba9a8c-24f0-43f3-99c5-92293510cb28" storage="TestAssembly.dll">
      <Execution id="e14fdd19-361e-4a54-b66d-a0603840f98c" />
      <TestMethod codeBase="TestAssembly.dll" className="TestNamespace.TestClass6" name="Test6258" />
    </UnitTest>
    <UnitTest name="Test6259" id="ab7bf9d0-9cb4-4591-869d-2def6b450e59" storage="TestAssembly.dll">
      <Execution id="9a29169d-5520-424f-a785-25f3de9f25f4" />
      <TestMethod codeBase="TestAssembly.dll" className="TestNamespace.TestClass6" name="Test6259" />
    </UnitTest>
    <UnitTest name="Test6260" id="da81c930-f3f9-4f23-a3ca-cd705b57ff00" storage="TestAssembly.dll">
      <Execution id="f1923e73-0787-4119-837b-0fa0f01cbf42" />
      <TestMethod codeBase="TestAssembly.dll" className="TestNamespace.TestClass6" name="Test6260" />
    </UnitTest>
    <UnitTest name="Test6261" id="0080e56f-bd6d-442f-a5dd-a1388d460b0e" storage="TestAssembly.dll">
      <Execution id="c71779d1-39ad-4fc8-afb7-42fd4e036989" />
      <TestMethod codeBase="TestAssembly.dll" className="TestNamespace.TestClass7" name="Test6261" />
    </UnitTest>
    <UnitTest name="Test6262" id="50cfc5a6-e29a-472b-9300-96762789677b" storage="TestAssembly.dll">
      <Execution id="dcd4f519-0e04-4889-9d00-4885dc1bfc91" />
      <TestMethod codeBase="TestAssembly.dll" className="TestNamespace.TestClass7" name="Test6262" />
    </UnitTest>
    <UnitTest name="Test6263" id="92506fa2-8ea2-4e83-aed0-bbf0d4b599c4" storage="TestAssembly.dll">
      <Execution id="402d0675-fe61-469a-bea9-43e5fc28d1e1" />
      <TestMethod codeBase="TestAssembly.dll" className="TestNamespace.TestClass7" name="Test6263" />
    </UnitTest>
    <UnitTest name="Test6264" id="d3c02a0a-adf2-4e9e-b64f-1e6fc70a2eaf" storage="TestAssembly.dll">
      <Execution id="ce4a0d03-ac6f-4faa-9638-c56d7536dc0e" />
      <TestMethod codeBase="TestAssembly.dll" className="TestNamespace.TestClass7" name="Test6264" />
    </UnitTest>
    <UnitTest name="Test6265" id="0eee3879-5c79-4250-ac6f-2a5feb36b1cd" storage="TestAssembly.dll">
      <Execution id="0b1485c3-8470-4251-8552-b4e8936d18c4" />
      <TestMethod codeBase="TestAssembly.dll" className="TestNamespace.TestClass7" name="Test6265" />
    </UnitTest>
    <UnitTest name="Test6266" id="26827baf-0869-4bd1-be49-0e1a22db309a" storage="TestAssembly.dll">
      <Execution id="41cccb3e-ade1-434d-9157-7f1c14ad4bab" />
      <TestMethod codeBase="TestAssembly.dll" className="TestNamespace.TestClass7" name="Test6266" />
    </UnitTest>
    <UnitTest name="Test6267" id="6f22e68d-c842-457e-8e3b-68ab78aede4d" storage="TestAssembly.dll">
      <Execution id="dded094a-49a6-4a8d-904a-9a01acdf357a" />
      <TestMethod codeBase="TestAssembly.dll" className="TestNamespace.TestClass7" name="Test6267" />
    </UnitTest>
    <UnitTest name="Test6268" id="9c555af0-6b14-4bf5-bced-39c9ddca6d06" storage="TestAssembly.dll">
      <Execution id="aa489bd8-3650-4abf-acff-240a1afd700d" />
      <TestMethod codeBase="TestAssembly.dll" className="TestNamespace.TestClass7" name="Test6268" />
    </UnitTest>
    <UnitTest name="Test6269" id="6d1ffaf3-35bf-4b8d-9f4f-382f6dfafe3d" storage="TestAssembly.dll">
      <Execution id="c752ea30-10d4-4026-9a4b-37372e323e8d" />
      <TestMethod codeBase="TestAssembly.dll" className="TestNamespace.TestClass7" name="Test6269" />
    </UnitTest>
    <UnitTest name="Test6270" id="2da44b65-33ea-47a2-a3da-5256d0cc8956" storage="TestAssembly.dll">
      <Execution id="799bf8ca-a09a-44d8-99b6-189ebad22edb" />
      <TestMethod codeBase="TestAssembly.dll" className="TestNamespace.TestClass7" name="Test6270" />
    </UnitTest>
    <UnitTest name="Test6271" id="b7700a1f-3175-4820-95c4-d5fc9716884c" storage="TestAssembly.dll">
      <Execution id="346454f2-72be-4b60-9672-7e68b9427861" />
      <TestMethod codeBase="TestAssembly.dll" className="TestNamespace.TestClass8" name="Test6271" />
    </UnitTest>
    <UnitTest name="Test6272" id="83ebd6c1-1708-44c7-9053-97f02ec36304" storage="TestAssembly.dll">
      <Execution id="b333354b-042b-4581-a640-ea748b23eb50" />
      <TestMethod codeBase="TestAssembly.dll" className="TestNamespace.TestClass8" name="Test6272" />
    </UnitTest>
    <UnitTest name="Test6273" id="a220e88e-2129-4723-aff6-c61cd1f442b4" storage="TestAssembly.dll">
      <Execution id="a73dbda9-59f0-4dd6-965f-7fbd81c1c341" />
      <TestMethod codeBase="TestAssembly.dll" className="TestNamespace.TestClass8" name="Test6273" />
    </UnitTest>
    <UnitTest name="Test6274" id="ecc6a242-c41d-4998-afc0-a87cc8ea1b20" storage="TestAssembly.dll">
      <Execution id="3afe4173-1f37-45bc-8cd6-0a678bada43d" />
      <TestMethod codeBase="TestAssembly.dll" className="TestNamespace.TestClass8" name="Test6274" />
    </UnitTest>
    <UnitTest name="Test6275" id="4f639561-4696-4c91-9e01-30f501075398" storage="TestAssembly.dll">
      <Execution id="44998915-d544-4dca-9c9f-bf62c714bcb5" />
      <TestMethod codeBase="TestAssembly.dll" className="TestNamespace.TestClass8" name="Test6275" />
    </UnitTest>
    <UnitTest name="Test6276" id="d0e43218-544b-4990-998a-4b54f2305539" storage="TestAssembly.dll">
      <Execution id="9531d54a-29b6-4009-8cb6-97425cf7e3e7" />
      <TestMethod codeBase="TestAssembly.dll" className="TestNamespace.TestClass8" name="Test6276" />
    </UnitTest>
    <UnitTest name="Test6277" id="601f1c70-41e6-4d7b-a010-2118deb31d45" storage="TestAssembly.dll">
      <Execution id="afb67598-2da8-4afa-b06c-a7d31cb74d40" />
      <TestMethod codeBase="TestAssembly.dll" className="TestNamespace.TestClass8" name="Test6277" />
    </UnitTest>
    <UnitTest name="Test6278" id="380a39b2-3efd-48f5-ba91-9af7b8492240" storage="TestAssembly.dll">
      <Execution id="539896da-4ae0-4af2-b386-d8026a39f052" />
      <TestMethod codeBase="TestAssembly.dll" className="TestNamespace.TestClass8" name="Test6278" />
    </UnitTest>
    <UnitTest name="Test6279" id="7c2bfeae-ae4e-473d-89eb-fbd35b763903" storage="TestAssembly.dll">
      <Execution id="4aa0a823-83f8-4ecf-aa40-974a1f3d53d4" />
      <TestMethod codeBase="TestAssembly.dll" className="TestNamespace.TestClass8" name="Test6279" />
    </UnitTest>
    <UnitTest name="Test6280" id="5b18ceda-263d-433e-8e24-72a7d5017b7c" storage="TestAssembly.dll">
      <Execution id="5cb697d4-59fd-4a30-b804-d28fc5a2d200" />
      <TestMethod codeBase="TestAssembly.dll" className="TestNamespace.TestClass8" name="Test6280" />
    </UnitTest>
    <UnitTest name="Test6281" id="4d914bba-d179-4b1e-b4d6-a66be5c40d29" storage="TestAssembly.dll">
      <Execution id="2f7243e7-d36e-49b8-8bc5-978c21ee9eb9" />
      <TestMethod codeBase="TestAssembly.dll" className="TestNamespace.TestClass9" name="Test6281" />
    </UnitTest>
    <UnitTest name="Test6282" id="b5802b31-de9d-470d-9aee-90f674e5ad7f" storage="TestAssembly.dll">
      <Execution id="7e00c8b5-cf2a-42a5-bf75-c4081f62c6a4" />
      <TestMethod codeBase="TestAssembly.dll" className="TestNamespace.TestClass9" name="Test6282" />
    </UnitTest>
    <UnitTest name="Test6283" id="0a5e6cf3-5b58-4880-98dc-0817150426bd" storage="TestAssembly.dll">
      <Execution id="6ca65b71-21b6-4f7a-aa93-09572eaa4447" />
      <TestMethod codeBase="TestAssembly.dll" className="TestNamespace.TestClass9" name="Test6283" />
    </UnitTest>
    <UnitTest name="Test6284" id="bc930d83-dc1e-4c5a-9b41-c7c39a062cd7" storage="TestAssembly.dll">
      <Execution id="27f0e7f0-9d04-498a-8459-a8aa22a3f452" />
      <TestMethod codeBase="TestAssembly.dll" className="TestNamespace.TestClass9" name="Test6284" />
    </UnitTest>
    <UnitTest name="Test6285" id="9f0e867c-4663-4236-8f74-c59ec4fe350c" storage="TestAssembly.dll">
      <Execution id="6a8e9ad8-c2e6-480c-8e1c-a7ac11667fd5" />
      <TestMethod codeBase="TestAssembly.dll" className="TestNamespace.TestClass9" name="Test6285" />
    </UnitTest>
    <UnitTest name="Test6286" id="d18f7059-2e5f-4045-bdf4-6b67cd820c23" storage="TestAssembly.dll">
      <Execution id="a534dd0e-afdd-4fb9-aa16-3f7835af5437" />
      <TestMethod codeBase="TestAssembly.dll" className="TestNamespace.TestClass9" name="Test6286" />
    </UnitTest>
    <UnitTest name="Test6287" id="ddbbb2dd-bfe3-4289-bd31-3217dec4a64d" storage="TestAssembly.dll">
      <Execution id="5b82b558-95c5-4f11-b9e6-ff3ee928d5c1" />
      <TestMethod codeBase="TestAssembly.dll" className="TestNamespace.TestClass9" name="Test6287" />
    </UnitTest>
    <UnitTest name="Test6288" id="04a47c4c-6fcb-4a68-aa65-d337e918d203" storage="TestAssembly.dll">
      <Execution id="bd6dd405-d80e-440b-911e-162844ff6dd8" />
      <TestMethod codeBase="TestAssembly.dll" className="TestNamespace.TestClass9" name="Test6288" />
    </UnitTest>
    <UnitTest name="Test6289" id="d8f185fe-491d-41a3-bdef-c0d3b922d6cb" storage="TestAssembly.dll">
      <Execution id="1c9cb5c1-8acc-4005-8e02-f626b7489642" />
      <TestMethod codeBase="TestAssembly.dll" className="TestNamespace.TestClass9" name="Test6289" />
    </UnitTest>
    <UnitTest name="Test6290" id="f75d1845-7c88-4d5d-bf6c-f50081b7aede" storage="TestAssembly.dll">
      <Execution id="fbe624cb-82b8-408a-8f25-15a9e1dc3712" />
      <TestMethod codeBase="TestAssembly.dll" className="TestNamespace.TestClass9" name="Test6290" />
    </UnitTest>
    <UnitTest name="Test6291" id="bd9d0e10-5b87-4fcb-a0fd-de915f4f4937" storage="TestAssembly.dll">
      <Execution id="be055d97-4970-413b-816f-b06693f4f51a" />
      <TestMethod codeBase="TestAssembly.dll" className="TestNamespace.TestClass10" name="Test6291" />
    </UnitTest>
    <UnitTest name="Test6292" id="d7316565-11b8-4d9c-ba72-d2693702fdc8" storage="TestAssembly.dll">
      <Execution id="a0afd076-6c04-43c1-831d-b7b4ed749241" />
      <TestMethod codeBase="TestAssembly.dll" className="TestNamespace.TestClass10" name="Test6292" />
    </UnitTest>
    <UnitTest name="Test6293" id="10f8ea63-26d6-47fc-8740-e4c5ec67c943" storage="TestAssembly.dll">
      <Execution id="634d5e06-6668-44d4-a842-6a6e0212561f" />
      <TestMethod codeBase="TestAssembly.dll" className="TestNamespace.TestClass10" name="Test6293" />
    </UnitTest>
    <UnitTest name="Test6294" id="9820b446-5466-495c-b7ef-1a82b605c7af" storage="TestAssembly.dll">
      <Execution id="2c2eb0c7-2336-44e7-aadb-95f01386b090" />
      <TestMethod codeBase="TestAssembly.dll" className="TestNamespace.TestClass10" name="Test6294" />
    </UnitTest>
    <UnitTest name="Test6295" id="2d079f3c-da6d-42fa-bd3d-e4d2eda15d98" storage="TestAssembly.dll">
      <Execution id="16cf811b-322a-4740-a631-486f8badbd11" />
      <TestMethod codeBase="TestAssembly.dll" className="TestNamespace.TestClass10" name="Test6295" />
    </UnitTest>
    <UnitTest name="Test6296" id="5fd029a2-a66f-4981-b4df-425f2587f9db" storage="TestAssembly.dll">
      <Execution id="dfd601bf-61bc-46ab-88ed-6d06162de104" />
      <TestMethod codeBase="TestAssembly.dll" className="TestNamespace.TestClass10" name="Test6296" />
    </UnitTest>
    <UnitTest name="Test6297" id="00dfb286-7ebc-43d4-888a-f0336c2abf29" storage="TestAssembly.dll">
      <Execution id="bd5793f4-5213-409e-855c-5e313a46ebe9" />
      <TestMethod codeBase="TestAssembly.dll" className="TestNamespace.TestClass10" name="Test6297" />
    </UnitTest>
    <UnitTest name="Test6298" id="8b57ba98-1440-44dc-b21b-4076dc552e61" storage="TestAssembly.dll">
      <Execution id="a6912437-18ff-40ce-a21e-76ad2ed8372d" />
      <TestMethod codeBase="TestAssembly.dll" className="TestNamespace.TestClass10" name="Test6298" />
    </UnitTest>
    <UnitTest name="Test6299" id="dbe23a26-bf8f-4a74-9dc3-36d065e82187" storage="TestAssembly.dll">
      <Execution id="3595a15c-6f91-4025-8ac6-141ae4f2e22d" />
      <TestMethod codeBase="TestAssembly.dll" className="TestNamespace.TestClass10" name="Test6299" />
    </UnitTest>
    <UnitTest name="Test6300" id="7e08ea17-2c31-45aa-9a6b-89829c9196ff" storage="TestAssembly.dll">
      <Execution id="20e1a331-5b3f-4184-8498-c63656af8c99" />
      <TestMethod codeBase="TestAssembly.dll" className="TestNamespace.TestClass10" name="Test6300" />
    </UnitTest>
  </TestDefinitions>
  <TestEntries>
    <TestEntry testId="840b576f-eb67-4e73-ae3e-e6d51b30a5fa" executionId="c6f36120-b8de-4569-aac6-07aef911d013" testListId="5c826137-18f7-4c07-b810-ed78d37cce02" />
    <TestEntry testId="83595ead-216e-451f-87a8-c30184a0960d" executionId="29e3c5ad-dea0-4878-b2fa-dd13af01d8cb" testListId="5c826137-18f7-4c07-b810-ed78d37cce02" />
    <TestEntry testId="b2cb9914-b80a-4bf3-90a2-7116b00200cb" executionId="80be4e07-f4f2-4ce5-b202-8687006b0e2b" testListId="5c826137-18f7-4c07-b810-ed78d37cce02" />
    <TestEntry testId="3de92ac7-96ad-497b-9ed5-ced6035c5770" executionId="aeb10af9-18f2-4d25-94c6-2f2510385e61" testListId="5c826137-18f7-4c07-b810-ed78d37cce02" />
    <TestEntry testId="6c477105-aab0-4885-9e20-3b0ce863766e" executionId="fa00e527-0128-437f-bde5-7049d1f4e40b" testListId="5c826137-18f7-4c07-b810-ed78d37cce02" />
    <TestEntry testId="f79f3f66-c9b4-4f55-8147-ca5803b8d0c4" executionId="a424baf3-51d9-476f-818c-faa10b337364" testListId="5c826137-18f7-4c07-b810-ed78d37cce02" />
    <TestEntry testId="2fcb19ac-b818-47ff-b12b-a3799ca0cb55" executionId="e1e75f4d-46b3-4611-a7e8-3e96a927b4b4" testListId="5c826137-18f7-4c07-b810-ed78d37cce02" />
    <TestEntry testId="4077815f-74be-4e41-982d-b7a8ef3d9360" executionId="61554fc3-789b-4aea-a98b-2edde596e11a" testListId="5c826137-18f7-4c07-b810-ed78d37cce02" />
    <TestEntry testId="cdebd6d8-aa81-4aed-a162-24f8bfbb8ba0" executionId="db923de9-c2e8-4ba1-a4a0-7c20d9774e08" testListId="5c826137-18f7-4c07-b810-ed78d37cce02" />
    <TestEntry testId="b3871dbb-e038-42e2-abbf-a41919e30156" executionId="618a76ad-5ff3-488c-9f53-170d3158fa5d" testListId="5c826137-18f7-4c07-b810-ed78d37cce02" />
    <TestEntry testId="1d246a83-d9c5-40b7-b307-ac672aec6526" executionId="bd594d68-1e6b-4d83-8fc2-8551c17ceabb" testListId="5c826137-18f7-4c07-b810-ed78d37cce02" />
    <TestEntry testId="d6c27b21-1440-401f-9ba7-098161e61174" executionId="63b33e20-5a42-4584-8bd3-b69937b991f4" testListId="5c826137-18f7-4c07-b810-ed78d37cce02" />
    <TestEntry testId="1bca47c1-4cff-498b-bca8-e3b7b57c4330" executionId="d57c5b80-8dbe-45bc-8ee5-c44dd57e6aa8" testListId="5c826137-18f7-4c07-b810-ed78d37cce02" />
    <TestEntry testId="d67beee5-6df0-493e-ba99-29e4f1f7790f" executionId="6ae306ad-9aca-427e-b83a-5b07ed8b2186" testListId="5c826137-18f7-4c07-b810-ed78d37cce02" />
    <TestEntry testId="0138e5a4-25eb-4d68-8d72-5b49e9048bea" executionId="4ff7d9fb-b915-4941-9ef0-3a21ffedd1b1" testListId="5c826137-18f7-4c07-b810-ed78d37cce02" />
    <TestEntry testId="fd733f77-0546-4db6-8440-ce04ccb91444" executionId="5a38bd8b-b0ae-46b8-b405-6d15c5a97d40" testListId="5c826137-18f7-4c07-b810-ed78d37cce02" />
    <TestEntry testId="608a1885-9393-4a7e-bb93-4db843b94d93" executionId="f5778050-26c4-4630-90ad-65840ffac32b" testListId="5c826137-18f7-4c07-b810-ed78d37cce02" />
    <TestEntry testId="0820efdc-2b16-4775-be12-2473259836e5" executionId="17cf1b43-aa41-4e37-9f7d-a03199def285" testListId="5c826137-18f7-4c07-b810-ed78d37cce02" />
    <TestEntry testId="40482cb3-e0cc-45b1-8fd9-55b7e99769ab" executionId="4767ed43-71bb-4b8f-acd6-3116a0f2cc60" testListId="5c826137-18f7-4c07-b810-ed78d37cce02" />
    <TestEntry testId="59f7714f-23f1-4fb2-baec-156dceb8d5cf" executionId="3d0290f3-54ae-4e14-ae88-ace4e6b49201" testListId="5c826137-18f7-4c07-b810-ed78d37cce02" />
    <TestEntry testId="4051b951-3295-4690-84e0-68b1efd0c2bc" executionId="bb77c954-00fb-4756-951d-4142e33b2cb8" testListId="5c826137-18f7-4c07-b810-ed78d37cce02" />
    <TestEntry testId="9c34031c-0af5-4b40-bcda-21a972fbbce0" executionId="5d63a8a3-091b-427b-87ac-8074da297f78" testListId="5c826137-18f7-4c07-b810-ed78d37cce02" />
    <TestEntry testId="0b143008-78b5-45c3-8285-f780eec7fd27" executionId="f63a74e6-73af-4a17-a5a8-72f19deabe4d" testListId="5c826137-18f7-4c07-b810-ed78d37cce02" />
    <TestEntry testId="4bae96ce-ae33-4135-a4c9-7c7e5b67f708" executionId="64b130a4-29f9-41ee-b5f2-a1d667c717bf" testListId="5c826137-18f7-4c07-b810-ed78d37cce02" />
    <TestEntry testId="32478494-5bfb-4fa0-b60b-434e6f170790" executionId="ed9598ae-e6f7-47c5-bf42-6f36be80fa3c" testListId="5c826137-18f7-4c07-b810-ed78d37cce02" />
    <TestEntry testId="0feaf0d7-069c-47cb-bdd4-988daf27f809" executionId="93f39a91-3426-4d8d-b9ac-b63dfcd31890" testListId="5c826137-18f7-4c07-b810-ed78d37cce02" />
    <TestEntry testId="83b91419-4d38-4dab-9ffb-859ec945a1c2" executionId="2c64a7aa-d592-4651-b829-6467965112cd" testListId="5c826137-18f7-4c07-b810-ed78d37cce02" />
    <TestEntry testId="ec04786e-de00-4f47-8cd4-34d5daea35b8" executionId="1f086abd-ea40-4ecf-8418-2eaa2b53fa04" testListId="5c826137-18f7-4c07-b810-ed78d37cce02" />
    <TestEntry testId="008b0634-d2c0-4a2d-b1fe-6b6956e5fc4c" executionId="ab05cca0-0055-4126-b869-dc0af1f7c197" testListId="5c826137-18f7-4c07-b810-ed78d37cce02" />
    <TestEntry testId="e727a6a9-bec6-46b0-903e-9bde6cd56b0b" executionId="276688e4-da42-4d4b-b31c-9bc35b490aa8" testListId="5c826137-18f7-4c07-b810-ed78d37cce02" />
    <TestEntry testId="643f7ea2-655d-4044-bcb0-c882bb2977f5" executionId="e3526b4f-a3b5-42b6-b639-5fd0ff98190f" testListId="5c826137-18f7-4c07-b810-ed78d37cce02" />
    <TestEntry testId="e04723e1-a924-4cad-9d87-7cd84daacdfb" executionId="595b70b6-0ea4-45bb-bb3d-18eaa6b8107d" testListId="5c826137-18f7-4c07-b810-ed78d37cce02" />
    <TestEntry testId="d9784f8e-43a4-479f-bd03-8456595427b1" executionId="a305c7dd-0600-48d4-a172-6e5f0d0d4422" testListId="5c826137-18f7-4c07-b810-ed78d37cce02" />
    <TestEntry testId="ffdd6490-2a19-4c29-a68a-22fd85d4d437" executionId="cc8c056f-fbc9-4d0e-8255-f5c8367ac4a3" testListId="5c826137-18f7-4c07-b810-ed78d37cce02" />
    <TestEntry testId="d354ed73-b540-472b-b521-ce8d8af99339" executionId="fcc54bda-0328-48cb-957e-6f42af751cba" testListId="5c826137-18f7-4c07-b810-ed78d37cce02" />
    <TestEntry testId="ca901494-309d-4cd1-b67e-24a59f9b3b19" executionId="74718c21-a275-407d-a834-c4bb986fdd3c" testListId="5c826137-18f7-4c07-b810-ed78d37cce02" />
    <TestEntry testId="414a2dc7-c5e6-4c72-97d9-0abf962fad04" executionId="a42e95af-5bd1-4f9f-b51c-d4402069b234" testListId="5c826137-18f7-4c07-b810-ed78d37cce02" />
    <TestEntry testId="036dc24b-d0dd-4826-98a1-8764fdbe4fbb" executionId="1e21a88d-5cc6-49c9-97d3-073b2e798136" testListId="5c826137-18f7-4c07-b810-ed78d37cce02" />
    <TestEntry testId="61eec53c-87aa-4e04-afa4-bdeeccc2df3c" executionId="234daa89-f836-4660-a5d1-882de1a2c348" testListId="5c826137-18f7-4c07-b810-ed78d37cce02" />
    <TestEntry testId="1013cfc5-3c86-4ff6-a930-6cc2017257ed" executionId="00c62e0c-4648-4770-98da-93873003b70b" testListId="5c826137-18f7-4c07-b810-ed78d37cce02" />
    <TestEntry testId="e735195a-ef43-463e-a146-a250ed1c4ccf" executionId="35ab3a66-bca8-4269-b8cd-b27ef36869f9" testListId="5c826137-18f7-4c07-b810-ed78d37cce02" />
    <TestEntry testId="5762d3bf-7381-4e52-9a03-d466042fc3c8" executionId="f0bcc815-cb1f-4238-8798-679c64c15066" testListId="5c826137-18f7-4c07-b810-ed78d37cce02" />
    <TestEntry testId="64f544c5-fce0-4338-aaf9-eb74d361c14e" executionId="46abc880-c9db-414b-b9d3-019ca1f674ab" testListId="5c826137-18f7-4c07-b810-ed78d37cce02" />
    <TestEntry testId="4d924e6e-a107-4d4f-8866-66893e678595" executionId="fdb5b2af-bd4f-4a09-87e3-ce5a3bfa0860" testListId="5c826137-18f7-4c07-b810-ed78d37cce02" />
    <TestEntry testId="ad0cd0e2-0916-4bdf-8570-3f1e1da0177b" executionId="0e9e2ce6-2a28-410b-a9dc-be8cd78b2ed1" testListId="5c826137-18f7-4c07-b810-ed78d37cce02" />
    <TestEntry testId="e32fe89a-5930-495c-be35-a4cb12a89e7b" executionId="3ef4c8f7-f3a1-4a02-ade5-bd0c2a51a027" testListId="5c826137-18f7-4c07-b810-ed78d37cce02" />
    <TestEntry testId="754bf143-b03e-41f7-bc4b-0393a33203f3" executionId="fa0ad4b0-ba9e-42cc-b866-e7f00b542e1b" testListId="5c826137-18f7-4c07-b810-ed78d37cce02" />
    <TestEntry testId="1f10e2e7-ab05-409e-8a58-d77c00cd07ec" executionId="e8288556-6b7d-4063-8214-b26037cfbd24" testListId="5c826137-18f7-4c07-b810-ed78d37cce02" />
    <TestEntry testId="dc4408fb-8edb-4c8f-9cf6-7beb6f766e4d" executionId="738c91a7-96c2-4141-99a9-cbb179b3dbd8" testListId="5c826137-18f7-4c07-b810-ed78d37cce02" />
    <TestEntry testId="1bcfa1db-40c8-4bc4-8386-bca2c6ab9528" executionId="dc885f3f-3adc-40af-9c6d-ad81c782c1c3" testListId="5c826137-18f7-4c07-b810-ed78d37cce02" />
    <TestEntry testId="a5f36b1a-cbdd-427f-8614-7db16c7827e1" executionId="4779c20e-7262-443d-8dc8-91e6ab2f8bc0" testListId="5c826137-18f7-4c07-b810-ed78d37cce02" />
    <TestEntry testId="392d99e6-6014-43f7-8266-ca87b247e9dd" executionId="7ee7e7b8-92eb-464b-b3bb-5dd2019488d5" testListId="5c826137-18f7-4c07-b810-ed78d37cce02" />
    <TestEntry testId="a760ea08-9ab9-4d23-ae83-1b3cecf63f12" executionId="09b1e204-b8ce-46c8-907d-23da383d4f80" testListId="5c826137-18f7-4c07-b810-ed78d37cce02" />
    <TestEntry testId="1f980129-a6f6-4221-abea-db9dd3752f62" executionId="d6111e0c-2cf3-40aa-b072-02b75d66b0e4" testListId="5c826137-18f7-4c07-b810-ed78d37cce02" />
    <TestEntry testId="1960da8a-3344-49d7-a3d7-d22ef702ca1f" executionId="7dc2061d-c553-4080-8f1b-35959347a4a0" testListId="5c826137-18f7-4c07-b810-ed78d37cce02" />
    <TestEntry testId="d3d05498-b4f3-46fc-9bbd-5ec374d5a341" executionId="61ea81c5-a12c-4ca9-b3f3-a213b5cea28c" testListId="5c826137-18f7-4c07-b810-ed78d37cce02" />
    <TestEntry testId="28af4104-1324-43ea-8a0b-e0fd2aaf198e" executionId="cd84b5f7-10e2-4dc8-a815-77d2d8ed1c38" testListId="5c826137-18f7-4c07-b810-ed78d37cce02" />
    <TestEntry testId="1bba9a8c-24f0-43f3-99c5-92293510cb28" executionId="e14fdd19-361e-4a54-b66d-a0603840f98c" testListId="5c826137-18f7-4c07-b810-ed78d37cce02" />
    <TestEntry testId="ab7bf9d0-9cb4-4591-869d-2def6b450e59" executionId="9a29169d-5520-424f-a785-25f3de9f25f4" testListId="5c826137-18f7-4c07-b810-ed78d37cce02" />
    <TestEntry testId="da81c930-f3f9-4f23-a3ca-cd705b57ff00" executionId="f1923e73-0787-4119-837b-0fa0f01cbf42" testListId="5c826137-18f7-4c07-b810-ed78d37cce02" />
    <TestEntry testId="0080e56f-bd6d-442f-a5dd-a1388d460b0e" executionId="c71779d1-39ad-4fc8-afb7-42fd4e036989" testListId="5c826137-18f7-4c07-b810-ed78d37cce02" />
    <TestEntry testId="50cfc5a6-e29a-472b-9300-96762789677b" executionId="dcd4f519-0e04-4889-9d00-4885dc1bfc91" testListId="5c826137-18f7-4c07-b810-ed78d37cce02" />
    <TestEntry testId="92506fa2-8ea2-4e83-aed0-bbf0d4b599c4" executionId="402d0675-fe61-469a-bea9-43e5fc28d1e1" testListId="5c826137-18f7-4c07-b810-ed78d37cce02" />
    <TestEntry testId="d3c02a0a-adf2-4e9e-b64f-1e6fc70a2eaf" executionId="ce4a0d03-ac6f-4faa-9638-c56d7536dc0e" testListId="5c826137-18f7-4c07-b810-ed78d37cce02" />
    <TestEntry testId="0eee3879-5c79-4250-ac6f-2a5feb36b1cd" executionId="0b1485c3-8470-4251-8552-b4e8936d18c4" testListId="5c826137-18f7-4c07-b810-ed78d37cce02" />
    <TestEntry testId="26827baf-0869-4bd1-be49-0e1a22db309a" executionId="41cccb3e-ade1-434d-9157-7f1c14ad4bab" testListId="5c826137-18f7-4c07-b810-ed78d37cce02" />
    <TestEntry testId="6f22e68d-c842-457e-8e3b-68ab78aede4d" executionId="dded094a-49a6-4a8d-904a-9a01acdf357a" testListId="5c826137-18f7-4c07-b810-ed78d37cce02" />
    <TestEntry testId="9c555af0-6b14-4bf5-bced-39c9ddca6d06" executionId="aa489bd8-3650-4abf-acff-240a1afd700d" testListId="5c826137-18f7-4c07-b810-ed78d37cce02" />
    <TestEntry testId="6d1ffaf3-35bf-4b8d-9f4f-382f6dfafe3d" executionId="c752ea30-10d4-4026-9a4b-37372e323e8d" testListId="5c826137-18f7-4c07-b810-ed78d37cce02" />
    <TestEntry testId="2da44b65-33ea-47a2-a3da-5256d0cc8956" executionId="799bf8ca-a09a-44d8-99b6-189ebad22edb" testListId="5c826137-18f7-4c07-b810-ed78d37cce02" />
    <TestEntry testId="b7700a1f-3175-4820-95c4-d5fc9716884c" executionId="346454f2-72be-4b60-9672-7e68b9427861" testListId="5c826137-18f7-4c07-b810-ed78d37cce02" />
    <TestEntry testId="83ebd6c1-1708-44c7-9053-97f02ec36304" executionId="b333354b-042b-4581-a640-ea748b23eb50" testListId="5c826137-18f7-4c07-b810-ed78d37cce02" />
    <TestEntry testId="a220e88e-2129-4723-aff6-c61cd1f442b4" executionId="a73dbda9-59f0-4dd6-965f-7fbd81c1c341" testListId="5c826137-18f7-4c07-b810-ed78d37cce02" />
    <TestEntry testId="ecc6a242-c41d-4998-afc0-a87cc8ea1b20" executionId="3afe4173-1f37-45bc-8cd6-0a678bada43d" testListId="5c826137-18f7-4c07-b810-ed78d37cce02" />
    <TestEntry testId="4f639561-4696-4c91-9e01-30f501075398" executionId="44998915-d544-4dca-9c9f-bf62c714bcb5" testListId="5c826137-18f7-4c07-b810-ed78d37cce02" />
    <TestEntry testId="d0e43218-544b-4990-998a-4b54f2305539" executionId="9531d54a-29b6-4009-8cb6-97425cf7e3e7" testListId="5c826137-18f7-4c07-b810-ed78d37cce02" />
    <TestEntry testId="601f1c70-41e6-4d7b-a010-2118deb31d45" executionId="afb67598-2da8-4afa-b06c-a7d31cb74d40" testListId="5c826137-18f7-4c07-b810-ed78d37cce02" />
    <TestEntry testId="380a39b2-3efd-48f5-ba91-9af7b8492240" executionId="539896da-4ae0-4af2-b386-d8026a39f052" testListId="5c826137-18f7-4c07-b810-ed78d37cce02" />
    <TestEntry testId="7c2bfeae-ae4e-473d-89eb-fbd35b763903" executionId="4aa0a823-83f8-4ecf-aa40-974a1f3d53d4" testListId="5c826137-18f7-4c07-b810-ed78d37cce02" />
    <TestEntry testId="5b18ceda-263d-433e-8e24-72a7d5017b7c" executionId="5cb697d4-59fd-4a30-b804-d28fc5a2d200" testListId="5c826137-18f7-4c07-b810-ed78d37cce02" />
    <TestEntry testId="4d914bba-d179-4b1e-b4d6-a66be5c40d29" executionId="2f7243e7-d36e-49b8-8bc5-978c21ee9eb9" testListId="5c826137-18f7-4c07-b810-ed78d37cce02" />
    <TestEntry testId="b5802b31-de9d-470d-9aee-90f674e5ad7f" executionId="7e00c8b5-cf2a-42a5-bf75-c4081f62c6a4" testListId="5c826137-18f7-4c07-b810-ed78d37cce02" />
    <TestEntry testId="0a5e6cf3-5b58-4880-98dc-0817150426bd" executionId="6ca65b71-21b6-4f7a-aa93-09572eaa4447" testListId="5c826137-18f7-4c07-b810-ed78d37cce02" />
    <TestEntry testId="bc930d83-dc1e-4c5a-9b41-c7c39a062cd7" executionId="27f0e7f0-9d04-498a-8459-a8aa22a3f452" testListId="5c826137-18f7-4c07-b810-ed78d37cce02" />
    <TestEntry testId="9f0e867c-4663-4236-8f74-c59ec4fe350c" executionId="6a8e9ad8-c2e6-480c-8e1c-a7ac11667fd5" testListId="5c826137-18f7-4c07-b810-ed78d37cce02" />
    <TestEntry testId="d18f7059-2e5f-4045-bdf4-6b67cd820c23" executionId="a534dd0e-afdd-4fb9-aa16-3f7835af5437" testListId="5c826137-18f7-4c07-b810-ed78d37cce02" />
    <TestEntry testId="ddbbb2dd-bfe3-4289-bd31-3217dec4a64d" executionId="5b82b558-95c5-4f11-b9e6-ff3ee928d5c1" testListId="5c826137-18f7-4c07-b810-ed78d37cce02" />
    <TestEntry testId="04a47c4c-6fcb-4a68-aa65-d337e918d203" executionId="bd6dd405-d80e-440b-911e-162844ff6dd8" testListId="5c826137-18f7-4c07-b810-ed78d37cce02" />
    <TestEntry testId="d8f185fe-491d-41a3-bdef-c0d3b922d6cb" executionId="1c9cb5c1-8acc-4005-8e02-f626b7489642" testListId="5c826137-18f7-4c07-b810-ed78d37cce02" />
    <TestEntry testId="f75d1845-7c88-4d5d-bf6c-f50081b7aede" executionId="fbe624cb-82b8-408a-8f25-15a9e1dc3712" testListId="5c826137-18f7-4c07-b810-ed78d37cce02" />
    <TestEntry testId="bd9d0e10-5b87-4fcb-a0fd-de915f4f4937" executionId="be055d97-4970-413b-816f-b06693f4f51a" testListId="5c826137-18f7-4c07-b810-ed78d37cce02" />
    <TestEntry testId="d7316565-11b8-4d9c-ba72-d2693702fdc8" executionId="a0afd076-6c04-43c1-831d-b7b4ed749241" testListId="5c826137-18f7-4c07-b810-ed78d37cce02" />
    <TestEntry testId="10f8ea63-26d6-47fc-8740-e4c5ec67c943" executionId="634d5e06-6668-44d4-a842-6a6e0212561f" testListId="5c826137-18f7-4c07-b810-ed78d37cce02" />
    <TestEntry testId="9820b446-5466-495c-b7ef-1a82b605c7af" executionId="2c2eb0c7-2336-44e7-aadb-95f01386b090" testListId="5c826137-18f7-4c07-b810-ed78d37cce02" />
    <TestEntry testId="2d079f3c-da6d-42fa-bd3d-e4d2eda15d98" executionId="16cf811b-322a-4740-a631-486f8badbd11" testListId="5c826137-18f7-4c07-b810-ed78d37cce02" />
    <TestEntry testId="5fd029a2-a66f-4981-b4df-425f2587f9db" executionId="dfd601bf-61bc-46ab-88ed-6d06162de104" testListId="5c826137-18f7-4c07-b810-ed78d37cce02" />
    <TestEntry testId="00dfb286-7ebc-43d4-888a-f0336c2abf29" executionId="bd5793f4-5213-409e-855c-5e313a46ebe9" testListId="5c826137-18f7-4c07-b810-ed78d37cce02" />
    <TestEntry testId="8b57ba98-1440-44dc-b21b-4076dc552e61" executionId="a6912437-18ff-40ce-a21e-76ad2ed8372d" testListId="5c826137-18f7-4c07-b810-ed78d37cce02" />
    <TestEntry testId="dbe23a26-bf8f-4a74-9dc3-36d065e82187" executionId="3595a15c-6f91-4025-8ac6-141ae4f2e22d" testListId="5c826137-18f7-4c07-b810-ed78d37cce02" />
    <TestEntry testId="7e08ea17-2c31-45aa-9a6b-89829c9196ff" executionId="20e1a331-5b3f-4184-8498-c63656af8c99" testListId="5c826137-18f7-4c07-b810-ed78d37cce02" />
  </TestEntries>
  <TestLists>
    <TestList name="Results Not in a List" id="5c826137-18f7-4c07-b810-ed78d37cce02" />
    <TestList name="All Loaded Results" id="cd6cab6a-caed-4275-85f7-642086428f72" />
  </TestLists>
</TestRun>